[05-01-2018] [09:13:40] : PROGRAM START
[05-01-2018] [09:13:40] : Loading of library 'Orbit_IF.dll' Failed 
[05-01-2018] [09:14:23] : PROGRAM END
 
[05-01-2018] [10:00:11] : PROGRAM START
[05-01-2018] [10:00:12] : Loading of library 'Orbit_IF.dll' Failed 
[05-01-2018] [10:02:36] : Plc Error Timer
[05-01-2018] [10:02:45] : Plc Error Timer
[05-01-2018] [10:02:48] : PROGRAM END
 
[05-01-2018] [10:04:02] : PROGRAM START
[05-01-2018] [10:04:02] : Loading of library 'Orbit_IF.dll' Failed 
[05-01-2018] [10:04:35] : Plc Error Timer
[05-01-2018] [10:04:36] : PROGRAM END
 
[05-01-2018] [10:05:41] : PROGRAM START
[05-01-2018] [10:05:42] : Loading of library 'Orbit_IF.dll' Failed 
[05-01-2018] [10:05:53] : PROGRAM END
 
[05-01-2018] [10:07:38] : PROGRAM START
[05-01-2018] [10:07:39] : Loading of library 'Orbit_IF.dll' Failed 
[05-01-2018] [10:08:06] : PROGRAM END
 
[05-01-2018] [10:14:05] : PROGRAM START
[05-01-2018] [10:14:06] : Loading of library 'Orbit_IF.dll' Failed 
[05-01-2018] [10:14:12] : Plc Error Timer
[05-01-2018] [10:14:22] : Plc Error Timer
[05-01-2018] [10:14:23] : PROGRAM END
 
[05-01-2018] [10:15:17] : PROGRAM START
[05-01-2018] [10:15:17] : Loading of library 'Orbit_IF.dll' Failed 
[05-01-2018] [10:15:27] : PROGRAM END
 
[05-01-2018] [10:15:50] : PROGRAM START
[05-01-2018] [10:15:50] : Loading of library 'Orbit_IF.dll' Failed 
[05-01-2018] [10:17:00] : PROGRAM END
 
[05-01-2018] [10:19:16] : PROGRAM START
[05-01-2018] [10:19:20] : Loading of library 'Orbit_IF.dll' Failed 
[05-01-2018] [10:19:38] : Plc Error Timer
[05-01-2018] [10:19:40] : PROGRAM END
 
[05-01-2018] [10:20:09] : PROGRAM START
[05-01-2018] [10:20:12] : Loading of library 'Orbit_IF.dll' Failed 
[05-01-2018] [10:21:49] : PROGRAM END
 
[05-01-2018] [10:23:10] : PROGRAM START
[05-01-2018] [10:23:18] : Loading of library 'Orbit_IF.dll' Failed 
[05-01-2018] [10:23:55] : PROGRAM END
 
[05-01-2018] [10:35:45] : PROGRAM START
[05-01-2018] [10:35:47] : Loading of library 'Orbit_IF.dll' Failed 
[05-01-2018] [10:36:20] : Plc Error Timer
[05-01-2018] [10:36:32] : Plc Error Timer
[05-01-2018] [10:36:40] : PROGRAM END
 
[05-01-2018] [10:39:27] : PROGRAM START
[05-01-2018] [10:39:27] : Loading of library 'Orbit_IF.dll' Failed 
[05-01-2018] [10:39:41] : PROGRAM END
 
[05-01-2018] [10:40:31] : PROGRAM START
[05-01-2018] [10:40:32] : Loading of library 'Orbit_IF.dll' Failed 
[05-01-2018] [10:40:58] : Plc Error Timer
[05-01-2018] [10:42:31] : Plc Error Timer
[05-01-2018] [10:43:25] : Plc Error Timer
[05-01-2018] [10:43:41] : Plc Error Timer
[05-01-2018] [10:44:06] : Plc Error Timer
[05-01-2018] [10:44:17] : Plc Error Timer
[05-01-2018] [10:44:22] : PROGRAM END
 
[05-01-2018] [10:51:21] : PROGRAM START
[05-01-2018] [10:51:22] : Loading of library 'Orbit_IF.dll' Failed 
[05-01-2018] [10:51:34] : PROGRAM END
 
[05-01-2018] [10:52:05] : PROGRAM START
[05-01-2018] [10:52:05] : Loading of library 'Orbit_IF.dll' Failed 
[05-01-2018] [10:52:49] : PROGRAM END
 
[05-01-2018] [11:02:26] : PROGRAM START
[05-01-2018] [11:02:26] : Loading of library 'Orbit_IF.dll' Failed 
[05-01-2018] [11:02:42] : PROGRAM END
 
[05-01-2018] [11:21:52] : PROGRAM START
[05-01-2018] [11:21:52] : Loading of library 'Orbit_IF.dll' Failed 
[05-01-2018] [11:22:08] : PROGRAM END
 
[05-01-2018] [11:25:21] : PROGRAM START
[05-01-2018] [11:25:22] : Loading of library 'Orbit_IF.dll' Failed 
[05-01-2018] [11:25:33] : PROGRAM END
 
[05-01-2018] [11:26:15] : PROGRAM START
[05-01-2018] [11:26:16] : Loading of library 'Orbit_IF.dll' Failed 
[05-01-2018] [11:26:33] : Plc Error Timer
[05-01-2018] [11:26:50] : Plc Error Timer
[05-01-2018] [11:26:54] : PROGRAM END
 
[05-01-2018] [11:27:29] : PROGRAM START
[05-01-2018] [11:27:30] : Loading of library 'Orbit_IF.dll' Failed 
[05-01-2018] [11:27:45] : Plc Error Timer
[05-01-2018] [11:27:48] : PROGRAM END
 
[05-01-2018] [11:27:55] : PROGRAM START
[05-01-2018] [11:27:56] : Loading of library 'Orbit_IF.dll' Failed 
[05-01-2018] [11:28:10] : Plc Error Timer
[05-01-2018] [11:28:22] : Plc Error Timer
[05-01-2018] [11:28:46] : PROGRAM END
 
[05-01-2018] [11:28:53] : PROGRAM START
[05-01-2018] [11:28:53] : Loading of library 'Orbit_IF.dll' Failed 
[05-01-2018] [11:29:09] : PROGRAM END
 
[05-01-2018] [11:30:09] : PROGRAM START
[05-01-2018] [11:30:10] : Loading of library 'Orbit_IF.dll' Failed 
[05-01-2018] [11:30:24] : Plc Error Timer
[05-01-2018] [11:30:48] : PROGRAM END
 
[05-01-2018] [11:31:00] : PROGRAM START
[05-01-2018] [11:31:00] : Loading of library 'Orbit_IF.dll' Failed 
[05-01-2018] [11:31:13] : Plc Error Timer
[05-01-2018] [11:31:23] : Plc Error Timer
[05-01-2018] [11:31:35] : PROGRAM END
 
[05-01-2018] [11:31:44] : PROGRAM START
[05-01-2018] [11:31:44] : Loading of library 'Orbit_IF.dll' Failed 
[05-01-2018] [11:31:51] : Plc Error Timer
[05-01-2018] [11:32:09] : PROGRAM END
 
[05-01-2018] [11:35:43] : PROGRAM START
[05-01-2018] [11:35:44] : Loading of library 'Orbit_IF.dll' Failed 
[05-01-2018] [11:36:12] : PROGRAM END
 
[05-01-2018] [11:43:29] : PROGRAM START
[05-01-2018] [11:43:29] : Loading of library 'Orbit_IF.dll' Failed 
[05-01-2018] [11:43:44] : Plc Error Timer
[05-01-2018] [11:43:52] : PROGRAM END
 
[05-01-2018] [11:46:02] : PROGRAM START
[05-01-2018] [11:46:02] : Loading of library 'Orbit_IF.dll' Failed 
[05-01-2018] [11:46:20] : PROGRAM END
 
[05-01-2018] [11:47:58] : PROGRAM START
[05-01-2018] [11:47:59] : Loading of library 'Orbit_IF.dll' Failed 
[05-01-2018] [11:48:15] : Plc Error Timer
[05-01-2018] [11:48:28] : PROGRAM END
 
[05-01-2018] [11:49:49] : PROGRAM START
[05-01-2018] [11:49:49] : Loading of library 'Orbit_IF.dll' Failed 
 
[05-01-2018] [11:50:05] : PROGRAM END
 
[05-01-2018] [12:06:46] : PROGRAM START
[05-01-2018] [12:06:47] : Loading of library 'Orbit_IF.dll' Failed 
[05-01-2018] [12:08:06] : PROGRAM END
 
[05-01-2018] [12:09:30] : PROGRAM START
[05-01-2018] [12:09:31] : Loading of library 'Orbit_IF.dll' Failed 
[05-01-2018] [12:09:37] : Plc Error Timer
[05-01-2018] [12:09:52] : PROGRAM END
 
[05-01-2018] [12:11:20] : PROGRAM START
[05-01-2018] [12:11:20] : load project PLC
[05-01-2018] [12:11:20] : Loading of library 'Orbit_IF.dll' Failed 
[05-01-2018] [12:11:39] : PROGRAM END
 
[05-01-2018] [14:25:32] : PROGRAM START
[05-01-2018] [14:25:32] : load project PLC
[05-01-2018] [14:25:33] : Loading of library 'Orbit_IF.dll' Failed 
[05-01-2018] [14:26:18] : Plc Error Timer
[05-01-2018] [14:26:46] : PROGRAM END
 
[05-01-2018] [14:26:53] : PROGRAM START
[05-01-2018] [14:26:53] : load project PLC
[05-01-2018] [14:26:54] : Loading of library 'Orbit_IF.dll' Failed 
[05-01-2018] [14:27:12] : PROGRAM END
 
[05-01-2018] [14:27:23] : PROGRAM START
[05-01-2018] [14:27:23] : load project PLC
[05-01-2018] [14:27:24] : Loading of library 'Orbit_IF.dll' Failed 
[05-01-2018] [14:27:37] : Plc Error Timer
[05-01-2018] [14:28:08] : Plc Error Timer
[05-01-2018] [14:28:29] : Plc Error Timer
[05-01-2018] [14:29:00] : PROGRAM END
 
[05-01-2018] [14:32:24] : PROGRAM START
[05-01-2018] [14:32:24] : load project PLC
[05-01-2018] [14:32:25] : Loading of library 'Orbit_IF.dll' Failed 
[05-01-2018] [14:32:36] : Plc Error Timer
[05-01-2018] [14:32:51] : PROGRAM END
 
[05-01-2018] [14:35:15] : PROGRAM START
[05-01-2018] [14:35:15] : load project PLC
[05-01-2018] [14:35:15] : Loading of library 'Orbit_IF.dll' Failed 
[05-01-2018] [14:35:28] : Plc Error Timer
[05-01-2018] [14:35:55] : Plc Error Timer
[05-01-2018] [14:35:57] : PROGRAM END
 
[05-01-2018] [14:36:40] : PROGRAM START
[05-01-2018] [14:36:40] : load project PLC
[05-01-2018] [14:36:40] : Loading of library 'Orbit_IF.dll' Failed 
[05-01-2018] [14:36:47] : PROGRAM END
 
[05-01-2018] [14:37:30] : PROGRAM START
[05-01-2018] [14:37:30] : load project PLC
[05-01-2018] [14:37:31] : Loading of library 'Orbit_IF.dll' Failed 
[05-01-2018] [14:38:31] : PROGRAM END
 
[05-01-2018] [14:41:24] : PROGRAM START
[05-01-2018] [14:41:24] : load project PLC
[05-01-2018] [14:41:25] : Loading of library 'Orbit_IF.dll' Failed 
[05-01-2018] [14:41:37] : Plc Error Timer
[05-01-2018] [14:42:04] : PROGRAM END
 
[05-01-2018] [14:46:58] : PROGRAM START
[05-01-2018] [14:46:58] : load project PLC
[05-01-2018] [14:46:58] : Loading of library 'Orbit_IF.dll' Failed 
[05-01-2018] [14:47:35] : Plc Error Timer
[05-01-2018] [14:48:15] : PROGRAM END
 
[05-01-2018] [14:49:01] : PROGRAM START
[05-01-2018] [14:49:01] : load project PLC
[05-01-2018] [14:49:02] : Loading of library 'Orbit_IF.dll' Failed 
[05-01-2018] [14:49:17] : Plc Error Timer
[05-01-2018] [14:49:19] : PROGRAM END
 
[05-01-2018] [15:00:40] : PROGRAM START
[05-01-2018] [15:00:40] : load project PLC
[05-01-2018] [15:00:41] : Loading of library 'Orbit_IF.dll' Failed 
[05-01-2018] [15:00:45] : PROGRAM END
 
[05-01-2018] [15:03:49] : PROGRAM START
[05-01-2018] [15:03:49] : load project PLC
[05-01-2018] [15:03:50] : Loading of library 'Orbit_IF.dll' Failed 
[05-01-2018] [15:04:01] : PROGRAM END
 
[05-01-2018] [15:04:32] : PROGRAM START
[05-01-2018] [15:04:32] : load project PLC
[05-01-2018] [15:04:32] : Loading of library 'Orbit_IF.dll' Failed 
[05-01-2018] [15:05:58] : PROGRAM END
 
[05-01-2018] [15:06:04] : PROGRAM START
[05-01-2018] [15:06:04] : load project PLC
[05-01-2018] [15:06:05] : Loading of library 'Orbit_IF.dll' Failed 
[05-01-2018] [15:06:11] : Plc Error Timer
[05-01-2018] [15:06:53] : PROGRAM END
 
[05-01-2018] [15:10:28] : PROGRAM START
[05-01-2018] [15:10:28] : load project PLC
[05-01-2018] [15:10:29] : Loading of library 'Orbit_IF.dll' Failed 
[05-01-2018] [15:15:29] : Plc Error Timer
[05-01-2018] [15:15:43] : PROGRAM END
 
[05-01-2018] [15:18:09] : PROGRAM START
[05-01-2018] [15:18:09] : load project PLC
[05-01-2018] [15:18:10] : Loading of library 'Orbit_IF.dll' Failed 
[05-01-2018] [15:18:24] : Plc Error Timer
[05-01-2018] [15:19:25] : PROGRAM END
 
