[06-22-2018] [09:10:59] : PROGRAM START
[06-22-2018] [09:11:17] : REQUEST ZEROSET ON
[06-22-2018] [09:11:24] : REQUEST ZEROSET OFF
[06-22-2018] [09:11:44] : REQUEST ZEROSET ON
[06-22-2018] [09:11:49] : REQUEST ZEROSET OFF
[06-22-2018] [09:12:08] : REQUEST ZEROSET ON
[06-22-2018] [09:12:14] : REQUEST ZEROSET OFF
[06-22-2018] [09:13:10] : REQUEST ZEROSET ON
[06-22-2018] [09:13:16] : REQUEST ZEROSET OFF
[06-22-2018] [09:13:34] : REQUEST ZEROSET ON
[06-22-2018] [09:13:40] : REQUEST ZEROSET OFF
[06-22-2018] [09:13:59] : REQUEST ZEROSET ON
[06-22-2018] [09:14:05] : REQUEST ZEROSET OFF
[06-22-2018] [09:14:24] : REQUEST ZEROSET ON
[06-22-2018] [09:14:30] : REQUEST ZEROSET OFF
[06-22-2018] [09:14:51] : MEAS ON 2
[06-22-2018] [09:14:57] : MEAS 2OFF
[06-22-2018] [09:15:16] : MEAS ON 2
[06-22-2018] [09:15:22] : MEAS 2OFF
[06-22-2018] [09:15:39] : MEAS ON 2
[06-22-2018] [09:15:45] : MEAS 2OFF
[06-22-2018] [09:16:05] : MEAS ON 2
[06-22-2018] [09:16:11] : MEAS 2OFF
[06-22-2018] [09:16:30] : MEAS ON 2
[06-22-2018] [09:16:36] : MEAS 2OFF
[06-22-2018] [09:16:58] : MEAS ON 2
[06-22-2018] [09:17:04] : MEAS 2OFF
[06-22-2018] [09:17:22] : MEAS ON 2
[06-22-2018] [09:17:28] : MEAS 2OFF
[06-22-2018] [09:17:46] : MEAS ON 2
[06-22-2018] [09:17:51] : MEAS 2OFF
[06-22-2018] [09:18:11] : MEAS ON 2
[06-22-2018] [09:18:17] : MEAS 2OFF
[06-22-2018] [09:18:34] : MEAS ON 2
[06-22-2018] [09:18:40] : MEAS 2OFF
[06-22-2018] [09:18:56] : MEAS ON 2
[06-22-2018] [09:19:02] : MEAS 2OFF
[06-22-2018] [09:19:21] : MEAS ON 2
[06-22-2018] [09:19:27] : MEAS 2OFF
[06-22-2018] [09:19:43] : MEAS ON 2
[06-22-2018] [09:19:49] : MEAS 2OFF
[06-22-2018] [09:20:09] : MEAS ON 2
[06-22-2018] [09:20:15] : MEAS 2OFF
[06-22-2018] [09:20:32] : MEAS ON 2
[06-22-2018] [09:20:38] : MEAS 2OFF
[06-22-2018] [09:21:09] : MEAS ON 2
[06-22-2018] [09:21:14] : MEAS 2OFF
[06-22-2018] [09:21:33] : MEAS ON 2
[06-22-2018] [09:21:39] : MEAS 2OFF
[06-22-2018] [09:21:56] : MEAS ON 2
[06-22-2018] [09:22:01] : MEAS 2OFF
[06-22-2018] [09:22:21] : MEAS ON 2
[06-22-2018] [09:22:27] : MEAS 2OFF
[06-22-2018] [09:22:43] : MEAS ON 2
[06-22-2018] [09:22:49] : MEAS 2OFF
[06-22-2018] [09:23:08] : MEAS ON 2
[06-22-2018] [09:23:14] : MEAS 2OFF
[06-22-2018] [09:23:32] : MEAS ON 2
[06-22-2018] [09:23:38] : MEAS 2OFF
[06-22-2018] [09:23:54] : MEAS ON 2
[06-22-2018] [09:24:00] : MEAS 2OFF
[06-22-2018] [09:24:19] : MEAS ON 2
[06-22-2018] [09:24:25] : MEAS 2OFF
[06-22-2018] [09:24:41] : MEAS ON 2
[06-22-2018] [09:24:47] : MEAS 2OFF
[06-22-2018] [09:25:07] : MEAS ON 2
[06-22-2018] [09:25:13] : MEAS 2OFF
[06-22-2018] [09:25:30] : MEAS ON 2
[06-22-2018] [09:25:36] : MEAS 2OFF
[06-22-2018] [09:25:51] : MEAS ON 2
[06-22-2018] [09:25:57] : MEAS 2OFF
[06-22-2018] [09:26:16] : PROGRAM END
 
[06-22-2018] [09:26:20] : PROGRAM START
[06-22-2018] [09:26:45] : MEAS ON 2
[06-22-2018] [09:26:51] : MEAS 2OFF
[06-22-2018] [09:27:22] : MEAS ON 2
[06-22-2018] [09:27:28] : MEAS 2OFF
[06-22-2018] [09:27:49] : MEAS ON 2
[06-22-2018] [09:27:54] : MEAS 2OFF
[06-22-2018] [09:28:13] : MEAS ON 2
[06-22-2018] [09:28:18] : MEAS 2OFF
[06-22-2018] [09:28:34] : MEAS ON 2
[06-22-2018] [09:28:39] : MEAS 2OFF
[06-22-2018] [09:28:59] : MEAS ON 2
[06-22-2018] [09:29:05] : MEAS 2OFF
[06-22-2018] [09:29:22] : MEAS ON 2
[06-22-2018] [09:29:27] : MEAS 2OFF
[06-22-2018] [09:29:48] : MEAS ON 2
[06-22-2018] [09:29:54] : MEAS 2OFF
[06-22-2018] [09:30:12] : MEAS ON 2
[06-22-2018] [09:30:17] : MEAS 2OFF
[06-22-2018] [09:30:34] : MEAS ON 2
[06-22-2018] [09:30:40] : MEAS 2OFF
[06-22-2018] [09:30:53] : PROGRAM END
 
[06-22-2018] [09:43:53] : PROGRAM START
[06-22-2018] [09:43:59] : PROGRAM END
 
[06-22-2018] [09:44:17] : PROGRAM START
[06-22-2018] [09:45:39] : MEAS ON 2
[06-22-2018] [09:45:45] : MEAS 2OFF
[06-22-2018] [09:46:03] : MEAS ON 2
[06-22-2018] [09:46:09] : MEAS 2OFF
[06-22-2018] [09:46:29] : MEAS ON 2
[06-22-2018] [09:46:34] : MEAS 2OFF
[06-22-2018] [09:46:52] : MEAS ON 2
[06-22-2018] [09:46:58] : MEAS 2OFF
[06-22-2018] [09:47:21] : REQUEST ZEROSET ON
[06-22-2018] [09:47:27] : REQUEST ZEROSET OFF
[06-22-2018] [09:47:46] : REQUEST ZEROSET ON
[06-22-2018] [09:47:52] : REQUEST ZEROSET OFF
[06-22-2018] [09:48:10] : REQUEST ZEROSET ON
[06-22-2018] [09:48:15] : REQUEST ZEROSET OFF
[06-22-2018] [09:48:36] : REQUEST ZEROSET ON
[06-22-2018] [09:48:42] : REQUEST ZEROSET OFF
[06-22-2018] [09:49:02] : REQUEST ZEROSET ON
[06-22-2018] [09:49:08] : REQUEST ZEROSET OFF
[06-22-2018] [09:49:32] : MEAS ON 2
[06-22-2018] [09:49:38] : MEAS 2OFF
[06-22-2018] [09:49:58] : MEAS ON 2
[06-22-2018] [09:50:04] : MEAS 2OFF
[06-22-2018] [09:50:21] : MEAS ON 2
[06-22-2018] [09:50:26] : MEAS 2OFF
[06-22-2018] [09:50:47] : MEAS ON 2
[06-22-2018] [09:50:52] : MEAS 2OFF
[06-22-2018] [09:51:11] : MEAS ON 2
[06-22-2018] [09:51:16] : MEAS 2OFF
[06-22-2018] [09:51:32] : MEAS ON 2
[06-22-2018] [09:51:39] : MEAS 2OFF
[06-22-2018] [09:52:00] : MEAS ON 2
[06-22-2018] [09:52:06] : MEAS 2OFF
[06-22-2018] [09:52:29] : MEAS ON 2
[06-22-2018] [09:52:34] : MEAS 2OFF
[06-22-2018] [09:52:56] : MEAS ON 2
[06-22-2018] [09:53:02] : MEAS 2OFF
[06-22-2018] [09:53:21] : MEAS ON 2
[06-22-2018] [09:53:27] : MEAS 2OFF
[06-22-2018] [09:53:44] : MEAS ON 2
[06-22-2018] [09:53:50] : MEAS 2OFF
[06-22-2018] [09:54:06] : PROGRAM END
 
[06-22-2018] [09:54:12] : PROGRAM START
[06-22-2018] [09:54:43] : MEAS ON 2
[06-22-2018] [09:54:48] : MEAS 2OFF
[06-22-2018] [09:55:07] : MEAS ON 2
[06-22-2018] [09:55:12] : MEAS 2OFF
[06-22-2018] [09:55:29] : MEAS ON 2
[06-22-2018] [09:55:34] : MEAS 2OFF
[06-22-2018] [09:55:54] : MEAS ON 2
[06-22-2018] [09:56:00] : MEAS 2OFF
[06-22-2018] [09:56:16] : MEAS ON 2
[06-22-2018] [09:56:22] : MEAS 2OFF
[06-22-2018] [09:56:42] : MEAS ON 2
[06-22-2018] [09:56:48] : MEAS 2OFF
[06-22-2018] [09:57:05] : MEAS ON 2
[06-22-2018] [09:57:11] : MEAS 2OFF
[06-22-2018] [09:57:31] : MEAS ON 2
[06-22-2018] [09:57:37] : MEAS 2OFF
[06-22-2018] [09:57:56] : MEAS ON 2
[06-22-2018] [09:58:02] : MEAS 2OFF
[06-22-2018] [09:58:18] : MEAS ON 2
[06-22-2018] [09:58:24] : MEAS 2OFF
[06-22-2018] [09:58:43] : MEAS ON 2
[06-22-2018] [09:58:49] : MEAS 2OFF
[06-22-2018] [09:59:06] : MEAS ON 2
[06-22-2018] [09:59:11] : MEAS 2OFF
[06-22-2018] [09:59:31] : MEAS ON 2
[06-22-2018] [09:59:37] : MEAS 2OFF
[06-22-2018] [09:59:55] : MEAS ON 2
[06-22-2018] [10:00:01] : MEAS 2OFF
[06-22-2018] [10:00:21] : MEAS ON 2
[06-22-2018] [10:00:27] : MEAS 2OFF
[06-22-2018] [10:00:46] : MEAS ON 2
[06-22-2018] [10:00:52] : MEAS 2OFF
[06-22-2018] [10:01:09] : MEAS ON 2
[06-22-2018] [10:01:15] : MEAS 2OFF
[06-22-2018] [10:01:34] : MEAS ON 2
[06-22-2018] [10:01:40] : MEAS 2OFF
[06-22-2018] [10:01:58] : MEAS ON 2
[06-22-2018] [10:02:04] : MEAS 2OFF
[06-22-2018] [10:02:24] : MEAS ON 2
[06-22-2018] [10:02:30] : MEAS 2OFF
[06-22-2018] [10:02:48] : MEAS ON 2
[06-22-2018] [10:02:54] : MEAS 2OFF
[06-22-2018] [10:03:10] : MEAS ON 2
[06-22-2018] [10:03:15] : MEAS 2OFF
[06-22-2018] [10:03:34] : MEAS ON 2
[06-22-2018] [10:03:40] : MEAS 2OFF
[06-22-2018] [10:03:58] : MEAS ON 2
[06-22-2018] [10:04:03] : MEAS 2OFF
[06-22-2018] [10:04:23] : MEAS ON 2
[06-22-2018] [10:04:29] : MEAS 2OFF
[06-22-2018] [10:04:47] : MEAS ON 2
[06-22-2018] [10:04:53] : MEAS 2OFF
[06-22-2018] [10:05:13] : MEAS ON 2
[06-22-2018] [10:05:19] : MEAS 2OFF
[06-22-2018] [10:05:38] : MEAS ON 2
[06-22-2018] [10:05:44] : MEAS 2OFF
[06-22-2018] [10:06:00] : MEAS ON 2
[06-22-2018] [10:06:06] : MEAS 2OFF
[06-22-2018] [10:06:25] : MEAS ON 2
[06-22-2018] [10:06:31] : MEAS 2OFF
[06-22-2018] [10:06:48] : MEAS ON 2
[06-22-2018] [10:06:53] : MEAS 2OFF
[06-22-2018] [10:07:13] : MEAS ON 2
[06-22-2018] [10:07:19] : MEAS 2OFF
[06-22-2018] [10:07:37] : MEAS ON 2
[06-22-2018] [10:07:43] : MEAS 2OFF
[06-22-2018] [10:08:04] : MEAS ON 2
[06-22-2018] [10:08:10] : MEAS 2OFF
[06-22-2018] [10:08:28] : MEAS ON 2
[06-22-2018] [10:08:34] : MEAS 2OFF
[06-22-2018] [10:08:51] : MEAS ON 2
[06-22-2018] [10:08:57] : MEAS 2OFF
[06-22-2018] [10:09:16] : MEAS ON 2
[06-22-2018] [10:09:22] : MEAS 2OFF
[06-22-2018] [10:09:40] : MEAS ON 2
[06-22-2018] [10:09:46] : MEAS 2OFF
[06-22-2018] [10:10:06] : MEAS ON 2
[06-22-2018] [10:10:12] : MEAS 2OFF
[06-22-2018] [10:10:30] : MEAS ON 2
[06-22-2018] [10:10:36] : MEAS 2OFF
[06-22-2018] [10:10:52] : MEAS ON 2
[06-22-2018] [10:10:58] : MEAS 2OFF
[06-22-2018] [10:11:17] : MEAS ON 2
[06-22-2018] [10:11:23] : MEAS 2OFF
[06-22-2018] [10:11:41] : MEAS ON 2
[06-22-2018] [10:11:47] : MEAS 2OFF
[06-22-2018] [10:12:07] : MEAS ON 2
[06-22-2018] [10:12:13] : MEAS 2OFF
[06-22-2018] [10:12:31] : MEAS ON 2
[06-22-2018] [10:12:36] : MEAS 2OFF
[06-22-2018] [10:12:53] : MEAS ON 2
[06-22-2018] [10:12:58] : MEAS 2OFF
[06-22-2018] [10:13:18] : MEAS ON 2
[06-22-2018] [10:13:24] : MEAS 2OFF
[06-22-2018] [10:13:41] : MEAS ON 2
[06-22-2018] [10:13:46] : MEAS 2OFF
[06-22-2018] [10:14:06] : MEAS ON 2
[06-22-2018] [10:14:12] : MEAS 2OFF
[06-22-2018] [10:14:30] : MEAS ON 2
[06-22-2018] [10:14:36] : MEAS 2OFF
[06-22-2018] [10:14:56] : MEAS ON 2
[06-22-2018] [10:15:02] : MEAS 2OFF
[06-22-2018] [10:15:27] : MEAS ON 2
[06-22-2018] [10:15:33] : MEAS 2OFF
[06-22-2018] [10:15:49] : MEAS ON 2
[06-22-2018] [10:15:55] : MEAS 2OFF
[06-22-2018] [10:16:08] : PROGRAM END
 
[06-22-2018] [10:16:13] : PROGRAM START
[06-22-2018] [10:16:42] : MEAS ON 2
[06-22-2018] [10:16:48] : MEAS 2OFF
[06-22-2018] [10:17:06] : MEAS ON 2
[06-22-2018] [10:17:12] : MEAS 2OFF
[06-22-2018] [10:17:32] : MEAS ON 2
[06-22-2018] [10:17:38] : MEAS 2OFF
[06-22-2018] [10:17:56] : MEAS ON 2
[06-22-2018] [10:18:02] : MEAS 2OFF
[06-22-2018] [10:18:18] : MEAS ON 2
[06-22-2018] [10:18:24] : MEAS 2OFF
[06-22-2018] [10:18:43] : MEAS ON 2
[06-22-2018] [10:18:49] : MEAS 2OFF
[06-22-2018] [10:19:07] : MEAS ON 2
[06-22-2018] [10:19:12] : MEAS 2OFF
[06-22-2018] [10:19:32] : MEAS ON 2
[06-22-2018] [10:19:38] : MEAS 2OFF
[06-22-2018] [10:19:55] : MEAS ON 2
[06-22-2018] [10:20:01] : MEAS 2OFF
[06-22-2018] [10:20:22] : MEAS ON 2
[06-22-2018] [10:20:28] : MEAS 2OFF
[06-22-2018] [10:20:46] : MEAS ON 2
[06-22-2018] [10:20:52] : MEAS 2OFF
[06-22-2018] [10:21:09] : MEAS ON 2
[06-22-2018] [10:21:15] : MEAS 2OFF
[06-22-2018] [10:21:35] : MEAS ON 2
[06-22-2018] [10:21:41] : MEAS 2OFF
[06-22-2018] [10:21:58] : MEAS ON 2
[06-22-2018] [10:22:04] : MEAS 2OFF
[06-22-2018] [10:22:24] : MEAS ON 2
[06-22-2018] [10:22:30] : MEAS 2OFF
[06-22-2018] [10:22:48] : MEAS ON 2
[06-22-2018] [10:22:54] : MEAS 2OFF
[06-22-2018] [10:23:10] : MEAS ON 2
[06-22-2018] [10:23:16] : MEAS 2OFF
[06-22-2018] [10:23:36] : MEAS ON 2
[06-22-2018] [10:23:42] : MEAS 2OFF
[06-22-2018] [10:23:59] : MEAS ON 2
[06-22-2018] [10:24:04] : MEAS 2OFF
[06-22-2018] [10:24:24] : MEAS ON 2
[06-22-2018] [10:24:30] : MEAS 2OFF
[06-22-2018] [10:24:53] : MEAS ON 2
[06-22-2018] [10:24:59] : MEAS 2OFF
[06-22-2018] [10:25:20] : MEAS ON 2
[06-22-2018] [10:25:26] : MEAS 2OFF
[06-22-2018] [10:25:44] : MEAS ON 2
[06-22-2018] [10:25:50] : MEAS 2OFF
[06-22-2018] [10:26:07] : MEAS ON 2
[06-22-2018] [10:26:13] : MEAS 2OFF
[06-22-2018] [10:26:32] : MEAS ON 2
[06-22-2018] [10:26:38] : MEAS 2OFF
[06-22-2018] [10:26:56] : MEAS ON 2
[06-22-2018] [10:27:02] : MEAS 2OFF
[06-22-2018] [10:27:11] : PROGRAM END
 
[06-22-2018] [10:30:09] : PROGRAM START
[06-22-2018] [10:30:28] : REQUEST ZEROSET ON
[06-22-2018] [10:30:34] : REQUEST ZEROSET OFF
[06-22-2018] [10:30:57] : REQUEST ZEROSET ON
[06-22-2018] [10:31:03] : REQUEST ZEROSET OFF
[06-22-2018] [10:31:23] : MEAS ON 2
[06-22-2018] [10:31:29] : MEAS 2OFF
[06-22-2018] [10:31:59] : MEAS ON 2
[06-22-2018] [10:32:05] : MEAS 2OFF
[06-22-2018] [10:32:24] : MEAS ON 2
[06-22-2018] [10:32:30] : MEAS 2OFF
[06-22-2018] [10:32:48] : MEAS ON 2
[06-22-2018] [10:32:54] : MEAS 2OFF
[06-22-2018] [10:33:14] : MEAS ON 2
[06-22-2018] [10:33:20] : MEAS 2OFF
[06-22-2018] [10:33:39] : MEAS ON 2
[06-22-2018] [10:33:45] : MEAS 2OFF
[06-22-2018] [10:34:01] : MEAS ON 2
[06-22-2018] [10:34:07] : MEAS 2OFF
[06-22-2018] [10:34:26] : MEAS ON 2
[06-22-2018] [10:34:32] : MEAS 2OFF
[06-22-2018] [10:34:49] : MEAS ON 2
[06-22-2018] [10:34:54] : MEAS 2OFF
[06-22-2018] [10:35:15] : MEAS ON 2
[06-22-2018] [10:35:21] : MEAS 2OFF
[06-22-2018] [10:35:38] : MEAS ON 2
[06-22-2018] [10:35:44] : MEAS 2OFF
[06-22-2018] [10:36:05] : MEAS ON 2
[06-22-2018] [10:36:11] : MEAS 2OFF
[06-22-2018] [10:36:30] : MEAS ON 2
[06-22-2018] [10:36:36] : MEAS 2OFF
[06-22-2018] [10:36:53] : MEAS ON 2
[06-22-2018] [10:36:59] : MEAS 2OFF
[06-22-2018] [10:37:18] : MEAS ON 2
[06-22-2018] [10:37:24] : MEAS 2OFF
[06-22-2018] [10:37:41] : MEAS ON 2
[06-22-2018] [10:37:47] : MEAS 2OFF
[06-22-2018] [10:38:08] : MEAS ON 2
[06-22-2018] [10:38:14] : MEAS 2OFF
[06-22-2018] [10:38:32] : MEAS ON 2
[06-22-2018] [10:38:38] : MEAS 2OFF
[06-22-2018] [10:38:54] : MEAS ON 2
[06-22-2018] [10:38:59] : MEAS 2OFF
[06-22-2018] [10:39:19] : MEAS ON 2
[06-22-2018] [10:39:25] : MEAS 2OFF
[06-22-2018] [10:39:42] : MEAS ON 2
[06-22-2018] [10:39:47] : MEAS 2OFF
[06-22-2018] [10:40:07] : MEAS ON 2
[06-22-2018] [10:40:13] : MEAS 2OFF
[06-22-2018] [10:40:31] : MEAS ON 2
[06-22-2018] [10:40:37] : MEAS 2OFF
[06-22-2018] [10:40:57] : MEAS ON 2
[06-22-2018] [10:41:03] : MEAS 2OFF
[06-22-2018] [10:41:22] : MEAS ON 2
[06-22-2018] [10:41:28] : MEAS 2OFF
[06-22-2018] [10:41:45] : MEAS ON 2
[06-22-2018] [10:41:51] : MEAS 2OFF
[06-22-2018] [10:42:10] : MEAS ON 2
[06-22-2018] [10:42:16] : MEAS 2OFF
[06-22-2018] [10:42:34] : MEAS ON 2
[06-22-2018] [10:42:40] : MEAS 2OFF
[06-22-2018] [10:43:00] : MEAS ON 2
[06-22-2018] [10:43:06] : MEAS 2OFF
[06-22-2018] [10:43:24] : MEAS ON 2
[06-22-2018] [10:43:29] : MEAS 2OFF
[06-22-2018] [10:43:46] : MEAS ON 2
[06-22-2018] [10:43:52] : MEAS 2OFF
[06-22-2018] [10:44:11] : MEAS ON 2
[06-22-2018] [10:44:17] : MEAS 2OFF
[06-22-2018] [10:44:34] : MEAS ON 2
[06-22-2018] [10:44:40] : MEAS 2OFF
[06-22-2018] [10:45:01] : MEAS ON 2
[06-22-2018] [10:45:07] : MEAS 2OFF
[06-22-2018] [10:45:25] : MEAS ON 2
[06-22-2018] [10:45:30] : MEAS 2OFF
[06-22-2018] [10:45:47] : MEAS ON 2
[06-22-2018] [10:45:52] : MEAS 2OFF
[06-22-2018] [10:46:12] : MEAS ON 2
[06-22-2018] [10:46:18] : MEAS 2OFF
[06-22-2018] [10:46:35] : MEAS ON 2
[06-22-2018] [10:46:40] : MEAS 2OFF
[06-22-2018] [10:47:00] : MEAS ON 2
[06-22-2018] [10:47:06] : MEAS 2OFF
[06-22-2018] [10:47:23] : MEAS ON 2
[06-22-2018] [10:47:29] : MEAS 2OFF
[06-22-2018] [10:47:50] : MEAS ON 2
[06-22-2018] [10:47:56] : MEAS 2OFF
[06-22-2018] [10:48:15] : MEAS ON 2
[06-22-2018] [10:48:21] : MEAS 2OFF
[06-22-2018] [10:48:37] : MEAS ON 2
[06-22-2018] [10:48:43] : MEAS 2OFF
[06-22-2018] [10:49:03] : MEAS ON 2
[06-22-2018] [10:49:09] : MEAS 2OFF
[06-22-2018] [10:49:26] : MEAS ON 2
[06-22-2018] [10:49:32] : MEAS 2OFF
[06-22-2018] [10:49:53] : MEAS ON 2
[06-22-2018] [10:49:59] : MEAS 2OFF
[06-22-2018] [10:50:17] : MEAS ON 2
[06-22-2018] [10:50:23] : MEAS 2OFF
[06-22-2018] [10:50:40] : MEAS ON 2
[06-22-2018] [10:50:46] : MEAS 2OFF
[06-22-2018] [10:51:05] : MEAS ON 2
[06-22-2018] [10:51:11] : MEAS 2OFF
[06-22-2018] [10:51:28] : MEAS ON 2
[06-22-2018] [10:51:34] : MEAS 2OFF
[06-22-2018] [10:51:54] : MEAS ON 2
[06-22-2018] [10:52:00] : MEAS 2OFF
[06-22-2018] [10:52:19] : MEAS ON 2
[06-22-2018] [10:52:25] : MEAS 2OFF
[06-22-2018] [10:52:41] : MEAS ON 2
[06-22-2018] [10:52:46] : MEAS 2OFF
[06-22-2018] [10:53:06] : MEAS ON 2
[06-22-2018] [10:53:12] : MEAS 2OFF
[06-22-2018] [10:53:29] : MEAS ON 2
[06-22-2018] [10:53:34] : MEAS 2OFF
[06-22-2018] [10:53:54] : MEAS ON 2
[06-22-2018] [10:54:00] : MEAS 2OFF
[06-22-2018] [10:54:17] : MEAS ON 2
[06-22-2018] [10:54:23] : MEAS 2OFF
[06-22-2018] [10:54:44] : MEAS ON 2
[06-22-2018] [10:54:50] : MEAS 2OFF
[06-22-2018] [10:55:09] : MEAS ON 2
[06-22-2018] [10:55:15] : MEAS 2OFF
[06-22-2018] [10:55:31] : MEAS ON 2
[06-22-2018] [10:55:37] : MEAS 2OFF
[06-22-2018] [10:55:57] : MEAS ON 2
[06-22-2018] [10:56:03] : MEAS 2OFF
[06-22-2018] [10:56:20] : MEAS ON 2
[06-22-2018] [10:56:26] : MEAS 2OFF
[06-22-2018] [10:56:46] : MEAS ON 2
[06-22-2018] [10:56:53] : MEAS 2OFF
[06-22-2018] [10:57:11] : MEAS ON 2
[06-22-2018] [10:57:17] : MEAS 2OFF
[06-22-2018] [10:57:38] : MEAS ON 2
[06-22-2018] [10:57:45] : MEAS 2OFF
[06-22-2018] [10:58:06] : MEAS ON 2
[06-22-2018] [10:58:12] : MEAS 2OFF
[06-22-2018] [10:58:30] : MEAS ON 2
[06-22-2018] [10:58:36] : MEAS 2OFF
[06-22-2018] [10:58:53] : MEAS ON 2
[06-22-2018] [10:58:59] : MEAS 2OFF
[06-22-2018] [10:59:18] : MEAS ON 2
[06-22-2018] [10:59:24] : MEAS 2OFF
[06-22-2018] [10:59:41] : MEAS ON 2
[06-22-2018] [10:59:47] : MEAS 2OFF
[06-22-2018] [11:00:07] : MEAS ON 2
[06-22-2018] [11:00:13] : MEAS 2OFF
[06-22-2018] [11:00:32] : MEAS ON 2
[06-22-2018] [11:00:38] : MEAS 2OFF
[06-22-2018] [11:00:54] : MEAS ON 2
[06-22-2018] [11:00:59] : MEAS 2OFF
[06-22-2018] [11:01:19] : MEAS ON 2
[06-22-2018] [11:01:25] : MEAS 2OFF
[06-22-2018] [11:01:42] : MEAS ON 2
[06-22-2018] [11:01:47] : MEAS 2OFF
[06-22-2018] [11:02:07] : MEAS ON 2
[06-22-2018] [11:02:13] : MEAS 2OFF
[06-22-2018] [11:02:31] : MEAS ON 2
[06-22-2018] [11:02:37] : MEAS 2OFF
[06-22-2018] [11:02:57] : MEAS ON 2
[06-22-2018] [11:03:03] : MEAS 2OFF
[06-22-2018] [11:03:22] : MEAS ON 2
[06-22-2018] [11:03:28] : MEAS 2OFF
[06-22-2018] [11:03:45] : MEAS ON 2
[06-22-2018] [11:03:51] : MEAS 2OFF
[06-22-2018] [11:04:10] : MEAS ON 2
[06-22-2018] [11:04:16] : MEAS 2OFF
[06-22-2018] [11:04:33] : MEAS ON 2
[06-22-2018] [11:04:39] : MEAS 2OFF
[06-22-2018] [11:04:59] : MEAS ON 2
[06-22-2018] [11:05:05] : MEAS 2OFF
[06-22-2018] [11:05:24] : MEAS ON 2
[06-22-2018] [11:05:30] : MEAS 2OFF
[06-22-2018] [11:05:46] : MEAS ON 2
[06-22-2018] [11:05:51] : MEAS 2OFF
[06-22-2018] [11:06:11] : MEAS ON 2
[06-22-2018] [11:06:17] : MEAS 2OFF
[06-22-2018] [11:06:34] : MEAS ON 2
[06-22-2018] [11:06:39] : MEAS 2OFF
[06-22-2018] [11:06:59] : MEAS ON 2
[06-22-2018] [11:07:05] : MEAS 2OFF
[06-22-2018] [11:07:23] : MEAS ON 2
[06-22-2018] [11:07:29] : MEAS 2OFF
[06-22-2018] [11:07:49] : MEAS ON 2
[06-22-2018] [11:07:55] : MEAS 2OFF
[06-22-2018] [11:08:14] : MEAS ON 2
[06-22-2018] [11:08:20] : MEAS 2OFF
[06-22-2018] [11:08:37] : MEAS ON 2
[06-22-2018] [11:08:43] : MEAS 2OFF
[06-22-2018] [11:09:02] : MEAS ON 2
[06-22-2018] [11:09:08] : MEAS 2OFF
[06-22-2018] [11:09:26] : MEAS ON 2
[06-22-2018] [11:09:32] : MEAS 2OFF
[06-22-2018] [11:09:52] : MEAS ON 2
[06-22-2018] [11:09:58] : MEAS 2OFF
[06-22-2018] [11:10:17] : MEAS ON 2
[06-22-2018] [11:10:23] : MEAS 2OFF
[06-22-2018] [11:10:39] : MEAS ON 2
[06-22-2018] [11:10:45] : MEAS 2OFF
[06-22-2018] [11:11:04] : MEAS ON 2
[06-22-2018] [11:11:10] : MEAS 2OFF
[06-22-2018] [11:11:27] : MEAS ON 2
[06-22-2018] [11:11:33] : MEAS 2OFF
[06-22-2018] [11:11:53] : MEAS ON 2
[06-22-2018] [11:11:59] : MEAS 2OFF
[06-22-2018] [11:12:18] : MEAS ON 2
[06-22-2018] [11:12:23] : MEAS 2OFF
[06-22-2018] [11:12:39] : MEAS ON 2
[06-22-2018] [11:12:44] : MEAS 2OFF
[06-22-2018] [11:13:04] : MEAS ON 2
[06-22-2018] [11:13:10] : MEAS 2OFF
[06-22-2018] [11:13:28] : MEAS ON 2
[06-22-2018] [11:13:33] : MEAS 2OFF
[06-22-2018] [11:13:52] : MEAS ON 2
[06-22-2018] [11:13:58] : MEAS 2OFF
[06-22-2018] [11:14:16] : MEAS ON 2
[06-22-2018] [11:14:22] : MEAS 2OFF
[06-22-2018] [11:14:43] : MEAS ON 2
[06-22-2018] [11:14:49] : MEAS 2OFF
[06-22-2018] [11:15:08] : MEAS ON 2
[06-22-2018] [11:15:14] : MEAS 2OFF
[06-22-2018] [11:15:30] : MEAS ON 2
[06-22-2018] [11:15:36] : MEAS 2OFF
[06-22-2018] [11:15:56] : MEAS ON 2
[06-22-2018] [11:16:02] : MEAS 2OFF
[06-22-2018] [11:16:19] : MEAS ON 2
[06-22-2018] [11:16:25] : MEAS 2OFF
[06-22-2018] [11:16:46] : MEAS ON 2
[06-22-2018] [11:16:52] : MEAS 2OFF
[06-22-2018] [11:17:10] : MEAS ON 2
[06-22-2018] [11:17:16] : MEAS 2OFF
[06-22-2018] [11:17:32] : MEAS ON 2
[06-22-2018] [11:17:38] : MEAS 2OFF
[06-22-2018] [11:17:57] : MEAS ON 2
[06-22-2018] [11:18:03] : MEAS 2OFF
[06-22-2018] [11:18:21] : MEAS ON 2
[06-22-2018] [11:18:27] : MEAS 2OFF
[06-22-2018] [11:18:47] : MEAS ON 2
[06-22-2018] [11:18:53] : MEAS 2OFF
[06-22-2018] [11:19:11] : MEAS ON 2
[06-22-2018] [11:19:17] : MEAS 2OFF
[06-22-2018] [11:19:33] : MEAS ON 2
[06-22-2018] [11:19:38] : MEAS 2OFF
[06-22-2018] [11:19:58] : MEAS ON 2
[06-22-2018] [11:20:04] : MEAS 2OFF
[06-22-2018] [11:20:21] : MEAS ON 2
[06-22-2018] [11:20:26] : MEAS 2OFF
[06-22-2018] [11:20:40] : PROGRAM END
 
[06-22-2018] [11:21:20] : PROGRAM START
[06-22-2018] [11:21:38] : PROGRAM END
 
[06-22-2018] [11:21:59] : PROGRAM START
[06-22-2018] [11:22:06] : PROGRAM END
 
[06-22-2018] [11:22:13] : PROGRAM START
[06-22-2018] [11:22:40] : MEAS ON 2
[06-22-2018] [11:22:46] : MEAS 2OFF
[06-22-2018] [11:23:04] : MEAS ON 2
[06-22-2018] [11:23:10] : MEAS 2OFF
[06-22-2018] [11:23:27] : MEAS ON 2
[06-22-2018] [11:23:33] : MEAS 2OFF
[06-22-2018] [11:23:52] : MEAS ON 2
[06-22-2018] [11:23:58] : MEAS 2OFF
[06-22-2018] [11:24:16] : MEAS ON 2
[06-22-2018] [11:24:22] : MEAS 2OFF
[06-22-2018] [11:24:39] : MEAS ON 2
[06-22-2018] [11:24:45] : MEAS 2OFF
[06-22-2018] [11:25:04] : MEAS ON 2
[06-22-2018] [11:25:10] : MEAS 2OFF
[06-22-2018] [11:25:28] : MEAS ON 2
[06-22-2018] [11:25:34] : MEAS 2OFF
[06-22-2018] [11:25:51] : MEAS ON 2
[06-22-2018] [11:25:57] : MEAS 2OFF
[06-22-2018] [11:26:17] : MEAS ON 2
[06-22-2018] [11:26:23] : MEAS 2OFF
[06-22-2018] [11:26:41] : MEAS ON 2
[06-22-2018] [11:26:48] : MEAS 2OFF
[06-22-2018] [11:27:04] : MEAS ON 2
[06-22-2018] [11:27:10] : MEAS 2OFF
[06-22-2018] [11:27:29] : MEAS ON 2
[06-22-2018] [11:27:35] : MEAS 2OFF
[06-22-2018] [11:27:53] : MEAS ON 2
[06-22-2018] [11:27:59] : MEAS 2OFF
[06-22-2018] [11:28:19] : MEAS ON 2
[06-22-2018] [11:28:25] : MEAS 2OFF
[06-22-2018] [11:28:45] : MEAS ON 2
[06-22-2018] [11:28:51] : MEAS 2OFF
[06-22-2018] [11:29:08] : MEAS ON 2
[06-22-2018] [11:29:14] : MEAS 2OFF
[06-22-2018] [11:29:35] : MEAS ON 2
[06-22-2018] [11:29:41] : MEAS 2OFF
[06-22-2018] [11:30:00] : MEAS ON 2
[06-22-2018] [11:30:06] : MEAS 2OFF
[06-22-2018] [11:30:24] : MEAS ON 2
[06-22-2018] [11:30:30] : MEAS 2OFF
[06-22-2018] [11:31:15] : MEAS ON 2
[06-22-2018] [11:31:21] : MEAS 2OFF
[06-22-2018] [11:34:15] : MEAS ON 2
[06-22-2018] [11:34:21] : MEAS 2OFF
[06-22-2018] [11:34:37] : MEAS ON 2
[06-22-2018] [11:34:43] : MEAS 2OFF
[06-22-2018] [11:35:01] : MEAS ON 2
[06-22-2018] [11:35:07] : MEAS 2OFF
[06-22-2018] [11:35:25] : MEAS ON 2
[06-22-2018] [11:35:30] : MEAS 2OFF
[06-22-2018] [11:35:50] : MEAS ON 2
[06-22-2018] [11:35:56] : MEAS 2OFF
[06-22-2018] [11:36:15] : MEAS ON 2
[06-22-2018] [11:36:20] : MEAS 2OFF
[06-22-2018] [11:36:41] : MEAS ON 2
[06-22-2018] [11:36:47] : MEAS 2OFF
[06-22-2018] [11:37:06] : MEAS ON 2
[06-22-2018] [11:37:12] : MEAS 2OFF
[06-22-2018] [11:37:28] : MEAS ON 2
[06-22-2018] [11:37:34] : MEAS 2OFF
[06-22-2018] [11:37:54] : MEAS ON 2
[06-22-2018] [11:38:00] : MEAS 2OFF
[06-22-2018] [11:38:17] : MEAS ON 2
[06-22-2018] [11:38:23] : MEAS 2OFF
[06-22-2018] [11:38:43] : MEAS ON 2
[06-22-2018] [11:38:49] : MEAS 2OFF
[06-22-2018] [11:39:08] : MEAS ON 2
[06-22-2018] [11:39:14] : MEAS 2OFF
[06-22-2018] [11:39:30] : MEAS ON 2
[06-22-2018] [11:39:36] : MEAS 2OFF
[06-22-2018] [11:39:55] : MEAS ON 2
[06-22-2018] [11:40:01] : MEAS 2OFF
[06-22-2018] [11:40:18] : MEAS ON 2
[06-22-2018] [11:40:24] : MEAS 2OFF
[06-22-2018] [11:40:45] : MEAS ON 2
[06-22-2018] [11:40:51] : MEAS 2OFF
[06-22-2018] [11:41:09] : MEAS ON 2
[06-22-2018] [11:41:15] : MEAS 2OFF
[06-22-2018] [11:41:31] : MEAS ON 2
[06-22-2018] [11:41:37] : MEAS 2OFF
[06-22-2018] [11:41:56] : MEAS ON 2
[06-22-2018] [11:42:02] : MEAS 2OFF
[06-22-2018] [11:42:19] : MEAS ON 2
[06-22-2018] [11:42:24] : MEAS 2OFF
[06-22-2018] [11:42:45] : MEAS ON 2
[06-22-2018] [11:42:51] : MEAS 2OFF
[06-22-2018] [11:43:09] : MEAS ON 2
[06-22-2018] [11:43:14] : MEAS 2OFF
[06-22-2018] [11:43:31] : MEAS ON 2
[06-22-2018] [11:43:36] : MEAS 2OFF
[06-22-2018] [11:43:56] : MEAS ON 2
[06-22-2018] [11:44:02] : MEAS 2OFF
[06-22-2018] [11:44:19] : MEAS ON 2
[06-22-2018] [11:44:24] : MEAS 2OFF
[06-22-2018] [11:44:45] : MEAS ON 2
[06-22-2018] [11:44:51] : MEAS 2OFF
[06-22-2018] [11:45:08] : MEAS ON 2
[06-22-2018] [11:45:14] : MEAS 2OFF
[06-22-2018] [11:45:35] : MEAS ON 2
[06-22-2018] [11:45:41] : MEAS 2OFF
[06-22-2018] [11:46:00] : MEAS ON 2
[06-22-2018] [11:46:06] : MEAS 2OFF
[06-22-2018] [11:46:22] : MEAS ON 2
[06-22-2018] [11:46:28] : MEAS 2OFF
[06-22-2018] [11:46:48] : MEAS ON 2
[06-22-2018] [11:46:54] : MEAS 2OFF
[06-22-2018] [11:47:11] : MEAS ON 2
[06-22-2018] [11:47:17] : MEAS 2OFF
[06-22-2018] [11:47:38] : MEAS ON 2
[06-22-2018] [11:47:44] : MEAS 2OFF
[06-22-2018] [11:48:02] : MEAS ON 2
[06-22-2018] [11:48:08] : MEAS 2OFF
[06-22-2018] [11:48:24] : MEAS ON 2
[06-22-2018] [11:48:30] : MEAS 2OFF
[06-22-2018] [11:48:50] : MEAS ON 2
[06-22-2018] [11:48:56] : MEAS 2OFF
[06-22-2018] [11:49:13] : MEAS ON 2
[06-22-2018] [11:49:18] : MEAS 2OFF
[06-22-2018] [11:49:38] : MEAS ON 2
[06-22-2018] [11:49:44] : MEAS 2OFF
 
[06-22-2018] [11:50:01] : MEAS ON 2
[06-22-2018] [11:50:07] : MEAS 2OFF
[06-22-2018] [11:50:28] : MEAS ON 2
[06-22-2018] [11:50:34] : MEAS 2OFF
[06-22-2018] [11:50:53] : MEAS ON 2
[06-22-2018] [11:50:59] : MEAS 2OFF
[06-22-2018] [11:51:15] : MEAS ON 2
[06-22-2018] [11:51:21] : MEAS 2OFF
[06-22-2018] [11:51:41] : MEAS ON 2
[06-22-2018] [11:51:47] : MEAS 2OFF
[06-22-2018] [11:52:04] : MEAS ON 2
[06-22-2018] [11:52:10] : MEAS 2OFF
[06-22-2018] [11:52:31] : MEAS ON 2
[06-22-2018] [11:52:37] : MEAS 2OFF
[06-22-2018] [11:52:55] : MEAS ON 2
[06-22-2018] [11:53:01] : MEAS 2OFF
[06-22-2018] [11:53:17] : MEAS ON 2
[06-22-2018] [11:53:22] : MEAS 2OFF
[06-22-2018] [11:53:42] : MEAS ON 2
[06-22-2018] [11:53:48] : MEAS 2OFF
[06-22-2018] [11:54:05] : MEAS ON 2
[06-22-2018] [11:54:10] : MEAS 2OFF
[06-22-2018] [11:54:30] : MEAS ON 2
[06-22-2018] [11:54:36] : MEAS 2OFF
[06-22-2018] [11:54:54] : MEAS ON 2
[06-22-2018] [11:55:00] : MEAS 2OFF
[06-22-2018] [11:55:21] : MEAS ON 2
[06-22-2018] [11:55:27] : MEAS 2OFF
[06-22-2018] [11:55:45] : MEAS ON 2
[06-22-2018] [11:55:51] : MEAS 2OFF
[06-22-2018] [11:56:08] : MEAS ON 2
[06-22-2018] [11:56:14] : MEAS 2OFF
[06-22-2018] [11:56:33] : MEAS ON 2
[06-22-2018] [11:56:39] : MEAS 2OFF
[06-22-2018] [11:56:57] : MEAS ON 2
[06-22-2018] [11:57:03] : MEAS 2OFF
[06-22-2018] [11:57:23] : MEAS ON 2
[06-22-2018] [11:57:29] : MEAS 2OFF
[06-22-2018] [11:57:47] : MEAS ON 2
[06-22-2018] [11:57:53] : MEAS 2OFF
[06-22-2018] [11:58:09] : MEAS ON 2
[06-22-2018] [11:58:15] : MEAS 2OFF
[06-22-2018] [11:58:35] : MEAS ON 2
[06-22-2018] [11:58:41] : MEAS 2OFF
[06-22-2018] [11:58:58] : MEAS ON 2
[06-22-2018] [11:59:04] : MEAS 2OFF
[06-22-2018] [11:59:24] : MEAS ON 2
[06-22-2018] [11:59:29] : MEAS 2OFF
[06-22-2018] [11:59:48] : MEAS ON 2
[06-22-2018] [11:59:53] : MEAS 2OFF
[06-22-2018] [12:00:10] : MEAS ON 2
[06-22-2018] [12:00:16] : MEAS 2OFF
[06-22-2018] [12:00:35] : MEAS ON 2
[06-22-2018] [12:00:41] : MEAS 2OFF
[06-22-2018] [12:00:58] : MEAS ON 2
[06-22-2018] [12:01:03] : MEAS 2OFF
[06-22-2018] [12:01:23] : MEAS ON 2
[06-22-2018] [12:01:29] : MEAS 2OFF
[06-22-2018] [12:01:47] : MEAS ON 2
[06-22-2018] [12:01:53] : MEAS 2OFF
[06-22-2018] [12:02:14] : MEAS ON 2
[06-22-2018] [12:02:20] : MEAS 2OFF
[06-22-2018] [12:02:38] : MEAS ON 2
[06-22-2018] [12:02:44] : MEAS 2OFF
[06-22-2018] [12:03:00] : MEAS ON 2
[06-22-2018] [12:03:06] : MEAS 2OFF
[06-22-2018] [12:03:26] : MEAS ON 2
[06-22-2018] [12:03:32] : MEAS 2OFF
[06-22-2018] [12:03:49] : MEAS ON 2
[06-22-2018] [12:03:54] : MEAS 2OFF
[06-22-2018] [12:04:14] : MEAS ON 2
[06-22-2018] [12:04:20] : MEAS 2OFF
[06-22-2018] [12:04:37] : MEAS ON 2
[06-22-2018] [12:04:43] : MEAS 2OFF
[06-22-2018] [12:05:04] : MEAS ON 2
[06-22-2018] [12:05:10] : MEAS 2OFF
[06-22-2018] [12:05:29] : MEAS ON 2
[06-22-2018] [12:05:35] : MEAS 2OFF
[06-22-2018] [12:05:51] : MEAS ON 2
[06-22-2018] [12:05:57] : MEAS 2OFF
[06-22-2018] [12:06:17] : MEAS ON 2
[06-22-2018] [12:06:23] : MEAS 2OFF
[06-22-2018] [12:06:40] : MEAS ON 2
[06-22-2018] [12:06:46] : MEAS 2OFF
[06-22-2018] [12:07:06] : MEAS ON 2
[06-22-2018] [12:07:12] : MEAS 2OFF
[06-22-2018] [12:07:30] : MEAS ON 2
[06-22-2018] [12:07:36] : MEAS 2OFF
[06-22-2018] [12:07:53] : MEAS ON 2
[06-22-2018] [12:07:59] : MEAS 2OFF
[06-22-2018] [12:08:18] : MEAS ON 2
[06-22-2018] [12:08:24] : MEAS 2OFF
[06-22-2018] [12:08:41] : MEAS ON 2
[06-22-2018] [12:08:46] : MEAS 2OFF
[06-22-2018] [12:09:06] : MEAS ON 2
[06-22-2018] [12:09:12] : MEAS 2OFF
[06-22-2018] [12:09:30] : MEAS ON 2
[06-22-2018] [12:09:36] : MEAS 2OFF
[06-22-2018] [12:09:56] : MEAS ON 2
[06-22-2018] [12:10:02] : MEAS 2OFF
[06-22-2018] [12:10:21] : MEAS ON 2
[06-22-2018] [12:10:27] : MEAS 2OFF
[06-22-2018] [12:10:43] : MEAS ON 2
[06-22-2018] [12:10:49] : MEAS 2OFF
[06-22-2018] [12:11:09] : MEAS ON 2
[06-22-2018] [12:11:15] : MEAS 2OFF
[06-22-2018] [12:11:32] : MEAS ON 2
[06-22-2018] [12:11:38] : MEAS 2OFF
[06-22-2018] [12:11:59] : MEAS ON 2
[06-22-2018] [12:12:05] : MEAS 2OFF
[06-22-2018] [12:12:23] : MEAS ON 2
[06-22-2018] [12:12:29] : MEAS 2OFF
[06-22-2018] [12:12:45] : MEAS ON 2
[06-22-2018] [12:12:51] : MEAS 2OFF
[06-22-2018] [12:13:11] : MEAS ON 2
[06-22-2018] [12:13:17] : MEAS 2OFF
[06-22-2018] [12:13:34] : MEAS ON 2
[06-22-2018] [12:13:40] : MEAS 2OFF
[06-22-2018] [12:14:00] : MEAS ON 2
[06-22-2018] [12:14:06] : MEAS 2OFF
[06-22-2018] [12:14:24] : MEAS ON 2
[06-22-2018] [12:14:30] : MEAS 2OFF
[06-22-2018] [13:28:05] : PROGRAM END
 
[06-22-2018] [13:28:39] : PROGRAM START
[06-22-2018] [13:28:47] : PROGRAM END
 
[06-22-2018] [13:29:00] : PROGRAM START
[06-22-2018] [13:29:24] : MEAS ON 2
[06-22-2018] [13:29:30] : MEAS 2OFF
[06-22-2018] [13:29:50] : MEAS ON 2
[06-22-2018] [13:29:56] : MEAS 2OFF
[06-22-2018] [13:30:13] : MEAS ON 2
[06-22-2018] [13:30:18] : MEAS 2OFF
[06-22-2018] [13:30:39] : MEAS ON 2
[06-22-2018] [13:30:45] : MEAS 2OFF
[06-22-2018] [13:31:03] : MEAS ON 2
[06-22-2018] [13:31:08] : MEAS 2OFF
[06-22-2018] [13:31:29] : MEAS ON 2
[06-22-2018] [13:31:35] : MEAS 2OFF
[06-22-2018] [13:31:54] : MEAS ON 2
[06-22-2018] [13:32:00] : MEAS 2OFF
[06-22-2018] [13:32:16] : MEAS ON 2
[06-22-2018] [13:32:22] : MEAS 2OFF
[06-22-2018] [13:32:42] : MEAS ON 2
[06-22-2018] [13:32:48] : MEAS 2OFF
[06-22-2018] [13:33:06] : MEAS ON 2
[06-22-2018] [13:33:12] : MEAS 2OFF
[06-22-2018] [13:33:32] : MEAS ON 2
[06-22-2018] [13:33:38] : MEAS 2OFF
[06-22-2018] [13:33:57] : MEAS ON 2
[06-22-2018] [13:34:03] : MEAS 2OFF
[06-22-2018] [13:34:19] : MEAS ON 2
[06-22-2018] [13:34:25] : MEAS 2OFF
[06-22-2018] [13:34:44] : MEAS ON 2
[06-22-2018] [13:34:50] : MEAS 2OFF
[06-22-2018] [13:35:07] : MEAS ON 2
[06-22-2018] [13:35:12] : MEAS 2OFF
[06-22-2018] [13:35:33] : MEAS ON 2
[06-22-2018] [13:35:38] : MEAS 2OFF
[06-22-2018] [13:35:57] : MEAS ON 2
[06-22-2018] [13:36:02] : MEAS 2OFF
[06-22-2018] [13:36:31] : REQUEST ZEROSET ON
[06-22-2018] [13:36:37] : REQUEST ZEROSET OFF
[06-22-2018] [13:36:56] : REQUEST ZEROSET ON
[06-22-2018] [13:37:02] : REQUEST ZEROSET OFF
[06-22-2018] [13:37:20] : REQUEST ZEROSET ON
[06-22-2018] [13:37:26] : REQUEST ZEROSET OFF
[06-22-2018] [13:37:47] : REQUEST ZEROSET ON
[06-22-2018] [13:37:53] : REQUEST ZEROSET OFF
[06-22-2018] [13:38:12] : REQUEST ZEROSET ON
[06-22-2018] [13:38:18] : REQUEST ZEROSET OFF
[06-22-2018] [13:38:40] : REQUEST ZEROSET ON
[06-22-2018] [13:38:46] : REQUEST ZEROSET OFF
[06-22-2018] [13:39:05] : REQUEST ZEROSET ON
[06-22-2018] [13:39:11] : REQUEST ZEROSET OFF
[06-22-2018] [13:39:29] : REQUEST ZEROSET ON
[06-22-2018] [13:39:34] : REQUEST ZEROSET OFF
[06-22-2018] [13:39:55] : REQUEST ZEROSET ON
[06-22-2018] [13:40:00] : REQUEST ZEROSET OFF
[06-22-2018] [13:40:28] : MEAS ON 2
[06-22-2018] [13:40:34] : MEAS 2OFF
[06-22-2018] [13:40:59] : MEAS ON 2
[06-22-2018] [13:41:04] : MEAS 2OFF
[06-22-2018] [13:41:23] : MEAS ON 2
[06-22-2018] [13:41:29] : MEAS 2OFF
[06-22-2018] [13:41:45] : MEAS ON 2
[06-22-2018] [13:41:51] : MEAS 2OFF
[06-22-2018] [13:42:10] : MEAS ON 2
[06-22-2018] [13:42:16] : MEAS 2OFF
[06-22-2018] [13:42:34] : MEAS ON 2
[06-22-2018] [13:42:40] : MEAS 2OFF
[06-22-2018] [13:54:15] : PROGRAM END
 
[06-22-2018] [13:54:54] : PROGRAM START
[06-22-2018] [13:55:02] : PROGRAM END
 
[06-22-2018] [13:55:10] : PROGRAM START
[06-22-2018] [13:55:37] : MEAS ON 2
[06-22-2018] [13:55:43] : MEAS 2OFF
[06-22-2018] [13:56:02] : MEAS ON 2
[06-22-2018] [13:56:08] : MEAS 2OFF
[06-22-2018] [13:56:24] : MEAS ON 2
[06-22-2018] [13:56:29] : MEAS 2OFF
[06-22-2018] [13:56:49] : MEAS ON 2
[06-22-2018] [13:56:55] : MEAS 2OFF
[06-22-2018] [13:57:12] : MEAS ON 2
[06-22-2018] [13:57:17] : MEAS 2OFF
[06-22-2018] [13:57:38] : MEAS ON 2
[06-22-2018] [13:57:44] : MEAS 2OFF
[06-22-2018] [13:58:02] : MEAS ON 2
[06-22-2018] [13:58:07] : MEAS 2OFF
[06-22-2018] [13:58:24] : MEAS ON 2
[06-22-2018] [13:58:29] : MEAS 2OFF
[06-22-2018] [13:58:49] : MEAS ON 2
[06-22-2018] [13:58:55] : MEAS 2OFF
[06-22-2018] [13:59:12] : MEAS ON 2
[06-22-2018] [13:59:17] : MEAS 2OFF
[06-22-2018] [13:59:38] : MEAS ON 2
[06-22-2018] [13:59:44] : MEAS 2OFF
[06-22-2018] [14:00:02] : MEAS ON 2
[06-22-2018] [14:00:07] : MEAS 2OFF
[06-22-2018] [14:00:24] : MEAS ON 2
[06-22-2018] [14:00:29] : MEAS 2OFF
[06-22-2018] [14:00:49] : MEAS ON 2
[06-22-2018] [14:00:55] : MEAS 2OFF
[06-22-2018] [14:01:12] : MEAS ON 2
[06-22-2018] [14:01:17] : MEAS 2OFF
[06-22-2018] [14:01:37] : MEAS ON 2
[06-22-2018] [14:01:43] : MEAS 2OFF
[06-22-2018] [14:02:00] : MEAS ON 2
[06-22-2018] [14:02:06] : MEAS 2OFF
[06-22-2018] [14:02:27] : MEAS ON 2
[06-22-2018] [14:02:33] : MEAS 2OFF
[06-22-2018] [14:02:52] : MEAS ON 2
[06-22-2018] [14:02:58] : MEAS 2OFF
[06-22-2018] [14:03:14] : MEAS ON 2
[06-22-2018] [14:03:20] : MEAS 2OFF
[06-22-2018] [14:03:40] : MEAS ON 2
[06-22-2018] [14:03:46] : MEAS 2OFF
[06-22-2018] [14:04:03] : MEAS ON 2
[06-22-2018] [14:04:09] : MEAS 2OFF
[06-22-2018] [14:04:30] : MEAS ON 2
[06-22-2018] [14:04:36] : MEAS 2OFF
[06-22-2018] [14:04:54] : MEAS ON 2
[06-22-2018] [14:05:00] : MEAS 2OFF
[06-22-2018] [14:05:17] : MEAS ON 2
[06-22-2018] [14:05:23] : MEAS 2OFF
[06-22-2018] [14:05:42] : MEAS ON 2
[06-22-2018] [14:05:48] : MEAS 2OFF
[06-22-2018] [14:06:05] : MEAS ON 2
[06-22-2018] [14:06:10] : MEAS 2OFF
[06-22-2018] [14:06:30] : MEAS ON 2
[06-22-2018] [14:06:36] : MEAS 2OFF
[06-22-2018] [14:06:54] : MEAS ON 2
[06-22-2018] [14:07:00] : MEAS 2OFF
[06-22-2018] [14:07:20] : MEAS ON 2
[06-22-2018] [14:07:26] : MEAS 2OFF
[06-22-2018] [14:07:45] : MEAS ON 2
[06-22-2018] [14:07:51] : MEAS 2OFF
[06-22-2018] [14:08:08] : MEAS ON 2
[06-22-2018] [14:08:14] : MEAS 2OFF
[06-22-2018] [14:08:33] : MEAS ON 2
[06-22-2018] [14:08:39] : MEAS 2OFF
[06-22-2018] [14:08:56] : MEAS ON 2
[06-22-2018] [14:09:02] : MEAS 2OFF
[06-22-2018] [14:09:22] : MEAS ON 2
[06-22-2018] [14:09:28] : MEAS 2OFF
[06-22-2018] [14:09:47] : MEAS ON 2
[06-22-2018] [14:09:53] : MEAS 2OFF
[06-22-2018] [14:10:09] : MEAS ON 2
[06-22-2018] [14:10:15] : MEAS 2OFF
[06-22-2018] [14:10:34] : MEAS ON 2
[06-22-2018] [14:10:40] : MEAS 2OFF
[06-22-2018] [14:10:57] : MEAS ON 2
[06-22-2018] [14:11:02] : MEAS 2OFF
[06-22-2018] [14:11:22] : MEAS ON 2
[06-22-2018] [14:11:28] : MEAS 2OFF
[06-22-2018] [14:11:46] : MEAS ON 2
[06-22-2018] [14:11:52] : MEAS 2OFF
[06-22-2018] [14:12:12] : MEAS ON 2
[06-22-2018] [14:12:18] : MEAS 2OFF
[06-22-2018] [14:12:37] : MEAS ON 2
[06-22-2018] [14:12:43] : MEAS 2OFF
[06-22-2018] [14:12:59] : MEAS ON 2
[06-22-2018] [14:13:05] : MEAS 2OFF
[06-22-2018] [14:13:24] : MEAS ON 2
[06-22-2018] [14:13:30] : MEAS 2OFF
[06-22-2018] [14:13:48] : MEAS ON 2
[06-22-2018] [14:13:53] : MEAS 2OFF
[06-22-2018] [14:14:12] : MEAS ON 2
[06-22-2018] [14:14:18] : MEAS 2OFF
[06-22-2018] [14:14:36] : MEAS ON 2
[06-22-2018] [14:14:42] : MEAS 2OFF
[06-22-2018] [14:15:03] : MEAS ON 2
[06-22-2018] [14:15:09] : MEAS 2OFF
[06-22-2018] [14:15:28] : MEAS ON 2
[06-22-2018] [14:15:34] : MEAS 2OFF
[06-22-2018] [14:15:50] : MEAS ON 2
[06-22-2018] [14:15:56] : MEAS 2OFF
[06-22-2018] [14:16:16] : MEAS ON 2
[06-22-2018] [14:16:22] : MEAS 2OFF
[06-22-2018] [14:16:39] : MEAS ON 2
[06-22-2018] [14:16:45] : MEAS 2OFF
[06-22-2018] [14:17:06] : MEAS ON 2
[06-22-2018] [14:17:12] : MEAS 2OFF
[06-22-2018] [14:17:30] : MEAS ON 2
[06-22-2018] [14:17:36] : MEAS 2OFF
[06-22-2018] [14:17:53] : MEAS ON 2
[06-22-2018] [14:17:59] : MEAS 2OFF
[06-22-2018] [14:18:18] : MEAS ON 2
[06-22-2018] [14:18:24] : MEAS 2OFF
[06-22-2018] [14:18:42] : MEAS ON 2
[06-22-2018] [14:18:48] : MEAS 2OFF
[06-22-2018] [14:19:08] : MEAS ON 2
[06-22-2018] [14:19:14] : MEAS 2OFF
[06-22-2018] [14:19:33] : MEAS ON 2
[06-22-2018] [14:19:39] : MEAS 2OFF
[06-22-2018] [14:19:55] : MEAS ON 2
[06-22-2018] [14:20:01] : MEAS 2OFF
[06-22-2018] [14:20:20] : MEAS ON 2
[06-22-2018] [14:20:26] : MEAS 2OFF
[06-22-2018] [14:20:43] : MEAS ON 2
[06-22-2018] [14:20:49] : MEAS 2OFF
[06-22-2018] [14:21:10] : MEAS ON 2
[06-22-2018] [14:21:16] : MEAS 2OFF
[06-22-2018] [14:21:34] : MEAS ON 2
[06-22-2018] [14:21:40] : MEAS 2OFF
[06-22-2018] [14:21:56] : MEAS ON 2
[06-22-2018] [14:22:01] : MEAS 2OFF
[06-22-2018] [14:22:20] : MEAS ON 2
[06-22-2018] [14:22:26] : MEAS 2OFF
[06-22-2018] [14:22:43] : MEAS ON 2
[06-22-2018] [14:22:49] : MEAS 2OFF
[06-22-2018] [14:23:09] : MEAS ON 2
[06-22-2018] [14:23:15] : MEAS 2OFF
[06-22-2018] [14:23:32] : MEAS ON 2
[06-22-2018] [14:23:38] : MEAS 2OFF
[06-22-2018] [14:23:59] : MEAS ON 2
[06-22-2018] [14:24:05] : MEAS 2OFF
[06-22-2018] [14:24:23] : MEAS ON 2
[06-22-2018] [14:24:29] : MEAS 2OFF
[06-22-2018] [14:24:46] : MEAS ON 2
[06-22-2018] [14:24:52] : MEAS 2OFF
[06-22-2018] [14:25:11] : MEAS ON 2
[06-22-2018] [14:25:17] : MEAS 2OFF
[06-22-2018] [14:25:35] : MEAS ON 2
[06-22-2018] [14:25:41] : MEAS 2OFF
[06-22-2018] [14:26:01] : MEAS ON 2
[06-22-2018] [14:26:07] : MEAS 2OFF
[06-22-2018] [14:26:25] : MEAS ON 2
[06-22-2018] [14:26:31] : MEAS 2OFF
[06-22-2018] [14:26:48] : MEAS ON 2
[06-22-2018] [14:26:54] : MEAS 2OFF
[06-22-2018] [14:27:13] : MEAS ON 2
[06-22-2018] [14:27:19] : MEAS 2OFF
[06-22-2018] [14:27:36] : MEAS ON 2
[06-22-2018] [14:27:41] : MEAS 2OFF
[06-22-2018] [14:28:02] : MEAS ON 2
[06-22-2018] [14:28:08] : MEAS 2OFF
[06-22-2018] [14:28:26] : MEAS ON 2
[06-22-2018] [14:28:31] : MEAS 2OFF
[06-22-2018] [14:28:48] : MEAS ON 2
[06-22-2018] [14:28:54] : MEAS 2OFF
[06-22-2018] [14:29:13] : MEAS ON 2
[06-22-2018] [14:29:19] : MEAS 2OFF
[06-22-2018] [14:29:36] : MEAS ON 2
[06-22-2018] [14:29:41] : MEAS 2OFF
[06-22-2018] [14:30:01] : MEAS ON 2
[06-22-2018] [14:30:07] : MEAS 2OFF
[06-22-2018] [14:30:25] : MEAS ON 2
[06-22-2018] [14:30:31] : MEAS 2OFF
[06-22-2018] [14:30:51] : MEAS ON 2
[06-22-2018] [14:30:57] : MEAS 2OFF
[06-22-2018] [14:31:16] : MEAS ON 2
[06-22-2018] [14:31:22] : MEAS 2OFF
[06-22-2018] [14:31:39] : MEAS ON 2
[06-22-2018] [14:31:45] : MEAS 2OFF
[06-22-2018] [14:32:04] : MEAS ON 2
[06-22-2018] [14:32:10] : MEAS 2OFF
[06-22-2018] [14:32:28] : MEAS ON 2
[06-22-2018] [14:32:34] : MEAS 2OFF
[06-22-2018] [14:32:54] : MEAS ON 2
[06-22-2018] [14:33:00] : MEAS 2OFF
[06-22-2018] [14:33:19] : MEAS ON 2
[06-22-2018] [14:33:25] : MEAS 2OFF
[06-22-2018] [14:33:41] : MEAS ON 2
[06-22-2018] [14:33:47] : MEAS 2OFF
[06-22-2018] [14:34:06] : MEAS ON 2
[06-22-2018] [14:34:12] : MEAS 2OFF
[06-22-2018] [14:34:29] : MEAS ON 2
[06-22-2018] [14:34:34] : MEAS 2OFF
[06-22-2018] [14:34:54] : MEAS ON 2
[06-22-2018] [14:35:00] : MEAS 2OFF
[06-22-2018] [14:35:18] : MEAS ON 2
[06-22-2018] [14:35:24] : MEAS 2OFF
[06-22-2018] [14:35:44] : MEAS ON 2
[06-22-2018] [14:35:50] : MEAS 2OFF
[06-22-2018] [14:40:43] : PROGRAM END
 
[06-22-2018] [14:42:01] : PROGRAM START
[06-22-2018] [14:42:11] : PROGRAM END
 
[06-22-2018] [14:42:22] : PROGRAM START
[06-22-2018] [14:42:33] : PROGRAM END
 
[06-22-2018] [14:42:58] : PROGRAM START
[06-22-2018] [14:43:05] : PROGRAM END
 
[06-22-2018] [14:43:25] : PROGRAM START
[06-22-2018] [14:44:13] : MEAS ON 2
[06-22-2018] [14:44:19] : MEAS 2OFF
[06-22-2018] [14:44:35] : MEAS ON 2
[06-22-2018] [14:44:41] : MEAS 2OFF
[06-22-2018] [14:45:01] : MEAS ON 2
[06-22-2018] [14:45:07] : MEAS 2OFF
[06-22-2018] [14:45:24] : MEAS ON 2
[06-22-2018] [14:45:30] : MEAS 2OFF
[06-22-2018] [14:45:51] : MEAS ON 2
[06-22-2018] [14:45:57] : MEAS 2OFF
[06-22-2018] [14:46:15] : MEAS ON 2
[06-22-2018] [14:46:21] : MEAS 2OFF
[06-22-2018] [14:46:37] : MEAS ON 2
[06-22-2018] [14:46:43] : MEAS 2OFF
[06-22-2018] [14:47:03] : MEAS ON 2
[06-22-2018] [14:47:09] : MEAS 2OFF
[06-22-2018] [14:47:27] : MEAS ON 2
[06-22-2018] [14:47:32] : MEAS 2OFF
[06-22-2018] [14:47:53] : MEAS ON 2
[06-22-2018] [14:47:59] : MEAS 2OFF
[06-22-2018] [14:48:17] : MEAS ON 2
[06-22-2018] [14:48:22] : MEAS 2OFF
[06-22-2018] [14:48:43] : MEAS ON 2
[06-22-2018] [14:48:49] : MEAS 2OFF
[06-22-2018] [14:49:07] : MEAS ON 2
[06-22-2018] [14:49:13] : MEAS 2OFF
[06-22-2018] [14:49:30] : MEAS ON 2
[06-22-2018] [14:49:36] : MEAS 2OFF
[06-22-2018] [14:49:55] : MEAS ON 2
[06-22-2018] [14:50:01] : MEAS 2OFF
[06-22-2018] [14:50:19] : MEAS ON 2
[06-22-2018] [14:50:25] : MEAS 2OFF
[06-22-2018] [14:50:45] : MEAS ON 2
[06-22-2018] [14:50:51] : MEAS 2OFF
[06-22-2018] [14:51:09] : MEAS ON 2
[06-22-2018] [14:51:15] : MEAS 2OFF
[06-22-2018] [14:51:31] : MEAS ON 2
[06-22-2018] [14:51:36] : MEAS 2OFF
[06-22-2018] [14:51:56] : MEAS ON 2
[06-22-2018] [14:52:02] : MEAS 2OFF
[06-22-2018] [14:52:19] : MEAS ON 2
[06-22-2018] [14:52:24] : MEAS 2OFF
[06-22-2018] [14:52:44] : MEAS ON 2
[06-22-2018] [14:52:50] : MEAS 2OFF
[06-22-2018] [14:53:08] : MEAS ON 2
[06-22-2018] [14:53:14] : MEAS 2OFF
[06-22-2018] [14:53:35] : MEAS ON 2
[06-22-2018] [14:53:41] : MEAS 2OFF
[06-22-2018] [14:53:59] : MEAS ON 2
[06-22-2018] [14:54:05] : MEAS 2OFF
[06-22-2018] [14:54:22] : MEAS ON 2
[06-22-2018] [14:54:28] : MEAS 2OFF
[06-22-2018] [14:54:47] : MEAS ON 2
[06-22-2018] [14:54:53] : MEAS 2OFF
[06-22-2018] [14:55:10] : MEAS ON 2
[06-22-2018] [14:55:15] : MEAS 2OFF
[06-22-2018] [14:55:35] : MEAS ON 2
[06-22-2018] [14:55:41] : MEAS 2OFF
[06-22-2018] [14:55:59] : MEAS ON 2
[06-22-2018] [14:56:05] : MEAS 2OFF
[06-22-2018] [14:56:25] : MEAS ON 2
[06-22-2018] [14:56:31] : MEAS 2OFF
[06-22-2018] [14:56:50] : MEAS ON 2
[06-22-2018] [14:56:56] : MEAS 2OFF
[06-22-2018] [14:57:13] : MEAS ON 2
[06-22-2018] [14:57:19] : MEAS 2OFF
[06-22-2018] [14:57:38] : MEAS ON 2
[06-22-2018] [14:57:44] : MEAS 2OFF
[06-22-2018] [14:58:02] : MEAS ON 2
[06-22-2018] [14:58:08] : MEAS 2OFF
[06-22-2018] [14:58:28] : MEAS ON 2
[06-22-2018] [14:58:34] : MEAS 2OFF
[06-22-2018] [14:58:52] : MEAS ON 2
[06-22-2018] [14:58:58] : MEAS 2OFF
[06-22-2018] [14:59:14] : MEAS ON 2
[06-22-2018] [14:59:20] : MEAS 2OFF
[06-22-2018] [14:59:39] : MEAS ON 2
[06-22-2018] [14:59:45] : MEAS 2OFF
[06-22-2018] [15:00:02] : MEAS ON 2
[06-22-2018] [15:00:07] : MEAS 2OFF
[06-22-2018] [15:00:27] : MEAS ON 2
[06-22-2018] [15:00:33] : MEAS 2OFF
[06-22-2018] [15:00:51] : MEAS ON 2
[06-22-2018] [15:00:57] : MEAS 2OFF
[06-22-2018] [15:01:18] : MEAS ON 2
[06-22-2018] [15:01:24] : MEAS 2OFF
[06-22-2018] [15:01:43] : MEAS ON 2
[06-22-2018] [15:01:49] : MEAS 2OFF
[06-22-2018] [15:02:05] : MEAS ON 2
[06-22-2018] [15:02:11] : MEAS 2OFF
[06-22-2018] [15:02:31] : MEAS ON 2
[06-22-2018] [15:02:37] : MEAS 2OFF
[06-22-2018] [15:02:54] : MEAS ON 2
[06-22-2018] [15:03:00] : MEAS 2OFF
[06-22-2018] [15:03:20] : MEAS ON 2
[06-22-2018] [15:03:26] : MEAS 2OFF
[06-22-2018] [15:03:44] : MEAS ON 2
[06-22-2018] [15:03:50] : MEAS 2OFF
[06-22-2018] [15:04:06] : MEAS ON 2
[06-22-2018] [15:04:11] : MEAS 2OFF
[06-22-2018] [15:04:30] : MEAS ON 2
[06-22-2018] [15:04:36] : MEAS 2OFF
[06-22-2018] [15:04:54] : MEAS ON 2
[06-22-2018] [15:04:59] : MEAS 2OFF
[06-22-2018] [15:05:19] : MEAS ON 2
[06-22-2018] [15:05:25] : MEAS 2OFF
[06-22-2018] [15:05:43] : MEAS ON 2
[06-22-2018] [15:05:49] : MEAS 2OFF
[06-22-2018] [15:06:09] : MEAS ON 2
[06-22-2018] [15:06:15] : MEAS 2OFF
[06-22-2018] [15:06:34] : MEAS ON 2
[06-22-2018] [15:06:40] : MEAS 2OFF
[06-22-2018] [15:06:56] : MEAS ON 2
[06-22-2018] [15:07:02] : MEAS 2OFF
[06-22-2018] [15:07:22] : MEAS ON 2
[06-22-2018] [15:07:28] : MEAS 2OFF
[06-22-2018] [15:07:45] : MEAS ON 2
[06-22-2018] [15:07:50] : MEAS 2OFF
[06-22-2018] [15:08:10] : MEAS ON 2
[06-22-2018] [15:08:16] : MEAS 2OFF
[06-22-2018] [15:08:34] : MEAS ON 2
[06-22-2018] [15:08:39] : MEAS 2OFF
[06-22-2018] [15:08:56] : MEAS ON 2
[06-22-2018] [15:09:01] : MEAS 2OFF
[06-22-2018] [15:09:20] : MEAS ON 2
[06-22-2018] [15:09:26] : MEAS 2OFF
[06-22-2018] [15:09:44] : MEAS ON 2
[06-22-2018] [15:09:49] : MEAS 2OFF
[06-22-2018] [15:10:10] : MEAS ON 2
[06-22-2018] [15:10:15] : MEAS 2OFF
[06-22-2018] [15:10:33] : MEAS ON 2
[06-22-2018] [15:10:39] : MEAS 2OFF
[06-22-2018] [15:11:00] : MEAS ON 2
[06-22-2018] [15:11:06] : MEAS 2OFF
[06-22-2018] [15:11:24] : MEAS ON 2
[06-22-2018] [15:11:30] : MEAS 2OFF
[06-22-2018] [15:11:47] : MEAS ON 2
[06-22-2018] [15:11:53] : MEAS 2OFF
[06-22-2018] [15:12:12] : MEAS ON 2
[06-22-2018] [15:12:18] : MEAS 2OFF
[06-22-2018] [15:12:36] : MEAS ON 2
[06-22-2018] [15:12:42] : MEAS 2OFF
[06-22-2018] [15:13:02] : MEAS ON 2
[06-22-2018] [15:13:08] : MEAS 2OFF
[06-22-2018] [15:13:27] : MEAS ON 2
[06-22-2018] [15:13:33] : MEAS 2OFF
[06-22-2018] [15:13:49] : MEAS ON 2
[06-22-2018] [15:13:55] : MEAS 2OFF
[06-22-2018] [15:14:14] : MEAS ON 2
[06-22-2018] [15:14:20] : MEAS 2OFF
[06-22-2018] [15:14:37] : MEAS ON 2
[06-22-2018] [15:14:43] : MEAS 2OFF
[06-22-2018] [15:15:03] : MEAS ON 2
[06-22-2018] [15:15:09] : MEAS 2OFF
[06-22-2018] [15:15:27] : MEAS ON 2
[06-22-2018] [15:15:32] : MEAS 2OFF
[06-22-2018] [15:15:49] : MEAS ON 2
[06-22-2018] [15:15:55] : MEAS 2OFF
[06-22-2018] [15:16:14] : MEAS ON 2
[06-22-2018] [15:16:20] : MEAS 2OFF
[06-22-2018] [15:16:37] : MEAS ON 2
[06-22-2018] [15:16:42] : MEAS 2OFF
[06-22-2018] [15:17:02] : MEAS ON 2
[06-22-2018] [15:17:08] : MEAS 2OFF
[06-22-2018] [15:17:26] : MEAS ON 2
[06-22-2018] [15:17:32] : MEAS 2OFF
[06-22-2018] [15:17:53] : MEAS ON 2
[06-22-2018] [15:17:59] : MEAS 2OFF
[06-22-2018] [15:18:17] : MEAS ON 2
[06-22-2018] [15:18:23] : MEAS 2OFF
[06-22-2018] [15:18:40] : MEAS ON 2
[06-22-2018] [15:18:46] : MEAS 2OFF
[06-22-2018] [15:19:05] : MEAS ON 2
[06-22-2018] [15:19:11] : MEAS 2OFF
[06-22-2018] [15:19:28] : MEAS ON 2
[06-22-2018] [15:19:33] : MEAS 2OFF
[06-22-2018] [15:19:54] : MEAS ON 2
[06-22-2018] [15:19:59] : MEAS 2OFF
[06-22-2018] [15:20:18] : MEAS ON 2
[06-22-2018] [15:20:23] : MEAS 2OFF
[06-22-2018] [15:20:40] : MEAS ON 2
[06-22-2018] [15:20:46] : MEAS 2OFF
[06-22-2018] [15:21:05] : MEAS ON 2
[06-22-2018] [15:21:11] : MEAS 2OFF
[06-22-2018] [15:21:28] : MEAS ON 2
[06-22-2018] [15:21:33] : MEAS 2OFF
[06-22-2018] [15:21:53] : MEAS ON 2
[06-22-2018] [15:21:59] : MEAS 2OFF
[06-22-2018] [15:22:17] : MEAS ON 2
[06-22-2018] [15:22:23] : MEAS 2OFF
[06-22-2018] [15:22:43] : MEAS ON 2
[06-22-2018] [15:22:49] : MEAS 2OFF
[06-22-2018] [15:23:08] : MEAS ON 2
[06-22-2018] [15:23:14] : MEAS 2OFF
[06-22-2018] [15:23:30] : MEAS ON 2
[06-22-2018] [15:23:36] : MEAS 2OFF
[06-22-2018] [15:23:55] : MEAS ON 2
[06-22-2018] [15:24:01] : MEAS 2OFF
[06-22-2018] [15:24:19] : MEAS ON 2
[06-22-2018] [15:24:25] : MEAS 2OFF
[06-22-2018] [15:24:45] : MEAS ON 2
[06-22-2018] [15:24:51] : MEAS 2OFF
[06-22-2018] [15:25:09] : MEAS ON 2
[06-22-2018] [15:25:15] : MEAS 2OFF
[06-22-2018] [15:25:31] : MEAS ON 2
[06-22-2018] [15:25:37] : MEAS 2OFF
[06-22-2018] [15:25:56] : MEAS ON 2
[06-22-2018] [15:26:02] : MEAS 2OFF
[06-22-2018] [15:26:19] : MEAS ON 2
[06-22-2018] [15:26:24] : MEAS 2OFF
[06-22-2018] [15:26:44] : MEAS ON 2
[06-22-2018] [15:26:50] : MEAS 2OFF
[06-22-2018] [15:27:08] : MEAS ON 2
[06-22-2018] [15:27:14] : MEAS 2OFF
[06-22-2018] [15:37:20] : PROGRAM END
 
[06-22-2018] [15:41:12] : PROGRAM START
[06-22-2018] [15:41:42] : MEAS ON 2
[06-22-2018] [15:41:48] : MEAS 2OFF
[06-22-2018] [15:42:05] : MEAS ON 2
[06-22-2018] [15:42:11] : MEAS 2OFF
[06-22-2018] [15:43:05] : REQUEST ZEROSET ON
[06-22-2018] [15:43:11] : REQUEST ZEROSET OFF
[06-22-2018] [15:43:30] : REQUEST ZEROSET ON
[06-22-2018] [15:43:36] : REQUEST ZEROSET OFF
[06-22-2018] [15:43:53] : REQUEST ZEROSET ON
[06-22-2018] [15:43:59] : REQUEST ZEROSET OFF
[06-22-2018] [15:44:19] : REQUEST ZEROSET ON
[06-22-2018] [15:44:24] : REQUEST ZEROSET OFF
[06-22-2018] [15:44:42] : REQUEST ZEROSET ON
[06-22-2018] [15:44:48] : REQUEST ZEROSET OFF
[06-22-2018] [15:45:18] : MEAS ON 2
[06-22-2018] [15:45:24] : MEAS 2OFF
[06-22-2018] [15:45:41] : MEAS ON 2
[06-22-2018] [15:45:47] : MEAS 2OFF
[06-22-2018] [15:46:00] : PROGRAM END
 
[06-22-2018] [15:46:20] : PROGRAM START
[06-22-2018] [15:46:30] : PROGRAM END
 
[06-22-2018] [15:46:36] : PROGRAM START
[06-22-2018] [15:47:14] : MEAS ON 2
[06-22-2018] [15:47:20] : MEAS 2OFF
[06-22-2018] [15:47:38] : MEAS ON 2
[06-22-2018] [15:47:44] : MEAS 2OFF
[06-22-2018] [15:48:01] : MEAS ON 2
[06-22-2018] [15:48:07] : MEAS 2OFF
[06-22-2018] [15:48:26] : MEAS ON 2
[06-22-2018] [15:48:32] : MEAS 2OFF
[06-22-2018] [15:49:13] : MEAS ON 2
[06-22-2018] [15:49:19] : MEAS 2OFF
[06-22-2018] [15:49:39] : MEAS ON 2
[06-22-2018] [15:49:44] : MEAS 2OFF
[06-22-2018] [15:50:03] : MEAS ON 2
[06-22-2018] [15:50:08] : MEAS 2OFF
[06-22-2018] [15:50:25] : MEAS ON 2
[06-22-2018] [15:50:30] : MEAS 2OFF
[06-22-2018] [15:50:50] : MEAS ON 2
[06-22-2018] [15:50:56] : MEAS 2OFF
[06-22-2018] [15:51:13] : MEAS ON 2
[06-22-2018] [15:51:18] : MEAS 2OFF
[06-22-2018] [15:51:39] : MEAS ON 2
[06-22-2018] [15:51:45] : MEAS 2OFF
[06-22-2018] [15:52:03] : MEAS ON 2
[06-22-2018] [15:52:08] : MEAS 2OFF
[06-22-2018] [15:52:25] : MEAS ON 2
[06-22-2018] [15:52:30] : MEAS 2OFF
[06-22-2018] [15:52:50] : MEAS ON 2
[06-22-2018] [15:52:56] : MEAS 2OFF
[06-22-2018] [15:53:13] : MEAS ON 2
[06-22-2018] [15:53:18] : MEAS 2OFF
[06-22-2018] [15:53:38] : MEAS ON 2
[06-22-2018] [15:53:44] : MEAS 2OFF
[06-22-2018] [15:54:02] : MEAS ON 2
[06-22-2018] [15:54:08] : MEAS 2OFF
[06-22-2018] [15:54:28] : MEAS ON 2
[06-22-2018] [15:54:34] : MEAS 2OFF
[06-22-2018] [15:54:53] : MEAS ON 2
[06-22-2018] [15:54:59] : MEAS 2OFF
[06-22-2018] [15:55:16] : MEAS ON 2
[06-22-2018] [15:55:22] : MEAS 2OFF
[06-22-2018] [15:55:41] : MEAS ON 2
[06-22-2018] [15:55:47] : MEAS 2OFF
[06-22-2018] [15:56:05] : MEAS ON 2
[06-22-2018] [15:56:11] : MEAS 2OFF
[06-22-2018] [15:56:31] : MEAS ON 2
[06-22-2018] [15:56:37] : MEAS 2OFF
[06-22-2018] [15:56:56] : MEAS ON 2
[06-22-2018] [15:57:02] : MEAS 2OFF
[06-22-2018] [15:57:18] : MEAS ON 2
[06-22-2018] [15:57:23] : MEAS 2OFF
[06-22-2018] [15:57:37] : PROGRAM END
 
[06-22-2018] [15:58:32] : PROGRAM START
[06-22-2018] [15:58:43] : PROGRAM END
 
[06-22-2018] [15:58:52] : PROGRAM START
[06-22-2018] [15:59:12] : REQUEST ZEROSET ON
[06-22-2018] [15:59:18] : REQUEST ZEROSET OFF
[06-22-2018] [15:59:45] : MEAS ON 2
[06-22-2018] [15:59:51] : MEAS 2OFF
[06-22-2018] [16:00:10] : MEAS ON 2
[06-22-2018] [16:00:16] : MEAS 2OFF
[06-22-2018] [16:00:33] : MEAS ON 2
[06-22-2018] [16:00:39] : MEAS 2OFF
[06-22-2018] [16:01:00] : MEAS ON 2
[06-22-2018] [16:01:06] : MEAS 2OFF
[06-22-2018] [16:01:24] : MEAS ON 2
[06-22-2018] [16:01:30] : MEAS 2OFF
[06-22-2018] [16:01:46] : MEAS ON 2
[06-22-2018] [16:01:52] : MEAS 2OFF
[06-22-2018] [16:02:11] : MEAS ON 2
[06-22-2018] [16:02:17] : MEAS 2OFF
[06-22-2018] [16:02:35] : MEAS ON 2
[06-22-2018] [16:02:40] : MEAS 2OFF
[06-22-2018] [16:02:59] : MEAS ON 2
[06-22-2018] [16:03:05] : MEAS 2OFF
[06-22-2018] [16:03:18] : PROGRAM END
 
[06-22-2018] [16:03:56] : PROGRAM START
[06-22-2018] [16:04:05] : PROGRAM END
 
[06-22-2018] [16:04:13] : PROGRAM START
[06-22-2018] [16:04:32] : REQUEST ZEROSET ON
[06-22-2018] [16:04:38] : REQUEST ZEROSET OFF
[06-22-2018] [16:05:03] : MEAS ON 2
[06-22-2018] [16:05:08] : MEAS 2OFF
[06-22-2018] [16:05:27] : MEAS ON 2
[06-22-2018] [16:05:33] : MEAS 2OFF
[06-22-2018] [16:05:50] : MEAS ON 2
[06-22-2018] [16:05:56] : MEAS 2OFF
[06-22-2018] [16:06:15] : MEAS ON 2
[06-22-2018] [16:06:21] : MEAS 2OFF
[06-22-2018] [16:06:38] : MEAS ON 2
[06-22-2018] [16:06:44] : MEAS 2OFF
[06-22-2018] [16:07:05] : MEAS ON 2
[06-22-2018] [16:07:11] : MEAS 2OFF
[06-22-2018] [16:07:29] : MEAS ON 2
[06-22-2018] [16:07:35] : MEAS 2OFF
[06-22-2018] [16:07:51] : MEAS ON 2
[06-22-2018] [16:07:56] : MEAS 2OFF
[06-22-2018] [16:08:16] : MEAS ON 2
[06-22-2018] [16:08:22] : MEAS 2OFF
[06-22-2018] [16:08:39] : MEAS ON 2
[06-22-2018] [16:08:44] : MEAS 2OFF
[06-22-2018] [16:09:04] : MEAS ON 2
[06-22-2018] [16:09:10] : MEAS 2OFF
[06-22-2018] [16:09:29] : MEAS ON 2
[06-22-2018] [16:09:34] : MEAS 2OFF
[06-22-2018] [16:09:51] : MEAS ON 2
[06-22-2018] [16:09:57] : MEAS 2OFF
[06-22-2018] [16:10:16] : MEAS ON 2
[06-22-2018] [16:10:22] : MEAS 2OFF
[06-22-2018] [16:10:39] : MEAS ON 2
[06-22-2018] [16:10:44] : MEAS 2OFF
[06-22-2018] [16:11:04] : MEAS ON 2
[06-22-2018] [16:11:10] : MEAS 2OFF
[06-22-2018] [16:11:28] : MEAS ON 2
[06-22-2018] [16:11:34] : MEAS 2OFF
[06-22-2018] [16:11:55] : MEAS ON 2
[06-22-2018] [16:12:01] : MEAS 2OFF
[06-22-2018] [16:12:19] : MEAS ON 2
[06-22-2018] [16:12:25] : MEAS 2OFF
[06-22-2018] [16:12:42] : MEAS ON 2
[06-22-2018] [16:12:48] : MEAS 2OFF
[06-22-2018] [16:13:07] : MEAS ON 2
[06-22-2018] [16:13:13] : MEAS 2OFF
[06-22-2018] [16:13:30] : MEAS ON 2
[06-22-2018] [16:13:36] : MEAS 2OFF
[06-22-2018] [16:13:56] : MEAS ON 2
[06-22-2018] [16:14:02] : MEAS 2OFF
[06-22-2018] [16:14:20] : MEAS ON 2
[06-22-2018] [16:14:25] : MEAS 2OFF
[06-22-2018] [16:14:42] : MEAS ON 2
[06-22-2018] [16:14:48] : MEAS 2OFF
[06-22-2018] [16:15:07] : MEAS ON 2
[06-22-2018] [16:15:13] : MEAS 2OFF
[06-22-2018] [16:15:30] : MEAS ON 2
[06-22-2018] [16:15:35] : MEAS 2OFF
[06-22-2018] [16:15:56] : MEAS ON 2
[06-22-2018] [16:16:02] : MEAS 2OFF
[06-22-2018] [16:16:19] : MEAS ON 2
[06-22-2018] [16:16:25] : MEAS 2OFF
[06-22-2018] [16:16:46] : MEAS ON 2
[06-22-2018] [16:16:52] : MEAS 2OFF
[06-22-2018] [16:17:11] : MEAS ON 2
[06-22-2018] [16:17:17] : MEAS 2OFF
[06-22-2018] [16:17:33] : MEAS ON 2
[06-22-2018] [16:17:39] : MEAS 2OFF
[06-22-2018] [16:17:59] : MEAS ON 2
[06-22-2018] [16:18:05] : MEAS 2OFF
[06-22-2018] [16:18:22] : MEAS ON 2
[06-22-2018] [16:18:28] : MEAS 2OFF
[06-22-2018] [16:18:49] : MEAS ON 2
[06-22-2018] [16:18:55] : MEAS 2OFF
[06-22-2018] [16:19:13] : MEAS ON 2
[06-22-2018] [16:19:19] : MEAS 2OFF
[06-22-2018] [16:19:36] : MEAS ON 2
[06-22-2018] [16:19:42] : MEAS 2OFF
[06-22-2018] [16:20:01] : MEAS ON 2
[06-22-2018] [16:20:07] : MEAS 2OFF
[06-22-2018] [16:20:24] : MEAS ON 2
[06-22-2018] [16:20:29] : MEAS 2OFF
[06-22-2018] [16:20:50] : MEAS ON 2
[06-22-2018] [16:20:56] : MEAS 2OFF
[06-22-2018] [16:21:14] : MEAS ON 2
[06-22-2018] [16:21:19] : MEAS 2OFF
[06-22-2018] [16:21:36] : MEAS ON 2
[06-22-2018] [16:21:41] : MEAS 2OFF
[06-22-2018] [16:22:01] : MEAS ON 2
[06-22-2018] [16:22:07] : MEAS 2OFF
[06-22-2018] [16:22:24] : MEAS ON 2
[06-22-2018] [16:22:29] : MEAS 2OFF
[06-22-2018] [16:22:49] : MEAS ON 2
[06-22-2018] [16:22:55] : MEAS 2OFF
[06-22-2018] [16:23:12] : MEAS ON 2
[06-22-2018] [16:23:18] : MEAS 2OFF
[06-22-2018] [16:23:39] : MEAS ON 2
[06-22-2018] [16:23:45] : MEAS 2OFF
[06-22-2018] [16:24:04] : MEAS ON 2
[06-22-2018] [16:24:10] : MEAS 2OFF
[06-22-2018] [16:24:26] : MEAS ON 2
[06-22-2018] [16:24:32] : MEAS 2OFF
[06-22-2018] [16:24:52] : MEAS ON 2
[06-22-2018] [16:24:58] : MEAS 2OFF
[06-22-2018] [16:25:15] : MEAS ON 2
[06-22-2018] [16:25:21] : MEAS 2OFF
[06-22-2018] [16:25:41] : MEAS ON 2
[06-22-2018] [16:25:47] : MEAS 2OFF
[06-22-2018] [16:26:05] : MEAS ON 2
[06-22-2018] [16:26:11] : MEAS 2OFF
[06-22-2018] [16:26:28] : MEAS ON 2
[06-22-2018] [16:26:33] : MEAS 2OFF
[06-22-2018] [16:26:53] : MEAS ON 2
[06-22-2018] [16:26:59] : MEAS 2OFF
[06-22-2018] [16:27:16] : MEAS ON 2
[06-22-2018] [16:27:21] : MEAS 2OFF
[06-22-2018] [16:27:41] : MEAS ON 2
[06-22-2018] [16:27:47] : MEAS 2OFF
[06-22-2018] [16:28:06] : MEAS ON 2
[06-22-2018] [16:28:11] : MEAS 2OFF
[06-22-2018] [16:28:27] : MEAS ON 2
[06-22-2018] [16:28:33] : MEAS 2OFF
[06-22-2018] [16:28:53] : MEAS ON 2
[06-22-2018] [16:28:59] : MEAS 2OFF
[06-22-2018] [16:29:16] : MEAS ON 2
[06-22-2018] [16:29:21] : MEAS 2OFF
[06-22-2018] [16:29:41] : MEAS ON 2
[06-22-2018] [16:29:47] : MEAS 2OFF
[06-22-2018] [16:30:04] : MEAS ON 2
[06-22-2018] [16:30:10] : MEAS 2OFF
[06-22-2018] [16:30:31] : MEAS ON 2
[06-22-2018] [16:30:37] : MEAS 2OFF
[06-22-2018] [16:30:56] : MEAS ON 2
[06-22-2018] [16:31:02] : MEAS 2OFF
[06-22-2018] [16:31:18] : MEAS ON 2
[06-22-2018] [16:31:24] : MEAS 2OFF
[06-22-2018] [16:31:44] : MEAS ON 2
[06-22-2018] [16:31:50] : MEAS 2OFF
[06-22-2018] [16:32:07] : MEAS ON 2
[06-22-2018] [16:32:13] : MEAS 2OFF
[06-22-2018] [16:32:33] : MEAS ON 2
[06-22-2018] [16:32:39] : MEAS 2OFF
[06-22-2018] [16:32:57] : MEAS ON 2
[06-22-2018] [16:33:03] : MEAS 2OFF
[06-22-2018] [16:33:19] : MEAS ON 2
[06-22-2018] [16:33:25] : MEAS 2OFF
[06-22-2018] [16:33:44] : MEAS ON 2
[06-22-2018] [16:33:50] : MEAS 2OFF
[06-22-2018] [16:34:08] : MEAS ON 2
[06-22-2018] [16:34:13] : MEAS 2OFF
[06-22-2018] [16:34:33] : MEAS ON 2
[06-22-2018] [16:34:38] : MEAS 2OFF
[06-22-2018] [16:34:58] : MEAS ON 2
[06-22-2018] [16:35:03] : MEAS 2OFF
[06-22-2018] [16:35:23] : MEAS ON 2
[06-22-2018] [16:35:29] : MEAS 2OFF
[06-22-2018] [16:35:48] : MEAS ON 2
[06-22-2018] [16:35:54] : MEAS 2OFF
[06-22-2018] [16:36:11] : MEAS ON 2
[06-22-2018] [16:36:17] : MEAS 2OFF
[06-22-2018] [16:36:36] : MEAS ON 2
[06-22-2018] [16:36:42] : MEAS 2OFF
[06-22-2018] [16:37:00] : MEAS ON 2
[06-22-2018] [16:37:06] : MEAS 2OFF
[06-22-2018] [16:37:26] : MEAS ON 2
[06-22-2018] [16:37:32] : MEAS 2OFF
[06-22-2018] [16:37:51] : MEAS ON 2
[06-22-2018] [16:37:57] : MEAS 2OFF
[06-22-2018] [16:38:13] : MEAS ON 2
[06-22-2018] [16:38:19] : MEAS 2OFF
[06-22-2018] [16:38:38] : MEAS ON 2
[06-22-2018] [16:38:44] : MEAS 2OFF
[06-22-2018] [16:39:02] : MEAS ON 2
[06-22-2018] [16:39:08] : MEAS 2OFF
[06-22-2018] [16:39:28] : MEAS ON 2
[06-22-2018] [16:39:34] : MEAS 2OFF
[06-22-2018] [16:39:51] : MEAS ON 2
[06-22-2018] [16:39:57] : MEAS 2OFF
[06-22-2018] [16:40:14] : MEAS ON 2
[06-22-2018] [16:40:20] : MEAS 2OFF
[06-22-2018] [16:40:38] : MEAS ON 2
[06-22-2018] [16:40:44] : MEAS 2OFF
[06-22-2018] [16:41:02] : MEAS ON 2
[06-22-2018] [16:41:07] : MEAS 2OFF
[06-22-2018] [16:41:27] : MEAS ON 2
[06-22-2018] [16:41:33] : MEAS 2OFF
[06-22-2018] [16:41:50] : MEAS ON 2
[06-22-2018] [16:41:56] : MEAS 2OFF
[06-22-2018] [16:42:17] : MEAS ON 2
[06-22-2018] [16:42:23] : MEAS 2OFF
[06-22-2018] [16:42:42] : MEAS ON 2
[06-22-2018] [16:42:48] : MEAS 2OFF
[06-22-2018] [16:43:04] : MEAS ON 2
[06-22-2018] [16:43:10] : MEAS 2OFF
[06-22-2018] [16:43:29] : MEAS ON 2
[06-22-2018] [16:43:35] : MEAS 2OFF
[06-22-2018] [16:43:52] : MEAS ON 2
[06-22-2018] [16:43:57] : MEAS 2OFF
[06-22-2018] [16:44:17] : MEAS ON 2
[06-22-2018] [16:44:23] : MEAS 2OFF
[06-22-2018] [16:44:41] : MEAS ON 2
[06-22-2018] [16:44:47] : MEAS 2OFF
[06-22-2018] [16:45:08] : MEAS ON 2
[06-22-2018] [16:45:14] : MEAS 2OFF
[06-22-2018] [16:57:21] : PROGRAM END
 
