[06-26-2018] [11:05:14] : PROGRAM START
[06-26-2018] [11:05:41] : REQUEST ZEROSET ON
[06-26-2018] [11:05:47] : REQUEST ZEROSET OFF
[06-26-2018] [11:06:05] : REQUEST ZEROSET ON
[06-26-2018] [11:06:11] : REQUEST ZEROSET OFF
[06-26-2018] [11:10:45] : REQUEST ZEROSET ON
[06-26-2018] [11:10:50] : REQUEST ZEROSET OFF
[06-26-2018] [11:11:11] : REQUEST ZEROSET ON
[06-26-2018] [11:11:17] : REQUEST ZEROSET OFF
[06-26-2018] [11:11:35] : REQUEST ZEROSET ON
[06-26-2018] [11:11:40] : REQUEST ZEROSET OFF
[06-26-2018] [11:12:01] : REQUEST ZEROSET ON
[06-26-2018] [11:12:07] : REQUEST ZEROSET OFF
[06-26-2018] [11:23:59] : MEAS ON 2
[06-26-2018] [11:24:05] : MEAS 2OFF
[06-26-2018] [11:24:25] : MEAS ON 2
[06-26-2018] [11:24:31] : MEAS 2OFF
[06-26-2018] [11:24:49] : MEAS ON 2
[06-26-2018] [11:24:55] : MEAS 2OFF
[06-26-2018] [11:25:11] : MEAS ON 2
[06-26-2018] [11:25:17] : MEAS 2OFF
[06-26-2018] [11:25:37] : MEAS ON 2
[06-26-2018] [11:25:43] : MEAS 2OFF
[06-26-2018] [11:26:00] : MEAS ON 2
[06-26-2018] [11:26:05] : MEAS 2OFF
[06-26-2018] [11:26:25] : MEAS ON 2
[06-26-2018] [11:26:31] : MEAS 2OFF
[06-26-2018] [11:26:48] : MEAS ON 2
[06-26-2018] [11:26:54] : MEAS 2OFF
[06-26-2018] [11:27:15] : MEAS ON 2
[06-26-2018] [11:27:21] : MEAS 2OFF
[06-26-2018] [11:27:40] : MEAS ON 2
[06-26-2018] [11:27:46] : MEAS 2OFF
[06-26-2018] [11:28:02] : MEAS ON 2
[06-26-2018] [11:28:08] : MEAS 2OFF
[06-26-2018] [11:28:27] : MEAS ON 2
[06-26-2018] [11:28:33] : MEAS 2OFF
[06-26-2018] [11:28:50] : MEAS ON 2
[06-26-2018] [11:28:55] : MEAS 2OFF
[06-26-2018] [11:29:15] : MEAS ON 2
[06-26-2018] [11:29:21] : MEAS 2OFF
[06-26-2018] [11:29:39] : MEAS ON 2
[06-26-2018] [11:29:45] : MEAS 2OFF
[06-26-2018] [11:30:06] : MEAS ON 2
[06-26-2018] [11:30:12] : MEAS 2OFF
[06-26-2018] [11:30:30] : MEAS ON 2
[06-26-2018] [11:30:36] : MEAS 2OFF
[06-26-2018] [11:30:53] : MEAS ON 2
[06-26-2018] [11:30:59] : MEAS 2OFF
[06-26-2018] [11:31:18] : MEAS ON 2
[06-26-2018] [11:31:24] : MEAS 2OFF
[06-26-2018] [11:31:42] : MEAS ON 2
[06-26-2018] [11:31:48] : MEAS 2OFF
[06-26-2018] [11:32:08] : MEAS ON 2
[06-26-2018] [11:32:14] : MEAS 2OFF
[06-26-2018] [11:32:32] : MEAS ON 2
[06-26-2018] [11:32:38] : MEAS 2OFF
[06-26-2018] [11:32:54] : MEAS ON 2
[06-26-2018] [11:33:00] : MEAS 2OFF
[06-26-2018] [11:33:19] : MEAS ON 2
[06-26-2018] [11:33:25] : MEAS 2OFF
[06-26-2018] [11:33:43] : MEAS ON 2
[06-26-2018] [11:33:49] : MEAS 2OFF
[06-26-2018] [11:34:09] : MEAS ON 2
[06-26-2018] [11:34:15] : MEAS 2OFF
[06-26-2018] [11:34:33] : MEAS ON 2
[06-26-2018] [11:34:39] : MEAS 2OFF
[06-26-2018] [11:34:55] : MEAS ON 2
[06-26-2018] [11:35:01] : MEAS 2OFF
[06-26-2018] [11:35:20] : MEAS ON 2
[06-26-2018] [11:35:26] : MEAS 2OFF
[06-26-2018] [11:35:43] : MEAS ON 2
[06-26-2018] [11:35:49] : MEAS 2OFF
[06-26-2018] [11:36:09] : MEAS ON 2
[06-26-2018] [11:36:15] : MEAS 2OFF
[06-26-2018] [11:36:36] : MEAS ON 2
[06-26-2018] [11:36:42] : MEAS 2OFF
[06-26-2018] [11:37:10] : MEAS ON 2
[06-26-2018] [11:37:15] : MEAS 2OFF
[06-26-2018] [11:37:34] : MEAS ON 2
[06-26-2018] [11:37:40] : MEAS 2OFF
[06-26-2018] [11:37:57] : MEAS ON 2
[06-26-2018] [11:38:03] : MEAS 2OFF
[06-26-2018] [11:38:22] : MEAS ON 2
[06-26-2018] [11:38:28] : MEAS 2OFF
[06-26-2018] [11:38:46] : MEAS ON 2
[06-26-2018] [11:38:52] : MEAS 2OFF
[06-26-2018] [11:39:12] : MEAS ON 2
[06-26-2018] [11:39:18] : MEAS 2OFF
[06-26-2018] [11:39:37] : MEAS ON 2
[06-26-2018] [11:39:43] : MEAS 2OFF
[06-26-2018] [11:40:00] : MEAS ON 2
[06-26-2018] [11:40:06] : MEAS 2OFF
[06-26-2018] [11:40:25] : MEAS ON 2
[06-26-2018] [11:40:31] : MEAS 2OFF
[06-26-2018] [11:40:48] : MEAS ON 2
[06-26-2018] [11:40:54] : MEAS 2OFF
[06-26-2018] [11:41:14] : MEAS ON 2
[06-26-2018] [11:41:20] : MEAS 2OFF
[06-26-2018] [11:41:39] : MEAS ON 2
[06-26-2018] [11:41:45] : MEAS 2OFF
[06-26-2018] [11:42:01] : MEAS ON 2
[06-26-2018] [11:42:06] : MEAS 2OFF
[06-26-2018] [11:42:26] : MEAS ON 2
[06-26-2018] [11:42:32] : MEAS 2OFF
[06-26-2018] [11:42:49] : MEAS ON 2
[06-26-2018] [11:42:54] : MEAS 2OFF
 
[06-26-2018] [13:32:10] : PROGRAM END
 
[06-26-2018] [13:32:13] : PROGRAM START
[06-26-2018] [13:32:34] : REQUEST ZEROSET ON
[06-26-2018] [13:32:40] : REQUEST ZEROSET OFF
[06-26-2018] [13:33:09] : MEAS ON 2
[06-26-2018] [13:33:15] : MEAS 2OFF
[06-26-2018] [13:33:37] : MEAS ON 2
[06-26-2018] [13:33:42] : MEAS 2OFF
[06-26-2018] [13:34:01] : MEAS ON 2
[06-26-2018] [13:34:07] : MEAS 2OFF
[06-26-2018] [13:34:24] : MEAS ON 2
[06-26-2018] [13:34:30] : MEAS 2OFF
[06-26-2018] [13:34:49] : MEAS ON 2
[06-26-2018] [13:34:55] : MEAS 2OFF
[06-26-2018] [13:35:12] : MEAS ON 2
[06-26-2018] [13:35:18] : MEAS 2OFF
[06-26-2018] [13:35:39] : MEAS ON 2
[06-26-2018] [13:35:45] : MEAS 2OFF
[06-26-2018] [13:36:03] : MEAS ON 2
[06-26-2018] [13:36:09] : MEAS 2OFF
[06-26-2018] [13:36:25] : MEAS ON 2
[06-26-2018] [13:36:31] : MEAS 2OFF
[06-26-2018] [13:36:50] : MEAS ON 2
[06-26-2018] [13:36:56] : MEAS 2OFF
[06-26-2018] [13:37:13] : MEAS ON 2
[06-26-2018] [13:37:19] : MEAS 2OFF
[06-26-2018] [13:37:40] : MEAS ON 2
[06-26-2018] [13:37:46] : MEAS 2OFF
[06-26-2018] [13:38:04] : MEAS ON 2
[06-26-2018] [13:38:09] : MEAS 2OFF
[06-26-2018] [13:38:26] : MEAS ON 2
[06-26-2018] [13:38:32] : MEAS 2OFF
[06-26-2018] [13:38:51] : MEAS ON 2
[06-26-2018] [13:38:57] : MEAS 2OFF
[06-26-2018] [13:39:14] : MEAS ON 2
[06-26-2018] [13:39:19] : MEAS 2OFF
[06-26-2018] [13:39:39] : MEAS ON 2
[06-26-2018] [13:39:45] : MEAS 2OFF
[06-26-2018] [13:40:04] : MEAS ON 2
[06-26-2018] [13:40:09] : MEAS 2OFF
[06-26-2018] [13:40:30] : MEAS ON 2
[06-26-2018] [13:40:36] : MEAS 2OFF
[06-26-2018] [13:40:54] : MEAS ON 2
[06-26-2018] [13:41:00] : MEAS 2OFF
[06-26-2018] [13:41:17] : MEAS ON 2
[06-26-2018] [13:41:23] : MEAS 2OFF
[06-26-2018] [13:41:42] : MEAS ON 2
[06-26-2018] [13:41:48] : MEAS 2OFF
[06-26-2018] [13:42:06] : MEAS ON 2
[06-26-2018] [13:42:12] : MEAS 2OFF
[06-26-2018] [13:42:32] : MEAS ON 2
[06-26-2018] [13:42:38] : MEAS 2OFF
[06-26-2018] [13:42:56] : MEAS ON 2
[06-26-2018] [13:43:02] : MEAS 2OFF
[06-26-2018] [13:43:18] : MEAS ON 2
[06-26-2018] [13:43:24] : MEAS 2OFF
[06-26-2018] [13:43:43] : MEAS ON 2
[06-26-2018] [13:43:49] : MEAS 2OFF
[06-26-2018] [13:44:06] : MEAS ON 2
[06-26-2018] [13:44:11] : MEAS 2OFF
[06-26-2018] [13:44:32] : MEAS ON 2
[06-26-2018] [13:44:37] : MEAS 2OFF
[06-26-2018] [13:44:55] : MEAS ON 2
[06-26-2018] [13:45:01] : MEAS 2OFF
[06-26-2018] [13:45:44] : MEAS ON 2
[06-26-2018] [13:45:50] : MEAS 2OFF
[06-26-2018] [13:46:09] : MEAS ON 2
[06-26-2018] [13:46:15] : MEAS 2OFF
[06-26-2018] [13:46:32] : MEAS ON 2
[06-26-2018] [13:46:38] : MEAS 2OFF
[06-26-2018] [13:46:57] : MEAS ON 2
[06-26-2018] [13:47:03] : MEAS 2OFF
[06-26-2018] [13:47:20] : MEAS ON 2
[06-26-2018] [13:47:26] : MEAS 2OFF
[06-26-2018] [13:47:46] : MEAS ON 2
[06-26-2018] [13:47:52] : MEAS 2OFF
[06-26-2018] [13:48:11] : MEAS ON 2
[06-26-2018] [13:48:17] : MEAS 2OFF
[06-26-2018] [13:48:33] : MEAS ON 2
[06-26-2018] [13:48:39] : MEAS 2OFF
[06-26-2018] [13:48:58] : MEAS ON 2
[06-26-2018] [13:49:04] : MEAS 2OFF
[06-26-2018] [13:49:21] : MEAS ON 2
[06-26-2018] [13:49:26] : MEAS 2OFF
[06-26-2018] [13:49:46] : MEAS ON 2
[06-26-2018] [13:49:52] : MEAS 2OFF
[06-26-2018] [13:50:10] : MEAS ON 2
[06-26-2018] [13:50:16] : MEAS 2OFF
[06-26-2018] [13:50:36] : MEAS ON 2
[06-26-2018] [13:50:42] : MEAS 2OFF
[06-26-2018] [13:51:01] : MEAS ON 2
[06-26-2018] [13:51:07] : MEAS 2OFF
[06-26-2018] [13:51:24] : MEAS ON 2
[06-26-2018] [13:51:30] : MEAS 2OFF
[06-26-2018] [13:51:49] : MEAS ON 2
[06-26-2018] [13:51:55] : MEAS 2OFF
[06-26-2018] [13:52:13] : MEAS ON 2
[06-26-2018] [13:52:19] : MEAS 2OFF
[06-26-2018] [13:52:39] : MEAS ON 2
[06-26-2018] [13:52:45] : MEAS 2OFF
[06-26-2018] [13:53:03] : MEAS ON 2
[06-26-2018] [13:53:09] : MEAS 2OFF
[06-26-2018] [13:53:25] : MEAS ON 2
[06-26-2018] [13:53:30] : MEAS 2OFF
[06-26-2018] [13:53:50] : MEAS ON 2
[06-26-2018] [13:53:56] : MEAS 2OFF
[06-26-2018] [13:54:13] : MEAS ON 2
[06-26-2018] [13:54:18] : MEAS 2OFF
[06-26-2018] [13:54:38] : MEAS ON 2
[06-26-2018] [13:54:44] : MEAS 2OFF
[06-26-2018] [13:55:02] : MEAS ON 2
[06-26-2018] [13:55:08] : MEAS 2OFF
[06-26-2018] [13:55:28] : MEAS ON 2
[06-26-2018] [13:55:34] : MEAS 2OFF
[06-26-2018] [13:55:53] : MEAS ON 2
[06-26-2018] [13:55:59] : MEAS 2OFF
[06-26-2018] [13:56:15] : MEAS ON 2
[06-26-2018] [13:56:21] : MEAS 2OFF
[06-26-2018] [13:56:41] : MEAS ON 2
[06-26-2018] [13:56:47] : MEAS 2OFF
[06-26-2018] [13:57:04] : MEAS ON 2
[06-26-2018] [13:57:10] : MEAS 2OFF
[06-26-2018] [13:57:30] : MEAS ON 2
[06-26-2018] [13:57:36] : MEAS 2OFF
[06-26-2018] [13:57:54] : MEAS ON 2
[06-26-2018] [13:58:00] : MEAS 2OFF
[06-26-2018] [13:58:17] : MEAS ON 2
[06-26-2018] [13:58:23] : MEAS 2OFF
[06-26-2018] [13:58:42] : MEAS ON 2
[06-26-2018] [13:58:48] : MEAS 2OFF
[06-26-2018] [13:59:04] : MEAS ON 2
[06-26-2018] [13:59:10] : MEAS 2OFF
[06-26-2018] [13:59:30] : MEAS ON 2
[06-26-2018] [13:59:36] : MEAS 2OFF
[06-26-2018] [13:59:53] : MEAS ON 2
[06-26-2018] [13:59:59] : MEAS 2OFF
[06-26-2018] [14:00:20] : MEAS ON 2
[06-26-2018] [14:00:26] : MEAS 2OFF
[06-26-2018] [14:00:45] : MEAS ON 2
[06-26-2018] [14:00:51] : MEAS 2OFF
[06-26-2018] [14:01:07] : MEAS ON 2
[06-26-2018] [14:01:13] : MEAS 2OFF
[06-26-2018] [14:01:33] : MEAS ON 2
[06-26-2018] [14:01:39] : MEAS 2OFF
[06-26-2018] [14:01:56] : MEAS ON 2
[06-26-2018] [14:02:02] : MEAS 2OFF
[06-26-2018] [14:02:23] : MEAS ON 2
[06-26-2018] [14:02:29] : MEAS 2OFF
[06-26-2018] [14:02:47] : MEAS ON 2
[06-26-2018] [14:02:53] : MEAS 2OFF
[06-26-2018] [14:03:09] : MEAS ON 2
[06-26-2018] [14:03:15] : MEAS 2OFF
[06-26-2018] [14:03:34] : MEAS ON 2
[06-26-2018] [14:03:40] : MEAS 2OFF
[06-26-2018] [14:03:57] : MEAS ON 2
[06-26-2018] [14:04:03] : MEAS 2OFF
[06-26-2018] [14:04:24] : MEAS ON 2
[06-26-2018] [14:04:30] : MEAS 2OFF
[06-26-2018] [14:04:48] : MEAS ON 2
[06-26-2018] [14:04:54] : MEAS 2OFF
[06-26-2018] [14:05:10] : MEAS ON 2
[06-26-2018] [14:05:16] : MEAS 2OFF
[06-26-2018] [14:05:35] : MEAS ON 2
[06-26-2018] [14:05:41] : MEAS 2OFF
[06-26-2018] [14:05:58] : MEAS ON 2
[06-26-2018] [14:06:03] : MEAS 2OFF
[06-26-2018] [14:06:23] : MEAS ON 2
[06-26-2018] [14:06:29] : MEAS 2OFF
[06-26-2018] [14:06:47] : MEAS ON 2
[06-26-2018] [14:06:53] : MEAS 2OFF
[06-26-2018] [14:07:14] : MEAS ON 2
[06-26-2018] [14:07:20] : MEAS 2OFF
[06-26-2018] [14:07:39] : MEAS ON 2
[06-26-2018] [14:07:45] : MEAS 2OFF
[06-26-2018] [14:08:01] : MEAS ON 2
[06-26-2018] [14:08:07] : MEAS 2OFF
[06-26-2018] [14:08:27] : MEAS ON 2
[06-26-2018] [14:08:33] : MEAS 2OFF
[06-26-2018] [14:08:50] : MEAS ON 2
[06-26-2018] [14:08:56] : MEAS 2OFF
[06-26-2018] [14:09:16] : MEAS ON 2
[06-26-2018] [14:09:22] : MEAS 2OFF
[06-26-2018] [14:09:40] : MEAS ON 2
[06-26-2018] [14:09:46] : MEAS 2OFF
[06-26-2018] [14:10:02] : MEAS ON 2
[06-26-2018] [14:10:08] : MEAS 2OFF
[06-26-2018] [14:10:27] : MEAS ON 2
[06-26-2018] [14:10:33] : MEAS 2OFF
[06-26-2018] [14:10:51] : MEAS ON 2
[06-26-2018] [14:10:56] : MEAS 2OFF
[06-26-2018] [14:11:17] : MEAS ON 2
[06-26-2018] [14:11:23] : MEAS 2OFF
[06-26-2018] [14:11:40] : MEAS ON 2
[06-26-2018] [14:11:46] : MEAS 2OFF
[06-26-2018] [14:12:03] : MEAS ON 2
[06-26-2018] [14:12:08] : MEAS 2OFF
[06-26-2018] [14:12:28] : MEAS ON 2
[06-26-2018] [14:12:34] : MEAS 2OFF
[06-26-2018] [14:12:51] : MEAS ON 2
[06-26-2018] [14:12:56] : MEAS 2OFF
[06-26-2018] [14:13:17] : MEAS ON 2
[06-26-2018] [14:13:23] : MEAS 2OFF
[06-26-2018] [14:13:41] : MEAS ON 2
[06-26-2018] [14:13:46] : MEAS 2OFF
[06-26-2018] [14:14:07] : MEAS ON 2
[06-26-2018] [14:14:13] : MEAS 2OFF
[06-26-2018] [14:14:31] : MEAS ON 2
[06-26-2018] [14:14:37] : MEAS 2OFF
[06-26-2018] [14:14:54] : MEAS ON 2
[06-26-2018] [14:15:00] : MEAS 2OFF
[06-26-2018] [14:15:20] : MEAS ON 2
[06-26-2018] [14:15:26] : MEAS 2OFF
[06-26-2018] [14:15:43] : MEAS ON 2
[06-26-2018] [14:15:49] : MEAS 2OFF
[06-26-2018] [14:16:10] : MEAS ON 2
[06-26-2018] [14:16:16] : MEAS 2OFF
[06-26-2018] [14:16:35] : MEAS ON 2
[06-26-2018] [14:16:41] : MEAS 2OFF
[06-26-2018] [14:16:57] : MEAS ON 2
[06-26-2018] [14:17:03] : MEAS 2OFF
[06-26-2018] [14:17:22] : MEAS ON 2
[06-26-2018] [14:17:28] : MEAS 2OFF
[06-26-2018] [14:17:45] : MEAS ON 2
[06-26-2018] [14:17:50] : MEAS 2OFF
[06-26-2018] [14:18:11] : MEAS ON 2
[06-26-2018] [14:18:17] : MEAS 2OFF
[06-26-2018] [14:18:34] : MEAS ON 2
[06-26-2018] [14:18:40] : MEAS 2OFF
[06-26-2018] [14:19:01] : MEAS ON 2
[06-26-2018] [14:19:07] : MEAS 2OFF
[06-26-2018] [14:19:26] : MEAS ON 2
[06-26-2018] [14:19:32] : MEAS 2OFF
[06-26-2018] [14:19:48] : MEAS ON 2
[06-26-2018] [14:19:54] : MEAS 2OFF
[06-26-2018] [14:20:14] : MEAS ON 2
[06-26-2018] [14:20:20] : MEAS 2OFF
[06-26-2018] [14:20:37] : MEAS ON 2
[06-26-2018] [14:20:42] : MEAS 2OFF
[06-26-2018] [14:21:03] : MEAS ON 2
[06-26-2018] [14:21:09] : MEAS 2OFF
[06-26-2018] [14:21:27] : MEAS ON 2
[06-26-2018] [14:21:32] : MEAS 2OFF
[06-26-2018] [14:21:49] : MEAS ON 2
[06-26-2018] [14:21:55] : MEAS 2OFF
[06-26-2018] [14:22:14] : MEAS ON 2
[06-26-2018] [14:22:20] : MEAS 2OFF
[06-26-2018] [14:22:38] : MEAS ON 2
[06-26-2018] [14:22:44] : MEAS 2OFF
[06-26-2018] [14:23:04] : MEAS ON 2
[06-26-2018] [14:23:10] : MEAS 2OFF
[06-26-2018] [14:23:28] : MEAS ON 2
[06-26-2018] [14:23:34] : MEAS 2OFF
[06-26-2018] [14:23:50] : MEAS ON 2
[06-26-2018] [14:23:56] : MEAS 2OFF
[06-26-2018] [14:24:15] : MEAS ON 2
[06-26-2018] [14:24:21] : MEAS 2OFF
[06-26-2018] [14:24:39] : MEAS ON 2
[06-26-2018] [14:24:45] : MEAS 2OFF
[06-26-2018] [14:25:05] : MEAS ON 2
[06-26-2018] [14:25:11] : MEAS 2OFF
[06-26-2018] [14:25:28] : MEAS ON 2
[06-26-2018] [14:25:34] : MEAS 2OFF
[06-26-2018] [14:25:55] : MEAS ON 2
[06-26-2018] [14:26:01] : MEAS 2OFF
[06-26-2018] [14:26:19] : MEAS ON 2
[06-26-2018] [14:26:25] : MEAS 2OFF
[06-26-2018] [14:26:42] : MEAS ON 2
[06-26-2018] [14:26:48] : MEAS 2OFF
[06-26-2018] [14:27:07] : MEAS ON 2
[06-26-2018] [14:27:13] : MEAS 2OFF
[06-26-2018] [16:07:51] : MEAS ON 2
[06-26-2018] [16:07:57] : MEAS 2OFF
[06-26-2018] [16:08:13] : MEAS ON 2
[06-26-2018] [16:08:19] : MEAS 2OFF
[06-26-2018] [16:08:35] : MEAS ON 2
[06-26-2018] [16:08:41] : MEAS 2OFF
[06-26-2018] [16:08:58] : MEAS ON 2
[06-26-2018] [16:09:04] : MEAS 2OFF
[06-26-2018] [16:09:20] : MEAS ON 2
[06-26-2018] [16:09:26] : MEAS 2OFF
[06-26-2018] [16:09:42] : MEAS ON 2
[06-26-2018] [16:09:48] : MEAS 2OFF
[06-26-2018] [16:10:04] : MEAS ON 2
[06-26-2018] [16:10:10] : MEAS 2OFF
[06-26-2018] [16:10:26] : MEAS ON 2
[06-26-2018] [16:10:32] : MEAS 2OFF
[06-26-2018] [16:10:49] : MEAS ON 2
[06-26-2018] [16:10:55] : MEAS 2OFF
[06-26-2018] [16:11:11] : MEAS ON 2
[06-26-2018] [16:11:17] : MEAS 2OFF
[06-26-2018] [16:15:03] : MEAS ON 2
[06-26-2018] [16:15:09] : MEAS 2OFF
[06-26-2018] [16:15:28] : MEAS ON 2
[06-26-2018] [16:15:34] : MEAS 2OFF
[06-26-2018] [16:15:50] : MEAS ON 2
[06-26-2018] [16:15:56] : MEAS 2OFF
[06-26-2018] [16:16:15] : MEAS ON 2
[06-26-2018] [16:16:21] : MEAS 2OFF
[06-26-2018] [16:16:38] : MEAS ON 2
[06-26-2018] [16:16:43] : MEAS 2OFF
[06-26-2018] [16:17:04] : MEAS ON 2
[06-26-2018] [16:17:10] : MEAS 2OFF
[06-26-2018] [16:17:28] : MEAS ON 2
[06-26-2018] [16:17:33] : MEAS 2OFF
[06-26-2018] [16:17:50] : MEAS ON 2
[06-26-2018] [16:17:55] : MEAS 2OFF
[06-26-2018] [16:18:15] : MEAS ON 2
[06-26-2018] [16:18:21] : MEAS 2OFF
[06-26-2018] [16:18:38] : MEAS ON 2
[06-26-2018] [16:18:43] : MEAS 2OFF
[06-26-2018] [16:22:09] : MEAS ON 2
[06-26-2018] [16:22:15] : MEAS 2OFF
[06-26-2018] [16:22:31] : MEAS ON 2
[06-26-2018] [16:22:36] : MEAS 2OFF
[06-26-2018] [16:22:56] : MEAS ON 2
[06-26-2018] [16:23:02] : MEAS 2OFF
[06-26-2018] [16:23:24] : MEAS ON 2
[06-26-2018] [16:23:29] : MEAS 2OFF
[06-26-2018] [16:23:50] : MEAS ON 2
[06-26-2018] [16:23:56] : MEAS 2OFF
[06-26-2018] [16:24:14] : MEAS ON 2
[06-26-2018] [16:24:20] : MEAS 2OFF
[06-26-2018] [16:24:36] : MEAS ON 2
[06-26-2018] [16:24:42] : MEAS 2OFF
[06-26-2018] [16:25:01] : MEAS ON 2
[06-26-2018] [16:25:07] : MEAS 2OFF
[06-26-2018] [16:25:25] : MEAS ON 2
[06-26-2018] [16:25:31] : MEAS 2OFF
[06-26-2018] [16:25:51] : MEAS ON 2
[06-26-2018] [16:25:57] : MEAS 2OFF
[06-26-2018] [16:26:13] : MEAS ON 2
[06-26-2018] [16:26:19] : MEAS 2OFF
[06-26-2018] [16:26:38] : MEAS ON 2
[06-26-2018] [16:26:44] : MEAS 2OFF
[06-26-2018] [16:27:00] : MEAS ON 2
[06-26-2018] [16:27:06] : MEAS 2OFF
[06-26-2018] [16:27:39] : MEAS ON 2
[06-26-2018] [16:27:45] : MEAS 2OFF
[06-26-2018] [16:28:04] : MEAS ON 2
[06-26-2018] [16:28:10] : MEAS 2OFF
[06-26-2018] [16:28:27] : MEAS ON 2
[06-26-2018] [16:28:32] : MEAS 2OFF
[06-26-2018] [16:28:52] : MEAS ON 2
[06-26-2018] [16:28:58] : MEAS 2OFF
[06-26-2018] [16:29:16] : MEAS ON 2
[06-26-2018] [16:29:22] : MEAS 2OFF
[06-26-2018] [16:29:42] : MEAS ON 2
[06-26-2018] [16:29:48] : MEAS 2OFF
[06-26-2018] [16:30:07] : MEAS ON 2
[06-26-2018] [16:30:13] : MEAS 2OFF
[06-26-2018] [16:30:30] : MEAS ON 2
[06-26-2018] [16:30:36] : MEAS 2OFF
[06-26-2018] [16:30:55] : MEAS ON 2
[06-26-2018] [16:31:01] : MEAS 2OFF
[06-26-2018] [16:31:19] : MEAS ON 2
[06-26-2018] [16:31:25] : MEAS 2OFF
[06-26-2018] [16:32:35] : MEAS ON 2
[06-26-2018] [16:32:41] : MEAS 2OFF
[06-26-2018] [16:32:58] : MEAS ON 2
[06-26-2018] [16:33:04] : MEAS 2OFF
[06-26-2018] [16:33:20] : MEAS ON 2
[06-26-2018] [16:33:26] : MEAS 2OFF
[06-26-2018] [16:33:42] : MEAS ON 2
[06-26-2018] [16:33:48] : MEAS 2OFF
[06-26-2018] [16:34:05] : MEAS ON 2
[06-26-2018] [16:34:11] : MEAS 2OFF
[06-26-2018] [16:34:27] : MEAS ON 2
[06-26-2018] [16:34:33] : MEAS 2OFF
[06-26-2018] [16:34:49] : MEAS ON 2
[06-26-2018] [16:34:55] : MEAS 2OFF
[06-26-2018] [16:35:11] : MEAS ON 2
[06-26-2018] [16:35:17] : MEAS 2OFF
[06-26-2018] [16:35:33] : MEAS ON 2
[06-26-2018] [16:35:39] : MEAS 2OFF
[06-26-2018] [16:35:56] : MEAS ON 2
[06-26-2018] [16:36:02] : MEAS 2OFF
[06-26-2018] [16:45:51] : MEAS ON 2
[06-26-2018] [16:45:57] : MEAS 2OFF
[06-26-2018] [16:46:14] : MEAS ON 2
[06-26-2018] [16:46:20] : MEAS 2OFF
[06-26-2018] [16:46:36] : MEAS ON 2
[06-26-2018] [16:46:42] : MEAS 2OFF
[06-26-2018] [16:46:58] : MEAS ON 2
[06-26-2018] [16:47:04] : MEAS 2OFF
[06-26-2018] [16:47:20] : MEAS ON 2
[06-26-2018] [16:47:26] : MEAS 2OFF
[06-26-2018] [16:47:42] : MEAS ON 2
[06-26-2018] [16:47:48] : MEAS 2OFF
[06-26-2018] [16:48:05] : MEAS ON 2
[06-26-2018] [16:48:11] : MEAS 2OFF
[06-26-2018] [16:48:27] : MEAS ON 2
[06-26-2018] [16:48:33] : MEAS 2OFF
[06-26-2018] [16:48:49] : MEAS ON 2
[06-26-2018] [16:48:55] : MEAS 2OFF
[06-26-2018] [16:49:11] : MEAS ON 2
[06-26-2018] [16:49:17] : MEAS 2OFF
[06-26-2018] [16:50:45] : MEAS ON 2
[06-26-2018] [16:50:51] : MEAS 2OFF
[06-26-2018] [16:51:10] : MEAS ON 2
[06-26-2018] [16:51:16] : MEAS 2OFF
[06-26-2018] [16:51:32] : MEAS ON 2
[06-26-2018] [16:51:38] : MEAS 2OFF
[06-26-2018] [16:51:54] : MEAS ON 2
[06-26-2018] [16:52:00] : MEAS 2OFF
[06-26-2018] [16:52:19] : MEAS ON 2
[06-26-2018] [16:52:25] : MEAS 2OFF
[06-26-2018] [16:52:43] : MEAS ON 2
[06-26-2018] [16:52:48] : MEAS 2OFF
[06-26-2018] [16:53:07] : MEAS ON 2
[06-26-2018] [16:53:13] : MEAS 2OFF
[06-26-2018] [16:53:31] : MEAS ON 2
[06-26-2018] [16:53:37] : MEAS 2OFF
[06-26-2018] [16:53:58] : MEAS ON 2
[06-26-2018] [16:54:04] : MEAS 2OFF
[06-26-2018] [16:54:23] : MEAS ON 2
[06-26-2018] [16:54:29] : MEAS 2OFF
[06-26-2018] [16:55:49] : MEAS ON 2
[06-26-2018] [16:55:55] : MEAS 2OFF
[06-26-2018] [16:56:14] : MEAS ON 2
[06-26-2018] [16:56:20] : MEAS 2OFF
[06-26-2018] [16:56:36] : MEAS ON 2
[06-26-2018] [16:56:42] : MEAS 2OFF
[06-26-2018] [16:57:02] : MEAS ON 2
[06-26-2018] [16:57:08] : MEAS 2OFF
[06-26-2018] [16:57:26] : MEAS ON 2
[06-26-2018] [16:57:32] : MEAS 2OFF
[06-26-2018] [16:57:53] : MEAS ON 2
[06-26-2018] [16:57:59] : MEAS 2OFF
[06-26-2018] [16:58:17] : MEAS ON 2
[06-26-2018] [16:58:23] : MEAS 2OFF
[06-26-2018] [16:58:40] : MEAS ON 2
[06-26-2018] [16:58:46] : MEAS 2OFF
[06-26-2018] [16:59:02] : MEAS ON 2
[06-26-2018] [16:59:08] : MEAS 2OFF
[06-26-2018] [16:59:24] : MEAS ON 2
[06-26-2018] [16:59:30] : MEAS 2OFF
[06-26-2018] [17:00:21] : MEAS ON 2
[06-26-2018] [17:00:27] : MEAS 2OFF
[06-26-2018] [17:00:44] : MEAS ON 2
[06-26-2018] [17:00:50] : MEAS 2OFF
[06-26-2018] [17:01:09] : MEAS ON 2
[06-26-2018] [17:01:15] : MEAS 2OFF
[06-26-2018] [17:01:32] : MEAS ON 2
[06-26-2018] [17:01:38] : MEAS 2OFF
[06-26-2018] [17:01:59] : MEAS ON 2
[06-26-2018] [17:02:05] : MEAS 2OFF
[06-26-2018] [17:02:23] : MEAS ON 2
[06-26-2018] [17:02:29] : MEAS 2OFF
[06-26-2018] [17:02:45] : MEAS ON 2
[06-26-2018] [17:02:51] : MEAS 2OFF
[06-26-2018] [17:03:10] : MEAS ON 2
[06-26-2018] [17:03:16] : MEAS 2OFF
[06-26-2018] [17:03:33] : MEAS ON 2
[06-26-2018] [17:03:38] : MEAS 2OFF
[06-26-2018] [17:03:58] : MEAS ON 2
[06-26-2018] [17:04:04] : MEAS 2OFF
[06-26-2018] [17:04:43] : MEAS ON 2
[06-26-2018] [17:04:49] : MEAS 2OFF
[06-26-2018] [17:05:08] : MEAS ON 2
[06-26-2018] [17:05:14] : MEAS 2OFF
[06-26-2018] [17:05:31] : MEAS ON 2
[06-26-2018] [17:05:36] : MEAS 2OFF
[06-26-2018] [17:05:56] : MEAS ON 2
[06-26-2018] [17:06:02] : MEAS 2OFF
[06-26-2018] [17:06:20] : MEAS ON 2
[06-26-2018] [17:06:26] : MEAS 2OFF
[06-26-2018] [17:06:47] : MEAS ON 2
[06-26-2018] [17:06:53] : MEAS 2OFF
[06-26-2018] [17:07:10] : MEAS ON 2
[06-26-2018] [17:07:16] : MEAS 2OFF
[06-26-2018] [17:07:32] : MEAS ON 2
[06-26-2018] [17:07:38] : MEAS 2OFF
[06-26-2018] [17:07:54] : MEAS ON 2
[06-26-2018] [17:08:00] : MEAS 2OFF
[06-26-2018] [17:08:16] : MEAS ON 2
[06-26-2018] [17:08:22] : MEAS 2OFF
[06-26-2018] [17:08:53] : MEAS ON 2
[06-26-2018] [17:08:59] : MEAS 2OFF
[06-26-2018] [17:09:18] : MEAS ON 2
[06-26-2018] [17:09:24] : MEAS 2OFF
[06-26-2018] [17:09:41] : MEAS ON 2
[06-26-2018] [17:09:47] : MEAS 2OFF
[06-26-2018] [17:10:06] : MEAS ON 2
[06-26-2018] [17:10:12] : MEAS 2OFF
[06-26-2018] [17:10:30] : MEAS ON 2
[06-26-2018] [17:10:36] : MEAS 2OFF
[06-26-2018] [17:10:56] : MEAS ON 2
[06-26-2018] [17:11:02] : MEAS 2OFF
[06-26-2018] [17:11:21] : MEAS ON 2
[06-26-2018] [17:11:27] : MEAS 2OFF
[06-26-2018] [17:11:43] : MEAS ON 2
[06-26-2018] [17:11:48] : MEAS 2OFF
[06-26-2018] [17:12:08] : MEAS ON 2
[06-26-2018] [17:12:14] : MEAS 2OFF
[06-26-2018] [17:12:31] : MEAS ON 2
[06-26-2018] [17:12:36] : MEAS 2OFF
[06-26-2018] [17:13:37] : MEAS ON 2
[06-26-2018] [17:13:43] : MEAS 2OFF
[06-26-2018] [17:13:59] : MEAS ON 2
[06-26-2018] [17:14:04] : MEAS 2OFF
[06-26-2018] [17:14:25] : MEAS ON 2
[06-26-2018] [17:14:31] : MEAS 2OFF
[06-26-2018] [17:14:52] : MEAS ON 2
[06-26-2018] [17:14:57] : MEAS 2OFF
[06-26-2018] [17:15:18] : MEAS ON 2
[06-26-2018] [17:15:24] : MEAS 2OFF
[06-26-2018] [17:15:40] : MEAS ON 2
[06-26-2018] [17:15:46] : MEAS 2OFF
[06-26-2018] [17:16:02] : MEAS ON 2
[06-26-2018] [17:16:08] : MEAS 2OFF
[06-26-2018] [17:16:24] : MEAS ON 2
[06-26-2018] [17:16:29] : MEAS 2OFF
[06-26-2018] [17:16:46] : MEAS ON 2
[06-26-2018] [17:16:51] : MEAS 2OFF
[06-26-2018] [17:17:11] : MEAS ON 2
[06-26-2018] [17:17:17] : MEAS 2OFF
[06-26-2018] [17:17:46] : MEAS ON 2
[06-26-2018] [17:17:52] : MEAS 2OFF
[06-26-2018] [17:18:09] : MEAS ON 2
[06-26-2018] [17:18:14] : MEAS 2OFF
[06-26-2018] [17:18:31] : MEAS ON 2
[06-26-2018] [17:18:37] : MEAS 2OFF
[06-26-2018] [17:18:58] : MEAS ON 2
[06-26-2018] [17:19:04] : MEAS 2OFF
[06-26-2018] [17:19:21] : MEAS ON 2
[06-26-2018] [17:19:27] : MEAS 2OFF
[06-26-2018] [17:19:43] : MEAS ON 2
[06-26-2018] [17:19:48] : MEAS 2OFF
[06-26-2018] [17:20:05] : MEAS ON 2
[06-26-2018] [17:20:10] : MEAS 2OFF
[06-26-2018] [17:20:27] : MEAS ON 2
[06-26-2018] [17:20:32] : MEAS 2OFF
[06-26-2018] [17:20:49] : MEAS ON 2
[06-26-2018] [17:20:54] : MEAS 2OFF
[06-26-2018] [17:21:11] : MEAS ON 2
[06-26-2018] [17:21:16] : MEAS 2OFF
[06-26-2018] [18:04:34] : REQUEST ZEROSET ON
[06-26-2018] [18:04:40] : REQUEST ZEROSET OFF
 
[06-26-2018] [18:25:56] : PROGRAM START
[06-26-2018] [18:25:58] : GetOrbitFunctionAddresses Failed 
 
