[10:00:11] : MEAS ESC ON
[10:00:12] : MEAS ESC OFF
[10:00:12] : AUTO RUNNING ON
[10:00:39] : REQUEST MEAS. ON
[10:00:46] : REQUEST MEAS. OFF
[10:00:46] : 측정요구 ON 2
[10:00:53] : 측정요구 2OFF
[10:00:53] : 61,20181204-100054,CF18112053721,,OK,MAX,1,2,0.60,4.40,1.41,OK,0.60,4.40,1.29,OK,
[10:01:13] : 측정요구3 ON
[10:01:20] : 측정요구3 OFF
[10:01:20] : 측정요구4 ON
[10:01:27] : 측정요구4 OFF
[10:01:27] : 61,20181204-100128,CF18112052211,,NG,MAX,2,2,0.60,4.40,0.31,NG,0.60,4.40,0.23,NG,
[10:01:38] : REQUEST MEAS. ON
[10:01:45] : REQUEST MEAS. OFF
[10:01:45] : 측정요구 ON 2
[10:01:53] : 측정요구 2OFF
[10:01:53] : 61,20181204-100153,CF18112053261,,OK,MAX,1,2,0.60,4.40,3.61,OK,0.60,4.40,1.50,OK,
[10:05:18] : REQUEST MEAS. ON
[10:05:25] : REQUEST MEAS. OFF
[10:05:25] : 측정요구 ON 2
[10:05:33] : 측정요구 2OFF
[10:05:33] : 61,20181204-100534,CF18112051561,,OK,MAX,1,2,0.60,4.40,2.50,OK,0.60,4.40,2.32,OK,
[10:06:47] : AUTO RUNNING OFF
[10:36:00] : MEAS ESC ON
[10:36:00] : MEAS ESC OFF
[10:36:00] : AUTO RUNNING ON
[10:44:58] : REQUEST MEAS. ON
[10:45:05] : REQUEST MEAS. OFF
[10:45:05] : 측정요구 ON 2
[10:45:12] : 측정요구 2OFF
[10:45:12] : 61,20181204-104513,CF18112053871,,OK,MAX,1,2,0.60,4.40,2.02,OK,0.60,4.40,1.58,OK,
[10:45:28] : 측정요구3 ON
[10:45:35] : 측정요구3 OFF
[10:45:35] : 측정요구4 ON
[10:45:42] : 측정요구4 OFF
[10:45:42] : 61,20181204-104543,CF18112053401,,OK,MAX,2,3,0.60,4.40,2.71,OK,0.60,4.40,2.02,OK,
[10:47:32] : REQUEST MEAS. ON
[10:47:39] : REQUEST MEAS. OFF
[10:47:39] : 측정요구 ON 2
[10:47:46] : 측정요구 2OFF
[10:47:46] : 61,20181204-104746,CF18112052021,,OK,MAX,1,2,0.60,4.40,2.71,OK,0.60,4.40,1.97,OK,
[10:48:00] : 측정요구3 ON
[10:48:07] : 측정요구3 OFF
[10:48:07] : 측정요구4 ON
[10:48:14] : 측정요구4 OFF
[10:48:14] : 61,20181204-104815,CF18112053881,,OK,MAX,2,3,0.60,4.40,1.43,OK,0.60,4.40,0.81,OK,
[10:48:29] : REQUEST MEAS. ON
[10:48:36] : REQUEST MEAS. OFF
[10:48:36] : 측정요구 ON 2
[10:48:43] : 측정요구 2OFF
[10:48:43] : 61,20181204-104844,CF18112053781,,OK,MAX,1,2,0.60,4.40,2.71,OK,0.60,4.40,2.01,OK,
[10:48:58] : 측정요구3 ON
[10:49:05] : 측정요구3 OFF
[10:49:05] : 측정요구4 ON
[10:49:13] : 측정요구4 OFF
[10:49:13] : 61,20181204-104913,CF18112052631,,OK,MAX,2,3,0.60,4.40,2.90,OK,0.60,4.40,2.06,OK,
[10:49:25] : REQUEST MEAS. ON
[10:49:32] : REQUEST MEAS. OFF
[10:49:32] : 측정요구 ON 2
[10:49:40] : 측정요구 2OFF
[10:49:40] : 61,20181204-104941,CF18112053911,,OK,MAX,1,2,0.60,4.40,1.96,OK,0.60,4.40,1.30,OK,
[10:49:55] : 측정요구3 ON
[10:50:02] : 측정요구3 OFF
[10:50:02] : 측정요구4 ON
[10:50:09] : 측정요구4 OFF
[10:50:09] : 61,20181204-105010,CF18112052681,,OK,MAX,2,3,0.60,4.40,1.49,OK,0.60,4.40,1.40,OK,
[10:51:22] : REQUEST MEAS. ON
[10:51:29] : REQUEST MEAS. OFF
[10:51:29] : 측정요구 ON 2
[10:51:37] : 측정요구 2OFF
[10:51:37] : 61,20181204-105137,CF18112052281,,OK,MAX,1,2,0.60,4.40,2.41,OK,0.60,4.40,2.14,OK,
[10:51:51] : 측정요구3 ON
[10:51:58] : 측정요구3 OFF
[10:51:58] : 측정요구4 ON
[10:52:05] : 측정요구4 OFF
[10:52:05] : 61,20181204-105205,CF18112051621,,OK,MAX,2,3,0.60,4.40,1.40,OK,0.60,4.40,1.66,OK,
[10:53:22] : AUTO RUNNING OFF
[11:02:12] : MEAS ESC ON
[11:02:13] : MEAS ESC OFF
[11:02:13] : AUTO RUNNING ON
[11:02:48] : REQUEST MEAS. ON
[11:02:55] : REQUEST MEAS. OFF
[11:02:55] : 측정요구 ON 2
[11:03:02] : 측정요구 2OFF
[11:03:02] : 61,20181204-110303,CF18112053091,,OK,MAX,1,2,0.60,4.40,2.21,OK,0.60,4.40,1.91,OK,
[11:03:04] : 측정요구3 ON
[11:03:11] : 측정요구3 OFF
[11:03:11] : 측정요구4 ON
[11:03:18] : 측정요구4 OFF
[11:03:18] : 61,20181204-110318,CF18112052511,,OK,MAX,2,3,0.60,4.40,1.71,OK,0.60,4.40,1.42,OK,
[11:03:34] : REQUEST MEAS. ON
[11:03:41] : REQUEST MEAS. OFF
[11:03:41] : 측정요구 ON 2
[11:03:49] : 측정요구 2OFF
[11:03:49] : 61,20181204-110350,CF18112053571,,OK,MAX,1,2,0.60,4.40,1.74,OK,0.60,4.40,1.21,OK,
[11:04:15] : 측정요구3 ON
[11:04:22] : 측정요구3 OFF
[11:04:22] : 측정요구4 ON
[11:04:29] : 측정요구4 OFF
[11:04:29] : 61,20181204-110429,CF18112052251,,OK,MAX,2,3,0.60,4.40,1.63,OK,0.60,4.40,0.95,OK,
[11:04:46] : REQUEST MEAS. ON
[11:04:53] : REQUEST MEAS. OFF
[11:04:53] : 측정요구 ON 2
[11:05:01] : 측정요구 2OFF
[11:05:01] : 61,20181204-110501,CF18112052061,,OK,MAX,1,2,0.60,4.40,3.09,OK,0.60,4.40,1.87,OK,
[11:05:24] : 측정요구3 ON
[11:05:31] : 측정요구3 OFF
[11:05:31] : 측정요구4 ON
[11:05:39] : 측정요구4 OFF
[11:05:39] : 61,20181204-110539,CF18112053241,,OK,MAX,2,3,0.60,4.40,2.30,OK,0.60,4.40,1.52,OK,
[11:05:57] : REQUEST MEAS. ON
[11:06:04] : REQUEST MEAS. OFF
[11:06:04] : 측정요구 ON 2
[11:06:11] : 측정요구 2OFF
[11:06:11] : 61,20181204-110612,CF18112053121,,OK,MAX,1,2,0.60,4.40,1.61,OK,0.60,4.40,0.91,OK,
[11:08:02] : REQUEST MEAS. ON
[11:08:09] : REQUEST MEAS. OFF
[11:08:09] : 측정요구 ON 2
[11:08:17] : 측정요구 2OFF
[11:08:17] : 61,20181204-110817,CF18112052551,,OK,MAX,1,2,0.60,4.40,2.41,OK,0.60,4.40,1.93,OK,
[11:08:18] : 측정요구3 ON
[11:08:25] : 측정요구3 OFF
[11:08:25] : 측정요구4 ON
[11:08:32] : 측정요구4 OFF
[11:08:32] : 61,20181204-110833,CF18112052601,,OK,MAX,2,3,0.60,4.40,2.32,OK,0.60,4.40,2.23,OK,
[11:08:48] : REQUEST MEAS. ON
[11:08:55] : REQUEST MEAS. OFF
[11:08:55] : 측정요구 ON 2
[11:09:03] : 측정요구 2OFF
[11:09:03] : 61,20181204-110903,CF18112051641,,OK,MAX,1,2,0.60,4.40,3.21,OK,0.60,4.40,2.41,OK,
[11:10:24] : REQUEST MEAS. ON
[11:10:31] : REQUEST MEAS. OFF
[11:10:31] : 측정요구 ON 2
[11:10:39] : 측정요구 2OFF
[11:10:39] : 61,20181204-111039,CF18112052451,,OK,MAX,1,2,0.60,4.40,1.60,OK,0.60,4.40,1.00,OK,
[11:29:24] : REQUEST MEAS. ON
[11:29:31] : REQUEST MEAS. OFF
[11:29:31] : 측정요구 ON 2
[11:29:38] : 측정요구 2OFF
[11:29:38] : 61,20181204-112939,CF18112052761,,OK,MAX,1,2,0.60,4.40,2.31,OK,0.60,4.40,1.79,OK,
[11:29:40] : 측정요구3 ON
[11:29:47] : 측정요구3 OFF
[11:29:47] : 측정요구4 ON
[11:29:54] : 측정요구4 OFF
[11:29:54] : 61,20181204-112954,CF18112052981,,OK,MAX,2,3,0.60,4.40,2.10,OK,0.60,4.40,1.42,OK,
[11:30:11] : REQUEST MEAS. ON
[11:30:18] : REQUEST MEAS. OFF
[11:30:18] : 측정요구 ON 2
[11:30:25] : 측정요구 2OFF
[11:30:25] : 61,20181204-113025,CF18112051651,,OK,MAX,1,2,0.60,4.40,2.62,OK,0.60,4.40,2.25,OK,
[11:30:33] : 측정요구3 ON
[11:30:40] : 측정요구3 OFF
[11:30:40] : 측정요구4 ON
[11:30:48] : 측정요구4 OFF
[11:30:48] : 61,20181204-113049,CF18112052671,,OK,MAX,2,3,0.60,4.40,1.38,OK,0.60,4.40,2.70,OK,
[11:31:03] : REQUEST MEAS. ON
[11:31:10] : REQUEST MEAS. OFF
[11:31:10] : 측정요구 ON 2
[11:31:18] : 측정요구 2OFF
[11:31:18] : 61,20181204-113118,CF18112053641,,OK,MAX,1,2,0.60,4.40,1.73,OK,0.60,4.40,1.11,OK,
[11:31:33] : 측정요구3 ON
[11:31:40] : 측정요구3 OFF
[11:31:40] : 측정요구4 ON
[11:31:47] : 측정요구4 OFF
[11:31:47] : 61,20181204-113148,CF18112053311,,OK,MAX,2,3,0.60,4.40,1.40,OK,0.60,4.40,1.21,OK,
[11:32:01] : REQUEST MEAS. ON
[11:32:08] : REQUEST MEAS. OFF
[11:32:08] : 측정요구 ON 2
[11:32:15] : 측정요구 2OFF
[11:32:15] : 61,20181204-113216,CF18112053521,,OK,MAX,1,2,0.60,4.40,2.02,OK,0.60,4.40,1.11,OK,
[11:32:30] : 측정요구3 ON
[11:32:37] : 측정요구3 OFF
[11:32:37] : 측정요구4 ON
[11:32:45] : 측정요구4 OFF
[11:32:45] : 61,20181204-113245,CF18112053691,,OK,MAX,2,3,0.60,4.40,1.69,OK,0.60,4.40,0.92,OK,
[11:32:58] : REQUEST MEAS. ON
[11:33:05] : REQUEST MEAS. OFF
[11:33:05] : 측정요구 ON 2
[11:33:13] : 측정요구 2OFF
[11:33:13] : 61,20181204-113313,CF18112052611,,OK,MAX,1,2,0.60,4.40,3.59,OK,0.60,4.40,2.32,OK,
[11:33:27] : 측정요구3 ON
[11:33:34] : 측정요구3 OFF
[11:33:34] : 측정요구4 ON
[11:33:42] : 측정요구4 OFF
[11:33:42] : 61,20181204-113342,CF18112052591,,OK,MAX,2,3,0.60,4.40,2.01,OK,0.60,4.40,1.13,OK,
[11:35:08] : REQUEST MEAS. ON
[11:35:15] : REQUEST MEAS. OFF
[11:35:15] : 측정요구 ON 2
[11:35:23] : 측정요구 2OFF
[11:35:23] : 61,20181204-113523,CF18112053011,,OK,MAX,1,2,0.60,4.40,2.94,OK,0.60,4.40,2.01,OK,
[11:35:24] : 측정요구3 ON
[11:35:31] : 측정요구3 OFF
[11:35:31] : 측정요구4 ON
[11:35:38] : 측정요구4 OFF
[11:35:38] : 61,20181204-113539,CF18112051671,,OK,MAX,2,3,0.60,4.40,1.96,OK,0.60,4.40,2.42,OK,
[11:35:55] : REQUEST MEAS. ON
[11:36:02] : REQUEST MEAS. OFF
[11:36:02] : 측정요구 ON 2
[11:36:09] : 측정요구 2OFF
[11:36:09] : 61,20181204-113610,CF18112053171,,OK,MAX,1,2,0.60,4.40,1.61,OK,0.60,4.40,2.11,OK,
[11:36:20] : 측정요구3 ON
[11:36:27] : 측정요구3 OFF
[11:36:27] : 측정요구4 ON
[11:36:34] : 측정요구4 OFF
[11:36:34] : 61,20181204-113634,CF18112053461,,OK,MAX,2,3,0.60,4.40,0.70,OK,0.60,4.40,0.91,OK,
[11:36:48] : REQUEST MEAS. ON
[11:36:55] : REQUEST MEAS. OFF
[11:36:55] : 측정요구 ON 2
[11:37:03] : 측정요구 2OFF
[11:37:03] : 61,20181204-113703,CF18100851341,,OK,MAX,1,2,0.60,4.40,3.01,OK,0.60,4.40,2.40,OK,
[11:39:08] : REQUEST MEAS. ON
[11:39:15] : REQUEST MEAS. OFF
[11:39:15] : 측정요구 ON 2
[11:39:22] : 측정요구 2OFF
[11:39:22] : 61,20181204-113923,CF18112052581,,OK,MAX,1,2,0.60,4.40,2.44,OK,0.60,4.40,1.95,OK,
[11:39:24] : 측정요구3 ON
[11:39:31] : 측정요구3 OFF
[11:39:31] : 측정요구4 ON
[11:39:38] : 측정요구4 OFF
[11:39:38] : 61,20181204-113938,CF18112053651,,OK,MAX,2,3,0.60,4.40,1.14,OK,0.60,4.40,0.81,OK,
[11:39:53] : REQUEST MEAS. ON
[11:40:00] : REQUEST MEAS. OFF
[11:40:00] : 측정요구 ON 2
[11:40:08] : 측정요구 2OFF
[11:40:08] : 61,20181204-114008,CF18112053791,,OK,MAX,1,2,0.60,4.40,0.62,OK,0.60,4.40,1.20,OK,
[11:40:16] : 측정요구3 ON
[11:40:23] : 측정요구3 OFF
[11:40:23] : 측정요구4 ON
[11:40:31] : 측정요구4 OFF
[11:40:31] : 61,20181204-114031,CF18112052091,,OK,MAX,2,3,0.60,4.40,1.00,OK,0.60,4.40,1.12,OK,
[11:40:44] : REQUEST MEAS. ON
[11:40:51] : REQUEST MEAS. OFF
[11:40:51] : 측정요구 ON 2
[11:40:58] : 측정요구 2OFF
[11:40:58] : 61,20181204-114059,CF18112052831,,OK,MAX,1,2,0.60,4.40,2.74,OK,0.60,4.40,2.02,OK,
[11:41:35] : REQUEST MEAS. ON
[11:41:42] : REQUEST MEAS. OFF
[11:41:42] : 측정요구 ON 2
[11:41:50] : 측정요구 2OFF
[11:41:50] : 61,20181204-114150,CF18112052491,,OK,MAX,1,2,0.60,4.40,2.61,OK,0.60,4.40,2.02,OK,
[11:42:25] : REQUEST MEAS. ON
[11:42:32] : REQUEST MEAS. OFF
[11:42:32] : 측정요구 ON 2
[11:42:40] : 측정요구 2OFF
[11:42:40] : 61,20181204-114240,CF18112051931,,OK,MAX,1,2,0.60,4.40,2.43,OK,0.60,4.40,2.51,OK,
[11:43:13] : REQUEST MEAS. ON
[11:43:20] : REQUEST MEAS. OFF
[11:43:20] : 측정요구 ON 2
[11:43:28] : 측정요구 2OFF
[11:43:28] : 61,20181204-114328,CF18112053821,,OK,MAX,1,2,0.60,4.40,2.05,OK,0.60,4.40,1.34,OK,
[11:44:13] : REQUEST MEAS. ON
[11:44:19] : REQUEST MEAS. OFF
[11:44:20] : 측정요구 ON 2
[11:44:27] : 측정요구 2OFF
[11:44:27] : 61,20181204-114428,CF18112052341,,OK,MAX,1,2,0.60,4.40,3.02,OK,0.60,4.40,2.09,OK,
[11:44:43] : 측정요구3 ON
[11:44:50] : 측정요구3 OFF
[11:44:50] : 측정요구4 ON
[11:44:57] : 측정요구4 OFF
[11:44:57] : 61,20181204-114457,CF18112053001,,OK,MAX,2,3,0.60,4.40,2.78,OK,0.60,4.40,1.93,OK,
[11:45:40] : REQUEST MEAS. ON
[11:45:47] : REQUEST MEAS. OFF
[11:45:47] : 측정요구 ON 2
[11:45:55] : 측정요구 2OFF
[11:45:55] : 61,20181204-114555,CF18112052161,,OK,MAX,1,2,0.60,4.40,1.73,OK,0.60,4.40,1.47,OK,
[11:46:27] : REQUEST MEAS. ON
[11:46:34] : REQUEST MEAS. OFF
[11:46:34] : 측정요구 ON 2
[11:46:42] : 측정요구 2OFF
[11:46:42] : 61,20181204-114642,CF18112052641,,OK,MAX,1,2,0.60,4.40,1.81,OK,0.60,4.40,1.42,OK,
[11:46:54] : 측정요구3 ON
[11:47:01] : 측정요구3 OFF
[11:47:01] : 측정요구4 ON
[11:47:09] : 측정요구4 OFF
[11:47:09] : 61,20181204-114709,CF18112052171,,OK,MAX,2,3,0.60,4.40,2.75,OK,0.60,4.40,1.94,OK,
[11:47:51] : REQUEST MEAS. ON
[11:47:58] : REQUEST MEAS. OFF
[11:47:58] : 측정요구 ON 2
[11:48:05] : 측정요구 2OFF
[11:48:05] : 61,20181204-114805,CF18112052621,,OK,MAX,1,2,0.60,4.40,3.10,OK,0.60,4.40,2.30,OK,
[11:48:37] : REQUEST MEAS. ON
[11:48:44] : REQUEST MEAS. OFF
[11:48:44] : 측정요구 ON 2
[11:48:52] : 측정요구 2OFF
[11:48:52] : 61,20181204-114852,CF18112053361,,OK,MAX,1,2,0.60,4.40,1.92,OK,0.60,4.40,1.12,OK,
[11:49:04] : 측정요구3 ON
[11:49:11] : 측정요구3 OFF
[11:49:11] : 측정요구4 ON
[11:49:19] : 측정요구4 OFF
[11:49:19] : 61,20181204-114919,CF18112052691,,OK,MAX,2,3,0.60,4.40,1.69,OK,0.60,4.40,1.50,OK,
 
[11:50:03] : REQUEST MEAS. ON
[11:50:10] : REQUEST MEAS. OFF
[11:50:10] : 측정요구 ON 2
[11:50:18] : 측정요구 2OFF
[11:50:18] : 61,20181204-115018,CF18112052411,,OK,MAX,1,2,0.60,4.40,1.71,OK,0.60,4.40,1.79,OK,
[11:50:33] : 측정요구3 ON
[11:50:40] : 측정요구3 OFF
[11:50:40] : 측정요구4 ON
[11:50:48] : 측정요구4 OFF
[11:50:48] : 61,20181204-115048,CF18112053441,,NG,MAX,2,2,0.60,4.40,0.26,NG,0.60,4.40,0.15,NG,
[11:51:29] : REQUEST MEAS. ON
[11:51:36] : REQUEST MEAS. OFF
[11:51:36] : 측정요구 ON 2
[11:51:43] : 측정요구 2OFF
[11:51:43] : 61,20181204-115144,CF18112052771,,OK,MAX,1,2,0.60,4.40,2.45,OK,0.60,4.40,2.79,OK,
[11:52:59] : REQUEST MEAS. ON
[11:53:06] : REQUEST MEAS. OFF
[11:53:06] : 측정요구 ON 2
[11:53:13] : 측정요구 2OFF
[11:53:13] : 61,20181204-115314,CF18112053901,,OK,MAX,1,2,0.60,4.40,2.90,OK,0.60,4.40,2.20,OK,
[11:53:46] : REQUEST MEAS. ON
[11:53:53] : REQUEST MEAS. OFF
[11:53:53] : 측정요구 ON 2
[11:54:00] : 측정요구 2OFF
[11:54:00] : 61,20181204-115400,CF18112053701,,OK,MAX,1,2,0.60,4.40,1.67,OK,0.60,4.40,1.07,OK,
[11:54:54] : REQUEST MEAS. ON
[11:55:01] : REQUEST MEAS. OFF
[11:55:01] : 측정요구 ON 2
[11:55:09] : 측정요구 2OFF
[11:55:09] : 61,20181204-115510,CF18112053511,,OK,MAX,1,2,0.60,4.40,2.31,OK,0.60,4.40,1.60,OK,
[11:56:40] : REQUEST MEAS. ON
[11:56:47] : REQUEST MEAS. OFF
[11:56:47] : 측정요구 ON 2
[11:56:55] : 측정요구 2OFF
[11:56:55] : 61,20181204-115655,CF18112052331,,OK,MAX,1,2,0.60,4.40,1.93,OK,0.60,4.40,1.01,OK,
[11:58:15] : REQUEST MEAS. ON
[11:58:22] : REQUEST MEAS. OFF
[11:58:22] : 측정요구 ON 2
[11:58:29] : 측정요구 2OFF
[11:58:29] : 61,20181204-115830,CF18112052501,,OK,MAX,1,2,0.60,4.40,3.24,OK,0.60,4.40,1.97,OK,
[11:59:16] : AUTO RUNNING OFF
[13:19:51] : MEAS ESC ON
[13:19:52] : MEAS ESC OFF
[13:19:52] : AUTO RUNNING ON
[13:35:27] : REQUEST MEAS. ON
[13:35:34] : REQUEST MEAS. OFF
[13:35:34] : 측정요구 ON 2
[13:35:42] : 측정요구 2OFF
[13:35:42] : 61,20181204-133542,CF18112053851,,OK,MAX,1,2,0.60,4.40,0.90,OK,0.60,4.40,1.02,OK,
[13:36:31] : REQUEST MEAS. ON
[13:36:38] : REQUEST MEAS. OFF
[13:36:38] : 측정요구 ON 2
[13:36:45] : 측정요구 2OFF
[13:36:45] : 61,20181204-133646,CF18112053381,,OK,MAX,1,2,0.60,4.40,2.50,OK,0.60,4.40,1.32,OK,
[13:37:03] : 측정요구3 ON
[13:37:10] : 측정요구3 OFF
[13:37:10] : 측정요구4 ON
[13:37:17] : 측정요구4 OFF
[13:37:17] : 61,20181204-133718,CF18112051601,,OK,MAX,2,3,0.60,4.40,0.98,OK,0.60,4.40,1.44,OK,
[13:37:59] : REQUEST MEAS. ON
[13:38:06] : REQUEST MEAS. OFF
[13:38:06] : 측정요구 ON 2
[13:38:13] : 측정요구 2OFF
[13:38:13] : 61,20181204-133813,CF18112052791,,OK,MAX,1,2,0.60,4.40,2.80,OK,0.60,4.40,1.92,OK,
[13:39:00] : REQUEST MEAS. ON
[13:39:07] : REQUEST MEAS. OFF
[13:39:07] : 측정요구 ON 2
[13:39:14] : 측정요구 2OFF
[13:39:14] : 61,20181204-133914,CF18112052861,,OK,MAX,1,2,0.60,4.40,0.89,OK,0.60,4.40,0.93,OK,
[13:41:01] : REQUEST MEAS. ON
[13:41:08] : REQUEST MEAS. OFF
[13:41:08] : 측정요구 ON 2
[13:41:16] : 측정요구 2OFF
[13:41:16] : 61,20181204-134117,CF18112052971,,OK,MAX,1,2,0.60,4.40,1.50,OK,0.60,4.40,1.34,OK,
[13:41:31] : 측정요구3 ON
[13:41:38] : 측정요구3 OFF
[13:41:38] : 측정요구4 ON
[13:41:45] : 측정요구4 OFF
[13:41:45] : 61,20181204-134146,CF18112052101,,OK,MAX,2,3,0.60,4.40,2.06,OK,0.60,4.40,1.52,OK,
[13:42:00] : REQUEST MEAS. ON
[13:42:07] : REQUEST MEAS. OFF
[13:42:07] : 측정요구 ON 2
[13:42:14] : 측정요구 2OFF
[13:42:14] : 61,20181204-134214,CF18112052071,,OK,MAX,1,2,0.60,4.40,2.72,OK,0.60,4.40,2.01,OK,
[13:43:30] : REQUEST MEAS. ON
[13:43:37] : REQUEST MEAS. OFF
[13:43:37] : 측정요구 ON 2
[13:43:45] : 측정요구 2OFF
[13:43:45] : 61,20181204-134345,CF18112053301,H ,OK,MAX,1,2,0.60,4.40,1.91,OK,0.60,4.40,1.22,OK,
[13:43:58] : 측정요구3 ON
[13:44:05] : 측정요구3 OFF
[13:44:05] : 측정요구4 ON
[13:44:13] : 측정요구4 OFF
[13:44:13] : 61,20181204-134413,CF18112053921,,OK,MAX,2,3,0.60,4.40,2.08,OK,0.60,4.40,2.23,OK,
[13:44:38] : REQUEST MEAS. ON
[13:44:45] : REQUEST MEAS. OFF
[13:44:45] : 측정요구 ON 2
[13:44:52] : 측정요구 2OFF
[13:44:52] : 61,20181204-134453,CF18112053761,,OK,MAX,1,2,0.60,4.40,2.80,OK,0.60,4.40,1.93,OK,
[13:52:59] : REQUEST MEAS. ON
[13:53:06] : AUTO RUNNING OFF
[13:53:06] : REQUEST MEAS. OFF
[13:53:06] : 0
[13:53:09] : MEAS ESC ON
[14:18:57] : MEAS ESC OFF
[14:18:57] : AUTO RUNNING ON
[15:04:01] : REQUEST MEAS. ON
[15:04:08] : REQUEST MEAS. OFF
[15:04:08] : 측정요구 ON 2
[15:04:16] : 측정요구 2OFF
[15:04:16] : 61,20181204-150416,CF18112053121,,OK,MAX,1,2,0.60,4.40,1.82,OK,0.60,4.40,1.28,OK,
[15:04:30] : 측정요구3 ON
[15:04:37] : 측정요구3 OFF
[15:04:37] : 측정요구4 ON
[15:04:45] : 측정요구4 OFF
[15:04:45] : 61,20181204-150445,CF18112052321,,OK,MAX,2,3,0.60,4.40,1.22,OK,0.60,4.40,0.62,OK,
[15:05:00] : REQUEST MEAS. ON
[15:05:07] : REQUEST MEAS. OFF
[15:05:07] : 측정요구 ON 2
[15:05:14] : 측정요구 2OFF
[15:05:14] : 61,20181204-150514,CF18112052451,,OK,MAX,1,2,0.60,4.40,2.58,OK,0.60,4.40,1.68,OK,
[15:05:28] : 측정요구3 ON
[15:05:35] : 측정요구3 OFF
[15:05:35] : 측정요구4 ON
[15:05:43] : 측정요구4 OFF
[15:05:43] : 61,20181204-150543,CF18112053641,,NG,MAX,2,2,0.60,4.40,1.36,OK,0.60,4.40,0.53,NG,
[15:05:56] : REQUEST MEAS. ON
[15:06:03] : REQUEST MEAS. OFF
[15:06:03] : 측정요구 ON 2
[15:06:11] : 측정요구 2OFF
[15:06:11] : 61,20181204-150611,CF18112053661,,OK,MAX,1,2,0.60,4.40,1.66,OK,0.60,4.40,1.70,OK,
[15:06:29] : 측정요구3 ON
[15:06:36] : 측정요구3 OFF
[15:06:36] : 측정요구4 ON
[15:06:44] : 측정요구4 OFF
[15:06:44] : 61,20181204-150645,CF18112053011,,OK,MAX,2,3,0.60,4.40,2.49,OK,0.60,4.40,2.34,OK,
[15:09:32] : REQUEST MEAS. ON
[15:09:39] : REQUEST MEAS. OFF
[15:09:39] : 측정요구 ON 2
[15:09:46] : 측정요구 2OFF
[15:09:46] : 61,20181204-150947,CF18112053521,,OK,MAX,1,2,0.60,4.40,1.62,OK,0.60,4.40,1.03,OK,
[15:10:02] : 측정요구3 ON
[15:10:09] : 측정요구3 OFF
[15:10:09] : 측정요구4 ON
[15:10:16] : 측정요구4 OFF
[15:10:16] : 61,20181204-151016,CF18112051671,,OK,MAX,2,3,0.60,4.40,1.70,OK,0.60,4.40,2.24,OK,
[15:10:45] : REQUEST MEAS. ON
[15:10:52] : REQUEST MEAS. OFF
[15:10:52] : 측정요구 ON 2
[15:11:00] : 측정요구 2OFF
[15:11:00] : 61,20181204-151100,CF18112053401,,OK,MAX,1,2,0.60,4.40,2.62,OK,0.60,4.40,2.22,OK,
[15:11:32] : REQUEST MEAS. ON
[15:11:39] : REQUEST MEAS. OFF
[15:11:39] : 측정요구 ON 2
[15:11:47] : 측정요구 2OFF
[15:11:47] : 61,20181204-151148,CF18112053691,,OK,MAX,1,2,0.60,4.40,3.10,OK,0.60,4.40,1.95,OK,
[15:12:26] : REQUEST MEAS. ON
[15:12:33] : REQUEST MEAS. OFF
[15:12:33] : 측정요구 ON 2
[15:12:40] : 측정요구 2OFF
[15:12:40] : 61,20181204-151240,CF18112052611,,OK,MAX,1,2,0.60,4.40,3.11,OK,0.60,4.40,2.39,OK,
[15:13:12] : REQUEST MEAS. ON
[15:13:19] : REQUEST MEAS. OFF
[15:13:19] : 측정요구 ON 2
[15:13:27] : 측정요구 2OFF
[15:13:27] : 61,20181204-151327,CF18112051641,,OK,MAX,1,2,0.60,4.40,2.62,OK,0.60,4.40,1.71,OK,
[15:13:59] : REQUEST MEAS. ON
[15:14:06] : REQUEST MEAS. OFF
[15:14:06] : 측정요구 ON 2
[15:14:13] : 측정요구 2OFF
[15:14:13] : 61,20181204-151414,CF18112053801,,OK,MAX,1,2,0.60,4.40,1.21,OK,0.60,4.40,1.52,OK,
[15:14:36] : 측정요구3 ON
[15:14:43] : 측정요구3 OFF
[15:14:43] : 측정요구4 ON
[15:14:50] : 측정요구4 OFF
[15:14:50] : 61,20181204-151450,CF18112051561,,OK,MAX,2,3,0.60,4.40,1.69,OK,0.60,4.40,2.58,OK,
[15:15:23] : REQUEST MEAS. ON
[15:15:30] : REQUEST MEAS. OFF
[15:15:30] : 측정요구 ON 2
[15:15:37] : 측정요구 2OFF
[15:15:37] : 61,20181204-151537,CF18112053871,,OK,MAX,1,2,0.60,4.40,2.23,OK,0.60,4.40,1.41,OK,
[15:16:09] : REQUEST MEAS. ON
[15:16:16] : REQUEST MEAS. OFF
[15:16:16] : 측정요구 ON 2
[15:16:23] : 측정요구 2OFF
[15:16:23] : 61,20181204-151624,CF18112053881,,OK,MAX,1,2,0.60,4.40,1.71,OK,0.60,4.40,1.21,OK,
[15:16:35] : 측정요구3 ON
[15:16:42] : 측정요구3 OFF
[15:16:42] : 측정요구4 ON
[15:16:50] : 측정요구4 OFF
[15:16:50] : 61,20181204-151650,CF18112052031,,OK,MAX,2,3,0.60,4.40,1.88,OK,0.60,4.40,1.72,OK,
[15:17:34] : REQUEST MEAS. ON
[15:17:41] : REQUEST MEAS. OFF
[15:17:41] : 측정요구 ON 2
[15:17:49] : 측정요구 2OFF
[15:17:49] : 61,20181204-151749,CF18112053631,,OK,MAX,1,2,0.60,4.40,2.99,OK,0.60,4.40,2.73,OK,
[15:18:21] : REQUEST MEAS. ON
[15:18:28] : REQUEST MEAS. OFF
[15:18:28] : 측정요구 ON 2
[15:18:36] : 측정요구 2OFF
[15:18:36] : 61,20181204-151836,CF18112053671,,OK,MAX,1,2,0.60,4.40,1.81,OK,0.60,4.40,1.21,OK,
[15:18:48] : 측정요구3 ON
[15:18:55] : 측정요구3 OFF
[15:18:55] : 측정요구4 ON
[15:19:03] : 측정요구4 OFF
[15:19:03] : 61,20181204-151903,CF18112053261,,OK,MAX,2,3,0.60,4.40,2.69,OK,0.60,4.40,1.62,OK,
[15:19:48] : REQUEST MEAS. ON
[15:19:55] : REQUEST MEAS. OFF
[15:19:55] : 측정요구 ON 2
[15:20:03] : 측정요구 2OFF
[15:20:03] : 61,20181204-152003,CF18112053621,,OK,MAX,1,2,0.60,4.40,2.36,OK,0.60,4.40,1.80,OK,
[15:20:35] : REQUEST MEAS. ON
[15:20:42] : REQUEST MEAS. OFF
[15:20:42] : 측정요구 ON 2
[15:20:50] : 측정요구 2OFF
[15:20:50] : 61,20181204-152050,CF18112051191,,OK,MAX,1,2,0.60,4.40,2.42,OK,0.60,4.40,1.74,OK,
[15:21:11] : 측정요구3 ON
[15:21:18] : 측정요구3 OFF
[15:21:18] : 측정요구4 ON
[15:21:26] : 측정요구4 OFF
[15:21:26] : 61,20181204-152126,CF18112051621,,OK,MAX,2,3,0.60,4.40,1.48,OK,0.60,4.40,1.83,OK,
[15:21:59] : REQUEST MEAS. ON
[15:22:05] : REQUEST MEAS. OFF
[15:22:06] : 측정요구 ON 2
[15:22:13] : 측정요구 2OFF
[15:22:13] : 61,20181204-152213,CF18112052631,,OK,MAX,1,2,0.60,4.40,2.91,OK,0.60,4.40,2.16,OK,
[15:22:45] : REQUEST MEAS. ON
[15:22:51] : REQUEST MEAS. OFF
[15:22:52] : 측정요구 ON 2
[15:22:59] : 측정요구 2OFF
[15:22:59] : 61,20181204-152300,CF18112053091,,OK,MAX,1,2,0.60,4.40,2.51,OK,0.60,4.40,2.04,OK,
[15:23:10] : 측정요구3 ON
[15:23:17] : 측정요구3 OFF
[15:23:17] : 측정요구4 ON
[15:23:24] : 측정요구4 OFF
[15:23:24] : 61,20181204-152325,CF18112053781,,OK,MAX,2,3,0.60,4.40,1.64,OK,0.60,4.40,1.28,OK,
[15:24:08] : REQUEST MEAS. ON
[15:24:15] : REQUEST MEAS. OFF
[15:24:15] : 측정요구 ON 2
[15:24:23] : 측정요구 2OFF
[15:24:23] : 61,20181204-152423,CF18112053241,,OK,MAX,1,2,0.60,4.40,2.11,OK,0.60,4.40,1.12,OK,
[15:35:16] : REQUEST MEAS. ON
[15:35:23] : REQUEST MEAS. OFF
[15:35:23] : 측정요구 ON 2
[15:35:30] : 측정요구 2OFF
[15:35:30] : 61,20181204-153531,CF18112052061,,OK,MAX,1,2,0.60,4.40,2.22,OK,0.60,4.40,1.75,OK,
[15:35:44] : 측정요구3 ON
[15:35:51] : 측정요구3 OFF
[15:35:51] : 측정요구4 ON
[15:35:59] : 측정요구4 OFF
[15:35:59] : 61,20181204-153559,CF18112052511,,OK,MAX,2,3,0.60,4.40,2.49,OK,0.60,4.40,1.82,OK,
[15:37:50] : REQUEST MEAS. ON
[15:37:57] : REQUEST MEAS. OFF
[15:37:57] : 측정요구 ON 2
[15:38:04] : 측정요구 2OFF
[15:38:04] : 61,20181204-153804,CF18112053571,,OK,MAX,1,2,0.60,4.40,1.86,OK,0.60,4.40,1.91,OK,
[15:38:18] : 측정요구3 ON
[15:38:25] : 측정요구3 OFF
[15:38:25] : 측정요구4 ON
[15:38:32] : 측정요구4 OFF
[15:38:32] : 61,20181204-153833,CF18112053911,,OK,MAX,2,3,0.60,4.40,2.10,OK,0.60,4.40,1.64,OK,
[15:38:48] : REQUEST MEAS. ON
[15:38:55] : REQUEST MEAS. OFF
[15:38:55] : 측정요구 ON 2
[15:39:02] : 측정요구 2OFF
[15:39:02] : 61,20181204-153903,CF18112053941,,OK,MAX,1,2,0.60,4.40,2.24,OK,0.60,4.40,1.83,OK,
[15:39:18] : 측정요구3 ON
[15:39:25] : 측정요구3 OFF
[15:39:25] : 측정요구4 ON
[15:39:33] : 측정요구4 OFF
[15:39:33] : 61,20181204-153933,CF18112052521,,OK,MAX,2,3,0.60,4.40,1.95,OK,0.60,4.40,1.43,OK,
[15:39:48] : REQUEST MEAS. ON
[15:39:55] : REQUEST MEAS. OFF
[15:39:55] : 측정요구 ON 2
[15:40:02] : 측정요구 2OFF
[15:40:02] : 61,20181204-154003,CF18112053681,,OK,MAX,1,2,0.60,4.40,1.30,OK,0.60,4.40,1.03,OK,
[15:40:19] : 측정요구3 ON
[15:40:26] : 측정요구3 OFF
[15:40:26] : 측정요구4 ON
[15:40:33] : 측정요구4 OFF
[15:40:33] : 61,20181204-154033,CF18112053771,,OK,MAX,2,3,0.60,4.40,1.10,OK,0.60,4.40,1.15,OK,
[15:40:48] : REQUEST MEAS. ON
[15:40:55] : REQUEST MEAS. OFF
[15:40:55] : 측정요구 ON 2
[15:41:02] : 측정요구 2OFF
[15:41:02] : 61,20181204-154103,CF18112053061,,OK,MAX,1,2,0.60,4.40,1.61,OK,0.60,4.40,1.22,OK,
[15:41:17] : 측정요구3 ON
[15:41:24] : 측정요구3 OFF
[15:41:24] : 측정요구4 ON
[15:41:32] : 측정요구4 OFF
[15:41:32] : 61,20181204-154132,CF18112053421,,OK,MAX,2,3,0.60,4.40,1.49,OK,0.60,4.40,1.34,OK,
[15:41:46] : REQUEST MEAS. ON
[15:41:53] : REQUEST MEAS. OFF
[15:41:53] : 측정요구 ON 2
[15:42:00] : 측정요구 2OFF
[15:42:00] : 61,20181204-154201,CF18112053991,,OK,MAX,1,2,0.60,4.40,2.62,OK,0.60,4.40,1.93,OK,
[15:42:15] : 측정요구3 ON
[15:42:22] : 측정요구3 OFF
[15:42:22] : 측정요구4 ON
[15:42:29] : 측정요구4 OFF
[15:42:29] : 61,20181204-154229,CF18112053831,,OK,MAX,2,3,0.60,4.40,1.61,OK,0.60,4.40,0.84,OK,
[15:42:42] : REQUEST MEAS. ON
[15:42:49] : REQUEST MEAS. OFF
[15:42:49] : 측정요구 ON 2
[15:42:57] : 측정요구 2OFF
[15:42:57] : 61,20181204-154258,CF18112053981,,OK,MAX,1,2,0.60,4.40,1.61,OK,0.60,4.40,1.22,OK,
[15:43:12] : 측정요구3 ON
[15:43:19] : 측정요구3 OFF
[15:43:19] : 측정요구4 ON
[15:43:26] : 측정요구4 OFF
[15:43:26] : 61,20181204-154327,CF18112052821,,OK,MAX,2,3,0.60,4.40,3.47,OK,0.60,4.40,3.01,OK,
[15:43:40] : REQUEST MEAS. ON
[15:43:47] : REQUEST MEAS. OFF
[15:43:47] : 측정요구 ON 2
[15:43:54] : 측정요구 2OFF
[15:43:54] : 61,20181204-154355,CF18112053251,,OK,MAX,1,2,0.60,4.40,2.14,OK,0.60,4.40,1.41,OK,
[15:44:09] : 측정요구3 ON
[15:44:16] : 측정요구3 OFF
[15:44:16] : 측정요구4 ON
[15:44:23] : 측정요구4 OFF
[15:44:23] : 61,20181204-154424,CF18112053141,,OK,MAX,2,3,0.60,4.40,1.79,OK,0.60,4.40,1.32,OK,
[15:44:38] : REQUEST MEAS. ON
[15:44:45] : REQUEST MEAS. OFF
[15:44:45] : 측정요구 ON 2
[15:44:52] : 측정요구 2OFF
[15:44:52] : 61,20181204-154452,CF18112052561,,OK,MAX,1,2,0.60,4.40,1.39,OK,0.60,4.40,1.42,OK,
[15:45:10] : 측정요구3 ON
[15:45:17] : 측정요구3 OFF
[15:45:17] : 측정요구4 ON
[15:45:24] : 측정요구4 OFF
[15:45:24] : 61,20181204-154524,CF18112053611,,OK,MAX,2,3,0.60,4.40,1.01,OK,0.60,4.40,0.74,OK,
[15:45:41] : REQUEST MEAS. ON
[15:45:48] : REQUEST MEAS. OFF
[15:45:48] : 측정요구 ON 2
[15:45:56] : 측정요구 2OFF
[15:45:56] : 61,20181204-154556,CF18112053731,,OK,MAX,1,2,0.60,4.40,2.18,OK,0.60,4.40,2.37,OK,
[15:46:49] : REQUEST MEAS. ON
[15:46:56] : REQUEST MEAS. OFF
[15:46:56] : 측정요구 ON 2
[15:47:04] : 측정요구 2OFF
[15:47:04] : 61,20181204-154704,CF18112052481,,OK,MAX,1,2,0.60,4.40,3.20,OK,0.60,4.40,2.69,OK,
[15:47:36] : REQUEST MEAS. ON
[15:47:43] : REQUEST MEAS. OFF
[15:47:43] : 측정요구 ON 2
[15:47:51] : 측정요구 2OFF
[15:47:51] : 61,20181204-154751,CF18112052191,,OK,MAX,1,2,0.60,4.40,3.49,OK,0.60,4.40,2.53,OK,
[15:48:35] : REQUEST MEAS. ON
[15:48:42] : REQUEST MEAS. OFF
[15:48:42] : 측정요구 ON 2
[15:48:49] : 측정요구 2OFF
[15:48:50] : 61,20181204-154851,CF18112053291,,OK,MAX,1,2,0.60,4.40,3.00,OK,0.60,4.40,2.01,OK,
[15:49:22] : REQUEST MEAS. ON
[15:49:29] : REQUEST MEAS. OFF
[15:49:29] : 측정요구 ON 2
[15:49:37] : 측정요구 2OFF
[15:49:37] : 61,20181204-154937,CF18112054001,,OK,MAX,1,2,0.60,4.40,2.53,OK,0.60,4.40,2.63,OK,
[15:50:00] : 측정요구3 ON
[15:50:07] : 측정요구3 OFF
[15:50:07] : 측정요구4 ON
[15:50:15] : 측정요구4 OFF
[15:50:15] : 61,20181204-155015,CF18112051241,,OK,MAX,2,3,0.60,4.40,3.49,OK,0.60,4.40,3.83,OK,
[15:50:47] : REQUEST MEAS. ON
[15:50:54] : REQUEST MEAS. OFF
[15:50:54] : 측정요구 ON 2
[15:51:01] : 측정요구 2OFF
[15:51:01] : 61,20181204-155102,CF18112052431,,OK,MAX,1,2,0.60,4.40,1.32,OK,0.60,4.40,1.34,OK,
[15:51:34] : REQUEST MEAS. ON
[15:51:41] : REQUEST MEAS. OFF
[15:51:41] : 측정요구 ON 2
[15:51:48] : 측정요구 2OFF
[15:51:48] : 61,20181204-155148,CF18112052701,,OK,MAX,1,2,0.60,4.40,1.39,OK,0.60,4.40,1.02,OK,
[15:52:19] : REQUEST MEAS. ON
[15:52:26] : REQUEST MEAS. OFF
[15:52:27] : 측정요구 ON 2
[15:52:34] : 측정요구 2OFF
[15:52:34] : 61,20181204-155235,CF18112053191,,OK,MAX,1,2,0.60,4.40,1.40,OK,0.60,4.40,0.94,OK,
[15:52:45] : 측정요구3 ON
[15:52:52] : 측정요구3 OFF
[15:52:52] : 측정요구4 ON
[15:52:59] : 측정요구4 OFF
[15:52:59] : 61,20181204-155259,CF18112053811,,OK,MAX,2,3,0.60,4.40,3.13,OK,0.60,4.40,2.03,OK,
[15:53:46] : REQUEST MEAS. ON
[15:53:53] : REQUEST MEAS. OFF
[15:53:53] : 측정요구 ON 2
[15:54:00] : 측정요구 2OFF
[15:54:00] : 61,20181204-155401,CF18112052541,,OK,MAX,1,2,0.60,4.40,1.84,OK,0.60,4.40,1.42,OK,
[15:54:33] : REQUEST MEAS. ON
[15:54:40] : REQUEST MEAS. OFF
[15:54:40] : 측정요구 ON 2
[15:54:47] : 측정요구 2OFF
[15:54:47] : 61,20181204-155448,CF18112052201,,OK,MAX,1,2,0.60,4.40,2.70,OK,0.60,4.40,1.92,OK,
[15:55:00] : 측정요구3 ON
[15:55:07] : 측정요구3 OFF
[15:55:07] : 측정요구4 ON
[15:55:14] : 측정요구4 OFF
[15:55:14] : 61,20181204-155515,CF18112053051,,OK,MAX,2,3,0.60,4.40,1.59,OK,0.60,4.40,1.21,OK,
[15:55:53] : REQUEST MEAS. ON
[15:56:00] : REQUEST MEAS. OFF
[15:56:00] : 측정요구 ON 2
[15:56:08] : 측정요구 2OFF
[15:56:08] : 61,20181204-155608,CF18112051721,,OK,MAX,1,2,0.60,4.40,3.19,OK,0.60,4.40,4.11,OK,
[15:56:22] : 측정요구3 ON
[15:56:29] : 측정요구3 OFF
[15:56:29] : 측정요구4 ON
[15:56:37] : 측정요구4 OFF
[15:56:37] : 61,20181204-155637,CF18112051691,,OK,MAX,2,3,0.60,4.40,1.50,OK,0.60,4.40,1.82,OK,
[15:57:20] : REQUEST MEAS. ON
[15:57:27] : REQUEST MEAS. OFF
[15:57:27] : 측정요구 ON 2
[15:57:35] : 측정요구 2OFF
[15:57:35] : 61,20181204-155736,CF18112051981,,OK,MAX,1,2,0.60,4.40,2.00,OK,0.60,4.40,1.70,OK,
[15:57:50] : 측정요구3 ON
[15:57:57] : 측정요구3 OFF
[15:57:57] : 측정요구4 ON
[15:58:04] : 측정요구4 OFF
[15:58:04] : 61,20181204-155805,CF18112052841,,OK,MAX,2,3,0.60,4.40,2.30,OK,0.60,4.40,2.01,OK,
[15:58:49] : REQUEST MEAS. ON
[15:58:56] : REQUEST MEAS. OFF
[15:58:56] : 측정요구 ON 2
[15:59:03] : 측정요구 2OFF
[15:59:03] : 61,20181204-155904,CF18112052081,,OK,MAX,1,2,0.60,4.40,2.70,OK,0.60,4.40,1.81,OK,
[15:59:38] : REQUEST MEAS. ON
[15:59:45] : REQUEST MEAS. OFF
[15:59:45] : 측정요구 ON 2
[15:59:53] : 측정요구 2OFF
[15:59:53] : 61,20181204-155953,CF18112053071,,OK,MAX,1,2,0.60,4.40,2.10,OK,0.60,4.40,2.42,OK,
[16:00:06] : 측정요구3 ON
[16:00:13] : 측정요구3 OFF
[16:00:13] : 측정요구4 ON
[16:00:21] : 측정요구4 OFF
[16:00:21] : 61,20181204-160021,CF18112052111,,OK,MAX,2,3,0.60,4.40,1.61,OK,0.60,4.40,1.60,OK,
[16:01:30] : REQUEST MEAS. ON
[16:01:37] : REQUEST MEAS. OFF
[16:01:37] : 측정요구 ON 2
[16:01:44] : 측정요구 2OFF
[16:01:44] : 61,20181204-160144,CF18112052531,,OK,MAX,1,2,0.60,4.40,2.86,OK,0.60,4.40,2.15,OK,
[16:02:16] : REQUEST MEAS. ON
[16:02:23] : REQUEST MEAS. OFF
[16:02:23] : 측정요구 ON 2
[16:02:31] : 측정요구 2OFF
[16:02:31] : 61,20181204-160231,CF18112052461,,OK,MAX,1,2,0.60,4.40,2.31,OK,0.60,4.40,2.21,OK,
[16:03:14] : REQUEST MEAS. ON
[16:03:21] : REQUEST MEAS. OFF
[16:03:21] : 측정요구 ON 2
[16:03:29] : 측정요구 2OFF
[16:03:29] : 61,20181204-160329,CF18112053471,,OK,MAX,1,2,0.60,4.40,1.41,OK,0.60,4.40,2.71,OK,
[16:03:42] : 측정요구3 ON
[16:03:49] : 측정요구3 OFF
[16:03:49] : 측정요구4 ON
[16:03:57] : 측정요구4 OFF
[16:03:57] : 61,20181204-160358,CF18112051631,,OK,MAX,2,3,0.60,4.40,1.28,OK,0.60,4.40,1.03,OK,
[16:04:41] : REQUEST MEAS. ON
[16:04:48] : REQUEST MEAS. OFF
[16:04:48] : 측정요구 ON 2
[16:04:55] : 측정요구 2OFF
[16:04:55] : 61,20181204-160456,CF18112052991,,OK,MAX,1,2,0.60,4.40,3.60,OK,0.60,4.40,2.23,OK,
[16:05:10] : 측정요구3 ON
[16:05:17] : 측정요구3 OFF
[16:05:17] : 측정요구4 ON
[16:05:24] : 측정요구4 OFF
[16:05:24] : 61,20181204-160525,CF18112051611,,OK,MAX,2,3,0.60,4.40,1.89,OK,0.60,4.40,0.95,OK,
[16:06:10] : REQUEST MEAS. ON
[16:06:17] : REQUEST MEAS. OFF
[16:06:17] : 측정요구 ON 2
[16:06:24] : 측정요구 2OFF
[16:06:24] : 61,20181204-160625,CF18112052401,,OK,MAX,1,2,0.60,4.40,2.41,OK,0.60,4.40,1.92,OK,
[16:06:57] : REQUEST MEAS. ON
[16:07:04] : REQUEST MEAS. OFF
[16:07:04] : 측정요구 ON 2
[16:07:11] : 측정요구 2OFF
[16:07:11] : 61,20181204-160711,CF18112052801,,OK,MAX,1,2,0.60,4.40,2.01,OK,0.60,4.40,1.81,OK,
[16:08:27] : REQUEST MEAS. ON
[16:08:34] : REQUEST MEAS. OFF
[16:08:34] : 측정요구 ON 2
[16:08:42] : 측정요구 2OFF
[16:08:42] : 61,20181204-160842,CF18112052471,,OK,MAX,1,2,0.60,4.40,2.12,OK,0.60,4.40,1.54,OK,
[16:08:56] : 측정요구3 ON
[16:09:03] : 측정요구3 OFF
[16:09:03] : 측정요구4 ON
[16:09:11] : 측정요구4 OFF
[16:09:11] : 61,20181204-160911,CF18112052441,,OK,MAX,2,3,0.60,4.40,2.13,OK,0.60,4.40,1.73,OK,
[16:09:37] : REQUEST MEAS. ON
[16:09:44] : REQUEST MEAS. OFF
[16:09:44] : 측정요구 ON 2
[16:09:51] : 측정요구 2OFF
[16:09:51] : 61,20181204-160952,CF18112053181,,OK,MAX,1,2,0.60,4.40,2.59,OK,0.60,4.40,2.22,OK,
[16:10:24] : REQUEST MEAS. ON
[16:10:31] : REQUEST MEAS. OFF
[16:10:31] : 측정요구 ON 2
[16:10:39] : 측정요구 2OFF
[16:10:39] : 61,20181204-161039,CF18112053561,,OK,MAX,1,2,0.60,4.40,2.91,OK,0.60,4.40,1.93,OK,
[16:11:19] : REQUEST MEAS. ON
[16:11:26] : REQUEST MEAS. OFF
[16:11:26] : 측정요구 ON 2
[16:11:34] : 측정요구 2OFF
[16:11:34] : 61,20181204-161134,CF18112053841,,OK,MAX,1,2,0.60,4.40,3.46,OK,0.60,4.40,3.22,OK,
[16:12:06] : REQUEST MEAS. ON
[16:12:13] : REQUEST MEAS. OFF
[16:12:13] : 측정요구 ON 2
[16:12:21] : 측정요구 2OFF
[16:12:21] : 61,20181204-161221,CF18112053721,,OK,MAX,1,2,0.60,4.40,1.80,OK,0.60,4.40,1.61,OK,
[16:12:30] : 측정요구3 ON
[16:12:37] : 측정요구3 OFF
[16:12:37] : 측정요구4 ON
[16:12:44] : 측정요구4 OFF
[16:12:44] : 61,20181204-161245,CF18112053271,,OK,MAX,2,3,0.60,4.40,2.21,OK,0.60,4.40,1.12,OK,
[16:13:29] : REQUEST MEAS. ON
[16:13:36] : REQUEST MEAS. OFF
[16:13:36] : 측정요구 ON 2
[16:13:44] : 측정요구 2OFF
[16:13:44] : 61,20181204-161344,CF18112052041,,OK,MAX,1,2,0.60,4.40,1.17,OK,0.60,4.40,1.13,OK,
[16:13:59] : 측정요구3 ON
[16:14:06] : 측정요구3 OFF
[16:14:06] : 측정요구4 ON
[16:14:14] : 측정요구4 OFF
[16:14:14] : 61,20181204-161414,CF18112053211,,OK,MAX,2,3,0.60,4.40,1.29,OK,0.60,4.40,1.03,OK,
[16:14:58] : REQUEST MEAS. ON
[16:15:05] : REQUEST MEAS. OFF
[16:15:05] : 측정요구 ON 2
[16:15:13] : 측정요구 2OFF
[16:15:13] : 61,20181204-161514,CF18112051581,,OK,MAX,1,2,0.60,4.40,1.61,OK,0.60,4.40,1.23,OK,
[16:16:52] : REQUEST MEAS. ON
[16:16:59] : REQUEST MEAS. OFF
[16:16:59] : 측정요구 ON 2
[16:17:06] : 측정요구 2OFF
[16:17:06] : 61,20181204-161706,CF18112053581,,OK,MAX,1,2,0.60,4.40,1.80,OK,0.60,4.40,1.31,OK,
[16:17:39] : REQUEST MEAS. ON
[16:17:46] : REQUEST MEAS. OFF
[16:17:46] : 측정요구 ON 2
[16:17:53] : 측정요구 2OFF
[16:17:53] : 61,20181204-161753,CF18112053371,,OK,MAX,1,2,0.60,4.40,2.51,OK,0.60,4.40,2.90,OK,
[16:18:26] : REQUEST MEAS. ON
[16:18:33] : REQUEST MEAS. OFF
[16:18:33] : 측정요구 ON 2
[16:18:40] : 측정요구 2OFF
[16:18:40] : 61,20181204-161840,CF18112052231,,OK,MAX,1,2,0.60,4.40,1.57,OK,0.60,4.40,1.11,OK,
[16:19:21] : REQUEST MEAS. ON
[16:19:28] : REQUEST MEAS. OFF
[16:19:28] : 측정요구 ON 2
[16:19:36] : 측정요구 2OFF
[16:19:36] : 61,20181204-161936,CF18112052921,,OK,MAX,1,2,0.60,4.40,3.70,OK,0.60,4.40,2.72,OK,
[16:20:08] : REQUEST MEAS. ON
[16:20:15] : REQUEST MEAS. OFF
[16:20:15] : 측정요구 ON 2
[16:20:23] : 측정요구 2OFF
[16:20:23] : 61,20181204-162023,CF18112052951,,OK,MAX,1,2,0.60,4.40,1.54,OK,0.60,4.40,1.23,OK,
[16:20:54] : REQUEST MEAS. ON
[16:21:02] : REQUEST MEAS. OFF
[16:21:02] : 측정요구 ON 2
[16:21:09] : 측정요구 2OFF
[16:21:09] : 61,20181204-162109,CF18112052871,,OK,MAX,1,2,0.60,4.40,1.62,OK,0.60,4.40,1.36,OK,
[16:21:20] : 측정요구3 ON
[16:21:27] : 측정요구3 OFF
[16:21:27] : 측정요구4 ON
[16:21:34] : 측정요구4 OFF
[16:21:34] : 61,20181204-162134,CF18112052391,,OK,MAX,2,3,0.60,4.40,1.80,OK,0.60,4.40,1.04,OK,
[16:24:11] : REQUEST MEAS. ON
[16:24:18] : REQUEST MEAS. OFF
[16:24:18] : 측정요구 ON 2
[16:24:26] : 측정요구 2OFF
[16:24:26] : 61,20181204-162426,CF18112053481,,OK,MAX,1,2,0.60,4.40,1.78,OK,0.60,4.40,1.51,OK,
[16:24:27] : 측정요구3 ON
[16:24:34] : 측정요구3 OFF
[16:24:34] : 측정요구4 ON
[16:24:41] : 측정요구4 OFF
[16:24:41] : 61,20181204-162442,CF18112052371,,OK,MAX,2,3,0.60,4.40,1.09,OK,0.60,4.40,0.98,OK,
[16:24:58] : REQUEST MEAS. ON
[16:25:05] : REQUEST MEAS. OFF
[16:25:05] : 측정요구 ON 2
[16:25:12] : 측정요구 2OFF
[16:25:12] : 61,20181204-162513,CF18112052781,,OK,MAX,1,2,0.60,4.40,2.51,OK,0.60,4.40,1.51,OK,
[16:25:22] : 측정요구3 ON
[16:25:29] : 측정요구3 OFF
[16:25:29] : 측정요구4 ON
[16:25:36] : 측정요구4 OFF
[16:25:36] : 61,20181204-162536,CF18112053221,,OK,MAX,2,3,0.60,4.40,1.19,OK,0.60,4.40,1.44,OK,
[16:25:49] : REQUEST MEAS. ON
[16:25:56] : REQUEST MEAS. OFF
[16:25:56] : 측정요구 ON 2
[16:26:04] : 측정요구 2OFF
[16:26:04] : 61,20181204-162604,CF18112053391,,OK,MAX,1,2,0.60,4.40,1.31,OK,0.60,4.40,1.31,OK,
[16:26:18] : 측정요구3 ON
[16:26:25] : 측정요구3 OFF
[16:26:25] : 측정요구4 ON
[16:26:33] : 측정요구4 OFF
[16:26:33] : 61,20181204-162634,CF18112052291,,OK,MAX,2,3,0.60,4.40,1.39,OK,0.60,4.40,0.83,OK,
[16:26:47] : REQUEST MEAS. ON
[16:26:54] : REQUEST MEAS. OFF
[16:26:54] : 측정요구 ON 2
[16:27:01] : 측정요구 2OFF
[16:27:01] : 61,20181204-162702,CF18112052181,,OK,MAX,1,2,0.60,4.40,1.01,OK,0.60,4.40,1.51,OK,
[16:27:16] : 측정요구3 ON
[16:27:23] : 측정요구3 OFF
[16:27:23] : 측정요구4 ON
[16:27:30] : 측정요구4 OFF
[16:27:30] : 61,20181204-162731,CF18112051681,,NG,MAX,2,2,0.60,4.40,0.92,OK,0.60,4.40,0.49,NG,
[16:30:37] : REQUEST MEAS. ON
[16:30:44] : REQUEST MEAS. OFF
[16:30:44] : 측정요구 ON 2
[16:30:51] : 측정요구 2OFF
[16:30:51] : 61,20181204-163052,CF18112053431,,OK,MAX,1,2,0.60,4.40,1.79,OK,0.60,4.40,1.95,OK,
[16:31:24] : REQUEST MEAS. ON
[16:31:31] : REQUEST MEAS. OFF
[16:31:31] : 측정요구 ON 2
[16:31:38] : 측정요구 2OFF
[16:31:38] : 61,20181204-163139,CF18112053231,,OK,MAX,1,2,0.60,4.40,2.30,OK,0.60,4.40,2.07,OK,
[16:32:24] : REQUEST MEAS. ON
[16:32:32] : REQUEST MEAS. OFF
[16:32:32] : 측정요구 ON 2
[16:32:39] : 측정요구 2OFF
[16:32:39] : 61,20181204-163239,CF18112052361,,OK,MAX,1,2,0.60,4.40,3.61,OK,0.60,4.40,2.72,OK,
[16:33:11] : REQUEST MEAS. ON
[16:33:18] : REQUEST MEAS. OFF
[16:33:18] : 측정요구 ON 2
[16:33:25] : 측정요구 2OFF
[16:33:25] : 61,20181204-163326,CF18112052811,,OK,MAX,1,2,0.60,4.40,1.20,OK,0.60,4.40,1.21,OK,
[16:33:51] : 측정요구3 ON
[16:33:58] : 측정요구3 OFF
[16:33:58] : 측정요구4 ON
[16:34:05] : 측정요구4 OFF
[16:34:05] : 61,20181204-163406,CF18112052131,,OK,MAX,2,3,0.60,4.40,2.40,OK,0.60,4.40,2.02,OK,
[16:34:38] : REQUEST MEAS. ON
[16:34:45] : REQUEST MEAS. OFF
[16:34:45] : 측정요구 ON 2
[16:34:52] : 측정요구 2OFF
[16:34:52] : 61,20181204-163453,CF18112052931,,OK,MAX,1,2,0.60,4.40,0.82,OK,0.60,4.40,1.02,OK,
[16:35:16] : 측정요구3 ON
[16:35:23] : 측정요구3 OFF
[16:35:23] : 측정요구4 ON
[16:35:31] : 측정요구4 OFF
[16:35:31] : 61,20181204-163531,CF18112052141,,OK,MAX,2,3,0.60,4.40,1.61,OK,0.60,4.40,1.93,OK,
[16:36:03] : REQUEST MEAS. ON
[16:36:10] : REQUEST MEAS. OFF
[16:36:10] : 측정요구 ON 2
[16:36:17] : 측정요구 2OFF
[16:36:17] : 61,20181204-163618,CF18112052301,,OK,MAX,1,2,0.60,4.40,0.98,OK,0.60,4.40,1.27,OK,
[16:36:50] : REQUEST MEAS. ON
[16:36:57] : REQUEST MEAS. OFF
[16:36:57] : 측정요구 ON 2
[16:37:04] : 측정요구 2OFF
[16:37:04] : 61,20181204-163704,CF18112052751,,OK,MAX,1,2,0.60,4.40,1.59,OK,0.60,4.40,1.41,OK,
[16:38:00] : REQUEST MEAS. ON
[16:38:06] : REQUEST MEAS. OFF
[16:38:07] : 측정요구 ON 2
[16:38:14] : 측정요구 2OFF
[16:38:14] : 61,20181204-163814,CF18112051481,,OK,MAX,1,2,0.60,4.40,2.60,OK,0.60,4.40,2.06,OK,
[16:38:58] : REQUEST MEAS. ON
[16:39:05] : REQUEST MEAS. OFF
[16:39:05] : 측정요구 ON 2
[16:39:12] : 측정요구 2OFF
[16:39:12] : 61,20181204-163913,CF18112053891,,OK,MAX,1,2,0.60,4.40,2.10,OK,0.60,4.40,1.87,OK,
[16:39:45] : REQUEST MEAS. ON
[16:39:51] : REQUEST MEAS. OFF
[16:39:52] : 측정요구 ON 2
[16:39:59] : 측정요구 2OFF
[16:39:59] : 61,20181204-163959,CF18112053081,,OK,MAX,1,2,0.60,4.40,0.81,OK,0.60,4.40,0.90,OK,
[16:40:13] : 측정요구3 ON
[16:40:20] : 측정요구3 OFF
[16:40:20] : 측정요구4 ON
[16:40:27] : 측정요구4 OFF
[16:40:27] : 61,20181204-164027,CF18112052211,,NG,MAX,2,2,0.60,4.40,0.18,NG,0.60,4.40,0.26,NG,
[16:41:07] : REQUEST MEAS. ON
[16:41:13] : REQUEST MEAS. OFF
[16:41:14] : 측정요구 ON 2
[16:41:21] : 측정요구 2OFF
[16:41:21] : 61,20181204-164122,CF18112053701,,OK,MAX,1,2,0.60,4.40,2.33,OK,0.60,4.40,1.41,OK,
[16:41:37] : 측정요구3 ON
[16:41:44] : 측정요구3 OFF
[16:41:44] : 측정요구4 ON
[16:41:52] : 측정요구4 OFF
[16:41:52] : 61,20181204-164152,CF18112053511,,OK,MAX,2,3,0.60,4.40,1.89,OK,0.60,4.40,1.53,OK,
[16:42:36] : REQUEST MEAS. ON
[16:42:43] : REQUEST MEAS. OFF
[16:42:43] : 측정요구 ON 2
[16:42:51] : 측정요구 2OFF
[16:42:51] : 61,20181204-164251,CF18112053901,,OK,MAX,1,2,0.60,4.40,3.40,OK,0.60,4.40,3.00,OK,
[16:43:05] : 측정요구3 ON
[16:43:12] : 측정요구3 OFF
[16:43:12] : 측정요구4 ON
[16:43:20] : 측정요구4 OFF
[16:43:20] : 61,20181204-164320,CF18112052771,,OK,MAX,2,3,0.60,4.40,1.75,OK,0.60,4.40,1.34,OK,
[16:46:52] : REQUEST MEAS. ON
[16:46:59] : REQUEST MEAS. OFF
[16:46:59] : 측정요구 ON 2
[16:47:07] : 측정요구 2OFF
[16:47:07] : 61,20181204-164708,CF18112052331,,OK,MAX,1,2,0.60,4.40,2.40,OK,0.60,4.40,1.25,OK,
[16:47:09] : 측정요구3 ON
[16:47:16] : 측정요구3 OFF
[16:47:16] : 측정요구4 ON
[16:47:23] : 측정요구4 OFF
[16:47:23] : 61,20181204-164723,CF18112053441,,NG,MAX,2,2,0.60,4.40,1.09,OK,0.60,4.40,0.42,NG,
[16:47:39] : REQUEST MEAS. ON
[16:47:46] : REQUEST MEAS. OFF
[16:47:46] : 측정요구 ON 2
[16:47:54] : 측정요구 2OFF
[16:47:54] : 61,20181204-164754,CF18112052711,,OK,MAX,1,2,0.60,4.40,1.91,OK,0.60,4.40,1.01,OK,
[16:48:02] : 측정요구3 ON
[16:48:10] : 측정요구3 OFF
[16:48:10] : 측정요구4 ON
[16:48:17] : 측정요구4 OFF
[16:48:17] : 61,20181204-164818,CF18112052351,,OK,MAX,2,3,0.60,4.40,0.78,OK,0.60,4.40,1.32,OK,
[16:48:32] : REQUEST MEAS. ON
[16:48:39] : REQUEST MEAS. OFF
[16:48:39] : 측정요구 ON 2
[16:48:46] : 측정요구 2OFF
[16:48:46] : 61,20181204-164847,CF18112052741,,OK,MAX,1,2,0.60,4.40,0.91,OK,0.60,4.40,1.01,OK,
[16:49:01] : 측정요구3 ON
[16:49:08] : 측정요구3 OFF
[16:49:08] : 측정요구4 ON
[16:49:15] : 측정요구4 OFF
[16:49:15] : 61,20181204-164916,CF18112052501,,OK,MAX,2,3,0.60,4.40,1.89,OK,0.60,4.40,1.13,OK,
[16:49:29] : REQUEST MEAS. ON
[16:49:36] : REQUEST MEAS. OFF
[16:49:36] : 측정요구 ON 2
[16:49:44] : 측정요구 2OFF
[16:49:44] : 61,20181204-164944,CF18112052691,,OK,MAX,1,2,0.60,4.40,2.11,OK,0.60,4.40,1.22,OK,
[16:49:58] : 측정요구3 ON
[16:50:05] : 측정요구3 OFF
[16:50:05] : 측정요구4 ON
[16:50:13] : 측정요구4 OFF
[16:50:13] : 61,20181204-165013,CF18112052671,,OK,MAX,2,3,0.60,4.40,1.08,OK,0.60,4.40,2.23,OK,
[16:51:55] : REQUEST MEAS. ON
[16:52:02] : REQUEST MEAS. OFF
[16:52:02] : 측정요구 ON 2
[16:52:10] : 측정요구 2OFF
[16:52:10] : 61,20181204-165210,CF18112052621,,OK,MAX,1,2,0.60,4.40,2.65,OK,0.60,4.40,2.09,OK,
[16:52:53] : REQUEST MEAS. ON
[16:53:00] : REQUEST MEAS. OFF
[16:53:00] : 측정요구 ON 2
[16:53:08] : 측정요구 2OFF
[16:53:08] : 61,20181204-165308,CF18112052641,,OK,MAX,1,2,0.60,4.40,1.72,OK,0.60,4.40,1.03,OK,
[16:53:23] : 측정요구3 ON
[16:53:30] : 측정요구3 OFF
[16:53:30] : 측정요구4 ON
[16:53:37] : 측정요구4 OFF
[16:53:37] : 61,20181204-165338,CF18112052171,,OK,MAX,2,3,0.60,4.40,1.85,OK,0.60,4.40,1.57,OK,
[16:54:47] : REQUEST MEAS. ON
[16:54:54] : REQUEST MEAS. OFF
[16:54:54] : 측정요구 ON 2
[16:55:02] : 측정요구 2OFF
[16:55:02] : 61,20181204-165502,CF18112053361,,OK,MAX,1,2,0.60,4.40,2.91,OK,0.60,4.40,2.31,OK,
[16:55:17] : 측정요구3 ON
[16:55:24] : 측정요구3 OFF
[16:55:24] : 측정요구4 ON
[16:55:32] : 측정요구4 OFF
[16:55:32] : 61,20181204-165532,CF18112051251,,OK,MAX,2,3,0.60,4.40,1.21,OK,0.60,4.40,1.00,OK,
[16:55:45] : REQUEST MEAS. ON
[16:55:52] : REQUEST MEAS. OFF
[16:55:52] : 측정요구 ON 2
[16:56:00] : 측정요구 2OFF
[16:56:00] : 61,20181204-165601,CF18112052161,,OK,MAX,1,2,0.60,4.40,1.67,OK,0.60,4.40,1.03,OK,
[16:57:15] : REQUEST MEAS. ON
[16:57:22] : REQUEST MEAS. OFF
[16:57:22] : 측정요구 ON 2
[16:57:29] : 측정요구 2OFF
[16:57:29] : 61,20181204-165730,CF18112053821,,OK,MAX,1,2,0.60,4.40,1.59,OK,0.60,4.40,1.02,OK,
[16:58:02] : REQUEST MEAS. ON
[16:58:09] : REQUEST MEAS. OFF
[16:58:09] : 측정요구 ON 2
[16:58:16] : 측정요구 2OFF
[16:58:16] : 61,20181204-165817,CF18112052341,,OK,MAX,1,2,0.60,4.40,3.03,OK,0.60,4.40,2.12,OK,
[16:58:49] : REQUEST MEAS. ON
[16:58:56] : REQUEST MEAS. OFF
[16:58:56] : 측정요구 ON 2
[16:59:03] : 측정요구 2OFF
[16:59:03] : 61,20181204-165903,CF18112053001,,OK,MAX,1,2,0.60,4.40,2.87,OK,0.60,4.40,2.42,OK,
[16:59:13] : 측정요구3 ON
[16:59:20] : 측정요구3 OFF
[16:59:20] : 측정요구4 ON
[16:59:27] : 측정요구4 OFF
[16:59:27] : 61,20181204-165927,CF18112053491,,OK,MAX,2,3,0.60,4.40,1.59,OK,0.60,4.40,1.42,OK,
[17:00:41] : REQUEST MEAS. ON
[17:00:48] : REQUEST MEAS. OFF
[17:00:48] : 측정요구 ON 2
[17:00:55] : 측정요구 2OFF
[17:00:55] : 61,20181204-170055,CF18112053041,,OK,MAX,1,2,0.60,4.40,2.03,OK,0.60,4.40,1.54,OK,
[17:01:27] : REQUEST MEAS. ON
[17:01:34] : REQUEST MEAS. OFF
[17:01:34] : 측정요구 ON 2
[17:01:41] : 측정요구 2OFF
[17:01:41] : 61,20181204-170142,CF18112051971,,OK,MAX,1,2,0.60,4.40,3.19,OK,0.60,4.40,2.71,OK,
[17:02:13] : REQUEST MEAS. ON
[17:02:20] : REQUEST MEAS. OFF
[17:02:20] : 측정요구 ON 2
[17:02:28] : 측정요구 2OFF
[17:02:28] : 61,20181204-170228,CF18112051591,,OK,MAX,1,2,0.60,4.40,1.99,OK,0.60,4.40,2.16,OK,
[17:03:08] : REQUEST MEAS. ON
[17:03:16] : REQUEST MEAS. OFF
[17:03:16] : 측정요구 ON 2
[17:03:23] : 측정요구 2OFF
[17:03:23] : 61,20181204-170324,CF18112053281,,OK,MAX,1,2,0.60,4.40,2.31,OK,0.60,4.40,1.51,OK,
[17:03:37] : 측정요구3 ON
[17:03:44] : 측정요구3 OFF
[17:03:44] : 측정요구4 ON
[17:03:52] : 측정요구4 OFF
[17:03:52] : 61,20181204-170352,CF18112052851,,OK,MAX,2,3,0.60,4.40,1.00,OK,0.60,4.40,1.75,OK,
[17:04:35] : REQUEST MEAS. ON
[17:04:42] : REQUEST MEAS. OFF
[17:04:42] : 측정요구 ON 2
[17:04:50] : 측정요구 2OFF
[17:04:50] : 61,20181204-170450,CF18112053411,,OK,MAX,1,2,0.60,4.40,2.01,OK,0.60,4.40,1.62,OK,
[17:05:04] : 측정요구3 ON
[17:05:11] : 측정요구3 OFF
[17:05:11] : 측정요구4 ON
[17:05:19] : 측정요구4 OFF
[17:05:19] : 61,20181204-170519,CF18112052221,,OK,MAX,2,3,0.60,4.40,1.58,OK,0.60,4.40,1.22,OK,
[17:06:16] : REQUEST MEAS. ON
[17:06:23] : REQUEST MEAS. OFF
[17:06:23] : 측정요구 ON 2
[17:06:31] : 측정요구 2OFF
[17:06:31] : 61,20181204-170631,CF18112053961,,OK,MAX,1,2,0.60,4.40,3.20,OK,0.60,4.40,3.03,OK,
[17:06:48] : 측정요구3 ON
[17:06:55] : 측정요구3 OFF
[17:06:55] : 측정요구4 ON
[17:07:03] : 측정요구4 OFF
[17:07:03] : 61,20181204-170703,CF18100851341,,OK,MAX,2,3,0.60,4.40,1.68,OK,0.60,4.40,1.83,OK,
[17:07:35] : REQUEST MEAS. ON
[17:07:42] : REQUEST MEAS. OFF
[17:07:42] : 측정요구 ON 2
[17:07:49] : 측정요구 2OFF
[17:07:49] : 61,20181204-170750,CF18112053461,,OK,MAX,1,2,0.60,4.40,1.01,OK,0.60,4.40,1.02,OK,
[17:08:22] : REQUEST MEAS. ON
[17:08:29] : REQUEST MEAS. OFF
[17:08:29] : 측정요구 ON 2
[17:08:36] : 측정요구 2OFF
[17:08:36] : 61,20181204-170836,CF18112053021,,OK,MAX,1,2,0.60,4.40,1.65,OK,0.60,4.40,1.03,OK,
[17:09:00] : 측정요구3 ON
[17:09:07] : 측정요구3 OFF
[17:09:07] : 측정요구4 ON
[17:09:15] : 측정요구4 OFF
[17:09:15] : 61,20181204-170916,CF18112051651,,OK,MAX,2,3,0.60,4.40,2.44,OK,0.60,4.40,1.72,OK,
[17:09:48] : REQUEST MEAS. ON
[17:09:54] : REQUEST MEAS. OFF
[17:09:55] : 측정요구 ON 2
[17:10:02] : 측정요구 2OFF
[17:10:02] : 61,20181204-171002,CF18112053651,,OK,MAX,1,2,0.60,4.40,2.17,OK,0.60,4.40,1.82,OK,
[17:10:34] : REQUEST MEAS. ON
[17:10:41] : REQUEST MEAS. OFF
[17:10:41] : 측정요구 ON 2
[17:10:49] : 측정요구 2OFF
[17:10:49] : 61,20181204-171049,CF18112052661,,OK,MAX,1,2,0.60,4.40,1.10,OK,0.60,4.40,2.72,OK,
[17:11:13] : 측정요구3 ON
[17:11:19] : 측정요구3 OFF
[17:11:20] : 측정요구4 ON
[17:11:27] : 측정요구4 OFF
[17:11:27] : 61,20181204-171128,CF18112053861,,OK,MAX,2,3,0.60,4.40,1.49,OK,0.60,4.40,1.49,OK,
[17:12:00] : REQUEST MEAS. ON
[17:12:07] : REQUEST MEAS. OFF
[17:12:07] : 측정요구 ON 2
[17:12:14] : 측정요구 2OFF
[17:12:14] : 61,20181204-171214,CF18112053951,,OK,MAX,1,2,0.60,4.40,3.20,OK,0.60,4.40,2.32,OK,
[17:12:46] : REQUEST MEAS. ON
[17:12:53] : REQUEST MEAS. OFF
[17:12:53] : 측정요구 ON 2
[17:13:01] : 측정요구 2OFF
[17:13:01] : 61,20181204-171301,CF18112052761,,OK,MAX,1,2,0.60,4.40,1.21,OK,0.60,4.40,1.02,OK,
[17:13:09] : 측정요구3 ON
[17:13:16] : 측정요구3 OFF
[17:13:16] : 측정요구4 ON
[17:13:24] : 측정요구4 OFF
[17:13:24] : 61,20181204-171324,CF18112053171,,OK,MAX,2,3,0.60,4.40,2.59,OK,0.60,4.40,2.14,OK,
[17:14:14] : REQUEST MEAS. ON
[17:14:21] : REQUEST MEAS. OFF
[17:14:21] : 측정요구 ON 2
[17:14:28] : 측정요구 2OFF
[17:14:28] : 61,20181204-171428,CF18112052491,,OK,MAX,1,2,0.60,4.40,2.01,OK,0.60,4.40,1.83,OK,
[17:15:00] : REQUEST MEAS. ON
[17:15:07] : REQUEST MEAS. OFF
[17:15:07] : 측정요구 ON 2
[17:15:15] : 측정요구 2OFF
[17:15:15] : 61,20181204-171515,CF18112052151,,OK,MAX,1,2,0.60,4.40,1.32,OK,0.60,4.40,0.97,OK,
[17:15:25] : 측정요구3 ON
[17:15:32] : 측정요구3 OFF
[17:15:32] : 측정요구4 ON
[17:15:39] : 측정요구4 OFF
[17:15:39] : 61,20181204-171540,CF18112052911,,OK,MAX,2,3,0.60,4.40,2.09,OK,0.60,4.40,1.64,OK,
[17:16:23] : REQUEST MEAS. ON
[17:16:30] : REQUEST MEAS. OFF
[17:16:30] : 측정요구 ON 2
[17:16:37] : 측정요구 2OFF
[17:16:37] : 61,20181204-171638,CF18112052981,,OK,MAX,1,2,0.60,4.40,2.14,OK,0.60,4.40,1.18,OK,
[17:17:11] : REQUEST MEAS. ON
[17:17:18] : REQUEST MEAS. OFF
[17:17:18] : 측정요구 ON 2
[17:17:25] : 측정요구 2OFF
[17:17:25] : 61,20181204-171726,CF18112052591,,OK,MAX,1,2,0.60,4.40,2.41,OK,0.60,4.40,2.04,OK,
[17:17:51] : 측정요구3 ON
[17:17:58] : 측정요구3 OFF
[17:17:58] : 측정요구4 ON
[17:18:06] : 측정요구4 OFF
[17:18:06] : 61,20181204-171806,CF18112052581,,OK,MAX,2,3,0.60,4.40,1.83,OK,0.60,4.40,1.54,OK,
[17:18:38] : REQUEST MEAS. ON
[17:18:44] : REQUEST MEAS. OFF
[17:18:45] : 측정요구 ON 2
[17:18:52] : 측정요구 2OFF
[17:18:52] : 61,20181204-171853,CF18112053791,,OK,MAX,1,2,0.60,4.40,0.71,OK,0.60,4.40,1.11,OK,
[17:19:46] : REQUEST MEAS. ON
[17:19:53] : REQUEST MEAS. OFF
[17:19:53] : 측정요구 ON 2
[17:20:00] : 측정요구 2OFF
[17:20:00] : 61,20181204-172000,CF18112052831,,OK,MAX,1,2,0.60,4.40,2.02,OK,0.60,4.40,1.90,OK,
[18:10:57] : AUTO RUNNING OFF
[18:34:13] : MEAS ESC ON
[18:34:13] : MEAS ESC OFF
[18:34:13] : AUTO RUNNING ON
[18:45:29] : REQUEST MEAS. ON
[18:45:36] : REQUEST MEAS. OFF
[18:45:36] : 측정요구 ON 2
[18:45:43] : 측정요구 2OFF
[18:45:43] : 61,20181204-184544,CF18120272841,CF 18100413703,OK,MAX,1,2,0.60,4.40,2.79,OK,0.60,4.40,2.08,OK,
[18:45:57] : 측정요구3 ON
[18:46:04] : 측정요구3 OFF
[18:46:04] : 측정요구4 ON
[18:46:12] : 측정요구4 OFF
[18:46:12] : 61,20181204-184612,CF18120270591,,OK,MAX,2,3,0.60,4.40,1.50,OK,0.60,4.40,2.21,OK,
[18:46:37] : REQUEST MEAS. ON
[18:46:44] : REQUEST MEAS. OFF
[18:46:44] : 측정요구 ON 2
[18:46:52] : 측정요구 2OFF
[18:46:52] : 61,20181204-184653,CF18120273551,CF 18112010631,NG,MAX,1,0,0.60,4.40,0.12,NG,0.60,4.40,0.32,NG,
[18:54:13] : AUTO RUNNING OFF
[19:21:57] : MEAS ESC ON
[19:21:58] : MEAS ESC OFF
[19:21:58] : AUTO RUNNING ON
[19:26:43] : REQUEST MEAS. ON
[19:26:50] : REQUEST MEAS. OFF
[19:26:50] : 측정요구 ON 2
[19:26:58] : 측정요구 2OFF
[19:26:58] : 61,20181204-192658,CF18120272491,CF 18100413433,OK,MAX,1,2,0.60,4.40,1.00,OK,0.60,4.40,1.30,OK,
[19:29:10] : REQUEST MEAS. ON
[19:29:17] : REQUEST MEAS. OFF
[19:29:17] : 측정요구 ON 2
[19:29:25] : 측정요구 2OFF
[19:29:25] : 61,20181204-192926,CF18120272481,CF 18100413443,OK,MAX,1,2,0.60,4.40,0.90,OK,0.60,4.40,1.02,OK,
[19:29:40] : 측정요구3 ON
[19:29:47] : 측정요구3 OFF
[19:29:47] : 측정요구4 ON
[19:29:54] : 측정요구4 OFF
[19:29:54] : 61,20181204-192955,CF18120273031,,OK,MAX,2,3,0.60,4.40,1.60,OK,0.60,4.40,1.64,OK,
[19:30:09] : REQUEST MEAS. ON
[19:30:16] : REQUEST MEAS. OFF
[19:30:17] : 측정요구 ON 2
[19:30:24] : 측정요구 2OFF
[19:30:24] : 61,20181204-193024,CF18120273661,CF 18100410443,OK,MAX,1,2,0.60,4.40,1.61,OK,0.60,4.40,1.13,OK,
[19:37:43] : REQUEST MEAS. ON
[19:37:50] : REQUEST MEAS. OFF
[19:37:50] : 측정요구 ON 2
[19:37:58] : 측정요구 2OFF
[19:37:58] : 61,20181204-193758,CF18120273351,CF 18100413593,OK,MAX,1,2,0.60,4.40,2.20,OK,0.60,4.40,1.41,OK,
[19:38:08] : 측정요구3 ON
[19:38:15] : 측정요구3 OFF
[19:38:15] : 측정요구4 ON
[19:38:23] : 측정요구4 OFF
[19:38:23] : 61,20181204-193823,CF18120273361,,OK,MAX,2,3,0.60,4.40,1.58,OK,0.60,4.40,1.25,OK,
[19:38:41] : REQUEST MEAS. ON
[19:38:48] : REQUEST MEAS. OFF
[19:38:48] : 측정요구 ON 2
[19:38:56] : 측정요구 2OFF
[19:38:56] : 61,20181204-193856,CF18120272561,CF 18100413473,OK,MAX,1,2,0.60,4.40,1.28,OK,0.60,4.40,2.56,OK,
[19:40:34] : REQUEST MEAS. ON
[19:40:41] : REQUEST MEAS. OFF
[19:40:41] : 측정요구 ON 2
[19:40:49] : 측정요구 2OFF
[19:40:49] : 61,20181204-194049,CF18120273001,CF 18100410413,OK,MAX,1,2,0.60,4.40,1.39,OK,0.60,4.40,1.02,OK,
[19:41:22] : REQUEST MEAS. ON
[19:41:29] : REQUEST MEAS. OFF
[19:41:29] : 측정요구 ON 2
[19:41:37] : 측정요구 2OFF
[19:41:37] : 61,20181204-194137,CF18120272631,CF 18100412213,OK,MAX,1,2,0.60,4.40,2.70,OK,0.60,4.40,1.47,OK,
[19:42:24] : REQUEST MEAS. ON
[19:42:31] : REQUEST MEAS. OFF
[19:42:31] : 측정요구 ON 2
[19:42:38] : 측정요구 2OFF
[19:42:38] : 61,20181204-194238,CF18120272591,CF 18100410903,OK,MAX,1,2,0.60,4.40,2.32,OK,0.60,4.40,1.53,OK,
[19:43:10] : REQUEST MEAS. ON
[19:43:17] : REQUEST MEAS. OFF
[19:43:17] : 측정요구 ON 2
[19:43:25] : 측정요구 2OFF
[19:43:25] : 61,20181204-194325,CF18120272611,CF 18100412153,OK,MAX,1,2,0.60,4.40,1.11,OK,0.60,4.40,1.02,OK,
[19:43:38] : 측정요구3 ON
[19:43:45] : 측정요구3 OFF
[19:43:45] : 측정요구4 ON
[19:43:53] : 측정요구4 OFF
[19:43:53] : 61,20181204-194353,CF18120272621,,OK,MAX,2,3,0.60,4.40,2.09,OK,0.60,4.40,1.77,OK,
[19:44:45] : REQUEST MEAS. ON
[19:44:52] : REQUEST MEAS. OFF
[19:44:52] : 측정요구 ON 2
[19:44:59] : 측정요구 2OFF
[19:44:59] : 61,20181204-194459,,CF 18100411073,OK,MAX,1,2,0.60,4.40,1.80,OK,0.60,4.40,1.52,OK,
[19:45:04] : 측정요구3 ON
[19:45:11] : 측정요구3 OFF
[19:45:11] : 측정요구4 ON
[19:45:18] : 측정요구4 OFF
[19:45:18] : 61,20181204-194518,CF18120272741,,NG,MAX,2,2,0.60,4.40,0.64,OK,0.60,4.40,0.53,NG,
[19:45:58] : REQUEST MEAS. ON
[19:46:05] : REQUEST MEAS. OFF
[19:46:05] : 측정요구 ON 2
[19:46:13] : 측정요구 2OFF
[19:46:13] : 61,20181204-194614,CF18120272801,CF 18100410963,OK,MAX,1,2,0.60,4.40,1.49,OK,0.60,4.40,1.01,OK,
[19:46:29] : 측정요구3 ON
[19:46:36] : 측정요구3 OFF
[19:46:36] : 측정요구4 ON
[19:46:44] : 측정요구4 OFF
[19:46:44] : 61,20181204-194644,CF18120272821,,NG,MAX,2,2,0.60,4.40,0.59,NG,0.60,4.40,0.63,OK,
[19:47:26] : REQUEST MEAS. ON
[19:47:33] : REQUEST MEAS. OFF
[19:47:33] : 측정요구 ON 2
[19:47:41] : 측정요구 2OFF
[19:47:41] : 61,20181204-194742,CF18120272831,CF 18100414513,OK,MAX,1,2,0.60,4.40,2.40,OK,0.60,4.40,1.42,OK,
[19:47:58] : 측정요구3 ON
[19:48:04] : 측정요구3 OFF
[19:48:05] : 측정요구4 ON
[19:48:12] : 측정요구4 OFF
[19:48:12] : 61,20181204-194812,CF18120270421,CF 18100410033,OK,MAX,2,3,0.60,4.40,1.19,OK,0.60,4.40,1.52,OK,
[19:49:01] : REQUEST MEAS. ON
[19:49:08] : REQUEST MEAS. OFF
[19:49:08] : 측정요구 ON 2
[19:49:15] : 측정요구 2OFF
[19:49:15] : 61,20181204-194916,CF18120270441,CF 18100413913,OK,MAX,1,2,0.60,4.40,1.60,OK,0.60,4.40,0.98,OK,
[19:49:28] : 측정요구3 ON
[19:49:35] : 측정요구3 OFF
[19:49:36] : 측정요구4 ON
[19:49:43] : 측정요구4 OFF
[19:49:43] : 61,20181204-194943,CF18120270461,CF 18100413933,OK,MAX,2,3,0.60,4.40,0.98,OK,0.60,4.40,2.45,OK,
[19:50:26] : REQUEST MEAS. ON
[19:50:33] : REQUEST MEAS. OFF
[19:50:33] : 측정요구 ON 2
[19:50:41] : 측정요구 2OFF
[19:50:41] : 61,20181204-195041,CF18120270451,CF 18100413923,OK,MAX,1,2,0.60,4.40,2.10,OK,0.60,4.40,1.53,OK,
[19:50:58] : 측정요구3 ON
[19:51:04] : 측정요구3 OFF
[19:51:04] : 측정요구4 ON
[19:51:11] : 측정요구4 OFF
[19:51:11] : 61,20181204-195112,CF18120270511,CF 18112010791,NG,MAX,2,2,0.60,4.40,0.29,NG,0.60,4.40,0.34,NG,
[19:51:55] : REQUEST MEAS. ON
[19:52:02] : REQUEST MEAS. OFF
[19:52:02] : 측정요구 ON 2
[19:52:10] : 측정요구 2OFF
[19:52:10] : 61,20181204-195210,CF18120270471,CF 18100413883,OK,MAX,1,2,0.60,4.40,2.71,OK,0.60,4.40,1.94,OK,
[19:53:35] : REQUEST MEAS. ON
[19:53:42] : REQUEST MEAS. OFF
[19:53:42] : 측정요구 ON 2
[19:53:50] : 측정요구 2OFF
[19:53:50] : 61,20181204-195350,CF18120270881,CF 18100413903,OK,MAX,1,2,0.60,4.40,1.05,OK,0.60,4.40,0.98,OK,
[19:54:04] : 측정요구3 ON
[19:54:11] : 측정요구3 OFF
[19:54:11] : 측정요구4 ON
[19:54:18] : 측정요구4 OFF
[19:54:18] : 61,20181204-195419,CF18120270841,CF 18100413893,OK,MAX,2,3,0.60,4.40,3.09,OK,0.60,4.40,2.40,OK,
[19:54:34] : REQUEST MEAS. ON
[19:54:41] : REQUEST MEAS. OFF
[19:54:41] : 측정요구 ON 2
[19:54:48] : 측정요구 2OFF
[19:54:48] : 61,20181204-195448,CF18120270851,CF 18100413853,OK,MAX,1,2,0.60,4.40,3.79,OK,0.60,4.40,3.33,OK,
[19:55:03] : 측정요구3 ON
[19:55:10] : 측정요구3 OFF
[19:55:10] : 측정요구4 ON
[19:55:18] : 측정요구4 OFF
[19:55:18] : 61,20181204-195519,CF18120270501,CF 18100413873,OK,MAX,2,3,0.60,4.40,1.11,OK,0.60,4.40,1.23,OK,
[19:55:34] : REQUEST MEAS. ON
[19:55:41] : REQUEST MEAS. OFF
[19:55:41] : 측정요구 ON 2
[19:55:49] : 측정요구 2OFF
[19:55:49] : 61,20181204-195549,CF18120273181,CF 18100410253,OK,MAX,1,2,0.60,4.40,3.11,OK,0.60,4.40,2.43,OK,
[19:56:21] : REQUEST MEAS. ON
[19:56:28] : REQUEST MEAS. OFF
[19:56:28] : 측정요구 ON 2
[19:56:36] : 측정요구 2OFF
[19:56:36] : 61,20181204-195636,CF18120273171,CF 18100412623,OK,MAX,1,2,0.60,4.40,1.19,OK,0.60,4.40,0.92,OK,
[19:58:23] : REQUEST MEAS. ON
[19:58:30] : REQUEST MEAS. OFF
[19:58:30] : 측정요구 ON 2
[19:58:37] : 측정요구 2OFF
[19:58:37] : 61,20181204-195838,CF18120273161,CF 18100412143,OK,MAX,1,2,0.60,4.40,1.50,OK,0.60,4.40,1.77,OK,
[19:58:39] : 측정요구3 ON
[19:58:46] : 측정요구3 OFF
[19:58:46] : 측정요구4 ON
[19:58:53] : 측정요구4 OFF
[19:58:53] : 61,20181204-195853,CF18120273151,CF 18100410243,NG,MAX,2,2,0.60,4.40,0.83,OK,0.60,4.40,0.54,NG,
[19:59:13] : REQUEST MEAS. ON
[19:59:20] : REQUEST MEAS. OFF
[19:59:20] : 측정요구 ON 2
[19:59:28] : 측정요구 2OFF
[19:59:28] : 61,20181204-195928,CF18120273111,CF 18100412753,OK,MAX,1,2,0.60,4.40,1.71,OK,0.60,4.40,1.02,OK,
[19:59:32] : 측정요구3 ON
[19:59:39] : 측정요구3 OFF
[19:59:39] : 측정요구4 ON
[19:59:46] : 측정요구4 OFF
[19:59:46] : 61,20181204-195947,CF18120270311,CF 18100413233,OK,MAX,2,3,0.60,4.40,2.79,OK,0.60,4.40,2.36,OK,
[20:00:21] : REQUEST MEAS. ON
[20:00:28] : REQUEST MEAS. OFF
[20:00:28] : 측정요구 ON 2
[20:00:35] : 측정요구 2OFF
[20:00:35] : 61,20181204-200035,CF18120270291,CF 18100413243,OK,MAX,1,2,0.60,4.40,3.46,OK,0.60,4.40,2.87,OK,
[20:00:36] : 측정요구3 ON
[20:00:43] : 측정요구3 OFF
[20:00:43] : 측정요구4 ON
[20:00:51] : 측정요구4 OFF
[20:00:51] : 61,20181204-200051,CF18120270261,CF 18100413223,OK,MAX,2,3,0.60,4.40,1.72,OK,0.60,4.40,1.62,OK,
[20:01:35] : AUTO RUNNING OFF
[20:06:42] : MEAS ESC ON
[20:06:42] : MEAS ESC OFF
[20:06:42] : AUTO RUNNING ON
[20:07:15] : REQUEST MEAS. ON
[20:07:22] : REQUEST MEAS. OFF
[20:07:22] : 측정요구 ON 2
[20:07:30] : 측정요구 2OFF
[20:07:30] : 61,20181204-200730,CF18120270231,CF 18100413213,OK,MAX,1,2,0.60,4.40,2.40,OK,0.60,4.40,2.81,OK,
[20:08:04] : REQUEST MEAS. ON
[20:08:11] : REQUEST MEAS. OFF
[20:08:11] : 측정요구 ON 2
[20:08:19] : 측정요구 2OFF
[20:08:19] : 61,20181204-200819,CF18120270071,CF 18100413203,OK,MAX,1,2,0.60,4.40,3.19,OK,0.60,4.40,3.31,OK,
[20:44:27] : AUTO RUNNING OFF
 
