[18:28:57] : PROGRAM START
[18:29:01] : AUTO RUNNING OFF
[18:29:01] : REQUEST MEAS. OFF
[18:29:01] : REQUEST ZEROSET OFF
[18:29:01] : REQUEST ZEROSET OFF
[19:55:37] : Cycle start ON
[19:55:37] : Cycle start OFF
[19:55:37] : REQUEST MEAS. ON
[19:55:44] : REQUEST MEAS. OFF
[19:55:44] : 0
[19:55:45] : 측정요구 ON 2
[19:55:52] : 측정요구 2OFF
[19:55:52] : 0
[20:00:15] : Cycle start ON
[20:00:16] : Cycle start OFF
[20:00:16] : REQUEST MEAS. ON
[20:00:23] : REQUEST MEAS. OFF
[20:00:23] : 0
[20:00:24] : 측정요구 ON 2
[20:00:31] : 측정요구 2OFF
[20:00:31] : 0
[20:00:57] : Cycle start ON
[20:00:57] : Cycle start OFF
[20:00:57] : REQUEST MEAS. ON
[20:01:04] : REQUEST MEAS. OFF
[20:01:04] : 0
[20:01:06] : 측정요구 ON 2
[20:01:13] : 측정요구 2OFF
[20:01:13] : 0
[20:02:13] : Cycle start ON
[20:02:13] : Cycle start OFF
[20:02:13] : REQUEST MEAS. ON
[20:02:20] : REQUEST MEAS. OFF
[20:02:20] : 0
[20:02:22] : 측정요구 ON 2
[20:02:29] : 측정요구 2OFF
[20:02:29] : 0
[20:04:24] : Cycle start ON
[20:04:25] : Cycle start OFF
[20:04:25] : REQUEST MEAS. ON
[20:04:32] : REQUEST MEAS. OFF
[20:04:32] : 0
[20:04:33] : 측정요구 ON 2
[20:04:40] : 측정요구 2OFF
[20:04:40] : 0
[20:06:00] : Cycle start ON
[20:06:00] : Cycle start OFF
[20:06:00] : REQUEST MEAS. ON
[20:06:07] : REQUEST MEAS. OFF
[20:06:07] : 0
[20:06:09] : 측정요구 ON 2
[20:06:16] : 측정요구 2OFF
[20:06:16] : 0
[20:07:18] : Cycle start ON
[20:07:18] : Cycle start OFF
[20:07:18] : REQUEST MEAS. ON
[20:07:25] : REQUEST MEAS. OFF
[20:07:25] : 0
[20:07:26] : 측정요구 ON 2
[20:07:33] : 측정요구 2OFF
[20:07:33] : 0
[20:23:37] : Cycle start ON
[20:23:37] : Cycle start OFF
[20:23:37] : 측정요구3 ON
[20:23:44] : 측정요구3 OFF
[20:23:44] : 0
[20:23:46] : 측정요구4 ON
[20:23:53] : 측정요구4 OFF
[20:23:53] : 0
[20:24:30] : Cycle start ON
[20:24:31] : Cycle start OFF
[20:24:31] : 측정요구3 ON
[20:24:37] : 측정요구3 OFF
[20:24:38] : 0
[20:24:39] : 측정요구4 ON
[20:24:46] : 측정요구4 OFF
[20:24:46] : 0
[20:25:24] : Cycle start ON
[20:25:25] : Cycle start OFF
[20:25:25] : 측정요구3 ON
[20:25:32] : 측정요구3 OFF
[20:25:32] : 0
[20:25:33] : 측정요구4 ON
[20:25:40] : 측정요구4 OFF
[20:25:40] : 0
[20:26:11] : Cycle start ON
[20:26:11] : Cycle start OFF
[20:26:11] : 측정요구3 ON
[20:26:18] : 측정요구3 OFF
[20:26:18] : 0
[20:26:19] : 측정요구4 ON
[20:26:26] : 측정요구4 OFF
[20:26:26] : 0
 
