[08:24:20] : AUTO RUNNING OFF
[08:24:23] : Cycle start ON
[08:24:25] : Cycle start OFF
[08:24:34] : REQUEST MEAS. ON
[08:24:37] : REQUEST MEAS. OFF
[08:34:09] : Cycle start ON
[08:34:11] : Cycle start OFF
[08:34:20] : REQUEST MEAS. ON
[08:34:23] : REQUEST MEAS. OFF
[08:41:32] : Cycle start ON
[08:41:35] : Cycle start OFF
[08:41:44] : REQUEST MEAS. ON
[08:41:47] : REQUEST MEAS. OFF
[08:43:37] : Cycle start ON
[08:43:39] : Cycle start OFF
[08:43:48] : REQUEST MEAS. ON
[08:43:51] : REQUEST MEAS. OFF
[08:50:12] : Cycle start ON
[08:50:15] : Cycle start OFF
[08:50:23] : REQUEST MEAS. ON
[08:50:26] : REQUEST MEAS. OFF
[08:53:59] : AUTO RUNNING ON
[08:53:59] : RESET ON
[08:54:02] : Cycle start ON
[08:54:04] : Cycle start OFF
[08:54:13] : REQUEST MEAS. ON
[08:54:16] : REQUEST MEAS. OFF
[08:54:39] : AUTO RUNNING OFF
[08:54:40] : RESET ON
[10:22:27] : MEAS ESC ON
[10:22:27] : M3417 :	마스터 이종 알람 ON
[10:23:32] : MEAS ESC OFF
[10:23:32] : RESET ON
[10:23:32] : M3417 :	마스터 이종 알람 OFF
[10:32:22] : MEAS ESC ON
[10:32:22] : M3417 :	마스터 이종 알람 ON
[10:36:20] : MEAS ESC OFF
[10:36:20] : RESET ON
[10:36:20] : M3417 :	마스터 이종 알람 OFF
[10:36:20] : MEAS ESC ON
[10:36:20] : M3417 :	마스터 이종 알람 ON
[11:02:40] : MEAS ESC OFF
[11:02:40] : RESET ON
[11:02:40] : M3417 :	마스터 이종 알람 OFF
[11:02:47] : MEAS ESC ON
[11:02:47] : M3413 :	DOOR OPEN중 ON
[11:02:54] : MEAS ESC OFF
[11:02:54] : RESET ON
[11:02:54] : M3413 :	DOOR OPEN중 OFF
[11:02:58] : AUTO RUNNING ON
[11:12:25] : Cycle start ON
[11:12:28] : Cycle start OFF
[11:12:36] : REQUEST MEAS. ON
[11:12:39] : REQUEST MEAS. OFF
[11:13:28] : Cycle start ON
[11:13:30] : Cycle start OFF
[11:13:39] : REQUEST MEAS. ON
[11:13:42] : REQUEST MEAS. OFF
[11:15:11] : Cycle start ON
[11:15:14] : Cycle start OFF
[11:15:23] : REQUEST MEAS. ON
[11:15:26] : REQUEST MEAS. OFF
[11:18:21] : MEAS ESC ON
[11:18:21] : AUTO RUNNING OFF
[11:18:21] : M3413 :	DOOR OPEN중 ON
[11:18:28] : MEAS ESC OFF
[11:18:28] : RESET ON
[11:18:28] : M3413 :	DOOR OPEN중 OFF
[11:19:22] : Cycle start ON
[11:19:23] : Cycle start OFF
[11:19:32] : REQUEST ZEROSET ON
[11:19:35] : REQUEST ZEROSET OFF
[11:19:50] : Cycle start ON
[11:19:51] : Cycle start OFF
[11:20:00] : REQUEST ZEROSET ON
[11:20:03] : REQUEST ZEROSET OFF
[11:20:23] : Cycle start ON
[11:20:25] : Cycle start OFF
[11:20:34] : REQUEST MEAS. ON
[11:20:37] : REQUEST MEAS. OFF
[11:29:45] : MEAS ESC ON
[11:29:45] : M3400 : 비상입니다. ON
[11:29:47] : MEAS ESC OFF
[11:29:47] : RESET ON
[11:29:47] : M3400 : 비상입니다. OFF
[11:29:47] : RESET ON
[11:31:26] : Cycle start ON
[11:31:27] : Cycle start OFF
[11:31:36] : REQUEST ZEROSET ON
[11:31:39] : REQUEST ZEROSET OFF
[11:31:49] : Cycle start ON
[11:31:51] : Cycle start OFF
[11:32:00] : REQUEST ZEROSET ON
[11:32:03] : REQUEST ZEROSET OFF
 
[11:55:45] : AUTO RUNNING ON
[11:55:48] : Cycle start ON
[11:55:51] : Cycle start OFF
[11:55:59] : REQUEST MEAS. ON
[11:56:02] : REQUEST MEAS. OFF
[11:56:25] : Cycle start ON
[11:56:28] : Cycle start OFF
[11:56:36] : REQUEST MEAS. ON
[11:56:39] : REQUEST MEAS. OFF
[11:57:37] : Cycle start ON
[11:57:40] : Cycle start OFF
[11:57:48] : REQUEST MEAS. ON
[11:57:51] : REQUEST MEAS. OFF
[11:59:51] : Cycle start ON
[11:59:54] : Cycle start OFF
[12:00:02] : REQUEST MEAS. ON
[12:00:05] : REQUEST MEAS. OFF
[12:01:25] : Cycle start ON
[12:01:27] : Cycle start OFF
[12:01:36] : REQUEST MEAS. ON
[12:01:39] : REQUEST MEAS. OFF
[12:02:54] : Cycle start ON
[12:02:57] : Cycle start OFF
[12:03:06] : REQUEST MEAS. ON
[12:03:09] : REQUEST MEAS. OFF
[12:04:21] : Cycle start ON
[12:04:24] : Cycle start OFF
[12:04:32] : REQUEST MEAS. ON
[12:04:35] : REQUEST MEAS. OFF
[12:08:11] : Cycle start ON
[12:08:14] : Cycle start OFF
[12:08:23] : REQUEST MEAS. ON
[12:08:26] : REQUEST MEAS. OFF
[12:10:13] : Cycle start ON
[12:10:16] : Cycle start OFF
[12:10:25] : REQUEST MEAS. ON
[12:10:28] : REQUEST MEAS. OFF
[12:11:40] : Cycle start ON
[12:11:42] : Cycle start OFF
[12:11:51] : REQUEST MEAS. ON
[12:11:54] : REQUEST MEAS. OFF
[12:12:13] : AUTO RUNNING OFF
[12:14:58] : AUTO RUNNING ON
[12:15:16] : Cycle start ON
[12:15:18] : Cycle start OFF
[12:15:27] : REQUEST MEAS. ON
[12:15:30] : REQUEST MEAS. OFF
[12:18:16] : Cycle start ON
[12:18:19] : Cycle start OFF
[12:18:22] : M3415 :	NG FULL 경고 ON
[12:18:28] : REQUEST MEAS. ON
[12:18:30] : REQUEST MEAS. OFF
[12:19:12] : Cycle start ON
[12:19:12] : RESET ON
[12:19:15] : Cycle start OFF
[12:19:24] : REQUEST MEAS. ON
[12:19:26] : REQUEST MEAS. OFF
[12:19:49] : Cycle start ON
[12:19:49] : RESET ON
[12:19:51] : Cycle start OFF
[12:20:00] : REQUEST MEAS. ON
[12:20:03] : REQUEST MEAS. OFF
[12:20:16] : AUTO RUNNING OFF
[12:20:19] : RESET ON
[12:20:26] : RESET ON
[12:20:29] : RESET ON
[12:20:34] : M3415 :	NG FULL 경고 OFF
[12:20:43] : AUTO RUNNING ON
[12:20:46] : Cycle start ON
[12:20:49] : Cycle start OFF
[12:20:58] : REQUEST MEAS. ON
[12:21:01] : REQUEST MEAS. OFF
[12:21:34] : Cycle start ON
[12:21:36] : Cycle start OFF
[12:21:45] : REQUEST MEAS. ON
[12:21:48] : REQUEST MEAS. OFF
[12:22:22] : Cycle start ON
[12:22:24] : Cycle start OFF
[12:22:33] : REQUEST MEAS. ON
[12:22:36] : REQUEST MEAS. OFF
[12:23:47] : Cycle start ON
[12:23:50] : Cycle start OFF
[12:23:58] : REQUEST MEAS. ON
[12:24:01] : REQUEST MEAS. OFF
[12:27:04] : AUTO RUNNING OFF
[12:28:02] : AUTO RUNNING ON
[12:28:17] : AUTO RUNNING OFF
[12:28:30] : RESET ON
[12:28:31] : RESET ON
[12:32:40] : AUTO RUNNING ON
[12:32:43] : Cycle start ON
[12:32:46] : Cycle start OFF
[12:32:54] : REQUEST MEAS. ON
[12:32:57] : REQUEST MEAS. OFF
[13:38:58] : Cycle start ON
[13:39:01] : Cycle start OFF
[13:39:10] : REQUEST MEAS. ON
[13:39:12] : REQUEST MEAS. OFF
[13:40:43] : Cycle start ON
[13:40:45] : Cycle start OFF
[13:40:54] : REQUEST MEAS. ON
[13:40:57] : REQUEST MEAS. OFF
[13:41:11] : AUTO RUNNING OFF
[13:43:05] : Cycle start ON
[13:43:06] : Cycle start OFF
[13:43:15] : REQUEST ZEROSET ON
[13:43:18] : REQUEST ZEROSET OFF
[13:54:12] : Cycle start ON
[13:54:14] : Cycle start OFF
[13:54:22] : REQUEST ZEROSET ON
[13:54:25] : REQUEST ZEROSET OFF
[13:54:36] : Cycle start ON
[13:54:37] : Cycle start OFF
[13:54:46] : REQUEST ZEROSET ON
[13:54:49] : REQUEST ZEROSET OFF
[13:56:33] : Cycle start ON
[13:56:35] : Cycle start OFF
[13:56:44] : REQUEST MEAS. ON
[13:56:47] : REQUEST MEAS. OFF
[13:57:57] : AUTO RUNNING ON
[13:58:07] : Cycle start ON
[13:58:09] : Cycle start OFF
[13:58:18] : REQUEST MEAS. ON
[13:58:21] : REQUEST MEAS. OFF
[13:58:52] : Cycle start ON
[13:58:54] : Cycle start OFF
[13:59:03] : REQUEST MEAS. ON
[13:59:06] : REQUEST MEAS. OFF
[14:02:28] : Cycle start ON
[14:02:30] : Cycle start OFF
[14:02:39] : REQUEST MEAS. ON
[14:02:42] : REQUEST MEAS. OFF
[14:04:00] : Cycle start ON
[14:04:03] : Cycle start OFF
[14:04:11] : REQUEST MEAS. ON
[14:04:14] : REQUEST MEAS. OFF
[14:05:44] : Cycle start ON
[14:05:46] : Cycle start OFF
[14:05:55] : REQUEST MEAS. ON
[14:05:58] : REQUEST MEAS. OFF
[14:07:37] : Cycle start ON
[14:07:40] : Cycle start OFF
[14:07:49] : REQUEST MEAS. ON
[14:07:51] : REQUEST MEAS. OFF
[14:09:21] : Cycle start ON
[14:09:23] : Cycle start OFF
[14:09:32] : REQUEST MEAS. ON
[14:09:35] : REQUEST MEAS. OFF
[14:10:54] : Cycle start ON
[14:10:56] : Cycle start OFF
[14:11:05] : REQUEST MEAS. ON
[14:11:08] : REQUEST MEAS. OFF
[14:11:33] : AUTO RUNNING OFF
[14:15:38] : AUTO RUNNING ON
[14:17:18] : Cycle start ON
[14:17:20] : Cycle start OFF
[14:17:29] : REQUEST MEAS. ON
[14:17:32] : REQUEST MEAS. OFF
[14:18:34] : Cycle start ON
[14:18:37] : Cycle start OFF
[14:18:46] : REQUEST MEAS. ON
[14:18:49] : REQUEST MEAS. OFF
[14:20:00] : Cycle start ON
[14:20:03] : Cycle start OFF
[14:20:11] : REQUEST MEAS. ON
[14:20:14] : REQUEST MEAS. OFF
[14:21:27] : Cycle start ON
[14:21:29] : Cycle start OFF
[14:21:38] : REQUEST MEAS. ON
[14:21:41] : REQUEST MEAS. OFF
[14:22:54] : Cycle start ON
[14:22:57] : Cycle start OFF
[14:23:06] : REQUEST MEAS. ON
[14:23:09] : REQUEST MEAS. OFF
[14:24:48] : Cycle start ON
[14:24:51] : Cycle start OFF
[14:24:59] : REQUEST MEAS. ON
[14:25:02] : REQUEST MEAS. OFF
[14:26:32] : Cycle start ON
[14:26:34] : Cycle start OFF
[14:26:43] : REQUEST MEAS. ON
[14:26:46] : REQUEST MEAS. OFF
[14:28:16] : Cycle start ON
[14:28:18] : Cycle start OFF
[14:28:27] : REQUEST MEAS. ON
[14:28:30] : REQUEST MEAS. OFF
[14:35:12] : AUTO RUNNING OFF
[14:35:18] : AUTO RUNNING ON
[14:35:22] : AUTO RUNNING OFF
[14:35:30] : MEAS ESC ON
[14:35:30] : M3400 : 비상입니다. ON
[14:35:32] : MEAS ESC OFF
[14:35:32] : RESET ON
[14:35:32] : M3400 : 비상입니다. OFF
[14:35:32] : RESET ON
[14:35:38] : AUTO RUNNING ON
[14:35:41] : Cycle start ON
[14:35:43] : Cycle start OFF
[14:35:52] : REQUEST MEAS. ON
[14:35:55] : REQUEST MEAS. OFF
[14:40:18] : Cycle start ON
[14:40:21] : Cycle start OFF
[14:40:30] : REQUEST MEAS. ON
[14:40:32] : REQUEST MEAS. OFF
[14:42:02] : Cycle start ON
[14:42:04] : Cycle start OFF
[14:42:13] : REQUEST MEAS. ON
[14:42:16] : REQUEST MEAS. OFF
[14:43:45] : Cycle start ON
[14:43:48] : Cycle start OFF
[14:43:57] : REQUEST MEAS. ON
[14:44:00] : REQUEST MEAS. OFF
[14:45:38] : Cycle start ON
[14:45:41] : Cycle start OFF
[14:45:49] : REQUEST MEAS. ON
[14:45:52] : REQUEST MEAS. OFF
[14:46:40] : AUTO RUNNING OFF
[14:58:38] : AUTO RUNNING ON
[14:58:47] : MEAS ESC ON
[14:58:47] : AUTO RUNNING OFF
[14:58:47] : M3400 : 비상입니다. ON
[14:58:48] : MEAS ESC OFF
[14:58:48] : RESET ON
[14:58:48] : M3400 : 비상입니다. OFF
[14:58:48] : RESET ON
[14:58:53] : AUTO RUNNING ON
[14:58:56] : Cycle start ON
[14:58:58] : Cycle start OFF
[14:59:07] : REQUEST MEAS. ON
[14:59:10] : REQUEST MEAS. OFF
[14:59:37] : AUTO RUNNING OFF
[14:59:39] : RESET ON
[14:59:39] : MEAS ESC ON
[14:59:39] : M3400 : 비상입니다. ON
[15:00:00] : MEAS ESC OFF
[15:00:00] : RESET ON
[15:00:00] : M3400 : 비상입니다. OFF
[15:00:12] : AUTO RUNNING ON
[15:00:15] : Cycle start ON
[15:00:17] : Cycle start OFF
[15:00:26] : REQUEST MEAS. ON
[15:00:29] : REQUEST MEAS. OFF
[15:04:58] : AUTO RUNNING OFF
[15:06:10] : RESET ON
[15:08:23] : AUTO RUNNING ON
[15:08:25] : Cycle start ON
[15:08:28] : Cycle start OFF
[15:08:37] : REQUEST MEAS. ON
[15:08:40] : REQUEST MEAS. OFF
[15:09:16] : AUTO RUNNING OFF
[15:09:17] : MEAS ESC ON
[15:09:17] : M3400 : 비상입니다. ON
[15:09:18] : MEAS ESC OFF
[15:09:18] : RESET ON
[15:09:18] : M3400 : 비상입니다. OFF
[15:09:19] : RESET ON
[15:09:23] : AUTO RUNNING ON
[15:09:25] : Cycle start ON
[15:09:28] : Cycle start OFF
[15:09:37] : REQUEST MEAS. ON
[15:09:40] : REQUEST MEAS. OFF
[15:24:28] : AUTO RUNNING OFF
[15:24:29] : MEAS ESC ON
[15:24:29] : M3400 : 비상입니다. ON
[15:24:30] : MEAS ESC OFF
[15:24:30] : RESET ON
[15:24:30] : M3400 : 비상입니다. OFF
[15:24:35] : AUTO RUNNING ON
[15:24:37] : Cycle start ON
[15:24:40] : Cycle start OFF
[15:24:49] : REQUEST MEAS. ON
[15:24:52] : REQUEST MEAS. OFF
[15:27:16] : AUTO RUNNING OFF
[15:27:41] : AUTO RUNNING ON
[15:31:07] : AUTO RUNNING OFF
[15:34:41] : AUTO RUNNING ON
[15:34:53] : Cycle start ON
[15:34:56] : Cycle start OFF
[15:35:04] : REQUEST MEAS. ON
[15:35:07] : REQUEST MEAS. OFF
[15:41:53] : Cycle start ON
[15:41:55] : Cycle start OFF
[15:42:04] : REQUEST MEAS. ON
[15:42:07] : REQUEST MEAS. OFF
[15:43:48] : Cycle start ON
[15:43:51] : Cycle start OFF
[15:43:59] : REQUEST MEAS. ON
[15:44:02] : REQUEST MEAS. OFF
[15:52:35] : Cycle start ON
[15:52:37] : Cycle start OFF
[15:52:46] : REQUEST MEAS. ON
[15:52:49] : REQUEST MEAS. OFF
[15:54:20] : Cycle start ON
[15:54:23] : Cycle start OFF
[15:54:31] : REQUEST MEAS. ON
[15:54:34] : REQUEST MEAS. OFF
[15:56:04] : Cycle start ON
[15:56:07] : Cycle start OFF
[15:56:16] : REQUEST MEAS. ON
[15:56:19] : REQUEST MEAS. OFF
[15:59:51] : Cycle start ON
[15:59:54] : Cycle start OFF
[16:00:02] : REQUEST MEAS. ON
[16:00:05] : REQUEST MEAS. OFF
[16:01:36] : Cycle start ON
[16:01:38] : Cycle start OFF
[16:01:47] : REQUEST MEAS. ON
[16:01:50] : REQUEST MEAS. OFF
[16:03:21] : Cycle start ON
[16:03:24] : Cycle start OFF
[16:03:33] : REQUEST MEAS. ON
[16:03:36] : REQUEST MEAS. OFF
[16:05:07] : Cycle start ON
[16:05:09] : Cycle start OFF
[16:05:18] : REQUEST MEAS. ON
[16:05:21] : REQUEST MEAS. OFF
[16:10:46] : MEAS ESC ON
[16:10:46] : AUTO RUNNING OFF
[16:10:46] : M3413 :	DOOR OPEN중 ON
[16:19:02] : MEAS ESC OFF
[16:19:02] : RESET ON
[16:19:02] : M3413 :	DOOR OPEN중 OFF
[16:19:02] : RESET ON
[17:48:20] : Cycle start ON
[17:48:21] : Cycle start OFF
[17:48:30] : REQUEST ZEROSET ON
[17:48:33] : REQUEST ZEROSET OFF
[17:48:45] : Cycle start ON
[17:48:47] : Cycle start OFF
[17:48:55] : REQUEST ZEROSET ON
[17:48:58] : REQUEST ZEROSET OFF
[17:49:19] : AUTO RUNNING ON
[17:49:22] : Cycle start ON
[17:49:24] : Cycle start OFF
[17:49:33] : REQUEST MEAS. ON
[17:49:36] : REQUEST MEAS. OFF
[17:55:24] : AUTO RUNNING OFF
[17:57:30] : MEAS ESC ON
[17:57:30] : M3400 : 비상입니다. ON
[17:57:31] : MEAS ESC OFF
[17:57:31] : RESET ON
[17:57:31] : M3400 : 비상입니다. OFF
[17:57:36] : AUTO RUNNING ON
[17:57:39] : Cycle start ON
[17:57:42] : Cycle start OFF
[17:57:51] : REQUEST MEAS. ON
[17:57:54] : REQUEST MEAS. OFF
[18:00:29] : Cycle start ON
[18:00:31] : Cycle start OFF
[18:00:40] : REQUEST MEAS. ON
[18:00:43] : REQUEST MEAS. OFF
[18:00:51] : MEAS ESC ON
[18:00:51] : AUTO RUNNING OFF
[18:00:51] : M3402 :	연속불량 발생 ON
[18:02:04] : MEAS ESC OFF
[18:02:04] : RESET ON
[18:02:04] : M3402 :	연속불량 발생 OFF
[18:02:13] : AUTO RUNNING ON
[18:02:15] : Cycle start ON
[18:02:18] : Cycle start OFF
[18:02:27] : REQUEST MEAS. ON
[18:02:30] : REQUEST MEAS. OFF
[18:03:02] : Cycle start ON
[18:03:05] : Cycle start OFF
[18:03:13] : REQUEST MEAS. ON
[18:03:16] : REQUEST MEAS. OFF
[18:03:25] : MEAS ESC ON
[18:03:25] : AUTO RUNNING OFF
[18:03:25] : M3402 :	연속불량 발생 ON
[18:04:29] : MEAS ESC OFF
[18:04:29] : RESET ON
[18:04:29] : M3402 :	연속불량 발생 OFF
[18:04:32] : AUTO RUNNING ON
[18:04:41] : Cycle start ON
[18:04:43] : Cycle start OFF
[18:04:52] : REQUEST MEAS. ON
[18:04:55] : REQUEST MEAS. OFF
[18:06:00] : Cycle start ON
[18:06:02] : Cycle start OFF
[18:06:11] : REQUEST MEAS. ON
[18:06:14] : REQUEST MEAS. OFF
[18:06:23] : MEAS ESC ON
[18:06:23] : AUTO RUNNING OFF
[18:06:23] : M3402 :	연속불량 발생 ON
[18:08:28] : MEAS ESC OFF
[18:08:28] : RESET ON
[18:08:28] : M3402 :	연속불량 발생 OFF
[18:08:31] : AUTO RUNNING ON
[18:08:40] : Cycle start ON
[18:08:43] : Cycle start OFF
[18:08:51] : REQUEST MEAS. ON
[18:08:54] : REQUEST MEAS. OFF
[18:10:00] : Cycle start ON
[18:10:02] : Cycle start OFF
[18:10:11] : REQUEST MEAS. ON
[18:10:14] : REQUEST MEAS. OFF
[18:10:23] : MEAS ESC ON
[18:10:23] : AUTO RUNNING OFF
[18:10:23] : M3402 :	연속불량 발생 ON
[18:10:42] : MEAS ESC OFF
[18:10:42] : RESET ON
[18:10:42] : M3402 :	연속불량 발생 OFF
[18:10:46] : AUTO RUNNING ON
[18:11:32] : Cycle start ON
[18:11:35] : Cycle start OFF
[18:11:43] : REQUEST MEAS. ON
[18:11:46] : REQUEST MEAS. OFF
[18:13:20] : Cycle start ON
[18:13:23] : Cycle start OFF
[18:13:32] : REQUEST MEAS. ON
[18:13:35] : REQUEST MEAS. OFF
[18:16:51] : Cycle start ON
[18:16:54] : Cycle start OFF
[18:17:03] : REQUEST MEAS. ON
[18:17:06] : REQUEST MEAS. OFF
[18:18:37] : Cycle start ON
[18:18:39] : Cycle start OFF
[18:18:48] : REQUEST MEAS. ON
[18:18:51] : REQUEST MEAS. OFF
[18:20:32] : Cycle start ON
[18:20:34] : Cycle start OFF
[18:20:43] : REQUEST MEAS. ON
[18:20:46] : REQUEST MEAS. OFF
[18:20:55] : MEAS ESC ON
[18:20:55] : AUTO RUNNING OFF
[18:20:55] : M3402 :	연속불량 발생 ON
[18:21:13] : MEAS ESC OFF
[18:21:13] : RESET ON
[18:21:13] : M3402 :	연속불량 발생 OFF
[18:21:21] : AUTO RUNNING ON
[18:21:24] : Cycle start ON
[18:21:26] : Cycle start OFF
[18:21:35] : REQUEST MEAS. ON
[18:21:38] : REQUEST MEAS. OFF
[18:25:03] : Cycle start ON
[18:25:06] : Cycle start OFF
[18:25:15] : REQUEST MEAS. ON
[18:25:18] : REQUEST MEAS. OFF
[18:27:15] : Cycle start ON
[18:27:17] : Cycle start OFF
[18:27:26] : REQUEST MEAS. ON
[18:27:29] : REQUEST MEAS. OFF
[18:27:37] : MEAS ESC ON
[18:27:37] : AUTO RUNNING OFF
[18:27:37] : M3402 :	연속불량 발생 ON
[18:28:13] : MEAS ESC OFF
[18:28:13] : RESET ON
[18:28:13] : M3402 :	연속불량 발생 OFF
[18:28:18] : AUTO RUNNING ON
[18:33:29] : Cycle start ON
[18:33:32] : Cycle start OFF
[18:33:40] : REQUEST MEAS. ON
[18:33:43] : REQUEST MEAS. OFF
[18:35:28] : Cycle start ON
[18:35:31] : Cycle start OFF
[18:35:39] : REQUEST MEAS. ON
[18:35:42] : REQUEST MEAS. OFF
[18:35:51] : MEAS ESC ON
[18:35:51] : AUTO RUNNING OFF
[18:35:51] : M3402 :	연속불량 발생 ON
[18:36:03] : MEAS ESC OFF
[18:36:03] : RESET ON
[18:36:03] : M3402 :	연속불량 발생 OFF
[18:36:06] : AUTO RUNNING ON
[18:39:34] : Cycle start ON
[18:39:37] : Cycle start OFF
[18:39:46] : REQUEST MEAS. ON
[18:39:49] : REQUEST MEAS. OFF
[18:43:18] : Cycle start ON
[18:43:21] : Cycle start OFF
[18:43:30] : REQUEST MEAS. ON
[18:43:32] : REQUEST MEAS. OFF
[18:43:41] : MEAS ESC ON
[18:43:41] : AUTO RUNNING OFF
[18:43:41] : M3402 :	연속불량 발생 ON
[18:44:03] : MEAS ESC OFF
[18:44:03] : RESET ON
[18:44:03] : M3402 :	연속불량 발생 OFF
[18:44:06] : AUTO RUNNING ON
[18:45:35] : AUTO RUNNING OFF
[18:52:28] : AUTO RUNNING ON
[18:52:38] : Cycle start ON
[18:52:40] : Cycle start OFF
[18:52:49] : REQUEST MEAS. ON
[18:52:52] : REQUEST MEAS. OFF
[18:56:57] : Cycle start ON
[18:56:59] : Cycle start OFF
[18:57:08] : REQUEST MEAS. ON
[18:57:11] : REQUEST MEAS. OFF
[19:00:22] : Cycle start ON
[19:00:25] : Cycle start OFF
[19:00:34] : REQUEST MEAS. ON
[19:00:36] : REQUEST MEAS. OFF
[19:02:08] : Cycle start ON
[19:02:10] : Cycle start OFF
[19:02:19] : REQUEST MEAS. ON
[19:02:22] : REQUEST MEAS. OFF
[19:03:53] : Cycle start ON
[19:03:55] : Cycle start OFF
[19:04:04] : REQUEST MEAS. ON
[19:04:07] : REQUEST MEAS. OFF
[19:05:38] : Cycle start ON
[19:05:40] : Cycle start OFF
[19:05:49] : REQUEST MEAS. ON
[19:05:52] : REQUEST MEAS. OFF
[19:07:22] : Cycle start ON
[19:07:25] : Cycle start OFF
[19:07:34] : REQUEST MEAS. ON
[19:07:37] : REQUEST MEAS. OFF
[19:10:16] : AUTO RUNNING OFF
[19:10:56] : AUTO RUNNING ON
[19:13:21] : Cycle start ON
[19:13:23] : Cycle start OFF
[19:13:32] : REQUEST MEAS. ON
[19:13:35] : REQUEST MEAS. OFF
[19:15:55] : Cycle start ON
[19:15:58] : Cycle start OFF
[19:16:07] : REQUEST MEAS. ON
[19:16:10] : REQUEST MEAS. OFF
[19:17:12] : Cycle start ON
[19:17:14] : Cycle start OFF
[19:17:23] : REQUEST MEAS. ON
[19:17:26] : REQUEST MEAS. OFF
[19:18:36] : Cycle start ON
[19:18:39] : Cycle start OFF
[19:18:48] : REQUEST MEAS. ON
[19:18:51] : REQUEST MEAS. OFF
[19:20:02] : Cycle start ON
[19:20:05] : Cycle start OFF
[19:20:14] : REQUEST MEAS. ON
[19:20:16] : REQUEST MEAS. OFF
[19:22:04] : Cycle start ON
[19:22:07] : Cycle start OFF
[19:22:15] : REQUEST MEAS. ON
[19:22:18] : REQUEST MEAS. OFF
[19:23:31] : Cycle start ON
[19:23:33] : Cycle start OFF
[19:23:42] : REQUEST MEAS. ON
[19:23:45] : REQUEST MEAS. OFF
[19:25:08] : Cycle start ON
[19:25:10] : Cycle start OFF
[19:25:19] : REQUEST MEAS. ON
[19:25:22] : REQUEST MEAS. OFF
[19:26:53] : Cycle start ON
[19:26:55] : Cycle start OFF
[19:27:04] : REQUEST MEAS. ON
[19:27:07] : REQUEST MEAS. OFF
[19:27:18] : AUTO RUNNING OFF
[19:28:37] : AUTO RUNNING ON
[19:29:57] : AUTO RUNNING OFF
[19:30:37] : AUTO RUNNING ON
 
