 
[17:22:02] : PROGRAM START
[17:22:06] : TCP FAIL 1
[17:22:09] : TCP FAIL 1
[17:22:12] : TCP FAIL 1
[17:22:14] : TCP FAIL 1
[17:22:22] : Plc Error Timer
[17:22:30] : PROGRAM END
 
[17:22:55] : PROGRAM START
[17:23:07] : Plc Error Timer
[17:23:11] : PROGRAM END
 
[17:31:51] : PROGRAM START
[17:31:53] : AUTO RUNNING ON
[17:31:53] : REQUEST MEAS. OFF
[17:31:53] : REQUEST ZEROSET OFF
[17:31:53] : REQUEST ZEROSET OFF
[17:32:01] : PROGRAM END
 
[17:32:30] : PROGRAM START
[17:32:32] : AUTO RUNNING ON
[17:32:32] : REQUEST MEAS. OFF
[17:32:32] : REQUEST ZEROSET OFF
[17:32:32] : REQUEST ZEROSET OFF
[17:32:43] : PROGRAM END
 
[17:33:08] : PROGRAM START
[17:33:10] : AUTO RUNNING ON
[17:33:10] : REQUEST MEAS. OFF
[17:33:10] : REQUEST ZEROSET OFF
[17:33:10] : REQUEST ZEROSET OFF
[17:36:42] : PROGRAM END
 
[17:37:02] : PROGRAM START
[17:37:04] : AUTO RUNNING ON
[17:37:04] : REQUEST MEAS. OFF
[17:37:04] : REQUEST ZEROSET OFF
[17:37:04] : REQUEST ZEROSET OFF
[18:57:59] : REQUEST MEAS. ON
[18:58:06] : REQUEST MEAS. OFF
[18:58:06] : 측정요구 ON 2
[18:58:13] : 측정요구 2OFF
[18:58:13] : 61,20181203-185814,CF18112053021,,OK,MAX,1,2,0.60,4.40,2.40,OK,0.60,4.40,1.40,OK,
[19:12:20] : REQUEST MEAS. ON
[19:12:27] : REQUEST MEAS. OFF
[19:12:27] : 측정요구 ON 2
[19:12:34] : 측정요구 2OFF
[19:12:34] : 61,20181203-191235,CF18112053861,,OK,MAX,1,2,0.60,4.40,2.87,OK,0.60,4.40,2.20,OK,
[19:12:41] : 측정요구3 ON
[19:12:48] : 측정요구3 OFF
[19:12:48] : 측정요구4 ON
[19:12:55] : 측정요구4 OFF
[19:12:55] : 61,20181203-191256,CF18112053951,,OK,MAX,2,3,0.60,4.40,2.10,OK,0.60,4.40,1.53,OK,
[19:13:07] : REQUEST MEAS. ON
[19:13:14] : REQUEST MEAS. OFF
[19:13:14] : 측정요구 ON 2
[19:13:22] : 측정요구 2OFF
[19:13:22] : 61,20181203-191322,CF18112052661,,OK,MAX,1,2,0.60,4.40,0.70,OK,0.60,4.40,0.91,OK,
[19:13:54] : REQUEST MEAS. ON
[19:14:01] : REQUEST MEAS. OFF
[19:14:01] : 측정요구 ON 2
[19:14:08] : 측정요구 2OFF
[19:14:08] : 61,20181203-191409,CF18112051971,,OK,MAX,1,2,0.60,4.40,3.02,OK,0.60,4.40,2.82,OK,
[19:14:20] : 측정요구3 ON
[19:14:27] : 측정요구3 OFF
[19:14:28] : 측정요구4 ON
[19:14:35] : 측정요구4 OFF
[19:14:35] : 61,20181203-191436,CF18112053961,,OK,MAX,2,3,0.60,4.40,2.09,OK,0.60,4.40,1.95,OK,
[19:14:50] : REQUEST MEAS. ON
[19:14:57] : REQUEST MEAS. OFF
[19:14:57] : 측정요구 ON 2
[19:15:04] : 측정요구 2OFF
[19:15:04] : 61,20181203-191504,CF18112051661,,OK,MAX,1,2,0.60,4.40,1.62,OK,0.60,4.40,1.03,OK,
[19:15:22] : 측정요구3 ON
[19:15:29] : 측정요구3 OFF
[19:15:29] : 측정요구4 ON
[19:15:36] : 측정요구4 OFF
[19:15:36] : 61,20181203-191537,CF18112051591,,OK,MAX,2,3,0.60,4.40,2.19,OK,0.60,4.40,2.33,OK,
[19:16:09] : REQUEST MEAS. ON
[19:16:16] : REQUEST MEAS. OFF
[19:16:16] : 측정요구 ON 2
[19:16:23] : 측정요구 2OFF
[19:16:23] : 61,20181203-191623,CF18112053041,,OK,MAX,1,2,0.60,4.40,2.10,OK,0.60,4.40,1.33,OK,
[19:16:37] : 측정요구3 ON
[19:16:44] : 측정요구3 OFF
[19:16:44] : 측정요구4 ON
[19:16:51] : 측정요구4 OFF
[19:16:51] : 61,20181203-191652,CF18112053491,,OK,MAX,2,3,0.60,4.40,1.40,OK,0.60,4.40,1.12,OK,
[19:17:09] : REQUEST MEAS. ON
[19:17:16] : REQUEST MEAS. OFF
[19:17:16] : 측정요구 ON 2
[19:17:24] : 측정요구 2OFF
[19:17:24] : 61,20181203-191724,CF18112053281,,OK,MAX,1,2,0.60,4.40,2.49,OK,0.60,4.40,1.93,OK,
[19:17:46] : 측정요구3 ON
[19:17:53] : 측정요구3 OFF
[19:17:53] : 측정요구4 ON
[19:18:00] : 측정요구4 OFF
[19:18:00] : 61,20181203-191801,CF18112052851,,OK,MAX,2,3,0.60,4.40,1.19,OK,0.60,4.40,1.94,OK,
[19:18:16] : REQUEST MEAS. ON
[19:18:23] : REQUEST MEAS. OFF
[19:18:23] : 측정요구 ON 2
[19:18:30] : 측정요구 2OFF
[19:18:30] : 61,20181203-191830,CF18112053411,,OK,MAX,1,2,0.60,4.40,3.00,OK,0.60,4.40,2.51,OK,
[19:33:21] : AUTO RUNNING OFF
[19:36:57] : MEAS ESC ON
[19:36:58] : MEAS ESC OFF
[19:36:58] : AUTO RUNNING ON
[19:38:24] : REQUEST MEAS. ON
[19:38:31] : REQUEST MEAS. OFF
[19:38:31] : 측정요구 ON 2
[19:38:39] : 측정요구 2OFF
[19:38:39] : 61,20181203-193839,CF18112052791,,OK,MAX,1,2,0.60,4.40,2.32,OK,0.60,4.40,1.31,OK,
[19:38:40] : 측정요구3 ON
[19:38:47] : 측정요구3 OFF
[19:38:47] : 측정요구4 ON
[19:38:54] : 측정요구4 OFF
[19:38:54] : 61,20181203-193855,CF18112053751,,OK,MAX,2,3,0.60,4.40,2.09,OK,0.60,4.40,1.73,OK,
[19:39:11] : REQUEST MEAS. ON
[19:39:18] : REQUEST MEAS. OFF
[19:39:18] : 측정요구 ON 2
[19:39:25] : 측정요구 2OFF
[19:39:25] : 61,20181203-193926,CF18112051601,,OK,MAX,1,2,0.60,4.40,1.12,OK,0.60,4.40,1.42,OK,
[19:39:37] : 측정요구3 ON
[19:39:44] : 측정요구3 OFF
[19:39:44] : 측정요구4 ON
[19:39:51] : 측정요구4 OFF
[19:39:51] : 61,20181203-193952,CF18112053381,,OK,MAX,2,3,0.60,4.40,2.50,OK,0.60,4.40,1.76,OK,
[19:40:09] : REQUEST MEAS. ON
[19:40:16] : REQUEST MEAS. OFF
[19:40:16] : 측정요구 ON 2
[19:40:24] : 측정요구 2OFF
[19:40:24] : 61,20181203-194024,CF18112053851,,OK,MAX,1,2,0.60,4.40,1.98,OK,0.60,4.40,2.26,OK,
[19:40:41] : 측정요구3 ON
[19:40:48] : 측정요구3 OFF
[19:40:48] : 측정요구4 ON
[19:40:55] : 측정요구4 OFF
[19:40:55] : 61,20181203-194056,CF18112052221,,OK,MAX,2,3,0.60,4.40,2.39,OK,0.60,4.40,2.03,OK,
[19:42:43] : REQUEST MEAS. ON
[19:42:50] : REQUEST MEAS. OFF
[19:42:50] : 측정요구 ON 2
[19:42:57] : 측정요구 2OFF
[19:42:57] : 61,20181203-194257,CF18112052861,,OK,MAX,1,2,0.60,4.40,2.51,OK,0.60,4.40,1.86,OK,
[19:42:59] : 측정요구3 ON
[19:43:06] : 측정요구3 OFF
[19:43:06] : 측정요구4 ON
[19:43:13] : 측정요구4 OFF
[19:43:13] : 61,20181203-194313,CF18112052141,,NG,MAX,2,2,0.60,4.40,0.85,OK,0.60,4.40,0.60,NG,
[19:43:28] : REQUEST MEAS. ON
[19:43:35] : REQUEST MEAS. OFF
[19:43:35] : 측정요구 ON 2
[19:43:43] : 측정요구 2OFF
[19:43:43] : 61,20181203-194343,CF18112052911,,OK,MAX,1,2,0.60,4.40,2.39,OK,0.60,4.40,1.10,OK,
[19:43:51] : 측정요구3 ON
[19:43:58] : 측정요구3 OFF
[19:43:58] : 측정요구4 ON
[19:44:05] : 측정요구4 OFF
[19:44:05] : 61,20181203-194405,CF18112052971,,OK,MAX,2,3,0.60,4.40,1.70,OK,0.60,4.40,1.43,OK,
[19:45:25] : REQUEST MEAS. ON
[19:45:32] : REQUEST MEAS. OFF
[19:45:32] : 측정요구 ON 2
[19:45:40] : 측정요구 2OFF
[19:45:40] : 61,20181203-194540,CF18112052071,,OK,MAX,1,2,0.60,4.40,3.40,OK,0.60,4.40,1.94,OK,
[19:45:59] : 측정요구3 ON
[19:46:06] : 측정요구3 OFF
[19:46:06] : 측정요구4 ON
[19:46:13] : 측정요구4 OFF
[19:46:13] : 61,20181203-194614,CF18112053541,,OK,MAX,2,3,0.60,4.40,2.59,OK,0.60,4.40,1.94,OK,
[19:46:30] : REQUEST MEAS. ON
[19:46:37] : REQUEST MEAS. OFF
[19:46:37] : 측정요구 ON 2
[19:46:45] : 측정요구 2OFF
[19:46:45] : 61,20181203-194645,CF18112053921,,OK,MAX,1,2,0.60,4.40,1.99,OK,0.60,4.40,1.51,OK,
[19:47:00] : 측정요구3 ON
[19:47:07] : 측정요구3 OFF
[19:47:07] : 측정요구4 ON
[19:47:15] : 측정요구4 OFF
[19:47:15] : 61,20181203-194715,CF18112053761,,OK,MAX,2,3,0.60,4.40,1.89,OK,0.60,4.40,1.42,OK,
[19:47:32] : REQUEST MEAS. ON
[19:47:39] : REQUEST MEAS. OFF
[19:47:39] : 측정요구 ON 2
[19:47:47] : 측정요구 2OFF
[19:47:47] : 61,20181203-194748,CF18112053301,,OK,MAX,1,2,0.60,4.40,1.69,OK,0.60,4.40,0.93,OK,
[19:48:06] : 측정요구3 ON
[19:48:13] : 측정요구3 OFF
[19:48:13] : 측정요구4 ON
[19:48:20] : 측정요구4 OFF
[19:48:20] : 61,20181203-194821,CF18112052101,,OK,MAX,2,3,0.60,4.40,1.66,OK,0.60,4.40,1.18,OK,
[19:49:10] : REQUEST MEAS. ON
[19:49:17] : REQUEST MEAS. OFF
[19:49:17] : 측정요구 ON 2
[19:49:24] : 측정요구 2OFF
[19:49:24] : 61,20181203-194925,CF18112052151,,OK,MAX,1,2,0.60,4.40,1.71,OK,0.60,4.40,1.48,OK,
[19:49:39] : 측정요구3 ON
[19:49:46] : 측정요구3 OFF
[19:49:46] : 측정요구4 ON
[19:49:53] : 측정요구4 OFF
[19:49:53] : 61,20181203-194954,CF18112053661,,OK,MAX,2,3,0.60,4.40,1.90,OK,0.60,4.40,1.83,OK,
[19:50:08] : REQUEST MEAS. ON
[19:50:15] : REQUEST MEAS. OFF
[19:50:15] : 측정요구 ON 2
[19:50:22] : 측정요구 2OFF
[19:50:22] : 61,20181203-195023,CF18112053941,,OK,MAX,1,2,0.60,4.40,2.37,OK,0.60,4.40,1.85,OK,
[19:50:37] : 측정요구3 ON
[19:50:44] : 측정요구3 OFF
[19:50:44] : 측정요구4 ON
[19:50:51] : 측정요구4 OFF
[19:50:51] : 61,20181203-195052,CF18112053631,,OK,MAX,2,3,0.60,4.40,1.78,OK,0.60,4.40,2.02,OK,
[19:51:05] : REQUEST MEAS. ON
[19:51:12] : REQUEST MEAS. OFF
[19:51:12] : 측정요구 ON 2
[19:51:19] : 측정요구 2OFF
[19:51:19] : 61,20181203-195120,CF18112052321,,OK,MAX,1,2,0.60,4.40,1.46,OK,0.60,4.40,0.97,OK,
[19:51:34] : 측정요구3 ON
[19:51:41] : 측정요구3 OFF
[19:51:41] : 측정요구4 ON
[19:51:49] : 측정요구4 OFF
[19:51:49] : 61,20181203-195149,CF18112053621,,OK,MAX,2,3,0.60,4.40,2.57,OK,0.60,4.40,1.66,OK,
[19:53:00] : REQUEST MEAS. ON
[19:53:07] : REQUEST MEAS. OFF
[19:53:07] : 측정요구 ON 2
[19:53:15] : 측정요구 2OFF
[19:53:15] : 61,20181203-195316,CF18112053671,,OK,MAX,1,2,0.60,4.40,2.62,OK,0.60,4.40,3.12,OK,
[19:53:35] : 측정요구3 ON
[19:53:42] : 측정요구3 OFF
[19:53:42] : 측정요구4 ON
[19:53:49] : 측정요구4 OFF
[19:53:49] : 61,20181203-195350,CF18112053801,,OK,MAX,2,3,0.60,4.40,0.81,OK,0.60,4.40,1.23,OK,
[19:54:04] : REQUEST MEAS. ON
[19:54:11] : REQUEST MEAS. OFF
[19:54:11] : 측정요구 ON 2
[19:54:18] : 측정요구 2OFF
[19:54:18] : 61,20181203-195419,CF18112052031,,OK,MAX,1,2,0.60,4.40,2.52,OK,0.60,4.40,1.81,OK,
[19:54:34] : 측정요구3 ON
[19:54:41] : 측정요구3 OFF
[19:54:41] : 측정요구4 ON
[19:54:48] : 측정요구4 OFF
[19:54:48] : 61,20181203-195449,CF18112053421,,OK,MAX,2,3,0.60,4.40,2.59,OK,0.60,4.40,2.94,OK,
[19:55:13] : REQUEST MEAS. ON
[19:55:20] : REQUEST MEAS. OFF
[19:55:20] : 측정요구 ON 2
[19:55:27] : 측정요구 2OFF
[19:55:27] : 61,20181203-195528,CF18112053061,,OK,MAX,1,2,0.60,4.40,2.56,OK,0.60,4.40,1.94,OK,
[19:56:00] : REQUEST MEAS. ON
[19:56:07] : REQUEST MEAS. OFF
[19:56:07] : 측정요구 ON 2
[19:56:14] : 측정요구 2OFF
[19:56:14] : 61,20181203-195615,CF18112053771,,OK,MAX,1,2,0.60,4.40,2.67,OK,0.60,4.40,2.32,OK,
[19:56:55] : REQUEST MEAS. ON
[19:57:03] : REQUEST MEAS. OFF
[19:57:03] : 측정요구 ON 2
[19:57:10] : 측정요구 2OFF
[19:57:10] : 61,20181203-195710,CF18112052521,,OK,MAX,1,2,0.60,4.40,2.41,OK,0.60,4.40,1.53,OK,
[19:57:36] : 측정요구3 ON
[19:57:43] : 측정요구3 OFF
[19:57:43] : 측정요구4 ON
[19:57:50] : 측정요구4 OFF
[19:57:50] : 61,20181203-195751,CF18112053681,,OK,MAX,2,3,0.60,4.40,1.59,OK,0.60,4.40,1.84,OK,
[19:58:05] : REQUEST MEAS. ON
[19:58:12] : REQUEST MEAS. OFF
[19:58:12] : 측정요구 ON 2
[19:58:20] : 측정요구 2OFF
[19:58:20] : 61,20181203-195820,CF18112052561,,OK,MAX,1,2,0.60,4.40,2.99,OK,0.60,4.40,2.63,OK,
[19:59:12] : REQUEST MEAS. ON
[19:59:19] : REQUEST MEAS. OFF
[19:59:19] : 측정요구 ON 2
[19:59:27] : 측정요구 2OFF
[19:59:27] : 61,20181203-195927,CF18112053831,,OK,MAX,1,2,0.60,4.40,2.40,OK,0.60,4.40,1.77,OK,
[20:00:01] : REQUEST MEAS. ON
[20:00:08] : REQUEST MEAS. OFF
[20:00:08] : 측정요구 ON 2
[20:00:15] : 측정요구 2OFF
[20:00:15] : 61,20181203-200016,CF18112053141,,OK,MAX,1,2,0.60,4.40,3.16,OK,0.60,4.40,2.61,OK,
[20:00:32] : 측정요구3 ON
[20:00:39] : 측정요구3 OFF
[20:00:39] : 측정요구4 ON
[20:00:47] : 측정요구4 OFF
[20:00:47] : 61,20181203-200047,CF18112052701,,OK,MAX,2,3,0.60,4.40,1.40,OK,0.60,4.40,0.92,OK,
[20:01:04] : REQUEST MEAS. ON
[20:01:11] : REQUEST MEAS. OFF
[20:01:11] : 측정요구 ON 2
[20:01:18] : 측정요구 2OFF
[20:01:18] : 61,20181203-200119,CF18112053991,,OK,MAX,1,2,0.60,4.40,1.71,OK,0.60,4.40,1.21,OK,
[20:03:19] : REQUEST MEAS. ON
[20:03:26] : REQUEST MEAS. OFF
[20:03:26] : 측정요구 ON 2
[20:03:33] : 측정요구 2OFF
[20:03:33] : 61,20181203-200334,CF18112053611,,OK,MAX,1,2,0.60,4.40,1.05,OK,0.60,4.40,0.97,OK,
[20:03:52] : 측정요구3 ON
[20:03:59] : 측정요구3 OFF
[20:03:59] : 측정요구4 ON
[20:04:06] : 측정요구4 OFF
[20:04:06] : 61,20181203-200406,CF18112053981,,OK,MAX,2,3,0.60,4.40,1.31,OK,0.60,4.40,0.95,OK,
[20:04:39] : REQUEST MEAS. ON
[20:04:46] : REQUEST MEAS. OFF
[20:04:46] : 측정요구 ON 2
[20:04:53] : 측정요구 2OFF
[20:04:53] : 61,20181203-200453,CF18112053731,,OK,MAX,1,2,0.60,4.40,2.53,OK,0.60,4.40,2.34,OK,
[20:05:25] : REQUEST MEAS. ON
[20:05:32] : REQUEST MEAS. OFF
[20:05:32] : 측정요구 ON 2
[20:05:39] : 측정요구 2OFF
[20:05:39] : 61,20181203-200540,CF18112053251,,OK,MAX,1,2,0.60,4.40,3.40,OK,0.60,4.40,2.42,OK,
[20:06:23] : REQUEST MEAS. ON
[20:06:30] : REQUEST MEAS. OFF
[20:06:30] : 측정요구 ON 2
[20:06:37] : 측정요구 2OFF
[20:06:37] : 61,20181203-200637,CF18112052821,,OK,MAX,1,2,0.60,4.40,2.49,OK,0.60,4.40,1.69,OK,
[20:07:09] : REQUEST MEAS. ON
[20:07:16] : REQUEST MEAS. OFF
[20:07:16] : 측정요구 ON 2
[20:07:24] : 측정요구 2OFF
[20:07:24] : 61,20181203-200724,CF18112054001,,OK,MAX,1,2,0.60,4.40,2.17,OK,0.60,4.40,1.99,OK,
[20:07:37] : 측정요구3 ON
[20:07:44] : 측정요구3 OFF
[20:07:44] : 측정요구4 ON
[20:07:52] : 측정요구4 OFF
[20:07:52] : 61,20181203-200752,CF18112052931,,NG,MAX,2,2,0.60,4.40,0.59,NG,0.60,4.40,0.84,OK,
[20:10:02] : REQUEST MEAS. ON
[20:10:09] : REQUEST MEAS. OFF
[20:10:09] : 측정요구 ON 2
[20:10:17] : 측정요구 2OFF
[20:10:17] : 61,20181203-201017,CF18112053291,,OK,MAX,1,2,0.60,4.40,3.10,OK,0.60,4.40,2.52,OK,
[20:10:32] : 측정요구3 ON
[20:10:39] : 측정요구3 OFF
[20:10:39] : 측정요구4 ON
[20:10:47] : 측정요구4 OFF
[20:10:47] : 61,20181203-201047,CF18112052431,,OK,MAX,2,3,0.60,4.40,1.48,OK,0.60,4.40,2.34,OK,
[20:12:15] : REQUEST MEAS. ON
[20:12:22] : REQUEST MEAS. OFF
[20:12:22] : 측정요구 ON 2
[20:12:30] : 측정요구 2OFF
[20:12:30] : 61,20181203-201230,CF18112052651,,OK,MAX,1,2,0.60,4.40,2.35,OK,0.60,4.40,2.40,OK,
[20:13:04] : REQUEST MEAS. ON
[20:13:11] : REQUEST MEAS. OFF
[20:13:12] : 측정요구 ON 2
[20:13:19] : 측정요구 2OFF
[20:13:19] : 61,20181203-201319,CF18112052081,,OK,MAX,1,2,0.60,4.40,3.32,OK,0.60,4.40,2.40,OK,
[20:13:51] : REQUEST MEAS. ON
[20:13:58] : REQUEST MEAS. OFF
[20:13:58] : 측정요구 ON 2
[20:14:05] : 측정요구 2OFF
[20:14:05] : 61,20181203-201406,CF18112052381,,OK,MAX,1,2,0.60,4.40,2.51,OK,0.60,4.40,2.11,OK,
[20:14:28] : 측정요구3 ON
[20:14:35] : 측정요구3 OFF
[20:14:35] : 측정요구4 ON
[20:14:42] : 측정요구4 OFF
[20:14:42] : 61,20181203-201443,CF18112052541,,OK,MAX,2,3,0.60,4.40,1.50,OK,0.60,4.40,1.45,OK,
[20:15:16] : REQUEST MEAS. ON
[20:15:23] : REQUEST MEAS. OFF
[20:15:23] : 측정요구 ON 2
[20:15:30] : 측정요구 2OFF
[20:15:30] : 61,20181203-201531,CF18112052201,,OK,MAX,1,2,0.60,4.40,2.62,OK,0.60,4.40,1.61,OK,
[20:16:08] : REQUEST MEAS. ON
[20:16:15] : REQUEST MEAS. OFF
[20:16:15] : 측정요구 ON 2
[20:16:22] : 측정요구 2OFF
[20:16:22] : 61,20181203-201622,CF18112053811,,OK,MAX,1,2,0.60,4.40,3.08,OK,0.60,4.40,1.82,OK,
[20:16:41] : 측정요구3 ON
[20:16:48] : 측정요구3 OFF
[20:16:48] : 측정요구4 ON
[20:16:56] : 측정요구4 OFF
[20:16:56] : 61,20181203-201657,CF18112052191,,OK,MAX,2,3,0.60,4.40,2.28,OK,0.60,4.40,1.43,OK,
[20:17:29] : REQUEST MEAS. ON
[20:17:36] : REQUEST MEAS. OFF
[20:17:36] : 측정요구 ON 2
[20:17:43] : 측정요구 2OFF
[20:17:43] : 61,20181203-201744,CF18112051981,,OK,MAX,1,2,0.60,4.40,2.40,OK,0.60,4.40,1.94,OK,
[20:18:15] : REQUEST MEAS. ON
[20:18:22] : REQUEST MEAS. OFF
[20:18:22] : 측정요구 ON 2
[20:18:30] : 측정요구 2OFF
[20:18:30] : 61,20181203-201830,CF18112051721,,OK,MAX,1,2,0.60,4.40,2.08,OK,0.60,4.40,2.49,OK,
[20:18:54] : 측정요구3 ON
[20:19:01] : 측정요구3 OFF
[20:19:01] : 측정요구4 ON
[20:19:08] : 측정요구4 OFF
[20:19:08] : 61,20181203-201909,CF18112052481,,OK,MAX,2,3,0.60,4.40,1.89,OK,0.60,4.40,1.84,OK,
[20:20:22] : REQUEST MEAS. ON
[20:20:29] : REQUEST MEAS. OFF
[20:20:29] : 측정요구 ON 2
[20:20:36] : 측정요구 2OFF
[20:20:36] : 61,20181203-202037,CF18112053051,,OK,MAX,1,2,0.60,4.40,1.87,OK,0.60,4.40,1.40,OK,
[20:20:51] : 측정요구3 ON
[20:20:58] : 측정요구3 OFF
[20:20:58] : 측정요구4 ON
[20:21:05] : 측정요구4 OFF
[20:21:05] : 61,20181203-202106,CF18112051691,,OK,MAX,2,3,0.60,4.40,2.55,OK,0.60,4.40,2.73,OK,
[20:21:49] : REQUEST MEAS. ON
[20:21:56] : REQUEST MEAS. OFF
[20:21:56] : 측정요구 ON 2
[20:22:03] : 측정요구 2OFF
[20:22:03] : 61,20181203-202204,CF18112052841,,OK,MAX,1,2,0.60,4.40,3.15,OK,0.60,4.40,2.63,OK,
[20:22:38] : REQUEST MEAS. ON
[20:22:45] : REQUEST MEAS. OFF
[20:22:45] : 측정요구 ON 2
[20:22:52] : 측정요구 2OFF
[20:22:52] : 61,20181203-202252,CF18112053071,,OK,MAX,1,2,0.60,4.40,2.38,OK,0.60,4.40,3.66,OK,
[20:23:05] : 측정요구3 ON
[20:23:12] : 측정요구3 OFF
[20:23:12] : 측정요구4 ON
[20:23:20] : 측정요구4 OFF
[20:23:20] : 61,20181203-202321,CF18112051631,,OK,MAX,2,3,0.60,4.40,1.86,OK,0.60,4.40,1.52,OK,
[20:24:46] : REQUEST MEAS. ON
[20:24:53] : REQUEST MEAS. OFF
[20:24:53] : 측정요구 ON 2
[20:25:00] : 측정요구 2OFF
[20:25:00] : 61,20181203-202501,CF18112052401,,OK,MAX,1,2,0.60,4.40,2.38,OK,0.60,4.40,1.51,OK,
[20:35:18] : REQUEST MEAS. ON
[20:35:25] : REQUEST MEAS. OFF
[20:35:26] : 측정요구 ON 2
[20:35:33] : 측정요구 2OFF
[20:35:33] : 61,20181203-203533,CF18112051611,,OK,MAX,1,2,0.60,4.40,2.00,OK,0.60,4.40,1.02,OK,
[20:35:46] : 측정요구3 ON
[20:35:53] : 측정요구3 OFF
[20:35:53] : 측정요구4 ON
[20:36:01] : 측정요구4 OFF
[20:36:01] : 61,20181203-203601,CF18112052531,,OK,MAX,2,3,0.60,4.40,3.49,OK,0.60,4.40,2.34,OK,
[20:37:37] : REQUEST MEAS. ON
[20:37:44] : REQUEST MEAS. OFF
[20:37:44] : 측정요구 ON 2
[20:37:52] : 측정요구 2OFF
[20:37:52] : 61,20181203-203752,CF18112053471,,OK,MAX,1,2,0.60,4.40,1.58,OK,0.60,4.40,2.72,OK,
[20:38:49] : REQUEST MEAS. ON
[20:38:56] : REQUEST MEAS. OFF
[20:38:56] : 측정요구 ON 2
[20:39:03] : 측정요구 2OFF
[20:39:03] : 61,20181203-203904,CF18112053181,,OK,MAX,1,2,0.60,4.40,2.41,OK,0.60,4.40,1.72,OK,
[20:39:36] : REQUEST MEAS. ON
[20:39:43] : REQUEST MEAS. OFF
[20:39:43] : 측정요구 ON 2
[20:39:50] : 측정요구 2OFF
[20:39:50] : 61,20181203-203950,CF18112052801,,OK,MAX,1,2,0.60,4.40,2.61,OK,0.60,4.40,2.23,OK,
[20:40:35] : REQUEST MEAS. ON
[20:40:42] : REQUEST MEAS. OFF
[20:40:42] : 측정요구 ON 2
[20:40:49] : 측정요구 2OFF
[20:40:49] : 61,20181203-204050,CF18112052441,,OK,MAX,1,2,0.60,4.40,2.50,OK,0.60,4.40,1.51,OK,
[20:41:04] : 측정요구3 ON
[20:41:11] : 측정요구3 OFF
[20:41:11] : 측정요구4 ON
[20:41:19] : 측정요구4 OFF
[20:41:19] : 61,20181203-204119,CF18112052471,,OK,MAX,2,3,0.60,4.40,0.89,OK,0.60,4.40,0.62,OK,
[20:48:00] : REQUEST MEAS. ON
[20:48:07] : REQUEST MEAS. OFF
[20:48:08] : 측정요구 ON 2
[20:48:15] : 측정요구 2OFF
[20:48:15] : 61,20181203-204816,CF18112053481,,OK,MAX,1,2,0.60,4.40,1.48,OK,0.60,4.40,1.05,OK,
[20:48:17] : 측정요구3 ON
[20:48:24] : 측정요구3 OFF
[20:48:24] : 측정요구4 ON
[20:48:31] : 측정요구4 OFF
[20:48:31] : 61,20181203-204831,CF18112052951,,OK,MAX,2,3,0.60,4.40,2.59,OK,0.60,4.40,2.15,OK,
[20:48:46] : REQUEST MEAS. ON
[20:48:53] : REQUEST MEAS. OFF
[20:48:53] : 측정요구 ON 2
[20:49:01] : 측정요구 2OFF
[20:49:01] : 61,20181203-204902,CF18112052921,,OK,MAX,1,2,0.60,4.40,3.30,OK,0.60,4.40,2.11,OK,
[20:49:10] : 측정요구3 ON
[20:49:17] : 측정요구3 OFF
[20:49:17] : 측정요구4 ON
[20:49:24] : 측정요구4 OFF
[20:49:24] : 61,20181203-204925,CF18112052231,,OK,MAX,2,3,0.60,4.40,1.38,OK,0.60,4.40,0.91,OK,
[20:49:38] : REQUEST MEAS. ON
[20:49:45] : REQUEST MEAS. OFF
[20:49:45] : 측정요구 ON 2
[20:49:52] : 측정요구 2OFF
[20:49:52] : 61,20181203-204953,CF18112052371,,OK,MAX,1,2,0.60,4.40,2.31,OK,0.60,4.40,2.32,OK,
[20:50:12] : 측정요구3 ON
[20:50:19] : 측정요구3 OFF
[20:50:19] : 측정요구4 ON
[20:50:26] : 측정요구4 OFF
[20:50:26] : 61,20181203-205027,CF18112053131,,OK,MAX,2,3,0.60,4.40,2.09,OK,0.60,4.40,2.35,OK,
[20:50:43] : REQUEST MEAS. ON
[20:50:50] : REQUEST MEAS. OFF
[20:50:50] : 측정요구 ON 2
[20:50:57] : 측정요구 2OFF
[20:50:57] : 61,20181203-205058,CF18112053221,,OK,MAX,1,2,0.60,4.40,1.52,OK,0.60,4.40,1.72,OK,
[20:51:15] : 측정요구3 ON
[20:51:22] : 측정요구3 OFF
[20:51:22] : 측정요구4 ON
[20:51:30] : 측정요구4 OFF
[20:51:30] : 61,20181203-205131,CF18112052781,,OK,MAX,2,3,0.60,4.40,2.81,OK,0.60,4.40,1.83,OK,
[20:51:45] : REQUEST MEAS. ON
[20:51:51] : REQUEST MEAS. OFF
[20:51:52] : 측정요구 ON 2
[20:51:59] : 측정요구 2OFF
[20:51:59] : 61,20181203-205159,CF18112053391,,OK,MAX,1,2,0.60,4.40,1.12,OK,0.60,4.40,0.94,OK,
[20:52:16] : 측정요구3 ON
[20:52:23] : 측정요구3 OFF
[20:52:23] : 측정요구4 ON
[20:52:31] : 측정요구4 OFF
[20:52:31] : 61,20181203-205231,CF18112052291,,OK,MAX,2,3,0.60,4.40,2.04,OK,0.60,4.40,1.21,OK,
[20:53:21] : REQUEST MEAS. ON
[20:53:28] : REQUEST MEAS. OFF
[20:53:28] : 측정요구 ON 2
[20:53:35] : 측정요구 2OFF
[20:53:35] : 61,20181203-205336,CF18112052041,,OK,MAX,1,2,0.60,4.40,2.21,OK,0.60,4.40,1.95,OK,
[20:53:52] : 측정요구3 ON
[20:53:59] : 측정요구3 OFF
[20:53:59] : 측정요구4 ON
[20:54:06] : 측정요구4 OFF
[20:54:06] : 61,20181203-205406,CF18112052111,,OK,MAX,2,3,0.60,4.40,1.88,OK,0.60,4.40,1.84,OK,
[20:54:21] : REQUEST MEAS. ON
[20:54:28] : REQUEST MEAS. OFF
[20:54:28] : 측정요구 ON 2
[20:54:35] : 측정요구 2OFF
[20:54:35] : 61,20181203-205436,CF18112053841,,OK,MAX,1,2,0.60,4.40,1.92,OK,0.60,4.40,1.41,OK,
[21:00:08] : REQUEST MEAS. ON
[21:00:15] : REQUEST MEAS. OFF
[21:00:15] : 측정요구 ON 2
[21:00:23] : 측정요구 2OFF
[21:00:23] : 61,20181203-210023,CF18112053211,,OK,MAX,1,2,0.60,4.40,3.19,OK,0.60,4.40,2.73,OK,
[21:00:24] : 측정요구3 ON
[21:00:31] : 측정요구3 OFF
[21:00:31] : 측정요구4 ON
[21:00:38] : 측정요구4 OFF
[21:00:38] : 61,20181203-210039,CF18112053271,,OK,MAX,2,3,0.60,4.40,1.72,OK,0.60,4.40,0.96,OK,
[21:00:55] : REQUEST MEAS. ON
[21:01:02] : REQUEST MEAS. OFF
[21:01:02] : 측정요구 ON 2
[21:01:09] : 측정요구 2OFF
[21:01:09] : 61,20181203-210110,CF18112053551,,OK,MAX,1,2,0.60,4.40,3.12,OK,0.60,4.40,2.51,OK,
[21:01:21] : 측정요구3 ON
[21:01:28] : 측정요구3 OFF
[21:01:28] : 측정요구4 ON
[21:01:35] : 측정요구4 OFF
[21:01:35] : 61,20181203-210136,CF18112053561,,OK,MAX,2,3,0.60,4.40,1.99,OK,0.60,4.40,1.06,OK,
[21:01:52] : REQUEST MEAS. ON
[21:01:59] : REQUEST MEAS. OFF
[21:01:59] : 측정요구 ON 2
[21:02:06] : 측정요구 2OFF
[21:02:06] : 61,20181203-210207,CF18112053111,,OK,MAX,1,2,0.60,4.40,1.41,OK,0.60,4.40,1.22,OK,
[21:02:23] : 측정요구3 ON
[21:02:30] : 측정요구3 OFF
[21:02:30] : 측정요구4 ON
[21:02:38] : 측정요구4 OFF
[21:02:38] : 61,20181203-210238,CF18112051581,,OK,MAX,2,3,0.60,4.40,1.58,OK,0.60,4.40,2.36,OK,
[21:03:03] : REQUEST MEAS. ON
[21:03:10] : REQUEST MEAS. OFF
[21:03:10] : 측정요구 ON 2
[21:03:18] : 측정요구 2OFF
[21:03:18] : 61,20181203-210318,CF18112053371,,OK,MAX,1,2,0.60,4.40,1.40,OK,0.60,4.40,1.22,OK,
[21:03:30] : 측정요구3 ON
[21:03:37] : 측정요구3 OFF
[21:03:37] : 측정요구4 ON
[21:03:45] : 측정요구4 OFF
[21:03:45] : 61,20181203-210346,CF18112053191,,OK,MAX,2,3,0.60,4.40,1.83,OK,0.60,4.40,1.19,OK,
[21:03:59] : REQUEST MEAS. ON
[21:04:06] : REQUEST MEAS. OFF
[21:04:06] : 측정요구 ON 2
[21:04:14] : 측정요구 2OFF
[21:04:14] : 61,20181203-210414,CF18112053341,,OK,MAX,1,2,0.60,4.40,3.08,OK,0.60,4.40,2.34,OK,
[21:04:52] : REQUEST MEAS. ON
[21:04:59] : REQUEST MEAS. OFF
[21:04:59] : 측정요구 ON 2
[21:05:06] : 측정요구 2OFF
[21:05:06] : 61,20181203-210507,CF18112052991,,OK,MAX,1,2,0.60,4.40,2.26,OK,0.60,4.40,1.15,OK,
[21:05:41] : REQUEST MEAS. ON
[21:05:48] : REQUEST MEAS. OFF
[21:05:48] : 측정요구 ON 2
[21:05:55] : 측정요구 2OFF
[21:05:55] : 61,20181203-210556,CF18112052461,,OK,MAX,1,2,0.60,4.40,2.32,OK,0.60,4.40,2.02,OK,
[21:06:34] : AUTO RUNNING OFF
 
