[09:17:59] : 측정요구3 ON
[09:18:06] : 측정요구3 OFF
[09:18:06] : 0
[09:18:06] : 측정요구4 ON
[09:18:13] : 측정요구4 OFF
[09:18:13] : 0
[09:18:51] : 측정요구3 ON
[09:18:59] : 측정요구3 OFF
[09:18:59] : 0
[09:18:59] : 측정요구4 ON
[09:19:44] : 측정요구4 OFF
[09:19:44] : 0
[09:19:53] : 측정요구3 ON
[09:20:01] : 측정요구3 OFF
[09:20:01] : 0
[09:20:01] : 측정요구4 ON
[09:20:16] : 측정요구4 OFF
[09:20:16] : 0
[09:20:58] : 측정요구3 ON
[09:21:05] : 측정요구3 OFF
[09:21:05] : 0
[09:21:05] : 측정요구4 ON
[10:05:26] : 측정요구4 OFF
[10:05:26] : 0
[10:05:26] : 측정요구3 ON
[10:05:33] : 측정요구3 OFF
[10:05:33] : 0
[10:05:33] : 측정요구4 ON
[10:05:41] : 측정요구4 OFF
[10:05:41] : 0
[10:05:43] : 측정요구3 ON
[10:05:50] : 측정요구3 OFF
[10:05:50] : 0
[10:05:50] : 측정요구4 ON
[10:05:58] : 측정요구4 OFF
[10:05:58] : 0
[10:06:01] : 측정요구3 ON
[10:06:08] : 측정요구3 OFF
[10:06:08] : 0
[10:06:08] : 측정요구4 ON
[10:06:15] : 측정요구4 OFF
[10:06:15] : 0
[10:06:18] : 측정요구3 ON
[10:06:25] : 측정요구3 OFF
[10:06:25] : 0
[10:06:25] : 측정요구4 ON
[10:06:33] : 측정요구4 OFF
[10:06:33] : 0
[10:06:35] : 측정요구3 ON
[10:06:42] : 측정요구3 OFF
[10:06:42] : 0
[10:06:42] : 측정요구4 ON
[10:06:50] : 측정요구4 OFF
[10:06:50] : 0
[10:06:53] : 측정요구3 ON
[10:07:00] : 측정요구3 OFF
[10:07:00] : 0
[10:07:00] : 측정요구4 ON
[10:07:07] : 측정요구4 OFF
[10:07:07] : 0
[10:07:10] : 측정요구3 ON
[10:07:17] : 측정요구3 OFF
[10:07:17] : 0
[10:07:17] : 측정요구4 ON
[10:07:24] : 측정요구4 OFF
[10:07:24] : 0
[10:07:27] : 측정요구3 ON
[10:07:34] : 측정요구3 OFF
[10:07:34] : 0
[10:07:34] : 측정요구4 ON
[10:07:42] : 측정요구4 OFF
[10:07:42] : 0
[10:07:44] : 측정요구3 ON
[10:07:51] : 측정요구3 OFF
[10:07:51] : 0
[10:07:51] : 측정요구4 ON
[10:07:59] : 측정요구4 OFF
[10:07:59] : 0
[10:08:02] : 측정요구3 ON
[10:08:09] : 측정요구3 OFF
[10:08:09] : 0
[10:08:09] : 측정요구4 ON
[10:08:16] : 측정요구4 OFF
[10:08:16] : 0
[10:08:19] : 측정요구3 ON
[10:08:26] : 측정요구3 OFF
[10:08:26] : 0
[10:08:26] : 측정요구4 ON
[10:08:34] : 측정요구4 OFF
[10:08:34] : 0
[10:08:36] : 측정요구3 ON
[10:08:43] : 측정요구3 OFF
[10:08:43] : 0
[10:08:43] : 측정요구4 ON
[10:08:51] : 측정요구4 OFF
[10:08:51] : 0
[10:08:54] : 측정요구3 ON
[10:09:01] : 측정요구3 OFF
[10:09:01] : 0
[10:09:01] : 측정요구4 ON
[10:09:08] : 측정요구4 OFF
[10:09:08] : 0
[10:09:11] : 측정요구3 ON
[10:09:18] : 측정요구3 OFF
[10:09:18] : 0
[10:09:18] : 측정요구4 ON
[10:09:25] : 측정요구4 OFF
[10:09:25] : 0
[10:09:28] : 측정요구3 ON
[10:09:35] : 측정요구3 OFF
[10:09:35] : 0
[10:09:35] : 측정요구4 ON
[10:09:43] : 측정요구4 OFF
[10:09:43] : 0
[10:09:45] : 측정요구3 ON
[10:09:52] : 측정요구3 OFF
[10:09:52] : 0
[10:09:52] : 측정요구4 ON
[10:10:00] : 측정요구4 OFF
[10:10:00] : 0
[10:10:03] : 측정요구3 ON
[10:10:10] : 측정요구3 OFF
[10:10:10] : 0
[10:10:10] : 측정요구4 ON
[10:10:17] : 측정요구4 OFF
[10:10:17] : 0
[10:10:19] : 측정요구3 ON
[10:10:26] : 측정요구3 OFF
[10:10:26] : 0
[10:10:26] : 측정요구4 ON
[10:10:34] : 측정요구4 OFF
[10:10:34] : 0
[10:10:37] : 측정요구3 ON
[10:10:44] : 측정요구3 OFF
[10:10:44] : 0
[10:10:44] : 측정요구4 ON
[10:10:51] : 측정요구4 OFF
[10:10:51] : 0
[10:10:54] : 측정요구3 ON
[10:11:01] : 측정요구3 OFF
[10:11:01] : 0
[10:11:01] : 측정요구4 ON
[10:11:08] : 측정요구4 OFF
[10:11:08] : 0
[10:11:11] : 측정요구3 ON
[10:11:18] : 측정요구3 OFF
[10:11:18] : 0
[10:11:18] : 측정요구4 ON
[10:11:26] : 측정요구4 OFF
[10:11:26] : 0
[10:11:28] : 측정요구3 ON
[10:11:35] : 측정요구3 OFF
[10:11:35] : 0
[10:11:35] : 측정요구4 ON
[10:11:43] : 측정요구4 OFF
[10:11:43] : 0
[10:11:46] : 측정요구3 ON
[10:11:53] : 측정요구3 OFF
[10:11:53] : 0
[10:11:53] : 측정요구4 ON
[10:12:00] : 측정요구4 OFF
[10:12:00] : 0
[10:12:03] : 측정요구3 ON
[10:12:10] : 측정요구3 OFF
[10:12:10] : 0
[10:12:10] : 측정요구4 ON
[10:12:17] : 측정요구4 OFF
[10:12:17] : 0
[10:12:20] : 측정요구3 ON
[10:12:27] : 측정요구3 OFF
[10:12:27] : 0
[10:12:27] : 측정요구4 ON
[10:12:34] : 측정요구4 OFF
[10:12:34] : 0
[10:12:37] : 측정요구3 ON
[10:12:44] : 측정요구3 OFF
[10:12:44] : 0
[10:12:44] : 측정요구4 ON
[10:12:51] : 측정요구4 OFF
[10:12:51] : 0
[10:12:54] : 측정요구3 ON
[10:13:01] : 측정요구3 OFF
[10:13:01] : 0
[10:13:01] : 측정요구4 ON
[10:13:09] : 측정요구4 OFF
[10:13:09] : 0
[10:13:11] : 측정요구3 ON
[10:13:18] : 측정요구3 OFF
[10:13:18] : 0
[10:13:18] : 측정요구4 ON
[10:13:26] : 측정요구4 OFF
[10:13:26] : 0
[10:13:29] : 측정요구3 ON
[10:13:36] : 측정요구3 OFF
[10:13:36] : 0
[10:13:36] : 측정요구4 ON
[10:13:43] : 측정요구4 OFF
[10:13:43] : 0
[10:13:46] : 측정요구3 ON
[10:13:53] : 측정요구3 OFF
[10:13:53] : 0
[10:13:53] : 측정요구4 ON
[10:14:00] : 측정요구4 OFF
[10:14:00] : 0
[10:14:03] : 측정요구3 ON
[10:14:10] : 측정요구3 OFF
[10:14:10] : 0
[10:14:10] : 측정요구4 ON
[10:14:17] : 측정요구4 OFF
[10:14:17] : 0
[10:14:20] : 측정요구3 ON
[10:14:27] : 측정요구3 OFF
[10:14:27] : 0
[10:14:27] : 측정요구4 ON
[10:14:35] : 측정요구4 OFF
[10:14:35] : 0
[10:14:37] : 측정요구3 ON
[10:14:44] : 측정요구3 OFF
[10:14:44] : 0
[10:14:44] : 측정요구4 ON
[10:14:52] : 측정요구4 OFF
[10:14:52] : 0
[10:14:55] : 측정요구3 ON
[10:15:02] : 측정요구3 OFF
[10:15:02] : 0
[10:15:02] : 측정요구4 ON
[10:15:09] : 측정요구4 OFF
[10:15:09] : 0
[10:15:12] : 측정요구3 ON
[10:15:19] : 측정요구3 OFF
[10:15:19] : 0
[10:15:19] : 측정요구4 ON
[10:15:26] : 측정요구4 OFF
[10:15:26] : 0
[10:15:29] : 측정요구3 ON
[10:15:36] : 측정요구3 OFF
[10:15:36] : 0
[10:15:36] : 측정요구4 ON
[10:15:43] : 측정요구4 OFF
[10:15:43] : 0
[10:15:46] : 측정요구3 ON
[10:15:53] : 측정요구3 OFF
[10:15:53] : 0
[10:15:53] : 측정요구4 ON
[10:16:00] : 측정요구4 OFF
[10:16:00] : 0
[10:16:03] : 측정요구3 ON
[10:16:10] : 측정요구3 OFF
[10:16:10] : 0
[10:16:10] : 측정요구4 ON
[10:16:18] : 측정요구4 OFF
[10:16:18] : 0
[10:16:20] : 측정요구3 ON
[10:16:27] : 측정요구3 OFF
[10:16:27] : 0
[10:16:27] : 측정요구4 ON
[10:16:35] : 측정요구4 OFF
[10:16:35] : 0
[10:25:14] : 측정요구3 ON
[10:25:21] : 측정요구3 OFF
[10:25:21] : 0
[10:25:21] : 측정요구4 ON
[10:25:29] : 측정요구4 OFF
[10:25:29] : 0
[10:25:32] : 측정요구3 ON
[10:25:39] : 측정요구3 OFF
[10:25:39] : 0
[10:25:39] : 측정요구4 ON
[10:25:46] : 측정요구4 OFF
[10:25:46] : 0
[10:27:57] : 측정요구3 ON
[10:28:05] : 측정요구3 OFF
[10:28:05] : 0
[10:28:05] : 측정요구4 ON
[10:28:12] : 측정요구4 OFF
[10:28:12] : 0
[10:28:15] : 측정요구3 ON
[10:28:22] : 측정요구3 OFF
[10:28:22] : 0
[10:28:22] : 측정요구4 ON
[10:28:30] : 측정요구4 OFF
[10:28:30] : 0
[10:29:30] : 측정요구3 ON
[10:29:37] : 측정요구3 OFF
[10:29:37] : 0
[10:29:37] : 측정요구4 ON
[10:29:44] : 측정요구4 OFF
[10:29:44] : 0
[10:29:47] : 측정요구3 ON
[10:29:54] : 측정요구3 OFF
[10:29:54] : 0
[10:29:54] : 측정요구4 ON
[10:30:01] : 측정요구4 OFF
[10:30:01] : 0
[10:30:04] : 측정요구3 ON
[10:30:11] : 측정요구3 OFF
[10:30:11] : 0
[10:30:11] : 측정요구4 ON
[10:30:18] : 측정요구4 OFF
[10:30:18] : 0
[10:30:21] : 측정요구3 ON
[10:30:28] : 측정요구3 OFF
[10:30:28] : 0
[10:30:28] : 측정요구4 ON
[10:30:35] : 측정요구4 OFF
[10:30:35] : 0
[10:30:38] : 측정요구3 ON
[10:30:45] : 측정요구3 OFF
[10:30:45] : 0
[10:30:45] : 측정요구4 ON
[10:30:53] : 측정요구4 OFF
[10:30:53] : 0
[10:30:55] : 측정요구3 ON
[10:31:02] : 측정요구3 OFF
[10:31:02] : 0
[10:31:02] : 측정요구4 ON
[10:31:10] : 측정요구4 OFF
[10:31:10] : 0
[10:31:13] : 측정요구3 ON
[10:31:20] : 측정요구3 OFF
[10:31:20] : 0
[10:31:20] : 측정요구4 ON
[10:31:27] : 측정요구4 OFF
[10:31:27] : 0
[10:31:30] : 측정요구3 ON
[10:31:37] : 측정요구3 OFF
[10:31:37] : 0
[10:31:37] : 측정요구4 ON
[10:31:44] : 측정요구4 OFF
[10:31:44] : 0
[10:31:47] : 측정요구3 ON
[10:31:54] : 측정요구3 OFF
[10:31:54] : 0
[10:31:54] : 측정요구4 ON
[10:32:01] : 측정요구4 OFF
[10:32:01] : 0
[10:33:39] : 측정요구3 ON
[10:33:46] : 측정요구3 OFF
[10:33:46] : 0
[10:33:46] : 측정요구4 ON
[10:33:54] : 측정요구4 OFF
[10:33:54] : 0
[10:35:03] : 측정요구3 ON
[10:35:10] : 측정요구3 OFF
[10:35:10] : 0
[10:35:10] : 측정요구4 ON
[10:35:17] : 측정요구4 OFF
[10:35:17] : 0
[10:35:20] : 측정요구3 ON
[10:35:27] : 측정요구3 OFF
[10:35:27] : 0
[10:35:27] : 측정요구4 ON
[10:35:35] : 측정요구4 OFF
[10:35:35] : 0
[10:35:37] : 측정요구3 ON
[10:35:44] : 측정요구3 OFF
[10:35:44] : 0
[10:35:44] : 측정요구4 ON
[10:35:52] : 측정요구4 OFF
[10:35:52] : 0
[10:35:55] : 측정요구3 ON
[10:36:02] : 측정요구3 OFF
[10:36:02] : 0
[10:36:02] : 측정요구4 ON
[10:36:09] : 측정요구4 OFF
[10:36:09] : 0
[10:36:12] : 측정요구3 ON
[10:36:19] : 측정요구3 OFF
[10:36:19] : 0
[10:36:19] : 측정요구4 ON
[10:36:27] : 측정요구4 OFF
[10:36:27] : 0
[10:36:29] : 측정요구3 ON
[10:36:36] : 측정요구3 OFF
[10:36:36] : 0
[10:36:36] : 측정요구4 ON
[10:36:44] : 측정요구4 OFF
[10:36:44] : 0
[10:36:47] : 측정요구3 ON
[10:36:54] : 측정요구3 OFF
[10:36:54] : 0
[10:36:54] : 측정요구4 ON
[10:37:01] : 측정요구4 OFF
[10:37:01] : 0
[10:37:04] : 측정요구3 ON
[10:37:11] : 측정요구3 OFF
[10:37:11] : 0
[10:37:11] : 측정요구4 ON
[10:37:18] : 측정요구4 OFF
[10:37:18] : 0
[10:37:21] : 측정요구3 ON
[10:37:28] : 측정요구3 OFF
[10:37:28] : 0
[10:37:28] : 측정요구4 ON
[10:37:35] : 측정요구4 OFF
[10:37:35] : 0
[10:37:38] : 측정요구3 ON
[10:37:45] : 측정요구3 OFF
[10:37:45] : 0
[10:37:45] : 측정요구4 ON
[10:37:53] : 측정요구4 OFF
[10:37:53] : 0
[10:37:55] : 측정요구3 ON
[10:38:02] : 측정요구3 OFF
[10:38:02] : 0
[10:38:02] : 측정요구4 ON
[10:38:10] : 측정요구4 OFF
[10:38:10] : 0
[10:38:13] : 측정요구3 ON
[10:38:20] : 측정요구3 OFF
[10:38:20] : 0
[10:38:20] : 측정요구4 ON
[10:38:27] : 측정요구4 OFF
[10:38:27] : 0
[10:38:30] : 측정요구3 ON
[10:38:37] : 측정요구3 OFF
[10:38:37] : 0
[10:38:37] : 측정요구4 ON
[10:38:44] : 측정요구4 OFF
[10:38:44] : 0
[10:38:47] : 측정요구3 ON
[10:38:54] : 측정요구3 OFF
[10:38:54] : 0
[10:38:54] : 측정요구4 ON
[10:39:01] : 측정요구4 OFF
[10:39:01] : 0
[10:39:04] : 측정요구3 ON
[10:39:11] : 측정요구3 OFF
[10:39:11] : 0
[10:39:11] : 측정요구4 ON
[10:39:18] : 측정요구4 OFF
[10:39:18] : 0
[10:39:21] : 측정요구3 ON
[10:39:28] : 측정요구3 OFF
[10:39:28] : 0
[10:39:28] : 측정요구4 ON
[10:39:35] : 측정요구4 OFF
[10:39:35] : 0
[10:39:38] : 측정요구3 ON
[10:39:45] : 측정요구3 OFF
[10:39:45] : 0
[10:39:45] : 측정요구4 ON
[10:39:52] : 측정요구4 OFF
[10:39:52] : 0
[10:39:55] : 측정요구3 ON
[10:40:02] : 측정요구3 OFF
[10:40:02] : 0
[10:40:02] : 측정요구4 ON
[10:40:09] : 측정요구4 OFF
[10:40:09] : 0
[10:40:11] : 측정요구3 ON
[10:40:18] : 측정요구3 OFF
[10:40:18] : 0
[10:40:18] : 측정요구4 ON
[10:40:25] : 측정요구4 OFF
[10:40:25] : 0
[10:40:28] : 측정요구3 ON
[10:40:35] : 측정요구3 OFF
[10:40:35] : 0
[10:40:35] : 측정요구4 ON
[10:40:42] : 측정요구4 OFF
[10:40:42] : 0
[10:40:44] : 측정요구3 ON
[10:40:51] : 측정요구3 OFF
[10:40:51] : 0
[10:40:51] : 측정요구4 ON
[10:40:59] : 측정요구4 OFF
[10:40:59] : 0
[10:41:01] : 측정요구3 ON
[10:41:08] : 측정요구3 OFF
[10:41:08] : 0
[10:41:08] : 측정요구4 ON
[10:41:15] : 측정요구4 OFF
[10:41:15] : 0
[10:41:18] : 측정요구3 ON
[10:41:25] : 측정요구3 OFF
[10:41:25] : 0
[10:41:25] : 측정요구4 ON
[10:41:32] : 측정요구4 OFF
[10:41:32] : 0
[10:41:34] : 측정요구3 ON
[10:41:41] : 측정요구3 OFF
[10:41:41] : 0
[10:41:41] : 측정요구4 ON
[10:41:48] : 측정요구4 OFF
[10:41:48] : 0
[10:41:50] : 측정요구3 ON
[10:41:57] : 측정요구3 OFF
[10:41:57] : 0
[10:41:57] : 측정요구4 ON
[10:42:05] : 측정요구4 OFF
[10:42:05] : 0
[10:42:07] : 측정요구3 ON
[10:42:13] : 측정요구3 OFF
[10:42:13] : 0
[10:42:13] : 측정요구4 ON
[10:42:21] : 측정요구4 OFF
[10:42:21] : 0
[10:42:23] : 측정요구3 ON
[10:42:30] : 측정요구3 OFF
[10:42:30] : 0
[10:42:30] : 측정요구4 ON
[10:42:38] : 측정요구4 OFF
[10:42:38] : 0
[10:42:40] : 측정요구3 ON
[10:42:47] : 측정요구3 OFF
[10:42:47] : 0
[10:42:47] : 측정요구4 ON
[10:42:54] : 측정요구4 OFF
[10:42:54] : 0
[10:42:56] : 측정요구3 ON
[10:43:02] : 측정요구3 OFF
[10:43:03] : 0
[10:43:03] : 측정요구4 ON
[10:43:10] : 측정요구4 OFF
[10:43:10] : 0
[10:43:13] : 측정요구3 ON
[10:43:20] : 측정요구3 OFF
[10:43:20] : 0
[10:43:20] : 측정요구4 ON
[10:43:27] : 측정요구4 OFF
[10:43:27] : 0
[10:47:30] : REQUEST MEAS. ON
[10:47:37] : REQUEST MEAS. OFF
[10:47:37] : 0
[10:47:37] : 측정요구 ON 2
[10:47:45] : 측정요구 2OFF
[10:47:45] : 0
[10:47:48] : REQUEST MEAS. ON
[10:47:55] : REQUEST MEAS. OFF
[10:47:55] : 0
[10:47:55] : 측정요구 ON 2
[10:48:02] : 측정요구 2OFF
[10:48:02] : 0
[10:52:44] : REQUEST MEAS. ON
[10:52:51] : REQUEST MEAS. OFF
[10:52:51] : 0
[10:52:51] : 측정요구 ON 2
[10:52:59] : 측정요구 2OFF
[10:52:59] : 0
[10:53:02] : REQUEST MEAS. ON
[10:53:09] : REQUEST MEAS. OFF
[10:53:09] : 0
[10:53:09] : 측정요구 ON 2
[10:53:16] : 측정요구 2OFF
[10:53:16] : 0
[10:53:19] : REQUEST MEAS. ON
[10:53:26] : REQUEST MEAS. OFF
[10:53:26] : 0
[10:53:26] : 측정요구 ON 2
[10:53:33] : 측정요구 2OFF
[10:53:33] : 0
[10:53:35] : REQUEST MEAS. ON
[10:53:42] : REQUEST MEAS. OFF
[10:53:42] : 0
[10:53:42] : 측정요구 ON 2
[10:53:50] : 측정요구 2OFF
[10:53:50] : 0
[10:53:52] : REQUEST MEAS. ON
[10:53:59] : REQUEST MEAS. OFF
[10:53:59] : 0
[10:53:59] : 측정요구 ON 2
[10:54:07] : 측정요구 2OFF
[10:54:07] : 0
[10:54:09] : REQUEST MEAS. ON
[10:54:16] : REQUEST MEAS. OFF
[10:54:16] : 0
[10:54:16] : 측정요구 ON 2
[10:54:23] : 측정요구 2OFF
[10:54:23] : 0
[10:54:26] : REQUEST MEAS. ON
[10:54:33] : REQUEST MEAS. OFF
[10:54:33] : 0
[10:54:33] : 측정요구 ON 2
[10:54:40] : 측정요구 2OFF
[10:54:40] : 0
[10:54:43] : REQUEST MEAS. ON
[10:54:50] : REQUEST MEAS. OFF
[10:54:50] : 0
[10:54:50] : 측정요구 ON 2
[10:54:57] : 측정요구 2OFF
[10:54:57] : 0
[10:54:59] : REQUEST MEAS. ON
[10:55:06] : REQUEST MEAS. OFF
[10:55:06] : 0
[10:55:06] : 측정요구 ON 2
[10:55:14] : 측정요구 2OFF
[10:55:14] : 0
[10:55:16] : REQUEST MEAS. ON
[10:55:23] : REQUEST MEAS. OFF
[10:55:23] : 0
[10:55:23] : 측정요구 ON 2
[10:55:31] : 측정요구 2OFF
[10:55:31] : 0
[10:55:33] : REQUEST MEAS. ON
[10:55:40] : REQUEST MEAS. OFF
[10:55:40] : 0
[10:55:40] : 측정요구 ON 2
[10:55:47] : 측정요구 2OFF
[10:55:47] : 0
[10:55:50] : REQUEST MEAS. ON
[10:55:57] : REQUEST MEAS. OFF
[10:55:57] : 0
[10:55:57] : 측정요구 ON 2
[10:56:04] : 측정요구 2OFF
[10:56:04] : 0
[10:56:07] : REQUEST MEAS. ON
[10:56:14] : REQUEST MEAS. OFF
[10:56:14] : 0
[10:56:14] : 측정요구 ON 2
[10:56:21] : 측정요구 2OFF
[10:56:21] : 0
[10:56:24] : REQUEST MEAS. ON
[10:56:31] : REQUEST MEAS. OFF
[10:56:31] : 0
[10:56:31] : 측정요구 ON 2
[10:56:38] : 측정요구 2OFF
[10:56:38] : 0
[10:56:40] : REQUEST MEAS. ON
[10:56:47] : REQUEST MEAS. OFF
[10:56:47] : 0
[10:56:47] : 측정요구 ON 2
[10:56:55] : 측정요구 2OFF
[10:56:55] : 0
[10:56:57] : REQUEST MEAS. ON
[10:57:04] : REQUEST MEAS. OFF
[10:57:04] : 0
[10:57:04] : 측정요구 ON 2
[10:57:12] : 측정요구 2OFF
[10:57:12] : 0
[10:57:14] : REQUEST MEAS. ON
[10:57:21] : REQUEST MEAS. OFF
[10:57:21] : 0
[10:57:21] : 측정요구 ON 2
[10:57:28] : 측정요구 2OFF
[10:57:28] : 0
[10:57:31] : REQUEST MEAS. ON
[10:57:38] : REQUEST MEAS. OFF
[10:57:38] : 0
[10:57:38] : 측정요구 ON 2
[10:57:45] : 측정요구 2OFF
[10:57:45] : 0
[10:57:48] : REQUEST MEAS. ON
[10:57:55] : REQUEST MEAS. OFF
[10:57:55] : 0
[10:57:55] : 측정요구 ON 2
[10:58:02] : 측정요구 2OFF
[10:58:02] : 0
[10:58:05] : REQUEST MEAS. ON
[10:58:12] : REQUEST MEAS. OFF
[10:58:12] : 0
[10:58:12] : 측정요구 ON 2
[10:58:19] : 측정요구 2OFF
[10:58:19] : 0
[10:58:21] : REQUEST MEAS. ON
[10:58:28] : REQUEST MEAS. OFF
[10:58:28] : 0
[10:58:28] : 측정요구 ON 2
[10:58:36] : 측정요구 2OFF
[10:58:36] : 0
[10:58:38] : REQUEST MEAS. ON
[10:58:45] : REQUEST MEAS. OFF
[10:58:45] : 0
[10:58:45] : 측정요구 ON 2
[10:58:53] : 측정요구 2OFF
[10:58:53] : 0
[10:58:55] : REQUEST MEAS. ON
[10:59:02] : REQUEST MEAS. OFF
[10:59:02] : 0
[10:59:02] : 측정요구 ON 2
[10:59:09] : 측정요구 2OFF
[10:59:09] : 0
[10:59:12] : REQUEST MEAS. ON
[10:59:19] : REQUEST MEAS. OFF
[10:59:19] : 0
[10:59:19] : 측정요구 ON 2
[10:59:26] : 측정요구 2OFF
[10:59:26] : 0
[10:59:29] : REQUEST MEAS. ON
[10:59:36] : REQUEST MEAS. OFF
[10:59:36] : 0
[10:59:36] : 측정요구 ON 2
[10:59:43] : 측정요구 2OFF
[10:59:43] : 0
[10:59:46] : REQUEST MEAS. ON
[10:59:53] : REQUEST MEAS. OFF
[10:59:53] : 0
[10:59:53] : 측정요구 ON 2
[11:00:00] : 측정요구 2OFF
[11:00:00] : 0
[11:00:02] : REQUEST MEAS. ON
[11:00:09] : REQUEST MEAS. OFF
[11:00:09] : 0
[11:00:09] : 측정요구 ON 2
[11:00:17] : 측정요구 2OFF
[11:00:17] : 0
[11:00:19] : REQUEST MEAS. ON
[11:00:26] : REQUEST MEAS. OFF
[11:00:26] : 0
[11:00:26] : 측정요구 ON 2
[11:00:34] : 측정요구 2OFF
[11:00:34] : 0
[11:00:36] : REQUEST MEAS. ON
[11:00:43] : REQUEST MEAS. OFF
[11:00:43] : 0
[11:00:43] : 측정요구 ON 2
[11:00:50] : 측정요구 2OFF
[11:00:50] : 0
[11:00:53] : REQUEST MEAS. ON
[11:01:00] : REQUEST MEAS. OFF
[11:01:00] : 0
[11:01:00] : 측정요구 ON 2
[11:01:07] : 측정요구 2OFF
[11:01:07] : 0
[11:01:09] : REQUEST MEAS. ON
[11:01:16] : REQUEST MEAS. OFF
[11:01:16] : 0
[11:01:16] : 측정요구 ON 2
[11:01:24] : 측정요구 2OFF
[11:01:24] : 0
[11:01:26] : REQUEST MEAS. ON
[11:01:33] : REQUEST MEAS. OFF
[11:01:33] : 0
[11:01:33] : 측정요구 ON 2
[11:01:41] : 측정요구 2OFF
[11:01:41] : 0
[11:01:43] : REQUEST MEAS. ON
[11:01:50] : REQUEST MEAS. OFF
[11:01:50] : 0
[11:01:50] : 측정요구 ON 2
[11:01:58] : 측정요구 2OFF
[11:01:58] : 0
[11:02:00] : REQUEST MEAS. ON
[11:02:07] : REQUEST MEAS. OFF
[11:02:07] : 0
[11:02:07] : 측정요구 ON 2
[11:02:15] : 측정요구 2OFF
[11:02:15] : 0
[11:02:17] : REQUEST MEAS. ON
[11:02:24] : REQUEST MEAS. OFF
[11:02:24] : 0
[11:02:24] : 측정요구 ON 2
[11:02:32] : 측정요구 2OFF
[11:02:32] : 0
[11:02:34] : REQUEST MEAS. ON
[11:02:41] : REQUEST MEAS. OFF
[11:02:41] : 0
[11:02:41] : 측정요구 ON 2
[11:02:48] : 측정요구 2OFF
[11:02:48] : 0
[11:02:51] : REQUEST MEAS. ON
[11:02:58] : REQUEST MEAS. OFF
[11:02:58] : 0
[11:02:58] : 측정요구 ON 2
[11:03:05] : 측정요구 2OFF
[11:03:05] : 0
[11:03:08] : REQUEST MEAS. ON
[11:03:15] : REQUEST MEAS. OFF
[11:03:15] : 0
[11:03:15] : 측정요구 ON 2
[11:03:22] : 측정요구 2OFF
[11:03:22] : 0
[11:03:25] : REQUEST MEAS. ON
[11:03:32] : REQUEST MEAS. OFF
[11:03:32] : 0
[11:03:32] : 측정요구 ON 2
[11:03:39] : 측정요구 2OFF
[11:03:39] : 0
[11:03:42] : REQUEST MEAS. ON
[11:03:49] : REQUEST MEAS. OFF
[11:03:49] : 0
[11:03:49] : 측정요구 ON 2
[11:03:56] : 측정요구 2OFF
[11:03:56] : 0
[11:09:24] : 측정요구3 ON
[11:09:32] : 측정요구3 OFF
[11:09:32] : 0
[11:09:32] : 측정요구4 ON
[11:09:40] : 측정요구4 OFF
[11:09:40] : 0
[11:09:42] : 측정요구3 ON
[11:09:49] : 측정요구3 OFF
[11:09:49] : 0
[11:09:49] : 측정요구4 ON
[11:09:57] : 측정요구4 OFF
[11:09:57] : 0
[11:14:19] : 측정요구3 ON
[11:14:26] : 측정요구3 OFF
[11:14:26] : 0
[11:14:26] : 측정요구4 ON
[11:14:33] : 측정요구4 OFF
[11:14:33] : 0
[11:14:36] : 측정요구3 ON
[11:14:43] : 측정요구3 OFF
[11:14:43] : 0
[11:14:43] : 측정요구4 ON
[11:14:51] : 측정요구4 OFF
[11:14:51] : 0
[11:14:53] : 측정요구3 ON
[11:15:00] : 측정요구3 OFF
[11:15:00] : 0
[11:15:00] : 측정요구4 ON
[11:15:08] : 측정요구4 OFF
[11:15:08] : 0
[11:15:11] : 측정요구3 ON
[11:15:18] : 측정요구3 OFF
[11:15:18] : 0
[11:15:18] : 측정요구4 ON
[11:15:25] : 측정요구4 OFF
[11:15:25] : 0
[11:15:28] : 측정요구3 ON
[11:15:35] : 측정요구3 OFF
[11:15:35] : 0
[11:15:35] : 측정요구4 ON
[11:15:42] : 측정요구4 OFF
[11:15:42] : 0
[11:15:45] : 측정요구3 ON
[11:15:52] : 측정요구3 OFF
[11:15:52] : 0
[11:15:52] : 측정요구4 ON
[11:16:00] : 측정요구4 OFF
[11:16:00] : 0
[11:16:02] : 측정요구3 ON
[11:16:09] : 측정요구3 OFF
[11:16:09] : 0
[11:16:09] : 측정요구4 ON
[11:16:17] : 측정요구4 OFF
[11:16:17] : 0
[11:16:19] : 측정요구3 ON
[11:16:26] : 측정요구3 OFF
[11:16:26] : 0
[11:16:26] : 측정요구4 ON
[11:16:34] : 측정요구4 OFF
[11:16:34] : 0
[11:16:37] : 측정요구3 ON
[11:16:44] : 측정요구3 OFF
[11:16:44] : 0
[11:16:44] : 측정요구4 ON
[11:16:51] : 측정요구4 OFF
[11:16:51] : 0
[11:16:54] : 측정요구3 ON
[11:17:01] : 측정요구3 OFF
[11:17:01] : 0
[11:17:01] : 측정요구4 ON
[11:17:08] : 측정요구4 OFF
[11:17:08] : 0
[11:17:11] : 측정요구3 ON
[11:17:18] : 측정요구3 OFF
[11:17:18] : 0
[11:17:18] : 측정요구4 ON
[11:17:25] : 측정요구4 OFF
[11:17:25] : 0
[11:17:28] : 측정요구3 ON
[11:17:35] : 측정요구3 OFF
[11:17:35] : 0
[11:17:35] : 측정요구4 ON
[11:17:43] : 측정요구4 OFF
[11:17:43] : 0
[11:17:45] : 측정요구3 ON
[11:17:52] : 측정요구3 OFF
[11:17:52] : 0
[11:17:52] : 측정요구4 ON
[11:18:00] : 측정요구4 OFF
[11:18:00] : 0
[11:18:03] : 측정요구3 ON
[11:18:10] : 측정요구3 OFF
[11:18:10] : 0
[11:18:10] : 측정요구4 ON
[11:18:17] : 측정요구4 OFF
[11:18:17] : 0
[11:18:20] : 측정요구3 ON
[11:18:27] : 측정요구3 OFF
[11:18:27] : 0
[11:18:27] : 측정요구4 ON
[11:18:35] : 측정요구4 OFF
[11:18:35] : 0
[11:20:21] : REQUEST MEAS. ON
[11:20:28] : REQUEST MEAS. OFF
[11:20:28] : 0
[11:20:28] : 측정요구 ON 2
[11:20:36] : 측정요구 2OFF
[11:20:36] : 0
[11:21:48] : REQUEST MEAS. ON
[11:21:55] : REQUEST MEAS. OFF
[11:21:55] : 0
[11:21:55] : 측정요구 ON 2
[11:22:03] : 측정요구 2OFF
[11:22:03] : 0
[11:22:05] : REQUEST MEAS. ON
[11:22:12] : REQUEST MEAS. OFF
[11:22:12] : 0
[11:22:12] : 측정요구 ON 2
[11:22:19] : 측정요구 2OFF
[11:22:19] : 0
[11:22:22] : REQUEST MEAS. ON
[11:22:29] : REQUEST MEAS. OFF
[11:22:29] : 0
[11:22:29] : 측정요구 ON 2
[11:22:36] : 측정요구 2OFF
[11:22:36] : 0
[11:22:39] : REQUEST MEAS. ON
[11:22:46] : REQUEST MEAS. OFF
[11:22:46] : 0
[11:22:46] : 측정요구 ON 2
[11:22:53] : 측정요구 2OFF
[11:22:53] : 0
[11:22:55] : REQUEST MEAS. ON
[11:23:02] : REQUEST MEAS. OFF
[11:23:02] : 0
[11:23:02] : 측정요구 ON 2
[11:23:10] : 측정요구 2OFF
[11:23:10] : 0
[11:23:12] : REQUEST MEAS. ON
[11:23:19] : REQUEST MEAS. OFF
[11:23:19] : 0
[11:23:19] : 측정요구 ON 2
[11:23:26] : 측정요구 2OFF
[11:23:26] : 0
[11:23:29] : REQUEST MEAS. ON
[11:23:36] : REQUEST MEAS. OFF
[11:23:36] : 0
[11:23:36] : 측정요구 ON 2
[11:23:43] : 측정요구 2OFF
[11:23:43] : 0
[11:23:46] : REQUEST MEAS. ON
[11:23:53] : REQUEST MEAS. OFF
[11:23:53] : 0
[11:23:53] : 측정요구 ON 2
[11:24:00] : 측정요구 2OFF
[11:24:00] : 0
[11:24:03] : REQUEST MEAS. ON
[11:24:10] : REQUEST MEAS. OFF
[11:24:10] : 0
[11:24:10] : 측정요구 ON 2
[11:24:17] : 측정요구 2OFF
[11:24:17] : 0
[11:24:20] : REQUEST MEAS. ON
[11:24:27] : REQUEST MEAS. OFF
[11:24:27] : 0
[11:24:27] : 측정요구 ON 2
[11:24:34] : 측정요구 2OFF
[11:24:34] : 0
[11:24:36] : REQUEST MEAS. ON
[11:24:43] : REQUEST MEAS. OFF
[11:24:43] : 0
[11:24:43] : 측정요구 ON 2
[11:24:51] : 측정요구 2OFF
[11:24:51] : 0
[11:24:53] : REQUEST MEAS. ON
[11:25:00] : REQUEST MEAS. OFF
[11:25:00] : 0
[11:25:00] : 측정요구 ON 2
[11:25:07] : 측정요구 2OFF
[11:25:07] : 0
[11:25:10] : REQUEST MEAS. ON
[11:25:17] : REQUEST MEAS. OFF
[11:25:17] : 0
[11:25:17] : 측정요구 ON 2
[11:25:24] : 측정요구 2OFF
[11:25:24] : 0
[11:25:27] : REQUEST MEAS. ON
[11:25:34] : REQUEST MEAS. OFF
[11:25:34] : 0
[11:25:34] : 측정요구 ON 2
[11:25:41] : 측정요구 2OFF
[11:25:41] : 0
[11:25:44] : REQUEST MEAS. ON
[11:25:51] : REQUEST MEAS. OFF
[11:25:51] : 0
[11:25:51] : 측정요구 ON 2
[11:25:58] : 측정요구 2OFF
[11:25:58] : 0
[11:26:00] : REQUEST MEAS. ON
[11:26:07] : REQUEST MEAS. OFF
[11:26:07] : 0
[11:26:07] : 측정요구 ON 2
[11:26:15] : 측정요구 2OFF
[11:26:15] : 0
[11:26:17] : REQUEST MEAS. ON
[11:26:24] : REQUEST MEAS. OFF
[11:26:24] : 0
[11:26:24] : 측정요구 ON 2
[11:26:31] : 측정요구 2OFF
[11:26:31] : 0
[11:26:34] : REQUEST MEAS. ON
[11:26:41] : REQUEST MEAS. OFF
[11:26:41] : 0
[11:26:41] : 측정요구 ON 2
[11:26:48] : 측정요구 2OFF
[11:26:48] : 0
[11:26:51] : REQUEST MEAS. ON
[11:26:58] : REQUEST MEAS. OFF
[11:26:58] : 0
[11:26:58] : 측정요구 ON 2
[11:27:05] : 측정요구 2OFF
[11:27:05] : 0
[11:27:08] : REQUEST MEAS. ON
[11:27:15] : REQUEST MEAS. OFF
[11:27:15] : 0
[11:27:15] : 측정요구 ON 2
[11:27:22] : 측정요구 2OFF
[11:27:22] : 0
[11:27:25] : REQUEST MEAS. ON
[11:27:32] : REQUEST MEAS. OFF
[11:27:32] : 0
[11:27:32] : 측정요구 ON 2
[11:27:39] : 측정요구 2OFF
[11:27:39] : 0
[11:27:41] : REQUEST MEAS. ON
[11:27:48] : REQUEST MEAS. OFF
[11:27:48] : 0
[11:27:48] : 측정요구 ON 2
[11:27:56] : 측정요구 2OFF
[11:27:56] : 0
[11:27:58] : REQUEST MEAS. ON
[11:28:05] : REQUEST MEAS. OFF
[11:28:05] : 0
[11:28:05] : 측정요구 ON 2
[11:28:12] : 측정요구 2OFF
[11:28:12] : 0
[11:28:15] : REQUEST MEAS. ON
[11:28:22] : REQUEST MEAS. OFF
[11:28:22] : 0
[11:28:22] : 측정요구 ON 2
[11:28:29] : 측정요구 2OFF
[11:28:29] : 0
[11:28:32] : REQUEST MEAS. ON
[11:28:39] : REQUEST MEAS. OFF
[11:28:39] : 0
[11:28:39] : 측정요구 ON 2
[11:28:46] : 측정요구 2OFF
[11:28:46] : 0
[11:28:49] : REQUEST MEAS. ON
[11:28:56] : REQUEST MEAS. OFF
[11:28:56] : 0
[11:28:56] : 측정요구 ON 2
[11:29:03] : 측정요구 2OFF
[11:29:03] : 0
[11:29:06] : REQUEST MEAS. ON
[11:29:13] : REQUEST MEAS. OFF
[11:29:13] : 0
[11:29:13] : 측정요구 ON 2
[11:29:20] : 측정요구 2OFF
[11:29:20] : 0
[11:29:22] : REQUEST MEAS. ON
[11:29:29] : REQUEST MEAS. OFF
[11:29:29] : 0
[11:29:29] : 측정요구 ON 2
[11:29:37] : 측정요구 2OFF
[11:29:37] : 0
[11:29:39] : REQUEST MEAS. ON
[11:29:46] : REQUEST MEAS. OFF
[11:29:46] : 0
[11:29:46] : 측정요구 ON 2
[11:29:53] : 측정요구 2OFF
[11:29:53] : 0
[11:29:56] : REQUEST MEAS. ON
[11:30:03] : REQUEST MEAS. OFF
[11:30:03] : 0
[11:30:03] : 측정요구 ON 2
[11:30:11] : 측정요구 2OFF
[11:30:11] : 0
[11:30:13] : REQUEST MEAS. ON
[11:30:20] : REQUEST MEAS. OFF
[11:30:20] : 0
[11:30:20] : 측정요구 ON 2
[11:30:28] : 측정요구 2OFF
[11:30:28] : 0
[11:30:30] : REQUEST MEAS. ON
[11:30:37] : REQUEST MEAS. OFF
[11:30:37] : 0
[11:30:37] : 측정요구 ON 2
[11:30:44] : 측정요구 2OFF
[11:30:44] : 0
[11:30:47] : REQUEST MEAS. ON
[11:30:54] : REQUEST MEAS. OFF
[11:30:54] : 0
[11:30:54] : 측정요구 ON 2
[11:31:01] : 측정요구 2OFF
[11:31:01] : 0
[11:31:04] : REQUEST MEAS. ON
[11:31:11] : REQUEST MEAS. OFF
[11:31:11] : 0
[11:31:11] : 측정요구 ON 2
[11:31:18] : 측정요구 2OFF
[11:31:18] : 0
[11:31:21] : REQUEST MEAS. ON
[11:31:28] : REQUEST MEAS. OFF
[11:31:28] : 0
[11:31:28] : 측정요구 ON 2
[11:31:35] : 측정요구 2OFF
[11:31:35] : 0
[11:31:37] : REQUEST MEAS. ON
[11:31:44] : REQUEST MEAS. OFF
[11:31:44] : 0
[11:31:44] : 측정요구 ON 2
[11:31:52] : 측정요구 2OFF
[11:31:52] : 0
[11:31:55] : REQUEST MEAS. ON
[11:32:02] : REQUEST MEAS. OFF
[11:32:02] : 0
[11:32:02] : 측정요구 ON 2
[11:32:09] : 측정요구 2OFF
[11:32:09] : 0
[11:32:11] : REQUEST MEAS. ON
[11:32:18] : REQUEST MEAS. OFF
[11:32:18] : 0
[11:32:18] : 측정요구 ON 2
[11:32:26] : 측정요구 2OFF
[11:32:26] : 0
[11:32:28] : REQUEST MEAS. ON
[11:32:35] : REQUEST MEAS. OFF
[11:32:35] : 0
[11:32:35] : 측정요구 ON 2
[11:32:42] : 측정요구 2OFF
[11:32:42] : 0
[11:32:45] : REQUEST MEAS. ON
[11:32:52] : REQUEST MEAS. OFF
[11:32:52] : 0
[11:32:52] : 측정요구 ON 2
[11:32:59] : 측정요구 2OFF
[11:32:59] : 0
[11:34:40] : 측정요구3 ON
[11:34:47] : 측정요구3 OFF
[11:34:47] : 0
[11:34:47] : 측정요구4 ON
[11:34:54] : 측정요구4 OFF
[11:34:54] : 0
[11:34:57] : 측정요구3 ON
[11:35:04] : 측정요구3 OFF
[11:35:04] : 0
[11:35:04] : 측정요구4 ON
[11:35:11] : 측정요구4 OFF
[11:35:11] : 0
[11:35:14] : 측정요구3 ON
[11:35:21] : 측정요구3 OFF
[11:35:21] : 0
[11:35:21] : 측정요구4 ON
[11:35:29] : 측정요구4 OFF
[11:35:29] : 0
[11:35:31] : 측정요구3 ON
[11:35:38] : 측정요구3 OFF
[11:35:38] : 0
[11:35:38] : 측정요구4 ON
[11:35:46] : 측정요구4 OFF
[11:35:46] : 0
[11:44:55] : 측정요구3 ON
[11:45:03] : 측정요구3 OFF
[11:45:03] : 0
[11:45:03] : 측정요구4 ON
[11:45:11] : 측정요구4 OFF
[11:45:11] : 0
[11:45:13] : 측정요구3 ON
[11:45:20] : 측정요구3 OFF
[11:45:20] : 0
[11:45:20] : 측정요구4 ON
[11:45:28] : 측정요구4 OFF
[11:45:28] : 0
[11:45:31] : 측정요구3 ON
[11:45:38] : 측정요구3 OFF
[11:45:38] : 0
[11:45:38] : 측정요구4 ON
[11:45:45] : 측정요구4 OFF
[11:45:45] : 0
[11:45:48] : 측정요구3 ON
[11:45:55] : 측정요구3 OFF
[11:45:55] : 0
[11:45:55] : 측정요구4 ON
[11:46:03] : 측정요구4 OFF
[11:46:03] : 0
[11:46:05] : 측정요구3 ON
[11:46:12] : 측정요구3 OFF
[11:46:12] : 0
[11:46:12] : 측정요구4 ON
[11:46:20] : 측정요구4 OFF
[11:46:20] : 0
[11:46:23] : 측정요구3 ON
[11:46:30] : 측정요구3 OFF
[11:46:30] : 0
[11:46:30] : 측정요구4 ON
[11:46:37] : 측정요구4 OFF
[11:46:37] : 0
[11:46:40] : 측정요구3 ON
[11:46:47] : 측정요구3 OFF
[11:46:47] : 0
[11:46:47] : 측정요구4 ON
[11:46:54] : 측정요구4 OFF
[11:46:54] : 0
[11:46:57] : 측정요구3 ON
[11:47:04] : 측정요구3 OFF
[11:47:04] : 0
[11:47:04] : 측정요구4 ON
[11:47:12] : 측정요구4 OFF
[11:47:12] : 0
[11:47:14] : 측정요구3 ON
[11:47:21] : 측정요구3 OFF
[11:47:21] : 0
[11:47:21] : 측정요구4 ON
[11:47:29] : 측정요구4 OFF
[11:47:29] : 0
[11:47:32] : 측정요구3 ON
[11:47:39] : 측정요구3 OFF
[11:47:39] : 0
[11:47:39] : 측정요구4 ON
[11:47:46] : 측정요구4 OFF
[11:47:46] : 0
[11:47:49] : 측정요구3 ON
[11:47:56] : 측정요구3 OFF
[11:47:56] : 0
[11:47:56] : 측정요구4 ON
[11:48:03] : 측정요구4 OFF
[11:48:03] : 0
[11:48:06] : 측정요구3 ON
[11:48:13] : 측정요구3 OFF
[11:48:13] : 0
[11:48:13] : 측정요구4 ON
[11:48:20] : 측정요구4 OFF
[11:48:20] : 0
[11:48:23] : 측정요구3 ON
[11:48:30] : 측정요구3 OFF
[11:48:30] : 0
[11:48:30] : 측정요구4 ON
[11:48:38] : 측정요구4 OFF
[11:48:38] : 0
[11:48:41] : 측정요구3 ON
[11:48:48] : 측정요구3 OFF
[11:48:48] : 0
[11:48:48] : 측정요구4 ON
[11:48:55] : 측정요구4 OFF
[11:48:55] : 0
[11:48:58] : 측정요구3 ON
[11:49:05] : 측정요구3 OFF
[11:49:05] : 0
[11:49:05] : 측정요구4 ON
[11:49:12] : 측정요구4 OFF
[11:49:12] : 0
[11:49:15] : 측정요구3 ON
[11:49:22] : 측정요구3 OFF
[11:49:22] : 0
[11:49:22] : 측정요구4 ON
[11:49:29] : 측정요구4 OFF
[11:49:29] : 0
[11:49:32] : 측정요구3 ON
[11:49:39] : 측정요구3 OFF
[11:49:39] : 0
[11:49:39] : 측정요구4 ON
[11:49:46] : 측정요구4 OFF
[11:49:46] : 0
[11:49:49] : 측정요구3 ON
[11:49:56] : 측정요구3 OFF
[11:49:56] : 0
[11:49:56] : 측정요구4 ON
[11:50:04] : 측정요구4 OFF
[11:50:04] : 0
 
[11:50:06] : 측정요구3 ON
[11:50:13] : 측정요구3 OFF
[11:50:13] : 0
[11:50:13] : 측정요구4 ON
[11:50:21] : 측정요구4 OFF
[11:50:21] : 0
[11:50:24] : 측정요구3 ON
[11:50:31] : 측정요구3 OFF
[11:50:31] : 0
[11:50:31] : 측정요구4 ON
[11:50:38] : 측정요구4 OFF
[11:50:38] : 0
[11:50:41] : 측정요구3 ON
[11:50:48] : 측정요구3 OFF
[11:50:48] : 0
[11:50:48] : 측정요구4 ON
[11:50:55] : 측정요구4 OFF
[11:50:55] : 0
[11:50:58] : 측정요구3 ON
[11:51:05] : 측정요구3 OFF
[11:51:05] : 0
[11:51:05] : 측정요구4 ON
[11:51:12] : 측정요구4 OFF
[11:51:12] : 0
[11:51:15] : 측정요구3 ON
[11:51:22] : 측정요구3 OFF
[11:51:22] : 0
[11:51:22] : 측정요구4 ON
[11:51:30] : 측정요구4 OFF
[11:51:30] : 0
[11:51:32] : 측정요구3 ON
[11:51:39] : 측정요구3 OFF
[11:51:39] : 0
[11:51:39] : 측정요구4 ON
[11:51:47] : 측정요구4 OFF
[11:51:47] : 0
[11:51:50] : 측정요구3 ON
[11:51:57] : 측정요구3 OFF
[11:51:57] : 0
[11:51:57] : 측정요구4 ON
[11:52:04] : 측정요구4 OFF
[11:52:04] : 0
[11:52:07] : 측정요구3 ON
[11:52:14] : 측정요구3 OFF
[11:52:14] : 0
[11:52:14] : 측정요구4 ON
[11:52:21] : 측정요구4 OFF
[11:52:21] : 0
[11:52:24] : 측정요구3 ON
[11:52:31] : 측정요구3 OFF
[11:52:31] : 0
[11:52:31] : 측정요구4 ON
[11:52:39] : 측정요구4 OFF
[11:52:39] : 0
[11:52:42] : 측정요구3 ON
[11:52:49] : 측정요구3 OFF
[11:52:49] : 0
[11:52:49] : 측정요구4 ON
[11:52:56] : 측정요구4 OFF
[11:52:56] : 0
[11:52:59] : 측정요구3 ON
[11:53:06] : 측정요구3 OFF
[11:53:06] : 0
[11:53:06] : 측정요구4 ON
[11:53:13] : 측정요구4 OFF
[11:53:13] : 0
[11:53:16] : 측정요구3 ON
[11:53:23] : 측정요구3 OFF
[11:53:23] : 0
[11:53:23] : 측정요구4 ON
[11:53:31] : 측정요구4 OFF
[11:53:31] : 0
[11:53:33] : 측정요구3 ON
[11:53:40] : 측정요구3 OFF
[11:53:40] : 0
[11:53:40] : 측정요구4 ON
[11:53:48] : 측정요구4 OFF
[11:53:48] : 0
[11:53:51] : 측정요구3 ON
[11:53:58] : 측정요구3 OFF
[11:53:58] : 0
[11:53:58] : 측정요구4 ON
[11:54:05] : 측정요구4 OFF
[11:54:05] : 0
[11:54:08] : 측정요구3 ON
[11:54:15] : 측정요구3 OFF
[11:54:15] : 0
[11:54:15] : 측정요구4 ON
[11:54:22] : 측정요구4 OFF
[11:54:22] : 0
[11:54:25] : 측정요구3 ON
[11:54:32] : 측정요구3 OFF
[11:54:32] : 0
[11:54:32] : 측정요구4 ON
[11:54:40] : 측정요구4 OFF
[11:54:40] : 0
[11:54:42] : 측정요구3 ON
[11:54:49] : 측정요구3 OFF
[11:54:49] : 0
[11:54:49] : 측정요구4 ON
[11:54:57] : 측정요구4 OFF
[11:54:57] : 0
[11:55:00] : 측정요구3 ON
[11:55:07] : 측정요구3 OFF
[11:55:07] : 0
[11:55:07] : 측정요구4 ON
[11:55:14] : 측정요구4 OFF
[11:55:14] : 0
[11:55:17] : 측정요구3 ON
[11:55:24] : 측정요구3 OFF
[11:55:24] : 0
[11:55:24] : 측정요구4 ON
[11:55:31] : 측정요구4 OFF
[11:55:31] : 0
[11:55:34] : 측정요구3 ON
[11:55:41] : 측정요구3 OFF
[11:55:41] : 0
[11:55:41] : 측정요구4 ON
[11:55:49] : 측정요구4 OFF
[11:55:49] : 0
[11:55:51] : 측정요구3 ON
[11:55:58] : 측정요구3 OFF
[11:55:58] : 0
[11:55:58] : 측정요구4 ON
[11:56:06] : 측정요구4 OFF
[11:56:06] : 0
[11:56:08] : 측정요구3 ON
[11:56:15] : 측정요구3 OFF
[11:56:15] : 0
[11:56:15] : 측정요구4 ON
[11:56:23] : 측정요구4 OFF
[11:56:23] : 0
[11:58:55] : 측정요구3 ON
[11:59:02] : 측정요구3 OFF
[11:59:02] : 0
[11:59:02] : 측정요구4 ON
[11:59:10] : 측정요구4 OFF
[11:59:10] : 0
[11:59:13] : 측정요구3 ON
[11:59:20] : 측정요구3 OFF
[11:59:20] : 0
[11:59:20] : 측정요구4 ON
[11:59:27] : 측정요구4 OFF
[11:59:27] : 0
[11:59:29] : 측정요구3 ON
[11:59:36] : 측정요구3 OFF
[11:59:36] : 0
[11:59:36] : 측정요구4 ON
[11:59:43] : 측정요구4 OFF
[11:59:43] : 0
[12:01:51] : 측정요구3 ON
[12:01:58] : 측정요구3 OFF
[12:01:58] : 0
[12:01:58] : 측정요구4 ON
[12:02:06] : 측정요구4 OFF
[12:02:06] : 0
[12:02:08] : 측정요구3 ON
[12:02:15] : 측정요구3 OFF
[12:02:15] : 0
[12:02:15] : 측정요구4 ON
[12:02:22] : 측정요구4 OFF
[12:02:22] : 0
[12:02:25] : 측정요구3 ON
[12:02:32] : 측정요구3 OFF
[12:02:32] : 0
[12:02:32] : 측정요구4 ON
[12:02:39] : 측정요구4 OFF
[12:02:39] : 0
[12:02:42] : 측정요구3 ON
[12:02:49] : 측정요구3 OFF
[12:02:49] : 0
[12:02:49] : 측정요구4 ON
[12:02:56] : 측정요구4 OFF
[12:02:56] : 0
[12:05:13] : 측정요구3 ON
[12:05:20] : 측정요구3 OFF
[12:05:20] : 0
[12:05:20] : 측정요구4 ON
[12:05:27] : 측정요구4 OFF
[12:05:27] : 0
[12:05:30] : 측정요구3 ON
[12:05:37] : 측정요구3 OFF
[12:05:37] : 0
[12:05:37] : 측정요구4 ON
[12:05:44] : 측정요구4 OFF
[12:05:44] : 0
[12:05:47] : 측정요구3 ON
[12:05:54] : 측정요구3 OFF
[12:05:54] : 0
[12:05:54] : 측정요구4 ON
[12:06:01] : 측정요구4 OFF
[12:06:01] : 0
[12:07:17] : 측정요구3 ON
[12:07:24] : 측정요구3 OFF
[12:07:24] : 0
[12:07:24] : 측정요구4 ON
[12:07:32] : 측정요구4 OFF
[12:07:32] : 0
[12:08:27] : REQUEST MEAS. ON
[12:08:34] : REQUEST MEAS. OFF
[12:08:34] : 0
[12:08:34] : 측정요구 ON 2
[12:08:42] : 측정요구 2OFF
[12:08:42] : 0
[12:08:45] : REQUEST MEAS. ON
[12:08:52] : REQUEST MEAS. OFF
[12:08:52] : 0
[12:08:52] : 측정요구 ON 2
[12:08:59] : 측정요구 2OFF
[12:08:59] : 0
[12:09:02] : REQUEST MEAS. ON
[12:09:09] : REQUEST MEAS. OFF
[12:09:09] : 0
[12:09:09] : 측정요구 ON 2
[12:09:16] : 측정요구 2OFF
[12:09:16] : 0
[12:10:28] : 측정요구3 ON
[12:10:35] : 측정요구3 OFF
[12:10:35] : 0
[12:10:35] : 측정요구4 ON
[12:10:43] : 측정요구4 OFF
[12:10:43] : 0
[12:11:42] : 측정요구3 ON
[12:11:50] : 측정요구3 OFF
[12:11:50] : 0
[12:11:50] : 측정요구4 ON
[12:11:57] : 측정요구4 OFF
[12:11:57] : 0
[12:11:59] : 측정요구3 ON
[12:12:06] : 측정요구3 OFF
[12:12:06] : 0
[12:12:06] : 측정요구4 ON
[12:12:14] : 측정요구4 OFF
[12:12:14] : 0
[12:12:16] : 측정요구3 ON
[12:12:23] : 측정요구3 OFF
[12:12:23] : 0
[12:12:23] : 측정요구4 ON
[12:12:30] : 측정요구4 OFF
[12:12:30] : 0
[12:12:33] : 측정요구3 ON
[12:12:40] : 측정요구3 OFF
[12:12:40] : 0
[12:12:40] : 측정요구4 ON
[12:12:47] : 측정요구4 OFF
[12:12:47] : 0
[12:12:50] : 측정요구3 ON
[12:12:57] : 측정요구3 OFF
[12:12:57] : 0
[12:12:57] : 측정요구4 ON
[12:13:04] : 측정요구4 OFF
[12:13:04] : 0
[12:13:07] : 측정요구3 ON
[12:13:14] : 측정요구3 OFF
[12:13:14] : 0
[12:13:14] : 측정요구4 ON
[12:13:21] : 측정요구4 OFF
[12:13:21] : 0
[12:13:23] : 측정요구3 ON
[12:13:30] : 측정요구3 OFF
[12:13:30] : 0
[12:13:30] : 측정요구4 ON
[12:13:38] : 측정요구4 OFF
[12:13:38] : 0
[12:13:40] : 측정요구3 ON
[12:13:47] : 측정요구3 OFF
[12:13:47] : 0
[12:13:47] : 측정요구4 ON
[12:13:55] : 측정요구4 OFF
[12:13:55] : 0
[12:13:57] : 측정요구3 ON
[12:14:04] : 측정요구3 OFF
[12:14:04] : 0
[12:14:04] : 측정요구4 ON
[12:14:11] : 측정요구4 OFF
[12:14:11] : 0
[12:14:14] : 측정요구3 ON
[12:14:21] : 측정요구3 OFF
[12:14:21] : 0
[12:14:21] : 측정요구4 ON
[12:14:28] : 측정요구4 OFF
[12:14:28] : 0
[12:17:27] : 측정요구3 ON
[12:17:34] : 측정요구3 OFF
[12:17:34] : 0
[12:17:34] : 측정요구4 ON
[12:17:39] : 측정요구4 OFF
[12:17:39] : 0
[12:18:46] : 측정요구3 ON
[12:18:54] : 측정요구3 OFF
[12:18:54] : 0
[12:18:54] : 측정요구4 ON
[12:19:01] : 측정요구4 OFF
[12:19:01] : 0
[12:19:46] : 측정요구3 ON
[12:19:53] : 측정요구3 OFF
[12:19:53] : 0
[12:19:53] : 측정요구4 ON
[12:20:00] : 측정요구4 OFF
[12:20:00] : 0
[12:20:03] : 측정요구3 ON
[12:20:10] : 측정요구3 OFF
[12:20:10] : 0
[12:20:10] : 측정요구4 ON
[12:20:17] : 측정요구4 OFF
[12:20:17] : 0
[12:20:20] : 측정요구3 ON
[12:20:27] : 측정요구3 OFF
[12:20:27] : 0
[12:20:27] : 측정요구4 ON
[12:20:34] : 측정요구4 OFF
[12:20:34] : 0
[12:20:37] : 측정요구3 ON
[12:20:44] : 측정요구3 OFF
[12:20:44] : 0
[12:20:44] : 측정요구4 ON
[12:20:51] : 측정요구4 OFF
[12:20:51] : 0
[12:20:54] : 측정요구3 ON
[12:21:01] : 측정요구3 OFF
[12:21:01] : 0
[12:21:01] : 측정요구4 ON
[12:21:08] : 측정요구4 OFF
[12:21:08] : 0
[12:21:11] : 측정요구3 ON
[12:21:18] : 측정요구3 OFF
[12:21:18] : 0
[12:21:18] : 측정요구4 ON
[12:21:25] : 측정요구4 OFF
[12:21:25] : 0
[12:21:27] : 측정요구3 ON
[12:21:34] : 측정요구3 OFF
[12:21:34] : 0
[12:21:34] : 측정요구4 ON
[12:21:42] : 측정요구4 OFF
[12:21:42] : 0
[12:21:44] : 측정요구3 ON
[12:21:51] : 측정요구3 OFF
[12:21:51] : 0
[12:21:51] : 측정요구4 ON
[12:21:58] : 측정요구4 OFF
[12:21:58] : 0
[12:22:01] : 측정요구3 ON
[12:22:08] : 측정요구3 OFF
[12:22:08] : 0
[12:22:08] : 측정요구4 ON
[12:22:15] : 측정요구4 OFF
[12:22:15] : 0
[12:22:18] : 측정요구3 ON
[12:22:25] : 측정요구3 OFF
[12:22:25] : 0
[12:22:25] : 측정요구4 ON
[12:22:32] : 측정요구4 OFF
[12:22:32] : 0
[12:22:34] : 측정요구3 ON
[12:22:41] : 측정요구3 OFF
[12:22:41] : 0
[12:22:41] : 측정요구4 ON
[12:22:49] : 측정요구4 OFF
[12:22:49] : 0
[12:22:51] : 측정요구3 ON
[12:22:58] : 측정요구3 OFF
[12:22:58] : 0
[12:22:58] : 측정요구4 ON
[12:23:05] : 측정요구4 OFF
[12:23:05] : 0
[12:23:08] : 측정요구3 ON
[12:23:15] : 측정요구3 OFF
[12:23:15] : 0
[12:23:15] : 측정요구4 ON
[12:23:22] : 측정요구4 OFF
[12:23:22] : 0
[12:23:25] : 측정요구3 ON
[12:23:32] : 측정요구3 OFF
[12:23:32] : 0
[12:23:32] : 측정요구4 ON
[12:23:39] : 측정요구4 OFF
[12:23:39] : 0
[12:23:41] : 측정요구3 ON
[12:23:48] : 측정요구3 OFF
[12:23:48] : 0
[12:23:48] : 측정요구4 ON
[12:23:56] : 측정요구4 OFF
[12:23:56] : 0
[12:23:58] : 측정요구3 ON
[12:24:05] : 측정요구3 OFF
[12:24:05] : 0
[12:24:05] : 측정요구4 ON
[12:24:13] : 측정요구4 OFF
[12:24:13] : 0
[12:24:15] : 측정요구3 ON
[12:24:22] : 측정요구3 OFF
[12:24:22] : 0
[12:24:22] : 측정요구4 ON
[12:24:30] : 측정요구4 OFF
[12:24:30] : 0
[12:24:32] : 측정요구3 ON
[12:24:39] : 측정요구3 OFF
[12:24:39] : 0
[12:24:39] : 측정요구4 ON
[12:24:46] : 측정요구4 OFF
[12:24:46] : 0
[12:24:49] : 측정요구3 ON
[12:24:56] : 측정요구3 OFF
[12:24:56] : 0
[12:24:56] : 측정요구4 ON
[12:25:03] : 측정요구4 OFF
[12:25:03] : 0
[12:25:06] : 측정요구3 ON
[12:25:13] : 측정요구3 OFF
[12:25:13] : 0
[12:25:13] : 측정요구4 ON
[12:25:20] : 측정요구4 OFF
[12:25:20] : 0
[12:25:23] : 측정요구3 ON
[12:25:30] : 측정요구3 OFF
[12:25:30] : 0
[12:25:30] : 측정요구4 ON
[12:25:37] : 측정요구4 OFF
[12:25:37] : 0
[12:25:39] : 측정요구3 ON
[12:25:46] : 측정요구3 OFF
[12:25:46] : 0
[12:25:46] : 측정요구4 ON
[12:25:54] : 측정요구4 OFF
[12:25:54] : 0
[12:25:56] : 측정요구3 ON
[12:26:03] : 측정요구3 OFF
[12:26:03] : 0
[12:26:03] : 측정요구4 ON
[12:26:10] : 측정요구4 OFF
[12:26:10] : 0
[12:26:13] : 측정요구3 ON
[12:26:20] : 측정요구3 OFF
[12:26:20] : 0
[12:26:20] : 측정요구4 ON
[12:26:27] : 측정요구4 OFF
[12:26:27] : 0
[12:26:29] : 측정요구3 ON
[12:26:36] : 측정요구3 OFF
[12:26:36] : 0
[12:26:36] : 측정요구4 ON
[12:26:44] : 측정요구4 OFF
[12:26:44] : 0
[12:26:46] : 측정요구3 ON
[12:26:53] : 측정요구3 OFF
[12:26:53] : 0
[12:26:53] : 측정요구4 ON
[12:27:00] : 측정요구4 OFF
[12:27:00] : 0
[12:27:03] : 측정요구3 ON
[12:27:10] : 측정요구3 OFF
[12:27:10] : 0
[12:27:10] : 측정요구4 ON
[12:27:17] : 측정요구4 OFF
[12:27:17] : 0
[12:27:20] : 측정요구3 ON
[12:27:27] : 측정요구3 OFF
[12:27:27] : 0
[12:27:27] : 측정요구4 ON
[12:27:34] : 측정요구4 OFF
[12:27:34] : 0
[12:27:37] : 측정요구3 ON
[12:27:44] : 측정요구3 OFF
[12:27:44] : 0
[12:27:44] : 측정요구4 ON
[12:27:51] : 측정요구4 OFF
[12:27:51] : 0
[12:27:53] : 측정요구3 ON
[12:28:00] : 측정요구3 OFF
[12:28:00] : 0
[12:28:00] : 측정요구4 ON
[12:28:08] : 측정요구4 OFF
[12:28:08] : 0
[12:28:10] : 측정요구3 ON
[12:28:17] : 측정요구3 OFF
[12:28:17] : 0
[12:28:17] : 측정요구4 ON
[12:28:25] : 측정요구4 OFF
[12:28:25] : 0
[12:28:27] : 측정요구3 ON
[12:28:34] : 측정요구3 OFF
[12:28:34] : 0
[12:28:34] : 측정요구4 ON
[12:28:41] : 측정요구4 OFF
[12:28:41] : 0
[12:28:44] : 측정요구3 ON
[12:28:51] : 측정요구3 OFF
[12:28:51] : 0
[12:28:51] : 측정요구4 ON
[12:28:58] : 측정요구4 OFF
[12:28:58] : 0
[12:29:01] : 측정요구3 ON
[12:29:08] : 측정요구3 OFF
[12:29:08] : 0
[12:29:08] : 측정요구4 ON
[12:29:15] : 측정요구4 OFF
[12:29:15] : 0
[12:29:18] : 측정요구3 ON
[12:29:25] : 측정요구3 OFF
[12:29:25] : 0
[12:29:25] : 측정요구4 ON
[12:29:32] : 측정요구4 OFF
[12:29:32] : 0
[12:29:34] : 측정요구3 ON
[12:29:41] : 측정요구3 OFF
[12:29:41] : 0
[12:29:41] : 측정요구4 ON
[12:29:49] : 측정요구4 OFF
[12:29:49] : 0
[12:29:51] : 측정요구3 ON
[12:29:58] : 측정요구3 OFF
[12:29:58] : 0
[12:29:58] : 측정요구4 ON
[12:30:05] : 측정요구4 OFF
[12:30:05] : 0
[12:30:08] : 측정요구3 ON
[12:30:15] : 측정요구3 OFF
[12:30:15] : 0
[12:30:15] : 측정요구4 ON
[12:30:22] : 측정요구4 OFF
[12:30:22] : 0
[12:30:25] : 측정요구3 ON
[12:30:32] : 측정요구3 OFF
[12:30:32] : 0
[12:30:32] : 측정요구4 ON
[12:30:39] : 측정요구4 OFF
[12:30:39] : 0
[12:30:41] : 측정요구3 ON
[12:30:48] : 측정요구3 OFF
[12:30:48] : 0
[12:30:48] : 측정요구4 ON
[12:30:56] : 측정요구4 OFF
[12:30:56] : 0
[13:17:59] : 측정요구3 ON
[13:18:06] : 측정요구3 OFF
[13:18:06] : 0
[13:18:06] : 측정요구4 ON
[13:18:13] : 측정요구4 OFF
[13:18:13] : 0
[13:18:16] : 측정요구3 ON
[13:18:23] : 측정요구3 OFF
[13:18:23] : 0
[13:18:23] : 측정요구4 ON
[13:18:30] : 측정요구4 OFF
[13:18:30] : 0
[13:20:45] : 측정요구3 ON
[13:20:52] : 측정요구3 OFF
[13:20:52] : 0
[13:20:52] : 측정요구4 ON
[13:20:59] : 측정요구4 OFF
[13:20:59] : 0
[13:21:01] : 측정요구3 ON
[13:21:08] : 측정요구3 OFF
[13:21:08] : 0
[13:21:08] : 측정요구4 ON
[13:21:16] : 측정요구4 OFF
[13:21:16] : 0
[13:21:18] : 측정요구3 ON
[13:21:25] : 측정요구3 OFF
[13:21:25] : 0
[13:21:25] : 측정요구4 ON
[13:21:33] : 측정요구4 OFF
[13:21:33] : 0
[13:21:35] : 측정요구3 ON
[13:21:42] : 측정요구3 OFF
[13:21:42] : 0
[13:21:42] : 측정요구4 ON
[13:21:49] : 측정요구4 OFF
[13:21:49] : 0
[13:21:52] : 측정요구3 ON
[13:21:59] : 측정요구3 OFF
[13:21:59] : 0
[13:21:59] : 측정요구4 ON
[13:22:06] : 측정요구4 OFF
[13:22:06] : 0
[13:25:21] : REQUEST MEAS. ON
[13:25:28] : REQUEST MEAS. OFF
[13:25:28] : 0
[13:25:28] : 측정요구 ON 2
[13:25:36] : 측정요구 2OFF
[13:25:36] : 0
[13:25:38] : REQUEST MEAS. ON
[13:25:45] : REQUEST MEAS. OFF
[13:25:45] : 0
[13:25:45] : 측정요구 ON 2
[13:25:53] : 측정요구 2OFF
[13:25:53] : 0
[13:25:55] : REQUEST MEAS. ON
[13:26:02] : REQUEST MEAS. OFF
[13:26:02] : 0
[13:26:02] : 측정요구 ON 2
[13:26:10] : 측정요구 2OFF
[13:26:10] : 0
[13:26:12] : REQUEST MEAS. ON
[13:26:19] : REQUEST MEAS. OFF
[13:26:19] : 0
[13:26:19] : 측정요구 ON 2
[13:26:26] : 측정요구 2OFF
[13:26:26] : 0
[13:26:29] : REQUEST MEAS. ON
[13:26:36] : REQUEST MEAS. OFF
[13:26:36] : 0
[13:26:36] : 측정요구 ON 2
[13:26:43] : 측정요구 2OFF
[13:26:43] : 0
[13:26:46] : REQUEST MEAS. ON
[13:26:53] : REQUEST MEAS. OFF
[13:26:53] : 0
[13:26:53] : 측정요구 ON 2
[13:27:00] : 측정요구 2OFF
[13:27:00] : 0
[13:30:11] : 측정요구3 ON
[13:30:18] : 측정요구3 OFF
[13:30:18] : 0
[13:30:18] : 측정요구4 ON
[13:30:26] : 측정요구4 OFF
[13:30:26] : 0
[13:30:28] : 측정요구3 ON
[13:30:35] : 측정요구3 OFF
[13:30:35] : 0
[13:30:35] : 측정요구4 ON
[13:30:43] : 측정요구4 OFF
[13:30:43] : 0
[13:30:46] : 측정요구3 ON
[13:30:53] : 측정요구3 OFF
[13:30:53] : 0
[13:30:53] : 측정요구4 ON
[13:31:00] : 측정요구4 OFF
[13:31:00] : 0
[13:31:03] : 측정요구3 ON
[13:31:10] : 측정요구3 OFF
[13:31:10] : 0
[13:31:10] : 측정요구4 ON
[13:31:18] : 측정요구4 OFF
[13:31:18] : 0
[13:31:21] : 측정요구3 ON
[13:31:28] : 측정요구3 OFF
[13:31:28] : 0
[13:31:28] : 측정요구4 ON
[13:31:35] : 측정요구4 OFF
[13:31:35] : 0
[13:31:38] : 측정요구3 ON
[13:31:45] : 측정요구3 OFF
[13:31:45] : 0
[13:31:45] : 측정요구4 ON
[13:31:52] : 측정요구4 OFF
[13:31:52] : 0
[13:31:55] : 측정요구3 ON
[13:32:02] : 측정요구3 OFF
[13:32:02] : 0
[13:32:02] : 측정요구4 ON
[13:32:09] : 측정요구4 OFF
[13:32:09] : 0
[13:32:12] : 측정요구3 ON
[13:32:19] : 측정요구3 OFF
[13:32:19] : 0
[13:32:19] : 측정요구4 ON
[13:32:27] : 측정요구4 OFF
[13:32:27] : 0
[13:32:29] : 측정요구3 ON
[13:32:36] : 측정요구3 OFF
[13:32:36] : 0
[13:32:36] : 측정요구4 ON
[13:32:44] : 측정요구4 OFF
[13:32:44] : 0
[13:32:47] : 측정요구3 ON
[13:32:54] : 측정요구3 OFF
[13:32:54] : 0
[13:32:54] : 측정요구4 ON
[13:33:01] : 측정요구4 OFF
[13:33:01] : 0
[13:33:04] : 측정요구3 ON
[13:33:11] : 측정요구3 OFF
[13:33:11] : 0
[13:33:11] : 측정요구4 ON
[13:33:18] : 측정요구4 OFF
[13:33:18] : 0
[13:33:21] : 측정요구3 ON
[13:33:28] : 측정요구3 OFF
[13:33:28] : 0
[13:33:28] : 측정요구4 ON
[13:33:35] : 측정요구4 OFF
[13:33:35] : 0
[13:33:38] : 측정요구3 ON
[13:33:45] : 측정요구3 OFF
[13:33:45] : 0
[13:33:45] : 측정요구4 ON
[13:33:53] : 측정요구4 OFF
[13:33:53] : 0
[13:33:55] : 측정요구3 ON
[13:34:02] : 측정요구3 OFF
[13:34:02] : 0
[13:34:02] : 측정요구4 ON
[13:34:10] : 측정요구4 OFF
[13:34:10] : 0
[13:34:13] : 측정요구3 ON
[13:34:20] : 측정요구3 OFF
[13:34:20] : 0
[13:34:20] : 측정요구4 ON
[13:34:27] : 측정요구4 OFF
[13:34:27] : 0
[13:34:30] : 측정요구3 ON
[13:34:37] : 측정요구3 OFF
[13:34:37] : 0
[13:34:37] : 측정요구4 ON
[13:34:44] : 측정요구4 OFF
[13:34:44] : 0
[13:34:47] : 측정요구3 ON
[13:34:54] : 측정요구3 OFF
[13:34:54] : 0
[13:34:54] : 측정요구4 ON
[13:35:01] : 측정요구4 OFF
[13:35:01] : 0
[13:35:04] : 측정요구3 ON
[13:35:11] : 측정요구3 OFF
[13:35:11] : 0
[13:35:11] : 측정요구4 ON
[13:35:19] : 측정요구4 OFF
[13:35:19] : 0
[13:35:22] : 측정요구3 ON
[13:35:29] : 측정요구3 OFF
[13:35:29] : 0
[13:35:29] : 측정요구4 ON
[13:35:36] : 측정요구4 OFF
[13:35:36] : 0
[13:37:19] : PROGRAM END
 
[13:44:53] : PROGRAM START
[13:45:00] : AUTO RUNNING OFF
[13:45:00] : REQUEST MEAS. OFF
[13:45:00] : REQUEST ZEROSET OFF
[13:45:00] : REQUEST ZEROSET OFF
[13:45:16] : PROGRAM END
 
[13:51:35] : PROGRAM START
[13:51:38] : AUTO RUNNING OFF
[13:51:38] : REQUEST MEAS. OFF
[13:51:38] : REQUEST ZEROSET OFF
[13:51:38] : REQUEST ZEROSET OFF
[13:51:44] : 0
[13:51:44] : 0
[13:51:46] : 0
[13:51:46] : 0
[13:51:48] : 0
[13:51:48] : 0
[13:52:17] : PROGRAM END
 
[13:53:19] : PROGRAM START
[13:53:22] : AUTO RUNNING OFF
[13:53:22] : REQUEST MEAS. OFF
[13:53:22] : REQUEST ZEROSET OFF
[13:53:22] : REQUEST ZEROSET OFF
[13:54:50] : 측정요구3 ON
[13:54:58] : 측정요구3 OFF
[13:54:58] : 0
[13:54:58] : 측정요구4 ON
[13:55:06] : 측정요구4 OFF
[13:55:06] : 0
[13:55:08] : 측정요구3 ON
[13:55:15] : 측정요구3 OFF
[13:55:15] : 0
[13:55:15] : 측정요구4 ON
[13:55:23] : 측정요구4 OFF
[13:55:23] : 0
[13:55:26] : 측정요구3 ON
[13:55:33] : 측정요구3 OFF
[13:55:33] : 0
[13:55:33] : 측정요구4 ON
[13:55:40] : 측정요구4 OFF
[13:55:40] : 0
[13:55:43] : 측정요구3 ON
[13:55:50] : 측정요구3 OFF
[13:55:50] : 0
[13:55:50] : 측정요구4 ON
[13:55:58] : 측정요구4 OFF
[13:55:58] : 0
[13:56:00] : 측정요구3 ON
[13:56:07] : 측정요구3 OFF
[13:56:07] : 0
[13:56:07] : 측정요구4 ON
[13:56:15] : 측정요구4 OFF
[13:56:15] : 0
[13:58:04] : REQUEST MEAS. ON
[13:58:11] : REQUEST MEAS. OFF
[13:58:11] : 0
[13:58:11] : 측정요구 ON 2
[13:58:18] : 측정요구 2OFF
[13:58:18] : 0
[13:58:21] : REQUEST MEAS. ON
[13:58:28] : REQUEST MEAS. OFF
[13:58:28] : 0
[13:58:28] : 측정요구 ON 2
[13:58:35] : 측정요구 2OFF
[13:58:35] : 0
[13:58:38] : REQUEST MEAS. ON
[13:58:45] : REQUEST MEAS. OFF
[13:58:45] : 0
[13:58:45] : 측정요구 ON 2
[13:58:52] : 측정요구 2OFF
[13:58:52] : 0
[13:58:54] : REQUEST MEAS. ON
[13:59:01] : REQUEST MEAS. OFF
[13:59:01] : 0
[13:59:01] : 측정요구 ON 2
[13:59:09] : 측정요구 2OFF
[13:59:09] : 0
[13:59:11] : REQUEST MEAS. ON
[13:59:18] : REQUEST MEAS. OFF
[13:59:18] : 0
[13:59:18] : 측정요구 ON 2
[13:59:26] : 측정요구 2OFF
[13:59:26] : 0
[14:21:09] : 측정요구3 ON
[14:21:16] : 측정요구3 OFF
[14:21:16] : 0
[14:21:16] : 측정요구4 ON
[14:21:24] : 측정요구4 OFF
[14:21:24] : 0
[14:21:27] : 측정요구3 ON
[14:21:34] : 측정요구3 OFF
[14:21:34] : 0
[14:21:34] : 측정요구4 ON
[14:21:41] : 측정요구4 OFF
[14:21:41] : 0
[14:21:44] : 측정요구3 ON
[14:21:51] : 측정요구3 OFF
[14:21:51] : 0
[14:21:51] : 측정요구4 ON
[14:21:58] : 측정요구4 OFF
[14:21:58] : 0
[14:22:01] : 측정요구3 ON
[14:22:08] : 측정요구3 OFF
[14:22:08] : 0
[14:22:08] : 측정요구4 ON
[14:22:16] : 측정요구4 OFF
[14:22:16] : 0
[14:22:18] : 측정요구3 ON
[14:22:25] : 측정요구3 OFF
[14:22:25] : 0
[14:22:25] : 측정요구4 ON
[14:22:33] : 측정요구4 OFF
[14:22:33] : 0
[14:26:57] : PROGRAM END
 
[14:27:00] : PROGRAM START
[14:27:02] : AUTO RUNNING OFF
[14:27:02] : REQUEST MEAS. OFF
[14:27:02] : REQUEST ZEROSET OFF
[14:27:02] : REQUEST ZEROSET OFF
[14:33:52] : 측정요구3 ON
[14:33:59] : 측정요구3 OFF
[14:33:59] : 0
[14:33:59] : 측정요구4 ON
[14:34:07] : 측정요구4 OFF
[14:34:07] : 0
 
