[09:05:43] : 측정요구3 ON
[09:05:50] : 측정요구3 OFF
[09:05:50] : 0
[09:05:50] : 측정요구4 ON
[09:05:57] : 측정요구4 OFF
[09:05:57] : 0
[09:06:17] : 측정요구3 ON
[09:06:25] : 측정요구3 OFF
[09:06:25] : 0
[09:06:25] : 측정요구4 ON
[09:06:32] : 측정요구4 OFF
[09:06:32] : 0
[09:06:51] : 측정요구3 ON
[09:06:59] : 측정요구3 OFF
[09:06:59] : 0
[09:06:59] : 측정요구4 ON
[09:07:06] : 측정요구4 OFF
[09:07:06] : 0
[09:07:26] : 측정요구3 ON
[09:07:34] : 측정요구3 OFF
[09:07:34] : 0
[09:07:34] : 측정요구4 ON
[09:07:41] : 측정요구4 OFF
[09:07:41] : 0
[09:08:01] : 측정요구3 ON
[09:08:08] : 측정요구3 OFF
[09:08:09] : 0
[09:08:09] : 측정요구4 ON
[09:08:16] : 측정요구4 OFF
[09:08:16] : 0
[09:08:36] : 측정요구3 ON
[09:08:43] : 측정요구3 OFF
[09:08:44] : 0
[09:08:44] : 측정요구4 ON
[09:08:51] : 측정요구4 OFF
[09:08:51] : 0
[09:09:11] : 측정요구3 ON
[09:09:19] : 측정요구3 OFF
[09:09:19] : 0
[09:09:19] : 측정요구4 ON
[09:09:26] : 측정요구4 OFF
[09:09:26] : 0
[09:09:46] : 측정요구3 ON
[09:09:53] : 측정요구3 OFF
[09:09:53] : 0
[09:09:53] : 측정요구4 ON
[09:10:01] : 측정요구4 OFF
[09:10:01] : 0
[09:10:20] : 측정요구3 ON
[09:10:27] : 측정요구3 OFF
[09:10:27] : 0
[09:10:27] : 측정요구4 ON
[09:10:35] : 측정요구4 OFF
[09:10:35] : 0
[09:10:55] : 측정요구3 ON
[09:11:02] : 측정요구3 OFF
[09:11:03] : 0
[09:11:03] : 측정요구4 ON
[09:11:10] : 측정요구4 OFF
[09:11:10] : 0
[09:11:29] : 측정요구3 ON
[09:11:37] : 측정요구3 OFF
[09:11:37] : 0
[09:11:37] : 측정요구4 ON
[09:11:45] : 측정요구4 OFF
[09:11:45] : 0
[09:12:04] : 측정요구3 ON
[09:12:12] : 측정요구3 OFF
[09:12:12] : 0
[09:12:12] : 측정요구4 ON
[09:12:19] : 측정요구4 OFF
[09:12:19] : 0
[09:12:39] : 측정요구3 ON
[09:12:47] : 측정요구3 OFF
[09:12:47] : 0
[09:12:47] : 측정요구4 ON
[09:12:54] : 측정요구4 OFF
[09:12:54] : 0
[09:13:14] : 측정요구3 ON
[09:13:21] : 측정요구3 OFF
[09:13:22] : 0
[09:13:22] : 측정요구4 ON
[09:13:29] : 측정요구4 OFF
[09:13:29] : 0
[09:13:49] : 측정요구3 ON
[09:13:57] : 측정요구3 OFF
[09:13:57] : 0
[09:13:57] : 측정요구4 ON
[09:14:04] : 측정요구4 OFF
[09:14:04] : 0
[09:14:24] : 측정요구3 ON
[09:14:32] : 측정요구3 OFF
[09:14:32] : 0
[09:14:32] : 측정요구4 ON
[09:14:39] : 측정요구4 OFF
[09:14:39] : 0
[09:14:59] : 측정요구3 ON
[09:15:07] : 측정요구3 OFF
[09:15:07] : 0
[09:15:07] : 측정요구4 ON
[09:15:14] : 측정요구4 OFF
[09:15:14] : 0
[09:15:34] : 측정요구3 ON
[09:15:42] : 측정요구3 OFF
[09:15:42] : 0
[09:15:42] : 측정요구4 ON
[09:15:49] : 측정요구4 OFF
[09:15:49] : 0
[09:16:08] : 측정요구3 ON
[09:16:16] : 측정요구3 OFF
[09:16:16] : 0
[09:16:16] : 측정요구4 ON
[09:16:23] : 측정요구4 OFF
[09:16:23] : 0
[09:16:43] : 측정요구3 ON
[09:16:51] : 측정요구3 OFF
[09:16:51] : 0
[09:16:51] : 측정요구4 ON
[09:16:58] : 측정요구4 OFF
[09:16:58] : 0
[09:17:18] : 측정요구3 ON
[09:17:25] : 측정요구3 OFF
[09:17:26] : 0
[09:17:26] : 측정요구4 ON
[09:17:33] : 측정요구4 OFF
[09:17:33] : 0
[09:17:53] : 측정요구3 ON
[09:18:01] : 측정요구3 OFF
[09:18:01] : 0
[09:18:01] : 측정요구4 ON
[09:18:08] : 측정요구4 OFF
[09:18:08] : 0
[09:18:28] : 측정요구3 ON
[09:18:35] : 측정요구3 OFF
[09:18:36] : 0
[09:18:36] : 측정요구4 ON
[09:18:43] : 측정요구4 OFF
[09:18:43] : 0
[09:19:02] : 측정요구3 ON
[09:19:09] : 측정요구3 OFF
[09:19:09] : 0
[09:19:09] : 측정요구4 ON
[09:19:17] : 측정요구4 OFF
[09:19:17] : 0
[09:19:37] : 측정요구3 ON
[09:19:45] : 측정요구3 OFF
[09:19:45] : 0
[09:19:45] : 측정요구4 ON
[09:19:52] : 측정요구4 OFF
[09:19:52] : 0
[09:20:12] : 측정요구3 ON
[09:20:19] : 측정요구3 OFF
[09:20:19] : 0
[09:20:19] : 측정요구4 ON
[09:20:27] : 측정요구4 OFF
[09:20:27] : 0
[09:20:47] : 측정요구3 ON
[09:20:54] : 측정요구3 OFF
[09:20:55] : 0
[09:20:55] : 측정요구4 ON
[09:21:02] : 측정요구4 OFF
[09:21:02] : 0
[09:21:22] : 측정요구3 ON
[09:21:29] : 측정요구3 OFF
[09:21:29] : 0
[09:21:29] : 측정요구4 ON
[09:21:37] : 측정요구4 OFF
[09:21:37] : 0
[09:21:56] : 측정요구3 ON
[09:22:03] : 측정요구3 OFF
[09:22:03] : 0
[09:22:03] : 측정요구4 ON
[09:22:11] : 측정요구4 OFF
[09:22:11] : 0
[09:22:31] : 측정요구3 ON
[09:22:39] : 측정요구3 OFF
[09:22:39] : 0
[09:22:39] : 측정요구4 ON
[09:22:46] : 측정요구4 OFF
[09:22:46] : 0
[09:23:06] : 측정요구3 ON
[09:23:14] : 측정요구3 OFF
[09:23:14] : 0
[09:23:14] : 측정요구4 ON
[09:23:21] : 측정요구4 OFF
[09:23:21] : 0
[09:23:41] : 측정요구3 ON
[09:23:49] : 측정요구3 OFF
[09:23:49] : 0
[09:23:49] : 측정요구4 ON
[09:23:56] : 측정요구4 OFF
[09:23:56] : 0
[09:24:15] : 측정요구3 ON
[09:24:22] : 측정요구3 OFF
[09:24:22] : 0
[09:24:22] : 측정요구4 ON
[09:24:30] : 측정요구4 OFF
[09:24:30] : 0
[09:24:50] : 측정요구3 ON
[09:24:58] : 측정요구3 OFF
[09:24:58] : 0
[09:24:58] : 측정요구4 ON
[09:25:05] : 측정요구4 OFF
[09:25:05] : 0
[09:25:25] : 측정요구3 ON
[09:25:33] : 측정요구3 OFF
[09:25:33] : 0
[09:25:33] : 측정요구4 ON
[09:25:40] : 측정요구4 OFF
[09:25:40] : 0
[09:26:00] : 측정요구3 ON
[09:26:08] : 측정요구3 OFF
[09:26:08] : 0
[09:26:08] : 측정요구4 ON
[09:26:15] : 측정요구4 OFF
[09:26:15] : 0
[09:26:35] : 측정요구3 ON
[09:26:42] : 측정요구3 OFF
[09:26:43] : 0
[09:26:43] : 측정요구4 ON
[09:26:50] : 측정요구4 OFF
[09:26:50] : 0
[09:27:10] : 측정요구3 ON
[09:27:18] : 측정요구3 OFF
[09:27:18] : 0
[09:27:18] : 측정요구4 ON
[09:27:25] : 측정요구4 OFF
[09:27:25] : 0
[09:27:45] : 측정요구3 ON
[09:27:53] : 측정요구3 OFF
[09:27:53] : 0
[09:27:53] : 측정요구4 ON
[09:28:00] : 측정요구4 OFF
[09:28:00] : 0
[09:28:19] : 측정요구3 ON
[09:28:26] : 측정요구3 OFF
[09:28:27] : 0
[09:28:27] : 측정요구4 ON
[09:28:34] : 측정요구4 OFF
[09:28:34] : 0
[09:37:43] : REQUEST MEAS. ON
[09:37:50] : REQUEST MEAS. OFF
[09:37:50] : 0
[09:37:50] : 측정요구 ON 2
[09:37:57] : 측정요구 2OFF
[09:37:57] : 0
[09:38:18] : REQUEST MEAS. ON
[09:38:25] : REQUEST MEAS. OFF
[09:38:25] : 0
[09:38:25] : 측정요구 ON 2
[09:38:33] : 측정요구 2OFF
[09:38:33] : 0
[09:38:53] : REQUEST MEAS. ON
[09:39:00] : REQUEST MEAS. OFF
[09:39:00] : 0
[09:39:00] : 측정요구 ON 2
[09:39:08] : 측정요구 2OFF
[09:39:08] : 0
[09:39:28] : REQUEST MEAS. ON
[09:39:35] : REQUEST MEAS. OFF
[09:39:35] : 0
[09:39:35] : 측정요구 ON 2
[09:39:43] : 측정요구 2OFF
[09:39:43] : 0
[09:40:03] : REQUEST MEAS. ON
[09:40:10] : REQUEST MEAS. OFF
[09:40:10] : 0
[09:40:10] : 측정요구 ON 2
[09:40:18] : 측정요구 2OFF
[09:40:18] : 0
[09:40:38] : REQUEST MEAS. ON
[09:40:45] : REQUEST MEAS. OFF
[09:40:45] : 0
[09:40:45] : 측정요구 ON 2
[09:40:53] : 측정요구 2OFF
[09:40:53] : 0
[09:41:13] : REQUEST MEAS. ON
[09:41:20] : REQUEST MEAS. OFF
[09:41:20] : 0
[09:41:20] : 측정요구 ON 2
[09:41:28] : 측정요구 2OFF
[09:41:28] : 0
[09:41:49] : REQUEST MEAS. ON
[09:41:56] : REQUEST MEAS. OFF
[09:41:56] : 0
[09:41:56] : 측정요구 ON 2
[09:42:03] : 측정요구 2OFF
[09:42:03] : 0
[09:42:24] : REQUEST MEAS. ON
[09:42:31] : REQUEST MEAS. OFF
[09:42:31] : 0
[09:42:31] : 측정요구 ON 2
[09:42:38] : 측정요구 2OFF
[09:42:38] : 0
[09:42:59] : REQUEST MEAS. ON
[09:43:06] : REQUEST MEAS. OFF
[09:43:06] : 0
[09:43:06] : 측정요구 ON 2
[09:43:13] : 측정요구 2OFF
[09:43:13] : 0
[09:43:34] : REQUEST MEAS. ON
[09:43:41] : REQUEST MEAS. OFF
[09:43:41] : 0
[09:43:41] : 측정요구 ON 2
[09:43:49] : 측정요구 2OFF
[09:43:49] : 0
[09:44:09] : REQUEST MEAS. ON
[09:44:16] : REQUEST MEAS. OFF
[09:44:16] : 0
[09:44:16] : 측정요구 ON 2
[09:44:24] : 측정요구 2OFF
[09:44:24] : 0
[09:44:44] : REQUEST MEAS. ON
[09:44:51] : REQUEST MEAS. OFF
[09:44:51] : 0
[09:44:51] : 측정요구 ON 2
[09:44:59] : 측정요구 2OFF
[09:44:59] : 0
[09:45:19] : REQUEST MEAS. ON
[09:45:26] : REQUEST MEAS. OFF
[09:45:26] : 0
[09:45:26] : 측정요구 ON 2
[09:45:34] : 측정요구 2OFF
[09:45:34] : 0
[09:45:55] : REQUEST MEAS. ON
[09:46:02] : REQUEST MEAS. OFF
[09:46:02] : 0
[09:46:02] : 측정요구 ON 2
[09:46:09] : 측정요구 2OFF
[09:46:09] : 0
[09:46:30] : REQUEST MEAS. ON
[09:46:37] : REQUEST MEAS. OFF
[09:46:37] : 0
[09:46:37] : 측정요구 ON 2
[09:46:44] : 측정요구 2OFF
[09:46:44] : 0
[09:47:05] : REQUEST MEAS. ON
[09:47:12] : REQUEST MEAS. OFF
[09:47:12] : 0
[09:47:12] : 측정요구 ON 2
[09:47:20] : 측정요구 2OFF
[09:47:20] : 0
[09:47:40] : REQUEST MEAS. ON
[09:47:47] : REQUEST MEAS. OFF
[09:47:47] : 0
[09:47:47] : 측정요구 ON 2
[09:47:55] : 측정요구 2OFF
[09:47:55] : 0
[09:48:15] : REQUEST MEAS. ON
[09:48:22] : REQUEST MEAS. OFF
[09:48:22] : 0
[09:48:22] : 측정요구 ON 2
[09:48:30] : 측정요구 2OFF
[09:48:30] : 0
[09:48:50] : REQUEST MEAS. ON
[09:48:57] : REQUEST MEAS. OFF
[09:48:57] : 0
[09:48:57] : 측정요구 ON 2
[09:49:05] : 측정요구 2OFF
[09:49:05] : 0
[09:49:26] : REQUEST MEAS. ON
[09:49:33] : REQUEST MEAS. OFF
[09:49:33] : 0
[09:49:33] : 측정요구 ON 2
[09:49:40] : 측정요구 2OFF
[09:49:40] : 0
[09:50:01] : REQUEST MEAS. ON
[09:50:08] : REQUEST MEAS. OFF
[09:50:08] : 0
[09:50:08] : 측정요구 ON 2
[09:50:16] : 측정요구 2OFF
[09:50:16] : 0
[09:50:36] : REQUEST MEAS. ON
[09:50:43] : REQUEST MEAS. OFF
[09:50:43] : 0
[09:50:43] : 측정요구 ON 2
[09:50:51] : 측정요구 2OFF
[09:50:51] : 0
[09:51:11] : REQUEST MEAS. ON
[09:51:18] : REQUEST MEAS. OFF
[09:51:18] : 0
[09:51:18] : 측정요구 ON 2
[09:51:26] : 측정요구 2OFF
[09:51:26] : 0
[09:51:46] : REQUEST MEAS. ON
[09:51:53] : REQUEST MEAS. OFF
[09:51:53] : 0
[09:51:53] : 측정요구 ON 2
[09:52:01] : 측정요구 2OFF
[09:52:01] : 0
[09:52:21] : REQUEST MEAS. ON
[09:52:28] : REQUEST MEAS. OFF
[09:52:28] : 0
[09:52:28] : 측정요구 ON 2
[09:52:36] : 측정요구 2OFF
[09:52:36] : 0
[09:52:57] : REQUEST MEAS. ON
[09:53:04] : REQUEST MEAS. OFF
[09:53:04] : 0
[09:53:04] : 측정요구 ON 2
[09:53:11] : 측정요구 2OFF
[09:53:11] : 0
[09:53:32] : REQUEST MEAS. ON
[09:53:39] : REQUEST MEAS. OFF
[09:53:39] : 0
[09:53:39] : 측정요구 ON 2
[09:53:46] : 측정요구 2OFF
[09:53:46] : 0
[09:54:07] : REQUEST MEAS. ON
[09:54:14] : REQUEST MEAS. OFF
[09:54:14] : 0
[09:54:14] : 측정요구 ON 2
[09:54:22] : 측정요구 2OFF
[09:54:22] : 0
[09:54:42] : REQUEST MEAS. ON
[09:54:49] : REQUEST MEAS. OFF
[09:54:49] : 0
[09:54:49] : 측정요구 ON 2
[09:54:57] : 측정요구 2OFF
[09:54:57] : 0
[09:55:17] : REQUEST MEAS. ON
[09:55:24] : REQUEST MEAS. OFF
[09:55:24] : 0
[09:55:24] : 측정요구 ON 2
[09:55:31] : 측정요구 2OFF
[09:55:31] : 0
[09:55:52] : REQUEST MEAS. ON
[09:55:59] : REQUEST MEAS. OFF
[09:55:59] : 0
[09:55:59] : 측정요구 ON 2
[09:56:07] : 측정요구 2OFF
[09:56:07] : 0
[09:56:27] : REQUEST MEAS. ON
[09:56:34] : REQUEST MEAS. OFF
[09:56:34] : 0
[09:56:34] : 측정요구 ON 2
[09:56:42] : 측정요구 2OFF
[09:56:42] : 0
[09:57:02] : REQUEST MEAS. ON
[09:57:09] : REQUEST MEAS. OFF
[09:57:09] : 0
[09:57:09] : 측정요구 ON 2
[09:57:17] : 측정요구 2OFF
[09:57:17] : 0
[09:57:37] : REQUEST MEAS. ON
[09:57:44] : REQUEST MEAS. OFF
[09:57:44] : 0
[09:57:44] : 측정요구 ON 2
[09:57:52] : 측정요구 2OFF
[09:57:52] : 0
[09:58:13] : REQUEST MEAS. ON
[09:58:20] : REQUEST MEAS. OFF
[09:58:20] : 0
[09:58:20] : 측정요구 ON 2
[09:58:27] : 측정요구 2OFF
[09:58:27] : 0
[09:58:48] : REQUEST MEAS. ON
[09:58:55] : REQUEST MEAS. OFF
[09:58:55] : 0
[09:58:55] : 측정요구 ON 2
[09:59:02] : 측정요구 2OFF
[09:59:02] : 0
[09:59:23] : REQUEST MEAS. ON
[09:59:30] : REQUEST MEAS. OFF
[09:59:30] : 0
[09:59:30] : 측정요구 ON 2
[09:59:37] : 측정요구 2OFF
[09:59:37] : 0
[09:59:58] : REQUEST MEAS. ON
[10:00:05] : REQUEST MEAS. OFF
[10:00:05] : 0
[10:00:05] : 측정요구 ON 2
[10:00:12] : 측정요구 2OFF
[10:00:12] : 0
[10:00:33] : REQUEST MEAS. ON
[10:00:40] : REQUEST MEAS. OFF
[10:00:40] : 0
[10:00:40] : 측정요구 ON 2
[10:00:48] : 측정요구 2OFF
[10:00:48] : 0
[10:01:52] : 측정요구3 ON
[10:01:59] : 측정요구3 OFF
[10:01:59] : 0
[10:01:59] : 측정요구4 ON
[10:02:06] : 측정요구4 OFF
[10:02:06] : 0
[10:02:26] : 측정요구3 ON
[10:02:33] : 측정요구3 OFF
[10:02:33] : 0
[10:02:33] : 측정요구4 ON
[10:02:41] : 측정요구4 OFF
[10:02:41] : 0
[10:03:01] : 측정요구3 ON
[10:03:09] : 측정요구3 OFF
[10:03:09] : 0
[10:03:09] : 측정요구4 ON
[10:03:16] : 측정요구4 OFF
[10:03:16] : 0
[10:03:36] : 측정요구3 ON
[10:03:43] : 측정요구3 OFF
[10:03:43] : 0
[10:03:43] : 측정요구4 ON
[10:03:51] : 측정요구4 OFF
[10:03:51] : 0
[10:04:10] : 측정요구3 ON
[10:04:18] : 측정요구3 OFF
[10:04:18] : 0
[10:04:18] : 측정요구4 ON
[10:04:25] : 측정요구4 OFF
[10:04:25] : 0
[10:04:45] : 측정요구3 ON
[10:04:53] : 측정요구3 OFF
[10:04:53] : 0
[10:04:53] : 측정요구4 ON
[10:05:00] : 측정요구4 OFF
[10:05:00] : 0
[10:05:20] : 측정요구3 ON
[10:05:27] : 측정요구3 OFF
[10:05:27] : 0
[10:05:27] : 측정요구4 ON
[10:05:35] : 측정요구4 OFF
[10:05:35] : 0
[10:05:55] : 측정요구3 ON
[10:06:02] : 측정요구3 OFF
[10:06:02] : 0
[10:06:02] : 측정요구4 ON
[10:06:10] : 측정요구4 OFF
[10:06:10] : 0
[10:06:30] : 측정요구3 ON
[10:06:37] : 측정요구3 OFF
[10:06:37] : 0
[10:06:37] : 측정요구4 ON
[10:06:45] : 측정요구4 OFF
[10:06:45] : 0
[10:07:04] : 측정요구3 ON
[10:07:12] : 측정요구3 OFF
[10:07:12] : 0
[10:07:12] : 측정요구4 ON
[10:07:19] : 측정요구4 OFF
[10:07:19] : 0
[10:07:39] : 측정요구3 ON
[10:07:47] : 측정요구3 OFF
[10:07:47] : 0
[10:07:47] : 측정요구4 ON
[10:07:54] : 측정요구4 OFF
[10:07:54] : 0
[10:08:14] : 측정요구3 ON
[10:08:22] : 측정요구3 OFF
[10:08:22] : 0
[10:08:22] : 측정요구4 ON
[10:08:29] : 측정요구4 OFF
[10:08:29] : 0
[10:08:49] : 측정요구3 ON
[10:08:56] : 측정요구3 OFF
[10:08:56] : 0
[10:08:56] : 측정요구4 ON
[10:09:04] : 측정요구4 OFF
[10:09:04] : 0
[10:09:23] : 측정요구3 ON
[10:09:30] : 측정요구3 OFF
[10:09:30] : 0
[10:09:30] : 측정요구4 ON
[10:09:38] : 측정요구4 OFF
[10:09:38] : 0
[10:09:58] : 측정요구3 ON
[10:10:06] : 측정요구3 OFF
[10:10:06] : 0
[10:10:06] : 측정요구4 ON
[10:10:13] : 측정요구4 OFF
[10:10:13] : 0
[10:10:33] : 측정요구3 ON
[10:10:40] : 측정요구3 OFF
[10:10:40] : 0
[10:10:40] : 측정요구4 ON
[10:10:48] : 측정요구4 OFF
[10:10:48] : 0
[10:11:08] : 측정요구3 ON
[10:11:15] : 측정요구3 OFF
[10:11:15] : 0
[10:11:15] : 측정요구4 ON
[10:11:23] : 측정요구4 OFF
[10:11:23] : 0
[10:11:42] : 측정요구3 ON
[10:11:50] : 측정요구3 OFF
[10:11:50] : 0
[10:11:50] : 측정요구4 ON
[10:11:57] : 측정요구4 OFF
[10:11:57] : 0
[10:12:17] : 측정요구3 ON
[10:12:25] : 측정요구3 OFF
[10:12:25] : 0
[10:12:25] : 측정요구4 ON
[10:12:32] : 측정요구4 OFF
[10:12:32] : 0
[10:12:52] : 측정요구3 ON
[10:13:00] : 측정요구3 OFF
[10:13:00] : 0
[10:13:00] : 측정요구4 ON
[10:13:07] : 측정요구4 OFF
[10:13:07] : 0
[10:13:27] : 측정요구3 ON
[10:13:35] : 측정요구3 OFF
[10:13:35] : 0
[10:13:35] : 측정요구4 ON
[10:13:42] : 측정요구4 OFF
[10:13:42] : 0
[10:14:02] : 측정요구3 ON
[10:14:10] : 측정요구3 OFF
[10:14:10] : 0
[10:14:10] : 측정요구4 ON
[10:14:17] : 측정요구4 OFF
[10:14:17] : 0
[10:14:37] : 측정요구3 ON
[10:14:45] : 측정요구3 OFF
[10:14:45] : 0
[10:14:45] : 측정요구4 ON
[10:14:52] : 측정요구4 OFF
[10:14:52] : 0
[10:15:11] : 측정요구3 ON
[10:15:18] : 측정요구3 OFF
[10:15:18] : 0
[10:15:18] : 측정요구4 ON
[10:15:26] : 측정요구4 OFF
[10:15:26] : 0
[10:15:46] : 측정요구3 ON
[10:15:54] : 측정요구3 OFF
[10:15:54] : 0
[10:15:54] : 측정요구4 ON
[10:16:01] : 측정요구4 OFF
[10:16:01] : 0
[10:16:21] : 측정요구3 ON
[10:16:29] : 측정요구3 OFF
[10:16:29] : 0
[10:16:29] : 측정요구4 ON
[10:16:36] : 측정요구4 OFF
[10:16:36] : 0
[10:16:56] : 측정요구3 ON
[10:17:03] : 측정요구3 OFF
[10:17:03] : 0
[10:17:03] : 측정요구4 ON
[10:17:11] : 측정요구4 OFF
[10:17:11] : 0
[10:17:31] : 측정요구3 ON
[10:17:39] : 측정요구3 OFF
[10:17:39] : 0
[10:17:39] : 측정요구4 ON
[10:17:46] : 측정요구4 OFF
[10:17:46] : 0
[10:18:05] : 측정요구3 ON
[10:18:13] : 측정요구3 OFF
[10:18:13] : 0
[10:18:13] : 측정요구4 ON
[10:18:20] : 측정요구4 OFF
[10:18:20] : 0
[10:18:40] : 측정요구3 ON
[10:18:47] : 측정요구3 OFF
[10:18:48] : 0
[10:18:48] : 측정요구4 ON
[10:18:55] : 측정요구4 OFF
[10:18:55] : 0
[10:19:15] : 측정요구3 ON
[10:19:23] : 측정요구3 OFF
[10:19:23] : 0
[10:19:23] : 측정요구4 ON
[10:19:30] : 측정요구4 OFF
[10:19:30] : 0
[10:19:50] : 측정요구3 ON
[10:19:58] : 측정요구3 OFF
[10:19:58] : 0
[10:19:58] : 측정요구4 ON
[10:20:05] : 측정요구4 OFF
[10:20:05] : 0
[10:20:25] : 측정요구3 ON
[10:20:33] : 측정요구3 OFF
[10:20:33] : 0
[10:20:33] : 측정요구4 ON
[10:20:40] : 측정요구4 OFF
[10:20:40] : 0
[10:20:59] : 측정요구3 ON
[10:21:07] : 측정요구3 OFF
[10:21:07] : 0
[10:21:07] : 측정요구4 ON
[10:21:14] : 측정요구4 OFF
[10:21:14] : 0
[10:21:34] : 측정요구3 ON
[10:21:41] : 측정요구3 OFF
[10:21:41] : 0
[10:21:41] : 측정요구4 ON
[10:21:49] : 측정요구4 OFF
[10:21:49] : 0
[10:22:09] : 측정요구3 ON
[10:22:16] : 측정요구3 OFF
[10:22:16] : 0
[10:22:16] : 측정요구4 ON
[10:22:24] : 측정요구4 OFF
[10:22:24] : 0
[10:22:43] : 측정요구3 ON
[10:22:50] : 측정요구3 OFF
[10:22:50] : 0
[10:22:50] : 측정요구4 ON
[10:22:58] : 측정요구4 OFF
[10:22:58] : 0
[10:23:18] : 측정요구3 ON
[10:23:26] : 측정요구3 OFF
[10:23:26] : 0
[10:23:26] : 측정요구4 ON
[10:23:33] : 측정요구4 OFF
[10:23:33] : 0
[10:23:53] : 측정요구3 ON
[10:24:00] : 측정요구3 OFF
[10:24:00] : 0
[10:24:00] : 측정요구4 ON
[10:24:08] : 측정요구4 OFF
[10:24:08] : 0
[10:24:28] : 측정요구3 ON
[10:24:35] : 측정요구3 OFF
[10:24:35] : 0
[10:24:35] : 측정요구4 ON
[10:24:43] : 측정요구4 OFF
[10:24:43] : 0
[11:07:53] : PROGRAM END
 
[11:07:55] : PROGRAM START
[11:07:58] : AUTO RUNNING OFF
[11:07:58] : REQUEST MEAS. OFF
[11:07:58] : REQUEST ZEROSET OFF
[11:07:58] : REQUEST ZEROSET OFF
[11:08:04] : 0
[11:08:06] : REQUEST MEAS. ON
[11:08:06] : 0
[11:08:06] : 0
[11:08:20] : PROGRAM END
 
[11:08:23] : PROGRAM START
[11:08:26] : AUTO RUNNING OFF
[11:08:26] : REQUEST MEAS. OFF
[11:08:26] : REQUEST ZEROSET OFF
[11:08:26] : REQUEST ZEROSET OFF
[11:08:42] : PROGRAM END
 
[11:08:45] : PROGRAM START
[11:08:48] : AUTO RUNNING OFF
[11:08:48] : REQUEST MEAS. OFF
[11:08:48] : REQUEST ZEROSET OFF
[11:08:48] : REQUEST ZEROSET OFF
[11:08:56] : PROGRAM END
 
[11:09:09] : PROGRAM START
[11:09:11] : AUTO RUNNING OFF
[11:09:11] : REQUEST MEAS. OFF
[11:09:11] : REQUEST ZEROSET OFF
[11:09:11] : REQUEST ZEROSET OFF
[11:09:57] : PROGRAM END
 
[11:16:58] : PROGRAM START
[11:17:01] : AUTO RUNNING OFF
[11:17:01] : REQUEST MEAS. OFF
[11:17:01] : REQUEST ZEROSET OFF
[11:17:01] : REQUEST ZEROSET OFF
[11:17:10] : 0
[11:17:10] : 0
[11:17:13] : REQUEST MEAS. ON
[11:17:14] : 0
[11:17:16] : 0
[11:17:18] : REQUEST MEAS. ON
[11:17:18] : 0
[11:17:20] : REQUEST MEAS. ON
[11:17:20] : 0
[11:17:20] : 0
[11:17:22] : 0
[11:17:22] : 0
[11:17:24] : 0
[11:18:21] : PROGRAM END
 
[11:20:48] : PROGRAM START
[11:20:51] : AUTO RUNNING OFF
[11:20:51] : REQUEST MEAS. OFF
[11:20:51] : REQUEST ZEROSET OFF
[11:20:51] : REQUEST ZEROSET OFF
[11:21:00] : 0
[11:21:00] : 0
[11:21:03] : 0
[11:21:03] : REQUEST MEAS. ON
[11:21:04] : 0
[11:21:05] : 0
[11:21:05] : 0
[11:21:08] : 0
[11:21:09] : 0
[11:21:09] : 0
[11:21:09] : 0
[11:21:09] : 0
[11:21:09] : 0
[11:21:09] : 0
[11:21:09] : 0
[11:21:09] : 0
[11:21:09] : 0
[11:21:09] : 0
[11:21:09] : 0
[11:21:09] : 0
[11:21:27] : PROGRAM END
 
[11:25:34] : PROGRAM START
[11:25:37] : AUTO RUNNING OFF
[11:25:37] : REQUEST MEAS. OFF
[11:25:37] : REQUEST ZEROSET OFF
[11:25:37] : REQUEST ZEROSET OFF
[11:25:41] : 0
[11:25:41] : REQUEST MEAS. ON
[11:25:42] : REQUEST MEAS. ON
[11:25:42] : 0
[11:25:42] : 0
[11:25:42] : 0
[11:25:42] : 0
[11:25:42] : 0
[11:25:42] : 0
[11:25:42] : 0
[11:25:42] : 0
[11:25:42] : 0
[11:25:42] : 0
[11:25:58] : PROGRAM END
 
[11:29:39] : PROGRAM START
[11:29:42] : AUTO RUNNING OFF
[11:29:42] : REQUEST MEAS. OFF
[11:29:42] : REQUEST ZEROSET OFF
[11:29:42] : REQUEST ZEROSET OFF
[11:29:52] : PROGRAM END
 
[11:32:22] : PROGRAM START
[11:32:26] : AUTO RUNNING OFF
[11:32:26] : REQUEST MEAS. OFF
[11:32:26] : REQUEST ZEROSET OFF
[11:32:26] : REQUEST ZEROSET OFF
[11:32:31] : 0
[11:32:31] : REQUEST MEAS. ON
[11:32:33] : 0
[11:32:35] : 0
[11:32:36] : 0
[11:32:36] : 0
[11:32:36] : 0
[11:32:39] : 0
[11:32:39] : REQUEST MEAS. ON
[11:32:40] : 0
[11:32:40] : 0
[11:32:40] : 0
[11:32:40] : 0
[11:32:44] : 0
[11:32:44] : REQUEST MEAS. ON
[11:32:45] : 0
[11:32:45] : REQUEST MEAS. ON
[11:32:47] : 0
[11:33:06] : PROGRAM END
 
[11:36:44] : PROGRAM START
[11:36:47] : AUTO RUNNING OFF
[11:36:47] : REQUEST MEAS. OFF
[11:36:47] : REQUEST ZEROSET OFF
[11:36:47] : REQUEST ZEROSET OFF
[11:36:51] : PROGRAM END
 
[11:36:59] : PROGRAM START
[11:37:02] : AUTO RUNNING OFF
[11:37:02] : REQUEST MEAS. OFF
[11:37:02] : REQUEST ZEROSET OFF
[11:37:02] : REQUEST ZEROSET OFF
 
[14:27:56] : REQUEST MEAS. ON
[14:28:03] : REQUEST MEAS. OFF
[14:28:03] : 0
[14:28:03] : 측정요구 ON 2
[14:28:10] : 측정요구 2OFF
[14:28:10] : 0
[15:48:49] : PROGRAM END
 
[15:52:43] : PROGRAM START
[15:52:46] : AUTO RUNNING OFF
[15:52:46] : REQUEST MEAS. OFF
[15:52:46] : REQUEST ZEROSET OFF
[15:52:46] : REQUEST ZEROSET OFF
[15:52:48] : PROGRAM END
 
[16:00:21] : PROGRAM START
[16:00:24] : AUTO RUNNING OFF
[16:00:24] : REQUEST MEAS. OFF
[16:00:24] : REQUEST ZEROSET OFF
[16:00:24] : REQUEST ZEROSET OFF
[16:00:34] : PROGRAM END
 
[16:01:04] : PROGRAM START
[16:01:07] : AUTO RUNNING OFF
[16:01:07] : REQUEST MEAS. OFF
[16:01:07] : REQUEST ZEROSET OFF
[16:01:07] : REQUEST ZEROSET OFF
[17:44:04] : PROGRAM END
 
[17:44:37] : PROGRAM START
[17:44:39] : AUTO RUNNING OFF
[17:44:39] : REQUEST MEAS. OFF
[17:44:39] : REQUEST ZEROSET OFF
[17:44:39] : REQUEST ZEROSET OFF
[17:51:35] : REQUEST MEAS. ON
[17:51:42] : REQUEST MEAS. OFF
[17:51:42] : 0
[17:51:42] : 측정요구 ON 2
[17:51:50] : 측정요구 2OFF
[17:51:50] : 0
[17:52:11] : REQUEST MEAS. ON
[17:52:18] : REQUEST MEAS. OFF
[17:52:18] : 0
[17:52:18] : 측정요구 ON 2
[17:52:25] : 측정요구 2OFF
[17:52:25] : 0
[17:52:46] : REQUEST MEAS. ON
[17:52:53] : REQUEST MEAS. OFF
[17:52:53] : 0
[17:52:53] : 측정요구 ON 2
[17:53:01] : 측정요구 2OFF
[17:53:01] : 0
[17:53:21] : REQUEST MEAS. ON
[17:53:28] : REQUEST MEAS. OFF
[17:53:28] : 0
[17:53:28] : 측정요구 ON 2
[17:53:36] : 측정요구 2OFF
[17:53:36] : 0
[17:53:56] : REQUEST MEAS. ON
[17:54:03] : REQUEST MEAS. OFF
[17:54:03] : 0
[17:54:03] : 측정요구 ON 2
[17:54:11] : 측정요구 2OFF
[17:54:11] : 0
[17:54:31] : REQUEST MEAS. ON
[17:54:38] : REQUEST MEAS. OFF
[17:54:38] : 0
[17:54:38] : 측정요구 ON 2
[17:54:46] : 측정요구 2OFF
[17:54:46] : 0
[17:55:06] : REQUEST MEAS. ON
[17:55:13] : REQUEST MEAS. OFF
[17:55:13] : 0
[17:55:13] : 측정요구 ON 2
[17:55:21] : 측정요구 2OFF
[17:55:21] : 0
[17:55:41] : REQUEST MEAS. ON
[17:55:48] : REQUEST MEAS. OFF
[17:55:48] : 0
[17:55:48] : 측정요구 ON 2
[17:55:56] : 측정요구 2OFF
[17:55:56] : 0
[17:56:16] : REQUEST MEAS. ON
[17:56:23] : REQUEST MEAS. OFF
[17:56:23] : 0
[17:56:23] : 측정요구 ON 2
[17:56:31] : 측정요구 2OFF
[17:56:31] : 0
[17:56:51] : REQUEST MEAS. ON
[17:56:58] : REQUEST MEAS. OFF
[17:56:58] : 0
[17:56:58] : 측정요구 ON 2
[17:57:06] : 측정요구 2OFF
[17:57:06] : 0
[17:59:03] : REQUEST MEAS. ON
[17:59:11] : REQUEST MEAS. OFF
[17:59:11] : 0
[17:59:11] : 측정요구 ON 2
[17:59:18] : 측정요구 2OFF
[17:59:18] : 0
[17:59:39] : REQUEST MEAS. ON
[17:59:46] : REQUEST MEAS. OFF
[17:59:46] : 0
[17:59:46] : 측정요구 ON 2
[17:59:53] : 측정요구 2OFF
[17:59:53] : 0
[18:00:14] : REQUEST MEAS. ON
[18:00:21] : REQUEST MEAS. OFF
[18:00:21] : 0
[18:00:21] : 측정요구 ON 2
[18:00:29] : 측정요구 2OFF
[18:00:29] : 0
[18:00:49] : REQUEST MEAS. ON
[18:00:56] : REQUEST MEAS. OFF
[18:00:56] : 0
[18:00:56] : 측정요구 ON 2
[18:01:04] : 측정요구 2OFF
[18:01:04] : 0
[18:01:24] : REQUEST MEAS. ON
[18:01:31] : REQUEST MEAS. OFF
[18:01:31] : 0
[18:01:31] : 측정요구 ON 2
[18:01:39] : 측정요구 2OFF
[18:01:39] : 0
[18:01:59] : REQUEST MEAS. ON
[18:02:06] : REQUEST MEAS. OFF
[18:02:06] : 0
[18:02:06] : 측정요구 ON 2
[18:02:14] : 측정요구 2OFF
[18:02:14] : 0
[18:02:35] : REQUEST MEAS. ON
[18:02:42] : REQUEST MEAS. OFF
[18:02:42] : 0
[18:02:42] : 측정요구 ON 2
[18:02:49] : 측정요구 2OFF
[18:02:49] : 0
[18:03:10] : REQUEST MEAS. ON
[18:03:17] : REQUEST MEAS. OFF
[18:03:17] : 0
[18:03:17] : 측정요구 ON 2
[18:03:24] : 측정요구 2OFF
[18:03:24] : 0
[18:03:45] : REQUEST MEAS. ON
[18:03:52] : REQUEST MEAS. OFF
[18:03:52] : 0
[18:03:52] : 측정요구 ON 2
[18:04:00] : 측정요구 2OFF
[18:04:00] : 0
[18:04:20] : REQUEST MEAS. ON
[18:04:27] : REQUEST MEAS. OFF
[18:04:27] : 0
[18:04:27] : 측정요구 ON 2
[18:04:35] : 측정요구 2OFF
[18:04:35] : 0
[18:05:29] : REQUEST MEAS. ON
[18:05:36] : REQUEST MEAS. OFF
[18:05:36] : 0
[18:05:36] : 측정요구 ON 2
[18:05:43] : 측정요구 2OFF
[18:05:43] : 0
[18:06:03] : REQUEST MEAS. ON
[18:06:10] : REQUEST MEAS. OFF
[18:06:10] : 0
[18:06:10] : 측정요구 ON 2
[18:06:18] : 측정요구 2OFF
[18:06:18] : 0
[18:06:39] : REQUEST MEAS. ON
[18:06:46] : REQUEST MEAS. OFF
[18:06:46] : 0
[18:06:46] : 측정요구 ON 2
[18:06:53] : 측정요구 2OFF
[18:06:53] : 0
[18:07:14] : REQUEST MEAS. ON
[18:07:21] : REQUEST MEAS. OFF
[18:07:21] : 0
[18:07:21] : 측정요구 ON 2
[18:07:29] : 측정요구 2OFF
[18:07:29] : 0
[18:07:49] : REQUEST MEAS. ON
[18:07:56] : REQUEST MEAS. OFF
[18:07:56] : 0
[18:07:56] : 측정요구 ON 2
[18:08:04] : 측정요구 2OFF
[18:08:04] : 0
[18:08:40] : REQUEST MEAS. ON
[18:08:47] : REQUEST MEAS. OFF
[18:08:47] : 0
[18:08:47] : 측정요구 ON 2
[18:08:54] : 측정요구 2OFF
[18:08:54] : 0
[18:09:15] : REQUEST MEAS. ON
[18:09:22] : REQUEST MEAS. OFF
[18:09:22] : 0
[18:09:22] : 측정요구 ON 2
[18:09:30] : 측정요구 2OFF
[18:09:30] : 0
[18:09:50] : REQUEST MEAS. ON
[18:09:57] : REQUEST MEAS. OFF
[18:09:57] : 0
[18:09:57] : 측정요구 ON 2
[18:10:05] : 측정요구 2OFF
[18:10:05] : 0
[18:10:26] : REQUEST MEAS. ON
[18:10:33] : REQUEST MEAS. OFF
[18:10:33] : 0
[18:10:33] : 측정요구 ON 2
[18:10:40] : 측정요구 2OFF
[18:10:40] : 0
[18:11:01] : REQUEST MEAS. ON
[18:11:08] : REQUEST MEAS. OFF
[18:11:08] : 0
[18:11:08] : 측정요구 ON 2
[18:11:15] : 측정요구 2OFF
[18:11:15] : 0
[18:28:32] : REQUEST MEAS. ON
[18:28:39] : REQUEST MEAS. OFF
[18:28:39] : 0
[18:28:39] : 측정요구 ON 2
[18:28:47] : 측정요구 2OFF
[18:28:47] : 0
[18:29:10] : REQUEST MEAS. ON
[18:29:17] : REQUEST MEAS. OFF
[18:29:17] : 0
[18:29:17] : 측정요구 ON 2
[18:29:25] : 측정요구 2OFF
[18:29:25] : 0
[18:29:54] : REQUEST MEAS. ON
[18:30:01] : REQUEST MEAS. OFF
[18:30:01] : 0
[18:30:01] : 측정요구 ON 2
[18:30:08] : 측정요구 2OFF
[18:30:08] : 0
[18:41:11] : REQUEST MEAS. ON
[18:41:18] : REQUEST MEAS. OFF
[18:41:18] : 0
[18:41:18] : 측정요구 ON 2
[18:41:25] : 측정요구 2OFF
[18:41:25] : 0
[18:41:50] : REQUEST MEAS. ON
[18:41:57] : REQUEST MEAS. OFF
[18:41:57] : 0
[18:41:57] : 측정요구 ON 2
[18:42:05] : 측정요구 2OFF
[18:42:05] : 0
[18:42:33] : REQUEST MEAS. ON
[18:42:40] : REQUEST MEAS. OFF
[18:42:40] : 0
[18:42:40] : 측정요구 ON 2
[18:42:48] : 측정요구 2OFF
[18:42:48] : 0
[18:54:38] : REQUEST MEAS. ON
[18:54:45] : REQUEST MEAS. OFF
[18:54:45] : 0
[18:54:45] : 측정요구 ON 2
[18:54:53] : 측정요구 2OFF
[18:54:53] : 0
[19:28:11] : REQUEST MEAS. ON
[19:28:18] : REQUEST MEAS. OFF
[19:28:18] : 0
[19:28:18] : 측정요구 ON 2
[19:28:25] : 측정요구 2OFF
[19:28:25] : 0
[19:29:00] : REQUEST MEAS. ON
[19:29:07] : REQUEST MEAS. OFF
[19:29:07] : 0
[19:29:07] : 측정요구 ON 2
[19:29:15] : 측정요구 2OFF
[19:29:15] : 0
[20:00:55] : MEAS ESC ON
[20:00:56] : MEAS ESC OFF
[20:01:25] : MEAS ESC ON
[20:01:28] : MEAS ESC OFF
[21:26:37] : MEAS ESC ON
[21:26:37] : MEAS ESC OFF
[21:28:32] : REQUEST MEAS. ON
[21:28:39] : REQUEST MEAS. OFF
[21:28:39] : 0
[21:28:39] : 측정요구 ON 2
[21:28:47] : 측정요구 2OFF
[21:28:47] : 0
[21:28:58] : MEAS ESC ON
[21:28:59] : MEAS ESC OFF
[22:05:54] : REQUEST MEAS. ON
[22:06:01] : REQUEST MEAS. OFF
[22:06:01] : 0
[22:06:01] : 측정요구 ON 2
[22:06:09] : 측정요구 2OFF
[22:06:09] : 0
[22:10:03] : REQUEST MEAS. ON
[22:10:10] : REQUEST MEAS. OFF
[22:10:10] : 0
[22:10:10] : 측정요구 ON 2
[22:10:18] : 측정요구 2OFF
[22:10:18] : 0
[22:21:20] : PROGRAM END
 
[22:24:11] : PROGRAM START
[22:24:14] : AUTO RUNNING OFF
[22:24:14] : REQUEST MEAS. OFF
[22:24:14] : REQUEST ZEROSET OFF
[22:24:14] : REQUEST ZEROSET OFF
[22:24:18] : PROGRAM END
 
[22:24:27] : PROGRAM START
[22:24:29] : AUTO RUNNING OFF
[22:24:29] : REQUEST MEAS. OFF
[22:24:29] : REQUEST ZEROSET OFF
[22:24:29] : REQUEST ZEROSET OFF
[22:24:59] : REQUEST MEAS. ON
[22:25:06] : REQUEST MEAS. OFF
[22:25:06] : 0
[22:25:06] : 측정요구 ON 2
[22:25:14] : 측정요구 2OFF
[22:25:14] : 0
[22:25:45] : REQUEST MEAS. ON
[22:25:52] : REQUEST MEAS. OFF
[22:25:52] : 0
[22:25:52] : 측정요구 ON 2
[22:26:00] : 측정요구 2OFF
[22:26:00] : 0
[22:26:45] : REQUEST MEAS. ON
[22:26:53] : REQUEST MEAS. OFF
[22:26:53] : 0
[22:26:53] : 측정요구 ON 2
[22:27:00] : 측정요구 2OFF
[22:27:00] : 0
[22:28:23] : REQUEST MEAS. ON
[22:28:31] : REQUEST MEAS. OFF
[22:28:31] : 0
[22:28:31] : 측정요구 ON 2
[22:28:38] : 측정요구 2OFF
[22:28:38] : 0
[22:28:59] : REQUEST MEAS. ON
[22:29:06] : REQUEST MEAS. OFF
[22:29:06] : 0
[22:29:06] : 측정요구 ON 2
[22:29:14] : 측정요구 2OFF
[22:29:14] : 0
[22:31:11] : REQUEST MEAS. ON
[22:31:18] : REQUEST MEAS. OFF
[22:31:18] : 0
[22:31:18] : 측정요구 ON 2
[22:31:26] : 측정요구 2OFF
[22:31:26] : 0
[22:33:10] : REQUEST MEAS. ON
[22:33:18] : REQUEST MEAS. OFF
[22:33:18] : 0
[22:33:18] : 측정요구 ON 2
[22:33:25] : 측정요구 2OFF
[22:33:25] : 0
[22:33:46] : REQUEST MEAS. ON
[22:33:53] : REQUEST MEAS. OFF
[22:33:53] : 0
[22:33:53] : 측정요구 ON 2
[22:34:00] : 측정요구 2OFF
[22:34:00] : 0
[22:35:11] : REQUEST MEAS. ON
[22:35:18] : REQUEST MEAS. OFF
[22:35:18] : 0
[22:35:18] : 측정요구 ON 2
[22:35:26] : 측정요구 2OFF
[22:35:26] : 0
[22:36:56] : REQUEST MEAS. ON
[22:37:01] : PROGRAM END
 
[22:37:22] : PROGRAM START
[22:37:25] : AUTO RUNNING OFF
[22:37:25] : REQUEST MEAS. ON
[22:37:25] : REQUEST ZEROSET OFF
[22:37:25] : REQUEST ZEROSET OFF
[22:37:25] : 0
[22:38:41] : REQUEST MEAS. OFF
[22:38:42] : 측정요구 ON 2
[22:38:49] : 측정요구 2OFF
[22:38:49] : 0
[22:39:26] : REQUEST MEAS. ON
[22:39:33] : REQUEST MEAS. OFF
[22:39:33] : 0
[22:39:33] : 측정요구 ON 2
[22:39:41] : 측정요구 2OFF
[22:39:41] : 0
[22:40:22] : REQUEST MEAS. ON
[22:40:29] : REQUEST MEAS. OFF
[22:40:29] : 0
[22:40:29] : 측정요구 ON 2
[22:40:37] : 측정요구 2OFF
[22:40:37] : 0
[22:42:06] : REQUEST MEAS. ON
[22:42:13] : REQUEST MEAS. OFF
[22:42:13] : 0
[22:42:13] : 측정요구 ON 2
[22:42:20] : 측정요구 2OFF
[22:42:20] : 0
[22:42:56] : PROGRAM END
 
