[10:36:23] : MEAS ESC ON
[10:36:24] : MEAS ESC OFF
[10:36:24] : AUTO RUNNING ON
[10:55:58] : REQUEST MEAS. ON
[10:56:05] : REQUEST MEAS. OFF
[10:56:05] : 측정요구 ON 2
[10:56:13] : 측정요구 2OFF
[10:56:13] : 61,20181218-105613,AL18121450776,,OK,MAX,1,2,AUTO,0.10,4.40,0.99,OK,0.10,4.40,0.98,OK,
[10:56:34] : 측정요구3 ON
[10:56:41] : 측정요구3 OFF
[10:56:41] : 측정요구4 ON
[10:56:49] : 측정요구4 OFF
[10:56:49] : 61,20181218-105649,AL18121450536,,OK,MAX,2,3,AUTO,0.10,4.40,1.22,OK,0.10,4.40,0.73,OK,
[11:32:13] : REQUEST MEAS. ON
[11:32:20] : REQUEST MEAS. OFF
[11:32:20] : 측정요구 ON 2
[11:32:27] : 측정요구 2OFF
[11:32:27] : 61,20181218-113227,AL18121450526,,OK,MAX,1,2,AUTO,0.10,4.40,1.60,OK,0.10,4.40,1.09,OK,
[11:32:40] : 측정요구3 ON
[11:32:48] : 측정요구3 OFF
[11:32:48] : 측정요구4 ON
[11:32:55] : 측정요구4 OFF
[11:32:55] : 61,20181218-113256,AL18121450456,,OK,MAX,2,3,AUTO,0.10,4.40,1.32,OK,0.10,4.40,0.74,OK,
[11:33:08] : REQUEST MEAS. ON
[11:33:15] : REQUEST MEAS. OFF
[11:33:16] : 측정요구 ON 2
[11:33:23] : 측정요구 2OFF
[11:33:23] : 61,20181218-113323,AL18121450486,,OK,MAX,1,2,AUTO,0.10,4.40,0.39,OK,0.10,4.40,0.40,OK,
[11:33:36] : 측정요구3 ON
[11:33:44] : 측정요구3 OFF
[11:33:44] : 측정요구4 ON
[11:33:51] : 측정요구4 OFF
[11:33:51] : 61,20181218-113352,AL18121450566,,OK,MAX,2,3,AUTO,0.10,4.40,1.97,OK,0.10,4.40,1.22,OK,
[11:34:11] : REQUEST MEAS. ON
[11:34:18] : REQUEST MEAS. OFF
[11:34:18] : 측정요구 ON 2
[11:34:24] : AUTO RUNNING OFF
[11:34:24] : 측정요구 2OFF
[11:34:24] : 0
[11:34:45] : MEAS ESC ON
[11:34:46] : MEAS ESC OFF
[11:34:46] : AUTO RUNNING ON
[11:34:46] : 측정요구 ON 2
[11:34:47] : 측정요구 2OFF
[11:34:47] : 61,20181218-113447,AL18121450466,,NG,MAX,1,0,AUTO,0.10,4.40,50.03,NG,0.10,4.40,-9999.00,NG,
[11:36:47] : REQUEST MEAS. ON
[11:36:54] : REQUEST MEAS. OFF
[11:36:54] : 측정요구 ON 2
[11:37:02] : 측정요구 2OFF
[11:37:02] : 61,20181218-113702,AL18121450706,,OK,MAX,1,2,AUTO,0.10,4.40,1.27,OK,0.10,4.40,0.89,OK,
[11:37:15] : 측정요구3 ON
[11:37:22] : 측정요구3 OFF
[11:37:22] : 측정요구4 ON
[11:37:30] : 측정요구4 OFF
[11:37:30] : 61,20181218-113731,AL18121450716,,OK,MAX,2,2,AUTO,0.10,4.40,0.45,OK,0.10,4.40,0.30,OK,
[11:37:43] : REQUEST MEAS. ON
[11:37:50] : REQUEST MEAS. OFF
[11:37:50] : 측정요구 ON 2
[11:37:57] : 측정요구 2OFF
[11:37:57] : 61,20181218-113757,AL18121450626,,OK,MAX,1,2,AUTO,0.10,4.40,1.15,OK,0.10,4.40,0.91,OK,
[11:38:10] : 측정요구3 ON
[11:38:17] : 측정요구3 OFF
[11:38:17] : 측정요구4 ON
[11:38:25] : 측정요구4 OFF
[11:38:25] : 61,20181218-113826,AL18121450616,,OK,MAX,2,2,AUTO,0.10,4.40,1.23,OK,0.10,4.40,0.51,OK,
[11:40:50] : AUTO RUNNING OFF
[11:42:00] : MEAS ESC ON
[11:42:01] : MEAS ESC OFF
[11:42:01] : AUTO RUNNING ON
[11:43:05] : REQUEST MEAS. ON
[11:43:13] : REQUEST MEAS. OFF
[11:43:13] : 측정요구 ON 2
[11:43:20] : 측정요구 2OFF
[11:43:20] : 61,20181218-114321,AL18121450506,,OK,MAX,1,2,AUTO,0.10,4.40,1.39,OK,0.10,4.40,1.18,OK,
[11:43:22] : 측정요구3 ON
[11:43:29] : 측정요구3 OFF
[11:43:29] : 측정요구4 ON
[11:43:36] : 측정요구4 OFF
[11:43:36] : 61,20181218-114337,AL18121450556,,OK,MAX,2,3,AUTO,0.10,4.40,1.26,OK,0.10,4.40,0.97,OK,
[11:44:53] : AUTO RUNNING OFF
 
[17:24:44] : PROGRAM START
[17:24:52] : AUTO RUNNING OFF
[17:24:52] : REQUEST MEAS. OFF
[17:24:52] : REQUEST ZEROSET OFF
[17:24:52] : REQUEST ZEROSET OFF
 
