[12:21:33] : PROGRAM START
[12:21:40] : Plc Error Timer
[12:21:54] : TCP FAIL 1
[12:21:59] : TCP FAIL 1
[12:22:07] : Plc Error Timer
[12:22:37] : TCP FAIL 1
[12:22:41] : TCP FAIL 1
[12:22:48] : Plc Error Timer
[12:24:12] : PROGRAM END
 
[12:25:39] : PROGRAM START
[12:25:49] : PROGRAM END
 
[13:26:55] : PROGRAM START
[13:27:03] : PROGRAM END
 
[13:45:44] : PROGRAM START
[13:45:52] : PROGRAM END
 
[14:33:17] : PROGRAM START
[14:33:20] : AUTO RUNNING OFF
[14:33:20] : REQUEST MEAS. OFF
[14:33:20] : REQUEST ZEROSET OFF
[14:33:20] : REQUEST ZEROSET OFF
[14:33:34] : PROGRAM END
 
[14:34:05] : PROGRAM START
[14:34:08] : AUTO RUNNING OFF
[14:34:08] : REQUEST MEAS. OFF
[14:34:08] : REQUEST ZEROSET OFF
[14:34:08] : REQUEST ZEROSET OFF
[14:36:01] : PROGRAM END
 
[14:36:07] : PROGRAM START
[14:36:09] : AUTO RUNNING OFF
[14:36:09] : REQUEST MEAS. OFF
[14:36:09] : REQUEST ZEROSET OFF
[14:36:09] : REQUEST ZEROSET OFF
[14:37:04] : PROGRAM END
 
[14:38:17] : PROGRAM START
[14:38:20] : AUTO RUNNING OFF
[14:38:20] : REQUEST MEAS. OFF
[14:38:20] : REQUEST ZEROSET OFF
[14:38:20] : REQUEST ZEROSET OFF
[14:38:46] : PROGRAM END
 
[14:40:18] : PROGRAM START
[14:40:25] : AUTO RUNNING OFF
[14:40:25] : REQUEST MEAS. OFF
[14:40:25] : REQUEST ZEROSET OFF
[14:40:25] : REQUEST ZEROSET OFF
[14:40:59] : PROGRAM END
 
[14:41:49] : PROGRAM START
[14:41:53] : AUTO RUNNING OFF
[14:41:53] : REQUEST MEAS. OFF
[14:41:53] : REQUEST ZEROSET OFF
[14:41:53] : REQUEST ZEROSET OFF
[14:42:21] : PROGRAM END
 
[14:42:48] : PROGRAM START
[14:42:51] : AUTO RUNNING OFF
[14:42:51] : REQUEST MEAS. OFF
[14:42:51] : REQUEST ZEROSET OFF
[14:42:51] : REQUEST ZEROSET OFF
[14:42:54] : PROGRAM END
 
[14:43:18] : PROGRAM START
[14:43:20] : AUTO RUNNING OFF
[14:43:20] : REQUEST MEAS. OFF
[14:43:20] : REQUEST ZEROSET OFF
[14:43:20] : REQUEST ZEROSET OFF
[19:30:07] : 측정요구3 ON
[19:30:14] : 측정요구3 OFF
[19:30:14] : 0
[19:30:14] : 측정요구4 ON
[19:31:24] : 측정요구4 OFF
[19:31:24] : 0
[19:33:28] : 측정요구3 ON
[19:33:35] : 측정요구3 OFF
[19:33:35] : 0
[19:33:35] : 측정요구4 ON
[19:35:25] : 측정요구4 OFF
[19:35:25] : 0
[19:38:59] : REQUEST MEAS. ON
[19:39:07] : REQUEST MEAS. OFF
[19:39:07] : 0
[19:39:07] : 측정요구 ON 2
[19:39:14] : 측정요구 2OFF
[19:39:14] : 0
[19:39:47] : REQUEST MEAS. ON
[19:39:55] : REQUEST MEAS. OFF
[19:39:55] : 0
[19:39:55] : 측정요구 ON 2
[19:40:02] : 측정요구 2OFF
[19:40:02] : 0
 
