[11:18:24] : REQUEST MEAS. ON
[11:18:25] : REQUEST MEAS. OFF
[11:18:25] : 0
[11:21:33] : 측정요구3 ON
[11:21:40] : 측정요구3 OFF
[11:21:40] : 0
[11:21:40] : 측정요구4 ON
[11:21:48] : 측정요구4 OFF
[11:21:48] : 0
 
[21:28:38] : REQUEST MEAS. ON
[21:28:45] : REQUEST MEAS. OFF
[21:28:45] : 0
[21:28:45] : 측정요구 ON 2
[21:28:53] : 측정요구 2OFF
[21:28:53] : 0
[21:43:35] : REQUEST MEAS. ON
[21:43:42] : REQUEST MEAS. OFF
[21:43:42] : 0
[21:43:42] : 측정요구 ON 2
[21:43:49] : 측정요구 2OFF
[21:43:49] : 0
[21:44:33] : REQUEST MEAS. ON
[21:44:41] : REQUEST MEAS. OFF
[21:44:41] : 0
[21:44:41] : 측정요구 ON 2
[21:44:48] : 측정요구 2OFF
[21:44:48] : 0
[21:45:24] : REQUEST MEAS. ON
[21:45:31] : REQUEST MEAS. OFF
[21:45:31] : 0
[21:45:31] : 측정요구 ON 2
[21:45:38] : 측정요구 2OFF
[21:45:38] : 0
[21:46:01] : REQUEST MEAS. ON
[21:46:08] : REQUEST MEAS. OFF
[21:46:08] : 0
[21:46:08] : 측정요구 ON 2
[21:46:16] : 측정요구 2OFF
[21:46:16] : 0
[21:46:42] : REQUEST MEAS. ON
[21:46:49] : REQUEST MEAS. OFF
[21:46:49] : 0
[21:46:49] : 측정요구 ON 2
[21:46:57] : 측정요구 2OFF
[21:46:57] : 0
[21:47:19] : REQUEST MEAS. ON
[21:47:26] : REQUEST MEAS. OFF
[21:47:26] : 0
[21:47:26] : 측정요구 ON 2
[21:47:34] : 측정요구 2OFF
[21:47:34] : 0
[21:48:00] : REQUEST MEAS. ON
[21:48:07] : REQUEST MEAS. OFF
[21:48:07] : 0
[21:48:07] : 측정요구 ON 2
[21:48:15] : 측정요구 2OFF
[21:48:15] : 0
[21:48:38] : REQUEST MEAS. ON
[21:48:45] : REQUEST MEAS. OFF
[21:48:45] : 0
[21:48:45] : 측정요구 ON 2
[21:48:53] : 측정요구 2OFF
[21:48:53] : 0
[21:49:17] : REQUEST MEAS. ON
[21:49:24] : REQUEST MEAS. OFF
[21:49:24] : 0
[21:49:24] : 측정요구 ON 2
[21:49:32] : 측정요구 2OFF
[21:49:32] : 0
[21:50:03] : REQUEST MEAS. ON
[21:50:10] : REQUEST MEAS. OFF
[21:50:10] : 0
[21:50:10] : 측정요구 ON 2
[21:50:18] : 측정요구 2OFF
[21:50:18] : 0
[21:51:35] : 측정요구3 ON
[21:51:42] : 측정요구3 OFF
[21:51:43] : 0
[21:51:43] : 측정요구4 ON
[21:51:50] : 측정요구4 OFF
[21:51:50] : 0
[21:52:14] : 측정요구3 ON
[21:52:21] : 측정요구3 OFF
[21:52:21] : 0
[21:52:21] : 측정요구4 ON
[21:52:29] : 측정요구4 OFF
[21:52:29] : 0
[21:52:54] : 측정요구3 ON
[21:53:01] : 측정요구3 OFF
[21:53:01] : 0
[21:53:01] : 측정요구4 ON
[21:53:09] : 측정요구4 OFF
[21:53:09] : 0
[21:53:36] : 측정요구3 ON
[21:53:43] : 측정요구3 OFF
[21:53:43] : 0
[21:53:43] : 측정요구4 ON
[21:53:51] : 측정요구4 OFF
[21:53:51] : 0
[21:54:20] : 측정요구3 ON
[21:54:27] : 측정요구3 OFF
[21:54:27] : 0
[21:54:27] : 측정요구4 ON
[21:54:34] : 측정요구4 OFF
[21:54:34] : 0
[21:55:04] : 측정요구3 ON
[21:55:11] : 측정요구3 OFF
[21:55:11] : 0
[21:55:11] : 측정요구4 ON
[21:55:18] : 측정요구4 OFF
[21:55:18] : 0
[21:55:47] : 측정요구3 ON
[21:55:55] : 측정요구3 OFF
[21:55:55] : 0
[21:55:55] : 측정요구4 ON
[21:56:02] : 측정요구4 OFF
[21:56:02] : 0
[21:56:32] : 측정요구3 ON
[21:56:39] : 측정요구3 OFF
[21:56:39] : 0
[21:56:39] : 측정요구4 ON
[21:56:46] : 측정요구4 OFF
[21:56:46] : 0
[21:57:16] : 측정요구3 ON
[21:57:23] : 측정요구3 OFF
[21:57:23] : 0
[21:57:23] : 측정요구4 ON
[21:57:31] : 측정요구4 OFF
[21:57:31] : 0
[21:58:01] : 측정요구3 ON
[21:58:08] : 측정요구3 OFF
[21:58:08] : 0
[21:58:08] : 측정요구4 ON
[21:58:16] : 측정요구4 OFF
[21:58:16] : 0
 
