[13:23:04] : PROGRAM START
[13:23:11] : AUTO RUNNING OFF
[13:23:11] : REQUEST MEAS. OFF
[13:23:11] : REQUEST ZEROSET OFF
[13:23:11] : REQUEST ZEROSET OFF
[13:27:17] : MEAS ESC ON
[13:27:17] : MEAS ESC OFF
[13:27:17] : AUTO RUNNING ON
[13:28:19] : REQUEST MEAS. ON
[13:28:26] : REQUEST MEAS. OFF
[13:28:26] : ÃøÁ¤¿ä±¸ ON 2
[13:28:34] : ÃøÁ¤¿ä±¸ 2OFF
[13:28:34] : 61,20181215-132835,ÿAL18121450506,,NG,MAX,1,0,AUTO,0.60,4.40,0.45,NG,0.60,4.40,0.96,OK,
[13:29:19] : REQUEST MEAS. ON
[13:29:26] : REQUEST MEAS. OFF
[13:29:26] : ÃøÁ¤¿ä±¸ ON 2
[13:29:34] : ÃøÁ¤¿ä±¸ 2OFF
[13:29:34] : 61,20181215-132935,AL18121450766,,OK,MAX,1,2,AUTO,0.60,4.40,1.71,OK,0.60,4.40,1.98,OK,
[13:31:17] : REQUEST MEAS. ON
[13:31:24] : REQUEST MEAS. OFF
[13:31:24] : ÃøÁ¤¿ä±¸ ON 2
[13:31:31] : ÃøÁ¤¿ä±¸ 2OFF
[13:31:31] : 61,20181215-133131,AL18121450576,,NG,MAX,1,0,AUTO,0.60,4.40,0.58,NG,0.60,4.40,0.97,OK,
[13:32:22] : REQUEST MEAS. ON
[13:32:30] : REQUEST MEAS. OFF
[13:32:30] : ÃøÁ¤¿ä±¸ ON 2
[13:32:37] : ÃøÁ¤¿ä±¸ 2OFF
[13:32:37] : 61,20181215-133237,AL18121450566,,OK,MAX,1,2,AUTO,0.60,4.40,1.33,OK,0.60,4.40,1.60,OK,
[13:33:28] : REQUEST MEAS. ON
[13:33:35] : REQUEST MEAS. OFF
[13:33:35] : ÃøÁ¤¿ä±¸ ON 2
[13:33:43] : ÃøÁ¤¿ä±¸ 2OFF
[13:33:43] : 61,20181215-133344,AL18121450556,,OK,MAX,1,2,AUTO,0.60,4.40,1.33,OK,0.60,4.40,1.60,OK,
[13:36:57] : REQUEST MEAS. ON
[13:37:04] : REQUEST MEAS. OFF
[13:37:04] : ÃøÁ¤¿ä±¸ ON 2
[13:37:11] : ÃøÁ¤¿ä±¸ 2OFF
[13:37:11] : 61,20181215-133712,AL18121450466,,OK,MAX,1,2,AUTO,0.60,4.40,1.47,OK,0.60,4.40,1.84,OK,
[13:39:09] : AUTO RUNNING OFF
[13:40:59] : MEAS ESC ON
[13:41:00] : MEAS ESC OFF
[13:41:00] : AUTO RUNNING ON
[13:42:27] : AUTO RUNNING OFF
[13:55:14] : MEAS ESC ON
[13:55:15] : MEAS ESC OFF
[13:55:15] : AUTO RUNNING ON
[13:55:33] : AUTO RUNNING OFF
[14:24:36] : MEAS ESC ON
[14:24:37] : MEAS ESC OFF
[14:24:37] : AUTO RUNNING ON
[14:25:20] : AUTO RUNNING OFF
[14:31:43] : MEAS ESC ON
[14:31:43] : MEAS ESC OFF
[14:31:43] : AUTO RUNNING ON
[14:32:22] : AUTO RUNNING OFF
[14:33:25] : MEAS ESC ON
[14:33:26] : MEAS ESC OFF
[14:33:26] : AUTO RUNNING ON
[14:33:33] : AUTO RUNNING OFF
[14:33:35] : MEAS ESC ON
[14:33:36] : MEAS ESC OFF
[14:33:36] : AUTO RUNNING ON
[14:48:27] : AUTO RUNNING OFF
[14:48:57] : MEAS ESC ON
[14:49:00] : MEAS ESC OFF
[14:49:00] : AUTO RUNNING ON
[14:49:14] : AUTO RUNNING OFF
[14:57:12] : MEAS ESC ON
[14:57:12] : MEAS ESC OFF
[14:57:12] : AUTO RUNNING ON
[14:58:04] : AUTO RUNNING OFF
[14:58:06] : MEAS ESC ON
[14:58:09] : MEAS ESC OFF
[14:58:09] : AUTO RUNNING ON
[14:58:21] : AUTO RUNNING OFF
[16:49:06] : MEAS ESC ON
[16:49:06] : MEAS ESC OFF
[16:49:06] : AUTO RUNNING ON
[16:54:05] : REQUEST MEAS. ON
[16:54:12] : REQUEST MEAS. OFF
[16:54:12] : ÃøÁ¤¿ä±¸ ON 2
[16:54:20] : ÃøÁ¤¿ä±¸ 2OFF
[16:54:20] : 61,20181215-165420,AL18121450646,,OK,MAX,1,2,AUTO,0.60,4.40,0.66,OK,0.60,4.40,0.92,OK,
[17:02:39] : AUTO RUNNING OFF
[17:04:56] : MEAS ESC ON
[17:04:56] : MEAS ESC OFF
[17:04:56] : AUTO RUNNING ON
[17:05:18] : REQUEST MEAS. ON
[17:05:25] : REQUEST MEAS. OFF
[17:05:25] : ÃøÁ¤¿ä±¸ ON 2
[17:05:28] : AUTO RUNNING OFF
[17:05:28] : ÃøÁ¤¿ä±¸ 2OFF
[17:05:28] : 0
[17:09:37] : MEAS ESC ON
[17:09:37] : MEAS ESC OFF
[17:09:37] : AUTO RUNNING ON
[17:09:37] : ÃøÁ¤¿ä±¸ ON 2
[17:09:38] : ÃøÁ¤¿ä±¸ 2OFF
[17:09:38] : 61,20181215-170939,AL18121450626,,NG,MAX,1,0,AUTO,0.60,4.40,0.55,NG,0.60,4.40,-9999.00,NG,
[17:09:38] : ÃøÁ¤¿ä±¸3 ON
[17:09:47] : ÃøÁ¤¿ä±¸3 OFF
[17:09:47] : ÃøÁ¤¿ä±¸4 ON
[17:09:54] : ÃøÁ¤¿ä±¸4 OFF
[17:09:54] : 61,20181215-170955,þAL18121450616,,OK,MAX,2,3,AUTO,0.60,4.40,1.15,OK,0.60,4.40,0.67,OK,
[17:10:10] : AUTO RUNNING OFF
[17:13:26] : MEAS ESC ON
[17:13:26] : MEAS ESC OFF
[17:13:26] : AUTO RUNNING ON
[17:14:15] : AUTO RUNNING OFF
[17:19:36] : MEAS ESC ON
[17:19:36] : MEAS ESC OFF
[17:19:36] : AUTO RUNNING ON
[17:22:48] : REQUEST MEAS. ON
[17:22:55] : REQUEST MEAS. OFF
[17:22:55] : ÃøÁ¤¿ä±¸ ON 2
[17:23:03] : ÃøÁ¤¿ä±¸ 2OFF
[17:23:03] : 61,20181215-172303,AL18121450606,,OK,MAX,1,2,AUTO,0.60,4.40,0.70,OK,0.60,4.40,1.20,OK,
[17:23:16] : ÃøÁ¤¿ä±¸3 ON
[17:23:23] : ÃøÁ¤¿ä±¸3 OFF
[17:23:23] : ÃøÁ¤¿ä±¸4 ON
[17:23:31] : ÃøÁ¤¿ä±¸4 OFF
[17:23:31] : 61,20181215-172332,AL18121450686,,NG,MAX,2,2,AUTO,0.60,4.40,0.41,NG,0.60,4.40,0.21,NG,
[17:25:39] : REQUEST MEAS. ON
[17:25:46] : REQUEST MEAS. OFF
[17:25:46] : ÃøÁ¤¿ä±¸ ON 2
[17:25:54] : ÃøÁ¤¿ä±¸ 2OFF
[17:25:54] : 61,20181215-172554,AL18121450656,,OK,MAX,1,2,AUTO,0.60,4.40,0.97,OK,0.60,4.40,1.13,OK,
[17:26:17] : ÃøÁ¤¿ä±¸3 ON
[17:26:24] : ÃøÁ¤¿ä±¸3 OFF
[17:26:25] : ÃøÁ¤¿ä±¸4 ON
[17:26:32] : ÃøÁ¤¿ä±¸4 OFF
[17:26:32] : 61,20181215-172633,AL18121450926,,OK,MAX,2,3,AUTO,0.60,4.40,1.02,OK,0.60,4.40,0.68,OK,
[17:27:58] : ÃøÁ¤¿ä±¸3 ON
[17:28:05] : ÃøÁ¤¿ä±¸3 OFF
[17:28:05] : ÃøÁ¤¿ä±¸4 ON
[17:28:13] : ÃøÁ¤¿ä±¸4 OFF
[17:28:13] : 61,20181215-172814,AL18121450996,,OK,MAX,2,3,AUTO,0.60,4.40,1.34,OK,0.60,4.40,1.22,OK,
[17:28:25] : REQUEST MEAS. ON
[17:28:32] : REQUEST MEAS. OFF
[17:28:32] : ÃøÁ¤¿ä±¸ ON 2
[17:28:39] : ÃøÁ¤¿ä±¸ 2OFF
[17:28:39] : 61,20181215-172840,AL18121450696,,OK,MAX,1,2,AUTO,0.60,4.40,1.04,OK,0.60,4.40,1.73,OK,
[17:29:06] : ÃøÁ¤¿ä±¸3 ON
[17:29:13] : ÃøÁ¤¿ä±¸3 OFF
[17:29:13] : ÃøÁ¤¿ä±¸4 ON
[17:29:20] : ÃøÁ¤¿ä±¸4 OFF
[17:29:20] : 61,20181215-172921,AL18121450856,,OK,MAX,2,3,AUTO,0.60,4.40,1.61,OK,0.60,4.40,0.81,OK,
[17:30:47] : AUTO RUNNING OFF
[17:31:29] : MEAS ESC ON
[17:31:38] : MEAS ESC OFF
[17:31:43] : MEAS ESC ON
[17:31:43] : MEAS ESC OFF
[17:31:43] : AUTO RUNNING ON
[17:33:07] : AUTO RUNNING OFF
[17:33:07] : MEAS ESC ON
[17:33:09] : MEAS ESC OFF
[17:46:40] : MEAS ESC ON
[17:46:40] : MEAS ESC OFF
[17:46:40] : AUTO RUNNING ON
[17:47:27] : AUTO RUNNING OFF
[17:47:36] : MEAS ESC ON
[17:47:36] : MEAS ESC OFF
[17:47:36] : AUTO RUNNING ON
[17:56:14] : AUTO RUNNING OFF
[17:58:15] : MEAS ESC ON
[17:58:15] : MEAS ESC OFF
[17:58:15] : AUTO RUNNING ON
[18:14:24] : REQUEST MEAS. ON
[18:14:31] : REQUEST MEAS. OFF
[18:14:31] : ÃøÁ¤¿ä±¸ ON 2
[18:14:39] : ÃøÁ¤¿ä±¸ 2OFF
[18:14:39] : 61,20181215-181440,AL18121451006,,NG,MAX,1,0,AUTO,0.60,4.40,0.44,NG,0.60,4.40,0.69,OK,
[18:14:56] : ÃøÁ¤¿ä±¸3 ON
[18:15:03] : ÃøÁ¤¿ä±¸3 OFF
[18:15:03] : ÃøÁ¤¿ä±¸4 ON
[18:15:10] : ÃøÁ¤¿ä±¸4 OFF
[18:15:10] : 61,20181215-181511,AL18121450956,,OK,MAX,2,3,AUTO,0.60,4.40,1.60,OK,0.60,4.40,0.95,OK,
[18:16:19] : REQUEST MEAS. ON
[18:16:26] : REQUEST MEAS. OFF
[18:16:26] : ÃøÁ¤¿ä±¸ ON 2
[18:16:33] : ÃøÁ¤¿ä±¸ 2OFF
[18:16:33] : 61,20181215-181634,AL18121450946,,OK,MAX,1,2,AUTO,0.60,4.40,0.72,OK,0.60,4.40,1.30,OK,
[18:16:46] : ÃøÁ¤¿ä±¸3 ON
[18:16:53] : ÃøÁ¤¿ä±¸3 OFF
[18:16:53] : ÃøÁ¤¿ä±¸4 ON
[18:17:01] : ÃøÁ¤¿ä±¸4 OFF
[18:17:01] : 61,20181215-181701,AL18121450386,,OK,MAX,2,3,AUTO,0.60,4.40,1.37,OK,0.60,4.40,0.99,OK,
[18:17:14] : REQUEST MEAS. ON
[18:17:21] : REQUEST MEAS. OFF
[18:17:21] : ÃøÁ¤¿ä±¸ ON 2
[18:17:29] : ÃøÁ¤¿ä±¸ 2OFF
[18:17:29] : 61,20181215-181729,AL18121450396,,NG,MAX,1,0,AUTO,0.60,4.40,0.52,NG,0.60,4.40,1.06,OK,
[18:17:54] : ÃøÁ¤¿ä±¸3 ON
[18:18:01] : ÃøÁ¤¿ä±¸3 OFF
[18:18:01] : ÃøÁ¤¿ä±¸4 ON
[18:18:09] : ÃøÁ¤¿ä±¸4 OFF
[18:18:09] : 61,20181215-181810,AL18121450936,,NG,MAX,2,2,AUTO,0.60,4.40,0.40,NG,0.60,4.40,0.37,NG,
[18:19:32] : REQUEST MEAS. ON
[18:19:39] : REQUEST MEAS. OFF
[18:19:39] : ÃøÁ¤¿ä±¸ ON 2
[18:19:46] : ÃøÁ¤¿ä±¸ 2OFF
[18:19:46] : 61,20181215-181947,AL18121450406,,OK,MAX,1,2,AUTO,0.10,4.40,1.18,OK,0.10,4.40,1.83,OK,
[18:20:00] : ÃøÁ¤¿ä±¸3 ON
[18:20:07] : ÃøÁ¤¿ä±¸3 OFF
[18:20:07] : ÃøÁ¤¿ä±¸4 ON
[18:20:15] : ÃøÁ¤¿ä±¸4 OFF
[18:20:15] : 61,20181215-182015,AL18121450986,,OK,MAX,2,3,AUTO,0.10,4.40,1.08,OK,0.10,4.40,0.90,OK,
[18:20:27] : REQUEST MEAS. ON
[18:20:34] : REQUEST MEAS. OFF
[18:20:34] : ÃøÁ¤¿ä±¸ ON 2
[18:20:42] : ÃøÁ¤¿ä±¸ 2OFF
[18:20:42] : 61,20181215-182042,AL18121450976,,OK,MAX,1,2,AUTO,0.10,4.40,1.38,OK,0.10,4.40,1.71,OK,
[18:20:52] : AUTO RUNNING OFF
[18:21:04] : MEAS ESC ON
[18:21:04] : MEAS ESC OFF
[18:21:04] : AUTO RUNNING ON
[18:21:19] : AUTO RUNNING OFF
[18:22:46] : MEAS ESC ON
[18:22:46] : MEAS ESC OFF
[18:22:46] : AUTO RUNNING ON
[18:23:16] : REQUEST MEAS. ON
[18:23:23] : REQUEST MEAS. OFF
[18:23:23] : ÃøÁ¤¿ä±¸ ON 2
[18:23:31] : ÃøÁ¤¿ä±¸ 2OFF
[18:23:31] : 61,20181215-182332,AL18121450826,,OK,MAX,1,2,AUTO,0.10,4.40,1.28,OK,0.10,4.40,1.31,OK,
[18:23:33] : ÃøÁ¤¿ä±¸3 ON
[18:23:40] : ÃøÁ¤¿ä±¸3 OFF
[18:23:40] : ÃøÁ¤¿ä±¸4 ON
[18:23:47] : ÃøÁ¤¿ä±¸4 OFF
[18:23:47] : 61,20181215-182348,AL18121450816,,OK,MAX,2,3,AUTO,0.10,4.40,1.23,OK,0.10,4.40,0.71,OK,
[18:24:03] : REQUEST MEAS. ON
[18:24:10] : REQUEST MEAS. OFF
[18:24:10] : ÃøÁ¤¿ä±¸ ON 2
[18:24:17] : ÃøÁ¤¿ä±¸ 2OFF
[18:24:17] : 61,20181215-182418,AL18121450416,,OK,MAX,1,2,AUTO,0.10,4.40,0.53,OK,0.10,4.40,1.75,OK,
[18:24:47] : AUTO RUNNING OFF
[18:27:16] : MEAS ESC ON
[18:29:02] : MEAS ESC OFF
[18:29:02] : AUTO RUNNING ON
[18:29:47] : REQUEST MEAS. ON
[18:29:54] : REQUEST MEAS. OFF
[18:29:54] : ÃøÁ¤¿ä±¸ ON 2
[18:30:01] : ÃøÁ¤¿ä±¸ 2OFF
[18:30:01] : 61,20181215-183002,AL18121450416,,OK,MAX,1,2,AUTO,0.10,4.40,1.31,OK,0.10,4.40,1.88,OK,
[18:31:00] : AUTO RUNNING OFF
 
