[17:05:39] : PROGRAM START
[17:05:48] : Plc Error Timer
[17:05:48] : AUTO RUNNING OFF
[17:05:48] : REQUEST MEAS. OFF
[17:05:48] : REQUEST ZEROSET OFF
[17:05:48] : REQUEST ZEROSET OFF
[17:38:51] : Plc Error Timer
[20:29:01] : MEAS ESC ON
[20:29:01] : MEAS ESC OFF
[20:29:01] : AUTO RUNNING ON
[20:29:29] : REQUEST MEAS. ON
[20:29:36] : REQUEST MEAS. OFF
[20:29:36] : 측정요구 ON 2
[20:29:43] : 측정요구 2OFF
[20:29:43] : 61,20181219-202944,AL18121450356,,OK,MAX,1,2,AUTO,0.10,4.40,1.30,OK,0.10,4.40,1.01,OK,
[20:32:14] : AUTO RUNNING OFF
[20:32:15] : MEAS ESC ON
[20:32:16] : MEAS ESC OFF
[20:32:16] : AUTO RUNNING ON
[20:32:47] : AUTO RUNNING OFF
[20:33:22] : MEAS ESC ON
[20:33:24] : AUTO RUNNING ON
[20:33:59] : REQUEST MEAS. ON
[20:34:06] : REQUEST MEAS. OFF
[20:34:06] : 측정요구 ON 2
[20:34:13] : 측정요구 2OFF
[20:34:13] : 61,20181219-203414,AL18121450546,,OK,MAX,1,2,AUTO,0.10,4.40,0.31,OK,0.10,4.40,0.19,OK,
[20:34:44] : REQUEST MEAS. ON
[20:34:51] : REQUEST MEAS. OFF
[20:34:52] : 측정요구 ON 2
[20:34:59] : 측정요구 2OFF
[20:34:59] : 61,20181219-203459,AL18121450346,,OK,MAX,1,2,AUTO,0.10,4.40,0.21,OK,0.10,4.40,0.20,OK,
[20:35:35] : REQUEST MEAS. ON
[20:35:42] : REQUEST MEAS. OFF
[20:35:42] : 측정요구 ON 2
[20:35:49] : 측정요구 2OFF
[20:35:49] : 61,20181219-203550,AL18121450496,,OK,MAX,1,2,AUTO,0.10,4.40,0.95,OK,0.10,4.40,0.57,OK,
[20:36:18] : REQUEST MEAS. ON
[20:36:25] : REQUEST MEAS. OFF
[20:36:25] : 측정요구 ON 2
[20:36:32] : 측정요구 2OFF
[20:36:32] : 61,20181219-203633,AL18121450266,,OK,MAX,1,2,AUTO,0.10,4.40,0.47,OK,0.10,4.40,0.62,OK,
[20:36:53] : MEAS ESC OFF
[20:36:53] : AUTO RUNNING OFF
[20:38:59] : MEAS ESC ON
[20:39:00] : AUTO RUNNING ON
[20:39:06] : MEAS ESC OFF
[20:39:06] : AUTO RUNNING OFF
[20:39:21] : MEAS ESC ON
[20:39:22] : AUTO RUNNING ON
[20:39:26] : MEAS ESC OFF
[20:39:26] : AUTO RUNNING OFF
[20:39:32] : MEAS ESC ON
[20:39:33] : AUTO RUNNING ON
[20:39:42] : MEAS ESC OFF
[20:39:42] : AUTO RUNNING OFF
[20:39:44] : MEAS ESC ON
[20:39:44] : AUTO RUNNING ON
[20:39:51] : MEAS ESC OFF
[20:39:51] : AUTO RUNNING OFF
[20:39:57] : MEAS ESC ON
[20:39:58] : AUTO RUNNING ON
[20:40:00] : MEAS ESC OFF
[20:40:00] : AUTO RUNNING OFF
[20:40:11] : MEAS ESC ON
[20:40:15] : MEAS ESC OFF
[20:40:20] : MEAS ESC ON
[20:40:21] : AUTO RUNNING ON
[20:40:27] : MEAS ESC OFF
[20:40:27] : AUTO RUNNING OFF
[20:42:57] : MEAS ESC ON
[20:42:58] : AUTO RUNNING ON
[20:43:06] : MEAS ESC OFF
[20:43:06] : AUTO RUNNING OFF
[20:58:01] : MEAS ESC ON
[20:58:02] : AUTO RUNNING ON
[20:58:11] : MEAS ESC OFF
[20:58:11] : AUTO RUNNING OFF
[20:58:24] : MEAS ESC ON
[20:58:24] : AUTO RUNNING ON
[20:58:51] : REQUEST MEAS. ON
[20:58:58] : REQUEST MEAS. OFF
[20:58:58] : 측정요구 ON 2
[20:59:06] : 측정요구 2OFF
[20:59:06] : 61,20181219-205906,AL18121450976,,OK,MAX,1,2,AUTO,0.10,4.40,0.54,OK,0.10,4.40,0.55,OK,
[20:59:23] : MEAS ESC OFF
[20:59:23] : AUTO RUNNING OFF
[21:00:20] : MEAS ESC ON
[21:00:20] : AUTO RUNNING ON
[21:00:58] : MEAS ESC OFF
[21:00:58] : AUTO RUNNING OFF
[21:01:06] : MEAS ESC ON
[21:01:06] : AUTO RUNNING ON
[21:01:15] : MEAS ESC OFF
[21:01:15] : AUTO RUNNING OFF
[21:07:51] : MEAS ESC ON
[21:07:56] : MEAS ESC OFF
[21:08:05] : MEAS ESC ON
[21:08:05] : AUTO RUNNING ON
[21:08:28] : REQUEST MEAS. ON
[21:08:35] : REQUEST MEAS. OFF
[21:08:35] : 측정요구 ON 2
[21:08:43] : 측정요구 2OFF
[21:08:43] : 61,20181219-210843,AL18121450556,,OK,MAX,1,2,AUTO,0.10,4.40,0.42,OK,0.10,4.40,0.26,OK,
[21:09:13] : REQUEST MEAS. ON
[21:09:20] : REQUEST MEAS. OFF
[21:09:20] : 측정요구 ON 2
[21:09:28] : 측정요구 2OFF
[21:09:28] : 61,20181219-210929,AL18121450956,,OK,MAX,1,2,AUTO,0.10,4.40,0.40,OK,0.10,4.40,0.39,OK,
[21:09:57] : REQUEST MEAS. ON
[21:10:04] : REQUEST MEAS. OFF
[21:10:04] : 측정요구 ON 2
[21:10:11] : 측정요구 2OFF
[21:10:11] : 61,20181219-211012,AL18121450526,,OK,MAX,1,2,AUTO,0.10,4.40,0.17,OK,0.10,4.40,0.69,OK,
[21:10:39] : REQUEST MEAS. ON
[21:10:46] : REQUEST MEAS. OFF
[21:10:47] : 측정요구 ON 2
[21:10:54] : 측정요구 2OFF
[21:10:54] : 61,20181219-211054,AL18121450466,,OK,MAX,1,2,AUTO,0.10,4.40,0.79,OK,0.10,4.40,1.07,OK,
[21:11:22] : REQUEST MEAS. ON
[21:11:25] : AUTO RUNNING OFF
[21:11:25] : REQUEST MEAS. OFF
[21:11:25] : 0
[21:11:35] : MEAS ESC OFF
[21:17:09] : MEAS ESC ON
[21:17:10] : AUTO RUNNING ON
[21:17:30] : REQUEST MEAS. ON
[21:17:37] : REQUEST MEAS. OFF
[21:17:37] : 측정요구 ON 2
[21:17:44] : 측정요구 2OFF
[21:17:44] : 61,20181219-211745,AL18121450506,,OK,MAX,1,2,AUTO,0.10,4.40,0.31,OK,0.10,4.40,0.22,OK,
[21:22:11] : REQUEST MEAS. ON
[21:22:18] : REQUEST MEAS. OFF
[21:22:18] : 측정요구 ON 2
[21:22:26] : 측정요구 2OFF
[21:22:26] : 61,20181219-212226,AL18121450536,,OK,MAX,1,2,AUTO,0.10,4.40,0.12,OK,0.10,4.40,0.17,OK,
[21:22:53] : REQUEST MEAS. ON
[21:23:01] : REQUEST MEAS. OFF
[21:23:01] : 측정요구 ON 2
[21:23:08] : 측정요구 2OFF
[21:23:08] : 61,20181219-212309,AL18121450436,,OK,MAX,1,2,AUTO,0.10,4.40,0.32,OK,0.10,4.40,0.33,OK,
[21:23:41] : REQUEST MEAS. ON
[21:23:48] : REQUEST MEAS. OFF
[21:23:48] : 측정요구 ON 2
[21:23:56] : 측정요구 2OFF
[21:23:56] : 61,20181219-212356,AL18121450306,,OK,MAX,1,2,AUTO,0.10,4.40,0.31,OK,0.10,4.40,0.32,OK,
[21:24:30] : REQUEST MEAS. ON
[21:24:37] : REQUEST MEAS. OFF
[21:24:37] : 측정요구 ON 2
[21:24:44] : 측정요구 2OFF
[21:24:44] : 61,20181219-212445,AL18121450716,,OK,MAX,1,2,AUTO,0.10,4.40,0.31,OK,0.10,4.40,0.23,OK,
[21:26:18] : REQUEST MEAS. ON
[21:26:25] : REQUEST MEAS. OFF
[21:26:25] : 측정요구 ON 2
[21:26:33] : 측정요구 2OFF
[21:26:33] : 61,20181219-212633,AL18121450296,,OK,MAX,1,2,AUTO,0.10,4.40,0.41,OK,0.10,4.40,0.37,OK,
[21:27:00] : REQUEST MEAS. ON
[21:27:07] : REQUEST MEAS. OFF
[21:27:08] : 측정요구 ON 2
[21:27:15] : 측정요구 2OFF
[21:27:15] : 61,20181219-212716,AL18121450336,,OK,MAX,1,2,AUTO,0.10,4.40,0.21,OK,0.10,4.40,0.22,OK,
[21:32:34] : MEAS ESC OFF
[21:32:34] : AUTO RUNNING OFF
 
