[22:52:33] : PROGRAM START
[22:52:36] : AUTO RUNNING OFF
[22:52:36] : REQUEST MEAS. OFF
[22:52:36] : REQUEST ZEROSET OFF
[22:52:36] : REQUEST ZEROSET OFF
[22:53:21] : REQUEST MEAS. ON
[22:53:28] : REQUEST MEAS. OFF
[22:53:28] : 0
[22:53:28] : 측정요구 ON 2
[22:53:36] : 측정요구 2OFF
[22:53:36] : 0
[22:57:22] : REQUEST MEAS. ON
[22:57:29] : REQUEST MEAS. OFF
[22:57:29] : 0
[22:57:29] : 측정요구 ON 2
[22:57:37] : 측정요구 2OFF
[22:57:37] : 0
[22:57:58] : REQUEST MEAS. ON
[22:58:05] : REQUEST MEAS. OFF
[22:58:05] : 0
[22:58:05] : 측정요구 ON 2
[22:58:12] : 측정요구 2OFF
[22:58:12] : 0
[22:58:46] : REQUEST MEAS. ON
[22:58:54] : REQUEST MEAS. OFF
[22:58:54] : 0
[22:58:54] : 측정요구 ON 2
[22:59:01] : 측정요구 2OFF
[22:59:01] : 0
[22:59:20] : REQUEST MEAS. ON
[22:59:27] : REQUEST MEAS. OFF
[22:59:27] : 0
[22:59:27] : 측정요구 ON 2
[22:59:35] : 측정요구 2OFF
[22:59:35] : 0
[23:00:11] : REQUEST MEAS. ON
[23:00:19] : REQUEST MEAS. OFF
[23:00:19] : 0
[23:00:19] : 측정요구 ON 2
[23:00:27] : 측정요구 2OFF
[23:00:27] : 0
[23:00:48] : REQUEST MEAS. ON
[23:00:55] : REQUEST MEAS. OFF
[23:00:55] : 0
[23:00:55] : 측정요구 ON 2
[23:01:02] : 측정요구 2OFF
[23:01:02] : 0
[23:04:23] : REQUEST MEAS. ON
[23:04:30] : REQUEST MEAS. OFF
[23:04:30] : 0
[23:04:30] : 측정요구 ON 2
[23:04:37] : 측정요구 2OFF
[23:04:37] : 0
[23:07:01] : REQUEST MEAS. ON
[23:07:08] : REQUEST MEAS. OFF
[23:07:08] : 0
[23:07:08] : 측정요구 ON 2
[23:07:15] : 측정요구 2OFF
[23:07:15] : 0
[23:07:42] : REQUEST MEAS. ON
[23:07:49] : REQUEST MEAS. OFF
[23:07:49] : 0
[23:07:49] : 측정요구 ON 2
[23:07:56] : 측정요구 2OFF
[23:07:56] : 0
[23:09:15] : REQUEST MEAS. ON
[23:09:23] : REQUEST MEAS. OFF
[23:09:23] : 0
[23:09:23] : 측정요구 ON 2
[23:09:30] : 측정요구 2OFF
[23:09:30] : 0
[23:10:06] : REQUEST MEAS. ON
[23:10:13] : REQUEST MEAS. OFF
[23:10:13] : 0
[23:10:13] : 측정요구 ON 2
[23:10:21] : 측정요구 2OFF
[23:10:21] : 0
[23:10:42] : REQUEST MEAS. ON
[23:10:49] : REQUEST MEAS. OFF
[23:10:49] : 0
[23:10:49] : 측정요구 ON 2
[23:10:57] : 측정요구 2OFF
[23:10:57] : 0
[23:17:27] : REQUEST MEAS. ON
[23:17:34] : REQUEST MEAS. OFF
[23:17:34] : 0
[23:17:34] : 측정요구 ON 2
[23:17:42] : 측정요구 2OFF
[23:17:42] : 0
[23:18:24] : REQUEST MEAS. ON
[23:18:31] : REQUEST MEAS. OFF
[23:18:31] : 0
[23:18:31] : 측정요구 ON 2
[23:18:38] : 측정요구 2OFF
[23:18:38] : 0
[23:18:39] : REQUEST MEAS. ON
[23:18:46] : REQUEST MEAS. OFF
[23:18:46] : 0
[23:18:46] : 측정요구 ON 2
[23:18:54] : 측정요구 2OFF
[23:18:54] : 0
[23:19:28] : REQUEST MEAS. ON
[23:19:35] : REQUEST MEAS. OFF
[23:19:36] : 0
[23:19:36] : 측정요구 ON 2
[23:22:03] : 측정요구 2OFF
[23:22:04] : 0
[23:23:38] : REQUEST MEAS. ON
[23:23:45] : REQUEST MEAS. OFF
[23:23:45] : 0
[23:23:45] : 측정요구 ON 2
[23:28:23] : 측정요구 2OFF
[23:28:23] : 0
[23:29:07] : REQUEST MEAS. ON
[23:29:14] : REQUEST MEAS. OFF
[23:29:14] : 0
[23:29:14] : 측정요구 ON 2
[23:32:26] : REQUEST MEAS. ON
[23:32:33] : REQUEST MEAS. OFF
[23:32:33] : 0
[23:36:09] : 측정요구 2OFF
[23:43:49] : REQUEST MEAS. ON
[23:43:56] : REQUEST MEAS. OFF
[23:43:56] : 0
[23:43:56] : 측정요구 ON 2
[00:02:18] : 측정요구 2OFF
[00:02:18] : 0
 
[00:02:41] : REQUEST MEAS. ON
[00:02:48] : REQUEST MEAS. OFF
[00:02:48] : 0
[00:02:48] : 측정요구 ON 2
[00:02:56] : 측정요구 2OFF
[00:02:56] : 0
[00:03:17] : REQUEST MEAS. ON
[00:03:24] : REQUEST MEAS. OFF
[00:03:24] : 0
[00:03:24] : 측정요구 ON 2
[00:03:32] : 측정요구 2OFF
[00:03:32] : 0
[00:06:48] : REQUEST MEAS. ON
[00:06:55] : REQUEST MEAS. OFF
[00:06:55] : 0
[00:06:55] : 측정요구 ON 2
[00:07:02] : 측정요구 2OFF
[00:07:02] : 0
[00:07:32] : REQUEST MEAS. ON
[00:07:39] : REQUEST MEAS. OFF
[00:07:39] : 0
[00:07:39] : 측정요구 ON 2
[00:07:46] : 측정요구 2OFF
[00:07:46] : 0
[00:09:40] : REQUEST MEAS. ON
[00:09:47] : REQUEST MEAS. OFF
[00:09:47] : 0
[00:09:47] : 측정요구 ON 2
[00:09:55] : 측정요구 2OFF
[00:09:55] : 0
[00:10:33] : REQUEST MEAS. ON
[00:10:40] : REQUEST MEAS. OFF
[00:10:40] : 0
[00:10:40] : 측정요구 ON 2
[00:10:48] : 측정요구 2OFF
[00:10:48] : 0
[00:11:16] : REQUEST MEAS. ON
[00:11:23] : REQUEST MEAS. OFF
[00:11:23] : 0
[00:11:23] : 측정요구 ON 2
[00:11:31] : 측정요구 2OFF
[00:11:31] : 0
[00:12:17] : REQUEST MEAS. ON
[00:12:24] : REQUEST MEAS. OFF
[00:12:24] : 0
[00:12:24] : 측정요구 ON 2
[00:12:32] : 측정요구 2OFF
[00:12:32] : 0
[00:12:57] : REQUEST MEAS. ON
[00:13:04] : REQUEST MEAS. OFF
[00:13:04] : 0
[00:13:04] : 측정요구 ON 2
[00:18:10] : 측정요구 2OFF
[00:18:10] : 0
[00:21:57] : REQUEST MEAS. ON
[00:22:04] : REQUEST MEAS. OFF
[00:22:04] : 0
[00:22:04] : 측정요구 ON 2
[00:23:59] : 측정요구 2OFF
[00:23:59] : 0
[00:27:14] : REQUEST MEAS. ON
[00:27:21] : REQUEST MEAS. OFF
[00:27:21] : 0
[00:27:21] : 측정요구 ON 2
[00:30:28] : 측정요구 2OFF
[00:30:28] : 0
[00:31:25] : REQUEST MEAS. ON
[00:31:32] : REQUEST MEAS. OFF
[00:31:32] : 0
[00:31:32] : 측정요구 ON 2
[00:32:47] : 측정요구 2OFF
[00:32:47] : 0
[00:38:45] : REQUEST MEAS. ON
[00:38:52] : REQUEST MEAS. OFF
[00:38:52] : 0
[00:38:52] : 측정요구 ON 2
[00:39:00] : 측정요구 2OFF
[00:39:00] : 0
[00:39:45] : REQUEST MEAS. ON
[00:39:52] : REQUEST MEAS. OFF
[00:39:52] : 0
[00:39:52] : 측정요구 ON 2
[00:39:59] : 측정요구 2OFF
[00:39:59] : 0
[00:41:45] : REQUEST MEAS. ON
[00:41:52] : REQUEST MEAS. OFF
[00:41:52] : 0
[00:41:52] : 측정요구 ON 2
[00:42:00] : 측정요구 2OFF
[00:42:00] : 0
[00:42:35] : REQUEST MEAS. ON
[00:42:42] : REQUEST MEAS. OFF
[00:42:42] : 0
[00:42:42] : 측정요구 ON 2
[00:45:13] : 측정요구 2OFF
[00:45:13] : 0
[00:45:13] : REQUEST MEAS. ON
[00:45:20] : REQUEST MEAS. OFF
[00:45:20] : 0
[00:45:20] : 측정요구 ON 2
[00:45:31] : 측정요구 2OFF
[00:45:31] : 0
[00:45:31] : REQUEST MEAS. ON
[00:45:38] : REQUEST MEAS. OFF
[00:45:38] : 0
[00:45:38] : 측정요구 ON 2
[00:45:49] : 측정요구 2OFF
[00:45:49] : 0
[00:45:49] : REQUEST MEAS. ON
[00:45:57] : REQUEST MEAS. OFF
[00:45:57] : 0
[00:45:57] : 측정요구 ON 2
[00:46:07] : 측정요구 2OFF
[00:46:07] : 0
[00:46:07] : REQUEST MEAS. ON
[00:46:15] : REQUEST MEAS. OFF
[00:46:15] : 0
[00:46:15] : 측정요구 ON 2
[00:46:25] : 측정요구 2OFF
[00:46:25] : 0
[00:46:25] : REQUEST MEAS. ON
[00:46:33] : REQUEST MEAS. OFF
[00:46:33] : 0
[00:46:33] : 측정요구 ON 2
[00:46:44] : 측정요구 2OFF
[00:46:44] : 0
[00:46:44] : REQUEST MEAS. ON
[00:46:51] : REQUEST MEAS. OFF
[00:46:51] : 0
[00:46:51] : 측정요구 ON 2
[00:47:00] : 측정요구 2OFF
[00:47:00] : 0
[00:47:00] : REQUEST MEAS. ON
[00:47:08] : REQUEST MEAS. OFF
[00:47:08] : 0
[00:47:08] : 측정요구 ON 2
[00:47:17] : 측정요구 2OFF
[00:47:17] : 0
[00:47:17] : REQUEST MEAS. ON
[00:47:24] : REQUEST MEAS. OFF
[00:47:24] : 0
[00:47:24] : 측정요구 ON 2
[00:47:33] : 측정요구 2OFF
[00:47:33] : 0
[00:47:33] : REQUEST MEAS. ON
[00:47:41] : REQUEST MEAS. OFF
[00:47:41] : 0
[00:47:41] : 측정요구 ON 2
[00:47:48] : 측정요구 2OFF
[00:47:48] : 0
[00:48:17] : REQUEST MEAS. ON
[00:48:24] : REQUEST MEAS. OFF
[00:48:25] : 0
[00:48:25] : 측정요구 ON 2
[00:48:33] : 측정요구 2OFF
[00:48:33] : 0
[00:48:33] : REQUEST MEAS. ON
[00:48:41] : REQUEST MEAS. OFF
[00:48:41] : 0
[00:48:41] : 측정요구 ON 2
[00:48:50] : 측정요구 2OFF
[00:48:50] : 0
[00:48:50] : REQUEST MEAS. ON
[00:48:58] : REQUEST MEAS. OFF
[00:48:58] : 0
[00:48:58] : 측정요구 ON 2
[00:49:07] : 측정요구 2OFF
[00:49:07] : 0
[00:49:07] : REQUEST MEAS. ON
[00:49:14] : REQUEST MEAS. OFF
[00:49:14] : 0
[00:49:14] : 측정요구 ON 2
[00:49:23] : 측정요구 2OFF
[00:49:23] : 0
[00:49:23] : REQUEST MEAS. ON
[00:49:31] : REQUEST MEAS. OFF
[00:49:31] : 0
[00:49:31] : 측정요구 ON 2
[00:49:39] : 측정요구 2OFF
[00:49:40] : 0
[00:49:40] : REQUEST MEAS. ON
[00:49:47] : REQUEST MEAS. OFF
[00:49:47] : 0
[00:49:47] : 측정요구 ON 2
[00:49:55] : 측정요구 2OFF
[00:49:55] : 0
[00:49:55] : REQUEST MEAS. ON
[00:50:03] : REQUEST MEAS. OFF
[00:50:03] : 0
[00:50:03] : 측정요구 ON 2
[00:50:12] : 측정요구 2OFF
[00:50:12] : 0
[00:50:12] : REQUEST MEAS. ON
[00:50:20] : REQUEST MEAS. OFF
[00:50:20] : 0
[00:50:20] : 측정요구 ON 2
[00:50:28] : 측정요구 2OFF
[00:50:28] : 0
[00:50:28] : REQUEST MEAS. ON
[00:50:36] : REQUEST MEAS. OFF
[00:50:36] : 0
[00:50:36] : 측정요구 ON 2
[00:50:44] : 측정요구 2OFF
[00:50:44] : 0
[00:50:44] : REQUEST MEAS. ON
[00:50:52] : REQUEST MEAS. OFF
[00:50:52] : 0
[00:50:52] : 측정요구 ON 2
[00:51:01] : 측정요구 2OFF
[00:51:01] : 0
[00:51:01] : REQUEST MEAS. ON
[00:51:09] : REQUEST MEAS. OFF
[00:51:09] : 0
[00:51:09] : 측정요구 ON 2
[00:51:18] : 측정요구 2OFF
[00:51:18] : 0
[00:51:18] : REQUEST MEAS. ON
[00:51:25] : REQUEST MEAS. OFF
[00:51:25] : 0
[00:51:25] : 측정요구 ON 2
[00:51:34] : 측정요구 2OFF
[00:51:34] : 0
[00:51:34] : REQUEST MEAS. ON
[00:51:42] : REQUEST MEAS. OFF
[00:51:42] : 0
[00:51:42] : 측정요구 ON 2
[00:51:50] : 측정요구 2OFF
[00:51:50] : 0
[00:51:50] : REQUEST MEAS. ON
[00:51:58] : REQUEST MEAS. OFF
[00:51:58] : 0
[00:51:58] : 측정요구 ON 2
[00:52:06] : 측정요구 2OFF
[00:52:07] : 0
[00:52:07] : REQUEST MEAS. ON
[00:52:14] : REQUEST MEAS. OFF
[00:52:14] : 0
[00:52:14] : 측정요구 ON 2
[00:52:23] : 측정요구 2OFF
[00:52:23] : 0
[00:52:23] : REQUEST MEAS. ON
[00:52:31] : REQUEST MEAS. OFF
[00:52:31] : 0
[00:52:31] : 측정요구 ON 2
[00:52:39] : 측정요구 2OFF
[00:52:40] : 0
[00:52:40] : REQUEST MEAS. ON
[00:52:47] : REQUEST MEAS. OFF
[00:52:47] : 0
[00:52:47] : 측정요구 ON 2
[00:52:56] : 측정요구 2OFF
[00:52:56] : 0
[00:52:56] : REQUEST MEAS. ON
[00:53:03] : REQUEST MEAS. OFF
[00:53:03] : 0
[00:53:03] : 측정요구 ON 2
[00:53:11] : 측정요구 2OFF
[00:53:11] : 0
[00:53:13] : REQUEST MEAS. ON
[00:53:20] : REQUEST MEAS. OFF
[00:53:20] : 0
[00:53:20] : 측정요구 ON 2
[00:53:27] : 측정요구 2OFF
[00:53:27] : 0
[00:53:29] : REQUEST MEAS. ON
[00:53:36] : REQUEST MEAS. OFF
[00:53:36] : 0
[00:53:36] : 측정요구 ON 2
[00:53:44] : 측정요구 2OFF
[00:53:44] : 0
[00:53:45] : REQUEST MEAS. ON
[00:53:52] : REQUEST MEAS. OFF
[00:53:53] : 0
[00:53:53] : 측정요구 ON 2
[00:54:00] : 측정요구 2OFF
[00:54:00] : 0
[00:54:02] : REQUEST MEAS. ON
[00:54:09] : REQUEST MEAS. OFF
[00:54:09] : 0
[00:54:09] : 측정요구 ON 2
[00:54:17] : 측정요구 2OFF
[00:54:17] : 0
[00:57:40] : REQUEST MEAS. ON
[00:57:47] : REQUEST MEAS. OFF
[00:57:47] : 0
[00:57:47] : 측정요구 ON 2
[00:57:55] : 측정요구 2OFF
[00:57:55] : 0
[00:57:57] : REQUEST MEAS. ON
[00:58:04] : REQUEST MEAS. OFF
[00:58:04] : 0
[00:58:04] : 측정요구 ON 2
[00:58:12] : 측정요구 2OFF
[00:58:12] : 0
[00:58:54] : REQUEST MEAS. ON
[00:59:01] : REQUEST MEAS. OFF
[00:59:01] : 0
[00:59:01] : 측정요구 ON 2
[00:59:08] : 측정요구 2OFF
[00:59:08] : 0
[00:59:10] : REQUEST MEAS. ON
[00:59:17] : REQUEST MEAS. OFF
[00:59:17] : 0
[00:59:17] : 측정요구 ON 2
[00:59:25] : 측정요구 2OFF
[00:59:25] : 0
[00:59:26] : REQUEST MEAS. ON
[00:59:33] : REQUEST MEAS. OFF
[00:59:33] : 0
[00:59:33] : 측정요구 ON 2
[00:59:41] : 측정요구 2OFF
[00:59:41] : 0
[00:59:43] : REQUEST MEAS. ON
[00:59:50] : REQUEST MEAS. OFF
[00:59:50] : 0
[00:59:50] : 측정요구 ON 2
[00:59:58] : 측정요구 2OFF
[00:59:58] : 0
[00:59:59] : REQUEST MEAS. ON
[01:00:06] : REQUEST MEAS. OFF
[01:00:06] : 0
[01:00:06] : 측정요구 ON 2
[01:00:14] : 측정요구 2OFF
[01:00:14] : 0
[01:00:16] : REQUEST MEAS. ON
[01:00:23] : REQUEST MEAS. OFF
[01:00:23] : 0
[01:00:23] : 측정요구 ON 2
[01:00:31] : 측정요구 2OFF
[01:00:31] : 0
[01:00:32] : REQUEST MEAS. ON
[01:00:39] : REQUEST MEAS. OFF
[01:00:39] : 0
[01:00:39] : 측정요구 ON 2
[01:00:47] : 측정요구 2OFF
[01:00:47] : 0
[01:00:48] : REQUEST MEAS. ON
[01:00:55] : REQUEST MEAS. OFF
[01:00:55] : 0
[01:00:55] : 측정요구 ON 2
[01:01:03] : 측정요구 2OFF
[01:01:03] : 0
[01:01:43] : REQUEST MEAS. ON
[01:01:50] : REQUEST MEAS. OFF
[01:01:50] : 0
[01:01:50] : 측정요구 ON 2
[01:01:57] : 측정요구 2OFF
[01:01:57] : 0
[01:01:59] : REQUEST MEAS. ON
[01:02:06] : REQUEST MEAS. OFF
[01:02:06] : 0
[01:02:06] : 측정요구 ON 2
[01:02:14] : 측정요구 2OFF
[01:02:14] : 0
[01:02:15] : REQUEST MEAS. ON
[01:02:22] : REQUEST MEAS. OFF
[01:02:22] : 0
[01:02:22] : 측정요구 ON 2
[01:02:30] : 측정요구 2OFF
[01:02:30] : 0
[01:02:32] : REQUEST MEAS. ON
[01:02:39] : REQUEST MEAS. OFF
[01:02:39] : 0
[01:02:39] : 측정요구 ON 2
[01:02:46] : 측정요구 2OFF
[01:02:46] : 0
[01:02:48] : REQUEST MEAS. ON
[01:02:56] : REQUEST MEAS. OFF
[01:02:56] : 0
[01:02:56] : 측정요구 ON 2
[01:03:03] : 측정요구 2OFF
[01:03:03] : 0
[01:03:05] : REQUEST MEAS. ON
[01:03:12] : REQUEST MEAS. OFF
[01:03:12] : 0
[01:03:12] : 측정요구 ON 2
[01:03:19] : 측정요구 2OFF
[01:03:19] : 0
[01:04:13] : REQUEST MEAS. ON
[01:04:20] : REQUEST MEAS. OFF
[01:04:20] : 0
[01:04:20] : 측정요구 ON 2
[01:04:27] : 측정요구 2OFF
[01:04:27] : 0
[01:07:50] : REQUEST MEAS. ON
[01:07:57] : REQUEST MEAS. OFF
[01:07:57] : 0
[01:07:57] : 측정요구 ON 2
[01:08:05] : 측정요구 2OFF
[01:08:05] : 0
[01:08:07] : REQUEST MEAS. ON
[01:08:14] : REQUEST MEAS. OFF
[01:08:14] : 0
[01:08:14] : 측정요구 ON 2
[01:08:21] : 측정요구 2OFF
[01:08:21] : 0
[01:08:23] : REQUEST MEAS. ON
[01:08:30] : REQUEST MEAS. OFF
[01:08:30] : 0
[01:08:30] : 측정요구 ON 2
[01:08:38] : 측정요구 2OFF
[01:08:38] : 0
[01:08:39] : REQUEST MEAS. ON
[01:08:46] : REQUEST MEAS. OFF
[01:08:46] : 0
[01:08:46] : 측정요구 ON 2
[01:08:54] : 측정요구 2OFF
[01:08:54] : 0
[01:08:55] : REQUEST MEAS. ON
[01:09:02] : REQUEST MEAS. OFF
[01:09:02] : 0
[01:09:02] : 측정요구 ON 2
[01:09:10] : 측정요구 2OFF
[01:09:10] : 0
[01:12:11] : REQUEST MEAS. ON
[01:12:18] : REQUEST MEAS. OFF
[01:12:18] : 0
[01:12:18] : 측정요구 ON 2
[01:12:26] : 측정요구 2OFF
[01:12:26] : 0
[01:13:18] : REQUEST MEAS. ON
[01:13:25] : REQUEST MEAS. OFF
[01:13:25] : 0
[01:13:25] : 측정요구 ON 2
[01:13:32] : 측정요구 2OFF
[01:13:32] : 0
[01:13:34] : REQUEST MEAS. ON
[01:13:41] : REQUEST MEAS. OFF
[01:13:41] : 0
[01:13:41] : 측정요구 ON 2
[01:13:49] : 측정요구 2OFF
[01:13:49] : 0
[01:14:55] : REQUEST MEAS. ON
[01:15:02] : REQUEST MEAS. OFF
[01:15:02] : 0
[01:15:02] : 측정요구 ON 2
[01:15:10] : 측정요구 2OFF
[01:15:10] : 0
[01:16:32] : REQUEST MEAS. ON
[01:16:39] : REQUEST MEAS. OFF
[01:16:39] : 0
[01:16:39] : 측정요구 ON 2
[01:16:47] : 측정요구 2OFF
[01:16:47] : 0
[01:16:49] : REQUEST MEAS. ON
[01:16:56] : REQUEST MEAS. OFF
[01:16:56] : 0
[01:16:56] : 측정요구 ON 2
[01:17:03] : 측정요구 2OFF
[01:17:03] : 0
[01:17:05] : REQUEST MEAS. ON
[01:17:12] : REQUEST MEAS. OFF
[01:17:12] : 0
[01:17:12] : 측정요구 ON 2
[01:17:20] : 측정요구 2OFF
[01:17:20] : 0
[01:17:21] : REQUEST MEAS. ON
[01:17:28] : REQUEST MEAS. OFF
[01:17:28] : 0
[01:17:28] : 측정요구 ON 2
[01:17:36] : 측정요구 2OFF
[01:17:36] : 0
[01:17:38] : REQUEST MEAS. ON
[01:17:45] : REQUEST MEAS. OFF
[01:17:45] : 0
[01:17:45] : 측정요구 ON 2
[01:17:52] : 측정요구 2OFF
[01:17:52] : 0
[01:17:54] : REQUEST MEAS. ON
[01:18:01] : REQUEST MEAS. OFF
[01:18:01] : 0
[01:18:01] : 측정요구 ON 2
[01:18:09] : 측정요구 2OFF
[01:18:09] : 0
[01:18:10] : REQUEST MEAS. ON
[01:18:17] : REQUEST MEAS. OFF
[01:18:17] : 0
[01:18:17] : 측정요구 ON 2
[01:18:25] : 측정요구 2OFF
[01:18:25] : 0
[01:18:27] : REQUEST MEAS. ON
[01:18:34] : REQUEST MEAS. OFF
[01:18:34] : 0
[01:18:34] : 측정요구 ON 2
[01:18:42] : 측정요구 2OFF
[01:18:42] : 0
[01:18:43] : REQUEST MEAS. ON
[01:18:50] : REQUEST MEAS. OFF
[01:18:50] : 0
[01:18:50] : 측정요구 ON 2
[01:18:58] : 측정요구 2OFF
[01:18:58] : 0
[01:19:00] : REQUEST MEAS. ON
[01:19:07] : REQUEST MEAS. OFF
[01:19:07] : 0
[01:19:07] : 측정요구 ON 2
[01:19:15] : 측정요구 2OFF
[01:19:15] : 0
[01:19:16] : REQUEST MEAS. ON
[01:19:23] : REQUEST MEAS. OFF
[01:19:23] : 0
[01:19:23] : 측정요구 ON 2
[01:19:31] : 측정요구 2OFF
[01:19:31] : 0
[01:19:33] : REQUEST MEAS. ON
[01:19:40] : REQUEST MEAS. OFF
[01:19:40] : 0
[01:19:40] : 측정요구 ON 2
[01:19:47] : 측정요구 2OFF
[01:19:47] : 0
[01:19:49] : REQUEST MEAS. ON
[01:19:56] : REQUEST MEAS. OFF
[01:19:56] : 0
[01:19:56] : 측정요구 ON 2
[01:20:04] : 측정요구 2OFF
[01:20:04] : 0
[01:20:06] : REQUEST MEAS. ON
[01:20:13] : REQUEST MEAS. OFF
[01:20:13] : 0
[01:20:13] : 측정요구 ON 2
[01:20:21] : 측정요구 2OFF
[01:20:21] : 0
[01:20:23] : REQUEST MEAS. ON
[01:20:30] : REQUEST MEAS. OFF
[01:20:30] : 0
[01:20:30] : 측정요구 ON 2
[01:20:38] : 측정요구 2OFF
[01:20:38] : 0
[01:20:40] : REQUEST MEAS. ON
[01:20:47] : REQUEST MEAS. OFF
[01:20:47] : 0
[01:20:47] : 측정요구 ON 2
[01:20:54] : 측정요구 2OFF
[01:20:54] : 0
[01:20:57] : REQUEST MEAS. ON
[01:21:04] : REQUEST MEAS. OFF
[01:21:04] : 0
[01:21:04] : 측정요구 ON 2
[01:21:11] : 측정요구 2OFF
[01:21:11] : 0
[01:21:14] : REQUEST MEAS. ON
[01:21:21] : REQUEST MEAS. OFF
[01:21:21] : 0
[01:21:21] : 측정요구 ON 2
[01:21:28] : 측정요구 2OFF
[01:21:28] : 0
[01:21:31] : REQUEST MEAS. ON
[01:21:38] : REQUEST MEAS. OFF
[01:21:38] : 0
[01:21:38] : 측정요구 ON 2
[01:21:45] : 측정요구 2OFF
[01:21:45] : 0
[01:21:47] : REQUEST MEAS. ON
[01:21:54] : REQUEST MEAS. OFF
[01:21:54] : 0
[01:21:54] : 측정요구 ON 2
[01:22:02] : 측정요구 2OFF
[01:22:02] : 0
[01:22:04] : REQUEST MEAS. ON
[01:22:11] : REQUEST MEAS. OFF
[01:22:11] : 0
[01:22:11] : 측정요구 ON 2
[01:22:19] : 측정요구 2OFF
[01:22:19] : 0
[01:22:21] : REQUEST MEAS. ON
[01:22:28] : REQUEST MEAS. OFF
[01:22:28] : 0
[01:22:28] : 측정요구 ON 2
[01:22:35] : 측정요구 2OFF
[01:22:35] : 0
[01:22:38] : REQUEST MEAS. ON
[01:22:45] : REQUEST MEAS. OFF
[01:22:45] : 0
[01:22:45] : 측정요구 ON 2
[01:22:52] : 측정요구 2OFF
[01:22:52] : 0
[01:23:47] : REQUEST MEAS. ON
[01:23:54] : REQUEST MEAS. OFF
[01:23:54] : 0
[01:23:54] : 측정요구 ON 2
[01:24:01] : 측정요구 2OFF
[01:24:01] : 0
[01:24:35] : REQUEST MEAS. ON
[01:24:42] : REQUEST MEAS. OFF
[01:24:42] : 0
[01:24:42] : 측정요구 ON 2
[01:24:49] : 측정요구 2OFF
[01:24:49] : 0
[01:24:51] : REQUEST MEAS. ON
[01:24:58] : REQUEST MEAS. OFF
[01:24:58] : 0
[01:24:58] : 측정요구 ON 2
[01:25:05] : 측정요구 2OFF
[01:25:05] : 0
[01:25:08] : REQUEST MEAS. ON
[01:25:15] : REQUEST MEAS. OFF
[01:25:15] : 0
[01:25:15] : 측정요구 ON 2
[01:25:22] : 측정요구 2OFF
[01:25:22] : 0
[01:25:25] : REQUEST MEAS. ON
[01:25:32] : REQUEST MEAS. OFF
[01:25:32] : 0
[01:25:32] : 측정요구 ON 2
[01:25:39] : 측정요구 2OFF
[01:25:39] : 0
[01:25:42] : REQUEST MEAS. ON
[01:25:49] : REQUEST MEAS. OFF
[01:25:49] : 0
[01:25:49] : 측정요구 ON 2
[01:25:56] : 측정요구 2OFF
[01:25:56] : 0
[01:26:56] : REQUEST MEAS. ON
[01:27:03] : REQUEST MEAS. OFF
[01:27:03] : 0
[01:27:03] : 측정요구 ON 2
[01:27:11] : 측정요구 2OFF
[01:27:11] : 0
[01:27:14] : REQUEST MEAS. ON
[01:27:21] : REQUEST MEAS. OFF
[01:27:21] : 0
[01:27:21] : 측정요구 ON 2
[01:27:28] : 측정요구 2OFF
[01:27:28] : 0
[01:27:31] : REQUEST MEAS. ON
[01:27:38] : REQUEST MEAS. OFF
[01:27:38] : 0
[01:27:38] : 측정요구 ON 2
[01:27:45] : 측정요구 2OFF
[01:27:45] : 0
[01:28:30] : REQUEST MEAS. ON
[01:28:37] : REQUEST MEAS. OFF
[01:28:37] : 0
[01:28:37] : 측정요구 ON 2
[01:28:45] : 측정요구 2OFF
[01:28:45] : 0
[01:28:47] : REQUEST MEAS. ON
[01:28:54] : REQUEST MEAS. OFF
[01:28:54] : 0
[01:28:54] : 측정요구 ON 2
[01:29:02] : 측정요구 2OFF
[01:29:02] : 0
[01:29:04] : REQUEST MEAS. ON
[01:29:11] : REQUEST MEAS. OFF
[01:29:11] : 0
[01:29:11] : 측정요구 ON 2
[01:29:18] : 측정요구 2OFF
[01:29:18] : 0
[01:29:54] : REQUEST MEAS. ON
[01:30:01] : REQUEST MEAS. OFF
[01:30:01] : 0
[01:30:01] : 측정요구 ON 2
[01:30:08] : 측정요구 2OFF
[01:30:08] : 0
[01:30:11] : REQUEST MEAS. ON
[01:30:18] : REQUEST MEAS. OFF
[01:30:18] : 0
[01:30:18] : 측정요구 ON 2
[01:30:25] : 측정요구 2OFF
[01:30:25] : 0
[01:30:28] : REQUEST MEAS. ON
[01:30:35] : REQUEST MEAS. OFF
[01:30:35] : 0
[01:30:35] : 측정요구 ON 2
[01:30:42] : 측정요구 2OFF
[01:30:42] : 0
[01:30:45] : REQUEST MEAS. ON
[01:30:52] : REQUEST MEAS. OFF
[01:30:52] : 0
[01:30:52] : 측정요구 ON 2
[01:30:59] : 측정요구 2OFF
[01:30:59] : 0
[01:31:02] : REQUEST MEAS. ON
[01:31:09] : REQUEST MEAS. OFF
[01:31:09] : 0
[01:31:09] : 측정요구 ON 2
[01:31:16] : 측정요구 2OFF
[01:31:16] : 0
[01:31:48] : REQUEST MEAS. ON
[01:31:55] : REQUEST MEAS. OFF
[01:31:55] : 0
[01:31:55] : 측정요구 ON 2
[01:32:02] : 측정요구 2OFF
[01:32:02] : 0
[01:32:05] : REQUEST MEAS. ON
[01:32:12] : REQUEST MEAS. OFF
[01:32:12] : 0
[01:32:12] : 측정요구 ON 2
[01:32:19] : 측정요구 2OFF
[01:32:19] : 0
[01:32:22] : REQUEST MEAS. ON
[01:32:29] : REQUEST MEAS. OFF
[01:32:29] : 0
[01:32:29] : 측정요구 ON 2
[01:32:36] : 측정요구 2OFF
[01:32:36] : 0
[01:32:39] : REQUEST MEAS. ON
[01:32:46] : REQUEST MEAS. OFF
[01:32:46] : 0
[01:32:46] : 측정요구 ON 2
[01:32:53] : 측정요구 2OFF
[01:32:53] : 0
[01:32:56] : REQUEST MEAS. ON
[01:33:03] : REQUEST MEAS. OFF
[01:33:03] : 0
[01:33:03] : 측정요구 ON 2
[01:33:10] : 측정요구 2OFF
[01:33:10] : 0
[09:41:15] : REQUEST MEAS. ON
[09:41:22] : REQUEST MEAS. OFF
[09:41:22] : 0
[09:41:22] : 측정요구 ON 2
[09:41:30] : 측정요구 2OFF
[09:41:30] : 0
[09:41:32] : REQUEST MEAS. ON
[09:41:39] : REQUEST MEAS. OFF
[09:41:39] : 0
[09:41:39] : 측정요구 ON 2
[09:41:47] : 측정요구 2OFF
[09:41:47] : 0
[09:41:49] : REQUEST MEAS. ON
[09:41:56] : REQUEST MEAS. OFF
[09:41:56] : 0
[09:41:56] : 측정요구 ON 2
[09:42:04] : 측정요구 2OFF
[09:42:04] : 0
[09:42:06] : REQUEST MEAS. ON
[09:42:13] : REQUEST MEAS. OFF
[09:42:13] : 0
[09:42:13] : 측정요구 ON 2
[09:42:20] : 측정요구 2OFF
[09:42:20] : 0
[09:42:23] : REQUEST MEAS. ON
[09:42:30] : REQUEST MEAS. OFF
[09:42:30] : 0
[09:42:30] : 측정요구 ON 2
[09:42:37] : 측정요구 2OFF
[09:42:37] : 0
[09:48:15] : REQUEST MEAS. ON
[09:48:22] : REQUEST MEAS. OFF
[09:48:22] : 0
[09:48:22] : 측정요구 ON 2
[09:48:30] : 측정요구 2OFF
[09:48:30] : 0
[09:49:42] : REQUEST MEAS. ON
[09:49:49] : REQUEST MEAS. OFF
[09:49:49] : 0
[09:49:49] : 측정요구 ON 2
[09:49:56] : 측정요구 2OFF
[09:49:56] : 0
[09:50:41] : REQUEST MEAS. ON
[09:50:48] : REQUEST MEAS. OFF
[09:50:48] : 0
[09:50:48] : 측정요구 ON 2
[09:50:55] : 측정요구 2OFF
[09:50:55] : 0
[09:51:25] : REQUEST MEAS. ON
[09:51:33] : REQUEST MEAS. OFF
[09:51:33] : 0
[09:51:33] : 측정요구 ON 2
[09:51:40] : 측정요구 2OFF
[09:51:40] : 0
[09:52:35] : REQUEST MEAS. ON
[09:52:42] : REQUEST MEAS. OFF
[09:52:42] : 0
[09:52:42] : 측정요구 ON 2
[09:52:50] : 측정요구 2OFF
[09:52:50] : 0
[09:52:52] : REQUEST MEAS. ON
[09:52:59] : REQUEST MEAS. OFF
[09:52:59] : 0
[09:52:59] : 측정요구 ON 2
[09:53:06] : 측정요구 2OFF
[09:53:06] : 0
[09:53:09] : REQUEST MEAS. ON
[09:53:16] : REQUEST MEAS. OFF
[09:53:16] : 0
[09:53:16] : 측정요구 ON 2
[09:53:23] : 측정요구 2OFF
[09:53:23] : 0
[09:53:26] : REQUEST MEAS. ON
[09:53:33] : REQUEST MEAS. OFF
[09:53:33] : 0
[09:53:33] : 측정요구 ON 2
[09:53:40] : 측정요구 2OFF
[09:53:40] : 0
[09:53:42] : REQUEST MEAS. ON
[09:53:49] : REQUEST MEAS. OFF
[09:53:49] : 0
[09:53:49] : 측정요구 ON 2
[09:53:57] : 측정요구 2OFF
[09:53:57] : 0
[09:53:59] : REQUEST MEAS. ON
[09:54:06] : REQUEST MEAS. OFF
[09:54:06] : 0
[09:54:06] : 측정요구 ON 2
[09:54:14] : 측정요구 2OFF
[09:54:14] : 0
[09:54:16] : REQUEST MEAS. ON
[09:54:23] : REQUEST MEAS. OFF
[09:54:23] : 0
[09:54:23] : 측정요구 ON 2
[09:54:31] : 측정요구 2OFF
[09:54:31] : 0
[09:54:33] : REQUEST MEAS. ON
[09:54:40] : REQUEST MEAS. OFF
[09:54:40] : 0
[09:54:40] : 측정요구 ON 2
[09:54:48] : 측정요구 2OFF
[09:54:48] : 0
[09:54:50] : REQUEST MEAS. ON
[09:54:57] : REQUEST MEAS. OFF
[09:54:57] : 0
[09:54:57] : 측정요구 ON 2
[09:55:04] : 측정요구 2OFF
[09:55:04] : 0
[09:55:07] : REQUEST MEAS. ON
[09:55:14] : REQUEST MEAS. OFF
[09:55:14] : 0
[09:55:14] : 측정요구 ON 2
[09:55:21] : 측정요구 2OFF
[09:55:21] : 0
[09:55:23] : REQUEST MEAS. ON
[09:55:30] : REQUEST MEAS. OFF
[09:55:30] : 0
[09:55:30] : 측정요구 ON 2
[09:55:38] : 측정요구 2OFF
[09:55:38] : 0
[09:55:40] : REQUEST MEAS. ON
[09:55:47] : REQUEST MEAS. OFF
[09:55:47] : 0
[09:55:47] : 측정요구 ON 2
[09:55:55] : 측정요구 2OFF
[09:55:55] : 0
[09:55:57] : REQUEST MEAS. ON
[09:56:04] : REQUEST MEAS. OFF
[09:56:04] : 0
[09:56:04] : 측정요구 ON 2
[09:56:11] : 측정요구 2OFF
[09:56:11] : 0
[09:56:14] : REQUEST MEAS. ON
[09:56:21] : REQUEST MEAS. OFF
[09:56:21] : 0
[09:56:21] : 측정요구 ON 2
[09:56:28] : 측정요구 2OFF
[09:56:28] : 0
[09:56:31] : REQUEST MEAS. ON
[09:56:38] : REQUEST MEAS. OFF
[09:56:38] : 0
[09:56:38] : 측정요구 ON 2
[09:56:45] : 측정요구 2OFF
[09:56:45] : 0
[09:56:48] : REQUEST MEAS. ON
[09:56:55] : REQUEST MEAS. OFF
[09:56:55] : 0
[09:56:55] : 측정요구 ON 2
[09:57:02] : 측정요구 2OFF
[09:57:02] : 0
[09:57:04] : REQUEST MEAS. ON
[09:57:11] : REQUEST MEAS. OFF
[09:57:11] : 0
[09:57:11] : 측정요구 ON 2
[09:57:19] : 측정요구 2OFF
[09:57:19] : 0
[09:57:21] : REQUEST MEAS. ON
[09:57:28] : REQUEST MEAS. OFF
[09:57:28] : 0
[09:57:28] : 측정요구 ON 2
[09:57:35] : 측정요구 2OFF
[09:57:35] : 0
[09:57:38] : REQUEST MEAS. ON
[09:57:45] : REQUEST MEAS. OFF
[09:57:45] : 0
[09:57:45] : 측정요구 ON 2
[09:57:52] : 측정요구 2OFF
[09:57:52] : 0
[09:57:55] : REQUEST MEAS. ON
[09:58:02] : REQUEST MEAS. OFF
[09:58:02] : 0
[09:58:02] : 측정요구 ON 2
[09:58:09] : 측정요구 2OFF
[09:58:09] : 0
[09:58:12] : REQUEST MEAS. ON
[09:58:19] : REQUEST MEAS. OFF
[09:58:19] : 0
[09:58:19] : 측정요구 ON 2
[09:58:26] : 측정요구 2OFF
[09:58:26] : 0
[09:58:28] : REQUEST MEAS. ON
[09:58:35] : REQUEST MEAS. OFF
[09:58:35] : 0
[09:58:35] : 측정요구 ON 2
[09:58:43] : 측정요구 2OFF
[09:58:43] : 0
[09:58:45] : REQUEST MEAS. ON
[09:58:52] : REQUEST MEAS. OFF
[09:58:52] : 0
[09:58:52] : 측정요구 ON 2
[09:58:59] : 측정요구 2OFF
[09:58:59] : 0
[09:59:02] : REQUEST MEAS. ON
[09:59:09] : REQUEST MEAS. OFF
[09:59:09] : 0
[09:59:09] : 측정요구 ON 2
[09:59:16] : 측정요구 2OFF
[09:59:16] : 0
[09:59:19] : REQUEST MEAS. ON
[09:59:26] : REQUEST MEAS. OFF
[09:59:26] : 0
[09:59:26] : 측정요구 ON 2
[09:59:33] : 측정요구 2OFF
[09:59:33] : 0
[09:59:36] : REQUEST MEAS. ON
[09:59:43] : REQUEST MEAS. OFF
[09:59:43] : 0
[09:59:43] : 측정요구 ON 2
[09:59:50] : 측정요구 2OFF
[09:59:50] : 0
[09:59:52] : REQUEST MEAS. ON
[09:59:59] : REQUEST MEAS. OFF
[09:59:59] : 0
[09:59:59] : 측정요구 ON 2
[10:00:07] : 측정요구 2OFF
[10:00:07] : 0
[10:00:09] : REQUEST MEAS. ON
[10:00:16] : REQUEST MEAS. OFF
[10:00:16] : 0
[10:00:16] : 측정요구 ON 2
[10:00:23] : 측정요구 2OFF
[10:00:23] : 0
[10:00:26] : REQUEST MEAS. ON
[10:00:33] : REQUEST MEAS. OFF
[10:00:33] : 0
[10:00:33] : 측정요구 ON 2
[10:00:40] : 측정요구 2OFF
[10:00:40] : 0
[10:00:43] : REQUEST MEAS. ON
[10:00:50] : REQUEST MEAS. OFF
[10:00:50] : 0
[10:00:50] : 측정요구 ON 2
[10:00:57] : 측정요구 2OFF
[10:00:57] : 0
[11:10:59] : REQUEST MEAS. ON
[11:11:06] : REQUEST MEAS. OFF
[11:11:06] : 0
[11:11:06] : 측정요구 ON 2
[11:11:14] : 측정요구 2OFF
[11:11:14] : 0
[11:12:11] : REQUEST MEAS. ON
[11:12:18] : REQUEST MEAS. OFF
[11:12:18] : 0
[11:12:18] : 측정요구 ON 2
[11:12:25] : 측정요구 2OFF
[11:12:25] : 0
[11:16:50] : REQUEST MEAS. ON
[11:16:57] : REQUEST MEAS. OFF
[11:16:57] : 0
[11:16:57] : 측정요구 ON 2
[11:17:11] : 측정요구 2OFF
[11:17:11] : 0
[11:17:15] : REQUEST MEAS. ON
[11:17:22] : REQUEST MEAS. OFF
[11:17:22] : 0
[11:17:22] : 측정요구 ON 2
[11:17:29] : 측정요구 2OFF
[11:17:29] : 0
[11:18:23] : REQUEST MEAS. ON
[11:18:30] : REQUEST MEAS. OFF
[11:18:30] : 0
[11:18:30] : 측정요구 ON 2
[11:18:37] : 측정요구 2OFF
[11:18:37] : 0
[11:18:40] : REQUEST MEAS. ON
[11:18:47] : REQUEST MEAS. OFF
[11:18:47] : 0
[11:18:47] : 측정요구 ON 2
[11:18:54] : 측정요구 2OFF
[11:18:54] : 0
[11:18:57] : REQUEST MEAS. ON
[11:19:04] : REQUEST MEAS. OFF
[11:19:04] : 0
[11:19:04] : 측정요구 ON 2
[11:19:11] : 측정요구 2OFF
[11:19:11] : 0
[11:19:14] : REQUEST MEAS. ON
[11:19:21] : REQUEST MEAS. OFF
[11:19:21] : 0
[11:19:21] : 측정요구 ON 2
[11:19:28] : 측정요구 2OFF
[11:19:28] : 0
[11:19:31] : REQUEST MEAS. ON
[11:19:38] : REQUEST MEAS. OFF
[11:19:38] : 0
[11:19:38] : 측정요구 ON 2
[11:19:45] : 측정요구 2OFF
[11:19:45] : 0
[11:19:47] : REQUEST MEAS. ON
[11:19:54] : REQUEST MEAS. OFF
[11:19:54] : 0
[11:19:54] : 측정요구 ON 2
[11:20:02] : 측정요구 2OFF
[11:20:02] : 0
[11:20:04] : REQUEST MEAS. ON
[11:20:11] : REQUEST MEAS. OFF
[11:20:11] : 0
[11:20:11] : 측정요구 ON 2
[11:20:18] : 측정요구 2OFF
[11:20:18] : 0
[11:20:21] : REQUEST MEAS. ON
[11:20:28] : REQUEST MEAS. OFF
[11:20:28] : 0
[11:20:28] : 측정요구 ON 2
[11:20:35] : 측정요구 2OFF
[11:20:35] : 0
[11:20:38] : REQUEST MEAS. ON
[11:20:45] : REQUEST MEAS. OFF
[11:20:45] : 0
[11:20:45] : 측정요구 ON 2
[11:20:52] : 측정요구 2OFF
[11:20:52] : 0
[11:20:55] : REQUEST MEAS. ON
[11:21:02] : REQUEST MEAS. OFF
[11:21:02] : 0
[11:21:02] : 측정요구 ON 2
[11:21:09] : 측정요구 2OFF
[11:21:09] : 0
[11:21:12] : REQUEST MEAS. ON
[11:21:19] : REQUEST MEAS. OFF
[11:21:19] : 0
[11:21:19] : 측정요구 ON 2
[11:21:26] : 측정요구 2OFF
[11:21:26] : 0
[11:21:28] : REQUEST MEAS. ON
[11:21:35] : REQUEST MEAS. OFF
[11:21:35] : 0
[11:21:35] : 측정요구 ON 2
[11:21:43] : 측정요구 2OFF
[11:21:43] : 0
[11:21:45] : REQUEST MEAS. ON
[11:21:52] : REQUEST MEAS. OFF
[11:21:52] : 0
[11:21:52] : 측정요구 ON 2
[11:22:00] : 측정요구 2OFF
[11:22:00] : 0
[11:22:02] : REQUEST MEAS. ON
[11:22:09] : REQUEST MEAS. OFF
[11:22:09] : 0
[11:22:09] : 측정요구 ON 2
[11:22:16] : 측정요구 2OFF
[11:22:16] : 0
[11:22:19] : REQUEST MEAS. ON
[11:22:26] : REQUEST MEAS. OFF
[11:22:26] : 0
[11:22:26] : 측정요구 ON 2
[11:22:33] : 측정요구 2OFF
[11:22:33] : 0
[11:22:36] : REQUEST MEAS. ON
[11:22:43] : REQUEST MEAS. OFF
[11:22:43] : 0
[11:22:43] : 측정요구 ON 2
[11:22:50] : 측정요구 2OFF
[11:22:50] : 0
[11:22:52] : REQUEST MEAS. ON
[11:22:59] : REQUEST MEAS. OFF
[11:22:59] : 0
[11:22:59] : 측정요구 ON 2
[11:23:07] : 측정요구 2OFF
[11:23:07] : 0
[11:23:09] : REQUEST MEAS. ON
[11:23:16] : REQUEST MEAS. OFF
[11:23:16] : 0
[11:23:16] : 측정요구 ON 2
[11:23:23] : 측정요구 2OFF
[11:23:23] : 0
[11:23:26] : REQUEST MEAS. ON
[11:23:33] : REQUEST MEAS. OFF
[11:23:33] : 0
[11:23:33] : 측정요구 ON 2
[11:23:40] : 측정요구 2OFF
[11:23:40] : 0
[11:23:43] : REQUEST MEAS. ON
[11:23:50] : REQUEST MEAS. OFF
[11:23:50] : 0
[11:23:50] : 측정요구 ON 2
[11:23:57] : 측정요구 2OFF
[11:23:57] : 0
[11:24:00] : REQUEST MEAS. ON
[11:24:07] : REQUEST MEAS. OFF
[11:24:07] : 0
[11:24:07] : 측정요구 ON 2
[11:24:14] : 측정요구 2OFF
[11:24:14] : 0
[11:24:16] : REQUEST MEAS. ON
[11:24:23] : REQUEST MEAS. OFF
[11:24:23] : 0
[11:24:23] : 측정요구 ON 2
[11:24:31] : 측정요구 2OFF
[11:24:31] : 0
[11:24:33] : REQUEST MEAS. ON
[11:24:40] : REQUEST MEAS. OFF
[11:24:40] : 0
[11:24:40] : 측정요구 ON 2
[11:24:47] : 측정요구 2OFF
[11:24:47] : 0
[11:24:50] : REQUEST MEAS. ON
[11:24:57] : REQUEST MEAS. OFF
[11:24:57] : 0
[11:24:57] : 측정요구 ON 2
[11:25:04] : 측정요구 2OFF
[11:25:04] : 0
[11:25:07] : REQUEST MEAS. ON
[11:25:14] : REQUEST MEAS. OFF
[11:25:14] : 0
[11:25:14] : 측정요구 ON 2
[11:25:21] : 측정요구 2OFF
[11:25:21] : 0
[11:25:23] : REQUEST MEAS. ON
[11:25:30] : REQUEST MEAS. OFF
[11:25:30] : 0
[11:25:30] : 측정요구 ON 2
[11:25:38] : 측정요구 2OFF
[11:25:38] : 0
[11:25:40] : REQUEST MEAS. ON
[11:25:47] : REQUEST MEAS. OFF
[11:25:47] : 0
[11:25:47] : 측정요구 ON 2
[11:25:55] : 측정요구 2OFF
[11:25:55] : 0
[11:25:57] : REQUEST MEAS. ON
[11:26:04] : REQUEST MEAS. OFF
[11:26:04] : 0
[11:26:04] : 측정요구 ON 2
[11:26:11] : 측정요구 2OFF
[11:26:11] : 0
[11:26:14] : REQUEST MEAS. ON
[11:26:21] : REQUEST MEAS. OFF
[11:26:21] : 0
[11:26:21] : 측정요구 ON 2
[11:26:28] : 측정요구 2OFF
[11:26:28] : 0
[11:26:31] : REQUEST MEAS. ON
[11:26:38] : REQUEST MEAS. OFF
[11:26:38] : 0
[11:26:38] : 측정요구 ON 2
[11:26:45] : 측정요구 2OFF
[11:26:45] : 0
[11:26:48] : REQUEST MEAS. ON
[11:26:55] : REQUEST MEAS. OFF
[11:26:55] : 0
[11:26:55] : 측정요구 ON 2
[11:27:02] : 측정요구 2OFF
[11:27:02] : 0
[11:27:04] : REQUEST MEAS. ON
[11:27:11] : REQUEST MEAS. OFF
[11:27:11] : 0
[11:27:11] : 측정요구 ON 2
[11:27:19] : 측정요구 2OFF
[11:27:19] : 0
[11:27:21] : REQUEST MEAS. ON
[11:27:28] : REQUEST MEAS. OFF
[11:27:28] : 0
[11:27:28] : 측정요구 ON 2
[11:27:36] : 측정요구 2OFF
[11:27:36] : 0
[11:27:38] : REQUEST MEAS. ON
[11:27:45] : REQUEST MEAS. OFF
[11:27:45] : 0
[11:27:45] : 측정요구 ON 2
[11:27:52] : 측정요구 2OFF
[11:27:52] : 0
[11:27:55] : REQUEST MEAS. ON
[11:28:02] : REQUEST MEAS. OFF
[11:28:02] : 0
[11:28:02] : 측정요구 ON 2
[11:28:09] : 측정요구 2OFF
[11:28:09] : 0
[11:28:12] : REQUEST MEAS. ON
[11:28:19] : REQUEST MEAS. OFF
[11:28:19] : 0
[11:28:19] : 측정요구 ON 2
[11:28:26] : 측정요구 2OFF
[11:28:26] : 0
[11:28:28] : REQUEST MEAS. ON
[11:28:35] : REQUEST MEAS. OFF
[11:28:35] : 0
[11:28:35] : 측정요구 ON 2
[11:28:43] : 측정요구 2OFF
[11:28:43] : 0
[11:28:45] : REQUEST MEAS. ON
[11:28:52] : REQUEST MEAS. OFF
[11:28:52] : 0
[11:28:52] : 측정요구 ON 2
[11:29:00] : 측정요구 2OFF
[11:29:00] : 0
[11:29:02] : REQUEST MEAS. ON
[11:29:09] : REQUEST MEAS. OFF
[11:29:09] : 0
[11:29:09] : 측정요구 ON 2
[11:29:16] : 측정요구 2OFF
[11:29:16] : 0
[11:29:19] : REQUEST MEAS. ON
[11:29:26] : REQUEST MEAS. OFF
[11:29:26] : 0
[11:29:26] : 측정요구 ON 2
[11:29:33] : 측정요구 2OFF
[11:29:33] : 0
[11:39:19] : REQUEST MEAS. ON
[11:39:26] : REQUEST MEAS. OFF
[11:39:26] : 0
[11:39:26] : 측정요구 ON 2
[11:39:33] : 측정요구 2OFF
[11:39:33] : 0
[11:40:09] : REQUEST MEAS. ON
[11:40:16] : REQUEST MEAS. OFF
[11:40:16] : 0
[11:40:16] : 측정요구 ON 2
[11:40:24] : 측정요구 2OFF
[11:40:24] : 0
[11:41:05] : REQUEST MEAS. ON
[11:41:12] : REQUEST MEAS. OFF
[11:41:12] : 0
[11:41:12] : 측정요구 ON 2
[11:41:20] : 측정요구 2OFF
[11:41:20] : 0
[11:41:22] : REQUEST MEAS. ON
[11:41:29] : REQUEST MEAS. OFF
[11:41:29] : 0
[11:41:29] : 측정요구 ON 2
[11:41:37] : 측정요구 2OFF
[11:41:37] : 0
[11:41:39] : REQUEST MEAS. ON
[11:41:46] : REQUEST MEAS. OFF
[11:41:46] : 0
[11:41:46] : 측정요구 ON 2
[11:41:53] : 측정요구 2OFF
[11:41:53] : 0
[11:41:56] : REQUEST MEAS. ON
[11:42:03] : REQUEST MEAS. OFF
[11:42:03] : 0
[11:42:03] : 측정요구 ON 2
[11:42:10] : 측정요구 2OFF
[11:42:10] : 0
[11:42:13] : REQUEST MEAS. ON
[11:42:20] : REQUEST MEAS. OFF
[11:42:20] : 0
[11:42:20] : 측정요구 ON 2
[11:42:27] : 측정요구 2OFF
[11:42:27] : 0
[11:42:30] : REQUEST MEAS. ON
[11:42:37] : REQUEST MEAS. OFF
[11:42:37] : 0
[11:42:37] : 측정요구 ON 2
[11:42:44] : 측정요구 2OFF
[11:42:44] : 0
[11:42:46] : REQUEST MEAS. ON
[11:42:53] : REQUEST MEAS. OFF
[11:42:53] : 0
[11:42:53] : 측정요구 ON 2
[11:43:01] : 측정요구 2OFF
[11:43:01] : 0
[11:43:03] : REQUEST MEAS. ON
[11:43:10] : REQUEST MEAS. OFF
[11:43:10] : 0
[11:43:10] : 측정요구 ON 2
[11:43:18] : 측정요구 2OFF
[11:43:18] : 0
[11:43:20] : REQUEST MEAS. ON
[11:43:27] : REQUEST MEAS. OFF
[11:43:27] : 0
[11:43:27] : 측정요구 ON 2
[11:43:34] : 측정요구 2OFF
[11:43:34] : 0
[11:43:37] : REQUEST MEAS. ON
[11:43:44] : REQUEST MEAS. OFF
[11:43:44] : 0
[11:43:44] : 측정요구 ON 2
[11:43:51] : 측정요구 2OFF
[11:43:51] : 0
[11:43:54] : REQUEST MEAS. ON
[11:44:01] : REQUEST MEAS. OFF
[11:44:01] : 0
[11:44:01] : 측정요구 ON 2
[11:44:08] : 측정요구 2OFF
[11:44:08] : 0
[11:44:11] : REQUEST MEAS. ON
[11:44:18] : REQUEST MEAS. OFF
[11:44:18] : 0
[11:44:18] : 측정요구 ON 2
[11:44:25] : 측정요구 2OFF
[11:44:25] : 0
[11:44:27] : REQUEST MEAS. ON
[11:44:34] : REQUEST MEAS. OFF
[11:44:34] : 0
[11:44:34] : 측정요구 ON 2
[11:44:42] : 측정요구 2OFF
[11:44:42] : 0
[11:44:44] : REQUEST MEAS. ON
[11:44:51] : REQUEST MEAS. OFF
[11:44:51] : 0
[11:44:51] : 측정요구 ON 2
[11:44:58] : 측정요구 2OFF
[11:44:58] : 0
[11:45:01] : REQUEST MEAS. ON
[11:45:08] : REQUEST MEAS. OFF
[11:45:08] : 0
[11:45:08] : 측정요구 ON 2
[11:45:15] : 측정요구 2OFF
[11:45:15] : 0
[11:45:18] : REQUEST MEAS. ON
[11:45:25] : REQUEST MEAS. OFF
[11:45:25] : 0
[11:45:25] : 측정요구 ON 2
[11:45:32] : 측정요구 2OFF
[11:45:32] : 0
[11:45:35] : REQUEST MEAS. ON
[11:45:42] : REQUEST MEAS. OFF
[11:45:42] : 0
[11:45:42] : 측정요구 ON 2
[11:45:49] : 측정요구 2OFF
[11:45:49] : 0
[11:45:51] : REQUEST MEAS. ON
[11:45:58] : REQUEST MEAS. OFF
[11:45:58] : 0
[11:45:58] : 측정요구 ON 2
[11:46:06] : 측정요구 2OFF
[11:46:06] : 0
[11:46:08] : REQUEST MEAS. ON
[11:46:15] : REQUEST MEAS. OFF
[11:46:15] : 0
[11:46:15] : 측정요구 ON 2
[11:46:23] : 측정요구 2OFF
[11:46:23] : 0
[11:46:25] : REQUEST MEAS. ON
[11:46:32] : REQUEST MEAS. OFF
[11:46:32] : 0
[11:46:32] : 측정요구 ON 2
[11:46:40] : 측정요구 2OFF
[11:46:40] : 0
[11:46:42] : REQUEST MEAS. ON
[11:46:49] : REQUEST MEAS. OFF
[11:46:49] : 0
[11:46:49] : 측정요구 ON 2
[11:46:57] : 측정요구 2OFF
[11:46:57] : 0
[11:46:59] : REQUEST MEAS. ON
[11:47:06] : REQUEST MEAS. OFF
[11:47:06] : 0
[11:47:06] : 측정요구 ON 2
[11:47:13] : 측정요구 2OFF
[11:47:13] : 0
[11:47:16] : REQUEST MEAS. ON
[11:47:23] : REQUEST MEAS. OFF
[11:47:23] : 0
[11:47:23] : 측정요구 ON 2
[11:47:30] : 측정요구 2OFF
[11:47:30] : 0
[11:47:33] : REQUEST MEAS. ON
[11:47:40] : REQUEST MEAS. OFF
[11:47:40] : 0
[11:47:40] : 측정요구 ON 2
[11:47:47] : 측정요구 2OFF
[11:47:47] : 0
[11:47:49] : REQUEST MEAS. ON
[11:47:56] : REQUEST MEAS. OFF
[11:47:56] : 0
[11:47:56] : 측정요구 ON 2
[11:48:04] : 측정요구 2OFF
[11:48:04] : 0
[11:48:06] : REQUEST MEAS. ON
[11:48:13] : REQUEST MEAS. OFF
[11:48:13] : 0
[11:48:13] : 측정요구 ON 2
[11:48:21] : 측정요구 2OFF
[11:48:21] : 0
[11:48:23] : REQUEST MEAS. ON
[11:48:30] : REQUEST MEAS. OFF
[11:48:30] : 0
[11:48:30] : 측정요구 ON 2
[11:48:37] : 측정요구 2OFF
[11:48:37] : 0
[11:48:40] : REQUEST MEAS. ON
[11:48:47] : REQUEST MEAS. OFF
[11:48:47] : 0
[11:48:47] : 측정요구 ON 2
[11:48:54] : 측정요구 2OFF
[11:48:54] : 0
[11:48:57] : REQUEST MEAS. ON
[11:49:04] : REQUEST MEAS. OFF
[11:49:04] : 0
[11:49:04] : 측정요구 ON 2
[11:49:11] : 측정요구 2OFF
[11:49:11] : 0
[11:49:13] : REQUEST MEAS. ON
[11:49:20] : REQUEST MEAS. OFF
[11:49:20] : 0
[11:49:20] : 측정요구 ON 2
[11:49:27] : 측정요구 2OFF
[11:49:27] : 0
[11:49:30] : REQUEST MEAS. ON
[11:49:37] : REQUEST MEAS. OFF
[11:49:37] : 0
[11:49:37] : 측정요구 ON 2
[11:49:44] : 측정요구 2OFF
[11:49:44] : 0
[11:49:46] : REQUEST MEAS. ON
[11:49:53] : REQUEST MEAS. OFF
[11:49:53] : 0
[11:49:53] : 측정요구 ON 2
[11:50:01] : 측정요구 2OFF
[11:50:01] : 0
 
[11:50:03] : REQUEST MEAS. ON
[11:50:10] : REQUEST MEAS. OFF
[11:50:10] : 0
[11:50:10] : 측정요구 ON 2
[11:50:18] : 측정요구 2OFF
[11:50:18] : 0
[11:50:20] : REQUEST MEAS. ON
[11:50:27] : REQUEST MEAS. OFF
[11:50:27] : 0
[11:50:27] : 측정요구 ON 2
[11:50:35] : 측정요구 2OFF
[11:50:35] : 0
[11:50:37] : REQUEST MEAS. ON
[11:50:44] : REQUEST MEAS. OFF
[11:50:44] : 0
[11:50:44] : 측정요구 ON 2
[11:50:52] : 측정요구 2OFF
[11:50:52] : 0
[11:50:54] : REQUEST MEAS. ON
[11:51:01] : REQUEST MEAS. OFF
[11:51:01] : 0
[11:51:01] : 측정요구 ON 2
[11:51:08] : 측정요구 2OFF
[11:51:08] : 0
[11:51:11] : REQUEST MEAS. ON
[11:51:18] : REQUEST MEAS. OFF
[11:51:18] : 0
[11:51:18] : 측정요구 ON 2
[11:51:25] : 측정요구 2OFF
[11:51:25] : 0
[11:51:28] : REQUEST MEAS. ON
[11:51:35] : REQUEST MEAS. OFF
[11:51:35] : 0
[11:51:35] : 측정요구 ON 2
[11:51:42] : 측정요구 2OFF
[11:51:42] : 0
[11:51:45] : REQUEST MEAS. ON
[11:51:52] : REQUEST MEAS. OFF
[11:51:52] : 0
[11:51:52] : 측정요구 ON 2
[11:51:59] : 측정요구 2OFF
[11:51:59] : 0
[11:52:01] : REQUEST MEAS. ON
[11:52:08] : REQUEST MEAS. OFF
[11:52:08] : 0
[11:52:08] : 측정요구 ON 2
[11:52:15] : 측정요구 2OFF
[11:52:15] : 0
[13:14:58] : REQUEST MEAS. ON
[13:15:05] : REQUEST MEAS. OFF
[13:15:05] : 0
[13:15:05] : 측정요구 ON 2
[13:15:13] : 측정요구 2OFF
[13:15:13] : 0
[13:16:07] : REQUEST MEAS. ON
[13:16:14] : REQUEST MEAS. OFF
[13:16:14] : 0
[13:16:14] : 측정요구 ON 2
[13:16:22] : 측정요구 2OFF
[13:16:22] : 0
[13:16:24] : REQUEST MEAS. ON
[13:16:31] : REQUEST MEAS. OFF
[13:16:31] : 0
[13:16:31] : 측정요구 ON 2
[13:16:38] : 측정요구 2OFF
[13:16:38] : 0
[13:16:41] : REQUEST MEAS. ON
[13:16:48] : REQUEST MEAS. OFF
[13:16:48] : 0
[13:16:48] : 측정요구 ON 2
[13:16:55] : 측정요구 2OFF
[13:16:55] : 0
[13:16:58] : REQUEST MEAS. ON
[13:17:05] : REQUEST MEAS. OFF
[13:17:05] : 0
[13:17:05] : 측정요구 ON 2
[13:17:12] : 측정요구 2OFF
[13:17:12] : 0
[13:17:15] : REQUEST MEAS. ON
[13:17:22] : REQUEST MEAS. OFF
[13:17:22] : 0
[13:17:22] : 측정요구 ON 2
[13:17:29] : 측정요구 2OFF
[13:17:29] : 0
[13:17:32] : REQUEST MEAS. ON
[13:17:39] : REQUEST MEAS. OFF
[13:17:39] : 0
[13:17:39] : 측정요구 ON 2
[13:17:46] : 측정요구 2OFF
[13:17:46] : 0
[13:17:48] : REQUEST MEAS. ON
[13:17:55] : REQUEST MEAS. OFF
[13:17:55] : 0
[13:17:55] : 측정요구 ON 2
[13:18:03] : 측정요구 2OFF
[13:18:03] : 0
[13:18:05] : REQUEST MEAS. ON
[13:18:12] : REQUEST MEAS. OFF
[13:18:12] : 0
[13:18:12] : 측정요구 ON 2
[13:18:20] : 측정요구 2OFF
[13:18:20] : 0
[13:18:22] : REQUEST MEAS. ON
[13:18:29] : REQUEST MEAS. OFF
[13:18:29] : 0
[13:18:29] : 측정요구 ON 2
[13:18:37] : 측정요구 2OFF
[13:18:37] : 0
[13:18:39] : REQUEST MEAS. ON
[13:18:46] : REQUEST MEAS. OFF
[13:18:46] : 0
[13:18:46] : 측정요구 ON 2
[13:18:54] : 측정요구 2OFF
[13:18:54] : 0
[13:18:56] : REQUEST MEAS. ON
[13:19:03] : REQUEST MEAS. OFF
[13:19:03] : 0
[13:19:03] : 측정요구 ON 2
[13:19:10] : 측정요구 2OFF
[13:19:10] : 0
[13:19:13] : REQUEST MEAS. ON
[13:19:20] : REQUEST MEAS. OFF
[13:19:20] : 0
[13:19:20] : 측정요구 ON 2
[13:19:27] : 측정요구 2OFF
[13:19:27] : 0
[13:19:30] : REQUEST MEAS. ON
[13:19:37] : REQUEST MEAS. OFF
[13:19:37] : 0
[13:19:37] : 측정요구 ON 2
[13:19:44] : 측정요구 2OFF
[13:19:44] : 0
[13:19:47] : REQUEST MEAS. ON
[13:19:54] : REQUEST MEAS. OFF
[13:19:54] : 0
[13:19:54] : 측정요구 ON 2
[13:20:01] : 측정요구 2OFF
[13:20:01] : 0
[13:20:03] : REQUEST MEAS. ON
[13:20:10] : REQUEST MEAS. OFF
[13:20:10] : 0
[13:20:10] : 측정요구 ON 2
[13:20:18] : 측정요구 2OFF
[13:20:18] : 0
[13:20:20] : REQUEST MEAS. ON
[13:20:27] : REQUEST MEAS. OFF
[13:20:27] : 0
[13:20:27] : 측정요구 ON 2
[13:20:35] : 측정요구 2OFF
[13:20:35] : 0
[13:20:37] : REQUEST MEAS. ON
[13:20:44] : REQUEST MEAS. OFF
[13:20:44] : 0
[13:20:44] : 측정요구 ON 2
[13:20:51] : 측정요구 2OFF
[13:20:51] : 0
[13:20:54] : REQUEST MEAS. ON
[13:21:01] : REQUEST MEAS. OFF
[13:21:01] : 0
[13:21:01] : 측정요구 ON 2
[13:21:08] : 측정요구 2OFF
[13:21:08] : 0
[13:21:11] : REQUEST MEAS. ON
[13:21:18] : REQUEST MEAS. OFF
[13:21:18] : 0
[13:21:18] : 측정요구 ON 2
[13:21:25] : 측정요구 2OFF
[13:21:25] : 0
[13:21:28] : REQUEST MEAS. ON
[13:21:35] : REQUEST MEAS. OFF
[13:21:35] : 0
[13:21:35] : 측정요구 ON 2
[13:21:42] : 측정요구 2OFF
[13:21:42] : 0
[13:21:44] : REQUEST MEAS. ON
[13:21:51] : REQUEST MEAS. OFF
[13:21:51] : 0
[13:21:51] : 측정요구 ON 2
[13:21:59] : 측정요구 2OFF
[13:21:59] : 0
[13:22:01] : REQUEST MEAS. ON
[13:22:08] : REQUEST MEAS. OFF
[13:22:08] : 0
[13:22:08] : 측정요구 ON 2
[13:22:16] : 측정요구 2OFF
[13:22:16] : 0
[13:22:18] : REQUEST MEAS. ON
[13:22:25] : REQUEST MEAS. OFF
[13:22:25] : 0
[13:22:25] : 측정요구 ON 2
[13:22:32] : 측정요구 2OFF
[13:22:32] : 0
[13:22:35] : REQUEST MEAS. ON
[13:22:42] : REQUEST MEAS. OFF
[13:22:42] : 0
[13:22:42] : 측정요구 ON 2
[13:22:49] : 측정요구 2OFF
[13:22:49] : 0
[13:22:52] : REQUEST MEAS. ON
[13:22:59] : REQUEST MEAS. OFF
[13:22:59] : 0
[13:22:59] : 측정요구 ON 2
[13:23:06] : 측정요구 2OFF
[13:23:06] : 0
[13:23:08] : REQUEST MEAS. ON
[13:23:15] : REQUEST MEAS. OFF
[13:23:15] : 0
[13:23:15] : 측정요구 ON 2
[13:23:23] : 측정요구 2OFF
[13:23:23] : 0
[13:23:25] : REQUEST MEAS. ON
[13:23:32] : REQUEST MEAS. OFF
[13:23:32] : 0
[13:23:32] : 측정요구 ON 2
[13:23:40] : 측정요구 2OFF
[13:23:40] : 0
[13:23:42] : REQUEST MEAS. ON
[13:23:49] : REQUEST MEAS. OFF
[13:23:49] : 0
[13:23:49] : 측정요구 ON 2
[13:23:57] : 측정요구 2OFF
[13:23:57] : 0
[13:23:59] : REQUEST MEAS. ON
[13:24:06] : REQUEST MEAS. OFF
[13:24:06] : 0
[13:24:06] : 측정요구 ON 2
[13:24:13] : 측정요구 2OFF
[13:24:13] : 0
[13:24:16] : REQUEST MEAS. ON
[13:24:23] : REQUEST MEAS. OFF
[13:24:23] : 0
[13:24:23] : 측정요구 ON 2
[13:24:30] : 측정요구 2OFF
[13:24:30] : 0
[13:24:33] : REQUEST MEAS. ON
[13:24:40] : REQUEST MEAS. OFF
[13:24:40] : 0
[13:24:40] : 측정요구 ON 2
[13:24:47] : 측정요구 2OFF
[13:24:47] : 0
[13:24:50] : REQUEST MEAS. ON
[13:24:57] : REQUEST MEAS. OFF
[13:24:57] : 0
[13:24:57] : 측정요구 ON 2
[13:25:04] : 측정요구 2OFF
[13:25:04] : 0
[13:25:06] : REQUEST MEAS. ON
[13:25:13] : REQUEST MEAS. OFF
[13:25:13] : 0
[13:25:13] : 측정요구 ON 2
[13:25:21] : 측정요구 2OFF
[13:25:21] : 0
[13:25:23] : REQUEST MEAS. ON
[13:25:30] : REQUEST MEAS. OFF
[13:25:30] : 0
[13:25:30] : 측정요구 ON 2
[13:25:37] : 측정요구 2OFF
[13:25:37] : 0
[13:25:40] : REQUEST MEAS. ON
[13:25:47] : REQUEST MEAS. OFF
[13:25:47] : 0
[13:25:47] : 측정요구 ON 2
[13:25:54] : 측정요구 2OFF
[13:25:54] : 0
[13:25:57] : REQUEST MEAS. ON
[13:26:04] : REQUEST MEAS. OFF
[13:26:04] : 0
[13:26:04] : 측정요구 ON 2
[13:26:11] : 측정요구 2OFF
[13:26:11] : 0
[13:26:13] : REQUEST MEAS. ON
[13:26:20] : REQUEST MEAS. OFF
[13:26:20] : 0
[13:26:20] : 측정요구 ON 2
[13:26:28] : 측정요구 2OFF
[13:26:28] : 0
[13:26:30] : REQUEST MEAS. ON
[13:26:37] : REQUEST MEAS. OFF
[13:26:37] : 0
[13:26:37] : 측정요구 ON 2
[13:26:44] : 측정요구 2OFF
[13:26:44] : 0
[13:26:47] : REQUEST MEAS. ON
[13:26:54] : REQUEST MEAS. OFF
[13:26:54] : 0
[13:26:54] : 측정요구 ON 2
[13:27:01] : 측정요구 2OFF
[13:27:01] : 0
[13:27:04] : REQUEST MEAS. ON
[13:27:11] : REQUEST MEAS. OFF
[13:27:11] : 0
[13:27:11] : 측정요구 ON 2
[13:27:18] : 측정요구 2OFF
[13:27:18] : 0
[13:35:24] : MEAS ESC ON
[13:35:24] : AUTO RUNNING ON
[13:35:30] : MEAS ESC OFF
[13:35:53] : AUTO RUNNING OFF
[13:36:24] : MEAS ESC ON
[13:36:24] : MEAS ESC OFF
[13:36:24] : AUTO RUNNING ON
[13:38:44] : REQUEST MEAS. ON
[13:38:51] : REQUEST MEAS. OFF
[13:38:51] : 측정요구 ON 2
[13:38:59] : 측정요구 2OFF
[13:38:59] : 61,20181229-133859,,,OK,MAX,1,2,AUTO,0.10,4.40,1.32,OK,0.10,4.40,1.02,OK,
[13:38:59] : AUTO RUNNING OFF
 
