[09:22:43] : PROGRAM START
[09:22:43] : Loading of library 'Orbit_IF.dll' Failed 
[09:22:49] : Amp Error Timer
[09:23:11] : Plc Error Timer
[09:23:31] : PROGRAM END
 
[09:25:52] : PROGRAM START
[09:25:52] : Loading of library 'Orbit_IF.dll' Failed 
[09:25:59] : PROGRAM END
 
[09:27:44] : PROGRAM START
[09:27:44] : Loading of library 'Orbit_IF.dll' Failed 
[09:27:51] : Amp Error Timer
[09:27:54] : Plc Error Timer
[09:28:05] : PROGRAM END
 
[09:32:21] : PROGRAM START
[09:32:21] : Loading of library 'Orbit_IF.dll' Failed 
[09:32:30] : Amp Error Timer
[09:32:36] : PROGRAM END
 
[09:33:48] : PROGRAM START
[09:33:48] : Loading of library 'Orbit_IF.dll' Failed 
[09:33:52] : PROGRAM END
 
[09:39:32] : PROGRAM START
[09:39:33] : Loading of library 'Orbit_IF.dll' Failed 
[09:39:39] : Amp Error Timer
[09:39:42] : Plc Error Timer
[09:40:56] : PROGRAM END
 
[09:43:15] : PROGRAM START
[09:43:15] : Loading of library 'Orbit_IF.dll' Failed 
[09:43:24] : Amp Error Timer
[09:43:27] : Plc Error Timer
[09:44:22] : Amp Error Timer
[09:44:29] : PROGRAM END
 
[09:45:08] : PROGRAM START
[09:45:09] : Loading of library 'Orbit_IF.dll' Failed 
[09:45:16] : PROGRAM END
 
[09:46:35] : PROGRAM START
[09:46:36] : Loading of library 'Orbit_IF.dll' Failed 
[09:46:43] : Amp Error Timer
[09:46:46] : PROGRAM END
 
[09:48:43] : PROGRAM START
[09:48:44] : Loading of library 'Orbit_IF.dll' Failed 
[09:48:52] : Amp Error Timer
[09:48:55] : Plc Error Timer
[09:48:58] : PROGRAM END
 
[09:49:38] : PROGRAM START
[09:49:39] : Loading of library 'Orbit_IF.dll' Failed 
[09:49:47] : Amp Error Timer
[09:49:49] : PROGRAM END
 
[09:50:59] : PROGRAM START
[09:51:00] : Loading of library 'Orbit_IF.dll' Failed 
[09:51:07] : Amp Error Timer
[09:51:10] : Plc Error Timer
[09:51:15] : PROGRAM END
 
[09:53:09] : PROGRAM START
[09:53:10] : Loading of library 'Orbit_IF.dll' Failed 
[09:53:19] : Amp Error Timer
[09:53:22] : Plc Error Timer
[09:54:54] : PROGRAM END
 
[10:32:51] : PROGRAM START
[10:32:51] : Loading of library 'Orbit_IF.dll' Failed 
[10:32:58] : Plc Error Timer
[10:33:03] : Amp Error Timer
[10:33:33] : PROGRAM END
 
[10:36:57] : PROGRAM START
[10:36:58] : Loading of library 'Orbit_IF.dll' Failed 
[10:37:02] : Amp Error Timer
[10:37:25] : Plc Error Timer
[10:37:57] : Amp Error Timer
[10:37:59] : PROGRAM END
 
[10:39:12] : PROGRAM START
[10:39:12] : Loading of library 'Orbit_IF.dll' Failed 
[10:39:19] : Amp Error Timer
[10:39:22] : Plc Error Timer
[10:40:24] : PROGRAM END
 
[10:41:34] : PROGRAM START
[10:41:34] : Loading of library 'Orbit_IF.dll' Failed 
[10:41:42] : Amp Error Timer
[10:41:46] : PROGRAM END
 
[10:50:08] : PROGRAM START
[10:50:09] : Loading of library 'Orbit_IF.dll' Failed 
[10:50:18] : Amp Error Timer
[10:50:21] : Plc Error Timer
[10:51:13] : PROGRAM END
 
[10:52:10] : PROGRAM START
[10:52:10] : Loading of library 'Orbit_IF.dll' Failed 
[10:52:20] : Amp Error Timer
[10:52:23] : Plc Error Timer
[11:30:46] : PROGRAM END
 
[11:31:29] : PROGRAM START
[11:31:29] : Loading of library 'Orbit_IF.dll' Failed 
[11:31:34] : Amp Error Timer
[11:31:40] : PROGRAM END
 
[11:48:10] : PROGRAM START
[11:48:10] : Loading of library 'Orbit_IF.dll' Failed 
[11:48:15] : Amp Error Timer
[11:49:10] : Amp Error Timer
[11:49:13] : Plc Error Timer
[11:49:35] : Plc Error Timer
 
[11:50:06] : Plc Error Timer
[11:50:18] : PROGRAM END
 
[11:51:17] : PROGRAM START
 
[11:51:17] : Loading of library 'Orbit_IF.dll' Failed 
[11:51:22] : Amp Error Timer
[11:51:46] : Plc Error Timer
[11:51:56] : PROGRAM END
 
[11:52:59] : PROGRAM START
 
[11:53:00] : Loading of library 'Orbit_IF.dll' Failed 
[11:53:07] : Amp Error Timer
[11:53:10] : Plc Error Timer
[11:53:29] : PROGRAM END
 
[11:53:50] : PROGRAM START
 
[11:53:51] : Loading of library 'Orbit_IF.dll' Failed 
[11:53:55] : Amp Error Timer
[11:54:20] : PROGRAM END
 
[11:55:02] : PROGRAM START
 
[11:55:02] : Loading of library 'Orbit_IF.dll' Failed 
[11:55:48] : PROGRAM END
 
[11:59:42] : PROGRAM START
 
[11:59:43] : Loading of library 'Orbit_IF.dll' Failed 
[11:59:55] : Amp Error Timer
[11:59:58] : Plc Error Timer
[12:00:07] : PROGRAM END
 
[12:00:21] : PROGRAM START
[12:00:21] : Loading of library 'Orbit_IF.dll' Failed 
[12:00:30] : Amp Error Timer
[12:00:33] : Plc Error Timer
[12:03:59] : Plc Error Timer
[12:04:08] : PROGRAM END
 
[12:06:24] : PROGRAM START
[12:06:24] : Loading of library 'Orbit_IF.dll' Failed 
[12:06:32] : PROGRAM END
 
[12:08:28] : PROGRAM START
[12:08:28] : Loading of library 'Orbit_IF.dll' Failed 
[12:08:32] : Amp Error Timer
[12:09:20] : Plc Error Timer
[12:46:11] : PROGRAM END
 
[18:04:28] : PROGRAM START
[18:05:05] : PROGRAM END
 
[18:06:19] : PROGRAM START
[18:06:41] : Plc Error Timer
[18:06:47] : Plc Error Timer
[18:06:53] : Plc Error Timer
[18:07:05] : PROGRAM END
 
[18:08:07] : PROGRAM START
[18:08:28] : Plc Error Timer
[18:08:34] : Plc Error Timer
[18:08:40] : Plc Error Timer
[18:08:46] : Plc Error Timer
[18:08:54] : Plc Error Timer
[18:09:00] : Plc Error Timer
[18:09:26] : PROGRAM END
 
[18:09:45] : PROGRAM START
[18:10:02] : Amp Error Timer
[18:10:04] : PROGRAM END
 
[18:10:11] : PROGRAM START
[18:10:29] : Amp Error Timer
[18:10:31] : Plc Error Timer
[18:10:36] : PROGRAM END
 
[18:11:39] : PROGRAM START
[18:11:57] : Amp Error Timer
[18:12:00] : Plc Error Timer
[18:12:02] : PROGRAM END
 
[18:12:46] : PROGRAM START
[18:13:03] : Amp Error Timer
[18:13:06] : Plc Error Timer
[18:13:09] : PROGRAM END
 
[18:16:42] : PROGRAM START
[18:16:59] : Amp Error Timer
[18:17:02] : Plc Error Timer
[18:17:06] : PROGRAM END
 
[18:18:45] : PROGRAM START
[18:19:08] : Plc Error Timer
[18:19:15] : PROGRAM END
 
[18:20:47] : PROGRAM START
[18:21:09] : Plc Error Timer
[18:21:34] : PROGRAM END
 
[18:22:43] : PROGRAM START
[18:23:02] : Amp Error Timer
[18:23:04] : Plc Error Timer
[18:23:07] : PROGRAM END
 
[18:24:06] : PROGRAM START
[18:24:27] : Plc Error Timer
[18:24:34] : Plc Error Timer
[18:24:40] : Plc Error Timer
[18:24:52] : PROGRAM END
 
[18:25:00] : PROGRAM START
[18:25:21] : Plc Error Timer
[18:25:28] : PROGRAM END
 
[18:27:13] : PROGRAM START
[18:27:20] : PROGRAM END
 
[18:27:31] : PROGRAM START
[18:27:42] : Plc Error Timer
[18:27:50] : Plc Error Timer
[18:27:52] : PROGRAM END
 
