[10:02:01] : MEAS ESC ON
[10:02:01] : MEAS ESC OFF
[10:02:01] : AUTO RUNNING ON
[10:02:44] : AUTO RUNNING OFF
[10:03:36] : MEAS ESC ON
[10:03:36] : MEAS ESC OFF
[10:03:36] : AUTO RUNNING ON
[10:09:30] : AUTO RUNNING OFF
[10:10:01] : MEAS ESC ON
[10:15:07] : MEAS ESC OFF
[10:15:07] : AUTO RUNNING ON
[10:15:35] : REQUEST MEAS. ON
[10:15:42] : REQUEST MEAS. OFF
[10:15:42] : 측정요구 ON 2
[10:15:50] : 측정요구 2OFF
[10:15:50] : 61,20181217-101550,AL18121450906,,OK,MAX,1,2,AUTO,0.10,4.40,1.02,OK,0.10,4.40,1.49,OK,
[10:17:21] : REQUEST MEAS. ON
[10:17:28] : REQUEST MEAS. OFF
[10:17:28] : 측정요구 ON 2
[10:17:36] : 측정요구 2OFF
[10:17:36] : 61,20181217-101736,AL18121450586,,OK,MAX,1,2,AUTO,0.10,4.40,1.25,OK,0.10,4.40,0.85,OK,
[10:17:38] : 측정요구3 ON
[10:17:45] : 측정요구3 OFF
[10:17:45] : 측정요구4 ON
[10:17:53] : 측정요구4 OFF
[10:17:53] : 61,20181217-101754,AL18121450636,,OK,MAX,2,2,AUTO,0.10,4.40,0.50,OK,0.10,4.40,0.49,OK,
[10:18:38] : REQUEST MEAS. ON
[10:18:45] : REQUEST MEAS. OFF
[10:18:45] : 측정요구 ON 2
[10:18:52] : 측정요구 2OFF
[10:18:52] : 61,20181217-101853,AL18121450676,,OK,MAX,1,2,AUTO,0.10,4.40,0.39,OK,0.10,4.40,0.47,OK,
[10:19:05] : 측정요구3 ON
[10:19:12] : 측정요구3 OFF
[10:19:12] : 측정요구4 ON
[10:19:20] : 측정요구4 OFF
[10:19:20] : 61,20181217-101920,AL18121450916,,OK,MAX,2,2,AUTO,0.10,4.40,0.72,OK,0.10,4.40,0.50,OK,
[10:19:31] : AUTO RUNNING OFF
[10:20:35] : MEAS ESC ON
[10:20:35] : MEAS ESC OFF
[10:20:35] : AUTO RUNNING ON
[10:20:45] : AUTO RUNNING OFF
[10:20:54] : MEAS ESC ON
[10:20:55] : MEAS ESC OFF
[10:20:55] : AUTO RUNNING ON
[10:21:19] : AUTO RUNNING OFF
[10:23:22] : MEAS ESC ON
[10:23:22] : MEAS ESC OFF
[10:23:22] : AUTO RUNNING ON
[10:25:57] : REQUEST MEAS. ON
[10:26:04] : REQUEST MEAS. OFF
[10:26:04] : 측정요구 ON 2
[10:26:11] : 측정요구 2OFF
[10:26:11] : 61,20181217-102612,AL18121450866,,OK,MAX,1,2,AUTO,0.10,4.40,1.41,OK,0.10,4.40,1.27,OK,
[10:26:39] : AUTO RUNNING OFF
[10:27:11] : MEAS ESC ON
[10:27:12] : MEAS ESC OFF
[10:27:12] : AUTO RUNNING ON
[10:27:45] : REQUEST MEAS. ON
[10:27:52] : REQUEST MEAS. OFF
[10:27:52] : 측정요구 ON 2
[10:27:59] : 측정요구 2OFF
[10:27:59] : 61,20181217-102800,AL18121450686,,OK,MAX,1,2,AUTO,0.10,4.40,0.43,OK,0.10,4.40,0.50,OK,
[10:28:01] : 측정요구3 ON
[10:28:08] : 측정요구3 OFF
[10:28:08] : 측정요구4 ON
[10:28:16] : 측정요구4 OFF
[10:28:16] : 61,20181217-102816,AL18121450936,,OK,MAX,2,3,AUTO,0.10,4.40,1.07,OK,0.10,4.40,0.83,OK,
[10:28:31] : REQUEST MEAS. ON
[10:28:38] : REQUEST MEAS. OFF
[10:28:38] : 측정요구 ON 2
[10:28:46] : 측정요구 2OFF
[10:28:46] : 61,20181217-102846,AL18121450976,,OK,MAX,1,2,AUTO,0.10,4.40,2.31,OK,0.10,4.40,1.81,OK,
[10:29:08] : AUTO RUNNING OFF
[10:35:47] : MEAS ESC ON
[10:35:47] : MEAS ESC OFF
[10:35:47] : AUTO RUNNING ON
[10:36:38] : REQUEST MEAS. ON
[10:36:46] : REQUEST MEAS. OFF
[10:36:46] : 측정요구 ON 2
[10:36:53] : 측정요구 2OFF
[10:36:53] : 61,20181217-103653,AL18121450986,,OK,MAX,1,2,AUTO,0.10,4.40,1.60,OK,0.10,4.40,1.51,OK,
[10:42:19] : REQUEST MEAS. ON
[10:42:26] : REQUEST MEAS. OFF
[10:42:26] : 측정요구 ON 2
[10:42:34] : 측정요구 2OFF
[10:42:34] : 61,20181217-104235,AL18121450406,,OK,MAX,1,2,AUTO,0.10,4.40,1.62,OK,0.10,4.40,1.26,OK,
[10:42:48] : 측정요구3 ON
[10:42:55] : 측정요구3 OFF
[10:42:55] : 측정요구4 ON
[10:43:02] : 측정요구4 OFF
[10:43:02] : 61,20181217-104303,AL18121450876,,OK,MAX,2,2,AUTO,0.10,4.40,0.67,OK,0.10,4.40,0.46,OK,
[10:43:15] : REQUEST MEAS. ON
[10:43:22] : REQUEST MEAS. OFF
[10:43:22] : 측정요구 ON 2
[10:43:30] : 측정요구 2OFF
[10:43:30] : 61,20181217-104331,AL18121450816,,OK,MAX,1,2,AUTO,0.10,4.40,1.23,OK,0.10,4.40,0.91,OK,
[10:43:43] : 측정요구3 ON
[10:43:51] : 측정요구3 OFF
[10:43:51] : 측정요구4 ON
[10:43:58] : 측정요구4 OFF
[10:43:58] : 61,20181217-104359,AL18121450826,,OK,MAX,2,2,AUTO,0.10,4.40,1.03,OK,0.10,4.40,0.59,OK,
[10:45:01] : AUTO RUNNING OFF
[10:45:55] : MEAS ESC ON
[10:45:56] : MEAS ESC OFF
[10:45:56] : AUTO RUNNING ON
[10:46:32] : AUTO RUNNING OFF
[10:49:25] : MEAS ESC ON
[10:49:26] : MEAS ESC OFF
[10:49:26] : AUTO RUNNING ON
[11:09:00] : AUTO RUNNING OFF
[11:20:57] : MEAS ESC ON
[11:20:58] : MEAS ESC OFF
[11:20:58] : AUTO RUNNING ON
[11:23:13] : AUTO RUNNING OFF
[11:25:38] : MEAS ESC ON
[11:25:39] : MEAS ESC OFF
[11:25:39] : AUTO RUNNING ON
[11:25:53] : AUTO RUNNING OFF
[11:26:06] : MEAS ESC ON
[11:26:07] : MEAS ESC OFF
[11:26:07] : AUTO RUNNING ON
[11:38:44] : REQUEST MEAS. ON
[11:38:51] : REQUEST MEAS. OFF
[11:38:51] : 측정요구 ON 2
[11:38:58] : 측정요구 2OFF
[11:38:58] : 61,20181217-113859,AL18121450406,,OK,MAX,1,2,AUTO,0.10,4.40,1.32,OK,0.10,4.40,1.05,OK,
[11:39:14] : 측정요구3 ON
[11:39:21] : 측정요구3 OFF
[11:39:21] : 측정요구4 ON
[11:39:28] : 측정요구4 OFF
[11:39:28] : 61,20181217-113929,AL18121450876,,OK,MAX,2,3,AUTO,0.10,4.40,0.85,OK,0.10,4.40,0.98,OK,
[11:39:42] : REQUEST MEAS. ON
[11:39:49] : REQUEST MEAS. OFF
[11:39:49] : 측정요구 ON 2
[11:39:57] : 측정요구 2OFF
[11:39:57] : 61,20181217-113958,AL18121450686,,OK,MAX,1,2,AUTO,0.10,4.40,0.58,OK,0.10,4.40,0.82,OK,
[11:40:32] : REQUEST MEAS. ON
[11:40:39] : REQUEST MEAS. OFF
[11:40:39] : 측정요구 ON 2
[11:40:46] : 측정요구 2OFF
[11:40:46] : 61,20181217-114047,AL18121450816,,OK,MAX,1,2,AUTO,0.10,4.40,0.93,OK,0.10,4.40,0.82,OK,
[11:41:20] : REQUEST MEAS. ON
[11:41:28] : REQUEST MEAS. OFF
[11:41:28] : 측정요구 ON 2
[11:41:35] : 측정요구 2OFF
[11:41:35] : 61,20181217-114136,AL18121450986,,OK,MAX,1,2,AUTO,0.10,4.40,1.70,OK,0.10,4.40,1.59,OK,
[11:41:47] : 측정요구3 ON
[11:41:54] : 측정요구3 OFF
[11:41:54] : 측정요구4 ON
[11:42:02] : 측정요구4 OFF
[11:42:02] : 61,20181217-114202,AL18121450396,,OK,MAX,2,3,AUTO,0.10,4.40,0.91,OK,0.10,4.40,0.73,OK,
 
[12:03:05] : REQUEST MEAS. ON
[12:03:12] : REQUEST MEAS. OFF
[12:03:12] : 측정요구 ON 2
[12:03:20] : 측정요구 2OFF
[12:03:20] : 61,20181217-120321,AL18121450976,,OK,MAX,1,2,AUTO,0.10,4.40,1.63,OK,0.10,4.40,1.26,OK,
[12:03:23] : AUTO RUNNING OFF
[12:03:34] : MEAS ESC ON
[12:03:34] : MEAS ESC OFF
[12:03:34] : AUTO RUNNING ON
[12:03:47] : 측정요구3 ON
[12:03:55] : 측정요구3 OFF
[12:03:55] : 측정요구4 ON
[12:04:02] : 측정요구4 OFF
[12:04:02] : 61,20181217-120403,AL18121450826,,OK,MAX,2,3,AUTO,0.10,4.40,0.93,OK,0.10,4.40,0.75,OK,
[12:06:08] : REQUEST MEAS. ON
[12:06:15] : REQUEST MEAS. OFF
[12:06:15] : 측정요구 ON 2
[12:06:22] : 측정요구 2OFF
[12:06:22] : 61,20181217-120622,AL18121450936,,OK,MAX,1,2,AUTO,0.10,4.40,0.82,OK,0.10,4.40,1.34,OK,
[12:07:20] : AUTO RUNNING OFF
[13:21:42] : MEAS ESC ON
[13:21:42] : MEAS ESC OFF
[13:21:42] : AUTO RUNNING ON
[13:22:34] : REQUEST MEAS. ON
[13:22:41] : REQUEST MEAS. OFF
[13:22:41] : 측정요구 ON 2
[13:22:48] : 측정요구 2OFF
[13:22:48] : 61,20181217-132249,AL18121450416,,OK,MAX,1,2,AUTO,0.10,4.40,1.05,OK,0.10,4.40,1.02,OK,
[13:23:23] : AUTO RUNNING OFF
[13:23:58] : MEAS ESC ON
[13:23:58] : MEAS ESC OFF
[13:23:58] : AUTO RUNNING ON
[13:24:31] : REQUEST MEAS. ON
[13:24:38] : REQUEST MEAS. OFF
[13:24:38] : 측정요구 ON 2
[13:24:46] : 측정요구 2OFF
[13:24:46] : 61,20181217-132446,AL18121451006,,OK,MAX,1,2,AUTO,0.10,4.40,0.43,OK,0.10,4.40,0.53,OK,
[13:24:48] : 측정요구3 ON
[13:24:55] : 측정요구3 OFF
[13:24:55] : 측정요구4 ON
[13:25:02] : 측정요구4 OFF
[13:25:02] : 61,20181217-132503,AL18121450986,,OK,MAX,2,3,AUTO,0.10,4.40,1.66,OK,0.10,4.40,1.08,OK,
[13:28:47] : REQUEST MEAS. ON
[13:28:55] : REQUEST MEAS. OFF
[13:28:55] : 측정요구 ON 2
[13:29:02] : 측정요구 2OFF
[13:29:02] : 61,20181217-132902,AL18121450826,,OK,MAX,1,2,AUTO,0.10,4.40,0.45,OK,0.10,4.40,1.05,OK,
[13:30:43] : AUTO RUNNING OFF
[13:30:43] : MEAS ESC ON
[13:30:44] : MEAS ESC OFF
[13:30:44] : AUTO RUNNING ON
[13:31:26] : REQUEST MEAS. ON
[13:31:33] : REQUEST MEAS. OFF
[13:31:33] : 측정요구 ON 2
[13:31:41] : 측정요구 2OFF
[13:31:41] : 61,20181217-133142,AL18121450816,,OK,MAX,1,2,AUTO,0.10,4.40,0.33,OK,0.10,4.40,0.34,OK,
[13:31:43] : 측정요구3 ON
[13:31:50] : 측정요구3 OFF
[13:31:50] : 측정요구4 ON
[13:31:57] : 측정요구4 OFF
[13:31:57] : 61,20181217-133158,AL18121450976,,OK,MAX,2,3,AUTO,0.10,4.40,1.22,OK,0.10,4.40,1.75,OK,
[13:32:29] : AUTO RUNNING OFF
[13:33:18] : MEAS ESC ON
[13:33:19] : MEAS ESC OFF
[13:33:19] : AUTO RUNNING ON
[13:34:43] : REQUEST MEAS. ON
[13:34:50] : REQUEST MEAS. OFF
[13:34:50] : 측정요구 ON 2
[13:34:58] : 측정요구 2OFF
[13:34:58] : 61,20181217-133458,AL18121450686,,OK,MAX,1,2,AUTO,0.10,4.40,0.30,OK,0.10,4.40,0.22,OK,
[13:36:15] : AUTO RUNNING OFF
[13:48:40] : MEAS ESC ON
[13:48:40] : MEAS ESC OFF
[13:48:40] : AUTO RUNNING ON
[13:48:47] : AUTO RUNNING OFF
[13:53:37] : MEAS ESC ON
[13:53:38] : MEAS ESC OFF
[13:53:38] : AUTO RUNNING ON
[13:54:32] : AUTO RUNNING OFF
[14:34:49] : MEAS ESC ON
[14:34:50] : MEAS ESC OFF
[14:34:50] : AUTO RUNNING ON
[14:34:59] : AUTO RUNNING OFF
[14:40:34] : MEAS ESC ON
[14:40:35] : MEAS ESC OFF
[14:40:35] : AUTO RUNNING ON
[14:41:07] : AUTO RUNNING OFF
[14:41:08] : MEAS ESC ON
[14:41:09] : MEAS ESC OFF
[14:41:09] : AUTO RUNNING ON
[14:41:31] : AUTO RUNNING OFF
[14:42:22] : MEAS ESC ON
[14:42:22] : MEAS ESC OFF
[14:42:22] : AUTO RUNNING ON
[14:42:39] : AUTO RUNNING OFF
[14:42:53] : MEAS ESC ON
[14:42:57] : MEAS ESC OFF
[14:43:00] : MEAS ESC ON
[14:43:00] : MEAS ESC OFF
[14:43:00] : AUTO RUNNING ON
[14:43:05] : AUTO RUNNING OFF
[14:43:39] : MEAS ESC ON
[14:43:44] : MEAS ESC OFF
[14:43:44] : AUTO RUNNING ON
[14:44:22] : AUTO RUNNING OFF
[14:45:15] : MEAS ESC ON
[14:45:16] : MEAS ESC OFF
[14:45:16] : AUTO RUNNING ON
[14:45:19] : AUTO RUNNING OFF
[14:45:55] : MEAS ESC ON
[14:45:55] : MEAS ESC OFF
[14:45:55] : AUTO RUNNING ON
[14:46:11] : REQUEST MEAS. ON
[14:46:18] : REQUEST MEAS. OFF
[14:46:18] : 측정요구 ON 2
[14:46:25] : 측정요구 2OFF
[14:46:25] : 61,20181217-144626,,,OK,MAX,1,2,AUTO,0.10,4.40,0.80,OK,0.10,4.40,0.79,OK,
[14:54:29] : REQUEST MEAS. ON
[14:54:36] : REQUEST MEAS. OFF
[14:54:36] : 측정요구 ON 2
[14:54:43] : 측정요구 2OFF
[14:54:43] : 61,20181217-145444,AL18121450396,,OK,MAX,1,2,AUTO,0.10,4.40,1.55,OK,0.10,4.40,1.81,OK,
[14:55:52] : REQUEST MEAS. ON
[14:55:59] : REQUEST MEAS. OFF
[14:55:59] : 측정요구 ON 2
[14:56:07] : 측정요구 2OFF
[14:56:07] : 61,20181217-145607,AL18121450826,,OK,MAX,1,2,AUTO,0.10,4.40,0.62,OK,0.10,4.40,0.52,OK,
[14:59:56] : REQUEST MEAS. ON
[15:00:03] : REQUEST MEAS. OFF
[15:00:03] : 측정요구 ON 2
[15:00:11] : 측정요구 2OFF
[15:00:11] : 61,20181217-150011,AL18121450686,,OK,MAX,1,2,AUTO,0.10,4.40,0.43,OK,0.10,4.40,0.32,OK,
[15:00:12] : 측정요구3 ON
[15:00:19] : 측정요구3 OFF
[15:00:19] : 측정요구4 ON
[15:00:27] : 측정요구4 OFF
[15:00:27] : 61,20181217-150028,AL18121450816,,OK,MAX,2,3,AUTO,0.10,4.40,1.11,OK,0.10,4.40,0.70,OK,
[15:00:43] : REQUEST MEAS. ON
[15:00:50] : REQUEST MEAS. OFF
[15:00:50] : 측정요구 ON 2
[15:00:57] : 측정요구 2OFF
[15:00:57] : 61,20181217-150058,AL18121451006,,OK,MAX,1,2,AUTO,0.10,4.40,0.26,OK,0.10,4.40,0.55,OK,
[15:01:39] : AUTO RUNNING OFF
[15:01:45] : MEAS ESC ON
[15:01:46] : MEAS ESC OFF
[15:01:46] : AUTO RUNNING ON
[15:03:28] : REQUEST MEAS. ON
[15:03:35] : REQUEST MEAS. OFF
[15:03:35] : 측정요구 ON 2
[15:03:43] : 측정요구 2OFF
[15:03:43] : 61,20181217-150344,AL18121450596,,OK,MAX,1,2,AUTO,0.10,4.40,1.37,OK,0.10,4.40,0.98,OK,
[15:09:28] : AUTO RUNNING OFF
[15:09:32] : MEAS ESC ON
[15:09:32] : MEAS ESC OFF
[15:09:32] : AUTO RUNNING ON
[15:11:38] : AUTO RUNNING OFF
[15:14:22] : MEAS ESC ON
[15:14:23] : MEAS ESC OFF
[15:14:23] : AUTO RUNNING ON
[15:14:41] : AUTO RUNNING OFF
[15:14:44] : MEAS ESC ON
[15:14:45] : MEAS ESC OFF
[15:14:45] : AUTO RUNNING ON
[15:17:25] : AUTO RUNNING OFF
[15:23:49] : MEAS ESC ON
[15:23:50] : MEAS ESC OFF
[15:23:50] : AUTO RUNNING ON
[15:23:58] : AUTO RUNNING OFF
[15:25:53] : MEAS ESC ON
[15:25:54] : MEAS ESC OFF
[15:25:54] : AUTO RUNNING ON
[15:27:15] : AUTO RUNNING OFF
[15:45:20] : MEAS ESC ON
[15:45:20] : MEAS ESC OFF
[15:45:20] : AUTO RUNNING ON
[15:45:47] : REQUEST MEAS. ON
[15:45:55] : REQUEST MEAS. OFF
[15:45:55] : 측정요구 ON 2
[15:46:02] : 측정요구 2OFF
[15:46:02] : 61,20181217-154602,AL18121450936,,OK,MAX,1,2,AUTO,0.10,4.40,1.21,OK,0.10,4.40,0.80,OK,
[15:46:27] : AUTO RUNNING OFF
[15:47:22] : MEAS ESC ON
[15:47:23] : MEAS ESC OFF
[15:47:23] : AUTO RUNNING ON
[15:47:42] : REQUEST MEAS. ON
[15:47:49] : REQUEST MEAS. OFF
[15:47:49] : 측정요구 ON 2
[15:47:57] : 측정요구 2OFF
[15:47:57] : 61,20181217-154758,AL18121450676,,OK,MAX,1,2,AUTO,0.10,4.40,0.77,OK,0.10,4.40,0.77,OK,
[15:47:59] : 측정요구3 ON
[15:48:06] : 측정요구3 OFF
[15:48:06] : 측정요구4 ON
[15:48:13] : 측정요구4 OFF
[15:48:13] : 61,20181217-154814,AL18121450386,,OK,MAX,2,3,AUTO,0.10,4.40,1.01,OK,0.10,4.40,0.82,OK,
[15:48:25] : REQUEST MEAS. ON
[15:48:33] : REQUEST MEAS. OFF
[15:48:33] : 측정요구 ON 2
[15:48:40] : 측정요구 2OFF
[15:48:40] : 61,20181217-154841,AL18121450866,,OK,MAX,1,2,AUTO,0.10,4.40,1.80,OK,0.10,4.40,1.46,OK,
[15:48:43] : 측정요구3 ON
[15:48:50] : 측정요구3 OFF
[15:48:50] : 측정요구4 ON
[15:48:58] : 측정요구4 OFF
[15:48:58] : 61,20181217-154859,AL18121450636,,OK,MAX,2,3,AUTO,0.10,4.40,0.84,OK,0.10,4.40,0.90,OK,
[15:49:55] : REQUEST MEAS. ON
[15:50:02] : REQUEST MEAS. OFF
[15:50:02] : 측정요구 ON 2
[15:50:09] : 측정요구 2OFF
[15:50:09] : 61,20181217-155010,AL18121450406,,OK,MAX,1,2,AUTO,0.10,4.40,1.19,OK,0.10,4.40,1.02,OK,
[15:51:32] : 측정요구3 ON
[15:51:40] : 측정요구3 OFF
[15:51:40] : 측정요구4 ON
[15:51:47] : 측정요구4 OFF
[15:51:47] : 61,20181217-155148,AL18121450976,,OK,MAX,2,3,AUTO,0.10,4.40,1.46,OK,0.10,4.40,0.95,OK,
[15:52:48] : REQUEST MEAS. ON
[15:52:55] : REQUEST MEAS. OFF
[15:52:55] : 측정요구 ON 2
[15:53:02] : 측정요구 2OFF
[15:53:02] : 61,20181217-155303,AL18121450876,,OK,MAX,1,2,AUTO,0.10,4.40,0.87,OK,0.10,4.40,0.65,OK,
[15:53:02] : 측정요구3 ON
[15:53:11] : 측정요구3 OFF
[15:53:11] : 측정요구4 ON
[15:53:18] : 측정요구4 OFF
[15:53:18] : 61,20181217-155319,AL18121450416,,OK,MAX,2,3,AUTO,0.10,4.40,1.12,OK,0.10,4.40,0.80,OK,
[15:53:30] : REQUEST MEAS. ON
[15:53:37] : REQUEST MEAS. OFF
[15:53:38] : 측정요구 ON 2
[15:53:45] : 측정요구 2OFF
[15:53:45] : 61,20181217-155346,AL18121450956,,OK,MAX,1,2,AUTO,0.10,4.40,1.65,OK,0.10,4.40,1.52,OK,
[15:55:12] : AUTO RUNNING OFF
[16:17:16] : MEAS ESC ON
[16:17:16] : MEAS ESC OFF
[16:17:16] : AUTO RUNNING ON
[16:17:23] : AUTO RUNNING OFF
[16:18:30] : MEAS ESC ON
[16:18:30] : MEAS ESC OFF
[16:18:30] : AUTO RUNNING ON
[16:19:26] : AUTO RUNNING OFF
[17:07:11] : MEAS ESC ON
[17:07:11] : MEAS ESC OFF
[17:07:11] : AUTO RUNNING ON
[17:08:32] : AUTO RUNNING OFF
[17:20:09] : MEAS ESC ON
[17:20:10] : MEAS ESC OFF
[17:20:10] : AUTO RUNNING ON
[17:20:13] : AUTO RUNNING OFF
[17:20:18] : MEAS ESC ON
[17:20:18] : MEAS ESC OFF
[17:20:18] : AUTO RUNNING ON
[17:21:24] : AUTO RUNNING OFF
[17:36:34] : MEAS ESC ON
[17:36:34] : MEAS ESC OFF
[17:36:34] : AUTO RUNNING ON
[17:36:39] : AUTO RUNNING OFF
[17:36:42] : MEAS ESC ON
[17:36:44] : MEAS ESC OFF
[17:36:44] : AUTO RUNNING ON
[17:36:49] : AUTO RUNNING OFF
[17:38:35] : MEAS ESC ON
[17:38:35] : MEAS ESC OFF
[17:38:35] : AUTO RUNNING ON
[17:41:07] : AUTO RUNNING OFF
[17:43:19] : MEAS ESC ON
[17:43:20] : MEAS ESC OFF
[17:43:20] : AUTO RUNNING ON
[17:44:11] : AUTO RUNNING OFF
[17:48:31] : MEAS ESC ON
[17:48:32] : MEAS ESC OFF
[17:48:32] : AUTO RUNNING ON
[17:48:46] : AUTO RUNNING OFF
[17:50:15] : MEAS ESC ON
[17:50:15] : MEAS ESC OFF
[17:50:15] : AUTO RUNNING ON
[19:52:49] : AUTO RUNNING OFF
[19:52:51] : MEAS ESC ON
[20:23:59] : MEAS ESC OFF
[20:24:01] : MEAS ESC ON
[20:29:03] : MEAS ESC OFF
[20:29:07] : MEAS ESC ON
[20:45:07] : MEAS ESC OFF
[20:45:25] : REQUEST MEAS. ON
[20:45:32] : REQUEST MEAS. OFF
[20:45:32] : 0
[20:45:32] : 측정요구 ON 2
[20:45:40] : 측정요구 2OFF
[20:45:40] : 0
 
