[08:59:37] : Cycle start ON
[08:59:40] : Cycle start OFF
[08:59:46] : REQUEST MEAS. ON
[08:59:49] : REQUEST MEAS. OFF
[09:00:20] : Cycle start ON
[09:00:23] : Cycle start OFF
[09:00:29] : REQUEST MEAS. ON
[09:00:32] : REQUEST MEAS. OFF
[09:00:57] : Cycle start ON
[09:01:00] : Cycle start OFF
[09:01:06] : REQUEST MEAS. ON
[09:01:09] : REQUEST MEAS. OFF
[09:05:46] : Cycle start ON
[09:05:49] : Cycle start OFF
[09:05:56] : REQUEST MEAS. ON
[09:05:59] : REQUEST MEAS. OFF
[09:06:09] : Cycle start ON
[09:06:12] : Cycle start OFF
[09:06:18] : REQUEST MEAS. ON
[09:06:21] : REQUEST MEAS. OFF
[09:06:29] : Cycle start ON
[09:06:31] : Cycle start OFF
[09:06:38] : REQUEST MEAS. ON
[09:06:41] : REQUEST MEAS. OFF
[10:42:12] : MEAS ESC ON
[10:42:12] : M3401 : MAIN AIR ALARM ON
[10:44:24] : M3404 :	셔틀 리프트 하상 알람 ON
[10:44:29] : M3403 :	셔틀 유닛 전후 알람 ON
[10:51:21] : MEAS ESC OFF
[10:51:21] : RESET ON
[10:51:21] : M3401 : MAIN AIR ALARM OFF
[10:51:21] : M3403 :	셔틀 유닛 전후 알람 OFF
[10:51:21] : M3404 :	셔틀 리프트 하상 알람 OFF
[10:55:28] : MEAS ESC ON
[10:55:28] : m3406 : 센터푸셔 유닛 전후 알람 ON
[10:56:16] : MEAS ESC OFF
[10:56:16] : RESET ON
[10:56:16] : m3406 : 센터푸셔 유닛 전후 알람 OFF
[10:57:34] : MEAS ESC ON
[10:57:34] : m3406 : 센터푸셔 유닛 전후 알람 ON
[10:58:20] : MEAS ESC OFF
[10:58:20] : RESET ON
[10:58:20] : m3406 : 센터푸셔 유닛 전후 알람 OFF
[11:06:20] : MEAS ESC ON
[11:06:20] : M3400 : 비상입니다. ON
[11:06:25] : MEAS ESC OFF
[11:06:25] : RESET ON
[11:06:25] : M3400 : 비상입니다. OFF
[11:06:26] : MEAS ESC ON
[11:06:26] : M3400 : 비상입니다. ON
[11:06:27] : MEAS ESC OFF
[11:06:27] : RESET ON
[11:06:27] : M3400 : 비상입니다. OFF
[11:07:44] : MEAS ESC ON
[11:07:44] : m3406 : 센터푸셔 유닛 전후 알람 ON
[11:07:54] : MEAS ESC OFF
[11:07:54] : RESET ON
[11:07:54] : m3406 : 센터푸셔 유닛 전후 알람 OFF
[11:10:07] : MEAS ESC ON
[11:10:07] : m3406 : 센터푸셔 유닛 전후 알람 ON
[11:10:13] : MEAS ESC OFF
[11:10:13] : RESET ON
[11:10:13] : m3406 : 센터푸셔 유닛 전후 알람 OFF
[11:10:44] : Cycle start ON
[11:10:47] : Cycle start OFF
[11:10:50] : M3418 :	 ON
[11:10:57] : MEAS ESC ON
[11:10:57] : M3400 : 비상입니다. ON
[11:10:58] : MEAS ESC OFF
[11:10:58] : RESET ON
[11:10:58] : M3400 : 비상입니다. OFF
[11:10:58] : M3418 :	 OFF
[11:12:06] : Cycle start ON
[11:12:08] : Cycle start OFF
[11:12:12] : MEAS ESC ON
[11:12:12] : M3418 :	 ON
[11:12:22] : m3406 : 센터푸셔 유닛 전후 알람 ON
[11:12:46] : MEAS ESC OFF
[11:12:46] : RESET ON
[11:12:46] : m3406 : 센터푸셔 유닛 전후 알람 OFF
[11:12:46] : M3418 :	 OFF
[11:25:52] : Cycle start ON
[11:25:53] : MEAS ESC ON
[11:25:53] : Cycle start OFF
[11:25:53] : M3419 :	측정동작중 제품탈락 알람 ON
[11:25:56] : MEAS ESC OFF
[11:25:56] : RESET ON
[11:25:56] : M3419 :	측정동작중 제품탈락 알람 OFF
[11:26:03] : Cycle start ON
[11:26:06] : Cycle start OFF
[11:26:07] : MEAS ESC ON
[11:26:07] : M3419 :	측정동작중 제품탈락 알람 ON
[11:26:10] : MEAS ESC OFF
[11:26:10] : RESET ON
[11:26:10] : M3419 :	측정동작중 제품탈락 알람 OFF
[11:27:23] : Cycle start ON
[11:27:26] : Cycle start OFF
[11:27:32] : REQUEST MEAS. ON
[11:27:35] : REQUEST MEAS. OFF
[11:27:43] : Cycle start ON
[11:27:46] : Cycle start OFF
[11:27:52] : REQUEST MEAS. ON
[11:27:55] : REQUEST MEAS. OFF
[11:28:03] : Cycle start ON
[11:28:06] : Cycle start OFF
[11:28:13] : REQUEST MEAS. ON
[11:28:15] : REQUEST MEAS. OFF
[11:28:23] : Cycle start ON
[11:28:26] : Cycle start OFF
[11:28:33] : REQUEST MEAS. ON
[11:28:35] : REQUEST MEAS. OFF
[11:28:43] : Cycle start ON
[11:28:46] : Cycle start OFF
[11:28:52] : REQUEST MEAS. ON
[11:28:55] : REQUEST MEAS. OFF
[11:29:23] : Cycle start ON
[11:29:26] : Cycle start OFF
[11:29:32] : REQUEST MEAS. ON
[11:29:35] : REQUEST MEAS. OFF
[11:29:42] : Cycle start ON
[11:29:45] : Cycle start OFF
[11:29:52] : REQUEST MEAS. ON
[11:29:54] : REQUEST MEAS. OFF
[11:30:02] : Cycle start ON
[11:30:05] : Cycle start OFF
[11:30:11] : REQUEST MEAS. ON
[11:30:14] : REQUEST MEAS. OFF
[11:30:22] : Cycle start ON
[11:30:25] : Cycle start OFF
[11:30:32] : REQUEST MEAS. ON
[11:30:34] : REQUEST MEAS. OFF
[11:30:42] : Cycle start ON
[11:30:45] : Cycle start OFF
[11:30:51] : REQUEST MEAS. ON
[11:30:54] : REQUEST MEAS. OFF
[11:31:02] : Cycle start ON
[11:31:05] : Cycle start OFF
[11:31:11] : REQUEST MEAS. ON
[11:31:14] : REQUEST MEAS. OFF
[11:31:22] : Cycle start ON
[11:31:25] : Cycle start OFF
[11:31:32] : REQUEST MEAS. ON
[11:31:34] : REQUEST MEAS. OFF
[11:31:43] : Cycle start ON
[11:31:45] : Cycle start OFF
[11:31:52] : REQUEST MEAS. ON
[11:31:54] : REQUEST MEAS. OFF
[11:32:03] : Cycle start ON
[11:32:05] : Cycle start OFF
[11:32:12] : REQUEST MEAS. ON
[11:32:14] : REQUEST MEAS. OFF
[11:32:22] : Cycle start ON
[11:32:25] : Cycle start OFF
[11:32:31] : REQUEST MEAS. ON
[11:32:34] : REQUEST MEAS. OFF
[11:32:41] : Cycle start ON
[11:32:44] : Cycle start OFF
[11:32:50] : REQUEST MEAS. ON
[11:32:53] : REQUEST MEAS. OFF
[11:33:01] : Cycle start ON
[11:33:04] : Cycle start OFF
[11:33:10] : REQUEST MEAS. ON
[11:33:13] : REQUEST MEAS. OFF
[11:33:22] : Cycle start ON
[11:33:24] : Cycle start OFF
[11:33:31] : REQUEST MEAS. ON
[11:33:33] : REQUEST MEAS. OFF
[11:33:41] : Cycle start ON
[11:33:44] : Cycle start OFF
[11:33:50] : REQUEST MEAS. ON
[11:33:53] : REQUEST MEAS. OFF
[11:34:01] : Cycle start ON
[11:34:04] : Cycle start OFF
[11:34:10] : REQUEST MEAS. ON
[11:34:13] : REQUEST MEAS. OFF
[11:34:21] : Cycle start ON
[11:34:24] : Cycle start OFF
[11:34:30] : REQUEST MEAS. ON
[11:34:33] : REQUEST MEAS. OFF
[11:34:41] : Cycle start ON
[11:34:44] : Cycle start OFF
[11:34:50] : REQUEST MEAS. ON
[11:34:53] : REQUEST MEAS. OFF
[11:35:01] : Cycle start ON
[11:35:03] : Cycle start OFF
[11:35:10] : REQUEST MEAS. ON
[11:35:12] : REQUEST MEAS. OFF
[11:35:20] : Cycle start ON
[11:35:23] : Cycle start OFF
[11:35:29] : REQUEST MEAS. ON
[11:35:32] : REQUEST MEAS. OFF
[11:35:40] : Cycle start ON
[11:35:43] : Cycle start OFF
[11:35:49] : REQUEST MEAS. ON
[11:35:52] : REQUEST MEAS. OFF
[11:36:00] : Cycle start ON
[11:36:03] : Cycle start OFF
[11:36:09] : REQUEST MEAS. ON
[11:36:12] : REQUEST MEAS. OFF
[11:36:20] : Cycle start ON
[11:36:23] : Cycle start OFF
[11:36:29] : REQUEST MEAS. ON
[11:36:32] : REQUEST MEAS. OFF
[11:36:40] : Cycle start ON
[11:36:43] : Cycle start OFF
[11:36:49] : REQUEST MEAS. ON
[11:36:52] : REQUEST MEAS. OFF
[11:36:59] : Cycle start ON
[11:37:02] : Cycle start OFF
[11:37:08] : REQUEST MEAS. ON
[11:37:11] : REQUEST MEAS. OFF
[11:37:19] : Cycle start ON
[11:37:22] : Cycle start OFF
[11:37:28] : REQUEST MEAS. ON
[11:37:31] : REQUEST MEAS. OFF
[11:37:39] : Cycle start ON
[11:37:42] : Cycle start OFF
[11:37:48] : REQUEST MEAS. ON
[11:37:51] : REQUEST MEAS. OFF
[11:37:59] : Cycle start ON
[11:38:02] : Cycle start OFF
[11:38:08] : REQUEST MEAS. ON
[11:38:11] : REQUEST MEAS. OFF
[11:38:19] : Cycle start ON
[11:38:22] : Cycle start OFF
[11:38:28] : REQUEST MEAS. ON
[11:38:31] : REQUEST MEAS. OFF
[11:38:38] : Cycle start ON
[11:38:41] : Cycle start OFF
[11:38:47] : REQUEST MEAS. ON
[11:38:50] : REQUEST MEAS. OFF
[11:38:59] : Cycle start ON
[11:39:01] : Cycle start OFF
[11:39:08] : REQUEST MEAS. ON
[11:39:10] : REQUEST MEAS. OFF
[11:48:47] : Cycle start ON
[11:48:49] : Cycle start OFF
[11:48:56] : REQUEST MEAS. ON
[11:48:59] : REQUEST MEAS. OFF
[11:49:07] : Cycle start ON
[11:49:09] : Cycle start OFF
[11:49:16] : REQUEST MEAS. ON
[11:49:18] : REQUEST MEAS. OFF
[11:49:27] : Cycle start ON
[11:49:29] : Cycle start OFF
[11:49:36] : REQUEST MEAS. ON
[11:49:38] : REQUEST MEAS. OFF
[11:49:47] : Cycle start ON
[11:49:49] : Cycle start OFF
[11:49:56] : REQUEST MEAS. ON
[11:49:58] : REQUEST MEAS. OFF
 
[11:50:06] : Cycle start ON
[11:50:09] : Cycle start OFF
[11:50:15] : REQUEST MEAS. ON
[11:50:18] : REQUEST MEAS. OFF
[11:50:26] : Cycle start ON
[11:50:29] : Cycle start OFF
[11:50:35] : REQUEST MEAS. ON
[11:50:38] : REQUEST MEAS. OFF
[11:50:47] : Cycle start ON
[11:50:49] : Cycle start OFF
[11:50:56] : REQUEST MEAS. ON
[11:50:58] : REQUEST MEAS. OFF
[11:51:06] : Cycle start ON
[11:51:08] : Cycle start OFF
[11:51:15] : REQUEST MEAS. ON
[11:51:17] : REQUEST MEAS. OFF
[11:51:25] : Cycle start ON
[11:51:28] : Cycle start OFF
[11:51:34] : REQUEST MEAS. ON
[11:51:37] : REQUEST MEAS. OFF
[11:51:46] : Cycle start ON
[11:51:48] : Cycle start OFF
[11:51:55] : REQUEST MEAS. ON
[11:51:57] : REQUEST MEAS. OFF
[11:52:05] : Cycle start ON
[11:52:08] : Cycle start OFF
[11:52:14] : REQUEST MEAS. ON
[11:52:17] : REQUEST MEAS. OFF
[11:52:26] : Cycle start ON
[11:52:28] : Cycle start OFF
[11:52:35] : REQUEST MEAS. ON
[11:52:37] : REQUEST MEAS. OFF
[11:52:46] : Cycle start ON
[11:52:48] : Cycle start OFF
[11:52:55] : REQUEST MEAS. ON
[11:52:57] : REQUEST MEAS. OFF
[11:53:05] : Cycle start ON
[11:53:08] : Cycle start OFF
[11:53:14] : REQUEST MEAS. ON
[11:53:17] : REQUEST MEAS. OFF
[11:53:26] : Cycle start ON
[11:53:28] : Cycle start OFF
[11:53:34] : REQUEST MEAS. ON
[11:53:37] : REQUEST MEAS. OFF
[11:53:46] : Cycle start ON
[11:53:48] : Cycle start OFF
[11:53:54] : REQUEST MEAS. ON
[11:53:57] : REQUEST MEAS. OFF
[11:54:05] : Cycle start ON
[11:54:08] : Cycle start OFF
[11:54:14] : REQUEST MEAS. ON
[11:54:17] : REQUEST MEAS. OFF
[11:54:26] : Cycle start ON
[11:54:28] : Cycle start OFF
[11:54:34] : REQUEST MEAS. ON
[11:54:37] : REQUEST MEAS. OFF
[11:54:45] : Cycle start ON
[11:54:47] : Cycle start OFF
[11:54:54] : REQUEST MEAS. ON
[11:54:56] : REQUEST MEAS. OFF
[11:55:05] : Cycle start ON
[11:55:07] : Cycle start OFF
[11:55:14] : REQUEST MEAS. ON
[11:55:16] : REQUEST MEAS. OFF
[11:55:25] : Cycle start ON
[11:55:27] : Cycle start OFF
[11:55:34] : REQUEST MEAS. ON
[11:55:36] : REQUEST MEAS. OFF
[11:55:45] : Cycle start ON
[11:55:47] : Cycle start OFF
[11:55:54] : REQUEST MEAS. ON
[11:55:56] : REQUEST MEAS. OFF
[11:56:05] : Cycle start ON
[11:56:07] : Cycle start OFF
[11:56:14] : REQUEST MEAS. ON
[11:56:16] : REQUEST MEAS. OFF
[11:56:25] : Cycle start ON
[11:56:27] : Cycle start OFF
[11:56:34] : REQUEST MEAS. ON
[11:56:36] : REQUEST MEAS. OFF
[11:56:45] : Cycle start ON
[11:56:47] : Cycle start OFF
[11:56:54] : REQUEST MEAS. ON
[11:56:56] : REQUEST MEAS. OFF
[11:57:05] : Cycle start ON
[11:57:07] : Cycle start OFF
[11:57:14] : REQUEST MEAS. ON
[11:57:17] : REQUEST MEAS. OFF
[11:57:24] : Cycle start ON
[11:57:27] : Cycle start OFF
[11:57:33] : REQUEST MEAS. ON
[11:57:36] : REQUEST MEAS. OFF
[11:57:45] : Cycle start ON
[11:57:47] : Cycle start OFF
[11:57:53] : REQUEST MEAS. ON
[11:57:56] : REQUEST MEAS. OFF
[11:58:05] : Cycle start ON
[11:58:07] : Cycle start OFF
[11:58:14] : REQUEST MEAS. ON
[11:58:16] : REQUEST MEAS. OFF
[11:58:24] : Cycle start ON
[11:58:27] : Cycle start OFF
[11:58:33] : REQUEST MEAS. ON
[11:58:36] : REQUEST MEAS. OFF
[13:31:06] : Cycle start ON
[13:31:09] : Cycle start OFF
[13:31:15] : REQUEST MEAS. ON
[13:31:18] : REQUEST MEAS. OFF
[13:31:27] : Cycle start ON
[13:31:29] : Cycle start OFF
[13:31:35] : REQUEST MEAS. ON
[13:31:38] : REQUEST MEAS. OFF
[13:31:46] : Cycle start ON
[13:31:48] : Cycle start OFF
[13:31:55] : REQUEST MEAS. ON
[13:31:57] : REQUEST MEAS. OFF
[13:32:05] : Cycle start ON
[13:32:08] : Cycle start OFF
[13:32:14] : REQUEST MEAS. ON
[13:32:17] : REQUEST MEAS. OFF
[13:32:25] : MEAS ESC ON
[13:32:25] : M3400 : 비상입니다. ON
[13:32:26] : MEAS ESC OFF
[13:32:26] : RESET ON
[13:32:26] : M3400 : 비상입니다. OFF
[16:13:40] : Cycle start ON
[16:13:43] : Cycle start OFF
[16:13:49] : REQUEST MEAS. ON
[16:13:52] : REQUEST MEAS. OFF
[16:14:00] : Cycle start ON
[16:14:03] : Cycle start OFF
[16:14:09] : REQUEST MEAS. ON
[16:14:12] : REQUEST MEAS. OFF
[16:14:21] : Cycle start ON
[16:14:23] : Cycle start OFF
[16:14:30] : REQUEST MEAS. ON
[16:14:33] : REQUEST MEAS. OFF
[16:14:41] : Cycle start ON
[16:14:43] : Cycle start OFF
[16:14:50] : REQUEST MEAS. ON
[16:14:53] : REQUEST MEAS. OFF
[16:15:01] : Cycle start ON
[16:15:03] : Cycle start OFF
[16:15:10] : REQUEST MEAS. ON
[16:15:13] : REQUEST MEAS. OFF
[16:15:20] : Cycle start ON
[16:15:23] : Cycle start OFF
[16:15:30] : REQUEST MEAS. ON
[16:15:32] : REQUEST MEAS. OFF
[16:15:40] : Cycle start ON
[16:15:41] : MEAS ESC ON
[16:15:41] : Cycle start OFF
[16:15:41] : M3400 : 비상입니다. ON
[16:15:43] : MEAS ESC OFF
[16:15:43] : RESET ON
[16:15:43] : M3400 : 비상입니다. OFF
[16:17:35] : Cycle start ON
[16:17:38] : Cycle start OFF
[16:17:44] : REQUEST MEAS. ON
[16:17:47] : REQUEST MEAS. OFF
[16:17:55] : Cycle start ON
[16:17:58] : Cycle start OFF
[16:18:05] : REQUEST MEAS. ON
[16:18:07] : REQUEST MEAS. OFF
[16:18:14] : MEAS ESC ON
[16:18:14] : M3400 : 비상입니다. ON
[16:18:16] : MEAS ESC OFF
[16:18:16] : RESET ON
[16:18:16] : M3400 : 비상입니다. OFF
[16:19:04] : Cycle start ON
[16:19:07] : Cycle start OFF
[16:19:13] : REQUEST MEAS. ON
[16:19:16] : REQUEST MEAS. OFF
[16:19:24] : Cycle start ON
[16:19:27] : Cycle start OFF
[16:19:34] : REQUEST MEAS. ON
[16:19:36] : REQUEST MEAS. OFF
[16:19:45] : Cycle start ON
[16:19:47] : Cycle start OFF
[16:19:54] : REQUEST MEAS. ON
[16:19:56] : REQUEST MEAS. OFF
[16:20:05] : Cycle start ON
[16:20:07] : Cycle start OFF
[16:20:14] : REQUEST MEAS. ON
[16:20:16] : REQUEST MEAS. OFF
[16:20:25] : Cycle start ON
[16:20:27] : Cycle start OFF
[16:20:34] : REQUEST MEAS. ON
[16:20:36] : REQUEST MEAS. OFF
[16:20:45] : Cycle start ON
[16:20:47] : Cycle start OFF
[16:20:54] : REQUEST MEAS. ON
[16:20:56] : REQUEST MEAS. OFF
[16:23:32] : MEAS ESC ON
[16:23:32] : M3400 : 비상입니다. ON
[16:23:34] : MEAS ESC OFF
[16:23:34] : RESET ON
[16:23:34] : M3400 : 비상입니다. OFF
[16:23:35] : RESET ON
[16:23:35] : RESET ON
[16:23:35] : RESET ON
[16:24:38] : Cycle start ON
[16:24:40] : Cycle start OFF
[16:24:47] : REQUEST MEAS. ON
[16:24:50] : REQUEST MEAS. OFF
[16:24:58] : Cycle start ON
[16:25:00] : Cycle start OFF
[16:25:07] : REQUEST MEAS. ON
[16:25:09] : REQUEST MEAS. OFF
[16:25:18] : Cycle start ON
[16:25:20] : Cycle start OFF
[16:25:27] : REQUEST MEAS. ON
[16:25:29] : REQUEST MEAS. OFF
[16:25:38] : Cycle start ON
[16:25:40] : Cycle start OFF
[16:25:47] : REQUEST MEAS. ON
[16:25:49] : REQUEST MEAS. OFF
[16:25:58] : Cycle start ON
[16:26:00] : Cycle start OFF
[16:26:07] : REQUEST MEAS. ON
[16:26:09] : REQUEST MEAS. OFF
[16:26:18] : Cycle start ON
[16:26:20] : Cycle start OFF
[16:26:27] : REQUEST MEAS. ON
[16:26:30] : REQUEST MEAS. OFF
[16:26:37] : Cycle start ON
[16:26:40] : Cycle start OFF
[16:26:46] : REQUEST MEAS. ON
[16:26:49] : REQUEST MEAS. OFF
[16:26:57] : Cycle start ON
[16:27:00] : Cycle start OFF
[16:27:07] : REQUEST MEAS. ON
[16:27:09] : REQUEST MEAS. OFF
[16:27:17] : Cycle start ON
[16:27:20] : Cycle start OFF
[16:27:26] : REQUEST MEAS. ON
[16:27:29] : REQUEST MEAS. OFF
[16:27:38] : Cycle start ON
[16:27:40] : Cycle start OFF
[16:27:47] : REQUEST MEAS. ON
[16:27:49] : REQUEST MEAS. OFF
[16:27:58] : Cycle start ON
[16:28:00] : Cycle start OFF
[16:28:07] : REQUEST MEAS. ON
[16:28:09] : REQUEST MEAS. OFF
[16:28:18] : Cycle start ON
[16:28:20] : Cycle start OFF
[16:28:27] : REQUEST MEAS. ON
[16:28:29] : REQUEST MEAS. OFF
[16:28:38] : Cycle start ON
[16:28:40] : Cycle start OFF
[16:28:47] : REQUEST MEAS. ON
[16:28:49] : REQUEST MEAS. OFF
[16:28:58] : Cycle start ON
[16:29:00] : Cycle start OFF
[16:29:07] : REQUEST MEAS. ON
[16:29:09] : REQUEST MEAS. OFF
[16:29:18] : Cycle start ON
[16:29:20] : Cycle start OFF
[16:29:27] : REQUEST MEAS. ON
[16:29:30] : REQUEST MEAS. OFF
[16:29:37] : Cycle start ON
[16:29:40] : Cycle start OFF
[16:29:47] : REQUEST MEAS. ON
[16:29:49] : REQUEST MEAS. OFF
[16:29:57] : Cycle start ON
[16:30:00] : Cycle start OFF
[16:30:06] : REQUEST MEAS. ON
[16:30:09] : REQUEST MEAS. OFF
[16:30:17] : Cycle start ON
[16:30:20] : Cycle start OFF
[16:30:26] : REQUEST MEAS. ON
[16:30:29] : REQUEST MEAS. OFF
[16:30:38] : Cycle start ON
[16:30:40] : Cycle start OFF
[16:30:46] : REQUEST MEAS. ON
[16:30:49] : REQUEST MEAS. OFF
[16:30:53] : MEAS ESC ON
[16:30:53] : M3400 : 비상입니다. ON
[16:30:54] : MEAS ESC OFF
[16:30:54] : RESET ON
[16:30:54] : M3400 : 비상입니다. OFF
[16:35:53] : Cycle start ON
[16:35:55] : Cycle start OFF
[16:36:01] : REQUEST ZEROSET ON
[16:36:04] : REQUEST ZEROSET OFF
[16:36:20] : Cycle start ON
[16:36:21] : Cycle start OFF
[16:36:28] : REQUEST ZEROSET ON
[16:36:30] : REQUEST ZEROSET OFF
[16:37:23] : Cycle start ON
[16:37:24] : Cycle start OFF
[16:37:30] : REQUEST ZEROSET ON
[16:37:33] : REQUEST ZEROSET OFF
[16:38:24] : Cycle start ON
[16:38:27] : Cycle start OFF
[16:38:34] : REQUEST MEAS. ON
[16:38:36] : REQUEST MEAS. OFF
[16:38:44] : Cycle start ON
[16:38:47] : Cycle start OFF
[16:38:53] : REQUEST MEAS. ON
[16:38:56] : REQUEST MEAS. OFF
[16:39:05] : Cycle start ON
[16:39:07] : Cycle start OFF
[16:39:14] : REQUEST MEAS. ON
[16:39:16] : REQUEST MEAS. OFF
[16:39:24] : Cycle start ON
[16:39:26] : Cycle start OFF
[16:39:33] : REQUEST MEAS. ON
[16:39:35] : REQUEST MEAS. OFF
[16:39:44] : Cycle start ON
[16:39:46] : Cycle start OFF
[16:39:53] : REQUEST MEAS. ON
[16:39:55] : REQUEST MEAS. OFF
[16:40:04] : Cycle start ON
[16:40:06] : Cycle start OFF
[16:40:12] : REQUEST MEAS. ON
[16:40:15] : REQUEST MEAS. OFF
[16:40:24] : Cycle start ON
[16:40:26] : Cycle start OFF
[16:40:33] : REQUEST MEAS. ON
[16:40:35] : REQUEST MEAS. OFF
[16:40:44] : Cycle start ON
[16:40:46] : Cycle start OFF
[16:40:53] : REQUEST MEAS. ON
[16:40:56] : REQUEST MEAS. OFF
[16:41:03] : Cycle start ON
[16:41:06] : Cycle start OFF
[16:41:12] : REQUEST MEAS. ON
[16:41:15] : REQUEST MEAS. OFF
[16:41:24] : Cycle start ON
[16:41:26] : Cycle start OFF
[16:41:33] : REQUEST MEAS. ON
[16:41:35] : REQUEST MEAS. OFF
[16:41:44] : Cycle start ON
[16:41:46] : Cycle start OFF
[16:41:52] : REQUEST MEAS. ON
[16:41:55] : REQUEST MEAS. OFF
[16:42:04] : Cycle start ON
[16:42:06] : Cycle start OFF
[16:42:13] : REQUEST MEAS. ON
[16:42:15] : REQUEST MEAS. OFF
[16:42:24] : Cycle start ON
[16:42:26] : Cycle start OFF
[16:42:33] : REQUEST MEAS. ON
[16:42:35] : REQUEST MEAS. OFF
[16:42:44] : Cycle start ON
[16:42:46] : Cycle start OFF
[16:42:53] : REQUEST MEAS. ON
[16:42:55] : REQUEST MEAS. OFF
[16:43:04] : Cycle start ON
[16:43:06] : Cycle start OFF
[16:43:13] : REQUEST MEAS. ON
[16:43:16] : REQUEST MEAS. OFF
[16:43:24] : Cycle start ON
[16:43:26] : Cycle start OFF
[16:43:33] : REQUEST MEAS. ON
[16:43:35] : REQUEST MEAS. OFF
[16:43:44] : Cycle start ON
[16:43:46] : Cycle start OFF
[16:43:53] : REQUEST MEAS. ON
[16:43:55] : REQUEST MEAS. OFF
[16:44:04] : Cycle start ON
[16:44:06] : Cycle start OFF
[16:44:13] : REQUEST MEAS. ON
[16:44:16] : REQUEST MEAS. OFF
[16:45:20] : Cycle start ON
[16:45:23] : Cycle start OFF
[16:45:29] : REQUEST MEAS. ON
[16:45:32] : REQUEST MEAS. OFF
[16:45:40] : Cycle start ON
[16:45:43] : Cycle start OFF
[16:45:50] : REQUEST MEAS. ON
[16:45:52] : REQUEST MEAS. OFF
[16:46:01] : Cycle start ON
[16:46:03] : Cycle start OFF
[16:46:10] : REQUEST MEAS. ON
[16:46:12] : REQUEST MEAS. OFF
[16:46:21] : Cycle start ON
[16:46:23] : Cycle start OFF
[16:46:30] : REQUEST MEAS. ON
[16:46:33] : REQUEST MEAS. OFF
[16:46:40] : Cycle start ON
[16:46:43] : Cycle start OFF
[16:46:50] : REQUEST MEAS. ON
[16:46:52] : REQUEST MEAS. OFF
[16:47:00] : Cycle start ON
[16:47:03] : Cycle start OFF
[16:47:09] : REQUEST MEAS. ON
[16:47:12] : REQUEST MEAS. OFF
[16:47:20] : Cycle start ON
[16:47:23] : Cycle start OFF
[16:47:30] : REQUEST MEAS. ON
[16:47:32] : REQUEST MEAS. OFF
[16:47:40] : Cycle start ON
[16:47:43] : Cycle start OFF
[16:47:50] : REQUEST MEAS. ON
[16:47:52] : REQUEST MEAS. OFF
[16:48:00] : Cycle start ON
[16:48:03] : Cycle start OFF
[16:48:10] : REQUEST MEAS. ON
[16:48:12] : REQUEST MEAS. OFF
[16:48:20] : Cycle start ON
[16:48:23] : Cycle start OFF
[16:48:30] : REQUEST MEAS. ON
[16:48:32] : REQUEST MEAS. OFF
[16:48:40] : Cycle start ON
[16:48:43] : Cycle start OFF
[16:48:49] : REQUEST MEAS. ON
[16:48:52] : REQUEST MEAS. OFF
[16:49:00] : Cycle start ON
[16:49:03] : Cycle start OFF
[16:49:09] : REQUEST MEAS. ON
[16:49:12] : REQUEST MEAS. OFF
[16:49:21] : Cycle start ON
[16:49:23] : Cycle start OFF
[16:49:30] : REQUEST MEAS. ON
[16:49:32] : REQUEST MEAS. OFF
[16:49:41] : Cycle start ON
[16:49:43] : Cycle start OFF
[16:49:50] : REQUEST MEAS. ON
[16:49:52] : REQUEST MEAS. OFF
[16:50:01] : Cycle start ON
[16:50:03] : Cycle start OFF
[16:50:10] : REQUEST MEAS. ON
[16:50:12] : REQUEST MEAS. OFF
[16:50:21] : Cycle start ON
[16:50:23] : Cycle start OFF
[16:50:30] : REQUEST MEAS. ON
[16:50:32] : REQUEST MEAS. OFF
[16:50:41] : Cycle start ON
[16:50:43] : Cycle start OFF
[16:50:50] : REQUEST MEAS. ON
[16:50:52] : REQUEST MEAS. OFF
[16:51:01] : Cycle start ON
[16:51:03] : Cycle start OFF
[16:51:10] : REQUEST MEAS. ON
[16:51:12] : REQUEST MEAS. OFF
[16:51:21] : Cycle start ON
[16:51:23] : Cycle start OFF
[16:51:30] : REQUEST MEAS. ON
[16:51:32] : REQUEST MEAS. OFF
[16:51:41] : Cycle start ON
[16:51:43] : Cycle start OFF
[16:51:50] : REQUEST MEAS. ON
[16:51:53] : REQUEST MEAS. OFF
[16:52:01] : Cycle start ON
[16:52:04] : Cycle start OFF
[16:52:10] : REQUEST MEAS. ON
[16:52:13] : REQUEST MEAS. OFF
[16:52:21] : Cycle start ON
[16:52:23] : Cycle start OFF
[16:52:30] : REQUEST MEAS. ON
[16:52:32] : REQUEST MEAS. OFF
[16:52:41] : Cycle start ON
[16:52:43] : Cycle start OFF
[16:52:48] : MEAS ESC ON
[16:52:48] : M3400 : 비상입니다. ON
[16:52:49] : MEAS ESC OFF
[16:52:49] : RESET ON
[16:52:49] : M3400 : 비상입니다. OFF
[17:05:47] : Cycle start ON
[17:05:49] : Cycle start OFF
[17:05:50] : MEAS ESC ON
[17:05:50] : M3400 : 비상입니다. ON
[17:05:53] : MEAS ESC OFF
[17:05:53] : RESET ON
[17:05:53] : M3400 : 비상입니다. OFF
[17:06:23] : Cycle start ON
[17:06:25] : Cycle start OFF
[17:06:31] : REQUEST ZEROSET ON
[17:06:34] : REQUEST ZEROSET OFF
[17:06:45] : Cycle start ON
[17:06:46] : Cycle start OFF
[17:06:52] : REQUEST ZEROSET ON
[17:06:55] : REQUEST ZEROSET OFF
[17:07:18] : Cycle start ON
[17:07:21] : Cycle start OFF
[17:07:27] : REQUEST MEAS. ON
[17:07:30] : REQUEST MEAS. OFF
[17:07:39] : Cycle start ON
[17:07:41] : Cycle start OFF
[17:07:48] : REQUEST MEAS. ON
[17:07:51] : REQUEST MEAS. OFF
[17:07:58] : Cycle start ON
[17:08:01] : Cycle start OFF
[17:08:08] : REQUEST MEAS. ON
[17:08:10] : REQUEST MEAS. OFF
[17:08:19] : Cycle start ON
[17:08:21] : Cycle start OFF
[17:08:28] : REQUEST MEAS. ON
[17:08:30] : REQUEST MEAS. OFF
[17:08:39] : Cycle start ON
[17:08:41] : Cycle start OFF
[17:08:48] : REQUEST MEAS. ON
[17:08:51] : REQUEST MEAS. OFF
[17:08:59] : Cycle start ON
[17:09:01] : Cycle start OFF
[17:09:08] : REQUEST MEAS. ON
[17:09:11] : REQUEST MEAS. OFF
[17:09:19] : Cycle start ON
[17:09:21] : Cycle start OFF
[17:09:28] : REQUEST MEAS. ON
[17:09:28] : MEAS ESC ON
[17:09:28] : REQUEST MEAS. OFF
[17:09:28] : M3400 : 비상입니다. ON
[17:09:29] : MEAS ESC OFF
[17:09:29] : RESET ON
[17:09:29] : M3400 : 비상입니다. OFF
[17:13:57] : Cycle start ON
[17:14:00] : Cycle start OFF
[17:14:06] : REQUEST MEAS. ON
[17:14:09] : REQUEST MEAS. OFF
[17:14:18] : Cycle start ON
[17:14:20] : Cycle start OFF
[17:14:22] : MEAS ESC ON
[17:14:22] : M3400 : 비상입니다. ON
[17:14:23] : MEAS ESC OFF
[17:14:23] : RESET ON
[17:14:23] : M3400 : 비상입니다. OFF
[17:15:35] : Cycle start ON
[17:15:38] : Cycle start OFF
[17:15:44] : REQUEST MEAS. ON
[17:15:47] : REQUEST MEAS. OFF
[17:15:55] : Cycle start ON
[17:15:57] : Cycle start OFF
[17:16:04] : REQUEST MEAS. ON
[17:16:07] : REQUEST MEAS. OFF
[17:16:16] : Cycle start ON
[17:16:18] : Cycle start OFF
[17:16:25] : REQUEST MEAS. ON
[17:16:28] : REQUEST MEAS. OFF
[17:16:36] : Cycle start ON
[17:16:38] : Cycle start OFF
[17:16:45] : REQUEST MEAS. ON
[17:16:47] : REQUEST MEAS. OFF
[17:16:56] : Cycle start ON
[17:16:58] : Cycle start OFF
[17:17:05] : REQUEST MEAS. ON
[17:17:08] : REQUEST MEAS. OFF
[17:17:16] : Cycle start ON
[17:17:18] : Cycle start OFF
[17:17:25] : REQUEST MEAS. ON
[17:17:28] : REQUEST MEAS. OFF
[17:17:36] : Cycle start ON
[17:17:38] : Cycle start OFF
[17:17:45] : REQUEST MEAS. ON
[17:17:48] : REQUEST MEAS. OFF
[17:17:56] : Cycle start ON
[17:17:58] : Cycle start OFF
[17:18:05] : REQUEST MEAS. ON
[17:18:08] : REQUEST MEAS. OFF
[17:18:16] : Cycle start ON
[17:18:18] : Cycle start OFF
[17:18:25] : REQUEST MEAS. ON
[17:18:28] : REQUEST MEAS. OFF
[17:18:36] : Cycle start ON
[17:18:38] : Cycle start OFF
[17:18:45] : REQUEST MEAS. ON
[17:18:47] : REQUEST MEAS. OFF
[17:18:56] : Cycle start ON
[17:18:58] : Cycle start OFF
[17:19:05] : REQUEST MEAS. ON
[17:19:08] : REQUEST MEAS. OFF
[17:19:16] : Cycle start ON
[17:19:18] : Cycle start OFF
[17:19:25] : REQUEST MEAS. ON
[17:19:27] : REQUEST MEAS. OFF
[17:19:36] : Cycle start ON
[17:19:38] : Cycle start OFF
[17:19:45] : REQUEST MEAS. ON
[17:19:47] : REQUEST MEAS. OFF
[17:19:56] : Cycle start ON
[17:19:58] : Cycle start OFF
[17:20:05] : REQUEST MEAS. ON
[17:20:08] : REQUEST MEAS. OFF
[17:20:16] : Cycle start ON
[17:20:18] : Cycle start OFF
[17:20:25] : REQUEST MEAS. ON
[17:20:28] : REQUEST MEAS. OFF
[17:20:37] : Cycle start ON
[17:20:39] : Cycle start OFF
[17:20:46] : REQUEST MEAS. ON
[17:20:48] : REQUEST MEAS. OFF
[17:20:57] : Cycle start ON
[17:20:59] : Cycle start OFF
[17:21:06] : REQUEST MEAS. ON
[17:21:08] : REQUEST MEAS. OFF
[17:21:17] : Cycle start ON
[17:21:19] : Cycle start OFF
[17:21:26] : REQUEST MEAS. ON
[17:21:29] : REQUEST MEAS. OFF
[17:21:37] : Cycle start ON
[17:21:39] : Cycle start OFF
[17:21:46] : REQUEST MEAS. ON
[17:21:48] : REQUEST MEAS. OFF
[17:21:57] : Cycle start ON
[17:21:59] : Cycle start OFF
[17:22:06] : REQUEST MEAS. ON
[17:22:09] : REQUEST MEAS. OFF
[17:22:17] : Cycle start ON
[17:22:19] : Cycle start OFF
[17:22:26] : REQUEST MEAS. ON
[17:22:28] : REQUEST MEAS. OFF
[17:22:37] : Cycle start ON
[17:22:39] : Cycle start OFF
[17:22:46] : REQUEST MEAS. ON
[17:22:48] : REQUEST MEAS. OFF
[17:22:57] : Cycle start ON
[17:22:59] : Cycle start OFF
[17:23:06] : REQUEST MEAS. ON
[17:23:08] : REQUEST MEAS. OFF
[17:23:17] : Cycle start ON
[17:23:19] : Cycle start OFF
[17:23:25] : REQUEST MEAS. ON
[17:23:28] : REQUEST MEAS. OFF
[17:23:37] : Cycle start ON
[17:23:39] : Cycle start OFF
[17:23:46] : REQUEST MEAS. ON
[17:23:48] : REQUEST MEAS. OFF
[17:23:57] : Cycle start ON
[17:23:59] : Cycle start OFF
[17:24:06] : REQUEST MEAS. ON
[17:24:08] : REQUEST MEAS. OFF
[17:24:17] : Cycle start ON
[17:24:19] : Cycle start OFF
[17:24:26] : REQUEST MEAS. ON
[17:24:28] : REQUEST MEAS. OFF
[17:24:37] : Cycle start ON
[17:24:39] : Cycle start OFF
[17:24:45] : REQUEST MEAS. ON
[17:24:48] : REQUEST MEAS. OFF
[17:24:57] : Cycle start ON
[17:25:00] : Cycle start OFF
[17:25:06] : REQUEST MEAS. ON
[17:25:09] : REQUEST MEAS. OFF
[17:25:17] : Cycle start ON
[17:25:19] : Cycle start OFF
[17:25:26] : REQUEST MEAS. ON
[17:25:28] : REQUEST MEAS. OFF
[17:30:13] : Cycle start ON
[17:30:16] : Cycle start OFF
[17:30:22] : REQUEST MEAS. ON
[17:30:25] : REQUEST MEAS. OFF
[17:30:33] : Cycle start ON
[17:30:35] : Cycle start OFF
[17:30:42] : REQUEST MEAS. ON
[17:30:44] : REQUEST MEAS. OFF
[17:30:53] : Cycle start ON
[17:30:56] : Cycle start OFF
[17:31:02] : REQUEST MEAS. ON
[17:31:05] : REQUEST MEAS. OFF
[17:31:14] : Cycle start ON
[17:31:17] : Cycle start OFF
[17:31:23] : REQUEST MEAS. ON
[17:31:25] : REQUEST MEAS. OFF
[17:31:34] : Cycle start ON
[17:31:36] : Cycle start OFF
[17:31:43] : REQUEST MEAS. ON
[17:31:46] : REQUEST MEAS. OFF
[17:31:54] : Cycle start ON
[17:31:57] : Cycle start OFF
[17:32:03] : REQUEST MEAS. ON
[17:32:06] : REQUEST MEAS. OFF
[17:32:14] : Cycle start ON
[17:32:16] : Cycle start OFF
[17:32:23] : REQUEST MEAS. ON
[17:32:26] : REQUEST MEAS. OFF
[17:32:34] : Cycle start ON
[17:32:36] : Cycle start OFF
[17:32:43] : REQUEST MEAS. ON
[17:32:46] : REQUEST MEAS. OFF
[17:32:54] : Cycle start ON
[17:32:56] : Cycle start OFF
[17:33:03] : REQUEST MEAS. ON
[17:33:05] : REQUEST MEAS. OFF
[17:33:14] : Cycle start ON
[17:33:16] : Cycle start OFF
[17:33:23] : REQUEST MEAS. ON
[17:33:26] : REQUEST MEAS. OFF
[17:33:34] : Cycle start ON
[17:33:36] : Cycle start OFF
[17:33:40] : MEAS ESC ON
[17:33:40] : M3400 : 비상입니다. ON
[17:33:42] : MEAS ESC OFF
[17:33:42] : RESET ON
[17:33:42] : M3400 : 비상입니다. OFF
[17:37:00] : Cycle start ON
[17:37:03] : Cycle start OFF
[17:37:10] : REQUEST MEAS. ON
[17:37:13] : REQUEST MEAS. OFF
[17:37:23] : Cycle start ON
[17:37:26] : Cycle start OFF
[17:37:33] : REQUEST MEAS. ON
[17:37:35] : MEAS ESC ON
[17:37:35] : REQUEST MEAS. OFF
[17:37:35] : M3400 : 비상입니다. ON
[17:37:36] : MEAS ESC OFF
[17:37:36] : RESET ON
[17:37:36] : M3400 : 비상입니다. OFF
[17:50:09] : Cycle start ON
[17:50:12] : Cycle start OFF
[17:50:19] : REQUEST MEAS. ON
[17:50:22] : REQUEST MEAS. OFF
[17:50:35] : Cycle start ON
[17:50:38] : Cycle start OFF
[17:50:45] : REQUEST MEAS. ON
[17:50:48] : REQUEST MEAS. OFF
[17:51:00] : Cycle start ON
[17:51:03] : Cycle start OFF
[17:51:10] : REQUEST MEAS. ON
[17:51:13] : REQUEST MEAS. OFF
[17:51:38] : Cycle start ON
[17:51:41] : Cycle start OFF
[17:51:48] : REQUEST MEAS. ON
[17:51:51] : REQUEST MEAS. OFF
[17:52:32] : Cycle start ON
[17:52:35] : Cycle start OFF
[17:52:42] : REQUEST MEAS. ON
[17:52:45] : REQUEST MEAS. OFF
[17:52:54] : Cycle start ON
[17:52:57] : Cycle start OFF
[17:53:04] : REQUEST MEAS. ON
[17:53:06] : REQUEST MEAS. OFF
[17:53:16] : Cycle start ON
[17:53:18] : Cycle start OFF
[17:53:25] : REQUEST MEAS. ON
[17:53:28] : REQUEST MEAS. OFF
[17:53:32] : MEAS ESC ON
[17:53:32] : M3400 : 비상입니다. ON
[17:53:33] : MEAS ESC OFF
[17:53:33] : RESET ON
[17:53:33] : M3400 : 비상입니다. OFF
[17:55:14] : RESET ON
[17:55:15] : RESET ON
[17:55:15] : RESET ON
[18:02:49] : Cycle start ON
[18:02:51] : Cycle start OFF
[18:02:58] : REQUEST ZEROSET ON
[18:03:01] : REQUEST ZEROSET OFF
[18:03:14] : Cycle start ON
[18:03:15] : Cycle start OFF
[18:03:22] : REQUEST ZEROSET ON
[18:03:25] : REQUEST ZEROSET OFF
[18:03:42] : Cycle start ON
[18:03:43] : Cycle start OFF
[18:03:50] : REQUEST ZEROSET ON
[18:03:53] : REQUEST ZEROSET OFF
[18:04:18] : Cycle start ON
[18:04:19] : Cycle start OFF
[18:04:26] : REQUEST ZEROSET ON
[18:04:29] : REQUEST ZEROSET OFF
[18:05:31] : Cycle start ON
[18:05:33] : Cycle start OFF
[18:05:40] : REQUEST ZEROSET ON
[18:05:43] : REQUEST ZEROSET OFF
[18:05:56] : Cycle start ON
[18:05:58] : Cycle start OFF
[18:06:05] : REQUEST ZEROSET ON
[18:06:08] : REQUEST ZEROSET OFF
[18:06:19] : Cycle start ON
[18:06:21] : Cycle start OFF
[18:06:27] : REQUEST ZEROSET ON
[18:06:30] : REQUEST ZEROSET OFF
[18:06:57] : Cycle start ON
[18:07:00] : Cycle start OFF
[18:07:07] : REQUEST MEAS. ON
[18:07:10] : REQUEST MEAS. OFF
[18:07:20] : Cycle start ON
[18:07:22] : Cycle start OFF
[18:07:29] : REQUEST MEAS. ON
[18:07:32] : REQUEST MEAS. OFF
[18:07:42] : Cycle start ON
[18:07:44] : Cycle start OFF
[18:07:51] : REQUEST MEAS. ON
[18:07:54] : REQUEST MEAS. OFF
[18:08:04] : Cycle start ON
[18:08:06] : Cycle start OFF
[18:08:13] : REQUEST MEAS. ON
[18:08:16] : REQUEST MEAS. OFF
[18:08:25] : Cycle start ON
[18:08:27] : Cycle start OFF
[18:08:34] : REQUEST MEAS. ON
[18:08:37] : REQUEST MEAS. OFF
[18:08:47] : Cycle start ON
[18:08:49] : Cycle start OFF
[18:08:56] : REQUEST MEAS. ON
[18:08:59] : REQUEST MEAS. OFF
[18:09:09] : Cycle start ON
[18:09:11] : Cycle start OFF
[18:09:18] : REQUEST MEAS. ON
[18:09:21] : REQUEST MEAS. OFF
[18:09:31] : Cycle start ON
[18:09:33] : Cycle start OFF
[18:09:40] : REQUEST MEAS. ON
[18:09:43] : REQUEST MEAS. OFF
[18:09:53] : Cycle start ON
[18:09:55] : Cycle start OFF
[18:10:02] : REQUEST MEAS. ON
[18:10:05] : REQUEST MEAS. OFF
[18:10:14] : Cycle start ON
[18:10:16] : Cycle start OFF
[18:10:23] : REQUEST MEAS. ON
[18:10:26] : REQUEST MEAS. OFF
[18:10:36] : Cycle start ON
[18:10:38] : Cycle start OFF
[18:10:45] : REQUEST MEAS. ON
[18:10:48] : REQUEST MEAS. OFF
[18:10:58] : Cycle start ON
[18:11:00] : Cycle start OFF
[18:11:04] : MEAS ESC ON
[18:11:04] : M3419 :	측정동작중 제품탈락 알람 ON
[18:11:47] : MEAS ESC OFF
[18:11:47] : RESET ON
[18:11:47] : M3419 :	측정동작중 제품탈락 알람 OFF
[18:12:03] : Cycle start ON
[18:12:05] : Cycle start OFF
[18:12:12] : REQUEST MEAS. ON
[18:12:15] : REQUEST MEAS. OFF
[18:12:25] : Cycle start ON
[18:12:27] : Cycle start OFF
[18:12:34] : REQUEST MEAS. ON
[18:12:37] : REQUEST MEAS. OFF
[18:12:47] : Cycle start ON
[18:12:49] : Cycle start OFF
[18:12:57] : REQUEST MEAS. ON
[18:13:00] : REQUEST MEAS. OFF
[18:13:09] : Cycle start ON
[18:13:11] : Cycle start OFF
[18:13:19] : REQUEST MEAS. ON
[18:13:22] : REQUEST MEAS. OFF
[18:13:28] : MEAS ESC ON
[18:13:28] : M3400 : 비상입니다. ON
[18:13:28] : MEAS ESC OFF
[18:13:28] : RESET ON
[18:13:28] : M3400 : 비상입니다. OFF
[18:14:47] : Cycle start ON
[18:14:48] : Cycle start OFF
[18:14:56] : REQUEST ZEROSET ON
[18:14:58] : REQUEST ZEROSET OFF
[18:15:22] : Cycle start ON
[18:15:24] : Cycle start OFF
[18:15:31] : REQUEST ZEROSET ON
[18:15:34] : REQUEST ZEROSET OFF
[18:15:54] : Cycle start ON
[18:15:57] : Cycle start OFF
[18:16:04] : REQUEST MEAS. ON
[18:16:07] : REQUEST MEAS. OFF
[18:16:17] : Cycle start ON
[18:16:19] : Cycle start OFF
[18:16:27] : REQUEST MEAS. ON
[18:16:30] : REQUEST MEAS. OFF
[18:16:34] : MEAS ESC ON
[18:16:34] : M3400 : 비상입니다. ON
[18:16:35] : MEAS ESC OFF
[18:16:35] : RESET ON
[18:16:35] : M3400 : 비상입니다. OFF
[18:23:18] : Cycle start ON
[18:23:21] : Cycle start OFF
[18:23:28] : REQUEST MEAS. ON
[18:23:31] : REQUEST MEAS. OFF
[18:23:43] : Cycle start ON
[18:23:46] : Cycle start OFF
[18:23:53] : REQUEST MEAS. ON
[18:23:56] : REQUEST MEAS. OFF
[18:24:07] : Cycle start ON
[18:24:10] : Cycle start OFF
[18:24:17] : REQUEST MEAS. ON
[18:24:20] : REQUEST MEAS. OFF
[18:24:31] : Cycle start ON
[18:24:34] : Cycle start OFF
[18:24:41] : REQUEST MEAS. ON
[18:24:44] : REQUEST MEAS. OFF
[18:24:56] : Cycle start ON
[18:24:59] : Cycle start OFF
[18:25:06] : REQUEST MEAS. ON
[18:25:09] : REQUEST MEAS. OFF
[18:25:20] : Cycle start ON
[18:25:23] : Cycle start OFF
[18:25:30] : REQUEST MEAS. ON
[18:25:33] : REQUEST MEAS. OFF
[18:25:45] : Cycle start ON
[18:25:47] : Cycle start OFF
[18:25:55] : REQUEST MEAS. ON
[18:25:58] : REQUEST MEAS. OFF
[18:26:09] : Cycle start ON
[18:26:11] : Cycle start OFF
[18:26:19] : REQUEST MEAS. ON
[18:26:22] : REQUEST MEAS. OFF
[18:26:33] : Cycle start ON
[18:26:35] : Cycle start OFF
[18:26:43] : REQUEST MEAS. ON
[18:26:46] : REQUEST MEAS. OFF
[18:26:58] : Cycle start ON
[18:27:01] : Cycle start OFF
[18:27:08] : REQUEST MEAS. ON
[18:27:11] : REQUEST MEAS. OFF
[18:27:22] : Cycle start ON
[18:27:24] : Cycle start OFF
[18:27:32] : REQUEST MEAS. ON
[18:27:35] : REQUEST MEAS. OFF
[18:27:47] : Cycle start ON
[18:27:49] : Cycle start OFF
[18:27:57] : REQUEST MEAS. ON
[18:28:00] : REQUEST MEAS. OFF
[18:28:11] : Cycle start ON
[18:28:14] : Cycle start OFF
[18:28:21] : REQUEST MEAS. ON
[18:28:24] : REQUEST MEAS. OFF
[18:28:35] : Cycle start ON
[18:28:37] : Cycle start OFF
[18:28:45] : REQUEST MEAS. ON
[18:28:48] : REQUEST MEAS. OFF
[18:29:00] : Cycle start ON
[18:29:03] : Cycle start OFF
[18:29:10] : REQUEST MEAS. ON
[18:29:13] : REQUEST MEAS. OFF
[18:29:24] : Cycle start ON
[18:29:26] : Cycle start OFF
[18:29:34] : REQUEST MEAS. ON
[18:29:37] : REQUEST MEAS. OFF
[18:29:49] : Cycle start ON
[18:29:51] : Cycle start OFF
[18:29:59] : REQUEST MEAS. ON
[18:30:02] : REQUEST MEAS. OFF
[18:30:13] : Cycle start ON
[18:30:16] : Cycle start OFF
[18:30:23] : REQUEST MEAS. ON
[18:30:26] : REQUEST MEAS. OFF
[18:30:37] : Cycle start ON
[18:30:40] : Cycle start OFF
[18:30:47] : REQUEST MEAS. ON
[18:30:50] : REQUEST MEAS. OFF
[18:31:02] : Cycle start ON
[18:31:05] : Cycle start OFF
[18:31:12] : REQUEST MEAS. ON
[18:31:15] : REQUEST MEAS. OFF
[18:31:26] : Cycle start ON
[18:31:29] : Cycle start OFF
[18:31:36] : REQUEST MEAS. ON
[18:31:39] : REQUEST MEAS. OFF
[18:31:51] : Cycle start ON
[18:31:53] : Cycle start OFF
[18:32:01] : REQUEST MEAS. ON
[18:32:04] : REQUEST MEAS. OFF
[18:32:15] : Cycle start ON
[18:32:17] : Cycle start OFF
[18:32:25] : REQUEST MEAS. ON
[18:32:28] : REQUEST MEAS. OFF
[18:32:39] : Cycle start ON
[18:32:42] : Cycle start OFF
[18:32:49] : REQUEST MEAS. ON
[18:32:52] : REQUEST MEAS. OFF
[18:33:04] : Cycle start ON
[18:33:06] : Cycle start OFF
[18:33:14] : REQUEST MEAS. ON
[18:33:17] : REQUEST MEAS. OFF
[18:33:28] : Cycle start ON
[18:33:30] : Cycle start OFF
[18:33:38] : REQUEST MEAS. ON
[18:33:41] : REQUEST MEAS. OFF
[18:33:53] : Cycle start ON
[18:33:56] : Cycle start OFF
[18:34:03] : REQUEST MEAS. ON
[18:34:06] : REQUEST MEAS. OFF
[18:34:17] : Cycle start ON
[18:34:20] : Cycle start OFF
[18:34:27] : REQUEST MEAS. ON
[18:34:30] : REQUEST MEAS. OFF
[18:34:41] : Cycle start ON
[18:34:44] : Cycle start OFF
[18:34:51] : REQUEST MEAS. ON
[18:34:54] : REQUEST MEAS. OFF
[18:35:06] : Cycle start ON
[18:35:09] : Cycle start OFF
[18:35:16] : REQUEST MEAS. ON
[18:35:19] : REQUEST MEAS. OFF
[19:16:23] : AUTO RUNNING ON
[19:16:23] : Cycle start ON
[19:16:26] : Cycle start OFF
[19:16:33] : REQUEST MEAS. ON
[19:16:36] : REQUEST MEAS. OFF
[19:16:47] : Cycle start ON
[19:16:50] : Cycle start OFF
[19:16:57] : REQUEST MEAS. ON
[19:17:00] : REQUEST MEAS. OFF
[19:18:23] : Cycle start ON
[19:18:25] : Cycle start OFF
[19:18:33] : REQUEST MEAS. ON
[19:18:36] : REQUEST MEAS. OFF
[19:18:46] : Cycle start ON
[19:18:49] : Cycle start OFF
[19:18:56] : REQUEST MEAS. ON
[19:18:59] : REQUEST MEAS. OFF
[19:19:20] : Cycle start ON
[19:19:23] : Cycle start OFF
[19:19:30] : REQUEST MEAS. ON
[19:19:33] : REQUEST MEAS. OFF
[19:19:44] : Cycle start ON
[19:19:47] : Cycle start OFF
[19:19:54] : REQUEST MEAS. ON
[19:19:57] : REQUEST MEAS. OFF
[19:20:01] : AUTO RUNNING OFF
[19:20:08] : Cycle start ON
[19:20:09] : Cycle start OFF
[19:20:17] : REQUEST ZEROSET ON
[19:20:20] : REQUEST ZEROSET OFF
[19:20:46] : MEAS ESC ON
[19:20:46] : M3400 : 비상입니다. ON
[19:20:47] : MEAS ESC OFF
[19:20:47] : RESET ON
[19:20:47] : M3400 : 비상입니다. OFF
[19:27:30] : AUTO RUNNING ON
[19:27:32] : Cycle start ON
[19:27:35] : Cycle start OFF
[19:27:42] : REQUEST MEAS. ON
[19:27:45] : REQUEST MEAS. OFF
[19:27:58] : Cycle start ON
[19:28:01] : Cycle start OFF
[19:28:09] : REQUEST MEAS. ON
[19:28:11] : REQUEST MEAS. OFF
[19:28:43] : Cycle start ON
[19:28:46] : Cycle start OFF
[19:28:53] : REQUEST MEAS. ON
[19:28:56] : REQUEST MEAS. OFF
[19:29:07] : MEAS ESC ON
[19:29:07] : AUTO RUNNING OFF
[19:29:07] : M3402 :	연속불량 발생 ON
[19:29:09] : MEAS ESC OFF
[19:29:09] : RESET ON
[19:29:09] : M3402 :	연속불량 발생 OFF
[19:29:43] : AUTO RUNNING ON
[19:29:45] : Cycle start ON
[19:29:48] : Cycle start OFF
[19:29:56] : REQUEST MEAS. ON
[19:29:58] : REQUEST MEAS. OFF
[19:30:11] : Cycle start ON
[19:30:14] : Cycle start OFF
[19:30:21] : REQUEST MEAS. ON
[19:30:24] : REQUEST MEAS. OFF
[19:30:37] : Cycle start ON
[19:30:40] : Cycle start OFF
[19:30:47] : REQUEST MEAS. ON
[19:30:50] : REQUEST MEAS. OFF
[19:33:43] : Cycle start ON
[19:33:46] : Cycle start OFF
[19:33:53] : REQUEST MEAS. ON
[19:33:56] : REQUEST MEAS. OFF
[19:34:11] : AUTO RUNNING OFF
[19:34:35] : AUTO RUNNING ON
[19:34:36] : Cycle start ON
[19:34:39] : Cycle start OFF
[19:34:46] : REQUEST MEAS. ON
[19:34:49] : REQUEST MEAS. OFF
[19:34:51] : AUTO RUNNING OFF
[19:36:54] : AUTO RUNNING ON
[19:36:57] : Cycle start ON
[19:37:00] : Cycle start OFF
[19:37:07] : REQUEST MEAS. ON
[19:37:10] : REQUEST MEAS. OFF
[19:37:51] : AUTO RUNNING OFF
[19:37:56] : Cycle start ON
[19:37:57] : Cycle start OFF
[19:38:04] : REQUEST ZEROSET ON
[19:38:07] : REQUEST ZEROSET OFF
[19:38:35] : AUTO RUNNING ON
[19:38:35] : Cycle start ON
[19:38:38] : Cycle start OFF
[19:38:45] : REQUEST MEAS. ON
[19:38:48] : REQUEST MEAS. OFF
[19:41:40] : Cycle start ON
[19:41:42] : Cycle start OFF
[19:41:50] : REQUEST MEAS. ON
[19:41:53] : REQUEST MEAS. OFF
[19:41:54] : AUTO RUNNING OFF
[19:44:26] : Cycle start ON
[19:44:27] : Cycle start OFF
[19:44:35] : REQUEST ZEROSET ON
[19:44:37] : REQUEST ZEROSET OFF
[19:48:02] : AUTO RUNNING ON
[19:50:29] : Cycle start ON
[19:50:32] : Cycle start OFF
[19:50:39] : REQUEST MEAS. ON
[19:50:42] : REQUEST MEAS. OFF
[19:50:56] : Cycle start ON
[19:50:59] : Cycle start OFF
[19:51:07] : REQUEST MEAS. ON
[19:51:10] : REQUEST MEAS. OFF
[19:51:11] : AUTO RUNNING OFF
[19:51:20] : Cycle start ON
[19:51:22] : Cycle start OFF
[19:51:29] : REQUEST ZEROSET ON
[19:51:32] : REQUEST ZEROSET OFF
[19:52:33] : AUTO RUNNING ON
[19:52:41] : Cycle start ON
[19:52:43] : Cycle start OFF
[19:52:51] : REQUEST MEAS. ON
[19:52:54] : REQUEST MEAS. OFF
[19:55:21] : Cycle start ON
[19:55:24] : Cycle start OFF
[19:55:31] : REQUEST MEAS. ON
[19:55:34] : REQUEST MEAS. OFF
[19:55:36] : AUTO RUNNING OFF
[19:55:46] : Cycle start ON
[19:55:47] : Cycle start OFF
[19:55:54] : REQUEST ZEROSET ON
[19:55:57] : REQUEST ZEROSET OFF
[20:02:21] : AUTO RUNNING ON
[20:02:23] : Cycle start ON
[20:02:26] : Cycle start OFF
[20:02:34] : REQUEST MEAS. ON
[20:02:37] : REQUEST MEAS. OFF
[20:02:52] : Cycle start ON
[20:02:54] : Cycle start OFF
[20:03:02] : REQUEST MEAS. ON
[20:03:05] : REQUEST MEAS. OFF
[20:03:06] : AUTO RUNNING OFF
[20:03:15] : Cycle start ON
[20:03:17] : Cycle start OFF
[20:03:24] : REQUEST ZEROSET ON
[20:03:27] : REQUEST ZEROSET OFF
[20:05:32] : MEAS ESC ON
[20:05:32] : M3400 : 비상입니다. ON
[20:05:33] : MEAS ESC OFF
[20:05:33] : RESET ON
[20:05:33] : M3400 : 비상입니다. OFF
[20:05:48] : AUTO RUNNING ON
[20:05:50] : Cycle start ON
[20:05:53] : Cycle start OFF
[20:06:00] : REQUEST MEAS. ON
[20:06:03] : REQUEST MEAS. OFF
[20:06:05] : AUTO RUNNING OFF
[20:06:15] : Cycle start ON
[20:06:16] : Cycle start OFF
[20:06:23] : REQUEST ZEROSET ON
[20:06:26] : REQUEST ZEROSET OFF
[20:08:41] : AUTO RUNNING ON
[20:08:42] : AUTO RUNNING OFF
[20:08:56] : Cycle start ON
[20:08:58] : Cycle start OFF
[20:09:05] : REQUEST ZEROSET ON
[20:09:08] : REQUEST ZEROSET OFF
[20:09:25] : AUTO RUNNING ON
[20:09:25] : Cycle start ON
[20:09:28] : Cycle start OFF
[20:09:36] : REQUEST MEAS. ON
[20:09:39] : REQUEST MEAS. OFF
[20:09:40] : AUTO RUNNING OFF
[20:09:49] : Cycle start ON
[20:09:51] : Cycle start OFF
[20:09:58] : REQUEST ZEROSET ON
[20:10:01] : REQUEST ZEROSET OFF
[20:10:48] : AUTO RUNNING ON
[20:10:49] : AUTO RUNNING OFF
[20:10:59] : Cycle start ON
[20:11:01] : Cycle start OFF
[20:11:08] : REQUEST ZEROSET ON
[20:11:11] : REQUEST ZEROSET OFF
[20:11:29] : AUTO RUNNING ON
[20:11:34] : Cycle start ON
[20:11:37] : Cycle start OFF
[20:11:45] : REQUEST MEAS. ON
[20:11:47] : REQUEST MEAS. OFF
[20:11:49] : AUTO RUNNING OFF
[20:11:59] : Cycle start ON
[20:12:00] : Cycle start OFF
[20:12:07] : REQUEST ZEROSET ON
[20:12:10] : REQUEST ZEROSET OFF
[20:12:45] : Cycle start ON
[20:12:48] : Cycle start OFF
[20:12:56] : REQUEST MEAS. ON
[20:12:59] : REQUEST MEAS. OFF
[20:13:56] : AUTO RUNNING ON
[20:13:59] : Cycle start ON
[20:14:01] : Cycle start OFF
[20:14:09] : REQUEST MEAS. ON
[20:14:12] : REQUEST MEAS. OFF
[20:14:14] : AUTO RUNNING OFF
[20:14:24] : Cycle start ON
[20:14:25] : Cycle start OFF
[20:14:32] : REQUEST ZEROSET ON
[20:14:35] : REQUEST ZEROSET OFF
[20:15:17] : AUTO RUNNING ON
[20:17:38] : AUTO RUNNING OFF
[20:17:41] : AUTO RUNNING ON
[20:17:42] : Cycle start ON
[20:17:45] : Cycle start OFF
[20:17:52] : REQUEST MEAS. ON
[20:17:55] : REQUEST MEAS. OFF
[20:17:56] : AUTO RUNNING OFF
[20:18:06] : Cycle start ON
[20:18:07] : Cycle start OFF
[20:18:14] : REQUEST ZEROSET ON
[20:18:17] : REQUEST ZEROSET OFF
[20:21:39] : MEAS ESC ON
[20:21:39] : M3400 : 비상입니다. ON
[20:21:40] : MEAS ESC OFF
[20:21:40] : RESET ON
[20:21:40] : M3400 : 비상입니다. OFF
[20:22:39] : MEAS ESC ON
[20:22:39] : M3400 : 비상입니다. ON
[20:22:40] : MEAS ESC OFF
[20:22:40] : RESET ON
[20:22:40] : M3400 : 비상입니다. OFF
[20:24:00] : MEAS ESC ON
[20:24:00] : M3400 : 비상입니다. ON
[20:24:01] : MEAS ESC OFF
[20:24:01] : RESET ON
[20:24:01] : M3400 : 비상입니다. OFF
[20:28:54] : AUTO RUNNING ON
[20:29:05] : Cycle start ON
[20:29:08] : Cycle start OFF
[20:29:15] : REQUEST MEAS. ON
[20:29:18] : REQUEST MEAS. OFF
[20:29:20] : AUTO RUNNING OFF
[20:29:30] : Cycle start ON
[20:29:32] : Cycle start OFF
[20:29:39] : REQUEST ZEROSET ON
[20:29:42] : REQUEST ZEROSET OFF
[20:29:54] : AUTO RUNNING ON
[20:30:04] : Cycle start ON
[20:30:07] : Cycle start OFF
[20:30:14] : REQUEST MEAS. ON
[20:30:17] : REQUEST MEAS. OFF
[20:30:19] : AUTO RUNNING OFF
[20:30:29] : Cycle start ON
[20:30:31] : Cycle start OFF
[20:30:38] : REQUEST ZEROSET ON
[20:30:41] : REQUEST ZEROSET OFF
[20:30:53] : AUTO RUNNING ON
[20:43:07] : Cycle start ON
[20:43:10] : Cycle start OFF
[20:43:17] : REQUEST MEAS. ON
[20:43:20] : REQUEST MEAS. OFF
[20:43:21] : AUTO RUNNING OFF
[20:43:31] : Cycle start ON
[20:43:32] : Cycle start OFF
[20:43:40] : REQUEST ZEROSET ON
[20:43:43] : REQUEST ZEROSET OFF
[20:43:54] : Cycle start ON
[20:43:56] : Cycle start OFF
[20:44:03] : REQUEST ZEROSET ON
[20:44:06] : REQUEST ZEROSET OFF
[20:44:17] : Cycle start ON
[20:44:18] : Cycle start OFF
[20:44:26] : REQUEST ZEROSET ON
[20:44:29] : REQUEST ZEROSET OFF
[20:44:41] : AUTO RUNNING ON
[20:44:53] : Cycle start ON
[20:44:56] : Cycle start OFF
[20:45:03] : REQUEST MEAS. ON
[20:45:06] : REQUEST MEAS. OFF
[20:45:08] : AUTO RUNNING OFF
[20:45:18] : Cycle start ON
[20:45:19] : Cycle start OFF
[20:45:27] : REQUEST ZEROSET ON
[20:45:30] : REQUEST ZEROSET OFF
[20:45:42] : AUTO RUNNING ON
[20:47:24] : Cycle start ON
[20:47:27] : Cycle start OFF
[20:47:34] : REQUEST MEAS. ON
[20:47:37] : REQUEST MEAS. OFF
[20:47:39] : AUTO RUNNING OFF
[20:47:49] : Cycle start ON
[20:47:51] : Cycle start OFF
[20:47:58] : REQUEST ZEROSET ON
[20:48:01] : REQUEST ZEROSET OFF
[20:48:13] : AUTO RUNNING ON
[20:49:10] : Cycle start ON
[20:49:13] : Cycle start OFF
[20:49:20] : REQUEST MEAS. ON
[20:49:23] : REQUEST MEAS. OFF
[20:49:25] : AUTO RUNNING OFF
[20:49:35] : Cycle start ON
[20:49:36] : Cycle start OFF
[20:49:44] : REQUEST ZEROSET ON
[20:49:47] : REQUEST ZEROSET OFF
[20:49:58] : Cycle start ON
[20:50:00] : Cycle start OFF
[20:50:07] : REQUEST ZEROSET ON
[20:50:10] : REQUEST ZEROSET OFF
[20:50:21] : Cycle start ON
[20:50:22] : Cycle start OFF
[20:50:30] : REQUEST ZEROSET ON
[20:50:33] : REQUEST ZEROSET OFF
[20:50:45] : AUTO RUNNING ON
[20:50:55] : Cycle start ON
[20:50:58] : Cycle start OFF
[20:51:05] : REQUEST MEAS. ON
[20:51:08] : REQUEST MEAS. OFF
[20:51:09] : AUTO RUNNING OFF
[20:51:19] : Cycle start ON
[20:51:21] : Cycle start OFF
[20:51:28] : REQUEST ZEROSET ON
[20:51:31] : REQUEST ZEROSET OFF
[20:51:42] : Cycle start ON
[20:51:44] : Cycle start OFF
[20:51:51] : REQUEST ZEROSET ON
[20:51:54] : REQUEST ZEROSET OFF
[20:52:05] : Cycle start ON
[20:52:06] : Cycle start OFF
[20:52:14] : REQUEST ZEROSET ON
[20:52:17] : REQUEST ZEROSET OFF
[20:52:29] : AUTO RUNNING ON
[20:56:35] : M3415 :	NG FULL 경고 ON
[20:56:56] : M3415 :	NG FULL 경고 OFF
[20:57:06] : M3415 :	NG FULL 경고 ON
[20:58:25] : M3415 :	NG FULL 경고 OFF
[20:58:36] : Cycle start ON
[20:58:39] : Cycle start OFF
[20:58:46] : REQUEST MEAS. ON
[20:58:49] : REQUEST MEAS. OFF
[20:58:51] : AUTO RUNNING OFF
[20:59:01] : Cycle start ON
[20:59:03] : Cycle start OFF
[20:59:10] : REQUEST ZEROSET ON
[20:59:13] : REQUEST ZEROSET OFF
[20:59:22] : M3415 :	NG FULL 경고 ON
[20:59:23] : M3415 :	NG FULL 경고 OFF
[20:59:24] : Cycle start ON
[20:59:26] : Cycle start OFF
[20:59:33] : REQUEST ZEROSET ON
[20:59:36] : REQUEST ZEROSET OFF
[20:59:47] : Cycle start ON
[20:59:49] : Cycle start OFF
[20:59:56] : REQUEST ZEROSET ON
[20:59:59] : REQUEST ZEROSET OFF
[21:00:11] : AUTO RUNNING ON
[21:05:02] : AUTO RUNNING OFF
[21:05:08] : AUTO RUNNING ON
[21:06:03] : AUTO RUNNING OFF
[21:06:06] : AUTO RUNNING ON
[21:06:18] : Cycle start ON
[21:06:21] : Cycle start OFF
[21:06:28] : REQUEST MEAS. ON
[21:06:31] : REQUEST MEAS. OFF
[21:06:42] : AUTO RUNNING OFF
[21:06:48] : AUTO RUNNING ON
[21:06:49] : Cycle start ON
[21:06:52] : Cycle start OFF
[21:06:59] : REQUEST MEAS. ON
[21:07:02] : REQUEST MEAS. OFF
[21:07:12] : AUTO RUNNING OFF
[21:29:12] : MEAS ESC ON
[21:29:12] : M3401 : MAIN AIR ALARM ON
[21:51:37] : MEAS ESC OFF
[21:51:37] : RESET ON
[21:51:37] : M3401 : MAIN AIR ALARM OFF
[21:52:11] : MEAS ESC ON
[21:52:24] : MEAS ESC OFF
[21:52:24] : RESET ON
[21:52:27] : MEAS ESC ON
[21:52:36] : MEAS ESC OFF
[21:52:36] : RESET ON
[21:52:40] : MEAS ESC ON
[21:52:41] : MEAS ESC OFF
[21:52:41] : RESET ON
[21:52:48] : MEAS ESC ON
[21:54:27] : MEAS ESC OFF
[21:54:27] : RESET ON
[21:56:18] : MEAS ESC ON
[21:56:18] : M3413 :	DOOR OPEN중 ON
[21:56:22] : MEAS ESC OFF
[21:56:22] : RESET ON
[21:56:22] : MEAS ESC ON
[21:56:24] : MEAS ESC OFF
[21:56:24] : RESET ON
[21:56:24] : MEAS ESC ON
[21:56:26] : MEAS ESC OFF
[21:56:26] : RESET ON
[21:56:26] : MEAS ESC ON
[21:56:42] : MEAS ESC OFF
[21:56:42] : RESET ON
[21:56:42] : M3413 :	DOOR OPEN중 OFF
[21:56:46] : AUTO RUNNING ON
[21:56:48] : MEAS ESC ON
[21:56:48] : AUTO RUNNING OFF
[21:56:48] : M3413 :	DOOR OPEN중 ON
[21:56:50] : MEAS ESC OFF
[21:56:50] : RESET ON
[21:56:50] : M3413 :	DOOR OPEN중 OFF
[21:56:54] : AUTO RUNNING ON
[21:56:55] : Cycle start ON
[21:56:56] : MEAS ESC ON
[21:56:56] : AUTO RUNNING OFF
[21:56:56] : Cycle start OFF
[21:56:56] : M3413 :	DOOR OPEN중 ON
[21:57:01] : MEAS ESC OFF
[21:57:01] : RESET ON
[21:57:01] : M3413 :	DOOR OPEN중 OFF
[22:05:16] : PROGRAM END
 
