[09:58:20] : MEAS ESC ON
[09:58:20] : AUTO RUNNING OFF
[10:01:11] : MEAS ESC OFF
[10:01:11] : AUTO RUNNING ON
[10:01:35] : MEAS ESC ON
[10:02:09] : ÃøÁ¤¿ä±¸3 ON
[10:02:16] : ÃøÁ¤¿ä±¸3 OFF
[10:02:16] : ÃøÁ¤¿ä±¸4 ON
[10:02:24] : ÃøÁ¤¿ä±¸4 OFF
[10:02:24] : 61,20181214-100225,ÿÿAL18071945301,CF 18112011701,OK,MAX,2,3,AUTO,0.60,4.40,1.80,OK,0.60,4.40,1.21,OK,
[10:02:42] : AUTO RUNNING OFF
[10:02:47] : AUTO RUNNING ON
[10:06:30] : AUTO RUNNING OFF
[10:06:30] : AUTO RUNNING ON
[10:06:33] : MEAS ESC OFF
[10:10:34] : MEAS ESC ON
[10:11:52] : MEAS ESC OFF
[10:12:28] : REQUEST MEAS. ON
[10:12:35] : REQUEST MEAS. OFF
[10:12:35] : ÃøÁ¤¿ä±¸ ON 2
[10:12:43] : ÃøÁ¤¿ä±¸ 2OFF
[10:12:43] : 61,20181214-101243,,CF 18112011701,NG,MAX,1,0,AUTO,0.60,4.40,0.54,NG,0.60,4.40,1.17,OK,
[10:13:36] : MEAS ESC ON
[10:13:39] : MEAS ESC OFF
[10:14:23] : ÃøÁ¤¿ä±¸3 ON
[10:14:31] : ÃøÁ¤¿ä±¸3 OFF
[10:14:31] : ÃøÁ¤¿ä±¸4 ON
[10:14:39] : ÃøÁ¤¿ä±¸4 OFF
[10:14:39] : 61,20181214-101439,,CF 18112011701,NG,MAX,2,2,AUTO,0.60,4.40,0.40,NG,0.60,4.40,0.31,NG,
[10:15:40] : REQUEST MEAS. ON
[10:15:48] : REQUEST MEAS. OFF
[10:15:48] : ÃøÁ¤¿ä±¸ ON 2
[10:15:56] : ÃøÁ¤¿ä±¸ 2OFF
[10:15:56] : 61,20181214-101556,,CF 18112011701,NG,MAX,1,0,AUTO,0.60,4.40,0.42,NG,0.60,4.40,1.01,OK,
[10:16:19] : MEAS ESC ON
[10:16:19] : AUTO RUNNING OFF
[10:16:21] : MEAS ESC OFF
[10:16:21] : AUTO RUNNING ON
[10:16:37] : REQUEST MEAS. ON
[10:16:44] : REQUEST MEAS. OFF
[10:16:44] : ÃøÁ¤¿ä±¸ ON 2
[10:16:52] : ÃøÁ¤¿ä±¸ 2OFF
[10:16:52] : 61,20181214-101653,,CF 18112011701,NG,MAX,1,0,AUTO,0.60,4.40,0.48,NG,0.60,4.40,1.13,OK,
[10:16:54] : ÃøÁ¤¿ä±¸3 ON
[10:17:01] : ÃøÁ¤¿ä±¸3 OFF
[10:17:01] : ÃøÁ¤¿ä±¸4 ON
[10:17:08] : ÃøÁ¤¿ä±¸4 OFF
[10:17:08] : 61,20181214-101709,,CF 18112011701,NG,MAX,2,2,AUTO,0.60,4.40,0.42,NG,0.60,4.40,0.25,NG,
[10:47:08] : REQUEST MEAS. ON
[10:47:16] : REQUEST MEAS. OFF
[10:47:16] : ÃøÁ¤¿ä±¸ ON 2
[10:47:23] : ÃøÁ¤¿ä±¸ 2OFF
[10:47:23] : 61,20181214-104724,AL18071945601,CF 18112011701,OK,MAX,1,2,AUTO,0.60,4.40,1.57,OK,0.60,4.40,2.08,OK,
[10:47:41] : ÃøÁ¤¿ä±¸3 ON
[10:47:48] : ÃøÁ¤¿ä±¸3 OFF
[10:47:48] : ÃøÁ¤¿ä±¸4 ON
[10:47:56] : ÃøÁ¤¿ä±¸4 OFF
[10:47:56] : 61,20181214-104757,AL18071945721,CF 18112011701,OK,MAX,2,3,AUTO,0.60,4.40,1.89,OK,0.60,4.40,1.44,OK,
[10:48:09] : REQUEST MEAS. ON
[10:48:16] : REQUEST MEAS. OFF
[10:48:16] : ÃøÁ¤¿ä±¸ ON 2
[10:48:23] : ÃøÁ¤¿ä±¸ 2OFF
[10:48:23] : 61,20181214-104824,AL18071946781,CF 18112011701,OK,MAX,1,2,AUTO,0.60,4.40,1.50,OK,0.60,4.40,1.82,OK,
[10:49:20] : REQUEST MEAS. ON
[10:49:27] : REQUEST MEAS. OFF
[10:49:27] : ÃøÁ¤¿ä±¸ ON 2
[10:49:34] : ÃøÁ¤¿ä±¸ 2OFF
[10:49:34] : 61,20181214-104935,AL18071945991,CF 18112011701,OK,MAX,1,2,AUTO,0.60,4.40,1.79,OK,0.60,4.40,2.04,OK,
[10:49:48] : ÃøÁ¤¿ä±¸3 ON
[10:49:56] : ÃøÁ¤¿ä±¸3 OFF
[10:49:56] : ÃøÁ¤¿ä±¸4 ON
[10:50:03] : ÃøÁ¤¿ä±¸4 OFF
[10:50:03] : 61,20181214-105003,AL18071946751,CF 18112011701,NG,MAX,2,2,AUTO,0.60,4.40,0.20,NG,0.60,4.40,0.20,NG,
[10:50:22] : REQUEST MEAS. ON
[10:50:29] : REQUEST MEAS. OFF
[10:50:29] : ÃøÁ¤¿ä±¸ ON 2
[10:50:36] : ÃøÁ¤¿ä±¸ 2OFF
[10:50:36] : 61,20181214-105037,AL18071945231,CF 18112011701,OK,MAX,1,2,AUTO,0.60,4.40,0.77,OK,0.60,4.40,1.33,OK,
[10:52:54] : REQUEST MEAS. ON
[10:53:01] : REQUEST MEAS. OFF
[10:53:01] : ÃøÁ¤¿ä±¸ ON 2
[10:53:08] : ÃøÁ¤¿ä±¸ 2OFF
[10:53:08] : 61,20181214-105309,AL18071946701,CF 18112011701,NG,MAX,1,0,AUTO,0.60,4.40,0.58,NG,0.60,4.40,1.56,OK,
[10:53:21] : ÃøÁ¤¿ä±¸3 ON
[10:53:28] : ÃøÁ¤¿ä±¸3 OFF
[10:53:28] : ÃøÁ¤¿ä±¸4 ON
[10:53:36] : ÃøÁ¤¿ä±¸4 OFF
[10:53:36] : 61,20181214-105336,AL18071946681,CF 18112011701,NG,MAX,2,2,AUTO,0.60,4.40,0.99,OK,0.60,4.40,0.59,NG,
[10:53:48] : REQUEST MEAS. ON
[10:53:55] : REQUEST MEAS. OFF
[10:53:55] : ÃøÁ¤¿ä±¸ ON 2
[10:54:02] : ÃøÁ¤¿ä±¸ 2OFF
[10:54:02] : 61,20181214-105402,AL18071945131,CF 18112011701,NG,MAX,1,0,AUTO,0.60,4.40,0.50,NG,0.60,4.40,1.34,OK,
[11:00:51] : REQUEST MEAS. ON
[11:00:58] : REQUEST MEAS. OFF
[11:00:58] : ÃøÁ¤¿ä±¸ ON 2
[11:01:06] : ÃøÁ¤¿ä±¸ 2OFF
[11:01:06] : 61,20181214-110107,AL18071945411,CF 18112011701,OK,MAX,1,2,AUTO,0.60,4.40,1.35,OK,0.60,4.40,1.71,OK,
[11:01:20] : ÃøÁ¤¿ä±¸3 ON
[11:01:27] : ÃøÁ¤¿ä±¸3 OFF
[11:01:27] : ÃøÁ¤¿ä±¸4 ON
[11:01:35] : ÃøÁ¤¿ä±¸4 OFF
[11:01:35] : 61,20181214-110135,AL18071946721,CF 18112011701,NG,MAX,2,2,AUTO,0.60,4.40,0.91,OK,0.60,4.40,0.51,NG,
[11:01:48] : REQUEST MEAS. ON
[11:01:55] : REQUEST MEAS. OFF
[11:01:55] : ÃøÁ¤¿ä±¸ ON 2
[11:02:02] : ÃøÁ¤¿ä±¸ 2OFF
[11:02:02] : 61,20181214-110203,AL18071945371,CF 18112011701,OK,MAX,1,2,AUTO,0.60,4.40,0.70,OK,0.60,4.40,1.31,OK,
[11:02:37] : REQUEST MEAS. ON
[11:02:44] : REQUEST MEAS. OFF
[11:02:44] : ÃøÁ¤¿ä±¸ ON 2
[11:02:51] : ÃøÁ¤¿ä±¸ 2OFF
[11:02:51] : 61,20181214-110252,AL18071945331,CF 18112011701,NG,MAX,1,0,AUTO,0.60,4.40,0.50,NG,0.60,4.40,1.22,OK,
 
[12:48:30] : MEAS ESC ON
[12:48:30] : AUTO RUNNING OFF
[12:48:31] : MEAS ESC OFF
[12:48:31] : AUTO RUNNING ON
[12:48:44] : AUTO RUNNING OFF
[12:55:51] : PROGRAM END
 
[12:58:01] : PROGRAM START
[12:58:03] : AUTO RUNNING OFF
[12:58:03] : REQUEST MEAS. OFF
[12:58:03] : REQUEST ZEROSET OFF
[12:58:03] : REQUEST ZEROSET OFF
[12:58:25] : PROGRAM END
 
[12:58:32] : PROGRAM START
[12:58:35] : AUTO RUNNING OFF
[12:58:35] : REQUEST MEAS. OFF
[12:58:35] : REQUEST ZEROSET OFF
[12:58:35] : REQUEST ZEROSET OFF
[13:57:16] : MEAS ESC ON
[13:57:16] : MEAS ESC OFF
[13:57:16] : AUTO RUNNING ON
[13:57:43] : REQUEST MEAS. ON
[13:57:51] : REQUEST MEAS. OFF
[13:57:51] : ÃøÁ¤¿ä±¸ ON 2
[13:57:59] : ÃøÁ¤¿ä±¸ 2OFF
[13:57:59] : 61,20181214-135759,AL18121450926,CF 18112011701,OK,MAX,1,2,AUTO,0.60,4.40,0.86,OK,0.60,4.40,1.33,OK,
[14:00:15] : REQUEST MEAS. ON
[14:00:22] : REQUEST MEAS. OFF
[14:00:22] : ÃøÁ¤¿ä±¸ ON 2
[14:00:30] : ÃøÁ¤¿ä±¸ 2OFF
[14:00:30] : 61,20181214-140030,AL18121450936,CF 18112011701,OK,MAX,1,2,AUTO,0.60,4.40,0.79,OK,0.60,4.40,1.14,OK,
[14:00:42] : ÃøÁ¤¿ä±¸3 ON
[14:00:49] : ÃøÁ¤¿ä±¸3 OFF
[14:00:49] : ÃøÁ¤¿ä±¸4 ON
[14:00:57] : ÃøÁ¤¿ä±¸4 OFF
[14:00:57] : 61,20181214-140058,ÿÿÿÿÿAL18121450916,CF 18112011701,NG,MAX,2,2,AUTO,0.60,4.40,0.66,OK,0.60,4.40,0.49,NG,
[14:01:12] : REQUEST MEAS. ON
[14:01:19] : REQUEST MEAS. OFF
[14:01:19] : ÃøÁ¤¿ä±¸ ON 2
[14:01:26] : ÃøÁ¤¿ä±¸ 2OFF
[14:01:26] : 61,20181214-140127,AL18121450996,CF 18112011701,OK,MAX,1,2,AUTO,0.60,4.40,0.80,OK,0.60,4.40,1.33,OK,
[14:01:39] : ÃøÁ¤¿ä±¸3 ON
[14:01:47] : ÃøÁ¤¿ä±¸3 OFF
[14:01:47] : ÃøÁ¤¿ä±¸4 ON
[14:01:54] : ÃøÁ¤¿ä±¸4 OFF
[14:01:54] : 61,20181214-140155,AL18121450986,CF 18112011701,NG,MAX,2,2,AUTO,0.60,4.40,0.67,OK,0.60,4.40,0.41,NG,
[14:03:10] : AUTO RUNNING OFF
[14:03:29] : MEAS ESC ON
[14:05:04] : MEAS ESC OFF
[14:05:04] : AUTO RUNNING ON
[14:05:31] : REQUEST MEAS. ON
[14:05:38] : REQUEST MEAS. OFF
[14:05:38] : ÃøÁ¤¿ä±¸ ON 2
[14:05:46] : ÃøÁ¤¿ä±¸ 2OFF
[14:05:46] : 61,20181214-140546,AL18121450976,CF 18112011701,NG,MAX,1,0,AUTO,0.60,4.40,0.42,NG,0.60,4.40,0.95,OK,
[14:05:59] : ÃøÁ¤¿ä±¸3 ON
[14:06:06] : ÃøÁ¤¿ä±¸3 OFF
[14:06:06] : ÃøÁ¤¿ä±¸4 ON
[14:06:14] : ÃøÁ¤¿ä±¸4 OFF
[14:06:14] : 61,20181214-140615,AL18121450816,CF 18112011701,NG,MAX,2,2,AUTO,0.60,4.40,0.39,NG,0.60,4.40,0.22,NG,
[14:07:01] : AUTO RUNNING OFF
[14:07:17] : MEAS ESC ON
[14:07:29] : MEAS ESC OFF
[14:07:54] : MEAS ESC ON
[14:07:54] : MEAS ESC OFF
[14:07:54] : AUTO RUNNING ON
[14:08:00] : REQUEST MEAS. ON
[14:08:07] : REQUEST MEAS. OFF
[14:08:07] : ÃøÁ¤¿ä±¸ ON 2
[14:08:14] : ÃøÁ¤¿ä±¸ 2OFF
[14:08:14] : 61,20181214-140814,AL18121450826,CF 18112011701,NG,MAX,1,0,AUTO,0.60,4.40,0.46,NG,0.60,4.40,0.98,OK,
[14:10:06] : REQUEST MEAS. ON
[14:10:13] : REQUEST MEAS. OFF
[14:10:13] : ÃøÁ¤¿ä±¸ ON 2
[14:10:21] : ÃøÁ¤¿ä±¸ 2OFF
[14:10:21] : 61,20181214-141022,AL18121450966,CF 18112011701,OK,MAX,1,2,AUTO,0.60,4.40,1.09,OK,0.60,4.40,1.83,OK,
[14:10:35] : ÃøÁ¤¿ä±¸3 ON
[14:10:42] : ÃøÁ¤¿ä±¸3 OFF
[14:10:42] : ÃøÁ¤¿ä±¸4 ON
[14:10:50] : ÃøÁ¤¿ä±¸4 OFF
[14:10:50] : 61,20181214-141050,AL18121450836,CF 18112011701,OK,MAX,2,3,AUTO,0.60,4.40,1.78,OK,0.60,4.40,1.22,OK,
[14:14:38] : REQUEST MEAS. ON
[14:14:45] : REQUEST MEAS. OFF
[14:14:45] : ÃøÁ¤¿ä±¸ ON 2
[14:14:52] : ÃøÁ¤¿ä±¸ 2OFF
[14:14:52] : 61,20181214-141453,AL18121450856,CF 18112011701,OK,MAX,1,2,AUTO,0.60,4.40,1.28,OK,0.60,4.40,1.75,OK,
[14:15:13] : ÃøÁ¤¿ä±¸3 ON
[14:15:20] : ÃøÁ¤¿ä±¸3 OFF
[14:15:20] : ÃøÁ¤¿ä±¸4 ON
[14:15:28] : ÃøÁ¤¿ä±¸4 OFF
[14:15:28] : 61,20181214-141528,AL18121450866,CF 18112011701,OK,MAX,2,3,AUTO,0.60,4.40,1.96,OK,0.60,4.40,1.46,OK,
[14:20:04] : REQUEST MEAS. ON
[14:20:11] : REQUEST MEAS. OFF
[14:20:11] : ÃøÁ¤¿ä±¸ ON 2
[14:20:19] : ÃøÁ¤¿ä±¸ 2OFF
[14:20:19] : 61,20181214-142020,AL18121450876,CF 18112011701,NG,MAX,1,0,AUTO,0.60,4.40,0.45,NG,0.60,4.40,0.66,OK,
[14:20:32] : ÃøÁ¤¿ä±¸3 ON
[14:20:39] : ÃøÁ¤¿ä±¸3 OFF
[14:20:39] : ÃøÁ¤¿ä±¸4 ON
[14:20:46] : ÃøÁ¤¿ä±¸4 OFF
[14:20:46] : 61,20181214-142047,AL18121450886,CF 18112011701,OK,MAX,2,3,AUTO,0.60,4.40,1.57,OK,0.60,4.40,1.02,OK,
[15:49:40] : AUTO RUNNING OFF
[16:09:41] : PROGRAM END
 
[16:12:24] : PROGRAM START
[16:12:26] : AUTO RUNNING ON
[16:12:26] : REQUEST MEAS. OFF
[16:12:26] : REQUEST ZEROSET OFF
[16:12:26] : REQUEST ZEROSET OFF
[16:14:48] : AUTO RUNNING OFF
[16:38:43] : MEAS ESC ON
[16:38:44] : MEAS ESC OFF
[16:38:44] : AUTO RUNNING ON
[16:39:54] : AUTO RUNNING OFF
[16:43:08] : MEAS ESC ON
[16:43:09] : MEAS ESC OFF
[16:43:09] : AUTO RUNNING ON
[16:44:25] : AUTO RUNNING OFF
[16:47:40] : MEAS ESC ON
[16:47:41] : MEAS ESC OFF
[16:47:41] : AUTO RUNNING ON
[16:48:13] : AUTO RUNNING OFF
[16:50:12] : MEAS ESC ON
[16:50:15] : MEAS ESC OFF
[16:50:15] : AUTO RUNNING ON
[16:50:47] : AUTO RUNNING OFF
[16:52:58] : MEAS ESC ON
[16:52:59] : MEAS ESC OFF
[16:52:59] : AUTO RUNNING ON
[16:53:31] : AUTO RUNNING OFF
[16:54:56] : MEAS ESC ON
[16:54:57] : MEAS ESC OFF
[16:54:57] : AUTO RUNNING ON
[16:55:27] : AUTO RUNNING OFF
[16:57:11] : MEAS ESC ON
[16:57:12] : MEAS ESC OFF
[16:57:12] : AUTO RUNNING ON
[16:57:42] : AUTO RUNNING OFF
[17:14:03] : MEAS ESC ON
[17:14:04] : MEAS ESC OFF
[17:14:04] : AUTO RUNNING ON
[17:14:37] : AUTO RUNNING OFF
[17:17:40] : MEAS ESC ON
[17:17:41] : MEAS ESC OFF
[17:17:41] : AUTO RUNNING ON
[17:18:12] : AUTO RUNNING OFF
[18:03:50] : MEAS ESC ON
[18:03:51] : MEAS ESC OFF
[18:03:51] : AUTO RUNNING ON
[18:04:22] : AUTO RUNNING OFF
[18:33:56] : REQUEST MEAS. ON
[18:34:03] : REQUEST MEAS. OFF
[18:34:03] : 0
[18:34:03] : ÃøÁ¤¿ä±¸ ON 2
[18:34:11] : ÃøÁ¤¿ä±¸ 2OFF
[18:34:11] : 0
[18:36:02] : ÃøÁ¤¿ä±¸3 ON
[18:36:09] : ÃøÁ¤¿ä±¸3 OFF
[18:36:09] : 0
[18:36:09] : ÃøÁ¤¿ä±¸4 ON
[18:36:16] : ÃøÁ¤¿ä±¸4 OFF
[18:36:16] : 0
[18:40:38] : REQUEST MEAS. ON
[18:40:45] : REQUEST MEAS. OFF
[18:40:45] : 0
[18:40:45] : ÃøÁ¤¿ä±¸ ON 2
[18:40:52] : ÃøÁ¤¿ä±¸ 2OFF
[18:40:52] : 0
[18:51:09] : MEAS ESC ON
[18:54:18] : MEAS ESC OFF
[18:54:18] : AUTO RUNNING ON
[19:08:58] : AUTO RUNNING OFF
[19:08:59] : MEAS ESC ON
[19:09:00] : MEAS ESC OFF
[19:09:00] : AUTO RUNNING ON
[19:09:23] : AUTO RUNNING OFF
[19:09:41] : MEAS ESC ON
[19:09:43] : MEAS ESC OFF
[19:09:43] : AUTO RUNNING ON
[19:09:56] : AUTO RUNNING OFF
[19:09:59] : MEAS ESC ON
[19:10:00] : MEAS ESC OFF
[19:10:00] : AUTO RUNNING ON
[19:10:54] : AUTO RUNNING OFF
[19:11:11] : MEAS ESC ON
[19:11:11] : MEAS ESC OFF
[19:11:11] : AUTO RUNNING ON
[19:11:27] : REQUEST MEAS. ON
[19:11:34] : REQUEST MEAS. OFF
[19:11:34] : ÃøÁ¤¿ä±¸ ON 2
[19:11:41] : ÃøÁ¤¿ä±¸ 2OFF
[19:11:41] : 61,20181214-191142,,CF 18112011701,OK,MAX,1,2,AUTO,0.60,4.40,0.72,OK,0.60,4.40,1.21,OK,
[19:11:47] : AUTO RUNNING OFF
[19:11:58] : MEAS ESC ON
[19:11:58] : MEAS ESC OFF
[19:11:58] : AUTO RUNNING ON
[19:12:14] : ÃøÁ¤¿ä±¸3 ON
[19:12:21] : ÃøÁ¤¿ä±¸3 OFF
[19:12:21] : ÃøÁ¤¿ä±¸4 ON
[19:12:28] : ÃøÁ¤¿ä±¸4 OFF
[19:12:28] : 61,20181214-191229,,CF 18112011701,OK,MAX,2,3,AUTO,0.60,4.40,2.04,OK,0.60,4.40,1.46,OK,
[19:12:40] : AUTO RUNNING OFF
[19:13:00] : MEAS ESC ON
[19:13:01] : MEAS ESC OFF
[19:13:01] : AUTO RUNNING ON
[19:13:16] : REQUEST MEAS. ON
[19:13:23] : REQUEST MEAS. OFF
[19:13:23] : ÃøÁ¤¿ä±¸ ON 2
[19:13:31] : ÃøÁ¤¿ä±¸ 2OFF
[19:13:31] : 61,20181214-191331,,CF 18112011701,OK,MAX,1,2,AUTO,0.60,4.40,1.13,OK,0.60,4.40,1.96,OK,
[19:13:41] : AUTO RUNNING OFF
[19:13:58] : MEAS ESC ON
[19:13:59] : MEAS ESC OFF
[19:13:59] : AUTO RUNNING ON
[19:14:14] : ÃøÁ¤¿ä±¸3 ON
[19:14:22] : ÃøÁ¤¿ä±¸3 OFF
[19:14:22] : ÃøÁ¤¿ä±¸4 ON
[19:14:30] : ÃøÁ¤¿ä±¸4 OFF
[19:14:30] : 61,20181214-191430,,CF 18112011701,NG,MAX,2,2,AUTO,0.60,4.40,0.38,NG,0.60,4.40,0.61,OK,
[19:14:40] : AUTO RUNNING OFF
[19:15:10] : MEAS ESC ON
[19:15:10] : MEAS ESC OFF
[19:15:10] : AUTO RUNNING ON
[19:15:26] : REQUEST MEAS. ON
[19:15:33] : REQUEST MEAS. OFF
[19:15:33] : ÃøÁ¤¿ä±¸ ON 2
[19:15:40] : ÃøÁ¤¿ä±¸ 2OFF
[19:15:40] : 61,20181214-191541,,CF 18112011701,NG,MAX,1,0,AUTO,0.60,4.40,0.43,NG,0.60,4.40,0.94,OK,
[19:23:08] : AUTO RUNNING OFF
[19:23:20] : MEAS ESC ON
[19:23:21] : MEAS ESC OFF
[19:23:21] : AUTO RUNNING ON
[19:23:36] : REQUEST MEAS. ON
[19:23:43] : REQUEST MEAS. OFF
[19:23:44] : ÃøÁ¤¿ä±¸ ON 2
[19:23:51] : ÃøÁ¤¿ä±¸ 2OFF
[19:23:51] : 61,20181214-192351,,CF 18112011701,OK,MAX,1,2,AUTO,0.10,4.40,1.43,OK,0.10,4.40,1.93,OK,
[19:23:56] : AUTO RUNNING OFF
[19:24:18] : MEAS ESC ON
[19:24:19] : MEAS ESC OFF
[19:24:19] : AUTO RUNNING ON
[19:24:35] : ÃøÁ¤¿ä±¸3 ON
[19:24:42] : ÃøÁ¤¿ä±¸3 OFF
[19:24:42] : ÃøÁ¤¿ä±¸4 ON
[19:24:49] : ÃøÁ¤¿ä±¸4 OFF
[19:24:49] : 61,20181214-192450,,CF 18112011701,OK,MAX,2,3,AUTO,0.10,4.40,0.86,OK,0.10,4.40,0.71,OK,
[19:24:56] : AUTO RUNNING OFF
[19:25:07] : MEAS ESC ON
[19:25:08] : MEAS ESC OFF
[19:25:08] : AUTO RUNNING ON
[19:25:23] : REQUEST MEAS. ON
[19:25:30] : REQUEST MEAS. OFF
[19:25:30] : ÃøÁ¤¿ä±¸ ON 2
[19:25:38] : ÃøÁ¤¿ä±¸ 2OFF
[19:25:38] : 61,20181214-192538,,CF 18112011701,OK,MAX,1,2,AUTO,0.10,4.40,0.45,OK,0.10,4.40,0.79,OK,
[19:25:41] : AUTO RUNNING OFF
[19:25:52] : MEAS ESC ON
[19:25:52] : MEAS ESC OFF
[19:25:52] : AUTO RUNNING ON
[19:26:08] : ÃøÁ¤¿ä±¸3 ON
[19:26:15] : ÃøÁ¤¿ä±¸3 OFF
[19:26:15] : ÃøÁ¤¿ä±¸4 ON
[19:26:23] : ÃøÁ¤¿ä±¸4 OFF
[19:26:23] : 61,20181214-192624,,CF 18112011701,OK,MAX,2,2,AUTO,0.10,4.40,0.63,OK,0.10,4.40,0.60,OK,
[19:31:51] : AUTO RUNNING OFF
[19:32:07] : MEAS ESC ON
[19:32:07] : MEAS ESC OFF
[19:32:07] : AUTO RUNNING ON
[19:32:16] : AUTO RUNNING OFF
[19:33:15] : MEAS ESC ON
[19:33:16] : MEAS ESC OFF
[19:33:16] : AUTO RUNNING ON
[19:33:24] : AUTO RUNNING OFF
[19:33:57] : MEAS ESC ON
[19:34:00] : MEAS ESC OFF
[19:34:00] : AUTO RUNNING ON
[19:34:15] : REQUEST MEAS. ON
[19:34:22] : REQUEST MEAS. OFF
[19:34:22] : ÃøÁ¤¿ä±¸ ON 2
[19:34:30] : ÃøÁ¤¿ä±¸ 2OFF
[19:34:30] : 61,20181214-193430,,CF 18112011701,OK,MAX,1,2,AUTO,0.10,4.40,0.30,OK,0.10,4.40,0.50,OK,
[19:34:32] : AUTO RUNNING OFF
[19:34:41] : MEAS ESC ON
[19:34:42] : MEAS ESC OFF
[19:34:42] : AUTO RUNNING ON
[19:34:57] : ÃøÁ¤¿ä±¸3 ON
[19:35:04] : ÃøÁ¤¿ä±¸3 OFF
[19:35:04] : ÃøÁ¤¿ä±¸4 ON
[19:35:12] : ÃøÁ¤¿ä±¸4 OFF
[19:35:12] : 61,20181214-193513,,CF 18112011701,OK,MAX,2,2,AUTO,0.10,4.40,0.32,OK,0.10,4.40,0.40,OK,
[19:35:49] : AUTO RUNNING OFF
[19:37:45] : MEAS ESC ON
[19:37:48] : MEAS ESC OFF
[19:37:48] : AUTO RUNNING ON
[19:37:58] : AUTO RUNNING OFF
[19:38:28] : MEAS ESC ON
[19:38:29] : MEAS ESC OFF
[19:38:29] : AUTO RUNNING ON
[19:38:44] : REQUEST MEAS. ON
[19:38:51] : REQUEST MEAS. OFF
[19:38:51] : ÃøÁ¤¿ä±¸ ON 2
[19:38:59] : ÃøÁ¤¿ä±¸ 2OFF
[19:38:59] : 61,20181214-193859,,CF 18112011701,OK,MAX,1,2,AUTO,0.10,4.40,0.39,OK,0.10,4.40,0.81,OK,
[19:39:09] : AUTO RUNNING OFF
[19:40:01] : MEAS ESC ON
[19:40:02] : MEAS ESC OFF
[19:40:02] : AUTO RUNNING ON
[19:40:17] : ÃøÁ¤¿ä±¸3 ON
[19:40:20] : AUTO RUNNING OFF
[19:40:20] : ÃøÁ¤¿ä±¸3 OFF
[19:40:20] : 0
[19:40:22] : MEAS ESC ON
[19:40:24] : MEAS ESC OFF
[19:40:24] : AUTO RUNNING ON
[19:40:24] : ÃøÁ¤¿ä±¸3 ON
[19:40:24] : ÃøÁ¤¿ä±¸3 OFF
[19:40:24] : ÃøÁ¤¿ä±¸4 ON
[19:40:32] : ÃøÁ¤¿ä±¸4 OFF
[19:40:32] : 61,20181214-194033,,CF 18112011701,NG,MAX,2,0,AUTO,0.10,4.40,-9999.00,NG,0.10,4.40,1.30,OK,
[19:44:20] : AUTO RUNNING OFF
[19:46:01] : MEAS ESC ON
[19:46:01] : MEAS ESC OFF
[19:46:01] : AUTO RUNNING ON
[19:46:15] : AUTO RUNNING OFF
[19:46:24] : MEAS ESC ON
[19:46:24] : MEAS ESC OFF
[19:46:24] : AUTO RUNNING ON
[19:46:40] : REQUEST MEAS. ON
[19:46:47] : REQUEST MEAS. OFF
[19:46:47] : ÃøÁ¤¿ä±¸ ON 2
[19:46:55] : ÃøÁ¤¿ä±¸ 2OFF
[19:46:55] : 61,20181214-194656,,CF 18112011701,OK,MAX,1,2,AUTO,0.10,4.40,0.51,OK,0.10,4.40,1.12,OK,
[19:46:58] : AUTO RUNNING OFF
[19:47:07] : MEAS ESC ON
[19:47:08] : MEAS ESC OFF
[19:47:08] : AUTO RUNNING ON
[19:47:19] : AUTO RUNNING OFF
[19:47:40] : MEAS ESC ON
[19:47:41] : MEAS ESC OFF
[19:47:41] : AUTO RUNNING ON
[19:47:45] : AUTO RUNNING OFF
[19:58:18] : MEAS ESC ON
[19:58:19] : MEAS ESC OFF
[19:58:19] : AUTO RUNNING ON
[19:58:20] : ÃøÁ¤¿ä±¸3 ON
[19:58:27] : ÃøÁ¤¿ä±¸3 OFF
[19:58:27] : ÃøÁ¤¿ä±¸4 ON
[19:58:34] : ÃøÁ¤¿ä±¸4 OFF
[19:58:34] : 61,20181214-195835,,CF 18112011701,OK,MAX,2,3,AUTO,0.10,4.40,1.33,OK,0.10,4.40,0.77,OK,
[19:59:12] : AUTO RUNNING OFF
[19:59:22] : MEAS ESC ON
[19:59:22] : MEAS ESC OFF
[19:59:22] : AUTO RUNNING ON
[19:59:37] : REQUEST MEAS. ON
[19:59:45] : REQUEST MEAS. OFF
[19:59:45] : ÃøÁ¤¿ä±¸ ON 2
[19:59:52] : ÃøÁ¤¿ä±¸ 2OFF
[19:59:52] : 61,20181214-195952,,CF 18112011701,OK,MAX,1,2,AUTO,0.10,4.40,0.62,OK,0.10,4.40,1.12,OK,
[19:59:57] : AUTO RUNNING OFF
[20:00:25] : MEAS ESC ON
[20:00:25] : MEAS ESC OFF
[20:00:25] : AUTO RUNNING ON
[20:00:41] : ÃøÁ¤¿ä±¸3 ON
[20:00:48] : ÃøÁ¤¿ä±¸3 OFF
[20:00:48] : ÃøÁ¤¿ä±¸4 ON
[20:00:55] : ÃøÁ¤¿ä±¸4 OFF
[20:00:55] : 61,20181214-200056,,CF 18112011701,OK,MAX,2,3,AUTO,0.10,4.40,1.34,OK,0.10,4.40,0.78,OK,
[20:01:26] : AUTO RUNNING OFF
[20:01:38] : MEAS ESC ON
[20:01:39] : MEAS ESC OFF
[20:01:39] : AUTO RUNNING ON
[20:01:54] : REQUEST MEAS. ON
[20:02:01] : REQUEST MEAS. OFF
[20:02:01] : ÃøÁ¤¿ä±¸ ON 2
[20:02:09] : ÃøÁ¤¿ä±¸ 2OFF
[20:02:09] : 61,20181214-200209,,CF 18112011701,OK,MAX,1,2,AUTO,0.10,4.40,0.70,OK,0.10,4.40,1.15,OK,
[20:02:31] : AUTO RUNNING OFF
[20:03:12] : MEAS ESC ON
[20:03:13] : MEAS ESC OFF
[20:03:13] : AUTO RUNNING ON
[20:06:59] : AUTO RUNNING OFF
[20:07:15] : MEAS ESC ON
[20:07:16] : MEAS ESC OFF
[20:07:16] : AUTO RUNNING ON
[20:07:31] : REQUEST MEAS. ON
[20:07:38] : REQUEST MEAS. OFF
[20:07:38] : ÃøÁ¤¿ä±¸ ON 2
[20:07:46] : ÃøÁ¤¿ä±¸ 2OFF
[20:07:46] : 61,20181214-200747,,CF 18112011701,OK,MAX,1,2,AUTO,0.10,4.40,0.32,OK,0.10,4.40,0.55,OK,
[20:07:49] : AUTO RUNNING OFF
[20:08:18] : MEAS ESC ON
[20:08:19] : MEAS ESC OFF
[20:08:19] : AUTO RUNNING ON
[20:08:34] : ÃøÁ¤¿ä±¸3 ON
[20:08:42] : ÃøÁ¤¿ä±¸3 OFF
[20:08:42] : ÃøÁ¤¿ä±¸4 ON
[20:08:49] : ÃøÁ¤¿ä±¸4 OFF
[20:08:49] : 61,20181214-200849,,CF 18112011701,OK,MAX,2,2,AUTO,0.10,4.40,1.09,OK,0.10,4.40,0.59,OK,
[20:10:49] : AUTO RUNNING OFF
[20:10:59] : MEAS ESC ON
[20:10:59] : MEAS ESC OFF
[20:10:59] : AUTO RUNNING ON
[20:11:15] : REQUEST MEAS. ON
[20:11:22] : REQUEST MEAS. OFF
[20:11:22] : ÃøÁ¤¿ä±¸ ON 2
[20:11:29] : ÃøÁ¤¿ä±¸ 2OFF
[20:11:29] : 61,20181214-201129,,CF 18112011701,OK,MAX,1,2,AUTO,0.10,4.40,0.81,OK,0.10,4.40,1.46,OK,
[20:11:32] : AUTO RUNNING OFF
[20:11:49] : MEAS ESC ON
[20:11:49] : MEAS ESC OFF
[20:11:49] : AUTO RUNNING ON
[20:12:05] : ÃøÁ¤¿ä±¸3 ON
[20:12:12] : ÃøÁ¤¿ä±¸3 OFF
[20:12:12] : ÃøÁ¤¿ä±¸4 ON
[20:12:19] : ÃøÁ¤¿ä±¸4 OFF
[20:12:19] : 61,20181214-201220,,CF 18112011701,OK,MAX,2,3,AUTO,0.10,4.40,1.24,OK,0.10,4.40,0.81,OK,
[20:12:35] : AUTO RUNNING OFF
[20:12:51] : MEAS ESC ON
[20:12:52] : MEAS ESC OFF
[20:12:52] : AUTO RUNNING ON
[20:13:22] : AUTO RUNNING OFF
[20:13:34] : MEAS ESC ON
[20:13:35] : MEAS ESC OFF
[20:13:35] : AUTO RUNNING ON
[20:15:01] : AUTO RUNNING OFF
 
