[18:11:45] : REQUEST MEAS. ON
[18:11:52] : REQUEST MEAS. OFF
[18:11:52] : 0
[18:11:52] : 측정요구 ON 2
[10:33:22] : 측정요구 2OFF
[10:33:22] : 0
 
[10:54:52] : REQUEST MEAS. ON
[10:55:01] : REQUEST MEAS. OFF
[10:55:01] : 0
[10:55:01] : 측정요구 ON 2
[10:55:28] : 측정요구 2OFF
[10:55:28] : 0
[11:00:33] : 측정요구3 ON
[11:00:42] : 측정요구3 OFF
[11:00:42] : 0
[11:00:42] : 측정요구4 ON
[11:02:37] : 측정요구4 OFF
[11:02:38] : 0
[11:08:40] : MEAS ESC ON
[11:08:43] : MEAS ESC OFF
 
[13:21:50] : 측정요구3 ON
[13:21:59] : 측정요구3 OFF
[13:21:59] : 0
[13:21:59] : 측정요구4 ON
[13:22:27] : MEAS ESC ON
[13:22:27] : MEAS ESC OFF
[13:22:27] : 측정요구4 OFF
[13:23:50] : REQUEST MEAS. ON
[13:23:58] : REQUEST MEAS. OFF
[13:23:58] : 0
[13:23:58] : 측정요구 ON 2
[13:24:32] : 측정요구 2OFF
[13:24:32] : 0
[13:26:27] : REQUEST MEAS. ON
[13:26:36] : REQUEST MEAS. OFF
[13:26:36] : 0
[13:26:36] : 측정요구 ON 2
[13:46:09] : 측정요구 2OFF
[13:46:10] : 0
[13:47:01] : REQUEST MEAS. ON
[13:47:10] : REQUEST MEAS. OFF
[13:47:10] : 0
[13:47:10] : 측정요구 ON 2
[13:47:37] : 측정요구 2OFF
[13:47:37] : 0
[13:49:52] : 측정요구3 ON
[13:50:00] : 측정요구3 OFF
[13:50:00] : 0
[13:50:00] : 측정요구4 ON
[13:50:35] : 측정요구4 OFF
[13:50:35] : 0
[13:54:33] : MEAS ESC ON
[13:54:35] : MEAS ESC OFF
[13:54:35] : AUTO RUNNING ON
[13:55:14] : AUTO RUNNING OFF
[13:55:16] : MEAS ESC ON
[13:55:17] : MEAS ESC OFF
[13:55:17] : AUTO RUNNING ON
[13:55:20] : AUTO RUNNING OFF
[16:14:56] : MEAS ESC ON
[16:14:57] : MEAS ESC OFF
[16:14:57] : AUTO RUNNING ON
[16:15:15] : AUTO RUNNING OFF
[16:16:29] : MEAS ESC ON
[16:16:29] : MEAS ESC OFF
[16:16:29] : AUTO RUNNING ON
[16:16:59] : AUTO RUNNING OFF
[16:18:51] : MEAS ESC ON
[16:18:53] : MEAS ESC OFF
[16:18:53] : AUTO RUNNING ON
[16:19:01] : AUTO RUNNING OFF
[16:20:34] : MEAS ESC ON
[16:20:37] : MEAS ESC OFF
[16:21:14] : MEAS ESC ON
[16:21:15] : MEAS ESC OFF
[16:21:15] : AUTO RUNNING ON
[16:21:42] : AUTO RUNNING OFF
[16:21:46] : MEAS ESC ON
[16:21:47] : MEAS ESC OFF
[16:21:47] : AUTO RUNNING ON
[16:21:48] : AUTO RUNNING OFF
[16:22:32] : MEAS ESC ON
[16:22:33] : MEAS ESC OFF
[16:22:33] : AUTO RUNNING ON
[16:23:00] : AUTO RUNNING OFF
[16:23:15] : MEAS ESC ON
[16:23:15] : MEAS ESC OFF
[16:23:15] : AUTO RUNNING ON
[16:23:34] : AUTO RUNNING OFF
[17:00:41] : MEAS ESC ON
[17:00:46] : MEAS ESC OFF
[17:01:17] : MEAS ESC ON
[17:01:18] : MEAS ESC OFF
[17:01:18] : AUTO RUNNING ON
[17:02:53] : AUTO RUNNING OFF
[17:02:55] : MEAS ESC ON
[17:02:56] : MEAS ESC OFF
[17:02:56] : AUTO RUNNING ON
[17:03:31] : AUTO RUNNING OFF
[17:06:39] : MEAS ESC ON
[17:06:40] : MEAS ESC OFF
[17:06:40] : AUTO RUNNING ON
[17:07:14] : AUTO RUNNING OFF
[19:07:33] : MEAS ESC ON
[19:07:34] : MEAS ESC OFF
[19:07:34] : AUTO RUNNING ON
[19:07:48] : AUTO RUNNING OFF
[19:39:38] : REQUEST MEAS. ON
[19:39:45] : REQUEST MEAS. OFF
[19:39:45] : 0
[19:39:45] : 측정요구 ON 2
[19:40:05] : 측정요구 2OFF
[19:40:05] : 0
[19:42:00] : 측정요구3 ON
[19:42:07] : 측정요구3 OFF
[19:42:08] : 0
[19:42:08] : 측정요구4 ON
[19:42:18] : 측정요구4 OFF
[19:42:18] : 0
[20:09:45] : REQUEST MEAS. ON
[20:09:52] : REQUEST MEAS. OFF
[20:09:52] : 0
[20:09:52] : 측정요구 ON 2
[20:11:32] : MEAS ESC ON
[20:11:32] : MEAS ESC OFF
[20:11:32] : 측정요구 2OFF
 
