 
[13:23:05] : MEAS ESC ON
[13:23:05] : AUTO RUNNING ON
[14:54:04] : Plc Error Timer
[14:54:04] : MEAS ESC OFF
[14:54:04] : AUTO RUNNING OFF
[14:54:04] : MEAS ESC ON
[17:23:03] : MEAS ESC OFF
[17:29:40] : MEAS ESC ON
[17:29:41] : AUTO RUNNING ON
[17:30:10] : MEAS ESC OFF
[17:30:10] : AUTO RUNNING OFF
[17:39:49] : MEAS ESC ON
[17:39:50] : AUTO RUNNING ON
[17:40:18] : REQUEST MEAS. ON
[17:40:25] : REQUEST MEAS. OFF
[17:40:25] : ÃøÁ¤¿ä±¸ ON 2
[17:40:28] : MEAS ESC OFF
[17:40:28] : AUTO RUNNING OFF
[17:40:28] : ÃøÁ¤¿ä±¸ 2OFF
[17:40:28] : 0
[17:40:30] : MEAS ESC ON
[17:40:31] : MEAS ESC OFF
[17:40:31] : AUTO RUNNING ON
[17:40:31] : ÃøÁ¤¿ä±¸ ON 2
[17:40:32] : ÃøÁ¤¿ä±¸ 2OFF
[17:40:32] : 61,20181224-174033,AL18121450916,,OK,MAX,1,2,AUTO,0.10,4.40,0.54,OK,0.10,4.40,0.51,OK,
[17:45:45] : REQUEST MEAS. ON
[17:45:52] : REQUEST MEAS. OFF
[17:45:52] : ÃøÁ¤¿ä±¸ ON 2
[17:46:00] : ÃøÁ¤¿ä±¸ 2OFF
[17:46:00] : 61,20181224-174600,AL18121450276,,OK,MAX,1,2,AUTO,0.10,4.40,0.86,OK,0.10,4.40,1.02,OK,
[17:48:43] : AUTO RUNNING OFF
[17:55:47] : MEAS ESC ON
[17:55:47] : MEAS ESC OFF
[17:55:47] : AUTO RUNNING ON
[17:56:28] : ÃøÁ¤¿ä±¸3 ON
[17:56:36] : ÃøÁ¤¿ä±¸3 OFF
[17:56:36] : ÃøÁ¤¿ä±¸4 ON
[17:56:44] : ÃøÁ¤¿ä±¸4 OFF
[17:56:44] : 61,20181224-175645,–",,OK,MAX,2,2,AUTO,0.10,4.40,0.50,OK,0.10,4.40,0.39,OK,
[17:57:02] : REQUEST MEAS. ON
[17:57:10] : REQUEST MEAS. OFF
[17:57:10] : ÃøÁ¤¿ä±¸ ON 2
[17:57:17] : ÃøÁ¤¿ä±¸ 2OFF
[17:57:17] : 61,20181224-175717,AL18121450366,,OK,MAX,1,2,AUTO,0.10,4.40,1.00,OK,0.10,4.40,0.69,OK,
[17:57:23] : AUTO RUNNING OFF
[17:57:29] : MEAS ESC ON
[17:57:30] : AUTO RUNNING ON
[18:01:27] : MEAS ESC OFF
[18:01:27] : AUTO RUNNING OFF
[19:09:13] : MEAS ESC ON
[19:09:15] : AUTO RUNNING ON
[19:09:55] : MEAS ESC OFF
[19:09:55] : AUTO RUNNING OFF
[19:10:00] : MEAS ESC ON
[19:10:00] : MEAS ESC OFF
[19:10:00] : AUTO RUNNING ON
[19:13:06] : ÃøÁ¤¿ä±¸3 ON
[19:13:14] : ÃøÁ¤¿ä±¸3 OFF
[19:13:14] : ÃøÁ¤¿ä±¸4 ON
[19:13:22] : ÃøÁ¤¿ä±¸4 OFF
[19:13:22] : 61,20181224-191323,,,OK,MAX,2,3,AUTO,0.10,4.40,1.08,OK,0.10,4.40,1.03,OK,
[19:14:35] : AUTO RUNNING OFF
[19:17:47] : MEAS ESC ON
[19:17:48] : MEAS ESC OFF
[19:17:48] : AUTO RUNNING ON
[19:18:06] : REQUEST MEAS. ON
[19:18:13] : REQUEST MEAS. OFF
[19:18:13] : ÃøÁ¤¿ä±¸ ON 2
[19:18:20] : ÃøÁ¤¿ä±¸ 2OFF
[19:18:20] : 61,20181224-191821,,,OK,MAX,1,2,AUTO,0.10,4.40,0.70,OK,0.10,4.40,0.70,OK,
[19:18:24] : ÃøÁ¤¿ä±¸3 ON
[19:18:31] : ÃøÁ¤¿ä±¸3 OFF
[19:18:31] : ÃøÁ¤¿ä±¸4 ON
[19:18:38] : ÃøÁ¤¿ä±¸4 OFF
[19:18:38] : 61,20181224-191839,,,OK,MAX,2,2,AUTO,0.10,4.40,0.61,OK,0.10,4.40,0.49,OK,
[19:22:13] : AUTO RUNNING OFF
 
