[09:44:58] : MEAS ESC OFF
[09:44:58] : RESET ON
[09:44:58] : M3400 : 비상입니다. OFF
[09:44:58] : M3401 : MAIN AIR ALARM OFF
[09:44:58] : MEAS ESC ON
[09:44:58] : M3400 : 비상입니다. ON
[09:44:58] : M3401 : MAIN AIR ALARM ON
[09:45:05] : MEAS ESC OFF
[09:45:05] : RESET ON
[09:45:05] : M3400 : 비상입니다. OFF
[09:45:05] : M3401 : MAIN AIR ALARM OFF
[09:45:05] : MEAS ESC ON
[09:45:05] : M3400 : 비상입니다. ON
[09:45:05] : M3401 : MAIN AIR ALARM ON
[09:50:21] : MEAS ESC OFF
[09:50:21] : M3400 : 비상입니다. OFF
[09:50:21] : M3401 : MAIN AIR ALARM OFF
 
[19:14:18] : C2,0001,001,
[19:14:18] : TCP 전송 실패
[19:16:08] : RESET ON
[19:16:09] : RESET ON
[19:16:19] : MEAS ESC ON
[19:16:19] : M3400 : 비상입니다. ON
[19:16:23] : MEAS ESC OFF
[19:16:23] : M3400 : 비상입니다. OFF
[19:16:58] : MEAS ESC ON
[19:16:58] : M3400 : 비상입니다. ON
[19:17:07] : MEAS ESC OFF
[19:17:07] : RESET ON
[19:17:07] : M3400 : 비상입니다. OFF
[19:19:26] : RESET ON
[19:19:30] : MEAS ESC ON
[19:19:30] : M3400 : 비상입니다. ON
[19:19:33] : MEAS ESC OFF
[19:19:33] : M3400 : 비상입니다. OFF
[19:23:17] : MEAS ESC ON
[19:23:17] : M3400 : 비상입니다. ON
[19:23:24] : MEAS ESC OFF
[19:23:24] : M3400 : 비상입니다. OFF
[20:48:41] : REQUEST MEAS. ON
[20:48:42] : REQUEST MEAS. OFF
[20:48:58] : REQUEST MEAS. ON
[20:48:59] : REQUEST MEAS. OFF
[20:49:54] : REQUEST MEAS. ON
[20:49:55] : REQUEST MEAS. OFF
[20:50:24] : REQUEST MEAS. ON
[20:50:25] : REQUEST MEAS. OFF
[20:50:47] : REQUEST MEAS. ON
[20:50:49] : REQUEST MEAS. OFF
[20:51:08] : REQUEST MEAS. ON
[20:51:09] : REQUEST MEAS. OFF
[20:52:10] : REQUEST MEAS. ON
[20:52:11] : REQUEST MEAS. OFF
[21:00:58] : REQUEST ZEROSET ON
[21:00:59] : REQUEST ZEROSET OFF
[21:01:18] : REQUEST ZEROSET ON
[21:01:20] : REQUEST ZEROSET OFF
[21:02:33] : REQUEST ZEROSET ON
[21:02:35] : REQUEST ZEROSET OFF
[21:02:52] : REQUEST ZEROSET ON
[21:02:53] : REQUEST ZEROSET OFF
[21:03:07] : REQUEST ZEROSET ON
[21:03:08] : REQUEST ZEROSET OFF
[21:03:22] : REQUEST ZEROSET ON
[21:03:23] : REQUEST ZEROSET OFF
[21:04:09] : REQUEST ZEROSET ON
[21:04:11] : REQUEST ZEROSET OFF
[21:19:12] : REQUEST ZEROSET ON
[21:19:13] : REQUEST ZEROSET OFF
[21:19:33] : REQUEST ZEROSET ON
[21:19:35] : REQUEST ZEROSET OFF
[21:19:49] : REQUEST ZEROSET ON
[21:19:50] : REQUEST ZEROSET OFF
[21:20:04] : REQUEST ZEROSET ON
[21:20:06] : REQUEST ZEROSET OFF
[21:20:20] : REQUEST ZEROSET ON
[21:20:21] : REQUEST ZEROSET OFF
[21:20:35] : REQUEST ZEROSET ON
[21:20:36] : REQUEST ZEROSET OFF
[21:20:50] : REQUEST ZEROSET ON
[21:20:51] : REQUEST ZEROSET OFF
[21:21:47] : REQUEST ZEROSET ON
[21:21:48] : REQUEST ZEROSET OFF
[21:22:02] : REQUEST ZEROSET ON
[21:22:03] : REQUEST ZEROSET OFF
[21:22:17] : REQUEST ZEROSET ON
[21:22:18] : REQUEST ZEROSET OFF
[21:24:09] : REQUEST ZEROSET ON
[21:24:10] : REQUEST ZEROSET OFF
[21:24:24] : REQUEST ZEROSET ON
[21:24:25] : REQUEST ZEROSET OFF
[21:24:43] : REQUEST ZEROSET ON
[21:24:44] : REQUEST ZEROSET OFF
[21:25:03] : REQUEST MEAS. ON
[21:25:04] : REQUEST MEAS. OFF
[21:25:16] : REQUEST MEAS. ON
[21:25:17] : REQUEST MEAS. OFF
[21:25:30] : REQUEST MEAS. ON
[21:25:31] : REQUEST MEAS. OFF
[21:25:44] : REQUEST MEAS. ON
[21:25:45] : REQUEST MEAS. OFF
[21:25:58] : REQUEST MEAS. ON
[21:25:59] : REQUEST MEAS. OFF
[21:26:12] : REQUEST MEAS. ON
[21:26:13] : REQUEST MEAS. OFF
[21:26:25] : REQUEST MEAS. ON
[21:26:26] : REQUEST MEAS. OFF
[21:26:39] : REQUEST MEAS. ON
[21:26:40] : REQUEST MEAS. OFF
[21:26:53] : REQUEST MEAS. ON
[21:26:54] : REQUEST MEAS. OFF
[21:27:07] : REQUEST MEAS. ON
[21:27:08] : REQUEST MEAS. OFF
[21:27:29] : REQUEST MEAS. ON
[21:27:31] : REQUEST MEAS. OFF
[21:27:43] : REQUEST MEAS. ON
[21:27:44] : REQUEST MEAS. OFF
[21:27:57] : REQUEST MEAS. ON
[21:27:58] : REQUEST MEAS. OFF
[21:28:11] : REQUEST MEAS. ON
[21:28:12] : REQUEST MEAS. OFF
[21:28:25] : REQUEST MEAS. ON
[21:28:26] : REQUEST MEAS. OFF
[21:28:39] : REQUEST MEAS. ON
[21:28:40] : REQUEST MEAS. OFF
[21:28:52] : REQUEST MEAS. ON
[21:28:53] : REQUEST MEAS. OFF
[21:29:06] : REQUEST MEAS. ON
[21:29:07] : REQUEST MEAS. OFF
[21:29:20] : REQUEST MEAS. ON
[21:29:21] : REQUEST MEAS. OFF
[21:29:34] : REQUEST MEAS. ON
[21:29:35] : REQUEST MEAS. OFF
[21:43:04] : MEAS ESC ON
[21:43:04] : M3400 : 비상입니다. ON
[22:21:43] : M3401 : MAIN AIR ALARM ON
 
