 
[15:08:03] : MEAS ESC ON
[15:08:03] : MEAS ESC OFF
[15:08:03] : AUTO RUNNING ON
[15:08:35] : AUTO RUNNING OFF
[15:10:01] : MEAS ESC ON
[15:10:01] : MEAS ESC OFF
[15:10:01] : AUTO RUNNING ON
[15:10:25] : REQUEST MEAS. ON
[15:10:33] : REQUEST MEAS. OFF
[15:10:33] : 측정요구 ON 2
[15:10:40] : 측정요구 2OFF
[15:10:40] : 61,20181221-151040,CF18112053861,CF 18111912252,OK,MAX,1,2,AUTO,0.60,4.40,2.38,OK,0.60,4.40,2.57,OK,
[15:11:03] : AUTO RUNNING OFF
[15:12:27] : MEAS ESC ON
[15:12:29] : MEAS ESC OFF
[15:12:29] : AUTO RUNNING ON
[15:13:24] : REQUEST MEAS. ON
[15:13:31] : REQUEST MEAS. OFF
[15:13:31] : 측정요구 ON 2
[15:13:39] : 측정요구 2OFF
[15:13:39] : 61,20181221-151340,CF18120273191,CF 18111912252,OK,MAX,1,2,AUTO,0.60,4.40,2.81,OK,0.60,4.40,2.21,OK,
[15:13:47] : AUTO RUNNING OFF
[15:16:14] : MEAS ESC ON
[15:16:15] : MEAS ESC OFF
[15:16:15] : AUTO RUNNING ON
[15:17:09] : AUTO RUNNING OFF
[15:17:27] : MEAS ESC ON
[15:17:28] : AUTO RUNNING ON
[15:18:02] : REQUEST MEAS. ON
[15:18:09] : REQUEST MEAS. OFF
[15:18:09] : 측정요구 ON 2
[15:18:17] : 측정요구 2OFF
[15:18:17] : 61,20181221-151818,CF18112052661,CF 18111912252,OK,MAX,1,2,AUTO,0.60,4.40,1.29,OK,0.60,4.40,2.62,OK,
[15:18:21] : MEAS ESC OFF
[15:18:21] : AUTO RUNNING OFF
[15:19:50] : MEAS ESC ON
[15:19:50] : AUTO RUNNING ON
[15:19:57] : MEAS ESC OFF
[15:19:57] : AUTO RUNNING OFF
[15:20:23] : MEAS ESC ON
[15:20:24] : AUTO RUNNING ON
[15:20:45] : REQUEST MEAS. ON
[15:20:52] : REQUEST MEAS. OFF
[15:20:52] : 측정요구 ON 2
[15:20:59] : 측정요구 2OFF
[15:20:59] : 61,20181221-152100,CF18112052761,CF 18111912252,OK,MAX,1,2,AUTO,0.60,4.40,1.91,OK,0.60,4.40,1.72,OK,
[15:21:27] : REQUEST MEAS. ON
[15:21:34] : REQUEST MEAS. OFF
[15:21:34] : 측정요구 ON 2
[15:21:42] : 측정요구 2OFF
[15:21:42] : 61,20181221-152142,CF18100851341,CF 18111912252,OK,MAX,1,2,AUTO,0.60,4.40,3.31,OK,0.60,4.40,2.82,OK,
[15:21:58] : MEAS ESC OFF
[15:21:58] : AUTO RUNNING OFF
[15:26:14] : MEAS ESC ON
[15:26:15] : AUTO RUNNING ON
[15:26:28] : REQUEST MEAS. ON
[15:26:35] : REQUEST MEAS. OFF
[15:26:35] : 측정요구 ON 2
[15:26:43] : 측정요구 2OFF
[15:26:43] : 61,20181221-152644,CF18120270511,CF 18111912252,OK,MAX,1,2,AUTO,0.60,4.40,2.00,OK,0.60,4.40,1.51,OK,
[15:26:47] : MEAS ESC OFF
[15:26:47] : AUTO RUNNING OFF
[15:27:00] : MEAS ESC ON
[15:27:01] : AUTO RUNNING ON
[15:27:27] : REQUEST MEAS. ON
[15:27:34] : REQUEST MEAS. OFF
[15:27:34] : 측정요구 ON 2
[15:27:41] : 측정요구 2OFF
[15:27:41] : 61,20181221-152742,CF18120273151,CF 18111912252,OK,MAX,1,2,AUTO,0.60,4.40,1.98,OK,0.60,4.40,1.66,OK,
[15:27:57] : MEAS ESC OFF
[15:27:57] : AUTO RUNNING OFF
[15:28:10] : MEAS ESC ON
[15:28:11] : AUTO RUNNING ON
[15:28:24] : REQUEST MEAS. ON
[15:28:31] : REQUEST MEAS. OFF
[15:28:31] : 측정요구 ON 2
[15:28:39] : 측정요구 2OFF
[15:28:39] : 61,20181221-152839,CF18120272821,CF 18111912252,OK,MAX,1,2,AUTO,0.60,4.40,1.20,OK,0.60,4.40,1.29,OK,
[15:28:47] : MEAS ESC OFF
[15:28:47] : AUTO RUNNING OFF
[15:28:50] : MEAS ESC ON
[15:28:51] : AUTO RUNNING ON
[15:29:40] : REQUEST MEAS. ON
[15:29:47] : REQUEST MEAS. OFF
[15:29:47] : 측정요구 ON 2
[15:29:54] : 측정요구 2OFF
[15:29:54] : 61,20181221-152955,CF18112052221,CF 18111912252,OK,MAX,1,2,AUTO,0.60,4.40,1.50,OK,0.60,4.40,1.20,OK,
[15:29:58] : MEAS ESC OFF
[15:29:58] : AUTO RUNNING OFF
[15:30:03] : MEAS ESC ON
[15:30:03] : AUTO RUNNING ON
[15:30:30] : REQUEST MEAS. ON
[15:30:37] : REQUEST MEAS. OFF
[15:30:37] : 측정요구 ON 2
[15:30:45] : 측정요구 2OFF
[15:30:45] : 61,20181221-153045,CF18112053961,CF 18111912252,OK,MAX,1,2,AUTO,0.60,4.40,2.41,OK,0.60,4.40,2.92,OK,
[15:31:13] : REQUEST MEAS. ON
[15:31:20] : REQUEST MEAS. OFF
[15:31:20] : 측정요구 ON 2
[15:31:27] : 측정요구 2OFF
[15:31:27] : 61,20181221-153128,CF18120273531,CF 18111912252,OK,MAX,1,2,AUTO,0.60,4.40,1.29,OK,0.60,4.40,1.91,OK,
[15:31:55] : REQUEST MEAS. ON
[15:32:02] : REQUEST MEAS. OFF
[15:32:02] : 측정요구 ON 2
[15:32:10] : 측정요구 2OFF
[15:32:10] : 61,20181221-153211,CF18112052441,CF 18111912252,OK,MAX,1,2,AUTO,0.60,4.40,1.71,OK,0.60,4.40,1.51,OK,
[15:32:38] : REQUEST MEAS. ON
[15:32:45] : REQUEST MEAS. OFF
[15:32:45] : 측정요구 ON 2
[15:32:52] : 측정요구 2OFF
[15:32:52] : 61,20181221-153253,CF18120550801,CF 18111912252,OK,MAX,1,2,AUTO,0.60,4.40,0.90,OK,0.60,4.40,2.10,OK,
[15:33:20] : REQUEST MEAS. ON
[15:33:27] : REQUEST MEAS. OFF
[15:33:27] : 측정요구 ON 2
[15:33:35] : 측정요구 2OFF
[15:33:35] : 61,20181221-153336,CF18112052771,CF 18111912252,OK,MAX,1,2,AUTO,0.60,4.40,2.28,OK,0.60,4.40,2.28,OK,
[15:34:03] : REQUEST MEAS. ON
[15:34:10] : REQUEST MEAS. OFF
[15:34:10] : 측정요구 ON 2
[15:34:17] : 측정요구 2OFF
[15:34:17] : 61,20181221-153418,CF18112053361,CF 18111912252,OK,MAX,1,2,AUTO,0.60,4.40,2.11,OK,0.60,4.40,1.64,OK,
[15:35:26] : REQUEST MEAS. ON
[15:35:34] : REQUEST MEAS. OFF
[15:35:34] : 측정요구 ON 2
[15:35:41] : 측정요구 2OFF
[15:35:41] : 61,20181221-153542,CF18112052331,CF 18111912252,OK,MAX,1,2,AUTO,0.60,4.40,3.10,OK,0.60,4.40,2.43,OK,
[15:36:09] : REQUEST MEAS. ON
[15:36:16] : REQUEST MEAS. OFF
[15:36:16] : 측정요구 ON 2
[15:36:24] : 측정요구 2OFF
[15:36:24] : 61,20181221-153624,CF18112052351,CF 18111912252,OK,MAX,1,2,AUTO,0.60,4.40,2.00,OK,0.60,4.40,2.71,OK,
[15:36:51] : REQUEST MEAS. ON
[15:36:58] : REQUEST MEAS. OFF
[15:36:58] : 측정요구 ON 2
[15:37:06] : 측정요구 2OFF
[15:37:06] : 61,20181221-153707,CF18112052691,CF 18111912252,OK,MAX,1,2,AUTO,0.60,4.40,1.78,OK,0.60,4.40,1.96,OK,
[15:37:34] : REQUEST MEAS. ON
[15:37:41] : REQUEST MEAS. OFF
[15:37:41] : 측정요구 ON 2
[15:37:48] : 측정요구 2OFF
[15:37:48] : 61,20181221-153749,CF18112052671,CF 18111912252,OK,MAX,1,2,AUTO,0.60,4.40,1.71,OK,0.60,4.40,4.03,OK,
[15:38:16] : REQUEST MEAS. ON
[15:38:23] : REQUEST MEAS. OFF
[15:38:23] : 측정요구 ON 2
[15:38:31] : 측정요구 2OFF
[15:38:31] : 61,20181221-153831,CF18112052621,CF 18111912252,OK,MAX,1,2,AUTO,0.60,4.40,2.21,OK,0.60,4.40,1.62,OK,
[15:38:59] : REQUEST MEAS. ON
[15:39:06] : REQUEST MEAS. OFF
[15:39:06] : 측정요구 ON 2
[15:39:13] : 측정요구 2OFF
[15:39:13] : 61,20181221-153914,CF18112052641,CF 18111912252,OK,MAX,1,2,AUTO,0.60,4.40,1.61,OK,0.60,4.40,1.40,OK,
[15:39:41] : REQUEST MEAS. ON
[15:39:48] : REQUEST MEAS. OFF
[15:39:48] : 측정요구 ON 2
[15:39:55] : 측정요구 2OFF
[15:39:55] : 61,20181221-153956,CF18112052171,CF 18111912252,OK,MAX,1,2,AUTO,0.60,4.40,1.81,OK,0.60,4.40,1.72,OK,
[15:40:23] : REQUEST MEAS. ON
[15:40:30] : REQUEST MEAS. OFF
[15:40:30] : 측정요구 ON 2
[15:40:38] : 측정요구 2OFF
[15:40:38] : 61,20181221-154038,CF18112053411,CF 18111912252,OK,MAX,1,2,AUTO,0.60,4.40,2.10,OK,0.60,4.40,1.82,OK,
[15:41:05] : REQUEST MEAS. ON
[15:41:12] : REQUEST MEAS. OFF
[15:41:12] : 측정요구 ON 2
[15:41:20] : 측정요구 2OFF
[15:41:20] : 61,20181221-154121,CF18112052851,CF 18111912252,OK,MAX,1,2,AUTO,0.60,4.40,1.39,OK,0.60,4.40,2.72,OK,
[15:41:47] : REQUEST MEAS. ON
[15:41:55] : REQUEST MEAS. OFF
[15:41:55] : 측정요구 ON 2
[15:42:02] : 측정요구 2OFF
[15:42:02] : 61,20181221-154203,CF18112051251,CF 18111912252,OK,MAX,1,2,AUTO,0.60,4.40,1.30,OK,0.60,4.40,1.41,OK,
[15:42:30] : REQUEST MEAS. ON
[15:42:37] : REQUEST MEAS. OFF
[15:42:37] : 측정요구 ON 2
[15:42:44] : 측정요구 2OFF
[15:42:44] : 61,20181221-154245,CF18112052161,CF 18111912252,OK,MAX,1,2,AUTO,0.60,4.40,1.63,OK,0.60,4.40,1.24,OK,
[15:43:12] : REQUEST MEAS. ON
[15:43:19] : REQUEST MEAS. OFF
[15:43:19] : 측정요구 ON 2
[15:43:27] : 측정요구 2OFF
[15:43:27] : 61,20181221-154328,CF18112052501,CF 18111912252,OK,MAX,1,2,AUTO,0.60,4.40,2.46,OK,0.60,4.40,1.52,OK,
[15:44:42] : MEAS ESC OFF
[15:44:42] : AUTO RUNNING OFF
[15:45:47] : MEAS ESC ON
[15:45:48] : AUTO RUNNING ON
[15:46:07] : REQUEST MEAS. ON
[15:46:15] : REQUEST MEAS. OFF
[15:46:15] : 측정요구 ON 2
[15:46:22] : 측정요구 2OFF
[15:46:22] : 61,20181221-154623,CF18112053821,CF 18111912252,OK,MAX,1,2,AUTO,0.60,4.40,2.58,OK,0.60,4.40,2.34,OK,
[15:46:50] : REQUEST MEAS. ON
[15:46:57] : REQUEST MEAS. OFF
[15:46:57] : 측정요구 ON 2
[15:47:04] : 측정요구 2OFF
[15:47:04] : 61,20181221-154705,CF18112053041,CF 18111912252,OK,MAX,1,2,AUTO,0.60,4.40,2.08,OK,0.60,4.40,1.63,OK,
[15:47:32] : REQUEST MEAS. ON
[15:47:39] : REQUEST MEAS. OFF
[15:47:39] : 측정요구 ON 2
[15:47:46] : 측정요구 2OFF
[15:47:46] : 61,20181221-154747,CF18112051971,CF 18111912252,OK,MAX,1,2,AUTO,0.60,4.40,2.41,OK,0.60,4.40,1.92,OK,
[15:48:14] : REQUEST MEAS. ON
[15:48:21] : REQUEST MEAS. OFF
[15:48:21] : 측정요구 ON 2
[15:48:29] : 측정요구 2OFF
[15:48:29] : 61,20181221-154830,CF18112051591,CF 18111912252,OK,MAX,1,2,AUTO,0.60,4.40,2.00,OK,0.60,4.40,2.31,OK,
[15:48:57] : REQUEST MEAS. ON
[15:49:04] : REQUEST MEAS. OFF
[15:49:04] : 측정요구 ON 2
[15:49:11] : 측정요구 2OFF
[15:49:11] : 61,20181221-154912,CF18112053281,CF 18111912252,OK,MAX,1,2,AUTO,0.60,4.40,1.91,OK,0.60,4.40,1.53,OK,
[15:50:41] : MEAS ESC OFF
[15:50:41] : AUTO RUNNING OFF
[15:50:52] : MEAS ESC ON
[15:50:53] : AUTO RUNNING ON
[15:51:08] : REQUEST MEAS. ON
[15:51:16] : REQUEST MEAS. OFF
[15:51:16] : 측정요구 ON 2
[15:51:23] : 측정요구 2OFF
[15:51:23] : 61,20181221-155124,,CF 18111912252,OK,MAX,1,2,AUTO,0.60,4.40,2.81,OK,0.60,4.40,2.42,OK,
[16:19:17] : MEAS ESC OFF
[16:19:17] : AUTO RUNNING OFF
[16:37:09] : MEAS ESC ON
[16:37:10] : AUTO RUNNING ON
[16:38:21] : REQUEST MEAS. ON
[16:38:28] : REQUEST MEAS. OFF
[16:38:28] : 측정요구 ON 2
[16:38:35] : 측정요구 2OFF
[16:38:35] : 61,20181221-163836,AL18121450366,CF 18111912252,OK,MAX,1,2,AUTO,0.10,4.40,1.15,OK,0.10,4.40,0.84,OK,
[16:39:03] : REQUEST MEAS. ON
[16:39:10] : REQUEST MEAS. OFF
[16:39:10] : 측정요구 ON 2
[16:39:18] : 측정요구 2OFF
[16:39:18] : 61,20181221-163918,AL18121450626,CF 18111912252,OK,MAX,1,2,AUTO,0.10,4.40,1.36,OK,0.10,4.40,1.00,OK,
[16:39:52] : REQUEST MEAS. ON
[16:39:59] : REQUEST MEAS. OFF
[16:40:00] : 측정요구 ON 2
[16:40:07] : 측정요구 2OFF
[16:40:07] : 61,20181221-164008,AL18121450606,CF 18111912252,OK,MAX,1,2,AUTO,0.10,4.40,1.04,OK,0.10,4.40,1.03,OK,
[16:40:50] : REQUEST MEAS. ON
[16:40:58] : REQUEST MEAS. OFF
[16:40:58] : 측정요구 ON 2
[16:41:05] : 측정요구 2OFF
[16:41:05] : 61,20181221-164105,AL18121450576,CF 18111912252,OK,MAX,1,2,AUTO,0.10,4.40,2.62,OK,0.10,4.40,3.14,OK,
[16:42:31] : REQUEST MEAS. ON
[16:42:38] : REQUEST MEAS. OFF
[16:42:38] : 측정요구 ON 2
[16:42:45] : 측정요구 2OFF
[16:42:45] : 61,20181221-164245,AL18121450766,CF 18111912252,NG,MAX,1,0,AUTO,0.10,4.40,6.35,NG,0.10,4.40,5.71,NG,
[16:43:13] : REQUEST MEAS. ON
[16:43:20] : REQUEST MEAS. OFF
[16:43:20] : 측정요구 ON 2
[16:43:28] : 측정요구 2OFF
[16:43:28] : 61,20181221-164329,AL18121450746,CF 18111912252,OK,MAX,1,2,AUTO,0.10,4.40,0.98,OK,0.10,4.40,0.60,OK,
[16:43:56] : REQUEST MEAS. ON
[16:44:03] : REQUEST MEAS. OFF
[16:44:03] : 측정요구 ON 2
[16:44:10] : 측정요구 2OFF
[16:44:10] : 61,20181221-164411,AL18121450776,CF 18111912252,OK,MAX,1,2,AUTO,0.10,4.40,1.30,OK,0.10,4.40,1.30,OK,
[16:44:44] : REQUEST MEAS. ON
[16:44:51] : REQUEST MEAS. OFF
[16:44:51] : 측정요구 ON 2
[16:44:59] : 측정요구 2OFF
[16:44:59] : 61,20181221-164459,AL18121450676,CF 18111912252,OK,MAX,1,2,AUTO,0.10,4.40,0.71,OK,0.10,4.40,0.52,OK,
[16:45:26] : REQUEST MEAS. ON
[16:45:33] : REQUEST MEAS. OFF
[16:45:33] : 측정요구 ON 2
[16:45:41] : 측정요구 2OFF
[16:45:41] : 61,20181221-164542,AL18121450406,CF 18111912252,OK,MAX,1,2,AUTO,0.10,4.40,0.81,OK,0.10,4.40,0.61,OK,
[16:46:09] : REQUEST MEAS. ON
[16:46:16] : REQUEST MEAS. OFF
[16:46:16] : 측정요구 ON 2
[16:46:23] : 측정요구 2OFF
[16:46:23] : 61,20181221-164624,AL18121450996,CF 18111912252,OK,MAX,1,2,AUTO,0.10,4.40,0.89,OK,0.10,4.40,0.73,OK,
[16:46:57] : REQUEST MEAS. ON
[16:47:04] : REQUEST MEAS. OFF
[16:47:04] : 측정요구 ON 2
[16:47:12] : 측정요구 2OFF
[16:47:12] : 61,20181221-164712,AL18121450876,CF 18111912252,OK,MAX,1,2,AUTO,0.10,4.40,0.69,OK,0.10,4.40,0.80,OK,
[16:47:42] : REQUEST MEAS. ON
[16:47:49] : REQUEST MEAS. OFF
[16:47:49] : 측정요구 ON 2
[16:47:57] : 측정요구 2OFF
[16:47:57] : 61,20181221-164757,AL18121450886,CF 18111912252,OK,MAX,1,2,AUTO,0.10,4.40,1.49,OK,0.10,4.40,1.10,OK,
[16:49:17] : REQUEST MEAS. ON
[16:49:24] : REQUEST MEAS. OFF
[16:49:24] : 측정요구 ON 2
[16:49:32] : 측정요구 2OFF
[16:49:32] : 61,20181221-164932,AL18121450726,CF 18111912252,OK,MAX,1,2,AUTO,0.10,4.40,1.86,OK,0.10,4.40,1.47,OK,
[16:50:58] : REQUEST MEAS. ON
[16:51:05] : REQUEST MEAS. OFF
[16:51:05] : 측정요구 ON 2
[16:51:13] : 측정요구 2OFF
[16:51:13] : 61,20181221-165113,AL18121450276,CF 18111912252,OK,MAX,1,2,AUTO,0.10,4.40,0.49,OK,0.10,4.40,0.67,OK,
[16:51:38] : REQUEST MEAS. ON
[16:51:45] : REQUEST MEAS. OFF
[16:51:45] : 측정요구 ON 2
[16:51:53] : 측정요구 2OFF
[16:51:53] : 61,20181221-165154,AL18121450916,CF 18111912252,OK,MAX,1,2,AUTO,0.10,4.40,0.90,OK,0.10,4.40,0.69,OK,
[16:54:45] : REQUEST MEAS. ON
[16:54:52] : REQUEST MEAS. OFF
[16:54:52] : 측정요구 ON 2
[16:55:00] : 측정요구 2OFF
[16:55:00] : 61,20181221-165500,AL18121450566,CF 18111912252,OK,MAX,1,2,AUTO,0.10,4.40,0.97,OK,0.10,4.40,0.71,OK,
[16:55:27] : REQUEST MEAS. ON
[16:55:34] : REQUEST MEAS. OFF
[16:55:34] : 측정요구 ON 2
[16:55:42] : 측정요구 2OFF
[16:55:42] : 61,20181221-165543,AL18121450386,CF 18111912252,OK,MAX,1,2,AUTO,0.10,4.40,0.95,OK,0.10,4.40,1.56,OK,
[16:56:10] : REQUEST MEAS. ON
[16:56:17] : REQUEST MEAS. OFF
[16:56:17] : 측정요구 ON 2
[16:56:24] : 측정요구 2OFF
[16:56:24] : 61,20181221-165625,AL18121450586,CF 18111912252,OK,MAX,1,2,AUTO,0.10,4.40,0.60,OK,0.10,4.40,0.82,OK,
[16:56:52] : REQUEST MEAS. ON
[16:56:59] : REQUEST MEAS. OFF
[16:56:59] : 측정요구 ON 2
[16:57:07] : 측정요구 2OFF
[16:57:07] : 61,20181221-165707,AL18121450556,CF 18111912252,OK,MAX,1,2,AUTO,0.10,4.40,1.01,OK,0.10,4.40,0.92,OK,
[16:58:47] : REQUEST MEAS. ON
[16:58:54] : REQUEST MEAS. OFF
[16:58:54] : 측정요구 ON 2
[16:59:02] : 측정요구 2OFF
[16:59:02] : 61,20181221-165902,AL18121450596,CF 18111912252,OK,MAX,1,2,AUTO,0.10,4.40,0.98,OK,0.10,4.40,0.90,OK,
[16:59:29] : REQUEST MEAS. ON
[16:59:36] : REQUEST MEAS. OFF
[16:59:36] : 측정요구 ON 2
[16:59:44] : 측정요구 2OFF
[16:59:44] : 61,20181221-165945,AL18121450976,CF 18111912252,OK,MAX,1,2,AUTO,0.10,4.40,1.61,OK,0.10,4.40,1.83,OK,
[17:00:12] : REQUEST MEAS. ON
[17:00:19] : REQUEST MEAS. OFF
[17:00:19] : 측정요구 ON 2
[17:00:26] : 측정요구 2OFF
[17:00:26] : 61,20181221-170027,AL18121450496,CF 18111912252,OK,MAX,1,2,AUTO,0.10,4.40,1.00,OK,0.10,4.40,0.80,OK,
[17:00:54] : REQUEST MEAS. ON
[17:01:01] : REQUEST MEAS. OFF
[17:01:01] : 측정요구 ON 2
[17:01:09] : 측정요구 2OFF
[17:01:09] : 61,20181221-170109,AL18121450356,CF 18111912252,OK,MAX,1,2,AUTO,0.10,4.40,0.90,OK,0.10,4.40,0.72,OK,
[17:01:36] : REQUEST MEAS. ON
[17:01:43] : REQUEST MEAS. OFF
[17:01:43] : 측정요구 ON 2
[17:01:51] : 측정요구 2OFF
[17:01:51] : 61,20181221-170152,AL18121450546,CF 18111912252,OK,MAX,1,2,AUTO,0.10,4.40,0.60,OK,0.10,4.40,0.61,OK,
[17:02:19] : REQUEST MEAS. ON
[17:02:26] : REQUEST MEAS. OFF
[17:02:26] : 측정요구 ON 2
[17:02:33] : 측정요구 2OFF
[17:02:33] : 61,20181221-170234,AL18121450436,CF 18111912252,OK,MAX,1,2,AUTO,0.10,4.40,0.99,OK,0.10,4.40,0.72,OK,
[17:03:01] : REQUEST MEAS. ON
[17:03:08] : REQUEST MEAS. OFF
[17:03:08] : 측정요구 ON 2
[17:03:16] : 측정요구 2OFF
[17:03:16] : 61,20181221-170316,AL18121450956,CF 18111912252,OK,MAX,1,2,AUTO,0.10,4.40,0.93,OK,0.10,4.40,0.91,OK,
[17:03:43] : REQUEST MEAS. ON
[17:03:50] : REQUEST MEAS. OFF
[17:03:50] : 측정요구 ON 2
[17:03:58] : 측정요구 2OFF
[17:03:58] : 61,20181221-170359,AL18121450526,CF 18111912252,OK,MAX,1,2,AUTO,0.10,4.40,0.80,OK,0.10,4.40,0.60,OK,
[17:04:26] : REQUEST MEAS. ON
[17:04:33] : REQUEST MEAS. OFF
[17:04:33] : 측정요구 ON 2
[17:04:40] : 측정요구 2OFF
[17:04:40] : 61,20181221-170441,AL18121450506,CF 18111912252,OK,MAX,1,2,AUTO,0.10,4.40,1.41,OK,0.10,4.40,1.35,OK,
[17:05:08] : REQUEST MEAS. ON
[17:05:15] : REQUEST MEAS. OFF
[17:05:15] : 측정요구 ON 2
[17:05:23] : 측정요구 2OFF
[17:05:23] : 61,20181221-170523,AL18121450536,CF 18111912252,OK,MAX,1,2,AUTO,0.10,4.40,1.00,OK,0.10,4.40,0.72,OK,
[17:05:50] : REQUEST MEAS. ON
[17:05:57] : REQUEST MEAS. OFF
[17:05:57] : 측정요구 ON 2
[17:06:05] : 측정요구 2OFF
[17:06:05] : 61,20181221-170606,AL18121450466,CF 18111912252,OK,MAX,1,2,AUTO,0.10,4.40,0.28,OK,0.10,4.40,0.72,OK,
[17:06:33] : REQUEST MEAS. ON
[17:06:40] : REQUEST MEAS. OFF
[17:06:40] : 측정요구 ON 2
[17:06:48] : 측정요구 2OFF
[17:06:48] : 61,20181221-170648,AL18121450416,CF 18111912252,OK,MAX,1,2,AUTO,0.10,4.40,1.00,OK,0.10,4.40,0.95,OK,
[17:07:15] : REQUEST MEAS. ON
[17:07:22] : REQUEST MEAS. OFF
[17:07:22] : 측정요구 ON 2
[17:07:30] : 측정요구 2OFF
[17:07:30] : 61,20181221-170731,AL18121450706,CF 18111912252,OK,MAX,1,2,AUTO,0.10,4.40,0.84,OK,0.10,4.40,0.91,OK,
[17:07:58] : REQUEST MEAS. ON
[17:08:05] : REQUEST MEAS. OFF
[17:08:05] : 측정요구 ON 2
[17:08:12] : 측정요구 2OFF
[17:08:12] : 61,20181221-170813,AL18121450336,CF 18111912252,OK,MAX,1,2,AUTO,0.10,4.40,0.62,OK,0.10,4.40,0.82,OK,
[17:08:40] : REQUEST MEAS. ON
[17:08:47] : REQUEST MEAS. OFF
[17:08:47] : 측정요구 ON 2
[17:08:55] : 측정요구 2OFF
[17:08:55] : 61,20181221-170855,AL18121450296,CF 18111912252,OK,MAX,1,2,AUTO,0.10,4.40,1.90,OK,0.10,4.40,1.82,OK,
[17:09:22] : REQUEST MEAS. ON
[17:09:29] : REQUEST MEAS. OFF
[17:09:29] : 측정요구 ON 2
[17:09:37] : 측정요구 2OFF
[17:09:37] : 61,20181221-170937,AL18121450716,CF 18111912252,OK,MAX,1,2,AUTO,0.10,4.40,1.60,OK,0.10,4.40,1.30,OK,
[17:10:05] : REQUEST MEAS. ON
[17:10:12] : REQUEST MEAS. OFF
[17:10:12] : 측정요구 ON 2
[17:10:19] : 측정요구 2OFF
[17:10:19] : 61,20181221-171020,AL18121450306,CF 18111912252,OK,MAX,1,2,AUTO,0.10,4.40,2.40,OK,0.10,4.40,2.02,OK,
[17:10:47] : REQUEST MEAS. ON
[17:10:54] : REQUEST MEAS. OFF
[17:10:54] : 측정요구 ON 2
[17:11:02] : 측정요구 2OFF
[17:11:02] : 61,20181221-171102,AL18121450926,CF 18111912252,NG,MAX,1,2,AUTO,0.10,4.40,4.61,NG,0.10,4.40,3.91,OK,
[17:13:21] : REQUEST MEAS. ON
[17:13:28] : REQUEST MEAS. OFF
[17:13:28] : 측정요구 ON 2
[17:13:35] : 측정요구 2OFF
[17:13:35] : 61,20181221-171336,AL18121450946,CF 18111912252,OK,MAX,1,2,AUTO,0.10,4.40,4.09,OK,0.10,4.40,3.70,OK,
[17:14:19] : REQUEST MEAS. ON
[17:14:26] : REQUEST MEAS. OFF
[17:14:26] : 측정요구 ON 2
[17:14:33] : 측정요구 2OFF
[17:14:33] : 61,20181221-171434,AL18121450286,CF 18111912252,NG,MAX,1,2,AUTO,0.10,4.40,4.59,NG,0.10,4.40,4.01,OK,
[17:15:02] : REQUEST MEAS. ON
[17:15:09] : REQUEST MEAS. OFF
[17:15:09] : 측정요구 ON 2
[17:15:17] : 측정요구 2OFF
[17:15:17] : 61,20181221-171517,AL18121450476,CF 18111912252,OK,MAX,1,2,AUTO,0.10,4.40,2.20,OK,0.10,4.40,2.51,OK,
[17:15:44] : REQUEST MEAS. ON
[17:15:51] : REQUEST MEAS. OFF
[17:15:51] : 측정요구 ON 2
[17:15:59] : 측정요구 2OFF
[17:15:59] : 61,20181221-171600,AL18121450266,CF 18111912252,OK,MAX,1,2,AUTO,0.10,4.40,3.61,OK,0.10,4.40,3.40,OK,
[17:16:27] : REQUEST MEAS. ON
[17:16:34] : REQUEST MEAS. OFF
[17:16:34] : 측정요구 ON 2
[17:16:41] : 측정요구 2OFF
[17:16:41] : 61,20181221-171642,AL18121450826,CF 18111912252,OK,MAX,1,2,AUTO,0.10,4.40,4.12,OK,0.10,4.40,3.69,OK,
[17:17:09] : REQUEST MEAS. ON
[17:17:16] : REQUEST MEAS. OFF
[17:17:16] : 측정요구 ON 2
[17:17:24] : 측정요구 2OFF
[17:17:24] : 61,20181221-171724,AL18121450396,CF 18111912252,OK,MAX,1,2,AUTO,0.10,4.40,2.90,OK,0.10,4.40,3.14,OK,
[17:17:51] : REQUEST MEAS. ON
[17:17:58] : REQUEST MEAS. OFF
[17:17:58] : 측정요구 ON 2
[17:18:06] : 측정요구 2OFF
[17:18:06] : 61,20181221-171806,AL18121451006,CF 18111912252,OK,MAX,1,2,AUTO,0.10,4.40,1.38,OK,0.10,4.40,1.12,OK,
[17:18:33] : REQUEST MEAS. ON
[17:18:40] : REQUEST MEAS. OFF
[17:18:40] : 측정요구 ON 2
[17:18:48] : 측정요구 2OFF
[17:18:48] : 61,20181221-171848,AL18121450656,CF 18111912252,OK,MAX,1,2,AUTO,0.10,4.40,3.20,OK,0.10,4.40,3.01,OK,
[17:19:15] : REQUEST MEAS. ON
[17:19:22] : REQUEST MEAS. OFF
[17:19:22] : 측정요구 ON 2
[17:19:30] : 측정요구 2OFF
[17:19:30] : 61,20181221-171931,AL18121450666,CF 18111912252,NG,MAX,1,2,AUTO,0.10,4.40,4.56,NG,0.10,4.40,4.41,NG,
[17:19:59] : REQUEST MEAS. ON
[17:20:06] : REQUEST MEAS. OFF
[17:20:06] : 측정요구 ON 2
[17:20:14] : 측정요구 2OFF
[17:20:14] : 61,20181221-172014,AL18121450816,CF 18111912252,OK,MAX,1,2,AUTO,0.10,4.40,4.22,OK,0.10,4.40,3.78,OK,
[17:20:41] : REQUEST MEAS. ON
[17:20:48] : REQUEST MEAS. OFF
[17:20:48] : 측정요구 ON 2
[17:20:56] : 측정요구 2OFF
[17:20:56] : 61,20181221-172056,AL18121450686,CF 18111912252,OK,MAX,1,2,AUTO,0.10,4.40,1.01,OK,0.10,4.40,0.71,OK,
[17:21:24] : REQUEST MEAS. ON
[17:21:31] : REQUEST MEAS. OFF
[17:21:31] : 측정요구 ON 2
[17:21:38] : 측정요구 2OFF
[17:21:38] : 61,20181221-172139,AL18121450906,CF 18111912252,OK,MAX,1,2,AUTO,0.10,4.40,2.73,OK,0.10,4.40,2.83,OK,
[17:31:09] : REQUEST MEAS. ON
[17:31:16] : REQUEST MEAS. OFF
[17:31:16] : 측정요구 ON 2
[17:31:24] : 측정요구 2OFF
[17:31:24] : 61,20181221-173125,AL18121450636,CF 18111912252,OK,MAX,1,2,AUTO,0.10,4.40,1.38,OK,0.10,4.40,1.68,OK,
[17:32:06] : REQUEST MEAS. ON
[17:32:13] : REQUEST MEAS. OFF
[17:32:13] : 측정요구 ON 2
[17:32:21] : 측정요구 2OFF
[17:32:21] : 61,20181221-173221,AL18121450756,CF 18111912252,NG,MAX,1,0,AUTO,0.10,4.40,6.69,NG,0.10,4.40,6.45,NG,
[17:35:25] : REQUEST MEAS. ON
[17:35:32] : REQUEST MEAS. OFF
[17:35:32] : 측정요구 ON 2
[17:35:40] : 측정요구 2OFF
[17:35:40] : 61,20181221-173540,AL18121450846,CF 18111912252,OK,MAX,1,2,AUTO,0.10,4.40,3.03,OK,0.10,4.40,2.53,OK,
[17:36:07] : REQUEST MEAS. ON
[17:36:14] : REQUEST MEAS. OFF
[17:36:14] : 측정요구 ON 2
[17:36:22] : 측정요구 2OFF
[17:36:22] : 61,20181221-173623,AL18121450456,CF 18111912252,OK,MAX,1,2,AUTO,0.10,4.40,2.99,OK,0.10,4.40,2.62,OK,
[17:40:01] : REQUEST MEAS. ON
[17:40:08] : REQUEST MEAS. OFF
[17:40:08] : 측정요구 ON 2
[17:40:16] : 측정요구 2OFF
[17:40:16] : 61,20181221-174016,AL18121450936,CF 18111912252,OK,MAX,1,2,AUTO,0.10,4.40,4.10,OK,0.10,4.40,4.10,OK,
 
