[10:25:34] : MEAS ESC ON
[10:25:34] : AUTO RUNNING ON
[10:25:37] : AUTO RUNNING OFF
[10:25:45] : MEAS ESC OFF
 
[11:59:35] : PROGRAM END
 
[12:00:00] : PROGRAM START
[12:00:04] : AUTO RUNNING OFF
[12:00:04] : REQUEST MEAS. OFF
[12:00:04] : REQUEST ZEROSET OFF
[12:00:04] : REQUEST ZEROSET OFF
[16:16:59] : MEAS ESC ON
[16:16:59] : AUTO RUNNING ON
[16:23:19] : Cycle start ON
[16:23:20] : REQUEST MEAS. ON
[16:23:20] : Cycle start OFF
[16:23:27] : REQUEST MEAS. OFF
[16:23:28] : 측정요구 ON 2
[16:23:35] : 측정요구 2OFF
[16:23:37] : TCP FAIL 1
[16:23:37] : 측정요구3 ON
[16:23:44] : 측정요구3 OFF
[16:23:45] : 측정요구4 ON
[16:23:52] : 측정요구4 OFF
[16:23:55] : TCP FAIL 1
[16:25:29] : Cycle start ON
[16:25:29] : Cycle start OFF
[16:25:29] : REQUEST MEAS. ON
[16:25:36] : REQUEST MEAS. OFF
[16:25:37] : 측정요구 ON 2
[16:25:44] : 측정요구 2OFF
[16:25:44] : 61,20181116-162544,CF18100852071,CF 18090110853,OK,MAX,1,2,0.60,4.40,1.80,OK,0.60,4.40,3.52,OK,
[16:25:44] : MEAS ESC OFF
[16:25:44] : AUTO RUNNING OFF
[16:37:58] : MEAS ESC ON
[16:37:58] : AUTO RUNNING ON
[16:38:00] : Cycle start ON
[16:38:00] : Cycle start OFF
[16:38:00] : 측정요구3 ON
[16:38:07] : 측정요구3 OFF
[16:38:09] : 측정요구4 ON
[16:38:16] : 측정요구4 OFF
[16:38:16] : 61,20181116-163816,CF18100851421,,NG,MAX,2,2,0.60,4.40,3.71,OK,0.60,4.40,5.14,NG,
[16:40:25] : Cycle start ON
[16:40:25] : Cycle start OFF
[16:40:25] : REQUEST MEAS. ON
[16:40:26] : Cycle start ON
[16:40:26] : Cycle start OFF
[16:40:32] : REQUEST MEAS. OFF
[16:40:33] : 측정요구 ON 2
[16:40:40] : 측정요구 2OFF
[16:40:40] : 61,20181116-164041,CF18100853021,CF 18090110853,OK,MAX,1,2,0.60,4.40,2.39,OK,0.60,4.40,3.58,OK,
[16:40:40] : 측정요구3 ON
[16:40:48] : 측정요구3 OFF
[16:40:49] : 측정요구4 ON
[16:40:56] : 측정요구4 OFF
[16:40:56] : 61,20181116-164056,CF18100850961,,OK,MAX,2,3,0.60,4.40,3.40,OK,0.60,4.40,4.15,OK,
[16:42:11] : Cycle start ON
[16:42:11] : Cycle start OFF
[16:42:11] : REQUEST MEAS. ON
[16:42:18] : REQUEST MEAS. OFF
[16:42:20] : 측정요구 ON 2
[16:42:27] : 측정요구 2OFF
[16:42:27] : 61,20181116-164227,CF18100852681,CF 18090110853,OK,MAX,1,2,0.60,4.40,1.29,OK,0.60,4.40,1.63,OK,
[16:42:39] : Cycle start ON
[16:42:40] : Cycle start OFF
[16:42:40] : 측정요구3 ON
[16:42:46] : 측정요구3 OFF
[16:42:47] : 측정요구4 ON
[16:42:54] : 측정요구4 OFF
[16:42:54] : 61,20181116-164255,CF18100850931,,OK,MAX,2,3,0.60,4.40,1.27,OK,0.60,4.40,1.74,OK,
[16:43:56] : Cycle start ON
[16:43:56] : Cycle start OFF
[16:43:56] : REQUEST MEAS. ON
[16:44:03] : REQUEST MEAS. OFF
[16:44:05] : 측정요구 ON 2
[16:44:12] : 측정요구 2OFF
[16:44:12] : 61,20181116-164412,CF18100851961,CF 18090111423,OK,MAX,1,2,0.60,4.40,1.40,OK,0.60,4.40,2.16,OK,
[16:44:27] : Cycle start ON
[16:44:27] : Cycle start OFF
[16:44:27] : 측정요구3 ON
[16:44:34] : 측정요구3 OFF
[16:44:35] : 측정요구4 ON
[16:44:42] : 측정요구4 OFF
[16:44:42] : 61,20181116-164443,CF18100853391,,OK,MAX,2,3,0.60,4.40,2.22,OK,0.60,4.40,1.94,OK,
[16:44:53] : Cycle start ON
[16:44:53] : Cycle start OFF
[16:44:53] : REQUEST MEAS. ON
[16:45:00] : REQUEST MEAS. OFF
[16:45:01] : 측정요구 ON 2
[16:45:08] : 측정요구 2OFF
[16:45:08] : 61,20181116-164508,CF18100852101,CF 18090111423,OK,MAX,1,2,0.60,4.40,1.00,OK,0.60,4.40,2.38,OK,
[16:47:30] : MEAS ESC OFF
[16:47:30] : AUTO RUNNING OFF
[16:50:28] : MEAS ESC ON
[16:50:28] : AUTO RUNNING ON
[16:50:47] : Cycle start ON
[16:50:48] : Cycle start OFF
[16:50:48] : REQUEST MEAS. ON
[16:50:53] : Cycle start ON
[16:50:53] : Cycle start OFF
[16:50:54] : REQUEST MEAS. OFF
[16:50:55] : 측정요구 ON 2
[16:51:02] : 측정요구 2OFF
[16:51:02] : 61,20181116-165103,CF18100851391,CF 18090111423,NG,MAX,1,0,0.60,4.40,-9999.00,NG,0.60,4.40,2.08,OK,
[16:51:02] : 측정요구3 ON
[16:51:10] : 측정요구3 OFF
[16:51:11] : 측정요구4 ON
[16:51:18] : 측정요구4 OFF
[16:51:18] : 61,20181116-165118,CF18100421931,,OK,MAX,2,3,0.60,4.40,2.64,OK,0.60,4.40,2.61,OK,
[16:51:26] : Cycle start ON
[16:51:27] : Cycle start OFF
[16:51:27] : REQUEST MEAS. ON
[16:51:33] : REQUEST MEAS. OFF
[16:51:35] : 측정요구 ON 2
[16:51:42] : 측정요구 2OFF
[16:51:42] : 61,20181116-165142,CF18100853421,CF 18090111423,OK,MAX,1,2,0.60,4.40,1.93,OK,0.60,4.40,2.30,OK,
[16:51:42] : Cycle start ON
[16:51:44] : Cycle start OFF
[16:51:44] : 측정요구3 ON
[16:51:50] : 측정요구3 OFF
[16:51:52] : 측정요구4 ON
[16:51:59] : 측정요구4 OFF
[16:51:59] : 61,20181116-165159,CF18100851551,,OK,MAX,2,3,0.60,4.40,3.29,OK,0.60,4.40,3.20,OK,
[16:52:17] : Cycle start ON
[16:52:18] : Cycle start OFF
[16:52:18] : REQUEST MEAS. ON
[16:52:24] : Cycle start ON
[16:52:24] : Cycle start OFF
[16:52:24] : REQUEST MEAS. OFF
[16:52:26] : 측정요구 ON 2
[16:52:33] : 측정요구 2OFF
[16:52:33] : 61,20181116-165233,CF18100850991,CF 18090111423,NG,MAX,1,0,0.60,4.40,-9999.00,NG,0.60,4.40,1.53,OK,
[16:52:33] : 측정요구3 ON
[16:52:40] : 측정요구3 OFF
[16:52:42] : 측정요구4 ON
[16:52:49] : 측정요구4 OFF
[16:52:49] : 61,20181116-165249,CF18100853271,,OK,MAX,2,3,0.60,4.40,1.99,OK,0.60,4.40,2.24,OK,
[16:53:16] : Cycle start ON
[16:53:16] : Cycle start OFF
[16:53:16] : REQUEST MEAS. ON
[16:53:20] : Cycle start ON
[16:53:20] : Cycle start OFF
[16:53:23] : REQUEST MEAS. OFF
[16:53:24] : 측정요구 ON 2
[16:53:31] : 측정요구 2OFF
[16:53:31] : 61,20181116-165332,CF18100853441,CF 18082613011,OK,MAX,1,2,0.60,4.40,1.05,OK,0.60,4.40,1.23,OK,
[16:53:31] : 측정요구3 ON
[16:53:39] : 측정요구3 OFF
[16:53:40] : 측정요구4 ON
[16:53:47] : 측정요구4 OFF
[16:53:47] : 61,20181116-165347,CF18100851851,,OK,MAX,2,3,0.60,4.40,1.27,OK,0.60,4.40,1.89,OK,
[16:54:18] : Cycle start ON
[16:54:19] : Cycle start OFF
[16:54:19] : REQUEST MEAS. ON
[16:54:25] : REQUEST MEAS. OFF
[16:54:27] : 측정요구 ON 2
[16:56:57] : Plc Error Timer
[16:56:57] : MEAS ESC OFF
[16:56:57] : AUTO RUNNING OFF
[16:56:57] : 측정요구 2OFF
[16:56:58] : 0
[17:04:47] : Plc Error Timer
[17:43:11] : MEAS ESC ON
[17:43:11] : AUTO RUNNING ON
[17:45:47] : MEAS ESC OFF
[17:45:47] : AUTO RUNNING OFF
[17:46:50] : MEAS ESC ON
[17:46:50] : AUTO RUNNING ON
[17:47:30] : MEAS ESC OFF
[17:47:30] : AUTO RUNNING OFF
[17:47:43] : MEAS ESC ON
[17:47:43] : AUTO RUNNING ON
[17:48:05] : Cycle start ON
[17:48:06] : Cycle start OFF
[17:48:06] : REQUEST MEAS. ON
[17:48:13] : REQUEST MEAS. OFF
[17:48:14] : 측정요구 ON 2
[17:51:00] : Plc Error Timer
[17:51:00] : MEAS ESC OFF
[17:51:00] : AUTO RUNNING OFF
[17:51:00] : 측정요구 2OFF
[17:51:00] : 0
[17:59:04] : MEAS ESC ON
[17:59:04] : AUTO RUNNING ON
[18:06:06] : Plc Error Timer
[18:06:06] : MEAS ESC OFF
[18:06:06] : AUTO RUNNING OFF
[18:27:32] : Plc Error Timer
[18:30:21] : Plc Error Timer
[19:03:45] : MEAS ESC ON
[19:03:45] : AUTO RUNNING ON
[19:03:50] : MEAS ESC OFF
[19:03:50] : AUTO RUNNING OFF
[19:04:59] : Cycle start ON
[19:05:00] : 측정요구3 ON
[19:05:01] : Cycle start OFF
[19:05:07] : 측정요구3 OFF
[19:05:07] : 0
[19:05:09] : 측정요구4 ON
[19:05:16] : 측정요구4 OFF
[19:05:16] : 0
[19:05:16] : REQUEST MEAS. ON
[19:05:23] : REQUEST MEAS. OFF
[19:05:23] : 0
[19:05:24] : 측정요구 ON 2
[19:05:31] : 측정요구 2OFF
[19:05:31] : 0
[19:05:45] : MEAS ESC ON
[19:05:45] : AUTO RUNNING ON
[19:06:15] : MEAS ESC OFF
[19:06:15] : AUTO RUNNING OFF
[19:07:22] : MEAS ESC ON
[19:07:22] : AUTO RUNNING ON
[19:07:37] : Cycle start ON
[19:07:37] : Cycle start OFF
[19:07:37] : REQUEST MEAS. ON
[19:07:44] : REQUEST MEAS. OFF
[19:07:46] : 측정요구 ON 2
[19:07:48] : MEAS ESC OFF
[19:07:48] : AUTO RUNNING OFF
[19:08:06] : MEAS ESC ON
[19:08:06] : AUTO RUNNING ON
[19:08:07] : 측정요구 2OFF
[19:08:21] : Cycle start ON
[19:08:21] : Cycle start OFF
[19:08:21] : 측정요구3 ON
[19:08:28] : 측정요구3 OFF
[19:08:29] : 측정요구4 ON
[19:08:36] : 측정요구4 OFF
[19:08:36] : 61,20181116-190837,CF18100852881,,OK,MAX,2,3,0.60,4.40,1.13,OK,0.60,4.40,2.29,OK,
[19:09:31] : Cycle start ON
[19:09:31] : Cycle start OFF
[19:09:31] : REQUEST MEAS. ON
[19:09:38] : REQUEST MEAS. OFF
[19:09:39] : 측정요구 ON 2
[19:09:46] : 측정요구 2OFF
[19:09:46] : 61,20181116-190946,CF18100853281,CF 18082410013,OK,MAX,1,2,0.60,4.40,2.33,OK,0.60,4.40,2.72,OK,
[19:09:55] : Cycle start ON
[19:09:56] : Cycle start OFF
[19:09:56] : 측정요구3 ON
[19:10:02] : 측정요구3 OFF
[19:10:05] : 측정요구4 ON
[19:10:12] : 측정요구4 OFF
[19:10:12] : 61,20181116-191012,CF18100853381,,OK,MAX,2,3,0.60,4.40,1.07,OK,0.60,4.40,1.46,OK,
[19:10:32] : Cycle start ON
[19:10:32] : Cycle start OFF
[19:10:32] : REQUEST MEAS. ON
[19:10:39] : REQUEST MEAS. OFF
[19:10:41] : 측정요구 ON 2
[19:10:48] : 측정요구 2OFF
[19:10:48] : 61,20181116-191048,CF18100853431,CF 18082410013,NG,MAX,1,2,0.60,4.40,1.93,OK,0.60,4.40,4.53,NG,
[19:14:34] : Cycle start ON
[19:14:34] : Cycle start OFF
[19:14:34] : 측정요구3 ON
[19:14:41] : 측정요구3 OFF
[19:14:43] : 측정요구4 ON
[19:14:50] : 측정요구4 OFF
[19:14:50] : 61,20181116-191450,CF18100853301,CF 18090110763,OK,MAX,2,3,0.60,4.40,1.22,OK,0.60,4.40,1.82,OK,
[19:15:13] : Cycle start ON
[19:15:13] : Cycle start OFF
[19:15:13] : 측정요구3 ON
[19:15:20] : 측정요구3 OFF
[19:15:22] : 측정요구4 ON
[19:15:29] : 측정요구4 OFF
[19:15:29] : 61,20181116-191529,CF18100852291,H ,OK,MAX,2,3,0.60,4.40,2.90,OK,0.60,4.40,3.55,OK,
[19:15:31] : Cycle start ON
[19:15:31] : Cycle start OFF
[19:15:31] : REQUEST MEAS. ON
[19:15:38] : REQUEST MEAS. OFF
[19:15:40] : 측정요구 ON 2
[19:15:47] : 측정요구 2OFF
[19:15:47] : 61,20181116-191547,CF18100852221,CF 18082410013,OK,MAX,1,2,0.60,4.40,1.21,OK,0.60,4.40,1.74,OK,
[19:15:52] : Cycle start ON
[19:15:52] : Cycle start OFF
[19:15:52] : 측정요구3 ON
[19:15:59] : 측정요구3 OFF
[19:16:01] : 측정요구4 ON
[19:16:08] : 측정요구4 OFF
[19:16:08] : 61,20181116-191608,CF18100853081,,OK,MAX,2,3,0.60,4.40,2.43,OK,0.60,4.40,2.76,OK,
[19:17:03] : Cycle start ON
[19:17:03] : Cycle start OFF
[19:17:03] : REQUEST MEAS. ON
[19:17:10] : REQUEST MEAS. OFF
[19:17:12] : 측정요구 ON 2
[19:17:15] : Cycle start ON
[19:17:15] : Cycle start OFF
[19:17:19] : 측정요구 2OFF
[19:17:19] : 61,20181116-191719,CF18100852181,CF 18082410013,OK,MAX,1,2,0.60,4.40,2.13,OK,0.60,4.40,3.64,OK,
[19:17:19] : 측정요구3 ON
[19:17:26] : 측정요구3 OFF
[19:17:27] : 측정요구4 ON
[19:17:34] : 측정요구4 OFF
[19:17:34] : 61,20181116-191734,CF18100851941,,OK,MAX,2,3,0.60,4.40,1.50,OK,0.60,4.40,1.66,OK,
[19:17:42] : Cycle start ON
[19:17:42] : Cycle start OFF
[19:17:42] : REQUEST MEAS. ON
[19:17:49] : REQUEST MEAS. OFF
[19:17:50] : 측정요구 ON 2
[19:17:57] : 측정요구 2OFF
[19:17:57] : 61,20181116-191758,CF18100852241,CF 18082410013,OK,MAX,1,2,0.60,4.40,2.54,OK,0.60,4.40,3.84,OK,
[19:18:28] : Cycle start ON
[19:18:29] : Cycle start OFF
[19:18:29] : REQUEST MEAS. ON
[19:18:36] : REQUEST MEAS. OFF
[19:18:37] : 측정요구 ON 2
[19:18:44] : 측정요구 2OFF
[19:18:44] : 61,20181116-191844,CF18100853671,CF 18082410013,OK,MAX,1,2,0.60,4.40,1.01,OK,0.60,4.40,1.73,OK,
[19:19:19] : Cycle start ON
[19:19:20] : Cycle start OFF
[19:19:20] : REQUEST MEAS. ON
[19:19:26] : REQUEST MEAS. OFF
[19:19:28] : 측정요구 ON 2
[19:19:35] : 측정요구 2OFF
[19:19:35] : 61,20181116-191935,CF18100851601,CF 18082410013,OK,MAX,1,2,0.60,4.40,1.30,OK,0.60,4.40,2.47,OK,
[19:19:53] : Cycle start ON
[19:19:54] : Cycle start OFF
[19:19:54] : 측정요구3 ON
[19:20:01] : 측정요구3 OFF
[19:20:03] : 측정요구4 ON
[19:20:10] : 측정요구4 OFF
[19:20:10] : 61,20181116-192010,CF18100853231,,OK,MAX,2,3,0.60,4.40,1.82,OK,0.60,4.40,2.53,OK,
[19:20:38] : Cycle start ON
[19:20:39] : Cycle start OFF
[19:20:39] : REQUEST MEAS. ON
[19:20:46] : REQUEST MEAS. OFF
[19:20:47] : 측정요구 ON 2
[19:20:54] : 측정요구 2OFF
[19:20:54] : 61,20181116-192054,CF18100851101,CF 18082410013,OK,MAX,1,2,0.60,4.40,1.12,OK,0.60,4.40,2.79,OK,
[19:21:00] : Cycle start ON
[19:21:01] : Cycle start OFF
[19:21:01] : 측정요구3 ON
[19:21:07] : 측정요구3 OFF
[19:21:09] : 측정요구4 ON
[19:21:16] : 측정요구4 OFF
[19:21:16] : 61,20181116-192116,CF18100853141,,OK,MAX,2,3,0.60,4.40,1.66,OK,0.60,4.40,2.26,OK,
[19:22:55] : Cycle start ON
[19:22:56] : Cycle start OFF
[19:22:56] : REQUEST MEAS. ON
[19:23:02] : REQUEST MEAS. OFF
[19:23:04] : 측정요구 ON 2
[19:23:11] : 측정요구 2OFF
[19:23:11] : 61,20181116-192311,CF18100852001,CF 18090110103,OK,MAX,1,2,0.60,4.40,1.24,OK,0.60,4.40,1.71,OK,
[19:23:39] : Cycle start ON
[19:23:40] : Cycle start OFF
[19:23:40] : REQUEST MEAS. ON
[19:23:47] : REQUEST MEAS. OFF
[19:23:48] : 측정요구 ON 2
[19:23:55] : 측정요구 2OFF
[19:23:55] : 61,20181116-192355,CF18100852831,CF 18090110103,OK,MAX,1,2,0.60,4.40,1.31,OK,0.60,4.40,2.24,OK,
[19:24:23] : Cycle start ON
[19:24:24] : Cycle start OFF
[19:24:24] : REQUEST MEAS. ON
[19:24:31] : REQUEST MEAS. OFF
[19:24:32] : 측정요구 ON 2
[19:24:39] : 측정요구 2OFF
[19:24:39] : 61,20181116-192440,CF18100852611,CF 18090110103,OK,MAX,1,2,0.60,4.40,1.20,OK,0.60,4.40,1.73,OK,
[19:25:22] : Cycle start ON
[19:25:23] : Cycle start OFF
[19:25:23] : REQUEST MEAS. ON
[19:25:29] : REQUEST MEAS. OFF
[19:25:31] : 측정요구 ON 2
[19:25:38] : 측정요구 2OFF
[19:25:38] : 61,20181116-192538,CF18100852121,CF 18090110103,OK,MAX,1,2,0.60,4.40,1.45,OK,0.60,4.40,2.43,OK,
[19:25:54] : Cycle start ON
[19:25:54] : Cycle start OFF
[19:25:54] : 측정요구3 ON
[19:26:01] : 측정요구3 OFF
[19:26:03] : 측정요구4 ON
[19:26:10] : 측정요구4 OFF
[19:26:10] : 61,20181116-192610,CF18100852031,,OK,MAX,2,3,0.60,4.40,2.15,OK,0.60,4.40,3.14,OK,
[19:27:16] : Cycle start ON
[19:27:16] : Cycle start OFF
[19:27:16] : REQUEST MEAS. ON
[19:27:23] : REQUEST MEAS. OFF
[19:27:24] : 측정요구 ON 2
[19:27:31] : 측정요구 2OFF
[19:27:31] : 61,20181116-192732,CF18100853071,CF 18090110103,OK,MAX,1,2,0.60,4.40,1.29,OK,0.60,4.40,1.50,OK,
[19:38:03] : Cycle start ON
[19:38:04] : Cycle start OFF
[19:38:04] : REQUEST MEAS. ON
[19:38:11] : REQUEST MEAS. OFF
[19:38:12] : 측정요구 ON 2
[19:38:19] : 측정요구 2OFF
[19:38:19] : 61,20181116-193819,CF18100851721,CF 18090111033,OK,MAX,1,2,0.60,4.40,1.38,OK,0.60,4.40,2.88,OK,
[19:38:26] : Cycle start ON
[19:38:27] : Cycle start OFF
[19:38:27] : 측정요구3 ON
[19:38:34] : 측정요구3 OFF
[19:38:36] : 측정요구4 ON
[19:38:43] : 측정요구4 OFF
[19:38:43] : 61,20181116-193843,CF18100853631,,OK,MAX,2,3,0.60,4.40,1.63,OK,0.60,4.40,2.47,OK,
[19:46:50] : Cycle start ON
[19:46:50] : Cycle start OFF
[19:46:50] : REQUEST MEAS. ON
[19:46:57] : REQUEST MEAS. OFF
[19:46:58] : 측정요구 ON 2
[19:47:05] : 측정요구 2OFF
[19:47:05] : 61,20181116-194706,CF18100851321,CF 18090111033,OK,MAX,1,2,0.60,4.40,1.39,OK,0.60,4.40,1.96,OK,
[20:07:08] : MEAS ESC OFF
[20:07:08] : AUTO RUNNING OFF
 
