[10:09:31] : PROGRAM END
 
[10:09:37] : PROGRAM START
[10:09:39] : AUTO RUNNING OFF
[10:09:39] : REQUEST MEAS. OFF
[10:09:39] : REQUEST ZEROSET OFF
[10:09:39] : REQUEST ZEROSET OFF
[10:22:36] : MEAS ESC ON
[10:22:37] : MEAS ESC OFF
[10:22:37] : AUTO RUNNING ON
[10:29:52] : Cycle start ON
[10:29:53] : Cycle start OFF
[10:29:53] : REQUEST MEAS. ON
[10:30:00] : REQUEST MEAS. OFF
[10:30:00] : 측정요구 ON 2
[10:30:06] : Cycle start ON
[10:30:07] : Cycle start OFF
[10:30:07] : 측정요구 2OFF
[10:30:07] : 61,20181123-103008,CF18112052311,CF 18082410133,OK,MAX,1,2,0.60,4.40,1.81,OK,0.60,4.40,2.73,OK,
[10:30:09] : 측정요구3 ON
[10:30:16] : 측정요구3 OFF
[10:30:16] : 측정요구4 ON
[10:30:23] : 측정요구4 OFF
[10:30:23] : 61,20181123-103024,CF18112053751,,OK,MAX,2,3,0.60,4.40,1.00,OK,0.60,4.40,2.05,OK,
[10:32:02] : Cycle start ON
[10:32:03] : Cycle start OFF
[10:32:03] : REQUEST MEAS. ON
[10:32:09] : REQUEST MEAS. OFF
[10:32:10] : 측정요구 ON 2
[10:32:17] : 측정요구 2OFF
[10:32:17] : 61,20181123-103218,CF18112053771,CF 18082410133,OK,MAX,1,2,0.60,4.40,1.39,OK,0.60,4.40,1.76,OK,
[10:32:24] : Cycle start ON
[10:32:25] : Cycle start OFF
[10:32:25] : 측정요구3 ON
[10:32:32] : 측정요구3 OFF
[10:32:32] : 측정요구4 ON
[10:32:40] : 측정요구4 OFF
[10:32:40] : 61,20181123-103241,CF18112053031,,OK,MAX,2,3,0.60,4.40,1.40,OK,0.60,4.40,2.82,OK,
[10:34:24] : Cycle start ON
[10:34:25] : Cycle start OFF
[10:34:25] : REQUEST MEAS. ON
[10:34:32] : REQUEST MEAS. OFF
[10:34:32] : 측정요구 ON 2
[10:34:39] : 측정요구 2OFF
[10:34:39] : 61,20181123-103440,CF18112052121,CF 18082410133,OK,MAX,1,2,0.60,4.40,2.40,OK,0.60,4.40,3.70,OK,
[10:36:41] : Cycle start ON
[10:36:42] : Cycle start OFF
[10:36:42] : REQUEST MEAS. ON
[10:36:49] : REQUEST MEAS. OFF
[10:36:49] : 측정요구 ON 2
[10:36:57] : 측정요구 2OFF
[10:36:57] : 61,20181123-103658,CF18112051941,CF 18082410133,OK,MAX,1,2,0.60,4.40,1.25,OK,0.60,4.40,2.05,OK,
 
[12:08:10] : REQUEST MEAS. ON
[12:08:17] : REQUEST MEAS. OFF
[12:08:17] : 측정요구 ON 2
[12:08:24] : 측정요구 2OFF
[12:08:24] : 61,20181123-120825,CF18112052891,CF 18082410133,OK,MAX,1,2,0.60,4.40,1.61,OK,0.60,4.40,3.61,OK,
[12:09:23] : REQUEST MEAS. ON
[12:09:30] : REQUEST MEAS. OFF
[12:09:30] : 측정요구 ON 2
[12:09:38] : 측정요구 2OFF
[12:09:38] : 61,20181123-120938,CF18112051951,CF 18082410133,OK,MAX,1,2,0.60,4.40,0.91,OK,0.60,4.40,1.94,OK,
[12:10:11] : REQUEST MEAS. ON
[12:10:18] : REQUEST MEAS. OFF
[12:10:18] : 측정요구 ON 2
[12:10:25] : 측정요구 2OFF
[12:10:25] : 61,20181123-121026,CF18112053701,CF 18082410133,OK,MAX,1,2,0.60,4.40,1.92,OK,0.60,4.40,3.13,OK,
[12:10:33] : 측정요구3 ON
[12:10:40] : 측정요구3 OFF
[12:10:40] : 측정요구4 ON
[12:10:47] : 측정요구4 OFF
[12:10:47] : 61,20181123-121048,CF18112052721,,OK,MAX,2,3,0.60,4.40,1.98,OK,0.60,4.40,2.97,OK,
[12:12:22] : REQUEST MEAS. ON
[12:12:29] : REQUEST MEAS. OFF
[12:12:29] : 측정요구 ON 2
[12:12:37] : 측정요구 2OFF
[12:12:37] : 61,20181123-121238,CF18112052881,CF 18082410133,OK,MAX,1,2,0.60,4.40,1.31,OK,0.60,4.40,1.71,OK,
[12:13:09] : REQUEST MEAS. ON
[12:13:16] : REQUEST MEAS. OFF
[12:13:16] : 측정요구 ON 2
[12:13:23] : 측정요구 2OFF
[12:13:24] : 61,20181123-121324,CF18112053591,CF 18082410133,OK,MAX,1,2,0.60,4.40,1.02,OK,0.60,4.40,2.52,OK,
[12:13:55] : REQUEST MEAS. ON
[12:14:02] : REQUEST MEAS. OFF
[12:14:02] : 측정요구 ON 2
[12:14:10] : 측정요구 2OFF
[12:14:10] : 61,20181123-121411,CF18112052951,CF 18082410133,OK,MAX,1,2,0.60,4.40,1.64,OK,0.60,4.40,2.23,OK,
[12:14:42] : REQUEST MEAS. ON
[12:14:48] : REQUEST MEAS. OFF
[12:14:48] : 측정요구 ON 2
[12:14:56] : 측정요구 2OFF
[12:14:56] : 61,20181123-121457,CF18112052701,CF 18082410133,OK,MAX,1,2,0.60,4.40,1.81,OK,0.60,4.40,2.72,OK,
[12:15:32] : REQUEST MEAS. ON
[12:15:39] : REQUEST MEAS. OFF
[12:15:39] : 측정요구 ON 2
[12:15:47] : 측정요구 2OFF
[12:15:47] : 61,20181123-121547,CF18112053711,CF 18082410133,OK,MAX,1,2,0.60,4.40,1.41,OK,0.60,4.40,3.02,OK,
[12:16:17] : REQUEST MEAS. ON
[12:16:24] : REQUEST MEAS. OFF
[12:16:24] : 측정요구 ON 2
[12:16:32] : 측정요구 2OFF
[12:16:33] : 61,20181123-121633,CF18112051691,CF 18082410133,OK,MAX,1,2,0.60,4.40,1.61,OK,0.60,4.40,3.02,OK,
[12:18:12] : REQUEST MEAS. ON
[12:18:20] : REQUEST MEAS. OFF
[12:18:20] : 측정요구 ON 2
[12:18:27] : 측정요구 2OFF
[12:18:27] : 61,20181123-121828,CF18112053391,CF 18082410133,OK,MAX,1,2,0.60,4.40,1.72,OK,0.60,4.40,2.79,OK,
[12:21:30] : REQUEST MEAS. ON
[12:21:36] : REQUEST MEAS. OFF
[12:21:37] : 측정요구 ON 2
[12:21:44] : 측정요구 2OFF
[12:21:48] : REQUEST MEAS. ON
[12:21:55] : REQUEST MEAS. OFF
[12:21:55] : 측정요구 ON 2
[12:22:03] : 측정요구 2OFF
[12:22:03] : 61,20181123-122204,CF18112052561,CF 18082410133,NG,MAX,1,2,0.60,4.40,2.27,OK,0.60,4.40,4.52,NG,
[12:22:03] : 측정요구3 ON
[12:22:11] : 측정요구3 OFF
[12:22:11] : 측정요구4 ON
[12:22:19] : 측정요구4 OFF
[12:22:19] : 61,20181123-122220,CF18112052651,,OK,MAX,2,3,0.60,4.40,1.44,OK,0.60,4.40,2.58,OK,
[12:23:01] : REQUEST MEAS. ON
[12:23:08] : REQUEST MEAS. OFF
[12:23:08] : 측정요구 ON 2
[12:23:15] : 측정요구 2OFF
[12:23:15] : 61,20181123-122316,CF18112053121,CF 18082410133,OK,MAX,1,2,0.60,4.40,2.31,OK,0.60,4.40,2.92,OK,
[12:23:52] : AUTO RUNNING OFF
[12:27:11] : MEAS ESC ON
[12:27:11] : MEAS ESC OFF
[12:27:11] : AUTO RUNNING ON
[12:27:37] : REQUEST MEAS. ON
[12:27:44] : REQUEST MEAS. OFF
[12:27:44] : 측정요구 ON 2
[12:27:52] : 측정요구 2OFF
[12:27:52] : 61,20181123-122753,CF18112053201,CF 18082410133,OK,MAX,1,2,0.60,4.40,1.41,OK,0.60,4.40,1.84,OK,
[12:28:06] : 측정요구3 ON
[12:28:13] : 측정요구3 OFF
[12:28:13] : 측정요구4 ON
[12:28:21] : 측정요구4 OFF
[12:28:21] : 61,20181123-122822,CF18112052591,,OK,MAX,2,3,0.60,4.40,1.85,OK,0.60,4.40,3.23,OK,
[12:28:36] : REQUEST MEAS. ON
[12:28:43] : REQUEST MEAS. OFF
[12:28:43] : 측정요구 ON 2
[12:28:50] : 측정요구 2OFF
[12:28:50] : 61,20181123-122851,CF18112053691,CF 18082410133,OK,MAX,1,2,0.60,4.40,2.70,OK,0.60,4.40,3.81,OK,
[12:29:05] : 측정요구3 ON
[12:29:12] : 측정요구3 OFF
[12:29:12] : 측정요구4 ON
[12:29:20] : 측정요구4 OFF
[12:29:20] : 61,20181123-122921,CF18112052001,,OK,MAX,2,3,0.60,4.40,1.94,OK,0.60,4.40,4.22,OK,
[12:29:28] : REQUEST MEAS. ON
[12:29:35] : REQUEST MEAS. OFF
[12:29:35] : 측정요구 ON 2
[12:29:42] : 측정요구 2OFF
[12:29:42] : 61,20181123-122943,CF18112053581,CF 18082410133,OK,MAX,1,2,0.60,4.40,1.81,OK,0.60,4.40,2.80,OK,
[13:09:43] : AUTO RUNNING OFF
[13:09:45] : MEAS ESC ON
[13:09:46] : MEAS ESC OFF
[13:09:46] : AUTO RUNNING ON
[13:15:10] : AUTO RUNNING OFF
 
