[11:07:18] : PROGRAM END
 
[11:07:23] : PROGRAM START
[11:07:25] : AUTO RUNNING OFF
[11:07:25] : REQUEST MEAS. OFF
[11:07:25] : REQUEST ZEROSET OFF
[11:07:25] : REQUEST ZEROSET OFF
[11:08:10] : PROGRAM END
 
[11:09:32] : PROGRAM START
[11:09:37] : AUTO RUNNING OFF
[11:09:37] : REQUEST MEAS. OFF
[11:09:37] : REQUEST ZEROSET OFF
[11:09:37] : REQUEST ZEROSET OFF
[11:10:11] : PROGRAM END
 
[11:10:19] : PROGRAM START
[11:10:21] : AUTO RUNNING OFF
[11:10:21] : REQUEST MEAS. OFF
[11:10:21] : REQUEST ZEROSET OFF
[11:10:21] : REQUEST ZEROSET OFF
[11:11:07] : PROGRAM END
 
[11:11:10] : PROGRAM START
[11:11:12] : AUTO RUNNING OFF
[11:11:12] : REQUEST MEAS. OFF
[11:11:12] : REQUEST ZEROSET OFF
[11:11:12] : REQUEST ZEROSET OFF
 
 
