[09:23:39] : MEAS ESC ON
[09:23:42] : MEAS ESC OFF
[09:24:35] : REQUEST MEAS. ON
[09:24:42] : REQUEST MEAS. OFF
[09:24:42] : 0
[09:24:42] : 측정요구 ON 2
[09:24:50] : 측정요구 2OFF
[09:24:50] : 0
[09:25:27] : 측정요구3 ON
[09:25:34] : 측정요구3 OFF
[09:25:34] : 0
[09:25:34] : 측정요구4 ON
[09:25:42] : 측정요구4 OFF
[09:25:42] : 0
[09:26:13] : 측정요구3 ON
[09:26:20] : 측정요구3 OFF
[09:26:20] : 0
[09:26:20] : 측정요구4 ON
[09:26:28] : 측정요구4 OFF
[09:26:28] : 0
[09:27:16] : REQUEST MEAS. ON
[09:27:23] : REQUEST MEAS. OFF
[09:27:23] : 0
[09:27:23] : 측정요구 ON 2
[09:27:31] : 측정요구 2OFF
[09:27:31] : 0
[09:34:31] : REQUEST MEAS. ON
[09:34:38] : REQUEST MEAS. OFF
[09:34:38] : 0
[09:34:38] : 측정요구 ON 2
[09:34:46] : 측정요구 2OFF
[09:34:46] : 0
[09:35:14] : REQUEST MEAS. ON
[09:35:21] : REQUEST MEAS. OFF
[09:35:22] : 0
[09:35:22] : 측정요구 ON 2
[09:35:29] : 측정요구 2OFF
[09:35:29] : 0
[09:35:58] : REQUEST MEAS. ON
[09:36:05] : REQUEST MEAS. OFF
[09:36:06] : 0
[09:36:06] : 측정요구 ON 2
[09:36:14] : 측정요구 2OFF
[09:36:14] : 0
[09:37:25] : REQUEST MEAS. ON
[09:37:32] : REQUEST MEAS. OFF
[09:37:32] : 0
[09:37:32] : 측정요구 ON 2
[09:37:39] : 측정요구 2OFF
[09:37:39] : 0
[09:38:10] : REQUEST MEAS. ON
[09:38:18] : REQUEST MEAS. OFF
[09:38:18] : 0
[09:38:18] : 측정요구 ON 2
[09:38:25] : 측정요구 2OFF
[09:38:25] : 0
[09:38:48] : REQUEST MEAS. ON
[09:38:55] : REQUEST MEAS. OFF
[09:38:55] : 0
[09:38:55] : 측정요구 ON 2
[09:39:03] : 측정요구 2OFF
[09:39:03] : 0
[09:41:12] : REQUEST MEAS. ON
[09:41:19] : REQUEST MEAS. OFF
[09:41:20] : 0
[09:41:20] : 측정요구 ON 2
[09:41:27] : 측정요구 2OFF
[09:41:27] : 0
[09:41:56] : REQUEST MEAS. ON
[09:42:03] : REQUEST MEAS. OFF
[09:42:03] : 0
[09:42:03] : 측정요구 ON 2
[09:42:11] : 측정요구 2OFF
[09:42:11] : 0
[09:42:40] : REQUEST MEAS. ON
[09:42:47] : REQUEST MEAS. OFF
[09:42:47] : 0
[09:42:47] : 측정요구 ON 2
[09:42:54] : 측정요구 2OFF
[09:42:54] : 0
[09:43:55] : REQUEST MEAS. ON
[09:44:03] : REQUEST MEAS. OFF
[09:44:03] : 0
[09:44:03] : 측정요구 ON 2
[09:44:10] : 측정요구 2OFF
[09:44:10] : 0
[09:44:44] : REQUEST MEAS. ON
[09:44:51] : REQUEST MEAS. OFF
[09:44:51] : 0
[09:44:51] : 측정요구 ON 2
[09:44:59] : 측정요구 2OFF
[09:44:59] : 0
[09:45:59] : REQUEST MEAS. ON
[09:46:06] : REQUEST MEAS. OFF
[09:46:06] : 0
[09:46:06] : 측정요구 ON 2
[09:46:13] : 측정요구 2OFF
[09:46:13] : 0
[09:47:07] : REQUEST MEAS. ON
[09:47:14] : REQUEST MEAS. OFF
[09:47:14] : 0
[09:47:14] : 측정요구 ON 2
[09:47:21] : 측정요구 2OFF
[09:47:21] : 0
[10:22:23] : REQUEST MEAS. ON
[10:22:30] : REQUEST MEAS. OFF
[10:22:30] : 0
[10:22:30] : 측정요구 ON 2
[10:22:37] : 측정요구 2OFF
[10:22:37] : 0
[10:27:42] : PROGRAM END
 
[10:27:49] : PROGRAM START
[10:27:52] : AUTO RUNNING OFF
[10:27:52] : REQUEST MEAS. OFF
[10:27:52] : REQUEST ZEROSET OFF
[10:27:52] : REQUEST ZEROSET OFF
[10:35:17] : REQUEST MEAS. ON
[10:35:25] : REQUEST MEAS. OFF
[10:35:25] : 0
[10:35:25] : 측정요구 ON 2
[10:35:32] : 측정요구 2OFF
[10:35:32] : 0
[10:36:02] : PROGRAM END
 
[10:36:48] : PROGRAM START
[10:36:51] : AUTO RUNNING OFF
[10:36:51] : REQUEST MEAS. OFF
[10:36:51] : REQUEST ZEROSET OFF
[10:36:51] : REQUEST ZEROSET OFF
[10:37:11] : PROGRAM END
 
[10:38:59] : PROGRAM START
[10:39:03] : AUTO RUNNING OFF
[10:39:03] : REQUEST MEAS. OFF
[10:39:03] : REQUEST ZEROSET OFF
[10:39:03] : REQUEST ZEROSET OFF
[10:39:22] : PROGRAM END
 
[10:39:32] : PROGRAM START
[10:39:35] : AUTO RUNNING OFF
[10:39:35] : REQUEST MEAS. OFF
[10:39:35] : REQUEST ZEROSET OFF
[10:39:35] : REQUEST ZEROSET OFF
[11:14:20] : 61,20181227-111421,,,NG,MAX,1,0,AUTO,0.10,4.40,0.00,NG,0.10,4.40,4.22,OK,
[11:14:20] : 61,20181227-111423,,,NG,MAX,2,2,AUTO,0.10,4.40,0.00,NG,0.10,4.40,-9999.00,NG,
[11:14:28] : PROGRAM END
 
[11:15:01] : PROGRAM START
[11:15:04] : AUTO RUNNING OFF
[11:15:04] : REQUEST MEAS. OFF
[11:15:04] : REQUEST ZEROSET OFF
[11:15:04] : REQUEST ZEROSET OFF
[11:34:11] : PROGRAM END
 
[11:38:40] : PROGRAM START
[11:38:43] : AUTO RUNNING OFF
[11:38:43] : REQUEST MEAS. OFF
[11:38:43] : REQUEST ZEROSET OFF
[11:38:43] : REQUEST ZEROSET OFF
[11:38:57] : PROGRAM END
 
[11:39:26] : PROGRAM START
[11:39:29] : AUTO RUNNING OFF
[11:39:29] : REQUEST MEAS. OFF
[11:39:29] : REQUEST ZEROSET OFF
[11:39:29] : REQUEST ZEROSET OFF
[11:39:30] : PROGRAM END
 
[11:39:40] : PROGRAM START
[11:39:43] : AUTO RUNNING OFF
[11:39:43] : REQUEST MEAS. OFF
[11:39:43] : REQUEST ZEROSET OFF
[11:39:43] : REQUEST ZEROSET OFF
[11:39:54] : PROGRAM END
 
[11:40:41] : PROGRAM START
[11:40:43] : AUTO RUNNING OFF
[11:40:43] : REQUEST MEAS. OFF
[11:40:43] : REQUEST ZEROSET OFF
[11:40:43] : REQUEST ZEROSET OFF
[11:40:46] : PROGRAM END
 
[11:41:26] : PROGRAM START
[11:41:29] : AUTO RUNNING OFF
[11:41:29] : REQUEST MEAS. OFF
[11:41:29] : REQUEST ZEROSET OFF
[11:41:29] : REQUEST ZEROSET OFF
[11:41:44] : PROGRAM END
 
[11:42:28] : PROGRAM START
[11:42:31] : AUTO RUNNING OFF
[11:42:31] : REQUEST MEAS. OFF
[11:42:31] : REQUEST ZEROSET OFF
[11:42:31] : REQUEST ZEROSET OFF
[11:43:14] : PROGRAM END
 
[11:45:58] : PROGRAM START
[11:46:01] : AUTO RUNNING OFF
[11:46:01] : REQUEST MEAS. OFF
[11:46:01] : REQUEST ZEROSET OFF
[11:46:01] : REQUEST ZEROSET OFF
[11:46:27] : PROGRAM END
 
[11:46:34] : PROGRAM START
[11:46:36] : AUTO RUNNING OFF
[11:46:36] : REQUEST MEAS. OFF
[11:46:36] : REQUEST ZEROSET OFF
[11:46:36] : REQUEST ZEROSET OFF
 
[14:11:09] : PROGRAM END
 
[14:11:45] : PROGRAM START
[14:11:48] : AUTO RUNNING OFF
[14:11:48] : REQUEST MEAS. OFF
[14:11:48] : REQUEST ZEROSET OFF
[14:11:48] : REQUEST ZEROSET OFF
[14:11:51] : PROGRAM END
 
[14:11:59] : PROGRAM START
[14:12:01] : AUTO RUNNING OFF
[14:12:01] : REQUEST MEAS. OFF
[14:12:01] : REQUEST ZEROSET OFF
[14:12:01] : REQUEST ZEROSET OFF
[16:40:04] : REQUEST MEAS. ON
[16:40:11] : REQUEST MEAS. OFF
[16:40:11] : 0
[16:40:11] : 측정요구 ON 2
[16:40:19] : 측정요구 2OFF
[16:40:19] : 0
[16:40:46] : REQUEST MEAS. ON
[16:40:54] : REQUEST MEAS. OFF
[16:40:54] : 0
[16:40:54] : 측정요구 ON 2
[16:41:01] : 측정요구 2OFF
[16:41:01] : 0
[16:41:36] : REQUEST MEAS. ON
[16:41:43] : REQUEST MEAS. OFF
[16:41:43] : 0
[16:41:43] : 측정요구 ON 2
[16:41:50] : 측정요구 2OFF
[16:41:50] : 0
[16:42:19] : PROGRAM END
 
[16:42:57] : PROGRAM START
[16:43:00] : AUTO RUNNING OFF
[16:43:00] : REQUEST MEAS. OFF
[16:43:00] : REQUEST ZEROSET OFF
[16:43:00] : REQUEST ZEROSET OFF
[16:43:26] : REQUEST MEAS. ON
[16:43:33] : REQUEST MEAS. OFF
[16:43:33] : 0
[16:43:33] : 측정요구 ON 2
[16:43:41] : 측정요구 2OFF
[16:43:41] : 0
[16:44:14] : REQUEST MEAS. ON
[16:44:21] : REQUEST MEAS. OFF
[16:44:21] : 0
[16:44:21] : 측정요구 ON 2
[16:44:29] : 측정요구 2OFF
[16:44:29] : 0
[16:45:29] : REQUEST MEAS. ON
[16:45:36] : REQUEST MEAS. OFF
[16:45:37] : 0
[16:45:37] : 측정요구 ON 2
[16:45:44] : 측정요구 2OFF
[16:45:44] : 0
[17:04:42] : PROGRAM END
 
[17:06:34] : PROGRAM START
[17:06:37] : AUTO RUNNING OFF
[17:06:37] : REQUEST MEAS. OFF
[17:06:37] : REQUEST ZEROSET OFF
[17:06:37] : REQUEST ZEROSET OFF
[17:06:43] : 0
[17:06:43] : 0
[17:06:45] : 0
[17:06:46] : 0
[17:06:46] : 0
[17:06:46] : 0
[17:06:46] : 0
[17:06:46] : 0
[17:06:46] : 0
[17:06:46] : 0
[17:06:46] : 0
[17:06:46] : 0
[17:07:14] : PROGRAM END
 
[17:07:21] : PROGRAM START
[17:07:23] : AUTO RUNNING OFF
[17:07:23] : REQUEST MEAS. OFF
[17:07:23] : REQUEST ZEROSET OFF
[17:07:23] : REQUEST ZEROSET OFF
[17:26:13] : REQUEST MEAS. ON
[17:26:20] : REQUEST MEAS. OFF
[17:26:20] : 0
[17:26:20] : 측정요구 ON 2
[17:26:28] : 측정요구 2OFF
[17:26:28] : 0
[18:23:58] : REQUEST MEAS. ON
[18:24:05] : REQUEST MEAS. OFF
[18:24:05] : 0
[18:24:05] : 측정요구 ON 2
[18:24:13] : 측정요구 2OFF
[18:24:13] : 0
[18:24:33] : REQUEST MEAS. ON
[18:24:40] : REQUEST MEAS. OFF
[18:24:40] : 0
[18:24:40] : 측정요구 ON 2
[18:24:48] : 측정요구 2OFF
[18:24:48] : 0
[18:25:09] : REQUEST MEAS. ON
[18:25:16] : REQUEST MEAS. OFF
[18:25:16] : 0
[18:25:16] : 측정요구 ON 2
[18:25:23] : 측정요구 2OFF
[18:25:23] : 0
[18:25:55] : REQUEST MEAS. ON
[18:26:02] : REQUEST MEAS. OFF
[18:26:02] : 0
[18:26:02] : 측정요구 ON 2
[18:26:10] : 측정요구 2OFF
[18:26:10] : 0
[18:26:39] : REQUEST MEAS. ON
[18:26:46] : REQUEST MEAS. OFF
[18:26:46] : 0
[18:26:46] : 측정요구 ON 2
[18:26:54] : 측정요구 2OFF
[18:26:54] : 0
[18:27:14] : REQUEST MEAS. ON
[18:27:21] : REQUEST MEAS. OFF
[18:27:21] : 0
[18:27:21] : 측정요구 ON 2
[18:27:29] : 측정요구 2OFF
[18:27:29] : 0
[18:27:49] : REQUEST MEAS. ON
[18:27:56] : REQUEST MEAS. OFF
[18:27:56] : 0
[18:27:56] : 측정요구 ON 2
[18:28:04] : 측정요구 2OFF
[18:28:04] : 0
[18:29:08] : 측정요구3 ON
[18:29:15] : 측정요구3 OFF
[18:29:15] : 0
[18:29:15] : 측정요구4 ON
[18:29:23] : 측정요구4 OFF
[18:29:23] : 0
[18:29:50] : 측정요구3 ON
[18:29:57] : 측정요구3 OFF
[18:29:57] : 0
[18:29:57] : 측정요구4 ON
[18:30:04] : 측정요구4 OFF
[18:30:04] : 0
[18:30:24] : 측정요구3 ON
[18:30:31] : 측정요구3 OFF
[18:30:31] : 0
[18:30:31] : 측정요구4 ON
[18:30:39] : 측정요구4 OFF
[18:30:39] : 0
[18:30:58] : 측정요구3 ON
[18:31:05] : 측정요구3 OFF
[18:31:05] : 0
[18:31:05] : 측정요구4 ON
[18:31:13] : 측정요구4 OFF
[18:31:13] : 0
[18:31:39] : 측정요구3 ON
[18:31:46] : 측정요구3 OFF
[18:31:46] : 0
[18:31:46] : 측정요구4 ON
[18:31:54] : 측정요구4 OFF
[18:31:54] : 0
[19:00:03] : REQUEST MEAS. ON
[19:00:10] : REQUEST MEAS. OFF
[19:00:10] : 0
[19:00:10] : 측정요구 ON 2
[19:00:18] : 측정요구 2OFF
[19:00:18] : 0
[19:00:38] : REQUEST MEAS. ON
[19:00:45] : REQUEST MEAS. OFF
[19:00:45] : 0
[19:00:45] : 측정요구 ON 2
[19:00:53] : 측정요구 2OFF
[19:00:53] : 0
[19:01:13] : REQUEST MEAS. ON
[19:01:20] : REQUEST MEAS. OFF
[19:01:20] : 0
[19:01:20] : 측정요구 ON 2
[19:01:28] : 측정요구 2OFF
[19:01:28] : 0
[19:01:48] : REQUEST MEAS. ON
[19:01:55] : REQUEST MEAS. OFF
[19:01:55] : 0
[19:01:55] : 측정요구 ON 2
[19:02:03] : 측정요구 2OFF
[19:02:03] : 0
[19:02:23] : REQUEST MEAS. ON
[19:02:30] : REQUEST MEAS. OFF
[19:02:30] : 0
[19:02:30] : 측정요구 ON 2
[19:02:38] : 측정요구 2OFF
[19:02:38] : 0
[19:02:58] : REQUEST MEAS. ON
[19:03:05] : REQUEST MEAS. OFF
[19:03:05] : 0
[19:03:05] : 측정요구 ON 2
[19:03:13] : 측정요구 2OFF
[19:03:13] : 0
[19:03:34] : REQUEST MEAS. ON
[19:03:41] : REQUEST MEAS. OFF
[19:03:41] : 0
[19:03:41] : 측정요구 ON 2
[19:03:48] : 측정요구 2OFF
[19:03:48] : 0
[19:04:09] : REQUEST MEAS. ON
[19:04:16] : REQUEST MEAS. OFF
[19:04:16] : 0
[19:04:16] : 측정요구 ON 2
[19:04:23] : 측정요구 2OFF
[19:04:23] : 0
[19:04:44] : REQUEST MEAS. ON
[19:04:51] : REQUEST MEAS. OFF
[19:04:51] : 0
[19:04:51] : 측정요구 ON 2
[19:04:58] : 측정요구 2OFF
[19:04:58] : 0
[19:05:19] : REQUEST MEAS. ON
[19:05:26] : REQUEST MEAS. OFF
[19:05:26] : 0
[19:05:26] : 측정요구 ON 2
[19:05:33] : 측정요구 2OFF
[19:05:33] : 0
[19:05:54] : REQUEST MEAS. ON
[19:06:01] : REQUEST MEAS. OFF
[19:06:01] : 0
[19:06:01] : 측정요구 ON 2
[19:06:08] : 측정요구 2OFF
[19:06:08] : 0
[19:06:29] : REQUEST MEAS. ON
[19:06:36] : REQUEST MEAS. OFF
[19:06:36] : 0
[19:06:36] : 측정요구 ON 2
[19:06:44] : 측정요구 2OFF
[19:06:44] : 0
[19:07:04] : REQUEST MEAS. ON
[19:07:11] : REQUEST MEAS. OFF
[19:07:11] : 0
[19:07:11] : 측정요구 ON 2
[19:07:19] : 측정요구 2OFF
[19:07:19] : 0
[19:07:39] : REQUEST MEAS. ON
[19:07:46] : REQUEST MEAS. OFF
[19:07:46] : 0
[19:07:46] : 측정요구 ON 2
[19:07:54] : 측정요구 2OFF
[19:07:54] : 0
[19:08:14] : REQUEST MEAS. ON
[19:08:21] : REQUEST MEAS. OFF
[19:08:21] : 0
[19:08:21] : 측정요구 ON 2
[19:08:29] : 측정요구 2OFF
[19:08:29] : 0
[19:08:49] : REQUEST MEAS. ON
[19:08:56] : REQUEST MEAS. OFF
[19:08:56] : 0
[19:08:56] : 측정요구 ON 2
[19:09:04] : 측정요구 2OFF
[19:09:04] : 0
[19:09:24] : REQUEST MEAS. ON
[19:09:31] : REQUEST MEAS. OFF
[19:09:31] : 0
[19:09:31] : 측정요구 ON 2
[19:09:39] : 측정요구 2OFF
[19:09:39] : 0
[19:10:00] : REQUEST MEAS. ON
[19:10:07] : REQUEST MEAS. OFF
[19:10:07] : 0
[19:10:07] : 측정요구 ON 2
[19:10:14] : 측정요구 2OFF
[19:10:14] : 0
[19:10:35] : REQUEST MEAS. ON
[19:10:42] : REQUEST MEAS. OFF
[19:10:42] : 0
[19:10:42] : 측정요구 ON 2
[19:10:49] : 측정요구 2OFF
[19:10:49] : 0
[19:11:09] : REQUEST MEAS. ON
[19:11:16] : REQUEST MEAS. OFF
[19:11:16] : 0
[19:11:16] : 측정요구 ON 2
[19:11:24] : 측정요구 2OFF
[19:11:24] : 0
[19:11:45] : REQUEST MEAS. ON
[19:11:52] : REQUEST MEAS. OFF
[19:11:52] : 0
[19:11:52] : 측정요구 ON 2
[19:11:59] : 측정요구 2OFF
[19:11:59] : 0
[19:12:20] : REQUEST MEAS. ON
[19:12:27] : REQUEST MEAS. OFF
[19:12:27] : 0
[19:12:27] : 측정요구 ON 2
[19:12:34] : 측정요구 2OFF
[19:12:34] : 0
[19:12:55] : REQUEST MEAS. ON
[19:13:02] : REQUEST MEAS. OFF
[19:13:02] : 0
[19:13:02] : 측정요구 ON 2
[19:13:09] : 측정요구 2OFF
[19:13:09] : 0
[19:13:30] : REQUEST MEAS. ON
[19:13:37] : REQUEST MEAS. OFF
[19:13:37] : 0
[19:13:37] : 측정요구 ON 2
[19:13:44] : 측정요구 2OFF
[19:13:44] : 0
[19:14:05] : REQUEST MEAS. ON
[19:14:12] : REQUEST MEAS. OFF
[19:14:12] : 0
[19:14:12] : 측정요구 ON 2
[19:14:20] : 측정요구 2OFF
[19:14:20] : 0
[19:14:40] : REQUEST MEAS. ON
[19:14:47] : REQUEST MEAS. OFF
[19:14:47] : 0
[19:14:47] : 측정요구 ON 2
[19:14:55] : 측정요구 2OFF
[19:14:55] : 0
[19:15:15] : REQUEST MEAS. ON
[19:15:22] : REQUEST MEAS. OFF
[19:15:22] : 0
[19:15:22] : 측정요구 ON 2
[19:15:30] : 측정요구 2OFF
[19:15:30] : 0
[19:15:50] : REQUEST MEAS. ON
[19:15:57] : REQUEST MEAS. OFF
[19:15:57] : 0
[19:15:57] : 측정요구 ON 2
[19:16:05] : 측정요구 2OFF
[19:16:05] : 0
[19:16:25] : REQUEST MEAS. ON
[19:16:32] : REQUEST MEAS. OFF
[19:16:32] : 0
[19:16:32] : 측정요구 ON 2
[19:16:40] : 측정요구 2OFF
[19:16:40] : 0
[19:17:00] : REQUEST MEAS. ON
[19:17:07] : REQUEST MEAS. OFF
[19:17:07] : 0
[19:17:07] : 측정요구 ON 2
[19:17:15] : 측정요구 2OFF
[19:17:15] : 0
[19:17:52] : REQUEST MEAS. ON
[19:17:59] : REQUEST MEAS. OFF
[19:17:59] : 0
[19:17:59] : 측정요구 ON 2
[19:18:06] : 측정요구 2OFF
[19:18:06] : 0
[19:23:52] : REQUEST MEAS. ON
[19:23:59] : REQUEST MEAS. OFF
[19:23:59] : 0
[19:23:59] : 측정요구 ON 2
[19:24:06] : 측정요구 2OFF
[19:24:06] : 0
[19:25:06] : REQUEST MEAS. ON
[19:25:13] : REQUEST MEAS. OFF
[19:25:13] : 0
[19:25:13] : 측정요구 ON 2
[19:25:21] : 측정요구 2OFF
[19:25:21] : 0
[19:26:32] : REQUEST MEAS. ON
[19:26:39] : REQUEST MEAS. OFF
[19:26:39] : 0
[19:26:39] : 측정요구 ON 2
[19:26:47] : 측정요구 2OFF
[19:26:47] : 0
[19:28:35] : REQUEST MEAS. ON
[19:28:42] : REQUEST MEAS. OFF
[19:28:42] : 0
[19:28:42] : 측정요구 ON 2
[19:28:50] : 측정요구 2OFF
[19:28:50] : 0
[19:32:10] : REQUEST MEAS. ON
[19:32:17] : REQUEST MEAS. OFF
[19:32:17] : 0
[19:32:17] : 측정요구 ON 2
[19:32:25] : 측정요구 2OFF
[19:32:25] : 0
[19:50:41] : REQUEST MEAS. ON
[19:50:48] : REQUEST MEAS. OFF
[19:50:48] : 0
[19:50:48] : 측정요구 ON 2
[19:50:56] : 측정요구 2OFF
[19:50:56] : 0
[19:51:17] : PROGRAM END
 
[19:54:17] : PROGRAM START
[19:54:20] : AUTO RUNNING OFF
[19:54:20] : REQUEST MEAS. OFF
[19:54:20] : REQUEST ZEROSET OFF
[19:54:20] : REQUEST ZEROSET OFF
[19:54:39] : PROGRAM END
 
[19:57:33] : PROGRAM START
[19:57:36] : AUTO RUNNING OFF
[19:57:36] : REQUEST MEAS. OFF
[19:57:36] : REQUEST ZEROSET OFF
[19:57:36] : REQUEST ZEROSET OFF
[19:58:03] : REQUEST MEAS. ON
[19:58:10] : REQUEST MEAS. OFF
[19:58:10] : 0
[19:58:10] : 측정요구 ON 2
[19:58:17] : 측정요구 2OFF
[19:58:17] : 0
[19:58:24] : PROGRAM END
 
[20:04:26] : PROGRAM START
[20:04:29] : AUTO RUNNING OFF
[20:04:29] : REQUEST MEAS. OFF
[20:04:29] : REQUEST ZEROSET OFF
[20:04:29] : REQUEST ZEROSET OFF
[20:05:55] : REQUEST MEAS. ON
[20:06:02] : REQUEST MEAS. OFF
[20:06:02] : 0
[20:06:02] : 측정요구 ON 2
[20:06:10] : 측정요구 2OFF
[20:06:10] : 0
[20:06:35] : PROGRAM END
 
[20:08:31] : PROGRAM START
[20:08:34] : AUTO RUNNING OFF
[20:08:34] : REQUEST MEAS. OFF
[20:08:34] : REQUEST ZEROSET OFF
[20:08:34] : REQUEST ZEROSET OFF
[20:08:47] : PROGRAM END
 
[20:08:56] : PROGRAM START
[20:08:59] : AUTO RUNNING OFF
[20:08:59] : REQUEST MEAS. OFF
[20:08:59] : REQUEST ZEROSET OFF
[20:08:59] : REQUEST ZEROSET OFF
[20:09:28] : 측정요구3 ON
[20:09:35] : 측정요구3 OFF
[20:09:35] : 0
[20:09:35] : 측정요구4 ON
[20:09:42] : 측정요구4 OFF
[20:09:42] : 0
[20:12:36] : 측정요구3 ON
[20:12:43] : 측정요구3 OFF
[20:12:43] : 0
[20:12:43] : 측정요구4 ON
[20:12:50] : 측정요구4 OFF
[20:12:50] : 0
[20:15:01] : 측정요구3 ON
[20:15:08] : 측정요구3 OFF
[20:15:08] : 0
[20:15:08] : 측정요구4 ON
[20:15:16] : 측정요구4 OFF
[20:15:16] : 0
[20:18:39] : REQUEST MEAS. ON
[20:18:46] : REQUEST MEAS. OFF
[20:18:46] : 0
[20:18:46] : 측정요구 ON 2
[20:18:53] : 측정요구 2OFF
[20:18:53] : 0
[20:19:30] : REQUEST MEAS. ON
[20:19:37] : REQUEST MEAS. OFF
[20:19:37] : 0
[20:19:37] : 측정요구 ON 2
[20:19:45] : 측정요구 2OFF
[20:19:45] : 0
[20:20:19] : REQUEST MEAS. ON
[20:20:26] : REQUEST MEAS. OFF
[20:20:26] : 0
[20:20:26] : 측정요구 ON 2
[20:20:33] : 측정요구 2OFF
[20:20:33] : 0
[20:21:03] : REQUEST MEAS. ON
[20:21:10] : REQUEST MEAS. OFF
[20:21:10] : 0
[20:21:10] : 측정요구 ON 2
[20:21:18] : 측정요구 2OFF
[20:21:18] : 0
[20:21:46] : REQUEST MEAS. ON
[20:21:53] : REQUEST MEAS. OFF
[20:21:53] : 0
[20:21:53] : 측정요구 ON 2
[20:22:01] : 측정요구 2OFF
[20:22:01] : 0
[20:22:26] : REQUEST MEAS. ON
[20:22:33] : REQUEST MEAS. OFF
[20:22:33] : 0
[20:22:33] : 측정요구 ON 2
[20:22:40] : 측정요구 2OFF
[20:22:40] : 0
[20:23:11] : REQUEST MEAS. ON
[20:23:18] : REQUEST MEAS. OFF
[20:23:18] : 0
[20:23:18] : 측정요구 ON 2
[20:23:25] : 측정요구 2OFF
[20:23:25] : 0
[20:23:45] : REQUEST MEAS. ON
[20:23:52] : REQUEST MEAS. OFF
[20:23:52] : 0
[20:23:52] : 측정요구 ON 2
[20:24:00] : 측정요구 2OFF
[20:24:00] : 0
[20:24:21] : REQUEST MEAS. ON
[20:24:28] : REQUEST MEAS. OFF
[20:24:28] : 0
[20:24:28] : 측정요구 ON 2
[20:24:35] : 측정요구 2OFF
[20:24:35] : 0
[20:24:56] : REQUEST MEAS. ON
[20:25:03] : REQUEST MEAS. OFF
[20:25:03] : 0
[20:25:03] : 측정요구 ON 2
[20:25:11] : 측정요구 2OFF
[20:25:11] : 0
[20:25:31] : REQUEST MEAS. ON
[20:25:38] : REQUEST MEAS. OFF
[20:25:38] : 0
[20:25:38] : 측정요구 ON 2
[20:25:46] : 측정요구 2OFF
[20:25:46] : 0
[20:26:06] : REQUEST MEAS. ON
[20:26:13] : REQUEST MEAS. OFF
[20:26:13] : 0
[20:26:13] : 측정요구 ON 2
[20:26:21] : 측정요구 2OFF
[20:26:21] : 0
[20:26:41] : REQUEST MEAS. ON
[20:26:48] : REQUEST MEAS. OFF
[20:26:48] : 0
[20:26:48] : 측정요구 ON 2
[20:26:56] : 측정요구 2OFF
[20:26:56] : 0
[20:27:16] : REQUEST MEAS. ON
[20:27:23] : REQUEST MEAS. OFF
[20:27:23] : 0
[20:27:23] : 측정요구 ON 2
[20:27:31] : 측정요구 2OFF
[20:27:31] : 0
[20:27:51] : REQUEST MEAS. ON
[20:27:58] : REQUEST MEAS. OFF
[20:27:58] : 0
[20:27:58] : 측정요구 ON 2
[20:28:06] : 측정요구 2OFF
[20:28:06] : 0
[20:28:26] : REQUEST MEAS. ON
[20:28:33] : REQUEST MEAS. OFF
[20:28:33] : 0
[20:28:33] : 측정요구 ON 2
[20:28:41] : 측정요구 2OFF
[20:28:41] : 0
[20:35:18] : REQUEST MEAS. ON
[20:35:25] : REQUEST MEAS. OFF
[20:35:25] : 0
[20:35:25] : 측정요구 ON 2
[20:35:32] : 측정요구 2OFF
[20:35:32] : 0
[20:35:52] : REQUEST MEAS. ON
[20:35:59] : REQUEST MEAS. OFF
[20:35:59] : 0
[20:35:59] : 측정요구 ON 2
[20:36:07] : 측정요구 2OFF
[20:36:07] : 0
[20:43:51] : REQUEST MEAS. ON
[20:43:58] : REQUEST MEAS. OFF
[20:43:58] : 0
[20:43:58] : 측정요구 ON 2
[20:44:06] : 측정요구 2OFF
[20:44:06] : 0
[20:44:46] : REQUEST MEAS. ON
[20:44:53] : REQUEST MEAS. OFF
[20:44:53] : 0
[20:44:53] : 측정요구 ON 2
[20:45:01] : 측정요구 2OFF
[20:45:01] : 0
[20:45:21] : REQUEST MEAS. ON
[20:45:28] : REQUEST MEAS. OFF
[20:45:28] : 0
[20:45:28] : 측정요구 ON 2
[20:45:36] : 측정요구 2OFF
[20:45:36] : 0
[20:45:56] : REQUEST MEAS. ON
[20:46:03] : REQUEST MEAS. OFF
[20:46:03] : 0
[20:46:03] : 측정요구 ON 2
[20:46:11] : 측정요구 2OFF
[20:46:11] : 0
[20:46:32] : REQUEST MEAS. ON
[20:46:39] : REQUEST MEAS. OFF
[20:46:39] : 0
[20:46:39] : 측정요구 ON 2
[20:46:46] : 측정요구 2OFF
[20:46:46] : 0
[20:47:07] : REQUEST MEAS. ON
[20:47:14] : REQUEST MEAS. OFF
[20:47:14] : 0
[20:47:14] : 측정요구 ON 2
[20:47:21] : 측정요구 2OFF
[20:47:21] : 0
[20:47:42] : REQUEST MEAS. ON
[20:47:49] : REQUEST MEAS. OFF
[20:47:49] : 0
[20:47:49] : 측정요구 ON 2
[20:47:57] : 측정요구 2OFF
[20:47:57] : 0
[20:48:17] : REQUEST MEAS. ON
[20:48:24] : REQUEST MEAS. OFF
[20:48:24] : 0
[20:48:24] : 측정요구 ON 2
[20:48:32] : 측정요구 2OFF
[20:48:32] : 0
[20:48:52] : REQUEST MEAS. ON
[20:48:59] : REQUEST MEAS. OFF
[20:48:59] : 0
[20:48:59] : 측정요구 ON 2
[20:49:07] : 측정요구 2OFF
[20:49:07] : 0
[20:49:27] : REQUEST MEAS. ON
[20:49:34] : REQUEST MEAS. OFF
[20:49:34] : 0
[20:49:34] : 측정요구 ON 2
[20:49:42] : 측정요구 2OFF
[20:49:42] : 0
[20:50:03] : REQUEST MEAS. ON
[20:50:10] : REQUEST MEAS. OFF
[20:50:10] : 0
[20:50:10] : 측정요구 ON 2
[20:50:17] : 측정요구 2OFF
[20:50:17] : 0
[20:50:38] : REQUEST MEAS. ON
[20:50:45] : REQUEST MEAS. OFF
[20:50:45] : 0
[20:50:45] : 측정요구 ON 2
[20:50:52] : 측정요구 2OFF
[20:50:52] : 0
[20:51:13] : REQUEST MEAS. ON
[20:51:20] : REQUEST MEAS. OFF
[20:51:20] : 0
[20:51:20] : 측정요구 ON 2
[20:51:28] : 측정요구 2OFF
[20:51:28] : 0
[20:51:48] : REQUEST MEAS. ON
[20:51:55] : REQUEST MEAS. OFF
[20:51:55] : 0
[20:51:55] : 측정요구 ON 2
[20:52:03] : 측정요구 2OFF
[20:52:03] : 0
[20:52:23] : REQUEST MEAS. ON
[20:52:30] : REQUEST MEAS. OFF
[20:52:30] : 0
[20:52:30] : 측정요구 ON 2
[20:52:38] : 측정요구 2OFF
[20:52:38] : 0
[20:52:58] : REQUEST MEAS. ON
[20:53:05] : REQUEST MEAS. OFF
[20:53:05] : 0
[20:53:05] : 측정요구 ON 2
[20:53:13] : 측정요구 2OFF
[20:53:13] : 0
[20:53:33] : REQUEST MEAS. ON
[20:53:40] : REQUEST MEAS. OFF
[20:53:40] : 0
[20:53:40] : 측정요구 ON 2
[20:53:48] : 측정요구 2OFF
[20:53:48] : 0
[20:54:09] : REQUEST MEAS. ON
[20:54:16] : REQUEST MEAS. OFF
[20:54:16] : 0
[20:54:16] : 측정요구 ON 2
[20:54:23] : 측정요구 2OFF
[20:54:23] : 0
[20:54:44] : REQUEST MEAS. ON
[20:54:51] : REQUEST MEAS. OFF
[20:54:51] : 0
[20:54:51] : 측정요구 ON 2
[20:54:58] : 측정요구 2OFF
[20:54:58] : 0
[20:55:19] : REQUEST MEAS. ON
[20:55:26] : REQUEST MEAS. OFF
[20:55:26] : 0
[20:55:26] : 측정요구 ON 2
[20:55:34] : 측정요구 2OFF
[20:55:34] : 0
[20:55:54] : REQUEST MEAS. ON
[20:56:01] : REQUEST MEAS. OFF
[20:56:01] : 0
[20:56:01] : 측정요구 ON 2
[20:56:09] : 측정요구 2OFF
[20:56:09] : 0
[20:56:29] : REQUEST MEAS. ON
[20:56:36] : REQUEST MEAS. OFF
[20:56:36] : 0
[20:56:36] : 측정요구 ON 2
[20:56:44] : 측정요구 2OFF
[20:56:44] : 0
[20:57:04] : REQUEST MEAS. ON
[20:57:11] : REQUEST MEAS. OFF
[20:57:11] : 0
[20:57:11] : 측정요구 ON 2
[20:57:19] : 측정요구 2OFF
[20:57:19] : 0
[20:57:39] : REQUEST MEAS. ON
[20:57:46] : REQUEST MEAS. OFF
[20:57:46] : 0
[20:57:46] : 측정요구 ON 2
[20:57:54] : 측정요구 2OFF
[20:57:54] : 0
[20:58:14] : REQUEST MEAS. ON
[20:58:21] : REQUEST MEAS. OFF
[20:58:21] : 0
[20:58:21] : 측정요구 ON 2
[20:58:29] : 측정요구 2OFF
[20:58:29] : 0
[20:58:49] : REQUEST MEAS. ON
[20:58:56] : REQUEST MEAS. OFF
[20:58:56] : 0
[20:58:56] : 측정요구 ON 2
[20:59:04] : 측정요구 2OFF
[20:59:04] : 0
[20:59:24] : REQUEST MEAS. ON
[20:59:31] : REQUEST MEAS. OFF
[20:59:31] : 0
[20:59:31] : 측정요구 ON 2
[20:59:39] : 측정요구 2OFF
[20:59:39] : 0
[20:59:59] : REQUEST MEAS. ON
[21:00:06] : REQUEST MEAS. OFF
[21:00:06] : 0
[21:00:06] : 측정요구 ON 2
[21:00:14] : 측정요구 2OFF
[21:00:14] : 0
[21:00:34] : REQUEST MEAS. ON
[21:00:41] : REQUEST MEAS. OFF
[21:00:41] : 0
[21:00:41] : 측정요구 ON 2
[21:00:49] : 측정요구 2OFF
[21:00:49] : 0
[21:01:10] : REQUEST MEAS. ON
[21:01:17] : REQUEST MEAS. OFF
[21:01:17] : 0
[21:01:17] : 측정요구 ON 2
[21:01:24] : 측정요구 2OFF
[21:01:24] : 0
[21:01:45] : REQUEST MEAS. ON
[21:01:52] : REQUEST MEAS. OFF
[21:01:52] : 0
[21:01:52] : 측정요구 ON 2
[21:01:59] : 측정요구 2OFF
[21:01:59] : 0
[21:02:20] : REQUEST MEAS. ON
[21:02:27] : REQUEST MEAS. OFF
[21:02:27] : 0
[21:02:27] : 측정요구 ON 2
[21:02:34] : 측정요구 2OFF
[21:02:34] : 0
[21:02:55] : REQUEST MEAS. ON
[21:03:02] : REQUEST MEAS. OFF
[21:03:02] : 0
[21:03:02] : 측정요구 ON 2
[21:03:10] : 측정요구 2OFF
[21:03:10] : 0
[21:03:30] : REQUEST MEAS. ON
[21:03:37] : REQUEST MEAS. OFF
[21:03:37] : 0
[21:03:37] : 측정요구 ON 2
[21:03:45] : 측정요구 2OFF
[21:03:45] : 0
[21:04:05] : REQUEST MEAS. ON
[21:04:12] : REQUEST MEAS. OFF
[21:04:12] : 0
[21:04:12] : 측정요구 ON 2
[21:04:20] : 측정요구 2OFF
[21:04:20] : 0
[21:04:40] : REQUEST MEAS. ON
[21:04:47] : REQUEST MEAS. OFF
[21:04:47] : 0
[21:04:47] : 측정요구 ON 2
[21:04:55] : 측정요구 2OFF
[21:04:55] : 0
[21:05:16] : REQUEST MEAS. ON
[21:05:23] : REQUEST MEAS. OFF
[21:05:23] : 0
[21:05:23] : 측정요구 ON 2
[21:05:30] : 측정요구 2OFF
[21:05:30] : 0
[21:05:51] : REQUEST MEAS. ON
[21:05:58] : REQUEST MEAS. OFF
[21:05:58] : 0
[21:05:58] : 측정요구 ON 2
[21:06:06] : 측정요구 2OFF
[21:06:06] : 0
[21:06:26] : REQUEST MEAS. ON
[21:06:33] : REQUEST MEAS. OFF
[21:06:33] : 0
[21:06:33] : 측정요구 ON 2
[21:06:41] : 측정요구 2OFF
[21:06:41] : 0
[21:07:01] : REQUEST MEAS. ON
[21:07:08] : REQUEST MEAS. OFF
[21:07:08] : 0
[21:07:08] : 측정요구 ON 2
[21:07:16] : 측정요구 2OFF
[21:07:16] : 0
[21:07:36] : REQUEST MEAS. ON
[21:07:43] : REQUEST MEAS. OFF
[21:07:43] : 0
[21:07:43] : 측정요구 ON 2
[21:07:51] : 측정요구 2OFF
[21:07:51] : 0
[21:09:29] : 측정요구3 ON
[21:09:37] : 측정요구3 OFF
[21:09:37] : 0
[21:09:37] : 측정요구4 ON
[21:09:44] : 측정요구4 OFF
[21:09:44] : 0
[21:09:51] : PROGRAM END
 
[21:14:18] : PROGRAM START
[21:14:21] : AUTO RUNNING OFF
[21:14:21] : REQUEST MEAS. OFF
[21:14:21] : REQUEST ZEROSET OFF
[21:14:21] : REQUEST ZEROSET OFF
[21:14:43] : 측정요구3 ON
[21:14:50] : 측정요구3 OFF
[21:14:50] : 0
[21:14:50] : 측정요구4 ON
[21:14:58] : 측정요구4 OFF
[21:14:58] : 0
[21:15:06] : PROGRAM END
 
[21:16:18] : PROGRAM START
[21:16:21] : AUTO RUNNING OFF
[21:16:21] : REQUEST MEAS. OFF
[21:16:21] : REQUEST ZEROSET OFF
[21:16:21] : REQUEST ZEROSET OFF
[21:16:39] : 측정요구3 ON
[21:16:47] : 측정요구3 OFF
[21:16:47] : 0
[21:16:47] : 측정요구4 ON
[21:16:55] : 측정요구4 OFF
[21:16:55] : 0
[21:17:01] : PROGRAM END
 
[21:24:46] : PROGRAM START
[21:24:49] : AUTO RUNNING OFF
[21:24:49] : REQUEST MEAS. OFF
[21:24:49] : REQUEST ZEROSET OFF
[21:24:49] : REQUEST ZEROSET OFF
[21:25:00] : PROGRAM END
 
[21:25:07] : PROGRAM START
[21:25:10] : AUTO RUNNING OFF
[21:25:10] : REQUEST MEAS. OFF
[21:25:10] : REQUEST ZEROSET OFF
[21:25:10] : REQUEST ZEROSET OFF
[21:25:33] : 측정요구3 ON
[21:25:40] : 측정요구3 OFF
[21:25:40] : 0
[21:25:40] : 측정요구4 ON
[21:25:48] : 측정요구4 OFF
[21:25:48] : 0
[21:26:08] : 측정요구3 ON
[21:26:16] : 측정요구3 OFF
[21:26:16] : 0
[21:26:16] : 측정요구4 ON
[21:26:23] : 측정요구4 OFF
[21:26:23] : 0
[21:27:21] : 측정요구3 ON
[21:27:28] : 측정요구3 OFF
[21:27:28] : 0
[21:27:28] : 측정요구4 ON
[21:27:35] : 측정요구4 OFF
[21:27:35] : 0
[21:27:55] : 측정요구3 ON
[21:28:02] : 측정요구3 OFF
[21:28:02] : 0
[21:28:02] : 측정요구4 ON
[21:28:10] : 측정요구4 OFF
[21:28:10] : 0
[21:28:30] : 측정요구3 ON
[21:28:38] : 측정요구3 OFF
[21:28:38] : 0
[21:28:38] : 측정요구4 ON
[21:28:45] : 측정요구4 OFF
[21:28:45] : 0
[21:29:05] : 측정요구3 ON
[21:29:12] : 측정요구3 OFF
[21:29:12] : 0
[21:29:12] : 측정요구4 ON
[21:29:20] : 측정요구4 OFF
[21:29:20] : 0
[21:29:39] : 측정요구3 ON
[21:29:47] : 측정요구3 OFF
[21:29:47] : 0
[21:29:47] : 측정요구4 ON
[21:29:54] : 측정요구4 OFF
[21:29:54] : 0
[21:30:14] : 측정요구3 ON
[21:30:22] : 측정요구3 OFF
[21:30:22] : 0
[21:30:22] : 측정요구4 ON
[21:30:29] : 측정요구4 OFF
[21:30:29] : 0
[21:30:49] : 측정요구3 ON
[21:30:56] : 측정요구3 OFF
[21:30:56] : 0
[21:30:56] : 측정요구4 ON
[21:31:04] : 측정요구4 OFF
[21:31:04] : 0
[21:31:23] : 측정요구3 ON
[21:31:30] : 측정요구3 OFF
[21:31:31] : 0
[21:31:31] : 측정요구4 ON
[21:31:38] : 측정요구4 OFF
[21:31:38] : 0
[21:31:58] : 측정요구3 ON
[21:32:06] : 측정요구3 OFF
[21:32:06] : 0
[21:32:06] : 측정요구4 ON
[21:32:13] : 측정요구4 OFF
[21:32:13] : 0
[21:32:33] : 측정요구3 ON
[21:32:40] : 측정요구3 OFF
[21:32:40] : 0
[21:32:40] : 측정요구4 ON
[21:32:48] : 측정요구4 OFF
[21:32:48] : 0
[21:33:08] : 측정요구3 ON
[21:33:15] : 측정요구3 OFF
[21:33:16] : 0
[21:33:16] : 측정요구4 ON
[21:33:23] : 측정요구4 OFF
[21:33:23] : 0
[21:33:42] : 측정요구3 ON
[21:33:50] : 측정요구3 OFF
[21:33:50] : 0
[21:33:50] : 측정요구4 ON
[21:33:58] : 측정요구4 OFF
[21:33:58] : 0
[21:34:17] : 측정요구3 ON
[21:34:25] : 측정요구3 OFF
[21:34:25] : 0
[21:34:25] : 측정요구4 ON
[21:34:32] : 측정요구4 OFF
[21:34:32] : 0
[21:34:52] : 측정요구3 ON
[21:35:00] : 측정요구3 OFF
[21:35:00] : 0
[21:35:00] : 측정요구4 ON
[21:35:07] : 측정요구4 OFF
[21:35:07] : 0
[21:35:27] : 측정요구3 ON
[21:35:34] : 측정요구3 OFF
[21:35:35] : 0
[21:35:35] : 측정요구4 ON
[21:35:42] : 측정요구4 OFF
[21:35:42] : 0
[21:36:02] : 측정요구3 ON
[21:36:09] : 측정요구3 OFF
[21:36:09] : 0
[21:36:09] : 측정요구4 ON
[21:36:17] : 측정요구4 OFF
[21:36:17] : 0
[21:36:36] : 측정요구3 ON
[21:36:43] : 측정요구3 OFF
[21:36:44] : 0
[21:36:44] : 측정요구4 ON
[21:36:51] : 측정요구4 OFF
[21:36:51] : 0
[21:37:11] : 측정요구3 ON
[21:37:18] : 측정요구3 OFF
[21:37:19] : 0
[21:37:19] : 측정요구4 ON
[21:37:26] : 측정요구4 OFF
[21:37:26] : 0
[21:37:46] : 측정요구3 ON
[21:37:54] : 측정요구3 OFF
[21:37:54] : 0
[21:37:54] : 측정요구4 ON
[21:38:01] : 측정요구4 OFF
[21:38:01] : 0
[21:38:20] : 측정요구3 ON
[21:38:27] : 측정요구3 OFF
[21:38:27] : 0
[21:38:27] : 측정요구4 ON
[21:38:35] : 측정요구4 OFF
[21:38:35] : 0
[21:38:55] : 측정요구3 ON
[21:39:02] : 측정요구3 OFF
[21:39:03] : 0
[21:39:03] : 측정요구4 ON
[21:39:10] : 측정요구4 OFF
[21:39:10] : 0
[21:39:30] : 측정요구3 ON
[21:39:38] : 측정요구3 OFF
[21:39:38] : 0
[21:39:38] : 측정요구4 ON
[21:39:45] : 측정요구4 OFF
[21:39:45] : 0
[21:40:05] : 측정요구3 ON
[21:40:13] : 측정요구3 OFF
[21:40:13] : 0
[21:40:13] : 측정요구4 ON
[21:40:20] : 측정요구4 OFF
[21:40:20] : 0
[21:40:40] : 측정요구3 ON
[21:40:47] : 측정요구3 OFF
[21:40:48] : 0
[21:40:48] : 측정요구4 ON
[21:40:55] : 측정요구4 OFF
[21:40:55] : 0
[21:41:14] : 측정요구3 ON
[21:41:21] : 측정요구3 OFF
[21:41:22] : 0
[21:41:22] : 측정요구4 ON
[21:41:29] : 측정요구4 OFF
[21:41:29] : 0
[21:41:49] : 측정요구3 ON
[21:41:56] : 측정요구3 OFF
[21:41:56] : 0
[21:41:56] : 측정요구4 ON
[21:42:04] : 측정요구4 OFF
[21:42:04] : 0
[21:42:24] : 측정요구3 ON
[21:42:32] : 측정요구3 OFF
[21:42:32] : 0
[21:42:32] : 측정요구4 ON
[21:42:39] : 측정요구4 OFF
[21:42:39] : 0
[21:42:59] : 측정요구3 ON
[21:43:07] : 측정요구3 OFF
[21:43:07] : 0
[21:43:07] : 측정요구4 ON
[21:43:14] : 측정요구4 OFF
[21:43:14] : 0
[21:43:33] : 측정요구3 ON
[21:43:41] : 측정요구3 OFF
[21:43:41] : 0
[21:43:41] : 측정요구4 ON
[21:43:48] : 측정요구4 OFF
[21:43:48] : 0
[21:44:08] : 측정요구3 ON
[21:44:16] : 측정요구3 OFF
[21:44:16] : 0
[21:44:16] : 측정요구4 ON
[21:44:23] : 측정요구4 OFF
[21:44:23] : 0
[21:44:43] : 측정요구3 ON
[21:44:51] : 측정요구3 OFF
[21:44:51] : 0
[21:44:51] : 측정요구4 ON
[21:44:58] : 측정요구4 OFF
[21:44:58] : 0
[21:45:18] : 측정요구3 ON
[21:45:25] : 측정요구3 OFF
[21:45:25] : 0
[21:45:25] : 측정요구4 ON
[21:45:33] : 측정요구4 OFF
[21:45:33] : 0
[21:45:52] : 측정요구3 ON
[21:46:00] : 측정요구3 OFF
[21:46:00] : 0
[21:46:00] : 측정요구4 ON
[21:46:08] : 측정요구4 OFF
[21:46:08] : 0
[21:46:27] : 측정요구3 ON
[21:46:35] : 측정요구3 OFF
[21:46:35] : 0
[21:46:35] : 측정요구4 ON
[21:46:43] : 측정요구4 OFF
[21:46:43] : 0
[21:47:02] : 측정요구3 ON
[21:47:10] : 측정요구3 OFF
[21:47:10] : 0
[21:47:10] : 측정요구4 ON
[21:47:18] : 측정요구4 OFF
[21:47:18] : 0
[21:47:37] : 측정요구3 ON
[21:47:45] : 측정요구3 OFF
[21:47:45] : 0
[21:47:45] : 측정요구4 ON
[21:47:52] : 측정요구4 OFF
[21:47:52] : 0
[21:48:12] : 측정요구3 ON
[21:48:20] : 측정요구3 OFF
[21:48:20] : 0
[21:48:20] : 측정요구4 ON
[21:48:27] : 측정요구4 OFF
[21:48:27] : 0
[21:48:47] : 측정요구3 ON
[21:48:54] : 측정요구3 OFF
[21:48:55] : 0
[21:48:55] : 측정요구4 ON
[21:49:02] : 측정요구4 OFF
[21:49:02] : 0
[21:49:21] : 측정요구3 ON
[21:49:28] : 측정요구3 OFF
[21:49:28] : 0
[21:49:28] : 측정요구4 ON
[21:49:36] : 측정요구4 OFF
[21:49:36] : 0
[21:49:56] : 측정요구3 ON
[21:50:04] : 측정요구3 OFF
[21:50:04] : 0
[21:50:04] : 측정요구4 ON
[21:50:11] : 측정요구4 OFF
[21:50:11] : 0
[21:54:12] : PROGRAM END
 
[21:59:21] : PROGRAM START
[21:59:24] : AUTO RUNNING OFF
[21:59:24] : REQUEST MEAS. OFF
[21:59:24] : REQUEST ZEROSET OFF
[21:59:24] : REQUEST ZEROSET OFF
[21:59:47] : 측정요구3 ON
[21:59:54] : 측정요구3 OFF
[21:59:55] : 0
[21:59:55] : 측정요구4 ON
[22:00:02] : 측정요구4 OFF
[22:00:02] : 0
[22:00:09] : PROGRAM END
 
[22:02:55] : PROGRAM START
[22:02:57] : AUTO RUNNING OFF
[22:02:57] : REQUEST MEAS. OFF
[22:02:57] : REQUEST ZEROSET OFF
[22:02:57] : REQUEST ZEROSET OFF
[22:05:18] : REQUEST MEAS. ON
[22:05:25] : REQUEST MEAS. OFF
[22:05:25] : 0
[22:05:25] : 측정요구 ON 2
[22:05:32] : 측정요구 2OFF
[22:05:32] : 0
[22:05:53] : REQUEST MEAS. ON
[22:06:00] : REQUEST MEAS. OFF
[22:06:00] : 0
[22:06:00] : 측정요구 ON 2
[22:06:08] : 측정요구 2OFF
[22:06:08] : 0
[22:06:28] : REQUEST MEAS. ON
[22:06:35] : REQUEST MEAS. OFF
[22:06:35] : 0
[22:06:35] : 측정요구 ON 2
[22:06:43] : 측정요구 2OFF
[22:06:43] : 0
[22:07:03] : REQUEST MEAS. ON
[22:07:10] : REQUEST MEAS. OFF
[22:07:10] : 0
[22:07:10] : 측정요구 ON 2
[22:07:18] : 측정요구 2OFF
[22:07:18] : 0
[22:07:39] : REQUEST MEAS. ON
[22:07:46] : REQUEST MEAS. OFF
[22:07:46] : 0
[22:07:46] : 측정요구 ON 2
[22:07:53] : 측정요구 2OFF
[22:07:53] : 0
[22:08:14] : REQUEST MEAS. ON
[22:08:21] : REQUEST MEAS. OFF
[22:08:21] : 0
[22:08:21] : 측정요구 ON 2
[22:08:29] : 측정요구 2OFF
[22:08:29] : 0
[22:08:49] : REQUEST MEAS. ON
[22:08:56] : REQUEST MEAS. OFF
[22:08:56] : 0
[22:08:56] : 측정요구 ON 2
[22:09:04] : 측정요구 2OFF
[22:09:04] : 0
[22:09:25] : REQUEST MEAS. ON
[22:09:32] : REQUEST MEAS. OFF
[22:09:32] : 0
[22:09:32] : 측정요구 ON 2
[22:09:39] : 측정요구 2OFF
[22:09:39] : 0
[22:10:00] : REQUEST MEAS. ON
[22:10:07] : REQUEST MEAS. OFF
[22:10:07] : 0
[22:10:07] : 측정요구 ON 2
[22:10:15] : 측정요구 2OFF
[22:10:15] : 0
[22:10:35] : REQUEST MEAS. ON
[22:10:42] : REQUEST MEAS. OFF
[22:10:42] : 0
[22:10:42] : 측정요구 ON 2
[22:10:50] : 측정요구 2OFF
[22:10:50] : 0
[22:11:11] : REQUEST MEAS. ON
[22:11:18] : REQUEST MEAS. OFF
[22:11:18] : 0
[22:11:18] : 측정요구 ON 2
[22:11:25] : 측정요구 2OFF
[22:11:25] : 0
[22:11:46] : REQUEST MEAS. ON
[22:11:53] : REQUEST MEAS. OFF
[22:11:53] : 0
[22:11:53] : 측정요구 ON 2
[22:12:01] : 측정요구 2OFF
[22:12:01] : 0
[22:12:21] : REQUEST MEAS. ON
[22:12:28] : REQUEST MEAS. OFF
[22:12:28] : 0
[22:12:28] : 측정요구 ON 2
[22:12:36] : 측정요구 2OFF
[22:12:36] : 0
[22:12:57] : REQUEST MEAS. ON
[22:13:04] : REQUEST MEAS. OFF
[22:13:04] : 0
[22:13:04] : 측정요구 ON 2
[22:13:11] : 측정요구 2OFF
[22:13:11] : 0
[22:13:32] : REQUEST MEAS. ON
[22:13:39] : REQUEST MEAS. OFF
[22:13:39] : 0
[22:13:39] : 측정요구 ON 2
[22:13:46] : 측정요구 2OFF
[22:13:46] : 0
[22:14:07] : REQUEST MEAS. ON
[22:14:14] : REQUEST MEAS. OFF
[22:14:14] : 0
[22:14:14] : 측정요구 ON 2
[22:14:22] : 측정요구 2OFF
[22:14:22] : 0
[22:14:42] : REQUEST MEAS. ON
[22:14:49] : REQUEST MEAS. OFF
[22:14:49] : 0
[22:14:49] : 측정요구 ON 2
[22:14:57] : 측정요구 2OFF
[22:14:57] : 0
[22:15:17] : REQUEST MEAS. ON
[22:15:24] : REQUEST MEAS. OFF
[22:15:24] : 0
[22:15:24] : 측정요구 ON 2
[22:15:32] : 측정요구 2OFF
[22:15:32] : 0
[22:15:52] : REQUEST MEAS. ON
[22:15:59] : REQUEST MEAS. OFF
[22:15:59] : 0
[22:15:59] : 측정요구 ON 2
[22:16:07] : 측정요구 2OFF
[22:16:07] : 0
[22:16:28] : REQUEST MEAS. ON
[22:16:35] : REQUEST MEAS. OFF
[22:16:35] : 0
[22:16:35] : 측정요구 ON 2
[22:16:42] : 측정요구 2OFF
[22:16:42] : 0
[22:17:03] : REQUEST MEAS. ON
[22:17:10] : REQUEST MEAS. OFF
[22:17:10] : 0
[22:17:10] : 측정요구 ON 2
[22:17:18] : 측정요구 2OFF
[22:17:18] : 0
[22:17:38] : REQUEST MEAS. ON
[22:17:45] : REQUEST MEAS. OFF
[22:17:45] : 0
[22:17:45] : 측정요구 ON 2
[22:17:53] : 측정요구 2OFF
[22:17:53] : 0
[22:18:13] : REQUEST MEAS. ON
[22:18:20] : REQUEST MEAS. OFF
[22:18:20] : 0
[22:18:20] : 측정요구 ON 2
[22:18:28] : 측정요구 2OFF
[22:18:28] : 0
[22:18:48] : REQUEST MEAS. ON
[22:18:55] : REQUEST MEAS. OFF
[22:18:55] : 0
[22:18:55] : 측정요구 ON 2
[22:19:03] : 측정요구 2OFF
[22:19:03] : 0
[22:19:24] : REQUEST MEAS. ON
[22:19:31] : REQUEST MEAS. OFF
[22:19:31] : 0
[22:19:31] : 측정요구 ON 2
[22:19:38] : 측정요구 2OFF
[22:19:38] : 0
[22:19:59] : REQUEST MEAS. ON
[22:20:06] : REQUEST MEAS. OFF
[22:20:06] : 0
[22:20:06] : 측정요구 ON 2
[22:20:14] : 측정요구 2OFF
[22:20:14] : 0
[22:20:34] : REQUEST MEAS. ON
[22:20:41] : REQUEST MEAS. OFF
[22:20:41] : 0
[22:20:41] : 측정요구 ON 2
[22:20:49] : 측정요구 2OFF
[22:20:49] : 0
[22:21:09] : REQUEST MEAS. ON
[22:21:16] : REQUEST MEAS. OFF
[22:21:16] : 0
[22:21:16] : 측정요구 ON 2
[22:21:24] : 측정요구 2OFF
[22:21:24] : 0
[22:21:44] : REQUEST MEAS. ON
[22:21:51] : REQUEST MEAS. OFF
[22:21:51] : 0
[22:21:51] : 측정요구 ON 2
[22:21:59] : 측정요구 2OFF
[22:21:59] : 0
[22:22:19] : REQUEST MEAS. ON
[22:22:26] : REQUEST MEAS. OFF
[22:22:26] : 0
[22:22:26] : 측정요구 ON 2
[22:22:34] : 측정요구 2OFF
[22:22:34] : 0
[22:22:55] : REQUEST MEAS. ON
[22:23:02] : REQUEST MEAS. OFF
[22:23:02] : 0
[22:23:02] : 측정요구 ON 2
[22:23:09] : 측정요구 2OFF
[22:23:09] : 0
[22:23:30] : REQUEST MEAS. ON
[22:23:37] : REQUEST MEAS. OFF
[22:23:37] : 0
[22:23:37] : 측정요구 ON 2
[22:23:44] : 측정요구 2OFF
[22:23:44] : 0
[22:24:05] : REQUEST MEAS. ON
[22:24:12] : REQUEST MEAS. OFF
[22:24:12] : 0
[22:24:12] : 측정요구 ON 2
[22:24:19] : 측정요구 2OFF
[22:24:19] : 0
[22:24:40] : REQUEST MEAS. ON
[22:24:47] : REQUEST MEAS. OFF
[22:24:47] : 0
[22:24:47] : 측정요구 ON 2
[22:24:55] : 측정요구 2OFF
[22:24:55] : 0
[22:25:15] : REQUEST MEAS. ON
[22:25:22] : REQUEST MEAS. OFF
[22:25:22] : 0
[22:25:22] : 측정요구 ON 2
[22:25:30] : 측정요구 2OFF
[22:25:30] : 0
[22:25:51] : REQUEST MEAS. ON
[22:25:58] : REQUEST MEAS. OFF
[22:25:58] : 0
[22:25:58] : 측정요구 ON 2
[22:26:05] : 측정요구 2OFF
[22:26:05] : 0
[22:26:26] : REQUEST MEAS. ON
[22:26:33] : REQUEST MEAS. OFF
[22:26:33] : 0
[22:26:33] : 측정요구 ON 2
[22:26:41] : 측정요구 2OFF
[22:26:41] : 0
[22:27:01] : REQUEST MEAS. ON
[22:27:08] : REQUEST MEAS. OFF
[22:27:08] : 0
[22:27:08] : 측정요구 ON 2
[22:27:16] : 측정요구 2OFF
[22:27:16] : 0
[22:27:37] : REQUEST MEAS. ON
[22:27:44] : REQUEST MEAS. OFF
[22:27:44] : 0
[22:27:44] : 측정요구 ON 2
[22:27:51] : 측정요구 2OFF
[22:27:51] : 0
[22:28:12] : REQUEST MEAS. ON
[22:28:19] : REQUEST MEAS. OFF
[22:28:19] : 0
[22:28:19] : 측정요구 ON 2
[22:28:26] : 측정요구 2OFF
[22:28:26] : 0
 
