[09:57:29] : MEAS ESC OFF
[09:57:29] : AUTO RUNNING OFF
 
[15:09:12] : MEAS ESC ON
[15:09:13] : AUTO RUNNING ON
[15:09:40] : REQUEST MEAS. ON
[15:09:47] : REQUEST MEAS. OFF
[15:09:47] : 측정요구 ON 2
[15:09:55] : 측정요구 2OFF
[15:09:55] : 61,20181222-150956,AL18121450606,CF 18111912252,NG,MAX,1,2,AUTO,0.10,4.40,5.84,NG,0.10,4.40,5.95,NG,
[15:10:24] : REQUEST MEAS. ON
[15:10:31] : REQUEST MEAS. OFF
[15:10:31] : 측정요구 ON 2
[15:10:38] : 측정요구 2OFF
[15:10:38] : 61,20181222-151039,AL18121450366,CF 18111912252,OK,MAX,1,2,AUTO,0.10,4.40,0.11,OK,0.10,4.40,0.12,OK,
[15:11:28] : REQUEST MEAS. ON
[15:11:35] : REQUEST MEAS. OFF
[15:11:35] : 측정요구 ON 2
[15:11:43] : 측정요구 2OFF
[15:11:43] : 61,20181222-151144,AL18121450726,CF 18111912252,OK,MAX,1,2,AUTO,0.10,4.40,3.03,OK,0.10,4.40,2.94,OK,
[15:15:27] : REQUEST MEAS. ON
[15:15:34] : REQUEST MEAS. OFF
[15:15:34] : 측정요구 ON 2
[15:15:41] : 측정요구 2OFF
[15:15:41] : 61,20181222-151542,AL18121450886,CF 18111912252,NG,MAX,1,2,AUTO,0.10,4.40,4.48,NG,0.10,4.40,4.54,NG,
[15:38:08] : REQUEST MEAS. ON
[15:38:15] : REQUEST MEAS. OFF
[15:38:15] : 측정요구 ON 2
[15:38:23] : 측정요구 2OFF
[15:38:23] : 61,20181222-153823,AL18121450386,CF 18111912252,OK,MAX,1,2,AUTO,0.10,4.40,3.66,OK,0.10,4.40,3.40,OK,
[15:38:42] : AUTO RUNNING OFF
[15:38:53] : MEAS ESC OFF
[15:39:31] : MEAS ESC ON
[15:40:34] : AUTO RUNNING ON
[15:40:38] : MEAS ESC OFF
[15:40:38] : AUTO RUNNING OFF
[15:42:33] : MEAS ESC ON
[15:42:42] : AUTO RUNNING ON
[15:43:02] : REQUEST MEAS. ON
[15:43:09] : REQUEST MEAS. OFF
[15:43:09] : 측정요구 ON 2
[15:43:17] : 측정요구 2OFF
[15:43:17] : 61,20181222-154318,AL18121450276,CF 18111912252,OK,MAX,1,2,AUTO,0.10,4.40,3.68,OK,0.10,4.40,3.82,OK,
[15:43:45] : REQUEST MEAS. ON
[15:43:52] : REQUEST MEAS. OFF
[15:43:52] : 측정요구 ON 2
[15:43:59] : 측정요구 2OFF
[15:43:59] : 61,20181222-154400,AL18121450916,CF 18111912252,OK,MAX,1,2,AUTO,0.10,4.40,1.37,OK,0.10,4.40,1.60,OK,
[15:44:27] : REQUEST MEAS. ON
[15:44:34] : REQUEST MEAS. OFF
[15:44:34] : 측정요구 ON 2
[15:44:42] : 측정요구 2OFF
[15:44:42] : 61,20181222-154442,AL18121450436,CF 18111912252,OK,MAX,1,2,AUTO,0.10,4.40,0.90,OK,0.10,4.40,1.42,OK,
[15:45:09] : REQUEST MEAS. ON
[15:45:16] : REQUEST MEAS. OFF
[15:45:16] : 측정요구 ON 2
[15:45:24] : 측정요구 2OFF
[15:45:24] : 61,20181222-154525,AL18121450566,CF 18111912252,OK,MAX,1,2,AUTO,0.10,4.40,1.02,OK,0.10,4.40,1.01,OK,
[15:46:33] : REQUEST MEAS. ON
[15:46:40] : REQUEST MEAS. OFF
[15:46:40] : 측정요구 ON 2
[15:46:47] : 측정요구 2OFF
[15:46:47] : 61,20181222-154648,AL18121450546,CF 18111912252,OK,MAX,1,2,AUTO,0.10,4.40,0.48,OK,0.10,4.40,0.42,OK,
[15:47:09] : MEAS ESC OFF
[15:47:09] : AUTO RUNNING OFF
[15:55:52] : MEAS ESC ON
[15:55:53] : AUTO RUNNING ON
[15:56:08] : REQUEST MEAS. ON
[15:56:15] : REQUEST MEAS. OFF
[15:56:15] : 측정요구 ON 2
[15:56:22] : 측정요구 2OFF
[15:56:22] : 61,20181222-155623,,CF 18111912252,OK,MAX,1,2,AUTO,0.10,4.40,0.75,OK,0.10,4.40,1.49,OK,
[15:58:22] : REQUEST MEAS. ON
[15:58:29] : REQUEST MEAS. OFF
[15:58:29] : 측정요구 ON 2
[15:58:36] : 측정요구 2OFF
[15:58:36] : 61,20181222-155837,AL18121450976,CF 18111912252,OK,MAX,1,2,AUTO,0.10,4.40,1.27,OK,0.10,4.40,1.17,OK,
[16:00:35] : REQUEST MEAS. ON
[16:00:42] : REQUEST MEAS. OFF
[16:00:42] : 측정요구 ON 2
[16:00:50] : 측정요구 2OFF
[16:00:50] : 61,20181222-160050,AL18121450526,CF 18111912252,OK,MAX,1,2,AUTO,0.10,4.40,0.60,OK,0.10,4.40,0.52,OK,
[16:01:42] : REQUEST MEAS. ON
[16:01:50] : REQUEST MEAS. OFF
[16:01:50] : 측정요구 ON 2
[16:01:57] : 측정요구 2OFF
[16:01:57] : 61,20181222-160158,AL18121450506,CF 18111912252,OK,MAX,1,2,AUTO,0.10,4.40,1.39,OK,0.10,4.40,1.00,OK,
[16:02:51] : REQUEST MEAS. ON
[16:02:58] : REQUEST MEAS. OFF
[16:02:58] : 측정요구 ON 2
[16:03:05] : 측정요구 2OFF
[16:03:05] : 61,20181222-160306,AL18121450536,CF 18111912252,OK,MAX,1,2,AUTO,0.10,4.40,1.16,OK,0.10,4.40,0.88,OK,
[16:04:33] : REQUEST MEAS. ON
[16:04:40] : REQUEST MEAS. OFF
[16:04:40] : 측정요구 ON 2
[16:04:47] : 측정요구 2OFF
[16:04:47] : 61,20181222-160448,AL18121450466,CF 18111912252,NG,MAX,1,0,AUTO,0.10,4.40,0.10,NG,0.10,4.40,0.13,OK,
[16:05:16] : REQUEST MEAS. ON
[16:05:23] : REQUEST MEAS. OFF
[16:05:23] : 측정요구 ON 2
[16:05:31] : 측정요구 2OFF
[16:05:31] : 61,20181222-160531,AL18121450416,CF 18111912252,OK,MAX,1,2,AUTO,0.10,4.40,0.48,OK,0.10,4.40,0.52,OK,
[16:06:40] : REQUEST MEAS. ON
[16:06:47] : REQUEST MEAS. OFF
[16:06:47] : 측정요구 ON 2
[16:06:55] : 측정요구 2OFF
[16:06:55] : 61,20181222-160655,AL18121450306,CF 18111912252,OK,MAX,1,2,AUTO,0.10,4.40,3.62,OK,0.10,4.40,3.10,OK,
[16:07:51] : REQUEST MEAS. ON
[16:07:58] : REQUEST MEAS. OFF
[16:07:58] : 측정요구 ON 2
[16:08:05] : 측정요구 2OFF
[16:08:05] : 61,20181222-160805,AL18121450716,CF 18111912252,OK,MAX,1,2,AUTO,0.10,4.40,0.70,OK,0.10,4.40,0.72,OK,
[16:08:57] : REQUEST MEAS. ON
[16:09:04] : REQUEST MEAS. OFF
[16:09:04] : 측정요구 ON 2
[16:09:11] : 측정요구 2OFF
[16:09:11] : 61,20181222-160912,AL18121450296,CF 18111912252,OK,MAX,1,2,AUTO,0.10,4.40,1.90,OK,0.10,4.40,1.72,OK,
[16:10:15] : REQUEST MEAS. ON
[16:10:22] : REQUEST MEAS. OFF
[16:10:22] : 측정요구 ON 2
[16:10:29] : 측정요구 2OFF
[16:10:29] : 61,20181222-161030,AL18121450336,CF 18111912252,OK,MAX,1,2,AUTO,0.10,4.40,2.72,OK,0.10,4.40,2.38,OK,
[16:10:57] : REQUEST MEAS. ON
[16:11:04] : REQUEST MEAS. OFF
[16:11:04] : 측정요구 ON 2
[16:11:12] : 측정요구 2OFF
[16:11:12] : 61,20181222-161112,AL18121450706,CF 18111912252,OK,MAX,1,2,AUTO,0.10,4.40,0.69,OK,0.10,4.40,0.61,OK,
[16:11:39] : REQUEST MEAS. ON
[16:11:46] : REQUEST MEAS. OFF
[16:11:46] : 측정요구 ON 2
[16:11:54] : 측정요구 2OFF
[16:11:54] : 61,20181222-161154,AL18121451006,CF 18111912252,OK,MAX,1,2,AUTO,0.10,4.40,0.19,OK,0.10,4.40,0.25,OK,
[16:12:21] : REQUEST MEAS. ON
[16:12:28] : REQUEST MEAS. OFF
[16:12:28] : 측정요구 ON 2
[16:12:36] : 측정요구 2OFF
[16:12:36] : 61,20181222-161237,AL18121450396,CF 18111912252,OK,MAX,1,2,AUTO,0.10,4.40,0.58,OK,0.10,4.40,0.62,OK,
[16:13:04] : REQUEST MEAS. ON
[16:13:11] : REQUEST MEAS. OFF
[16:13:11] : 측정요구 ON 2
[16:13:18] : 측정요구 2OFF
[16:13:18] : 61,20181222-161319,AL18121450766,CF 18111912252,OK,MAX,1,2,AUTO,0.10,4.40,0.87,OK,0.10,4.40,1.06,OK,
[16:13:46] : REQUEST MEAS. ON
[16:13:53] : REQUEST MEAS. OFF
[16:13:53] : 측정요구 ON 2
[16:14:01] : 측정요구 2OFF
[16:14:01] : 61,20181222-161401,AL18121450946,CF 18111912252,OK,MAX,1,2,AUTO,0.10,4.40,0.87,OK,0.10,4.40,0.75,OK,
[16:24:47] : REQUEST MEAS. ON
[16:24:54] : REQUEST MEAS. OFF
[16:24:54] : 측정요구 ON 2
[16:25:01] : 측정요구 2OFF
[16:25:01] : 61,20181222-162501,AL18121450906,CF 18111912252,OK,MAX,1,2,AUTO,0.10,4.40,0.64,OK,0.10,4.40,0.84,OK,
[16:29:42] : AUTO RUNNING OFF
[16:32:06] : MEAS ESC OFF
[16:48:56] : MEAS ESC ON
[16:48:57] : AUTO RUNNING ON
[16:49:17] : REQUEST MEAS. ON
[16:49:24] : REQUEST MEAS. OFF
[16:49:25] : 측정요구 ON 2
[16:49:32] : 측정요구 2OFF
[16:49:32] : 61,20181222-164932,AL18121450816,CF 18111912252,OK,MAX,1,2,AUTO,0.10,4.40,0.52,OK,0.10,4.40,0.42,OK,
[16:50:00] : REQUEST MEAS. ON
[16:50:07] : REQUEST MEAS. OFF
[16:50:07] : 측정요구 ON 2
[16:50:14] : 측정요구 2OFF
[16:50:14] : 61,20181222-165015,AL18121450286,CF 18111912252,OK,MAX,1,2,AUTO,0.10,4.40,0.68,OK,0.10,4.40,0.81,OK,
[16:50:42] : REQUEST MEAS. ON
[16:50:49] : REQUEST MEAS. OFF
[16:50:49] : 측정요구 ON 2
[16:50:56] : 측정요구 2OFF
[16:50:56] : 61,20181222-165057,AL18121450636,CF 18111912252,OK,MAX,1,2,AUTO,0.10,4.40,1.30,OK,0.10,4.40,1.48,OK,
[16:51:24] : REQUEST MEAS. ON
[16:51:31] : REQUEST MEAS. OFF
[16:51:31] : 측정요구 ON 2
[16:51:38] : 측정요구 2OFF
[16:51:38] : 61,20181222-165139,AL18121450456,CF 18111912252,OK,MAX,1,2,AUTO,0.10,4.40,2.79,OK,0.10,4.40,2.57,OK,
[16:52:06] : REQUEST MEAS. ON
[16:52:13] : REQUEST MEAS. OFF
[16:52:13] : 측정요구 ON 2
[16:52:21] : 측정요구 2OFF
[16:52:21] : 61,20181222-165221,AL18121450846,CF 18111912252,OK,MAX,1,2,AUTO,0.10,4.40,0.67,OK,0.10,4.40,0.66,OK,
[16:54:28] : MEAS ESC OFF
[16:54:28] : AUTO RUNNING OFF
[16:55:39] : MEAS ESC ON
[16:55:41] : AUTO RUNNING ON
[16:55:59] : REQUEST MEAS. ON
[16:56:07] : REQUEST MEAS. OFF
[16:56:07] : 측정요구 ON 2
[16:56:14] : 측정요구 2OFF
[16:56:14] : 61,20181222-165615,AL18121450756,CF 18111912252,OK,MAX,1,2,AUTO,0.10,4.40,1.30,OK,0.10,4.40,1.31,OK,
[16:56:42] : REQUEST MEAS. ON
[16:56:49] : REQUEST MEAS. OFF
[16:56:49] : 측정요구 ON 2
[16:56:57] : 측정요구 2OFF
[16:56:57] : 61,20181222-165657,AL18121450666,CF 18111912252,OK,MAX,1,2,AUTO,0.10,4.40,1.00,OK,0.10,4.40,0.88,OK,
[16:57:24] : REQUEST MEAS. ON
[16:57:31] : REQUEST MEAS. OFF
[16:57:31] : 측정요구 ON 2
[16:57:39] : 측정요구 2OFF
[16:57:39] : 61,20181222-165740,AL18121450376,CF 18111912252,OK,MAX,1,2,AUTO,0.10,4.40,1.94,OK,0.10,4.40,2.07,OK,
[16:58:07] : REQUEST MEAS. ON
[16:58:14] : REQUEST MEAS. OFF
[16:58:14] : 측정요구 ON 2
[16:58:21] : 측정요구 2OFF
[16:58:21] : 61,20181222-165822,AL18121450486,CF 18111912252,OK,MAX,1,2,AUTO,0.10,4.40,0.33,OK,0.10,4.40,0.38,OK,
[16:58:49] : REQUEST MEAS. ON
[16:58:56] : REQUEST MEAS. OFF
[16:58:56] : 측정요구 ON 2
[16:59:04] : 측정요구 2OFF
[16:59:04] : 61,20181222-165904,AL18121450616,CF 18111912252,OK,MAX,1,2,AUTO,0.10,4.40,0.48,OK,0.10,4.40,0.41,OK,
[16:59:31] : REQUEST MEAS. ON
[16:59:38] : REQUEST MEAS. OFF
[16:59:38] : 측정요구 ON 2
[16:59:46] : 측정요구 2OFF
[16:59:46] : 61,20181222-165946,AL18121450676,CF 18111912252,OK,MAX,1,2,AUTO,0.10,4.40,0.48,OK,0.10,4.40,0.49,OK,
[17:40:56] : REQUEST MEAS. ON
[17:41:03] : REQUEST MEAS. OFF
[17:41:03] : 측정요구 ON 2
[17:41:11] : 측정요구 2OFF
[17:41:11] : 61,20181222-174112,AL18121450986,CF 18111912252,OK,MAX,1,2,AUTO,0.10,4.40,1.89,OK,0.10,4.40,1.63,OK,
[17:41:39] : REQUEST MEAS. ON
[17:41:46] : REQUEST MEAS. OFF
[17:41:46] : 측정요구 ON 2
[17:41:54] : 측정요구 2OFF
[17:41:54] : 61,20181222-174154,AL18121450556,CF 18111912252,OK,MAX,1,2,AUTO,0.10,4.40,1.07,OK,0.10,4.40,0.92,OK,
[17:45:25] : MEAS ESC OFF
[17:45:25] : AUTO RUNNING OFF
 
