[09:31:22] : Plc Error Timer
[09:57:29] : REQUEST MEAS. ON
[09:57:37] : REQUEST MEAS. OFF
[09:57:37] : 0
[09:57:37] : 측정요구 ON 2
[09:57:44] : 측정요구 2OFF
[09:57:45] : 0
[09:59:34] : 측정요구3 ON
[09:59:41] : 측정요구3 OFF
[09:59:41] : 0
[09:59:41] : 측정요구4 ON
[09:59:49] : 측정요구4 OFF
[09:59:50] : 0
[10:00:20] : MEAS ESC ON
[10:00:21] : MEAS ESC OFF
[10:00:21] : AUTO RUNNING ON
[10:00:35] : AUTO RUNNING OFF
[10:02:52] : MEAS ESC ON
[10:02:53] : MEAS ESC OFF
[10:02:53] : AUTO RUNNING ON
[10:03:18] : AUTO RUNNING OFF
[10:05:23] : MEAS ESC ON
[10:05:23] : MEAS ESC OFF
[10:05:23] : AUTO RUNNING ON
[10:05:31] : AUTO RUNNING OFF
 
[13:21:58] : MEAS ESC ON
[13:21:59] : MEAS ESC OFF
[13:21:59] : AUTO RUNNING ON
[13:28:58] : AUTO RUNNING OFF
[13:29:30] : MEAS ESC ON
[13:37:55] : MEAS ESC OFF
[13:37:55] : AUTO RUNNING ON
[13:40:06] : REQUEST MEAS. ON
[13:40:13] : REQUEST MEAS. OFF
[13:40:13] : 측정요구 ON 2
[13:40:20] : 측정요구 2OFF
[13:40:20] : 61,20190129-134021,CF18112052931,,OK,MAX,1,2,AUTO,0.60,4.40,1.11,OK,0.60,4.40,2.50,OK,
[13:40:32] : 측정요구3 ON
[13:40:39] : 측정요구3 OFF
[13:40:39] : 측정요구4 ON
[13:40:47] : 측정요구4 OFF
[13:40:47] : 61,20190129-134048,CF18112052131,,OK,MAX,2,3,AUTO,0.60,4.40,1.81,OK,0.60,4.40,1.50,OK,
[13:40:58] : REQUEST MEAS. ON
[13:41:05] : REQUEST MEAS. OFF
[13:41:05] : 측정요구 ON 2
[13:41:12] : 측정요구 2OFF
[13:41:12] : 61,20190129-134113,CF18112053911,,OK,MAX,1,2,AUTO,0.60,4.40,2.61,OK,0.60,4.40,2.20,OK,
[13:41:48] : AUTO RUNNING OFF
[13:42:18] : MEAS ESC ON
[13:42:19] : MEAS ESC OFF
[13:42:19] : AUTO RUNNING ON
[13:42:43] : REQUEST MEAS. ON
[13:42:50] : REQUEST MEAS. OFF
[13:42:50] : 측정요구 ON 2
[13:42:58] : 측정요구 2OFF
[13:42:58] : 61,20190129-134258,CF18112053451,,OK,MAX,1,2,AUTO,0.60,4.40,2.32,OK,0.60,4.40,2.29,OK,
[13:43:05] : AUTO RUNNING OFF
[13:44:51] : MEAS ESC ON
[13:44:51] : MEAS ESC OFF
[13:44:51] : AUTO RUNNING ON
[13:45:14] : 측정요구3 ON
[13:45:21] : 측정요구3 OFF
[13:45:21] : 측정요구4 ON
[13:45:28] : 측정요구4 OFF
[13:45:28] : 61,20190129-134529,CF18112052041,,OK,MAX,2,3,AUTO,0.60,4.40,2.11,OK,0.60,4.40,2.60,OK,
[13:45:28] : REQUEST MEAS. ON
[13:45:36] : REQUEST MEAS. OFF
[13:45:36] : 측정요구 ON 2
[13:45:44] : 측정요구 2OFF
[13:45:44] : 61,20190129-134544,CF18112053611,,OK,MAX,1,2,AUTO,0.60,4.40,1.11,OK,0.60,4.40,2.09,OK,
[13:46:15] : 측정요구3 ON
[13:46:16] : AUTO RUNNING OFF
[13:46:16] : 측정요구3 OFF
[13:46:16] : 0
[13:47:02] : MEAS ESC ON
[13:47:03] : MEAS ESC OFF
[13:47:03] : AUTO RUNNING ON
[13:47:03] : 측정요구3 ON
[13:47:03] : 측정요구3 OFF
[13:47:03] : 측정요구4 ON
[13:47:11] : 측정요구4 OFF
[13:47:11] : 61,20190129-134712,CF18112053471,,NG,MAX,2,2,AUTO,0.60,4.40,1.81,OK,0.60,4.40,4.81,NG,
[13:47:15] : REQUEST MEAS. ON
[13:47:22] : REQUEST MEAS. OFF
[13:47:23] : 측정요구 ON 2
[13:47:30] : 측정요구 2OFF
[13:47:30] : 61,20190129-134730,CF18112052481,,OK,MAX,1,2,AUTO,0.60,4.40,1.71,OK,0.60,4.40,1.70,OK,
[13:47:40] : 측정요구3 ON
[13:47:41] : AUTO RUNNING OFF
[13:47:41] : 측정요구3 OFF
[13:47:42] : 0
[13:47:51] : MEAS ESC ON
[13:47:52] : MEAS ESC OFF
[13:47:52] : AUTO RUNNING ON
[13:47:52] : 측정요구3 ON
[13:47:52] : 측정요구3 OFF
[13:47:52] : 측정요구4 ON
[13:48:00] : 측정요구4 OFF
[13:48:00] : 61,20190129-134801,CF18112053181,,OK,MAX,2,3,AUTO,0.60,4.40,1.61,OK,0.60,4.40,2.91,OK,
[13:48:07] : REQUEST MEAS. ON
[13:48:14] : REQUEST MEAS. OFF
[13:48:14] : 측정요구 ON 2
[13:48:22] : 측정요구 2OFF
[13:48:22] : 61,20190129-134822,CF18112053831,,OK,MAX,1,2,AUTO,0.60,4.40,3.31,OK,0.60,4.40,2.70,OK,
[13:48:28] : 측정요구3 ON
[13:48:36] : 측정요구3 OFF
[13:48:36] : 측정요구4 ON
[13:48:43] : 측정요구4 OFF
[13:48:43] : 61,20190129-134843,CF19012810031,,OK,MAX,2,3,AUTO,0.60,4.40,2.11,OK,0.60,4.40,1.79,OK,
[13:48:49] : REQUEST MEAS. ON
[13:48:56] : REQUEST MEAS. OFF
[13:48:57] : 측정요구 ON 2
[13:49:04] : 측정요구 2OFF
[13:49:04] : 61,20190129-134904,CF18112052101,,OK,MAX,1,2,AUTO,0.60,4.40,2.72,OK,0.60,4.40,1.79,OK,
[13:49:10] : 측정요구3 ON
[13:49:18] : 측정요구3 OFF
[13:49:18] : 측정요구4 ON
[13:49:25] : 측정요구4 OFF
[13:49:25] : 61,20190129-134926,CF18112051631,,OK,MAX,2,3,AUTO,0.60,4.40,2.11,OK,0.60,4.40,2.10,OK,
[13:49:30] : REQUEST MEAS. ON
[13:49:38] : REQUEST MEAS. OFF
[13:49:38] : 측정요구 ON 2
[13:49:45] : 측정요구 2OFF
[13:49:45] : 61,20190129-134946,CF18112052401,,OK,MAX,1,2,AUTO,0.60,4.40,1.51,OK,0.60,4.40,1.39,OK,
[13:49:54] : 측정요구3 ON
[13:50:01] : 측정요구3 OFF
[13:50:02] : 측정요구4 ON
[13:50:09] : 측정요구4 OFF
[13:50:09] : 61,20190129-135010,CF18112052531,,OK,MAX,2,3,AUTO,0.60,4.40,2.82,OK,0.60,4.40,1.99,OK,
[13:50:14] : REQUEST MEAS. ON
[13:50:21] : REQUEST MEAS. OFF
[13:50:21] : 측정요구 ON 2
[13:50:29] : 측정요구 2OFF
[13:50:29] : 61,20190129-135029,CF18112051611,,OK,MAX,1,2,AUTO,0.60,4.40,2.72,OK,0.60,4.40,2.29,OK,
[13:50:36] : 측정요구3 ON
[13:50:44] : 측정요구3 OFF
[13:50:44] : 측정요구4 ON
[13:50:52] : 측정요구4 OFF
[13:50:52] : 61,20190129-135052,CF18112052801,,OK,MAX,2,3,AUTO,0.60,4.40,2.91,OK,0.60,4.40,2.91,OK,
[13:50:55] : REQUEST MEAS. ON
[13:51:03] : REQUEST MEAS. OFF
[13:51:03] : 측정요구 ON 2
[13:51:10] : 측정요구 2OFF
[13:51:10] : 61,20190129-135111,CF18112053491,,OK,MAX,1,2,AUTO,0.60,4.40,2.42,OK,0.60,4.40,3.10,OK,
[13:51:20] : 측정요구3 ON
[13:51:27] : 측정요구3 OFF
[13:51:28] : 측정요구4 ON
[13:51:35] : 측정요구4 OFF
[13:51:35] : 61,20190129-135136,CF18112053041,,OK,MAX,2,3,AUTO,0.60,4.40,2.32,OK,0.60,4.40,2.50,OK,
[13:51:37] : REQUEST MEAS. ON
[13:51:44] : REQUEST MEAS. OFF
[13:51:45] : 측정요구 ON 2
[13:51:52] : 측정요구 2OFF
[13:51:52] : 61,20190129-135153,CF18112053991,,OK,MAX,1,2,AUTO,0.60,4.40,1.81,OK,0.60,4.40,1.70,OK,
[13:52:03] : 측정요구3 ON
[13:52:10] : 측정요구3 OFF
[13:52:10] : 측정요구4 ON
[13:52:18] : 측정요구4 OFF
[13:52:18] : 61,20190129-135218,CF18112053981,,OK,MAX,2,3,AUTO,0.60,4.40,1.92,OK,0.60,4.40,2.81,OK,
[13:52:25] : REQUEST MEAS. ON
[13:52:32] : REQUEST MEAS. OFF
[13:52:32] : 측정요구 ON 2
[13:52:40] : 측정요구 2OFF
[13:52:40] : 61,20190129-135241,CF18112053061,,OK,MAX,1,2,AUTO,0.60,4.40,2.42,OK,0.60,4.40,2.50,OK,
[13:52:45] : 측정요구3 ON
[13:52:53] : 측정요구3 OFF
[13:52:53] : 측정요구4 ON
[13:53:00] : 측정요구4 OFF
[13:53:00] : 61,20190129-135301,CF18112053271,,OK,MAX,2,3,AUTO,0.60,4.40,2.72,OK,0.60,4.40,1.70,OK,
[13:53:07] : REQUEST MEAS. ON
[13:53:14] : REQUEST MEAS. OFF
[13:53:14] : 측정요구 ON 2
[13:53:21] : 측정요구 2OFF
[13:53:21] : 61,20190129-135322,CF18112052741,,OK,MAX,1,2,AUTO,0.60,4.40,1.51,OK,0.60,4.40,3.00,OK,
[13:53:34] : 측정요구3 ON
[13:53:41] : 측정요구3 OFF
[13:53:41] : 측정요구4 ON
[13:53:49] : 측정요구4 OFF
[13:53:49] : 61,20190129-135350,CF18112053581,,OK,MAX,2,3,AUTO,0.60,4.40,2.82,OK,0.60,4.40,3.21,OK,
[13:53:56] : REQUEST MEAS. ON
[13:54:03] : REQUEST MEAS. OFF
[13:54:04] : 측정요구 ON 2
[13:54:11] : 측정요구 2OFF
[13:54:11] : 61,20190129-135411,CF18112053401,,OK,MAX,1,2,AUTO,0.60,4.40,2.21,OK,0.60,4.40,2.49,OK,
[13:54:22] : 측정요구3 ON
[13:54:29] : 측정요구3 OFF
[13:54:29] : 측정요구4 ON
[13:54:37] : 측정요구4 OFF
[13:54:37] : 61,20190129-135438,CF18112053921,,OK,MAX,2,3,AUTO,0.60,4.40,1.71,OK,0.60,4.40,1.99,OK,
[13:54:48] : REQUEST MEAS. ON
[13:54:55] : REQUEST MEAS. OFF
[13:54:55] : 측정요구 ON 2
[13:55:02] : 측정요구 2OFF
[13:55:02] : 61,20190129-135503,CF18112052221,,OK,MAX,1,2,AUTO,0.60,4.40,2.01,OK,0.60,4.40,1.99,OK,
[13:55:13] : 측정요구3 ON
[13:55:21] : 측정요구3 OFF
[13:55:21] : 측정요구4 ON
[13:55:29] : 측정요구4 OFF
[13:55:29] : 61,20190129-135529,CF18112053211,,OK,MAX,2,3,AUTO,0.60,4.40,2.11,OK,0.60,4.40,1.90,OK,
[13:55:39] : REQUEST MEAS. ON
[13:55:47] : REQUEST MEAS. OFF
[13:55:47] : 측정요구 ON 2
[13:55:54] : 측정요구 2OFF
[13:55:54] : 61,20190129-135555,CF18112053621,,OK,MAX,1,2,AUTO,0.60,4.40,3.11,OK,0.60,4.40,3.31,OK,
[13:56:06] : 측정요구3 ON
[13:56:14] : 측정요구3 OFF
[13:56:14] : 측정요구4 ON
[13:56:21] : 측정요구4 OFF
[13:56:21] : 61,20190129-135622,CF18112052921,,OK,MAX,2,3,AUTO,0.60,4.40,2.62,OK,0.60,4.40,2.60,OK,
[13:56:33] : REQUEST MEAS. ON
[13:56:41] : REQUEST MEAS. OFF
[13:56:41] : 측정요구 ON 2
[13:56:48] : 측정요구 2OFF
[13:56:48] : 61,20190129-135649,CF18112053561,,OK,MAX,1,2,AUTO,0.60,4.40,2.72,OK,0.60,4.40,1.80,OK,
[13:56:59] : 측정요구3 ON
[13:57:07] : 측정요구3 OFF
[13:57:07] : 측정요구4 ON
[13:57:14] : 측정요구4 OFF
[13:57:14] : 61,20190129-135715,CF18112051251,,OK,MAX,2,3,AUTO,0.60,4.40,1.92,OK,0.60,4.40,1.49,OK,
[13:57:25] : REQUEST MEAS. ON
[13:57:32] : REQUEST MEAS. OFF
[13:57:32] : 측정요구 ON 2
[13:57:40] : 측정요구 2OFF
[13:57:40] : 61,20190129-135741,CF18112052871,,OK,MAX,1,2,AUTO,0.60,4.40,1.92,OK,0.60,4.40,1.80,OK,
[13:57:53] : 측정요구3 ON
[13:58:00] : 측정요구3 OFF
[13:58:00] : 측정요구4 ON
[13:58:07] : 측정요구4 OFF
[13:58:07] : 61,20190129-135808,CF18112052651,,OK,MAX,2,3,AUTO,0.60,4.40,1.42,OK,0.60,4.40,1.49,OK,
[13:58:18] : REQUEST MEAS. ON
[13:58:25] : REQUEST MEAS. OFF
[13:58:26] : 측정요구 ON 2
[13:58:33] : 측정요구 2OFF
[13:58:33] : 61,20190129-135834,CF18120273151,,OK,MAX,1,2,AUTO,0.60,4.40,1.71,OK,0.60,4.40,1.20,OK,
[13:58:45] : 측정요구3 ON
[13:58:53] : 측정요구3 OFF
[13:58:53] : 측정요구4 ON
[13:59:00] : 측정요구4 OFF
[13:59:00] : 61,20190129-135901,CF18112053901,,OK,MAX,2,3,AUTO,0.60,4.40,2.11,OK,0.60,4.40,1.90,OK,
[13:59:11] : REQUEST MEAS. ON
[13:59:18] : REQUEST MEAS. OFF
[13:59:18] : 측정요구 ON 2
[13:59:26] : 측정요구 2OFF
[13:59:26] : 61,20190129-135926,CF18112052271,,OK,MAX,1,2,AUTO,0.60,4.40,1.61,OK,0.60,4.40,0.99,OK,
[13:59:39] : 측정요구3 ON
[13:59:46] : 측정요구3 OFF
[13:59:46] : 측정요구4 ON
[13:59:53] : 측정요구4 OFF
[13:59:53] : 61,20190129-135954,CF18112053861,,OK,MAX,2,3,AUTO,0.60,4.40,2.61,OK,0.60,4.40,3.81,OK,
[14:00:08] : REQUEST MEAS. ON
[14:00:15] : REQUEST MEAS. OFF
[14:00:15] : 측정요구 ON 2
[14:00:22] : 측정요구 2OFF
[14:00:22] : 61,20190129-140023,CF18112052141,,OK,MAX,1,2,AUTO,0.60,4.40,2.51,OK,0.60,4.40,3.20,OK,
[14:00:34] : 측정요구3 ON
[14:00:41] : 측정요구3 OFF
[14:00:41] : 측정요구4 ON
[14:00:49] : 측정요구4 OFF
[14:00:49] : 61,20190129-140049,CF18112051721,,OK,MAX,2,3,AUTO,0.60,4.40,2.70,OK,0.60,4.40,4.11,OK,
[14:01:00] : REQUEST MEAS. ON
[14:01:07] : REQUEST MEAS. OFF
[14:01:07] : 측정요구 ON 2
[14:01:14] : 측정요구 2OFF
[14:01:14] : 61,20190129-140115,CF18112052331,,OK,MAX,1,2,AUTO,0.60,4.40,2.42,OK,0.60,4.40,1.79,OK,
[14:01:26] : 측정요구3 ON
[14:01:34] : 측정요구3 OFF
[14:01:34] : 측정요구4 ON
[14:01:41] : 측정요구4 OFF
[14:01:41] : 61,20190129-140142,CF18112053081,,OK,MAX,2,3,AUTO,0.60,4.40,2.82,OK,0.60,4.40,3.00,OK,
[14:01:52] : REQUEST MEAS. ON
[14:01:59] : REQUEST MEAS. OFF
[14:01:59] : 측정요구 ON 2
[14:02:07] : 측정요구 2OFF
[14:02:07] : 61,20190129-140208,CF18112053961,,OK,MAX,1,2,AUTO,0.60,4.40,1.71,OK,0.60,4.40,1.70,OK,
[14:02:20] : 측정요구3 ON
[14:02:27] : 측정요구3 OFF
[14:02:27] : 측정요구4 ON
[14:02:34] : 측정요구4 OFF
[14:02:34] : 61,20190129-140235,CF18112052541,,OK,MAX,2,3,AUTO,0.60,4.40,1.92,OK,0.60,4.40,1.70,OK,
[14:02:45] : REQUEST MEAS. ON
[14:02:52] : REQUEST MEAS. OFF
[14:02:52] : 측정요구 ON 2
[14:03:00] : 측정요구 2OFF
[14:03:00] : 61,20190129-140301,CF18112052761,,OK,MAX,1,2,AUTO,0.60,4.40,1.50,OK,0.60,4.40,1.49,OK,
[14:03:12] : 측정요구3 ON
[14:03:20] : 측정요구3 OFF
[14:03:20] : 측정요구4 ON
[14:03:27] : 측정요구4 OFF
[14:03:27] : 61,20190129-140328,CF18112052621,,OK,MAX,2,3,AUTO,0.60,4.40,2.21,OK,0.60,4.40,2.30,OK,
[14:03:55] : REQUEST MEAS. ON
[14:04:02] : REQUEST MEAS. OFF
[14:04:02] : 측정요구 ON 2
[14:04:09] : 측정요구 2OFF
[14:04:09] : 61,20190129-140410,CF18112052691,,OK,MAX,1,2,AUTO,0.60,4.40,1.71,OK,0.60,4.40,1.20,OK,
[14:04:18] : 측정요구3 ON
[14:04:26] : 측정요구3 OFF
[14:04:26] : 측정요구4 ON
[14:04:33] : 측정요구4 OFF
[14:04:33] : 61,20190129-140434,CF18112051561,,OK,MAX,2,3,AUTO,0.60,4.40,2.21,OK,0.60,4.40,2.71,OK,
[14:04:48] : REQUEST MEAS. ON
[14:04:55] : REQUEST MEAS. OFF
[14:04:55] : 측정요구 ON 2
[14:05:02] : 측정요구 2OFF
[14:05:02] : 61,20190129-140503,CF18112052251,,OK,MAX,1,2,AUTO,0.60,4.40,1.50,OK,0.60,4.40,1.29,OK,
[14:05:23] : 측정요구3 ON
[14:05:30] : 측정요구3 OFF
[14:05:31] : 측정요구4 ON
[14:05:38] : 측정요구4 OFF
[14:05:38] : 61,20190129-140539,CF18112053551,,OK,MAX,2,3,AUTO,0.60,4.40,2.72,OK,0.60,4.40,3.21,OK,
[14:05:49] : REQUEST MEAS. ON
[14:05:56] : REQUEST MEAS. OFF
[14:05:56] : 측정요구 ON 2
[14:06:04] : 측정요구 2OFF
[14:06:04] : 61,20190129-140605,CF18112052711,,OK,MAX,1,2,AUTO,0.60,4.40,2.32,OK,0.60,4.40,1.80,OK,
[14:06:18] : 측정요구3 ON
[14:06:26] : 측정요구3 OFF
[14:06:26] : 측정요구4 ON
[14:06:33] : 측정요구4 OFF
[14:06:33] : 61,20190129-140634,CF18112052861,,OK,MAX,2,3,AUTO,0.60,4.40,2.11,OK,0.60,4.40,2.40,OK,
[14:06:44] : REQUEST MEAS. ON
[14:06:51] : REQUEST MEAS. OFF
[14:06:51] : 측정요구 ON 2
[14:06:58] : 측정요구 2OFF
[14:06:58] : 61,20190129-140659,CF18112053521,,OK,MAX,1,2,AUTO,0.60,4.40,1.71,OK,0.60,4.40,1.20,OK,
[14:07:14] : 측정요구3 ON
[14:07:21] : 측정요구3 OFF
[14:07:21] : 측정요구4 ON
[14:07:29] : 측정요구4 OFF
[14:07:29] : 61,20190129-140730,CF18112053011,,OK,MAX,2,3,AUTO,0.60,4.40,2.11,OK,0.60,4.40,2.29,OK,
[14:07:40] : REQUEST MEAS. ON
[14:07:47] : REQUEST MEAS. OFF
[14:07:47] : 측정요구 ON 2
[14:07:54] : 측정요구 2OFF
[14:07:54] : 61,20190129-140755,CF18112053001,,OK,MAX,1,2,AUTO,0.60,4.40,2.82,OK,0.60,4.40,2.20,OK,
[14:08:09] : 측정요구3 ON
[14:08:16] : 측정요구3 OFF
[14:08:16] : 측정요구4 ON
[14:08:24] : 측정요구4 OFF
[14:08:24] : 61,20190129-140825,CF18112052471,,OK,MAX,2,3,AUTO,0.60,4.40,2.32,OK,0.60,4.40,3.60,OK,
[14:08:35] : REQUEST MEAS. ON
[14:08:42] : REQUEST MEAS. OFF
[14:08:42] : 측정요구 ON 2
[14:08:50] : 측정요구 2OFF
[14:08:50] : 61,20190129-140851,CF18112053731,,OK,MAX,1,2,AUTO,0.60,4.40,2.71,OK,0.60,4.40,3.80,OK,
[14:09:05] : 측정요구3 ON
[14:09:12] : 측정요구3 OFF
[14:09:12] : 측정요구4 ON
[14:09:19] : 측정요구4 OFF
[14:09:19] : 61,20190129-140920,CF18112053421,,OK,MAX,2,3,AUTO,0.60,4.40,2.62,OK,0.60,4.40,3.11,OK,
[14:09:36] : REQUEST MEAS. ON
[14:09:43] : REQUEST MEAS. OFF
[14:09:43] : 측정요구 ON 2
[14:09:51] : 측정요구 2OFF
[14:09:51] : 61,20190129-140952,,,OK,MAX,1,2,AUTO,0.60,4.40,1.92,OK,0.60,4.40,1.79,OK,
[14:10:00] : 측정요구3 ON
[14:10:08] : 측정요구3 OFF
[14:10:08] : 측정요구4 ON
[14:10:15] : 측정요구4 OFF
[14:10:15] : 61,20190129-141016,CF18112052561,,OK,MAX,2,3,AUTO,0.60,4.40,3.41,OK,0.60,4.40,3.01,OK,
[14:10:27] : REQUEST MEAS. ON
[14:10:35] : REQUEST MEAS. OFF
[14:10:35] : 측정요구 ON 2
[14:10:42] : 측정요구 2OFF
[14:10:42] : 61,20190129-141043,CF18112052671,,OK,MAX,1,2,AUTO,0.60,4.40,1.11,OK,0.60,4.40,2.50,OK,
[14:10:55] : 측정요구3 ON
[14:11:03] : 측정요구3 OFF
[14:11:03] : 측정요구4 ON
[14:11:10] : 측정요구4 OFF
[14:11:10] : 61,20190129-141111,CF18112052301,,OK,MAX,2,3,AUTO,0.60,4.40,3.02,OK,0.60,4.40,2.91,OK,
[14:11:22] : REQUEST MEAS. ON
[14:11:30] : REQUEST MEAS. OFF
[14:11:30] : 측정요구 ON 2
[14:11:37] : 측정요구 2OFF
[14:11:37] : 61,20190129-141138,CF18120550801,,OK,MAX,1,2,AUTO,0.60,4.40,1.01,OK,0.60,4.40,3.20,OK,
[14:11:51] : 측정요구3 ON
[14:11:59] : 측정요구3 OFF
[14:11:59] : 측정요구4 ON
[14:12:06] : 측정요구4 OFF
[14:12:06] : 61,20190129-141207,CF18120272821,,OK,MAX,2,3,AUTO,0.60,4.40,1.50,OK,0.60,4.40,2.60,OK,
[14:12:17] : REQUEST MEAS. ON
[14:12:24] : REQUEST MEAS. OFF
[14:12:24] : 측정요구 ON 2
[14:12:32] : 측정요구 2OFF
[14:12:32] : 61,20190129-141232,CF18112053171,,OK,MAX,1,2,AUTO,0.60,4.40,2.91,OK,0.60,4.40,3.10,OK,
[14:12:46] : 측정요구3 ON
[14:12:53] : 측정요구3 OFF
[14:12:53] : 측정요구4 ON
[14:13:01] : 측정요구4 OFF
[14:13:01] : 61,20190129-141302,CF18112053131,,OK,MAX,2,3,AUTO,0.60,4.40,2.11,OK,0.60,4.40,3.02,OK,
[14:13:13] : REQUEST MEAS. ON
[14:13:21] : REQUEST MEAS. OFF
[14:13:21] : 측정요구 ON 2
[14:13:28] : 측정요구 2OFF
[14:13:28] : 61,20190129-141329,CF18112051931,,OK,MAX,1,2,AUTO,0.60,4.40,1.31,OK,0.60,4.40,1.79,OK,
[14:16:45] : 측정요구3 ON
[14:16:53] : 측정요구3 OFF
[14:16:53] : 측정요구4 ON
[14:17:00] : 측정요구4 OFF
[14:17:00] : 61,20190129-141701,CF18112051591,,OK,MAX,2,3,AUTO,0.60,4.40,2.31,OK,0.60,4.40,3.42,OK,
[14:17:28] : 측정요구3 ON
[14:17:35] : 측정요구3 OFF
[14:17:35] : 측정요구4 ON
[14:17:43] : 측정요구4 OFF
[14:17:43] : 61,20190129-141743,CF18112052951,,OK,MAX,2,3,AUTO,0.60,4.40,2.11,OK,0.60,4.40,2.81,OK,
[14:18:10] : 측정요구3 ON
[14:18:17] : 측정요구3 OFF
[14:18:17] : 측정요구4 ON
[14:18:25] : 측정요구4 OFF
[14:18:25] : 61,20190129-141826,CF18112052661,,NG,MAX,2,2,AUTO,0.60,4.40,4.30,OK,0.60,4.40,7.41,NG,
[14:18:31] : AUTO RUNNING OFF
[14:18:42] : MEAS ESC ON
[14:18:42] : MEAS ESC OFF
[14:18:42] : AUTO RUNNING ON
[14:19:09] : REQUEST MEAS. ON
[14:19:17] : REQUEST MEAS. OFF
[14:19:17] : 측정요구 ON 2
[14:19:24] : 측정요구 2OFF
[14:19:24] : 61,20190129-141925,CF19012810061,,OK,MAX,1,2,AUTO,0.60,4.40,2.91,OK,0.60,4.40,2.40,OK,
[14:19:24] : 측정요구3 ON
[14:19:32] : 측정요구3 OFF
[14:19:32] : 측정요구4 ON
[14:19:39] : 측정요구4 OFF
[14:19:39] : 61,20190129-141940,CF18112052351,,OK,MAX,2,3,AUTO,0.60,4.40,1.91,OK,0.60,4.40,3.81,OK,
[14:19:50] : REQUEST MEAS. ON
[14:19:58] : REQUEST MEAS. OFF
[14:19:58] : 측정요구 ON 2
[14:20:06] : 측정요구 2OFF
[14:20:06] : 61,20190129-142006,CF19012810051,,OK,MAX,1,2,AUTO,0.60,4.40,1.40,OK,0.60,4.40,1.39,OK,
[14:20:08] : 측정요구3 ON
[14:20:16] : 측정요구3 OFF
[14:20:16] : 측정요구4 ON
[14:20:23] : 측정요구4 OFF
[14:20:23] : 61,20190129-142023,CF19012810241,,OK,MAX,2,3,AUTO,0.60,4.40,2.61,OK,0.60,4.40,2.71,OK,
[14:20:32] : REQUEST MEAS. ON
[14:20:39] : REQUEST MEAS. OFF
[14:20:39] : 측정요구 ON 2
[14:20:47] : 측정요구 2OFF
[14:20:47] : 61,20190129-142048,CF19012810221,,OK,MAX,1,2,AUTO,0.60,4.40,2.42,OK,0.60,4.40,2.20,OK,
[14:20:50] : 측정요구3 ON
[14:20:57] : 측정요구3 OFF
[14:20:57] : 측정요구4 ON
[14:21:05] : 측정요구4 OFF
[14:21:05] : 61,20190129-142106,CF19012810011,,OK,MAX,2,3,AUTO,0.60,4.40,1.71,OK,0.60,4.40,1.50,OK,
[14:21:16] : REQUEST MEAS. ON
[14:21:23] : REQUEST MEAS. OFF
[14:21:23] : 측정요구 ON 2
[14:21:30] : 측정요구 2OFF
[14:21:30] : 61,20190129-142131,CF19012810041,,OK,MAX,1,2,AUTO,0.60,4.40,2.91,OK,0.60,4.40,2.29,OK,
[14:21:32] : 측정요구3 ON
[14:21:40] : 측정요구3 OFF
[14:21:40] : 측정요구4 ON
[14:21:47] : 측정요구4 OFF
[14:21:47] : 61,20190129-142148,CF19012810021,,OK,MAX,2,3,AUTO,0.60,4.40,2.61,OK,0.60,4.40,2.50,OK,
[14:22:17] : REQUEST MEAS. ON
[14:22:25] : REQUEST MEAS. OFF
[14:22:25] : 측정요구 ON 2
[14:22:32] : 측정요구 2OFF
[14:22:32] : 61,20190129-142233,CF18112052551,,OK,MAX,1,2,AUTO,0.60,4.40,2.61,OK,0.60,4.40,3.41,OK,
[14:22:32] : 측정요구3 ON
[14:22:40] : 측정요구3 OFF
[14:22:40] : 측정요구4 ON
[14:22:48] : 측정요구4 OFF
[14:22:48] : 61,20190129-142249,CF18112052731,,OK,MAX,2,3,AUTO,0.60,4.40,2.01,OK,0.60,4.40,1.99,OK,
[14:22:59] : REQUEST MEAS. ON
[14:23:07] : REQUEST MEAS. OFF
[14:23:07] : 측정요구 ON 2
[14:23:14] : 측정요구 2OFF
[14:23:14] : 61,20190129-142314,CF18112052081,,OK,MAX,1,2,AUTO,0.60,4.40,3.00,OK,0.60,4.40,2.50,OK,
[14:23:16] : 측정요구3 ON
[14:23:24] : 측정요구3 OFF
[14:23:24] : 측정요구4 ON
[14:23:31] : 측정요구4 OFF
[14:23:31] : 61,20190129-142332,CF18112052201,,OK,MAX,2,3,AUTO,0.60,4.40,3.20,OK,0.60,4.40,2.50,OK,
[14:23:41] : REQUEST MEAS. ON
[14:23:48] : REQUEST MEAS. OFF
[14:23:48] : 측정요구 ON 2
[14:23:55] : 측정요구 2OFF
[14:23:55] : 61,20190129-142356,CF18112053871,,OK,MAX,1,2,AUTO,0.60,4.40,2.11,OK,0.60,4.40,3.00,OK,
[14:23:58] : 측정요구3 ON
[14:24:06] : 측정요구3 OFF
[14:24:06] : 측정요구4 ON
[14:24:13] : 측정요구4 OFF
[14:24:13] : 61,20190129-142414,CF18112052851,,OK,MAX,2,3,AUTO,0.60,4.40,1.81,OK,0.60,4.40,3.60,OK,
[14:24:23] : REQUEST MEAS. ON
[14:24:31] : REQUEST MEAS. OFF
[14:24:31] : 측정요구 ON 2
[14:24:38] : 측정요구 2OFF
[14:24:38] : 61,20190129-142439,CF18112052411,,OK,MAX,1,2,AUTO,0.60,4.40,1.71,OK,0.60,4.40,1.90,OK,
[14:24:42] : 측정요구3 ON
[14:24:49] : 측정요구3 OFF
[14:24:49] : 측정요구4 ON
[14:24:57] : 측정요구4 OFF
[14:24:57] : 61,20190129-142458,CF18112052031,,OK,MAX,2,3,AUTO,0.60,4.40,3.01,OK,0.60,4.40,2.81,OK,
[14:25:05] : REQUEST MEAS. ON
[14:25:13] : REQUEST MEAS. OFF
[14:25:13] : 측정요구 ON 2
[14:25:20] : 측정요구 2OFF
[14:25:20] : 61,20190129-142521,CF18112053281,,OK,MAX,1,2,AUTO,0.60,4.40,2.21,OK,0.60,4.40,3.10,OK,
[14:25:31] : 측정요구3 ON
[14:25:39] : 측정요구3 OFF
[14:25:39] : 측정요구4 ON
[14:25:46] : 측정요구4 OFF
[14:25:46] : 61,20190129-142547,CF18112053891,,OK,MAX,2,3,AUTO,0.60,4.40,3.00,OK,0.60,4.40,3.91,OK,
[14:26:19] : REQUEST MEAS. ON
[14:26:26] : REQUEST MEAS. OFF
[14:26:26] : 측정요구 ON 2
[14:26:33] : 측정요구 2OFF
[14:26:33] : 61,20190129-142634,CF18112051971,,OK,MAX,1,2,AUTO,0.60,4.40,2.70,OK,0.60,4.40,2.60,OK,
[14:26:42] : 측정요구3 ON
[14:26:49] : 측정요구3 OFF
[14:26:49] : 측정요구4 ON
[14:26:57] : 측정요구4 OFF
[14:26:57] : 61,20190129-142657,CF18112053021,,OK,MAX,2,3,AUTO,0.60,4.40,2.41,OK,0.60,4.40,1.81,OK,
[14:27:15] : REQUEST MEAS. ON
[14:27:22] : REQUEST MEAS. OFF
[14:27:22] : 측정요구 ON 2
[14:27:30] : 측정요구 2OFF
[14:27:30] : 61,20190129-142731,CF18112053631,,OK,MAX,1,2,AUTO,0.60,4.40,2.01,OK,0.60,4.40,2.60,OK,
[14:28:03] : REQUEST MEAS. ON
[14:28:10] : REQUEST MEAS. OFF
[14:28:10] : 측정요구 ON 2
[14:28:18] : 측정요구 2OFF
[14:28:18] : 61,20190129-142819,CF18112052231,,OK,MAX,1,2,AUTO,0.60,4.40,2.71,OK,0.60,4.40,2.29,OK,
[14:28:24] : 측정요구3 ON
[14:28:32] : 측정요구3 OFF
[14:28:32] : 측정요구4 ON
[14:28:39] : 측정요구4 OFF
[14:28:39] : 61,20190129-142840,CF18112053821,,OK,MAX,2,3,AUTO,0.60,4.40,1.61,OK,0.60,4.40,1.50,OK,
[14:30:45] : REQUEST MEAS. ON
[14:30:52] : REQUEST MEAS. OFF
[14:30:52] : 측정요구 ON 2
[14:31:00] : 측정요구 2OFF
[14:31:00] : 61,20190129-143100,CF18112052011,,OK,MAX,1,2,AUTO,0.60,4.40,1.92,OK,0.60,4.40,1.70,OK,
[14:31:12] : 측정요구3 ON
[14:31:19] : 측정요구3 OFF
[14:31:19] : 측정요구4 ON
[14:31:27] : 측정요구4 OFF
[14:31:27] : 61,20190129-143127,CF18112052811,,OK,MAX,2,3,AUTO,0.60,4.40,2.21,OK,0.60,4.40,3.11,OK,
[14:56:31] : AUTO RUNNING OFF
[17:51:05] : MEAS ESC ON
[17:51:08] : MEAS ESC OFF
[17:51:08] : AUTO RUNNING ON
[17:52:05] : 측정요구3 ON
[17:52:12] : 측정요구3 OFF
[17:52:12] : 측정요구4 ON
[17:52:20] : 측정요구4 OFF
[17:52:20] : 61,20190129-175220,CF19012850851,CF 19012111751,NG,MAX,2,2,AUTO,0.60,4.40,3.18,OK,0.60,4.40,4.72,NG,
[17:52:26] : AUTO RUNNING OFF
[18:00:32] : MEAS ESC ON
[18:00:33] : MEAS ESC OFF
[18:00:33] : AUTO RUNNING ON
[18:00:48] : REQUEST MEAS. ON
[18:00:55] : REQUEST MEAS. OFF
[18:00:55] : 측정요구 ON 2
[18:01:03] : 측정요구 2OFF
[18:01:03] : 61,20190129-180104,CF19012850841,CF 19012111761,OK,MAX,1,2,AUTO,0.60,4.40,2.99,OK,0.60,4.40,4.10,OK,
[18:01:09] : 측정요구3 ON
[18:01:16] : 측정요구3 OFF
[18:01:16] : 측정요구4 ON
[18:01:24] : 측정요구4 OFF
[18:01:24] : 61,20190129-180124,CF19012852541,CF 19012110751,OK,MAX,2,3,AUTO,0.60,4.40,1.28,OK,0.60,4.40,2.01,OK,
[18:01:52] : 측정요구3 ON
[18:01:59] : 측정요구3 OFF
[18:01:59] : 측정요구4 ON
[18:02:06] : 측정요구4 OFF
[18:02:06] : 61,20190129-180207,CF19012852481,CF 19012110801,OK,MAX,2,3,AUTO,0.60,4.40,1.20,OK,0.60,4.40,2.11,OK,
[18:02:40] : REQUEST MEAS. ON
[18:02:48] : REQUEST MEAS. OFF
[18:02:48] : 측정요구 ON 2
[18:02:55] : 측정요구 2OFF
[18:02:55] : 61,20190129-180256,CF19012852531,CF 19012110651,NG,MAX,1,2,AUTO,0.60,4.40,2.99,OK,0.60,4.40,5.10,NG,
[18:08:44] : REQUEST MEAS. ON
[18:08:52] : REQUEST MEAS. OFF
[18:08:52] : 측정요구 ON 2
[18:08:59] : 측정요구 2OFF
[18:08:59] : 61,20190129-180900,CF19012852521,CF 19012110611,OK,MAX,1,2,AUTO,0.60,4.40,1.80,OK,0.60,4.40,2.91,OK,
[18:08:59] : 측정요구3 ON
[18:09:07] : 측정요구3 OFF
[18:09:07] : 측정요구4 ON
[18:09:15] : 측정요구4 OFF
[18:09:15] : 61,20190129-180916,CF19012852471,CF 19012110841,OK,MAX,2,3,AUTO,0.60,4.40,2.49,OK,0.60,4.40,1.92,OK,
[18:09:26] : REQUEST MEAS. ON
[18:09:34] : REQUEST MEAS. OFF
[18:09:34] : 측정요구 ON 2
[18:09:41] : 측정요구 2OFF
[18:09:41] : 61,20190129-180942,CF19012852461,CF 19012110831,OK,MAX,1,2,AUTO,0.60,4.40,1.79,OK,0.60,4.40,2.71,OK,
[18:09:45] : 측정요구3 ON
[18:09:52] : 측정요구3 OFF
[18:09:53] : 측정요구4 ON
[18:10:00] : 측정요구4 OFF
[18:10:00] : 61,20190129-181001,CF19012851851,CF 19012110931,NG,MAX,2,2,AUTO,0.60,4.40,3.48,OK,0.60,4.40,5.73,NG,
[18:10:09] : REQUEST MEAS. ON
[18:10:17] : REQUEST MEAS. OFF
[18:10:17] : 측정요구 ON 2
[18:10:24] : 측정요구 2OFF
[18:10:24] : 61,20190129-181025,CF19012851991,CF 19012111931,OK,MAX,1,2,AUTO,0.60,4.40,1.70,OK,0.60,4.40,2.81,OK,
[18:10:30] : 측정요구3 ON
[18:10:37] : 측정요구3 OFF
[18:10:37] : 측정요구4 ON
[18:10:45] : 측정요구4 OFF
[18:10:45] : 61,20190129-181045,CF19012851981,CF 19012110211,OK,MAX,2,3,AUTO,0.60,4.40,2.00,OK,0.60,4.40,3.53,OK,
[18:11:12] : 측정요구3 ON
[18:11:19] : 측정요구3 OFF
[18:11:19] : 측정요구4 ON
[18:11:27] : 측정요구4 OFF
[18:11:27] : 61,20190129-181128,CF19012850931,CF 19012110431,NG,MAX,2,2,AUTO,0.60,4.40,2.49,OK,0.60,4.40,4.53,NG,
[18:12:05] : REQUEST MEAS. ON
[18:12:12] : REQUEST MEAS. OFF
[18:12:12] : 측정요구 ON 2
[18:12:20] : 측정요구 2OFF
[18:12:20] : 61,20190129-181220,CF19012851631,CF 19012110881,NG,MAX,1,2,AUTO,0.60,4.40,3.30,OK,0.60,4.40,4.81,NG,
[18:13:06] : REQUEST MEAS. ON
[18:13:13] : REQUEST MEAS. OFF
[18:13:13] : 측정요구 ON 2
[18:13:21] : 측정요구 2OFF
[18:13:21] : 61,20190129-181322,CF19012850661,CF 19012111051,OK,MAX,1,2,AUTO,0.60,4.40,2.00,OK,0.60,4.40,3.91,OK,
[18:16:10] : REQUEST MEAS. ON
[18:16:17] : REQUEST MEAS. OFF
[18:16:17] : 측정요구 ON 2
[18:16:25] : 측정요구 2OFF
[18:16:25] : 61,20190129-181626,CF19012851811,CF 19012112791,OK,MAX,1,2,AUTO,0.60,4.40,1.39,OK,0.60,4.40,2.61,OK,
[18:16:33] : 측정요구3 ON
[18:16:41] : 측정요구3 OFF
[18:16:41] : 측정요구4 ON
[18:16:48] : 측정요구4 OFF
[18:16:48] : 61,20190129-181649,CF19012851181,CF 19012111721,OK,MAX,2,3,AUTO,0.60,4.40,1.49,OK,0.60,4.40,2.51,OK,
[18:17:09] : AUTO RUNNING OFF
[18:29:05] : MEAS ESC ON
[18:29:06] : MEAS ESC OFF
[18:29:06] : AUTO RUNNING ON
[18:29:31] : REQUEST MEAS. ON
[18:29:38] : REQUEST MEAS. OFF
[18:29:38] : 측정요구 ON 2
[18:29:46] : 측정요구 2OFF
[18:29:46] : 61,20190129-182946,CF19012851141,CF 19012111211,OK,MAX,1,2,AUTO,0.60,4.40,3.09,OK,0.60,4.40,3.52,OK,
[18:30:27] : AUTO RUNNING OFF
[18:31:27] : MEAS ESC ON
[18:31:28] : MEAS ESC OFF
[18:31:28] : AUTO RUNNING ON
[18:31:42] : 측정요구3 ON
[18:31:50] : 측정요구3 OFF
[18:31:50] : 측정요구4 ON
[18:31:57] : 측정요구4 OFF
[18:31:57] : 61,20190129-183157,CF19012851171,CF 19012111711,OK,MAX,2,3,AUTO,0.60,4.40,2.00,OK,0.60,4.40,3.12,OK,
[18:32:10] : AUTO RUNNING OFF
[18:32:14] : MEAS ESC ON
[18:32:15] : MEAS ESC OFF
[18:32:15] : AUTO RUNNING ON
[18:32:18] : REQUEST MEAS. ON
[18:32:25] : REQUEST MEAS. OFF
[18:32:26] : 측정요구 ON 2
[18:32:34] : 측정요구 2OFF
[18:32:34] : 61,20190129-183234,CF19012851781,CF 19012112851,OK,MAX,1,2,AUTO,0.60,4.40,2.89,OK,0.60,4.40,3.61,OK,
[18:32:39] : 측정요구3 ON
[18:32:46] : 측정요구3 OFF
[18:32:46] : 측정요구4 ON
[18:32:53] : 측정요구4 OFF
[18:32:53] : 61,20190129-183254,CF19012852641,CF 19012112881,OK,MAX,2,3,AUTO,0.60,4.40,1.59,OK,0.60,4.40,2.82,OK,
[18:33:00] : REQUEST MEAS. ON
[18:33:07] : REQUEST MEAS. OFF
[18:33:07] : 측정요구 ON 2
[18:33:15] : 측정요구 2OFF
[18:33:15] : 61,20190129-183316,CF19012851731,CF 19012113261,OK,MAX,1,2,AUTO,0.60,4.40,2.40,OK,0.60,4.40,2.61,OK,
[18:33:22] : 측정요구3 ON
[18:33:29] : 측정요구3 OFF
[18:33:30] : 측정요구4 ON
[18:33:37] : 측정요구4 OFF
[18:33:37] : 61,20190129-183338,CF19012851521,CF 19012113191,OK,MAX,2,3,AUTO,0.60,4.40,2.00,OK,0.60,4.40,3.53,OK,
[18:33:45] : REQUEST MEAS. ON
[18:33:52] : REQUEST MEAS. OFF
[18:33:52] : 측정요구 ON 2
[18:34:00] : 측정요구 2OFF
[18:34:00] : 61,20190129-183400,CF19012851331,CF 19012110091,OK,MAX,1,2,AUTO,0.60,4.40,2.60,OK,0.60,4.40,2.61,OK,
[18:34:06] : 측정요구3 ON
[18:34:13] : 측정요구3 OFF
[18:34:13] : 측정요구4 ON
[18:34:21] : 측정요구4 OFF
[18:34:21] : 61,20190129-183422,CF19012851421,CF 19012111141,NG,MAX,2,2,AUTO,0.60,4.40,3.19,OK,0.60,4.40,5.13,NG,
[18:34:28] : REQUEST MEAS. ON
[18:34:35] : REQUEST MEAS. OFF
[18:34:35] : 측정요구 ON 2
[18:34:42] : 측정요구 2OFF
[18:34:42] : 61,20190129-183443,CF19012852071,CF 19012112931,NG,MAX,1,2,AUTO,0.60,4.40,2.99,OK,0.60,4.40,4.51,NG,
[18:34:53] : 측정요구3 ON
[18:35:00] : 측정요구3 OFF
[18:35:00] : 측정요구4 ON
[18:35:08] : 측정요구4 OFF
[18:35:08] : 61,20190129-183508,CF19012851021,CF 19012111261,OK,MAX,2,3,AUTO,0.60,4.40,2.49,OK,0.60,4.40,3.43,OK,
[18:35:10] : REQUEST MEAS. ON
[18:35:18] : REQUEST MEAS. OFF
[18:35:18] : 측정요구 ON 2
[18:35:25] : 측정요구 2OFF
[18:35:25] : 61,20190129-183525,CF19012852291,CF 19012110661,OK,MAX,1,2,AUTO,0.60,4.40,1.99,OK,0.60,4.40,3.02,OK,
[18:35:35] : 측정요구3 ON
[18:35:42] : 측정요구3 OFF
[18:35:42] : 측정요구4 ON
[18:35:50] : 측정요구4 OFF
[18:35:50] : 61,20190129-183551,CF19012852311,CF 19012110121,OK,MAX,2,3,AUTO,0.60,4.40,1.79,OK,0.60,4.40,4.02,OK,
[18:39:09] : REQUEST MEAS. ON
[18:39:16] : REQUEST MEAS. OFF
[18:39:16] : 측정요구 ON 2
[18:39:24] : 측정요구 2OFF
[18:39:24] : 61,20190129-183925,CF19012851341,CF 19012110051,OK,MAX,1,2,AUTO,0.60,4.40,3.79,OK,0.60,4.40,4.11,OK,
[19:28:14] : AUTO RUNNING OFF
 
