[10:08:54] : MEAS ESC ON
[10:10:05] : MEAS ESC OFF
[10:10:05] : AUTO RUNNING ON
[10:10:25] : AUTO RUNNING OFF
[10:10:48] : MEAS ESC ON
[10:10:53] : MEAS ESC OFF
[10:10:53] : AUTO RUNNING ON
[10:12:03] : REQUEST MEAS. ON
[10:12:10] : REQUEST MEAS. OFF
[10:12:10] : 측정요구 ON 2
[10:12:18] : 측정요구 2OFF
[10:12:18] : 61,20190122-101219,AL19011949281,,OK,MAX,1,2,AUTO,1.10,4.40,1.82,OK,1.10,4.40,1.68,OK,
[10:12:56] : REQUEST MEAS. ON
[10:13:03] : REQUEST MEAS. OFF
[10:13:03] : 측정요구 ON 2
[10:13:10] : 측정요구 2OFF
[10:13:10] : 61,20190122-101311,AL19011949251,,OK,MAX,1,2,AUTO,1.10,4.40,2.32,OK,1.10,4.40,1.90,OK,
[10:13:43] : REQUEST MEAS. ON
[10:13:51] : REQUEST MEAS. OFF
[10:13:51] : 측정요구 ON 2
[10:13:58] : 측정요구 2OFF
[10:13:58] : 61,20190122-101359,AL19011949301,,OK,MAX,1,2,AUTO,1.10,4.40,1.72,OK,1.10,4.40,1.68,OK,
[10:14:13] : 측정요구3 ON
[10:14:20] : 측정요구3 OFF
[10:14:20] : 측정요구4 ON
[10:14:27] : 측정요구4 OFF
[10:14:27] : 61,20190122-101428,AL19011949111,,NG,MAX,2,2,AUTO,1.10,4.40,0.40,NG,1.10,4.40,0.31,NG,
[10:14:45] : REQUEST MEAS. ON
[10:14:52] : REQUEST MEAS. OFF
[10:14:52] : 측정요구 ON 2
[10:14:59] : 측정요구 2OFF
[10:14:59] : 61,20190122-101500,AL19011949121,,OK,MAX,1,2,AUTO,1.10,4.40,2.53,OK,1.10,4.40,2.49,OK,
[10:17:11] : REQUEST MEAS. ON
[10:17:18] : REQUEST MEAS. OFF
[10:17:18] : 측정요구 ON 2
[10:17:25] : 측정요구 2OFF
[10:17:25] : 61,20190122-101726,AL19011949141,,OK,MAX,1,2,AUTO,1.10,4.40,1.92,OK,1.10,4.40,1.99,OK,
[10:17:57] : REQUEST MEAS. ON
[10:18:04] : REQUEST MEAS. OFF
[10:18:04] : 측정요구 ON 2
[10:18:12] : 측정요구 2OFF
[10:18:12] : 61,20190122-101812,AL19011949731,,OK,MAX,1,2,AUTO,1.10,4.40,2.32,OK,1.10,4.40,2.39,OK,
[10:22:39] : REQUEST MEAS. ON
[10:22:46] : REQUEST MEAS. OFF
[10:22:46] : 측정요구 ON 2
[10:22:54] : 측정요구 2OFF
[10:22:54] : 61,20190122-102254,AL19011949741,,OK,MAX,1,2,AUTO,1.10,4.40,1.61,OK,1.10,4.40,1.70,OK,
[10:23:09] : 측정요구3 ON
[10:23:16] : 측정요구3 OFF
[10:23:16] : 측정요구4 ON
[10:23:24] : 측정요구4 OFF
[10:23:24] : 61,20190122-102325,AL19011949701,,OK,MAX,2,3,AUTO,1.10,4.40,4.19,OK,1.10,4.40,3.53,OK,
[10:23:34] : REQUEST MEAS. ON
[10:23:41] : REQUEST MEAS. OFF
[10:23:41] : 측정요구 ON 2
[10:23:48] : 측정요구 2OFF
[10:23:48] : 61,20190122-102349,AL19011949711,,NG,MAX,1,2,AUTO,1.10,4.40,5.92,NG,1.10,4.40,5.49,NG,
[10:23:59] : 측정요구3 ON
[10:24:06] : 측정요구3 OFF
[10:24:06] : 측정요구4 ON
[10:24:13] : 측정요구4 OFF
[10:24:13] : 61,20190122-102414,AL19011949791,,NG,MAX,2,2,AUTO,1.10,4.40,4.59,NG,1.10,4.40,4.13,OK,
[10:24:23] : REQUEST MEAS. ON
[10:24:30] : REQUEST MEAS. OFF
[10:24:30] : 측정요구 ON 2
[10:24:37] : 측정요구 2OFF
[10:24:37] : 61,20190122-102438,AL19011949761,,NG,MAX,1,2,AUTO,1.10,4.40,4.50,NG,1.10,4.40,3.99,OK,
[10:24:48] : 측정요구3 ON
[10:24:55] : 측정요구3 OFF
[10:24:55] : 측정요구4 ON
[10:25:03] : 측정요구4 OFF
[10:25:03] : 61,20190122-102503,AL19011949781,,OK,MAX,2,3,AUTO,1.10,4.40,3.49,OK,1.10,4.40,3.03,OK,
[10:25:10] : REQUEST MEAS. ON
[10:25:17] : REQUEST MEAS. OFF
[10:25:17] : 측정요구 ON 2
[10:25:25] : 측정요구 2OFF
[10:25:25] : 61,20190122-102526,AL19011949821,,NG,MAX,1,2,AUTO,1.10,4.40,4.22,OK,1.10,4.40,4.49,NG,
[10:25:36] : 측정요구3 ON
[10:25:43] : 측정요구3 OFF
[10:25:43] : 측정요구4 ON
[10:25:50] : 측정요구4 OFF
[10:25:50] : 61,20190122-102551,AL19011840033,,OK,MAX,2,3,AUTO,1.10,4.40,1.90,OK,1.10,4.40,1.61,OK,
[10:26:18] : REQUEST MEAS. ON
[10:26:25] : REQUEST MEAS. OFF
[10:26:25] : 측정요구 ON 2
[10:26:32] : 측정요구 2OFF
[10:26:32] : 61,20190122-102633,AL19011949921,,OK,MAX,1,2,AUTO,1.10,4.40,3.52,OK,1.10,4.40,3.00,OK,
[10:26:38] : 측정요구3 ON
[10:26:45] : 측정요구3 OFF
[10:26:45] : 측정요구4 ON
[10:26:53] : 측정요구4 OFF
[10:26:53] : 61,20190122-102653,AL19011949891,,OK,MAX,2,3,AUTO,1.10,4.40,3.99,OK,1.10,4.40,3.32,OK,
[10:27:04] : REQUEST MEAS. ON
[10:27:11] : REQUEST MEAS. OFF
[10:27:11] : 측정요구 ON 2
[10:27:19] : 측정요구 2OFF
[10:27:19] : 61,20190122-102720,AL19011949901,,OK,MAX,1,2,AUTO,1.10,4.40,2.01,OK,1.10,4.40,2.29,OK,
[10:27:35] : 측정요구3 ON
[10:27:42] : 측정요구3 OFF
[10:27:42] : 측정요구4 ON
[10:27:49] : 측정요구4 OFF
[10:27:49] : 61,20190122-102750,AL19011949881,,OK,MAX,2,3,AUTO,1.10,4.40,2.91,OK,1.10,4.40,2.51,OK,
[10:27:58] : REQUEST MEAS. ON
[10:28:05] : REQUEST MEAS. OFF
[10:28:06] : 측정요구 ON 2
[10:28:13] : 측정요구 2OFF
[10:28:13] : 61,20190122-102813,AL19011949981,,OK,MAX,1,2,AUTO,1.10,4.40,4.02,OK,1.10,4.40,3.69,OK,
[10:28:30] : 측정요구3 ON
[10:28:37] : 측정요구3 OFF
[10:28:37] : 측정요구4 ON
[10:28:45] : 측정요구4 OFF
[10:28:45] : 61,20190122-102845,AL19011949961,,NG,MAX,2,2,AUTO,1.10,4.40,5.30,NG,1.10,4.40,4.32,OK,
[10:28:53] : REQUEST MEAS. ON
[10:29:00] : REQUEST MEAS. OFF
[10:29:00] : 측정요구 ON 2
[10:29:07] : 측정요구 2OFF
[10:29:07] : 61,20190122-102908,AL19011949951,,OK,MAX,1,2,AUTO,1.10,4.40,2.22,OK,1.10,4.40,2.29,OK,
[10:29:25] : 측정요구3 ON
[10:29:32] : 측정요구3 OFF
[10:29:32] : 측정요구4 ON
[10:29:39] : 측정요구4 OFF
[10:29:39] : 61,20190122-102940,AL19011949941,,OK,MAX,2,3,AUTO,1.10,4.40,4.10,OK,1.10,4.40,3.43,OK,
[10:29:49] : REQUEST MEAS. ON
[10:29:56] : REQUEST MEAS. OFF
[10:29:56] : 측정요구 ON 2
[10:30:03] : 측정요구 2OFF
[10:30:03] : 61,20190122-103004,AL19011949931,,OK,MAX,1,2,AUTO,1.10,4.40,3.52,OK,1.10,4.40,3.49,OK,
[10:30:21] : 측정요구3 ON
[10:30:28] : 측정요구3 OFF
[10:30:28] : 측정요구4 ON
[10:30:35] : 측정요구4 OFF
[10:30:35] : 61,20190122-103036,AL19011949911,,OK,MAX,2,3,AUTO,1.10,4.40,2.50,OK,1.10,4.40,2.21,OK,
[10:31:21] : REQUEST MEAS. ON
[10:31:29] : REQUEST MEAS. OFF
[10:31:29] : 측정요구 ON 2
[10:31:36] : 측정요구 2OFF
[10:31:36] : 61,20190122-103137,AL19011949351,,OK,MAX,1,2,AUTO,1.10,4.40,3.92,OK,1.10,4.40,3.78,OK,
[10:31:47] : 측정요구3 ON
[10:31:54] : 측정요구3 OFF
[10:31:54] : 측정요구4 ON
[10:32:02] : 측정요구4 OFF
[10:32:02] : 61,20190122-103202,AL19011949341,,OK,MAX,2,3,AUTO,1.10,4.40,2.70,OK,1.10,4.40,1.92,OK,
[10:32:20] : REQUEST MEAS. ON
[10:32:27] : REQUEST MEAS. OFF
[10:32:27] : 측정요구 ON 2
[10:32:35] : 측정요구 2OFF
[10:32:35] : 61,20190122-103236,AL19011949311,,OK,MAX,1,2,AUTO,1.10,4.40,2.12,OK,1.10,4.40,2.20,OK,
[10:32:52] : 측정요구3 ON
[10:32:59] : 측정요구3 OFF
[10:32:59] : 측정요구4 ON
[10:33:07] : 측정요구4 OFF
[10:33:07] : 61,20190122-103307,AL19011949291,,OK,MAX,2,3,AUTO,1.10,4.40,2.40,OK,1.10,4.40,2.11,OK,
[10:33:16] : REQUEST MEAS. ON
[10:33:23] : REQUEST MEAS. OFF
[10:33:23] : 측정요구 ON 2
[10:33:31] : 측정요구 2OFF
[10:33:31] : 61,20190122-103331,AL19011949361,,OK,MAX,1,2,AUTO,1.10,4.40,3.31,OK,1.10,4.40,3.50,OK,
[10:33:48] : 측정요구3 ON
[10:33:55] : 측정요구3 OFF
[10:33:55] : 측정요구4 ON
[10:34:03] : 측정요구4 OFF
[10:34:03] : 61,20190122-103403,AL19011949371,,OK,MAX,2,3,AUTO,1.10,4.40,3.89,OK,1.10,4.40,2.92,OK,
[10:34:10] : REQUEST MEAS. ON
[10:34:17] : REQUEST MEAS. OFF
[10:34:18] : 측정요구 ON 2
[10:34:25] : 측정요구 2OFF
[10:34:25] : 61,20190122-103426,AL19011949331,,OK,MAX,1,2,AUTO,1.10,4.40,3.11,OK,1.10,4.40,3.00,OK,
[10:34:43] : 측정요구3 ON
[10:34:50] : 측정요구3 OFF
[10:34:50] : 측정요구4 ON
[10:34:57] : 측정요구4 OFF
[10:34:57] : 61,20190122-103458,AL19011949391,,NG,MAX,2,2,AUTO,1.10,4.40,4.48,NG,1.10,4.40,3.43,OK,
[10:35:05] : REQUEST MEAS. ON
[10:35:12] : REQUEST MEAS. OFF
[10:35:12] : 측정요구 ON 2
[10:35:20] : 측정요구 2OFF
[10:35:20] : 61,20190122-103520,AL19011949381,,OK,MAX,1,2,AUTO,1.10,4.40,3.52,OK,1.10,4.40,3.10,OK,
[10:36:15] : REQUEST MEAS. ON
[10:36:23] : REQUEST MEAS. OFF
[10:36:23] : 측정요구 ON 2
[10:36:30] : 측정요구 2OFF
[10:36:30] : 61,20190122-103631,AL19011840043,,OK,MAX,1,2,AUTO,1.10,4.40,2.51,OK,1.10,4.40,2.60,OK,
[10:36:42] : 측정요구3 ON
[10:36:49] : 측정요구3 OFF
[10:36:49] : 측정요구4 ON
[10:36:57] : 측정요구4 OFF
[10:36:57] : 61,20190122-103657,AL19011840063,,OK,MAX,2,3,AUTO,1.10,4.40,4.20,OK,1.10,4.40,3.22,OK,
[10:37:12] : REQUEST MEAS. ON
[10:37:19] : REQUEST MEAS. OFF
[10:37:19] : 측정요구 ON 2
[10:37:27] : 측정요구 2OFF
[10:37:27] : 61,20190122-103727,AL19011840073,,OK,MAX,1,2,AUTO,1.10,4.40,1.71,OK,1.10,4.40,1.99,OK,
[10:39:53] : REQUEST MEAS. ON
[10:40:00] : REQUEST MEAS. OFF
[10:40:00] : 측정요구 ON 2
[10:40:07] : 측정요구 2OFF
[10:40:07] : 61,20190122-104007,AL19011840083,,OK,MAX,1,2,AUTO,1.10,4.40,2.32,OK,1.10,4.40,2.29,OK,
[10:40:16] : 측정요구3 ON
[10:40:23] : 측정요구3 OFF
[10:40:23] : 측정요구4 ON
[10:40:31] : 측정요구4 OFF
[10:40:31] : 61,20190122-104031,AL19011840093,,OK,MAX,2,3,AUTO,1.10,4.40,3.49,OK,1.10,4.40,2.82,OK,
[10:41:23] : REQUEST MEAS. ON
[10:41:30] : REQUEST MEAS. OFF
[10:41:30] : 측정요구 ON 2
[10:41:38] : 측정요구 2OFF
[10:41:38] : 61,20190122-104138,AL19011949971,,OK,MAX,1,2,AUTO,1.10,4.40,1.71,OK,1.10,4.40,1.99,OK,
[10:41:49] : 측정요구3 ON
[10:41:56] : 측정요구3 OFF
[10:41:56] : 측정요구4 ON
[10:42:03] : 측정요구4 OFF
[10:42:03] : 61,20190122-104204,AL19011840103,,OK,MAX,2,3,AUTO,1.10,4.40,2.71,OK,1.10,4.40,2.00,OK,
[10:42:14] : REQUEST MEAS. ON
[10:42:21] : REQUEST MEAS. OFF
[10:42:21] : 측정요구 ON 2
[10:42:28] : 측정요구 2OFF
[10:42:28] : 61,20190122-104229,AL19011840123,,OK,MAX,1,2,AUTO,1.10,4.40,2.72,OK,1.10,4.40,2.49,OK,
[10:42:44] : 측정요구3 ON
[10:42:52] : 측정요구3 OFF
[10:42:52] : 측정요구4 ON
[10:42:59] : 측정요구4 OFF
[10:42:59] : 61,20190122-104259,AL19011840273,,OK,MAX,2,3,AUTO,1.10,4.40,3.70,OK,1.10,4.40,2.61,OK,
[10:43:32] : REQUEST MEAS. ON
[10:43:39] : REQUEST MEAS. OFF
[10:43:39] : 측정요구 ON 2
[10:43:47] : 측정요구 2OFF
[10:43:47] : 61,20190122-104348,AL19011840223,,OK,MAX,1,2,AUTO,1.10,4.40,2.32,OK,1.10,4.40,2.39,OK,
[10:43:54] : 측정요구3 ON
[10:44:01] : 측정요구3 OFF
[10:44:01] : 측정요구4 ON
[10:44:08] : 측정요구4 OFF
[10:44:08] : 61,20190122-104408,AL19011840243,,OK,MAX,2,3,AUTO,1.10,4.40,2.31,OK,1.10,4.40,2.00,OK,
[10:44:19] : REQUEST MEAS. ON
[10:44:26] : REQUEST MEAS. OFF
[10:44:26] : 측정요구 ON 2
[10:44:34] : 측정요구 2OFF
[10:44:34] : 61,20190122-104435,AL19011840253,,OK,MAX,1,2,AUTO,1.10,4.40,1.51,OK,1.10,4.40,1.59,OK,
[10:45:14] : REQUEST MEAS. ON
[10:45:21] : REQUEST MEAS. OFF
[10:45:21] : 측정요구 ON 2
[10:45:28] : 측정요구 2OFF
[10:45:28] : 61,20190122-104529,AL19011840433,,OK,MAX,1,2,AUTO,1.10,4.40,1.71,OK,1.10,4.40,1.99,OK,
[10:45:47] : 측정요구3 ON
[10:45:54] : 측정요구3 OFF
[10:45:54] : 측정요구4 ON
[10:46:01] : 측정요구4 OFF
[10:46:01] : 61,20190122-104602,AL19011840413,,OK,MAX,2,3,AUTO,1.10,4.40,2.40,OK,1.10,4.40,2.00,OK,
[10:46:35] : REQUEST MEAS. ON
[10:46:42] : REQUEST MEAS. OFF
[10:46:42] : 측정요구 ON 2
[10:46:50] : 측정요구 2OFF
[10:46:50] : 61,20190122-104650,AL19011840293,,NG,MAX,1,0,AUTO,1.10,4.40,0.09,NG,1.10,4.40,0.38,NG,
[10:47:21] : REQUEST MEAS. ON
[10:47:28] : REQUEST MEAS. OFF
[10:47:28] : 측정요구 ON 2
[10:47:36] : 측정요구 2OFF
[10:47:36] : 61,20190122-104737,AL19011840283,,OK,MAX,1,2,AUTO,1.10,4.40,4.02,OK,1.10,4.40,3.69,OK,
[10:47:47] : 측정요구3 ON
[10:47:54] : 측정요구3 OFF
[10:47:55] : 측정요구4 ON
[10:48:02] : 측정요구4 OFF
[10:48:02] : 61,20190122-104802,AL19011840343,,OK,MAX,2,3,AUTO,1.10,4.40,3.10,OK,1.10,4.40,2.61,OK,
[10:48:33] : REQUEST MEAS. ON
[10:48:41] : REQUEST MEAS. OFF
[10:48:41] : 측정요구 ON 2
[10:48:48] : 측정요구 2OFF
[10:48:48] : 61,20190122-104849,AL19011840353,,OK,MAX,1,2,AUTO,1.10,4.40,1.92,OK,1.10,4.40,1.90,OK,
[10:48:57] : 측정요구3 ON
[10:49:04] : 측정요구3 OFF
[10:49:04] : 측정요구4 ON
[10:49:11] : 측정요구4 OFF
[10:49:11] : 61,20190122-104912,AL19011840333,,OK,MAX,2,3,AUTO,1.10,4.40,2.91,OK,1.10,4.40,2.71,OK,
[10:49:24] : REQUEST MEAS. ON
[10:49:31] : REQUEST MEAS. OFF
[10:49:31] : 측정요구 ON 2
[10:49:39] : 측정요구 2OFF
[10:49:39] : 61,20190122-104939,AL19011840313,,OK,MAX,1,2,AUTO,1.10,4.40,2.01,OK,1.10,4.40,1.79,OK,
[10:49:54] : 측정요구3 ON
[10:50:02] : 측정요구3 OFF
[10:50:02] : 측정요구4 ON
[10:50:09] : 측정요구4 OFF
[10:50:09] : 61,20190122-105010,AL19011840323,,OK,MAX,2,3,AUTO,1.10,4.40,2.11,OK,1.10,4.40,2.00,OK,
[10:52:56] : REQUEST MEAS. ON
[10:53:03] : REQUEST MEAS. OFF
[10:53:03] : 측정요구 ON 2
[10:53:11] : 측정요구 2OFF
[10:53:11] : 61,20190122-105312,AL19011840403,,OK,MAX,1,2,AUTO,1.10,4.40,2.22,OK,1.10,4.40,2.29,OK,
[10:53:11] : 측정요구3 ON
[10:53:19] : 측정요구3 OFF
[10:53:19] : 측정요구4 ON
[10:53:26] : 측정요구4 OFF
[10:53:26] : 61,20190122-105327,AL19011840393,,OK,MAX,2,3,AUTO,1.10,4.40,2.40,OK,1.10,4.40,2.40,OK,
[10:53:56] : REQUEST MEAS. ON
[10:54:03] : REQUEST MEAS. OFF
[10:54:04] : 측정요구 ON 2
[10:54:11] : 측정요구 2OFF
[10:54:11] : 61,20190122-105411,AL19011840373,,NG,MAX,1,0,AUTO,1.10,4.40,0.31,NG,1.10,4.40,0.59,NG,
[10:54:11] : 측정요구3 ON
[10:54:18] : 측정요구3 OFF
[10:54:18] : 측정요구4 ON
[10:54:26] : 측정요구4 OFF
[10:54:26] : 61,20190122-105427,AL19011840383,,OK,MAX,2,3,AUTO,1.10,4.40,2.61,OK,1.10,4.40,2.51,OK,
[11:00:18] : AUTO RUNNING OFF
[11:00:31] : PROGRAM END
 
[11:00:34] : PROGRAM START
[11:00:47] : AUTO RUNNING OFF
[11:00:47] : REQUEST MEAS. OFF
[11:00:47] : REQUEST ZEROSET OFF
[11:00:47] : REQUEST ZEROSET OFF
 
[13:50:50] : PROGRAM START
[13:51:03] : AUTO RUNNING ON
[13:51:03] : REQUEST MEAS. OFF
[13:51:03] : REQUEST ZEROSET OFF
[13:51:03] : REQUEST ZEROSET OFF
[13:51:03] : 측정요구4 ON
[13:51:10] : 측정요구4 OFF
[13:51:10] : 61,20190122-135111,AL19011931361,,NG,MAX,2,2,AUTO,1.10,4.40,0.00,NG,1.10,4.40,2.00,OK,
[13:51:36] : REQUEST MEAS. ON
[13:51:43] : REQUEST MEAS. OFF
[13:51:43] : 측정요구 ON 2
[13:51:50] : 측정요구 2OFF
[13:51:50] : 61,20190122-135150,AL19011931371,,OK,MAX,1,2,AUTO,1.10,4.40,2.00,OK,1.10,4.40,2.31,OK,
[13:51:50] : 측정요구3 ON
[13:51:57] : 측정요구3 OFF
[13:51:57] : 측정요구4 ON
[13:52:05] : 측정요구4 OFF
[13:52:05] : 61,20190122-135206,AL19011931381,,OK,MAX,2,3,AUTO,1.10,4.40,2.00,OK,1.10,4.40,1.71,OK,
[13:52:30] : REQUEST MEAS. ON
[13:52:37] : REQUEST MEAS. OFF
[13:52:37] : 측정요구 ON 2
[13:52:44] : 측정요구 2OFF
[13:52:44] : 61,20190122-135244,AL19011931391,,OK,MAX,1,2,AUTO,1.10,4.40,1.89,OK,1.10,4.40,2.21,OK,
[13:52:44] : 측정요구3 ON
[13:52:52] : 측정요구3 OFF
[13:52:52] : 측정요구4 ON
[13:52:59] : 측정요구4 OFF
[13:52:59] : 61,20190122-135300,AL19011931401,,OK,MAX,2,3,AUTO,1.10,4.40,1.60,OK,1.10,4.40,1.21,OK,
[13:53:24] : REQUEST MEAS. ON
[13:53:31] : REQUEST MEAS. OFF
[13:53:31] : 측정요구 ON 2
[13:53:38] : 측정요구 2OFF
[13:53:38] : 61,20190122-135339,AL19011934823,,OK,MAX,1,2,AUTO,1.10,4.40,1.70,OK,1.10,4.40,1.92,OK,
[13:53:38] : 측정요구3 ON
[13:53:46] : 측정요구3 OFF
[13:53:46] : 측정요구4 ON
[13:53:53] : 측정요구4 OFF
[13:53:53] : 61,20190122-135354,AL19011934833,,OK,MAX,2,3,AUTO,1.10,4.40,3.10,OK,1.10,4.40,2.42,OK,
[13:54:18] : REQUEST MEAS. ON
[13:54:25] : REQUEST MEAS. OFF
[13:54:25] : 측정요구 ON 2
[13:54:33] : 측정요구 2OFF
[13:54:33] : 61,20190122-135433,AL19011934853,,OK,MAX,1,2,AUTO,1.10,4.40,2.20,OK,1.10,4.40,2.31,OK,
[13:54:33] : 측정요구3 ON
[13:54:40] : 측정요구3 OFF
[13:54:40] : 측정요구4 ON
[13:54:48] : 측정요구4 OFF
[13:54:48] : 61,20190122-135448,AL19011934843,,OK,MAX,2,3,AUTO,1.10,4.40,2.50,OK,1.10,4.40,1.82,OK,
[13:55:12] : REQUEST MEAS. ON
[13:55:20] : REQUEST MEAS. OFF
[13:55:20] : 측정요구 ON 2
[13:55:27] : 측정요구 2OFF
[13:55:27] : 61,20190122-135527,AL19011934863,,OK,MAX,1,2,AUTO,1.10,4.40,2.21,OK,1.10,4.40,2.31,OK,
[13:55:27] : 측정요구3 ON
[13:55:34] : 측정요구3 OFF
[13:55:34] : 측정요구4 ON
[13:55:42] : 측정요구4 OFF
[13:55:42] : 61,20190122-135542,AL19011934903,,OK,MAX,2,3,AUTO,1.10,4.40,3.20,OK,1.10,4.40,2.42,OK,
[13:56:06] : REQUEST MEAS. ON
[13:56:13] : REQUEST MEAS. OFF
[13:56:13] : 측정요구 ON 2
[13:56:21] : 측정요구 2OFF
[13:56:21] : 61,20190122-135621,AL19011934893,,OK,MAX,1,2,AUTO,1.10,4.40,2.21,OK,1.10,4.40,2.40,OK,
[13:56:21] : 측정요구3 ON
[13:56:28] : 측정요구3 OFF
[13:56:28] : 측정요구4 ON
[13:56:36] : 측정요구4 OFF
[13:56:36] : 61,20190122-135637,AL19011934913,,OK,MAX,2,3,AUTO,1.10,4.40,2.99,OK,1.10,4.40,2.61,OK,
[13:57:01] : REQUEST MEAS. ON
[13:57:08] : REQUEST MEAS. OFF
[13:57:08] : 측정요구 ON 2
[13:57:15] : 측정요구 2OFF
[13:57:15] : 61,20190122-135715,AL19011934923,,OK,MAX,1,2,AUTO,1.10,4.40,2.71,OK,1.10,4.40,2.82,OK,
[13:57:15] : 측정요구3 ON
[13:57:23] : 측정요구3 OFF
[13:57:23] : 측정요구4 ON
[13:57:30] : 측정요구4 OFF
[13:57:30] : 61,20190122-135731,AL19011934933,,OK,MAX,2,3,AUTO,1.10,4.40,2.40,OK,1.10,4.40,2.21,OK,
[13:57:55] : REQUEST MEAS. ON
[13:58:02] : REQUEST MEAS. OFF
[13:58:02] : 측정요구 ON 2
[13:58:09] : 측정요구 2OFF
[13:58:09] : 61,20190122-135809,AL19011934943,,OK,MAX,1,2,AUTO,1.10,4.40,1.79,OK,1.10,4.40,2.00,OK,
[13:58:09] : 측정요구3 ON
[13:58:16] : 측정요구3 OFF
[13:58:16] : 측정요구4 ON
[13:58:24] : 측정요구4 OFF
[13:58:24] : 61,20190122-135824,AL19011934953,,OK,MAX,2,3,AUTO,1.10,4.40,2.10,OK,1.10,4.40,1.92,OK,
[13:59:01] : REQUEST MEAS. ON
[13:59:08] : REQUEST MEAS. OFF
[13:59:08] : 측정요구 ON 2
[13:59:15] : 측정요구 2OFF
[13:59:15] : 61,20190122-135916,AL19011934963,,OK,MAX,1,2,AUTO,1.10,4.40,3.39,OK,1.10,4.40,2.51,OK,
[13:59:15] : 측정요구3 ON
[13:59:23] : 측정요구3 OFF
[13:59:23] : 측정요구4 ON
[13:59:30] : 측정요구4 OFF
[13:59:30] : 61,20190122-135931,AL19011934983,,OK,MAX,2,3,AUTO,1.10,4.40,3.59,OK,1.10,4.40,2.71,OK,
[14:00:06] : REQUEST MEAS. ON
[14:00:13] : REQUEST MEAS. OFF
[14:00:13] : 측정요구 ON 2
[14:00:20] : 측정요구 2OFF
[14:00:20] : 61,20190122-140021,AL19011934973,,OK,MAX,1,2,AUTO,1.10,4.40,2.31,OK,1.10,4.40,2.50,OK,
[14:00:20] : 측정요구3 ON
[14:00:28] : 측정요구3 OFF
[14:00:28] : 측정요구4 ON
[14:00:36] : 측정요구4 OFF
[14:00:36] : 61,20190122-140036,AL19011934883,,OK,MAX,2,3,AUTO,1.10,4.40,2.61,OK,1.10,4.40,2.11,OK,
[14:01:11] : REQUEST MEAS. ON
[14:01:18] : REQUEST MEAS. OFF
[14:01:18] : 측정요구3 ON
[14:01:18] : 측정요구 ON 2
[14:01:25] : 측정요구 2OFF
[14:01:25] : 측정요구3 OFF
[14:01:25] : 61,20190122-140126,AL19011935003,,OK,MAX,1,2,AUTO,1.10,4.40,2.71,OK,1.10,4.40,2.91,OK,
[14:01:25] : 측정요구4 ON
[14:01:33] : 측정요구4 OFF
[14:01:33] : 61,20190122-140134,AL19011935003,,OK,MAX,2,3,AUTO,1.10,4.40,2.61,OK,1.10,4.40,2.00,OK,
[14:02:09] : REQUEST MEAS. ON
[14:02:16] : REQUEST MEAS. OFF
[14:02:16] : 측정요구 ON 2
[14:02:23] : 측정요구 2OFF
[14:02:23] : 61,20190122-140224,AL19011935013,,OK,MAX,1,2,AUTO,1.10,4.40,1.70,OK,1.10,4.40,1.90,OK,
[14:02:23] : 측정요구3 ON
[14:02:31] : 측정요구3 OFF
[14:02:31] : 측정요구4 ON
[14:02:38] : 측정요구4 OFF
[14:02:38] : 61,20190122-140239,AL19011934873,,OK,MAX,2,3,AUTO,1.10,4.40,2.00,OK,1.10,4.40,1.92,OK,
[14:03:04] : REQUEST MEAS. ON
[14:03:11] : REQUEST MEAS. OFF
[14:03:12] : 측정요구 ON 2
[14:03:19] : 측정요구 2OFF
[14:03:19] : 61,20190122-140320,AL19011934723,,OK,MAX,1,2,AUTO,1.10,4.40,2.00,OK,1.10,4.40,2.21,OK,
[14:03:19] : 측정요구3 ON
[14:03:27] : 측정요구3 OFF
[14:03:27] : 측정요구4 ON
[14:03:34] : 측정요구4 OFF
[14:03:34] : 61,20190122-140335,AL19011934733,,OK,MAX,2,3,AUTO,1.10,4.40,3.10,OK,1.10,4.40,2.51,OK,
[14:04:10] : REQUEST MEAS. ON
[14:04:17] : REQUEST MEAS. OFF
[14:04:17] : 측정요구 ON 2
[14:04:24] : 측정요구 2OFF
[14:04:24] : 61,20190122-140424,AL19011934743,,OK,MAX,1,2,AUTO,1.10,4.40,1.50,OK,1.10,4.40,1.81,OK,
[14:04:24] : 측정요구3 ON
[14:04:31] : 측정요구3 OFF
[14:04:31] : 측정요구4 ON
[14:04:39] : 측정요구4 OFF
[14:04:39] : 61,20190122-140440,AL19011934753,,OK,MAX,2,3,AUTO,1.10,4.40,2.31,OK,1.10,4.40,2.00,OK,
[14:05:15] : REQUEST MEAS. ON
[14:05:22] : REQUEST MEAS. OFF
[14:05:22] : 측정요구 ON 2
[14:05:29] : 측정요구 2OFF
[14:05:29] : 61,20190122-140530,AL19011934773,,OK,MAX,1,2,AUTO,1.10,4.40,2.31,OK,1.10,4.40,2.51,OK,
[14:05:29] : 측정요구3 ON
[14:05:37] : 측정요구3 OFF
[14:05:37] : 측정요구4 ON
[14:05:44] : 측정요구4 OFF
[14:05:44] : 61,20190122-140545,AL19011934793,,OK,MAX,2,3,AUTO,1.10,4.40,3.00,OK,1.10,4.40,2.72,OK,
[14:06:09] : REQUEST MEAS. ON
[14:06:16] : REQUEST MEAS. OFF
[14:06:16] : 측정요구 ON 2
[14:06:23] : 측정요구 2OFF
[14:06:23] : 61,20190122-140624,AL19011934783,,OK,MAX,1,2,AUTO,1.10,4.40,1.49,OK,1.10,4.40,1.82,OK,
[14:06:23] : 측정요구3 ON
[14:06:31] : 측정요구3 OFF
[14:06:31] : 측정요구4 ON
[14:06:39] : 측정요구4 OFF
[14:06:39] : 61,20190122-140639,AL19011934803,,OK,MAX,2,3,AUTO,1.10,4.40,2.31,OK,1.10,4.40,2.00,OK,
[14:07:03] : REQUEST MEAS. ON
[14:07:10] : REQUEST MEAS. OFF
[14:07:10] : 측정요구 ON 2
[14:07:18] : 측정요구 2OFF
[14:07:18] : 61,20190122-140718,AL19011934813,,OK,MAX,1,2,AUTO,1.10,4.40,2.40,OK,1.10,4.40,2.61,OK,
[14:07:18] : 측정요구3 ON
[14:07:26] : 측정요구3 OFF
[14:07:26] : 측정요구4 ON
[14:07:33] : 측정요구4 OFF
[14:07:33] : 61,20190122-140734,AL19011934763,,OK,MAX,2,3,AUTO,1.10,4.40,2.31,OK,1.10,4.40,1.51,OK,
[14:08:09] : REQUEST MEAS. ON
[14:08:16] : REQUEST MEAS. OFF
[14:08:16] : 측정요구 ON 2
[14:08:23] : 측정요구 2OFF
[14:08:23] : 61,20190122-140823,AL19011937213,,OK,MAX,1,2,AUTO,1.10,4.40,1.60,OK,1.10,4.40,1.50,OK,
[14:08:23] : 측정요구3 ON
[14:08:30] : 측정요구3 OFF
[14:08:30] : 측정요구4 ON
[14:08:38] : 측정요구4 OFF
[14:08:38] : 61,20190122-140838,AL19011936913,,OK,MAX,2,3,AUTO,1.10,4.40,3.30,OK,1.10,4.40,3.02,OK,
[14:09:14] : REQUEST MEAS. ON
[14:09:21] : REQUEST MEAS. OFF
[14:09:21] : 측정요구 ON 2
[14:09:29] : 측정요구 2OFF
[14:09:29] : 61,20190122-140930,AL19011936923,,OK,MAX,1,2,AUTO,1.10,4.40,2.00,OK,1.10,4.40,1.71,OK,
[14:09:29] : 측정요구3 ON
[14:09:37] : 측정요구3 OFF
[14:09:37] : 측정요구4 ON
[14:09:44] : 측정요구4 OFF
[14:09:44] : 61,20190122-140945,AL19011936933,,OK,MAX,2,3,AUTO,1.10,4.40,3.39,OK,1.10,4.40,3.12,OK,
[14:10:20] : REQUEST MEAS. ON
[14:10:27] : REQUEST MEAS. OFF
[14:10:27] : 측정요구 ON 2
[14:10:34] : 측정요구 2OFF
[14:10:34] : 61,20190122-141035,AL19011936903,,OK,MAX,1,2,AUTO,1.10,4.40,1.89,OK,1.10,4.40,1.82,OK,
[14:10:34] : 측정요구3 ON
[14:10:42] : 측정요구3 OFF
[14:10:42] : 측정요구4 ON
[14:10:50] : 측정요구4 OFF
[14:10:50] : 61,20190122-141050,AL19011937233,,OK,MAX,2,3,AUTO,1.10,4.40,3.00,OK,1.10,4.40,2.11,OK,
[14:11:25] : REQUEST MEAS. ON
[14:11:32] : REQUEST MEAS. OFF
[14:11:32] : 측정요구 ON 2
[14:11:39] : 측정요구 2OFF
[14:11:39] : 61,20190122-141140,AL19011937013,,OK,MAX,1,2,AUTO,1.10,4.40,2.50,OK,1.10,4.40,2.21,OK,
[14:11:39] : 측정요구3 ON
[14:11:47] : 측정요구3 OFF
[14:11:47] : 측정요구4 ON
[14:11:55] : 측정요구4 OFF
[14:11:55] : 61,20190122-141155,AL19011937023,,OK,MAX,2,3,AUTO,1.10,4.40,2.71,OK,1.10,4.40,2.82,OK,
[14:12:30] : REQUEST MEAS. ON
[14:12:37] : REQUEST MEAS. OFF
[14:12:37] : 측정요구 ON 2
[14:12:44] : 측정요구 2OFF
[14:12:44] : 61,20190122-141245,AL19011937033,,OK,MAX,1,2,AUTO,1.10,4.40,2.71,OK,1.10,4.40,2.61,OK,
[14:12:44] : 측정요구3 ON
[14:12:52] : 측정요구3 OFF
[14:12:52] : 측정요구4 ON
[14:13:00] : 측정요구4 OFF
[14:13:00] : 61,20190122-141300,AL19011937043,,OK,MAX,2,3,AUTO,1.10,4.40,2.31,OK,1.10,4.40,2.00,OK,
[14:13:34] : REQUEST MEAS. ON
[14:13:42] : REQUEST MEAS. OFF
[14:13:42] : 측정요구 ON 2
[14:13:49] : 측정요구 2OFF
[14:13:49] : 61,20190122-141350,AL19011937243,,OK,MAX,1,2,AUTO,1.10,4.40,2.60,OK,1.10,4.40,2.61,OK,
[14:13:49] : 측정요구3 ON
[14:13:57] : 측정요구3 OFF
[14:13:57] : 측정요구4 ON
[14:14:04] : 측정요구4 OFF
[14:14:04] : 61,20190122-141405,AL19011937253,,OK,MAX,2,3,AUTO,1.10,4.40,2.51,OK,1.10,4.40,2.21,OK,
[14:14:30] : REQUEST MEAS. ON
[14:14:37] : REQUEST MEAS. OFF
[14:14:38] : 측정요구 ON 2
[14:14:45] : 측정요구 2OFF
[14:14:45] : 61,20190122-141446,AL19011937663,,OK,MAX,1,2,AUTO,1.10,4.40,2.10,OK,1.10,4.40,2.21,OK,
[14:14:45] : 측정요구3 ON
[14:14:53] : 측정요구3 OFF
[14:14:53] : 측정요구4 ON
[14:15:00] : 측정요구4 OFF
[14:15:00] : 61,20190122-141501,AL19011937263,,OK,MAX,2,3,AUTO,1.10,4.40,2.81,OK,1.10,4.40,2.11,OK,
[14:15:36] : REQUEST MEAS. ON
[14:15:43] : REQUEST MEAS. OFF
[14:15:43] : 측정요구 ON 2
[14:15:50] : 측정요구 2OFF
[14:15:50] : 61,20190122-141551,AL19011937223,,OK,MAX,1,2,AUTO,1.10,4.40,1.70,OK,1.10,4.40,1.51,OK,
[14:15:50] : 측정요구3 ON
[14:15:58] : 측정요구3 OFF
[14:15:58] : 측정요구4 ON
[14:16:05] : 측정요구4 OFF
[14:16:05] : 61,20190122-141606,AL19011937083,,OK,MAX,2,3,AUTO,1.10,4.40,1.60,OK,1.10,4.40,1.60,OK,
[14:16:41] : REQUEST MEAS. ON
[14:16:48] : REQUEST MEAS. OFF
[14:16:48] : 측정요구 ON 2
[14:16:55] : 측정요구 2OFF
[14:16:55] : 61,20190122-141656,AL19011937093,,OK,MAX,1,2,AUTO,1.10,4.40,2.80,OK,1.10,4.40,2.82,OK,
[14:16:55] : 측정요구3 ON
[14:17:03] : 측정요구3 OFF
[14:17:03] : 측정요구4 ON
[14:17:10] : 측정요구4 OFF
[14:17:10] : 61,20190122-141711,AL19011937103,,OK,MAX,2,3,AUTO,1.10,4.40,2.61,OK,1.10,4.40,2.01,OK,
[14:17:46] : REQUEST MEAS. ON
[14:17:53] : REQUEST MEAS. OFF
[14:17:53] : 측정요구 ON 2
[14:18:00] : 측정요구 2OFF
[14:18:00] : 61,20190122-141801,AL19011937153,,OK,MAX,1,2,AUTO,1.10,4.40,2.50,OK,1.10,4.40,2.61,OK,
[14:18:00] : 측정요구3 ON
[14:18:08] : 측정요구3 OFF
[14:18:08] : 측정요구4 ON
[14:18:15] : 측정요구4 OFF
[14:18:15] : 61,20190122-141816,AL19011937163,,OK,MAX,2,3,AUTO,1.10,4.40,2.50,OK,1.10,4.40,2.21,OK,
[14:18:51] : REQUEST MEAS. ON
[14:18:58] : REQUEST MEAS. OFF
[14:18:58] : 측정요구3 ON
[14:18:58] : 측정요구 ON 2
[14:19:05] : 측정요구 2OFF
[14:19:05] : 측정요구3 OFF
[14:19:05] : 61,20190122-141906,AL19011932001,,OK,MAX,1,2,AUTO,1.10,4.40,2.31,OK,1.10,4.40,2.31,OK,
[14:19:05] : 측정요구4 ON
[14:19:13] : 측정요구4 OFF
[14:19:13] : 61,20190122-141913,AL19011932001,,NG,MAX,2,2,AUTO,1.10,4.40,2.50,OK,1.10,4.40,14.94,NG,
[14:19:52] : REQUEST MEAS. ON
[14:20:00] : REQUEST MEAS. OFF
[14:20:00] : 측정요구 ON 2
[14:20:08] : 측정요구 2OFF
[14:20:08] : 61,20190122-142008,AL19011932031,,OK,MAX,1,2,AUTO,1.10,4.40,2.00,OK,1.10,4.40,1.92,OK,
[14:20:08] : 측정요구3 ON
[14:20:15] : 측정요구3 OFF
[14:20:15] : 측정요구4 ON
[14:20:23] : 측정요구4 OFF
[14:20:23] : 61,20190122-142023,AL19011932011,,OK,MAX,2,3,AUTO,1.10,4.40,2.31,OK,1.10,4.40,1.82,OK,
[14:20:58] : REQUEST MEAS. ON
[14:21:05] : REQUEST MEAS. OFF
[14:21:05] : 측정요구 ON 2
[14:21:12] : 측정요구 2OFF
[14:21:12] : 61,20190122-142113,AL19011932051,,OK,MAX,1,2,AUTO,1.10,4.40,3.39,OK,1.10,4.40,3.11,OK,
[14:21:12] : 측정요구3 ON
[14:21:20] : 측정요구3 OFF
[14:21:20] : 측정요구4 ON
[14:21:28] : 측정요구4 OFF
[14:21:28] : 61,20190122-142128,AL19011932041,,OK,MAX,2,3,AUTO,1.10,4.40,2.61,OK,1.10,4.40,2.31,OK,
[14:22:04] : REQUEST MEAS. ON
[14:22:11] : REQUEST MEAS. OFF
[14:22:11] : 측정요구 ON 2
[14:22:19] : 측정요구 2OFF
[14:22:19] : 61,20190122-142219,AL19011932071,,OK,MAX,1,2,AUTO,1.10,4.40,3.59,OK,1.10,4.40,2.92,OK,
[14:22:19] : 측정요구3 ON
[14:22:27] : 측정요구3 OFF
[14:22:27] : 측정요구4 ON
[14:22:34] : 측정요구4 OFF
[14:22:34] : 61,20190122-142235,AL19011932081,,OK,MAX,2,3,AUTO,1.10,4.40,2.91,OK,1.10,4.40,2.51,OK,
[14:23:10] : REQUEST MEAS. ON
[14:23:17] : REQUEST MEAS. OFF
[14:23:17] : 측정요구 ON 2
[14:23:24] : 측정요구 2OFF
[14:23:24] : 61,20190122-142325,AL19011932091,,OK,MAX,1,2,AUTO,1.10,4.40,1.79,OK,1.10,4.40,1.81,OK,
[14:23:24] : 측정요구3 ON
[14:23:32] : 측정요구3 OFF
[14:23:32] : 측정요구4 ON
[14:23:39] : 측정요구4 OFF
[14:23:39] : 61,20190122-142340,AL19011932101,,OK,MAX,2,3,AUTO,1.10,4.40,2.71,OK,1.10,4.40,1.90,OK,
[14:24:15] : REQUEST MEAS. ON
[14:24:22] : REQUEST MEAS. OFF
[14:24:22] : 측정요구 ON 2
[14:24:29] : 측정요구 2OFF
[14:24:29] : 61,20190122-142430,AL19011931411,,OK,MAX,1,2,AUTO,1.10,4.40,2.40,OK,1.10,4.40,2.40,OK,
[14:24:29] : 측정요구3 ON
[14:24:37] : 측정요구3 OFF
[14:24:37] : 측정요구4 ON
[14:24:44] : 측정요구4 OFF
[14:24:44] : 61,20190122-142445,AL19011931431,,OK,MAX,2,3,AUTO,1.10,4.40,2.50,OK,1.10,4.40,2.42,OK,
[14:25:20] : REQUEST MEAS. ON
[14:25:27] : REQUEST MEAS. OFF
[14:25:27] : 측정요구 ON 2
[14:25:34] : 측정요구 2OFF
[14:25:34] : 61,20190122-142534,AL19011931451,,OK,MAX,1,2,AUTO,1.10,4.40,2.81,OK,1.10,4.40,2.61,OK,
[14:25:34] : 측정요구3 ON
[14:25:42] : 측정요구3 OFF
[14:25:42] : 측정요구4 ON
[14:25:49] : 측정요구4 OFF
[14:25:49] : 61,20190122-142550,AL19011931441,,OK,MAX,2,3,AUTO,1.10,4.40,2.31,OK,1.10,4.40,2.11,OK,
[14:26:25] : REQUEST MEAS. ON
[14:26:32] : REQUEST MEAS. OFF
[14:26:32] : 측정요구 ON 2
[14:26:39] : 측정요구 2OFF
[14:26:39] : 61,20190122-142640,AL19011931461,,OK,MAX,1,2,AUTO,1.10,4.40,1.90,OK,1.10,4.40,1.92,OK,
[14:26:39] : 측정요구3 ON
[14:26:47] : 측정요구3 OFF
[14:26:47] : 측정요구4 ON
[14:26:54] : 측정요구4 OFF
[14:26:54] : 61,20190122-142655,AL19011931481,,OK,MAX,2,3,AUTO,1.10,4.40,2.10,OK,1.10,4.40,2.21,OK,
[14:27:30] : REQUEST MEAS. ON
[14:27:37] : REQUEST MEAS. OFF
[14:27:37] : 측정요구 ON 2
[14:27:44] : 측정요구 2OFF
[14:27:44] : 61,20190122-142745,AL19011931491,,OK,MAX,1,2,AUTO,1.10,4.40,1.81,OK,1.10,4.40,1.71,OK,
[14:27:44] : 측정요구3 ON
[14:27:52] : 측정요구3 OFF
[14:27:52] : 측정요구4 ON
[14:27:59] : 측정요구4 OFF
[14:27:59] : 61,20190122-142800,AL19011931501,,OK,MAX,2,3,AUTO,1.10,4.40,2.71,OK,1.10,4.40,2.51,OK,
[14:28:42] : REQUEST MEAS. ON
[14:28:49] : REQUEST MEAS. OFF
[14:28:50] : 측정요구 ON 2
[14:28:57] : 측정요구 2OFF
[14:28:57] : 61,20190122-142857,AL19011931421,,OK,MAX,1,2,AUTO,1.10,4.40,2.36,OK,1.10,4.40,2.31,OK,
[14:29:36] : REQUEST MEAS. ON
[14:29:43] : REQUEST MEAS. OFF
[14:29:44] : 측정요구 ON 2
[14:29:51] : 측정요구 2OFF
[14:29:51] : 61,20190122-142951,AL19011930781,,OK,MAX,1,2,AUTO,1.10,4.40,2.40,OK,1.10,4.40,2.21,OK,
[14:29:51] : 측정요구3 ON
[14:29:58] : 측정요구3 OFF
[14:29:58] : 측정요구4 ON
[14:30:06] : 측정요구4 OFF
[14:30:06] : 61,20190122-143006,AL19011930791,,OK,MAX,2,3,AUTO,1.10,4.40,2.50,OK,1.10,4.40,2.31,OK,
[14:30:25] : REQUEST MEAS. ON
[14:30:33] : REQUEST MEAS. OFF
[14:30:33] : 측정요구 ON 2
[14:30:40] : 측정요구 2OFF
[14:30:40] : 61,20190122-143040,AL19011930651,,OK,MAX,1,2,AUTO,1.10,4.40,1.79,OK,1.10,4.40,1.92,OK,
[14:30:40] : 측정요구3 ON
[14:30:47] : 측정요구3 OFF
[14:30:47] : 측정요구4 ON
[14:30:55] : 측정요구4 OFF
[14:30:55] : 61,20190122-143055,AL19011930671,,OK,MAX,2,3,AUTO,1.10,4.40,2.61,OK,1.10,4.40,2.31,OK,
[14:31:19] : REQUEST MEAS. ON
[14:31:26] : REQUEST MEAS. OFF
[14:31:26] : 측정요구 ON 2
[14:31:34] : 측정요구 2OFF
[14:31:34] : 61,20190122-143134,AL19011930661,,OK,MAX,1,2,AUTO,1.10,4.40,2.20,OK,1.10,4.40,2.00,OK,
[14:31:34] : 측정요구3 ON
[14:31:40] : 측정요구3 OFF
[14:31:40] : 측정요구4 ON
[14:31:49] : 측정요구4 OFF
[14:31:49] : 61,20190122-143150,AL19011930641,,OK,MAX,2,3,AUTO,1.10,4.40,2.00,OK,1.10,4.40,1.71,OK,
[14:32:21] : REQUEST MEAS. ON
[14:32:28] : REQUEST MEAS. OFF
[14:32:28] : 측정요구 ON 2
[14:32:35] : 측정요구 2OFF
[14:32:35] : 61,20190122-143236,AL19011930701,,OK,MAX,1,2,AUTO,1.10,4.40,3.39,OK,1.10,4.40,2.92,OK,
[14:32:35] : 측정요구3 ON
[14:32:43] : 측정요구3 OFF
[14:32:43] : 측정요구4 ON
[14:32:50] : 측정요구4 OFF
[14:32:50] : 61,20190122-143251,AL19011930711,,OK,MAX,2,3,AUTO,1.10,4.40,2.31,OK,1.10,4.40,1.61,OK,
[14:33:18] : REQUEST MEAS. ON
[14:33:25] : REQUEST MEAS. OFF
[14:33:25] : 측정요구 ON 2
[14:33:33] : 측정요구 2OFF
[14:33:33] : 61,20190122-143333,AL19011930691,,OK,MAX,1,2,AUTO,1.10,4.40,3.39,OK,1.10,4.40,3.12,OK,
[14:33:33] : 측정요구3 ON
[14:33:40] : 측정요구3 OFF
[14:33:40] : 측정요구4 ON
[14:33:48] : 측정요구4 OFF
[14:33:48] : 61,20190122-143348,AL19011930681,,OK,MAX,2,3,AUTO,1.10,4.40,2.40,OK,1.10,4.40,1.71,OK,
[14:34:13] : REQUEST MEAS. ON
[14:34:20] : REQUEST MEAS. OFF
[14:34:20] : 측정요구 ON 2
[14:34:27] : 측정요구 2OFF
[14:34:27] : 61,20190122-143428,AL19011935113,,OK,MAX,1,2,AUTO,1.10,4.40,2.20,OK,1.10,4.40,2.21,OK,
[14:34:27] : 측정요구3 ON
[14:34:35] : 측정요구3 OFF
[14:34:35] : 측정요구4 ON
[14:34:42] : 측정요구4 OFF
[14:34:42] : 61,20190122-143443,AL19011935123,,OK,MAX,2,3,AUTO,1.10,4.40,2.31,OK,1.10,4.40,2.11,OK,
[14:35:00] : REQUEST MEAS. ON
[14:35:07] : REQUEST MEAS. OFF
[14:35:07] : 측정요구 ON 2
[14:35:14] : 측정요구 2OFF
[14:35:14] : 61,20190122-143515,AL19011935073,,OK,MAX,1,2,AUTO,1.10,4.40,2.39,OK,1.10,4.40,2.42,OK,
[14:35:14] : 측정요구3 ON
[14:35:22] : 측정요구3 OFF
[14:35:22] : 측정요구4 ON
[14:35:29] : 측정요구4 OFF
[14:35:29] : 61,20190122-143530,AL19011935133,,OK,MAX,2,3,AUTO,1.10,4.40,1.70,OK,1.10,4.40,1.31,OK,
[14:35:47] : REQUEST MEAS. ON
[14:35:54] : REQUEST MEAS. OFF
[14:35:54] : 측정요구 ON 2
[14:36:01] : 측정요구 2OFF
[14:36:01] : 61,20190122-143602,AL19011935143,,OK,MAX,1,2,AUTO,1.10,4.40,2.31,OK,1.10,4.40,2.11,OK,
[14:36:01] : 측정요구3 ON
[14:36:09] : 측정요구3 OFF
[14:36:09] : 측정요구4 ON
[14:36:16] : 측정요구4 OFF
[14:36:16] : 61,20190122-143617,AL19011935203,,OK,MAX,2,3,AUTO,1.10,4.40,2.00,OK,1.10,4.40,1.82,OK,
[14:36:34] : REQUEST MEAS. ON
[14:36:41] : REQUEST MEAS. OFF
[14:36:41] : 측정요구 ON 2
[14:36:48] : 측정요구 2OFF
[14:36:48] : 61,20190122-143649,AL19011935213,,OK,MAX,1,2,AUTO,1.10,4.40,2.00,OK,1.10,4.40,2.00,OK,
[14:36:48] : 측정요구3 ON
[14:36:56] : 측정요구3 OFF
[14:36:56] : 측정요구4 ON
[14:37:03] : 측정요구4 OFF
[14:37:03] : 61,20190122-143704,AL19011935193,,OK,MAX,2,3,AUTO,1.10,4.40,2.60,OK,1.10,4.40,1.61,OK,
[14:37:21] : REQUEST MEAS. ON
[14:37:28] : REQUEST MEAS. OFF
[14:37:28] : 측정요구 ON 2
[14:37:35] : 측정요구 2OFF
[14:37:35] : 61,20190122-143736,AL19011935183,,OK,MAX,1,2,AUTO,1.10,4.40,3.09,OK,1.10,4.40,2.82,OK,
[14:37:35] : 측정요구3 ON
[14:37:43] : 측정요구3 OFF
[14:37:43] : 측정요구4 ON
[14:37:50] : 측정요구4 OFF
[14:37:50] : 61,20190122-143751,AL19011935153,,OK,MAX,2,3,AUTO,1.10,4.40,2.99,OK,1.10,4.40,2.71,OK,
[14:38:08] : REQUEST MEAS. ON
[14:38:15] : REQUEST MEAS. OFF
[14:38:15] : 측정요구 ON 2
[14:38:22] : 측정요구 2OFF
[14:38:22] : 61,20190122-143823,AL19011935063,,OK,MAX,1,2,AUTO,1.10,4.40,1.89,OK,1.10,4.40,2.51,OK,
[14:38:22] : 측정요구3 ON
[14:38:30] : 측정요구3 OFF
[14:38:30] : 측정요구4 ON
[14:38:38] : 측정요구4 OFF
[14:38:38] : 61,20190122-143838,AL19011935053,,OK,MAX,2,3,AUTO,1.10,4.40,2.91,OK,1.10,4.40,2.61,OK,
[14:38:55] : REQUEST MEAS. ON
[14:39:02] : REQUEST MEAS. OFF
[14:39:02] : 측정요구 ON 2
[14:39:09] : 측정요구 2OFF
[14:39:09] : 61,20190122-143910,AL19011935043,,OK,MAX,1,2,AUTO,1.10,4.40,3.10,OK,1.10,4.40,2.72,OK,
[14:39:18] : 측정요구3 ON
[14:39:25] : 측정요구3 OFF
[14:39:25] : 측정요구4 ON
[14:39:33] : 측정요구4 OFF
[14:39:33] : 61,20190122-143933,AL19011935033,,OK,MAX,2,3,AUTO,1.10,4.40,2.50,OK,1.10,4.40,2.42,OK,
[14:39:42] : REQUEST MEAS. ON
[14:39:49] : REQUEST MEAS. OFF
[14:39:49] : 측정요구 ON 2
[14:39:56] : 측정요구 2OFF
[14:39:56] : 61,20190122-143957,AL19011935023,,NG,MAX,1,0,AUTO,1.10,4.40,0.49,NG,1.10,4.40,0.61,NG,
[14:40:01] : 측정요구3 ON
[14:40:08] : 측정요구3 OFF
[14:40:08] : 측정요구4 ON
[14:40:15] : 측정요구4 OFF
[14:40:15] : 61,20190122-144016,AL19011935163,,OK,MAX,2,3,AUTO,1.10,4.40,3.10,OK,1.10,4.40,2.61,OK,
[14:40:34] : REQUEST MEAS. ON
[14:40:41] : REQUEST MEAS. OFF
[14:40:41] : 측정요구 ON 2
[14:40:48] : 측정요구 2OFF
[14:40:48] : 61,20190122-144048,AL19011935173,,OK,MAX,1,2,AUTO,1.10,4.40,3.59,OK,1.10,4.40,3.21,OK,
[14:40:48] : 측정요구3 ON
[14:40:56] : 측정요구3 OFF
[14:40:56] : 측정요구4 ON
[14:41:03] : 측정요구4 OFF
[14:41:03] : 61,20190122-144104,AL19011935083,,OK,MAX,2,3,AUTO,1.10,4.40,1.81,OK,1.10,4.40,1.50,OK,
[14:41:21] : REQUEST MEAS. ON
[14:41:28] : REQUEST MEAS. OFF
[14:41:28] : 측정요구 ON 2
[14:41:35] : 측정요구 2OFF
[14:41:35] : 61,20190122-144136,AL19011935093,,OK,MAX,1,2,AUTO,1.10,4.40,3.69,OK,1.10,4.40,2.62,OK,
[14:41:37] : 측정요구3 ON
[14:41:44] : 측정요구3 OFF
[14:41:44] : 측정요구4 ON
[14:41:51] : 측정요구4 OFF
[14:41:51] : 61,20190122-144152,AL19011935103,,OK,MAX,2,3,AUTO,1.10,4.40,2.11,OK,1.10,4.40,2.11,OK,
[14:42:08] : REQUEST MEAS. ON
[14:42:15] : REQUEST MEAS. OFF
[14:42:15] : 측정요구 ON 2
[14:42:23] : 측정요구 2OFF
[14:42:23] : 61,20190122-144223,AL19011935223,,OK,MAX,1,2,AUTO,1.10,4.40,1.39,OK,1.10,4.40,1.61,OK,
[14:42:24] : 측정요구3 ON
[14:42:31] : 측정요구3 OFF
[14:42:31] : 측정요구4 ON
[14:42:39] : 측정요구4 OFF
[14:42:39] : 61,20190122-144239,AL19011935233,,OK,MAX,2,3,AUTO,1.10,4.40,4.20,OK,1.10,4.40,4.11,OK,
[14:42:57] : REQUEST MEAS. ON
[14:43:04] : REQUEST MEAS. OFF
[14:43:04] : 측정요구 ON 2
[14:43:11] : 측정요구 2OFF
[14:43:11] : 61,20190122-144312,AL19011935243,,OK,MAX,1,2,AUTO,1.10,4.40,1.70,OK,1.10,4.40,1.61,OK,
[14:43:14] : 측정요구3 ON
[14:43:21] : 측정요구3 OFF
[14:43:21] : 측정요구4 ON
[14:43:29] : 측정요구4 OFF
[14:43:29] : 61,20190122-144329,AL19011935263,,OK,MAX,2,3,AUTO,1.10,4.40,2.31,OK,1.10,4.40,2.32,OK,
[14:45:32] : REQUEST MEAS. ON
[14:45:39] : REQUEST MEAS. OFF
[14:45:39] : 측정요구 ON 2
[14:45:47] : 측정요구 2OFF
[14:45:47] : 61,20190122-144547,AL19011935273,,OK,MAX,1,2,AUTO,1.10,4.40,2.20,OK,1.10,4.40,2.11,OK,
[14:45:51] : 측정요구3 ON
[14:45:58] : 측정요구3 OFF
[14:45:58] : 측정요구4 ON
[14:46:05] : 측정요구4 OFF
[14:46:05] : 61,20190122-144606,AL19011935283,,OK,MAX,2,3,AUTO,1.10,4.40,2.71,OK,1.10,4.40,2.21,OK,
[14:52:02] : REQUEST MEAS. ON
[14:52:09] : REQUEST MEAS. OFF
[14:52:09] : 측정요구 ON 2
[14:52:17] : 측정요구 2OFF
[14:52:17] : 61,20190122-145218,AL19011935293,,OK,MAX,1,2,AUTO,1.10,4.40,2.20,OK,1.10,4.40,2.51,OK,
[14:52:27] : 측정요구3 ON
[14:52:34] : 측정요구3 OFF
[14:52:34] : 측정요구4 ON
[14:52:41] : 측정요구4 OFF
[14:52:41] : 61,20190122-145241,AL19011935313,,OK,MAX,2,3,AUTO,1.10,4.40,2.00,OK,1.10,4.40,1.82,OK,
[14:52:57] : REQUEST MEAS. ON
[14:53:04] : REQUEST MEAS. OFF
[14:53:04] : 측정요구 ON 2
[14:53:11] : 측정요구 2OFF
[14:53:11] : 61,20190122-145312,AL19011935303,,OK,MAX,1,2,AUTO,1.10,4.40,4.10,OK,1.10,4.40,4.10,OK,
[14:53:22] : 측정요구3 ON
[14:53:29] : 측정요구3 OFF
[14:53:29] : 측정요구4 ON
[14:53:37] : 측정요구4 OFF
[14:53:37] : 61,20190122-145337,AL19011937333,,OK,MAX,2,3,AUTO,1.10,4.40,3.00,OK,1.10,4.40,2.61,OK,
[14:55:58] : REQUEST MEAS. ON
[14:56:05] : REQUEST MEAS. OFF
[14:56:05] : 측정요구 ON 2
[14:56:13] : 측정요구 2OFF
[14:56:13] : 61,20190122-145614,AL19011937123,,OK,MAX,1,2,AUTO,1.10,4.40,2.20,OK,1.10,4.40,2.01,OK,
[14:56:18] : 측정요구3 ON
[14:56:25] : 측정요구3 OFF
[14:56:26] : 측정요구4 ON
[14:56:33] : 측정요구4 OFF
[14:56:33] : 61,20190122-145633,AL19011937143,,OK,MAX,2,3,AUTO,1.10,4.40,1.29,OK,1.10,4.40,1.51,OK,
[14:56:51] : REQUEST MEAS. ON
[14:56:59] : REQUEST MEAS. OFF
[14:56:59] : 측정요구 ON 2
[14:57:07] : 측정요구 2OFF
[14:57:07] : 61,20190122-145707,AL19011937113,,OK,MAX,1,2,AUTO,1.10,4.40,2.99,OK,1.10,4.40,2.82,OK,
[14:57:12] : 측정요구3 ON
[14:57:19] : 측정요구3 OFF
[14:57:19] : 측정요구4 ON
[14:57:27] : 측정요구4 OFF
[14:57:27] : 61,20190122-145728,AL19011937343,,NG,MAX,2,2,AUTO,1.10,4.40,2.81,OK,1.10,4.40,5.13,NG,
[14:57:48] : REQUEST MEAS. ON
[14:57:56] : REQUEST MEAS. OFF
[14:57:56] : 측정요구 ON 2
[14:58:03] : 측정요구 2OFF
[14:58:03] : 61,20190122-145803,AL19011937533,,OK,MAX,1,2,AUTO,1.10,4.40,1.79,OK,1.10,4.40,1.82,OK,
[14:58:06] : 측정요구3 ON
[14:58:13] : 측정요구3 OFF
[14:58:13] : 측정요구4 ON
[14:58:21] : 측정요구4 OFF
[14:58:21] : 61,20190122-145821,AL19011937543,,OK,MAX,2,3,AUTO,1.10,4.40,2.40,OK,1.10,4.40,2.31,OK,
[14:58:41] : REQUEST MEAS. ON
[14:58:49] : REQUEST MEAS. OFF
[14:58:49] : 측정요구 ON 2
[14:58:56] : 측정요구 2OFF
[14:58:56] : 61,20190122-145857,AL19011937643,,OK,MAX,1,2,AUTO,1.10,4.40,2.39,OK,1.10,4.40,2.42,OK,
[14:59:02] : 측정요구3 ON
[14:59:09] : 측정요구3 OFF
[14:59:09] : 측정요구4 ON
[14:59:17] : 측정요구4 OFF
[14:59:17] : 61,20190122-145917,AL19011937653,,OK,MAX,2,3,AUTO,1.10,4.40,2.50,OK,1.10,4.40,2.51,OK,
[14:59:39] : REQUEST MEAS. ON
[14:59:46] : REQUEST MEAS. OFF
[14:59:46] : 측정요구 ON 2
[14:59:53] : 측정요구 2OFF
[14:59:53] : 61,20190122-145954,AL19011932361,,OK,MAX,1,2,AUTO,1.10,4.40,2.60,OK,1.10,4.40,1.92,OK,
[15:00:41] : REQUEST MEAS. ON
[15:00:47] : REQUEST MEAS. OFF
[15:00:47] : 측정요구 ON 2
[15:00:55] : 측정요구 2OFF
[15:00:55] : 61,20190122-150055,AL19011932381,,OK,MAX,1,2,AUTO,1.10,4.40,2.81,OK,1.10,4.40,2.51,OK,
[15:00:57] : 측정요구3 ON
[15:01:04] : 측정요구3 OFF
[15:01:04] : 측정요구4 ON
[15:01:11] : 측정요구4 OFF
[15:01:11] : 61,20190122-150112,AL19011932391,,OK,MAX,2,3,AUTO,1.10,4.40,2.00,OK,1.10,4.40,1.51,OK,
[15:03:40] : REQUEST MEAS. ON
[15:03:47] : REQUEST MEAS. OFF
[15:03:47] : 측정요구 ON 2
[15:03:54] : 측정요구 2OFF
[15:03:54] : 61,20190122-150355,AL19011932411,,OK,MAX,1,2,AUTO,1.10,4.40,1.49,OK,1.10,4.40,1.51,OK,
[15:03:59] : 측정요구3 ON
[15:04:07] : 측정요구3 OFF
[15:04:07] : 측정요구4 ON
[15:04:14] : 측정요구4 OFF
[15:04:14] : 61,20190122-150415,AL19011932401,,OK,MAX,2,3,AUTO,1.10,4.40,2.40,OK,1.10,4.40,2.01,OK,
[15:04:35] : REQUEST MEAS. ON
[15:04:42] : REQUEST MEAS. OFF
[15:04:42] : 측정요구 ON 2
[15:04:49] : 측정요구 2OFF
[15:04:49] : 61,20190122-150450,AL19011932481,,OK,MAX,1,2,AUTO,1.10,4.40,1.70,OK,1.10,4.40,1.61,OK,
[15:04:53] : 측정요구3 ON
[15:05:00] : 측정요구3 OFF
[15:05:00] : 측정요구4 ON
[15:05:07] : 측정요구4 OFF
[15:05:07] : 61,20190122-150508,AL19011932451,,OK,MAX,2,3,AUTO,1.10,4.40,2.50,OK,1.10,4.40,2.11,OK,
[15:05:30] : REQUEST MEAS. ON
[15:05:37] : REQUEST MEAS. OFF
[15:05:37] : 측정요구 ON 2
[15:05:44] : 측정요구 2OFF
[15:05:44] : 61,20190122-150545,AL19011932461,,OK,MAX,1,2,AUTO,1.10,4.40,2.21,OK,1.10,4.40,2.31,OK,
[15:05:49] : 측정요구3 ON
[15:05:56] : 측정요구3 OFF
[15:05:56] : 측정요구4 ON
[15:06:03] : 측정요구4 OFF
[15:06:03] : 61,20190122-150604,AL19011932441,,OK,MAX,2,3,AUTO,1.10,4.40,2.81,OK,1.10,4.40,2.00,OK,
[15:06:25] : REQUEST MEAS. ON
[15:06:32] : REQUEST MEAS. OFF
[15:06:32] : 측정요구 ON 2
[15:06:39] : 측정요구 2OFF
[15:06:39] : 61,20190122-150640,AL19011932421,,OK,MAX,1,2,AUTO,1.10,4.40,2.50,OK,1.10,4.40,2.21,OK,
[15:07:02] : 측정요구3 ON
[15:07:09] : 측정요구3 OFF
[15:07:09] : 측정요구4 ON
[15:07:17] : 측정요구4 OFF
[15:07:17] : 61,20190122-150717,AL19011937273,,OK,MAX,2,3,AUTO,1.10,4.40,2.60,OK,1.10,4.40,2.51,OK,
[15:07:32] : REQUEST MEAS. ON
[15:07:39] : REQUEST MEAS. OFF
[15:07:39] : 측정요구 ON 2
[15:07:47] : 측정요구 2OFF
[15:07:47] : 61,20190122-150747,AL19011937283,,OK,MAX,1,2,AUTO,1.10,4.40,1.81,OK,1.10,4.40,1.92,OK,
[15:07:52] : 측정요구3 ON
[15:07:59] : 측정요구3 OFF
[15:07:59] : 측정요구4 ON
[15:08:07] : 측정요구4 OFF
[15:08:07] : 61,20190122-150808,AL19011937413,,OK,MAX,2,3,AUTO,1.10,4.40,2.31,OK,1.10,4.40,1.92,OK,
[15:08:28] : REQUEST MEAS. ON
[15:08:36] : REQUEST MEAS. OFF
[15:08:36] : 측정요구 ON 2
[15:08:43] : 측정요구 2OFF
[15:08:43] : 61,20190122-150843,AL19011937423,,OK,MAX,1,2,AUTO,1.10,4.40,1.79,OK,1.10,4.40,1.92,OK,
[15:08:47] : 측정요구3 ON
[15:08:54] : 측정요구3 OFF
[15:08:54] : 측정요구4 ON
[15:09:02] : 측정요구4 OFF
[15:09:02] : 61,20190122-150903,AL19011937433,,OK,MAX,2,3,AUTO,1.10,4.40,3.99,OK,1.10,4.40,3.12,OK,
[15:09:25] : REQUEST MEAS. ON
[15:09:32] : REQUEST MEAS. OFF
[15:09:32] : 측정요구 ON 2
[15:09:39] : 측정요구 2OFF
[15:09:39] : 61,20190122-150940,AL19011937383,,OK,MAX,1,2,AUTO,1.10,4.40,3.10,OK,1.10,4.40,3.21,OK,
[15:09:44] : 측정요구3 ON
[15:09:51] : 측정요구3 OFF
[15:09:51] : 측정요구4 ON
[15:09:58] : 측정요구4 OFF
[15:09:58] : 61,20190122-150958,AL19011937293,,OK,MAX,2,3,AUTO,1.10,4.40,2.60,OK,1.10,4.40,2.42,OK,
[15:10:19] : REQUEST MEAS. ON
[15:10:26] : REQUEST MEAS. OFF
[15:10:26] : 측정요구 ON 2
[15:10:33] : 측정요구 2OFF
[15:10:33] : 61,20190122-151034,AL19011937303,,NG,MAX,1,0,AUTO,1.10,4.40,0.01,NG,1.10,4.40,0.40,NG,
[15:10:39] : 측정요구3 ON
[15:10:46] : 측정요구3 OFF
[15:10:46] : 측정요구4 ON
[15:10:53] : 측정요구4 OFF
[15:10:53] : 61,20190122-151054,AL19011937313,,OK,MAX,2,3,AUTO,1.10,4.40,3.09,OK,1.10,4.40,2.51,OK,
[15:11:14] : REQUEST MEAS. ON
[15:11:21] : REQUEST MEAS. OFF
[15:11:21] : 측정요구 ON 2
[15:11:29] : 측정요구 2OFF
[15:11:29] : 61,20190122-151129,AL19011937323,,OK,MAX,1,2,AUTO,1.10,4.40,1.90,OK,1.10,4.40,2.11,OK,
[15:15:45] : REQUEST MEAS. ON
[15:15:52] : REQUEST MEAS. OFF
[15:15:52] : 측정요구 ON 2
[15:15:59] : 측정요구 2OFF
[15:15:59] : 61,20190122-151600,AL19011931511,,OK,MAX,1,2,AUTO,1.10,4.40,1.89,OK,1.10,4.40,2.00,OK,
[15:16:01] : 측정요구3 ON
[15:16:08] : 측정요구3 OFF
[15:16:08] : 측정요구4 ON
[15:16:15] : 측정요구4 OFF
[15:16:15] : 61,20190122-151616,AL19011931531,,OK,MAX,2,3,AUTO,1.10,4.40,3.09,OK,1.10,4.40,2.51,OK,
[15:16:38] : REQUEST MEAS. ON
[15:16:45] : REQUEST MEAS. OFF
[15:16:45] : 측정요구 ON 2
[15:16:52] : 측정요구 2OFF
[15:16:52] : 61,20190122-151653,AL19011931541,,OK,MAX,1,2,AUTO,1.10,4.40,1.49,OK,1.10,4.40,1.71,OK,
[15:16:54] : 측정요구3 ON
[15:17:01] : 측정요구3 OFF
[15:17:01] : 측정요구4 ON
[15:17:09] : 측정요구4 OFF
[15:17:09] : 61,20190122-151709,AL19011931551,,OK,MAX,2,3,AUTO,1.10,4.40,1.90,OK,1.10,4.40,1.81,OK,
[15:17:33] : REQUEST MEAS. ON
[15:17:40] : REQUEST MEAS. OFF
[15:17:40] : 측정요구 ON 2
[15:17:47] : 측정요구 2OFF
[15:17:47] : 61,20190122-151748,AL19011931561,,OK,MAX,1,2,AUTO,1.10,4.40,1.79,OK,1.10,4.40,2.01,OK,
[15:17:50] : 측정요구3 ON
[15:17:57] : 측정요구3 OFF
[15:17:57] : 측정요구4 ON
[15:18:04] : 측정요구4 OFF
[15:18:04] : 61,20190122-151805,AL19011931571,,OK,MAX,2,3,AUTO,1.10,4.40,2.39,OK,1.10,4.40,2.01,OK,
[15:18:27] : REQUEST MEAS. ON
[15:18:34] : REQUEST MEAS. OFF
[15:18:34] : 측정요구 ON 2
[15:18:41] : 측정요구 2OFF
[15:18:41] : 61,20190122-151842,AL19011931581,,OK,MAX,1,2,AUTO,1.10,4.40,1.89,OK,1.10,4.40,2.11,OK,
[15:18:44] : 측정요구3 ON
[15:18:52] : 측정요구3 OFF
[15:18:52] : 측정요구4 ON
[15:18:59] : 측정요구4 OFF
[15:18:59] : 61,20190122-151900,AL19011931591,,OK,MAX,2,3,AUTO,1.10,4.40,2.31,OK,1.10,4.40,2.11,OK,
[15:19:21] : REQUEST MEAS. ON
[15:19:28] : REQUEST MEAS. OFF
[15:19:28] : 측정요구 ON 2
[15:19:35] : 측정요구 2OFF
[15:19:35] : 61,20190122-151935,AL19011931521,,OK,MAX,1,2,AUTO,1.10,4.40,1.70,OK,1.10,4.40,1.71,OK,
[15:19:59] : 측정요구3 ON
[15:20:06] : 측정요구3 OFF
[15:20:06] : 측정요구4 ON
[15:20:13] : 측정요구4 OFF
[15:20:13] : 61,20190122-152014,AL19011930901,,OK,MAX,2,3,AUTO,1.10,4.40,3.89,OK,1.10,4.40,3.43,OK,
[15:20:30] : REQUEST MEAS. ON
[15:20:37] : REQUEST MEAS. OFF
[15:20:37] : 측정요구 ON 2
[15:20:45] : 측정요구 2OFF
[15:20:45] : 61,20190122-152045,AL19011931601,,OK,MAX,1,2,AUTO,1.10,4.40,2.00,OK,1.10,4.40,1.92,OK,
[15:20:50] : 측정요구3 ON
[15:20:57] : 측정요구3 OFF
[15:20:57] : 측정요구4 ON
[15:21:04] : 측정요구4 OFF
[15:21:04] : 61,20190122-152105,AL19011930911,,OK,MAX,2,3,AUTO,1.10,4.40,3.99,OK,1.10,4.40,4.02,OK,
[15:21:27] : REQUEST MEAS. ON
[15:21:34] : REQUEST MEAS. OFF
[15:21:34] : 측정요구 ON 2
[15:21:41] : 측정요구 2OFF
[15:21:41] : 61,20190122-152142,AL19011930921,,OK,MAX,1,2,AUTO,1.10,4.40,2.10,OK,1.10,4.40,2.11,OK,
[15:21:45] : 측정요구3 ON
[15:21:52] : 측정요구3 OFF
[15:21:52] : 측정요구4 ON
[15:21:59] : 측정요구4 OFF
[15:21:59] : 61,20190122-152200,AL19011930931,,NG,MAX,2,2,AUTO,1.10,4.40,3.80,OK,1.10,4.40,15.17,NG,
[15:22:25] : REQUEST MEAS. ON
[15:22:32] : REQUEST MEAS. OFF
[15:22:32] : 측정요구 ON 2
[15:22:39] : 측정요구 2OFF
[15:22:39] : 61,20190122-152240,AL19011930941,,OK,MAX,1,2,AUTO,1.10,4.40,1.79,OK,1.10,4.40,1.71,OK,
[15:22:41] : 측정요구3 ON
[15:22:48] : 측정요구3 OFF
[15:22:48] : 측정요구4 ON
[15:22:55] : 측정요구4 OFF
[15:22:55] : 61,20190122-152256,AL19011930971,,OK,MAX,2,3,AUTO,1.10,4.40,3.00,OK,1.10,4.40,2.51,OK,
[15:23:18] : REQUEST MEAS. ON
[15:23:25] : REQUEST MEAS. OFF
[15:23:25] : 측정요구 ON 2
[15:23:33] : 측정요구 2OFF
[15:23:33] : 61,20190122-152333,AL19011930951,,OK,MAX,1,2,AUTO,1.10,4.40,2.50,OK,1.10,4.40,2.61,OK,
[15:23:35] : 측정요구3 ON
[15:23:43] : 측정요구3 OFF
[15:23:43] : 측정요구4 ON
[15:23:50] : 측정요구4 OFF
[15:23:50] : 61,20190122-152351,AL19011931081,,OK,MAX,2,3,AUTO,1.10,4.40,2.31,OK,1.10,4.40,1.51,OK,
[15:24:12] : REQUEST MEAS. ON
[15:24:19] : REQUEST MEAS. OFF
[15:24:19] : 측정요구 ON 2
[15:24:26] : 측정요구 2OFF
[15:24:26] : 61,20190122-152427,AL19011931091,,OK,MAX,1,2,AUTO,1.10,4.40,1.29,OK,1.10,4.40,1.92,OK,
[15:25:06] : REQUEST MEAS. ON
[15:25:13] : REQUEST MEAS. OFF
[15:25:13] : 측정요구 ON 2
[15:25:20] : 측정요구 2OFF
[15:25:20] : 61,20190122-152521,AL19011931141,,OK,MAX,1,2,AUTO,1.10,4.40,1.90,OK,1.10,4.40,1.92,OK,
[15:25:26] : 측정요구3 ON
[15:25:33] : 측정요구3 OFF
[15:25:33] : 측정요구4 ON
[15:25:41] : 측정요구4 OFF
[15:25:41] : 61,20190122-152541,AL19011935423,,OK,MAX,2,3,AUTO,1.10,4.40,1.79,OK,1.10,4.40,1.90,OK,
[15:26:00] : REQUEST MEAS. ON
[15:26:07] : REQUEST MEAS. OFF
[15:26:07] : 측정요구 ON 2
[15:26:15] : 측정요구 2OFF
[15:26:15] : 61,20190122-152616,AL19011935433,,OK,MAX,1,2,AUTO,1.10,4.40,2.70,OK,1.10,4.40,2.61,OK,
[15:26:22] : AUTO RUNNING OFF
[15:26:36] : PROGRAM END
 
[15:26:39] : PROGRAM START
[15:26:52] : AUTO RUNNING OFF
[15:26:52] : REQUEST MEAS. OFF
[15:26:52] : REQUEST ZEROSET OFF
[15:26:52] : REQUEST ZEROSET OFF
[15:26:54] : MEAS ESC ON
[15:26:55] : MEAS ESC OFF
[15:26:55] : AUTO RUNNING ON
[15:27:42] : REQUEST MEAS. ON
[15:27:49] : REQUEST MEAS. OFF
[15:27:49] : 측정요구 ON 2
[15:27:57] : 측정요구 2OFF
[15:27:57] : 61,20190122-152758,AL19011935453,,OK,MAX,1,2,AUTO,1.10,4.40,2.20,OK,1.10,4.40,2.51,OK,
[15:27:57] : 측정요구3 ON
[15:28:05] : 측정요구3 OFF
[15:28:05] : 측정요구4 ON
[15:28:12] : 측정요구4 OFF
[15:28:12] : 61,20190122-152813,AL19011935443,,OK,MAX,2,3,AUTO,1.10,4.40,2.89,OK,1.10,4.40,2.82,OK,
[15:28:30] : REQUEST MEAS. ON
[15:28:37] : REQUEST MEAS. OFF
[15:28:37] : 측정요구 ON 2
[15:28:44] : 측정요구 2OFF
[15:28:44] : 61,20190122-152845,AL19011935463,,OK,MAX,1,2,AUTO,1.10,4.40,1.39,OK,1.10,4.40,1.71,OK,
[15:28:44] : 측정요구3 ON
[15:28:52] : 측정요구3 OFF
[15:28:52] : 측정요구4 ON
[15:28:59] : 측정요구4 OFF
[15:28:59] : 61,20190122-152900,AL19011935573,,OK,MAX,2,3,AUTO,1.10,4.40,2.00,OK,1.10,4.40,1.92,OK,
[15:29:18] : REQUEST MEAS. ON
[15:29:25] : REQUEST MEAS. OFF
[15:29:25] : 측정요구 ON 2
[15:29:33] : 측정요구 2OFF
[15:29:33] : 61,20190122-152933,AL19011935583,,OK,MAX,1,2,AUTO,1.10,4.40,1.60,OK,1.10,4.40,1.92,OK,
[15:29:33] : 측정요구3 ON
[15:29:41] : 측정요구3 OFF
[15:29:41] : 측정요구4 ON
[15:29:48] : 측정요구4 OFF
[15:29:48] : 61,20190122-152948,AL19011935593,,OK,MAX,2,3,AUTO,1.10,4.40,2.61,OK,1.10,4.40,2.42,OK,
[15:30:06] : REQUEST MEAS. ON
[15:30:13] : REQUEST MEAS. OFF
[15:30:13] : 측정요구 ON 2
[15:30:20] : 측정요구 2OFF
[15:30:20] : 61,20190122-153021,AL19011935603,,OK,MAX,1,2,AUTO,1.10,4.40,3.89,OK,1.10,4.40,3.91,OK,
[15:30:20] : 측정요구3 ON
[15:30:28] : 측정요구3 OFF
[15:30:28] : 측정요구4 ON
[15:30:35] : 측정요구4 OFF
[15:30:35] : 61,20190122-153036,AL19011935613,,OK,MAX,2,3,AUTO,1.10,4.40,3.80,OK,1.10,4.40,3.12,OK,
[15:30:53] : REQUEST MEAS. ON
[15:31:00] : REQUEST MEAS. OFF
[15:31:00] : 측정요구 ON 2
[15:31:07] : 측정요구 2OFF
[15:31:07] : 61,20190122-153108,AL19011935473,,OK,MAX,1,2,AUTO,1.10,4.40,2.70,OK,1.10,4.40,2.71,OK,
[15:31:15] : 측정요구3 ON
[15:31:22] : 측정요구3 OFF
[15:31:22] : 측정요구4 ON
[15:31:29] : 측정요구4 OFF
[15:31:29] : 61,20190122-153130,AL19011935503,,OK,MAX,2,3,AUTO,1.10,4.40,2.61,OK,1.10,4.40,2.41,OK,
[15:31:39] : REQUEST MEAS. ON
[15:31:46] : REQUEST MEAS. OFF
[15:31:47] : 측정요구 ON 2
[15:31:54] : 측정요구 2OFF
[15:31:54] : 61,20190122-153155,AL19011935513,,OK,MAX,1,2,AUTO,1.10,4.40,1.79,OK,1.10,4.40,1.92,OK,
[15:31:56] : 측정요구3 ON
[15:32:04] : 측정요구3 OFF
[15:32:04] : 측정요구4 ON
[15:32:11] : 측정요구4 OFF
[15:32:11] : 61,20190122-153211,AL19011935523,,OK,MAX,2,3,AUTO,1.10,4.40,2.00,OK,1.10,4.40,2.00,OK,
[15:32:28] : REQUEST MEAS. ON
[15:32:36] : REQUEST MEAS. OFF
[15:32:36] : 측정요구 ON 2
[15:32:43] : 측정요구 2OFF
[15:32:43] : 61,20190122-153243,AL19011935533,,OK,MAX,1,2,AUTO,1.10,4.40,1.60,OK,1.10,4.40,1.71,OK,
[15:32:46] : 측정요구3 ON
[15:32:53] : 측정요구3 OFF
[15:32:53] : 측정요구4 ON
[15:33:01] : 측정요구4 OFF
[15:33:01] : 61,20190122-153301,AL19011935543,,OK,MAX,2,3,AUTO,1.10,4.40,1.70,OK,1.10,4.40,1.92,OK,
[15:33:17] : REQUEST MEAS. ON
[15:33:25] : REQUEST MEAS. OFF
[15:33:25] : 측정요구 ON 2
[15:33:33] : 측정요구 2OFF
[15:33:33] : 61,20190122-153333,AL19011935553,,OK,MAX,1,2,AUTO,1.10,4.40,1.70,OK,1.10,4.40,1.71,OK,
[15:33:34] : 측정요구3 ON
[15:33:41] : 측정요구3 OFF
[15:33:41] : 측정요구4 ON
[15:33:49] : 측정요구4 OFF
[15:33:49] : 61,20190122-153350,AL19011935563,,OK,MAX,2,3,AUTO,1.10,4.40,2.00,OK,1.10,4.40,1.81,OK,
[15:34:09] : REQUEST MEAS. ON
[15:34:16] : REQUEST MEAS. OFF
[15:34:16] : 측정요구 ON 2
[15:34:23] : 측정요구 2OFF
[15:34:23] : 61,20190122-153423,AL19011935493,,OK,MAX,1,2,AUTO,1.10,4.40,2.31,OK,1.10,4.40,2.51,OK,
[15:34:25] : 측정요구3 ON
[15:34:32] : 측정요구3 OFF
[15:34:32] : 측정요구4 ON
[15:34:39] : 측정요구4 OFF
[15:34:39] : 61,20190122-153440,AL19011935483,,OK,MAX,2,3,AUTO,1.10,4.40,1.79,OK,1.10,4.40,1.92,OK,
[15:34:56] : REQUEST MEAS. ON
[15:35:03] : REQUEST MEAS. OFF
[15:35:03] : 측정요구 ON 2
[15:35:11] : 측정요구 2OFF
[15:35:11] : 61,20190122-153511,AL19011937393,,OK,MAX,1,2,AUTO,1.10,4.40,2.60,OK,1.10,4.40,3.02,OK,
[15:35:12] : 측정요구3 ON
[15:35:19] : 측정요구3 OFF
[15:35:19] : 측정요구4 ON
[15:35:27] : 측정요구4 OFF
[15:35:27] : 61,20190122-153528,AL19011937363,,OK,MAX,2,3,AUTO,1.10,4.40,2.50,OK,1.10,4.40,2.31,OK,
[15:35:44] : REQUEST MEAS. ON
[15:35:51] : REQUEST MEAS. OFF
[15:35:51] : 측정요구 ON 2
[15:35:59] : 측정요구 2OFF
[15:35:59] : 61,20190122-153559,AL19011937353,,OK,MAX,1,2,AUTO,1.10,4.40,2.10,OK,1.10,4.40,1.71,OK,
[15:36:01] : 측정요구3 ON
[15:36:08] : 측정요구3 OFF
[15:36:08] : 측정요구4 ON
[15:36:15] : 측정요구4 OFF
[15:36:15] : 61,20190122-153615,AL19011937403,,OK,MAX,2,3,AUTO,1.10,4.40,2.81,OK,1.10,4.40,2.00,OK,
[15:36:33] : REQUEST MEAS. ON
[15:36:40] : REQUEST MEAS. OFF
[15:36:40] : 측정요구 ON 2
[15:36:47] : 측정요구 2OFF
[15:36:47] : 61,20190122-153648,AL19011937373,,OK,MAX,1,2,AUTO,1.10,4.40,2.50,OK,1.10,4.40,2.40,OK,
[15:36:47] : 측정요구3 ON
[15:36:55] : 측정요구3 OFF
[15:36:55] : 측정요구4 ON
[15:37:03] : 측정요구4 OFF
[15:37:03] : 61,20190122-153703,AL19011937523,,OK,MAX,2,3,AUTO,1.10,4.40,2.00,OK,1.10,4.40,1.92,OK,
[15:37:26] : REQUEST MEAS. ON
[15:37:33] : REQUEST MEAS. OFF
[15:37:33] : 측정요구 ON 2
[15:37:41] : 측정요구 2OFF
[15:37:41] : 61,20190122-153742,AL19011937513,,OK,MAX,1,2,AUTO,1.10,4.40,1.29,OK,1.10,4.40,1.39,OK,
[15:37:41] : 측정요구3 ON
[15:37:49] : 측정요구3 OFF
[15:37:49] : 측정요구4 ON
[15:37:56] : 측정요구4 OFF
[15:37:56] : 61,20190122-153757,AL19011937503,,OK,MAX,2,3,AUTO,1.10,4.40,2.89,OK,1.10,4.40,2.40,OK,
[15:38:20] : REQUEST MEAS. ON
[15:38:27] : REQUEST MEAS. OFF
[15:38:27] : 측정요구 ON 2
[15:38:35] : 측정요구 2OFF
[15:38:35] : 61,20190122-153835,AL19011937493,,OK,MAX,1,2,AUTO,1.10,4.40,1.70,OK,1.10,4.40,1.90,OK,
[15:38:35] : 측정요구3 ON
[15:38:42] : 측정요구3 OFF
[15:38:43] : 측정요구4 ON
[15:38:50] : 측정요구4 OFF
[15:38:50] : 61,20190122-153851,AL19011937483,,OK,MAX,2,3,AUTO,1.10,4.40,2.50,OK,1.10,4.40,2.21,OK,
[15:39:15] : REQUEST MEAS. ON
[15:39:22] : REQUEST MEAS. OFF
[15:39:22] : 측정요구 ON 2
[15:39:29] : 측정요구 2OFF
[15:39:29] : 61,20190122-153930,AL19011935323,,OK,MAX,1,2,AUTO,1.10,4.40,2.10,OK,1.10,4.40,2.61,OK,
[15:39:50] : 측정요구3 ON
[15:39:57] : 측정요구3 OFF
[15:39:57] : 측정요구4 ON
[15:40:04] : 측정요구4 OFF
[15:40:04] : 61,20190122-154005,AL19011935333,,OK,MAX,2,3,AUTO,1.10,4.40,4.30,OK,1.10,4.40,3.92,OK,
[15:40:20] : REQUEST MEAS. ON
[15:40:27] : REQUEST MEAS. OFF
[15:40:27] : 측정요구 ON 2
[15:40:35] : 측정요구 2OFF
[15:40:35] : 61,20190122-154035,AL19011935353,,OK,MAX,1,2,AUTO,1.10,4.40,2.20,OK,1.10,4.40,2.42,OK,
[15:40:40] : 측정요구3 ON
[15:40:47] : 측정요구3 OFF
[15:40:47] : 측정요구4 ON
[15:40:55] : 측정요구4 OFF
[15:40:55] : 61,20190122-154056,AL19011935363,,OK,MAX,2,3,AUTO,1.10,4.40,2.61,OK,1.10,4.40,2.41,OK,
[15:41:20] : REQUEST MEAS. ON
[15:41:27] : REQUEST MEAS. OFF
[15:41:28] : 측정요구 ON 2
[15:41:35] : 측정요구 2OFF
[15:41:35] : 61,20190122-154135,AL19011935373,,OK,MAX,1,2,AUTO,1.10,4.40,2.50,OK,1.10,4.40,2.40,OK,
[15:41:37] : 측정요구3 ON
[15:41:44] : 측정요구3 OFF
[15:41:44] : 측정요구4 ON
[15:41:52] : 측정요구4 OFF
[15:41:52] : 61,20190122-154153,AL19011935383,,OK,MAX,2,3,AUTO,1.10,4.40,2.40,OK,1.10,4.40,1.90,OK,
[15:42:14] : REQUEST MEAS. ON
[15:42:21] : REQUEST MEAS. OFF
[15:42:21] : 측정요구 ON 2
[15:42:29] : 측정요구 2OFF
[15:42:29] : 61,20190122-154229,AL19011935393,,OK,MAX,1,2,AUTO,1.10,4.40,1.50,OK,1.10,4.40,1.61,OK,
[15:42:52] : 측정요구3 ON
[15:42:59] : 측정요구3 OFF
[15:42:59] : 측정요구4 ON
[15:43:07] : 측정요구4 OFF
[15:43:07] : 61,20190122-154308,AL19011935403,,OK,MAX,2,3,AUTO,1.10,4.40,2.50,OK,1.10,4.40,2.51,OK,
[15:43:21] : REQUEST MEAS. ON
[15:43:29] : REQUEST MEAS. OFF
[15:43:29] : 측정요구 ON 2
[15:43:36] : 측정요구 2OFF
[15:43:36] : 61,20190122-154336,AL19011935343,,OK,MAX,1,2,AUTO,1.10,4.40,2.31,OK,1.10,4.40,2.21,OK,
[15:43:43] : 측정요구3 ON
[15:43:50] : 측정요구3 OFF
[15:43:50] : 측정요구4 ON
[15:43:57] : 측정요구4 OFF
[15:43:57] : 61,20190122-154358,AL19011935413,,OK,MAX,2,3,AUTO,1.10,4.40,2.89,OK,1.10,4.40,2.61,OK,
[15:44:18] : REQUEST MEAS. ON
[15:44:25] : REQUEST MEAS. OFF
[15:44:25] : 측정요구 ON 2
[15:44:32] : 측정요구 2OFF
[15:44:32] : 61,20190122-154433,AL19011931651,,OK,MAX,1,2,AUTO,1.10,4.40,2.27,OK,1.10,4.40,2.39,OK,
[15:44:56] : 측정요구3 ON
[15:45:03] : 측정요구3 OFF
[15:45:04] : 측정요구4 ON
[15:45:11] : 측정요구4 OFF
[15:45:11] : 61,20190122-154512,AL19011931641,,OK,MAX,2,3,AUTO,1.10,4.40,3.20,OK,1.10,4.40,2.70,OK,
[15:45:27] : REQUEST MEAS. ON
[15:45:34] : REQUEST MEAS. OFF
[15:45:34] : 측정요구 ON 2
[15:45:41] : 측정요구 2OFF
[15:45:41] : 61,20190122-154542,AL19011931621,,NG,MAX,1,2,AUTO,1.10,4.40,1.10,NG,1.10,4.40,1.10,NG,
[15:45:47] : 측정요구3 ON
[15:45:54] : 측정요구3 OFF
[15:45:54] : 측정요구4 ON
[15:46:02] : 측정요구4 OFF
[15:46:02] : 61,20190122-154603,AL19011931611,,OK,MAX,2,3,AUTO,1.10,4.40,2.31,OK,1.10,4.40,2.31,OK,
[15:46:25] : REQUEST MEAS. ON
[15:46:32] : REQUEST MEAS. OFF
[15:46:32] : 측정요구 ON 2
[15:46:39] : 측정요구 2OFF
[15:46:39] : 61,20190122-154640,AL19011931631,,OK,MAX,1,2,AUTO,1.10,4.40,2.00,OK,1.10,4.40,2.01,OK,
[15:46:42] : 측정요구3 ON
[15:46:49] : 측정요구3 OFF
[15:46:49] : 측정요구4 ON
[15:46:57] : 측정요구4 OFF
[15:46:57] : 61,20190122-154657,AL19011931661,,NG,MAX,2,2,AUTO,1.10,4.40,1.10,NG,1.10,4.40,1.11,OK,
[15:47:18] : REQUEST MEAS. ON
[15:47:25] : REQUEST MEAS. OFF
[15:47:26] : 측정요구 ON 2
[15:47:33] : 측정요구 2OFF
[15:47:33] : 61,20190122-154734,AL19011931671,,OK,MAX,1,2,AUTO,1.10,4.40,1.60,OK,1.10,4.40,1.50,OK,
[15:47:38] : 측정요구3 ON
[15:47:45] : 측정요구3 OFF
[15:47:45] : 측정요구4 ON
[15:47:52] : 측정요구4 OFF
[15:47:52] : 61,20190122-154753,AL19011931681,,OK,MAX,2,3,AUTO,1.10,4.40,1.90,OK,1.10,4.40,1.91,OK,
[15:48:16] : REQUEST MEAS. ON
[15:48:23] : REQUEST MEAS. OFF
[15:48:23] : 측정요구 ON 2
[15:48:31] : 측정요구 2OFF
[15:48:31] : 61,20190122-154832,AL19011931691,,OK,MAX,1,2,AUTO,1.10,4.40,1.79,OK,1.10,4.40,2.21,OK,
[15:48:33] : 측정요구3 ON
[15:48:40] : 측정요구3 OFF
[15:48:40] : 측정요구4 ON
[15:48:47] : 측정요구4 OFF
[15:48:47] : 61,20190122-154848,AL19011931701,,OK,MAX,2,3,AUTO,1.10,4.40,2.70,OK,1.10,4.40,2.51,OK,
[15:49:11] : REQUEST MEAS. ON
[15:49:18] : REQUEST MEAS. OFF
[15:49:19] : 측정요구 ON 2
[15:49:26] : 측정요구 2OFF
[15:49:26] : 61,20190122-154926,AL19011932551,,OK,MAX,1,2,AUTO,1.10,4.40,2.00,OK,1.10,4.40,2.21,OK,
[15:49:31] : 측정요구3 ON
[15:49:38] : 측정요구3 OFF
[15:49:38] : 측정요구4 ON
[15:49:45] : 측정요구4 OFF
[15:49:45] : 61,20190122-154945,AL19011932561,,OK,MAX,2,3,AUTO,1.10,4.40,3.30,OK,1.10,4.40,3.03,OK,
[15:50:07] : REQUEST MEAS. ON
[15:50:14] : REQUEST MEAS. OFF
[15:50:14] : 측정요구 ON 2
[15:50:21] : 측정요구 2OFF
[15:50:21] : 61,20190122-155022,AL19011932571,,OK,MAX,1,2,AUTO,1.10,4.40,2.50,OK,1.10,4.40,3.02,OK,
[15:50:25] : 측정요구3 ON
[15:50:32] : 측정요구3 OFF
[15:50:32] : 측정요구4 ON
[15:50:40] : 측정요구4 OFF
[15:50:40] : 61,20190122-155040,AL19011932591,,OK,MAX,2,3,AUTO,1.10,4.40,3.99,OK,1.10,4.40,3.63,OK,
[15:51:01] : REQUEST MEAS. ON
[15:51:09] : REQUEST MEAS. OFF
[15:51:09] : 측정요구 ON 2
[15:51:16] : 측정요구 2OFF
[15:51:16] : 61,20190122-155117,AL19011932581,,OK,MAX,1,2,AUTO,1.10,4.40,1.90,OK,1.10,4.40,2.49,OK,
[15:51:19] : 측정요구3 ON
[15:51:27] : 측정요구3 OFF
[15:51:27] : 측정요구4 ON
[15:51:34] : 측정요구4 OFF
[15:51:34] : 61,20190122-155135,AL19011932711,,OK,MAX,2,3,AUTO,1.10,4.40,4.06,OK,1.10,4.40,3.12,OK,
[15:51:56] : REQUEST MEAS. ON
[15:52:03] : REQUEST MEAS. OFF
[15:52:03] : 측정요구 ON 2
[15:52:11] : 측정요구 2OFF
[15:52:11] : 61,20190122-155211,AL19011932701,,OK,MAX,1,2,AUTO,1.10,4.40,1.60,OK,1.10,4.40,1.50,OK,
[15:52:33] : 측정요구3 ON
[15:52:40] : 측정요구3 OFF
[15:52:41] : 측정요구4 ON
[15:52:48] : 측정요구4 OFF
[15:52:48] : 61,20190122-155249,AL19011932621,,OK,MAX,2,3,AUTO,1.10,4.40,4.10,OK,1.10,4.40,3.53,OK,
[15:53:04] : REQUEST MEAS. ON
[15:53:11] : REQUEST MEAS. OFF
[15:53:11] : 측정요구 ON 2
[15:53:18] : 측정요구 2OFF
[15:53:18] : 61,20190122-155319,AL19011932641,,NG,MAX,1,2,AUTO,1.10,4.40,4.69,NG,1.10,4.40,4.50,NG,
[15:53:25] : 측정요구3 ON
[15:53:33] : 측정요구3 OFF
[15:53:33] : 측정요구4 ON
[15:53:40] : 측정요구4 OFF
[15:53:40] : 61,20190122-155341,AL19011932631,,OK,MAX,2,3,AUTO,1.10,4.40,2.00,OK,1.10,4.40,1.90,OK,
[15:54:03] : REQUEST MEAS. ON
[15:54:10] : REQUEST MEAS. OFF
[15:54:10] : 측정요구 ON 2
[15:54:17] : 측정요구 2OFF
[15:54:17] : 61,20190122-155418,AL19011937573,,OK,MAX,1,2,AUTO,1.10,4.40,1.20,OK,1.10,4.40,1.61,OK,
[15:54:40] : 측정요구3 ON
[15:54:47] : 측정요구3 OFF
[15:54:47] : 측정요구4 ON
[15:54:54] : 측정요구4 OFF
[15:54:54] : 61,20190122-155455,AL19011937583,,OK,MAX,2,3,AUTO,1.10,4.40,2.31,OK,1.10,4.40,1.81,OK,
[15:55:10] : REQUEST MEAS. ON
[15:55:17] : REQUEST MEAS. OFF
[15:55:17] : 측정요구 ON 2
[15:55:24] : 측정요구 2OFF
[15:55:24] : 61,20190122-155525,AL19011937563,,OK,MAX,1,2,AUTO,1.10,4.40,2.40,OK,1.10,4.40,2.21,OK,
[15:55:31] : 측정요구3 ON
[15:55:38] : 측정요구3 OFF
[15:55:38] : 측정요구4 ON
[15:55:45] : 측정요구4 OFF
[15:55:45] : 61,20190122-155546,AL19011937593,,OK,MAX,2,3,AUTO,1.10,4.40,2.40,OK,1.10,4.40,2.42,OK,
[15:56:06] : REQUEST MEAS. ON
[15:56:13] : REQUEST MEAS. OFF
[15:56:13] : 측정요구 ON 2
[15:56:21] : 측정요구 2OFF
[15:56:21] : 61,20190122-155621,AL19011937603,,OK,MAX,1,2,AUTO,1.10,4.40,3.10,OK,1.10,4.40,3.21,OK,
[15:56:26] : 측정요구3 ON
[15:56:33] : 측정요구3 OFF
[15:56:33] : 측정요구4 ON
[15:56:41] : 측정요구4 OFF
[15:56:41] : 61,20190122-155642,AL19011937613,,OK,MAX,2,3,AUTO,1.10,4.40,1.90,OK,1.10,4.40,1.81,OK,
[15:57:05] : REQUEST MEAS. ON
[15:57:12] : REQUEST MEAS. OFF
[15:57:12] : 측정요구 ON 2
[15:57:19] : 측정요구 2OFF
[15:57:19] : 61,20190122-155720,AL19011937443,,OK,MAX,1,2,AUTO,1.10,4.40,2.89,OK,1.10,4.40,2.71,OK,
[15:57:21] : 측정요구3 ON
[15:57:28] : 측정요구3 OFF
[15:57:28] : 측정요구4 ON
[15:57:35] : 측정요구4 OFF
[15:57:35] : 61,20190122-155736,AL19011937453,,OK,MAX,2,3,AUTO,1.10,4.40,2.40,OK,1.10,4.40,2.00,OK,
[15:58:00] : REQUEST MEAS. ON
[15:58:08] : REQUEST MEAS. OFF
[15:58:08] : 측정요구 ON 2
[15:58:15] : 측정요구 2OFF
[15:58:15] : 61,20190122-155816,AL19011937463,,OK,MAX,1,2,AUTO,1.10,4.40,3.70,OK,1.10,4.40,3.81,OK,
[15:58:17] : 측정요구3 ON
[15:58:24] : 측정요구3 OFF
[15:58:24] : 측정요구4 ON
[15:58:31] : 측정요구4 OFF
[15:58:31] : 61,20190122-155832,AL19011937473,,OK,MAX,2,3,AUTO,1.10,4.40,2.21,OK,1.10,4.40,2.00,OK,
[15:58:54] : REQUEST MEAS. ON
[15:59:01] : REQUEST MEAS. OFF
[15:59:01] : 측정요구 ON 2
[15:59:08] : 측정요구 2OFF
[15:59:08] : 61,20190122-155909,AL19011930991,,OK,MAX,1,2,AUTO,1.10,4.40,1.89,OK,1.10,4.40,1.82,OK,
[15:59:31] : 측정요구3 ON
[15:59:38] : 측정요구3 OFF
[15:59:38] : 측정요구4 ON
[15:59:45] : 측정요구4 OFF
[15:59:45] : 61,20190122-155946,AL19011931001,,OK,MAX,2,3,AUTO,1.10,4.40,3.10,OK,1.10,4.40,2.41,OK,
[16:00:02] : REQUEST MEAS. ON
[16:00:10] : REQUEST MEAS. OFF
[16:00:10] : 측정요구 ON 2
[16:00:17] : 측정요구 2OFF
[16:00:17] : 61,20190122-160018,AL19011931011,,OK,MAX,1,2,AUTO,1.10,4.40,1.89,OK,1.10,4.40,1.82,OK,
[16:02:23] : REQUEST MEAS. ON
[16:02:30] : REQUEST MEAS. OFF
[16:02:31] : 측정요구 ON 2
[16:02:38] : 측정요구 2OFF
[16:02:38] : 61,20190122-160238,AL19011931021,,OK,MAX,1,2,AUTO,1.10,4.40,1.70,OK,1.10,4.40,1.81,OK,
[16:02:40] : 측정요구3 ON
[16:02:47] : 측정요구3 OFF
[16:02:47] : 측정요구4 ON
[16:02:55] : 측정요구4 OFF
[16:02:55] : 61,20190122-160256,AL19011931051,,OK,MAX,2,3,AUTO,1.10,4.40,2.21,OK,1.10,4.40,2.21,OK,
[16:04:08] : REQUEST MEAS. ON
[16:04:15] : REQUEST MEAS. OFF
[16:04:16] : 측정요구 ON 2
[16:04:23] : 측정요구 2OFF
[16:04:23] : 61,20190122-160423,AL19011931061,,OK,MAX,1,2,AUTO,1.10,4.40,1.39,OK,1.10,4.40,1.50,OK,
[16:06:10] : REQUEST MEAS. ON
[16:06:17] : REQUEST MEAS. OFF
[16:06:17] : 측정요구 ON 2
[16:06:25] : 측정요구 2OFF
[16:06:25] : 61,20190122-160626,AL19011931071,,OK,MAX,1,2,AUTO,1.10,4.40,2.40,OK,1.10,4.40,2.21,OK,
[16:07:27] : REQUEST MEAS. ON
[16:07:34] : REQUEST MEAS. OFF
[16:07:34] : 측정요구 ON 2
[16:07:41] : 측정요구 2OFF
[16:07:41] : 61,20190122-160742,AL19011930981,,OK,MAX,1,2,AUTO,1.10,4.40,1.70,OK,1.10,4.40,1.71,OK,
[16:07:43] : 측정요구3 ON
[16:07:50] : 측정요구3 OFF
[16:07:50] : 측정요구4 ON
[16:07:57] : 측정요구4 OFF
[16:07:57] : 61,20190122-160758,AL19011931031,,OK,MAX,2,3,AUTO,1.10,4.40,2.10,OK,1.10,4.40,1.81,OK,
[16:08:20] : REQUEST MEAS. ON
[16:08:27] : REQUEST MEAS. OFF
[16:08:27] : 측정요구 ON 2
[16:08:34] : 측정요구 2OFF
[16:08:34] : 61,20190122-160835,AL19011936053,,OK,MAX,1,2,AUTO,1.10,4.40,2.39,OK,1.10,4.40,2.61,OK,
[16:08:37] : 측정요구3 ON
[16:08:44] : 측정요구3 OFF
[16:08:44] : 측정요구4 ON
[16:08:52] : 측정요구4 OFF
[16:08:52] : 61,20190122-160852,AL19011936043,,OK,MAX,2,3,AUTO,1.10,4.40,2.31,OK,1.10,4.40,2.60,OK,
[16:09:13] : REQUEST MEAS. ON
[16:09:20] : REQUEST MEAS. OFF
[16:09:20] : 측정요구 ON 2
[16:09:28] : 측정요구 2OFF
[16:09:28] : 61,20190122-160928,AL19011936023,,OK,MAX,1,2,AUTO,1.10,4.40,3.59,OK,1.10,4.40,3.91,OK,
[16:09:31] : 측정요구3 ON
[16:09:38] : 측정요구3 OFF
[16:09:38] : 측정요구4 ON
[16:09:46] : 측정요구4 OFF
[16:09:46] : 61,20190122-160947,AL19011936283,,OK,MAX,2,3,AUTO,1.10,4.40,1.60,OK,1.10,4.40,1.40,OK,
[16:10:09] : REQUEST MEAS. ON
[16:10:16] : REQUEST MEAS. OFF
[16:10:16] : 측정요구 ON 2
[16:10:23] : 측정요구 2OFF
[16:10:23] : 61,20190122-161024,AL19011936013,,OK,MAX,1,2,AUTO,1.10,4.40,2.89,OK,1.10,4.40,2.72,OK,
[16:10:27] : 측정요구3 ON
[16:10:34] : 측정요구3 OFF
[16:10:34] : 측정요구4 ON
[16:10:41] : 측정요구4 OFF
[16:10:41] : 61,20190122-161042,AL19011936313,,OK,MAX,2,3,AUTO,1.10,4.40,2.40,OK,1.10,4.40,2.42,OK,
[16:11:02] : REQUEST MEAS. ON
[16:11:10] : REQUEST MEAS. OFF
[16:11:10] : 측정요구 ON 2
[16:11:17] : 측정요구 2OFF
[16:11:17] : 61,20190122-161118,AL19011936323,,OK,MAX,1,2,AUTO,1.10,4.40,2.20,OK,1.10,4.40,2.51,OK,
[16:11:22] : 측정요구3 ON
[16:11:29] : 측정요구3 OFF
[16:11:29] : 측정요구4 ON
[16:11:36] : 측정요구4 OFF
[16:11:36] : 61,20190122-161137,AL19011936303,,OK,MAX,2,3,AUTO,1.10,4.40,1.89,OK,1.10,4.40,1.50,OK,
[16:11:59] : REQUEST MEAS. ON
[16:12:06] : REQUEST MEAS. OFF
[16:12:06] : 측정요구 ON 2
[16:12:13] : 측정요구 2OFF
[16:12:13] : 61,20190122-161214,AL19011936123,,OK,MAX,1,2,AUTO,1.10,4.40,2.20,OK,1.10,4.40,2.61,OK,
[16:12:16] : 측정요구3 ON
[16:12:23] : 측정요구3 OFF
[16:12:23] : 측정요구4 ON
[16:12:31] : 측정요구4 OFF
[16:12:31] : 61,20190122-161231,AL19011936293,,OK,MAX,2,3,AUTO,1.10,4.40,1.70,OK,1.10,4.40,1.71,OK,
[16:12:54] : REQUEST MEAS. ON
[16:13:01] : REQUEST MEAS. OFF
[16:13:01] : 측정요구 ON 2
[16:13:09] : 측정요구 2OFF
[16:13:09] : 61,20190122-161310,AL19011936433,,OK,MAX,1,2,AUTO,1.10,4.40,2.99,OK,1.10,4.40,2.92,OK,
[16:13:12] : 측정요구3 ON
[16:13:19] : 측정요구3 OFF
[16:13:19] : 측정요구4 ON
[16:13:27] : 측정요구4 OFF
[16:13:27] : 61,20190122-161327,AL19011936443,,OK,MAX,2,3,AUTO,1.10,4.40,2.40,OK,1.10,4.40,2.31,OK,
[16:13:50] : REQUEST MEAS. ON
[16:13:57] : REQUEST MEAS. OFF
[16:13:57] : 측정요구 ON 2
[16:14:05] : 측정요구 2OFF
[16:14:05] : 61,20190122-161405,AL19011936453,,OK,MAX,1,2,AUTO,1.10,4.40,3.19,OK,1.10,4.40,3.02,OK,
[16:14:06] : 측정요구3 ON
[16:14:13] : 측정요구3 OFF
[16:14:13] : 측정요구4 ON
[16:14:21] : 측정요구4 OFF
[16:14:21] : 61,20190122-161421,AL19011936583,,OK,MAX,2,3,AUTO,1.10,4.40,2.71,OK,1.10,4.40,2.61,OK,
[16:14:43] : REQUEST MEAS. ON
[16:14:50] : REQUEST MEAS. OFF
[16:14:50] : 측정요구 ON 2
[16:14:58] : 측정요구 2OFF
[16:14:58] : 61,20190122-161458,AL19011936593,,OK,MAX,1,2,AUTO,1.10,4.40,2.20,OK,1.10,4.40,2.42,OK,
[16:15:03] : 측정요구3 ON
[16:15:10] : 측정요구3 OFF
[16:15:10] : 측정요구4 ON
[16:15:17] : 측정요구4 OFF
[16:15:17] : 61,20190122-161518,AL19011936733,,OK,MAX,2,3,AUTO,1.10,4.40,2.10,OK,1.10,4.40,2.00,OK,
[16:15:38] : REQUEST MEAS. ON
[16:15:45] : REQUEST MEAS. OFF
[16:15:45] : 측정요구 ON 2
[16:15:52] : 측정요구 2OFF
[16:15:52] : 61,20190122-161553,AL19011936603,,OK,MAX,1,2,AUTO,1.10,4.40,3.09,OK,1.10,4.40,3.11,OK,
[16:16:17] : 측정요구3 ON
[16:16:24] : 측정요구3 OFF
[16:16:24] : 측정요구4 ON
[16:16:32] : 측정요구4 OFF
[16:16:32] : 61,20190122-161632,AL19011936713,,OK,MAX,2,3,AUTO,1.10,4.40,4.19,OK,1.10,4.40,3.82,OK,
[16:16:46] : REQUEST MEAS. ON
[16:16:53] : REQUEST MEAS. OFF
[16:16:53] : 측정요구 ON 2
[16:17:01] : 측정요구 2OFF
[16:17:01] : 61,20190122-161701,AL19011936613,,OK,MAX,1,2,AUTO,1.10,4.40,2.31,OK,1.10,4.40,2.61,OK,
[16:17:08] : 측정요구3 ON
[16:17:16] : 측정요구3 OFF
[16:17:16] : 측정요구4 ON
[16:17:23] : 측정요구4 OFF
[16:17:23] : 61,20190122-161724,AL19011936723,,OK,MAX,2,3,AUTO,1.10,4.40,2.31,OK,1.10,4.40,2.00,OK,
[16:17:44] : REQUEST MEAS. ON
[16:17:51] : REQUEST MEAS. OFF
[16:17:51] : 측정요구 ON 2
[16:17:58] : 측정요구 2OFF
[16:17:58] : 61,20190122-161759,AL19011931711,,OK,MAX,1,2,AUTO,1.10,4.40,2.60,OK,1.10,4.40,2.61,OK,
[16:18:20] : 측정요구3 ON
[16:18:27] : 측정요구3 OFF
[16:18:27] : 측정요구4 ON
[16:18:35] : 측정요구4 OFF
[16:18:35] : 61,20190122-161836,AL19011931741,,OK,MAX,2,3,AUTO,1.10,4.40,2.40,OK,1.10,4.40,2.31,OK,
[16:18:51] : REQUEST MEAS. ON
[16:18:58] : REQUEST MEAS. OFF
[16:18:58] : 측정요구 ON 2
[16:19:05] : 측정요구 2OFF
[16:19:05] : 61,20190122-161906,AL19011931731,,OK,MAX,1,2,AUTO,1.10,4.40,1.89,OK,1.10,4.40,2.11,OK,
[16:20:08] : REQUEST MEAS. ON
[16:20:16] : REQUEST MEAS. OFF
[16:20:16] : 측정요구3 ON
[16:20:16] : 측정요구 ON 2
[16:20:23] : 측정요구 2OFF
[16:20:23] : 측정요구3 OFF
[16:20:23] : 61,20190122-162023,AL19011931751,,OK,MAX,1,2,AUTO,1.10,4.40,2.00,OK,1.10,4.40,2.31,OK,
[16:20:23] : 측정요구4 ON
[16:20:30] : 측정요구4 OFF
[16:20:30] : 61,20190122-162031,AL19011931751,,OK,MAX,2,3,AUTO,1.10,4.40,2.40,OK,1.10,4.40,2.00,OK,
[16:20:56] : REQUEST MEAS. ON
[16:21:04] : REQUEST MEAS. OFF
[16:21:04] : 측정요구 ON 2
[16:21:11] : 측정요구 2OFF
[16:21:11] : 61,20190122-162112,AL19011931771,,OK,MAX,1,2,AUTO,1.10,4.40,1.79,OK,1.10,4.40,2.21,OK,
[16:21:11] : 측정요구3 ON
[16:21:19] : 측정요구3 OFF
[16:21:19] : 측정요구4 ON
[16:21:26] : 측정요구4 OFF
[16:21:26] : 61,20190122-162127,AL19011931781,,OK,MAX,2,3,AUTO,1.10,4.40,2.60,OK,1.10,4.40,2.71,OK,
[16:21:44] : REQUEST MEAS. ON
[16:21:51] : REQUEST MEAS. OFF
[16:21:51] : 측정요구 ON 2
[16:21:58] : 측정요구 2OFF
[16:21:58] : 61,20190122-162159,AL19011931791,,OK,MAX,1,2,AUTO,1.10,4.40,1.90,OK,1.10,4.40,1.92,OK,
[16:21:58] : 측정요구3 ON
[16:22:06] : 측정요구3 OFF
[16:22:06] : 측정요구4 ON
[16:22:13] : 측정요구4 OFF
[16:22:13] : 61,20190122-162214,AL19011931801,,OK,MAX,2,3,AUTO,1.10,4.40,2.61,OK,1.10,4.40,2.40,OK,
[16:22:30] : REQUEST MEAS. ON
[16:22:38] : REQUEST MEAS. OFF
[16:22:38] : 측정요구 ON 2
[16:22:45] : 측정요구 2OFF
[16:22:45] : 61,20190122-162245,AL19011931721,,OK,MAX,1,2,AUTO,1.10,4.40,1.90,OK,1.10,4.40,2.00,OK,
[16:22:52] : 측정요구3 ON
[16:22:59] : 측정요구3 OFF
[16:22:59] : 측정요구4 ON
[16:23:06] : 측정요구4 OFF
[16:23:06] : 61,20190122-162306,AL19011932771,,OK,MAX,2,3,AUTO,1.10,4.40,2.20,OK,1.10,4.40,2.01,OK,
[16:23:17] : REQUEST MEAS. ON
[16:23:24] : REQUEST MEAS. OFF
[16:23:24] : 측정요구 ON 2
[16:23:32] : 측정요구 2OFF
[16:23:32] : 61,20190122-162332,AL19011932781,,OK,MAX,1,2,AUTO,1.10,4.40,3.30,OK,1.10,4.40,3.32,OK,
[16:23:35] : 측정요구3 ON
[16:23:42] : 측정요구3 OFF
[16:23:42] : 측정요구4 ON
[16:23:49] : 측정요구4 OFF
[16:23:49] : 61,20190122-162350,AL19011932791,,OK,MAX,2,3,AUTO,1.10,4.40,1.70,OK,1.10,4.40,1.50,OK,
[16:24:06] : REQUEST MEAS. ON
[16:24:13] : REQUEST MEAS. OFF
[16:24:13] : 측정요구 ON 2
[16:24:21] : 측정요구 2OFF
[16:24:21] : 61,20190122-162421,AL19011932801,,OK,MAX,1,2,AUTO,1.10,4.40,2.50,OK,1.10,4.40,2.51,OK,
[16:24:24] : 측정요구3 ON
[16:24:31] : 측정요구3 OFF
[16:24:32] : 측정요구4 ON
[16:24:39] : 측정요구4 OFF
[16:24:39] : 61,20190122-162440,AL19011932761,,OK,MAX,2,3,AUTO,1.10,4.40,1.90,OK,1.10,4.40,1.61,OK,
[16:24:56] : REQUEST MEAS. ON
[16:25:03] : REQUEST MEAS. OFF
[16:25:04] : 측정요구 ON 2
[16:25:11] : 측정요구 2OFF
[16:25:11] : 61,20190122-162511,AL19011932851,,OK,MAX,1,2,AUTO,1.10,4.40,3.20,OK,1.10,4.40,2.81,OK,
[16:25:12] : 측정요구3 ON
[16:25:19] : 측정요구3 OFF
[16:25:19] : 측정요구4 ON
[16:25:27] : 측정요구4 OFF
[16:25:27] : 61,20190122-162527,AL19011932841,,OK,MAX,2,3,AUTO,1.10,4.40,2.50,OK,1.10,4.40,1.81,OK,
[16:25:48] : REQUEST MEAS. ON
[16:25:55] : REQUEST MEAS. OFF
[16:25:55] : 측정요구 ON 2
[16:26:03] : 측정요구 2OFF
[16:26:03] : 61,20190122-162604,AL19011932831,,OK,MAX,1,2,AUTO,1.10,4.40,4.20,OK,1.10,4.40,4.00,OK,
[16:26:07] : 측정요구3 ON
[16:26:14] : 측정요구3 OFF
[16:26:14] : 측정요구4 ON
[16:26:21] : 측정요구4 OFF
[16:26:21] : 61,20190122-162621,AL19011932821,,OK,MAX,2,3,AUTO,1.10,4.40,2.10,OK,1.10,4.40,1.61,OK,
[16:26:42] : REQUEST MEAS. ON
[16:26:49] : REQUEST MEAS. OFF
[16:26:49] : 측정요구 ON 2
[16:26:57] : 측정요구 2OFF
[16:26:57] : 61,20190122-162657,AL19011932811,,OK,MAX,1,2,AUTO,1.10,4.40,3.70,OK,1.10,4.40,3.52,OK,
[16:26:59] : 측정요구3 ON
[16:27:06] : 측정요구3 OFF
[16:27:06] : 측정요구4 ON
[16:27:14] : 측정요구4 OFF
[16:27:14] : 61,20190122-162715,AL19011935633,,OK,MAX,2,3,AUTO,1.10,4.40,2.40,OK,1.10,4.40,1.81,OK,
[16:27:53] : REQUEST MEAS. ON
[16:28:00] : REQUEST MEAS. OFF
[16:28:00] : 측정요구 ON 2
[16:28:07] : 측정요구 2OFF
[16:28:07] : 61,20190122-162808,AL19011935643,,OK,MAX,1,2,AUTO,1.10,4.40,2.71,OK,1.10,4.40,2.71,OK,
[16:28:11] : 측정요구3 ON
[16:28:18] : 측정요구3 OFF
[16:28:18] : 측정요구4 ON
[16:28:25] : 측정요구4 OFF
[16:28:25] : 61,20190122-162826,AL19011935653,,OK,MAX,2,3,AUTO,1.10,4.40,1.70,OK,1.10,4.40,1.50,OK,
[16:28:46] : REQUEST MEAS. ON
[16:28:53] : REQUEST MEAS. OFF
[16:28:53] : 측정요구 ON 2
[16:29:00] : 측정요구 2OFF
[16:29:00] : 61,20190122-162901,AL19011935623,,OK,MAX,1,2,AUTO,1.10,4.40,2.00,OK,1.10,4.40,2.10,OK,
[16:29:06] : 측정요구3 ON
[16:29:13] : 측정요구3 OFF
[16:29:13] : 측정요구4 ON
[16:29:20] : 측정요구4 OFF
[16:29:20] : 61,20190122-162921,AL19011935663,,OK,MAX,2,3,AUTO,1.10,4.40,2.40,OK,1.10,4.40,2.51,OK,
[16:29:40] : REQUEST MEAS. ON
[16:29:47] : REQUEST MEAS. OFF
[16:29:48] : 측정요구 ON 2
[16:29:55] : 측정요구 2OFF
[16:29:55] : 61,20190122-162955,AL19011935673,,OK,MAX,1,2,AUTO,1.10,4.40,2.20,OK,1.10,4.40,2.00,OK,
[16:29:58] : 측정요구3 ON
[16:30:05] : 측정요구3 OFF
[16:30:05] : 측정요구4 ON
[16:30:13] : 측정요구4 OFF
[16:30:13] : 61,20190122-163013,AL19011935683,,OK,MAX,2,3,AUTO,1.10,4.40,1.79,OK,1.10,4.40,1.51,OK,
[16:31:47] : REQUEST MEAS. ON
[16:31:54] : REQUEST MEAS. OFF
[16:31:54] : 측정요구 ON 2
[16:32:01] : 측정요구 2OFF
[16:32:01] : 61,20190122-163202,AL19011935693,,OK,MAX,1,2,AUTO,1.10,4.40,1.29,OK,1.10,4.40,1.31,OK,
[16:33:44] : REQUEST MEAS. ON
[16:33:52] : REQUEST MEAS. OFF
[16:33:52] : 측정요구 ON 2
[16:33:59] : 측정요구 2OFF
[16:33:59] : 61,20190122-163400,AL19011935703,,OK,MAX,1,2,AUTO,1.10,4.40,2.31,OK,1.10,4.40,2.21,OK,
[16:34:04] : 측정요구3 ON
[16:34:11] : 측정요구3 OFF
[16:34:11] : 측정요구4 ON
[16:34:18] : 측정요구4 OFF
[16:34:18] : 61,20190122-163418,AL19011935713,,OK,MAX,2,3,AUTO,1.10,4.40,2.40,OK,1.10,4.40,1.92,OK,
[16:34:38] : REQUEST MEAS. ON
[16:34:45] : REQUEST MEAS. OFF
[16:34:45] : 측정요구 ON 2
[16:34:52] : 측정요구 2OFF
[16:34:52] : 61,20190122-163453,AL19011936113,,OK,MAX,1,2,AUTO,1.10,4.40,3.30,OK,1.10,4.40,3.60,OK,
[16:34:52] : 측정요구3 ON
[16:35:00] : 측정요구3 OFF
[16:35:00] : 측정요구4 ON
[16:35:07] : 측정요구4 OFF
[16:35:07] : 61,20190122-163508,AL19011935943,,OK,MAX,2,3,AUTO,1.10,4.40,2.70,OK,1.10,4.40,2.31,OK,
[16:35:30] : REQUEST MEAS. ON
[16:35:37] : REQUEST MEAS. OFF
[16:35:37] : 측정요구 ON 2
[16:35:45] : 측정요구 2OFF
[16:35:45] : 61,20190122-163546,AL19011935933,,OK,MAX,1,2,AUTO,1.10,4.40,2.00,OK,1.10,4.40,1.90,OK,
[16:35:45] : 측정요구3 ON
[16:35:53] : 측정요구3 OFF
[16:35:53] : 측정요구4 ON
[16:36:00] : 측정요구4 OFF
[16:36:00] : 61,20190122-163601,AL19011935953,,OK,MAX,2,3,AUTO,1.10,4.40,2.29,OK,1.10,4.40,2.21,OK,
[16:36:18] : REQUEST MEAS. ON
[16:36:25] : REQUEST MEAS. OFF
[16:36:26] : 측정요구 ON 2
[16:36:33] : 측정요구 2OFF
[16:36:33] : 61,20190122-163633,AL19011935963,,OK,MAX,1,2,AUTO,1.10,4.40,2.99,OK,1.10,4.40,2.61,OK,
[16:36:35] : 측정요구3 ON
[16:36:42] : 측정요구3 OFF
[16:36:42] : 측정요구4 ON
[16:36:49] : 측정요구4 OFF
[16:36:49] : 61,20190122-163649,AL19011935973,,OK,MAX,2,3,AUTO,1.10,4.40,2.70,OK,1.10,4.40,2.51,OK,
[16:37:08] : REQUEST MEAS. ON
[16:37:15] : REQUEST MEAS. OFF
[16:37:15] : 측정요구 ON 2
[16:37:22] : 측정요구 2OFF
[16:37:22] : 61,20190122-163723,AL19011935983,,OK,MAX,1,2,AUTO,1.10,4.40,1.90,OK,1.10,4.40,1.90,OK,
[16:37:22] : 측정요구3 ON
[16:37:30] : 측정요구3 OFF
[16:37:30] : 측정요구4 ON
[16:37:37] : 측정요구4 OFF
[16:37:37] : 61,20190122-163738,AL19011935993,,OK,MAX,2,3,AUTO,1.10,4.40,1.70,OK,1.10,4.40,1.71,OK,
[16:37:56] : REQUEST MEAS. ON
[16:38:03] : REQUEST MEAS. OFF
[16:38:04] : 측정요구 ON 2
[16:38:11] : 측정요구 2OFF
[16:38:11] : 61,20190122-163812,AL19011935923,,OK,MAX,1,2,AUTO,1.10,4.40,1.39,OK,1.10,4.40,1.60,OK,
[16:38:11] : 측정요구3 ON
[16:38:19] : 측정요구3 OFF
[16:38:19] : 측정요구4 ON
[16:38:26] : 측정요구4 OFF
[16:38:26] : 61,20190122-163827,AL19011936003,,OK,MAX,2,3,AUTO,1.10,4.40,2.20,OK,1.10,4.40,2.00,OK,
[16:38:46] : REQUEST MEAS. ON
[16:38:53] : REQUEST MEAS. OFF
[16:38:53] : 측정요구 ON 2
[16:39:00] : 측정요구 2OFF
[16:39:00] : 61,20190122-163901,AL19011937553,,OK,MAX,1,2,AUTO,1.10,4.40,2.21,OK,1.10,4.40,2.61,OK,
[16:39:00] : 측정요구3 ON
[16:39:08] : 측정요구3 OFF
[16:39:08] : 측정요구4 ON
[16:39:16] : 측정요구4 OFF
[16:39:16] : 61,20190122-163916,AL19011937633,,OK,MAX,2,3,AUTO,1.10,4.40,2.00,OK,1.10,4.40,2.61,OK,
[16:39:36] : REQUEST MEAS. ON
[16:39:43] : REQUEST MEAS. OFF
[16:39:43] : 측정요구 ON 2
[16:39:51] : 측정요구 2OFF
[16:39:51] : 61,20190122-163951,AL19011937623,,OK,MAX,1,2,AUTO,1.10,4.40,1.70,OK,1.10,4.40,1.60,OK,
[16:39:51] : 측정요구3 ON
[16:39:59] : 측정요구3 OFF
[16:39:59] : 측정요구4 ON
[16:40:06] : 측정요구4 OFF
[16:40:06] : 61,20190122-164006,AL19011937703,,OK,MAX,2,3,AUTO,1.10,4.40,2.80,OK,1.10,4.40,2.21,OK,
[16:40:25] : REQUEST MEAS. ON
[16:40:32] : REQUEST MEAS. OFF
[16:40:32] : 측정요구 ON 2
[16:40:39] : 측정요구 2OFF
[16:40:39] : 61,20190122-164039,AL19011937713,,OK,MAX,1,2,AUTO,1.10,4.40,2.51,OK,1.10,4.40,2.50,OK,
[16:40:39] : 측정요구3 ON
[16:40:46] : 측정요구3 OFF
[16:40:46] : 측정요구4 ON
[16:40:54] : 측정요구4 OFF
[16:40:54] : 61,20190122-164054,AL19011937743,,OK,MAX,2,3,AUTO,1.10,4.40,2.29,OK,1.10,4.40,1.81,OK,
[16:41:14] : REQUEST MEAS. ON
[16:41:21] : REQUEST MEAS. OFF
[16:41:21] : 측정요구 ON 2
[16:41:29] : 측정요구 2OFF
[16:41:29] : 61,20190122-164130,AL19011937693,,OK,MAX,1,2,AUTO,1.10,4.40,4.00,OK,1.10,4.40,3.89,OK,
[16:41:29] : 측정요구3 ON
[16:41:37] : 측정요구3 OFF
[16:41:37] : 측정요구4 ON
[16:41:45] : 측정요구4 OFF
[16:41:45] : 61,20190122-164145,AL19011937683,,OK,MAX,2,3,AUTO,1.10,4.40,1.89,OK,1.10,4.40,1.51,OK,
[16:42:04] : REQUEST MEAS. ON
[16:42:11] : REQUEST MEAS. OFF
[16:42:11] : 측정요구 ON 2
[16:42:19] : 측정요구 2OFF
[16:42:19] : 61,20190122-164219,AL19011937673,,OK,MAX,1,2,AUTO,1.10,4.40,1.29,OK,1.10,4.40,1.50,OK,
[16:42:19] : 측정요구3 ON
[16:42:26] : 측정요구3 OFF
[16:42:26] : 측정요구4 ON
[16:42:34] : 측정요구4 OFF
[16:42:34] : 61,20190122-164234,AL19011930221,,OK,MAX,2,3,AUTO,1.10,4.40,2.40,OK,1.10,4.40,2.42,OK,
[16:42:57] : REQUEST MEAS. ON
[16:43:04] : REQUEST MEAS. OFF
[16:43:04] : 측정요구 ON 2
[16:43:12] : 측정요구 2OFF
[16:43:12] : 61,20190122-164312,AL19011930231,,OK,MAX,1,2,AUTO,1.10,4.40,1.29,OK,1.10,4.40,1.39,OK,
[16:43:12] : 측정요구3 ON
[16:43:19] : 측정요구3 OFF
[16:43:19] : 측정요구4 ON
[16:43:27] : 측정요구4 OFF
[16:43:27] : 61,20190122-164328,AL19011930261,,OK,MAX,2,3,AUTO,1.10,4.40,1.70,OK,1.10,4.40,1.81,OK,
[16:43:51] : REQUEST MEAS. ON
[16:43:58] : REQUEST MEAS. OFF
[16:43:58] : 측정요구 ON 2
[16:44:05] : 측정요구 2OFF
[16:44:05] : 61,20190122-164406,AL19011930241,,OK,MAX,1,2,AUTO,1.10,4.40,1.60,OK,1.10,4.40,1.60,OK,
[16:44:07] : 측정요구3 ON
[16:44:14] : 측정요구3 OFF
[16:44:14] : 측정요구4 ON
[16:44:21] : 측정요구4 OFF
[16:44:21] : 61,20190122-164422,AL19011930171,,OK,MAX,2,3,AUTO,1.10,4.40,2.40,OK,1.10,4.40,2.31,OK,
[16:44:44] : REQUEST MEAS. ON
[16:44:51] : REQUEST MEAS. OFF
[16:44:51] : 측정요구 ON 2
[16:44:58] : 측정요구 2OFF
[16:44:58] : 61,20190122-164459,AL19011930361,,OK,MAX,1,2,AUTO,1.10,4.40,2.00,OK,1.10,4.40,2.20,OK,
[16:45:02] : 측정요구3 ON
[16:45:10] : 측정요구3 OFF
[16:45:10] : 측정요구4 ON
[16:45:17] : 측정요구4 OFF
[16:45:17] : 61,20190122-164517,AL19011930281,,OK,MAX,2,3,AUTO,1.10,4.40,2.89,OK,1.10,4.40,2.42,OK,
[16:45:39] : REQUEST MEAS. ON
[16:45:46] : REQUEST MEAS. OFF
[16:45:46] : 측정요구 ON 2
[16:45:53] : 측정요구 2OFF
[16:45:53] : 61,20190122-164553,AL19011930291,,OK,MAX,1,2,AUTO,1.10,4.40,2.21,OK,1.10,4.40,2.20,OK,
[16:45:56] : 측정요구3 ON
[16:46:03] : 측정요구3 OFF
[16:46:03] : 측정요구4 ON
[16:46:10] : 측정요구4 OFF
[16:46:10] : 61,20190122-164611,AL19011930301,,OK,MAX,2,3,AUTO,1.10,4.40,2.89,OK,1.10,4.40,2.51,OK,
[16:46:32] : REQUEST MEAS. ON
[16:46:39] : REQUEST MEAS. OFF
[16:46:39] : 측정요구 ON 2
[16:46:47] : 측정요구 2OFF
[16:46:47] : 61,20190122-164647,AL19011930251,,OK,MAX,1,2,AUTO,1.10,4.40,2.40,OK,1.10,4.40,2.21,OK,
[16:47:12] : 측정요구3 ON
[16:47:19] : 측정요구3 OFF
[16:47:19] : 측정요구4 ON
[16:47:27] : 측정요구4 OFF
[16:47:27] : 61,20190122-164728,AL19011936563,,OK,MAX,2,3,AUTO,1.10,4.40,2.60,OK,1.10,4.40,2.42,OK,
[16:47:42] : REQUEST MEAS. ON
[16:47:49] : REQUEST MEAS. OFF
[16:47:49] : 측정요구 ON 2
[16:47:56] : 측정요구 2OFF
[16:47:56] : 61,20190122-164757,AL19011936553,,OK,MAX,1,2,AUTO,1.10,4.40,2.51,OK,1.10,4.40,2.31,OK,
[16:48:01] : 측정요구3 ON
[16:48:08] : 측정요구3 OFF
[16:48:08] : 측정요구4 ON
[16:48:15] : 측정요구4 OFF
[16:48:15] : 61,20190122-164816,AL19011936533,,OK,MAX,2,3,AUTO,1.10,4.40,3.30,OK,1.10,4.40,2.71,OK,
[16:48:38] : REQUEST MEAS. ON
[16:48:45] : REQUEST MEAS. OFF
[16:48:45] : 측정요구 ON 2
[16:48:52] : 측정요구 2OFF
[16:48:52] : 61,20190122-164853,AL19011936523,,OK,MAX,1,2,AUTO,1.10,4.40,2.21,OK,1.10,4.40,2.31,OK,
[16:48:58] : 측정요구3 ON
[16:49:05] : 측정요구3 OFF
[16:49:05] : 측정요구4 ON
[16:49:12] : 측정요구4 OFF
[16:49:12] : 61,20190122-164913,AL19011936483,,OK,MAX,2,3,AUTO,1.10,4.40,2.31,OK,1.10,4.40,1.91,OK,
[16:49:33] : REQUEST MEAS. ON
[16:49:40] : REQUEST MEAS. OFF
[16:49:40] : 측정요구 ON 2
[16:49:47] : 측정요구 2OFF
[16:49:47] : 61,20190122-164948,AL19011936693,,OK,MAX,1,2,AUTO,1.10,4.40,2.21,OK,1.10,4.40,2.31,OK,
[16:49:52] : 측정요구3 ON
[16:49:59] : 측정요구3 OFF
[16:49:59] : 측정요구4 ON
[16:50:06] : 측정요구4 OFF
[16:50:06] : 61,20190122-165007,AL19011936703,,OK,MAX,2,3,AUTO,1.10,4.40,2.40,OK,1.10,4.40,2.11,OK,
[16:50:27] : REQUEST MEAS. ON
[16:50:34] : REQUEST MEAS. OFF
[16:50:34] : 측정요구 ON 2
[16:50:42] : 측정요구 2OFF
[16:50:42] : 61,20190122-165042,AL19011936513,,OK,MAX,1,2,AUTO,1.10,4.40,2.61,OK,1.10,4.40,2.91,OK,
[16:50:46] : 측정요구3 ON
[16:50:53] : 측정요구3 OFF
[16:50:53] : 측정요구4 ON
[16:51:01] : 측정요구4 OFF
[16:51:01] : 61,20190122-165101,AL19011936493,,OK,MAX,2,3,AUTO,1.10,4.40,4.39,OK,1.10,4.40,3.92,OK,
[16:51:21] : REQUEST MEAS. ON
[16:51:28] : REQUEST MEAS. OFF
[16:51:29] : 측정요구 ON 2
[16:51:36] : 측정요구 2OFF
[16:51:36] : 61,20190122-165137,AL19011936503,,OK,MAX,1,2,AUTO,1.10,4.40,1.81,OK,1.10,4.40,1.81,OK,
[16:52:00] : 측정요구3 ON
[16:52:07] : 측정요구3 OFF
[16:52:07] : 측정요구4 ON
[16:52:14] : 측정요구4 OFF
[16:52:14] : 61,20190122-165214,AL19011936623,,OK,MAX,2,3,AUTO,1.10,4.40,2.20,OK,1.10,4.40,1.71,OK,
[16:52:30] : REQUEST MEAS. ON
[16:52:37] : REQUEST MEAS. OFF
[16:52:37] : 측정요구 ON 2
[16:52:44] : 측정요구 2OFF
[16:52:44] : 61,20190122-165245,AL19011936633,,OK,MAX,1,2,AUTO,1.10,4.40,1.29,OK,1.10,4.40,1.90,OK,
[16:52:51] : 측정요구3 ON
[16:52:58] : 측정요구3 OFF
[16:52:58] : 측정요구4 ON
[16:53:05] : 측정요구4 OFF
[16:53:05] : 61,20190122-165306,AL19011936653,,OK,MAX,2,3,AUTO,1.10,4.40,4.19,OK,1.10,4.40,3.63,OK,
[16:53:26] : REQUEST MEAS. ON
[16:53:33] : REQUEST MEAS. OFF
[16:53:33] : 측정요구 ON 2
[16:53:40] : 측정요구 2OFF
[16:53:40] : 61,20190122-165341,AL19011936643,,OK,MAX,1,2,AUTO,1.10,4.40,2.00,OK,1.10,4.40,2.31,OK,
[16:53:46] : 측정요구3 ON
[16:53:53] : 측정요구3 OFF
[16:53:53] : 측정요구4 ON
[16:54:00] : 측정요구4 OFF
[16:54:00] : 61,20190122-165401,AL19011936663,,OK,MAX,2,3,AUTO,1.10,4.40,3.49,OK,1.10,4.40,3.03,OK,
[16:54:21] : REQUEST MEAS. ON
[16:54:29] : REQUEST MEAS. OFF
[16:54:29] : 측정요구 ON 2
[16:54:36] : 측정요구 2OFF
[16:54:36] : 61,20190122-165436,AL19011936683,,OK,MAX,1,2,AUTO,1.10,4.40,2.61,OK,1.10,4.40,2.40,OK,
[16:54:40] : 측정요구3 ON
[16:54:47] : 측정요구3 OFF
[16:54:47] : 측정요구4 ON
[16:54:55] : 측정요구4 OFF
[16:54:55] : 61,20190122-165456,AL19011936573,,OK,MAX,2,3,AUTO,1.10,4.40,2.20,OK,1.10,4.40,1.92,OK,
[16:55:16] : REQUEST MEAS. ON
[16:55:23] : REQUEST MEAS. OFF
[16:55:23] : 측정요구 ON 2
[16:55:31] : 측정요구 2OFF
[16:55:31] : 61,20190122-165531,AL19011936473,,OK,MAX,1,2,AUTO,1.10,4.40,2.90,OK,1.10,4.40,2.71,OK,
[16:55:35] : 측정요구3 ON
[16:55:42] : 측정요구3 OFF
[16:55:42] : 측정요구4 ON
[16:55:49] : 측정요구4 OFF
[16:55:49] : 61,20190122-165550,AL19011936463,,OK,MAX,2,3,AUTO,1.10,4.40,1.90,OK,1.10,4.40,1.61,OK,
[16:56:10] : REQUEST MEAS. ON
[16:56:17] : REQUEST MEAS. OFF
[16:56:17] : 측정요구 ON 2
[16:56:25] : 측정요구 2OFF
[16:56:25] : 61,20190122-165625,AL19011936673,,OK,MAX,1,2,AUTO,1.10,4.40,2.00,OK,1.10,4.40,2.40,OK,
[16:56:44] : 측정요구3 ON
[16:56:51] : 측정요구3 OFF
[16:56:51] : 측정요구4 ON
[16:56:59] : 측정요구4 OFF
[16:56:59] : 61,20190122-165659,AL19011935733,,OK,MAX,2,3,AUTO,1.10,4.40,2.20,OK,1.10,4.40,1.71,OK,
[16:57:12] : REQUEST MEAS. ON
[16:57:19] : REQUEST MEAS. OFF
[16:57:19] : 측정요구 ON 2
[16:57:26] : 측정요구 2OFF
[16:57:26] : 61,20190122-165727,AL19011935773,,OK,MAX,1,2,AUTO,1.10,4.40,2.90,OK,1.10,4.40,2.40,OK,
[16:57:32] : 측정요구3 ON
[16:57:39] : 측정요구3 OFF
[16:57:39] : 측정요구4 ON
[16:57:47] : 측정요구4 OFF
[16:57:47] : 61,20190122-165747,AL19011935793,,OK,MAX,2,3,AUTO,1.10,4.40,1.79,OK,1.10,4.40,1.61,OK,
[16:58:06] : REQUEST MEAS. ON
[16:58:13] : REQUEST MEAS. OFF
[16:58:13] : 측정요구 ON 2
[16:58:20] : 측정요구 2OFF
[16:58:20] : 61,20190122-165820,AL19011935783,,OK,MAX,1,2,AUTO,1.10,4.40,2.81,OK,1.10,4.40,2.61,OK,
[16:58:36] : 측정요구3 ON
[16:58:43] : 측정요구3 OFF
[16:58:43] : 측정요구4 ON
[16:58:51] : 측정요구4 OFF
[16:58:51] : 61,20190122-165851,AL19011935723,,OK,MAX,2,3,AUTO,1.10,4.40,2.50,OK,1.10,4.40,2.21,OK,
[16:59:07] : REQUEST MEAS. ON
[16:59:14] : REQUEST MEAS. OFF
[16:59:14] : 측정요구 ON 2
[16:59:21] : 측정요구 2OFF
[16:59:21] : 61,20190122-165921,AL19011935803,,OK,MAX,1,2,AUTO,1.10,4.40,2.31,OK,1.10,4.40,2.30,OK,
[16:59:24] : 측정요구3 ON
[16:59:32] : 측정요구3 OFF
[16:59:32] : 측정요구4 ON
[16:59:39] : 측정요구4 OFF
[16:59:39] : 61,20190122-165939,AL19011935763,,OK,MAX,2,3,AUTO,1.10,4.40,2.71,OK,1.10,4.40,2.42,OK,
[17:00:00] : REQUEST MEAS. ON
[17:00:07] : REQUEST MEAS. OFF
[17:00:07] : 측정요구 ON 2
[17:00:15] : 측정요구 2OFF
[17:00:15] : 61,20190122-170015,AL19011935813,,OK,MAX,1,2,AUTO,1.10,4.40,2.51,OK,1.10,4.40,2.91,OK,
[17:00:15] : 측정요구3 ON
[17:00:22] : 측정요구3 OFF
[17:00:22] : 측정요구4 ON
[17:00:30] : 측정요구4 OFF
[17:00:30] : 61,20190122-170030,AL19011935823,,OK,MAX,2,3,AUTO,1.10,4.40,2.50,OK,1.10,4.40,1.92,OK,
[17:00:50] : REQUEST MEAS. ON
[17:00:57] : REQUEST MEAS. OFF
[17:00:57] : 측정요구 ON 2
[17:01:05] : 측정요구 2OFF
[17:01:05] : 61,20190122-170105,AL19011935833,,OK,MAX,1,2,AUTO,1.10,4.40,2.10,OK,1.10,4.40,2.40,OK,
[17:15:33] : PROGRAM END
 
[17:22:11] : PROGRAM START
[17:22:25] : AUTO RUNNING OFF
[17:22:25] : REQUEST MEAS. OFF
[17:22:25] : REQUEST ZEROSET OFF
[17:22:25] : REQUEST ZEROSET OFF
[17:22:45] : PROGRAM END
 
[17:23:22] : PROGRAM START
[17:23:35] : AUTO RUNNING OFF
[17:23:35] : REQUEST MEAS. OFF
[17:23:35] : REQUEST ZEROSET OFF
[17:23:35] : REQUEST ZEROSET OFF
[17:23:36] : PROGRAM END
 
[17:23:49] : PROGRAM START
[17:24:02] : AUTO RUNNING OFF
[17:24:02] : REQUEST MEAS. OFF
[17:24:02] : REQUEST ZEROSET OFF
[17:24:02] : REQUEST ZEROSET OFF
[18:34:16] : PROGRAM END
 
[18:35:50] : PROGRAM START
[18:36:04] : AUTO RUNNING OFF
[18:36:04] : REQUEST MEAS. OFF
[18:36:04] : REQUEST ZEROSET OFF
[18:36:04] : REQUEST ZEROSET OFF
[18:36:27] : PROGRAM END
 
[18:38:44] : PROGRAM START
[18:38:58] : AUTO RUNNING OFF
[18:38:58] : REQUEST MEAS. OFF
[18:38:58] : REQUEST ZEROSET OFF
[18:38:58] : REQUEST ZEROSET OFF
[18:38:59] : PROGRAM END
 
[18:40:41] : PROGRAM START
[18:40:55] : AUTO RUNNING OFF
[18:40:55] : REQUEST MEAS. OFF
[18:40:55] : REQUEST ZEROSET OFF
[18:40:55] : REQUEST ZEROSET OFF
[18:41:09] : PROGRAM END
 
[18:41:17] : PROGRAM START
[18:41:30] : AUTO RUNNING OFF
[18:41:30] : REQUEST MEAS. OFF
[18:41:30] : REQUEST ZEROSET OFF
[18:41:30] : REQUEST ZEROSET OFF
[19:32:22] : MEAS ESC ON
[19:32:36] : MEAS ESC OFF
[19:33:52] : MEAS ESC ON
[19:33:53] : MEAS ESC OFF
[19:33:53] : AUTO RUNNING ON
[19:33:59] : MEAS ESC ON
[19:33:59] : AUTO RUNNING OFF
[19:35:14] : MEAS ESC OFF
[19:35:15] : MEAS ESC ON
[19:35:44] : MEAS ESC OFF
[19:42:46] : 측정요구3 ON
[19:42:54] : 측정요구3 OFF
[19:42:54] : 0
[19:42:54] : 측정요구4 ON
[19:43:01] : 측정요구4 OFF
[19:43:01] : 0
[19:43:24] : MEAS ESC ON
[19:43:25] : MEAS ESC OFF
[19:43:25] : AUTO RUNNING ON
[19:43:41] : REQUEST MEAS. ON
[19:43:48] : REQUEST MEAS. OFF
[19:43:49] : 측정요구 ON 2
[19:43:56] : 측정요구 2OFF
[19:43:56] : 61,20190122-194356,,,OK,MAX,1,2,AUTO,1.10,4.40,2.00,OK,1.10,4.40,2.31,OK,
[19:43:56] : 측정요구3 ON
[19:44:03] : 측정요구3 OFF
[19:44:03] : 측정요구4 ON
[19:44:11] : 측정요구4 OFF
[19:44:11] : 61,20190122-194411,,,OK,MAX,2,3,AUTO,1.10,4.40,3.19,OK,1.10,4.40,2.42,OK,
[19:45:27] : AUTO RUNNING OFF
[19:46:20] : MEAS ESC ON
[19:46:21] : MEAS ESC OFF
[19:46:21] : AUTO RUNNING ON
[19:46:49] : AUTO RUNNING OFF
 
