[10:11:48] : PROGRAM START
[10:11:51] : AUTO RUNNING OFF
[10:11:51] : REQUEST MEAS. OFF
[10:11:51] : REQUEST ZEROSET OFF
[10:11:51] : REQUEST ZEROSET OFF
[10:12:11] : PROGRAM END
 
[10:12:46] : PROGRAM START
[10:12:50] : AUTO RUNNING OFF
[10:12:50] : REQUEST MEAS. OFF
[10:12:50] : REQUEST ZEROSET OFF
[10:12:50] : REQUEST ZEROSET OFF
[10:12:54] : 61,20190104-101256,AL19010246837,,OK,MAX,1,2,AUTO,1.10,4.40,1.99,OK,1.10,4.40,1.12,OK,
[10:12:58] : 61,20190104-101259,AL19010246837,,NG,MAX,2,2,AUTO,1.10,4.40,0.00,NG,1.10,4.40,0.00,NG,
[10:13:04] : PROGRAM END
 
[10:13:44] : PROGRAM START
[10:13:47] : AUTO RUNNING OFF
[10:13:47] : REQUEST MEAS. OFF
[10:13:47] : REQUEST ZEROSET OFF
[10:13:47] : REQUEST ZEROSET OFF
[10:15:13] : PROGRAM END
 
[10:16:11] : PROGRAM START
[10:16:15] : AUTO RUNNING OFF
[10:16:15] : REQUEST MEAS. OFF
[10:16:15] : REQUEST ZEROSET OFF
[10:16:15] : REQUEST ZEROSET OFF
[10:16:20] : PROGRAM END
 
[10:16:27] : PROGRAM START
[10:16:30] : AUTO RUNNING OFF
[10:16:30] : REQUEST MEAS. OFF
[10:16:30] : REQUEST ZEROSET OFF
[10:16:30] : REQUEST ZEROSET OFF
[10:21:41] : PROGRAM END
 
[10:22:21] : PROGRAM START
[10:22:25] : AUTO RUNNING OFF
[10:22:25] : REQUEST MEAS. OFF
[10:22:25] : REQUEST ZEROSET OFF
[10:22:25] : REQUEST ZEROSET OFF
[10:22:42] : PROGRAM END
 
[10:22:47] : PROGRAM START
[10:22:50] : AUTO RUNNING OFF
[10:22:50] : REQUEST MEAS. OFF
[10:22:50] : REQUEST ZEROSET OFF
[10:22:50] : REQUEST ZEROSET OFF
[10:32:41] : PROGRAM END
 
[10:33:18] : PROGRAM START
[10:33:22] : AUTO RUNNING OFF
[10:33:22] : REQUEST MEAS. OFF
[10:33:22] : REQUEST ZEROSET OFF
[10:33:22] : REQUEST ZEROSET OFF
[10:33:33] : PROGRAM END
 
[10:33:38] : PROGRAM START
[10:33:40] : AUTO RUNNING OFF
[10:33:40] : REQUEST MEAS. OFF
[10:33:40] : REQUEST ZEROSET OFF
[10:33:40] : REQUEST ZEROSET OFF
[11:48:34] : AUTO RUNNING ON
 
[11:53:21] : AUTO RUNNING OFF
[11:53:22] : MEAS ESC ON
[11:53:22] : MEAS ESC OFF
[11:53:22] : AUTO RUNNING ON
[11:59:34] : AUTO RUNNING OFF
[13:11:52] : MEAS ESC ON
[13:11:53] : MEAS ESC OFF
[13:11:53] : AUTO RUNNING ON
[13:12:50] : AUTO RUNNING OFF
[13:16:08] : MEAS ESC ON
[13:16:11] : MEAS ESC OFF
[13:16:11] : AUTO RUNNING ON
[13:16:25] : AUTO RUNNING OFF
[13:16:52] : MEAS ESC ON
[13:16:53] : MEAS ESC OFF
[13:16:53] : AUTO RUNNING ON
[13:23:38] : AUTO RUNNING OFF
[13:25:30] : MEAS ESC ON
[13:25:30] : MEAS ESC OFF
[13:25:30] : AUTO RUNNING ON
[13:25:51] : 측정요구3 ON
[13:25:59] : 측정요구3 OFF
[13:25:59] : 측정요구4 ON
[13:26:06] : 측정요구4 OFF
[13:26:06] : 61,20190104-132607,AL19010238383,,OK,MAX,2,3,AUTO,1.10,4.40,2.84,OK,1.10,4.40,2.55,OK,
[13:26:35] : 측정요구3 ON
[13:26:42] : 측정요구3 OFF
[13:26:42] : 측정요구4 ON
[13:26:50] : 측정요구4 OFF
[13:26:50] : 61,20190104-132651,AL19010238373,,OK,MAX,2,3,AUTO,1.10,4.40,2.39,OK,1.10,4.40,1.93,OK,
[13:26:56] : AUTO RUNNING OFF
[13:27:08] : MEAS ESC ON
[13:27:09] : MEAS ESC OFF
[13:27:09] : AUTO RUNNING ON
[13:27:36] : 측정요구3 ON
[13:27:43] : 측정요구3 OFF
[13:27:43] : 측정요구4 ON
[13:27:51] : 측정요구4 OFF
[13:27:51] : 61,20190104-132751,AL19010238363,,OK,MAX,2,3,AUTO,1.10,4.40,2.01,OK,1.10,4.40,1.31,OK,
[13:29:35] : 측정요구3 ON
[13:29:43] : 측정요구3 OFF
[13:29:43] : 측정요구4 ON
[13:29:50] : 측정요구4 OFF
[13:29:50] : 61,20190104-132951,AL19010238353,,OK,MAX,2,3,AUTO,1.10,4.40,2.01,OK,1.10,4.40,1.52,OK,
[13:30:44] : AUTO RUNNING OFF
[13:38:11] : MEAS ESC ON
[13:38:11] : MEAS ESC OFF
[13:38:11] : AUTO RUNNING ON
[13:38:38] : REQUEST MEAS. ON
[13:38:45] : REQUEST MEAS. OFF
[13:38:45] : 측정요구 ON 2
[13:38:52] : 측정요구 2OFF
[13:38:52] : 61,20190104-133852,AL19010238413,,NG,MAX,1,2,AUTO,1.10,4.40,1.00,NG,1.10,4.40,2.73,OK,
[13:38:55] : 측정요구3 ON
[13:39:02] : 측정요구3 OFF
[13:39:02] : 측정요구4 ON
[13:39:09] : 측정요구4 OFF
[13:39:09] : 61,20190104-133910,AL19010238423,,OK,MAX,2,3,AUTO,1.10,4.40,2.57,OK,1.10,4.40,1.90,OK,
[13:39:26] : REQUEST MEAS. ON
[13:39:33] : REQUEST MEAS. OFF
[13:39:33] : 측정요구 ON 2
[13:39:40] : 측정요구 2OFF
[13:39:40] : 61,20190104-133941,AL19010238433,,OK,MAX,1,2,AUTO,1.10,4.40,1.74,OK,1.10,4.40,2.44,OK,
[13:39:46] : 측정요구3 ON
[13:39:53] : 측정요구3 OFF
[13:39:53] : 측정요구4 ON
[13:40:01] : 측정요구4 OFF
[13:40:01] : 61,20190104-134001,AL19010236213,,OK,MAX,2,3,AUTO,1.10,4.40,2.63,OK,1.10,4.40,2.47,OK,
[13:40:16] : REQUEST MEAS. ON
[13:40:23] : REQUEST MEAS. OFF
[13:40:23] : 측정요구 ON 2
[13:40:30] : 측정요구 2OFF
[13:40:30] : 61,20190104-134031,AL19010236133,,OK,MAX,1,2,AUTO,1.10,4.40,2.30,OK,1.10,4.40,3.29,OK,
[13:44:07] : REQUEST MEAS. ON
[13:44:14] : REQUEST MEAS. OFF
[13:44:14] : 측정요구 ON 2
[13:44:22] : 측정요구 2OFF
[13:44:22] : 61,20190104-134422,AL19010236123,,NG,MAX,1,2,AUTO,1.10,4.40,1.00,NG,1.10,4.40,1.81,OK,
[13:44:34] : 측정요구3 ON
[13:44:41] : 측정요구3 OFF
[13:44:41] : 측정요구4 ON
[13:44:48] : 측정요구4 OFF
[13:44:48] : 61,20190104-134449,AL19010236233,,OK,MAX,2,3,AUTO,1.10,4.40,3.19,OK,1.10,4.40,2.73,OK,
[13:45:00] : REQUEST MEAS. ON
[13:45:07] : REQUEST MEAS. OFF
[13:45:07] : 측정요구 ON 2
[13:45:14] : 측정요구 2OFF
[13:45:14] : 61,20190104-134515,AL19010236113,,OK,MAX,1,2,AUTO,1.10,4.40,1.61,OK,1.10,4.40,2.22,OK,
[13:48:45] : REQUEST MEAS. ON
[13:48:52] : REQUEST MEAS. OFF
[13:48:52] : 측정요구 ON 2
[13:49:00] : 측정요구 2OFF
[13:49:00] : 61,20190104-134900,AL19010236173,,OK,MAX,1,2,AUTO,1.10,4.40,2.31,OK,1.10,4.40,2.93,OK,
[13:50:01] : REQUEST MEAS. ON
[13:50:08] : REQUEST MEAS. OFF
[13:50:08] : 측정요구 ON 2
[13:50:16] : 측정요구 2OFF
[13:50:16] : 61,20190104-135016,AL19010238443,,OK,MAX,1,2,AUTO,1.10,4.40,1.31,OK,1.10,4.40,1.94,OK,
[13:50:29] : 측정요구3 ON
[13:50:36] : 측정요구3 OFF
[13:50:36] : 측정요구4 ON
[13:50:44] : 측정요구4 OFF
[13:50:44] : 61,20190104-135045,AL19010236183,,OK,MAX,2,3,AUTO,1.10,4.40,2.81,OK,1.10,4.40,2.72,OK,
[13:51:00] : REQUEST MEAS. ON
[13:51:07] : REQUEST MEAS. OFF
[13:51:07] : 측정요구 ON 2
[13:51:14] : 측정요구 2OFF
[13:51:14] : 61,20190104-135114,AL19010236193,,OK,MAX,1,2,AUTO,1.10,4.40,1.30,OK,1.10,4.40,2.03,OK,
[13:51:29] : 측정요구3 ON
[13:51:37] : 측정요구3 OFF
[13:51:37] : 측정요구4 ON
[13:51:44] : 측정요구4 OFF
[13:51:44] : 61,20190104-135145,AL19010236203,,OK,MAX,2,3,AUTO,1.10,4.40,2.22,OK,1.10,4.40,1.93,OK,
[13:52:00] : REQUEST MEAS. ON
[13:52:07] : REQUEST MEAS. OFF
[13:52:07] : 측정요구 ON 2
[13:52:14] : 측정요구 2OFF
[13:52:14] : 61,20190104-135215,AL19010236223,,OK,MAX,1,2,AUTO,1.10,4.40,2.13,OK,1.10,4.40,2.57,OK,
[13:52:29] : 측정요구3 ON
[13:52:37] : 측정요구3 OFF
[13:52:37] : 측정요구4 ON
[13:52:44] : 측정요구4 OFF
[13:52:44] : 61,20190104-135245,AL19010236483,,OK,MAX,2,3,AUTO,1.10,4.40,2.41,OK,1.10,4.40,1.53,OK,
[13:53:00] : REQUEST MEAS. ON
[13:53:07] : REQUEST MEAS. OFF
[13:53:07] : 측정요구 ON 2
[13:53:14] : 측정요구 2OFF
[13:53:14] : 61,20190104-135315,AL19010236473,,OK,MAX,1,2,AUTO,1.10,4.40,1.29,OK,1.10,4.40,1.81,OK,
[13:53:31] : 측정요구3 ON
[13:53:38] : 측정요구3 OFF
[13:53:38] : 측정요구4 ON
[13:53:45] : 측정요구4 OFF
[13:53:45] : 61,20190104-135346,AL19010236463,,OK,MAX,2,3,AUTO,1.10,4.40,2.30,OK,1.10,4.40,1.93,OK,
[13:53:59] : REQUEST MEAS. ON
[13:54:07] : REQUEST MEAS. OFF
[13:54:07] : 측정요구 ON 2
[13:54:14] : 측정요구 2OFF
[13:54:14] : 61,20190104-135415,AL19010236453,,OK,MAX,1,2,AUTO,1.10,4.40,1.92,OK,1.10,4.40,2.33,OK,
[13:54:29] : 측정요구3 ON
[13:54:36] : 측정요구3 OFF
[13:54:36] : 측정요구4 ON
[13:54:44] : 측정요구4 OFF
[13:54:44] : 61,20190104-135445,AL19010236443,,OK,MAX,2,3,AUTO,1.10,4.40,2.51,OK,1.10,4.40,2.32,OK,
[13:54:57] : REQUEST MEAS. ON
[13:55:04] : REQUEST MEAS. OFF
[13:55:04] : 측정요구 ON 2
[13:55:11] : 측정요구 2OFF
[13:55:11] : 61,20190104-135512,AL19010236493,,OK,MAX,1,2,AUTO,1.10,4.40,2.20,OK,1.10,4.40,2.33,OK,
[13:55:26] : 측정요구3 ON
[13:55:33] : 측정요구3 OFF
[13:55:33] : 측정요구4 ON
[13:55:41] : 측정요구4 OFF
[13:55:41] : 61,20190104-135541,AL19010236523,,OK,MAX,2,3,AUTO,1.10,4.40,2.41,OK,1.10,4.40,2.13,OK,
[13:55:51] : REQUEST MEAS. ON
[13:55:58] : REQUEST MEAS. OFF
[13:55:58] : 측정요구 ON 2
[13:56:06] : 측정요구 2OFF
[13:56:06] : 61,20190104-135607,AL19010236533,,OK,MAX,1,2,AUTO,1.10,4.40,2.42,OK,1.10,4.40,2.77,OK,
[13:56:24] : 측정요구3 ON
[13:56:31] : 측정요구3 OFF
[13:56:31] : 측정요구4 ON
[13:56:38] : 측정요구4 OFF
[13:56:38] : 61,20190104-135639,AL19010236513,,OK,MAX,2,3,AUTO,1.10,4.40,2.72,OK,1.10,4.40,2.62,OK,
[13:57:23] : REQUEST MEAS. ON
[13:57:30] : REQUEST MEAS. OFF
[13:57:30] : 측정요구 ON 2
[13:57:38] : 측정요구 2OFF
[13:57:38] : 61,20190104-135738,AL19010239213,,OK,MAX,1,2,AUTO,1.10,4.40,2.02,OK,1.10,4.40,2.05,OK,
[13:57:50] : 측정요구3 ON
[13:57:57] : 측정요구3 OFF
[13:57:57] : 측정요구4 ON
[13:58:05] : 측정요구4 OFF
[13:58:05] : 61,20190104-135806,AL19010239203,,OK,MAX,2,3,AUTO,1.10,4.40,3.28,OK,1.10,4.40,2.48,OK,
[13:59:33] : REQUEST MEAS. ON
[13:59:40] : REQUEST MEAS. OFF
[13:59:40] : 측정요구 ON 2
[13:59:48] : 측정요구 2OFF
[13:59:48] : 61,20190104-135948,AL19010239183,,OK,MAX,1,2,AUTO,1.10,4.40,1.92,OK,1.10,4.40,2.02,OK,
[13:59:50] : 측정요구3 ON
[13:59:57] : 측정요구3 OFF
[13:59:57] : 측정요구4 ON
[14:00:05] : 측정요구4 OFF
[14:00:05] : 61,20190104-140005,AL19010239173,,OK,MAX,2,3,AUTO,1.10,4.40,2.74,OK,1.10,4.40,2.63,OK,
[14:00:22] : REQUEST MEAS. ON
[14:00:29] : REQUEST MEAS. OFF
[14:00:29] : 측정요구 ON 2
[14:00:36] : 측정요구 2OFF
[14:00:36] : 61,20190104-140036,AL19010239163,,OK,MAX,1,2,AUTO,1.10,4.40,2.20,OK,1.10,4.40,2.43,OK,
[14:00:40] : 측정요구3 ON
[14:00:47] : 측정요구3 OFF
[14:00:47] : 측정요구4 ON
[14:00:55] : 측정요구4 OFF
[14:00:55] : 61,20190104-140056,AL19010239223,,OK,MAX,2,3,AUTO,1.10,4.40,2.30,OK,1.10,4.40,1.72,OK,
[14:01:11] : REQUEST MEAS. ON
[14:01:18] : REQUEST MEAS. OFF
[14:01:18] : 측정요구 ON 2
[14:01:26] : 측정요구 2OFF
[14:01:26] : 61,20190104-140127,AL19010239233,,OK,MAX,1,2,AUTO,1.10,4.40,1.92,OK,1.10,4.40,1.86,OK,
[14:01:36] : 측정요구3 ON
[14:01:44] : 측정요구3 OFF
[14:01:44] : 측정요구4 ON
[14:01:51] : 측정요구4 OFF
[14:01:51] : 61,20190104-140152,AL19010239273,,OK,MAX,2,3,AUTO,1.10,4.40,2.30,OK,1.10,4.40,1.98,OK,
[14:02:37] : REQUEST MEAS. ON
[14:02:44] : REQUEST MEAS. OFF
[14:02:44] : 측정요구 ON 2
[14:02:52] : 측정요구 2OFF
[14:02:52] : 61,20190104-140252,AL19010239263,,OK,MAX,1,2,AUTO,1.10,4.40,1.70,OK,1.10,4.40,1.82,OK,
[14:03:12] : 측정요구3 ON
[14:03:19] : 측정요구3 OFF
[14:03:20] : 측정요구4 ON
[14:03:28] : 측정요구4 OFF
[14:03:28] : 61,20190104-140328,AL19010239253,,OK,MAX,2,3,AUTO,1.10,4.40,2.21,OK,1.10,4.40,1.83,OK,
[14:03:56] : REQUEST MEAS. ON
[14:04:03] : REQUEST MEAS. OFF
[14:04:03] : 측정요구 ON 2
[14:04:11] : 측정요구 2OFF
[14:04:11] : 61,20190104-140412,AL19010236063,,OK,MAX,1,2,AUTO,1.10,4.40,2.06,OK,1.10,4.40,2.48,OK,
[14:04:25] : 측정요구3 ON
[14:04:32] : 측정요구3 OFF
[14:04:32] : 측정요구4 ON
[14:04:39] : 측정요구4 OFF
[14:04:39] : 61,20190104-140440,AL19010236053,,OK,MAX,2,3,AUTO,1.10,4.40,2.73,OK,1.10,4.40,2.14,OK,
[14:05:07] : REQUEST MEAS. ON
[14:05:14] : REQUEST MEAS. OFF
[14:05:14] : 측정요구 ON 2
[14:05:22] : 측정요구 2OFF
[14:05:22] : 61,20190104-140522,AL19010236043,,OK,MAX,1,2,AUTO,1.10,4.40,2.71,OK,1.10,4.40,2.63,OK,
[14:05:30] : 측정요구3 ON
[14:05:38] : 측정요구3 OFF
[14:05:38] : 측정요구4 ON
[14:05:46] : 측정요구4 OFF
[14:05:46] : 61,20190104-140546,AL19010236033,,OK,MAX,2,3,AUTO,1.10,4.40,1.70,OK,1.10,4.40,1.51,OK,
[14:06:07] : REQUEST MEAS. ON
[14:06:14] : REQUEST MEAS. OFF
[14:06:14] : 측정요구 ON 2
[14:06:22] : 측정요구 2OFF
[14:06:22] : 61,20190104-140622,AL19010236023,,OK,MAX,1,2,AUTO,1.10,4.40,2.34,OK,1.10,4.40,2.63,OK,
[14:06:44] : 측정요구3 ON
[14:06:51] : 측정요구3 OFF
[14:06:51] : 측정요구4 ON
[14:06:59] : 측정요구4 OFF
[14:06:59] : 61,20190104-140659,AL19010236073,,OK,MAX,2,3,AUTO,1.10,4.40,2.30,OK,1.10,4.40,2.22,OK,
[14:07:16] : REQUEST MEAS. ON
[14:07:23] : REQUEST MEAS. OFF
[14:07:23] : 측정요구 ON 2
[14:07:30] : 측정요구 2OFF
[14:07:30] : 61,20190104-140731,AL19010236083,,OK,MAX,1,2,AUTO,1.10,4.40,2.60,OK,1.10,4.40,2.73,OK,
[14:07:52] : 측정요구3 ON
[14:07:59] : 측정요구3 OFF
[14:07:59] : 측정요구4 ON
[14:08:07] : 측정요구4 OFF
[14:08:07] : 61,20190104-140807,AL19010236093,,OK,MAX,2,3,AUTO,1.10,4.40,2.48,OK,1.10,4.40,2.26,OK,
[14:08:27] : REQUEST MEAS. ON
[14:08:34] : REQUEST MEAS. OFF
[14:08:35] : 측정요구 ON 2
[14:08:42] : 측정요구 2OFF
[14:08:42] : 61,20190104-140843,AL19010236103,,OK,MAX,1,2,AUTO,1.10,4.40,1.50,OK,1.10,4.40,1.84,OK,
[14:09:05] : 측정요구3 ON
[14:09:12] : 측정요구3 OFF
[14:09:12] : 측정요구4 ON
[14:09:20] : 측정요구4 OFF
[14:09:20] : 61,20190104-140921,AL19010236143,,OK,MAX,2,3,AUTO,1.10,4.40,2.10,OK,1.10,4.40,1.83,OK,
[14:09:34] : REQUEST MEAS. ON
[14:09:41] : REQUEST MEAS. OFF
[14:09:41] : 측정요구 ON 2
[14:09:48] : 측정요구 2OFF
[14:09:48] : 61,20190104-140949,AL19010238983,,OK,MAX,1,2,AUTO,1.10,4.40,1.99,OK,1.10,4.40,2.39,OK,
[14:10:24] : REQUEST MEAS. ON
[14:10:31] : REQUEST MEAS. OFF
[14:10:31] : 측정요구 ON 2
[14:10:38] : 측정요구 2OFF
[14:10:38] : 61,20190104-141039,AL19010239003,,OK,MAX,1,2,AUTO,1.10,4.40,1.77,OK,1.10,4.40,1.87,OK,
[14:11:33] : REQUEST MEAS. ON
[14:11:41] : REQUEST MEAS. OFF
[14:11:41] : 측정요구 ON 2
[14:11:48] : 측정요구 2OFF
[14:11:48] : 61,20190104-141148,AL19010238973,,OK,MAX,1,2,AUTO,1.10,4.40,1.30,OK,1.10,4.40,1.51,OK,
[14:12:00] : 측정요구3 ON
[14:12:07] : 측정요구3 OFF
[14:12:07] : 측정요구4 ON
[14:12:14] : 측정요구4 OFF
[14:12:14] : 61,20190104-141215,AL19010238963,,OK,MAX,2,3,AUTO,1.10,4.40,2.41,OK,1.10,4.40,1.84,OK,
[14:12:54] : REQUEST MEAS. ON
[14:13:01] : REQUEST MEAS. OFF
[14:13:01] : 측정요구 ON 2
[14:13:08] : 측정요구 2OFF
[14:13:08] : 61,20190104-141308,AL19010238953,,OK,MAX,1,2,AUTO,1.10,4.40,1.80,OK,1.10,4.40,1.94,OK,
[14:13:17] : 측정요구3 ON
[14:13:24] : 측정요구3 OFF
[14:13:24] : 측정요구4 ON
[14:13:32] : 측정요구4 OFF
[14:13:32] : 61,20190104-141333,AL19010238993,,OK,MAX,2,3,AUTO,1.10,4.40,1.61,OK,1.10,4.40,1.22,OK,
[14:14:07] : REQUEST MEAS. ON
[14:14:14] : REQUEST MEAS. OFF
[14:14:14] : 측정요구 ON 2
[14:14:22] : 측정요구 2OFF
[14:14:22] : 61,20190104-141422,AL19010239013,,OK,MAX,1,2,AUTO,1.10,4.40,2.51,OK,1.10,4.40,2.22,OK,
[14:19:04] : REQUEST MEAS. ON
[14:19:12] : REQUEST MEAS. OFF
[14:19:12] : 측정요구 ON 2
[14:19:20] : 측정요구 2OFF
[14:19:20] : 61,20190104-141920,AL19010239043,,OK,MAX,1,2,AUTO,1.10,4.40,1.48,OK,1.10,4.40,1.83,OK,
[14:19:35] : 측정요구3 ON
[14:19:42] : 측정요구3 OFF
[14:19:43] : 측정요구4 ON
[14:19:50] : 측정요구4 OFF
[14:19:50] : 61,20190104-141951,AL19010239053,,OK,MAX,2,3,AUTO,1.10,4.40,2.31,OK,1.10,4.40,1.72,OK,
[14:20:05] : REQUEST MEAS. ON
[14:20:12] : REQUEST MEAS. OFF
[14:20:12] : 측정요구 ON 2
[14:20:20] : 측정요구 2OFF
[14:20:20] : 61,20190104-142020,AL19010238193,,OK,MAX,1,2,AUTO,1.10,4.40,1.80,OK,1.10,4.40,2.12,OK,
[14:20:36] : 측정요구3 ON
[14:20:43] : 측정요구3 OFF
[14:20:43] : 측정요구4 ON
[14:20:50] : 측정요구4 OFF
[14:20:50] : 61,20190104-142051,AL19010238183,,OK,MAX,2,3,AUTO,1.10,4.40,2.16,OK,1.10,4.40,1.72,OK,
[14:21:05] : REQUEST MEAS. ON
[14:21:13] : REQUEST MEAS. OFF
[14:21:13] : 측정요구 ON 2
[14:21:20] : 측정요구 2OFF
[14:21:20] : 61,20190104-142121,AL19010238173,,OK,MAX,1,2,AUTO,1.10,4.40,3.29,OK,1.10,4.40,3.07,OK,
[14:21:34] : 측정요구3 ON
[14:21:41] : 측정요구3 OFF
[14:21:41] : 측정요구4 ON
[14:21:49] : 측정요구4 OFF
[14:21:49] : 61,20190104-142150,AL19010238163,,OK,MAX,2,3,AUTO,1.10,4.40,1.94,OK,1.10,4.40,1.68,OK,
[14:22:01] : REQUEST MEAS. ON
[14:22:08] : REQUEST MEAS. OFF
[14:22:08] : 측정요구 ON 2
[14:22:15] : 측정요구 2OFF
[14:22:15] : 61,20190104-142216,AL19010238153,,OK,MAX,1,2,AUTO,1.10,4.40,1.80,OK,1.10,4.40,2.02,OK,
[14:22:30] : 측정요구3 ON
[14:22:37] : 측정요구3 OFF
[14:22:37] : 측정요구4 ON
[14:22:44] : 측정요구4 OFF
[14:22:44] : 61,20190104-142245,AL19010238243,,OK,MAX,2,3,AUTO,1.10,4.40,3.19,OK,1.10,4.40,2.94,OK,
[14:22:56] : REQUEST MEAS. ON
[14:23:03] : REQUEST MEAS. OFF
[14:23:03] : 측정요구 ON 2
[14:23:11] : 측정요구 2OFF
[14:23:11] : 61,20190104-142311,AL19010238203,,OK,MAX,1,2,AUTO,1.10,4.40,2.50,OK,1.10,4.40,2.66,OK,
[14:23:26] : 측정요구3 ON
[14:23:33] : 측정요구3 OFF
[14:23:33] : 측정요구4 ON
[14:23:40] : 측정요구4 OFF
[14:23:40] : 61,20190104-142341,AL19010238213,,OK,MAX,2,3,AUTO,1.10,4.40,3.36,OK,1.10,4.40,2.79,OK,
[14:25:37] : REQUEST MEAS. ON
[14:25:44] : REQUEST MEAS. OFF
[14:25:44] : 측정요구 ON 2
[14:25:52] : 측정요구 2OFF
[14:25:52] : 61,20190104-142552,AL19010238223,,OK,MAX,1,2,AUTO,1.10,4.40,2.32,OK,1.10,4.40,2.92,OK,
[14:26:03] : 측정요구3 ON
[14:26:10] : 측정요구3 OFF
[14:26:10] : 측정요구4 ON
[14:26:17] : 측정요구4 OFF
[14:26:17] : 61,20190104-142618,AL19010238233,,OK,MAX,2,3,AUTO,1.10,4.40,2.31,OK,1.10,4.40,2.22,OK,
[14:37:35] : AUTO RUNNING OFF
[14:45:29] : MEAS ESC ON
[14:45:29] : MEAS ESC OFF
[14:45:29] : AUTO RUNNING ON
[14:47:19] : REQUEST MEAS. ON
[14:47:26] : REQUEST MEAS. OFF
[14:47:26] : 측정요구 ON 2
[14:47:34] : 측정요구 2OFF
[14:47:34] : 61,20190104-144734,AL19010239083,,OK,MAX,1,2,AUTO,1.10,4.40,1.61,OK,1.10,4.40,1.52,OK,
[14:48:42] : REQUEST MEAS. ON
[14:48:49] : REQUEST MEAS. OFF
[14:48:49] : 측정요구 ON 2
[14:48:57] : 측정요구 2OFF
[14:48:57] : 61,20190104-144857,AL19010239093,,NG,MAX,1,0,AUTO,1.10,4.40,0.11,NG,1.10,4.40,0.81,NG,
[14:50:57] : REQUEST MEAS. ON
[14:51:04] : REQUEST MEAS. OFF
[14:51:04] : 측정요구 ON 2
[14:51:12] : 측정요구 2OFF
[14:51:12] : 61,20190104-145112,AL19010239113,,OK,MAX,1,2,AUTO,1.10,4.40,2.30,OK,1.10,4.40,2.32,OK,
[14:58:43] : REQUEST MEAS. ON
[14:58:50] : REQUEST MEAS. OFF
[14:58:50] : 측정요구 ON 2
[14:58:58] : 측정요구 2OFF
[14:58:58] : 61,20190104-145858,AL19010239123,,NG,MAX,1,2,AUTO,1.10,4.40,1.10,NG,1.10,4.40,1.67,OK,
[14:59:10] : 측정요구3 ON
[14:59:17] : 측정요구3 OFF
[14:59:17] : 측정요구4 ON
[14:59:24] : 측정요구4 OFF
[14:59:24] : 61,20190104-145925,AL19010239133,,OK,MAX,2,3,AUTO,1.10,4.40,2.49,OK,1.10,4.40,1.93,OK,
[14:59:37] : REQUEST MEAS. ON
[14:59:45] : REQUEST MEAS. OFF
[14:59:45] : 측정요구 ON 2
[14:59:52] : 측정요구 2OFF
[14:59:52] : 61,20190104-145952,AL19010239143,,OK,MAX,1,2,AUTO,1.10,4.40,1.69,OK,1.10,4.40,1.51,OK,
[15:00:07] : 측정요구3 ON
[15:00:14] : 측정요구3 OFF
[15:00:14] : 측정요구4 ON
[15:00:22] : 측정요구4 OFF
[15:00:22] : 61,20190104-150022,AL19010239063,,OK,MAX,2,3,AUTO,1.10,4.40,2.71,OK,1.10,4.40,2.21,OK,
[15:00:35] : REQUEST MEAS. ON
[15:00:42] : REQUEST MEAS. OFF
[15:00:42] : 측정요구 ON 2
[15:00:50] : 측정요구 2OFF
[15:00:50] : 61,20190104-150051,AL19010239153,,OK,MAX,1,2,AUTO,1.10,4.40,1.61,OK,1.10,4.40,2.03,OK,
[15:01:06] : 측정요구3 ON
[15:01:13] : 측정요구3 OFF
[15:01:13] : 측정요구4 ON
[15:01:20] : 측정요구4 OFF
[15:01:20] : 61,20190104-150121,AL19010233883,,OK,MAX,2,3,AUTO,1.10,4.40,2.72,OK,1.10,4.40,2.30,OK,
[15:01:35] : REQUEST MEAS. ON
[15:01:42] : REQUEST MEAS. OFF
[15:01:42] : 측정요구 ON 2
[15:01:50] : 측정요구 2OFF
[15:01:50] : 61,20190104-150150,AL19010233863,,NG,MAX,1,0,AUTO,1.10,4.40,0.30,NG,1.10,4.40,0.90,NG,
[15:02:02] : 측정요구3 ON
[15:02:10] : 측정요구3 OFF
[15:02:10] : 측정요구4 ON
[15:02:18] : 측정요구4 OFF
[15:02:18] : 61,20190104-150218,AL19010233873,,OK,MAX,2,3,AUTO,1.10,4.40,3.01,OK,1.10,4.40,2.42,OK,
[15:02:28] : REQUEST MEAS. ON
[15:02:35] : REQUEST MEAS. OFF
[15:02:35] : 측정요구 ON 2
[15:02:43] : 측정요구 2OFF
[15:02:43] : 61,20190104-150244,AL19010233853,,OK,MAX,1,2,AUTO,1.10,4.40,2.08,OK,1.10,4.40,2.46,OK,
[15:02:58] : 측정요구3 ON
[15:03:05] : 측정요구3 OFF
[15:03:05] : 측정요구4 ON
[15:03:12] : 측정요구4 OFF
[15:03:12] : 61,20190104-150313,AL19010233903,,OK,MAX,2,3,AUTO,1.10,4.40,2.85,OK,1.10,4.40,2.51,OK,
[15:05:47] : REQUEST MEAS. ON
[15:05:54] : REQUEST MEAS. OFF
[15:05:54] : 측정요구 ON 2
[15:06:02] : 측정요구 2OFF
[15:06:02] : 61,20190104-150602,AL19010233923,,OK,MAX,1,2,AUTO,1.10,4.40,1.59,OK,1.10,4.40,1.72,OK,
[15:06:17] : 측정요구3 ON
[15:06:24] : 측정요구3 OFF
[15:06:24] : 측정요구4 ON
[15:06:31] : 측정요구4 OFF
[15:06:31] : 61,20190104-150632,AL19010233913,,OK,MAX,2,3,AUTO,1.10,4.40,2.10,OK,1.10,4.40,1.91,OK,
[15:07:01] : REQUEST MEAS. ON
[15:07:08] : REQUEST MEAS. OFF
[15:07:08] : 측정요구 ON 2
[15:07:16] : 측정요구 2OFF
[15:07:16] : 61,20190104-150717,AL19010233933,,NG,MAX,1,0,AUTO,1.10,4.40,0.13,NG,1.10,4.40,0.61,NG,
[15:07:37] : 측정요구3 ON
[15:07:44] : 측정요구3 OFF
[15:07:44] : 측정요구4 ON
[15:07:52] : 측정요구4 OFF
[15:07:52] : 61,20190104-150752,AL19010233843,,NG,MAX,2,2,AUTO,1.10,4.40,1.01,NG,1.10,4.40,0.90,NG,
[15:08:27] : REQUEST MEAS. ON
[15:08:34] : REQUEST MEAS. OFF
[15:08:34] : 측정요구 ON 2
[15:08:42] : 측정요구 2OFF
[15:08:42] : 61,20190104-150843,AL19010233473,,OK,MAX,1,2,AUTO,1.10,4.40,1.91,OK,1.10,4.40,2.32,OK,
[15:10:49] : REQUEST MEAS. ON
[15:10:56] : REQUEST MEAS. OFF
[15:10:56] : 측정요구 ON 2
[15:11:04] : 측정요구 2OFF
[15:11:04] : 61,20190104-151104,AL19010233463,,OK,MAX,1,2,AUTO,1.10,4.40,1.76,OK,1.10,4.40,2.00,OK,
[15:11:14] : 측정요구3 ON
[15:11:21] : 측정요구3 OFF
[15:11:22] : 측정요구4 ON
[15:11:29] : 측정요구4 OFF
[15:11:29] : 61,20190104-151130,AL19010233443,,OK,MAX,2,3,AUTO,1.10,4.40,3.84,OK,1.10,4.40,2.84,OK,
[15:11:43] : REQUEST MEAS. ON
[15:11:50] : REQUEST MEAS. OFF
[15:11:51] : 측정요구 ON 2
[15:11:58] : 측정요구 2OFF
[15:11:58] : 61,20190104-151159,AL19010233433,,OK,MAX,1,2,AUTO,1.10,4.40,2.51,OK,1.10,4.40,2.74,OK,
[15:12:10] : 측정요구3 ON
[15:12:17] : 측정요구3 OFF
[15:12:17] : 측정요구4 ON
[15:12:25] : 측정요구4 OFF
[15:12:25] : 61,20190104-151226,AL19010233483,,OK,MAX,2,3,AUTO,1.10,4.40,2.91,OK,1.10,4.40,2.52,OK,
[15:12:38] : REQUEST MEAS. ON
[15:12:45] : REQUEST MEAS. OFF
[15:12:45] : 측정요구 ON 2
[15:12:52] : 측정요구 2OFF
[15:12:52] : 61,20190104-151253,AL19010233493,,OK,MAX,1,2,AUTO,1.10,4.40,2.52,OK,1.10,4.40,2.72,OK,
[15:13:09] : 측정요구3 ON
[15:13:16] : 측정요구3 OFF
[15:13:16] : 측정요구4 ON
[15:13:23] : 측정요구4 OFF
[15:13:23] : 61,20190104-151324,AL19010233633,,OK,MAX,2,3,AUTO,1.10,4.40,3.02,OK,1.10,4.40,2.63,OK,
[15:13:41] : REQUEST MEAS. ON
[15:13:48] : REQUEST MEAS. OFF
[15:13:48] : 측정요구 ON 2
[15:13:56] : 측정요구 2OFF
[15:13:56] : 61,20190104-151357,AL19010233643,,OK,MAX,1,2,AUTO,1.10,4.40,2.22,OK,1.10,4.40,2.22,OK,
[15:14:14] : 측정요구3 ON
[15:14:21] : 측정요구3 OFF
[15:14:21] : 측정요구4 ON
[15:14:28] : 측정요구4 OFF
[15:14:28] : 61,20190104-151429,AL19010233653,,OK,MAX,2,3,AUTO,1.10,4.40,3.40,OK,1.10,4.40,2.66,OK,
[15:14:42] : REQUEST MEAS. ON
[15:14:50] : REQUEST MEAS. OFF
[15:14:50] : 측정요구 ON 2
[15:14:57] : 측정요구 2OFF
[15:14:57] : 61,20190104-151458,AL19010233173,,NG,MAX,1,0,AUTO,1.10,4.40,0.13,NG,1.10,4.40,0.62,NG,
[15:15:15] : 측정요구3 ON
[15:15:22] : 측정요구3 OFF
[15:15:22] : 측정요구4 ON
[15:15:30] : 측정요구4 OFF
[15:15:30] : 61,20190104-151531,AL19010233163,,NG,MAX,2,2,AUTO,1.10,4.40,0.74,NG,1.10,4.40,0.83,NG,
[15:15:52] : REQUEST MEAS. ON
[15:15:59] : REQUEST MEAS. OFF
[15:15:59] : 측정요구 ON 2
[15:16:06] : 측정요구 2OFF
[15:16:06] : 61,20190104-151607,AL19010233153,,OK,MAX,1,2,AUTO,1.10,4.40,1.40,OK,1.10,4.40,1.92,OK,
[15:17:17] : REQUEST MEAS. ON
[15:17:24] : REQUEST MEAS. OFF
[15:17:24] : 측정요구 ON 2
[15:17:32] : 측정요구 2OFF
[15:17:32] : 61,20190104-151732,AL19010233103,,NG,MAX,1,0,AUTO,1.10,4.40,0.81,NG,1.10,4.40,1.29,OK,
[15:17:45] : 측정요구3 ON
[15:17:52] : 측정요구3 OFF
[15:17:52] : 측정요구4 ON
[15:18:00] : 측정요구4 OFF
[15:18:00] : 61,20190104-151801,AL19010233273,,NG,MAX,2,2,AUTO,1.10,4.40,1.23,OK,1.10,4.40,0.91,NG,
[15:18:11] : REQUEST MEAS. ON
[15:18:18] : REQUEST MEAS. OFF
[15:18:18] : 측정요구 ON 2
[15:18:26] : 측정요구 2OFF
[15:18:26] : 61,20190104-151826,AL19010233283,,OK,MAX,1,2,AUTO,1.10,4.40,2.01,OK,1.10,4.40,2.01,OK,
[15:18:40] : 측정요구3 ON
[15:18:47] : 측정요구3 OFF
[15:18:47] : 측정요구4 ON
[15:18:54] : 측정요구4 OFF
[15:18:54] : 61,20190104-151855,AL19010233293,,NG,MAX,2,2,AUTO,1.10,4.40,0.57,NG,1.10,4.40,0.61,NG,
[15:19:10] : REQUEST MEAS. ON
[15:19:17] : REQUEST MEAS. OFF
[15:19:17] : 측정요구 ON 2
[15:19:24] : 측정요구 2OFF
[15:19:24] : 61,20190104-151925,AL19010233313,,NG,MAX,1,0,AUTO,1.10,4.40,0.21,NG,1.10,4.40,0.52,NG,
[15:19:39] : 측정요구3 ON
[15:19:46] : 측정요구3 OFF
[15:19:46] : 측정요구4 ON
[15:19:54] : 측정요구4 OFF
[15:19:54] : 61,20190104-151954,AL19010238293,,OK,MAX,2,3,AUTO,1.10,4.40,1.82,OK,1.10,4.40,1.61,OK,
[15:20:07] : REQUEST MEAS. ON
[15:20:14] : REQUEST MEAS. OFF
[15:20:14] : 측정요구 ON 2
[15:20:22] : 측정요구 2OFF
[15:20:22] : 61,20190104-152022,AL19010238283,,OK,MAX,1,2,AUTO,1.10,4.40,3.10,OK,1.10,4.40,3.23,OK,
[15:20:58] : REQUEST MEAS. ON
[15:21:05] : REQUEST MEAS. OFF
[15:21:05] : 측정요구 ON 2
[15:21:12] : 측정요구 2OFF
[15:21:12] : 61,20190104-152113,AL19010238273,,OK,MAX,1,2,AUTO,1.10,4.40,2.69,OK,1.10,4.40,2.52,OK,
[15:21:20] : 측정요구3 ON
[15:21:28] : 측정요구3 OFF
[15:21:28] : 측정요구4 ON
[15:21:35] : 측정요구4 OFF
[15:21:35] : 61,20190104-152135,AL19010238253,,OK,MAX,2,3,AUTO,1.10,4.40,3.17,OK,1.10,4.40,2.08,OK,
[15:22:10] : REQUEST MEAS. ON
[15:22:17] : REQUEST MEAS. OFF
[15:22:17] : 측정요구 ON 2
[15:22:24] : 측정요구 2OFF
[15:22:24] : 61,20190104-152225,AL19010238263,,OK,MAX,1,2,AUTO,1.10,4.40,2.22,OK,1.10,4.40,2.52,OK,
[15:22:36] : 측정요구3 ON
[15:22:43] : 측정요구3 OFF
[15:22:43] : 측정요구4 ON
[15:22:50] : 측정요구4 OFF
[15:22:50] : 61,20190104-152251,AL19010238303,,OK,MAX,2,3,AUTO,1.10,4.40,2.70,OK,1.10,4.40,2.41,OK,
[15:24:04] : REQUEST MEAS. ON
[15:24:11] : REQUEST MEAS. OFF
[15:24:12] : 측정요구 ON 2
[15:24:19] : 측정요구 2OFF
[15:24:19] : 61,20190104-152419,AL19010238313,,OK,MAX,1,2,AUTO,1.10,4.40,3.09,OK,1.10,4.40,3.14,OK,
[15:24:32] : 측정요구3 ON
[15:24:39] : 측정요구3 OFF
[15:24:39] : 측정요구4 ON
[15:24:46] : 측정요구4 OFF
[15:24:46] : 61,20190104-152447,AL19010238323,,OK,MAX,2,3,AUTO,1.10,4.40,2.94,OK,1.10,4.40,2.32,OK,
[15:24:59] : REQUEST MEAS. ON
[15:25:06] : REQUEST MEAS. OFF
[15:25:06] : 측정요구 ON 2
[15:25:14] : 측정요구 2OFF
[15:25:14] : 61,20190104-152514,AL19010238333,,OK,MAX,1,2,AUTO,1.10,4.40,2.81,OK,1.10,4.40,2.71,OK,
[15:25:26] : 측정요구3 ON
[15:25:34] : 측정요구3 OFF
[15:25:34] : 측정요구4 ON
[15:25:42] : 측정요구4 OFF
[15:25:42] : 61,20190104-152542,AL19010238343,,OK,MAX,2,3,AUTO,1.10,4.40,2.61,OK,1.10,4.40,2.41,OK,
[15:32:11] : REQUEST MEAS. ON
[15:32:19] : REQUEST MEAS. OFF
[15:32:19] : 측정요구 ON 2
[15:32:27] : 측정요구 2OFF
[15:32:27] : 61,20190104-153227,AL19010236503,,OK,MAX,1,2,AUTO,1.10,4.40,2.31,OK,1.10,4.40,2.42,OK,
[15:33:23] : REQUEST MEAS. ON
[15:33:30] : REQUEST MEAS. OFF
[15:33:30] : 측정요구 ON 2
[15:33:38] : 측정요구 2OFF
[15:33:38] : 61,20190104-153338,AL19010239073,,OK,MAX,1,2,AUTO,1.10,4.40,1.20,OK,1.10,4.40,1.41,OK,
[15:34:35] : REQUEST MEAS. ON
[15:34:42] : REQUEST MEAS. OFF
[15:34:42] : 측정요구 ON 2
[15:34:50] : 측정요구 2OFF
[15:34:50] : 61,20190104-153450,AL19010233093,,OK,MAX,1,2,AUTO,1.10,4.40,1.62,OK,1.10,4.40,1.86,OK,
[15:35:47] : REQUEST MEAS. ON
[15:35:54] : REQUEST MEAS. OFF
[15:35:54] : 측정요구 ON 2
[15:36:01] : 측정요구 2OFF
[15:36:01] : 61,20190104-153601,AL19010233303,,NG,MAX,1,2,AUTO,1.10,4.40,1.09,NG,1.10,4.40,1.92,OK,
[15:36:13] : 측정요구3 ON
[15:36:20] : 측정요구3 OFF
[15:36:20] : 측정요구4 ON
[15:36:28] : 측정요구4 OFF
[15:36:28] : 61,20190104-153629,AL19010239103,,OK,MAX,2,3,AUTO,1.10,4.40,2.71,OK,1.10,4.40,2.12,OK,
[15:37:05] : REQUEST MEAS. ON
[15:37:12] : REQUEST MEAS. OFF
[15:37:12] : 측정요구 ON 2
[15:37:20] : 측정요구 2OFF
[15:37:20] : 61,20190104-153720,AL19010233453,,NG,MAX,1,0,AUTO,1.10,4.40,0.44,NG,1.10,4.40,1.12,OK,
[15:37:29] : 측정요구3 ON
[15:37:36] : 측정요구3 OFF
[15:37:36] : 측정요구4 ON
[15:37:44] : 측정요구4 OFF
[15:37:44] : 61,20190104-153745,AL19010233893,,NG,MAX,2,2,AUTO,1.10,4.40,0.50,NG,1.10,4.40,0.77,NG,
[15:47:19] : REQUEST MEAS. ON
[15:47:26] : REQUEST MEAS. OFF
[15:47:26] : 측정요구 ON 2
[15:47:34] : 측정요구 2OFF
[15:47:34] : 61,20190104-154735,AL19010235923,,OK,MAX,1,2,AUTO,1.10,4.40,1.83,OK,1.10,4.40,1.96,OK,
[16:01:07] : REQUEST MEAS. ON
[16:01:14] : REQUEST MEAS. OFF
[16:01:15] : 측정요구 ON 2
[16:01:22] : 측정요구 2OFF
[16:01:22] : 61,20190104-160122,AL19010235913,,NG,MAX,1,0,AUTO,1.10,4.40,0.22,NG,1.10,4.40,0.61,NG,
[16:01:34] : 측정요구3 ON
[16:01:41] : 측정요구3 OFF
[16:01:41] : 측정요구4 ON
[16:01:49] : 측정요구4 OFF
[16:01:49] : 61,20190104-160150,AL19010235983,,OK,MAX,2,3,AUTO,1.10,4.40,2.21,OK,1.10,4.40,1.77,OK,
[16:02:01] : REQUEST MEAS. ON
[16:02:08] : REQUEST MEAS. OFF
[16:02:08] : 측정요구 ON 2
[16:02:15] : 측정요구 2OFF
[16:02:15] : 61,20190104-160216,AL19010235973,,OK,MAX,1,2,AUTO,1.10,4.40,1.48,OK,1.10,4.40,1.91,OK,
[16:02:29] : 측정요구3 ON
[16:02:37] : 측정요구3 OFF
[16:02:37] : 측정요구4 ON
[16:02:45] : 측정요구4 OFF
[16:02:45] : 61,20190104-160245,AL19010235963,,OK,MAX,2,3,AUTO,1.10,4.40,1.37,OK,1.10,4.40,1.46,OK,
[16:05:02] : REQUEST MEAS. ON
[16:05:10] : REQUEST MEAS. OFF
[16:05:10] : 측정요구 ON 2
[16:05:18] : 측정요구 2OFF
[16:05:18] : 61,20190104-160518,AL19010236003,,OK,MAX,1,2,AUTO,1.10,4.40,2.01,OK,1.10,4.40,1.92,OK,
[16:05:31] : 측정요구3 ON
[16:05:38] : 측정요구3 OFF
[16:05:38] : 측정요구4 ON
[16:05:46] : 측정요구4 OFF
[16:05:46] : 61,20190104-160547,AL19010235993,,OK,MAX,2,3,AUTO,1.10,4.40,2.81,OK,1.10,4.40,2.92,OK,
[16:06:02] : REQUEST MEAS. ON
[16:06:09] : REQUEST MEAS. OFF
[16:06:09] : 측정요구 ON 2
[16:06:16] : 측정요구 2OFF
[16:06:16] : 61,20190104-160617,AL19010236153,,OK,MAX,1,2,AUTO,1.10,4.40,2.53,OK,1.10,4.40,2.61,OK,
[16:06:33] : 측정요구3 ON
[16:06:41] : 측정요구3 OFF
[16:06:41] : 측정요구4 ON
[16:06:48] : 측정요구4 OFF
[16:06:48] : 61,20190104-160649,AL19010236163,,OK,MAX,2,3,AUTO,1.10,4.40,2.53,OK,1.10,4.40,2.07,OK,
[16:07:02] : REQUEST MEAS. ON
[16:07:10] : REQUEST MEAS. OFF
[16:07:10] : 측정요구 ON 2
[16:07:17] : 측정요구 2OFF
[16:07:17] : 61,20190104-160717,AL19010236013,,OK,MAX,1,2,AUTO,1.10,4.40,1.92,OK,1.10,4.40,2.42,OK,
[16:07:33] : 측정요구3 ON
[16:07:40] : 측정요구3 OFF
[16:07:40] : 측정요구4 ON
[16:07:48] : 측정요구4 OFF
[16:07:48] : 61,20190104-160749,AL19010234373,,OK,MAX,2,3,AUTO,1.10,4.40,2.90,OK,1.10,4.40,2.53,OK,
[16:08:02] : REQUEST MEAS. ON
[16:08:09] : REQUEST MEAS. OFF
[16:08:09] : 측정요구 ON 2
[16:08:17] : 측정요구 2OFF
[16:08:17] : 61,20190104-160817,AL19010234383,,OK,MAX,1,2,AUTO,1.10,4.40,1.81,OK,1.10,4.40,1.63,OK,
[16:08:33] : 측정요구3 ON
[16:08:41] : 측정요구3 OFF
[16:08:41] : 측정요구4 ON
[16:08:48] : 측정요구4 OFF
[16:08:48] : 61,20190104-160849,AL19010234353,,OK,MAX,2,3,AUTO,1.10,4.40,2.16,OK,1.10,4.40,2.18,OK,
[16:09:05] : REQUEST MEAS. ON
[16:09:12] : REQUEST MEAS. OFF
[16:09:12] : 측정요구 ON 2
[16:09:20] : 측정요구 2OFF
[16:09:20] : 61,20190104-160921,AL19010234343,,NG,MAX,1,0,AUTO,1.10,4.40,0.60,NG,1.10,4.40,0.65,NG,
[16:11:33] : REQUEST MEAS. ON
[16:11:40] : REQUEST MEAS. OFF
[16:11:40] : 측정요구 ON 2
[16:11:48] : 측정요구 2OFF
[16:11:48] : 61,20190104-161149,AL19010234393,,OK,MAX,1,2,AUTO,1.10,4.40,1.91,OK,1.10,4.40,1.91,OK,
[16:12:01] : 측정요구3 ON
[16:12:08] : 측정요구3 OFF
[16:12:08] : 측정요구4 ON
[16:12:15] : 측정요구4 OFF
[16:12:15] : 61,20190104-161216,AL19010234403,,OK,MAX,2,3,AUTO,1.10,4.40,2.01,OK,1.10,4.40,1.44,OK,
[16:12:44] : REQUEST MEAS. ON
[16:12:51] : REQUEST MEAS. OFF
[16:12:51] : 측정요구 ON 2
[16:12:59] : 측정요구 2OFF
[16:12:59] : 61,20190104-161259,AL19010234413,,NG,MAX,1,0,AUTO,1.10,4.40,0.47,NG,1.10,4.40,1.33,OK,
[16:13:06] : 측정요구3 ON
[16:13:13] : 측정요구3 OFF
[16:13:13] : 측정요구4 ON
[16:13:21] : 측정요구4 OFF
[16:13:21] : 61,20190104-161322,AL19010234523,,OK,MAX,2,3,AUTO,1.10,4.40,2.09,OK,1.10,4.40,1.71,OK,
[16:13:37] : REQUEST MEAS. ON
[16:13:44] : REQUEST MEAS. OFF
[16:13:44] : 측정요구 ON 2
[16:13:52] : 측정요구 2OFF
[16:13:52] : 61,20190104-161352,AL19010234533,,OK,MAX,1,2,AUTO,1.10,4.40,2.51,OK,1.10,4.40,3.01,OK,
[16:14:08] : 측정요구3 ON
[16:14:15] : 측정요구3 OFF
[16:14:15] : 측정요구4 ON
[16:14:23] : 측정요구4 OFF
[16:14:23] : 61,20190104-161424,AL19010234463,,OK,MAX,2,3,AUTO,1.10,4.40,2.01,OK,1.10,4.40,1.67,OK,
[16:14:39] : REQUEST MEAS. ON
[16:14:46] : REQUEST MEAS. OFF
[16:14:46] : 측정요구 ON 2
[16:14:53] : 측정요구 2OFF
[16:14:53] : 61,20190104-161454,AL19010234453,,OK,MAX,1,2,AUTO,1.10,4.40,2.57,OK,1.10,4.40,3.05,OK,
[16:15:11] : 측정요구3 ON
[16:15:18] : 측정요구3 OFF
[16:15:18] : 측정요구4 ON
[16:15:26] : 측정요구4 OFF
[16:15:26] : 61,20190104-161527,AL19010234443,,OK,MAX,2,3,AUTO,1.10,4.40,1.79,OK,1.10,4.40,1.42,OK,
[16:15:40] : REQUEST MEAS. ON
[16:15:47] : REQUEST MEAS. OFF
[16:15:47] : 측정요구 ON 2
[16:15:54] : 측정요구 2OFF
[16:15:54] : 61,20190104-161555,AL19010234433,,OK,MAX,1,2,AUTO,1.10,4.40,2.24,OK,1.10,4.40,2.52,OK,
[16:16:10] : 측정요구3 ON
[16:16:17] : 측정요구3 OFF
[16:16:17] : 측정요구4 ON
[16:16:24] : 측정요구4 OFF
[16:16:24] : 61,20190104-161625,AL19010234423,,NG,MAX,2,2,AUTO,1.10,4.40,0.40,NG,1.10,4.40,0.42,NG,
[16:16:36] : REQUEST MEAS. ON
[16:16:43] : REQUEST MEAS. OFF
[16:16:44] : 측정요구 ON 2
[16:16:51] : 측정요구 2OFF
[16:16:51] : 61,20190104-161651,AL19010234473,,OK,MAX,1,2,AUTO,1.10,4.40,1.81,OK,1.10,4.40,2.03,OK,
[16:17:03] : 측정요구3 ON
[16:17:10] : 측정요구3 OFF
[16:17:10] : 측정요구4 ON
[16:17:18] : 측정요구4 OFF
[16:17:18] : 61,20190104-161719,AL19010234483,,OK,MAX,2,3,AUTO,1.10,4.40,2.90,OK,1.10,4.40,2.64,OK,
[16:17:32] : REQUEST MEAS. ON
[16:17:39] : REQUEST MEAS. OFF
[16:17:39] : 측정요구 ON 2
[16:17:46] : 측정요구 2OFF
[16:17:46] : 61,20190104-161747,AL19010234493,,OK,MAX,1,2,AUTO,1.10,4.40,1.90,OK,1.10,4.40,2.52,OK,
[16:18:00] : 측정요구3 ON
[16:18:08] : 측정요구3 OFF
[16:18:08] : 측정요구4 ON
[16:18:15] : 측정요구4 OFF
[16:18:15] : 61,20190104-161816,AL19010234503,,OK,MAX,2,3,AUTO,1.10,4.40,1.81,OK,1.10,4.40,1.62,OK,
[16:18:31] : REQUEST MEAS. ON
[16:18:38] : REQUEST MEAS. OFF
[16:18:38] : 측정요구 ON 2
[16:18:45] : 측정요구 2OFF
[16:18:45] : 61,20190104-161846,AL19010234513,,OK,MAX,1,2,AUTO,1.10,4.40,2.93,OK,1.10,4.40,3.31,OK,
[16:19:03] : 측정요구3 ON
[16:19:10] : 측정요구3 OFF
[16:19:10] : 측정요구4 ON
[16:19:18] : 측정요구4 OFF
[16:19:18] : 61,20190104-161918,AL19010234183,,OK,MAX,2,3,AUTO,1.10,4.40,2.83,OK,1.10,4.40,2.65,OK,
[16:19:31] : REQUEST MEAS. ON
[16:19:38] : REQUEST MEAS. OFF
[16:19:38] : 측정요구 ON 2
[16:19:46] : 측정요구 2OFF
[16:19:46] : 61,20190104-161946,AL19010234173,,OK,MAX,1,2,AUTO,1.10,4.40,2.42,OK,1.10,4.40,2.83,OK,
[16:20:21] : REQUEST MEAS. ON
[16:20:28] : REQUEST MEAS. OFF
[16:20:28] : 측정요구 ON 2
[16:20:36] : 측정요구 2OFF
[16:20:36] : 61,20190104-162037,AL19010234163,,OK,MAX,1,2,AUTO,1.10,4.40,1.80,OK,1.10,4.40,2.23,OK,
[16:20:48] : 측정요구3 ON
[16:20:55] : 측정요구3 OFF
[16:20:55] : 측정요구4 ON
[16:21:02] : 측정요구4 OFF
[16:21:02] : 61,20190104-162103,AL19010234153,,OK,MAX,2,3,AUTO,1.10,4.40,2.37,OK,1.10,4.40,2.32,OK,
[16:21:36] : REQUEST MEAS. ON
[16:21:43] : REQUEST MEAS. OFF
[16:21:43] : 측정요구 ON 2
[16:21:50] : 측정요구 2OFF
[16:21:50] : 61,20190104-162150,AL19010234143,,OK,MAX,1,2,AUTO,1.10,4.40,1.83,OK,1.10,4.40,1.89,OK,
[16:21:58] : 측정요구3 ON
[16:22:06] : 측정요구3 OFF
[16:22:06] : 측정요구4 ON
[16:22:13] : 측정요구4 OFF
[16:22:13] : 61,20190104-162213,AL19010234193,,OK,MAX,2,3,AUTO,1.10,4.40,3.36,OK,1.10,4.40,2.91,OK,
[16:22:49] : REQUEST MEAS. ON
[16:22:56] : REQUEST MEAS. OFF
[16:22:56] : 측정요구 ON 2
[16:23:04] : 측정요구 2OFF
[16:23:04] : 61,20190104-162304,AL19010234203,,OK,MAX,1,2,AUTO,1.10,4.40,2.61,OK,1.10,4.40,3.02,OK,
[16:23:11] : 측정요구3 ON
[16:23:18] : 측정요구3 OFF
[16:23:18] : 측정요구4 ON
[16:23:26] : 측정요구4 OFF
[16:23:26] : 61,20190104-162327,AL19010234213,,OK,MAX,2,3,AUTO,1.10,4.40,2.90,OK,1.10,4.40,2.54,OK,
[16:24:01] : REQUEST MEAS. ON
[16:24:08] : REQUEST MEAS. OFF
[16:24:09] : 측정요구 ON 2
[16:24:16] : 측정요구 2OFF
[16:24:16] : 61,20190104-162417,AL19010234223,,OK,MAX,1,2,AUTO,1.10,4.40,1.92,OK,1.10,4.40,2.08,OK,
[16:24:26] : 측정요구3 ON
[16:24:33] : 측정요구3 OFF
[16:24:33] : 측정요구4 ON
[16:24:40] : 측정요구4 OFF
[16:24:40] : 61,20190104-162441,AL19010234233,,OK,MAX,2,3,AUTO,1.10,4.40,2.20,OK,1.10,4.40,1.62,OK,
[16:25:16] : REQUEST MEAS. ON
[16:25:23] : REQUEST MEAS. OFF
[16:25:23] : 측정요구 ON 2
[16:25:31] : 측정요구 2OFF
[16:25:31] : 61,20190104-162532,AL19010234063,,OK,MAX,1,2,AUTO,1.10,4.40,1.35,OK,1.10,4.40,1.89,OK,
[16:25:45] : 측정요구3 ON
[16:25:52] : 측정요구3 OFF
[16:25:52] : 측정요구4 ON
[16:26:00] : 측정요구4 OFF
[16:26:00] : 61,20190104-162600,AL19010234053,,OK,MAX,2,3,AUTO,1.10,4.40,2.68,OK,1.10,4.40,2.12,OK,
[16:26:35] : REQUEST MEAS. ON
[16:26:42] : REQUEST MEAS. OFF
[16:26:42] : 측정요구 ON 2
[16:26:50] : 측정요구 2OFF
[16:26:50] : 61,20190104-162650,AL19010234043,,OK,MAX,1,2,AUTO,1.10,4.40,2.40,OK,1.10,4.40,2.74,OK,
[16:27:04] : 측정요구3 ON
[16:27:11] : 측정요구3 OFF
[16:27:11] : 측정요구4 ON
[16:27:19] : 측정요구4 OFF
[16:27:19] : 61,20190104-162719,AL19010234133,,OK,MAX,2,3,AUTO,1.10,4.40,1.32,OK,1.10,4.40,1.12,OK,
[16:27:53] : REQUEST MEAS. ON
[16:28:00] : REQUEST MEAS. OFF
[16:28:00] : 측정요구 ON 2
[16:28:07] : 측정요구 2OFF
[16:28:07] : 61,20190104-162808,AL19010234123,,OK,MAX,1,2,AUTO,1.10,4.40,1.21,OK,1.10,4.40,1.68,OK,
[16:28:17] : 측정요구3 ON
[16:28:24] : 측정요구3 OFF
[16:28:24] : 측정요구4 ON
[16:28:32] : 측정요구4 OFF
[16:28:32] : 61,20190104-162833,AL19010234073,,OK,MAX,2,3,AUTO,1.10,4.40,1.96,OK,1.10,4.40,1.75,OK,
[16:29:08] : REQUEST MEAS. ON
[16:29:15] : REQUEST MEAS. OFF
[16:29:15] : 측정요구 ON 2
[16:29:22] : 측정요구 2OFF
[16:29:22] : 61,20190104-162922,AL19010234083,,OK,MAX,1,2,AUTO,1.10,4.40,2.41,OK,1.10,4.40,2.13,OK,
[16:29:30] : 측정요구3 ON
[16:29:37] : 측정요구3 OFF
[16:29:37] : 측정요구4 ON
[16:29:44] : 측정요구4 OFF
[16:29:44] : 61,20190104-162945,AL19010234093,,OK,MAX,2,3,AUTO,1.10,4.40,2.01,OK,1.10,4.40,1.73,OK,
[16:30:18] : REQUEST MEAS. ON
[16:30:25] : REQUEST MEAS. OFF
[16:30:25] : 측정요구 ON 2
[16:30:33] : 측정요구 2OFF
[16:30:33] : 61,20190104-163034,AL19010234103,,OK,MAX,1,2,AUTO,1.10,4.40,2.01,OK,1.10,4.40,2.10,OK,
[16:30:46] : 측정요구3 ON
[16:30:53] : 측정요구3 OFF
[16:30:53] : 측정요구4 ON
[16:31:00] : 측정요구4 OFF
[16:31:00] : 61,20190104-163101,AL19010234113,,OK,MAX,2,3,AUTO,1.10,4.40,2.11,OK,1.10,4.40,1.72,OK,
[16:33:17] : REQUEST MEAS. ON
[16:33:24] : REQUEST MEAS. OFF
[16:33:24] : 측정요구 ON 2
[16:33:32] : 측정요구 2OFF
[16:33:32] : 61,20190104-163333,AL19010233773,,OK,MAX,1,2,AUTO,1.10,4.40,2.43,OK,1.10,4.40,3.17,OK,
[16:33:46] : 측정요구3 ON
[16:33:53] : 측정요구3 OFF
[16:33:53] : 측정요구4 ON
[16:34:00] : 측정요구4 OFF
[16:34:00] : 61,20190104-163401,AL19010233753,,OK,MAX,2,3,AUTO,1.10,4.40,2.21,OK,1.10,4.40,1.71,OK,
[16:34:15] : REQUEST MEAS. ON
[16:34:22] : REQUEST MEAS. OFF
[16:34:22] : 측정요구 ON 2
[16:34:30] : 측정요구 2OFF
[16:34:30] : 61,20190104-163430,AL19010233743,,NG,MAX,1,0,AUTO,1.10,4.40,0.57,NG,1.10,4.40,1.16,OK,
[16:36:13] : REQUEST MEAS. ON
[16:36:20] : REQUEST MEAS. OFF
[16:36:20] : 측정요구 ON 2
[16:36:28] : 측정요구 2OFF
[16:36:28] : 61,20190104-163628,AL19010233733,,OK,MAX,1,2,AUTO,1.10,4.40,1.40,OK,1.10,4.40,1.82,OK,
[16:36:41] : 측정요구3 ON
[16:36:48] : 측정요구3 OFF
[16:36:48] : 측정요구4 ON
[16:36:56] : 측정요구4 OFF
[16:36:56] : 61,20190104-163657,AL19010233833,,OK,MAX,2,3,AUTO,1.10,4.40,2.11,OK,1.10,4.40,1.82,OK,
[16:37:09] : REQUEST MEAS. ON
[16:37:16] : REQUEST MEAS. OFF
[16:37:16] : 측정요구 ON 2
[16:37:24] : 측정요구 2OFF
[16:37:24] : 61,20190104-163724,AL19010233783,,NG,MAX,1,0,AUTO,1.10,4.40,0.33,NG,1.10,4.40,1.34,OK,
[16:37:37] : 측정요구3 ON
[16:37:44] : 측정요구3 OFF
[16:37:44] : 측정요구4 ON
[16:37:52] : 측정요구4 OFF
[16:37:52] : 61,20190104-163753,AL19010233793,,OK,MAX,2,3,AUTO,1.10,4.40,2.16,OK,1.10,4.40,1.88,OK,
[16:38:03] : REQUEST MEAS. ON
[16:38:10] : REQUEST MEAS. OFF
[16:38:10] : 측정요구 ON 2
[16:38:18] : 측정요구 2OFF
[16:38:18] : 61,20190104-163818,AL19010233803,,OK,MAX,1,2,AUTO,1.10,4.40,2.69,OK,1.10,4.40,3.07,OK,
[16:38:32] : 측정요구3 ON
[16:38:39] : 측정요구3 OFF
[16:38:39] : 측정요구4 ON
[16:38:47] : 측정요구4 OFF
[16:38:47] : 61,20190104-163847,AL19010233813,,OK,MAX,2,3,AUTO,1.10,4.40,3.00,OK,1.10,4.40,2.00,OK,
[16:38:59] : REQUEST MEAS. ON
[16:39:07] : REQUEST MEAS. OFF
[16:39:07] : 측정요구 ON 2
[16:39:15] : 측정요구 2OFF
[16:39:15] : 61,20190104-163915,AL19010233823,,OK,MAX,1,2,AUTO,1.10,4.40,2.31,OK,1.10,4.40,2.52,OK,
[16:40:46] : AUTO RUNNING OFF
[16:41:24] : MEAS ESC ON
[16:41:26] : MEAS ESC OFF
[16:41:26] : AUTO RUNNING ON
[16:41:31] : AUTO RUNNING OFF
[17:47:21] : PROGRAM END
 
[17:57:42] : PROGRAM START
[17:57:46] : AUTO RUNNING OFF
[17:57:46] : REQUEST MEAS. OFF
[17:57:46] : REQUEST ZEROSET OFF
[17:57:46] : REQUEST ZEROSET OFF
[18:08:06] : PROGRAM END
 
[18:08:44] : PROGRAM START
[18:08:48] : AUTO RUNNING OFF
[18:08:48] : REQUEST MEAS. OFF
[18:08:48] : REQUEST ZEROSET OFF
[18:08:48] : REQUEST ZEROSET OFF
[18:45:43] : PROGRAM END
 
[18:47:19] : PROGRAM START
[18:47:23] : AUTO RUNNING OFF
[18:47:23] : REQUEST MEAS. OFF
[18:47:23] : REQUEST ZEROSET OFF
[18:47:23] : REQUEST ZEROSET OFF
[18:47:38] : PROGRAM END
 
[18:48:15] : PROGRAM START
[18:48:19] : AUTO RUNNING OFF
[18:48:19] : REQUEST MEAS. OFF
[18:48:19] : REQUEST ZEROSET OFF
[18:48:19] : REQUEST ZEROSET OFF
[18:48:40] : PROGRAM END
 
[18:49:17] : PROGRAM START
[18:49:20] : AUTO RUNNING OFF
[18:49:20] : REQUEST MEAS. OFF
[18:49:20] : REQUEST ZEROSET OFF
[18:49:20] : REQUEST ZEROSET OFF
 
