[09:27:34] : 측정요구3 ON
[09:27:42] : 측정요구3 OFF
[09:27:42] : 0
[09:27:42] : 측정요구4 ON
[09:27:49] : 측정요구4 OFF
[09:27:49] : 0
[09:38:35] : 측정요구3 ON
[09:38:42] : 측정요구3 OFF
[09:38:42] : 0
[09:38:42] : 측정요구4 ON
[09:38:49] : 측정요구4 OFF
[09:38:49] : 0
[09:39:34] : 측정요구3 ON
[09:39:41] : 측정요구3 OFF
[09:39:41] : 0
[09:39:41] : 측정요구4 ON
[09:39:49] : 측정요구4 OFF
[09:39:49] : 0
[09:39:52] : 측정요구3 ON
[09:39:59] : 측정요구3 OFF
[09:39:59] : 0
[09:39:59] : 측정요구4 ON
[09:40:06] : 측정요구4 OFF
[09:40:06] : 0
[09:40:09] : 측정요구3 ON
[09:40:16] : 측정요구3 OFF
[09:40:16] : 0
[09:40:16] : 측정요구4 ON
[09:40:24] : 측정요구4 OFF
[09:40:24] : 0
[09:40:27] : 측정요구3 ON
[09:40:34] : 측정요구3 OFF
[09:40:34] : 0
[09:40:34] : 측정요구4 ON
[09:40:41] : 측정요구4 OFF
[09:40:41] : 0
[09:40:44] : 측정요구3 ON
[09:40:51] : 측정요구3 OFF
[09:40:51] : 0
[09:40:51] : 측정요구4 ON
[09:40:58] : 측정요구4 OFF
[09:40:58] : 0
[10:00:20] : 측정요구3 ON
[10:00:27] : 측정요구3 OFF
[10:00:27] : 0
[10:00:27] : 측정요구4 ON
[10:00:35] : 측정요구4 OFF
[10:00:35] : 0
[10:00:38] : 측정요구3 ON
[10:00:45] : 측정요구3 OFF
[10:00:45] : 0
[10:00:45] : 측정요구4 ON
[10:00:52] : 측정요구4 OFF
[10:00:52] : 0
[10:00:55] : 측정요구3 ON
[10:01:02] : 측정요구3 OFF
[10:01:02] : 0
[10:01:02] : 측정요구4 ON
[10:01:09] : 측정요구4 OFF
[10:01:09] : 0
[10:01:12] : 측정요구3 ON
[10:01:19] : 측정요구3 OFF
[10:01:19] : 0
[10:01:19] : 측정요구4 ON
[10:01:26] : 측정요구4 OFF
[10:01:26] : 0
[10:01:29] : 측정요구3 ON
[10:01:36] : 측정요구3 OFF
[10:01:36] : 0
[10:01:36] : 측정요구4 ON
[10:01:43] : 측정요구4 OFF
[10:01:43] : 0
[10:14:31] : REQUEST MEAS. ON
[10:14:38] : REQUEST MEAS. OFF
[10:14:38] : 0
[10:14:38] : 측정요구 ON 2
[10:14:46] : 측정요구 2OFF
[10:14:46] : 0
[10:38:16] : 측정요구3 ON
[10:38:24] : 측정요구3 OFF
[10:38:24] : 0
[10:38:24] : 측정요구4 ON
[10:38:31] : 측정요구4 OFF
[10:38:31] : 0
[10:38:34] : 측정요구3 ON
[10:38:41] : 측정요구3 OFF
[10:38:41] : 0
[10:38:41] : 측정요구4 ON
[10:38:48] : 측정요구4 OFF
[10:38:48] : 0
[10:38:51] : 측정요구3 ON
[10:38:58] : 측정요구3 OFF
[10:38:58] : 0
[10:38:58] : 측정요구4 ON
[10:39:05] : 측정요구4 OFF
[10:39:05] : 0
[10:39:08] : 측정요구3 ON
[10:39:15] : 측정요구3 OFF
[10:39:15] : 0
[10:39:15] : 측정요구4 ON
[10:39:22] : 측정요구4 OFF
[10:39:22] : 0
[10:39:25] : 측정요구3 ON
[10:39:32] : 측정요구3 OFF
[10:39:32] : 0
[10:39:32] : 측정요구4 ON
[10:39:40] : 측정요구4 OFF
[10:39:40] : 0
[10:41:00] : 측정요구3 ON
[10:41:07] : 측정요구3 OFF
[10:41:07] : 0
[10:41:07] : 측정요구4 ON
[10:41:14] : 측정요구4 OFF
[10:41:14] : 0
[10:41:16] : 측정요구3 ON
[10:41:23] : 측정요구3 OFF
[10:41:23] : 0
[10:41:23] : 측정요구4 ON
[10:41:31] : 측정요구4 OFF
[10:41:31] : 0
[10:41:34] : 측정요구3 ON
[10:41:41] : 측정요구3 OFF
[10:41:41] : 0
[10:41:41] : 측정요구4 ON
[10:41:48] : 측정요구4 OFF
[10:41:48] : 0
[10:41:51] : 측정요구3 ON
[10:41:58] : 측정요구3 OFF
[10:41:58] : 0
[10:41:58] : 측정요구4 ON
[10:42:05] : 측정요구4 OFF
[10:42:05] : 0
[10:42:08] : 측정요구3 ON
[10:42:15] : 측정요구3 OFF
[10:42:15] : 0
[10:42:15] : 측정요구4 ON
[10:42:23] : 측정요구4 OFF
[10:42:23] : 0
[10:43:20] : 측정요구3 ON
[10:43:27] : 측정요구3 OFF
[10:43:27] : 0
[10:43:27] : 측정요구4 ON
[10:43:35] : 측정요구4 OFF
[10:43:35] : 0
[10:43:38] : 측정요구3 ON
[10:43:45] : 측정요구3 OFF
[10:43:45] : 0
[10:43:45] : 측정요구4 ON
[10:43:52] : 측정요구4 OFF
[10:43:52] : 0
[10:43:55] : 측정요구3 ON
[10:44:02] : 측정요구3 OFF
[10:44:02] : 0
[10:44:02] : 측정요구4 ON
[10:44:09] : 측정요구4 OFF
[10:44:09] : 0
[10:44:12] : 측정요구3 ON
[10:44:19] : 측정요구3 OFF
[10:44:19] : 0
[10:44:19] : 측정요구4 ON
[10:44:27] : 측정요구4 OFF
[10:44:27] : 0
[10:44:29] : 측정요구3 ON
[10:44:36] : 측정요구3 OFF
[10:44:36] : 0
[10:44:36] : 측정요구4 ON
[10:44:44] : 측정요구4 OFF
[10:44:44] : 0
[10:46:24] : 측정요구3 ON
[10:46:31] : 측정요구3 OFF
[10:46:31] : 0
[10:46:31] : 측정요구4 ON
[10:46:38] : 측정요구4 OFF
[10:46:38] : 0
[10:46:41] : 측정요구3 ON
[10:46:48] : 측정요구3 OFF
[10:46:48] : 0
[10:46:48] : 측정요구4 ON
[10:46:56] : 측정요구4 OFF
[10:46:56] : 0
[10:46:58] : 측정요구3 ON
[10:47:05] : 측정요구3 OFF
[10:47:05] : 0
[10:47:05] : 측정요구4 ON
[10:47:13] : 측정요구4 OFF
[10:47:13] : 0
[10:47:16] : 측정요구3 ON
[10:47:23] : 측정요구3 OFF
[10:47:23] : 0
[10:47:23] : 측정요구4 ON
[10:47:30] : 측정요구4 OFF
[10:47:30] : 0
[10:47:33] : 측정요구3 ON
[10:47:40] : 측정요구3 OFF
[10:47:40] : 0
[10:47:40] : 측정요구4 ON
[10:47:47] : 측정요구4 OFF
[10:47:47] : 0
[10:49:23] : REQUEST MEAS. ON
[10:49:30] : REQUEST MEAS. OFF
[10:49:30] : 0
[10:49:30] : 측정요구 ON 2
[10:49:37] : 측정요구 2OFF
[10:49:37] : 0
[10:49:39] : REQUEST MEAS. ON
[10:49:46] : REQUEST MEAS. OFF
[10:49:46] : 0
[10:49:46] : 측정요구 ON 2
[10:49:54] : 측정요구 2OFF
[10:49:54] : 0
[10:49:56] : REQUEST MEAS. ON
[10:50:15] : REQUEST MEAS. OFF
[10:50:15] : 0
[10:50:15] : 측정요구 ON 2
[10:50:22] : 측정요구 2OFF
[10:50:22] : 0
[10:50:25] : REQUEST MEAS. ON
[10:50:32] : REQUEST MEAS. OFF
[10:50:32] : 0
[10:50:32] : 측정요구 ON 2
[10:50:39] : 측정요구 2OFF
[10:50:39] : 0
[10:50:42] : REQUEST MEAS. ON
[10:50:49] : REQUEST MEAS. OFF
[10:50:49] : 0
[10:50:49] : 측정요구 ON 2
[10:50:56] : 측정요구 2OFF
[10:50:56] : 0
[10:50:59] : REQUEST MEAS. ON
[10:51:06] : REQUEST MEAS. OFF
[10:51:06] : 0
[10:51:06] : 측정요구 ON 2
[10:51:13] : 측정요구 2OFF
[10:51:13] : 0
[10:51:15] : REQUEST MEAS. ON
[10:51:22] : REQUEST MEAS. OFF
[10:51:22] : 0
[10:51:22] : 측정요구 ON 2
[10:51:30] : 측정요구 2OFF
[10:51:30] : 0
[10:51:32] : REQUEST MEAS. ON
[10:51:39] : REQUEST MEAS. OFF
[10:51:39] : 0
[10:51:39] : 측정요구 ON 2
[10:51:46] : 측정요구 2OFF
[10:51:46] : 0
[10:51:49] : REQUEST MEAS. ON
[10:51:56] : REQUEST MEAS. OFF
[10:51:56] : 0
[10:51:56] : 측정요구 ON 2
[10:52:03] : 측정요구 2OFF
[10:52:03] : 0
[10:52:06] : REQUEST MEAS. ON
[10:52:13] : REQUEST MEAS. OFF
[10:52:13] : 0
[10:52:13] : 측정요구 ON 2
[10:52:20] : 측정요구 2OFF
[10:52:20] : 0
[11:18:21] : 측정요구3 ON
[11:18:28] : 측정요구3 OFF
[11:18:28] : 0
[11:18:28] : 측정요구4 ON
[11:18:36] : 측정요구4 OFF
[11:18:36] : 0
[11:18:39] : 측정요구3 ON
[11:18:46] : 측정요구3 OFF
[11:18:46] : 0
[11:18:46] : 측정요구4 ON
[11:18:54] : 측정요구4 OFF
[11:18:54] : 0
[11:18:56] : 측정요구3 ON
[11:19:03] : 측정요구3 OFF
[11:19:03] : 0
[11:19:03] : 측정요구4 ON
[11:19:11] : 측정요구4 OFF
[11:19:11] : 0
[11:19:13] : 측정요구3 ON
[11:19:20] : 측정요구3 OFF
[11:19:20] : 0
[11:19:20] : 측정요구4 ON
[11:19:28] : 측정요구4 OFF
[11:19:28] : 0
[11:25:37] : 측정요구3 ON
[11:25:45] : 측정요구3 OFF
[11:25:45] : 0
[11:25:45] : 측정요구4 ON
[11:25:52] : 측정요구4 OFF
[11:25:52] : 0
[11:25:55] : 측정요구3 ON
[11:26:02] : 측정요구3 OFF
[11:26:02] : 0
[11:26:02] : 측정요구4 ON
[11:26:09] : 측정요구4 OFF
[11:26:09] : 0
[11:26:12] : 측정요구3 ON
[11:26:19] : 측정요구3 OFF
[11:26:19] : 0
[11:26:19] : 측정요구4 ON
[11:26:27] : 측정요구4 OFF
[11:26:27] : 0
[11:26:29] : 측정요구3 ON
[11:26:36] : 측정요구3 OFF
[11:26:36] : 0
[11:26:36] : 측정요구4 ON
[11:26:44] : 측정요구4 OFF
[11:26:44] : 0
[11:26:47] : 측정요구3 ON
[11:26:54] : 측정요구3 OFF
[11:26:54] : 0
[11:26:54] : 측정요구4 ON
[11:27:01] : 측정요구4 OFF
[11:27:01] : 0
[11:27:04] : 측정요구3 ON
[11:27:11] : 측정요구3 OFF
[11:27:11] : 0
[11:27:11] : 측정요구4 ON
[11:27:19] : 측정요구4 OFF
[11:27:19] : 0
[11:27:21] : 측정요구3 ON
[11:27:28] : 측정요구3 OFF
[11:27:28] : 0
[11:27:28] : 측정요구4 ON
[11:27:36] : 측정요구4 OFF
[11:27:36] : 0
[11:27:39] : 측정요구3 ON
[11:27:46] : 측정요구3 OFF
[11:27:46] : 0
[11:27:46] : 측정요구4 ON
[11:27:53] : 측정요구4 OFF
[11:27:53] : 0
[11:27:56] : 측정요구3 ON
[11:28:03] : 측정요구3 OFF
[11:28:03] : 0
[11:28:03] : 측정요구4 ON
[11:28:10] : 측정요구4 OFF
[11:28:10] : 0
[11:28:13] : 측정요구3 ON
[11:28:20] : 측정요구3 OFF
[11:28:20] : 0
[11:28:20] : 측정요구4 ON
[11:28:27] : 측정요구4 OFF
[11:28:27] : 0
[11:42:41] : REQUEST MEAS. ON
[11:42:49] : REQUEST MEAS. OFF
[11:42:49] : 0
[11:42:49] : 측정요구 ON 2
[11:42:56] : 측정요구 2OFF
[11:42:56] : 0
[11:42:59] : REQUEST MEAS. ON
[11:43:06] : REQUEST MEAS. OFF
[11:43:06] : 0
[11:43:06] : 측정요구 ON 2
[11:43:13] : 측정요구 2OFF
[11:43:13] : 0
[11:43:16] : REQUEST MEAS. ON
[11:43:23] : REQUEST MEAS. OFF
[11:43:23] : 0
[11:43:23] : 측정요구 ON 2
[11:43:30] : 측정요구 2OFF
[11:43:30] : 0
[11:44:45] : 측정요구3 ON
[11:44:53] : 측정요구3 OFF
[11:44:53] : 0
[11:44:53] : 측정요구4 ON
[11:45:01] : 측정요구4 OFF
[11:45:01] : 0
[11:45:44] : 측정요구3 ON
[11:45:51] : 측정요구3 OFF
[11:45:51] : 0
[11:45:51] : 측정요구4 ON
[11:45:59] : 측정요구4 OFF
[11:45:59] : 0
[11:46:01] : 측정요구3 ON
[11:46:08] : 측정요구3 OFF
[11:46:08] : 0
[11:46:08] : 측정요구4 ON
[11:46:16] : 측정요구4 OFF
[11:46:16] : 0
[11:46:18] : 측정요구3 ON
[11:46:25] : 측정요구3 OFF
[11:46:25] : 0
[11:46:25] : 측정요구4 ON
[11:46:33] : 측정요구4 OFF
[11:46:33] : 0
[11:46:36] : 측정요구3 ON
[11:46:43] : 측정요구3 OFF
[11:46:43] : 0
[11:46:43] : 측정요구4 ON
[11:46:50] : 측정요구4 OFF
[11:46:50] : 0
[11:46:53] : 측정요구3 ON
[11:47:00] : 측정요구3 OFF
[11:47:00] : 0
[11:47:00] : 측정요구4 ON
[11:47:07] : 측정요구4 OFF
[11:47:07] : 0
[11:47:10] : 측정요구3 ON
[11:47:17] : 측정요구3 OFF
[11:47:17] : 0
[11:47:17] : 측정요구4 ON
[11:47:25] : 측정요구4 OFF
[11:47:25] : 0
[11:47:27] : 측정요구3 ON
[11:47:34] : 측정요구3 OFF
[11:47:34] : 0
[11:47:34] : 측정요구4 ON
[11:47:42] : 측정요구4 OFF
[11:47:42] : 0
[11:47:45] : 측정요구3 ON
[11:47:52] : 측정요구3 OFF
[11:47:52] : 0
[11:47:52] : 측정요구4 ON
[11:47:59] : 측정요구4 OFF
[11:47:59] : 0
 
[11:59:19] : 측정요구3 ON
[11:59:26] : 측정요구3 OFF
[11:59:26] : 0
[11:59:26] : 측정요구4 ON
[11:59:33] : 측정요구4 OFF
[11:59:33] : 0
[11:59:36] : 측정요구3 ON
[11:59:43] : 측정요구3 OFF
[11:59:43] : 0
[11:59:43] : 측정요구4 ON
[11:59:51] : 측정요구4 OFF
[11:59:51] : 0
[11:59:53] : 측정요구3 ON
[12:00:00] : 측정요구3 OFF
[12:00:00] : 0
[12:00:00] : 측정요구4 ON
[12:00:08] : 측정요구4 OFF
[12:00:08] : 0
[12:00:11] : 측정요구3 ON
[12:00:18] : 측정요구3 OFF
[12:00:18] : 0
[12:00:18] : 측정요구4 ON
[12:00:25] : 측정요구4 OFF
[12:00:25] : 0
[12:00:28] : 측정요구3 ON
[12:00:35] : 측정요구3 OFF
[12:00:35] : 0
[12:00:35] : 측정요구4 ON
[12:00:42] : 측정요구4 OFF
[12:00:42] : 0
[12:00:45] : 측정요구3 ON
[12:00:52] : 측정요구3 OFF
[12:00:52] : 0
[12:00:52] : 측정요구4 ON
[12:01:00] : 측정요구4 OFF
[12:01:00] : 0
[12:01:02] : 측정요구3 ON
[12:01:09] : 측정요구3 OFF
[12:01:09] : 0
[12:01:09] : 측정요구4 ON
[12:01:17] : 측정요구4 OFF
[12:01:17] : 0
[12:01:20] : 측정요구3 ON
[12:01:27] : 측정요구3 OFF
[12:01:27] : 0
[12:01:27] : 측정요구4 ON
[12:01:34] : 측정요구4 OFF
[12:01:34] : 0
[12:01:37] : 측정요구3 ON
[12:01:44] : 측정요구3 OFF
[12:01:44] : 0
[12:01:44] : 측정요구4 ON
[12:01:51] : 측정요구4 OFF
[12:01:51] : 0
[12:01:54] : 측정요구3 ON
[12:02:01] : 측정요구3 OFF
[12:02:01] : 0
[12:02:01] : 측정요구4 ON
[12:02:09] : 측정요구4 OFF
[12:02:09] : 0
[13:31:18] : 측정요구3 ON
[13:31:25] : 측정요구3 OFF
[13:31:25] : 0
[13:31:25] : 측정요구4 ON
[13:31:32] : 측정요구4 OFF
[13:31:32] : 0
[13:31:35] : 측정요구3 ON
[13:31:42] : 측정요구3 OFF
[13:31:42] : 0
[13:31:42] : 측정요구4 ON
[13:31:49] : 측정요구4 OFF
[13:31:49] : 0
[13:31:52] : 측정요구3 ON
[13:31:59] : 측정요구3 OFF
[13:31:59] : 0
[13:31:59] : 측정요구4 ON
[13:32:06] : 측정요구4 OFF
[13:32:06] : 0
[13:32:09] : 측정요구3 ON
[13:32:16] : 측정요구3 OFF
[13:32:16] : 0
[13:32:16] : 측정요구4 ON
[13:32:24] : 측정요구4 OFF
[13:32:24] : 0
[13:32:26] : 측정요구3 ON
[13:32:33] : 측정요구3 OFF
[13:32:33] : 0
[13:32:33] : 측정요구4 ON
[13:32:41] : 측정요구4 OFF
[13:32:41] : 0
[13:32:44] : 측정요구3 ON
[13:32:51] : 측정요구3 OFF
[13:32:51] : 0
[13:32:51] : 측정요구4 ON
[13:32:58] : 측정요구4 OFF
[13:32:58] : 0
[13:33:01] : 측정요구3 ON
[13:33:08] : 측정요구3 OFF
[13:33:08] : 0
[13:33:08] : 측정요구4 ON
[13:33:16] : 측정요구4 OFF
[13:33:16] : 0
[13:33:18] : 측정요구3 ON
[13:33:25] : 측정요구3 OFF
[13:33:25] : 0
[13:33:25] : 측정요구4 ON
[13:33:33] : 측정요구4 OFF
[13:33:33] : 0
[13:33:35] : 측정요구3 ON
[13:33:42] : 측정요구3 OFF
[13:33:42] : 0
[13:33:42] : 측정요구4 ON
[13:33:50] : 측정요구4 OFF
[13:33:50] : 0
[13:33:53] : 측정요구3 ON
[13:34:00] : 측정요구3 OFF
[13:34:00] : 0
[13:34:00] : 측정요구4 ON
[13:34:07] : 측정요구4 OFF
[13:34:07] : 0
[13:35:46] : 측정요구3 ON
[13:35:53] : 측정요구3 OFF
[13:35:53] : 0
[13:35:53] : 측정요구4 ON
[13:36:00] : 측정요구4 OFF
[13:36:00] : 0
[13:36:03] : 측정요구3 ON
[13:36:10] : 측정요구3 OFF
[13:36:10] : 0
[13:36:10] : 측정요구4 ON
[13:36:18] : 측정요구4 OFF
[13:36:18] : 0
[13:36:20] : 측정요구3 ON
[13:36:27] : 측정요구3 OFF
[13:36:27] : 0
[13:36:27] : 측정요구4 ON
[13:36:35] : 측정요구4 OFF
[13:36:35] : 0
[13:36:37] : 측정요구3 ON
[13:36:44] : 측정요구3 OFF
[13:36:44] : 0
[13:36:44] : 측정요구4 ON
[13:36:52] : 측정요구4 OFF
[13:36:52] : 0
[13:36:55] : 측정요구3 ON
[13:37:02] : 측정요구3 OFF
[13:37:02] : 0
[13:37:02] : 측정요구4 ON
[13:37:09] : 측정요구4 OFF
[13:37:09] : 0
[13:37:12] : 측정요구3 ON
[13:37:19] : 측정요구3 OFF
[13:37:19] : 0
[13:37:19] : 측정요구4 ON
[13:37:26] : 측정요구4 OFF
[13:37:26] : 0
[13:37:29] : 측정요구3 ON
[13:37:36] : 측정요구3 OFF
[13:37:36] : 0
[13:37:36] : 측정요구4 ON
[13:37:43] : 측정요구4 OFF
[13:37:43] : 0
[13:37:46] : 측정요구3 ON
[13:37:53] : 측정요구3 OFF
[13:37:53] : 0
[13:37:53] : 측정요구4 ON
[13:38:01] : 측정요구4 OFF
[13:38:01] : 0
[13:38:03] : 측정요구3 ON
[13:38:10] : 측정요구3 OFF
[13:38:10] : 0
[13:38:10] : 측정요구4 ON
[13:38:18] : 측정요구4 OFF
[13:38:18] : 0
[13:38:21] : 측정요구3 ON
[13:38:28] : 측정요구3 OFF
[13:38:28] : 0
[13:38:28] : 측정요구4 ON
[13:38:35] : 측정요구4 OFF
[13:38:35] : 0
[15:03:59] : 측정요구3 ON
[15:04:06] : 측정요구3 OFF
[15:04:06] : 0
[15:04:06] : 측정요구4 ON
[15:04:14] : 측정요구4 OFF
[15:04:14] : 0
[15:04:17] : 측정요구3 ON
[15:04:24] : 측정요구3 OFF
[15:04:24] : 0
[15:04:24] : 측정요구4 ON
[15:04:31] : 측정요구4 OFF
[15:04:31] : 0
[15:04:34] : 측정요구3 ON
[15:04:41] : 측정요구3 OFF
[15:04:41] : 0
[15:04:41] : 측정요구4 ON
[15:04:48] : 측정요구4 OFF
[15:04:48] : 0
[15:04:51] : 측정요구3 ON
[15:04:58] : 측정요구3 OFF
[15:04:58] : 0
[15:04:58] : 측정요구4 ON
[15:05:05] : 측정요구4 OFF
[15:05:05] : 0
[15:05:08] : 측정요구3 ON
[15:05:15] : 측정요구3 OFF
[15:05:15] : 0
[15:05:15] : 측정요구4 ON
[15:05:23] : 측정요구4 OFF
[15:05:23] : 0
[15:15:29] : REQUEST MEAS. ON
[15:15:36] : REQUEST MEAS. OFF
[15:15:36] : 0
[15:15:36] : 측정요구 ON 2
[15:15:43] : 측정요구 2OFF
[15:15:43] : 0
[15:16:44] : REQUEST MEAS. ON
[15:16:51] : REQUEST MEAS. OFF
[15:16:51] : 0
[15:16:51] : 측정요구 ON 2
[15:16:59] : 측정요구 2OFF
[15:16:59] : 0
[15:17:01] : REQUEST MEAS. ON
[15:17:08] : REQUEST MEAS. OFF
[15:17:08] : 0
[15:17:08] : 측정요구 ON 2
[15:17:16] : 측정요구 2OFF
[15:17:16] : 0
[15:17:18] : REQUEST MEAS. ON
[15:17:25] : REQUEST MEAS. OFF
[15:17:25] : 0
[15:17:25] : 측정요구 ON 2
[15:17:33] : 측정요구 2OFF
[15:17:33] : 0
[15:17:35] : REQUEST MEAS. ON
[15:17:42] : REQUEST MEAS. OFF
[15:17:42] : 0
[15:17:42] : 측정요구 ON 2
[15:17:49] : 측정요구 2OFF
[15:17:49] : 0
[15:17:52] : REQUEST MEAS. ON
[15:17:59] : REQUEST MEAS. OFF
[15:17:59] : 0
[15:17:59] : 측정요구 ON 2
[15:18:06] : 측정요구 2OFF
[15:18:06] : 0
[15:18:09] : REQUEST MEAS. ON
[15:18:16] : REQUEST MEAS. OFF
[15:18:16] : 0
[15:18:16] : 측정요구 ON 2
[15:18:23] : 측정요구 2OFF
[15:18:23] : 0
[15:18:25] : REQUEST MEAS. ON
[15:18:32] : REQUEST MEAS. OFF
[15:18:32] : 0
[15:18:32] : 측정요구 ON 2
[15:18:40] : 측정요구 2OFF
[15:18:40] : 0
[15:18:42] : REQUEST MEAS. ON
[15:18:49] : REQUEST MEAS. OFF
[15:18:49] : 0
[15:18:49] : 측정요구 ON 2
[15:18:56] : 측정요구 2OFF
[15:18:56] : 0
[15:18:59] : REQUEST MEAS. ON
[15:19:06] : REQUEST MEAS. OFF
[15:19:06] : 0
[15:19:06] : 측정요구 ON 2
[15:19:13] : 측정요구 2OFF
[15:19:13] : 0
[15:19:16] : REQUEST MEAS. ON
[15:19:23] : REQUEST MEAS. OFF
[15:19:23] : 0
[15:19:23] : 측정요구 ON 2
[15:19:30] : 측정요구 2OFF
[15:19:30] : 0
[15:28:42] : REQUEST MEAS. ON
[15:28:50] : REQUEST MEAS. OFF
[15:28:50] : 0
[15:28:50] : 측정요구 ON 2
[15:28:58] : 측정요구 2OFF
[15:28:58] : 0
[15:29:00] : REQUEST MEAS. ON
[15:29:07] : REQUEST MEAS. OFF
[15:29:07] : 0
[15:29:07] : 측정요구 ON 2
[15:29:15] : 측정요구 2OFF
[15:29:15] : 0
[15:29:17] : REQUEST MEAS. ON
[15:29:24] : REQUEST MEAS. OFF
[15:29:24] : 0
[15:29:24] : 측정요구 ON 2
[15:29:31] : 측정요구 2OFF
[15:29:31] : 0
[15:29:34] : REQUEST MEAS. ON
[15:29:41] : REQUEST MEAS. OFF
[15:29:41] : 0
[15:29:41] : 측정요구 ON 2
[15:29:48] : 측정요구 2OFF
[15:29:48] : 0
[15:29:51] : REQUEST MEAS. ON
[15:29:58] : REQUEST MEAS. OFF
[15:29:58] : 0
[15:29:58] : 측정요구 ON 2
[15:30:05] : 측정요구 2OFF
[15:30:05] : 0
[15:30:08] : REQUEST MEAS. ON
[15:30:15] : REQUEST MEAS. OFF
[15:30:15] : 0
[15:30:15] : 측정요구 ON 2
[15:30:22] : 측정요구 2OFF
[15:30:22] : 0
[15:30:25] : REQUEST MEAS. ON
[15:30:32] : REQUEST MEAS. OFF
[15:30:32] : 0
[15:30:32] : 측정요구 ON 2
[15:30:39] : 측정요구 2OFF
[15:30:39] : 0
[15:30:41] : REQUEST MEAS. ON
[15:30:48] : REQUEST MEAS. OFF
[15:30:48] : 0
[15:30:48] : 측정요구 ON 2
[15:30:56] : 측정요구 2OFF
[15:30:56] : 0
[15:35:16] : REQUEST MEAS. ON
[15:35:24] : REQUEST MEAS. OFF
[15:35:24] : 0
[15:35:24] : 측정요구 ON 2
[15:35:31] : 측정요구 2OFF
[15:35:31] : 0
[15:35:34] : REQUEST MEAS. ON
[15:35:41] : REQUEST MEAS. OFF
[15:35:41] : 0
[15:35:41] : 측정요구 ON 2
[15:35:48] : 측정요구 2OFF
[15:35:48] : 0
[15:45:11] : REQUEST MEAS. ON
[15:45:18] : REQUEST MEAS. OFF
[15:45:18] : 0
[15:45:18] : 측정요구 ON 2
[15:45:26] : 측정요구 2OFF
[15:45:26] : 0
[15:45:28] : REQUEST MEAS. ON
[15:45:35] : REQUEST MEAS. OFF
[15:45:35] : 0
[15:45:35] : 측정요구 ON 2
[15:45:42] : 측정요구 2OFF
[15:45:42] : 0
[15:45:45] : REQUEST MEAS. ON
[15:45:52] : REQUEST MEAS. OFF
[15:45:52] : 0
[15:45:52] : 측정요구 ON 2
[15:45:59] : 측정요구 2OFF
[15:45:59] : 0
[15:46:02] : REQUEST MEAS. ON
[15:46:09] : REQUEST MEAS. OFF
[15:46:09] : 0
[15:46:09] : 측정요구 ON 2
[15:46:16] : 측정요구 2OFF
[15:46:16] : 0
[15:54:16] : REQUEST MEAS. ON
[15:54:23] : REQUEST MEAS. OFF
[15:54:23] : 0
[15:54:23] : 측정요구 ON 2
[15:54:28] : 측정요구 2OFF
[15:54:28] : 0
[15:55:12] : REQUEST MEAS. ON
[15:55:19] : REQUEST MEAS. OFF
[15:55:19] : 0
[15:55:19] : 측정요구 ON 2
[15:55:27] : 측정요구 2OFF
[15:55:27] : 0
[15:55:29] : REQUEST MEAS. ON
[15:55:36] : REQUEST MEAS. OFF
[15:55:36] : 0
[15:55:36] : 측정요구 ON 2
[15:55:44] : 측정요구 2OFF
[15:55:44] : 0
[15:55:46] : REQUEST MEAS. ON
[15:55:53] : REQUEST MEAS. OFF
[15:55:53] : 0
[15:55:53] : 측정요구 ON 2
[15:56:01] : 측정요구 2OFF
[15:56:01] : 0
[15:56:03] : REQUEST MEAS. ON
[15:56:10] : REQUEST MEAS. OFF
[15:56:10] : 0
[15:56:10] : 측정요구 ON 2
[15:56:18] : 측정요구 2OFF
[15:56:18] : 0
[15:56:20] : REQUEST MEAS. ON
[15:56:27] : REQUEST MEAS. OFF
[15:56:27] : 0
[15:56:27] : 측정요구 ON 2
[15:56:34] : 측정요구 2OFF
[15:56:34] : 0
[15:56:37] : REQUEST MEAS. ON
[15:56:44] : REQUEST MEAS. OFF
[15:56:44] : 0
[15:56:44] : 측정요구 ON 2
[15:56:51] : 측정요구 2OFF
[15:56:51] : 0
[15:56:54] : REQUEST MEAS. ON
[15:57:01] : REQUEST MEAS. OFF
[15:57:01] : 0
[15:57:01] : 측정요구 ON 2
[15:57:08] : 측정요구 2OFF
[15:57:08] : 0
[15:57:11] : REQUEST MEAS. ON
[15:57:18] : REQUEST MEAS. OFF
[15:57:18] : 0
[15:57:18] : 측정요구 ON 2
[15:57:25] : 측정요구 2OFF
[15:57:25] : 0
[15:57:28] : REQUEST MEAS. ON
[15:57:35] : REQUEST MEAS. OFF
[15:57:35] : 0
[15:57:35] : 측정요구 ON 2
[15:57:42] : 측정요구 2OFF
[15:57:42] : 0
[15:57:45] : REQUEST MEAS. ON
[15:57:52] : REQUEST MEAS. OFF
[15:57:52] : 0
[15:57:52] : 측정요구 ON 2
[15:57:59] : 측정요구 2OFF
[15:57:59] : 0
[15:58:02] : REQUEST MEAS. ON
[15:58:09] : REQUEST MEAS. OFF
[15:58:09] : 0
[15:58:09] : 측정요구 ON 2
[15:58:16] : 측정요구 2OFF
[15:58:16] : 0
[15:58:18] : REQUEST MEAS. ON
[15:58:25] : REQUEST MEAS. OFF
[15:58:25] : 0
[15:58:25] : 측정요구 ON 2
[15:58:33] : 측정요구 2OFF
[15:58:33] : 0
[15:58:35] : REQUEST MEAS. ON
[15:58:42] : REQUEST MEAS. OFF
[15:58:42] : 0
[15:58:42] : 측정요구 ON 2
[15:58:50] : 측정요구 2OFF
[15:58:50] : 0
[15:58:52] : REQUEST MEAS. ON
[15:58:59] : REQUEST MEAS. OFF
[15:58:59] : 0
[15:58:59] : 측정요구 ON 2
[15:59:06] : 측정요구 2OFF
[15:59:06] : 0
[15:59:09] : REQUEST MEAS. ON
[15:59:16] : REQUEST MEAS. OFF
[15:59:16] : 0
[15:59:16] : 측정요구 ON 2
[15:59:23] : 측정요구 2OFF
[15:59:23] : 0
[15:59:26] : REQUEST MEAS. ON
[15:59:33] : REQUEST MEAS. OFF
[15:59:33] : 0
[15:59:33] : 측정요구 ON 2
[15:59:40] : 측정요구 2OFF
[15:59:40] : 0
[15:59:43] : REQUEST MEAS. ON
[15:59:50] : REQUEST MEAS. OFF
[15:59:50] : 0
[15:59:50] : 측정요구 ON 2
[15:59:57] : 측정요구 2OFF
[15:59:57] : 0
[15:59:59] : REQUEST MEAS. ON
[16:00:06] : REQUEST MEAS. OFF
[16:00:06] : 0
[16:00:06] : 측정요구 ON 2
[16:00:14] : 측정요구 2OFF
[16:00:14] : 0
[16:00:16] : REQUEST MEAS. ON
[16:00:23] : REQUEST MEAS. OFF
[16:00:23] : 0
[16:00:23] : 측정요구 ON 2
[16:00:30] : 측정요구 2OFF
[16:00:30] : 0
[16:00:33] : REQUEST MEAS. ON
[16:00:40] : REQUEST MEAS. OFF
[16:00:40] : 0
[16:00:40] : 측정요구 ON 2
[16:00:47] : 측정요구 2OFF
[16:00:47] : 0
[16:00:50] : REQUEST MEAS. ON
[16:00:57] : REQUEST MEAS. OFF
[16:00:57] : 0
[16:00:57] : 측정요구 ON 2
[16:01:04] : 측정요구 2OFF
[16:01:04] : 0
[16:01:06] : REQUEST MEAS. ON
[16:01:13] : REQUEST MEAS. OFF
[16:01:13] : 0
[16:01:13] : 측정요구 ON 2
[16:01:21] : 측정요구 2OFF
[16:01:21] : 0
[16:01:23] : REQUEST MEAS. ON
[16:01:30] : REQUEST MEAS. OFF
[16:01:30] : 0
[16:01:30] : 측정요구 ON 2
[16:01:38] : 측정요구 2OFF
[16:01:38] : 0
[16:01:40] : REQUEST MEAS. ON
[16:01:47] : REQUEST MEAS. OFF
[16:01:47] : 0
[16:01:47] : 측정요구 ON 2
[16:01:54] : 측정요구 2OFF
[16:01:54] : 0
[16:01:57] : REQUEST MEAS. ON
[16:02:04] : REQUEST MEAS. OFF
[16:02:04] : 0
[16:02:04] : 측정요구 ON 2
[16:02:11] : 측정요구 2OFF
[16:02:11] : 0
[16:02:14] : REQUEST MEAS. ON
[16:02:21] : REQUEST MEAS. OFF
[16:02:21] : 0
[16:02:21] : 측정요구 ON 2
[16:02:28] : 측정요구 2OFF
[16:02:28] : 0
[16:02:30] : REQUEST MEAS. ON
[16:02:37] : REQUEST MEAS. OFF
[16:02:37] : 0
[16:02:37] : 측정요구 ON 2
[16:02:45] : 측정요구 2OFF
[16:02:45] : 0
[16:02:47] : REQUEST MEAS. ON
[16:02:54] : REQUEST MEAS. OFF
[16:02:54] : 0
[16:02:54] : 측정요구 ON 2
[16:03:01] : 측정요구 2OFF
[16:03:01] : 0
[16:03:04] : REQUEST MEAS. ON
[16:03:11] : REQUEST MEAS. OFF
[16:03:11] : 0
[16:03:11] : 측정요구 ON 2
[16:03:18] : 측정요구 2OFF
[16:03:18] : 0
[16:03:21] : REQUEST MEAS. ON
[16:03:28] : REQUEST MEAS. OFF
[16:03:28] : 0
[16:03:28] : 측정요구 ON 2
[16:03:35] : 측정요구 2OFF
[16:03:35] : 0
[16:03:38] : REQUEST MEAS. ON
[16:03:45] : REQUEST MEAS. OFF
[16:03:45] : 0
[16:03:45] : 측정요구 ON 2
[16:03:52] : 측정요구 2OFF
[16:03:52] : 0
[16:03:54] : REQUEST MEAS. ON
[16:04:01] : REQUEST MEAS. OFF
[16:04:01] : 0
[16:04:01] : 측정요구 ON 2
[16:04:09] : 측정요구 2OFF
[16:04:09] : 0
[16:04:11] : REQUEST MEAS. ON
[16:04:18] : REQUEST MEAS. OFF
[16:04:18] : 0
[16:04:18] : 측정요구 ON 2
[16:04:26] : 측정요구 2OFF
[16:04:26] : 0
[16:04:28] : REQUEST MEAS. ON
[16:04:35] : REQUEST MEAS. OFF
[16:04:35] : 0
[16:04:35] : 측정요구 ON 2
[16:04:43] : 측정요구 2OFF
[16:04:43] : 0
[16:04:45] : REQUEST MEAS. ON
[16:04:52] : REQUEST MEAS. OFF
[16:04:52] : 0
[16:04:52] : 측정요구 ON 2
[16:04:59] : 측정요구 2OFF
[16:04:59] : 0
[16:05:02] : REQUEST MEAS. ON
[16:05:09] : REQUEST MEAS. OFF
[16:05:09] : 0
[16:05:09] : 측정요구 ON 2
[16:05:16] : 측정요구 2OFF
[16:05:16] : 0
[16:05:19] : REQUEST MEAS. ON
[16:05:26] : REQUEST MEAS. OFF
[16:05:26] : 0
[16:05:26] : 측정요구 ON 2
[16:05:33] : 측정요구 2OFF
[16:05:33] : 0
[16:05:36] : REQUEST MEAS. ON
[16:05:43] : REQUEST MEAS. OFF
[16:05:43] : 0
[16:05:43] : 측정요구 ON 2
[16:05:50] : 측정요구 2OFF
[16:05:50] : 0
[16:05:52] : REQUEST MEAS. ON
[16:05:59] : REQUEST MEAS. OFF
[16:05:59] : 0
[16:05:59] : 측정요구 ON 2
[16:06:07] : 측정요구 2OFF
[16:06:07] : 0
[16:06:09] : REQUEST MEAS. ON
[16:06:16] : REQUEST MEAS. OFF
[16:06:16] : 0
[16:06:16] : 측정요구 ON 2
[16:06:23] : 측정요구 2OFF
[16:06:23] : 0
[16:11:03] : 측정요구3 ON
[16:11:10] : 측정요구3 OFF
[16:11:10] : 0
[16:11:10] : 측정요구4 ON
[16:11:18] : 측정요구4 OFF
[16:11:18] : 0
[16:11:20] : 측정요구3 ON
[16:11:27] : 측정요구3 OFF
[16:11:27] : 0
[16:11:27] : 측정요구4 ON
[16:11:35] : 측정요구4 OFF
[16:11:35] : 0
[16:11:38] : 측정요구3 ON
[16:11:45] : 측정요구3 OFF
[16:11:45] : 0
[16:11:45] : 측정요구4 ON
[16:11:52] : 측정요구4 OFF
[16:11:52] : 0
[16:11:55] : 측정요구3 ON
[16:12:02] : 측정요구3 OFF
[16:12:02] : 0
[16:12:02] : 측정요구4 ON
[16:12:09] : 측정요구4 OFF
[16:12:09] : 0
[16:12:12] : 측정요구3 ON
[16:12:19] : 측정요구3 OFF
[16:12:19] : 0
[16:12:19] : 측정요구4 ON
[16:12:27] : 측정요구4 OFF
[16:12:27] : 0
[16:12:29] : 측정요구3 ON
[16:12:36] : 측정요구3 OFF
[16:12:36] : 0
[16:12:36] : 측정요구4 ON
[16:12:44] : 측정요구4 OFF
[16:12:44] : 0
[16:12:46] : 측정요구3 ON
[16:12:53] : 측정요구3 OFF
[16:12:53] : 0
[16:12:53] : 측정요구4 ON
[16:13:01] : 측정요구4 OFF
[16:13:01] : 0
[16:13:04] : 측정요구3 ON
[16:13:11] : 측정요구3 OFF
[16:13:11] : 0
[16:13:11] : 측정요구4 ON
[16:13:18] : 측정요구4 OFF
[16:13:18] : 0
[16:13:21] : 측정요구3 ON
[16:13:28] : 측정요구3 OFF
[16:13:28] : 0
[16:13:28] : 측정요구4 ON
[16:13:35] : 측정요구4 OFF
[16:13:35] : 0
[16:13:38] : 측정요구3 ON
[16:13:45] : 측정요구3 OFF
[16:13:45] : 0
[16:13:45] : 측정요구4 ON
[16:13:52] : 측정요구4 OFF
[16:13:52] : 0
[16:13:55] : 측정요구3 ON
[16:14:02] : 측정요구3 OFF
[16:14:02] : 0
[16:14:02] : 측정요구4 ON
[16:14:10] : 측정요구4 OFF
[16:14:10] : 0
[16:14:12] : 측정요구3 ON
[16:14:19] : 측정요구3 OFF
[16:14:19] : 0
[16:14:19] : 측정요구4 ON
[16:14:27] : 측정요구4 OFF
[16:14:27] : 0
[16:14:30] : 측정요구3 ON
[16:14:37] : 측정요구3 OFF
[16:14:37] : 0
[16:14:37] : 측정요구4 ON
[16:14:44] : 측정요구4 OFF
[16:14:44] : 0
[16:14:47] : 측정요구3 ON
[16:14:54] : 측정요구3 OFF
[16:14:54] : 0
[16:14:54] : 측정요구4 ON
[16:15:02] : 측정요구4 OFF
[16:15:02] : 0
[16:15:04] : 측정요구3 ON
[16:15:11] : 측정요구3 OFF
[16:15:11] : 0
[16:15:11] : 측정요구4 ON
[16:15:19] : 측정요구4 OFF
[16:15:19] : 0
[16:15:22] : 측정요구3 ON
[16:15:29] : 측정요구3 OFF
[16:15:29] : 0
[16:15:29] : 측정요구4 ON
[16:15:36] : 측정요구4 OFF
[16:15:36] : 0
[16:15:39] : 측정요구3 ON
[16:15:46] : 측정요구3 OFF
[16:15:46] : 0
[16:15:46] : 측정요구4 ON
[16:15:53] : 측정요구4 OFF
[16:15:53] : 0
[16:15:56] : 측정요구3 ON
[16:16:03] : 측정요구3 OFF
[16:16:03] : 0
[16:16:03] : 측정요구4 ON
[16:16:10] : 측정요구4 OFF
[16:16:10] : 0
[16:16:13] : 측정요구3 ON
[16:16:20] : 측정요구3 OFF
[16:16:20] : 0
[16:16:20] : 측정요구4 ON
[16:16:28] : 측정요구4 OFF
[16:16:28] : 0
[16:16:30] : 측정요구3 ON
[16:16:37] : 측정요구3 OFF
[16:16:37] : 0
[16:16:37] : 측정요구4 ON
[16:16:45] : 측정요구4 OFF
[16:16:45] : 0
[16:16:48] : 측정요구3 ON
[16:16:55] : 측정요구3 OFF
[16:16:55] : 0
[16:16:55] : 측정요구4 ON
[16:17:02] : 측정요구4 OFF
[16:17:02] : 0
[16:17:05] : 측정요구3 ON
[16:17:12] : 측정요구3 OFF
[16:17:12] : 0
[16:17:12] : 측정요구4 ON
[16:17:19] : 측정요구4 OFF
[16:17:19] : 0
[16:17:22] : 측정요구3 ON
[16:17:29] : 측정요구3 OFF
[16:17:29] : 0
[16:17:29] : 측정요구4 ON
[16:17:36] : 측정요구4 OFF
[16:17:36] : 0
[16:17:39] : 측정요구3 ON
[16:17:46] : 측정요구3 OFF
[16:17:46] : 0
[16:17:46] : 측정요구4 ON
[16:17:54] : 측정요구4 OFF
[16:17:54] : 0
[16:17:56] : 측정요구3 ON
[16:18:03] : 측정요구3 OFF
[16:18:03] : 0
[16:18:03] : 측정요구4 ON
[16:18:11] : 측정요구4 OFF
[16:18:11] : 0
[16:18:13] : 측정요구3 ON
[16:18:20] : 측정요구3 OFF
[16:18:20] : 0
[16:18:20] : 측정요구4 ON
[16:18:28] : 측정요구4 OFF
[16:18:28] : 0
[16:18:31] : 측정요구3 ON
[16:18:38] : 측정요구3 OFF
[16:18:38] : 0
[16:18:38] : 측정요구4 ON
[16:18:45] : 측정요구4 OFF
[16:18:45] : 0
[16:18:48] : 측정요구3 ON
[16:18:55] : 측정요구3 OFF
[16:18:55] : 0
[16:18:55] : 측정요구4 ON
[16:19:02] : 측정요구4 OFF
[16:19:02] : 0
[16:19:05] : 측정요구3 ON
[16:19:12] : 측정요구3 OFF
[16:19:12] : 0
[16:19:12] : 측정요구4 ON
[16:19:19] : 측정요구4 OFF
[16:19:19] : 0
[16:19:22] : 측정요구3 ON
[16:19:29] : 측정요구3 OFF
[16:19:29] : 0
[16:19:29] : 측정요구4 ON
[16:19:36] : 측정요구4 OFF
[16:19:36] : 0
[16:19:39] : 측정요구3 ON
[16:19:46] : 측정요구3 OFF
[16:19:46] : 0
[16:19:46] : 측정요구4 ON
[16:19:54] : 측정요구4 OFF
[16:19:54] : 0
[16:19:56] : 측정요구3 ON
[16:20:03] : 측정요구3 OFF
[16:20:03] : 0
[16:20:03] : 측정요구4 ON
[16:20:11] : 측정요구4 OFF
[16:20:11] : 0
[16:20:14] : 측정요구3 ON
[16:20:21] : 측정요구3 OFF
[16:20:21] : 0
[16:20:21] : 측정요구4 ON
[16:20:28] : 측정요구4 OFF
[16:20:28] : 0
[16:20:31] : 측정요구3 ON
[16:20:38] : 측정요구3 OFF
[16:20:38] : 0
[16:20:38] : 측정요구4 ON
[16:20:46] : 측정요구4 OFF
[16:20:46] : 0
[16:20:48] : 측정요구3 ON
[16:20:55] : 측정요구3 OFF
[16:20:55] : 0
[16:20:55] : 측정요구4 ON
[16:21:03] : 측정요구4 OFF
[16:21:03] : 0
[16:21:05] : 측정요구3 ON
[16:21:12] : 측정요구3 OFF
[16:21:12] : 0
[16:21:12] : 측정요구4 ON
[16:21:20] : 측정요구4 OFF
[16:21:20] : 0
[16:21:22] : 측정요구3 ON
[16:21:29] : 측정요구3 OFF
[16:21:29] : 0
[16:21:29] : 측정요구4 ON
[16:21:37] : 측정요구4 OFF
[16:21:37] : 0
[16:21:40] : 측정요구3 ON
[16:21:47] : 측정요구3 OFF
[16:21:47] : 0
[16:21:47] : 측정요구4 ON
[16:21:54] : 측정요구4 OFF
[16:21:54] : 0
[16:21:57] : 측정요구3 ON
[16:22:04] : 측정요구3 OFF
[16:22:04] : 0
[16:22:04] : 측정요구4 ON
[16:22:11] : 측정요구4 OFF
[16:22:11] : 0
[16:22:14] : 측정요구3 ON
[16:22:21] : 측정요구3 OFF
[16:22:21] : 0
[16:22:21] : 측정요구4 ON
[16:22:28] : 측정요구4 OFF
[16:22:28] : 0
[16:33:09] : REQUEST MEAS. ON
[16:33:16] : REQUEST MEAS. OFF
[16:33:16] : 0
[16:33:16] : 측정요구 ON 2
[16:33:24] : 측정요구 2OFF
[16:33:24] : 0
[16:33:26] : REQUEST MEAS. ON
[16:33:33] : REQUEST MEAS. OFF
[16:33:33] : 0
[16:33:33] : 측정요구 ON 2
[16:33:41] : 측정요구 2OFF
[16:33:41] : 0
[16:33:43] : REQUEST MEAS. ON
[16:33:50] : REQUEST MEAS. OFF
[16:33:50] : 0
[16:33:50] : 측정요구 ON 2
[16:33:58] : 측정요구 2OFF
[16:33:58] : 0
[16:34:00] : REQUEST MEAS. ON
[16:34:07] : REQUEST MEAS. OFF
[16:34:07] : 0
[16:34:07] : 측정요구 ON 2
[16:34:14] : 측정요구 2OFF
[16:34:14] : 0
[16:34:17] : REQUEST MEAS. ON
[16:34:24] : REQUEST MEAS. OFF
[16:34:24] : 0
[16:34:24] : 측정요구 ON 2
[16:34:31] : 측정요구 2OFF
[16:34:31] : 0
[16:34:34] : REQUEST MEAS. ON
[16:34:41] : REQUEST MEAS. OFF
[16:34:41] : 0
[16:34:41] : 측정요구 ON 2
[16:34:48] : 측정요구 2OFF
[16:34:48] : 0
[16:34:50] : REQUEST MEAS. ON
[16:34:57] : REQUEST MEAS. OFF
[16:34:57] : 0
[16:34:57] : 측정요구 ON 2
[16:35:04] : 측정요구 2OFF
[16:35:04] : 0
[16:35:07] : REQUEST MEAS. ON
[16:35:14] : REQUEST MEAS. OFF
[16:35:14] : 0
[16:35:14] : 측정요구 ON 2
[16:35:21] : 측정요구 2OFF
[16:35:21] : 0
[16:35:24] : REQUEST MEAS. ON
[16:35:31] : REQUEST MEAS. OFF
[16:35:31] : 0
[16:35:31] : 측정요구 ON 2
[16:35:38] : 측정요구 2OFF
[16:35:38] : 0
[16:35:41] : REQUEST MEAS. ON
[16:35:48] : REQUEST MEAS. OFF
[16:35:48] : 0
[16:35:48] : 측정요구 ON 2
[16:35:55] : 측정요구 2OFF
[16:35:55] : 0
[16:35:58] : REQUEST MEAS. ON
[16:36:05] : REQUEST MEAS. OFF
[16:36:05] : 0
[16:36:05] : 측정요구 ON 2
[16:36:12] : 측정요구 2OFF
[16:36:12] : 0
[16:36:15] : REQUEST MEAS. ON
[16:36:22] : REQUEST MEAS. OFF
[16:36:22] : 0
[16:36:22] : 측정요구 ON 2
[16:36:29] : 측정요구 2OFF
[16:36:29] : 0
[16:36:31] : REQUEST MEAS. ON
[16:36:38] : REQUEST MEAS. OFF
[16:36:38] : 0
[16:36:38] : 측정요구 ON 2
[16:36:46] : 측정요구 2OFF
[16:36:46] : 0
[16:36:48] : REQUEST MEAS. ON
[16:36:55] : REQUEST MEAS. OFF
[16:36:55] : 0
[16:36:55] : 측정요구 ON 2
[16:37:02] : 측정요구 2OFF
[16:37:02] : 0
[16:37:05] : REQUEST MEAS. ON
[16:37:12] : REQUEST MEAS. OFF
[16:37:12] : 0
[16:37:12] : 측정요구 ON 2
[16:37:19] : 측정요구 2OFF
[16:37:19] : 0
[16:37:22] : REQUEST MEAS. ON
[16:37:29] : REQUEST MEAS. OFF
[16:37:29] : 0
[16:37:29] : 측정요구 ON 2
[16:37:36] : 측정요구 2OFF
[16:37:36] : 0
[16:37:38] : REQUEST MEAS. ON
[16:37:45] : REQUEST MEAS. OFF
[16:37:45] : 0
[16:37:45] : 측정요구 ON 2
[16:37:53] : 측정요구 2OFF
[16:37:53] : 0
[16:37:55] : REQUEST MEAS. ON
[16:38:02] : REQUEST MEAS. OFF
[16:38:02] : 0
[16:38:02] : 측정요구 ON 2
[16:38:10] : 측정요구 2OFF
[16:38:10] : 0
[16:38:12] : REQUEST MEAS. ON
[16:38:19] : REQUEST MEAS. OFF
[16:38:19] : 0
[16:38:19] : 측정요구 ON 2
[16:38:27] : 측정요구 2OFF
[16:38:27] : 0
[16:38:29] : REQUEST MEAS. ON
[16:38:36] : REQUEST MEAS. OFF
[16:38:36] : 0
[16:38:36] : 측정요구 ON 2
[16:38:43] : 측정요구 2OFF
[16:38:43] : 0
[16:38:46] : REQUEST MEAS. ON
[16:38:53] : REQUEST MEAS. OFF
[16:38:53] : 0
[16:38:53] : 측정요구 ON 2
[16:39:00] : 측정요구 2OFF
[16:39:00] : 0
[16:39:03] : REQUEST MEAS. ON
[16:39:10] : REQUEST MEAS. OFF
[16:39:10] : 0
[16:39:10] : 측정요구 ON 2
[16:39:17] : 측정요구 2OFF
[16:39:17] : 0
[16:39:20] : REQUEST MEAS. ON
[16:39:27] : REQUEST MEAS. OFF
[16:39:27] : 0
[16:39:27] : 측정요구 ON 2
[16:39:34] : 측정요구 2OFF
[16:39:34] : 0
[16:39:37] : REQUEST MEAS. ON
[16:39:44] : REQUEST MEAS. OFF
[16:39:44] : 0
[16:39:44] : 측정요구 ON 2
[16:39:51] : 측정요구 2OFF
[16:39:51] : 0
[16:39:53] : REQUEST MEAS. ON
[16:40:00] : REQUEST MEAS. OFF
[16:40:00] : 0
[16:40:00] : 측정요구 ON 2
[16:40:08] : 측정요구 2OFF
[16:40:08] : 0
[16:40:10] : REQUEST MEAS. ON
[16:40:17] : REQUEST MEAS. OFF
[16:40:17] : 0
[16:40:17] : 측정요구 ON 2
[16:40:25] : 측정요구 2OFF
[16:40:25] : 0
[16:40:27] : REQUEST MEAS. ON
[16:40:34] : REQUEST MEAS. OFF
[16:40:34] : 0
[16:40:34] : 측정요구 ON 2
[16:40:41] : 측정요구 2OFF
[16:40:41] : 0
[16:40:44] : REQUEST MEAS. ON
[16:40:51] : REQUEST MEAS. OFF
[16:40:51] : 0
[16:40:51] : 측정요구 ON 2
[16:40:58] : 측정요구 2OFF
[16:40:58] : 0
[16:41:01] : REQUEST MEAS. ON
[16:41:08] : REQUEST MEAS. OFF
[16:41:08] : 0
[16:41:08] : 측정요구 ON 2
[16:41:15] : 측정요구 2OFF
[16:41:15] : 0
[16:41:17] : REQUEST MEAS. ON
[16:41:24] : REQUEST MEAS. OFF
[16:41:24] : 0
[16:41:24] : 측정요구 ON 2
[16:41:32] : 측정요구 2OFF
[16:41:32] : 0
[16:41:34] : REQUEST MEAS. ON
[16:41:41] : REQUEST MEAS. OFF
[16:41:41] : 0
[16:41:41] : 측정요구 ON 2
[16:41:49] : 측정요구 2OFF
[16:41:49] : 0
[16:41:51] : REQUEST MEAS. ON
[16:41:58] : REQUEST MEAS. OFF
[16:41:58] : 0
[16:41:58] : 측정요구 ON 2
[16:42:05] : 측정요구 2OFF
[16:42:05] : 0
[16:42:08] : REQUEST MEAS. ON
[16:42:15] : REQUEST MEAS. OFF
[16:42:15] : 0
[16:42:15] : 측정요구 ON 2
[16:42:22] : 측정요구 2OFF
[16:42:22] : 0
[16:42:25] : REQUEST MEAS. ON
[16:42:32] : REQUEST MEAS. OFF
[16:42:32] : 0
[16:42:32] : 측정요구 ON 2
[16:42:39] : 측정요구 2OFF
[16:42:39] : 0
[16:42:42] : REQUEST MEAS. ON
[16:42:49] : REQUEST MEAS. OFF
[16:42:49] : 0
[16:42:49] : 측정요구 ON 2
[16:42:56] : 측정요구 2OFF
[16:42:56] : 0
[16:42:59] : REQUEST MEAS. ON
[16:43:06] : REQUEST MEAS. OFF
[16:43:06] : 0
[16:43:06] : 측정요구 ON 2
[16:43:13] : 측정요구 2OFF
[16:43:13] : 0
[16:43:15] : REQUEST MEAS. ON
[16:43:22] : REQUEST MEAS. OFF
[16:43:22] : 0
[16:43:22] : 측정요구 ON 2
[16:43:30] : 측정요구 2OFF
[16:43:30] : 0
[16:43:32] : REQUEST MEAS. ON
[16:43:39] : REQUEST MEAS. OFF
[16:43:39] : 0
[16:43:39] : 측정요구 ON 2
[16:43:47] : 측정요구 2OFF
[16:43:47] : 0
[16:43:49] : REQUEST MEAS. ON
[16:43:56] : REQUEST MEAS. OFF
[16:43:56] : 0
[16:43:56] : 측정요구 ON 2
[16:44:03] : 측정요구 2OFF
[16:44:03] : 0
[16:44:06] : REQUEST MEAS. ON
[16:44:13] : REQUEST MEAS. OFF
[16:44:13] : 0
[16:44:13] : 측정요구 ON 2
[16:44:20] : 측정요구 2OFF
[16:44:20] : 0
[16:51:12] : 측정요구3 ON
[16:51:19] : 측정요구3 OFF
[16:51:19] : 0
[16:51:19] : 측정요구4 ON
[16:51:26] : 측정요구4 OFF
[16:51:26] : 0
[16:51:29] : 측정요구3 ON
[16:51:36] : 측정요구3 OFF
[16:51:36] : 0
[16:51:36] : 측정요구4 ON
[16:51:43] : 측정요구4 OFF
[16:51:43] : 0
[16:51:46] : 측정요구3 ON
[16:51:53] : 측정요구3 OFF
[16:51:53] : 0
[16:51:53] : 측정요구4 ON
[16:52:01] : 측정요구4 OFF
[16:52:01] : 0
[16:52:03] : 측정요구3 ON
[16:52:10] : 측정요구3 OFF
[16:52:10] : 0
[16:52:10] : 측정요구4 ON
[16:52:18] : 측정요구4 OFF
[16:52:18] : 0
[16:52:21] : 측정요구3 ON
[16:52:28] : 측정요구3 OFF
[16:52:28] : 0
[16:52:28] : 측정요구4 ON
[16:52:35] : 측정요구4 OFF
[16:52:35] : 0
[16:52:38] : 측정요구3 ON
[16:52:45] : 측정요구3 OFF
[16:52:45] : 0
[16:52:45] : 측정요구4 ON
[16:52:52] : 측정요구4 OFF
[16:52:52] : 0
[16:52:55] : 측정요구3 ON
[16:53:02] : 측정요구3 OFF
[16:53:02] : 0
[16:53:02] : 측정요구4 ON
[16:53:09] : 측정요구4 OFF
[16:53:09] : 0
[16:53:12] : 측정요구3 ON
[16:53:19] : 측정요구3 OFF
[16:53:19] : 0
[16:53:19] : 측정요구4 ON
[16:53:27] : 측정요구4 OFF
[16:53:27] : 0
[16:53:30] : 측정요구3 ON
[16:53:37] : 측정요구3 OFF
[16:53:37] : 0
[16:53:37] : 측정요구4 ON
[16:53:44] : 측정요구4 OFF
[16:53:44] : 0
[16:53:47] : 측정요구3 ON
[16:53:54] : 측정요구3 OFF
[16:53:54] : 0
[16:53:54] : 측정요구4 ON
[16:54:01] : 측정요구4 OFF
[16:54:01] : 0
[16:54:04] : 측정요구3 ON
[16:54:11] : 측정요구3 OFF
[16:54:11] : 0
[16:54:11] : 측정요구4 ON
[16:54:19] : 측정요구4 OFF
[16:54:19] : 0
[16:54:21] : 측정요구3 ON
[16:54:28] : 측정요구3 OFF
[16:54:28] : 0
[16:54:28] : 측정요구4 ON
[16:54:36] : 측정요구4 OFF
[16:54:36] : 0
[16:54:38] : 측정요구3 ON
[16:54:45] : 측정요구3 OFF
[16:54:45] : 0
[16:54:45] : 측정요구4 ON
[16:54:53] : 측정요구4 OFF
[16:54:53] : 0
[16:54:56] : 측정요구3 ON
[16:55:03] : 측정요구3 OFF
[16:55:03] : 0
[16:55:03] : 측정요구4 ON
[16:55:10] : 측정요구4 OFF
[16:55:10] : 0
[16:55:13] : 측정요구3 ON
[16:55:20] : 측정요구3 OFF
[16:55:20] : 0
[16:55:20] : 측정요구4 ON
[16:55:27] : 측정요구4 OFF
[16:55:27] : 0
[16:55:30] : 측정요구3 ON
[16:55:37] : 측정요구3 OFF
[16:55:37] : 0
[16:55:37] : 측정요구4 ON
[16:55:45] : 측정요구4 OFF
[16:55:45] : 0
[16:55:47] : 측정요구3 ON
[16:55:54] : 측정요구3 OFF
[16:55:54] : 0
[16:55:54] : 측정요구4 ON
[16:56:02] : 측정요구4 OFF
[16:56:02] : 0
[16:56:05] : 측정요구3 ON
[16:56:12] : 측정요구3 OFF
[16:56:12] : 0
[16:56:12] : 측정요구4 ON
[16:56:19] : 측정요구4 OFF
[16:56:19] : 0
[16:56:22] : 측정요구3 ON
[16:56:29] : 측정요구3 OFF
[16:56:29] : 0
[16:56:29] : 측정요구4 ON
[16:56:36] : 측정요구4 OFF
[16:56:36] : 0
[16:56:39] : 측정요구3 ON
[16:56:46] : 측정요구3 OFF
[16:56:46] : 0
[16:56:46] : 측정요구4 ON
[16:56:53] : 측정요구4 OFF
[16:56:53] : 0
[16:56:56] : 측정요구3 ON
[16:57:03] : 측정요구3 OFF
[16:57:03] : 0
[16:57:03] : 측정요구4 ON
[16:57:11] : 측정요구4 OFF
[16:57:11] : 0
[16:57:13] : 측정요구3 ON
[16:57:20] : 측정요구3 OFF
[16:57:20] : 0
[16:57:20] : 측정요구4 ON
[16:57:28] : 측정요구4 OFF
[16:57:28] : 0
[16:57:30] : 측정요구3 ON
[16:57:37] : 측정요구3 OFF
[16:57:37] : 0
[16:57:37] : 측정요구4 ON
[16:57:45] : 측정요구4 OFF
[16:57:45] : 0
[16:57:48] : 측정요구3 ON
[16:57:55] : 측정요구3 OFF
[16:57:55] : 0
[16:57:55] : 측정요구4 ON
[16:58:02] : 측정요구4 OFF
[16:58:02] : 0
[16:58:05] : 측정요구3 ON
[16:58:12] : 측정요구3 OFF
[16:58:12] : 0
[16:58:12] : 측정요구4 ON
[16:58:19] : 측정요구4 OFF
[16:58:19] : 0
[16:58:22] : 측정요구3 ON
[16:58:29] : 측정요구3 OFF
[16:58:29] : 0
[16:58:29] : 측정요구4 ON
[16:58:36] : 측정요구4 OFF
[16:58:36] : 0
[16:58:39] : 측정요구3 ON
[16:58:46] : 측정요구3 OFF
[16:58:46] : 0
[16:58:46] : 측정요구4 ON
[16:58:54] : 측정요구4 OFF
[16:58:54] : 0
[16:58:56] : 측정요구3 ON
[16:59:03] : 측정요구3 OFF
[16:59:03] : 0
[16:59:03] : 측정요구4 ON
[16:59:11] : 측정요구4 OFF
[16:59:11] : 0
[16:59:14] : 측정요구3 ON
[16:59:21] : 측정요구3 OFF
[16:59:21] : 0
[16:59:21] : 측정요구4 ON
[16:59:28] : 측정요구4 OFF
[16:59:28] : 0
[16:59:31] : 측정요구3 ON
[16:59:38] : 측정요구3 OFF
[16:59:38] : 0
[16:59:38] : 측정요구4 ON
[16:59:45] : 측정요구4 OFF
[16:59:45] : 0
[16:59:48] : 측정요구3 ON
[16:59:55] : 측정요구3 OFF
[16:59:55] : 0
[16:59:55] : 측정요구4 ON
[17:00:03] : 측정요구4 OFF
[17:00:03] : 0
[17:00:05] : 측정요구3 ON
[17:00:12] : 측정요구3 OFF
[17:00:12] : 0
[17:00:12] : 측정요구4 ON
[17:00:20] : 측정요구4 OFF
[17:00:20] : 0
[17:00:23] : 측정요구3 ON
[17:00:30] : 측정요구3 OFF
[17:00:30] : 0
[17:00:30] : 측정요구4 ON
[17:00:37] : 측정요구4 OFF
[17:00:37] : 0
[17:00:40] : 측정요구3 ON
[17:00:47] : 측정요구3 OFF
[17:00:47] : 0
[17:00:47] : 측정요구4 ON
[17:00:54] : 측정요구4 OFF
[17:00:54] : 0
[17:00:57] : 측정요구3 ON
[17:01:04] : 측정요구3 OFF
[17:01:04] : 0
[17:01:04] : 측정요구4 ON
[17:01:12] : 측정요구4 OFF
[17:01:12] : 0
[17:01:14] : 측정요구3 ON
[17:01:21] : 측정요구3 OFF
[17:01:21] : 0
[17:01:21] : 측정요구4 ON
[17:01:29] : 측정요구4 OFF
[17:01:29] : 0
[17:01:31] : 측정요구3 ON
[17:01:38] : 측정요구3 OFF
[17:01:38] : 0
[17:01:38] : 측정요구4 ON
[17:01:46] : 측정요구4 OFF
[17:01:46] : 0
[17:01:49] : 측정요구3 ON
[17:01:56] : 측정요구3 OFF
[17:01:56] : 0
[17:01:56] : 측정요구4 ON
[17:02:03] : 측정요구4 OFF
[17:02:03] : 0
[17:02:06] : 측정요구3 ON
[17:02:13] : 측정요구3 OFF
[17:02:13] : 0
[17:02:13] : 측정요구4 ON
[17:02:20] : 측정요구4 OFF
[17:02:20] : 0
[17:02:23] : 측정요구3 ON
[17:02:30] : 측정요구3 OFF
[17:02:30] : 0
[17:02:30] : 측정요구4 ON
[17:02:37] : 측정요구4 OFF
[17:02:37] : 0
[17:07:39] : REQUEST MEAS. ON
[17:07:46] : REQUEST MEAS. OFF
[17:07:46] : 0
[17:07:46] : 측정요구 ON 2
[17:07:54] : 측정요구 2OFF
[17:07:54] : 0
[17:07:56] : REQUEST MEAS. ON
[17:08:03] : REQUEST MEAS. OFF
[17:08:03] : 0
[17:08:03] : 측정요구 ON 2
[17:08:10] : 측정요구 2OFF
[17:08:10] : 0
[17:08:13] : REQUEST MEAS. ON
[17:08:20] : REQUEST MEAS. OFF
[17:08:20] : 0
[17:08:20] : 측정요구 ON 2
[17:08:27] : 측정요구 2OFF
[17:08:27] : 0
[17:08:30] : REQUEST MEAS. ON
[17:08:37] : REQUEST MEAS. OFF
[17:08:37] : 0
[17:08:37] : 측정요구 ON 2
[17:08:44] : 측정요구 2OFF
[17:08:44] : 0
[17:08:46] : REQUEST MEAS. ON
[17:08:53] : REQUEST MEAS. OFF
[17:08:53] : 0
[17:08:53] : 측정요구 ON 2
[17:09:01] : 측정요구 2OFF
[17:09:01] : 0
[17:09:03] : REQUEST MEAS. ON
[17:09:10] : REQUEST MEAS. OFF
[17:09:10] : 0
[17:09:10] : 측정요구 ON 2
[17:09:18] : 측정요구 2OFF
[17:09:18] : 0
[17:09:20] : REQUEST MEAS. ON
[17:09:27] : REQUEST MEAS. OFF
[17:09:27] : 0
[17:09:27] : 측정요구 ON 2
[17:09:35] : 측정요구 2OFF
[17:09:35] : 0
[17:09:37] : REQUEST MEAS. ON
[17:09:44] : REQUEST MEAS. OFF
[17:09:44] : 0
[17:09:44] : 측정요구 ON 2
[17:09:52] : 측정요구 2OFF
[17:09:52] : 0
[17:09:54] : REQUEST MEAS. ON
[17:10:01] : REQUEST MEAS. OFF
[17:10:01] : 0
[17:10:01] : 측정요구 ON 2
[17:10:08] : 측정요구 2OFF
[17:10:08] : 0
[17:10:11] : REQUEST MEAS. ON
[17:10:18] : REQUEST MEAS. OFF
[17:10:18] : 0
[17:10:18] : 측정요구 ON 2
[17:10:25] : 측정요구 2OFF
[17:10:25] : 0
[17:10:27] : REQUEST MEAS. ON
[17:10:34] : REQUEST MEAS. OFF
[17:10:34] : 0
[17:10:34] : 측정요구 ON 2
[17:10:41] : 측정요구 2OFF
[17:10:41] : 0
[17:10:44] : REQUEST MEAS. ON
[17:10:51] : REQUEST MEAS. OFF
[17:10:51] : 0
[17:10:51] : 측정요구 ON 2
[17:10:58] : 측정요구 2OFF
[17:10:58] : 0
[17:11:01] : REQUEST MEAS. ON
[17:11:08] : REQUEST MEAS. OFF
[17:11:08] : 0
[17:11:08] : 측정요구 ON 2
[17:11:15] : 측정요구 2OFF
[17:11:15] : 0
[17:11:18] : REQUEST MEAS. ON
[17:11:25] : REQUEST MEAS. OFF
[17:11:25] : 0
[17:11:25] : 측정요구 ON 2
[17:11:32] : 측정요구 2OFF
[17:11:32] : 0
[17:11:34] : REQUEST MEAS. ON
[17:11:41] : REQUEST MEAS. OFF
[17:11:41] : 0
[17:11:41] : 측정요구 ON 2
[17:11:49] : 측정요구 2OFF
[17:11:49] : 0
[17:11:51] : REQUEST MEAS. ON
[17:11:58] : REQUEST MEAS. OFF
[17:11:58] : 0
[17:11:58] : 측정요구 ON 2
[17:12:05] : 측정요구 2OFF
[17:12:05] : 0
[17:12:08] : REQUEST MEAS. ON
[17:12:15] : REQUEST MEAS. OFF
[17:12:15] : 0
[17:12:15] : 측정요구 ON 2
[17:12:22] : 측정요구 2OFF
[17:12:22] : 0
[17:12:25] : REQUEST MEAS. ON
[17:12:32] : REQUEST MEAS. OFF
[17:12:32] : 0
[17:12:32] : 측정요구 ON 2
[17:12:39] : 측정요구 2OFF
[17:12:39] : 0
[17:12:41] : REQUEST MEAS. ON
[17:12:48] : REQUEST MEAS. OFF
[17:12:48] : 0
[17:12:48] : 측정요구 ON 2
[17:12:56] : 측정요구 2OFF
[17:12:56] : 0
[17:12:58] : REQUEST MEAS. ON
[17:13:05] : REQUEST MEAS. OFF
[17:13:05] : 0
[17:13:05] : 측정요구 ON 2
[17:13:12] : 측정요구 2OFF
[17:13:12] : 0
[17:13:15] : REQUEST MEAS. ON
[17:13:22] : REQUEST MEAS. OFF
[17:13:22] : 0
[17:13:22] : 측정요구 ON 2
[17:13:29] : 측정요구 2OFF
[17:13:29] : 0
[17:13:32] : REQUEST MEAS. ON
[17:13:39] : REQUEST MEAS. OFF
[17:13:39] : 0
[17:13:39] : 측정요구 ON 2
[17:13:46] : 측정요구 2OFF
[17:13:46] : 0
[17:13:49] : REQUEST MEAS. ON
[17:13:56] : REQUEST MEAS. OFF
[17:13:56] : 0
[17:13:56] : 측정요구 ON 2
[17:14:03] : 측정요구 2OFF
[17:14:03] : 0
[17:14:06] : REQUEST MEAS. ON
[17:14:13] : REQUEST MEAS. OFF
[17:14:13] : 0
[17:14:13] : 측정요구 ON 2
[17:14:20] : 측정요구 2OFF
[17:14:20] : 0
[17:14:23] : REQUEST MEAS. ON
[17:14:30] : REQUEST MEAS. OFF
[17:14:30] : 0
[17:14:30] : 측정요구 ON 2
[17:14:37] : 측정요구 2OFF
[17:14:37] : 0
[17:14:39] : REQUEST MEAS. ON
[17:14:46] : REQUEST MEAS. OFF
[17:14:46] : 0
[17:14:46] : 측정요구 ON 2
[17:14:54] : 측정요구 2OFF
[17:14:54] : 0
[17:14:56] : REQUEST MEAS. ON
[17:15:03] : REQUEST MEAS. OFF
[17:15:03] : 0
[17:15:03] : 측정요구 ON 2
[17:15:10] : 측정요구 2OFF
[17:15:10] : 0
[17:15:13] : REQUEST MEAS. ON
[17:15:20] : REQUEST MEAS. OFF
[17:15:20] : 0
[17:15:20] : 측정요구 ON 2
[17:15:27] : 측정요구 2OFF
[17:15:27] : 0
[17:15:30] : REQUEST MEAS. ON
[17:15:37] : REQUEST MEAS. OFF
[17:15:37] : 0
[17:15:37] : 측정요구 ON 2
[17:15:44] : 측정요구 2OFF
[17:15:44] : 0
[17:15:46] : REQUEST MEAS. ON
[17:15:53] : REQUEST MEAS. OFF
[17:15:53] : 0
[17:15:53] : 측정요구 ON 2
[17:16:01] : 측정요구 2OFF
[17:16:01] : 0
[17:16:03] : REQUEST MEAS. ON
[17:16:10] : REQUEST MEAS. OFF
[17:16:10] : 0
[17:16:10] : 측정요구 ON 2
[17:16:17] : 측정요구 2OFF
[17:16:17] : 0
[17:16:20] : REQUEST MEAS. ON
[17:16:27] : REQUEST MEAS. OFF
[17:16:27] : 0
[17:16:27] : 측정요구 ON 2
[17:16:34] : 측정요구 2OFF
[17:16:34] : 0
[17:16:37] : REQUEST MEAS. ON
[17:16:44] : REQUEST MEAS. OFF
[17:16:44] : 0
[17:16:44] : 측정요구 ON 2
[17:16:51] : 측정요구 2OFF
[17:16:51] : 0
[17:16:53] : REQUEST MEAS. ON
[17:17:00] : REQUEST MEAS. OFF
[17:17:00] : 0
[17:17:00] : 측정요구 ON 2
[17:17:08] : 측정요구 2OFF
[17:17:08] : 0
[17:17:10] : REQUEST MEAS. ON
[17:17:17] : REQUEST MEAS. OFF
[17:17:17] : 0
[17:17:17] : 측정요구 ON 2
[17:17:25] : 측정요구 2OFF
[17:17:25] : 0
[17:17:27] : REQUEST MEAS. ON
[17:17:34] : REQUEST MEAS. OFF
[17:17:34] : 0
[17:17:34] : 측정요구 ON 2
[17:17:41] : 측정요구 2OFF
[17:17:41] : 0
[17:17:44] : REQUEST MEAS. ON
[17:17:51] : REQUEST MEAS. OFF
[17:17:51] : 0
[17:17:51] : 측정요구 ON 2
[17:17:58] : 측정요구 2OFF
[17:17:58] : 0
[17:18:01] : REQUEST MEAS. ON
[17:18:08] : REQUEST MEAS. OFF
[17:18:08] : 0
[17:18:08] : 측정요구 ON 2
[17:18:15] : 측정요구 2OFF
[17:18:15] : 0
[17:18:18] : REQUEST MEAS. ON
[17:18:25] : REQUEST MEAS. OFF
[17:18:25] : 0
[17:18:25] : 측정요구 ON 2
[17:18:32] : 측정요구 2OFF
[17:18:32] : 0
[17:18:34] : REQUEST MEAS. ON
[17:18:41] : REQUEST MEAS. OFF
[17:18:41] : 0
[17:18:41] : 측정요구 ON 2
[17:18:48] : 측정요구 2OFF
[17:18:48] : 0
[17:24:12] : 측정요구3 ON
[17:24:19] : 측정요구3 OFF
[17:24:19] : 0
[17:24:19] : 측정요구4 ON
[17:24:26] : 측정요구4 OFF
[17:24:26] : 0
[17:24:29] : 측정요구3 ON
[17:24:36] : 측정요구3 OFF
[17:24:36] : 0
[17:24:36] : 측정요구4 ON
[17:24:43] : 측정요구4 OFF
[17:24:43] : 0
[17:24:46] : 측정요구3 ON
[17:24:53] : 측정요구3 OFF
[17:24:53] : 0
[17:24:53] : 측정요구4 ON
[17:25:01] : 측정요구4 OFF
[17:25:01] : 0
[17:25:03] : 측정요구3 ON
[17:25:10] : 측정요구3 OFF
[17:25:10] : 0
[17:25:10] : 측정요구4 ON
[17:25:18] : 측정요구4 OFF
[17:25:18] : 0
[17:25:21] : 측정요구3 ON
[17:25:28] : 측정요구3 OFF
[17:25:28] : 0
[17:25:28] : 측정요구4 ON
[17:25:35] : 측정요구4 OFF
[17:25:35] : 0
[17:25:38] : 측정요구3 ON
[17:25:45] : 측정요구3 OFF
[17:25:45] : 0
[17:25:45] : 측정요구4 ON
[17:25:52] : 측정요구4 OFF
[17:25:52] : 0
[17:25:55] : 측정요구3 ON
[17:26:02] : 측정요구3 OFF
[17:26:02] : 0
[17:26:02] : 측정요구4 ON
[17:26:09] : 측정요구4 OFF
[17:26:09] : 0
[17:26:12] : 측정요구3 ON
[17:26:19] : 측정요구3 OFF
[17:26:19] : 0
[17:26:19] : 측정요구4 ON
[17:26:27] : 측정요구4 OFF
[17:26:27] : 0
[17:26:29] : 측정요구3 ON
[17:26:36] : 측정요구3 OFF
[17:26:36] : 0
[17:26:36] : 측정요구4 ON
[17:26:44] : 측정요구4 OFF
[17:26:44] : 0
[17:26:47] : 측정요구3 ON
[17:26:54] : 측정요구3 OFF
[17:26:54] : 0
[17:26:54] : 측정요구4 ON
[17:27:01] : 측정요구4 OFF
[17:27:01] : 0
[17:27:04] : 측정요구3 ON
[17:27:11] : 측정요구3 OFF
[17:27:11] : 0
[17:27:11] : 측정요구4 ON
[17:27:19] : 측정요구4 OFF
[17:27:19] : 0
[17:27:21] : 측정요구3 ON
[17:27:28] : 측정요구3 OFF
[17:27:28] : 0
[17:27:28] : 측정요구4 ON
[17:27:36] : 측정요구4 OFF
[17:27:36] : 0
[17:27:39] : 측정요구3 ON
[17:27:46] : 측정요구3 OFF
[17:27:46] : 0
[17:27:46] : 측정요구4 ON
[17:27:53] : 측정요구4 OFF
[17:27:53] : 0
[17:27:56] : 측정요구3 ON
[17:28:03] : 측정요구3 OFF
[17:28:03] : 0
[17:28:03] : 측정요구4 ON
[17:28:10] : 측정요구4 OFF
[17:28:10] : 0
[17:28:13] : 측정요구3 ON
[17:28:20] : 측정요구3 OFF
[17:28:20] : 0
[17:28:20] : 측정요구4 ON
[17:28:27] : 측정요구4 OFF
[17:28:27] : 0
[17:28:30] : 측정요구3 ON
[17:28:37] : 측정요구3 OFF
[17:28:37] : 0
[17:28:37] : 측정요구4 ON
[17:28:45] : 측정요구4 OFF
[17:28:45] : 0
[17:28:47] : 측정요구3 ON
[17:28:54] : 측정요구3 OFF
[17:28:54] : 0
[17:28:54] : 측정요구4 ON
[17:29:02] : 측정요구4 OFF
[17:29:02] : 0
[17:29:04] : 측정요구3 ON
[17:29:11] : 측정요구3 OFF
[17:29:11] : 0
[17:29:11] : 측정요구4 ON
[17:29:19] : 측정요구4 OFF
[17:29:19] : 0
[17:29:22] : 측정요구3 ON
[17:29:29] : 측정요구3 OFF
[17:29:29] : 0
[17:29:29] : 측정요구4 ON
[17:29:36] : 측정요구4 OFF
[17:29:36] : 0
[17:29:39] : 측정요구3 ON
[17:29:46] : 측정요구3 OFF
[17:29:46] : 0
[17:29:46] : 측정요구4 ON
[17:29:53] : 측정요구4 OFF
[17:29:53] : 0
[17:29:56] : 측정요구3 ON
[17:30:03] : 측정요구3 OFF
[17:30:03] : 0
[17:30:03] : 측정요구4 ON
[17:30:10] : 측정요구4 OFF
[17:30:10] : 0
[17:30:13] : 측정요구3 ON
[17:30:20] : 측정요구3 OFF
[17:30:20] : 0
[17:30:20] : 측정요구4 ON
[17:30:28] : 측정요구4 OFF
[17:30:28] : 0
[17:30:30] : 측정요구3 ON
[17:30:37] : 측정요구3 OFF
[17:30:37] : 0
[17:30:37] : 측정요구4 ON
[17:30:45] : 측정요구4 OFF
[17:30:45] : 0
[17:30:47] : 측정요구3 ON
[17:30:54] : 측정요구3 OFF
[17:30:54] : 0
[17:30:54] : 측정요구4 ON
[17:31:02] : 측정요구4 OFF
[17:31:02] : 0
[17:31:04] : 측정요구3 ON
[17:31:11] : 측정요구3 OFF
[17:31:11] : 0
[17:31:11] : 측정요구4 ON
[17:31:19] : 측정요구4 OFF
[17:31:19] : 0
[17:31:22] : 측정요구3 ON
[17:31:29] : 측정요구3 OFF
[17:31:29] : 0
[17:31:29] : 측정요구4 ON
[17:31:36] : 측정요구4 OFF
[17:31:36] : 0
[17:31:39] : 측정요구3 ON
[17:31:46] : 측정요구3 OFF
[17:31:46] : 0
[17:31:46] : 측정요구4 ON
[17:31:53] : 측정요구4 OFF
[17:31:53] : 0
[17:31:56] : 측정요구3 ON
[17:32:03] : 측정요구3 OFF
[17:32:03] : 0
[17:32:03] : 측정요구4 ON
[17:32:11] : 측정요구4 OFF
[17:32:11] : 0
[17:32:13] : 측정요구3 ON
[17:32:20] : 측정요구3 OFF
[17:32:20] : 0
[17:32:20] : 측정요구4 ON
[17:32:28] : 측정요구4 OFF
[17:32:28] : 0
[17:32:31] : 측정요구3 ON
[17:32:38] : 측정요구3 OFF
[17:32:38] : 0
[17:32:38] : 측정요구4 ON
[17:32:45] : 측정요구4 OFF
[17:32:45] : 0
[17:32:48] : 측정요구3 ON
[17:32:55] : 측정요구3 OFF
[17:32:55] : 0
[17:32:55] : 측정요구4 ON
[17:33:02] : 측정요구4 OFF
[17:33:02] : 0
[17:33:05] : 측정요구3 ON
[17:33:12] : 측정요구3 OFF
[17:33:12] : 0
[17:33:12] : 측정요구4 ON
[17:33:20] : 측정요구4 OFF
[17:33:20] : 0
[17:33:22] : 측정요구3 ON
[17:33:29] : 측정요구3 OFF
[17:33:29] : 0
[17:33:29] : 측정요구4 ON
[17:33:37] : 측정요구4 OFF
[17:33:37] : 0
[17:33:40] : 측정요구3 ON
[17:33:47] : 측정요구3 OFF
[17:33:47] : 0
[17:33:47] : 측정요구4 ON
[17:33:54] : 측정요구4 OFF
[17:33:54] : 0
[17:33:57] : 측정요구3 ON
[17:34:04] : 측정요구3 OFF
[17:34:04] : 0
[17:34:04] : 측정요구4 ON
[17:34:11] : 측정요구4 OFF
[17:34:11] : 0
[17:34:14] : 측정요구3 ON
[17:34:21] : 측정요구3 OFF
[17:34:21] : 0
[17:34:21] : 측정요구4 ON
[17:34:28] : 측정요구4 OFF
[17:34:28] : 0
[17:34:31] : 측정요구3 ON
[17:34:38] : 측정요구3 OFF
[17:34:38] : 0
[17:34:38] : 측정요구4 ON
[17:34:46] : 측정요구4 OFF
[17:34:46] : 0
[17:34:48] : 측정요구3 ON
[17:34:55] : 측정요구3 OFF
[17:34:55] : 0
[17:34:55] : 측정요구4 ON
[17:35:03] : 측정요구4 OFF
[17:35:03] : 0
[17:35:06] : 측정요구3 ON
[17:35:13] : 측정요구3 OFF
[17:35:13] : 0
[17:35:13] : 측정요구4 ON
[17:35:20] : 측정요구4 OFF
[17:35:20] : 0
[17:35:23] : 측정요구3 ON
[17:35:30] : 측정요구3 OFF
[17:35:30] : 0
[17:35:30] : 측정요구4 ON
[17:35:37] : 측정요구4 OFF
[17:35:37] : 0
[20:21:54] : MEAS ESC ON
[20:22:01] : MEAS ESC OFF
[20:22:01] : AUTO RUNNING ON
[20:22:29] : REQUEST MEAS. ON
[20:22:36] : REQUEST MEAS. OFF
[20:22:36] : 측정요구 ON 2
[20:22:44] : 측정요구 2OFF
[20:22:44] : 61,20190102-202245,,,OK,MAX,1,2,AUTO,0.10,4.40,2.10,OK,0.10,4.40,1.12,OK,
[20:22:58] : 측정요구3 ON
[20:23:05] : 측정요구3 OFF
[20:23:05] : 측정요구4 ON
[20:23:12] : 측정요구4 OFF
[20:23:12] : 61,20190102-202313,,,OK,MAX,2,2,AUTO,0.10,4.40,0.76,OK,0.10,4.40,0.33,OK,
[20:23:29] : AUTO RUNNING OFF
[20:23:37] : MEAS ESC ON
[20:23:38] : MEAS ESC OFF
[20:23:38] : AUTO RUNNING ON
[20:24:57] : AUTO RUNNING OFF
[20:27:02] : MEAS ESC ON
[20:27:03] : MEAS ESC OFF
[20:27:03] : AUTO RUNNING ON
 
