[09:48:13] : MEAS ESC ON
[09:48:19] : MEAS ESC OFF
[09:48:19] : AUTO RUNNING ON
[09:48:25] : AUTO RUNNING OFF
[10:01:07] : MEAS ESC ON
[10:01:09] : MEAS ESC OFF
[10:01:09] : AUTO RUNNING ON
[10:02:15] : AUTO RUNNING OFF
[10:03:08] : MEAS ESC ON
[10:03:09] : MEAS ESC OFF
[10:03:09] : AUTO RUNNING ON
[10:03:24] : AUTO RUNNING OFF
[11:34:25] : MEAS ESC ON
[11:34:27] : MEAS ESC OFF
[11:34:27] : AUTO RUNNING ON
[11:34:46] : AUTO RUNNING OFF
[11:44:06] : MEAS ESC ON
[11:44:07] : MEAS ESC OFF
[11:44:07] : AUTO RUNNING ON
[11:44:10] : AUTO RUNNING OFF
[11:44:42] : MEAS ESC ON
[11:44:42] : MEAS ESC OFF
[11:44:42] : AUTO RUNNING ON
[11:47:34] : AUTO RUNNING OFF
 
[11:54:10] : MEAS ESC ON
[11:54:11] : MEAS ESC OFF
[11:54:11] : AUTO RUNNING ON
[11:54:20] : AUTO RUNNING OFF
[11:55:24] : MEAS ESC ON
[11:55:25] : MEAS ESC OFF
[11:55:25] : AUTO RUNNING ON
[12:01:13] : AUTO RUNNING OFF
[12:05:40] : MEAS ESC ON
[12:05:40] : MEAS ESC OFF
[12:05:40] : AUTO RUNNING ON
[12:05:58] : AUTO RUNNING OFF
[12:07:10] : MEAS ESC ON
[12:07:11] : MEAS ESC OFF
[12:07:11] : AUTO RUNNING ON
[12:07:25] : AUTO RUNNING OFF
[12:08:41] : MEAS ESC ON
[12:08:42] : MEAS ESC OFF
[12:08:42] : AUTO RUNNING ON
[12:10:59] : AUTO RUNNING OFF
[12:18:01] : MEAS ESC ON
[12:18:01] : MEAS ESC OFF
[12:18:01] : AUTO RUNNING ON
[13:19:46] : AUTO RUNNING OFF
[13:28:21] : MEAS ESC ON
[13:28:21] : MEAS ESC OFF
[13:28:21] : AUTO RUNNING ON
[13:36:56] : AUTO RUNNING OFF
[13:37:53] : MEAS ESC ON
[13:37:53] : MEAS ESC OFF
[13:37:53] : AUTO RUNNING ON
[13:38:08] : AUTO RUNNING OFF
[13:42:06] : MEAS ESC ON
[13:42:06] : MEAS ESC OFF
[13:42:06] : AUTO RUNNING ON
[13:51:41] : AUTO RUNNING OFF
[13:53:16] : MEAS ESC ON
[13:53:17] : MEAS ESC OFF
[13:53:17] : AUTO RUNNING ON
[13:53:24] : AUTO RUNNING OFF
[13:53:50] : MEAS ESC ON
[14:10:18] : MEAS ESC OFF
[14:10:18] : AUTO RUNNING ON
[14:10:35] : AUTO RUNNING OFF
[14:14:44] : MEAS ESC ON
[14:14:45] : MEAS ESC OFF
[14:14:45] : AUTO RUNNING ON
[14:18:16] : AUTO RUNNING OFF
[14:28:03] : MEAS ESC ON
[14:28:03] : MEAS ESC OFF
[14:28:03] : AUTO RUNNING ON
[14:56:58] : AUTO RUNNING OFF
[15:16:43] : PROGRAM END
 
[15:16:46] : PROGRAM START
[15:16:49] : AUTO RUNNING OFF
[15:16:49] : REQUEST MEAS. OFF
[15:16:49] : REQUEST ZEROSET OFF
[15:16:49] : REQUEST ZEROSET OFF
[16:18:46] : MEAS ESC ON
[16:18:46] : MEAS ESC OFF
[16:18:46] : AUTO RUNNING ON
[16:23:13] : REQUEST MEAS. ON
[16:23:20] : REQUEST MEAS. OFF
[16:23:20] : 측정요구 ON 2
[16:23:27] : 측정요구 2OFF
[16:23:27] : 61,20190110-162328,AL19010636713,,OK,MAX,1,2,AUTO,1.10,4.40,1.82,OK,1.10,4.40,1.72,OK,
[16:23:43] : 측정요구3 ON
[16:23:50] : 측정요구3 OFF
[16:23:50] : 측정요구4 ON
[16:23:58] : 측정요구4 OFF
[16:23:58] : 61,20190110-162358,AL19010636773,,OK,MAX,2,3,AUTO,1.10,4.40,2.19,OK,1.10,4.40,1.62,OK,
[16:24:13] : REQUEST MEAS. ON
[16:24:20] : REQUEST MEAS. OFF
[16:24:20] : 측정요구 ON 2
[16:24:27] : 측정요구 2OFF
[16:24:27] : 61,20190110-162428,AL19010636133,,OK,MAX,1,2,AUTO,1.10,4.40,1.31,OK,1.10,4.40,1.72,OK,
[16:24:45] : 측정요구3 ON
[16:24:52] : 측정요구3 OFF
[16:24:52] : 측정요구4 ON
[16:25:00] : 측정요구4 OFF
[16:25:00] : 61,20190110-162500,AL19010636123,,OK,MAX,2,3,AUTO,1.10,4.40,2.32,OK,1.10,4.40,1.70,OK,
[16:25:16] : REQUEST MEAS. ON
[16:25:23] : REQUEST MEAS. OFF
[16:25:24] : 측정요구 ON 2
[16:25:31] : 측정요구 2OFF
[16:25:31] : 61,20190110-162531,AL19010636113,,OK,MAX,1,2,AUTO,1.10,4.40,2.22,OK,1.10,4.40,2.21,OK,
[16:25:49] : 측정요구3 ON
[16:25:56] : 측정요구3 OFF
[16:25:56] : 측정요구4 ON
[16:26:04] : 측정요구4 OFF
[16:26:04] : 61,20190110-162605,AL19010636103,,OK,MAX,2,3,AUTO,1.10,4.40,2.34,OK,1.10,4.40,2.24,OK,
[16:26:17] : REQUEST MEAS. ON
[16:26:24] : REQUEST MEAS. OFF
[16:26:24] : 측정요구 ON 2
[16:26:32] : 측정요구 2OFF
[16:26:32] : 61,20190110-162632,AL19010636093,,NG,MAX,1,2,AUTO,1.10,4.40,1.07,NG,1.10,4.40,1.38,OK,
[16:26:44] : 측정요구3 ON
[16:26:51] : 측정요구3 OFF
[16:26:51] : 측정요구4 ON
[16:26:59] : 측정요구4 OFF
[16:26:59] : 61,20190110-162700,AL19010636143,,OK,MAX,2,3,AUTO,1.10,4.40,2.41,OK,1.10,4.40,2.11,OK,
[16:27:10] : REQUEST MEAS. ON
[16:27:17] : REQUEST MEAS. OFF
[16:27:18] : 측정요구 ON 2
[16:27:25] : 측정요구 2OFF
[16:27:25] : 61,20190110-162725,AL19010636153,,OK,MAX,1,2,AUTO,1.10,4.40,1.91,OK,1.10,4.40,2.01,OK,
[16:27:39] : 측정요구3 ON
[16:27:47] : 측정요구3 OFF
[16:27:47] : 측정요구4 ON
[16:27:55] : 측정요구4 OFF
[16:27:55] : 61,20190110-162756,AL19010636163,,OK,MAX,2,3,AUTO,1.10,4.40,2.51,OK,1.10,4.40,1.82,OK,
[16:28:07] : REQUEST MEAS. ON
[16:28:15] : REQUEST MEAS. OFF
[16:28:15] : 측정요구 ON 2
[16:28:22] : 측정요구 2OFF
[16:28:22] : 61,20190110-162822,AL19010636173,,OK,MAX,1,2,AUTO,1.10,4.40,1.40,OK,1.10,4.40,1.60,OK,
[16:29:01] : REQUEST MEAS. ON
[16:29:08] : REQUEST MEAS. OFF
[16:29:08] : 측정요구 ON 2
[16:29:16] : 측정요구 2OFF
[16:29:16] : 61,20190110-162916,AL19010636283,,OK,MAX,1,2,AUTO,1.10,4.40,1.35,OK,1.10,4.40,3.86,OK,
[16:29:25] : 측정요구3 ON
[16:29:32] : 측정요구3 OFF
[16:29:32] : 측정요구4 ON
[16:29:40] : 측정요구4 OFF
[16:29:40] : 61,20190110-162940,AL19010636433,,OK,MAX,2,3,AUTO,1.10,4.40,2.12,OK,1.10,4.40,1.80,OK,
[16:29:55] : REQUEST MEAS. ON
[16:30:02] : REQUEST MEAS. OFF
[16:30:02] : 측정요구 ON 2
[16:30:09] : 측정요구 2OFF
[16:30:09] : 61,20190110-163009,AL19010636413,,OK,MAX,1,2,AUTO,1.10,4.40,1.86,OK,1.10,4.40,1.65,OK,
[16:30:19] : AUTO RUNNING OFF
[16:31:02] : MEAS ESC ON
[16:31:02] : MEAS ESC OFF
[16:31:02] : AUTO RUNNING ON
[16:31:38] : AUTO RUNNING OFF
[16:31:43] : MEAS ESC ON
[16:31:44] : MEAS ESC OFF
[16:31:44] : AUTO RUNNING ON
[16:31:56] : REQUEST MEAS. ON
[16:32:03] : REQUEST MEAS. OFF
[16:32:03] : 측정요구 ON 2
[16:32:10] : 측정요구 2OFF
[16:32:10] : 61,20190110-163210,AL19010636403,,OK,MAX,1,2,AUTO,1.10,4.40,1.41,OK,1.10,4.40,1.20,OK,
[16:32:12] : 측정요구3 ON
[16:32:20] : 측정요구3 OFF
[16:32:20] : 측정요구4 ON
[16:32:27] : 측정요구4 OFF
[16:32:27] : 61,20190110-163228,AL19010636393,,OK,MAX,2,3,AUTO,1.10,4.40,2.32,OK,1.10,4.40,1.80,OK,
[16:32:37] : REQUEST MEAS. ON
[16:32:44] : REQUEST MEAS. OFF
[16:32:44] : 측정요구 ON 2
[16:32:51] : 측정요구 2OFF
[16:32:51] : 61,20190110-163252,AL19010636443,,OK,MAX,1,2,AUTO,1.10,4.40,1.91,OK,1.10,4.40,1.61,OK,
[16:33:33] : REQUEST MEAS. ON
[16:33:40] : REQUEST MEAS. OFF
[16:33:40] : 측정요구 ON 2
[16:33:47] : 측정요구 2OFF
[16:33:47] : 61,20190110-163348,AL19010636563,,OK,MAX,1,2,AUTO,1.10,4.40,1.91,OK,1.10,4.40,1.80,OK,
[16:34:25] : REQUEST MEAS. ON
[16:34:32] : REQUEST MEAS. OFF
[16:34:32] : 측정요구 ON 2
[16:34:39] : 측정요구 2OFF
[16:34:39] : 61,20190110-163439,AL19010636573,,OK,MAX,1,2,AUTO,1.10,4.40,1.81,OK,1.10,4.40,1.78,OK,
[16:34:52] : 측정요구3 ON
[16:34:59] : 측정요구3 OFF
[16:34:59] : 측정요구4 ON
[16:35:06] : 측정요구4 OFF
[16:35:06] : 61,20190110-163507,AL19010636583,,OK,MAX,2,3,AUTO,1.10,4.40,2.73,OK,1.10,4.40,2.52,OK,
[16:35:42] : REQUEST MEAS. ON
[16:35:49] : REQUEST MEAS. OFF
[16:35:49] : 측정요구 ON 2
[16:35:56] : 측정요구 2OFF
[16:35:56] : 61,20190110-163557,AL19010636503,,OK,MAX,1,2,AUTO,1.10,4.40,2.91,OK,1.10,4.40,2.81,OK,
[16:36:10] : 측정요구3 ON
[16:36:17] : 측정요구3 OFF
[16:36:17] : 측정요구4 ON
[16:36:24] : 측정요구4 OFF
[16:36:24] : 61,20190110-163625,AL19010636493,,OK,MAX,2,3,AUTO,1.10,4.40,2.03,OK,1.10,4.40,1.82,OK,
[16:37:02] : REQUEST MEAS. ON
[16:37:09] : REQUEST MEAS. OFF
[16:37:09] : 측정요구 ON 2
[16:37:16] : 측정요구 2OFF
[16:37:16] : 61,20190110-163717,AL19010636483,,OK,MAX,1,2,AUTO,1.10,4.40,1.84,OK,1.10,4.40,2.28,OK,
[16:37:33] : 측정요구3 ON
[16:37:40] : 측정요구3 OFF
[16:37:40] : 측정요구4 ON
[16:37:48] : 측정요구4 OFF
[16:37:48] : 61,20190110-163748,AL19010636473,,OK,MAX,2,3,AUTO,1.10,4.40,2.24,OK,1.10,4.40,1.86,OK,
[16:38:21] : REQUEST MEAS. ON
[16:38:28] : REQUEST MEAS. OFF
[16:38:28] : 측정요구 ON 2
[16:38:35] : 측정요구 2OFF
[16:38:35] : 61,20190110-163835,AL19010636463,,OK,MAX,1,2,AUTO,1.10,4.40,1.31,OK,1.10,4.40,1.29,OK,
[16:38:43] : 측정요구3 ON
[16:38:50] : 측정요구3 OFF
[16:38:50] : 측정요구4 ON
[16:38:58] : 측정요구4 OFF
[16:38:58] : 61,20190110-163859,AL19010636513,,NG,MAX,2,2,AUTO,1.10,4.40,1.52,OK,1.10,4.40,1.01,NG,
[16:39:31] : REQUEST MEAS. ON
[16:39:38] : REQUEST MEAS. OFF
[16:39:39] : 측정요구 ON 2
[16:39:46] : 측정요구 2OFF
[16:39:46] : 61,20190110-163946,AL19010636523,,OK,MAX,1,2,AUTO,1.10,4.40,2.04,OK,1.10,4.40,2.32,OK,
[16:39:55] : 측정요구3 ON
[16:40:03] : 측정요구3 OFF
[16:40:03] : 측정요구4 ON
[16:40:11] : 측정요구4 OFF
[16:40:11] : 61,20190110-164012,AL19010636533,,OK,MAX,2,3,AUTO,1.10,4.40,2.38,OK,1.10,4.40,2.31,OK,
[16:40:58] : REQUEST MEAS. ON
[16:41:05] : REQUEST MEAS. OFF
[16:41:05] : 측정요구 ON 2
[16:41:12] : 측정요구 2OFF
[16:41:12] : 61,20190110-164113,AL19010636543,,OK,MAX,1,2,AUTO,1.10,4.40,1.92,OK,1.10,4.40,2.24,OK,
[16:41:14] : 측정요구3 ON
[16:41:22] : 측정요구3 OFF
[16:41:22] : 측정요구4 ON
[16:41:29] : 측정요구4 OFF
[16:41:29] : 61,20190110-164130,AL19010636553,,OK,MAX,2,3,AUTO,1.10,4.40,2.44,OK,1.10,4.40,2.41,OK,
[16:42:08] : REQUEST MEAS. ON
[16:42:15] : REQUEST MEAS. OFF
[16:42:15] : 측정요구 ON 2
[16:42:22] : 측정요구 2OFF
[16:42:22] : 61,20190110-164223,AL19010531523,,OK,MAX,1,2,AUTO,1.10,4.40,2.13,OK,1.10,4.40,2.33,OK,
[16:42:32] : 측정요구3 ON
[16:42:39] : 측정요구3 OFF
[16:42:39] : 측정요구4 ON
[16:42:47] : 측정요구4 OFF
[16:42:47] : 61,20190110-164248,AL19010531513,,OK,MAX,2,3,AUTO,1.10,4.40,2.15,OK,1.10,4.40,1.56,OK,
[16:43:20] : REQUEST MEAS. ON
[16:43:27] : REQUEST MEAS. OFF
[16:43:27] : 측정요구 ON 2
[16:43:34] : 측정요구 2OFF
[16:43:34] : 61,20190110-164335,AL19010531453,,OK,MAX,1,2,AUTO,1.10,4.40,1.81,OK,1.10,4.40,2.00,OK,
[16:43:49] : 측정요구3 ON
[16:43:56] : 측정요구3 OFF
[16:43:56] : 측정요구4 ON
[16:44:04] : 측정요구4 OFF
[16:44:04] : 61,20190110-164404,AL19010531443,,OK,MAX,2,3,AUTO,1.10,4.40,2.03,OK,1.10,4.40,1.39,OK,
[16:44:36] : REQUEST MEAS. ON
[16:44:43] : REQUEST MEAS. OFF
[16:44:43] : 측정요구 ON 2
[16:44:51] : 측정요구 2OFF
[16:44:51] : 61,20190110-164451,AL19010531433,,OK,MAX,1,2,AUTO,1.10,4.40,2.59,OK,1.10,4.40,2.59,OK,
[16:45:05] : 측정요구3 ON
[16:45:13] : 측정요구3 OFF
[16:45:13] : 측정요구4 ON
[16:45:20] : 측정요구4 OFF
[16:45:20] : 61,20190110-164520,AL19010531463,,OK,MAX,2,3,AUTO,1.10,4.40,1.81,OK,1.10,4.40,1.83,OK,
[16:45:53] : REQUEST MEAS. ON
[16:46:00] : REQUEST MEAS. OFF
[16:46:00] : 측정요구 ON 2
[16:46:07] : 측정요구 2OFF
[16:46:07] : 61,20190110-164607,AL19010531473,,OK,MAX,1,2,AUTO,1.10,4.40,1.83,OK,1.10,4.40,2.01,OK,
[16:46:15] : 측정요구3 ON
[16:46:23] : 측정요구3 OFF
[16:46:23] : 측정요구4 ON
[16:46:30] : 측정요구4 OFF
[16:46:30] : 61,20190110-164630,AL19010531483,,OK,MAX,2,3,AUTO,1.10,4.40,2.01,OK,1.10,4.40,1.70,OK,
[16:47:03] : REQUEST MEAS. ON
[16:47:10] : REQUEST MEAS. OFF
[16:47:10] : 측정요구 ON 2
[16:47:17] : 측정요구 2OFF
[16:47:17] : 61,20190110-164717,AL19010531493,,OK,MAX,1,2,AUTO,1.10,4.40,3.17,OK,1.10,4.40,2.66,OK,
[16:47:28] : 측정요구3 ON
[16:47:35] : 측정요구3 OFF
[16:47:36] : 측정요구4 ON
[16:47:43] : 측정요구4 OFF
[16:47:43] : 61,20190110-164743,AL19010531503,,OK,MAX,2,3,AUTO,1.10,4.40,2.11,OK,1.10,4.40,1.48,OK,
[16:48:18] : REQUEST MEAS. ON
[16:48:25] : REQUEST MEAS. OFF
[16:48:25] : 측정요구 ON 2
[16:48:33] : 측정요구 2OFF
[16:48:33] : 61,20190110-164833,AL19010636333,,OK,MAX,1,2,AUTO,1.10,4.40,1.51,OK,1.10,4.40,1.19,OK,
[16:48:45] : 측정요구3 ON
[16:48:52] : 측정요구3 OFF
[16:48:52] : 측정요구4 ON
[16:49:00] : 측정요구4 OFF
[16:49:00] : 61,20190110-164901,AL19010636323,,OK,MAX,2,3,AUTO,1.10,4.40,2.69,OK,1.10,4.40,2.41,OK,
[16:49:33] : REQUEST MEAS. ON
[16:49:40] : REQUEST MEAS. OFF
[16:49:40] : 측정요구 ON 2
[16:49:47] : 측정요구 2OFF
[16:49:47] : 61,20190110-164948,AL19010636313,,OK,MAX,1,2,AUTO,1.10,4.40,3.70,OK,1.10,4.40,2.40,OK,
 
