[10:01:09] : MEAS ESC ON
[10:14:12] : MEAS ESC OFF
[10:14:12] : AUTO RUNNING ON
[10:14:46] : REQUEST MEAS. ON
[10:14:53] : REQUEST MEAS. OFF
[10:14:53] : 難薑蹂掘 ON 2
[10:15:01] : 難薑蹂掘 2OFF
[10:15:01] : 61,20190124-101502,AL19012132873,,OK,MAX,1,2,AUTO,1.10,4.40,3.52,OK,1.10,4.40,3.69,OK,
[10:15:25] : 難薑蹂掘3 ON
[10:15:32] : 難薑蹂掘3 OFF
[10:15:32] : 難薑蹂掘4 ON
[10:15:39] : 難薑蹂掘4 OFF
[10:15:39] : 61,20190124-101540,,,OK,MAX,2,3,AUTO,1.10,4.40,3.62,OK,1.10,4.40,2.69,OK,
[10:15:42] : REQUEST MEAS. ON
[10:15:49] : REQUEST MEAS. OFF
[10:15:49] : 難薑蹂掘 ON 2
[10:15:56] : 難薑蹂掘 2OFF
[10:15:56] : 61,20190124-101557,AL19012132723,,OK,MAX,1,2,AUTO,1.10,4.40,2.92,OK,1.10,4.40,2.89,OK,
[10:16:16] : 難薑蹂掘3 ON
[10:16:23] : 難薑蹂掘3 OFF
[10:16:23] : 難薑蹂掘4 ON
[10:16:30] : 難薑蹂掘4 OFF
[10:16:30] : 61,20190124-101631,AL19012132753,,OK,MAX,2,3,AUTO,1.10,4.40,2.73,OK,1.10,4.40,1.88,OK,
[10:16:39] : REQUEST MEAS. ON
[10:16:46] : REQUEST MEAS. OFF
[10:16:47] : 難薑蹂掘 ON 2
[10:16:54] : 難薑蹂掘 2OFF
[10:16:54] : 61,20190124-101655,AL19012132743,,OK,MAX,1,2,AUTO,1.10,4.40,2.53,OK,1.10,4.40,2.09,OK,
[10:17:08] : 難薑蹂掘3 ON
[10:17:15] : 難薑蹂掘3 OFF
[10:17:15] : 難薑蹂掘4 ON
[10:17:22] : 難薑蹂掘4 OFF
[10:17:22] : 61,20190124-101723,AL19012132883,,OK,MAX,2,3,AUTO,1.10,4.40,2.73,OK,1.10,4.40,1.89,OK,
[10:17:38] : REQUEST MEAS. ON
[10:17:46] : REQUEST MEAS. OFF
[10:17:46] : 難薑蹂掘 ON 2
[10:17:53] : 難薑蹂掘 2OFF
[10:17:53] : 61,20190124-101754,793,,OK,MAX,1,2,AUTO,1.10,4.40,2.12,OK,1.10,4.40,2.19,OK,
[10:18:07] : 難薑蹂掘3 ON
[10:18:14] : 難薑蹂掘3 OFF
[10:18:14] : 難薑蹂掘4 ON
[10:18:22] : 難薑蹂掘4 OFF
[10:18:22] : 61,20190124-101822,AL19012132813,,OK,MAX,2,3,AUTO,1.10,4.40,3.32,OK,1.10,4.40,2.89,OK,
[10:18:37] : REQUEST MEAS. ON
[10:18:45] : REQUEST MEAS. OFF
[10:18:45] : 難薑蹂掘 ON 2
[10:18:52] : 難薑蹂掘 2OFF
[10:18:52] : 61,20190124-101853,AL19012132773,,OK,MAX,1,2,AUTO,1.10,4.40,2.72,OK,1.10,4.40,2.89,OK,
[10:19:07] : 難薑蹂掘3 ON
[10:19:14] : 難薑蹂掘3 OFF
[10:19:14] : 難薑蹂掘4 ON
[10:19:21] : 難薑蹂掘4 OFF
[10:19:21] : 61,20190124-101922,AL19011830981,,OK,MAX,2,3,AUTO,1.10,4.40,3.62,OK,1.10,4.40,3.10,OK,
[10:19:38] : REQUEST MEAS. ON
[10:19:45] : REQUEST MEAS. OFF
[10:19:45] : 難薑蹂掘 ON 2
[10:19:52] : 難薑蹂掘 2OFF
[10:19:52] : 61,20190124-101953,AL19011830971,,OK,MAX,1,2,AUTO,1.10,4.40,1.92,OK,1.10,4.40,1.78,OK,
[10:20:06] : 難薑蹂掘3 ON
[10:20:13] : 難薑蹂掘3 OFF
[10:20:13] : 難薑蹂掘4 ON
[10:20:21] : 難薑蹂掘4 OFF
[10:20:21] : 61,20190124-102021,AL19011830961,,OK,MAX,2,3,AUTO,1.10,4.40,2.62,OK,1.10,4.40,2.49,OK,
[10:20:37] : REQUEST MEAS. ON
[10:20:44] : REQUEST MEAS. OFF
[10:20:44] : 難薑蹂掘 ON 2
[10:20:52] : 難薑蹂掘 2OFF
[10:20:52] : 61,20190124-102052,AL19011830941,,OK,MAX,1,2,AUTO,1.10,4.40,1.12,OK,1.10,4.40,1.18,OK,
[10:21:05] : 難薑蹂掘3 ON
[10:21:12] : 難薑蹂掘3 OFF
[10:21:12] : 難薑蹂掘4 ON
[10:21:20] : 難薑蹂掘4 OFF
[10:21:20] : 61,20190124-102121,AL19011830931,,OK,MAX,2,3,AUTO,1.10,4.40,2.43,OK,1.10,4.40,2.09,OK,
[10:21:37] : REQUEST MEAS. ON
[10:21:44] : REQUEST MEAS. OFF
[10:21:44] : 難薑蹂掘 ON 2
[10:21:51] : 難薑蹂掘 2OFF
[10:21:51] : 61,20190124-102151,AL19011831001,,NG,MAX,1,0,AUTO,1.10,4.40,0.18,NG,1.10,4.40,0.38,NG,
[10:22:05] : 難薑蹂掘3 ON
[10:22:12] : 難薑蹂掘3 OFF
[10:22:12] : 難薑蹂掘4 ON
[10:22:19] : 難薑蹂掘4 OFF
[10:22:19] : 61,20190124-102220,AL19011830991,,OK,MAX,2,3,AUTO,1.10,4.40,2.93,OK,1.10,4.40,2.28,OK,
[10:22:36] : REQUEST MEAS. ON
[10:22:43] : REQUEST MEAS. OFF
[10:22:43] : 難薑蹂掘 ON 2
[10:22:50] : 難薑蹂掘 2OFF
[10:22:50] : 61,20190124-102251,AL19011831021,,OK,MAX,1,2,AUTO,1.10,4.40,3.21,OK,1.10,4.40,2.80,OK,
[10:23:06] : 難薑蹂掘3 ON
[10:23:13] : 難薑蹂掘3 OFF
[10:23:13] : 難薑蹂掘4 ON
[10:23:20] : 難薑蹂掘4 OFF
[10:23:20] : 61,20190124-102321,AL19011830891,,OK,MAX,2,3,AUTO,1.10,4.40,3.72,OK,1.10,4.40,3.31,OK,
[10:23:35] : REQUEST MEAS. ON
[10:23:42] : REQUEST MEAS. OFF
[10:23:42] : 難薑蹂掘 ON 2
[10:23:50] : 難薑蹂掘 2OFF
[10:23:50] : 61,20190124-102350,AL19011830901,,OK,MAX,1,2,AUTO,1.10,4.40,2.22,OK,1.10,4.40,2.29,OK,
[10:24:03] : 難薑蹂掘3 ON
[10:24:10] : 難薑蹂掘3 OFF
[10:24:10] : 難薑蹂掘4 ON
[10:24:18] : 難薑蹂掘4 OFF
[10:24:18] : 61,20190124-102419,AL19012134773,,OK,MAX,2,3,AUTO,1.10,4.40,2.33,OK,1.10,4.40,1.78,OK,
[10:24:45] : REQUEST MEAS. ON
[10:24:52] : REQUEST MEAS. OFF
[10:24:52] : 難薑蹂掘 ON 2
[10:24:59] : 難薑蹂掘 2OFF
[10:24:59] : 61,20190124-102500,,,OK,MAX,1,2,AUTO,1.10,4.40,1.92,OK,1.10,4.40,1.89,OK,
[10:25:03] : 難薑蹂掘3 ON
[10:25:10] : 難薑蹂掘3 OFF
[10:25:10] : 難薑蹂掘4 ON
[10:25:18] : 難薑蹂掘4 OFF
[10:25:18] : 61,20190124-102518,AL19012134793,,OK,MAX,2,3,AUTO,1.10,4.40,2.33,OK,1.10,4.40,1.78,OK,
[10:25:35] : REQUEST MEAS. ON
[10:25:43] : REQUEST MEAS. OFF
[10:25:43] : 難薑蹂掘 ON 2
[10:25:50] : 難薑蹂掘 2OFF
[10:25:50] : 61,20190124-102550,AL19012134783,,OK,MAX,1,2,AUTO,1.10,4.40,2.12,OK,1.10,4.40,2.09,OK,
[10:26:06] : 難薑蹂掘3 ON
[10:26:13] : 難薑蹂掘3 OFF
[10:26:13] : 難薑蹂掘4 ON
[10:26:20] : 難薑蹂掘4 OFF
[10:26:20] : 61,20190124-102621,AL19012134803,,OK,MAX,2,3,AUTO,1.10,4.40,1.83,OK,1.10,4.40,1.88,OK,
[10:26:34] : REQUEST MEAS. ON
[10:26:41] : REQUEST MEAS. OFF
[10:26:41] : 難薑蹂掘 ON 2
[10:26:49] : 難薑蹂掘 2OFF
[10:26:49] : 61,20190124-102649,AL19012134813,,OK,MAX,1,2,AUTO,1.10,4.40,1.32,OK,1.10,4.40,1.59,OK,
[10:28:11] : REQUEST MEAS. ON
[10:28:18] : REQUEST MEAS. OFF
[10:28:18] : 難薑蹂掘 ON 2
[10:28:26] : 難薑蹂掘 2OFF
[10:28:26] : 61,20190124-102826,AL19012134823,,OK,MAX,1,2,AUTO,1.10,4.40,2.33,OK,1.10,4.40,1.98,OK,
[10:28:26] : 難薑蹂掘3 ON
[10:28:33] : 難薑蹂掘3 OFF
[10:28:33] : 難薑蹂掘4 ON
[10:28:41] : 難薑蹂掘4 OFF
[10:28:41] : 61,20190124-102841,AL19012134693,,OK,MAX,2,3,AUTO,1.10,4.40,2.73,OK,1.10,4.40,2.08,OK,
[10:28:53] : REQUEST MEAS. ON
[10:29:00] : REQUEST MEAS. OFF
[10:29:00] : 難薑蹂掘 ON 2
[10:29:08] : 難薑蹂掘 2OFF
[10:29:08] : 61,20190124-102909,AL19012134683,,OK,MAX,1,2,AUTO,1.10,4.40,1.92,OK,1.10,4.40,1.99,OK,
[10:29:10] : 難薑蹂掘3 ON
[10:29:17] : 難薑蹂掘3 OFF
[10:29:17] : 難薑蹂掘4 ON
[10:29:24] : 難薑蹂掘4 OFF
[10:29:24] : 61,20190124-102925,AL19012142823,,OK,MAX,2,3,AUTO,1.10,4.40,3.12,OK,1.10,4.40,2.59,OK,
[10:29:37] : REQUEST MEAS. ON
[10:29:44] : REQUEST MEAS. OFF
[10:29:44] : 難薑蹂掘 ON 2
[10:29:52] : 難薑蹂掘 2OFF
[10:29:52] : 61,20190124-102953,AL19012142793,,OK,MAX,1,2,AUTO,1.10,4.40,1.72,OK,1.10,4.40,1.48,OK,
[10:29:54] : 難薑蹂掘3 ON
[10:30:01] : 難薑蹂掘3 OFF
[10:30:01] : 難薑蹂掘4 ON
[10:30:08] : 難薑蹂掘4 OFF
[10:30:08] : 61,20190124-103009,AL19012142783,,OK,MAX,2,3,AUTO,1.10,4.40,2.23,OK,1.10,4.40,1.78,OK,
[10:34:53] : REQUEST MEAS. ON
[10:35:01] : REQUEST MEAS. OFF
[10:35:01] : 難薑蹂掘 ON 2
[10:35:08] : 難薑蹂掘 2OFF
[10:35:08] : 61,20190124-103509,AL19012142703,,OK,MAX,1,2,AUTO,1.10,4.40,3.02,OK,1.10,4.40,2.80,OK,
[10:35:21] : AUTO RUNNING OFF
[10:36:15] : MEAS ESC ON
[10:36:15] : MEAS ESC OFF
[10:36:15] : AUTO RUNNING ON
[10:36:43] : REQUEST MEAS. ON
[10:36:50] : REQUEST MEAS. OFF
[10:36:50] : 難薑蹂掘 ON 2
[10:36:58] : 難薑蹂掘 2OFF
[10:36:58] : 61,20190124-103658,AL19012142673,,OK,MAX,1,2,AUTO,1.10,4.40,1.93,OK,1.10,4.40,1.89,OK,
[10:37:07] : 難薑蹂掘3 ON
[10:37:14] : 難薑蹂掘3 OFF
[10:37:14] : 難薑蹂掘4 ON
[10:37:22] : 難薑蹂掘4 OFF
[10:37:22] : 61,20190124-103722,AL19012142843,,OK,MAX,2,3,AUTO,1.10,4.40,3.32,OK,1.10,4.40,2.49,OK,
[10:37:32] : REQUEST MEAS. ON
[10:37:39] : REQUEST MEAS. OFF
[10:37:39] : 難薑蹂掘 ON 2
[10:37:46] : 難薑蹂掘 2OFF
[10:37:46] : 61,20190124-103747,AL19012142683,,OK,MAX,1,2,AUTO,1.10,4.40,3.32,OK,1.10,4.40,3.49,OK,
[10:37:56] : 難薑蹂掘3 ON
[10:38:04] : 難薑蹂掘3 OFF
[10:38:04] : 難薑蹂掘4 ON
[10:38:11] : 難薑蹂掘4 OFF
[10:38:11] : 61,20190124-103811,AL19012132003,,OK,MAX,2,3,AUTO,1.10,4.40,2.93,OK,1.10,4.40,2.08,OK,
[10:38:22] : REQUEST MEAS. ON
[10:38:29] : REQUEST MEAS. OFF
[10:38:29] : 難薑蹂掘 ON 2
[10:38:36] : 難薑蹂掘 2OFF
[10:38:36] : 61,20190124-103837,AL19012132023,,OK,MAX,1,2,AUTO,1.10,4.40,2.12,OK,1.10,4.40,2.29,OK,
[10:38:45] : 難薑蹂掘3 ON
[10:38:52] : 難薑蹂掘3 OFF
[10:38:52] : 難薑蹂掘4 ON
[10:39:00] : 難薑蹂掘4 OFF
[10:39:00] : 61,20190124-103900,AL19012132013,,OK,MAX,2,3,AUTO,1.10,4.40,2.23,OK,1.10,4.40,1.59,OK,
[10:39:09] : REQUEST MEAS. ON
[10:39:16] : REQUEST MEAS. OFF
[10:39:16] : 難薑蹂掘 ON 2
[10:39:24] : 難薑蹂掘 2OFF
[10:39:24] : 61,20190124-103925,AL19012131993,,OK,MAX,1,2,AUTO,1.10,4.40,2.72,OK,1.10,4.40,2.59,OK,
[10:39:34] : 難薑蹂掘3 ON
[10:39:41] : 難薑蹂掘3 OFF
[10:39:41] : 難薑蹂掘4 ON
[10:39:48] : 難薑蹂掘4 OFF
[10:39:48] : 61,20190124-103949,AL19012131893,,OK,MAX,2,3,AUTO,1.10,4.40,2.14,OK,1.10,4.40,1.98,OK,
[10:39:59] : REQUEST MEAS. ON
[10:40:07] : REQUEST MEAS. OFF
[10:40:07] : 難薑蹂掘 ON 2
[10:40:14] : 難薑蹂掘 2OFF
[10:40:14] : 61,20190124-104014,AL19012131883,,OK,MAX,1,2,AUTO,1.10,4.40,2.12,OK,1.10,4.40,2.09,OK,
[10:40:23] : 難薑蹂掘3 ON
[10:40:30] : 難薑蹂掘3 OFF
[10:40:30] : 難薑蹂掘4 ON
[10:40:38] : 難薑蹂掘4 OFF
[10:40:38] : 61,20190124-104039,AL19012131913,,OK,MAX,2,3,AUTO,1.10,4.40,2.54,OK,1.10,4.40,1.88,OK,
[10:41:17] : REQUEST MEAS. ON
[10:41:24] : REQUEST MEAS. OFF
[10:41:24] : 難薑蹂掘 ON 2
[10:41:32] : 難薑蹂掘 2OFF
[10:41:32] : 61,20190124-104132,AL19012131933,,OK,MAX,1,2,AUTO,1.10,4.40,2.42,OK,1.10,4.40,2.39,OK,
[10:41:41] : 難薑蹂掘3 ON
[10:41:48] : 難薑蹂掘3 OFF
[10:41:49] : 難薑蹂掘4 ON
[10:41:56] : 難薑蹂掘4 OFF
[10:41:56] : 61,20190124-104157,AL19012131923,,OK,MAX,2,3,AUTO,1.10,4.40,1.83,OK,1.10,4.40,1.48,OK,
[10:42:09] : REQUEST MEAS. ON
[10:42:16] : REQUEST MEAS. OFF
[10:42:16] : 難薑蹂掘 ON 2
[10:42:23] : 難薑蹂掘 2OFF
[10:42:23] : 61,20190124-104224,AL19012130283,,OK,MAX,1,2,AUTO,1.10,4.40,3.52,OK,1.10,4.40,3.59,OK,
[10:42:34] : 難薑蹂掘3 ON
[10:42:41] : 難薑蹂掘3 OFF
[10:42:41] : 難薑蹂掘4 ON
[10:42:49] : 難薑蹂掘4 OFF
[10:42:49] : 61,20190124-104249,AL19012130303,,OK,MAX,2,3,AUTO,1.10,4.40,2.64,OK,1.10,4.40,1.48,OK,
[10:43:05] : REQUEST MEAS. ON
[10:43:12] : REQUEST MEAS. OFF
[10:43:12] : 難薑蹂掘 ON 2
[10:43:19] : 難薑蹂掘 2OFF
[10:43:19] : 61,20190124-104320,AL19012130293,,OK,MAX,1,2,AUTO,1.10,4.40,2.72,OK,1.10,4.40,2.89,OK,
[10:43:29] : 難薑蹂掘3 ON
[10:43:36] : 難薑蹂掘3 OFF
[10:43:36] : 難薑蹂掘4 ON
[10:43:44] : 難薑蹂掘4 OFF
[10:43:44] : 61,20190124-104344,AL19012130313,,OK,MAX,2,3,AUTO,1.10,4.40,1.72,OK,1.10,4.40,1.38,OK,
[10:43:58] : REQUEST MEAS. ON
[10:44:05] : REQUEST MEAS. OFF
[10:44:05] : 難薑蹂掘 ON 2
[10:44:12] : 難薑蹂掘 2OFF
[10:44:12] : 61,20190124-104412,AL19012130323,,OK,MAX,1,2,AUTO,1.10,4.40,3.61,OK,1.10,4.40,3.68,OK,
[10:44:22] : 難薑蹂掘3 ON
[10:44:29] : 難薑蹂掘3 OFF
[10:44:29] : 難薑蹂掘4 ON
[10:44:36] : 難薑蹂掘4 OFF
[10:44:36] : 61,20190124-104437,AL19012130353,,OK,MAX,2,3,AUTO,1.10,4.40,1.73,OK,1.10,4.40,1.38,OK,
[10:44:53] : REQUEST MEAS. ON
[10:45:00] : REQUEST MEAS. OFF
[10:45:00] : 難薑蹂掘 ON 2
[10:45:07] : 難薑蹂掘 2OFF
[10:45:07] : 61,20190124-104508,AL19012130393,,OK,MAX,1,2,AUTO,1.10,4.40,1.50,OK,1.10,4.40,1.68,OK,
[10:45:17] : 難薑蹂掘3 ON
[10:45:25] : 難薑蹂掘3 OFF
[10:45:25] : 難薑蹂掘4 ON
[10:45:32] : 難薑蹂掘4 OFF
[10:45:32] : 61,20190124-104532,L19012130403,,OK,MAX,2,3,AUTO,1.10,4.40,2.23,OK,1.10,4.40,1.98,OK,
[10:45:47] : REQUEST MEAS. ON
[10:45:54] : REQUEST MEAS. OFF
[10:45:54] : 難薑蹂掘 ON 2
[10:46:02] : 難薑蹂掘 2OFF
[10:46:02] : 61,20190124-104603,AL19012130413,,OK,MAX,1,2,AUTO,1.10,4.40,4.02,OK,1.10,4.40,3.89,OK,
[10:46:11] : 難薑蹂掘3 ON
[10:46:18] : 難薑蹂掘3 OFF
[10:46:18] : 難薑蹂掘4 ON
[10:46:25] : 難薑蹂掘4 OFF
[10:46:25] : 61,20190124-104626,AL19012130423,,OK,MAX,2,3,AUTO,1.10,4.40,1.83,OK,1.10,4.40,1.68,OK,
[10:46:41] : REQUEST MEAS. ON
[10:46:46] : AUTO RUNNING OFF
[10:46:46] : REQUEST MEAS. OFF
[10:46:46] : 0
[10:47:20] : MEAS ESC ON
[10:47:21] : MEAS ESC OFF
[10:47:21] : AUTO RUNNING ON
[10:47:21] : REQUEST MEAS. ON
[10:47:21] : REQUEST MEAS. OFF
[10:47:22] : 難薑蹂掘 ON 2
[10:47:29] : 難薑蹂掘 2OFF
[10:47:29] : 61,20190124-104730,AL19012130433,,NG,MAX,1,2,AUTO,1.10,4.40,1.02,NG,1.10,4.40,2.29,OK,
[10:47:46] : 難薑蹂掘3 ON
[10:47:53] : 難薑蹂掘3 OFF
[10:47:54] : 難薑蹂掘4 ON
[10:48:01] : 難薑蹂掘4 OFF
[10:48:01] : 61,20190124-104802,AL19012130453,,OK,MAX,2,3,AUTO,1.10,4.40,3.03,OK,1.10,4.40,2.59,OK,
[10:48:42] : AUTO RUNNING OFF
[11:02:13] : MEAS ESC ON
[11:02:14] : MEAS ESC OFF
[11:02:14] : AUTO RUNNING ON
[11:02:48] : REQUEST MEAS. ON
[11:02:55] : REQUEST MEAS. OFF
[11:02:55] : 難薑蹂掘 ON 2
[11:03:02] : 難薑蹂掘 2OFF
[11:03:02] : 61,20190124-110303,AL19012130443,,OK,MAX,1,2,AUTO,1.10,4.40,1.92,OK,1.10,4.40,2.39,OK,
[11:03:02] : 難薑蹂掘3 ON
[11:03:10] : 難薑蹂掘3 OFF
[11:03:10] : 難薑蹂掘4 ON
[11:03:17] : 難薑蹂掘4 OFF
[11:03:17] : 61,20190124-110318,AL19012130463,,OK,MAX,2,3,AUTO,1.10,4.40,1.73,OK,1.10,4.40,1.48,OK,
[11:03:54] : REQUEST MEAS. ON
[11:04:01] : REQUEST MEAS. OFF
[11:04:01] : 難薑蹂掘 ON 2
[11:04:08] : 難薑蹂掘 2OFF
[11:04:08] : 61,20190124-110409,AL19012130493,,OK,MAX,1,2,AUTO,1.10,4.40,1.92,OK,1.10,4.40,1.98,OK,
[11:04:08] : 難薑蹂掘3 ON
[11:04:16] : 難薑蹂掘3 OFF
[11:04:16] : 難薑蹂掘4 ON
[11:04:23] : 難薑蹂掘4 OFF
[11:04:23] : 61,20190124-110424,AL19012130543,,OK,MAX,2,3,AUTO,1.10,4.40,1.23,OK,1.10,4.40,1.38,OK,
[11:04:37] : REQUEST MEAS. ON
[11:04:45] : REQUEST MEAS. OFF
[11:04:45] : 難薑蹂掘 ON 2
[11:04:52] : 難薑蹂掘 2OFF
[11:04:52] : 61,20190124-110452,AL19012130513,,OK,MAX,1,2,AUTO,1.10,4.40,1.31,OK,1.10,4.40,1.79,OK,
[11:04:58] : 難薑蹂掘3 ON
[11:05:05] : 難薑蹂掘3 OFF
[11:05:05] : 難薑蹂掘4 ON
[11:05:12] : 難薑蹂掘4 OFF
[11:05:12] : 61,20190124-110513,AL19012130503,,OK,MAX,2,3,AUTO,1.10,4.40,3.42,OK,1.10,4.40,2.99,OK,
[11:05:20] : REQUEST MEAS. ON
[11:05:27] : REQUEST MEAS. OFF
[11:05:27] : 難薑蹂掘 ON 2
[11:05:34] : 難薑蹂掘 2OFF
[11:05:34] : 61,20190124-110535,AL19012142713,,OK,MAX,1,2,AUTO,1.10,4.40,2.32,OK,1.10,4.40,2.49,OK,
[11:05:40] : 難薑蹂掘3 ON
[11:05:47] : 難薑蹂掘3 OFF
[11:05:47] : 難薑蹂掘4 ON
[11:05:55] : 難薑蹂掘4 OFF
[11:05:55] : 61,20190124-110555,AL19012142873,,OK,MAX,2,3,AUTO,1.10,4.40,2.03,OK,1.10,4.40,1.68,OK,
[11:07:55] : REQUEST MEAS. ON
[11:08:02] : REQUEST MEAS. OFF
[11:08:02] : 難薑蹂掘 ON 2
[11:08:10] : 難薑蹂掘 2OFF
[11:08:10] : 61,20190124-110811,AL19012142693,,OK,MAX,1,2,AUTO,1.10,4.40,2.22,OK,1.10,4.40,2.39,OK,
[11:08:10] : 難薑蹂掘3 ON
[11:08:18] : 難薑蹂掘3 OFF
[11:08:18] : 難薑蹂掘4 ON
[11:08:26] : 難薑蹂掘4 OFF
[11:08:26] : 61,20190124-110826,AL19012142863,,OK,MAX,2,3,AUTO,1.10,4.40,1.83,OK,1.10,4.40,1.38,OK,
[11:08:41] : REQUEST MEAS. ON
[11:08:49] : REQUEST MEAS. OFF
[11:08:49] : 難薑蹂掘 ON 2
[11:08:56] : 難薑蹂掘 2OFF
[11:08:56] : 61,20190124-110857,AL19012142883,,OK,MAX,1,2,AUTO,1.10,4.40,2.62,OK,1.10,4.40,2.70,OK,
[11:09:00] : 難薑蹂掘3 ON
[11:09:07] : 難薑蹂掘3 OFF
[11:09:07] : 難薑蹂掘4 ON
[11:09:14] : 難薑蹂掘4 OFF
[11:09:14] : 61,20190124-110915,AL19012142733,,OK,MAX,2,3,AUTO,1.10,4.40,2.33,OK,1.10,4.40,1.98,OK,
[11:09:41] : REQUEST MEAS. ON
[11:09:48] : REQUEST MEAS. OFF
[11:09:48] : 難薑蹂掘 ON 2
[11:09:55] : 難薑蹂掘 2OFF
[11:09:55] : 61,20190124-110956,AL19012142743,,OK,MAX,1,2,AUTO,1.10,4.40,2.22,OK,1.10,4.40,2.29,OK,
[11:09:55] : 難薑蹂掘3 ON
[11:10:03] : 難薑蹂掘3 OFF
[11:10:03] : 難薑蹂掘4 ON
[11:10:11] : 難薑蹂掘4 OFF
[11:10:11] : 61,20190124-111011,AL19012131653,,OK,MAX,2,3,AUTO,1.10,4.40,2.03,OK,1.10,4.40,1.48,OK,
[11:10:23] : REQUEST MEAS. ON
[11:10:30] : REQUEST MEAS. OFF
[11:10:30] : 難薑蹂掘 ON 2
[11:10:37] : 難薑蹂掘 2OFF
[11:10:37] : 61,20190124-111038,AL19012131643,,OK,MAX,1,2,AUTO,1.10,4.40,2.42,OK,1.10,4.40,2.19,OK,
[11:10:42] : 難薑蹂掘3 ON
[11:10:49] : 難薑蹂掘3 OFF
[11:10:49] : 難薑蹂掘4 ON
[11:10:57] : 難薑蹂掘4 OFF
[11:10:57] : 61,20190124-111058,AL19012131583,,OK,MAX,2,3,AUTO,1.10,4.40,2.53,OK,1.10,4.40,1.88,OK,
[11:11:06] : REQUEST MEAS. ON
[11:11:13] : REQUEST MEAS. OFF
[11:11:13] : 難薑蹂掘 ON 2
[11:11:20] : 難薑蹂掘 2OFF
[11:11:20] : 61,20190124-111120,AL19012131663,,OK,MAX,1,2,AUTO,1.10,4.40,2.42,OK,1.10,4.40,1.99,OK,
[11:11:25] : 難薑蹂掘3 ON
[11:11:32] : 難薑蹂掘3 OFF
[11:11:32] : 難薑蹂掘4 ON
[11:11:39] : 難薑蹂掘4 OFF
[11:11:39] : 61,20190124-111140,AL19012131723,,OK,MAX,2,3,AUTO,1.10,4.40,3.43,OK,1.10,4.40,2.80,OK,
[11:11:48] : REQUEST MEAS. ON
[11:11:55] : REQUEST MEAS. OFF
[11:11:55] : 難薑蹂掘 ON 2
[11:12:02] : 難薑蹂掘 2OFF
[11:12:02] : 61,20190124-111203,AL19012131713,,OK,MAX,1,2,AUTO,1.10,4.40,2.92,OK,1.10,4.40,2.70,OK,
[11:12:07] : 難薑蹂掘3 ON
[11:12:14] : 難薑蹂掘3 OFF
[11:12:14] : 難薑蹂掘4 ON
[11:12:22] : 難薑蹂掘4 OFF
[11:12:22] : 61,20190124-111222,AL19012131703,,OK,MAX,2,3,AUTO,1.10,4.40,2.73,OK,1.10,4.40,1.98,OK,
[11:12:30] : REQUEST MEAS. ON
[11:12:37] : REQUEST MEAS. OFF
[11:12:37] : 難薑蹂掘 ON 2
[11:12:45] : 難薑蹂掘 2OFF
[11:12:45] : 61,20190124-111245,AL19012131693,,OK,MAX,1,2,AUTO,1.10,4.40,2.12,OK,1.10,4.40,1.49,OK,
[11:12:49] : 難薑蹂掘3 ON
[11:12:56] : 難薑蹂掘3 OFF
[11:12:56] : 難薑蹂掘4 ON
[11:13:04] : 難薑蹂掘4 OFF
[11:13:04] : 61,20190124-111304,AL19012131683,,OK,MAX,2,3,AUTO,1.10,4.40,1.62,OK,1.10,4.40,1.17,OK,
[11:13:13] : REQUEST MEAS. ON
[11:13:20] : REQUEST MEAS. OFF
[11:13:20] : 難薑蹂掘 ON 2
[11:13:28] : 難薑蹂掘 2OFF
[11:13:28] : 61,20190124-111329,AL19012131673,,OK,MAX,1,2,AUTO,1.10,4.40,3.51,OK,1.10,4.40,3.50,OK,
[11:13:32] : 難薑蹂掘3 ON
[11:13:39] : 難薑蹂掘3 OFF
[11:13:39] : 難薑蹂掘4 ON
[11:13:46] : 難薑蹂掘4 OFF
[11:13:46] : 61,20190124-111347,AL19012141013,,OK,MAX,2,3,AUTO,1.10,4.40,1.83,OK,1.10,4.40,1.68,OK,
[11:13:55] : REQUEST MEAS. ON
[11:14:03] : REQUEST MEAS. OFF
[11:14:03] : 難薑蹂掘 ON 2
[11:14:10] : 難薑蹂掘 2OFF
[11:14:10] : 61,20190124-111411,AL19012141003,,OK,MAX,1,2,AUTO,1.10,4.40,2.11,OK,1.10,4.40,1.89,OK,
[11:14:30] : 難薑蹂掘3 ON
[11:14:37] : 難薑蹂掘3 OFF
[11:14:38] : 難薑蹂掘4 ON
[11:14:45] : 難薑蹂掘4 OFF
[11:14:45] : 61,20190124-111445,AL19012140993,,OK,MAX,2,3,AUTO,1.10,4.40,3.33,OK,1.10,4.40,2.80,OK,
[11:15:09] : REQUEST MEAS. ON
[11:15:16] : REQUEST MEAS. OFF
[11:15:16] : 難薑蹂掘 ON 2
[11:15:24] : 難薑蹂掘 2OFF
[11:15:24] : 61,20190124-111525,AL19012140983,,OK,MAX,1,2,AUTO,1.10,4.40,2.51,OK,1.10,4.40,2.20,OK,
[11:15:24] : 難薑蹂掘3 ON
[11:15:32] : 難薑蹂掘3 OFF
[11:15:32] : 難薑蹂掘4 ON
[11:15:39] : 難薑蹂掘4 OFF
[11:15:39] : 61,20190124-111540,AL19012140923,,OK,MAX,2,3,AUTO,1.10,4.40,2.23,OK,1.10,4.40,1.78,OK,
[11:15:52] : REQUEST MEAS. ON
[11:15:59] : REQUEST MEAS. OFF
[11:15:59] : 難薑蹂掘 ON 2
[11:16:06] : 難薑蹂掘 2OFF
[11:16:06] : 61,20190124-111607,AL19012141033,,OK,MAX,1,2,AUTO,1.10,4.40,3.02,OK,1.10,4.40,2.70,OK,
[11:16:09] : 難薑蹂掘3 ON
[11:16:17] : 難薑蹂掘3 OFF
[11:16:17] : 難薑蹂掘4 ON
[11:16:24] : 難薑蹂掘4 OFF
[11:16:24] : 61,20190124-111625,AL19012140933,,OK,MAX,2,3,AUTO,1.10,4.40,2.23,OK,1.10,4.40,2.08,OK,
[11:16:36] : REQUEST MEAS. ON
[11:16:43] : REQUEST MEAS. OFF
[11:16:43] : 難薑蹂掘 ON 2
[11:16:50] : 難薑蹂掘 2OFF
[11:16:50] : 61,20190124-111651,AL19012140943,,OK,MAX,1,2,AUTO,1.10,4.40,1.72,OK,1.10,4.40,1.49,OK,
[11:16:54] : 難薑蹂掘3 ON
[11:17:01] : 難薑蹂掘3 OFF
[11:17:01] : 難薑蹂掘4 ON
[11:17:08] : 難薑蹂掘4 OFF
[11:17:08] : 61,20190124-111709,AL19012140953,,OK,MAX,2,3,AUTO,1.10,4.40,3.63,OK,1.10,4.40,3.09,OK,
[11:17:18] : REQUEST MEAS. ON
[11:17:25] : REQUEST MEAS. OFF
[11:17:25] : 難薑蹂掘 ON 2
[11:17:32] : 難薑蹂掘 2OFF
[11:17:32] : 61,20190124-111733,AL19012140963,,OK,MAX,1,2,AUTO,1.10,4.40,1.82,OK,1.10,4.40,1.68,OK,
[11:17:42] : 難薑蹂掘3 ON
[11:17:49] : 難薑蹂掘3 OFF
[11:17:49] : 難薑蹂掘4 ON
[11:17:56] : 難薑蹂掘4 OFF
[11:17:56] : 61,20190124-111757,AL19012142573,,OK,MAX,2,3,AUTO,1.10,4.40,1.93,OK,1.10,4.40,1.68,OK,
[11:18:07] : REQUEST MEAS. ON
[11:18:14] : REQUEST MEAS. OFF
[11:18:14] : 難薑蹂掘 ON 2
[11:18:22] : 難薑蹂掘 2OFF
[11:18:22] : 61,20190124-111822,AL19012142323,,OK,MAX,1,2,AUTO,1.10,4.40,2.12,OK,1.10,4.40,1.99,OK,
[11:18:35] : 難薑蹂掘3 ON
[11:18:42] : 難薑蹂掘3 OFF
[11:18:42] : 難薑蹂掘4 ON
[11:18:50] : 難薑蹂掘4 OFF
[11:18:50] : 61,20190124-111851,AL19012142333,,NG,MAX,2,2,AUTO,1.10,4.40,0.23,NG,1.10,4.40,0.28,NG,
[11:19:00] : REQUEST MEAS. ON
[11:19:07] : REQUEST MEAS. OFF
[11:19:07] : 難薑蹂掘 ON 2
[11:19:14] : 難薑蹂掘 2OFF
[11:19:14] : 61,20190124-111914,AL19012142343,,OK,MAX,1,2,AUTO,1.10,4.40,2.01,OK,1.10,4.40,1.90,OK,
[11:19:28] : 難薑蹂掘3 ON
[11:19:35] : 難薑蹂掘3 OFF
[11:19:35] : 難薑蹂掘4 ON
[11:19:42] : 難薑蹂掘4 OFF
[11:19:42] : 61,20190124-111943,AL19012142353,,OK,MAX,2,3,AUTO,1.10,4.40,2.03,OK,1.10,4.40,1.67,OK,
[11:19:52] : REQUEST MEAS. ON
[11:19:59] : REQUEST MEAS. OFF
[11:19:59] : 難薑蹂掘 ON 2
[11:20:06] : 難薑蹂掘 2OFF
[11:20:06] : 61,20190124-112006,AL19012142513,,OK,MAX,1,2,AUTO,1.10,4.40,1.62,OK,1.10,4.40,1.99,OK,
[11:20:22] : 難薑蹂掘3 ON
[11:20:29] : 難薑蹂掘3 OFF
[11:20:29] : 難薑蹂掘4 ON
[11:20:37] : 難薑蹂掘4 OFF
[11:20:37] : 61,20190124-112038,AL19012142443,,OK,MAX,2,3,AUTO,1.10,4.40,3.72,OK,1.10,4.40,2.99,OK,
[11:20:47] : REQUEST MEAS. ON
[11:20:54] : REQUEST MEAS. OFF
[11:20:54] : 難薑蹂掘 ON 2
[11:21:01] : 難薑蹂掘 2OFF
[11:21:01] : 61,20190124-112102,AL19012142413,,OK,MAX,1,2,AUTO,1.10,4.40,1.62,OK,1.10,4.40,1.98,OK,
[11:22:24] : REQUEST MEAS. ON
[11:22:31] : REQUEST MEAS. OFF
[11:22:31] : 難薑蹂掘 ON 2
[11:22:38] : 難薑蹂掘 2OFF
[11:22:38] : 61,20190124-112239,AL19012142403,,OK,MAX,1,2,AUTO,1.10,4.40,1.62,OK,1.10,4.40,1.98,OK,
[11:23:27] : REQUEST MEAS. ON
[11:23:34] : REQUEST MEAS. OFF
[11:23:34] : 難薑蹂掘 ON 2
[11:23:42] : 難薑蹂掘 2OFF
[11:23:42] : 61,20190124-112342,AL19012143033,,OK,MAX,1,2,AUTO,1.10,4.40,3.52,OK,1.10,4.40,3.78,OK,
[11:23:51] : 難薑蹂掘3 ON
[11:23:58] : 難薑蹂掘3 OFF
[11:23:58] : 難薑蹂掘4 ON
[11:24:06] : 難薑蹂掘4 OFF
[11:24:06] : 61,20190124-112407,AL19012142943,,OK,MAX,2,3,AUTO,1.10,4.40,2.03,OK,1.10,4.40,1.78,OK,
[11:24:19] : REQUEST MEAS. ON
[11:24:26] : REQUEST MEAS. OFF
[11:24:26] : 難薑蹂掘 ON 2
[11:24:33] : 難薑蹂掘 2OFF
[11:24:33] : 61,20190124-112434,AL19012142933,,OK,MAX,1,2,AUTO,1.10,4.40,1.72,OK,1.10,4.40,1.79,OK,
[11:24:45] : 難薑蹂掘3 ON
[11:24:52] : 難薑蹂掘3 OFF
[11:24:52] : 難薑蹂掘4 ON
[11:24:59] : 難薑蹂掘4 OFF
[11:24:59] : 61,20190124-112500,AL19012142923,,OK,MAX,2,3,AUTO,1.10,4.40,3.32,OK,1.10,4.40,2.49,OK,
[11:25:13] : REQUEST MEAS. ON
[11:25:20] : REQUEST MEAS. OFF
[11:25:20] : 難薑蹂掘 ON 2
[11:25:28] : 難薑蹂掘 2OFF
[11:25:28] : 61,20190124-112528,AL19012142913,,OK,MAX,1,2,AUTO,1.10,4.40,2.82,OK,1.10,4.40,2.99,OK,
[11:25:37] : 難薑蹂掘3 ON
[11:25:44] : 難薑蹂掘3 OFF
[11:25:44] : 難薑蹂掘4 ON
[11:25:52] : 難薑蹂掘4 OFF
[11:25:52] : 61,20190124-112553,AL19012143073,,OK,MAX,2,3,AUTO,1.10,4.40,2.23,OK,1.10,4.40,1.38,OK,
[11:26:09] : REQUEST MEAS. ON
[11:26:17] : REQUEST MEAS. OFF
[11:26:17] : 難薑蹂掘 ON 2
[11:26:24] : 難薑蹂掘 2OFF
[11:26:24] : 61,20190124-112625,AL19012143083,,OK,MAX,1,2,AUTO,1.10,4.40,2.53,OK,1.10,4.40,2.19,OK,
[11:26:34] : 難薑蹂掘3 ON
[11:26:41] : 難薑蹂掘3 OFF
[11:26:41] : 難薑蹂掘4 ON
[11:26:48] : 難薑蹂掘4 OFF
[11:26:48] : 61,20190124-112648,AL19012143093,,OK,MAX,2,3,AUTO,1.10,4.40,1.62,OK,1.10,4.40,1.17,OK,
[11:27:01] : REQUEST MEAS. ON
[11:27:08] : REQUEST MEAS. OFF
[11:27:08] : 難薑蹂掘 ON 2
[11:27:16] : 難薑蹂掘 2OFF
[11:27:16] : 61,20190124-112717,AL19012142803,,OK,MAX,1,2,AUTO,1.10,4.40,1.92,OK,1.10,4.40,2.28,OK,
[11:27:26] : 難薑蹂掘3 ON
[11:27:33] : 難薑蹂掘3 OFF
[11:27:33] : 難薑蹂掘4 ON
[11:27:41] : 難薑蹂掘4 OFF
[11:27:41] : 61,20190124-112741,AL19012142813,,OK,MAX,2,3,AUTO,1.10,4.40,2.12,OK,1.10,4.40,1.78,OK,
[11:27:56] : REQUEST MEAS. ON
[11:28:03] : REQUEST MEAS. OFF
[11:28:04] : 難薑蹂掘 ON 2
[11:28:11] : 難薑蹂掘 2OFF
[11:28:11] : 61,20190124-112812,AL19012140143,,OK,MAX,1,2,AUTO,1.10,4.40,1.92,OK,1.10,4.40,1.78,OK,
[11:28:21] : 難薑蹂掘3 ON
[11:28:28] : 難薑蹂掘3 OFF
[11:28:29] : 難薑蹂掘4 ON
[11:28:36] : 難薑蹂掘4 OFF
[11:28:36] : 61,20190124-112837,AL19012140163,,OK,MAX,2,3,AUTO,1.10,4.40,3.53,OK,1.10,4.40,3.20,OK,
[11:28:51] : REQUEST MEAS. ON
[11:28:58] : REQUEST MEAS. OFF
[11:28:58] : 難薑蹂掘 ON 2
[11:29:05] : 難薑蹂掘 2OFF
[11:29:05] : 61,20190124-112906,AL19012140173,,NG,MAX,1,0,AUTO,1.10,4.40,0.32,NG,1.10,4.40,0.78,NG,
[11:29:15] : 難薑蹂掘3 ON
[11:29:22] : 難薑蹂掘3 OFF
[11:29:23] : 難薑蹂掘4 ON
[11:29:30] : 難薑蹂掘4 OFF
[11:29:30] : 61,20190124-112930,AL19012140133,,OK,MAX,2,3,AUTO,1.10,4.40,1.53,OK,1.10,4.40,1.48,OK,
[11:29:45] : REQUEST MEAS. ON
[11:29:52] : REQUEST MEAS. OFF
[11:29:52] : 難薑蹂掘 ON 2
[11:30:00] : 難薑蹂掘 2OFF
[11:30:00] : 61,20190124-113000,AL19012140153,,OK,MAX,1,2,AUTO,1.10,4.40,2.22,OK,1.10,4.40,2.49,OK,
[11:30:11] : 難薑蹂掘3 ON
[11:30:18] : 難薑蹂掘3 OFF
[11:30:18] : 難薑蹂掘4 ON
[11:30:26] : 難薑蹂掘4 OFF
[11:30:26] : 61,20190124-113027,AL19012140183,,OK,MAX,2,3,AUTO,1.10,4.40,3.82,OK,1.10,4.40,2.99,OK,
[11:30:41] : REQUEST MEAS. ON
[11:30:48] : REQUEST MEAS. OFF
[11:30:48] : 難薑蹂掘 ON 2
[11:30:56] : 難薑蹂掘 2OFF
[11:30:56] : 61,20190124-113056,AL19012140193,,OK,MAX,1,2,AUTO,1.10,4.40,3.61,OK,1.10,4.40,3.39,OK,
[11:31:37] : REQUEST MEAS. ON
[11:31:45] : REQUEST MEAS. OFF
[11:31:45] : 難薑蹂掘 ON 2
[11:31:52] : 難薑蹂掘 2OFF
[11:31:52] : 61,20190124-113153,AL19012140223,,OK,MAX,1,2,AUTO,1.10,4.40,2.92,OK,1.10,4.40,2.59,OK,
[11:32:28] : REQUEST MEAS. ON
[11:32:35] : REQUEST MEAS. OFF
[11:32:35] : 難薑蹂掘 ON 2
[11:32:43] : 難薑蹂掘 2OFF
[11:32:43] : 61,20190124-113243,AL19012140063,,OK,MAX,1,2,AUTO,1.10,4.40,3.22,OK,1.10,4.40,2.89,OK,
[11:32:52] : 難薑蹂掘3 ON
[11:32:59] : 難薑蹂掘3 OFF
[11:32:59] : 難薑蹂掘4 ON
[11:33:07] : 難薑蹂掘4 OFF
[11:33:07] : 61,20190124-113308,AL19012140073,,OK,MAX,2,3,AUTO,1.10,4.40,1.93,OK,1.10,4.40,1.48,OK,
[11:33:23] : REQUEST MEAS. ON
[11:33:30] : REQUEST MEAS. OFF
[11:33:30] : 難薑蹂掘 ON 2
[11:33:38] : 難薑蹂掘 2OFF
[11:33:38] : 61,20190124-113338,AL19012140053,,OK,MAX,1,2,AUTO,1.10,4.40,3.32,OK,1.10,4.40,3.30,OK,
[11:34:20] : REQUEST MEAS. ON
[11:34:27] : REQUEST MEAS. OFF
[11:34:28] : 難薑蹂掘 ON 2
[11:34:35] : 難薑蹂掘 2OFF
[11:34:35] : 61,20190124-113436,AL19012140033,,OK,MAX,1,2,AUTO,1.10,4.40,1.82,OK,1.10,4.40,1.59,OK,
[11:34:45] : 難薑蹂掘3 ON
[11:34:52] : 難薑蹂掘3 OFF
[11:34:52] : 難薑蹂掘4 ON
[11:35:00] : 難薑蹂掘4 OFF
[11:35:00] : 61,20190124-113500,AL19012140043,,OK,MAX,2,3,AUTO,1.10,4.40,1.83,OK,1.10,4.40,1.57,OK,
[11:35:13] : REQUEST MEAS. ON
[11:35:20] : REQUEST MEAS. OFF
[11:35:20] : 難薑蹂掘 ON 2
[11:35:27] : 難薑蹂掘 2OFF
[11:35:27] : 61,20190124-113528,AL19012140093,,OK,MAX,1,2,AUTO,1.10,4.40,1.82,OK,1.10,4.40,1.59,OK,
[11:35:40] : 難薑蹂掘3 ON
[11:35:47] : 難薑蹂掘3 OFF
[11:35:47] : 難薑蹂掘4 ON
[11:35:54] : 難薑蹂掘4 OFF
[11:35:54] : 61,20190124-113555,AL19012140103,,OK,MAX,2,3,AUTO,1.10,4.40,2.01,OK,1.10,4.40,1.59,OK,
[11:36:07] : REQUEST MEAS. ON
[11:36:14] : REQUEST MEAS. OFF
[11:36:15] : 難薑蹂掘 ON 2
[11:36:22] : 難薑蹂掘 2OFF
[11:36:22] : 61,20190124-113622,AL19012140113,,OK,MAX,1,2,AUTO,1.10,4.40,2.22,OK,1.10,4.40,2.29,OK,
[11:36:31] : 難薑蹂掘3 ON
[11:36:38] : 難薑蹂掘3 OFF
[11:36:38] : 難薑蹂掘4 ON
[11:36:46] : 難薑蹂掘4 OFF
[11:36:46] : 61,20190124-113646,AL19012140123,,OK,MAX,2,3,AUTO,1.10,4.40,2.03,OK,1.10,4.40,1.38,OK,
[11:37:03] : REQUEST MEAS. ON
[11:37:10] : REQUEST MEAS. OFF
[11:37:10] : 難薑蹂掘 ON 2
[11:37:17] : 難薑蹂掘 2OFF
[11:37:17] : 61,20190124-113718,AL19012243191,,OK,MAX,1,2,AUTO,1.10,4.40,2.53,OK,1.10,4.40,2.80,OK,
[11:37:27] : 難薑蹂掘3 ON
[11:37:34] : 難薑蹂掘3 OFF
[11:37:34] : 難薑蹂掘4 ON
[11:37:42] : 難薑蹂掘4 OFF
[11:37:42] : 61,20190124-113742,AL19012243181,,NG,MAX,2,2,AUTO,1.10,4.40,0.22,NG,1.10,4.40,0.28,NG,
[11:37:58] : REQUEST MEAS. ON
[11:38:05] : REQUEST MEAS. OFF
[11:38:05] : 難薑蹂掘 ON 2
[11:38:12] : 難薑蹂掘 2OFF
[11:38:12] : 61,20190124-113813,AL19012243171,,OK,MAX,1,2,AUTO,1.10,4.40,1.72,OK,1.10,4.40,1.59,OK,
[11:38:22] : 難薑蹂掘3 ON
[11:38:29] : 難薑蹂掘3 OFF
[11:38:29] : 難薑蹂掘4 ON
[11:38:37] : 難薑蹂掘4 OFF
[11:38:37] : 61,20190124-113838,AL19012243161,,OK,MAX,2,3,AUTO,1.10,4.40,2.03,OK,1.10,4.40,1.68,OK,
[11:38:51] : REQUEST MEAS. ON
[11:38:58] : REQUEST MEAS. OFF
[11:38:58] : 難薑蹂掘 ON 2
[11:39:05] : 難薑蹂掘 2OFF
[11:39:05] : 61,20190124-113906,AL19012243151,,OK,MAX,1,2,AUTO,1.10,4.40,1.42,OK,1.10,4.40,1.79,OK,
[11:39:15] : 難薑蹂掘3 ON
[11:39:23] : 難薑蹂掘3 OFF
[11:39:23] : 難薑蹂掘4 ON
[11:39:30] : 難薑蹂掘4 OFF
[11:39:30] : 61,20190124-113930,AL19012243201,,NG,MAX,2,2,AUTO,1.10,4.40,1.23,OK,1.10,4.40,0.78,NG,
[11:39:47] : REQUEST MEAS. ON
[11:39:54] : REQUEST MEAS. OFF
[11:39:54] : 難薑蹂掘 ON 2
[11:40:01] : 難薑蹂掘 2OFF
[11:40:01] : 61,20190124-114002,AL19012243211,,OK,MAX,1,2,AUTO,1.10,4.40,2.03,OK,1.10,4.40,2.19,OK,
[11:40:11] : 難薑蹂掘3 ON
[11:40:18] : 難薑蹂掘3 OFF
[11:40:18] : 難薑蹂掘4 ON
[11:40:26] : 難薑蹂掘4 OFF
[11:40:26] : 61,20190124-114026,AL19012243221,,OK,MAX,2,3,AUTO,1.10,4.40,3.72,OK,1.10,4.40,2.99,OK,
[11:40:39] : REQUEST MEAS. ON
[11:40:46] : REQUEST MEAS. OFF
[11:40:46] : 難薑蹂掘 ON 2
[11:40:54] : 難薑蹂掘 2OFF
[11:40:54] : 61,20190124-114054,AL19012243141,,OK,MAX,1,2,AUTO,1.10,4.40,3.11,OK,1.10,4.40,2.80,OK,
[11:41:03] : 難薑蹂掘3 ON
[11:41:10] : 難薑蹂掘3 OFF
[11:41:11] : 難薑蹂掘4 ON
[11:41:18] : 難薑蹂掘4 OFF
[11:41:18] : 61,20190124-114119,AL19012243301,,OK,MAX,2,3,AUTO,1.10,4.40,1.72,OK,1.10,4.40,1.68,OK,
[11:41:34] : REQUEST MEAS. ON
[11:41:41] : REQUEST MEAS. OFF
[11:41:41] : 難薑蹂掘 ON 2
[11:41:49] : 難薑蹂掘 2OFF
[11:41:49] : 61,20190124-114150,AL19012142993,,OK,MAX,1,2,AUTO,1.10,4.40,1.72,OK,1.10,4.40,2.19,OK,
[11:41:59] : 難薑蹂掘3 ON
[11:42:06] : 難薑蹂掘3 OFF
[11:42:06] : 難薑蹂掘4 ON
[11:42:13] : 難薑蹂掘4 OFF
[11:42:13] : 61,20190124-114214,AL19012142983,,OK,MAX,2,3,AUTO,1.10,4.40,2.03,OK,1.10,4.40,1.98,OK,
[11:42:29] : REQUEST MEAS. ON
[11:42:36] : REQUEST MEAS. OFF
[11:42:36] : 難薑蹂掘 ON 2
[11:42:44] : 難薑蹂掘 2OFF
[11:42:44] : 61,20190124-114245,AL19012142973,,OK,MAX,1,2,AUTO,1.10,4.40,2.92,OK,1.10,4.40,2.70,OK,
[11:42:56] : 難薑蹂掘3 ON
[11:43:03] : 難薑蹂掘3 OFF
[11:43:03] : 難薑蹂掘4 ON
[11:43:10] : 難薑蹂掘4 OFF
[11:43:10] : 61,20190124-114311,AL19012142963,,OK,MAX,2,3,AUTO,1.10,4.40,2.23,OK,1.10,4.40,2.08,OK,
[11:43:25] : REQUEST MEAS. ON
[11:43:32] : REQUEST MEAS. OFF
[11:43:32] : 難薑蹂掘 ON 2
[11:43:39] : 難薑蹂掘 2OFF
[11:43:39] : 61,20190124-114340,AL19012142953,,OK,MAX,1,2,AUTO,1.10,4.40,2.22,OK,1.10,4.40,2.39,OK,
[11:43:49] : 難薑蹂掘3 ON
[11:43:56] : 難薑蹂掘3 OFF
[11:43:56] : 難薑蹂掘4 ON
[11:44:04] : 難薑蹂掘4 OFF
[11:44:04] : 61,20190124-114404,AL19012143003,,OK,MAX,2,3,AUTO,1.10,4.40,3.12,OK,1.10,4.40,2.99,OK,
[11:44:20] : REQUEST MEAS. ON
[11:44:27] : REQUEST MEAS. OFF
[11:44:27] : 難薑蹂掘 ON 2
[11:44:34] : 難薑蹂掘 2OFF
[11:44:34] : 61,20190124-114435,AL19012143023,,OK,MAX,1,2,AUTO,1.10,4.40,3.71,OK,1.10,4.40,3.69,OK,
[11:44:43] : 難薑蹂掘3 ON
[11:44:50] : 難薑蹂掘3 OFF
[11:44:50] : 難薑蹂掘4 ON
[11:44:57] : 難薑蹂掘4 OFF
[11:44:57] : 61,20190124-114458,AL19012143013,,OK,MAX,2,3,AUTO,1.10,4.40,2.33,OK,1.10,4.40,1.98,OK,
[11:45:13] : REQUEST MEAS. ON
[11:45:21] : REQUEST MEAS. OFF
[11:45:21] : 難薑蹂掘 ON 2
[11:45:28] : 難薑蹂掘 2OFF
[11:45:28] : 61,20190124-114528,AL19012143053,,OK,MAX,1,2,AUTO,1.10,4.40,2.11,OK,1.10,4.40,1.89,OK,
[11:45:40] : 難薑蹂掘3 ON
[11:45:47] : 難薑蹂掘3 OFF
[11:45:47] : 難薑蹂掘4 ON
[11:45:54] : 難薑蹂掘4 OFF
[11:45:54] : 61,20190124-114555,AL19012143063,,OK,MAX,2,3,AUTO,1.10,4.40,2.40,OK,1.10,4.40,1.98,OK,
[11:46:09] : REQUEST MEAS. ON
[11:46:16] : REQUEST MEAS. OFF
[11:46:16] : 難薑蹂掘 ON 2
[11:46:23] : 難薑蹂掘 2OFF
[11:46:23] : 61,20190124-114624,AL19012130723,,OK,MAX,1,2,AUTO,1.10,4.40,2.03,OK,1.10,4.40,2.49,OK,
[11:46:33] : 難薑蹂掘3 ON
[11:46:40] : 難薑蹂掘3 OFF
[11:46:41] : 難薑蹂掘4 ON
[11:46:48] : 難薑蹂掘4 OFF
[11:46:48] : 61,20190124-114649,AL19012130733,,OK,MAX,2,3,AUTO,1.10,4.40,4.02,OK,1.10,4.40,2.99,OK,
[11:47:03] : REQUEST MEAS. ON
[11:47:10] : REQUEST MEAS. OFF
[11:47:10] : 難薑蹂掘 ON 2
[11:47:17] : 難薑蹂掘 2OFF
[11:47:17] : 61,20190124-114717,AL19012130763,,OK,MAX,1,2,AUTO,1.10,4.40,3.61,OK,1.10,4.40,2.89,OK,
[11:47:27] : 難薑蹂掘3 ON
[11:47:34] : 難薑蹂掘3 OFF
[11:47:34] : 難薑蹂掘4 ON
[11:47:42] : 難薑蹂掘4 OFF
[11:47:42] : 61,20190124-114742,AL19012130753,,OK,MAX,2,3,AUTO,1.10,4.40,1.53,OK,1.10,4.40,1.17,OK,
[11:47:57] : REQUEST MEAS. ON
[11:48:04] : REQUEST MEAS. OFF
[11:48:04] : 難薑蹂掘 ON 2
[11:48:12] : 難薑蹂掘 2OFF
[11:48:12] : 61,20190124-114813,AL19012130743,,OK,MAX,1,2,AUTO,1.10,4.40,2.92,OK,1.10,4.40,2.59,OK,
[11:48:23] : 難薑蹂掘3 ON
[11:48:30] : 難薑蹂掘3 OFF
[11:48:30] : 難薑蹂掘4 ON
[11:48:37] : 難薑蹂掘4 OFF
[11:48:37] : 61,20190124-114838,AL19012130773,,OK,MAX,2,3,AUTO,1.10,4.40,1.93,OK,1.10,4.40,1.38,OK,
[11:48:53] : REQUEST MEAS. ON
[11:49:00] : REQUEST MEAS. OFF
[11:49:01] : 難薑蹂掘 ON 2
[11:49:08] : 難薑蹂掘 2OFF
[11:49:08] : 61,20190124-114908,AL19012130783,,OK,MAX,1,2,AUTO,1.10,4.40,3.11,OK,1.10,4.40,2.60,OK,
[11:49:17] : 難薑蹂掘3 ON
[11:49:24] : 難薑蹂掘3 OFF
[11:49:24] : 難薑蹂掘4 ON
[11:49:32] : 難薑蹂掘4 OFF
[11:49:32] : 61,20190124-114933,AL19012130813,,OK,MAX,2,3,AUTO,1.10,4.40,2.43,OK,1.10,4.40,2.09,OK,
[11:49:46] : REQUEST MEAS. ON
[11:49:53] : REQUEST MEAS. OFF
[11:49:53] : 難薑蹂掘 ON 2
[11:50:00] : 難薑蹂掘 2OFF
[11:50:00] : 61,20190124-115001,AL19012130803,,OK,MAX,1,2,AUTO,1.10,4.40,4.12,OK,1.10,4.40,3.09,OK,
 
[11:50:10] : 難薑蹂掘3 ON
[11:50:17] : 難薑蹂掘3 OFF
[11:50:17] : 難薑蹂掘4 ON
[11:50:25] : 難薑蹂掘4 OFF
[11:50:25] : 61,20190124-115025,AL19012130793,,OK,MAX,2,3,AUTO,1.10,4.40,3.72,OK,1.10,4.40,2.89,OK,
[11:50:59] : REQUEST MEAS. ON
[11:51:06] : REQUEST MEAS. OFF
[11:51:07] : 難薑蹂掘 ON 2
[11:51:14] : 難薑蹂掘 2OFF
[11:51:14] : 61,20190124-115115,AL19012130233,,OK,MAX,1,2,AUTO,1.10,4.40,2.01,OK,1.10,4.40,2.09,OK,
[11:52:46] : REQUEST MEAS. ON
[11:52:53] : REQUEST MEAS. OFF
[11:52:53] : 難薑蹂掘 ON 2
[11:53:00] : 難薑蹂掘 2OFF
[11:53:00] : 61,20190124-115301,AL19012130123,,OK,MAX,1,2,AUTO,1.10,4.40,1.92,OK,1.10,4.40,1.89,OK,
[11:53:12] : 難薑蹂掘3 ON
[11:53:19] : 難薑蹂掘3 OFF
[11:53:19] : 難薑蹂掘4 ON
[11:53:26] : 難薑蹂掘4 OFF
[11:53:26] : 61,20190124-115326,AL19012130133,,OK,MAX,2,3,AUTO,1.10,4.40,2.03,OK,1.10,4.40,1.89,OK,
[11:53:36] : REQUEST MEAS. ON
[11:53:43] : REQUEST MEAS. OFF
[11:53:43] : 難薑蹂掘 ON 2
[11:53:50] : 難薑蹂掘 2OFF
[11:53:50] : 61,20190124-115351,AL19012130333,,OK,MAX,1,2,AUTO,1.10,4.40,1.92,OK,1.10,4.40,1.89,OK,
[11:54:32] : REQUEST MEAS. ON
[11:54:39] : REQUEST MEAS. OFF
[11:54:39] : 難薑蹂掘 ON 2
[11:54:46] : 難薑蹂掘 2OFF
[11:54:46] : 61,20190124-115447,AL19012130163,,OK,MAX,1,2,AUTO,1.10,4.40,2.02,OK,1.10,4.40,1.89,OK,
[11:54:56] : 難薑蹂掘3 ON
[11:55:03] : 難薑蹂掘3 OFF
[11:55:03] : 難薑蹂掘4 ON
[11:55:11] : 難薑蹂掘4 OFF
[11:55:11] : 61,20190124-115512,AL19012130243,,OK,MAX,2,3,AUTO,1.10,4.40,2.73,OK,1.10,4.40,2.19,OK,
[11:58:09] : REQUEST MEAS. ON
[11:58:16] : REQUEST MEAS. OFF
[11:58:16] : 難薑蹂掘 ON 2
[11:58:24] : 難薑蹂掘 2OFF
[11:58:24] : 61,20190124-115824,AL19012130223,,OK,MAX,1,2,AUTO,1.10,4.40,1.71,OK,1.10,4.40,1.79,OK,
[11:58:33] : 難薑蹂掘3 ON
[11:58:40] : 難薑蹂掘3 OFF
[11:58:40] : 難薑蹂掘4 ON
[11:58:48] : 難薑蹂掘4 OFF
[11:58:48] : 61,20190124-115849,AL19012130273,,OK,MAX,2,3,AUTO,1.10,4.40,2.13,OK,1.10,4.40,1.59,OK,
[11:59:29] : REQUEST MEAS. ON
[11:59:36] : REQUEST MEAS. OFF
[11:59:36] : 難薑蹂掘 ON 2
[11:59:44] : 難薑蹂掘 2OFF
[11:59:44] : 61,20190124-115944,AL19012130153,,OK,MAX,1,2,AUTO,1.10,4.40,2.42,OK,1.10,4.40,2.39,OK,
[11:59:53] : 難薑蹂掘3 ON
[12:00:00] : 難薑蹂掘3 OFF
[12:00:00] : 難薑蹂掘4 ON
[12:00:08] : 難薑蹂掘4 OFF
[12:00:08] : 61,20190124-120009,AL19012141123,,OK,MAX,2,3,AUTO,1.10,4.40,1.53,OK,1.10,4.40,1.28,OK,
[12:01:15] : REQUEST MEAS. ON
[12:01:22] : REQUEST MEAS. OFF
[12:01:22] : 難薑蹂掘 ON 2
[12:01:30] : 難薑蹂掘 2OFF
[12:01:30] : 61,20190124-120130,AL19012141053,,OK,MAX,1,2,AUTO,1.10,4.40,1.72,OK,1.10,4.40,1.99,OK,
[12:01:40] : 難薑蹂掘3 ON
[12:01:47] : 難薑蹂掘3 OFF
[12:01:47] : 難薑蹂掘4 ON
[12:01:54] : 難薑蹂掘4 OFF
[12:01:54] : 61,20190124-120155,AL19012141043,,OK,MAX,2,3,AUTO,1.10,4.40,2.03,OK,1.10,4.40,2.19,OK,
[12:04:56] : REQUEST MEAS. ON
[12:05:03] : REQUEST MEAS. OFF
[12:05:03] : 難薑蹂掘 ON 2
[12:05:10] : 難薑蹂掘 2OFF
[12:05:10] : 61,20190124-120511,AL19012141023,,OK,MAX,1,2,AUTO,1.10,4.40,3.02,OK,1.10,4.40,2.29,OK,
[12:05:22] : 難薑蹂掘3 ON
[12:05:29] : 難薑蹂掘3 OFF
[12:05:29] : 難薑蹂掘4 ON
[12:05:36] : 難薑蹂掘4 OFF
[12:05:36] : 61,20190124-120536,AL19012141173,,OK,MAX,2,3,AUTO,1.10,4.40,2.43,OK,1.10,4.40,1.68,OK,
[12:20:05] : AUTO RUNNING OFF
[12:20:14] : MEAS ESC ON
[12:20:15] : MEAS ESC OFF
[12:20:15] : AUTO RUNNING ON
[12:56:02] : PROGRAM END
 
[14:17:33] : PROGRAM START
[14:17:39] : MEAS ESC ON
[14:17:39] : AUTO RUNNING OFF
[14:17:39] : REQUEST MEAS. OFF
[14:17:39] : REQUEST ZEROSET OFF
[14:17:39] : REQUEST ZEROSET OFF
[14:23:51] : MEAS ESC OFF
[14:23:51] : AUTO RUNNING ON
[14:27:15] : REQUEST MEAS. ON
[14:27:22] : REQUEST MEAS. OFF
[14:27:22] : 難薑蹂掘 ON 2
[14:27:30] : 難薑蹂掘 2OFF
[14:27:30] : 61,20190124-142730,AL19012131163,,OK,MAX,1,2,AUTO,1.10,4.40,2.51,OK,1.10,4.40,2.60,OK,
[14:46:01] : REQUEST MEAS. ON
[14:46:08] : REQUEST MEAS. OFF
[14:46:08] : 難薑蹂掘 ON 2
[14:46:15] : 難薑蹂掘 2OFF
[14:46:15] : 61,20190124-144615,AL19012131043,,OK,MAX,1,2,AUTO,1.10,4.40,1.29,OK,1.10,4.40,1.39,OK,
[14:46:52] : 難薑蹂掘3 ON
[14:46:59] : 難薑蹂掘3 OFF
[14:46:59] : REQUEST MEAS. ON
[14:46:59] : 難薑蹂掘4 ON
[14:47:06] : REQUEST MEAS. OFF
[14:47:06] : 難薑蹂掘4 OFF
[14:47:06] : 61,20190124-144706,AL19012131093,,OK,MAX,2,3,AUTO,1.10,4.40,2.43,OK,1.10,4.40,2.08,OK,
[14:47:06] : 難薑蹂掘 ON 2
[14:47:13] : 難薑蹂掘 2OFF
[14:47:13] : 61,20190124-144714,AL19012131093,,OK,MAX,1,2,AUTO,1.10,4.40,1.29,OK,1.10,4.40,2.31,OK,
[14:47:45] : REQUEST MEAS. ON
[14:47:52] : REQUEST MEAS. OFF
[14:47:52] : 難薑蹂掘 ON 2
[14:47:59] : 難薑蹂掘 2OFF
[14:47:59] : 61,20190124-144800,AL19012131103,,OK,MAX,1,2,AUTO,1.10,4.40,2.81,OK,1.10,4.40,2.20,OK,
[14:47:59] : 難薑蹂掘3 ON
[14:48:07] : 難薑蹂掘3 OFF
[14:48:07] : 難薑蹂掘4 ON
[14:48:14] : 難薑蹂掘4 OFF
[14:48:14] : 61,20190124-144815,AL19012131243,,OK,MAX,2,3,AUTO,1.10,4.40,2.64,OK,1.10,4.40,2.28,OK,
[14:48:28] : REQUEST MEAS. ON
[14:48:35] : REQUEST MEAS. OFF
[14:48:35] : 難薑蹂掘 ON 2
[14:48:42] : 難薑蹂掘 2OFF
[14:48:42] : 61,20190124-144843,AL19012131263,,OK,MAX,1,2,AUTO,1.10,4.40,2.40,OK,1.10,4.40,2.91,OK,
[14:48:48] : 難薑蹂掘3 ON
[14:48:55] : 難薑蹂掘3 OFF
[14:48:55] : 難薑蹂掘4 ON
[14:49:02] : 難薑蹂掘4 OFF
[14:49:02] : 61,20190124-144903,AL19012131283,,OK,MAX,2,3,AUTO,1.10,4.40,2.04,OK,1.10,4.40,1.98,OK,
[14:49:16] : REQUEST MEAS. ON
[14:49:23] : REQUEST MEAS. OFF
[14:49:23] : 難薑蹂掘 ON 2
[14:49:31] : 難薑蹂掘 2OFF
[14:49:31] : 61,20190124-144931,AL19012131273,,OK,MAX,1,2,AUTO,1.10,4.40,1.90,OK,1.10,4.40,1.90,OK,
[14:49:37] : 難薑蹂掘3 ON
[14:49:44] : 難薑蹂掘3 OFF
[14:49:44] : 難薑蹂掘4 ON
[14:49:52] : 難薑蹂掘4 OFF
[14:49:52] : 61,20190124-144952,AL19012131113,,OK,MAX,2,3,AUTO,1.10,4.40,2.33,OK,1.10,4.40,2.28,OK,
[14:50:06] : REQUEST MEAS. ON
[14:50:13] : REQUEST MEAS. OFF
[14:50:13] : 難薑蹂掘 ON 2
[14:50:21] : 難薑蹂掘 2OFF
[14:50:21] : 61,20190124-145022,AL19012131233,,OK,MAX,1,2,AUTO,1.10,4.40,1.90,OK,1.10,4.40,2.00,OK,
[14:51:46] : REQUEST MEAS. ON
[14:51:53] : REQUEST MEAS. OFF
[14:51:53] : 難薑蹂掘 ON 2
[14:52:01] : 難薑蹂掘 2OFF
[14:52:01] : 61,20190124-145201,AL19012131253,,OK,MAX,1,2,AUTO,1.10,4.40,1.81,OK,1.10,4.40,2.00,OK,
[14:52:01] : 難薑蹂掘3 ON
[14:52:08] : 難薑蹂掘3 OFF
[14:52:08] : 難薑蹂掘4 ON
[14:52:16] : 難薑蹂掘4 OFF
[14:52:16] : 61,20190124-145216,AL19012131293,,OK,MAX,2,3,AUTO,1.10,4.40,2.03,OK,1.10,4.40,1.98,OK,
[14:52:22] : AUTO RUNNING OFF
[14:53:49] : MEAS ESC ON
[14:53:50] : MEAS ESC OFF
[14:53:50] : AUTO RUNNING ON
[14:54:15] : REQUEST MEAS. ON
[14:54:22] : REQUEST MEAS. OFF
[14:54:22] : 難薑蹂掘 ON 2
[14:54:30] : 難薑蹂掘 2OFF
[14:54:30] : 61,20190124-145431,AL19012131303,,OK,MAX,1,2,AUTO,1.10,4.40,1.39,OK,1.10,4.40,1.81,OK,
[14:54:30] : 難薑蹂掘3 ON
[14:54:38] : 難薑蹂掘3 OFF
[14:54:38] : 難薑蹂掘4 ON
[14:54:45] : 難薑蹂掘4 OFF
[14:54:45] : 61,20190124-145446,AL19012131313,,OK,MAX,2,3,AUTO,1.10,4.40,2.73,OK,1.10,4.40,2.08,OK,
[14:54:58] : REQUEST MEAS. ON
[14:55:05] : REQUEST MEAS. OFF
[14:55:05] : 難薑蹂掘 ON 2
[14:55:13] : 難薑蹂掘 2OFF
[14:55:13] : 61,20190124-145513,AL19012131433,,OK,MAX,1,2,AUTO,1.10,4.40,2.00,OK,1.10,4.40,2.31,OK,
[14:55:14] : 難薑蹂掘3 ON
[14:55:21] : 難薑蹂掘3 OFF
[14:55:21] : 難薑蹂掘4 ON
[14:55:29] : 難薑蹂掘4 OFF
[14:55:29] : 61,20190124-145529,AL19012142483,,OK,MAX,2,3,AUTO,1.10,4.40,2.12,OK,1.10,4.40,1.59,OK,
[14:55:41] : REQUEST MEAS. ON
[14:55:48] : REQUEST MEAS. OFF
[14:55:48] : 難薑蹂掘 ON 2
[14:55:55] : 難薑蹂掘 2OFF
[14:55:55] : 61,20190124-145555,AL19012142473,,OK,MAX,1,2,AUTO,1.10,4.40,1.60,OK,1.10,4.40,2.00,OK,
[14:55:57] : 難薑蹂掘3 ON
[14:56:04] : 難薑蹂掘3 OFF
[14:56:04] : 難薑蹂掘4 ON
[14:56:11] : 難薑蹂掘4 OFF
[14:56:11] : 61,20190124-145612,AL19012142463,,OK,MAX,2,3,AUTO,1.10,4.40,1.53,OK,1.10,4.40,1.48,OK,
[14:56:22] : REQUEST MEAS. ON
[14:56:29] : REQUEST MEAS. OFF
[14:56:30] : 難薑蹂掘 ON 2
[14:56:37] : 難薑蹂掘 2OFF
[14:56:37] : 61,20190124-145638,AL19012142453,,OK,MAX,1,2,AUTO,1.10,4.40,1.29,OK,1.10,4.40,1.50,OK,
[14:56:41] : 難薑蹂掘3 ON
[14:56:48] : 難薑蹂掘3 OFF
[14:56:49] : 難薑蹂掘4 ON
[14:56:56] : 難薑蹂掘4 OFF
[14:56:56] : 61,20190124-145656,AL19012142433,,OK,MAX,2,3,AUTO,1.10,4.40,1.83,OK,1.10,4.40,1.59,OK,
[14:57:05] : REQUEST MEAS. ON
[14:57:12] : REQUEST MEAS. OFF
[14:57:12] : 難薑蹂掘 ON 2
[14:57:19] : 難薑蹂掘 2OFF
[14:57:19] : 61,20190124-145720,AL19012142493,,OK,MAX,1,2,AUTO,1.10,4.40,1.28,OK,1.10,4.40,1.40,OK,
[14:57:23] : 難薑蹂掘3 ON
[14:57:30] : 難薑蹂掘3 OFF
[14:57:30] : 難薑蹂掘4 ON
[14:57:38] : 難薑蹂掘4 OFF
[14:57:38] : 61,20190124-145739,AL19012142503,,OK,MAX,2,3,AUTO,1.10,4.40,1.93,OK,1.10,4.40,1.78,OK,
[14:57:49] : REQUEST MEAS. ON
[14:57:56] : REQUEST MEAS. OFF
[14:57:56] : 難薑蹂掘 ON 2
[14:58:03] : 難薑蹂掘 2OFF
[14:58:03] : 61,20190124-145804,AL19012142523,,OK,MAX,1,2,AUTO,1.10,4.40,2.31,OK,1.10,4.40,2.50,OK,
[14:58:06] : 難薑蹂掘3 ON
[14:58:13] : 難薑蹂掘3 OFF
[14:58:13] : 難薑蹂掘4 ON
[14:58:20] : 難薑蹂掘4 OFF
[14:58:20] : 61,20190124-145821,AL19012142533, ,OK,MAX,2,3,AUTO,1.10,4.40,2.23,OK,1.10,4.40,2.09,OK,
[14:58:31] : REQUEST MEAS. ON
[14:58:38] : REQUEST MEAS. OFF
[14:58:38] : 難薑蹂掘 ON 2
[14:58:45] : 難薑蹂掘 2OFF
[14:58:45] : 61,20190124-145846,AL19012142423,,NG,MAX,1,2,AUTO,1.10,4.40,1.10,NG,1.10,4.40,1.20,OK,
[14:58:48] : 難薑蹂掘3 ON
[14:58:55] : 難薑蹂掘3 OFF
[14:58:55] : 難薑蹂掘4 ON
[14:59:03] : 難薑蹂掘4 OFF
[14:59:03] : 61,20190124-145903,AL19012141303,,OK,MAX,2,3,AUTO,1.10,4.40,3.52,OK,1.10,4.40,2.80,OK,
[14:59:28] : REQUEST MEAS. ON
[14:59:35] : REQUEST MEAS. OFF
[14:59:35] : 難薑蹂掘 ON 2
[14:59:43] : 難薑蹂掘 2OFF
[14:59:43] : 61,20190124-145944,AL19012141293,,OK,MAX,1,2,AUTO,1.10,4.40,2.40,OK,1.10,4.40,2.31,OK,
[14:59:43] : 難薑蹂掘3 ON
[14:59:51] : 難薑蹂掘3 OFF
[14:59:51] : 難薑蹂掘4 ON
[14:59:58] : 難薑蹂掘4 OFF
[14:59:58] : 61,20190124-145959,AL19012141073,,OK,MAX,2,3,AUTO,1.10,4.40,1.62,OK,1.10,4.40,1.28,OK,
[15:00:11] : REQUEST MEAS. ON
[15:00:18] : REQUEST MEAS. OFF
[15:00:18] : 難薑蹂掘 ON 2
[15:00:25] : 難薑蹂掘 2OFF
[15:00:25] : 61,20190124-150026,AL19012141103,,OK,MAX,1,2,AUTO,1.10,4.40,2.91,OK,1.10,4.40,2.71,OK,
[15:00:28] : 難薑蹂掘3 ON
[15:00:36] : 難薑蹂掘3 OFF
[15:00:36] : 難薑蹂掘4 ON
[15:00:43] : 難薑蹂掘4 OFF
[15:00:43] : 61,20190124-150044,AL19012141183,,OK,MAX,2,3,AUTO,1.10,4.40,3.22,OK,1.10,4.40,2.69,OK,
[15:02:05] : REQUEST MEAS. ON
[15:02:12] : REQUEST MEAS. OFF
[15:02:12] : 難薑蹂掘 ON 2
[15:02:19] : 難薑蹂掘 2OFF
[15:02:19] : 61,20190124-150220,AL19012141193,,OK,MAX,1,2,AUTO,1.10,4.40,1.70,OK,1.10,4.40,1.80,OK,
[15:02:19] : 難薑蹂掘3 ON
[15:02:27] : 難薑蹂掘3 OFF
[15:02:27] : 難薑蹂掘4 ON
[15:02:34] : 難薑蹂掘4 OFF
[15:02:34] : 61,20190124-150235,AL19012141203,,OK,MAX,2,3,AUTO,1.10,4.40,3.92,OK,1.10,4.40,2.69,OK,
[15:02:48] : REQUEST MEAS. ON
[15:02:55] : REQUEST MEAS. OFF
[15:02:56] : 難薑蹂掘 ON 2
[15:03:03] : 難薑蹂掘 2OFF
[15:03:03] : 61,20190124-150304,AL19012141093,,OK,MAX,1,2,AUTO,1.10,4.40,2.71,OK,1.10,4.40,2.50,OK,
[15:03:05] : 難薑蹂掘3 ON
[15:03:12] : 難薑蹂掘3 OFF
[15:03:12] : 難薑蹂掘4 ON
[15:03:20] : 難薑蹂掘4 OFF
[15:03:20] : 61,20190124-150320,AL19012140263,,OK,MAX,2,3,AUTO,1.10,4.40,3.22,OK,1.10,4.40,2.80,OK,
[15:03:31] : REQUEST MEAS. ON
[15:03:38] : REQUEST MEAS. OFF
[15:03:38] : 難薑蹂掘 ON 2
[15:03:45] : 難薑蹂掘 2OFF
[15:03:45] : 61,20190124-150346,AL19012140243,,OK,MAX,1,2,AUTO,1.10,4.40,2.50,OK,1.10,4.40,2.21,OK,
[15:03:52] : 難薑蹂掘3 ON
[15:03:59] : 難薑蹂掘3 OFF
[15:03:59] : 難薑蹂掘4 ON
[15:04:07] : 難薑蹂掘4 OFF
[15:04:07] : 61,20190124-150407,AL19012140253,,OK,MAX,2,3,AUTO,1.10,4.40,2.12,OK,1.10,4.40,1.89,OK,
[15:04:18] : REQUEST MEAS. ON
[15:04:25] : REQUEST MEAS. OFF
[15:04:25] : 難薑蹂掘 ON 2
[15:04:33] : 難薑蹂掘 2OFF
[15:04:33] : 61,20190124-150434,AL19012140323,,OK,MAX,1,2,AUTO,1.10,4.40,1.81,OK,1.10,4.40,1.81,OK,
[15:04:46] : 難薑蹂掘3 ON
[15:04:53] : 難薑蹂掘3 OFF
[15:04:53] : 難薑蹂掘4 ON
[15:05:00] : 難薑蹂掘4 OFF
[15:05:00] : 61,20190124-150501,AL19012140333,,OK,MAX,2,3,AUTO,1.10,4.40,3.42,OK,1.10,4.40,2.59,OK,
[15:05:10] : REQUEST MEAS. ON
[15:05:17] : REQUEST MEAS. OFF
[15:05:17] : 難薑蹂掘 ON 2
[15:05:24] : 難薑蹂掘 2OFF
[15:05:24] : 61,20190124-150525,AL19012140343,,OK,MAX,1,2,AUTO,1.10,4.40,1.60,OK,1.10,4.40,1.50,OK,
[15:05:39] : 難薑蹂掘3 ON
[15:05:46] : 難薑蹂掘3 OFF
[15:05:46] : 難薑蹂掘4 ON
[15:05:54] : 難薑蹂掘4 OFF
[15:05:54] : 61,20190124-150554,AL19012140353,,OK,MAX,2,3,AUTO,1.10,4.40,1.93,OK,1.10,4.40,1.78,OK,
[15:06:04] : REQUEST MEAS. ON
[15:06:11] : REQUEST MEAS. OFF
[15:06:11] : 難薑蹂掘 ON 2
[15:06:19] : 難薑蹂掘 2OFF
[15:06:19] : 61,20190124-150620,AL19012140363,,OK,MAX,1,2,AUTO,1.10,4.40,1.71,OK,1.10,4.40,1.90,OK,
[15:06:33] : 難薑蹂掘3 ON
[15:06:40] : 難薑蹂掘3 OFF
[15:06:40] : 難薑蹂掘4 ON
[15:06:47] : 難薑蹂掘4 OFF
[15:06:47] : 61,20190124-150648,AL19012141683,,OK,MAX,2,3,AUTO,1.10,4.40,1.41,OK,1.10,4.40,1.38,OK,
[15:06:57] : REQUEST MEAS. ON
[15:07:04] : REQUEST MEAS. OFF
[15:07:04] : 難薑蹂掘 ON 2
[15:07:11] : 難薑蹂掘 2OFF
[15:07:11] : 61,20190124-150712,AL19012141573,,NG,MAX,1,2,AUTO,1.10,4.40,4.60,NG,1.10,4.40,2.92,OK,
[15:07:26] : 難薑蹂掘3 ON
[15:07:33] : 難薑蹂掘3 OFF
[15:07:33] : 難薑蹂掘4 ON
[15:07:40] : 難薑蹂掘4 OFF
[15:07:40] : 61,20190124-150741,AL19012141673,,OK,MAX,2,3,AUTO,1.10,4.40,2.23,OK,1.10,4.40,1.78,OK,
[15:07:50] : REQUEST MEAS. ON
[15:07:57] : REQUEST MEAS. OFF
[15:07:57] : 難薑蹂掘 ON 2
[15:08:04] : 難薑蹂掘 2OFF
[15:08:04] : 61,20190124-150805,AL19012141513,,OK,MAX,1,2,AUTO,1.10,4.40,1.77,OK,1.10,4.40,2.00,OK,
[15:08:21] : 難薑蹂掘3 ON
[15:08:28] : 難薑蹂掘3 OFF
[15:08:28] : 難薑蹂掘4 ON
[15:08:35] : 難薑蹂掘4 OFF
[15:08:35] : 61,20190124-150836,AL19012141543,,OK,MAX,2,3,AUTO,1.10,4.40,1.53,OK,1.10,4.40,1.68,OK,
[15:08:44] : REQUEST MEAS. ON
[15:08:51] : REQUEST MEAS. OFF
[15:08:51] : 難薑蹂掘 ON 2
[15:08:58] : 難薑蹂掘 2OFF
[15:08:58] : 61,20190124-150859,AL19012141583,,OK,MAX,1,2,AUTO,1.10,4.40,3.70,OK,1.10,4.40,3.32,OK,
[15:09:15] : 難薑蹂掘3 ON
[15:09:22] : 難薑蹂掘3 OFF
[15:09:22] : 難薑蹂掘4 ON
[15:09:29] : 難薑蹂掘4 OFF
[15:09:29] : 61,20190124-150930,AL19012141663,,OK,MAX,2,3,AUTO,1.10,4.40,3.12,OK,1.10,4.40,2.59,OK,
[15:09:39] : REQUEST MEAS. ON
[15:09:46] : REQUEST MEAS. OFF
[15:09:46] : 難薑蹂掘 ON 2
[15:09:53] : 難薑蹂掘 2OFF
[15:09:53] : 61,20190124-150954,AL19012141693,,OK,MAX,1,2,AUTO,1.10,4.40,1.81,OK,1.10,4.40,2.00,OK,
[15:10:07] : 難薑蹂掘3 ON
[15:10:14] : 難薑蹂掘3 OFF
[15:10:14] : 難薑蹂掘4 ON
[15:10:21] : 難薑蹂掘4 OFF
[15:10:21] : 61,20190124-151022,AL19012141703,,OK,MAX,2,3,AUTO,1.10,4.40,2.62,OK,1.10,4.40,1.98,OK,
[15:10:31] : REQUEST MEAS. ON
[15:10:38] : REQUEST MEAS. OFF
[15:10:38] : 難薑蹂掘 ON 2
[15:10:45] : 難薑蹂掘 2OFF
[15:10:45] : 61,20190124-151046,AL19012141563,,OK,MAX,1,2,AUTO,1.10,4.40,2.31,OK,1.10,4.40,2.21,OK,
[15:11:02] : 難薑蹂掘3 ON
[15:11:09] : 難薑蹂掘3 OFF
[15:11:09] : 難薑蹂掘4 ON
[15:11:17] : 難薑蹂掘4 OFF
[15:11:17] : 61,20190124-151117,AL19012143153,,OK,MAX,2,3,AUTO,1.10,4.40,3.72,OK,1.10,4.40,3.59,OK,
[15:11:26] : REQUEST MEAS. ON
[15:11:33] : REQUEST MEAS. OFF
[15:11:33] : 難薑蹂掘 ON 2
[15:11:41] : 難薑蹂掘 2OFF
[15:11:41] : 61,20190124-151141,AL19012143113,,OK,MAX,1,2,AUTO,1.10,4.40,1.20,OK,1.10,4.40,1.50,OK,
[15:11:54] : 難薑蹂掘3 ON
[15:12:01] : 難薑蹂掘3 OFF
[15:12:01] : 難薑蹂掘4 ON
[15:12:09] : 難薑蹂掘4 OFF
[15:12:09] : 61,20190124-151210,AL19012143213,,OK,MAX,2,3,AUTO,1.10,4.40,1.62,OK,1.10,4.40,1.38,OK,
[15:12:19] : REQUEST MEAS. ON
[15:12:26] : REQUEST MEAS. OFF
[15:12:26] : 難薑蹂掘 ON 2
[15:12:33] : 難薑蹂掘 2OFF
[15:12:33] : 61,20190124-151234,AL19012143183,,OK,MAX,1,2,AUTO,1.10,4.40,2.10,OK,1.10,4.40,2.31,OK,
[15:12:48] : 難薑蹂掘3 ON
[15:12:55] : 難薑蹂掘3 OFF
[15:12:55] : 難薑蹂掘4 ON
[15:13:03] : 難薑蹂掘4 OFF
[15:13:03] : 61,20190124-151303,AL19012143173,,OK,MAX,2,3,AUTO,1.10,4.40,2.22,OK,1.10,4.40,2.08,OK,
[15:13:12] : REQUEST MEAS. ON
[15:13:19] : REQUEST MEAS. OFF
[15:13:19] : 難薑蹂掘 ON 2
[15:13:27] : 難薑蹂掘 2OFF
[15:13:27] : 61,20190124-151327,AL19012143123,,OK,MAX,1,2,AUTO,1.10,4.40,2.89,OK,1.10,4.40,2.51,OK,
[15:13:41] : 難薑蹂掘3 ON
[15:13:48] : 難薑蹂掘3 OFF
[15:13:49] : 難薑蹂掘4 ON
[15:13:57] : 難薑蹂掘4 OFF
[15:13:57] : 61,20190124-151357,AL19012143133,,OK,MAX,2,3,AUTO,1.10,4.40,2.23,OK,1.10,4.40,1.98,OK,
[15:14:06] : REQUEST MEAS. ON
[15:14:13] : REQUEST MEAS. OFF
[15:14:13] : 難薑蹂掘 ON 2
[15:14:21] : 難薑蹂掘 2OFF
[15:14:21] : 61,20190124-151421,AL19012143143,,NG,MAX,1,2,AUTO,1.10,4.40,1.00,NG,1.10,4.40,1.31,OK,
[15:14:35] : 難薑蹂掘3 ON
[15:14:42] : 難薑蹂掘3 OFF
[15:14:42] : 難薑蹂掘4 ON
[15:14:49] : 難薑蹂掘4 OFF
[15:14:49] : 61,20190124-151450,AL19012143163,,OK,MAX,2,3,AUTO,1.10,4.40,1.72,OK,1.10,4.40,1.48,OK,
[15:15:10] : REQUEST MEAS. ON
[15:15:17] : REQUEST MEAS. OFF
[15:15:17] : 難薑蹂掘 ON 2
[15:15:25] : 難薑蹂掘 2OFF
[15:15:25] : 61,20190124-151525,AL19012143103,,OK,MAX,1,2,AUTO,1.10,4.40,1.50,OK,1.10,4.40,1.90,OK,
[15:15:37] : 難薑蹂掘3 ON
[15:15:44] : 難薑蹂掘3 OFF
[15:15:44] : 難薑蹂掘4 ON
[15:15:51] : 難薑蹂掘4 OFF
[15:15:51] : 61,20190124-151552,AL19012243241,,OK,MAX,2,3,AUTO,1.10,4.40,3.61,OK,1.10,4.40,3.10,OK,
[15:16:01] : REQUEST MEAS. ON
[15:16:08] : REQUEST MEAS. OFF
[15:16:08] : 難薑蹂掘 ON 2
[15:16:15] : 難薑蹂掘 2OFF
[15:16:15] : 61,20190124-151616,AL19012243251,,OK,MAX,1,2,AUTO,1.10,4.40,1.50,OK,1.10,4.40,1.31,OK,
[15:16:26] : 難薑蹂掘3 ON
[15:16:33] : 難薑蹂掘3 OFF
[15:16:33] : 難薑蹂掘4 ON
[15:16:41] : 難薑蹂掘4 OFF
[15:16:41] : 61,20190124-151641,AL19012243261,,OK,MAX,2,3,AUTO,1.10,4.40,1.93,OK,1.10,4.40,1.89,OK,
[15:16:50] : REQUEST MEAS. ON
[15:16:57] : REQUEST MEAS. OFF
[15:16:57] : 難薑蹂掘 ON 2
[15:17:05] : 難薑蹂掘 2OFF
[15:17:05] : 61,20190124-151705,AL19012243271,,OK,MAX,1,2,AUTO,1.10,4.40,1.90,OK,1.10,4.40,2.00,OK,
[15:17:16] : 難薑蹂掘3 ON
[15:17:24] : 難薑蹂掘3 OFF
[15:17:24] : 難薑蹂掘4 ON
[15:17:31] : 難薑蹂掘4 OFF
[15:17:31] : 61,20190124-151731,,,OK,MAX,2,3,AUTO,1.10,4.40,2.43,OK,1.10,4.40,2.28,OK,
[15:17:40] : REQUEST MEAS. ON
[15:17:47] : REQUEST MEAS. OFF
[15:17:47] : 難薑蹂掘 ON 2
[15:17:55] : 難薑蹂掘 2OFF
[15:17:55] : 61,20190124-151755,AL19012243231,,OK,MAX,1,2,AUTO,1.10,4.40,1.90,OK,1.10,4.40,1.92,OK,
[15:18:10] : 難薑蹂掘3 ON
[15:18:17] : 難薑蹂掘3 OFF
[15:18:17] : 難薑蹂掘4 ON
[15:18:24] : 難薑蹂掘4 OFF
[15:18:24] : 61,20190124-151825,AL19012243311,,OK,MAX,2,3,AUTO,1.10,4.40,2.53,OK,1.10,4.40,1.98,OK,
[15:19:05] : REQUEST MEAS. ON
[15:19:12] : REQUEST MEAS. OFF
[15:19:12] : 難薑蹂掘 ON 2
[15:19:19] : 難薑蹂掘 2OFF
[15:19:19] : 61,20190124-151919,AL19012243341,,OK,MAX,1,2,AUTO,1.10,4.40,3.09,OK,1.10,4.40,3.02,OK,
[15:19:57] : REQUEST MEAS. ON
[15:20:04] : REQUEST MEAS. OFF
[15:20:04] : 難薑蹂掘 ON 2
[15:20:11] : 難薑蹂掘 2OFF
[15:20:11] : 61,20190124-152011,AL19012131603,,OK,MAX,1,2,AUTO,1.10,4.40,2.10,OK,1.10,4.40,2.31,OK,
[15:20:21] : 難薑蹂掘3 ON
[15:20:28] : 難薑蹂掘3 OFF
[15:20:28] : 難薑蹂掘4 ON
[15:20:36] : 難薑蹂掘4 OFF
[15:20:36] : 61,20190124-152036,AL19012131593,,OK,MAX,2,3,AUTO,1.10,4.40,2.12,OK,1.10,4.40,1.68,OK,
[15:21:35] : REQUEST MEAS. ON
[15:21:42] : REQUEST MEAS. OFF
[15:21:42] : 難薑蹂掘 ON 2
[15:21:49] : 難薑蹂掘 2OFF
[15:21:49] : 61,20190124-152149,AL19012131633,,OK,MAX,1,2,AUTO,1.10,4.40,1.49,OK,1.10,4.40,1.91,OK,
[15:22:00] : 難薑蹂掘3 ON
[15:22:07] : 難薑蹂掘3 OFF
[15:22:07] : 難薑蹂掘4 ON
[15:22:14] : 難薑蹂掘4 OFF
[15:22:14] : 61,20190124-152215,AL19012131623,,OK,MAX,2,3,AUTO,1.10,4.40,1.93,OK,1.10,4.40,1.78,OK,
[15:22:49] : REQUEST MEAS. ON
[15:22:56] : REQUEST MEAS. OFF
[15:22:56] : 難薑蹂掘 ON 2
[15:23:03] : 難薑蹂掘 2OFF
[15:23:03] : 61,20190124-152304,AL19012131483,,OK,MAX,1,2,AUTO,1.10,4.40,3.70,OK,1.10,4.40,3.52,OK,
[15:23:15] : 難薑蹂掘3 ON
[15:23:22] : 難薑蹂掘3 OFF
[15:23:22] : 難薑蹂掘4 ON
[15:23:29] : 難薑蹂掘4 OFF
[15:23:29] : 61,20190124-152330,AL19012131493,,OK,MAX,2,3,AUTO,1.10,4.40,3.22,OK,1.10,4.40,2.28,OK,
[15:23:39] : REQUEST MEAS. ON
[15:23:46] : REQUEST MEAS. OFF
[15:23:46] : 難薑蹂掘 ON 2
[15:23:53] : 難薑蹂掘 2OFF
[15:23:53] : 61,20190124-152354,AL19012131463,,OK,MAX,1,2,AUTO,1.10,4.40,1.90,OK,1.10,4.40,1.81,OK,
[15:24:04] : 難薑蹂掘3 ON
[15:24:12] : 難薑蹂掘3 OFF
[15:24:12] : 難薑蹂掘4 ON
[15:24:19] : 難薑蹂掘4 OFF
[15:24:19] : 61,20190124-152419,AL19012131503,,OK,MAX,2,3,AUTO,1.10,4.40,2.12,OK,1.10,4.40,1.89,OK,
[15:24:28] : REQUEST MEAS. ON
[15:24:35] : REQUEST MEAS. OFF
[15:24:35] : 難薑蹂掘 ON 2
[15:24:43] : 難薑蹂掘 2OFF
[15:24:43] : 61,20190124-152444,AL19012131323,,OK,MAX,1,2,AUTO,1.10,4.40,1.50,OK,1.10,4.40,1.61,OK,
[15:24:53] : 難薑蹂掘3 ON
[15:25:00] : 難薑蹂掘3 OFF
[15:25:00] : 難薑蹂掘4 ON
[15:25:07] : 難薑蹂掘4 OFF
[15:25:07] : 61,20190124-152507,AL19012131373,,OK,MAX,2,3,AUTO,1.10,4.40,3.72,OK,1.10,4.40,3.10,OK,
[15:25:18] : REQUEST MEAS. ON
[15:25:26] : REQUEST MEAS. OFF
[15:25:26] : 難薑蹂掘 ON 2
[15:25:33] : 難薑蹂掘 2OFF
[15:25:33] : 61,20190124-152534,AL19012131363,,NG,MAX,1,0,AUTO,1.10,4.40,0.60,NG,1.10,4.40,0.90,NG,
[15:25:42] : 難薑蹂掘3 ON
[15:25:49] : 難薑蹂掘3 OFF
[15:25:50] : 難薑蹂掘4 ON
[15:25:57] : 難薑蹂掘4 OFF
[15:25:57] : 61,20190124-152558,AL19012131343,,OK,MAX,2,3,AUTO,1.10,4.40,2.12,OK,1.10,4.40,2.08,OK,
[15:26:37] : REQUEST MEAS. ON
[15:26:44] : REQUEST MEAS. OFF
[15:26:44] : 難薑蹂掘 ON 2
[15:26:51] : 難薑蹂掘 2OFF
[15:26:51] : 61,20190124-152652,AL19012131383,,OK,MAX,1,2,AUTO,1.10,4.40,3.30,OK,1.10,4.40,2.71,OK,
[15:27:05] : 難薑蹂掘3 ON
[15:27:12] : 難薑蹂掘3 OFF
[15:27:12] : 難薑蹂掘4 ON
[15:27:19] : 難薑蹂掘4 OFF
[15:27:19] : 61,20190124-152720,AL19012131393,,OK,MAX,2,3,AUTO,1.10,4.40,2.03,OK,1.10,4.40,2.09,OK,
[15:27:31] : REQUEST MEAS. ON
[15:27:38] : REQUEST MEAS. OFF
[15:27:38] : 難薑蹂掘 ON 2
[15:27:45] : 難薑蹂掘 2OFF
[15:27:45] : 61,20190124-152746,AL19012131403,,OK,MAX,1,2,AUTO,1.10,4.40,2.00,OK,1.10,4.40,2.00,OK,
[15:27:59] : 難薑蹂掘3 ON
[15:28:06] : 難薑蹂掘3 OFF
[15:28:06] : 難薑蹂掘4 ON
[15:28:13] : 難薑蹂掘4 OFF
[15:28:13] : 61,20190124-152814,AL19012131413,,OK,MAX,2,3,AUTO,1.10,4.40,2.62,OK,1.10,4.40,1.79,OK,
[15:28:23] : REQUEST MEAS. ON
[15:28:30] : REQUEST MEAS. OFF
[15:28:30] : 難薑蹂掘 ON 2
[15:28:37] : 難薑蹂掘 2OFF
[15:28:37] : 61,20190124-152838,AL19012131423,,NG,MAX,1,2,AUTO,1.10,4.40,1.00,NG,1.10,4.40,1.61,OK,
[15:28:52] : 難薑蹂掘3 ON
[15:28:59] : 難薑蹂掘3 OFF
[15:28:59] : 難薑蹂掘4 ON
[15:29:06] : 難薑蹂掘4 OFF
[15:29:06] : 61,20190124-152907,AL19012130073,,OK,MAX,2,3,AUTO,1.10,4.40,3.42,OK,1.10,4.40,2.38,OK,
[15:29:45] : REQUEST MEAS. ON
[15:29:52] : REQUEST MEAS. OFF
[15:29:52] : 難薑蹂掘 ON 2
[15:29:59] : 難薑蹂掘 2OFF
[15:29:59] : 61,20190124-152959,AL19012142563,,OK,MAX,1,2,AUTO,1.10,4.40,2.60,OK,1.10,4.40,2.71,OK,
[15:30:09] : 難薑蹂掘3 ON
[15:30:16] : 難薑蹂掘3 OFF
[15:30:16] : 難薑蹂掘4 ON
[15:30:24] : 難薑蹂掘4 OFF
[15:30:24] : 61,20190124-153024,AL19012142553,,OK,MAX,2,3,AUTO,1.10,4.40,1.93,OK,1.10,4.40,1.49,OK,
[15:30:38] : REQUEST MEAS. ON
[15:30:45] : REQUEST MEAS. OFF
[15:30:45] : 難薑蹂掘 ON 2
[15:30:52] : 難薑蹂掘 2OFF
[15:30:52] : 61,20190124-153053,AL19012142543,,OK,MAX,1,2,AUTO,1.10,4.40,2.20,OK,1.10,4.40,2.21,OK,
[15:35:24] : REQUEST MEAS. ON
[15:35:31] : REQUEST MEAS. OFF
[15:35:31] : 難薑蹂掘 ON 2
[15:35:38] : 難薑蹂掘 2OFF
[15:35:38] : 61,20190124-153539,AL19012130143,,OK,MAX,1,2,AUTO,1.10,4.40,2.70,OK,1.10,4.40,2.61,OK,
[15:35:54] : 難薑蹂掘3 ON
[15:36:01] : 難薑蹂掘3 OFF
[15:36:01] : 難薑蹂掘4 ON
[15:36:09] : 難薑蹂掘4 OFF
[15:36:09] : 61,20190124-153610,AL19012130383,,OK,MAX,2,3,AUTO,1.10,4.40,2.03,OK,1.10,4.40,1.68,OK,
[15:37:23] : REQUEST MEAS. ON
[15:37:30] : REQUEST MEAS. OFF
[15:37:30] : 難薑蹂掘 ON 2
[15:37:37] : 難薑蹂掘 2OFF
[15:37:37] : 61,20190124-153738,AL19012130373,,OK,MAX,1,2,AUTO,1.10,4.40,2.00,OK,1.10,4.40,2.00,OK,
[15:37:46] : 難薑蹂掘3 ON
[15:37:53] : 難薑蹂掘3 OFF
[15:37:53] : 難薑蹂掘4 ON
[15:38:01] : 難薑蹂掘4 OFF
[15:38:01] : 61,20190124-153801,AL19012130363,,OK,MAX,2,3,AUTO,1.10,4.40,2.03,OK,1.10,4.40,1.49,OK,
[15:38:12] : REQUEST MEAS. ON
[15:38:19] : REQUEST MEAS. OFF
[15:38:19] : 難薑蹂掘 ON 2
[15:38:27] : 難薑蹂掘 2OFF
[15:38:27] : 61,20190124-153827,AL19012130103,,OK,MAX,1,2,AUTO,1.10,4.40,3.70,OK,1.10,4.40,3.71,OK,
[15:38:35] : 難薑蹂掘3 ON
[15:38:42] : 難薑蹂掘3 OFF
[15:38:42] : 難薑蹂掘4 ON
[15:38:50] : 難薑蹂掘4 OFF
[15:38:50] : 61,20190124-153850,AL19012141233,,OK,MAX,2,3,AUTO,1.10,4.40,1.52,OK,1.10,4.40,1.28,OK,
[15:39:02] : REQUEST MEAS. ON
[15:39:09] : REQUEST MEAS. OFF
[15:39:09] : 難薑蹂掘 ON 2
[15:39:16] : 難薑蹂掘 2OFF
[15:39:16] : 61,20190124-153917,AL19012141223,,OK,MAX,1,2,AUTO,1.10,4.40,2.00,OK,1.10,4.40,2.21,OK,
[15:39:25] : 難薑蹂掘3 ON
[15:39:32] : 難薑蹂掘3 OFF
[15:39:32] : 難薑蹂掘4 ON
[15:39:39] : 難薑蹂掘4 OFF
[15:39:39] : 61,20190124-153940,AL19012141243,,OK,MAX,2,3,AUTO,1.10,4.40,1.82,OK,1.10,4.40,1.59,OK,
[15:39:51] : REQUEST MEAS. ON
[15:39:58] : REQUEST MEAS. OFF
[15:39:58] : 難薑蹂掘 ON 2
[15:40:05] : 難薑蹂掘 2OFF
[15:40:05] : 61,20190124-154006,AL19012141323,,OK,MAX,1,2,AUTO,1.10,4.40,2.31,OK,1.10,4.40,2.11,OK,
[15:40:13] : 難薑蹂掘3 ON
[15:40:21] : 難薑蹂掘3 OFF
[15:40:21] : 難薑蹂掘4 ON
[15:40:28] : 難薑蹂掘4 OFF
[15:40:28] : 61,20190124-154028,AL19012141213,,OK,MAX,2,3,AUTO,1.10,4.40,2.03,OK,1.10,4.40,1.78,OK,
[15:40:39] : REQUEST MEAS. ON
[15:40:46] : REQUEST MEAS. OFF
[15:40:46] : 難薑蹂掘 ON 2
[15:40:53] : 難薑蹂掘 2OFF
[15:40:53] : 61,20190124-154054,AL19012141253,,NG,MAX,1,0,AUTO,1.10,4.40,0.40,NG,1.10,4.40,0.70,NG,
[15:41:03] : 難薑蹂掘3 ON
[15:41:10] : 難薑蹂掘3 OFF
[15:41:10] : 難薑蹂掘4 ON
[15:41:17] : 難薑蹂掘4 OFF
[15:41:17] : 61,20190124-154117,AL19012141263,,OK,MAX,2,3,AUTO,1.10,4.40,3.02,OK,1.10,4.40,2.39,OK,
[15:41:28] : REQUEST MEAS. ON
[15:41:35] : REQUEST MEAS. OFF
[15:41:35] : 難薑蹂掘 ON 2
[15:41:43] : 難薑蹂掘 2OFF
[15:41:43] : 61,20190124-154144,AL19012141273,,OK,MAX,1,2,AUTO,1.10,4.40,2.50,OK,1.10,4.40,2.81,OK,
[15:41:52] : 難薑蹂掘3 ON
[15:41:59] : 難薑蹂掘3 OFF
[15:41:59] : 難薑蹂掘4 ON
[15:42:06] : 難薑蹂掘4 OFF
[15:42:06] : 61,20190124-154207,AL19012141283,,OK,MAX,2,3,AUTO,1.10,4.40,2.12,OK,1.10,4.40,1.78,OK,
[15:42:48] : REQUEST MEAS. ON
[15:42:55] : REQUEST MEAS. OFF
[15:42:55] : 難薑蹂掘 ON 2
[15:43:02] : 難薑蹂掘 2OFF
[15:43:02] : 61,20190124-154303,AL19012141313,,OK,MAX,1,2,AUTO,1.10,4.40,2.31,OK,1.10,4.40,2.21,OK,
[15:43:04] : 難薑蹂掘3 ON
[15:43:11] : 難薑蹂掘3 OFF
[15:43:11] : 難薑蹂掘4 ON
[15:43:19] : 難薑蹂掘4 OFF
[15:43:19] : 61,20190124-154319,AL19012143243,,OK,MAX,2,3,AUTO,1.10,4.40,2.32,OK,1.10,4.40,2.19,OK,
[15:43:30] : REQUEST MEAS. ON
[15:43:37] : REQUEST MEAS. OFF
[15:43:37] : 難薑蹂掘 ON 2
[15:43:45] : 難薑蹂掘 2OFF
[15:43:45] : 61,20190124-154345,AL19012143193,,OK,MAX,1,2,AUTO,1.10,4.40,2.10,OK,1.10,4.40,2.21,OK,
[15:43:46] : 難薑蹂掘3 ON
[15:43:53] : 難薑蹂掘3 OFF
[15:43:53] : 難薑蹂掘4 ON
[15:44:01] : 難薑蹂掘4 OFF
[15:44:01] : 61,20190124-154401,AL19012143223,,OK,MAX,2,3,AUTO,1.10,4.40,3.12,OK,1.10,4.40,3.00,OK,
[15:44:13] : REQUEST MEAS. ON
[15:44:20] : REQUEST MEAS. OFF
[15:44:20] : 難薑蹂掘 ON 2
[15:44:27] : 難薑蹂掘 2OFF
[15:44:27] : 61,20190124-154428,AL19012143233,,NG,MAX,1,2,AUTO,1.10,4.40,1.10,NG,1.10,4.40,1.40,OK,
[15:44:29] : 難薑蹂掘3 ON
[15:44:36] : 難薑蹂掘3 OFF
[15:44:36] : 難薑蹂掘4 ON
[15:44:44] : 難薑蹂掘4 OFF
[15:44:44] : 61,20190124-154444,AL19012143203,,NG,MAX,2,2,AUTO,1.10,4.40,1.23,OK,1.10,4.40,0.88,NG,
[15:46:48] : REQUEST MEAS. ON
[15:46:56] : REQUEST MEAS. OFF
[15:46:56] : 難薑蹂掘 ON 2
[15:47:03] : 難薑蹂掘 2OFF
[15:47:03] : 61,20190124-154704,AL19012143303,,OK,MAX,1,2,AUTO,1.10,4.40,3.59,OK,1.10,4.40,4.10,OK,
[15:47:50] : REQUEST MEAS. ON
[15:47:57] : REQUEST MEAS. OFF
[15:47:57] : 難薑蹂掘 ON 2
[15:48:05] : 難薑蹂掘 2OFF
[15:48:05] : 61,20190124-154805,AL19012143333,,OK,MAX,1,2,AUTO,1.10,4.40,1.90,OK,1.10,4.40,2.21,OK,
[15:49:02] : REQUEST MEAS. ON
[15:49:09] : REQUEST MEAS. OFF
[15:49:09] : 難薑蹂掘 ON 2
[15:49:17] : 難薑蹂掘 2OFF
[15:49:17] : 61,20190124-154918,AL19012143353,,OK,MAX,1,2,AUTO,1.10,4.40,3.60,OK,1.10,4.40,4.10,OK,
[15:52:26] : REQUEST MEAS. ON
[15:52:33] : REQUEST MEAS. OFF
[15:52:33] : 難薑蹂掘 ON 2
[15:52:41] : 難薑蹂掘 2OFF
[15:52:41] : 61,20190124-155242,AL19012141593,,OK,MAX,1,2,AUTO,1.10,4.40,3.39,OK,1.10,4.40,3.21,OK,
[15:53:03] : 難薑蹂掘3 ON
[15:53:10] : 難薑蹂掘3 OFF
[15:53:10] : 難薑蹂掘4 ON
[15:53:17] : 難薑蹂掘4 OFF
[15:53:17] : 61,20190124-155318,AL19012141633,,OK,MAX,2,3,AUTO,1.10,4.40,2.43,OK,1.10,4.40,1.89,OK,
[15:53:26] : REQUEST MEAS. ON
[15:53:33] : REQUEST MEAS. OFF
[15:53:33] : 難薑蹂掘 ON 2
[15:53:40] : 難薑蹂掘 2OFF
[15:53:40] : 61,20190124-155340,AL19012141643,,OK,MAX,1,2,AUTO,1.10,4.40,2.21,OK,1.10,4.40,1.81,OK,
[15:53:54] : 難薑蹂掘3 ON
[15:54:01] : 難薑蹂掘3 OFF
[15:54:01] : 難薑蹂掘4 ON
[15:54:09] : 難薑蹂掘4 OFF
[15:54:09] : 61,20190124-155410,AL19012141653,,OK,MAX,2,3,AUTO,1.10,4.40,2.91,OK,1.10,4.40,2.19,OK,
[15:54:48] : REQUEST MEAS. ON
[15:54:55] : REQUEST MEAS. OFF
[15:54:55] : 難薑蹂掘 ON 2
[15:55:02] : 難薑蹂掘 2OFF
[15:55:02] : 61,20190124-155503,AL19012141743,,OK,MAX,1,2,AUTO,1.10,4.40,2.71,OK,1.10,4.40,2.92,OK,
[15:55:13] : 難薑蹂掘3 ON
[15:55:20] : 難薑蹂掘3 OFF
[15:55:20] : 難薑蹂掘4 ON
[15:55:27] : 難薑蹂掘4 OFF
[15:55:27] : 61,20190124-155528,AL19012141623,,OK,MAX,2,3,AUTO,1.10,4.40,3.41,OK,1.10,4.40,2.80,OK,
[15:57:12] : REQUEST MEAS. ON
[15:57:19] : REQUEST MEAS. OFF
[15:57:19] : 難薑蹂掘 ON 2
[15:57:27] : 難薑蹂掘 2OFF
[15:57:27] : 61,20190124-155727,AL19012141613,,OK,MAX,1,2,AUTO,1.10,4.40,2.40,OK,1.10,4.40,2.50,OK,
[15:57:38] : 難薑蹂掘3 ON
[15:57:45] : 難薑蹂掘3 OFF
[15:57:45] : 難薑蹂掘4 ON
[15:57:53] : 難薑蹂掘4 OFF
[15:57:53] : 61,20190124-155754,AL19012141603,,OK,MAX,2,3,AUTO,1.10,4.40,2.43,OK,1.10,4.40,1.99,OK,
[15:58:03] : REQUEST MEAS. ON
[15:58:10] : REQUEST MEAS. OFF
[15:58:10] : 難薑蹂掘 ON 2
[15:58:17] : 難薑蹂掘 2OFF
[15:58:17] : 61,20190124-155818,AL19012140403,,OK,MAX,1,2,AUTO,1.10,4.40,3.10,OK,1.10,4.40,2.61,OK,
[15:58:28] : 難薑蹂掘3 ON
[15:58:35] : 難薑蹂掘3 OFF
[15:58:35] : 難薑蹂掘4 ON
[15:58:43] : 難薑蹂掘4 OFF
[15:58:43] : 61,20190124-155843,AL19012140393,,OK,MAX,2,3,AUTO,1.10,4.40,3.61,OK,1.10,4.40,2.80,OK,
[15:58:54] : REQUEST MEAS. ON
[15:59:01] : REQUEST MEAS. OFF
[15:59:01] : 難薑蹂掘 ON 2
[15:59:08] : 難薑蹂掘 2OFF
[15:59:08] : 61,20190124-155909,AL19012140433,,OK,MAX,1,2,AUTO,1.10,4.40,1.90,OK,1.10,4.40,1.92,OK,
[15:59:27] : 難薑蹂掘3 ON
[15:59:34] : 難薑蹂掘3 OFF
[15:59:34] : 難薑蹂掘4 ON
[15:59:41] : 難薑蹂掘4 OFF
[15:59:41] : 61,20190124-155942,AL19012140373,,OK,MAX,2,3,AUTO,1.10,4.40,2.43,OK,1.10,4.40,1.99,OK,
[15:59:49] : REQUEST MEAS. ON
[15:59:56] : REQUEST MEAS. OFF
[15:59:57] : 難薑蹂掘 ON 2
[16:00:04] : 難薑蹂掘 2OFF
[16:00:04] : 61,20190124-160004,AL19012140383,,OK,MAX,1,2,AUTO,1.10,4.40,3.49,OK,1.10,4.40,3.32,OK,
[16:00:27] : 難薑蹂掘3 ON
[16:00:34] : 難薑蹂掘3 OFF
[16:00:34] : 難薑蹂掘4 ON
[16:00:41] : 難薑蹂掘4 OFF
[16:00:41] : 61,20190124-160041,AL19012140413,,OK,MAX,2,3,AUTO,1.10,4.40,2.32,OK,1.10,4.40,1.99,OK,
[16:00:50] : REQUEST MEAS. ON
[16:00:57] : REQUEST MEAS. OFF
[16:00:57] : 難薑蹂掘 ON 2
[16:01:05] : 難薑蹂掘 2OFF
[16:01:05] : 61,20190124-160105,AL19012140283,,OK,MAX,1,2,AUTO,1.10,4.40,1.49,OK,1.10,4.40,1.20,OK,
[16:01:17] : 難薑蹂掘3 ON
[16:01:24] : 難薑蹂掘3 OFF
[16:01:24] : 難薑蹂掘4 ON
[16:01:31] : 難薑蹂掘4 OFF
[16:01:31] : 61,20190124-160132,AL19012140273,,OK,MAX,2,3,AUTO,1.10,4.40,2.73,OK,1.10,4.40,1.78,OK,
[16:01:39] : REQUEST MEAS. ON
[16:01:47] : REQUEST MEAS. OFF
[16:01:47] : 難薑蹂掘 ON 2
[16:01:54] : 難薑蹂掘 2OFF
[16:01:54] : 61,20190124-160154,AL19012140293,,OK,MAX,1,2,AUTO,1.10,4.40,1.90,OK,1.10,4.40,1.90,OK,
[16:02:07] : 難薑蹂掘3 ON
[16:02:14] : 難薑蹂掘3 OFF
[16:02:14] : 難薑蹂掘4 ON
[16:02:21] : 難薑蹂掘4 OFF
[16:02:21] : 61,20190124-160221,AL19012140303,,OK,MAX,2,3,AUTO,1.10,4.40,2.12,OK,1.10,4.40,1.49,OK,
[16:06:19] : AUTO RUNNING OFF
[16:09:21] : MEAS ESC ON
[16:09:21] : MEAS ESC OFF
[16:09:21] : AUTO RUNNING ON
[16:09:40] : REQUEST MEAS. ON
[16:09:47] : REQUEST MEAS. OFF
[16:09:47] : 難薑蹂掘 ON 2
[16:09:54] : 難薑蹂掘 2OFF
[16:09:54] : 61,20190124-160955,AL19012243401,,OK,MAX,1,2,AUTO,1.10,4.40,1.49,OK,1.10,4.40,1.71,OK,
[16:10:10] : AUTO RUNNING OFF
[16:10:16] : MEAS ESC ON
[16:10:17] : MEAS ESC OFF
[16:10:17] : AUTO RUNNING ON
[16:11:17] : REQUEST MEAS. ON
[16:11:24] : REQUEST MEAS. OFF
[16:11:24] : 難薑蹂掘 ON 2
[16:11:31] : 難薑蹂掘 2OFF
[16:11:31] : 61,20190124-161132,AL19012243411,,OK,MAX,1,2,AUTO,1.10,4.40,1.20,OK,1.10,4.40,1.40,OK,
[16:11:31] : 難薑蹂掘3 ON
[16:11:39] : 難薑蹂掘3 OFF
[16:11:39] : 難薑蹂掘4 ON
[16:11:47] : 難薑蹂掘4 OFF
[16:11:47] : 61,20190124-161147,AL19012243391,,NG,MAX,2,2,AUTO,1.10,4.40,0.32,NG,1.10,4.40,0.28,NG,
[16:12:00] : REQUEST MEAS. ON
[16:12:07] : REQUEST MEAS. OFF
[16:12:07] : 難薑蹂掘 ON 2
[16:12:15] : 難薑蹂掘 2OFF
[16:12:15] : 61,20190124-161215,AL19012243351,,OK,MAX,1,2,AUTO,1.10,4.40,1.20,OK,1.10,4.40,1.30,OK,
[16:12:19] : 難薑蹂掘3 ON
[16:12:26] : 難薑蹂掘3 OFF
[16:12:26] : 難薑蹂掘4 ON
[16:12:33] : 難薑蹂掘4 OFF
[16:12:33] : 61,20190124-161234,AL19012243421,,OK,MAX,2,3,AUTO,1.10,4.40,2.62,OK,1.10,4.40,1.99,OK,
[16:12:43] : REQUEST MEAS. ON
[16:12:50] : REQUEST MEAS. OFF
[16:12:50] : 難薑蹂掘 ON 2
[16:12:57] : 難薑蹂掘 2OFF
[16:12:57] : 61,20190124-161258,AL19012243381,,OK,MAX,1,2,AUTO,1.10,4.40,2.00,OK,1.10,4.40,1.92,OK,
[16:13:01] : 難薑蹂掘3 ON
[16:13:08] : 難薑蹂掘3 OFF
[16:13:08] : 難薑蹂掘4 ON
[16:13:15] : 難薑蹂掘4 OFF
[16:13:15] : 61,20190124-161316,AL19012243431,,OK,MAX,2,3,AUTO,1.10,4.40,3.52,OK,1.10,4.40,2.70,OK,
[16:13:26] : REQUEST MEAS. ON
[16:13:34] : REQUEST MEAS. OFF
[16:13:34] : 難薑蹂掘 ON 2
[16:13:41] : 難薑蹂掘 2OFF
[16:13:41] : 61,20190124-161342,AL19012243441,,OK,MAX,1,2,AUTO,1.10,4.40,1.70,OK,1.10,4.40,1.50,OK,
[16:13:45] : 難薑蹂掘3 ON
[16:13:52] : 難薑蹂掘3 OFF
[16:13:52] : 難薑蹂掘4 ON
[16:13:59] : 難薑蹂掘4 OFF
[16:13:59] : 61,20190124-161400,AL19012243361,,OK,MAX,2,3,AUTO,1.10,4.40,2.12,OK,1.10,4.40,1.79,OK,
[16:14:09] : REQUEST MEAS. ON
[16:14:16] : REQUEST MEAS. OFF
[16:14:16] : 難薑蹂掘 ON 2
[16:14:24] : 難薑蹂掘 2OFF
[16:14:24] : 61,20190124-161424,AL19012140583,,OK,MAX,1,2,AUTO,1.10,4.40,1.90,OK,1.10,4.40,1.71,OK,
[16:14:26] : 難薑蹂掘3 ON
[16:14:33] : 難薑蹂掘3 OFF
[16:14:33] : 難薑蹂掘4 ON
[16:14:41] : 難薑蹂掘4 OFF
[16:14:41] : 61,20190124-161442,AL19012140523,,OK,MAX,2,3,AUTO,1.10,4.40,2.43,OK,1.10,4.40,1.89,OK,
[16:14:51] : REQUEST MEAS. ON
[16:14:59] : REQUEST MEAS. OFF
[16:14:59] : 難薑蹂掘 ON 2
[16:15:06] : 難薑蹂掘 2OFF
[16:15:06] : 61,20190124-161507,AL19012140533,,OK,MAX,1,2,AUTO,1.10,4.40,3.49,OK,1.10,4.40,2.61,OK,
[16:15:09] : 難薑蹂掘3 ON
[16:15:17] : 難薑蹂掘3 OFF
[16:15:17] : 難薑蹂掘4 ON
[16:15:24] : 難薑蹂掘4 OFF
[16:15:24] : 61,20190124-161524,AL19012140553,,OK,MAX,2,3,AUTO,1.10,4.40,2.53,OK,1.10,4.40,1.59,OK,
[16:16:36] : Plc Error Timer
[16:16:36] : MEAS ESC ON
[16:16:36] : AUTO RUNNING OFF
[16:19:41] : Plc Error Timer
[16:24:13] : MEAS ESC OFF
[16:29:00] : MEAS ESC ON
[16:29:01] : MEAS ESC OFF
[16:29:01] : AUTO RUNNING ON
[16:32:06] : REQUEST MEAS. ON
[16:32:13] : REQUEST MEAS. OFF
[16:32:13] : 難薑蹂掘 ON 2
[16:32:21] : 難薑蹂掘 2OFF
[16:32:21] : 61,20190124-163221,AL19012141783,,OK,MAX,1,2,AUTO,1.10,4.40,2.00,OK,1.10,4.40,2.00,OK,
[16:32:31] : 難薑蹂掘3 ON
[16:32:38] : 難薑蹂掘3 OFF
[16:32:38] : 難薑蹂掘4 ON
[16:32:46] : 難薑蹂掘4 OFF
[16:32:46] : 61,20190124-163246,AL19012141803,,OK,MAX,2,3,AUTO,1.10,4.40,2.53,OK,1.10,4.40,1.88,OK,
[16:32:55] : REQUEST MEAS. ON
[16:33:02] : REQUEST MEAS. OFF
[16:33:02] : 難薑蹂掘 ON 2
[16:33:10] : 難薑蹂掘 2OFF
[16:33:10] : 61,20190124-163311,AL19012141813,,OK,MAX,1,2,AUTO,1.10,4.40,2.00,OK,1.10,4.40,1.81,OK,
[16:33:21] : 難薑蹂掘3 ON
[16:33:28] : 難薑蹂掘3 OFF
[16:33:28] : 難薑蹂掘4 ON
[16:33:35] : 難薑蹂掘4 OFF
[16:33:35] : 61,20190124-163336,AL19012141823,,OK,MAX,2,3,AUTO,1.10,4.40,3.92,OK,1.10,4.40,3.41,OK,
[16:33:45] : REQUEST MEAS. ON
[16:33:52] : REQUEST MEAS. OFF
[16:33:52] : 難薑蹂掘 ON 2
[16:34:00] : 難薑蹂掘 2OFF
[16:34:00] : 61,20190124-163400,AL19012130093,,OK,MAX,1,2,AUTO,1.10,4.40,2.21,OK,1.10,4.40,2.00,OK,
[16:39:00] : 難薑蹂掘3 ON
[16:39:07] : 難薑蹂掘3 OFF
[16:39:07] : 難薑蹂掘4 ON
[16:39:15] : 難薑蹂掘4 OFF
[16:39:15] : 61,20190124-163915,AL19012141833,,OK,MAX,2,3,AUTO,1.10,4.40,3.92,OK,1.10,4.40,3.30,OK,
[16:39:16] : REQUEST MEAS. ON
[16:39:23] : REQUEST MEAS. OFF
[16:39:23] : 難薑蹂掘 ON 2
[16:39:31] : 難薑蹂掘 2OFF
[16:39:31] : 61,20190124-163931,AL19012130083,,OK,MAX,1,2,AUTO,1.10,4.40,2.31,OK,1.10,4.40,2.21,OK,
[16:39:42] : 難薑蹂掘3 ON
[16:39:49] : 難薑蹂掘3 OFF
[16:39:49] : 難薑蹂掘4 ON
[16:39:57] : 難薑蹂掘4 OFF
[16:39:57] : 61,20190124-163957,AL19012130193,,OK,MAX,2,3,AUTO,1.10,4.40,3.03,OK,1.10,4.40,2.09,OK,
[16:40:00] : REQUEST MEAS. ON
[16:40:07] : REQUEST MEAS. OFF
[16:40:07] : 難薑蹂掘 ON 2
[16:40:15] : 難薑蹂掘 2OFF
[16:40:15] : 61,20190124-164016,AL19012130173,,OK,MAX,1,2,AUTO,1.10,4.40,1.60,OK,1.10,4.40,1.50,OK,
[16:40:25] : 難薑蹂掘3 ON
[16:40:32] : 難薑蹂掘3 OFF
[16:40:32] : 難薑蹂掘4 ON
[16:40:39] : 難薑蹂掘4 OFF
[16:40:39] : 61,20190124-164040,AL19012130043,,OK,MAX,2,3,AUTO,1.10,4.40,3.72,OK,1.10,4.40,3.00,OK,
[16:40:43] : REQUEST MEAS. ON
[16:40:50] : REQUEST MEAS. OFF
[16:40:50] : 難薑蹂掘 ON 2
[16:40:58] : 難薑蹂掘 2OFF
[16:40:58] : 61,20190124-164058,AL19012130053,,OK,MAX,1,2,AUTO,1.10,4.40,3.30,OK,1.10,4.40,2.71,OK,
[16:41:14] : 難薑蹂掘3 ON
[16:41:21] : 難薑蹂掘3 OFF
[16:41:21] : 難薑蹂掘4 ON
[16:41:29] : 難薑蹂掘4 OFF
[16:41:29] : 61,20190124-164130,AL19012130063,,OK,MAX,2,3,AUTO,1.10,4.40,2.12,OK,1.10,4.40,1.78,OK,
[16:42:40] : REQUEST MEAS. ON
[16:42:48] : REQUEST MEAS. OFF
[16:42:48] : 難薑蹂掘 ON 2
[16:42:55] : 難薑蹂掘 2OFF
[16:42:55] : 61,20190124-164255,AL19012130213,,OK,MAX,1,2,AUTO,1.10,4.40,3.09,OK,1.10,4.40,3.11,OK,
[16:42:55] : 難薑蹂掘3 ON
[16:43:03] : 難薑蹂掘3 OFF
[16:43:03] : 難薑蹂掘4 ON
[16:43:10] : 難薑蹂掘4 OFF
[16:43:10] : 61,20190124-164311,AL19012243491,,OK,MAX,2,3,AUTO,1.10,4.40,1.93,OK,1.10,4.40,1.38,OK,
[16:43:23] : REQUEST MEAS. ON
[16:43:30] : REQUEST MEAS. OFF
[16:43:30] : 難薑蹂掘 ON 2
[16:43:37] : 難薑蹂掘 2OFF
[16:43:37] : 61,20190124-164338,AL19012243481,,OK,MAX,1,2,AUTO,1.10,4.40,2.29,OK,1.10,4.40,1.81,OK,
[16:43:53] : 難薑蹂掘3 ON
[16:44:00] : 難薑蹂掘3 OFF
[16:44:00] : 難薑蹂掘4 ON
[16:44:08] : 難薑蹂掘4 OFF
[16:44:08] : 61,20190124-164408,AL19012243461,,OK,MAX,2,3,AUTO,1.10,4.40,2.12,OK,1.10,4.40,1.78,OK,
[16:44:26] : REQUEST MEAS. ON
[16:44:33] : REQUEST MEAS. OFF
[16:44:33] : 難薑蹂掘 ON 2
[16:44:41] : 難薑蹂掘 2OFF
[16:44:41] : 61,20190124-164441,AL19012243451,,OK,MAX,1,2,AUTO,1.10,4.40,1.80,OK,1.10,4.40,1.40,OK,
[16:44:42] : 難薑蹂掘3 ON
[16:44:49] : 難薑蹂掘3 OFF
[16:44:49] : 難薑蹂掘4 ON
[16:44:57] : 難薑蹂掘4 OFF
[16:44:57] : 61,20190124-164458,AL19012243501,,OK,MAX,2,3,AUTO,1.10,4.40,2.03,OK,1.10,4.40,1.59,OK,
[16:46:49] : REQUEST MEAS. ON
[16:46:56] : REQUEST MEAS. OFF
[16:46:56] : 難薑蹂掘 ON 2
[16:47:03] : 難薑蹂掘 2OFF
[16:47:03] : 61,20190124-164704,AL19012243621,,OK,MAX,1,2,AUTO,1.10,4.40,2.10,OK,1.10,4.40,2.00,OK,
[16:47:19] : 難薑蹂掘3 ON
[16:47:26] : 難薑蹂掘3 OFF
[16:47:26] : 難薑蹂掘4 ON
[16:47:33] : 難薑蹂掘4 OFF
[16:47:33] : 61,20190124-164734,AL19012131803,,OK,MAX,2,3,AUTO,1.10,4.40,2.83,OK,1.10,4.40,2.19,OK,
[16:47:39] : REQUEST MEAS. ON
[16:47:46] : REQUEST MEAS. OFF
[16:47:46] : 難薑蹂掘 ON 2
[16:47:53] : 難薑蹂掘 2OFF
[16:47:53] : 61,20190124-164754,AL19012243641,,OK,MAX,1,2,AUTO,1.10,4.40,2.40,OK,1.10,4.40,2.00,OK,
[16:48:01] : 難薑蹂掘3 ON
[16:48:08] : 難薑蹂掘3 OFF
[16:48:08] : 難薑蹂掘4 ON
[16:48:16] : 難薑蹂掘4 OFF
[16:48:16] : 61,20190124-164816,AL19012131783,,OK,MAX,2,3,AUTO,1.10,4.40,2.73,OK,1.10,4.40,2.19,OK,
[16:48:21] : REQUEST MEAS. ON
[16:48:28] : REQUEST MEAS. OFF
[16:48:28] : 難薑蹂掘 ON 2
[16:48:36] : 難薑蹂掘 2OFF
[16:48:36] : 61,20190124-164836,AL19012131833,,OK,MAX,1,2,AUTO,1.10,4.40,3.59,OK,1.10,4.40,3.21,OK,
[16:48:45] : 難薑蹂掘3 ON
[16:48:52] : 難薑蹂掘3 OFF
[16:48:52] : 難薑蹂掘4 ON
[16:48:59] : 難薑蹂掘4 OFF
[16:48:59] : 61,20190124-164900,AL19012131823,,OK,MAX,2,3,AUTO,1.10,4.40,2.53,OK,1.10,4.40,1.98,OK,
[16:49:05] : REQUEST MEAS. ON
[16:49:12] : REQUEST MEAS. OFF
[16:49:12] : 難薑蹂掘 ON 2
[16:49:19] : 難薑蹂掘 2OFF
[16:49:19] : 61,20190124-164920,AL19012131843,,OK,MAX,1,2,AUTO,1.10,4.40,2.00,OK,1.10,4.40,2.31,OK,
[16:49:27] : 難薑蹂掘3 ON
[16:49:34] : 難薑蹂掘3 OFF
[16:49:34] : 難薑蹂掘4 ON
[16:49:42] : 難薑蹂掘4 OFF
[16:49:42] : 61,20190124-164942,AL19012131853,,OK,MAX,2,3,AUTO,1.10,4.40,2.23,OK,1.10,4.40,1.88,OK,
[16:49:48] : REQUEST MEAS. ON
[16:49:55] : REQUEST MEAS. OFF
[16:49:55] : 難薑蹂掘 ON 2
[16:50:03] : 難薑蹂掘 2OFF
[16:50:03] : 61,20190124-165004,AL19012131863,,OK,MAX,1,2,AUTO,1.10,4.40,2.40,OK,1.10,4.40,2.21,OK,
[16:52:35] : REQUEST MEAS. ON
[16:52:42] : REQUEST MEAS. OFF
[16:52:42] : 難薑蹂掘 ON 2
[16:52:49] : 難薑蹂掘 2OFF
[16:52:49] : 61,20190124-165250,AL19012131943,,OK,MAX,1,2,AUTO,1.10,4.40,2.00,OK,1.10,4.40,2.21,OK,
[16:53:00] : 難薑蹂掘3 ON
[16:53:07] : 難薑蹂掘3 OFF
[16:53:07] : 難薑蹂掘4 ON
[16:53:15] : 難薑蹂掘4 OFF
[16:53:15] : 61,20190124-165315,AL19012143313,,OK,MAX,2,3,AUTO,1.10,4.40,1.83,OK,1.10,4.40,1.68,OK,
[16:53:25] : REQUEST MEAS. ON
[16:53:32] : REQUEST MEAS. OFF
[16:53:32] : 難薑蹂掘 ON 2
[16:53:40] : 難薑蹂掘 2OFF
[16:53:40] : 61,20190124-165340,AL19012143283,,OK,MAX,1,2,AUTO,1.10,4.40,1.70,OK,1.10,4.40,1.81,OK,
[16:54:32] : REQUEST MEAS. ON
[16:54:39] : REQUEST MEAS. OFF
[16:54:39] : 難薑蹂掘 ON 2
[16:54:47] : 難薑蹂掘 2OFF
[16:54:47] : 61,20190124-165447,AL19012143343,,OK,MAX,1,2,AUTO,1.10,4.40,1.29,OK,1.10,4.40,1.61,OK,
[16:54:55] : 難薑蹂掘3 ON
[16:55:02] : 難薑蹂掘3 OFF
[16:55:02] : 難薑蹂掘4 ON
[16:55:09] : 難薑蹂掘4 OFF
[16:55:09] : 61,20190124-165509,AL19012143263,,OK,MAX,2,3,AUTO,1.10,4.40,2.33,OK,1.10,4.40,1.98,OK,
[16:55:21] : REQUEST MEAS. ON
[16:55:28] : REQUEST MEAS. OFF
[16:55:28] : 難薑蹂掘 ON 2
[16:55:35] : 難薑蹂掘 2OFF
[16:55:35] : 61,20190124-165536,AL19012143273,,OK,MAX,1,2,AUTO,1.10,4.40,2.99,OK,1.10,4.40,3.02,OK,
[16:55:44] : 難薑蹂掘3 ON
[16:55:51] : 難薑蹂掘3 OFF
[16:55:51] : 難薑蹂掘4 ON
[16:55:58] : 難薑蹂掘4 OFF
[16:55:58] : 61,20190124-165559,AL19012143373,,OK,MAX,2,3,AUTO,1.10,4.40,2.43,OK,1.10,4.40,1.68,OK,
[16:56:10] : REQUEST MEAS. ON
[16:56:17] : REQUEST MEAS. OFF
[16:56:17] : 難薑蹂掘 ON 2
[16:56:24] : 難薑蹂掘 2OFF
[16:56:24] : 61,20190124-165625,AL19012143383,,OK,MAX,1,2,AUTO,1.10,4.40,2.50,OK,1.10,4.40,2.41,OK,
[16:56:33] : 難薑蹂掘3 ON
[16:56:40] : 難薑蹂掘3 OFF
[16:56:40] : 難薑蹂掘4 ON
[16:56:47] : 難薑蹂掘4 OFF
[16:56:47] : 61,20190124-165648,AL19012143393,,OK,MAX,2,3,AUTO,1.10,4.40,2.12,OK,1.10,4.40,1.89,OK,
[16:56:59] : REQUEST MEAS. ON
[16:57:06] : REQUEST MEAS. OFF
[16:57:06] : 難薑蹂掘 ON 2
[16:57:14] : 難薑蹂掘 2OFF
[16:57:14] : 61,20190124-165714,AL19012143403,,OK,MAX,1,2,AUTO,1.10,4.40,3.10,OK,1.10,4.40,2.71,OK,
[16:57:22] : 難薑蹂掘3 ON
[16:57:29] : 難薑蹂掘3 OFF
[16:57:29] : 難薑蹂掘4 ON
[16:57:37] : 難薑蹂掘4 OFF
[16:57:37] : 61,20190124-165737,AL19012143363,,OK,MAX,2,3,AUTO,1.10,4.40,3.32,OK,1.10,4.40,2.89,OK,
[16:57:47] : REQUEST MEAS. ON
[16:57:54] : REQUEST MEAS. OFF
[16:57:54] : 難薑蹂掘 ON 2
[16:58:01] : 難薑蹂掘 2OFF
[16:58:01] : 61,20190124-165802,AL19012141373,,OK,MAX,1,2,AUTO,1.10,4.40,2.00,OK,1.10,4.40,1.81,OK,
[16:58:25] : 難薑蹂掘3 ON
[16:58:32] : 難薑蹂掘3 OFF
[16:58:32] : 難薑蹂掘4 ON
[16:58:39] : 難薑蹂掘4 OFF
[16:58:39] : 61,20190124-165840,AL19012141353,,OK,MAX,2,3,AUTO,1.10,4.40,4.22,OK,1.10,4.40,3.30,OK,
[16:58:49] : REQUEST MEAS. ON
[16:58:56] : REQUEST MEAS. OFF
[16:58:56] : 難薑蹂掘 ON 2
[16:59:04] : 難薑蹂掘 2OFF
[16:59:04] : 61,20190124-165904,AL19012141363,,OK,MAX,1,2,AUTO,1.10,4.40,1.90,OK,1.10,4.40,1.61,OK,
[16:59:15] : 難薑蹂掘3 ON
[16:59:22] : 難薑蹂掘3 OFF
[16:59:22] : 難薑蹂掘4 ON
[16:59:29] : 難薑蹂掘4 OFF
[16:59:29] : 61,20190124-165930,AL19012141343,,OK,MAX,2,3,AUTO,1.10,4.40,2.12,OK,1.10,4.40,1.78,OK,
[16:59:47] : REQUEST MEAS. ON
[16:59:54] : REQUEST MEAS. OFF
[16:59:54] : 難薑蹂掘 ON 2
[17:00:01] : 難薑蹂掘 2OFF
[17:00:01] : 61,20190124-170002,AL19012141333,,OK,MAX,1,2,AUTO,1.10,4.40,1.90,OK,1.10,4.40,1.92,OK,
[17:00:10] : 難薑蹂掘3 ON
[17:00:17] : 難薑蹂掘3 OFF
[17:00:17] : 難薑蹂掘4 ON
[17:00:25] : 難薑蹂掘4 OFF
[17:00:25] : 61,20190124-170025,AL19012141383,,OK,MAX,2,3,AUTO,1.10,4.40,2.83,OK,1.10,4.40,2.80,OK,
[17:00:38] : REQUEST MEAS. ON
[17:00:45] : REQUEST MEAS. OFF
[17:00:45] : 難薑蹂掘 ON 2
[17:00:53] : 難薑蹂掘 2OFF
[17:00:53] : 61,20190124-170053,AL19012141393,,OK,MAX,1,2,AUTO,1.10,4.40,2.31,OK,1.10,4.40,2.10,OK,
[17:01:03] : 難薑蹂掘3 ON
[17:01:10] : 難薑蹂掘3 OFF
[17:01:10] : 難薑蹂掘4 ON
[17:01:18] : 難薑蹂掘4 OFF
[17:01:18] : 61,20190124-170118,AL19012141403,,OK,MAX,2,3,AUTO,1.10,4.40,3.82,OK,1.10,4.40,3.20,OK,
[17:01:31] : REQUEST MEAS. ON
[17:01:38] : REQUEST MEAS. OFF
[17:01:38] : 難薑蹂掘 ON 2
[17:01:46] : 難薑蹂掘 2OFF
[17:01:46] : 61,20190124-170146,AL19012141413,,OK,MAX,1,2,AUTO,1.10,4.40,2.31,OK,1.10,4.40,2.31,OK,
[17:01:57] : 難薑蹂掘3 ON
[17:02:04] : 難薑蹂掘3 OFF
[17:02:04] : 難薑蹂掘4 ON
[17:02:11] : 難薑蹂掘4 OFF
[17:02:11] : 61,20190124-170211,AL19012141423,,OK,MAX,2,3,AUTO,1.10,4.40,2.43,OK,1.10,4.40,1.49,OK,
[17:02:53] : REQUEST MEAS. ON
[17:03:00] : REQUEST MEAS. OFF
[17:03:00] : 難薑蹂掘 ON 2
[17:03:07] : 難薑蹂掘 2OFF
[17:03:07] : 61,20190124-170308,AL19012130603,,OK,MAX,1,2,AUTO,1.10,4.40,1.90,OK,1.10,4.40,1.71,OK,
[17:03:16] : 難薑蹂掘3 ON
[17:03:23] : 難薑蹂掘3 OFF
[17:03:23] : 難薑蹂掘4 ON
[17:03:31] : 難薑蹂掘4 OFF
[17:03:31] : 61,20190124-170331,AL19012130673,,OK,MAX,2,3,AUTO,1.10,4.40,2.32,OK,1.10,4.40,1.99,OK,
[17:04:47] : REQUEST MEAS. ON
[17:04:54] : REQUEST MEAS. OFF
[17:04:54] : 難薑蹂掘 ON 2
[17:05:02] : 難薑蹂掘 2OFF
[17:05:02] : 61,20190124-170503,AL19012130663,,OK,MAX,1,2,AUTO,1.10,4.40,2.60,OK,1.10,4.40,2.61,OK,
[17:05:13] : 難薑蹂掘3 ON
[17:05:20] : 難薑蹂掘3 OFF
[17:05:20] : 難薑蹂掘4 ON
[17:05:28] : 難薑蹂掘4 OFF
[17:05:28] : 61,20190124-170528,AL19012130653,,OK,MAX,2,3,AUTO,1.10,4.40,1.72,OK,1.10,4.40,1.49,OK,
[17:05:44] : REQUEST MEAS. ON
[17:05:51] : REQUEST MEAS. OFF
[17:05:51] : 難薑蹂掘 ON 2
[17:05:59] : 難薑蹂掘 2OFF
[17:05:59] : 61,20190124-170559,AL19012130643,,OK,MAX,1,2,AUTO,1.10,4.40,2.71,OK,1.10,4.40,2.42,OK,
[17:14:08] : REQUEST MEAS. ON
[17:14:15] : REQUEST MEAS. OFF
[17:14:16] : 難薑蹂掘 ON 2
[17:14:23] : 難薑蹂掘 2OFF
[17:14:23] : 61,20190124-171424,AL19012130713,,OK,MAX,1,2,AUTO,1.10,4.40,2.31,OK,1.10,4.40,2.21,OK,
[17:14:34] : 難薑蹂掘3 ON
[17:14:41] : 難薑蹂掘3 OFF
[17:14:41] : 難薑蹂掘4 ON
[17:14:48] : 難薑蹂掘4 OFF
[17:14:48] : 61,20190124-171449,AL19012130873,,OK,MAX,2,3,AUTO,1.10,4.40,2.43,OK,1.10,4.40,1.98,OK,
[17:14:58] : REQUEST MEAS. ON
[17:15:05] : REQUEST MEAS. OFF
[17:15:05] : 難薑蹂掘 ON 2
[17:15:13] : 難薑蹂掘 2OFF
[17:15:13] : 61,20190124-171513,AL19012130703,,OK,MAX,1,2,AUTO,1.10,4.40,2.81,OK,1.10,4.40,2.31,OK,
[17:15:52] : REQUEST MEAS. ON
[17:15:59] : REQUEST MEAS. OFF
[17:15:59] : 難薑蹂掘 ON 2
[17:16:07] : 難薑蹂掘 2OFF
[17:16:07] : 61,20190124-171607,AL19012130693,,OK,MAX,1,2,AUTO,1.10,4.40,2.90,OK,1.10,4.40,2.71,OK,
[17:16:17] : 難薑蹂掘3 ON
[17:16:24] : 難薑蹂掘3 OFF
[17:16:24] : 難薑蹂掘4 ON
[17:16:31] : 難薑蹂掘4 OFF
[17:16:31] : 61,20190124-171632,AL19012130683,,OK,MAX,2,3,AUTO,1.10,4.40,2.21,OK,1.10,4.40,1.89,OK,
[17:17:41] : AUTO RUNNING OFF
[17:30:43] : Plc Error Timer
[17:35:06] : Plc Error Timer
[19:19:08] : Plc Error Timer
[19:19:14] : Plc Error Timer
[19:19:20] : Plc Error Timer
[19:19:27] : Plc Error Timer
[19:19:33] : Plc Error Timer
[19:19:39] : Plc Error Timer
[19:19:45] : Plc Error Timer
[19:19:51] : Plc Error Timer
[19:19:57] : Plc Error Timer
[19:20:03] : Plc Error Timer
[19:20:09] : Plc Error Timer
[19:20:15] : Plc Error Timer
[19:20:21] : Plc Error Timer
[19:20:28] : Plc Error Timer
[19:20:34] : Plc Error Timer
[19:20:40] : Plc Error Timer
[19:20:46] : Plc Error Timer
[19:20:52] : Plc Error Timer
[19:20:58] : Plc Error Timer
[19:21:04] : Plc Error Timer
[19:21:10] : Plc Error Timer
[19:21:16] : Plc Error Timer
[19:21:22] : Plc Error Timer
[19:21:29] : Plc Error Timer
[19:21:35] : Plc Error Timer
[19:21:41] : Plc Error Timer
[19:21:47] : Plc Error Timer
[19:21:53] : Plc Error Timer
[19:21:59] : Plc Error Timer
[19:22:05] : Plc Error Timer
[19:22:11] : Plc Error Timer
[19:22:17] : Plc Error Timer
[19:22:23] : Plc Error Timer
[19:22:30] : Plc Error Timer
[19:22:36] : Plc Error Timer
[19:22:42] : Plc Error Timer
[19:22:48] : Plc Error Timer
[19:30:30] : Plc Error Timer
[19:43:00] : Plc Error Timer
[20:00:39] : Plc Error Timer
[20:39:29] : Plc Error Timer
[20:57:15] : Plc Error Timer
[21:20:29] : Plc Error Timer
[21:26:38] : Plc Error Timer
[23:36:52] : Plc Error Timer
[23:36:58] : Plc Error Timer
[23:37:04] : Plc Error Timer
[23:37:10] : Plc Error Timer
[23:37:16] : Plc Error Timer
[23:37:22] : Plc Error Timer
[23:37:28] : Plc Error Timer
[23:37:35] : Plc Error Timer
[23:37:41] : Plc Error Timer
[23:37:47] : Plc Error Timer
[23:37:53] : Plc Error Timer
[23:37:59] : Plc Error Timer
[23:38:05] : Plc Error Timer
[23:38:11] : Plc Error Timer
[23:38:17] : Plc Error Timer
[23:38:23] : Plc Error Timer
[23:38:29] : Plc Error Timer
[23:38:36] : Plc Error Timer
[23:38:42] : Plc Error Timer
[23:38:48] : Plc Error Timer
[23:38:54] : Plc Error Timer
[23:39:00] : Plc Error Timer
[23:39:06] : Plc Error Timer
[23:39:12] : Plc Error Timer
[23:39:18] : Plc Error Timer
[23:39:24] : Plc Error Timer
[23:39:30] : Plc Error Timer
[23:39:37] : Plc Error Timer
[23:39:43] : Plc Error Timer
[23:39:49] : Plc Error Timer
[23:39:55] : Plc Error Timer
[23:40:01] : Plc Error Timer
[23:40:07] : Plc Error Timer
[23:40:13] : Plc Error Timer
[23:40:19] : Plc Error Timer
[23:40:25] : Plc Error Timer
[23:40:31] : Plc Error Timer
[23:40:38] : Plc Error Timer
[23:40:44] : Plc Error Timer
[23:40:50] : Plc Error Timer
[23:40:56] : Plc Error Timer
[23:41:02] : Plc Error Timer
[23:41:08] : Plc Error Timer
[23:41:14] : Plc Error Timer
[23:41:20] : Plc Error Timer
[23:41:26] : Plc Error Timer
[23:41:32] : Plc Error Timer
[23:41:39] : Plc Error Timer
[23:41:45] : Plc Error Timer
[23:41:51] : Plc Error Timer
[23:41:57] : Plc Error Timer
[23:42:03] : Plc Error Timer
[23:42:09] : Plc Error Timer
[23:42:15] : Plc Error Timer
[23:42:21] : Plc Error Timer
[23:42:27] : Plc Error Timer
[23:42:33] : Plc Error Timer
[23:42:40] : Plc Error Timer
[23:42:46] : Plc Error Timer
[23:42:52] : Plc Error Timer
[23:42:58] : Plc Error Timer
[23:43:04] : Plc Error Timer
[23:43:10] : Plc Error Timer
[23:43:16] : Plc Error Timer
[23:43:22] : Plc Error Timer
[23:43:28] : Plc Error Timer
[23:43:34] : Plc Error Timer
[23:43:41] : Plc Error Timer
[23:43:47] : Plc Error Timer
[23:43:53] : Plc Error Timer
[23:43:59] : Plc Error Timer
[23:44:05] : Plc Error Timer
[23:44:11] : Plc Error Timer
[23:44:17] : Plc Error Timer
[23:44:23] : Plc Error Timer
[23:44:29] : Plc Error Timer
[23:44:35] : Plc Error Timer
[23:44:42] : Plc Error Timer
[23:44:48] : Plc Error Timer
[23:44:54] : Plc Error Timer
[23:45:00] : Plc Error Timer
[23:45:06] : Plc Error Timer
[23:45:12] : Plc Error Timer
[23:45:18] : Plc Error Timer
[23:45:24] : Plc Error Timer
[23:45:30] : Plc Error Timer
[23:45:36] : Plc Error Timer
[23:45:43] : Plc Error Timer
[23:45:49] : Plc Error Timer
[23:45:55] : Plc Error Timer
[23:46:01] : Plc Error Timer
[23:46:07] : Plc Error Timer
[23:46:13] : Plc Error Timer
[23:46:19] : Plc Error Timer
[23:46:25] : Plc Error Timer
[23:46:31] : Plc Error Timer
[23:46:37] : Plc Error Timer
[23:46:44] : Plc Error Timer
[23:46:50] : Plc Error Timer
[23:46:56] : Plc Error Timer
[23:47:02] : Plc Error Timer
[23:47:08] : Plc Error Timer
[23:47:14] : Plc Error Timer
[23:47:20] : Plc Error Timer
[23:47:26] : Plc Error Timer
[23:47:32] : Plc Error Timer
[23:47:38] : Plc Error Timer
[23:47:45] : Plc Error Timer
[23:47:51] : Plc Error Timer
[23:47:57] : Plc Error Timer
[23:48:03] : Plc Error Timer
[23:48:09] : Plc Error Timer
[23:48:15] : Plc Error Timer
[23:48:21] : Plc Error Timer
[23:48:27] : Plc Error Timer
[23:48:33] : Plc Error Timer
[23:48:39] : Plc Error Timer
[23:48:46] : Plc Error Timer
[23:48:52] : Plc Error Timer
[23:48:58] : Plc Error Timer
[23:49:04] : Plc Error Timer
[23:49:10] : Plc Error Timer
[23:49:16] : Plc Error Timer
[23:49:22] : Plc Error Timer
[23:49:28] : Plc Error Timer
[23:49:34] : Plc Error Timer
[23:49:40] : Plc Error Timer
[23:49:47] : Plc Error Timer
[23:49:53] : Plc Error Timer
[23:49:59] : Plc Error Timer
 
