[08:01:49] : MEAS ESC ON
[08:01:49] : MEAS ESC OFF
[08:01:49] : AUTO RUNNING ON
[08:09:25] : REQUEST MEAS. ON
[08:09:33] : REQUEST MEAS. OFF
[08:09:33] : 측정요구 ON 2
[08:09:40] : 측정요구 2OFF
[08:09:40] : 61,20190130-080941,CF19012851461,CF 19012112951,NG,MAX,1,2,AUTO,0.60,4.40,4.11,OK,0.60,4.40,4.70,NG,
[08:10:50] : REQUEST MEAS. ON
[08:10:57] : REQUEST MEAS. OFF
[08:10:57] : 측정요구 ON 2
[08:11:05] : 측정요구 2OFF
[08:11:05] : 61,20190130-081106,CF19012851001,CF 19012112901,OK,MAX,1,2,AUTO,0.60,4.40,2.72,OK,0.60,4.40,4.09,OK,
[08:11:18] : 측정요구3 ON
[08:11:25] : 측정요구3 OFF
[08:11:26] : 측정요구4 ON
[08:11:33] : 측정요구4 OFF
[08:11:33] : 61,20190130-081133,CF19012851751,CF 19012110621,OK,MAX,2,3,AUTO,0.60,4.40,2.81,OK,0.60,4.40,3.41,OK,
[08:11:44] : AUTO RUNNING OFF
[08:13:49] : MEAS ESC ON
[08:13:49] : MEAS ESC OFF
[08:13:49] : AUTO RUNNING ON
[08:19:14] : REQUEST MEAS. ON
[08:19:21] : REQUEST MEAS. OFF
[08:19:22] : 측정요구 ON 2
[08:19:29] : 측정요구 2OFF
[08:19:29] : 61,20190130-081929,CF19012851421,CF 19012111711,OK,MAX,1,2,AUTO,0.60,4.40,2.51,OK,0.60,4.40,4.39,OK,
[08:20:54] : REQUEST MEAS. ON
[08:21:01] : REQUEST MEAS. OFF
[08:21:01] : 측정요구 ON 2
[08:21:09] : 측정요구 2OFF
[08:21:09] : 61,20190130-082110,CF19012851631,CF 19012112881,OK,MAX,1,2,AUTO,0.60,4.40,1.50,OK,0.60,4.40,1.60,OK,
[08:21:37] : 측정요구3 ON
[08:21:44] : 측정요구3 OFF
[08:21:44] : 측정요구4 ON
[08:21:52] : 측정요구4 OFF
[08:21:52] : 61,20190130-082152,CF19012851991,CF 19012113191,OK,MAX,2,3,AUTO,0.60,4.40,1.51,OK,0.60,4.40,3.11,OK,
[08:22:25] : REQUEST MEAS. ON
[08:22:33] : REQUEST MEAS. OFF
[08:22:33] : 측정요구 ON 2
[08:22:33] : 측정요구3 ON
[08:22:40] : 측정요구 2OFF
[08:22:40] : 측정요구3 OFF
[08:22:40] : 측정요구4 ON
[08:22:47] : 측정요구4 OFF
[08:22:47] : 61,20190130-082248,CF19012852071,CF 19012110661,OK,MAX,2,3,AUTO,0.60,4.40,2.11,OK,0.60,4.40,2.91,OK,
[08:23:15] : 측정요구3 ON
[08:23:22] : 측정요구3 OFF
[08:23:22] : 측정요구4 ON
[08:23:30] : 측정요구4 OFF
[08:23:30] : 61,20190130-082330,CF19012851171,CF 19012110831,OK,MAX,2,3,AUTO,0.60,4.40,2.11,OK,0.60,4.40,2.61,OK,
[08:23:58] : 측정요구3 ON
[08:24:05] : 측정요구3 OFF
[08:24:05] : 측정요구4 ON
[08:24:13] : 측정요구4 OFF
[08:24:13] : 61,20190130-082414,CF19012851781,CF 19012110801,OK,MAX,2,3,AUTO,0.60,4.40,2.71,OK,0.60,4.40,3.42,OK,
[08:26:18] : REQUEST MEAS. ON
[08:26:26] : REQUEST MEAS. OFF
[08:26:26] : 측정요구 ON 2
[08:26:33] : 측정요구 2OFF
[08:26:33] : 61,20190130-082634,CF19012851731,CF 19012110841,OK,MAX,1,2,AUTO,0.60,4.40,1.92,OK,0.60,4.40,2.59,OK,
[08:26:44] : 측정요구3 ON
[08:26:51] : 측정요구3 OFF
[08:26:51] : 측정요구4 ON
[08:26:59] : 측정요구4 OFF
[08:26:59] : 61,20190130-082659,CF19012851331,CF 19012111761,OK,MAX,2,3,AUTO,0.60,4.40,2.81,OK,0.60,4.40,2.40,OK,
[08:27:43] : REQUEST MEAS. ON
[08:27:50] : REQUEST MEAS. OFF
[08:27:50] : 측정요구 ON 2
[08:27:58] : 측정요구 2OFF
[08:27:58] : 61,20190130-082759,CF19012852311,CF 19012111051,OK,MAX,1,2,AUTO,0.60,4.40,1.51,OK,0.60,4.40,2.70,OK,
[08:28:11] : 측정요구3 ON
[08:28:18] : 측정요구3 OFF
[08:28:18] : 측정요구4 ON
[08:28:25] : 측정요구4 OFF
[08:28:25] : 61,20190130-082826,CF19012851341,CF 19012111211,OK,MAX,2,3,AUTO,0.60,4.40,2.41,OK,0.60,4.40,2.81,OK,
[08:28:38] : REQUEST MEAS. ON
[08:28:45] : REQUEST MEAS. OFF
[08:28:45] : 측정요구 ON 2
[08:28:53] : 측정요구 2OFF
[08:28:53] : 61,20190130-082854,CF19012850851,CF 19012110431,OK,MAX,1,2,AUTO,0.60,4.40,2.72,OK,0.60,4.40,3.59,OK,
[08:29:09] : 측정요구3 ON
[08:29:17] : 측정요구3 OFF
[08:29:17] : 측정요구4 ON
[08:29:24] : 측정요구4 OFF
[08:29:24] : 61,20190130-082925,CF19012850661,CF 19012110931,OK,MAX,2,3,AUTO,0.60,4.40,1.90,OK,0.60,4.40,2.50,OK,
[08:29:33] : REQUEST MEAS. ON
[08:29:40] : REQUEST MEAS. OFF
[08:29:40] : 측정요구 ON 2
[08:29:47] : 측정요구 2OFF
[08:29:47] : 61,20190130-082948,CF19012851141,CF 19012111141,OK,MAX,1,2,AUTO,0.60,4.40,0.92,OK,0.60,4.40,1.49,OK,
[08:29:59] : 측정요구3 ON
[08:30:06] : 측정요구3 OFF
[08:30:06] : 측정요구4 ON
[08:30:14] : 측정요구4 OFF
[08:30:14] : 61,20190130-083014,CF19012851981,CF 19012112931,OK,MAX,2,3,AUTO,0.60,4.40,1.67,OK,0.60,4.40,2.92,OK,
[08:30:26] : REQUEST MEAS. ON
[08:30:33] : REQUEST MEAS. OFF
[08:30:33] : 측정요구 ON 2
[08:30:41] : 측정요구 2OFF
[08:30:41] : 61,20190130-083042,CF19012851811,CF 19012113261,OK,MAX,1,2,AUTO,0.60,4.40,2.21,OK,0.60,4.40,2.50,OK,
[08:33:41] : REQUEST MEAS. ON
[08:33:49] : REQUEST MEAS. OFF
[08:33:49] : 측정요구 ON 2
[08:33:56] : 측정요구 2OFF
[08:33:56] : 61,20190130-083357,CF19012852471,CF 19012110751,OK,MAX,1,2,AUTO,0.60,4.40,2.32,OK,0.60,4.40,1.99,OK,
[08:33:56] : 측정요구3 ON
[08:34:04] : 측정요구3 OFF
[08:34:04] : 측정요구4 ON
[08:34:12] : 측정요구4 OFF
[08:34:12] : 61,20190130-083412,CF19012852461,CF 19012110211,OK,MAX,2,3,AUTO,0.60,4.40,1.81,OK,0.60,4.40,2.50,OK,
[08:34:25] : REQUEST MEAS. ON
[08:34:32] : REQUEST MEAS. OFF
[08:34:32] : 측정요구 ON 2
[08:34:39] : 측정요구 2OFF
[08:34:39] : 61,20190130-083440,CF19012852521,CF 19012110651,OK,MAX,1,2,AUTO,0.60,4.40,1.51,OK,0.60,4.40,2.50,OK,
[08:34:46] : 측정요구3 ON
[08:34:53] : 측정요구3 OFF
[08:34:53] : 측정요구4 ON
[08:35:01] : 측정요구4 OFF
[08:35:01] : 61,20190130-083502,CF19012852481,CF 19012110881,OK,MAX,2,3,AUTO,0.60,4.40,2.31,OK,0.60,4.40,2.31,OK,
[08:35:10] : REQUEST MEAS. ON
[08:35:17] : REQUEST MEAS. OFF
[08:35:17] : 측정요구 ON 2
[08:35:25] : 측정요구 2OFF
[08:35:25] : 61,20190130-083525,CF19012852541,CF 19012111751,OK,MAX,1,2,AUTO,0.60,4.40,1.11,OK,0.60,4.40,1.20,OK,
[08:42:40] : REQUEST MEAS. ON
[08:42:48] : REQUEST MEAS. OFF
[08:42:48] : 측정요구 ON 2
[08:42:56] : 측정요구 2OFF
[08:42:56] : 61,20190130-084256,CF19012851481,CF 19012110611,NG,MAX,1,2,AUTO,0.60,4.40,4.50,NG,0.60,4.40,5.88,NG,
[08:43:11] : 측정요구3 ON
[08:43:19] : 측정요구3 OFF
[08:43:19] : 측정요구4 ON
[08:43:26] : 측정요구4 OFF
[08:43:26] : 61,20190130-084327,CF19012851851,CF 19012110821,OK,MAX,2,3,AUTO,0.60,4.40,2.21,OK,0.60,4.40,3.82,OK,
[08:43:43] : REQUEST MEAS. ON
[08:43:50] : REQUEST MEAS. OFF
[08:43:50] : 측정요구 ON 2
[08:43:57] : 측정요구 2OFF
[08:43:57] : 61,20190130-084358,CF19012852001,CF 19012113321,OK,MAX,1,2,AUTO,0.60,4.40,2.61,OK,0.60,4.40,3.99,OK,
[08:44:59] : REQUEST MEAS. ON
[08:45:06] : REQUEST MEAS. OFF
[08:45:06] : 측정요구 ON 2
[08:45:13] : 측정요구 2OFF
[08:45:13] : 61,20190130-084514,CF19012852501,CF 19012112851,OK,MAX,1,2,AUTO,0.60,4.40,2.71,OK,0.60,4.40,3.29,OK,
[08:50:28] : 측정요구3 ON
[08:50:35] : 측정요구3 OFF
[08:50:35] : 측정요구4 ON
[08:50:43] : 측정요구4 OFF
[08:50:43] : 61,20190130-085044,CF19012850611,CF 19012110021,OK,MAX,2,3,AUTO,0.60,4.40,3.00,OK,0.60,4.40,3.22,OK,
[08:52:16] : AUTO RUNNING OFF
[09:08:56] : MEAS ESC ON
[09:09:47] : MEAS ESC OFF
[09:20:45] : MEAS ESC ON
[09:20:45] : MEAS ESC OFF
[09:20:45] : AUTO RUNNING ON
[09:21:14] : REQUEST MEAS. ON
[09:21:21] : REQUEST MEAS. OFF
[09:21:21] : 측정요구 ON 2
[09:21:29] : 측정요구 2OFF
[09:21:29] : 61,20190130-092130,CF19012851541,CF 19012110491,OK,MAX,1,2,AUTO,0.60,4.40,2.01,OK,0.60,4.40,1.99,OK,
[09:22:56] : REQUEST MEAS. ON
[09:23:03] : REQUEST MEAS. OFF
[09:23:04] : 측정요구 ON 2
[09:23:11] : 측정요구 2OFF
[09:23:11] : 61,20190130-092312,CF19012851561,CF 19012111061,OK,MAX,1,2,AUTO,0.60,4.40,2.51,OK,0.60,4.40,2.80,OK,
[09:23:32] : 측정요구3 ON
[09:23:39] : 측정요구3 OFF
[09:23:39] : 측정요구4 ON
[09:23:47] : 측정요구4 OFF
[09:23:47] : 61,20190130-092348,CF19012852351,CF 19012110541,OK,MAX,2,3,AUTO,0.60,4.40,1.71,OK,0.60,4.40,2.20,OK,
[09:30:25] : AUTO RUNNING OFF
[09:58:21] : MEAS ESC ON
[09:58:21] : MEAS ESC OFF
[09:58:21] : AUTO RUNNING ON
[10:00:16] : REQUEST MEAS. ON
[10:00:23] : REQUEST MEAS. OFF
[10:00:23] : 측정요구 ON 2
[10:00:31] : 측정요구 2OFF
[10:00:31] : 61,20190130-100031,CF19012852331,CF 19012111111,OK,MAX,1,2,AUTO,0.60,4.40,3.10,OK,0.60,4.40,2.90,OK,
[10:00:43] : 측정요구3 ON
[10:00:50] : 측정요구3 OFF
[10:00:50] : 측정요구4 ON
[10:00:58] : 측정요구4 OFF
[10:00:58] : 61,20190130-100059,CF19012851511,CF 19012111121,OK,MAX,2,3,AUTO,0.60,4.40,2.01,OK,0.60,4.40,3.91,OK,
[10:02:23] : REQUEST MEAS. ON
[10:02:30] : REQUEST MEAS. OFF
[10:02:30] : 측정요구 ON 2
[10:02:38] : 측정요구 2OFF
[10:02:38] : 61,20190130-100239,CF19012851581,CF 19012110481,OK,MAX,1,2,AUTO,0.60,4.40,3.31,OK,0.60,4.40,3.70,OK,
[10:18:34] : REQUEST MEAS. ON
[10:18:41] : REQUEST MEAS. OFF
[10:18:41] : 측정요구 ON 2
[10:18:49] : 측정요구 2OFF
[10:18:49] : 61,20190130-101849,CF19012851391,CF 19012110291,OK,MAX,1,2,AUTO,0.60,4.40,2.62,OK,0.60,4.40,3.20,OK,
[10:19:01] : 측정요구3 ON
[10:19:08] : 측정요구3 OFF
[10:19:08] : 측정요구4 ON
[10:19:16] : 측정요구4 OFF
[10:19:16] : 61,20190130-101916,CF19012852361,CF 19012110311,OK,MAX,2,3,AUTO,0.60,4.40,1.81,OK,0.60,4.40,2.48,OK,
[10:19:42] : REQUEST MEAS. ON
[10:19:50] : REQUEST MEAS. OFF
[10:19:50] : 측정요구 ON 2
[10:19:57] : 측정요구 2OFF
[10:19:57] : 61,20190130-101957,CF19012851401,CF 19012110581,OK,MAX,1,2,AUTO,0.60,4.40,1.31,OK,0.60,4.40,1.90,OK,
[10:20:14] : 측정요구3 ON
[10:20:21] : 측정요구3 OFF
[10:20:22] : 측정요구4 ON
[10:20:29] : 측정요구4 OFF
[10:20:29] : 61,20190130-102029,CF19012851311,CF 19012110131,OK,MAX,2,3,AUTO,0.60,4.40,1.79,OK,0.60,4.40,1.89,OK,
[10:24:02] : REQUEST MEAS. ON
[10:24:09] : REQUEST MEAS. OFF
[10:24:09] : 측정요구 ON 2
[10:24:17] : 측정요구 2OFF
[10:24:17] : 61,20190130-102418,CF19012851321,CF 19012110301,OK,MAX,1,2,AUTO,0.60,4.40,3.00,OK,0.60,4.40,2.60,OK,
[10:36:22] : REQUEST MEAS. ON
[10:36:29] : REQUEST MEAS. OFF
[10:36:29] : 측정요구 ON 2
[10:36:37] : 측정요구 2OFF
[10:36:37] : 61,20190130-103638,CF19012851371,CF 19012110171,OK,MAX,1,2,AUTO,0.60,4.40,1.50,OK,0.60,4.40,1.99,OK,
[10:37:12] : REQUEST MEAS. ON
[10:37:19] : REQUEST MEAS. OFF
[10:37:19] : 측정요구 ON 2
[10:37:26] : 측정요구 2OFF
[10:37:26] : 61,20190130-103727,CF19012851431,CF 19012113171,OK,MAX,1,2,AUTO,0.60,4.40,2.01,OK,0.60,4.40,2.50,OK,
[10:38:58] : REQUEST MEAS. ON
[10:39:06] : REQUEST MEAS. OFF
[10:39:06] : 측정요구 ON 2
[10:39:13] : 측정요구 2OFF
[10:39:13] : 61,20190130-103914,CF19012851441,CF 19012113181,OK,MAX,1,2,AUTO,0.60,4.40,2.42,OK,0.60,4.40,2.81,OK,
[10:49:42] : REQUEST MEAS. ON
[10:49:49] : REQUEST MEAS. OFF
[10:49:49] : 측정요구 ON 2
[10:49:57] : 측정요구 2OFF
[10:49:57] : 61,20190130-104957,CF19012851231,CF 19012111161,OK,MAX,1,2,AUTO,0.60,4.40,1.40,OK,0.60,4.40,2.39,OK,
[10:50:08] : 측정요구3 ON
[10:50:15] : 측정요구3 OFF
[10:50:16] : 측정요구4 ON
[10:50:23] : 측정요구4 OFF
[10:50:23] : 61,20190130-105024,CF19012851241,CF 19012111091,OK,MAX,2,3,AUTO,0.60,4.40,2.71,OK,0.60,4.40,3.81,OK,
[10:50:41] : REQUEST MEAS. ON
[10:50:48] : REQUEST MEAS. OFF
[10:50:48] : 측정요구 ON 2
[10:50:56] : 측정요구 2OFF
[10:50:56] : 61,20190130-105056,CF19012851221,CF 19012111991,OK,MAX,1,2,AUTO,0.60,4.40,2.21,OK,0.60,4.40,2.59,OK,
[10:51:08] : 측정요구3 ON
[10:51:15] : 측정요구3 OFF
[10:51:15] : 측정요구4 ON
[10:51:23] : 측정요구4 OFF
[10:51:23] : 61,20190130-105124,CF19012851501,CF 19012111201,OK,MAX,2,3,AUTO,0.60,4.40,1.81,OK,0.60,4.40,2.10,OK,
[10:51:37] : REQUEST MEAS. ON
[10:51:44] : REQUEST MEAS. OFF
[10:51:44] : 측정요구 ON 2
[10:51:52] : 측정요구 2OFF
[10:51:52] : 61,20190130-105152,CF19012851491,CF 19012111221,OK,MAX,1,2,AUTO,0.60,4.40,1.81,OK,0.60,4.40,3.50,OK,
[10:52:32] : REQUEST MEAS. ON
[10:52:39] : REQUEST MEAS. OFF
[10:52:39] : 측정요구 ON 2
[10:52:47] : 측정요구 2OFF
[10:52:47] : 61,20190130-105248,CF19012851271,CF 19012112911,OK,MAX,1,2,AUTO,0.60,4.40,1.50,OK,0.60,4.40,2.81,OK,
[10:53:00] : 측정요구3 ON
[10:53:07] : 측정요구3 OFF
[10:53:07] : 측정요구4 ON
[10:53:15] : 측정요구4 OFF
[10:53:15] : 61,20190130-105315,CF19012851281,CF 19012111981,OK,MAX,2,3,AUTO,0.60,4.40,1.40,OK,0.60,4.40,2.10,OK,
[10:53:24] : REQUEST MEAS. ON
[10:53:32] : REQUEST MEAS. OFF
[10:53:32] : 측정요구 ON 2
[10:53:40] : 측정요구 2OFF
[10:53:40] : 61,20190130-105340,CF19012851261,CF 19012111071,OK,MAX,1,2,AUTO,0.60,4.40,1.81,OK,0.60,4.40,3.00,OK,
[10:53:51] : 측정요구3 ON
[10:53:59] : 측정요구3 OFF
[10:53:59] : 측정요구4 ON
[10:54:07] : 측정요구4 OFF
[10:54:07] : 61,20190130-105407,CF19012851251,CF 19012111151,OK,MAX,2,3,AUTO,0.60,4.40,1.81,OK,0.60,4.40,3.52,OK,
[10:54:19] : REQUEST MEAS. ON
[10:54:26] : REQUEST MEAS. OFF
[10:54:26] : 측정요구 ON 2
[10:54:33] : 측정요구 2OFF
[10:54:33] : 61,20190130-105434,CF19012851211,CF 19012111101,OK,MAX,1,2,AUTO,0.60,4.40,1.40,OK,0.60,4.40,1.50,OK,
[10:55:42] : REQUEST MEAS. ON
[10:55:49] : REQUEST MEAS. OFF
[10:55:49] : 측정요구 ON 2
[10:55:57] : 측정요구 2OFF
[10:55:57] : 61,20190130-105558,CF19012852101,CF 19012113311,OK,MAX,1,2,AUTO,0.60,4.40,2.91,OK,0.60,4.40,2.91,OK,
[10:56:13] : 측정요구3 ON
[10:56:20] : 측정요구3 OFF
[10:56:20] : 측정요구4 ON
[10:56:28] : 측정요구4 OFF
[10:56:28] : 61,20190130-105628,CF19012852581,CF 19012113221,OK,MAX,2,3,AUTO,0.60,4.40,1.50,OK,0.60,4.40,2.60,OK,
[10:57:16] : REQUEST MEAS. ON
[10:57:24] : REQUEST MEAS. OFF
[10:57:24] : 측정요구 ON 2
[10:57:32] : 측정요구 2OFF
[10:57:32] : 61,20190130-105732,CF19012852041,CF 19012111701,OK,MAX,1,2,AUTO,0.60,4.40,4.10,OK,0.60,4.40,3.50,OK,
[10:57:44] : 측정요구3 ON
[10:57:51] : 측정요구3 OFF
[10:57:51] : 측정요구4 ON
[10:57:59] : 측정요구4 OFF
[10:57:59] : 61,20190130-105800,CF19012852561,CF 19012113341,OK,MAX,2,3,AUTO,0.60,4.40,1.40,OK,0.60,4.40,1.50,OK,
[10:58:11] : REQUEST MEAS. ON
[10:58:18] : REQUEST MEAS. OFF
[10:58:18] : 측정요구 ON 2
[10:58:25] : 측정요구 2OFF
[10:58:25] : 61,20190130-105826,CF19012852631,CF 19012113331,OK,MAX,1,2,AUTO,0.60,4.40,1.50,OK,0.60,4.40,2.20,OK,
[10:58:39] : 측정요구3 ON
[10:58:46] : 측정요구3 OFF
[10:58:46] : 측정요구4 ON
[10:58:54] : 측정요구4 OFF
[10:58:54] : 61,20190130-105854,CF19012852601,CF 19012110071,OK,MAX,2,3,AUTO,0.60,4.40,2.91,OK,0.60,4.40,2.31,OK,
[10:59:06] : REQUEST MEAS. ON
[10:59:13] : REQUEST MEAS. OFF
[10:59:13] : 측정요구 ON 2
[10:59:21] : 측정요구 2OFF
[10:59:21] : 61,20190130-105922,CF19012852591,CF 19012113231,OK,MAX,1,2,AUTO,0.60,4.40,2.00,OK,0.60,4.40,2.50,OK,
[10:59:32] : 측정요구3 ON
[10:59:40] : 측정요구3 OFF
[10:59:40] : 측정요구4 ON
[10:59:47] : 측정요구4 OFF
[10:59:47] : 61,20190130-105948,CF19012850721,CF 19012110281,OK,MAX,2,3,AUTO,0.60,4.40,2.11,OK,0.60,4.40,2.10,OK,
[11:00:21] : REQUEST MEAS. ON
[11:00:29] : REQUEST MEAS. OFF
[11:00:29] : 측정요구 ON 2
[11:00:36] : 측정요구 2OFF
[11:00:36] : 61,20190130-110037,CF19012850711,CF 19012113281,OK,MAX,1,2,AUTO,0.60,4.40,2.21,OK,0.60,4.40,4.20,OK,
[11:00:49] : 측정요구3 ON
[11:00:56] : 측정요구3 OFF
[11:00:56] : 측정요구4 ON
[11:01:04] : 측정요구4 OFF
[11:01:04] : 61,20190130-110104,CF19012852081,CF 19012113271,OK,MAX,2,3,AUTO,0.60,4.40,2.11,OK,0.60,4.40,3.32,OK,
[11:01:18] : REQUEST MEAS. ON
[11:01:26] : REQUEST MEAS. OFF
[11:01:26] : 측정요구 ON 2
[11:01:33] : 측정요구 2OFF
[11:01:33] : 61,20190130-110134,CF19012852651,CF 19012113361,OK,MAX,1,2,AUTO,0.60,4.40,1.71,OK,0.60,4.40,2.50,OK,
[11:01:56] : 측정요구3 ON
[11:02:03] : 측정요구3 OFF
[11:02:03] : 측정요구4 ON
[11:02:11] : 측정요구4 OFF
[11:02:11] : 61,20190130-110211,CF19012850781,CF 19012110551,OK,MAX,2,3,AUTO,0.60,4.40,1.31,OK,0.60,4.40,1.60,OK,
[11:02:24] : REQUEST MEAS. ON
[11:02:31] : REQUEST MEAS. OFF
[11:02:31] : 측정요구 ON 2
[11:02:39] : 측정요구 2OFF
[11:02:39] : 61,20190130-110240,CF19012851131,CF 19012112001,OK,MAX,1,2,AUTO,0.60,4.40,2.71,OK,0.60,4.40,2.91,OK,
[11:02:49] : 측정요구3 ON
[11:02:56] : 측정요구3 OFF
[11:02:56] : 측정요구4 ON
[11:03:03] : 측정요구4 OFF
[11:03:03] : 61,20190130-110304,CF19012850751,CF 19012110391,OK,MAX,2,3,AUTO,0.60,4.40,2.11,OK,0.60,4.40,2.20,OK,
[11:03:14] : REQUEST MEAS. ON
[11:03:21] : REQUEST MEAS. OFF
[11:03:21] : 측정요구 ON 2
[11:03:29] : 측정요구 2OFF
[11:03:29] : 61,20190130-110330,CF19012850791,CF 19012110251,OK,MAX,1,2,AUTO,0.60,4.40,1.81,OK,0.60,4.40,1.70,OK,
[11:03:44] : 측정요구3 ON
[11:03:51] : 측정요구3 OFF
[11:03:51] : 측정요구4 ON
[11:03:59] : 측정요구4 OFF
[11:03:59] : 61,20190130-110400,CF19012850761,CF 19012111951,OK,MAX,2,3,AUTO,0.60,4.40,2.91,OK,0.60,4.40,2.50,OK,
[11:04:13] : REQUEST MEAS. ON
[11:04:20] : REQUEST MEAS. OFF
[11:04:20] : 측정요구 ON 2
[11:04:27] : 측정요구 2OFF
[11:04:27] : 61,20190130-110428,CF19012851841,CF 19012111031,OK,MAX,1,2,AUTO,0.60,4.40,1.81,OK,0.60,4.40,2.10,OK,
[11:04:39] : 측정요구3 ON
[11:04:47] : 측정요구3 OFF
[11:04:47] : 측정요구4 ON
[11:04:54] : 측정요구4 OFF
[11:04:54] : 61,20190130-110455,CF19012851831,CF 19012110851,OK,MAX,2,3,AUTO,0.60,4.40,3.20,OK,0.60,4.40,2.71,OK,
[11:05:08] : REQUEST MEAS. ON
[11:05:15] : REQUEST MEAS. OFF
[11:05:15] : 측정요구 ON 2
[11:05:23] : 측정요구 2OFF
[11:05:23] : 61,20190130-110524,CF19012851881,CF 19012110871,OK,MAX,1,2,AUTO,0.60,4.40,3.00,OK,0.60,4.40,3.31,OK,
[11:05:35] : 측정요구3 ON
[11:05:42] : 측정요구3 OFF
[11:05:42] : 측정요구4 ON
[11:05:50] : 측정요구4 OFF
[11:05:50] : 61,20190130-110550,CF19012851861,CF 19012110891,OK,MAX,2,3,AUTO,0.60,4.40,3.50,OK,0.60,4.40,2.71,OK,
[11:06:02] : REQUEST MEAS. ON
[11:06:09] : REQUEST MEAS. OFF
[11:06:09] : 측정요구 ON 2
[11:06:17] : 측정요구 2OFF
[11:06:17] : 61,20190130-110618,CF19012851821,CF 19012110901,OK,MAX,1,2,AUTO,0.60,4.40,3.41,OK,0.60,4.40,3.52,OK,
[11:06:42] : 측정요구3 ON
[11:06:50] : 측정요구3 OFF
[11:06:50] : 측정요구4 ON
[11:06:57] : 측정요구4 OFF
[11:06:57] : 61,20190130-110658,CF19012852261,CF 19012112801,OK,MAX,2,3,AUTO,0.60,4.40,1.81,OK,0.60,4.40,2.61,OK,
[11:07:03] : REQUEST MEAS. ON
[11:07:10] : REQUEST MEAS. OFF
[11:07:10] : 측정요구 ON 2
[11:07:17] : 측정요구 2OFF
[11:07:17] : 61,20190130-110718,CF19012852251,CF 19012111021,OK,MAX,1,2,AUTO,0.60,4.40,1.21,OK,0.60,4.40,1.50,OK,
[11:07:30] : 측정요구3 ON
[11:07:37] : 측정요구3 OFF
[11:07:37] : 측정요구4 ON
[11:07:45] : 측정요구4 OFF
[11:07:45] : 61,20190130-110746,CF19012850641,CF 19012112041,OK,MAX,2,3,AUTO,0.60,4.40,1.61,OK,0.60,4.40,1.60,OK,
[11:07:54] : REQUEST MEAS. ON
[11:08:01] : REQUEST MEAS. OFF
[11:08:01] : 측정요구 ON 2
[11:08:09] : 측정요구 2OFF
[11:08:09] : 61,20190130-110809,CF19012850961,CF 19012110081,OK,MAX,1,2,AUTO,0.60,4.40,1.70,OK,0.60,4.40,1.90,OK,
[11:08:22] : 측정요구3 ON
[11:08:29] : 측정요구3 OFF
[11:08:29] : 측정요구4 ON
[11:08:37] : 측정요구4 OFF
[11:08:37] : 61,20190130-110838,CF19012850971,CF 19012110101,OK,MAX,2,3,AUTO,0.60,4.40,2.40,OK,0.60,4.40,3.11,OK,
[11:09:03] : REQUEST MEAS. ON
[11:09:11] : REQUEST MEAS. OFF
[11:09:11] : 측정요구 ON 2
[11:09:18] : 측정요구 2OFF
[11:09:18] : 61,20190130-110919,CF19012851591,CF 19012110161,NG,MAX,1,2,AUTO,0.60,4.40,2.89,OK,0.60,4.40,5.00,NG,
[11:09:39] : 측정요구3 ON
[11:09:46] : 측정요구3 OFF
[11:09:46] : 측정요구4 ON
[11:09:54] : 측정요구4 OFF
[11:09:54] : 61,20190130-110955,CF19012852221,CF 19012110151,OK,MAX,2,3,AUTO,0.60,4.40,2.11,OK,0.60,4.40,2.81,OK,
[11:10:06] : REQUEST MEAS. ON
[11:10:13] : REQUEST MEAS. OFF
[11:10:14] : 측정요구 ON 2
[11:10:21] : 측정요구 2OFF
[11:10:21] : 61,20190130-111021,CF19012851531,CF 19012110141,OK,MAX,1,2,AUTO,0.60,4.40,2.00,OK,0.60,4.40,2.21,OK,
[11:10:36] : 측정요구3 ON
[11:10:43] : 측정요구3 OFF
[11:10:43] : 측정요구4 ON
[11:10:51] : 측정요구4 OFF
[11:10:51] : 61,20190130-111052,CF19012852241,CF 19012110041,OK,MAX,2,3,AUTO,0.60,4.40,1.31,OK,0.60,4.40,1.81,OK,
[11:12:14] : REQUEST MEAS. ON
[11:12:21] : REQUEST MEAS. OFF
[11:12:21] : 측정요구 ON 2
[11:12:29] : 측정요구 2OFF
[11:12:29] : 61,20190130-111229,CF19012851571,CF 19012111181,OK,MAX,1,2,AUTO,0.60,4.40,2.51,OK,0.60,4.40,2.31,OK,
[11:12:42] : 측정요구3 ON
[11:12:50] : 측정요구3 OFF
[11:12:50] : 측정요구4 ON
[11:12:58] : 측정요구4 OFF
[11:12:58] : 61,20190130-111258,CF19012851551,CF 19012110111,OK,MAX,2,3,AUTO,0.60,4.40,2.21,OK,0.60,4.40,2.00,OK,
[11:13:33] : REQUEST MEAS. ON
[11:13:40] : REQUEST MEAS. OFF
[11:13:40] : 측정요구 ON 2
[11:13:48] : 측정요구 2OFF
[11:13:48] : 61,20190130-111349,CF19012852301,CF 19012111131,OK,MAX,1,2,AUTO,0.60,4.40,1.81,OK,0.60,4.40,2.10,OK,
[11:14:01] : 측정요구3 ON
[11:14:08] : 측정요구3 OFF
[11:14:08] : 측정요구4 ON
[11:14:16] : 측정요구4 OFF
[11:14:16] : 61,20190130-111416,CF19012851671,CF 19012110941,OK,MAX,2,3,AUTO,0.60,4.40,3.31,OK,0.60,4.40,3.02,OK,
[11:14:28] : REQUEST MEAS. ON
[11:14:36] : REQUEST MEAS. OFF
[11:14:36] : 측정요구 ON 2
[11:14:43] : 측정요구 2OFF
[11:14:43] : 61,20190130-111444,CF19012851661,CF 19012110961,OK,MAX,1,2,AUTO,0.60,4.40,1.69,OK,0.60,4.40,2.60,OK,
[11:14:58] : 측정요구3 ON
[11:15:05] : 측정요구3 OFF
[11:15:05] : 측정요구4 ON
[11:15:13] : 측정요구4 OFF
[11:15:13] : 61,20190130-111513,CF19012851691,CF 19012110971,OK,MAX,2,3,AUTO,0.60,4.40,1.71,OK,0.60,4.40,2.31,OK,
[11:15:22] : REQUEST MEAS. ON
[11:15:30] : REQUEST MEAS. OFF
[11:15:30] : 측정요구 ON 2
[11:15:37] : 측정요구 2OFF
[11:15:37] : 61,20190130-111538,CF19012851701,CF 19012110951,OK,MAX,1,2,AUTO,0.60,4.40,2.61,OK,0.60,4.40,2.71,OK,
[11:15:50] : 측정요구3 ON
[11:15:58] : 측정요구3 OFF
[11:15:58] : 측정요구4 ON
[11:16:06] : 측정요구4 OFF
[11:16:06] : 61,20190130-111606,CF19012850651,CF 19012112061,OK,MAX,2,3,AUTO,0.60,4.40,1.90,OK,0.60,4.40,3.52,OK,
[11:16:16] : REQUEST MEAS. ON
[11:16:24] : REQUEST MEAS. OFF
[11:16:24] : 측정요구 ON 2
[11:16:31] : 측정요구 2OFF
[11:16:31] : 61,20190130-111632,CF19012850671,CF 19012111191,OK,MAX,1,2,AUTO,0.60,4.40,1.70,OK,0.60,4.40,1.90,OK,
[11:16:44] : 측정요구3 ON
[11:16:52] : 측정요구3 OFF
[11:16:52] : 측정요구4 ON
[11:17:00] : 측정요구4 OFF
[11:17:00] : 61,20190130-111700,CF19012850701,CF 19012112051,OK,MAX,2,3,AUTO,0.60,4.40,1.31,OK,0.60,4.40,1.20,OK,
[11:17:12] : REQUEST MEAS. ON
[11:17:19] : REQUEST MEAS. OFF
[11:17:19] : 측정요구 ON 2
[11:17:27] : 측정요구 2OFF
[11:17:27] : 61,20190130-111728,CF19012851601,CF 19012110911,OK,MAX,1,2,AUTO,0.60,4.40,3.20,OK,0.60,4.40,3.31,OK,
[11:17:41] : 측정요구3 ON
[11:17:48] : 측정요구3 OFF
[11:17:48] : 측정요구4 ON
[11:17:56] : 측정요구4 OFF
[11:17:56] : 61,20190130-111756,CF19012851621,CF 19012111001,OK,MAX,2,3,AUTO,0.60,4.40,2.61,OK,0.60,4.40,2.42,OK,
[11:18:05] : REQUEST MEAS. ON
[11:18:12] : REQUEST MEAS. OFF
[11:18:12] : 측정요구 ON 2
[11:18:19] : 측정요구 2OFF
[11:18:19] : 61,20190130-111820,CF19012851971,CF 19012110411,OK,MAX,1,2,AUTO,0.60,4.40,2.50,OK,0.60,4.40,2.61,OK,
[11:18:55] : REQUEST MEAS. ON
[11:19:03] : REQUEST MEAS. OFF
[11:19:03] : 측정요구 ON 2
[11:19:10] : 측정요구 2OFF
[11:19:10] : 61,20190130-111911,CF19012850951,CF 19012112871,OK,MAX,1,2,AUTO,0.60,4.40,1.60,OK,0.60,4.40,2.51,OK,
[11:19:23] : 측정요구3 ON
[11:19:30] : 측정요구3 OFF
[11:19:30] : 측정요구4 ON
[11:19:38] : 측정요구4 OFF
[11:19:38] : 61,20190130-111939,CF19012852011,CF 19012111911,OK,MAX,2,3,AUTO,0.60,4.40,2.10,OK,0.60,4.40,3.32,OK,
[11:19:51] : REQUEST MEAS. ON
[11:19:58] : REQUEST MEAS. OFF
[11:19:58] : 측정요구 ON 2
[11:20:05] : 측정요구 2OFF
[11:20:05] : 61,20190130-112006,CF19012850921,CF 19012112861,OK,MAX,1,2,AUTO,0.60,4.40,1.39,OK,0.60,4.40,1.81,OK,
[11:20:24] : 측정요구3 ON
[11:20:31] : 측정요구3 OFF
[11:20:31] : 측정요구4 ON
[11:20:39] : 측정요구4 OFF
[11:20:39] : 61,20190130-112040,CF19012850991,CF 19012112021,OK,MAX,2,3,AUTO,0.60,4.40,2.10,OK,0.60,4.40,2.92,OK,
[11:20:52] : REQUEST MEAS. ON
[11:20:59] : REQUEST MEAS. OFF
[11:20:59] : 측정요구 ON 2
[11:21:06] : 측정요구 2OFF
[11:21:06] : 61,20190130-112107,CF19012850981,CF 19012111921,OK,MAX,1,2,AUTO,0.60,4.40,3.70,OK,0.60,4.40,3.32,OK,
[11:21:41] : REQUEST MEAS. ON
[11:21:48] : REQUEST MEAS. OFF
[11:21:49] : 측정요구 ON 2
[11:21:56] : 측정요구 2OFF
[11:21:56] : 61,20190130-112157,CF19012851931,CF 19012111011,OK,MAX,1,2,AUTO,0.60,4.40,2.00,OK,0.60,4.40,2.61,OK,
[11:22:08] : 측정요구3 ON
[11:22:16] : 측정요구3 OFF
[11:22:16] : 측정요구4 ON
[11:22:23] : 측정요구4 OFF
[11:22:23] : 61,20190130-112224,CF19012851941,CF 19012111961,OK,MAX,2,3,AUTO,0.60,4.40,1.90,OK,0.60,4.40,2.71,OK,
[11:22:33] : REQUEST MEAS. ON
[11:22:40] : REQUEST MEAS. OFF
[11:22:40] : 측정요구 ON 2
[11:22:48] : 측정요구 2OFF
[11:22:48] : 61,20190130-112249,CF19012852161,CF 19012111891,OK,MAX,1,2,AUTO,0.60,4.40,2.31,OK,0.60,4.40,2.21,OK,
[11:23:11] : 측정요구3 ON
[11:23:18] : 측정요구3 OFF
[11:23:18] : 측정요구4 ON
[11:23:25] : 측정요구4 OFF
[11:23:25] : 61,20190130-112326,CF19012851101,CF 19012110681,OK,MAX,2,3,AUTO,0.60,4.40,1.60,OK,0.60,4.40,2.00,OK,
[11:23:36] : REQUEST MEAS. ON
[11:23:43] : REQUEST MEAS. OFF
[11:23:44] : 측정요구 ON 2
[11:23:51] : 측정요구 2OFF
[11:23:51] : 61,20190130-112352,CF19012851061,CF 19012110771,OK,MAX,1,2,AUTO,0.60,4.40,1.81,OK,0.60,4.40,2.50,OK,
[11:24:04] : 측정요구3 ON
[11:24:11] : 측정요구3 OFF
[11:24:11] : 측정요구4 ON
[11:24:19] : 측정요구4 OFF
[11:24:19] : 61,20190130-112419,CF19012851071,CF 19012110761,OK,MAX,2,3,AUTO,0.60,4.40,1.60,OK,0.60,4.40,2.40,OK,
[11:24:33] : REQUEST MEAS. ON
[11:24:40] : REQUEST MEAS. OFF
[11:24:40] : 측정요구 ON 2
[11:24:47] : 측정요구 2OFF
[11:24:47] : 61,20190130-112448,CF19012851081,CF 19012110691,OK,MAX,1,2,AUTO,0.60,4.40,1.21,OK,0.60,4.40,1.40,OK,
[11:24:58] : 측정요구3 ON
[11:25:06] : 측정요구3 OFF
[11:25:06] : 측정요구4 ON
[11:25:13] : 측정요구4 OFF
[11:25:13] : 61,20190130-112514,CF19012851091,CF 19012110601,OK,MAX,2,3,AUTO,0.60,4.40,2.71,OK,0.60,4.40,2.40,OK,
[11:25:53] : REQUEST MEAS. ON
[11:26:00] : REQUEST MEAS. OFF
[11:26:00] : 측정요구 ON 2
[11:26:08] : 측정요구 2OFF
[11:26:08] : 61,20190130-112608,CF19012851011,CF 19012110631,OK,MAX,1,2,AUTO,0.60,4.40,2.31,OK,0.60,4.40,2.50,OK,
[11:26:21] : 측정요구3 ON
[11:26:29] : 측정요구3 OFF
[11:26:29] : 측정요구4 ON
[11:26:37] : 측정요구4 OFF
[11:26:37] : 61,20190130-112638,CF19012851031,CF 19012110061,OK,MAX,2,3,AUTO,0.60,4.40,1.50,OK,0.60,4.40,2.21,OK,
[11:26:47] : REQUEST MEAS. ON
[11:26:54] : REQUEST MEAS. OFF
[11:26:54] : 측정요구 ON 2
[11:27:01] : 측정요구 2OFF
[11:27:01] : 61,20190130-112702,CF19012851051,CF 19012110641,OK,MAX,1,2,AUTO,0.60,4.40,2.20,OK,0.60,4.40,2.10,OK,
[11:27:15] : 측정요구3 ON
[11:27:22] : 측정요구3 OFF
[11:27:22] : 측정요구4 ON
[11:27:30] : 측정요구4 OFF
[11:27:30] : 61,20190130-112730,CF19012852491,CF 19012110591,OK,MAX,2,3,AUTO,0.60,4.40,1.21,OK,0.60,4.40,0.98,OK,
[11:27:39] : REQUEST MEAS. ON
[11:27:47] : REQUEST MEAS. OFF
[11:27:47] : 측정요구 ON 2
[11:27:55] : 측정요구 2OFF
[11:27:55] : 61,20190130-112755,CF19012852171,CF 19012110701,OK,MAX,1,2,AUTO,0.60,4.40,2.40,OK,0.60,4.40,2.61,OK,
[11:28:07] : 측정요구3 ON
[11:28:14] : 측정요구3 OFF
[11:28:14] : 측정요구4 ON
[11:28:22] : 측정요구4 OFF
[11:28:22] : 61,20190130-112823,CF19012852181,CF 19012110561,OK,MAX,2,3,AUTO,0.60,4.40,1.71,OK,0.60,4.40,2.50,OK,
[11:28:34] : REQUEST MEAS. ON
[11:28:42] : REQUEST MEAS. OFF
[11:28:42] : 측정요구 ON 2
[11:28:49] : 측정요구 2OFF
[11:28:49] : 61,20190130-112850,CF19012852191,CF 19012110741,OK,MAX,1,2,AUTO,0.60,4.40,2.99,OK,0.60,4.40,2.92,OK,
[11:29:01] : 측정요구3 ON
[11:29:08] : 측정요구3 OFF
[11:29:08] : 측정요구4 ON
[11:29:15] : 측정요구4 OFF
[11:29:15] : 61,20190130-112916,CF19012852211,CF 19012110501,OK,MAX,2,3,AUTO,0.60,4.40,1.50,OK,0.60,4.40,1.60,OK,
[11:29:26] : REQUEST MEAS. ON
[11:29:33] : REQUEST MEAS. OFF
[11:29:34] : 측정요구 ON 2
[11:29:41] : 측정요구 2OFF
[11:29:41] : 61,20190130-112942,CF19012852571,CF 19012110721,OK,MAX,1,2,AUTO,0.60,4.40,2.10,OK,0.60,4.40,2.31,OK,
[11:29:56] : 측정요구3 ON
[11:30:03] : 측정요구3 OFF
[11:30:03] : 측정요구4 ON
[11:30:11] : 측정요구4 OFF
[11:30:11] : 61,20190130-113011,CF19012851301,CF 19012111811,OK,MAX,2,3,AUTO,0.60,4.40,1.81,OK,0.60,4.40,2.40,OK,
[11:30:48] : REQUEST MEAS. ON
[11:30:55] : REQUEST MEAS. OFF
[11:30:55] : 측정요구 ON 2
[11:31:02] : 측정요구 2OFF
[11:31:02] : 61,20190130-113103,CF19012852131,CF 19012111941,OK,MAX,1,2,AUTO,0.60,4.40,2.40,OK,0.60,4.40,2.81,OK,
[11:31:15] : 측정요구3 ON
[11:31:22] : 측정요구3 OFF
[11:31:22] : 측정요구4 ON
[11:31:30] : 측정요구4 OFF
[11:31:30] : 61,20190130-113130,CF19012851291,CF 19012110451,OK,MAX,2,3,AUTO,0.60,4.40,3.30,OK,0.60,4.40,3.92,OK,
[11:31:42] : REQUEST MEAS. ON
[11:31:49] : REQUEST MEAS. OFF
[11:31:49] : 측정요구 ON 2
[11:31:57] : 측정요구 2OFF
[11:31:57] : 61,20190130-113158,CF19012851771,CF 19012111741,OK,MAX,1,2,AUTO,0.60,4.40,1.60,OK,0.60,4.40,1.71,OK,
[11:32:13] : 측정요구3 ON
[11:32:20] : 측정요구3 OFF
[11:32:20] : 측정요구4 ON
[11:32:28] : 측정요구4 OFF
[11:32:28] : 61,20190130-113228,CF19012851791,CF 19012112921,OK,MAX,2,3,AUTO,0.60,4.40,2.11,OK,0.60,4.40,2.40,OK,
[11:32:40] : REQUEST MEAS. ON
[11:32:47] : REQUEST MEAS. OFF
[11:32:47] : 측정요구 ON 2
[11:32:55] : 측정요구 2OFF
[11:32:55] : 61,20190130-113255,CF19012851801,CF 19012112891,OK,MAX,1,2,AUTO,0.60,4.40,1.20,OK,0.60,4.40,2.31,OK,
[11:33:08] : 측정요구3 ON
[11:33:16] : 측정요구3 OFF
[11:33:16] : 측정요구4 ON
[11:33:23] : 측정요구4 OFF
[11:33:23] : 61,20190130-113323,CF19012851711,CF 19012110031,OK,MAX,2,3,AUTO,0.60,4.40,1.71,OK,0.60,4.40,1.81,OK,
[11:33:32] : REQUEST MEAS. ON
[11:33:39] : REQUEST MEAS. OFF
[11:33:39] : 측정요구 ON 2
[11:33:47] : 측정요구 2OFF
[11:33:47] : 61,20190130-113348,CF19012851721,CF 19012112821,OK,MAX,1,2,AUTO,0.60,4.40,1.81,OK,0.60,4.40,2.31,OK,
[11:34:03] : 측정요구3 ON
[11:34:10] : 측정요구3 OFF
[11:34:10] : 측정요구4 ON
[11:34:18] : 측정요구4 OFF
[11:34:18] : 61,20190130-113418,CF19012851191,CF 19012111971,OK,MAX,2,3,AUTO,0.60,4.40,1.81,OK,0.60,4.40,2.71,OK,
[11:34:26] : REQUEST MEAS. ON
[11:34:33] : REQUEST MEAS. OFF
[11:34:33] : 측정요구 ON 2
[11:34:41] : 측정요구 2OFF
[11:34:41] : 61,20190130-113442,CF19012851151,CF 19012111851,OK,MAX,1,2,AUTO,0.60,4.40,1.10,OK,0.60,4.40,1.40,OK,
[11:34:56] : 측정요구3 ON
[11:35:03] : 측정요구3 OFF
[11:35:03] : 측정요구4 ON
[11:35:11] : 측정요구4 OFF
[11:35:11] : 61,20190130-113511,CF19012851161,CF 19012111691,OK,MAX,2,3,AUTO,0.60,4.40,1.31,OK,0.60,4.40,2.00,OK,
[11:35:21] : REQUEST MEAS. ON
[11:35:28] : REQUEST MEAS. OFF
[11:35:29] : 측정요구 ON 2
[11:35:36] : 측정요구 2OFF
[11:35:36] : 61,20190130-113537,CF19012851111,CF 19012110791,OK,MAX,1,2,AUTO,0.60,4.40,3.00,OK,0.60,4.40,3.10,OK,
[11:35:49] : 측정요구3 ON
[11:35:57] : 측정요구3 OFF
[11:35:57] : 측정요구4 ON
[11:36:04] : 측정요구4 OFF
[11:36:04] : 61,20190130-113605,CF19012851121,CF 19012111731,OK,MAX,2,3,AUTO,0.60,4.40,2.21,OK,0.60,4.40,2.61,OK,
[11:36:14] : REQUEST MEAS. ON
[11:36:21] : REQUEST MEAS. OFF
[11:36:21] : 측정요구 ON 2
[11:36:29] : 측정요구 2OFF
[11:36:29] : 61,20190130-113630,CF19012852051,CF 19012113241,OK,MAX,1,2,AUTO,0.60,4.40,2.10,OK,0.60,4.40,3.11,OK,
[11:36:44] : 측정요구3 ON
[11:36:51] : 측정요구3 OFF
[11:36:51] : 측정요구4 ON
[11:36:58] : 측정요구4 OFF
[11:36:58] : 61,20190130-113659,CF19012852061,CF 19012113291,OK,MAX,2,3,AUTO,0.60,4.40,2.91,OK,0.60,4.40,2.40,OK,
[11:37:09] : REQUEST MEAS. ON
[11:37:16] : REQUEST MEAS. OFF
[11:37:17] : 측정요구 ON 2
[11:37:24] : 측정요구 2OFF
[11:37:24] : 61,20190130-113725,CF19012850861,CF 19012110781,OK,MAX,1,2,AUTO,0.60,4.40,1.81,OK,0.60,4.40,2.21,OK,
[11:37:57] : REQUEST MEAS. ON
[11:38:04] : REQUEST MEAS. OFF
[11:38:05] : 측정요구 ON 2
[11:38:12] : 측정요구 2OFF
[11:38:12] : 61,20190130-113813,CF19012850871,CF 19012111771,OK,MAX,1,2,AUTO,0.60,4.40,2.81,OK,0.60,4.40,2.31,OK,
[11:38:42] : 측정요구3 ON
[11:38:49] : 측정요구3 OFF
[11:38:49] : 측정요구4 ON
[11:38:57] : 측정요구4 OFF
[11:38:57] : 61,20190130-113857,CF19012850881,CF 19012111791,OK,MAX,2,3,AUTO,0.60,4.40,2.61,OK,0.60,4.40,2.81,OK,
[11:38:57] : REQUEST MEAS. ON
[11:39:04] : REQUEST MEAS. OFF
[11:39:04] : 측정요구 ON 2
[11:39:12] : 측정요구 2OFF
[11:39:12] : 61,20190130-113913,CF19012850891,CF 19012111781,OK,MAX,1,2,AUTO,0.60,4.40,2.40,OK,0.60,4.40,1.90,OK,
[11:39:43] : 측정요구3 ON
[11:39:50] : 측정요구3 OFF
[11:39:50] : 측정요구4 ON
[11:39:57] : 측정요구4 OFF
[11:39:57] : 61,20190130-113958,CF19012850901,CF 19012111831,OK,MAX,2,3,AUTO,0.60,4.40,2.21,OK,0.60,4.40,2.51,OK,
[11:39:57] : REQUEST MEAS. ON
[11:40:05] : REQUEST MEAS. OFF
[11:40:05] : 측정요구 ON 2
[11:40:13] : 측정요구 2OFF
[11:40:13] : 61,20190130-114014,CF19012850821,CF 19012111821,OK,MAX,1,2,AUTO,0.60,4.40,1.90,OK,0.60,4.40,2.10,OK,
[11:40:44] : 측정요구3 ON
[11:40:52] : 측정요구3 OFF
[11:40:52] : 측정요구4 ON
[11:40:59] : 측정요구4 OFF
[11:40:59] : 61,20190130-114100,CF19012850831,CF 19012111841,OK,MAX,2,3,AUTO,0.60,4.40,2.31,OK,0.60,4.40,2.31,OK,
[11:42:09] : AUTO RUNNING OFF
[11:43:14] : MEAS ESC ON
[11:43:17] : MEAS ESC OFF
 
