[08:19:52] : AUTO RUNNING OFF
[09:10:41] : PROGRAM END
 
[09:11:38] : PROGRAM START
[09:11:41] : AUTO RUNNING OFF
[09:11:41] : REQUEST MEAS. OFF
[09:11:41] : REQUEST ZEROSET OFF
[09:11:41] : REQUEST ZEROSET OFF
[09:12:41] : 0
[09:12:41] : 0
[09:12:41] : 0
[09:12:45] : 0
[09:12:45] : 0
[09:12:45] : 0
[09:20:19] : MEAS ESC ON
[09:20:20] : MEAS ESC OFF
[09:20:20] : AUTO RUNNING ON
[09:37:06] : AUTO RUNNING OFF
[09:37:48] : MEAS ESC ON
[09:38:28] : MEAS ESC OFF
[09:38:28] : AUTO RUNNING ON
[09:38:55] : REQUEST MEAS. ON
[09:39:03] : REQUEST MEAS. OFF
[09:39:03] : 측정요구 ON 2
[09:39:10] : 측정요구 2OFF
[09:39:10] : 61,20190103-093911,,,OK,MAX,1,2,AUTO,1.10,4.40,2.02,OK,1.10,4.40,1.20,OK,
[10:01:18] : AUTO RUNNING OFF
[10:03:01] : MEAS ESC ON
[10:03:02] : MEAS ESC OFF
[10:03:02] : AUTO RUNNING ON
[10:14:22] : AUTO RUNNING OFF
[10:14:38] : MEAS ESC ON
[10:53:31] : PROGRAM END
 
[10:57:05] : PROGRAM START
[10:57:09] : MEAS ESC ON
[10:57:09] : AUTO RUNNING OFF
[10:57:09] : REQUEST MEAS. OFF
[10:57:09] : REQUEST ZEROSET OFF
[10:57:09] : REQUEST ZEROSET OFF
[10:57:20] : PROGRAM END
 
[10:57:27] : PROGRAM START
[10:57:29] : MEAS ESC ON
[10:57:29] : AUTO RUNNING OFF
[10:57:29] : REQUEST MEAS. OFF
[10:57:29] : REQUEST ZEROSET OFF
[10:57:29] : REQUEST ZEROSET OFF
[10:58:29] : MEAS ESC OFF
[10:58:29] : AUTO RUNNING ON
[10:58:56] : REQUEST MEAS. ON
[10:59:03] : REQUEST MEAS. OFF
[10:59:04] : 측정요구 ON 2
[10:59:11] : 측정요구 2OFF
[10:59:11] : 61,20190103-105912,,,NG,MAX,1,2,AUTO,1.10,4.40,1.80,OK,1.10,4.40,-9999.00,NG,
[10:59:28] : 측정요구3 ON
[10:59:35] : 측정요구3 OFF
[10:59:35] : 측정요구4 ON
[10:59:42] : 측정요구4 OFF
[10:59:42] : 61,20190103-105943,,,NG,MAX,2,2,AUTO,1.10,4.40,1.88,OK,1.10,4.40,-9999.00,NG,
[11:12:35] : AUTO RUNNING OFF
[11:12:42] : MEAS ESC ON
[11:12:46] : MEAS ESC OFF
[11:12:46] : AUTO RUNNING ON
[11:12:56] : AUTO RUNNING OFF
[11:21:59] : MEAS ESC ON
[11:21:59] : MEAS ESC OFF
[11:21:59] : AUTO RUNNING ON
[11:22:27] : REQUEST MEAS. ON
[11:22:34] : REQUEST MEAS. OFF
[11:22:34] : 측정요구 ON 2
[11:22:42] : 측정요구 2OFF
[11:22:42] : 61,20190103-112243,,,NG,MAX,1,2,AUTO,1.10,4.40,1.80,OK,1.10,4.40,-9999.00,NG,
[11:22:56] : 측정요구3 ON
[11:23:04] : 측정요구3 OFF
[11:23:04] : 측정요구4 ON
[11:23:11] : 측정요구4 OFF
[11:23:11] : 61,20190103-112312,,,NG,MAX,2,2,AUTO,1.10,4.40,1.98,OK,1.10,4.40,-9999.00,NG,
[11:23:16] : AUTO RUNNING OFF
[11:24:49] : MEAS ESC ON
[11:24:50] : MEAS ESC OFF
[11:24:50] : AUTO RUNNING ON
[11:25:24] : REQUEST MEAS. ON
[11:25:32] : REQUEST MEAS. OFF
[11:25:32] : 측정요구 ON 2
[11:25:39] : 측정요구 2OFF
[11:25:39] : 61,20190103-112540,,,OK,MAX,1,2,AUTO,1.10,4.40,1.79,OK,1.10,4.40,1.42,OK,
[11:25:41] : 측정요구3 ON
[11:25:49] : 측정요구3 OFF
[11:25:49] : 측정요구4 ON
[11:25:56] : 측정요구4 OFF
[11:25:56] : 61,20190103-112557,,,OK,MAX,2,3,AUTO,1.10,4.40,2.18,OK,1.10,4.40,1.65,OK,
[11:26:10] : REQUEST MEAS. ON
[11:26:17] : REQUEST MEAS. OFF
[11:26:17] : 측정요구 ON 2
[11:26:24] : 측정요구 2OFF
[11:26:24] : 61,20190103-112625,,,OK,MAX,1,2,AUTO,1.10,4.40,2.86,OK,1.10,4.40,1.76,OK,
[11:26:32] : 측정요구3 ON
[11:26:39] : 측정요구3 OFF
[11:26:39] : 측정요구4 ON
[11:26:47] : 측정요구4 OFF
[11:26:47] : 61,20190103-112647,,,OK,MAX,2,3,AUTO,1.10,4.40,3.27,OK,1.10,4.40,2.05,OK,
[11:27:00] : REQUEST MEAS. ON
[11:27:07] : REQUEST MEAS. OFF
[11:27:07] : 측정요구 ON 2
[11:27:14] : 측정요구 2OFF
[11:27:14] : 61,20190103-112715,,,OK,MAX,1,2,AUTO,1.10,4.40,2.14,OK,1.10,4.40,1.73,OK,
[11:28:43] : REQUEST MEAS. ON
[11:28:51] : REQUEST MEAS. OFF
[11:28:51] : 측정요구 ON 2
[11:28:58] : 측정요구 2OFF
[11:28:58] : 61,20190103-112859,,,NG,MAX,1,2,AUTO,1.10,4.40,1.49,OK,1.10,4.40,0.81,NG,
[11:31:36] : REQUEST MEAS. ON
[11:31:43] : REQUEST MEAS. OFF
[11:31:43] : 측정요구 ON 2
[11:31:50] : 측정요구 2OFF
[11:31:50] : 61,20190103-113150,,,OK,MAX,1,2,AUTO,1.10,4.40,2.90,OK,1.10,4.40,1.98,OK,
[11:48:32] : REQUEST MEAS. ON
[11:48:39] : REQUEST MEAS. OFF
[11:48:39] : 측정요구 ON 2
[11:48:47] : 측정요구 2OFF
[11:48:47] : 61,20190103-114848,,,OK,MAX,1,2,AUTO,1.10,4.40,3.04,OK,1.10,4.40,2.83,OK,
[11:49:22] : REQUEST MEAS. ON
[11:49:29] : REQUEST MEAS. OFF
[11:49:29] : 측정요구 ON 2
[11:49:37] : 측정요구 2OFF
[11:49:37] : 61,20190103-114938,,,OK,MAX,1,2,AUTO,1.10,4.40,2.71,OK,1.10,4.40,1.82,OK,
[11:49:47] : 측정요구3 ON
[11:49:54] : 측정요구3 OFF
[11:49:54] : 측정요구4 ON
[11:50:01] : 측정요구4 OFF
[11:50:01] : 61,20190103-115002,,,OK,MAX,2,3,AUTO,1.10,4.40,1.98,OK,1.10,4.40,1.85,OK,
 
[16:06:23] : PROGRAM START
[16:06:45] : TCP FAIL 1
[16:06:54] : Plc Error Timer
[16:06:59] : TCP FAIL 1
[16:07:06] : Plc Error Timer
[16:07:50] : PROGRAM END
 
[16:08:31] : PROGRAM START
[16:08:38] : TCP FAIL 1
[16:08:41] : TCP FAIL 1
[16:08:49] : Plc Error Timer
[16:08:54] : PROGRAM END
 
[16:30:43] : PROGRAM START
[16:30:51] : Plc Error Timer
[16:31:17] : TCP FAIL 1
[16:31:21] : TCP FAIL 1
[16:31:28] : Plc Error Timer
[16:31:34] : PROGRAM END
 
[16:51:14] : PROGRAM START
[16:51:19] : TCP FAIL 1
[16:51:23] : TCP FAIL 1
[16:51:30] : Plc Error Timer
[16:51:48] : PROGRAM END
 
[16:52:16] : PROGRAM START
[16:52:24] : Plc Error Timer
[16:56:08] : TCP FAIL 1
[16:56:13] : TCP FAIL 1
[16:56:20] : Plc Error Timer
[16:56:44] : TCP FAIL 1
[16:56:48] : TCP FAIL 1
[16:56:56] : Plc Error Timer
[16:58:04] : PROGRAM END
 
