[09:56:39] : MEAS ESC ON
[10:00:52] : MEAS ESC OFF
[10:00:52] : AUTO RUNNING ON
[10:08:40] : REQUEST MEAS. ON
[10:08:47] : REQUEST MEAS. OFF
[10:08:47] : 측정요구 ON 2
[10:08:54] : 측정요구 2OFF
[10:08:54] : 61,20190107-100855,AL19010242713,,OK,MAX,1,2,AUTO,1.10,4.40,1.37,OK,1.10,4.40,2.28,OK,
[10:09:08] : 측정요구3 ON
[10:09:15] : 측정요구3 OFF
[10:09:15] : 측정요구4 ON
[10:09:23] : 측정요구4 OFF
[10:09:23] : 61,20190107-100924,AL19010242653,,OK,MAX,2,3,AUTO,1.10,4.40,2.59,OK,1.10,4.40,2.61,OK,
[10:09:40] : REQUEST MEAS. ON
[10:09:47] : REQUEST MEAS. OFF
[10:09:47] : 측정요구 ON 2
[10:09:54] : 측정요구 2OFF
[10:09:54] : 61,20190107-100955,AL19010242703,,OK,MAX,1,2,AUTO,1.10,4.40,2.32,OK,1.10,4.40,2.60,OK,
[10:12:28] : REQUEST MEAS. ON
[10:12:35] : REQUEST MEAS. OFF
[10:12:35] : 측정요구 ON 2
[10:12:43] : 측정요구 2OFF
[10:12:43] : 61,20190107-101243,AL19010242793,,OK,MAX,1,2,AUTO,1.10,4.40,2.43,OK,1.10,4.40,2.84,OK,
[10:12:58] : 측정요구3 ON
[10:13:06] : 측정요구3 OFF
[10:13:06] : 측정요구4 ON
[10:13:13] : 측정요구4 OFF
[10:13:13] : 61,20190107-101314,AL19010242673,,OK,MAX,2,3,AUTO,1.10,4.40,2.09,OK,1.10,4.40,2.18,OK,
[10:13:29] : REQUEST MEAS. ON
[10:13:36] : REQUEST MEAS. OFF
[10:13:36] : 측정요구 ON 2
[10:13:44] : 측정요구 2OFF
[10:13:44] : 61,20190107-101345,AL19010242683,,OK,MAX,1,2,AUTO,1.10,4.40,2.07,OK,1.10,4.40,2.48,OK,
[10:30:07] : REQUEST MEAS. ON
[10:30:14] : REQUEST MEAS. OFF
[10:30:14] : 측정요구 ON 2
[10:30:21] : 측정요구 2OFF
[10:30:21] : 61,20190107-103021,AL19010242773,,OK,MAX,1,2,AUTO,1.10,4.40,1.61,OK,1.10,4.40,2.37,OK,
[10:30:43] : 측정요구3 ON
[10:30:50] : 측정요구3 OFF
[10:30:50] : 측정요구4 ON
[10:30:57] : 측정요구4 OFF
[10:30:57] : 61,20190107-103058,AL19010242783,,OK,MAX,2,3,AUTO,1.10,4.40,2.08,OK,1.10,4.40,1.89,OK,
[10:31:15] : REQUEST MEAS. ON
[10:31:22] : REQUEST MEAS. OFF
[10:31:22] : 측정요구 ON 2
[10:31:30] : 측정요구 2OFF
[10:31:30] : 61,20190107-103130,AL19010242663,,OK,MAX,1,2,AUTO,1.10,4.40,2.12,OK,1.10,4.40,2.31,OK,
[10:32:56] : REQUEST MEAS. ON
[10:33:04] : REQUEST MEAS. OFF
[10:33:04] : 측정요구 ON 2
[10:33:11] : 측정요구 2OFF
[10:33:11] : 61,20190107-103312,AL19010242903,,NG,MAX,1,0,AUTO,1.10,4.40,0.82,NG,1.10,4.40,1.51,OK,
[10:38:40] : REQUEST MEAS. ON
[10:38:47] : REQUEST MEAS. OFF
[10:38:47] : 측정요구 ON 2
[10:38:54] : 측정요구 2OFF
[10:38:54] : 61,20190107-103855,,,OK,MAX,1,2,AUTO,1.10,4.40,2.02,OK,1.10,4.40,2.41,OK,
[10:40:38] : REQUEST MEAS. ON
[10:40:45] : REQUEST MEAS. OFF
[10:40:45] : 측정요구 ON 2
[10:40:52] : 측정요구 2OFF
[10:40:52] : 61,20190107-104053,AL19010242803,,NG,MAX,1,0,AUTO,1.10,4.40,0.39,NG,1.10,4.40,0.70,NG,
[10:41:08] : 측정요구3 ON
[10:41:16] : 측정요구3 OFF
[10:41:16] : 측정요구4 ON
[10:41:23] : 측정요구4 OFF
[10:41:23] : 61,20190107-104124,AL19010243083,,OK,MAX,2,3,AUTO,1.10,4.40,1.82,OK,1.10,4.40,1.32,OK,
[10:41:40] : REQUEST MEAS. ON
[10:41:47] : REQUEST MEAS. OFF
[10:41:47] : 측정요구 ON 2
[10:41:54] : 측정요구 2OFF
[10:41:54] : 61,20190107-104155,AL19010242813,,OK,MAX,1,2,AUTO,1.10,4.40,1.65,OK,1.10,4.40,1.99,OK,
[10:43:00] : REQUEST MEAS. ON
[10:43:07] : REQUEST MEAS. OFF
[10:43:07] : 측정요구 ON 2
[10:43:15] : 측정요구 2OFF
[10:43:15] : 61,20190107-104315,AL19010243073,,NG,MAX,1,0,AUTO,1.10,4.40,0.92,NG,1.10,4.40,1.61,OK,
[10:43:42] : 측정요구3 ON
[10:43:49] : 측정요구3 OFF
[10:43:49] : 측정요구4 ON
[10:43:57] : 측정요구4 OFF
[10:43:57] : 61,20190107-104357,AL19010243063,,OK,MAX,2,3,AUTO,1.10,4.40,3.05,OK,1.10,4.40,2.63,OK,
[10:44:44] : REQUEST MEAS. ON
[10:44:52] : REQUEST MEAS. OFF
[10:44:52] : 측정요구 ON 2
[10:45:00] : 측정요구 2OFF
[10:45:00] : 61,20190107-104500,AL19010242823,,NG,MAX,1,0,AUTO,1.10,4.40,0.72,NG,1.10,4.40,1.50,OK,
[10:45:19] : 측정요구3 ON
[10:45:26] : 측정요구3 OFF
[10:45:26] : 측정요구4 ON
[10:45:34] : 측정요구4 OFF
[10:45:34] : 61,20190107-104535,AL19010242453,,OK,MAX,2,3,AUTO,1.10,4.40,2.42,OK,1.10,4.40,2.20,OK,
[10:45:52] : REQUEST MEAS. ON
[10:45:59] : REQUEST MEAS. OFF
[10:45:59] : 측정요구 ON 2
[10:46:06] : 측정요구 2OFF
[10:46:06] : 61,20190107-104607,AL19010242433,,OK,MAX,1,2,AUTO,1.10,4.40,2.22,OK,1.10,4.40,2.81,OK,
[10:53:20] : REQUEST MEAS. ON
[10:53:27] : REQUEST MEAS. OFF
[10:53:27] : 측정요구 ON 2
[10:53:35] : 측정요구 2OFF
[10:53:35] : 61,20190107-105335,AL19010242473,,OK,MAX,1,2,AUTO,1.10,4.40,1.82,OK,1.10,4.40,2.30,OK,
[10:53:49] : 측정요구3 ON
[10:53:56] : 측정요구3 OFF
[10:53:56] : 측정요구4 ON
[10:54:04] : 측정요구4 OFF
[10:54:04] : 61,20190107-105405,AL19010242493,,OK,MAX,2,3,AUTO,1.10,4.40,2.63,OK,1.10,4.40,1.92,OK,
[10:54:20] : REQUEST MEAS. ON
[10:54:27] : REQUEST MEAS. OFF
[10:54:28] : 측정요구 ON 2
[10:54:35] : 측정요구 2OFF
[10:54:35] : 61,20190107-105436,AL19010242443,,OK,MAX,1,2,AUTO,1.10,4.40,1.72,OK,1.10,4.40,2.62,OK,
[10:57:53] : REQUEST MEAS. ON
[10:58:00] : REQUEST MEAS. OFF
[10:58:00] : 측정요구 ON 2
[10:58:07] : 측정요구 2OFF
[10:58:07] : 61,20190107-105808,AL19010242553,,OK,MAX,1,2,AUTO,1.10,4.40,1.61,OK,1.10,4.40,2.31,OK,
[10:58:26] : 측정요구3 ON
[10:58:33] : 측정요구3 OFF
[10:58:33] : 측정요구4 ON
[10:58:41] : 측정요구4 OFF
[10:58:41] : 61,20190107-105841,AL19010242763,,OK,MAX,2,3,AUTO,1.10,4.40,2.53,OK,1.10,4.40,2.10,OK,
[11:01:07] : REQUEST MEAS. ON
[11:01:14] : REQUEST MEAS. OFF
[11:01:14] : 측정요구 ON 2
[11:01:22] : 측정요구 2OFF
[11:01:22] : 61,20190107-110123,AL19010242543,,OK,MAX,1,2,AUTO,1.10,4.40,2.73,OK,1.10,4.40,3.27,OK,
[11:01:41] : 측정요구3 ON
[11:01:49] : 측정요구3 OFF
[11:01:49] : 측정요구4 ON
[11:01:56] : 측정요구4 OFF
[11:01:56] : 61,20190107-110157,AL19010242533,,OK,MAX,2,3,AUTO,1.10,4.40,3.01,OK,1.10,4.40,2.58,OK,
[11:02:15] : REQUEST MEAS. ON
[11:02:22] : REQUEST MEAS. OFF
[11:02:22] : 측정요구 ON 2
[11:02:29] : 측정요구 2OFF
[11:02:29] : 61,20190107-110230,AL19010242613,,OK,MAX,1,2,AUTO,1.10,4.40,1.82,OK,1.10,4.40,2.41,OK,
[11:03:29] : REQUEST MEAS. ON
[11:03:37] : REQUEST MEAS. OFF
[11:03:37] : 측정요구 ON 2
[11:03:44] : 측정요구 2OFF
[11:03:44] : 61,20190107-110345,AL19010242573,,OK,MAX,1,2,AUTO,1.10,4.40,1.94,OK,1.10,4.40,2.16,OK,
[11:04:01] : 측정요구3 ON
[11:04:08] : 측정요구3 OFF
[11:04:08] : 측정요구4 ON
[11:04:16] : 측정요구4 OFF
[11:04:16] : 61,20190107-110417,AL19010242583,,OK,MAX,2,3,AUTO,1.10,4.40,2.13,OK,1.10,4.40,2.06,OK,
[11:04:33] : REQUEST MEAS. ON
[11:04:40] : REQUEST MEAS. OFF
[11:04:40] : 측정요구 ON 2
[11:04:48] : 측정요구 2OFF
[11:04:48] : 61,20190107-110448,AL19010242753,,OK,MAX,1,2,AUTO,1.10,4.40,2.11,OK,1.10,4.40,2.60,OK,
[11:05:57] : REQUEST MEAS. ON
[11:06:04] : REQUEST MEAS. OFF
[11:06:04] : 측정요구 ON 2
[11:06:12] : 측정요구 2OFF
[11:06:12] : 61,20190107-110612,AL19010242833,,NG,MAX,1,2,AUTO,1.10,4.40,1.02,NG,1.10,4.40,1.60,OK,
[11:06:29] : 측정요구3 ON
[11:06:37] : 측정요구3 OFF
[11:06:37] : 측정요구4 ON
[11:06:44] : 측정요구4 OFF
[11:06:44] : 61,20190107-110645,AL19010242633,,OK,MAX,2,3,AUTO,1.10,4.40,2.72,OK,1.10,4.40,2.61,OK,
[11:07:04] : REQUEST MEAS. ON
[11:07:11] : REQUEST MEAS. OFF
[11:07:11] : 측정요구 ON 2
[11:07:19] : 측정요구 2OFF
[11:07:19] : 61,20190107-110719,AL19010242693,,OK,MAX,1,2,AUTO,1.10,4.40,1.82,OK,1.10,4.40,2.45,OK,
[11:08:32] : REQUEST MEAS. ON
[11:08:39] : REQUEST MEAS. OFF
[11:08:39] : 측정요구 ON 2
[11:08:47] : 측정요구 2OFF
[11:08:47] : 61,20190107-110847,AL19010242733,,OK,MAX,1,2,AUTO,1.10,4.40,2.33,OK,1.10,4.40,2.51,OK,
[11:09:05] : 측정요구3 ON
[11:09:12] : 측정요구3 OFF
[11:09:12] : 측정요구4 ON
[11:09:20] : 측정요구4 OFF
[11:09:20] : 61,20190107-110921,AL19010242723,,OK,MAX,2,3,AUTO,1.10,4.40,2.02,OK,1.10,4.40,2.10,OK,
[11:09:39] : REQUEST MEAS. ON
[11:09:46] : REQUEST MEAS. OFF
[11:09:46] : 측정요구 ON 2
[11:09:53] : 측정요구 2OFF
[11:09:53] : 61,20190107-110954,AL19010242643,,OK,MAX,1,2,AUTO,1.10,4.40,2.21,OK,1.10,4.40,2.62,OK,
[11:10:40] : REQUEST MEAS. ON
[11:10:47] : REQUEST MEAS. OFF
[11:10:47] : 측정요구 ON 2
[11:10:54] : 측정요구 2OFF
[11:10:54] : 61,20190107-111055,AL19010243503,,OK,MAX,1,2,AUTO,1.10,4.40,1.24,OK,1.10,4.40,1.65,OK,
[11:11:12] : 측정요구3 ON
[11:11:19] : 측정요구3 OFF
[11:11:19] : 측정요구4 ON
[11:11:27] : 측정요구4 OFF
[11:11:27] : 61,20190107-111127,AL19010243533,,OK,MAX,2,3,AUTO,1.10,4.40,1.62,OK,1.10,4.40,1.70,OK,
[11:18:56] : REQUEST MEAS. ON
[11:19:03] : REQUEST MEAS. OFF
[11:19:03] : 측정요구 ON 2
[11:19:10] : 측정요구 2OFF
[11:19:10] : 61,20190107-111911,AL19010243553,,OK,MAX,1,2,AUTO,1.10,4.40,2.22,OK,1.10,4.40,2.12,OK,
[11:19:38] : 측정요구3 ON
[11:19:45] : 측정요구3 OFF
[11:19:45] : 측정요구4 ON
[11:19:53] : 측정요구4 OFF
[11:19:53] : 61,20190107-111953,AL19010243543,,OK,MAX,2,3,AUTO,1.10,4.40,2.12,OK,1.10,4.40,2.11,OK,
[11:20:34] : REQUEST MEAS. ON
[11:20:41] : REQUEST MEAS. OFF
[11:20:42] : 측정요구 ON 2
[11:20:49] : 측정요구 2OFF
[11:20:49] : 61,20190107-112049,AL19010243563,,OK,MAX,1,2,AUTO,1.10,4.40,2.22,OK,1.10,4.40,2.54,OK,
[11:21:47] : REQUEST MEAS. ON
[11:21:54] : REQUEST MEAS. OFF
[11:21:54] : 측정요구 ON 2
[11:22:02] : 측정요구 2OFF
[11:22:02] : 61,20190107-112202,AL19010243793,,NG,MAX,1,2,AUTO,1.10,4.40,1.05,NG,1.10,4.40,1.54,OK,
[11:22:21] : 측정요구3 ON
[11:22:28] : 측정요구3 OFF
[11:22:28] : 측정요구4 ON
[11:22:36] : 측정요구4 OFF
[11:22:36] : 61,20190107-112237,AL19010243573,,OK,MAX,2,3,AUTO,1.10,4.40,2.41,OK,1.10,4.40,1.71,OK,
[11:22:54] : REQUEST MEAS. ON
[11:23:01] : REQUEST MEAS. OFF
[11:23:01] : 측정요구 ON 2
[11:23:09] : 측정요구 2OFF
[11:23:09] : 61,20190107-112309,AL19010243583,,NG,MAX,1,0,AUTO,1.10,4.40,0.92,NG,1.10,4.40,1.50,OK,
[11:23:32] : 측정요구3 ON
[11:23:39] : 측정요구3 OFF
[11:23:39] : 측정요구4 ON
[11:23:47] : 측정요구4 OFF
[11:23:47] : 61,20190107-112348,AL19010243783,,OK,MAX,2,3,AUTO,1.10,4.40,2.31,OK,1.10,4.40,1.74,OK,
[11:24:04] : REQUEST MEAS. ON
[11:24:11] : REQUEST MEAS. OFF
[11:24:11] : 측정요구 ON 2
[11:24:19] : 측정요구 2OFF
[11:24:19] : 61,20190107-112419,AL19010243343,,NG,MAX,1,0,AUTO,1.10,4.40,0.37,NG,1.10,4.40,0.80,NG,
[11:26:48] : REQUEST MEAS. ON
[11:26:55] : REQUEST MEAS. OFF
[11:26:55] : 측정요구 ON 2
[11:27:03] : 측정요구 2OFF
[11:27:03] : 61,20190107-112703,AL19010243593,,OK,MAX,1,2,AUTO,1.10,4.40,2.03,OK,1.10,4.40,2.70,OK,
[11:28:57] : REQUEST MEAS. ON
[11:29:04] : REQUEST MEAS. OFF
[11:29:04] : 측정요구 ON 2
[11:29:11] : 측정요구 2OFF
[11:29:11] : 61,20190107-112911,AL19010243423,,NG,MAX,1,2,AUTO,1.10,4.40,1.01,NG,1.10,4.40,1.51,OK,
[11:30:15] : REQUEST MEAS. ON
[11:30:22] : REQUEST MEAS. OFF
[11:30:22] : 측정요구 ON 2
[11:30:30] : 측정요구 2OFF
[11:30:30] : 61,20190107-113030,AL19010243453,,NG,MAX,1,0,AUTO,1.10,4.40,0.52,NG,1.10,4.40,1.10,OK,
[11:30:47] : 측정요구3 ON
[11:30:55] : 측정요구3 OFF
[11:30:55] : 측정요구4 ON
[11:31:02] : 측정요구4 OFF
[11:31:02] : 61,20190107-113103,AL19010243443,,NG,MAX,2,2,AUTO,1.10,4.40,0.46,NG,1.10,4.40,0.72,NG,
[11:37:56] : REQUEST MEAS. ON
[11:38:03] : REQUEST MEAS. OFF
[11:38:03] : 측정요구 ON 2
[11:38:11] : 측정요구 2OFF
[11:38:11] : 61,20190107-113811,AL19010243513,,OK,MAX,1,2,AUTO,1.10,4.40,2.19,OK,1.10,4.40,2.87,OK,
[11:39:46] : REQUEST MEAS. ON
[11:39:53] : REQUEST MEAS. OFF
[11:39:53] : 측정요구 ON 2
[11:40:01] : 측정요구 2OFF
[11:40:01] : 61,20190107-114001,AL19010243433,,NG,MAX,1,0,AUTO,1.10,4.40,0.13,NG,1.10,4.40,0.84,NG,
[11:40:19] : 측정요구3 ON
[11:40:26] : 측정요구3 OFF
[11:40:26] : 측정요구4 ON
[11:40:34] : 측정요구4 OFF
[11:40:34] : 61,20190107-114035,AL19010243523,,NG,MAX,2,2,AUTO,1.10,4.40,0.52,NG,1.10,4.40,0.50,NG,
[11:40:54] : REQUEST MEAS. ON
[11:41:01] : REQUEST MEAS. OFF
[11:41:01] : 측정요구 ON 2
[11:41:08] : 측정요구 2OFF
[11:41:08] : 61,20190107-114109,AL19010243493,,OK,MAX,1,2,AUTO,1.10,4.40,1.11,OK,1.10,4.40,1.61,OK,
[11:41:28] : 측정요구3 ON
[11:41:35] : 측정요구3 OFF
[11:41:35] : 측정요구4 ON
[11:41:43] : 측정요구4 OFF
[11:41:43] : 61,20190107-114144,AL19010243473,,NG,MAX,2,2,AUTO,1.10,4.40,1.04,NG,1.10,4.40,0.70,NG,
[11:42:02] : REQUEST MEAS. ON
[11:42:09] : REQUEST MEAS. OFF
[11:42:09] : 측정요구 ON 2
[11:42:16] : 측정요구 2OFF
[11:42:16] : 61,20190107-114216,AL19010242843,,NG,MAX,1,0,AUTO,1.10,4.40,0.27,NG,1.10,4.40,0.58,NG,
[11:42:36] : 측정요구3 ON
[11:42:43] : 측정요구3 OFF
[11:42:43] : 측정요구4 ON
[11:42:50] : 측정요구4 OFF
[11:42:50] : 61,20190107-114251,AL19010242923,,OK,MAX,2,3,AUTO,1.10,4.40,2.59,OK,1.10,4.40,1.91,OK,
[11:43:10] : REQUEST MEAS. ON
[11:43:17] : REQUEST MEAS. OFF
[11:43:17] : 측정요구 ON 2
[11:43:24] : 측정요구 2OFF
[11:43:24] : 61,20190107-114325,AL19010242863,,NG,MAX,1,0,AUTO,1.10,4.40,0.19,NG,1.10,4.40,0.57,NG,
[11:43:44] : 측정요구3 ON
[11:43:51] : 측정요구3 OFF
[11:43:51] : 측정요구4 ON
[11:43:59] : 측정요구4 OFF
[11:43:59] : 61,20190107-114400,AL19010243483,,NG,MAX,2,2,AUTO,1.10,4.40,0.42,NG,1.10,4.40,0.41,NG,
[11:44:14] : REQUEST MEAS. ON
[11:44:21] : REQUEST MEAS. OFF
[11:44:21] : 측정요구 ON 2
[11:44:28] : 측정요구 2OFF
[11:44:28] : 61,20190107-114429,AL19010243053,,OK,MAX,1,2,AUTO,1.10,4.40,2.19,OK,1.10,4.40,2.41,OK,
[11:44:44] : 측정요구3 ON
[11:44:51] : 측정요구3 OFF
[11:44:51] : 측정요구4 ON
[11:44:59] : 측정요구4 OFF
[11:44:59] : 61,20190107-114500,AL19010243013,,OK,MAX,2,3,AUTO,1.10,4.40,2.06,OK,1.10,4.40,2.16,OK,
[11:45:16] : REQUEST MEAS. ON
[11:45:23] : REQUEST MEAS. OFF
[11:45:23] : 측정요구 ON 2
[11:45:30] : 측정요구 2OFF
[11:45:30] : 61,20190107-114531,AL19010242943,,OK,MAX,1,2,AUTO,1.10,4.40,1.57,OK,1.10,4.40,2.00,OK,
[11:46:07] : REQUEST MEAS. ON
[11:46:15] : REQUEST MEAS. OFF
[11:46:15] : 측정요구 ON 2
[11:46:22] : 측정요구 2OFF
[11:46:22] : 61,20190107-114623,AL19010243023,,OK,MAX,1,2,AUTO,1.10,4.40,1.78,OK,1.10,4.40,2.00,OK,
[11:46:41] : 측정요구3 ON
[11:46:48] : 측정요구3 OFF
[11:46:48] : 측정요구4 ON
[11:46:56] : 측정요구4 OFF
[11:46:56] : 61,20190107-114657,AL19010243033,,OK,MAX,2,3,AUTO,1.10,4.40,1.75,OK,1.10,4.40,1.20,OK,
[11:47:16] : REQUEST MEAS. ON
[11:47:23] : REQUEST MEAS. OFF
[11:47:23] : 측정요구 ON 2
[11:47:30] : 측정요구 2OFF
[11:47:30] : 61,20190107-114731,AL19010242873,,OK,MAX,1,2,AUTO,1.10,4.40,1.40,OK,1.10,4.40,1.81,OK,
[11:47:50] : 측정요구3 ON
[11:47:58] : 측정요구3 OFF
[11:47:58] : 측정요구4 ON
[11:48:05] : 측정요구4 OFF
[11:48:05] : 61,20190107-114806,AL19010242893,,NG,MAX,2,2,AUTO,1.10,4.40,0.33,NG,1.10,4.40,0.31,NG,
 
[11:50:28] : REQUEST MEAS. ON
[11:50:35] : REQUEST MEAS. OFF
[11:50:35] : 측정요구 ON 2
[11:50:43] : 측정요구 2OFF
[11:50:43] : 61,20190107-115043,AL19010242883,,NG,MAX,1,0,AUTO,1.10,4.40,0.30,NG,1.10,4.40,0.61,NG,
[11:55:08] : REQUEST MEAS. ON
[11:55:15] : REQUEST MEAS. OFF
[11:55:15] : 측정요구 ON 2
[11:55:23] : 측정요구 2OFF
[11:55:23] : 61,20190107-115524,AL19010242853,,NG,MAX,1,0,AUTO,1.10,4.40,0.12,NG,1.10,4.40,0.90,NG,
[11:55:42] : 측정요구3 ON
[11:55:49] : 측정요구3 OFF
[11:55:49] : 측정요구4 ON
[11:55:57] : 측정요구4 OFF
[11:55:57] : 61,20190107-115557,AL19010242983,,OK,MAX,2,3,AUTO,1.10,4.40,2.88,OK,1.10,4.40,2.77,OK,
[11:57:27] : REQUEST MEAS. ON
[11:57:34] : REQUEST MEAS. OFF
[11:57:34] : 측정요구 ON 2
[11:57:41] : 측정요구 2OFF
[11:57:41] : 61,20190107-115742,AL19010242953,,OK,MAX,1,2,AUTO,1.10,4.40,1.92,OK,1.10,4.40,2.21,OK,
[11:57:58] : 측정요구3 ON
[11:58:06] : 측정요구3 OFF
[11:58:06] : 측정요구4 ON
[11:58:13] : 측정요구4 OFF
[11:58:13] : 61,20190107-115814,AL19010242963,,OK,MAX,2,3,AUTO,1.10,4.40,2.51,OK,1.10,4.40,2.02,OK,
[11:58:31] : REQUEST MEAS. ON
[11:58:38] : REQUEST MEAS. OFF
[11:58:38] : 측정요구 ON 2
[11:58:46] : 측정요구 2OFF
[11:58:46] : 61,20190107-115846,AL19010340311,,OK,MAX,1,2,AUTO,1.10,4.40,1.82,OK,1.10,4.40,1.97,OK,
[11:59:22] : REQUEST MEAS. ON
[11:59:29] : REQUEST MEAS. OFF
[11:59:29] : 측정요구 ON 2
[11:59:37] : 측정요구 2OFF
[11:59:37] : 61,20190107-115937,AL19010340331,,NG,MAX,1,0,AUTO,1.10,4.40,0.77,NG,1.10,4.40,1.47,OK,
[11:59:52] : 측정요구3 ON
[12:00:00] : 측정요구3 OFF
[12:00:00] : 측정요구4 ON
[12:00:08] : 측정요구4 OFF
[12:00:08] : 61,20190107-120008,AL19010340321,,OK,MAX,2,3,AUTO,1.10,4.40,2.72,OK,1.10,4.40,2.29,OK,
[12:00:24] : REQUEST MEAS. ON
[12:00:31] : REQUEST MEAS. OFF
[12:00:31] : 측정요구 ON 2
[12:00:38] : 측정요구 2OFF
[12:00:38] : 61,20190107-120039,AL19010340441,,OK,MAX,1,2,AUTO,1.10,4.40,1.71,OK,1.10,4.40,2.61,OK,
[12:01:25] : REQUEST MEAS. ON
[12:01:32] : REQUEST MEAS. OFF
[12:01:32] : 측정요구 ON 2
[12:01:39] : 측정요구 2OFF
[12:01:39] : 61,20190107-120140,AL19010340361,,OK,MAX,1,2,AUTO,1.10,4.40,1.51,OK,1.10,4.40,1.69,OK,
[12:01:59] : 측정요구3 ON
[12:02:06] : 측정요구3 OFF
[12:02:06] : 측정요구4 ON
[12:02:14] : 측정요구4 OFF
[12:02:14] : 61,20190107-120215,AL19010340411,,OK,MAX,2,3,AUTO,1.10,4.40,2.22,OK,1.10,4.40,1.40,OK,
[12:02:42] : REQUEST MEAS. ON
[12:02:50] : REQUEST MEAS. OFF
[12:02:50] : 측정요구 ON 2
[12:02:57] : 측정요구 2OFF
[12:02:57] : 61,20190107-120257,AL19010340421,,OK,MAX,1,2,AUTO,1.10,4.40,1.33,OK,1.10,4.40,2.02,OK,
[12:03:31] : REQUEST MEAS. ON
[12:03:38] : REQUEST MEAS. OFF
[12:03:38] : 측정요구 ON 2
[12:03:46] : 측정요구 2OFF
[12:03:46] : 61,20190107-120346,AL19010340371,,OK,MAX,1,2,AUTO,1.10,4.40,1.42,OK,1.10,4.40,1.75,OK,
[12:03:59] : 측정요구3 ON
[12:04:06] : 측정요구3 OFF
[12:04:06] : 측정요구4 ON
[12:04:14] : 측정요구4 OFF
[12:04:14] : 61,20190107-120415,AL19010340431,,OK,MAX,2,3,AUTO,1.10,4.40,2.04,OK,1.10,4.40,1.60,OK,
[12:04:40] : REQUEST MEAS. ON
[12:04:48] : REQUEST MEAS. OFF
[12:04:48] : 측정요구 ON 2
[12:04:55] : 측정요구 2OFF
[12:04:55] : 61,20190107-120455,AL19010340351,,OK,MAX,1,2,AUTO,1.10,4.40,1.90,OK,1.10,4.40,2.01,OK,
[12:05:08] : 측정요구3 ON
[12:05:16] : 측정요구3 OFF
[12:05:16] : 측정요구4 ON
[12:05:24] : 측정요구4 OFF
[12:05:24] : 61,20190107-120525,AL19010245727,,OK,MAX,2,3,AUTO,1.10,4.40,1.97,OK,1.10,4.40,1.77,OK,
[12:05:43] : REQUEST MEAS. ON
[12:05:51] : REQUEST MEAS. OFF
[12:05:51] : 측정요구 ON 2
[12:05:58] : 측정요구 2OFF
[12:05:58] : 61,20190107-120558,AL19010245717,,OK,MAX,1,2,AUTO,1.10,4.40,1.27,OK,1.10,4.40,2.01,OK,
[12:06:13] : 측정요구3 ON
[12:06:21] : 측정요구3 OFF
[12:06:21] : 측정요구4 ON
[12:06:29] : 측정요구4 OFF
[12:06:29] : 61,20190107-120629,AL19010245737,,OK,MAX,2,3,AUTO,1.10,4.40,2.53,OK,1.10,4.40,2.00,OK,
[12:06:47] : REQUEST MEAS. ON
[12:06:54] : REQUEST MEAS. OFF
[12:06:54] : 측정요구 ON 2
[12:07:01] : 측정요구 2OFF
[12:07:01] : 61,20190107-120701,AL19010245687,,OK,MAX,1,2,AUTO,1.10,4.40,2.01,OK,1.10,4.40,2.01,OK,
[12:07:29] : 측정요구3 ON
[12:07:36] : 측정요구3 OFF
[12:07:36] : 측정요구4 ON
[12:07:43] : 측정요구4 OFF
[12:07:43] : 61,20190107-120744,AL19010245747,,OK,MAX,2,3,AUTO,1.10,4.40,2.01,OK,1.10,4.40,1.60,OK,
[12:08:00] : REQUEST MEAS. ON
[12:08:07] : REQUEST MEAS. OFF
[12:08:07] : 측정요구 ON 2
[12:08:15] : 측정요구 2OFF
[12:08:15] : 61,20190107-120815,AL19010245067,,OK,MAX,1,2,AUTO,1.10,4.40,1.61,OK,1.10,4.40,2.08,OK,
[12:08:35] : 측정요구3 ON
[12:08:42] : 측정요구3 OFF
[12:08:42] : 측정요구4 ON
[12:08:50] : 측정요구4 OFF
[12:08:50] : 61,20190107-120851,AL19010245057,,OK,MAX,2,3,AUTO,1.10,4.40,1.82,OK,1.10,4.40,1.31,OK,
[12:09:09] : REQUEST MEAS. ON
[12:09:17] : REQUEST MEAS. OFF
[12:09:17] : 측정요구 ON 2
[12:09:24] : 측정요구 2OFF
[12:09:24] : 61,20190107-120925,AL19010245167,,OK,MAX,1,2,AUTO,1.10,4.40,1.12,OK,1.10,4.40,1.61,OK,
[12:09:45] : 측정요구3 ON
[12:09:52] : 측정요구3 OFF
[12:09:52] : 측정요구4 ON
[12:10:00] : 측정요구4 OFF
[12:10:00] : 61,20190107-121000,AL19010245177,,OK,MAX,2,3,AUTO,1.10,4.40,1.74,OK,1.10,4.40,1.32,OK,
[12:19:36] : AUTO RUNNING OFF
[12:19:58] : MEAS ESC ON
[12:19:58] : MEAS ESC OFF
[12:19:58] : AUTO RUNNING ON
[12:20:17] : REQUEST MEAS. ON
[12:20:24] : REQUEST MEAS. OFF
[12:20:24] : 측정요구 ON 2
[12:20:31] : 측정요구 2OFF
[12:20:31] : 61,20190107-122032,AL19010340871,,OK,MAX,1,2,AUTO,1.10,4.40,1.86,OK,1.10,4.40,2.26,OK,
[12:20:40] : 측정요구3 ON
[12:20:47] : 측정요구3 OFF
[12:20:47] : 측정요구4 ON
[12:20:55] : 측정요구4 OFF
[12:20:55] : 61,20190107-122055,AL19010340901,,OK,MAX,2,3,AUTO,1.10,4.40,1.42,OK,1.10,4.40,1.58,OK,
[12:24:00] : REQUEST MEAS. ON
[12:24:07] : REQUEST MEAS. OFF
[12:24:07] : 측정요구 ON 2
[12:24:14] : 측정요구 2OFF
[12:24:14] : 61,20190107-122415,AL19010340881,,OK,MAX,1,2,AUTO,1.10,4.40,1.61,OK,1.10,4.40,1.80,OK,
[12:24:32] : 측정요구3 ON
[12:24:39] : 측정요구3 OFF
[12:24:39] : 측정요구4 ON
[12:24:47] : 측정요구4 OFF
[12:24:47] : 61,20190107-122447,AL19010340931,,OK,MAX,2,3,AUTO,1.10,4.40,2.58,OK,1.10,4.40,1.75,OK,
[12:25:02] : REQUEST MEAS. ON
[12:25:09] : REQUEST MEAS. OFF
[12:25:09] : 측정요구 ON 2
[12:25:17] : 측정요구 2OFF
[12:25:17] : 61,20190107-122518,AL19010340911,,OK,MAX,1,2,AUTO,1.10,4.40,2.70,OK,1.10,4.40,3.19,OK,
[12:25:33] : 측정요구3 ON
[12:25:40] : 측정요구3 OFF
[12:25:40] : 측정요구4 ON
[12:25:48] : 측정요구4 OFF
[12:25:48] : 61,20190107-122548,AL19010340891,,OK,MAX,2,3,AUTO,1.10,4.40,2.42,OK,1.10,4.40,1.63,OK,
[13:16:58] : REQUEST MEAS. ON
[13:17:05] : REQUEST MEAS. OFF
[13:17:05] : 측정요구 ON 2
[13:17:12] : 측정요구 2OFF
[13:17:12] : 61,20190107-131713,AL19010340381,,OK,MAX,1,2,AUTO,1.10,4.40,2.01,OK,1.10,4.40,2.10,OK,
[13:18:11] : REQUEST MEAS. ON
[13:18:18] : REQUEST MEAS. OFF
[13:18:18] : 측정요구 ON 2
[13:18:25] : 측정요구 2OFF
[13:18:25] : 61,20190107-131826,AL19010340461,,OK,MAX,1,2,AUTO,1.10,4.40,1.15,OK,1.10,4.40,1.87,OK,
[13:18:54] : 측정요구3 ON
[13:19:01] : 측정요구3 OFF
[13:19:01] : 측정요구4 ON
[13:19:09] : 측정요구4 OFF
[13:19:09] : 61,20190107-131910,AL19010340841,,OK,MAX,2,3,AUTO,1.10,4.40,2.68,OK,1.10,4.40,1.71,OK,
[13:19:25] : REQUEST MEAS. ON
[13:19:32] : REQUEST MEAS. OFF
[13:19:32] : 측정요구 ON 2
[13:19:40] : 측정요구 2OFF
[13:19:40] : 61,20190107-131940,AL19010340341,,OK,MAX,1,2,AUTO,1.10,4.40,2.07,OK,1.10,4.40,2.54,OK,
[13:19:57] : 측정요구3 ON
[13:20:05] : 측정요구3 OFF
[13:20:05] : 측정요구4 ON
[13:20:12] : 측정요구4 OFF
[13:20:12] : 61,20190107-132013,AL19010340481,,OK,MAX,2,3,AUTO,1.10,4.40,1.82,OK,1.10,4.40,1.31,OK,
[13:20:26] : REQUEST MEAS. ON
[13:20:33] : REQUEST MEAS. OFF
[13:20:33] : 측정요구 ON 2
[13:20:40] : 측정요구 2OFF
[13:20:40] : 61,20190107-132041,AL19010340491,,OK,MAX,1,2,AUTO,1.10,4.40,1.91,OK,1.10,4.40,1.82,OK,
[13:20:56] : 측정요구3 ON
[13:21:03] : 측정요구3 OFF
[13:21:03] : 측정요구4 ON
[13:21:11] : 측정요구4 OFF
[13:21:11] : 61,20190107-132111,AL19010340391,,OK,MAX,2,3,AUTO,1.10,4.40,1.89,OK,1.10,4.40,1.24,OK,
[13:23:00] : REQUEST MEAS. ON
[13:23:07] : REQUEST MEAS. OFF
[13:23:07] : 측정요구 ON 2
[13:23:15] : 측정요구 2OFF
[13:23:15] : 61,20190107-132316,AL19010340501,,OK,MAX,1,2,AUTO,1.10,4.40,1.11,OK,1.10,4.40,1.61,OK,
[13:23:33] : 측정요구3 ON
[13:23:40] : 측정요구3 OFF
[13:23:40] : 측정요구4 ON
[13:23:48] : 측정요구4 OFF
[13:23:48] : 61,20190107-132348,AL19010340471,,OK,MAX,2,3,AUTO,1.10,4.40,2.72,OK,1.10,4.40,2.11,OK,
[13:24:03] : REQUEST MEAS. ON
[13:24:10] : REQUEST MEAS. OFF
[13:24:10] : 측정요구 ON 2
[13:24:17] : 측정요구 2OFF
[13:24:17] : 61,20190107-132418,AL19010340451,,OK,MAX,1,2,AUTO,1.10,4.40,1.12,OK,1.10,4.40,1.52,OK,
[13:24:33] : 측정요구3 ON
[13:24:41] : 측정요구3 OFF
[13:24:41] : 측정요구4 ON
[13:24:48] : 측정요구4 OFF
[13:24:48] : 61,20190107-132449,AL19010340741,,OK,MAX,2,3,AUTO,1.10,4.40,1.90,OK,1.10,4.40,1.30,OK,
[13:25:05] : REQUEST MEAS. ON
[13:25:12] : REQUEST MEAS. OFF
[13:25:12] : 측정요구 ON 2
[13:25:19] : 측정요구 2OFF
[13:25:19] : 61,20190107-132520,AL19010340771,,OK,MAX,1,2,AUTO,1.10,4.40,2.10,OK,1.10,4.40,2.11,OK,
[13:26:29] : REQUEST MEAS. ON
[13:26:36] : REQUEST MEAS. OFF
[13:26:36] : 측정요구 ON 2
[13:26:44] : 측정요구 2OFF
[13:26:44] : 61,20190107-132644,AL19010340761,,OK,MAX,1,2,AUTO,1.10,4.40,1.42,OK,1.10,4.40,2.21,OK,
[13:37:53] : REQUEST MEAS. ON
[13:38:00] : REQUEST MEAS. OFF
[13:38:00] : 측정요구 ON 2
[13:38:08] : 측정요구 2OFF
[13:38:08] : 61,20190107-133808,AL19010340781,,OK,MAX,1,2,AUTO,1.10,4.40,1.72,OK,1.10,4.40,2.38,OK,
[13:38:25] : 측정요구3 ON
[13:38:32] : 측정요구3 OFF
[13:38:32] : 측정요구4 ON
[13:38:39] : 측정요구4 OFF
[13:38:39] : 61,20190107-133840,AL19010340401,,OK,MAX,2,3,AUTO,1.10,4.40,2.20,OK,1.10,4.40,1.63,OK,
[13:38:54] : REQUEST MEAS. ON
[13:39:02] : REQUEST MEAS. OFF
[13:39:02] : 측정요구 ON 2
[13:39:09] : 측정요구 2OFF
[13:39:09] : 61,20190107-133910,AL19010340811,,OK,MAX,1,2,AUTO,1.10,4.40,1.89,OK,1.10,4.40,2.12,OK,
[13:39:26] : 측정요구3 ON
[13:39:33] : 측정요구3 OFF
[13:39:33] : 측정요구4 ON
[13:39:41] : 측정요구4 OFF
[13:39:41] : 61,20190107-133942,AL19010340801,,OK,MAX,2,3,AUTO,1.10,4.40,1.92,OK,1.10,4.40,1.30,OK,
[13:39:58] : REQUEST MEAS. ON
[13:40:05] : REQUEST MEAS. OFF
[13:40:05] : 측정요구 ON 2
[13:40:12] : 측정요구 2OFF
[13:40:12] : 61,20190107-134012,AL19010340821,,OK,MAX,1,2,AUTO,1.10,4.40,1.62,OK,1.10,4.40,1.92,OK,
[13:40:47] : REQUEST MEAS. ON
[13:40:54] : REQUEST MEAS. OFF
[13:40:54] : 측정요구 ON 2
[13:41:01] : 측정요구 2OFF
[13:41:01] : 61,20190107-134101,AL19010340791,,OK,MAX,1,2,AUTO,1.10,4.40,1.50,OK,1.10,4.40,2.00,OK,
[13:41:17] : 측정요구3 ON
[13:41:24] : 측정요구3 OFF
[13:41:24] : 측정요구4 ON
[13:41:32] : 측정요구4 OFF
[13:41:32] : 61,20190107-134132,AL19010340751,,OK,MAX,2,3,AUTO,1.10,4.40,2.32,OK,1.10,4.40,1.61,OK,
[13:41:52] : REQUEST MEAS. ON
[13:41:59] : REQUEST MEAS. OFF
[13:41:59] : 측정요구 ON 2
[13:42:07] : 측정요구 2OFF
[13:42:07] : 61,20190107-134208,AL19010340831,,OK,MAX,1,2,AUTO,1.10,4.40,1.69,OK,1.10,4.40,1.91,OK,
[13:42:28] : 측정요구3 ON
[13:42:35] : 측정요구3 OFF
[13:42:35] : 측정요구4 ON
[13:42:42] : 측정요구4 OFF
[13:42:42] : 61,20190107-134243,AL19010341111,,OK,MAX,2,3,AUTO,1.10,4.40,2.33,OK,1.10,4.40,2.21,OK,
[13:42:59] : REQUEST MEAS. ON
[13:43:06] : REQUEST MEAS. OFF
[13:43:06] : 측정요구 ON 2
[13:43:14] : 측정요구 2OFF
[13:43:14] : 61,20190107-134315,AL19010341041,,OK,MAX,1,2,AUTO,1.10,4.40,1.79,OK,1.10,4.40,2.36,OK,
[13:44:07] : REQUEST MEAS. ON
[13:44:14] : REQUEST MEAS. OFF
[13:44:14] : 측정요구 ON 2
[13:44:22] : 측정요구 2OFF
[13:44:22] : 61,20190107-134422,AL19010341071,,OK,MAX,1,2,AUTO,1.10,4.40,2.09,OK,1.10,4.40,2.01,OK,
[13:44:37] : 측정요구3 ON
[13:44:45] : 측정요구3 OFF
[13:44:45] : 측정요구4 ON
[13:44:52] : 측정요구4 OFF
[13:44:52] : 61,20190107-134453,AL19010341081,,OK,MAX,2,3,AUTO,1.10,4.40,2.20,OK,1.10,4.40,1.51,OK,
[13:45:11] : REQUEST MEAS. ON
[13:45:18] : REQUEST MEAS. OFF
[13:45:18] : 측정요구 ON 2
[13:45:25] : 측정요구 2OFF
[13:45:25] : 61,20190107-134525,AL19010341091,,OK,MAX,1,2,AUTO,1.10,4.40,1.25,OK,1.10,4.40,1.90,OK,
[13:48:26] : AUTO RUNNING OFF
[13:49:18] : MEAS ESC ON
[13:49:19] : MEAS ESC OFF
[13:49:19] : AUTO RUNNING ON
[13:50:58] : REQUEST MEAS. ON
[13:51:05] : REQUEST MEAS. OFF
[13:51:05] : 측정요구 ON 2
[13:51:13] : 측정요구 2OFF
[13:51:13] : 61,20190107-135113,AL19010341051,,OK,MAX,1,2,AUTO,1.10,4.40,1.11,OK,1.10,4.40,1.71,OK,
[13:51:17] : AUTO RUNNING OFF
[13:52:09] : MEAS ESC ON
[13:52:09] : MEAS ESC OFF
[13:52:09] : AUTO RUNNING ON
[13:52:16] : AUTO RUNNING OFF
[13:52:52] : MEAS ESC ON
[13:52:53] : MEAS ESC OFF
[13:52:53] : AUTO RUNNING ON
[13:53:13] : 측정요구3 ON
[13:53:20] : 측정요구3 OFF
[13:53:20] : 측정요구4 ON
[13:53:28] : 측정요구4 OFF
[13:53:28] : 61,20190107-135329,AL19010341131,,OK,MAX,2,3,AUTO,1.10,4.40,1.71,OK,1.10,4.40,1.22,OK,
[13:53:31] : REQUEST MEAS. ON
[13:53:38] : REQUEST MEAS. OFF
[13:53:38] : 측정요구 ON 2
[13:53:45] : 측정요구 2OFF
[13:53:45] : 61,20190107-135346,AL19010341061,,NG,MAX,1,0,AUTO,1.10,4.40,0.71,NG,1.10,4.40,1.75,OK,
[13:53:56] : 측정요구3 ON
[13:54:03] : 측정요구3 OFF
[13:54:03] : 측정요구4 ON
[13:54:11] : 측정요구4 OFF
[13:54:11] : 61,20190107-135412,AL19010340121,,OK,MAX,2,3,AUTO,1.10,4.40,3.98,OK,1.10,4.40,3.78,OK,
[13:54:16] : REQUEST MEAS. ON
[13:54:23] : REQUEST MEAS. OFF
[13:54:23] : 측정요구 ON 2
[13:54:30] : 측정요구 2OFF
[13:54:30] : 61,20190107-135431,AL19010340101,,OK,MAX,1,2,AUTO,1.10,4.40,1.48,OK,1.10,4.40,2.04,OK,
[13:54:43] : 측정요구3 ON
[13:54:50] : 측정요구3 OFF
[13:54:50] : 측정요구4 ON
[13:54:57] : 측정요구4 OFF
[13:54:57] : 61,20190107-135458,AL19010340131,,OK,MAX,2,3,AUTO,1.10,4.40,2.02,OK,1.10,4.40,1.55,OK,
[13:55:34] : REQUEST MEAS. ON
[13:55:41] : REQUEST MEAS. OFF
[13:55:41] : 측정요구 ON 2
[13:55:49] : 측정요구 2OFF
[13:55:49] : 61,20190107-135549,AL19010340081,,NG,MAX,1,2,AUTO,1.10,4.40,1.01,NG,1.10,4.40,1.23,OK,
[13:56:00] : 측정요구3 ON
[13:56:08] : 측정요구3 OFF
[13:56:08] : 측정요구4 ON
[13:56:16] : 측정요구4 OFF
[13:56:16] : 61,20190107-135617,AL19010340141,,OK,MAX,2,3,AUTO,1.10,4.40,2.72,OK,1.10,4.40,1.81,OK,
[13:56:32] : REQUEST MEAS. ON
[13:56:39] : REQUEST MEAS. OFF
[13:56:39] : 측정요구 ON 2
[13:56:47] : 측정요구 2OFF
[13:56:47] : 61,20190107-135647,AL19010340191,,OK,MAX,1,2,AUTO,1.10,4.40,1.30,OK,1.10,4.40,1.60,OK,
[13:57:26] : REQUEST MEAS. ON
[13:57:33] : REQUEST MEAS. OFF
[13:57:33] : 측정요구 ON 2
[13:57:41] : 측정요구 2OFF
[13:57:41] : 61,20190107-135741,AL19010340151,,OK,MAX,1,2,AUTO,1.10,4.40,1.22,OK,1.10,4.40,1.72,OK,
[13:58:38] : REQUEST MEAS. ON
[13:58:45] : REQUEST MEAS. OFF
[13:58:46] : 측정요구 ON 2
[13:58:53] : 측정요구 2OFF
[13:58:53] : 61,20190107-135853,AL19010340161,,OK,MAX,1,2,AUTO,1.10,4.40,2.02,OK,1.10,4.40,2.01,OK,
[13:59:15] : 측정요구3 ON
[13:59:22] : 측정요구3 OFF
[13:59:22] : 측정요구4 ON
[13:59:30] : 측정요구4 OFF
[13:59:30] : 61,20190107-135931,AL19010340171,,OK,MAX,2,3,AUTO,1.10,4.40,1.90,OK,1.10,4.40,1.52,OK,
[13:59:48] : REQUEST MEAS. ON
[13:59:55] : REQUEST MEAS. OFF
[13:59:55] : 측정요구 ON 2
[14:00:03] : 측정요구 2OFF
[14:00:03] : 61,20190107-140003,AL19010340241,,OK,MAX,1,2,AUTO,1.10,4.40,2.18,OK,1.10,4.40,2.11,OK,
[14:00:18] : 측정요구3 ON
[14:00:26] : 측정요구3 OFF
[14:00:26] : 측정요구4 ON
[14:00:34] : 측정요구4 OFF
[14:00:34] : 61,20190107-140034,AL19010340181,,OK,MAX,2,3,AUTO,1.10,4.40,2.35,OK,1.10,4.40,1.87,OK,
[14:00:49] : REQUEST MEAS. ON
[14:00:56] : REQUEST MEAS. OFF
[14:00:56] : 측정요구 ON 2
[14:01:04] : 측정요구 2OFF
[14:01:04] : 61,20190107-140105,AL19010340211,,OK,MAX,1,2,AUTO,1.10,4.40,1.30,OK,1.10,4.40,1.61,OK,
[14:01:19] : 측정요구3 ON
[14:01:26] : 측정요구3 OFF
[14:01:26] : 측정요구4 ON
[14:01:34] : 측정요구4 OFF
[14:01:34] : 61,20190107-140134,AL19010340251,,NG,MAX,2,2,AUTO,1.10,4.40,1.52,OK,1.10,4.40,0.90,NG,
[14:01:47] : REQUEST MEAS. ON
[14:01:54] : REQUEST MEAS. OFF
[14:01:54] : 측정요구 ON 2
[14:02:02] : 측정요구 2OFF
[14:02:02] : 61,20190107-140203,,,OK,MAX,1,2,AUTO,1.10,4.40,2.10,OK,1.10,4.40,1.94,OK,
[14:02:16] : 측정요구3 ON
[14:02:23] : 측정요구3 OFF
[14:02:23] : 측정요구4 ON
[14:02:30] : 측정요구4 OFF
[14:02:30] : 61,20190107-140231,AL19010340201,,OK,MAX,2,3,AUTO,1.10,4.40,3.04,OK,1.10,4.40,2.37,OK,
[14:02:45] : REQUEST MEAS. ON
[14:02:52] : REQUEST MEAS. OFF
[14:02:52] : 측정요구 ON 2
[14:03:00] : 측정요구 2OFF
[14:03:00] : 61,20190107-140300,AL19010340261,,OK,MAX,1,2,AUTO,1.10,4.40,1.85,OK,1.10,4.40,2.24,OK,
[14:03:14] : 측정요구3 ON
[14:03:21] : 측정요구3 OFF
[14:03:21] : 측정요구4 ON
[14:03:29] : 측정요구4 OFF
[14:03:29] : 61,20190107-140330,AL19010340301,,OK,MAX,2,3,AUTO,1.10,4.40,2.50,OK,1.10,4.40,1.72,OK,
[14:03:45] : REQUEST MEAS. ON
[14:03:52] : REQUEST MEAS. OFF
[14:03:52] : 측정요구 ON 2
[14:03:59] : 측정요구 2OFF
[14:03:59] : 61,20190107-140400,AL19010340291,,OK,MAX,1,2,AUTO,1.10,4.40,1.51,OK,1.10,4.40,1.41,OK,
[14:04:18] : 측정요구3 ON
[14:04:26] : 측정요구3 OFF
[14:04:26] : 측정요구4 ON
[14:04:33] : 측정요구4 OFF
[14:04:33] : 61,20190107-140434,AL19010340271,,OK,MAX,2,3,AUTO,1.10,4.40,1.80,OK,1.10,4.40,1.71,OK,
[14:06:14] : REQUEST MEAS. ON
[14:06:21] : REQUEST MEAS. OFF
[14:06:21] : 측정요구 ON 2
[14:06:29] : 측정요구 2OFF
[14:06:29] : 61,20190107-140629,AL19010341581,,OK,MAX,1,2,AUTO,1.10,4.40,1.50,OK,1.10,4.40,1.91,OK,
[14:06:30] : 측정요구3 ON
[14:06:38] : 측정요구3 OFF
[14:06:38] : 측정요구4 ON
[14:06:45] : 측정요구4 OFF
[14:06:45] : 61,20190107-140646,AL19010341611,,OK,MAX,2,3,AUTO,1.10,4.40,3.21,OK,1.10,4.40,2.93,OK,
[14:06:57] : REQUEST MEAS. ON
[14:07:05] : REQUEST MEAS. OFF
[14:07:05] : 측정요구 ON 2
[14:07:12] : 측정요구 2OFF
[14:07:12] : 61,20190107-140713,AL19010341631,,OK,MAX,1,2,AUTO,1.10,4.40,1.61,OK,1.10,4.40,1.92,OK,
[14:09:52] : REQUEST MEAS. ON
[14:09:59] : REQUEST MEAS. OFF
[14:09:59] : 측정요구 ON 2
[14:10:06] : 측정요구 2OFF
[14:10:06] : 61,20190107-141007,AL19010341561,,OK,MAX,1,2,AUTO,1.10,4.40,2.62,OK,1.10,4.40,2.62,OK,
[14:10:08] : 측정요구3 ON
[14:10:16] : 측정요구3 OFF
[14:10:16] : 측정요구4 ON
[14:10:23] : 측정요구4 OFF
[14:10:23] : 61,20190107-141024,AL19010341591,,OK,MAX,2,3,AUTO,1.10,4.40,3.21,OK,1.10,4.40,3.43,OK,
[14:10:38] : REQUEST MEAS. ON
[14:10:45] : REQUEST MEAS. OFF
[14:10:45] : 측정요구 ON 2
[14:10:52] : 측정요구 2OFF
[14:10:52] : 61,20190107-141053,AL19010341601,,OK,MAX,1,2,AUTO,1.10,4.40,2.69,OK,1.10,4.40,2.97,OK,
[14:11:02] : 측정요구3 ON
[14:11:09] : 측정요구3 OFF
[14:11:09] : 측정요구4 ON
[14:11:17] : 측정요구4 OFF
[14:11:17] : 61,20190107-141118,AL19010341551,,OK,MAX,2,3,AUTO,1.10,4.40,3.62,OK,1.10,4.40,3.08,OK,
[14:11:31] : REQUEST MEAS. ON
[14:11:38] : REQUEST MEAS. OFF
[14:11:38] : 측정요구 ON 2
[14:11:46] : 측정요구 2OFF
[14:11:46] : 61,20190107-141146,AL19010341571,,OK,MAX,1,2,AUTO,1.10,4.40,2.98,OK,1.10,4.40,3.61,OK,
[14:12:04] : 측정요구3 ON
[14:12:11] : 측정요구3 OFF
[14:12:11] : 측정요구4 ON
[14:12:19] : 측정요구4 OFF
[14:12:19] : 61,20190107-141220,AL19010341621,,OK,MAX,2,3,AUTO,1.10,4.40,2.92,OK,1.10,4.40,2.60,OK,
[14:13:49] : AUTO RUNNING OFF
[14:14:07] : MEAS ESC ON
[14:14:08] : MEAS ESC OFF
[14:14:08] : AUTO RUNNING ON
[14:15:06] : REQUEST MEAS. ON
[14:15:13] : REQUEST MEAS. OFF
[14:15:13] : 측정요구 ON 2
[14:15:20] : 측정요구 2OFF
[14:15:20] : 61,20190107-141521,AL19010341541,,OK,MAX,1,2,AUTO,1.10,4.40,1.61,OK,1.10,4.40,1.81,OK,
[14:15:22] : 측정요구3 ON
[14:15:30] : 측정요구3 OFF
[14:15:30] : 측정요구4 ON
[14:15:38] : 측정요구4 OFF
[14:15:38] : 61,20190107-141538,AL19010349643,,OK,MAX,2,3,AUTO,1.10,4.40,1.21,OK,1.10,4.40,1.11,OK,
[14:15:49] : REQUEST MEAS. ON
[14:15:56] : REQUEST MEAS. OFF
[14:15:56] : 측정요구 ON 2
[14:16:04] : 측정요구 2OFF
[14:16:04] : 61,20190107-141604,AL19010349633,,OK,MAX,1,2,AUTO,1.10,4.40,1.22,OK,1.10,4.40,1.30,OK,
[14:16:07] : AUTO RUNNING OFF
[14:16:54] : MEAS ESC ON
[14:16:55] : MEAS ESC OFF
[14:16:55] : AUTO RUNNING ON
[14:17:28] : AUTO RUNNING OFF
[14:17:38] : MEAS ESC ON
[14:17:38] : MEAS ESC OFF
[14:17:38] : AUTO RUNNING ON
[14:18:07] : REQUEST MEAS. ON
[14:18:15] : REQUEST MEAS. OFF
[14:18:15] : 측정요구 ON 2
[14:18:23] : 측정요구 2OFF
[14:18:23] : 61,20190107-141823,AL19010349663,,OK,MAX,1,2,AUTO,1.10,4.40,2.22,OK,1.10,4.40,2.51,OK,
[14:19:04] : REQUEST MEAS. ON
[14:19:11] : REQUEST MEAS. OFF
[14:19:11] : 측정요구 ON 2
[14:19:18] : 측정요구 2OFF
[14:19:18] : 61,20190107-141919,AL19010349623,,OK,MAX,1,2,AUTO,1.10,4.40,1.31,OK,1.10,4.40,1.92,OK,
[14:19:32] : 측정요구3 ON
[14:19:39] : 측정요구3 OFF
[14:19:39] : 측정요구4 ON
[14:19:47] : 측정요구4 OFF
[14:19:47] : 61,20190107-141948,AL19010349673,,OK,MAX,2,3,AUTO,1.10,4.40,2.59,OK,1.10,4.40,2.22,OK,
[14:20:01] : REQUEST MEAS. ON
[14:20:08] : REQUEST MEAS. OFF
[14:20:08] : 측정요구 ON 2
[14:20:16] : 측정요구 2OFF
[14:20:16] : 61,20190107-142016,AL19010349723,,OK,MAX,1,2,AUTO,1.10,4.40,1.72,OK,1.10,4.40,2.05,OK,
[14:21:51] : AUTO RUNNING OFF
[14:22:22] : MEAS ESC ON
[14:22:22] : MEAS ESC OFF
[14:22:22] : AUTO RUNNING ON
[14:23:40] : REQUEST MEAS. ON
[14:23:47] : REQUEST MEAS. OFF
[14:23:47] : 측정요구 ON 2
[14:23:55] : 측정요구 2OFF
[14:23:55] : 61,20190107-142355,AL19010349713,,OK,MAX,1,2,AUTO,1.10,4.40,2.52,OK,1.10,4.40,2.21,OK,
[14:23:56] : 측정요구3 ON
[14:24:04] : 측정요구3 OFF
[14:24:04] : 측정요구4 ON
[14:24:12] : 측정요구4 OFF
[14:24:12] : 61,20190107-142412,AL19010340051,,OK,MAX,2,3,AUTO,1.10,4.40,1.61,OK,1.10,4.40,1.21,OK,
[14:24:23] : REQUEST MEAS. ON
[14:24:30] : REQUEST MEAS. OFF
[14:24:30] : 측정요구 ON 2
[14:24:38] : 측정요구 2OFF
[14:24:38] : 61,20190107-142439,AL19010349703,,OK,MAX,1,2,AUTO,1.10,4.40,1.92,OK,1.10,4.40,1.91,OK,
[14:25:54] : REQUEST MEAS. ON
[14:26:01] : REQUEST MEAS. OFF
[14:26:02] : 측정요구 ON 2
[14:26:09] : 측정요구 2OFF
[14:26:09] : 61,20190107-142610,AL19010346811,,OK,MAX,1,2,AUTO,1.10,4.40,1.41,OK,1.10,4.40,1.73,OK,
[14:26:11] : 측정요구3 ON
[14:26:19] : 측정요구3 OFF
[14:26:19] : 측정요구4 ON
[14:26:26] : 측정요구4 OFF
[14:26:26] : 61,20190107-142626,AL19010349693,,OK,MAX,2,3,AUTO,1.10,4.40,2.09,OK,1.10,4.40,1.71,OK,
[14:26:38] : REQUEST MEAS. ON
[14:26:45] : REQUEST MEAS. OFF
[14:26:45] : 측정요구 ON 2
[14:26:52] : 측정요구 2OFF
[14:26:52] : 61,20190107-142652,AL19010346831,,OK,MAX,1,2,AUTO,1.10,4.40,1.87,OK,1.10,4.40,2.42,OK,
[14:27:32] : AUTO RUNNING OFF
[14:36:40] : MEAS ESC ON
[14:36:41] : MEAS ESC OFF
[14:36:41] : AUTO RUNNING ON
[14:40:19] : REQUEST MEAS. ON
[14:40:26] : REQUEST MEAS. OFF
[14:40:26] : 측정요구 ON 2
[14:40:34] : 측정요구 2OFF
[14:40:34] : 61,20190107-144035,AL19010346851,,OK,MAX,1,2,AUTO,1.10,4.40,2.62,OK,1.10,4.40,3.18,OK,
[14:41:30] : REQUEST MEAS. ON
[14:41:37] : REQUEST MEAS. OFF
[14:41:37] : 측정요구 ON 2
[14:41:44] : 측정요구 2OFF
[14:41:44] : 61,20190107-144145,AL19010346841,,OK,MAX,1,2,AUTO,1.10,4.40,3.61,OK,1.10,4.40,3.90,OK,
[14:41:55] : 측정요구3 ON
[14:42:03] : 측정요구3 OFF
[14:42:03] : 측정요구4 ON
[14:42:10] : 측정요구4 OFF
[14:42:10] : 61,20190107-144211,AL19010346911,,OK,MAX,2,3,AUTO,1.10,4.40,2.22,OK,1.10,4.40,2.10,OK,
[14:42:40] : REQUEST MEAS. ON
[14:42:47] : REQUEST MEAS. OFF
[14:42:47] : 측정요구 ON 2
[14:42:55] : 측정요구 2OFF
[14:42:55] : 61,20190107-144255,AL19010346881,,OK,MAX,1,2,AUTO,1.10,4.40,2.91,OK,1.10,4.40,3.10,OK,
[14:43:16] : 측정요구3 ON
[14:43:23] : 측정요구3 OFF
[14:43:23] : 측정요구4 ON
[14:43:31] : 측정요구4 OFF
[14:43:31] : 61,20190107-144332,AL19010346871,,OK,MAX,2,3,AUTO,1.10,4.40,1.83,OK,1.10,4.40,1.67,OK,
[14:43:50] : REQUEST MEAS. ON
[14:43:57] : REQUEST MEAS. OFF
[14:43:57] : 측정요구 ON 2
[14:44:04] : 측정요구 2OFF
[14:44:04] : 61,20190107-144405,AL19010346861,,OK,MAX,1,2,AUTO,1.10,4.40,2.71,OK,1.10,4.40,3.32,OK,
[14:45:08] : REQUEST MEAS. ON
[14:45:15] : REQUEST MEAS. OFF
[14:45:15] : 측정요구 ON 2
[14:45:22] : 측정요구 2OFF
[14:45:22] : 61,20190107-144523,AL19010346891,,OK,MAX,1,2,AUTO,1.10,4.40,2.41,OK,1.10,4.40,3.11,OK,
[14:45:40] : 측정요구3 ON
[14:45:47] : 측정요구3 OFF
[14:45:47] : 측정요구4 ON
[14:45:55] : 측정요구4 OFF
[14:45:55] : 61,20190107-144556,AL19010346901,,OK,MAX,2,3,AUTO,1.10,4.40,3.19,OK,1.10,4.40,2.93,OK,
[14:46:12] : REQUEST MEAS. ON
[14:46:19] : REQUEST MEAS. OFF
[14:46:19] : 측정요구 ON 2
[14:46:26] : 측정요구 2OFF
[14:46:26] : 61,20190107-144627,AL19010349743,,OK,MAX,1,2,AUTO,1.10,4.40,2.11,OK,1.10,4.40,1.94,OK,
[14:46:41] : 측정요구3 ON
[14:46:48] : 측정요구3 OFF
[14:46:48] : 측정요구4 ON
[14:46:56] : 측정요구4 OFF
[14:46:56] : 61,20190107-144656,AL19010349753,,OK,MAX,2,3,AUTO,1.10,4.40,2.90,OK,1.10,4.40,2.46,OK,
[14:47:11] : REQUEST MEAS. ON
[14:47:18] : REQUEST MEAS. OFF
[14:47:18] : 측정요구 ON 2
[14:47:25] : 측정요구 2OFF
[14:47:25] : 61,20190107-144725,AL19010349773,,OK,MAX,1,2,AUTO,1.10,4.40,3.45,OK,1.10,4.40,3.46,OK,
[14:47:40] : 측정요구3 ON
[14:47:47] : 측정요구3 OFF
[14:47:47] : 측정요구4 ON
[14:47:55] : 측정요구4 OFF
[14:47:55] : 61,20190107-144756,AL19010349763,,OK,MAX,2,3,AUTO,1.10,4.40,2.30,OK,1.10,4.40,1.82,OK,
[14:48:08] : REQUEST MEAS. ON
[14:48:15] : REQUEST MEAS. OFF
[14:48:15] : 측정요구 ON 2
[14:48:22] : 측정요구 2OFF
[14:48:22] : 61,20190107-144823,AL19010340021,,OK,MAX,1,2,AUTO,1.10,4.40,2.21,OK,1.10,4.40,2.00,OK,
[14:49:00] : REQUEST MEAS. ON
[14:49:07] : REQUEST MEAS. OFF
[14:49:07] : 측정요구 ON 2
[14:49:14] : 측정요구 2OFF
[14:49:14] : 61,20190107-144915,AL19010349733,,OK,MAX,1,2,AUTO,1.10,4.40,1.81,OK,1.10,4.40,1.71,OK,
[14:49:42] : 측정요구3 ON
[14:49:49] : 측정요구3 OFF
[14:49:49] : 측정요구4 ON
[14:49:57] : 측정요구4 OFF
[14:49:57] : 61,20190107-144957,AL19010340031,,OK,MAX,2,3,AUTO,1.10,4.40,2.38,OK,1.10,4.40,1.67,OK,
[14:50:15] : REQUEST MEAS. ON
[14:50:22] : REQUEST MEAS. OFF
[14:50:22] : 측정요구 ON 2
[14:50:30] : 측정요구 2OFF
[14:50:30] : 61,20190107-145030,AL19010340061,,OK,MAX,1,2,AUTO,1.10,4.40,1.68,OK,1.10,4.40,2.07,OK,
[14:51:41] : REQUEST MEAS. ON
[14:51:48] : REQUEST MEAS. OFF
[14:51:48] : 측정요구 ON 2
[14:51:55] : 측정요구 2OFF
[14:51:55] : 61,20190107-145155,AL19010340071,,OK,MAX,1,2,AUTO,1.10,4.40,1.94,OK,1.10,4.40,1.87,OK,
[14:52:13] : 측정요구3 ON
[14:52:21] : 측정요구3 OFF
[14:52:21] : 측정요구4 ON
[14:52:29] : 측정요구4 OFF
[14:52:29] : 61,20190107-145230,AL19010346941,,OK,MAX,2,3,AUTO,1.10,4.40,3.21,OK,1.10,4.40,2.81,OK,
[14:52:44] : REQUEST MEAS. ON
[14:52:51] : REQUEST MEAS. OFF
[14:52:51] : 측정요구 ON 2
[14:52:58] : 측정요구 2OFF
[14:52:58] : 61,20190107-145258,AL19010346921,,OK,MAX,1,2,AUTO,1.10,4.40,1.22,OK,1.10,4.40,1.71,OK,
[14:53:14] : 측정요구3 ON
[14:53:22] : 측정요구3 OFF
[14:53:22] : 측정요구4 ON
[14:53:29] : 측정요구4 OFF
[14:53:29] : 61,20190107-145330,AL19010346931,,OK,MAX,2,3,AUTO,1.10,4.40,3.20,OK,1.10,4.40,2.93,OK,
[14:53:41] : REQUEST MEAS. ON
[14:53:48] : REQUEST MEAS. OFF
[14:53:48] : 측정요구 ON 2
[14:53:55] : 측정요구 2OFF
[14:53:55] : 61,20190107-145356,AL19010346961,,OK,MAX,1,2,AUTO,1.10,4.40,1.30,OK,1.10,4.40,1.72,OK,
[14:54:09] : 측정요구3 ON
[14:54:16] : 측정요구3 OFF
[14:54:16] : 측정요구4 ON
[14:54:24] : 측정요구4 OFF
[14:54:24] : 61,20190107-145425,AL19010346971,,OK,MAX,2,3,AUTO,1.10,4.40,3.22,OK,1.10,4.40,3.23,OK,
[14:54:36] : REQUEST MEAS. ON
[14:54:43] : REQUEST MEAS. OFF
[14:54:43] : 측정요구 ON 2
[14:54:51] : 측정요구 2OFF
[14:54:51] : 61,20190107-145451,AL19010347011,,OK,MAX,1,2,AUTO,1.10,4.40,2.11,OK,1.10,4.40,2.31,OK,
[14:55:03] : 측정요구3 ON
[14:55:11] : 측정요구3 OFF
[14:55:11] : 측정요구4 ON
[14:55:18] : 측정요구4 OFF
[14:55:18] : 61,20190107-145519,AL19010347001,,OK,MAX,2,3,AUTO,1.10,4.40,2.72,OK,1.10,4.40,2.31,OK,
[14:56:41] : REQUEST MEAS. ON
[14:56:48] : REQUEST MEAS. OFF
[14:56:48] : 측정요구 ON 2
[14:56:56] : 측정요구 2OFF
[14:56:56] : 61,20190107-145656,AL19010347021,,OK,MAX,1,2,AUTO,1.10,4.40,2.72,OK,1.10,4.40,2.92,OK,
[14:57:14] : 측정요구3 ON
[14:57:22] : 측정요구3 OFF
[14:57:22] : 측정요구4 ON
[14:57:30] : 측정요구4 OFF
[14:57:30] : 61,20190107-145730,AL19010346981,,OK,MAX,2,3,AUTO,1.10,4.40,2.65,OK,1.10,4.40,2.32,OK,
[14:58:11] : REQUEST MEAS. ON
[14:58:19] : REQUEST MEAS. OFF
[14:58:19] : 측정요구 ON 2
[14:58:26] : 측정요구 2OFF
[14:58:26] : 61,20190107-145827,AL19010347141,,OK,MAX,1,2,AUTO,1.10,4.40,2.94,OK,1.10,4.40,3.31,OK,
[14:58:42] : 측정요구3 ON
[14:58:49] : 측정요구3 OFF
[14:58:49] : 측정요구4 ON
[14:58:57] : 측정요구4 OFF
[14:58:57] : 61,20190107-145858,AL19010347121,,OK,MAX,2,3,AUTO,1.10,4.40,3.00,OK,1.10,4.40,2.91,OK,
[14:59:33] : REQUEST MEAS. ON
[14:59:41] : REQUEST MEAS. OFF
[14:59:41] : 측정요구 ON 2
[14:59:48] : 측정요구 2OFF
[14:59:48] : 61,20190107-145948,AL19010347171,,OK,MAX,1,2,AUTO,1.10,4.40,2.52,OK,1.10,4.40,2.21,OK,
[15:00:42] : 측정요구3 ON
[15:00:49] : 측정요구3 OFF
[15:00:49] : 측정요구4 ON
[15:00:57] : 측정요구4 OFF
[15:00:57] : 61,20190107-150058,AL19010347131,,OK,MAX,2,3,AUTO,1.10,4.40,2.94,OK,1.10,4.40,2.52,OK,
[15:01:15] : REQUEST MEAS. ON
[15:01:22] : REQUEST MEAS. OFF
[15:01:22] : 측정요구 ON 2
[15:01:30] : 측정요구 2OFF
[15:01:30] : 61,20190107-150131,AL19010347161,,OK,MAX,1,2,AUTO,1.10,4.40,3.30,OK,1.10,4.40,3.67,OK,
[15:01:51] : 측정요구3 ON
[15:01:59] : 측정요구3 OFF
[15:01:59] : 측정요구4 ON
[15:02:06] : 측정요구4 OFF
[15:02:06] : 61,20190107-150207,AL19010347191,,OK,MAX,2,3,AUTO,1.10,4.40,2.64,OK,1.10,4.40,2.66,OK,
[15:10:01] : AUTO RUNNING OFF
[15:11:25] : MEAS ESC ON
[15:11:25] : MEAS ESC OFF
[15:11:25] : AUTO RUNNING ON
[15:11:45] : REQUEST MEAS. ON
[15:11:53] : REQUEST MEAS. OFF
[15:11:53] : 측정요구 ON 2
[15:12:00] : 측정요구 2OFF
[15:12:00] : 61,20190107-151200,AL19010347231,,OK,MAX,1,2,AUTO,1.10,4.40,2.48,OK,1.10,4.40,2.62,OK,
[15:12:01] : 측정요구3 ON
[15:12:09] : 측정요구3 OFF
[15:12:09] : 측정요구4 ON
[15:12:17] : 측정요구4 OFF
[15:12:17] : 61,20190107-151217,AL19010347181,,OK,MAX,2,3,AUTO,1.10,4.40,2.80,OK,1.10,4.40,2.64,OK,
[15:12:27] : REQUEST MEAS. ON
[15:12:34] : REQUEST MEAS. OFF
[15:12:34] : 측정요구 ON 2
[15:12:42] : 측정요구 2OFF
[15:12:42] : 61,20190107-151243,AL19010347221,,OK,MAX,1,2,AUTO,1.10,4.40,3.12,OK,1.10,4.40,3.68,OK,
[15:12:46] : 측정요구3 ON
[15:12:53] : 측정요구3 OFF
[15:12:53] : 측정요구4 ON
[15:13:00] : 측정요구4 OFF
[15:13:00] : 61,20190107-151301,AL19010347201,,OK,MAX,2,3,AUTO,1.10,4.40,3.09,OK,1.10,4.40,3.07,OK,
[15:13:17] : REQUEST MEAS. ON
[15:13:24] : REQUEST MEAS. OFF
[15:13:24] : 측정요구 ON 2
[15:13:32] : 측정요구 2OFF
[15:13:32] : 61,20190107-151332,AL19010343031,,OK,MAX,1,2,AUTO,1.10,4.40,2.35,OK,1.10,4.40,2.64,OK,
[15:13:57] : 측정요구3 ON
[15:14:04] : 측정요구3 OFF
[15:14:04] : 측정요구4 ON
[15:14:12] : 측정요구4 OFF
[15:14:12] : 61,20190107-151413,AL19010342951,,OK,MAX,2,3,AUTO,1.10,4.40,3.02,OK,1.10,4.40,3.20,OK,
[15:14:29] : REQUEST MEAS. ON
[15:14:36] : REQUEST MEAS. OFF
[15:14:36] : 측정요구 ON 2
[15:14:44] : 측정요구 2OFF
[15:14:44] : 61,20190107-151444,AL19010342941,,OK,MAX,1,2,AUTO,1.10,4.40,3.02,OK,1.10,4.40,3.51,OK,
[15:15:03] : 측정요구3 ON
[15:15:10] : 측정요구3 OFF
[15:15:10] : 측정요구4 ON
[15:15:18] : 측정요구4 OFF
[15:15:18] : 61,20190107-151518,AL19010342911,,OK,MAX,2,3,AUTO,1.10,4.40,3.61,OK,1.10,4.40,3.73,OK,
[15:15:32] : REQUEST MEAS. ON
[15:15:39] : REQUEST MEAS. OFF
[15:15:39] : 측정요구 ON 2
[15:15:47] : 측정요구 2OFF
[15:15:47] : 61,20190107-151547,AL19010342961,,OK,MAX,1,2,AUTO,1.10,4.40,3.31,OK,1.10,4.40,3.54,OK,
[15:16:32] : REQUEST MEAS. ON
[15:16:39] : REQUEST MEAS. OFF
[15:16:39] : 측정요구 ON 2
[15:16:47] : 측정요구 2OFF
[15:16:47] : 61,20190107-151648,AL19010342991,,OK,MAX,1,2,AUTO,1.10,4.40,2.73,OK,1.10,4.40,2.82,OK,
[15:17:27] : REQUEST MEAS. ON
[15:17:34] : REQUEST MEAS. OFF
[15:17:34] : 측정요구 ON 2
[15:17:41] : 측정요구 2OFF
[15:17:41] : 61,20190107-151742,AL19010342971,,OK,MAX,1,2,AUTO,1.10,4.40,2.62,OK,1.10,4.40,2.90,OK,
[15:18:21] : REQUEST MEAS. ON
[15:18:28] : REQUEST MEAS. OFF
[15:18:28] : 측정요구 ON 2
[15:18:36] : 측정요구 2OFF
[15:18:36] : 61,20190107-151837,AL19010342981,,OK,MAX,1,2,AUTO,1.10,4.40,1.59,OK,1.10,4.40,2.12,OK,
[15:18:50] : 측정요구3 ON
[15:18:57] : 측정요구3 OFF
[15:18:57] : 측정요구4 ON
[15:19:05] : 측정요구4 OFF
[15:19:05] : 61,20190107-151905,AL19010343011,,OK,MAX,2,3,AUTO,1.10,4.40,3.22,OK,1.10,4.40,2.62,OK,
[15:19:20] : REQUEST MEAS. ON
[15:19:27] : REQUEST MEAS. OFF
[15:19:28] : 측정요구 ON 2
[15:19:35] : 측정요구 2OFF
[15:19:35] : 61,20190107-151936,AL19010343001,,OK,MAX,1,2,AUTO,1.10,4.40,2.59,OK,1.10,4.40,2.68,OK,
[15:19:53] : 측정요구3 ON
[15:20:00] : 측정요구3 OFF
[15:20:00] : 측정요구4 ON
[15:20:08] : 측정요구4 OFF
[15:20:08] : 61,20190107-152008,AL19010343021,,OK,MAX,2,3,AUTO,1.10,4.40,3.40,OK,1.10,4.40,2.75,OK,
[15:20:23] : REQUEST MEAS. ON
[15:20:30] : REQUEST MEAS. OFF
[15:20:31] : 측정요구 ON 2
[15:20:38] : 측정요구 2OFF
[15:20:38] : 61,20190107-152039,AL19010343041,,OK,MAX,1,2,AUTO,1.10,4.40,3.31,OK,1.10,4.40,3.21,OK,
[15:21:13] : REQUEST MEAS. ON
[15:21:20] : REQUEST MEAS. OFF
[15:21:20] : 측정요구 ON 2
[15:21:27] : 측정요구 2OFF
[15:21:27] : 61,20190107-152128,AL19010343101,,OK,MAX,1,2,AUTO,1.10,4.40,1.61,OK,1.10,4.40,1.69,OK,
[15:21:40] : 측정요구3 ON
[15:21:47] : 측정요구3 OFF
[15:21:47] : 측정요구4 ON
[15:21:54] : 측정요구4 OFF
[15:21:54] : 61,20190107-152155,AL19010343071,,OK,MAX,2,3,AUTO,1.10,4.40,3.01,OK,1.10,4.40,2.72,OK,
[15:22:09] : REQUEST MEAS. ON
[15:22:16] : REQUEST MEAS. OFF
[15:22:16] : 측정요구 ON 2
[15:22:24] : 측정요구 2OFF
[15:22:24] : 61,20190107-152225,AL19010343091,,OK,MAX,1,2,AUTO,1.10,4.40,2.63,OK,1.10,4.40,2.60,OK,
[15:23:36] : REQUEST MEAS. ON
[15:23:43] : REQUEST MEAS. OFF
[15:23:43] : 측정요구 ON 2
[15:23:50] : 측정요구 2OFF
[15:23:50] : 61,20190107-152351,AL19010343061,,OK,MAX,1,2,AUTO,1.10,4.40,2.85,OK,1.10,4.40,2.67,OK,
[15:23:52] : 측정요구3 ON
[15:24:00] : 측정요구3 OFF
[15:24:00] : 측정요구4 ON
[15:24:07] : 측정요구4 OFF
[15:24:07] : 61,20190107-152408,AL19010343141,,OK,MAX,2,3,AUTO,1.10,4.40,1.99,OK,1.10,4.40,1.29,OK,
[15:24:21] : REQUEST MEAS. ON
[15:24:28] : REQUEST MEAS. OFF
[15:24:28] : 측정요구 ON 2
[15:24:35] : 측정요구 2OFF
[15:24:35] : 61,20190107-152436,AL19010343151,,OK,MAX,1,2,AUTO,1.10,4.40,2.51,OK,1.10,4.40,2.72,OK,
[15:24:46] : 측정요구3 ON
[15:24:53] : 측정요구3 OFF
[15:24:53] : 측정요구4 ON
[15:25:00] : 측정요구4 OFF
[15:25:00] : 61,20190107-152501,AL19010343081,,OK,MAX,2,3,AUTO,1.10,4.40,1.82,OK,1.10,4.40,1.41,OK,
[15:25:15] : REQUEST MEAS. ON
[15:25:23] : REQUEST MEAS. OFF
[15:25:23] : 측정요구 ON 2
[15:25:30] : 측정요구 2OFF
[15:25:30] : 61,20190107-152531,AL19010343051,,OK,MAX,1,2,AUTO,1.10,4.40,1.51,OK,1.10,4.40,1.40,OK,
[15:25:50] : 측정요구3 ON
[15:25:57] : 측정요구3 OFF
[15:25:57] : 측정요구4 ON
[15:26:05] : 측정요구4 OFF
[15:26:05] : 61,20190107-152605,AL19010341381,,OK,MAX,2,3,AUTO,1.10,4.40,2.23,OK,1.10,4.40,1.42,OK,
[15:26:21] : REQUEST MEAS. ON
[15:26:29] : REQUEST MEAS. OFF
[15:26:29] : 측정요구 ON 2
[15:26:36] : 측정요구 2OFF
[15:26:36] : 61,20190107-152636,AL19010341351,,OK,MAX,1,2,AUTO,1.10,4.40,2.02,OK,1.10,4.40,1.71,OK,
[15:26:53] : 측정요구3 ON
[15:27:00] : 측정요구3 OFF
[15:27:00] : 측정요구4 ON
[15:27:08] : 측정요구4 OFF
[15:27:08] : 61,20190107-152708,AL19010341371,,OK,MAX,2,3,AUTO,1.10,4.40,2.32,OK,1.10,4.40,1.81,OK,
[15:27:26] : REQUEST MEAS. ON
[15:27:33] : REQUEST MEAS. OFF
[15:27:33] : 측정요구 ON 2
[15:27:41] : 측정요구 2OFF
[15:27:41] : 61,20190107-152741,AL19010341331,,OK,MAX,1,2,AUTO,1.10,4.40,1.81,OK,1.10,4.40,1.81,OK,
[15:28:49] : REQUEST MEAS. ON
[15:28:56] : REQUEST MEAS. OFF
[15:28:56] : 측정요구 ON 2
[15:29:03] : 측정요구 2OFF
[15:29:03] : 61,20190107-152904,AL19010341341,,OK,MAX,1,2,AUTO,1.10,4.40,1.43,OK,1.10,4.40,1.49,OK,
[15:29:17] : 측정요구3 ON
[15:29:24] : 측정요구3 OFF
[15:29:24] : 측정요구4 ON
[15:29:32] : 측정요구4 OFF
[15:29:32] : 61,20190107-152932,AL19010341421,,OK,MAX,2,3,AUTO,1.10,4.40,3.48,OK,1.10,4.40,3.09,OK,
[15:29:44] : REQUEST MEAS. ON
[15:29:51] : REQUEST MEAS. OFF
[15:29:51] : 측정요구 ON 2
[15:29:59] : 측정요구 2OFF
[15:29:59] : 61,20190107-152959,AL19010341401,,OK,MAX,1,2,AUTO,1.10,4.40,2.68,OK,1.10,4.40,2.76,OK,
[15:32:29] : REQUEST MEAS. ON
[15:32:36] : REQUEST MEAS. OFF
[15:32:36] : 측정요구 ON 2
[15:32:43] : 측정요구 2OFF
[15:32:43] : 61,20190107-153244,AL19010341391,,OK,MAX,1,2,AUTO,1.10,4.40,1.83,OK,1.10,4.40,2.73,OK,
[15:34:31] : REQUEST MEAS. ON
[15:34:38] : REQUEST MEAS. OFF
[15:34:38] : 측정요구 ON 2
[15:34:46] : 측정요구 2OFF
[15:34:46] : 61,20190107-153446,AL19010341431,,OK,MAX,1,2,AUTO,1.10,4.40,2.21,OK,1.10,4.40,2.30,OK,
[15:34:59] : 측정요구3 ON
[15:35:07] : 측정요구3 OFF
[15:35:07] : 측정요구4 ON
[15:35:14] : 측정요구4 OFF
[15:35:14] : 61,20190107-153515,AL19010341461,,OK,MAX,2,3,AUTO,1.10,4.40,3.31,OK,1.10,4.40,3.32,OK,
[15:41:18] : REQUEST MEAS. ON
[15:41:25] : REQUEST MEAS. OFF
[15:41:25] : 측정요구 ON 2
[15:41:33] : 측정요구 2OFF
[15:41:33] : 61,20190107-154133,AL19010341471,,OK,MAX,1,2,AUTO,1.10,4.40,2.92,OK,1.10,4.40,3.42,OK,
[15:41:45] : 측정요구3 ON
[15:41:53] : 측정요구3 OFF
[15:41:53] : 측정요구4 ON
[15:42:01] : 측정요구4 OFF
[15:42:01] : 61,20190107-154201,AL19010341481,,OK,MAX,2,3,AUTO,1.10,4.40,2.85,OK,1.10,4.40,2.54,OK,
[15:42:15] : REQUEST MEAS. ON
[15:42:22] : REQUEST MEAS. OFF
[15:42:22] : 측정요구 ON 2
[15:42:30] : 측정요구 2OFF
[15:42:30] : 61,20190107-154231,AL19010341451,,OK,MAX,1,2,AUTO,1.10,4.40,3.26,OK,1.10,4.40,3.23,OK,
[15:42:57] : 측정요구3 ON
[15:43:05] : 측정요구3 OFF
[15:43:05] : 측정요구4 ON
[15:43:12] : 측정요구4 OFF
[15:43:12] : 61,20190107-154313,AL19010341441,,OK,MAX,2,3,AUTO,1.10,4.40,3.08,OK,1.10,4.40,2.56,OK,
[15:43:30] : REQUEST MEAS. ON
[15:43:37] : REQUEST MEAS. OFF
[15:43:37] : 측정요구 ON 2
[15:43:45] : 측정요구 2OFF
[15:43:45] : 61,20190107-154345,AL19010341511,,OK,MAX,1,2,AUTO,1.10,4.40,3.11,OK,1.10,4.40,3.01,OK,
[15:44:05] : 측정요구3 ON
[15:44:12] : 측정요구3 OFF
[15:44:12] : 측정요구4 ON
[15:44:20] : 측정요구4 OFF
[15:44:20] : 61,20190107-154421,AL19010341521,,OK,MAX,2,3,AUTO,1.10,4.40,3.21,OK,1.10,4.40,2.72,OK,
[15:44:39] : REQUEST MEAS. ON
[15:44:46] : REQUEST MEAS. OFF
[15:44:46] : 측정요구 ON 2
[15:44:54] : 측정요구 2OFF
[15:44:54] : 61,20190107-154454,AL19010341501,,OK,MAX,1,2,AUTO,1.10,4.40,2.52,OK,1.10,4.40,3.22,OK,
[15:45:29] : REQUEST MEAS. ON
[15:45:36] : REQUEST MEAS. OFF
[15:45:36] : 측정요구 ON 2
[15:45:44] : 측정요구 2OFF
[15:45:44] : 61,20190107-154545,AL19010341491,,OK,MAX,1,2,AUTO,1.10,4.40,2.82,OK,1.10,4.40,2.82,OK,
[15:46:39] : REQUEST MEAS. ON
[15:46:46] : REQUEST MEAS. OFF
[15:46:47] : 측정요구 ON 2
[15:46:54] : 측정요구 2OFF
[15:46:54] : 61,20190107-154654,AL19010341141,,OK,MAX,1,2,AUTO,1.10,4.40,2.00,OK,1.10,4.40,1.99,OK,
[15:47:49] : REQUEST MEAS. ON
[15:47:56] : REQUEST MEAS. OFF
[15:47:56] : 측정요구 ON 2
[15:48:04] : 측정요구 2OFF
[15:48:04] : 61,20190107-154804,AL19010341201,,OK,MAX,1,2,AUTO,1.10,4.40,1.33,OK,1.10,4.40,1.62,OK,
[15:49:00] : REQUEST MEAS. ON
[15:49:07] : REQUEST MEAS. OFF
[15:49:07] : 측정요구 ON 2
[15:49:15] : 측정요구 2OFF
[15:49:15] : 61,20190107-154916,AL19010341221,,OK,MAX,1,2,AUTO,1.10,4.40,1.50,OK,1.10,4.40,2.18,OK,
[15:50:11] : REQUEST MEAS. ON
[15:50:18] : REQUEST MEAS. OFF
[15:50:18] : 측정요구 ON 2
[15:50:26] : 측정요구 2OFF
[15:50:26] : 61,20190107-155027,AL19010341171,,OK,MAX,1,2,AUTO,1.10,4.40,2.11,OK,1.10,4.40,2.01,OK,
[15:51:20] : REQUEST MEAS. ON
[15:51:27] : REQUEST MEAS. OFF
[15:51:27] : 측정요구 ON 2
[15:51:34] : 측정요구 2OFF
[15:51:34] : 61,20190107-155135,AL19010341151,,OK,MAX,1,2,AUTO,1.10,4.40,2.15,OK,1.10,4.40,2.14,OK,
[15:52:31] : REQUEST MEAS. ON
[15:52:38] : REQUEST MEAS. OFF
[15:52:38] : 측정요구 ON 2
[15:52:46] : 측정요구 2OFF
[15:52:46] : 61,20190107-155246,AL19010341181,,OK,MAX,1,2,AUTO,1.10,4.40,2.45,OK,1.10,4.40,2.10,OK,
[15:53:42] : REQUEST MEAS. ON
[15:53:49] : REQUEST MEAS. OFF
[15:53:49] : 측정요구 ON 2
[15:53:56] : 측정요구 2OFF
[15:53:56] : 61,20190107-155357,AL19010341191,,OK,MAX,1,2,AUTO,1.10,4.40,2.11,OK,1.10,4.40,2.01,OK,
[15:54:50] : REQUEST MEAS. ON
[15:54:57] : REQUEST MEAS. OFF
[15:54:57] : 측정요구 ON 2
[15:55:04] : 측정요구 2OFF
[15:55:04] : 61,20190107-155505,AL19010341211,,OK,MAX,1,2,AUTO,1.10,4.40,1.62,OK,1.10,4.40,1.52,OK,
[15:56:01] : REQUEST MEAS. ON
[15:56:08] : REQUEST MEAS. OFF
[15:56:09] : 측정요구 ON 2
[15:56:16] : 측정요구 2OFF
[15:56:16] : 61,20190107-155617,AL19010341161,,OK,MAX,1,2,AUTO,1.10,4.40,1.81,OK,1.10,4.40,1.78,OK,
[15:57:10] : REQUEST MEAS. ON
[15:57:18] : REQUEST MEAS. OFF
[15:57:18] : 측정요구 ON 2
[15:57:25] : 측정요구 2OFF
[15:57:25] : 61,20190107-155725,AL19010341361,,OK,MAX,1,2,AUTO,1.10,4.40,1.84,OK,1.10,4.40,1.81,OK,
[15:58:21] : REQUEST MEAS. ON
[15:58:28] : REQUEST MEAS. OFF
[15:58:28] : 측정요구 ON 2
[15:58:36] : 측정요구 2OFF
[15:58:36] : 61,20190107-155837,AL19010341241,,OK,MAX,1,2,AUTO,1.10,4.40,2.37,OK,1.10,4.40,2.58,OK,
[15:59:31] : REQUEST MEAS. ON
[15:59:38] : REQUEST MEAS. OFF
[15:59:38] : 측정요구 ON 2
[15:59:46] : 측정요구 2OFF
[15:59:46] : 61,20190107-155946,AL19010341251,,OK,MAX,1,2,AUTO,1.10,4.40,1.21,OK,1.10,4.40,1.51,OK,
[16:00:43] : REQUEST MEAS. ON
[16:00:50] : REQUEST MEAS. OFF
[16:00:50] : 측정요구 ON 2
[16:00:58] : 측정요구 2OFF
[16:00:58] : 61,20190107-160059,AL19010341291,,OK,MAX,1,2,AUTO,1.10,4.40,1.97,OK,1.10,4.40,2.38,OK,
[16:01:52] : REQUEST MEAS. ON
[16:01:59] : REQUEST MEAS. OFF
[16:01:59] : 측정요구 ON 2
[16:02:06] : 측정요구 2OFF
[16:02:06] : 61,20190107-160207,AL19010341321,,OK,MAX,1,2,AUTO,1.10,4.40,3.01,OK,1.10,4.40,2.86,OK,
[16:03:04] : REQUEST MEAS. ON
[16:03:11] : REQUEST MEAS. OFF
[16:03:11] : 측정요구 ON 2
[16:03:19] : 측정요구 2OFF
[16:03:19] : 61,20190107-160319,AL19010341311,,OK,MAX,1,2,AUTO,1.10,4.40,2.19,OK,1.10,4.40,2.21,OK,
[16:04:12] : REQUEST MEAS. ON
[16:04:19] : REQUEST MEAS. OFF
[16:04:19] : 측정요구 ON 2
[16:04:27] : 측정요구 2OFF
[16:04:27] : 61,20190107-160427,AL19010341231,,OK,MAX,1,2,AUTO,1.10,4.40,2.42,OK,1.10,4.40,2.71,OK,
[16:05:22] : REQUEST MEAS. ON
[16:05:29] : REQUEST MEAS. OFF
[16:05:29] : 측정요구 ON 2
[16:05:37] : 측정요구 2OFF
[16:05:37] : 61,20190107-160537,AL19010341271,,OK,MAX,1,2,AUTO,1.10,4.40,1.31,OK,1.10,4.40,1.70,OK,
[16:06:31] : REQUEST MEAS. ON
[16:06:38] : REQUEST MEAS. OFF
[16:06:38] : 측정요구 ON 2
[16:06:46] : 측정요구 2OFF
[16:06:46] : 61,20190107-160646,AL19010341261,,OK,MAX,1,2,AUTO,1.10,4.40,2.22,OK,1.10,4.40,2.51,OK,
[16:07:45] : REQUEST MEAS. ON
[16:07:52] : REQUEST MEAS. OFF
[16:07:52] : 측정요구 ON 2
[16:08:00] : 측정요구 2OFF
[16:08:00] : 61,20190107-160801,AL19010341301,,OK,MAX,1,2,AUTO,1.10,4.40,2.27,OK,1.10,4.40,2.22,OK,
[16:08:21] : 측정요구3 ON
[16:08:29] : 측정요구3 OFF
[16:08:29] : 측정요구4 ON
[16:08:36] : 측정요구4 OFF
[16:08:36] : 61,20190107-160837,AL19010341531,,OK,MAX,2,3,AUTO,1.10,4.40,3.60,OK,1.10,4.40,3.23,OK,
[16:09:03] : REQUEST MEAS. ON
[16:09:10] : REQUEST MEAS. OFF
[16:09:10] : 측정요구 ON 2
[16:09:18] : 측정요구 2OFF
[16:09:18] : 61,20190107-160918,AL19010341281,,OK,MAX,1,2,AUTO,1.10,4.40,2.52,OK,1.10,4.40,2.71,OK,
[16:09:38] : 측정요구3 ON
[16:09:45] : 측정요구3 OFF
[16:09:45] : 측정요구4 ON
[16:09:53] : 측정요구4 OFF
[16:09:53] : 61,20190107-160954,AL18122942731,,OK,MAX,2,3,AUTO,1.10,4.40,3.09,OK,1.10,4.40,2.72,OK,
[16:10:26] : REQUEST MEAS. ON
[16:10:33] : REQUEST MEAS. OFF
[16:10:33] : 측정요구 ON 2
[16:10:40] : 측정요구 2OFF
[16:10:40] : 61,20190107-161041,AL18122942681,,OK,MAX,1,2,AUTO,1.10,4.40,2.93,OK,1.10,4.40,2.77,OK,
[16:11:24] : REQUEST MEAS. ON
[16:11:32] : REQUEST MEAS. OFF
[16:11:32] : 측정요구 ON 2
[16:11:39] : 측정요구 2OFF
[16:11:39] : 61,20190107-161139,AL18122942721,,OK,MAX,1,2,AUTO,1.10,4.40,2.77,OK,1.10,4.40,3.03,OK,
[16:11:55] : 측정요구3 ON
[16:12:02] : 측정요구3 OFF
[16:12:02] : 측정요구4 ON
[16:12:10] : 측정요구4 OFF
[16:12:10] : 61,20190107-161211,AL18122942691,,OK,MAX,2,3,AUTO,1.10,4.40,1.97,OK,1.10,4.40,1.87,OK,
[16:12:48] : REQUEST MEAS. ON
[16:12:55] : REQUEST MEAS. OFF
[16:12:55] : 측정요구 ON 2
[16:13:02] : 측정요구 2OFF
[16:13:02] : 61,20190107-161303,AL18122942701,,OK,MAX,1,2,AUTO,1.10,4.40,2.51,OK,1.10,4.40,2.68,OK,
[16:13:52] : REQUEST MEAS. ON
[16:13:59] : REQUEST MEAS. OFF
[16:13:59] : 측정요구 ON 2
[16:14:07] : 측정요구 2OFF
[16:14:07] : 61,20190107-161407,AL18122942751,,OK,MAX,1,2,AUTO,1.10,4.40,2.31,OK,1.10,4.40,2.21,OK,
[16:15:00] : REQUEST MEAS. ON
[16:15:08] : REQUEST MEAS. OFF
[16:15:08] : 측정요구 ON 2
[16:15:15] : 측정요구 2OFF
[16:15:15] : 61,20190107-161515,AL18122942761,,OK,MAX,1,2,AUTO,1.10,4.40,2.72,OK,1.10,4.40,2.31,OK,
[16:15:36] : 측정요구3 ON
[16:15:43] : 측정요구3 OFF
[16:15:43] : 측정요구4 ON
[16:15:51] : 측정요구4 OFF
[16:15:51] : 61,20190107-161552,AL18122942671,,OK,MAX,2,3,AUTO,1.10,4.40,3.21,OK,1.10,4.40,2.83,OK,
[16:16:20] : REQUEST MEAS. ON
[16:16:27] : REQUEST MEAS. OFF
[16:16:27] : 측정요구 ON 2
[16:16:34] : 측정요구 2OFF
[16:16:34] : 61,20190107-161635,AL18122942741,,OK,MAX,1,2,AUTO,1.10,4.40,2.62,OK,1.10,4.40,2.31,OK,
[16:16:56] : 측정요구3 ON
[16:17:03] : 측정요구3 OFF
[16:17:04] : 측정요구4 ON
[16:17:11] : 측정요구4 OFF
[16:17:11] : 61,20190107-161712,AL18122830473,,OK,MAX,2,3,AUTO,1.10,4.40,2.48,OK,1.10,4.40,2.13,OK,
[16:17:38] : REQUEST MEAS. ON
[16:17:45] : REQUEST MEAS. OFF
[16:17:45] : 측정요구 ON 2
[16:17:53] : 측정요구 2OFF
[16:17:53] : 61,20190107-161753,AL18122830403,,OK,MAX,1,2,AUTO,1.10,4.40,2.12,OK,1.10,4.40,2.33,OK,
[16:18:18] : 측정요구3 ON
[16:18:25] : 측정요구3 OFF
[16:18:25] : 측정요구4 ON
[16:18:33] : 측정요구4 OFF
[16:18:33] : 61,20190107-161834,AL18122830413,,OK,MAX,2,3,AUTO,1.10,4.40,2.22,OK,1.10,4.40,2.05,OK,
[16:19:00] : REQUEST MEAS. ON
[16:19:07] : REQUEST MEAS. OFF
[16:19:07] : 측정요구 ON 2
[16:19:14] : 측정요구 2OFF
[16:19:14] : 61,20190107-161915,AL18122830433,,OK,MAX,1,2,AUTO,1.10,4.40,3.40,OK,1.10,4.40,3.12,OK,
[16:19:50] : REQUEST MEAS. ON
[16:19:58] : REQUEST MEAS. OFF
[16:19:58] : 측정요구 ON 2
[16:20:05] : 측정요구 2OFF
[16:20:05] : 61,20190107-162006,AL18122830483,,OK,MAX,1,2,AUTO,1.10,4.40,1.12,OK,1.10,4.40,1.50,OK,
[16:20:25] : 측정요구3 ON
[16:20:33] : 측정요구3 OFF
[16:20:33] : 측정요구4 ON
[16:20:40] : 측정요구4 OFF
[16:20:40] : 61,20190107-162041,AL18122830493,,OK,MAX,2,3,AUTO,1.10,4.40,2.98,OK,1.10,4.40,2.21,OK,
[16:21:40] : REQUEST MEAS. ON
[16:21:47] : REQUEST MEAS. OFF
[16:21:47] : 측정요구 ON 2
[16:21:55] : 측정요구 2OFF
[16:21:55] : 61,20190107-162155,AL18122830613,,OK,MAX,1,2,AUTO,1.10,4.40,1.53,OK,1.10,4.40,2.08,OK,
[16:22:16] : 측정요구3 ON
[16:22:23] : 측정요구3 OFF
[16:22:23] : 측정요구4 ON
[16:22:31] : 측정요구4 OFF
[16:22:31] : 61,20190107-162231,AL18122830463,,OK,MAX,2,3,AUTO,1.10,4.40,3.11,OK,1.10,4.40,2.59,OK,
[16:22:46] : REQUEST MEAS. ON
[16:22:53] : REQUEST MEAS. OFF
[16:22:53] : 측정요구 ON 2
[16:23:00] : 측정요구 2OFF
[16:23:00] : 61,20190107-162301,AL18122830623,,OK,MAX,1,2,AUTO,1.10,4.40,1.61,OK,1.10,4.40,1.80,OK,
[16:23:17] : 측정요구3 ON
[16:23:24] : 측정요구3 OFF
[16:23:24] : 측정요구4 ON
[16:23:31] : 측정요구4 OFF
[16:23:31] : 61,20190107-162332,AL18122830363,,OK,MAX,2,3,AUTO,1.10,4.40,2.19,OK,1.10,4.40,1.81,OK,
[16:23:55] : REQUEST MEAS. ON
[16:24:02] : REQUEST MEAS. OFF
[16:24:02] : 측정요구 ON 2
[16:24:10] : 측정요구 2OFF
[16:24:10] : 61,20190107-162411,AL18122830353,,OK,MAX,1,2,AUTO,1.10,4.40,1.40,OK,1.10,4.40,1.72,OK,
[16:24:25] : 측정요구3 ON
[16:24:32] : 측정요구3 OFF
[16:24:32] : 측정요구4 ON
[16:24:39] : 측정요구4 OFF
[16:24:39] : 61,20190107-162440,AL18122830343,,OK,MAX,2,3,AUTO,1.10,4.40,1.81,OK,1.10,4.40,1.43,OK,
[16:26:14] : REQUEST MEAS. ON
[16:26:21] : REQUEST MEAS. OFF
[16:26:21] : 측정요구 ON 2
[16:26:29] : 측정요구 2OFF
[16:26:29] : 61,20190107-162629,AL18122830333,,OK,MAX,1,2,AUTO,1.10,4.40,2.03,OK,1.10,4.40,2.23,OK,
[16:26:41] : 측정요구3 ON
[16:26:48] : 측정요구3 OFF
[16:26:48] : 측정요구4 ON
[16:26:56] : 측정요구4 OFF
[16:26:56] : 61,20190107-162657,AL18122830323,,OK,MAX,2,3,AUTO,1.10,4.40,2.91,OK,1.10,4.40,2.20,OK,
[16:28:07] : REQUEST MEAS. ON
[16:28:14] : REQUEST MEAS. OFF
[16:28:14] : 측정요구 ON 2
[16:28:21] : 측정요구 2OFF
[16:28:21] : 61,20190107-162822,AL18122830383,,OK,MAX,1,2,AUTO,1.10,4.40,1.32,OK,1.10,4.40,1.73,OK,
[16:29:39] : REQUEST MEAS. ON
[16:29:46] : REQUEST MEAS. OFF
[16:29:46] : 측정요구 ON 2
[16:29:53] : 측정요구 2OFF
[16:29:53] : 61,20190107-162954,AL18122830393,,OK,MAX,1,2,AUTO,1.10,4.40,1.64,OK,1.10,4.40,2.05,OK,
[16:30:03] : 측정요구3 ON
[16:30:10] : 측정요구3 OFF
[16:30:10] : 측정요구4 ON
[16:30:17] : 측정요구4 OFF
[16:30:17] : 61,20190107-163018,AL18122830443,,OK,MAX,2,3,AUTO,1.10,4.40,2.78,OK,1.10,4.40,2.44,OK,
[16:30:26] : REQUEST MEAS. ON
[16:30:33] : REQUEST MEAS. OFF
[16:30:33] : 측정요구 ON 2
[16:30:41] : 측정요구 2OFF
[16:30:41] : 61,20190107-163041,AL18122830453,,OK,MAX,1,2,AUTO,1.10,4.40,2.00,OK,1.10,4.40,2.78,OK,
[16:30:50] : 측정요구3 ON
[16:30:57] : 측정요구3 OFF
[16:30:57] : 측정요구4 ON
[16:31:05] : 측정요구4 OFF
[16:31:05] : 61,20190107-163106,AL18122830533,,OK,MAX,2,3,AUTO,1.10,4.40,1.86,OK,1.10,4.40,2.32,OK,
[16:33:16] : REQUEST MEAS. ON
[16:33:23] : REQUEST MEAS. OFF
[16:33:23] : 측정요구 ON 2
[16:33:30] : 측정요구 2OFF
[16:33:30] : 61,20190107-163331,AL18122830523,,OK,MAX,1,2,AUTO,1.10,4.40,1.51,OK,1.10,4.40,1.52,OK,
[16:33:43] : 측정요구3 ON
[16:33:50] : 측정요구3 OFF
[16:33:50] : 측정요구4 ON
[16:33:58] : 측정요구4 OFF
[16:33:58] : 61,20190107-163358,AL18122830513,,OK,MAX,2,3,AUTO,1.10,4.40,2.21,OK,1.10,4.40,1.74,OK,
[16:34:12] : REQUEST MEAS. ON
[16:34:19] : REQUEST MEAS. OFF
[16:34:19] : 측정요구 ON 2
[16:34:27] : 측정요구 2OFF
[16:34:27] : 61,20190107-163428,AL18122830503,,OK,MAX,1,2,AUTO,1.10,4.40,1.61,OK,1.10,4.40,2.01,OK,
[16:34:41] : 측정요구3 ON
[16:34:48] : 측정요구3 OFF
[16:34:48] : 측정요구4 ON
[16:34:55] : 측정요구4 OFF
[16:34:55] : 61,20190107-163456,AL18122830603,,OK,MAX,2,3,AUTO,1.10,4.40,1.52,OK,1.10,4.40,1.31,OK,
[16:35:10] : REQUEST MEAS. ON
[16:35:17] : REQUEST MEAS. OFF
[16:35:17] : 측정요구 ON 2
[16:35:25] : 측정요구 2OFF
[16:35:25] : 61,20190107-163525,AL18122830563,,OK,MAX,1,2,AUTO,1.10,4.40,1.30,OK,1.10,4.40,1.81,OK,
[16:35:46] : 측정요구3 ON
[16:35:54] : 측정요구3 OFF
[16:35:54] : 측정요구4 ON
[16:36:02] : 측정요구4 OFF
[16:36:02] : 61,20190107-163602,AL18122830583,,OK,MAX,2,3,AUTO,1.10,4.40,1.72,OK,1.10,4.40,1.46,OK,
[16:36:12] : REQUEST MEAS. ON
[16:36:19] : REQUEST MEAS. OFF
[16:36:19] : 측정요구 ON 2
[16:36:27] : 측정요구 2OFF
[16:36:27] : 61,20190107-163628,AL18122830573,,OK,MAX,1,2,AUTO,1.10,4.40,1.61,OK,1.10,4.40,1.92,OK,
[16:36:49] : 측정요구3 ON
[16:36:56] : 측정요구3 OFF
[16:36:56] : 측정요구4 ON
[16:37:03] : 측정요구4 OFF
[16:37:03] : 61,20190107-163704,AL18122830593,,OK,MAX,2,3,AUTO,1.10,4.40,1.77,OK,1.10,4.40,1.70,OK,
[16:37:22] : REQUEST MEAS. ON
[16:37:29] : REQUEST MEAS. OFF
[16:37:29] : 측정요구 ON 2
[16:37:37] : 측정요구 2OFF
[16:37:37] : 61,20190107-163737,AL19010230563,,OK,MAX,1,2,AUTO,1.10,4.40,2.42,OK,1.10,4.40,2.44,OK,
[16:37:59] : 측정요구3 ON
[16:38:06] : 측정요구3 OFF
[16:38:06] : 측정요구4 ON
[16:38:13] : 측정요구4 OFF
[16:38:13] : 61,20190107-163814,AL19010230593,,OK,MAX,2,3,AUTO,1.10,4.40,1.81,OK,1.10,4.40,1.52,OK,
[16:38:30] : REQUEST MEAS. ON
[16:38:37] : REQUEST MEAS. OFF
[16:38:37] : 측정요구 ON 2
[16:38:44] : 측정요구 2OFF
[16:38:44] : 61,20190107-163845,AL19010230583,,OK,MAX,1,2,AUTO,1.10,4.40,2.21,OK,1.10,4.40,2.32,OK,
[16:39:01] : 측정요구3 ON
[16:39:08] : 측정요구3 OFF
[16:39:08] : 측정요구4 ON
[16:39:16] : 측정요구4 OFF
[16:39:16] : 61,20190107-163917,AL19010230573,,OK,MAX,2,3,AUTO,1.10,4.40,2.52,OK,1.10,4.40,1.80,OK,
[16:39:31] : REQUEST MEAS. ON
[16:39:38] : REQUEST MEAS. OFF
[16:39:38] : 측정요구 ON 2
[16:39:45] : 측정요구 2OFF
[16:39:45] : 61,20190107-163946,AL19010230603,,OK,MAX,1,2,AUTO,1.10,4.40,1.43,OK,1.10,4.40,1.79,OK,
[16:39:59] : 측정요구3 ON
[16:40:07] : 측정요구3 OFF
[16:40:07] : 측정요구4 ON
[16:40:14] : 측정요구4 OFF
[16:40:14] : 61,20190107-164015,AL19010230513,,OK,MAX,2,3,AUTO,1.10,4.40,3.21,OK,1.10,4.40,2.96,OK,
[16:40:27] : REQUEST MEAS. ON
[16:40:34] : REQUEST MEAS. OFF
[16:40:34] : 측정요구 ON 2
[16:40:41] : 측정요구 2OFF
[16:40:41] : 61,20190107-164042,AL19010230523,,OK,MAX,1,2,AUTO,1.10,4.40,2.56,OK,1.10,4.40,2.88,OK,
[16:40:55] : 측정요구3 ON
[16:41:03] : 측정요구3 OFF
[16:41:03] : 측정요구4 ON
[16:41:10] : 측정요구4 OFF
[16:41:10] : 61,20190107-164111,AL19010230533,,OK,MAX,2,3,AUTO,1.10,4.40,2.62,OK,1.10,4.40,2.11,OK,
[16:41:30] : REQUEST MEAS. ON
[16:41:37] : REQUEST MEAS. OFF
[16:41:37] : 측정요구 ON 2
[16:41:45] : 측정요구 2OFF
[16:41:45] : 61,20190107-164145,AL19010230543,,OK,MAX,1,2,AUTO,1.10,4.40,1.55,OK,1.10,4.40,2.01,OK,
[16:41:56] : 측정요구3 ON
[16:42:03] : 측정요구3 OFF
[16:42:03] : 측정요구4 ON
[16:42:11] : 측정요구4 OFF
[16:42:11] : 61,20190107-164212,AL19010230553,,OK,MAX,2,3,AUTO,1.10,4.40,1.71,OK,1.10,4.40,1.41,OK,
[16:42:39] : REQUEST MEAS. ON
[16:42:46] : REQUEST MEAS. OFF
[16:42:46] : 측정요구 ON 2
[16:42:53] : 측정요구 2OFF
[16:42:53] : 61,20190107-164254,AL19010338433,,OK,MAX,1,2,AUTO,1.10,4.40,1.71,OK,1.10,4.40,2.21,OK,
[16:43:33] : AUTO RUNNING OFF
[16:48:44] : MEAS ESC ON
[16:48:45] : MEAS ESC OFF
[16:48:45] : AUTO RUNNING ON
[16:49:38] : REQUEST MEAS. ON
[16:49:45] : REQUEST MEAS. OFF
[16:49:45] : 측정요구 ON 2
[16:49:53] : 측정요구 2OFF
[16:49:53] : 61,20190107-164953,AL19010338463,,OK,MAX,1,2,AUTO,1.10,4.40,2.22,OK,1.10,4.40,2.33,OK,
[16:50:18] : 측정요구3 ON
[16:50:25] : 측정요구3 OFF
[16:50:25] : 측정요구4 ON
[16:50:33] : 측정요구4 OFF
[16:50:33] : 61,20190107-165034,AL19010338423,,OK,MAX,2,3,AUTO,1.10,4.40,2.43,OK,1.10,4.40,2.27,OK,
[16:50:58] : REQUEST MEAS. ON
[16:51:06] : REQUEST MEAS. OFF
[16:51:06] : 측정요구 ON 2
[16:51:13] : 측정요구 2OFF
[16:51:13] : 61,20190107-165113,AL19010338473,,OK,MAX,1,2,AUTO,1.10,4.40,2.05,OK,1.10,4.40,2.45,OK,
[16:51:35] : 측정요구3 ON
[16:51:42] : 측정요구3 OFF
[16:51:42] : 측정요구4 ON
[16:51:49] : 측정요구4 OFF
[16:51:49] : 61,20190107-165150,AL19010338483,,OK,MAX,2,3,AUTO,1.10,4.40,2.31,OK,1.10,4.40,1.82,OK,
[16:52:08] : REQUEST MEAS. ON
[16:52:15] : REQUEST MEAS. OFF
[16:52:15] : 측정요구 ON 2
[16:52:23] : 측정요구 2OFF
[16:52:23] : 61,20190107-165224,AL19010338493,,OK,MAX,1,2,AUTO,1.10,4.40,2.31,OK,1.10,4.40,2.62,OK,
[16:53:31] : REQUEST MEAS. ON
[16:53:38] : REQUEST MEAS. OFF
[16:53:38] : 측정요구 ON 2
[16:53:45] : 측정요구 2OFF
[16:53:45] : 61,20190107-165346,AL19010338513,,OK,MAX,1,2,AUTO,1.10,4.40,2.11,OK,1.10,4.40,2.42,OK,
[16:53:59] : 측정요구3 ON
[16:54:06] : 측정요구3 OFF
[16:54:06] : 측정요구4 ON
[16:54:13] : 측정요구4 OFF
[16:54:13] : 61,20190107-165414,AL19010230333,,OK,MAX,2,3,AUTO,1.10,4.40,2.62,OK,1.10,4.40,2.52,OK,
[16:54:28] : REQUEST MEAS. ON
[16:54:35] : REQUEST MEAS. OFF
[16:54:35] : 측정요구 ON 2
[16:54:43] : 측정요구 2OFF
[16:54:43] : 61,20190107-165444,AL19010230323,,OK,MAX,1,2,AUTO,1.10,4.40,1.61,OK,1.10,4.40,1.92,OK,
[16:55:01] : 측정요구3 ON
[16:55:08] : 측정요구3 OFF
[16:55:08] : 측정요구4 ON
[16:55:15] : 측정요구4 OFF
[16:55:15] : 61,20190107-165516,AL19010230313,,OK,MAX,2,3,AUTO,1.10,4.40,2.03,OK,1.10,4.40,1.98,OK,
[16:55:29] : REQUEST MEAS. ON
[16:55:36] : REQUEST MEAS. OFF
[16:55:37] : 측정요구 ON 2
[16:55:44] : 측정요구 2OFF
[16:55:44] : 61,20190107-165545,AL19010230303,,OK,MAX,1,2,AUTO,1.10,4.40,1.32,OK,1.10,4.40,1.61,OK,
[16:59:20] : REQUEST MEAS. ON
[16:59:27] : REQUEST MEAS. OFF
[16:59:28] : 측정요구 ON 2
[16:59:35] : 측정요구 2OFF
[16:59:35] : 61,20190107-165936,AL19010230383,,OK,MAX,1,2,AUTO,1.10,4.40,2.14,OK,1.10,4.40,2.60,OK,
[16:59:48] : 측정요구3 ON
[16:59:55] : 측정요구3 OFF
[16:59:55] : 측정요구4 ON
[17:00:02] : 측정요구4 OFF
[17:00:02] : 61,20190107-170003,AL19010230373,,OK,MAX,2,3,AUTO,1.10,4.40,2.48,OK,1.10,4.40,2.18,OK,
[17:00:15] : REQUEST MEAS. ON
[17:00:22] : REQUEST MEAS. OFF
[17:00:22] : 측정요구 ON 2
[17:00:30] : 측정요구 2OFF
[17:00:30] : 61,20190107-170030,AL19010230363,,OK,MAX,1,2,AUTO,1.10,4.40,1.97,OK,1.10,4.40,2.34,OK,
[17:03:36] : REQUEST MEAS. ON
[17:03:43] : REQUEST MEAS. OFF
[17:03:43] : 측정요구 ON 2
[17:03:51] : 측정요구 2OFF
[17:03:51] : 61,20190107-170352,AL19010341411,,OK,MAX,1,2,AUTO,1.10,4.40,1.51,OK,1.10,4.40,1.82,OK,
[17:04:30] : REQUEST MEAS. ON
[17:04:37] : REQUEST MEAS. OFF
[17:04:37] : 측정요구 ON 2
[17:04:45] : 측정요구 2OFF
[17:04:45] : 61,20190107-170445,AL19010243003,,NG,MAX,1,0,AUTO,1.10,4.40,0.27,NG,1.10,4.40,0.66,NG,
[17:06:31] : REQUEST MEAS. ON
[17:06:39] : REQUEST MEAS. OFF
[17:06:39] : 측정요구 ON 2
[17:06:46] : 측정요구 2OFF
[17:06:46] : 61,20190107-170647,AL19010230353,,OK,MAX,1,2,AUTO,1.10,4.40,1.91,OK,1.10,4.40,2.32,OK,
[17:07:48] : REQUEST MEAS. ON
[17:07:55] : REQUEST MEAS. OFF
[17:07:55] : 측정요구 ON 2
[17:08:03] : 측정요구 2OFF
[17:08:03] : 61,20190107-170803,AL19010230343,,OK,MAX,1,2,AUTO,1.10,4.40,2.11,OK,1.10,4.40,2.47,OK,
[17:08:21] : 측정요구3 ON
[17:08:29] : 측정요구3 OFF
[17:08:29] : 측정요구4 ON
[17:08:37] : 측정요구4 OFF
[17:08:37] : 61,20190107-170837,AL19010335983,,OK,MAX,2,3,AUTO,1.10,4.40,2.23,OK,1.10,4.40,1.27,OK,
[18:22:38] : AUTO RUNNING OFF
 
