[07:52:07] : MEAS ESC ON
 
[15:55:59] : MEAS ESC OFF
[15:56:09] : MEAS ESC ON
[15:56:14] : MEAS ESC OFF
[15:59:09] : REQUEST MEAS. ON
[15:59:16] : REQUEST MEAS. OFF
[15:59:17] : 0
[15:59:17] : 측정요구 ON 2
[15:59:24] : 측정요구 2OFF
[15:59:24] : 0
[16:00:31] : REQUEST MEAS. ON
[16:00:38] : REQUEST MEAS. OFF
[16:00:38] : 0
[16:00:38] : 측정요구 ON 2
[16:00:46] : 측정요구 2OFF
[16:00:46] : 0
[16:02:28] : REQUEST MEAS. ON
[16:02:35] : REQUEST MEAS. OFF
[16:02:35] : 0
[16:02:35] : 측정요구 ON 2
[16:02:43] : 측정요구 2OFF
[16:02:43] : 0
[16:02:45] : REQUEST MEAS. ON
[16:02:52] : REQUEST MEAS. OFF
[16:02:52] : 0
[16:02:52] : 측정요구 ON 2
[16:02:59] : 측정요구 2OFF
[16:02:59] : 0
[16:03:02] : REQUEST MEAS. ON
[16:03:09] : REQUEST MEAS. OFF
[16:03:09] : 0
[16:03:09] : 측정요구 ON 2
[16:03:16] : 측정요구 2OFF
[16:03:16] : 0
[16:03:19] : REQUEST MEAS. ON
[16:03:26] : REQUEST MEAS. OFF
[16:03:26] : 0
[16:03:26] : 측정요구 ON 2
[16:03:33] : 측정요구 2OFF
[16:03:33] : 0
[16:03:35] : REQUEST MEAS. ON
[16:03:42] : REQUEST MEAS. OFF
[16:03:42] : 0
[16:03:42] : 측정요구 ON 2
[16:03:50] : 측정요구 2OFF
[16:03:50] : 0
[16:03:52] : REQUEST MEAS. ON
[16:03:59] : REQUEST MEAS. OFF
[16:03:59] : 0
[16:03:59] : 측정요구 ON 2
[16:04:06] : 측정요구 2OFF
[16:04:06] : 0
[16:04:09] : REQUEST MEAS. ON
[16:04:16] : REQUEST MEAS. OFF
[16:04:16] : 0
[16:04:16] : 측정요구 ON 2
[16:04:23] : 측정요구 2OFF
[16:04:23] : 0
[16:04:26] : REQUEST MEAS. ON
[16:04:33] : REQUEST MEAS. OFF
[16:04:33] : 0
[16:04:33] : 측정요구 ON 2
[16:04:40] : 측정요구 2OFF
[16:04:40] : 0
[16:04:42] : REQUEST MEAS. ON
[16:04:49] : REQUEST MEAS. OFF
[16:04:49] : 0
[16:04:49] : 측정요구 ON 2
[16:04:57] : 측정요구 2OFF
[16:04:57] : 0
[16:04:59] : REQUEST MEAS. ON
[16:05:06] : REQUEST MEAS. OFF
[16:05:06] : 0
[16:05:06] : 측정요구 ON 2
[16:05:13] : 측정요구 2OFF
[16:05:13] : 0
[16:05:16] : REQUEST MEAS. ON
[16:05:23] : REQUEST MEAS. OFF
[16:05:23] : 0
[16:05:23] : 측정요구 ON 2
[16:05:30] : 측정요구 2OFF
[16:05:30] : 0
[16:05:33] : REQUEST MEAS. ON
[16:05:40] : REQUEST MEAS. OFF
[16:05:40] : 0
[16:05:40] : 측정요구 ON 2
[16:05:47] : 측정요구 2OFF
[16:05:47] : 0
[16:05:49] : REQUEST MEAS. ON
[16:05:56] : REQUEST MEAS. OFF
[16:05:56] : 0
[16:05:56] : 측정요구 ON 2
[16:06:04] : 측정요구 2OFF
[16:06:04] : 0
[16:06:06] : REQUEST MEAS. ON
[16:06:13] : REQUEST MEAS. OFF
[16:06:13] : 0
[16:06:13] : 측정요구 ON 2
[16:06:20] : 측정요구 2OFF
[16:06:20] : 0
[16:06:23] : REQUEST MEAS. ON
[16:06:30] : REQUEST MEAS. OFF
[16:06:30] : 0
[16:06:30] : 측정요구 ON 2
[16:06:37] : 측정요구 2OFF
[16:06:37] : 0
[16:06:40] : REQUEST MEAS. ON
[16:06:47] : REQUEST MEAS. OFF
[16:06:47] : 0
[16:06:47] : 측정요구 ON 2
[16:06:54] : 측정요구 2OFF
[16:06:54] : 0
[16:06:57] : REQUEST MEAS. ON
[16:07:04] : REQUEST MEAS. OFF
[16:07:04] : 0
[16:07:04] : 측정요구 ON 2
[16:07:11] : 측정요구 2OFF
[16:07:11] : 0
[16:07:14] : REQUEST MEAS. ON
[16:07:21] : REQUEST MEAS. OFF
[16:07:21] : 0
[16:07:21] : 측정요구 ON 2
[16:07:28] : 측정요구 2OFF
[16:07:28] : 0
[16:07:30] : REQUEST MEAS. ON
[16:07:37] : REQUEST MEAS. OFF
[16:07:37] : 0
[16:07:37] : 측정요구 ON 2
[16:07:44] : 측정요구 2OFF
[16:07:44] : 0
[16:07:47] : REQUEST MEAS. ON
[16:07:54] : REQUEST MEAS. OFF
[16:07:54] : 0
[16:07:54] : 측정요구 ON 2
[16:08:01] : 측정요구 2OFF
[16:08:01] : 0
[16:10:42] : REQUEST MEAS. ON
[16:10:49] : REQUEST MEAS. OFF
[16:10:49] : 0
[16:10:49] : 측정요구 ON 2
[16:10:56] : 측정요구 2OFF
[16:10:56] : 0
[16:19:56] : REQUEST MEAS. ON
[16:20:03] : REQUEST MEAS. OFF
[16:20:03] : 0
[16:20:03] : 측정요구 ON 2
[16:20:10] : 측정요구 2OFF
[16:20:10] : 0
[16:21:04] : REQUEST MEAS. ON
[16:21:11] : REQUEST MEAS. OFF
[16:21:11] : 0
[16:21:11] : 측정요구 ON 2
[16:21:18] : 측정요구 2OFF
[16:21:18] : 0
[16:22:08] : REQUEST MEAS. ON
[16:22:16] : REQUEST MEAS. OFF
[16:22:16] : 0
[16:22:16] : 측정요구 ON 2
[16:22:23] : 측정요구 2OFF
[16:22:23] : 0
[16:23:26] : REQUEST MEAS. ON
[16:23:33] : REQUEST MEAS. OFF
[16:23:33] : 0
[16:23:33] : 측정요구 ON 2
[16:23:40] : 측정요구 2OFF
[16:23:40] : 0
[16:24:22] : REQUEST MEAS. ON
[16:24:30] : REQUEST MEAS. OFF
[16:24:30] : 0
[16:24:30] : 측정요구 ON 2
[16:24:37] : 측정요구 2OFF
[16:24:37] : 0
[16:25:25] : REQUEST MEAS. ON
[16:25:32] : REQUEST MEAS. OFF
[16:25:32] : 0
[16:25:32] : 측정요구 ON 2
[16:25:39] : 측정요구 2OFF
[16:25:39] : 0
[16:26:16] : REQUEST MEAS. ON
[16:26:23] : REQUEST MEAS. OFF
[16:26:23] : 0
[16:26:23] : 측정요구 ON 2
[16:26:31] : 측정요구 2OFF
[16:26:31] : 0
[16:27:12] : REQUEST MEAS. ON
[16:27:19] : REQUEST MEAS. OFF
[16:27:19] : 0
[16:27:19] : 측정요구 ON 2
[16:27:26] : 측정요구 2OFF
[16:27:26] : 0
[16:28:37] : 측정요구3 ON
[16:28:45] : 측정요구3 OFF
[16:28:45] : 0
[16:28:45] : 측정요구4 ON
[16:28:52] : 측정요구4 OFF
[16:28:52] : 0
[16:29:30] : 측정요구3 ON
[16:29:37] : 측정요구3 OFF
[16:29:37] : 0
[16:29:37] : 측정요구4 ON
[16:29:45] : 측정요구4 OFF
[16:29:45] : 0
[16:30:26] : 측정요구3 ON
[16:30:33] : 측정요구3 OFF
[16:30:33] : 0
[16:30:33] : 측정요구4 ON
[16:30:41] : 측정요구4 OFF
[16:30:41] : 0
[18:11:39] : REQUEST MEAS. ON
[18:11:47] : REQUEST MEAS. OFF
[18:11:47] : 0
[18:11:47] : 측정요구 ON 2
[18:11:52] : 측정요구 2OFF
[18:11:52] : 0
[18:12:45] : REQUEST MEAS. ON
[18:12:52] : REQUEST MEAS. OFF
[18:12:52] : 0
[18:12:52] : 측정요구 ON 2
[18:12:59] : 측정요구 2OFF
[18:12:59] : 0
[18:13:02] : REQUEST MEAS. ON
[18:13:09] : REQUEST MEAS. OFF
[18:13:09] : 0
[18:13:09] : 측정요구 ON 2
[18:13:16] : 측정요구 2OFF
[18:13:16] : 0
[18:13:19] : REQUEST MEAS. ON
[18:13:26] : REQUEST MEAS. OFF
[18:13:26] : 0
[18:13:26] : 측정요구 ON 2
[18:13:33] : 측정요구 2OFF
[18:13:33] : 0
[18:13:36] : REQUEST MEAS. ON
[18:13:43] : REQUEST MEAS. OFF
[18:13:43] : 0
[18:13:43] : 측정요구 ON 2
[18:13:50] : 측정요구 2OFF
[18:13:50] : 0
[18:13:53] : REQUEST MEAS. ON
[18:14:00] : REQUEST MEAS. OFF
[18:14:00] : 0
[18:14:00] : 측정요구 ON 2
[18:14:07] : 측정요구 2OFF
[18:14:07] : 0
[18:14:10] : REQUEST MEAS. ON
[18:14:17] : REQUEST MEAS. OFF
[18:14:17] : 0
[18:14:17] : 측정요구 ON 2
[18:14:24] : 측정요구 2OFF
[18:14:24] : 0
[18:14:27] : REQUEST MEAS. ON
[18:14:34] : REQUEST MEAS. OFF
[18:14:34] : 0
[18:14:34] : 측정요구 ON 2
[18:14:41] : 측정요구 2OFF
[18:14:41] : 0
[18:14:44] : REQUEST MEAS. ON
[18:14:51] : REQUEST MEAS. OFF
[18:14:51] : 0
[18:14:51] : 측정요구 ON 2
[18:14:58] : 측정요구 2OFF
[18:14:58] : 0
[18:15:00] : REQUEST MEAS. ON
[18:15:07] : REQUEST MEAS. OFF
[18:15:07] : 0
[18:15:07] : 측정요구 ON 2
[18:15:15] : 측정요구 2OFF
[18:15:15] : 0
[18:15:17] : REQUEST MEAS. ON
[18:15:24] : REQUEST MEAS. OFF
[18:15:24] : 0
[18:15:24] : 측정요구 ON 2
[18:15:32] : 측정요구 2OFF
[18:15:32] : 0
[18:15:34] : REQUEST MEAS. ON
[18:15:41] : REQUEST MEAS. OFF
[18:15:41] : 0
[18:15:41] : 측정요구 ON 2
[18:15:49] : 측정요구 2OFF
[18:15:49] : 0
[18:15:51] : REQUEST MEAS. ON
[18:15:58] : REQUEST MEAS. OFF
[18:15:58] : 0
[18:15:58] : 측정요구 ON 2
[18:16:05] : 측정요구 2OFF
[18:16:05] : 0
[18:16:08] : REQUEST MEAS. ON
[18:16:15] : REQUEST MEAS. OFF
[18:16:15] : 0
[18:16:15] : 측정요구 ON 2
[18:16:22] : 측정요구 2OFF
[18:16:22] : 0
[18:16:24] : REQUEST MEAS. ON
[18:16:31] : REQUEST MEAS. OFF
[18:16:31] : 0
[18:16:31] : 측정요구 ON 2
[18:16:39] : 측정요구 2OFF
[18:16:39] : 0
[18:16:41] : REQUEST MEAS. ON
[18:16:48] : REQUEST MEAS. OFF
[18:16:48] : 0
[18:16:48] : 측정요구 ON 2
[18:16:55] : 측정요구 2OFF
[18:16:55] : 0
[18:16:58] : REQUEST MEAS. ON
[18:17:05] : REQUEST MEAS. OFF
[18:17:05] : 0
[18:17:05] : 측정요구 ON 2
[18:17:12] : 측정요구 2OFF
[18:17:12] : 0
[18:17:15] : REQUEST MEAS. ON
[18:17:22] : REQUEST MEAS. OFF
[18:17:22] : 0
[18:17:22] : 측정요구 ON 2
[18:17:29] : 측정요구 2OFF
[18:17:29] : 0
[18:17:31] : REQUEST MEAS. ON
[18:17:38] : REQUEST MEAS. OFF
[18:17:38] : 0
[18:17:38] : 측정요구 ON 2
[18:17:46] : 측정요구 2OFF
[18:17:46] : 0
[18:17:48] : REQUEST MEAS. ON
[18:17:55] : REQUEST MEAS. OFF
[18:17:55] : 0
[18:17:55] : 측정요구 ON 2
[18:18:02] : 측정요구 2OFF
[18:18:02] : 0
[18:18:05] : REQUEST MEAS. ON
[18:18:12] : REQUEST MEAS. OFF
[18:18:12] : 0
[18:18:12] : 측정요구 ON 2
[18:18:19] : 측정요구 2OFF
[18:18:19] : 0
[18:19:18] : REQUEST MEAS. ON
[18:19:26] : REQUEST MEAS. OFF
[18:19:26] : 0
[18:19:26] : 측정요구 ON 2
[18:19:33] : 측정요구 2OFF
[18:19:33] : 0
[18:19:36] : REQUEST MEAS. ON
[18:19:43] : REQUEST MEAS. OFF
[18:19:43] : 0
[18:19:43] : 측정요구 ON 2
[18:19:50] : 측정요구 2OFF
[18:19:50] : 0
[18:19:52] : REQUEST MEAS. ON
[18:19:59] : REQUEST MEAS. OFF
[18:19:59] : 0
[18:19:59] : 측정요구 ON 2
[18:20:07] : 측정요구 2OFF
[18:20:07] : 0
[18:20:09] : REQUEST MEAS. ON
[18:20:16] : REQUEST MEAS. OFF
[18:20:16] : 0
[18:20:16] : 측정요구 ON 2
[18:20:23] : 측정요구 2OFF
[18:20:23] : 0
[18:20:26] : REQUEST MEAS. ON
[18:20:33] : REQUEST MEAS. OFF
[18:20:33] : 0
[18:20:33] : 측정요구 ON 2
[18:20:40] : 측정요구 2OFF
[18:20:40] : 0
[18:20:43] : REQUEST MEAS. ON
[18:20:50] : REQUEST MEAS. OFF
[18:20:50] : 0
[18:20:50] : 측정요구 ON 2
[18:20:57] : 측정요구 2OFF
[18:20:57] : 0
[18:20:59] : REQUEST MEAS. ON
[18:21:06] : REQUEST MEAS. OFF
[18:21:06] : 0
[18:21:06] : 측정요구 ON 2
[18:21:14] : 측정요구 2OFF
[18:21:14] : 0
[18:21:16] : REQUEST MEAS. ON
[18:21:23] : REQUEST MEAS. OFF
[18:21:23] : 0
[18:21:23] : 측정요구 ON 2
[18:21:30] : 측정요구 2OFF
[18:21:30] : 0
[18:22:29] : REQUEST MEAS. ON
[18:22:36] : REQUEST MEAS. OFF
[18:22:37] : 0
[18:22:37] : 측정요구 ON 2
[18:22:44] : 측정요구 2OFF
[18:22:44] : 0
[18:22:46] : REQUEST MEAS. ON
[18:22:53] : REQUEST MEAS. OFF
[18:22:53] : 0
[18:22:53] : 측정요구 ON 2
[18:23:01] : 측정요구 2OFF
[18:23:01] : 0
[18:23:03] : REQUEST MEAS. ON
[18:23:10] : REQUEST MEAS. OFF
[18:23:10] : 0
[18:23:10] : 측정요구 ON 2
[18:23:17] : 측정요구 2OFF
[18:23:17] : 0
[18:23:20] : REQUEST MEAS. ON
[18:23:27] : REQUEST MEAS. OFF
[18:23:27] : 0
[18:23:27] : 측정요구 ON 2
[18:23:34] : 측정요구 2OFF
[18:23:34] : 0
[18:23:37] : REQUEST MEAS. ON
[18:23:44] : REQUEST MEAS. OFF
[18:23:44] : 0
[18:23:44] : 측정요구 ON 2
[18:23:51] : 측정요구 2OFF
[18:23:51] : 0
[18:23:54] : REQUEST MEAS. ON
[18:24:01] : REQUEST MEAS. OFF
[18:24:01] : 0
[18:24:01] : 측정요구 ON 2
[18:24:08] : 측정요구 2OFF
[18:24:08] : 0
[18:24:11] : REQUEST MEAS. ON
[18:24:18] : REQUEST MEAS. OFF
[18:24:18] : 0
[18:24:18] : 측정요구 ON 2
[18:24:25] : 측정요구 2OFF
[18:24:25] : 0
[18:24:28] : REQUEST MEAS. ON
[18:24:35] : REQUEST MEAS. OFF
[18:24:35] : 0
[18:24:35] : 측정요구 ON 2
[18:24:42] : 측정요구 2OFF
[18:24:42] : 0
[18:24:44] : REQUEST MEAS. ON
[18:24:51] : REQUEST MEAS. OFF
[18:24:51] : 0
[18:24:51] : 측정요구 ON 2
[18:24:59] : 측정요구 2OFF
[18:24:59] : 0
[18:25:01] : REQUEST MEAS. ON
[18:25:08] : REQUEST MEAS. OFF
[18:25:08] : 0
[18:25:08] : 측정요구 ON 2
[18:25:15] : 측정요구 2OFF
[18:25:15] : 0
[18:25:18] : REQUEST MEAS. ON
[18:25:25] : REQUEST MEAS. OFF
[18:25:25] : 0
[18:25:25] : 측정요구 ON 2
[18:25:32] : 측정요구 2OFF
[18:25:32] : 0
[18:25:35] : REQUEST MEAS. ON
[18:25:42] : REQUEST MEAS. OFF
[18:25:42] : 0
[18:25:42] : 측정요구 ON 2
[18:25:49] : 측정요구 2OFF
[18:25:49] : 0
[18:25:52] : REQUEST MEAS. ON
[18:25:59] : REQUEST MEAS. OFF
[18:25:59] : 0
[18:25:59] : 측정요구 ON 2
[18:26:06] : 측정요구 2OFF
[18:26:06] : 0
[18:26:09] : REQUEST MEAS. ON
[18:26:16] : REQUEST MEAS. OFF
[18:26:16] : 0
[18:26:16] : 측정요구 ON 2
[18:26:23] : 측정요구 2OFF
[18:26:23] : 0
[18:26:26] : REQUEST MEAS. ON
[18:26:33] : REQUEST MEAS. OFF
[18:26:33] : 0
[18:26:33] : 측정요구 ON 2
[18:26:40] : 측정요구 2OFF
[18:26:40] : 0
[18:26:42] : REQUEST MEAS. ON
[18:26:49] : REQUEST MEAS. OFF
[18:26:49] : 0
[18:26:49] : 측정요구 ON 2
[18:26:57] : 측정요구 2OFF
[18:26:57] : 0
[18:26:59] : REQUEST MEAS. ON
[18:27:06] : REQUEST MEAS. OFF
[18:27:06] : 0
[18:27:06] : 측정요구 ON 2
[18:27:13] : 측정요구 2OFF
[18:27:13] : 0
[18:27:16] : REQUEST MEAS. ON
[18:27:23] : REQUEST MEAS. OFF
[18:27:23] : 0
[18:27:23] : 측정요구 ON 2
[18:27:30] : 측정요구 2OFF
[18:27:30] : 0
[18:27:33] : REQUEST MEAS. ON
[18:27:40] : REQUEST MEAS. OFF
[18:27:40] : 0
[18:27:40] : 측정요구 ON 2
[18:27:47] : 측정요구 2OFF
[18:27:47] : 0
[18:27:50] : REQUEST MEAS. ON
[18:27:57] : REQUEST MEAS. OFF
[18:27:57] : 0
[18:27:57] : 측정요구 ON 2
[18:28:04] : 측정요구 2OFF
[18:28:04] : 0
[18:28:06] : REQUEST MEAS. ON
[18:28:13] : REQUEST MEAS. OFF
[18:28:13] : 0
[18:28:13] : 측정요구 ON 2
[18:28:21] : 측정요구 2OFF
[18:28:21] : 0
[18:28:23] : REQUEST MEAS. ON
[18:28:30] : REQUEST MEAS. OFF
[18:28:30] : 0
[18:28:30] : 측정요구 ON 2
[18:28:37] : 측정요구 2OFF
[18:28:37] : 0
[18:28:40] : REQUEST MEAS. ON
[18:28:47] : REQUEST MEAS. OFF
[18:28:47] : 0
[18:28:47] : 측정요구 ON 2
[18:28:54] : 측정요구 2OFF
[18:28:54] : 0
[18:28:57] : REQUEST MEAS. ON
[18:29:04] : REQUEST MEAS. OFF
[18:29:04] : 0
[18:29:04] : 측정요구 ON 2
[18:29:11] : 측정요구 2OFF
[18:29:11] : 0
[18:29:13] : REQUEST MEAS. ON
[18:29:20] : REQUEST MEAS. OFF
[18:29:20] : 0
[18:29:20] : 측정요구 ON 2
[18:29:28] : 측정요구 2OFF
[18:29:28] : 0
[18:29:30] : REQUEST MEAS. ON
[18:29:37] : REQUEST MEAS. OFF
[18:29:37] : 0
[18:29:37] : 측정요구 ON 2
[18:29:45] : 측정요구 2OFF
[18:29:45] : 0
[18:29:47] : REQUEST MEAS. ON
[18:29:54] : REQUEST MEAS. OFF
[18:29:54] : 0
[18:29:54] : 측정요구 ON 2
[18:30:01] : 측정요구 2OFF
[18:30:01] : 0
[18:30:04] : REQUEST MEAS. ON
[18:30:11] : REQUEST MEAS. OFF
[18:30:11] : 0
[18:30:11] : 측정요구 ON 2
[18:30:18] : 측정요구 2OFF
[18:30:18] : 0
[18:30:21] : REQUEST MEAS. ON
[18:30:28] : REQUEST MEAS. OFF
[18:30:28] : 0
[18:30:28] : 측정요구 ON 2
[18:30:35] : 측정요구 2OFF
[18:30:35] : 0
[18:30:38] : REQUEST MEAS. ON
[18:30:45] : REQUEST MEAS. OFF
[18:30:45] : 0
[18:30:45] : 측정요구 ON 2
[18:30:52] : 측정요구 2OFF
[18:30:52] : 0
[18:30:54] : REQUEST MEAS. ON
[18:31:01] : REQUEST MEAS. OFF
[18:31:01] : 0
[18:31:01] : 측정요구 ON 2
[18:31:09] : 측정요구 2OFF
[18:31:09] : 0
[18:31:11] : REQUEST MEAS. ON
[18:31:18] : REQUEST MEAS. OFF
[18:31:18] : 0
[18:31:18] : 측정요구 ON 2
[18:31:25] : 측정요구 2OFF
[18:31:25] : 0
[18:31:28] : REQUEST MEAS. ON
[18:31:35] : REQUEST MEAS. OFF
[18:31:35] : 0
[18:31:35] : 측정요구 ON 2
[18:31:42] : 측정요구 2OFF
[18:31:42] : 0
[18:31:45] : REQUEST MEAS. ON
[18:31:52] : REQUEST MEAS. OFF
[18:31:52] : 0
[18:31:52] : 측정요구 ON 2
[18:31:59] : 측정요구 2OFF
[18:31:59] : 0
[18:32:01] : REQUEST MEAS. ON
[18:32:08] : REQUEST MEAS. OFF
[18:32:08] : 0
[18:32:08] : 측정요구 ON 2
[18:32:16] : 측정요구 2OFF
[18:32:16] : 0
[18:32:18] : REQUEST MEAS. ON
[18:32:25] : REQUEST MEAS. OFF
[18:32:25] : 0
[18:32:25] : 측정요구 ON 2
[18:32:32] : 측정요구 2OFF
[18:32:32] : 0
[18:32:35] : REQUEST MEAS. ON
[18:32:42] : REQUEST MEAS. OFF
[18:32:42] : 0
[18:32:42] : 측정요구 ON 2
[18:32:49] : 측정요구 2OFF
[18:32:49] : 0
[18:32:52] : REQUEST MEAS. ON
[18:32:59] : REQUEST MEAS. OFF
[18:32:59] : 0
[18:32:59] : 측정요구 ON 2
[18:33:06] : 측정요구 2OFF
[18:33:06] : 0
[18:33:09] : REQUEST MEAS. ON
[18:33:16] : REQUEST MEAS. OFF
[18:33:16] : 0
[18:33:16] : 측정요구 ON 2
[18:33:23] : 측정요구 2OFF
[18:33:23] : 0
[18:35:25] : REQUEST MEAS. ON
[18:35:32] : REQUEST MEAS. OFF
[18:35:32] : 0
[18:35:32] : 측정요구 ON 2
[18:35:40] : 측정요구 2OFF
[18:35:40] : 0
[18:36:36] : REQUEST MEAS. ON
[18:36:43] : REQUEST MEAS. OFF
[18:36:43] : 0
[18:36:43] : 측정요구 ON 2
[18:36:50] : 측정요구 2OFF
[18:36:50] : 0
[18:36:52] : REQUEST MEAS. ON
[18:36:59] : REQUEST MEAS. OFF
[18:36:59] : 0
[18:36:59] : 측정요구 ON 2
[18:37:07] : 측정요구 2OFF
[18:37:07] : 0
[18:37:09] : REQUEST MEAS. ON
[18:37:16] : REQUEST MEAS. OFF
[18:37:16] : 0
[18:37:16] : 측정요구 ON 2
[18:37:23] : 측정요구 2OFF
[18:37:23] : 0
[18:37:26] : REQUEST MEAS. ON
[18:37:33] : REQUEST MEAS. OFF
[18:37:33] : 0
[18:37:33] : 측정요구 ON 2
[18:37:40] : 측정요구 2OFF
[18:37:40] : 0
[18:37:43] : REQUEST MEAS. ON
[18:37:50] : REQUEST MEAS. OFF
[18:37:50] : 0
[18:37:50] : 측정요구 ON 2
[18:37:57] : 측정요구 2OFF
[18:37:57] : 0
[18:38:00] : REQUEST MEAS. ON
[18:38:07] : REQUEST MEAS. OFF
[18:38:07] : 0
[18:38:07] : 측정요구 ON 2
[18:38:14] : 측정요구 2OFF
[18:38:14] : 0
[18:38:16] : REQUEST MEAS. ON
[18:38:23] : REQUEST MEAS. OFF
[18:38:23] : 0
[18:38:23] : 측정요구 ON 2
[18:38:31] : 측정요구 2OFF
[18:38:31] : 0
[18:38:33] : REQUEST MEAS. ON
[18:38:40] : REQUEST MEAS. OFF
[18:38:40] : 0
[18:38:40] : 측정요구 ON 2
[18:38:48] : 측정요구 2OFF
[18:38:48] : 0
[18:38:50] : REQUEST MEAS. ON
[18:38:57] : REQUEST MEAS. OFF
[18:38:57] : 0
[18:38:57] : 측정요구 ON 2
[18:39:05] : 측정요구 2OFF
[18:39:05] : 0
[18:39:07] : REQUEST MEAS. ON
[18:39:14] : REQUEST MEAS. OFF
[18:39:14] : 0
[18:39:14] : 측정요구 ON 2
[18:39:21] : 측정요구 2OFF
[18:39:21] : 0
[18:40:05] : REQUEST MEAS. ON
[18:40:12] : REQUEST MEAS. OFF
[18:40:12] : 0
[18:40:12] : 측정요구 ON 2
[18:40:20] : 측정요구 2OFF
[18:40:20] : 0
[18:41:13] : REQUEST MEAS. ON
[18:41:20] : REQUEST MEAS. OFF
[18:41:20] : 0
[18:41:20] : 측정요구 ON 2
[18:41:28] : 측정요구 2OFF
[18:41:28] : 0
[18:41:30] : REQUEST MEAS. ON
[18:41:37] : REQUEST MEAS. OFF
[18:41:37] : 0
[18:41:37] : 측정요구 ON 2
[18:41:45] : 측정요구 2OFF
[18:41:45] : 0
[18:41:47] : REQUEST MEAS. ON
[18:41:54] : REQUEST MEAS. OFF
[18:41:54] : 0
[18:41:54] : 측정요구 ON 2
[18:42:02] : 측정요구 2OFF
[18:42:02] : 0
[18:42:04] : REQUEST MEAS. ON
[18:42:11] : REQUEST MEAS. OFF
[18:42:11] : 0
[18:42:11] : 측정요구 ON 2
[18:42:19] : 측정요구 2OFF
[18:42:19] : 0
[18:42:21] : REQUEST MEAS. ON
[18:42:28] : REQUEST MEAS. OFF
[18:42:28] : 0
[18:42:28] : 측정요구 ON 2
[18:42:35] : 측정요구 2OFF
[18:42:35] : 0
[18:42:38] : REQUEST MEAS. ON
[18:42:45] : REQUEST MEAS. OFF
[18:42:45] : 0
[18:42:45] : 측정요구 ON 2
[18:42:52] : 측정요구 2OFF
[18:42:52] : 0
[18:42:55] : REQUEST MEAS. ON
[18:43:02] : REQUEST MEAS. OFF
[18:43:02] : 0
[18:43:02] : 측정요구 ON 2
[18:43:09] : 측정요구 2OFF
[18:43:09] : 0
[18:43:12] : REQUEST MEAS. ON
[18:43:19] : REQUEST MEAS. OFF
[18:43:19] : 0
[18:43:19] : 측정요구 ON 2
[18:43:26] : 측정요구 2OFF
[18:43:26] : 0
[18:43:28] : REQUEST MEAS. ON
[18:43:35] : REQUEST MEAS. OFF
[18:43:35] : 0
[18:43:35] : 측정요구 ON 2
[18:43:43] : 측정요구 2OFF
[18:43:43] : 0
[18:43:45] : REQUEST MEAS. ON
[18:43:52] : REQUEST MEAS. OFF
[18:43:52] : 0
[18:43:52] : 측정요구 ON 2
[18:43:59] : 측정요구 2OFF
[18:43:59] : 0
[18:44:02] : REQUEST MEAS. ON
[18:44:09] : REQUEST MEAS. OFF
[18:44:09] : 0
[18:44:09] : 측정요구 ON 2
[18:44:16] : 측정요구 2OFF
[18:44:16] : 0
[18:44:19] : REQUEST MEAS. ON
[18:44:26] : REQUEST MEAS. OFF
[18:44:26] : 0
[18:44:26] : 측정요구 ON 2
[18:44:33] : 측정요구 2OFF
[18:44:33] : 0
[18:44:36] : REQUEST MEAS. ON
[18:44:43] : REQUEST MEAS. OFF
[18:44:43] : 0
[18:44:43] : 측정요구 ON 2
[18:44:50] : 측정요구 2OFF
[18:44:50] : 0
[18:44:52] : REQUEST MEAS. ON
[18:44:59] : REQUEST MEAS. OFF
[18:44:59] : 0
[18:44:59] : 측정요구 ON 2
[18:45:07] : 측정요구 2OFF
[18:45:07] : 0
[18:45:09] : REQUEST MEAS. ON
[18:45:16] : REQUEST MEAS. OFF
[18:45:16] : 0
[18:45:16] : 측정요구 ON 2
[18:45:24] : 측정요구 2OFF
[18:45:24] : 0
[18:45:26] : REQUEST MEAS. ON
[18:45:33] : REQUEST MEAS. OFF
[18:45:33] : 0
[18:45:33] : 측정요구 ON 2
[18:45:40] : 측정요구 2OFF
[18:45:40] : 0
[18:45:43] : REQUEST MEAS. ON
[18:45:50] : REQUEST MEAS. OFF
[18:45:50] : 0
[18:45:50] : 측정요구 ON 2
[18:45:57] : 측정요구 2OFF
[18:45:57] : 0
[18:46:00] : REQUEST MEAS. ON
[18:46:07] : REQUEST MEAS. OFF
[18:46:07] : 0
[18:46:07] : 측정요구 ON 2
[18:46:14] : 측정요구 2OFF
[18:46:14] : 0
[18:46:16] : REQUEST MEAS. ON
[18:46:23] : REQUEST MEAS. OFF
[18:46:23] : 0
[18:46:23] : 측정요구 ON 2
[18:46:31] : 측정요구 2OFF
[18:46:31] : 0
[18:46:33] : REQUEST MEAS. ON
[18:46:40] : REQUEST MEAS. OFF
[18:46:40] : 0
[18:46:40] : 측정요구 ON 2
[18:46:47] : 측정요구 2OFF
[18:46:47] : 0
[18:46:50] : REQUEST MEAS. ON
[18:46:57] : REQUEST MEAS. OFF
[18:46:57] : 0
[18:46:57] : 측정요구 ON 2
[18:47:04] : 측정요구 2OFF
[18:47:04] : 0
[18:47:07] : REQUEST MEAS. ON
[18:47:14] : REQUEST MEAS. OFF
[18:47:14] : 0
[18:47:14] : 측정요구 ON 2
[18:47:21] : 측정요구 2OFF
[18:47:21] : 0
[18:47:23] : REQUEST MEAS. ON
[18:47:30] : REQUEST MEAS. OFF
[18:47:30] : 0
[18:47:30] : 측정요구 ON 2
[18:47:38] : 측정요구 2OFF
[18:47:38] : 0
[18:47:40] : REQUEST MEAS. ON
[18:47:47] : REQUEST MEAS. OFF
[18:47:47] : 0
[18:47:47] : 측정요구 ON 2
[18:47:54] : 측정요구 2OFF
[18:47:54] : 0
[18:47:57] : REQUEST MEAS. ON
[18:48:04] : REQUEST MEAS. OFF
[18:48:04] : 0
[18:48:04] : 측정요구 ON 2
[18:48:11] : 측정요구 2OFF
[18:48:11] : 0
[18:48:14] : REQUEST MEAS. ON
[18:48:21] : REQUEST MEAS. OFF
[18:48:21] : 0
[18:48:21] : 측정요구 ON 2
[18:48:28] : 측정요구 2OFF
[18:48:28] : 0
[18:48:31] : REQUEST MEAS. ON
[18:48:38] : REQUEST MEAS. OFF
[18:48:38] : 0
[18:48:38] : 측정요구 ON 2
[18:48:45] : 측정요구 2OFF
[18:48:45] : 0
[18:48:47] : REQUEST MEAS. ON
[18:48:54] : REQUEST MEAS. OFF
[18:48:54] : 0
[18:48:54] : 측정요구 ON 2
[18:49:02] : 측정요구 2OFF
[18:49:02] : 0
[18:49:04] : REQUEST MEAS. ON
[18:49:11] : REQUEST MEAS. OFF
[18:49:11] : 0
[18:49:11] : 측정요구 ON 2
[18:49:18] : 측정요구 2OFF
[18:49:18] : 0
[18:49:21] : REQUEST MEAS. ON
[18:49:28] : REQUEST MEAS. OFF
[18:49:28] : 0
[18:49:28] : 측정요구 ON 2
[18:49:35] : 측정요구 2OFF
[18:49:35] : 0
[18:49:38] : REQUEST MEAS. ON
[18:49:45] : REQUEST MEAS. OFF
[18:49:45] : 0
[18:49:45] : 측정요구 ON 2
[18:49:52] : 측정요구 2OFF
[18:49:52] : 0
[18:49:54] : REQUEST MEAS. ON
[18:50:01] : REQUEST MEAS. OFF
[18:50:01] : 0
[18:50:01] : 측정요구 ON 2
[18:50:09] : 측정요구 2OFF
[18:50:09] : 0
[18:50:55] : REQUEST MEAS. ON
[18:51:02] : REQUEST MEAS. OFF
[18:51:02] : 0
[18:51:02] : 측정요구 ON 2
[18:51:09] : 측정요구 2OFF
[18:51:09] : 0
[18:51:12] : REQUEST MEAS. ON
[18:51:19] : REQUEST MEAS. OFF
[18:51:19] : 0
[18:51:19] : 측정요구 ON 2
[18:51:26] : 측정요구 2OFF
[18:51:26] : 0
[18:51:29] : REQUEST MEAS. ON
[18:51:36] : REQUEST MEAS. OFF
[18:51:36] : 0
[18:51:36] : 측정요구 ON 2
[18:51:43] : 측정요구 2OFF
[18:51:43] : 0
[18:51:46] : REQUEST MEAS. ON
[18:51:53] : REQUEST MEAS. OFF
[18:51:53] : 0
[18:51:53] : 측정요구 ON 2
[18:52:00] : 측정요구 2OFF
[18:52:00] : 0
[18:52:03] : REQUEST MEAS. ON
[18:52:10] : REQUEST MEAS. OFF
[18:52:10] : 0
[18:52:10] : 측정요구 ON 2
[18:52:17] : 측정요구 2OFF
[18:52:17] : 0
[18:52:19] : REQUEST MEAS. ON
[18:52:26] : REQUEST MEAS. OFF
[18:52:26] : 0
[18:52:26] : 측정요구 ON 2
[18:52:34] : 측정요구 2OFF
[18:52:34] : 0
[18:52:36] : REQUEST MEAS. ON
[18:52:43] : REQUEST MEAS. OFF
[18:52:43] : 0
[18:52:43] : 측정요구 ON 2
[18:52:51] : 측정요구 2OFF
[18:52:51] : 0
[18:52:53] : REQUEST MEAS. ON
[18:53:00] : REQUEST MEAS. OFF
[18:53:00] : 0
[18:53:00] : 측정요구 ON 2
[18:53:07] : 측정요구 2OFF
[18:53:07] : 0
[18:53:10] : REQUEST MEAS. ON
[18:53:17] : REQUEST MEAS. OFF
[18:53:17] : 0
[18:53:17] : 측정요구 ON 2
[18:53:24] : 측정요구 2OFF
[18:53:24] : 0
[18:53:27] : REQUEST MEAS. ON
[18:53:34] : REQUEST MEAS. OFF
[18:53:34] : 0
[18:53:34] : 측정요구 ON 2
[18:53:41] : 측정요구 2OFF
[18:53:41] : 0
[18:53:43] : REQUEST MEAS. ON
[18:53:50] : REQUEST MEAS. OFF
[18:53:50] : 0
[18:53:50] : 측정요구 ON 2
[18:53:58] : 측정요구 2OFF
[18:53:58] : 0
[18:54:00] : REQUEST MEAS. ON
[18:54:07] : REQUEST MEAS. OFF
[18:54:07] : 0
[18:54:07] : 측정요구 ON 2
[18:54:15] : 측정요구 2OFF
[18:54:15] : 0
[18:54:17] : REQUEST MEAS. ON
[18:54:24] : REQUEST MEAS. OFF
[18:54:24] : 0
[18:54:24] : 측정요구 ON 2
[18:54:32] : 측정요구 2OFF
[18:54:32] : 0
[18:54:34] : REQUEST MEAS. ON
[18:54:41] : REQUEST MEAS. OFF
[18:54:41] : 0
[18:54:41] : 측정요구 ON 2
[18:54:48] : 측정요구 2OFF
[18:54:48] : 0
[18:54:51] : REQUEST MEAS. ON
[18:54:58] : REQUEST MEAS. OFF
[18:54:58] : 0
[18:54:58] : 측정요구 ON 2
[18:55:05] : 측정요구 2OFF
[18:55:05] : 0
[18:55:08] : REQUEST MEAS. ON
[18:55:15] : REQUEST MEAS. OFF
[18:55:15] : 0
[18:55:15] : 측정요구 ON 2
[18:55:22] : 측정요구 2OFF
[18:55:22] : 0
[18:55:24] : REQUEST MEAS. ON
[18:55:31] : REQUEST MEAS. OFF
[18:55:31] : 0
[18:55:31] : 측정요구 ON 2
[18:55:39] : 측정요구 2OFF
[18:55:39] : 0
[18:55:41] : REQUEST MEAS. ON
[18:55:48] : REQUEST MEAS. OFF
[18:55:48] : 0
[18:55:48] : 측정요구 ON 2
[18:55:56] : 측정요구 2OFF
[18:55:56] : 0
[18:55:58] : REQUEST MEAS. ON
[18:56:05] : REQUEST MEAS. OFF
[18:56:05] : 0
[18:56:05] : 측정요구 ON 2
[18:56:13] : 측정요구 2OFF
[18:56:13] : 0
[18:56:15] : REQUEST MEAS. ON
[18:56:22] : REQUEST MEAS. OFF
[18:56:22] : 0
[18:56:22] : 측정요구 ON 2
[18:56:29] : 측정요구 2OFF
[18:56:29] : 0
[18:56:32] : REQUEST MEAS. ON
[18:56:39] : REQUEST MEAS. OFF
[18:56:39] : 0
[18:56:39] : 측정요구 ON 2
[18:56:46] : 측정요구 2OFF
[18:56:46] : 0
[18:56:49] : REQUEST MEAS. ON
[18:56:56] : REQUEST MEAS. OFF
[18:56:56] : 0
[18:56:56] : 측정요구 ON 2
[18:57:03] : 측정요구 2OFF
[18:57:03] : 0
[18:57:06] : REQUEST MEAS. ON
[18:57:13] : REQUEST MEAS. OFF
[18:57:13] : 0
[18:57:13] : 측정요구 ON 2
[18:57:20] : 측정요구 2OFF
[18:57:20] : 0
[18:57:23] : REQUEST MEAS. ON
[18:57:30] : REQUEST MEAS. OFF
[18:57:30] : 0
[18:57:30] : 측정요구 ON 2
[18:57:37] : 측정요구 2OFF
[18:57:37] : 0
[18:57:39] : REQUEST MEAS. ON
[18:57:46] : REQUEST MEAS. OFF
[18:57:46] : 0
[18:57:46] : 측정요구 ON 2
[18:57:54] : 측정요구 2OFF
[18:57:54] : 0
[18:57:56] : REQUEST MEAS. ON
[18:58:03] : REQUEST MEAS. OFF
[18:58:03] : 0
[18:58:03] : 측정요구 ON 2
[18:58:10] : 측정요구 2OFF
[18:58:10] : 0
[18:58:13] : REQUEST MEAS. ON
[18:58:20] : REQUEST MEAS. OFF
[18:58:20] : 0
[18:58:20] : 측정요구 ON 2
[18:58:27] : 측정요구 2OFF
[18:58:27] : 0
[18:58:30] : REQUEST MEAS. ON
[18:58:37] : REQUEST MEAS. OFF
[18:58:37] : 0
[18:58:37] : 측정요구 ON 2
[18:58:44] : 측정요구 2OFF
[18:58:44] : 0
[18:58:47] : REQUEST MEAS. ON
[18:58:54] : REQUEST MEAS. OFF
[18:58:54] : 0
[18:58:54] : 측정요구 ON 2
[18:59:01] : 측정요구 2OFF
[18:59:01] : 0
[18:59:04] : REQUEST MEAS. ON
[18:59:11] : REQUEST MEAS. OFF
[18:59:11] : 0
[18:59:11] : 측정요구 ON 2
[18:59:18] : 측정요구 2OFF
[18:59:18] : 0
[18:59:20] : REQUEST MEAS. ON
[18:59:27] : REQUEST MEAS. OFF
[18:59:27] : 0
[18:59:27] : 측정요구 ON 2
[18:59:35] : 측정요구 2OFF
[18:59:35] : 0
[18:59:37] : REQUEST MEAS. ON
[18:59:44] : REQUEST MEAS. OFF
[18:59:44] : 0
[18:59:44] : 측정요구 ON 2
[18:59:52] : 측정요구 2OFF
[18:59:52] : 0
[18:59:54] : REQUEST MEAS. ON
[19:00:01] : REQUEST MEAS. OFF
[19:00:01] : 0
[19:00:01] : 측정요구 ON 2
[19:00:08] : 측정요구 2OFF
[19:00:08] : 0
[19:00:11] : REQUEST MEAS. ON
[19:00:18] : REQUEST MEAS. OFF
[19:00:18] : 0
[19:00:18] : 측정요구 ON 2
[19:00:25] : 측정요구 2OFF
[19:00:25] : 0
[19:00:28] : REQUEST MEAS. ON
[19:00:35] : REQUEST MEAS. OFF
[19:00:35] : 0
[19:00:35] : 측정요구 ON 2
[19:00:42] : 측정요구 2OFF
[19:00:42] : 0
[19:00:45] : REQUEST MEAS. ON
[19:00:52] : REQUEST MEAS. OFF
[19:00:52] : 0
[19:00:52] : 측정요구 ON 2
[19:00:59] : 측정요구 2OFF
[19:00:59] : 0
[19:01:02] : REQUEST MEAS. ON
[19:01:09] : REQUEST MEAS. OFF
[19:01:09] : 0
[19:01:09] : 측정요구 ON 2
[19:01:16] : 측정요구 2OFF
[19:01:16] : 0
[19:01:19] : REQUEST MEAS. ON
[19:01:26] : REQUEST MEAS. OFF
[19:01:26] : 0
[19:01:26] : 측정요구 ON 2
[19:01:33] : 측정요구 2OFF
[19:01:33] : 0
[19:01:35] : REQUEST MEAS. ON
[19:01:42] : REQUEST MEAS. OFF
[19:01:42] : 0
[19:01:42] : 측정요구 ON 2
[19:01:50] : 측정요구 2OFF
[19:01:50] : 0
[19:01:52] : REQUEST MEAS. ON
[19:01:59] : REQUEST MEAS. OFF
[19:01:59] : 0
[19:01:59] : 측정요구 ON 2
[19:02:07] : 측정요구 2OFF
[19:02:07] : 0
[19:02:09] : REQUEST MEAS. ON
[19:02:16] : REQUEST MEAS. OFF
[19:02:16] : 0
[19:02:16] : 측정요구 ON 2
[19:02:23] : 측정요구 2OFF
[19:02:23] : 0
[19:02:26] : REQUEST MEAS. ON
[19:02:33] : REQUEST MEAS. OFF
[19:02:33] : 0
[19:02:33] : 측정요구 ON 2
[19:02:40] : 측정요구 2OFF
[19:02:40] : 0
[19:02:43] : REQUEST MEAS. ON
[19:02:50] : REQUEST MEAS. OFF
[19:02:50] : 0
[19:02:50] : 측정요구 ON 2
[19:02:57] : 측정요구 2OFF
[19:02:57] : 0
[19:02:59] : REQUEST MEAS. ON
[19:03:06] : REQUEST MEAS. OFF
[19:03:06] : 0
[19:03:06] : 측정요구 ON 2
[19:03:14] : 측정요구 2OFF
[19:03:14] : 0
[19:03:16] : REQUEST MEAS. ON
[19:03:23] : REQUEST MEAS. OFF
[19:03:23] : 0
[19:03:23] : 측정요구 ON 2
[19:03:31] : 측정요구 2OFF
[19:03:31] : 0
[19:03:33] : REQUEST MEAS. ON
[19:03:40] : REQUEST MEAS. OFF
[19:03:40] : 0
[19:03:40] : 측정요구 ON 2
[19:03:47] : 측정요구 2OFF
[19:03:47] : 0
[19:03:50] : REQUEST MEAS. ON
[19:03:57] : REQUEST MEAS. OFF
[19:03:57] : 0
[19:03:57] : 측정요구 ON 2
[19:04:04] : 측정요구 2OFF
[19:04:04] : 0
[19:04:07] : REQUEST MEAS. ON
[19:04:14] : REQUEST MEAS. OFF
[19:04:14] : 0
[19:04:14] : 측정요구 ON 2
[19:04:21] : 측정요구 2OFF
[19:04:21] : 0
[19:04:24] : REQUEST MEAS. ON
[19:04:31] : REQUEST MEAS. OFF
[19:04:31] : 0
[19:04:31] : 측정요구 ON 2
[19:04:38] : 측정요구 2OFF
[19:04:38] : 0
[19:04:41] : REQUEST MEAS. ON
[19:04:48] : REQUEST MEAS. OFF
[19:04:48] : 0
[19:04:48] : 측정요구 ON 2
[19:04:55] : 측정요구 2OFF
[19:04:55] : 0
[19:04:57] : REQUEST MEAS. ON
[19:05:04] : REQUEST MEAS. OFF
[19:05:04] : 0
[19:05:04] : 측정요구 ON 2
[19:05:12] : 측정요구 2OFF
[19:05:12] : 0
[19:05:14] : REQUEST MEAS. ON
[19:05:21] : REQUEST MEAS. OFF
[19:05:21] : 0
[19:05:21] : 측정요구 ON 2
[19:05:28] : 측정요구 2OFF
[19:05:28] : 0
[19:05:31] : REQUEST MEAS. ON
[19:05:38] : REQUEST MEAS. OFF
[19:05:38] : 0
[19:05:38] : 측정요구 ON 2
[19:05:45] : 측정요구 2OFF
[19:05:45] : 0
[19:07:32] : 측정요구3 ON
[19:07:35] : 측정요구3 OFF
[19:07:36] : 0
[19:08:05] : 측정요구3 ON
[19:08:12] : 측정요구3 OFF
[19:08:12] : 0
[19:08:12] : 측정요구4 ON
[19:08:19] : 측정요구4 OFF
[19:08:19] : 0
[19:08:22] : 측정요구3 ON
[19:08:29] : 측정요구3 OFF
[19:08:29] : 0
[19:08:29] : 측정요구4 ON
[19:08:36] : 측정요구4 OFF
[19:08:36] : 0
[19:08:39] : 측정요구3 ON
[19:08:46] : 측정요구3 OFF
[19:08:46] : 0
[19:08:46] : 측정요구4 ON
[19:08:54] : 측정요구4 OFF
[19:08:54] : 0
[19:08:56] : 측정요구3 ON
[19:09:03] : 측정요구3 OFF
[19:09:03] : 0
[19:09:03] : 측정요구4 ON
[19:09:11] : 측정요구4 OFF
[19:09:11] : 0
[19:09:13] : 측정요구3 ON
[19:09:20] : 측정요구3 OFF
[19:09:20] : 0
[19:09:20] : 측정요구4 ON
[19:09:28] : 측정요구4 OFF
[19:09:28] : 0
[19:09:31] : 측정요구3 ON
[19:09:38] : 측정요구3 OFF
[19:09:38] : 0
[19:09:38] : 측정요구4 ON
[19:09:45] : 측정요구4 OFF
[19:09:45] : 0
[19:09:48] : 측정요구3 ON
[19:09:55] : 측정요구3 OFF
[19:09:55] : 0
[19:09:55] : 측정요구4 ON
[19:10:02] : 측정요구4 OFF
[19:10:02] : 0
[19:10:05] : 측정요구3 ON
[19:10:12] : 측정요구3 OFF
[19:10:12] : 0
[19:10:12] : 측정요구4 ON
[19:10:20] : 측정요구4 OFF
[19:10:20] : 0
[19:10:22] : 측정요구3 ON
[19:10:29] : 측정요구3 OFF
[19:10:29] : 0
[19:10:29] : 측정요구4 ON
[19:10:37] : 측정요구4 OFF
[19:10:37] : 0
[19:10:40] : 측정요구3 ON
[19:10:47] : 측정요구3 OFF
[19:10:47] : 0
[19:10:47] : 측정요구4 ON
[19:10:54] : 측정요구4 OFF
[19:10:54] : 0
[19:10:57] : 측정요구3 ON
[19:11:04] : 측정요구3 OFF
[19:11:04] : 0
[19:11:04] : 측정요구4 ON
[19:11:11] : 측정요구4 OFF
[19:11:11] : 0
[19:11:14] : 측정요구3 ON
[19:11:21] : 측정요구3 OFF
[19:11:21] : 0
[19:11:21] : 측정요구4 ON
[19:11:28] : 측정요구4 OFF
[19:11:28] : 0
[19:11:31] : 측정요구3 ON
[19:11:38] : 측정요구3 OFF
[19:11:38] : 0
[19:11:38] : 측정요구4 ON
[19:11:46] : 측정요구4 OFF
[19:11:46] : 0
[19:11:48] : 측정요구3 ON
[19:11:55] : 측정요구3 OFF
[19:11:55] : 0
[19:11:55] : 측정요구4 ON
[19:12:03] : 측정요구4 OFF
[19:12:03] : 0
[19:12:06] : 측정요구3 ON
[19:12:13] : 측정요구3 OFF
[19:12:13] : 0
[19:12:13] : 측정요구4 ON
[19:12:20] : 측정요구4 OFF
[19:12:20] : 0
[19:12:23] : 측정요구3 ON
[19:12:30] : 측정요구3 OFF
[19:12:30] : 0
[19:12:30] : 측정요구4 ON
[19:12:37] : 측정요구4 OFF
[19:12:37] : 0
[19:12:40] : 측정요구3 ON
[19:12:47] : 측정요구3 OFF
[19:12:47] : 0
[19:12:47] : 측정요구4 ON
[19:12:55] : 측정요구4 OFF
[19:12:55] : 0
[19:12:57] : 측정요구3 ON
[19:13:04] : 측정요구3 OFF
[19:13:04] : 0
[19:13:04] : 측정요구4 ON
[19:13:12] : 측정요구4 OFF
[19:13:12] : 0
[19:13:15] : 측정요구3 ON
[19:13:22] : 측정요구3 OFF
[19:13:22] : 0
[19:13:22] : 측정요구4 ON
[19:13:29] : 측정요구4 OFF
[19:13:29] : 0
[19:13:32] : 측정요구3 ON
[19:13:39] : 측정요구3 OFF
[19:13:39] : 0
[19:13:39] : 측정요구4 ON
[19:13:47] : 측정요구4 OFF
[19:13:47] : 0
[19:13:49] : 측정요구3 ON
[19:13:56] : 측정요구3 OFF
[19:13:56] : 0
[19:13:56] : 측정요구4 ON
[19:14:04] : 측정요구4 OFF
[19:14:04] : 0
[19:14:07] : 측정요구3 ON
[19:14:14] : 측정요구3 OFF
[19:14:14] : 0
[19:14:14] : 측정요구4 ON
[19:14:21] : 측정요구4 OFF
[19:14:21] : 0
[19:14:24] : 측정요구3 ON
[19:14:31] : 측정요구3 OFF
[19:14:31] : 0
[19:14:31] : 측정요구4 ON
[19:14:38] : 측정요구4 OFF
[19:14:38] : 0
[19:14:41] : 측정요구3 ON
[19:14:48] : 측정요구3 OFF
[19:14:48] : 0
[19:14:48] : 측정요구4 ON
[19:14:56] : 측정요구4 OFF
[19:14:56] : 0
[19:14:58] : 측정요구3 ON
[19:15:05] : 측정요구3 OFF
[19:15:05] : 0
[19:15:05] : 측정요구4 ON
[19:15:13] : 측정요구4 OFF
[19:15:13] : 0
[19:15:16] : 측정요구3 ON
[19:15:23] : 측정요구3 OFF
[19:15:23] : 0
[19:15:23] : 측정요구4 ON
[19:15:30] : 측정요구4 OFF
[19:15:30] : 0
[19:15:33] : 측정요구3 ON
[19:15:40] : 측정요구3 OFF
[19:15:40] : 0
[19:15:40] : 측정요구4 ON
[19:15:47] : 측정요구4 OFF
[19:15:47] : 0
[19:15:50] : 측정요구3 ON
[19:15:57] : 측정요구3 OFF
[19:15:57] : 0
[19:15:57] : 측정요구4 ON
[19:16:05] : 측정요구4 OFF
[19:16:05] : 0
[19:16:07] : 측정요구3 ON
[19:16:14] : 측정요구3 OFF
[19:16:14] : 0
[19:16:14] : 측정요구4 ON
[19:16:22] : 측정요구4 OFF
[19:16:22] : 0
[19:16:25] : 측정요구3 ON
[19:16:32] : 측정요구3 OFF
[19:16:32] : 0
[19:16:32] : 측정요구4 ON
[19:16:39] : 측정요구4 OFF
[19:16:39] : 0
[19:16:42] : 측정요구3 ON
[19:16:49] : 측정요구3 OFF
[19:16:49] : 0
[19:16:49] : 측정요구4 ON
[19:16:56] : 측정요구4 OFF
[19:16:56] : 0
[19:16:59] : 측정요구3 ON
[19:17:06] : 측정요구3 OFF
[19:17:06] : 0
[19:17:06] : 측정요구4 ON
[19:17:14] : 측정요구4 OFF
[19:17:14] : 0
[19:17:16] : 측정요구3 ON
[19:17:23] : 측정요구3 OFF
[19:17:23] : 0
[19:17:23] : 측정요구4 ON
[19:17:31] : 측정요구4 OFF
[19:17:31] : 0
[19:17:33] : 측정요구3 ON
[19:17:40] : 측정요구3 OFF
[19:17:40] : 0
[19:17:40] : 측정요구4 ON
[19:17:48] : 측정요구4 OFF
[19:17:48] : 0
[19:17:51] : 측정요구3 ON
[19:17:58] : 측정요구3 OFF
[19:17:58] : 0
[19:17:58] : 측정요구4 ON
[19:18:05] : 측정요구4 OFF
[19:18:05] : 0
[19:18:08] : 측정요구3 ON
[19:18:15] : 측정요구3 OFF
[19:18:15] : 0
[19:18:15] : 측정요구4 ON
[19:18:22] : 측정요구4 OFF
[19:18:22] : 0
[19:18:25] : 측정요구3 ON
[19:18:32] : 측정요구3 OFF
[19:18:32] : 0
[19:18:32] : 측정요구4 ON
[19:18:39] : 측정요구4 OFF
[19:18:39] : 0
[19:18:42] : 측정요구3 ON
[19:18:49] : 측정요구3 OFF
[19:18:49] : 0
[19:18:49] : 측정요구4 ON
[19:18:57] : 측정요구4 OFF
[19:18:57] : 0
[19:18:59] : 측정요구3 ON
[19:19:06] : 측정요구3 OFF
[19:19:06] : 0
[19:19:06] : 측정요구4 ON
[19:19:14] : 측정요구4 OFF
[19:19:14] : 0
[19:19:16] : 측정요구3 ON
[19:19:23] : 측정요구3 OFF
[19:19:23] : 0
[19:19:23] : 측정요구4 ON
[19:19:31] : 측정요구4 OFF
[19:19:31] : 0
[19:19:34] : 측정요구3 ON
[19:19:41] : 측정요구3 OFF
[19:19:41] : 0
[19:19:41] : 측정요구4 ON
[19:19:48] : 측정요구4 OFF
[19:19:48] : 0
[19:19:51] : 측정요구3 ON
[19:19:58] : 측정요구3 OFF
[19:19:58] : 0
[19:19:58] : 측정요구4 ON
[19:20:05] : 측정요구4 OFF
[19:20:05] : 0
[19:20:08] : 측정요구3 ON
[19:20:15] : 측정요구3 OFF
[19:20:15] : 0
[19:20:15] : 측정요구4 ON
[19:20:23] : 측정요구4 OFF
[19:20:23] : 0
[19:20:25] : 측정요구3 ON
[19:20:32] : 측정요구3 OFF
[19:20:32] : 0
[19:20:32] : 측정요구4 ON
[19:20:40] : 측정요구4 OFF
[19:20:40] : 0
[19:20:43] : 측정요구3 ON
[19:20:50] : 측정요구3 OFF
[19:20:50] : 0
[19:20:50] : 측정요구4 ON
[19:20:57] : 측정요구4 OFF
[19:20:57] : 0
[19:21:00] : 측정요구3 ON
[19:21:07] : 측정요구3 OFF
[19:21:07] : 0
[19:21:07] : 측정요구4 ON
[19:21:14] : 측정요구4 OFF
[19:21:14] : 0
[19:21:17] : 측정요구3 ON
[19:21:24] : 측정요구3 OFF
[19:21:24] : 0
[19:21:24] : 측정요구4 ON
[19:21:31] : 측정요구4 OFF
[19:21:31] : 0
[19:21:34] : 측정요구3 ON
[19:21:41] : 측정요구3 OFF
[19:21:41] : 0
[19:21:41] : 측정요구4 ON
[19:21:48] : 측정요구4 OFF
[19:21:48] : 0
[19:21:51] : 측정요구3 ON
[19:21:58] : 측정요구3 OFF
[19:21:58] : 0
[19:21:58] : 측정요구4 ON
[19:22:06] : 측정요구4 OFF
[19:22:06] : 0
[19:22:08] : 측정요구3 ON
[19:22:15] : 측정요구3 OFF
[19:22:15] : 0
[19:22:15] : 측정요구4 ON
[19:22:23] : 측정요구4 OFF
[19:22:23] : 0
[19:22:26] : 측정요구3 ON
[19:22:33] : 측정요구3 OFF
[19:22:33] : 0
[19:22:33] : 측정요구4 ON
[19:22:40] : 측정요구4 OFF
[19:22:40] : 0
[19:22:43] : 측정요구3 ON
[19:22:50] : 측정요구3 OFF
[19:22:50] : 0
[19:22:50] : 측정요구4 ON
[19:22:57] : 측정요구4 OFF
[19:22:57] : 0
[19:23:00] : 측정요구3 ON
[19:23:07] : 측정요구3 OFF
[19:23:07] : 0
[19:23:07] : 측정요구4 ON
[19:23:14] : 측정요구4 OFF
[19:23:14] : 0
[19:23:17] : 측정요구3 ON
[19:23:24] : 측정요구3 OFF
[19:23:24] : 0
[19:23:24] : 측정요구4 ON
[19:23:31] : 측정요구4 OFF
[19:23:31] : 0
[19:23:34] : 측정요구3 ON
[19:23:41] : 측정요구3 OFF
[19:23:41] : 0
[19:23:41] : 측정요구4 ON
[19:23:48] : 측정요구4 OFF
[19:23:48] : 0
[19:23:51] : 측정요구3 ON
[19:23:58] : 측정요구3 OFF
[19:23:58] : 0
[19:23:58] : 측정요구4 ON
[19:24:06] : 측정요구4 OFF
[19:24:06] : 0
[19:24:08] : 측정요구3 ON
[19:24:15] : 측정요구3 OFF
[19:24:15] : 0
[19:24:15] : 측정요구4 ON
[19:24:23] : 측정요구4 OFF
[19:24:23] : 0
[19:24:26] : 측정요구3 ON
[19:24:33] : 측정요구3 OFF
[19:24:33] : 0
[19:24:33] : 측정요구4 ON
[19:24:40] : 측정요구4 OFF
[19:24:40] : 0
[19:24:43] : 측정요구3 ON
[19:24:50] : 측정요구3 OFF
[19:24:50] : 0
[19:24:50] : 측정요구4 ON
[19:24:57] : 측정요구4 OFF
[19:24:57] : 0
[19:25:00] : 측정요구3 ON
[19:25:07] : 측정요구3 OFF
[19:25:07] : 0
[19:25:07] : 측정요구4 ON
[19:25:15] : 측정요구4 OFF
[19:25:15] : 0
[19:25:17] : 측정요구3 ON
[19:25:24] : 측정요구3 OFF
[19:25:24] : 0
[19:25:24] : 측정요구4 ON
[19:25:32] : 측정요구4 OFF
[19:25:32] : 0
[19:25:35] : 측정요구3 ON
[19:25:42] : 측정요구3 OFF
[19:25:42] : 0
[19:25:42] : 측정요구4 ON
[19:25:49] : 측정요구4 OFF
[19:25:49] : 0
[19:25:52] : 측정요구3 ON
[19:25:59] : 측정요구3 OFF
[19:25:59] : 0
[19:25:59] : 측정요구4 ON
[19:26:06] : 측정요구4 OFF
[19:26:06] : 0
[19:26:09] : 측정요구3 ON
[19:26:16] : 측정요구3 OFF
[19:26:16] : 0
[19:26:16] : 측정요구4 ON
[19:26:23] : 측정요구4 OFF
[19:26:23] : 0
[19:26:26] : 측정요구3 ON
[19:26:33] : 측정요구3 OFF
[19:26:33] : 0
[19:26:33] : 측정요구4 ON
[19:26:41] : 측정요구4 OFF
[19:26:41] : 0
[19:26:43] : 측정요구3 ON
[19:26:50] : 측정요구3 OFF
[19:26:50] : 0
[19:26:50] : 측정요구4 ON
[19:26:58] : 측정요구4 OFF
[19:26:58] : 0
[19:27:01] : 측정요구3 ON
[19:27:08] : 측정요구3 OFF
[19:27:08] : 0
[19:27:08] : 측정요구4 ON
[19:27:15] : 측정요구4 OFF
[19:27:15] : 0
[19:27:18] : 측정요구3 ON
[19:27:25] : 측정요구3 OFF
[19:27:25] : 0
[19:27:25] : 측정요구4 ON
[19:27:32] : 측정요구4 OFF
[19:27:32] : 0
[19:27:35] : 측정요구3 ON
[19:27:42] : 측정요구3 OFF
[19:27:42] : 0
[19:27:42] : 측정요구4 ON
[19:27:49] : 측정요구4 OFF
[19:27:49] : 0
[19:27:52] : 측정요구3 ON
[19:27:59] : 측정요구3 OFF
[19:27:59] : 0
[19:27:59] : 측정요구4 ON
[19:28:07] : 측정요구4 OFF
[19:28:07] : 0
[19:28:09] : 측정요구3 ON
[19:28:16] : 측정요구3 OFF
[19:28:16] : 0
[19:28:16] : 측정요구4 ON
[19:28:24] : 측정요구4 OFF
[19:28:24] : 0
[19:28:26] : 측정요구3 ON
[19:28:33] : 측정요구3 OFF
[19:28:33] : 0
[19:28:33] : 측정요구4 ON
[19:28:41] : 측정요구4 OFF
[19:28:41] : 0
[19:28:43] : 측정요구3 ON
[19:28:50] : 측정요구3 OFF
[19:28:50] : 0
[19:28:50] : 측정요구4 ON
[19:28:58] : 측정요구4 OFF
[19:28:58] : 0
[19:29:00] : 측정요구3 ON
[19:29:07] : 측정요구3 OFF
[19:29:07] : 0
[19:29:07] : 측정요구4 ON
[19:29:15] : 측정요구4 OFF
[19:29:15] : 0
[19:29:18] : 측정요구3 ON
[19:29:25] : 측정요구3 OFF
[19:29:25] : 0
[19:29:25] : 측정요구4 ON
[19:29:32] : 측정요구4 OFF
[19:29:32] : 0
[19:29:35] : 측정요구3 ON
[19:29:42] : 측정요구3 OFF
[19:29:42] : 0
[19:29:42] : 측정요구4 ON
[19:29:49] : 측정요구4 OFF
[19:29:49] : 0
[19:29:52] : 측정요구3 ON
[19:29:59] : 측정요구3 OFF
[19:29:59] : 0
[19:29:59] : 측정요구4 ON
[19:30:06] : 측정요구4 OFF
[19:30:06] : 0
[19:30:09] : 측정요구3 ON
[19:30:16] : 측정요구3 OFF
[19:30:16] : 0
[19:30:16] : 측정요구4 ON
[19:30:23] : 측정요구4 OFF
[19:30:23] : 0
[19:30:26] : 측정요구3 ON
[19:30:33] : 측정요구3 OFF
[19:30:33] : 0
[19:30:33] : 측정요구4 ON
[19:30:41] : 측정요구4 OFF
[19:30:41] : 0
[19:30:43] : 측정요구3 ON
[19:30:50] : 측정요구3 OFF
[19:30:50] : 0
[19:30:50] : 측정요구4 ON
[19:30:58] : 측정요구4 OFF
[19:30:58] : 0
 
