[17:05:29] : PROGRAM START
[17:05:30] : MARK TCP Connect OK
[17:05:34] : AUTO RUNNING OFF
[17:05:34] : REQUEST MEAS. OFF
[17:05:34] : REQUEST ZEROSET OFF
[17:05:34] : REQUEST ZEROSET OFF
[17:25:48] : PROGRAM END
 
[17:27:31] : PROGRAM START
[17:27:32] : MARK TCP Connect OK
[17:27:36] : AUTO RUNNING OFF
[17:27:36] : REQUEST MEAS. OFF
[17:27:36] : REQUEST ZEROSET OFF
[17:27:36] : REQUEST ZEROSET OFF
[21:06:50] : PROGRAM END
 
[21:06:58] : PROGRAM START
[21:06:59] : MARK TCP Connect OK
[21:07:02] : AUTO RUNNING OFF
[21:07:02] : REQUEST MEAS. OFF
[21:07:02] : REQUEST ZEROSET OFF
[21:07:02] : REQUEST ZEROSET OFF
[21:07:06] : PROGRAM END
 
