[16:31:02] : PROGRAM START
[16:31:16] : PROGRAM END
 
[16:32:00] : PROGRAM START
[16:32:18] : Plc Error Timer
[16:32:22] : PROGRAM END
 
[16:35:38] : PROGRAM START
[16:35:55] : Plc Error Timer
[16:35:58] : PROGRAM END
 
[16:40:10] : PROGRAM START
[16:40:26] : Plc Error Timer
[16:40:49] : PROGRAM END
 
[16:55:54] : PROGRAM START
[16:56:01] : Plc Error Timer
[16:56:18] : PROGRAM END
 
[16:56:50] : PROGRAM START
[16:57:12] : Plc Error Timer
[16:57:16] : PROGRAM END
 
[16:58:18] : PROGRAM START
[16:58:34] : Plc Error Timer
[16:58:39] : PROGRAM END
 
[17:04:36] : PROGRAM START
[17:05:02] : Plc Error Timer
[17:05:03] : PROGRAM END
 
[17:09:37] : PROGRAM START
[17:09:57] : PROGRAM END
 
[17:10:03] : PROGRAM START
[17:10:13] : PROGRAM END
 
[17:11:15] : PROGRAM START
[17:11:31] : PROGRAM END
 
[17:29:38] : PROGRAM START
[17:29:49] : PROGRAM END
 
[17:30:39] : PROGRAM START
[17:30:46] : PROGRAM END
 
[17:34:48] : PROGRAM START
[17:35:01] : Plc Error Timer
[17:35:13] : Plc Error Timer
[17:35:26] : Plc Error Timer
[17:35:29] : PROGRAM END
 
[17:36:41] : PROGRAM START
[17:37:09] : Plc Error Timer
[17:37:32] : Plc Error Timer
[17:37:34] : PROGRAM END
 
[17:37:45] : PROGRAM START
[17:37:56] : PROGRAM END
 
[17:50:38] : PROGRAM START
[17:50:41] : AUTO RUNNING OFF
[17:50:41] : REQUEST MEAS. OFF
[17:50:41] : REQUEST ZEROSET OFF
[17:50:41] : REQUEST ZEROSET OFF
[17:51:36] : PROGRAM END
 
[17:53:55] : PROGRAM START
[17:53:57] : AUTO RUNNING OFF
[17:53:57] : REQUEST MEAS. OFF
[17:53:57] : REQUEST ZEROSET OFF
[17:53:57] : REQUEST ZEROSET OFF
[17:54:06] : PROGRAM END
 
[17:54:38] : PROGRAM START
[17:54:40] : AUTO RUNNING OFF
[17:54:40] : REQUEST MEAS. OFF
[17:54:40] : REQUEST ZEROSET OFF
[17:54:40] : REQUEST ZEROSET OFF
[17:54:58] : PROGRAM END
 
[17:56:10] : PROGRAM START
[17:56:13] : AUTO RUNNING OFF
[17:56:13] : REQUEST MEAS. OFF
[17:56:13] : REQUEST ZEROSET OFF
[17:56:13] : REQUEST ZEROSET OFF
[17:56:38] : PROGRAM END
 
[17:57:39] : PROGRAM START
[17:57:42] : AUTO RUNNING OFF
[17:57:42] : REQUEST MEAS. OFF
[17:57:42] : REQUEST ZEROSET OFF
[17:57:42] : REQUEST ZEROSET OFF
[18:00:27] : PROGRAM END
 
[18:02:21] : PROGRAM START
[18:02:24] : AUTO RUNNING OFF
[18:02:24] : REQUEST MEAS. OFF
[18:02:24] : REQUEST ZEROSET OFF
[18:02:24] : REQUEST ZEROSET OFF
[18:09:09] : PROGRAM END
 
[18:13:36] : PROGRAM START
[18:13:38] : AUTO RUNNING OFF
[18:13:38] : REQUEST MEAS. OFF
[18:13:38] : REQUEST ZEROSET OFF
[18:13:38] : REQUEST ZEROSET OFF
[18:18:04] : PROGRAM END
 
[18:18:45] : PROGRAM START
[18:18:47] : AUTO RUNNING OFF
[18:18:47] : REQUEST MEAS. OFF
[18:18:47] : REQUEST ZEROSET OFF
[18:18:47] : REQUEST ZEROSET OFF
[18:19:54] : PROGRAM END
 
[18:20:20] : PROGRAM START
[18:20:23] : AUTO RUNNING OFF
[18:20:23] : REQUEST MEAS. OFF
[18:20:23] : REQUEST ZEROSET OFF
[18:20:23] : REQUEST ZEROSET OFF
[18:26:32] : Cycle start ON
[18:26:32] : REQUEST MEAS. ON
[18:26:38] : Cycle start OFF
[18:26:38] : REQUEST MEAS. OFF
[18:26:38] : 측정요구 ON 2
[18:26:44] : 측정요구 2OFF
[18:27:08] : PROGRAM END
 
[18:28:00] : PROGRAM START
[18:28:03] : AUTO RUNNING OFF
[18:28:03] : REQUEST MEAS. OFF
[18:28:03] : REQUEST ZEROSET OFF
[18:28:03] : REQUEST ZEROSET OFF
[18:33:51] : PROGRAM END
 
[18:34:00] : PROGRAM START
[18:34:02] : AUTO RUNNING OFF
[18:34:02] : REQUEST MEAS. OFF
[18:34:02] : REQUEST ZEROSET OFF
[18:34:02] : REQUEST ZEROSET OFF
[18:34:26] : Cycle start ON
[18:34:26] : REQUEST MEAS. ON
[18:34:31] : Cycle start OFF
[18:34:31] : REQUEST MEAS. OFF
[18:34:31] : 측정요구 ON 2
[18:34:37] : 측정요구 2OFF
[18:35:40] : PROGRAM END
 
[18:36:13] : PROGRAM START
[18:36:15] : AUTO RUNNING OFF
[18:36:15] : REQUEST MEAS. OFF
[18:36:15] : REQUEST ZEROSET OFF
[18:36:15] : REQUEST ZEROSET OFF
[18:36:36] : Cycle start ON
[18:36:36] : REQUEST MEAS. ON
[18:36:41] : Cycle start OFF
[18:36:41] : REQUEST MEAS. OFF
[18:36:41] : 측정요구 ON 2
[18:36:48] : 측정요구 2OFF
[18:37:30] : PROGRAM END
 
[18:43:47] : PROGRAM START
[18:43:50] : AUTO RUNNING OFF
[18:43:50] : REQUEST MEAS. OFF
[18:43:50] : REQUEST ZEROSET OFF
[18:43:50] : REQUEST ZEROSET OFF
[18:44:12] : Cycle start ON
[18:44:12] : REQUEST MEAS. ON
[18:44:17] : Cycle start OFF
[18:44:17] : REQUEST MEAS. OFF
[18:44:17] : 측정요구 ON 2
[18:44:24] : 측정요구 2OFF
[18:45:45] : Cycle start ON
[18:45:45] : REQUEST MEAS. ON
[18:45:50] : Cycle start OFF
[18:45:50] : REQUEST MEAS. OFF
[18:45:50] : 측정요구 ON 2
[18:45:57] : 측정요구 2OFF
[18:46:39] : Cycle start ON
[18:46:39] : REQUEST MEAS. ON
[18:46:45] : Cycle start OFF
[18:46:45] : REQUEST MEAS. OFF
[18:46:45] : 측정요구 ON 2
[18:46:51] : 측정요구 2OFF
[18:47:36] : Cycle start ON
[18:47:36] : REQUEST MEAS. ON
[18:47:42] : Cycle start OFF
[18:47:42] : REQUEST MEAS. OFF
[18:47:42] : 측정요구 ON 2
[18:47:49] : 측정요구 2OFF
[18:48:15] : Cycle start ON
[18:48:15] : REQUEST MEAS. ON
[18:48:21] : Cycle start OFF
[18:48:21] : REQUEST MEAS. OFF
[18:48:21] : 측정요구 ON 2
[18:48:26] : 측정요구 2OFF
[18:48:54] : Cycle start ON
[18:48:54] : REQUEST MEAS. ON
[18:49:00] : Cycle start OFF
[18:49:00] : REQUEST MEAS. OFF
[18:49:00] : 측정요구 ON 2
[18:49:06] : 측정요구 2OFF
[18:49:35] : Cycle start ON
[18:49:35] : 측정요구3 ON
[18:49:40] : Cycle start OFF
[18:49:40] : 측정요구3 OFF
[18:49:40] : REQUEST ZEROSET ON
[18:49:45] : REQUEST ZEROSET OFF
[18:50:03] : Cycle start ON
[18:50:03] : 측정요구3 ON
[18:50:08] : Cycle start OFF
[18:50:08] : 측정요구3 OFF
[18:50:08] : REQUEST ZEROSET ON
[18:50:13] : REQUEST ZEROSET OFF
[18:50:30] : Cycle start ON
[18:50:30] : 측정요구3 ON
[18:50:35] : Cycle start OFF
[18:50:35] : 측정요구3 OFF
[18:50:35] : REQUEST ZEROSET ON
[18:50:41] : REQUEST ZEROSET OFF
[18:50:58] : Cycle start ON
[18:50:58] : 측정요구3 ON
[18:51:04] : Cycle start OFF
[18:51:04] : 측정요구3 OFF
[18:51:04] : REQUEST ZEROSET ON
[18:51:09] : REQUEST ZEROSET OFF
[18:51:27] : Cycle start ON
[18:51:27] : 측정요구3 ON
[18:51:32] : Cycle start OFF
[18:51:32] : 측정요구3 OFF
[18:51:32] : REQUEST ZEROSET ON
[18:51:37] : REQUEST ZEROSET OFF
[18:51:55] : Cycle start ON
[18:51:55] : 측정요구3 ON
[18:52:00] : Cycle start OFF
[18:52:00] : 측정요구3 OFF
[18:52:00] : REQUEST ZEROSET ON
[18:52:05] : REQUEST ZEROSET OFF
[18:52:29] : Cycle start ON
[18:52:29] : 측정요구3 ON
[18:52:34] : Cycle start OFF
[18:52:34] : 측정요구3 OFF
[18:52:35] : REQUEST ZEROSET ON
[18:52:47] : Cycle start ON
[18:52:52] : Cycle start OFF
[18:52:58] : REQUEST ZEROSET OFF
[18:53:15] : Cycle start ON
[18:53:15] : 측정요구3 ON
[18:53:20] : Cycle start OFF
[18:53:20] : 측정요구3 OFF
[18:53:20] : 측정요구4 ON
[18:54:41] : 측정요구4 OFF
[18:55:01] : Cycle start ON
[18:55:01] : 측정요구3 ON
[18:55:06] : Cycle start OFF
[18:55:06] : 측정요구3 OFF
[18:55:06] : 측정요구4 ON
[18:55:12] : 측정요구4 OFF
[18:55:23] : Cycle start ON
[18:55:23] : 측정요구3 ON
[18:55:28] : Cycle start OFF
[18:55:28] : 측정요구3 OFF
[18:55:29] : 측정요구4 ON
[18:55:34] : 측정요구4 OFF
[18:56:34] : PROGRAM END
 
[18:57:30] : PROGRAM START
[18:57:33] : AUTO RUNNING OFF
[18:57:33] : REQUEST MEAS. OFF
[18:57:33] : REQUEST ZEROSET OFF
[18:57:33] : REQUEST ZEROSET OFF
[19:02:38] : Cycle start ON
[19:02:38] : 측정요구3 ON
[19:02:43] : Cycle start OFF
[19:02:43] : 측정요구3 OFF
[19:02:43] : 측정요구4 ON
[19:02:48] : 측정요구4 OFF
[19:03:49] : Cycle start ON
[19:03:49] : 측정요구3 ON
[19:03:54] : Cycle start OFF
[19:03:54] : 측정요구3 OFF
[19:03:54] : 측정요구4 ON
[19:04:00] : 측정요구4 OFF
[19:04:24] : Cycle start ON
[19:04:24] : 측정요구3 ON
[19:04:29] : Cycle start OFF
[19:04:29] : 측정요구3 OFF
[19:04:29] : 측정요구4 ON
[19:04:35] : 측정요구4 OFF
[19:06:25] : PROGRAM END
 
[19:14:14] : PROGRAM START
[19:14:16] : AUTO RUNNING OFF
[19:14:16] : REQUEST MEAS. OFF
[19:14:16] : REQUEST ZEROSET OFF
[19:14:16] : REQUEST ZEROSET OFF
[19:14:39] : Cycle start ON
[19:14:39] : 측정요구3 ON
[19:14:44] : Cycle start OFF
[19:14:44] : 측정요구3 OFF
[19:14:44] : 측정요구4 ON
[19:14:50] : 측정요구4 OFF
[19:15:39] : Cycle start ON
[19:15:39] : 측정요구3 ON
[19:15:44] : Cycle start OFF
[19:15:44] : 측정요구3 OFF
[19:15:44] : 측정요구4 ON
[19:15:49] : 측정요구4 OFF
[19:16:08] : Plc Error Timer
[19:16:08] : Cycle start ON
[19:16:08] : 측정요구3 ON
[19:16:12] : Cycle start OFF
[19:16:12] : 측정요구3 OFF
[19:16:12] : 측정요구4 ON
[19:16:17] : 측정요구4 OFF
[19:16:28] : PROGRAM END
 
[19:17:32] : PROGRAM START
[19:17:34] : AUTO RUNNING OFF
[19:17:34] : REQUEST MEAS. OFF
[19:17:34] : REQUEST ZEROSET OFF
[19:17:34] : REQUEST ZEROSET OFF
[19:17:59] : Cycle start ON
[19:17:59] : REQUEST MEAS. ON
[19:18:05] : Cycle start OFF
[19:18:05] : REQUEST MEAS. OFF
[19:18:05] : 측정요구 ON 2
[19:18:11] : 측정요구 2OFF
[19:18:40] : Cycle start ON
[19:18:40] : 측정요구3 ON
[19:18:45] : Cycle start OFF
[19:18:45] : 측정요구3 OFF
[19:18:45] : 측정요구4 ON
[19:18:50] : 측정요구4 OFF
[19:19:08] : Cycle start ON
[19:19:08] : 측정요구3 ON
[19:19:13] : Cycle start OFF
[19:19:13] : 측정요구3 OFF
[19:19:13] : 측정요구4 ON
[19:19:18] : 측정요구4 OFF
[19:19:52] : PROGRAM END
 
[19:25:32] : PROGRAM START
[19:25:34] : AUTO RUNNING OFF
[19:25:34] : REQUEST MEAS. OFF
[19:25:34] : REQUEST ZEROSET OFF
[19:25:34] : REQUEST ZEROSET OFF
[19:33:10] : PROGRAM END
 
[19:33:16] : PROGRAM START
[19:33:18] : AUTO RUNNING OFF
[19:33:18] : REQUEST MEAS. OFF
[19:33:18] : REQUEST ZEROSET OFF
[19:33:18] : REQUEST ZEROSET OFF
[19:36:21] : Cycle start ON
[19:36:21] : 측정요구3 ON
[19:36:26] : Cycle start OFF
[19:36:26] : 측정요구3 OFF
[19:36:26] : 측정요구4 ON
[19:36:31] : 측정요구4 OFF
[19:36:53] : Cycle start ON
[19:36:53] : 측정요구3 ON
[19:36:58] : Cycle start OFF
[19:36:58] : 측정요구3 OFF
[19:36:58] : 측정요구4 ON
[19:37:04] : 측정요구4 OFF
[19:39:00] : PROGRAM END
 
[19:41:46] : PROGRAM START
[19:41:49] : AUTO RUNNING OFF
[19:41:49] : REQUEST MEAS. OFF
[19:41:49] : REQUEST ZEROSET OFF
[19:41:49] : REQUEST ZEROSET OFF
[19:42:28] : Cycle start ON
[19:42:28] : 측정요구3 ON
[19:42:33] : Cycle start OFF
[19:42:33] : 측정요구3 OFF
[19:42:33] : 측정요구4 ON
[19:42:39] : 측정요구4 OFF
[19:43:52] : PROGRAM END
 
[19:49:44] : PROGRAM START
[19:49:46] : AUTO RUNNING OFF
[19:49:46] : REQUEST MEAS. OFF
[19:49:46] : REQUEST ZEROSET OFF
[19:49:46] : REQUEST ZEROSET OFF
[19:50:06] : Cycle start ON
[19:50:06] : 측정요구3 ON
[19:50:11] : Cycle start OFF
[19:50:11] : 측정요구3 OFF
[19:50:11] : 측정요구4 ON
[19:50:17] : 측정요구4 OFF
[19:51:02] : Cycle start ON
[19:51:02] : REQUEST MEAS. ON
[19:51:07] : Cycle start OFF
[19:51:07] : REQUEST MEAS. OFF
[19:51:08] : 측정요구 ON 2
[19:51:14] : 측정요구 2OFF
[19:51:27] : PROGRAM END
 
[19:52:34] : PROGRAM START
[19:52:37] : AUTO RUNNING OFF
[19:52:37] : REQUEST MEAS. OFF
[19:52:37] : REQUEST ZEROSET OFF
[19:52:37] : REQUEST ZEROSET OFF
[19:53:03] : PROGRAM END
 
[19:53:13] : PROGRAM START
[19:53:16] : AUTO RUNNING OFF
[19:53:16] : REQUEST MEAS. OFF
[19:53:16] : REQUEST ZEROSET OFF
[19:53:16] : REQUEST ZEROSET OFF
[19:53:18] : PROGRAM END
 
[19:54:08] : PROGRAM START
[19:54:10] : AUTO RUNNING OFF
[19:54:10] : REQUEST MEAS. OFF
[19:54:10] : REQUEST ZEROSET OFF
[19:54:10] : REQUEST ZEROSET OFF
[19:54:15] : PROGRAM END
 
[20:04:17] : PROGRAM START
[20:04:19] : AUTO RUNNING OFF
[20:04:19] : REQUEST MEAS. OFF
[20:04:19] : REQUEST ZEROSET OFF
[20:04:19] : REQUEST ZEROSET OFF
[20:04:47] : Plc Error Timer
[20:05:04] : PROGRAM END
 
[20:07:27] : PROGRAM START
[20:07:34] : Plc Error Timer
[20:07:34] : AUTO RUNNING OFF
[20:07:34] : REQUEST MEAS. OFF
[20:07:34] : REQUEST ZEROSET OFF
[20:07:34] : REQUEST ZEROSET OFF
[20:07:49] : PROGRAM END
 
[20:08:36] : PROGRAM START
[20:08:47] : Plc Error Timer
[20:08:50] : AUTO RUNNING OFF
[20:08:50] : REQUEST MEAS. OFF
[20:08:50] : REQUEST ZEROSET OFF
[20:08:50] : REQUEST ZEROSET OFF
[20:09:00] : PROGRAM END
 
[20:09:21] : PROGRAM START
[20:09:23] : AUTO RUNNING OFF
[20:09:23] : REQUEST MEAS. OFF
[20:09:23] : REQUEST ZEROSET OFF
[20:09:23] : REQUEST ZEROSET OFF
[20:09:45] : Cycle start ON
[20:09:45] : REQUEST MEAS. ON
[20:09:51] : Cycle start OFF
[20:09:51] : REQUEST MEAS. OFF
[20:09:53] : 측정요구 ON 2
[20:09:56] : 측정요구 2OFF
[20:10:03] : PROGRAM END
 
[20:11:04] : PROGRAM START
[20:11:06] : AUTO RUNNING OFF
[20:11:06] : REQUEST MEAS. OFF
[20:11:06] : REQUEST ZEROSET OFF
[20:11:06] : REQUEST ZEROSET OFF
[20:11:31] : Cycle start ON
[20:11:31] : REQUEST MEAS. ON
[20:11:36] : Cycle start OFF
[20:11:36] : REQUEST MEAS. OFF
[20:11:36] : 136
[20:11:36] : 측정요구 ON 2
[20:11:42] : 측정요구 2OFF
[20:11:42] : 264
[20:22:34] : PROGRAM END
 
[20:23:11] : PROGRAM START
[20:23:13] : AUTO RUNNING OFF
[20:23:13] : REQUEST MEAS. OFF
[20:23:13] : REQUEST ZEROSET OFF
[20:23:13] : REQUEST ZEROSET OFF
[20:23:17] : PROGRAM END
 
[20:25:26] : PROGRAM START
[20:25:28] : AUTO RUNNING OFF
[20:25:28] : REQUEST MEAS. OFF
[20:25:28] : REQUEST ZEROSET OFF
[20:25:28] : REQUEST ZEROSET OFF
[20:25:51] : Cycle start ON
[20:25:51] : REQUEST MEAS. ON
[20:25:57] : Cycle start OFF
[20:25:57] : REQUEST MEAS. OFF
[20:25:57] : 135
[20:25:57] : 측정요구 ON 2
[20:26:02] : 측정요구 2OFF
[20:26:02] : 260
[20:27:08] : PROGRAM END
 
[20:27:58] : PROGRAM START
[20:28:00] : AUTO RUNNING OFF
[20:28:00] : REQUEST MEAS. OFF
[20:28:00] : REQUEST ZEROSET OFF
[20:28:00] : REQUEST ZEROSET OFF
[20:28:22] : Cycle start ON
[20:28:22] : REQUEST MEAS. ON
[20:28:27] : Cycle start OFF
[20:28:27] : REQUEST MEAS. OFF
[20:28:28] : 135
[20:28:28] : 측정요구 ON 2
[20:28:33] : 측정요구 2OFF
[20:28:33] : 261
[20:28:46] : PROGRAM END
 
[20:29:10] : PROGRAM START
[20:29:13] : AUTO RUNNING OFF
[20:29:13] : REQUEST MEAS. OFF
[20:29:13] : REQUEST ZEROSET OFF
[20:29:13] : REQUEST ZEROSET OFF
[20:29:40] : Cycle start ON
[20:29:40] : REQUEST MEAS. ON
[20:29:45] : Cycle start OFF
[20:29:45] : REQUEST MEAS. OFF
[20:29:45] : 128
[20:29:45] : 측정요구 ON 2
[20:29:51] : 측정요구 2OFF
[20:29:51] : 255
[20:30:03] : PROGRAM END
 
[20:32:23] : PROGRAM START
[20:32:25] : AUTO RUNNING OFF
[20:32:25] : REQUEST MEAS. OFF
[20:32:25] : REQUEST ZEROSET OFF
[20:32:25] : REQUEST ZEROSET OFF
[20:32:48] : Cycle start ON
[20:32:48] : REQUEST MEAS. ON
[20:32:53] : Cycle start OFF
[20:32:53] : REQUEST MEAS. OFF
[20:32:53] : 136
[20:32:53] : 측정요구 ON 2
[20:32:59] : 측정요구 2OFF
[20:32:59] : 262
[21:01:58] : PROGRAM END
 
[21:02:02] : PROGRAM START
[21:02:04] : AUTO RUNNING OFF
[21:02:04] : REQUEST MEAS. OFF
[21:02:04] : REQUEST ZEROSET OFF
[21:02:04] : REQUEST ZEROSET OFF
 
