[09:07:10] : Plc Error Timer
[09:07:16] : Plc Error Timer
[09:08:20] : Plc Error Timer
[09:09:07] : MEAS ESC ON
[09:09:07] : MEAS ESC OFF
[09:09:07] : AUTO RUNNING ON
[09:09:36] : AUTO RUNNING OFF
[09:13:54] : MEAS ESC ON
[09:13:55] : MEAS ESC OFF
[09:19:48] : MEAS ESC ON
[09:20:22] : MEAS ESC OFF
[09:45:38] : Plc Error Timer
[09:45:44] : Plc Error Timer
[09:45:51] : Plc Error Timer
[09:45:57] : Plc Error Timer
[09:46:03] : Plc Error Timer
[09:46:09] : Plc Error Timer
[09:46:15] : Plc Error Timer
[09:46:21] : Plc Error Timer
[09:46:27] : Plc Error Timer
[09:46:33] : Plc Error Timer
[09:46:39] : Plc Error Timer
[09:46:45] : Plc Error Timer
[09:46:52] : Plc Error Timer
[09:46:58] : Plc Error Timer
[09:47:04] : Plc Error Timer
[09:47:10] : Plc Error Timer
[09:47:16] : Plc Error Timer
[09:47:22] : Plc Error Timer
[09:47:28] : Plc Error Timer
[09:47:34] : Plc Error Timer
[09:47:40] : Plc Error Timer
[09:47:46] : Plc Error Timer
[09:47:53] : Plc Error Timer
[09:47:59] : Plc Error Timer
[09:48:05] : Plc Error Timer
[10:02:16] : Plc Error Timer
[10:02:22] : Plc Error Timer
[10:02:45] : MEAS ESC ON
[10:03:00] : MEAS ESC OFF
[10:03:36] : Plc Error Timer
[10:03:42] : Plc Error Timer
[10:03:49] : Plc Error Timer
[10:03:49] : MEAS ESC ON
[10:03:59] : MEAS ESC OFF
 
[13:20:54] : MEAS ESC ON
[13:20:54] : MEAS ESC OFF
[13:20:54] : AUTO RUNNING ON
[13:22:54] : Cycle start ON
[13:22:54] : Cycle start OFF
[13:22:54] : 측정요구3 ON
[13:23:01] : 측정요구3 OFF
[13:23:01] : 측정요구4 ON
[13:23:07] : Cycle start ON
[13:23:07] : Cycle start OFF
[13:23:08] : 측정요구4 OFF
[13:23:08] : 21,20181215-132309,AL18121450506,,OK,MAX,2,1,AUTO,0.00,7.00,0.13,OK,0.00,7.00,0.14,OK,
[13:23:08] : REQUEST MEAS. ON
[13:23:16] : REQUEST MEAS. OFF
[13:23:16] : 측정요구 ON 2
[13:23:23] : 측정요구 2OFF
[13:23:23] : 21,20181215-132324,,,OK,MAX,1,2,AUTO,0.00,7.00,1.29,OK,0.00,7.00,0.85,OK,
[13:24:02] : Cycle start ON
[13:24:02] : REQUEST MEAS. ON
[13:24:02] : Cycle start OFF
[13:24:09] : REQUEST MEAS. OFF
[13:24:09] : 측정요구 ON 2
[13:24:16] : 측정요구 2OFF
[13:24:16] : 21,20181215-132417,,,OK,MAX,1,2,AUTO,0.00,7.00,2.52,OK,0.00,7.00,1.99,OK,
[13:25:08] : Cycle start ON
[13:25:08] : Cycle start OFF
[13:25:08] : REQUEST MEAS. ON
[13:25:15] : REQUEST MEAS. OFF
[13:25:15] : 측정요구 ON 2
[13:25:22] : 측정요구 2OFF
[13:25:22] : 21,20181215-132522,,,OK,MAX,1,2,AUTO,0.00,7.00,0.93,OK,0.00,7.00,0.70,OK,
[13:26:14] : Cycle start ON
[13:26:14] : Cycle start OFF
[13:26:14] : REQUEST MEAS. ON
[13:26:21] : REQUEST MEAS. OFF
[13:26:21] : 측정요구 ON 2
[13:26:28] : 측정요구 2OFF
[13:26:28] : 21,20181215-132628,,,OK,MAX,1,1,AUTO,0.00,7.00,0.74,OK,0.00,7.00,0.46,OK,
[13:27:19] : Cycle start ON
[13:27:19] : Cycle start OFF
[13:27:19] : REQUEST MEAS. ON
[13:27:26] : REQUEST MEAS. OFF
[13:27:26] : 측정요구 ON 2
[13:27:34] : 측정요구 2OFF
[13:27:34] : 21,20181215-132734,,,OK,MAX,1,2,AUTO,0.00,7.00,2.10,OK,0.00,7.00,1.30,OK,
[13:28:25] : Cycle start ON
[13:28:26] : Cycle start OFF
[13:28:26] : REQUEST MEAS. ON
[13:28:32] : REQUEST MEAS. OFF
[13:28:32] : 측정요구 ON 2
[13:28:40] : 측정요구 2OFF
[13:28:40] : 21,20181215-132840,,,OK,MAX,1,1,AUTO,0.00,7.00,0.27,OK,0.00,7.00,0.15,OK,
[13:30:32] : AUTO RUNNING OFF
[13:30:34] : MEAS ESC ON
[13:30:35] : MEAS ESC OFF
[13:30:35] : AUTO RUNNING ON
[13:31:53] : Cycle start ON
[13:31:53] : Cycle start OFF
[13:31:53] : REQUEST MEAS. ON
[13:32:00] : REQUEST MEAS. OFF
[13:32:00] : 측정요구 ON 2
[13:32:08] : 측정요구 2OFF
[13:32:08] : 21,20181215-133208,,,OK,MAX,1,1,AUTO,0.00,7.00,0.83,OK,0.00,7.00,0.54,OK,
[13:51:25] : AUTO RUNNING OFF
[16:39:32] : MEAS ESC ON
[16:39:32] : MEAS ESC OFF
[16:39:32] : AUTO RUNNING ON
[16:45:46] : Cycle start ON
[16:45:46] : Cycle start OFF
[16:45:46] : REQUEST MEAS. ON
[16:45:53] : REQUEST MEAS. OFF
[16:45:53] : 측정요구 ON 2
[16:46:00] : 측정요구 2OFF
[16:46:00] : 21,20181215-164601,,,OK,MAX,1,2,AUTO,0.00,7.00,1.08,OK,0.00,7.00,0.43,OK,
[16:46:49] : AUTO RUNNING OFF
[16:47:45] : MEAS ESC ON
[16:47:46] : MEAS ESC OFF
[16:47:46] : AUTO RUNNING ON
[16:48:00] : Cycle start ON
[16:48:01] : Cycle start OFF
[16:48:01] : 측정요구3 ON
[16:48:07] : 측정요구3 OFF
[16:48:07] : 측정요구4 ON
[16:48:15] : 측정요구4 OFF
[16:48:15] : 21,20181215-164815,AL18121450626,,OK,MAX,2,2,AUTO,0.00,7.00,1.26,OK,0.00,7.00,0.87,OK,
[16:49:20] : Cycle start ON
[16:49:20] : Cycle start OFF
[16:49:20] : REQUEST MEAS. ON
[16:49:27] : REQUEST MEAS. OFF
[16:49:27] : 측정요구 ON 2
[16:49:35] : 측정요구 2OFF
[16:49:35] : 21,20181215-164935,,,OK,MAX,1,1,AUTO,0.00,7.00,0.89,OK,0.00,7.00,0.58,OK,
[16:50:08] : Cycle start ON
[16:50:08] : Cycle start OFF
[16:50:08] : 측정요구3 ON
[16:50:15] : 측정요구3 OFF
[16:50:15] : 측정요구4 ON
[16:50:23] : 측정요구4 OFF
[16:50:23] : 21,20181215-165023,AL18121450606,,OK,MAX,2,1,AUTO,0.00,7.00,0.07,OK,0.00,7.00,0.13,OK,
[16:51:10] : Cycle start ON
[16:51:10] : Cycle start OFF
[16:51:10] : REQUEST MEAS. ON
[16:51:17] : REQUEST MEAS. OFF
[16:51:17] : 측정요구 ON 2
[16:51:25] : 측정요구 2OFF
[16:51:25] : 21,20181215-165126,,,OK,MAX,1,1,AUTO,0.00,7.00,0.40,OK,0.00,7.00,0.25,OK,
[16:52:17] : Cycle start ON
[16:52:17] : Cycle start OFF
[16:52:17] : REQUEST MEAS. ON
[16:52:24] : REQUEST MEAS. OFF
[16:52:24] : 측정요구 ON 2
[16:52:31] : 측정요구 2OFF
[16:52:31] : 21,20181215-165232,,,OK,MAX,1,1,AUTO,0.00,7.00,0.67,OK,0.00,7.00,0.39,OK,
[16:53:25] : Cycle start ON
[16:53:25] : Cycle start OFF
[16:53:25] : 측정요구3 ON
[16:53:32] : 측정요구3 OFF
[16:53:32] : 측정요구4 ON
[16:53:39] : 측정요구4 OFF
[16:53:39] : 21,20181215-165339,AL18121450666,,OK,MAX,2,2,AUTO,0.00,7.00,1.54,OK,0.00,7.00,1.32,OK,
[17:20:05] : Cycle start ON
[17:20:05] : Cycle start OFF
[17:20:05] : REQUEST MEAS. ON
[17:20:12] : REQUEST MEAS. OFF
[17:20:12] : 측정요구 ON 2
[17:20:20] : 측정요구 2OFF
[17:20:20] : 21,20181215-172020,,,OK,MAX,1,1,AUTO,0.00,7.00,0.20,OK,0.00,7.00,0.19,OK,
[17:21:11] : Cycle start ON
[17:21:12] : Cycle start OFF
[17:21:12] : REQUEST MEAS. ON
[17:21:18] : REQUEST MEAS. OFF
[17:21:18] : 측정요구 ON 2
[17:21:26] : 측정요구 2OFF
[17:21:26] : 21,20181215-172127,,,OK,MAX,1,1,AUTO,0.00,7.00,0.10,OK,0.00,7.00,0.19,OK,
[17:21:29] : Cycle start ON
[17:21:30] : Cycle start OFF
[17:21:30] : 측정요구3 ON
[17:21:36] : 측정요구3 OFF
[17:21:37] : 측정요구4 ON
[17:21:44] : 측정요구4 OFF
[17:21:44] : 21,20181215-172144,AL18121450696,,OK,MAX,2,1,AUTO,0.00,7.00,0.11,OK,0.00,7.00,0.11,OK,
[17:22:23] : Cycle start ON
[17:22:23] : Cycle start OFF
[17:22:23] : REQUEST MEAS. ON
[17:22:30] : REQUEST MEAS. OFF
[17:22:30] : 측정요구 ON 2
[17:22:38] : 측정요구 2OFF
[17:22:38] : 21,20181215-172238,,,OK,MAX,1,2,AUTO,0.00,7.00,1.00,OK,0.00,7.00,0.74,OK,
[17:22:48] : Cycle start ON
[17:22:48] : Cycle start OFF
[17:22:48] : 측정요구3 ON
[17:22:55] : 측정요구3 OFF
[17:22:55] : 측정요구4 ON
[17:23:03] : 측정요구4 OFF
[17:23:03] : 21,20181215-172303,AL18121450856,,OK,MAX,2,1,AUTO,0.00,7.00,0.09,OK,0.00,7.00,0.12,OK,
[17:23:32] : Cycle start ON
[17:23:33] : Cycle start OFF
[17:23:33] : REQUEST MEAS. ON
[17:23:39] : REQUEST MEAS. OFF
[17:23:39] : 측정요구 ON 2
[17:23:47] : 측정요구 2OFF
[17:23:47] : 21,20181215-172348,,,OK,MAX,1,1,AUTO,0.00,7.00,0.21,OK,0.00,7.00,0.15,OK,
[17:23:57] : Cycle start ON
[17:23:58] : Cycle start OFF
[17:23:58] : 측정요구3 ON
[17:24:04] : 측정요구3 OFF
[17:24:04] : 측정요구4 ON
[17:24:11] : 측정요구4 OFF
[17:24:11] : 21,20181215-172412,AL18121450866,,OK,MAX,2,1,AUTO,0.00,7.00,0.16,OK,0.00,7.00,0.13,OK,
[17:24:27] : AUTO RUNNING OFF
[17:24:40] : MEAS ESC ON
[17:24:40] : MEAS ESC OFF
[17:24:40] : AUTO RUNNING ON
[17:25:14] : Cycle start ON
[17:25:15] : Cycle start OFF
[17:25:15] : REQUEST MEAS. ON
[17:25:21] : REQUEST MEAS. OFF
[17:25:21] : 측정요구 ON 2
[17:25:29] : 측정요구 2OFF
[17:25:29] : 21,20181215-172529,,,OK,MAX,1,1,AUTO,0.00,7.00,0.11,OK,0.00,7.00,0.11,OK,
[17:26:17] : Cycle start ON
[17:26:18] : Cycle start OFF
[17:26:18] : REQUEST MEAS. ON
[17:26:24] : REQUEST MEAS. OFF
[17:26:24] : 측정요구 ON 2
[17:26:32] : 측정요구 2OFF
[17:26:32] : 21,20181215-172633,,,OK,MAX,1,1,AUTO,0.00,7.00,0.10,OK,0.00,7.00,0.12,OK,
[17:27:13] : Cycle start ON
[17:27:13] : Cycle start OFF
[17:27:13] : REQUEST MEAS. ON
[17:27:20] : REQUEST MEAS. OFF
[17:27:20] : 측정요구 ON 2
[17:27:27] : 측정요구 2OFF
[17:27:27] : 21,20181215-172727,,,OK,MAX,1,2,AUTO,0.00,7.00,1.80,OK,0.00,7.00,1.19,OK,
[17:27:27] : Cycle start ON
[17:27:27] : Cycle start OFF
[17:27:27] : 측정요구3 ON
[17:27:35] : 측정요구3 OFF
[17:27:35] : 측정요구4 ON
[17:27:42] : 측정요구4 OFF
[17:27:42] : 21,20181215-172742,AL18121450946,,OK,MAX,2,1,AUTO,0.00,7.00,0.07,OK,0.00,7.00,0.10,OK,
[17:30:07] : AUTO RUNNING OFF
[17:30:09] : MEAS ESC ON
[17:47:48] : MEAS ESC OFF
[17:47:48] : AUTO RUNNING ON
[17:47:56] : AUTO RUNNING OFF
[17:50:15] : MEAS ESC ON
[17:50:17] : MEAS ESC OFF
[17:50:17] : AUTO RUNNING ON
[17:50:39] : AUTO RUNNING OFF
[17:50:41] : MEAS ESC ON
[17:50:41] : MEAS ESC OFF
[17:50:41] : AUTO RUNNING ON
[17:51:32] : AUTO RUNNING OFF
[17:51:45] : MEAS ESC ON
[17:52:42] : MEAS ESC OFF
[17:52:42] : AUTO RUNNING ON
[17:55:25] : AUTO RUNNING OFF
[18:07:09] : MEAS ESC ON
[18:07:09] : MEAS ESC OFF
[18:07:09] : AUTO RUNNING ON
[18:07:27] : Cycle start ON
[18:07:28] : Cycle start OFF
[18:07:28] : REQUEST MEAS. ON
[18:07:35] : REQUEST MEAS. OFF
[18:07:35] : 측정요구 ON 2
[18:07:42] : 측정요구 2OFF
[18:07:42] : 21,20181215-180742,,,OK,MAX,1,2,AUTO,0.00,7.00,1.51,OK,0.00,7.00,1.20,OK,
[18:07:42] : Cycle start ON
[18:07:43] : Cycle start OFF
[18:07:43] : 측정요구3 ON
[18:07:49] : 측정요구3 OFF
[18:07:49] : 측정요구4 ON
[18:07:57] : 측정요구4 OFF
[18:07:57] : 21,20181215-180757,AL18121450406,,OK,MAX,2,1,AUTO,0.00,7.00,0.08,OK,0.00,7.00,0.11,OK,
[18:08:04] : Cycle start ON
[18:08:05] : Cycle start OFF
[18:08:05] : REQUEST MEAS. ON
[18:08:11] : REQUEST MEAS. OFF
[18:08:11] : 측정요구 ON 2
[18:08:19] : 측정요구 2OFF
[18:08:19] : 21,20181215-180820,,,OK,MAX,1,1,AUTO,0.00,7.00,0.78,OK,0.00,7.00,0.49,OK,
[18:09:55] : Cycle start ON
[18:09:55] : Cycle start OFF
[18:09:55] : REQUEST MEAS. ON
[18:10:02] : REQUEST MEAS. OFF
[18:10:02] : 측정요구 ON 2
[18:10:09] : 측정요구 2OFF
[18:10:09] : 21,20181215-181010,,,OK,MAX,1,2,AUTO,0.00,7.00,1.38,OK,0.00,7.00,0.90,OK,
[18:11:00] : Cycle start ON
[18:11:01] : Cycle start OFF
[18:11:01] : REQUEST MEAS. ON
[18:11:07] : REQUEST MEAS. OFF
[18:11:07] : 측정요구 ON 2
[18:11:15] : 측정요구 2OFF
[18:11:15] : 21,20181215-181115,,,OK,MAX,1,1,AUTO,0.00,7.00,0.14,OK,0.00,7.00,0.20,OK,
[18:11:24] : AUTO RUNNING OFF
[18:11:25] : MEAS ESC ON
[18:11:26] : MEAS ESC OFF
[18:11:26] : AUTO RUNNING ON
[18:11:43] : Cycle start ON
[18:11:43] : Cycle start OFF
[18:11:43] : 측정요구3 ON
[18:11:50] : 측정요구3 OFF
[18:11:50] : 측정요구4 ON
[18:11:57] : 측정요구4 OFF
[18:11:57] : 21,20181215-181158,AL18121450916,,OK,MAX,2,2,AUTO,0.00,7.00,0.96,OK,0.00,7.00,0.71,OK,
[18:12:12] : Cycle start ON
[18:12:13] : Cycle start OFF
[18:12:13] : REQUEST MEAS. ON
[18:12:19] : REQUEST MEAS. OFF
[18:12:19] : 측정요구 ON 2
[18:12:27] : 측정요구 2OFF
[18:12:27] : 21,20181215-181227,,,OK,MAX,1,1,AUTO,0.00,7.00,0.35,OK,0.00,7.00,0.19,OK,
[18:13:20] : Cycle start ON
[18:13:21] : Cycle start OFF
[18:13:21] : REQUEST MEAS. ON
[18:13:27] : REQUEST MEAS. OFF
[18:13:27] : 측정요구 ON 2
[18:13:35] : 측정요구 2OFF
[18:13:35] : 21,20181215-181336,,,OK,MAX,1,1,AUTO,0.00,7.00,0.16,OK,0.00,7.00,0.12,OK,
[18:13:50] : Cycle start ON
[18:13:50] : Cycle start OFF
[18:13:50] : 측정요구3 ON
[18:13:57] : 측정요구3 OFF
[18:13:57] : 측정요구4 ON
[18:14:04] : 측정요구4 OFF
[18:14:04] : 21,20181215-181404,AL18121450416,,OK,MAX,2,2,AUTO,0.00,7.00,1.67,OK,0.00,7.00,1.18,OK,
[18:14:28] : Cycle start ON
[18:14:28] : Cycle start OFF
[18:14:28] : REQUEST MEAS. ON
[18:14:35] : REQUEST MEAS. OFF
[18:14:35] : 측정요구 ON 2
[18:14:43] : 측정요구 2OFF
[18:14:43] : 21,20181215-181443,AL18121450816,,OK,MAX,1,1,AUTO,0.00,7.00,0.13,OK,0.00,7.00,0.18,OK,
 
