[10:06:20] : MEAS ESC ON
[10:06:22] : MEAS ESC OFF
[10:06:22] : AUTO RUNNING ON
[10:06:53] : Cycle start ON
[10:06:53] : Cycle start OFF
[10:06:53] : REQUEST MEAS. ON
[10:06:59] : REQUEST MEAS. OFF
[10:06:59] : 측정요구 ON 2
[10:07:07] : 측정요구 2OFF
[10:07:07] : 21,20181218-100708,,CF 18100410393,OK,MAX,1,2,AUTO,0.00,7.00,2.13,OK,0.00,7.00,1.78,OK,
[10:07:59] : Cycle start ON
[10:07:59] : Cycle start OFF
[10:07:59] : REQUEST MEAS. ON
[10:08:06] : REQUEST MEAS. OFF
[10:08:06] : 측정요구 ON 2
[10:08:13] : 측정요구 2OFF
[10:08:13] : 21,20181218-100814,,CF 18100410393,OK,MAX,1,1,AUTO,0.00,7.00,0.78,OK,0.00,7.00,0.31,OK,
[10:08:25] : Cycle start ON
[10:08:26] : Cycle start OFF
[10:08:26] : 측정요구3 ON
[10:08:32] : 측정요구3 OFF
[10:08:32] : 측정요구4 ON
[10:08:40] : 측정요구4 OFF
[10:08:40] : 21,20181218-100840,AL18121450726,CF 18100410393,OK,MAX,2,2,AUTO,0.00,7.00,1.57,OK,0.00,7.00,1.09,OK,
[10:09:19] : AUTO RUNNING OFF
[10:09:49] : MEAS ESC ON
[10:09:50] : MEAS ESC OFF
[10:09:50] : AUTO RUNNING ON
[10:10:04] : Cycle start ON
[10:10:05] : Cycle start OFF
[10:10:05] : 측정요구3 ON
[10:10:11] : 측정요구3 OFF
[10:10:11] : 측정요구4 ON
[10:10:19] : 측정요구4 OFF
[10:10:19] : 21,20181218-101019,AL18121450726,CF 18100410393,OK,MAX,2,2,AUTO,0.00,7.00,1.10,OK,0.00,7.00,0.99,OK,
[10:10:26] : AUTO RUNNING OFF
[10:23:27] : Cycle start ON
[10:23:27] : Cycle start OFF
[10:23:27] : 측정요구3 ON
[10:23:34] : 측정요구3 OFF
[10:23:34] : 0
[10:23:34] : 측정요구4 ON
[10:23:42] : 측정요구4 OFF
[10:23:42] : 0
[10:32:11] : Cycle start ON
[10:32:11] : Cycle start OFF
[10:32:11] : 측정요구3 ON
[10:32:18] : 측정요구3 OFF
[10:32:18] : 0
[10:32:18] : 측정요구4 ON
[10:32:26] : 측정요구4 OFF
[10:32:26] : 0
[10:32:38] : MEAS ESC ON
[10:32:39] : MEAS ESC OFF
[10:32:39] : AUTO RUNNING ON
[10:39:59] : AUTO RUNNING OFF
[10:39:59] : MEAS ESC ON
[10:40:00] : MEAS ESC OFF
[10:40:00] : AUTO RUNNING ON
[10:40:55] : AUTO RUNNING OFF
[10:40:57] : MEAS ESC ON
[10:40:57] : MEAS ESC OFF
[10:40:57] : AUTO RUNNING ON
[10:41:07] : AUTO RUNNING OFF
[10:41:08] : MEAS ESC ON
[10:41:09] : MEAS ESC OFF
[10:41:11] : MEAS ESC ON
[10:41:11] : MEAS ESC OFF
[10:41:11] : AUTO RUNNING ON
[10:49:08] : AUTO RUNNING OFF
[10:49:47] : MEAS ESC ON
[10:49:48] : MEAS ESC OFF
[10:49:48] : AUTO RUNNING ON
[10:50:40] : Cycle start ON
[10:50:40] : Cycle start OFF
[10:50:40] : REQUEST MEAS. ON
[10:50:47] : REQUEST MEAS. OFF
[10:50:47] : 측정요구 ON 2
[10:50:55] : 측정요구 2OFF
[10:50:55] : 21,20181218-105055,,CF 18100410393,OK,MAX,1,2,AUTO,0.00,7.00,1.12,OK,0.00,7.00,0.98,OK,
[10:51:30] : Cycle start ON
[10:51:30] : Cycle start OFF
[10:51:30] : 측정요구3 ON
[10:51:37] : 측정요구3 OFF
[10:51:37] : 측정요구4 ON
[10:51:45] : 측정요구4 OFF
[10:51:45] : 21,20181218-105145,AL18121450536,CF 18100410393,OK,MAX,2,2,AUTO,0.00,7.00,1.18,OK,0.00,7.00,0.97,OK,
[10:52:40] : AUTO RUNNING OFF
[10:53:20] : MEAS ESC ON
[10:53:20] : MEAS ESC OFF
[10:53:20] : AUTO RUNNING ON
[10:53:49] : Cycle start ON
[10:53:49] : Cycle start OFF
[10:53:49] : 측정요구3 ON
[10:53:56] : 측정요구3 OFF
[10:53:56] : 측정요구4 ON
[10:54:04] : 측정요구4 OFF
[10:54:04] : 21,20181218-105404,AL18121450526,CF 18100410393,OK,MAX,2,2,AUTO,0.00,7.00,1.69,OK,0.00,7.00,1.38,OK,
[10:54:30] : AUTO RUNNING OFF
[10:54:56] : MEAS ESC ON
[10:54:57] : MEAS ESC OFF
[10:54:57] : AUTO RUNNING ON
[10:55:33] : Cycle start ON
[10:55:33] : Cycle start OFF
[10:55:33] : REQUEST MEAS. ON
[10:55:40] : REQUEST MEAS. OFF
[10:55:40] : 측정요구 ON 2
[10:55:48] : 측정요구 2OFF
[10:55:48] : 21,20181218-105548,,CF 18100410393,OK,MAX,1,2,AUTO,0.00,7.00,1.70,OK,0.00,7.00,1.41,OK,
[10:55:52] : Cycle start ON
[10:55:53] : Cycle start OFF
[10:55:53] : 측정요구3 ON
[10:55:59] : 측정요구3 OFF
[10:55:59] : 측정요구4 ON
[10:56:07] : 측정요구4 OFF
[10:56:07] : 21,20181218-105608,AL18121450486,CF 18100410393,OK,MAX,2,1,AUTO,0.00,7.00,0.78,OK,0.00,7.00,0.37,OK,
[10:56:24] : AUTO RUNNING OFF
[11:00:40] : Cycle start ON
[11:00:40] : Cycle start OFF
[11:00:40] : REQUEST MEAS. ON
[11:00:47] : REQUEST MEAS. OFF
[11:00:47] : 0
[11:00:47] : 측정요구 ON 2
[11:00:54] : 측정요구 2OFF
[11:00:54] : 0
[11:01:21] : Cycle start ON
[11:01:22] : Cycle start OFF
[11:01:22] : REQUEST MEAS. ON
[11:01:28] : REQUEST MEAS. OFF
[11:01:28] : 0
[11:01:28] : 측정요구 ON 2
[11:01:36] : 측정요구 2OFF
[11:01:36] : 0
[11:02:01] : Cycle start ON
[11:02:01] : Cycle start OFF
[11:02:01] : REQUEST MEAS. ON
[11:02:08] : REQUEST MEAS. OFF
[11:02:08] : 0
[11:02:08] : 측정요구 ON 2
[11:02:15] : 측정요구 2OFF
[11:02:15] : 0
[11:05:29] : Cycle start ON
[11:05:29] : Cycle start OFF
[11:05:29] : REQUEST MEAS. ON
[11:05:36] : REQUEST MEAS. OFF
[11:05:36] : 0
[11:05:36] : 측정요구 ON 2
[11:05:43] : 측정요구 2OFF
[11:05:43] : 0
[11:06:56] : Cycle start ON
[11:06:56] : Cycle start OFF
[11:06:56] : REQUEST MEAS. ON
[11:07:03] : REQUEST MEAS. OFF
[11:07:03] : 0
[11:07:03] : 측정요구 ON 2
[11:07:10] : 측정요구 2OFF
[11:07:10] : 0
[11:08:13] : Cycle start ON
[11:08:13] : Cycle start OFF
[11:08:13] : REQUEST MEAS. ON
[11:08:20] : REQUEST MEAS. OFF
[11:08:20] : 0
[11:08:20] : 측정요구 ON 2
[11:08:27] : 측정요구 2OFF
[11:08:27] : 0
[11:17:19] : Cycle start ON
[11:17:20] : Cycle start OFF
[11:17:20] : REQUEST MEAS. ON
[11:17:26] : REQUEST MEAS. OFF
[11:17:27] : 0
[11:17:27] : 측정요구 ON 2
[11:17:34] : 측정요구 2OFF
[11:17:34] : 0
[11:18:35] : Cycle start ON
[11:18:35] : Cycle start OFF
[11:18:35] : REQUEST MEAS. ON
[11:18:42] : REQUEST MEAS. OFF
[11:18:42] : 0
[11:18:42] : 측정요구 ON 2
[11:18:49] : 측정요구 2OFF
[11:18:49] : 0
[11:19:10] : Cycle start ON
[11:19:10] : Cycle start OFF
[11:19:10] : REQUEST MEAS. ON
[11:19:17] : REQUEST MEAS. OFF
[11:19:17] : 0
[11:19:17] : 측정요구 ON 2
[11:19:24] : 측정요구 2OFF
[11:19:24] : 0
[11:19:54] : Cycle start ON
[11:19:55] : Cycle start OFF
[11:19:55] : REQUEST MEAS. ON
[11:20:01] : REQUEST MEAS. OFF
[11:20:01] : 0
[11:20:01] : 측정요구 ON 2
[11:20:09] : 측정요구 2OFF
[11:20:09] : 0
[11:21:51] : Cycle start ON
[11:21:51] : Cycle start OFF
[11:21:51] : REQUEST MEAS. ON
[11:21:58] : REQUEST MEAS. OFF
[11:21:58] : 0
[11:21:58] : 측정요구 ON 2
[11:22:05] : 측정요구 2OFF
[11:22:05] : 0
[11:22:53] : Cycle start ON
[11:22:54] : Cycle start OFF
[11:22:54] : REQUEST MEAS. ON
[11:23:00] : REQUEST MEAS. OFF
[11:23:00] : 0
[11:23:00] : 측정요구 ON 2
[11:23:08] : 측정요구 2OFF
[11:23:08] : 0
[11:23:53] : Cycle start ON
[11:23:53] : Cycle start OFF
[11:23:53] : REQUEST MEAS. ON
[11:24:00] : REQUEST MEAS. OFF
[11:24:00] : 0
[11:24:00] : 측정요구 ON 2
[11:24:08] : 측정요구 2OFF
[11:24:08] : 0
[11:25:37] : Cycle start ON
[11:25:38] : Cycle start OFF
[11:25:38] : REQUEST MEAS. ON
[11:25:44] : REQUEST MEAS. OFF
[11:25:44] : 0
[11:25:44] : 측정요구 ON 2
[11:25:52] : 측정요구 2OFF
[11:25:52] : 0
[11:27:28] : MEAS ESC ON
[11:27:28] : MEAS ESC OFF
[11:27:28] : AUTO RUNNING ON
[11:27:59] : Cycle start ON
[11:27:59] : Cycle start OFF
[11:27:59] : REQUEST MEAS. ON
[11:28:06] : REQUEST MEAS. OFF
[11:28:06] : 측정요구 ON 2
[11:28:14] : 측정요구 2OFF
[11:28:14] : 21,20181218-112814,,CF 18100410393,OK,MAX,1,2,AUTO,0.00,7.00,1.60,OK,0.00,7.00,1.40,OK,
[11:29:02] : Cycle start ON
[11:29:02] : Cycle start OFF
[11:29:02] : REQUEST MEAS. ON
[11:29:09] : REQUEST MEAS. OFF
[11:29:09] : 측정요구 ON 2
[11:29:16] : 측정요구 2OFF
[11:29:16] : 21,20181218-112917,,CF 18100410393,OK,MAX,1,2,AUTO,0.00,7.00,1.95,OK,0.00,7.00,1.08,OK,
[11:29:30] : Cycle start ON
[11:29:31] : Cycle start OFF
[11:29:31] : 측정요구3 ON
[11:29:37] : 측정요구3 OFF
[11:29:37] : 측정요구4 ON
[11:29:45] : 측정요구4 OFF
[11:29:45] : 21,20181218-112945,AL18121450706,CF 18100410393,OK,MAX,2,1,AUTO,0.00,7.00,0.88,OK,0.00,7.00,0.67,OK,
[11:30:14] : Cycle start ON
[11:30:14] : Cycle start OFF
[11:30:14] : REQUEST MEAS. ON
[11:30:21] : REQUEST MEAS. OFF
[11:30:21] : 측정요구 ON 2
[11:30:28] : 측정요구 2OFF
[11:30:28] : 21,20181218-113028,,CF 18100410393,OK,MAX,1,1,AUTO,0.00,7.00,0.14,OK,0.00,7.00,0.15,OK,
[11:30:36] : Cycle start ON
[11:30:37] : Cycle start OFF
[11:30:37] : 측정요구3 ON
[11:30:43] : 측정요구3 OFF
[11:30:43] : 측정요구4 ON
[11:30:51] : 측정요구4 OFF
[11:30:51] : 21,20181218-113051,AL18121450626,CF 18100410393,OK,MAX,2,2,AUTO,0.00,7.00,1.38,OK,0.00,7.00,0.98,OK,
[11:31:23] : Cycle start ON
[11:31:23] : Cycle start OFF
[11:31:23] : REQUEST MEAS. ON
[11:31:30] : REQUEST MEAS. OFF
[11:31:30] : 측정요구 ON 2
[11:31:37] : 측정요구 2OFF
[11:31:37] : 21,20181218-113137,,CF 18100410393,OK,MAX,1,2,AUTO,0.00,7.00,0.91,OK,0.00,7.00,0.44,OK,
[11:32:27] : Cycle start ON
[11:32:27] : Cycle start OFF
[11:32:27] : REQUEST MEAS. ON
[11:32:34] : REQUEST MEAS. OFF
[11:32:34] : 측정요구 ON 2
[11:32:42] : 측정요구 2OFF
[11:32:42] : 21,20181218-113242,,CF 18100410393,OK,MAX,1,2,AUTO,0.00,7.00,1.38,OK,0.00,7.00,0.90,OK,
[11:33:05] : Cycle start ON
[11:33:05] : Cycle start OFF
[11:33:05] : REQUEST MEAS. ON
[11:33:12] : REQUEST MEAS. OFF
[11:33:12] : 측정요구 ON 2
[11:33:20] : 측정요구 2OFF
[11:33:20] : 21,20181218-113320,,CF 18100410393,OK,MAX,1,2,AUTO,0.00,7.00,1.23,OK,0.00,7.00,1.08,OK,
[11:33:20] : AUTO RUNNING OFF
[11:33:41] : MEAS ESC ON
[11:33:41] : MEAS ESC OFF
[11:33:41] : AUTO RUNNING ON
[11:33:52] : AUTO RUNNING OFF
[11:34:14] : MEAS ESC ON
[11:34:15] : MEAS ESC OFF
[11:34:15] : AUTO RUNNING ON
[11:34:39] : AUTO RUNNING OFF
[11:36:41] : MEAS ESC ON
[11:36:42] : MEAS ESC OFF
[11:36:42] : AUTO RUNNING ON
[11:36:57] : Cycle start ON
[11:36:57] : Cycle start OFF
[11:36:57] : REQUEST MEAS. ON
[11:37:04] : REQUEST MEAS. OFF
[11:37:04] : 측정요구 ON 2
[11:37:12] : 측정요구 2OFF
[11:37:12] : 21,20181218-113712,,CF 18100410393,OK,MAX,1,2,AUTO,0.00,7.00,1.31,OK,0.00,7.00,0.79,OK,
[11:42:39] : AUTO RUNNING OFF
[11:47:36] : Cycle start ON
[11:47:36] : Cycle start OFF
[11:47:36] : 측정요구3 ON
[11:47:43] : 측정요구3 OFF
[11:47:43] : 0
[11:47:43] : 측정요구4 ON
[11:47:51] : 측정요구4 OFF
[11:47:51] : 0
 
[13:16:42] : Cycle start ON
[13:16:43] : Cycle start OFF
[13:16:43] : REQUEST MEAS. ON
[13:16:49] : REQUEST MEAS. OFF
[13:16:49] : 0
[13:16:49] : 측정요구 ON 2
[13:16:57] : 측정요구 2OFF
[13:16:57] : 0
 
