[11:40:23] : PROGRAM START
[11:43:40] : TCP FAIL 1
[11:43:45] : TCP FAIL 1
[11:43:52] : Plc Error Timer
[11:43:59] : TCP FAIL 1
[11:44:03] : TCP FAIL 1
[11:44:11] : Plc Error Timer
[11:44:34] : TCP FAIL 1
[11:44:38] : TCP FAIL 1
[11:44:46] : Plc Error Timer
[11:45:40] : PROGRAM END
 
[11:50:40] : PROGRAM START
 
[11:51:00] : TCP FAIL 1
[11:51:03] : TCP FAIL 1
[11:51:11] : Plc Error Timer
[11:51:20] : PROGRAM END
 
[11:58:11] : PROGRAM START
 
[11:58:29] : PROGRAM END
 
[12:00:55] : PROGRAM START
[12:01:03] : PROGRAM END
 
[12:01:28] : PROGRAM START
[12:01:36] : PROGRAM END
 
[12:04:19] : PROGRAM START
[12:04:38] : PROGRAM END
 
[12:05:50] : PROGRAM START
[12:06:11] : Plc Error Timer
[12:06:23] : Plc Error Timer
[12:06:29] : PROGRAM END
 
[13:26:40] : PROGRAM START
[13:26:46] : PROGRAM END
 
[13:43:59] : PROGRAM START
[13:44:09] : PROGRAM END
 
[14:20:40] : PROGRAM START
[14:20:42] : AUTO RUNNING OFF
[14:20:42] : REQUEST MEAS. OFF
[14:20:42] : REQUEST ZEROSET OFF
[14:20:42] : REQUEST ZEROSET OFF
[14:21:03] : PROGRAM END
 
[14:21:54] : PROGRAM START
[14:21:57] : AUTO RUNNING OFF
[14:21:57] : REQUEST MEAS. OFF
[14:21:57] : REQUEST ZEROSET OFF
[14:21:57] : REQUEST ZEROSET OFF
[14:22:23] : PROGRAM END
 
[14:22:52] : PROGRAM START
[14:22:54] : AUTO RUNNING OFF
[14:22:54] : REQUEST MEAS. OFF
[14:22:54] : REQUEST ZEROSET OFF
[14:22:54] : REQUEST ZEROSET OFF
[14:25:09] : PROGRAM END
 
[14:25:29] : PROGRAM START
[14:25:32] : AUTO RUNNING OFF
[14:25:32] : REQUEST MEAS. OFF
[14:25:32] : REQUEST ZEROSET OFF
[14:25:32] : REQUEST ZEROSET OFF
[14:25:36] : PROGRAM END
 
[14:26:03] : PROGRAM START
[14:26:06] : AUTO RUNNING OFF
[14:26:06] : REQUEST MEAS. OFF
[14:26:06] : REQUEST ZEROSET OFF
[14:26:06] : REQUEST ZEROSET OFF
[14:26:17] : PROGRAM END
 
[14:26:20] : PROGRAM START
[14:26:22] : AUTO RUNNING OFF
[14:26:22] : REQUEST MEAS. OFF
[14:26:22] : REQUEST ZEROSET OFF
[14:26:22] : REQUEST ZEROSET OFF
[14:40:58] : PROGRAM END
 
[14:41:42] : PROGRAM START
[14:41:45] : AUTO RUNNING OFF
[14:41:45] : REQUEST MEAS. OFF
[14:41:45] : REQUEST ZEROSET OFF
[14:41:45] : REQUEST ZEROSET OFF
[14:41:50] : PROGRAM END
 
[14:42:01] : PROGRAM START
[14:42:03] : AUTO RUNNING OFF
[14:42:03] : REQUEST MEAS. OFF
[14:42:03] : REQUEST ZEROSET OFF
[14:42:03] : REQUEST ZEROSET OFF
[15:55:22] : MEAS ESC ON
[15:55:23] : MEAS ESC OFF
[16:25:43] : Cycle start ON
[16:25:43] : Cycle start OFF
[16:25:43] : 측정요구3 ON
[16:25:50] : 측정요구3 OFF
[16:25:50] : 0
[16:25:50] : 측정요구4 ON
[16:25:58] : 측정요구4 OFF
[16:25:58] : 0
[16:29:20] : Cycle start ON
[16:29:21] : Cycle start OFF
[16:29:21] : 측정요구3 ON
[16:29:27] : 측정요구3 OFF
[16:29:27] : 0
[16:29:27] : 측정요구4 ON
[16:29:35] : 측정요구4 OFF
[16:29:35] : 0
[16:30:27] : Cycle start ON
[16:30:27] : Cycle start OFF
[16:30:27] : 측정요구3 ON
[16:30:34] : 측정요구3 OFF
[16:30:34] : 0
[16:30:34] : 측정요구4 ON
[16:30:41] : 측정요구4 OFF
[16:30:41] : 0
[17:49:14] : Cycle start ON
[17:49:15] : Cycle start OFF
[17:49:15] : REQUEST MEAS. ON
[17:49:21] : REQUEST MEAS. OFF
[17:49:21] : 0
[17:49:21] : 측정요구 ON 2
[17:49:29] : 측정요구 2OFF
[17:49:29] : 0
[18:29:09] : MEAS ESC ON
[18:29:13] : MEAS ESC OFF
[19:39:23] : MEAS ESC ON
[19:40:14] : MEAS ESC OFF
[19:42:17] : Cycle start ON
[19:42:17] : Cycle start OFF
[19:42:17] : REQUEST MEAS. ON
[19:42:22] : REQUEST MEAS. OFF
[19:42:23] : 0
[19:42:23] : 측정요구 ON 2
[19:42:29] : 측정요구 2OFF
[19:42:29] : 0
[19:42:49] : Cycle start ON
[19:42:50] : Cycle start OFF
[19:42:50] : REQUEST MEAS. ON
[19:42:55] : REQUEST MEAS. OFF
[19:42:55] : 0
[19:42:55] : 측정요구 ON 2
[19:43:02] : 측정요구 2OFF
[19:43:02] : 0
[19:44:01] : Cycle start ON
[19:44:01] : Cycle start OFF
[19:44:01] : REQUEST MEAS. ON
[19:44:08] : REQUEST MEAS. OFF
[19:44:08] : 0
[19:44:08] : 측정요구 ON 2
[19:44:16] : 측정요구 2OFF
[19:44:16] : 0
[19:45:02] : Cycle start ON
[19:45:02] : Cycle start OFF
[19:45:02] : 측정요구3 ON
[19:45:09] : 측정요구3 OFF
[19:45:09] : 0
[19:45:09] : 측정요구4 ON
[19:45:17] : 측정요구4 OFF
[19:45:17] : 0
[19:45:54] : Cycle start ON
[19:45:55] : Cycle start OFF
[19:45:55] : 측정요구3 ON
[19:46:01] : 측정요구3 OFF
[19:46:01] : 0
[19:46:01] : 측정요구4 ON
[19:46:09] : 측정요구4 OFF
[19:46:09] : 0
[19:46:55] : Cycle start ON
[19:46:55] : Cycle start OFF
[19:46:55] : REQUEST MEAS. ON
[19:47:02] : REQUEST MEAS. OFF
[19:47:02] : 0
[19:47:02] : 측정요구 ON 2
[19:47:10] : 측정요구 2OFF
[19:47:10] : 0
 
