[10:50:32] : M3403 :	셔틀 유닛 전후 알람 ON
[10:50:45] : M3404 :	셔틀 리프트 하상 알람 ON
[10:52:12] : M3405 :	데이텀 유닛 전후 알람 ON
[11:03:27] : MEAS ESC OFF
[11:03:27] : RESET ON
[11:03:27] : M3403 :	셔틀 유닛 전후 알람 OFF
[11:03:27] : M3404 :	셔틀 리프트 하상 알람 OFF
[11:03:27] : M3405 :	데이텀 유닛 전후 알람 OFF
[11:03:27] : m3406 : 센터푸셔 유닛 전후 알람 OFF
[11:03:28] : RESET ON
[11:03:29] : RESET ON
[11:03:29] : RESET ON
[11:03:29] : RESET ON
[11:03:30] : RESET ON
[11:03:40] : MEAS ESC ON
[11:03:40] : M3405 :	데이텀 유닛 전후 알람 ON
[11:03:46] : MEAS ESC OFF
[11:03:46] : RESET ON
[11:03:46] : M3405 :	데이텀 유닛 전후 알람 OFF
[11:03:46] : RESET ON
[11:03:57] : MEAS ESC ON
[11:03:57] : M3405 :	데이텀 유닛 전후 알람 ON
 
[19:28:06] : MEAS ESC OFF
[19:28:06] : RESET ON
[19:28:06] : M3405 :	데이텀 유닛 전후 알람 OFF
[19:28:14] : RESET ON
[19:28:25] : MEAS ESC ON
[19:28:25] : M3405 :	데이텀 유닛 전후 알람 ON
 
