[11:11:21] : PROGRAM END
 
[15:05:43] : PROGRAM START
[15:06:02] : PROGRAM END
 
[15:09:12] : PROGRAM START
[15:09:25] : TCP FAIL 1
[15:09:30] : TCP FAIL 1
[15:09:32] : TCP FAIL 1
[15:09:41] : Plc Error Timer
[15:13:24] : PROGRAM END
 
[15:13:42] : PROGRAM START
[15:14:01] : Plc Error Timer
[15:14:04] : PROGRAM END
 
[15:14:13] : PROGRAM START
[15:14:22] : PROGRAM END
 
[15:41:35] : PROGRAM START
[15:41:39] : AUTO RUNNING OFF
[15:41:39] : REQUEST MEAS. OFF
[15:41:39] : REQUEST ZEROSET OFF
[15:41:39] : REQUEST ZEROSET OFF
[15:41:45] : PROGRAM END
 
[15:42:23] : PROGRAM START
[15:42:27] : AUTO RUNNING OFF
[15:42:27] : REQUEST MEAS. OFF
[15:42:27] : REQUEST ZEROSET OFF
[15:42:27] : REQUEST ZEROSET OFF
[15:43:04] : TCP FAIL 1
[15:52:11] : Cycle start ON
[15:52:11] : 측정요구3 ON
[15:52:16] : Cycle start OFF
[15:52:16] : 측정요구3 OFF
[15:52:16] : 0
[15:52:16] : 측정요구4 ON
[15:52:22] : 측정요구4 OFF
[15:52:22] : 0
[15:52:58] : Cycle start ON
[15:52:58] : 측정요구3 ON
[15:53:03] : Cycle start OFF
[15:53:03] : 측정요구3 OFF
[15:53:03] : 0
[15:53:03] : 측정요구4 ON
[15:53:09] : 측정요구4 OFF
[15:53:09] : 0
[16:01:06] : Cycle start ON
[16:01:06] : 측정요구3 ON
[16:01:11] : Cycle start OFF
[16:01:11] : 측정요구3 OFF
[16:01:11] : 0
[16:01:11] : 측정요구4 ON
[16:01:16] : 측정요구4 OFF
[16:01:16] : 0
[16:01:45] : Cycle start ON
[16:01:45] : 측정요구3 ON
[16:01:50] : Cycle start OFF
[16:01:50] : 측정요구3 OFF
[16:01:50] : 0
[16:01:50] : 측정요구4 ON
[16:01:55] : 측정요구4 OFF
[16:01:55] : 0
[16:02:07] : PROGRAM END
 
[16:03:56] : PROGRAM START
[16:04:01] : AUTO RUNNING OFF
[16:04:01] : REQUEST MEAS. OFF
[16:04:01] : REQUEST ZEROSET OFF
[16:04:01] : REQUEST ZEROSET OFF
[16:04:21] : Cycle start ON
[16:04:21] : 측정요구3 ON
[16:04:26] : Cycle start OFF
[16:04:26] : 측정요구3 OFF
[16:04:26] : 0
[16:04:26] : 측정요구4 ON
[16:04:31] : 측정요구4 OFF
[16:04:31] : 0
[16:05:19] : Cycle start ON
[16:05:19] : 측정요구3 ON
[16:05:24] : Cycle start OFF
[16:05:24] : 측정요구3 OFF
[16:05:24] : 0
[16:05:24] : 측정요구4 ON
[16:05:30] : 측정요구4 OFF
[16:05:30] : 0
[16:05:59] : Cycle start ON
[16:05:59] : 측정요구3 ON
[16:06:04] : Cycle start OFF
[16:06:04] : 측정요구3 OFF
[16:06:04] : 0
[16:06:04] : 측정요구4 ON
[16:06:09] : 측정요구4 OFF
[16:06:09] : 0
[16:06:31] : Cycle start ON
[16:06:31] : 측정요구3 ON
[16:06:36] : Cycle start OFF
[16:06:36] : 측정요구3 OFF
[16:06:36] : 0
[16:06:36] : 측정요구4 ON
[16:06:42] : 측정요구4 OFF
[16:06:42] : 0
[16:09:00] : Cycle start ON
[16:09:00] : REQUEST MEAS. ON
[16:09:01] : Cycle start OFF
[16:09:05] : REQUEST MEAS. OFF
[16:09:05] : 0
[16:09:05] : 측정요구 ON 2
[16:09:10] : 측정요구 2OFF
[16:09:10] : 0
[16:09:34] : Cycle start ON
[16:09:34] : REQUEST MEAS. ON
[16:09:35] : Cycle start OFF
[16:09:39] : REQUEST MEAS. OFF
[16:09:39] : 0
[16:09:39] : 측정요구 ON 2
[16:09:45] : 측정요구 2OFF
[16:09:45] : 0
[16:10:13] : PROGRAM END
 
[16:10:52] : PROGRAM START
[16:10:57] : AUTO RUNNING OFF
[16:10:57] : REQUEST MEAS. OFF
[16:10:57] : REQUEST ZEROSET OFF
[16:10:57] : REQUEST ZEROSET OFF
[16:11:12] : Cycle start ON
[16:11:12] : REQUEST MEAS. ON
[16:11:13] : Cycle start OFF
[16:11:17] : REQUEST MEAS. OFF
[16:11:17] : 0
[16:11:17] : 측정요구 ON 2
[16:11:22] : 측정요구 2OFF
[16:11:22] : 0
[16:11:50] : Cycle start ON
[16:11:50] : REQUEST MEAS. ON
[16:11:51] : Cycle start OFF
[16:11:55] : REQUEST MEAS. OFF
[16:11:55] : 0
[16:11:55] : 측정요구 ON 2
[16:12:00] : 측정요구 2OFF
[16:12:00] : 0
[16:12:16] : Cycle start ON
[16:12:16] : REQUEST MEAS. ON
[16:12:17] : Cycle start OFF
[16:12:21] : Cycle start ON
[16:12:21] : Cycle start OFF
[16:12:21] : REQUEST MEAS. OFF
[16:12:21] : 0
[16:12:21] : 측정요구 ON 2
[16:12:27] : 측정요구 2OFF
[16:12:27] : 0
[16:12:42] : Cycle start ON
[16:12:42] : REQUEST MEAS. ON
[16:12:43] : Cycle start OFF
[16:12:47] : REQUEST MEAS. OFF
[16:12:47] : 0
[16:12:47] : 측정요구 ON 2
[16:12:53] : 측정요구 2OFF
[16:12:53] : 0
[16:13:09] : Cycle start ON
[16:13:09] : REQUEST MEAS. ON
[16:13:10] : Cycle start OFF
[16:13:14] : Cycle start ON
[16:13:14] : Cycle start OFF
[16:13:14] : REQUEST MEAS. OFF
[16:13:14] : 0
[16:13:14] : 측정요구 ON 2
[16:13:19] : 측정요구 2OFF
[16:13:19] : 0
[16:13:35] : Cycle start ON
[16:13:35] : REQUEST MEAS. ON
[16:13:36] : Cycle start OFF
[16:13:40] : Cycle start ON
[16:13:40] : Cycle start OFF
[16:13:40] : REQUEST MEAS. OFF
[16:13:40] : 0
[16:13:40] : 측정요구 ON 2
[16:13:45] : 측정요구 2OFF
[16:13:45] : 0
[16:14:01] : Cycle start ON
[16:14:01] : REQUEST MEAS. ON
[16:14:02] : Cycle start OFF
[16:14:06] : Cycle start ON
[16:14:06] : Cycle start OFF
[16:14:06] : REQUEST MEAS. OFF
[16:14:06] : 0
[16:14:06] : 측정요구 ON 2
[16:14:11] : 측정요구 2OFF
[16:14:11] : 0
[16:14:27] : Cycle start ON
[16:14:27] : REQUEST MEAS. ON
[16:14:28] : Cycle start OFF
[16:14:32] : REQUEST MEAS. OFF
[16:14:32] : 0
[16:14:32] : 측정요구 ON 2
[16:14:38] : 측정요구 2OFF
[16:14:38] : 0
[16:14:53] : Cycle start ON
[16:14:53] : REQUEST MEAS. ON
[16:14:54] : Cycle start OFF
[16:14:58] : Cycle start ON
[16:14:58] : Cycle start OFF
[16:14:58] : REQUEST MEAS. OFF
[16:14:58] : 0
[16:14:58] : 측정요구 ON 2
[16:15:04] : 측정요구 2OFF
[16:15:04] : 0
[16:15:20] : Cycle start ON
[16:15:20] : REQUEST MEAS. ON
[16:15:21] : Cycle start OFF
[16:15:25] : REQUEST MEAS. OFF
[16:15:25] : 0
[16:15:25] : 측정요구 ON 2
[16:15:30] : 측정요구 2OFF
[16:15:30] : 0
[16:15:46] : Cycle start ON
[16:15:46] : REQUEST MEAS. ON
[16:15:47] : Cycle start OFF
[16:15:51] : REQUEST MEAS. OFF
[16:15:51] : 0
[16:15:51] : 측정요구 ON 2
[16:15:56] : 측정요구 2OFF
[16:15:56] : 0
[16:22:53] : Cycle start ON
[16:22:55] : Cycle start OFF
[16:22:55] : REQUEST MEAS. ON
[16:23:00] : REQUEST MEAS. OFF
[16:23:00] : 0
[16:23:00] : 측정요구 ON 2
[16:23:06] : 측정요구 2OFF
[16:23:06] : 0
[16:23:19] : Cycle start ON
[16:23:21] : Cycle start OFF
[16:23:21] : REQUEST MEAS. ON
[16:23:26] : REQUEST MEAS. OFF
[16:23:26] : 0
[16:23:26] : 측정요구 ON 2
[16:23:32] : 측정요구 2OFF
[16:23:32] : 0
[16:23:46] : Cycle start ON
[16:23:47] : Cycle start OFF
[16:23:47] : REQUEST MEAS. ON
[16:23:52] : REQUEST MEAS. OFF
[16:23:52] : 0
[16:23:52] : 측정요구 ON 2
[16:23:58] : 측정요구 2OFF
[16:23:58] : 0
[16:24:13] : Cycle start ON
[16:24:14] : Cycle start OFF
[16:24:14] : REQUEST MEAS. ON
[16:24:19] : REQUEST MEAS. OFF
[16:24:19] : 0
[16:24:19] : 측정요구 ON 2
[16:24:25] : 측정요구 2OFF
[16:24:25] : 0
[16:24:39] : Cycle start ON
[16:24:40] : Cycle start OFF
[16:24:40] : REQUEST MEAS. ON
[16:24:45] : REQUEST MEAS. OFF
[16:24:45] : 0
[16:24:45] : 측정요구 ON 2
[16:24:51] : 측정요구 2OFF
[16:24:51] : 0
[16:25:05] : Cycle start ON
[16:25:06] : Cycle start OFF
[16:25:06] : REQUEST MEAS. ON
[16:25:11] : REQUEST MEAS. OFF
[16:25:11] : 0
[16:25:11] : 측정요구 ON 2
[16:25:17] : 측정요구 2OFF
[16:25:17] : 0
[16:25:31] : Cycle start ON
[16:25:33] : Cycle start OFF
[16:25:33] : REQUEST MEAS. ON
[16:25:38] : REQUEST MEAS. OFF
[16:25:38] : 0
[16:25:38] : 측정요구 ON 2
[16:25:44] : 측정요구 2OFF
[16:25:44] : 0
[16:25:58] : Cycle start ON
[16:25:59] : Cycle start OFF
[16:25:59] : REQUEST MEAS. ON
[16:26:04] : REQUEST MEAS. OFF
[16:26:04] : 0
[16:26:04] : 측정요구 ON 2
[16:26:10] : 측정요구 2OFF
[16:26:10] : 0
[16:26:24] : Cycle start ON
[16:26:26] : Cycle start OFF
[16:26:26] : REQUEST MEAS. ON
[16:26:31] : REQUEST MEAS. OFF
[16:26:31] : 0
[16:26:31] : 측정요구 ON 2
[16:26:36] : 측정요구 2OFF
[16:26:36] : 0
[16:26:51] : Cycle start ON
[16:26:52] : Cycle start OFF
[16:26:52] : REQUEST MEAS. ON
[16:26:57] : REQUEST MEAS. OFF
[16:26:57] : 0
[16:26:57] : 측정요구 ON 2
[16:27:03] : 측정요구 2OFF
[16:27:03] : 0
[16:44:24] : Cycle start ON
[16:44:26] : Cycle start OFF
[16:44:26] : REQUEST MEAS. ON
[16:44:31] : REQUEST MEAS. OFF
[16:44:31] : 0
[16:44:31] : 측정요구 ON 2
[16:44:37] : 측정요구 2OFF
[16:44:37] : 0
[16:44:51] : Cycle start ON
[16:44:52] : Cycle start OFF
[16:44:52] : REQUEST MEAS. ON
[16:44:57] : REQUEST MEAS. OFF
[16:44:57] : 0
[16:44:57] : 측정요구 ON 2
[16:45:03] : 측정요구 2OFF
[16:45:03] : 0
[16:45:17] : Cycle start ON
[16:45:19] : Cycle start OFF
[16:45:19] : REQUEST MEAS. ON
[16:45:24] : REQUEST MEAS. OFF
[16:45:24] : 0
[16:45:24] : 측정요구 ON 2
[16:45:29] : 측정요구 2OFF
[16:45:29] : 0
[16:45:43] : Cycle start ON
[16:45:45] : Cycle start OFF
[16:45:45] : REQUEST MEAS. ON
[16:45:50] : REQUEST MEAS. OFF
[16:45:50] : 0
[16:45:50] : 측정요구 ON 2
[16:45:56] : 측정요구 2OFF
[16:45:56] : 0
[16:46:10] : Cycle start ON
[16:46:11] : Cycle start OFF
[16:46:11] : REQUEST MEAS. ON
[16:46:16] : REQUEST MEAS. OFF
[16:46:16] : 0
[16:46:16] : 측정요구 ON 2
[16:46:22] : 측정요구 2OFF
[16:46:22] : 0
[17:22:57] : Cycle start ON
[17:22:58] : Cycle start OFF
[17:22:58] : REQUEST MEAS. ON
[17:23:03] : REQUEST MEAS. OFF
[17:23:03] : 0
[17:23:05] : 측정요구 ON 2
[17:23:10] : 측정요구 2OFF
[17:23:10] : 0
[17:23:24] : Cycle start ON
[17:23:24] : Cycle start OFF
[17:23:24] : REQUEST MEAS. ON
[17:23:29] : REQUEST MEAS. OFF
[17:23:29] : 0
[17:23:31] : 측정요구 ON 2
[17:23:36] : 측정요구 2OFF
[17:23:36] : 0
[17:23:50] : Cycle start ON
[17:23:51] : Cycle start OFF
[17:23:51] : REQUEST MEAS. ON
[17:23:56] : REQUEST MEAS. OFF
[17:23:56] : 0
[17:23:57] : 측정요구 ON 2
[17:24:02] : 측정요구 2OFF
[17:24:02] : 0
[17:24:16] : Cycle start ON
[17:24:17] : Cycle start OFF
[17:24:17] : REQUEST MEAS. ON
[17:24:22] : REQUEST MEAS. OFF
[17:24:22] : 0
[17:24:23] : 측정요구 ON 2
[17:24:28] : 측정요구 2OFF
[17:24:28] : 0
[17:24:42] : Cycle start ON
[17:24:43] : Cycle start OFF
[17:24:43] : REQUEST MEAS. ON
[17:24:48] : REQUEST MEAS. OFF
[17:24:48] : 0
[17:24:50] : 측정요구 ON 2
[17:24:55] : 측정요구 2OFF
[17:24:55] : 0
[17:43:24] : MEAS ESC ON
[17:43:24] : AUTO RUNNING ON
[17:44:22] : MEAS ESC OFF
[17:44:22] : AUTO RUNNING OFF
[17:44:27] : PROGRAM END
 
[17:44:55] : PROGRAM START
[17:44:59] : AUTO RUNNING OFF
[17:44:59] : REQUEST MEAS. OFF
[17:44:59] : REQUEST ZEROSET OFF
[17:44:59] : REQUEST ZEROSET OFF
[17:45:01] : MEAS ESC ON
[17:45:01] : AUTO RUNNING ON
[17:59:16] : Cycle start ON
[17:59:17] : Cycle start OFF
[17:59:17] : REQUEST MEAS. ON
[17:59:22] : REQUEST MEAS. OFF
[17:59:24] : 측정요구 ON 2
[17:59:29] : 측정요구 2OFF
[17:59:32] : TCP FAIL 1
[17:59:33] : Cycle start ON
[17:59:35] : Cycle start OFF
[17:59:35] : 측정요구3 ON
[17:59:40] : 측정요구3 OFF
[17:59:41] : 측정요구4 ON
[17:59:46] : 측정요구4 OFF
[17:59:49] : TCP FAIL 1
[18:02:33] : Cycle start ON
[18:02:34] : Cycle start OFF
[18:02:34] : REQUEST MEAS. ON
[18:02:39] : REQUEST MEAS. OFF
[18:02:40] : 측정요구 ON 2
[18:02:45] : 측정요구 2OFF
[18:02:47] : TCP FAIL 1
[18:05:35] : Cycle start ON
[18:05:35] : Cycle start OFF
[18:05:35] : REQUEST MEAS. ON
[18:05:40] : REQUEST MEAS. OFF
[18:05:42] : 측정요구 ON 2
[18:05:47] : 측정요구 2OFF
[18:05:50] : TCP FAIL 1
[18:15:05] : MEAS ESC OFF
[18:15:05] : AUTO RUNNING OFF
[18:16:03] : MEAS ESC ON
[18:16:03] : AUTO RUNNING ON
[18:22:46] : Plc Error Timer
[18:22:46] : MEAS ESC OFF
[18:22:46] : AUTO RUNNING OFF
[18:25:56] : MEAS ESC ON
[18:25:56] : AUTO RUNNING ON
[18:26:06] : Cycle start ON
[18:26:07] : REQUEST MEAS. ON
[18:26:08] : Cycle start OFF
[18:26:12] : REQUEST MEAS. OFF
[18:26:14] : 측정요구 ON 2
[18:26:19] : 측정요구 2OFF
[18:26:21] : TCP FAIL 1
[18:26:21] : 측정요구3 ON
[18:26:26] : 측정요구3 OFF
[18:26:28] : 측정요구4 ON
[18:26:33] : 측정요구4 OFF
[18:26:36] : TCP FAIL 1
[18:27:32] : Cycle start ON
[18:27:32] : Cycle start OFF
[18:27:32] : REQUEST MEAS. ON
[18:27:37] : REQUEST MEAS. OFF
[18:27:38] : 측정요구 ON 2
[18:27:43] : 측정요구 2OFF
[18:27:46] : TCP FAIL 1
[18:28:16] : Cycle start ON
[18:28:16] : Cycle start OFF
[18:28:16] : REQUEST MEAS. ON
[18:28:21] : REQUEST MEAS. OFF
[18:28:23] : 측정요구 ON 2
[18:28:28] : 측정요구 2OFF
[18:28:31] : TCP FAIL 1
[18:29:03] : Cycle start ON
[18:29:03] : Cycle start OFF
[18:29:03] : REQUEST MEAS. ON
[18:29:09] : REQUEST MEAS. OFF
[18:29:10] : 측정요구 ON 2
[18:29:15] : 측정요구 2OFF
[18:29:17] : TCP FAIL 1
[18:29:49] : Cycle start ON
[18:29:49] : Cycle start OFF
[18:29:49] : 측정요구3 ON
[18:29:54] : 측정요구3 OFF
[18:29:56] : 측정요구4 ON
[18:30:01] : 측정요구4 OFF
[18:30:04] : TCP FAIL 1
[18:30:36] : Cycle start ON
[18:30:36] : Cycle start OFF
[18:30:36] : REQUEST MEAS. ON
[18:30:41] : REQUEST MEAS. OFF
[18:30:42] : 측정요구 ON 2
[18:30:47] : 측정요구 2OFF
[18:30:50] : TCP FAIL 1
[18:33:59] : Cycle start ON
[18:33:59] : Cycle start OFF
[18:33:59] : REQUEST MEAS. ON
[18:34:04] : REQUEST MEAS. OFF
[18:34:06] : 측정요구 ON 2
[18:34:11] : 측정요구 2OFF
[18:34:14] : TCP FAIL 1
[18:35:40] : Cycle start ON
[18:35:41] : Cycle start OFF
[18:35:41] : REQUEST MEAS. ON
[18:35:46] : REQUEST MEAS. OFF
[18:35:47] : 측정요구 ON 2
[18:35:52] : 측정요구 2OFF
[18:35:55] : TCP FAIL 1
[18:36:28] : Cycle start ON
[18:36:28] : Cycle start OFF
[18:36:28] : REQUEST MEAS. ON
[18:36:33] : REQUEST MEAS. OFF
[18:36:34] : 측정요구 ON 2
[18:36:39] : 측정요구 2OFF
[18:36:42] : TCP FAIL 1
[18:39:36] : Cycle start ON
[18:39:37] : Cycle start OFF
[18:39:37] : REQUEST MEAS. ON
[18:39:42] : REQUEST MEAS. OFF
[18:39:44] : 측정요구 ON 2
[18:39:49] : 측정요구 2OFF
[18:39:51] : TCP FAIL 1
[18:43:07] : Cycle start ON
[18:43:07] : Cycle start OFF
[18:43:07] : REQUEST MEAS. ON
[18:43:13] : REQUEST MEAS. OFF
[18:43:14] : 측정요구 ON 2
[18:43:19] : 측정요구 2OFF
[18:43:22] : TCP FAIL 1
[18:47:03] : Cycle start ON
[18:47:03] : Cycle start OFF
[18:47:03] : REQUEST MEAS. ON
[18:47:09] : REQUEST MEAS. OFF
[18:47:10] : 측정요구 ON 2
[18:47:15] : 측정요구 2OFF
[18:47:18] : TCP FAIL 1
[18:47:37] : Cycle start ON
[18:47:38] : Cycle start OFF
[18:47:38] : REQUEST MEAS. ON
[18:47:43] : REQUEST MEAS. OFF
[18:47:44] : 측정요구 ON 2
[18:47:49] : 측정요구 2OFF
[18:47:52] : TCP FAIL 1
[18:48:14] : Cycle start ON
[18:48:14] : Cycle start OFF
[18:48:14] : REQUEST MEAS. ON
[18:48:19] : REQUEST MEAS. OFF
[18:48:21] : 측정요구 ON 2
[18:48:26] : 측정요구 2OFF
[18:48:28] : TCP FAIL 1
[18:48:56] : Cycle start ON
[18:48:56] : Cycle start OFF
[18:48:56] : REQUEST MEAS. ON
[18:49:01] : REQUEST MEAS. OFF
[18:49:03] : 측정요구 ON 2
[18:49:08] : 측정요구 2OFF
[18:49:11] : TCP FAIL 1
[18:51:04] : Cycle start ON
[18:51:04] : Cycle start OFF
[18:51:04] : REQUEST MEAS. ON
[18:51:10] : REQUEST MEAS. OFF
[18:51:11] : 측정요구 ON 2
[18:51:16] : 측정요구 2OFF
[18:51:18] : TCP FAIL 1
[18:51:36] : Cycle start ON
[18:51:36] : Cycle start OFF
[18:51:36] : REQUEST MEAS. ON
[18:51:41] : REQUEST MEAS. OFF
[18:51:43] : 측정요구 ON 2
[18:51:48] : 측정요구 2OFF
[18:51:51] : TCP FAIL 1
[18:52:24] : Cycle start ON
[18:52:24] : Cycle start OFF
[18:52:24] : REQUEST MEAS. ON
[18:52:29] : REQUEST MEAS. OFF
[18:52:31] : 측정요구 ON 2
[18:52:36] : 측정요구 2OFF
[18:52:39] : TCP FAIL 1
[18:52:57] : Cycle start ON
[18:52:57] : Cycle start OFF
[18:52:57] : REQUEST MEAS. ON
[18:53:02] : REQUEST MEAS. OFF
[18:53:03] : 측정요구 ON 2
[18:53:08] : 측정요구 2OFF
[18:53:11] : TCP FAIL 1
[18:53:43] : Cycle start ON
[18:53:43] : Cycle start OFF
[18:53:43] : REQUEST MEAS. ON
[18:53:48] : REQUEST MEAS. OFF
[18:53:50] : 측정요구 ON 2
[18:53:55] : 측정요구 2OFF
[18:53:57] : TCP FAIL 1
[19:04:38] : Cycle start ON
[19:04:39] : Cycle start OFF
[19:04:39] : REQUEST MEAS. ON
[19:04:44] : REQUEST MEAS. OFF
[19:04:46] : 측정요구 ON 2
[19:04:51] : 측정요구 2OFF
[19:04:53] : TCP FAIL 1
[19:05:28] : Cycle start ON
[19:05:28] : Cycle start OFF
[19:05:28] : 측정요구3 ON
[19:05:33] : 측정요구3 OFF
[19:05:35] : 측정요구4 ON
[19:05:40] : 측정요구4 OFF
[19:05:43] : TCP FAIL 1
[19:06:11] : Cycle start ON
[19:06:12] : Cycle start OFF
[19:06:12] : REQUEST MEAS. ON
[19:06:17] : REQUEST MEAS. OFF
[19:06:18] : 측정요구 ON 2
[19:06:23] : 측정요구 2OFF
[19:06:26] : TCP FAIL 1
[19:14:55] : Cycle start ON
[19:14:56] : Cycle start OFF
[19:14:56] : REQUEST MEAS. ON
[19:15:01] : REQUEST MEAS. OFF
[19:15:02] : 측정요구 ON 2
[19:15:07] : 측정요구 2OFF
[19:15:10] : TCP FAIL 1
[19:15:27] : Cycle start ON
[19:15:27] : Cycle start OFF
[19:15:27] : REQUEST MEAS. ON
[19:15:33] : REQUEST MEAS. OFF
[19:15:34] : 측정요구 ON 2
[19:15:39] : 측정요구 2OFF
[19:15:41] : TCP FAIL 1
[19:16:21] : Cycle start ON
[19:16:21] : Cycle start OFF
[19:16:21] : REQUEST MEAS. ON
[19:16:26] : REQUEST MEAS. OFF
[19:16:28] : 측정요구 ON 2
[19:16:33] : 측정요구 2OFF
[19:16:36] : TCP FAIL 1
[19:32:14] : Cycle start ON
[19:32:14] : Cycle start OFF
[19:32:14] : REQUEST MEAS. ON
[19:32:19] : REQUEST MEAS. OFF
[19:32:21] : 측정요구 ON 2
[19:32:26] : 측정요구 2OFF
[19:32:29] : TCP FAIL 1
[19:35:57] : Cycle start ON
[19:35:57] : Cycle start OFF
[19:35:57] : REQUEST MEAS. ON
[19:36:02] : REQUEST MEAS. OFF
[19:36:03] : 측정요구 ON 2
[19:36:08] : 측정요구 2OFF
[19:36:11] : TCP FAIL 1
[19:36:27] : Cycle start ON
[19:36:28] : Cycle start OFF
[19:36:28] : 측정요구3 ON
[19:36:33] : 측정요구3 OFF
[19:36:35] : 측정요구4 ON
[19:36:40] : 측정요구4 OFF
[19:36:42] : TCP FAIL 1
[19:37:06] : Cycle start ON
[19:37:07] : Cycle start OFF
[19:37:07] : REQUEST MEAS. ON
[19:37:12] : REQUEST MEAS. OFF
[19:37:14] : 측정요구 ON 2
[19:37:19] : 측정요구 2OFF
[19:37:22] : TCP FAIL 1
[19:37:49] : Cycle start ON
[19:37:50] : Cycle start OFF
[19:37:50] : REQUEST MEAS. ON
[19:37:55] : REQUEST MEAS. OFF
[19:37:56] : 측정요구 ON 2
[19:38:01] : 측정요구 2OFF
[19:38:04] : TCP FAIL 1
[19:38:36] : Cycle start ON
[19:38:36] : Cycle start OFF
[19:38:36] : REQUEST MEAS. ON
[19:38:41] : REQUEST MEAS. OFF
[19:38:42] : 측정요구 ON 2
[19:38:47] : 측정요구 2OFF
[19:38:50] : TCP FAIL 1
[19:44:18] : Cycle start ON
[19:44:19] : Cycle start OFF
[19:44:19] : REQUEST MEAS. ON
[19:44:24] : REQUEST MEAS. OFF
[19:44:26] : 측정요구 ON 2
[19:44:31] : 측정요구 2OFF
[19:44:33] : TCP FAIL 1
[19:45:09] : Cycle start ON
[19:45:09] : Cycle start OFF
[19:45:09] : REQUEST MEAS. ON
[19:45:14] : REQUEST MEAS. OFF
[19:45:16] : 측정요구 ON 2
[19:45:21] : 측정요구 2OFF
[19:45:24] : TCP FAIL 1
[19:45:52] : Cycle start ON
[19:45:52] : Cycle start OFF
[19:45:52] : 측정요구3 ON
[19:45:57] : 측정요구3 OFF
[19:45:58] : 측정요구4 ON
[19:46:03] : 측정요구4 OFF
[19:46:06] : TCP FAIL 1
[19:46:37] : Cycle start ON
[19:46:37] : Cycle start OFF
[19:46:37] : REQUEST MEAS. ON
[19:46:42] : REQUEST MEAS. OFF
[19:46:44] : 측정요구 ON 2
[19:46:49] : 측정요구 2OFF
[19:46:52] : TCP FAIL 1
[19:47:22] : Cycle start ON
[19:47:22] : Cycle start OFF
[19:47:22] : REQUEST MEAS. ON
[19:47:27] : REQUEST MEAS. OFF
[19:47:29] : 측정요구 ON 2
[19:47:34] : 측정요구 2OFF
[19:47:36] : TCP FAIL 1
[19:48:06] : Cycle start ON
[19:48:07] : Cycle start OFF
[19:48:07] : REQUEST MEAS. ON
[19:48:12] : REQUEST MEAS. OFF
[19:48:14] : 측정요구 ON 2
[19:48:19] : 측정요구 2OFF
[19:48:21] : TCP FAIL 1
[19:48:51] : Cycle start ON
[19:48:51] : Cycle start OFF
[19:48:51] : REQUEST MEAS. ON
[19:48:56] : REQUEST MEAS. OFF
[19:48:58] : 측정요구 ON 2
[19:49:03] : 측정요구 2OFF
[19:49:06] : TCP FAIL 1
[19:49:37] : Cycle start ON
[19:49:37] : Cycle start OFF
[19:49:37] : REQUEST MEAS. ON
[19:49:42] : REQUEST MEAS. OFF
[19:49:44] : 측정요구 ON 2
[19:49:49] : 측정요구 2OFF
[19:49:51] : TCP FAIL 1
[19:50:20] : Cycle start ON
[19:50:21] : Cycle start OFF
[19:50:21] : REQUEST MEAS. ON
[19:50:26] : REQUEST MEAS. OFF
[19:50:28] : 측정요구 ON 2
[19:50:33] : 측정요구 2OFF
[19:50:35] : TCP FAIL 1
[19:51:05] : Cycle start ON
[19:51:06] : Cycle start OFF
[19:51:06] : REQUEST MEAS. ON
[19:51:11] : REQUEST MEAS. OFF
[19:51:13] : 측정요구 ON 2
[19:51:18] : 측정요구 2OFF
[19:51:20] : TCP FAIL 1
[19:51:50] : Cycle start ON
[19:51:50] : Cycle start OFF
[19:51:50] : REQUEST MEAS. ON
[19:51:55] : REQUEST MEAS. OFF
[19:51:57] : 측정요구 ON 2
[19:52:02] : 측정요구 2OFF
[19:52:05] : TCP FAIL 1
[19:52:36] : Cycle start ON
[19:52:37] : Cycle start OFF
[19:52:37] : REQUEST MEAS. ON
[19:52:42] : REQUEST MEAS. OFF
[19:52:43] : 측정요구 ON 2
[19:52:48] : 측정요구 2OFF
[19:52:51] : TCP FAIL 1
[19:53:21] : Cycle start ON
[19:53:21] : Cycle start OFF
[19:53:21] : REQUEST MEAS. ON
[19:53:26] : REQUEST MEAS. OFF
[19:53:28] : 측정요구 ON 2
[19:53:33] : 측정요구 2OFF
[19:53:35] : TCP FAIL 1
[19:54:49] : Cycle start ON
[19:54:49] : Cycle start OFF
[19:54:49] : REQUEST MEAS. ON
[19:54:54] : REQUEST MEAS. OFF
[19:54:56] : 측정요구 ON 2
[19:55:01] : 측정요구 2OFF
[19:55:04] : TCP FAIL 1
[19:55:36] : Cycle start ON
[19:55:37] : Cycle start OFF
[19:55:37] : REQUEST MEAS. ON
[19:55:42] : REQUEST MEAS. OFF
[19:55:43] : 측정요구 ON 2
[19:55:48] : 측정요구 2OFF
[19:55:51] : TCP FAIL 1
[19:56:22] : Cycle start ON
[19:56:23] : Cycle start OFF
[19:56:23] : 측정요구3 ON
[19:56:28] : 측정요구3 OFF
[19:56:29] : 측정요구4 ON
[19:56:34] : 측정요구4 OFF
[19:56:37] : TCP FAIL 1
[19:57:09] : Cycle start ON
[19:57:09] : Cycle start OFF
[19:57:09] : REQUEST MEAS. ON
[19:57:15] : REQUEST MEAS. OFF
[19:57:16] : 측정요구 ON 2
[19:57:21] : 측정요구 2OFF
[19:57:24] : TCP FAIL 1
[19:59:47] : Cycle start ON
[19:59:47] : Cycle start OFF
[19:59:47] : REQUEST MEAS. ON
[19:59:52] : REQUEST MEAS. OFF
[19:59:53] : 측정요구 ON 2
[19:59:58] : 측정요구 2OFF
[20:00:01] : TCP FAIL 1
[20:00:31] : Cycle start ON
[20:00:31] : Cycle start OFF
[20:00:31] : REQUEST MEAS. ON
[20:00:36] : REQUEST MEAS. OFF
[20:00:38] : 측정요구 ON 2
[20:00:43] : 측정요구 2OFF
[20:00:45] : TCP FAIL 1
[20:01:04] : Cycle start ON
[20:01:04] : Cycle start OFF
[20:01:04] : REQUEST MEAS. ON
[20:01:09] : REQUEST MEAS. OFF
[20:01:11] : 측정요구 ON 2
[20:01:16] : 측정요구 2OFF
[20:01:19] : TCP FAIL 1
[20:02:04] : Cycle start ON
[20:02:04] : Cycle start OFF
[20:02:04] : REQUEST MEAS. ON
[20:02:09] : REQUEST MEAS. OFF
[20:02:11] : 측정요구 ON 2
[20:02:16] : 측정요구 2OFF
[20:02:18] : TCP FAIL 1
[20:02:37] : Cycle start ON
[20:02:38] : Cycle start OFF
[20:02:38] : REQUEST MEAS. ON
[20:02:43] : REQUEST MEAS. OFF
[20:02:45] : 측정요구 ON 2
[20:02:50] : 측정요구 2OFF
[20:02:52] : TCP FAIL 1
[20:04:42] : Cycle start ON
[20:04:42] : Cycle start OFF
[20:04:42] : REQUEST MEAS. ON
[20:04:48] : REQUEST MEAS. OFF
[20:04:49] : 측정요구 ON 2
[20:04:54] : 측정요구 2OFF
[20:04:57] : TCP FAIL 1
[20:05:32] : Cycle start ON
[20:05:32] : Cycle start OFF
[20:05:32] : REQUEST MEAS. ON
[20:05:38] : REQUEST MEAS. OFF
[20:05:39] : 측정요구 ON 2
[20:05:44] : 측정요구 2OFF
[20:05:47] : TCP FAIL 1
[20:05:55] : Cycle start ON
[20:05:55] : Cycle start OFF
[20:05:55] : 측정요구3 ON
[20:06:00] : 측정요구3 OFF
[20:06:02] : 측정요구4 ON
[20:06:07] : 측정요구4 OFF
[20:06:09] : TCP FAIL 1
[20:06:35] : Cycle start ON
[20:06:35] : Cycle start OFF
[20:06:35] : REQUEST MEAS. ON
[20:06:41] : REQUEST MEAS. OFF
[20:06:42] : 측정요구 ON 2
[20:06:47] : 측정요구 2OFF
[20:06:50] : TCP FAIL 1
[20:07:22] : Cycle start ON
[20:07:22] : Cycle start OFF
[20:07:22] : 측정요구3 ON
[20:07:27] : 측정요구3 OFF
[20:07:29] : 측정요구4 ON
[20:07:34] : 측정요구4 OFF
[20:07:36] : TCP FAIL 1
[20:08:06] : Cycle start ON
[20:08:06] : Cycle start OFF
[20:08:06] : REQUEST MEAS. ON
[20:08:11] : REQUEST MEAS. OFF
[20:08:13] : 측정요구 ON 2
[20:08:18] : 측정요구 2OFF
[20:08:21] : TCP FAIL 1
[20:08:51] : Cycle start ON
[20:08:52] : Cycle start OFF
[20:08:52] : REQUEST MEAS. ON
[20:08:57] : REQUEST MEAS. OFF
[20:08:58] : 측정요구 ON 2
[20:09:03] : 측정요구 2OFF
[20:09:06] : TCP FAIL 1
[20:09:35] : Cycle start ON
[20:09:36] : Cycle start OFF
[20:09:36] : REQUEST MEAS. ON
[20:09:41] : REQUEST MEAS. OFF
[20:09:42] : 측정요구 ON 2
[20:09:47] : 측정요구 2OFF
[20:09:50] : TCP FAIL 1
[20:14:03] : MEAS ESC OFF
[20:14:03] : AUTO RUNNING OFF
 
