[10:07:41] : MEAS ESC OFF
[10:07:41] : RESET ON
[10:07:41] : M3400 : 비상입니다. OFF
[10:07:41] : MEAS ESC ON
[10:07:41] : M3400 : 비상입니다. ON
[10:07:51] : MEAS ESC OFF
[10:07:51] : RESET ON
[10:07:51] : M3400 : 비상입니다. OFF
[11:16:10] : REQUEST ZEROSET ON
[11:16:11] : REQUEST ZEROSET OFF
[11:16:24] : REQUEST ZEROSET ON
[11:16:25] : REQUEST ZEROSET OFF
[11:16:48] : REQUEST ZEROSET ON
[11:16:49] : REQUEST ZEROSET OFF
[11:17:13] : REQUEST MEAS. ON
[11:17:14] : REQUEST MEAS. OFF
[11:23:03] : REQUEST ZEROSET ON
[11:23:04] : REQUEST ZEROSET OFF
[11:23:19] : REQUEST ZEROSET ON
[11:23:20] : REQUEST ZEROSET OFF
[11:23:33] : REQUEST ZEROSET ON
[11:23:34] : REQUEST ZEROSET OFF
[11:23:50] : REQUEST ZEROSET ON
[11:23:52] : REQUEST ZEROSET OFF
[11:24:15] : REQUEST ZEROSET ON
[11:24:17] : REQUEST ZEROSET OFF
[11:24:43] : REQUEST ZEROSET ON
[11:24:44] : REQUEST ZEROSET OFF
[11:25:00] : REQUEST ZEROSET ON
[11:25:01] : REQUEST ZEROSET OFF
[11:25:15] : REQUEST ZEROSET ON
[11:25:16] : REQUEST ZEROSET OFF
[11:25:35] : REQUEST MEAS. ON
[11:25:37] : REQUEST MEAS. OFF
[11:25:49] : REQUEST MEAS. ON
[11:25:50] : REQUEST MEAS. OFF
[11:26:03] : REQUEST MEAS. ON
[11:26:04] : REQUEST MEAS. OFF
[11:26:17] : REQUEST MEAS. ON
[11:26:18] : REQUEST MEAS. OFF
[11:26:30] : REQUEST MEAS. ON
[11:26:31] : REQUEST MEAS. OFF
[11:26:44] : REQUEST MEAS. ON
[11:26:45] : REQUEST MEAS. OFF
[11:26:58] : REQUEST MEAS. ON
[11:26:59] : REQUEST MEAS. OFF
[11:27:12] : REQUEST MEAS. ON
[11:27:13] : REQUEST MEAS. OFF
[11:27:26] : REQUEST MEAS. ON
[11:27:27] : REQUEST MEAS. OFF
[11:27:39] : REQUEST MEAS. ON
[11:27:40] : REQUEST MEAS. OFF
[11:29:33] : MEAS ESC ON
[11:29:33] : M3400 : 비상입니다. ON
[11:29:33] : M3401 : MAIN AIR ALARM ON
[11:34:40] : MEAS ESC OFF
[11:34:40] : RESET ON
[11:34:40] : M3400 : 비상입니다. OFF
[11:34:40] : M3401 : MAIN AIR ALARM OFF
[11:34:40] : MEAS ESC ON
[11:34:40] : M3400 : 비상입니다. ON
[11:34:40] : M3401 : MAIN AIR ALARM ON
[11:34:44] : MEAS ESC OFF
[11:34:44] : M3400 : 비상입니다. OFF
[11:34:44] : M3401 : MAIN AIR ALARM OFF
[11:41:51] : REQUEST MEAS. ON
[11:41:52] : REQUEST MEAS. OFF
 
[12:05:48] : RESET ON
[13:18:49] : RESET ON
[17:38:13] : MEAS ESC ON
[17:38:13] : M3400 : 비상입니다. ON
[17:38:13] : M3401 : MAIN AIR ALARM ON
[18:06:51] : PROGRAM END
 
