[08:37:20] : Plc Error Timer
[08:37:26] : Plc Error Timer
[08:52:19] : MEAS ESC ON
[08:52:21] : MEAS ESC OFF
[08:52:21] : AUTO RUNNING ON
[08:55:21] : Cycle start ON
[08:55:21] : Cycle start OFF
[08:55:21] : REQUEST MEAS. ON
[08:55:27] : REQUEST MEAS. OFF
[08:55:27] : 측정요구 ON 2
[08:55:33] : 측정요구 2OFF
[08:55:33] : 21,20181205-085534,CF18120270911,CF 18100411333,OK,MAX,1,3,0.00,7.00,2.08,OK,0.00,7.00,4.99,OK,
[08:56:17] : Cycle start ON
[08:56:17] : Cycle start OFF
[08:56:17] : REQUEST MEAS. ON
[08:56:22] : REQUEST MEAS. OFF
[08:56:23] : 측정요구 ON 2
[08:56:29] : 측정요구 2OFF
[08:56:29] : 21,20181205-085629,CF18120272541,CF 18100411523,OK,MAX,1,3,0.00,7.00,1.17,OK,0.00,7.00,3.15,OK,
[08:57:37] : Cycle start ON
[08:57:37] : Cycle start OFF
[08:57:37] : REQUEST MEAS. ON
[08:57:43] : REQUEST MEAS. OFF
[08:57:43] : 측정요구 ON 2
[08:57:50] : 측정요구 2OFF
[08:57:50] : 21,20181205-085750,CF18120270641,CF 18100413693,OK,MAX,1,2,0.00,7.00,0.96,OK,0.00,7.00,2.08,OK,
[08:58:47] : AUTO RUNNING OFF
[09:06:41] : MEAS ESC ON
[09:06:42] : MEAS ESC OFF
[09:06:42] : AUTO RUNNING ON
[09:06:53] : MEAS ESC ON
[09:06:53] : AUTO RUNNING OFF
[09:07:09] : MEAS ESC OFF
[09:09:10] : MEAS ESC ON
[09:09:25] : MEAS ESC OFF
[09:09:28] : MEAS ESC ON
[09:09:30] : MEAS ESC OFF
[09:09:30] : AUTO RUNNING ON
[09:11:33] : Cycle start ON
[09:11:34] : Cycle start OFF
[09:11:34] : REQUEST MEAS. ON
[09:11:39] : REQUEST MEAS. OFF
[09:11:39] : 측정요구 ON 2
[09:11:46] : 측정요구 2OFF
[09:11:46] : 21,20181205-091146,CF18120270621,CF 18100410123,OK,MAX,1,2,0.00,7.00,1.31,OK,0.00,7.00,1.15,OK,
[09:11:49] : Cycle start ON
[09:11:50] : Cycle start OFF
[09:11:50] : 측정요구3 ON
[09:11:55] : 측정요구3 OFF
[09:11:55] : 측정요구4 ON
[09:12:02] : 측정요구4 OFF
[09:12:02] : 21,20181205-091202,CF18120270711,CF 18112010511,OK,MAX,2,2,0.00,7.00,0.47,OK,0.00,7.00,1.55,OK,
[09:12:10] : Cycle start ON
[09:12:10] : Cycle start OFF
[09:12:10] : REQUEST MEAS. ON
[09:12:16] : REQUEST MEAS. OFF
[09:12:16] : 측정요구 ON 2
[09:12:22] : 측정요구 2OFF
[09:12:22] : 21,20181205-091222,CF18120270701,CF 18100411653,OK,MAX,1,2,0.00,7.00,1.09,OK,0.00,7.00,0.77,OK,
[09:17:13] : AUTO RUNNING OFF
[09:20:22] : MEAS ESC ON
[09:20:36] : MEAS ESC OFF
[09:20:36] : AUTO RUNNING ON
[09:21:02] : Cycle start ON
[09:21:03] : Cycle start OFF
[09:21:03] : REQUEST MEAS. ON
[09:21:08] : REQUEST MEAS. OFF
[09:21:08] : 측정요구 ON 2
[09:21:15] : 측정요구 2OFF
[09:21:15] : 21,20181205-092115,CF18120270671,CF 18100410193,OK,MAX,1,1,0.00,7.00,0.85,OK,0.00,7.00,0.78,OK,
[09:22:14] : AUTO RUNNING OFF
[09:22:56] : MEAS ESC ON
[09:22:57] : MEAS ESC OFF
[09:22:57] : AUTO RUNNING ON
[09:24:00] : Cycle start ON
[09:24:00] : Cycle start OFF
[09:24:00] : REQUEST MEAS. ON
[09:24:05] : REQUEST MEAS. OFF
[09:24:05] : 측정요구 ON 2
[09:24:11] : 측정요구 2OFF
[09:24:11] : 21,20181205-092412,CF18120270141,CF 18100411503,OK,MAX,1,3,0.00,7.00,3.88,OK,0.00,7.00,2.76,OK,
[09:24:23] : Cycle start ON
[09:24:23] : Cycle start OFF
[09:24:23] : 측정요구3 ON
[09:24:28] : 측정요구3 OFF
[09:24:29] : 측정요구4 ON
[09:24:35] : 측정요구4 OFF
[09:24:35] : 21,20181205-092435,CF18120270121,CF 18100410213,OK,MAX,2,3,0.00,7.00,3.98,OK,0.00,7.00,3.75,OK,
[09:25:03] : Cycle start ON
[09:25:03] : Cycle start OFF
[09:25:03] : REQUEST MEAS. ON
[09:25:09] : REQUEST MEAS. OFF
[09:25:09] : 측정요구 ON 2
[09:25:16] : 측정요구 2OFF
[09:25:16] : 21,20181205-092516,CF18120270211,CF 18112010611,OK,MAX,1,2,0.00,7.00,1.19,OK,0.00,7.00,0.94,OK,
[09:31:47] : Cycle start ON
[09:31:47] : Cycle start OFF
[09:31:47] : REQUEST MEAS. ON
[09:31:52] : REQUEST MEAS. OFF
[09:31:52] : 측정요구 ON 2
[09:31:59] : 측정요구 2OFF
[09:31:59] : 21,20181205-093159,CF18120272991,CF 18112010441,OK,MAX,1,1,0.00,7.00,0.10,OK,0.00,7.00,0.25,OK,
[09:32:12] : Cycle start ON
[09:32:12] : Cycle start OFF
[09:32:12] : 측정요구3 ON
[09:32:18] : 측정요구3 OFF
[09:32:18] : 측정요구4 ON
[09:32:25] : 측정요구4 OFF
[09:32:25] : 21,20181205-093225,CF18120273051,CF 18100414013,OK,MAX,2,2,0.00,7.00,2.27,OK,0.00,7.00,2.77,OK,
[09:32:55] : Cycle start ON
[09:32:56] : Cycle start OFF
[09:32:56] : REQUEST MEAS. ON
[09:33:01] : REQUEST MEAS. OFF
[09:33:01] : 측정요구 ON 2
[09:33:07] : 측정요구 2OFF
[09:33:07] : 21,20181205-093307,CF18120272451,CF 18112010481,OK,MAX,1,1,0.00,7.00,0.13,OK,0.00,7.00,0.17,OK,
[09:33:44] : Cycle start ON
[09:33:44] : Cycle start OFF
[09:33:44] : REQUEST MEAS. ON
[09:33:49] : REQUEST MEAS. OFF
[09:33:49] : 측정요구 ON 2
[09:33:55] : 측정요구 2OFF
[09:33:55] : 21,20181205-093356,CF18120273071,CF 18100411613,OK,MAX,1,3,0.00,7.00,1.38,OK,0.00,7.00,3.07,OK,
[09:34:25] : Cycle start ON
[09:34:26] : Cycle start OFF
[09:34:26] : REQUEST MEAS. ON
[09:34:31] : REQUEST MEAS. OFF
[09:34:31] : 측정요구 ON 2
[09:34:38] : 측정요구 2OFF
[09:34:38] : 21,20181205-093438,CF18120273061,CF 18100411043,OK,MAX,1,2,0.00,7.00,1.26,OK,0.00,7.00,0.78,OK,
[09:35:06] : Cycle start ON
[09:35:06] : Cycle start OFF
[09:35:06] : 측정요구3 ON
[09:35:12] : 측정요구3 OFF
[09:35:12] : 측정요구4 ON
[09:35:18] : 측정요구4 OFF
[09:35:18] : 21,20181205-093519,CF18120273341,CF 18100412733,OK,MAX,2,1,0.00,7.00,0.50,OK,0.00,7.00,0.54,OK,
[09:35:52] : Cycle start ON
[09:35:52] : Cycle start OFF
[09:35:52] : REQUEST MEAS. ON
[09:35:57] : REQUEST MEAS. OFF
[09:35:58] : 측정요구 ON 2
[09:36:04] : 측정요구 2OFF
[09:36:04] : 21,20181205-093604,CF18120272691,CF 18100413083,OK,MAX,1,2,0.00,7.00,1.67,OK,0.00,7.00,1.48,OK,
[09:36:37] : Cycle start ON
[09:36:38] : Cycle start OFF
[09:36:38] : REQUEST MEAS. ON
[09:36:43] : REQUEST MEAS. OFF
[09:36:43] : 측정요구 ON 2
[09:36:50] : 측정요구 2OFF
[09:36:50] : 21,20181205-093650,CF18120272721,CF 18112010431,OK,MAX,1,1,0.00,7.00,0.12,OK,0.00,7.00,0.27,OK,
[09:38:32] : AUTO RUNNING OFF
[09:41:19] : MEAS ESC ON
[09:41:21] : MEAS ESC OFF
[09:41:21] : AUTO RUNNING ON
[09:43:26] : Cycle start ON
[09:43:27] : Cycle start OFF
[09:43:27] : REQUEST MEAS. ON
[09:43:32] : REQUEST MEAS. OFF
[09:43:32] : 측정요구 ON 2
[09:43:39] : 측정요구 2OFF
[09:43:39] : 21,20181205-094339,CF18120272791,CF 18100413613,OK,MAX,1,2,0.00,7.00,1.69,OK,0.00,7.00,1.08,OK,
[09:44:41] : AUTO RUNNING OFF
[09:59:28] : MEAS ESC ON
[09:59:29] : MEAS ESC OFF
[10:01:57] : MEAS ESC ON
[10:02:27] : MEAS ESC OFF
[10:02:27] : AUTO RUNNING ON
[10:04:19] : Cycle start ON
[10:04:20] : Cycle start OFF
[10:04:20] : REQUEST MEAS. ON
[10:04:25] : REQUEST MEAS. OFF
[10:04:25] : 측정요구 ON 2
[10:04:31] : 측정요구 2OFF
[10:04:32] : 21,20181205-100432,CF18120270091,CF 18100413733,OK,MAX,1,3,0.00,7.00,3.59,OK,0.00,7.00,4.65,OK,
[10:05:06] : Cycle start ON
[10:05:07] : Cycle start OFF
[10:05:07] : REQUEST MEAS. ON
[10:05:12] : REQUEST MEAS. OFF
[10:05:12] : 측정요구 ON 2
[10:05:19] : 측정요구 2OFF
[10:05:19] : 21,20181205-100519,CF18120270971,CF 18112010531,OK,MAX,1,1,0.00,7.00,0.12,OK,0.00,7.00,0.29,OK,
[10:06:31] : Cycle start ON
[10:06:31] : Cycle start OFF
[10:06:31] : REQUEST MEAS. ON
[10:06:37] : REQUEST MEAS. OFF
[10:06:37] : 측정요구 ON 2
[10:06:43] : 측정요구 2OFF
[10:06:43] : 21,20181205-100643,CF18120273131,CF 18100413963,OK,MAX,1,2,0.00,7.00,1.21,OK,0.00,7.00,0.59,OK,
[10:07:18] : Cycle start ON
[10:07:18] : Cycle start OFF
[10:07:18] : REQUEST MEAS. ON
[10:07:24] : REQUEST MEAS. OFF
[10:07:24] : 측정요구 ON 2
[10:07:30] : 측정요구 2OFF
[10:07:30] : 21,20181205-100730,CF18120273121,CF 18100412283,OK,MAX,1,2,0.00,7.00,2.10,OK,0.00,7.00,1.28,OK,
[10:08:22] : AUTO RUNNING OFF
[10:20:02] : MEAS ESC ON
[10:20:06] : MEAS ESC OFF
[10:20:06] : AUTO RUNNING ON
[10:20:36] : Cycle start ON
[10:20:37] : Cycle start OFF
[10:20:37] : REQUEST MEAS. ON
[10:20:42] : REQUEST MEAS. OFF
[10:20:42] : 측정요구 ON 2
[10:20:49] : 측정요구 2OFF
[10:20:49] : 21,20181205-102049,CF18120273101,CF 18100412723,OK,MAX,1,1,0.10,7.00,0.86,OK,0.10,7.00,0.88,OK,
[10:21:00] : Cycle start ON
[10:21:01] : Cycle start OFF
[10:21:01] : 측정요구3 ON
[10:21:06] : 측정요구3 OFF
[10:21:06] : 측정요구4 ON
[10:21:13] : 측정요구4 OFF
[10:21:13] : 21,20181205-102113,CF18120270081,CF 18100410933,NG,MAX,2,3,0.10,7.00,6.66,OK,0.10,7.00,7.19,NG,
[10:21:52] : Cycle start ON
[10:21:52] : Cycle start OFF
[10:21:52] : REQUEST MEAS. ON
[10:21:58] : REQUEST MEAS. OFF
[10:21:58] : 측정요구 ON 2
[10:22:03] : 측정요구 2OFF
[10:22:03] : 21,20181205-102205,CF18120273091,CF 18100411553,OK,MAX,1,1,0.10,7.00,0.89,OK,0.10,7.00,0.85,OK,
[10:22:31] : Cycle start ON
[10:22:31] : Cycle start OFF
[10:22:31] : 측정요구3 ON
[10:22:36] : 측정요구3 OFF
[10:22:36] : 측정요구4 ON
[10:22:43] : 측정요구4 OFF
[10:22:43] : 21,20181205-102244,CF18120270241,CF 18100413953,OK,MAX,2,3,0.10,7.00,2.67,OK,0.10,7.00,6.15,OK,
[10:23:19] : Cycle start ON
[10:23:19] : Cycle start OFF
[10:23:19] : REQUEST MEAS. ON
[10:23:25] : REQUEST MEAS. OFF
[10:23:25] : 측정요구 ON 2
[10:23:31] : 측정요구 2OFF
[10:23:31] : 21,20181205-102332,CF18120270251,CF 18100413793,OK,MAX,1,2,0.10,7.00,0.96,OK,0.10,7.00,1.66,OK,
[10:32:34] : AUTO RUNNING OFF
[10:32:35] : MEAS ESC ON
[10:32:37] : MEAS ESC OFF
[10:32:37] : AUTO RUNNING ON
[10:34:11] : Cycle start ON
[10:34:11] : Cycle start OFF
[10:34:11] : REQUEST MEAS. ON
[10:34:17] : REQUEST MEAS. OFF
[10:34:17] : 측정요구 ON 2
[10:34:23] : 측정요구 2OFF
[10:34:23] : 21,20181205-103423,CF18120270661,CF 18100413863,NG,MAX,1,3,0.10,7.00,4.64,OK,0.10,7.00,7.67,NG,
[10:35:00] : Cycle start ON
[10:35:01] : REQUEST MEAS. ON
[10:35:01] : Cycle start OFF
[10:35:06] : REQUEST MEAS. OFF
[10:35:06] : 측정요구 ON 2
[10:35:12] : 측정요구 2OFF
[10:35:12] : 21,20181205-103513,CF18120270031,CF 18100410363,OK,MAX,1,3,0.10,7.00,3.83,OK,0.10,7.00,4.26,OK,
[10:35:43] : Cycle start ON
[10:35:44] : Cycle start OFF
[10:35:44] : 측정요구3 ON
[10:35:49] : 측정요구3 OFF
[10:35:49] : 측정요구4 ON
[10:35:55] : 측정요구4 OFF
[10:35:55] : 21,20181205-103556,CF18120270391,CF 18100412203,OK,MAX,2,3,0.10,7.00,3.18,OK,0.10,7.00,2.86,OK,
[10:36:28] : Cycle start ON
[10:36:28] : Cycle start OFF
[10:36:28] : REQUEST MEAS. ON
[10:36:34] : REQUEST MEAS. OFF
[10:36:34] : 측정요구 ON 2
[10:36:40] : 측정요구 2OFF
[10:36:40] : 21,20181205-103641,CF18120270401,CF 18112010821,OK,MAX,1,2,0.10,7.00,1.48,OK,0.10,7.00,1.25,OK,
[10:37:12] : Cycle start ON
[10:37:12] : Cycle start OFF
[10:37:12] : 측정요구3 ON
[10:37:18] : 측정요구3 OFF
[10:37:18] : 측정요구4 ON
[10:37:24] : 측정요구4 OFF
[10:37:24] : 21,20181205-103724,CF18120270331,CF 18112010831,OK,MAX,2,2,0.10,7.00,0.55,OK,0.10,7.00,1.16,OK,
[10:37:52] : Cycle start ON
[10:37:53] : Cycle start OFF
[10:37:53] : REQUEST MEAS. ON
[10:37:58] : REQUEST MEAS. OFF
[10:37:58] : 측정요구 ON 2
[10:38:05] : 측정요구 2OFF
[10:38:05] : 21,20181205-103805,CF18120270981,CF 18112010841,OK,MAX,1,2,0.10,7.00,0.58,OK,0.10,7.00,1.55,OK,
[10:38:40] : Cycle start ON
[10:38:40] : Cycle start OFF
[10:38:40] : REQUEST MEAS. ON
[10:38:46] : REQUEST MEAS. OFF
[10:38:46] : 측정요구 ON 2
[10:38:53] : 측정요구 2OFF
[10:38:53] : 21,20181205-103853,CF18120270961,CF 18100414523,OK,MAX,1,3,0.10,7.00,1.88,OK,0.10,7.00,3.53,OK,
[10:39:27] : AUTO RUNNING OFF
[10:39:30] : MEAS ESC ON
[10:39:30] : MEAS ESC OFF
[10:39:30] : AUTO RUNNING ON
[10:40:09] : AUTO RUNNING OFF
[10:40:27] : MEAS ESC ON
[10:40:28] : MEAS ESC OFF
[10:40:28] : AUTO RUNNING ON
[10:42:06] : Cycle start ON
[10:42:07] : Cycle start OFF
[10:42:07] : REQUEST MEAS. ON
[10:42:13] : REQUEST MEAS. OFF
[10:42:13] : 측정요구 ON 2
[10:42:19] : 측정요구 2OFF
[10:42:19] : 21,20181205-104220,CF18120270931,CF 18100410953,OK,MAX,1,3,0.10,7.00,2.16,OK,0.10,7.00,3.45,OK,
[10:42:54] : Cycle start ON
[10:42:55] : Cycle start OFF
[10:42:55] : REQUEST MEAS. ON
[10:43:00] : REQUEST MEAS. OFF
[10:43:00] : 측정요구 ON 2
[10:43:07] : 측정요구 2OFF
[10:43:07] : 21,20181205-104307,CF18120271011,CF 18100413003,NG,MAX,1,3,0.10,7.00,4.00,OK,0.10,7.00,7.76,NG,
[10:43:45] : Cycle start ON
[10:43:45] : Cycle start OFF
[10:43:45] : 측정요구3 ON
[10:43:51] : 측정요구3 OFF
[10:43:51] : 측정요구4 ON
[10:43:57] : 측정요구4 OFF
[10:43:57] : 21,20181205-104357,CF18120271001,CF 18100413013,OK,MAX,2,3,0.10,7.00,2.93,OK,0.10,7.00,5.24,OK,
[10:44:20] : Cycle start ON
[10:44:21] : Cycle start OFF
[10:44:21] : REQUEST MEAS. ON
[10:44:26] : REQUEST MEAS. OFF
[10:44:26] : 측정요구 ON 2
[10:44:32] : 측정요구 2OFF
[10:44:32] : 21,20181205-104432,CF18120270721,CF 18100410973,OK,MAX,1,2,0.10,7.00,1.48,OK,0.10,7.00,0.98,OK,
[10:45:09] : Cycle start ON
[10:45:10] : Cycle start OFF
[10:45:10] : REQUEST MEAS. ON
[10:45:15] : REQUEST MEAS. OFF
[10:45:15] : 측정요구 ON 2
[10:45:21] : 측정요구 2OFF
[10:45:21] : 21,20181205-104522,CF18120270801,CF 18100412223,OK,MAX,1,3,0.10,7.00,4.19,OK,0.10,7.00,3.94,OK,
[10:45:50] : Cycle start ON
[10:45:50] : Cycle start OFF
[10:45:50] : 측정요구3 ON
[10:45:56] : 측정요구3 OFF
[10:45:56] : 측정요구4 ON
[10:46:02] : 측정요구4 OFF
[10:46:02] : 21,20181205-104602,CF18120270791,CF 18100412233,OK,MAX,2,2,0.10,7.00,1.99,OK,0.10,7.00,2.94,OK,
[10:46:37] : Cycle start ON
[10:46:37] : Cycle start OFF
[10:46:37] : REQUEST MEAS. ON
[10:46:42] : REQUEST MEAS. OFF
[10:46:42] : 측정요구 ON 2
[10:46:49] : 측정요구 2OFF
[10:46:49] : 21,20181205-104649,CF18120270771,CF 18100413033,OK,MAX,1,2,0.10,7.00,2.38,OK,0.10,7.00,2.09,OK,
[10:47:25] : Cycle start ON
[10:47:25] : Cycle start OFF
[10:47:25] : REQUEST MEAS. ON
[10:47:30] : REQUEST MEAS. OFF
[10:47:30] : 측정요구 ON 2
[10:47:37] : 측정요구 2OFF
[10:47:37] : 21,20181205-104737,CF18120270491,CF 18100410943,OK,MAX,1,3,0.10,7.00,1.54,OK,0.10,7.00,3.17,OK,
[10:48:13] : Cycle start ON
[10:48:13] : Cycle start OFF
[10:48:13] : REQUEST MEAS. ON
[10:48:18] : REQUEST MEAS. OFF
[10:48:18] : 측정요구 ON 2
[10:48:25] : 측정요구 2OFF
[10:48:25] : 21,20181205-104825,CF18120270481,CF 18100411733,OK,MAX,1,3,0.10,7.00,1.36,OK,0.10,7.00,4.58,OK,
[10:48:52] : Cycle start ON
[10:48:52] : Cycle start OFF
[10:48:52] : 측정요구3 ON
[10:48:57] : 측정요구3 OFF
[10:48:57] : 측정요구4 ON
[10:49:04] : 측정요구4 OFF
[10:49:04] : 21,20181205-104904,CF18120270861,CF 18100412613,NG,MAX,2,3,0.10,7.00,5.95,OK,0.10,7.00,8.61,NG,
[10:49:42] : Cycle start ON
[10:49:42] : Cycle start OFF
[10:49:42] : REQUEST MEAS. ON
[10:49:47] : REQUEST MEAS. OFF
[10:49:47] : 측정요구 ON 2
[10:49:54] : 측정요구 2OFF
[10:49:54] : 21,20181205-104955,CF18120270831,CF 18100412603,OK,MAX,1,2,0.10,7.00,1.58,OK,0.10,7.00,1.77,OK,
[10:50:21] : Cycle start ON
[10:50:21] : Cycle start OFF
[10:50:21] : 측정요구3 ON
[10:50:26] : 측정요구3 OFF
[10:50:26] : 측정요구4 ON
[10:50:33] : 측정요구4 OFF
[10:50:33] : 21,20181205-105033,CF18120270821,CF 18100412593,OK,MAX,2,2,0.10,7.00,2.38,OK,0.10,7.00,2.58,OK,
[10:51:08] : Cycle start ON
[10:51:09] : REQUEST MEAS. ON
[10:51:09] : Cycle start OFF
[10:51:14] : REQUEST MEAS. OFF
[10:51:14] : 측정요구 ON 2
[10:51:21] : 측정요구 2OFF
[10:51:21] : 21,20181205-105121,CF18120271021,CF 18100411013,OK,MAX,1,3,0.10,7.00,2.73,OK,0.10,7.00,5.66,OK,
[10:51:48] : Cycle start ON
[10:51:49] : Cycle start OFF
[10:51:49] : 측정요구3 ON
[10:51:54] : 측정요구3 OFF
[10:51:54] : 측정요구4 ON
[10:52:00] : 측정요구4 OFF
[10:52:00] : 21,20181205-105201,CF18120270191,CF 18100412173,OK,MAX,2,3,0.10,7.00,3.05,OK,0.10,7.00,5.78,OK,
[10:52:37] : Cycle start ON
[10:52:37] : Cycle start OFF
[10:52:37] : REQUEST MEAS. ON
[10:52:42] : REQUEST MEAS. OFF
[10:52:42] : 측정요구 ON 2
[10:52:48] : 측정요구 2OFF
[10:52:48] : 21,20181205-105249,CF18120271061,CF 18100412243,OK,MAX,1,3,0.10,7.00,2.39,OK,0.10,7.00,5.08,OK,
[10:53:23] : Cycle start ON
[10:53:23] : Cycle start OFF
[10:53:23] : REQUEST MEAS. ON
[10:53:28] : REQUEST MEAS. OFF
[10:53:28] : 측정요구 ON 2
[10:53:35] : 측정요구 2OFF
[10:53:35] : 21,20181205-105335,CF18120271051,CF 18100413543,OK,MAX,1,2,0.10,7.00,1.47,OK,0.10,7.00,1.66,OK,
[10:54:10] : Cycle start ON
[10:54:11] : Cycle start OFF
[10:54:11] : REQUEST MEAS. ON
[10:54:16] : REQUEST MEAS. OFF
[10:54:16] : 측정요구 ON 2
[10:54:22] : 측정요구 2OFF
[10:54:22] : 21,20181205-105423,CF18120271081,CF 18100410273,OK,MAX,1,1,0.10,7.00,0.90,OK,0.10,7.00,0.64,OK,
[10:54:57] : Cycle start ON
[10:54:57] : Cycle start OFF
[10:54:57] : REQUEST MEAS. ON
[10:55:03] : REQUEST MEAS. OFF
[10:55:03] : 측정요구 ON 2
[10:55:09] : 측정요구 2OFF
[10:55:09] : 21,20181205-105509,CF18120270341,CF 18100410873,OK,MAX,1,3,0.10,7.00,5.78,OK,0.10,7.00,5.36,OK,
[10:55:45] : Cycle start ON
[10:55:45] : Cycle start OFF
[10:55:45] : REQUEST MEAS. ON
[10:55:50] : REQUEST MEAS. OFF
[10:55:50] : 측정요구 ON 2
[10:55:57] : 측정요구 2OFF
[10:55:57] : 21,20181205-105557,CF18120270361,CF 18100410983,OK,MAX,1,3,0.10,7.00,3.57,OK,0.10,7.00,6.74,OK,
[10:56:25] : Cycle start ON
[10:56:25] : Cycle start OFF
[10:56:25] : 측정요구3 ON
[10:56:30] : 측정요구3 OFF
[10:56:30] : 측정요구4 ON
[10:56:37] : 측정요구4 OFF
[10:56:37] : 21,20181205-105638,CF18120271101,CF 18100412743,NG,MAX,2,3,0.10,7.00,4.01,OK,0.10,7.00,7.76,NG,
[10:57:17] : Cycle start ON
[10:57:17] : Cycle start OFF
[10:57:17] : REQUEST MEAS. ON
[10:57:23] : REQUEST MEAS. OFF
[10:57:23] : 측정요구 ON 2
[10:57:29] : 측정요구 2OFF
[10:57:29] : 21,20181205-105729,CF18120271091,CF 18100412293,OK,MAX,1,2,0.10,7.00,1.01,OK,0.10,7.00,1.64,OK,
[10:57:53] : Cycle start ON
[10:57:53] : Cycle start OFF
[10:57:53] : 측정요구3 ON
[10:57:58] : 측정요구3 OFF
[10:57:58] : 측정요구4 ON
[10:58:05] : 측정요구4 OFF
[10:58:05] : 21,20181205-105806,CF18100851471,CF 18100411813,OK,MAX,2,2,0.10,7.00,2.16,OK,0.10,7.00,1.86,OK,
[10:59:17] : Cycle start ON
[10:59:17] : Cycle start OFF
[10:59:17] : REQUEST MEAS. ON
[10:59:23] : REQUEST MEAS. OFF
[10:59:23] : 측정요구 ON 2
[10:59:29] : 측정요구 2OFF
[10:59:29] : 21,20181205-105929,CF18100850891,CF 18112010491,OK,MAX,1,1,0.10,7.00,0.19,OK,0.10,7.00,0.36,OK,
[11:00:11] : Cycle start ON
[11:00:11] : Cycle start OFF
[11:00:11] : REQUEST MEAS. ON
[11:00:16] : REQUEST MEAS. OFF
[11:00:16] : 측정요구 ON 2
[11:00:23] : 측정요구 2OFF
[11:00:23] : 21,20181205-110023,CF18100850871,CF 18100411913,OK,MAX,1,2,0.10,7.00,1.58,OK,0.10,7.00,1.45,OK,
[11:00:57] : Cycle start ON
[11:00:57] : REQUEST MEAS. ON
[11:00:57] : Cycle start OFF
[11:01:02] : REQUEST MEAS. OFF
[11:01:02] : 측정요구 ON 2
[11:01:09] : 측정요구 2OFF
[11:01:09] : 21,20181205-110109,CF18100851521,CF 18112010721,OK,MAX,1,1,0.10,7.00,0.33,OK,0.10,7.00,0.36,OK,
[11:01:44] : Cycle start ON
[11:01:45] : Cycle start OFF
[11:01:45] : REQUEST MEAS. ON
[11:01:50] : REQUEST MEAS. OFF
[11:01:50] : 측정요구 ON 2
[11:01:57] : 측정요구 2OFF
[11:01:57] : 21,20181205-110157,CF18100851511,CF 18112010641,OK,MAX,1,1,0.10,7.00,0.24,OK,0.10,7.00,0.36,OK,
[11:02:27] : Cycle start ON
[11:02:27] : Cycle start OFF
[11:02:27] : 측정요구3 ON
[11:02:32] : 측정요구3 OFF
[11:02:32] : 측정요구4 ON
[11:02:39] : 측정요구4 OFF
[11:02:39] : 21,20181205-110240,CF18100851501,CF 18112010701,OK,MAX,2,2,0.10,7.00,0.80,OK,0.10,7.00,1.05,OK,
[11:03:14] : Cycle start ON
[11:03:15] : Cycle start OFF
[11:03:15] : REQUEST MEAS. ON
[11:03:20] : REQUEST MEAS. OFF
[11:03:20] : 측정요구 ON 2
[11:03:25] : 측정요구 2OFF
[11:03:26] : 21,20181205-110326,CF18100851491,CF 18100413373,OK,MAX,1,2,0.10,7.00,2.81,OK,0.10,7.00,2.25,OK,
[11:03:56] : Cycle start ON
[11:03:56] : Cycle start OFF
[11:03:56] : 측정요구3 ON
[11:04:01] : 측정요구3 OFF
[11:04:01] : 측정요구4 ON
[11:04:08] : 측정요구4 OFF
[11:04:08] : 21,20181205-110409,CF18100851481,CF 18100410063,OK,MAX,2,2,0.10,7.00,1.56,OK,0.10,7.00,2.14,OK,
[11:04:40] : Cycle start ON
[11:04:40] : Cycle start OFF
[11:04:40] : REQUEST MEAS. ON
[11:04:46] : REQUEST MEAS. OFF
[11:04:46] : 측정요구 ON 2
[11:04:52] : 측정요구 2OFF
[11:04:52] : 21,20181205-110452,CF18120270521,CF 18112010771,OK,MAX,1,1,0.10,7.00,0.20,OK,0.10,7.00,0.37,OK,
[11:05:26] : Cycle start ON
[11:05:26] : Cycle start OFF
[11:05:26] : REQUEST MEAS. ON
[11:05:32] : REQUEST MEAS. OFF
[11:05:32] : 측정요구 ON 2
[11:05:39] : 측정요구 2OFF
[11:05:39] : 21,20181205-110539,CF18120272941,CF 18100410153,OK,MAX,1,2,0.10,7.00,1.59,OK,0.10,7.00,2.07,OK,
[11:06:09] : Cycle start ON
[11:06:09] : Cycle start OFF
[11:06:09] : 측정요구3 ON
[11:06:15] : 측정요구3 OFF
[11:06:15] : 측정요구4 ON
[11:06:22] : 측정요구4 OFF
[11:06:22] : 21,20181205-110622,CF18120272961,CF 18112010561,OK,MAX,2,1,0.10,7.00,0.20,OK,0.10,7.00,0.30,OK,
[11:06:54] : Cycle start ON
[11:06:54] : Cycle start OFF
[11:06:54] : REQUEST MEAS. ON
[11:07:00] : REQUEST MEAS. OFF
[11:07:00] : 측정요구 ON 2
[11:07:06] : 측정요구 2OFF
[11:07:06] : 21,20181205-110706,CF18120270611,CF 18112010471,OK,MAX,1,1,0.10,7.00,0.32,OK,0.10,7.00,0.84,OK,
[11:07:37] : Cycle start ON
[11:07:38] : Cycle start OFF
[11:07:38] : 측정요구3 ON
[11:07:43] : 측정요구3 OFF
[11:07:43] : 측정요구4 ON
[11:07:50] : 측정요구4 OFF
[11:07:50] : 21,20181205-110750,CF18120272951,CF 18100413783,OK,MAX,2,2,0.10,7.00,1.67,OK,0.10,7.00,2.17,OK,
[11:09:02] : Cycle start ON
[11:09:02] : Cycle start OFF
[11:09:02] : REQUEST MEAS. ON
[11:09:07] : REQUEST MEAS. OFF
[11:09:07] : 측정요구 ON 2
[11:09:14] : 측정요구 2OFF
[11:09:14] : 21,20181205-110915,CF18120272851,CF 18100411023,OK,MAX,1,2,0.10,7.00,2.18,OK,0.10,7.00,1.65,OK,
[11:09:48] : Cycle start ON
[11:09:49] : Cycle start OFF
[11:09:49] : REQUEST MEAS. ON
[11:09:54] : REQUEST MEAS. OFF
[11:09:54] : 측정요구 ON 2
[11:10:00] : 측정요구 2OFF
[11:10:00] : 21,20181205-111001,CF18120272881,CF 18100413763,OK,MAX,1,3,0.10,7.00,3.28,OK,0.10,7.00,3.85,OK,
[11:11:11] : Cycle start ON
[11:11:11] : Cycle start OFF
[11:11:11] : REQUEST MEAS. ON
[11:11:16] : REQUEST MEAS. OFF
[11:11:17] : 측정요구 ON 2
[11:11:23] : 측정요구 2OFF
[11:11:23] : 21,20181205-111123,CF18120272981,CF 18112010681,OK,MAX,1,1,0.10,7.00,0.24,OK,0.10,7.00,0.44,OK,
[11:11:58] : Cycle start ON
[11:11:59] : Cycle start OFF
[11:11:59] : REQUEST MEAS. ON
[11:12:04] : REQUEST MEAS. OFF
[11:12:04] : 측정요구 ON 2
[11:12:11] : 측정요구 2OFF
[11:12:11] : 21,20181205-111211,CF18120270221,CF 18100415203,OK,MAX,1,3,0.10,7.00,4.29,OK,0.10,7.00,6.83,OK,
[11:12:44] : Cycle start ON
[11:12:45] : Cycle start OFF
[11:12:45] : REQUEST MEAS. ON
[11:12:50] : REQUEST MEAS. OFF
[11:12:50] : 측정요구 ON 2
[11:12:57] : 측정요구 2OFF
[11:12:57] : 21,20181205-111257,CF18120270301,CF 18100413533,OK,MAX,1,3,0.10,7.00,3.28,OK,0.10,7.00,2.85,OK,
[11:13:29] : Cycle start ON
[11:13:30] : Cycle start OFF
[11:13:30] : 측정요구3 ON
[11:13:35] : 측정요구3 OFF
[11:13:35] : 측정요구4 ON
[11:13:42] : 측정요구4 OFF
[11:13:42] : 21,20181205-111342,CF18120270271,CF 18100413323,OK,MAX,2,3,0.10,7.00,5.46,OK,0.10,7.00,6.61,OK,
[11:14:14] : Cycle start ON
[11:14:14] : Cycle start OFF
[11:14:14] : REQUEST MEAS. ON
[11:14:20] : REQUEST MEAS. OFF
[11:14:20] : 측정요구 ON 2
[11:14:26] : 측정요구 2OFF
[11:14:26] : 21,20181205-111427,CF18120273461,CF 18112010671,NG,MAX,1,0,0.10,7.00,0.10,NG,0.10,7.00,0.10,NG,
[11:14:58] : Cycle start ON
[11:14:58] : Cycle start OFF
[11:14:58] : 측정요구3 ON
[11:15:04] : 측정요구3 OFF
[11:15:04] : 측정요구4 ON
[11:15:10] : 측정요구4 OFF
[11:15:10] : 21,20181205-111510,CF18120271151,CF 18112010761,OK,MAX,2,2,0.10,7.00,0.70,OK,0.10,7.00,0.96,OK,
[11:15:38] : Cycle start ON
[11:15:38] : Cycle start OFF
[11:15:38] : REQUEST MEAS. ON
[11:15:44] : REQUEST MEAS. OFF
[11:15:44] : 측정요구 ON 2
[11:15:50] : 측정요구 2OFF
[11:15:50] : 21,20181205-111551,CF18120271141,CF 18100410263,OK,MAX,1,2,0.10,7.00,1.08,OK,0.10,7.00,0.65,OK,
[11:16:26] : Cycle start ON
[11:16:27] : Cycle start OFF
[11:16:27] : REQUEST MEAS. ON
[11:16:32] : REQUEST MEAS. OFF
[11:16:32] : 측정요구 ON 2
[11:16:38] : 측정요구 2OFF
[11:16:38] : 21,20181205-111639,CF18120271161,CF 18100411743,OK,MAX,1,2,0.10,7.00,1.79,OK,0.10,7.00,1.35,OK,
[11:17:07] : Cycle start ON
[11:17:08] : 측정요구3 ON
[11:17:08] : Cycle start OFF
[11:17:13] : 측정요구3 OFF
[11:17:13] : 측정요구4 ON
[11:17:19] : 측정요구4 OFF
[11:17:19] : 21,20181205-111720,CF 18100411893,CF 18100411893,OK,MAX,2,3,0.10,7.00,1.77,OK,0.10,7.00,3.16,OK,
[11:18:42] : Cycle start ON
[11:18:43] : Cycle start OFF
[11:18:43] : REQUEST MEAS. ON
[11:18:48] : REQUEST MEAS. OFF
[11:18:48] : 측정요구 ON 2
[11:18:54] : 측정요구 2OFF
[11:18:54] : 21,20181205-111855,CF18120271201,CF 18100412703,OK,MAX,1,2,0.10,7.00,2.00,OK,0.10,7.00,1.95,OK,
[11:28:57] : AUTO RUNNING OFF
[11:35:38] : MEAS ESC ON
[11:35:38] : MEAS ESC OFF
[11:35:38] : AUTO RUNNING ON
[11:36:04] : Cycle start ON
[11:36:04] : Cycle start OFF
[11:36:04] : 측정요구3 ON
[11:36:10] : 측정요구3 OFF
[11:36:10] : 측정요구4 ON
[11:36:16] : 측정요구4 OFF
[11:36:16] : 21,20181205-113616,CF18120272681,CF 18100412333,OK,MAX,2,2,0.10,7.00,1.31,OK,0.10,7.00,0.87,OK,
[11:36:26] : Cycle start ON
[11:36:26] : Cycle start OFF
[11:36:26] : REQUEST MEAS. ON
[11:36:32] : REQUEST MEAS. OFF
[11:36:32] : 측정요구 ON 2
[11:36:38] : 측정요구 2OFF
[11:36:38] : 21,20181205-113639,CF18120271211,CF 18100412693,OK,MAX,1,2,0.10,7.00,1.28,OK,0.10,7.00,0.78,OK,
[11:37:14] : Cycle start ON
[11:37:14] : Cycle start OFF
[11:37:14] : REQUEST MEAS. ON
[11:37:20] : REQUEST MEAS. OFF
[11:37:20] : 측정요구 ON 2
[11:37:26] : 측정요구 2OFF
[11:37:26] : 21,20181205-113726,CF18120272751,CF 18100413063,OK,MAX,1,3,0.10,7.00,1.60,OK,0.10,7.00,3.84,OK,
[11:38:23] : Cycle start ON
[11:38:24] : Cycle start OFF
[11:38:24] : REQUEST MEAS. ON
[11:38:29] : REQUEST MEAS. OFF
[11:38:29] : 측정요구 ON 2
[11:38:36] : 측정요구 2OFF
[11:38:36] : 21,20181205-113836,CF18120272781,CF 18100413343,OK,MAX,1,2,0.10,7.00,0.95,OK,0.10,7.00,0.37,OK,
[11:39:11] : Cycle start ON
[11:39:11] : Cycle start OFF
[11:39:11] : REQUEST MEAS. ON
[11:39:17] : REQUEST MEAS. OFF
[11:39:17] : 측정요구 ON 2
[11:39:23] : 측정요구 2OFF
[11:39:23] : 21,20181205-113923,CF18120272521,CF 18100414003,OK,MAX,1,2,0.10,7.00,1.49,OK,0.10,7.00,0.87,OK,
[11:39:59] : Cycle start ON
[11:39:59] : Cycle start OFF
[11:39:59] : REQUEST MEAS. ON
[11:40:04] : REQUEST MEAS. OFF
[11:40:04] : 측정요구 ON 2
[11:40:11] : 측정요구 2OFF
[11:40:11] : 21,20181205-114011,CF18120272511,CF 18100411003,OK,MAX,1,2,0.10,7.00,1.37,OK,0.10,7.00,0.77,OK,
[11:40:44] : Cycle start ON
[11:40:45] : Cycle start OFF
[11:40:45] : 측정요구3 ON
[11:40:50] : 측정요구3 OFF
[11:40:50] : 측정요구4 ON
[11:40:56] : 측정요구4 OFF
[11:40:56] : 21,20181205-114056,CF18120272471,CF 18100413673,OK,MAX,2,3,0.10,7.00,3.46,OK,0.10,7.00,3.37,OK,
[11:41:26] : Cycle start ON
[11:41:27] : Cycle start OFF
[11:41:27] : REQUEST MEAS. ON
[11:41:32] : REQUEST MEAS. OFF
[11:41:32] : 측정요구 ON 2
[11:41:39] : 측정요구 2OFF
[11:41:39] : 21,20181205-114139,CF18120272531,CF 18100412253,OK,MAX,1,2,0.10,7.00,1.68,OK,0.10,7.00,1.37,OK,
[11:42:11] : Cycle start ON
[11:42:11] : Cycle start OFF
[11:42:11] : 측정요구3 ON
[11:42:17] : 측정요구3 OFF
[11:42:17] : 측정요구4 ON
[11:42:23] : 측정요구4 OFF
[11:42:23] : 21,20181205-114224,CF18120272461,CF 18100410403,OK,MAX,2,2,0.10,7.00,1.68,OK,0.10,7.00,1.72,OK,
[11:42:54] : Cycle start ON
[11:42:54] : Cycle start OFF
[11:42:54] : REQUEST MEAS. ON
[11:43:00] : REQUEST MEAS. OFF
[11:43:00] : 측정요구 ON 2
[11:43:06] : 측정요구 2OFF
[11:43:06] : 21,20181205-114307,CF18120273021,CF 18100412163,OK,MAX,1,2,0.10,7.00,1.67,OK,0.10,7.00,2.12,OK,
[11:43:38] : Cycle start ON
[11:43:38] : Cycle start OFF
[11:43:38] : 측정요구3 ON
[11:43:44] : 측정요구3 OFF
[11:43:44] : 측정요구4 ON
[11:43:50] : 측정요구4 OFF
[11:43:50] : 21,20181205-114351,CF18120272601,CF 18100413093,OK,MAX,2,2,0.10,7.00,1.90,OK,0.10,7.00,2.10,OK,
[11:44:25] : Cycle start ON
[11:44:25] : Cycle start OFF
[11:44:25] : REQUEST MEAS. ON
[11:44:31] : REQUEST MEAS. OFF
[11:44:31] : 측정요구 ON 2
[11:44:37] : 측정요구 2OFF
[11:44:37] : 21,20181205-114437,CF18120272551,CF 18112010801,OK,MAX,1,1,0.10,7.00,0.13,OK,0.10,7.00,0.24,OK,
[11:45:06] : Cycle start ON
[11:45:06] : Cycle start OFF
[11:45:06] : 측정요구3 ON
[11:45:12] : 측정요구3 OFF
[11:45:12] : 측정요구4 ON
[11:45:19] : 측정요구4 OFF
[11:45:19] : 21,20181205-114519,CF18120273501,CF 18100410103,OK,MAX,2,2,0.10,7.00,2.79,OK,0.10,7.00,2.57,OK,
[11:45:50] : Cycle start ON
[11:45:50] : Cycle start OFF
[11:45:50] : REQUEST MEAS. ON
[11:45:56] : REQUEST MEAS. OFF
[11:45:56] : 측정요구 ON 2
[11:46:02] : 측정요구 2OFF
[11:46:02] : 21,20181205-114603,CF18120273491,CF 18100413363,OK,MAX,1,3,0.10,7.00,2.28,OK,0.10,7.00,4.36,OK,
 
[11:58:27] : AUTO RUNNING OFF
[13:05:21] : MEAS ESC ON
[13:05:23] : MEAS ESC OFF
[13:05:23] : AUTO RUNNING ON
[13:05:57] : Cycle start ON
[13:05:57] : Cycle start OFF
[13:05:57] : 측정요구3 ON
[13:06:03] : 측정요구3 OFF
[13:06:03] : 측정요구4 ON
[13:06:09] : 측정요구4 OFF
[13:06:09] : 21,20181205-130610,CF18120273081,CF 18100411723,OK,MAX,2,3,0.10,7.00,2.87,OK,0.10,7.00,3.58,OK,
[13:06:12] : Cycle start ON
[13:06:13] : Cycle start OFF
[13:06:13] : REQUEST MEAS. ON
[13:06:18] : REQUEST MEAS. OFF
[13:06:19] : 측정요구 ON 2
[13:06:25] : 측정요구 2OFF
[13:06:25] : 21,20181205-130625,CF18120272931,CF 18100412653,OK,MAX,1,2,0.10,7.00,1.67,OK,0.10,7.00,1.46,OK,
[13:07:00] : Cycle start ON
[13:07:01] : Cycle start OFF
[13:07:01] : REQUEST MEAS. ON
[13:07:06] : REQUEST MEAS. OFF
[13:07:06] : 측정요구 ON 2
[13:07:13] : 측정요구 2OFF
[13:07:13] : 21,20181205-130713,CF18120272811,CF 18100410293,OK,MAX,1,2,0.10,7.00,0.99,OK,0.10,7.00,1.17,OK,
[13:07:47] : Cycle start ON
[13:07:47] : Cycle start OFF
[13:07:47] : REQUEST MEAS. ON
[13:07:52] : REQUEST MEAS. OFF
[13:07:52] : 측정요구 ON 2
[13:07:59] : 측정요구 2OFF
[13:07:59] : 21,20181205-130759,CF18120272761,CF 18100413713,OK,MAX,1,3,0.10,7.00,5.58,OK,0.10,7.00,4.74,OK,
[13:08:32] : Cycle start ON
[13:08:32] : Cycle start OFF
[13:08:32] : 측정요구3 ON
[13:08:38] : 측정요구3 OFF
[13:08:38] : 측정요구4 ON
[13:08:44] : 측정요구4 OFF
[13:08:44] : 21,20181205-130845,CF18120272571,CF 18100410333,OK,MAX,2,3,0.10,7.00,4.97,OK,0.10,7.00,6.38,OK,
[13:09:14] : Cycle start ON
[13:09:15] : Cycle start OFF
[13:09:15] : REQUEST MEAS. ON
[13:09:20] : REQUEST MEAS. OFF
[13:09:20] : 측정요구 ON 2
[13:09:27] : 측정요구 2OFF
[13:09:27] : 21,20181205-130927,CF18120272581,CF 18100413993,OK,MAX,1,2,0.10,7.00,1.17,OK,0.10,7.00,1.89,OK,
[13:10:01] : Cycle start ON
[13:10:01] : Cycle start OFF
[13:10:01] : 측정요구3 ON
[13:10:07] : 측정요구3 OFF
[13:10:07] : 측정요구4 ON
[13:10:12] : 측정요구4 OFF
[13:10:13] : 21,20181205-131013,CF18120550831,CF 18100411193,OK,MAX,2,2,0.10,7.00,1.49,OK,0.10,7.00,1.29,OK,
[13:10:42] : Cycle start ON
[13:10:42] : Cycle start OFF
[13:10:42] : REQUEST MEAS. ON
[13:10:48] : REQUEST MEAS. OFF
[13:10:48] : 측정요구 ON 2
[13:10:55] : 측정요구 2OFF
[13:10:55] : 21,20181205-131055,CF18120550841,CF 18100411143,OK,MAX,1,2,0.10,7.00,2.59,OK,0.10,7.00,2.28,OK,
[13:11:42] : Cycle start ON
[13:11:42] : Cycle start OFF
[13:11:42] : 측정요구3 ON
[13:11:48] : 측정요구3 OFF
[13:11:48] : 측정요구4 ON
[13:11:54] : 측정요구4 OFF
[13:11:54] : 21,20181205-131155,CF18120550821,CF 18100411133,OK,MAX,2,2,0.10,7.00,1.20,OK,0.10,7.00,1.88,OK,
[13:12:10] : Cycle start ON
[13:12:10] : Cycle start OFF
[13:12:10] : REQUEST MEAS. ON
[13:12:16] : REQUEST MEAS. OFF
[13:12:16] : 측정요구 ON 2
[13:12:22] : 측정요구 2OFF
[13:12:22] : 21,20181205-131222,CF18120550811,CF 18100411113,OK,MAX,1,2,0.10,7.00,0.95,OK,0.10,7.00,2.06,OK,
[13:13:09] : Cycle start ON
[13:13:09] : Cycle start OFF
[13:13:09] : REQUEST MEAS. ON
[13:13:15] : REQUEST MEAS. OFF
[13:13:15] : 측정요구 ON 2
[13:13:21] : 측정요구 2OFF
[13:13:21] : 21,20181205-131321,CF18120550801,CF 18100411123,OK,MAX,1,3,0.10,7.00,1.87,OK,0.10,7.00,3.06,OK,
[13:13:54] : Cycle start ON
[13:13:55] : REQUEST MEAS. ON
[13:13:55] : Cycle start OFF
[13:14:00] : REQUEST MEAS. OFF
[13:14:00] : 측정요구 ON 2
[13:14:07] : 측정요구 2OFF
[13:14:07] : 21,20181205-131407,CF18120550791,CF 18100411093,OK,MAX,1,1,0.10,7.00,0.79,OK,0.10,7.00,0.56,OK,
[13:14:41] : Cycle start ON
[13:14:41] : Cycle start OFF
[13:14:41] : 측정요구3 ON
[13:14:46] : 측정요구3 OFF
[13:14:46] : 측정요구4 ON
[13:14:53] : 측정요구4 OFF
[13:14:53] : 21,20181205-131453,CF18120550781,CF 18100411083,OK,MAX,2,2,0.10,7.00,1.77,OK,0.10,7.00,2.06,OK,
[13:15:24] : Cycle start ON
[13:15:24] : Cycle start OFF
[13:15:24] : REQUEST MEAS. ON
[13:15:30] : REQUEST MEAS. OFF
[13:15:30] : 측정요구 ON 2
[13:15:37] : 측정요구 2OFF
[13:15:37] : 21,20181205-131537,CF18120550761,CF 18100411203,OK,MAX,1,2,0.10,7.00,1.96,OK,0.10,7.00,1.56,OK,
[13:24:26] : AUTO RUNNING OFF
[13:25:24] : MEAS ESC ON
[13:25:25] : MEAS ESC OFF
[13:25:25] : AUTO RUNNING ON
[13:25:58] : Cycle start ON
[13:25:59] : Cycle start OFF
[13:25:59] : REQUEST MEAS. ON
[13:26:04] : REQUEST MEAS. OFF
[13:26:04] : 측정요구 ON 2
[13:26:11] : 측정요구 2OFF
[13:26:11] : 21,20181205-132611,CF18120550771,CF 18100411213,OK,MAX,1,2,0.10,7.00,1.47,OK,0.10,7.00,1.32,OK,
[13:29:14] : Cycle start ON
[13:29:14] : Cycle start OFF
[13:29:14] : REQUEST MEAS. ON
[13:29:19] : REQUEST MEAS. OFF
[13:29:19] : 측정요구 ON 2
[13:29:26] : 측정요구 2OFF
[13:29:26] : 21,20181205-132926,CF18120550911,CF 18100411153,OK,MAX,1,2,0.10,7.00,1.71,OK,0.10,7.00,2.85,OK,
[13:29:35] : Cycle start ON
[13:29:35] : Cycle start OFF
[13:29:35] : 측정요구3 ON
[13:29:41] : 측정요구3 OFF
[13:29:41] : 측정요구4 ON
[13:29:48] : 측정요구4 OFF
[13:29:48] : 21,20181205-132948,CF18120550941,CF 18100411163,OK,MAX,2,2,0.10,7.00,1.23,OK,0.10,7.00,1.16,OK,
[13:30:24] : Cycle start ON
[13:30:25] : Cycle start OFF
[13:30:25] : REQUEST MEAS. ON
[13:30:30] : REQUEST MEAS. OFF
[13:30:30] : 측정요구 ON 2
[13:30:37] : 측정요구 2OFF
[13:30:37] : 21,20181205-133037,CF18120550921,CF 18100411283,OK,MAX,1,3,0.10,7.00,4.19,OK,0.10,7.00,6.96,OK,
[13:31:28] : Cycle start ON
[13:31:28] : Cycle start OFF
[13:31:28] : REQUEST MEAS. ON
[13:31:34] : REQUEST MEAS. OFF
[13:31:34] : 측정요구 ON 2
[13:31:41] : 측정요구 2OFF
[13:31:41] : 21,20181205-133141,CF18120550901,CF 18100411263,OK,MAX,1,2,0.10,7.00,1.68,OK,0.10,7.00,1.06,OK,
[13:32:16] : Cycle start ON
[13:32:16] : Cycle start OFF
[13:32:16] : REQUEST MEAS. ON
[13:32:22] : REQUEST MEAS. OFF
[13:32:22] : 측정요구 ON 2
[13:32:28] : 측정요구 2OFF
[13:32:28] : 21,20181205-133228,CF18120550931,CF 18100411273,OK,MAX,1,2,0.10,7.00,1.18,OK,0.10,7.00,1.55,OK,
[13:33:05] : Cycle start ON
[13:33:05] : Cycle start OFF
[13:33:05] : REQUEST MEAS. ON
[13:33:10] : REQUEST MEAS. OFF
[13:33:10] : 측정요구 ON 2
[13:33:16] : 측정요구 2OFF
[13:33:16] : 21,20181205-133317,CF18120550871,CF 18100411253,OK,MAX,1,2,0.10,7.00,1.19,OK,0.10,7.00,0.77,OK,
[13:33:44] : Cycle start ON
[13:33:44] : Cycle start OFF
[13:33:44] : 측정요구3 ON
[13:33:50] : 측정요구3 OFF
[13:33:50] : 측정요구4 ON
[13:33:56] : 측정요구4 OFF
[13:33:56] : 21,20181205-133356,CF18120550891,CF 18100411243,OK,MAX,2,2,0.10,7.00,1.57,OK,0.10,7.00,1.87,OK,
[13:35:08] : Cycle start ON
[13:35:09] : Cycle start OFF
[13:35:09] : REQUEST MEAS. ON
[13:35:14] : REQUEST MEAS. OFF
[13:35:14] : 측정요구 ON 2
[13:35:20] : 측정요구 2OFF
[13:35:20] : 21,20181205-133521,CF18120550861,CF 18100411233,NG,MAX,1,3,0.10,7.00,5.00,OK,0.10,7.00,8.36,NG,
[13:36:37] : Cycle start ON
[13:36:37] : Cycle start OFF
[13:36:37] : REQUEST MEAS. ON
[13:36:42] : REQUEST MEAS. OFF
[13:36:42] : 측정요구 ON 2
[13:36:49] : 측정요구 2OFF
[13:36:49] : 21,20181205-133649,CF18120550681,CF 18111912122,OK,MAX,1,1,0.10,7.00,0.25,OK,0.10,7.00,0.14,OK,
[13:37:24] : Cycle start ON
[13:37:25] : Cycle start OFF
[13:37:25] : REQUEST MEAS. ON
[13:37:30] : REQUEST MEAS. OFF
[13:37:30] : 측정요구 ON 2
[13:37:37] : 측정요구 2OFF
[13:37:37] : 21,20181205-133737,CF18120550661,CF 18111912162,OK,MAX,1,1,0.10,7.00,0.27,OK,0.10,7.00,0.35,OK,
[13:38:11] : Cycle start ON
[13:38:11] : Cycle start OFF
[13:38:11] : REQUEST MEAS. ON
[13:38:16] : REQUEST MEAS. OFF
[13:38:17] : 측정요구 ON 2
[13:38:23] : 측정요구 2OFF
[13:38:23] : 21,20181205-133823,CF18120550671,CF 18111912132,OK,MAX,1,2,0.10,7.00,1.18,OK,0.10,7.00,1.66,OK,
[13:39:32] : Cycle start ON
[13:39:32] : Cycle start OFF
[13:39:32] : REQUEST MEAS. ON
[13:39:37] : REQUEST MEAS. OFF
[13:39:38] : 측정요구 ON 2
[13:39:44] : 측정요구 2OFF
[13:39:44] : 21,20181205-133945,CF18120550651,CF 18111912142,OK,MAX,1,1,0.10,7.00,0.36,OK,0.10,7.00,0.36,OK,
[13:40:20] : Cycle start ON
[13:40:21] : Cycle start OFF
[13:40:21] : REQUEST MEAS. ON
[13:40:26] : REQUEST MEAS. OFF
[13:40:26] : 측정요구 ON 2
[13:40:32] : 측정요구 2OFF
[13:40:32] : 21,20181205-134033,CF18120550741,CF 18111912182,OK,MAX,1,1,0.10,7.00,0.11,OK,0.10,7.00,0.36,OK,
[13:41:25] : AUTO RUNNING OFF
[13:42:16] : MEAS ESC ON
[13:42:17] : MEAS ESC OFF
[13:42:17] : AUTO RUNNING ON
[13:42:48] : Cycle start ON
[13:42:49] : Cycle start OFF
[13:42:49] : REQUEST MEAS. ON
[13:42:54] : REQUEST MEAS. OFF
[13:42:54] : 측정요구 ON 2
[13:43:01] : 측정요구 2OFF
[13:43:01] : 21,20181205-134301,CF18120550721,CF 18111912192,OK,MAX,1,1,0.10,7.00,0.11,OK,0.10,7.00,0.16,OK,
[13:43:10] : Cycle start ON
[13:43:11] : Cycle start OFF
[13:43:11] : 측정요구3 ON
[13:43:16] : 측정요구3 OFF
[13:43:16] : 측정요구4 ON
[13:43:22] : 측정요구4 OFF
[13:43:22] : 21,20181205-134323,CF18120550731,CF 18111912252,OK,MAX,2,1,0.10,7.00,0.27,OK,0.10,7.00,0.16,OK,
[13:43:58] : Cycle start ON
[13:43:59] : Cycle start OFF
[13:43:59] : REQUEST MEAS. ON
[13:44:04] : REQUEST MEAS. OFF
[13:44:04] : 측정요구 ON 2
[13:44:10] : 측정요구 2OFF
[13:44:10] : 21,20181205-134411,CF18120550711,CF 18111912242,OK,MAX,1,1,0.10,7.00,0.50,OK,0.10,7.00,0.37,OK,
[13:44:44] : Cycle start ON
[13:44:45] : Cycle start OFF
[13:44:45] : REQUEST MEAS. ON
[13:44:50] : REQUEST MEAS. OFF
[13:44:50] : 측정요구 ON 2
[13:44:57] : 측정요구 2OFF
[13:44:57] : 21,20181205-134457,CF18120550701,CF 18111912202,NG,MAX,1,0,0.10,7.00,0.09,NG,0.10,7.00,0.32,OK,
[13:45:28] : Cycle start ON
[13:45:28] : Cycle start OFF
[13:45:28] : 측정요구3 ON
[13:45:34] : 측정요구3 OFF
[13:45:34] : 측정요구4 ON
[13:45:40] : 측정요구4 OFF
[13:45:40] : 21,20181205-134540,CF18120550621,CF 18111912232,OK,MAX,2,3,0.10,7.00,1.48,OK,0.10,7.00,3.95,OK,
[13:46:12] : Cycle start ON
[13:46:12] : Cycle start OFF
[13:46:12] : REQUEST MEAS. ON
[13:46:18] : REQUEST MEAS. OFF
[13:46:18] : 측정요구 ON 2
[13:46:24] : 측정요구 2OFF
[13:46:24] : 21,20181205-134624,CF18120550641,CF 18111912212,OK,MAX,1,2,0.10,7.00,2.09,OK,0.10,7.00,2.93,OK,
[13:46:56] : Cycle start ON
[13:46:57] : Cycle start OFF
[13:46:57] : 측정요구3 ON
[13:47:02] : 측정요구3 OFF
[13:47:02] : 측정요구4 ON
[13:47:09] : 측정요구4 OFF
[13:47:09] : 21,20181205-134709,CF18120550611,CF 18111912222,OK,MAX,2,2,0.10,7.00,1.10,OK,0.10,7.00,1.95,OK,
[13:47:37] : Cycle start ON
[13:47:38] : Cycle start OFF
[13:47:38] : REQUEST MEAS. ON
[13:47:43] : REQUEST MEAS. OFF
[13:47:43] : 측정요구 ON 2
[13:47:50] : 측정요구 2OFF
[13:47:50] : 21,20181205-134750,CF18120550631,CF 18111912292,OK,MAX,1,1,0.10,7.00,0.36,OK,0.10,7.00,0.45,OK,
[13:48:26] : Cycle start ON
[13:48:27] : Cycle start OFF
[13:48:27] : REQUEST MEAS. ON
[13:48:32] : REQUEST MEAS. OFF
[13:48:32] : 측정요구 ON 2
[13:48:39] : 측정요구 2OFF
[13:48:39] : 21,20181205-134839,CF18120550601,CF 18111912262,OK,MAX,1,2,0.10,7.00,0.49,OK,0.10,7.00,1.26,OK,
[13:49:07] : Cycle start ON
[13:49:07] : Cycle start OFF
[13:49:07] : 측정요구3 ON
[13:49:13] : 측정요구3 OFF
[13:49:13] : 측정요구4 ON
[13:49:20] : 측정요구4 OFF
[13:49:20] : 21,20181205-134920,CF18120550581,CF 18111912302,OK,MAX,2,1,0.10,7.00,0.29,OK,0.10,7.00,0.28,OK,
[13:49:54] : Cycle start ON
[13:49:54] : Cycle start OFF
[13:49:54] : REQUEST MEAS. ON
[13:49:59] : REQUEST MEAS. OFF
[13:49:59] : 측정요구 ON 2
[13:50:06] : 측정요구 2OFF
[13:50:06] : 21,20181205-135006,CF18120550571,CF 18111912272,OK,MAX,1,2,0.10,7.00,1.47,OK,0.10,7.00,2.46,OK,
[13:50:33] : Cycle start ON
[13:50:34] : Cycle start OFF
[13:50:34] : 측정요구3 ON
[13:50:39] : 측정요구3 OFF
[13:50:39] : 측정요구4 ON
[13:50:46] : 측정요구4 OFF
[13:50:46] : 21,20181205-135046,CF18120550561,CF 18111912312,OK,MAX,2,1,0.10,7.00,0.27,OK,0.10,7.00,0.43,OK,
[13:51:20] : Cycle start ON
[13:51:21] : Cycle start OFF
[13:51:21] : REQUEST MEAS. ON
[13:51:26] : REQUEST MEAS. OFF
[13:51:26] : 측정요구 ON 2
[13:51:33] : 측정요구 2OFF
[13:51:33] : 21,20181205-135133,CF18120550551,CF 18111912282,OK,MAX,1,1,0.10,7.00,0.29,OK,0.10,7.00,0.45,OK,
[13:52:54] : Cycle start ON
[13:52:55] : Cycle start OFF
[13:52:55] : REQUEST MEAS. ON
[13:53:00] : REQUEST MEAS. OFF
[13:53:00] : 측정요구 ON 2
[13:53:07] : 측정요구 2OFF
[13:53:07] : 21,20181205-135307,CF18120550291,CF 18100411173,OK,MAX,1,2,0.10,7.00,1.88,OK,0.10,7.00,1.65,OK,
[13:53:40] : Cycle start ON
[13:53:41] : Cycle start OFF
[13:53:41] : REQUEST MEAS. ON
[13:53:46] : REQUEST MEAS. OFF
[13:53:46] : 측정요구 ON 2
[13:53:53] : 측정요구 2OFF
[13:53:53] : 21,20181205-135353,CF18120550281,CF 18112011891,OK,MAX,1,2,0.10,7.00,1.19,OK,0.10,7.00,1.45,OK,
[13:54:29] : Cycle start ON
[13:54:29] : REQUEST MEAS. ON
[13:54:29] : Cycle start OFF
[13:54:34] : REQUEST MEAS. OFF
[13:54:34] : 측정요구 ON 2
[13:54:41] : 측정요구 2OFF
[13:54:41] : 21,20181205-135441,CF18120550271,CF 18100411183,OK,MAX,1,2,0.10,7.00,1.89,OK,0.10,7.00,1.45,OK,
[13:55:09] : Cycle start ON
[13:55:10] : Cycle start OFF
[13:55:10] : 측정요구3 ON
[13:55:15] : 측정요구3 OFF
[13:55:15] : 측정요구4 ON
[13:55:22] : 측정요구4 OFF
[13:55:22] : 21,20181205-135522,CF18120550261,CF 18112011811,OK,MAX,2,1,0.10,7.00,0.30,OK,0.10,7.00,0.45,OK,
[13:55:57] : Cycle start ON
[13:55:57] : Cycle start OFF
[13:55:57] : REQUEST MEAS. ON
[13:56:03] : REQUEST MEAS. OFF
[13:56:03] : 측정요구 ON 2
[13:56:09] : 측정요구 2OFF
[13:56:09] : 21,20181205-135609,CF18120550251,CF 18112011751,OK,MAX,1,1,0.10,7.00,0.37,OK,0.10,7.00,0.43,OK,
[13:56:38] : Cycle start ON
[13:56:38] : Cycle start OFF
[13:56:38] : 측정요구3 ON
[13:56:43] : 측정요구3 OFF
[13:56:43] : 측정요구4 ON
[13:56:50] : 측정요구4 OFF
[13:56:50] : 21,20181205-135650,CF18120550341,CF 18112011781,OK,MAX,2,2,0.10,7.00,0.77,OK,0.10,7.00,1.75,OK,
[13:57:25] : Cycle start ON
[13:57:26] : Cycle start OFF
[13:57:26] : REQUEST MEAS. ON
[13:57:31] : REQUEST MEAS. OFF
[13:57:31] : 측정요구 ON 2
[13:57:38] : 측정요구 2OFF
[13:57:38] : 21,20181205-135739,CF18120550331,CF 18112011791,OK,MAX,1,2,0.10,7.00,0.69,OK,0.10,7.00,1.25,OK,
[13:58:06] : Cycle start ON
[13:58:06] : Cycle start OFF
[13:58:06] : 측정요구3 ON
[13:58:12] : 측정요구3 OFF
[13:58:12] : 측정요구4 ON
[13:58:18] : 측정요구4 OFF
[13:58:18] : 21,20181205-135818,CF18120550321,CF 18112011721,OK,MAX,2,3,0.10,7.00,2.29,OK,0.10,7.00,5.78,OK,
[13:58:52] : Cycle start ON
[13:58:52] : Cycle start OFF
[13:58:52] : REQUEST MEAS. ON
[13:58:58] : REQUEST MEAS. OFF
[13:58:58] : 측정요구 ON 2
[13:59:05] : 측정요구 2OFF
[13:59:05] : 21,20181205-135905,CF18120550311,CF 18112011711,OK,MAX,1,1,0.10,7.00,0.38,OK,0.10,7.00,0.38,OK,
[13:59:34] : Cycle start ON
[13:59:34] : Cycle start OFF
[13:59:34] : 측정요구3 ON
[13:59:39] : 측정요구3 OFF
[13:59:39] : 측정요구4 ON
[13:59:46] : 측정요구4 OFF
[13:59:46] : 21,20181205-135946,CF18120550301,CF 18111912952,OK,MAX,2,1,0.10,7.00,0.19,OK,0.10,7.00,0.36,OK,
[14:00:20] : Cycle start ON
[14:00:20] : Cycle start OFF
[14:00:20] : REQUEST MEAS. ON
[14:00:26] : REQUEST MEAS. OFF
[14:00:26] : 측정요구 ON 2
[14:00:33] : 측정요구 2OFF
[14:00:33] : 21,20181205-140033,CF18120550391,CF 18112011801,OK,MAX,1,1,0.10,7.00,0.29,OK,0.10,7.00,0.38,OK,
[14:01:01] : Cycle start ON
[14:01:01] : Cycle start OFF
[14:01:01] : 측정요구3 ON
[14:01:07] : 측정요구3 OFF
[14:01:07] : 측정요구4 ON
[14:01:14] : 측정요구4 OFF
[14:01:14] : 21,20181205-140114,CF18120550381,CF 18112011771,OK,MAX,2,1,0.10,7.00,0.19,OK,0.10,7.00,0.34,OK,
[14:01:46] : Cycle start ON
[14:01:46] : Cycle start OFF
[14:01:46] : REQUEST MEAS. ON
[14:01:52] : REQUEST MEAS. OFF
[14:01:52] : 측정요구 ON 2
[14:01:58] : 측정요구 2OFF
[14:01:58] : 21,20181205-140159,CF18120550371,CF 18112011761,OK,MAX,1,1,0.10,7.00,0.39,OK,0.10,7.00,0.36,OK,
[14:02:39] : Cycle start ON
[14:02:40] : Cycle start OFF
[14:02:40] : 측정요구3 ON
[14:02:45] : 측정요구3 OFF
[14:02:45] : 측정요구4 ON
[14:02:51] : 측정요구4 OFF
[14:02:51] : 21,20181205-140252,CF18120550361,CF 18112011821,OK,MAX,2,2,0.10,7.00,0.81,OK,0.10,7.00,1.16,OK,
[14:03:14] : Cycle start ON
[14:03:14] : Cycle start OFF
[14:03:14] : REQUEST MEAS. ON
[14:03:20] : REQUEST MEAS. OFF
[14:03:20] : 측정요구 ON 2
[14:03:26] : 측정요구 2OFF
[14:03:26] : 21,20181205-140327,CF18120550351,CF 18112011871,OK,MAX,1,1,0.10,7.00,0.11,OK,0.10,7.00,0.10,OK,
[14:04:46] : Cycle start ON
[14:04:47] : Cycle start OFF
[14:04:47] : 측정요구3 ON
[14:04:52] : 측정요구3 OFF
[14:04:52] : 측정요구4 ON
[14:04:58] : 측정요구4 OFF
[14:04:58] : 21,20181205-140459,CF18120550431,CF 18112011841,OK,MAX,2,2,0.10,7.00,0.93,OK,0.10,7.00,0.85,OK,
[14:05:06] : Cycle start ON
[14:05:07] : Cycle start OFF
[14:05:07] : REQUEST MEAS. ON
[14:05:12] : REQUEST MEAS. OFF
[14:05:12] : 측정요구 ON 2
[14:05:18] : 측정요구 2OFF
[14:05:18] : 21,20181205-140519,CF18120550441,CF 18112011831,OK,MAX,1,1,0.10,7.00,0.28,OK,0.10,7.00,0.35,OK,
[14:05:58] : Cycle start ON
[14:05:59] : Cycle start OFF
[14:05:59] : REQUEST MEAS. ON
[14:06:04] : REQUEST MEAS. OFF
[14:06:04] : 측정요구 ON 2
[14:06:10] : 측정요구 2OFF
[14:06:10] : 21,20181205-140611,CF18120550421,CF 18112011881,OK,MAX,1,1,0.10,7.00,0.29,OK,0.10,7.00,0.47,OK,
[14:06:37] : Cycle start ON
[14:06:37] : Cycle start OFF
[14:06:37] : REQUEST MEAS. ON
[14:06:42] : REQUEST MEAS. OFF
[14:06:42] : 측정요구 ON 2
[14:06:49] : 측정요구 2OFF
[14:06:49] : 21,20181205-140649,CF18120550411,CF 18112011851,OK,MAX,1,1,0.10,7.00,0.25,OK,0.10,7.00,0.42,OK,
[14:08:30] : Cycle start ON
[14:08:31] : Cycle start OFF
[14:08:31] : REQUEST MEAS. ON
[14:08:36] : REQUEST MEAS. OFF
[14:08:36] : 측정요구 ON 2
[14:08:43] : 측정요구 2OFF
[14:08:43] : 21,20181205-140843,CF18120550401,CF 18112011861,OK,MAX,1,1,0.10,7.00,0.27,OK,0.10,7.00,0.55,OK,
[14:09:04] : Cycle start ON
[14:09:05] : Cycle start OFF
[14:09:05] : 측정요구3 ON
[14:09:10] : 측정요구3 OFF
[14:09:10] : 측정요구4 ON
[14:09:17] : 측정요구4 OFF
[14:09:17] : 21,20181205-140917,CF18120550491,CF 18111912772,OK,MAX,2,1,0.10,7.00,0.55,OK,0.10,7.00,0.86,OK,
[14:09:37] : Cycle start ON
[14:09:37] : Cycle start OFF
[14:09:37] : REQUEST MEAS. ON
[14:09:42] : REQUEST MEAS. OFF
[14:09:42] : 측정요구 ON 2
[14:09:49] : 측정요구 2OFF
[14:09:49] : 21,20181205-140949,CF18120550481,CF 18111912792,OK,MAX,1,2,0.10,7.00,0.68,OK,0.10,7.00,2.26,OK,
[14:10:20] : Cycle start ON
[14:10:20] : Cycle start OFF
[14:10:20] : REQUEST MEAS. ON
[14:10:25] : REQUEST MEAS. OFF
[14:10:25] : 측정요구 ON 2
[14:10:32] : 측정요구 2OFF
[14:10:32] : 21,20181205-141032,CF18120550471,CF 18111912762,OK,MAX,1,1,0.10,7.00,0.38,OK,0.10,7.00,0.62,OK,
[14:11:11] : Cycle start ON
[14:11:11] : Cycle start OFF
[14:11:11] : 측정요구3 ON
[14:11:16] : 측정요구3 OFF
[14:11:16] : 측정요구4 ON
[14:11:21] : 측정요구4 OFF
[14:11:22] : 21,20181205-141122,CF18120550461,CF 18111912802,OK,MAX,2,2,0.10,7.00,0.61,OK,0.10,7.00,1.46,OK,
[14:11:48] : Cycle start ON
[14:11:48] : Cycle start OFF
[14:11:48] : REQUEST MEAS. ON
[14:11:53] : REQUEST MEAS. OFF
[14:11:54] : 측정요구 ON 2
[14:12:01] : 측정요구 2OFF
[14:12:01] : 21,20181205-141201,CF18120550451,CF 18111912752,OK,MAX,1,1,0.10,7.00,0.42,OK,0.10,7.00,0.49,OK,
[14:12:36] : Cycle start ON
[14:12:36] : Cycle start OFF
[14:12:36] : 측정요구3 ON
[14:12:41] : 측정요구3 OFF
[14:12:41] : 측정요구4 ON
[14:12:48] : 측정요구4 OFF
[14:12:48] : 21,20181205-141248,CF18120550541,CF 18111912812,OK,MAX,2,2,0.10,7.00,0.42,OK,0.10,7.00,1.36,OK,
[14:13:16] : Cycle start ON
[14:13:16] : Cycle start OFF
[14:13:16] : REQUEST MEAS. ON
[14:13:22] : REQUEST MEAS. OFF
[14:13:22] : 측정요구 ON 2
[14:13:28] : 측정요구 2OFF
[14:13:28] : 21,20181205-141329,CF18120550531,CF 18111912782,OK,MAX,1,1,0.10,7.00,0.18,OK,0.10,7.00,0.34,OK,
[14:14:04] : Cycle start ON
[14:14:04] : Cycle start OFF
[14:14:04] : REQUEST MEAS. ON
[14:14:10] : REQUEST MEAS. OFF
[14:14:10] : 측정요구 ON 2
[14:14:16] : 측정요구 2OFF
[14:14:16] : 21,20181205-141416,CF18120550521,CF 18111912852,OK,MAX,1,2,0.10,7.00,2.18,OK,0.10,7.00,1.38,OK,
[14:14:49] : Cycle start ON
[14:14:50] : Cycle start OFF
[14:14:50] : REQUEST MEAS. ON
[14:14:55] : REQUEST MEAS. OFF
[14:14:55] : 측정요구 ON 2
[14:15:02] : 측정요구 2OFF
[14:15:02] : 21,20181205-141502,CF18120550511,CF 18111912862,OK,MAX,1,1,0.10,7.00,0.66,OK,0.10,7.00,0.64,OK,
[14:15:39] : Cycle start ON
[14:15:40] : Cycle start OFF
[14:15:40] : REQUEST MEAS. ON
[14:15:45] : REQUEST MEAS. OFF
[14:15:45] : 측정요구 ON 2
[14:15:51] : 측정요구 2OFF
[14:15:51] : 21,20181205-141551,CF18120550501,CF 18111912842,OK,MAX,1,1,0.10,7.00,0.11,OK,0.10,7.00,0.25,OK,
[14:16:26] : Cycle start ON
[14:16:27] : Cycle start OFF
[14:16:27] : REQUEST MEAS. ON
[14:16:32] : REQUEST MEAS. OFF
[14:16:32] : 측정요구 ON 2
[14:16:38] : 측정요구 2OFF
[14:16:38] : 21,20181205-141639,CF18120550991,CF 18111912872,OK,MAX,1,1,0.10,7.00,0.38,OK,0.10,7.00,0.56,OK,
[14:17:10] : Cycle start ON
[14:17:11] : Cycle start OFF
[14:17:11] : 측정요구3 ON
[14:17:15] : 측정요구3 OFF
[14:17:15] : 측정요구4 ON
[14:17:22] : 측정요구4 OFF
[14:17:22] : 21,20181205-141723,CF18120550981,CF 18111912832,OK,MAX,2,1,0.10,7.00,0.58,OK,0.10,7.00,0.35,OK,
[14:17:53] : Cycle start ON
[14:17:53] : Cycle start OFF
[14:17:53] : REQUEST MEAS. ON
[14:17:58] : REQUEST MEAS. OFF
[14:17:58] : 측정요구 ON 2
[14:18:05] : 측정요구 2OFF
[14:18:05] : 21,20181205-141805,CF18120550971,CF 18111912882,OK,MAX,1,2,0.10,7.00,1.08,OK,0.10,7.00,2.45,OK,
[14:18:41] : Cycle start ON
[14:18:41] : Cycle start OFF
[14:18:41] : REQUEST MEAS. ON
[14:18:46] : REQUEST MEAS. OFF
[14:18:46] : 측정요구 ON 2
[14:18:53] : 측정요구 2OFF
[14:18:53] : 21,20181205-141853,CF18120550961,CF 18111912822,OK,MAX,1,1,0.10,7.00,0.39,OK,0.10,7.00,0.43,OK,
[14:19:21] : Cycle start ON
[14:19:22] : Cycle start OFF
[14:19:22] : 측정요구3 ON
[14:19:27] : 측정요구3 OFF
[14:19:27] : 측정요구4 ON
[14:19:33] : 측정요구4 OFF
[14:19:33] : 21,20181205-141934,CF18120550951,CF 18111912922,OK,MAX,2,2,0.10,7.00,0.44,OK,0.10,7.00,0.95,OK,
[14:20:09] : Cycle start ON
[14:20:09] : Cycle start OFF
[14:20:09] : REQUEST MEAS. ON
[14:20:14] : REQUEST MEAS. OFF
[14:20:14] : 측정요구 ON 2
[14:20:20] : 측정요구 2OFF
[14:20:20] : 21,20181205-142021,CF18120551031,CF 18111912932,OK,MAX,1,2,0.10,7.00,0.79,OK,0.10,7.00,2.07,OK,
[14:20:50] : Cycle start ON
[14:20:50] : Cycle start OFF
[14:20:50] : 측정요구3 ON
[14:20:56] : 측정요구3 OFF
[14:20:56] : 측정요구4 ON
[14:21:02] : 측정요구4 OFF
[14:21:02] : 21,20181205-142102,CF18120551061,CF 18111912912,OK,MAX,2,2,0.10,7.00,0.50,OK,0.10,7.00,0.96,OK,
[14:21:36] : Cycle start ON
[14:21:36] : Cycle start OFF
[14:21:36] : REQUEST MEAS. ON
[14:21:41] : REQUEST MEAS. OFF
[14:21:42] : 측정요구 ON 2
[14:21:48] : 측정요구 2OFF
[14:21:48] : 21,20181205-142149,CF18120551021,CF 18111912942,OK,MAX,1,1,0.10,7.00,0.38,OK,0.10,7.00,0.35,OK,
[14:22:17] : Cycle start ON
[14:22:18] : Cycle start OFF
[14:22:18] : 측정요구3 ON
[14:22:23] : 측정요구3 OFF
[14:22:23] : 측정요구4 ON
[14:22:30] : 측정요구4 OFF
[14:22:30] : 21,20181205-142230,CF18120551011,CF 18111912902,OK,MAX,2,3,0.10,7.00,1.78,OK,0.10,7.00,5.17,OK,
[14:23:04] : Cycle start ON
[14:23:05] : Cycle start OFF
[14:23:05] : REQUEST MEAS. ON
[14:23:10] : REQUEST MEAS. OFF
[14:23:10] : 측정요구 ON 2
[14:23:17] : 측정요구 2OFF
[14:23:17] : 21,20181205-142317,CF18120551001,CF 18111912892,OK,MAX,1,2,0.10,7.00,0.59,OK,0.10,7.00,1.15,OK,
[14:23:47] : Cycle start ON
[14:23:47] : Cycle start OFF
[14:23:47] : 측정요구3 ON
[14:23:53] : 측정요구3 OFF
[14:23:53] : 측정요구4 ON
[14:23:59] : 측정요구4 OFF
[14:23:59] : 21,20181205-142359,CF18100851461,CF 18100412133,OK,MAX,2,2,0.10,7.00,1.90,OK,0.10,7.00,2.84,OK,
[14:24:30] : Cycle start ON
[14:24:31] : Cycle start OFF
[14:24:31] : REQUEST MEAS. ON
[14:24:36] : REQUEST MEAS. OFF
[14:24:36] : 측정요구 ON 2
[14:24:42] : 측정요구 2OFF
[14:24:42] : 21,20181205-142442,CF18120272861,CF 18100412313,OK,MAX,1,2,0.10,7.00,2.20,OK,0.10,7.00,1.58,OK,
[14:26:45] : AUTO RUNNING OFF
[14:29:28] : MEAS ESC ON
[14:29:35] : MEAS ESC OFF
[14:29:35] : AUTO RUNNING ON
[14:29:47] : Cycle start ON
[14:29:48] : Cycle start OFF
[14:29:48] : 측정요구3 ON
[14:29:53] : 측정요구3 OFF
[14:29:53] : Cycle start ON
[14:29:53] : 측정요구4 ON
[14:29:53] : Cycle start OFF
[14:30:00] : 측정요구4 OFF
[14:30:00] : 21,20181205-143000,CF18120270081,CF 18100413863,OK,MAX,2,3,0.10,7.00,4.79,OK,0.10,7.00,4.65,OK,
[14:30:00] : REQUEST MEAS. ON
[14:30:06] : REQUEST MEAS. OFF
[14:30:06] : 측정요구 ON 2
[14:30:12] : 측정요구 2OFF
[14:30:12] : 21,20181205-143013,CF18120272871,CF 18100412613,OK,MAX,1,1,0.10,7.00,0.58,OK,0.10,7.00,0.57,OK,
[14:43:05] : AUTO RUNNING OFF
[14:45:13] : MEAS ESC ON
[14:45:14] : MEAS ESC OFF
[14:45:14] : AUTO RUNNING ON
[14:45:44] : Cycle start ON
[14:45:45] : Cycle start OFF
[14:45:45] : REQUEST MEAS. ON
[14:45:50] : REQUEST MEAS. OFF
[14:45:50] : 측정요구 ON 2
[14:45:57] : 측정요구 2OFF
[14:45:57] : 21,20181205-144557,CF18120273141,CF 18112010651,NG,MAX,1,0,0.10,7.00,0.08,NG,0.10,7.00,0.53,OK,
[14:46:45] : Cycle start ON
[14:46:45] : REQUEST MEAS. ON
[14:46:45] : Cycle start OFF
[14:46:50] : REQUEST MEAS. OFF
[14:46:50] : 측정요구 ON 2
[14:46:57] : 측정요구 2OFF
[14:46:57] : 21,20181205-144657,CF18120270661,CF 18100413753,NG,MAX,1,3,0.10,7.00,4.79,OK,0.10,7.00,8.05,NG,
[14:47:12] : Cycle start ON
[14:47:13] : Cycle start OFF
[14:47:13] : 측정요구3 ON
[14:47:18] : 측정요구3 OFF
[14:47:18] : 측정요구4 ON
[14:47:25] : 측정요구4 OFF
[14:47:25] : 21,20181205-144725,CF18120271011,CF 18112010671,OK,MAX,2,2,0.10,7.00,0.78,OK,0.10,7.00,1.94,OK,
[14:47:57] : Cycle start ON
[14:47:57] : Cycle start OFF
[14:47:57] : REQUEST MEAS. ON
[14:48:03] : REQUEST MEAS. OFF
[14:48:03] : 측정요구 ON 2
[14:48:10] : 측정요구 2OFF
[14:48:10] : 21,20181205-144810,CF18120271041,CF 18100413973,OK,MAX,1,3,0.10,7.00,1.47,OK,0.10,7.00,3.34,OK,
[14:48:37] : Cycle start ON
[14:48:37] : Cycle start OFF
[14:48:37] : 측정요구3 ON
[14:48:43] : 측정요구3 OFF
[14:48:43] : 측정요구4 ON
[14:48:49] : 측정요구4 OFF
[14:48:49] : 21,20181205-144849,CF18100851431,CF 18100412563,OK,MAX,2,2,0.10,7.00,2.14,OK,0.10,7.00,2.25,OK,
[14:49:17] : Cycle start ON
[14:49:18] : Cycle start OFF
[14:49:18] : REQUEST MEAS. ON
[14:49:23] : REQUEST MEAS. OFF
[14:49:23] : 측정요구 ON 2
[14:49:30] : 측정요구 2OFF
[14:49:30] : 21,20181205-144930,CF18120273321,CF 18100412273,OK,MAX,1,2,0.10,7.00,2.41,OK,0.10,7.00,1.47,OK,
[14:50:07] : Cycle start ON
[14:50:07] : Cycle start OFF
[14:50:07] : REQUEST MEAS. ON
[14:50:13] : REQUEST MEAS. OFF
[14:50:13] : 측정요구 ON 2
[14:50:19] : 측정요구 2OFF
[14:50:19] : 21,20181205-145019,CF18120273331,CF 18100414553,OK,MAX,1,3,0.10,7.00,2.09,OK,0.10,7.00,3.44,OK,
[14:50:55] : Cycle start ON
[14:50:55] : Cycle start OFF
[14:50:55] : REQUEST MEAS. ON
[14:51:01] : REQUEST MEAS. OFF
[14:51:01] : 측정요구 ON 2
[14:51:07] : 측정요구 2OFF
[14:51:07] : 21,20181205-145107,CF18120273301,CF 18100413743,OK,MAX,1,2,0.10,7.00,2.40,OK,0.10,7.00,1.57,OK,
[14:51:42] : Cycle start ON
[14:51:43] : Cycle start OFF
[14:51:43] : REQUEST MEAS. ON
[14:51:48] : REQUEST MEAS. OFF
[14:51:48] : 측정요구 ON 2
[14:51:55] : 측정요구 2OFF
[14:51:55] : 21,20181205-145155,CF18100851451,CF 18100411753,OK,MAX,1,1,0.10,7.00,0.86,OK,0.10,7.00,0.56,OK,
[14:52:27] : Cycle start ON
[14:52:27] : Cycle start OFF
[14:52:27] : 측정요구3 ON
[14:52:33] : 측정요구3 OFF
[14:52:33] : 측정요구4 ON
[14:52:40] : 측정요구4 OFF
[14:52:40] : 21,20181205-145240,CF18120272701,CF 18100412583,OK,MAX,2,2,0.10,7.00,1.89,OK,0.10,7.00,2.25,OK,
[14:53:14] : Cycle start ON
[14:53:14] : Cycle start OFF
[14:53:14] : REQUEST MEAS. ON
[14:53:20] : REQUEST MEAS. OFF
[14:53:20] : 측정요구 ON 2
[14:53:26] : 측정요구 2OFF
[14:53:26] : 21,20181205-145326,CF18120272711,CF 18100413723,OK,MAX,1,2,0.10,7.00,1.58,OK,0.10,7.00,0.97,OK,
[14:53:55] : Cycle start ON
[14:53:55] : Cycle start OFF
[14:53:55] : 측정요구3 ON
[14:54:01] : 측정요구3 OFF
[14:54:01] : 측정요구4 ON
[14:54:07] : 측정요구4 OFF
[14:54:07] : 21,20181205-145408,CF18120272661,CF 18100413563,OK,MAX,2,3,0.10,7.00,2.69,OK,0.10,7.00,3.26,OK,
[14:54:42] : Cycle start ON
[14:54:42] : Cycle start OFF
[14:54:42] : REQUEST MEAS. ON
[14:54:47] : REQUEST MEAS. OFF
[14:54:47] : 측정요구 ON 2
[14:54:54] : 측정요구 2OFF
[14:54:54] : 21,20181205-145454,CF18120272671,CF 18100410073,OK,MAX,1,3,0.10,7.00,3.19,OK,0.10,7.00,1.99,OK,
[14:55:23] : Cycle start ON
[14:55:23] : Cycle start OFF
[14:55:23] : 측정요구3 ON
[14:55:28] : 측정요구3 OFF
[14:55:28] : 측정요구4 ON
[14:55:35] : 측정요구4 OFF
[14:55:35] : 21,20181205-145535,CF18120272651,CF 18112010661,OK,MAX,2,1,0.10,7.00,0.28,OK,0.10,7.00,0.63,OK,
[14:56:06] : Cycle start ON
[14:56:06] : Cycle start OFF
[14:56:06] : REQUEST MEAS. ON
[14:56:12] : REQUEST MEAS. OFF
[14:56:12] : 측정요구 ON 2
[14:56:19] : 측정요구 2OFF
[14:56:19] : 21,20181205-145619,CF18120273551,CF 18100410433,OK,MAX,1,2,0.10,7.00,1.09,OK,0.10,7.00,0.59,OK,
[14:56:51] : Cycle start ON
[14:56:52] : Cycle start OFF
[14:56:52] : 측정요구3 ON
[14:56:57] : 측정요구3 OFF
[14:56:57] : 측정요구4 ON
[14:57:04] : 측정요구4 OFF
[14:57:04] : 21,20181205-145704,CF18120273761,CF 18100410303,OK,MAX,2,2,0.10,7.00,1.79,OK,0.10,7.00,2.27,OK,
[14:57:34] : Cycle start ON
[14:57:35] : Cycle start OFF
[14:57:35] : REQUEST MEAS. ON
[14:57:40] : REQUEST MEAS. OFF
[14:57:40] : 측정요구 ON 2
[14:57:47] : 측정요구 2OFF
[14:57:47] : 21,20181205-145747,CF18120273381,CF 18100412193,OK,MAX,1,2,0.10,7.00,1.21,OK,0.10,7.00,0.68,OK,
[14:58:19] : Cycle start ON
[14:58:19] : Cycle start OFF
[14:58:19] : 측정요구3 ON
[14:58:25] : 측정요구3 OFF
[14:58:25] : 측정요구4 ON
[14:58:32] : 측정요구4 OFF
[14:58:32] : 21,20181205-145832,CF18120272731,CF 18100410283,NG,MAX,2,0,0.10,7.00,7.69,NG,0.10,7.00,10.36,NG,
[14:59:03] : Cycle start ON
[14:59:03] : Cycle start OFF
[14:59:03] : REQUEST MEAS. ON
[14:59:08] : REQUEST MEAS. OFF
[14:59:09] : 측정요구 ON 2
[14:59:15] : 측정요구 2OFF
[14:59:15] : 21,20181205-145915,CF18120273011,CF 18100413423,OK,MAX,1,2,0.10,7.00,1.57,OK,0.10,7.00,1.78,OK,
[14:59:46] : Cycle start ON
[14:59:46] : Cycle start OFF
[14:59:46] : 측정요구3 ON
[14:59:51] : 측정요구3 OFF
[14:59:51] : 측정요구4 ON
[14:59:58] : 측정요구4 OFF
[14:59:58] : 21,20181205-145959,CF18120273721,CF 18100413463,OK,MAX,2,2,0.10,7.00,1.88,OK,0.10,7.00,1.58,OK,
[15:00:35] : Cycle start ON
[15:00:35] : Cycle start OFF
[15:00:35] : REQUEST MEAS. ON
[15:00:40] : REQUEST MEAS. OFF
[15:00:40] : 측정요구 ON 2
[15:00:46] : 측정요구 2OFF
[15:00:46] : 21,20181205-150047,CF18120273731,CF 18100413583,OK,MAX,1,3,0.10,7.00,2.99,OK,0.10,7.00,5.95,OK,
[15:01:14] : Cycle start ON
[15:01:14] : Cycle start OFF
[15:01:14] : 측정요구3 ON
[15:01:19] : 측정요구3 OFF
[15:01:20] : 측정요구4 ON
[15:01:26] : 측정요구4 OFF
[15:01:26] : 21,20181205-150126,CF18120273711,CF 18100413403,OK,MAX,2,2,0.10,7.00,2.02,OK,0.10,7.00,2.34,OK,
[15:02:38] : Cycle start ON
[15:02:38] : Cycle start OFF
[15:02:38] : REQUEST MEAS. ON
[15:02:43] : REQUEST MEAS. OFF
[15:02:43] : 측정요구 ON 2
[15:02:50] : 측정요구 2OFF
[15:02:50] : 21,20181205-150251,CF18120273781,CF 18100413483,OK,MAX,1,2,0.10,7.00,1.80,OK,0.10,7.00,1.46,OK,
[15:04:05] : Cycle start ON
[15:04:05] : Cycle start OFF
[15:04:05] : REQUEST MEAS. ON
[15:04:11] : REQUEST MEAS. OFF
[15:04:11] : 측정요구 ON 2
[15:04:17] : 측정요구 2OFF
[15:04:17] : 21,20181205-150417,CF18120270051,CF 18100410083,OK,MAX,1,3,0.10,7.00,4.01,OK,0.10,7.00,3.01,OK,
[15:04:52] : Cycle start ON
[15:04:53] : Cycle start OFF
[15:04:53] : REQUEST MEAS. ON
[15:04:58] : REQUEST MEAS. OFF
[15:04:58] : 측정요구 ON 2
[15:05:05] : 측정요구 2OFF
[15:05:05] : 21,20181205-150505,CF18120270061,CF 18112010631,OK,MAX,1,1,0.10,7.00,0.72,OK,0.10,7.00,0.36,OK,
[15:05:40] : Cycle start ON
[15:05:40] : Cycle start OFF
[15:05:40] : REQUEST MEAS. ON
[15:05:45] : REQUEST MEAS. OFF
[15:05:45] : 측정요구 ON 2
[15:05:52] : 측정요구 2OFF
[15:05:52] : 21,20181205-150552,CF18120270041,CF 18100413553,OK,MAX,1,3,0.10,7.00,3.51,OK,0.10,7.00,3.36,OK,
[15:06:23] : Cycle start ON
[15:06:24] : Cycle start OFF
[15:06:24] : 측정요구3 ON
[15:06:29] : 측정요구3 OFF
[15:06:29] : 측정요구4 ON
[15:06:35] : 측정요구4 OFF
[15:06:35] : 21,20181205-150636,CF18120272411,CF 18100413573,OK,MAX,2,3,0.10,7.00,2.87,OK,0.10,7.00,3.08,OK,
[15:07:09] : Cycle start ON
[15:07:09] : Cycle start OFF
[15:07:09] : REQUEST MEAS. ON
[15:07:14] : REQUEST MEAS. OFF
[15:07:14] : 측정요구 ON 2
[15:07:21] : 측정요구 2OFF
[15:07:21] : 21,20181205-150721,CF18120270101,CF 18100411403,OK,MAX,1,2,0.10,7.00,2.80,OK,0.10,7.00,2.47,OK,
[15:07:52] : Cycle start ON
[15:07:53] : Cycle start OFF
[15:07:53] : 측정요구3 ON
[15:07:58] : 측정요구3 OFF
[15:07:58] : 측정요구4 ON
[15:08:05] : 측정요구4 OFF
[15:08:05] : 21,20181205-150805,CF18120270941,CF 18100412553,OK,MAX,2,2,0.10,7.00,2.09,OK,0.10,7.00,2.35,OK,
[15:08:36] : Cycle start ON
[15:08:36] : Cycle start OFF
[15:08:36] : REQUEST MEAS. ON
[15:08:42] : REQUEST MEAS. OFF
[15:08:42] : 측정요구 ON 2
[15:08:48] : 측정요구 2OFF
[15:08:48] : 21,20181205-150848,CF18120270951,CF 18100412183,OK,MAX,1,2,0.10,7.00,1.27,OK,0.10,7.00,1.55,OK,
[15:09:58] : Cycle start ON
[15:09:59] : Cycle start OFF
[15:09:59] : REQUEST MEAS. ON
[15:10:04] : REQUEST MEAS. OFF
[15:10:04] : 측정요구 ON 2
[15:10:10] : 측정요구 2OFF
[15:10:10] : 21,20181205-151011,CF18120270921,CF 18100411313,OK,MAX,1,2,0.10,7.00,1.99,OK,0.10,7.00,1.63,OK,
[15:12:12] : Cycle start ON
[15:12:13] : Cycle start OFF
[15:12:13] : REQUEST MEAS. ON
[15:12:18] : REQUEST MEAS. OFF
[15:12:18] : 측정요구 ON 2
[15:12:24] : 측정요구 2OFF
[15:12:24] : 21,20181205-151224,CF18120273691,CF 18112010541,OK,MAX,1,1,0.10,7.00,0.34,OK,0.10,7.00,0.43,OK,
[15:12:59] : Cycle start ON
[15:12:59] : Cycle start OFF
[15:12:59] : REQUEST MEAS. ON
[15:13:04] : REQUEST MEAS. OFF
[15:13:04] : 측정요구 ON 2
[15:13:11] : 측정요구 2OFF
[15:13:11] : 21,20181205-151312,CF18120272641,CF 18112010621,OK,MAX,1,2,0.10,7.00,1.59,OK,0.10,7.00,1.34,OK,
[15:13:46] : Cycle start ON
[15:13:47] : Cycle start OFF
[15:13:47] : REQUEST MEAS. ON
[15:13:52] : REQUEST MEAS. OFF
[15:13:52] : 측정요구 ON 2
[15:13:58] : 측정요구 2OFF
[15:13:58] : 21,20181205-151359,CF18120270731,CF 18100410343,OK,MAX,1,3,0.10,7.00,4.49,OK,0.10,7.00,3.86,OK,
[15:14:27] : Cycle start ON
[15:14:28] : Cycle start OFF
[15:14:28] : 측정요구3 ON
[15:14:33] : 측정요구3 OFF
[15:14:33] : 측정요구4 ON
[15:14:39] : 측정요구4 OFF
[15:14:39] : 21,20181205-151440,CF18120270741,CF 18100410133,OK,MAX,2,3,0.10,7.00,3.88,OK,0.10,7.00,4.06,OK,
[15:15:14] : Cycle start ON
[15:15:15] : Cycle start OFF
[15:15:15] : REQUEST MEAS. ON
[15:15:20] : REQUEST MEAS. OFF
[15:15:20] : 측정요구 ON 2
[15:15:26] : 측정요구 2OFF
[15:15:26] : 21,20181205-151527,CF18120270811,CF 18100410233,OK,MAX,1,2,0.10,7.00,1.59,OK,0.10,7.00,1.84,OK,
[15:15:56] : Cycle start ON
[15:15:56] : Cycle start OFF
[15:15:56] : 측정요구3 ON
[15:16:01] : 측정요구3 OFF
[15:16:01] : 측정요구4 ON
[15:16:08] : 측정요구4 OFF
[15:16:08] : 21,20181205-151608,CF18120270781,CF 18100410173,OK,MAX,2,2,0.10,7.00,2.29,OK,0.10,7.00,2.49,OK,
[15:16:42] : Cycle start ON
[15:16:42] : Cycle start OFF
[15:16:42] : REQUEST MEAS. ON
[15:16:47] : REQUEST MEAS. OFF
[15:16:48] : 측정요구 ON 2
[15:16:54] : 측정요구 2OFF
[15:16:54] : 21,20181205-151654,CF18120270761,CF 18100410143,OK,MAX,1,2,0.10,7.00,1.29,OK,0.10,7.00,1.96,OK,
[15:18:04] : Cycle start ON
[15:18:05] : Cycle start OFF
[15:18:05] : REQUEST MEAS. ON
[15:18:10] : REQUEST MEAS. OFF
[15:18:10] : 측정요구 ON 2
[15:18:16] : 측정요구 2OFF
[15:18:16] : 21,20181205-151816,CF18120271111,CF 18100410113,OK,MAX,1,2,0.10,7.00,1.67,OK,0.10,7.00,2.56,OK,
[15:18:49] : Cycle start ON
[15:18:50] : Cycle start OFF
[15:18:50] : REQUEST MEAS. ON
[15:18:55] : REQUEST MEAS. OFF
[15:18:55] : 측정요구 ON 2
[15:19:02] : 측정요구 2OFF
[15:19:02] : 21,20181205-151902,CF18120270201,CF 18100413603,OK,MAX,1,2,0.10,7.00,2.30,OK,0.10,7.00,2.05,OK,
[15:19:38] : Cycle start ON
[15:19:38] : Cycle start OFF
[15:19:38] : REQUEST MEAS. ON
[15:19:43] : REQUEST MEAS. OFF
[15:19:43] : 측정요구 ON 2
[15:19:50] : 측정요구 2OFF
[15:19:50] : 21,20181205-151951,CF18120270181,CF 18100411033,OK,MAX,1,3,0.10,7.00,4.78,OK,0.10,7.00,3.98,OK,
[15:20:19] : Cycle start ON
[15:20:20] : Cycle start OFF
[15:20:20] : 측정요구3 ON
[15:20:25] : 측정요구3 OFF
[15:20:25] : 측정요구4 ON
[15:20:32] : 측정요구4 OFF
[15:20:32] : 21,20181205-152032,CF18120270171,CF 18112010461,OK,MAX,2,1,0.10,7.00,0.18,OK,0.10,7.00,0.16,OK,
[15:21:07] : Cycle start ON
[15:21:07] : Cycle start OFF
[15:21:07] : REQUEST MEAS. ON
[15:21:12] : REQUEST MEAS. OFF
[15:21:12] : 측정요구 ON 2
[15:21:19] : 측정요구 2OFF
[15:21:19] : 21,20181205-152119,CF18120271031,CF 18112010451,OK,MAX,1,1,0.10,7.00,0.16,OK,0.10,7.00,0.34,OK,
[15:21:47] : Cycle start ON
[15:21:47] : Cycle start OFF
[15:21:47] : 측정요구3 ON
[15:21:53] : 측정요구3 OFF
[15:21:53] : 측정요구4 ON
[15:22:00] : 측정요구4 OFF
[15:22:00] : 21,20181205-152200,CF18120270411,CF 18100410163,OK,MAX,2,2,0.10,7.00,2.86,OK,0.10,7.00,2.97,OK,
[15:22:34] : Cycle start ON
[15:22:34] : Cycle start OFF
[15:22:34] : REQUEST MEAS. ON
[15:22:40] : REQUEST MEAS. OFF
[15:22:40] : 측정요구 ON 2
[15:22:46] : 측정요구 2OFF
[15:22:46] : 21,20181205-152247,CF18120271071,CF 18100413803,OK,MAX,1,3,0.10,7.00,1.77,OK,0.10,7.00,3.65,OK,
[15:23:15] : Cycle start ON
[15:23:16] : Cycle start OFF
[15:23:16] : 측정요구3 ON
[15:23:21] : 측정요구3 OFF
[15:23:21] : 측정요구4 ON
[15:23:27] : 측정요구4 OFF
[15:23:27] : 21,20181205-152328,CF18120270351,CF 18112010591,NG,MAX,2,1,0.10,7.00,0.11,OK,0.10,7.00,0.06,NG,
[15:24:07] : Cycle start ON
[15:24:07] : Cycle start OFF
[15:24:07] : REQUEST MEAS. ON
[15:24:13] : REQUEST MEAS. OFF
[15:24:13] : 측정요구 ON 2
[15:24:19] : 측정요구 2OFF
[15:24:19] : 21,20181205-152419,CF18120270371,CF 18100411773,NG,MAX,1,3,0.10,7.00,5.01,OK,0.10,7.00,8.16,NG,
[15:26:57] : Cycle start ON
[15:26:57] : Cycle start OFF
[15:26:57] : REQUEST MEAS. ON
[15:27:02] : REQUEST MEAS. OFF
[15:27:02] : 측정요구 ON 2
[15:27:09] : 측정요구 2OFF
[15:27:09] : 21,20181205-152709,CF18120270321,CF 18112010581,OK,MAX,1,3,0.10,7.00,1.87,OK,0.10,7.00,3.15,OK,
[15:29:52] : Cycle start ON
[15:29:53] : Cycle start OFF
[15:29:53] : REQUEST MEAS. ON
[15:29:58] : REQUEST MEAS. OFF
[15:29:58] : 측정요구 ON 2
[15:30:05] : 측정요구 2OFF
[15:30:05] : 21,20181205-153005,CF18120273471,CF 18100413293,OK,MAX,1,2,0.10,7.00,1.59,OK,0.10,7.00,1.88,OK,
[15:30:39] : Cycle start ON
[15:30:40] : Cycle start OFF
[15:30:40] : REQUEST MEAS. ON
[15:30:45] : REQUEST MEAS. OFF
[15:30:45] : 측정요구 ON 2
[15:30:52] : 측정요구 2OFF
[15:30:52] : 21,20181205-153052,CF18120270281,CF 18100413263,OK,MAX,1,3,0.10,7.00,3.28,OK,0.10,7.00,6.22,OK,
[15:31:26] : Cycle start ON
[15:31:26] : Cycle start OFF
[15:31:26] : REQUEST MEAS. ON
[15:31:31] : REQUEST MEAS. OFF
[15:31:31] : 측정요구 ON 2
[15:31:38] : 측정요구 2OFF
[15:31:38] : 21,20181205-153138,CF18120273421,CF 18100412663,OK,MAX,1,2,0.10,7.00,1.36,OK,0.10,7.00,0.94,OK,
[15:34:18] : Cycle start ON
[15:34:18] : Cycle start OFF
[15:34:18] : REQUEST MEAS. ON
[15:34:24] : REQUEST MEAS. OFF
[15:34:24] : 측정요구 ON 2
[15:34:31] : 측정요구 2OFF
[15:34:31] : 21,20181205-153431,CF18120273391,CF 18100413253,OK,MAX,1,2,0.10,7.00,1.48,OK,0.10,7.00,0.96,OK,
[15:35:50] : AUTO RUNNING OFF
[15:36:14] : MEAS ESC ON
[15:36:14] : MEAS ESC OFF
[15:36:14] : AUTO RUNNING ON
[15:36:34] : Cycle start ON
[15:36:34] : Cycle start OFF
[15:36:34] : REQUEST MEAS. ON
[15:36:40] : REQUEST MEAS. OFF
[15:36:40] : 측정요구 ON 2
[15:36:46] : 측정요구 2OFF
[15:36:46] : 21,20181205-153647,CF18120273251,CF 18100414593,OK,MAX,1,2,0.10,7.00,2.00,OK,0.10,7.00,2.25,OK,
[15:36:56] : Cycle start ON
[15:36:57] : Cycle start OFF
[15:36:57] : 측정요구3 ON
[15:37:02] : 측정요구3 OFF
[15:37:02] : 측정요구4 ON
[15:37:08] : 측정요구4 OFF
[15:37:08] : 21,20181205-153708,CF18120273241,CF 18100410923,OK,MAX,2,3,0.10,7.00,6.88,OK,0.10,7.00,5.99,OK,
[15:38:44] : Cycle start ON
[15:38:45] : Cycle start OFF
[15:38:45] : REQUEST MEAS. ON
[15:38:50] : REQUEST MEAS. OFF
[15:38:50] : 측정요구 ON 2
[15:38:57] : 측정요구 2OFF
[15:38:57] : 21,20181205-153857,CF18120273261,CF 18100413773,OK,MAX,1,3,0.10,7.00,4.10,OK,0.10,7.00,3.16,OK,
[15:39:32] : Cycle start ON
[15:39:33] : Cycle start OFF
[15:39:33] : REQUEST MEAS. ON
[15:39:38] : REQUEST MEAS. OFF
[15:39:38] : 측정요구 ON 2
[15:39:44] : 측정요구 2OFF
[15:39:44] : 21,20181205-153945,CF18120273201,CF 18100414583,OK,MAX,1,2,0.10,7.00,1.29,OK,0.10,7.00,0.65,OK,
[15:41:41] : Cycle start ON
[15:41:41] : Cycle start OFF
[15:41:41] : REQUEST MEAS. ON
[15:41:47] : REQUEST MEAS. OFF
[15:41:47] : 측정요구 ON 2
[15:41:53] : 측정요구 2OFF
[15:41:53] : 21,20181205-154153,CF18120273231,CF 18100414543,OK,MAX,1,2,0.10,7.00,2.45,OK,0.10,7.00,2.38,OK,
[15:42:28] : Cycle start ON
[15:42:29] : Cycle start OFF
[15:42:29] : REQUEST MEAS. ON
[15:42:34] : REQUEST MEAS. OFF
[15:42:34] : 측정요구 ON 2
[15:42:41] : 측정요구 2OFF
[15:42:41] : 21,20181205-154241,CF18120273221,CF 18100414573,OK,MAX,1,2,0.10,7.00,2.10,OK,0.10,7.00,1.36,OK,
[15:43:15] : Cycle start ON
[15:43:16] : Cycle start OFF
[15:43:16] : REQUEST MEAS. ON
[15:43:21] : REQUEST MEAS. OFF
[15:43:21] : 측정요구 ON 2
[15:43:28] : 측정요구 2OFF
[15:43:28] : 21,20181205-154329,CF18120273771,CF 18100413153,OK,MAX,1,3,0.10,7.00,2.28,OK,0.10,7.00,3.46,OK,
[15:46:07] : Cycle start ON
[15:46:07] : Cycle start OFF
[15:46:07] : REQUEST MEAS. ON
[15:46:13] : REQUEST MEAS. OFF
[15:46:13] : 측정요구 ON 2
[15:46:19] : 측정요구 2OFF
[15:46:19] : 21,20181205-154619,CF18120270581,CF 18100413943,NG,MAX,1,3,0.10,7.00,5.90,OK,0.10,7.00,7.97,NG,
[15:47:34] : Cycle start ON
[15:47:35] : Cycle start OFF
[15:47:35] : REQUEST MEAS. ON
[15:47:40] : REQUEST MEAS. OFF
[15:47:40] : 측정요구 ON 2
[15:47:47] : 측정요구 2OFF
[15:47:47] : 21,20181205-154747,CF18120273511,CF 18100413133,OK,MAX,1,3,0.10,7.00,2.00,OK,0.10,7.00,3.66,OK,
[15:51:39] : AUTO RUNNING OFF
[15:52:13] : MEAS ESC ON
[15:52:13] : MEAS ESC OFF
[15:52:13] : MEAS ESC ON
[15:52:14] : MEAS ESC OFF
[15:52:14] : AUTO RUNNING ON
[15:53:01] : Cycle start ON
[15:53:01] : Cycle start OFF
[15:53:01] : REQUEST MEAS. ON
[15:53:06] : REQUEST MEAS. OFF
[15:53:07] : 측정요구 ON 2
[15:53:13] : 측정요구 2OFF
[15:53:13] : 21,20181205-155313,CF18120273041,CF 18100411763,OK,MAX,1,3,0.10,7.00,2.50,OK,0.10,7.00,3.44,OK,
[15:53:50] : Cycle start ON
[15:53:51] : Cycle start OFF
[15:53:51] : REQUEST MEAS. ON
[15:53:56] : REQUEST MEAS. OFF
[15:53:56] : 측정요구 ON 2
[15:54:03] : 측정요구 2OFF
[15:54:03] : 21,20181205-155403,CF18120273681,CF 18100411713,OK,MAX,1,2,0.10,7.00,1.09,OK,0.10,7.00,0.58,OK,
[15:54:36] : Cycle start ON
[15:54:37] : Cycle start OFF
[15:54:37] : REQUEST MEAS. ON
[15:54:42] : REQUEST MEAS. OFF
[15:54:42] : 측정요구 ON 2
[15:54:49] : 측정요구 2OFF
[15:54:49] : 21,20181205-155449,CF18120273651,CF 18112010691,OK,MAX,1,1,0.10,7.00,0.13,OK,0.10,7.00,0.29,OK,
[15:55:25] : Cycle start ON
[15:55:25] : Cycle start OFF
[15:55:25] : REQUEST MEAS. ON
[15:55:30] : REQUEST MEAS. OFF
[15:55:30] : 측정요구 ON 2
[15:55:37] : 측정요구 2OFF
[15:55:37] : 21,20181205-155537,CF18120273621,CF 18100413513,OK,MAX,1,2,0.10,7.00,1.07,OK,0.10,7.00,0.57,OK,
[15:56:06] : Cycle start ON
[15:56:06] : Cycle start OFF
[15:56:06] : 측정요구3 ON
[15:56:12] : 측정요구3 OFF
[15:56:12] : 측정요구4 ON
[15:56:19] : 측정요구4 OFF
[15:56:19] : 21,20181205-155619,CF18120273631,CF 18100411783,OK,MAX,2,3,0.10,7.00,2.87,OK,0.10,7.00,3.77,OK,
[15:56:48] : Cycle start ON
[15:56:49] : Cycle start OFF
[15:56:49] : REQUEST MEAS. ON
[15:56:54] : REQUEST MEAS. OFF
[15:56:54] : 측정요구 ON 2
[15:57:01] : 측정요구 2OFF
[15:57:01] : 21,20181205-155701,CF18120273611,CF 18100413523,OK,MAX,1,2,0.10,7.00,1.08,OK,0.10,7.00,0.95,OK,
[15:57:34] : Cycle start ON
[15:57:34] : Cycle start OFF
[15:57:34] : 측정요구3 ON
[15:57:39] : 측정요구3 OFF
[15:57:39] : 측정요구4 ON
[15:57:46] : 측정요구4 OFF
[15:57:46] : 21,20181205-155746,CF18120273641,CF 18100413503,NG,MAX,2,3,0.10,7.00,5.86,OK,0.10,7.00,8.56,NG,
[15:58:34] : Cycle start ON
[15:58:34] : Cycle start OFF
[15:58:34] : REQUEST MEAS. ON
[15:58:40] : REQUEST MEAS. OFF
[15:58:40] : 측정요구 ON 2
[15:58:46] : 측정요구 2OFF
[15:58:46] : 21,20181205-155847,CF18120273601,CF 18100413393,OK,MAX,1,2,0.10,7.00,1.88,OK,0.10,7.00,1.76,OK,
[15:59:20] : Cycle start ON
[15:59:21] : Cycle start OFF
[15:59:21] : REQUEST MEAS. ON
[15:59:26] : REQUEST MEAS. OFF
[15:59:26] : 측정요구 ON 2
[15:59:32] : 측정요구 2OFF
[15:59:32] : 21,20181205-155932,CF18120271181,CF 18100413383,OK,MAX,1,3,0.10,7.00,1.99,OK,0.10,7.00,3.76,OK,
[16:00:06] : Cycle start ON
[16:00:07] : Cycle start OFF
[16:00:07] : REQUEST MEAS. ON
[16:00:12] : REQUEST MEAS. OFF
[16:00:12] : 측정요구 ON 2
[16:00:18] : 측정요구 2OFF
[16:00:19] : 21,20181205-160019,CF18120271121,CF 18100415113,OK,MAX,1,3,0.10,7.00,2.08,OK,0.10,7.00,3.45,OK,
[16:00:50] : Cycle start ON
[16:00:50] : Cycle start OFF
[16:00:50] : 측정요구3 ON
[16:00:55] : 측정요구3 OFF
[16:00:55] : 측정요구4 ON
[16:01:02] : 측정요구4 OFF
[16:01:02] : 21,20181205-160102,CF18120271131,CF 18100415143,OK,MAX,2,2,0.10,7.00,1.27,OK,0.10,7.00,1.78,OK,
[16:01:38] : Cycle start ON
[16:01:38] : Cycle start OFF
[16:01:38] : REQUEST MEAS. ON
[16:01:43] : REQUEST MEAS. OFF
[16:01:43] : 측정요구 ON 2
[16:01:50] : 측정요구 2OFF
[16:01:50] : 21,20181205-160151,CF18120271171,CF 18100411803,OK,MAX,1,2,0.10,7.00,1.29,OK,0.10,7.00,0.91,OK,
[16:02:18] : Cycle start ON
[16:02:18] : Cycle start OFF
[16:02:18] : 측정요구3 ON
[16:02:24] : 측정요구3 OFF
[16:02:24] : 측정요구4 ON
[16:02:30] : 측정요구4 OFF
[16:02:30] : 21,20181205-160231,CF18120270551,CF 18100413353,OK,MAX,2,2,0.10,7.00,1.49,OK,0.10,7.00,2.98,OK,
[16:03:07] : Cycle start ON
[16:03:07] : REQUEST MEAS. ON
[16:03:07] : Cycle start OFF
[16:03:12] : REQUEST MEAS. OFF
[16:03:12] : 측정요구 ON 2
[16:03:18] : 측정요구 2OFF
[16:03:18] : 21,20181205-160319,CF18120270561,CF 18100413333,OK,MAX,1,2,0.10,7.00,1.25,OK,0.10,7.00,1.86,OK,
[16:03:46] : Cycle start ON
[16:03:47] : 측정요구3 ON
[16:03:47] : Cycle start OFF
[16:03:52] : 측정요구3 OFF
[16:03:52] : 측정요구4 ON
[16:03:58] : 측정요구4 OFF
[16:03:58] : 21,20181205-160359,CF18120270601,CF 18100415213,OK,MAX,2,2,0.10,7.00,2.06,OK,0.10,7.00,2.15,OK,
[16:04:35] : Cycle start ON
[16:04:35] : Cycle start OFF
[16:04:35] : REQUEST MEAS. ON
[16:04:40] : REQUEST MEAS. OFF
[16:04:40] : 측정요구 ON 2
[16:04:47] : 측정요구 2OFF
[16:04:47] : 21,20181205-160447,CF18120270541,CF 18100415103,OK,MAX,1,3,0.10,7.00,5.10,OK,0.10,7.00,6.15,OK,
[16:05:14] : Cycle start ON
[16:05:14] : Cycle start OFF
[16:05:14] : 측정요구3 ON
[16:05:19] : 측정요구3 OFF
[16:05:19] : 측정요구4 ON
[16:05:26] : 측정요구4 OFF
[16:05:26] : 21,20181205-160526,CF18120270531,CF 18100411833,OK,MAX,2,2,0.10,7.00,1.67,OK,0.10,7.00,2.78,OK,
[16:06:00] : Cycle start ON
[16:06:00] : Cycle start OFF
[16:06:00] : REQUEST MEAS. ON
[16:06:06] : REQUEST MEAS. OFF
[16:06:06] : 측정요구 ON 2
[16:06:13] : 측정요구 2OFF
[16:06:13] : 21,20181205-160613,CF18120270571,CF 18100411823,OK,MAX,1,2,0.10,7.00,1.18,OK,0.10,7.00,1.94,OK,
[16:06:42] : Cycle start ON
[16:06:42] : Cycle start OFF
[16:06:42] : 측정요구3 ON
[16:06:47] : 측정요구3 OFF
[16:06:47] : 측정요구4 ON
[16:06:54] : 측정요구4 OFF
[16:06:54] : 21,20181205-160654,CF18120270891,CF 18100413143,OK,MAX,2,3,0.10,7.00,2.29,OK,0.10,7.00,4.59,OK,
[16:07:29] : Cycle start ON
[16:07:30] : Cycle start OFF
[16:07:30] : REQUEST MEAS. ON
[16:07:35] : REQUEST MEAS. OFF
[16:07:35] : 측정요구 ON 2
[16:07:41] : 측정요구 2OFF
[16:07:41] : 21,20181205-160741,CF18120270871,CF 18100413053,OK,MAX,1,2,0.10,7.00,1.38,OK,0.10,7.00,2.07,OK,
[16:08:52] : Cycle start ON
[16:08:53] : Cycle start OFF
[16:08:53] : REQUEST MEAS. ON
[16:08:58] : REQUEST MEAS. OFF
[16:08:58] : 측정요구 ON 2
[16:09:05] : 측정요구 2OFF
[16:09:05] : 21,20181205-160905,CF18120270651,CF 18100413043,OK,MAX,1,2,0.10,7.00,1.88,OK,0.10,7.00,1.46,OK,
[16:09:38] : Cycle start ON
[16:09:39] : Cycle start OFF
[16:09:39] : REQUEST MEAS. ON
[16:09:44] : REQUEST MEAS. OFF
[16:09:44] : 측정요구 ON 2
[16:09:51] : 측정요구 2OFF
[16:09:51] : 21,20181205-160951,CF18120270631,CF 18100410053,OK,MAX,1,2,0.10,7.00,1.29,OK,0.10,7.00,1.35,OK,
[16:10:26] : Cycle start ON
[16:10:27] : Cycle start OFF
[16:10:27] : REQUEST MEAS. ON
[16:10:32] : REQUEST MEAS. OFF
[16:10:32] : 측정요구 ON 2
[16:10:39] : 측정요구 2OFF
[16:10:39] : 21,20181205-161039,CF18120270691,CF 18112010781,OK,MAX,1,2,0.10,7.00,1.14,OK,0.10,7.00,2.34,OK,
[16:11:03] : Cycle start ON
[16:11:04] : Cycle start OFF
[16:11:04] : REQUEST MEAS. ON
[16:11:09] : REQUEST MEAS. OFF
[16:11:09] : 측정요구 ON 2
[16:11:16] : 측정요구 2OFF
[16:11:16] : 21,20181205-161116,CF18120270681,CF 18100413843,OK,MAX,1,3,0.10,7.00,2.37,OK,0.10,7.00,3.18,OK,
[16:11:52] : Cycle start ON
[16:11:53] : Cycle start OFF
[16:11:53] : REQUEST MEAS. ON
[16:11:58] : REQUEST MEAS. OFF
[16:11:58] : 측정요구 ON 2
[16:12:05] : 측정요구 2OFF
[16:12:05] : 21,20181205-161205,CF18120270131,CF 18100413833,OK,MAX,1,2,0.10,7.00,2.09,OK,0.10,7.00,2.37,OK,
[16:12:34] : Cycle start ON
[16:12:34] : Cycle start OFF
[16:12:34] : REQUEST MEAS. ON
[16:12:40] : REQUEST MEAS. OFF
[16:12:40] : Cycle start ON
[16:12:40] : 측정요구 ON 2
[16:12:40] : Cycle start OFF
[16:12:46] : 측정요구 2OFF
[16:12:46] : 21,20181205-161247,CF18120270151,CF 18100413823,NG,MAX,1,0,0.10,7.00,7.60,NG,0.10,7.00,7.25,NG,
[16:12:46] : 측정요구3 ON
[16:12:53] : 측정요구3 OFF
[16:12:53] : 측정요구4 ON
[16:12:59] : 측정요구4 OFF
[16:12:59] : 21,20181205-161259,CF18120270901,CF 18100413073,NG,MAX,2,0,0.10,7.00,9.38,NG,0.10,7.00,11.22,NG,
[16:13:26] : Cycle start ON
[16:13:27] : Cycle start OFF
[16:13:27] : REQUEST MEAS. ON
[16:13:32] : REQUEST MEAS. OFF
[16:13:32] : 측정요구 ON 2
[16:13:39] : 측정요구 2OFF
[16:13:39] : 21,20181205-161339,CF18120270161,CF 18100413813,OK,MAX,1,3,0.10,7.00,4.01,OK,0.10,7.00,3.27,OK,
[16:15:05] : Cycle start ON
[16:15:05] : Cycle start OFF
[16:15:05] : REQUEST MEAS. ON
[16:15:11] : REQUEST MEAS. OFF
[16:15:11] : 측정요구 ON 2
[16:15:17] : 측정요구 2OFF
[16:15:17] : 21,20181205-161518,CF18120271151,CF 18112010561,OK,MAX,1,1,0.10,7.00,0.39,OK,0.10,7.00,0.63,OK,
[16:15:53] : Cycle start ON
[16:15:53] : Cycle start OFF
[16:15:53] : REQUEST MEAS. ON
[16:15:58] : REQUEST MEAS. OFF
[16:15:58] : 측정요구 ON 2
[16:16:05] : 측정요구 2OFF
[16:16:05] : 21,20181205-161605,CF18120550811,CF 18100411113,OK,MAX,1,2,0.10,7.00,1.28,OK,0.10,7.00,2.07,OK,
[16:16:36] : Cycle start ON
[16:16:37] : Cycle start OFF
[16:16:37] : 측정요구3 ON
[16:16:42] : 측정요구3 OFF
[16:16:42] : 측정요구4 ON
[16:16:49] : 측정요구4 OFF
[16:16:49] : 21,20181205-161649,CF18120550671,CF 18112010471,OK,MAX,2,2,0.10,7.00,0.79,OK,0.10,7.00,1.70,OK,
[16:18:08] : Cycle start ON
[16:18:09] : Cycle start OFF
[16:18:09] : REQUEST MEAS. ON
[16:18:14] : REQUEST MEAS. OFF
[16:18:14] : 측정요구 ON 2
[16:18:21] : 측정요구 2OFF
[16:18:21] : 21,20181205-161821,CF18120550621,CF 18100411093,OK,MAX,1,3,0.10,7.00,2.57,OK,0.10,7.00,4.98,OK,
[16:19:07] : Cycle start ON
[16:19:07] : Cycle start OFF
[16:19:07] : REQUEST MEAS. ON
[16:19:12] : REQUEST MEAS. OFF
[16:19:12] : 측정요구 ON 2
[16:19:19] : 측정요구 2OFF
[16:19:19] : 21,20181205-161919,CF18120550611,CF 18100413953,NG,MAX,1,3,0.10,7.00,5.70,OK,0.10,7.00,8.75,NG,
[16:20:20] : Cycle start ON
[16:20:20] : Cycle start OFF
[16:20:20] : REQUEST MEAS. ON
[16:20:26] : REQUEST MEAS. OFF
[16:20:26] : 측정요구 ON 2
[16:20:32] : 측정요구 2OFF
[16:20:32] : 21,20181205-162033,CF18120271091,CF 18100410953,OK,MAX,1,2,0.10,7.00,1.18,OK,0.10,7.00,1.96,OK,
[16:21:06] : Cycle start ON
[16:21:07] : Cycle start OFF
[16:21:07] : REQUEST MEAS. ON
[16:21:12] : REQUEST MEAS. OFF
[16:21:12] : 측정요구 ON 2
[16:21:18] : 측정요구 2OFF
[16:21:18] : 21,20181205-162119,CF18120272961,CF 18112011811,OK,MAX,1,1,0.10,7.00,0.46,OK,0.10,7.00,0.36,OK,
[16:21:54] : Cycle start ON
[16:21:55] : Cycle start OFF
[16:21:55] : REQUEST MEAS. ON
[16:22:00] : REQUEST MEAS. OFF
[16:22:00] : 측정요구 ON 2
[16:22:06] : 측정요구 2OFF
[16:22:06] : 21,20181205-162207,CF18120550261,CF 18111912232,OK,MAX,1,1,0.10,7.00,0.29,OK,0.10,7.00,0.36,OK,
[16:22:35] : Cycle start ON
[16:22:36] : Cycle start OFF
[16:22:36] : 측정요구3 ON
[16:22:41] : 측정요구3 OFF
[16:22:41] : 측정요구4 ON
[16:22:48] : 측정요구4 OFF
[16:22:48] : 21,20181205-162248,CF18120550341,CF 18111912132,OK,MAX,2,2,0.10,7.00,1.19,OK,0.10,7.00,2.79,OK,
[16:23:22] : Cycle start ON
[16:23:22] : Cycle start OFF
[16:23:22] : REQUEST MEAS. ON
[16:23:28] : REQUEST MEAS. OFF
[16:23:28] : 측정요구 ON 2
[16:23:35] : 측정요구 2OFF
[16:23:35] : 21,20181205-162335,CF18120270611,CF 18112010701,OK,MAX,1,1,0.10,7.00,0.38,OK,0.10,7.00,0.35,OK,
[16:24:03] : Cycle start ON
[16:24:04] : Cycle start OFF
[16:24:04] : 측정요구3 ON
[16:24:09] : 측정요구3 OFF
[16:24:09] : 측정요구4 ON
[16:24:16] : 측정요구4 OFF
[16:24:16] : 21,20181205-162416,CF18100851501,CF 18100413343,OK,MAX,2,2,0.10,7.00,2.49,OK,0.10,7.00,2.37,OK,
[16:25:31] : Cycle start ON
[16:25:32] : Cycle start OFF
[16:25:32] : 측정요구3 ON
[16:25:37] : 측정요구3 OFF
[16:25:37] : 측정요구4 ON
[16:25:44] : 측정요구4 OFF
[16:25:44] : 21,20181205-162544,CF18120273341,CF 18100413903,OK,MAX,2,1,0.10,7.00,0.76,OK,0.10,7.00,0.54,OK,
[16:26:21] : Cycle start ON
[16:26:22] : Cycle start OFF
[16:26:22] : 측정요구3 ON
[16:26:27] : 측정요구3 OFF
[16:26:27] : 측정요구4 ON
[16:26:34] : 측정요구4 OFF
[16:26:34] : 21,20181205-162634,CF18100850891,CF 18100412733,OK,MAX,2,2,0.10,7.00,1.58,OK,0.10,7.00,2.48,OK,
[16:27:01] : Cycle start ON
[16:27:02] : Cycle start OFF
[16:27:02] : 측정요구3 ON
[16:27:07] : 측정요구3 OFF
[16:27:07] : 측정요구4 ON
[16:27:14] : 측정요구4 OFF
[16:27:14] : 21,20181205-162714,CF18120271141,CF 18100410263,OK,MAX,2,2,0.10,7.00,1.22,OK,0.10,7.00,1.79,OK,
[16:27:49] : Cycle start ON
[16:27:50] : Cycle start OFF
[16:27:50] : 측정요구3 ON
[16:27:55] : 측정요구3 OFF
[16:27:55] : 측정요구4 ON
[16:28:02] : 측정요구4 OFF
[16:28:02] : 21,20181205-162802,CF18120272981,CF 18100412293,OK,MAX,2,2,0.10,7.00,1.70,OK,0.10,7.00,2.73,OK,
[16:28:28] : Cycle start ON
[16:28:29] : Cycle start OFF
[16:28:29] : 측정요구3 ON
[16:28:34] : 측정요구3 OFF
[16:28:34] : 측정요구4 ON
[16:28:41] : 측정요구4 OFF
[16:28:41] : 21,20181205-162841,CF18120550851,CF 18112010841,OK,MAX,2,1,0.10,7.00,0.21,OK,0.10,7.00,0.42,OK,
[16:30:32] : Cycle start ON
[16:30:32] : Cycle start OFF
[16:30:32] : REQUEST MEAS. ON
[16:30:38] : REQUEST MEAS. OFF
[16:30:38] : 측정요구 ON 2
[16:30:45] : 측정요구 2OFF
[16:30:45] : 21,20181205-163045,CF18120550791,CF 18112010761,OK,MAX,1,1,0.10,7.00,0.28,OK,0.10,7.00,0.38,OK,
[16:32:28] : Cycle start ON
[16:32:29] : Cycle start OFF
[16:32:29] : REQUEST MEAS. ON
[16:32:34] : REQUEST MEAS. OFF
[16:32:34] : 측정요구 ON 2
[16:32:41] : 측정요구 2OFF
[16:32:41] : 21,20181205-163241,CF18120550591,CF 18112010831,OK,MAX,1,1,0.10,7.00,0.14,OK,0.10,7.00,0.27,OK,
[16:32:52] : Cycle start ON
[16:32:52] : Cycle start OFF
[16:32:52] : 측정요구3 ON
[16:32:58] : 측정요구3 OFF
[16:32:58] : 측정요구4 ON
[16:33:05] : 측정요구4 OFF
[16:33:05] : 21,20181205-163305,CF18120270861,CF 18100412283,NG,MAX,2,0,0.10,7.00,7.40,NG,0.10,7.00,9.39,NG,
[16:33:53] : Cycle start ON
[16:33:53] : Cycle start OFF
[16:33:53] : REQUEST MEAS. ON
[16:33:59] : REQUEST MEAS. OFF
[16:33:59] : 측정요구 ON 2
[16:34:05] : 측정요구 2OFF
[16:34:05] : 21,20181205-163406,CF18120550751,CF 18112010821,OK,MAX,1,1,0.10,7.00,0.19,OK,0.10,7.00,0.42,OK,
[16:34:57] : Cycle start ON
[16:34:57] : Cycle start OFF
[16:34:57] : REQUEST MEAS. ON
[16:35:02] : REQUEST MEAS. OFF
[16:35:02] : 측정요구 ON 2
[16:35:09] : 측정요구 2OFF
[16:35:09] : 21,20181205-163509,CF18120270751,CF 18100413793,OK,MAX,1,2,0.10,7.00,0.97,OK,0.10,7.00,1.90,OK,
[16:35:42] : Cycle start ON
[16:35:43] : Cycle start OFF
[16:35:43] : REQUEST MEAS. ON
[16:35:48] : REQUEST MEAS. OFF
[16:35:48] : 측정요구 ON 2
[16:35:54] : 측정요구 2OFF
[16:35:54] : 21,20181205-163555,CF18120273441,CF 18100411123,OK,MAX,1,2,0.10,7.00,1.65,OK,0.10,7.00,2.75,OK,
[16:37:20] : Cycle start ON
[16:37:20] : Cycle start OFF
[16:37:20] : REQUEST MEAS. ON
[16:37:26] : REQUEST MEAS. OFF
[16:37:26] : 측정요구 ON 2
[16:37:32] : 측정요구 2OFF
[16:37:32] : 21,20181205-163732,CF18120270351,CF 18100413003,OK,MAX,1,2,0.10,7.00,1.29,OK,0.10,7.00,0.68,OK,
[16:38:05] : Cycle start ON
[16:38:06] : Cycle start OFF
[16:38:06] : REQUEST MEAS. ON
[16:38:11] : REQUEST MEAS. OFF
[16:38:11] : 측정요구 ON 2
[16:38:18] : 측정요구 2OFF
[16:38:18] : 21,20181205-163818,CF18120270661,CF 18100410933,NG,MAX,1,3,0.10,7.00,5.79,OK,0.10,7.00,9.24,NG,
[16:38:55] : Cycle start ON
[16:38:56] : Cycle start OFF
[16:38:56] : REQUEST MEAS. ON
[16:39:01] : REQUEST MEAS. OFF
[16:39:01] : 측정요구 ON 2
[16:39:08] : 측정요구 2OFF
[16:39:08] : 21,20181205-163908,CF18120272731,CF 18100412743,OK,MAX,1,3,0.10,7.00,4.87,OK,0.10,7.00,6.84,OK,
[16:39:34] : Cycle start ON
[16:39:34] : Cycle start OFF
[16:39:34] : 측정요구3 ON
[16:39:40] : 측정요구3 OFF
[16:39:40] : 측정요구4 ON
[16:39:46] : 측정요구4 OFF
[16:39:46] : 21,20181205-163946,CF18120270521,CF 18112010651,OK,MAX,2,1,0.10,7.00,0.57,OK,0.10,7.00,0.29,OK,
[16:40:20] : Cycle start ON
[16:40:20] : Cycle start OFF
[16:40:20] : REQUEST MEAS. ON
[16:40:26] : REQUEST MEAS. OFF
[16:40:26] : 측정요구 ON 2
[16:40:33] : 측정요구 2OFF
[16:40:33] : 21,20181205-164033,CF18120550711,CF 18100411773,OK,MAX,1,2,0.10,7.00,1.27,OK,0.10,7.00,0.66,OK,
[16:41:04] : Cycle start ON
[16:41:04] : 측정요구3 ON
[16:41:04] : Cycle start OFF
[16:41:09] : 측정요구3 OFF
[16:41:09] : 측정요구4 ON
[16:41:16] : 측정요구4 OFF
[16:41:16] : 21,20181205-164116,CF18120550661,CF 18100413283,OK,MAX,2,2,0.10,7.00,1.99,OK,0.10,7.00,2.99,OK,
[16:41:46] : Cycle start ON
[16:41:46] : Cycle start OFF
[16:41:46] : REQUEST MEAS. ON
[16:41:52] : REQUEST MEAS. OFF
[16:41:52] : 측정요구 ON 2
[16:41:58] : 측정요구 2OFF
[16:41:58] : 21,20181205-164159,CF18120550681,CF 18100413303,OK,MAX,1,1,0.10,7.00,0.70,OK,0.10,7.00,0.40,OK,
[16:42:33] : Cycle start ON
[16:42:34] : Cycle start OFF
[16:42:34] : 측정요구3 ON
[16:42:39] : 측정요구3 OFF
[16:42:39] : 측정요구4 ON
[16:42:46] : 측정요구4 OFF
[16:42:46] : 21,20181205-164246,CF18100851511,CF 18100411103,OK,MAX,2,3,0.10,7.00,1.77,OK,0.10,7.00,3.70,OK,
[16:43:14] : Cycle start ON
[16:43:14] : Cycle start OFF
[16:43:14] : REQUEST MEAS. ON
[16:43:20] : REQUEST MEAS. OFF
[16:43:20] : 측정요구 ON 2
[16:43:26] : 측정요구 2OFF
[16:43:26] : 21,20181205-164326,CF18120550701,CF 18100415133,OK,MAX,1,1,0.10,7.00,0.58,OK,0.10,7.00,0.38,OK,
[16:44:38] : Cycle start ON
[16:44:38] : Cycle start OFF
[16:44:38] : REQUEST MEAS. ON
[16:44:44] : REQUEST MEAS. OFF
[16:44:44] : 측정요구 ON 2
[16:44:51] : 측정요구 2OFF
[16:44:51] : 21,20181205-164451,CF18120550691,CF 18100412573,OK,MAX,1,3,0.10,7.00,3.19,OK,0.10,7.00,5.74,OK,
[16:45:24] : Cycle start ON
[16:45:25] : Cycle start OFF
[16:45:25] : REQUEST MEAS. ON
[16:45:30] : REQUEST MEAS. OFF
[16:45:30] : 측정요구 ON 2
[16:45:37] : 측정요구 2OFF
[16:45:37] : 21,20181205-164537,CF18120550881,CF 18100410283,OK,MAX,1,2,0.10,7.00,1.37,OK,0.10,7.00,0.94,OK,
[16:46:12] : Cycle start ON
[16:46:13] : Cycle start OFF
[16:46:13] : REQUEST MEAS. ON
[16:46:18] : REQUEST MEAS. OFF
[16:46:18] : 측정요구 ON 2
[16:46:25] : 측정요구 2OFF
[16:46:25] : 21,20181205-164625,CF18120272771,CF 18100413753,OK,MAX,1,2,0.10,7.00,1.16,OK,0.10,7.00,1.87,OK,
[16:46:54] : Cycle start ON
[16:46:54] : Cycle start OFF
[16:46:54] : 측정요구3 ON
[16:46:59] : 측정요구3 OFF
[16:47:00] : 측정요구4 ON
[16:47:06] : 측정요구4 OFF
[16:47:06] : 21,20181205-164706,CF18120550651,CF 18100411223,OK,MAX,2,3,0.10,7.00,1.98,OK,0.10,7.00,3.17,OK,
[16:48:18] : Cycle start ON
[16:48:18] : Cycle start OFF
[16:48:18] : REQUEST MEAS. ON
[16:48:24] : REQUEST MEAS. OFF
[16:48:24] : 측정요구 ON 2
[16:48:31] : 측정요구 2OFF
[16:48:31] : 21,20181205-164831,CF18120271101,CF 18100412643,OK,MAX,1,3,0.10,7.00,2.90,OK,0.10,7.00,5.09,OK,
[16:49:07] : Cycle start ON
[16:49:07] : Cycle start OFF
[16:49:07] : REQUEST MEAS. ON
[16:49:12] : REQUEST MEAS. OFF
[16:49:12] : 측정요구 ON 2
[16:49:19] : 측정요구 2OFF
[16:49:19] : 21,20181205-164919,CF18120270431,CF 18100410373,OK,MAX,1,3,0.10,7.00,4.69,OK,0.10,7.00,4.36,OK,
[16:49:50] : Cycle start ON
[16:49:50] : Cycle start OFF
[16:49:50] : 측정요구3 ON
[16:49:56] : 측정요구3 OFF
[16:49:56] : 측정요구4 ON
[16:50:02] : 측정요구4 OFF
[16:50:02] : 21,20181205-165003,CF18120272551,CF 18100412673,OK,MAX,2,2,0.10,7.00,1.38,OK,0.10,7.00,0.97,OK,
[16:50:39] : Cycle start ON
[16:50:39] : Cycle start OFF
[16:50:39] : REQUEST MEAS. ON
[16:50:44] : REQUEST MEAS. OFF
[16:50:44] : 측정요구 ON 2
[16:50:51] : 측정요구 2OFF
[16:50:51] : 21,20181205-165051,CF18100851521,CF 18100412633,OK,MAX,1,2,0.10,7.00,1.29,OK,0.10,7.00,0.78,OK,
[16:51:18] : Cycle start ON
[16:51:18] : Cycle start OFF
[16:51:18] : 측정요구3 ON
[16:51:24] : 측정요구3 OFF
[16:51:24] : 측정요구4 ON
[16:51:31] : 측정요구4 OFF
[16:51:31] : 21,20181205-165131,CF18120550941,CF 18111912152,OK,MAX,2,1,0.10,7.00,0.17,OK,0.10,7.00,0.19,OK,
[16:52:06] : Cycle start ON
[16:52:07] : Cycle start OFF
[16:52:07] : REQUEST MEAS. ON
[16:52:12] : REQUEST MEAS. OFF
[16:52:12] : 측정요구 ON 2
[16:52:18] : 측정요구 2OFF
[16:52:18] : 21,20181205-165219,CF18120550731,CF 18100411233,OK,MAX,1,2,0.10,7.00,1.19,OK,0.10,7.00,0.78,OK,
[16:52:46] : Cycle start ON
[16:52:46] : Cycle start OFF
[16:52:46] : 측정요구3 ON
[16:52:52] : 측정요구3 OFF
[16:52:52] : 측정요구4 ON
[16:52:58] : 측정요구4 OFF
[16:52:58] : 21,20181205-165258,CF18120550721,CF 18111912202,NG,MAX,2,0,0.10,7.00,0.10,NG,0.10,7.00,0.08,NG,
[16:53:35] : Cycle start ON
[16:53:36] : Cycle start OFF
[16:53:36] : REQUEST MEAS. ON
[16:53:41] : REQUEST MEAS. OFF
[16:53:41] : 측정요구 ON 2
[16:53:48] : 측정요구 2OFF
[16:53:48] : 21,20181205-165348,CF18120550741,CF 18111912322,OK,MAX,1,1,0.10,7.00,0.40,OK,0.10,7.00,0.25,OK,
[16:54:18] : AUTO RUNNING OFF
[16:54:27] : MEAS ESC ON
[16:54:43] : MEAS ESC OFF
[17:01:37] : MEAS ESC ON
[17:01:37] : MEAS ESC OFF
[17:01:37] : AUTO RUNNING ON
[17:04:54] : Cycle start ON
[17:04:54] : Cycle start OFF
[17:04:54] : REQUEST MEAS. ON
[17:05:00] : REQUEST MEAS. OFF
[17:05:00] : 측정요구 ON 2
[17:05:07] : 측정요구 2OFF
[17:05:09] : TCP FAIL 1
[17:05:10] : Cycle start ON
[17:05:10] : Cycle start OFF
[17:05:10] : 측정요구3 ON
[17:05:15] : 측정요구3 OFF
[17:05:16] : 측정요구4 ON
[17:05:22] : 측정요구4 OFF
[17:05:22] : 21,20181205-170522,CF18120270661,CF 18100413123,NG,MAX,2,3,0.10,7.00,4.37,OK,0.10,7.00,7.61,NG,
[17:06:14] : Cycle start ON
[17:06:15] : Cycle start OFF
[17:06:15] : REQUEST MEAS. ON
[17:06:20] : REQUEST MEAS. OFF
[17:06:20] : 측정요구 ON 2
[17:06:27] : 측정요구 2OFF
[17:06:27] : 21,20181205-170627,CF18120270861,CF 18100413163,NG,MAX,1,3,0.10,7.00,3.97,OK,0.10,7.00,7.46,NG,
[17:07:04] : Cycle start ON
[17:07:04] : REQUEST MEAS. ON
[17:07:04] : Cycle start OFF
[17:07:10] : REQUEST MEAS. OFF
[17:07:10] : 측정요구 ON 2
[17:07:16] : 측정요구 2OFF
[17:07:16] : 21,20181205-170716,CF18120273141,CF 18100413493,OK,MAX,1,2,0.10,7.00,1.08,OK,0.10,7.00,1.03,OK,
[17:07:46] : Cycle start ON
[17:07:46] : Cycle start OFF
[17:07:46] : 측정요구3 ON
[17:07:52] : 측정요구3 OFF
[17:07:52] : 측정요구4 ON
[17:07:58] : 측정요구4 OFF
[17:07:58] : 21,20181205-170758,CF18120273521,CF 18100413103,OK,MAX,2,2,0.10,7.00,1.66,OK,0.10,7.00,2.08,OK,
[17:08:28] : Cycle start ON
[17:08:28] : Cycle start OFF
[17:08:28] : REQUEST MEAS. ON
[17:08:33] : REQUEST MEAS. OFF
[17:08:33] : 측정요구 ON 2
[17:08:40] : 측정요구 2OFF
[17:08:40] : 21,20181205-170840,CF18120273581,CF 18100410933,OK,MAX,1,2,0.10,7.00,1.74,OK,0.10,7.00,1.07,OK,
[17:09:13] : AUTO RUNNING OFF
 
