 
[13:09:04] : PROGRAM END
 
[13:10:09] : PROGRAM START
[13:10:12] : AUTO RUNNING OFF
[13:10:12] : REQUEST MEAS. OFF
[13:10:12] : REQUEST ZEROSET OFF
[13:10:12] : REQUEST ZEROSET OFF
[13:10:15] : 0
[13:10:15] : 0
[13:10:38] : PROGRAM END
 
[13:12:11] : PROGRAM START
[13:12:14] : AUTO RUNNING OFF
[13:12:14] : REQUEST MEAS. OFF
[13:12:14] : REQUEST ZEROSET OFF
[13:12:14] : REQUEST ZEROSET OFF
[13:12:20] : 0
[13:12:20] : 0
[13:12:55] : 0
[13:12:55] : 0
[13:12:57] : 0
[13:12:57] : 0
[13:12:57] : 0
[13:12:57] : 0
[13:12:57] : 0
[13:12:57] : 0
[13:13:33] : PROGRAM END
 
[13:16:36] : PROGRAM START
[13:16:40] : AUTO RUNNING OFF
[13:16:40] : REQUEST MEAS. OFF
[13:16:40] : REQUEST ZEROSET OFF
[13:16:40] : REQUEST ZEROSET OFF
[13:16:42] : 21,20181231-131644,,,NG,MAX,1,0,AUTO,0.00,7.00,-9999.00,NG,0.00,7.00,0.00,OK,
[13:16:42] : 21,20181231-131645,,,NG,MAX,2,0,AUTO,0.00,7.00,-9999.00,NG,0.00,7.00,0.00,OK,
[13:16:46] : 21,20181231-131651,,,NG,MAX,1,0,AUTO,0.00,7.00,-9999.00,NG,0.00,7.00,0.00,OK,
[13:16:46] : 21,20181231-131653,,,NG,MAX,2,0,AUTO,0.00,7.00,-9999.00,NG,0.00,7.00,0.00,OK,
[13:17:15] : PROGRAM END
 
[13:22:55] : PROGRAM START
[13:22:58] : AUTO RUNNING OFF
[13:22:58] : REQUEST MEAS. OFF
[13:22:58] : REQUEST ZEROSET OFF
[13:22:58] : REQUEST ZEROSET OFF
[13:23:13] : 0
[13:23:13] : 0
[13:23:13] : 0
[13:23:13] : 0
[13:23:13] : 0
[13:23:13] : 0
[13:23:13] : 0
[13:23:32] : PROGRAM END
 
[13:24:19] : PROGRAM START
[13:24:21] : AUTO RUNNING OFF
[13:24:21] : REQUEST MEAS. OFF
[13:24:21] : REQUEST ZEROSET OFF
[13:24:21] : REQUEST ZEROSET OFF
[13:26:49] : 0
[13:26:49] : 0
[13:27:32] : 0
[13:27:33] : 0
[13:27:36] : 0
[13:33:04] : PROGRAM END
 
[13:41:39] : PROGRAM START
[13:41:45] : AUTO RUNNING OFF
[13:41:45] : REQUEST MEAS. OFF
[13:41:45] : REQUEST ZEROSET OFF
[13:41:45] : REQUEST ZEROSET OFF
[14:21:17] : Cycle start ON
[14:21:17] : Cycle start OFF
[14:21:17] : REQUEST MEAS. ON
[14:21:24] : REQUEST MEAS. OFF
[14:21:24] : 0
[14:21:24] : 측정요구 ON 2
[14:21:31] : 측정요구 2OFF
[14:21:31] : 0
[14:22:39] : Cycle start ON
[14:22:40] : Cycle start OFF
[14:22:40] : REQUEST MEAS. ON
[14:22:47] : REQUEST MEAS. OFF
[14:22:47] : 0
[14:22:47] : 측정요구 ON 2
[14:22:54] : 측정요구 2OFF
[14:22:54] : 0
[14:23:31] : Cycle start ON
[14:23:31] : Cycle start OFF
[14:23:31] : 측정요구3 ON
[14:23:37] : 측정요구3 OFF
[14:23:37] : 0
[14:23:37] : 측정요구4 ON
[14:23:45] : 측정요구4 OFF
[14:23:45] : 0
[14:24:21] : Cycle start ON
[14:24:21] : Cycle start OFF
[14:24:21] : 측정요구3 ON
[14:24:28] : 측정요구3 OFF
[14:24:28] : 0
[14:24:28] : 측정요구4 ON
[14:24:35] : 측정요구4 OFF
[14:24:35] : 0
[14:25:00] : Cycle start ON
[14:25:01] : Cycle start OFF
[14:25:01] : 측정요구3 ON
[14:25:07] : 측정요구3 OFF
[14:25:07] : 0
[14:25:07] : 측정요구4 ON
[14:25:14] : 측정요구4 OFF
[14:25:14] : 0
[14:25:40] : Cycle start ON
[14:25:40] : Cycle start OFF
[14:25:40] : 측정요구3 ON
[14:25:46] : 측정요구3 OFF
[14:25:46] : 0
[14:25:46] : 측정요구4 ON
[14:25:54] : 측정요구4 OFF
[14:25:54] : 0
[14:26:20] : Cycle start ON
[14:26:20] : Cycle start OFF
[14:26:20] : 측정요구3 ON
[14:26:27] : 측정요구3 OFF
[14:26:27] : 0
[14:26:27] : 측정요구4 ON
[14:26:34] : 측정요구4 OFF
[14:26:34] : 0
[14:29:03] : Cycle start ON
[14:29:04] : Cycle start OFF
[14:29:04] : 측정요구3 ON
[14:29:10] : 측정요구3 OFF
[14:29:10] : 0
[14:29:10] : 측정요구4 ON
[14:29:18] : 측정요구4 OFF
[14:29:18] : 0
[14:29:44] : Cycle start ON
[14:29:45] : Cycle start OFF
[14:29:45] : 측정요구3 ON
[14:29:51] : 측정요구3 OFF
[14:29:51] : 0
[14:29:51] : 측정요구4 ON
[14:29:59] : 측정요구4 OFF
[14:29:59] : 0
[14:32:07] : Cycle start ON
[14:32:07] : Cycle start OFF
[14:32:07] : 측정요구3 ON
[14:32:14] : 측정요구3 OFF
[14:32:14] : 0
[14:32:14] : 측정요구4 ON
[14:32:22] : 측정요구4 OFF
[14:32:22] : 0
[14:32:46] : Cycle start ON
[14:32:46] : Cycle start OFF
[14:32:46] : 측정요구3 ON
[14:32:53] : 측정요구3 OFF
[14:32:53] : 0
[14:32:53] : 측정요구4 ON
[14:33:00] : 측정요구4 OFF
[14:33:00] : 0
[14:33:28] : Cycle start ON
[14:33:29] : Cycle start OFF
[14:33:29] : 측정요구3 ON
[14:33:35] : 측정요구3 OFF
[14:33:35] : 0
[14:33:35] : 측정요구4 ON
[14:33:43] : 측정요구4 OFF
[14:33:43] : 0
[14:34:04] : Cycle start ON
[14:34:05] : Cycle start OFF
[14:34:05] : 측정요구3 ON
[14:34:11] : 측정요구3 OFF
[14:34:11] : 0
[14:34:11] : 측정요구4 ON
[14:34:19] : 측정요구4 OFF
[14:34:19] : 0
[14:34:40] : Cycle start ON
[14:34:41] : Cycle start OFF
[14:34:41] : 측정요구3 ON
[14:34:47] : 측정요구3 OFF
[14:34:47] : 0
[14:34:47] : 측정요구4 ON
[14:34:55] : 측정요구4 OFF
[14:34:55] : 0
[14:35:16] : Cycle start ON
[14:35:16] : Cycle start OFF
[14:35:16] : 측정요구3 ON
[14:35:23] : 측정요구3 OFF
[14:35:23] : 0
[14:35:23] : 측정요구4 ON
[14:35:30] : 측정요구4 OFF
[14:35:30] : 0
[14:35:52] : Cycle start ON
[14:35:52] : Cycle start OFF
[14:35:52] : 측정요구3 ON
[14:35:59] : 측정요구3 OFF
[14:35:59] : 0
[14:35:59] : 측정요구4 ON
[14:36:06] : 측정요구4 OFF
[14:36:06] : 0
[14:36:27] : Cycle start ON
[14:36:28] : Cycle start OFF
[14:36:28] : 측정요구3 ON
[14:36:34] : 측정요구3 OFF
[14:36:34] : 0
[14:36:34] : 측정요구4 ON
[14:36:42] : 측정요구4 OFF
[14:36:42] : 0
[14:37:03] : Cycle start ON
[14:37:03] : Cycle start OFF
[14:37:03] : 측정요구3 ON
[14:37:10] : 측정요구3 OFF
[14:37:10] : 0
[14:37:10] : 측정요구4 ON
[14:37:17] : 측정요구4 OFF
[14:37:17] : 0
[14:37:39] : Cycle start ON
[14:37:39] : Cycle start OFF
[14:37:39] : 측정요구3 ON
[14:37:46] : 측정요구3 OFF
[14:37:46] : 0
[14:37:46] : 측정요구4 ON
[14:37:53] : 측정요구4 OFF
[14:37:53] : 0
[14:38:14] : Cycle start ON
[14:38:14] : Cycle start OFF
[14:38:14] : 측정요구3 ON
[14:38:21] : 측정요구3 OFF
[14:38:21] : 0
[14:38:21] : 측정요구4 ON
[14:38:28] : 측정요구4 OFF
[14:38:28] : 0
[14:38:50] : Cycle start ON
[14:38:50] : Cycle start OFF
[14:38:50] : 측정요구3 ON
[14:38:57] : 측정요구3 OFF
[14:38:57] : 0
[14:38:57] : 측정요구4 ON
[14:39:04] : 측정요구4 OFF
[14:39:04] : 0
[14:39:37] : Cycle start ON
[14:39:37] : Cycle start OFF
[14:39:37] : 측정요구3 ON
[14:39:44] : 측정요구3 OFF
[14:39:44] : 0
[14:39:44] : 측정요구4 ON
[14:39:52] : 측정요구4 OFF
[14:39:52] : 0
[14:40:13] : Cycle start ON
[14:40:13] : Cycle start OFF
[14:40:13] : 측정요구3 ON
[14:40:20] : 측정요구3 OFF
[14:40:20] : 0
[14:40:20] : 측정요구4 ON
[14:40:27] : 측정요구4 OFF
[14:40:27] : 0
[14:40:48] : Cycle start ON
[14:40:48] : Cycle start OFF
[14:40:48] : 측정요구3 ON
[14:40:55] : 측정요구3 OFF
[14:40:55] : 0
[14:40:55] : 측정요구4 ON
[14:41:03] : 측정요구4 OFF
[14:41:03] : 0
[14:41:24] : Cycle start ON
[14:41:24] : Cycle start OFF
[14:41:24] : 측정요구3 ON
[14:41:31] : 측정요구3 OFF
[14:41:31] : 0
[14:41:31] : 측정요구4 ON
[14:41:38] : 측정요구4 OFF
[14:41:38] : 0
[14:41:59] : Cycle start ON
[14:41:59] : Cycle start OFF
[14:41:59] : 측정요구3 ON
[14:42:06] : 측정요구3 OFF
[14:42:06] : 0
[14:42:06] : 측정요구4 ON
[14:42:14] : 측정요구4 OFF
[14:42:14] : 0
[14:42:35] : Cycle start ON
[14:42:36] : Cycle start OFF
[14:42:36] : 측정요구3 ON
[14:42:42] : 측정요구3 OFF
[14:42:42] : 0
[14:42:42] : 측정요구4 ON
[14:42:49] : 측정요구4 OFF
[14:42:49] : 0
[14:43:11] : Cycle start ON
[14:43:11] : Cycle start OFF
[14:43:11] : 측정요구3 ON
[14:43:18] : 측정요구3 OFF
[14:43:18] : 0
[14:43:18] : 측정요구4 ON
[14:43:25] : 측정요구4 OFF
[14:43:25] : 0
[14:43:46] : Cycle start ON
[14:43:46] : Cycle start OFF
[14:43:46] : 측정요구3 ON
[14:43:53] : 측정요구3 OFF
[14:43:53] : 0
[14:43:53] : 측정요구4 ON
[14:44:01] : 측정요구4 OFF
[14:44:01] : 0
[14:44:22] : Cycle start ON
[14:44:22] : Cycle start OFF
[14:44:22] : 측정요구3 ON
[14:44:29] : 측정요구3 OFF
[14:44:29] : 0
[14:44:29] : 측정요구4 ON
[14:44:37] : 측정요구4 OFF
[14:44:37] : 0
[14:44:58] : Cycle start ON
[14:44:58] : Cycle start OFF
[14:44:58] : 측정요구3 ON
[14:45:05] : 측정요구3 OFF
[14:45:05] : 0
[14:45:05] : 측정요구4 ON
[14:45:12] : 측정요구4 OFF
[14:45:12] : 0
 
