 
[16:14:39] : PROGRAM START
[16:14:50] : TCP FAIL 1
[16:14:59] : Plc Error Timer
[16:15:04] : TCP FAIL 1
[16:15:13] : Plc Error Timer
[16:15:15] : PROGRAM END
 
[16:15:46] : PROGRAM START
[16:15:58] : Plc Error Timer
[16:15:59] : PROGRAM END
 
[16:16:40] : PROGRAM START
[16:16:53] : Plc Error Timer
[16:17:02] : PROGRAM END
 
[16:35:25] : PROGRAM START
[16:35:47] : TCP FAIL 1
[16:35:50] : TCP FAIL 1
[16:35:56] : Plc Error Timer
[16:36:18] : PROGRAM END
 
[16:38:12] : PROGRAM START
[16:38:16] : TCP FAIL 1
[16:38:24] : Plc Error Timer
[16:38:27] : TCP FAIL 1
[16:38:34] : Plc Error Timer
[16:38:43] : PROGRAM END
 
[16:43:27] : PROGRAM START
[16:43:52] : PROGRAM END
 
[16:44:30] : PROGRAM START
[16:44:47] : PROGRAM END
 
[16:47:58] : PROGRAM START
[16:48:22] : PROGRAM END
 
[16:50:05] : PROGRAM START
[16:50:19] : TCP FAIL 1
[16:50:23] : TCP FAIL 1
[16:50:29] : Plc Error Timer
[16:50:38] : TCP FAIL 1
[16:50:41] : TCP FAIL 1
[16:50:47] : Plc Error Timer
[16:50:55] : Plc Error Timer
[16:51:02] : Plc Error Timer
[16:51:20] : Plc Error Timer
[16:51:41] : PROGRAM END
 
[16:52:30] : PROGRAM START
[16:52:34] : TCP FAIL 1
[16:52:37] : TCP FAIL 1
[16:52:39] : TCP FAIL 1
[16:52:42] : TCP FAIL 1
[16:52:44] : TCP FAIL 1
[16:52:52] : Plc Error Timer
[16:53:00] : Plc Error Timer
[16:53:10] : Plc Error Timer
[16:53:13] : PROGRAM END
 
[16:56:09] : PROGRAM START
[16:56:38] : Plc Error Timer
[16:58:54] : PROGRAM END
 
[17:00:37] : PROGRAM START
[17:00:42] : TCP FAIL 1
[17:00:45] : TCP FAIL 1
[17:00:48] : TCP FAIL 1
[17:00:56] : Plc Error Timer
[17:01:04] : Plc Error Timer
[17:01:12] : Plc Error Timer
[17:01:14] : PROGRAM END
 
[17:02:52] : PROGRAM START
[17:02:58] : Plc Error Timer
[17:03:10] : Plc Error Timer
[17:03:13] : PROGRAM END
 
[17:03:40] : PROGRAM START
[17:03:52] : Plc Error Timer
[17:03:58] : PROGRAM END
 
[17:07:34] : PROGRAM START
[17:07:39] : 0
[17:07:39] : 0
[17:07:39] : 0
[17:07:39] : 0
[17:07:39] : 0
[17:07:39] : 0
[17:07:39] : 0
[17:07:39] : 0
[17:07:39] : 0
[17:07:39] : 0
[17:07:49] : Plc Error Timer
[17:07:58] : Plc Error Timer
[17:08:18] : PROGRAM END
 
[17:09:26] : PROGRAM START
[17:09:32] : 0
[17:09:32] : 0
[17:09:32] : 0
[17:09:32] : 0
[17:09:32] : 0
[17:09:32] : 0
[17:09:40] : Plc Error Timer
[17:09:47] : Plc Error Timer
[17:09:49] : PROGRAM END
 
[17:25:46] : PROGRAM START
[17:25:53] : Plc Error Timer
[17:26:03] : PROGRAM END
 
[17:33:00] : PROGRAM START
[17:33:02] : AUTO RUNNING OFF
[17:33:02] : REQUEST MEAS. OFF
[17:33:02] : REQUEST ZEROSET OFF
[17:33:02] : REQUEST ZEROSET OFF
[17:33:12] : PROGRAM END
 
[17:33:38] : PROGRAM START
[17:33:40] : AUTO RUNNING OFF
[17:33:40] : REQUEST MEAS. OFF
[17:33:40] : REQUEST ZEROSET OFF
[17:33:40] : REQUEST ZEROSET OFF
[18:33:39] : MEAS ESC ON
[18:33:40] : MEAS ESC OFF
[18:33:40] : AUTO RUNNING ON
[18:33:43] : AUTO RUNNING OFF
[18:33:46] : MEAS ESC ON
[18:38:30] : MEAS ESC OFF
[18:51:25] : MEAS ESC ON
[18:51:25] : MEAS ESC OFF
[18:51:25] : AUTO RUNNING ON
[18:53:00] : Cycle start ON
[18:53:00] : Cycle start OFF
[18:53:00] : REQUEST MEAS. ON
[18:53:05] : REQUEST MEAS. OFF
[18:53:06] : 측정요구 ON 2
[18:53:12] : 측정요구 2OFF
[18:53:12] : 21,20181203-185312,CF18112053021,,OK,MAX,1,2,0.00,7.00,1.58,OK,0.00,7.00,0.94,OK,
[18:53:45] : Cycle start ON
[18:53:46] : Cycle start OFF
[18:53:46] : REQUEST MEAS. ON
[18:53:51] : REQUEST MEAS. OFF
[18:53:51] : 측정요구 ON 2
[18:53:58] : 측정요구 2OFF
[18:53:58] : 21,20181203-185358,CF18112053861,,OK,MAX,1,2,0.00,7.00,2.13,OK,0.00,7.00,2.17,OK,
[18:55:54] : Cycle start ON
[18:55:55] : Cycle start OFF
[18:55:55] : REQUEST MEAS. ON
[18:56:00] : REQUEST MEAS. OFF
[18:56:00] : 측정요구 ON 2
[18:56:07] : 측정요구 2OFF
[18:56:07] : 21,20181203-185607,CF18112053951,,OK,MAX,1,2,0.00,7.00,1.89,OK,0.00,7.00,1.18,OK,
[18:56:16] : Cycle start ON
[18:56:16] : Cycle start OFF
[18:56:16] : 측정요구3 ON
[18:56:22] : 측정요구3 OFF
[18:56:22] : 측정요구4 ON
[18:56:28] : 측정요구4 OFF
[18:56:28] : 21,20181203-185628,CF18112052661,,OK,MAX,2,3,0.00,7.00,2.08,OK,0.00,7.00,4.07,OK,
[18:57:03] : Cycle start ON
[18:57:04] : Cycle start OFF
[18:57:04] : REQUEST MEAS. ON
[18:57:09] : REQUEST MEAS. OFF
[18:57:09] : 측정요구 ON 2
[18:57:15] : 측정요구 2OFF
[18:57:15] : 21,20181203-185715,F18112052741,,OK,MAX,1,2,0.00,7.00,1.76,OK,0.00,7.00,2.99,OK,
[19:00:24] : Cycle start ON
[19:00:24] : Cycle start OFF
[19:00:24] : 측정요구3 ON
[19:00:30] : 측정요구3 OFF
[19:00:30] : 측정요구4 ON
[19:00:36] : 측정요구4 OFF
[19:00:36] : 21,20181203-190037,CF18112051661,,OK,MAX,2,3,0.00,7.00,3.05,OK,0.00,7.00,2.47,OK,
[19:00:40] : Cycle start ON
[19:00:40] : Cycle start OFF
[19:00:40] : REQUEST MEAS. ON
[19:00:46] : REQUEST MEAS. OFF
[19:00:46] : 측정요구 ON 2
[19:00:52] : 측정요구 2OFF
[19:00:52] : 21,20181203-190052,CF18112051971,,OK,MAX,1,2,0.00,7.00,2.27,OK,0.00,7.00,1.87,OK,
[19:01:30] : Cycle start ON
[19:01:30] : Cycle start OFF
[19:01:30] : REQUEST MEAS. ON
[19:01:36] : REQUEST MEAS. OFF
[19:01:36] : 측정요구 ON 2
[19:01:42] : 측정요구 2OFF
[19:01:42] : 21,20181203-190142,CF18112053961,,OK,MAX,1,2,0.00,7.00,1.78,OK,0.00,7.00,1.18,OK,
[19:09:25] : Cycle start ON
[19:09:25] : Cycle start OFF
[19:09:25] : REQUEST MEAS. ON
[19:09:30] : REQUEST MEAS. OFF
[19:09:30] : 측정요구 ON 2
[19:09:37] : 측정요구 2OFF
[19:09:37] : 21,20181203-190937,CF18112051591,,OK,MAX,1,3,0.00,7.00,4.18,OK,0.00,7.00,6.63,OK,
[19:09:48] : Cycle start ON
[19:09:49] : Cycle start OFF
[19:09:49] : 측정요구3 ON
[19:09:54] : 측정요구3 OFF
[19:09:54] : 측정요구4 ON
[19:09:59] : 측정요구4 OFF
[19:10:00] : 21,20181203-191001,CF18112053041,,OK,MAX,2,2,0.00,7.00,2.09,OK,0.00,7.00,2.85,OK,
[19:10:33] : Cycle start ON
[19:10:34] : Cycle start OFF
[19:10:34] : REQUEST MEAS. ON
[19:10:39] : REQUEST MEAS. OFF
[19:10:39] : 측정요구 ON 2
[19:10:45] : 측정요구 2OFF
[19:10:45] : 21,20181203-191045,CF18112053491,,OK,MAX,1,3,0.00,7.00,2.09,OK,0.00,7.00,3.36,OK,
[19:11:19] : Cycle start ON
[19:11:20] : Cycle start OFF
[19:11:20] : REQUEST MEAS. ON
[19:11:25] : REQUEST MEAS. OFF
[19:11:25] : 측정요구 ON 2
[19:11:32] : 측정요구 2OFF
[19:11:32] : 21,20181203-191132,CF18112053281,,OK,MAX,1,2,0.00,7.00,1.88,OK,0.00,7.00,2.79,OK,
[19:12:03] : Cycle start ON
[19:12:03] : Cycle start OFF
[19:12:03] : 측정요구3 ON
[19:12:09] : 측정요구3 OFF
[19:12:09] : 측정요구4 ON
[19:12:16] : 측정요구4 OFF
[19:12:16] : 21,20181203-191216,CF18112052851,,OK,MAX,2,3,0.00,7.00,2.84,OK,0.00,7.00,4.37,OK,
[19:12:44] : Cycle start ON
[19:12:44] : Cycle start OFF
[19:12:44] : REQUEST MEAS. ON
[19:12:50] : REQUEST MEAS. OFF
[19:12:50] : 측정요구 ON 2
[19:12:56] : 측정요구 2OFF
[19:12:56] : 21,20181203-191256,CF18112053411,,OK,MAX,1,2,0.00,7.00,2.30,OK,0.00,7.00,2.96,OK,
[19:13:32] : Cycle start ON
[19:13:32] : Cycle start OFF
[19:13:32] : REQUEST MEAS. ON
[19:13:38] : REQUEST MEAS. OFF
[19:13:38] : 측정요구 ON 2
[19:13:44] : 측정요구 2OFF
[19:13:44] : 21,20181203-191344,CF18112052791,,OK,MAX,1,2,0.00,7.00,1.88,OK,0.00,7.00,1.06,OK,
[19:14:12] : Cycle start ON
[19:14:13] : Cycle start OFF
[19:14:13] : 측정요구3 ON
[19:14:18] : 측정요구3 OFF
[19:14:18] : 측정요구4 ON
[19:14:25] : 측정요구4 OFF
[19:14:25] : 21,20181203-191425,CF18112053751,,OK,MAX,2,2,0.00,7.00,2.50,OK,0.00,7.00,2.76,OK,
[19:14:59] : Cycle start ON
[19:15:00] : Cycle start OFF
[19:15:00] : REQUEST MEAS. ON
[19:15:05] : REQUEST MEAS. OFF
[19:15:05] : 측정요구 ON 2
[19:15:12] : 측정요구 2OFF
[19:15:12] : 21,20181203-191512,CF18112051601,,OK,MAX,1,3,0.00,7.00,2.48,OK,0.00,7.00,3.56,OK,
[19:15:41] : Cycle start ON
[19:15:42] : Cycle start OFF
[19:15:42] : 측정요구3 ON
[19:15:47] : 측정요구3 OFF
[19:15:47] : 측정요구4 ON
[19:15:54] : 측정요구4 OFF
[19:15:54] : 21,20181203-191554,CF18112053381,,OK,MAX,2,2,0.00,7.00,2.36,OK,0.00,7.00,2.38,OK,
[19:16:25] : Cycle start ON
[19:16:25] : Cycle start OFF
[19:16:25] : REQUEST MEAS. ON
[19:16:30] : REQUEST MEAS. OFF
[19:16:31] : 측정요구 ON 2
[19:16:37] : 측정요구 2OFF
[19:16:37] : 21,20181203-191637,CF18112053851,,OK,MAX,1,2,0.00,7.00,1.46,OK,0.00,7.00,1.56,OK,
[19:17:12] : Cycle start ON
[19:17:12] : Cycle start OFF
[19:17:12] : REQUEST MEAS. ON
[19:17:18] : REQUEST MEAS. OFF
[19:17:18] : 측정요구 ON 2
[19:17:24] : 측정요구 2OFF
[19:17:24] : 21,20181203-191724,CF18112052221,,OK,MAX,1,2,0.00,7.00,2.37,OK,0.00,7.00,2.47,OK,
[19:17:53] : Cycle start ON
[19:17:54] : Cycle start OFF
[19:17:54] : 측정요구3 ON
[19:17:59] : 측정요구3 OFF
[19:17:59] : 측정요구4 ON
[19:18:06] : 측정요구4 OFF
[19:18:06] : 21,20181203-191806,CF18112052861,,OK,MAX,2,2,0.00,7.00,2.09,OK,0.00,7.00,2.27,OK,
[19:18:35] : Cycle start ON
[19:18:36] : Cycle start OFF
[19:18:36] : REQUEST MEAS. ON
[19:18:41] : REQUEST MEAS. OFF
[19:18:41] : 측정요구 ON 2
[19:18:48] : 측정요구 2OFF
[19:18:48] : 21,20181203-191848,CF18112052141,,OK,MAX,1,1,0.00,7.00,0.89,OK,0.00,7.00,0.38,OK,
[19:19:21] : Cycle start ON
[19:19:21] : Cycle start OFF
[19:19:21] : 측정요구3 ON
[19:19:27] : 측정요구3 OFF
[19:19:27] : 측정요구4 ON
[19:19:34] : 측정요구4 OFF
[19:19:34] : 21,20181203-191934,CF18112052971,,OK,MAX,2,2,0.00,7.00,1.99,OK,0.00,7.00,1.88,OK,
[19:20:03] : Cycle start ON
[19:20:03] : Cycle start OFF
[19:20:03] : REQUEST MEAS. ON
[19:20:08] : REQUEST MEAS. OFF
[19:20:08] : 측정요구 ON 2
[19:20:15] : 측정요구 2OFF
[19:20:15] : 21,20181203-192015,CF18112052911,,OK,MAX,1,2,0.00,7.00,1.57,OK,0.00,7.00,0.99,OK,
[19:36:22] : Cycle start ON
[19:36:22] : Cycle start OFF
[19:36:22] : REQUEST MEAS. ON
[19:36:27] : REQUEST MEAS. OFF
[19:36:28] : 측정요구 ON 2
[19:36:34] : 측정요구 2OFF
[19:36:34] : 21,20181203-193635,CF18112052071,,OK,MAX,1,2,0.00,7.00,2.57,OK,0.00,7.00,1.50,OK,
[19:36:57] : Cycle start ON
[19:36:58] : Cycle start OFF
[19:36:58] : 측정요구3 ON
[19:37:03] : 측정요구3 OFF
[19:37:03] : 측정요구4 ON
[19:37:10] : 측정요구4 OFF
[19:37:10] : 21,20181203-193710,CF18112053921,,OK,MAX,2,3,0.00,7.00,3.17,OK,0.00,7.00,4.59,OK,
[19:37:30] : Cycle start ON
[19:37:30] : Cycle start OFF
[19:37:30] : REQUEST MEAS. ON
[19:37:36] : REQUEST MEAS. OFF
[19:37:36] : 측정요구 ON 2
[19:37:42] : 측정요구 2OFF
[19:37:42] : 21,20181203-193742,CF18112053541,,OK,MAX,1,2,0.00,7.00,2.19,OK,0.00,7.00,1.57,OK,
[19:38:12] : Cycle start ON
[19:38:12] : REQUEST MEAS. ON
[19:38:13] : Cycle start OFF
[19:38:18] : REQUEST MEAS. OFF
[19:38:18] : 측정요구 ON 2
[19:38:25] : 측정요구 2OFF
[19:38:25] : 21,20181203-193825,CF18112053761,,OK,MAX,1,3,0.00,7.00,3.29,OK,0.00,7.00,3.48,OK,
[19:39:03] : Cycle start ON
[19:39:03] : Cycle start OFF
[19:39:03] : 측정요구3 ON
[19:39:09] : 측정요구3 OFF
[19:39:09] : 측정요구4 ON
[19:39:16] : 측정요구4 OFF
[19:39:16] : 21,20181203-193916,CF18112052101,,OK,MAX,2,2,0.00,7.00,1.79,OK,0.00,7.00,1.26,OK,
[19:39:41] : Cycle start ON
[19:39:41] : Cycle start OFF
[19:39:41] : REQUEST MEAS. ON
[19:39:47] : REQUEST MEAS. OFF
[19:39:47] : 측정요구 ON 2
[19:39:53] : 측정요구 2OFF
[19:39:53] : 21,20181203-193953,CF18112053301,,OK,MAX,1,2,0.00,7.00,1.25,OK,0.00,7.00,0.73,OK,
[19:41:10] : Cycle start ON
[19:41:10] : Cycle start OFF
[19:41:10] : REQUEST MEAS. ON
[19:41:16] : REQUEST MEAS. OFF
[19:41:16] : 측정요구 ON 2
[19:41:23] : 측정요구 2OFF
[19:41:23] : 21,20181203-194123,CF18112052131,,OK,MAX,1,2,0.00,7.00,2.60,OK,0.00,7.00,1.87,OK,
[19:42:41] : Cycle start ON
[19:42:42] : Cycle start OFF
[19:42:42] : 측정요구3 ON
[19:42:47] : 측정요구3 OFF
[19:42:47] : 측정요구4 ON
[19:42:54] : 측정요구4 OFF
[19:42:54] : 21,20181203-194254,CF18112053661,,OK,MAX,2,3,0.00,7.00,3.81,OK,0.00,7.00,3.75,OK,
[19:43:00] : Cycle start ON
[19:43:00] : Cycle start OFF
[19:43:00] : REQUEST MEAS. ON
[19:43:05] : REQUEST MEAS. OFF
[19:43:05] : 측정요구 ON 2
[19:43:12] : 측정요구 2OFF
[19:43:12] : 21,20181203-194312,CF18112052151,,OK,MAX,1,2,0.00,7.00,1.37,OK,0.00,7.00,2.19,OK,
[19:43:51] : Cycle start ON
[19:43:52] : Cycle start OFF
[19:43:52] : REQUEST MEAS. ON
[19:43:57] : REQUEST MEAS. OFF
[19:43:57] : 측정요구 ON 2
[19:44:04] : 측정요구 2OFF
[19:44:04] : 21,20181203-194404,CF18112053941,,OK,MAX,1,2,0.00,7.00,1.59,OK,0.00,7.00,0.95,OK,
[19:44:35] : Cycle start ON
[19:44:36] : Cycle start OFF
[19:44:36] : 측정요구3 ON
[19:44:41] : 측정요구3 OFF
[19:44:41] : 측정요구4 ON
[19:44:48] : 측정요구4 OFF
[19:44:48] : 21,20181203-194448,CF18112053631,,OK,MAX,2,3,0.00,7.00,2.96,OK,0.00,7.00,3.99,OK,
[19:45:18] : Cycle start ON
[19:45:18] : Cycle start OFF
[19:45:18] : REQUEST MEAS. ON
[19:45:24] : REQUEST MEAS. OFF
[19:45:24] : 측정요구 ON 2
[19:45:31] : 측정요구 2OFF
[19:45:31] : 21,20181203-194531,CF18112052321,,OK,MAX,1,2,0.00,7.00,0.98,OK,0.00,7.00,0.85,OK,
[19:46:02] : Cycle start ON
[19:46:02] : 측정요구3 ON
[19:46:03] : Cycle start OFF
[19:46:08] : 측정요구3 OFF
[19:46:08] : 측정요구4 ON
[19:46:14] : 측정요구4 OFF
[19:46:14] : 21,20181203-194614,CF18112053621,,OK,MAX,2,2,0.00,7.00,2.39,OK,0.00,7.00,2.37,OK,
[19:46:49] : Cycle start ON
[19:46:49] : Cycle start OFF
[19:46:49] : REQUEST MEAS. ON
[19:46:55] : REQUEST MEAS. OFF
[19:46:55] : 측정요구 ON 2
[19:47:01] : 측정요구 2OFF
[19:47:01] : 21,20181203-194701,CF18112053671,,OK,MAX,1,2,0.00,7.00,2.26,OK,0.00,7.00,2.38,OK,
[19:47:31] : Cycle start ON
[19:47:31] : Cycle start OFF
[19:47:31] : 측정요구3 ON
[19:47:37] : 측정요구3 OFF
[19:47:37] : 측정요구4 ON
[19:47:44] : 측정요구4 OFF
[19:47:44] : 21,20181203-194744,CF18112053801,,OK,MAX,2,2,0.00,7.00,1.01,OK,0.00,7.00,1.36,OK,
[19:48:14] : Cycle start ON
[19:48:14] : Cycle start OFF
[19:48:14] : REQUEST MEAS. ON
[19:48:20] : REQUEST MEAS. OFF
[19:48:20] : 측정요구 ON 2
[19:48:26] : 측정요구 2OFF
[19:48:26] : 21,20181203-194826,CF18112052031,,OK,MAX,1,2,0.00,7.00,2.08,OK,0.00,7.00,1.47,OK,
[19:49:00] : Cycle start ON
[19:49:00] : Cycle start OFF
[19:49:00] : REQUEST MEAS. ON
[19:49:06] : REQUEST MEAS. OFF
[19:49:06] : 측정요구 ON 2
[19:49:12] : 측정요구 2OFF
[19:49:12] : 21,20181203-194913,CF18112053421,,OK,MAX,1,2,0.00,7.00,2.20,OK,0.00,7.00,1.78,OK,
[19:50:21] : Cycle start ON
[19:50:21] : REQUEST MEAS. ON
[19:50:21] : Cycle start OFF
[19:50:27] : REQUEST MEAS. OFF
[19:50:27] : 측정요구 ON 2
[19:50:33] : 측정요구 2OFF
[19:50:33] : 21,20181203-195033,CF18112053061,,OK,MAX,1,2,0.00,7.00,1.99,OK,0.00,7.00,1.47,OK,
[19:51:07] : Cycle start ON
[19:51:08] : Cycle start OFF
[19:51:08] : REQUEST MEAS. ON
[19:51:13] : REQUEST MEAS. OFF
[19:51:13] : 측정요구 ON 2
[19:51:20] : 측정요구 2OFF
[19:51:20] : 21,20181203-195120,CF18112053771,,OK,MAX,1,2,0.00,7.00,1.69,OK,0.00,7.00,1.09,OK,
[19:51:54] : Cycle start ON
[19:51:55] : Cycle start OFF
[19:51:55] : REQUEST MEAS. ON
[19:52:00] : REQUEST MEAS. OFF
[19:52:00] : 측정요구 ON 2
[19:52:06] : 측정요구 2OFF
[19:52:06] : 21,20181203-195207,CF18112052521,,OK,MAX,1,2,0.00,7.00,1.95,OK,0.00,7.00,1.85,OK,
[19:52:39] : Cycle start ON
[19:52:39] : Cycle start OFF
[19:52:39] : 측정요구3 ON
[19:52:45] : 측정요구3 OFF
[19:52:45] : 측정요구4 ON
[19:52:51] : 측정요구4 OFF
[19:52:51] : 21,20181203-195251,CF18112053681,,OK,MAX,2,2,0.00,7.00,1.70,OK,0.00,7.00,1.67,OK,
[19:53:20] : Cycle start ON
[19:53:20] : Cycle start OFF
[19:53:20] : REQUEST MEAS. ON
[19:53:26] : REQUEST MEAS. OFF
[19:53:26] : 측정요구 ON 2
[19:53:32] : 측정요구 2OFF
[19:53:32] : 21,20181203-195333,CF18112052561,,OK,MAX,1,2,0.00,7.00,2.38,OK,0.00,7.00,2.67,OK,
[19:54:08] : Cycle start ON
[19:54:08] : Cycle start OFF
[19:54:08] : REQUEST MEAS. ON
[19:54:13] : REQUEST MEAS. OFF
[19:54:14] : 측정요구 ON 2
[19:54:20] : 측정요구 2OFF
[19:54:20] : 21,20181203-195420,CF18112053831,,OK,MAX,1,2,0.00,7.00,1.99,OK,0.00,7.00,1.37,OK,
[19:54:48] : Cycle start ON
[19:54:49] : Cycle start OFF
[19:54:49] : 측정요구3 ON
[19:54:54] : 측정요구3 OFF
[19:54:54] : 측정요구4 ON
[19:55:01] : 측정요구4 OFF
[19:55:01] : 21,20181203-195501,CF18112053141,,OK,MAX,2,2,0.00,7.00,2.54,OK,0.00,7.00,2.37,OK,
[19:55:35] : Cycle start ON
[19:55:35] : Cycle start OFF
[19:55:35] : REQUEST MEAS. ON
[19:55:41] : REQUEST MEAS. OFF
[19:55:41] : 측정요구 ON 2
[19:55:47] : 측정요구 2OFF
[19:55:47] : 21,20181203-195548,CF18112052701,,OK,MAX,1,2,0.00,7.00,1.10,OK,0.00,7.00,0.66,OK,
[19:56:17] : Cycle start ON
[19:56:17] : Cycle start OFF
[19:56:17] : 측정요구3 ON
[19:56:22] : 측정요구3 OFF
[19:56:23] : 측정요구4 ON
[19:56:29] : 측정요구4 OFF
[19:56:29] : 21,20181203-195629,CF18112053991,,OK,MAX,2,2,0.00,7.00,1.87,OK,0.00,7.00,1.46,OK,
[19:57:03] : Cycle start ON
[19:57:04] : Cycle start OFF
[19:57:04] : REQUEST MEAS. ON
[19:57:09] : REQUEST MEAS. OFF
[19:57:09] : 측정요구 ON 2
[19:57:16] : 측정요구 2OFF
[19:57:16] : 21,20181203-195716,CF18112053611,,OK,MAX,1,2,0.00,7.00,0.90,OK,0.00,7.00,0.67,OK,
[19:59:07] : Cycle start ON
[19:59:08] : Cycle start OFF
[19:59:08] : REQUEST MEAS. ON
[19:59:13] : REQUEST MEAS. OFF
[19:59:13] : 측정요구 ON 2
[19:59:19] : 측정요구 2OFF
[19:59:19] : 21,20181203-195920,CF18112053981,,OK,MAX,1,2,0.00,7.00,1.05,OK,0.00,7.00,1.76,OK,
[19:59:54] : Cycle start ON
[19:59:55] : Cycle start OFF
[19:59:55] : REQUEST MEAS. ON
[20:00:00] : REQUEST MEAS. OFF
[20:00:00] : 측정요구 ON 2
[20:00:06] : 측정요구 2OFF
[20:00:06] : 21,20181203-200007,CF18112053731,,OK,MAX,1,3,0.00,7.00,4.17,OK,0.00,7.00,5.17,OK,
[20:00:40] : Cycle start ON
[20:00:41] : Cycle start OFF
[20:00:41] : REQUEST MEAS. ON
[20:00:46] : REQUEST MEAS. OFF
[20:00:46] : 측정요구 ON 2
[20:00:52] : 측정요구 2OFF
[20:00:52] : 21,20181203-200053,CF18112053251,,OK,MAX,1,2,0.00,7.00,2.29,OK,0.00,7.00,2.96,OK,
[20:01:27] : Cycle start ON
[20:01:27] : Cycle start OFF
[20:01:27] : REQUEST MEAS. ON
[20:01:33] : REQUEST MEAS. OFF
[20:01:33] : 측정요구 ON 2
[20:01:39] : 측정요구 2OFF
[20:01:39] : 21,20181203-200139,CF18112052821,,OK,MAX,1,3,0.00,7.00,3.50,OK,0.00,7.00,3.87,OK,
[20:02:09] : Cycle start ON
[20:02:09] : Cycle start OFF
[20:02:09] : 측정요구3 ON
[20:02:14] : 측정요구3 OFF
[20:02:15] : 측정요구4 ON
[20:02:21] : 측정요구4 OFF
[20:02:21] : 21,20181203-200222,CF18112054001,,OK,MAX,2,2,0.00,7.00,1.81,OK,0.00,7.00,1.77,OK,
[20:02:53] : Cycle start ON
[20:02:53] : Cycle start OFF
[20:02:53] : REQUEST MEAS. ON
[20:02:59] : REQUEST MEAS. OFF
[20:02:59] : 측정요구 ON 2
[20:03:05] : 측정요구 2OFF
[20:03:05] : 21,20181203-200305,CF18112052931,,OK,MAX,1,3,0.00,7.00,1.88,OK,0.00,7.00,3.39,OK,
[20:04:59] : Cycle start ON
[20:05:00] : Cycle start OFF
[20:05:00] : REQUEST MEAS. ON
[20:05:05] : REQUEST MEAS. OFF
[20:05:05] : 측정요구 ON 2
[20:05:12] : 측정요구 2OFF
[20:05:12] : 21,20181203-200512,CF18112053291,,OK,MAX,1,2,0.00,7.00,2.28,OK,0.00,7.00,1.98,OK,
[20:05:46] : Cycle start ON
[20:05:46] : Cycle start OFF
[20:05:46] : REQUEST MEAS. ON
[20:05:52] : REQUEST MEAS. OFF
[20:05:52] : 측정요구 ON 2
[20:05:58] : 측정요구 2OFF
[20:05:58] : 21,20181203-200559,CF18112052431,,OK,MAX,1,2,0.00,7.00,1.49,OK,0.00,7.00,1.46,OK,
[20:06:32] : Cycle start ON
[20:06:33] : Cycle start OFF
[20:06:33] : REQUEST MEAS. ON
[20:06:38] : REQUEST MEAS. OFF
[20:06:38] : 측정요구 ON 2
[20:06:44] : 측정요구 2OFF
[20:06:44] : 21,20181203-200644,CF18112052751,,OK,MAX,1,2,0.00,7.00,1.27,OK,0.00,7.00,2.59,OK,
[20:07:19] : Cycle start ON
[20:07:20] : Cycle start OFF
[20:07:20] : REQUEST MEAS. ON
[20:07:25] : REQUEST MEAS. OFF
[20:07:25] : 측정요구 ON 2
[20:07:31] : 측정요구 2OFF
[20:07:31] : 21,20181203-200731,CF18112052651,,OK,MAX,1,2,0.00,7.00,1.73,OK,0.00,7.00,1.40,OK,
[20:08:03] : Cycle start ON
[20:08:03] : Cycle start OFF
[20:08:03] : 측정요구3 ON
[20:08:09] : 측정요구3 OFF
[20:08:09] : 측정요구4 ON
[20:08:15] : 측정요구4 OFF
[20:08:15] : 21,20181203-200815,CF18112052081,,OK,MAX,2,2,0.00,7.00,2.96,OK,0.00,7.00,2.75,OK,
[20:08:44] : Cycle start ON
[20:08:45] : Cycle start OFF
[20:08:45] : REQUEST MEAS. ON
[20:08:50] : REQUEST MEAS. OFF
[20:08:50] : 측정요구 ON 2
[20:08:57] : 측정요구 2OFF
[20:08:57] : 21,20181203-200857,CF18112052381,,OK,MAX,1,2,0.00,7.00,1.90,OK,0.00,7.00,2.27,OK,
[20:09:31] : Cycle start ON
[20:09:31] : Cycle start OFF
[20:09:31] : REQUEST MEAS. ON
[20:09:37] : REQUEST MEAS. OFF
[20:09:37] : 측정요구 ON 2
[20:09:44] : 측정요구 2OFF
[20:09:44] : 21,20181203-200944,CF18112052541,,OK,MAX,1,2,0.00,7.00,1.30,OK,0.00,7.00,0.78,OK,
[20:10:14] : Cycle start ON
[20:10:14] : Cycle start OFF
[20:10:14] : 측정요구3 ON
[20:10:20] : 측정요구3 OFF
[20:10:20] : 측정요구4 ON
[20:10:26] : 측정요구4 OFF
[20:10:26] : 21,20181203-201026,CF18112052201,,OK,MAX,2,2,0.00,7.00,2.42,OK,0.00,7.00,1.89,OK,
[20:10:55] : Cycle start ON
[20:10:56] : Cycle start OFF
[20:10:56] : REQUEST MEAS. ON
[20:11:01] : REQUEST MEAS. OFF
[20:11:01] : 측정요구 ON 2
[20:11:08] : 측정요구 2OFF
[20:11:08] : 21,20181203-201108,CF18112053811,,OK,MAX,1,2,0.00,7.00,2.25,OK,0.00,7.00,1.16,OK,
[20:11:43] : Cycle start ON
[20:11:44] : Cycle start OFF
[20:11:44] : REQUEST MEAS. ON
[20:11:49] : REQUEST MEAS. OFF
[20:11:49] : 측정요구 ON 2
[20:11:56] : 측정요구 2OFF
[20:11:56] : 21,20181203-201156,CF18112052191,,OK,MAX,1,2,0.00,7.00,1.77,OK,0.00,7.00,0.98,OK,
[20:12:25] : Cycle start ON
[20:12:25] : Cycle start OFF
[20:12:25] : 측정요구3 ON
[20:12:31] : 측정요구3 OFF
[20:12:31] : 측정요구4 ON
[20:12:37] : 측정요구4 OFF
[20:12:37] : 21,20181203-201238,CF18112051981,,OK,MAX,2,2,0.00,7.00,1.77,OK,0.00,7.00,2.41,OK,
[20:13:10] : Cycle start ON
[20:13:10] : Cycle start OFF
[20:13:10] : REQUEST MEAS. ON
[20:13:15] : REQUEST MEAS. OFF
[20:13:15] : 측정요구 ON 2
[20:13:22] : 측정요구 2OFF
[20:13:22] : 21,20181203-201322,CF18112051721,,OK,MAX,1,3,0.00,7.00,2.51,OK,0.00,7.00,3.15,OK,
[20:13:53] : Cycle start ON
[20:13:54] : Cycle start OFF
[20:13:54] : 측정요구3 ON
[20:13:59] : 측정요구3 OFF
[20:13:59] : 측정요구4 ON
[20:14:06] : 측정요구4 OFF
[20:14:06] : 21,20181203-201406,CF18112052481,,OK,MAX,2,2,0.00,7.00,2.18,OK,0.00,7.00,2.47,OK,
[20:14:38] : Cycle start ON
[20:14:38] : Cycle start OFF
[20:14:38] : REQUEST MEAS. ON
[20:14:44] : REQUEST MEAS. OFF
[20:14:44] : 측정요구 ON 2
[20:14:50] : 측정요구 2OFF
[20:14:50] : 21,20181203-201450,CF18112052811,,OK,MAX,1,2,0.00,7.00,1.88,OK,0.00,7.00,2.38,OK,
[20:15:21] : Cycle start ON
[20:15:22] : Cycle start OFF
[20:15:22] : 측정요구3 ON
[20:15:27] : 측정요구3 OFF
[20:15:27] : 측정요구4 ON
[20:15:34] : 측정요구4 OFF
[20:15:34] : 21,20181203-201534,CF18112053051,,OK,MAX,2,3,0.00,7.00,2.85,OK,0.00,7.00,3.49,OK,
[20:16:05] : Cycle start ON
[20:16:06] : Cycle start OFF
[20:16:06] : REQUEST MEAS. ON
[20:16:11] : REQUEST MEAS. OFF
[20:16:11] : 측정요구 ON 2
[20:16:17] : 측정요구 2OFF
[20:16:17] : 21,20181203-201618,CF18112051691,,OK,MAX,1,2,0.00,7.00,2.07,OK,0.00,7.00,2.45,OK,
[20:16:52] : Cycle start ON
[20:16:52] : Cycle start OFF
[20:16:52] : REQUEST MEAS. ON
[20:16:58] : REQUEST MEAS. OFF
[20:16:58] : 측정요구 ON 2
[20:17:04] : 측정요구 2OFF
[20:17:04] : 21,20181203-201704,CF18112052841,,OK,MAX,1,2,0.00,7.00,2.60,OK,0.00,7.00,1.98,OK,
[20:17:34] : Cycle start ON
[20:17:34] : Cycle start OFF
[20:17:34] : 측정요구3 ON
[20:17:39] : 측정요구3 OFF
[20:17:40] : 측정요구4 ON
[20:17:46] : 측정요구4 OFF
[20:17:46] : 21,20181203-201746,CF18112053071,,OK,MAX,2,3,0.00,7.00,3.85,OK,0.00,7.00,3.99,OK,
[20:18:16] : Cycle start ON
[20:18:17] : Cycle start OFF
[20:18:17] : REQUEST MEAS. ON
[20:18:22] : REQUEST MEAS. OFF
[20:18:22] : 측정요구 ON 2
[20:18:28] : 측정요구 2OFF
[20:18:28] : 21,20181203-201828,CF18112051631,,OK,MAX,1,2,0.00,7.00,1.90,OK,0.00,7.00,1.38,OK,
[20:19:03] : Cycle start ON
[20:19:04] : Cycle start OFF
[20:19:04] : REQUEST MEAS. ON
[20:19:09] : REQUEST MEAS. OFF
[20:19:09] : 측정요구 ON 2
[20:19:16] : 측정요구 2OFF
[20:19:16] : 21,20181203-201916,CF18112052401,,OK,MAX,1,2,0.00,7.00,1.78,OK,0.00,7.00,1.07,OK,
[20:19:43] : Cycle start ON
[20:19:44] : Cycle start OFF
[20:19:44] : 측정요구3 ON
[20:19:49] : 측정요구3 OFF
[20:19:49] : 측정요구4 ON
[20:19:56] : 측정요구4 OFF
[20:19:56] : 21,20181203-201956,CF18112052531,,OK,MAX,2,2,0.00,7.00,3.00,OK,0.00,7.00,2.47,OK,
[20:20:28] : Cycle start ON
[20:20:28] : Cycle start OFF
[20:20:28] : REQUEST MEAS. ON
[20:20:33] : REQUEST MEAS. OFF
[20:20:33] : 측정요구 ON 2
[20:20:40] : 측정요구 2OFF
[20:20:40] : 21,20181203-202041,CF18112051611,,OK,MAX,1,2,0.00,7.00,1.57,OK,0.00,7.00,0.96,OK,
[20:21:56] : AUTO RUNNING OFF
[20:30:48] : MEAS ESC ON
[20:30:50] : MEAS ESC OFF
[20:30:50] : AUTO RUNNING ON
[20:32:05] : AUTO RUNNING OFF
[20:32:29] : MEAS ESC ON
[20:32:30] : MEAS ESC OFF
[20:32:30] : AUTO RUNNING ON
[20:32:51] : Cycle start ON
[20:32:51] : Cycle start OFF
[20:32:51] : REQUEST MEAS. ON
[20:32:56] : REQUEST MEAS. OFF
[20:32:56] : 측정요구 ON 2
[20:33:03] : 측정요구 2OFF
[20:33:03] : 21,20181203-203303,CF18112053471,,OK,MAX,1,3,0.00,7.00,2.82,OK,0.00,7.00,4.36,OK,
[20:34:05] : Cycle start ON
[20:34:05] : Cycle start OFF
[20:34:05] : REQUEST MEAS. ON
[20:34:11] : REQUEST MEAS. OFF
[20:34:11] : 측정요구 ON 2
[20:34:17] : 측정요구 2OFF
[20:34:17] : 21,20181203-203417,CF18112053181,,OK,MAX,1,2,0.00,7.00,1.79,OK,0.00,7.00,1.39,OK,
[20:34:51] : Cycle start ON
[20:34:52] : Cycle start OFF
[20:34:52] : REQUEST MEAS. ON
[20:34:57] : REQUEST MEAS. OFF
[20:34:57] : 측정요구 ON 2
[20:35:03] : 측정요구 2OFF
[20:35:03] : 21,20181203-203503,CF18112052801,,OK,MAX,1,2,0.00,7.00,2.07,OK,0.00,7.00,2.91,OK,
[20:35:37] : Cycle start ON
[20:35:37] : Cycle start OFF
[20:35:37] : REQUEST MEAS. ON
[20:35:43] : REQUEST MEAS. OFF
[20:35:43] : 측정요구 ON 2
[20:35:50] : 측정요구 2OFF
[20:35:50] : 21,20181203-203550,CF18112052441,,OK,MAX,1,2,0.00,7.00,2.00,OK,0.00,7.00,2.23,OK,
[20:36:20] : Cycle start ON
[20:36:20] : Cycle start OFF
[20:36:20] : 측정요구3 ON
[20:36:26] : 측정요구3 OFF
[20:36:26] : 측정요구4 ON
[20:36:32] : 측정요구4 OFF
[20:36:32] : 21,20181203-203632,CF18112052471,,OK,MAX,2,3,0.00,7.00,2.53,OK,0.00,7.00,4.26,OK,
[20:37:07] : Cycle start ON
[20:37:07] : Cycle start OFF
[20:37:07] : REQUEST MEAS. ON
[20:37:13] : REQUEST MEAS. OFF
[20:37:13] : 측정요구 ON 2
[20:37:19] : 측정요구 2OFF
[20:37:19] : 21,20181203-203719,CF18112053481,,OK,MAX,1,2,0.00,7.00,1.10,OK,0.00,7.00,0.74,OK,
[20:37:48] : Cycle start ON
[20:37:48] : Cycle start OFF
[20:37:48] : 측정요구3 ON
[20:37:53] : 측정요구3 OFF
[20:37:53] : 측정요구4 ON
[20:38:00] : 측정요구4 OFF
[20:38:00] : 21,20181203-203800,CF18112052951,,OK,MAX,2,2,0.00,7.00,2.18,OK,0.00,7.00,2.27,OK,
[20:39:11] : Cycle start ON
[20:39:11] : Cycle start OFF
[20:39:11] : REQUEST MEAS. ON
[20:39:17] : REQUEST MEAS. OFF
[20:39:17] : 측정요구 ON 2
[20:39:24] : 측정요구 2OFF
[20:39:24] : 21,20181203-203924,CF18112052921,,OK,MAX,1,2,0.00,7.00,2.48,OK,0.00,7.00,2.75,OK,
[20:39:58] : Cycle start ON
[20:39:59] : REQUEST MEAS. ON
[20:39:59] : Cycle start OFF
[20:40:04] : REQUEST MEAS. OFF
[20:40:04] : 측정요구 ON 2
[20:40:11] : 측정요구 2OFF
[20:40:11] : 21,20181203-204011,CF18112052231,,OK,MAX,1,2,0.00,7.00,1.45,OK,0.00,7.00,0.86,OK,
[20:40:44] : Cycle start ON
[20:40:45] : Cycle start OFF
[20:40:45] : REQUEST MEAS. ON
[20:40:50] : REQUEST MEAS. OFF
[20:40:50] : 측정요구 ON 2
[20:40:57] : 측정요구 2OFF
[20:40:57] : 21,20181203-204057,CF18112052371,,OK,MAX,1,2,0.00,7.00,1.59,OK,0.00,7.00,2.79,OK,
[20:41:31] : Cycle start ON
[20:41:32] : Cycle start OFF
[20:41:32] : REQUEST MEAS. ON
[20:41:37] : REQUEST MEAS. OFF
[20:41:37] : 측정요구 ON 2
[20:41:43] : 측정요구 2OFF
[20:41:43] : 21,20181203-204144,CF18112053131,,OK,MAX,1,3,0.00,7.00,3.18,OK,0.00,7.00,3.66,OK,
[20:42:13] : Cycle start ON
[20:42:14] : Cycle start OFF
[20:42:14] : 측정요구3 ON
[20:42:19] : 측정요구3 OFF
[20:42:19] : 측정요구4 ON
[20:42:26] : 측정요구4 OFF
[20:42:26] : 21,20181203-204226,CF18112053221,,OK,MAX,2,3,0.00,7.00,2.58,OK,0.00,7.00,3.74,OK,
[20:42:57] : Cycle start ON
[20:42:57] : Cycle start OFF
[20:42:57] : REQUEST MEAS. ON
[20:43:03] : REQUEST MEAS. OFF
[20:43:03] : 측정요구 ON 2
[20:43:09] : 측정요구 2OFF
[20:43:09] : 21,20181203-204310,CF18112052781,,OK,MAX,1,2,0.00,7.00,2.41,OK,0.00,7.00,2.56,OK,
[20:43:40] : Cycle start ON
[20:43:41] : Cycle start OFF
[20:43:41] : 측정요구3 ON
[20:43:46] : 측정요구3 OFF
[20:43:46] : 측정요구4 ON
[20:43:52] : 측정요구4 OFF
[20:43:52] : 21,20181203-204353,CF18112052291,,OK,MAX,2,2,0.00,7.00,2.28,OK,0.00,7.00,1.69,OK,
[20:44:24] : Cycle start ON
[20:44:25] : Cycle start OFF
[20:44:25] : REQUEST MEAS. ON
[20:44:30] : REQUEST MEAS. OFF
[20:44:30] : 측정요구 ON 2
[20:44:37] : 측정요구 2OFF
[20:44:37] : 21,20181203-204437,CF18112053391,,OK,MAX,1,2,0.00,7.00,0.88,OK,0.00,7.00,1.08,OK,
[20:45:57] : Cycle start ON
[20:45:58] : Cycle start OFF
[20:45:58] : REQUEST MEAS. ON
[20:46:03] : REQUEST MEAS. OFF
[20:46:03] : 측정요구 ON 2
[20:46:09] : 측정요구 2OFF
[20:46:09] : 21,20181203-204610,CF18112052301,,OK,MAX,1,2,0.00,7.00,1.66,OK,0.00,7.00,1.71,OK,
[20:46:29] : Cycle start ON
[20:46:29] : Cycle start OFF
[20:46:29] : 측정요구3 ON
[20:46:35] : 측정요구3 OFF
[20:46:35] : 측정요구4 ON
[20:46:41] : 측정요구4 OFF
[20:46:41] : 21,20181203-204641,CF18112052041,,OK,MAX,2,2,0.00,7.00,2.29,OK,0.00,7.00,2.91,OK,
[20:47:39] : AUTO RUNNING OFF
[20:47:59] : MEAS ESC ON
[20:48:00] : MEAS ESC OFF
[20:48:00] : AUTO RUNNING ON
[20:48:26] : Cycle start ON
[20:48:26] : Cycle start OFF
[20:48:26] : REQUEST MEAS. ON
[20:48:32] : REQUEST MEAS. OFF
[20:48:32] : 측정요구 ON 2
[20:48:38] : 측정요구 2OFF
[20:48:38] : 21,20181203-204838,CF18112052111,,OK,MAX,1,2,0.00,7.00,1.50,OK,0.00,7.00,1.17,OK,
[20:48:57] : Cycle start ON
[20:48:57] : Cycle start OFF
[20:48:57] : 측정요구3 ON
[20:49:03] : 측정요구3 OFF
[20:49:03] : 측정요구4 ON
[20:49:09] : 측정요구4 OFF
[20:49:09] : 21,20181203-204909,CF18112053841,,OK,MAX,2,3,0.00,7.00,3.64,OK,0.00,7.00,3.47,OK,
[20:49:40] : Cycle start ON
[20:49:40] : Cycle start OFF
[20:49:40] : REQUEST MEAS. ON
[20:49:46] : REQUEST MEAS. OFF
[20:49:46] : 측정요구 ON 2
[20:49:52] : 측정요구 2OFF
[20:49:52] : 21,20181203-204953,CF18112053211,,OK,MAX,1,2,0.00,7.00,2.29,OK,0.00,7.00,2.87,OK,
[20:50:25] : Cycle start ON
[20:50:25] : Cycle start OFF
[20:50:25] : 측정요구3 ON
[20:50:31] : 측정요구3 OFF
[20:50:31] : 측정요구4 ON
[20:50:37] : 측정요구4 OFF
[20:50:37] : 21,20181203-205037,CF18112053271,,OK,MAX,2,2,0.00,7.00,1.88,OK,0.00,7.00,1.27,OK,
[20:52:16] : Cycle start ON
[20:52:16] : Cycle start OFF
[20:52:16] : REQUEST MEAS. ON
[20:52:22] : REQUEST MEAS. OFF
[20:52:22] : 측정요구 ON 2
[20:52:28] : 측정요구 2OFF
[20:52:28] : 21,20181203-205229,CF18112053551,,OK,MAX,1,2,0.00,7.00,2.67,OK,0.00,7.00,2.75,OK,
[20:53:17] : Cycle start ON
[20:53:17] : Cycle start OFF
[20:53:17] : REQUEST MEAS. ON
[20:53:22] : REQUEST MEAS. OFF
[20:53:22] : 측정요구 ON 2
[20:53:29] : 측정요구 2OFF
[20:53:29] : 21,20181203-205329,CF18112053561,,OK,MAX,1,3,0.00,7.00,3.49,OK,0.00,7.00,2.56,OK,
[20:53:56] : Cycle start ON
[20:53:56] : Cycle start OFF
[20:53:56] : 측정요구3 ON
[20:54:02] : 측정요구3 OFF
[20:54:02] : 측정요구4 ON
[20:54:08] : 측정요구4 OFF
[20:54:08] : 21,20181203-205409,CF18112053111,,OK,MAX,2,3,0.00,7.00,2.29,OK,0.00,7.00,3.57,OK,
[20:54:42] : Cycle start ON
[20:54:43] : Cycle start OFF
[20:54:43] : REQUEST MEAS. ON
[20:54:48] : REQUEST MEAS. OFF
[20:54:48] : 측정요구 ON 2
[20:54:54] : 측정요구 2OFF
[20:54:54] : 21,20181203-205455,CF18112051581,,OK,MAX,1,2,0.00,7.00,1.50,OK,0.00,7.00,1.95,OK,
[20:55:29] : Cycle start ON
[20:55:29] : Cycle start OFF
[20:55:29] : REQUEST MEAS. ON
[20:55:35] : REQUEST MEAS. OFF
[20:55:35] : 측정요구 ON 2
[20:55:41] : 측정요구 2OFF
[20:55:41] : 21,20181203-205541,CF18112053371,,OK,MAX,1,3,0.00,7.00,2.29,OK,0.00,7.00,3.17,OK,
[20:56:10] : Cycle start ON
[20:56:10] : Cycle start OFF
[20:56:10] : 측정요구3 ON
[20:56:15] : 측정요구3 OFF
[20:56:15] : 측정요구4 ON
[20:56:22] : 측정요구4 OFF
[20:56:22] : 21,20181203-205623,CF18112053191,,OK,MAX,2,2,0.00,7.00,1.80,OK,0.00,7.00,1.20,OK,
[20:56:55] : Cycle start ON
[20:56:56] : Cycle start OFF
[20:56:56] : REQUEST MEAS. ON
[20:57:01] : REQUEST MEAS. OFF
[20:57:01] : 측정요구 ON 2
[20:57:07] : 측정요구 2OFF
[20:57:07] : 21,20181203-205707,CF18112053341,,OK,MAX,1,2,0.00,7.00,2.30,OK,0.00,7.00,1.66,OK,
[21:00:06] : Cycle start ON
[21:00:06] : Cycle start OFF
[21:00:06] : REQUEST MEAS. ON
[21:00:12] : REQUEST MEAS. OFF
[21:00:12] : 측정요구 ON 2
[21:00:18] : 측정요구 2OFF
[21:00:18] : 21,20181203-210018,CF18112052991,,OK,MAX,1,2,0.00,7.00,1.88,OK,0.00,7.00,1.08,OK,
[21:00:53] : Cycle start ON
[21:00:54] : Cycle start OFF
[21:00:54] : REQUEST MEAS. ON
[21:00:59] : REQUEST MEAS. OFF
[21:00:59] : 측정요구 ON 2
[21:01:06] : 측정요구 2OFF
[21:01:06] : 21,20181203-210106,CF18112052461,,OK,MAX,1,2,0.00,7.00,1.59,OK,0.00,7.00,1.78,OK,
[21:01:37] : AUTO RUNNING OFF
 
