[09:59:00] : Cycle start ON
[09:59:01] : Cycle start OFF
[09:59:01] : REQUEST MEAS. ON
[09:59:07] : REQUEST MEAS. OFF
[09:59:07] : 0
[09:59:07] : 측정요구 ON 2
[09:59:14] : 측정요구 2OFF
[09:59:14] : 0
[10:10:04] : Cycle start ON
[10:10:04] : Cycle start OFF
[10:10:04] : 측정요구3 ON
[10:10:10] : 측정요구3 OFF
[10:10:10] : 0
[10:10:10] : 측정요구4 ON
[10:10:16] : 측정요구4 OFF
[10:10:16] : 0
 
[17:15:24] : PROGRAM START
[17:15:26] : AUTO RUNNING OFF
[17:15:26] : REQUEST MEAS. OFF
[17:15:26] : REQUEST ZEROSET OFF
[17:15:26] : REQUEST ZEROSET OFF
[18:06:01] : MEAS ESC ON
[18:06:03] : MEAS ESC OFF
[18:06:04] : MEAS ESC ON
[18:06:05] : MEAS ESC OFF
[19:23:01] : MEAS ESC ON
[19:23:02] : MEAS ESC OFF
[19:23:14] : MEAS ESC ON
[19:23:16] : MEAS ESC OFF
[19:23:32] : MEAS ESC ON
[19:23:32] : MEAS ESC OFF
[19:23:35] : MEAS ESC ON
[19:23:36] : MEAS ESC OFF
[19:23:37] : MEAS ESC ON
[19:23:37] : MEAS ESC OFF
[19:26:17] : MEAS ESC ON
[19:26:17] : MEAS ESC OFF
[19:26:18] : MEAS ESC ON
[19:26:19] : MEAS ESC OFF
[19:54:32] : MEAS ESC ON
[19:54:34] : MEAS ESC OFF
[20:54:57] : MEAS ESC ON
[20:54:59] : MEAS ESC OFF
[20:56:04] : MEAS ESC ON
[20:56:05] : MEAS ESC OFF
[21:00:54] : MEAS ESC ON
[21:00:55] : MEAS ESC OFF
[21:01:07] : MEAS ESC ON
[21:01:08] : MEAS ESC OFF
[21:01:53] : MEAS ESC ON
[21:01:54] : MEAS ESC OFF
[21:13:57] : MEAS ESC ON
[21:13:57] : MEAS ESC OFF
 
