[10:07:43] : PROGRAM END
 
[10:07:55] : PROGRAM START
[10:07:57] : AUTO RUNNING OFF
[10:07:57] : REQUEST MEAS. OFF
[10:07:57] : REQUEST ZEROSET OFF
[10:07:57] : REQUEST ZEROSET OFF
[10:18:22] : MEAS ESC ON
[10:19:00] : MEAS ESC OFF
[10:19:25] : MEAS ESC ON
[10:19:27] : MEAS ESC OFF
[10:19:34] : MEAS ESC ON
[10:19:35] : MEAS ESC OFF
[10:19:35] : AUTO RUNNING ON
[10:21:10] : Cycle start ON
[10:21:11] : Cycle start OFF
[10:21:11] : REQUEST MEAS. ON
[10:21:17] : REQUEST MEAS. OFF
[10:21:17] : 측정요구 ON 2
[10:21:23] : 측정요구 2OFF
[10:21:23] : 21,20181123-102124,CF18112052311,,OK,MAX,1,3,0.00,7.00,3.29,OK,0.00,7.00,5.38,OK,
[10:21:27] : AUTO RUNNING OFF
[10:23:53] : MEAS ESC ON
[10:23:55] : MEAS ESC OFF
[10:23:55] : AUTO RUNNING ON
[10:24:05] : Cycle start ON
[10:24:06] : Cycle start OFF
[10:24:06] : REQUEST MEAS. ON
[10:24:11] : REQUEST MEAS. OFF
[10:24:11] : 측정요구 ON 2
[10:24:17] : 측정요구 2OFF
[10:24:17] : 21,20181123-102418,CF18112052311,,OK,MAX,1,3,0.00,7.00,3.10,OK,0.00,7.00,5.12,OK,
[10:25:06] : Cycle start ON
[10:25:07] : Cycle start OFF
[10:25:07] : REQUEST MEAS. ON
[10:25:12] : REQUEST MEAS. OFF
[10:25:12] : 측정요구 ON 2
[10:25:19] : 측정요구 2OFF
[10:25:19] : 21,20181123-102520,CF18112053751,,OK,MAX,1,3,0.00,7.00,2.71,OK,0.00,7.00,4.67,OK,
[10:25:55] : Cycle start ON
[10:25:56] : Cycle start OFF
[10:25:56] : REQUEST MEAS. ON
[10:26:01] : REQUEST MEAS. OFF
[10:26:01] : 측정요구 ON 2
[10:26:08] : 측정요구 2OFF
[10:26:08] : 21,20181123-102608,CF18112053961,,NG,MAX,1,3,0.00,7.00,4.89,OK,0.00,7.00,7.46,NG,
[10:26:43] : Cycle start ON
[10:26:44] : Cycle start OFF
[10:26:44] : REQUEST MEAS. ON
[10:26:50] : REQUEST MEAS. OFF
[10:26:50] : 측정요구 ON 2
[10:26:56] : 측정요구 2OFF
[10:26:56] : 21,20181123-102657,CF18112053771,,OK,MAX,1,3,0.00,7.00,2.38,OK,0.00,7.00,4.06,OK,
[10:27:30] : Cycle start ON
[10:27:31] : Cycle start OFF
[10:27:31] : REQUEST MEAS. ON
[10:27:36] : REQUEST MEAS. OFF
[10:27:36] : 측정요구 ON 2
[10:27:42] : 측정요구 2OFF
[10:27:42] : 21,20181123-102743,CF18112053031,,OK,MAX,1,3,0.00,7.00,2.79,OK,0.00,7.00,5.09,OK,
[10:28:16] : Cycle start ON
[10:28:17] : Cycle start OFF
[10:28:17] : REQUEST MEAS. ON
[10:28:22] : REQUEST MEAS. OFF
[10:28:22] : 측정요구 ON 2
[10:28:29] : 측정요구 2OFF
[10:28:29] : 21,20181123-102830,CF18112052941,,NG,MAX,1,3,0.00,7.00,5.25,OK,0.00,7.00,8.48,NG,
[10:29:05] : Cycle start ON
[10:29:06] : Cycle start OFF
[10:29:06] : REQUEST MEAS. ON
[10:29:12] : REQUEST MEAS. OFF
[10:29:12] : 측정요구 ON 2
[10:29:18] : 측정요구 2OFF
[10:29:18] : 21,20181123-102919,CF18112052121,,OK,MAX,1,3,0.00,7.00,3.48,OK,0.00,7.00,5.69,OK,
[10:29:51] : Cycle start ON
[10:29:52] : Cycle start OFF
[10:29:52] : REQUEST MEAS. ON
[10:29:57] : REQUEST MEAS. OFF
[10:29:57] : 측정요구 ON 2
[10:30:04] : 측정요구 2OFF
[10:30:04] : 21,20181123-103004,CF18112051941,,OK,MAX,1,3,0.00,7.00,2.11,OK,0.00,7.00,3.39,OK,
[10:30:37] : Cycle start ON
[10:30:38] : Cycle start OFF
[10:30:38] : REQUEST MEAS. ON
[10:30:43] : REQUEST MEAS. OFF
[10:30:43] : 측정요구 ON 2
[10:30:50] : 측정요구 2OFF
[10:30:50] : 21,20181123-103051,CF18112051991,,OK,MAX,1,3,0.00,7.00,3.11,OK,0.00,7.00,6.26,OK,
[10:31:23] : Cycle start ON
[10:31:24] : Cycle start OFF
[10:31:24] : REQUEST MEAS. ON
[10:31:29] : REQUEST MEAS. OFF
[10:31:29] : 측정요구 ON 2
[10:31:36] : 측정요구 2OFF
[10:31:36] : 21,20181123-103137,CF18112053981,,OK,MAX,1,3,0.00,7.00,1.88,OK,0.00,7.00,4.20,OK,
[10:38:09] : AUTO RUNNING OFF
[11:36:04] : MEAS ESC ON
[11:36:04] : MEAS ESC OFF
[11:36:04] : AUTO RUNNING ON
[11:37:40] : Cycle start ON
[11:37:41] : Cycle start OFF
[11:37:41] : REQUEST MEAS. ON
[11:37:46] : REQUEST MEAS. OFF
[11:37:46] : 측정요구 ON 2
[11:37:52] : 측정요구 2OFF
[11:37:52] : 21,20181123-113753,CF18112053431,,NG,MAX,1,3,0.00,7.00,4.19,OK,0.00,7.00,7.04,NG,
[11:38:28] : Cycle start ON
[11:38:28] : Cycle start OFF
[11:38:28] : REQUEST MEAS. ON
[11:38:34] : REQUEST MEAS. OFF
[11:38:34] : 측정요구 ON 2
[11:38:41] : 측정요구 2OFF
[11:38:41] : 21,20181123-113841,CF18112052891,,OK,MAX,1,3,0.00,7.00,3.08,OK,0.00,7.00,6.09,OK,
[11:38:51] : AUTO RUNNING OFF
 
[12:03:35] : MEAS ESC ON
[12:03:37] : MEAS ESC OFF
[12:03:37] : AUTO RUNNING ON
[12:04:09] : Cycle start ON
[12:04:10] : Cycle start OFF
[12:04:10] : REQUEST MEAS. ON
[12:04:15] : REQUEST MEAS. OFF
[12:04:15] : 측정요구 ON 2
[12:04:21] : 측정요구 2OFF
[12:04:21] : 21,20181123-120422,CF18112051951,,OK,MAX,1,3,0.00,7.00,1.73,OK,0.00,7.00,4.05,OK,
[12:04:46] : Cycle start ON
[12:04:47] : Cycle start OFF
[12:04:47] : 측정요구3 ON
[12:04:52] : 측정요구3 OFF
[12:04:53] : 측정요구4 ON
[12:04:59] : 측정요구4 OFF
[12:04:59] : 21,20181123-120500,CF18112053701,,OK,MAX,2,2,0.00,7.00,1.72,OK,0.00,7.00,2.37,OK,
[12:05:33] : Cycle start ON
[12:05:34] : Cycle start OFF
[12:05:34] : REQUEST MEAS. ON
[12:05:39] : REQUEST MEAS. OFF
[12:05:39] : 측정요구 ON 2
[12:05:46] : 측정요구 2OFF
[12:05:46] : 21,20181123-120546,CF18112052721,,OK,MAX,1,2,0.00,7.00,1.67,OK,0.00,7.00,2.11,OK,
[12:07:04] : Cycle start ON
[12:07:04] : Cycle start OFF
[12:07:04] : REQUEST MEAS. ON
[12:07:10] : REQUEST MEAS. OFF
[12:07:10] : 측정요구 ON 2
[12:07:17] : 측정요구 2OFF
[12:07:17] : 21,20181123-120718,CF18112052881,,OK,MAX,1,3,0.00,7.00,2.58,OK,0.00,7.00,3.17,OK,
[12:07:50] : Cycle start ON
[12:07:51] : Cycle start OFF
[12:07:51] : REQUEST MEAS. ON
[12:07:56] : REQUEST MEAS. OFF
[12:07:57] : 측정요구 ON 2
[12:08:03] : 측정요구 2OFF
[12:08:03] : 21,20181123-120804,CF18112053591,,OK,MAX,1,3,0.00,7.00,1.92,OK,0.00,7.00,3.72,OK,
[12:08:38] : Cycle start ON
[12:08:39] : Cycle start OFF
[12:08:39] : REQUEST MEAS. ON
[12:08:45] : REQUEST MEAS. OFF
[12:08:45] : 측정요구 ON 2
[12:08:51] : 측정요구 2OFF
[12:08:51] : 21,20181123-120851,CF18112052951,,OK,MAX,1,3,0.00,7.00,3.00,OK,0.00,7.00,4.49,OK,
[12:09:23] : Cycle start ON
[12:09:24] : Cycle start OFF
[12:09:24] : REQUEST MEAS. ON
[12:09:29] : REQUEST MEAS. OFF
[12:09:29] : 측정요구 ON 2
[12:09:36] : 측정요구 2OFF
[12:09:36] : 21,20181123-120937,CF18112052701,,OK,MAX,1,2,0.00,7.00,2.11,OK,0.00,7.00,2.99,OK,
[12:10:11] : Cycle start ON
[12:10:11] : Cycle start OFF
[12:10:11] : REQUEST MEAS. ON
[12:10:17] : REQUEST MEAS. OFF
[12:10:17] : 측정요구 ON 2
[12:10:23] : 측정요구 2OFF
[12:10:23] : 21,20181123-121024,CF18112053711,,OK,MAX,1,3,0.00,7.00,2.88,OK,0.00,7.00,4.76,OK,
[12:10:56] : Cycle start ON
[12:10:57] : Cycle start OFF
[12:10:57] : REQUEST MEAS. ON
[12:11:02] : REQUEST MEAS. OFF
[12:11:02] : 측정요구 ON 2
[12:11:09] : 측정요구 2OFF
[12:11:09] : 21,20181123-121109,CF18112051691,,OK,MAX,1,3,0.00,7.00,2.81,OK,0.00,7.00,5.03,OK,
[12:11:44] : Cycle start ON
[12:11:45] : Cycle start OFF
[12:11:45] : REQUEST MEAS. ON
[12:11:50] : REQUEST MEAS. OFF
[12:11:50] : 측정요구 ON 2
[12:11:57] : 측정요구 2OFF
[12:11:57] : 21,20181123-121158,CF18112053391,,OK,MAX,1,2,0.00,7.00,1.80,OK,0.00,7.00,2.98,OK,
[12:12:30] : Cycle start ON
[12:12:31] : REQUEST MEAS. ON
[12:12:31] : Cycle start OFF
[12:12:36] : REQUEST MEAS. OFF
[12:12:36] : 측정요구 ON 2
[12:12:43] : 측정요구 2OFF
[12:12:43] : 21,20181123-121244,CF18112052561,,OK,MAX,1,3,0.00,7.00,2.85,OK,0.00,7.00,5.87,OK,
[12:16:59] : Cycle start ON
[12:17:00] : Cycle start OFF
[12:17:00] : REQUEST MEAS. ON
[12:17:05] : REQUEST MEAS. OFF
[12:17:06] : 측정요구 ON 2
[12:17:12] : 측정요구 2OFF
[12:17:12] : 21,20181123-121712,CF18112052651,,OK,MAX,1,3,0.00,7.00,2.57,OK,0.00,7.00,4.86,OK,
[12:17:20] : Cycle start ON
[12:17:20] : Cycle start OFF
[12:17:20] : 측정요구3 ON
[12:17:26] : 측정요구3 OFF
[12:17:26] : 측정요구4 ON
[12:17:33] : 측정요구4 OFF
[12:17:33] : 21,20181123-121734,CF18112053761,,NG,MAX,2,3,0.00,7.00,4.27,OK,0.00,7.00,7.57,NG,
[12:18:11] : Cycle start ON
[12:18:12] : Cycle start OFF
[12:18:12] : REQUEST MEAS. ON
[12:18:17] : REQUEST MEAS. OFF
[12:18:17] : 측정요구 ON 2
[12:18:23] : 측정요구 2OFF
[12:18:23] : 21,20181123-121824,CF18112053121,,OK,MAX,1,2,0.00,7.00,1.75,OK,0.00,7.00,2.38,OK,
[12:18:56] : Cycle start ON
[12:18:57] : Cycle start OFF
[12:18:57] : REQUEST MEAS. ON
[12:19:03] : REQUEST MEAS. OFF
[12:19:03] : 측정요구 ON 2
[12:19:09] : 측정요구 2OFF
[12:19:09] : 21,20181123-121910,CF18112053201,,OK,MAX,1,3,0.00,7.00,2.91,OK,0.00,7.00,3.38,OK,
[12:19:43] : Cycle start ON
[12:19:44] : Cycle start OFF
[12:19:44] : REQUEST MEAS. ON
[12:19:49] : REQUEST MEAS. OFF
[12:19:49] : 측정요구 ON 2
[12:19:56] : 측정요구 2OFF
[12:19:56] : 21,20181123-121956,CF18112052591,,OK,MAX,1,3,0.00,7.00,3.48,OK,0.00,7.00,5.75,OK,
[12:20:53] : Cycle start ON
[12:20:54] : REQUEST MEAS. ON
[12:20:54] : Cycle start OFF
[12:20:59] : REQUEST MEAS. OFF
[12:20:59] : 측정요구 ON 2
[12:21:06] : 측정요구 2OFF
[12:21:06] : 21,20181123-122107,CF18112053691,,OK,MAX,1,2,0.00,7.00,2.39,OK,0.00,7.00,2.86,OK,
[12:21:18] : Cycle start ON
[12:21:18] : Cycle start OFF
[12:21:18] : 측정요구3 ON
[12:21:24] : 측정요구3 OFF
[12:21:24] : 측정요구4 ON
[12:21:30] : 측정요구4 OFF
[12:21:30] : 21,20181123-122131,CF18112053581,,OK,MAX,2,3,0.00,7.00,2.68,OK,0.00,7.00,5.29,OK,
[12:22:05] : Cycle start ON
[12:22:06] : Cycle start OFF
[12:22:06] : REQUEST MEAS. ON
[12:22:11] : REQUEST MEAS. OFF
[12:22:11] : 측정요구 ON 2
[12:22:18] : 측정요구 2OFF
[12:22:18] : 21,20181123-122219,CF18112052001,,OK,MAX,1,3,0.00,7.00,3.58,OK,0.00,7.00,6.25,OK,
[13:00:51] : AUTO RUNNING OFF
[13:25:52] : Cycle start ON
[13:25:53] : Cycle start OFF
[13:25:53] : REQUEST MEAS. ON
[13:25:58] : REQUEST MEAS. OFF
[13:25:58] : 0
[13:25:58] : 측정요구 ON 2
[13:26:04] : 측정요구 2OFF
[13:26:04] : 0
[13:27:21] : Cycle start ON
[13:27:22] : Cycle start OFF
[13:27:22] : 측정요구3 ON
[13:27:28] : 측정요구3 OFF
[13:27:28] : 0
[13:27:28] : 측정요구4 ON
[13:27:34] : 측정요구4 OFF
[13:27:34] : 0
[14:34:14] : MEAS ESC ON
[14:35:04] : MEAS ESC OFF
[16:39:32] : PROGRAM END
 
[16:39:36] : PROGRAM START
[16:39:37] : AUTO RUNNING OFF
[16:39:37] : REQUEST MEAS. OFF
[16:39:37] : REQUEST ZEROSET OFF
[16:39:37] : REQUEST ZEROSET OFF
[16:40:37] : Cycle start ON
[16:40:37] : Cycle start OFF
[16:40:37] : REQUEST MEAS. ON
[16:40:43] : REQUEST MEAS. OFF
[16:40:43] : 0
[16:40:43] : 측정요구 ON 2
[16:40:48] : 측정요구 2OFF
[16:40:49] : 0
[16:41:32] : Cycle start ON
[16:41:33] : Cycle start OFF
[16:41:33] : 측정요구3 ON
[16:41:38] : 측정요구3 OFF
[16:41:38] : 0
[16:41:38] : 측정요구4 ON
[16:41:45] : 측정요구4 OFF
[16:41:45] : 0
[16:43:08] : Cycle start ON
[16:43:09] : Cycle start OFF
[16:43:09] : 측정요구3 ON
[16:43:14] : 측정요구3 OFF
[16:43:14] : 0
[16:43:14] : 측정요구4 ON
[16:43:21] : 측정요구4 OFF
[16:43:21] : 0
[16:43:37] : Cycle start ON
[16:43:37] : Cycle start OFF
[16:43:37] : 측정요구3 ON
[16:43:43] : 측정요구3 OFF
[16:43:43] : 0
[16:43:43] : 측정요구4 ON
[16:43:50] : 측정요구4 OFF
[16:43:50] : 0
[16:44:06] : Cycle start ON
[16:44:06] : Cycle start OFF
[16:44:06] : 측정요구3 ON
[16:44:11] : 측정요구3 OFF
[16:44:11] : 0
[16:44:11] : 측정요구4 ON
[16:44:18] : 측정요구4 OFF
[16:44:18] : 0
[16:44:34] : Cycle start ON
[16:44:34] : Cycle start OFF
[16:44:34] : 측정요구3 ON
[16:44:39] : 측정요구3 OFF
[16:44:40] : 0
[16:44:40] : 측정요구4 ON
[16:44:46] : 측정요구4 OFF
[16:44:46] : 0
[16:45:02] : Cycle start ON
[16:45:02] : Cycle start OFF
[16:45:02] : 측정요구3 ON
[16:45:07] : 측정요구3 OFF
[16:45:07] : 0
[16:45:07] : 측정요구4 ON
[16:45:14] : 측정요구4 OFF
[16:45:14] : 0
[16:45:39] : Cycle start ON
[16:45:40] : Cycle start OFF
[16:45:40] : 측정요구3 ON
[16:45:45] : 측정요구3 OFF
[16:45:45] : 0
[16:45:45] : 측정요구4 ON
[16:45:51] : 측정요구4 OFF
[16:45:51] : 0
[16:46:07] : Cycle start ON
[16:46:07] : Cycle start OFF
[16:46:07] : 측정요구3 ON
[16:46:12] : 측정요구3 OFF
[16:46:13] : 0
[16:46:13] : 측정요구4 ON
[16:46:19] : 측정요구4 OFF
[16:46:19] : 0
[16:46:35] : Cycle start ON
[16:46:35] : Cycle start OFF
[16:46:35] : 측정요구3 ON
[16:46:40] : 측정요구3 OFF
[16:46:41] : 0
[16:46:41] : 측정요구4 ON
[16:46:47] : 측정요구4 OFF
[16:46:47] : 0
[16:47:04] : Cycle start ON
[16:47:04] : Cycle start OFF
[16:47:04] : 측정요구3 ON
[16:47:10] : 측정요구3 OFF
[16:47:10] : 0
[16:47:10] : 측정요구4 ON
[16:47:16] : 측정요구4 OFF
[16:47:16] : 0
[16:47:32] : Cycle start ON
[16:47:32] : Cycle start OFF
[16:47:32] : 측정요구3 ON
[16:47:37] : 측정요구3 OFF
[16:47:37] : 0
[16:47:37] : 측정요구4 ON
[16:47:44] : 측정요구4 OFF
[16:47:44] : 0
[16:49:26] : Cycle start ON
[16:49:27] : Cycle start OFF
[16:49:27] : REQUEST MEAS. ON
[16:49:32] : REQUEST MEAS. OFF
[16:49:32] : 0
[16:49:32] : 측정요구 ON 2
[16:49:38] : 측정요구 2OFF
[16:49:38] : 0
[16:49:52] : Cycle start ON
[16:49:52] : Cycle start OFF
[16:49:52] : REQUEST MEAS. ON
[16:49:58] : REQUEST MEAS. OFF
[16:49:58] : 0
[16:49:58] : 측정요구 ON 2
[16:50:05] : 측정요구 2OFF
[16:50:05] : 0
[16:50:19] : Cycle start ON
[16:50:19] : Cycle start OFF
[16:50:19] : REQUEST MEAS. ON
[16:50:25] : REQUEST MEAS. OFF
[16:50:25] : 0
[16:50:25] : 측정요구 ON 2
[16:50:31] : 측정요구 2OFF
[16:50:31] : 0
[16:50:46] : Cycle start ON
[16:50:46] : Cycle start OFF
[16:50:46] : REQUEST MEAS. ON
[16:50:52] : REQUEST MEAS. OFF
[16:50:52] : 0
[16:50:52] : 측정요구 ON 2
[16:50:58] : 측정요구 2OFF
[16:50:58] : 0
[16:51:12] : Cycle start ON
[16:51:12] : Cycle start OFF
[16:51:12] : REQUEST MEAS. ON
[16:51:18] : REQUEST MEAS. OFF
[16:51:18] : 0
[16:51:18] : 측정요구 ON 2
[16:51:25] : 측정요구 2OFF
[16:51:25] : 0
[17:12:08] : Cycle start ON
[17:12:08] : Cycle start OFF
[17:12:08] : REQUEST MEAS. ON
[17:12:14] : REQUEST MEAS. OFF
[17:12:14] : 0
[17:12:14] : 측정요구 ON 2
[17:12:20] : 측정요구 2OFF
[17:12:20] : 0
[17:12:34] : Cycle start ON
[17:12:34] : Cycle start OFF
[17:12:34] : REQUEST MEAS. ON
[17:12:40] : REQUEST MEAS. OFF
[17:12:40] : 0
[17:12:40] : 측정요구 ON 2
[17:12:47] : 측정요구 2OFF
[17:12:47] : 0
[17:13:01] : Cycle start ON
[17:13:01] : Cycle start OFF
[17:13:01] : REQUEST MEAS. ON
[17:13:07] : REQUEST MEAS. OFF
[17:13:07] : 0
[17:13:07] : 측정요구 ON 2
[17:13:13] : 측정요구 2OFF
[17:13:13] : 0
[17:13:27] : Cycle start ON
[17:13:27] : Cycle start OFF
[17:13:27] : REQUEST MEAS. ON
[17:13:33] : REQUEST MEAS. OFF
[17:13:33] : 0
[17:13:33] : 측정요구 ON 2
[17:13:40] : 측정요구 2OFF
[17:13:40] : 0
[17:13:54] : Cycle start ON
[17:13:54] : Cycle start OFF
[17:13:54] : REQUEST MEAS. ON
[17:14:00] : REQUEST MEAS. OFF
[17:14:00] : 0
[17:14:00] : 측정요구 ON 2
[17:14:06] : 측정요구 2OFF
[17:14:06] : 0
[17:15:12] : Cycle start ON
[17:15:12] : Cycle start OFF
[17:15:12] : REQUEST MEAS. ON
[17:15:18] : REQUEST MEAS. OFF
[17:15:18] : 0
[17:15:18] : 측정요구 ON 2
[17:15:25] : 측정요구 2OFF
[17:15:25] : 0
[17:15:51] : Cycle start ON
[17:15:51] : Cycle start OFF
[17:15:51] : REQUEST MEAS. ON
[17:15:56] : REQUEST MEAS. OFF
[17:15:56] : 0
[17:15:56] : 측정요구 ON 2
[17:16:03] : 측정요구 2OFF
[17:16:03] : 0
[17:16:57] : PROGRAM END
 
[17:18:46] : PROGRAM START
[17:18:48] : AUTO RUNNING OFF
[17:18:48] : REQUEST MEAS. OFF
[17:18:48] : REQUEST ZEROSET OFF
[17:18:48] : REQUEST ZEROSET OFF
[17:19:30] : Cycle start ON
[17:19:31] : Cycle start OFF
[17:19:31] : REQUEST MEAS. ON
[17:19:36] : REQUEST MEAS. OFF
[17:19:36] : 0
[17:19:36] : 측정요구 ON 2
[17:19:43] : 측정요구 2OFF
[17:19:43] : 0
 
