 
[13:19:28] : MEAS ESC ON
[13:19:29] : MEAS ESC OFF
[13:19:29] : AUTO RUNNING ON
[13:20:38] : AUTO RUNNING OFF
[13:24:35] : MEAS ESC ON
[13:24:36] : MEAS ESC OFF
[13:24:36] : AUTO RUNNING ON
[14:50:57] : Plc Error Timer
[14:50:57] : MEAS ESC ON
[14:50:57] : AUTO RUNNING OFF
[14:51:04] : MEAS ESC OFF
[14:51:07] : MEAS ESC ON
[17:33:27] : MEAS ESC OFF
[17:33:34] : MEAS ESC ON
[17:33:38] : MEAS ESC OFF
[17:33:38] : AUTO RUNNING ON
[17:34:06] : Cycle start ON
[17:34:06] : Cycle start OFF
[17:34:06] : REQUEST MEAS. ON
[17:34:13] : REQUEST MEAS. OFF
[17:34:13] : 측정요구 ON 2
[17:34:21] : 측정요구 2OFF
[17:34:21] : 21,20181224-173421,,,OK,MAX,1,2,AUTO,0.00,7.00,2.18,OK,0.00,7.00,2.07,OK,
[17:35:17] : Cycle start ON
[17:35:17] : REQUEST MEAS. ON
[17:35:17] : Cycle start OFF
[17:35:24] : REQUEST MEAS. OFF
[17:35:24] : 측정요구 ON 2
[17:35:31] : 측정요구 2OFF
[17:35:31] : 21,20181224-173531,,,OK,MAX,1,2,AUTO,0.00,7.00,2.38,OK,0.00,7.00,1.85,OK,
[17:35:39] : Cycle start ON
[17:35:40] : Cycle start OFF
[17:35:40] : 측정요구3 ON
[17:35:46] : 측정요구3 OFF
[17:35:46] : 측정요구4 ON
[17:35:54] : 측정요구4 OFF
[17:35:54] : 21,20181224-173555,AL18121450386,,OK,MAX,2,3,AUTO,0.00,7.00,4.33,OK,0.00,7.00,4.01,OK,
[17:36:27] : Cycle start ON
[17:36:28] : Cycle start OFF
[17:36:28] : REQUEST MEAS. ON
[17:36:34] : REQUEST MEAS. OFF
[17:36:34] : 측정요구 ON 2
[17:36:42] : 측정요구 2OFF
[17:36:42] : 21,20181224-173642,,,OK,MAX,1,2,AUTO,0.00,7.00,2.98,OK,0.00,7.00,2.60,OK,
[17:36:51] : Cycle start ON
[17:36:51] : Cycle start OFF
[17:36:51] : 측정요구3 ON
[17:36:58] : 측정요구3 OFF
[17:36:58] : 측정요구4 ON
[17:37:06] : 측정요구4 OFF
[17:37:06] : 21,20181224-173706,AL18121450366,,OK,MAX,2,3,AUTO,0.00,7.00,6.03,OK,0.00,7.00,5.81,OK,
[17:37:36] : Cycle start ON
[17:37:36] : Cycle start OFF
[17:37:36] : REQUEST MEAS. ON
[17:37:43] : REQUEST MEAS. OFF
[17:37:43] : 측정요구 ON 2
[17:37:51] : 측정요구 2OFF
[17:37:51] : 21,20181224-173751,,,OK,MAX,1,3,AUTO,0.00,7.00,4.20,OK,0.00,7.00,3.69,OK,
[17:37:59] : Cycle start ON
[17:37:59] : Cycle start OFF
[17:37:59] : 측정요구3 ON
[17:38:06] : 측정요구3 OFF
[17:38:06] : 측정요구4 ON
[17:38:14] : 측정요구4 OFF
[17:38:14] : 21,20181224-173814,AL18121450546,,OK,MAX,2,3,AUTO,0.00,7.00,3.97,OK,0.00,7.00,3.64,OK,
[17:38:44] : Cycle start ON
[17:38:44] : Cycle start OFF
[17:38:44] : REQUEST MEAS. ON
[17:38:50] : REQUEST MEAS. OFF
[17:38:51] : 측정요구 ON 2
[17:38:58] : 측정요구 2OFF
[17:38:58] : 21,20181224-173859,,,OK,MAX,1,3,AUTO,0.00,7.00,3.27,OK,0.00,7.00,2.95,OK,
[17:40:45] : Cycle start ON
[17:40:46] : Cycle start OFF
[17:40:46] : REQUEST MEAS. ON
[17:40:52] : REQUEST MEAS. OFF
[17:40:52] : 측정요구 ON 2
[17:41:00] : 측정요구 2OFF
[17:41:00] : 21,20181224-174100,,,OK,MAX,1,2,AUTO,0.00,7.00,2.79,OK,0.00,7.00,2.51,OK,
[18:33:49] : AUTO RUNNING OFF
 
