[11:27:34] : Cycle start ON
[11:27:35] : Cycle start OFF
[11:27:35] : REQUEST MEAS. ON
[11:27:40] : REQUEST MEAS. OFF
[11:27:40] : 0
[11:27:40] : 측정요구 ON 2
[11:27:47] : 측정요구 2OFF
[11:27:47] : 0
[11:29:12] : Cycle start ON
[11:29:12] : Cycle start OFF
[11:29:12] : 측정요구3 ON
[11:29:17] : 측정요구3 OFF
[11:29:17] : 0
[11:29:17] : 측정요구4 ON
[11:29:24] : 측정요구4 OFF
[11:29:24] : 0
 
[13:36:06] : MEAS ESC ON
[13:36:07] : MEAS ESC OFF
[13:36:07] : AUTO RUNNING ON
[13:38:53] : AUTO RUNNING OFF
[14:17:03] : MEAS ESC ON
[14:17:46] : MEAS ESC OFF
[14:29:53] : MEAS ESC ON
[14:29:58] : MEAS ESC OFF
[14:30:23] : MEAS ESC ON
[14:30:24] : MEAS ESC OFF
[14:30:24] : AUTO RUNNING ON
[14:32:23] : AUTO RUNNING OFF
[14:32:25] : MEAS ESC ON
[14:32:25] : MEAS ESC OFF
[14:32:25] : AUTO RUNNING ON
[14:33:31] : AUTO RUNNING OFF
[14:34:12] : MEAS ESC ON
[14:34:13] : MEAS ESC OFF
[14:34:13] : AUTO RUNNING ON
[14:34:27] : AUTO RUNNING OFF
[14:35:20] : MEAS ESC ON
[14:35:22] : MEAS ESC OFF
[14:35:22] : AUTO RUNNING ON
[14:35:55] : AUTO RUNNING OFF
[14:37:34] : MEAS ESC ON
[14:37:36] : MEAS ESC OFF
[14:37:36] : AUTO RUNNING ON
[14:37:47] : Cycle start ON
[14:37:47] : REQUEST MEAS. ON
[14:37:47] : Cycle start OFF
[14:37:52] : REQUEST MEAS. OFF
[14:37:53] : 측정요구 ON 2
[14:37:59] : 측정요구 2OFF
[14:37:59] : 21,20181206-143800,,CG 18111913533,OK,MAX,1,2,0.00,5.00,0.98,OK,0.00,5.00,1.17,OK,
[14:44:15] : AUTO RUNNING OFF
[14:44:23] : MEAS ESC ON
[14:44:25] : MEAS ESC OFF
[14:44:25] : AUTO RUNNING ON
[14:45:56] : AUTO RUNNING OFF
[14:46:04] : MEAS ESC ON
[14:46:05] : MEAS ESC OFF
[14:46:05] : AUTO RUNNING ON
[14:46:22] : AUTO RUNNING OFF
[14:46:35] : MEAS ESC ON
[14:47:20] : MEAS ESC OFF
[14:52:45] : MEAS ESC ON
[14:52:46] : MEAS ESC OFF
[14:52:46] : AUTO RUNNING ON
[14:52:57] : Cycle start ON
[14:52:57] : Cycle start OFF
[14:52:57] : REQUEST MEAS. ON
[14:52:59] : Cycle start ON
[14:52:59] : Cycle start OFF
[14:53:03] : REQUEST MEAS. OFF
[14:53:03] : 측정요구 ON 2
[14:53:09] : 측정요구 2OFF
[14:53:09] : 21,20181206-145309,CJ18120550561,CF 18112010151,OK,MAX,1,2,0.00,5.00,1.06,OK,0.00,5.00,2.46,OK,
[14:53:09] : 측정요구3 ON
[14:53:15] : 측정요구3 OFF
[14:53:15] : 측정요구4 ON
[14:53:22] : 측정요구4 OFF
[14:53:22] : 21,20181206-145322,CJ18120550551,CF 18112010271,OK,MAX,2,2,0.00,5.00,0.37,OK,0.00,5.00,0.91,OK,
[14:53:54] : Cycle start ON
[14:53:55] : Cycle start OFF
[14:53:55] : REQUEST MEAS. ON
[14:54:00] : REQUEST MEAS. OFF
[14:54:00] : 측정요구 ON 2
[14:54:05] : Cycle start ON
[14:54:06] : Cycle start OFF
[14:54:06] : 측정요구 2OFF
[14:54:06] : 21,20181206-145407,CJ18120550601,CF 18112010241,OK,MAX,1,2,0.00,5.00,0.57,OK,0.00,5.00,1.39,OK,
[14:54:06] : 측정요구3 ON
[14:54:13] : 측정요구3 OFF
[14:54:13] : 측정요구4 ON
[14:54:19] : 측정요구4 OFF
[14:54:19] : 21,20181206-145419,CJ18120550621,CF 18112010261,NG,MAX,2,0,0.00,5.00,6.99,NG,0.00,5.00,9.66,NG,
[14:54:38] : Cycle start ON
[14:54:39] : Cycle start OFF
[14:54:39] : REQUEST MEAS. ON
[14:54:44] : REQUEST MEAS. OFF
[14:54:44] : 측정요구 ON 2
[14:54:51] : 측정요구 2OFF
[14:54:51] : 21,20181206-145451,CJ18120550861,CF 18112010321,OK,MAX,1,2,0.00,5.00,1.08,OK,0.00,5.00,0.47,OK,
[14:55:00] : Cycle start ON
[14:55:00] : Cycle start OFF
[14:55:00] : 측정요구3 ON
[14:55:06] : 측정요구3 OFF
[14:55:06] : 측정요구4 ON
[14:55:13] : 측정요구4 OFF
[14:55:13] : 21,20181206-145513,CJ18120550871,CF 18112010231,OK,MAX,2,2,0.00,5.00,0.58,OK,0.00,5.00,1.18,OK,
[14:55:15] : Cycle start ON
[14:55:16] : REQUEST MEAS. ON
[14:55:16] : Cycle start OFF
[14:55:21] : REQUEST MEAS. OFF
[14:55:21] : 측정요구 ON 2
[14:55:28] : 측정요구 2OFF
[14:55:28] : 21,20181206-145528,CJ18120550791,CF 18112010331,OK,MAX,1,1,0.00,5.00,0.37,OK,0.00,5.00,0.47,OK,
[14:55:47] : Cycle start ON
[14:55:47] : Cycle start OFF
[14:55:47] : 측정요구3 ON
[14:55:53] : 측정요구3 OFF
[14:55:53] : 측정요구4 ON
[14:55:59] : 측정요구4 OFF
[14:55:59] : 21,20181206-145600,CJ18120550801,CF 18112010301,OK,MAX,2,1,0.00,5.00,0.80,OK,0.00,5.00,0.86,OK,
[14:56:01] : Cycle start ON
[14:56:01] : Cycle start OFF
[14:56:01] : REQUEST MEAS. ON
[14:56:07] : REQUEST MEAS. OFF
[14:56:07] : 측정요구 ON 2
[14:56:13] : 측정요구 2OFF
[14:56:13] : 21,20181206-145613,CJ18120550811,CF 18112010341,OK,MAX,1,2,0.00,5.00,0.76,OK,0.00,5.00,2.79,OK,
[14:56:37] : Cycle start ON
[14:56:37] : Cycle start OFF
[14:56:37] : 측정요구3 ON
[14:56:43] : 측정요구3 OFF
[14:56:43] : 측정요구4 ON
[14:56:43] : Cycle start ON
[14:56:44] : Cycle start OFF
[14:56:49] : 측정요구4 OFF
[14:56:49] : 21,20181206-145650,CJ18120550511,CF 18112010291,NG,MAX,2,0,0.00,5.00,7.55,NG,0.00,5.00,6.37,NG,
[14:56:49] : REQUEST MEAS. ON
[14:56:56] : REQUEST MEAS. OFF
[14:56:56] : 측정요구 ON 2
[14:57:02] : 측정요구 2OFF
[14:57:02] : 21,20181206-145702,CJ18120550461,CF 18112010351,OK,MAX,1,3,0.00,5.00,1.33,OK,0.00,5.00,3.47,OK,
[14:57:20] : Cycle start ON
[14:57:20] : Cycle start OFF
[14:57:20] : 측정요구3 ON
[14:57:25] : 측정요구3 OFF
[14:57:25] : 측정요구4 ON
[14:57:27] : Cycle start ON
[14:57:28] : Cycle start OFF
[14:57:32] : 측정요구4 OFF
[14:57:32] : 21,20181206-145733,CJ18120550491,CF 18112010391,OK,MAX,2,1,0.00,5.00,0.67,OK,0.00,5.00,0.68,OK,
[14:57:32] : REQUEST MEAS. ON
[14:57:39] : REQUEST MEAS. OFF
[14:57:39] : 측정요구 ON 2
[14:57:45] : 측정요구 2OFF
[14:57:45] : 21,20181206-145745,CJ18120550481,CF 18112010401,OK,MAX,1,1,0.00,5.00,0.57,OK,0.00,5.00,0.41,OK,
[14:57:57] : Cycle start ON
[14:57:58] : Cycle start OFF
[14:57:58] : 측정요구3 ON
[14:58:03] : 측정요구3 OFF
[14:58:03] : 측정요구4 ON
[14:58:10] : 측정요구4 OFF
[14:58:10] : 21,20181206-145810,CJ18120550451,CF 18112010381,OK,MAX,2,2,0.00,5.00,1.28,OK,0.00,5.00,1.48,OK,
[14:58:10] : Cycle start ON
[14:58:10] : Cycle start OFF
[14:58:10] : REQUEST MEAS. ON
[14:58:16] : REQUEST MEAS. OFF
[14:58:16] : 측정요구 ON 2
[14:58:22] : 측정요구 2OFF
[14:58:22] : 21,20181206-145823,CJ18120550441,CF 18112010411,OK,MAX,1,2,0.00,5.00,2.87,OK,0.00,5.00,2.25,OK,
[14:58:34] : Cycle start ON
[14:58:34] : Cycle start OFF
[14:58:34] : 측정요구3 ON
[14:58:40] : 측정요구3 OFF
[14:58:40] : 측정요구4 ON
[14:58:46] : 측정요구4 OFF
[14:58:46] : 21,20181206-145846,CJ18120550431,CF 18112010371,OK,MAX,2,2,0.00,5.00,1.01,OK,0.00,5.00,1.07,OK,
[14:58:58] : Cycle start ON
[14:58:58] : Cycle start OFF
[14:58:58] : REQUEST MEAS. ON
[14:59:04] : REQUEST MEAS. OFF
[14:59:04] : 측정요구 ON 2
[14:59:10] : 측정요구 2OFF
[14:59:10] : 21,20181206-145911,CJ18120550581,CF 18112010421,OK,MAX,1,1,0.00,5.00,0.38,OK,0.00,5.00,0.25,OK,
[15:01:05] : AUTO RUNNING OFF
[15:04:16] : MEAS ESC ON
[15:04:16] : MEAS ESC OFF
[15:04:16] : AUTO RUNNING ON
[15:04:31] : Cycle start ON
[15:04:31] : Cycle start OFF
[15:04:31] : 측정요구3 ON
[15:04:36] : 측정요구3 OFF
[15:04:37] : 측정요구4 ON
[15:04:38] : Cycle start ON
[15:04:39] : Cycle start OFF
[15:04:43] : 측정요구4 OFF
[15:04:43] : 21,20181206-150444,CJ18120550611,CF 18112010261,OK,MAX,2,2,0.00,5.00,2.66,OK,0.00,5.00,2.77,OK,
[15:04:43] : REQUEST MEAS. ON
[15:04:50] : REQUEST MEAS. OFF
[15:04:50] : 측정요구 ON 2
[15:04:56] : 측정요구 2OFF
[15:04:56] : 21,20181206-150456,CJ18120550591,CF 18112010291,OK,MAX,1,1,0.00,5.00,0.87,OK,0.00,5.00,0.36,OK,
[15:05:43] : Cycle start ON
[15:05:44] : Cycle start OFF
[15:05:44] : REQUEST MEAS. ON
[15:05:49] : REQUEST MEAS. OFF
[15:05:49] : 측정요구 ON 2
[15:05:56] : 측정요구 2OFF
[15:05:56] : 21,20181206-150556,CJ18120550621,CF 18112010361,NG,MAX,1,3,0.00,5.00,3.13,OK,0.00,5.00,6.74,NG,
[15:06:30] : Cycle start ON
[15:06:30] : Cycle start OFF
[15:06:30] : REQUEST MEAS. ON
[15:06:36] : REQUEST MEAS. OFF
[15:06:36] : 측정요구 ON 2
[15:06:42] : Cycle start ON
[15:06:42] : Cycle start OFF
[15:06:43] : 측정요구 2OFF
[15:06:43] : 21,20181206-150643,CJ18120550511,CF 18112010881,OK,MAX,1,3,0.00,5.00,4.58,OK,0.00,5.00,3.05,OK,
[15:06:43] : 측정요구3 ON
[15:06:49] : 측정요구3 OFF
[15:06:49] : 측정요구4 ON
[15:06:54] : 측정요구4 OFF
[15:06:55] : 21,20181206-150655,CJ18120550781,CF 18112010931,OK,MAX,2,1,0.00,5.00,0.70,OK,0.00,5.00,0.37,OK,
[15:07:49] : Cycle start ON
[15:07:49] : Cycle start OFF
[15:07:49] : REQUEST MEAS. ON
[15:07:54] : REQUEST MEAS. OFF
[15:07:54] : 측정요구 ON 2
[15:08:01] : 측정요구 2OFF
[15:08:01] : 21,20181206-150801,CJ18120550741,CF 18112010961,OK,MAX,1,1,0.00,5.00,0.17,OK,0.00,5.00,0.40,OK,
[15:08:02] : Cycle start ON
[15:08:02] : Cycle start OFF
[15:08:02] : 측정요구3 ON
[15:08:08] : 측정요구3 OFF
[15:08:08] : 측정요구4 ON
[15:08:14] : 측정요구4 OFF
[15:08:14] : 21,20181206-150815,CJ18120550761,CF 18112010921,OK,MAX,2,1,0.00,5.00,0.56,OK,0.00,5.00,0.88,OK,
[15:08:25] : Cycle start ON
[15:08:26] : Cycle start OFF
[15:08:26] : REQUEST MEAS. ON
[15:08:31] : REQUEST MEAS. OFF
[15:08:31] : 측정요구 ON 2
[15:08:38] : 측정요구 2OFF
[15:08:38] : 21,20181206-150838,CJ18120550731,CF 18112011041,OK,MAX,1,1,0.00,5.00,0.49,OK,0.00,5.00,0.42,OK,
[15:08:41] : Cycle start ON
[15:08:42] : 측정요구3 ON
[15:08:42] : Cycle start OFF
[15:08:47] : 측정요구3 OFF
[15:08:47] : 측정요구4 ON
[15:08:53] : 측정요구4 OFF
[15:08:53] : 21,20181206-150854,CJ18120550901,CF 18112011051,OK,MAX,2,1,0.00,5.00,0.57,OK,0.00,5.00,0.63,OK,
[15:09:09] : Cycle start ON
[15:09:09] : Cycle start OFF
[15:09:09] : REQUEST MEAS. ON
[15:09:15] : REQUEST MEAS. OFF
[15:09:15] : 측정요구 ON 2
[15:09:21] : 측정요구 2OFF
[15:09:21] : 21,20181206-150921,CJ18120550831,CF 18112010991,OK,MAX,1,1,0.00,5.00,0.86,OK,0.00,5.00,0.87,OK,
[15:09:43] : Cycle start ON
[15:09:44] : Cycle start OFF
[15:09:44] : 측정요구3 ON
[15:09:49] : 측정요구3 OFF
[15:09:49] : 측정요구4 ON
[15:09:56] : 측정요구4 OFF
[15:09:56] : 21,20181206-150956,CJ18120550881,CF 18112011001,OK,MAX,2,2,0.00,5.00,0.81,OK,0.00,5.00,1.75,OK,
[15:10:07] : Cycle start ON
[15:10:08] : Cycle start OFF
[15:10:08] : REQUEST MEAS. ON
[15:10:13] : REQUEST MEAS. OFF
[15:10:13] : 측정요구 ON 2
[15:10:20] : 측정요구 2OFF
[15:10:20] : 21,20181206-151020,CJ18120550851,H ,OK,MAX,1,1,0.00,5.00,0.59,OK,0.00,5.00,0.50,OK,
[15:10:46] : Cycle start ON
[15:10:46] : Cycle start OFF
[15:10:46] : 측정요구3 ON
[15:10:51] : 측정요구3 OFF
[15:10:51] : 측정요구4 ON
[15:10:58] : 측정요구4 OFF
[15:10:58] : 21,20181206-151058,CJ18120550911,CF 18112011011,OK,MAX,2,2,0.00,5.00,1.13,OK,0.00,5.00,2.97,OK,
[15:14:37] : AUTO RUNNING OFF
 
