[09:45:56] : MEAS ESC ON
[09:46:00] : MEAS ESC OFF
[09:46:00] : AUTO RUNNING ON
[09:46:04] : AUTO RUNNING OFF
[09:46:27] : MEAS ESC ON
[09:46:27] : MEAS ESC OFF
[09:46:27] : AUTO RUNNING ON
[09:47:06] : AUTO RUNNING OFF
[09:48:10] : MEAS ESC ON
[09:48:11] : MEAS ESC OFF
[09:48:11] : AUTO RUNNING ON
[09:48:15] : AUTO RUNNING OFF
[09:48:24] : MEAS ESC ON
[09:48:25] : MEAS ESC OFF
[09:48:25] : AUTO RUNNING ON
[09:49:59] : Cycle start ON
[09:50:00] : Cycle start OFF
[09:50:00] : REQUEST MEAS. ON
[09:50:05] : REQUEST MEAS. OFF
[09:50:05] : 측정요구 ON 2
[09:50:12] : 측정요구 2OFF
[09:50:12] : 21,20181204-095012,CF18112053721,,OK,MAX,1,3,0.00,7.00,2.88,OK,0.00,7.00,4.55,OK,
[09:50:45] : Cycle start ON
[09:50:46] : Cycle start OFF
[09:50:46] : REQUEST MEAS. ON
[09:50:51] : REQUEST MEAS. OFF
[09:50:51] : 측정요구 ON 2
[09:50:58] : 측정요구 2OFF
[09:50:58] : 21,20181204-095058,CF18112052211,,OK,MAX,1,1,0.00,7.00,0.87,OK,0.00,7.00,0.48,OK,
[09:52:10] : Cycle start ON
[09:52:11] : Cycle start OFF
[09:52:11] : REQUEST MEAS. ON
[09:52:16] : REQUEST MEAS. OFF
[09:52:16] : 측정요구 ON 2
[09:52:23] : 측정요구 2OFF
[09:52:23] : 21,20181204-095223,CF18112053261,,OK,MAX,1,2,0.00,7.00,2.50,OK,0.00,7.00,1.53,OK,
[09:54:29] : AUTO RUNNING OFF
[09:55:01] : MEAS ESC ON
[09:55:01] : MEAS ESC OFF
[09:55:01] : AUTO RUNNING ON
[09:56:23] : AUTO RUNNING OFF
[09:56:45] : MEAS ESC ON
[09:56:45] : MEAS ESC OFF
[09:56:45] : AUTO RUNNING ON
[09:56:58] : Cycle start ON
[09:56:58] : Cycle start OFF
[09:56:58] : REQUEST MEAS. ON
[09:57:04] : REQUEST MEAS. OFF
[09:57:04] : 측정요구 ON 2
[09:57:10] : 측정요구 2OFF
[09:57:10] : 21,20181204-095711,,,OK,MAX,1,2,0.00,7.00,1.40,OK,0.00,7.00,0.85,OK,
[09:57:16] : Cycle start ON
[09:57:17] : Cycle start OFF
[09:57:17] : 측정요구3 ON
[09:57:22] : 측정요구3 OFF
[09:57:22] : 측정요구4 ON
[09:57:28] : 측정요구4 OFF
[09:57:28] : 21,20181204-095729,CF18112051561,,OK,MAX,2,2,0.00,7.00,2.86,OK,0.00,7.00,2.83,OK,
[09:58:52] : AUTO RUNNING OFF
[09:59:18] : MEAS ESC ON
[09:59:19] : MEAS ESC OFF
[09:59:19] : AUTO RUNNING ON
[10:36:34] : AUTO RUNNING OFF
[10:38:28] : MEAS ESC ON
[10:38:29] : MEAS ESC OFF
[10:38:29] : AUTO RUNNING ON
[10:39:38] : Cycle start ON
[10:39:39] : Cycle start OFF
[10:39:39] : REQUEST MEAS. ON
[10:39:44] : REQUEST MEAS. OFF
[10:39:44] : 측정요구 ON 2
[10:39:51] : 측정요구 2OFF
[10:39:51] : 21,20181204-103951,CF18112053871,,OK,MAX,1,3,0.00,7.00,3.09,OK,0.00,7.00,3.95,OK,
[10:40:24] : Cycle start ON
[10:40:25] : Cycle start OFF
[10:40:25] : REQUEST MEAS. ON
[10:40:30] : REQUEST MEAS. OFF
[10:40:30] : 측정요구 ON 2
[10:40:37] : 측정요구 2OFF
[10:40:37] : 21,20181204-104037,CF18112053401,,OK,MAX,1,2,0.00,7.00,2.49,OK,0.00,7.00,2.85,OK,
[10:41:11] : Cycle start ON
[10:41:12] : Cycle start OFF
[10:41:12] : REQUEST MEAS. ON
[10:41:17] : REQUEST MEAS. OFF
[10:41:17] : 측정요구 ON 2
[10:41:24] : 측정요구 2OFF
[10:41:24] : 21,20181204-104124,CF18112052021,,OK,MAX,1,2,0.00,7.00,2.20,OK,0.00,7.00,1.84,OK,
[10:41:54] : Cycle start ON
[10:41:54] : Cycle start OFF
[10:41:54] : 측정요구3 ON
[10:42:00] : 측정요구3 OFF
[10:42:00] : 측정요구4 ON
[10:42:06] : 측정요구4 OFF
[10:42:06] : 21,20181204-104207,CF18112053881,,OK,MAX,2,3,0.00,7.00,3.35,OK,0.00,7.00,4.70,OK,
[10:42:41] : Cycle start ON
[10:42:41] : Cycle start OFF
[10:42:41] : REQUEST MEAS. ON
[10:42:47] : REQUEST MEAS. OFF
[10:42:47] : 측정요구 ON 2
[10:42:53] : 측정요구 2OFF
[10:42:53] : 21,20181204-104253,CF18112053781,,OK,MAX,1,2,0.00,7.00,2.10,OK,0.00,7.00,2.04,OK,
[10:43:22] : Cycle start ON
[10:43:22] : Cycle start OFF
[10:43:22] : 측정요구3 ON
[10:43:28] : 측정요구3 OFF
[10:43:28] : 측정요구4 ON
[10:43:34] : 측정요구4 OFF
[10:43:34] : 21,20181204-104335,CF18112052631,,OK,MAX,2,2,0.00,7.00,2.64,OK,0.00,7.00,2.36,OK,
[10:44:09] : Cycle start ON
[10:44:10] : Cycle start OFF
[10:44:10] : REQUEST MEAS. ON
[10:44:15] : REQUEST MEAS. OFF
[10:44:15] : 측정요구 ON 2
[10:44:21] : 측정요구 2OFF
[10:44:21] : 21,20181204-104422,CF18112053911,,OK,MAX,1,2,0.00,7.00,1.60,OK,0.00,7.00,1.35,OK,
[10:44:50] : Cycle start ON
[10:44:51] : Cycle start OFF
[10:44:51] : 측정요구3 ON
[10:44:56] : 측정요구3 OFF
[10:44:56] : 측정요구4 ON
[10:45:03] : 측정요구4 OFF
[10:45:03] : 21,20181204-104503,CF18112052681,,OK,MAX,2,2,0.00,7.00,2.17,OK,0.00,7.00,2.25,OK,
[10:45:37] : Cycle start ON
[10:45:37] : Cycle start OFF
[10:45:37] : REQUEST MEAS. ON
[10:45:43] : REQUEST MEAS. OFF
[10:45:43] : 측정요구 ON 2
[10:45:49] : 측정요구 2OFF
[10:45:49] : 21,20181204-104549,CF18112052281,,OK,MAX,1,2,0.00,7.00,1.69,OK,0.00,7.00,1.16,OK,
[10:47:03] : Cycle start ON
[10:47:04] : Cycle start OFF
[10:47:04] : 측정요구3 ON
[10:47:09] : 측정요구3 OFF
[10:47:09] : 측정요구4 ON
[10:47:16] : 측정요구4 OFF
[10:47:16] : 21,20181204-104716,CF18112051621,,OK,MAX,2,2,0.00,7.00,1.79,OK,0.00,7.00,1.55,OK,
[10:48:13] : Cycle start ON
[10:48:14] : Cycle start OFF
[10:48:14] : REQUEST MEAS. ON
[10:48:19] : REQUEST MEAS. OFF
[10:48:19] : 측정요구 ON 2
[10:48:26] : 측정요구 2OFF
[10:48:26] : 21,20181204-104826,CF18112053091,,OK,MAX,1,2,0.00,7.00,2.10,OK,0.00,7.00,1.66,OK,
[10:48:59] : Cycle start ON
[10:49:00] : Cycle start OFF
[10:49:00] : REQUEST MEAS. ON
[10:49:05] : REQUEST MEAS. OFF
[10:49:05] : 측정요구 ON 2
[10:49:12] : 측정요구 2OFF
[10:49:12] : 21,20181204-104912,CF18112052511,,OK,MAX,1,2,0.00,7.00,1.79,OK,0.00,7.00,1.66,OK,
[10:49:47] : Cycle start ON
[10:49:48] : Cycle start OFF
[10:49:48] : REQUEST MEAS. ON
[10:49:53] : REQUEST MEAS. OFF
[10:49:53] : 측정요구 ON 2
[10:49:59] : 측정요구 2OFF
[10:49:59] : 21,20181204-104959,CF18112053571,,OK,MAX,1,2,0.00,7.00,1.12,OK,0.00,7.00,1.14,OK,
[10:50:28] : Cycle start ON
[10:50:29] : Cycle start OFF
[10:50:29] : 측정요구3 ON
[10:50:34] : 측정요구3 OFF
[10:50:34] : 측정요구4 ON
[10:50:41] : 측정요구4 OFF
[10:50:41] : 21,20181204-105041,CF18112052251,,OK,MAX,2,2,0.00,7.00,1.71,OK,0.00,7.00,2.03,OK,
[10:51:15] : Cycle start ON
[10:51:16] : Cycle start OFF
[10:51:16] : REQUEST MEAS. ON
[10:51:21] : REQUEST MEAS. OFF
[10:51:21] : 측정요구 ON 2
[10:51:28] : 측정요구 2OFF
[10:51:28] : 21,20181204-105128,CF18112052061,,OK,MAX,1,2,0.00,7.00,2.08,OK,0.00,7.00,1.20,OK,
[10:51:57] : Cycle start ON
[10:51:57] : Cycle start OFF
[10:51:57] : 측정요구3 ON
[10:52:02] : 측정요구3 OFF
[10:52:02] : 측정요구4 ON
[10:52:09] : 측정요구4 OFF
[10:52:09] : 21,20181204-105209,CF18112053241,,OK,MAX,2,2,0.00,7.00,2.55,OK,0.00,7.00,2.13,OK,
[10:52:43] : Cycle start ON
[10:52:43] : Cycle start OFF
[10:52:43] : REQUEST MEAS. ON
[10:52:49] : REQUEST MEAS. OFF
[10:52:49] : 측정요구 ON 2
[10:52:56] : 측정요구 2OFF
[10:52:56] : 21,20181204-105256,CF18112053121,,OK,MAX,1,2,0.00,7.00,1.51,OK,0.00,7.00,0.96,OK,
[10:53:25] : Cycle start ON
[10:53:25] : Cycle start OFF
[10:53:25] : 측정요구3 ON
[10:53:30] : 측정요구3 OFF
[10:53:31] : 측정요구4 ON
[10:53:37] : 측정요구4 OFF
[10:53:37] : 21,20181204-105337,CF18112052551,,OK,MAX,2,2,0.00,7.00,2.11,OK,0.00,7.00,2.84,OK,
[10:54:08] : Cycle start ON
[10:54:09] : Cycle start OFF
[10:54:09] : REQUEST MEAS. ON
[10:54:14] : REQUEST MEAS. OFF
[10:54:14] : 측정요구 ON 2
[10:54:21] : 측정요구 2OFF
[10:54:21] : 21,20181204-105421,CF18112052601,,OK,MAX,1,2,0.00,7.00,1.91,OK,0.00,7.00,1.83,OK,
[11:00:46] : Cycle start ON
[11:00:47] : Cycle start OFF
[11:00:47] : 측정요구3 ON
[11:00:52] : 측정요구3 OFF
[11:00:52] : 측정요구4 ON
[11:00:59] : 측정요구4 OFF
[11:00:59] : 21,20181204-110059,CF18112052451,,OK,MAX,2,3,0.00,7.00,3.30,OK,0.00,7.00,2.26,OK,
[11:01:05] : Cycle start ON
[11:01:05] : Cycle start OFF
[11:01:05] : REQUEST MEAS. ON
[11:01:11] : REQUEST MEAS. OFF
[11:01:11] : 측정요구 ON 2
[11:01:18] : 측정요구 2OFF
[11:01:18] : 21,20181204-110118,CF18112051641,,OK,MAX,1,2,0.00,7.00,2.41,OK,0.00,7.00,1.86,OK,
[11:02:05] : Cycle start ON
[11:02:06] : Cycle start OFF
[11:02:06] : REQUEST MEAS. ON
[11:02:11] : REQUEST MEAS. OFF
[11:02:11] : 측정요구 ON 2
[11:02:18] : 측정요구 2OFF
[11:02:18] : 21,20181204-110218,CF18112052761,,OK,MAX,1,2,0.00,7.00,1.90,OK,0.00,7.00,2.04,OK,
[11:02:42] : Cycle start ON
[11:02:42] : Cycle start OFF
[11:02:42] : 측정요구3 ON
[11:02:48] : 측정요구3 OFF
[11:02:48] : 측정요구4 ON
[11:02:54] : 측정요구4 OFF
[11:02:54] : 21,20181204-110255,CF18112052981,,OK,MAX,2,2,0.00,7.00,2.18,OK,0.00,7.00,2.06,OK,
[11:19:54] : Cycle start ON
[11:19:54] : Cycle start OFF
[11:19:54] : REQUEST MEAS. ON
[11:19:59] : REQUEST MEAS. OFF
[11:19:59] : 측정요구 ON 2
[11:20:06] : 측정요구 2OFF
[11:20:06] : 21,20181204-112006,CF18112051651,,OK,MAX,1,2,0.00,7.00,1.91,OK,0.00,7.00,1.38,OK,
[11:22:03] : Cycle start ON
[11:22:03] : Cycle start OFF
[11:22:03] : REQUEST MEAS. ON
[11:22:09] : REQUEST MEAS. OFF
[11:22:09] : 측정요구 ON 2
[11:22:15] : 측정요구 2OFF
[11:22:15] : 21,20181204-112215,CF18112052671,,OK,MAX,1,2,0.00,7.00,1.49,OK,0.00,7.00,1.55,OK,
[11:22:50] : Cycle start ON
[11:22:50] : Cycle start OFF
[11:22:50] : REQUEST MEAS. ON
[11:22:56] : REQUEST MEAS. OFF
[11:22:56] : 측정요구 ON 2
[11:23:02] : 측정요구 2OFF
[11:23:02] : 21,20181204-112302,CF18112053641,,OK,MAX,1,2,0.00,7.00,1.29,OK,0.00,7.00,0.69,OK,
[11:23:35] : Cycle start ON
[11:23:36] : Cycle start OFF
[11:23:36] : REQUEST MEAS. ON
[11:23:41] : REQUEST MEAS. OFF
[11:23:41] : 측정요구 ON 2
[11:23:48] : 측정요구 2OFF
[11:23:48] : 21,20181204-112348,CF18112053311,,OK,MAX,1,2,0.00,7.00,1.21,OK,0.00,7.00,1.15,OK,
[11:24:22] : Cycle start ON
[11:24:22] : Cycle start OFF
[11:24:22] : REQUEST MEAS. ON
[11:24:28] : REQUEST MEAS. OFF
[11:24:28] : 측정요구 ON 2
[11:24:35] : 측정요구 2OFF
[11:24:35] : 21,20181204-112435,CF18112053521,,OK,MAX,1,2,0.00,7.00,1.78,OK,0.00,7.00,1.08,OK,
[11:25:03] : Cycle start ON
[11:25:04] : Cycle start OFF
[11:25:04] : 측정요구3 ON
[11:25:09] : 측정요구3 OFF
[11:25:09] : 측정요구4 ON
[11:25:16] : 측정요구4 OFF
[11:25:16] : 21,20181204-112516,CF18112053691,,OK,MAX,2,2,0.00,7.00,2.05,OK,0.00,7.00,1.48,OK,
[11:25:48] : Cycle start ON
[11:25:48] : Cycle start OFF
[11:25:48] : REQUEST MEAS. ON
[11:25:54] : REQUEST MEAS. OFF
[11:25:54] : 측정요구 ON 2
[11:26:00] : 측정요구 2OFF
[11:26:00] : 21,20181204-112601,CF18112052611,,OK,MAX,1,2,0.00,7.00,2.30,OK,0.00,7.00,2.54,OK,
[11:27:48] : Cycle start ON
[11:27:48] : Cycle start OFF
[11:27:48] : 측정요구3 ON
[11:27:54] : 측정요구3 OFF
[11:27:54] : 측정요구4 ON
[11:28:00] : 측정요구4 OFF
[11:28:00] : 21,20181204-112800,CF18112052591,,OK,MAX,2,2,0.00,7.00,2.17,OK,0.00,7.00,2.54,OK,
[11:28:34] : Cycle start ON
[11:28:35] : Cycle start OFF
[11:28:35] : REQUEST MEAS. ON
[11:28:40] : REQUEST MEAS. OFF
[11:28:40] : 측정요구 ON 2
[11:28:47] : 측정요구 2OFF
[11:28:47] : 21,20181204-112847,CF18112053011,,OK,MAX,1,2,0.00,7.00,1.80,OK,0.00,7.00,2.52,OK,
[11:29:18] : Cycle start ON
[11:29:19] : Cycle start OFF
[11:29:19] : 측정요구3 ON
[11:29:24] : 측정요구3 OFF
[11:29:24] : 측정요구4 ON
[11:29:30] : 측정요구4 OFF
[11:29:30] : 21,20181204-112930,CF18112051671,,OK,MAX,2,2,0.00,7.00,2.05,OK,0.00,7.00,2.65,OK,
[11:30:05] : Cycle start ON
[11:30:05] : Cycle start OFF
[11:30:05] : REQUEST MEAS. ON
[11:30:11] : REQUEST MEAS. OFF
[11:30:11] : 측정요구 ON 2
[11:30:17] : 측정요구 2OFF
[11:30:17] : 21,20181204-113017,CF18112053171,,OK,MAX,1,2,0.00,7.00,1.49,OK,0.00,7.00,1.16,OK,
[11:30:46] : Cycle start ON
[11:30:46] : Cycle start OFF
[11:30:46] : 측정요구3 ON
[11:30:52] : 측정요구3 OFF
[11:30:52] : 측정요구4 ON
[11:30:58] : 측정요구4 OFF
[11:30:58] : 21,20181204-113059,CF18112053461,,OK,MAX,2,3,0.00,7.00,2.18,OK,0.00,7.00,3.36,OK,
[11:31:33] : Cycle start ON
[11:31:34] : Cycle start OFF
[11:31:34] : REQUEST MEAS. ON
[11:31:39] : REQUEST MEAS. OFF
[11:31:39] : 측정요구 ON 2
[11:31:45] : 측정요구 2OFF
[11:31:45] : 21,20181204-113146,CF18100851341,,OK,MAX,1,2,0.00,7.00,2.72,OK,0.00,7.00,1.95,OK,
[11:32:15] : Cycle start ON
[11:32:15] : Cycle start OFF
[11:32:15] : 측정요구3 ON
[11:32:21] : 측정요구3 OFF
[11:32:21] : 측정요구4 ON
[11:32:27] : 측정요구4 OFF
[11:32:27] : 21,20181204-113227,CF18112052581,,OK,MAX,2,2,0.00,7.00,2.33,OK,0.00,7.00,2.96,OK,
[11:33:01] : Cycle start ON
[11:33:02] : Cycle start OFF
[11:33:02] : REQUEST MEAS. ON
[11:33:07] : REQUEST MEAS. OFF
[11:33:07] : 측정요구 ON 2
[11:33:14] : 측정요구 2OFF
[11:33:14] : 21,20181204-113314,CF18112053651,,OK,MAX,1,2,0.00,7.00,1.21,OK,0.00,7.00,0.96,OK,
[11:33:42] : Cycle start ON
[11:33:43] : Cycle start OFF
[11:33:43] : 측정요구3 ON
[11:33:48] : 측정요구3 OFF
[11:33:48] : 측정요구4 ON
[11:33:55] : 측정요구4 OFF
[11:33:55] : 21,20181204-113355,,,OK,MAX,2,3,0.00,7.00,2.44,OK,0.00,7.00,4.36,OK,
[11:34:29] : Cycle start ON
[11:34:29] : Cycle start OFF
[11:34:29] : REQUEST MEAS. ON
[11:34:35] : REQUEST MEAS. OFF
[11:34:35] : 측정요구 ON 2
[11:34:42] : 측정요구 2OFF
[11:34:42] : 21,20181204-113442,CF18112052091,,OK,MAX,1,2,0.00,7.00,0.89,OK,0.00,7.00,1.05,OK,
[11:35:12] : Cycle start ON
[11:35:12] : Cycle start OFF
[11:35:12] : 측정요구3 ON
[11:35:18] : 측정요구3 OFF
[11:35:18] : 측정요구4 ON
[11:35:24] : 측정요구4 OFF
[11:35:24] : 21,20181204-113524,CF18112052831,,OK,MAX,2,2,0.00,7.00,2.67,OK,0.00,7.00,2.95,OK,
[11:36:12] : Cycle start ON
[11:36:13] : Cycle start OFF
[11:36:13] : REQUEST MEAS. ON
[11:36:18] : REQUEST MEAS. OFF
[11:36:18] : 측정요구 ON 2
[11:36:25] : 측정요구 2OFF
[11:36:25] : 21,20181204-113625,CF18112052491,,OK,MAX,1,2,0.00,7.00,1.91,OK,0.00,7.00,1.88,OK,
[11:37:40] : Cycle start ON
[11:37:40] : Cycle start OFF
[11:37:40] : REQUEST MEAS. ON
[11:37:46] : REQUEST MEAS. OFF
[11:37:46] : 측정요구 ON 2
[11:37:52] : 측정요구 2OFF
[11:37:52] : 21,20181204-113752,CF18112051931,,OK,MAX,1,2,0.00,7.00,1.99,OK,0.00,7.00,2.16,OK,
[11:38:26] : Cycle start ON
[11:38:27] : Cycle start OFF
[11:38:27] : REQUEST MEAS. ON
[11:38:32] : REQUEST MEAS. OFF
[11:38:32] : 측정요구 ON 2
[11:38:38] : 측정요구 2OFF
[11:38:38] : 21,20181204-113838,CF18112053821,,OK,MAX,1,2,0.00,7.00,1.30,OK,0.00,7.00,1.05,OK,
[11:39:12] : Cycle start ON
[11:39:13] : REQUEST MEAS. ON
[11:39:13] : Cycle start OFF
[11:39:18] : REQUEST MEAS. OFF
[11:39:18] : 측정요구 ON 2
[11:39:25] : 측정요구 2OFF
[11:39:25] : 21,20181204-113925,CF18112052341,,OK,MAX,1,2,0.00,7.00,2.30,OK,0.00,7.00,2.24,OK,
[11:39:55] : Cycle start ON
[11:39:56] : Cycle start OFF
[11:39:56] : 측정요구3 ON
[11:40:01] : 측정요구3 OFF
[11:40:01] : 측정요구4 ON
[11:40:08] : 측정요구4 OFF
[11:40:08] : 21,20181204-114008,CF18112053001,,OK,MAX,2,2,0.00,7.00,2.97,OK,0.00,7.00,2.44,OK,
[11:40:42] : Cycle start ON
[11:40:43] : Cycle start OFF
[11:40:43] : REQUEST MEAS. ON
[11:40:48] : REQUEST MEAS. OFF
[11:40:48] : 측정요구 ON 2
[11:40:55] : 측정요구 2OFF
[11:40:55] : 21,20181204-114055,CF18112052161,,OK,MAX,1,2,0.00,7.00,1.39,OK,0.00,7.00,0.84,OK,
[11:41:24] : Cycle start ON
[11:41:24] : Cycle start OFF
[11:41:24] : 측정요구3 ON
[11:41:30] : 측정요구3 OFF
[11:41:30] : 측정요구4 ON
[11:41:37] : 측정요구4 OFF
[11:41:37] : 21,20181204-114137,CF18112052641,,OK,MAX,2,2,0.00,7.00,1.69,OK,0.00,7.00,1.74,OK,
[11:42:08] : Cycle start ON
[11:42:09] : Cycle start OFF
[11:42:09] : REQUEST MEAS. ON
[11:42:14] : REQUEST MEAS. OFF
[11:42:14] : 측정요구 ON 2
[11:42:21] : 측정요구 2OFF
[11:42:21] : 21,20181204-114221,CF18112052171,,OK,MAX,1,2,0.00,7.00,2.32,OK,0.00,7.00,1.48,OK,
[11:42:55] : Cycle start ON
[11:42:56] : Cycle start OFF
[11:42:56] : REQUEST MEAS. ON
[11:43:01] : REQUEST MEAS. OFF
[11:43:01] : 측정요구 ON 2
[11:43:07] : 측정요구 2OFF
[11:43:07] : 21,20181204-114307,CF18112052621,,OK,MAX,1,2,0.00,7.00,2.69,OK,0.00,7.00,1.89,OK,
[11:43:38] : Cycle start ON
[11:43:38] : Cycle start OFF
[11:43:38] : 측정요구3 ON
[11:43:43] : 측정요구3 OFF
[11:43:43] : 측정요구4 ON
[11:43:49] : 측정요구4 OFF
[11:43:49] : 21,20181204-114350,CF18112053361,,OK,MAX,2,3,0.00,7.00,3.29,OK,0.00,7.00,3.99,OK,
[11:44:19] : Cycle start ON
[11:44:20] : Cycle start OFF
[11:44:20] : REQUEST MEAS. ON
[11:44:25] : REQUEST MEAS. OFF
[11:44:25] : 측정요구 ON 2
[11:44:32] : 측정요구 2OFF
[11:44:32] : 21,20181204-114432,CF18112052691,,OK,MAX,1,2,0.00,7.00,1.71,OK,0.00,7.00,0.90,OK,
[11:45:07] : Cycle start ON
[11:45:07] : Cycle start OFF
[11:45:07] : REQUEST MEAS. ON
[11:45:13] : REQUEST MEAS. OFF
[11:45:13] : 측정요구 ON 2
[11:45:19] : 측정요구 2OFF
[11:45:19] : 21,20181204-114520,CF18112052411,,OK,MAX,1,2,0.00,7.00,1.49,OK,0.00,7.00,1.65,OK,
[11:45:48] : Cycle start ON
[11:45:49] : Cycle start OFF
[11:45:49] : 측정요구3 ON
[11:45:54] : 측정요구3 OFF
[11:45:54] : 측정요구4 ON
[11:46:00] : 측정요구4 OFF
[11:46:00] : 21,20181204-114601,CF18112053441,,OK,MAX,2,1,0.00,7.00,0.58,OK,0.00,7.00,0.38,OK,
[11:46:35] : Cycle start ON
[11:46:35] : Cycle start OFF
[11:46:35] : REQUEST MEAS. ON
[11:46:41] : REQUEST MEAS. OFF
[11:46:41] : 측정요구 ON 2
[11:46:47] : 측정요구 2OFF
[11:46:47] : 21,20181204-114647,CF18112052771,,OK,MAX,1,2,0.00,7.00,1.89,OK,0.00,7.00,2.34,OK,
[11:47:17] : Cycle start ON
[11:47:17] : Cycle start OFF
[11:47:17] : 측정요구3 ON
[11:47:23] : 측정요구3 OFF
[11:47:23] : 측정요구4 ON
[11:47:29] : 측정요구4 OFF
[11:47:29] : 21,20181204-114729,CF18112053351,,OK,MAX,2,2,0.00,7.00,2.87,OK,0.00,7.00,2.94,OK,
[11:48:01] : Cycle start ON
[11:48:01] : Cycle start OFF
[11:48:01] : REQUEST MEAS. ON
[11:48:06] : REQUEST MEAS. OFF
[11:48:06] : 측정요구 ON 2
[11:48:13] : 측정요구 2OFF
[11:48:13] : 21,20181204-114813,CF18112053901,,OK,MAX,1,2,0.00,7.00,2.21,OK,0.00,7.00,1.66,OK,
[11:48:44] : Cycle start ON
[11:48:45] : Cycle start OFF
[11:48:45] : 측정요구3 ON
[11:48:50] : 측정요구3 OFF
[11:48:50] : 측정요구4 ON
[11:48:57] : 측정요구4 OFF
[11:48:57] : 21,20181204-114858,CF18112053701,,OK,MAX,2,2,0.00,7.00,1.48,OK,0.00,7.00,1.16,OK,
[11:49:29] : Cycle start ON
[11:49:29] : Cycle start OFF
[11:49:29] : REQUEST MEAS. ON
[11:49:34] : REQUEST MEAS. OFF
[11:49:34] : 측정요구 ON 2
[11:49:41] : 측정요구 2OFF
[11:49:41] : 21,20181204-114941,CF18112053531,,OK,MAX,1,2,0.00,7.00,2.28,OK,0.00,7.00,1.57,OK,
 
[11:50:12] : Cycle start ON
[11:50:13] : Cycle start OFF
[11:50:13] : 측정요구3 ON
[11:50:18] : 측정요구3 OFF
[11:50:18] : 측정요구4 ON
[11:50:25] : 측정요구4 OFF
[11:50:25] : 21,20181204-115025,CF18112053511,,OK,MAX,2,2,0.00,7.00,2.50,OK,0.00,7.00,2.56,OK,
[11:50:59] : Cycle start ON
[11:50:59] : Cycle start OFF
[11:50:59] : REQUEST MEAS. ON
[11:51:05] : REQUEST MEAS. OFF
[11:51:05] : 측정요구 ON 2
[11:51:11] : 측정요구 2OFF
[11:51:11] : 21,20181204-115112,CF18112052331,H ,OK,MAX,1,2,0.00,7.00,1.40,OK,0.00,7.00,0.78,OK,
[11:51:40] : Cycle start ON
[11:51:40] : Cycle start OFF
[11:51:40] : 측정요구3 ON
[11:51:46] : 측정요구3 OFF
[11:51:46] : 측정요구4 ON
[11:51:52] : 측정요구4 OFF
[11:51:52] : 21,20181204-115152,CF18112052501,,OK,MAX,2,2,0.00,7.00,2.98,OK,0.00,7.00,2.00,OK,
[11:53:25] : AUTO RUNNING OFF
[13:27:35] : MEAS ESC ON
[13:27:36] : MEAS ESC OFF
[13:27:43] : MEAS ESC ON
[13:27:44] : MEAS ESC OFF
[13:27:44] : AUTO RUNNING ON
[13:27:48] : AUTO RUNNING OFF
[13:27:53] : MEAS ESC ON
[13:27:54] : MEAS ESC OFF
[13:27:54] : AUTO RUNNING ON
[13:29:59] : Cycle start ON
[13:30:00] : Cycle start OFF
[13:30:00] : REQUEST MEAS. ON
[13:30:05] : REQUEST MEAS. OFF
[13:30:05] : 측정요구 ON 2
[13:30:12] : 측정요구 2OFF
[13:30:12] : 21,20181204-133012,CF18112053751,,OK,MAX,1,2,0.00,7.00,2.15,OK,0.00,7.00,1.58,OK,
[13:30:45] : Cycle start ON
[13:30:46] : Cycle start OFF
[13:30:46] : REQUEST MEAS. ON
[13:30:51] : REQUEST MEAS. OFF
[13:30:51] : 측정요구 ON 2
[13:30:58] : 측정요구 2OFF
[13:30:58] : 21,20181204-133058,CF18112053851,,OK,MAX,1,2,0.00,7.00,0.97,OK,0.00,7.00,0.62,OK,
[13:31:32] : Cycle start ON
[13:31:33] : Cycle start OFF
[13:31:33] : REQUEST MEAS. ON
[13:31:38] : REQUEST MEAS. OFF
[13:31:38] : 측정요구 ON 2
[13:31:45] : 측정요구 2OFF
[13:31:45] : 21,20181204-133145,CF18112053381,,OK,MAX,1,2,0.00,7.00,1.67,OK,0.00,7.00,1.38,OK,
[13:32:16] : Cycle start ON
[13:32:16] : Cycle start OFF
[13:32:16] : 측정요구3 ON
[13:32:21] : 측정요구3 OFF
[13:32:22] : 측정요구4 ON
[13:32:28] : 측정요구4 OFF
[13:32:28] : 21,20181204-133228,CF18112051601,,OK,MAX,2,3,0.00,7.00,3.16,OK,0.00,7.00,5.43,OK,
[13:33:02] : Cycle start ON
[13:33:03] : Cycle start OFF
[13:33:03] : REQUEST MEAS. ON
[13:33:08] : REQUEST MEAS. OFF
[13:33:08] : 측정요구 ON 2
[13:33:15] : 측정요구 2OFF
[13:33:18] : TCP FAIL 1
[13:33:44] : Cycle start ON
[13:33:45] : Cycle start OFF
[13:33:45] : 측정요구3 ON
[13:33:50] : 측정요구3 OFF
[13:33:50] : 측정요구4 ON
[13:33:56] : 측정요구4 OFF
[13:33:56] : 21,20181204-133356,CF18112052861,,OK,MAX,2,3,0.00,7.00,2.00,OK,0.00,7.00,3.07,OK,
[13:34:31] : Cycle start ON
[13:34:32] : Cycle start OFF
[13:34:32] : REQUEST MEAS. ON
[13:34:37] : REQUEST MEAS. OFF
[13:34:37] : 측정요구 ON 2
[13:34:43] : 측정요구 2OFF
[13:34:43] : 21,20181204-133443,CF18112052971,,OK,MAX,1,2,0.00,7.00,1.20,OK,0.00,7.00,0.89,OK,
[13:35:12] : Cycle start ON
[13:35:12] : Cycle start OFF
[13:35:12] : 측정요구3 ON
[13:35:17] : 측정요구3 OFF
[13:35:17] : 측정요구4 ON
[13:35:24] : 측정요구4 OFF
[13:35:24] : 21,20181204-133525,CF18112052101,,OK,MAX,2,2,0.00,7.00,2.18,OK,0.00,7.00,1.59,OK,
[13:35:59] : Cycle start ON
[13:36:00] : Cycle start OFF
[13:36:00] : REQUEST MEAS. ON
[13:36:05] : REQUEST MEAS. OFF
[13:36:05] : 측정요구 ON 2
[13:36:11] : 측정요구 2OFF
[13:36:11] : 21,20181204-133612,CF18112052071,,OK,MAX,1,3,0.00,7.00,3.76,OK,0.00,7.00,2.70,OK,
[13:36:41] : Cycle start ON
[13:36:41] : Cycle start OFF
[13:36:41] : 측정요구3 ON
[13:36:47] : 측정요구3 OFF
[13:36:47] : 측정요구4 ON
[13:36:53] : 측정요구4 OFF
[13:36:53] : 21,20181204-133653,CF18112053301,,OK,MAX,2,2,0.00,7.00,1.88,OK,0.00,7.00,1.47,OK,
[13:37:24] : Cycle start ON
[13:37:24] : Cycle start OFF
[13:37:24] : REQUEST MEAS. ON
[13:37:30] : REQUEST MEAS. OFF
[13:37:30] : 측정요구 ON 2
[13:37:37] : 측정요구 2OFF
[13:37:37] : 21,20181204-133737,CF18112053921,,OK,MAX,1,2,0.00,7.00,2.00,OK,0.00,7.00,2.64,OK,
[13:38:09] : Cycle start ON
[13:38:10] : 측정요구3 ON
[13:38:10] : Cycle start OFF
[13:38:15] : 측정요구3 OFF
[13:38:15] : 측정요구4 ON
[13:38:22] : 측정요구4 OFF
[13:38:22] : 21,20181204-133822,CF18112053761,,OK,MAX,2,3,0.00,7.00,4.37,OK,0.00,7.00,5.60,OK,
[13:38:53] : Cycle start ON
[13:38:53] : Cycle start OFF
[13:38:53] : REQUEST MEAS. ON
[13:38:59] : REQUEST MEAS. OFF
[13:38:59] : 측정요구 ON 2
[13:39:05] : 측정요구 2OFF
[13:39:05] : 21,20181204-133905,CF18112053311,,OK,MAX,1,2,0.00,7.00,1.39,OK,0.00,7.00,1.67,OK,
[13:39:37] : Cycle start ON
[13:39:37] : Cycle start OFF
[13:39:37] : 측정요구3 ON
[13:39:43] : 측정요구3 OFF
[13:39:43] : 측정요구4 ON
[13:39:49] : 측정요구4 OFF
[13:39:49] : 21,20181204-133950,CF18112053121,,OK,MAX,2,2,0.00,7.00,1.80,OK,0.00,7.00,1.58,OK,
[13:40:21] : Cycle start ON
[13:40:22] : Cycle start OFF
[13:40:22] : REQUEST MEAS. ON
[13:40:27] : REQUEST MEAS. OFF
[13:40:27] : 측정요구 ON 2
[13:40:33] : 측정요구 2OFF
[13:40:33] : 21,20181204-134034,CF18112052321,,OK,MAX,1,2,0.00,7.00,1.00,OK,0.00,7.00,0.50,OK,
[13:41:04] : Cycle start ON
[13:41:04] : Cycle start OFF
[13:41:04] : 측정요구3 ON
[13:41:10] : 측정요구3 OFF
[13:41:10] : 측정요구4 ON
[13:41:16] : 측정요구4 OFF
[13:41:16] : 21,20181204-134116,CF18112053661,,OK,MAX,2,3,0.00,7.00,3.59,OK,0.00,7.00,3.57,OK,
[13:41:47] : Cycle start ON
[13:41:48] : Cycle start OFF
[13:41:48] : REQUEST MEAS. ON
[13:41:53] : REQUEST MEAS. OFF
[13:41:53] : 측정요구 ON 2
[13:42:00] : 측정요구 2OFF
[13:42:00] : 21,20181204-134200,CF18112052451,,OK,MAX,1,3,0.00,7.00,3.78,OK,0.00,7.00,2.98,OK,
[13:49:30] : Cycle start ON
[13:49:31] : Cycle start OFF
[13:49:31] : REQUEST MEAS. ON
[13:49:36] : REQUEST MEAS. OFF
[13:49:36] : 측정요구 ON 2
[13:49:42] : 측정요구 2OFF
[13:49:42] : 21,20181204-134942,CF18112053641,,OK,MAX,1,2,0.00,7.00,1.10,OK,0.00,7.00,0.79,OK,
[13:50:25] : MEAS ESC ON
[13:50:25] : AUTO RUNNING OFF
[13:50:32] : MEAS ESC OFF
[13:50:32] : AUTO RUNNING ON
[14:08:31] : AUTO RUNNING OFF
[15:00:14] : MEAS ESC ON
[15:00:16] : MEAS ESC OFF
[15:00:16] : AUTO RUNNING ON
[15:00:45] : Cycle start ON
[15:00:45] : Cycle start OFF
[15:00:45] : REQUEST MEAS. ON
[15:00:51] : REQUEST MEAS. OFF
[15:00:51] : 측정요구 ON 2
[15:00:57] : 측정요구 2OFF
[15:00:57] : 21,20181204-150057,CF18112053011,,OK,MAX,1,2,0.00,7.00,2.03,OK,0.00,7.00,2.95,OK,
[15:01:08] : Cycle start ON
[15:01:09] : Cycle start OFF
[15:01:09] : 측정요구3 ON
[15:01:14] : 측정요구3 OFF
[15:01:14] : 측정요구4 ON
[15:01:21] : 측정요구4 OFF
[15:01:21] : 21,20181204-150121,CF18112052551,,OK,MAX,2,2,0.00,7.00,2.56,OK,0.00,7.00,2.27,OK,
[15:04:48] : Cycle start ON
[15:04:48] : Cycle start OFF
[15:04:48] : REQUEST MEAS. ON
[15:04:54] : REQUEST MEAS. OFF
[15:04:54] : 측정요구 ON 2
[15:05:00] : 측정요구 2OFF
[15:05:00] : 21,20181204-150500,CF18112053521,,OK,MAX,1,2,0.00,7.00,1.18,OK,0.00,7.00,0.78,OK,
[15:05:09] : Cycle start ON
[15:05:09] : Cycle start OFF
[15:05:09] : 측정요구3 ON
[15:05:14] : 측정요구3 OFF
[15:05:14] : 측정요구4 ON
[15:05:21] : 측정요구4 OFF
[15:05:21] : 21,20181204-150522,CF18112051671,,OK,MAX,2,2,0.00,7.00,1.88,OK,0.00,7.00,2.58,OK,
[15:05:56] : Cycle start ON
[15:05:57] : Cycle start OFF
[15:05:57] : REQUEST MEAS. ON
[15:06:02] : REQUEST MEAS. OFF
[15:06:02] : 측정요구 ON 2
[15:06:08] : 측정요구 2OFF
[15:06:08] : 21,20181204-150609,CF18112053401,,OK,MAX,1,2,0.00,7.00,2.08,OK,0.00,7.00,1.65,OK,
[15:06:43] : Cycle start ON
[15:06:43] : Cycle start OFF
[15:06:43] : REQUEST MEAS. ON
[15:06:48] : REQUEST MEAS. OFF
[15:06:49] : 측정요구 ON 2
[15:06:55] : 측정요구 2OFF
[15:06:55] : 21,20181204-150655,CF18112053691,,OK,MAX,1,2,0.00,7.00,2.40,OK,0.00,7.00,1.78,OK,
[15:07:29] : Cycle start ON
[15:07:30] : Cycle start OFF
[15:07:30] : REQUEST MEAS. ON
[15:07:35] : REQUEST MEAS. OFF
[15:07:35] : 측정요구 ON 2
[15:07:41] : 측정요구 2OFF
[15:07:41] : 21,20181204-150742,CF18112052611,,OK,MAX,1,2,0.00,7.00,2.26,OK,0.00,7.00,2.17,OK,
[15:08:11] : Cycle start ON
[15:08:12] : Cycle start OFF
[15:08:12] : 측정요구3 ON
[15:08:17] : 측정요구3 OFF
[15:08:17] : 측정요구4 ON
[15:08:23] : 측정요구4 OFF
[15:08:23] : 21,20181204-150824,CF18112051641,,OK,MAX,2,3,0.00,7.00,4.47,OK,0.00,7.00,4.78,OK,
[15:08:54] : Cycle start ON
[15:08:55] : Cycle start OFF
[15:08:55] : REQUEST MEAS. ON
[15:09:00] : REQUEST MEAS. OFF
[15:09:00] : 측정요구 ON 2
[15:09:07] : 측정요구 2OFF
[15:09:07] : 21,20181204-150907,CF18112053801,,OK,MAX,1,2,0.00,7.00,0.95,OK,0.00,7.00,0.85,OK,
[15:09:39] : Cycle start ON
[15:09:39] : Cycle start OFF
[15:09:39] : 측정요구3 ON
[15:09:44] : 측정요구3 OFF
[15:09:45] : 측정요구4 ON
[15:09:51] : 측정요구4 OFF
[15:09:51] : 21,20181204-150951,CF18112051561,,OK,MAX,2,2,0.00,7.00,1.78,OK,0.00,7.00,2.24,OK,
[15:10:22] : Cycle start ON
[15:10:22] : Cycle start OFF
[15:10:22] : REQUEST MEAS. ON
[15:10:28] : REQUEST MEAS. OFF
[15:10:28] : 측정요구 ON 2
[15:10:35] : 측정요구 2OFF
[15:10:35] : 21,20181204-151035,CF18112053871,,OK,MAX,1,3,0.00,7.00,2.58,OK,0.00,7.00,3.33,OK,
[15:11:06] : Cycle start ON
[15:11:07] : Cycle start OFF
[15:11:07] : 측정요구3 ON
[15:11:12] : 측정요구3 OFF
[15:11:12] : 측정요구4 ON
[15:11:19] : 측정요구4 OFF
[15:11:19] : 21,20181204-151119,CF18112053881,,OK,MAX,2,3,0.00,7.00,3.58,OK,0.00,7.00,4.20,OK,
[15:11:50] : Cycle start ON
[15:11:51] : Cycle start OFF
[15:11:51] : REQUEST MEAS. ON
[15:11:56] : REQUEST MEAS. OFF
[15:11:56] : 측정요구 ON 2
[15:12:03] : 측정요구 2OFF
[15:12:03] : 21,20181204-151203,CF18112052031,,OK,MAX,1,2,0.00,7.00,2.07,OK,0.00,7.00,1.45,OK,
[15:12:37] : Cycle start ON
[15:12:38] : Cycle start OFF
[15:12:38] : REQUEST MEAS. ON
[15:12:43] : REQUEST MEAS. OFF
[15:12:43] : 측정요구 ON 2
[15:12:50] : 측정요구 2OFF
[15:12:50] : 21,20181204-151250,CF18112053631,,OK,MAX,1,2,0.00,7.00,2.19,OK,0.00,7.00,2.48,OK,
[15:13:20] : Cycle start ON
[15:13:20] : Cycle start OFF
[15:13:20] : 측정요구3 ON
[15:13:26] : 측정요구3 OFF
[15:13:26] : 측정요구4 ON
[15:13:31] : 측정요구4 OFF
[15:13:32] : 21,20181204-151332,CF18112053671,,OK,MAX,2,2,0.00,7.00,1.85,OK,0.00,7.00,2.43,OK,
[15:14:01] : Cycle start ON
[15:14:02] : Cycle start OFF
[15:14:02] : REQUEST MEAS. ON
[15:14:07] : REQUEST MEAS. OFF
[15:14:07] : 측정요구 ON 2
[15:14:14] : 측정요구 2OFF
[15:14:14] : 21,20181204-151414,CF18112053261,,OK,MAX,1,2,0.00,7.00,2.57,OK,0.00,7.00,1.76,OK,
[15:14:49] : Cycle start ON
[15:14:50] : Cycle start OFF
[15:14:50] : REQUEST MEAS. ON
[15:14:55] : REQUEST MEAS. OFF
[15:14:55] : 측정요구 ON 2
[15:15:02] : 측정요구 2OFF
[15:15:02] : 21,20181204-151502,CF18112053621,,OK,MAX,1,3,0.00,7.00,3.18,OK,0.00,7.00,2.48,OK,
[15:15:32] : Cycle start ON
[15:15:32] : Cycle start OFF
[15:15:32] : 측정요구3 ON
[15:15:37] : 측정요구3 OFF
[15:15:37] : 측정요구4 ON
[15:15:44] : 측정요구4 OFF
[15:15:44] : 21,20181204-151544,CF18112051191,,OK,MAX,2,2,0.00,7.00,2.67,OK,0.00,7.00,2.29,OK,
[15:16:15] : Cycle start ON
[15:16:15] : Cycle start OFF
[15:16:15] : REQUEST MEAS. ON
[15:16:20] : REQUEST MEAS. OFF
[15:16:20] : 측정요구 ON 2
[15:16:27] : 측정요구 2OFF
[15:16:27] : 21,20181204-151628,CF18112051621,,OK,MAX,1,2,0.00,7.00,1.38,OK,0.00,7.00,1.07,OK,
[15:16:59] : Cycle start ON
[15:17:00] : Cycle start OFF
[15:17:00] : 측정요구3 ON
[15:17:05] : 측정요구3 OFF
[15:17:05] : 측정요구4 ON
[15:17:11] : 측정요구4 OFF
[15:17:11] : 21,20181204-151712,CF18112052631,,OK,MAX,2,2,0.00,7.00,2.65,OK,0.00,7.00,1.89,OK,
[15:17:43] : Cycle start ON
[15:17:43] : Cycle start OFF
[15:17:43] : REQUEST MEAS. ON
[15:17:49] : REQUEST MEAS. OFF
[15:17:49] : 측정요구 ON 2
[15:17:55] : 측정요구 2OFF
[15:17:55] : 21,20181204-151755,CF18112053091,,OK,MAX,1,2,0.00,7.00,1.99,OK,0.00,7.00,1.59,OK,
[15:18:26] : Cycle start ON
[15:18:27] : Cycle start OFF
[15:18:27] : 측정요구3 ON
[15:18:32] : 측정요구3 OFF
[15:18:32] : 측정요구4 ON
[15:18:39] : 측정요구4 OFF
[15:18:39] : 21,20181204-151839,CF18112053781,,OK,MAX,2,3,0.00,7.00,3.55,OK,0.00,7.00,2.89,OK,
[15:19:13] : Cycle start ON
[15:19:13] : Cycle start OFF
[15:19:13] : REQUEST MEAS. ON
[15:19:19] : REQUEST MEAS. OFF
[15:19:19] : 측정요구 ON 2
[15:19:26] : 측정요구 2OFF
[15:19:26] : 21,20181204-151926,CF18112053241,,OK,MAX,1,2,0.00,7.00,1.59,OK,0.00,7.00,1.18,OK,
[15:20:35] : Cycle start ON
[15:20:36] : Cycle start OFF
[15:20:36] : REQUEST MEAS. ON
[15:20:41] : REQUEST MEAS. OFF
[15:20:41] : 측정요구 ON 2
[15:20:48] : 측정요구 2OFF
[15:20:48] : 21,20181204-152048,CF18112052061,,OK,MAX,1,2,0.00,7.00,2.00,OK,0.00,7.00,1.29,OK,
[15:22:02] : Cycle start ON
[15:22:03] : Cycle start OFF
[15:22:03] : REQUEST MEAS. ON
[15:22:08] : REQUEST MEAS. OFF
[15:22:08] : 측정요구 ON 2
[15:22:15] : 측정요구 2OFF
[15:22:15] : 21,20181204-152215,CF18112052511,,OK,MAX,1,2,0.00,7.00,2.08,OK,0.00,7.00,1.66,OK,
[15:28:37] : Cycle start ON
[15:28:37] : Cycle start OFF
[15:28:37] : REQUEST MEAS. ON
[15:28:43] : REQUEST MEAS. OFF
[15:28:43] : 측정요구 ON 2
[15:28:49] : 측정요구 2OFF
[15:28:49] : 21,20181204-152849,CF18112053571,,OK,MAX,1,2,0.00,7.00,1.48,OK,0.00,7.00,1.57,OK,
[15:29:23] : Cycle start ON
[15:29:24] : Cycle start OFF
[15:29:24] : REQUEST MEAS. ON
[15:29:29] : REQUEST MEAS. OFF
[15:29:29] : 측정요구 ON 2
[15:29:35] : 측정요구 2OFF
[15:29:35] : 21,20181204-152936,CF18112053911,,OK,MAX,1,2,0.00,7.00,1.88,OK,0.00,7.00,1.77,OK,
[15:30:10] : Cycle start ON
[15:30:11] : REQUEST MEAS. ON
[15:30:11] : Cycle start OFF
[15:30:16] : REQUEST MEAS. OFF
[15:30:16] : 측정요구 ON 2
[15:30:22] : 측정요구 2OFF
[15:30:22] : 21,20181204-153022,CF18112053941,,OK,MAX,1,2,0.00,7.00,1.57,OK,0.00,7.00,0.95,OK,
[15:30:53] : Cycle start ON
[15:30:54] : Cycle start OFF
[15:30:54] : 측정요구3 ON
[15:30:59] : 측정요구3 OFF
[15:30:59] : 측정요구4 ON
[15:31:05] : 측정요구4 OFF
[15:31:05] : 21,20181204-153106,CF18112052521,,OK,MAX,2,2,0.00,7.00,2.07,OK,0.00,7.00,2.41,OK,
[15:31:37] : Cycle start ON
[15:31:37] : Cycle start OFF
[15:31:37] : REQUEST MEAS. ON
[15:31:43] : REQUEST MEAS. OFF
[15:31:43] : 측정요구 ON 2
[15:31:49] : 측정요구 2OFF
[15:31:49] : 21,20181204-153149,CF18112053681,,OK,MAX,1,2,0.00,7.00,1.18,OK,0.00,7.00,0.96,OK,
[15:32:33] : Cycle start ON
[15:32:33] : Cycle start OFF
[15:32:33] : 측정요구3 ON
[15:32:38] : 측정요구3 OFF
[15:32:38] : 측정요구4 ON
[15:32:45] : 측정요구4 OFF
[15:32:45] : 21,20181204-153245,CF18112053421,,OK,MAX,2,3,0.00,7.00,2.84,OK,0.00,7.00,3.79,OK,
[15:33:02] : Cycle start ON
[15:33:03] : Cycle start OFF
[15:33:03] : REQUEST MEAS. ON
[15:33:08] : REQUEST MEAS. OFF
[15:33:08] : 측정요구 ON 2
[15:33:15] : 측정요구 2OFF
[15:33:15] : 21,20181204-153315,CF18112053771,,OK,MAX,1,2,0.00,7.00,1.09,OK,0.00,7.00,0.68,OK,
[15:33:46] : Cycle start ON
[15:33:46] : Cycle start OFF
[15:33:46] : REQUEST MEAS. ON
[15:33:52] : REQUEST MEAS. OFF
[15:33:52] : 측정요구 ON 2
[15:33:58] : 측정요구 2OFF
[15:33:58] : 21,20181204-153359,CF18112053061,,OK,MAX,1,2,0.00,7.00,1.27,OK,0.00,7.00,0.73,OK,
[15:35:07] : Cycle start ON
[15:35:07] : Cycle start OFF
[15:35:07] : REQUEST MEAS. ON
[15:35:13] : REQUEST MEAS. OFF
[15:35:13] : 측정요구 ON 2
[15:35:19] : 측정요구 2OFF
[15:35:19] : 21,20181204-153519,CF18112053991,,OK,MAX,1,2,0.00,7.00,1.98,OK,0.00,7.00,1.37,OK,
[15:35:38] : Cycle start ON
[15:35:38] : Cycle start OFF
[15:35:38] : 측정요구3 ON
[15:35:44] : 측정요구3 OFF
[15:35:44] : 측정요구4 ON
[15:35:50] : 측정요구4 OFF
[15:35:50] : 21,20181204-153551,CF18112053981,,OK,MAX,2,2,0.00,7.00,1.78,OK,0.00,7.00,2.10,OK,
[15:36:14] : Cycle start ON
[15:36:15] : Cycle start OFF
[15:36:15] : REQUEST MEAS. ON
[15:36:20] : REQUEST MEAS. OFF
[15:36:20] : 측정요구 ON 2
[15:36:26] : 측정요구 2OFF
[15:36:26] : 21,20181204-153626,CF18112053831,,OK,MAX,1,2,0.00,7.00,1.37,OK,0.00,7.00,0.89,OK,
[15:36:57] : Cycle start ON
[15:36:57] : Cycle start OFF
[15:36:57] : REQUEST MEAS. ON
[15:37:02] : REQUEST MEAS. OFF
[15:37:02] : 측정요구 ON 2
[15:37:09] : 측정요구 2OFF
[15:37:09] : 21,20181204-153710,CF18112052821,,OK,MAX,1,2,0.00,7.00,2.88,OK,0.00,7.00,2.26,OK,
[15:37:43] : Cycle start ON
[15:37:44] : Cycle start OFF
[15:37:44] : 측정요구3 ON
[15:37:49] : 측정요구3 OFF
[15:37:49] : 측정요구4 ON
[15:37:55] : 측정요구4 OFF
[15:37:55] : 21,20181204-153756,CF18112053251,,OK,MAX,2,3,0.00,7.00,3.43,OK,0.00,7.00,4.06,OK,
[15:38:26] : Cycle start ON
[15:38:26] : Cycle start OFF
[15:38:26] : REQUEST MEAS. ON
[15:38:32] : REQUEST MEAS. OFF
[15:38:32] : 측정요구 ON 2
[15:38:38] : 측정요구 2OFF
[15:38:38] : 21,20181204-153838,CF18112053141,,OK,MAX,1,2,0.00,7.00,1.78,OK,0.00,7.00,1.35,OK,
[15:39:36] : Cycle start ON
[15:39:36] : Cycle start OFF
[15:39:36] : REQUEST MEAS. ON
[15:39:42] : REQUEST MEAS. OFF
[15:39:42] : 측정요구 ON 2
[15:39:48] : 측정요구 2OFF
[15:39:48] : 21,20181204-153948,CF18112052561,,OK,MAX,1,3,0.00,7.00,1.99,OK,0.00,7.00,3.06,OK,
[15:39:52] : Cycle start ON
[15:39:52] : Cycle start OFF
[15:39:52] : 측정요구3 ON
[15:39:57] : 측정요구3 OFF
[15:39:58] : 측정요구4 ON
[15:40:04] : 측정요구4 OFF
[15:40:04] : 21,20181204-154005,CF18112053611,,OK,MAX,2,2,0.00,7.00,1.30,OK,0.00,7.00,1.38,OK,
[15:40:39] : Cycle start ON
[15:40:40] : Cycle start OFF
[15:40:40] : REQUEST MEAS. ON
[15:40:45] : REQUEST MEAS. OFF
[15:40:45] : 측정요구 ON 2
[15:40:52] : 측정요구 2OFF
[15:40:52] : 21,20181204-154052,CF18112053731,,OK,MAX,1,3,0.00,7.00,2.81,OK,0.00,7.00,3.44,OK,
[15:42:04] : Cycle start ON
[15:42:04] : Cycle start OFF
[15:42:04] : REQUEST MEAS. ON
[15:42:10] : REQUEST MEAS. OFF
[15:42:10] : 측정요구 ON 2
[15:42:16] : 측정요구 2OFF
[15:42:16] : 21,20181204-154217,CF18112052481,,OK,MAX,1,2,0.00,7.00,2.69,OK,0.00,7.00,2.56,OK,
[15:42:51] : Cycle start ON
[15:42:51] : Cycle start OFF
[15:42:51] : REQUEST MEAS. ON
[15:42:56] : REQUEST MEAS. OFF
[15:42:56] : 측정요구 ON 2
[15:43:03] : 측정요구 2OFF
[15:43:03] : 21,20181204-154303,CF18112052191,,OK,MAX,1,2,0.00,7.00,2.79,OK,0.00,7.00,1.89,OK,
[15:43:37] : Cycle start ON
[15:43:38] : Cycle start OFF
[15:43:38] : REQUEST MEAS. ON
[15:43:43] : REQUEST MEAS. OFF
[15:43:43] : 측정요구 ON 2
[15:43:50] : 측정요구 2OFF
[15:43:50] : 21,20181204-154350,CF18112053291,,OK,MAX,1,2,0.00,7.00,2.16,OK,0.00,7.00,2.06,OK,
[15:44:20] : Cycle start ON
[15:44:20] : 측정요구3 ON
[15:44:21] : Cycle start OFF
[15:44:26] : 측정요구3 OFF
[15:44:26] : 측정요구4 ON
[15:44:32] : 측정요구4 OFF
[15:44:32] : 21,20181204-154433,CF18112054001,,OK,MAX,2,2,0.00,7.00,2.57,OK,0.00,7.00,2.26,OK,
[15:45:04] : Cycle start ON
[15:45:04] : Cycle start OFF
[15:45:04] : REQUEST MEAS. ON
[15:45:10] : REQUEST MEAS. OFF
[15:45:10] : 측정요구 ON 2
[15:45:16] : 측정요구 2OFF
[15:45:16] : 21,20181204-154516,CF18112051241,,OK,MAX,1,2,0.00,7.00,2.59,OK,0.00,7.00,2.80,OK,
[15:45:47] : Cycle start ON
[15:45:47] : Cycle start OFF
[15:45:47] : 측정요구3 ON
[15:45:53] : 측정요구3 OFF
[15:45:53] : 측정요구4 ON
[15:46:00] : 측정요구4 OFF
[15:46:00] : 21,20181204-154600,CF18112052431,,OK,MAX,2,3,0.00,7.00,2.29,OK,0.00,7.00,3.26,OK,
[15:46:31] : Cycle start ON
[15:46:32] : Cycle start OFF
[15:46:32] : REQUEST MEAS. ON
[15:46:37] : REQUEST MEAS. OFF
[15:46:37] : 측정요구 ON 2
[15:46:44] : 측정요구 2OFF
[15:46:44] : 21,20181204-154644,CF18112052701,,OK,MAX,1,2,0.00,7.00,0.96,OK,0.00,7.00,0.48,OK,
[15:47:15] : Cycle start ON
[15:47:16] : Cycle start OFF
[15:47:16] : 측정요구3 ON
[15:47:21] : 측정요구3 OFF
[15:47:21] : 측정요구4 ON
[15:47:28] : 측정요구4 OFF
[15:47:28] : 21,20181204-154728,CF18112053191,,OK,MAX,2,2,0.00,7.00,1.20,OK,0.00,7.00,0.68,OK,
[15:47:59] : Cycle start ON
[15:48:00] : Cycle start OFF
[15:48:00] : REQUEST MEAS. ON
[15:48:05] : REQUEST MEAS. OFF
[15:48:05] : 측정요구 ON 2
[15:48:12] : 측정요구 2OFF
[15:48:12] : 21,20181204-154812,CF18112053811,,OK,MAX,1,2,0.00,7.00,2.50,OK,0.00,7.00,1.57,OK,
[15:48:46] : Cycle start ON
[15:48:47] : Cycle start OFF
[15:48:47] : REQUEST MEAS. ON
[15:48:52] : REQUEST MEAS. OFF
[15:48:52] : 측정요구 ON 2
[15:48:59] : 측정요구 2OFF
[15:48:59] : 21,20181204-154859,CF18112052541,,OK,MAX,1,2,0.00,7.00,1.58,OK,0.00,7.00,1.06,OK,
[15:49:29] : Cycle start ON
[15:49:30] : Cycle start OFF
[15:49:30] : 측정요구3 ON
[15:49:35] : 측정요구3 OFF
[15:49:35] : 측정요구4 ON
[15:49:42] : 측정요구4 OFF
[15:49:42] : 21,20181204-154942,CF18112052201,,OK,MAX,2,2,0.00,7.00,2.37,OK,0.00,7.00,1.67,OK,
[15:50:10] : Cycle start ON
[15:50:11] : Cycle start OFF
[15:50:11] : REQUEST MEAS. ON
[15:50:16] : REQUEST MEAS. OFF
[15:50:16] : 측정요구 ON 2
[15:50:23] : 측정요구 2OFF
[15:50:23] : 21,20181204-155023,CF18112053051,,OK,MAX,1,3,0.00,7.00,2.86,OK,0.00,7.00,3.18,OK,
[15:50:58] : Cycle start ON
[15:50:59] : Cycle start OFF
[15:50:59] : REQUEST MEAS. ON
[15:51:04] : REQUEST MEAS. OFF
[15:51:04] : 측정요구 ON 2
[15:51:11] : 측정요구 2OFF
[15:51:11] : 21,20181204-155111,CF18112051721,,OK,MAX,1,2,0.00,7.00,2.20,OK,0.00,7.00,2.75,OK,
[15:51:39] : Cycle start ON
[15:51:40] : Cycle start OFF
[15:51:40] : 측정요구3 ON
[15:51:45] : 측정요구3 OFF
[15:51:45] : 측정요구4 ON
[15:51:52] : 측정요구4 OFF
[15:51:52] : 21,20181204-155152,CF18112051691,,OK,MAX,2,2,0.00,7.00,1.96,OK,0.00,7.00,2.66,OK,
[15:52:26] : Cycle start ON
[15:52:27] : Cycle start OFF
[15:52:27] : REQUEST MEAS. ON
[15:52:32] : REQUEST MEAS. OFF
[15:52:32] : 측정요구 ON 2
[15:52:38] : 측정요구 2OFF
[15:52:38] : 21,20181204-155239,CF18112051981,,OK,MAX,1,2,0.00,7.00,1.79,OK,0.00,7.00,1.66,OK,
[15:53:07] : Cycle start ON
[15:53:07] : 측정요구3 ON
[15:53:08] : Cycle start OFF
[15:53:13] : 측정요구3 OFF
[15:53:13] : 측정요구4 ON
[15:53:19] : 측정요구4 OFF
[15:53:19] : 21,20181204-155320,CF18112052841,,OK,MAX,2,2,0.00,7.00,2.56,OK,0.00,7.00,2.20,OK,
[15:53:54] : Cycle start ON
[15:53:55] : Cycle start OFF
[15:53:55] : REQUEST MEAS. ON
[15:54:00] : REQUEST MEAS. OFF
[15:54:00] : 측정요구 ON 2
[15:54:06] : 측정요구 2OFF
[15:54:06] : 21,20181204-155407,CF18112052081,,OK,MAX,1,2,0.00,7.00,2.10,OK,0.00,7.00,1.29,OK,
[15:54:36] : Cycle start ON
[15:54:37] : Cycle start OFF
[15:54:37] : 측정요구3 ON
[15:54:42] : 측정요구3 OFF
[15:54:42] : 측정요구4 ON
[15:54:48] : 측정요구4 OFF
[15:54:48] : 21,20181204-155449,CF18112053071,,OK,MAX,2,3,0.00,7.00,3.59,OK,0.00,7.00,3.73,OK,
[15:55:20] : Cycle start ON
[15:55:20] : Cycle start OFF
[15:55:20] : REQUEST MEAS. ON
[15:55:26] : REQUEST MEAS. OFF
[15:55:26] : 측정요구 ON 2
[15:55:32] : 측정요구 2OFF
[15:55:32] : 21,20181204-155532,CF18112052111,,OK,MAX,1,2,0.00,7.00,1.38,OK,0.00,7.00,0.96,OK,
[15:56:44] : Cycle start ON
[15:56:44] : Cycle start OFF
[15:56:44] : REQUEST MEAS. ON
[15:56:50] : REQUEST MEAS. OFF
[15:56:50] : 측정요구 ON 2
[15:56:56] : 측정요구 2OFF
[15:56:56] : 21,20181204-155657,CF18112052531,,OK,MAX,1,2,0.00,7.00,1.97,OK,0.00,7.00,1.37,OK,
[15:57:31] : Cycle start ON
[15:57:31] : Cycle start OFF
[15:57:31] : REQUEST MEAS. ON
[15:57:36] : REQUEST MEAS. OFF
[15:57:36] : 측정요구 ON 2
[15:57:43] : 측정요구 2OFF
[15:57:43] : 21,20181204-155743,CF18112052461,,OK,MAX,1,2,0.00,7.00,2.17,OK,0.00,7.00,2.46,OK,
[15:58:18] : Cycle start ON
[15:58:18] : Cycle start OFF
[15:58:18] : REQUEST MEAS. ON
[15:58:23] : REQUEST MEAS. OFF
[15:58:23] : 측정요구 ON 2
[15:58:30] : 측정요구 2OFF
[15:58:30] : 21,20181204-155830,CF18112053471,,OK,MAX,1,3,0.00,7.00,2.29,OK,0.00,7.00,3.45,OK,
[15:59:00] : Cycle start ON
[15:59:00] : Cycle start OFF
[15:59:00] : 측정요구3 ON
[15:59:06] : 측정요구3 OFF
[15:59:06] : 측정요구4 ON
[15:59:12] : 측정요구4 OFF
[15:59:12] : 21,20181204-155913,CF18112051631,,OK,MAX,2,2,0.00,7.00,1.98,OK,0.00,7.00,2.05,OK,
[15:59:47] : Cycle start ON
[15:59:48] : Cycle start OFF
[15:59:48] : REQUEST MEAS. ON
[15:59:53] : REQUEST MEAS. OFF
[15:59:53] : 측정요구 ON 2
[15:59:59] : 측정요구 2OFF
[15:59:59] : 21,20181204-160000,CF18112052991,,OK,MAX,1,2,0.00,7.00,2.59,OK,0.00,7.00,1.78,OK,
[16:00:28] : Cycle start ON
[16:00:28] : Cycle start OFF
[16:00:28] : 측정요구3 ON
[16:00:34] : 측정요구3 OFF
[16:00:34] : 측정요구4 ON
[16:00:40] : 측정요구4 OFF
[16:00:40] : 21,20181204-160040,CF18112051611,,OK,MAX,2,2,0.00,7.00,2.09,OK,0.00,7.00,1.65,OK,
[16:01:14] : Cycle start ON
[16:01:15] : Cycle start OFF
[16:01:15] : REQUEST MEAS. ON
[16:01:20] : REQUEST MEAS. OFF
[16:01:20] : 측정요구 ON 2
[16:01:27] : 측정요구 2OFF
[16:01:27] : 21,20181204-160127,CF18112052401,,OK,MAX,1,2,0.00,7.00,2.10,OK,0.00,7.00,1.58,OK,
[16:01:57] : Cycle start ON
[16:01:57] : Cycle start OFF
[16:01:57] : 측정요구3 ON
[16:02:02] : 측정요구3 OFF
[16:02:02] : 측정요구4 ON
[16:02:09] : 측정요구4 OFF
[16:02:09] : 21,20181204-160209,CF18112052801,,OK,MAX,2,2,0.00,7.00,1.91,OK,0.00,7.00,2.85,OK,
[16:02:40] : Cycle start ON
[16:02:40] : Cycle start OFF
[16:02:40] : REQUEST MEAS. ON
[16:02:46] : REQUEST MEAS. OFF
[16:02:46] : 측정요구 ON 2
[16:02:52] : 측정요구 2OFF
[16:02:52] : 21,20181204-160253,CF18112052471,,OK,MAX,1,2,0.00,7.00,1.79,OK,0.00,7.00,2.56,OK,
[16:03:25] : Cycle start ON
[16:03:25] : Cycle start OFF
[16:03:25] : 측정요구3 ON
[16:03:30] : 측정요구3 OFF
[16:03:31] : 측정요구4 ON
[16:03:37] : 측정요구4 OFF
[16:03:37] : 21,20181204-160337,CF18112052441,,OK,MAX,2,2,0.00,7.00,2.18,OK,0.00,7.00,2.53,OK,
[16:04:48] : Cycle start ON
[16:04:48] : Cycle start OFF
[16:04:48] : REQUEST MEAS. ON
[16:04:53] : REQUEST MEAS. OFF
[16:04:53] : 측정요구 ON 2
[16:05:00] : 측정요구 2OFF
[16:05:00] : 21,20181204-160500,CF18112053181,,OK,MAX,1,2,0.00,7.00,1.98,OK,0.00,7.00,1.87,OK,
[16:05:35] : Cycle start ON
[16:05:35] : Cycle start OFF
[16:05:35] : REQUEST MEAS. ON
[16:05:41] : REQUEST MEAS. OFF
[16:05:41] : 측정요구 ON 2
[16:05:47] : 측정요구 2OFF
[16:05:47] : 21,20181204-160548,CF18112053561,,OK,MAX,1,3,0.00,7.00,3.50,OK,0.00,7.00,2.60,OK,
[16:06:21] : Cycle start ON
[16:06:22] : Cycle start OFF
[16:06:22] : REQUEST MEAS. ON
[16:06:27] : REQUEST MEAS. OFF
[16:06:27] : 측정요구 ON 2
[16:06:33] : 측정요구 2OFF
[16:06:33] : 21,20181204-160634,CF18112053841,,OK,MAX,1,2,0.00,7.00,2.89,OK,0.00,7.00,2.36,OK,
[16:07:06] : Cycle start ON
[16:07:06] : Cycle start OFF
[16:07:06] : 측정요구3 ON
[16:07:12] : 측정요구3 OFF
[16:07:12] : 측정요구4 ON
[16:07:18] : 측정요구4 OFF
[16:07:18] : 21,20181204-160718,CF18112053721,,OK,MAX,2,3,0.00,7.00,3.45,OK,0.00,7.00,6.46,OK,
[16:07:47] : Cycle start ON
[16:07:48] : REQUEST MEAS. ON
[16:07:48] : Cycle start OFF
[16:07:53] : REQUEST MEAS. OFF
[16:07:53] : 측정요구 ON 2
[16:07:59] : 측정요구 2OFF
[16:07:59] : 21,20181204-160759,CF18112053271,,OK,MAX,1,2,0.00,7.00,1.88,OK,0.00,7.00,1.17,OK,
[16:08:34] : Cycle start ON
[16:08:34] : Cycle start OFF
[16:08:34] : REQUEST MEAS. ON
[16:08:40] : REQUEST MEAS. OFF
[16:08:40] : 측정요구 ON 2
[16:08:47] : 측정요구 2OFF
[16:08:47] : 21,20181204-160847,CF18112052041,,OK,MAX,1,1,0.00,7.00,0.88,OK,0.00,7.00,0.77,OK,
[16:09:16] : Cycle start ON
[16:09:16] : Cycle start OFF
[16:09:16] : 측정요구3 ON
[16:09:21] : 측정요구3 OFF
[16:09:21] : 측정요구4 ON
[16:09:28] : 측정요구4 OFF
[16:09:28] : 21,20181204-160928,CF18112053211,,OK,MAX,2,3,0.00,7.00,2.77,OK,0.00,7.00,3.59,OK,
[16:10:02] : Cycle start ON
[16:10:03] : Cycle start OFF
[16:10:03] : REQUEST MEAS. ON
[16:10:08] : REQUEST MEAS. OFF
[16:10:08] : 측정요구 ON 2
[16:10:15] : 측정요구 2OFF
[16:10:15] : 21,20181204-161015,CF18112051581,,OK,MAX,1,3,0.00,7.00,2.20,OK,0.00,7.00,3.16,OK,
[16:10:43] : Cycle start ON
[16:10:44] : Cycle start OFF
[16:10:44] : 측정요구3 ON
[16:10:49] : 측정요구3 OFF
[16:10:49] : 측정요구4 ON
[16:10:56] : 측정요구4 OFF
[16:10:56] : 21,20181204-161056,CF18112053111,,OK,MAX,2,2,0.00,7.00,2.00,OK,0.00,7.00,2.67,OK,
[16:12:06] : Cycle start ON
[16:12:07] : Cycle start OFF
[16:12:07] : REQUEST MEAS. ON
[16:12:12] : REQUEST MEAS. OFF
[16:12:12] : 측정요구 ON 2
[16:12:18] : 측정요구 2OFF
[16:12:19] : 21,20181204-161219,CF18112053581,,OK,MAX,1,2,0.00,7.00,1.78,OK,0.00,7.00,1.65,OK,
[16:12:53] : Cycle start ON
[16:12:54] : Cycle start OFF
[16:12:54] : REQUEST MEAS. ON
[16:12:59] : REQUEST MEAS. OFF
[16:12:59] : 측정요구 ON 2
[16:13:06] : 측정요구 2OFF
[16:13:06] : 21,20181204-161306,CF18112053371,,OK,MAX,1,2,0.00,7.00,2.20,OK,0.00,7.00,2.76,OK,
[16:13:39] : Cycle start ON
[16:13:40] : Cycle start OFF
[16:13:40] : REQUEST MEAS. ON
[16:13:45] : REQUEST MEAS. OFF
[16:13:45] : 측정요구 ON 2
[16:13:52] : 측정요구 2OFF
[16:13:52] : 21,20181204-161352,CF18112052231,,OK,MAX,1,2,0.00,7.00,1.28,OK,0.00,7.00,0.68,OK,
[16:14:26] : Cycle start ON
[16:14:27] : Cycle start OFF
[16:14:27] : REQUEST MEAS. ON
[16:14:32] : REQUEST MEAS. OFF
[16:14:32] : 측정요구 ON 2
[16:14:39] : 측정요구 2OFF
[16:14:39] : 21,20181204-161439,CF18112052921,,OK,MAX,1,2,0.00,7.00,2.71,OK,0.00,7.00,2.97,OK,
[16:15:09] : Cycle start ON
[16:15:09] : Cycle start OFF
[16:15:09] : 측정요구3 ON
[16:15:15] : 측정요구3 OFF
[16:15:15] : 측정요구4 ON
[16:15:21] : 측정요구4 OFF
[16:15:21] : 21,20181204-161521,CF18112052951,,OK,MAX,2,2,0.00,7.00,1.66,OK,0.00,7.00,1.47,OK,
[16:15:52] : Cycle start ON
[16:15:52] : Cycle start OFF
[16:15:52] : REQUEST MEAS. ON
[16:15:58] : REQUEST MEAS. OFF
[16:15:58] : 측정요구 ON 2
[16:16:05] : 측정요구 2OFF
[16:16:05] : 21,20181204-161605,CF18112052871,,OK,MAX,1,2,0.00,7.00,1.28,OK,0.00,7.00,0.58,OK,
[16:16:36] : Cycle start ON
[16:16:36] : 측정요구3 ON
[16:16:37] : Cycle start OFF
[16:16:42] : 측정요구3 OFF
[16:16:42] : 측정요구4 ON
[16:16:48] : 측정요구4 OFF
[16:16:48] : 21,20181204-161649,CF18112052391,,OK,MAX,2,2,0.00,7.00,1.97,OK,0.00,7.00,2.06,OK,
[16:17:23] : Cycle start ON
[16:17:24] : Cycle start OFF
[16:17:24] : REQUEST MEAS. ON
[16:17:29] : REQUEST MEAS. OFF
[16:17:29] : 측정요구 ON 2
[16:17:35] : 측정요구 2OFF
[16:17:35] : 21,20181204-161735,CF18112053481,,OK,MAX,1,2,0.00,7.00,1.29,OK,0.00,7.00,0.84,OK,
[16:18:04] : Cycle start ON
[16:18:04] : Cycle start OFF
[16:18:04] : 측정요구3 ON
[16:18:10] : 측정요구3 OFF
[16:18:10] : 측정요구4 ON
[16:18:17] : 측정요구4 OFF
[16:18:17] : 21,20181204-161817,CF18112052371,,OK,MAX,2,3,0.00,7.00,2.29,OK,0.00,7.00,3.85,OK,
[16:18:48] : Cycle start ON
[16:18:49] : Cycle start OFF
[16:18:49] : REQUEST MEAS. ON
[16:18:54] : REQUEST MEAS. OFF
[16:18:54] : 측정요구 ON 2
[16:19:01] : 측정요구 2OFF
[16:19:01] : 21,20181204-161901,CF18112052781,,OK,MAX,1,2,0.00,7.00,2.01,OK,0.00,7.00,2.06,OK,
[16:19:33] : Cycle start ON
[16:19:33] : Cycle start OFF
[16:19:33] : 측정요구3 ON
[16:19:38] : 측정요구3 OFF
[16:19:39] : 측정요구4 ON
[16:19:44] : 측정요구4 OFF
[16:19:45] : 21,20181204-161945,CF18112053221,,OK,MAX,2,3,0.00,7.00,3.66,OK,0.00,7.00,6.68,OK,
[16:20:16] : Cycle start ON
[16:20:17] : Cycle start OFF
[16:20:17] : REQUEST MEAS. ON
[16:20:22] : REQUEST MEAS. OFF
[16:20:22] : 측정요구 ON 2
[16:20:29] : 측정요구 2OFF
[16:20:29] : 21,20181204-162029,CF18112053391,,OK,MAX,1,2,0.00,7.00,0.99,OK,0.00,7.00,0.59,OK,
[16:21:01] : Cycle start ON
[16:21:01] : 측정요구3 ON
[16:21:01] : Cycle start OFF
[16:21:06] : 측정요구3 OFF
[16:21:06] : 측정요구4 ON
[16:21:13] : 측정요구4 OFF
[16:21:13] : 21,20181204-162114,CF18112052291,,OK,MAX,2,2,0.00,7.00,1.70,OK,0.00,7.00,1.57,OK,
[16:21:45] : Cycle start ON
[16:21:46] : Cycle start OFF
[16:21:46] : REQUEST MEAS. ON
[16:21:51] : REQUEST MEAS. OFF
[16:21:51] : 측정요구 ON 2
[16:21:57] : 측정요구 2OFF
[16:21:57] : 21,20181204-162157,CF18112052181,,OK,MAX,1,2,0.00,7.00,1.09,OK,0.00,7.00,1.65,OK,
[16:22:28] : Cycle start ON
[16:22:29] : Cycle start OFF
[16:22:29] : 측정요구3 ON
[16:22:34] : 측정요구3 OFF
[16:22:34] : 측정요구4 ON
[16:22:41] : 측정요구4 OFF
[16:22:41] : 21,20181204-162241,CF18112051681,,OK,MAX,2,2,0.00,7.00,1.31,OK,0.00,7.00,1.46,OK,
[16:25:05] : Cycle start ON
[16:25:06] : Cycle start OFF
[16:25:06] : REQUEST MEAS. ON
[16:25:11] : REQUEST MEAS. OFF
[16:25:11] : 측정요구 ON 2
[16:25:17] : 측정요구 2OFF
[16:25:17] : 21,20181204-162518,CF18112052271,,OK,MAX,1,2,0.00,7.00,0.99,OK,0.00,7.00,0.60,OK,
[16:25:52] : Cycle start ON
[16:25:53] : Cycle start OFF
[16:25:53] : REQUEST MEAS. ON
[16:25:58] : REQUEST MEAS. OFF
[16:25:58] : 측정요구 ON 2
[16:26:04] : 측정요구 2OFF
[16:26:04] : 21,20181204-162605,CF18112053431,,OK,MAX,1,3,0.00,7.00,2.47,OK,0.00,7.00,3.94,OK,
[16:26:39] : Cycle start ON
[16:26:39] : Cycle start OFF
[16:26:39] : REQUEST MEAS. ON
[16:26:44] : REQUEST MEAS. OFF
[16:26:45] : 측정요구 ON 2
[16:26:51] : 측정요구 2OFF
[16:26:51] : 21,20181204-162651,CF18112053231,,OK,MAX,1,3,0.00,7.00,2.88,OK,0.00,7.00,3.18,OK,
[16:27:25] : Cycle start ON
[16:27:26] : Cycle start OFF
[16:27:26] : REQUEST MEAS. ON
[16:27:31] : REQUEST MEAS. OFF
[16:27:31] : 측정요구 ON 2
[16:27:38] : 측정요구 2OFF
[16:27:38] : 21,20181204-162738,CF18112052361,,OK,MAX,1,2,0.00,7.00,2.99,OK,0.00,7.00,2.09,OK,
[16:28:10] : Cycle start ON
[16:28:10] : Cycle start OFF
[16:28:10] : 측정요구3 ON
[16:28:15] : 측정요구3 OFF
[16:28:15] : 측정요구4 ON
[16:28:22] : 측정요구4 OFF
[16:28:22] : 21,20181204-162822,CF18112052811,,OK,MAX,2,3,0.00,7.00,2.78,OK,0.00,7.00,3.78,OK,
[16:28:51] : Cycle start ON
[16:28:51] : Cycle start OFF
[16:28:51] : REQUEST MEAS. ON
[16:28:56] : REQUEST MEAS. OFF
[16:28:56] : 측정요구 ON 2
[16:29:03] : 측정요구 2OFF
[16:29:03] : 21,20181204-162904,CF18112052131,,OK,MAX,1,2,0.00,7.00,2.79,OK,0.00,7.00,1.69,OK,
[16:29:37] : Cycle start ON
[16:29:37] : Cycle start OFF
[16:29:37] : 측정요구3 ON
[16:29:43] : 측정요구3 OFF
[16:29:43] : 측정요구4 ON
[16:29:49] : 측정요구4 OFF
[16:29:49] : 21,20181204-162949,CF18112052931,,OK,MAX,2,3,0.00,7.00,2.09,OK,0.00,7.00,4.47,OK,
[16:30:19] : Cycle start ON
[16:30:19] : Cycle start OFF
[16:30:19] : REQUEST MEAS. ON
[16:30:24] : REQUEST MEAS. OFF
[16:30:25] : 측정요구 ON 2
[16:30:31] : 측정요구 2OFF
[16:30:31] : 21,20181204-163032,CF18112052141,,OK,MAX,1,2,0.00,7.00,1.78,OK,0.00,7.00,1.38,OK,
[16:31:04] : Cycle start ON
[16:31:05] : Cycle start OFF
[16:31:05] : 측정요구3 ON
[16:31:10] : 측정요구3 OFF
[16:31:10] : 측정요구4 ON
[16:31:16] : 측정요구4 OFF
[16:31:16] : 21,20181204-163117,CF18112052301,,OK,MAX,2,3,0.00,7.00,2.38,OK,0.00,7.00,3.17,OK,
[16:31:47] : Cycle start ON
[16:31:47] : Cycle start OFF
[16:31:47] : REQUEST MEAS. ON
[16:31:53] : REQUEST MEAS. OFF
[16:31:53] : 측정요구 ON 2
[16:31:59] : 측정요구 2OFF
[16:31:59] : 21,20181204-163159,CF18112052751,,OK,MAX,1,2,0.00,7.00,1.38,OK,0.00,7.00,1.76,OK,
[16:32:30] : Cycle start ON
[16:32:31] : Cycle start OFF
[16:32:31] : 측정요구3 ON
[16:32:36] : 측정요구3 OFF
[16:32:36] : 측정요구4 ON
[16:32:43] : 측정요구4 OFF
[16:32:43] : 21,20181204-163243,CF18112053451,,OK,MAX,2,3,0.00,7.00,2.64,OK,0.00,7.00,3.17,OK,
[16:33:14] : Cycle start ON
[16:33:15] : Cycle start OFF
[16:33:15] : REQUEST MEAS. ON
[16:33:20] : REQUEST MEAS. OFF
[16:33:20] : 측정요구 ON 2
[16:33:27] : 측정요구 2OFF
[16:33:27] : 21,20181204-163327,CF18112051481,,OK,MAX,1,2,0.00,7.00,1.88,OK,0.00,7.00,1.59,OK,
[16:34:01] : Cycle start ON
[16:34:02] : Cycle start OFF
[16:34:02] : REQUEST MEAS. ON
[16:34:07] : REQUEST MEAS. OFF
[16:34:07] : 측정요구 ON 2
[16:34:14] : 측정요구 2OFF
[16:34:14] : 21,20181204-163414,CF18112053891,,OK,MAX,1,3,0.00,7.00,3.40,OK,0.00,7.00,5.47,OK,
[16:34:43] : Cycle start ON
[16:34:44] : Cycle start OFF
[16:34:44] : 측정요구3 ON
[16:34:49] : 측정요구3 OFF
[16:34:49] : 측정요구4 ON
[16:34:56] : 측정요구4 OFF
[16:34:56] : 21,20181204-163456,CF18112053081,,OK,MAX,2,3,0.00,7.00,2.17,OK,0.00,7.00,3.06,OK,
[16:35:25] : Cycle start ON
[16:35:26] : Cycle start OFF
[16:35:26] : REQUEST MEAS. ON
[16:35:31] : REQUEST MEAS. OFF
[16:35:31] : 측정요구 ON 2
[16:35:38] : 측정요구 2OFF
[16:35:38] : 21,20181204-163538,CF18112052211,,OK,MAX,1,1,0.00,7.00,0.77,OK,0.00,7.00,0.54,OK,
[16:36:13] : Cycle start ON
[16:36:14] : Cycle start OFF
[16:36:14] : REQUEST MEAS. ON
[16:36:19] : REQUEST MEAS. OFF
[16:36:19] : 측정요구 ON 2
[16:36:26] : 측정요구 2OFF
[16:36:26] : 21,20181204-163626,CF18112053701,,OK,MAX,1,2,0.00,7.00,1.98,OK,0.00,7.00,1.17,OK,
[16:36:55] : Cycle start ON
[16:36:55] : Cycle start OFF
[16:36:55] : 측정요구3 ON
[16:37:00] : 측정요구3 OFF
[16:37:00] : 측정요구4 ON
[16:37:07] : 측정요구4 OFF
[16:37:07] : 21,20181204-163707,CF18112053511,,OK,MAX,2,2,0.00,7.00,2.36,OK,0.00,7.00,2.57,OK,
[16:37:41] : Cycle start ON
[16:37:42] : Cycle start OFF
[16:37:42] : REQUEST MEAS. ON
[16:37:47] : REQUEST MEAS. OFF
[16:37:47] : 측정요구 ON 2
[16:37:54] : 측정요구 2OFF
[16:37:54] : 21,20181204-163754,CF18112053901,,OK,MAX,1,2,0.00,7.00,3.00,OK,0.00,7.00,2.47,OK,
[16:38:22] : Cycle start ON
[16:38:22] : Cycle start OFF
[16:38:22] : 측정요구3 ON
[16:38:28] : 측정요구3 OFF
[16:38:28] : 측정요구4 ON
[16:38:34] : 측정요구4 OFF
[16:38:34] : 21,20181204-163835,CF18112052771,,OK,MAX,2,2,0.00,7.00,2.06,OK,0.00,7.00,2.27,OK,
[16:39:45] : Cycle start ON
[16:39:46] : Cycle start OFF
[16:39:46] : REQUEST MEAS. ON
[16:39:51] : REQUEST MEAS. OFF
[16:39:51] : 측정요구 ON 2
[16:39:57] : 측정요구 2OFF
[16:39:57] : 21,20181204-163958,CF18112052331,,OK,MAX,1,2,0.00,7.00,1.68,OK,0.00,7.00,1.08,OK,
[16:40:32] : Cycle start ON
[16:40:33] : Cycle start OFF
[16:40:33] : REQUEST MEAS. ON
[16:40:38] : REQUEST MEAS. OFF
[16:40:38] : 측정요구 ON 2
[16:40:44] : 측정요구 2OFF
[16:40:44] : 21,20181204-164045,CF18112053441,,OK,MAX,1,1,0.00,7.00,0.89,OK,0.00,7.00,0.49,OK,
[16:41:18] : Cycle start ON
[16:41:19] : Cycle start OFF
[16:41:19] : REQUEST MEAS. ON
[16:41:24] : REQUEST MEAS. OFF
[16:41:24] : 측정요구 ON 2
[16:41:31] : 측정요구 2OFF
[16:41:31] : 21,20181204-164131,CF18112052711,,OK,MAX,1,2,0.00,7.00,1.57,OK,0.00,7.00,0.89,OK,
[16:42:05] : Cycle start ON
[16:42:06] : Cycle start OFF
[16:42:06] : REQUEST MEAS. ON
[16:42:11] : REQUEST MEAS. OFF
[16:42:11] : 측정요구 ON 2
[16:42:18] : 측정요구 2OFF
[16:42:18] : 21,20181204-164218,CF18112052351,,OK,MAX,1,3,0.00,7.00,2.07,OK,0.00,7.00,4.06,OK,
[16:42:46] : Cycle start ON
[16:42:46] : Cycle start OFF
[16:42:46] : 측정요구3 ON
[16:42:52] : 측정요구3 OFF
[16:42:52] : 측정요구4 ON
[16:42:58] : 측정요구4 OFF
[16:42:58] : 21,20181204-164258,CF18112052741,,OK,MAX,2,3,0.00,7.00,2.17,OK,0.00,7.00,3.95,OK,
[16:43:32] : Cycle start ON
[16:43:33] : Cycle start OFF
[16:43:33] : REQUEST MEAS. ON
[16:43:38] : REQUEST MEAS. OFF
[16:43:38] : 측정요구 ON 2
[16:43:45] : 측정요구 2OFF
[16:43:45] : 21,20181204-164345,CF18112052501,,OK,MAX,1,2,0.00,7.00,1.89,OK,0.00,7.00,1.28,OK,
[16:44:15] : Cycle start ON
[16:44:16] : Cycle start OFF
[16:44:16] : 측정요구3 ON
[16:44:21] : 측정요구3 OFF
[16:44:21] : 측정요구4 ON
[16:44:28] : 측정요구4 OFF
[16:44:28] : 21,20181204-164428,CF18112052691,,OK,MAX,2,2,0.00,7.00,1.90,OK,0.00,7.00,1.76,OK,
[16:44:59] : Cycle start ON
[16:44:59] : Cycle start OFF
[16:44:59] : REQUEST MEAS. ON
[16:45:04] : REQUEST MEAS. OFF
[16:45:04] : 측정요구 ON 2
[16:45:11] : 측정요구 2OFF
[16:45:11] : 21,20181204-164511,CF18112052671,,OK,MAX,1,2,0.00,7.00,1.28,OK,0.00,7.00,2.06,OK,
[16:45:43] : Cycle start ON
[16:45:43] : Cycle start OFF
[16:45:43] : 측정요구3 ON
[16:45:49] : 측정요구3 OFF
[16:45:49] : 측정요구4 ON
[16:45:55] : 측정요구4 OFF
[16:45:55] : 21,20181204-164556,CF18112053591,,OK,MAX,2,2,0.00,7.00,2.09,OK,0.00,7.00,2.28,OK,
[16:46:27] : Cycle start ON
[16:46:28] : Cycle start OFF
[16:46:28] : REQUEST MEAS. ON
[16:46:33] : REQUEST MEAS. OFF
[16:46:33] : 측정요구 ON 2
[16:46:39] : 측정요구 2OFF
[16:46:39] : 21,20181204-164639,CF18112052011,,OK,MAX,1,2,0.00,7.00,1.38,OK,0.00,7.00,0.82,OK,
[16:47:10] : Cycle start ON
[16:47:11] : Cycle start OFF
[16:47:11] : 측정요구3 ON
[16:47:16] : 측정요구3 OFF
[16:47:16] : 측정요구4 ON
[16:47:23] : 측정요구4 OFF
[16:47:23] : 21,20181204-164724,CF18112052621,,OK,MAX,2,2,0.00,7.00,2.58,OK,0.00,7.00,2.18,OK,
[16:47:58] : Cycle start ON
[16:47:59] : Cycle start OFF
[16:47:59] : REQUEST MEAS. ON
[16:48:04] : REQUEST MEAS. OFF
[16:48:04] : 측정요구 ON 2
[16:48:10] : 측정요구 2OFF
[16:48:10] : 21,20181204-164810,CF18112052641,,OK,MAX,1,2,0.00,7.00,1.29,OK,0.00,7.00,1.24,OK,
[16:48:39] : Cycle start ON
[16:48:39] : Cycle start OFF
[16:48:39] : 측정요구3 ON
[16:48:44] : 측정요구3 OFF
[16:48:44] : 측정요구4 ON
[16:48:51] : 측정요구4 OFF
[16:48:51] : 21,20181204-164852,CF18112052171,,OK,MAX,2,3,0.00,7.00,3.43,OK,0.00,7.00,2.97,OK,
[16:49:26] : Cycle start ON
[16:49:27] : Cycle start OFF
[16:49:27] : REQUEST MEAS. ON
[16:49:32] : REQUEST MEAS. OFF
[16:49:32] : 측정요구 ON 2
[16:49:38] : 측정요구 2OFF
[16:49:38] : 21,20181204-164938,CF18112053361,,OK,MAX,1,2,0.00,7.00,2.60,OK,0.00,7.00,2.48,OK,
[16:50:29] : Cycle start ON
[16:50:30] : Cycle start OFF
[16:50:30] : 측정요구3 ON
[16:50:35] : 측정요구3 OFF
[16:50:35] : 측정요구4 ON
[16:50:41] : 측정요구4 OFF
[16:50:41] : 21,20181204-165041,CF18112051251,,OK,MAX,2,3,0.00,7.00,2.85,OK,0.00,7.00,3.32,OK,
[16:50:48] : Cycle start ON
[16:50:49] : Cycle start OFF
[16:50:49] : REQUEST MEAS. ON
[16:50:54] : REQUEST MEAS. OFF
[16:50:54] : 측정요구 ON 2
[16:51:00] : 측정요구 2OFF
[16:51:00] : 21,20181204-165101,CF18112052161,,OK,MAX,1,2,0.00,7.00,1.40,OK,0.00,7.00,0.95,OK,
[16:52:15] : Cycle start ON
[16:52:16] : Cycle start OFF
[16:52:16] : REQUEST MEAS. ON
[16:52:21] : REQUEST MEAS. OFF
[16:52:21] : 측정요구 ON 2
[16:52:27] : 측정요구 2OFF
[16:52:27] : 21,20181204-165228,CF18112053821,,OK,MAX,1,2,0.00,7.00,0.99,OK,0.00,7.00,0.59,OK,
[16:53:01] : Cycle start ON
[16:53:02] : Cycle start OFF
[16:53:02] : REQUEST MEAS. ON
[16:53:07] : REQUEST MEAS. OFF
[16:53:07] : 측정요구 ON 2
[16:53:13] : 측정요구 2OFF
[16:53:13] : 21,20181204-165314,CF18112052341,,OK,MAX,1,2,0.00,7.00,2.69,OK,0.00,7.00,1.99,OK,
[16:53:48] : Cycle start ON
[16:53:49] : Cycle start OFF
[16:53:49] : REQUEST MEAS. ON
[16:53:54] : REQUEST MEAS. OFF
[16:53:54] : 측정요구 ON 2
[16:54:00] : 측정요구 2OFF
[16:54:00] : 21,20181204-165401,CF18112053001,,OK,MAX,1,2,0.00,7.00,2.49,OK,0.00,7.00,1.68,OK,
[16:54:30] : Cycle start ON
[16:54:31] : Cycle start OFF
[16:54:31] : 측정요구3 ON
[16:54:36] : 측정요구3 OFF
[16:54:36] : 측정요구4 ON
[16:54:42] : 측정요구4 OFF
[16:54:42] : 21,20181204-165443,CF18112053491,,OK,MAX,2,3,0.00,7.00,2.87,OK,0.00,7.00,4.98,OK,
[16:55:53] : Cycle start ON
[16:55:54] : Cycle start OFF
[16:55:54] : REQUEST MEAS. ON
[16:55:59] : REQUEST MEAS. OFF
[16:55:59] : 측정요구 ON 2
[16:56:05] : 측정요구 2OFF
[16:56:05] : 21,20181204-165606,CF18112053041,,OK,MAX,1,2,0.00,7.00,1.88,OK,0.00,7.00,2.27,OK,
[16:56:40] : Cycle start ON
[16:56:41] : Cycle start OFF
[16:56:41] : REQUEST MEAS. ON
[16:56:46] : REQUEST MEAS. OFF
[16:56:46] : 측정요구 ON 2
[16:56:52] : 측정요구 2OFF
[16:56:52] : 21,20181204-165653,CF18112051971,,OK,MAX,1,2,0.00,7.00,2.69,OK,0.00,7.00,2.05,OK,
[16:57:27] : Cycle start ON
[16:57:27] : Cycle start OFF
[16:57:27] : REQUEST MEAS. ON
[16:57:33] : REQUEST MEAS. OFF
[16:57:33] : 측정요구 ON 2
[16:57:39] : 측정요구 2OFF
[16:57:39] : 21,20181204-165739,CF18112051591,,OK,MAX,1,3,0.00,7.00,3.00,OK,0.00,7.00,3.97,OK,
[16:58:13] : Cycle start ON
[16:58:14] : Cycle start OFF
[16:58:14] : REQUEST MEAS. ON
[16:58:19] : REQUEST MEAS. OFF
[16:58:19] : 측정요구 ON 2
[16:58:26] : 측정요구 2OFF
[16:58:26] : 21,20181204-165826,CF18112053281,,OK,MAX,1,3,0.00,7.00,2.99,OK,0.00,7.00,3.85,OK,
[16:58:54] : Cycle start ON
[16:58:54] : Cycle start OFF
[16:58:54] : 측정요구3 ON
[16:59:00] : 측정요구3 OFF
[16:59:00] : 측정요구4 ON
[16:59:06] : 측정요구4 OFF
[16:59:06] : 21,20181204-165907,CF18112052851,,OK,MAX,2,3,0.00,7.00,3.15,OK,0.00,7.00,5.26,OK,
[16:59:41] : Cycle start ON
[16:59:42] : Cycle start OFF
[16:59:42] : REQUEST MEAS. ON
[16:59:47] : REQUEST MEAS. OFF
[16:59:47] : 측정요구 ON 2
[16:59:52] : 측정요구 2OFF
[16:59:53] : 21,20181204-165953,CF18112053411,,OK,MAX,1,2,0.00,7.00,1.38,OK,0.00,7.00,1.18,OK,
[17:00:22] : Cycle start ON
[17:00:22] : Cycle start OFF
[17:00:22] : 측정요구3 ON
[17:00:27] : 측정요구3 OFF
[17:00:27] : 측정요구4 ON
[17:00:34] : 측정요구4 OFF
[17:00:34] : 21,20181204-170035,CF18112052221,,OK,MAX,2,3,0.00,7.00,3.08,OK,0.00,7.00,3.66,OK,
[17:01:09] : Cycle start ON
[17:01:10] : Cycle start OFF
[17:01:10] : REQUEST MEAS. ON
[17:01:15] : REQUEST MEAS. OFF
[17:01:15] : 측정요구 ON 2
[17:01:21] : 측정요구 2OFF
[17:01:21] : 21,20181204-170122,CF18112053961,,OK,MAX,1,2,0.00,7.00,2.87,OK,0.00,7.00,2.66,OK,
[17:01:51] : Cycle start ON
[17:01:51] : Cycle start OFF
[17:01:51] : 측정요구3 ON
[17:01:57] : 측정요구3 OFF
[17:01:57] : 측정요구4 ON
[17:02:03] : 측정요구4 OFF
[17:02:03] : 21,20181204-170203,CF18100851341,,OK,MAX,2,3,0.00,7.00,3.87,OK,0.00,7.00,3.40,OK,
[17:02:34] : Cycle start ON
[17:02:34] : Cycle start OFF
[17:02:34] : REQUEST MEAS. ON
[17:02:40] : REQUEST MEAS. OFF
[17:02:40] : 측정요구 ON 2
[17:02:46] : 측정요구 2OFF
[17:02:46] : 21,20181204-170247,CF18112053461,,OK,MAX,1,3,0.00,7.00,2.09,OK,0.00,7.00,3.07,OK,
[17:03:19] : Cycle start ON
[17:03:19] : Cycle start OFF
[17:03:19] : 측정요구3 ON
[17:03:25] : 측정요구3 OFF
[17:03:25] : 측정요구4 ON
[17:03:31] : 측정요구4 OFF
[17:03:31] : 21,20181204-170331,CF18112053021,,OK,MAX,2,2,0.00,7.00,1.89,OK,0.00,7.00,1.93,OK,
[17:04:02] : Cycle start ON
[17:04:02] : Cycle start OFF
[17:04:02] : REQUEST MEAS. ON
[17:04:08] : REQUEST MEAS. OFF
[17:04:08] : 측정요구 ON 2
[17:04:14] : 측정요구 2OFF
[17:04:15] : 21,20181204-170415,CF18112051651,,OK,MAX,1,2,0.00,7.00,2.20,OK,0.00,7.00,1.58,OK,
[17:04:47] : Cycle start ON
[17:04:48] : Cycle start OFF
[17:04:48] : 측정요구3 ON
[17:04:53] : 측정요구3 OFF
[17:04:53] : 측정요구4 ON
[17:04:59] : 측정요구4 OFF
[17:04:59] : 21,20181204-170500,CF18112053651,,OK,MAX,2,2,0.00,7.00,2.48,OK,0.00,7.00,2.36,OK,
[17:05:31] : Cycle start ON
[17:05:31] : Cycle start OFF
[17:05:31] : REQUEST MEAS. ON
[17:05:36] : REQUEST MEAS. OFF
[17:05:36] : 측정요구 ON 2
[17:05:43] : 측정요구 2OFF
[17:05:43] : 21,20181204-170543,CF18112052661,,OK,MAX,1,2,0.00,7.00,1.36,OK,0.00,7.00,1.79,OK,
[17:06:15] : Cycle start ON
[17:06:15] : Cycle start OFF
[17:06:15] : 측정요구3 ON
[17:06:20] : 측정요구3 OFF
[17:06:20] : 측정요구4 ON
[17:06:27] : 측정요구4 OFF
[17:06:27] : 21,20181204-170627,CF18112053861,,OK,MAX,2,3,0.00,7.00,3.36,OK,0.00,7.00,3.95,OK,
[17:06:58] : Cycle start ON
[17:06:58] : Cycle start OFF
[17:06:58] : REQUEST MEAS. ON
[17:07:04] : REQUEST MEAS. OFF
[17:07:04] : 측정요구 ON 2
[17:07:11] : 측정요구 2OFF
[17:07:11] : 21,20181204-170711,CF18112053951,,OK,MAX,1,2,0.00,7.00,2.82,OK,0.00,7.00,1.89,OK,
[17:07:42] : Cycle start ON
[17:07:43] : Cycle start OFF
[17:07:43] : 측정요구3 ON
[17:07:48] : 측정요구3 OFF
[17:07:48] : 측정요구4 ON
[17:07:55] : 측정요구4 OFF
[17:07:55] : 21,20181204-170755,CF18112052761,,OK,MAX,2,3,0.00,7.00,2.68,OK,0.00,7.00,3.29,OK,
[17:08:26] : Cycle start ON
[17:08:27] : Cycle start OFF
[17:08:27] : REQUEST MEAS. ON
[17:08:32] : REQUEST MEAS. OFF
[17:08:32] : 측정요구 ON 2
[17:08:39] : 측정요구 2OFF
[17:08:39] : 21,20181204-170839,CF18112053171,,OK,MAX,1,2,0.00,7.00,2.22,OK,0.00,7.00,1.88,OK,
[17:09:13] : Cycle start ON
[17:09:13] : Cycle start OFF
[17:09:13] : REQUEST MEAS. ON
[17:09:19] : REQUEST MEAS. OFF
[17:09:19] : 측정요구 ON 2
[17:09:25] : 측정요구 2OFF
[17:09:25] : 21,20181204-170926,CF18112052491,,OK,MAX,1,2,0.00,7.00,1.88,OK,0.00,7.00,2.28,OK,
[17:09:56] : Cycle start ON
[17:09:56] : Cycle start OFF
[17:09:56] : 측정요구3 ON
[17:10:01] : 측정요구3 OFF
[17:10:01] : 측정요구4 ON
[17:10:08] : 측정요구4 OFF
[17:10:08] : 21,20181204-171008,CF18112052151,,OK,MAX,2,2,0.00,7.00,1.41,OK,0.00,7.00,2.27,OK,
[17:10:37] : Cycle start ON
[17:10:38] : Cycle start OFF
[17:10:38] : REQUEST MEAS. ON
[17:10:43] : REQUEST MEAS. OFF
[17:10:43] : 측정요구 ON 2
[17:10:50] : 측정요구 2OFF
[17:10:50] : 21,20181204-171050,CF18112052911,,OK,MAX,1,2,0.00,7.00,2.07,OK,0.00,7.00,1.27,OK,
[17:11:25] : Cycle start ON
[17:11:26] : Cycle start OFF
[17:11:26] : REQUEST MEAS. ON
[17:11:31] : REQUEST MEAS. OFF
[17:11:31] : 측정요구 ON 2
[17:11:38] : 측정요구 2OFF
[17:11:38] : 21,20181204-171138,CF18112052981,,OK,MAX,1,2,0.00,7.00,1.85,OK,0.00,7.00,1.29,OK,
[17:12:07] : Cycle start ON
[17:12:08] : Cycle start OFF
[17:12:08] : 측정요구3 ON
[17:12:13] : 측정요구3 OFF
[17:12:13] : 측정요구4 ON
[17:12:20] : 측정요구4 OFF
[17:12:20] : 21,20181204-171220,CF18112052591,,OK,MAX,2,2,0.00,7.00,2.09,OK,0.00,7.00,2.58,OK,
[17:12:51] : Cycle start ON
[17:12:51] : Cycle start OFF
[17:12:51] : REQUEST MEAS. ON
[17:12:57] : REQUEST MEAS. OFF
[17:12:57] : 측정요구 ON 2
[17:13:03] : 측정요구 2OFF
[17:13:03] : 21,20181204-171304,CF18112052581,,OK,MAX,1,2,0.00,7.00,1.68,OK,0.00,7.00,1.68,OK,
[17:13:36] : Cycle start ON
[17:13:36] : Cycle start OFF
[17:13:36] : 측정요구3 ON
[17:13:42] : 측정요구3 OFF
[17:13:42] : 측정요구4 ON
[17:13:48] : 측정요구4 OFF
[17:13:48] : 21,20181204-171348,CF18112053791,,OK,MAX,2,3,0.00,7.00,2.45,OK,0.00,7.00,4.31,OK,
[17:14:19] : Cycle start ON
[17:14:19] : Cycle start OFF
[17:14:19] : REQUEST MEAS. ON
[17:14:25] : REQUEST MEAS. OFF
[17:14:25] : 측정요구 ON 2
[17:14:31] : 측정요구 2OFF
[17:14:31] : 21,20181204-171432,CF18112052091,,OK,MAX,1,2,0.00,7.00,1.21,OK,0.00,7.00,1.14,OK,
[17:15:03] : Cycle start ON
[17:15:03] : Cycle start OFF
[17:15:03] : 측정요구3 ON
[17:15:09] : 측정요구3 OFF
[17:15:09] : 측정요구4 ON
[17:15:15] : 측정요구4 OFF
[17:15:15] : 21,20181204-171515,CF18112052831,,OK,MAX,2,3,0.00,7.00,3.67,OK,0.00,7.00,4.05,OK,
[17:15:49] : Cycle start ON
[17:15:49] : Cycle start OFF
[17:15:49] : REQUEST MEAS. ON
[17:15:55] : REQUEST MEAS. OFF
[17:15:55] : 측정요구 ON 2
[17:16:01] : 측정요구 2OFF
[17:16:01] : 21,20181204-171602,CF18112053541,,OK,MAX,1,2,0.00,7.00,1.99,OK,0.00,7.00,1.09,OK,
[17:16:32] : AUTO RUNNING OFF
[18:30:08] : MEAS ESC ON
[18:30:10] : MEAS ESC OFF
[18:30:11] : MEAS ESC ON
[18:32:31] : MEAS ESC OFF
[18:32:31] : AUTO RUNNING ON
[18:34:47] : Cycle start ON
[18:34:48] : Cycle start OFF
[18:34:48] : REQUEST MEAS. ON
[18:34:53] : REQUEST MEAS. OFF
[18:34:53] : 측정요구 ON 2
[18:35:00] : 측정요구 2OFF
[18:35:02] : TCP FAIL 1
[18:37:07] : Cycle start ON
[18:37:07] : Cycle start OFF
[18:37:07] : 측정요구3 ON
[18:37:12] : 측정요구3 OFF
[18:37:12] : 측정요구4 ON
[18:37:18] : 측정요구4 OFF
[18:37:18] : 21,20181204-183719,CF18120270591,CF 18100413683,OK,MAX,2,3,0.00,7.00,4.68,OK,0.00,7.00,4.36,OK,
[18:39:00] : Cycle start ON
[18:39:01] : Cycle start OFF
[18:39:01] : 측정요구3 ON
[18:39:06] : 측정요구3 OFF
[18:39:06] : 측정요구4 ON
[18:39:13] : 측정요구4 OFF
[18:39:13] : 21,20181204-183913,CF18120273551,CF 18112010631,OK,MAX,2,1,0.00,7.00,0.40,OK,0.00,7.00,0.55,OK,
[18:40:12] : Cycle start ON
[18:40:12] : Cycle start OFF
[18:40:12] : REQUEST MEAS. ON
[18:40:17] : REQUEST MEAS. OFF
[18:40:17] : 측정요구 ON 2
[18:40:24] : 측정요구 2OFF
[18:40:24] : 21,20181204-184024,CF18120270581,CF 18100413693,NG,MAX,1,0,0.00,7.00,8.40,NG,0.00,7.00,9.59,NG,
[18:40:56] : AUTO RUNNING OFF
[18:41:30] : MEAS ESC ON
[18:41:30] : MEAS ESC OFF
[18:41:30] : AUTO RUNNING ON
[18:42:07] : Cycle start ON
[18:42:08] : Cycle start OFF
[18:42:08] : REQUEST MEAS. ON
[18:42:13] : REQUEST MEAS. OFF
[18:42:13] : 측정요구 ON 2
[18:42:20] : 측정요구 2OFF
[18:42:20] : 21,20181204-184220,CF18120270581,CF 18100413693,NG,MAX,1,0,0.00,7.00,7.69,NG,0.00,7.00,8.94,NG,
[18:42:38] : AUTO RUNNING OFF
[18:45:16] : Cycle start ON
[18:45:16] : REQUEST MEAS. ON
[18:45:17] : Cycle start OFF
[18:45:22] : REQUEST MEAS. OFF
[18:45:22] : 0
[18:45:22] : 측정요구 ON 2
[18:45:29] : 측정요구 2OFF
[18:45:29] : 0
[18:46:34] : Cycle start ON
[18:46:34] : Cycle start OFF
[18:46:34] : REQUEST MEAS. ON
[18:46:36] : REQUEST MEAS. OFF
[18:46:36] : 0
[18:51:02] : MEAS ESC ON
[18:52:05] : MEAS ESC OFF
[19:18:57] : MEAS ESC ON
[19:19:06] : MEAS ESC OFF
[19:19:06] : AUTO RUNNING ON
[19:21:21] : Cycle start ON
[19:21:21] : Cycle start OFF
[19:21:21] : REQUEST MEAS. ON
[19:21:26] : REQUEST MEAS. OFF
[19:21:26] : 측정요구 ON 2
[19:21:33] : 측정요구 2OFF
[19:21:33] : 21,20181204-192133,CF18120272491,CF 18100413443,OK,MAX,1,2,0.00,7.00,0.98,OK,0.00,7.00,1.25,OK,
[19:22:08] : Cycle start ON
[19:22:08] : Cycle start OFF
[19:22:08] : REQUEST MEAS. ON
[19:22:13] : REQUEST MEAS. OFF
[19:22:13] : 측정요구 ON 2
[19:22:20] : 측정요구 2OFF
[19:22:20] : 21,20181204-192221,CF18120272481,CF 18100413443,OK,MAX,1,2,0.00,7.00,0.76,OK,0.00,7.00,1.76,OK,
[19:23:52] : AUTO RUNNING OFF
[19:24:34] : MEAS ESC ON
[19:24:36] : MEAS ESC OFF
[19:24:36] : AUTO RUNNING ON
[19:24:53] : Cycle start ON
[19:24:54] : Cycle start OFF
[19:24:54] : REQUEST MEAS. ON
[19:24:59] : REQUEST MEAS. OFF
[19:24:59] : 측정요구 ON 2
[19:25:05] : 측정요구 2OFF
[19:25:05] : 21,20181204-192506,CF18120273031,CF 18100410423,OK,MAX,1,2,0.00,7.00,1.56,OK,0.00,7.00,2.97,OK,
[19:25:18] : Cycle start ON
[19:25:19] : Cycle start OFF
[19:25:19] : 측정요구3 ON
[19:25:24] : 측정요구3 OFF
[19:25:24] : 측정요구4 ON
[19:25:30] : 측정요구4 OFF
[19:25:30] : 21,20181204-192530,CF18120273661,CF 18100410443,OK,MAX,2,2,0.00,7.00,2.18,OK,0.00,7.00,1.58,OK,
[19:32:10] : Cycle start ON
[19:32:10] : Cycle start OFF
[19:32:10] : REQUEST MEAS. ON
[19:32:16] : REQUEST MEAS. OFF
[19:32:16] : 측정요구 ON 2
[19:32:23] : 측정요구 2OFF
[19:32:23] : 21,20181204-193223,CF18120273351,CF 18100413593,OK,MAX,1,2,0.00,7.00,1.87,OK,0.00,7.00,1.17,OK,
[19:32:58] : Cycle start ON
[19:32:58] : Cycle start OFF
[19:32:58] : REQUEST MEAS. ON
[19:33:04] : REQUEST MEAS. OFF
[19:33:04] : 측정요구 ON 2
[19:33:10] : 측정요구 2OFF
[19:33:10] : 21,20181204-193311,CF18120273361,CF 18100413413,OK,MAX,1,2,0.00,7.00,1.78,OK,0.00,7.00,1.28,OK,
[19:33:45] : Cycle start ON
[19:33:46] : Cycle start OFF
[19:33:46] : REQUEST MEAS. ON
[19:33:51] : REQUEST MEAS. OFF
[19:33:51] : 측정요구 ON 2
[19:33:57] : 측정요구 2OFF
[19:33:57] : 21,20181204-193358,CF18120272561,CF 18100413473,OK,MAX,1,3,0.00,7.00,2.38,OK,0.00,7.00,4.88,OK,
[19:34:26] : Cycle start ON
[19:34:27] : Cycle start OFF
[19:34:27] : 측정요구3 ON
[19:34:32] : 측정요구3 OFF
[19:34:32] : 측정요구4 ON
[19:34:38] : 측정요구4 OFF
[19:34:38] : 21,20181204-193439,CF18120273371,CF 18100410323,OK,MAX,2,3,0.00,7.00,2.78,OK,0.00,7.00,3.08,OK,
[19:35:49] : Cycle start ON
[19:35:50] : Cycle start OFF
[19:35:50] : REQUEST MEAS. ON
[19:35:55] : REQUEST MEAS. OFF
[19:35:55] : 측정요구 ON 2
[19:36:01] : 측정요구 2OFF
[19:36:01] : 21,20181204-193602,CF18120273001,CF 18100410413,OK,MAX,1,2,0.00,7.00,1.36,OK,0.00,7.00,0.95,OK,
[19:36:37] : Cycle start ON
[19:36:38] : Cycle start OFF
[19:36:38] : REQUEST MEAS. ON
[19:36:43] : REQUEST MEAS. OFF
[19:36:43] : 측정요구 ON 2
[19:36:49] : 측정요구 2OFF
[19:36:49] : 21,20181204-193650,CF18120272631,CF 18100412213,OK,MAX,1,2,0.00,7.00,2.15,OK,0.00,7.00,1.67,OK,
[19:37:24] : Cycle start ON
[19:37:24] : Cycle start OFF
[19:37:24] : REQUEST MEAS. ON
[19:37:29] : REQUEST MEAS. OFF
[19:37:29] : 측정요구 ON 2
[19:37:36] : 측정요구 2OFF
[19:37:36] : 21,20181204-193736,CF18120272591,CF 18100410903,OK,MAX,1,3,0.00,7.00,1.67,OK,0.00,7.00,3.07,OK,
[19:38:07] : Cycle start ON
[19:38:07] : Cycle start OFF
[19:38:07] : 측정요구3 ON
[19:38:13] : 측정요구3 OFF
[19:38:13] : 측정요구4 ON
[19:38:20] : 측정요구4 OFF
[19:38:20] : 21,20181204-193820,CF18120272611,CF 18100412153,OK,MAX,2,2,0.00,7.00,1.57,OK,0.00,7.00,1.77,OK,
[19:38:49] : Cycle start ON
[19:38:50] : Cycle start OFF
[19:38:50] : REQUEST MEAS. ON
[19:38:55] : REQUEST MEAS. OFF
[19:38:55] : 측정요구 ON 2
[19:39:01] : 측정요구 2OFF
[19:39:01] : 21,20181204-193902,CF18120272621,CF 18100410883,OK,MAX,1,3,0.00,7.00,2.38,OK,0.00,7.00,3.38,OK,
[19:39:38] : Cycle start ON
[19:39:39] : Cycle start OFF
[19:39:39] : REQUEST MEAS. ON
[19:39:44] : REQUEST MEAS. OFF
[19:39:44] : 측정요구 ON 2
[19:39:50] : 측정요구 2OFF
[19:39:50] : 21,20181204-193951,CF18120272501,CF 18100411073,OK,MAX,1,2,0.00,7.00,1.69,OK,0.00,7.00,2.18,OK,
[19:40:18] : Cycle start ON
[19:40:19] : Cycle start OFF
[19:40:19] : 측정요구3 ON
[19:40:24] : 측정요구3 OFF
[19:40:24] : 측정요구4 ON
[19:40:30] : 측정요구4 OFF
[19:40:30] : 21,20181204-194031,CF18120272741,CF 18100413643,OK,MAX,2,2,0.00,7.00,1.30,OK,0.00,7.00,2.17,OK,
[19:41:05] : Cycle start ON
[19:41:06] : Cycle start OFF
[19:41:06] : REQUEST MEAS. ON
[19:41:11] : REQUEST MEAS. OFF
[19:41:11] : 측정요구 ON 2
[19:41:17] : 측정요구 2OFF
[19:41:17] : 21,20181204-194117,CF18120272801,CF 18100410963,OK,MAX,1,2,0.00,7.00,1.58,OK,0.00,7.00,1.29,OK,
[19:41:46] : Cycle start ON
[19:41:47] : Cycle start OFF
[19:41:47] : 측정요구3 ON
[19:41:52] : 측정요구3 OFF
[19:41:52] : 측정요구4 ON
[19:41:58] : 측정요구4 OFF
[19:41:58] : 21,20181204-194158,CF18120272821,CF 18100412973,OK,MAX,2,2,0.00,7.00,1.01,OK,0.00,7.00,1.68,OK,
[19:42:34] : Cycle start ON
[19:42:35] : Cycle start OFF
[19:42:35] : REQUEST MEAS. ON
[19:42:40] : REQUEST MEAS. OFF
[19:42:40] : 측정요구 ON 2
[19:42:46] : 측정요구 2OFF
[19:42:46] : 21,20181204-194247,CF18120272831,CF 18100414513,OK,MAX,1,2,0.00,7.00,1.57,OK,0.00,7.00,1.16,OK,
[19:43:14] : Cycle start ON
[19:43:14] : Cycle start OFF
[19:43:14] : 측정요구3 ON
[19:43:20] : 측정요구3 OFF
[19:43:20] : 측정요구4 ON
[19:43:26] : 측정요구4 OFF
[19:43:26] : 21,20181204-194326,CF18120270421,CF 18100410033,OK,MAX,2,2,0.00,7.00,1.68,OK,0.00,7.00,2.66,OK,
[19:44:00] : Cycle start ON
[19:44:00] : Cycle start OFF
[19:44:00] : REQUEST MEAS. ON
[19:44:06] : REQUEST MEAS. OFF
[19:44:06] : 측정요구 ON 2
[19:44:13] : 측정요구 2OFF
[19:44:13] : 21,20181204-194413,CF18120270441,CF 18100413913,OK,MAX,1,2,0.00,7.00,1.39,OK,0.00,7.00,1.97,OK,
[19:44:42] : Cycle start ON
[19:44:42] : Cycle start OFF
[19:44:42] : 측정요구3 ON
[19:44:48] : 측정요구3 OFF
[19:44:48] : 측정요구4 ON
[19:44:54] : 측정요구4 OFF
[19:44:54] : 21,20181204-194455,CF18120270461,CF 18100413933,OK,MAX,2,3,0.00,7.00,1.57,OK,0.00,7.00,3.46,OK,
[19:45:30] : Cycle start ON
[19:45:31] : Cycle start OFF
[19:45:31] : REQUEST MEAS. ON
[19:45:36] : REQUEST MEAS. OFF
[19:45:36] : 측정요구 ON 2
[19:45:42] : 측정요구 2OFF
[19:45:42] : 21,20181204-194543,CF18120270451,CF 18100413923,OK,MAX,1,2,0.00,7.00,1.69,OK,0.00,7.00,1.33,OK,
[19:46:10] : Cycle start ON
[19:46:11] : Cycle start OFF
[19:46:11] : 측정요구3 ON
[19:46:16] : 측정요구3 OFF
[19:46:16] : 측정요구4 ON
[19:46:22] : 측정요구4 OFF
[19:46:22] : 21,20181204-194622,CF18120270511,CF 18112010791,OK,MAX,2,1,0.00,7.00,0.39,OK,0.00,7.00,0.58,OK,
[19:46:58] : Cycle start ON
[19:46:59] : Cycle start OFF
[19:46:59] : REQUEST MEAS. ON
[19:47:04] : REQUEST MEAS. OFF
[19:47:04] : 측정요구 ON 2
[19:47:10] : 측정요구 2OFF
[19:47:10] : 21,20181204-194710,CF18120270471,CF 18100413883,OK,MAX,1,2,0.00,7.00,2.09,OK,0.00,7.00,1.79,OK,
[19:47:38] : Cycle start ON
[19:47:39] : Cycle start OFF
[19:47:39] : 측정요구3 ON
[19:47:44] : 측정요구3 OFF
[19:47:44] : 측정요구4 ON
[19:47:50] : 측정요구4 OFF
[19:47:50] : 21,20181204-194750,CF18120270881,CF 18100413903,OK,MAX,2,1,0.00,7.00,0.90,OK,0.00,7.00,0.86,OK,
[19:48:24] : Cycle start ON
[19:48:25] : Cycle start OFF
[19:48:25] : REQUEST MEAS. ON
[19:48:30] : REQUEST MEAS. OFF
[19:48:30] : 측정요구 ON 2
[19:48:37] : 측정요구 2OFF
[19:48:37] : 21,20181204-194837,CF18120270841,CF 18100413893,OK,MAX,1,3,0.00,7.00,3.08,OK,0.00,7.00,2.78,OK,
[19:49:05] : Cycle start ON
[19:49:05] : Cycle start OFF
[19:49:05] : 측정요구3 ON
[19:49:11] : 측정요구3 OFF
[19:49:11] : 측정요구4 ON
[19:49:18] : 측정요구4 OFF
[19:49:18] : 21,20181204-194918,CF18120270851,CF 18100413853,OK,MAX,2,3,0.00,7.00,4.87,OK,0.00,7.00,4.57,OK,
[19:49:52] : Cycle start ON
[19:49:53] : Cycle start OFF
[19:49:53] : REQUEST MEAS. ON
[19:49:58] : REQUEST MEAS. OFF
[19:49:58] : 측정요구 ON 2
[19:50:04] : 측정요구 2OFF
[19:50:04] : 21,20181204-195005,CF18120270501,CF 18100413873,OK,MAX,1,2,0.00,7.00,1.17,OK,0.00,7.00,2.06,OK,
[19:50:33] : Cycle start ON
[19:50:34] : Cycle start OFF
[19:50:34] : 측정요구3 ON
[19:50:39] : 측정요구3 OFF
[19:50:39] : 측정요구4 ON
[19:50:46] : 측정요구4 OFF
[19:50:46] : 21,20181204-195046,CF18120273181,CF 18100410253,OK,MAX,2,3,0.00,7.00,3.66,OK,0.00,7.00,4.76,OK,
[19:51:20] : Cycle start ON
[19:51:20] : REQUEST MEAS. ON
[19:51:20] : Cycle start OFF
[19:51:26] : REQUEST MEAS. OFF
[19:51:26] : 측정요구 ON 2
[19:51:32] : 측정요구 2OFF
[19:51:32] : 21,20181204-195133,CF18120273171,CF 18100412623,OK,MAX,1,1,0.00,7.00,0.86,OK,0.00,7.00,0.47,OK,
[19:52:03] : Cycle start ON
[19:52:04] : Cycle start OFF
[19:52:04] : 측정요구3 ON
[19:52:09] : 측정요구3 OFF
[19:52:09] : 측정요구4 ON
[19:52:15] : 측정요구4 OFF
[19:52:15] : 21,20181204-195216,CF18120273161,CF 18100412143,OK,MAX,2,2,0.00,7.00,1.68,OK,0.00,7.00,0.95,OK,
[19:52:46] : Cycle start ON
[19:52:47] : Cycle start OFF
[19:52:47] : REQUEST MEAS. ON
[19:52:52] : REQUEST MEAS. OFF
[19:52:52] : 측정요구 ON 2
[19:52:58] : 측정요구 2OFF
[19:52:58] : 21,20181204-195259,CF18120273151,CF 18100410243,OK,MAX,1,1,0.00,7.00,0.77,OK,0.00,7.00,0.84,OK,
[19:53:31] : Cycle start ON
[19:53:31] : Cycle start OFF
[19:53:31] : 측정요구3 ON
[19:53:36] : 측정요구3 OFF
[19:53:36] : 측정요구4 ON
[19:53:43] : 측정요구4 OFF
[19:53:43] : 21,20181204-195343,CF18120273111,CF 18100412753,OK,MAX,2,2,0.00,7.00,2.07,OK,0.00,7.00,2.05,OK,
[19:54:14] : Cycle start ON
[19:54:14] : Cycle start OFF
[19:54:14] : REQUEST MEAS. ON
[19:54:20] : REQUEST MEAS. OFF
[19:54:20] : 측정요구 ON 2
[19:54:27] : 측정요구 2OFF
[19:54:27] : 21,20181204-195427,CF18120270311,CF 18100413233,OK,MAX,1,2,0.00,7.00,2.95,OK,0.00,7.00,2.69,OK,
[19:55:01] : Cycle start ON
[19:55:02] : Cycle start OFF
[19:55:02] : REQUEST MEAS. ON
[19:55:07] : REQUEST MEAS. OFF
[19:55:07] : 측정요구 ON 2
[19:55:14] : 측정요구 2OFF
[19:55:14] : 21,20181204-195514,CF18120270291,CF 18100413243,OK,MAX,1,2,0.00,7.00,2.79,OK,0.00,7.00,2.74,OK,
[19:55:43] : Cycle start ON
[19:55:44] : Cycle start OFF
[19:55:44] : 측정요구3 ON
[19:55:49] : 측정요구3 OFF
[19:55:49] : 측정요구4 ON
[19:55:56] : 측정요구4 OFF
[19:55:56] : 21,20181204-195556,CF18120270261,CF 18100413223,OK,MAX,2,2,0.00,7.00,2.11,OK,0.00,7.00,2.24,OK,
[20:02:29] : Cycle start ON
[20:02:29] : Cycle start OFF
[20:02:29] : REQUEST MEAS. ON
[20:02:34] : REQUEST MEAS. OFF
[20:02:34] : 측정요구 ON 2
[20:02:41] : 측정요구 2OFF
[20:02:41] : 21,20181204-200241,CF18120270231,CF 18100413213,OK,MAX,1,3,0.00,7.00,2.18,OK,0.00,7.00,3.07,OK,
[20:03:19] : Cycle start ON
[20:03:20] : Cycle start OFF
[20:03:20] : REQUEST MEAS. ON
[20:03:25] : REQUEST MEAS. OFF
[20:03:25] : 측정요구 ON 2
[20:03:31] : 측정요구 2OFF
[20:03:31] : 21,20181204-200332,CF18120270071,CF 18100413203,OK,MAX,1,3,0.00,7.00,2.89,OK,0.00,7.00,3.07,OK,
[20:06:15] : AUTO RUNNING OFF
 
