[09:50:25] : MEAS ESC ON
[09:50:29] : MEAS ESC OFF
[09:50:33] : MEAS ESC ON
[09:50:34] : MEAS ESC OFF
[09:50:34] : AUTO RUNNING ON
[09:50:48] : Cycle start ON
[09:50:48] : Cycle start OFF
[09:50:48] : 측정요구3 ON
[09:50:54] : 측정요구3 OFF
[09:50:54] : 측정요구4 ON
[09:51:02] : 측정요구4 OFF
[09:51:02] : 21,20181221-095102,,,OK,MAX,2,2,AUTO,0.10,7.00,2.27,OK,0.10,7.00,2.79,OK,
[09:51:31] : AUTO RUNNING OFF
 
[14:56:08] : MEAS ESC ON
[14:56:09] : MEAS ESC OFF
[14:56:09] : AUTO RUNNING ON
[14:59:57] : Cycle start ON
[14:59:57] : Cycle start OFF
[14:59:57] : 측정요구3 ON
[15:00:04] : 측정요구3 OFF
[15:00:04] : 측정요구4 ON
[15:00:12] : 측정요구4 OFF
[15:00:12] : 21,20181221-150012,CF18112053861,,OK,MAX,2,3,AUTO,0.60,7.00,4.14,OK,0.60,7.00,3.98,OK,
[15:02:39] : AUTO RUNNING OFF
[15:04:32] : MEAS ESC ON
[15:04:38] : MEAS ESC OFF
[15:04:38] : AUTO RUNNING ON
[15:05:35] : AUTO RUNNING OFF
[15:06:42] : MEAS ESC ON
[15:06:43] : MEAS ESC OFF
[15:06:43] : AUTO RUNNING ON
[15:06:58] : Cycle start ON
[15:06:58] : Cycle start OFF
[15:06:58] : 측정요구3 ON
[15:07:05] : 측정요구3 OFF
[15:07:05] : 측정요구4 ON
[15:07:13] : 측정요구4 OFF
[15:07:13] : 21,20181221-150713,CF18120273191,,OK,MAX,2,3,AUTO,0.60,7.00,4.64,OK,0.60,7.00,4.60,OK,
[15:08:04] : Cycle start ON
[15:08:05] : Cycle start OFF
[15:08:05] : 측정요구3 ON
[15:08:11] : 측정요구3 OFF
[15:08:11] : 측정요구4 ON
[15:08:19] : 측정요구4 OFF
[15:08:19] : 21,20181221-150820,CF18112053171,,OK,MAX,2,3,AUTO,0.60,7.00,4.26,OK,0.60,7.00,4.99,OK,
[15:08:46] : Cycle start ON
[15:08:46] : Cycle start OFF
[15:08:46] : 측정요구3 ON
[15:08:53] : 측정요구3 OFF
[15:08:53] : 측정요구4 ON
[15:09:00] : 측정요구4 OFF
[15:09:00] : 21,20181221-150900,CF18112052661,,OK,MAX,2,3,AUTO,0.60,7.00,2.44,OK,0.60,7.00,3.79,OK,
[15:09:26] : Cycle start ON
[15:09:26] : Cycle start OFF
[15:09:26] : 측정요구3 ON
[15:09:33] : 측정요구3 OFF
[15:09:33] : 측정요구4 ON
[15:09:41] : 측정요구4 OFF
[15:09:41] : 21,20181221-150941,CF18112052761,,OK,MAX,2,3,AUTO,0.60,7.00,3.43,OK,0.60,7.00,3.62,OK,
[15:10:07] : Cycle start ON
[15:10:07] : Cycle start OFF
[15:10:07] : 측정요구3 ON
[15:10:14] : 측정요구3 OFF
[15:10:14] : 측정요구4 ON
[15:10:22] : 측정요구4 OFF
[15:10:22] : 21,20181221-151022,CF18100851341,,OK,MAX,2,3,AUTO,0.60,7.00,5.14,OK,0.60,7.00,5.19,OK,
[15:10:48] : Cycle start ON
[15:10:48] : Cycle start OFF
[15:10:48] : 측정요구3 ON
[15:10:55] : 측정요구3 OFF
[15:10:55] : 측정요구4 ON
[15:11:03] : 측정요구4 OFF
[15:11:03] : 21,20181221-151103,CF18120270511,,OK,MAX,2,3,AUTO,0.60,7.00,3.84,OK,0.60,7.00,3.43,OK,
[15:11:32] : Cycle start ON
[15:11:32] : Cycle start OFF
[15:11:32] : 측정요구3 ON
[15:11:39] : 측정요구3 OFF
[15:11:39] : 측정요구4 ON
[15:11:47] : 측정요구4 OFF
[15:11:47] : 21,20181221-151147,CF18120273151,,OK,MAX,2,2,AUTO,0.60,7.00,1.86,OK,0.60,7.00,1.60,OK,
[15:12:13] : Cycle start ON
[15:12:13] : Cycle start OFF
[15:12:13] : 측정요구3 ON
[15:12:20] : 측정요구3 OFF
[15:12:20] : 측정요구4 ON
[15:12:28] : 측정요구4 OFF
[15:12:28] : 21,20181221-151228,CF18120272741,,NG,MAX,2,0,AUTO,0.60,7.00,0.54,NG,0.60,7.00,0.78,OK,
[15:12:58] : Cycle start ON
[15:12:58] : Cycle start OFF
[15:12:58] : 측정요구3 ON
[15:13:05] : 측정요구3 OFF
[15:13:05] : 측정요구4 ON
[15:13:12] : 측정요구4 OFF
[15:13:12] : 21,20181221-151313,CF18120272821,,OK,MAX,2,3,AUTO,0.60,7.00,2.20,OK,0.60,7.00,3.61,OK,
[15:13:39] : Cycle start ON
[15:13:39] : Cycle start OFF
[15:13:39] : 측정요구3 ON
[15:13:46] : 측정요구3 OFF
[15:13:46] : 측정요구4 ON
[15:13:53] : 측정요구4 OFF
[15:13:53] : 21,20181221-151354,CF18112052221,,OK,MAX,2,3,AUTO,0.60,7.00,3.04,OK,0.60,7.00,2.81,OK,
[15:14:20] : Cycle start ON
[15:14:20] : Cycle start OFF
[15:14:20] : 측정요구3 ON
[15:14:27] : 측정요구3 OFF
[15:14:27] : 측정요구4 ON
[15:14:34] : 측정요구4 OFF
[15:14:34] : 21,20181221-151435,CF18112053961,,OK,MAX,2,3,AUTO,0.60,7.00,4.53,OK,0.60,7.00,5.08,OK,
[15:14:59] : Cycle start ON
[15:14:59] : Cycle start OFF
[15:14:59] : 측정요구3 ON
[15:15:06] : 측정요구3 OFF
[15:15:06] : 측정요구4 ON
[15:15:13] : 측정요구4 OFF
[15:15:13] : 21,20181221-151514,CF18120273531,,OK,MAX,2,3,AUTO,0.60,7.00,3.04,OK,0.60,7.00,4.10,OK,
[15:15:38] : Cycle start ON
[15:15:38] : Cycle start OFF
[15:15:38] : 측정요구3 ON
[15:15:45] : 측정요구3 OFF
[15:15:45] : 측정요구4 ON
[15:15:53] : 측정요구4 OFF
[15:15:53] : 21,20181221-151553,CF18112052441,,OK,MAX,2,3,AUTO,0.60,7.00,3.13,OK,0.60,7.00,4.11,OK,
[15:16:17] : Cycle start ON
[15:16:17] : Cycle start OFF
[15:16:17] : 측정요구3 ON
[15:16:24] : 측정요구3 OFF
[15:16:24] : 측정요구4 ON
[15:16:32] : 측정요구4 OFF
[15:16:32] : 21,20181221-151632,CF18120550801,,OK,MAX,2,3,AUTO,0.60,7.00,1.84,OK,0.60,7.00,4.42,OK,
[15:18:28] : Cycle start ON
[15:18:29] : 측정요구3 ON
[15:18:29] : Cycle start OFF
[15:18:35] : 측정요구3 OFF
[15:18:35] : 측정요구4 ON
[15:18:43] : 측정요구4 OFF
[15:18:43] : 21,20181221-151844,CF18112052771,,OK,MAX,2,2,AUTO,0.60,7.00,2.37,OK,0.60,7.00,2.20,OK,
[15:19:10] : Cycle start ON
[15:19:11] : Cycle start OFF
[15:19:11] : 측정요구3 ON
[15:19:17] : 측정요구3 OFF
[15:19:17] : 측정요구4 ON
[15:19:25] : 측정요구4 OFF
[15:19:25] : 21,20181221-151925,CF18112053361,,OK,MAX,2,3,AUTO,0.60,7.00,3.33,OK,0.60,7.00,2.91,OK,
[15:24:14] : Cycle start ON
[15:24:14] : Cycle start OFF
[15:24:14] : 측정요구3 ON
[15:24:20] : 측정요구3 OFF
[15:24:21] : 측정요구4 ON
[15:24:28] : 측정요구4 OFF
[15:24:28] : 21,20181221-152429,CF18112052331,,OK,MAX,2,2,AUTO,0.60,7.00,2.89,OK,0.60,7.00,1.92,OK,
[15:25:10] : Cycle start ON
[15:25:10] : Cycle start OFF
[15:25:10] : 측정요구3 ON
[15:25:17] : 측정요구3 OFF
[15:25:17] : 측정요구4 ON
[15:25:25] : 측정요구4 OFF
[15:25:25] : 21,20181221-152525,CF18112052351,,OK,MAX,2,2,AUTO,0.60,7.00,2.25,OK,0.60,7.00,2.91,OK,
[15:27:14] : Cycle start ON
[15:27:15] : Cycle start OFF
[15:27:15] : 측정요구3 ON
[15:27:21] : 측정요구3 OFF
[15:27:21] : 측정요구4 ON
[15:27:29] : 측정요구4 OFF
[15:27:29] : 21,20181221-152730,CF18112052741,,OK,MAX,2,3,AUTO,0.60,7.00,2.13,OK,0.60,7.00,3.97,OK,
[15:29:27] : Cycle start ON
[15:29:27] : Cycle start OFF
[15:29:27] : 측정요구3 ON
[15:29:34] : 측정요구3 OFF
[15:29:34] : 측정요구4 ON
[15:29:41] : 측정요구4 OFF
[15:29:41] : 21,20181221-152942,CF18112052691,,OK,MAX,2,2,AUTO,0.60,7.00,1.77,OK,0.60,7.00,1.25,OK,
[15:30:08] : Cycle start ON
[15:30:08] : Cycle start OFF
[15:30:08] : 측정요구3 ON
[15:30:15] : 측정요구3 OFF
[15:30:15] : 측정요구4 ON
[15:30:22] : 측정요구4 OFF
[15:30:22] : 21,20181221-153023,CF18112052671,,OK,MAX,2,2,AUTO,0.60,7.00,2.14,OK,0.60,7.00,2.83,OK,
[15:30:49] : Cycle start ON
[15:30:49] : Cycle start OFF
[15:30:49] : 측정요구3 ON
[15:30:56] : 측정요구3 OFF
[15:30:56] : 측정요구4 ON
[15:31:03] : 측정요구4 OFF
[15:31:03] : 21,20181221-153104,CF18112052621,,OK,MAX,2,3,AUTO,0.60,7.00,3.48,OK,0.60,7.00,2.62,OK,
[15:31:30] : Cycle start ON
[15:31:30] : Cycle start OFF
[15:31:30] : 측정요구3 ON
[15:31:37] : 측정요구3 OFF
[15:31:37] : 측정요구4 ON
[15:31:44] : 측정요구4 OFF
[15:31:44] : 21,20181221-153144,CF18112052641,,OK,MAX,2,2,AUTO,0.60,7.00,1.62,OK,0.60,7.00,1.67,OK,
[15:32:10] : Cycle start ON
[15:32:10] : Cycle start OFF
[15:32:10] : 측정요구3 ON
[15:32:17] : 측정요구3 OFF
[15:32:17] : 측정요구4 ON
[15:32:24] : 측정요구4 OFF
[15:32:24] : 21,20181221-153225,CF18112052171,,OK,MAX,2,3,AUTO,0.60,7.00,3.20,OK,0.60,7.00,2.30,OK,
[15:32:51] : Cycle start ON
[15:32:51] : Cycle start OFF
[15:32:51] : 측정요구3 ON
[15:32:57] : 측정요구3 OFF
[15:32:58] : 측정요구4 ON
[15:33:05] : 측정요구4 OFF
[15:33:05] : 21,20181221-153306,CF18112053411,,OK,MAX,2,3,AUTO,0.60,7.00,3.73,OK,0.60,7.00,4.09,OK,
[15:33:32] : Cycle start ON
[15:33:33] : Cycle start OFF
[15:33:33] : 측정요구3 ON
[15:33:39] : 측정요구3 OFF
[15:33:39] : 측정요구4 ON
[15:33:46] : 측정요구4 OFF
[15:33:46] : 21,20181221-153347,CF18112052851,,OK,MAX,2,3,AUTO,0.60,7.00,3.22,OK,0.60,7.00,5.50,OK,
[15:34:13] : Cycle start ON
[15:34:13] : Cycle start OFF
[15:34:13] : 측정요구3 ON
[15:34:20] : 측정요구3 OFF
[15:34:20] : 측정요구4 ON
[15:34:28] : 측정요구4 OFF
[15:34:28] : 21,20181221-153428,CF18112051251,,OK,MAX,2,3,AUTO,0.60,7.00,3.05,OK,0.60,7.00,2.99,OK,
[15:35:25] : Cycle start ON
[15:35:26] : Cycle start OFF
[15:35:26] : 측정요구3 ON
[15:35:32] : 측정요구3 OFF
[15:35:32] : 측정요구4 ON
[15:35:40] : 측정요구4 OFF
[15:35:40] : 21,20181221-153541,,,OK,MAX,2,2,AUTO,0.60,7.00,2.75,OK,0.60,7.00,2.40,OK,
[15:36:07] : Cycle start ON
[15:36:08] : Cycle start OFF
[15:36:08] : 측정요구3 ON
[15:36:14] : 측정요구3 OFF
[15:36:14] : 측정요구4 ON
[15:36:21] : 측정요구4 OFF
[15:36:21] : 21,20181221-153622,CF18112052501,,OK,MAX,2,3,AUTO,0.60,7.00,3.44,OK,0.60,7.00,2.41,OK,
[15:36:48] : Cycle start ON
[15:36:48] : Cycle start OFF
[15:36:48] : 측정요구3 ON
[15:36:55] : 측정요구3 OFF
[15:36:55] : 측정요구4 ON
[15:37:03] : 측정요구4 OFF
[15:37:03] : 21,20181221-153703,CF18112053821,,OK,MAX,2,2,AUTO,0.60,7.00,2.24,OK,0.60,7.00,2.29,OK,
[15:37:29] : Cycle start ON
[15:37:30] : Cycle start OFF
[15:37:30] : 측정요구3 ON
[15:37:36] : 측정요구3 OFF
[15:37:36] : 측정요구4 ON
[15:37:44] : 측정요구4 OFF
[15:37:44] : 21,20181221-153744,CF18112053041,,OK,MAX,2,3,AUTO,0.60,7.00,3.53,OK,0.60,7.00,3.81,OK,
[15:38:11] : Cycle start ON
[15:38:12] : Cycle start OFF
[15:38:12] : 측정요구3 ON
[15:38:18] : 측정요구3 OFF
[15:38:18] : 측정요구4 ON
[15:38:25] : 측정요구4 OFF
[15:38:25] : 21,20181221-153826,CF18112051971,,OK,MAX,2,3,AUTO,0.60,7.00,3.52,OK,0.60,7.00,2.97,OK,
[15:38:52] : Cycle start ON
[15:38:52] : Cycle start OFF
[15:38:52] : 측정요구3 ON
[15:38:59] : 측정요구3 OFF
[15:38:59] : 측정요구4 ON
[15:39:06] : 측정요구4 OFF
[15:39:06] : 21,20181221-153906,CF18112051591,,OK,MAX,2,3,AUTO,0.60,7.00,3.33,OK,0.60,7.00,4.17,OK,
[15:40:05] : Cycle start ON
[15:40:05] : Cycle start OFF
[15:40:05] : 측정요구3 ON
[15:40:12] : 측정요구3 OFF
[15:40:12] : 측정요구4 ON
[15:40:20] : 측정요구4 OFF
[15:40:20] : 21,20181221-154020,CF18112053281,,OK,MAX,2,3,AUTO,0.60,7.00,3.43,OK,0.60,7.00,3.70,OK,
[16:05:25] : AUTO RUNNING OFF
[16:28:02] : MEAS ESC ON
[16:30:11] : MEAS ESC OFF
[16:30:11] : AUTO RUNNING ON
[16:31:52] : Cycle start ON
[16:31:52] : Cycle start OFF
[16:31:52] : REQUEST MEAS. ON
[16:31:59] : REQUEST MEAS. OFF
[16:31:59] : 측정요구 ON 2
[16:32:06] : 측정요구 2OFF
[16:32:06] : 21,20181221-163207,,,OK,MAX,1,3,AUTO,0.00,7.00,4.19,OK,0.00,7.00,3.67,OK,
[16:32:57] : Cycle start ON
[16:32:57] : Cycle start OFF
[16:32:57] : REQUEST MEAS. ON
[16:33:04] : REQUEST MEAS. OFF
[16:33:04] : 측정요구 ON 2
[16:33:12] : 측정요구 2OFF
[16:33:12] : 21,20181221-163312,,,OK,MAX,1,3,AUTO,0.00,7.00,6.59,OK,0.00,7.00,5.90,OK,
[16:34:05] : Cycle start ON
[16:34:05] : Cycle start OFF
[16:34:05] : REQUEST MEAS. ON
[16:34:12] : REQUEST MEAS. OFF
[16:34:12] : 측정요구 ON 2
[16:34:19] : 측정요구 2OFF
[16:34:19] : 21,20181221-163420,,,OK,MAX,1,3,AUTO,0.00,7.00,4.78,OK,0.00,7.00,3.92,OK,
[16:35:17] : Cycle start ON
[16:35:17] : Cycle start OFF
[16:35:17] : 측정요구3 ON
[16:35:24] : 측정요구3 OFF
[16:35:24] : 측정요구4 ON
[16:35:32] : 측정요구4 OFF
[16:35:32] : 21,20181221-163532,AL18121450576,,OK,MAX,2,2,AUTO,0.00,7.00,2.54,OK,0.00,7.00,2.15,OK,
[16:36:13] : Cycle start ON
[16:36:14] : Cycle start OFF
[16:36:14] : REQUEST MEAS. ON
[16:36:20] : REQUEST MEAS. OFF
[16:36:20] : 측정요구 ON 2
[16:36:28] : 측정요구 2OFF
[16:36:28] : 21,20181221-163628,,,NG,MAX,1,0,AUTO,0.00,7.00,8.79,NG,0.00,7.00,7.99,NG,
[16:36:37] : Cycle start ON
[16:36:37] : Cycle start OFF
[16:36:37] : 측정요구3 ON
[16:36:44] : 측정요구3 OFF
[16:36:44] : 측정요구4 ON
[16:36:52] : 측정요구4 OFF
[16:36:52] : 21,20181221-163652,,,NG,MAX,2,0,AUTO,0.00,7.00,7.11,NG,0.00,7.00,6.24,OK,
[16:37:19] : Cycle start ON
[16:37:19] : Cycle start OFF
[16:37:19] : REQUEST MEAS. ON
[16:37:26] : REQUEST MEAS. OFF
[16:37:26] : 측정요구 ON 2
[16:37:33] : 측정요구 2OFF
[16:37:33] : 21,20181221-163734,,,OK,MAX,1,3,AUTO,0.00,7.00,6.60,OK,0.00,7.00,6.17,OK,
[16:37:44] : Cycle start ON
[16:37:44] : Cycle start OFF
[16:37:44] : 측정요구3 ON
[16:37:51] : 측정요구3 OFF
[16:37:51] : 측정요구4 ON
[16:37:58] : 측정요구4 OFF
[16:37:58] : 21,20181221-163759,AL18121450746,,OK,MAX,2,3,AUTO,0.00,7.00,3.53,OK,0.00,7.00,2.83,OK,
[16:38:25] : Cycle start ON
[16:38:25] : Cycle start OFF
[16:38:25] : REQUEST MEAS. ON
[16:38:32] : REQUEST MEAS. OFF
[16:38:32] : 측정요구 ON 2
[16:38:39] : 측정요구 2OFF
[16:38:39] : 21,20181221-163839,,,OK,MAX,1,3,AUTO,0.00,7.00,5.71,OK,0.00,7.00,5.21,OK,
[16:38:52] : Cycle start ON
[16:38:53] : Cycle start OFF
[16:38:53] : 측정요구3 ON
[16:39:00] : 측정요구3 OFF
[16:39:00] : 측정요구4 ON
[16:39:07] : 측정요구4 OFF
[16:39:07] : 21,20181221-163907,AL18121450896,,OK,MAX,2,3,AUTO,0.00,7.00,4.08,OK,0.00,7.00,3.43,OK,
[16:39:30] : Cycle start ON
[16:39:30] : Cycle start OFF
[16:39:30] : REQUEST MEAS. ON
[16:39:37] : REQUEST MEAS. OFF
[16:39:37] : 측정요구 ON 2
[16:39:44] : 측정요구 2OFF
[16:39:44] : 21,20181221-163945,,,OK,MAX,1,3,AUTO,0.00,7.00,3.62,OK,0.00,7.00,3.29,OK,
[16:40:01] : Cycle start ON
[16:40:01] : Cycle start OFF
[16:40:01] : 측정요구3 ON
[16:40:08] : 측정요구3 OFF
[16:40:08] : 측정요구4 ON
[16:40:15] : 측정요구4 OFF
[16:40:15] : 21,20181221-164016,AL18121450406,,OK,MAX,2,3,AUTO,0.00,7.00,3.34,OK,0.00,7.00,2.82,OK,
[16:40:36] : Cycle start ON
[16:40:36] : REQUEST MEAS. ON
[16:40:37] : Cycle start OFF
[16:40:43] : REQUEST MEAS. OFF
[16:40:43] : 측정요구 ON 2
[16:40:51] : 측정요구 2OFF
[16:40:51] : 21,20181221-164051,,,OK,MAX,1,3,AUTO,0.00,7.00,4.13,OK,0.00,7.00,3.68,OK,
[16:41:09] : Cycle start ON
[16:41:10] : Cycle start OFF
[16:41:10] : 측정요구3 ON
[16:41:16] : 측정요구3 OFF
[16:41:16] : 측정요구4 ON
[16:41:24] : 측정요구4 OFF
[16:41:24] : 21,20181221-164125,AL18121450916,,OK,MAX,2,3,AUTO,0.00,7.00,3.85,OK,0.00,7.00,3.53,OK,
[16:41:40] : Cycle start ON
[16:41:40] : Cycle start OFF
[16:41:40] : REQUEST MEAS. ON
[16:41:47] : REQUEST MEAS. OFF
[16:41:47] : 측정요구 ON 2
[16:41:54] : 측정요구 2OFF
[16:41:54] : 21,20181221-164155,,,OK,MAX,1,2,AUTO,0.00,7.00,2.92,OK,0.00,7.00,2.46,OK,
[16:42:20] : Cycle start ON
[16:42:21] : Cycle start OFF
[16:42:21] : REQUEST MEAS. ON
[16:42:28] : REQUEST MEAS. OFF
[16:42:28] : 측정요구 ON 2
[16:42:35] : 측정요구 2OFF
[16:42:35] : 21,20181221-164235,,,OK,MAX,1,3,AUTO,0.00,7.00,6.00,OK,0.00,7.00,5.10,OK,
[16:42:59] : Cycle start ON
[16:42:59] : Cycle start OFF
[16:42:59] : REQUEST MEAS. ON
[16:43:06] : REQUEST MEAS. OFF
[16:43:06] : 측정요구 ON 2
[16:43:14] : 측정요구 2OFF
[16:43:14] : 21,20181221-164314,,,OK,MAX,1,3,AUTO,0.00,7.00,5.63,OK,0.00,7.00,5.31,OK,
[16:43:32] : AUTO RUNNING OFF
[16:44:13] : MEAS ESC ON
[16:44:14] : MEAS ESC OFF
[16:44:14] : AUTO RUNNING ON
[16:44:29] : Cycle start ON
[16:44:29] : Cycle start OFF
[16:44:29] : 측정요구3 ON
[16:44:36] : 측정요구3 OFF
[16:44:36] : 측정요구4 ON
[16:44:42] : Cycle start ON
[16:44:42] : Cycle start OFF
[16:44:43] : 측정요구4 OFF
[16:44:43] : 21,20181221-164444,AL18121450916,,OK,MAX,2,3,AUTO,0.00,7.00,3.64,OK,0.00,7.00,2.67,OK,
[16:44:43] : REQUEST MEAS. ON
[16:44:51] : REQUEST MEAS. OFF
[16:44:51] : 측정요구 ON 2
[16:44:58] : 측정요구 2OFF
[16:44:58] : 21,20181221-164459,,,OK,MAX,1,3,AUTO,0.00,7.00,4.58,OK,0.00,7.00,4.09,OK,
[16:45:39] : AUTO RUNNING OFF
[16:46:01] : MEAS ESC ON
[16:46:02] : MEAS ESC OFF
[16:46:02] : AUTO RUNNING ON
[16:46:18] : Cycle start ON
[16:46:19] : Cycle start OFF
[16:46:19] : 측정요구3 ON
[16:46:23] : Cycle start ON
[16:46:24] : Cycle start OFF
[16:46:25] : 측정요구3 OFF
[16:46:25] : 측정요구4 ON
[16:46:32] : 측정요구4 OFF
[16:46:32] : 21,20181221-164633,AL18121450916,,OK,MAX,2,3,AUTO,0.00,7.00,3.65,OK,0.00,7.00,3.45,OK,
[16:46:32] : REQUEST MEAS. ON
[16:46:40] : REQUEST MEAS. OFF
[16:46:40] : 측정요구 ON 2
[16:46:47] : 측정요구 2OFF
[16:46:47] : 21,20181221-164648,,,OK,MAX,1,3,AUTO,0.00,7.00,5.58,OK,0.00,7.00,4.97,OK,
[16:47:00] : Cycle start ON
[16:47:01] : Cycle start OFF
[16:47:01] : 측정요구3 ON
[16:47:07] : 측정요구3 OFF
[16:47:07] : 측정요구4 ON
[16:47:14] : 측정요구4 OFF
[16:47:14] : 21,20181221-164715,AL18121450386,,OK,MAX,2,3,AUTO,0.00,7.00,3.92,OK,0.00,7.00,3.45,OK,
[16:47:52] : Cycle start ON
[16:47:53] : Cycle start OFF
[16:47:53] : REQUEST MEAS. ON
[16:47:59] : REQUEST MEAS. OFF
[16:47:59] : 측정요구 ON 2
[16:48:07] : 측정요구 2OFF
[16:48:07] : 21,20181221-164807,,,OK,MAX,1,3,AUTO,0.00,7.00,3.58,OK,0.00,7.00,2.90,OK,
[16:49:00] : Cycle start ON
[16:49:01] : Cycle start OFF
[16:49:01] : REQUEST MEAS. ON
[16:49:07] : REQUEST MEAS. OFF
[16:49:07] : 측정요구 ON 2
[16:49:15] : 측정요구 2OFF
[16:49:15] : 21,20181221-164915,,,NG,MAX,1,0,AUTO,0.00,7.00,7.71,NG,0.00,7.00,6.79,OK,
[16:49:52] : AUTO RUNNING OFF
[16:49:57] : MEAS ESC ON
[16:49:58] : MEAS ESC OFF
[16:49:58] : AUTO RUNNING ON
[16:50:25] : Cycle start ON
[16:50:25] : Cycle start OFF
[16:50:25] : REQUEST MEAS. ON
[16:50:31] : REQUEST MEAS. OFF
[16:50:32] : 측정요구 ON 2
[16:50:39] : 측정요구 2OFF
[16:50:39] : 21,20181221-165039,,,OK,MAX,1,3,AUTO,0.00,7.00,4.94,OK,0.00,7.00,4.18,OK,
[16:51:16] : Cycle start ON
[16:51:16] : Cycle start OFF
[16:51:16] : REQUEST MEAS. ON
[16:51:23] : REQUEST MEAS. OFF
[16:51:23] : 측정요구 ON 2
[16:51:30] : 측정요구 2OFF
[16:51:30] : 21,20181221-165131,,,OK,MAX,1,3,AUTO,0.00,7.00,4.29,OK,0.00,7.00,3.88,OK,
[16:51:37] : Cycle start ON
[16:51:38] : Cycle start OFF
[16:51:38] : 측정요구3 ON
[16:51:44] : 측정요구3 OFF
[16:51:44] : 측정요구4 ON
[16:51:52] : 측정요구4 OFF
[16:51:52] : 21,20181221-165152,AL18121450976,,OK,MAX,2,3,AUTO,0.00,7.00,5.05,OK,0.00,7.00,4.54,OK,
[16:52:25] : Cycle start ON
[16:52:26] : Cycle start OFF
[16:52:26] : REQUEST MEAS. ON
[16:52:33] : REQUEST MEAS. OFF
[16:52:33] : 측정요구 ON 2
[16:52:40] : 측정요구 2OFF
[16:52:40] : 21,20181221-165241,,,OK,MAX,1,3,AUTO,0.00,7.00,4.70,OK,0.00,7.00,4.30,OK,
[16:52:52] : Cycle start ON
[16:52:52] : Cycle start OFF
[16:52:52] : 측정요구3 ON
[16:52:59] : 측정요구3 OFF
[16:52:59] : 측정요구4 ON
[16:53:06] : 측정요구4 OFF
[16:53:06] : 21,20181221-165307,AL18121450356,,OK,MAX,2,3,AUTO,0.00,7.00,3.45,OK,0.00,7.00,3.37,OK,
[16:53:32] : Cycle start ON
[16:53:32] : Cycle start OFF
[16:53:32] : REQUEST MEAS. ON
[16:53:39] : REQUEST MEAS. OFF
[16:53:39] : 측정요구 ON 2
[16:53:46] : 측정요구 2OFF
[16:53:46] : 21,20181221-165347,,,OK,MAX,1,3,AUTO,0.00,7.00,3.04,OK,0.00,7.00,2.39,OK,
[16:55:08] : Cycle start ON
[16:55:09] : Cycle start OFF
[16:55:09] : 측정요구3 ON
[16:55:15] : 측정요구3 OFF
[16:55:15] : 측정요구4 ON
[16:55:23] : 측정요구4 OFF
[16:55:23] : 21,20181221-165523,AL18121450436,,OK,MAX,2,3,AUTO,0.00,7.00,3.41,OK,0.00,7.00,3.01,OK,
[16:55:24] : Cycle start ON
[16:55:24] : Cycle start OFF
[16:55:24] : REQUEST MEAS. ON
[16:55:31] : REQUEST MEAS. OFF
[16:55:31] : 측정요구 ON 2
[16:55:39] : 측정요구 2OFF
[16:55:39] : 21,20181221-165539,,,OK,MAX,1,3,AUTO,0.00,7.00,4.51,OK,0.00,7.00,3.70,OK,
[16:56:18] : Cycle start ON
[16:56:19] : Cycle start OFF
[16:56:19] : REQUEST MEAS. ON
[16:56:25] : REQUEST MEAS. OFF
[16:56:25] : 측정요구 ON 2
[16:56:32] : 측정요구 2OFF
[16:56:32] : 21,20181221-165633,,,OK,MAX,1,3,AUTO,0.00,7.00,4.57,OK,0.00,7.00,3.99,OK,
[16:56:40] : Cycle start ON
[16:56:41] : Cycle start OFF
[16:56:41] : 측정요구3 ON
[16:56:47] : 측정요구3 OFF
[16:56:47] : 측정요구4 ON
[16:56:55] : 측정요구4 OFF
[16:56:55] : 21,20181221-165655,AL18121450506,,OK,MAX,2,3,AUTO,0.00,7.00,4.94,OK,0.00,7.00,4.36,OK,
[16:57:29] : Cycle start ON
[16:57:29] : Cycle start OFF
[16:57:29] : REQUEST MEAS. ON
[16:57:36] : REQUEST MEAS. OFF
[16:57:36] : 측정요구 ON 2
[16:57:44] : 측정요구 2OFF
[16:57:44] : 21,20181221-165744,,,OK,MAX,1,3,AUTO,0.00,7.00,5.85,OK,0.00,7.00,5.30,OK,
[16:57:50] : Cycle start ON
[16:57:50] : Cycle start OFF
[16:57:50] : 측정요구3 ON
[16:57:57] : 측정요구3 OFF
[16:57:57] : 측정요구4 ON
[16:58:05] : 측정요구4 OFF
[16:58:05] : 21,20181221-165806,AL18121450466,,OK,MAX,2,3,AUTO,0.00,7.00,3.13,OK,0.00,7.00,3.73,OK,
[16:58:38] : Cycle start ON
[16:58:39] : Cycle start OFF
[16:58:39] : REQUEST MEAS. ON
[16:58:45] : REQUEST MEAS. OFF
[16:58:45] : 측정요구 ON 2
[16:58:52] : 측정요구 2OFF
[16:58:52] : 21,20181221-165853,,,OK,MAX,1,3,AUTO,0.00,7.00,5.10,OK,0.00,7.00,4.90,OK,
[16:59:00] : Cycle start ON
[16:59:01] : Cycle start OFF
[16:59:01] : 측정요구3 ON
[16:59:07] : 측정요구3 OFF
[16:59:07] : 측정요구4 ON
[16:59:15] : 측정요구4 OFF
[16:59:15] : 21,20181221-165916,AL18121450706,,OK,MAX,2,3,AUTO,0.00,7.00,3.60,OK,0.00,7.00,3.42,OK,
[16:59:47] : Cycle start ON
[16:59:48] : Cycle start OFF
[16:59:48] : REQUEST MEAS. ON
[16:59:54] : REQUEST MEAS. OFF
[16:59:54] : 측정요구 ON 2
[17:00:02] : 측정요구 2OFF
[17:00:02] : 21,20181221-170002,,,OK,MAX,1,3,AUTO,0.00,7.00,3.62,OK,0.00,7.00,3.37,OK,
[17:00:09] : Cycle start ON
[17:00:09] : Cycle start OFF
[17:00:09] : 측정요구3 ON
[17:00:16] : 측정요구3 OFF
[17:00:16] : 측정요구4 ON
[17:00:23] : 측정요구4 OFF
[17:00:23] : 21,20181221-170024,AL18121450296,,OK,MAX,2,2,AUTO,0.00,7.00,2.16,OK,0.00,7.00,1.65,OK,
[17:00:55] : Cycle start ON
[17:00:56] : Cycle start OFF
[17:00:56] : REQUEST MEAS. ON
[17:01:02] : REQUEST MEAS. OFF
[17:01:02] : 측정요구 ON 2
[17:01:10] : 측정요구 2OFF
[17:01:10] : 21,20181221-170110,,,OK,MAX,1,2,AUTO,0.00,7.00,1.94,OK,0.00,7.00,1.47,OK,
[17:01:16] : Cycle start ON
[17:01:16] : Cycle start OFF
[17:01:16] : 측정요구3 ON
[17:01:23] : 측정요구3 OFF
[17:01:23] : 측정요구4 ON
[17:01:31] : 측정요구4 OFF
[17:01:31] : 21,20181221-170131,AL18121450306,,OK,MAX,2,2,AUTO,0.00,7.00,2.24,OK,0.00,7.00,1.75,OK,
[17:02:04] : Cycle start ON
[17:02:05] : Cycle start OFF
[17:02:05] : REQUEST MEAS. ON
[17:02:11] : REQUEST MEAS. OFF
[17:02:11] : 측정요구 ON 2
[17:02:18] : 측정요구 2OFF
[17:02:18] : 21,20181221-170219,,,OK,MAX,1,3,AUTO,0.00,7.00,5.48,OK,0.00,7.00,4.89,OK,
[17:03:09] : Cycle start ON
[17:03:09] : Cycle start OFF
[17:03:09] : REQUEST MEAS. ON
[17:03:16] : REQUEST MEAS. OFF
[17:03:16] : 측정요구 ON 2
[17:03:23] : 측정요구 2OFF
[17:03:23] : 21,20181221-170324,,,OK,MAX,1,3,AUTO,0.00,7.00,4.31,OK,0.00,7.00,3.60,OK,
[17:04:17] : Cycle start ON
[17:04:17] : Cycle start OFF
[17:04:17] : REQUEST MEAS. ON
[17:04:24] : REQUEST MEAS. OFF
[17:04:24] : 측정요구 ON 2
[17:04:31] : 측정요구 2OFF
[17:04:31] : 21,20181221-170432,,,OK,MAX,1,3,AUTO,0.00,7.00,4.36,OK,0.00,7.00,4.00,OK,
[17:05:25] : Cycle start ON
[17:05:25] : Cycle start OFF
[17:05:25] : REQUEST MEAS. ON
[17:05:32] : REQUEST MEAS. OFF
[17:05:32] : 측정요구 ON 2
[17:05:39] : 측정요구 2OFF
[17:05:39] : 21,20181221-170540,,,OK,MAX,1,2,AUTO,0.00,7.00,2.59,OK,0.00,7.00,2.29,OK,
[17:06:33] : Cycle start ON
[17:06:33] : Cycle start OFF
[17:06:33] : REQUEST MEAS. ON
[17:06:40] : REQUEST MEAS. OFF
[17:06:40] : 측정요구 ON 2
[17:06:47] : 측정요구 2OFF
[17:06:47] : 21,20181221-170648,,,OK,MAX,1,3,AUTO,0.00,7.00,4.18,OK,0.00,7.00,3.48,OK,
[17:07:41] : Cycle start ON
[17:07:41] : Cycle start OFF
[17:07:41] : REQUEST MEAS. ON
[17:07:48] : REQUEST MEAS. OFF
[17:07:48] : 측정요구 ON 2
[17:07:55] : 측정요구 2OFF
[17:07:55] : 21,20181221-170756,,,OK,MAX,1,3,AUTO,0.00,7.00,3.85,OK,0.00,7.00,3.67,OK,
[17:08:49] : Cycle start ON
[17:08:49] : REQUEST MEAS. ON
[17:08:49] : Cycle start OFF
[17:08:56] : REQUEST MEAS. OFF
[17:08:56] : 측정요구 ON 2
[17:09:03] : 측정요구 2OFF
[17:09:03] : 21,20181221-170904,,,OK,MAX,1,3,AUTO,0.00,7.00,3.99,OK,0.00,7.00,3.77,OK,
[17:09:57] : Cycle start ON
[17:09:57] : Cycle start OFF
[17:09:57] : REQUEST MEAS. ON
[17:10:04] : REQUEST MEAS. OFF
[17:10:04] : 측정요구 ON 2
[17:10:11] : 측정요구 2OFF
[17:10:11] : 21,20181221-171011,,,OK,MAX,1,2,AUTO,0.00,7.00,1.36,OK,0.00,7.00,0.95,OK,
[17:11:04] : Cycle start ON
[17:11:04] : Cycle start OFF
[17:11:04] : REQUEST MEAS. ON
[17:11:11] : REQUEST MEAS. OFF
[17:11:11] : 측정요구 ON 2
[17:11:19] : 측정요구 2OFF
[17:11:19] : 21,20181221-171119,,,OK,MAX,1,3,AUTO,0.00,7.00,4.00,OK,0.00,7.00,3.58,OK,
[17:12:13] : Cycle start ON
[17:12:13] : Cycle start OFF
[17:12:13] : REQUEST MEAS. ON
[17:12:20] : REQUEST MEAS. OFF
[17:12:20] : 측정요구 ON 2
[17:12:27] : 측정요구 2OFF
[17:12:27] : 21,20181221-171227,,,OK,MAX,1,3,AUTO,0.00,7.00,5.10,OK,0.00,7.00,4.18,OK,
[17:13:20] : Cycle start ON
[17:13:20] : Cycle start OFF
[17:13:20] : REQUEST MEAS. ON
[17:13:27] : REQUEST MEAS. OFF
[17:13:27] : 측정요구 ON 2
[17:13:35] : 측정요구 2OFF
[17:13:35] : 21,20181221-171335,,,OK,MAX,1,3,AUTO,0.00,7.00,4.20,OK,0.00,7.00,4.11,OK,
[17:14:28] : Cycle start ON
[17:14:28] : Cycle start OFF
[17:14:28] : REQUEST MEAS. ON
[17:14:35] : REQUEST MEAS. OFF
[17:14:35] : 측정요구 ON 2
[17:14:43] : 측정요구 2OFF
[17:14:43] : 21,20181221-171443,,,OK,MAX,1,2,AUTO,0.00,7.00,1.18,OK,0.00,7.00,0.86,OK,
[17:15:36] : Cycle start ON
[17:15:36] : Cycle start OFF
[17:15:36] : REQUEST MEAS. ON
[17:15:43] : REQUEST MEAS. OFF
[17:15:43] : 측정요구 ON 2
[17:15:50] : 측정요구 2OFF
[17:15:50] : 21,20181221-171551,,,OK,MAX,1,3,AUTO,0.00,7.00,3.17,OK,0.00,7.00,2.80,OK,
[17:16:44] : Cycle start ON
[17:16:44] : Cycle start OFF
[17:16:44] : REQUEST MEAS. ON
[17:16:51] : REQUEST MEAS. OFF
[17:16:51] : 측정요구 ON 2
[17:16:58] : 측정요구 2OFF
[17:16:58] : 21,20181221-171659,,,OK,MAX,1,2,AUTO,0.00,7.00,1.50,OK,0.00,7.00,1.26,OK,
[17:17:52] : Cycle start ON
[17:17:52] : Cycle start OFF
[17:17:52] : REQUEST MEAS. ON
[17:17:59] : REQUEST MEAS. OFF
[17:17:59] : 측정요구 ON 2
[17:18:06] : 측정요구 2OFF
[17:18:06] : 21,20181221-171807,,,NG,MAX,1,0,AUTO,0.00,7.00,7.39,NG,0.00,7.00,6.57,OK,
[17:18:59] : Cycle start ON
[17:19:00] : Cycle start OFF
[17:19:00] : REQUEST MEAS. ON
[17:19:06] : REQUEST MEAS. OFF
[17:19:06] : 측정요구 ON 2
[17:19:14] : 측정요구 2OFF
[17:19:14] : 21,20181221-171914,,,OK,MAX,1,3,AUTO,0.00,7.00,6.37,OK,0.00,7.00,5.79,OK,
[17:20:06] : Cycle start ON
[17:20:07] : Cycle start OFF
[17:20:07] : REQUEST MEAS. ON
[17:20:13] : REQUEST MEAS. OFF
[17:20:14] : 측정요구 ON 2
[17:20:21] : 측정요구 2OFF
[17:20:21] : 21,20181221-172021,,,OK,MAX,1,2,AUTO,0.00,7.00,2.72,OK,0.00,7.00,2.40,OK,
[17:21:15] : Cycle start ON
[17:21:15] : Cycle start OFF
[17:21:15] : REQUEST MEAS. ON
[17:21:22] : REQUEST MEAS. OFF
[17:21:22] : 측정요구 ON 2
[17:21:29] : 측정요구 2OFF
[17:21:29] : 21,20181221-172130,,,OK,MAX,1,3,AUTO,0.00,7.00,3.38,OK,0.00,7.00,3.00,OK,
[17:22:23] : Cycle start ON
[17:22:23] : Cycle start OFF
[17:22:23] : REQUEST MEAS. ON
[17:22:30] : REQUEST MEAS. OFF
[17:22:30] : 측정요구 ON 2
[17:22:37] : 측정요구 2OFF
[17:22:37] : 21,20181221-172238,,,OK,MAX,1,3,AUTO,0.00,7.00,3.69,OK,0.00,7.00,3.10,OK,
[17:30:39] : Cycle start ON
[17:30:39] : Cycle start OFF
[17:30:39] : REQUEST MEAS. ON
[17:30:46] : REQUEST MEAS. OFF
[17:30:46] : 측정요구 ON 2
[17:30:53] : 측정요구 2OFF
[17:30:53] : 21,20181221-173053,,,OK,MAX,1,3,AUTO,0.00,7.00,4.68,OK,0.00,7.00,4.09,OK,
[17:34:56] : AUTO RUNNING OFF
 
