[08:57:04] : MEAS ESC OFF
[08:57:04] : RESET ON
[08:57:04] : M3400 : 비상입니다. OFF
[08:59:24] : REQUEST MEAS. ON
[08:59:26] : REQUEST MEAS. OFF
[08:59:45] : REQUEST ZEROSET ON
[08:59:46] : REQUEST ZEROSET OFF
[09:00:00] : REQUEST ZEROSET ON
[09:00:01] : REQUEST ZEROSET OFF
[09:22:43] : MEAS ESC ON
[09:22:43] : M3400 : 비상입니다. ON
[09:22:43] : M3401 : MAIN AIR ALARM ON
[09:24:29] : MEAS ESC OFF
[09:24:29] : RESET ON
[09:24:29] : M3400 : 비상입니다. OFF
[09:24:29] : M3401 : MAIN AIR ALARM OFF
[09:24:29] : MEAS ESC ON
[09:24:29] : M3400 : 비상입니다. ON
[09:24:29] : M3401 : MAIN AIR ALARM ON
[09:24:39] : MEAS ESC OFF
[09:24:39] : RESET ON
[09:24:39] : M3400 : 비상입니다. OFF
[09:24:39] : M3401 : MAIN AIR ALARM OFF
[09:24:39] : MEAS ESC ON
[09:24:39] : M3400 : 비상입니다. ON
[09:24:39] : M3401 : MAIN AIR ALARM ON
[09:25:02] : MEAS ESC OFF
[09:25:02] : RESET ON
[09:25:02] : M3400 : 비상입니다. OFF
[09:25:02] : M3401 : MAIN AIR ALARM OFF
[09:25:02] : MEAS ESC ON
[09:25:02] : M3400 : 비상입니다. ON
[09:25:02] : M3401 : MAIN AIR ALARM ON
[09:25:32] : MEAS ESC OFF
[09:25:32] : RESET ON
[09:25:32] : M3400 : 비상입니다. OFF
[09:25:32] : M3401 : MAIN AIR ALARM OFF
[10:01:17] : REQUEST ZEROSET ON
[10:01:18] : REQUEST ZEROSET OFF
[10:01:33] : REQUEST ZEROSET ON
[10:01:34] : REQUEST ZEROSET OFF
[10:01:54] : REQUEST ZEROSET ON
[10:01:56] : REQUEST ZEROSET OFF
[10:02:18] : REQUEST MEAS. ON
[10:02:19] : REQUEST MEAS. OFF
[10:02:32] : REQUEST MEAS. ON
[10:02:33] : REQUEST MEAS. OFF
[10:02:46] : REQUEST MEAS. ON
[10:02:47] : REQUEST MEAS. OFF
[10:03:00] : REQUEST MEAS. ON
[10:03:01] : REQUEST MEAS. OFF
[10:03:13] : REQUEST MEAS. ON
[10:03:14] : REQUEST MEAS. OFF
[10:03:27] : REQUEST MEAS. ON
[10:03:28] : REQUEST MEAS. OFF
[10:03:41] : REQUEST MEAS. ON
[10:03:42] : REQUEST MEAS. OFF
[10:03:55] : REQUEST MEAS. ON
[10:03:56] : REQUEST MEAS. OFF
[10:04:02] : MEAS ESC ON
[10:04:02] : M3400 : 비상입니다. ON
[10:04:08] : MEAS ESC OFF
[10:04:08] : RESET ON
[10:04:08] : M3400 : 비상입니다. OFF
[10:08:15] : REQUEST MEAS. ON
[10:08:16] : REQUEST MEAS. OFF
[10:08:29] : REQUEST MEAS. ON
[10:08:30] : REQUEST MEAS. OFF
[10:08:43] : REQUEST MEAS. ON
[10:08:44] : REQUEST MEAS. OFF
[10:08:57] : REQUEST MEAS. ON
[10:08:58] : REQUEST MEAS. OFF
[10:09:11] : REQUEST MEAS. ON
[10:09:12] : REQUEST MEAS. OFF
[10:09:25] : REQUEST MEAS. ON
[10:09:26] : REQUEST MEAS. OFF
[10:09:38] : REQUEST MEAS. ON
[10:09:39] : REQUEST MEAS. OFF
[10:09:52] : REQUEST MEAS. ON
[10:09:53] : REQUEST MEAS. OFF
[10:10:06] : REQUEST MEAS. ON
[10:10:07] : REQUEST MEAS. OFF
[10:10:20] : REQUEST MEAS. ON
[10:10:21] : REQUEST MEAS. OFF
[10:10:34] : REQUEST MEAS. ON
[10:10:35] : REQUEST MEAS. OFF
[10:10:48] : REQUEST MEAS. ON
[10:10:49] : REQUEST MEAS. OFF
[10:11:02] : REQUEST MEAS. ON
[10:11:03] : REQUEST MEAS. OFF
[10:11:15] : REQUEST MEAS. ON
[10:11:16] : REQUEST MEAS. OFF
[10:11:29] : REQUEST MEAS. ON
[10:11:30] : REQUEST MEAS. OFF
[10:11:43] : REQUEST MEAS. ON
[10:11:44] : REQUEST MEAS. OFF
[10:11:57] : REQUEST MEAS. ON
[10:11:58] : REQUEST MEAS. OFF
[10:12:11] : REQUEST MEAS. ON
[10:12:12] : REQUEST MEAS. OFF
[10:12:25] : REQUEST MEAS. ON
[10:12:26] : REQUEST MEAS. OFF
[10:12:38] : REQUEST MEAS. ON
[10:12:39] : REQUEST MEAS. OFF
[10:12:52] : REQUEST MEAS. ON
[10:12:53] : REQUEST MEAS. OFF
[10:13:06] : REQUEST MEAS. ON
[10:13:07] : REQUEST MEAS. OFF
[10:13:20] : REQUEST MEAS. ON
[10:13:21] : REQUEST MEAS. OFF
[10:13:34] : REQUEST MEAS. ON
[10:13:35] : REQUEST MEAS. OFF
[10:13:48] : REQUEST MEAS. ON
[10:13:49] : REQUEST MEAS. OFF
[10:14:01] : REQUEST MEAS. ON
[10:14:02] : REQUEST MEAS. OFF
[10:14:15] : REQUEST MEAS. ON
[10:14:16] : REQUEST MEAS. OFF
[10:14:29] : REQUEST MEAS. ON
[10:14:30] : REQUEST MEAS. OFF
[10:14:43] : REQUEST MEAS. ON
[10:14:44] : REQUEST MEAS. OFF
[10:14:56] : REQUEST MEAS. ON
[10:14:57] : REQUEST MEAS. OFF
[10:15:10] : REQUEST MEAS. ON
[10:15:11] : REQUEST MEAS. OFF
[10:15:24] : REQUEST MEAS. ON
[10:15:25] : REQUEST MEAS. OFF
[10:15:38] : REQUEST MEAS. ON
[10:15:39] : REQUEST MEAS. OFF
[10:15:51] : REQUEST MEAS. ON
[10:15:52] : REQUEST MEAS. OFF
[10:16:05] : REQUEST MEAS. ON
[10:16:06] : REQUEST MEAS. OFF
[10:16:19] : REQUEST MEAS. ON
[10:16:20] : REQUEST MEAS. OFF
[10:16:32] : REQUEST MEAS. ON
[10:16:33] : REQUEST MEAS. OFF
[10:16:46] : REQUEST MEAS. ON
[10:16:47] : REQUEST MEAS. OFF
[10:17:00] : REQUEST MEAS. ON
[10:17:01] : REQUEST MEAS. OFF
[10:17:14] : REQUEST MEAS. ON
[10:17:15] : REQUEST MEAS. OFF
[10:17:27] : REQUEST MEAS. ON
[10:17:28] : REQUEST MEAS. OFF
[10:17:41] : REQUEST MEAS. ON
[10:17:42] : REQUEST MEAS. OFF
[10:17:55] : REQUEST MEAS. ON
[10:17:56] : REQUEST MEAS. OFF
[10:18:08] : REQUEST MEAS. ON
[10:18:09] : REQUEST MEAS. OFF
[10:18:22] : REQUEST MEAS. ON
[10:18:23] : REQUEST MEAS. OFF
[10:18:36] : REQUEST MEAS. ON
[10:18:37] : REQUEST MEAS. OFF
[10:18:50] : REQUEST MEAS. ON
[10:18:51] : REQUEST MEAS. OFF
[10:19:03] : REQUEST MEAS. ON
[10:19:04] : REQUEST MEAS. OFF
[10:19:17] : REQUEST MEAS. ON
[10:19:18] : REQUEST MEAS. OFF
[10:19:31] : REQUEST MEAS. ON
[10:19:32] : REQUEST MEAS. OFF
[10:19:45] : REQUEST MEAS. ON
[10:19:46] : REQUEST MEAS. OFF
[10:19:58] : REQUEST MEAS. ON
[10:19:59] : REQUEST MEAS. OFF
[10:20:12] : REQUEST MEAS. ON
[10:20:13] : REQUEST MEAS. OFF
[10:20:26] : REQUEST MEAS. ON
[10:20:27] : REQUEST MEAS. OFF
[10:20:39] : REQUEST MEAS. ON
[10:20:40] : REQUEST MEAS. OFF
[10:20:53] : REQUEST MEAS. ON
[10:20:54] : REQUEST MEAS. OFF
[10:21:07] : REQUEST MEAS. ON
[10:21:08] : REQUEST MEAS. OFF
[10:21:21] : REQUEST MEAS. ON
[10:21:23] : REQUEST MEAS. OFF
[10:21:35] : REQUEST MEAS. ON
[10:21:36] : REQUEST MEAS. OFF
[10:21:49] : REQUEST MEAS. ON
[10:21:50] : REQUEST MEAS. OFF
[10:22:03] : REQUEST MEAS. ON
[10:22:04] : REQUEST MEAS. OFF
[10:22:17] : REQUEST MEAS. ON
[10:22:18] : REQUEST MEAS. OFF
[10:22:31] : REQUEST MEAS. ON
[10:22:32] : REQUEST MEAS. OFF
[10:22:44] : REQUEST MEAS. ON
[10:22:45] : REQUEST MEAS. OFF
[10:22:58] : REQUEST MEAS. ON
[10:22:59] : REQUEST MEAS. OFF
[10:23:12] : REQUEST MEAS. ON
[10:23:13] : REQUEST MEAS. OFF
[10:23:26] : REQUEST MEAS. ON
[10:23:27] : REQUEST MEAS. OFF
[10:23:40] : REQUEST MEAS. ON
[10:23:41] : REQUEST MEAS. OFF
[10:23:54] : REQUEST MEAS. ON
[10:23:55] : REQUEST MEAS. OFF
[10:24:07] : REQUEST MEAS. ON
[10:24:08] : REQUEST MEAS. OFF
[10:24:21] : REQUEST MEAS. ON
[10:24:22] : REQUEST MEAS. OFF
[10:24:35] : REQUEST MEAS. ON
[10:24:36] : REQUEST MEAS. OFF
[10:24:49] : REQUEST MEAS. ON
[10:24:50] : REQUEST MEAS. OFF
[10:25:02] : REQUEST MEAS. ON
[10:25:03] : REQUEST MEAS. OFF
[10:25:16] : REQUEST MEAS. ON
[10:25:17] : REQUEST MEAS. OFF
[10:25:30] : REQUEST MEAS. ON
[10:25:31] : REQUEST MEAS. OFF
[10:25:44] : REQUEST MEAS. ON
[10:25:45] : REQUEST MEAS. OFF
[10:25:58] : REQUEST MEAS. ON
[10:25:59] : REQUEST MEAS. OFF
[10:26:12] : REQUEST MEAS. ON
[10:26:13] : REQUEST MEAS. OFF
[10:26:25] : REQUEST MEAS. ON
[10:26:26] : REQUEST MEAS. OFF
[10:26:39] : REQUEST MEAS. ON
[10:26:40] : REQUEST MEAS. OFF
[10:26:53] : REQUEST MEAS. ON
[10:26:54] : REQUEST MEAS. OFF
[10:27:07] : REQUEST MEAS. ON
[10:27:08] : REQUEST MEAS. OFF
[10:27:21] : REQUEST MEAS. ON
[10:27:22] : REQUEST MEAS. OFF
[10:27:34] : REQUEST MEAS. ON
[10:27:35] : REQUEST MEAS. OFF
[10:27:48] : REQUEST MEAS. ON
[10:27:49] : REQUEST MEAS. OFF
[10:28:02] : REQUEST MEAS. ON
[10:28:03] : REQUEST MEAS. OFF
[10:28:16] : REQUEST MEAS. ON
[10:28:17] : REQUEST MEAS. OFF
[10:28:30] : REQUEST MEAS. ON
[10:28:31] : REQUEST MEAS. OFF
[10:28:43] : REQUEST MEAS. ON
[10:28:44] : REQUEST MEAS. OFF
[10:28:57] : REQUEST MEAS. ON
[10:28:58] : REQUEST MEAS. OFF
[10:29:11] : REQUEST MEAS. ON
[10:29:12] : REQUEST MEAS. OFF
[10:29:25] : REQUEST MEAS. ON
[10:29:26] : REQUEST MEAS. OFF
[10:29:39] : REQUEST MEAS. ON
[10:29:40] : REQUEST MEAS. OFF
[10:29:53] : REQUEST MEAS. ON
[10:29:54] : REQUEST MEAS. OFF
[10:30:07] : REQUEST MEAS. ON
[10:30:08] : REQUEST MEAS. OFF
[10:30:20] : REQUEST MEAS. ON
[10:30:21] : REQUEST MEAS. OFF
[10:30:34] : REQUEST MEAS. ON
[10:30:35] : REQUEST MEAS. OFF
[10:30:48] : REQUEST MEAS. ON
[10:30:49] : REQUEST MEAS. OFF
[10:31:02] : REQUEST MEAS. ON
[10:31:03] : REQUEST MEAS. OFF
[10:58:39] : REQUEST MEAS. ON
[10:58:40] : REQUEST MEAS. OFF
[10:59:05] : REQUEST MEAS. ON
[10:59:06] : REQUEST MEAS. OFF
[10:59:41] : REQUEST MEAS. ON
[10:59:42] : REQUEST MEAS. OFF
[11:00:24] : REQUEST MEAS. ON
[11:00:25] : REQUEST MEAS. OFF
[11:00:47] : REQUEST MEAS. ON
[11:00:48] : REQUEST MEAS. OFF
[11:01:10] : REQUEST MEAS. ON
[11:01:11] : REQUEST MEAS. OFF
[11:02:55] : REQUEST ZEROSET ON
[11:02:56] : REQUEST ZEROSET OFF
[11:03:10] : REQUEST ZEROSET ON
[11:03:11] : REQUEST ZEROSET OFF
[11:03:26] : REQUEST ZEROSET ON
[11:03:27] : REQUEST ZEROSET OFF
[11:03:42] : REQUEST ZEROSET ON
[11:03:43] : REQUEST ZEROSET OFF
[11:04:08] : REQUEST MEAS. ON
[11:04:09] : REQUEST MEAS. OFF
[11:04:29] : REQUEST MEAS. ON
[11:04:31] : REQUEST MEAS. OFF
[11:04:52] : REQUEST MEAS. ON
[11:04:53] : REQUEST MEAS. OFF
[11:05:12] : REQUEST MEAS. ON
[11:05:14] : REQUEST MEAS. OFF
[11:05:32] : REQUEST MEAS. ON
[11:05:34] : REQUEST MEAS. OFF
[11:06:43] : REQUEST ZEROSET ON
[11:06:45] : REQUEST ZEROSET OFF
[11:06:58] : REQUEST ZEROSET ON
[11:07:00] : REQUEST ZEROSET OFF
[11:07:16] : REQUEST ZEROSET ON
[11:07:17] : REQUEST ZEROSET OFF
[11:07:31] : REQUEST ZEROSET ON
[11:07:32] : REQUEST ZEROSET OFF
[11:07:55] : REQUEST MEAS. ON
[11:07:56] : REQUEST MEAS. OFF
[11:08:21] : REQUEST MEAS. ON
[11:08:22] : REQUEST MEAS. OFF
[11:08:48] : REQUEST MEAS. ON
[11:08:49] : REQUEST MEAS. OFF
[11:09:10] : REQUEST MEAS. ON
[11:09:11] : REQUEST MEAS. OFF
[11:09:31] : REQUEST MEAS. ON
[11:09:32] : REQUEST MEAS. OFF
[11:10:17] : REQUEST MEAS. ON
[11:10:19] : REQUEST MEAS. OFF
[11:10:39] : REQUEST MEAS. ON
[11:10:40] : REQUEST MEAS. OFF
[11:10:59] : REQUEST MEAS. ON
[11:11:00] : REQUEST MEAS. OFF
[11:11:19] : REQUEST MEAS. ON
[11:11:20] : REQUEST MEAS. OFF
[11:11:40] : REQUEST MEAS. ON
[11:11:41] : REQUEST MEAS. OFF
[11:12:02] : REQUEST MEAS. ON
[11:12:03] : REQUEST MEAS. OFF
[11:12:20] : REQUEST MEAS. ON
[11:12:21] : REQUEST MEAS. OFF
[11:13:11] : REQUEST MEAS. ON
[11:13:13] : REQUEST MEAS. OFF
[11:13:55] : REQUEST MEAS. ON
[11:13:57] : REQUEST MEAS. OFF
[11:14:19] : REQUEST MEAS. ON
[11:14:20] : REQUEST MEAS. OFF
[11:14:42] : REQUEST MEAS. ON
[11:14:43] : REQUEST MEAS. OFF
[11:15:07] : REQUEST MEAS. ON
[11:15:08] : REQUEST MEAS. OFF
[11:15:28] : REQUEST MEAS. ON
[11:15:30] : REQUEST MEAS. OFF
[11:18:19] : REQUEST MEAS. ON
[11:18:20] : REQUEST MEAS. OFF
[11:18:36] : REQUEST MEAS. ON
[11:18:37] : REQUEST MEAS. OFF
[11:19:07] : REQUEST ZEROSET ON
[11:19:09] : REQUEST ZEROSET OFF
[11:19:25] : REQUEST ZEROSET ON
[11:19:26] : REQUEST ZEROSET OFF
[11:20:21] : REQUEST MEAS. ON
[11:20:22] : REQUEST MEAS. OFF
[11:20:34] : REQUEST MEAS. ON
[11:20:35] : REQUEST MEAS. OFF
[11:20:48] : REQUEST MEAS. ON
[11:20:49] : REQUEST MEAS. OFF
[11:21:02] : REQUEST MEAS. ON
[11:21:03] : REQUEST MEAS. OFF
[11:21:15] : REQUEST MEAS. ON
[11:21:16] : REQUEST MEAS. OFF
[11:21:29] : REQUEST MEAS. ON
[11:21:30] : REQUEST MEAS. OFF
[11:21:43] : REQUEST MEAS. ON
[11:21:44] : REQUEST MEAS. OFF
[11:21:57] : REQUEST MEAS. ON
[11:21:58] : REQUEST MEAS. OFF
[11:22:11] : REQUEST MEAS. ON
[11:22:12] : REQUEST MEAS. OFF
[11:22:24] : REQUEST MEAS. ON
[11:22:25] : REQUEST MEAS. OFF
[11:22:38] : REQUEST MEAS. ON
[11:22:39] : REQUEST MEAS. OFF
[11:22:52] : REQUEST MEAS. ON
[11:22:53] : REQUEST MEAS. OFF
[11:23:06] : REQUEST MEAS. ON
[11:23:07] : REQUEST MEAS. OFF
[11:23:19] : REQUEST MEAS. ON
[11:23:20] : REQUEST MEAS. OFF
[11:23:33] : REQUEST MEAS. ON
[11:23:34] : REQUEST MEAS. OFF
[11:23:47] : REQUEST MEAS. ON
[11:23:48] : REQUEST MEAS. OFF
[11:24:01] : REQUEST MEAS. ON
[11:24:02] : REQUEST MEAS. OFF
[11:24:14] : REQUEST MEAS. ON
[11:24:15] : REQUEST MEAS. OFF
[11:24:28] : REQUEST MEAS. ON
[11:24:29] : REQUEST MEAS. OFF
[11:24:42] : REQUEST MEAS. ON
[11:24:43] : REQUEST MEAS. OFF
[11:24:56] : REQUEST MEAS. ON
[11:24:57] : REQUEST MEAS. OFF
[11:25:09] : REQUEST MEAS. ON
[11:25:10] : REQUEST MEAS. OFF
[11:25:23] : REQUEST MEAS. ON
[11:25:24] : REQUEST MEAS. OFF
[11:25:37] : REQUEST MEAS. ON
[11:25:38] : REQUEST MEAS. OFF
[11:25:51] : REQUEST MEAS. ON
[11:25:52] : REQUEST MEAS. OFF
[11:26:05] : REQUEST MEAS. ON
[11:26:06] : REQUEST MEAS. OFF
[11:26:18] : REQUEST MEAS. ON
[11:26:19] : REQUEST MEAS. OFF
[11:26:32] : REQUEST MEAS. ON
[11:26:33] : REQUEST MEAS. OFF
[11:26:46] : REQUEST MEAS. ON
[11:26:47] : REQUEST MEAS. OFF
[11:27:00] : REQUEST MEAS. ON
[11:27:01] : REQUEST MEAS. OFF
[11:27:26] : REQUEST MEAS. ON
[11:27:27] : REQUEST MEAS. OFF
[11:27:40] : REQUEST MEAS. ON
[11:27:41] : REQUEST MEAS. OFF
[11:27:54] : REQUEST MEAS. ON
[11:27:55] : REQUEST MEAS. OFF
[11:28:08] : REQUEST MEAS. ON
[11:28:09] : REQUEST MEAS. OFF
[11:28:21] : REQUEST MEAS. ON
[11:28:22] : REQUEST MEAS. OFF
[11:28:35] : REQUEST MEAS. ON
[11:28:36] : REQUEST MEAS. OFF
[11:28:49] : REQUEST MEAS. ON
[11:28:50] : REQUEST MEAS. OFF
[11:29:03] : REQUEST MEAS. ON
[11:29:04] : REQUEST MEAS. OFF
[11:29:17] : REQUEST MEAS. ON
[11:29:18] : REQUEST MEAS. OFF
[11:29:30] : REQUEST MEAS. ON
[11:29:31] : REQUEST MEAS. OFF
[11:29:37] : MEAS ESC ON
[11:29:37] : M3400 : 비상입니다. ON
[11:29:42] : MEAS ESC OFF
[11:29:42] : RESET ON
[11:29:42] : M3400 : 비상입니다. OFF
[11:30:06] : AUTO RUNNING ON
[11:30:10] : RESET ON
[11:30:32] : Cycle start ON
[11:30:37] : Cycle start OFF
[11:30:58] : Cycle start ON
[11:31:03] : REQUEST MEAS. ON
[11:31:03] : Cycle start OFF
[11:31:04] : REQUEST MEAS. OFF
[11:31:39] : Cycle start ON
[11:31:44] : REQUEST MEAS. ON
[11:31:44] : Cycle start OFF
[11:31:45] : REQUEST MEAS. OFF
[11:32:29] : Cycle start ON
[11:32:34] : Cycle start OFF
[11:32:34] : REQUEST MEAS. ON
[11:32:35] : REQUEST MEAS. OFF
[11:33:07] : Cycle start ON
[11:33:12] : REQUEST MEAS. ON
[11:33:12] : Cycle start OFF
[11:33:13] : REQUEST MEAS. OFF
[11:33:58] : Cycle start ON
[11:34:03] : REQUEST MEAS. ON
[11:34:03] : Cycle start OFF
[11:34:04] : REQUEST MEAS. OFF
[11:34:37] : Cycle start ON
[11:34:42] : Cycle start OFF
[11:34:42] : REQUEST MEAS. ON
[11:34:43] : REQUEST MEAS. OFF
[11:35:15] : AUTO RUNNING OFF
 
[12:09:47] : REQUEST MEAS. ON
[12:09:48] : REQUEST MEAS. OFF
[12:10:01] : REQUEST MEAS. ON
[12:10:02] : REQUEST MEAS. OFF
[12:10:14] : REQUEST MEAS. ON
[12:10:15] : REQUEST MEAS. OFF
[12:10:28] : REQUEST MEAS. ON
[12:10:29] : REQUEST MEAS. OFF
[12:10:42] : REQUEST MEAS. ON
[12:10:43] : REQUEST MEAS. OFF
[12:10:56] : REQUEST MEAS. ON
[12:10:57] : REQUEST MEAS. OFF
[12:11:10] : REQUEST MEAS. ON
[12:11:11] : REQUEST MEAS. OFF
[12:11:24] : REQUEST MEAS. ON
[12:11:25] : REQUEST MEAS. OFF
[12:11:37] : REQUEST MEAS. ON
[12:11:38] : REQUEST MEAS. OFF
[12:11:51] : REQUEST MEAS. ON
[12:11:52] : REQUEST MEAS. OFF
[12:12:05] : REQUEST MEAS. ON
[12:12:06] : REQUEST MEAS. OFF
[12:12:19] : REQUEST MEAS. ON
[12:12:20] : REQUEST MEAS. OFF
[12:12:26] : MEAS ESC ON
[12:12:26] : M3400 : 비상입니다. ON
[12:12:32] : MEAS ESC OFF
[12:12:32] : RESET ON
[12:12:32] : M3400 : 비상입니다. OFF
[12:12:33] : RESET ON
[20:01:51] : MEAS ESC ON
[20:01:51] : M3400 : 비상입니다. ON
 
