[09:48:12] : MEAS ESC ON
[09:48:12] : AUTO RUNNING OFF
[09:48:12] : MEAS ESC OFF
[09:48:12] : AUTO RUNNING ON
[09:49:13] : MEAS ESC ON
[09:49:13] : AUTO RUNNING OFF
[09:49:13] : MEAS ESC OFF
[09:49:13] : AUTO RUNNING ON
[09:51:10] : Cycle start ON
[09:51:10] : Cycle start OFF
[09:51:10] : REQUEST MEAS. ON
[09:51:17] : REQUEST MEAS. OFF
[09:51:17] : 측정요구 ON 2
[09:51:25] : 측정요구 2OFF
[09:51:25] : 21,20181214-095125,,CF 18112011741,OK,MAX,1,2,AUTO,0.00,7.00,0.91,OK,0.00,7.00,0.51,OK,
[09:52:01] : Cycle start ON
[09:52:01] : Cycle start OFF
[09:52:01] : REQUEST MEAS. ON
[09:52:08] : REQUEST MEAS. OFF
[09:52:08] : 측정요구 ON 2
[09:52:16] : 측정요구 2OFF
[09:52:16] : 21,20181214-095216,,CF 18112011741,OK,MAX,1,2,AUTO,0.00,7.00,2.14,OK,0.00,7.00,1.04,OK,
[09:54:19] : Cycle start ON
[09:54:19] : Cycle start OFF
[09:54:19] : REQUEST MEAS. ON
[09:54:26] : REQUEST MEAS. OFF
[09:54:26] : 측정요구 ON 2
[09:54:34] : 측정요구 2OFF
[09:54:34] : 21,20181214-095434,,CF 18112011741,OK,MAX,1,2,AUTO,0.00,7.00,1.29,OK,0.00,7.00,0.73,OK,
[10:00:16] : AUTO RUNNING OFF
[10:04:07] : MEAS ESC ON
[10:08:08] : MEAS ESC OFF
[10:09:26] : MEAS ESC ON
[10:11:10] : MEAS ESC OFF
[10:11:14] : MEAS ESC ON
[10:15:34] : MEAS ESC OFF
[10:15:34] : AUTO RUNNING ON
[10:18:27] : MEAS ESC ON
[10:18:27] : AUTO RUNNING OFF
[10:18:29] : MEAS ESC OFF
[10:18:29] : AUTO RUNNING ON
[10:18:32] : Cycle start ON
[10:18:33] : 측정요구3 ON
[10:18:33] : Cycle start OFF
[10:18:40] : 측정요구3 OFF
[10:18:40] : 측정요구4 ON
[10:18:48] : 측정요구4 OFF
[10:18:48] : 21,20181214-101848,AL18071945601,CF 18112011741,OK,MAX,2,2,AUTO,0.00,7.00,2.37,OK,0.00,7.00,1.42,OK,
[10:18:48] : REQUEST MEAS. ON
[10:18:55] : REQUEST MEAS. OFF
[10:18:55] : 측정요구 ON 2
[10:19:02] : 측정요구 2OFF
[10:19:02] : 21,20181214-101903,,CF 18112011741,OK,MAX,1,2,AUTO,0.00,7.00,2.09,OK,0.00,7.00,0.94,OK,
[10:19:17] : Cycle start ON
[10:19:17] : Cycle start OFF
[10:19:17] : 측정요구3 ON
[10:19:24] : 측정요구3 OFF
[10:19:24] : 측정요구4 ON
[10:19:32] : 측정요구4 OFF
[10:19:32] : 21,20181214-101932,AL18071945721,CF 18112011741,OK,MAX,2,2,AUTO,0.00,7.00,1.84,OK,0.00,7.00,1.15,OK,
[10:22:17] : MEAS ESC ON
[10:22:17] : AUTO RUNNING OFF
[10:22:18] : MEAS ESC OFF
[10:22:18] : AUTO RUNNING ON
[10:22:31] : Cycle start ON
[10:22:32] : Cycle start OFF
[10:22:32] : REQUEST MEAS. ON
[10:22:39] : Cycle start ON
[10:22:39] : REQUEST MEAS. OFF
[10:22:39] : Cycle start OFF
[10:22:39] : 측정요구 ON 2
[10:22:46] : 측정요구 2OFF
[10:22:46] : 21,20181214-102247,,CF 18112011741,NG,MAX,1,0,AUTO,0.00,7.00,-9999.00,NG,0.00,7.00,0.94,OK,
[10:22:46] : 측정요구3 ON
[10:22:54] : 측정요구3 OFF
[10:22:54] : 측정요구4 ON
[10:23:01] : 측정요구4 OFF
[10:23:01] : 21,20181214-102302,AL18071946781,CF 18112011741,OK,MAX,2,2,AUTO,0.00,7.00,2.67,OK,0.00,7.00,2.30,OK,
[10:23:11] : Cycle start ON
[10:23:12] : Cycle start OFF
[10:23:12] : REQUEST MEAS. ON
[10:23:18] : REQUEST MEAS. OFF
[10:23:19] : 측정요구 ON 2
[10:23:26] : 측정요구 2OFF
[10:23:26] : 21,20181214-102326,,CF 18112011741,OK,MAX,1,2,AUTO,0.00,7.00,2.29,OK,0.00,7.00,1.43,OK,
[10:24:01] : Cycle start ON
[10:24:01] : Cycle start OFF
[10:24:01] : 측정요구3 ON
[10:24:08] : 측정요구3 OFF
[10:24:08] : 측정요구4 ON
[10:24:16] : 측정요구4 OFF
[10:24:16] : 21,20181214-102416,,CF 18112011741,OK,MAX,2,1,AUTO,0.00,7.00,0.14,OK,0.00,7.00,0.15,OK,
[10:25:05] : Cycle start ON
[10:25:05] : Cycle start OFF
[10:25:05] : REQUEST MEAS. ON
[10:25:12] : REQUEST MEAS. OFF
[10:25:12] : 측정요구 ON 2
[10:25:19] : 측정요구 2OFF
[10:25:19] : 21,20181214-102520,,CF 18112011741,OK,MAX,1,2,AUTO,0.00,7.00,1.69,OK,0.00,7.00,0.86,OK,
[10:26:13] : Cycle start ON
[10:26:13] : Cycle start OFF
[10:26:13] : 측정요구3 ON
[10:26:20] : 측정요구3 OFF
[10:26:20] : 측정요구4 ON
[10:26:27] : 측정요구4 OFF
[10:26:27] : 21,20181214-102628,,CF 18112011741,OK,MAX,2,2,AUTO,0.00,7.00,1.06,OK,0.00,7.00,0.60,OK,
[10:27:19] : Cycle start ON
[10:27:19] : Cycle start OFF
[10:27:19] : REQUEST MEAS. ON
[10:27:26] : REQUEST MEAS. OFF
[10:27:26] : 측정요구 ON 2
[10:27:33] : 측정요구 2OFF
[10:27:33] : 21,20181214-102734,,CF 18112011741,OK,MAX,1,2,AUTO,0.00,7.00,1.28,OK,0.00,7.00,0.65,OK,
[10:35:26] : MEAS ESC ON
[10:35:26] : AUTO RUNNING OFF
[10:35:27] : MEAS ESC OFF
[10:35:27] : AUTO RUNNING ON
[10:46:09] : MEAS ESC ON
[10:46:09] : AUTO RUNNING OFF
[10:46:10] : MEAS ESC OFF
[10:46:10] : AUTO RUNNING ON
[10:47:25] : Cycle start ON
[10:47:25] : Cycle start OFF
[10:47:25] : REQUEST MEAS. ON
[10:47:32] : REQUEST MEAS. OFF
[10:47:32] : 측정요구 ON 2
[10:47:39] : 측정요구 2OFF
[10:47:39] : 21,20181214-104739,,CF 18112011741,OK,MAX,1,1,AUTO,0.00,7.00,0.70,OK,0.00,7.00,0.15,OK,
[10:48:15] : Cycle start ON
[10:48:16] : Cycle start OFF
[10:48:16] : REQUEST MEAS. ON
[10:48:23] : REQUEST MEAS. OFF
[10:48:23] : 측정요구 ON 2
[10:48:30] : 측정요구 2OFF
[10:48:30] : 21,20181214-104830,,CF 18112011741,OK,MAX,1,2,AUTO,0.00,7.00,2.52,OK,0.00,7.00,1.81,OK,
[10:51:37] : MEAS ESC ON
[10:51:37] : AUTO RUNNING OFF
[10:51:41] : MEAS ESC OFF
[10:51:41] : AUTO RUNNING ON
[10:54:33] : Cycle start ON
[10:54:33] : Cycle start OFF
[10:54:33] : REQUEST MEAS. ON
[10:54:40] : REQUEST MEAS. OFF
[10:54:40] : 측정요구 ON 2
[10:54:48] : 측정요구 2OFF
[10:54:48] : 21,20181214-105448,,CF 18112011741,OK,MAX,1,1,AUTO,0.00,7.00,0.70,OK,0.00,7.00,0.16,OK,
[10:56:13] : MEAS ESC ON
[10:56:13] : AUTO RUNNING OFF
[10:56:13] : MEAS ESC OFF
[10:56:13] : AUTO RUNNING ON
[10:56:41] : Cycle start ON
[10:56:42] : Cycle start OFF
[10:56:42] : REQUEST MEAS. ON
[10:56:48] : REQUEST MEAS. OFF
[10:56:48] : 측정요구 ON 2
[10:56:56] : 측정요구 2OFF
[10:56:56] : 21,20181214-105657,,CF 18112011741,OK,MAX,1,2,AUTO,0.00,7.00,1.32,OK,0.00,7.00,0.83,OK,
[10:57:47] : Cycle start ON
[10:57:47] : Cycle start OFF
[10:57:47] : REQUEST MEAS. ON
[10:57:54] : REQUEST MEAS. OFF
[10:57:54] : 측정요구 ON 2
[10:58:01] : 측정요구 2OFF
[10:58:01] : 21,20181214-105801,,CF 18112011741,OK,MAX,1,2,AUTO,0.00,7.00,1.09,OK,0.00,7.00,0.52,OK,
[11:09:04] : MEAS ESC ON
[11:09:04] : AUTO RUNNING OFF
[11:25:32] : MEAS ESC OFF
[11:25:32] : AUTO RUNNING ON
 
[12:41:52] : PROGRAM END
 
[12:41:56] : PROGRAM START
[12:41:58] : AUTO RUNNING ON
[12:41:58] : REQUEST MEAS. OFF
[12:41:58] : REQUEST ZEROSET OFF
[12:41:58] : REQUEST ZEROSET OFF
[12:42:50] : MEAS ESC ON
[12:42:50] : AUTO RUNNING OFF
[12:42:54] : MEAS ESC OFF
[12:42:54] : AUTO RUNNING ON
[12:43:23] : MEAS ESC ON
[12:43:23] : AUTO RUNNING OFF
[12:43:24] : MEAS ESC OFF
[12:43:24] : AUTO RUNNING ON
[12:43:26] : MEAS ESC ON
[12:43:26] : AUTO RUNNING OFF
[12:43:36] : MEAS ESC OFF
[12:43:36] : AUTO RUNNING ON
[12:43:53] : MEAS ESC ON
[12:43:53] : AUTO RUNNING OFF
[12:44:01] : MEAS ESC OFF
[12:44:01] : AUTO RUNNING ON
[12:44:11] : MEAS ESC ON
[12:44:11] : AUTO RUNNING OFF
[12:44:13] : MEAS ESC OFF
[12:44:13] : AUTO RUNNING ON
[12:44:14] : MEAS ESC ON
[12:44:14] : AUTO RUNNING OFF
[12:44:15] : MEAS ESC OFF
[12:44:15] : AUTO RUNNING ON
[12:45:35] : MEAS ESC ON
[12:45:35] : AUTO RUNNING OFF
[12:45:36] : MEAS ESC OFF
[12:45:36] : AUTO RUNNING ON
[12:45:46] : AUTO RUNNING OFF
[12:45:57] : MEAS ESC ON
[12:45:58] : MEAS ESC OFF
[12:46:29] : PROGRAM END
 
[12:48:51] : PROGRAM START
[12:48:54] : AUTO RUNNING OFF
[12:48:54] : REQUEST MEAS. OFF
[12:48:54] : REQUEST ZEROSET OFF
[12:48:54] : REQUEST ZEROSET OFF
[12:49:18] : PROGRAM END
 
[12:49:52] : PROGRAM START
[12:49:54] : AUTO RUNNING OFF
[12:49:54] : REQUEST MEAS. OFF
[12:49:54] : REQUEST ZEROSET OFF
[12:49:54] : REQUEST ZEROSET OFF
[12:50:26] : PROGRAM END
 
[12:52:20] : PROGRAM START
[12:52:22] : AUTO RUNNING OFF
[12:52:22] : REQUEST MEAS. OFF
[12:52:22] : REQUEST ZEROSET OFF
[12:52:22] : REQUEST ZEROSET OFF
[12:52:38] : PROGRAM END
 
[12:52:46] : PROGRAM START
[12:52:48] : AUTO RUNNING OFF
[12:52:48] : REQUEST MEAS. OFF
[12:52:48] : REQUEST ZEROSET OFF
[12:52:48] : REQUEST ZEROSET OFF
[13:17:51] : MEAS ESC ON
[13:18:54] : MEAS ESC OFF
[13:19:56] : MEAS ESC ON
[13:19:56] : MEAS ESC OFF
[13:19:56] : AUTO RUNNING ON
[13:20:52] : AUTO RUNNING OFF
[13:20:57] : MEAS ESC ON
[13:20:58] : MEAS ESC OFF
[13:20:58] : AUTO RUNNING ON
[13:25:59] : Cycle start ON
[13:26:00] : Cycle start OFF
[13:26:00] : REQUEST MEAS. ON
[13:26:06] : REQUEST MEAS. OFF
[13:26:06] : 측정요구 ON 2
[13:26:14] : 측정요구 2OFF
[13:26:14] : 21,20181214-132615,,CF 18112011741,OK,MAX,1,2,AUTO,0.00,7.00,1.61,OK,0.00,7.00,1.03,OK,
[13:26:22] : Cycle start ON
[13:26:22] : Cycle start OFF
[13:26:22] : 측정요구3 ON
[13:26:29] : 측정요구3 OFF
[13:26:29] : 측정요구4 ON
[13:26:36] : 측정요구4 OFF
[13:26:36] : 21,20181214-132637,AL18121450926,CF 18112011741,OK,MAX,2,2,AUTO,0.00,7.00,2.16,OK,0.00,7.00,0.96,OK,
[13:26:44] : AUTO RUNNING OFF
[13:49:37] : MEAS ESC ON
[13:49:38] : MEAS ESC OFF
[13:49:38] : AUTO RUNNING ON
[13:49:49] : Cycle start ON
[13:49:50] : Cycle start OFF
[13:49:50] : REQUEST MEAS. ON
[13:49:56] : REQUEST MEAS. OFF
[13:49:56] : 측정요구 ON 2
[13:50:04] : 측정요구 2OFF
[13:50:04] : 21,20181214-135004,AL18121450936,CF 18112011741,OK,MAX,1,2,AUTO,0.00,7.00,1.62,OK,0.00,7.00,0.97,OK,
[13:50:07] : Cycle start ON
[13:50:07] : Cycle start OFF
[13:50:07] : 측정요구3 ON
[13:50:14] : 측정요구3 OFF
[13:50:14] : 측정요구4 ON
[13:50:22] : 측정요구4 OFF
[13:50:22] : 21,20181214-135022,AL18121450916,CF 18112011741,OK,MAX,2,2,AUTO,0.00,7.00,0.76,OK,0.00,7.00,1.04,OK,
[13:51:12] : Cycle start ON
[13:51:12] : Cycle start OFF
[13:51:12] : REQUEST MEAS. ON
[13:51:19] : REQUEST MEAS. OFF
[13:51:19] : 측정요구 ON 2
[13:51:27] : 측정요구 2OFF
[13:51:27] : 21,20181214-135127,,CF 18112011741,OK,MAX,1,2,AUTO,0.00,7.00,1.29,OK,0.00,7.00,0.44,OK,
[13:51:42] : Cycle start ON
[13:51:43] : Cycle start OFF
[13:51:43] : 측정요구3 ON
[13:51:49] : 측정요구3 OFF
[13:51:49] : 측정요구4 ON
[13:51:56] : 측정요구4 OFF
[13:51:56] : 21,20181214-135157,AL18121450986,CF 18112011741,OK,MAX,2,3,AUTO,0.00,7.00,3.03,OK,0.00,7.00,2.74,OK,
[13:52:39] : Cycle start ON
[13:52:39] : Cycle start OFF
[13:52:39] : REQUEST MEAS. ON
[13:52:45] : REQUEST MEAS. OFF
[13:52:46] : 측정요구 ON 2
[13:52:53] : 측정요구 2OFF
[13:52:53] : 21,20181214-135253,,CF 18112011741,OK,MAX,1,2,AUTO,0.00,7.00,2.22,OK,0.00,7.00,0.94,OK,
[13:52:58] : Cycle start ON
[13:52:58] : Cycle start OFF
[13:52:58] : 측정요구3 ON
[13:53:05] : 측정요구3 OFF
[13:53:05] : 측정요구4 ON
[13:53:13] : 측정요구4 OFF
[13:53:13] : 21,20181214-135313,AL18121450966,CF 18112011741,OK,MAX,2,2,AUTO,0.00,7.00,2.02,OK,0.00,7.00,1.36,OK,
[13:53:54] : Cycle start ON
[13:53:55] : Cycle start OFF
[13:53:55] : REQUEST MEAS. ON
[13:54:01] : REQUEST MEAS. OFF
[13:54:01] : 측정요구 ON 2
[13:54:09] : 측정요구 2OFF
[13:54:09] : 21,20181214-135410,,CF 18112011741,OK,MAX,1,2,AUTO,0.00,7.00,1.29,OK,0.00,7.00,0.44,OK,
[13:54:36] : Cycle start ON
[13:54:37] : Cycle start OFF
[13:54:37] : REQUEST MEAS. ON
[13:54:43] : REQUEST MEAS. OFF
[13:54:43] : 측정요구 ON 2
[13:54:50] : 측정요구 2OFF
[13:54:50] : 21,20181214-135451,,CF 18112011741,OK,MAX,1,1,AUTO,0.00,7.00,0.11,OK,0.00,7.00,0.12,OK,
[13:55:02] : AUTO RUNNING OFF
[13:55:27] : MEAS ESC ON
[13:55:28] : MEAS ESC OFF
[13:55:28] : AUTO RUNNING ON
[13:57:14] : AUTO RUNNING OFF
[13:57:26] : MEAS ESC ON
[13:57:27] : MEAS ESC OFF
[13:57:27] : AUTO RUNNING ON
[13:58:23] : Cycle start ON
[13:58:24] : Cycle start OFF
[13:58:24] : REQUEST MEAS. ON
[13:58:30] : REQUEST MEAS. OFF
[13:58:30] : 측정요구 ON 2
[13:58:38] : 측정요구 2OFF
[13:58:38] : 21,20181214-135838,,CF 18112011741,OK,MAX,1,2,AUTO,0.00,7.00,2.34,OK,0.00,7.00,1.92,OK,
[13:59:17] : Cycle start ON
[13:59:17] : Cycle start OFF
[13:59:17] : REQUEST MEAS. ON
[13:59:24] : REQUEST MEAS. OFF
[13:59:24] : 측정요구 ON 2
[13:59:31] : 측정요구 2OFF
[13:59:31] : 21,20181214-135931,,CF 18112011741,OK,MAX,1,1,AUTO,0.00,7.00,0.20,OK,0.00,7.00,0.12,OK,
[13:59:37] : Cycle start ON
[13:59:38] : Cycle start OFF
[13:59:38] : 측정요구3 ON
[13:59:44] : 측정요구3 OFF
[13:59:44] : 측정요구4 ON
[13:59:52] : 측정요구4 OFF
[13:59:52] : 21,20181214-135953,AL18121450866,CF 18112011741,OK,MAX,2,2,AUTO,0.00,7.00,2.55,OK,0.00,7.00,2.05,OK,
[14:00:28] : Cycle start ON
[14:00:28] : Cycle start OFF
[14:00:28] : REQUEST MEAS. ON
[14:00:35] : REQUEST MEAS. OFF
[14:00:35] : 측정요구 ON 2
[14:00:42] : 측정요구 2OFF
[14:00:42] : 21,20181214-140042,,CF 18112011741,OK,MAX,1,1,AUTO,0.00,7.00,0.20,OK,0.00,7.00,0.11,OK,
[14:00:44] : AUTO RUNNING OFF
[14:01:04] : MEAS ESC ON
[14:02:34] : MEAS ESC OFF
[14:02:34] : AUTO RUNNING ON
[14:02:48] : Cycle start ON
[14:02:48] : Cycle start OFF
[14:02:48] : REQUEST MEAS. ON
[14:02:55] : REQUEST MEAS. OFF
[14:02:55] : 측정요구 ON 2
[14:03:03] : 측정요구 2OFF
[14:03:03] : 21,20181214-140303,,CF 18112011741,OK,MAX,1,1,AUTO,0.00,7.00,0.60,OK,0.00,7.00,0.29,OK,
[14:03:07] : Cycle start ON
[14:03:07] : Cycle start OFF
[14:03:07] : 측정요구3 ON
[14:03:14] : 측정요구3 OFF
[14:03:14] : 측정요구4 ON
[14:03:22] : 측정요구4 OFF
[14:03:22] : 21,20181214-140322,AL18121450886,CF 18112011741,OK,MAX,2,2,AUTO,0.00,7.00,2.11,OK,0.00,7.00,1.62,OK,
[14:05:02] : AUTO RUNNING OFF
[14:05:16] : MEAS ESC ON
[14:06:21] : MEAS ESC OFF
[14:06:31] : MEAS ESC ON
[14:06:32] : MEAS ESC OFF
[14:06:32] : AUTO RUNNING ON
[14:14:21] : AUTO RUNNING OFF
[14:14:22] : MEAS ESC ON
[14:14:22] : MEAS ESC OFF
[14:14:22] : AUTO RUNNING ON
[14:15:37] : AUTO RUNNING OFF
[14:15:57] : MEAS ESC ON
[14:15:58] : MEAS ESC OFF
[14:15:58] : AUTO RUNNING ON
[14:28:37] : AUTO RUNNING OFF
[18:20:44] : Cycle start ON
[18:20:44] : Cycle start OFF
[18:20:44] : REQUEST MEAS. ON
[18:20:51] : REQUEST MEAS. OFF
[18:20:51] : 0
[18:20:51] : 측정요구 ON 2
[18:20:59] : 측정요구 2OFF
[18:20:59] : 0
[18:24:01] : Cycle start ON
[18:24:02] : Cycle start OFF
[18:24:02] : 측정요구3 ON
[18:24:08] : 측정요구3 OFF
[18:24:08] : 0
[18:24:08] : 측정요구4 ON
[18:24:16] : 측정요구4 OFF
[18:24:16] : 0
[18:48:44] : MEAS ESC ON
[18:48:45] : MEAS ESC OFF
[18:48:45] : AUTO RUNNING ON
[18:48:50] : AUTO RUNNING OFF
[18:48:54] : MEAS ESC ON
[18:48:55] : MEAS ESC OFF
[18:48:55] : AUTO RUNNING ON
[18:51:28] : Cycle start ON
[18:51:28] : Cycle start OFF
[18:51:28] : REQUEST MEAS. ON
[18:51:35] : REQUEST MEAS. OFF
[18:51:35] : 측정요구 ON 2
[18:51:42] : 측정요구 2OFF
[18:51:42] : 21,20181214-185142,,CF 18112011741,OK,MAX,1,1,AUTO,0.00,7.00,0.70,OK,0.00,7.00,0.43,OK,
[18:51:49] : Cycle start ON
[18:51:50] : 측정요구3 ON
[18:51:50] : Cycle start OFF
[18:51:56] : 측정요구3 OFF
[18:51:56] : 측정요구4 ON
[18:52:03] : 측정요구4 OFF
[18:52:03] : 21,20181214-185204,AL18121450736,CF 18112011741,OK,MAX,2,2,AUTO,0.00,7.00,2.28,OK,0.00,7.00,1.89,OK,
[18:52:36] : Cycle start ON
[18:52:36] : Cycle start OFF
[18:52:36] : REQUEST MEAS. ON
[18:52:43] : REQUEST MEAS. OFF
[18:52:43] : 측정요구 ON 2
[18:52:50] : 측정요구 2OFF
[18:52:50] : 21,20181214-185251,,CF 18112011741,OK,MAX,1,1,AUTO,0.00,7.00,0.13,OK,0.00,7.00,0.12,OK,
[18:52:57] : Cycle start ON
[18:52:57] : 측정요구3 ON
[18:52:57] : Cycle start OFF
[18:53:04] : 측정요구3 OFF
[18:53:04] : 측정요구4 ON
[18:53:11] : 측정요구4 OFF
[18:53:11] : 21,20181214-185311,AL18121450716,CF 18112011741,OK,MAX,2,1,AUTO,0.00,7.00,0.10,OK,0.00,7.00,0.17,OK,
[18:53:46] : Cycle start ON
[18:53:47] : Cycle start OFF
[18:53:47] : REQUEST MEAS. ON
[18:53:53] : REQUEST MEAS. OFF
[18:53:54] : 측정요구 ON 2
[18:54:01] : 측정요구 2OFF
[18:54:01] : 21,20181214-185402,,H ,OK,MAX,1,1,AUTO,0.00,7.00,0.16,OK,0.00,7.00,0.15,OK,
[18:54:59] : Cycle start ON
[18:54:59] : Cycle start OFF
[18:54:59] : 측정요구3 ON
[18:55:06] : 측정요구3 OFF
[18:55:06] : 측정요구4 ON
[18:55:13] : 측정요구4 OFF
[18:55:13] : 21,20181214-185514,AL18121450796,CF 18112011741,OK,MAX,2,3,AUTO,0.00,7.00,2.57,OK,0.00,7.00,3.87,OK,
[18:56:25] : AUTO RUNNING OFF
[18:57:54] : MEAS ESC ON
[18:57:56] : MEAS ESC OFF
[18:57:56] : AUTO RUNNING ON
[18:58:24] : Cycle start ON
[18:58:24] : Cycle start OFF
[18:58:24] : REQUEST MEAS. ON
[18:58:31] : REQUEST MEAS. OFF
[18:58:31] : 측정요구 ON 2
[18:58:38] : 측정요구 2OFF
[18:58:38] : 21,20181214-185839,,CF 18112011741,OK,MAX,1,1,AUTO,0.00,7.00,0.21,OK,0.00,7.00,0.21,OK,
[18:58:47] : AUTO RUNNING OFF
[19:00:14] : MEAS ESC ON
[19:00:15] : MEAS ESC OFF
[19:00:15] : AUTO RUNNING ON
[19:02:31] : Cycle start ON
[19:02:32] : Cycle start OFF
[19:02:32] : REQUEST MEAS. ON
[19:02:38] : REQUEST MEAS. OFF
[19:02:39] : 측정요구 ON 2
[19:02:46] : 측정요구 2OFF
[19:02:46] : 21,20181214-190246,,CF 18112011741,OK,MAX,1,1,AUTO,0.00,7.00,0.11,OK,0.00,7.00,0.18,OK,
[19:14:55] : Cycle start ON
[19:14:55] : Cycle start OFF
[19:14:55] : REQUEST MEAS. ON
[19:15:02] : REQUEST MEAS. OFF
[19:15:02] : 측정요구 ON 2
[19:15:09] : 측정요구 2OFF
[19:15:09] : 21,20181214-191510,,CF 18112011741,OK,MAX,1,2,AUTO,0.00,7.00,2.43,OK,0.00,7.00,1.82,OK,
[19:15:19] : Cycle start ON
[19:15:19] : Cycle start OFF
[19:15:19] : 측정요구3 ON
[19:15:26] : 측정요구3 OFF
[19:15:26] : 측정요구4 ON
[19:15:33] : 측정요구4 OFF
[19:15:33] : 21,20181214-191533,AL18121450446,CF 18112011741,OK,MAX,2,1,AUTO,0.00,7.00,0.73,OK,0.00,7.00,0.57,OK,
[19:17:37] : Cycle start ON
[19:17:37] : Cycle start OFF
[19:17:37] : REQUEST MEAS. ON
[19:17:44] : REQUEST MEAS. OFF
[19:17:44] : 측정요구 ON 2
[19:17:51] : 측정요구 2OFF
[19:17:51] : 21,20181214-191751,,CF 18112011741,OK,MAX,1,2,AUTO,0.00,7.00,1.31,OK,0.00,7.00,0.82,OK,
[19:19:22] : Cycle start ON
[19:19:22] : Cycle start OFF
[19:19:22] : 측정요구3 ON
[19:19:29] : 측정요구3 OFF
[19:19:29] : 측정요구4 ON
[19:19:36] : 측정요구4 OFF
[19:19:36] : 21,20181214-191936,AL18121450846,CF 18112011741,OK,MAX,2,1,AUTO,0.00,7.00,0.69,OK,0.00,7.00,0.48,OK,
[19:20:29] : Cycle start ON
[19:20:29] : Cycle start OFF
[19:20:29] : REQUEST MEAS. ON
[19:20:36] : REQUEST MEAS. OFF
[19:20:36] : 측정요구 ON 2
[19:20:44] : 측정요구 2OFF
[19:20:44] : 21,20181214-192044,,CF 18112011741,OK,MAX,1,1,AUTO,0.00,7.00,0.20,OK,0.00,7.00,0.13,OK,
[19:20:49] : Cycle start ON
[19:20:49] : Cycle start OFF
[19:20:49] : 측정요구3 ON
[19:20:55] : 측정요구3 OFF
[19:20:55] : 측정요구4 ON
[19:21:03] : 측정요구4 OFF
[19:21:03] : 21,20181214-192104,AL18121450436,CF 18112011741,OK,MAX,2,1,AUTO,0.00,7.00,0.77,OK,0.00,7.00,0.55,OK,
[19:21:51] : AUTO RUNNING OFF
[19:22:51] : MEAS ESC ON
[19:22:52] : MEAS ESC OFF
[19:22:52] : AUTO RUNNING ON
[19:23:01] : AUTO RUNNING OFF
[19:25:37] : MEAS ESC ON
[19:25:38] : MEAS ESC OFF
[19:25:38] : AUTO RUNNING ON
[19:26:10] : AUTO RUNNING OFF
[19:28:01] : MEAS ESC ON
[19:28:01] : MEAS ESC OFF
[19:28:01] : AUTO RUNNING ON
[19:28:30] : AUTO RUNNING OFF
[19:28:35] : MEAS ESC ON
[19:28:36] : MEAS ESC OFF
[19:28:36] : AUTO RUNNING ON
[19:28:54] : Cycle start ON
[19:28:54] : Cycle start OFF
[19:28:54] : REQUEST MEAS. ON
[19:29:01] : REQUEST MEAS. OFF
[19:29:01] : 측정요구 ON 2
[19:29:08] : 측정요구 2OFF
[19:29:08] : 21,20181214-192909,,CF 18112011741,OK,MAX,1,2,AUTO,0.00,7.00,1.61,OK,0.00,7.00,1.21,OK,
[19:29:38] : Cycle start ON
[19:29:38] : Cycle start OFF
[19:29:38] : 측정요구3 ON
[19:29:45] : 측정요구3 OFF
[19:29:45] : 측정요구4 ON
[19:29:52] : 측정요구4 OFF
[19:29:52] : 21,20181214-192952,AL18121450486,CF 18112011741,OK,MAX,2,1,AUTO,0.00,7.00,0.11,OK,0.00,7.00,0.10,OK,
[19:30:27] : Cycle start ON
[19:30:27] : Cycle start OFF
[19:30:27] : REQUEST MEAS. ON
[19:30:34] : REQUEST MEAS. OFF
[19:30:34] : 측정요구 ON 2
[19:30:42] : 측정요구 2OFF
[19:30:42] : 21,20181214-193042,,CF 18112011741,OK,MAX,1,2,AUTO,0.00,7.00,1.60,OK,0.00,7.00,1.41,OK,
[19:30:49] : Cycle start ON
[19:30:49] : Cycle start OFF
[19:30:49] : 측정요구3 ON
[19:30:56] : 측정요구3 OFF
[19:30:56] : 측정요구4 ON
[19:31:03] : 측정요구4 OFF
[19:31:03] : 21,20181214-193103,AL18121450476,CF 18112011741,OK,MAX,2,1,AUTO,0.00,7.00,0.09,OK,0.00,7.00,0.11,OK,
[19:31:34] : Cycle start ON
[19:31:35] : Cycle start OFF
[19:31:35] : REQUEST MEAS. ON
[19:31:41] : REQUEST MEAS. OFF
[19:31:41] : 측정요구 ON 2
[19:31:49] : 측정요구 2OFF
[19:31:49] : 21,20181214-193150,,CF 18112011741,OK,MAX,1,2,AUTO,0.00,7.00,1.29,OK,0.00,7.00,0.81,OK,
[19:33:24] : Cycle start ON
[19:33:25] : Cycle start OFF
[19:33:25] : REQUEST MEAS. ON
[19:33:31] : REQUEST MEAS. OFF
[19:33:31] : 측정요구 ON 2
[19:33:39] : 측정요구 2OFF
[19:33:39] : 21,20181214-193339,,CF 18112011741,OK,MAX,1,2,AUTO,0.00,7.00,1.12,OK,0.00,7.00,0.90,OK,
[19:33:54] : Cycle start ON
[19:33:54] : Cycle start OFF
[19:33:54] : 측정요구3 ON
[19:34:01] : 측정요구3 OFF
[19:34:01] : 측정요구4 ON
[19:34:09] : 측정요구4 OFF
[19:34:09] : 21,20181214-193409,AL18121450536,CF 18112011741,OK,MAX,2,1,AUTO,0.00,7.00,0.13,OK,0.00,7.00,0.10,OK,
[19:52:02] : AUTO RUNNING OFF
[19:56:44] : MEAS ESC ON
[19:56:44] : MEAS ESC OFF
[19:56:44] : AUTO RUNNING ON
[19:57:02] : Cycle start ON
[19:57:02] : Cycle start OFF
[19:57:02] : REQUEST MEAS. ON
[19:57:09] : REQUEST MEAS. OFF
[19:57:09] : 측정요구 ON 2
[19:57:16] : 측정요구 2OFF
[19:57:16] : 21,20181214-195717,,CF 18112011741,OK,MAX,1,2,AUTO,0.00,7.00,1.92,OK,0.00,7.00,1.51,OK,
[19:57:37] : Cycle start ON
[19:57:37] : Cycle start OFF
[19:57:37] : 측정요구3 ON
[19:57:44] : 측정요구3 OFF
[19:57:44] : 측정요구4 ON
[19:57:51] : 측정요구4 OFF
[19:57:51] : 21,20181214-195752,AL18121450506,CF 18112011741,OK,MAX,2,2,AUTO,0.00,7.00,1.27,OK,0.00,7.00,0.87,OK,
[20:04:37] : AUTO RUNNING OFF
 
