[09:05:30] : Cycle start ON
[09:05:31] : Cycle start OFF
[09:05:31] : REQUEST MEAS. ON
[09:05:37] : REQUEST MEAS. OFF
[09:05:37] : 0
[09:05:37] : 측정요구 ON 2
[09:05:45] : 측정요구 2OFF
[09:05:45] : 0
[09:06:04] : Cycle start ON
[09:06:05] : Cycle start OFF
[09:06:05] : REQUEST MEAS. ON
[09:06:11] : REQUEST MEAS. OFF
[09:06:11] : 0
[09:06:11] : 측정요구 ON 2
[09:06:19] : 측정요구 2OFF
[09:06:19] : 0
[09:06:38] : Cycle start ON
[09:06:39] : Cycle start OFF
[09:06:39] : REQUEST MEAS. ON
[09:06:45] : REQUEST MEAS. OFF
[09:06:45] : 0
[09:06:45] : 측정요구 ON 2
[09:06:53] : 측정요구 2OFF
[09:06:53] : 0
[09:07:12] : Cycle start ON
[09:07:13] : Cycle start OFF
[09:07:13] : REQUEST MEAS. ON
[09:07:19] : REQUEST MEAS. OFF
[09:07:19] : 0
[09:07:19] : 측정요구 ON 2
[09:07:27] : 측정요구 2OFF
[09:07:27] : 0
[09:07:47] : Cycle start ON
[09:07:48] : Cycle start OFF
[09:07:48] : REQUEST MEAS. ON
[09:07:54] : REQUEST MEAS. OFF
[09:07:54] : 0
[09:07:54] : 측정요구 ON 2
[09:08:01] : 측정요구 2OFF
[09:08:01] : 0
[09:08:21] : Cycle start ON
[09:08:22] : Cycle start OFF
[09:08:22] : REQUEST MEAS. ON
[09:08:29] : REQUEST MEAS. OFF
[09:08:29] : 0
[09:08:29] : 측정요구 ON 2
[09:08:36] : 측정요구 2OFF
[09:08:36] : 0
[09:08:55] : Cycle start ON
[09:08:56] : Cycle start OFF
[09:08:56] : REQUEST MEAS. ON
[09:09:02] : REQUEST MEAS. OFF
[09:09:03] : 0
[09:09:03] : 측정요구 ON 2
[09:09:11] : 측정요구 2OFF
[09:09:11] : 0
[09:09:30] : Cycle start ON
[09:09:31] : Cycle start OFF
[09:09:31] : REQUEST MEAS. ON
[09:09:37] : REQUEST MEAS. OFF
[09:09:37] : 0
[09:09:37] : 측정요구 ON 2
[09:09:45] : 측정요구 2OFF
[09:09:45] : 0
[09:10:04] : Cycle start ON
[09:10:05] : Cycle start OFF
[09:10:05] : REQUEST MEAS. ON
[09:10:11] : REQUEST MEAS. OFF
[09:10:11] : 0
[09:10:11] : 측정요구 ON 2
[09:10:19] : 측정요구 2OFF
[09:10:19] : 0
[09:10:40] : Cycle start ON
[09:10:40] : Cycle start OFF
[09:10:40] : REQUEST MEAS. ON
[09:10:46] : REQUEST MEAS. OFF
[09:10:47] : 0
[09:10:47] : 측정요구 ON 2
[09:10:54] : 측정요구 2OFF
[09:10:54] : 0
[09:11:13] : Cycle start ON
[09:11:14] : Cycle start OFF
[09:11:14] : REQUEST MEAS. ON
[09:11:20] : REQUEST MEAS. OFF
[09:11:20] : 0
[09:11:20] : 측정요구 ON 2
[09:11:28] : 측정요구 2OFF
[09:11:28] : 0
[09:11:48] : Cycle start ON
[09:11:49] : Cycle start OFF
[09:11:49] : REQUEST MEAS. ON
[09:11:55] : REQUEST MEAS. OFF
[09:11:55] : 0
[09:11:55] : 측정요구 ON 2
[09:12:02] : 측정요구 2OFF
[09:12:02] : 0
[09:12:22] : Cycle start ON
[09:12:23] : Cycle start OFF
[09:12:23] : REQUEST MEAS. ON
[09:12:29] : REQUEST MEAS. OFF
[09:12:29] : 0
[09:12:29] : 측정요구 ON 2
[09:12:37] : 측정요구 2OFF
[09:12:37] : 0
[09:12:56] : Cycle start ON
[09:12:57] : Cycle start OFF
[09:12:57] : REQUEST MEAS. ON
[09:13:03] : REQUEST MEAS. OFF
[09:13:03] : 0
[09:13:03] : 측정요구 ON 2
[09:13:11] : 측정요구 2OFF
[09:13:11] : 0
[09:13:30] : Cycle start ON
[09:13:31] : Cycle start OFF
[09:13:31] : REQUEST MEAS. ON
[09:13:37] : REQUEST MEAS. OFF
[09:13:37] : 0
[09:13:37] : 측정요구 ON 2
[09:13:45] : 측정요구 2OFF
[09:13:45] : 0
[09:14:04] : Cycle start ON
[09:14:05] : Cycle start OFF
[09:14:05] : REQUEST MEAS. ON
[09:14:11] : REQUEST MEAS. OFF
[09:14:11] : 0
[09:14:11] : 측정요구 ON 2
[09:14:19] : 측정요구 2OFF
[09:14:19] : 0
[09:14:39] : Cycle start ON
[09:14:40] : Cycle start OFF
[09:14:40] : REQUEST MEAS. ON
[09:14:46] : REQUEST MEAS. OFF
[09:14:46] : 0
[09:14:46] : 측정요구 ON 2
[09:14:54] : 측정요구 2OFF
[09:14:54] : 0
[09:15:13] : Cycle start ON
[09:15:14] : Cycle start OFF
[09:15:14] : REQUEST MEAS. ON
[09:15:20] : REQUEST MEAS. OFF
[09:15:20] : 0
[09:15:20] : 측정요구 ON 2
[09:15:28] : 측정요구 2OFF
[09:15:28] : 0
[09:15:47] : Cycle start ON
[09:15:48] : Cycle start OFF
[09:15:48] : REQUEST MEAS. ON
[09:15:54] : REQUEST MEAS. OFF
[09:15:54] : 0
[09:15:54] : 측정요구 ON 2
[09:16:02] : 측정요구 2OFF
[09:16:02] : 0
[09:16:21] : Cycle start ON
[09:16:22] : Cycle start OFF
[09:16:22] : REQUEST MEAS. ON
[09:16:28] : REQUEST MEAS. OFF
[09:16:28] : 0
[09:16:28] : 측정요구 ON 2
[09:16:36] : 측정요구 2OFF
[09:16:36] : 0
[09:16:56] : Cycle start ON
[09:16:57] : Cycle start OFF
[09:16:57] : REQUEST MEAS. ON
[09:17:03] : REQUEST MEAS. OFF
[09:17:04] : 0
[09:17:04] : 측정요구 ON 2
[09:17:11] : 측정요구 2OFF
[09:17:11] : 0
[09:17:30] : Cycle start ON
[09:17:31] : Cycle start OFF
[09:17:31] : REQUEST MEAS. ON
[09:17:38] : REQUEST MEAS. OFF
[09:17:38] : 0
[09:17:38] : 측정요구 ON 2
[09:17:45] : 측정요구 2OFF
[09:17:45] : 0
[09:18:05] : Cycle start ON
[09:18:06] : Cycle start OFF
[09:18:06] : REQUEST MEAS. ON
[09:18:12] : REQUEST MEAS. OFF
[09:18:12] : 0
[09:18:12] : 측정요구 ON 2
[09:18:19] : 측정요구 2OFF
[09:18:19] : 0
[09:18:40] : Cycle start ON
[09:18:40] : Cycle start OFF
[09:18:40] : REQUEST MEAS. ON
[09:18:47] : REQUEST MEAS. OFF
[09:18:47] : 0
[09:18:47] : 측정요구 ON 2
[09:18:54] : 측정요구 2OFF
[09:18:54] : 0
[09:19:13] : Cycle start ON
[09:19:14] : Cycle start OFF
[09:19:14] : REQUEST MEAS. ON
[09:19:20] : REQUEST MEAS. OFF
[09:19:20] : 0
[09:19:20] : 측정요구 ON 2
[09:19:28] : 측정요구 2OFF
[09:19:28] : 0
[09:19:48] : Cycle start ON
[09:19:49] : Cycle start OFF
[09:19:49] : REQUEST MEAS. ON
[09:19:55] : REQUEST MEAS. OFF
[09:19:55] : 0
[09:19:55] : 측정요구 ON 2
[09:20:02] : 측정요구 2OFF
[09:20:02] : 0
[09:20:22] : Cycle start ON
[09:20:23] : Cycle start OFF
[09:20:23] : REQUEST MEAS. ON
[09:20:29] : REQUEST MEAS. OFF
[09:20:29] : 0
[09:20:29] : 측정요구 ON 2
[09:20:37] : 측정요구 2OFF
[09:20:37] : 0
[09:20:57] : Cycle start ON
[09:20:57] : REQUEST MEAS. ON
[09:20:57] : Cycle start OFF
[09:21:04] : REQUEST MEAS. OFF
[09:21:04] : 0
[09:21:04] : 측정요구 ON 2
[09:21:11] : 측정요구 2OFF
[09:21:11] : 0
[09:21:31] : Cycle start ON
[09:21:31] : Cycle start OFF
[09:21:31] : REQUEST MEAS. ON
[09:21:37] : REQUEST MEAS. OFF
[09:21:38] : 0
[09:21:38] : 측정요구 ON 2
[09:21:45] : 측정요구 2OFF
[09:21:45] : 0
[09:22:05] : Cycle start ON
[09:22:06] : Cycle start OFF
[09:22:06] : REQUEST MEAS. ON
[09:22:12] : REQUEST MEAS. OFF
[09:22:12] : 0
[09:22:12] : 측정요구 ON 2
[09:22:19] : 측정요구 2OFF
[09:22:19] : 0
[09:22:39] : Cycle start ON
[09:22:40] : Cycle start OFF
[09:22:40] : REQUEST MEAS. ON
[09:22:46] : REQUEST MEAS. OFF
[09:22:46] : 0
[09:22:46] : 측정요구 ON 2
[09:22:54] : 측정요구 2OFF
[09:22:54] : 0
[09:23:13] : Cycle start ON
[09:23:14] : Cycle start OFF
[09:23:14] : REQUEST MEAS. ON
[09:23:20] : REQUEST MEAS. OFF
[09:23:20] : 0
[09:23:20] : 측정요구 ON 2
[09:23:28] : 측정요구 2OFF
[09:23:28] : 0
[09:23:47] : Cycle start ON
[09:23:48] : Cycle start OFF
[09:23:48] : REQUEST MEAS. ON
[09:23:54] : REQUEST MEAS. OFF
[09:23:54] : 0
[09:23:54] : 측정요구 ON 2
[09:24:02] : 측정요구 2OFF
[09:24:02] : 0
[09:24:23] : Cycle start ON
[09:24:23] : Cycle start OFF
[09:24:23] : REQUEST MEAS. ON
[09:24:30] : REQUEST MEAS. OFF
[09:24:30] : 0
[09:24:30] : 측정요구 ON 2
[09:24:37] : 측정요구 2OFF
[09:24:37] : 0
[09:24:57] : Cycle start ON
[09:24:57] : REQUEST MEAS. ON
[09:24:57] : Cycle start OFF
[09:25:03] : REQUEST MEAS. OFF
[09:25:03] : 0
[09:25:03] : 측정요구 ON 2
[09:25:11] : 측정요구 2OFF
[09:25:11] : 0
[09:25:30] : Cycle start ON
[09:25:31] : Cycle start OFF
[09:25:31] : REQUEST MEAS. ON
[09:25:37] : REQUEST MEAS. OFF
[09:25:38] : 0
[09:25:38] : 측정요구 ON 2
[09:25:45] : 측정요구 2OFF
[09:25:45] : 0
[09:26:05] : Cycle start ON
[09:26:06] : Cycle start OFF
[09:26:06] : REQUEST MEAS. ON
[09:26:12] : REQUEST MEAS. OFF
[09:26:12] : 0
[09:26:12] : 측정요구 ON 2
[09:26:20] : 측정요구 2OFF
[09:26:20] : 0
[09:26:39] : Cycle start ON
[09:26:40] : Cycle start OFF
[09:26:40] : REQUEST MEAS. ON
[09:26:46] : REQUEST MEAS. OFF
[09:26:46] : 0
[09:26:46] : 측정요구 ON 2
[09:26:54] : 측정요구 2OFF
[09:26:54] : 0
[09:27:14] : Cycle start ON
[09:27:15] : Cycle start OFF
[09:27:15] : REQUEST MEAS. ON
[09:27:21] : REQUEST MEAS. OFF
[09:27:21] : 0
[09:27:21] : 측정요구 ON 2
[09:27:28] : 측정요구 2OFF
[09:27:28] : 0
[09:27:48] : Cycle start ON
[09:27:49] : Cycle start OFF
[09:27:49] : REQUEST MEAS. ON
[09:27:55] : REQUEST MEAS. OFF
[09:27:55] : 0
[09:27:55] : 측정요구 ON 2
[09:28:03] : 측정요구 2OFF
[09:28:03] : 0
[09:33:25] : Cycle start ON
[09:33:25] : Cycle start OFF
[09:33:25] : REQUEST MEAS. ON
[09:33:32] : REQUEST MEAS. OFF
[09:33:32] : 0
[09:33:32] : 측정요구 ON 2
[09:33:40] : 측정요구 2OFF
[09:33:40] : 0
[09:33:59] : Cycle start ON
[09:34:00] : Cycle start OFF
[09:34:00] : REQUEST MEAS. ON
[09:34:06] : REQUEST MEAS. OFF
[09:34:06] : 0
[09:34:06] : 측정요구 ON 2
[09:34:14] : 측정요구 2OFF
[09:34:14] : 0
[09:34:33] : Cycle start ON
[09:34:34] : Cycle start OFF
[09:34:34] : REQUEST MEAS. ON
[09:34:40] : REQUEST MEAS. OFF
[09:34:40] : 0
[09:34:40] : 측정요구 ON 2
[09:34:48] : 측정요구 2OFF
[09:34:48] : 0
[09:35:08] : Cycle start ON
[09:35:09] : Cycle start OFF
[09:35:09] : REQUEST MEAS. ON
[09:35:15] : REQUEST MEAS. OFF
[09:35:15] : 0
[09:35:15] : 측정요구 ON 2
[09:35:22] : 측정요구 2OFF
[09:35:22] : 0
[09:35:43] : Cycle start ON
[09:35:43] : Cycle start OFF
[09:35:43] : REQUEST MEAS. ON
[09:35:50] : REQUEST MEAS. OFF
[09:35:50] : 0
[09:35:50] : 측정요구 ON 2
[09:35:57] : 측정요구 2OFF
[09:35:57] : 0
[09:36:17] : Cycle start ON
[09:36:18] : Cycle start OFF
[09:36:18] : REQUEST MEAS. ON
[09:36:24] : REQUEST MEAS. OFF
[09:36:24] : 0
[09:36:24] : 측정요구 ON 2
[09:36:31] : 측정요구 2OFF
[09:36:31] : 0
[09:36:51] : Cycle start ON
[09:36:52] : Cycle start OFF
[09:36:52] : REQUEST MEAS. ON
[09:36:58] : REQUEST MEAS. OFF
[09:36:58] : 0
[09:36:58] : 측정요구 ON 2
[09:37:05] : 측정요구 2OFF
[09:37:05] : 0
[09:37:25] : Cycle start ON
[09:37:26] : Cycle start OFF
[09:37:26] : REQUEST MEAS. ON
[09:37:32] : REQUEST MEAS. OFF
[09:37:32] : 0
[09:37:32] : 측정요구 ON 2
[09:37:40] : 측정요구 2OFF
[09:37:40] : 0
[09:37:59] : Cycle start ON
[09:38:00] : Cycle start OFF
[09:38:00] : REQUEST MEAS. ON
[09:38:06] : REQUEST MEAS. OFF
[09:38:06] : 0
[09:38:06] : 측정요구 ON 2
[09:38:14] : 측정요구 2OFF
[09:38:14] : 0
[09:38:33] : Cycle start ON
[09:38:34] : Cycle start OFF
[09:38:34] : REQUEST MEAS. ON
[09:38:40] : REQUEST MEAS. OFF
[09:38:40] : 0
[09:38:40] : 측정요구 ON 2
[09:38:48] : 측정요구 2OFF
[09:38:48] : 0
[09:39:08] : Cycle start ON
[09:39:09] : Cycle start OFF
[09:39:09] : REQUEST MEAS. ON
[09:39:15] : REQUEST MEAS. OFF
[09:39:15] : 0
[09:39:15] : 측정요구 ON 2
[09:39:23] : 측정요구 2OFF
[09:39:23] : 0
[09:39:42] : Cycle start ON
[09:39:43] : Cycle start OFF
[09:39:43] : REQUEST MEAS. ON
[09:39:49] : REQUEST MEAS. OFF
[09:39:49] : 0
[09:39:49] : 측정요구 ON 2
[09:39:57] : 측정요구 2OFF
[09:39:57] : 0
[09:40:16] : Cycle start ON
[09:40:17] : Cycle start OFF
[09:40:17] : REQUEST MEAS. ON
[09:40:24] : REQUEST MEAS. OFF
[09:40:24] : 0
[09:40:24] : 측정요구 ON 2
[09:40:32] : 측정요구 2OFF
[09:40:32] : 0
[09:40:51] : Cycle start ON
[09:40:52] : Cycle start OFF
[09:40:52] : REQUEST MEAS. ON
[09:40:58] : REQUEST MEAS. OFF
[09:40:59] : 0
[09:40:59] : 측정요구 ON 2
[09:41:06] : 측정요구 2OFF
[09:41:06] : 0
[09:41:26] : Cycle start ON
[09:41:27] : Cycle start OFF
[09:41:27] : REQUEST MEAS. ON
[09:41:33] : REQUEST MEAS. OFF
[09:41:34] : 0
[09:41:34] : 측정요구 ON 2
[09:41:41] : 측정요구 2OFF
[09:41:41] : 0
[09:42:00] : Cycle start ON
[09:42:01] : Cycle start OFF
[09:42:01] : REQUEST MEAS. ON
[09:42:07] : REQUEST MEAS. OFF
[09:42:07] : 0
[09:42:07] : 측정요구 ON 2
[09:42:15] : 측정요구 2OFF
[09:42:15] : 0
[09:42:34] : Cycle start ON
[09:42:35] : Cycle start OFF
[09:42:35] : REQUEST MEAS. ON
[09:42:41] : REQUEST MEAS. OFF
[09:42:41] : 0
[09:42:41] : 측정요구 ON 2
[09:42:49] : 측정요구 2OFF
[09:42:49] : 0
[09:43:08] : Cycle start ON
[09:43:09] : Cycle start OFF
[09:43:09] : REQUEST MEAS. ON
[09:43:15] : REQUEST MEAS. OFF
[09:43:15] : 0
[09:43:15] : 측정요구 ON 2
[09:43:23] : 측정요구 2OFF
[09:43:23] : 0
[09:43:43] : Cycle start ON
[09:43:44] : Cycle start OFF
[09:43:44] : REQUEST MEAS. ON
[09:43:50] : REQUEST MEAS. OFF
[09:43:50] : 0
[09:43:50] : 측정요구 ON 2
[09:43:58] : 측정요구 2OFF
[09:43:58] : 0
[09:44:17] : Cycle start ON
[09:44:18] : REQUEST MEAS. ON
[09:44:18] : Cycle start OFF
[09:44:24] : REQUEST MEAS. OFF
[09:44:24] : 0
[09:44:24] : 측정요구 ON 2
[09:44:32] : 측정요구 2OFF
[09:44:32] : 0
[09:44:51] : Cycle start ON
[09:44:52] : Cycle start OFF
[09:44:52] : REQUEST MEAS. ON
[09:44:59] : REQUEST MEAS. OFF
[09:44:59] : 0
[09:44:59] : 측정요구 ON 2
[09:45:06] : 측정요구 2OFF
[09:45:06] : 0
[09:45:26] : Cycle start ON
[09:45:27] : Cycle start OFF
[09:45:27] : REQUEST MEAS. ON
[09:45:34] : REQUEST MEAS. OFF
[09:45:34] : 0
[09:45:34] : 측정요구 ON 2
[09:45:41] : 측정요구 2OFF
[09:45:41] : 0
[09:46:00] : Cycle start ON
[09:46:01] : Cycle start OFF
[09:46:01] : REQUEST MEAS. ON
[09:46:07] : REQUEST MEAS. OFF
[09:46:07] : 0
[09:46:07] : 측정요구 ON 2
[09:46:15] : 측정요구 2OFF
[09:46:15] : 0
[09:46:35] : Cycle start ON
[09:46:36] : Cycle start OFF
[09:46:36] : REQUEST MEAS. ON
[09:46:42] : REQUEST MEAS. OFF
[09:46:42] : 0
[09:46:42] : 측정요구 ON 2
[09:46:49] : 측정요구 2OFF
[09:46:49] : 0
[09:47:09] : Cycle start ON
[09:47:10] : Cycle start OFF
[09:47:10] : REQUEST MEAS. ON
[09:47:16] : REQUEST MEAS. OFF
[09:47:16] : 0
[09:47:16] : 측정요구 ON 2
[09:47:24] : 측정요구 2OFF
[09:47:24] : 0
[09:47:43] : Cycle start ON
[09:47:44] : Cycle start OFF
[09:47:44] : REQUEST MEAS. ON
[09:47:50] : REQUEST MEAS. OFF
[09:47:50] : 0
[09:47:50] : 측정요구 ON 2
[09:47:58] : 측정요구 2OFF
[09:47:58] : 0
[09:48:17] : Cycle start ON
[09:48:18] : Cycle start OFF
[09:48:18] : REQUEST MEAS. ON
[09:48:24] : REQUEST MEAS. OFF
[09:48:24] : 0
[09:48:24] : 측정요구 ON 2
[09:48:32] : 측정요구 2OFF
[09:48:32] : 0
[09:48:52] : Cycle start ON
[09:48:53] : Cycle start OFF
[09:48:53] : REQUEST MEAS. ON
[09:48:59] : REQUEST MEAS. OFF
[09:48:59] : 0
[09:48:59] : 측정요구 ON 2
[09:49:07] : 측정요구 2OFF
[09:49:07] : 0
[09:49:26] : Cycle start ON
[09:49:27] : Cycle start OFF
[09:49:27] : REQUEST MEAS. ON
[09:49:33] : REQUEST MEAS. OFF
[09:49:33] : 0
[09:49:33] : 측정요구 ON 2
[09:49:41] : 측정요구 2OFF
[09:49:41] : 0
[09:50:01] : Cycle start ON
[09:50:01] : Cycle start OFF
[09:50:01] : REQUEST MEAS. ON
[09:50:07] : REQUEST MEAS. OFF
[09:50:07] : 0
[09:50:07] : 측정요구 ON 2
[09:50:15] : 측정요구 2OFF
[09:50:15] : 0
[09:50:35] : Cycle start ON
[09:50:36] : Cycle start OFF
[09:50:36] : REQUEST MEAS. ON
[09:50:42] : REQUEST MEAS. OFF
[09:50:42] : 0
[09:50:42] : 측정요구 ON 2
[09:50:50] : 측정요구 2OFF
[09:50:50] : 0
[09:51:09] : Cycle start ON
[09:51:10] : REQUEST MEAS. ON
[09:51:10] : Cycle start OFF
[09:51:16] : REQUEST MEAS. OFF
[09:51:16] : 0
[09:51:16] : 측정요구 ON 2
[09:51:24] : 측정요구 2OFF
[09:51:24] : 0
[09:51:44] : Cycle start ON
[09:51:45] : Cycle start OFF
[09:51:45] : REQUEST MEAS. ON
[09:51:51] : REQUEST MEAS. OFF
[09:51:51] : 0
[09:51:51] : 측정요구 ON 2
[09:51:58] : 측정요구 2OFF
[09:51:58] : 0
[09:52:18] : Cycle start ON
[09:52:19] : Cycle start OFF
[09:52:19] : REQUEST MEAS. ON
[09:52:25] : REQUEST MEAS. OFF
[09:52:25] : 0
[09:52:25] : 측정요구 ON 2
[09:52:33] : 측정요구 2OFF
[09:52:33] : 0
[09:52:52] : Cycle start ON
[09:52:53] : Cycle start OFF
[09:52:53] : REQUEST MEAS. ON
[09:52:59] : REQUEST MEAS. OFF
[09:52:59] : 0
[09:52:59] : 측정요구 ON 2
[09:53:07] : 측정요구 2OFF
[09:53:07] : 0
[09:53:27] : Cycle start ON
[09:53:27] : Cycle start OFF
[09:53:27] : REQUEST MEAS. ON
[09:53:33] : REQUEST MEAS. OFF
[09:53:33] : 0
[09:53:33] : 측정요구 ON 2
[09:53:41] : 측정요구 2OFF
[09:53:41] : 0
[09:54:01] : Cycle start ON
[09:54:02] : Cycle start OFF
[09:54:02] : REQUEST MEAS. ON
[09:54:08] : REQUEST MEAS. OFF
[09:54:08] : 0
[09:54:08] : 측정요구 ON 2
[09:54:16] : 측정요구 2OFF
[09:54:16] : 0
[09:54:35] : Cycle start ON
[09:54:36] : Cycle start OFF
[09:54:36] : REQUEST MEAS. ON
[09:54:42] : REQUEST MEAS. OFF
[09:54:42] : 0
[09:54:42] : 측정요구 ON 2
[09:54:50] : 측정요구 2OFF
[09:54:50] : 0
[09:55:09] : Cycle start ON
[09:55:10] : Cycle start OFF
[09:55:10] : REQUEST MEAS. ON
[09:55:16] : REQUEST MEAS. OFF
[09:55:17] : 0
[09:55:17] : 측정요구 ON 2
[09:55:24] : 측정요구 2OFF
[09:55:24] : 0
[09:55:44] : Cycle start ON
[09:55:45] : Cycle start OFF
[09:55:45] : REQUEST MEAS. ON
[09:55:51] : REQUEST MEAS. OFF
[09:55:51] : 0
[09:55:51] : 측정요구 ON 2
[09:55:59] : 측정요구 2OFF
[09:55:59] : 0
[09:57:47] : Cycle start ON
[09:57:47] : Cycle start OFF
[09:57:47] : 측정요구3 ON
[09:57:54] : 측정요구3 OFF
[09:57:54] : 0
[09:57:54] : 측정요구4 ON
[09:58:01] : 측정요구4 OFF
[09:58:01] : 0
[09:58:22] : Cycle start ON
[09:58:22] : Cycle start OFF
[09:58:22] : 측정요구3 ON
[09:58:29] : 측정요구3 OFF
[09:58:29] : 0
[09:58:29] : 측정요구4 ON
[09:58:37] : 측정요구4 OFF
[09:58:37] : 0
[09:58:59] : Cycle start ON
[09:58:59] : Cycle start OFF
[09:58:59] : 측정요구3 ON
[09:59:06] : 측정요구3 OFF
[09:59:06] : 0
[09:59:06] : 측정요구4 ON
[09:59:13] : 측정요구4 OFF
[09:59:13] : 0
[09:59:35] : Cycle start ON
[09:59:35] : Cycle start OFF
[09:59:35] : 측정요구3 ON
[09:59:42] : 측정요구3 OFF
[09:59:42] : 0
[09:59:42] : 측정요구4 ON
[09:59:49] : 측정요구4 OFF
[09:59:49] : 0
[10:00:11] : Cycle start ON
[10:00:11] : Cycle start OFF
[10:00:11] : 측정요구3 ON
[10:00:18] : 측정요구3 OFF
[10:00:18] : 0
[10:00:18] : 측정요구4 ON
[10:00:25] : 측정요구4 OFF
[10:00:25] : 0
[10:00:46] : Cycle start ON
[10:00:46] : Cycle start OFF
[10:00:46] : 측정요구3 ON
[10:00:53] : 측정요구3 OFF
[10:00:53] : 0
[10:00:53] : 측정요구4 ON
[10:01:01] : 측정요구4 OFF
[10:01:01] : 0
[10:01:22] : Cycle start ON
[10:01:22] : Cycle start OFF
[10:01:22] : 측정요구3 ON
[10:01:29] : 측정요구3 OFF
[10:01:29] : 0
[10:01:29] : 측정요구4 ON
[10:01:37] : 측정요구4 OFF
[10:01:37] : 0
[10:01:58] : Cycle start ON
[10:01:59] : Cycle start OFF
[10:01:59] : 측정요구3 ON
[10:02:05] : 측정요구3 OFF
[10:02:05] : 0
[10:02:05] : 측정요구4 ON
[10:02:13] : 측정요구4 OFF
[10:02:13] : 0
[10:02:34] : Cycle start ON
[10:02:34] : Cycle start OFF
[10:02:34] : 측정요구3 ON
[10:02:41] : 측정요구3 OFF
[10:02:41] : 0
[10:02:41] : 측정요구4 ON
[10:02:49] : 측정요구4 OFF
[10:02:49] : 0
[10:03:10] : Cycle start ON
[10:03:10] : 측정요구3 ON
[10:03:11] : Cycle start OFF
[10:03:17] : 측정요구3 OFF
[10:03:17] : 0
[10:03:17] : 측정요구4 ON
[10:03:25] : 측정요구4 OFF
[10:03:25] : 0
[10:03:46] : Cycle start ON
[10:03:46] : Cycle start OFF
[10:03:46] : 측정요구3 ON
[10:03:53] : 측정요구3 OFF
[10:03:53] : 0
[10:03:53] : 측정요구4 ON
[10:04:01] : 측정요구4 OFF
[10:04:01] : 0
[10:04:22] : Cycle start ON
[10:04:22] : Cycle start OFF
[10:04:22] : 측정요구3 ON
[10:04:29] : 측정요구3 OFF
[10:04:29] : 0
[10:04:29] : 측정요구4 ON
[10:04:37] : 측정요구4 OFF
[10:04:37] : 0
[10:04:58] : Cycle start ON
[10:04:59] : Cycle start OFF
[10:04:59] : 측정요구3 ON
[10:05:05] : 측정요구3 OFF
[10:05:05] : 0
[10:05:05] : 측정요구4 ON
[10:05:13] : 측정요구4 OFF
[10:05:13] : 0
[10:05:35] : Cycle start ON
[10:05:35] : Cycle start OFF
[10:05:35] : 측정요구3 ON
[10:05:42] : 측정요구3 OFF
[10:05:42] : 0
[10:05:42] : 측정요구4 ON
[10:05:49] : 측정요구4 OFF
[10:05:49] : 0
[10:06:11] : Cycle start ON
[10:06:11] : Cycle start OFF
[10:06:11] : 측정요구3 ON
[10:06:18] : 측정요구3 OFF
[10:06:18] : 0
[10:06:18] : 측정요구4 ON
[10:06:25] : 측정요구4 OFF
[10:06:25] : 0
[10:06:46] : Cycle start ON
[10:06:46] : Cycle start OFF
[10:06:46] : 측정요구3 ON
[10:06:53] : 측정요구3 OFF
[10:06:53] : 0
[10:06:53] : 측정요구4 ON
[10:07:01] : 측정요구4 OFF
[10:07:01] : 0
[10:07:22] : Cycle start ON
[10:07:22] : Cycle start OFF
[10:07:22] : 측정요구3 ON
[10:07:29] : 측정요구3 OFF
[10:07:29] : 0
[10:07:29] : 측정요구4 ON
[10:07:37] : 측정요구4 OFF
[10:07:37] : 0
[10:07:58] : Cycle start ON
[10:07:58] : Cycle start OFF
[10:07:58] : 측정요구3 ON
[10:08:05] : 측정요구3 OFF
[10:08:05] : 0
[10:08:05] : 측정요구4 ON
[10:08:13] : 측정요구4 OFF
[10:08:13] : 0
[10:08:34] : Cycle start ON
[10:08:34] : Cycle start OFF
[10:08:34] : 측정요구3 ON
[10:08:41] : 측정요구3 OFF
[10:08:41] : 0
[10:08:41] : 측정요구4 ON
[10:08:48] : 측정요구4 OFF
[10:08:48] : 0
[10:09:10] : Cycle start ON
[10:09:11] : Cycle start OFF
[10:09:11] : 측정요구3 ON
[10:09:17] : 측정요구3 OFF
[10:09:17] : 0
[10:09:17] : 측정요구4 ON
[10:09:24] : 측정요구4 OFF
[10:09:24] : 0
[10:09:46] : Cycle start ON
[10:09:46] : 측정요구3 ON
[10:09:46] : Cycle start OFF
[10:09:53] : 측정요구3 OFF
[10:09:53] : 0
[10:09:53] : 측정요구4 ON
[10:10:00] : 측정요구4 OFF
[10:10:00] : 0
[10:10:22] : Cycle start ON
[10:10:22] : Cycle start OFF
[10:10:22] : 측정요구3 ON
[10:10:29] : 측정요구3 OFF
[10:10:29] : 0
[10:10:29] : 측정요구4 ON
[10:10:36] : 측정요구4 OFF
[10:10:36] : 0
[10:10:58] : Cycle start ON
[10:10:58] : Cycle start OFF
[10:10:58] : 측정요구3 ON
[10:11:05] : 측정요구3 OFF
[10:11:05] : 0
[10:11:05] : 측정요구4 ON
[10:11:12] : 측정요구4 OFF
[10:11:12] : 0
[10:11:34] : Cycle start ON
[10:11:34] : Cycle start OFF
[10:11:34] : 측정요구3 ON
[10:11:41] : 측정요구3 OFF
[10:11:41] : 0
[10:11:41] : 측정요구4 ON
[10:11:48] : 측정요구4 OFF
[10:11:48] : 0
[10:12:10] : Cycle start ON
[10:12:10] : Cycle start OFF
[10:12:10] : 측정요구3 ON
[10:12:17] : 측정요구3 OFF
[10:12:17] : 0
[10:12:17] : 측정요구4 ON
[10:12:24] : 측정요구4 OFF
[10:12:24] : 0
[10:12:46] : Cycle start ON
[10:12:47] : Cycle start OFF
[10:12:47] : 측정요구3 ON
[10:12:53] : 측정요구3 OFF
[10:12:53] : 0
[10:12:53] : 측정요구4 ON
[10:13:00] : 측정요구4 OFF
[10:13:00] : 0
[10:13:22] : Cycle start ON
[10:13:22] : Cycle start OFF
[10:13:22] : 측정요구3 ON
[10:13:29] : 측정요구3 OFF
[10:13:29] : 0
[10:13:29] : 측정요구4 ON
[10:13:36] : 측정요구4 OFF
[10:13:36] : 0
[10:13:58] : Cycle start ON
[10:13:58] : Cycle start OFF
[10:13:58] : 측정요구3 ON
[10:14:05] : 측정요구3 OFF
[10:14:05] : 0
[10:14:05] : 측정요구4 ON
[10:14:12] : 측정요구4 OFF
[10:14:12] : 0
[10:14:34] : Cycle start ON
[10:14:34] : Cycle start OFF
[10:14:34] : 측정요구3 ON
[10:14:41] : 측정요구3 OFF
[10:14:41] : 0
[10:14:41] : 측정요구4 ON
[10:14:48] : 측정요구4 OFF
[10:14:48] : 0
[10:15:10] : Cycle start ON
[10:15:10] : Cycle start OFF
[10:15:10] : 측정요구3 ON
[10:15:17] : 측정요구3 OFF
[10:15:17] : 0
[10:15:17] : 측정요구4 ON
[10:15:24] : 측정요구4 OFF
[10:15:24] : 0
[10:15:46] : Cycle start ON
[10:15:46] : Cycle start OFF
[10:15:46] : 측정요구3 ON
[10:15:53] : 측정요구3 OFF
[10:15:53] : 0
[10:15:53] : 측정요구4 ON
[10:16:00] : 측정요구4 OFF
[10:16:00] : 0
[10:16:22] : Cycle start ON
[10:16:22] : Cycle start OFF
[10:16:22] : 측정요구3 ON
[10:16:29] : 측정요구3 OFF
[10:16:29] : 0
[10:16:29] : 측정요구4 ON
[10:16:36] : 측정요구4 OFF
[10:16:36] : 0
[10:16:58] : Cycle start ON
[10:16:58] : Cycle start OFF
[10:16:58] : 측정요구3 ON
[10:17:05] : 측정요구3 OFF
[10:17:05] : 0
[10:17:05] : 측정요구4 ON
[10:17:12] : 측정요구4 OFF
[10:17:12] : 0
[10:17:34] : Cycle start ON
[10:17:34] : Cycle start OFF
[10:17:34] : 측정요구3 ON
[10:17:41] : 측정요구3 OFF
[10:17:41] : 0
[10:17:41] : 측정요구4 ON
[10:17:48] : 측정요구4 OFF
[10:17:48] : 0
[10:18:10] : Cycle start ON
[10:18:10] : Cycle start OFF
[10:18:10] : 측정요구3 ON
[10:18:17] : 측정요구3 OFF
[10:18:17] : 0
[10:18:17] : 측정요구4 ON
[10:18:24] : 측정요구4 OFF
[10:18:24] : 0
[10:18:45] : Cycle start ON
[10:18:45] : Cycle start OFF
[10:18:45] : 측정요구3 ON
[10:18:52] : 측정요구3 OFF
[10:18:52] : 0
[10:18:52] : 측정요구4 ON
[10:19:00] : 측정요구4 OFF
[10:19:00] : 0
[10:19:21] : Cycle start ON
[10:19:21] : Cycle start OFF
[10:19:21] : 측정요구3 ON
[10:19:28] : 측정요구3 OFF
[10:19:28] : 0
[10:19:28] : 측정요구4 ON
[10:19:35] : 측정요구4 OFF
[10:19:35] : 0
[10:19:57] : Cycle start ON
[10:19:57] : Cycle start OFF
[10:19:57] : 측정요구3 ON
[10:20:04] : 측정요구3 OFF
[10:20:04] : 0
[10:20:04] : 측정요구4 ON
[10:20:11] : 측정요구4 OFF
[10:20:11] : 0
[10:20:33] : Cycle start ON
[10:20:33] : Cycle start OFF
[10:20:33] : 측정요구3 ON
[10:20:40] : 측정요구3 OFF
[10:20:40] : 0
[10:20:40] : 측정요구4 ON
[10:20:47] : 측정요구4 OFF
[10:20:47] : 0
[10:21:09] : Cycle start ON
[10:21:09] : Cycle start OFF
[10:21:09] : 측정요구3 ON
[10:21:16] : 측정요구3 OFF
[10:21:16] : 0
[10:21:16] : 측정요구4 ON
[10:21:23] : 측정요구4 OFF
[10:21:23] : 0
[10:27:27] : Cycle start ON
[10:27:27] : Cycle start OFF
[10:27:27] : 측정요구3 ON
[10:27:34] : 측정요구3 OFF
[10:27:34] : 0
[10:27:34] : 측정요구4 ON
[10:27:41] : 측정요구4 OFF
[10:27:41] : 0
[10:28:03] : Cycle start ON
[10:28:03] : Cycle start OFF
[10:28:03] : 측정요구3 ON
[10:28:10] : 측정요구3 OFF
[10:28:10] : 0
[10:28:10] : 측정요구4 ON
[10:28:17] : 측정요구4 OFF
[10:28:17] : 0
[10:28:38] : Cycle start ON
[10:28:38] : Cycle start OFF
[10:28:38] : 측정요구3 ON
[10:28:45] : 측정요구3 OFF
[10:28:45] : 0
[10:28:45] : 측정요구4 ON
[10:28:53] : 측정요구4 OFF
[10:28:53] : 0
[10:29:14] : Cycle start ON
[10:29:14] : Cycle start OFF
[10:29:14] : 측정요구3 ON
[10:29:21] : 측정요구3 OFF
[10:29:21] : 0
[10:29:21] : 측정요구4 ON
[10:29:29] : 측정요구4 OFF
[10:29:29] : 0
[10:29:50] : Cycle start ON
[10:29:50] : Cycle start OFF
[10:29:50] : 측정요구3 ON
[10:29:57] : 측정요구3 OFF
[10:29:57] : 0
[10:29:57] : 측정요구4 ON
[10:30:05] : 측정요구4 OFF
[10:30:05] : 0
[10:30:26] : Cycle start ON
[10:30:26] : Cycle start OFF
[10:30:26] : 측정요구3 ON
[10:30:33] : 측정요구3 OFF
[10:30:33] : 0
[10:30:33] : 측정요구4 ON
[10:30:41] : 측정요구4 OFF
[10:30:41] : 0
[10:31:02] : Cycle start ON
[10:31:02] : Cycle start OFF
[10:31:02] : 측정요구3 ON
[10:31:09] : 측정요구3 OFF
[10:31:09] : 0
[10:31:09] : 측정요구4 ON
[10:31:17] : 측정요구4 OFF
[10:31:17] : 0
[10:31:38] : Cycle start ON
[10:31:38] : Cycle start OFF
[10:31:38] : 측정요구3 ON
[10:31:45] : 측정요구3 OFF
[10:31:45] : 0
[10:31:45] : 측정요구4 ON
[10:31:52] : 측정요구4 OFF
[10:31:52] : 0
[10:32:14] : Cycle start ON
[10:32:14] : Cycle start OFF
[10:32:14] : 측정요구3 ON
[10:32:21] : 측정요구3 OFF
[10:32:21] : 0
[10:32:21] : 측정요구4 ON
[10:32:28] : 측정요구4 OFF
[10:32:28] : 0
[10:32:50] : Cycle start ON
[10:32:50] : Cycle start OFF
[10:32:50] : 측정요구3 ON
[10:32:57] : 측정요구3 OFF
[10:32:57] : 0
[10:32:57] : 측정요구4 ON
[10:33:04] : 측정요구4 OFF
[10:33:04] : 0
[10:33:26] : Cycle start ON
[10:33:26] : Cycle start OFF
[10:33:26] : 측정요구3 ON
[10:33:33] : 측정요구3 OFF
[10:33:33] : 0
[10:33:33] : 측정요구4 ON
[10:33:40] : 측정요구4 OFF
[10:33:40] : 0
[10:34:02] : Cycle start ON
[10:34:02] : Cycle start OFF
[10:34:02] : 측정요구3 ON
[10:34:09] : 측정요구3 OFF
[10:34:09] : 0
[10:34:09] : 측정요구4 ON
[10:34:16] : 측정요구4 OFF
[10:34:16] : 0
[10:34:38] : Cycle start ON
[10:34:38] : Cycle start OFF
[10:34:38] : 측정요구3 ON
[10:34:45] : 측정요구3 OFF
[10:34:45] : 0
[10:34:45] : 측정요구4 ON
[10:34:52] : 측정요구4 OFF
[10:34:52] : 0
[10:35:13] : Cycle start ON
[10:35:14] : Cycle start OFF
[10:35:14] : 측정요구3 ON
[10:35:20] : 측정요구3 OFF
[10:35:20] : 0
[10:35:20] : 측정요구4 ON
[10:35:28] : 측정요구4 OFF
[10:35:28] : 0
[10:35:49] : Cycle start ON
[10:35:49] : Cycle start OFF
[10:35:49] : 측정요구3 ON
[10:35:56] : 측정요구3 OFF
[10:35:56] : 0
[10:35:56] : 측정요구4 ON
[10:36:04] : 측정요구4 OFF
[10:36:04] : 0
[10:36:25] : Cycle start ON
[10:36:25] : Cycle start OFF
[10:36:25] : 측정요구3 ON
[10:36:32] : 측정요구3 OFF
[10:36:32] : 0
[10:36:32] : 측정요구4 ON
[10:36:40] : 측정요구4 OFF
[10:36:40] : 0
[10:37:01] : Cycle start ON
[10:37:01] : Cycle start OFF
[10:37:01] : 측정요구3 ON
[10:37:08] : 측정요구3 OFF
[10:37:08] : 0
[10:37:08] : 측정요구4 ON
[10:37:15] : 측정요구4 OFF
[10:37:15] : 0
[10:37:37] : Cycle start ON
[10:37:37] : Cycle start OFF
[10:37:37] : 측정요구3 ON
[10:37:44] : 측정요구3 OFF
[10:37:44] : 0
[10:37:44] : 측정요구4 ON
[10:37:51] : 측정요구4 OFF
[10:37:51] : 0
[10:38:13] : Cycle start ON
[10:38:13] : Cycle start OFF
[10:38:13] : 측정요구3 ON
[10:38:20] : 측정요구3 OFF
[10:38:20] : 0
[10:38:20] : 측정요구4 ON
[10:38:27] : 측정요구4 OFF
[10:38:27] : 0
[10:38:49] : Cycle start ON
[10:38:49] : Cycle start OFF
[10:38:49] : 측정요구3 ON
[10:38:56] : 측정요구3 OFF
[10:38:56] : 0
[10:38:56] : 측정요구4 ON
[10:39:03] : 측정요구4 OFF
[10:39:03] : 0
[10:39:24] : Cycle start ON
[10:39:24] : Cycle start OFF
[10:39:24] : 측정요구3 ON
[10:39:31] : 측정요구3 OFF
[10:39:31] : 0
[10:39:31] : 측정요구4 ON
[10:39:39] : 측정요구4 OFF
[10:39:39] : 0
[10:40:00] : Cycle start ON
[10:40:00] : Cycle start OFF
[10:40:00] : 측정요구3 ON
[10:40:07] : 측정요구3 OFF
[10:40:07] : 0
[10:40:07] : 측정요구4 ON
[10:40:14] : 측정요구4 OFF
[10:40:14] : 0
[10:40:36] : Cycle start ON
[10:40:36] : Cycle start OFF
[10:40:36] : 측정요구3 ON
[10:40:43] : 측정요구3 OFF
[10:40:43] : 0
[10:40:43] : 측정요구4 ON
[10:40:50] : 측정요구4 OFF
[10:40:50] : 0
[10:41:12] : Cycle start ON
[10:41:12] : 측정요구3 ON
[10:41:12] : Cycle start OFF
[10:41:19] : 측정요구3 OFF
[10:41:19] : 0
[10:41:19] : 측정요구4 ON
[10:41:26] : 측정요구4 OFF
[10:41:26] : 0
[10:41:47] : Cycle start ON
[10:41:47] : Cycle start OFF
[10:41:47] : 측정요구3 ON
[10:41:54] : 측정요구3 OFF
[10:41:54] : 0
[10:41:54] : 측정요구4 ON
[10:42:02] : 측정요구4 OFF
[10:42:02] : 0
[10:42:23] : Cycle start ON
[10:42:23] : Cycle start OFF
[10:42:23] : 측정요구3 ON
[10:42:30] : 측정요구3 OFF
[10:42:30] : 0
[10:42:30] : 측정요구4 ON
[10:42:38] : 측정요구4 OFF
[10:42:38] : 0
[10:42:59] : Cycle start ON
[10:42:59] : Cycle start OFF
[10:42:59] : 측정요구3 ON
[10:43:06] : 측정요구3 OFF
[10:43:06] : 0
[10:43:06] : 측정요구4 ON
[10:43:13] : 측정요구4 OFF
[10:43:13] : 0
[10:43:35] : Cycle start ON
[10:43:35] : Cycle start OFF
[10:43:35] : 측정요구3 ON
[10:43:42] : 측정요구3 OFF
[10:43:42] : 0
[10:43:42] : 측정요구4 ON
[10:43:49] : 측정요구4 OFF
[10:43:49] : 0
[10:44:11] : Cycle start ON
[10:44:11] : Cycle start OFF
[10:44:11] : 측정요구3 ON
[10:44:18] : 측정요구3 OFF
[10:44:18] : 0
[10:44:18] : 측정요구4 ON
[10:44:25] : 측정요구4 OFF
[10:44:25] : 0
[10:44:47] : Cycle start ON
[10:44:47] : Cycle start OFF
[10:44:47] : 측정요구3 ON
[10:44:54] : 측정요구3 OFF
[10:44:54] : 0
[10:44:54] : 측정요구4 ON
[10:45:01] : 측정요구4 OFF
[10:45:01] : 0
[10:45:23] : Cycle start ON
[10:45:23] : Cycle start OFF
[10:45:23] : 측정요구3 ON
[10:45:30] : 측정요구3 OFF
[10:45:30] : 0
[10:45:30] : 측정요구4 ON
[10:45:37] : 측정요구4 OFF
[10:45:37] : 0
[10:45:58] : Cycle start ON
[10:45:58] : Cycle start OFF
[10:45:58] : 측정요구3 ON
[10:46:05] : 측정요구3 OFF
[10:46:05] : 0
[10:46:05] : 측정요구4 ON
[10:46:13] : 측정요구4 OFF
[10:46:13] : 0
[10:46:34] : Cycle start ON
[10:46:34] : Cycle start OFF
[10:46:34] : 측정요구3 ON
[10:46:41] : 측정요구3 OFF
[10:46:41] : 0
[10:46:41] : 측정요구4 ON
[10:46:48] : 측정요구4 OFF
[10:46:48] : 0
[10:47:10] : Cycle start ON
[10:47:10] : Cycle start OFF
[10:47:10] : 측정요구3 ON
[10:47:17] : 측정요구3 OFF
[10:47:17] : 0
[10:47:17] : 측정요구4 ON
[10:47:24] : 측정요구4 OFF
[10:47:24] : 0
[10:47:46] : Cycle start ON
[10:47:46] : Cycle start OFF
[10:47:46] : 측정요구3 ON
[10:47:53] : 측정요구3 OFF
[10:47:53] : 0
[10:47:53] : 측정요구4 ON
[10:48:00] : 측정요구4 OFF
[10:48:00] : 0
[10:48:21] : Cycle start ON
[10:48:21] : Cycle start OFF
[10:48:21] : 측정요구3 ON
[10:48:28] : 측정요구3 OFF
[10:48:28] : 0
[10:48:28] : 측정요구4 ON
[10:48:36] : 측정요구4 OFF
[10:48:36] : 0
[10:48:57] : Cycle start ON
[10:48:57] : Cycle start OFF
[10:48:57] : 측정요구3 ON
[10:49:04] : 측정요구3 OFF
[10:49:04] : 0
[10:49:04] : 측정요구4 ON
[10:49:12] : 측정요구4 OFF
[10:49:12] : 0
[10:49:33] : Cycle start ON
[10:49:33] : Cycle start OFF
[10:49:33] : 측정요구3 ON
[10:49:40] : 측정요구3 OFF
[10:49:40] : 0
[10:49:40] : 측정요구4 ON
[10:49:47] : 측정요구4 OFF
[10:49:47] : 0
[10:50:09] : Cycle start ON
[10:50:09] : Cycle start OFF
[10:50:09] : 측정요구3 ON
[10:50:16] : 측정요구3 OFF
[10:50:16] : 0
[10:50:16] : 측정요구4 ON
[10:50:23] : 측정요구4 OFF
[10:50:23] : 0
[10:50:45] : Cycle start ON
[10:50:45] : Cycle start OFF
[10:50:45] : 측정요구3 ON
[10:50:52] : 측정요구3 OFF
[10:50:52] : 0
[10:50:52] : 측정요구4 ON
[10:50:59] : 측정요구4 OFF
[10:50:59] : 0
 
[15:23:58] : PROGRAM END
 
[15:38:39] : PROGRAM START
[15:38:42] : AUTO RUNNING OFF
[15:38:42] : REQUEST MEAS. OFF
[15:38:42] : REQUEST ZEROSET OFF
[15:38:42] : REQUEST ZEROSET OFF
[15:46:09] : Cycle start ON
[15:46:10] : Cycle start OFF
[15:46:10] : 측정요구3 ON
[15:46:16] : 측정요구3 OFF
[15:46:16] : 0
[15:46:16] : 측정요구4 ON
[15:46:24] : 측정요구4 OFF
[15:46:24] : 0
[15:47:22] : Cycle start ON
[15:47:22] : Cycle start OFF
[15:47:22] : 측정요구3 ON
[15:47:29] : 측정요구3 OFF
[15:47:29] : 0
[15:47:29] : 측정요구4 ON
[15:47:36] : 측정요구4 OFF
[15:47:36] : 0
[15:51:13] : Cycle start ON
[15:51:14] : Cycle start OFF
[15:51:14] : 측정요구3 ON
[15:51:20] : 측정요구3 OFF
[15:51:21] : 0
[15:51:21] : 측정요구4 ON
[15:51:28] : 측정요구4 OFF
[15:51:28] : 0
[15:53:09] : Cycle start ON
[15:53:09] : Cycle start OFF
[15:53:09] : 측정요구3 ON
[15:53:16] : 측정요구3 OFF
[15:53:16] : 0
[15:53:16] : 측정요구4 ON
[15:53:24] : 측정요구4 OFF
[15:53:24] : 0
[15:54:09] : Cycle start ON
[15:54:10] : Cycle start OFF
[15:54:10] : 측정요구3 ON
[15:54:16] : 측정요구3 OFF
[15:54:16] : 0
[15:54:16] : 측정요구4 ON
[15:54:24] : 측정요구4 OFF
[15:54:24] : 0
[15:57:05] : Cycle start ON
[15:57:05] : Cycle start OFF
[15:57:05] : 측정요구3 ON
[15:57:12] : 측정요구3 OFF
[15:57:12] : 0
[15:57:12] : 측정요구4 ON
[15:57:19] : 측정요구4 OFF
[15:57:19] : 0
[15:57:41] : Cycle start ON
[15:57:41] : Cycle start OFF
[15:57:41] : 측정요구3 ON
[15:57:48] : 측정요구3 OFF
[15:57:48] : 0
[15:57:48] : 측정요구4 ON
[15:57:55] : 측정요구4 OFF
[15:57:55] : 0
[15:58:16] : Cycle start ON
[15:58:16] : Cycle start OFF
[15:58:16] : 측정요구3 ON
[15:58:23] : 측정요구3 OFF
[15:58:23] : 0
[15:58:23] : 측정요구4 ON
[15:58:30] : 측정요구4 OFF
[15:58:30] : 0
[15:58:51] : Cycle start ON
[15:58:51] : Cycle start OFF
[15:58:51] : 측정요구3 ON
[15:58:58] : 측정요구3 OFF
[15:58:58] : 0
[15:58:58] : 측정요구4 ON
[15:59:06] : 측정요구4 OFF
[15:59:06] : 0
[15:59:27] : Cycle start ON
[15:59:27] : Cycle start OFF
[15:59:27] : 측정요구3 ON
[15:59:34] : 측정요구3 OFF
[15:59:34] : 0
[15:59:34] : 측정요구4 ON
[15:59:41] : 측정요구4 OFF
[15:59:41] : 0
[16:00:02] : Cycle start ON
[16:00:02] : Cycle start OFF
[16:00:02] : 측정요구3 ON
[16:00:09] : 측정요구3 OFF
[16:00:09] : 0
[16:00:09] : 측정요구4 ON
[16:00:16] : 측정요구4 OFF
[16:00:16] : 0
[16:00:37] : Cycle start ON
[16:00:37] : Cycle start OFF
[16:00:37] : 측정요구3 ON
[16:00:44] : 측정요구3 OFF
[16:00:44] : 0
[16:00:44] : 측정요구4 ON
[16:00:52] : 측정요구4 OFF
[16:00:52] : 0
[16:01:13] : Cycle start ON
[16:01:13] : Cycle start OFF
[16:01:13] : 측정요구3 ON
[16:01:20] : 측정요구3 OFF
[16:01:20] : 0
[16:01:20] : 측정요구4 ON
[16:01:27] : 측정요구4 OFF
[16:01:27] : 0
[16:01:48] : Cycle start ON
[16:01:48] : Cycle start OFF
[16:01:48] : 측정요구3 ON
[16:01:55] : 측정요구3 OFF
[16:01:55] : 0
[16:01:55] : 측정요구4 ON
[16:02:02] : 측정요구4 OFF
[16:02:02] : 0
[16:02:24] : Cycle start ON
[16:02:24] : Cycle start OFF
[16:02:24] : 측정요구3 ON
[16:02:31] : 측정요구3 OFF
[16:02:31] : 0
[16:02:31] : 측정요구4 ON
[16:02:38] : 측정요구4 OFF
[16:02:38] : 0
[16:02:59] : Cycle start ON
[16:02:59] : Cycle start OFF
[16:02:59] : 측정요구3 ON
[16:03:06] : 측정요구3 OFF
[16:03:06] : 0
[16:03:06] : 측정요구4 ON
[16:03:13] : 측정요구4 OFF
[16:03:13] : 0
[16:03:35] : Cycle start ON
[16:03:35] : Cycle start OFF
[16:03:35] : 측정요구3 ON
[16:03:42] : 측정요구3 OFF
[16:03:42] : 0
[16:03:42] : 측정요구4 ON
[16:03:49] : 측정요구4 OFF
[16:03:49] : 0
[16:04:10] : Cycle start ON
[16:04:10] : Cycle start OFF
[16:04:10] : 측정요구3 ON
[16:04:17] : 측정요구3 OFF
[16:04:17] : 0
[16:04:17] : 측정요구4 ON
[16:04:25] : 측정요구4 OFF
[16:04:25] : 0
[16:04:46] : Cycle start ON
[16:04:46] : Cycle start OFF
[16:04:46] : 측정요구3 ON
[16:04:53] : 측정요구3 OFF
[16:04:53] : 0
[16:04:53] : 측정요구4 ON
[16:05:00] : 측정요구4 OFF
[16:05:00] : 0
[16:05:21] : Cycle start ON
[16:05:21] : 측정요구3 ON
[16:05:21] : Cycle start OFF
[16:05:28] : 측정요구3 OFF
[16:05:28] : 0
[16:05:28] : 측정요구4 ON
[16:05:36] : 측정요구4 OFF
[16:05:36] : 0
[16:05:57] : Cycle start ON
[16:05:57] : Cycle start OFF
[16:05:57] : 측정요구3 ON
[16:06:04] : 측정요구3 OFF
[16:06:04] : 0
[16:06:04] : 측정요구4 ON
[16:06:11] : 측정요구4 OFF
[16:06:11] : 0
[16:06:32] : Cycle start ON
[16:06:32] : Cycle start OFF
[16:06:32] : 측정요구3 ON
[16:06:39] : 측정요구3 OFF
[16:06:39] : 0
[16:06:39] : 측정요구4 ON
[16:06:46] : 측정요구4 OFF
[16:06:46] : 0
[16:07:08] : Cycle start ON
[16:07:08] : Cycle start OFF
[16:07:08] : 측정요구3 ON
[16:07:15] : 측정요구3 OFF
[16:07:15] : 0
[16:07:15] : 측정요구4 ON
[16:07:22] : 측정요구4 OFF
[16:07:22] : 0
[16:26:47] : Cycle start ON
[16:26:48] : Cycle start OFF
[16:26:48] : 측정요구3 ON
[16:26:54] : 측정요구3 OFF
[16:26:54] : 0
[16:26:54] : 측정요구4 ON
[16:27:02] : 측정요구4 OFF
[16:27:02] : 0
[16:27:23] : Cycle start ON
[16:27:23] : Cycle start OFF
[16:27:23] : 측정요구3 ON
[16:27:30] : 측정요구3 OFF
[16:27:30] : 0
[16:27:30] : 측정요구4 ON
[16:27:38] : 측정요구4 OFF
[16:27:38] : 0
[16:28:19] : Cycle start ON
[16:28:19] : Cycle start OFF
[16:28:19] : 측정요구3 ON
[16:28:26] : 측정요구3 OFF
[16:28:26] : 0
[16:28:26] : 측정요구4 ON
[16:28:33] : 측정요구4 OFF
[16:28:33] : 0
[16:28:54] : Cycle start ON
[16:28:54] : Cycle start OFF
[16:28:54] : 측정요구3 ON
[16:29:01] : 측정요구3 OFF
[16:29:01] : 0
[16:29:01] : 측정요구4 ON
[16:29:08] : 측정요구4 OFF
[16:29:08] : 0
[16:29:30] : Cycle start ON
[16:29:30] : Cycle start OFF
[16:29:30] : 측정요구3 ON
[16:29:37] : 측정요구3 OFF
[16:29:37] : 0
[16:29:37] : 측정요구4 ON
[16:29:44] : 측정요구4 OFF
[16:29:44] : 0
[16:30:05] : Cycle start ON
[16:30:05] : Cycle start OFF
[16:30:05] : 측정요구3 ON
[16:30:12] : 측정요구3 OFF
[16:30:12] : 0
[16:30:12] : 측정요구4 ON
[16:30:19] : 측정요구4 OFF
[16:30:19] : 0
[16:30:41] : Cycle start ON
[16:30:41] : Cycle start OFF
[16:30:41] : 측정요구3 ON
[16:30:48] : 측정요구3 OFF
[16:30:48] : 0
[16:30:48] : 측정요구4 ON
[16:30:55] : 측정요구4 OFF
[16:30:55] : 0
[16:31:16] : Cycle start ON
[16:31:16] : Cycle start OFF
[16:31:16] : 측정요구3 ON
[16:31:23] : 측정요구3 OFF
[16:31:23] : 0
[16:31:23] : 측정요구4 ON
[16:31:30] : 측정요구4 OFF
[16:31:30] : 0
[16:31:52] : Cycle start ON
[16:31:52] : Cycle start OFF
[16:31:52] : 측정요구3 ON
[16:31:59] : 측정요구3 OFF
[16:31:59] : 0
[16:31:59] : 측정요구4 ON
[16:32:06] : 측정요구4 OFF
[16:32:06] : 0
[16:32:27] : Cycle start ON
[16:32:27] : Cycle start OFF
[16:32:27] : 측정요구3 ON
[16:32:34] : 측정요구3 OFF
[16:32:34] : 0
[16:32:34] : 측정요구4 ON
[16:32:41] : 측정요구4 OFF
[16:32:41] : 0
[16:33:03] : Cycle start ON
[16:33:03] : Cycle start OFF
[16:33:03] : 측정요구3 ON
[16:33:09] : 측정요구3 OFF
[16:33:10] : 0
[16:33:10] : 측정요구4 ON
[16:33:17] : 측정요구4 OFF
[16:33:17] : 0
[16:33:38] : Cycle start ON
[16:33:38] : Cycle start OFF
[16:33:38] : 측정요구3 ON
[16:33:45] : 측정요구3 OFF
[16:33:45] : 0
[16:33:45] : 측정요구4 ON
[16:33:52] : 측정요구4 OFF
[16:33:52] : 0
[16:34:13] : Cycle start ON
[16:34:13] : Cycle start OFF
[16:34:13] : 측정요구3 ON
[16:34:20] : 측정요구3 OFF
[16:34:20] : 0
[16:34:20] : 측정요구4 ON
[16:34:28] : 측정요구4 OFF
[16:34:28] : 0
[16:34:49] : Cycle start ON
[16:34:49] : Cycle start OFF
[16:34:49] : 측정요구3 ON
[16:34:56] : 측정요구3 OFF
[16:34:56] : 0
[16:34:56] : 측정요구4 ON
[16:35:03] : 측정요구4 OFF
[16:35:03] : 0
[16:35:25] : Cycle start ON
[16:35:25] : Cycle start OFF
[16:35:25] : 측정요구3 ON
[16:35:32] : 측정요구3 OFF
[16:35:32] : 0
[16:35:32] : 측정요구4 ON
[16:35:39] : 측정요구4 OFF
[16:35:39] : 0
[16:36:00] : Cycle start ON
[16:36:00] : Cycle start OFF
[16:36:00] : 측정요구3 ON
[16:36:07] : 측정요구3 OFF
[16:36:07] : 0
[16:36:07] : 측정요구4 ON
[16:36:14] : 측정요구4 OFF
[16:36:14] : 0
[16:36:35] : Cycle start ON
[16:36:35] : Cycle start OFF
[16:36:35] : 측정요구3 ON
[16:36:42] : 측정요구3 OFF
[16:36:42] : 0
[16:36:42] : 측정요구4 ON
[16:36:50] : 측정요구4 OFF
[16:36:50] : 0
[16:37:11] : Cycle start ON
[16:37:11] : Cycle start OFF
[16:37:11] : 측정요구3 ON
[16:37:18] : 측정요구3 OFF
[16:37:18] : 0
[16:37:18] : 측정요구4 ON
[16:37:25] : 측정요구4 OFF
[16:37:25] : 0
[16:37:46] : Cycle start ON
[16:37:46] : Cycle start OFF
[16:37:46] : 측정요구3 ON
[16:37:53] : 측정요구3 OFF
[16:37:53] : 0
[16:37:53] : 측정요구4 ON
[16:38:00] : 측정요구4 OFF
[16:38:00] : 0
[16:38:22] : Cycle start ON
[16:38:22] : Cycle start OFF
[16:38:22] : 측정요구3 ON
[16:38:29] : 측정요구3 OFF
[16:38:29] : 0
[16:38:29] : 측정요구4 ON
[16:38:36] : 측정요구4 OFF
[16:38:36] : 0
[23:34:03] : PROGRAM END
 
[23:36:07] : PROGRAM START
[23:36:11] : AUTO RUNNING OFF
[23:36:11] : REQUEST MEAS. OFF
[23:36:11] : REQUEST ZEROSET OFF
[23:36:11] : REQUEST ZEROSET OFF
[23:36:48] : 0
[23:36:51] : 0
[23:37:04] : PROGRAM END
 
[23:37:15] : PROGRAM START
[23:37:18] : AUTO RUNNING OFF
[23:37:18] : REQUEST MEAS. OFF
[23:37:18] : REQUEST ZEROSET OFF
[23:37:18] : REQUEST ZEROSET OFF
 
