 
[11:57:39] : Plc Error Timer
[11:57:45] : Plc Error Timer
[11:57:51] : Plc Error Timer
[11:57:57] : Plc Error Timer
[11:58:03] : Plc Error Timer
[11:58:10] : Plc Error Timer
[11:58:16] : Plc Error Timer
[11:58:22] : Plc Error Timer
[11:58:28] : Plc Error Timer
[11:58:34] : Plc Error Timer
[11:58:40] : Plc Error Timer
[11:58:46] : Plc Error Timer
[11:58:52] : Plc Error Timer
[11:58:58] : Plc Error Timer
[11:59:04] : Plc Error Timer
[11:59:11] : Plc Error Timer
[11:59:17] : Plc Error Timer
[11:59:23] : Plc Error Timer
[11:59:29] : Plc Error Timer
[11:59:35] : Plc Error Timer
[11:59:41] : Plc Error Timer
[11:59:47] : Plc Error Timer
[11:59:53] : Plc Error Timer
[11:59:59] : Plc Error Timer
[12:00:05] : Plc Error Timer
[12:00:12] : Plc Error Timer
[12:00:18] : Plc Error Timer
[12:00:24] : Plc Error Timer
[12:00:30] : Plc Error Timer
[12:00:36] : Plc Error Timer
[12:00:42] : Plc Error Timer
[12:00:48] : Plc Error Timer
[12:00:54] : Plc Error Timer
[12:01:00] : Plc Error Timer
[12:01:06] : Plc Error Timer
[12:01:13] : Plc Error Timer
[12:01:19] : Plc Error Timer
[12:01:25] : Plc Error Timer
[12:01:31] : Plc Error Timer
[12:01:37] : Plc Error Timer
[12:01:43] : Plc Error Timer
[12:01:49] : Plc Error Timer
[12:01:55] : Plc Error Timer
[12:02:01] : Plc Error Timer
[12:02:07] : Plc Error Timer
[12:02:14] : Plc Error Timer
[12:02:20] : Plc Error Timer
[12:02:26] : Plc Error Timer
[12:02:32] : Plc Error Timer
[12:02:38] : Plc Error Timer
[12:02:44] : Plc Error Timer
[12:02:50] : Plc Error Timer
[12:02:56] : Plc Error Timer
[12:03:02] : Plc Error Timer
[12:03:08] : Plc Error Timer
[12:03:15] : Plc Error Timer
[12:03:21] : Plc Error Timer
[12:03:27] : Plc Error Timer
[12:03:33] : Plc Error Timer
[12:03:39] : Plc Error Timer
[12:03:45] : Plc Error Timer
[12:03:51] : Plc Error Timer
[12:03:57] : Plc Error Timer
[12:04:03] : Plc Error Timer
[12:04:09] : Plc Error Timer
[12:04:16] : Plc Error Timer
[12:04:22] : Plc Error Timer
[12:04:28] : Plc Error Timer
[12:04:34] : Plc Error Timer
[12:04:40] : Plc Error Timer
[12:04:46] : Plc Error Timer
[12:04:52] : Plc Error Timer
[12:04:58] : Plc Error Timer
[12:05:04] : Plc Error Timer
[12:05:10] : Plc Error Timer
[12:05:17] : Plc Error Timer
[12:05:23] : Plc Error Timer
[12:05:29] : Plc Error Timer
[12:05:35] : Plc Error Timer
[12:05:41] : Plc Error Timer
[12:05:47] : Plc Error Timer
[12:05:53] : Plc Error Timer
[12:05:59] : Plc Error Timer
[12:06:05] : Plc Error Timer
[12:06:11] : Plc Error Timer
[12:06:18] : Plc Error Timer
[12:06:24] : Plc Error Timer
[12:06:30] : Plc Error Timer
[12:06:36] : Plc Error Timer
[12:06:42] : Plc Error Timer
[12:06:48] : Plc Error Timer
[12:06:54] : Plc Error Timer
[12:07:00] : Plc Error Timer
[12:07:06] : Plc Error Timer
[12:07:12] : Plc Error Timer
[12:07:19] : Plc Error Timer
[12:07:25] : Plc Error Timer
[12:07:31] : Plc Error Timer
[12:07:37] : Plc Error Timer
[12:07:43] : Plc Error Timer
[12:07:49] : Plc Error Timer
[12:07:55] : Plc Error Timer
[12:08:01] : Plc Error Timer
[12:08:07] : Plc Error Timer
[12:08:13] : Plc Error Timer
[12:08:20] : Plc Error Timer
[12:08:26] : Plc Error Timer
[12:08:32] : Plc Error Timer
[12:08:38] : Plc Error Timer
[12:08:44] : Plc Error Timer
[12:08:50] : Plc Error Timer
[12:08:56] : Plc Error Timer
[12:09:02] : Plc Error Timer
[12:09:08] : Plc Error Timer
[12:09:14] : Plc Error Timer
[12:09:21] : Plc Error Timer
[12:09:27] : Plc Error Timer
[12:09:33] : Plc Error Timer
[12:09:39] : Plc Error Timer
[12:09:45] : Plc Error Timer
[12:09:51] : Plc Error Timer
[12:09:57] : Plc Error Timer
[12:10:03] : Plc Error Timer
[12:10:09] : Plc Error Timer
[12:10:15] : Plc Error Timer
[12:10:22] : Plc Error Timer
[12:10:28] : Plc Error Timer
[12:10:34] : Plc Error Timer
[12:10:40] : Plc Error Timer
[12:10:46] : Plc Error Timer
[12:10:52] : Plc Error Timer
[12:10:58] : Plc Error Timer
[12:11:04] : Plc Error Timer
[12:11:10] : Plc Error Timer
[12:11:16] : Plc Error Timer
[12:11:23] : Plc Error Timer
[12:11:29] : Plc Error Timer
[12:11:35] : Plc Error Timer
[12:11:41] : Plc Error Timer
[12:11:47] : Plc Error Timer
[12:11:53] : Plc Error Timer
[12:11:59] : Plc Error Timer
[12:12:05] : Plc Error Timer
[12:12:11] : Plc Error Timer
[12:12:17] : Plc Error Timer
[12:12:24] : Plc Error Timer
[12:12:30] : Plc Error Timer
[12:12:36] : Plc Error Timer
[12:12:42] : Plc Error Timer
[12:12:48] : Plc Error Timer
[12:12:54] : Plc Error Timer
[12:13:00] : Plc Error Timer
[12:13:06] : Plc Error Timer
[12:13:12] : Plc Error Timer
[12:13:18] : Plc Error Timer
[12:13:25] : Plc Error Timer
[12:13:31] : Plc Error Timer
[12:13:37] : Plc Error Timer
[14:12:57] : PROGRAM END
 
[14:13:01] : PROGRAM START
[14:13:06] : AUTO RUNNING OFF
[14:13:06] : REQUEST MEAS. OFF
[14:13:06] : REQUEST ZEROSET OFF
[14:13:06] : REQUEST ZEROSET OFF
[14:13:24] : PROGRAM END
 
[17:01:44] : PROGRAM START
[17:01:49] : AUTO RUNNING OFF
[17:01:49] : REQUEST MEAS. OFF
[17:01:49] : REQUEST ZEROSET OFF
[17:01:49] : REQUEST ZEROSET OFF
 
