[10:32:43] : Cycle start ON
[10:32:43] : Cycle start OFF
[10:32:43] : REQUEST MEAS. ON
[10:32:49] : REQUEST MEAS. OFF
[10:32:49] : 0
[10:32:49] : 측정요구 ON 2
[10:32:55] : 측정요구 2OFF
[10:32:55] : 0
[10:34:57] : Cycle start ON
[10:34:57] : Cycle start OFF
[10:34:57] : REQUEST MEAS. ON
[10:35:02] : REQUEST MEAS. OFF
[10:35:03] : 0
[10:35:03] : 측정요구 ON 2
[10:35:09] : 측정요구 2OFF
[10:35:09] : 0
[10:35:24] : Cycle start ON
[10:35:25] : REQUEST MEAS. ON
[10:35:25] : Cycle start OFF
[10:35:30] : REQUEST MEAS. OFF
[10:35:30] : 0
[10:35:30] : 측정요구 ON 2
[10:35:37] : 측정요구 2OFF
[10:35:37] : 0
[10:35:52] : Cycle start ON
[10:35:53] : Cycle start OFF
[10:35:53] : REQUEST MEAS. ON
[10:35:58] : REQUEST MEAS. OFF
[10:35:58] : 0
[10:35:58] : 측정요구 ON 2
[10:36:05] : 측정요구 2OFF
[10:36:05] : 0
[10:36:20] : Cycle start ON
[10:36:21] : Cycle start OFF
[10:36:21] : REQUEST MEAS. ON
[10:36:26] : REQUEST MEAS. OFF
[10:36:26] : 0
[10:36:26] : 측정요구 ON 2
[10:36:32] : 측정요구 2OFF
[10:36:32] : 0
[10:36:47] : Cycle start ON
[10:36:48] : Cycle start OFF
[10:36:48] : REQUEST MEAS. ON
[10:36:53] : REQUEST MEAS. OFF
[10:36:53] : 0
[10:36:53] : 측정요구 ON 2
[10:37:00] : 측정요구 2OFF
[10:37:00] : 0
[10:37:15] : Cycle start ON
[10:37:16] : Cycle start OFF
[10:37:16] : REQUEST MEAS. ON
[10:37:21] : REQUEST MEAS. OFF
[10:37:21] : 0
[10:37:21] : 측정요구 ON 2
[10:37:28] : 측정요구 2OFF
[10:37:28] : 0
[10:37:43] : Cycle start ON
[10:37:44] : Cycle start OFF
[10:37:44] : REQUEST MEAS. ON
[10:37:49] : REQUEST MEAS. OFF
[10:37:49] : 0
[10:37:49] : 측정요구 ON 2
[10:37:55] : 측정요구 2OFF
[10:37:55] : 0
[10:38:11] : Cycle start ON
[10:38:12] : Cycle start OFF
[10:38:12] : REQUEST MEAS. ON
[10:38:17] : REQUEST MEAS. OFF
[10:38:17] : 0
[10:38:17] : 측정요구 ON 2
[10:38:23] : 측정요구 2OFF
[10:38:23] : 0
[10:38:38] : Cycle start ON
[10:38:39] : Cycle start OFF
[10:38:39] : REQUEST MEAS. ON
[10:38:44] : REQUEST MEAS. OFF
[10:38:44] : 0
[10:38:44] : 측정요구 ON 2
[10:38:51] : 측정요구 2OFF
[10:38:51] : 0
[10:39:06] : Cycle start ON
[10:39:07] : Cycle start OFF
[10:39:07] : REQUEST MEAS. ON
[10:39:12] : REQUEST MEAS. OFF
[10:39:12] : 0
[10:39:12] : 측정요구 ON 2
[10:39:19] : 측정요구 2OFF
[10:39:19] : 0
[10:53:16] : Cycle start ON
[10:53:17] : Cycle start OFF
[10:53:17] : 측정요구3 ON
[10:53:22] : 측정요구3 OFF
[10:53:22] : 0
[10:53:22] : 측정요구4 ON
[10:53:28] : 측정요구4 OFF
[10:53:28] : 0
[10:53:46] : Cycle start ON
[10:53:47] : Cycle start OFF
[10:53:47] : 측정요구3 ON
[10:53:52] : 측정요구3 OFF
[10:53:52] : 0
[10:53:52] : 측정요구4 ON
[10:53:58] : 측정요구4 OFF
[10:53:58] : 0
[10:54:16] : Cycle start ON
[10:54:17] : Cycle start OFF
[10:54:17] : 측정요구3 ON
[10:54:22] : 측정요구3 OFF
[10:54:22] : 0
[10:54:22] : 측정요구4 ON
[10:54:28] : 측정요구4 OFF
[10:54:28] : 0
[10:54:45] : Cycle start ON
[10:54:46] : 측정요구3 ON
[10:54:46] : Cycle start OFF
[10:54:51] : 측정요구3 OFF
[10:54:51] : 0
[10:54:51] : 측정요구4 ON
[10:54:58] : 측정요구4 OFF
[10:54:58] : 0
[10:55:15] : Cycle start ON
[10:55:16] : Cycle start OFF
[10:55:16] : 측정요구3 ON
[10:55:21] : 측정요구3 OFF
[10:55:21] : 0
[10:55:21] : 측정요구4 ON
[10:55:28] : 측정요구4 OFF
[10:55:28] : 0
[10:55:45] : Cycle start ON
[10:55:46] : 측정요구3 ON
[10:55:46] : Cycle start OFF
[10:55:51] : 측정요구3 OFF
[10:55:51] : 0
[10:55:51] : 측정요구4 ON
[10:55:57] : 측정요구4 OFF
[10:55:57] : 0
[10:56:15] : Cycle start ON
[10:56:16] : Cycle start OFF
[10:56:16] : 측정요구3 ON
[10:56:21] : 측정요구3 OFF
[10:56:21] : 0
[10:56:21] : 측정요구4 ON
[10:56:27] : 측정요구4 OFF
[10:56:27] : 0
[10:56:44] : Cycle start ON
[10:56:45] : Cycle start OFF
[10:56:45] : 측정요구3 ON
[10:56:50] : 측정요구3 OFF
[10:56:50] : 0
[10:56:50] : 측정요구4 ON
[10:56:57] : 측정요구4 OFF
[10:56:57] : 0
[10:57:14] : Cycle start ON
[10:57:15] : Cycle start OFF
[10:57:15] : 측정요구3 ON
[10:57:20] : 측정요구3 OFF
[10:57:20] : 0
[10:57:20] : 측정요구4 ON
[10:57:27] : 측정요구4 OFF
[10:57:27] : 0
[10:57:44] : Cycle start ON
[10:57:44] : Cycle start OFF
[10:57:44] : 측정요구3 ON
[10:57:50] : 측정요구3 OFF
[10:57:50] : 0
[10:57:50] : 측정요구4 ON
[10:57:56] : 측정요구4 OFF
[10:57:56] : 0
 
[15:22:05] : MEAS ESC ON
[15:23:46] : MEAS ESC OFF
[15:25:51] : MEAS ESC ON
[15:26:41] : MEAS ESC OFF
[15:26:41] : AUTO RUNNING ON
[15:28:32] : AUTO RUNNING OFF
[15:30:52] : MEAS ESC ON
[15:30:53] : MEAS ESC OFF
[15:30:53] : AUTO RUNNING ON
[15:31:07] : AUTO RUNNING OFF
[15:36:50] : MEAS ESC ON
[15:36:50] : MEAS ESC OFF
[15:36:50] : AUTO RUNNING ON
[15:40:51] : Cycle start ON
[15:40:51] : Cycle start OFF
[15:40:51] : REQUEST MEAS. ON
[15:40:57] : REQUEST MEAS. OFF
[15:40:57] : 측정요구 ON 2
[15:41:03] : 측정요구 2OFF
[15:41:03] : 21,20181129-154104,CF18112053971,,OK,MAX,1,3,0.00,7.00,3.29,OK,0.00,7.00,2.96,OK,
[15:41:03] : AUTO RUNNING OFF
[15:42:08] : MEAS ESC ON
[15:42:10] : MEAS ESC OFF
[15:42:10] : AUTO RUNNING ON
[15:42:12] : AUTO RUNNING OFF
[15:44:49] : MEAS ESC ON
[15:44:56] : MEAS ESC OFF
[15:44:56] : AUTO RUNNING ON
[15:45:14] : AUTO RUNNING OFF
[15:45:25] : MEAS ESC ON
[15:45:26] : MEAS ESC OFF
[15:45:26] : AUTO RUNNING ON
[15:45:39] : Cycle start ON
[15:45:39] : Cycle start OFF
[15:45:39] : REQUEST MEAS. ON
[15:45:42] : Cycle start ON
[15:45:43] : Cycle start OFF
[15:45:45] : REQUEST MEAS. OFF
[15:45:45] : 측정요구 ON 2
[15:45:51] : 측정요구 2OFF
[15:45:51] : 21,20181129-154551,CF18112053971,,OK,MAX,1,2,0.00,7.00,2.44,OK,0.00,7.00,1.71,OK,
[15:45:51] : 측정요구3 ON
[15:45:57] : 측정요구3 OFF
[15:45:57] : 측정요구4 ON
[15:46:03] : 측정요구4 OFF
[15:46:03] : 21,20181129-154604,CF18112052691,,OK,MAX,2,1,0.00,7.00,0.20,OK,0.00,7.00,0.16,OK,
[15:49:14] : Cycle start ON
[15:49:14] : Cycle start OFF
[15:49:14] : REQUEST MEAS. ON
[15:49:20] : REQUEST MEAS. OFF
[15:49:20] : 측정요구 ON 2
[15:49:26] : 측정요구 2OFF
[15:49:26] : 21,20181129-154926,CF18112053651,,OK,MAX,1,2,0.00,7.00,1.20,OK,0.00,7.00,0.74,OK,
[15:50:00] : Cycle start ON
[15:50:00] : Cycle start OFF
[15:50:00] : REQUEST MEAS. ON
[15:50:06] : REQUEST MEAS. OFF
[15:50:06] : 측정요구 ON 2
[15:50:13] : 측정요구 2OFF
[15:50:13] : 21,20181129-155013,CF18112052661,,OK,MAX,1,3,0.00,7.00,2.27,OK,0.00,7.00,3.72,OK,
[15:50:47] : Cycle start ON
[15:50:47] : Cycle start OFF
[15:50:47] : REQUEST MEAS. ON
[15:50:53] : REQUEST MEAS. OFF
[15:50:53] : 측정요구 ON 2
[15:50:58] : 측정요구 2OFF
[15:50:59] : 21,20181129-155059,CF18112052611,,OK,MAX,1,3,0.00,7.00,3.26,OK,0.00,7.00,1.94,OK,
[15:51:33] : Cycle start ON
[15:51:34] : Cycle start OFF
[15:51:34] : REQUEST MEAS. ON
[15:51:39] : REQUEST MEAS. OFF
[15:51:39] : 측정요구 ON 2
[15:51:46] : 측정요구 2OFF
[15:51:46] : 21,20181129-155146,CF18112052771,,OK,MAX,1,2,0.00,7.00,1.80,OK,0.00,7.00,1.84,OK,
[15:53:01] : Cycle start ON
[15:53:01] : Cycle start OFF
[15:53:01] : 측정요구3 ON
[15:53:07] : 측정요구3 OFF
[15:53:07] : 측정요구4 ON
[15:53:13] : 측정요구4 OFF
[15:53:13] : 21,20181129-155314,CF18112052671,,OK,MAX,2,1,0.00,7.00,0.30,OK,0.00,7.00,0.23,OK,
[16:00:40] : AUTO RUNNING OFF
[16:02:38] : MEAS ESC ON
[16:02:39] : MEAS ESC OFF
[16:02:39] : AUTO RUNNING ON
[16:03:54] : Cycle start ON
[16:03:54] : Cycle start OFF
[16:03:54] : REQUEST MEAS. ON
[16:03:59] : REQUEST MEAS. OFF
[16:03:59] : 측정요구 ON 2
[16:04:06] : 측정요구 2OFF
[16:04:08] : TCP FAIL 1
[16:06:38] : Cycle start ON
[16:06:39] : 측정요구3 ON
[16:06:39] : Cycle start OFF
[16:06:44] : 측정요구3 OFF
[16:06:44] : 측정요구4 ON
[16:06:51] : 측정요구4 OFF
[16:06:53] : TCP FAIL 1
[16:07:30] : Cycle start ON
[16:07:30] : Cycle start OFF
[16:07:30] : REQUEST MEAS. ON
[16:07:36] : REQUEST MEAS. OFF
[16:07:36] : 측정요구 ON 2
[16:07:42] : 측정요구 2OFF
[16:07:42] : 21,20181129-160742,CF18112052731,,OK,MAX,1,2,0.00,7.00,1.08,OK,0.00,7.00,0.48,OK,
[16:08:13] : Cycle start ON
[16:08:13] : Cycle start OFF
[16:08:13] : 측정요구3 ON
[16:08:19] : 측정요구3 OFF
[16:08:19] : 측정요구4 ON
[16:08:26] : 측정요구4 OFF
[16:08:28] : TCP FAIL 1
[16:08:58] : Cycle start ON
[16:08:59] : Cycle start OFF
[16:08:59] : REQUEST MEAS. ON
[16:09:04] : REQUEST MEAS. OFF
[16:09:04] : 측정요구 ON 2
[16:09:10] : 측정요구 2OFF
[16:09:13] : TCP FAIL 1
[16:09:59] : Cycle start ON
[16:09:59] : Cycle start OFF
[16:09:59] : REQUEST MEAS. ON
[16:10:04] : REQUEST MEAS. OFF
[16:10:04] : 측정요구 ON 2
[16:10:11] : 측정요구 2OFF
[16:10:13] : TCP FAIL 1
[16:11:11] : AUTO RUNNING OFF
[16:14:24] : MEAS ESC ON
[16:14:25] : MEAS ESC OFF
[16:14:25] : AUTO RUNNING ON
[16:14:42] : Cycle start ON
[16:14:43] : Cycle start OFF
[16:14:43] : REQUEST MEAS. ON
[16:14:48] : REQUEST MEAS. OFF
[16:14:48] : 측정요구 ON 2
[16:14:54] : 측정요구 2OFF
[16:14:54] : 21,20181129-161455,CF18112053781,,OK,MAX,1,2,0.00,7.00,2.97,OK,0.00,7.00,1.89,OK,
[16:16:02] : Cycle start ON
[16:16:03] : Cycle start OFF
[16:16:03] : REQUEST MEAS. ON
[16:16:08] : REQUEST MEAS. OFF
[16:16:08] : 측정요구 ON 2
[16:16:14] : 측정요구 2OFF
[16:16:14] : 21,20181129-161615,CF18112053251,,OK,MAX,1,3,0.00,7.00,3.09,OK,0.00,7.00,2.06,OK,
[16:17:12] : Cycle start ON
[16:17:13] : Cycle start OFF
[16:17:13] : REQUEST MEAS. ON
[16:17:18] : REQUEST MEAS. OFF
[16:17:18] : 측정요구 ON 2
[16:17:23] : 측정요구 2OFF
[16:17:26] : TCP FAIL 1
[16:20:15] : Cycle start ON
[16:20:15] : Cycle start OFF
[16:20:15] : REQUEST MEAS. ON
[16:20:21] : REQUEST MEAS. OFF
[16:20:21] : 측정요구 ON 2
[16:20:28] : 측정요구 2OFF
[16:20:30] : TCP FAIL 1
[16:21:05] : Cycle start ON
[16:21:06] : Cycle start OFF
[16:21:06] : REQUEST MEAS. ON
[16:21:11] : REQUEST MEAS. OFF
[16:21:11] : 측정요구 ON 2
[16:21:17] : 측정요구 2OFF
[16:21:17] : 21,20181129-162118,CF18112053411,,OK,MAX,1,2,0.00,7.00,1.99,OK,0.00,7.00,2.06,OK,
[16:24:51] : AUTO RUNNING OFF
[16:25:41] : MEAS ESC ON
[16:26:19] : MEAS ESC OFF
[16:26:19] : AUTO RUNNING ON
[16:26:44] : Cycle start ON
[16:26:44] : Cycle start OFF
[16:26:44] : REQUEST MEAS. ON
[16:26:49] : REQUEST MEAS. OFF
[16:26:49] : 측정요구 ON 2
[16:26:56] : 측정요구 2OFF
[16:26:56] : 21,20181129-162656,CF18112053291,,OK,MAX,1,2,0.00,7.00,2.00,OK,0.00,7.00,1.57,OK,
[16:32:16] : Cycle start ON
[16:32:16] : Cycle start OFF
[16:32:16] : REQUEST MEAS. ON
[16:32:22] : REQUEST MEAS. OFF
[16:32:22] : 측정요구 ON 2
[16:32:28] : 측정요구 2OFF
[16:32:28] : 21,20181129-163229,CF18112053951,,OK,MAX,1,3,0.00,7.00,3.20,OK,0.00,7.00,1.82,OK,
[16:35:18] : Cycle start ON
[16:35:19] : Cycle start OFF
[16:35:19] : REQUEST MEAS. ON
[16:35:24] : REQUEST MEAS. OFF
[16:35:24] : 측정요구 ON 2
[16:35:30] : 측정요구 2OFF
[16:35:30] : 21,20181129-163531,CF18112052851,,OK,MAX,1,3,0.00,7.00,3.40,OK,0.00,7.00,4.23,OK,
[16:50:41] : Cycle start ON
[16:50:42] : Cycle start OFF
[16:50:42] : REQUEST MEAS. ON
[16:50:47] : REQUEST MEAS. OFF
[16:50:47] : 측정요구 ON 2
[16:50:53] : 측정요구 2OFF
[16:50:53] : 21,20181129-165054,CF18112053461,,OK,MAX,1,2,0.00,7.00,1.72,OK,0.00,7.00,2.10,OK,
[16:51:31] : Cycle start ON
[16:51:31] : Cycle start OFF
[16:51:31] : REQUEST MEAS. ON
[16:51:37] : REQUEST MEAS. OFF
[16:51:37] : 측정요구 ON 2
[16:51:43] : 측정요구 2OFF
[16:51:43] : 21,20181129-165143,CF18112053671,,OK,MAX,1,2,0.00,7.00,1.36,OK,0.00,7.00,0.87,OK,
[16:52:13] : Cycle start ON
[16:52:13] : Cycle start OFF
[16:52:13] : REQUEST MEAS. ON
[16:52:19] : REQUEST MEAS. OFF
[16:52:19] : 측정요구 ON 2
[16:52:26] : 측정요구 2OFF
[16:52:26] : 21,20181129-165226,CF18112053051,,OK,MAX,1,2,0.00,7.00,2.20,OK,0.00,7.00,2.85,OK,
[16:52:59] : Cycle start ON
[16:52:59] : Cycle start OFF
[16:52:59] : REQUEST MEAS. ON
[16:53:05] : REQUEST MEAS. OFF
[16:53:05] : 측정요구 ON 2
[16:53:11] : 측정요구 2OFF
[16:53:11] : 21,20181129-165311,CF18112052861,,OK,MAX,1,2,0.00,7.00,1.40,OK,0.00,7.00,0.84,OK,
[16:53:43] : Cycle start ON
[16:53:43] : Cycle start OFF
[16:53:43] : REQUEST MEAS. ON
[16:53:48] : REQUEST MEAS. OFF
[16:53:48] : 측정요구 ON 2
[16:53:54] : 측정요구 2OFF
[16:53:54] : 21,20181129-165355,CF18112052931,,OK,MAX,1,3,0.00,7.00,1.98,OK,0.00,7.00,3.56,OK,
[16:54:28] : Cycle start ON
[16:54:28] : Cycle start OFF
[16:54:28] : REQUEST MEAS. ON
[16:54:34] : REQUEST MEAS. OFF
[16:54:34] : 측정요구 ON 2
[16:54:40] : 측정요구 2OFF
[16:54:40] : 21,20181129-165440,CF18112053381,,OK,MAX,1,2,0.00,7.00,2.00,OK,0.00,7.00,1.08,OK,
[16:57:31] : AUTO RUNNING OFF
[20:45:03] : MEAS ESC ON
[20:45:21] : MEAS ESC OFF
[20:45:21] : AUTO RUNNING ON
[20:45:34] : Cycle start ON
[20:45:35] : Cycle start OFF
[20:45:35] : REQUEST MEAS. ON
[20:45:40] : REQUEST MEAS. OFF
[20:45:40] : 측정요구 ON 2
[20:45:46] : 측정요구 2OFF
[20:45:46] : 21,20181129-204547,CF18112053641,,OK,MAX,1,2,0.00,7.00,1.58,OK,0.00,7.00,1.07,OK,
[20:45:59] : Cycle start ON
[20:45:59] : Cycle start OFF
[20:45:59] : 측정요구3 ON
[20:46:05] : 측정요구3 OFF
[20:46:05] : 측정요구4 ON
[20:46:11] : 측정요구4 OFF
[20:46:11] : 21,20181129-204611,CF18112053681,,OK,MAX,2,1,0.00,7.00,0.16,OK,0.00,7.00,0.09,OK,
[20:47:04] : Cycle start ON
[20:47:04] : Cycle start OFF
[20:47:04] : REQUEST MEAS. ON
[20:47:09] : REQUEST MEAS. OFF
[20:47:09] : 측정요구 ON 2
[20:47:16] : 측정요구 2OFF
[20:47:16] : 21,20181129-204717,CF18112052111,,OK,MAX,1,2,0.00,7.00,2.59,OK,0.00,7.00,2.38,OK,
[20:49:20] : Cycle start ON
[20:49:20] : Cycle start OFF
[20:49:20] : 측정요구3 ON
[20:49:26] : 측정요구3 OFF
[20:49:26] : 측정요구4 ON
[20:49:32] : 측정요구4 OFF
[20:49:32] : 21,20181129-204932,CF18112053701,,OK,MAX,2,1,0.00,7.00,0.11,OK,0.00,7.00,0.10,OK,
[20:49:38] : Cycle start ON
[20:49:38] : Cycle start OFF
[20:49:38] : REQUEST MEAS. ON
[20:49:43] : REQUEST MEAS. OFF
[20:49:43] : 측정요구 ON 2
[20:49:50] : 측정요구 2OFF
[20:49:50] : 21,20181129-204951,CF18112053451,,OK,MAX,1,2,0.00,7.00,2.47,OK,0.00,7.00,2.18,OK,
[20:50:35] : Cycle start ON
[20:50:36] : Cycle start OFF
[20:50:36] : REQUEST MEAS. ON
[20:50:41] : REQUEST MEAS. OFF
[20:50:41] : 측정요구 ON 2
[20:50:47] : 측정요구 2OFF
[20:50:47] : 21,20181129-205047,CF18112053771,,OK,MAX,1,1,0.00,7.00,0.10,OK,0.00,7.00,0.10,OK,
[20:52:59] : Cycle start ON
[20:53:00] : Cycle start OFF
[20:53:00] : 측정요구3 ON
[20:53:05] : 측정요구3 OFF
[20:53:05] : 측정요구4 ON
[20:53:12] : 측정요구4 OFF
[20:53:12] : 21,20181129-205313,CF18112052081,,OK,MAX,2,1,0.00,7.00,0.81,OK,0.00,7.00,0.58,OK,
[20:53:18] : Cycle start ON
[20:53:19] : Cycle start OFF
[20:53:19] : REQUEST MEAS. ON
[20:53:24] : REQUEST MEAS. OFF
[20:53:24] : 측정요구 ON 2
[20:53:31] : 측정요구 2OFF
[20:53:31] : 21,20181129-205331,CF18112053091,,OK,MAX,1,1,0.00,7.00,0.11,OK,0.00,7.00,0.11,OK,
[20:54:07] : Cycle start ON
[20:54:08] : Cycle start OFF
[20:54:08] : REQUEST MEAS. ON
[20:54:13] : REQUEST MEAS. OFF
[20:54:13] : 측정요구 ON 2
[20:54:19] : 측정요구 2OFF
[20:54:19] : 21,20181129-205420,CF18112052641,,OK,MAX,1,2,0.00,7.00,1.38,OK,0.00,7.00,0.85,OK,
[21:06:02] : Cycle start ON
[21:06:03] : Cycle start OFF
[21:06:03] : REQUEST MEAS. ON
[21:06:08] : REQUEST MEAS. OFF
[21:06:08] : 측정요구 ON 2
[21:06:15] : 측정요구 2OFF
[21:06:15] : 21,20181129-210615,CF18112053081,,OK,MAX,1,2,0.00,7.00,1.72,OK,0.00,7.00,1.77,OK,
[21:07:49] : Cycle start ON
[21:07:50] : Cycle start OFF
[21:07:50] : REQUEST MEAS. ON
[21:07:55] : REQUEST MEAS. OFF
[21:07:55] : 측정요구 ON 2
[21:08:02] : 측정요구 2OFF
[21:08:02] : 21,20181129-210802,CF18112052581,,OK,MAX,1,3,0.00,7.00,3.01,OK,0.00,7.00,2.36,OK,
[21:11:48] : Cycle start ON
[21:11:49] : Cycle start OFF
[21:11:49] : REQUEST MEAS. ON
[21:11:54] : REQUEST MEAS. OFF
[21:11:54] : 측정요구 ON 2
[21:12:00] : 측정요구 2OFF
[21:12:00] : 21,20181129-211201,CF18112053061,,OK,MAX,1,2,0.00,7.00,2.99,OK,0.00,7.00,1.77,OK,
[21:29:31] : Cycle start ON
[21:29:31] : Cycle start OFF
[21:29:31] : REQUEST MEAS. ON
[21:29:37] : REQUEST MEAS. OFF
[21:29:37] : 측정요구 ON 2
[21:29:43] : 측정요구 2OFF
[21:29:43] : 21,20181129-212943,CF18112052351,,OK,MAX,1,2,0.00,7.00,2.61,OK,0.00,7.00,2.16,OK,
[21:30:03] : Cycle start ON
[21:30:04] : Cycle start OFF
[21:30:04] : 측정요구3 ON
[21:30:09] : 측정요구3 OFF
[21:30:09] : 측정요구4 ON
[21:30:15] : 측정요구4 OFF
[21:30:15] : 21,20181129-213015,CF18112052751,,OK,MAX,2,1,0.00,7.00,0.10,OK,0.00,7.00,0.77,OK,
[21:30:38] : Cycle start ON
[21:30:39] : Cycle start OFF
[21:30:39] : REQUEST MEAS. ON
[21:30:44] : REQUEST MEAS. OFF
[21:30:44] : 측정요구 ON 2
[21:30:51] : 측정요구 2OFF
[21:30:51] : 21,20181129-213051,CF18112052441,,OK,MAX,1,1,0.00,7.00,0.19,OK,0.00,7.00,0.25,OK,
[21:31:22] : Cycle start ON
[21:31:22] : Cycle start OFF
[21:31:22] : REQUEST MEAS. ON
[21:31:28] : REQUEST MEAS. OFF
[21:31:28] : 측정요구 ON 2
[21:31:34] : 측정요구 2OFF
[21:31:34] : 21,20181129-213134,CF18112052431,,OK,MAX,1,2,0.00,7.00,1.98,OK,0.00,7.00,2.17,OK,
[21:32:07] : Cycle start ON
[21:32:07] : Cycle start OFF
[21:32:07] : REQUEST MEAS. ON
[21:32:12] : REQUEST MEAS. OFF
[21:32:13] : 측정요구 ON 2
[21:32:19] : 측정요구 2OFF
[21:32:19] : 21,20181129-213220,CF18112052291,,OK,MAX,1,2,0.00,7.00,1.49,OK,0.00,7.00,0.77,OK,
[21:32:50] : Cycle start ON
[21:32:50] : Cycle start OFF
[21:32:50] : REQUEST MEAS. ON
[21:32:56] : REQUEST MEAS. OFF
[21:32:56] : 측정요구 ON 2
[21:33:02] : 측정요구 2OFF
[21:33:02] : 21,20181129-213302,CF18112052341,,OK,MAX,1,3,0.00,7.00,3.08,OK,0.00,7.00,1.78,OK,
[21:36:01] : Cycle start ON
[21:36:01] : Cycle start OFF
[21:36:01] : REQUEST MEAS. ON
[21:36:06] : REQUEST MEAS. OFF
[21:36:07] : 측정요구 ON 2
[21:36:13] : 측정요구 2OFF
[21:36:13] : 21,20181129-213613,CF18112051611,,OK,MAX,1,1,0.00,7.00,0.10,OK,0.00,7.00,0.08,OK,
[21:38:03] : Cycle start ON
[21:38:04] : Cycle start OFF
[21:38:04] : REQUEST MEAS. ON
[21:38:09] : REQUEST MEAS. OFF
[21:38:09] : 측정요구 ON 2
[21:38:16] : 측정요구 2OFF
[21:38:16] : 21,20181129-213816,CF18112052421,,OK,MAX,1,2,0.00,7.00,2.28,OK,0.00,7.00,1.38,OK,
[21:39:11] : Cycle start ON
[21:39:11] : Cycle start OFF
[21:39:11] : REQUEST MEAS. ON
[21:39:17] : REQUEST MEAS. OFF
[21:39:17] : 측정요구 ON 2
[21:39:23] : 측정요구 2OFF
[21:39:23] : 21,20181129-213923,CF18112053341,,OK,MAX,1,3,0.00,7.00,3.81,OK,0.00,7.00,2.19,OK,
[21:41:44] : Cycle start ON
[21:41:44] : Cycle start OFF
[21:41:44] : REQUEST MEAS. ON
[21:41:49] : REQUEST MEAS. OFF
[21:41:50] : 측정요구 ON 2
[21:41:56] : 측정요구 2OFF
[21:41:56] : 21,20181129-214156,CF18112052261,,OK,MAX,1,2,0.00,7.00,2.19,OK,0.00,7.00,1.78,OK,
[21:43:22] : Cycle start ON
[21:43:23] : Cycle start OFF
[21:43:23] : REQUEST MEAS. ON
[21:43:28] : REQUEST MEAS. OFF
[21:43:28] : 측정요구 ON 2
[21:43:34] : 측정요구 2OFF
[21:43:34] : 21,20181129-214334,CF18112052621,,OK,MAX,1,2,0.00,7.00,2.02,OK,0.00,7.00,1.09,OK,
[21:44:13] : Cycle start ON
[21:44:14] : Cycle start OFF
[21:44:14] : REQUEST MEAS. ON
[21:44:19] : REQUEST MEAS. OFF
[21:44:19] : 측정요구 ON 2
[21:44:25] : 측정요구 2OFF
[21:44:25] : 21,20181129-214425,CF18112053861,,OK,MAX,1,3,0.00,7.00,4.19,OK,0.00,7.00,3.95,OK,
[21:44:56] : Cycle start ON
[21:44:56] : Cycle start OFF
[21:44:56] : 측정요구3 ON
[21:45:02] : 측정요구3 OFF
[21:45:02] : 측정요구4 ON
[21:45:09] : 측정요구4 OFF
[21:45:09] : 21,20181129-214509,CF18112053821,,OK,MAX,2,1,0.00,7.00,0.09,OK,0.00,7.00,0.08,OK,
[21:45:40] : Cycle start ON
[21:45:41] : Cycle start OFF
[21:45:41] : REQUEST MEAS. ON
[21:45:46] : REQUEST MEAS. OFF
[21:45:46] : 측정요구 ON 2
[21:45:53] : 측정요구 2OFF
[21:45:53] : 21,20181129-214553,CF18112052371,,OK,MAX,1,3,0.00,7.00,2.98,OK,0.00,7.00,4.35,OK,
[21:46:23] : Cycle start ON
[21:46:23] : Cycle start OFF
[21:46:23] : 측정요구3 ON
[21:46:29] : 측정요구3 OFF
[21:46:29] : 측정요구4 ON
[21:46:35] : 측정요구4 OFF
[21:46:35] : 21,20181129-214636,CF18112052321,,OK,MAX,2,1,0.00,7.00,0.13,OK,0.00,7.00,0.15,OK,
[21:47:50] : Cycle start ON
[21:47:50] : Cycle start OFF
[21:47:50] : REQUEST MEAS. ON
[21:47:56] : REQUEST MEAS. OFF
[21:47:56] : 측정요구 ON 2
[21:48:01] : 측정요구 2OFF
[21:48:02] : 21,20181129-214802,CF18112052281,,OK,MAX,1,1,0.00,7.00,0.11,OK,0.00,7.00,0.12,OK,
[21:49:33] : Cycle start ON
[21:49:33] : Cycle start OFF
[21:49:33] : REQUEST MEAS. ON
[21:49:38] : REQUEST MEAS. OFF
[21:49:39] : 측정요구 ON 2
[21:49:45] : 측정요구 2OFF
[21:49:45] : 21,20181129-214945,CF18112052301,,OK,MAX,1,1,0.00,7.00,0.14,OK,0.00,7.00,0.10,OK,
[21:50:15] : Cycle start ON
[21:50:15] : Cycle start OFF
[21:50:15] : REQUEST MEAS. ON
[21:50:21] : REQUEST MEAS. OFF
[21:50:21] : 측정요구 ON 2
[21:50:28] : 측정요구 2OFF
[21:50:28] : 21,20181129-215028,CF18112052411,,OK,MAX,1,2,0.00,7.00,1.57,OK,0.00,7.00,0.81,OK,
[21:52:06] : AUTO RUNNING OFF
[21:52:08] : MEAS ESC ON
[21:52:11] : MEAS ESC OFF
[21:52:45] : MEAS ESC ON
[21:52:49] : MEAS ESC OFF
[21:52:49] : AUTO RUNNING ON
[21:53:09] : AUTO RUNNING OFF
[21:53:28] : MEAS ESC ON
[21:53:30] : MEAS ESC OFF
[21:53:30] : AUTO RUNNING ON
[21:53:38] : AUTO RUNNING OFF
[21:53:39] : MEAS ESC ON
[21:53:42] : MEAS ESC OFF
[21:56:00] : MEAS ESC ON
[21:56:02] : MEAS ESC OFF
[21:56:02] : AUTO RUNNING ON
[21:56:25] : AUTO RUNNING OFF
[21:59:07] : MEAS ESC ON
[21:59:08] : MEAS ESC OFF
[21:59:08] : AUTO RUNNING ON
[22:01:08] : Cycle start ON
[22:01:09] : Cycle start OFF
[22:01:09] : REQUEST MEAS. ON
[22:01:14] : REQUEST MEAS. OFF
[22:01:14] : 측정요구 ON 2
[22:01:21] : 측정요구 2OFF
[22:01:21] : 21,20181129-220121,CF18112053041,,OK,MAX,1,2,0.00,7.00,2.09,OK,0.00,7.00,1.66,OK,
[22:04:00] : AUTO RUNNING OFF
[22:13:43] : MEAS ESC ON
[22:16:21] : MEAS ESC OFF
[22:16:23] : MEAS ESC ON
[22:16:49] : MEAS ESC OFF
[22:18:43] : MEAS ESC ON
[22:19:31] : MEAS ESC OFF
[22:19:35] : MEAS ESC ON
[22:20:01] : MEAS ESC OFF
[22:40:06] : MEAS ESC ON
[22:40:07] : MEAS ESC OFF
[22:40:07] : AUTO RUNNING ON
[22:42:16] : Cycle start ON
[22:42:17] : Cycle start OFF
[22:42:17] : 측정요구3 ON
[22:42:22] : 측정요구3 OFF
[22:42:22] : 측정요구4 ON
[22:42:29] : 측정요구4 OFF
[22:42:29] : 21,20181129-224229,CF18112052971,,OK,MAX,2,1,0.00,7.00,0.16,OK,0.00,7.00,0.09,OK,
[22:42:32] : Cycle start ON
[22:42:33] : Cycle start OFF
[22:42:33] : REQUEST MEAS. ON
[22:42:38] : REQUEST MEAS. OFF
[22:42:38] : 측정요구 ON 2
[22:42:45] : 측정요구 2OFF
[22:42:45] : 21,20181129-224245,CF18112053471,,OK,MAX,1,3,0.00,7.00,3.28,OK,0.00,7.00,5.44,OK,
[22:50:24] : AUTO RUNNING OFF
 
