[10:15:23] : PROGRAM START
[10:15:29] : AUTO RUNNING OFF
[10:15:29] : REQUEST MEAS. OFF
[10:15:29] : REQUEST ZEROSET OFF
[10:15:29] : REQUEST ZEROSET OFF
[10:17:08] : Cycle start ON
[10:17:09] : Cycle start OFF
[10:17:09] : 측정요구3 ON
[10:17:15] : 측정요구3 OFF
[10:17:15] : 0
[10:17:15] : 측정요구4 ON
[10:17:22] : 측정요구4 OFF
[10:17:22] : 0
[11:07:30] : Cycle start ON
[11:07:30] : Cycle start OFF
[11:07:30] : REQUEST MEAS. ON
[11:07:35] : REQUEST MEAS. OFF
[11:07:36] : 0
[11:07:36] : 측정요구 ON 2
[11:07:42] : 측정요구 2OFF
[11:07:42] : 0
[11:15:23] : Cycle start ON
[11:15:23] : Cycle start OFF
[11:15:23] : REQUEST MEAS. ON
[11:15:29] : REQUEST MEAS. OFF
[11:15:29] : 0
[11:15:29] : 측정요구 ON 2
[11:15:35] : 측정요구 2OFF
[11:15:35] : 0
[11:46:45] : MEAS ESC ON
[11:46:46] : MEAS ESC OFF
 
[11:52:30] : Cycle start ON
[11:52:30] : Cycle start OFF
[11:52:30] : REQUEST MEAS. ON
[11:52:36] : REQUEST MEAS. OFF
[11:52:36] : 0
[11:52:36] : 측정요구 ON 2
[11:52:42] : 측정요구 2OFF
[11:52:42] : 0
[11:54:11] : Cycle start ON
[11:54:12] : Cycle start OFF
[11:54:12] : REQUEST MEAS. ON
[11:54:17] : REQUEST MEAS. OFF
[11:54:17] : 0
[11:54:17] : 측정요구 ON 2
[11:54:24] : 측정요구 2OFF
[11:54:24] : 0
[12:01:08] : Cycle start ON
[12:01:09] : Cycle start OFF
[12:01:09] : 측정요구3 ON
[12:01:14] : 측정요구3 OFF
[12:01:14] : 0
[12:01:14] : 측정요구4 ON
[12:01:21] : 측정요구4 OFF
[12:01:21] : 0
[12:03:14] : Cycle start ON
[12:03:14] : Cycle start OFF
[12:03:14] : 측정요구3 ON
[12:03:20] : 측정요구3 OFF
[12:03:20] : 0
[12:03:20] : 측정요구4 ON
[12:03:27] : 측정요구4 OFF
[12:03:27] : 0
[12:04:25] : Cycle start ON
[12:04:25] : Cycle start OFF
[12:04:25] : 측정요구3 ON
[12:04:30] : 측정요구3 OFF
[12:04:31] : 0
[12:04:31] : 측정요구4 ON
[12:04:37] : 측정요구4 OFF
[12:04:37] : 0
[12:07:04] : Cycle start ON
[12:07:04] : Cycle start OFF
[12:07:04] : 측정요구3 ON
[12:07:10] : 측정요구3 OFF
[12:07:10] : 0
[12:07:10] : 측정요구4 ON
[12:07:16] : 측정요구4 OFF
[12:07:16] : 0
[12:08:06] : MEAS ESC ON
[12:08:08] : MEAS ESC OFF
[12:18:09] : Cycle start ON
[12:18:09] : Cycle start OFF
[12:18:09] : REQUEST MEAS. ON
[12:18:14] : REQUEST MEAS. OFF
[12:18:14] : 0
[12:18:14] : 측정요구 ON 2
[12:18:21] : 측정요구 2OFF
[12:18:21] : 0
[18:11:44] : Cycle start ON
[18:11:44] : Cycle start OFF
[18:11:44] : 측정요구3 ON
[18:11:50] : 측정요구3 OFF
[18:11:50] : 0
[18:11:50] : 측정요구4 ON
[18:11:56] : 측정요구4 OFF
[18:11:56] : 0
 
