[09:46:41] : Cycle start ON
[09:46:42] : Cycle start OFF
[09:46:42] : REQUEST MEAS. ON
[09:46:49] : REQUEST MEAS. OFF
[09:46:49] : 0
[09:46:49] : 측정요구 ON 2
[09:46:56] : 측정요구 2OFF
[09:46:56] : 0
[09:47:35] : Cycle start ON
[09:47:36] : Cycle start OFF
[09:47:36] : REQUEST MEAS. ON
[09:47:42] : REQUEST MEAS. OFF
[09:47:42] : 0
[09:47:42] : 측정요구 ON 2
[09:47:50] : 측정요구 2OFF
[09:47:50] : 0
[09:48:12] : Cycle start ON
[09:48:13] : Cycle start OFF
[09:48:13] : REQUEST MEAS. ON
[09:48:19] : REQUEST MEAS. OFF
[09:48:19] : 0
[09:48:19] : 측정요구 ON 2
[09:48:27] : 측정요구 2OFF
[09:48:27] : 0
[09:49:26] : Cycle start ON
[09:49:26] : Cycle start OFF
[09:49:26] : REQUEST MEAS. ON
[09:49:33] : REQUEST MEAS. OFF
[09:49:33] : 0
[09:49:33] : 측정요구 ON 2
[09:49:40] : 측정요구 2OFF
[09:49:40] : 0
[09:50:38] : Cycle start ON
[09:50:38] : Cycle start OFF
[09:50:38] : REQUEST MEAS. ON
[09:50:45] : REQUEST MEAS. OFF
[09:50:45] : 0
[09:50:45] : 측정요구 ON 2
[09:50:52] : 측정요구 2OFF
[09:50:52] : 0
[09:51:14] : Cycle start ON
[09:51:14] : Cycle start OFF
[09:51:14] : REQUEST MEAS. ON
[09:51:21] : REQUEST MEAS. OFF
[09:51:21] : 0
[09:51:21] : 측정요구 ON 2
[09:51:28] : 측정요구 2OFF
[09:51:28] : 0
[09:52:04] : Cycle start ON
[09:52:04] : Cycle start OFF
[09:52:04] : REQUEST MEAS. ON
[09:52:11] : REQUEST MEAS. OFF
[09:52:11] : 0
[09:52:11] : 측정요구 ON 2
[09:52:18] : 측정요구 2OFF
[09:52:18] : 0
[09:52:41] : Cycle start ON
[09:52:41] : Cycle start OFF
[09:52:41] : REQUEST MEAS. ON
[09:52:48] : REQUEST MEAS. OFF
[09:52:48] : 0
[09:52:48] : 측정요구 ON 2
[09:52:56] : 측정요구 2OFF
[09:52:56] : 0
[09:53:16] : Cycle start ON
[09:53:16] : Cycle start OFF
[09:53:16] : REQUEST MEAS. ON
[09:53:23] : REQUEST MEAS. OFF
[09:53:23] : 0
[09:53:23] : 측정요구 ON 2
[09:53:31] : 측정요구 2OFF
[09:53:31] : 0
[09:53:52] : Cycle start ON
[09:53:52] : Cycle start OFF
[09:53:52] : REQUEST MEAS. ON
[09:53:58] : REQUEST MEAS. OFF
[09:53:58] : 0
[09:53:58] : 측정요구 ON 2
[09:54:06] : 측정요구 2OFF
[09:54:06] : 0
[09:55:54] : Cycle start ON
[09:55:55] : Cycle start OFF
[09:55:55] : REQUEST MEAS. ON
[09:56:01] : REQUEST MEAS. OFF
[09:56:01] : 0
[09:56:01] : 측정요구 ON 2
[09:56:09] : 측정요구 2OFF
[09:56:09] : 0
[09:56:28] : Cycle start ON
[09:56:28] : Cycle start OFF
[09:56:28] : REQUEST MEAS. ON
[09:56:35] : REQUEST MEAS. OFF
[09:56:35] : 0
[09:56:35] : 측정요구 ON 2
[09:56:43] : 측정요구 2OFF
[09:56:43] : 0
[09:57:02] : Cycle start ON
[09:57:03] : Cycle start OFF
[09:57:03] : REQUEST MEAS. ON
[09:57:09] : REQUEST MEAS. OFF
[09:57:09] : 0
[09:57:09] : 측정요구 ON 2
[09:57:17] : 측정요구 2OFF
[09:57:17] : 0
[09:57:36] : Cycle start ON
[09:57:37] : Cycle start OFF
[09:57:37] : REQUEST MEAS. ON
[09:57:43] : REQUEST MEAS. OFF
[09:57:43] : 0
[09:57:43] : 측정요구 ON 2
[09:57:51] : 측정요구 2OFF
[09:57:51] : 0
[09:58:10] : Cycle start ON
[09:58:10] : Cycle start OFF
[09:58:10] : REQUEST MEAS. ON
[09:58:17] : REQUEST MEAS. OFF
[09:58:17] : 0
[09:58:17] : 측정요구 ON 2
[09:58:25] : 측정요구 2OFF
[09:58:25] : 0
[09:58:44] : Cycle start ON
[09:58:44] : Cycle start OFF
[09:58:44] : REQUEST MEAS. ON
[09:58:51] : REQUEST MEAS. OFF
[09:58:51] : 0
[09:58:51] : 측정요구 ON 2
[09:58:59] : 측정요구 2OFF
[09:58:59] : 0
[09:59:18] : Cycle start ON
[09:59:18] : Cycle start OFF
[09:59:18] : REQUEST MEAS. ON
[09:59:25] : REQUEST MEAS. OFF
[09:59:25] : 0
[09:59:25] : 측정요구 ON 2
[09:59:33] : 측정요구 2OFF
[09:59:33] : 0
[09:59:52] : Cycle start ON
[09:59:52] : Cycle start OFF
[09:59:52] : REQUEST MEAS. ON
[09:59:59] : REQUEST MEAS. OFF
[09:59:59] : 0
[09:59:59] : 측정요구 ON 2
[10:00:07] : 측정요구 2OFF
[10:00:07] : 0
[10:00:26] : Cycle start ON
[10:00:26] : Cycle start OFF
[10:00:26] : REQUEST MEAS. ON
[10:00:33] : REQUEST MEAS. OFF
[10:00:33] : 0
[10:00:33] : 측정요구 ON 2
[10:00:41] : 측정요구 2OFF
[10:00:41] : 0
[10:01:00] : Cycle start ON
[10:01:00] : Cycle start OFF
[10:01:00] : REQUEST MEAS. ON
[10:01:07] : REQUEST MEAS. OFF
[10:01:07] : 0
[10:01:07] : 측정요구 ON 2
[10:01:15] : 측정요구 2OFF
[10:01:15] : 0
[10:01:34] : Cycle start ON
[10:01:34] : Cycle start OFF
[10:01:34] : REQUEST MEAS. ON
[10:01:41] : REQUEST MEAS. OFF
[10:01:41] : 0
[10:01:41] : 측정요구 ON 2
[10:01:49] : 측정요구 2OFF
[10:01:49] : 0
[10:02:08] : Cycle start ON
[10:02:08] : Cycle start OFF
[10:02:08] : REQUEST MEAS. ON
[10:02:15] : REQUEST MEAS. OFF
[10:02:15] : 0
[10:02:15] : 측정요구 ON 2
[10:02:23] : 측정요구 2OFF
[10:02:23] : 0
[10:02:42] : Cycle start ON
[10:02:42] : Cycle start OFF
[10:02:42] : REQUEST MEAS. ON
[10:02:49] : REQUEST MEAS. OFF
[10:02:49] : 0
[10:02:49] : 측정요구 ON 2
[10:02:57] : 측정요구 2OFF
[10:02:57] : 0
[10:03:16] : Cycle start ON
[10:03:16] : Cycle start OFF
[10:03:16] : REQUEST MEAS. ON
[10:03:23] : REQUEST MEAS. OFF
[10:03:23] : 0
[10:03:23] : 측정요구 ON 2
[10:03:31] : 측정요구 2OFF
[10:03:31] : 0
[10:03:50] : Cycle start ON
[10:03:50] : Cycle start OFF
[10:03:50] : REQUEST MEAS. ON
[10:03:57] : REQUEST MEAS. OFF
[10:03:57] : 0
[10:03:57] : 측정요구 ON 2
[10:04:05] : 측정요구 2OFF
[10:04:05] : 0
[10:05:26] : Cycle start ON
[10:05:26] : Cycle start OFF
[10:05:26] : REQUEST MEAS. ON
[10:05:33] : REQUEST MEAS. OFF
[10:05:33] : 0
[10:05:33] : 측정요구 ON 2
[10:05:40] : 측정요구 2OFF
[10:05:40] : 0
[10:06:00] : Cycle start ON
[10:06:00] : Cycle start OFF
[10:06:00] : REQUEST MEAS. ON
[10:06:07] : REQUEST MEAS. OFF
[10:06:07] : 0
[10:06:07] : 측정요구 ON 2
[10:06:14] : 측정요구 2OFF
[10:06:14] : 0
 
[13:31:47] : PROGRAM END
 
[13:34:59] : PROGRAM START
[13:35:03] : AUTO RUNNING OFF
[13:35:03] : REQUEST MEAS. OFF
[13:35:03] : REQUEST ZEROSET OFF
[13:35:03] : REQUEST ZEROSET OFF
[13:35:18] : PROGRAM END
 
[13:36:03] : PROGRAM START
[13:36:06] : AUTO RUNNING OFF
[13:36:06] : REQUEST MEAS. OFF
[13:36:06] : REQUEST ZEROSET OFF
[13:36:06] : REQUEST ZEROSET OFF
[13:36:11] : PROGRAM END
 
[13:36:19] : PROGRAM START
[13:36:22] : AUTO RUNNING OFF
[13:36:22] : REQUEST MEAS. OFF
[13:36:22] : REQUEST ZEROSET OFF
[13:36:22] : REQUEST ZEROSET OFF
[13:38:48] : Cycle start ON
[13:38:48] : Cycle start OFF
[13:38:48] : REQUEST MEAS. ON
[13:38:55] : REQUEST MEAS. OFF
[13:38:55] : 0
[13:38:55] : 측정요구 ON 2
[13:39:03] : 측정요구 2OFF
[13:39:03] : 0
[13:39:22] : Cycle start ON
[13:39:22] : Cycle start OFF
[13:39:22] : REQUEST MEAS. ON
[13:39:29] : REQUEST MEAS. OFF
[13:39:29] : 0
[13:39:29] : 측정요구 ON 2
[13:39:36] : 측정요구 2OFF
[13:39:36] : 0
[13:39:56] : Cycle start ON
[13:39:56] : Cycle start OFF
[13:39:56] : REQUEST MEAS. ON
[13:40:03] : REQUEST MEAS. OFF
[13:40:03] : 0
[13:40:03] : 측정요구 ON 2
[13:40:10] : 측정요구 2OFF
[13:40:10] : 0
[13:40:29] : Cycle start ON
[13:40:29] : Cycle start OFF
[13:40:29] : REQUEST MEAS. ON
[13:40:36] : REQUEST MEAS. OFF
[13:40:36] : 0
[13:40:36] : 측정요구 ON 2
[13:40:44] : 측정요구 2OFF
[13:40:44] : 0
[13:41:03] : Cycle start ON
[13:41:03] : Cycle start OFF
[13:41:03] : REQUEST MEAS. ON
[13:41:10] : REQUEST MEAS. OFF
[13:41:10] : 0
[13:41:10] : 측정요구 ON 2
[13:41:18] : 측정요구 2OFF
[13:41:18] : 0
[13:41:37] : Cycle start ON
[13:41:37] : Cycle start OFF
[13:41:37] : REQUEST MEAS. ON
[13:41:44] : REQUEST MEAS. OFF
[13:41:44] : 0
[13:41:44] : 측정요구 ON 2
[13:41:52] : 측정요구 2OFF
[13:41:52] : 0
[13:42:11] : Cycle start ON
[13:42:11] : Cycle start OFF
[13:42:11] : REQUEST MEAS. ON
[13:42:18] : REQUEST MEAS. OFF
[13:42:18] : 0
[13:42:18] : 측정요구 ON 2
[13:42:26] : 측정요구 2OFF
[13:42:26] : 0
[13:42:45] : Cycle start ON
[13:42:45] : Cycle start OFF
[13:42:45] : REQUEST MEAS. ON
[13:42:52] : REQUEST MEAS. OFF
[13:42:52] : 0
[13:42:52] : 측정요구 ON 2
[13:43:00] : 측정요구 2OFF
[13:43:00] : 0
[13:43:19] : Cycle start ON
[13:43:19] : Cycle start OFF
[13:43:19] : REQUEST MEAS. ON
[13:43:26] : REQUEST MEAS. OFF
[13:43:26] : 0
[13:43:26] : 측정요구 ON 2
[13:43:33] : 측정요구 2OFF
[13:43:33] : 0
[13:43:53] : Cycle start ON
[13:43:53] : Cycle start OFF
[13:43:53] : REQUEST MEAS. ON
[13:44:00] : REQUEST MEAS. OFF
[13:44:00] : 0
[13:44:00] : 측정요구 ON 2
[13:44:07] : 측정요구 2OFF
[13:44:07] : 0
[13:44:26] : Cycle start ON
[13:44:26] : Cycle start OFF
[13:44:26] : REQUEST MEAS. ON
[13:44:33] : REQUEST MEAS. OFF
[13:44:33] : 0
[13:44:33] : 측정요구 ON 2
[13:44:41] : 측정요구 2OFF
[13:44:41] : 0
[13:45:00] : Cycle start ON
[13:45:00] : Cycle start OFF
[13:45:00] : REQUEST MEAS. ON
[13:45:07] : REQUEST MEAS. OFF
[13:45:07] : 0
[13:45:07] : 측정요구 ON 2
[13:45:15] : 측정요구 2OFF
[13:45:15] : 0
[13:45:34] : Cycle start ON
[13:45:34] : Cycle start OFF
[13:45:34] : REQUEST MEAS. ON
[13:45:41] : REQUEST MEAS. OFF
[13:45:41] : 0
[13:45:41] : 측정요구 ON 2
[13:45:48] : 측정요구 2OFF
[13:45:48] : 0
[13:46:08] : Cycle start ON
[13:46:08] : Cycle start OFF
[13:46:08] : REQUEST MEAS. ON
[13:46:15] : REQUEST MEAS. OFF
[13:46:15] : 0
[13:46:15] : 측정요구 ON 2
[13:46:22] : 측정요구 2OFF
[13:46:22] : 0
[13:46:42] : Cycle start ON
[13:46:42] : Cycle start OFF
[13:46:42] : REQUEST MEAS. ON
[13:46:49] : REQUEST MEAS. OFF
[13:46:49] : 0
[13:46:49] : 측정요구 ON 2
[13:46:56] : 측정요구 2OFF
[13:46:56] : 0
[13:47:15] : Cycle start ON
[13:47:15] : Cycle start OFF
[13:47:15] : REQUEST MEAS. ON
[13:47:22] : REQUEST MEAS. OFF
[13:47:22] : 0
[13:47:22] : 측정요구 ON 2
[13:47:30] : 측정요구 2OFF
[13:47:30] : 0
[13:47:49] : Cycle start ON
[13:47:49] : Cycle start OFF
[13:47:49] : REQUEST MEAS. ON
[13:47:56] : REQUEST MEAS. OFF
[13:47:56] : 0
[13:47:56] : 측정요구 ON 2
[13:48:03] : 측정요구 2OFF
[13:48:03] : 0
[13:48:23] : Cycle start ON
[13:48:23] : Cycle start OFF
[13:48:23] : REQUEST MEAS. ON
[13:48:30] : REQUEST MEAS. OFF
[13:48:30] : 0
[13:48:30] : 측정요구 ON 2
[13:48:37] : 측정요구 2OFF
[13:48:37] : 0
[13:48:56] : Cycle start ON
[13:48:56] : Cycle start OFF
[13:48:56] : REQUEST MEAS. ON
[13:49:03] : REQUEST MEAS. OFF
[13:49:03] : 0
[13:49:03] : 측정요구 ON 2
[13:49:11] : 측정요구 2OFF
[13:49:11] : 0
[13:49:30] : Cycle start ON
[13:49:30] : Cycle start OFF
[13:49:30] : REQUEST MEAS. ON
[13:49:37] : REQUEST MEAS. OFF
[13:49:37] : 0
[13:49:37] : 측정요구 ON 2
[13:49:44] : 측정요구 2OFF
[13:49:44] : 0
[13:50:04] : Cycle start ON
[13:50:04] : Cycle start OFF
[13:50:04] : REQUEST MEAS. ON
[13:50:11] : REQUEST MEAS. OFF
[13:50:11] : 0
[13:50:11] : 측정요구 ON 2
[13:50:18] : 측정요구 2OFF
[13:50:18] : 0
[13:50:37] : Cycle start ON
[13:50:37] : Cycle start OFF
[13:50:37] : REQUEST MEAS. ON
[13:50:44] : REQUEST MEAS. OFF
[13:50:44] : 0
[13:50:44] : 측정요구 ON 2
[13:50:52] : 측정요구 2OFF
[13:50:52] : 0
[13:51:11] : Cycle start ON
[13:51:11] : Cycle start OFF
[13:51:11] : REQUEST MEAS. ON
[13:51:18] : REQUEST MEAS. OFF
[13:51:18] : 0
[13:51:18] : 측정요구 ON 2
[13:51:25] : 측정요구 2OFF
[13:51:25] : 0
[13:51:45] : Cycle start ON
[13:51:45] : Cycle start OFF
[13:51:45] : REQUEST MEAS. ON
[13:51:52] : REQUEST MEAS. OFF
[13:51:52] : 0
[13:51:52] : 측정요구 ON 2
[13:51:59] : 측정요구 2OFF
[13:51:59] : 0
[13:52:18] : Cycle start ON
[13:52:18] : Cycle start OFF
[13:52:18] : REQUEST MEAS. ON
[13:52:25] : REQUEST MEAS. OFF
[13:52:25] : 0
[13:52:25] : 측정요구 ON 2
[13:52:33] : 측정요구 2OFF
[13:52:33] : 0
[13:52:52] : Cycle start ON
[13:52:52] : Cycle start OFF
[13:52:52] : REQUEST MEAS. ON
[13:52:59] : REQUEST MEAS. OFF
[13:52:59] : 0
[13:52:59] : 측정요구 ON 2
[13:53:06] : 측정요구 2OFF
[13:53:06] : 0
[13:53:26] : Cycle start ON
[13:53:26] : REQUEST MEAS. ON
[13:53:26] : Cycle start OFF
[13:53:33] : REQUEST MEAS. OFF
[13:53:33] : 0
[13:53:33] : 측정요구 ON 2
[13:53:40] : 측정요구 2OFF
[13:53:40] : 0
[13:53:59] : Cycle start ON
[13:53:59] : Cycle start OFF
[13:53:59] : REQUEST MEAS. ON
[13:54:06] : REQUEST MEAS. OFF
[13:54:06] : 0
[13:54:06] : 측정요구 ON 2
[13:54:14] : 측정요구 2OFF
[13:54:14] : 0
[13:54:33] : Cycle start ON
[13:54:33] : Cycle start OFF
[13:54:33] : REQUEST MEAS. ON
[13:54:40] : REQUEST MEAS. OFF
[13:54:40] : 0
[13:54:40] : 측정요구 ON 2
[13:54:47] : 측정요구 2OFF
[13:54:47] : 0
[13:55:07] : Cycle start ON
[13:55:07] : Cycle start OFF
[13:55:07] : REQUEST MEAS. ON
[13:55:14] : REQUEST MEAS. OFF
[13:55:14] : 0
[13:55:14] : 측정요구 ON 2
[13:55:21] : 측정요구 2OFF
[13:55:21] : 0
[14:02:20] : PROGRAM END
 
[14:02:36] : PROGRAM START
[14:02:38] : AUTO RUNNING OFF
[14:02:38] : REQUEST MEAS. OFF
[14:02:38] : REQUEST ZEROSET OFF
[14:02:38] : REQUEST ZEROSET OFF
[14:12:52] : Cycle start ON
[14:12:52] : Cycle start OFF
[14:12:52] : REQUEST MEAS. ON
[14:12:59] : REQUEST MEAS. OFF
[14:12:59] : 0
[14:12:59] : 측정요구 ON 2
[14:13:06] : 측정요구 2OFF
[14:13:06] : 0
[14:13:25] : Cycle start ON
[14:13:25] : Cycle start OFF
[14:13:25] : REQUEST MEAS. ON
[14:13:32] : REQUEST MEAS. OFF
[14:13:32] : 0
[14:13:32] : 측정요구 ON 2
[14:13:40] : 측정요구 2OFF
[14:13:40] : 0
[14:13:59] : Cycle start ON
[14:13:59] : Cycle start OFF
[14:13:59] : REQUEST MEAS. ON
[14:14:06] : REQUEST MEAS. OFF
[14:14:06] : 0
[14:14:06] : 측정요구 ON 2
[14:14:13] : 측정요구 2OFF
[14:14:13] : 0
[14:14:33] : Cycle start ON
[14:14:33] : Cycle start OFF
[14:14:33] : REQUEST MEAS. ON
[14:14:40] : REQUEST MEAS. OFF
[14:14:40] : 0
[14:14:40] : 측정요구 ON 2
[14:14:47] : 측정요구 2OFF
[14:14:47] : 0
[14:24:04] : PROGRAM END
 
[14:24:42] : PROGRAM START
[14:24:45] : AUTO RUNNING OFF
[14:24:45] : REQUEST MEAS. OFF
[14:24:45] : REQUEST ZEROSET OFF
[14:24:45] : REQUEST ZEROSET OFF
[14:24:49] : PROGRAM END
 
[14:25:11] : PROGRAM START
[14:25:13] : AUTO RUNNING OFF
[14:25:13] : REQUEST MEAS. OFF
[14:25:13] : REQUEST ZEROSET OFF
[14:25:13] : REQUEST ZEROSET OFF
[14:44:04] : Cycle start ON
[14:44:05] : Cycle start OFF
[14:44:05] : REQUEST MEAS. ON
[14:44:11] : REQUEST MEAS. OFF
[14:44:11] : 0
[14:44:11] : 측정요구 ON 2
[14:44:19] : 측정요구 2OFF
[14:44:19] : 0
[14:44:38] : Cycle start ON
[14:44:38] : Cycle start OFF
[14:44:38] : REQUEST MEAS. ON
[14:44:45] : REQUEST MEAS. OFF
[14:44:45] : 0
[14:44:45] : 측정요구 ON 2
[14:44:53] : 측정요구 2OFF
[14:44:53] : 0
[14:45:12] : Cycle start ON
[14:45:12] : Cycle start OFF
[14:45:12] : REQUEST MEAS. ON
[14:45:19] : REQUEST MEAS. OFF
[14:45:19] : 0
[14:45:19] : 측정요구 ON 2
[14:45:26] : 측정요구 2OFF
[14:45:26] : 0
[14:45:46] : Cycle start ON
[14:45:46] : Cycle start OFF
[14:45:46] : REQUEST MEAS. ON
[14:45:53] : REQUEST MEAS. OFF
[14:45:53] : 0
[14:45:53] : 측정요구 ON 2
[14:46:00] : 측정요구 2OFF
[14:46:00] : 0
[14:46:20] : Cycle start ON
[14:46:20] : Cycle start OFF
[14:46:20] : REQUEST MEAS. ON
[14:46:27] : REQUEST MEAS. OFF
[14:46:27] : 0
[14:46:27] : 측정요구 ON 2
[14:46:34] : 측정요구 2OFF
[14:46:34] : 0
[14:46:53] : Cycle start ON
[14:46:53] : Cycle start OFF
[14:46:53] : REQUEST MEAS. ON
[14:47:00] : REQUEST MEAS. OFF
[14:47:00] : 0
[14:47:00] : 측정요구 ON 2
[14:47:08] : 측정요구 2OFF
[14:47:08] : 0
[14:47:27] : Cycle start ON
[14:47:27] : Cycle start OFF
[14:47:27] : REQUEST MEAS. ON
[14:47:34] : REQUEST MEAS. OFF
[14:47:34] : 0
[14:47:34] : 측정요구 ON 2
[14:47:41] : 측정요구 2OFF
[14:47:41] : 0
[14:48:01] : Cycle start ON
[14:48:01] : Cycle start OFF
[14:48:01] : REQUEST MEAS. ON
[14:48:08] : REQUEST MEAS. OFF
[14:48:08] : 0
[14:48:08] : 측정요구 ON 2
[14:48:15] : 측정요구 2OFF
[14:48:15] : 0
[14:48:35] : Cycle start ON
[14:48:35] : Cycle start OFF
[14:48:35] : REQUEST MEAS. ON
[14:48:42] : REQUEST MEAS. OFF
[14:48:42] : 0
[14:48:42] : 측정요구 ON 2
[14:48:49] : 측정요구 2OFF
[14:48:49] : 0
[14:49:08] : Cycle start ON
[14:49:08] : Cycle start OFF
[14:49:08] : REQUEST MEAS. ON
[14:49:15] : REQUEST MEAS. OFF
[14:49:15] : 0
[14:49:15] : 측정요구 ON 2
[14:49:23] : 측정요구 2OFF
[14:49:23] : 0
[14:49:42] : Cycle start ON
[14:49:42] : Cycle start OFF
[14:49:42] : REQUEST MEAS. ON
[14:49:49] : REQUEST MEAS. OFF
[14:49:49] : 0
[14:49:49] : 측정요구 ON 2
[14:49:57] : 측정요구 2OFF
[14:49:57] : 0
[14:50:16] : Cycle start ON
[14:50:16] : Cycle start OFF
[14:50:16] : REQUEST MEAS. ON
[14:50:23] : REQUEST MEAS. OFF
[14:50:23] : 0
[14:50:23] : 측정요구 ON 2
[14:50:30] : 측정요구 2OFF
[14:50:30] : 0
[14:50:50] : Cycle start ON
[14:50:51] : Cycle start OFF
[14:50:51] : REQUEST MEAS. ON
[14:50:57] : REQUEST MEAS. OFF
[14:50:57] : 0
[14:50:57] : 측정요구 ON 2
[14:51:05] : 측정요구 2OFF
[14:51:05] : 0
[14:51:24] : Cycle start ON
[14:51:25] : Cycle start OFF
[14:51:25] : REQUEST MEAS. ON
[14:51:31] : REQUEST MEAS. OFF
[14:51:31] : 0
[14:51:31] : 측정요구 ON 2
[14:51:39] : 측정요구 2OFF
[14:51:39] : 0
[14:51:58] : Cycle start ON
[14:51:59] : Cycle start OFF
[14:51:59] : REQUEST MEAS. ON
[14:52:05] : REQUEST MEAS. OFF
[14:52:06] : 0
[14:52:06] : 측정요구 ON 2
[14:52:13] : 측정요구 2OFF
[14:52:13] : 0
[14:52:33] : Cycle start ON
[14:52:34] : Cycle start OFF
[14:52:34] : REQUEST MEAS. ON
[14:52:40] : REQUEST MEAS. OFF
[14:52:40] : 0
[14:52:40] : 측정요구 ON 2
[14:52:48] : 측정요구 2OFF
[14:52:48] : 0
[14:53:07] : Cycle start ON
[14:53:07] : Cycle start OFF
[14:53:07] : REQUEST MEAS. ON
[14:53:14] : REQUEST MEAS. OFF
[14:53:14] : 0
[14:53:14] : 측정요구 ON 2
[14:53:22] : 측정요구 2OFF
[14:53:22] : 0
[14:53:41] : Cycle start ON
[14:53:42] : Cycle start OFF
[14:53:42] : REQUEST MEAS. ON
[14:53:48] : REQUEST MEAS. OFF
[14:53:48] : 0
[14:53:48] : 측정요구 ON 2
[14:53:56] : 측정요구 2OFF
[14:53:56] : 0
[14:54:15] : Cycle start ON
[14:54:16] : Cycle start OFF
[14:54:16] : REQUEST MEAS. ON
[14:54:22] : REQUEST MEAS. OFF
[14:54:22] : 0
[14:54:22] : 측정요구 ON 2
[14:54:30] : 측정요구 2OFF
[14:54:30] : 0
[14:54:49] : Cycle start ON
[14:54:49] : Cycle start OFF
[14:54:49] : REQUEST MEAS. ON
[14:54:56] : REQUEST MEAS. OFF
[14:54:56] : 0
[14:54:56] : 측정요구 ON 2
[14:55:04] : 측정요구 2OFF
[14:55:04] : 0
[14:55:24] : Cycle start ON
[14:55:24] : Cycle start OFF
[14:55:24] : REQUEST MEAS. ON
[14:55:30] : REQUEST MEAS. OFF
[14:55:30] : 0
[14:55:30] : 측정요구 ON 2
[14:55:38] : 측정요구 2OFF
[14:55:38] : 0
[14:55:58] : Cycle start ON
[14:55:59] : Cycle start OFF
[14:55:59] : REQUEST MEAS. ON
[14:56:05] : REQUEST MEAS. OFF
[14:56:05] : 0
[14:56:05] : 측정요구 ON 2
[14:56:13] : 측정요구 2OFF
[14:56:13] : 0
[14:56:32] : Cycle start ON
[14:56:33] : Cycle start OFF
[14:56:33] : REQUEST MEAS. ON
[14:56:39] : REQUEST MEAS. OFF
[14:56:39] : 0
[14:56:39] : 측정요구 ON 2
[14:56:47] : 측정요구 2OFF
[14:56:47] : 0
[14:57:06] : Cycle start ON
[14:57:07] : Cycle start OFF
[14:57:07] : REQUEST MEAS. ON
[14:57:13] : REQUEST MEAS. OFF
[14:57:13] : 0
[14:57:13] : 측정요구 ON 2
[14:57:21] : 측정요구 2OFF
[14:57:21] : 0
[14:57:41] : Cycle start ON
[14:57:42] : Cycle start OFF
[14:57:42] : REQUEST MEAS. ON
[14:57:48] : REQUEST MEAS. OFF
[14:57:48] : 0
[14:57:48] : 측정요구 ON 2
[14:57:55] : 측정요구 2OFF
[14:57:55] : 0
[14:58:15] : Cycle start ON
[14:58:16] : Cycle start OFF
[14:58:16] : REQUEST MEAS. ON
[14:58:23] : REQUEST MEAS. OFF
[14:58:23] : 0
[14:58:23] : 측정요구 ON 2
[14:58:30] : 측정요구 2OFF
[14:58:30] : 0
[14:58:50] : Cycle start ON
[14:58:51] : Cycle start OFF
[14:58:51] : REQUEST MEAS. ON
[14:58:57] : REQUEST MEAS. OFF
[14:58:57] : 0
[14:58:57] : 측정요구 ON 2
[14:59:04] : 측정요구 2OFF
[14:59:04] : 0
[14:59:24] : Cycle start ON
[14:59:25] : Cycle start OFF
[14:59:25] : REQUEST MEAS. ON
[14:59:31] : REQUEST MEAS. OFF
[14:59:31] : 0
[14:59:31] : 측정요구 ON 2
[14:59:39] : 측정요구 2OFF
[14:59:39] : 0
[14:59:58] : Cycle start ON
[14:59:59] : Cycle start OFF
[14:59:59] : REQUEST MEAS. ON
[15:00:05] : REQUEST MEAS. OFF
[15:00:05] : 0
[15:00:05] : 측정요구 ON 2
[15:00:13] : 측정요구 2OFF
[15:00:13] : 0
[15:00:32] : Cycle start ON
[15:00:33] : Cycle start OFF
[15:00:33] : REQUEST MEAS. ON
[15:00:39] : REQUEST MEAS. OFF
[15:00:39] : 0
[15:00:39] : 측정요구 ON 2
[15:00:47] : 측정요구 2OFF
[15:00:47] : 0
[15:18:21] : Cycle start ON
[15:18:21] : Cycle start OFF
[15:18:21] : REQUEST MEAS. ON
[15:18:28] : REQUEST MEAS. OFF
[15:18:28] : 0
[15:18:28] : 측정요구 ON 2
[15:18:35] : 측정요구 2OFF
[15:18:35] : 0
[15:18:54] : Cycle start ON
[15:18:55] : Cycle start OFF
[15:18:55] : REQUEST MEAS. ON
[15:19:01] : REQUEST MEAS. OFF
[15:19:01] : 0
[15:19:01] : 측정요구 ON 2
[15:19:09] : 측정요구 2OFF
[15:19:09] : 0
[15:19:29] : Cycle start ON
[15:19:29] : Cycle start OFF
[15:19:29] : REQUEST MEAS. ON
[15:19:36] : REQUEST MEAS. OFF
[15:19:36] : 0
[15:19:36] : 측정요구 ON 2
[15:19:43] : 측정요구 2OFF
[15:19:43] : 0
[15:20:03] : Cycle start ON
[15:20:04] : Cycle start OFF
[15:20:04] : REQUEST MEAS. ON
[15:20:10] : REQUEST MEAS. OFF
[15:20:10] : 0
[15:20:10] : 측정요구 ON 2
[15:20:18] : 측정요구 2OFF
[15:20:18] : 0
[15:20:37] : Cycle start ON
[15:20:38] : Cycle start OFF
[15:20:38] : REQUEST MEAS. ON
[15:20:44] : REQUEST MEAS. OFF
[15:20:44] : 0
[15:20:44] : 측정요구 ON 2
[15:20:52] : 측정요구 2OFF
[15:20:52] : 0
[15:21:18] : Cycle start ON
[15:21:18] : Cycle start OFF
[15:21:18] : REQUEST MEAS. ON
[15:21:25] : REQUEST MEAS. OFF
[15:21:25] : 0
[15:21:25] : 측정요구 ON 2
[15:21:33] : 측정요구 2OFF
[15:21:33] : 0
[15:21:52] : Cycle start ON
[15:21:53] : Cycle start OFF
[15:21:53] : REQUEST MEAS. ON
[15:21:59] : REQUEST MEAS. OFF
[15:21:59] : 0
[15:21:59] : 측정요구 ON 2
[15:22:07] : 측정요구 2OFF
[15:22:07] : 0
[15:22:26] : Cycle start ON
[15:22:27] : Cycle start OFF
[15:22:27] : REQUEST MEAS. ON
[15:22:33] : REQUEST MEAS. OFF
[15:22:33] : 0
[15:22:33] : 측정요구 ON 2
[15:22:41] : 측정요구 2OFF
[15:22:41] : 0
[15:23:01] : Cycle start ON
[15:23:02] : Cycle start OFF
[15:23:02] : REQUEST MEAS. ON
[15:23:08] : REQUEST MEAS. OFF
[15:23:08] : 0
[15:23:08] : 측정요구 ON 2
[15:23:16] : 측정요구 2OFF
[15:23:16] : 0
[15:23:42] : Cycle start ON
[15:23:42] : Cycle start OFF
[15:23:42] : REQUEST MEAS. ON
[15:23:49] : REQUEST MEAS. OFF
[15:23:49] : 0
[15:23:49] : 측정요구 ON 2
[15:23:56] : 측정요구 2OFF
[15:23:56] : 0
[15:25:32] : Cycle start ON
[15:25:32] : Cycle start OFF
[15:25:32] : REQUEST MEAS. ON
[15:25:39] : REQUEST MEAS. OFF
[15:25:39] : 0
[15:25:39] : 측정요구 ON 2
[15:25:46] : 측정요구 2OFF
[15:25:46] : 0
[15:26:06] : Cycle start ON
[15:26:07] : Cycle start OFF
[15:26:07] : REQUEST MEAS. ON
[15:26:13] : REQUEST MEAS. OFF
[15:26:13] : 0
[15:26:13] : 측정요구 ON 2
[15:26:20] : 측정요구 2OFF
[15:26:20] : 0
[15:26:41] : Cycle start ON
[15:26:41] : Cycle start OFF
[15:26:41] : REQUEST MEAS. ON
[15:26:48] : REQUEST MEAS. OFF
[15:26:48] : 0
[15:26:48] : 측정요구 ON 2
[15:26:55] : 측정요구 2OFF
[15:26:55] : 0
[15:27:20] : Cycle start ON
[15:27:20] : REQUEST MEAS. ON
[15:27:21] : Cycle start OFF
[15:27:27] : REQUEST MEAS. OFF
[15:27:27] : 0
[15:27:27] : 측정요구 ON 2
[15:27:35] : 측정요구 2OFF
[15:27:35] : 0
[15:27:54] : Cycle start ON
[15:27:55] : Cycle start OFF
[15:27:55] : REQUEST MEAS. ON
[15:28:02] : REQUEST MEAS. OFF
[15:28:02] : 0
[15:28:02] : 측정요구 ON 2
[15:28:09] : 측정요구 2OFF
[15:28:09] : 0
[15:28:30] : Cycle start ON
[15:28:30] : Cycle start OFF
[15:28:30] : REQUEST MEAS. ON
[15:28:37] : REQUEST MEAS. OFF
[15:28:37] : 0
[15:28:37] : 측정요구 ON 2
[15:28:44] : 측정요구 2OFF
[15:28:44] : 0
[15:29:04] : Cycle start ON
[15:29:05] : Cycle start OFF
[15:29:05] : REQUEST MEAS. ON
[15:29:11] : REQUEST MEAS. OFF
[15:29:11] : 0
[15:29:11] : 측정요구 ON 2
[15:29:18] : 측정요구 2OFF
[15:29:18] : 0
[15:29:38] : Cycle start ON
[15:29:39] : Cycle start OFF
[15:29:39] : REQUEST MEAS. ON
[15:29:45] : REQUEST MEAS. OFF
[15:29:45] : 0
[15:29:45] : 측정요구 ON 2
[15:29:53] : 측정요구 2OFF
[15:29:53] : 0
[15:30:13] : Cycle start ON
[15:30:13] : Cycle start OFF
[15:30:13] : REQUEST MEAS. ON
[15:30:20] : REQUEST MEAS. OFF
[15:30:20] : 0
[15:30:20] : 측정요구 ON 2
[15:30:27] : 측정요구 2OFF
[15:30:27] : 0
[15:30:47] : Cycle start ON
[15:30:47] : Cycle start OFF
[15:30:47] : REQUEST MEAS. ON
[15:30:54] : REQUEST MEAS. OFF
[15:30:54] : 0
[15:30:54] : 측정요구 ON 2
[15:31:02] : 측정요구 2OFF
[15:31:02] : 0
[15:31:22] : Cycle start ON
[15:31:22] : REQUEST MEAS. ON
[15:31:22] : Cycle start OFF
[15:31:28] : REQUEST MEAS. OFF
[15:31:28] : 0
[15:31:28] : 측정요구 ON 2
[15:31:36] : 측정요구 2OFF
[15:31:36] : 0
[15:31:55] : Cycle start ON
[15:31:56] : Cycle start OFF
[15:31:56] : REQUEST MEAS. ON
[15:32:02] : REQUEST MEAS. OFF
[15:32:03] : 0
[15:32:03] : 측정요구 ON 2
[15:32:10] : 측정요구 2OFF
[15:32:10] : 0
[15:32:30] : Cycle start ON
[15:32:31] : Cycle start OFF
[15:32:31] : REQUEST MEAS. ON
[15:32:37] : REQUEST MEAS. OFF
[15:32:37] : 0
[15:32:37] : 측정요구 ON 2
[15:32:45] : 측정요구 2OFF
[15:32:45] : 0
[15:33:04] : Cycle start ON
[15:33:05] : Cycle start OFF
[15:33:05] : REQUEST MEAS. ON
[15:33:11] : REQUEST MEAS. OFF
[15:33:11] : 0
[15:33:11] : 측정요구 ON 2
[15:33:19] : 측정요구 2OFF
[15:33:19] : 0
[15:33:39] : Cycle start ON
[15:33:39] : Cycle start OFF
[15:33:39] : REQUEST MEAS. ON
[15:33:46] : REQUEST MEAS. OFF
[15:33:46] : 0
[15:33:46] : 측정요구 ON 2
[15:33:53] : 측정요구 2OFF
[15:33:53] : 0
[15:34:13] : Cycle start ON
[15:34:14] : Cycle start OFF
[15:34:14] : REQUEST MEAS. ON
[15:34:20] : REQUEST MEAS. OFF
[15:34:20] : 0
[15:34:20] : 측정요구 ON 2
[15:34:27] : 측정요구 2OFF
[15:34:27] : 0
[15:34:48] : Cycle start ON
[15:34:48] : Cycle start OFF
[15:34:48] : REQUEST MEAS. ON
[15:34:55] : REQUEST MEAS. OFF
[15:34:55] : 0
[15:34:55] : 측정요구 ON 2
[15:35:02] : 측정요구 2OFF
[15:35:02] : 0
[15:35:21] : Cycle start ON
[15:35:22] : Cycle start OFF
[15:35:22] : REQUEST MEAS. ON
[15:35:28] : REQUEST MEAS. OFF
[15:35:28] : 0
[15:35:28] : 측정요구 ON 2
[15:35:36] : 측정요구 2OFF
[15:35:36] : 0
[15:35:56] : Cycle start ON
[15:35:57] : Cycle start OFF
[15:35:57] : REQUEST MEAS. ON
[15:36:03] : REQUEST MEAS. OFF
[15:36:03] : 0
[15:36:03] : 측정요구 ON 2
[15:36:10] : 측정요구 2OFF
[15:36:10] : 0
[15:36:30] : Cycle start ON
[15:36:31] : Cycle start OFF
[15:36:31] : REQUEST MEAS. ON
[15:36:37] : REQUEST MEAS. OFF
[15:36:37] : 0
[15:36:37] : 측정요구 ON 2
[15:36:45] : 측정요구 2OFF
[15:36:45] : 0
[15:37:04] : Cycle start ON
[15:37:05] : Cycle start OFF
[15:37:05] : REQUEST MEAS. ON
[15:37:11] : REQUEST MEAS. OFF
[15:37:11] : 0
[15:37:11] : 측정요구 ON 2
[15:37:19] : 측정요구 2OFF
[15:37:19] : 0
[15:37:38] : Cycle start ON
[15:37:39] : Cycle start OFF
[15:37:39] : REQUEST MEAS. ON
[15:37:45] : REQUEST MEAS. OFF
[15:37:45] : 0
[15:37:45] : 측정요구 ON 2
[15:37:53] : 측정요구 2OFF
[15:37:53] : 0
[15:38:13] : Cycle start ON
[15:38:14] : Cycle start OFF
[15:38:14] : REQUEST MEAS. ON
[15:38:20] : REQUEST MEAS. OFF
[15:38:20] : 0
[15:38:20] : 측정요구 ON 2
[15:38:28] : 측정요구 2OFF
[15:38:28] : 0
[15:38:47] : Cycle start ON
[15:38:48] : Cycle start OFF
[15:38:48] : REQUEST MEAS. ON
[15:38:54] : REQUEST MEAS. OFF
[15:38:54] : 0
[15:38:54] : 측정요구 ON 2
[15:39:02] : 측정요구 2OFF
[15:39:02] : 0
[15:39:21] : Cycle start ON
[15:39:22] : Cycle start OFF
[15:39:22] : REQUEST MEAS. ON
[15:39:28] : REQUEST MEAS. OFF
[15:39:28] : 0
[15:39:28] : 측정요구 ON 2
[15:39:36] : 측정요구 2OFF
[15:39:36] : 0
[15:39:57] : Cycle start ON
[15:39:57] : Cycle start OFF
[15:39:57] : REQUEST MEAS. ON
[15:40:04] : REQUEST MEAS. OFF
[15:40:04] : 0
[15:40:04] : 측정요구 ON 2
[15:40:11] : 측정요구 2OFF
[15:40:11] : 0
[15:40:30] : Cycle start ON
[15:40:31] : Cycle start OFF
[15:40:31] : REQUEST MEAS. ON
[15:40:37] : REQUEST MEAS. OFF
[15:40:37] : 0
[15:40:37] : 측정요구 ON 2
[15:40:45] : 측정요구 2OFF
[15:40:45] : 0
[15:41:05] : Cycle start ON
[15:41:06] : Cycle start OFF
[15:41:06] : REQUEST MEAS. ON
[15:41:12] : REQUEST MEAS. OFF
[15:41:12] : 0
[15:41:12] : 측정요구 ON 2
[15:41:19] : 측정요구 2OFF
[15:41:19] : 0
[15:41:39] : Cycle start ON
[15:41:40] : Cycle start OFF
[15:41:40] : REQUEST MEAS. ON
[15:41:46] : REQUEST MEAS. OFF
[15:41:46] : 0
[15:41:46] : 측정요구 ON 2
[15:41:54] : 측정요구 2OFF
[15:41:54] : 0
[15:42:13] : Cycle start ON
[15:42:14] : Cycle start OFF
[15:42:14] : REQUEST MEAS. ON
[15:42:20] : REQUEST MEAS. OFF
[15:42:21] : 0
[15:42:21] : 측정요구 ON 2
[15:42:28] : 측정요구 2OFF
[15:42:28] : 0
[15:42:47] : Cycle start ON
[15:42:48] : Cycle start OFF
[15:42:48] : REQUEST MEAS. ON
[15:42:54] : REQUEST MEAS. OFF
[15:42:54] : 0
[15:42:54] : 측정요구 ON 2
[15:43:02] : 측정요구 2OFF
[15:43:02] : 0
[15:43:22] : Cycle start ON
[15:43:23] : Cycle start OFF
[15:43:23] : REQUEST MEAS. ON
[15:43:29] : REQUEST MEAS. OFF
[15:43:30] : 0
[15:43:30] : 측정요구 ON 2
[15:43:37] : 측정요구 2OFF
[15:43:37] : 0
[15:43:56] : Cycle start ON
[15:43:57] : Cycle start OFF
[15:43:57] : REQUEST MEAS. ON
[15:44:03] : REQUEST MEAS. OFF
[15:44:03] : 0
[15:44:03] : 측정요구 ON 2
[15:44:11] : 측정요구 2OFF
[15:44:11] : 0
[15:44:31] : Cycle start ON
[15:44:32] : Cycle start OFF
[15:44:32] : REQUEST MEAS. ON
[15:44:38] : REQUEST MEAS. OFF
[15:44:38] : 0
[15:44:38] : 측정요구 ON 2
[15:44:45] : 측정요구 2OFF
[15:44:45] : 0
[15:45:06] : Cycle start ON
[15:45:06] : Cycle start OFF
[15:45:06] : REQUEST MEAS. ON
[15:45:12] : REQUEST MEAS. OFF
[15:45:13] : 0
[15:45:13] : 측정요구 ON 2
[15:45:20] : 측정요구 2OFF
[15:45:20] : 0
[15:45:40] : Cycle start ON
[15:45:40] : Cycle start OFF
[15:45:40] : REQUEST MEAS. ON
[15:45:47] : REQUEST MEAS. OFF
[15:45:47] : 0
[15:45:47] : 측정요구 ON 2
[15:45:55] : 측정요구 2OFF
[15:45:55] : 0
[15:46:14] : Cycle start ON
[15:46:15] : Cycle start OFF
[15:46:15] : REQUEST MEAS. ON
[15:46:21] : REQUEST MEAS. OFF
[15:46:22] : 0
[15:46:22] : 측정요구 ON 2
[15:46:29] : 측정요구 2OFF
[15:46:29] : 0
[15:46:49] : Cycle start ON
[15:46:50] : Cycle start OFF
[15:46:50] : REQUEST MEAS. ON
[15:46:56] : REQUEST MEAS. OFF
[15:46:56] : 0
[15:46:56] : 측정요구 ON 2
[15:47:03] : 측정요구 2OFF
[15:47:03] : 0
[15:47:24] : Cycle start ON
[15:47:24] : Cycle start OFF
[15:47:24] : REQUEST MEAS. ON
[15:47:30] : REQUEST MEAS. OFF
[15:47:30] : 0
[15:47:30] : 측정요구 ON 2
[15:47:38] : 측정요구 2OFF
[15:47:38] : 0
[15:47:57] : Cycle start ON
[15:47:58] : Cycle start OFF
[15:47:58] : REQUEST MEAS. ON
[15:48:04] : REQUEST MEAS. OFF
[15:48:04] : 0
[15:48:04] : 측정요구 ON 2
[15:48:12] : 측정요구 2OFF
[15:48:12] : 0
[15:48:32] : Cycle start ON
[15:48:33] : Cycle start OFF
[15:48:33] : REQUEST MEAS. ON
[15:48:39] : REQUEST MEAS. OFF
[15:48:39] : 0
[15:48:39] : 측정요구 ON 2
[15:48:47] : 측정요구 2OFF
[15:48:47] : 0
[15:49:06] : Cycle start ON
[15:49:07] : Cycle start OFF
[15:49:07] : REQUEST MEAS. ON
[15:49:13] : REQUEST MEAS. OFF
[15:49:13] : 0
[15:49:13] : 측정요구 ON 2
[15:49:21] : 측정요구 2OFF
[15:49:21] : 0
[15:49:40] : Cycle start ON
[15:49:41] : Cycle start OFF
[15:49:41] : REQUEST MEAS. ON
[15:49:47] : REQUEST MEAS. OFF
[15:49:47] : 0
[15:49:47] : 측정요구 ON 2
[15:49:55] : 측정요구 2OFF
[15:49:55] : 0
[15:50:15] : Cycle start ON
[15:50:15] : Cycle start OFF
[15:50:15] : REQUEST MEAS. ON
[15:50:21] : REQUEST MEAS. OFF
[15:50:22] : 0
[15:50:22] : 측정요구 ON 2
[15:50:29] : 측정요구 2OFF
[15:50:29] : 0
[15:50:49] : Cycle start ON
[15:50:50] : Cycle start OFF
[15:50:50] : REQUEST MEAS. ON
[15:50:56] : REQUEST MEAS. OFF
[15:50:56] : 0
[15:50:56] : 측정요구 ON 2
[15:51:04] : 측정요구 2OFF
[15:51:04] : 0
[15:51:23] : Cycle start ON
[15:51:24] : Cycle start OFF
[15:51:24] : REQUEST MEAS. ON
[15:51:30] : REQUEST MEAS. OFF
[15:51:30] : 0
[15:51:30] : 측정요구 ON 2
[15:51:38] : 측정요구 2OFF
[15:51:38] : 0
[15:51:57] : Cycle start ON
[15:51:58] : Cycle start OFF
[15:51:58] : REQUEST MEAS. ON
[15:52:04] : REQUEST MEAS. OFF
[15:52:04] : 0
[15:52:04] : 측정요구 ON 2
[15:52:12] : 측정요구 2OFF
[15:52:12] : 0
[15:52:32] : Cycle start ON
[15:52:33] : Cycle start OFF
[15:52:33] : REQUEST MEAS. ON
[15:52:39] : REQUEST MEAS. OFF
[15:52:39] : 0
[15:52:39] : 측정요구 ON 2
[15:52:46] : 측정요구 2OFF
[15:52:46] : 0
[15:53:06] : Cycle start ON
[15:53:07] : Cycle start OFF
[15:53:07] : REQUEST MEAS. ON
[15:53:13] : REQUEST MEAS. OFF
[15:53:14] : 0
[15:53:14] : 측정요구 ON 2
[15:53:21] : 측정요구 2OFF
[15:53:21] : 0
[15:53:40] : Cycle start ON
[15:53:41] : Cycle start OFF
[15:53:41] : REQUEST MEAS. ON
[15:53:47] : REQUEST MEAS. OFF
[15:53:47] : 0
[15:53:47] : 측정요구 ON 2
[15:53:55] : 측정요구 2OFF
[15:53:55] : 0
[15:54:15] : Cycle start ON
[15:54:16] : Cycle start OFF
[15:54:16] : REQUEST MEAS. ON
[15:54:22] : REQUEST MEAS. OFF
[15:54:22] : 0
[15:54:22] : 측정요구 ON 2
[15:54:29] : 측정요구 2OFF
[15:54:29] : 0
[15:54:49] : Cycle start ON
[15:54:50] : Cycle start OFF
[15:54:50] : REQUEST MEAS. ON
[15:54:56] : REQUEST MEAS. OFF
[15:54:57] : 0
[15:54:57] : 측정요구 ON 2
[15:55:04] : 측정요구 2OFF
[15:55:04] : 0
[15:55:23] : Cycle start ON
[15:55:24] : Cycle start OFF
[15:55:24] : REQUEST MEAS. ON
[15:55:30] : REQUEST MEAS. OFF
[15:55:30] : 0
[15:55:30] : 측정요구 ON 2
[15:55:38] : 측정요구 2OFF
[15:55:38] : 0
[15:55:57] : Cycle start ON
[15:55:58] : Cycle start OFF
[15:55:58] : REQUEST MEAS. ON
[15:56:04] : REQUEST MEAS. OFF
[15:56:04] : 0
[15:56:04] : 측정요구 ON 2
[15:56:12] : 측정요구 2OFF
[15:56:12] : 0
[15:56:32] : Cycle start ON
[15:56:33] : Cycle start OFF
[15:56:33] : REQUEST MEAS. ON
[15:56:39] : REQUEST MEAS. OFF
[15:56:39] : 0
[15:56:39] : 측정요구 ON 2
[15:56:46] : 측정요구 2OFF
[15:56:46] : 0
[15:57:06] : Cycle start ON
[15:57:07] : Cycle start OFF
[15:57:07] : REQUEST MEAS. ON
[15:57:13] : REQUEST MEAS. OFF
[15:57:14] : 0
[15:57:14] : 측정요구 ON 2
[15:57:21] : 측정요구 2OFF
[15:57:21] : 0
[15:57:40] : Cycle start ON
[15:57:41] : Cycle start OFF
[15:57:41] : REQUEST MEAS. ON
[15:57:47] : REQUEST MEAS. OFF
[15:57:47] : 0
[15:57:47] : 측정요구 ON 2
[15:57:55] : 측정요구 2OFF
[15:57:55] : 0
[15:58:15] : Cycle start ON
[15:58:16] : Cycle start OFF
[15:58:16] : REQUEST MEAS. ON
[15:58:22] : REQUEST MEAS. OFF
[15:58:23] : 0
[15:58:23] : 측정요구 ON 2
[15:58:30] : 측정요구 2OFF
[15:58:30] : 0
[15:58:49] : Cycle start ON
[15:58:50] : Cycle start OFF
[15:58:50] : REQUEST MEAS. ON
[15:58:56] : REQUEST MEAS. OFF
[15:58:56] : 0
[15:58:56] : 측정요구 ON 2
[15:59:04] : 측정요구 2OFF
[15:59:04] : 0
[15:59:24] : Cycle start ON
[15:59:24] : REQUEST MEAS. ON
[15:59:24] : Cycle start OFF
[15:59:30] : REQUEST MEAS. OFF
[15:59:31] : 0
[15:59:31] : 측정요구 ON 2
[15:59:38] : 측정요구 2OFF
[15:59:38] : 0
[15:59:58] : Cycle start ON
[15:59:59] : Cycle start OFF
[15:59:59] : REQUEST MEAS. ON
[16:00:05] : REQUEST MEAS. OFF
[16:00:06] : 0
[16:00:06] : 측정요구 ON 2
[16:00:13] : 측정요구 2OFF
[16:00:13] : 0
[16:00:32] : Cycle start ON
[16:00:33] : Cycle start OFF
[16:00:33] : REQUEST MEAS. ON
[16:00:39] : REQUEST MEAS. OFF
[16:00:39] : 0
[16:00:39] : 측정요구 ON 2
[16:00:47] : 측정요구 2OFF
[16:00:47] : 0
[16:01:06] : Cycle start ON
[16:01:07] : Cycle start OFF
[16:01:07] : REQUEST MEAS. ON
[16:01:13] : REQUEST MEAS. OFF
[16:01:13] : 0
[16:01:13] : 측정요구 ON 2
[16:01:21] : 측정요구 2OFF
[16:01:21] : 0
[16:15:28] : PROGRAM END
 
[16:18:07] : PROGRAM START
[16:18:10] : AUTO RUNNING OFF
[16:18:10] : REQUEST MEAS. OFF
[16:18:10] : REQUEST ZEROSET OFF
[16:18:10] : REQUEST ZEROSET OFF
[16:18:54] : PROGRAM END
 
[16:21:06] : PROGRAM START
[16:21:10] : AUTO RUNNING OFF
[16:21:10] : REQUEST MEAS. OFF
[16:21:10] : REQUEST ZEROSET OFF
[16:21:10] : REQUEST ZEROSET OFF
[16:21:57] : PROGRAM END
 
[16:22:25] : PROGRAM START
[16:22:28] : AUTO RUNNING OFF
[16:22:28] : REQUEST MEAS. OFF
[16:22:28] : REQUEST ZEROSET OFF
[16:22:28] : REQUEST ZEROSET OFF
[16:22:53] : PROGRAM END
 
[16:23:17] : PROGRAM START
[16:23:20] : AUTO RUNNING OFF
[16:23:20] : REQUEST MEAS. OFF
[16:23:20] : REQUEST ZEROSET OFF
[16:23:20] : REQUEST ZEROSET OFF
[16:24:10] : PROGRAM END
 
[16:28:01] : PROGRAM START
[16:28:04] : AUTO RUNNING OFF
[16:28:04] : REQUEST MEAS. OFF
[16:28:04] : REQUEST ZEROSET OFF
[16:28:04] : REQUEST ZEROSET OFF
[16:28:32] : Cycle start ON
[16:28:33] : Cycle start OFF
[16:28:33] : REQUEST MEAS. ON
[16:28:39] : REQUEST MEAS. OFF
[16:28:39] : 0
[16:28:39] : 측정요구 ON 2
[16:28:47] : 측정요구 2OFF
[16:28:47] : 0
[16:29:20] : PROGRAM END
 
[16:32:22] : PROGRAM START
[16:32:25] : AUTO RUNNING OFF
[16:32:25] : REQUEST MEAS. OFF
[16:32:25] : REQUEST ZEROSET OFF
[16:32:25] : REQUEST ZEROSET OFF
[16:34:20] : PROGRAM END
 
[16:34:39] : PROGRAM START
[16:34:41] : AUTO RUNNING OFF
[16:34:41] : REQUEST MEAS. OFF
[16:34:41] : REQUEST ZEROSET OFF
[16:34:41] : REQUEST ZEROSET OFF
[16:35:04] : PROGRAM END
 
[16:35:49] : PROGRAM START
[16:35:52] : AUTO RUNNING OFF
[16:35:52] : REQUEST MEAS. OFF
[16:35:52] : REQUEST ZEROSET OFF
[16:35:52] : REQUEST ZEROSET OFF
[16:36:18] : PROGRAM END
 
[16:37:49] : PROGRAM START
[16:37:52] : AUTO RUNNING OFF
[16:37:52] : REQUEST MEAS. OFF
[16:37:52] : REQUEST ZEROSET OFF
[16:37:52] : REQUEST ZEROSET OFF
[16:38:18] : PROGRAM END
 
[16:54:37] : PROGRAM START
[16:54:39] : AUTO RUNNING OFF
[16:54:39] : REQUEST MEAS. OFF
[16:54:39] : REQUEST ZEROSET OFF
[16:54:39] : REQUEST ZEROSET OFF
[16:54:59] : PROGRAM END
 
[16:55:20] : PROGRAM START
[16:55:23] : AUTO RUNNING OFF
[16:55:23] : REQUEST MEAS. OFF
[16:55:23] : REQUEST ZEROSET OFF
[16:55:23] : REQUEST ZEROSET OFF
[16:55:46] : 0
[16:55:48] : 0
[16:55:49] : REQUEST MEAS. ON
[16:55:49] : 0
[16:55:51] : REQUEST MEAS. ON
[16:55:52] : 0
[16:55:52] : 0
[16:55:52] : 0
[16:55:54] : 0
[16:56:31] : PROGRAM END
 
[17:00:30] : PROGRAM START
[17:00:33] : AUTO RUNNING OFF
[17:00:33] : REQUEST MEAS. OFF
[17:00:33] : REQUEST ZEROSET OFF
[17:00:33] : REQUEST ZEROSET OFF
[17:00:40] : 0
[17:00:40] : 0
[17:00:40] : 0
[17:00:42] : 0
[17:00:42] : 0
[17:00:42] : 0
[17:01:18] : PROGRAM END
 
[17:01:28] : PROGRAM START
[17:01:31] : AUTO RUNNING OFF
[17:01:31] : REQUEST MEAS. OFF
[17:01:31] : REQUEST ZEROSET OFF
[17:01:31] : REQUEST ZEROSET OFF
[19:14:59] : Cycle start ON
[19:14:59] : Cycle start OFF
[19:14:59] : 측정요구3 ON
[19:15:06] : 측정요구3 OFF
[19:15:06] : 0
[19:15:06] : 측정요구4 ON
[19:15:14] : 측정요구4 OFF
[19:15:14] : 0
[19:20:04] : Cycle start ON
[19:20:05] : Cycle start OFF
[19:20:05] : 측정요구3 ON
[19:20:11] : 측정요구3 OFF
[19:20:11] : 0
[19:20:11] : 측정요구4 ON
[19:20:19] : 측정요구4 OFF
[19:20:19] : 0
[19:20:53] : Cycle start ON
[19:20:54] : Cycle start OFF
[19:20:54] : 측정요구3 ON
[19:21:00] : 측정요구3 OFF
[19:21:00] : 0
[19:21:00] : 측정요구4 ON
[19:21:08] : 측정요구4 OFF
[19:21:08] : 0
[19:22:55] : Cycle start ON
[19:22:55] : Cycle start OFF
[19:22:55] : 측정요구3 ON
[19:23:02] : 측정요구3 OFF
[19:23:02] : 0
[19:23:02] : 측정요구4 ON
[19:23:10] : 측정요구4 OFF
[19:23:10] : 0
[19:23:42] : Cycle start ON
[19:23:42] : Cycle start OFF
[19:23:42] : 측정요구3 ON
[19:23:49] : 측정요구3 OFF
[19:23:49] : 0
[19:23:49] : 측정요구4 ON
[19:23:57] : 측정요구4 OFF
[19:23:57] : 0
[19:24:34] : Cycle start ON
[19:24:34] : Cycle start OFF
[19:24:34] : 측정요구3 ON
[19:24:41] : 측정요구3 OFF
[19:24:41] : 0
[19:24:41] : 측정요구4 ON
[19:24:48] : 측정요구4 OFF
[19:24:48] : 0
[19:25:29] : Cycle start ON
[19:25:29] : Cycle start OFF
[19:25:29] : 측정요구3 ON
[19:25:36] : 측정요구3 OFF
[19:25:36] : 0
[19:25:36] : 측정요구4 ON
[19:25:43] : 측정요구4 OFF
[19:25:43] : 0
[19:26:37] : Cycle start ON
[19:26:37] : Cycle start OFF
[19:26:37] : 측정요구3 ON
[19:26:44] : 측정요구3 OFF
[19:26:44] : 0
[19:26:44] : 측정요구4 ON
[19:26:51] : 측정요구4 OFF
[19:26:51] : 0
[19:34:43] : Cycle start ON
[19:34:43] : Cycle start OFF
[19:34:43] : 측정요구3 ON
[19:34:50] : 측정요구3 OFF
[19:34:50] : 0
[19:34:50] : 측정요구4 ON
[19:34:58] : 측정요구4 OFF
[19:34:58] : 0
[19:35:39] : Cycle start ON
[19:35:39] : Cycle start OFF
[19:35:39] : 측정요구3 ON
[19:35:46] : 측정요구3 OFF
[19:35:46] : 0
[19:35:46] : 측정요구4 ON
[19:35:54] : 측정요구4 OFF
[19:35:54] : 0
[19:40:39] : Cycle start ON
[19:40:40] : Cycle start OFF
[19:40:40] : 측정요구3 ON
[19:40:46] : 측정요구3 OFF
[19:40:46] : 0
[19:40:46] : 측정요구4 ON
[19:40:54] : 측정요구4 OFF
[19:40:54] : 0
[19:41:49] : Cycle start ON
[19:41:50] : Cycle start OFF
[19:41:50] : 측정요구3 ON
[19:41:56] : 측정요구3 OFF
[19:41:56] : 0
[19:41:56] : 측정요구4 ON
[19:42:04] : 측정요구4 OFF
[19:42:04] : 0
[19:42:55] : Cycle start ON
[19:42:56] : Cycle start OFF
[19:42:56] : 측정요구3 ON
[19:43:02] : 측정요구3 OFF
[19:43:02] : 0
[19:43:02] : 측정요구4 ON
[19:43:09] : 측정요구4 OFF
[19:43:09] : 0
[19:44:36] : Cycle start ON
[19:44:36] : Cycle start OFF
[19:44:36] : 측정요구3 ON
[19:44:43] : 측정요구3 OFF
[19:44:43] : 0
[19:44:43] : 측정요구4 ON
[19:44:50] : 측정요구4 OFF
[19:44:50] : 0
[19:45:23] : Cycle start ON
[19:45:24] : Cycle start OFF
[19:45:24] : 측정요구3 ON
[19:45:30] : 측정요구3 OFF
[19:45:30] : 0
[19:45:30] : 측정요구4 ON
[19:45:37] : 측정요구4 OFF
[19:45:37] : 0
[19:46:24] : Cycle start ON
[19:46:25] : Cycle start OFF
[19:46:25] : 측정요구3 ON
[19:46:31] : 측정요구3 OFF
[19:46:31] : 0
[19:46:31] : 측정요구4 ON
[19:46:39] : 측정요구4 OFF
[19:46:39] : 0
[19:55:01] : Cycle start ON
[19:55:01] : Cycle start OFF
[19:55:01] : 측정요구3 ON
[19:55:08] : 측정요구3 OFF
[19:55:08] : 0
[19:55:08] : 측정요구4 ON
[19:55:16] : 측정요구4 OFF
[19:55:16] : 0
[19:56:07] : Cycle start ON
[19:56:07] : Cycle start OFF
[19:56:07] : 측정요구3 ON
[19:56:14] : 측정요구3 OFF
[19:56:14] : 0
[19:56:14] : 측정요구4 ON
[19:56:21] : 측정요구4 OFF
[19:56:21] : 0
[20:01:28] : Cycle start ON
[20:01:28] : Cycle start OFF
[20:01:28] : REQUEST MEAS. ON
[20:01:35] : REQUEST MEAS. OFF
[20:01:35] : 0
[20:01:35] : 측정요구 ON 2
[20:01:42] : 측정요구 2OFF
[20:01:42] : 0
[20:02:02] : Cycle start ON
[20:02:03] : Cycle start OFF
[20:02:03] : REQUEST MEAS. ON
[20:02:10] : REQUEST MEAS. OFF
[20:02:10] : 0
[20:02:10] : 측정요구 ON 2
[20:02:17] : 측정요구 2OFF
[20:02:17] : 0
[20:03:15] : Cycle start ON
[20:03:16] : Cycle start OFF
[20:03:16] : REQUEST MEAS. ON
[20:03:23] : REQUEST MEAS. OFF
[20:03:23] : 0
[20:03:23] : 측정요구 ON 2
[20:03:30] : 측정요구 2OFF
[20:03:30] : 0
[20:03:50] : Cycle start ON
[20:03:51] : Cycle start OFF
[20:03:51] : REQUEST MEAS. ON
[20:03:57] : REQUEST MEAS. OFF
[20:03:57] : 0
[20:03:57] : 측정요구 ON 2
[20:04:04] : 측정요구 2OFF
[20:04:04] : 0
[20:04:24] : Cycle start ON
[20:04:25] : Cycle start OFF
[20:04:25] : REQUEST MEAS. ON
[20:04:31] : REQUEST MEAS. OFF
[20:04:31] : 0
[20:04:31] : 측정요구 ON 2
[20:04:39] : 측정요구 2OFF
[20:04:39] : 0
[20:04:58] : Cycle start ON
[20:04:59] : Cycle start OFF
[20:04:59] : REQUEST MEAS. ON
[20:05:05] : REQUEST MEAS. OFF
[20:05:05] : 0
[20:05:05] : 측정요구 ON 2
[20:05:13] : 측정요구 2OFF
[20:05:13] : 0
[20:05:32] : Cycle start ON
[20:05:33] : Cycle start OFF
[20:05:33] : REQUEST MEAS. ON
[20:05:39] : REQUEST MEAS. OFF
[20:05:39] : 0
[20:05:39] : 측정요구 ON 2
[20:05:47] : 측정요구 2OFF
[20:05:47] : 0
[20:06:07] : Cycle start ON
[20:06:08] : Cycle start OFF
[20:06:08] : REQUEST MEAS. ON
[20:06:14] : REQUEST MEAS. OFF
[20:06:14] : 0
[20:06:14] : 측정요구 ON 2
[20:06:21] : 측정요구 2OFF
[20:06:21] : 0
[20:06:41] : Cycle start ON
[20:06:42] : Cycle start OFF
[20:06:42] : REQUEST MEAS. ON
[20:06:48] : REQUEST MEAS. OFF
[20:06:48] : 0
[20:06:48] : 측정요구 ON 2
[20:06:56] : 측정요구 2OFF
[20:06:56] : 0
[20:07:15] : Cycle start ON
[20:07:16] : Cycle start OFF
[20:07:16] : REQUEST MEAS. ON
[20:07:22] : REQUEST MEAS. OFF
[20:07:22] : 0
[20:07:22] : 측정요구 ON 2
[20:07:30] : 측정요구 2OFF
[20:07:30] : 0
[20:07:49] : Cycle start ON
[20:07:50] : Cycle start OFF
[20:07:50] : REQUEST MEAS. ON
[20:07:56] : REQUEST MEAS. OFF
[20:07:56] : 0
[20:07:56] : 측정요구 ON 2
[20:08:04] : 측정요구 2OFF
[20:08:04] : 0
[20:08:23] : Cycle start ON
[20:08:24] : Cycle start OFF
[20:08:24] : REQUEST MEAS. ON
[20:08:30] : REQUEST MEAS. OFF
[20:08:30] : 0
[20:08:30] : 측정요구 ON 2
[20:08:38] : 측정요구 2OFF
[20:08:38] : 0
[20:08:58] : Cycle start ON
[20:08:59] : Cycle start OFF
[20:08:59] : REQUEST MEAS. ON
[20:09:05] : REQUEST MEAS. OFF
[20:09:05] : 0
[20:09:05] : 측정요구 ON 2
[20:09:13] : 측정요구 2OFF
[20:09:13] : 0
[20:09:32] : Cycle start ON
[20:09:33] : Cycle start OFF
[20:09:33] : REQUEST MEAS. ON
[20:09:39] : REQUEST MEAS. OFF
[20:09:39] : 0
[20:09:39] : 측정요구 ON 2
[20:09:47] : 측정요구 2OFF
[20:09:47] : 0
[20:10:07] : Cycle start ON
[20:10:07] : Cycle start OFF
[20:10:07] : REQUEST MEAS. ON
[20:10:14] : REQUEST MEAS. OFF
[20:10:14] : 0
[20:10:14] : 측정요구 ON 2
[20:10:21] : 측정요구 2OFF
[20:10:21] : 0
[20:10:41] : Cycle start ON
[20:10:42] : Cycle start OFF
[20:10:42] : REQUEST MEAS. ON
[20:10:48] : REQUEST MEAS. OFF
[20:10:48] : 0
[20:10:48] : 측정요구 ON 2
[20:10:56] : 측정요구 2OFF
[20:10:56] : 0
[20:11:15] : Cycle start ON
[20:11:16] : Cycle start OFF
[20:11:16] : REQUEST MEAS. ON
[20:11:22] : REQUEST MEAS. OFF
[20:11:22] : 0
[20:11:22] : 측정요구 ON 2
[20:11:30] : 측정요구 2OFF
[20:11:30] : 0
[20:11:49] : Cycle start ON
[20:11:50] : Cycle start OFF
[20:11:50] : REQUEST MEAS. ON
[20:11:56] : REQUEST MEAS. OFF
[20:11:56] : 0
[20:11:56] : 측정요구 ON 2
[20:12:04] : 측정요구 2OFF
[20:12:04] : 0
[20:12:24] : Cycle start ON
[20:12:24] : Cycle start OFF
[20:12:24] : REQUEST MEAS. ON
[20:12:31] : REQUEST MEAS. OFF
[20:12:31] : 0
[20:12:31] : 측정요구 ON 2
[20:12:38] : 측정요구 2OFF
[20:12:38] : 0
[20:12:58] : Cycle start ON
[20:12:59] : Cycle start OFF
[20:12:59] : REQUEST MEAS. ON
[20:13:05] : REQUEST MEAS. OFF
[20:13:06] : 0
[20:13:06] : 측정요구 ON 2
[20:13:13] : 측정요구 2OFF
[20:13:13] : 0
[20:13:33] : Cycle start ON
[20:13:33] : Cycle start OFF
[20:13:33] : REQUEST MEAS. ON
[20:13:40] : REQUEST MEAS. OFF
[20:13:40] : 0
[20:13:40] : 측정요구 ON 2
[20:13:47] : 측정요구 2OFF
[20:13:47] : 0
[20:14:07] : Cycle start ON
[20:14:08] : Cycle start OFF
[20:14:08] : REQUEST MEAS. ON
[20:14:14] : REQUEST MEAS. OFF
[20:14:14] : 0
[20:14:14] : 측정요구 ON 2
[20:14:21] : 측정요구 2OFF
[20:14:21] : 0
[20:14:41] : Cycle start ON
[20:14:42] : Cycle start OFF
[20:14:42] : REQUEST MEAS. ON
[20:14:48] : REQUEST MEAS. OFF
[20:14:48] : 0
[20:14:48] : 측정요구 ON 2
[20:14:56] : 측정요구 2OFF
[20:14:56] : 0
[20:15:15] : Cycle start ON
[20:15:16] : Cycle start OFF
[20:15:16] : REQUEST MEAS. ON
[20:15:22] : REQUEST MEAS. OFF
[20:15:22] : 0
[20:15:22] : 측정요구 ON 2
[20:15:30] : 측정요구 2OFF
[20:15:30] : 0
[20:15:49] : Cycle start ON
[20:15:50] : Cycle start OFF
[20:15:50] : REQUEST MEAS. ON
[20:15:56] : REQUEST MEAS. OFF
[20:15:56] : 0
[20:15:56] : 측정요구 ON 2
[20:16:04] : 측정요구 2OFF
[20:16:04] : 0
[20:16:23] : Cycle start ON
[20:16:24] : Cycle start OFF
[20:16:24] : REQUEST MEAS. ON
[20:16:30] : REQUEST MEAS. OFF
[20:16:30] : 0
[20:16:30] : 측정요구 ON 2
[20:16:38] : 측정요구 2OFF
[20:16:38] : 0
[20:16:58] : Cycle start ON
[20:16:59] : Cycle start OFF
[20:16:59] : REQUEST MEAS. ON
[20:17:05] : REQUEST MEAS. OFF
[20:17:05] : 0
[20:17:05] : 측정요구 ON 2
[20:17:13] : 측정요구 2OFF
[20:17:13] : 0
[20:17:32] : Cycle start ON
[20:17:33] : Cycle start OFF
[20:17:33] : REQUEST MEAS. ON
[20:17:39] : REQUEST MEAS. OFF
[20:17:39] : 0
[20:17:39] : 측정요구 ON 2
[20:17:47] : 측정요구 2OFF
[20:17:47] : 0
[20:18:06] : Cycle start ON
[20:18:07] : Cycle start OFF
[20:18:07] : REQUEST MEAS. ON
[20:18:13] : REQUEST MEAS. OFF
[20:18:13] : 0
[20:18:13] : 측정요구 ON 2
[20:18:21] : 측정요구 2OFF
[20:18:21] : 0
[20:18:41] : Cycle start ON
[20:18:42] : Cycle start OFF
[20:18:42] : REQUEST MEAS. ON
[20:18:48] : REQUEST MEAS. OFF
[20:18:48] : 0
[20:18:48] : 측정요구 ON 2
[20:18:56] : 측정요구 2OFF
[20:18:56] : 0
[20:19:15] : Cycle start ON
[20:19:16] : Cycle start OFF
[20:19:16] : REQUEST MEAS. ON
[20:19:23] : REQUEST MEAS. OFF
[20:19:23] : 0
[20:19:23] : 측정요구 ON 2
[20:19:30] : 측정요구 2OFF
[20:19:30] : 0
[20:19:50] : Cycle start ON
[20:19:51] : Cycle start OFF
[20:19:51] : REQUEST MEAS. ON
[20:19:57] : REQUEST MEAS. OFF
[20:19:57] : 0
[20:19:57] : 측정요구 ON 2
[20:20:04] : 측정요구 2OFF
[20:20:04] : 0
[20:20:24] : Cycle start ON
[20:20:25] : Cycle start OFF
[20:20:25] : REQUEST MEAS. ON
[20:20:31] : REQUEST MEAS. OFF
[20:20:31] : 0
[20:20:31] : 측정요구 ON 2
[20:20:39] : 측정요구 2OFF
[20:20:39] : 0
[20:20:58] : Cycle start ON
[20:20:59] : Cycle start OFF
[20:20:59] : REQUEST MEAS. ON
[20:21:05] : REQUEST MEAS. OFF
[20:21:05] : 0
[20:21:05] : 측정요구 ON 2
[20:21:13] : 측정요구 2OFF
[20:21:13] : 0
[20:21:33] : Cycle start ON
[20:21:34] : Cycle start OFF
[20:21:34] : REQUEST MEAS. ON
[20:21:40] : REQUEST MEAS. OFF
[20:21:40] : 0
[20:21:40] : 측정요구 ON 2
[20:21:47] : 측정요구 2OFF
[20:21:47] : 0
[20:22:07] : Cycle start ON
[20:22:08] : Cycle start OFF
[20:22:08] : REQUEST MEAS. ON
[20:22:14] : REQUEST MEAS. OFF
[20:22:14] : 0
[20:22:14] : 측정요구 ON 2
[20:22:22] : 측정요구 2OFF
[20:22:22] : 0
[20:22:41] : Cycle start ON
[20:22:42] : Cycle start OFF
[20:22:42] : REQUEST MEAS. ON
[20:22:48] : REQUEST MEAS. OFF
[20:22:48] : 0
[20:22:48] : 측정요구 ON 2
[20:22:56] : 측정요구 2OFF
[20:22:56] : 0
[20:23:16] : Cycle start ON
[20:23:17] : Cycle start OFF
[20:23:17] : REQUEST MEAS. ON
[20:23:23] : REQUEST MEAS. OFF
[20:23:23] : 0
[20:23:23] : 측정요구 ON 2
[20:23:30] : 측정요구 2OFF
[20:23:30] : 0
[20:23:50] : Cycle start ON
[20:23:51] : Cycle start OFF
[20:23:51] : REQUEST MEAS. ON
[20:23:57] : REQUEST MEAS. OFF
[20:23:57] : 0
[20:23:57] : 측정요구 ON 2
[20:24:05] : 측정요구 2OFF
[20:24:05] : 0
[20:24:24] : Cycle start ON
[20:24:25] : Cycle start OFF
[20:24:25] : REQUEST MEAS. ON
[20:24:31] : REQUEST MEAS. OFF
[20:24:31] : 0
[20:24:31] : 측정요구 ON 2
[20:24:39] : 측정요구 2OFF
[20:24:39] : 0
[20:39:11] : Cycle start ON
[20:39:12] : Cycle start OFF
[20:39:12] : REQUEST MEAS. ON
[20:39:19] : REQUEST MEAS. OFF
[20:39:19] : 0
[20:39:19] : 측정요구 ON 2
[20:39:26] : 측정요구 2OFF
[20:39:26] : 0
[20:39:45] : Cycle start ON
[20:39:46] : Cycle start OFF
[20:39:46] : REQUEST MEAS. ON
[20:39:52] : REQUEST MEAS. OFF
[20:39:52] : 0
[20:39:52] : 측정요구 ON 2
[20:40:00] : 측정요구 2OFF
[20:40:00] : 0
[20:40:20] : Cycle start ON
[20:40:21] : Cycle start OFF
[20:40:21] : REQUEST MEAS. ON
[20:40:27] : REQUEST MEAS. OFF
[20:40:27] : 0
[20:40:27] : 측정요구 ON 2
[20:40:34] : 측정요구 2OFF
[20:40:34] : 0
[20:40:54] : Cycle start ON
[20:40:55] : Cycle start OFF
[20:40:55] : REQUEST MEAS. ON
[20:41:01] : REQUEST MEAS. OFF
[20:41:01] : 0
[20:41:01] : 측정요구 ON 2
[20:41:09] : 측정요구 2OFF
[20:41:09] : 0
[20:41:28] : Cycle start ON
[20:41:29] : Cycle start OFF
[20:41:29] : REQUEST MEAS. ON
[20:41:35] : REQUEST MEAS. OFF
[20:41:35] : 0
[20:41:35] : 측정요구 ON 2
[20:41:43] : 측정요구 2OFF
[20:41:43] : 0
[20:42:02] : Cycle start ON
[20:42:03] : Cycle start OFF
[20:42:03] : REQUEST MEAS. ON
[20:42:09] : REQUEST MEAS. OFF
[20:42:09] : 0
[20:42:09] : 측정요구 ON 2
[20:42:17] : 측정요구 2OFF
[20:42:17] : 0
[20:42:37] : Cycle start ON
[20:42:38] : Cycle start OFF
[20:42:38] : REQUEST MEAS. ON
[20:42:44] : REQUEST MEAS. OFF
[20:42:45] : 0
[20:42:45] : 측정요구 ON 2
[20:42:52] : 측정요구 2OFF
[20:42:52] : 0
[20:43:11] : Cycle start ON
[20:43:12] : Cycle start OFF
[20:43:12] : REQUEST MEAS. ON
[20:43:18] : REQUEST MEAS. OFF
[20:43:18] : 0
[20:43:18] : 측정요구 ON 2
[20:43:26] : 측정요구 2OFF
[20:43:26] : 0
[20:43:46] : Cycle start ON
[20:43:47] : Cycle start OFF
[20:43:47] : REQUEST MEAS. ON
[20:43:53] : REQUEST MEAS. OFF
[20:43:53] : 0
[20:43:53] : 측정요구 ON 2
[20:44:00] : 측정요구 2OFF
[20:44:00] : 0
[20:44:20] : Cycle start ON
[20:44:21] : Cycle start OFF
[20:44:21] : REQUEST MEAS. ON
[20:44:27] : REQUEST MEAS. OFF
[20:44:27] : 0
[20:44:27] : 측정요구 ON 2
[20:44:35] : 측정요구 2OFF
[20:44:35] : 0
[20:44:54] : Cycle start ON
[20:44:55] : Cycle start OFF
[20:44:55] : REQUEST MEAS. ON
[20:45:01] : REQUEST MEAS. OFF
[20:45:01] : 0
[20:45:01] : 측정요구 ON 2
[20:45:09] : 측정요구 2OFF
[20:45:09] : 0
[20:45:29] : Cycle start ON
[20:45:29] : REQUEST MEAS. ON
[20:45:29] : Cycle start OFF
[20:45:35] : REQUEST MEAS. OFF
[20:45:35] : 0
[20:45:35] : 측정요구 ON 2
[20:45:43] : 측정요구 2OFF
[20:45:43] : 0
[20:46:03] : Cycle start ON
[20:46:04] : REQUEST MEAS. ON
[20:46:04] : Cycle start OFF
[20:46:10] : REQUEST MEAS. OFF
[20:46:10] : 0
[20:46:10] : 측정요구 ON 2
[20:46:18] : 측정요구 2OFF
[20:46:18] : 0
[20:47:32] : Cycle start ON
[20:47:32] : Cycle start OFF
[20:47:32] : REQUEST MEAS. ON
[20:47:39] : REQUEST MEAS. OFF
[20:47:39] : 0
[20:47:39] : 측정요구 ON 2
[20:47:46] : 측정요구 2OFF
[20:47:46] : 0
[20:48:06] : Cycle start ON
[20:48:07] : Cycle start OFF
[20:48:07] : REQUEST MEAS. ON
[20:48:13] : REQUEST MEAS. OFF
[20:48:13] : 0
[20:48:13] : 측정요구 ON 2
[20:48:21] : 측정요구 2OFF
[20:48:21] : 0
[20:48:40] : Cycle start ON
[20:48:41] : Cycle start OFF
[20:48:41] : REQUEST MEAS. ON
[20:48:47] : REQUEST MEAS. OFF
[20:48:47] : 0
[20:48:47] : 측정요구 ON 2
[20:48:55] : 측정요구 2OFF
[20:48:55] : 0
[20:49:14] : Cycle start ON
[20:49:15] : Cycle start OFF
[20:49:15] : REQUEST MEAS. ON
[20:49:21] : REQUEST MEAS. OFF
[20:49:21] : 0
[20:49:21] : 측정요구 ON 2
[20:49:29] : 측정요구 2OFF
[20:49:29] : 0
[20:49:49] : Cycle start ON
[20:49:50] : Cycle start OFF
[20:49:50] : REQUEST MEAS. ON
[20:49:56] : REQUEST MEAS. OFF
[20:49:56] : 0
[20:49:56] : 측정요구 ON 2
[20:50:03] : 측정요구 2OFF
[20:50:03] : 0
[20:50:23] : Cycle start ON
[20:50:24] : Cycle start OFF
[20:50:24] : REQUEST MEAS. ON
[20:50:30] : REQUEST MEAS. OFF
[20:50:30] : 0
[20:50:30] : 측정요구 ON 2
[20:50:38] : 측정요구 2OFF
[20:50:38] : 0
[20:50:57] : Cycle start ON
[20:50:58] : Cycle start OFF
[20:50:58] : REQUEST MEAS. ON
[20:51:04] : REQUEST MEAS. OFF
[20:51:04] : 0
[20:51:04] : 측정요구 ON 2
[20:51:11] : 측정요구 2OFF
[20:51:11] : 0
[20:51:31] : Cycle start ON
[20:51:32] : Cycle start OFF
[20:51:32] : REQUEST MEAS. ON
[20:51:38] : REQUEST MEAS. OFF
[20:51:38] : 0
[20:51:38] : 측정요구 ON 2
[20:51:46] : 측정요구 2OFF
[20:51:46] : 0
[20:52:05] : Cycle start ON
[20:52:06] : Cycle start OFF
[20:52:06] : REQUEST MEAS. ON
[20:52:12] : REQUEST MEAS. OFF
[20:52:12] : 0
[20:52:12] : 측정요구 ON 2
[20:52:20] : 측정요구 2OFF
[20:52:20] : 0
[20:52:39] : Cycle start ON
[20:52:40] : Cycle start OFF
[20:52:40] : REQUEST MEAS. ON
[20:52:46] : REQUEST MEAS. OFF
[20:52:46] : 0
[20:52:46] : 측정요구 ON 2
[20:52:54] : 측정요구 2OFF
[20:52:54] : 0
[20:53:13] : Cycle start ON
[20:53:14] : Cycle start OFF
[20:53:14] : REQUEST MEAS. ON
[20:53:21] : REQUEST MEAS. OFF
[20:53:21] : 0
[20:53:21] : 측정요구 ON 2
[20:53:28] : 측정요구 2OFF
[20:53:28] : 0
[20:53:48] : Cycle start ON
[20:53:49] : Cycle start OFF
[20:53:49] : REQUEST MEAS. ON
[20:53:55] : REQUEST MEAS. OFF
[20:53:55] : 0
[20:53:55] : 측정요구 ON 2
[20:54:02] : 측정요구 2OFF
[20:54:02] : 0
[20:54:22] : Cycle start ON
[20:54:23] : Cycle start OFF
[20:54:23] : REQUEST MEAS. ON
[20:54:29] : REQUEST MEAS. OFF
[20:54:29] : 0
[20:54:29] : 측정요구 ON 2
[20:54:37] : 측정요구 2OFF
[20:54:37] : 0
[20:54:56] : Cycle start ON
[20:54:57] : Cycle start OFF
[20:54:57] : REQUEST MEAS. ON
[20:55:03] : REQUEST MEAS. OFF
[20:55:03] : 0
[20:55:03] : 측정요구 ON 2
[20:55:11] : 측정요구 2OFF
[20:55:11] : 0
[20:55:30] : Cycle start ON
[20:55:31] : Cycle start OFF
[20:55:31] : REQUEST MEAS. ON
[20:55:38] : REQUEST MEAS. OFF
[20:55:38] : 0
[20:55:38] : 측정요구 ON 2
[20:55:45] : 측정요구 2OFF
[20:55:45] : 0
[20:56:05] : Cycle start ON
[20:56:05] : Cycle start OFF
[20:56:05] : REQUEST MEAS. ON
[20:56:12] : REQUEST MEAS. OFF
[20:56:12] : 0
[20:56:12] : 측정요구 ON 2
[20:56:19] : 측정요구 2OFF
[20:56:19] : 0
[20:56:39] : Cycle start ON
[20:56:39] : Cycle start OFF
[20:56:39] : REQUEST MEAS. ON
[20:56:46] : REQUEST MEAS. OFF
[20:56:46] : 0
[20:56:46] : 측정요구 ON 2
[20:56:53] : 측정요구 2OFF
[20:56:53] : 0
[20:57:13] : Cycle start ON
[20:57:14] : Cycle start OFF
[20:57:14] : REQUEST MEAS. ON
[20:57:20] : REQUEST MEAS. OFF
[20:57:20] : 0
[20:57:20] : 측정요구 ON 2
[20:57:28] : 측정요구 2OFF
[20:57:28] : 0
[20:57:47] : Cycle start ON
[20:57:47] : Cycle start OFF
[20:57:47] : REQUEST MEAS. ON
[20:57:54] : REQUEST MEAS. OFF
[20:57:54] : 0
[20:57:54] : 측정요구 ON 2
[20:58:02] : 측정요구 2OFF
[20:58:02] : 0
[20:58:21] : Cycle start ON
[20:58:22] : Cycle start OFF
[20:58:22] : REQUEST MEAS. ON
[20:58:28] : REQUEST MEAS. OFF
[20:58:28] : 0
[20:58:28] : 측정요구 ON 2
[20:58:36] : 측정요구 2OFF
[20:58:36] : 0
[20:58:55] : Cycle start ON
[20:58:56] : Cycle start OFF
[20:58:56] : REQUEST MEAS. ON
[20:59:02] : REQUEST MEAS. OFF
[20:59:02] : 0
[20:59:02] : 측정요구 ON 2
[20:59:10] : 측정요구 2OFF
[20:59:10] : 0
[20:59:30] : Cycle start ON
[20:59:31] : Cycle start OFF
[20:59:31] : REQUEST MEAS. ON
[20:59:37] : REQUEST MEAS. OFF
[20:59:37] : 0
[20:59:37] : 측정요구 ON 2
[20:59:44] : 측정요구 2OFF
[20:59:44] : 0
[21:00:04] : Cycle start ON
[21:00:05] : REQUEST MEAS. ON
[21:00:05] : Cycle start OFF
[21:00:11] : REQUEST MEAS. OFF
[21:00:11] : 0
[21:00:11] : 측정요구 ON 2
[21:00:19] : 측정요구 2OFF
[21:00:19] : 0
[21:00:38] : Cycle start ON
[21:00:39] : Cycle start OFF
[21:00:39] : REQUEST MEAS. ON
[21:00:45] : REQUEST MEAS. OFF
[21:00:45] : 0
[21:00:45] : 측정요구 ON 2
[21:00:53] : 측정요구 2OFF
[21:00:53] : 0
[21:01:12] : Cycle start ON
[21:01:13] : Cycle start OFF
[21:01:13] : REQUEST MEAS. ON
[21:01:19] : REQUEST MEAS. OFF
[21:01:19] : 0
[21:01:19] : 측정요구 ON 2
[21:01:27] : 측정요구 2OFF
[21:01:27] : 0
[21:01:47] : Cycle start ON
[21:01:48] : Cycle start OFF
[21:01:48] : REQUEST MEAS. ON
[21:01:54] : REQUEST MEAS. OFF
[21:01:54] : 0
[21:01:54] : 측정요구 ON 2
[21:02:01] : 측정요구 2OFF
[21:02:01] : 0
[21:02:21] : Cycle start ON
[21:02:22] : Cycle start OFF
[21:02:22] : REQUEST MEAS. ON
[21:02:28] : REQUEST MEAS. OFF
[21:02:28] : 0
[21:02:28] : 측정요구 ON 2
[21:02:35] : 측정요구 2OFF
[21:02:35] : 0
[21:02:55] : Cycle start ON
[21:02:56] : Cycle start OFF
[21:02:56] : REQUEST MEAS. ON
[21:03:02] : REQUEST MEAS. OFF
[21:03:02] : 0
[21:03:02] : 측정요구 ON 2
[21:03:10] : 측정요구 2OFF
[21:03:10] : 0
[21:03:29] : Cycle start ON
[21:03:30] : Cycle start OFF
[21:03:30] : REQUEST MEAS. ON
[21:03:36] : REQUEST MEAS. OFF
[21:03:36] : 0
[21:03:36] : 측정요구 ON 2
[21:03:44] : 측정요구 2OFF
[21:03:44] : 0
[21:04:03] : Cycle start ON
[21:04:04] : Cycle start OFF
[21:04:04] : REQUEST MEAS. ON
[21:04:10] : REQUEST MEAS. OFF
[21:04:10] : 0
[21:04:10] : 측정요구 ON 2
[21:04:18] : 측정요구 2OFF
[21:04:18] : 0
[21:04:38] : Cycle start ON
[21:04:39] : Cycle start OFF
[21:04:39] : REQUEST MEAS. ON
[21:04:45] : REQUEST MEAS. OFF
[21:04:45] : 0
[21:04:45] : 측정요구 ON 2
[21:04:53] : 측정요구 2OFF
[21:04:53] : 0
[21:05:13] : Cycle start ON
[21:05:13] : Cycle start OFF
[21:05:13] : REQUEST MEAS. ON
[21:05:20] : REQUEST MEAS. OFF
[21:05:20] : 0
[21:05:20] : 측정요구 ON 2
[21:05:27] : 측정요구 2OFF
[21:05:27] : 0
[21:05:47] : Cycle start ON
[21:05:48] : Cycle start OFF
[21:05:48] : REQUEST MEAS. ON
[21:05:54] : REQUEST MEAS. OFF
[21:05:54] : 0
[21:05:54] : 측정요구 ON 2
[21:06:01] : 측정요구 2OFF
[21:06:01] : 0
[21:06:21] : Cycle start ON
[21:06:22] : Cycle start OFF
[21:06:22] : REQUEST MEAS. ON
[21:06:28] : REQUEST MEAS. OFF
[21:06:28] : 0
[21:06:28] : 측정요구 ON 2
[21:06:36] : 측정요구 2OFF
[21:06:36] : 0
[21:06:55] : Cycle start ON
[21:06:56] : Cycle start OFF
[21:06:56] : REQUEST MEAS. ON
[21:07:02] : REQUEST MEAS. OFF
[21:07:02] : 0
[21:07:02] : 측정요구 ON 2
[21:07:10] : 측정요구 2OFF
[21:07:10] : 0
[21:07:29] : Cycle start ON
[21:07:30] : REQUEST MEAS. ON
[21:07:30] : Cycle start OFF
[21:07:36] : REQUEST MEAS. OFF
[21:07:36] : 0
[21:07:36] : 측정요구 ON 2
[21:07:44] : 측정요구 2OFF
[21:07:44] : 0
[21:08:04] : Cycle start ON
[21:08:05] : Cycle start OFF
[21:08:05] : REQUEST MEAS. ON
[21:08:11] : REQUEST MEAS. OFF
[21:08:11] : 0
[21:08:11] : 측정요구 ON 2
[21:08:19] : 측정요구 2OFF
[21:08:19] : 0
[21:08:38] : Cycle start ON
[21:08:39] : Cycle start OFF
[21:08:39] : REQUEST MEAS. ON
[21:08:45] : REQUEST MEAS. OFF
[21:08:45] : 0
[21:08:45] : 측정요구 ON 2
[21:08:53] : 측정요구 2OFF
[21:08:53] : 0
[21:09:12] : Cycle start ON
[21:09:13] : Cycle start OFF
[21:09:13] : REQUEST MEAS. ON
[21:09:19] : REQUEST MEAS. OFF
[21:09:19] : 0
[21:09:19] : 측정요구 ON 2
[21:09:27] : 측정요구 2OFF
[21:09:27] : 0
[21:09:46] : Cycle start ON
[21:09:47] : Cycle start OFF
[21:09:47] : REQUEST MEAS. ON
[21:09:53] : REQUEST MEAS. OFF
[21:09:53] : 0
[21:09:53] : 측정요구 ON 2
[21:10:01] : 측정요구 2OFF
[21:10:01] : 0
[21:18:09] : Cycle start ON
[21:18:09] : Cycle start OFF
[21:18:09] : 측정요구3 ON
[21:18:16] : 측정요구3 OFF
[21:18:16] : 0
[21:18:16] : 측정요구4 ON
[21:18:23] : 측정요구4 OFF
[21:18:23] : 0
[21:19:00] : Cycle start ON
[21:19:01] : Cycle start OFF
[21:19:01] : 측정요구3 ON
[21:19:07] : 측정요구3 OFF
[21:19:07] : 0
[21:19:07] : 측정요구4 ON
[21:19:14] : 측정요구4 OFF
[21:19:14] : 0
[21:19:36] : Cycle start ON
[21:19:36] : Cycle start OFF
[21:19:36] : 측정요구3 ON
[21:19:43] : 측정요구3 OFF
[21:19:43] : 0
[21:19:43] : 측정요구4 ON
[21:19:51] : 측정요구4 OFF
[21:19:51] : 0
[21:20:12] : Cycle start ON
[21:20:13] : Cycle start OFF
[21:20:13] : 측정요구3 ON
[21:20:19] : 측정요구3 OFF
[21:20:19] : 0
[21:20:19] : 측정요구4 ON
[21:20:27] : 측정요구4 OFF
[21:20:27] : 0
[21:20:48] : Cycle start ON
[21:20:49] : Cycle start OFF
[21:20:49] : 측정요구3 ON
[21:20:55] : 측정요구3 OFF
[21:20:55] : 0
[21:20:55] : 측정요구4 ON
[21:21:03] : 측정요구4 OFF
[21:21:03] : 0
[21:21:24] : Cycle start ON
[21:21:25] : Cycle start OFF
[21:21:25] : 측정요구3 ON
[21:21:31] : 측정요구3 OFF
[21:21:31] : 0
[21:21:31] : 측정요구4 ON
[21:21:39] : 측정요구4 OFF
[21:21:39] : 0
[21:22:01] : Cycle start ON
[21:22:02] : Cycle start OFF
[21:22:02] : 측정요구3 ON
[21:22:08] : 측정요구3 OFF
[21:22:08] : 0
[21:22:08] : 측정요구4 ON
[21:22:15] : 측정요구4 OFF
[21:22:15] : 0
[21:22:37] : Cycle start ON
[21:22:38] : Cycle start OFF
[21:22:38] : 측정요구3 ON
[21:22:44] : 측정요구3 OFF
[21:22:44] : 0
[21:22:44] : 측정요구4 ON
[21:22:52] : 측정요구4 OFF
[21:22:52] : 0
[21:23:13] : Cycle start ON
[21:23:14] : Cycle start OFF
[21:23:14] : 측정요구3 ON
[21:23:20] : 측정요구3 OFF
[21:23:20] : 0
[21:23:20] : 측정요구4 ON
[21:23:28] : 측정요구4 OFF
[21:23:28] : 0
[21:23:49] : Cycle start ON
[21:23:50] : Cycle start OFF
[21:23:50] : 측정요구3 ON
[21:23:56] : 측정요구3 OFF
[21:23:56] : 0
[21:23:56] : 측정요구4 ON
[21:24:04] : 측정요구4 OFF
[21:24:04] : 0
[21:24:26] : Cycle start ON
[21:24:27] : Cycle start OFF
[21:24:27] : 측정요구3 ON
[21:24:33] : 측정요구3 OFF
[21:24:33] : 0
[21:24:33] : 측정요구4 ON
[21:24:40] : 측정요구4 OFF
[21:24:40] : 0
[21:25:02] : Cycle start ON
[21:25:03] : Cycle start OFF
[21:25:03] : 측정요구3 ON
[21:25:09] : 측정요구3 OFF
[21:25:09] : 0
[21:25:09] : 측정요구4 ON
[21:25:17] : 측정요구4 OFF
[21:25:17] : 0
[21:25:38] : Cycle start ON
[21:25:39] : Cycle start OFF
[21:25:39] : 측정요구3 ON
[21:25:45] : 측정요구3 OFF
[21:25:45] : 0
[21:25:45] : 측정요구4 ON
[21:25:53] : 측정요구4 OFF
[21:25:53] : 0
[21:26:14] : Cycle start ON
[21:26:15] : Cycle start OFF
[21:26:15] : 측정요구3 ON
[21:26:21] : 측정요구3 OFF
[21:26:21] : 0
[21:26:21] : 측정요구4 ON
[21:26:29] : 측정요구4 OFF
[21:26:29] : 0
[21:26:51] : Cycle start ON
[21:26:52] : Cycle start OFF
[21:26:52] : 측정요구3 ON
[21:26:58] : 측정요구3 OFF
[21:26:58] : 0
[21:26:58] : 측정요구4 ON
[21:27:05] : 측정요구4 OFF
[21:27:05] : 0
[21:27:27] : Cycle start ON
[21:27:27] : Cycle start OFF
[21:27:27] : 측정요구3 ON
[21:27:34] : 측정요구3 OFF
[21:27:34] : 0
[21:27:34] : 측정요구4 ON
[21:27:41] : 측정요구4 OFF
[21:27:41] : 0
[21:28:03] : Cycle start ON
[21:28:04] : Cycle start OFF
[21:28:04] : 측정요구3 ON
[21:28:10] : 측정요구3 OFF
[21:28:10] : 0
[21:28:10] : 측정요구4 ON
[21:28:18] : 측정요구4 OFF
[21:28:18] : 0
[21:28:39] : Cycle start ON
[21:28:40] : Cycle start OFF
[21:28:40] : 측정요구3 ON
[21:28:46] : 측정요구3 OFF
[21:28:46] : 0
[21:28:46] : 측정요구4 ON
[21:28:54] : 측정요구4 OFF
[21:28:54] : 0
[21:29:15] : Cycle start ON
[21:29:16] : Cycle start OFF
[21:29:16] : 측정요구3 ON
[21:29:22] : 측정요구3 OFF
[21:29:22] : 0
[21:29:22] : 측정요구4 ON
[21:29:30] : 측정요구4 OFF
[21:29:30] : 0
[21:29:51] : Cycle start ON
[21:29:52] : Cycle start OFF
[21:29:52] : 측정요구3 ON
[21:29:58] : 측정요구3 OFF
[21:29:58] : 0
[21:29:58] : 측정요구4 ON
[21:30:06] : 측정요구4 OFF
[21:30:06] : 0
[21:30:28] : Cycle start ON
[21:30:29] : Cycle start OFF
[21:30:29] : 측정요구3 ON
[21:30:35] : 측정요구3 OFF
[21:30:35] : 0
[21:30:35] : 측정요구4 ON
[21:30:42] : 측정요구4 OFF
[21:30:42] : 0
[21:31:04] : Cycle start ON
[21:31:04] : Cycle start OFF
[21:31:04] : 측정요구3 ON
[21:31:11] : 측정요구3 OFF
[21:31:11] : 0
[21:31:11] : 측정요구4 ON
[21:31:18] : 측정요구4 OFF
[21:31:18] : 0
[21:31:40] : Cycle start ON
[21:31:40] : Cycle start OFF
[21:31:40] : 측정요구3 ON
[21:31:47] : 측정요구3 OFF
[21:31:47] : 0
[21:31:47] : 측정요구4 ON
[21:31:55] : 측정요구4 OFF
[21:31:55] : 0
[21:32:16] : Cycle start ON
[21:32:17] : Cycle start OFF
[21:32:17] : 측정요구3 ON
[21:32:23] : 측정요구3 OFF
[21:32:23] : 0
[21:32:23] : 측정요구4 ON
[21:32:31] : 측정요구4 OFF
[21:32:31] : 0
[21:32:52] : Cycle start ON
[21:32:53] : Cycle start OFF
[21:32:53] : 측정요구3 ON
[21:32:59] : 측정요구3 OFF
[21:32:59] : 0
[21:32:59] : 측정요구4 ON
[21:33:07] : 측정요구4 OFF
[21:33:07] : 0
[21:33:28] : Cycle start ON
[21:33:29] : Cycle start OFF
[21:33:29] : 측정요구3 ON
[21:33:35] : 측정요구3 OFF
[21:33:35] : 0
[21:33:35] : 측정요구4 ON
[21:33:43] : 측정요구4 OFF
[21:33:43] : 0
[21:34:05] : Cycle start ON
[21:34:06] : Cycle start OFF
[21:34:06] : 측정요구3 ON
[21:34:12] : 측정요구3 OFF
[21:34:12] : 0
[21:34:12] : 측정요구4 ON
[21:34:20] : 측정요구4 OFF
[21:34:20] : 0
[21:40:40] : Cycle start ON
[21:40:40] : Cycle start OFF
[21:40:40] : 측정요구3 ON
[21:40:47] : 측정요구3 OFF
[21:40:47] : 0
[21:40:47] : 측정요구4 ON
[21:40:54] : 측정요구4 OFF
[21:40:54] : 0
[21:41:28] : Cycle start ON
[21:41:29] : Cycle start OFF
[21:41:29] : 측정요구3 ON
[21:41:35] : 측정요구3 OFF
[21:41:35] : 0
[21:41:35] : 측정요구4 ON
[21:41:42] : 측정요구4 OFF
[21:41:42] : 0
[21:43:00] : Cycle start ON
[21:43:00] : Cycle start OFF
[21:43:00] : 측정요구3 ON
[21:43:07] : 측정요구3 OFF
[21:43:07] : 0
[21:43:07] : 측정요구4 ON
[21:43:14] : 측정요구4 OFF
[21:43:14] : 0
[21:43:43] : Cycle start ON
[21:43:43] : Cycle start OFF
[21:43:43] : 측정요구3 ON
[21:43:50] : 측정요구3 OFF
[21:43:50] : 0
[21:43:50] : 측정요구4 ON
[21:43:57] : 측정요구4 OFF
[21:43:57] : 0
[21:44:25] : Cycle start ON
[21:44:25] : Cycle start OFF
[21:44:25] : 측정요구3 ON
[21:44:32] : 측정요구3 OFF
[21:44:32] : 0
[21:44:32] : 측정요구4 ON
[21:44:39] : 측정요구4 OFF
[21:44:39] : 0
[21:46:03] : Cycle start ON
[21:46:04] : Cycle start OFF
[21:46:04] : 측정요구3 ON
[21:46:10] : 측정요구3 OFF
[21:46:11] : 0
[21:46:11] : 측정요구4 ON
[21:46:18] : 측정요구4 OFF
[21:46:18] : 0
[21:46:47] : Cycle start ON
[21:46:48] : Cycle start OFF
[21:46:48] : 측정요구3 ON
[21:46:54] : 측정요구3 OFF
[21:46:54] : 0
[21:46:54] : 측정요구4 ON
[21:47:01] : 측정요구4 OFF
[21:47:01] : 0
[21:48:38] : Cycle start ON
[21:48:39] : Cycle start OFF
[21:48:39] : 측정요구3 ON
[21:48:45] : 측정요구3 OFF
[21:48:45] : 0
[21:48:45] : 측정요구4 ON
[21:48:52] : 측정요구4 OFF
[21:48:52] : 0
[21:49:38] : Cycle start ON
[21:49:39] : Cycle start OFF
[21:49:39] : 측정요구3 ON
[21:49:45] : 측정요구3 OFF
[21:49:45] : 0
[21:49:45] : 측정요구4 ON
[21:49:52] : 측정요구4 OFF
[21:49:52] : 0
[21:55:51] : Cycle start ON
[21:55:51] : Cycle start OFF
[21:55:51] : 측정요구3 ON
[21:55:58] : 측정요구3 OFF
[21:55:58] : 0
[21:55:58] : 측정요구4 ON
[21:56:05] : 측정요구4 OFF
[21:56:05] : 0
[21:56:49] : Cycle start ON
[21:56:49] : Cycle start OFF
[21:56:49] : 측정요구3 ON
[21:56:56] : 측정요구3 OFF
[21:56:56] : 0
[21:56:56] : 측정요구4 ON
[21:57:04] : 측정요구4 OFF
[21:57:04] : 0
[21:58:28] : Cycle start ON
[21:58:29] : Cycle start OFF
[21:58:29] : REQUEST MEAS. ON
[21:58:35] : REQUEST MEAS. OFF
[21:58:35] : 0
[21:58:35] : 측정요구 ON 2
[21:58:43] : 측정요구 2OFF
[21:58:43] : 0
[22:02:19] : Cycle start ON
[22:02:19] : Cycle start OFF
[22:02:19] : 측정요구3 ON
[22:02:26] : 측정요구3 OFF
[22:02:26] : 0
[22:02:26] : 측정요구4 ON
[22:02:33] : 측정요구4 OFF
[22:02:33] : 0
[22:02:59] : Cycle start ON
[22:03:00] : Cycle start OFF
[22:03:00] : 측정요구3 ON
[22:03:06] : 측정요구3 OFF
[22:03:06] : 0
[22:03:06] : 측정요구4 ON
[22:03:14] : 측정요구4 OFF
[22:03:14] : 0
[22:03:39] : Cycle start ON
[22:03:40] : Cycle start OFF
[22:03:40] : 측정요구3 ON
[22:03:46] : 측정요구3 OFF
[22:03:46] : 0
[22:03:46] : 측정요구4 ON
[22:03:54] : 측정요구4 OFF
[22:03:54] : 0
[22:04:15] : Cycle start ON
[22:04:15] : Cycle start OFF
[22:04:15] : 측정요구3 ON
[22:04:22] : 측정요구3 OFF
[22:04:22] : 0
[22:04:22] : 측정요구4 ON
[22:04:30] : 측정요구4 OFF
[22:04:30] : 0
[22:04:51] : Cycle start ON
[22:04:52] : Cycle start OFF
[22:04:52] : 측정요구3 ON
[22:04:58] : 측정요구3 OFF
[22:04:58] : 0
[22:04:58] : 측정요구4 ON
[22:05:06] : 측정요구4 OFF
[22:05:06] : 0
[22:05:28] : Cycle start ON
[22:05:28] : Cycle start OFF
[22:05:28] : 측정요구3 ON
[22:05:35] : 측정요구3 OFF
[22:05:35] : 0
[22:05:35] : 측정요구4 ON
[22:05:42] : 측정요구4 OFF
[22:05:42] : 0
[22:06:04] : Cycle start ON
[22:06:05] : Cycle start OFF
[22:06:05] : 측정요구3 ON
[22:06:11] : 측정요구3 OFF
[22:06:11] : 0
[22:06:11] : 측정요구4 ON
[22:06:18] : 측정요구4 OFF
[22:06:18] : 0
[22:06:40] : Cycle start ON
[22:06:40] : Cycle start OFF
[22:06:40] : 측정요구3 ON
[22:06:47] : 측정요구3 OFF
[22:06:47] : 0
[22:06:47] : 측정요구4 ON
[22:06:54] : 측정요구4 OFF
[22:06:54] : 0
[22:07:16] : Cycle start ON
[22:07:17] : Cycle start OFF
[22:07:17] : 측정요구3 ON
[22:07:23] : 측정요구3 OFF
[22:07:23] : 0
[22:07:23] : 측정요구4 ON
[22:07:30] : 측정요구4 OFF
[22:07:30] : 0
[22:07:52] : Cycle start ON
[22:07:52] : Cycle start OFF
[22:07:52] : 측정요구3 ON
[22:07:59] : 측정요구3 OFF
[22:07:59] : 0
[22:07:59] : 측정요구4 ON
[22:08:06] : 측정요구4 OFF
[22:08:06] : 0
[22:08:28] : Cycle start ON
[22:08:28] : Cycle start OFF
[22:08:28] : 측정요구3 ON
[22:08:35] : 측정요구3 OFF
[22:08:35] : 0
[22:08:35] : 측정요구4 ON
[22:08:42] : 측정요구4 OFF
[22:08:42] : 0
[22:10:13] : Cycle start ON
[22:10:13] : Cycle start OFF
[22:10:13] : 측정요구3 ON
[22:10:20] : 측정요구3 OFF
[22:10:20] : 0
[22:10:20] : 측정요구4 ON
[22:10:28] : 측정요구4 OFF
[22:10:28] : 0
[22:10:49] : Cycle start ON
[22:10:49] : Cycle start OFF
[22:10:49] : 측정요구3 ON
[22:10:56] : 측정요구3 OFF
[22:10:56] : 0
[22:10:56] : 측정요구4 ON
[22:11:04] : 측정요구4 OFF
[22:11:04] : 0
[22:11:25] : Cycle start ON
[22:11:25] : Cycle start OFF
[22:11:25] : 측정요구3 ON
[22:11:32] : 측정요구3 OFF
[22:11:32] : 0
[22:11:32] : 측정요구4 ON
[22:11:40] : 측정요구4 OFF
[22:11:40] : 0
[22:12:01] : Cycle start ON
[22:12:01] : Cycle start OFF
[22:12:01] : 측정요구3 ON
[22:12:08] : 측정요구3 OFF
[22:12:08] : 0
[22:12:08] : 측정요구4 ON
[22:12:16] : 측정요구4 OFF
[22:12:16] : 0
[22:12:37] : Cycle start ON
[22:12:37] : Cycle start OFF
[22:12:37] : 측정요구3 ON
[22:12:44] : 측정요구3 OFF
[22:12:44] : 0
[22:12:44] : 측정요구4 ON
[22:12:52] : 측정요구4 OFF
[22:12:52] : 0
[22:13:13] : Cycle start ON
[22:13:13] : Cycle start OFF
[22:13:13] : 측정요구3 ON
[22:13:20] : 측정요구3 OFF
[22:13:20] : 0
[22:13:20] : 측정요구4 ON
[22:13:28] : 측정요구4 OFF
[22:13:28] : 0
[22:13:49] : Cycle start ON
[22:13:50] : Cycle start OFF
[22:13:50] : 측정요구3 ON
[22:13:56] : 측정요구3 OFF
[22:13:56] : 0
[22:13:56] : 측정요구4 ON
[22:14:04] : 측정요구4 OFF
[22:14:04] : 0
[22:14:25] : Cycle start ON
[22:14:25] : Cycle start OFF
[22:14:25] : 측정요구3 ON
[22:14:32] : 측정요구3 OFF
[22:14:32] : 0
[22:14:32] : 측정요구4 ON
[22:14:40] : 측정요구4 OFF
[22:14:40] : 0
[22:15:01] : Cycle start ON
[22:15:02] : Cycle start OFF
[22:15:02] : 측정요구3 ON
[22:15:08] : 측정요구3 OFF
[22:15:08] : 0
[22:15:08] : 측정요구4 ON
[22:15:16] : 측정요구4 OFF
[22:15:16] : 0
[22:15:37] : Cycle start ON
[22:15:37] : Cycle start OFF
[22:15:37] : 측정요구3 ON
[22:15:44] : 측정요구3 OFF
[22:15:44] : 0
[22:15:44] : 측정요구4 ON
[22:15:52] : 측정요구4 OFF
[22:15:52] : 0
[22:16:13] : Cycle start ON
[22:16:13] : Cycle start OFF
[22:16:13] : 측정요구3 ON
[22:16:20] : 측정요구3 OFF
[22:16:20] : 0
[22:16:20] : 측정요구4 ON
[22:16:28] : 측정요구4 OFF
[22:16:28] : 0
[22:16:49] : Cycle start ON
[22:16:49] : Cycle start OFF
[22:16:49] : 측정요구3 ON
[22:16:56] : 측정요구3 OFF
[22:16:56] : 0
[22:16:56] : 측정요구4 ON
[22:17:03] : 측정요구4 OFF
[22:17:03] : 0
[22:17:25] : Cycle start ON
[22:17:25] : Cycle start OFF
[22:17:25] : 측정요구3 ON
[22:17:32] : 측정요구3 OFF
[22:17:32] : 0
[22:17:32] : 측정요구4 ON
[22:17:39] : 측정요구4 OFF
[22:17:39] : 0
[22:18:01] : Cycle start ON
[22:18:01] : Cycle start OFF
[22:18:01] : 측정요구3 ON
[22:18:08] : 측정요구3 OFF
[22:18:08] : 0
[22:18:08] : 측정요구4 ON
[22:18:15] : 측정요구4 OFF
[22:18:15] : 0
[22:18:37] : Cycle start ON
[22:18:37] : Cycle start OFF
[22:18:37] : 측정요구3 ON
[22:18:44] : 측정요구3 OFF
[22:18:44] : 0
[22:18:44] : 측정요구4 ON
[22:18:51] : 측정요구4 OFF
[22:18:51] : 0
[22:19:13] : Cycle start ON
[22:19:13] : Cycle start OFF
[22:19:13] : 측정요구3 ON
[22:19:20] : 측정요구3 OFF
[22:19:20] : 0
[22:19:20] : 측정요구4 ON
[22:19:27] : 측정요구4 OFF
[22:19:27] : 0
[22:19:49] : Cycle start ON
[22:19:49] : Cycle start OFF
[22:19:49] : 측정요구3 ON
[22:19:56] : 측정요구3 OFF
[22:19:56] : 0
[22:19:56] : 측정요구4 ON
[22:20:03] : 측정요구4 OFF
[22:20:03] : 0
[22:20:25] : Cycle start ON
[22:20:25] : Cycle start OFF
[22:20:25] : 측정요구3 ON
[22:20:32] : 측정요구3 OFF
[22:20:32] : 0
[22:20:32] : 측정요구4 ON
[22:20:39] : 측정요구4 OFF
[22:20:39] : 0
[22:21:01] : Cycle start ON
[22:21:01] : Cycle start OFF
[22:21:01] : 측정요구3 ON
[22:21:08] : 측정요구3 OFF
[22:21:08] : 0
[22:21:08] : 측정요구4 ON
[22:21:15] : 측정요구4 OFF
[22:21:15] : 0
[22:21:36] : Cycle start ON
[22:21:36] : Cycle start OFF
[22:21:36] : 측정요구3 ON
[22:21:43] : 측정요구3 OFF
[22:21:43] : 0
[22:21:43] : 측정요구4 ON
[22:21:51] : 측정요구4 OFF
[22:21:51] : 0
[22:22:13] : Cycle start ON
[22:22:13] : Cycle start OFF
[22:22:13] : 측정요구3 ON
[22:22:20] : 측정요구3 OFF
[22:22:20] : 0
[22:22:20] : 측정요구4 ON
[22:22:27] : 측정요구4 OFF
[22:22:27] : 0
[22:22:49] : Cycle start ON
[22:22:49] : Cycle start OFF
[22:22:49] : 측정요구3 ON
[22:22:56] : 측정요구3 OFF
[22:22:56] : 0
[22:22:56] : 측정요구4 ON
[22:23:03] : 측정요구4 OFF
[22:23:03] : 0
[22:23:24] : Cycle start ON
[22:23:24] : Cycle start OFF
[22:23:24] : 측정요구3 ON
[22:23:31] : 측정요구3 OFF
[22:23:31] : 0
[22:23:31] : 측정요구4 ON
[22:23:39] : 측정요구4 OFF
[22:23:39] : 0
[22:24:00] : Cycle start ON
[22:24:01] : Cycle start OFF
[22:24:01] : 측정요구3 ON
[22:24:07] : 측정요구3 OFF
[22:24:07] : 0
[22:24:07] : 측정요구4 ON
[22:24:15] : 측정요구4 OFF
[22:24:15] : 0
[22:24:36] : Cycle start ON
[22:24:37] : Cycle start OFF
[22:24:37] : 측정요구3 ON
[22:24:43] : 측정요구3 OFF
[22:24:43] : 0
[22:24:43] : 측정요구4 ON
[22:24:51] : 측정요구4 OFF
[22:24:51] : 0
[22:25:12] : Cycle start ON
[22:25:12] : Cycle start OFF
[22:25:12] : 측정요구3 ON
[22:25:19] : 측정요구3 OFF
[22:25:19] : 0
[22:25:19] : 측정요구4 ON
[22:25:27] : 측정요구4 OFF
[22:25:27] : 0
[22:25:48] : Cycle start ON
[22:25:49] : Cycle start OFF
[22:25:49] : 측정요구3 ON
[22:25:55] : 측정요구3 OFF
[22:25:55] : 0
[22:25:55] : 측정요구4 ON
[22:26:03] : 측정요구4 OFF
[22:26:03] : 0
[22:26:25] : Cycle start ON
[22:26:25] : Cycle start OFF
[22:26:25] : 측정요구3 ON
[22:26:32] : 측정요구3 OFF
[22:26:32] : 0
[22:26:32] : 측정요구4 ON
[22:26:39] : 측정요구4 OFF
[22:26:39] : 0
[22:27:00] : Cycle start ON
[22:27:00] : Cycle start OFF
[22:27:00] : 측정요구3 ON
[22:27:07] : 측정요구3 OFF
[22:27:07] : 0
[22:27:07] : 측정요구4 ON
[22:27:15] : 측정요구4 OFF
[22:27:15] : 0
[22:27:36] : Cycle start ON
[22:27:37] : Cycle start OFF
[22:27:37] : 측정요구3 ON
[22:27:43] : 측정요구3 OFF
[22:27:43] : 0
[22:27:43] : 측정요구4 ON
[22:27:51] : 측정요구4 OFF
[22:27:51] : 0
[22:28:13] : Cycle start ON
[22:28:13] : Cycle start OFF
[22:28:13] : 측정요구3 ON
[22:28:20] : 측정요구3 OFF
[22:28:20] : 0
[22:28:20] : 측정요구4 ON
[22:28:27] : 측정요구4 OFF
[22:28:27] : 0
[22:28:48] : Cycle start ON
[22:28:48] : Cycle start OFF
[22:28:48] : 측정요구3 ON
[22:28:55] : 측정요구3 OFF
[22:28:55] : 0
[22:28:55] : 측정요구4 ON
[22:29:03] : 측정요구4 OFF
[22:29:03] : 0
[22:29:24] : Cycle start ON
[22:29:25] : Cycle start OFF
[22:29:25] : 측정요구3 ON
[22:29:31] : 측정요구3 OFF
[22:29:31] : 0
[22:29:31] : 측정요구4 ON
[22:29:39] : 측정요구4 OFF
[22:29:39] : 0
[22:30:00] : Cycle start ON
[22:30:00] : Cycle start OFF
[22:30:00] : 측정요구3 ON
[22:30:07] : 측정요구3 OFF
[22:30:07] : 0
[22:30:07] : 측정요구4 ON
[22:30:15] : 측정요구4 OFF
[22:30:15] : 0
[22:30:36] : Cycle start ON
[22:30:36] : Cycle start OFF
[22:30:36] : 측정요구3 ON
[22:30:43] : 측정요구3 OFF
[22:30:43] : 0
[22:30:43] : 측정요구4 ON
[22:30:51] : 측정요구4 OFF
[22:30:51] : 0
[22:31:12] : Cycle start ON
[22:31:12] : Cycle start OFF
[22:31:12] : 측정요구3 ON
[22:31:19] : 측정요구3 OFF
[22:31:19] : 0
[22:31:19] : 측정요구4 ON
[22:31:27] : 측정요구4 OFF
[22:31:27] : 0
[22:31:48] : Cycle start ON
[22:31:49] : Cycle start OFF
[22:31:49] : 측정요구3 ON
[22:31:55] : 측정요구3 OFF
[22:31:55] : 0
[22:31:55] : 측정요구4 ON
[22:32:03] : 측정요구4 OFF
[22:32:03] : 0
[22:32:25] : Cycle start ON
[22:32:25] : Cycle start OFF
[22:32:25] : 측정요구3 ON
[22:32:32] : 측정요구3 OFF
[22:32:32] : 0
[22:32:32] : 측정요구4 ON
[22:32:39] : 측정요구4 OFF
[22:32:39] : 0
[22:33:00] : Cycle start ON
[22:33:00] : Cycle start OFF
[22:33:00] : 측정요구3 ON
[22:33:07] : 측정요구3 OFF
[22:33:07] : 0
[22:33:07] : 측정요구4 ON
[22:33:15] : 측정요구4 OFF
[22:33:15] : 0
[22:33:36] : Cycle start ON
[22:33:36] : Cycle start OFF
[22:33:36] : 측정요구3 ON
[22:33:43] : 측정요구3 OFF
[22:33:43] : 0
[22:33:43] : 측정요구4 ON
[22:33:51] : 측정요구4 OFF
[22:33:51] : 0
 
