[08:10:36] : REQUEST MEAS. ON
[08:10:37] : REQUEST MEAS. OFF
[08:11:04] : REQUEST ZEROSET ON
[08:11:05] : REQUEST ZEROSET OFF
[08:11:18] : REQUEST ZEROSET ON
[08:11:19] : REQUEST ZEROSET OFF
[08:11:32] : REQUEST ZEROSET ON
[08:11:34] : REQUEST ZEROSET OFF
[08:11:53] : REQUEST MEAS. ON
[08:11:55] : REQUEST MEAS. OFF
[08:12:06] : REQUEST MEAS. ON
[08:12:07] : REQUEST MEAS. OFF
[08:12:19] : REQUEST MEAS. ON
[08:12:20] : REQUEST MEAS. OFF
[08:12:32] : REQUEST MEAS. ON
[08:12:33] : REQUEST MEAS. OFF
[08:12:45] : REQUEST MEAS. ON
[08:12:46] : REQUEST MEAS. OFF
[08:12:58] : REQUEST MEAS. ON
[08:12:59] : REQUEST MEAS. OFF
[08:13:10] : REQUEST MEAS. ON
[08:13:11] : REQUEST MEAS. OFF
[08:13:23] : REQUEST MEAS. ON
[08:13:24] : REQUEST MEAS. OFF
[08:13:36] : REQUEST MEAS. ON
[08:13:37] : REQUEST MEAS. OFF
[08:13:49] : REQUEST MEAS. ON
[08:13:50] : REQUEST MEAS. OFF
[08:14:05] : REQUEST ZEROSET ON
[08:14:06] : REQUEST ZEROSET OFF
[08:14:23] : REQUEST ZEROSET ON
[08:14:24] : REQUEST ZEROSET OFF
[08:14:40] : REQUEST ZEROSET ON
[08:14:41] : REQUEST ZEROSET OFF
[08:15:07] : REQUEST ZEROSET ON
[08:15:08] : REQUEST ZEROSET OFF
[08:15:21] : REQUEST ZEROSET ON
[08:15:22] : REQUEST ZEROSET OFF
[08:15:35] : REQUEST ZEROSET ON
[08:15:36] : REQUEST ZEROSET OFF
[08:16:17] : REQUEST ZEROSET ON
[08:16:18] : REQUEST ZEROSET OFF
[08:18:53] : REQUEST ZEROSET ON
[08:18:54] : REQUEST ZEROSET OFF
[08:19:08] : REQUEST ZEROSET ON
[08:19:09] : REQUEST ZEROSET OFF
[08:19:21] : REQUEST ZEROSET ON
[08:19:23] : REQUEST ZEROSET OFF
[08:19:38] : REQUEST ZEROSET ON
[08:19:39] : REQUEST ZEROSET OFF
[08:19:55] : REQUEST MEAS. ON
[08:19:56] : REQUEST MEAS. OFF
[08:20:08] : REQUEST MEAS. ON
[08:20:09] : REQUEST MEAS. OFF
[08:20:21] : REQUEST MEAS. ON
[08:20:22] : REQUEST MEAS. OFF
[08:20:33] : REQUEST MEAS. ON
[08:20:34] : REQUEST MEAS. OFF
[08:20:45] : REQUEST MEAS. ON
[08:20:46] : REQUEST MEAS. OFF
[08:20:58] : REQUEST MEAS. ON
[08:20:59] : REQUEST MEAS. OFF
[08:21:10] : REQUEST MEAS. ON
[08:21:11] : REQUEST MEAS. OFF
[08:25:02] : REQUEST ZEROSET ON
[08:25:03] : REQUEST ZEROSET OFF
[08:25:15] : REQUEST ZEROSET ON
[08:25:17] : REQUEST ZEROSET OFF
[08:25:29] : REQUEST ZEROSET ON
[08:25:30] : REQUEST ZEROSET OFF
[08:25:42] : REQUEST ZEROSET ON
[08:25:43] : REQUEST ZEROSET OFF
[08:25:55] : REQUEST ZEROSET ON
[08:25:57] : REQUEST ZEROSET OFF
[08:26:09] : REQUEST ZEROSET ON
[08:26:10] : REQUEST ZEROSET OFF
[08:26:22] : REQUEST ZEROSET ON
[08:26:23] : REQUEST ZEROSET OFF
[08:26:35] : REQUEST ZEROSET ON
[08:26:37] : REQUEST ZEROSET OFF
[08:26:50] : REQUEST ZEROSET ON
[08:26:51] : REQUEST ZEROSET OFF
[08:27:04] : REQUEST ZEROSET ON
[08:27:05] : REQUEST ZEROSET OFF
[08:27:17] : REQUEST ZEROSET ON
[08:27:18] : REQUEST ZEROSET OFF
[08:27:30] : REQUEST ZEROSET ON
[08:27:31] : REQUEST ZEROSET OFF
[08:29:06] : REQUEST ZEROSET ON
[08:29:07] : REQUEST ZEROSET OFF
[08:29:21] : REQUEST ZEROSET ON
[08:29:23] : REQUEST ZEROSET OFF
[08:29:43] : REQUEST ZEROSET ON
[08:29:45] : REQUEST ZEROSET OFF
[08:30:01] : REQUEST ZEROSET ON
[08:30:02] : REQUEST ZEROSET OFF
[08:31:15] : REQUEST ZEROSET ON
[08:31:17] : REQUEST ZEROSET OFF
[08:31:36] : REQUEST ZEROSET ON
[08:31:37] : REQUEST ZEROSET OFF
[08:33:29] : REQUEST ZEROSET ON
[08:33:30] : REQUEST ZEROSET OFF
[08:33:43] : REQUEST ZEROSET ON
[08:33:44] : REQUEST ZEROSET OFF
[08:33:58] : REQUEST ZEROSET ON
[08:33:59] : REQUEST ZEROSET OFF
[08:34:12] : REQUEST ZEROSET ON
[08:34:13] : REQUEST ZEROSET OFF
[08:34:25] : REQUEST ZEROSET ON
[08:34:26] : REQUEST ZEROSET OFF
[08:34:53] : REQUEST ZEROSET ON
[08:34:55] : REQUEST ZEROSET OFF
[08:35:07] : REQUEST ZEROSET ON
[08:35:09] : REQUEST ZEROSET OFF
[08:35:22] : REQUEST ZEROSET ON
[08:35:23] : REQUEST ZEROSET OFF
[08:35:38] : REQUEST ZEROSET ON
[08:35:39] : REQUEST ZEROSET OFF
[08:42:12] : REQUEST ZEROSET ON
[08:42:13] : REQUEST ZEROSET OFF
[08:42:26] : REQUEST ZEROSET ON
[08:42:27] : REQUEST ZEROSET OFF
[08:42:39] : REQUEST ZEROSET ON
[08:42:40] : REQUEST ZEROSET OFF
[08:42:54] : REQUEST ZEROSET ON
[08:42:56] : REQUEST ZEROSET OFF
[08:43:14] : REQUEST MEAS. ON
[08:43:15] : REQUEST MEAS. OFF
[08:43:26] : REQUEST MEAS. ON
[08:43:27] : REQUEST MEAS. OFF
[08:43:39] : REQUEST MEAS. ON
[08:43:40] : REQUEST MEAS. OFF
[08:43:51] : REQUEST MEAS. ON
[08:43:52] : REQUEST MEAS. OFF
[08:44:04] : REQUEST MEAS. ON
[08:44:05] : REQUEST MEAS. OFF
[08:44:16] : REQUEST MEAS. ON
[08:44:17] : REQUEST MEAS. OFF
[08:44:29] : REQUEST MEAS. ON
[08:44:30] : REQUEST MEAS. OFF
[08:44:41] : REQUEST MEAS. ON
[08:44:42] : REQUEST MEAS. OFF
[08:44:54] : REQUEST MEAS. ON
[08:44:55] : REQUEST MEAS. OFF
[08:45:06] : REQUEST MEAS. ON
[08:45:07] : REQUEST MEAS. OFF
[08:45:19] : REQUEST MEAS. ON
[08:45:20] : REQUEST MEAS. OFF
[08:45:31] : REQUEST MEAS. ON
[08:45:32] : REQUEST MEAS. OFF
[08:45:43] : REQUEST MEAS. ON
[08:45:44] : REQUEST MEAS. OFF
[08:45:56] : REQUEST MEAS. ON
[08:45:57] : REQUEST MEAS. OFF
[08:46:08] : REQUEST MEAS. ON
[08:46:09] : REQUEST MEAS. OFF
[08:46:21] : REQUEST MEAS. ON
[08:46:22] : REQUEST MEAS. OFF
[08:46:33] : REQUEST MEAS. ON
[08:46:34] : REQUEST MEAS. OFF
[08:46:46] : REQUEST MEAS. ON
[08:46:47] : REQUEST MEAS. OFF
[08:46:58] : REQUEST MEAS. ON
[08:46:59] : REQUEST MEAS. OFF
[08:47:11] : REQUEST MEAS. ON
[08:47:12] : REQUEST MEAS. OFF
[08:47:23] : REQUEST MEAS. ON
[08:47:24] : REQUEST MEAS. OFF
[08:47:35] : REQUEST MEAS. ON
[08:47:36] : REQUEST MEAS. OFF
[08:47:48] : REQUEST MEAS. ON
[08:47:49] : REQUEST MEAS. OFF
[08:48:00] : REQUEST MEAS. ON
[08:48:01] : REQUEST MEAS. OFF
[08:48:13] : REQUEST MEAS. ON
[08:48:14] : REQUEST MEAS. OFF
[08:48:25] : REQUEST MEAS. ON
[08:48:26] : REQUEST MEAS. OFF
[08:48:38] : REQUEST MEAS. ON
[08:48:39] : REQUEST MEAS. OFF
[08:48:50] : REQUEST MEAS. ON
[08:48:51] : REQUEST MEAS. OFF
[08:49:03] : REQUEST MEAS. ON
[08:49:04] : REQUEST MEAS. OFF
[08:49:15] : REQUEST MEAS. ON
[08:49:16] : REQUEST MEAS. OFF
[08:49:28] : REQUEST MEAS. ON
[08:49:29] : REQUEST MEAS. OFF
[08:49:40] : REQUEST MEAS. ON
[08:49:41] : REQUEST MEAS. OFF
[08:49:53] : REQUEST MEAS. ON
[08:49:54] : REQUEST MEAS. OFF
[08:50:05] : REQUEST MEAS. ON
[08:50:06] : REQUEST MEAS. OFF
[08:50:17] : REQUEST MEAS. ON
[08:50:18] : REQUEST MEAS. OFF
[08:50:30] : REQUEST MEAS. ON
[08:50:31] : REQUEST MEAS. OFF
[08:50:42] : REQUEST MEAS. ON
[08:50:43] : REQUEST MEAS. OFF
[08:50:55] : REQUEST MEAS. ON
[08:50:56] : REQUEST MEAS. OFF
[08:51:07] : REQUEST MEAS. ON
[08:51:08] : REQUEST MEAS. OFF
[08:51:20] : REQUEST MEAS. ON
[08:51:21] : REQUEST MEAS. OFF
[08:51:32] : REQUEST MEAS. ON
[08:51:33] : REQUEST MEAS. OFF
[08:51:45] : REQUEST MEAS. ON
[08:51:46] : REQUEST MEAS. OFF
[08:51:57] : REQUEST MEAS. ON
[08:51:58] : REQUEST MEAS. OFF
[08:52:10] : REQUEST MEAS. ON
[08:52:11] : REQUEST MEAS. OFF
[08:52:22] : REQUEST MEAS. ON
[08:52:23] : REQUEST MEAS. OFF
[08:52:34] : REQUEST MEAS. ON
[08:52:35] : REQUEST MEAS. OFF
[08:52:47] : REQUEST MEAS. ON
[08:52:48] : REQUEST MEAS. OFF
[08:52:59] : REQUEST MEAS. ON
[08:53:00] : REQUEST MEAS. OFF
[08:53:12] : REQUEST MEAS. ON
[08:53:13] : REQUEST MEAS. OFF
[08:53:24] : REQUEST MEAS. ON
[08:53:25] : REQUEST MEAS. OFF
[08:55:00] : REQUEST MEAS. ON
[08:55:01] : REQUEST MEAS. OFF
[08:55:12] : REQUEST MEAS. ON
[08:55:13] : REQUEST MEAS. OFF
[08:55:24] : REQUEST MEAS. ON
[08:55:25] : REQUEST MEAS. OFF
[08:55:37] : REQUEST MEAS. ON
[08:55:38] : REQUEST MEAS. OFF
[08:55:49] : REQUEST MEAS. ON
[08:55:50] : REQUEST MEAS. OFF
[08:56:02] : REQUEST MEAS. ON
[08:56:03] : REQUEST MEAS. OFF
[08:56:14] : REQUEST MEAS. ON
[08:56:15] : REQUEST MEAS. OFF
[08:56:27] : REQUEST MEAS. ON
[08:56:28] : REQUEST MEAS. OFF
[08:56:39] : REQUEST MEAS. ON
[08:56:40] : REQUEST MEAS. OFF
[08:56:52] : REQUEST MEAS. ON
[08:56:53] : REQUEST MEAS. OFF
[08:57:24] : REQUEST MEAS. ON
[08:57:26] : REQUEST MEAS. OFF
[08:57:40] : REQUEST MEAS. ON
[08:57:41] : REQUEST MEAS. OFF
[08:58:07] : REQUEST MEAS. ON
[08:58:08] : REQUEST MEAS. OFF
[08:58:21] : REQUEST MEAS. ON
[08:58:23] : REQUEST MEAS. OFF
[08:58:35] : REQUEST MEAS. ON
[08:58:37] : REQUEST MEAS. OFF
[08:58:49] : REQUEST MEAS. ON
[08:58:50] : REQUEST MEAS. OFF
[08:59:03] : REQUEST MEAS. ON
[08:59:04] : REQUEST MEAS. OFF
[08:59:17] : REQUEST MEAS. ON
[08:59:18] : REQUEST MEAS. OFF
[08:59:31] : REQUEST MEAS. ON
[08:59:32] : REQUEST MEAS. OFF
[08:59:45] : REQUEST MEAS. ON
[08:59:46] : REQUEST MEAS. OFF
[08:59:59] : REQUEST MEAS. ON
[09:00:00] : REQUEST MEAS. OFF
[09:00:13] : REQUEST MEAS. ON
[09:00:14] : REQUEST MEAS. OFF
[09:00:27] : REQUEST MEAS. ON
[09:00:29] : REQUEST MEAS. OFF
[09:00:42] : REQUEST MEAS. ON
[09:00:44] : REQUEST MEAS. OFF
[09:00:56] : REQUEST MEAS. ON
[09:00:58] : REQUEST MEAS. OFF
[09:01:10] : REQUEST MEAS. ON
[09:01:12] : REQUEST MEAS. OFF
[09:01:24] : REQUEST MEAS. ON
[09:01:25] : REQUEST MEAS. OFF
[09:01:38] : REQUEST MEAS. ON
[09:01:39] : REQUEST MEAS. OFF
[09:01:52] : REQUEST MEAS. ON
[09:01:53] : REQUEST MEAS. OFF
[09:02:06] : REQUEST MEAS. ON
[09:02:08] : REQUEST MEAS. OFF
[09:02:21] : REQUEST MEAS. ON
[09:02:23] : REQUEST MEAS. OFF
[09:02:35] : REQUEST MEAS. ON
[09:02:36] : REQUEST MEAS. OFF
[09:02:49] : REQUEST MEAS. ON
[09:02:51] : REQUEST MEAS. OFF
[09:03:03] : REQUEST MEAS. ON
[09:03:04] : REQUEST MEAS. OFF
[09:03:17] : REQUEST MEAS. ON
[09:03:18] : REQUEST MEAS. OFF
[09:03:31] : REQUEST MEAS. ON
[09:03:33] : REQUEST MEAS. OFF
[09:03:45] : REQUEST MEAS. ON
[09:03:47] : REQUEST MEAS. OFF
[09:03:59] : REQUEST MEAS. ON
[09:04:00] : REQUEST MEAS. OFF
[09:04:13] : REQUEST MEAS. ON
[09:04:15] : REQUEST MEAS. OFF
[09:04:28] : REQUEST MEAS. ON
[09:04:29] : REQUEST MEAS. OFF
[09:04:42] : REQUEST MEAS. ON
[09:04:43] : REQUEST MEAS. OFF
[09:04:56] : REQUEST MEAS. ON
[09:04:57] : REQUEST MEAS. OFF
[09:05:10] : REQUEST MEAS. ON
[09:05:11] : REQUEST MEAS. OFF
[09:05:24] : REQUEST MEAS. ON
[09:05:25] : REQUEST MEAS. OFF
[09:05:38] : REQUEST MEAS. ON
[09:05:40] : REQUEST MEAS. OFF
[09:05:52] : REQUEST MEAS. ON
[09:05:53] : REQUEST MEAS. OFF
[09:06:06] : REQUEST MEAS. ON
[09:06:07] : REQUEST MEAS. OFF
[09:06:21] : REQUEST MEAS. ON
[09:06:23] : REQUEST MEAS. OFF
[09:06:35] : REQUEST MEAS. ON
[09:06:36] : REQUEST MEAS. OFF
[09:06:49] : REQUEST MEAS. ON
[09:06:50] : REQUEST MEAS. OFF
[09:07:03] : REQUEST MEAS. ON
[09:07:04] : REQUEST MEAS. OFF
[09:07:17] : REQUEST MEAS. ON
[09:07:18] : REQUEST MEAS. OFF
[09:07:31] : REQUEST MEAS. ON
[09:07:33] : REQUEST MEAS. OFF
[09:07:45] : REQUEST MEAS. ON
[09:07:46] : REQUEST MEAS. OFF
[09:07:59] : REQUEST MEAS. ON
[09:08:00] : REQUEST MEAS. OFF
[09:08:13] : REQUEST MEAS. ON
[09:08:14] : REQUEST MEAS. OFF
[09:08:27] : REQUEST MEAS. ON
[09:08:28] : REQUEST MEAS. OFF
[09:08:41] : REQUEST MEAS. ON
[09:08:42] : REQUEST MEAS. OFF
[09:08:55] : REQUEST MEAS. ON
[09:08:56] : REQUEST MEAS. OFF
[09:09:09] : REQUEST MEAS. ON
[09:09:10] : REQUEST MEAS. OFF
[09:09:23] : REQUEST MEAS. ON
[09:09:24] : REQUEST MEAS. OFF
[09:09:37] : REQUEST MEAS. ON
[09:09:38] : REQUEST MEAS. OFF
[09:27:14] : REQUEST MEAS. ON
[09:27:15] : REQUEST MEAS. OFF
[09:27:28] : REQUEST MEAS. ON
[09:27:29] : REQUEST MEAS. OFF
[09:27:42] : REQUEST MEAS. ON
[09:27:43] : REQUEST MEAS. OFF
[09:27:56] : REQUEST MEAS. ON
[09:27:57] : REQUEST MEAS. OFF
[09:28:10] : REQUEST MEAS. ON
[09:28:11] : REQUEST MEAS. OFF
[09:28:24] : REQUEST MEAS. ON
[09:28:25] : REQUEST MEAS. OFF
[09:28:38] : REQUEST MEAS. ON
[09:28:39] : REQUEST MEAS. OFF
[09:28:52] : REQUEST MEAS. ON
[09:28:53] : REQUEST MEAS. OFF
[09:29:07] : REQUEST MEAS. ON
[09:29:08] : REQUEST MEAS. OFF
[09:29:20] : REQUEST MEAS. ON
[09:29:22] : REQUEST MEAS. OFF
[09:29:36] : REQUEST MEAS. ON
[09:29:37] : REQUEST MEAS. OFF
[09:29:50] : REQUEST MEAS. ON
[09:29:51] : REQUEST MEAS. OFF
[09:30:05] : REQUEST MEAS. ON
[09:30:06] : REQUEST MEAS. OFF
[09:30:19] : REQUEST MEAS. ON
[09:30:20] : REQUEST MEAS. OFF
[09:30:32] : REQUEST MEAS. ON
[09:30:33] : REQUEST MEAS. OFF
[09:30:46] : REQUEST MEAS. ON
[09:30:47] : REQUEST MEAS. OFF
[09:31:01] : REQUEST MEAS. ON
[09:31:03] : REQUEST MEAS. OFF
[09:31:15] : REQUEST MEAS. ON
[09:31:17] : REQUEST MEAS. OFF
[09:31:29] : REQUEST MEAS. ON
[09:31:31] : REQUEST MEAS. OFF
[09:31:43] : REQUEST MEAS. ON
[09:31:45] : REQUEST MEAS. OFF
[09:31:57] : REQUEST MEAS. ON
[09:31:59] : REQUEST MEAS. OFF
[09:32:12] : REQUEST MEAS. ON
[09:32:13] : REQUEST MEAS. OFF
[09:32:26] : REQUEST MEAS. ON
[09:32:28] : REQUEST MEAS. OFF
[09:32:40] : REQUEST MEAS. ON
[09:32:42] : REQUEST MEAS. OFF
[09:36:14] : REQUEST MEAS. ON
[09:36:15] : REQUEST MEAS. OFF
[09:36:28] : REQUEST MEAS. ON
[09:36:29] : REQUEST MEAS. OFF
[09:36:42] : REQUEST MEAS. ON
[09:36:43] : REQUEST MEAS. OFF
[09:36:56] : REQUEST MEAS. ON
[09:36:58] : REQUEST MEAS. OFF
[09:37:10] : REQUEST MEAS. ON
[09:37:12] : REQUEST MEAS. OFF
[09:37:24] : REQUEST MEAS. ON
[09:37:25] : REQUEST MEAS. OFF
[09:37:39] : REQUEST MEAS. ON
[09:37:41] : REQUEST MEAS. OFF
[09:37:53] : REQUEST MEAS. ON
[09:37:54] : REQUEST MEAS. OFF
[09:50:13] : REQUEST ZEROSET ON
[09:50:14] : REQUEST ZEROSET OFF
[09:50:30] : REQUEST ZEROSET ON
[09:50:31] : REQUEST ZEROSET OFF
[09:50:47] : REQUEST ZEROSET ON
[09:50:49] : REQUEST ZEROSET OFF
[09:51:03] : REQUEST ZEROSET ON
[09:51:04] : REQUEST ZEROSET OFF
[09:51:19] : REQUEST ZEROSET ON
[09:51:20] : REQUEST ZEROSET OFF
[09:51:35] : REQUEST ZEROSET ON
[09:51:36] : REQUEST ZEROSET OFF
[09:51:56] : REQUEST MEAS. ON
[09:51:57] : REQUEST MEAS. OFF
[09:52:10] : REQUEST MEAS. ON
[09:52:12] : REQUEST MEAS. OFF
[09:52:24] : REQUEST MEAS. ON
[09:52:26] : REQUEST MEAS. OFF
[09:52:38] : REQUEST MEAS. ON
[09:52:39] : REQUEST MEAS. OFF
[09:52:52] : REQUEST MEAS. ON
[09:52:53] : REQUEST MEAS. OFF
[09:53:06] : REQUEST MEAS. ON
[09:53:08] : REQUEST MEAS. OFF
[09:53:21] : REQUEST MEAS. ON
[09:53:22] : REQUEST MEAS. OFF
[09:53:35] : REQUEST MEAS. ON
[09:53:36] : REQUEST MEAS. OFF
[09:53:49] : REQUEST MEAS. ON
[09:53:51] : REQUEST MEAS. OFF
[09:54:03] : REQUEST MEAS. ON
[09:54:04] : REQUEST MEAS. OFF
[09:54:17] : REQUEST MEAS. ON
[09:54:19] : REQUEST MEAS. OFF
[09:54:31] : REQUEST MEAS. ON
[09:54:32] : REQUEST MEAS. OFF
[09:54:45] : REQUEST MEAS. ON
[09:54:47] : REQUEST MEAS. OFF
[09:55:00] : REQUEST MEAS. ON
[09:55:01] : REQUEST MEAS. OFF
[09:55:14] : REQUEST MEAS. ON
[09:55:15] : REQUEST MEAS. OFF
[09:55:28] : REQUEST MEAS. ON
[09:55:29] : REQUEST MEAS. OFF
[09:55:42] : REQUEST MEAS. ON
[09:55:43] : REQUEST MEAS. OFF
[09:55:56] : REQUEST MEAS. ON
[09:55:58] : REQUEST MEAS. OFF
[09:56:10] : REQUEST MEAS. ON
[09:56:11] : REQUEST MEAS. OFF
[09:56:24] : REQUEST MEAS. ON
[09:56:26] : REQUEST MEAS. OFF
[09:56:38] : REQUEST MEAS. ON
[09:56:40] : REQUEST MEAS. OFF
[09:56:53] : REQUEST MEAS. ON
[09:56:55] : REQUEST MEAS. OFF
[09:57:07] : REQUEST MEAS. ON
[09:57:08] : REQUEST MEAS. OFF
[09:57:21] : REQUEST MEAS. ON
[09:57:22] : REQUEST MEAS. OFF
[09:57:35] : REQUEST MEAS. ON
[09:57:36] : REQUEST MEAS. OFF
[09:57:49] : REQUEST MEAS. ON
[09:57:50] : REQUEST MEAS. OFF
[09:58:03] : REQUEST MEAS. ON
[09:58:05] : REQUEST MEAS. OFF
[09:58:17] : REQUEST MEAS. ON
[09:58:18] : REQUEST MEAS. OFF
[09:58:31] : REQUEST MEAS. ON
[09:58:33] : REQUEST MEAS. OFF
[09:58:46] : REQUEST MEAS. ON
[09:58:47] : REQUEST MEAS. OFF
[09:59:00] : REQUEST MEAS. ON
[09:59:02] : REQUEST MEAS. OFF
[09:59:14] : REQUEST MEAS. ON
[09:59:15] : REQUEST MEAS. OFF
[09:59:28] : REQUEST MEAS. ON
[09:59:30] : REQUEST MEAS. OFF
[09:59:42] : REQUEST MEAS. ON
[09:59:43] : REQUEST MEAS. OFF
[09:59:55] : REQUEST MEAS. ON
[09:59:56] : REQUEST MEAS. OFF
[10:00:08] : REQUEST MEAS. ON
[10:00:09] : REQUEST MEAS. OFF
[10:00:20] : REQUEST MEAS. ON
[10:00:21] : REQUEST MEAS. OFF
[10:00:33] : REQUEST MEAS. ON
[10:00:34] : REQUEST MEAS. OFF
[10:00:46] : REQUEST MEAS. ON
[10:00:47] : REQUEST MEAS. OFF
[10:00:59] : REQUEST MEAS. ON
[10:01:00] : REQUEST MEAS. OFF
[10:01:12] : REQUEST MEAS. ON
[10:01:13] : REQUEST MEAS. OFF
[10:01:25] : REQUEST MEAS. ON
[10:01:26] : REQUEST MEAS. OFF
[10:02:39] : REQUEST ZEROSET ON
[10:02:41] : REQUEST ZEROSET OFF
[10:02:56] : REQUEST ZEROSET ON
[10:02:57] : REQUEST ZEROSET OFF
[10:03:12] : REQUEST ZEROSET ON
[10:03:13] : REQUEST ZEROSET OFF
[10:03:25] : REQUEST ZEROSET ON
[10:03:27] : REQUEST ZEROSET OFF
[10:03:47] : REQUEST ZEROSET ON
[10:03:48] : REQUEST ZEROSET OFF
[10:04:01] : REQUEST ZEROSET ON
[10:04:02] : REQUEST ZEROSET OFF
[10:04:20] : REQUEST MEAS. ON
[10:04:21] : REQUEST MEAS. OFF
[10:04:32] : REQUEST MEAS. ON
[10:04:33] : REQUEST MEAS. OFF
[10:04:45] : REQUEST MEAS. ON
[10:04:46] : REQUEST MEAS. OFF
[10:04:58] : REQUEST MEAS. ON
[10:04:59] : REQUEST MEAS. OFF
[10:05:11] : REQUEST MEAS. ON
[10:05:12] : REQUEST MEAS. OFF
[10:05:24] : REQUEST MEAS. ON
[10:05:25] : REQUEST MEAS. OFF
[10:05:37] : REQUEST MEAS. ON
[10:05:38] : REQUEST MEAS. OFF
[10:05:50] : REQUEST MEAS. ON
[10:05:51] : REQUEST MEAS. OFF
[10:06:02] : REQUEST MEAS. ON
[10:06:03] : REQUEST MEAS. OFF
[10:06:15] : REQUEST MEAS. ON
[10:06:16] : REQUEST MEAS. OFF
[10:06:28] : REQUEST MEAS. ON
[10:06:29] : REQUEST MEAS. OFF
[10:06:41] : REQUEST MEAS. ON
[10:06:42] : REQUEST MEAS. OFF
[10:06:54] : REQUEST MEAS. ON
[10:06:55] : REQUEST MEAS. OFF
[10:07:07] : REQUEST MEAS. ON
[10:07:08] : REQUEST MEAS. OFF
[10:07:20] : REQUEST MEAS. ON
[10:07:21] : REQUEST MEAS. OFF
[10:07:32] : REQUEST MEAS. ON
[10:07:33] : REQUEST MEAS. OFF
[10:07:45] : REQUEST MEAS. ON
[10:07:46] : REQUEST MEAS. OFF
[10:07:58] : REQUEST MEAS. ON
[10:07:59] : REQUEST MEAS. OFF
[10:08:11] : REQUEST MEAS. ON
[10:08:12] : REQUEST MEAS. OFF
[10:08:24] : REQUEST MEAS. ON
[10:08:25] : REQUEST MEAS. OFF
[10:08:37] : REQUEST MEAS. ON
[10:08:38] : REQUEST MEAS. OFF
[10:08:50] : REQUEST MEAS. ON
[10:08:51] : REQUEST MEAS. OFF
[10:09:02] : REQUEST MEAS. ON
[10:09:03] : REQUEST MEAS. OFF
[10:09:15] : REQUEST MEAS. ON
[10:09:16] : REQUEST MEAS. OFF
[10:09:28] : REQUEST MEAS. ON
[10:09:29] : REQUEST MEAS. OFF
[10:09:41] : REQUEST MEAS. ON
[10:09:42] : REQUEST MEAS. OFF
[10:09:54] : REQUEST MEAS. ON
[10:09:55] : REQUEST MEAS. OFF
[10:10:07] : REQUEST MEAS. ON
[10:10:08] : REQUEST MEAS. OFF
[10:10:20] : REQUEST MEAS. ON
[10:10:21] : REQUEST MEAS. OFF
[10:10:32] : REQUEST MEAS. ON
[10:10:33] : REQUEST MEAS. OFF
[10:10:45] : REQUEST MEAS. ON
[10:10:46] : REQUEST MEAS. OFF
[10:10:58] : REQUEST MEAS. ON
[10:10:59] : REQUEST MEAS. OFF
[10:11:11] : REQUEST MEAS. ON
[10:11:12] : REQUEST MEAS. OFF
[10:11:24] : REQUEST MEAS. ON
[10:11:25] : REQUEST MEAS. OFF
[10:11:37] : REQUEST MEAS. ON
[10:11:38] : REQUEST MEAS. OFF
[10:11:50] : REQUEST MEAS. ON
[10:11:51] : REQUEST MEAS. OFF
[10:12:02] : REQUEST MEAS. ON
[10:12:03] : REQUEST MEAS. OFF
[10:12:15] : REQUEST MEAS. ON
[10:12:16] : REQUEST MEAS. OFF
[10:12:28] : REQUEST MEAS. ON
[10:12:29] : REQUEST MEAS. OFF
[10:12:41] : REQUEST MEAS. ON
[10:12:42] : REQUEST MEAS. OFF
[10:12:54] : REQUEST MEAS. ON
[10:12:55] : REQUEST MEAS. OFF
[10:13:07] : REQUEST MEAS. ON
[10:13:08] : REQUEST MEAS. OFF
[10:13:20] : REQUEST MEAS. ON
[10:13:21] : REQUEST MEAS. OFF
[10:13:33] : REQUEST MEAS. ON
[10:13:34] : REQUEST MEAS. OFF
[10:13:45] : REQUEST MEAS. ON
[10:13:46] : REQUEST MEAS. OFF
[10:13:58] : REQUEST MEAS. ON
[10:13:59] : REQUEST MEAS. OFF
[10:14:11] : REQUEST MEAS. ON
[10:14:12] : REQUEST MEAS. OFF
[10:14:24] : REQUEST MEAS. ON
[10:14:25] : REQUEST MEAS. OFF
[10:14:37] : REQUEST MEAS. ON
[10:14:38] : REQUEST MEAS. OFF
[10:14:50] : REQUEST MEAS. ON
[10:14:52] : REQUEST MEAS. OFF
[10:23:37] : REQUEST ZEROSET ON
[10:23:38] : REQUEST ZEROSET OFF
[10:23:53] : REQUEST ZEROSET ON
[10:23:54] : REQUEST ZEROSET OFF
[10:24:07] : REQUEST ZEROSET ON
[10:24:08] : REQUEST ZEROSET OFF
[10:24:30] : REQUEST MEAS. ON
[10:24:31] : REQUEST MEAS. OFF
[10:24:43] : REQUEST MEAS. ON
[10:24:45] : REQUEST MEAS. OFF
[10:24:56] : REQUEST MEAS. ON
[10:24:58] : REQUEST MEAS. OFF
[10:25:09] : REQUEST MEAS. ON
[10:25:11] : REQUEST MEAS. OFF
[10:25:22] : REQUEST MEAS. ON
[10:25:24] : REQUEST MEAS. OFF
[10:25:35] : REQUEST MEAS. ON
[10:25:37] : REQUEST MEAS. OFF
[10:25:49] : REQUEST MEAS. ON
[10:25:51] : REQUEST MEAS. OFF
[10:26:02] : REQUEST MEAS. ON
[10:26:04] : REQUEST MEAS. OFF
[10:26:15] : REQUEST MEAS. ON
[10:26:17] : REQUEST MEAS. OFF
[10:26:28] : REQUEST MEAS. ON
[10:26:30] : REQUEST MEAS. OFF
[10:26:41] : REQUEST MEAS. ON
[10:26:43] : REQUEST MEAS. OFF
[10:26:54] : REQUEST MEAS. ON
[10:26:56] : REQUEST MEAS. OFF
[10:27:08] : REQUEST MEAS. ON
[10:27:10] : REQUEST MEAS. OFF
[10:27:21] : REQUEST MEAS. ON
[10:27:22] : REQUEST MEAS. OFF
[10:27:34] : REQUEST MEAS. ON
[10:27:36] : REQUEST MEAS. OFF
[10:27:47] : REQUEST MEAS. ON
[10:27:49] : REQUEST MEAS. OFF
[10:28:00] : REQUEST MEAS. ON
[10:28:02] : REQUEST MEAS. OFF
[10:28:13] : REQUEST MEAS. ON
[10:28:15] : REQUEST MEAS. OFF
[10:28:26] : REQUEST MEAS. ON
[10:28:28] : REQUEST MEAS. OFF
[10:28:40] : REQUEST MEAS. ON
[10:28:42] : REQUEST MEAS. OFF
[10:28:53] : REQUEST MEAS. ON
[10:28:55] : REQUEST MEAS. OFF
[10:29:06] : REQUEST MEAS. ON
[10:29:08] : REQUEST MEAS. OFF
[10:29:19] : REQUEST MEAS. ON
[10:29:21] : REQUEST MEAS. OFF
[10:29:32] : REQUEST MEAS. ON
[10:29:34] : REQUEST MEAS. OFF
[10:29:45] : REQUEST MEAS. ON
[10:29:47] : REQUEST MEAS. OFF
[10:29:59] : REQUEST MEAS. ON
[10:30:01] : REQUEST MEAS. OFF
[10:30:12] : REQUEST MEAS. ON
[10:30:14] : REQUEST MEAS. OFF
[10:30:25] : REQUEST MEAS. ON
[10:30:27] : REQUEST MEAS. OFF
[10:30:38] : REQUEST MEAS. ON
[10:30:40] : REQUEST MEAS. OFF
[10:30:51] : REQUEST MEAS. ON
[10:30:53] : REQUEST MEAS. OFF
[10:31:04] : REQUEST MEAS. ON
[10:31:06] : REQUEST MEAS. OFF
[10:31:17] : REQUEST MEAS. ON
[10:31:19] : REQUEST MEAS. OFF
[10:31:31] : REQUEST MEAS. ON
[10:31:33] : REQUEST MEAS. OFF
[10:31:44] : REQUEST MEAS. ON
[10:31:46] : REQUEST MEAS. OFF
[10:31:57] : REQUEST MEAS. ON
[10:31:59] : REQUEST MEAS. OFF
[10:32:10] : REQUEST MEAS. ON
[10:32:12] : REQUEST MEAS. OFF
[10:32:23] : REQUEST MEAS. ON
[10:32:25] : REQUEST MEAS. OFF
[10:32:37] : REQUEST MEAS. ON
[10:32:39] : REQUEST MEAS. OFF
[10:32:50] : REQUEST MEAS. ON
[10:32:52] : REQUEST MEAS. OFF
[10:33:03] : REQUEST MEAS. ON
[10:33:05] : REQUEST MEAS. OFF
[10:33:16] : REQUEST MEAS. ON
[10:33:18] : REQUEST MEAS. OFF
[10:33:29] : REQUEST MEAS. ON
[10:33:31] : REQUEST MEAS. OFF
[10:33:43] : REQUEST MEAS. ON
[10:33:45] : REQUEST MEAS. OFF
[10:33:56] : REQUEST MEAS. ON
[10:33:58] : REQUEST MEAS. OFF
[10:34:09] : REQUEST MEAS. ON
[10:34:11] : REQUEST MEAS. OFF
[10:34:22] : REQUEST MEAS. ON
[10:34:24] : REQUEST MEAS. OFF
[10:34:35] : REQUEST MEAS. ON
[10:34:37] : REQUEST MEAS. OFF
[10:34:48] : REQUEST MEAS. ON
[10:34:50] : REQUEST MEAS. OFF
[10:35:01] : REQUEST MEAS. ON
[10:35:03] : REQUEST MEAS. OFF
[10:35:15] : REQUEST MEAS. ON
[10:35:17] : REQUEST MEAS. OFF
[10:39:24] : REQUEST MEAS. ON
[10:39:25] : REQUEST MEAS. OFF
[10:39:36] : REQUEST MEAS. ON
[10:39:38] : REQUEST MEAS. OFF
[10:39:50] : REQUEST MEAS. ON
[10:39:52] : REQUEST MEAS. OFF
[10:40:03] : REQUEST MEAS. ON
[10:40:05] : REQUEST MEAS. OFF
[10:40:16] : REQUEST MEAS. ON
[10:40:18] : REQUEST MEAS. OFF
[10:40:29] : REQUEST MEAS. ON
[10:40:31] : REQUEST MEAS. OFF
[10:40:42] : REQUEST MEAS. ON
[10:40:44] : REQUEST MEAS. OFF
[10:40:55] : REQUEST MEAS. ON
[10:40:57] : REQUEST MEAS. OFF
[10:41:08] : REQUEST MEAS. ON
[10:41:10] : REQUEST MEAS. OFF
[10:41:22] : REQUEST MEAS. ON
[10:41:24] : REQUEST MEAS. OFF
[10:41:35] : REQUEST MEAS. ON
[10:41:37] : REQUEST MEAS. OFF
[10:41:48] : REQUEST MEAS. ON
[10:41:50] : REQUEST MEAS. OFF
[10:42:01] : REQUEST MEAS. ON
[10:42:03] : REQUEST MEAS. OFF
[10:42:14] : REQUEST MEAS. ON
[10:42:16] : REQUEST MEAS. OFF
[10:42:28] : REQUEST MEAS. ON
[10:42:30] : REQUEST MEAS. OFF
[10:42:41] : REQUEST MEAS. ON
[10:42:43] : REQUEST MEAS. OFF
[10:42:54] : REQUEST MEAS. ON
[10:42:56] : REQUEST MEAS. OFF
[10:43:07] : REQUEST MEAS. ON
[10:43:09] : REQUEST MEAS. OFF
[10:43:20] : REQUEST MEAS. ON
[10:43:22] : REQUEST MEAS. OFF
[10:43:33] : REQUEST MEAS. ON
[10:43:35] : REQUEST MEAS. OFF
[10:43:47] : REQUEST MEAS. ON
[10:43:49] : REQUEST MEAS. OFF
[10:44:00] : REQUEST MEAS. ON
[10:44:01] : REQUEST MEAS. OFF
[10:44:13] : REQUEST MEAS. ON
[10:44:15] : REQUEST MEAS. OFF
[10:44:26] : REQUEST MEAS. ON
[10:44:28] : REQUEST MEAS. OFF
[10:44:39] : REQUEST MEAS. ON
[10:44:41] : REQUEST MEAS. OFF
[10:44:52] : REQUEST MEAS. ON
[10:44:54] : REQUEST MEAS. OFF
[10:45:05] : REQUEST MEAS. ON
[10:45:07] : REQUEST MEAS. OFF
[10:45:19] : REQUEST MEAS. ON
[10:45:21] : REQUEST MEAS. OFF
[10:45:32] : REQUEST MEAS. ON
[10:45:34] : REQUEST MEAS. OFF
[10:45:45] : REQUEST MEAS. ON
[10:45:47] : REQUEST MEAS. OFF
[10:45:58] : REQUEST MEAS. ON
[10:46:00] : REQUEST MEAS. OFF
[10:46:11] : REQUEST MEAS. ON
[10:46:13] : REQUEST MEAS. OFF
[10:46:24] : REQUEST MEAS. ON
[10:46:26] : REQUEST MEAS. OFF
[10:46:38] : REQUEST MEAS. ON
[10:46:40] : REQUEST MEAS. OFF
[10:46:51] : REQUEST MEAS. ON
[10:46:53] : REQUEST MEAS. OFF
[10:47:04] : REQUEST MEAS. ON
[10:47:06] : REQUEST MEAS. OFF
[10:47:17] : REQUEST MEAS. ON
[10:47:19] : REQUEST MEAS. OFF
[10:47:30] : REQUEST MEAS. ON
[10:47:32] : REQUEST MEAS. OFF
[10:47:44] : REQUEST MEAS. ON
[10:47:46] : REQUEST MEAS. OFF
[10:47:57] : REQUEST MEAS. ON
[10:47:59] : REQUEST MEAS. OFF
[10:48:10] : REQUEST MEAS. ON
[10:48:12] : REQUEST MEAS. OFF
[10:48:23] : REQUEST MEAS. ON
[10:48:25] : REQUEST MEAS. OFF
[10:48:36] : REQUEST MEAS. ON
[10:48:38] : REQUEST MEAS. OFF
[10:48:49] : REQUEST MEAS. ON
[10:48:51] : REQUEST MEAS. OFF
[10:49:02] : REQUEST MEAS. ON
[10:49:04] : REQUEST MEAS. OFF
[10:49:16] : REQUEST MEAS. ON
[10:49:18] : REQUEST MEAS. OFF
[10:49:29] : REQUEST MEAS. ON
[10:49:31] : REQUEST MEAS. OFF
[10:49:42] : REQUEST MEAS. ON
[10:49:44] : REQUEST MEAS. OFF
[10:49:55] : REQUEST MEAS. ON
[10:49:57] : REQUEST MEAS. OFF
[10:50:08] : REQUEST MEAS. ON
[10:50:10] : REQUEST MEAS. OFF
[10:51:02] : PROGRAM END
 
[10:51:57] : PROGRAM START
[10:51:58] : MARK TCP Connect OK
[10:52:02] : AUTO RUNNING OFF
[10:52:02] : REQUEST MEAS. OFF
[10:52:02] : REQUEST ZEROSET OFF
[10:52:02] : REQUEST ZEROSET OFF
[10:52:15] : REQUEST MEAS. ON
[10:52:16] : REQUEST MEAS. OFF
[10:52:28] : REQUEST MEAS. ON
[10:52:30] : REQUEST MEAS. OFF
[10:52:41] : REQUEST MEAS. ON
[10:52:43] : REQUEST MEAS. OFF
[10:52:54] : REQUEST MEAS. ON
[10:52:56] : REQUEST MEAS. OFF
[10:53:07] : REQUEST MEAS. ON
[10:53:09] : REQUEST MEAS. OFF
[10:53:20] : REQUEST MEAS. ON
[10:53:22] : REQUEST MEAS. OFF
[10:53:33] : REQUEST MEAS. ON
[10:53:35] : REQUEST MEAS. OFF
[10:53:46] : REQUEST MEAS. ON
[10:53:48] : REQUEST MEAS. OFF
[10:54:00] : REQUEST MEAS. ON
[10:54:02] : REQUEST MEAS. OFF
[10:54:13] : REQUEST MEAS. ON
[10:54:15] : REQUEST MEAS. OFF
[10:55:36] : REQUEST MEAS. ON
[10:55:37] : REQUEST MEAS. OFF
[10:55:48] : REQUEST MEAS. ON
[10:55:50] : REQUEST MEAS. OFF
[10:56:01] : REQUEST MEAS. ON
[10:56:03] : REQUEST MEAS. OFF
[10:56:15] : REQUEST MEAS. ON
[10:56:17] : REQUEST MEAS. OFF
[10:56:28] : REQUEST MEAS. ON
[10:56:30] : REQUEST MEAS. OFF
[10:56:41] : REQUEST MEAS. ON
[10:56:43] : REQUEST MEAS. OFF
[10:56:54] : REQUEST MEAS. ON
[10:56:56] : REQUEST MEAS. OFF
[10:57:07] : REQUEST MEAS. ON
[10:57:09] : REQUEST MEAS. OFF
[10:57:20] : REQUEST MEAS. ON
[10:57:22] : REQUEST MEAS. OFF
[10:57:33] : REQUEST MEAS. ON
[10:57:35] : REQUEST MEAS. OFF
[11:01:33] : PROGRAM END
 
[11:01:50] : PROGRAM START
[11:01:51] : MARK TCP Connect OK
[11:01:55] : AUTO RUNNING OFF
[11:01:55] : REQUEST MEAS. OFF
[11:01:55] : REQUEST ZEROSET OFF
[11:01:55] : REQUEST ZEROSET OFF
[11:40:20] : REQUEST ZEROSET ON
[11:40:22] : REQUEST ZEROSET OFF
[11:40:43] : REQUEST ZEROSET ON
[11:40:44] : REQUEST ZEROSET OFF
[11:40:58] : REQUEST ZEROSET ON
[11:40:59] : REQUEST ZEROSET OFF
[11:44:46] : REQUEST ZEROSET ON
[11:44:47] : REQUEST ZEROSET OFF
[11:45:02] : REQUEST ZEROSET ON
[11:45:03] : REQUEST ZEROSET OFF
[11:45:22] : REQUEST MEAS. ON
[11:45:23] : REQUEST MEAS. OFF
[11:45:37] : REQUEST MEAS. ON
[11:45:38] : REQUEST MEAS. OFF
[11:45:54] : REQUEST MEAS. ON
[11:45:55] : REQUEST MEAS. OFF
[11:46:39] : REQUEST MEAS. ON
[11:46:41] : REQUEST MEAS. OFF
[11:46:59] : REQUEST MEAS. ON
[11:47:01] : REQUEST MEAS. OFF
[11:47:14] : REQUEST MEAS. ON
[11:47:15] : REQUEST MEAS. OFF
[11:48:21] : REQUEST MEAS. ON
[11:48:22] : REQUEST MEAS. OFF
 
[11:50:06] : REQUEST MEAS. ON
[11:50:07] : REQUEST MEAS. OFF
[11:50:24] : REQUEST MEAS. ON
[11:50:25] : REQUEST MEAS. OFF
[11:50:44] : REQUEST MEAS. ON
[11:50:45] : REQUEST MEAS. OFF
[11:52:28] : REQUEST MEAS. ON
[11:52:29] : REQUEST MEAS. OFF
[11:58:19] : REQUEST ZEROSET ON
[11:58:20] : REQUEST ZEROSET OFF
[11:58:36] : REQUEST MEAS. ON
[11:58:37] : REQUEST MEAS. OFF
[11:59:04] : REQUEST MEAS. ON
[11:59:05] : REQUEST MEAS. OFF
[12:02:27] : REQUEST MEAS. ON
[12:02:29] : REQUEST MEAS. OFF
[12:02:45] : REQUEST MEAS. ON
[12:02:46] : REQUEST MEAS. OFF
[12:04:38] : REQUEST MEAS. ON
[12:04:39] : REQUEST MEAS. OFF
[12:05:24] : REQUEST MEAS. ON
[12:05:25] : REQUEST MEAS. OFF
[12:43:42] : REQUEST MEAS. ON
[12:43:43] : REQUEST MEAS. OFF
[12:51:54] : REQUEST MEAS. ON
[12:51:55] : REQUEST MEAS. OFF
[13:15:13] : REQUEST MEAS. ON
[13:15:14] : REQUEST MEAS. OFF
[13:15:41] : REQUEST MEAS. ON
[13:15:43] : REQUEST MEAS. OFF
[13:17:30] : REQUEST MEAS. ON
[13:17:31] : REQUEST MEAS. OFF
[13:18:40] : REQUEST MEAS. ON
[13:18:41] : REQUEST MEAS. OFF
[13:18:53] : REQUEST MEAS. ON
[13:18:55] : REQUEST MEAS. OFF
[13:19:07] : REQUEST MEAS. ON
[13:19:09] : REQUEST MEAS. OFF
[13:19:20] : REQUEST MEAS. ON
[13:19:22] : REQUEST MEAS. OFF
[13:19:33] : REQUEST MEAS. ON
[13:19:35] : REQUEST MEAS. OFF
[13:19:46] : REQUEST MEAS. ON
[13:19:48] : REQUEST MEAS. OFF
[13:19:59] : REQUEST MEAS. ON
[13:20:01] : REQUEST MEAS. OFF
[13:20:12] : REQUEST MEAS. ON
[13:20:13] : REQUEST MEAS. OFF
[13:20:25] : REQUEST MEAS. ON
[13:20:27] : REQUEST MEAS. OFF
[13:20:39] : REQUEST MEAS. ON
[13:20:40] : REQUEST MEAS. OFF
[13:21:02] : PROGRAM END
 
[13:21:10] : PROGRAM START
[13:21:11] : MARK TCP Connect OK
[13:21:15] : AUTO RUNNING OFF
[13:21:15] : REQUEST MEAS. OFF
[13:21:15] : REQUEST ZEROSET OFF
[13:21:15] : REQUEST ZEROSET OFF
[13:22:20] : REQUEST MEAS. ON
[13:22:21] : REQUEST MEAS. OFF
[13:25:07] : REQUEST MEAS. ON
[13:25:08] : REQUEST MEAS. OFF
[14:40:35] : REQUEST MEAS. ON
[14:40:36] : REQUEST MEAS. OFF
[14:42:57] : REQUEST MEAS. ON
[14:42:58] : REQUEST MEAS. OFF
[14:43:14] : REQUEST MEAS. ON
[14:43:16] : REQUEST MEAS. OFF
[14:44:02] : REQUEST MEAS. ON
[14:44:03] : REQUEST MEAS. OFF
[14:44:30] : REQUEST MEAS. ON
[14:44:32] : REQUEST MEAS. OFF
[14:44:45] : REQUEST MEAS. ON
[14:44:46] : REQUEST MEAS. OFF
[14:45:01] : REQUEST MEAS. ON
[14:45:02] : REQUEST MEAS. OFF
[14:45:48] : REQUEST MEAS. ON
[14:45:49] : REQUEST MEAS. OFF
[15:29:58] : REQUEST MEAS. ON
[15:30:00] : REQUEST MEAS. OFF
[15:30:14] : REQUEST MEAS. ON
[15:30:15] : REQUEST MEAS. OFF
[15:30:44] : REQUEST MEAS. ON
[15:30:45] : REQUEST MEAS. OFF
[15:30:59] : REQUEST MEAS. ON
[15:31:00] : REQUEST MEAS. OFF
[15:31:12] : REQUEST MEAS. ON
[15:31:14] : REQUEST MEAS. OFF
[15:31:25] : REQUEST MEAS. ON
[15:31:27] : REQUEST MEAS. OFF
[15:31:39] : REQUEST MEAS. ON
[15:31:41] : REQUEST MEAS. OFF
[15:31:52] : REQUEST MEAS. ON
[15:31:54] : REQUEST MEAS. OFF
[15:32:05] : REQUEST MEAS. ON
[15:32:07] : REQUEST MEAS. OFF
[15:32:18] : REQUEST MEAS. ON
[15:32:20] : REQUEST MEAS. OFF
[15:32:31] : REQUEST MEAS. ON
[15:32:33] : REQUEST MEAS. OFF
[15:32:44] : REQUEST MEAS. ON
[15:32:45] : REQUEST MEAS. OFF
[15:32:57] : REQUEST MEAS. ON
[15:32:59] : REQUEST MEAS. OFF
[15:33:10] : REQUEST MEAS. ON
[15:33:12] : REQUEST MEAS. OFF
[15:33:24] : REQUEST MEAS. ON
[15:33:26] : REQUEST MEAS. OFF
[15:33:37] : REQUEST MEAS. ON
[15:33:39] : REQUEST MEAS. OFF
[15:33:50] : REQUEST MEAS. ON
[15:33:52] : REQUEST MEAS. OFF
[15:34:03] : REQUEST MEAS. ON
[15:34:05] : REQUEST MEAS. OFF
[15:34:16] : REQUEST MEAS. ON
[15:34:18] : REQUEST MEAS. OFF
[15:34:29] : REQUEST MEAS. ON
[15:34:31] : REQUEST MEAS. OFF
[15:34:43] : REQUEST MEAS. ON
[15:34:45] : REQUEST MEAS. OFF
[15:34:56] : REQUEST MEAS. ON
[15:34:58] : REQUEST MEAS. OFF
[15:35:09] : REQUEST MEAS. ON
[15:35:11] : REQUEST MEAS. OFF
[15:35:22] : REQUEST MEAS. ON
[15:35:24] : REQUEST MEAS. OFF
[15:35:35] : REQUEST MEAS. ON
[15:35:37] : REQUEST MEAS. OFF
[15:35:48] : REQUEST MEAS. ON
[15:35:50] : REQUEST MEAS. OFF
[15:36:02] : REQUEST MEAS. ON
[15:36:04] : REQUEST MEAS. OFF
[15:36:15] : REQUEST MEAS. ON
[15:36:17] : REQUEST MEAS. OFF
[15:36:28] : REQUEST MEAS. ON
[15:36:30] : REQUEST MEAS. OFF
[15:36:41] : REQUEST MEAS. ON
[15:36:43] : REQUEST MEAS. OFF
[15:36:54] : REQUEST MEAS. ON
[15:36:56] : REQUEST MEAS. OFF
[15:37:07] : REQUEST MEAS. ON
[15:37:09] : REQUEST MEAS. OFF
[15:37:21] : REQUEST MEAS. ON
[15:37:23] : REQUEST MEAS. OFF
[15:37:34] : REQUEST MEAS. ON
[15:37:36] : REQUEST MEAS. OFF
[15:37:47] : REQUEST MEAS. ON
[15:37:49] : REQUEST MEAS. OFF
[15:38:00] : REQUEST MEAS. ON
[15:38:02] : REQUEST MEAS. OFF
[15:38:13] : REQUEST MEAS. ON
[15:38:15] : REQUEST MEAS. OFF
[15:38:26] : REQUEST MEAS. ON
[15:38:28] : REQUEST MEAS. OFF
[15:38:39] : REQUEST MEAS. ON
[15:38:41] : REQUEST MEAS. OFF
[15:38:53] : REQUEST MEAS. ON
[15:38:55] : REQUEST MEAS. OFF
[15:39:06] : REQUEST MEAS. ON
[15:39:08] : REQUEST MEAS. OFF
[15:39:19] : REQUEST MEAS. ON
[15:39:21] : REQUEST MEAS. OFF
[15:39:32] : REQUEST MEAS. ON
[15:39:34] : REQUEST MEAS. OFF
[15:39:45] : REQUEST MEAS. ON
[15:39:47] : REQUEST MEAS. OFF
[15:39:58] : REQUEST MEAS. ON
[15:39:59] : REQUEST MEAS. OFF
[15:40:11] : REQUEST MEAS. ON
[15:40:13] : REQUEST MEAS. OFF
[15:40:24] : REQUEST MEAS. ON
[15:40:26] : REQUEST MEAS. OFF
[15:40:38] : REQUEST MEAS. ON
[15:40:40] : REQUEST MEAS. OFF
[15:40:51] : REQUEST MEAS. ON
[15:40:53] : REQUEST MEAS. OFF
[15:41:04] : REQUEST MEAS. ON
[15:41:06] : REQUEST MEAS. OFF
[15:41:17] : REQUEST MEAS. ON
[15:41:19] : REQUEST MEAS. OFF
[15:41:30] : REQUEST MEAS. ON
[15:41:32] : REQUEST MEAS. OFF
[15:41:43] : REQUEST MEAS. ON
[15:41:45] : REQUEST MEAS. OFF
[15:41:57] : REQUEST MEAS. ON
[15:41:59] : REQUEST MEAS. OFF
[15:42:10] : REQUEST MEAS. ON
[15:42:12] : REQUEST MEAS. OFF
[15:42:23] : REQUEST MEAS. ON
[15:42:25] : REQUEST MEAS. OFF
[15:42:36] : REQUEST MEAS. ON
[15:42:38] : REQUEST MEAS. OFF
[15:42:49] : REQUEST MEAS. ON
[15:42:51] : REQUEST MEAS. OFF
[15:43:02] : REQUEST MEAS. ON
[15:43:04] : REQUEST MEAS. OFF
[15:43:16] : REQUEST MEAS. ON
[15:43:18] : REQUEST MEAS. OFF
[15:43:29] : REQUEST MEAS. ON
[15:43:31] : REQUEST MEAS. OFF
[15:43:42] : REQUEST MEAS. ON
[15:43:44] : REQUEST MEAS. OFF
[15:43:55] : REQUEST MEAS. ON
[15:43:57] : REQUEST MEAS. OFF
[15:44:08] : REQUEST MEAS. ON
[15:44:10] : REQUEST MEAS. OFF
[15:44:21] : REQUEST MEAS. ON
[15:44:22] : REQUEST MEAS. OFF
[15:44:34] : REQUEST MEAS. ON
[15:44:36] : REQUEST MEAS. OFF
[15:44:48] : REQUEST MEAS. ON
[15:44:50] : REQUEST MEAS. OFF
[15:45:01] : REQUEST MEAS. ON
[15:45:03] : REQUEST MEAS. OFF
[15:45:14] : REQUEST MEAS. ON
[15:45:16] : REQUEST MEAS. OFF
[15:45:27] : REQUEST MEAS. ON
[15:45:29] : REQUEST MEAS. OFF
[15:45:40] : REQUEST MEAS. ON
[15:45:42] : REQUEST MEAS. OFF
[15:45:53] : REQUEST MEAS. ON
[15:45:55] : REQUEST MEAS. OFF
[15:46:07] : REQUEST MEAS. ON
[15:46:09] : REQUEST MEAS. OFF
[15:46:20] : REQUEST MEAS. ON
[15:46:22] : REQUEST MEAS. OFF
[15:46:33] : REQUEST MEAS. ON
[15:46:35] : REQUEST MEAS. OFF
[15:46:46] : REQUEST MEAS. ON
[15:46:48] : REQUEST MEAS. OFF
[15:46:59] : REQUEST MEAS. ON
[15:47:01] : REQUEST MEAS. OFF
[15:47:13] : REQUEST MEAS. ON
[15:47:15] : REQUEST MEAS. OFF
[15:47:26] : REQUEST MEAS. ON
[15:47:28] : REQUEST MEAS. OFF
[15:47:39] : REQUEST MEAS. ON
[15:47:41] : REQUEST MEAS. OFF
[15:47:52] : REQUEST MEAS. ON
[15:47:54] : REQUEST MEAS. OFF
[15:48:05] : REQUEST MEAS. ON
[15:48:07] : REQUEST MEAS. OFF
[15:48:18] : REQUEST MEAS. ON
[15:48:20] : REQUEST MEAS. OFF
[15:48:32] : REQUEST MEAS. ON
[15:48:34] : REQUEST MEAS. OFF
[15:48:45] : REQUEST MEAS. ON
[15:48:47] : REQUEST MEAS. OFF
[15:48:58] : REQUEST MEAS. ON
[15:49:00] : REQUEST MEAS. OFF
[15:49:11] : REQUEST MEAS. ON
[15:49:13] : REQUEST MEAS. OFF
[15:49:24] : REQUEST MEAS. ON
[15:49:26] : REQUEST MEAS. OFF
[15:49:38] : REQUEST MEAS. ON
[15:49:40] : REQUEST MEAS. OFF
[15:49:51] : REQUEST MEAS. ON
[15:49:53] : REQUEST MEAS. OFF
[15:50:04] : REQUEST MEAS. ON
[15:50:06] : REQUEST MEAS. OFF
[15:50:17] : REQUEST MEAS. ON
[15:50:19] : REQUEST MEAS. OFF
[15:50:30] : REQUEST MEAS. ON
[15:50:32] : REQUEST MEAS. OFF
[15:50:43] : REQUEST MEAS. ON
[15:50:45] : REQUEST MEAS. OFF
[15:50:56] : REQUEST MEAS. ON
[15:50:58] : REQUEST MEAS. OFF
[15:51:10] : REQUEST MEAS. ON
[15:51:12] : REQUEST MEAS. OFF
[15:51:23] : REQUEST MEAS. ON
[15:51:25] : REQUEST MEAS. OFF
[15:51:36] : REQUEST MEAS. ON
[15:51:38] : REQUEST MEAS. OFF
[15:51:49] : REQUEST MEAS. ON
[15:51:51] : REQUEST MEAS. OFF
[15:52:02] : REQUEST MEAS. ON
[15:52:04] : REQUEST MEAS. OFF
[15:52:15] : REQUEST MEAS. ON
[15:52:17] : REQUEST MEAS. OFF
[15:52:29] : REQUEST MEAS. ON
[15:52:31] : REQUEST MEAS. OFF
[15:52:42] : REQUEST MEAS. ON
[15:52:44] : REQUEST MEAS. OFF
[16:47:18] : PROGRAM END
 
[16:48:02] : PROGRAM START
[16:48:03] : MARK TCP Connect OK
[16:48:07] : AUTO RUNNING OFF
[16:48:07] : REQUEST MEAS. OFF
[16:48:07] : REQUEST ZEROSET OFF
[16:48:07] : REQUEST ZEROSET OFF
[16:48:28] : PROGRAM END
 
[16:49:09] : PROGRAM START
[16:49:10] : MARK TCP Connect OK
[16:49:15] : AUTO RUNNING OFF
[16:49:15] : REQUEST MEAS. OFF
[16:49:15] : REQUEST ZEROSET OFF
[16:49:15] : REQUEST ZEROSET OFF
[16:49:26] : PROGRAM END
 
[16:49:33] : PROGRAM START
[16:49:34] : MARK TCP Connect OK
[16:49:39] : AUTO RUNNING OFF
[16:49:39] : REQUEST MEAS. OFF
[16:49:39] : REQUEST ZEROSET OFF
[16:49:39] : REQUEST ZEROSET OFF
[16:50:16] : PROGRAM END
 
[16:51:17] : PROGRAM START
[16:51:18] : MARK TCP Connect OK
[16:51:23] : AUTO RUNNING OFF
[16:51:23] : REQUEST MEAS. OFF
[16:51:23] : REQUEST ZEROSET OFF
[16:51:23] : REQUEST ZEROSET OFF
[16:51:36] : PROGRAM END
 
[16:51:43] : PROGRAM START
[16:51:44] : MARK TCP Connect OK
[16:51:48] : AUTO RUNNING OFF
[16:51:48] : REQUEST MEAS. OFF
[16:51:48] : REQUEST ZEROSET OFF
[16:51:48] : REQUEST ZEROSET OFF
[17:01:12] : REQUEST ZEROSET ON
[17:01:13] : REQUEST ZEROSET OFF
[17:01:29] : REQUEST ZEROSET ON
[17:01:30] : REQUEST ZEROSET OFF
[17:01:43] : REQUEST ZEROSET ON
[17:01:44] : REQUEST ZEROSET OFF
[17:02:01] : REQUEST MEAS. ON
[17:02:03] : REQUEST MEAS. OFF
[17:02:33] : REQUEST MEAS. ON
[17:02:34] : REQUEST MEAS. OFF
[17:02:48] : REQUEST MEAS. ON
[17:02:50] : REQUEST MEAS. OFF
[17:09:30] : REQUEST MEAS. ON
[17:09:31] : REQUEST MEAS. OFF
[17:09:48] : REQUEST MEAS. ON
[17:09:49] : REQUEST MEAS. OFF
[17:28:23] : REQUEST MEAS. ON
[17:28:24] : REQUEST MEAS. OFF
[17:34:16] : PROGRAM END
 
[17:34:20] : PROGRAM START
[17:34:21] : MARK TCP Connect OK
[17:34:25] : AUTO RUNNING OFF
[17:34:25] : REQUEST MEAS. OFF
[17:34:25] : REQUEST ZEROSET OFF
[17:34:25] : REQUEST ZEROSET OFF
[17:34:42] : REQUEST MEAS. ON
[17:34:44] : REQUEST MEAS. OFF
[17:35:24] : REQUEST MEAS. ON
[17:35:25] : REQUEST MEAS. OFF
[18:17:45] : REQUEST MEAS. ON
[18:17:47] : REQUEST MEAS. OFF
[18:18:55] : REQUEST MEAS. ON
[18:18:56] : REQUEST MEAS. OFF
[18:19:33] : REQUEST MEAS. ON
[18:19:35] : REQUEST MEAS. OFF
[18:21:25] : REQUEST MEAS. ON
[18:21:26] : REQUEST MEAS. OFF
[18:25:16] : REQUEST MEAS. ON
[18:25:17] : REQUEST MEAS. OFF
[18:26:34] : REQUEST MEAS. ON
[18:26:35] : REQUEST MEAS. OFF
[18:29:06] : REQUEST MEAS. ON
[18:29:07] : REQUEST MEAS. OFF
[18:30:07] : REQUEST ZEROSET ON
[18:30:08] : REQUEST ZEROSET OFF
[18:30:22] : REQUEST ZEROSET ON
[18:30:24] : REQUEST ZEROSET OFF
[18:30:42] : REQUEST MEAS. ON
[18:30:43] : REQUEST MEAS. OFF
[18:34:34] : REQUEST MEAS. ON
[18:34:35] : REQUEST MEAS. OFF
[18:37:57] : REQUEST MEAS. ON
[18:37:58] : REQUEST MEAS. OFF
[18:39:38] : REQUEST MEAS. ON
[18:39:40] : REQUEST MEAS. OFF
[18:45:22] : REQUEST MEAS. ON
[18:45:24] : REQUEST MEAS. OFF
[18:46:44] : REQUEST MEAS. ON
[18:46:45] : REQUEST MEAS. OFF
[18:47:13] : REQUEST MEAS. ON
[18:47:15] : REQUEST MEAS. OFF
[18:48:13] : REQUEST MEAS. ON
[18:48:14] : REQUEST MEAS. OFF
[18:49:23] : REQUEST MEAS. ON
[18:49:24] : REQUEST MEAS. OFF
[18:50:32] : REQUEST MEAS. ON
[18:50:33] : REQUEST MEAS. OFF
[18:51:30] : REQUEST MEAS. ON
[18:51:31] : REQUEST MEAS. OFF
[18:58:04] : PROGRAM END
 
[18:58:09] : PROGRAM START
[18:58:10] : MARK TCP Connect OK
[18:58:15] : AUTO RUNNING OFF
[18:58:15] : REQUEST MEAS. OFF
[18:58:15] : REQUEST ZEROSET OFF
[18:58:15] : REQUEST ZEROSET OFF
[22:32:43] : Plc Error Timer
[22:32:49] : Plc Error Timer
[22:32:56] : Plc Error Timer
[22:33:09] : MEAS ESC ON
[22:33:09] : M3400 : 비상입니다. ON
[22:33:09] : M3420 :	레이져 알람 ON
[22:34:25] : MEAS ESC OFF
[22:34:25] : RESET ON
[22:34:25] : M3400 : 비상입니다. OFF
[22:34:25] : M3420 :	레이져 알람 OFF
 
