 
[16:36:26] : PROGRAM END
 
[16:46:51] : PROGRAM START
[16:46:53] : AUTO RUNNING OFF
[16:46:53] : REQUEST MEAS. OFF
[16:46:53] : REQUEST ZEROSET OFF
[16:46:53] : REQUEST ZEROSET OFF
[16:47:02] : PROGRAM END
 
[16:47:09] : PROGRAM START
[16:47:11] : AUTO RUNNING OFF
[16:47:11] : REQUEST MEAS. OFF
[16:47:11] : REQUEST ZEROSET OFF
[16:47:11] : REQUEST ZEROSET OFF
[16:57:43] : PROGRAM END
 
[16:58:19] : PROGRAM START
[16:58:21] : AUTO RUNNING OFF
[16:58:21] : REQUEST MEAS. OFF
[16:58:21] : REQUEST ZEROSET OFF
[16:58:21] : REQUEST ZEROSET OFF
[17:01:49] : PROGRAM END
 
[17:02:05] : PROGRAM START
[17:02:07] : AUTO RUNNING OFF
[17:02:07] : REQUEST MEAS. OFF
[17:02:07] : REQUEST ZEROSET OFF
[17:02:07] : REQUEST ZEROSET OFF
[17:28:58] : Cycle start ON
[17:28:58] : Cycle start OFF
[17:28:58] : REQUEST MEAS. ON
[17:29:04] : REQUEST MEAS. OFF
[17:29:04] : 0
[17:29:04] : 측정요구 ON 2
[17:29:10] : 측정요구 2OFF
[17:29:10] : 0
[17:32:05] : Cycle start ON
[17:32:06] : Cycle start OFF
[17:32:06] : REQUEST MEAS. ON
[17:32:11] : REQUEST MEAS. OFF
[17:32:11] : 0
[17:32:11] : 측정요구 ON 2
[17:32:18] : 측정요구 2OFF
[17:32:18] : 0
[18:40:20] : Cycle start ON
[18:40:21] : Cycle start OFF
[18:40:21] : REQUEST MEAS. ON
[18:40:26] : REQUEST MEAS. OFF
[18:40:26] : 0
[18:40:26] : 측정요구 ON 2
[18:40:33] : 측정요구 2OFF
[18:40:33] : 0
[18:45:01] : Cycle start ON
[18:45:02] : Cycle start OFF
[18:45:02] : REQUEST MEAS. ON
[18:45:07] : REQUEST MEAS. OFF
[18:45:07] : 0
[18:45:07] : 측정요구 ON 2
[18:45:14] : 측정요구 2OFF
[18:45:14] : 0
[19:09:48] : Cycle start ON
[19:09:49] : Cycle start OFF
[19:09:49] : 측정요구3 ON
[19:09:54] : 측정요구3 OFF
[19:09:54] : 0
[19:09:54] : 측정요구4 ON
[19:10:00] : 측정요구4 OFF
[19:10:00] : 0
 
