 
[14:35:09] : MEAS ESC ON
[14:37:12] : MEAS ESC OFF
[14:37:30] : MEAS ESC ON
[14:37:31] : MEAS ESC OFF
[14:37:31] : AUTO RUNNING ON
[14:38:45] : AUTO RUNNING OFF
[14:59:08] : MEAS ESC ON
[14:59:08] : MEAS ESC OFF
[14:59:08] : AUTO RUNNING ON
[14:59:36] : Cycle start ON
[14:59:37] : Cycle start OFF
[14:59:37] : REQUEST MEAS. ON
[14:59:43] : REQUEST MEAS. OFF
[14:59:43] : 측정요구 ON 2
[14:59:51] : 측정요구 2OFF
[14:59:51] : 21,20181222-145951,,,OK,MAX,1,3,AUTO,0.00,7.00,4.56,OK,0.00,7.00,3.59,OK,
[15:00:24] : Cycle start ON
[15:00:25] : Cycle start OFF
[15:00:25] : 측정요구3 ON
[15:00:31] : 측정요구3 OFF
[15:00:31] : 측정요구4 ON
[15:00:39] : 측정요구4 OFF
[15:00:39] : 21,20181222-150039,AL18121450626,,NG,MAX,2,0,AUTO,0.00,7.00,7.02,NG,0.00,7.00,6.70,OK,
[15:00:42] : Cycle start ON
[15:00:42] : Cycle start OFF
[15:00:42] : REQUEST MEAS. ON
[15:00:49] : REQUEST MEAS. OFF
[15:00:49] : 측정요구 ON 2
[15:00:56] : 측정요구 2OFF
[15:00:56] : 21,20181222-150057,,,OK,MAX,1,3,AUTO,0.00,7.00,4.09,OK,0.00,7.00,3.99,OK,
[15:01:28] : Cycle start ON
[15:01:29] : Cycle start OFF
[15:01:29] : REQUEST MEAS. ON
[15:01:35] : REQUEST MEAS. OFF
[15:01:35] : 측정요구 ON 2
[15:01:43] : 측정요구 2OFF
[15:01:43] : 21,20181222-150143,,,OK,MAX,1,2,AUTO,0.00,7.00,2.48,OK,0.00,7.00,1.87,OK,
[15:02:30] : Cycle start ON
[15:02:30] : Cycle start OFF
[15:02:30] : REQUEST MEAS. ON
[15:02:37] : REQUEST MEAS. OFF
[15:02:37] : 측정요구 ON 2
[15:02:44] : 측정요구 2OFF
[15:02:44] : 21,20181222-150245,,,OK,MAX,1,3,AUTO,0.00,7.00,4.19,OK,0.00,7.00,3.99,OK,
[15:02:57] : Cycle start ON
[15:02:58] : Cycle start OFF
[15:02:58] : 측정요구3 ON
[15:03:04] : 측정요구3 OFF
[15:03:04] : 측정요구4 ON
[15:03:12] : 측정요구4 OFF
[15:03:12] : 21,20181222-150312,AL18121450556,,OK,MAX,2,3,AUTO,0.00,7.00,6.03,OK,0.00,7.00,6.07,OK,
[15:03:37] : Cycle start ON
[15:03:37] : Cycle start OFF
[15:03:37] : REQUEST MEAS. ON
[15:03:44] : REQUEST MEAS. OFF
[15:03:44] : 측정요구 ON 2
[15:03:52] : 측정요구 2OFF
[15:03:52] : 21,20181222-150352,,,OK,MAX,1,2,AUTO,0.00,7.00,2.38,OK,0.00,7.00,2.09,OK,
[15:04:48] : Cycle start ON
[15:04:48] : Cycle start OFF
[15:04:48] : REQUEST MEAS. ON
[15:04:55] : REQUEST MEAS. OFF
[15:04:55] : 측정요구 ON 2
[15:05:02] : 측정요구 2OFF
[15:05:02] : 21,20181222-150503,,,OK,MAX,1,3,AUTO,0.00,7.00,3.49,OK,0.00,7.00,3.27,OK,
[15:05:48] : Cycle start ON
[15:05:48] : Cycle start OFF
[15:05:48] : REQUEST MEAS. ON
[15:05:55] : REQUEST MEAS. OFF
[15:05:55] : 측정요구 ON 2
[15:06:02] : 측정요구 2OFF
[15:06:02] : 21,20181222-150603,,,OK,MAX,1,3,AUTO,0.00,7.00,3.72,OK,0.00,7.00,3.17,OK,
[15:06:12] : Cycle start ON
[15:06:12] : Cycle start OFF
[15:06:12] : 측정요구3 ON
[15:06:19] : 측정요구3 OFF
[15:06:19] : 측정요구4 ON
[15:06:26] : 측정요구4 OFF
[15:06:26] : 21,20181222-150627,AL18121450876,,OK,MAX,2,3,AUTO,0.00,7.00,3.13,OK,0.00,7.00,2.73,OK,
[15:06:55] : AUTO RUNNING OFF
[15:09:32] : MEAS ESC ON
[15:09:34] : MEAS ESC OFF
[15:09:34] : AUTO RUNNING ON
[15:10:02] : Cycle start ON
[15:10:03] : Cycle start OFF
[15:10:03] : REQUEST MEAS. ON
[15:10:09] : REQUEST MEAS. OFF
[15:10:09] : 측정요구 ON 2
[15:10:17] : 측정요구 2OFF
[15:10:17] : 21,20181222-151017,,,OK,MAX,1,3,AUTO,0.00,7.00,3.38,OK,0.00,7.00,2.88,OK,
[15:10:24] : Cycle start ON
[15:10:25] : Cycle start OFF
[15:10:25] : 측정요구3 ON
[15:10:31] : 측정요구3 OFF
[15:10:31] : 측정요구4 ON
[15:10:39] : 측정요구4 OFF
[15:10:39] : 21,20181222-151039,AL18121450916,,OK,MAX,2,3,AUTO,0.00,7.00,4.79,OK,0.00,7.00,4.35,OK,
[15:11:22] : Cycle start ON
[15:11:22] : Cycle start OFF
[15:11:22] : REQUEST MEAS. ON
[15:11:29] : REQUEST MEAS. OFF
[15:11:29] : 측정요구 ON 2
[15:11:37] : 측정요구 2OFF
[15:11:37] : 21,20181222-151137,AL18121450586,,OK,MAX,1,2,AUTO,0.00,7.00,2.18,OK,0.00,7.00,1.77,OK,
[15:15:10] : Cycle start ON
[15:15:10] : Cycle start OFF
[15:15:10] : REQUEST MEAS. ON
[15:15:17] : REQUEST MEAS. OFF
[15:15:17] : 측정요구 ON 2
[15:15:25] : 측정요구 2OFF
[15:15:25] : 21,20181222-151525,,,OK,MAX,1,3,AUTO,0.00,7.00,3.13,OK,0.00,7.00,2.78,OK,
[15:19:40] : Cycle start ON
[15:19:40] : Cycle start OFF
[15:19:40] : REQUEST MEAS. ON
[15:19:47] : REQUEST MEAS. OFF
[15:19:47] : 측정요구 ON 2
[15:19:54] : 측정요구 2OFF
[15:19:54] : 21,20181222-151955,,,OK,MAX,1,2,AUTO,0.00,7.00,2.80,OK,0.00,7.00,2.59,OK,
[15:20:04] : Cycle start ON
[15:20:05] : Cycle start OFF
[15:20:05] : 측정요구3 ON
[15:20:11] : 측정요구3 OFF
[15:20:11] : 측정요구4 ON
[15:20:18] : 측정요구4 OFF
[15:20:18] : 21,20181222-152019,AL18121450566,,OK,MAX,2,3,AUTO,0.00,7.00,5.85,OK,0.00,7.00,5.24,OK,
[15:20:49] : Cycle start ON
[15:20:49] : Cycle start OFF
[15:20:49] : REQUEST MEAS. ON
[15:20:56] : REQUEST MEAS. OFF
[15:20:56] : 측정요구 ON 2
[15:21:03] : 측정요구 2OFF
[15:21:03] : 21,20181222-152104,,,OK,MAX,1,2,AUTO,0.00,7.00,2.19,OK,0.00,7.00,2.18,OK,
[15:34:44] : Cycle start ON
[15:34:44] : Cycle start OFF
[15:34:44] : 측정요구3 ON
[15:34:51] : 측정요구3 OFF
[15:34:51] : 측정요구4 ON
[15:34:58] : 측정요구4 OFF
[15:34:58] : 21,20181222-153459,AL18121450496,,OK,MAX,2,3,AUTO,0.00,7.00,4.44,OK,0.00,7.00,3.62,OK,
[15:35:07] : Cycle start ON
[15:35:08] : Cycle start OFF
[15:35:08] : REQUEST MEAS. ON
[15:35:14] : REQUEST MEAS. OFF
[15:35:14] : 측정요구 ON 2
[15:35:22] : 측정요구 2OFF
[15:35:22] : 21,20181222-153522,,,OK,MAX,1,2,AUTO,0.00,7.00,2.99,OK,0.00,7.00,2.61,OK,
[15:35:47] : AUTO RUNNING OFF
[15:36:25] : MEAS ESC ON
[15:53:05] : MEAS ESC OFF
[15:53:05] : AUTO RUNNING ON
[15:53:12] : Cycle start ON
[15:53:12] : Cycle start OFF
[15:53:12] : 측정요구3 ON
[15:53:19] : 측정요구3 OFF
[15:53:19] : 측정요구4 ON
[15:53:26] : 측정요구4 OFF
[15:53:26] : 21,20181222-155327,AL18121450976,,OK,MAX,2,3,AUTO,0.00,7.00,6.22,OK,0.00,7.00,5.68,OK,
[15:54:17] : Cycle start ON
[15:54:18] : Cycle start OFF
[15:54:18] : REQUEST MEAS. ON
[15:54:24] : REQUEST MEAS. OFF
[15:54:24] : 측정요구 ON 2
[15:54:32] : 측정요구 2OFF
[15:54:32] : 21,20181222-155432,,,OK,MAX,1,2,AUTO,0.00,7.00,2.33,OK,0.00,7.00,2.18,OK,
[15:55:25] : Cycle start ON
[15:55:25] : Cycle start OFF
[15:55:25] : REQUEST MEAS. ON
[15:55:32] : REQUEST MEAS. OFF
[15:55:32] : 측정요구 ON 2
[15:55:40] : 측정요구 2OFF
[15:55:40] : 21,20181222-155540,,,OK,MAX,1,3,AUTO,0.00,7.00,3.03,OK,0.00,7.00,2.68,OK,
[15:56:32] : Cycle start ON
[15:56:33] : Cycle start OFF
[15:56:33] : REQUEST MEAS. ON
[15:56:39] : REQUEST MEAS. OFF
[15:56:39] : 측정요구 ON 2
[15:56:47] : 측정요구 2OFF
[15:56:47] : 21,20181222-155648,,,OK,MAX,1,3,AUTO,0.00,7.00,4.29,OK,0.00,7.00,3.70,OK,
[15:57:41] : Cycle start ON
[15:57:41] : Cycle start OFF
[15:57:41] : REQUEST MEAS. ON
[15:57:48] : REQUEST MEAS. OFF
[15:57:48] : 측정요구 ON 2
[15:57:55] : 측정요구 2OFF
[15:57:55] : 21,20181222-155756,,,OK,MAX,1,3,AUTO,0.00,7.00,4.60,OK,0.00,7.00,4.39,OK,
[15:58:52] : Cycle start ON
[15:58:52] : Cycle start OFF
[15:58:52] : REQUEST MEAS. ON
[15:58:59] : REQUEST MEAS. OFF
[15:58:59] : 측정요구 ON 2
[15:59:06] : 측정요구 2OFF
[15:59:06] : 21,20181222-155907,,,OK,MAX,1,3,AUTO,0.00,7.00,3.78,OK,0.00,7.00,3.37,OK,
[15:59:57] : Cycle start ON
[15:59:57] : Cycle start OFF
[15:59:57] : REQUEST MEAS. ON
[16:00:04] : REQUEST MEAS. OFF
[16:00:04] : 측정요구 ON 2
[16:00:11] : 측정요구 2OFF
[16:00:11] : 21,20181222-160012,,,OK,MAX,1,2,AUTO,0.00,7.00,2.09,OK,0.00,7.00,1.67,OK,
[16:01:30] : Cycle start ON
[16:01:30] : Cycle start OFF
[16:01:30] : REQUEST MEAS. ON
[16:01:37] : REQUEST MEAS. OFF
[16:01:37] : 측정요구 ON 2
[16:01:45] : 측정요구 2OFF
[16:01:45] : 21,20181222-160145,,,OK,MAX,1,2,AUTO,0.00,7.00,2.99,OK,0.00,7.00,2.57,OK,
[16:02:41] : Cycle start ON
[16:02:41] : Cycle start OFF
[16:02:41] : REQUEST MEAS. ON
[16:02:48] : REQUEST MEAS. OFF
[16:02:48] : 측정요구 ON 2
[16:02:55] : 측정요구 2OFF
[16:02:55] : 21,20181222-160256,,,OK,MAX,1,1,AUTO,0.00,7.00,0.39,OK,0.00,7.00,0.19,OK,
[16:03:46] : Cycle start ON
[16:03:46] : Cycle start OFF
[16:03:46] : REQUEST MEAS. ON
[16:03:53] : REQUEST MEAS. OFF
[16:03:53] : 측정요구 ON 2
[16:04:00] : 측정요구 2OFF
[16:04:00] : 21,20181222-160401,,,OK,MAX,1,2,AUTO,0.00,7.00,2.51,OK,0.00,7.00,1.57,OK,
[16:04:07] : Cycle start ON
[16:04:07] : Cycle start OFF
[16:04:07] : 측정요구3 ON
[16:04:14] : 측정요구3 OFF
[16:04:14] : 측정요구4 ON
[16:04:21] : 측정요구4 OFF
[16:04:21] : 21,20181222-160422,AL18121450956,,NG,MAX,2,0,AUTO,0.00,7.00,7.19,NG,0.00,7.00,6.33,OK,
[16:05:03] : Cycle start ON
[16:05:03] : Cycle start OFF
[16:05:03] : REQUEST MEAS. ON
[16:05:10] : REQUEST MEAS. OFF
[16:05:10] : 측정요구 ON 2
[16:05:17] : 측정요구 2OFF
[16:05:17] : 21,20181222-160518,,,OK,MAX,1,2,AUTO,0.00,7.00,2.38,OK,0.00,7.00,1.99,OK,
[16:05:24] : Cycle start ON
[16:05:24] : Cycle start OFF
[16:05:24] : 측정요구3 ON
[16:05:31] : 측정요구3 OFF
[16:05:31] : 측정요구4 ON
[16:05:38] : 측정요구4 OFF
[16:05:38] : 21,20181222-160539,AL18121450706,,OK,MAX,2,3,AUTO,0.00,7.00,4.34,OK,0.00,7.00,4.24,OK,
[16:06:16] : Cycle start ON
[16:06:17] : Cycle start OFF
[16:06:17] : REQUEST MEAS. ON
[16:06:24] : REQUEST MEAS. OFF
[16:06:24] : 측정요구 ON 2
[16:06:31] : 측정요구 2OFF
[16:06:31] : 21,20181222-160632,,,OK,MAX,1,2,AUTO,0.00,7.00,1.05,OK,0.00,7.00,0.75,OK,
[16:06:38] : Cycle start ON
[16:06:39] : Cycle start OFF
[16:06:39] : 측정요구3 ON
[16:06:45] : 측정요구3 OFF
[16:06:45] : 측정요구4 ON
[16:06:52] : 측정요구4 OFF
[16:06:52] : 21,20181222-160653,AL18121450396,,OK,MAX,2,3,AUTO,0.00,7.00,4.13,OK,0.00,7.00,3.53,OK,
[16:07:27] : Cycle start ON
[16:07:28] : Cycle start OFF
[16:07:28] : REQUEST MEAS. ON
[16:07:34] : REQUEST MEAS. OFF
[16:07:34] : 측정요구 ON 2
[16:07:42] : 측정요구 2OFF
[16:07:42] : 21,20181222-160742,,,OK,MAX,1,3,AUTO,0.00,7.00,4.58,OK,0.00,7.00,4.27,OK,
[16:07:51] : Cycle start ON
[16:07:52] : Cycle start OFF
[16:07:52] : 측정요구3 ON
[16:07:58] : 측정요구3 OFF
[16:07:58] : 측정요구4 ON
[16:08:06] : 측정요구4 OFF
[16:08:06] : 21,20181222-160806,AL18121450946,,OK,MAX,2,3,AUTO,0.00,7.00,4.34,OK,0.00,7.00,4.12,OK,
[16:08:36] : Cycle start ON
[16:08:36] : Cycle start OFF
[16:08:36] : REQUEST MEAS. ON
[16:08:43] : REQUEST MEAS. OFF
[16:08:43] : 측정요구 ON 2
[16:08:51] : 측정요구 2OFF
[16:08:51] : 21,20181222-160852,,,OK,MAX,1,2,AUTO,0.00,7.00,1.88,OK,0.00,7.00,1.69,OK,
[16:09:26] : Cycle start ON
[16:09:26] : Cycle start OFF
[16:09:26] : 측정요구3 ON
[16:09:33] : 측정요구3 OFF
[16:09:33] : 측정요구4 ON
[16:09:40] : 측정요구4 OFF
[16:09:40] : 21,20181222-160940,,,OK,MAX,2,3,AUTO,0.00,7.00,4.43,OK,0.00,7.00,4.03,OK,
[16:17:41] : Cycle start ON
[16:17:42] : Cycle start OFF
[16:17:42] : REQUEST MEAS. ON
[16:17:49] : REQUEST MEAS. OFF
[16:17:49] : 측정요구 ON 2
[16:17:56] : 측정요구 2OFF
[16:17:56] : 21,20181222-161756,,,OK,MAX,1,2,AUTO,0.00,7.00,2.37,OK,0.00,7.00,2.10,OK,
[16:18:02] : Cycle start ON
[16:18:02] : Cycle start OFF
[16:18:02] : 측정요구3 ON
[16:18:09] : 측정요구3 OFF
[16:18:09] : 측정요구4 ON
[16:18:16] : 측정요구4 OFF
[16:18:16] : 21,20181222-161817,AL18121450656,,OK,MAX,2,3,AUTO,0.00,7.00,4.01,OK,0.00,7.00,3.52,OK,
[16:18:52] : Cycle start ON
[16:18:53] : Cycle start OFF
[16:18:53] : REQUEST MEAS. ON
[16:19:00] : REQUEST MEAS. OFF
[16:19:00] : 측정요구 ON 2
[16:19:07] : 측정요구 2OFF
[16:19:07] : 21,20181222-161908,,,OK,MAX,1,1,AUTO,0.00,7.00,0.90,OK,0.00,7.00,0.65,OK,
[16:20:42] : Cycle start ON
[16:20:43] : Cycle start OFF
[16:20:43] : 측정요구3 ON
[16:20:49] : 측정요구3 OFF
[16:20:50] : 측정요구4 ON
[16:20:57] : 측정요구4 OFF
[16:20:57] : 21,20181222-162057,AL18121450636,,OK,MAX,2,2,AUTO,0.00,7.00,1.82,OK,0.00,7.00,1.46,OK,
[16:20:58] : Cycle start ON
[16:20:58] : Cycle start OFF
[16:20:58] : REQUEST MEAS. ON
[16:21:05] : REQUEST MEAS. OFF
[16:21:05] : 측정요구 ON 2
[16:21:13] : 측정요구 2OFF
[16:21:13] : 21,20181222-162114,,,OK,MAX,1,3,AUTO,0.00,7.00,3.02,OK,0.00,7.00,2.63,OK,
[16:21:49] : Cycle start ON
[16:21:49] : Cycle start OFF
[16:21:49] : REQUEST MEAS. ON
[16:21:56] : REQUEST MEAS. OFF
[16:21:56] : 측정요구 ON 2
[16:22:03] : 측정요구 2OFF
[16:22:03] : 21,20181222-162204,,,OK,MAX,1,2,AUTO,0.00,7.00,2.90,OK,0.00,7.00,2.67,OK,
[16:23:13] : Cycle start ON
[16:23:13] : Cycle start OFF
[16:23:13] : REQUEST MEAS. ON
[16:23:20] : REQUEST MEAS. OFF
[16:23:20] : 측정요구 ON 2
[16:23:27] : 측정요구 2OFF
[16:23:27] : 21,20181222-162327,,,OK,MAX,1,3,AUTO,0.00,7.00,3.08,OK,0.00,7.00,2.69,OK,
[16:23:36] : Cycle start ON
[16:23:36] : Cycle start OFF
[16:23:36] : 측정요구3 ON
[16:23:43] : 측정요구3 OFF
[16:23:43] : 측정요구4 ON
[16:23:51] : 측정요구4 OFF
[16:23:51] : 21,20181222-162351,AL18121450846,,OK,MAX,2,3,AUTO,0.00,7.00,3.76,OK,0.00,7.00,3.57,OK,
[16:24:21] : Cycle start ON
[16:24:21] : Cycle start OFF
[16:24:21] : REQUEST MEAS. ON
[16:24:28] : REQUEST MEAS. OFF
[16:24:28] : 측정요구 ON 2
[16:24:36] : 측정요구 2OFF
[16:24:36] : 21,20181222-162436,,,OK,MAX,1,3,AUTO,0.00,7.00,4.69,OK,0.00,7.00,4.77,OK,
[16:26:54] : Cycle start ON
[16:26:55] : Cycle start OFF
[16:26:55] : 측정요구3 ON
[16:27:01] : 측정요구3 OFF
[16:27:01] : 측정요구4 ON
[16:27:09] : 측정요구4 OFF
[16:27:09] : 21,20181222-162709,AL18121450966,,NG,MAX,2,0,AUTO,0.00,7.00,7.52,NG,0.00,7.00,6.62,OK,
[16:27:13] : Cycle start ON
[16:27:13] : Cycle start OFF
[16:27:13] : REQUEST MEAS. ON
[16:27:20] : REQUEST MEAS. OFF
[16:27:20] : 측정요구 ON 2
[16:27:28] : 측정요구 2OFF
[16:27:28] : 21,20181222-162728,,,OK,MAX,1,3,AUTO,0.00,7.00,4.11,OK,0.00,7.00,3.90,OK,
[16:28:07] : Cycle start ON
[16:28:07] : Cycle start OFF
[16:28:07] : REQUEST MEAS. ON
[16:28:14] : REQUEST MEAS. OFF
[16:28:14] : 측정요구 ON 2
[16:28:21] : 측정요구 2OFF
[16:28:21] : 21,20181222-162821,,,OK,MAX,1,3,AUTO,0.00,7.00,6.83,OK,0.00,7.00,6.37,OK,
[16:28:27] : Cycle start ON
[16:28:28] : Cycle start OFF
[16:28:28] : 측정요구3 ON
[16:28:34] : 측정요구3 OFF
[16:28:34] : 측정요구4 ON
[16:28:42] : 측정요구4 OFF
[16:28:42] : 21,20181222-162842,,,OK,MAX,2,3,AUTO,0.00,7.00,3.52,OK,0.00,7.00,2.93,OK,
[16:29:18] : Cycle start ON
[16:29:19] : Cycle start OFF
[16:29:19] : REQUEST MEAS. ON
[16:29:25] : REQUEST MEAS. OFF
[16:29:25] : 측정요구 ON 2
[16:29:32] : 측정요구 2OFF
[16:29:32] : 21,20181222-162933,,,OK,MAX,1,3,AUTO,0.00,7.00,6.09,OK,0.00,7.00,5.46,OK,
[16:39:49] : AUTO RUNNING OFF
[16:47:46] : MEAS ESC ON
[16:47:46] : MEAS ESC OFF
[16:47:46] : AUTO RUNNING ON
[16:48:21] : Cycle start ON
[16:48:22] : Cycle start OFF
[16:48:22] : 측정요구3 ON
[16:48:28] : 측정요구3 OFF
[16:48:28] : 측정요구4 ON
[16:48:36] : 측정요구4 OFF
[16:48:36] : 21,20181222-164837,AL18121450996,,OK,MAX,2,3,AUTO,0.00,7.00,4.23,OK,0.00,7.00,3.74,OK,
[16:48:41] : Cycle start ON
[16:48:41] : Cycle start OFF
[16:48:41] : REQUEST MEAS. ON
[16:48:48] : REQUEST MEAS. OFF
[16:48:48] : 측정요구 ON 2
[16:48:55] : 측정요구 2OFF
[16:48:55] : 21,20181222-164856,,,OK,MAX,1,2,AUTO,0.00,7.00,2.08,OK,0.00,7.00,1.66,OK,
[16:49:28] : Cycle start ON
[16:49:28] : Cycle start OFF
[16:49:28] : REQUEST MEAS. ON
[16:49:35] : REQUEST MEAS. OFF
[16:49:35] : 측정요구 ON 2
[16:49:42] : 측정요구 2OFF
[16:49:42] : 21,20181222-164942,,,OK,MAX,1,3,AUTO,0.00,7.00,3.10,OK,0.00,7.00,2.79,OK,
[16:50:39] : Cycle start ON
[16:50:39] : Cycle start OFF
[16:50:39] : REQUEST MEAS. ON
[16:50:46] : REQUEST MEAS. OFF
[16:50:46] : 측정요구 ON 2
[16:50:53] : 측정요구 2OFF
[16:50:53] : 21,20181222-165053,,,OK,MAX,1,3,AUTO,0.00,7.00,4.92,OK,0.00,7.00,4.38,OK,
[16:51:07] : Cycle start ON
[16:51:08] : Cycle start OFF
[16:51:08] : 측정요구3 ON
[16:51:14] : 측정요구3 OFF
[16:51:14] : 측정요구4 ON
[16:51:22] : 측정요구4 OFF
[16:51:22] : 21,20181222-165123,AL18121450556,,OK,MAX,2,3,AUTO,0.00,7.00,5.97,OK,0.00,7.00,6.00,OK,
[16:51:47] : Cycle start ON
[16:51:47] : Cycle start OFF
[16:51:47] : REQUEST MEAS. ON
[16:51:54] : REQUEST MEAS. OFF
[16:51:54] : 측정요구 ON 2
[16:52:01] : 측정요구 2OFF
[16:52:01] : 21,20181222-165201,,,OK,MAX,1,3,AUTO,0.00,7.00,4.78,OK,0.00,7.00,4.07,OK,
[16:53:10] : AUTO RUNNING OFF
[17:34:58] : MEAS ESC ON
[17:34:59] : MEAS ESC OFF
[17:34:59] : AUTO RUNNING ON
[17:35:14] : Cycle start ON
[17:35:14] : Cycle start OFF
[17:35:14] : REQUEST MEAS. ON
[17:35:15] : Cycle start ON
[17:35:15] : Cycle start OFF
[17:35:21] : REQUEST MEAS. OFF
[17:35:21] : 측정요구 ON 2
[17:35:29] : 측정요구 2OFF
[17:35:29] : 21,20181222-173529,,,OK,MAX,1,3,AUTO,0.00,7.00,4.79,OK,0.00,7.00,4.19,OK,
[17:35:29] : 측정요구3 ON
[17:35:36] : 측정요구3 OFF
[17:35:36] : 측정요구4 ON
[17:35:44] : 측정요구4 OFF
[17:35:44] : 21,20181222-173544,AL18121450556,,OK,MAX,2,3,AUTO,0.00,7.00,6.35,OK,0.00,7.00,6.04,OK,
[17:49:37] : AUTO RUNNING OFF
 
