 
[12:19:01] : Cycle start ON
[12:19:02] : Cycle start OFF
[12:19:02] : 측정요구3 ON
[12:19:08] : 측정요구3 OFF
[12:19:08] : 0
[12:19:08] : 측정요구4 ON
[12:19:16] : 측정요구4 OFF
[12:19:16] : 0
[12:19:41] : Cycle start ON
[12:19:41] : Cycle start OFF
[12:19:41] : 측정요구3 ON
[12:19:47] : 측정요구3 OFF
[12:19:47] : 0
[12:19:47] : 측정요구4 ON
[12:19:55] : 측정요구4 OFF
[12:19:55] : 0
[12:20:27] : Cycle start ON
[12:20:28] : Cycle start OFF
[12:20:28] : 측정요구3 ON
[12:20:34] : 측정요구3 OFF
[12:20:34] : 0
[12:20:34] : 측정요구4 ON
[12:20:42] : 측정요구4 OFF
[12:20:42] : 0
[12:22:16] : Cycle start ON
[12:22:17] : Cycle start OFF
[12:22:17] : 측정요구3 ON
[12:22:23] : 측정요구3 OFF
[12:22:23] : 0
[12:22:23] : 측정요구4 ON
[12:22:30] : 측정요구4 OFF
[12:22:30] : 0
[12:23:16] : Cycle start ON
[12:23:16] : Cycle start OFF
[12:23:16] : 측정요구3 ON
[12:23:23] : 측정요구3 OFF
[12:23:23] : 0
[12:23:23] : 측정요구4 ON
[12:23:30] : 측정요구4 OFF
[12:23:30] : 0
[12:23:58] : Cycle start ON
[12:23:59] : Cycle start OFF
[12:23:59] : 측정요구3 ON
[12:24:05] : 측정요구3 OFF
[12:24:05] : 0
[12:24:05] : 측정요구4 ON
[12:24:13] : 측정요구4 OFF
[12:24:13] : 0
[12:24:35] : Cycle start ON
[12:24:36] : Cycle start OFF
[12:24:36] : 측정요구3 ON
[12:24:42] : 측정요구3 OFF
[12:24:42] : 0
[12:24:42] : 측정요구4 ON
[12:24:50] : 측정요구4 OFF
[12:24:50] : 0
[12:25:16] : Cycle start ON
[12:25:16] : Cycle start OFF
[12:25:16] : 측정요구3 ON
[12:25:23] : 측정요구3 OFF
[12:25:23] : 0
[12:25:23] : 측정요구4 ON
[12:25:30] : 측정요구4 OFF
[12:25:30] : 0
[12:25:59] : Cycle start ON
[12:26:00] : Cycle start OFF
[12:26:00] : 측정요구3 ON
[12:26:06] : 측정요구3 OFF
[12:26:06] : 0
[12:26:06] : 측정요구4 ON
[12:26:14] : 측정요구4 OFF
[12:26:14] : 0
[12:26:48] : Cycle start ON
[12:26:48] : Cycle start OFF
[12:26:48] : 측정요구3 ON
[12:26:55] : 측정요구3 OFF
[12:26:55] : 0
[12:26:55] : 측정요구4 ON
[12:27:03] : 측정요구4 OFF
[12:27:03] : 0
[12:29:09] : Cycle start ON
[12:29:09] : Cycle start OFF
[12:29:09] : 측정요구3 ON
[12:29:15] : 측정요구3 OFF
[12:29:15] : 0
[12:29:15] : 측정요구4 ON
[12:29:22] : 측정요구4 OFF
[12:29:22] : 0
[14:56:31] : PROGRAM END
 
[15:01:28] : PROGRAM START
[15:01:31] : AUTO RUNNING OFF
[15:01:31] : REQUEST MEAS. OFF
[15:01:31] : REQUEST ZEROSET OFF
[15:01:31] : REQUEST ZEROSET OFF
[15:01:49] : PROGRAM END
 
[15:01:55] : PROGRAM START
[15:01:58] : AUTO RUNNING OFF
[15:01:58] : REQUEST MEAS. OFF
[15:01:58] : REQUEST ZEROSET OFF
[15:01:58] : REQUEST ZEROSET OFF
 
