[10:13:02] : PROGRAM START
[10:13:06] : AUTO RUNNING OFF
[10:13:06] : REQUEST MEAS. OFF
[10:13:06] : REQUEST ZEROSET OFF
[10:13:06] : REQUEST ZEROSET OFF
[10:13:09] : 21,20190104-101312,,,OK,MAX,1,3,AUTO,0.10,7.00,3.44,OK,0.10,7.00,2.98,OK,
[10:13:09] : 21,20190104-101315,,,OK,MAX,2,3,AUTO,0.10,7.00,3.43,OK,0.10,7.00,3.70,OK,
[10:13:23] : PROGRAM END
 
[10:14:29] : PROGRAM START
[10:14:32] : AUTO RUNNING OFF
[10:14:32] : REQUEST MEAS. OFF
[10:14:32] : REQUEST ZEROSET OFF
[10:14:32] : REQUEST ZEROSET OFF
[10:16:00] : Cycle start ON
[10:16:00] : Cycle start OFF
[10:16:00] : 측정요구3 ON
[10:16:06] : 측정요구3 OFF
[10:16:06] : 0
[10:16:06] : 측정요구4 ON
[10:16:14] : 측정요구4 OFF
[10:16:14] : 0
[10:16:39] : PROGRAM END
 
[10:17:35] : PROGRAM START
[10:17:39] : AUTO RUNNING OFF
[10:17:39] : REQUEST MEAS. OFF
[10:17:39] : REQUEST ZEROSET OFF
[10:17:39] : REQUEST ZEROSET OFF
[10:17:42] : PROGRAM END
 
[10:17:48] : PROGRAM START
[10:17:51] : AUTO RUNNING OFF
[10:17:51] : REQUEST MEAS. OFF
[10:17:51] : REQUEST ZEROSET OFF
[10:17:51] : REQUEST ZEROSET OFF
[10:18:46] : Cycle start ON
[10:18:46] : Cycle start OFF
[10:18:46] : 측정요구3 ON
[10:18:53] : 측정요구3 OFF
[10:18:53] : 0
[10:18:53] : 측정요구4 ON
[10:19:00] : 측정요구4 OFF
[10:19:00] : 0
[10:20:10] : Cycle start ON
[10:20:10] : Cycle start OFF
[10:20:10] : 측정요구3 ON
[10:20:17] : 측정요구3 OFF
[10:20:17] : 0
[10:20:17] : 측정요구4 ON
[10:20:24] : 측정요구4 OFF
[10:20:24] : 0
[10:21:27] : Cycle start ON
[10:21:28] : Cycle start OFF
[10:21:28] : 측정요구3 ON
[10:21:34] : 측정요구3 OFF
[10:21:34] : 0
[10:21:34] : 측정요구4 ON
[10:21:41] : 측정요구4 OFF
[10:21:41] : 0
[10:22:40] : Cycle start ON
[10:22:41] : Cycle start OFF
[10:22:41] : 측정요구3 ON
[10:22:47] : 측정요구3 OFF
[10:22:47] : 0
[10:22:47] : 측정요구4 ON
[10:22:55] : 측정요구4 OFF
[10:22:55] : 0
[10:23:41] : Cycle start ON
[10:23:42] : Cycle start OFF
[10:23:42] : 측정요구3 ON
[10:23:48] : 측정요구3 OFF
[10:23:48] : 0
[10:23:48] : 측정요구4 ON
[10:23:56] : 측정요구4 OFF
[10:23:56] : 0
[10:24:37] : Cycle start ON
[10:24:37] : Cycle start OFF
[10:24:37] : 측정요구3 ON
[10:24:44] : 측정요구3 OFF
[10:24:44] : 0
[10:24:44] : 측정요구4 ON
[10:24:52] : 측정요구4 OFF
[10:24:52] : 0
[10:25:36] : Cycle start ON
[10:25:36] : 측정요구3 ON
[10:25:36] : Cycle start OFF
[10:25:42] : 측정요구3 OFF
[10:25:43] : 0
[10:25:43] : 측정요구4 ON
[10:25:50] : 측정요구4 OFF
[10:25:50] : 0
[10:26:49] : Cycle start ON
[10:26:49] : Cycle start OFF
[10:26:49] : 측정요구3 ON
[10:26:56] : 측정요구3 OFF
[10:26:56] : 0
[10:26:56] : 측정요구4 ON
[10:27:04] : 측정요구4 OFF
[10:27:04] : 0
[10:27:55] : Cycle start ON
[10:27:55] : Cycle start OFF
[10:27:55] : 측정요구3 ON
[10:28:02] : 측정요구3 OFF
[10:28:02] : 0
[10:28:02] : 측정요구4 ON
[10:28:10] : 측정요구4 OFF
[10:28:10] : 0
[10:28:49] : Cycle start ON
[10:28:49] : Cycle start OFF
[10:28:49] : 측정요구3 ON
[10:28:56] : 측정요구3 OFF
[10:28:56] : 0
[10:28:56] : 측정요구4 ON
[10:29:04] : 측정요구4 OFF
[10:29:04] : 0
[11:14:13] : MEAS ESC ON
[11:15:08] : MEAS ESC OFF
[11:39:27] : MEAS ESC ON
[11:49:57] : MEAS ESC OFF
[11:49:57] : AUTO RUNNING ON
 
[11:51:46] : Cycle start ON
[11:51:46] : Cycle start OFF
[11:51:46] : REQUEST MEAS. ON
[11:51:53] : REQUEST MEAS. OFF
[11:51:53] : 측정요구 ON 2
[11:52:00] : 측정요구 2OFF
[11:52:00] : 21,20190104-115201,AL19010238393,,OK,MAX,1,2,AUTO,0.10,7.00,2.03,OK,0.10,7.00,1.42,OK,
[11:52:08] : Cycle start ON
[11:52:08] : Cycle start OFF
[11:52:08] : 측정요구3 ON
[11:52:15] : 측정요구3 OFF
[11:52:15] : 측정요구4 ON
[11:52:22] : 측정요구4 OFF
[11:52:22] : 21,20190104-115223,AL19010238383,,OK,MAX,2,2,AUTO,0.10,7.00,2.89,OK,0.10,7.00,2.33,OK,
[11:53:02] : Cycle start ON
[11:53:03] : Cycle start OFF
[11:53:03] : REQUEST MEAS. ON
[11:53:09] : REQUEST MEAS. OFF
[11:53:09] : 측정요구 ON 2
[11:53:17] : 측정요구 2OFF
[11:53:17] : 21,20190104-115317,AL19010238373,,OK,MAX,1,2,AUTO,0.10,7.00,1.95,OK,0.10,7.00,1.10,OK,
[11:53:24] : Cycle start ON
[11:53:24] : Cycle start OFF
[11:53:24] : 측정요구3 ON
[11:53:30] : 측정요구3 OFF
[11:53:30] : 측정요구4 ON
[11:53:38] : 측정요구4 OFF
[11:53:38] : 21,20190104-115339,AL19010238363,,OK,MAX,2,2,AUTO,0.10,7.00,2.11,OK,0.10,7.00,1.23,OK,
[11:54:18] : Cycle start ON
[11:54:18] : REQUEST MEAS. ON
[11:54:19] : Cycle start OFF
[11:54:25] : REQUEST MEAS. OFF
[11:54:25] : 측정요구 ON 2
[11:54:33] : 측정요구 2OFF
[11:54:33] : 21,20190104-115433,AL19010238353,,OK,MAX,1,2,AUTO,0.10,7.00,1.44,OK,0.10,7.00,0.79,OK,
[11:54:40] : Cycle start ON
[11:54:40] : Cycle start OFF
[11:54:40] : 측정요구3 ON
[11:54:47] : 측정요구3 OFF
[11:54:47] : 측정요구4 ON
[11:54:54] : 측정요구4 OFF
[11:54:54] : 21,20190104-115455,AL19010238403,,OK,MAX,2,2,AUTO,0.10,7.00,2.80,OK,0.10,7.00,1.51,OK,
[11:55:35] : Cycle start ON
[11:55:35] : Cycle start OFF
[11:55:35] : REQUEST MEAS. ON
[11:55:42] : REQUEST MEAS. OFF
[11:55:42] : 측정요구 ON 2
[11:55:49] : 측정요구 2OFF
[11:55:49] : 21,20190104-115550,AL19010238413,,OK,MAX,1,2,AUTO,0.10,7.00,1.95,OK,0.10,7.00,1.31,OK,
[11:55:56] : Cycle start ON
[11:55:57] : Cycle start OFF
[11:55:57] : 측정요구3 ON
[11:56:03] : 측정요구3 OFF
[11:56:03] : 측정요구4 ON
[11:56:11] : 측정요구4 OFF
[11:56:11] : 21,20190104-115611,AL19010238423,,OK,MAX,2,2,AUTO,0.10,7.00,2.16,OK,0.10,7.00,1.73,OK,
[11:56:50] : Cycle start ON
[11:56:50] : Cycle start OFF
[11:56:50] : REQUEST MEAS. ON
[11:56:57] : REQUEST MEAS. OFF
[11:56:57] : 측정요구 ON 2
[11:57:05] : 측정요구 2OFF
[11:57:05] : 21,20190104-115705,AL19010238433,,OK,MAX,1,2,AUTO,0.10,7.00,2.23,OK,0.10,7.00,1.44,OK,
[11:57:12] : Cycle start ON
[11:57:12] : Cycle start OFF
[11:57:12] : 측정요구3 ON
[11:57:18] : 측정요구3 OFF
[11:57:19] : 측정요구4 ON
[11:57:26] : 측정요구4 OFF
[11:57:26] : 21,20190104-115727,AL19010238443,,OK,MAX,2,2,AUTO,0.10,7.00,2.01,OK,0.10,7.00,0.75,OK,
[11:58:05] : Cycle start ON
[11:58:05] : REQUEST MEAS. ON
[11:58:05] : Cycle start OFF
[11:58:12] : REQUEST MEAS. OFF
[11:58:12] : 측정요구 ON 2
[11:58:19] : 측정요구 2OFF
[11:58:19] : 21,20190104-115820,AL19010236213,,OK,MAX,1,2,AUTO,0.10,7.00,2.17,OK,0.10,7.00,1.62,OK,
[12:10:17] : AUTO RUNNING OFF
[12:44:40] : MEAS ESC ON
[12:44:44] : MEAS ESC OFF
[13:14:23] : MEAS ESC ON
[13:14:24] : MEAS ESC OFF
[13:14:24] : AUTO RUNNING ON
[13:15:01] : Cycle start ON
[13:15:02] : Cycle start OFF
[13:15:02] : REQUEST MEAS. ON
[13:15:08] : REQUEST MEAS. OFF
[13:15:08] : 측정요구 ON 2
[13:15:16] : 측정요구 2OFF
[13:15:16] : 21,20190104-131516,AL19010236133,,OK,MAX,1,2,AUTO,0.10,7.00,2.36,OK,0.10,7.00,2.13,OK,
[13:25:18] : Cycle start ON
[13:25:18] : Cycle start OFF
[13:25:18] : REQUEST MEAS. ON
[13:25:25] : REQUEST MEAS. OFF
[13:25:25] : 측정요구 ON 2
[13:25:32] : 측정요구 2OFF
[13:25:32] : 21,20190104-132533,AL19010236123,,OK,MAX,1,3,AUTO,0.10,7.00,3.14,OK,0.10,7.00,2.15,OK,
[13:26:42] : Cycle start ON
[13:26:43] : Cycle start OFF
[13:26:43] : REQUEST MEAS. ON
[13:26:49] : REQUEST MEAS. OFF
[13:26:49] : 측정요구 ON 2
[13:26:57] : 측정요구 2OFF
[13:26:57] : 21,20190104-132657,AL19010236233,,OK,MAX,1,2,AUTO,0.10,7.00,2.25,OK,0.10,7.00,1.82,OK,
[13:27:25] : Cycle start ON
[13:27:25] : Cycle start OFF
[13:27:25] : REQUEST MEAS. ON
[13:27:32] : REQUEST MEAS. OFF
[13:27:32] : 측정요구 ON 2
[13:27:39] : 측정요구 2OFF
[13:27:39] : 21,20190104-132739,AL19010236113,,OK,MAX,1,2,AUTO,0.10,7.00,1.84,OK,0.10,7.00,1.90,OK,
[13:31:17] : Cycle start ON
[13:31:18] : Cycle start OFF
[13:31:18] : REQUEST MEAS. ON
[13:31:24] : REQUEST MEAS. OFF
[13:31:24] : 측정요구 ON 2
[13:31:32] : 측정요구 2OFF
[13:31:32] : 21,20190104-133133,AL19010236173,,OK,MAX,1,2,AUTO,0.10,7.00,2.47,OK,0.10,7.00,2.62,OK,
[13:36:19] : Cycle start ON
[13:36:19] : REQUEST MEAS. ON
[13:36:19] : Cycle start OFF
[13:36:26] : REQUEST MEAS. OFF
[13:36:26] : 측정요구 ON 2
[13:36:33] : 측정요구 2OFF
[13:36:33] : 21,20190104-133633,AL19010236183,,OK,MAX,1,2,AUTO,0.10,7.00,2.65,OK,0.10,7.00,2.80,OK,
[13:36:49] : Cycle start ON
[13:36:50] : Cycle start OFF
[13:36:50] : 측정요구3 ON
[13:36:56] : 측정요구3 OFF
[13:36:56] : 측정요구4 ON
[13:37:04] : 측정요구4 OFF
[13:37:04] : 21,20190104-133705,AL19010236223,,OK,MAX,2,2,AUTO,0.10,7.00,2.31,OK,0.10,7.00,1.54,OK,
[13:37:31] : Cycle start ON
[13:37:31] : Cycle start OFF
[13:37:31] : REQUEST MEAS. ON
[13:37:38] : REQUEST MEAS. OFF
[13:37:38] : 측정요구 ON 2
[13:37:45] : 측정요구 2OFF
[13:37:45] : 21,20190104-133745,AL19010236193,,OK,MAX,1,3,AUTO,0.10,7.00,3.47,OK,0.10,7.00,3.61,OK,
[13:41:09] : Cycle start ON
[13:41:09] : Cycle start OFF
[13:41:09] : REQUEST MEAS. ON
[13:41:16] : REQUEST MEAS. OFF
[13:41:16] : 측정요구 ON 2
[13:41:23] : 측정요구 2OFF
[13:41:23] : 21,20190104-134123,AL19010236203,,OK,MAX,1,2,AUTO,0.10,7.00,1.64,OK,0.10,7.00,1.13,OK,
[13:42:46] : AUTO RUNNING OFF
[13:42:57] : MEAS ESC ON
[13:42:58] : MEAS ESC OFF
[13:42:58] : AUTO RUNNING ON
[13:43:20] : AUTO RUNNING OFF
[13:43:40] : MEAS ESC ON
[13:44:12] : MEAS ESC OFF
[13:44:12] : AUTO RUNNING ON
[13:45:54] : Cycle start ON
[13:45:54] : Cycle start OFF
[13:45:54] : REQUEST MEAS. ON
[13:46:01] : REQUEST MEAS. OFF
[13:46:01] : 측정요구 ON 2
[13:46:08] : 측정요구 2OFF
[13:46:08] : 21,20190104-134608,AL19010236483,,OK,MAX,1,2,AUTO,0.10,7.00,2.28,OK,0.10,7.00,1.63,OK,
[13:46:15] : Cycle start ON
[13:46:15] : Cycle start OFF
[13:46:15] : 측정요구3 ON
[13:46:22] : 측정요구3 OFF
[13:46:22] : 측정요구4 ON
[13:46:30] : 측정요구4 OFF
[13:46:30] : 21,20190104-134630,AL19010236473,,OK,MAX,2,3,AUTO,0.10,7.00,3.12,OK,0.10,7.00,2.42,OK,
[13:47:11] : Cycle start ON
[13:47:11] : Cycle start OFF
[13:47:11] : REQUEST MEAS. ON
[13:47:18] : REQUEST MEAS. OFF
[13:47:18] : 측정요구 ON 2
[13:47:25] : 측정요구 2OFF
[13:47:25] : 21,20190104-134726,AL19010236463,,OK,MAX,1,3,AUTO,0.10,7.00,2.95,OK,0.10,7.00,3.00,OK,
[13:47:32] : Cycle start ON
[13:47:32] : Cycle start OFF
[13:47:32] : 측정요구3 ON
[13:47:39] : 측정요구3 OFF
[13:47:39] : 측정요구4 ON
[13:47:47] : 측정요구4 OFF
[13:47:47] : 21,20190104-134747,AL19010236453,,OK,MAX,2,2,AUTO,0.10,7.00,2.11,OK,0.10,7.00,1.57,OK,
[13:48:20] : Cycle start ON
[13:48:20] : Cycle start OFF
[13:48:20] : REQUEST MEAS. ON
[13:48:27] : REQUEST MEAS. OFF
[13:48:27] : 측정요구 ON 2
[13:48:34] : 측정요구 2OFF
[13:48:34] : 21,20190104-134835,,,OK,MAX,1,3,AUTO,0.10,7.00,3.66,OK,0.10,7.00,1.54,OK,
[13:49:12] : Cycle start ON
[13:49:12] : Cycle start OFF
[13:49:12] : 측정요구3 ON
[13:49:19] : 측정요구3 OFF
[13:49:19] : 측정요구4 ON
[13:49:26] : 측정요구4 OFF
[13:49:26] : 21,20190104-134927,AL19010236493,,OK,MAX,2,2,AUTO,0.10,7.00,2.60,OK,0.10,7.00,2.01,OK,
[13:49:41] : Cycle start ON
[13:49:41] : Cycle start OFF
[13:49:41] : REQUEST MEAS. ON
[13:49:48] : REQUEST MEAS. OFF
[13:49:48] : 측정요구 ON 2
[13:49:55] : 측정요구 2OFF
[13:49:55] : 21,20190104-134956,,,OK,MAX,1,2,AUTO,0.10,7.00,1.88,OK,0.10,7.00,1.73,OK,
[13:50:11] : Cycle start ON
[13:50:11] : Cycle start OFF
[13:50:11] : 측정요구3 ON
[13:50:18] : 측정요구3 OFF
[13:50:18] : 측정요구4 ON
[13:50:25] : 측정요구4 OFF
[13:50:25] : 21,20190104-135025,AL19010236533,,OK,MAX,2,2,AUTO,0.10,7.00,2.42,OK,0.10,7.00,1.82,OK,
[13:51:16] : Cycle start ON
[13:51:16] : REQUEST MEAS. ON
[13:51:16] : Cycle start OFF
[13:51:23] : REQUEST MEAS. OFF
[13:51:23] : 측정요구 ON 2
[13:51:30] : 측정요구 2OFF
[13:51:30] : 21,20190104-135131,AL19010236513,,OK,MAX,1,2,AUTO,0.10,7.00,2.15,OK,0.10,7.00,2.21,OK,
[13:52:10] : Cycle start ON
[13:52:11] : Cycle start OFF
[13:52:11] : REQUEST MEAS. ON
[13:52:18] : REQUEST MEAS. OFF
[13:52:18] : 측정요구 ON 2
[13:52:25] : 측정요구 2OFF
[13:52:25] : 21,20190104-135226,AL19010239213,,OK,MAX,1,2,AUTO,0.10,7.00,2.15,OK,0.10,7.00,1.70,OK,
[13:52:33] : Cycle start ON
[13:52:33] : 측정요구3 ON
[13:52:33] : Cycle start OFF
[13:52:40] : 측정요구3 OFF
[13:52:40] : 측정요구4 ON
[13:52:47] : 측정요구4 OFF
[13:52:47] : 21,20190104-135247,AL19010239203,,OK,MAX,2,2,AUTO,0.10,7.00,3.00,OK,0.10,7.00,2.33,OK,
[13:53:27] : Cycle start ON
[13:53:27] : Cycle start OFF
[13:53:27] : REQUEST MEAS. ON
[13:53:33] : REQUEST MEAS. OFF
[13:53:33] : 측정요구 ON 2
[13:53:41] : 측정요구 2OFF
[13:53:41] : 21,20190104-135342,AL19010239183,,OK,MAX,1,2,AUTO,0.10,7.00,1.73,OK,0.10,7.00,1.00,OK,
[13:53:49] : Cycle start ON
[13:53:49] : Cycle start OFF
[13:53:49] : 측정요구3 ON
[13:53:56] : 측정요구3 OFF
[13:53:56] : 측정요구4 ON
[13:54:03] : 측정요구4 OFF
[13:54:03] : 21,20190104-135404,AL19010239173,,OK,MAX,2,2,AUTO,0.10,7.00,2.61,OK,0.10,7.00,1.86,OK,
[13:54:43] : Cycle start ON
[13:54:44] : Cycle start OFF
[13:54:44] : REQUEST MEAS. ON
[13:54:50] : REQUEST MEAS. OFF
[13:54:50] : 측정요구 ON 2
[13:54:57] : 측정요구 2OFF
[13:54:57] : 21,20190104-135458,AL19010239163,,OK,MAX,1,2,AUTO,0.10,7.00,2.08,OK,0.10,7.00,1.69,OK,
[13:55:05] : Cycle start ON
[13:55:05] : Cycle start OFF
[13:55:05] : 측정요구3 ON
[13:55:12] : 측정요구3 OFF
[13:55:12] : 측정요구4 ON
[13:55:19] : 측정요구4 OFF
[13:55:19] : 21,20190104-135520,AL19010239223,,OK,MAX,2,2,AUTO,0.10,7.00,2.21,OK,0.10,7.00,1.25,OK,
[13:56:00] : Cycle start ON
[13:56:00] : Cycle start OFF
[13:56:00] : REQUEST MEAS. ON
[13:56:07] : REQUEST MEAS. OFF
[13:56:07] : 측정요구 ON 2
[13:56:14] : 측정요구 2OFF
[13:56:14] : 21,20190104-135614,AL19010239233,,OK,MAX,1,2,AUTO,0.10,7.00,1.73,OK,0.10,7.00,1.04,OK,
[13:56:20] : Cycle start ON
[13:56:21] : Cycle start OFF
[13:56:21] : 측정요구3 ON
[13:56:27] : 측정요구3 OFF
[13:56:27] : 측정요구4 ON
[13:56:35] : 측정요구4 OFF
[13:56:35] : 21,20190104-135636,AL19010239273,,OK,MAX,2,2,AUTO,0.10,7.00,2.08,OK,0.10,7.00,1.57,OK,
[13:57:30] : Cycle start ON
[13:57:31] : Cycle start OFF
[13:57:31] : REQUEST MEAS. ON
[13:57:37] : REQUEST MEAS. OFF
[13:57:37] : 측정요구 ON 2
[13:57:45] : 측정요구 2OFF
[13:57:45] : 21,20190104-135745,,,OK,MAX,1,2,AUTO,0.10,7.00,1.75,OK,0.10,7.00,1.43,OK,
[13:57:51] : Cycle start ON
[13:57:52] : Cycle start OFF
[13:57:52] : 측정요구3 ON
[13:57:58] : 측정요구3 OFF
[13:57:58] : 측정요구4 ON
[13:58:06] : 측정요구4 OFF
[13:58:06] : 21,20190104-135806,AL19010239253,,OK,MAX,2,2,AUTO,0.10,7.00,2.10,OK,0.10,7.00,0.74,OK,
[13:58:42] : Cycle start ON
[13:58:42] : Cycle start OFF
[13:58:42] : REQUEST MEAS. ON
[13:58:49] : REQUEST MEAS. OFF
[13:58:49] : 측정요구 ON 2
[13:58:56] : 측정요구 2OFF
[13:58:56] : 21,20190104-135856,,,OK,MAX,1,2,AUTO,0.10,7.00,2.22,OK,0.10,7.00,1.44,OK,
[13:59:07] : Cycle start ON
[13:59:08] : Cycle start OFF
[13:59:08] : 측정요구3 ON
[13:59:14] : 측정요구3 OFF
[13:59:14] : 측정요구4 ON
[13:59:22] : 측정요구4 OFF
[13:59:22] : 21,20190104-135922,AL19010236053,,OK,MAX,2,2,AUTO,0.10,7.00,1.83,OK,0.10,7.00,1.26,OK,
[13:59:50] : Cycle start ON
[13:59:50] : REQUEST MEAS. ON
[13:59:51] : Cycle start OFF
[13:59:57] : REQUEST MEAS. OFF
[13:59:57] : 측정요구 ON 2
[14:00:04] : 측정요구 2OFF
[14:00:04] : 21,20190104-140004,,,OK,MAX,1,2,AUTO,0.10,7.00,2.88,OK,0.10,7.00,2.11,OK,
[14:00:20] : Cycle start ON
[14:00:20] : Cycle start OFF
[14:00:20] : 측정요구3 ON
[14:00:27] : 측정요구3 OFF
[14:00:27] : 측정요구4 ON
[14:00:34] : 측정요구4 OFF
[14:00:34] : 21,20190104-140034,AL19010236033,,OK,MAX,2,2,AUTO,0.10,7.00,1.55,OK,0.10,7.00,0.93,OK,
[14:00:54] : Cycle start ON
[14:00:54] : Cycle start OFF
[14:00:54] : REQUEST MEAS. ON
[14:01:01] : REQUEST MEAS. OFF
[14:01:01] : 측정요구 ON 2
[14:01:08] : 측정요구 2OFF
[14:01:08] : 21,20190104-140109,,,OK,MAX,1,2,AUTO,0.10,7.00,2.35,OK,0.10,7.00,1.69,OK,
[14:01:33] : Cycle start ON
[14:01:34] : Cycle start OFF
[14:01:34] : 측정요구3 ON
[14:01:40] : 측정요구3 OFF
[14:01:40] : 측정요구4 ON
[14:01:48] : 측정요구4 OFF
[14:01:48] : 21,20190104-140148,AL19010236073,,OK,MAX,2,2,AUTO,0.10,7.00,2.02,OK,0.10,7.00,0.84,OK,
[14:02:01] : Cycle start ON
[14:02:02] : Cycle start OFF
[14:02:02] : REQUEST MEAS. ON
[14:02:08] : REQUEST MEAS. OFF
[14:02:08] : 측정요구 ON 2
[14:02:16] : 측정요구 2OFF
[14:02:16] : 21,20190104-140217,,,OK,MAX,1,2,AUTO,0.10,7.00,2.69,OK,0.10,7.00,2.30,OK,
[14:02:46] : Cycle start ON
[14:02:46] : Cycle start OFF
[14:02:46] : 측정요구3 ON
[14:02:53] : 측정요구3 OFF
[14:02:53] : 측정요구4 ON
[14:03:00] : 측정요구4 OFF
[14:03:00] : 21,20190104-140301,AL19010236093,,OK,MAX,2,2,AUTO,0.10,7.00,2.11,OK,0.10,7.00,1.39,OK,
[14:03:10] : Cycle start ON
[14:03:10] : Cycle start OFF
[14:03:10] : REQUEST MEAS. ON
[14:03:16] : REQUEST MEAS. OFF
[14:03:16] : 측정요구 ON 2
[14:03:24] : 측정요구 2OFF
[14:03:24] : 21,20190104-140324,AL19010236103,,OK,MAX,1,2,AUTO,0.10,7.00,1.73,OK,0.10,7.00,1.01,OK,
[14:03:58] : Cycle start ON
[14:03:58] : Cycle start OFF
[14:03:58] : 측정요구3 ON
[14:04:05] : 측정요구3 OFF
[14:04:05] : 측정요구4 ON
[14:04:12] : 측정요구4 OFF
[14:04:12] : 21,20190104-140413,AL19010236143,,OK,MAX,2,2,AUTO,0.10,7.00,2.10,OK,0.10,7.00,1.84,OK,
[14:04:17] : Cycle start ON
[14:04:17] : Cycle start OFF
[14:04:17] : REQUEST MEAS. ON
[14:04:24] : REQUEST MEAS. OFF
[14:04:24] : 측정요구 ON 2
[14:04:31] : 측정요구 2OFF
[14:04:31] : 21,20190104-140432,AL19010238983,,OK,MAX,1,2,AUTO,0.10,7.00,1.67,OK,0.10,7.00,1.30,OK,
[14:05:12] : Cycle start ON
[14:05:13] : Cycle start OFF
[14:05:13] : REQUEST MEAS. ON
[14:05:19] : REQUEST MEAS. OFF
[14:05:19] : 측정요구 ON 2
[14:05:26] : 측정요구 2OFF
[14:05:26] : 21,20190104-140527,,,OK,MAX,1,2,AUTO,0.10,7.00,1.99,OK,0.10,7.00,1.31,OK,
[14:06:24] : Cycle start ON
[14:06:24] : Cycle start OFF
[14:06:24] : REQUEST MEAS. ON
[14:06:30] : REQUEST MEAS. OFF
[14:06:30] : 측정요구 ON 2
[14:06:38] : 측정요구 2OFF
[14:06:38] : 21,20190104-140639,AL19010238973,,OK,MAX,1,2,AUTO,0.10,7.00,1.34,OK,0.10,7.00,0.91,OK,
[14:06:46] : Cycle start ON
[14:06:46] : Cycle start OFF
[14:06:46] : 측정요구3 ON
[14:06:53] : 측정요구3 OFF
[14:06:53] : 측정요구4 ON
[14:07:00] : 측정요구4 OFF
[14:07:00] : 21,20190104-140700,AL19010238963,,OK,MAX,2,2,AUTO,0.10,7.00,2.07,OK,0.10,7.00,1.21,OK,
[14:07:39] : Cycle start ON
[14:07:40] : Cycle start OFF
[14:07:40] : REQUEST MEAS. ON
[14:07:46] : REQUEST MEAS. OFF
[14:07:46] : 측정요구 ON 2
[14:07:54] : 측정요구 2OFF
[14:07:54] : 21,20190104-140755,,,OK,MAX,1,2,AUTO,0.10,7.00,2.27,OK,0.10,7.00,1.50,OK,
[14:08:01] : Cycle start ON
[14:08:02] : Cycle start OFF
[14:08:02] : 측정요구3 ON
[14:08:08] : 측정요구3 OFF
[14:08:08] : 측정요구4 ON
[14:08:16] : 측정요구4 OFF
[14:08:16] : 21,20190104-140816,AL19010238993,,OK,MAX,2,2,AUTO,0.10,7.00,1.92,OK,0.10,7.00,0.83,OK,
[14:08:56] : Cycle start ON
[14:08:56] : Cycle start OFF
[14:08:56] : REQUEST MEAS. ON
[14:09:03] : REQUEST MEAS. OFF
[14:09:03] : 측정요구 ON 2
[14:09:10] : 측정요구 2OFF
[14:09:10] : 21,20190104-140911,AL19010239013,,OK,MAX,1,2,AUTO,0.10,7.00,1.94,OK,0.10,7.00,1.13,OK,
[14:09:17] : Cycle start ON
[14:09:18] : Cycle start OFF
[14:09:18] : 측정요구3 ON
[14:09:24] : 측정요구3 OFF
[14:09:24] : 측정요구4 ON
[14:09:32] : 측정요구4 OFF
[14:09:32] : 21,20190104-140932,AL19010239033,,OK,MAX,2,2,AUTO,0.10,7.00,2.58,OK,0.10,7.00,2.26,OK,
[14:10:11] : Cycle start ON
[14:10:11] : Cycle start OFF
[14:10:11] : REQUEST MEAS. ON
[14:10:18] : REQUEST MEAS. OFF
[14:10:18] : 측정요구 ON 2
[14:10:26] : 측정요구 2OFF
[14:10:26] : 21,20190104-141026,AL19010239043,,OK,MAX,1,2,AUTO,0.10,7.00,1.55,OK,0.10,7.00,0.80,OK,
[14:10:33] : Cycle start ON
[14:10:33] : Cycle start OFF
[14:10:33] : 측정요구3 ON
[14:10:40] : 측정요구3 OFF
[14:10:40] : 측정요구4 ON
[14:10:47] : 측정요구4 OFF
[14:10:47] : 21,20190104-141048,AL19010239053,,OK,MAX,2,2,AUTO,0.10,7.00,2.02,OK,0.10,7.00,1.02,OK,
[14:11:29] : AUTO RUNNING OFF
[14:12:52] : MEAS ESC ON
[14:12:59] : MEAS ESC OFF
[14:12:59] : AUTO RUNNING ON
[14:13:30] : Cycle start ON
[14:13:31] : Cycle start OFF
[14:13:31] : REQUEST MEAS. ON
[14:13:37] : REQUEST MEAS. OFF
[14:13:37] : 측정요구 ON 2
[14:13:45] : 측정요구 2OFF
[14:13:45] : 21,20190104-141345,AL19010238193,,OK,MAX,1,2,AUTO,0.10,7.00,1.86,OK,0.10,7.00,1.50,OK,
[14:13:50] : Cycle start ON
[14:13:50] : Cycle start OFF
[14:13:50] : 측정요구3 ON
[14:13:57] : 측정요구3 OFF
[14:13:57] : 측정요구4 ON
[14:14:05] : 측정요구4 OFF
[14:14:05] : 21,20190104-141405,AL19010238183,,OK,MAX,2,2,AUTO,0.10,7.00,1.91,OK,0.10,7.00,1.25,OK,
[14:14:41] : Cycle start ON
[14:14:41] : Cycle start OFF
[14:14:41] : REQUEST MEAS. ON
[14:14:48] : REQUEST MEAS. OFF
[14:14:48] : 측정요구 ON 2
[14:14:55] : 측정요구 2OFF
[14:14:55] : 21,20190104-141456,AL19010238173,,OK,MAX,1,2,AUTO,0.10,7.00,2.88,OK,0.10,7.00,2.94,OK,
[14:15:23] : Cycle start ON
[14:15:24] : Cycle start OFF
[14:15:24] : 측정요구3 ON
[14:15:30] : 측정요구3 OFF
[14:15:30] : 측정요구4 ON
[14:15:38] : 측정요구4 OFF
[14:15:38] : 21,20190104-141538,AL19010238163,,OK,MAX,2,3,AUTO,0.10,7.00,3.06,OK,0.10,7.00,2.44,OK,
[14:15:52] : Cycle start ON
[14:15:52] : Cycle start OFF
[14:15:52] : REQUEST MEAS. ON
[14:15:59] : REQUEST MEAS. OFF
[14:15:59] : 측정요구 ON 2
[14:16:07] : 측정요구 2OFF
[14:16:07] : 21,20190104-141607,AL19010238153,,OK,MAX,1,2,AUTO,0.10,7.00,1.97,OK,0.10,7.00,1.63,OK,
[14:16:30] : Cycle start ON
[14:16:30] : Cycle start OFF
[14:16:30] : 측정요구3 ON
[14:16:37] : 측정요구3 OFF
[14:16:37] : 측정요구4 ON
[14:16:45] : 측정요구4 OFF
[14:16:45] : 21,20190104-141645,AL19010238243,,OK,MAX,2,2,AUTO,0.10,7.00,2.60,OK,0.10,7.00,1.36,OK,
[14:17:04] : Cycle start ON
[14:17:04] : Cycle start OFF
[14:17:04] : REQUEST MEAS. ON
[14:17:11] : REQUEST MEAS. OFF
[14:17:11] : 측정요구 ON 2
[14:17:19] : 측정요구 2OFF
[14:17:19] : 21,20190104-141719,AL19010238203,,OK,MAX,1,2,AUTO,0.10,7.00,2.57,OK,0.10,7.00,2.02,OK,
[14:17:36] : Cycle start ON
[14:17:36] : Cycle start OFF
[14:17:36] : 측정요구3 ON
[14:17:43] : 측정요구3 OFF
[14:17:43] : 측정요구4 ON
[14:17:51] : 측정요구4 OFF
[14:17:51] : 21,20190104-141751,AL19010238213,,OK,MAX,2,2,AUTO,0.10,7.00,2.30,OK,0.10,7.00,1.64,OK,
[14:18:22] : Cycle start ON
[14:18:22] : Cycle start OFF
[14:18:22] : REQUEST MEAS. ON
[14:18:28] : REQUEST MEAS. OFF
[14:18:28] : 측정요구 ON 2
[14:18:36] : 측정요구 2OFF
[14:18:36] : 21,20190104-141837,AL19010238223,,OK,MAX,1,2,AUTO,0.10,7.00,2.15,OK,0.10,7.00,1.62,OK,
[14:18:44] : Cycle start ON
[14:18:45] : Cycle start OFF
[14:18:45] : 측정요구3 ON
[14:18:51] : 측정요구3 OFF
[14:18:51] : 측정요구4 ON
[14:18:58] : 측정요구4 OFF
[14:18:58] : 21,20190104-141859,AL19010238233,,OK,MAX,2,2,AUTO,0.10,7.00,1.91,OK,0.10,7.00,0.84,OK,
[14:19:33] : AUTO RUNNING OFF
[14:32:03] : MEAS ESC ON
[14:32:03] : MEAS ESC OFF
[14:32:03] : AUTO RUNNING ON
[14:34:07] : Cycle start ON
[14:34:07] : Cycle start OFF
[14:34:07] : REQUEST MEAS. ON
[14:34:14] : REQUEST MEAS. OFF
[14:34:14] : 측정요구 ON 2
[14:34:21] : 측정요구 2OFF
[14:34:21] : 21,20190104-143422,AL19010239083,,OK,MAX,1,2,AUTO,0.10,7.00,1.66,OK,0.10,7.00,1.11,OK,
[14:34:44] : AUTO RUNNING OFF
[14:42:21] : MEAS ESC ON
[14:42:21] : MEAS ESC OFF
[14:42:21] : AUTO RUNNING ON
[14:42:52] : Cycle start ON
[14:42:52] : Cycle start OFF
[14:42:52] : 측정요구3 ON
[14:42:59] : 측정요구3 OFF
[14:42:59] : 측정요구4 ON
[14:43:06] : 측정요구4 OFF
[14:43:06] : 21,20190104-144306,AL19010239093,,OK,MAX,2,1,AUTO,0.10,7.00,0.45,OK,0.10,7.00,0.23,OK,
[14:44:24] : Cycle start ON
[14:44:24] : Cycle start OFF
[14:44:24] : REQUEST MEAS. ON
[14:44:31] : REQUEST MEAS. OFF
[14:44:31] : 측정요구 ON 2
[14:44:39] : 측정요구 2OFF
[14:44:39] : 21,20190104-144439,AL19010239113,,OK,MAX,1,2,AUTO,0.10,7.00,2.20,OK,0.10,7.00,1.51,OK,
[14:45:39] : Cycle start ON
[14:45:40] : Cycle start OFF
[14:45:40] : 측정요구3 ON
[14:45:46] : 측정요구3 OFF
[14:45:46] : 측정요구4 ON
[14:45:54] : 측정요구4 OFF
[14:45:54] : 21,20190104-144555,AL19010239123,,OK,MAX,2,2,AUTO,0.10,7.00,1.76,OK,0.10,7.00,0.84,OK,
[14:46:51] : Cycle start ON
[14:46:51] : REQUEST MEAS. ON
[14:46:52] : Cycle start OFF
[14:46:58] : REQUEST MEAS. OFF
[14:46:58] : 측정요구 ON 2
[14:47:05] : 측정요구 2OFF
[14:47:05] : 21,20190104-144706,AL19010239133,,OK,MAX,1,2,AUTO,0.10,7.00,2.27,OK,0.10,7.00,1.49,OK,
[14:48:04] : Cycle start ON
[14:48:05] : Cycle start OFF
[14:48:05] : 측정요구3 ON
[14:48:11] : 측정요구3 OFF
[14:48:11] : 측정요구4 ON
[14:48:19] : 측정요구4 OFF
[14:48:19] : 21,20190104-144819,AL19010239143,,OK,MAX,2,2,AUTO,0.10,7.00,1.92,OK,0.10,7.00,0.89,OK,
[14:48:25] : Cycle start ON
[14:48:25] : Cycle start OFF
[14:48:25] : REQUEST MEAS. ON
[14:48:32] : REQUEST MEAS. OFF
[14:48:32] : 측정요구 ON 2
[14:48:39] : 측정요구 2OFF
[14:48:39] : 21,20190104-144840,AL19010239063,,OK,MAX,1,2,AUTO,0.10,7.00,2.65,OK,0.10,7.00,1.92,OK,
[14:49:17] : Cycle start ON
[14:49:17] : Cycle start OFF
[14:49:17] : 측정요구3 ON
[14:49:24] : 측정요구3 OFF
[14:49:24] : 측정요구4 ON
[14:49:31] : 측정요구4 OFF
[14:49:31] : 21,20190104-144931,AL19010239153,,OK,MAX,2,2,AUTO,0.10,7.00,2.01,OK,0.10,7.00,1.32,OK,
[14:50:20] : AUTO RUNNING OFF
[14:51:20] : MEAS ESC ON
[14:51:21] : MEAS ESC OFF
[14:51:21] : AUTO RUNNING ON
[14:51:53] : Cycle start ON
[14:51:53] : Cycle start OFF
[14:51:53] : REQUEST MEAS. ON
[14:52:00] : REQUEST MEAS. OFF
[14:52:00] : 측정요구 ON 2
[14:52:07] : 측정요구 2OFF
[14:52:07] : 21,20190104-145207,AL19010233883,,OK,MAX,1,2,AUTO,0.10,7.00,2.07,OK,0.10,7.00,1.88,OK,
[14:53:03] : Cycle start ON
[14:53:03] : Cycle start OFF
[14:53:03] : 측정요구3 ON
[14:53:10] : 측정요구3 OFF
[14:53:10] : 측정요구4 ON
[14:53:18] : 측정요구4 OFF
[14:53:18] : 21,20190104-145319,AL19010233873,,OK,MAX,2,2,AUTO,0.10,7.00,2.42,OK,0.10,7.00,1.35,OK,
[14:53:28] : Cycle start ON
[14:53:28] : Cycle start OFF
[14:53:28] : REQUEST MEAS. ON
[14:53:35] : REQUEST MEAS. OFF
[14:53:35] : 측정요구 ON 2
[14:53:42] : 측정요구 2OFF
[14:53:42] : 21,20190104-145342,,,OK,MAX,1,1,AUTO,0.10,7.00,0.25,OK,0.10,7.00,0.22,OK,
[14:55:44] : Cycle start ON
[14:55:44] : Cycle start OFF
[14:55:44] : REQUEST MEAS. ON
[14:55:51] : REQUEST MEAS. OFF
[14:55:51] : 측정요구 ON 2
[14:55:59] : 측정요구 2OFF
[14:55:59] : 21,20190104-145559,AL19010233853,,OK,MAX,1,2,AUTO,0.10,7.00,1.97,OK,0.10,7.00,2.09,OK,
[14:56:58] : Cycle start ON
[14:56:59] : Cycle start OFF
[14:56:59] : 측정요구3 ON
[14:57:05] : 측정요구3 OFF
[14:57:05] : 측정요구4 ON
[14:57:13] : 측정요구4 OFF
[14:57:13] : 21,20190104-145714,AL19010233903,,OK,MAX,2,2,AUTO,0.10,7.00,2.04,OK,0.10,7.00,1.62,OK,
[14:57:21] : Cycle start ON
[14:57:21] : Cycle start OFF
[14:57:21] : REQUEST MEAS. ON
[14:57:28] : REQUEST MEAS. OFF
[14:57:28] : 측정요구 ON 2
[14:57:35] : 측정요구 2OFF
[14:57:35] : 21,20190104-145735,AL19010233923,,OK,MAX,1,2,AUTO,0.10,7.00,1.55,OK,0.10,7.00,1.20,OK,
[14:58:10] : Cycle start ON
[14:58:11] : Cycle start OFF
[14:58:11] : 측정요구3 ON
[14:58:17] : 측정요구3 OFF
[14:58:17] : 측정요구4 ON
[14:58:25] : 측정요구4 OFF
[14:58:25] : 21,20190104-145826,AL19010233913,,OK,MAX,2,2,AUTO,0.10,7.00,1.74,OK,0.10,7.00,0.94,OK,
[14:59:23] : AUTO RUNNING OFF
[15:00:21] : MEAS ESC ON
[15:00:21] : MEAS ESC OFF
[15:00:21] : AUTO RUNNING ON
[15:00:59] : Cycle start ON
[15:01:00] : Cycle start OFF
[15:01:00] : REQUEST MEAS. ON
[15:01:06] : REQUEST MEAS. OFF
[15:01:06] : 측정요구 ON 2
[15:01:14] : 측정요구 2OFF
[15:01:14] : 21,20190104-150114,AL19010233933,,OK,MAX,1,1,AUTO,0.10,7.00,0.35,OK,0.10,7.00,0.26,OK,
[15:01:19] : Cycle start ON
[15:01:19] : Cycle start OFF
[15:01:19] : 측정요구3 ON
[15:01:26] : 측정요구3 OFF
[15:01:26] : 측정요구4 ON
[15:01:34] : 측정요구4 OFF
[15:01:34] : 21,20190104-150134,AL19010233843,,OK,MAX,2,2,AUTO,0.10,7.00,1.03,OK,0.10,7.00,0.62,OK,
[15:02:13] : Cycle start ON
[15:02:13] : Cycle start OFF
[15:02:13] : REQUEST MEAS. ON
[15:02:20] : REQUEST MEAS. OFF
[15:02:20] : 측정요구 ON 2
[15:02:28] : 측정요구 2OFF
[15:02:28] : 21,20190104-150228,AL19010233473,,OK,MAX,1,2,AUTO,0.10,7.00,1.76,OK,0.10,7.00,1.10,OK,
[15:02:34] : Cycle start ON
[15:02:35] : Cycle start OFF
[15:02:35] : 측정요구3 ON
[15:02:41] : 측정요구3 OFF
[15:02:41] : 측정요구4 ON
[15:02:48] : 측정요구4 OFF
[15:02:48] : 21,20190104-150249,AL19010233463,,OK,MAX,2,3,AUTO,0.10,7.00,3.22,OK,0.10,7.00,2.02,OK,
[15:03:43] : Cycle start ON
[15:03:44] : REQUEST MEAS. ON
[15:03:44] : Cycle start OFF
[15:03:50] : REQUEST MEAS. OFF
[15:03:50] : 측정요구 ON 2
[15:03:58] : 측정요구 2OFF
[15:03:58] : 21,20190104-150358,AL19010233443,,OK,MAX,1,2,AUTO,0.10,7.00,2.88,OK,0.10,7.00,2.61,OK,
[15:04:37] : Cycle start ON
[15:04:38] : Cycle start OFF
[15:04:38] : REQUEST MEAS. ON
[15:04:44] : REQUEST MEAS. OFF
[15:04:45] : 측정요구 ON 2
[15:04:52] : 측정요구 2OFF
[15:04:52] : 21,20190104-150453,AL19010233433,,OK,MAX,1,2,AUTO,0.10,7.00,2.26,OK,0.10,7.00,1.73,OK,
[15:05:00] : Cycle start ON
[15:05:00] : Cycle start OFF
[15:05:00] : 측정요구3 ON
[15:05:06] : 측정요구3 OFF
[15:05:07] : 측정요구4 ON
[15:05:14] : 측정요구4 OFF
[15:05:14] : 21,20190104-150515,AL19010233483,,OK,MAX,2,2,AUTO,0.10,7.00,2.78,OK,0.10,7.00,2.23,OK,
[15:05:54] : Cycle start ON
[15:05:55] : Cycle start OFF
[15:05:55] : REQUEST MEAS. ON
[15:06:01] : REQUEST MEAS. OFF
[15:06:01] : 측정요구 ON 2
[15:06:08] : 측정요구 2OFF
[15:06:08] : 21,20190104-150609,AL19010233493,,OK,MAX,1,2,AUTO,0.10,7.00,2.35,OK,0.10,7.00,1.82,OK,
[15:06:15] : Cycle start ON
[15:06:16] : 측정요구3 ON
[15:06:16] : Cycle start OFF
[15:06:22] : 측정요구3 OFF
[15:06:22] : 측정요구4 ON
[15:06:30] : 측정요구4 OFF
[15:06:30] : 21,20190104-150630,AL19010233633,,OK,MAX,2,2,AUTO,0.10,7.00,2.50,OK,0.10,7.00,1.35,OK,
[15:07:08] : Cycle start ON
[15:07:09] : Cycle start OFF
[15:07:09] : REQUEST MEAS. ON
[15:07:15] : REQUEST MEAS. OFF
[15:07:15] : 측정요구 ON 2
[15:07:23] : 측정요구 2OFF
[15:07:23] : 21,20190104-150724,,,OK,MAX,1,2,AUTO,0.10,7.00,2.57,OK,0.10,7.00,2.00,OK,
[15:07:50] : Cycle start ON
[15:07:50] : Cycle start OFF
[15:07:50] : 측정요구3 ON
[15:07:57] : 측정요구3 OFF
[15:07:57] : 측정요구4 ON
[15:08:04] : 측정요구4 OFF
[15:08:04] : 21,20190104-150805,AL19010233653,,OK,MAX,2,2,AUTO,0.10,7.00,2.50,OK,0.10,7.00,1.33,OK,
[15:08:18] : Cycle start ON
[15:08:19] : Cycle start OFF
[15:08:19] : REQUEST MEAS. ON
[15:08:25] : REQUEST MEAS. OFF
[15:08:26] : 측정요구 ON 2
[15:08:33] : 측정요구 2OFF
[15:08:33] : 21,20190104-150833,AL19010233173,,OK,MAX,1,1,AUTO,0.10,7.00,0.56,OK,0.10,7.00,0.28,OK,
[15:08:59] : Cycle start ON
[15:08:59] : Cycle start OFF
[15:08:59] : 측정요구3 ON
[15:09:06] : 측정요구3 OFF
[15:09:06] : 측정요구4 ON
[15:09:13] : 측정요구4 OFF
[15:09:13] : 21,20190104-150914,AL19010233163,,OK,MAX,2,1,AUTO,0.10,7.00,0.69,OK,0.10,7.00,0.32,OK,
[15:09:30] : Cycle start ON
[15:09:30] : REQUEST MEAS. ON
[15:09:30] : Cycle start OFF
[15:09:37] : REQUEST MEAS. OFF
[15:09:37] : 측정요구 ON 2
[15:09:44] : 측정요구 2OFF
[15:09:44] : 21,20190104-150945,AL19010233153,,OK,MAX,1,2,AUTO,0.10,7.00,1.75,OK,0.10,7.00,1.72,OK,
[15:10:08] : Cycle start ON
[15:10:08] : Cycle start OFF
[15:10:08] : 측정요구3 ON
[15:10:15] : 측정요구3 OFF
[15:10:15] : 측정요구4 ON
[15:10:22] : 측정요구4 OFF
[15:10:22] : 21,20190104-151023,AL19010233103,,OK,MAX,2,1,AUTO,0.10,7.00,0.80,OK,0.10,7.00,0.29,OK,
[15:10:42] : Cycle start ON
[15:10:42] : Cycle start OFF
[15:10:42] : REQUEST MEAS. ON
[15:10:49] : REQUEST MEAS. OFF
[15:10:49] : 측정요구 ON 2
[15:10:56] : 측정요구 2OFF
[15:10:56] : 21,20190104-151056,AL19010233093,,NG,MAX,1,1,AUTO,0.10,7.00,0.25,OK,0.10,7.00,0.08,NG,
[15:11:13] : Cycle start ON
[15:11:14] : Cycle start OFF
[15:11:14] : 측정요구3 ON
[15:11:20] : 측정요구3 OFF
[15:11:20] : 측정요구4 ON
[15:11:28] : 측정요구4 OFF
[15:11:28] : 21,20190104-151129,AL19010233273,,OK,MAX,2,2,AUTO,0.10,7.00,1.33,OK,0.10,7.00,0.37,OK,
[15:11:56] : Cycle start ON
[15:11:56] : Cycle start OFF
[15:11:56] : REQUEST MEAS. ON
[15:12:03] : REQUEST MEAS. OFF
[15:12:03] : 측정요구 ON 2
[15:12:10] : 측정요구 2OFF
[15:12:10] : 21,20190104-151211,,,OK,MAX,1,2,AUTO,0.10,7.00,2.18,OK,0.10,7.00,1.39,OK,
[15:12:23] : Cycle start ON
[15:12:23] : Cycle start OFF
[15:12:23] : 측정요구3 ON
[15:12:29] : 측정요구3 OFF
[15:12:29] : 측정요구4 ON
[15:12:37] : 측정요구4 OFF
[15:12:37] : 21,20190104-151237,AL19010233293,,OK,MAX,2,1,AUTO,0.10,7.00,0.44,OK,0.10,7.00,0.21,OK,
[15:13:28] : Cycle start ON
[15:13:29] : Cycle start OFF
[15:13:29] : REQUEST MEAS. ON
[15:13:35] : REQUEST MEAS. OFF
[15:13:35] : 측정요구 ON 2
[15:13:43] : 측정요구 2OFF
[15:13:43] : 21,20190104-151344,AL19010233313,,OK,MAX,1,1,AUTO,0.10,7.00,0.32,OK,0.10,7.00,0.21,OK,
[15:14:23] : Cycle start ON
[15:14:24] : Cycle start OFF
[15:14:24] : REQUEST MEAS. ON
[15:14:30] : REQUEST MEAS. OFF
[15:14:30] : 측정요구 ON 2
[15:14:37] : 측정요구 2OFF
[15:14:37] : 21,20190104-151438,AL19010238293,,OK,MAX,1,2,AUTO,0.10,7.00,1.45,OK,0.10,7.00,1.21,OK,
[15:14:44] : Cycle start ON
[15:14:45] : 측정요구3 ON
[15:14:45] : Cycle start OFF
[15:14:51] : 측정요구3 OFF
[15:14:51] : 측정요구4 ON
[15:14:59] : 측정요구4 OFF
[15:14:59] : 21,20190104-151459,AL19010238283,,OK,MAX,2,2,AUTO,0.10,7.00,2.62,OK,0.10,7.00,1.93,OK,
[15:15:38] : Cycle start ON
[15:15:39] : Cycle start OFF
[15:15:39] : REQUEST MEAS. ON
[15:15:45] : REQUEST MEAS. OFF
[15:15:45] : 측정요구 ON 2
[15:15:53] : 측정요구 2OFF
[15:15:53] : 21,20190104-151554,AL19010238273,,OK,MAX,1,2,AUTO,0.10,7.00,2.44,OK,0.10,7.00,1.73,OK,
[15:16:01] : Cycle start ON
[15:16:01] : Cycle start OFF
[15:16:01] : 측정요구3 ON
[15:16:08] : 측정요구3 OFF
[15:16:08] : 측정요구4 ON
[15:16:15] : 측정요구4 OFF
[15:16:15] : 21,20190104-151616,AL19010238253,,OK,MAX,2,2,AUTO,0.10,7.00,2.94,OK,0.10,7.00,1.75,OK,
[15:16:55] : Cycle start ON
[15:16:56] : Cycle start OFF
[15:16:56] : REQUEST MEAS. ON
[15:17:02] : REQUEST MEAS. OFF
[15:17:02] : 측정요구 ON 2
[15:17:10] : 측정요구 2OFF
[15:17:10] : 21,20190104-151710,,,OK,MAX,1,2,AUTO,0.10,7.00,2.36,OK,0.10,7.00,1.60,OK,
[15:17:17] : Cycle start ON
[15:17:18] : Cycle start OFF
[15:17:18] : 측정요구3 ON
[15:17:25] : 측정요구3 OFF
[15:17:25] : 측정요구4 ON
[15:17:32] : 측정요구4 OFF
[15:17:32] : 21,20190104-151732,AL19010238303,,OK,MAX,2,2,AUTO,0.10,7.00,2.51,OK,0.10,7.00,1.81,OK,
[15:18:12] : Cycle start ON
[15:18:12] : Cycle start OFF
[15:18:12] : REQUEST MEAS. ON
[15:18:19] : REQUEST MEAS. OFF
[15:18:19] : 측정요구 ON 2
[15:18:26] : 측정요구 2OFF
[15:18:26] : 21,20190104-151827,AL19010238313,,OK,MAX,1,2,AUTO,0.10,7.00,2.88,OK,0.10,7.00,2.63,OK,
[15:18:33] : Cycle start ON
[15:18:34] : Cycle start OFF
[15:18:34] : 측정요구3 ON
[15:18:40] : 측정요구3 OFF
[15:18:40] : 측정요구4 ON
[15:18:48] : 측정요구4 OFF
[15:18:48] : 21,20190104-151848,AL19010238323,,OK,MAX,2,2,AUTO,0.10,7.00,2.51,OK,0.10,7.00,1.96,OK,
[15:19:27] : Cycle start ON
[15:19:27] : Cycle start OFF
[15:19:27] : REQUEST MEAS. ON
[15:19:34] : REQUEST MEAS. OFF
[15:19:34] : 측정요구 ON 2
[15:19:42] : 측정요구 2OFF
[15:19:42] : 21,20190104-151942,,,OK,MAX,1,2,AUTO,0.10,7.00,2.65,OK,0.10,7.00,2.62,OK,
[15:19:45] : Cycle start ON
[15:19:45] : Cycle start OFF
[15:19:45] : 측정요구3 ON
[15:19:52] : 측정요구3 OFF
[15:19:52] : 측정요구4 ON
[15:19:59] : 측정요구4 OFF
[15:19:59] : 21,20190104-152000,AL19010238343,,OK,MAX,2,2,AUTO,0.10,7.00,2.37,OK,0.10,7.00,1.67,OK,
[15:23:53] : AUTO RUNNING OFF
[15:25:26] : MEAS ESC ON
[15:25:26] : MEAS ESC OFF
[15:25:26] : AUTO RUNNING ON
[15:27:06] : Cycle start ON
[15:27:06] : Cycle start OFF
[15:27:06] : REQUEST MEAS. ON
[15:27:13] : REQUEST MEAS. OFF
[15:27:13] : 측정요구 ON 2
[15:27:21] : 측정요구 2OFF
[15:27:21] : 21,20190104-152721,,,OK,MAX,1,2,AUTO,0.10,7.00,2.36,OK,0.10,7.00,1.60,OK,
[15:28:17] : Cycle start ON
[15:28:18] : Cycle start OFF
[15:28:18] : REQUEST MEAS. ON
[15:28:24] : REQUEST MEAS. OFF
[15:28:25] : 측정요구 ON 2
[15:28:32] : 측정요구 2OFF
[15:28:32] : 21,20190104-152832,AL19010239073,,OK,MAX,1,2,AUTO,0.10,7.00,1.65,OK,0.10,7.00,0.99,OK,
[15:29:28] : Cycle start ON
[15:29:29] : Cycle start OFF
[15:29:29] : REQUEST MEAS. ON
[15:29:35] : REQUEST MEAS. OFF
[15:29:35] : 측정요구 ON 2
[15:29:43] : 측정요구 2OFF
[15:29:43] : 21,20190104-152944,,,OK,MAX,1,2,AUTO,0.10,7.00,1.96,OK,0.10,7.00,1.62,OK,
[15:30:40] : Cycle start ON
[15:30:41] : REQUEST MEAS. ON
[15:30:41] : Cycle start OFF
[15:30:47] : REQUEST MEAS. OFF
[15:30:47] : 측정요구 ON 2
[15:30:55] : 측정요구 2OFF
[15:30:55] : 21,20190104-153055,AL19010233303,,OK,MAX,1,2,AUTO,0.10,7.00,1.65,OK,0.10,7.00,1.30,OK,
[15:31:02] : Cycle start ON
[15:31:02] : Cycle start OFF
[15:31:02] : 측정요구3 ON
[15:31:09] : 측정요구3 OFF
[15:31:09] : 측정요구4 ON
[15:31:16] : 측정요구4 OFF
[15:31:16] : 21,20190104-153117,AL19010239103,,OK,MAX,2,2,AUTO,0.10,7.00,2.34,OK,0.10,7.00,1.02,OK,
[15:31:56] : Cycle start ON
[15:31:57] : Cycle start OFF
[15:31:57] : REQUEST MEAS. ON
[15:32:03] : REQUEST MEAS. OFF
[15:32:03] : 측정요구 ON 2
[15:32:11] : 측정요구 2OFF
[15:32:11] : 21,20190104-153211,,,OK,MAX,1,1,AUTO,0.10,7.00,0.38,OK,0.10,7.00,0.13,OK,
[15:32:13] : Cycle start ON
[15:32:14] : Cycle start OFF
[15:32:14] : 측정요구3 ON
[15:32:20] : 측정요구3 OFF
[15:32:20] : 측정요구4 ON
[15:32:28] : 측정요구4 OFF
[15:32:28] : 21,20190104-153228,AL19010233893,,OK,MAX,2,1,AUTO,0.10,7.00,0.61,OK,0.10,7.00,0.22,OK,
[15:42:10] : Cycle start ON
[15:42:11] : Cycle start OFF
[15:42:11] : REQUEST MEAS. ON
[15:42:17] : REQUEST MEAS. OFF
[15:42:17] : 측정요구 ON 2
[15:42:25] : 측정요구 2OFF
[15:42:25] : 21,20190104-154226,AL19010235923,,OK,MAX,1,2,AUTO,0.10,7.00,1.76,OK,0.10,7.00,1.14,OK,
[15:42:33] : Cycle start ON
[15:42:33] : 측정요구3 ON
[15:42:33] : Cycle start OFF
[15:42:39] : 측정요구3 OFF
[15:42:39] : 측정요구4 ON
[15:42:47] : 측정요구4 OFF
[15:42:47] : 21,20190104-154247,AL19010235913,,OK,MAX,2,1,AUTO,0.10,7.00,0.41,OK,0.10,7.00,0.22,OK,
[15:43:26] : Cycle start ON
[15:43:27] : Cycle start OFF
[15:43:27] : REQUEST MEAS. ON
[15:43:33] : REQUEST MEAS. OFF
[15:43:33] : 측정요구 ON 2
[15:43:41] : 측정요구 2OFF
[15:43:41] : 21,20190104-154342,,,OK,MAX,1,2,AUTO,0.10,7.00,1.76,OK,0.10,7.00,1.20,OK,
[15:43:48] : Cycle start ON
[15:43:49] : Cycle start OFF
[15:43:49] : 측정요구3 ON
[15:43:55] : 측정요구3 OFF
[15:43:55] : 측정요구4 ON
[15:44:03] : 측정요구4 OFF
[15:44:03] : 21,20190104-154403,AL19010235973,,OK,MAX,2,2,AUTO,0.10,7.00,1.74,OK,0.10,7.00,0.81,OK,
[15:44:42] : Cycle start ON
[15:44:43] : Cycle start OFF
[15:44:43] : REQUEST MEAS. ON
[15:44:49] : REQUEST MEAS. OFF
[15:44:49] : 측정요구 ON 2
[15:44:57] : 측정요구 2OFF
[15:44:57] : 21,20190104-154458,,,OK,MAX,1,2,AUTO,0.10,7.00,0.95,OK,0.10,7.00,1.18,OK,
[15:45:05] : Cycle start ON
[15:45:05] : Cycle start OFF
[15:45:05] : 측정요구3 ON
[15:45:12] : 측정요구3 OFF
[15:45:12] : 측정요구4 ON
[15:45:19] : 측정요구4 OFF
[15:45:19] : 21,20190104-154519,AL19010235993,,OK,MAX,2,2,AUTO,0.10,7.00,2.50,OK,0.10,7.00,2.22,OK,
[15:45:56] : Cycle start ON
[15:45:56] : Cycle start OFF
[15:45:56] : REQUEST MEAS. ON
[15:46:03] : REQUEST MEAS. OFF
[15:46:03] : 측정요구 ON 2
[15:46:11] : 측정요구 2OFF
[15:46:11] : 21,20190104-154611,AL19010236003,,OK,MAX,1,2,AUTO,0.10,7.00,1.68,OK,0.10,7.00,1.53,OK,
[15:52:53] : Cycle start ON
[15:52:54] : Cycle start OFF
[15:52:54] : REQUEST MEAS. ON
[15:53:00] : REQUEST MEAS. OFF
[15:53:01] : 측정요구 ON 2
[15:53:08] : 측정요구 2OFF
[15:53:08] : 21,20190104-155309,AL19010236153,,OK,MAX,1,2,AUTO,0.10,7.00,2.18,OK,0.10,7.00,1.52,OK,
[15:53:16] : Cycle start ON
[15:53:17] : Cycle start OFF
[15:53:17] : 측정요구3 ON
[15:53:23] : 측정요구3 OFF
[15:53:24] : 측정요구4 ON
[15:53:31] : 측정요구4 OFF
[15:53:31] : 21,20190104-155332,AL19010236013,,OK,MAX,2,2,AUTO,0.10,7.00,2.24,OK,0.10,7.00,1.63,OK,
[15:58:10] : Cycle start ON
[15:58:10] : Cycle start OFF
[15:58:10] : REQUEST MEAS. ON
[15:58:16] : REQUEST MEAS. OFF
[15:58:16] : 측정요구 ON 2
[15:58:24] : 측정요구 2OFF
[15:58:24] : 21,20190104-155824,AL19010236163,,OK,MAX,1,2,AUTO,0.10,7.00,1.94,OK,0.10,7.00,1.35,OK,
[16:01:20] : Cycle start ON
[16:01:20] : Cycle start OFF
[16:01:20] : REQUEST MEAS. ON
[16:01:27] : REQUEST MEAS. OFF
[16:01:27] : 측정요구 ON 2
[16:01:35] : 측정요구 2OFF
[16:01:35] : 21,20190104-160135,AL19010234373,,OK,MAX,1,2,AUTO,0.10,7.00,2.37,OK,0.10,7.00,1.81,OK,
[16:01:44] : Cycle start ON
[16:01:44] : Cycle start OFF
[16:01:44] : 측정요구3 ON
[16:01:50] : 측정요구3 OFF
[16:01:50] : 측정요구4 ON
[16:01:58] : 측정요구4 OFF
[16:01:58] : 21,20190104-160159,AL19010234383,,OK,MAX,2,2,AUTO,0.10,7.00,2.09,OK,0.10,7.00,1.15,OK,
[16:02:50] : Cycle start ON
[16:02:51] : Cycle start OFF
[16:02:51] : REQUEST MEAS. ON
[16:02:57] : REQUEST MEAS. OFF
[16:02:57] : 측정요구 ON 2
[16:03:05] : 측정요구 2OFF
[16:03:05] : 21,20190104-160305,AL19010234353,,OK,MAX,1,3,AUTO,0.10,7.00,3.46,OK,0.10,7.00,3.23,OK,
[16:03:45] : Cycle start ON
[16:03:45] : Cycle start OFF
[16:03:45] : REQUEST MEAS. ON
[16:03:52] : REQUEST MEAS. OFF
[16:03:52] : 측정요구 ON 2
[16:04:00] : 측정요구 2OFF
[16:04:00] : 21,20190104-160400,AL19010234343,,OK,MAX,1,1,AUTO,0.10,7.00,0.86,OK,0.10,7.00,0.80,OK,
[16:04:06] : Cycle start ON
[16:04:07] : Cycle start OFF
[16:04:07] : 측정요구3 ON
[16:04:13] : 측정요구3 OFF
[16:04:13] : 측정요구4 ON
[16:04:21] : 측정요구4 OFF
[16:04:21] : 21,20190104-160422,AL19010234393,,OK,MAX,2,2,AUTO,0.10,7.00,1.81,OK,0.10,7.00,1.25,OK,
[16:05:01] : Cycle start ON
[16:05:02] : Cycle start OFF
[16:05:02] : REQUEST MEAS. ON
[16:05:08] : REQUEST MEAS. OFF
[16:05:08] : 측정요구 ON 2
[16:05:16] : 측정요구 2OFF
[16:05:16] : 21,20190104-160516,AL19010234403,,OK,MAX,1,2,AUTO,0.10,7.00,1.96,OK,0.10,7.00,1.39,OK,
[16:05:22] : Cycle start ON
[16:05:23] : Cycle start OFF
[16:05:23] : 측정요구3 ON
[16:05:29] : 측정요구3 OFF
[16:05:29] : 측정요구4 ON
[16:05:37] : 측정요구4 OFF
[16:05:37] : 21,20190104-160538,AL19010234413,,OK,MAX,2,1,AUTO,0.10,7.00,0.72,OK,0.10,7.00,0.32,OK,
[16:06:17] : Cycle start ON
[16:06:17] : Cycle start OFF
[16:06:17] : REQUEST MEAS. ON
[16:06:24] : REQUEST MEAS. OFF
[16:06:24] : 측정요구 ON 2
[16:06:31] : 측정요구 2OFF
[16:06:31] : 21,20190104-160632,,,OK,MAX,1,2,AUTO,0.10,7.00,1.35,OK,0.10,7.00,0.89,OK,
[16:06:38] : Cycle start ON
[16:06:39] : Cycle start OFF
[16:06:39] : 측정요구3 ON
[16:06:45] : 측정요구3 OFF
[16:06:45] : 측정요구4 ON
[16:06:53] : 측정요구4 OFF
[16:06:53] : 21,20190104-160654,AL19010234533,,OK,MAX,2,2,AUTO,0.10,7.00,2.61,OK,0.10,7.00,2.26,OK,
[16:07:32] : Cycle start ON
[16:07:33] : Cycle start OFF
[16:07:33] : REQUEST MEAS. ON
[16:07:40] : REQUEST MEAS. OFF
[16:07:40] : 측정요구 ON 2
[16:07:47] : 측정요구 2OFF
[16:07:47] : 21,20190104-160748,AL19010234463,,OK,MAX,1,2,AUTO,0.10,7.00,1.84,OK,0.10,7.00,1.81,OK,
[16:07:55] : Cycle start ON
[16:07:55] : Cycle start OFF
[16:07:55] : 측정요구3 ON
[16:08:01] : 측정요구3 OFF
[16:08:01] : 측정요구4 ON
[16:08:09] : 측정요구4 OFF
[16:08:09] : 21,20190104-160809,AL19010234453,,OK,MAX,2,2,AUTO,0.10,7.00,2.20,OK,0.10,7.00,1.73,OK,
[16:08:48] : Cycle start ON
[16:08:49] : Cycle start OFF
[16:08:49] : REQUEST MEAS. ON
[16:08:55] : REQUEST MEAS. OFF
[16:08:55] : 측정요구 ON 2
[16:09:02] : 측정요구 2OFF
[16:09:02] : 21,20190104-160903,AL19010234443,,OK,MAX,1,2,AUTO,0.10,7.00,1.25,OK,0.10,7.00,1.01,OK,
[16:09:08] : Cycle start ON
[16:09:09] : Cycle start OFF
[16:09:09] : 측정요구3 ON
[16:09:15] : 측정요구3 OFF
[16:09:15] : 측정요구4 ON
[16:09:23] : 측정요구4 OFF
[16:09:23] : 21,20190104-160923,AL19010234433,,OK,MAX,2,2,AUTO,0.10,7.00,2.31,OK,0.10,7.00,1.53,OK,
[16:10:00] : Cycle start ON
[16:10:00] : Cycle start OFF
[16:10:00] : REQUEST MEAS. ON
[16:10:07] : REQUEST MEAS. OFF
[16:10:07] : 측정요구 ON 2
[16:10:14] : 측정요구 2OFF
[16:10:14] : 21,20190104-161015,AL19010234423,,OK,MAX,1,1,AUTO,0.10,7.00,0.47,OK,0.10,7.00,0.30,OK,
[16:10:20] : Cycle start ON
[16:10:21] : Cycle start OFF
[16:10:21] : 측정요구3 ON
[16:10:27] : 측정요구3 OFF
[16:10:27] : 측정요구4 ON
[16:10:35] : 측정요구4 OFF
[16:10:35] : 21,20190104-161035,AL19010234473,,OK,MAX,2,2,AUTO,0.10,7.00,1.83,OK,0.10,7.00,1.12,OK,
[16:11:15] : Cycle start ON
[16:11:16] : Cycle start OFF
[16:11:16] : REQUEST MEAS. ON
[16:11:22] : REQUEST MEAS. OFF
[16:11:22] : 측정요구 ON 2
[16:11:29] : 측정요구 2OFF
[16:11:29] : 21,20190104-161130,AL19010234483,,OK,MAX,1,2,AUTO,0.10,7.00,2.36,OK,0.10,7.00,2.20,OK,
[16:11:37] : Cycle start ON
[16:11:37] : Cycle start OFF
[16:11:37] : 측정요구3 ON
[16:11:43] : 측정요구3 OFF
[16:11:43] : 측정요구4 ON
[16:11:51] : 측정요구4 OFF
[16:11:51] : 21,20190104-161152,AL19010234493,,OK,MAX,2,3,AUTO,0.10,7.00,3.61,OK,0.10,7.00,2.84,OK,
[16:12:31] : Cycle start ON
[16:12:32] : Cycle start OFF
[16:12:32] : REQUEST MEAS. ON
[16:12:38] : REQUEST MEAS. OFF
[16:12:38] : 측정요구 ON 2
[16:12:45] : 측정요구 2OFF
[16:12:45] : 21,20190104-161246,AL19010234503,,OK,MAX,1,3,AUTO,0.10,7.00,3.46,OK,0.10,7.00,2.50,OK,
[16:12:53] : Cycle start ON
[16:12:53] : Cycle start OFF
[16:12:53] : 측정요구3 ON
[16:13:00] : 측정요구3 OFF
[16:13:00] : 측정요구4 ON
[16:13:07] : 측정요구4 OFF
[16:13:07] : 21,20190104-161308,AL19010234513,,OK,MAX,2,2,AUTO,0.10,7.00,2.68,OK,0.10,7.00,1.76,OK,
[16:13:47] : Cycle start ON
[16:13:47] : Cycle start OFF
[16:13:47] : REQUEST MEAS. ON
[16:13:54] : REQUEST MEAS. OFF
[16:13:54] : 측정요구 ON 2
[16:14:02] : 측정요구 2OFF
[16:14:02] : 21,20190104-161402,AL19010234183,,OK,MAX,1,2,AUTO,0.10,7.00,2.76,OK,0.10,7.00,2.10,OK,
[16:14:08] : Cycle start ON
[16:14:09] : Cycle start OFF
[16:14:09] : 측정요구3 ON
[16:14:15] : 측정요구3 OFF
[16:14:16] : 측정요구4 ON
[16:14:23] : 측정요구4 OFF
[16:14:23] : 21,20190104-161424,AL19010234173,,OK,MAX,2,2,AUTO,0.10,7.00,2.51,OK,0.10,7.00,2.56,OK,
[16:15:04] : Cycle start ON
[16:15:04] : Cycle start OFF
[16:15:04] : REQUEST MEAS. ON
[16:15:11] : REQUEST MEAS. OFF
[16:15:11] : 측정요구 ON 2
[16:15:18] : 측정요구 2OFF
[16:15:18] : 21,20190104-161518,,,OK,MAX,1,2,AUTO,0.10,7.00,1.84,OK,0.10,7.00,1.91,OK,
[16:15:25] : Cycle start ON
[16:15:25] : Cycle start OFF
[16:15:25] : 측정요구3 ON
[16:15:31] : 측정요구3 OFF
[16:15:31] : 측정요구4 ON
[16:15:39] : 측정요구4 OFF
[16:15:39] : 21,20190104-161540,AL19010234153,,OK,MAX,2,2,AUTO,0.10,7.00,1.73,OK,0.10,7.00,1.01,OK,
[16:16:19] : Cycle start ON
[16:16:20] : Cycle start OFF
[16:16:20] : REQUEST MEAS. ON
[16:16:26] : REQUEST MEAS. OFF
[16:16:27] : 측정요구 ON 2
[16:16:34] : 측정요구 2OFF
[16:16:34] : 21,20190104-161634,AL19010234143,,OK,MAX,1,2,AUTO,0.10,7.00,1.84,OK,0.10,7.00,1.21,OK,
[16:16:41] : Cycle start ON
[16:16:41] : Cycle start OFF
[16:16:41] : 측정요구3 ON
[16:16:47] : 측정요구3 OFF
[16:16:47] : 측정요구4 ON
[16:16:55] : 측정요구4 OFF
[16:16:55] : 21,20190104-161656,AL19010234193,,OK,MAX,2,2,AUTO,0.10,7.00,2.80,OK,0.10,7.00,2.23,OK,
[16:17:36] : Cycle start ON
[16:17:36] : Cycle start OFF
[16:17:36] : REQUEST MEAS. ON
[16:17:43] : REQUEST MEAS. OFF
[16:17:43] : 측정요구 ON 2
[16:17:50] : 측정요구 2OFF
[16:17:50] : 21,20190104-161751,,,OK,MAX,1,2,AUTO,0.10,7.00,2.77,OK,0.10,7.00,2.61,OK,
[16:17:57] : Cycle start ON
[16:17:58] : Cycle start OFF
[16:17:58] : 측정요구3 ON
[16:18:04] : 측정요구3 OFF
[16:18:04] : 측정요구4 ON
[16:18:12] : 측정요구4 OFF
[16:18:12] : 21,20190104-161812,AL19010234213,,OK,MAX,2,2,AUTO,0.10,7.00,2.22,OK,0.10,7.00,1.33,OK,
[16:18:51] : Cycle start ON
[16:18:52] : Cycle start OFF
[16:18:52] : REQUEST MEAS. ON
[16:18:58] : REQUEST MEAS. OFF
[16:18:58] : 측정요구 ON 2
[16:19:06] : 측정요구 2OFF
[16:19:06] : 21,20190104-161906,,,OK,MAX,1,2,AUTO,0.10,7.00,1.98,OK,0.10,7.00,1.60,OK,
[16:19:12] : Cycle start ON
[16:19:13] : Cycle start OFF
[16:19:13] : 측정요구3 ON
[16:19:19] : 측정요구3 OFF
[16:19:19] : 측정요구4 ON
[16:19:27] : 측정요구4 OFF
[16:19:27] : 21,20190104-161927,AL19010234233,,OK,MAX,2,2,AUTO,0.10,7.00,2.02,OK,0.10,7.00,0.95,OK,
[16:20:07] : Cycle start ON
[16:20:07] : Cycle start OFF
[16:20:07] : REQUEST MEAS. ON
[16:20:14] : REQUEST MEAS. OFF
[16:20:14] : 측정요구 ON 2
[16:20:21] : 측정요구 2OFF
[16:20:21] : 21,20190104-162021,,,OK,MAX,1,2,AUTO,0.10,7.00,1.66,OK,0.10,7.00,1.60,OK,
[16:20:29] : Cycle start ON
[16:20:29] : Cycle start OFF
[16:20:29] : 측정요구3 ON
[16:20:36] : 측정요구3 OFF
[16:20:36] : 측정요구4 ON
[16:20:43] : 측정요구4 OFF
[16:20:43] : 21,20190104-162043,AL19010234053,,OK,MAX,2,2,AUTO,0.10,7.00,2.12,OK,0.10,7.00,1.27,OK,
[16:21:22] : Cycle start ON
[16:21:23] : Cycle start OFF
[16:21:23] : REQUEST MEAS. ON
[16:21:29] : REQUEST MEAS. OFF
[16:21:29] : 측정요구 ON 2
[16:21:37] : 측정요구 2OFF
[16:21:37] : 21,20190104-162138,AL19010234043,,OK,MAX,1,2,AUTO,0.10,7.00,2.17,OK,0.10,7.00,1.75,OK,
[16:21:45] : Cycle start ON
[16:21:45] : Cycle start OFF
[16:21:45] : 측정요구3 ON
[16:21:51] : 측정요구3 OFF
[16:21:52] : 측정요구4 ON
[16:21:59] : 측정요구4 OFF
[16:21:59] : 21,20190104-162200,AL19010234133,,OK,MAX,2,2,AUTO,0.10,7.00,1.44,OK,0.10,7.00,0.83,OK,
[16:22:40] : Cycle start ON
[16:22:40] : Cycle start OFF
[16:22:40] : REQUEST MEAS. ON
[16:22:46] : REQUEST MEAS. OFF
[16:22:46] : 측정요구 ON 2
[16:22:54] : 측정요구 2OFF
[16:22:54] : 21,20190104-162254,,,OK,MAX,1,2,AUTO,0.10,7.00,1.65,OK,0.10,7.00,1.32,OK,
[16:23:01] : Cycle start ON
[16:23:01] : Cycle start OFF
[16:23:01] : 측정요구3 ON
[16:23:08] : 측정요구3 OFF
[16:23:08] : 측정요구4 ON
[16:23:16] : 측정요구4 OFF
[16:23:16] : 21,20190104-162316,AL19010234073,,OK,MAX,2,2,AUTO,0.10,7.00,1.85,OK,0.10,7.00,0.85,OK,
[16:23:55] : Cycle start ON
[16:23:56] : Cycle start OFF
[16:23:56] : REQUEST MEAS. ON
[16:24:02] : REQUEST MEAS. OFF
[16:24:02] : 측정요구 ON 2
[16:24:10] : 측정요구 2OFF
[16:24:10] : 21,20190104-162410,AL19010234083,,OK,MAX,1,2,AUTO,0.10,7.00,1.69,OK,0.10,7.00,1.59,OK,
[16:24:17] : Cycle start ON
[16:24:17] : Cycle start OFF
[16:24:17] : 측정요구3 ON
[16:24:24] : 측정요구3 OFF
[16:24:24] : 측정요구4 ON
[16:24:32] : 측정요구4 OFF
[16:24:32] : 21,20190104-162432,AL19010234093,,OK,MAX,2,2,AUTO,0.10,7.00,1.53,OK,0.10,7.00,0.71,OK,
[16:25:11] : Cycle start ON
[16:25:11] : Cycle start OFF
[16:25:11] : REQUEST MEAS. ON
[16:25:18] : REQUEST MEAS. OFF
[16:25:18] : 측정요구 ON 2
[16:25:25] : 측정요구 2OFF
[16:25:25] : 21,20190104-162526,AL19010234103,,OK,MAX,1,2,AUTO,0.10,7.00,1.97,OK,0.10,7.00,1.11,OK,
[16:25:33] : Cycle start ON
[16:25:33] : Cycle start OFF
[16:25:33] : 측정요구3 ON
[16:25:39] : 측정요구3 OFF
[16:25:40] : 측정요구4 ON
[16:25:47] : 측정요구4 OFF
[16:25:47] : 21,20190104-162548,AL19010234113,,OK,MAX,2,2,AUTO,0.10,7.00,1.95,OK,0.10,7.00,1.56,OK,
[16:26:27] : Cycle start ON
[16:26:28] : Cycle start OFF
[16:26:28] : REQUEST MEAS. ON
[16:26:34] : REQUEST MEAS. OFF
[16:26:34] : 측정요구 ON 2
[16:26:41] : 측정요구 2OFF
[16:26:41] : 21,20190104-162642,AL19010233773,,OK,MAX,1,2,AUTO,0.10,7.00,2.37,OK,0.10,7.00,1.83,OK,
[16:26:49] : Cycle start ON
[16:26:49] : Cycle start OFF
[16:26:49] : 측정요구3 ON
[16:26:55] : 측정요구3 OFF
[16:26:55] : 측정요구4 ON
[16:27:03] : 측정요구4 OFF
[16:27:03] : 21,20190104-162703,AL19010233753,,OK,MAX,2,3,AUTO,0.10,7.00,3.06,OK,0.10,7.00,2.23,OK,
[16:27:44] : Cycle start ON
[16:27:44] : Cycle start OFF
[16:27:44] : REQUEST MEAS. ON
[16:27:51] : REQUEST MEAS. OFF
[16:27:51] : 측정요구 ON 2
[16:27:58] : 측정요구 2OFF
[16:27:58] : 21,20190104-162758,,,OK,MAX,1,2,AUTO,0.10,7.00,1.64,OK,0.10,7.00,1.48,OK,
[16:28:05] : Cycle start ON
[16:28:05] : Cycle start OFF
[16:28:05] : 측정요구3 ON
[16:28:12] : 측정요구3 OFF
[16:28:12] : 측정요구4 ON
[16:28:19] : 측정요구4 OFF
[16:28:19] : 21,20190104-162820,AL19010233733,,OK,MAX,2,3,AUTO,0.10,7.00,3.07,OK,0.10,7.00,2.02,OK,
[16:28:59] : Cycle start ON
[16:29:00] : Cycle start OFF
[16:29:00] : REQUEST MEAS. ON
[16:29:06] : REQUEST MEAS. OFF
[16:29:06] : 측정요구 ON 2
[16:29:14] : 측정요구 2OFF
[16:29:14] : 21,20190104-162914,AL19010233833,,OK,MAX,1,3,AUTO,0.10,7.00,3.40,OK,0.10,7.00,2.52,OK,
[16:29:21] : Cycle start ON
[16:29:21] : Cycle start OFF
[16:29:21] : 측정요구3 ON
[16:29:28] : 측정요구3 OFF
[16:29:28] : 측정요구4 ON
[16:29:36] : 측정요구4 OFF
[16:29:36] : 21,20190104-162936,AL19010233783,,OK,MAX,2,2,AUTO,0.10,7.00,0.92,OK,0.10,7.00,0.56,OK,
[16:30:14] : Cycle start ON
[16:30:14] : Cycle start OFF
[16:30:14] : REQUEST MEAS. ON
[16:30:21] : REQUEST MEAS. OFF
[16:30:21] : 측정요구 ON 2
[16:30:29] : 측정요구 2OFF
[16:30:29] : 21,20190104-163029,AL19010233793,,OK,MAX,1,2,AUTO,0.10,7.00,1.64,OK,0.10,7.00,1.11,OK,
[16:30:34] : Cycle start ON
[16:30:34] : Cycle start OFF
[16:30:34] : 측정요구3 ON
[16:30:41] : 측정요구3 OFF
[16:30:41] : 측정요구4 ON
[16:30:49] : 측정요구4 OFF
[16:30:49] : 21,20190104-163049,AL19010233803,,OK,MAX,2,2,AUTO,0.10,7.00,2.63,OK,0.10,7.00,2.14,OK,
[16:31:28] : Cycle start ON
[16:31:28] : Cycle start OFF
[16:31:28] : REQUEST MEAS. ON
[16:31:35] : REQUEST MEAS. OFF
[16:31:35] : 측정요구 ON 2
[16:31:43] : 측정요구 2OFF
[16:31:43] : 21,20190104-163143,AL19010233813,,OK,MAX,1,2,AUTO,0.10,7.00,2.66,OK,0.10,7.00,1.82,OK,
[16:31:43] : Cycle start ON
[16:31:44] : Cycle start OFF
[16:31:44] : 측정요구3 ON
[16:31:50] : 측정요구3 OFF
[16:31:50] : 측정요구4 ON
[16:31:58] : 측정요구4 OFF
[16:31:58] : 21,20190104-163159,AL19010233823,,OK,MAX,2,2,AUTO,0.10,7.00,2.70,OK,0.10,7.00,1.85,OK,
[17:05:28] : AUTO RUNNING OFF
[17:16:14] : PROGRAM END
 
[17:37:13] : PROGRAM START
[17:37:16] : AUTO RUNNING OFF
[17:37:16] : REQUEST MEAS. OFF
[17:37:16] : REQUEST ZEROSET OFF
[17:37:16] : REQUEST ZEROSET OFF
[17:40:15] : PROGRAM END
 
[17:43:29] : PROGRAM START
[17:43:33] : AUTO RUNNING OFF
[17:43:33] : REQUEST MEAS. OFF
[17:43:33] : REQUEST ZEROSET OFF
[17:43:33] : REQUEST ZEROSET OFF
[18:02:44] : PROGRAM END
 
[18:03:54] : PROGRAM START
[18:03:58] : AUTO RUNNING OFF
[18:03:58] : REQUEST MEAS. OFF
[18:03:58] : REQUEST ZEROSET OFF
[18:03:58] : REQUEST ZEROSET OFF
[18:37:59] : PROGRAM END
 
[18:41:36] : PROGRAM START
[18:41:40] : AUTO RUNNING OFF
[18:41:40] : REQUEST MEAS. OFF
[18:41:40] : REQUEST ZEROSET OFF
[18:41:40] : REQUEST ZEROSET OFF
[18:41:54] : PROGRAM END
 
[18:42:09] : PROGRAM START
[18:42:12] : AUTO RUNNING OFF
[18:42:12] : REQUEST MEAS. OFF
[18:42:12] : REQUEST ZEROSET OFF
[18:42:12] : REQUEST ZEROSET OFF
[18:46:48] : PROGRAM END
 
[18:47:48] : PROGRAM START
[18:47:52] : AUTO RUNNING OFF
[18:47:52] : REQUEST MEAS. OFF
[18:47:52] : REQUEST ZEROSET OFF
[18:47:52] : REQUEST ZEROSET OFF
[18:48:05] : PROGRAM END
 
[18:48:42] : PROGRAM START
[18:48:46] : AUTO RUNNING OFF
[18:48:46] : REQUEST MEAS. OFF
[18:48:46] : REQUEST ZEROSET OFF
[18:48:46] : REQUEST ZEROSET OFF
 
