[08:26:51] : MEAS ESC ON
[08:28:59] : MEAS ESC OFF
[09:17:14] : MEAS ESC ON
[09:17:56] : MEAS ESC OFF
[09:17:56] : AUTO RUNNING ON
[09:19:40] : Cycle start ON
[09:19:41] : Cycle start OFF
[09:19:41] : REQUEST MEAS. ON
[09:19:47] : REQUEST MEAS. OFF
[09:19:47] : 측정요구 ON 2
[09:19:55] : 측정요구 2OFF
[09:19:55] : 21,20190103-091955,,,OK,MAX,1,2,AUTO,0.10,7.00,2.54,OK,0.10,7.00,2.12,OK,
[09:20:03] : Cycle start ON
[09:20:03] : Cycle start OFF
[09:20:03] : 측정요구3 ON
[09:20:09] : 측정요구3 OFF
[09:20:09] : 측정요구4 ON
[09:20:17] : 측정요구4 OFF
[09:20:17] : 21,20190103-092017,,,OK,MAX,2,3,AUTO,0.10,7.00,3.74,OK,0.10,7.00,3.74,OK,
[09:21:12] : AUTO RUNNING OFF
[09:30:30] : MEAS ESC ON
[09:30:34] : MEAS ESC OFF
[09:30:34] : AUTO RUNNING ON
[09:30:48] : Cycle start ON
[09:30:48] : Cycle start OFF
[09:30:48] : REQUEST MEAS. ON
[09:30:49] : Cycle start ON
[09:30:50] : Cycle start OFF
[09:30:55] : REQUEST MEAS. OFF
[09:30:55] : 측정요구 ON 2
[09:31:03] : 측정요구 2OFF
[09:31:03] : 21,20190103-093103,AL19010245147,,OK,MAX,1,2,AUTO,0.10,7.00,2.76,OK,0.10,7.00,2.43,OK,
[09:31:03] : 측정요구3 ON
[09:31:10] : 측정요구3 OFF
[09:31:10] : 측정요구4 ON
[09:31:17] : 측정요구4 OFF
[09:31:17] : 21,20190103-093118,AL19010245187,,OK,MAX,2,3,AUTO,0.10,7.00,4.03,OK,0.10,7.00,3.83,OK,
[09:31:28] : Cycle start ON
[09:31:28] : Cycle start OFF
[09:31:28] : REQUEST MEAS. ON
[09:31:35] : REQUEST MEAS. OFF
[09:31:35] : 측정요구 ON 2
[09:31:42] : 측정요구 2OFF
[09:31:42] : 21,20190103-093143,AL19010245097,,OK,MAX,1,3,AUTO,0.10,7.00,3.92,OK,0.10,7.00,3.41,OK,
[09:31:51] : Cycle start ON
[09:31:51] : Cycle start OFF
[09:31:51] : 측정요구3 ON
[09:31:58] : 측정요구3 OFF
[09:31:58] : 측정요구4 ON
[09:32:05] : 측정요구4 OFF
[09:32:05] : 21,20190103-093205,AL19010245117,,OK,MAX,2,3,AUTO,0.10,7.00,3.34,OK,0.10,7.00,2.92,OK,
[09:32:17] : Cycle start ON
[09:32:17] : Cycle start OFF
[09:32:17] : REQUEST MEAS. ON
[09:32:23] : REQUEST MEAS. OFF
[09:32:23] : 측정요구 ON 2
[09:32:31] : 측정요구 2OFF
[09:32:31] : 21,20190103-093232,AL19010245227,,OK,MAX,1,3,AUTO,0.10,7.00,4.82,OK,0.10,7.00,4.85,OK,
[09:33:36] : Cycle start ON
[09:33:36] : Cycle start OFF
[09:33:36] : REQUEST MEAS. ON
[09:33:43] : REQUEST MEAS. OFF
[09:33:43] : 측정요구 ON 2
[09:33:50] : 측정요구 2OFF
[09:33:50] : 21,20190103-093350,AL19010245087,,OK,MAX,1,3,AUTO,0.10,7.00,4.02,OK,0.10,7.00,3.73,OK,
[09:33:59] : Cycle start ON
[09:33:59] : Cycle start OFF
[09:33:59] : 측정요구3 ON
[09:34:06] : 측정요구3 OFF
[09:34:06] : 측정요구4 ON
[09:34:14] : 측정요구4 OFF
[09:34:14] : 21,20190103-093414,AL19010245207,,OK,MAX,2,3,AUTO,0.10,7.00,3.56,OK,0.10,7.00,3.34,OK,
[09:34:47] : Cycle start ON
[09:34:48] : Cycle start OFF
[09:34:48] : REQUEST MEAS. ON
[09:34:54] : REQUEST MEAS. OFF
[09:34:54] : 측정요구 ON 2
[09:35:02] : 측정요구 2OFF
[09:35:02] : 21,20190103-093502,AL19010245107,,OK,MAX,1,3,AUTO,0.10,7.00,3.53,OK,0.10,7.00,3.34,OK,
[09:35:11] : Cycle start ON
[09:35:12] : Cycle start OFF
[09:35:12] : 측정요구3 ON
[09:35:18] : 측정요구3 OFF
[09:35:18] : 측정요구4 ON
[09:35:26] : 측정요구4 OFF
[09:35:26] : 21,20190103-093527,AL19010245197,,OK,MAX,2,3,AUTO,0.10,7.00,3.21,OK,0.10,7.00,2.83,OK,
[09:36:21] : Cycle start ON
[09:36:21] : Cycle start OFF
[09:36:21] : REQUEST MEAS. ON
[09:36:28] : REQUEST MEAS. OFF
[09:36:28] : 측정요구 ON 2
[09:36:35] : 측정요구 2OFF
[09:36:35] : 21,20190103-093635,AL19010245217,,OK,MAX,1,3,AUTO,0.10,7.00,5.32,OK,0.10,7.00,5.11,OK,
[10:02:28] : AUTO RUNNING OFF
[10:17:58] : PROGRAM END
 
[10:18:03] : PROGRAM START
[10:18:06] : AUTO RUNNING OFF
[10:18:06] : REQUEST MEAS. OFF
[10:18:06] : REQUEST ZEROSET OFF
[10:18:06] : REQUEST ZEROSET OFF
[10:18:19] : PROGRAM END
 
[10:18:21] : PROGRAM START
[10:18:24] : AUTO RUNNING OFF
[10:18:24] : REQUEST MEAS. OFF
[10:18:24] : REQUEST ZEROSET OFF
[10:18:24] : REQUEST ZEROSET OFF
[10:18:56] : Cycle start ON
[10:18:56] : Cycle start OFF
[10:18:56] : 측정요구3 ON
[10:19:03] : 측정요구3 OFF
[10:19:03] : 0
[10:19:03] : 측정요구4 ON
[10:19:10] : 측정요구4 OFF
[10:19:10] : 0
[10:30:27] : MEAS ESC ON
[10:30:28] : MEAS ESC OFF
[10:45:07] : MEAS ESC ON
[10:45:08] : MEAS ESC OFF
[10:45:08] : AUTO RUNNING ON
[10:45:23] : Cycle start ON
[10:45:24] : Cycle start OFF
[10:45:24] : 측정요구3 ON
[10:45:30] : 측정요구3 OFF
[10:45:30] : 측정요구4 ON
[10:45:37] : 측정요구4 OFF
[10:45:37] : 21,20190103-104538,AL19010245197,,OK,MAX,2,3,AUTO,0.10,7.00,3.83,OK,0.10,7.00,2.43,OK,
[10:46:06] : AUTO RUNNING OFF
[10:46:24] : Cycle start ON
[10:46:25] : Cycle start OFF
[10:46:25] : 측정요구3 ON
[10:46:31] : 측정요구3 OFF
[10:46:31] : 0
[10:46:31] : 측정요구4 ON
[10:46:38] : 측정요구4 OFF
[10:46:38] : 0
[10:48:17] : Cycle start ON
[10:48:17] : Cycle start OFF
[10:48:17] : 측정요구3 ON
[10:48:24] : 측정요구3 OFF
[10:48:24] : 0
[10:48:24] : 측정요구4 ON
[10:48:31] : 측정요구4 OFF
[10:48:31] : 0
[10:53:36] : Cycle start ON
[10:53:36] : Cycle start OFF
[10:53:36] : 측정요구3 ON
[10:53:42] : 측정요구3 OFF
[10:53:43] : 0
[10:53:43] : 측정요구4 ON
[10:53:50] : 측정요구4 OFF
[10:53:50] : 0
[10:54:44] : MEAS ESC ON
[10:54:46] : MEAS ESC OFF
[10:54:46] : AUTO RUNNING ON
[10:55:36] : Cycle start ON
[10:55:37] : Cycle start OFF
[10:55:37] : REQUEST MEAS. ON
[10:55:43] : REQUEST MEAS. OFF
[10:55:43] : 측정요구 ON 2
[10:55:51] : 측정요구 2OFF
[10:55:51] : 21,20190103-105551,AL19010245497,,OK,MAX,1,2,AUTO,0.10,7.00,2.44,OK,0.10,7.00,2.05,OK,
[10:57:05] : AUTO RUNNING OFF
[11:01:22] : Cycle start ON
[11:01:23] : Cycle start OFF
[11:01:23] : REQUEST MEAS. ON
[11:01:29] : REQUEST MEAS. OFF
[11:01:29] : 0
[11:01:29] : 측정요구 ON 2
[11:01:37] : 측정요구 2OFF
[11:01:37] : 0
[11:01:46] : MEAS ESC ON
[11:01:48] : MEAS ESC OFF
[11:01:48] : AUTO RUNNING ON
[11:02:20] : Cycle start ON
[11:02:20] : Cycle start OFF
[11:02:20] : REQUEST MEAS. ON
[11:02:27] : REQUEST MEAS. OFF
[11:02:27] : 측정요구 ON 2
[11:02:34] : 측정요구 2OFF
[11:02:34] : 21,20190103-110234,AL19010245487,,OK,MAX,1,3,AUTO,0.10,7.00,5.89,OK,0.10,7.00,3.96,OK,
[11:03:03] : AUTO RUNNING OFF
[11:03:45] : MEAS ESC ON
[11:03:48] : MEAS ESC OFF
[11:03:48] : AUTO RUNNING ON
[11:04:02] : Cycle start ON
[11:04:02] : Cycle start OFF
[11:04:02] : REQUEST MEAS. ON
[11:04:09] : REQUEST MEAS. OFF
[11:04:09] : 측정요구 ON 2
[11:04:16] : 측정요구 2OFF
[11:04:16] : 21,20190103-110416,AL19010245487,,OK,MAX,1,3,AUTO,0.10,7.00,5.96,OK,0.10,7.00,4.27,OK,
[11:19:10] : Cycle start ON
[11:19:10] : Cycle start OFF
[11:19:10] : REQUEST MEAS. ON
[11:19:17] : REQUEST MEAS. OFF
[11:19:17] : 측정요구 ON 2
[11:19:25] : 측정요구 2OFF
[11:19:25] : 21,20190103-111925,AL19010245147,,OK,MAX,1,2,AUTO,0.10,7.00,2.83,OK,0.10,7.00,1.33,OK,
[11:22:32] : AUTO RUNNING OFF
[11:23:55] : MEAS ESC ON
[11:23:56] : MEAS ESC OFF
[11:23:56] : AUTO RUNNING ON
[11:24:18] : Cycle start ON
[11:24:18] : 측정요구3 ON
[11:24:19] : Cycle start OFF
[11:24:25] : 측정요구3 OFF
[11:24:25] : 측정요구4 ON
[11:24:33] : 측정요구4 OFF
[11:24:33] : 21,20190103-112433,AL19010245587,,OK,MAX,2,2,AUTO,0.10,7.00,2.98,OK,0.10,7.00,1.79,OK,
[11:25:19] : AUTO RUNNING OFF
[11:26:11] : MEAS ESC ON
[11:26:12] : MEAS ESC OFF
[11:26:12] : AUTO RUNNING ON
[11:26:29] : Cycle start ON
[11:26:29] : Cycle start OFF
[11:26:29] : 측정요구3 ON
[11:26:36] : 측정요구3 OFF
[11:26:36] : 측정요구4 ON
[11:26:43] : 측정요구4 OFF
[11:26:43] : 21,20190103-112644,AL19010245587,,OK,MAX,2,2,AUTO,0.10,7.00,2.82,OK,0.10,7.00,1.75,OK,
[11:27:13] : Cycle start ON
[11:27:13] : Cycle start OFF
[11:27:13] : 측정요구3 ON
[11:27:19] : 측정요구3 OFF
[11:27:20] : 측정요구4 ON
[11:27:27] : 측정요구4 OFF
[11:27:27] : 21,20190103-112727,AL19010245597,,OK,MAX,2,2,AUTO,0.10,7.00,2.75,OK,0.10,7.00,2.02,OK,
[11:27:59] : AUTO RUNNING OFF
[11:31:00] : Cycle start ON
[11:31:00] : Cycle start OFF
[11:31:00] : REQUEST MEAS. ON
[11:31:07] : REQUEST MEAS. OFF
[11:31:07] : 0
[11:31:07] : 측정요구 ON 2
[11:31:15] : 측정요구 2OFF
[11:31:15] : 0
[11:31:38] : Cycle start ON
[11:31:38] : Cycle start OFF
[11:31:38] : 측정요구3 ON
[11:31:45] : 측정요구3 OFF
[11:31:45] : 0
[11:31:45] : 측정요구4 ON
[11:31:52] : 측정요구4 OFF
[11:31:52] : 0
[11:32:15] : MEAS ESC ON
[11:32:16] : MEAS ESC OFF
[11:32:16] : AUTO RUNNING ON
[11:32:36] : Cycle start ON
[11:32:36] : Cycle start OFF
[11:32:36] : REQUEST MEAS. ON
[11:32:43] : REQUEST MEAS. OFF
[11:32:43] : 측정요구 ON 2
[11:32:50] : 측정요구 2OFF
[11:32:50] : 21,20190103-113250,AL19010245537,,OK,MAX,1,3,AUTO,0.10,7.00,4.12,OK,0.10,7.00,3.34,OK,
[11:33:19] : Cycle start ON
[11:33:19] : Cycle start OFF
[11:33:19] : 측정요구3 ON
[11:33:26] : 측정요구3 OFF
[11:33:26] : 측정요구4 ON
[11:33:33] : 측정요구4 OFF
[11:33:33] : 21,20190103-113334,AL19010245607,,OK,MAX,2,2,AUTO,0.10,7.00,2.53,OK,0.10,7.00,1.57,OK,
[11:34:12] : Cycle start ON
[11:34:12] : Cycle start OFF
[11:34:12] : REQUEST MEAS. ON
[11:34:19] : REQUEST MEAS. OFF
[11:34:19] : 측정요구 ON 2
[11:34:26] : 측정요구 2OFF
[11:34:26] : 21,20190103-113427,AL19010245657,,OK,MAX,1,3,AUTO,0.10,7.00,4.31,OK,0.10,7.00,3.36,OK,
[11:45:20] : Cycle start ON
[11:45:20] : Cycle start OFF
[11:45:20] : REQUEST MEAS. ON
[11:45:27] : REQUEST MEAS. OFF
[11:45:27] : 측정요구 ON 2
[11:45:34] : 측정요구 2OFF
[11:45:34] : 21,20190103-114535,AL19010245667,,OK,MAX,1,3,AUTO,0.10,7.00,4.33,OK,0.10,7.00,3.86,OK,
[11:45:45] : Cycle start ON
[11:45:45] : Cycle start OFF
[11:45:45] : 측정요구3 ON
[11:45:52] : 측정요구3 OFF
[11:45:52] : 측정요구4 ON
[11:45:59] : 측정요구4 OFF
[11:45:59] : 21,20190103-114559,AL19010245647,,OK,MAX,2,3,AUTO,0.10,7.00,3.84,OK,0.10,7.00,3.32,OK,
[11:46:32] : Cycle start ON
[11:46:33] : Cycle start OFF
[11:46:33] : REQUEST MEAS. ON
[11:46:39] : REQUEST MEAS. OFF
[11:46:39] : 측정요구 ON 2
[11:46:47] : 측정요구 2OFF
[11:46:47] : 21,20190103-114647,AL19010247067,,OK,MAX,1,3,AUTO,0.10,7.00,5.10,OK,0.10,7.00,3.45,OK,
[11:46:51] : Cycle start ON
[11:46:52] : Cycle start OFF
[11:46:52] : 측정요구3 ON
[11:46:58] : 측정요구3 OFF
[11:46:58] : 측정요구4 ON
[11:47:06] : 측정요구4 OFF
[11:47:06] : 21,20190103-114706,AL19010247117,,OK,MAX,2,3,AUTO,0.10,7.00,3.64,OK,0.10,7.00,2.80,OK,
[11:47:46] : Cycle start ON
[11:47:46] : Cycle start OFF
[11:47:46] : REQUEST MEAS. ON
[11:47:53] : REQUEST MEAS. OFF
[11:47:53] : 측정요구 ON 2
[11:48:00] : 측정요구 2OFF
[11:48:00] : 21,20190103-114800,AL19010247097,,OK,MAX,1,3,AUTO,0.10,7.00,3.92,OK,0.10,7.00,3.53,OK,
[11:48:06] : Cycle start ON
[11:48:06] : Cycle start OFF
[11:48:06] : 측정요구3 ON
[11:48:13] : 측정요구3 OFF
[11:48:13] : 측정요구4 ON
[11:48:21] : 측정요구4 OFF
[11:48:21] : 21,20190103-114821,AL19010247107,,OK,MAX,2,3,AUTO,0.10,7.00,3.65,OK,0.10,7.00,2.59,OK,
[11:49:01] : Cycle start ON
[11:49:01] : Cycle start OFF
[11:49:01] : REQUEST MEAS. ON
[11:49:08] : REQUEST MEAS. OFF
[11:49:08] : 측정요구 ON 2
[11:49:16] : 측정요구 2OFF
[11:49:16] : 21,20190103-114916,AL19010247047,,OK,MAX,1,3,AUTO,0.10,7.00,3.84,OK,0.10,7.00,3.20,OK,
[11:49:21] : Cycle start ON
[11:49:22] : Cycle start OFF
[11:49:22] : 측정요구3 ON
[11:49:28] : 측정요구3 OFF
[11:49:28] : 측정요구4 ON
[11:49:35] : 측정요구4 OFF
[11:49:35] : 21,20190103-114936,AL19010247227,,OK,MAX,2,3,AUTO,0.10,7.00,4.33,OK,0.10,7.00,4.09,OK,
 
[16:32:01] : PROGRAM START
[16:32:25] : TCP FAIL 1
[16:32:40] : TCP FAIL 1
[16:32:47] : PROGRAM END
 
[16:46:55] : PROGRAM START
[16:47:02] : TCP FAIL 1
[16:47:09] : PROGRAM END
 
[16:59:52] : PROGRAM START
[16:59:57] : TCP FAIL 1
[17:00:01] : TCP FAIL 1
[17:00:06] : PROGRAM END
 
[17:00:52] : PROGRAM START
[17:00:59] : TCP FAIL 1
[17:01:06] : TCP FAIL 1
[17:01:13] : Plc Error Timer
[17:08:15] : PROGRAM END
 
