[10:38:43] : PROGRAM START
[10:38:52] : Plc Error Timer
[10:39:19] : PROGRAM END
 
[12:06:05] : PROGRAM START
[12:06:10] : AUTO RUNNING OFF
[12:06:10] : REQUEST MEAS. OFF
[12:06:10] : REQUEST ZEROSET OFF
[12:06:10] : REQUEST ZEROSET OFF
[12:06:46] : Cycle start ON
[12:06:46] : Cycle start OFF
[12:06:46] : REQUEST MEAS. ON
[12:06:52] : REQUEST MEAS. OFF
[12:06:53] : 0
[12:06:53] : 측정요구 ON 2
[12:07:00] : 측정요구 2OFF
[12:07:00] : 0
[12:07:25] : Cycle start ON
[12:07:25] : Cycle start OFF
[12:07:25] : 측정요구3 ON
[12:07:32] : 측정요구3 OFF
[12:07:32] : 0
[12:07:32] : 측정요구4 ON
[12:07:39] : 측정요구4 OFF
[12:07:39] : 0
[12:07:53] : PROGRAM END
 
[12:09:46] : PROGRAM START
[12:10:00] : AUTO RUNNING OFF
[12:10:00] : REQUEST MEAS. OFF
[12:10:00] : REQUEST ZEROSET OFF
[12:10:00] : REQUEST ZEROSET OFF
[12:26:14] : Cycle start ON
[12:26:15] : Cycle start OFF
[12:26:15] : REQUEST MEAS. ON
[12:26:21] : REQUEST MEAS. OFF
[12:26:21] : 0
[12:26:21] : 측정요구 ON 2
[12:26:28] : 측정요구 2OFF
[12:26:28] : 0
[12:26:28] : REQUEST MEAS. ON
[12:26:36] : REQUEST MEAS. OFF
[12:26:36] : 0
[12:26:36] : 측정요구 ON 2
[12:26:42] : 측정요구 2OFF
[12:26:43] : 0
[12:26:43] : REQUEST MEAS. ON
[12:26:50] : REQUEST MEAS. OFF
[12:26:50] : 0
[12:26:50] : 측정요구 ON 2
[12:26:57] : 측정요구 2OFF
[12:26:57] : 0
[12:26:57] : REQUEST MEAS. ON
[12:27:05] : REQUEST MEAS. OFF
[12:27:05] : 0
[12:27:05] : 측정요구 ON 2
[12:27:12] : 측정요구 2OFF
[12:27:12] : 0
[12:27:12] : REQUEST MEAS. ON
[12:27:19] : REQUEST MEAS. OFF
[12:27:19] : 0
[12:27:19] : 측정요구 ON 2
[12:27:26] : 측정요구 2OFF
[12:27:27] : 0
[12:32:02] : Cycle start ON
[12:32:02] : Cycle start OFF
[12:32:02] : 측정요구3 ON
[12:32:09] : 측정요구3 OFF
[12:32:09] : 0
[12:32:09] : 측정요구4 ON
[12:32:16] : 측정요구4 OFF
[12:32:16] : 0
[12:32:16] : 측정요구3 ON
[12:32:23] : 측정요구3 OFF
[12:32:23] : 0
[12:32:23] : 측정요구4 ON
[12:32:30] : 측정요구4 OFF
[12:32:31] : 0
[12:32:31] : 측정요구3 ON
[12:32:38] : 측정요구3 OFF
[12:32:38] : 0
[12:32:38] : 측정요구4 ON
[12:32:45] : 측정요구4 OFF
[12:32:45] : 0
[12:32:45] : 측정요구3 ON
[12:32:52] : 측정요구3 OFF
[12:32:52] : 0
[12:32:52] : 측정요구4 ON
[12:32:59] : 측정요구4 OFF
[12:33:00] : 0
[12:33:00] : 측정요구3 ON
[12:33:07] : 측정요구3 OFF
[12:33:07] : 0
[12:33:07] : 측정요구4 ON
[12:33:13] : 측정요구4 OFF
[12:33:14] : 0
[18:50:58] : MEAS ESC ON
[18:50:59] : MEAS ESC OFF
[18:51:30] : MEAS ESC ON
[18:51:58] : MEAS ESC OFF
[18:52:25] : MEAS ESC ON
[18:52:26] : MEAS ESC OFF
[18:52:26] : AUTO RUNNING ON
[18:55:32] : Cycle start ON
[18:55:32] : Cycle start OFF
[18:55:32] : REQUEST MEAS. ON
[18:55:39] : REQUEST MEAS. OFF
[18:55:39] : 측정요구 ON 2
[18:55:46] : 측정요구 2OFF
[18:55:46] : 21,20190118-185547,AL19011232933,,OK,MAX,1,3,AUTO,0.10,7.00,4.03,OK,0.10,7.00,2.51,OK,
[18:56:01] : Cycle start ON
[18:56:01] : Cycle start OFF
[18:56:01] : 측정요구3 ON
[18:56:08] : 측정요구3 OFF
[18:56:08] : 측정요구4 ON
[18:56:15] : 측정요구4 OFF
[18:56:15] : 21,20190118-185616,AL19011232943,,OK,MAX,2,2,AUTO,0.10,7.00,2.69,OK,0.10,7.00,1.42,OK,
[18:56:27] : Cycle start ON
[18:56:28] : Cycle start OFF
[18:56:28] : REQUEST MEAS. ON
[18:56:34] : REQUEST MEAS. OFF
[18:56:34] : 측정요구 ON 2
[18:56:41] : 측정요구 2OFF
[18:56:41] : 21,20190118-185642,AL19011232883,,OK,MAX,1,3,AUTO,0.10,7.00,3.72,OK,0.10,7.00,2.72,OK,
[18:57:19] : Cycle start ON
[18:57:19] : Cycle start OFF
[18:57:19] : REQUEST MEAS. ON
[18:57:26] : REQUEST MEAS. OFF
[18:57:26] : 측정요구 ON 2
[18:57:33] : 측정요구 2OFF
[18:57:33] : 21,20190118-185734,AL19011232893,,OK,MAX,1,2,AUTO,0.10,7.00,2.53,OK,0.10,7.00,1.72,OK,
[19:02:28] : AUTO RUNNING OFF
[19:04:34] : MEAS ESC ON
[19:04:37] : MEAS ESC OFF
[19:04:37] : AUTO RUNNING ON
[19:06:07] : AUTO RUNNING OFF
[19:07:02] : MEAS ESC ON
[19:07:03] : MEAS ESC OFF
[19:07:03] : AUTO RUNNING ON
[19:07:37] : Cycle start ON
[19:07:37] : Cycle start OFF
[19:07:37] : REQUEST MEAS. ON
[19:07:44] : REQUEST MEAS. OFF
[19:07:44] : 측정요구 ON 2
[19:07:51] : 측정요구 2OFF
[19:07:51] : 21,20190118-190752,AL19011232873,,OK,MAX,1,3,AUTO,0.10,7.00,3.63,OK,0.10,7.00,2.21,OK,
[19:08:00] : Cycle start ON
[19:08:00] : Cycle start OFF
[19:08:00] : 측정요구3 ON
[19:08:07] : 측정요구3 OFF
[19:08:07] : 측정요구4 ON
[19:08:14] : 측정요구4 OFF
[19:08:14] : 21,20190118-190814,AL19011232773,,OK,MAX,2,1,AUTO,0.10,7.00,0.71,OK,0.10,7.00,0.11,OK,
[19:08:29] : Cycle start ON
[19:08:29] : Cycle start OFF
[19:08:29] : REQUEST MEAS. ON
[19:08:36] : REQUEST MEAS. OFF
[19:08:36] : 측정요구 ON 2
[19:08:44] : 측정요구 2OFF
[19:08:44] : 21,20190118-190844,AL19011232973,,OK,MAX,1,2,AUTO,0.10,7.00,2.53,OK,0.10,7.00,1.51,OK,
[19:08:56] : Cycle start ON
[19:08:56] : Cycle start OFF
[19:08:56] : 측정요구3 ON
[19:09:03] : 측정요구3 OFF
[19:09:03] : 측정요구4 ON
[19:09:11] : 측정요구4 OFF
[19:09:11] : 21,20190118-190911,AL19011232693,,OK,MAX,2,1,AUTO,0.10,7.00,0.70,OK,0.10,7.00,0.22,OK,
[19:09:20] : Cycle start ON
[19:09:20] : Cycle start OFF
[19:09:20] : REQUEST MEAS. ON
[19:09:27] : REQUEST MEAS. OFF
[19:09:27] : 측정요구 ON 2
[19:09:35] : 측정요구 2OFF
[19:09:35] : 21,20190118-190935,AL19011232803,,OK,MAX,1,1,AUTO,0.10,7.00,0.90,OK,0.10,7.00,0.60,OK,
[19:09:51] : Cycle start ON
[19:09:51] : Cycle start OFF
[19:09:51] : 측정요구3 ON
[19:09:58] : 측정요구3 OFF
[19:09:58] : 측정요구4 ON
[19:10:06] : 측정요구4 OFF
[19:10:06] : 21,20190118-191006,AL19011232953,,OK,MAX,2,2,AUTO,0.10,7.00,2.98,OK,0.10,7.00,1.92,OK,
[19:10:17] : Cycle start ON
[19:10:17] : Cycle start OFF
[19:10:17] : REQUEST MEAS. ON
[19:10:24] : REQUEST MEAS. OFF
[19:10:24] : 측정요구 ON 2
[19:10:31] : 측정요구 2OFF
[19:10:31] : 21,20190118-191032,AL19011232963,,OK,MAX,1,2,AUTO,0.10,7.00,2.43,OK,0.10,7.00,2.00,OK,
[19:10:46] : Cycle start ON
[19:10:46] : Cycle start OFF
[19:10:46] : 측정요구3 ON
[19:10:53] : 측정요구3 OFF
[19:10:53] : 측정요구4 ON
[19:11:00] : 측정요구4 OFF
[19:11:00] : 21,20190118-191101,AL19011232983,,OK,MAX,2,2,AUTO,0.10,7.00,3.28,OK,0.10,7.00,2.21,OK,
[19:11:13] : Cycle start ON
[19:11:13] : Cycle start OFF
[19:11:13] : REQUEST MEAS. ON
[19:11:20] : REQUEST MEAS. OFF
[19:11:20] : 측정요구 ON 2
[19:11:27] : 측정요구 2OFF
[19:11:27] : 21,20190118-191128,AL19011232863,,OK,MAX,1,2,AUTO,0.10,7.00,3.12,OK,0.10,7.00,2.42,OK,
[19:11:40] : Cycle start ON
[19:11:40] : Cycle start OFF
[19:11:40] : 측정요구3 ON
[19:11:47] : 측정요구3 OFF
[19:11:47] : 측정요구4 ON
[19:11:55] : 측정요구4 OFF
[19:11:55] : 21,20190118-191155,AL19011232813,,OK,MAX,2,1,AUTO,0.10,7.00,0.81,OK,0.10,7.00,0.18,OK,
[19:12:47] : AUTO RUNNING OFF
[19:12:47] : MEAS ESC ON
[19:12:48] : MEAS ESC OFF
[19:12:48] : AUTO RUNNING ON
[19:14:19] : Cycle start ON
[19:14:19] : Cycle start OFF
[19:14:19] : REQUEST MEAS. ON
[19:14:26] : REQUEST MEAS. OFF
[19:14:26] : 측정요구 ON 2
[19:14:34] : 측정요구 2OFF
[19:14:34] : 21,20190118-191434,AL19011233413,,OK,MAX,1,1,AUTO,0.10,7.00,1.03,OK,0.10,7.00,0.70,OK,
[19:14:42] : Cycle start ON
[19:14:43] : Cycle start OFF
[19:14:43] : 측정요구3 ON
[19:14:49] : 측정요구3 OFF
[19:14:49] : 측정요구4 ON
[19:14:57] : 측정요구4 OFF
[19:14:57] : 21,20190118-191457,AL19011233423,,OK,MAX,2,2,AUTO,0.10,7.00,2.48,OK,0.10,7.00,1.42,OK,
[19:15:22] : Cycle start ON
[19:15:23] : Cycle start OFF
[19:15:23] : REQUEST MEAS. ON
[19:15:29] : REQUEST MEAS. OFF
[19:15:30] : 측정요구 ON 2
[19:15:38] : 측정요구 2OFF
[19:15:38] : 21,20190118-191538,AL19011233433,,OK,MAX,1,1,AUTO,0.10,7.00,0.81,OK,0.10,7.00,0.50,OK,
[19:15:46] : Cycle start ON
[19:15:46] : Cycle start OFF
[19:15:46] : 측정요구3 ON
[19:15:53] : 측정요구3 OFF
[19:15:53] : 측정요구4 ON
[19:16:00] : 측정요구4 OFF
[19:16:00] : 21,20190118-191601,AL19011233443,,OK,MAX,2,3,AUTO,0.10,7.00,3.78,OK,0.10,7.00,3.12,OK,
[19:16:17] : Cycle start ON
[19:16:17] : Cycle start OFF
[19:16:17] : REQUEST MEAS. ON
[19:16:24] : REQUEST MEAS. OFF
[19:16:24] : 측정요구 ON 2
[19:16:31] : 측정요구 2OFF
[19:16:31] : 21,20190118-191632,AL19011233453,,OK,MAX,1,2,AUTO,0.10,7.00,1.81,OK,0.10,7.00,0.79,OK,
[19:16:45] : Cycle start ON
[19:16:46] : Cycle start OFF
[19:16:46] : 측정요구3 ON
[19:16:52] : 측정요구3 OFF
[19:16:52] : 측정요구4 ON
[19:17:00] : 측정요구4 OFF
[19:17:00] : 21,20190118-191700,,,OK,MAX,2,1,AUTO,0.10,7.00,0.70,OK,0.10,7.00,0.12,OK,
[19:17:10] : Cycle start ON
[19:17:11] : Cycle start OFF
[19:17:11] : REQUEST MEAS. ON
[19:17:17] : REQUEST MEAS. OFF
[19:17:17] : 측정요구 ON 2
[19:17:25] : 측정요구 2OFF
[19:17:25] : 21,20190118-191725,AL19011233393,,OK,MAX,1,2,AUTO,0.10,7.00,2.83,OK,0.10,7.00,1.71,OK,
[19:17:39] : Cycle start ON
[19:17:39] : Cycle start OFF
[19:17:39] : 측정요구3 ON
[19:17:46] : 측정요구3 OFF
[19:17:46] : 측정요구4 ON
[19:17:53] : 측정요구4 OFF
[19:17:53] : 21,20190118-191753,AL19011233383,,NG,MAX,2,1,AUTO,0.10,7.00,0.71,OK,0.10,7.00,0.10,NG,
[19:19:34] : Cycle start ON
[19:19:34] : Cycle start OFF
[19:19:34] : REQUEST MEAS. ON
[19:19:41] : REQUEST MEAS. OFF
[19:19:41] : 측정요구 ON 2
[19:19:48] : 측정요구 2OFF
[19:19:48] : 21,20190118-191949,AL19011233373,,OK,MAX,1,2,AUTO,0.10,7.00,2.53,OK,0.10,7.00,1.51,OK,
[19:19:48] : Cycle start ON
[19:19:50] : Cycle start OFF
[19:19:50] : 측정요구3 ON
[19:19:56] : 측정요구3 OFF
[19:19:57] : 측정요구4 ON
[19:20:04] : 측정요구4 OFF
[19:20:04] : 21,20190118-192004,AL19011233363,,OK,MAX,2,2,AUTO,0.10,7.00,3.48,OK,0.10,7.00,2.62,OK,
[19:20:22] : Cycle start ON
[19:20:22] : Cycle start OFF
[19:20:22] : REQUEST MEAS. ON
[19:20:29] : REQUEST MEAS. OFF
[19:20:29] : 측정요구 ON 2
[19:20:37] : 측정요구 2OFF
[19:20:37] : 21,20190118-192037,AL19011234123,,OK,MAX,1,3,AUTO,0.10,7.00,3.72,OK,0.10,7.00,2.92,OK,
[19:20:48] : Cycle start ON
[19:20:48] : Cycle start OFF
[19:20:48] : 측정요구3 ON
[19:20:55] : 측정요구3 OFF
[19:20:55] : 측정요구4 ON
[19:21:03] : 측정요구4 OFF
[19:21:03] : 21,20190118-192103,AL19011234133,,OK,MAX,2,3,AUTO,0.10,7.00,4.09,OK,0.10,7.00,2.82,OK,
[19:21:18] : Cycle start ON
[19:21:18] : Cycle start OFF
[19:21:18] : REQUEST MEAS. ON
[19:21:25] : REQUEST MEAS. OFF
[19:21:25] : 측정요구 ON 2
[19:21:32] : 측정요구 2OFF
[19:21:32] : 21,20190118-192133,AL19011234143,,OK,MAX,1,1,AUTO,0.10,7.00,0.61,OK,0.10,7.00,0.21,OK,
[19:21:42] : Cycle start ON
[19:21:43] : Cycle start OFF
[19:21:43] : 측정요구3 ON
[19:21:49] : 측정요구3 OFF
[19:21:49] : 측정요구4 ON
[19:21:57] : 측정요구4 OFF
[19:21:57] : 21,20190118-192157,AL19011234063,,OK,MAX,2,2,AUTO,0.10,7.00,2.69,OK,0.10,7.00,1.82,OK,
[19:22:12] : Cycle start ON
[19:22:13] : Cycle start OFF
[19:22:13] : REQUEST MEAS. ON
[19:22:19] : REQUEST MEAS. OFF
[19:22:19] : 측정요구 ON 2
[19:22:27] : 측정요구 2OFF
[19:22:27] : 21,20190118-192228,AL19011234153,,OK,MAX,1,2,AUTO,0.10,7.00,1.92,OK,0.10,7.00,1.10,OK,
[19:22:38] : Cycle start ON
[19:22:38] : Cycle start OFF
[19:22:38] : 측정요구3 ON
[19:22:45] : 측정요구3 OFF
[19:22:45] : 측정요구4 ON
[19:22:52] : 측정요구4 OFF
[19:22:52] : 21,20190118-192252,AL19011234113,,OK,MAX,2,1,AUTO,0.10,7.00,0.90,OK,0.10,7.00,0.40,OK,
[19:23:09] : Cycle start ON
[19:23:10] : Cycle start OFF
[19:23:10] : REQUEST MEAS. ON
[19:23:16] : REQUEST MEAS. OFF
[19:23:16] : 측정요구 ON 2
[19:23:23] : 측정요구 2OFF
[19:23:23] : 21,20190118-192324,AL19011234103,,OK,MAX,1,1,AUTO,0.10,7.00,0.61,OK,0.10,7.00,0.39,OK,
[19:23:32] : Cycle start ON
[19:23:32] : Cycle start OFF
[19:23:32] : 측정요구3 ON
[19:23:39] : 측정요구3 OFF
[19:23:39] : 측정요구4 ON
[19:23:46] : 측정요구4 OFF
[19:23:46] : 21,20190118-192347,AL19011234093,,OK,MAX,2,1,AUTO,0.10,7.00,0.29,OK,0.10,7.00,0.20,OK,
[19:24:04] : Cycle start ON
[19:24:04] : Cycle start OFF
[19:24:04] : REQUEST MEAS. ON
[19:24:11] : REQUEST MEAS. OFF
[19:24:11] : 측정요구 ON 2
[19:24:19] : 측정요구 2OFF
[19:24:19] : 21,20190118-192419,AL19011234083,,OK,MAX,1,2,AUTO,0.10,7.00,2.26,OK,0.10,7.00,1.61,OK,
[19:24:27] : Cycle start ON
[19:24:27] : Cycle start OFF
[19:24:27] : 측정요구3 ON
[19:24:34] : 측정요구3 OFF
[19:24:34] : 측정요구4 ON
[19:24:42] : 측정요구4 OFF
[19:24:42] : 21,20190118-192442,AL19011234073,,OK,MAX,2,2,AUTO,0.10,7.00,3.38,OK,0.10,7.00,2.92,OK,
[19:25:00] : Cycle start ON
[19:25:01] : Cycle start OFF
[19:25:01] : REQUEST MEAS. ON
[19:25:07] : REQUEST MEAS. OFF
[19:25:07] : 측정요구 ON 2
[19:25:15] : 측정요구 2OFF
[19:25:15] : 21,20190118-192516,AL19011233033,,OK,MAX,1,1,AUTO,0.10,7.00,1.40,OK,0.10,7.00,0.90,OK,
[19:25:22] : Cycle start ON
[19:25:23] : Cycle start OFF
[19:25:23] : 측정요구3 ON
[19:25:29] : 측정요구3 OFF
[19:25:29] : 측정요구4 ON
[19:25:37] : 측정요구4 OFF
[19:25:37] : 21,20190118-192537,AL19011233023,,OK,MAX,2,3,AUTO,0.10,7.00,4.59,OK,0.10,7.00,2.82,OK,
[19:25:51] : Cycle start ON
[19:25:51] : Cycle start OFF
[19:25:51] : REQUEST MEAS. ON
[19:25:58] : REQUEST MEAS. OFF
[19:25:58] : 측정요구 ON 2
[19:26:06] : 측정요구 2OFF
[19:26:06] : 21,20190118-192606,AL19011233093,,OK,MAX,1,2,AUTO,0.10,7.00,3.22,OK,0.10,7.00,2.21,OK,
[19:26:53] : Cycle start ON
[19:26:53] : Cycle start OFF
[19:26:53] : REQUEST MEAS. ON
[19:27:00] : REQUEST MEAS. OFF
[19:27:00] : 측정요구 ON 2
[19:27:08] : 측정요구 2OFF
[19:27:08] : 21,20190118-192708,AL19011233523,,OK,MAX,1,2,AUTO,0.10,7.00,2.03,OK,0.10,7.00,1.31,OK,
[19:27:48] : Cycle start ON
[19:27:49] : Cycle start OFF
[19:27:49] : 측정요구3 ON
[19:27:55] : 측정요구3 OFF
[19:27:55] : 측정요구4 ON
[19:28:03] : 측정요구4 OFF
[19:28:03] : 21,20190118-192804,AL19011233053,,OK,MAX,2,1,AUTO,0.10,7.00,0.92,OK,0.10,7.00,0.40,OK,
[19:28:05] : Cycle start ON
[19:28:05] : Cycle start OFF
[19:28:05] : REQUEST MEAS. ON
[19:28:12] : REQUEST MEAS. OFF
[19:28:12] : 측정요구 ON 2
[19:28:19] : 측정요구 2OFF
[19:28:19] : 21,20190118-192820,AL19011233043,,OK,MAX,1,2,AUTO,0.10,7.00,3.06,OK,0.10,7.00,1.92,OK,
[19:28:49] : Cycle start ON
[19:28:49] : Cycle start OFF
[19:28:49] : 측정요구3 ON
[19:28:56] : 측정요구3 OFF
[19:28:56] : 측정요구4 ON
[19:29:03] : 측정요구4 OFF
[19:29:03] : 21,20190118-192904,AL19011233063,,OK,MAX,2,2,AUTO,0.10,7.00,1.81,OK,0.10,7.00,0.50,OK,
[19:29:05] : Cycle start ON
[19:29:05] : Cycle start OFF
[19:29:05] : REQUEST MEAS. ON
[19:29:12] : REQUEST MEAS. OFF
[19:29:12] : 측정요구 ON 2
[19:29:19] : 측정요구 2OFF
[19:29:19] : 21,20190118-192920,AL19011233073,,OK,MAX,1,2,AUTO,0.10,7.00,3.32,OK,0.10,7.00,2.11,OK,
[19:29:44] : Cycle start ON
[19:29:45] : Cycle start OFF
[19:29:45] : 측정요구3 ON
[19:29:51] : 측정요구3 OFF
[19:29:51] : 측정요구4 ON
[19:29:59] : 측정요구4 OFF
[19:29:59] : 21,20190118-192959,AL19011233083,,OK,MAX,2,2,AUTO,0.10,7.00,2.69,OK,0.10,7.00,1.32,OK,
[19:29:59] : Cycle start ON
[19:30:00] : Cycle start OFF
[19:30:00] : REQUEST MEAS. ON
[19:30:06] : REQUEST MEAS. OFF
[19:30:07] : 측정요구 ON 2
[19:30:14] : 측정요구 2OFF
[19:30:14] : 21,20190118-193015,AL19011232333,,OK,MAX,1,2,AUTO,0.10,7.00,2.32,OK,0.10,7.00,1.42,OK,
[19:30:40] : Cycle start ON
[19:30:40] : Cycle start OFF
[19:30:40] : 측정요구3 ON
[19:30:47] : 측정요구3 OFF
[19:30:47] : 측정요구4 ON
[19:30:54] : 측정요구4 OFF
[19:30:54] : 21,20190118-193055,AL19011232323,,OK,MAX,2,2,AUTO,0.10,7.00,2.59,OK,0.10,7.00,1.42,OK,
[19:30:56] : Cycle start ON
[19:30:56] : Cycle start OFF
[19:30:56] : REQUEST MEAS. ON
[19:31:03] : REQUEST MEAS. OFF
[19:31:03] : 측정요구 ON 2
[19:31:10] : 측정요구 2OFF
[19:31:10] : 21,20190118-193110,AL19011232303,,OK,MAX,1,3,AUTO,0.10,7.00,5.31,OK,0.10,7.00,5.02,OK,
[19:31:36] : Cycle start ON
[19:31:36] : Cycle start OFF
[19:31:36] : 측정요구3 ON
[19:31:43] : 측정요구3 OFF
[19:31:43] : 측정요구4 ON
[19:31:48] : Cycle start ON
[19:31:49] : Cycle start OFF
[19:31:50] : 측정요구4 OFF
[19:31:50] : 21,20190118-193150,AL19011232293,,OK,MAX,2,2,AUTO,0.10,7.00,1.60,OK,0.10,7.00,1.01,OK,
[19:31:50] : REQUEST MEAS. ON
[19:31:57] : REQUEST MEAS. OFF
[19:31:57] : 측정요구 ON 2
[19:32:05] : 측정요구 2OFF
[19:32:05] : 21,20190118-193205,AL19011232283,,OK,MAX,1,2,AUTO,0.10,7.00,2.92,OK,0.10,7.00,2.39,OK,
[19:32:29] : Cycle start ON
[19:32:30] : Cycle start OFF
[19:32:30] : 측정요구3 ON
[19:32:36] : 측정요구3 OFF
[19:32:37] : 측정요구4 ON
[19:32:44] : 측정요구4 OFF
[19:32:44] : 21,20190118-193245,AL19011232343,,OK,MAX,2,3,AUTO,0.10,7.00,5.80,OK,0.10,7.00,4.93,OK,
[19:32:46] : Cycle start ON
[19:32:46] : Cycle start OFF
[19:32:46] : REQUEST MEAS. ON
[19:32:53] : REQUEST MEAS. OFF
[19:32:53] : 측정요구 ON 2
[19:33:00] : 측정요구 2OFF
[19:33:00] : 21,20190118-193301,AL19011232353,,OK,MAX,1,3,AUTO,0.10,7.00,4.11,OK,0.10,7.00,2.82,OK,
[19:33:25] : Cycle start ON
[19:33:26] : Cycle start OFF
[19:33:26] : 측정요구3 ON
[19:33:32] : 측정요구3 OFF
[19:33:32] : 측정요구4 ON
[19:33:39] : 측정요구4 OFF
[19:33:39] : 21,20190118-193340,AL19011232363,,OK,MAX,2,3,AUTO,0.10,7.00,6.09,OK,0.10,7.00,5.03,OK,
[19:33:39] : Cycle start ON
[19:33:41] : Cycle start OFF
[19:33:41] : REQUEST MEAS. ON
[19:33:47] : REQUEST MEAS. OFF
[19:33:47] : 측정요구 ON 2
[19:33:55] : 측정요구 2OFF
[19:33:55] : 21,20190118-193356,AL19011232373,,OK,MAX,1,2,AUTO,0.10,7.00,2.72,OK,0.10,7.00,1.61,OK,
[19:34:21] : Cycle start ON
[19:34:21] : Cycle start OFF
[19:34:21] : 측정요구3 ON
[19:34:28] : 측정요구3 OFF
[19:34:28] : 측정요구4 ON
[19:34:35] : 측정요구4 OFF
[19:34:35] : 21,20190118-193435,AL19011232383,,OK,MAX,2,3,AUTO,0.10,7.00,3.78,OK,0.10,7.00,2.82,OK,
[19:34:35] : Cycle start ON
[19:34:37] : Cycle start OFF
[19:34:37] : REQUEST MEAS. ON
[19:34:43] : REQUEST MEAS. OFF
[19:34:43] : 측정요구 ON 2
[19:34:50] : 측정요구 2OFF
[19:34:50] : 21,20190118-193451,AL19011231463,,OK,MAX,1,1,AUTO,0.10,7.00,0.81,OK,0.10,7.00,0.31,OK,
[19:35:17] : Cycle start ON
[19:35:18] : Cycle start OFF
[19:35:18] : 측정요구3 ON
[19:35:24] : 측정요구3 OFF
[19:35:24] : 측정요구4 ON
[19:35:29] : Cycle start ON
[19:35:29] : Cycle start OFF
[19:35:32] : 측정요구4 OFF
[19:35:32] : 21,20190118-193532,AL19011231483,,OK,MAX,2,3,AUTO,0.10,7.00,5.29,OK,0.10,7.00,3.72,OK,
[19:35:32] : REQUEST MEAS. ON
[19:35:39] : REQUEST MEAS. OFF
[19:35:39] : 측정요구 ON 2
[19:35:47] : 측정요구 2OFF
[19:35:47] : 21,20190118-193547,AL19011231473,,OK,MAX,1,3,AUTO,0.10,7.00,4.63,OK,0.10,7.00,3.50,OK,
[19:36:14] : Cycle start ON
[19:36:15] : Cycle start OFF
[19:36:15] : 측정요구3 ON
[19:36:22] : 측정요구3 OFF
[19:36:22] : 측정요구4 ON
[19:36:27] : Cycle start ON
[19:36:27] : Cycle start OFF
[19:36:29] : 측정요구4 OFF
[19:36:29] : 21,20190118-193630,AL19011231403,,OK,MAX,2,2,AUTO,0.10,7.00,2.59,OK,0.10,7.00,1.11,OK,
[19:36:29] : REQUEST MEAS. ON
[19:36:37] : REQUEST MEAS. OFF
[19:36:37] : 측정요구 ON 2
[19:36:44] : 측정요구 2OFF
[19:36:44] : 21,20190118-193645,AL19011234333,,OK,MAX,1,3,AUTO,0.10,7.00,5.43,OK,0.10,7.00,4.41,OK,
[19:37:12] : Cycle start ON
[19:37:13] : Cycle start OFF
[19:37:13] : 측정요구3 ON
[19:37:19] : 측정요구3 OFF
[19:37:19] : 측정요구4 ON
[19:37:25] : Cycle start ON
[19:37:25] : Cycle start OFF
[19:37:27] : 측정요구4 OFF
[19:37:27] : 21,20190118-193727,AL19011231453,,OK,MAX,2,2,AUTO,0.10,7.00,1.60,OK,0.10,7.00,0.71,OK,
[19:37:27] : REQUEST MEAS. ON
[19:37:34] : REQUEST MEAS. OFF
[19:37:34] : 측정요구 ON 2
[19:37:41] : 측정요구 2OFF
[19:37:41] : 21,20190118-193742,AL19011231443,,OK,MAX,1,3,AUTO,0.10,7.00,4.13,OK,0.10,7.00,2.92,OK,
[19:38:08] : Cycle start ON
[19:38:09] : Cycle start OFF
[19:38:09] : 측정요구3 ON
[19:38:15] : 측정요구3 OFF
[19:38:15] : 측정요구4 ON
[19:38:22] : Cycle start ON
[19:38:23] : Cycle start OFF
[19:38:23] : 측정요구4 OFF
[19:38:23] : 21,20190118-193823,AL19011231433,,OK,MAX,2,2,AUTO,0.10,7.00,3.17,OK,0.10,7.00,2.01,OK,
[19:38:23] : REQUEST MEAS. ON
[19:38:30] : REQUEST MEAS. OFF
[19:38:30] : 측정요구 ON 2
[19:38:38] : 측정요구 2OFF
[19:38:38] : 21,20190118-193838,AL19011231423,,OK,MAX,1,1,AUTO,0.10,7.00,0.51,OK,0.10,7.00,0.49,OK,
[19:39:05] : Cycle start ON
[19:39:05] : Cycle start OFF
[19:39:05] : 측정요구3 ON
[19:39:12] : 측정요구3 OFF
[19:39:12] : 측정요구4 ON
[19:39:20] : 측정요구4 OFF
[19:39:20] : 21,20190118-193921,AL19011232063,,OK,MAX,2,2,AUTO,0.10,7.00,2.39,OK,0.10,7.00,1.72,OK,
[19:42:20] : Cycle start ON
[19:42:20] : Cycle start OFF
[19:42:20] : REQUEST MEAS. ON
[19:42:27] : REQUEST MEAS. OFF
[19:42:27] : 측정요구 ON 2
[19:42:34] : 측정요구 2OFF
[19:42:34] : 21,20190118-194234,AL19011230281,,OK,MAX,1,2,AUTO,0.10,7.00,2.97,OK,0.10,7.00,2.21,OK,
[19:42:43] : Cycle start ON
[19:42:44] : Cycle start OFF
[19:42:44] : 측정요구3 ON
[19:42:50] : 측정요구3 OFF
[19:42:50] : 측정요구4 ON
[19:42:58] : 측정요구4 OFF
[19:42:58] : 21,20190118-194259,AL19011230291,,OK,MAX,2,3,AUTO,0.10,7.00,4.59,OK,0.10,7.00,3.43,OK,
[19:43:19] : Cycle start ON
[19:43:20] : Cycle start OFF
[19:43:20] : REQUEST MEAS. ON
[19:43:26] : REQUEST MEAS. OFF
[19:43:26] : 측정요구 ON 2
[19:43:34] : 측정요구 2OFF
[19:43:34] : 21,20190118-194334,AL19011230301,,OK,MAX,1,2,AUTO,0.10,7.00,2.22,OK,0.10,7.00,1.20,OK,
[19:43:42] : Cycle start ON
[19:43:43] : Cycle start OFF
[19:43:43] : 측정요구3 ON
[19:43:50] : 측정요구3 OFF
[19:43:50] : 측정요구4 ON
[19:43:57] : 측정요구4 OFF
[19:43:57] : 21,20190118-194358,AL19011230311,,OK,MAX,2,2,AUTO,0.10,7.00,2.49,OK,0.10,7.00,1.22,OK,
[19:44:14] : Cycle start ON
[19:44:15] : Cycle start OFF
[19:44:15] : REQUEST MEAS. ON
[19:44:21] : REQUEST MEAS. OFF
[19:44:22] : 측정요구 ON 2
[19:44:29] : 측정요구 2OFF
[19:44:29] : 21,20190118-194429,AL19011230321,,OK,MAX,1,2,AUTO,0.10,7.00,3.22,OK,0.10,7.00,1.71,OK,
[19:44:39] : Cycle start ON
[19:44:39] : Cycle start OFF
[19:44:39] : 측정요구3 ON
[19:44:46] : 측정요구3 OFF
[19:44:46] : 측정요구4 ON
[19:44:54] : 측정요구4 OFF
[19:44:54] : 21,20190118-194454,AL19011230271,,OK,MAX,2,2,AUTO,0.10,7.00,3.17,OK,0.10,7.00,1.82,OK,
[19:45:50] : Cycle start ON
[19:45:50] : Cycle start OFF
[19:45:50] : REQUEST MEAS. ON
[19:45:57] : REQUEST MEAS. OFF
[19:45:57] : 측정요구 ON 2
[19:46:05] : 측정요구 2OFF
[19:46:05] : 21,20190118-194605,AL19011230261,,OK,MAX,1,2,AUTO,0.10,7.00,3.22,OK,0.10,7.00,2.11,OK,
[19:46:11] : Cycle start ON
[19:46:12] : Cycle start OFF
[19:46:12] : 측정요구3 ON
[19:46:18] : 측정요구3 OFF
[19:46:18] : 측정요구4 ON
[19:46:26] : 측정요구4 OFF
[19:46:26] : 21,20190118-194627,AL19011230251,,OK,MAX,2,1,AUTO,0.10,7.00,0.70,OK,0.10,7.00,0.20,OK,
[19:46:49] : Cycle start ON
[19:46:50] : Cycle start OFF
[19:46:50] : REQUEST MEAS. ON
[19:46:56] : REQUEST MEAS. OFF
[19:46:56] : 측정요구 ON 2
[19:47:04] : 측정요구 2OFF
[19:47:04] : 21,20190118-194704,AL19011230241,,OK,MAX,1,1,AUTO,0.10,7.00,0.90,OK,0.10,7.00,0.39,OK,
[19:47:08] : Cycle start ON
[19:47:08] : Cycle start OFF
[19:47:08] : 측정요구3 ON
[19:47:15] : 측정요구3 OFF
[19:47:15] : 측정요구4 ON
[19:47:23] : 측정요구4 OFF
[19:47:23] : 21,20190118-194723,AL19011230501,,OK,MAX,2,3,AUTO,0.10,7.00,4.09,OK,0.10,7.00,3.12,OK,
[19:50:51] : AUTO RUNNING OFF
 
