[11:24:51] : PROGRAM END
 
[12:13:27] : PROGRAM START
[12:13:46] : AUTO RUNNING OFF
[12:13:46] : REQUEST MEAS. OFF
[12:13:46] : REQUEST ZEROSET OFF
[12:13:46] : REQUEST ZEROSET OFF
[12:13:49] : PROGRAM END
 
[12:18:21] : PROGRAM START
[12:18:36] : AUTO RUNNING OFF
[12:18:36] : REQUEST MEAS. OFF
[12:18:36] : REQUEST ZEROSET OFF
[12:18:36] : REQUEST ZEROSET OFF
[13:59:53] : MEAS ESC ON
[14:00:56] : MEAS ESC OFF
[14:00:56] : AUTO RUNNING ON
[14:10:39] : AUTO RUNNING OFF
[14:22:31] : MEAS ESC ON
[14:22:33] : MEAS ESC OFF
[14:22:33] : AUTO RUNNING ON
[14:30:38] : AUTO RUNNING OFF
[14:37:55] : MEAS ESC ON
[14:37:55] : MEAS ESC OFF
[14:37:55] : AUTO RUNNING ON
[14:38:01] : AUTO RUNNING OFF
[14:38:32] : MEAS ESC ON
[14:38:32] : MEAS ESC OFF
[14:38:32] : AUTO RUNNING ON
[14:49:19] : AUTO RUNNING OFF
[14:49:54] : MEAS ESC ON
[14:49:54] : MEAS ESC OFF
[14:49:54] : AUTO RUNNING ON
[14:54:48] : AUTO RUNNING OFF
[14:54:49] : MEAS ESC ON
[14:54:50] : MEAS ESC OFF
[14:54:50] : AUTO RUNNING ON
[15:37:37] : AUTO RUNNING OFF
[15:37:39] : MEAS ESC ON
[15:37:39] : MEAS ESC OFF
[15:37:39] : AUTO RUNNING ON
[15:37:52] : Cycle start ON
[15:37:52] : Cycle start OFF
[15:37:52] : REQUEST MEAS. ON
[15:37:59] : REQUEST MEAS. OFF
[15:37:59] : 측정요구 ON 2
[15:38:06] : 측정요구 2OFF
[15:38:06] : 21,20190128-153806,CF18112052751,CF 18112010731,OK,MAX,1,3,AUTO,0.60,7.00,2.72,OK,0.60,7.00,3.52,OK,
[15:39:21] : Cycle start ON
[15:39:21] : Cycle start OFF
[15:39:21] : 측정요구3 ON
[15:39:28] : 측정요구3 OFF
[15:39:28] : 측정요구4 ON
[15:39:35] : 측정요구4 OFF
[15:39:35] : 21,20190128-153936,CF18112053901,CF 18112010731,OK,MAX,2,3,AUTO,0.60,7.00,3.31,OK,0.60,7.00,2.39,OK,
[15:39:57] : AUTO RUNNING OFF
[15:40:28] : MEAS ESC ON
[15:40:29] : MEAS ESC OFF
[15:40:29] : AUTO RUNNING ON
[15:41:57] : Cycle start ON
[15:41:58] : Cycle start OFF
[15:41:58] : REQUEST MEAS. ON
[15:42:04] : REQUEST MEAS. OFF
[15:42:04] : 측정요구 ON 2
[15:42:12] : 측정요구 2OFF
[15:42:12] : 21,20190128-154212,CF18112053701,CF 18112010731,OK,MAX,1,2,AUTO,0.60,7.00,1.90,OK,0.60,7.00,1.41,OK,
[15:42:21] : Cycle start ON
[15:42:22] : Cycle start OFF
[15:42:22] : 측정요구3 ON
[15:42:28] : 측정요구3 OFF
[15:42:28] : 측정요구4 ON
[15:42:36] : 측정요구4 OFF
[15:42:36] : 21,20190128-154237,CF18112052131,CF 18112010731,OK,MAX,2,3,AUTO,0.60,7.00,3.38,OK,0.60,7.00,2.89,OK,
[15:42:51] : Cycle start ON
[15:42:52] : Cycle start OFF
[15:42:52] : REQUEST MEAS. ON
[15:42:58] : REQUEST MEAS. OFF
[15:42:58] : 측정요구 ON 2
[15:43:06] : 측정요구 2OFF
[15:43:06] : 21,20190128-154306,CF18112052931,CF 18112010731,OK,MAX,1,3,AUTO,0.60,7.00,2.81,OK,0.60,7.00,3.52,OK,
[15:43:45] : Cycle start ON
[15:43:46] : Cycle start OFF
[15:43:46] : REQUEST MEAS. ON
[15:43:52] : REQUEST MEAS. OFF
[15:43:52] : 측정요구 ON 2
[15:44:00] : 측정요구 2OFF
[15:44:00] : 21,20190128-154400,CF18112052811,CF 18112010731,OK,MAX,1,3,AUTO,0.60,7.00,2.66,OK,0.60,7.00,3.52,OK,
[15:44:48] : Cycle start ON
[15:44:48] : Cycle start OFF
[15:44:48] : 측정요구3 ON
[15:44:55] : 측정요구3 OFF
[15:44:55] : 측정요구4 ON
[15:45:02] : 측정요구4 OFF
[15:45:02] : 21,20190128-154503,CF18112051581,CF 18112010731,OK,MAX,2,3,AUTO,0.60,7.00,2.22,OK,0.60,7.00,3.20,OK,
[15:45:10] : Cycle start ON
[15:45:11] : Cycle start OFF
[15:45:11] : REQUEST MEAS. ON
[15:45:18] : REQUEST MEAS. OFF
[15:45:18] : 측정요구 ON 2
[15:45:25] : 측정요구 2OFF
[15:45:25] : 21,20190128-154525,CF18112053841,CF 18112010731,OK,MAX,1,3,AUTO,0.60,7.00,4.22,OK,0.60,7.00,3.22,OK,
[15:45:42] : Cycle start ON
[15:45:43] : 측정요구3 ON
[15:45:43] : Cycle start OFF
[15:45:49] : 측정요구3 OFF
[15:45:49] : 측정요구4 ON
[15:45:57] : 측정요구4 OFF
[15:45:57] : 21,20190128-154558,CF18112053581,CF 18112010731,OK,MAX,2,2,AUTO,0.60,7.00,2.12,OK,0.60,7.00,2.19,OK,
[15:50:25] : AUTO RUNNING OFF
[15:51:47] : MEAS ESC ON
[15:51:48] : MEAS ESC OFF
[15:51:48] : AUTO RUNNING ON
[15:52:22] : Cycle start ON
[15:52:23] : Cycle start OFF
[15:52:23] : REQUEST MEAS. ON
[15:52:29] : REQUEST MEAS. OFF
[15:52:29] : 측정요구 ON 2
[15:52:37] : 측정요구 2OFF
[15:52:37] : 21,20190128-155237,CF18112052231,CF 18112010731,OK,MAX,1,2,AUTO,0.60,7.00,2.11,OK,0.60,7.00,1.81,OK,
[15:52:53] : AUTO RUNNING OFF
[15:54:53] : MEAS ESC ON
[15:54:53] : MEAS ESC OFF
[15:54:53] : AUTO RUNNING ON
[15:55:41] : Cycle start ON
[15:55:42] : Cycle start OFF
[15:55:42] : 측정요구3 ON
[15:55:49] : 측정요구3 OFF
[15:55:49] : 측정요구4 ON
[15:55:56] : 측정요구4 OFF
[15:55:56] : 21,20190128-155557,CF18112053371,CF 18112010731,OK,MAX,2,3,AUTO,0.60,7.00,2.91,OK,0.60,7.00,3.88,OK,
[15:56:28] : Cycle start ON
[15:56:28] : Cycle start OFF
[15:56:28] : REQUEST MEAS. ON
[15:56:35] : REQUEST MEAS. OFF
[15:56:35] : 측정요구 ON 2
[15:56:43] : 측정요구 2OFF
[15:56:43] : 21,20190128-155643,CF18112053211,CF 18112010731,OK,MAX,1,3,AUTO,0.60,7.00,4.42,OK,0.60,7.00,4.61,OK,
[15:56:47] : Cycle start ON
[15:56:48] : Cycle start OFF
[15:56:48] : 측정요구3 ON
[15:56:54] : 측정요구3 OFF
[15:56:54] : 측정요구4 ON
[15:57:02] : 측정요구4 OFF
[15:57:02] : 21,20190128-155703,CF18112053271,CF 18112010731,OK,MAX,2,2,AUTO,0.60,7.00,1.93,OK,0.60,7.00,0.98,OK,
[15:57:17] : Cycle start ON
[15:57:17] : Cycle start OFF
[15:57:17] : REQUEST MEAS. ON
[15:57:24] : REQUEST MEAS. OFF
[15:57:24] : 측정요구 ON 2
[15:57:31] : 측정요구 2OFF
[15:57:31] : 21,20190128-155731,CF18112053721,CF 18112010731,OK,MAX,1,3,AUTO,0.60,7.00,3.11,OK,0.60,7.00,5.91,OK,
[15:57:45] : Cycle start ON
[15:57:45] : Cycle start OFF
[15:57:45] : 측정요구3 ON
[15:57:52] : 측정요구3 OFF
[15:57:52] : 측정요구4 ON
[15:58:00] : 측정요구4 OFF
[15:58:00] : 21,20190128-155800,CF18112052041,CF 18112010731,OK,MAX,2,3,AUTO,0.60,7.00,2.62,OK,0.60,7.00,3.09,OK,
[15:59:52] : Cycle start ON
[15:59:52] : Cycle start OFF
[15:59:52] : REQUEST MEAS. ON
[15:59:59] : REQUEST MEAS. OFF
[15:59:59] : 측정요구 ON 2
[16:00:07] : 측정요구 2OFF
[16:00:07] : 21,20190128-160007,CF18112053911,CF 18112010731,OK,MAX,1,2,AUTO,0.60,7.00,1.81,OK,0.60,7.00,2.42,OK,
[16:01:48] : Cycle start ON
[16:01:49] : Cycle start OFF
[16:01:49] : 측정요구3 ON
[16:01:55] : 측정요구3 OFF
[16:01:55] : 측정요구4 ON
[16:02:03] : 측정요구4 OFF
[16:02:03] : 21,20190128-160203,CF18112052551,CF 18112010731,OK,MAX,2,2,AUTO,0.60,7.00,2.81,OK,0.60,7.00,2.69,OK,
[16:02:05] : Cycle start ON
[16:02:05] : Cycle start OFF
[16:02:05] : REQUEST MEAS. ON
[16:02:12] : REQUEST MEAS. OFF
[16:02:12] : 측정요구 ON 2
[16:02:20] : 측정요구 2OFF
[16:02:20] : 21,20190128-160220,CF18112053451,CF 18112010731,OK,MAX,1,2,AUTO,0.60,7.00,2.32,OK,0.60,7.00,2.72,OK,
[16:03:44] : Cycle start ON
[16:03:45] : Cycle start OFF
[16:03:45] : REQUEST MEAS. ON
[16:03:51] : REQUEST MEAS. OFF
[16:03:51] : 측정요구 ON 2
[16:03:59] : 측정요구 2OFF
[16:03:59] : 21,20190128-160400,CF18112052081,CF 18112010731,OK,MAX,1,2,AUTO,0.60,7.00,2.51,OK,0.60,7.00,1.92,OK,
[16:04:06] : Cycle start ON
[16:04:06] : Cycle start OFF
[16:04:06] : 측정요구3 ON
[16:04:13] : 측정요구3 OFF
[16:04:13] : 측정요구4 ON
[16:04:20] : 측정요구4 OFF
[16:04:20] : 21,20190128-160421,CF18112052731,CF 18112010731,OK,MAX,2,2,AUTO,0.60,7.00,2.19,OK,0.60,7.00,2.28,OK,
[16:04:35] : Cycle start ON
[16:04:35] : Cycle start OFF
[16:04:35] : REQUEST MEAS. ON
[16:04:42] : REQUEST MEAS. OFF
[16:04:42] : 측정요구 ON 2
[16:04:49] : 측정요구 2OFF
[16:04:49] : 21,20190128-160449,CF18112052201,CF 18112010731,OK,MAX,1,2,AUTO,0.60,7.00,2.42,OK,0.60,7.00,1.72,OK,
[16:05:03] : Cycle start ON
[16:05:04] : Cycle start OFF
[16:05:04] : 측정요구3 ON
[16:05:10] : 측정요구3 OFF
[16:05:10] : 측정요구4 ON
[16:05:18] : 측정요구4 OFF
[16:05:18] : 21,20190128-160518,CF18112052541,CF 18112010731,OK,MAX,2,3,AUTO,0.60,7.00,3.41,OK,0.60,7.00,2.19,OK,
[16:08:40] : AUTO RUNNING OFF
[16:12:02] : MEAS ESC ON
[16:12:03] : MEAS ESC OFF
[16:12:03] : AUTO RUNNING ON
[16:15:46] : AUTO RUNNING OFF
[16:18:42] : MEAS ESC ON
[16:18:43] : MEAS ESC OFF
[16:18:43] : AUTO RUNNING ON
[16:19:05] : AUTO RUNNING OFF
[16:20:46] : MEAS ESC ON
[16:20:47] : MEAS ESC OFF
[16:20:47] : AUTO RUNNING ON
[16:21:54] : AUTO RUNNING OFF
[16:22:05] : MEAS ESC ON
[16:22:05] : MEAS ESC OFF
[16:22:05] : AUTO RUNNING ON
[16:22:36] : Cycle start ON
[16:22:36] : Cycle start OFF
[16:22:36] : REQUEST MEAS. ON
[16:22:43] : REQUEST MEAS. OFF
[16:22:43] : 측정요구 ON 2
[16:22:51] : 측정요구 2OFF
[16:22:51] : 21,20190128-162251,CF18112053621,CF 18112010731,OK,MAX,1,2,AUTO,0.60,7.00,2.92,OK,0.60,7.00,2.42,OK,
[16:23:46] : Cycle start ON
[16:23:46] : Cycle start OFF
[16:23:46] : 측정요구3 ON
[16:23:53] : 측정요구3 OFF
[16:23:53] : 측정요구4 ON
[16:24:00] : 측정요구4 OFF
[16:24:00] : 21,20190128-162401,CF18112053131,CF 18112010731,OK,MAX,2,3,AUTO,0.60,7.00,4.02,OK,0.60,7.00,5.19,OK,
[16:24:11] : Cycle start ON
[16:24:11] : Cycle start OFF
[16:24:11] : REQUEST MEAS. ON
[16:24:18] : REQUEST MEAS. OFF
[16:24:18] : 측정요구 ON 2
[16:24:25] : 측정요구 2OFF
[16:24:25] : 21,20190128-162426,CF18112052411,CF 18112010731,OK,MAX,1,2,AUTO,0.60,7.00,1.71,OK,0.60,7.00,1.82,OK,
[16:24:41] : Cycle start ON
[16:24:41] : Cycle start OFF
[16:24:41] : 측정요구3 ON
[16:24:48] : 측정요구3 OFF
[16:24:48] : 측정요구4 ON
[16:24:55] : 측정요구4 OFF
[16:24:55] : 21,20190128-162456,CF18112051931,CF 18112010731,OK,MAX,2,3,AUTO,0.60,7.00,2.91,OK,0.60,7.00,3.59,OK,
[18:31:47] : AUTO RUNNING OFF
[18:31:48] : MEAS ESC ON
[18:31:52] : MEAS ESC OFF
[18:31:52] : AUTO RUNNING ON
[19:04:27] : AUTO RUNNING OFF
[20:46:36] : MEAS ESC ON
[20:46:37] : MEAS ESC OFF
[20:46:37] : AUTO RUNNING ON
[20:48:03] : AUTO RUNNING OFF
[20:48:17] : MEAS ESC ON
[20:48:18] : MEAS ESC OFF
[20:48:18] : AUTO RUNNING ON
[20:48:51] : Cycle start ON
[20:48:51] : Cycle start OFF
[20:48:51] : REQUEST MEAS. ON
[20:48:58] : REQUEST MEAS. OFF
[20:48:58] : 측정요구 ON 2
[20:49:06] : 측정요구 2OFF
[20:49:06] : 21,20190128-204906,CF18112053751,CF 18112010731,OK,MAX,1,3,AUTO,0.60,7.00,3.83,OK,0.60,7.00,4.10,OK,
[20:49:48] : Cycle start ON
[20:49:49] : Cycle start OFF
[20:49:49] : 측정요구3 ON
[20:49:55] : 측정요구3 OFF
[20:49:55] : 측정요구4 ON
[20:50:02] : 측정요구4 OFF
[20:50:02] : 21,20190128-205003,CF18112052011,CF 18112010731,OK,MAX,2,2,AUTO,0.60,7.00,2.12,OK,0.60,7.00,2.28,OK,
[20:50:14] : AUTO RUNNING OFF
[20:50:58] : MEAS ESC ON
[20:51:13] : MEAS ESC OFF
[20:51:13] : AUTO RUNNING ON
[20:51:32] : Cycle start ON
[20:51:33] : Cycle start OFF
[20:51:33] : REQUEST MEAS. ON
[20:51:39] : REQUEST MEAS. OFF
[20:51:39] : 측정요구 ON 2
[20:51:47] : 측정요구 2OFF
[20:51:47] : 21,20190128-205147,CF18112053591,CF 18112010731,OK,MAX,1,2,AUTO,0.60,7.00,1.92,OK,0.60,7.00,1.92,OK,
[20:53:01] : Cycle start ON
[20:53:01] : Cycle start OFF
[20:53:01] : REQUEST MEAS. ON
[20:53:08] : REQUEST MEAS. OFF
[20:53:08] : 측정요구 ON 2
[20:53:16] : 측정요구 2OFF
[20:53:16] : 21,20190128-205316,CF18112053821,CF 18112010731,OK,MAX,1,2,AUTO,0.60,7.00,1.72,OK,0.60,7.00,1.81,OK,
[20:53:51] : Cycle start ON
[20:53:52] : Cycle start OFF
[20:53:52] : REQUEST MEAS. ON
[20:53:58] : REQUEST MEAS. OFF
[20:53:58] : 측정요구 ON 2
[20:54:06] : 측정요구 2OFF
[20:54:06] : 21,20190128-205406,CF18112053871,CF 18112010731,OK,MAX,1,3,AUTO,0.60,7.00,4.03,OK,0.60,7.00,5.02,OK,
[21:03:59] : Cycle start ON
[21:03:59] : Cycle start OFF
[21:03:59] : 측정요구3 ON
[21:04:06] : 측정요구3 OFF
[21:04:06] : 측정요구4 ON
[21:04:14] : 측정요구4 OFF
[21:04:14] : 21,20190128-210414,CF18112052031,CF 18112010731,OK,MAX,2,2,AUTO,0.60,7.00,2.22,OK,0.60,7.00,1.49,OK,
[21:04:39] : Cycle start ON
[21:04:39] : Cycle start OFF
[21:04:39] : 측정요구3 ON
[21:04:46] : 측정요구3 OFF
[21:04:46] : 측정요구4 ON
[21:04:53] : 측정요구4 OFF
[21:04:53] : 21,20190128-210454,CF18112051971,CF 18112010731,OK,MAX,2,2,AUTO,0.60,7.00,2.72,OK,0.60,7.00,2.48,OK,
[21:09:20] : Cycle start ON
[21:09:20] : Cycle start OFF
[21:09:20] : 측정요구3 ON
[21:09:27] : 측정요구3 OFF
[21:09:27] : 측정요구4 ON
[21:09:35] : 측정요구4 OFF
[21:09:35] : 21,20190128-210935,CF18112053631,CF 18112010731,OK,MAX,2,3,AUTO,0.60,7.00,3.52,OK,0.60,7.00,3.78,OK,
[21:09:58] : Cycle start ON
[21:09:59] : Cycle start OFF
[21:09:59] : REQUEST MEAS. ON
[21:09:59] : Cycle start ON
[21:09:59] : Cycle start OFF
[21:10:05] : REQUEST MEAS. OFF
[21:10:05] : 측정요구 ON 2
[21:10:13] : 측정요구 2OFF
[21:10:13] : 21,20190128-211014,CF18112053801,CF 18112010731,OK,MAX,1,2,AUTO,0.60,7.00,1.62,OK,0.60,7.00,2.00,OK,
[21:10:13] : 측정요구3 ON
[21:10:21] : 측정요구3 OFF
[21:10:21] : 측정요구4 ON
[21:10:28] : 측정요구4 OFF
[21:10:28] : 21,20190128-211029,CF18112052821,CF 18112010731,OK,MAX,2,3,AUTO,0.60,7.00,4.22,OK,0.60,7.00,4.18,OK,
[21:10:40] : Cycle start ON
[21:10:41] : Cycle start OFF
[21:10:41] : REQUEST MEAS. ON
[21:10:47] : REQUEST MEAS. OFF
[21:10:47] : 측정요구 ON 2
[21:10:54] : 측정요구 2OFF
[21:10:54] : 21,20190128-211055,CF18112053561,CF 18112010731,OK,MAX,1,3,AUTO,0.60,7.00,5.14,OK,0.60,7.00,3.70,OK,
[21:10:54] : Cycle start ON
[21:10:54] : Cycle start OFF
[21:10:54] : 측정요구3 ON
[21:11:02] : 측정요구3 OFF
[21:11:02] : 측정요구4 ON
[21:11:09] : 측정요구4 OFF
[21:11:09] : 21,20190128-211109,CF18112053181,CF 18112010731,OK,MAX,2,2,AUTO,0.60,7.00,2.22,OK,0.60,7.00,2.19,OK,
[21:14:01] : Cycle start ON
[21:14:01] : REQUEST MEAS. ON
[21:14:01] : Cycle start OFF
[21:14:08] : REQUEST MEAS. OFF
[21:14:08] : 측정요구 ON 2
[21:14:15] : 측정요구 2OFF
[21:14:15] : 21,20190128-211415,CF18112053831,CF 18112010731,OK,MAX,1,3,AUTO,0.60,7.00,3.22,OK,0.60,7.00,2.50,OK,
[21:21:03] : Cycle start ON
[21:21:03] : Cycle start OFF
[21:21:03] : REQUEST MEAS. ON
[21:21:10] : REQUEST MEAS. OFF
[21:21:10] : 측정요구 ON 2
[21:21:17] : 측정요구 2OFF
[21:21:17] : 21,20190128-212118,CF18112052991,CF 18112010731,OK,MAX,1,3,AUTO,0.60,7.00,3.33,OK,0.60,7.00,2.20,OK,
[21:21:56] : Cycle start ON
[21:21:57] : Cycle start OFF
[21:21:57] : REQUEST MEAS. ON
[21:22:03] : REQUEST MEAS. OFF
[21:22:03] : 측정요구 ON 2
[21:22:10] : 측정요구 2OFF
[21:22:10] : 21,20190128-212211,CF18112052801,CF 18112010731,OK,MAX,1,3,AUTO,0.60,7.00,3.12,OK,0.60,7.00,3.00,OK,
[21:22:16] : Cycle start ON
[21:22:17] : Cycle start OFF
[21:22:17] : 측정요구3 ON
[21:22:23] : 측정요구3 OFF
[21:22:23] : 측정요구4 ON
[21:22:31] : 측정요구4 OFF
[21:22:31] : 21,20190128-212232,CF18112051611,CF 18112010731,OK,MAX,2,2,AUTO,0.60,7.00,2.72,OK,0.60,7.00,2.19,OK,
[21:22:58] : Cycle start ON
[21:22:58] : REQUEST MEAS. ON
[21:22:58] : Cycle start OFF
[21:23:04] : REQUEST MEAS. OFF
[21:23:05] : 측정요구 ON 2
[21:23:12] : 측정요구 2OFF
[21:23:12] : 21,20190128-212312,CF18112052401,CF 18112010731,OK,MAX,1,2,AUTO,0.60,7.00,2.93,OK,0.60,7.00,2.40,OK,
[21:23:21] : Cycle start ON
[21:23:22] : Cycle start OFF
[21:23:22] : 측정요구3 ON
[21:23:28] : 측정요구3 OFF
[21:23:28] : 측정요구4 ON
[21:23:36] : 측정요구4 OFF
[21:23:36] : 21,20190128-212337,CF18112052531,CF 18112010731,OK,MAX,2,2,AUTO,0.60,7.00,2.12,OK,0.60,7.00,1.68,OK,
[21:23:57] : Cycle start ON
[21:23:58] : Cycle start OFF
[21:23:58] : REQUEST MEAS. ON
[21:24:04] : REQUEST MEAS. OFF
[21:24:04] : 측정요구 ON 2
[21:24:12] : 측정요구 2OFF
[21:24:12] : 21,20190128-212412,CF18112051631,CF 18112010731,OK,MAX,1,2,AUTO,0.60,7.00,1.92,OK,0.60,7.00,1.91,OK,
[21:24:24] : Cycle start ON
[21:24:25] : Cycle start OFF
[21:24:25] : 측정요구3 ON
[21:24:31] : 측정요구3 OFF
[21:24:31] : 측정요구4 ON
[21:24:39] : 측정요구4 OFF
[21:24:39] : 21,20190128-212440,CF18112052481,CF 18112010731,OK,MAX,2,2,AUTO,0.60,7.00,2.43,OK,0.60,7.00,2.69,OK,
[21:24:58] : Cycle start ON
[21:24:59] : Cycle start OFF
[21:24:59] : REQUEST MEAS. ON
[21:25:05] : REQUEST MEAS. OFF
[21:25:05] : 측정요구 ON 2
[21:25:13] : 측정요구 2OFF
[21:25:13] : 21,20190128-212513,CF18112053061,CF 18112010731,OK,MAX,1,2,AUTO,0.60,7.00,2.83,OK,0.60,7.00,2.00,OK,
[21:25:27] : Cycle start ON
[21:25:27] : Cycle start OFF
[21:25:27] : 측정요구3 ON
[21:25:34] : 측정요구3 OFF
[21:25:34] : 측정요구4 ON
[21:25:41] : 측정요구4 OFF
[21:25:41] : 21,20190128-212542,CF18112053981,CF 18112010731,OK,MAX,2,2,AUTO,0.60,7.00,2.62,OK,0.60,7.00,1.68,OK,
[21:26:20] : Cycle start ON
[21:26:20] : Cycle start OFF
[21:26:20] : REQUEST MEAS. ON
[21:26:27] : REQUEST MEAS. OFF
[21:26:27] : 측정요구 ON 2
[21:26:35] : 측정요구 2OFF
[21:26:35] : 21,20190128-212635,CF18112053041,CF 18112010731,OK,MAX,1,3,AUTO,0.60,7.00,2.33,OK,0.60,7.00,3.10,OK,
[21:26:40] : Cycle start ON
[21:26:40] : Cycle start OFF
[21:26:40] : 측정요구3 ON
[21:26:47] : 측정요구3 OFF
[21:26:47] : 측정요구4 ON
[21:26:54] : 측정요구4 OFF
[21:26:54] : 21,20190128-212655,CF18112053991,CF 18112010731,OK,MAX,2,2,AUTO,0.60,7.00,2.72,OK,0.60,7.00,1.98,OK,
[21:27:22] : Cycle start ON
[21:27:22] : Cycle start OFF
[21:27:22] : REQUEST MEAS. ON
[21:27:29] : REQUEST MEAS. OFF
[21:27:29] : 측정요구 ON 2
[21:27:36] : 측정요구 2OFF
[21:27:36] : 21,20190128-212737,CF18112052471,CF 18112010731,OK,MAX,1,3,AUTO,0.60,7.00,3.74,OK,0.60,7.00,5.31,OK,
[21:27:46] : Cycle start ON
[21:27:46] : Cycle start OFF
[21:27:46] : 측정요구3 ON
[21:27:53] : 측정요구3 OFF
[21:27:53] : 측정요구4 ON
[21:28:01] : 측정요구4 OFF
[21:28:01] : 21,20190128-212801,CF18112053731,CF 18112010731,OK,MAX,2,3,AUTO,0.60,7.00,4.53,OK,0.60,7.00,5.29,OK,
[21:28:20] : Cycle start ON
[21:28:21] : Cycle start OFF
[21:28:21] : REQUEST MEAS. ON
[21:28:27] : REQUEST MEAS. OFF
[21:28:27] : 측정요구 ON 2
[21:28:35] : 측정요구 2OFF
[21:28:35] : 21,20190128-212835,CF18112053421,CF 18112010731,OK,MAX,1,3,AUTO,0.60,7.00,2.22,OK,0.60,7.00,3.10,OK,
[21:28:48] : Cycle start ON
[21:28:49] : Cycle start OFF
[21:28:49] : 측정요구3 ON
[21:28:55] : 측정요구3 OFF
[21:28:55] : 측정요구4 ON
[21:29:03] : 측정요구4 OFF
[21:29:03] : 21,20190128-212904,CF18112053251,CF 18112010731,OK,MAX,2,3,AUTO,0.60,7.00,3.21,OK,0.60,7.00,2.58,OK,
[21:30:58] : Cycle start ON
[21:30:58] : Cycle start OFF
[21:30:58] : REQUEST MEAS. ON
[21:31:05] : REQUEST MEAS. OFF
[21:31:05] : 측정요구 ON 2
[21:31:12] : 측정요구 2OFF
[21:31:12] : 21,20190128-213113,CF18112052561,CF 18112010731,OK,MAX,1,3,AUTO,0.60,7.00,3.73,OK,0.60,7.00,5.51,OK,
[21:31:17] : Cycle start ON
[21:31:18] : Cycle start OFF
[21:31:18] : 측정요구3 ON
[21:31:24] : 측정요구3 OFF
[21:31:24] : 측정요구4 ON
[21:31:31] : 측정요구4 OFF
[21:31:31] : 21,20190128-213132,CF18112053471,CF 18112010731,OK,MAX,2,3,AUTO,0.60,7.00,3.52,OK,0.60,7.00,6.90,OK,
[21:32:03] : Cycle start ON
[21:32:04] : Cycle start OFF
[21:32:04] : REQUEST MEAS. ON
[21:32:10] : REQUEST MEAS. OFF
[21:32:10] : 측정요구 ON 2
[21:32:18] : 측정요구 2OFF
[21:32:18] : 21,20190128-213218,CF18112053611,CF 18112010731,OK,MAX,1,2,AUTO,0.60,7.00,1.31,OK,0.60,7.00,1.81,OK,
[21:32:20] : Cycle start ON
[21:32:20] : Cycle start OFF
[21:32:20] : 측정요구3 ON
[21:32:27] : 측정요구3 OFF
[21:32:27] : 측정요구4 ON
[21:32:35] : 측정요구4 OFF
[21:32:35] : 21,20190128-213235,CF18112053141,CF 18112010731,OK,MAX,2,2,AUTO,0.60,7.00,2.91,OK,0.60,7.00,2.28,OK,
[21:33:01] : Cycle start ON
[21:33:01] : Cycle start OFF
[21:33:01] : REQUEST MEAS. ON
[21:33:08] : REQUEST MEAS. OFF
[21:33:08] : 측정요구 ON 2
[21:33:15] : 측정요구 2OFF
[21:33:15] : 21,20190128-213316,CF19012810071,CF 18112010731,OK,MAX,1,3,AUTO,0.60,7.00,4.63,OK,0.60,7.00,4.82,OK,
[21:33:24] : Cycle start ON
[21:33:24] : Cycle start OFF
[21:33:24] : 측정요구3 ON
[21:33:31] : 측정요구3 OFF
[21:33:31] : 측정요구4 ON
[21:33:38] : 측정요구4 OFF
[21:33:38] : 21,20190128-213339,CF18112052101,CF 18112010731,OK,MAX,2,3,AUTO,0.60,7.00,3.92,OK,0.60,7.00,2.59,OK,
[21:34:09] : Cycle start ON
[21:34:10] : Cycle start OFF
[21:34:10] : REQUEST MEAS. ON
[21:34:16] : REQUEST MEAS. OFF
[21:34:16] : 측정요구 ON 2
[21:34:24] : 측정요구 2OFF
[21:34:24] : 21,20190128-213424,CF19012810021,CF 18112010731,OK,MAX,1,3,AUTO,0.60,7.00,3.22,OK,0.60,7.00,4.20,OK,
[21:34:59] : Cycle start ON
[21:35:00] : Cycle start OFF
[21:35:00] : 측정요구3 ON
[21:35:06] : 측정요구3 OFF
[21:35:06] : 측정요구4 ON
[21:35:14] : 측정요구4 OFF
[21:35:14] : 21,20190128-213514,CF19012810031,CF 18112010731,OK,MAX,2,3,AUTO,0.60,7.00,4.22,OK,0.60,7.00,3.49,OK,
[21:35:42] : Cycle start ON
[21:35:43] : Cycle start OFF
[21:35:43] : 측정요구3 ON
[21:35:50] : 측정요구3 OFF
[21:35:50] : 측정요구4 ON
[21:35:57] : 측정요구4 OFF
[21:35:57] : 21,20190128-213557,CF19012810061,CF 18112010731,OK,MAX,2,3,AUTO,0.60,7.00,4.33,OK,0.60,7.00,3.09,OK,
[21:36:24] : Cycle start ON
[21:36:25] : Cycle start OFF
[21:36:25] : 측정요구3 ON
[21:36:31] : 측정요구3 OFF
[21:36:31] : 측정요구4 ON
[21:36:39] : 측정요구4 OFF
[21:36:39] : 21,20190128-213639,CF19012810051,CF 18112010731,OK,MAX,2,2,AUTO,0.60,7.00,1.64,OK,0.60,7.00,1.27,OK,
[21:37:09] : Cycle start ON
[21:37:10] : Cycle start OFF
[21:37:10] : 측정요구3 ON
[21:37:16] : 측정요구3 OFF
[21:37:16] : 측정요구4 ON
[21:37:24] : 측정요구4 OFF
[21:37:24] : 21,20190128-213725,CF19012810041,CF 18112010731,OK,MAX,2,2,AUTO,0.60,7.00,1.83,OK,0.60,7.00,1.07,OK,
[21:37:50] : Cycle start ON
[21:37:50] : Cycle start OFF
[21:37:50] : 측정요구3 ON
[21:37:57] : 측정요구3 OFF
[21:37:57] : 측정요구4 ON
[21:38:04] : 측정요구4 OFF
[21:38:04] : 21,20190128-213804,CF19012810011,CF 18112010731,OK,MAX,2,2,AUTO,0.60,7.00,2.92,OK,0.60,7.00,2.17,OK,
[21:38:18] : AUTO RUNNING OFF
[21:40:24] : MEAS ESC ON
[21:40:25] : MEAS ESC OFF
[21:40:25] : AUTO RUNNING ON
[21:40:40] : Cycle start ON
[21:40:40] : Cycle start OFF
[21:40:40] : REQUEST MEAS. ON
[21:40:46] : REQUEST MEAS. OFF
[21:40:47] : 측정요구 ON 2
[21:40:54] : 측정요구 2OFF
[21:40:54] : 21,20190128-214055,CF19012810021,CF 18112010731,OK,MAX,1,3,AUTO,0.60,7.00,3.22,OK,0.60,7.00,4.10,OK,
[21:40:57] : Cycle start ON
[21:40:57] : Cycle start OFF
[21:40:57] : 측정요구3 ON
[21:41:04] : 측정요구3 OFF
[21:41:04] : 측정요구4 ON
[21:41:11] : 측정요구4 OFF
[21:41:11] : 21,20190128-214111,CF19012810221,CF 18112010731,OK,MAX,2,2,AUTO,0.60,7.00,2.92,OK,0.60,7.00,2.38,OK,
[21:42:11] : AUTO RUNNING OFF
[22:05:56] : MEAS ESC ON
[22:05:56] : MEAS ESC OFF
[22:05:56] : AUTO RUNNING ON
[22:06:18] : AUTO RUNNING OFF
[22:06:29] : MEAS ESC ON
[22:06:33] : MEAS ESC OFF
[22:06:33] : AUTO RUNNING ON
[22:08:43] : Cycle start ON
[22:08:44] : Cycle start OFF
[22:08:44] : REQUEST MEAS. ON
[22:08:50] : REQUEST MEAS. OFF
[22:08:50] : 측정요구 ON 2
[22:08:56] : Cycle start ON
[22:08:56] : Cycle start OFF
[22:08:57] : 측정요구 2OFF
[22:08:57] : 21,20190128-220858,CF19012810241,CF 18112010731,OK,MAX,1,2,AUTO,0.60,7.00,2.52,OK,0.60,7.00,1.61,OK,
[22:08:57] : 측정요구3 ON
[22:09:05] : 측정요구3 OFF
[22:09:05] : 측정요구4 ON
[22:09:13] : 측정요구4 OFF
[22:09:13] : 21,20190128-220913,CF18112053001,CF 18112010731,OK,MAX,2,3,AUTO,0.60,7.00,3.92,OK,0.60,7.00,2.48,OK,
[22:09:23] : Cycle start ON
[22:09:24] : Cycle start OFF
[22:09:24] : REQUEST MEAS. ON
[22:09:30] : REQUEST MEAS. OFF
[22:09:30] : 측정요구 ON 2
[22:09:38] : 측정요구 2OFF
[22:09:38] : 21,20190128-220939,CF18112053011,CF 18112010731,OK,MAX,1,3,AUTO,0.60,7.00,3.22,OK,0.60,7.00,4.50,OK,
[22:10:03] : Cycle start ON
[22:10:04] : Cycle start OFF
[22:10:04] : 측정요구3 ON
[22:10:10] : 측정요구3 OFF
[22:10:10] : 측정요구4 ON
[22:10:17] : 측정요구4 OFF
[22:10:17] : 21,20190128-221018,CF18112053521,CF 18112010731,OK,MAX,2,2,AUTO,0.60,7.00,2.33,OK,0.60,7.00,1.59,OK,
[22:10:20] : Cycle start ON
[22:10:20] : Cycle start OFF
[22:10:20] : REQUEST MEAS. ON
[22:10:27] : REQUEST MEAS. OFF
[22:10:27] : 측정요구 ON 2
[22:10:35] : 측정요구 2OFF
[22:10:35] : 21,20190128-221035,CF18112052741,CF 18112010731,OK,MAX,1,3,AUTO,0.60,7.00,3.53,OK,0.60,7.00,6.01,OK,
[22:11:05] : Cycle start ON
[22:11:06] : Cycle start OFF
[22:11:06] : REQUEST MEAS. ON
[22:11:12] : REQUEST MEAS. OFF
[22:11:13] : 측정요구 ON 2
[22:11:20] : 측정요구 2OFF
[22:11:20] : 21,20190128-221121,CF18112052861,CF 18112010731,OK,MAX,1,2,AUTO,0.60,7.00,1.82,OK,0.60,7.00,2.00,OK,
[22:11:27] : Cycle start ON
[22:11:27] : Cycle start OFF
[22:11:27] : 측정요구3 ON
[22:11:34] : 측정요구3 OFF
[22:11:34] : 측정요구4 ON
[22:11:41] : 측정요구4 OFF
[22:11:41] : 21,20190128-221142,CF18112052711,CF 18112010731,OK,MAX,2,2,AUTO,0.60,7.00,2.43,OK,0.60,7.00,1.38,OK,
[22:12:08] : Cycle start ON
[22:12:08] : Cycle start OFF
[22:12:08] : REQUEST MEAS. ON
[22:12:15] : REQUEST MEAS. OFF
[22:12:15] : 측정요구 ON 2
[22:12:22] : 측정요구 2OFF
[22:12:22] : 21,20190128-221222,CF18112053491,CF 18112010731,OK,MAX,1,3,AUTO,0.60,7.00,3.43,OK,0.60,7.00,4.71,OK,
[22:12:28] : Cycle start ON
[22:12:29] : Cycle start OFF
[22:12:29] : 측정요구3 ON
[22:12:35] : 측정요구3 OFF
[22:12:35] : 측정요구4 ON
[22:12:43] : 측정요구4 OFF
[22:12:43] : 21,20190128-221244,CF18112053921,CF 18112010731,OK,MAX,2,2,AUTO,0.60,7.00,2.62,OK,0.60,7.00,2.69,OK,
[22:13:12] : Cycle start ON
[22:13:12] : Cycle start OFF
[22:13:12] : REQUEST MEAS. ON
[22:13:19] : REQUEST MEAS. OFF
[22:13:19] : 측정요구 ON 2
[22:13:26] : 측정요구 2OFF
[22:13:26] : 21,20190128-221326,CF18112053401,CF 18112010731,OK,MAX,1,3,AUTO,0.60,7.00,4.22,OK,0.60,7.00,3.70,OK,
[22:15:41] : Cycle start ON
[22:15:41] : Cycle start OFF
[22:15:41] : REQUEST MEAS. ON
[22:15:42] : Cycle start ON
[22:15:42] : Cycle start OFF
[22:15:48] : REQUEST MEAS. OFF
[22:15:48] : 측정요구 ON 2
[22:15:56] : 측정요구 2OFF
[22:15:56] : 21,20190128-221556,CF18112053581,CF 18112010731,OK,MAX,1,3,AUTO,0.60,7.00,2.43,OK,0.60,7.00,3.89,OK,
[22:15:56] : 측정요구3 ON
[22:16:04] : 측정요구3 OFF
[22:16:04] : 측정요구4 ON
[22:16:11] : 측정요구4 OFF
[22:16:11] : 21,20190128-221611,CF18112053271,CF 18112010731,OK,MAX,2,3,AUTO,0.60,7.00,3.31,OK,0.60,7.00,1.88,OK,
[22:17:29] : Cycle start ON
[22:17:30] : Cycle start OFF
[22:17:30] : REQUEST MEAS. ON
[22:17:30] : Cycle start ON
[22:17:31] : Cycle start OFF
[22:17:36] : REQUEST MEAS. OFF
[22:17:36] : 측정요구 ON 2
[22:17:44] : 측정요구 2OFF
[22:17:44] : 21,20190128-221745,CF18112053211,CF 18112010731,OK,MAX,1,3,AUTO,0.60,7.00,3.43,OK,0.60,7.00,3.80,OK,
[22:17:44] : 측정요구3 ON
[22:17:52] : 측정요구3 OFF
[22:17:52] : 측정요구4 ON
[22:17:59] : 측정요구4 OFF
[22:17:59] : 21,20190128-221800,CF18112053621,CF 18112010731,OK,MAX,2,3,AUTO,0.60,7.00,3.21,OK,0.60,7.00,2.59,OK,
[22:19:13] : AUTO RUNNING OFF
[22:19:17] : MEAS ESC ON
[22:19:18] : MEAS ESC OFF
[22:19:18] : AUTO RUNNING ON
[22:19:36] : Cycle start ON
[22:19:37] : Cycle start OFF
[22:19:37] : 측정요구3 ON
[22:19:43] : 측정요구3 OFF
[22:19:44] : 측정요구4 ON
[22:19:51] : 측정요구4 OFF
[22:19:51] : 21,20190128-221951,CF18112052221,CF 18112010731,OK,MAX,2,3,AUTO,0.60,7.00,3.52,OK,0.60,7.00,3.09,OK,
[22:20:03] : Cycle start ON
[22:20:03] : Cycle start OFF
[22:20:03] : REQUEST MEAS. ON
[22:20:10] : REQUEST MEAS. OFF
[22:20:10] : 측정요구 ON 2
[22:20:18] : 측정요구 2OFF
[22:20:18] : 21,20190128-222018,CF18112053511,CF 18112010731,OK,MAX,1,2,AUTO,0.60,7.00,2.22,OK,0.60,7.00,1.92,OK,
[22:20:29] : AUTO RUNNING OFF
[22:20:39] : MEAS ESC ON
[22:20:47] : MEAS ESC OFF
[22:20:49] : MEAS ESC ON
[22:21:03] : MEAS ESC OFF
[22:34:47] : MEAS ESC ON
[22:34:48] : MEAS ESC OFF
[22:34:48] : AUTO RUNNING ON
[22:38:36] : AUTO RUNNING OFF
[22:40:36] : MEAS ESC ON
[22:40:37] : MEAS ESC OFF
[22:40:37] : AUTO RUNNING ON
[22:41:20] : Cycle start ON
[22:41:21] : Cycle start OFF
[22:41:21] : REQUEST MEAS. ON
[22:41:28] : REQUEST MEAS. OFF
[22:41:28] : 측정요구 ON 2
[22:41:35] : 측정요구 2OFF
[22:41:35] : 21,20190128-224136,CF18112052921,CF 18112010731,OK,MAX,1,3,AUTO,0.60,7.00,2.93,OK,0.60,7.00,4.10,OK,
[22:42:28] : Cycle start ON
[22:42:28] : Cycle start OFF
[22:42:28] : 측정요구3 ON
[22:42:35] : 측정요구3 OFF
[22:42:35] : 측정요구4 ON
[22:42:43] : 측정요구4 OFF
[22:42:43] : 21,20190128-224243,CF18112053411,CF 18112010731,OK,MAX,2,3,AUTO,0.60,7.00,3.31,OK,0.60,7.00,4.08,OK,
[22:44:43] : Cycle start ON
[22:44:43] : Cycle start OFF
[22:44:43] : REQUEST MEAS. ON
[22:44:44] : Cycle start ON
[22:44:44] : Cycle start OFF
[22:44:50] : REQUEST MEAS. OFF
[22:44:50] : 측정요구 ON 2
[22:44:58] : 측정요구 2OFF
[22:44:58] : 21,20190128-224458,CF18112052851,CF 18112010731,NG,MAX,1,3,AUTO,0.60,7.00,4.28,OK,0.60,7.00,7.09,NG,
[22:44:58] : 측정요구3 ON
[22:45:05] : 측정요구3 OFF
[22:45:05] : 측정요구4 ON
[22:45:12] : 측정요구4 OFF
[22:45:12] : 21,20190128-224513,CF18112052301,CF 18112010731,OK,MAX,2,2,AUTO,0.60,7.00,2.23,OK,0.60,7.00,2.58,OK,
[22:48:24] : Cycle start ON
[22:48:24] : Cycle start OFF
[22:48:24] : REQUEST MEAS. ON
[22:48:31] : REQUEST MEAS. OFF
[22:48:31] : 측정요구 ON 2
[22:48:38] : 측정요구 2OFF
[22:48:38] : 21,20190128-224839,CF18120550801,CF 18112010731,OK,MAX,1,3,AUTO,0.60,7.00,3.03,OK,0.60,7.00,6.01,OK,
[22:48:43] : Cycle start ON
[22:48:43] : Cycle start OFF
[22:48:43] : 측정요구3 ON
[22:48:50] : 측정요구3 OFF
[22:48:50] : 측정요구4 ON
[22:48:57] : 측정요구4 OFF
[22:48:57] : 21,20190128-224858,CF18112052331,CF 18112010731,OK,MAX,2,2,AUTO,0.60,7.00,2.43,OK,0.60,7.00,1.27,OK,
[22:50:23] : Cycle start ON
[22:50:23] : Cycle start OFF
[22:50:23] : REQUEST MEAS. ON
[22:50:30] : REQUEST MEAS. OFF
[22:50:30] : 측정요구 ON 2
[22:50:37] : 측정요구 2OFF
[22:50:37] : 21,20190128-225037,CF18112052441,CF 18112010731,OK,MAX,1,2,AUTO,0.60,7.00,2.33,OK,0.60,7.00,2.30,OK,
[22:50:43] : Cycle start ON
[22:50:43] : Cycle start OFF
[22:50:43] : 측정요구3 ON
[22:50:50] : 측정요구3 OFF
[22:50:50] : 측정요구4 ON
[22:50:58] : 측정요구4 OFF
[22:50:58] : 21,20190128-225058,CF18120272821,CF 18112010731,OK,MAX,2,2,AUTO,0.60,7.00,1.15,OK,0.60,7.00,0.87,OK,
[22:52:54] : Cycle start ON
[22:52:54] : Cycle start OFF
[22:52:54] : REQUEST MEAS. ON
[22:53:01] : REQUEST MEAS. OFF
[22:53:01] : 측정요구 ON 2
[22:53:09] : 측정요구 2OFF
[22:53:09] : 21,20190128-225309,CF18112052771,CF 18112010731,OK,MAX,1,2,AUTO,0.60,7.00,1.93,OK,0.60,7.00,2.10,OK,
[22:58:39] : Cycle start ON
[22:58:39] : Cycle start OFF
[22:58:39] : REQUEST MEAS. ON
[22:58:40] : Cycle start ON
[22:58:40] : Cycle start OFF
[22:58:46] : REQUEST MEAS. OFF
[22:58:46] : 측정요구 ON 2
[22:58:54] : 측정요구 2OFF
[22:58:54] : 21,20190128-225854,CF18112053171,CF 18112010731,OK,MAX,1,3,AUTO,0.60,7.00,3.64,OK,0.60,7.00,3.70,OK,
[22:58:54] : 측정요구3 ON
[22:59:01] : 측정요구3 OFF
[22:59:01] : 측정요구4 ON
[22:59:09] : 측정요구4 OFF
[22:59:09] : 21,20190128-225909,CF18112053361,CF 18112010731,OK,MAX,2,3,AUTO,0.60,7.00,3.61,OK,0.60,7.00,2.98,OK,
[22:59:36] : Cycle start ON
[22:59:37] : Cycle start OFF
[22:59:37] : 측정요구3 ON
[22:59:38] : Cycle start ON
[22:59:39] : Cycle start OFF
[22:59:44] : 측정요구3 OFF
[22:59:44] : 측정요구4 ON
[22:59:51] : 측정요구4 OFF
[22:59:51] : 21,20190128-225952,CF18112052641,CF 18112010731,OK,MAX,2,2,AUTO,0.60,7.00,1.84,OK,0.60,7.00,1.67,OK,
[22:59:51] : REQUEST MEAS. ON
[22:59:59] : REQUEST MEAS. OFF
[22:59:59] : 측정요구 ON 2
[23:00:06] : 측정요구 2OFF
[23:00:06] : 21,20190128-230007,CF18120273531,CF 18112010731,OK,MAX,1,3,AUTO,0.60,7.00,2.53,OK,0.60,7.00,4.30,OK,
[23:01:14] : AUTO RUNNING OFF
[23:01:30] : MEAS ESC ON
[23:01:32] : MEAS ESC OFF
[23:01:32] : AUTO RUNNING ON
[23:02:24] : AUTO RUNNING OFF
[23:02:32] : MEAS ESC ON
[23:02:32] : MEAS ESC OFF
[23:02:32] : AUTO RUNNING ON
[23:03:36] : AUTO RUNNING OFF
[23:03:56] : MEAS ESC ON
[23:03:57] : MEAS ESC OFF
[23:03:57] : AUTO RUNNING ON
[23:04:21] : Cycle start ON
[23:04:22] : Cycle start OFF
[23:04:22] : REQUEST MEAS. ON
[23:04:22] : Cycle start ON
[23:04:23] : Cycle start OFF
[23:04:28] : REQUEST MEAS. OFF
[23:04:28] : 측정요구 ON 2
[23:04:36] : 측정요구 2OFF
[23:04:36] : 21,20190128-230436,CF18112051591,CF 18112010731,OK,MAX,1,3,AUTO,0.60,7.00,3.23,OK,0.60,7.00,6.20,OK,
[23:04:36] : 측정요구3 ON
[23:04:43] : 측정요구3 OFF
[23:04:43] : 측정요구4 ON
[23:04:51] : 측정요구4 OFF
[23:04:51] : 21,20190128-230451,CF18112052161,CF 18112010731,OK,MAX,2,2,AUTO,0.60,7.00,2.43,OK,0.60,7.00,1.97,OK,
[23:05:07] : AUTO RUNNING OFF
[23:05:21] : MEAS ESC ON
[23:05:21] : MEAS ESC OFF
[23:05:21] : AUTO RUNNING ON
[23:09:39] : Cycle start ON
[23:09:39] : Cycle start OFF
[23:09:39] : REQUEST MEAS. ON
[23:09:39] : Cycle start ON
[23:09:40] : Cycle start OFF
[23:09:46] : REQUEST MEAS. OFF
[23:09:46] : 측정요구 ON 2
[23:09:53] : 측정요구 2OFF
[23:09:53] : 21,20190128-230954,CF18112052671,CF 18112010731,OK,MAX,1,3,AUTO,0.60,7.00,1.42,OK,0.60,7.00,3.50,OK,
[23:09:53] : 측정요구3 ON
[23:10:01] : 측정요구3 OFF
[23:10:01] : 측정요구4 ON
[23:10:08] : 측정요구4 OFF
[23:10:08] : 21,20190128-231009,CF18112053751,CF 18112010731,OK,MAX,2,3,AUTO,0.60,7.00,3.52,OK,0.60,7.00,3.08,OK,
[23:10:31] : Cycle start ON
[23:10:31] : Cycle start OFF
[23:10:31] : REQUEST MEAS. ON
[23:10:38] : REQUEST MEAS. OFF
[23:10:38] : 측정요구 ON 2
[23:10:45] : 측정요구 2OFF
[23:10:45] : 21,20190128-231045,CF18112053841,CF 18112010731,OK,MAX,1,3,AUTO,0.60,7.00,3.83,OK,0.60,7.00,3.21,OK,
[23:15:06] : AUTO RUNNING OFF
[23:15:23] : MEAS ESC ON
[23:15:23] : MEAS ESC OFF
[23:15:23] : AUTO RUNNING ON
[23:15:38] : AUTO RUNNING OFF
[23:15:56] : MEAS ESC ON
[23:15:56] : MEAS ESC OFF
[23:15:56] : AUTO RUNNING ON
[23:16:18] : AUTO RUNNING OFF
[23:16:24] : MEAS ESC ON
[23:16:24] : MEAS ESC OFF
[23:16:24] : AUTO RUNNING ON
[23:17:36] : AUTO RUNNING OFF
[23:18:14] : MEAS ESC ON
[23:18:15] : MEAS ESC OFF
[23:18:15] : AUTO RUNNING ON
[23:24:47] : Cycle start ON
[23:24:47] : Cycle start OFF
[23:24:47] : REQUEST MEAS. ON
[23:24:54] : REQUEST MEAS. OFF
[23:24:54] : 측정요구 ON 2
[23:25:01] : 측정요구 2OFF
[23:25:01] : 21,20190128-232501,CF18112051931,CF 18112010731,OK,MAX,1,3,AUTO,0.60,7.00,3.43,OK,0.60,7.00,5.00,OK,
[23:27:42] : AUTO RUNNING OFF
[23:27:48] : MEAS ESC ON
[23:27:49] : MEAS ESC OFF
[23:27:49] : AUTO RUNNING ON
[23:28:52] : AUTO RUNNING OFF
[23:28:53] : MEAS ESC ON
[23:28:54] : MEAS ESC OFF
[23:28:54] : AUTO RUNNING ON
[23:30:11] : AUTO RUNNING OFF
[23:31:08] : MEAS ESC ON
[23:31:08] : MEAS ESC OFF
[23:31:08] : AUTO RUNNING ON
[23:31:43] : Cycle start ON
[23:31:44] : Cycle start OFF
[23:31:44] : 측정요구3 ON
[23:31:50] : 측정요구3 OFF
[23:31:50] : 측정요구4 ON
[23:31:58] : 측정요구4 OFF
[23:31:58] : 21,20190128-233159,CF18112053131,CF 18112010731,OK,MAX,2,3,AUTO,0.60,7.00,3.52,OK,0.60,7.00,4.08,OK,
[23:42:10] : AUTO RUNNING OFF
 
