[10:17:45] : MEAS ESC ON
[10:17:47] : MEAS ESC OFF
[10:17:47] : AUTO RUNNING ON
[10:19:01] : Cycle start ON
[10:19:02] : Cycle start OFF
[10:19:02] : REQUEST MEAS. ON
[10:19:08] : REQUEST MEAS. OFF
[10:19:08] : 측정요구 ON 2
[10:19:15] : 측정요구 2OFF
[10:19:15] : 21,20190123-101916,AL19011936243,,OK,MAX,1,2,AUTO,0.10,7.00,1.29,OK,0.10,7.00,1.14,OK,
[10:19:51] : Cycle start ON
[10:19:51] : Cycle start OFF
[10:19:51] : 측정요구3 ON
[10:19:58] : 측정요구3 OFF
[10:19:58] : 측정요구4 ON
[10:20:05] : 측정요구4 OFF
[10:20:05] : 21,20190123-102006,AL19011936253,,OK,MAX,2,3,AUTO,0.10,7.00,3.83,OK,0.10,7.00,3.15,OK,
[10:20:50] : Cycle start ON
[10:20:50] : Cycle start OFF
[10:20:50] : REQUEST MEAS. ON
[10:20:57] : REQUEST MEAS. OFF
[10:20:57] : 측정요구 ON 2
[10:21:04] : 측정요구 2OFF
[10:21:04] : 21,20190123-102105,AL19011936033,,OK,MAX,1,3,AUTO,0.10,7.00,4.50,OK,0.10,7.00,3.96,OK,
[10:21:32] : AUTO RUNNING OFF
[10:26:29] : MEAS ESC ON
[10:26:29] : MEAS ESC OFF
[10:26:29] : AUTO RUNNING ON
[10:27:02] : AUTO RUNNING OFF
[10:27:34] : MEAS ESC ON
[10:27:34] : MEAS ESC OFF
[10:27:34] : AUTO RUNNING ON
[10:28:02] : Cycle start ON
[10:28:02] : Cycle start OFF
[10:28:02] : 측정요구3 ON
[10:28:09] : 측정요구3 OFF
[10:28:09] : 측정요구4 ON
[10:28:16] : 측정요구4 OFF
[10:28:16] : 21,20190123-102816,AL19011936273,,OK,MAX,2,3,AUTO,0.10,7.00,4.77,OK,0.10,7.00,3.99,OK,
[10:29:17] : AUTO RUNNING OFF
[10:29:26] : MEAS ESC ON
[10:29:26] : MEAS ESC OFF
[10:29:26] : AUTO RUNNING ON
[10:29:57] : Cycle start ON
[10:29:58] : Cycle start OFF
[10:29:58] : REQUEST MEAS. ON
[10:30:04] : REQUEST MEAS. OFF
[10:30:04] : 측정요구 ON 2
[10:30:12] : 측정요구 2OFF
[10:30:12] : 21,20190123-103013,AL19011932871,,OK,MAX,1,2,AUTO,0.10,7.00,1.12,OK,0.10,7.00,0.72,OK,
[10:30:34] : AUTO RUNNING OFF
[10:30:42] : MEAS ESC ON
[10:30:43] : MEAS ESC OFF
[10:30:43] : AUTO RUNNING ON
[10:31:13] : Cycle start ON
[10:31:13] : Cycle start OFF
[10:31:13] : 측정요구3 ON
[10:31:20] : 측정요구3 OFF
[10:31:20] : 측정요구4 ON
[10:31:27] : 측정요구4 OFF
[10:31:27] : 21,20190123-103128,AL19011932891,,OK,MAX,2,2,AUTO,0.10,7.00,1.17,OK,0.10,7.00,0.57,OK,
[10:32:12] : Cycle start ON
[10:32:12] : Cycle start OFF
[10:32:12] : REQUEST MEAS. ON
[10:32:19] : REQUEST MEAS. OFF
[10:32:19] : 측정요구 ON 2
[10:32:26] : 측정요구 2OFF
[10:32:26] : 21,20190123-103227,AL19011932901,,OK,MAX,1,2,AUTO,0.10,7.00,1.58,OK,0.10,7.00,1.20,OK,
[10:32:49] : Cycle start ON
[10:32:50] : Cycle start OFF
[10:32:50] : 측정요구3 ON
[10:32:57] : 측정요구3 OFF
[10:32:57] : 측정요구4 ON
[10:33:04] : 측정요구4 OFF
[10:33:04] : 21,20190123-103304,AL19011932911,,OK,MAX,2,3,AUTO,0.10,7.00,3.78,OK,0.10,7.00,3.16,OK,
[10:33:06] : Cycle start ON
[10:33:06] : Cycle start OFF
[10:33:06] : REQUEST MEAS. ON
[10:33:13] : REQUEST MEAS. OFF
[10:33:13] : 측정요구 ON 2
[10:33:21] : 측정요구 2OFF
[10:33:21] : 21,20190123-103321,AL19011933061,,OK,MAX,1,1,AUTO,0.10,7.00,0.46,OK,0.10,7.00,0.11,OK,
[10:33:49] : Cycle start ON
[10:33:50] : Cycle start OFF
[10:33:50] : 측정요구3 ON
[10:33:56] : 측정요구3 OFF
[10:33:56] : 측정요구4 ON
[10:34:03] : 측정요구4 OFF
[10:34:03] : 21,20190123-103404,AL19011933071,,OK,MAX,2,2,AUTO,0.10,7.00,1.28,OK,0.10,7.00,0.75,OK,
[10:34:06] : Cycle start ON
[10:34:06] : Cycle start OFF
[10:34:06] : REQUEST MEAS. ON
[10:34:13] : REQUEST MEAS. OFF
[10:34:13] : 측정요구 ON 2
[10:34:20] : 측정요구 2OFF
[10:34:20] : 21,20190123-103421,AL19011932921,,OK,MAX,1,2,AUTO,0.10,7.00,1.16,OK,0.10,7.00,0.96,OK,
[10:34:45] : Cycle start ON
[10:34:45] : Cycle start OFF
[10:34:45] : 측정요구3 ON
[10:34:52] : 측정요구3 OFF
[10:34:52] : 측정요구4 ON
[10:34:59] : 측정요구4 OFF
[10:34:59] : 21,20190123-103500,AL19011932931,,OK,MAX,2,2,AUTO,0.10,7.00,2.25,OK,0.10,7.00,1.43,OK,
[10:35:02] : Cycle start ON
[10:35:02] : Cycle start OFF
[10:35:02] : REQUEST MEAS. ON
[10:35:09] : REQUEST MEAS. OFF
[10:35:09] : 측정요구 ON 2
[10:35:16] : 측정요구 2OFF
[10:35:16] : 21,20190123-103517,AL19011933081,,OK,MAX,1,3,AUTO,0.10,7.00,3.17,OK,0.10,7.00,2.89,OK,
[10:35:39] : Cycle start ON
[10:35:39] : Cycle start OFF
[10:35:39] : 측정요구3 ON
[10:35:45] : 측정요구3 OFF
[10:35:46] : 측정요구4 ON
[10:35:53] : 측정요구4 OFF
[10:35:53] : 21,20190123-103553,AL19011932881,,OK,MAX,2,2,AUTO,0.10,7.00,1.10,OK,0.10,7.00,0.56,OK,
[10:35:57] : Cycle start ON
[10:35:57] : Cycle start OFF
[10:35:57] : REQUEST MEAS. ON
[10:36:04] : REQUEST MEAS. OFF
[10:36:04] : 측정요구 ON 2
[10:36:12] : 측정요구 2OFF
[10:36:12] : 21,20190123-103612,AL19011931131,,OK,MAX,1,3,AUTO,0.10,7.00,4.47,OK,0.10,7.00,3.99,OK,
[10:36:41] : Cycle start ON
[10:36:42] : Cycle start OFF
[10:36:42] : REQUEST MEAS. ON
[10:36:48] : REQUEST MEAS. OFF
[10:36:48] : 측정요구 ON 2
[10:36:56] : 측정요구 2OFF
[10:36:56] : 21,20190123-103657,AL19011931161,,OK,MAX,1,3,AUTO,0.10,7.00,3.54,OK,0.10,7.00,2.81,OK,
[10:37:06] : Cycle start ON
[10:37:06] : Cycle start OFF
[10:37:06] : 측정요구3 ON
[10:37:13] : 측정요구3 OFF
[10:37:13] : 측정요구4 ON
[10:37:20] : 측정요구4 OFF
[10:37:20] : 21,20190123-103721,AL19011931111,,OK,MAX,2,2,AUTO,0.10,7.00,1.41,OK,0.10,7.00,0.70,OK,
[10:37:34] : Cycle start ON
[10:37:34] : Cycle start OFF
[10:37:34] : REQUEST MEAS. ON
[10:37:41] : REQUEST MEAS. OFF
[10:37:41] : 측정요구 ON 2
[10:37:48] : 측정요구 2OFF
[10:37:48] : 21,20190123-103749,AL19011931101,,OK,MAX,1,3,AUTO,0.10,7.00,3.23,OK,0.10,7.00,2.61,OK,
[10:38:06] : Cycle start ON
[10:38:06] : Cycle start OFF
[10:38:06] : 측정요구3 ON
[10:38:13] : 측정요구3 OFF
[10:38:13] : 측정요구4 ON
[10:38:20] : 측정요구4 OFF
[10:38:20] : 21,20190123-103821,AL19011931121,,OK,MAX,2,3,AUTO,0.10,7.00,4.96,OK,0.10,7.00,3.93,OK,
[10:38:27] : Cycle start ON
[10:38:28] : Cycle start OFF
[10:38:28] : REQUEST MEAS. ON
[10:38:34] : REQUEST MEAS. OFF
[10:38:35] : 측정요구 ON 2
[10:38:42] : 측정요구 2OFF
[10:38:42] : 21,20190123-103842,AL19011931171,,OK,MAX,1,2,AUTO,0.10,7.00,1.52,OK,0.10,7.00,1.45,OK,
[10:39:00] : Cycle start ON
[10:39:00] : Cycle start OFF
[10:39:00] : 측정요구3 ON
[10:39:07] : 측정요구3 OFF
[10:39:07] : 측정요구4 ON
[10:39:15] : 측정요구4 OFF
[10:39:15] : 21,20190123-103915,AL19011931181,,OK,MAX,2,2,AUTO,0.10,7.00,1.47,OK,0.10,7.00,0.74,OK,
[10:39:19] : Cycle start ON
[10:39:20] : Cycle start OFF
[10:39:20] : REQUEST MEAS. ON
[10:39:26] : REQUEST MEAS. OFF
[10:39:26] : 측정요구 ON 2
[10:39:34] : 측정요구 2OFF
[10:39:34] : 21,20190123-103935,AL19011931151,,OK,MAX,1,3,AUTO,0.10,7.00,4.79,OK,0.10,7.00,4.49,OK,
[10:39:55] : Cycle start ON
[10:39:55] : Cycle start OFF
[10:39:55] : 측정요구3 ON
[10:40:02] : 측정요구3 OFF
[10:40:02] : 측정요구4 ON
[10:40:10] : 측정요구4 OFF
[10:40:10] : 21,20190123-104010,AL19011931291,,OK,MAX,2,2,AUTO,0.10,7.00,1.82,OK,0.10,7.00,1.13,OK,
[10:40:36] : Cycle start ON
[10:40:37] : Cycle start OFF
[10:40:37] : REQUEST MEAS. ON
[10:40:43] : REQUEST MEAS. OFF
[10:40:44] : 측정요구 ON 2
[10:40:51] : 측정요구 2OFF
[10:40:51] : 21,20190123-104052,AL19011931301,,OK,MAX,1,2,AUTO,0.10,7.00,1.35,OK,0.10,7.00,0.93,OK,
[10:41:57] : Cycle start ON
[10:41:57] : 측정요구3 ON
[10:41:58] : Cycle start OFF
[10:42:04] : 측정요구3 OFF
[10:42:04] : 측정요구4 ON
[10:42:11] : 측정요구4 OFF
[10:42:11] : 21,20190123-104212,AL19011936193,,OK,MAX,2,2,AUTO,0.10,7.00,1.13,OK,0.10,7.00,0.51,OK,
[10:42:45] : Cycle start ON
[10:42:45] : Cycle start OFF
[10:42:45] : REQUEST MEAS. ON
[10:42:52] : REQUEST MEAS. OFF
[10:42:52] : 측정요구 ON 2
[10:42:59] : 측정요구 2OFF
[10:42:59] : 21,20190123-104300,AL19011936183,,OK,MAX,1,3,AUTO,0.10,7.00,3.48,OK,0.10,7.00,2.92,OK,
[10:43:08] : Cycle start ON
[10:43:08] : 측정요구3 ON
[10:43:08] : Cycle start OFF
[10:43:15] : 측정요구3 OFF
[10:43:15] : 측정요구4 ON
[10:43:22] : 측정요구4 OFF
[10:43:22] : 21,20190123-104322,AL19011936173,,OK,MAX,2,2,AUTO,0.10,7.00,1.11,OK,0.10,7.00,0.59,OK,
[10:43:34] : Cycle start ON
[10:43:34] : Cycle start OFF
[10:43:34] : REQUEST MEAS. ON
[10:43:41] : REQUEST MEAS. OFF
[10:43:41] : 측정요구 ON 2
[10:43:49] : 측정요구 2OFF
[10:43:49] : 21,20190123-104349,AL19011936223,,OK,MAX,1,1,AUTO,0.10,7.00,0.97,OK,0.10,7.00,0.50,OK,
[10:44:07] : Cycle start ON
[10:44:07] : Cycle start OFF
[10:44:07] : 측정요구3 ON
[10:44:14] : 측정요구3 OFF
[10:44:14] : 측정요구4 ON
[10:44:22] : 측정요구4 OFF
[10:44:22] : 21,20190123-104422,AL19011936213,,OK,MAX,2,3,AUTO,0.10,7.00,3.12,OK,0.10,7.00,2.60,OK,
[10:44:28] : Cycle start ON
[10:44:28] : Cycle start OFF
[10:44:28] : REQUEST MEAS. ON
[10:44:35] : REQUEST MEAS. OFF
[10:44:35] : 측정요구 ON 2
[10:44:42] : 측정요구 2OFF
[10:44:42] : 21,20190123-104442,AL19011936163,,OK,MAX,1,3,AUTO,0.10,7.00,3.47,OK,0.10,7.00,3.01,OK,
[10:45:02] : Cycle start ON
[10:45:03] : Cycle start OFF
[10:45:03] : 측정요구3 ON
[10:45:09] : 측정요구3 OFF
[10:45:09] : 측정요구4 ON
[10:45:17] : 측정요구4 OFF
[10:45:17] : 21,20190123-104517,AL19011936133,,OK,MAX,2,3,AUTO,0.10,7.00,3.85,OK,0.10,7.00,2.95,OK,
[10:45:20] : Cycle start ON
[10:45:20] : Cycle start OFF
[10:45:20] : REQUEST MEAS. ON
[10:45:27] : REQUEST MEAS. OFF
[10:45:27] : 측정요구 ON 2
[10:45:35] : 측정요구 2OFF
[10:45:35] : 21,20190123-104535,AL19011936143,,OK,MAX,1,2,AUTO,0.10,7.00,1.29,OK,0.10,7.00,0.84,OK,
[10:45:57] : Cycle start ON
[10:45:57] : Cycle start OFF
[10:45:57] : 측정요구3 ON
[10:46:04] : 측정요구3 OFF
[10:46:04] : 측정요구4 ON
[10:46:12] : 측정요구4 OFF
[10:46:12] : 21,20190123-104612,AL19011936153,,OK,MAX,2,2,AUTO,0.10,7.00,1.52,OK,0.10,7.00,0.78,OK,
[10:46:18] : Cycle start ON
[10:46:18] : Cycle start OFF
[10:46:18] : REQUEST MEAS. ON
[10:46:25] : REQUEST MEAS. OFF
[10:46:25] : 측정요구 ON 2
[10:46:33] : 측정요구 2OFF
[10:46:33] : 21,20190123-104633,AL19011936203,,OK,MAX,1,3,AUTO,0.10,7.00,3.12,OK,0.10,7.00,2.55,OK,
[10:48:11] : Cycle start ON
[10:48:12] : Cycle start OFF
[10:48:12] : REQUEST MEAS. ON
[10:48:18] : REQUEST MEAS. OFF
[10:48:18] : 측정요구 ON 2
[10:48:26] : 측정요구 2OFF
[10:48:26] : 21,20190123-104827,AL19011935843,,OK,MAX,1,3,AUTO,0.10,7.00,4.19,OK,0.10,7.00,3.96,OK,
[11:08:16] : Cycle start ON
[11:08:17] : 측정요구3 ON
[11:08:17] : Cycle start OFF
[11:08:23] : 측정요구3 OFF
[11:08:23] : 측정요구4 ON
[11:08:30] : 측정요구4 OFF
[11:08:30] : 21,20190123-110831,AL19011935743,,OK,MAX,2,2,AUTO,0.10,7.00,1.41,OK,0.10,7.00,0.85,OK,
[11:08:32] : Cycle start ON
[11:08:32] : Cycle start OFF
[11:08:32] : REQUEST MEAS. ON
[11:08:39] : REQUEST MEAS. OFF
[11:08:39] : 측정요구 ON 2
[11:08:46] : 측정요구 2OFF
[11:08:46] : 21,20190123-110847,AL19011935853,,OK,MAX,1,2,AUTO,0.10,7.00,1.10,OK,0.10,7.00,0.79,OK,
[11:09:16] : Cycle start ON
[11:09:16] : Cycle start OFF
[11:09:16] : REQUEST MEAS. ON
[11:09:23] : REQUEST MEAS. OFF
[11:09:23] : 측정요구 ON 2
[11:09:31] : 측정요구 2OFF
[11:09:31] : 21,20190123-110931,AL19011935913,,OK,MAX,1,2,AUTO,0.10,7.00,1.79,OK,0.10,7.00,1.43,OK,
[11:09:38] : Cycle start ON
[11:09:39] : Cycle start OFF
[11:09:39] : 측정요구3 ON
[11:09:45] : 측정요구3 OFF
[11:09:45] : 측정요구4 ON
[11:09:53] : 측정요구4 OFF
[11:09:53] : 21,20190123-110954,AL19011935753,,OK,MAX,2,2,AUTO,0.10,7.00,1.53,OK,0.10,7.00,0.85,OK,
[11:10:07] : Cycle start ON
[11:10:08] : Cycle start OFF
[11:10:08] : REQUEST MEAS. ON
[11:10:14] : REQUEST MEAS. OFF
[11:10:14] : 측정요구 ON 2
[11:10:22] : 측정요구 2OFF
[11:10:22] : 21,20190123-111022,AL19011935903,,OK,MAX,1,2,AUTO,0.10,7.00,1.16,OK,0.10,7.00,0.92,OK,
[11:10:37] : Cycle start ON
[11:10:37] : Cycle start OFF
[11:10:37] : 측정요구3 ON
[11:10:44] : 측정요구3 OFF
[11:10:44] : 측정요구4 ON
[11:10:51] : 측정요구4 OFF
[11:10:51] : 21,20190123-111052,AL19011935893,,OK,MAX,2,2,AUTO,0.10,7.00,1.86,OK,0.10,7.00,0.98,OK,
[11:11:02] : Cycle start ON
[11:11:02] : Cycle start OFF
[11:11:02] : REQUEST MEAS. ON
[11:11:09] : REQUEST MEAS. OFF
[11:11:09] : 측정요구 ON 2
[11:11:17] : 측정요구 2OFF
[11:11:17] : 21,20190123-111117,AL19011935883,,OK,MAX,1,3,AUTO,0.10,7.00,3.22,OK,0.10,7.00,2.83,OK,
[11:11:28] : Cycle start ON
[11:11:28] : Cycle start OFF
[11:11:28] : 측정요구3 ON
[11:11:35] : 측정요구3 OFF
[11:11:35] : 측정요구4 ON
[11:11:42] : 측정요구4 OFF
[11:11:42] : 21,20190123-111143,AL19011935873,,OK,MAX,2,2,AUTO,0.10,7.00,1.51,OK,0.10,7.00,0.86,OK,
[11:21:06] : AUTO RUNNING OFF
[11:21:53] : PROGRAM END
 
[12:34:03] : PROGRAM START
[12:34:09] : AUTO RUNNING OFF
[12:34:09] : REQUEST MEAS. OFF
[12:34:09] : REQUEST ZEROSET OFF
[12:34:09] : REQUEST ZEROSET OFF
[13:03:07] : MEAS ESC ON
[13:03:15] : MEAS ESC OFF
[13:03:15] : AUTO RUNNING ON
[13:03:31] : Cycle start ON
[13:03:32] : Cycle start OFF
[13:03:32] : 측정요구3 ON
[13:03:33] : Cycle start ON
[13:03:33] : Cycle start OFF
[13:03:38] : 측정요구3 OFF
[13:03:38] : 측정요구4 ON
[13:03:46] : 측정요구4 OFF
[13:03:46] : 21,20190123-130347,,,OK,MAX,2,2,AUTO,0.10,7.00,1.43,OK,0.10,7.00,0.90,OK,
[13:03:46] : REQUEST MEAS. ON
[13:03:54] : REQUEST MEAS. OFF
[13:03:54] : 측정요구 ON 2
[13:04:01] : 측정요구 2OFF
[13:04:01] : 21,20190123-130402,AL19011935863,,OK,MAX,1,2,AUTO,0.10,7.00,1.18,OK,0.10,7.00,0.78,OK,
[13:09:15] : AUTO RUNNING OFF
[13:20:24] : Cycle start ON
[13:20:24] : Cycle start OFF
[13:20:24] : REQUEST MEAS. ON
[13:20:31] : REQUEST MEAS. OFF
[13:20:31] : 0
[13:20:31] : 측정요구 ON 2
[13:20:37] : 측정요구 2OFF
[13:20:37] : 0
[13:20:37] : REQUEST MEAS. ON
[13:20:45] : REQUEST MEAS. OFF
[13:20:45] : 0
[13:20:45] : 측정요구 ON 2
[13:20:51] : 측정요구 2OFF
[13:20:51] : 0
[13:20:51] : REQUEST MEAS. ON
[13:20:59] : REQUEST MEAS. OFF
[13:20:59] : 0
[13:20:59] : 측정요구 ON 2
[13:21:06] : 측정요구 2OFF
[13:21:06] : 0
[13:21:06] : REQUEST MEAS. ON
[13:21:13] : REQUEST MEAS. OFF
[13:21:13] : 0
[13:21:13] : 측정요구 ON 2
[13:21:20] : 측정요구 2OFF
[13:21:21] : 0
[13:21:21] : REQUEST MEAS. ON
[13:21:28] : REQUEST MEAS. OFF
[13:21:28] : 0
[13:21:28] : 측정요구 ON 2
[13:21:34] : 측정요구 2OFF
[13:21:34] : 0
[13:21:34] : REQUEST MEAS. ON
[13:21:42] : REQUEST MEAS. OFF
[13:21:42] : 0
[13:21:42] : 측정요구 ON 2
[13:21:48] : 측정요구 2OFF
[13:21:48] : 0
[13:34:34] : MEAS ESC ON
[13:35:13] : MEAS ESC OFF
[13:35:13] : AUTO RUNNING ON
[13:36:58] : AUTO RUNNING OFF
[13:49:19] : MEAS ESC ON
[13:49:19] : MEAS ESC OFF
[13:49:19] : AUTO RUNNING ON
[13:49:45] : Cycle start ON
[13:49:45] : Cycle start OFF
[13:49:45] : REQUEST MEAS. ON
[13:49:52] : REQUEST MEAS. OFF
[13:49:52] : 측정요구 ON 2
[13:49:59] : 측정요구 2OFF
[13:49:59] : 21,20190123-134959,AL19011936333,,OK,MAX,1,2,AUTO,0.10,7.00,1.00,OK,0.10,7.00,0.85,OK,
[13:50:26] : AUTO RUNNING OFF
[13:50:44] : MEAS ESC ON
[13:50:46] : MEAS ESC OFF
[13:50:46] : AUTO RUNNING ON
[13:50:57] : AUTO RUNNING OFF
[13:53:42] : MEAS ESC ON
[13:53:45] : MEAS ESC OFF
[13:53:45] : AUTO RUNNING ON
[13:55:40] : Cycle start ON
[13:55:40] : Cycle start OFF
[13:55:40] : REQUEST MEAS. ON
[13:55:47] : REQUEST MEAS. OFF
[13:55:47] : 측정요구 ON 2
[13:55:54] : 측정요구 2OFF
[13:55:54] : 21,20190123-135555,AL19011936373,,OK,MAX,1,1,AUTO,0.10,7.00,0.99,OK,0.10,7.00,0.75,OK,
[13:56:03] : Cycle start ON
[13:56:03] : Cycle start OFF
[13:56:03] : 측정요구3 ON
[13:56:10] : 측정요구3 OFF
[13:56:10] : 측정요구4 ON
[13:56:17] : 측정요구4 OFF
[13:56:17] : 21,20190123-135618,淆AL19011936103,,OK,MAX,2,2,AUTO,0.10,7.00,1.05,OK,0.10,7.00,0.51,OK,
[13:58:02] : Cycle start ON
[13:58:03] : Cycle start OFF
[13:58:03] : REQUEST MEAS. ON
[13:58:09] : REQUEST MEAS. OFF
[13:58:09] : 측정요구 ON 2
[13:58:17] : 측정요구 2OFF
[13:58:17] : 21,20190123-135817,AL19011936423,,OK,MAX,1,3,AUTO,0.10,7.00,3.39,OK,0.10,7.00,2.80,OK,
[13:58:25] : Cycle start ON
[13:58:26] : Cycle start OFF
[13:58:26] : 측정요구3 ON
[13:58:32] : 측정요구3 OFF
[13:58:32] : 측정요구4 ON
[13:58:40] : 측정요구4 OFF
[13:58:40] : 21,20190123-135840,AL19011936353,,OK,MAX,2,3,AUTO,0.10,7.00,3.21,OK,0.10,7.00,2.66,OK,
[13:59:01] : Cycle start ON
[13:59:01] : Cycle start OFF
[13:59:01] : REQUEST MEAS. ON
[13:59:08] : REQUEST MEAS. OFF
[13:59:08] : 측정요구 ON 2
[13:59:15] : 측정요구 2OFF
[13:59:15] : 21,20190123-135915,AL19011936363,,OK,MAX,1,3,AUTO,0.10,7.00,3.61,OK,0.10,7.00,3.13,OK,
[13:59:21] : Cycle start ON
[13:59:21] : Cycle start OFF
[13:59:21] : 측정요구3 ON
[13:59:27] : 측정요구3 OFF
[13:59:28] : 측정요구4 ON
[13:59:35] : 측정요구4 OFF
[13:59:35] : 21,20190123-135936,AL19011936383,,OK,MAX,2,2,AUTO,0.10,7.00,1.40,OK,0.10,7.00,0.87,OK,
[14:09:35] : Cycle start ON
[14:09:35] : Cycle start OFF
[14:09:35] : REQUEST MEAS. ON
[14:09:42] : REQUEST MEAS. OFF
[14:09:42] : 측정요구 ON 2
[14:09:49] : 측정요구 2OFF
[14:09:49] : 21,20190123-140950,AL19011936393,,OK,MAX,1,1,AUTO,0.10,7.00,0.70,OK,0.10,7.00,0.39,OK,
[14:10:00] : Cycle start ON
[14:10:00] : Cycle start OFF
[14:10:00] : 측정요구3 ON
[14:10:07] : 측정요구3 OFF
[14:10:07] : 측정요구4 ON
[14:10:14] : 측정요구4 OFF
[14:10:14] : 21,20190123-141015,AL19011936343,,OK,MAX,2,2,AUTO,0.10,7.00,1.52,OK,0.10,7.00,1.08,OK,
[14:10:44] : Cycle start ON
[14:10:45] : Cycle start OFF
[14:10:45] : REQUEST MEAS. ON
[14:10:51] : REQUEST MEAS. OFF
[14:10:52] : 측정요구 ON 2
[14:10:59] : 측정요구 2OFF
[14:10:59] : 21,20190123-141059,AL19011936403,,OK,MAX,1,1,AUTO,0.10,7.00,0.92,OK,0.10,7.00,0.62,OK,
[14:11:29] : Cycle start ON
[14:11:29] : Cycle start OFF
[14:11:29] : REQUEST MEAS. ON
[14:11:36] : REQUEST MEAS. OFF
[14:11:36] : 측정요구 ON 2
[14:11:44] : 측정요구 2OFF
[14:11:44] : 21,20190123-141144,AL19011936413,,OK,MAX,1,3,AUTO,0.10,7.00,3.65,OK,0.10,7.00,3.05,OK,
[14:12:11] : Cycle start ON
[14:12:12] : Cycle start OFF
[14:12:12] : REQUEST MEAS. ON
[14:12:18] : REQUEST MEAS. OFF
[14:12:18] : 측정요구 ON 2
[14:12:26] : 측정요구 2OFF
[14:12:26] : 21,20190123-141226,AL19011936543,,OK,MAX,1,2,AUTO,0.10,7.00,1.40,OK,0.10,7.00,1.13,OK,
[14:12:51] : Cycle start ON
[14:12:51] : Cycle start OFF
[14:12:51] : REQUEST MEAS. ON
[14:12:58] : REQUEST MEAS. OFF
[14:12:58] : 측정요구 ON 2
[14:13:06] : 측정요구 2OFF
[14:13:06] : 21,20190123-141306,AL19011936743,,OK,MAX,1,2,AUTO,0.10,7.00,1.27,OK,0.10,7.00,1.01,OK,
[14:16:20] : Cycle start ON
[14:16:20] : Cycle start OFF
[14:16:20] : REQUEST MEAS. ON
[14:16:27] : REQUEST MEAS. OFF
[14:16:27] : 측정요구 ON 2
[14:16:34] : 측정요구 2OFF
[14:16:34] : 21,20190123-141635,AL19011936763,,OK,MAX,1,1,AUTO,0.10,7.00,0.66,OK,0.10,7.00,0.37,OK,
[14:16:41] : Cycle start ON
[14:16:41] : Cycle start OFF
[14:16:41] : 측정요구3 ON
[14:16:48] : 측정요구3 OFF
[14:16:48] : 측정요구4 ON
[14:16:55] : 측정요구4 OFF
[14:16:55] : 21,20190123-141656,AL19011936773,,OK,MAX,2,2,AUTO,0.10,7.00,2.40,OK,0.10,7.00,1.84,OK,
[14:23:38] : Cycle start ON
[14:23:39] : Cycle start OFF
[14:23:39] : REQUEST MEAS. ON
[14:23:45] : REQUEST MEAS. OFF
[14:23:45] : 측정요구 ON 2
[14:23:53] : 측정요구 2OFF
[14:23:53] : 21,20190123-142353,AL19011936783,,OK,MAX,1,2,AUTO,0.10,7.00,1.11,OK,0.10,7.00,0.83,OK,
[14:24:33] : Cycle start ON
[14:24:34] : Cycle start OFF
[14:24:34] : REQUEST MEAS. ON
[14:24:40] : REQUEST MEAS. OFF
[14:24:41] : 측정요구 ON 2
[14:24:48] : 측정요구 2OFF
[14:24:48] : 21,20190123-142449,AL19011936793,,OK,MAX,1,2,AUTO,0.10,7.00,1.28,OK,0.10,7.00,1.06,OK,
[14:24:48] : Cycle start ON
[14:24:48] : Cycle start OFF
[14:24:48] : 측정요구3 ON
[14:24:56] : 측정요구3 OFF
[14:24:56] : 측정요구4 ON
[14:25:03] : 측정요구4 OFF
[14:25:03] : 21,20190123-142504,AL19011936753,,OK,MAX,2,3,AUTO,0.10,7.00,4.63,OK,0.10,7.00,4.24,OK,
[14:25:15] : Cycle start ON
[14:25:15] : Cycle start OFF
[14:25:15] : REQUEST MEAS. ON
[14:25:21] : REQUEST MEAS. OFF
[14:25:22] : 측정요구 ON 2
[14:25:29] : 측정요구 2OFF
[14:25:29] : 21,20190123-142529,AL19011936803,,OK,MAX,1,3,AUTO,0.10,7.00,4.46,OK,0.10,7.00,4.00,OK,
[14:25:32] : Cycle start ON
[14:25:33] : Cycle start OFF
[14:25:33] : 측정요구3 ON
[14:25:39] : 측정요구3 OFF
[14:25:39] : 측정요구4 ON
[14:25:47] : 측정요구4 OFF
[14:25:47] : 21,20190123-142548,AL19011936813,,OK,MAX,2,3,AUTO,0.10,7.00,4.19,OK,0.10,7.00,3.71,OK,
[14:25:51] : Cycle start ON
[14:25:51] : Cycle start OFF
[14:25:51] : REQUEST MEAS. ON
[14:25:58] : REQUEST MEAS. OFF
[14:25:58] : 측정요구 ON 2
[14:26:05] : 측정요구 2OFF
[14:26:05] : 21,20190123-142606,AL19011936823,,OK,MAX,1,3,AUTO,0.10,7.00,3.53,OK,0.10,7.00,3.13,OK,
[14:26:25] : Cycle start ON
[14:26:25] : Cycle start OFF
[14:26:25] : 측정요구3 ON
[14:26:32] : 측정요구3 OFF
[14:26:32] : 측정요구4 ON
[14:26:39] : 측정요구4 OFF
[14:26:39] : 21,20190123-142640,AL19011931901,,OK,MAX,2,2,AUTO,0.10,7.00,1.15,OK,0.10,7.00,0.46,OK,
[14:28:08] : Cycle start ON
[14:28:08] : Cycle start OFF
[14:28:08] : REQUEST MEAS. ON
[14:28:15] : REQUEST MEAS. OFF
[14:28:15] : 측정요구 ON 2
[14:28:22] : 측정요구 2OFF
[14:28:22] : 21,20190123-142823,AL19011931831,,OK,MAX,1,3,AUTO,0.10,7.00,4.36,OK,0.10,7.00,3.90,OK,
[14:29:08] : Cycle start ON
[14:29:08] : Cycle start OFF
[14:29:08] : REQUEST MEAS. ON
[14:29:15] : REQUEST MEAS. OFF
[14:29:15] : 측정요구 ON 2
[14:29:22] : 측정요구 2OFF
[14:29:22] : 21,20190123-142923,AL19011931821,,OK,MAX,1,2,AUTO,0.10,7.00,2.12,OK,0.10,7.00,1.66,OK,
[14:30:02] : Cycle start ON
[14:30:02] : Cycle start OFF
[14:30:02] : REQUEST MEAS. ON
[14:30:09] : REQUEST MEAS. OFF
[14:30:09] : 측정요구 ON 2
[14:30:16] : 측정요구 2OFF
[14:30:16] : 21,20190123-143017,AL19011931911,,OK,MAX,1,3,AUTO,0.10,7.00,4.02,OK,0.10,7.00,3.23,OK,
[14:31:38] : Cycle start ON
[14:31:39] : Cycle start OFF
[14:31:39] : REQUEST MEAS. ON
[14:31:45] : REQUEST MEAS. OFF
[14:31:45] : 측정요구 ON 2
[14:31:53] : 측정요구 2OFF
[14:31:53] : 21,20190123-143153,AL19011931841,,OK,MAX,1,2,AUTO,0.10,7.00,1.50,OK,0.10,7.00,1.16,OK,
[14:32:01] : Cycle start ON
[14:32:01] : Cycle start OFF
[14:32:01] : 측정요구3 ON
[14:32:07] : 측정요구3 OFF
[14:32:08] : 측정요구4 ON
[14:32:15] : 측정요구4 OFF
[14:32:15] : 21,20190123-143216,AL19011931851,,OK,MAX,2,3,AUTO,0.10,7.00,4.11,OK,0.10,7.00,3.38,OK,
[14:32:39] : Cycle start ON
[14:32:40] : Cycle start OFF
[14:32:40] : REQUEST MEAS. ON
[14:32:46] : REQUEST MEAS. OFF
[14:32:46] : 측정요구 ON 2
[14:32:54] : 측정요구 2OFF
[14:32:54] : 21,20190123-143254,AL19011931861,,OK,MAX,1,2,AUTO,0.10,7.00,1.41,OK,0.10,7.00,1.17,OK,
[14:33:01] : Cycle start ON
[14:33:01] : Cycle start OFF
[14:33:01] : 측정요구3 ON
[14:33:08] : 측정요구3 OFF
[14:33:08] : 측정요구4 ON
[14:33:16] : 측정요구4 OFF
[14:33:16] : 21,20190123-143316,AL19011931871,,OK,MAX,2,2,AUTO,0.10,7.00,1.24,OK,0.10,7.00,0.67,OK,
[14:33:31] : Cycle start ON
[14:33:31] : Cycle start OFF
[14:33:31] : REQUEST MEAS. ON
[14:33:38] : REQUEST MEAS. OFF
[14:33:38] : 측정요구 ON 2
[14:33:45] : 측정요구 2OFF
[14:33:45] : 21,20190123-143346,AL19011931881,,OK,MAX,1,2,AUTO,0.10,7.00,2.48,OK,0.10,7.00,2.19,OK,
[14:34:00] : Cycle start ON
[14:34:00] : Cycle start OFF
[14:34:00] : 측정요구3 ON
[14:34:07] : 측정요구3 OFF
[14:34:07] : 측정요구4 ON
[14:34:14] : 측정요구4 OFF
[14:34:14] : 21,20190123-143415,AL19011931811,,OK,MAX,2,2,AUTO,0.10,7.00,1.35,OK,0.10,7.00,0.74,OK,
[14:34:25] : Cycle start ON
[14:34:26] : Cycle start OFF
[14:34:26] : REQUEST MEAS. ON
[14:34:32] : REQUEST MEAS. OFF
[14:34:32] : 측정요구 ON 2
[14:34:39] : 측정요구 2OFF
[14:34:39] : 21,20190123-143440,AL19011930441,,OK,MAX,1,1,AUTO,0.10,7.00,0.57,OK,0.10,7.00,0.32,OK,
[14:34:52] : Cycle start ON
[14:34:53] : Cycle start OFF
[14:34:53] : 측정요구3 ON
[14:35:00] : 측정요구3 OFF
[14:35:00] : 측정요구4 ON
[14:35:07] : 측정요구4 OFF
[14:35:07] : 21,20190123-143508,AL19011930451,,OK,MAX,2,2,AUTO,0.10,7.00,2.18,OK,0.10,7.00,1.36,OK,
[14:35:19] : Cycle start ON
[14:35:20] : Cycle start OFF
[14:35:20] : REQUEST MEAS. ON
[14:35:26] : REQUEST MEAS. OFF
[14:35:26] : 측정요구 ON 2
[14:35:34] : 측정요구 2OFF
[14:35:34] : 21,20190123-143534,AL19011930421,,OK,MAX,1,1,AUTO,0.10,7.00,0.78,OK,0.10,7.00,0.48,OK,
[14:35:46] : Cycle start ON
[14:35:46] : Cycle start OFF
[14:35:46] : 측정요구3 ON
[14:35:53] : 측정요구3 OFF
[14:35:53] : 측정요구4 ON
[14:36:00] : 측정요구4 OFF
[14:36:00] : 21,20190123-143601,AL19011930431,,OK,MAX,2,2,AUTO,0.10,7.00,1.84,OK,0.10,7.00,1.22,OK,
[14:36:14] : Cycle start ON
[14:36:14] : Cycle start OFF
[14:36:14] : REQUEST MEAS. ON
[14:36:21] : REQUEST MEAS. OFF
[14:36:21] : 측정요구 ON 2
[14:36:28] : 측정요구 2OFF
[14:36:28] : 21,20190123-143629,AL19011930411,,OK,MAX,1,3,AUTO,0.10,7.00,4.21,OK,0.10,7.00,3.99,OK,
[14:36:39] : Cycle start ON
[14:36:40] : Cycle start OFF
[14:36:40] : 측정요구3 ON
[14:36:46] : 측정요구3 OFF
[14:36:47] : 측정요구4 ON
[14:36:54] : 측정요구4 OFF
[14:36:54] : 21,20190123-143654,AL19011930461,,OK,MAX,2,2,AUTO,0.10,7.00,1.12,OK,0.10,7.00,0.61,OK,
[14:37:08] : Cycle start ON
[14:37:09] : Cycle start OFF
[14:37:09] : REQUEST MEAS. ON
[14:37:16] : REQUEST MEAS. OFF
[14:37:16] : 측정요구 ON 2
[14:37:23] : 측정요구 2OFF
[14:37:23] : 21,20190123-143723,AL19011930471,,OK,MAX,1,3,AUTO,0.10,7.00,3.30,OK,0.10,7.00,2.88,OK,
[14:37:32] : Cycle start ON
[14:37:32] : Cycle start OFF
[14:37:32] : 측정요구3 ON
[14:37:39] : 측정요구3 OFF
[14:37:39] : 측정요구4 ON
[14:37:47] : 측정요구4 OFF
[14:37:47] : 21,20190123-143747,AL19011930481,,OK,MAX,2,3,AUTO,0.10,7.00,4.18,OK,0.10,7.00,3.85,OK,
[14:38:02] : Cycle start ON
[14:38:03] : Cycle start OFF
[14:38:03] : REQUEST MEAS. ON
[14:38:09] : REQUEST MEAS. OFF
[14:38:10] : 측정요구 ON 2
[14:38:17] : 측정요구 2OFF
[14:38:17] : 21,20190123-143818,AL19011930491,,OK,MAX,1,2,AUTO,0.10,7.00,1.61,OK,0.10,7.00,1.24,OK,
[14:38:27] : Cycle start ON
[14:38:27] : Cycle start OFF
[14:38:27] : 측정요구3 ON
[14:38:34] : 측정요구3 OFF
[14:38:34] : 측정요구4 ON
[14:38:41] : 측정요구4 OFF
[14:38:41] : 21,20190123-143842,AL19011930501,,OK,MAX,2,2,AUTO,0.10,7.00,1.24,OK,0.10,7.00,0.70,OK,
[14:38:57] : Cycle start ON
[14:38:58] : Cycle start OFF
[14:38:58] : REQUEST MEAS. ON
[14:39:05] : REQUEST MEAS. OFF
[14:39:05] : 측정요구 ON 2
[14:39:12] : 측정요구 2OFF
[14:39:12] : 21,20190123-143912,AL19011931211,,OK,MAX,1,3,AUTO,0.10,7.00,3.32,OK,0.10,7.00,2.75,OK,
[14:39:21] : Cycle start ON
[14:39:22] : Cycle start OFF
[14:39:22] : 측정요구3 ON
[14:39:28] : 측정요구3 OFF
[14:39:28] : 측정요구4 ON
[14:39:36] : 측정요구4 OFF
[14:39:36] : 21,20190123-143937,AL19011931201,,OK,MAX,2,2,AUTO,0.10,7.00,1.48,OK,0.10,7.00,0.74,OK,
[14:39:52] : Cycle start ON
[14:39:53] : Cycle start OFF
[14:39:53] : REQUEST MEAS. ON
[14:39:59] : REQUEST MEAS. OFF
[14:39:59] : 측정요구 ON 2
[14:40:06] : 측정요구 2OFF
[14:40:06] : 21,20190123-144007,AL19011931221,,OK,MAX,1,3,AUTO,0.10,7.00,3.07,OK,0.10,7.00,2.75,OK,
[14:40:16] : Cycle start ON
[14:40:17] : Cycle start OFF
[14:40:17] : 측정요구3 ON
[14:40:23] : 측정요구3 OFF
[14:40:23] : 측정요구4 ON
[14:40:31] : 측정요구4 OFF
[14:40:31] : 21,20190123-144031,AL19011931231,,OK,MAX,2,2,AUTO,0.10,7.00,1.43,OK,0.10,7.00,0.79,OK,
[14:40:47] : Cycle start ON
[14:40:47] : REQUEST MEAS. ON
[14:40:48] : Cycle start OFF
[14:40:54] : REQUEST MEAS. OFF
[14:40:54] : 측정요구 ON 2
[14:41:01] : 측정요구 2OFF
[14:41:01] : 21,20190123-144101,AL19011931241,,OK,MAX,1,2,AUTO,0.10,7.00,2.31,OK,0.10,7.00,2.39,OK,
[14:41:12] : Cycle start ON
[14:41:12] : Cycle start OFF
[14:41:12] : 측정요구3 ON
[14:41:19] : 측정요구3 OFF
[14:41:19] : 측정요구4 ON
[14:41:26] : 측정요구4 OFF
[14:41:26] : 21,20190123-144126,AL19011931251,,OK,MAX,2,3,AUTO,0.10,7.00,4.23,OK,0.10,7.00,3.25,OK,
[14:41:41] : Cycle start ON
[14:41:41] : Cycle start OFF
[14:41:41] : REQUEST MEAS. ON
[14:41:48] : REQUEST MEAS. OFF
[14:41:48] : 측정요구 ON 2
[14:41:55] : 측정요구 2OFF
[14:41:55] : 21,20190123-144156,AL19011931261,,OK,MAX,1,2,AUTO,0.10,7.00,1.69,OK,0.10,7.00,1.45,OK,
[14:42:06] : Cycle start ON
[14:42:07] : Cycle start OFF
[14:42:07] : 측정요구3 ON
[14:42:13] : 측정요구3 OFF
[14:42:13] : 측정요구4 ON
[14:42:21] : 측정요구4 OFF
[14:42:21] : 21,20190123-144221,AL19011931271,,OK,MAX,2,2,AUTO,0.10,7.00,2.83,OK,0.10,7.00,1.98,OK,
[14:42:35] : Cycle start ON
[14:42:35] : Cycle start OFF
[14:42:35] : REQUEST MEAS. ON
[14:42:42] : REQUEST MEAS. OFF
[14:42:42] : 측정요구 ON 2
[14:42:50] : 측정요구 2OFF
[14:42:50] : 21,20190123-144250,AL19011931281,,OK,MAX,1,2,AUTO,0.10,7.00,1.22,OK,0.10,7.00,0.92,OK,
[14:43:00] : Cycle start ON
[14:43:00] : Cycle start OFF
[14:43:00] : 측정요구3 ON
[14:43:07] : 측정요구3 OFF
[14:43:07] : 측정요구4 ON
[14:43:14] : 측정요구4 OFF
[14:43:14] : 21,20190123-144314,AL19011931191,,OK,MAX,2,3,AUTO,0.10,7.00,3.41,OK,0.10,7.00,2.81,OK,
[14:43:31] : Cycle start ON
[14:43:32] : Cycle start OFF
[14:43:32] : REQUEST MEAS. ON
[14:43:38] : REQUEST MEAS. OFF
[14:43:38] : 측정요구 ON 2
[14:43:45] : 측정요구 2OFF
[14:43:45] : 21,20190123-144346,AL19011937733,,OK,MAX,1,2,AUTO,0.10,7.00,2.06,OK,0.10,7.00,1.47,OK,
[14:43:55] : Cycle start ON
[14:43:55] : 측정요구3 ON
[14:43:55] : Cycle start OFF
[14:44:01] : 측정요구3 OFF
[14:44:02] : 측정요구4 ON
[14:44:09] : 측정요구4 OFF
[14:44:09] : 21,20190123-144409,AL19011930021,,OK,MAX,2,2,AUTO,0.10,7.00,2.97,OK,0.10,7.00,2.13,OK,
[14:44:25] : Cycle start ON
[14:44:25] : Cycle start OFF
[14:44:25] : REQUEST MEAS. ON
[14:44:32] : REQUEST MEAS. OFF
[14:44:32] : 측정요구 ON 2
[14:44:39] : 측정요구 2OFF
[14:44:39] : 21,20190123-144439,AL19011930031,,OK,MAX,1,2,AUTO,0.10,7.00,1.13,OK,0.10,7.00,0.74,OK,
[14:44:48] : Cycle start ON
[14:44:48] : Cycle start OFF
[14:44:48] : 측정요구3 ON
[14:44:55] : 측정요구3 OFF
[14:44:55] : 측정요구4 ON
[14:45:03] : 측정요구4 OFF
[14:45:03] : 21,20190123-144503,AL19011930041,,OK,MAX,2,2,AUTO,0.10,7.00,1.31,OK,0.10,7.00,0.66,OK,
[14:45:19] : Cycle start ON
[14:45:19] : Cycle start OFF
[14:45:19] : REQUEST MEAS. ON
[14:45:26] : REQUEST MEAS. OFF
[14:45:26] : 측정요구 ON 2
[14:45:34] : 측정요구 2OFF
[14:45:34] : 21,20190123-144534,AL19011930051,,OK,MAX,1,3,AUTO,0.10,7.00,3.13,OK,0.10,7.00,2.98,OK,
[14:45:41] : Cycle start ON
[14:45:42] : Cycle start OFF
[14:45:42] : 측정요구3 ON
[14:45:48] : 측정요구3 OFF
[14:45:48] : 측정요구4 ON
[14:45:56] : 측정요구4 OFF
[14:45:56] : 21,20190123-144557,AL19011930061,,OK,MAX,2,3,AUTO,0.10,7.00,3.98,OK,0.10,7.00,3.30,OK,
[14:46:14] : Cycle start ON
[14:46:14] : Cycle start OFF
[14:46:14] : REQUEST MEAS. ON
[14:46:21] : REQUEST MEAS. OFF
[14:46:21] : 측정요구 ON 2
[14:46:28] : 측정요구 2OFF
[14:46:28] : 21,20190123-144629,AL19011930071,,OK,MAX,1,3,AUTO,0.10,7.00,3.17,OK,0.10,7.00,3.15,OK,
[14:46:37] : Cycle start ON
[14:46:37] : Cycle start OFF
[14:46:37] : 측정요구3 ON
[14:46:44] : 측정요구3 OFF
[14:46:44] : 측정요구4 ON
[14:46:52] : 측정요구4 OFF
[14:46:52] : 21,20190123-144652,AL19011930101,,OK,MAX,2,3,AUTO,0.10,7.00,3.46,OK,0.10,7.00,2.71,OK,
[14:47:08] : Cycle start ON
[14:47:09] : Cycle start OFF
[14:47:09] : REQUEST MEAS. ON
[14:47:15] : REQUEST MEAS. OFF
[14:47:15] : 측정요구 ON 2
[14:47:23] : 측정요구 2OFF
[14:47:23] : 21,20190123-144723,AL19011930091,,OK,MAX,1,3,AUTO,0.10,7.00,4.20,OK,0.10,7.00,4.12,OK,
[14:47:32] : Cycle start ON
[14:47:32] : Cycle start OFF
[14:47:32] : 측정요구3 ON
[14:47:39] : 측정요구3 OFF
[14:47:39] : 측정요구4 ON
[14:47:47] : 측정요구4 OFF
[14:47:47] : 21,20190123-144747,AL19011930081,,OK,MAX,2,3,AUTO,0.10,7.00,3.44,OK,0.10,7.00,2.89,OK,
[14:48:02] : Cycle start ON
[14:48:03] : Cycle start OFF
[14:48:03] : REQUEST MEAS. ON
[14:48:09] : REQUEST MEAS. OFF
[14:48:09] : 측정요구 ON 2
[14:48:17] : 측정요구 2OFF
[14:48:17] : 21,20190123-144817,AL19011932961,,OK,MAX,1,1,AUTO,0.10,7.00,0.41,OK,0.10,7.00,0.24,OK,
[14:48:26] : Cycle start ON
[14:48:27] : Cycle start OFF
[14:48:27] : 측정요구3 ON
[14:48:33] : 측정요구3 OFF
[14:48:33] : 측정요구4 ON
[14:48:41] : 측정요구4 OFF
[14:48:41] : 21,20190123-144842,AL19011932951,,OK,MAX,2,2,AUTO,0.10,7.00,1.58,OK,0.10,7.00,0.89,OK,
[14:48:57] : Cycle start ON
[14:48:58] : Cycle start OFF
[14:48:58] : REQUEST MEAS. ON
[14:49:04] : REQUEST MEAS. OFF
[14:49:04] : 측정요구 ON 2
[14:49:12] : 측정요구 2OFF
[14:49:12] : 21,20190123-144912,AL19011932941,,OK,MAX,1,1,AUTO,0.10,7.00,0.74,OK,0.10,7.00,0.63,OK,
[14:49:20] : Cycle start ON
[14:49:21] : Cycle start OFF
[14:49:21] : 측정요구3 ON
[14:49:27] : 측정요구3 OFF
[14:49:27] : 측정요구4 ON
[14:49:35] : 측정요구4 OFF
[14:49:35] : 21,20190123-144936,AL19011933031,,OK,MAX,2,1,AUTO,0.10,7.00,0.71,OK,0.10,7.00,0.16,OK,
[14:49:53] : Cycle start ON
[14:49:53] : Cycle start OFF
[14:49:53] : REQUEST MEAS. ON
[14:50:00] : REQUEST MEAS. OFF
[14:50:00] : 측정요구 ON 2
[14:50:07] : 측정요구 2OFF
[14:50:07] : 21,20190123-145008,AL19011933021,,OK,MAX,1,2,AUTO,0.10,7.00,1.08,OK,0.10,7.00,0.68,OK,
[14:50:16] : Cycle start ON
[14:50:16] : Cycle start OFF
[14:50:16] : 측정요구3 ON
[14:50:23] : 측정요구3 OFF
[14:50:23] : 측정요구4 ON
[14:50:30] : 측정요구4 OFF
[14:50:30] : 21,20190123-145031,AL19011933051,,OK,MAX,2,2,AUTO,0.10,7.00,1.82,OK,0.10,7.00,1.35,OK,
[14:50:46] : Cycle start ON
[14:50:47] : Cycle start OFF
[14:50:47] : REQUEST MEAS. ON
[14:50:53] : REQUEST MEAS. OFF
[14:50:53] : 측정요구 ON 2
[14:51:01] : 측정요구 2OFF
[14:51:01] : 21,20190123-145101,AL19011933041,,OK,MAX,1,2,AUTO,0.10,7.00,1.02,OK,0.10,7.00,0.70,OK,
[14:51:10] : Cycle start ON
[14:51:11] : Cycle start OFF
[14:51:11] : 측정요구3 ON
[14:51:17] : 측정요구3 OFF
[14:51:17] : 측정요구4 ON
[14:51:25] : 측정요구4 OFF
[14:51:25] : 21,20190123-145125,AL19011933011,,OK,MAX,2,1,AUTO,0.10,7.00,0.94,OK,0.10,7.00,0.40,OK,
[14:51:41] : Cycle start ON
[14:51:42] : Cycle start OFF
[14:51:42] : REQUEST MEAS. ON
[14:51:48] : REQUEST MEAS. OFF
[14:51:48] : 측정요구 ON 2
[14:51:56] : 측정요구 2OFF
[14:51:56] : 21,20190123-145157,AL19011932991,,OK,MAX,1,2,AUTO,0.10,7.00,1.15,OK,0.10,7.00,0.87,OK,
[14:52:05] : Cycle start ON
[14:52:06] : Cycle start OFF
[14:52:06] : 측정요구3 ON
[14:52:12] : 측정요구3 OFF
[14:52:12] : 측정요구4 ON
[14:52:20] : 측정요구4 OFF
[14:52:20] : 21,20190123-145220,AL19011932971,,NG,MAX,2,1,AUTO,0.10,7.00,0.45,OK,0.10,7.00,0.02,NG,
[14:52:34] : Cycle start ON
[14:52:35] : Cycle start OFF
[14:52:35] : REQUEST MEAS. ON
[14:52:41] : REQUEST MEAS. OFF
[14:52:42] : 측정요구 ON 2
[14:52:49] : 측정요구 2OFF
[14:52:49] : 21,20190123-145250,AL19011930551,,OK,MAX,1,1,AUTO,0.10,7.00,0.77,OK,0.10,7.00,0.49,OK,
[14:52:58] : Cycle start ON
[14:52:59] : Cycle start OFF
[14:52:59] : 측정요구3 ON
[14:53:05] : 측정요구3 OFF
[14:53:05] : 측정요구4 ON
[14:53:13] : 측정요구4 OFF
[14:53:13] : 21,20190123-145313,AL19011930561,,OK,MAX,2,1,AUTO,0.10,7.00,0.97,OK,0.10,7.00,0.28,OK,
[14:53:29] : Cycle start ON
[14:53:30] : Cycle start OFF
[14:53:30] : REQUEST MEAS. ON
[14:53:36] : REQUEST MEAS. OFF
[14:53:36] : 측정요구 ON 2
[14:53:44] : 측정요구 2OFF
[14:53:44] : 21,20190123-145344,AL19011930531,,OK,MAX,1,3,AUTO,0.10,7.00,3.39,OK,0.10,7.00,3.21,OK,
[14:53:52] : Cycle start ON
[14:53:53] : Cycle start OFF
[14:53:53] : 측정요구3 ON
[14:53:59] : 측정요구3 OFF
[14:54:00] : 측정요구4 ON
[14:54:07] : 측정요구4 OFF
[14:54:07] : 21,20190123-145408,AL19011930521,,OK,MAX,2,3,AUTO,0.10,7.00,4.33,OK,0.10,7.00,3.75,OK,
[14:54:24] : Cycle start ON
[14:54:24] : Cycle start OFF
[14:54:24] : REQUEST MEAS. ON
[14:54:31] : REQUEST MEAS. OFF
[14:54:31] : 측정요구 ON 2
[14:54:38] : 측정요구 2OFF
[14:54:38] : 21,20190123-145438,AL19011930511,,OK,MAX,1,3,AUTO,0.10,7.00,3.48,OK,0.10,7.00,3.40,OK,
[14:54:48] : Cycle start ON
[14:54:49] : Cycle start OFF
[14:54:49] : 측정요구3 ON
[14:54:56] : 측정요구3 OFF
[14:54:56] : 측정요구4 ON
[14:55:03] : 측정요구4 OFF
[14:55:03] : 21,20190123-145503,AL19011930571,,OK,MAX,2,3,AUTO,0.10,7.00,4.48,OK,0.10,7.00,3.73,OK,
[14:55:18] : Cycle start ON
[14:55:19] : Cycle start OFF
[14:55:19] : REQUEST MEAS. ON
[14:55:25] : REQUEST MEAS. OFF
[14:55:25] : 측정요구 ON 2
[14:55:33] : 측정요구 2OFF
[14:55:33] : 21,20190123-145533,AL19011930581,,OK,MAX,1,2,AUTO,0.10,7.00,1.33,OK,0.10,7.00,0.97,OK,
[14:55:42] : Cycle start ON
[14:55:42] : Cycle start OFF
[14:55:42] : 측정요구3 ON
[14:55:49] : 측정요구3 OFF
[14:55:49] : 측정요구4 ON
[14:55:57] : 측정요구4 OFF
[14:55:57] : 21,20190123-145557,,,OK,MAX,2,1,AUTO,0.10,7.00,0.86,OK,0.10,7.00,0.41,OK,
[14:56:13] : Cycle start ON
[14:56:14] : Cycle start OFF
[14:56:14] : REQUEST MEAS. ON
[14:56:20] : REQUEST MEAS. OFF
[14:56:20] : 측정요구 ON 2
[14:56:27] : 측정요구 2OFF
[14:56:27] : 21,20190123-145628,AL19011930541,,OK,MAX,1,3,AUTO,0.10,7.00,3.50,OK,0.10,7.00,3.08,OK,
[14:56:37] : Cycle start ON
[14:56:38] : Cycle start OFF
[14:56:38] : 측정요구3 ON
[14:56:44] : 측정요구3 OFF
[14:56:44] : 측정요구4 ON
[14:56:52] : 측정요구4 OFF
[14:56:52] : 21,20190123-145652,AL19011930601,,OK,MAX,2,1,AUTO,0.10,7.00,0.94,OK,0.10,7.00,0.39,OK,
[14:57:07] : Cycle start ON
[14:57:07] : Cycle start OFF
[14:57:07] : REQUEST MEAS. ON
[14:57:14] : REQUEST MEAS. OFF
[14:57:14] : 측정요구 ON 2
[14:57:21] : 측정요구 2OFF
[14:57:21] : 21,20190123-145722,AL19011933091,,OK,MAX,1,2,AUTO,0.10,7.00,1.92,OK,0.10,7.00,1.39,OK,
[14:57:32] : Cycle start ON
[14:57:32] : Cycle start OFF
[14:57:32] : 측정요구3 ON
[14:57:39] : 측정요구3 OFF
[14:57:39] : 측정요구4 ON
[14:57:46] : 측정요구4 OFF
[14:57:46] : 21,20190123-145747,AL19011933101,,OK,MAX,2,1,AUTO,0.10,7.00,0.87,OK,0.10,7.00,0.23,OK,
[14:58:02] : Cycle start ON
[14:58:02] : Cycle start OFF
[14:58:02] : REQUEST MEAS. ON
[14:58:09] : REQUEST MEAS. OFF
[14:58:09] : 측정요구 ON 2
[14:58:16] : 측정요구 2OFF
[14:58:16] : 21,20190123-145817,AL19011933111,,OK,MAX,1,3,AUTO,0.10,7.00,3.57,OK,0.10,7.00,3.50,OK,
[14:58:25] : Cycle start ON
[14:58:26] : Cycle start OFF
[14:58:26] : 측정요구3 ON
[14:58:32] : 측정요구3 OFF
[14:58:32] : 측정요구4 ON
[14:58:39] : 측정요구4 OFF
[14:58:39] : 21,20190123-145840,AL19011933121,,OK,MAX,2,2,AUTO,0.10,7.00,2.49,OK,0.10,7.00,2.06,OK,
[14:58:58] : Cycle start ON
[14:58:58] : Cycle start OFF
[14:58:58] : REQUEST MEAS. ON
[14:59:05] : REQUEST MEAS. OFF
[14:59:05] : 측정요구 ON 2
[14:59:12] : 측정요구 2OFF
[14:59:12] : 21,20190123-145913,AL19011933131,,OK,MAX,1,2,AUTO,0.10,7.00,2.06,OK,0.10,7.00,1.65,OK,
[14:59:21] : Cycle start ON
[14:59:21] : Cycle start OFF
[14:59:21] : 측정요구3 ON
[14:59:28] : 측정요구3 OFF
[14:59:28] : 측정요구4 ON
[14:59:35] : 측정요구4 OFF
[14:59:35] : 21,20190123-145936,AL19011933141,,OK,MAX,2,2,AUTO,0.10,7.00,2.29,OK,0.10,7.00,1.72,OK,
[14:59:48] : Cycle start ON
[14:59:48] : Cycle start OFF
[14:59:48] : REQUEST MEAS. ON
[14:59:55] : REQUEST MEAS. OFF
[14:59:55] : 측정요구 ON 2
[15:00:02] : 측정요구 2OFF
[15:00:02] : 21,20190123-150002,AL19011933161,,OK,MAX,1,2,AUTO,0.10,7.00,1.76,OK,0.10,7.00,1.14,OK,
[15:03:39] : Cycle start ON
[15:03:39] : Cycle start OFF
[15:03:39] : REQUEST MEAS. ON
[15:03:46] : REQUEST MEAS. OFF
[15:03:46] : 측정요구 ON 2
[15:03:53] : 측정요구 2OFF
[15:03:53] : 21,20190123-150353,AL19011933001,,OK,MAX,1,1,AUTO,0.10,7.00,0.43,OK,0.10,7.00,0.21,OK,
[15:04:45] : Cycle start ON
[15:04:45] : Cycle start OFF
[15:04:45] : 측정요구3 ON
[15:04:52] : 측정요구3 OFF
[15:04:52] : 측정요구4 ON
[15:05:00] : 측정요구4 OFF
[15:05:00] : 21,20190123-150500,AL19011932981,,OK,MAX,2,2,AUTO,0.10,7.00,2.07,OK,0.10,7.00,1.42,OK,
[15:05:01] : Cycle start ON
[15:05:01] : Cycle start OFF
[15:05:01] : REQUEST MEAS. ON
[15:05:08] : REQUEST MEAS. OFF
[15:05:08] : 측정요구 ON 2
[15:05:16] : 측정요구 2OFF
[15:05:16] : 21,20190123-150516,AL19011933171,,OK,MAX,1,2,AUTO,0.10,7.00,1.40,OK,0.10,7.00,0.94,OK,
[15:05:44] : Cycle start ON
[15:05:45] : Cycle start OFF
[15:05:45] : REQUEST MEAS. ON
[15:05:51] : REQUEST MEAS. OFF
[15:05:51] : 측정요구 ON 2
[15:05:59] : 측정요구 2OFF
[15:05:59] : 21,20190123-150600,AL19011932471,,OK,MAX,1,3,AUTO,0.10,7.00,4.44,OK,0.10,7.00,3.96,OK,
[15:06:07] : Cycle start ON
[15:06:07] : Cycle start OFF
[15:06:07] : 측정요구3 ON
[15:06:14] : 측정요구3 OFF
[15:06:14] : 측정요구4 ON
[15:06:21] : 측정요구4 OFF
[15:06:21] : 21,20190123-150622,AL19011932601,,OK,MAX,2,3,AUTO,0.10,7.00,3.39,OK,0.10,7.00,2.76,OK,
[15:06:37] : Cycle start ON
[15:06:38] : Cycle start OFF
[15:06:38] : REQUEST MEAS. ON
[15:06:44] : REQUEST MEAS. OFF
[15:06:44] : 측정요구 ON 2
[15:06:51] : 측정요구 2OFF
[15:06:51] : 21,20190123-150652,AL19011932491,,OK,MAX,1,3,AUTO,0.10,7.00,3.59,OK,0.10,7.00,3.15,OK,
[15:07:04] : Cycle start ON
[15:07:05] : Cycle start OFF
[15:07:05] : 측정요구3 ON
[15:07:11] : 측정요구3 OFF
[15:07:11] : 측정요구4 ON
[15:07:19] : 측정요구4 OFF
[15:07:19] : 21,20190123-150719,AL19011932611,,OK,MAX,2,2,AUTO,0.10,7.00,2.01,OK,0.10,7.00,1.20,OK,
[15:07:31] : Cycle start ON
[15:07:32] : Cycle start OFF
[15:07:32] : REQUEST MEAS. ON
[15:07:38] : REQUEST MEAS. OFF
[15:07:38] : 측정요구 ON 2
[15:07:45] : 측정요구 2OFF
[15:07:45] : 21,20190123-150746,AL19011932431,,OK,MAX,1,3,AUTO,0.10,7.00,3.21,OK,0.10,7.00,2.34,OK,
[15:07:58] : Cycle start ON
[15:07:58] : Cycle start OFF
[15:07:58] : 측정요구3 ON
[15:08:05] : 측정요구3 OFF
[15:08:05] : 측정요구4 ON
[15:08:12] : 측정요구4 OFF
[15:08:12] : 21,20190123-150813,AL19011932501,,OK,MAX,2,1,AUTO,0.10,7.00,0.86,OK,0.10,7.00,0.42,OK,
[15:08:25] : Cycle start ON
[15:08:26] : Cycle start OFF
[15:08:26] : REQUEST MEAS. ON
[15:08:33] : REQUEST MEAS. OFF
[15:08:33] : 측정요구 ON 2
[15:08:40] : 측정요구 2OFF
[15:08:40] : 21,20190123-150841,AL19011932511,,OK,MAX,1,1,AUTO,0.10,7.00,0.84,OK,0.10,7.00,0.56,OK,
[15:08:51] : Cycle start ON
[15:08:52] : Cycle start OFF
[15:08:52] : 측정요구3 ON
[15:08:58] : 측정요구3 OFF
[15:08:58] : 측정요구4 ON
[15:09:06] : 측정요구4 OFF
[15:09:06] : 21,20190123-150906,AL19011932521,,OK,MAX,2,3,AUTO,0.10,7.00,4.25,OK,0.10,7.00,3.68,OK,
[15:09:20] : Cycle start ON
[15:09:20] : Cycle start OFF
[15:09:20] : REQUEST MEAS. ON
[15:09:27] : REQUEST MEAS. OFF
[15:09:27] : 측정요구 ON 2
[15:09:34] : 측정요구 2OFF
[15:09:34] : 21,20190123-150935,AL19011932531,,OK,MAX,1,2,AUTO,0.10,7.00,1.10,OK,0.10,7.00,0.78,OK,
[15:09:45] : Cycle start ON
[15:09:45] : Cycle start OFF
[15:09:45] : 측정요구3 ON
[15:09:51] : 측정요구3 OFF
[15:09:51] : 측정요구4 ON
[15:09:59] : 측정요구4 OFF
[15:09:59] : 21,20190123-150959,AL19011932541,,OK,MAX,2,3,AUTO,0.10,7.00,3.90,OK,0.10,7.00,2.86,OK,
[15:10:14] : Cycle start ON
[15:10:14] : Cycle start OFF
[15:10:14] : REQUEST MEAS. ON
[15:10:21] : REQUEST MEAS. OFF
[15:10:21] : 측정요구 ON 2
[15:10:29] : 측정요구 2OFF
[15:10:29] : 21,20190123-151029,AL19011930111,,OK,MAX,1,2,AUTO,0.10,7.00,2.04,OK,0.10,7.00,1.56,OK,
[15:10:39] : Cycle start ON
[15:10:39] : 측정요구3 ON
[15:10:39] : Cycle start OFF
[15:10:46] : 측정요구3 OFF
[15:10:46] : 측정요구4 ON
[15:10:53] : 측정요구4 OFF
[15:10:53] : 21,20190123-151054,AL19011930121,,OK,MAX,2,3,AUTO,0.10,7.00,4.03,OK,0.10,7.00,2.95,OK,
[15:11:09] : Cycle start ON
[15:11:09] : Cycle start OFF
[15:11:09] : REQUEST MEAS. ON
[15:11:16] : REQUEST MEAS. OFF
[15:11:16] : 측정요구 ON 2
[15:11:23] : 측정요구 2OFF
[15:11:23] : 21,20190123-151124,AL19011930131,,OK,MAX,1,2,AUTO,0.10,7.00,1.21,OK,0.10,7.00,1.03,OK,
[15:11:33] : Cycle start ON
[15:11:33] : Cycle start OFF
[15:11:33] : 측정요구3 ON
[15:11:39] : 측정요구3 OFF
[15:11:40] : 측정요구4 ON
[15:11:47] : 측정요구4 OFF
[15:11:47] : 21,20190123-151147,AL19011930141,,OK,MAX,2,2,AUTO,0.10,7.00,2.13,OK,0.10,7.00,1.50,OK,
[15:12:03] : Cycle start ON
[15:12:04] : Cycle start OFF
[15:12:04] : REQUEST MEAS. ON
[15:12:10] : REQUEST MEAS. OFF
[15:12:10] : 측정요구 ON 2
[15:12:18] : 측정요구 2OFF
[15:12:18] : 21,20190123-151218,AL19011930151,,OK,MAX,1,2,AUTO,0.10,7.00,1.49,OK,0.10,7.00,1.23,OK,
[15:12:27] : Cycle start ON
[15:12:27] : Cycle start OFF
[15:12:27] : 측정요구3 ON
[15:12:34] : 측정요구3 OFF
[15:12:34] : 측정요구4 ON
[15:12:42] : 측정요구4 OFF
[15:12:42] : 21,20190123-151242,AL19011930161,,OK,MAX,2,3,AUTO,0.10,7.00,3.82,OK,0.10,7.00,3.18,OK,
[15:12:58] : Cycle start ON
[15:12:58] : Cycle start OFF
[15:12:58] : REQUEST MEAS. ON
[15:13:05] : REQUEST MEAS. OFF
[15:13:05] : 측정요구 ON 2
[15:13:12] : 측정요구 2OFF
[15:13:12] : 21,20190123-151313,AL19011930191,,OK,MAX,1,3,AUTO,0.10,7.00,3.02,OK,0.10,7.00,2.56,OK,
[15:13:22] : Cycle start ON
[15:13:22] : Cycle start OFF
[15:13:22] : 측정요구3 ON
[15:13:29] : 측정요구3 OFF
[15:13:29] : 측정요구4 ON
[15:13:36] : 측정요구4 OFF
[15:13:36] : 21,20190123-151337,AL19011930201,,OK,MAX,2,3,AUTO,0.10,7.00,4.03,OK,0.10,7.00,3.16,OK,
[15:13:52] : Cycle start ON
[15:13:53] : Cycle start OFF
[15:13:53] : REQUEST MEAS. ON
[15:13:59] : REQUEST MEAS. OFF
[15:13:59] : 측정요구 ON 2
[15:14:07] : 측정요구 2OFF
[15:14:07] : 21,20190123-151407,AL19011930181,,OK,MAX,1,2,AUTO,0.10,7.00,1.18,OK,0.10,7.00,0.84,OK,
[15:14:16] : Cycle start ON
[15:14:16] : Cycle start OFF
[15:14:16] : 측정요구3 ON
[15:14:23] : 측정요구3 OFF
[15:14:23] : 측정요구4 ON
[15:14:31] : 측정요구4 OFF
[15:14:31] : 21,20190123-151431,AL19011930211,,OK,MAX,2,2,AUTO,0.10,7.00,1.49,OK,0.10,7.00,0.78,OK,
[15:14:48] : Cycle start ON
[15:14:48] : Cycle start OFF
[15:14:48] : REQUEST MEAS. ON
[15:14:55] : REQUEST MEAS. OFF
[15:14:55] : 측정요구 ON 2
[15:15:02] : 측정요구 2OFF
[15:15:02] : 21,20190123-151503,AL19011932301,,OK,MAX,1,2,AUTO,0.10,7.00,2.82,OK,0.10,7.00,2.22,OK,
[15:15:12] : Cycle start ON
[15:15:13] : Cycle start OFF
[15:15:13] : 측정요구3 ON
[15:15:19] : 측정요구3 OFF
[15:15:19] : 측정요구4 ON
[15:15:26] : 측정요구4 OFF
[15:15:26] : 21,20190123-151527,AL19011932291,,OK,MAX,2,1,AUTO,0.10,7.00,0.96,OK,0.10,7.00,0.52,OK,
[15:15:42] : Cycle start ON
[15:15:42] : Cycle start OFF
[15:15:42] : REQUEST MEAS. ON
[15:15:48] : REQUEST MEAS. OFF
[15:15:49] : 측정요구 ON 2
[15:15:56] : 측정요구 2OFF
[15:15:56] : 21,20190123-151556,AL19011932131,,OK,MAX,1,3,AUTO,0.10,7.00,3.10,OK,0.10,7.00,2.71,OK,
[15:16:05] : Cycle start ON
[15:16:05] : Cycle start OFF
[15:16:05] : 측정요구3 ON
[15:16:12] : 측정요구3 OFF
[15:16:12] : 측정요구4 ON
[15:16:20] : 측정요구4 OFF
[15:16:20] : 21,20190123-151620,AL19011932111,,OK,MAX,2,2,AUTO,0.10,7.00,1.59,OK,0.10,7.00,0.86,OK,
[15:16:36] : Cycle start ON
[15:16:36] : Cycle start OFF
[15:16:36] : REQUEST MEAS. ON
[15:16:43] : REQUEST MEAS. OFF
[15:16:43] : 측정요구 ON 2
[15:16:50] : 측정요구 2OFF
[15:16:50] : 21,20190123-151651,AL19011932121,,OK,MAX,1,2,AUTO,0.10,7.00,1.37,OK,0.10,7.00,1.02,OK,
[15:16:59] : Cycle start ON
[15:16:59] : Cycle start OFF
[15:16:59] : 측정요구3 ON
[15:17:06] : 측정요구3 OFF
[15:17:06] : 측정요구4 ON
[15:17:13] : 측정요구4 OFF
[15:17:13] : 21,20190123-151714,AL19011932281,,OK,MAX,2,3,AUTO,0.10,7.00,3.91,OK,0.10,7.00,3.03,OK,
[15:17:32] : Cycle start ON
[15:17:32] : Cycle start OFF
[15:17:32] : REQUEST MEAS. ON
[15:17:39] : REQUEST MEAS. OFF
[15:17:39] : 측정요구 ON 2
[15:17:46] : 측정요구 2OFF
[15:17:46] : 21,20190123-151747,AL19011932351,,OK,MAX,1,2,AUTO,0.10,7.00,2.95,OK,0.10,7.00,2.69,OK,
[15:17:54] : Cycle start ON
[15:17:54] : 측정요구3 ON
[15:17:55] : Cycle start OFF
[15:18:01] : 측정요구3 OFF
[15:18:01] : 측정요구4 ON
[15:18:08] : 측정요구4 OFF
[15:18:08] : 21,20190123-151809,AL19011932341,,NG,MAX,2,1,AUTO,0.10,7.00,0.98,OK,0.10,7.00,0.10,NG,
[15:18:25] : Cycle start ON
[15:18:25] : Cycle start OFF
[15:18:25] : REQUEST MEAS. ON
[15:18:32] : REQUEST MEAS. OFF
[15:18:32] : 측정요구 ON 2
[15:18:39] : 측정요구 2OFF
[15:18:39] : 21,20190123-151840,AL19011932331,,OK,MAX,1,1,AUTO,0.10,7.00,0.89,OK,0.10,7.00,0.56,OK,
[15:18:48] : Cycle start ON
[15:18:49] : Cycle start OFF
[15:18:49] : 측정요구3 ON
[15:18:55] : 측정요구3 OFF
[15:18:56] : 측정요구4 ON
[15:19:03] : 측정요구4 OFF
[15:19:03] : 21,20190123-151904,AL19011932311,,NG,MAX,2,1,AUTO,0.10,7.00,0.58,OK,0.10,7.00,0.08,NG,
[15:19:20] : Cycle start ON
[15:19:20] : Cycle start OFF
[15:19:20] : REQUEST MEAS. ON
[15:19:27] : REQUEST MEAS. OFF
[15:19:27] : 측정요구 ON 2
[15:19:34] : 측정요구 2OFF
[15:19:34] : 21,20190123-151934,AL19011930311,,OK,MAX,1,2,AUTO,0.10,7.00,1.29,OK,0.10,7.00,1.07,OK,
[15:19:43] : Cycle start ON
[15:19:43] : Cycle start OFF
[15:19:43] : 측정요구3 ON
[15:19:49] : 측정요구3 OFF
[15:19:50] : 측정요구4 ON
[15:19:57] : 측정요구4 OFF
[15:19:57] : 21,20190123-151958,AL19011930271,,OK,MAX,2,2,AUTO,0.10,7.00,1.67,OK,0.10,7.00,1.02,OK,
[15:20:14] : Cycle start ON
[15:20:15] : Cycle start OFF
[15:20:15] : REQUEST MEAS. ON
[15:20:21] : REQUEST MEAS. OFF
[15:20:21] : 측정요구 ON 2
[15:20:29] : 측정요구 2OFF
[15:20:29] : 21,20190123-152029,AL19011930341,,OK,MAX,1,2,AUTO,0.10,7.00,1.25,OK,0.10,7.00,0.93,OK,
[15:20:38] : Cycle start ON
[15:20:38] : Cycle start OFF
[15:20:38] : 측정요구3 ON
[15:20:45] : 측정요구3 OFF
[15:20:45] : 측정요구4 ON
[15:20:53] : 측정요구4 OFF
[15:20:53] : 21,20190123-152053,AL19011930331,,OK,MAX,2,2,AUTO,0.10,7.00,1.45,OK,0.10,7.00,0.84,OK,
[15:21:09] : Cycle start ON
[15:21:10] : Cycle start OFF
[15:21:10] : REQUEST MEAS. ON
[15:21:16] : REQUEST MEAS. OFF
[15:21:16] : 측정요구 ON 2
[15:21:24] : 측정요구 2OFF
[15:21:24] : 21,20190123-152125,AL19011930321,,OK,MAX,1,2,AUTO,0.10,7.00,1.08,OK,0.10,7.00,0.76,OK,
[15:21:32] : Cycle start ON
[15:21:32] : Cycle start OFF
[15:21:32] : 측정요구3 ON
[15:21:39] : 측정요구3 OFF
[15:21:39] : 측정요구4 ON
[15:21:46] : 측정요구4 OFF
[15:21:46] : 21,20190123-152146,AL19011930371,,OK,MAX,2,2,AUTO,0.10,7.00,1.28,OK,0.10,7.00,0.61,OK,
[15:22:03] : Cycle start ON
[15:22:03] : Cycle start OFF
[15:22:03] : REQUEST MEAS. ON
[15:22:10] : REQUEST MEAS. OFF
[15:22:10] : 측정요구 ON 2
[15:22:18] : 측정요구 2OFF
[15:22:18] : 21,20190123-152218,AL19011930351,,OK,MAX,1,2,AUTO,0.10,7.00,1.21,OK,0.10,7.00,0.79,OK,
[15:22:26] : Cycle start ON
[15:22:27] : Cycle start OFF
[15:22:27] : 측정요구3 ON
[15:22:34] : 측정요구3 OFF
[15:22:34] : 측정요구4 ON
[15:22:41] : 측정요구4 OFF
[15:22:41] : 21,20190123-152242,AL19011930381,,OK,MAX,2,2,AUTO,0.10,7.00,1.53,OK,0.10,7.00,0.95,OK,
[15:22:58] : Cycle start ON
[15:22:58] : Cycle start OFF
[15:22:58] : REQUEST MEAS. ON
[15:23:05] : REQUEST MEAS. OFF
[15:23:05] : 측정요구 ON 2
[15:23:12] : 측정요구 2OFF
[15:23:12] : 21,20190123-152313,AL19011930391,,OK,MAX,1,3,AUTO,0.10,7.00,3.16,OK,0.10,7.00,2.89,OK,
[15:23:21] : Cycle start ON
[15:23:22] : Cycle start OFF
[15:23:22] : 측정요구3 ON
[15:23:28] : 측정요구3 OFF
[15:23:28] : 측정요구4 ON
[15:23:35] : 측정요구4 OFF
[15:23:35] : 21,20190123-152336,AL19011930401,,OK,MAX,2,2,AUTO,0.10,7.00,1.16,OK,0.10,7.00,0.55,OK,
[15:23:52] : Cycle start ON
[15:23:52] : Cycle start OFF
[15:23:52] : REQUEST MEAS. ON
[15:23:59] : REQUEST MEAS. OFF
[15:23:59] : 측정요구 ON 2
[15:24:06] : 측정요구 2OFF
[15:24:06] : 21,20190123-152407,AL19011930801,,OK,MAX,1,2,AUTO,0.10,7.00,1.11,OK,0.10,7.00,0.89,OK,
[15:24:16] : Cycle start ON
[15:24:17] : 측정요구3 ON
[15:24:17] : Cycle start OFF
[15:24:23] : 측정요구3 OFF
[15:24:23] : 측정요구4 ON
[15:24:31] : 측정요구4 OFF
[15:24:31] : 21,20190123-152431,AL19011930821,,OK,MAX,2,3,AUTO,0.10,7.00,4.48,OK,0.10,7.00,3.89,OK,
[15:25:11] : Cycle start ON
[15:25:11] : Cycle start OFF
[15:25:11] : 측정요구3 ON
[15:25:18] : 측정요구3 OFF
[15:25:18] : 측정요구4 ON
[15:25:25] : 측정요구4 OFF
[15:25:25] : 21,20190123-152525,AL19011930841,,OK,MAX,2,1,AUTO,0.10,7.00,0.97,OK,0.10,7.00,0.35,OK,
[15:25:39] : AUTO RUNNING OFF
[15:27:01] : MEAS ESC ON
[15:27:01] : MEAS ESC OFF
[15:27:01] : AUTO RUNNING ON
[15:27:32] : Cycle start ON
[15:27:32] : Cycle start OFF
[15:27:32] : REQUEST MEAS. ON
[15:27:39] : REQUEST MEAS. OFF
[15:27:39] : 측정요구 ON 2
[15:27:45] : Cycle start ON
[15:27:45] : Cycle start OFF
[15:27:46] : 측정요구 2OFF
[15:27:46] : 21,20190123-152746,AL19011930811,,OK,MAX,1,2,AUTO,0.10,7.00,0.91,OK,0.10,7.00,1.13,OK,
[15:27:46] : 측정요구3 ON
[15:27:53] : 측정요구3 OFF
[15:27:53] : 측정요구4 ON
[15:28:01] : 측정요구4 OFF
[15:28:01] : 21,20190123-152801,AL19011930881,,OK,MAX,2,2,AUTO,0.10,7.00,1.74,OK,0.10,7.00,1.24,OK,
[15:28:30] : Cycle start ON
[15:28:30] : Cycle start OFF
[15:28:30] : REQUEST MEAS. ON
[15:28:37] : REQUEST MEAS. OFF
[15:28:37] : 측정요구 ON 2
[15:28:44] : 측정요구 2OFF
[15:28:44] : 21,20190123-152844,AL19011930891,,OK,MAX,1,2,AUTO,0.10,7.00,1.59,OK,0.10,7.00,1.33,OK,
[15:28:51] : Cycle start ON
[15:28:52] : Cycle start OFF
[15:28:52] : 측정요구3 ON
[15:28:58] : 측정요구3 OFF
[15:28:58] : 측정요구4 ON
[15:29:06] : 측정요구4 OFF
[15:29:06] : 21,20190123-152907,AL19011930861,,OK,MAX,2,2,AUTO,0.10,7.00,1.26,OK,0.10,7.00,0.70,OK,
[15:29:21] : Cycle start ON
[15:29:22] : Cycle start OFF
[15:29:22] : REQUEST MEAS. ON
[15:29:28] : REQUEST MEAS. OFF
[15:29:28] : 측정요구 ON 2
[15:29:36] : 측정요구 2OFF
[15:29:36] : 21,20190123-152936,AL19011930871,,OK,MAX,1,2,AUTO,0.10,7.00,1.22,OK,0.10,7.00,0.93,OK,
[15:29:49] : Cycle start ON
[15:29:50] : Cycle start OFF
[15:29:50] : 측정요구3 ON
[15:29:56] : 측정요구3 OFF
[15:29:56] : 측정요구4 ON
[15:30:04] : 측정요구4 OFF
[15:30:04] : 21,20190123-153005,,,OK,MAX,2,3,AUTO,0.10,7.00,3.35,OK,0.10,7.00,2.48,OK,
[15:30:15] : Cycle start ON
[15:30:16] : Cycle start OFF
[15:30:16] : REQUEST MEAS. ON
[15:30:22] : REQUEST MEAS. OFF
[15:30:22] : 측정요구 ON 2
[15:30:30] : 측정요구 2OFF
[15:30:30] : 21,20190123-153030,AL19011932141,,OK,MAX,1,2,AUTO,0.10,7.00,2.13,OK,0.10,7.00,1.52,OK,
[15:30:43] : Cycle start ON
[15:30:43] : Cycle start OFF
[15:30:43] : 측정요구3 ON
[15:30:50] : 측정요구3 OFF
[15:30:50] : 측정요구4 ON
[15:30:57] : 측정요구4 OFF
[15:30:57] : 21,20190123-153058,AL19011932151,,OK,MAX,2,3,AUTO,0.10,7.00,3.11,OK,0.10,7.00,2.10,OK,
[15:31:11] : Cycle start ON
[15:31:11] : Cycle start OFF
[15:31:11] : REQUEST MEAS. ON
[15:31:18] : REQUEST MEAS. OFF
[15:31:18] : 측정요구 ON 2
[15:31:25] : 측정요구 2OFF
[15:31:25] : 21,20190123-153126,AL19011932161,,OK,MAX,1,3,AUTO,0.10,7.00,3.14,OK,0.10,7.00,2.57,OK,
[15:31:34] : Cycle start ON
[15:31:34] : Cycle start OFF
[15:31:34] : 측정요구3 ON
[15:31:41] : 측정요구3 OFF
[15:31:41] : 측정요구4 ON
[15:31:48] : 측정요구4 OFF
[15:31:48] : 21,20190123-153148,AL19011932171,,OK,MAX,2,3,AUTO,0.10,7.00,3.29,OK,0.10,7.00,2.31,OK,
[15:32:04] : Cycle start ON
[15:32:05] : Cycle start OFF
[15:32:05] : REQUEST MEAS. ON
[15:32:11] : REQUEST MEAS. OFF
[15:32:11] : 측정요구 ON 2
[15:32:18] : 측정요구 2OFF
[15:32:18] : 21,20190123-153219,AL19011932181,,OK,MAX,1,2,AUTO,0.10,7.00,1.27,OK,0.10,7.00,0.97,OK,
[15:32:29] : Cycle start ON
[15:32:30] : Cycle start OFF
[15:32:30] : 측정요구3 ON
[15:32:36] : 측정요구3 OFF
[15:32:36] : 측정요구4 ON
[15:32:44] : 측정요구4 OFF
[15:32:44] : 21,20190123-153244,AL19011932191,,OK,MAX,2,2,AUTO,0.10,7.00,1.51,OK,0.10,7.00,0.87,OK,
[15:32:58] : Cycle start ON
[15:32:59] : Cycle start OFF
[15:32:59] : REQUEST MEAS. ON
[15:33:05] : REQUEST MEAS. OFF
[15:33:06] : 측정요구 ON 2
[15:33:13] : 측정요구 2OFF
[15:33:13] : 21,20190123-153313,AL19011932201,,OK,MAX,1,1,AUTO,0.10,7.00,0.90,OK,0.10,7.00,0.56,OK,
[15:33:24] : Cycle start ON
[15:33:24] : Cycle start OFF
[15:33:24] : 측정요구3 ON
[15:33:31] : 측정요구3 OFF
[15:33:31] : 측정요구4 ON
[15:33:38] : 측정요구4 OFF
[15:33:38] : 21,20190123-153339,AL19011932221,,OK,MAX,2,2,AUTO,0.10,7.00,1.11,OK,0.10,7.00,0.59,OK,
[15:33:53] : Cycle start ON
[15:33:53] : Cycle start OFF
[15:33:53] : REQUEST MEAS. ON
[15:33:59] : REQUEST MEAS. OFF
[15:34:00] : 측정요구 ON 2
[15:34:07] : 측정요구 2OFF
[15:34:07] : 21,20190123-153408,AL19011932231,,OK,MAX,1,2,AUTO,0.10,7.00,1.36,OK,0.10,7.00,1.03,OK,
[15:34:17] : Cycle start ON
[15:34:18] : Cycle start OFF
[15:34:18] : 측정요구3 ON
[15:34:24] : 측정요구3 OFF
[15:34:24] : 측정요구4 ON
[15:34:32] : 측정요구4 OFF
[15:34:32] : 21,20190123-153432,AL19011932241,,OK,MAX,2,1,AUTO,0.10,7.00,0.81,OK,0.10,7.00,0.23,OK,
[15:34:47] : Cycle start ON
[15:34:48] : Cycle start OFF
[15:34:48] : REQUEST MEAS. ON
[15:34:54] : REQUEST MEAS. OFF
[15:34:54] : 측정요구 ON 2
[15:35:02] : 측정요구 2OFF
[15:35:02] : 21,20190123-153502,AL19011932651,,OK,MAX,1,2,AUTO,0.10,7.00,1.06,OK,0.10,7.00,0.75,OK,
[15:35:13] : Cycle start ON
[15:35:13] : Cycle start OFF
[15:35:13] : 측정요구3 ON
[15:35:20] : 측정요구3 OFF
[15:35:20] : 측정요구4 ON
[15:35:27] : 측정요구4 OFF
[15:35:27] : 21,20190123-153527,AL19011932691,,OK,MAX,2,2,AUTO,0.10,7.00,1.11,OK,0.10,7.00,0.43,OK,
[15:35:42] : Cycle start ON
[15:35:42] : Cycle start OFF
[15:35:42] : REQUEST MEAS. ON
[15:35:49] : REQUEST MEAS. OFF
[15:35:49] : 측정요구 ON 2
[15:35:57] : 측정요구 2OFF
[15:35:57] : 21,20190123-153557,AL19011932681,,OK,MAX,1,2,AUTO,0.10,7.00,1.15,OK,0.10,7.00,0.97,OK,
[15:36:05] : Cycle start ON
[15:36:06] : Cycle start OFF
[15:36:06] : 측정요구3 ON
[15:36:12] : 측정요구3 OFF
[15:36:13] : 측정요구4 ON
[15:36:20] : 측정요구4 OFF
[15:36:20] : 21,20190123-153621,AL19011932671,,OK,MAX,2,1,AUTO,0.10,7.00,0.95,OK,0.10,7.00,0.30,OK,
[15:36:37] : Cycle start ON
[15:36:38] : Cycle start OFF
[15:36:38] : REQUEST MEAS. ON
[15:36:44] : REQUEST MEAS. OFF
[15:36:44] : 측정요구 ON 2
[15:36:51] : 측정요구 2OFF
[15:36:51] : 21,20190123-153652,AL19011932661,,OK,MAX,1,2,AUTO,0.10,7.00,2.96,OK,0.10,7.00,2.39,OK,
[15:37:01] : Cycle start ON
[15:37:01] : 측정요구3 ON
[15:37:02] : Cycle start OFF
[15:37:08] : 측정요구3 OFF
[15:37:08] : 측정요구4 ON
[15:37:15] : 측정요구4 OFF
[15:37:15] : 21,20190123-153716,AL19011932861,,OK,MAX,2,3,AUTO,0.10,7.00,3.80,OK,0.10,7.00,3.48,OK,
[15:37:32] : Cycle start ON
[15:37:33] : Cycle start OFF
[15:37:33] : REQUEST MEAS. ON
[15:37:39] : REQUEST MEAS. OFF
[15:37:39] : 측정요구 ON 2
[15:37:47] : 측정요구 2OFF
[15:37:47] : 21,20190123-153748,AL19011932731,,OK,MAX,1,2,AUTO,0.10,7.00,1.22,OK,0.10,7.00,0.73,OK,
[15:37:56] : Cycle start ON
[15:37:56] : Cycle start OFF
[15:37:56] : 측정요구3 ON
[15:38:03] : 측정요구3 OFF
[15:38:03] : 측정요구4 ON
[15:38:10] : 측정요구4 OFF
[15:38:10] : 21,20190123-153811,AL19011932751,,NG,MAX,2,1,AUTO,0.10,7.00,0.36,OK,0.10,7.00,0.04,NG,
[15:38:26] : Cycle start ON
[15:38:26] : Cycle start OFF
[15:38:26] : REQUEST MEAS. ON
[15:38:33] : REQUEST MEAS. OFF
[15:38:33] : 측정요구 ON 2
[15:38:40] : 측정요구 2OFF
[15:38:40] : 21,20190123-153841,AL19011932741,,OK,MAX,1,2,AUTO,0.10,7.00,1.42,OK,0.10,7.00,1.01,OK,
[15:38:50] : Cycle start ON
[15:38:51] : Cycle start OFF
[15:38:51] : 측정요구3 ON
[15:38:57] : 측정요구3 OFF
[15:38:58] : 측정요구4 ON
[15:39:05] : 측정요구4 OFF
[15:39:05] : 21,20190123-153905,AL19011932721,,OK,MAX,2,2,AUTO,0.10,7.00,1.32,OK,0.10,7.00,0.52,OK,
[15:39:20] : Cycle start ON
[15:39:20] : Cycle start OFF
[15:39:20] : REQUEST MEAS. ON
[15:39:27] : REQUEST MEAS. OFF
[15:39:27] : 측정요구 ON 2
[15:39:35] : 측정요구 2OFF
[15:39:35] : 21,20190123-153936,AL19012132233,,OK,MAX,1,1,AUTO,0.10,7.00,0.93,OK,0.10,7.00,0.63,OK,
[15:39:45] : Cycle start ON
[15:39:46] : Cycle start OFF
[15:39:46] : 측정요구3 ON
[15:39:53] : 측정요구3 OFF
[15:39:53] : 측정요구4 ON
[15:40:00] : 측정요구4 OFF
[15:40:00] : 21,20190123-154000,AL19012132223,,OK,MAX,2,2,AUTO,0.10,7.00,1.19,OK,0.10,7.00,0.65,OK,
[15:40:15] : Cycle start ON
[15:40:15] : Cycle start OFF
[15:40:15] : REQUEST MEAS. ON
[15:40:22] : REQUEST MEAS. OFF
[15:40:22] : 측정요구 ON 2
[15:40:30] : 측정요구 2OFF
[15:40:30] : 21,20190123-154030,AL19012132313,,OK,MAX,1,3,AUTO,0.10,7.00,3.76,OK,0.10,7.00,3.12,OK,
[15:40:38] : Cycle start ON
[15:40:39] : Cycle start OFF
[15:40:39] : 측정요구3 ON
[15:40:45] : 측정요구3 OFF
[15:40:45] : 측정요구4 ON
[15:40:53] : 측정요구4 OFF
[15:40:53] : 21,20190123-154053,AL19012132253,,OK,MAX,2,2,AUTO,0.10,7.00,1.16,OK,0.10,7.00,0.47,OK,
[15:41:10] : Cycle start ON
[15:41:11] : Cycle start OFF
[15:41:11] : REQUEST MEAS. ON
[15:41:17] : REQUEST MEAS. OFF
[15:41:17] : 측정요구 ON 2
[15:41:25] : 측정요구 2OFF
[15:41:25] : 21,20190123-154125,AL19012132263,,OK,MAX,1,2,AUTO,0.10,7.00,1.97,OK,0.10,7.00,1.50,OK,
[15:41:34] : Cycle start ON
[15:41:34] : Cycle start OFF
[15:41:34] : 측정요구3 ON
[15:41:41] : 측정요구3 OFF
[15:41:41] : 측정요구4 ON
[15:41:48] : 측정요구4 OFF
[15:41:48] : 21,20190123-154149,AL19012132273,,OK,MAX,2,2,AUTO,0.10,7.00,1.78,OK,0.10,7.00,0.89,OK,
[15:42:05] : Cycle start ON
[15:42:05] : Cycle start OFF
[15:42:05] : REQUEST MEAS. ON
[15:42:12] : REQUEST MEAS. OFF
[15:42:12] : 측정요구 ON 2
[15:42:19] : 측정요구 2OFF
[15:42:19] : 21,20190123-154220,AL19012132283,,OK,MAX,1,1,AUTO,0.10,7.00,0.83,OK,0.10,7.00,0.45,OK,
[15:42:27] : Cycle start ON
[15:42:27] : Cycle start OFF
[15:42:27] : 측정요구3 ON
[15:42:34] : 측정요구3 OFF
[15:42:34] : 측정요구4 ON
[15:42:41] : 측정요구4 OFF
[15:42:41] : 21,20190123-154242,AL19012132293,,OK,MAX,2,3,AUTO,0.10,7.00,3.81,OK,0.10,7.00,2.90,OK,
[15:43:01] : Cycle start ON
[15:43:01] : Cycle start OFF
[15:43:01] : REQUEST MEAS. ON
[15:43:08] : REQUEST MEAS. OFF
[15:43:08] : 측정요구 ON 2
[15:43:15] : 측정요구 2OFF
[15:43:15] : 21,20190123-154315,AL19012132303,,OK,MAX,1,2,AUTO,0.10,7.00,2.49,OK,0.10,7.00,1.84,OK,
[15:43:22] : Cycle start ON
[15:43:23] : Cycle start OFF
[15:43:23] : 측정요구3 ON
[15:43:29] : 측정요구3 OFF
[15:43:29] : 측정요구4 ON
[15:43:36] : 측정요구4 OFF
[15:43:36] : 21,20190123-154337,AL19012132323,,OK,MAX,2,2,AUTO,0.10,7.00,2.20,OK,0.10,7.00,1.28,OK,
[15:43:54] : Cycle start ON
[15:43:54] : Cycle start OFF
[15:43:54] : REQUEST MEAS. ON
[15:44:01] : REQUEST MEAS. OFF
[15:44:01] : 측정요구 ON 2
[15:44:08] : 측정요구 2OFF
[15:44:08] : 21,20190123-154409,AL19012132113,,OK,MAX,1,1,AUTO,0.10,7.00,0.91,OK,0.10,7.00,0.64,OK,
[15:44:17] : Cycle start ON
[15:44:17] : Cycle start OFF
[15:44:17] : 측정요구3 ON
[15:44:24] : 측정요구3 OFF
[15:44:24] : 측정요구4 ON
[15:44:32] : 측정요구4 OFF
[15:44:32] : 21,20190123-154432,AL19012132123,,OK,MAX,2,1,AUTO,0.10,7.00,0.90,OK,0.10,7.00,0.25,OK,
[15:44:49] : Cycle start ON
[15:44:50] : Cycle start OFF
[15:44:50] : REQUEST MEAS. ON
[15:44:56] : REQUEST MEAS. OFF
[15:44:56] : 측정요구 ON 2
[15:45:04] : 측정요구 2OFF
[15:45:04] : 21,20190123-154505,AL19012132153,,OK,MAX,1,3,AUTO,0.10,7.00,3.73,OK,0.10,7.00,2.97,OK,
[15:45:12] : Cycle start ON
[15:45:12] : Cycle start OFF
[15:45:12] : 측정요구3 ON
[15:45:19] : 측정요구3 OFF
[15:45:19] : 측정요구4 ON
[15:45:26] : 측정요구4 OFF
[15:45:26] : 21,20190123-154527,AL19012132143,,OK,MAX,2,2,AUTO,0.10,7.00,1.01,OK,0.10,7.00,0.21,OK,
[15:45:43] : Cycle start ON
[15:45:44] : REQUEST MEAS. ON
[15:45:44] : Cycle start OFF
[15:45:50] : REQUEST MEAS. OFF
[15:45:50] : 측정요구 ON 2
[15:45:58] : 측정요구 2OFF
[15:45:58] : 21,20190123-154558,AL19012132163,,OK,MAX,1,2,AUTO,0.10,7.00,2.14,OK,0.10,7.00,1.73,OK,
[15:46:07] : Cycle start ON
[15:46:07] : Cycle start OFF
[15:46:07] : 측정요구3 ON
[15:46:14] : 측정요구3 OFF
[15:46:14] : 측정요구4 ON
[15:46:21] : 측정요구4 OFF
[15:46:21] : 21,20190123-154622,AL19012132193,,OK,MAX,2,2,AUTO,0.10,7.00,2.89,OK,0.10,7.00,2.16,OK,
[15:46:38] : Cycle start ON
[15:46:38] : Cycle start OFF
[15:46:38] : REQUEST MEAS. ON
[15:46:45] : REQUEST MEAS. OFF
[15:46:45] : 측정요구 ON 2
[15:46:52] : 측정요구 2OFF
[15:46:52] : 21,20190123-154653,AL19012132203,,OK,MAX,1,3,AUTO,0.10,7.00,3.30,OK,0.10,7.00,3.07,OK,
[15:47:02] : Cycle start ON
[15:47:02] : Cycle start OFF
[15:47:02] : 측정요구3 ON
[15:47:09] : 측정요구3 OFF
[15:47:09] : 측정요구4 ON
[15:47:16] : 측정요구4 OFF
[15:47:16] : 21,20190123-154717,AL19012132213,,OK,MAX,2,2,AUTO,0.10,7.00,1.35,OK,0.10,7.00,0.71,OK,
[15:47:32] : Cycle start ON
[15:47:33] : Cycle start OFF
[15:47:33] : REQUEST MEAS. ON
[15:47:39] : REQUEST MEAS. OFF
[15:47:39] : 측정요구 ON 2
[15:47:47] : 측정요구 2OFF
[15:47:47] : 21,20190123-154747,AL19012132173,,OK,MAX,1,3,AUTO,0.10,7.00,3.31,OK,0.10,7.00,2.71,OK,
[15:47:57] : Cycle start ON
[15:47:57] : 측정요구3 ON
[15:47:57] : Cycle start OFF
[15:48:03] : 측정요구3 OFF
[15:48:03] : 측정요구4 ON
[15:48:11] : 측정요구4 OFF
[15:48:11] : 21,20190123-154811,AL19012132243,,OK,MAX,2,3,AUTO,0.10,7.00,3.43,OK,0.10,7.00,2.72,OK,
[15:48:26] : Cycle start ON
[15:48:27] : Cycle start OFF
[15:48:27] : REQUEST MEAS. ON
[15:48:33] : REQUEST MEAS. OFF
[15:48:33] : 측정요구 ON 2
[15:48:41] : 측정요구 2OFF
[15:48:41] : 21,20190123-154842,AL19012132333,,OK,MAX,1,2,AUTO,0.10,7.00,2.00,OK,0.10,7.00,1.53,OK,
[15:48:51] : Cycle start ON
[15:48:52] : Cycle start OFF
[15:48:52] : 측정요구3 ON
[15:48:58] : 측정요구3 OFF
[15:48:58] : 측정요구4 ON
[15:49:06] : 측정요구4 OFF
[15:49:06] : 21,20190123-154906,AL19012132343,,NG,MAX,2,1,AUTO,0.10,7.00,0.61,OK,0.10,7.00,0.02,NG,
[15:49:21] : Cycle start ON
[15:49:21] : Cycle start OFF
[15:49:21] : REQUEST MEAS. ON
[15:49:28] : REQUEST MEAS. OFF
[15:49:28] : 측정요구 ON 2
[15:49:35] : 측정요구 2OFF
[15:49:35] : 21,20190123-154936,AL19012132363,,OK,MAX,1,2,AUTO,0.10,7.00,2.95,OK,0.10,7.00,2.45,OK,
[15:49:44] : Cycle start ON
[15:49:45] : Cycle start OFF
[15:49:45] : 측정요구3 ON
[15:49:51] : 측정요구3 OFF
[15:49:51] : 측정요구4 ON
[15:49:59] : 측정요구4 OFF
[15:49:59] : 21,20190123-154959,AL19012132373,,OK,MAX,2,2,AUTO,0.10,7.00,2.16,OK,0.10,7.00,0.98,OK,
[15:50:15] : Cycle start ON
[15:50:15] : Cycle start OFF
[15:50:15] : REQUEST MEAS. ON
[15:50:22] : REQUEST MEAS. OFF
[15:50:22] : 측정요구 ON 2
[15:50:30] : 측정요구 2OFF
[15:50:30] : 21,20190123-155030,AL19012132353,,NG,MAX,1,1,AUTO,0.10,7.00,0.26,OK,0.10,7.00,0.00,NG,
[15:50:40] : Cycle start ON
[15:50:40] : Cycle start OFF
[15:50:40] : 측정요구3 ON
[15:50:47] : 측정요구3 OFF
[15:50:47] : 측정요구4 ON
[15:50:54] : 측정요구4 OFF
[15:50:54] : 21,20190123-155055,AL19012132393,,OK,MAX,2,2,AUTO,0.10,7.00,2.25,OK,0.10,7.00,1.13,OK,
[15:51:10] : Cycle start ON
[15:51:11] : Cycle start OFF
[15:51:11] : REQUEST MEAS. ON
[15:51:17] : REQUEST MEAS. OFF
[15:51:17] : 측정요구 ON 2
[15:51:24] : 측정요구 2OFF
[15:51:24] : 21,20190123-155125,AL19012132383,,OK,MAX,1,2,AUTO,0.10,7.00,1.92,OK,0.10,7.00,1.26,OK,
[15:53:38] : Cycle start ON
[15:53:39] : Cycle start OFF
[15:53:39] : REQUEST MEAS. ON
[15:53:45] : REQUEST MEAS. OFF
[15:53:45] : 측정요구 ON 2
[15:53:53] : 측정요구 2OFF
[15:53:53] : 21,20190123-155354,AL19012132403,,NG,MAX,1,1,AUTO,0.10,7.00,0.29,OK,0.10,7.00,0.00,NG,
[15:53:53] : Cycle start ON
[15:53:53] : Cycle start OFF
[15:53:53] : 측정요구3 ON
[15:54:01] : 측정요구3 OFF
[15:54:01] : 측정요구4 ON
[15:54:08] : 측정요구4 OFF
[15:54:08] : 21,20190123-155409,AL19012132413,,OK,MAX,2,2,AUTO,0.10,7.00,1.75,OK,0.10,7.00,0.82,OK,
[15:54:25] : Cycle start ON
[15:54:26] : REQUEST MEAS. ON
[15:54:26] : Cycle start OFF
[15:54:32] : REQUEST MEAS. OFF
[15:54:32] : 측정요구 ON 2
[15:54:40] : 측정요구 2OFF
[15:54:40] : 21,20190123-155440,AL19012132423,,OK,MAX,1,2,AUTO,0.10,7.00,2.36,OK,0.10,7.00,1.72,OK,
[15:54:52] : Cycle start ON
[15:54:52] : Cycle start OFF
[15:54:52] : 측정요구3 ON
[15:54:59] : 측정요구3 OFF
[15:54:59] : 측정요구4 ON
[15:55:07] : 측정요구4 OFF
[15:55:07] : 21,20190123-155507,AL19012132433,,OK,MAX,2,2,AUTO,0.10,7.00,2.30,OK,0.10,7.00,1.55,OK,
[15:55:21] : Cycle start ON
[15:55:21] : Cycle start OFF
[15:55:21] : REQUEST MEAS. ON
[15:55:28] : REQUEST MEAS. OFF
[15:55:28] : 측정요구 ON 2
[15:55:35] : 측정요구 2OFF
[15:55:35] : 21,20190123-155536,AL19012132463,,OK,MAX,1,1,AUTO,0.10,7.00,0.98,OK,0.10,7.00,0.52,OK,
[15:55:46] : Cycle start ON
[15:55:46] : Cycle start OFF
[15:55:46] : 측정요구3 ON
[15:55:53] : 측정요구3 OFF
[15:55:53] : 측정요구4 ON
[15:56:00] : 측정요구4 OFF
[15:56:00] : 21,20190123-155601,AL19012132483,,NG,MAX,2,1,AUTO,0.10,7.00,0.61,OK,0.10,7.00,0.09,NG,
[15:56:15] : Cycle start ON
[15:56:15] : Cycle start OFF
[15:56:15] : REQUEST MEAS. ON
[15:56:22] : REQUEST MEAS. OFF
[15:56:22] : 측정요구 ON 2
[15:56:29] : 측정요구 2OFF
[15:56:29] : 21,20190123-155629,AL19012132473,,OK,MAX,1,1,AUTO,0.10,7.00,0.93,OK,0.10,7.00,0.59,OK,
[15:56:38] : Cycle start ON
[15:56:39] : Cycle start OFF
[15:56:39] : 측정요구3 ON
[15:56:45] : 측정요구3 OFF
[15:56:45] : 측정요구4 ON
[15:56:53] : 측정요구4 OFF
[15:56:53] : 21,20190123-155653,AL19012132443,,OK,MAX,2,1,AUTO,0.10,7.00,0.95,OK,0.10,7.00,0.25,OK,
[15:57:08] : Cycle start ON
[15:57:09] : Cycle start OFF
[15:57:09] : REQUEST MEAS. ON
[15:57:15] : REQUEST MEAS. OFF
[15:57:15] : 측정요구 ON 2
[15:57:23] : 측정요구 2OFF
[15:57:23] : 21,20190123-155723,AL19012132453,,OK,MAX,1,1,AUTO,0.10,7.00,0.81,OK,0.10,7.00,0.60,OK,
[15:57:34] : Cycle start ON
[15:57:34] : Cycle start OFF
[15:57:34] : 측정요구3 ON
[15:57:41] : 측정요구3 OFF
[15:57:41] : 측정요구4 ON
[15:57:48] : 측정요구4 OFF
[15:57:48] : 21,20190123-155748,AL19012132493,,OK,MAX,2,2,AUTO,0.10,7.00,2.62,OK,0.10,7.00,1.85,OK,
[15:58:04] : Cycle start ON
[15:58:04] : Cycle start OFF
[15:58:04] : REQUEST MEAS. ON
[15:58:11] : REQUEST MEAS. OFF
[15:58:11] : 측정요구 ON 2
[15:58:18] : 측정요구 2OFF
[15:58:18] : 21,20190123-155818,AL19012132503,,OK,MAX,1,3,AUTO,0.10,7.00,3.67,OK,0.10,7.00,3.01,OK,
[15:58:28] : Cycle start ON
[15:58:28] : Cycle start OFF
[15:58:28] : 측정요구3 ON
[15:58:35] : 측정요구3 OFF
[15:58:35] : 측정요구4 ON
[15:58:43] : 측정요구4 OFF
[15:58:43] : 21,20190123-155843,AL19012132513,,OK,MAX,2,2,AUTO,0.10,7.00,2.23,OK,0.10,7.00,1.24,OK,
[15:58:58] : Cycle start ON
[15:58:58] : Cycle start OFF
[15:58:58] : REQUEST MEAS. ON
[15:59:05] : REQUEST MEAS. OFF
[15:59:05] : 측정요구 ON 2
[15:59:13] : 측정요구 2OFF
[15:59:13] : 21,20190123-155913,AL19012132623,,OK,MAX,1,1,AUTO,0.10,7.00,0.54,OK,0.10,7.00,0.15,OK,
[15:59:22] : Cycle start ON
[15:59:23] : Cycle start OFF
[15:59:23] : 측정요구3 ON
[15:59:29] : 측정요구3 OFF
[15:59:29] : 측정요구4 ON
[15:59:37] : 측정요구4 OFF
[15:59:37] : 21,20190123-155937,AL19012132823,,OK,MAX,2,2,AUTO,0.10,7.00,2.02,OK,0.10,7.00,1.11,OK,
[15:59:52] : Cycle start ON
[15:59:52] : Cycle start OFF
[15:59:52] : REQUEST MEAS. ON
[15:59:59] : REQUEST MEAS. OFF
[15:59:59] : 측정요구 ON 2
[16:00:07] : 측정요구 2OFF
[16:00:07] : 21,20190123-160007,AL19012132843,,OK,MAX,1,2,AUTO,0.10,7.00,2.56,OK,0.10,7.00,1.84,OK,
[16:00:17] : Cycle start ON
[16:00:17] : Cycle start OFF
[16:00:17] : 측정요구3 ON
[16:00:23] : 측정요구3 OFF
[16:00:24] : 측정요구4 ON
[16:00:32] : 측정요구4 OFF
[16:00:32] : 21,20190123-160032,AL19012132833,,NG,MAX,2,1,AUTO,0.10,7.00,0.71,OK,0.10,7.00,0.05,NG,
[16:02:45] : Cycle start ON
[16:02:45] : Cycle start OFF
[16:02:45] : REQUEST MEAS. ON
[16:02:52] : REQUEST MEAS. OFF
[16:02:52] : 측정요구 ON 2
[16:03:00] : 측정요구 2OFF
[16:03:00] : 21,20190123-160300,AL19012132783,,OK,MAX,1,2,AUTO,0.10,7.00,2.28,OK,0.10,7.00,1.56,OK,
[16:03:01] : Cycle start ON
[16:03:01] : Cycle start OFF
[16:03:01] : 측정요구3 ON
[16:03:08] : 측정요구3 OFF
[16:03:08] : 측정요구4 ON
[16:03:15] : 측정요구4 OFF
[16:03:15] : 21,20190123-160316,AL19012132853,,NG,MAX,2,1,AUTO,0.10,7.00,0.45,OK,0.10,7.00,0.07,NG,
[16:03:37] : Cycle start ON
[16:03:38] : Cycle start OFF
[16:03:38] : REQUEST MEAS. ON
[16:03:44] : REQUEST MEAS. OFF
[16:03:44] : 측정요구 ON 2
[16:03:52] : 측정요구 2OFF
[16:03:52] : 21,20190123-160352,AL19012132893,,OK,MAX,1,2,AUTO,0.10,7.00,2.03,OK,0.10,7.00,1.40,OK,
[16:03:59] : Cycle start ON
[16:03:59] : Cycle start OFF
[16:03:59] : 측정요구3 ON
[16:04:06] : 측정요구3 OFF
[16:04:06] : 측정요구4 ON
[16:04:14] : 측정요구4 OFF
[16:04:14] : 21,20190123-160415,AL19012132903,,OK,MAX,2,2,AUTO,0.10,7.00,2.04,OK,0.10,7.00,1.04,OK,
[16:04:34] : Cycle start ON
[16:04:35] : Cycle start OFF
[16:04:35] : REQUEST MEAS. ON
[16:04:41] : REQUEST MEAS. OFF
[16:04:41] : 측정요구 ON 2
[16:04:49] : 측정요구 2OFF
[16:04:49] : 21,20190123-160449,AL19012132863,,OK,MAX,1,2,AUTO,0.10,7.00,1.89,OK,0.10,7.00,1.38,OK,
[16:04:56] : Cycle start ON
[16:04:56] : Cycle start OFF
[16:04:56] : 측정요구3 ON
[16:05:03] : 측정요구3 OFF
[16:05:03] : 측정요구4 ON
[16:05:10] : 측정요구4 OFF
[16:05:10] : 21,20190123-160511,AL19012132913,,NG,MAX,2,1,AUTO,0.10,7.00,0.51,OK,0.10,7.00,0.07,NG,
[16:05:31] : Cycle start ON
[16:05:32] : Cycle start OFF
[16:05:32] : REQUEST MEAS. ON
[16:05:38] : REQUEST MEAS. OFF
[16:05:38] : 측정요구 ON 2
[16:05:46] : 측정요구 2OFF
[16:05:46] : 21,20190123-160546,AL19012132923,,OK,MAX,1,2,AUTO,0.10,7.00,1.70,OK,0.10,7.00,1.06,OK,
[17:05:36] : AUTO RUNNING OFF
 
