[09:16:37] : Cycle start ON
[09:16:38] : Cycle start OFF
[09:16:38] : 측정요구3 ON
[09:16:44] : 측정요구3 OFF
[09:16:44] : 0
[09:16:44] : 측정요구4 ON
[09:16:52] : 측정요구4 OFF
[09:16:52] : 0
 
[16:15:18] : MEAS ESC ON
[16:15:19] : MEAS ESC OFF
[16:15:19] : AUTO RUNNING ON
[16:16:58] : Cycle start ON
[16:16:58] : Cycle start OFF
[16:16:58] : REQUEST MEAS. ON
[16:17:05] : REQUEST MEAS. OFF
[16:17:05] : 측정요구 ON 2
[16:17:13] : 측정요구 2OFF
[16:17:13] : 21,20190110-161713,AL19010636713,,OK,MAX,1,2,AUTO,0.10,7.00,2.25,OK,0.10,7.00,1.59,OK,
[16:17:22] : Cycle start ON
[16:17:23] : Cycle start OFF
[16:17:23] : 측정요구3 ON
[16:17:29] : 측정요구3 OFF
[16:17:30] : 측정요구4 ON
[16:17:37] : 측정요구4 OFF
[16:17:37] : 21,20190110-161738,AL19010636773,,OK,MAX,2,2,AUTO,0.10,7.00,2.43,OK,0.10,7.00,1.47,OK,
[16:18:13] : Cycle start ON
[16:18:13] : Cycle start OFF
[16:18:13] : REQUEST MEAS. ON
[16:18:19] : REQUEST MEAS. OFF
[16:18:20] : 측정요구 ON 2
[16:18:27] : 측정요구 2OFF
[16:18:27] : 21,20190110-161827,AL19010636133,,OK,MAX,1,1,AUTO,0.10,7.00,0.59,OK,0.10,7.00,0.59,OK,
[16:18:39] : Cycle start ON
[16:18:39] : Cycle start OFF
[16:18:39] : 측정요구3 ON
[16:18:46] : 측정요구3 OFF
[16:18:46] : 측정요구4 ON
[16:18:54] : 측정요구4 OFF
[16:18:54] : 21,20190110-161855,AL19010636123,,OK,MAX,2,2,AUTO,0.10,7.00,2.11,OK,0.10,7.00,0.94,OK,
[16:19:24] : Cycle start ON
[16:19:25] : Cycle start OFF
[16:19:25] : REQUEST MEAS. ON
[16:19:32] : REQUEST MEAS. OFF
[16:19:32] : 측정요구 ON 2
[16:19:39] : 측정요구 2OFF
[16:19:39] : 21,20190110-161939,AL19010636113,,OK,MAX,1,2,AUTO,0.10,7.00,2.05,OK,0.10,7.00,0.92,OK,
[16:19:47] : Cycle start ON
[16:19:47] : Cycle start OFF
[16:19:47] : 측정요구3 ON
[16:19:53] : 측정요구3 OFF
[16:19:53] : 측정요구4 ON
[16:20:01] : 측정요구4 OFF
[16:20:01] : 21,20190110-162002,AL19010636103,,OK,MAX,2,2,AUTO,0.10,7.00,1.98,OK,0.10,7.00,1.29,OK,
[16:20:37] : Cycle start ON
[16:20:37] : Cycle start OFF
[16:20:37] : REQUEST MEAS. ON
[16:20:44] : REQUEST MEAS. OFF
[16:20:44] : 측정요구 ON 2
[16:20:52] : 측정요구 2OFF
[16:20:52] : 21,20190110-162052,AL19010636093,,OK,MAX,1,1,AUTO,0.10,7.00,0.48,OK,0.10,7.00,0.20,OK,
[16:20:59] : Cycle start ON
[16:20:59] : Cycle start OFF
[16:20:59] : 측정요구3 ON
[16:21:06] : 측정요구3 OFF
[16:21:06] : 측정요구4 ON
[16:21:13] : 측정요구4 OFF
[16:21:13] : 21,20190110-162114,AL19010636143,,OK,MAX,2,2,AUTO,0.10,7.00,2.20,OK,0.10,7.00,1.14,OK,
[16:21:49] : Cycle start ON
[16:21:50] : Cycle start OFF
[16:21:50] : REQUEST MEAS. ON
[16:21:56] : REQUEST MEAS. OFF
[16:21:56] : 측정요구 ON 2
[16:22:04] : 측정요구 2OFF
[16:22:04] : 21,20190110-162204,AL19010636153,,OK,MAX,1,2,AUTO,0.10,7.00,2.30,OK,0.10,7.00,1.08,OK,
[16:22:10] : Cycle start ON
[16:22:10] : Cycle start OFF
[16:22:10] : 측정요구3 ON
[16:22:17] : 측정요구3 OFF
[16:22:17] : 측정요구4 ON
[16:22:25] : 측정요구4 OFF
[16:22:25] : 21,20190110-162225,AL19010636163,,OK,MAX,2,2,AUTO,0.10,7.00,2.23,OK,0.10,7.00,1.57,OK,
[16:23:03] : Cycle start ON
[16:23:03] : Cycle start OFF
[16:23:03] : REQUEST MEAS. ON
[16:23:10] : REQUEST MEAS. OFF
[16:23:10] : 측정요구 ON 2
[16:23:18] : 측정요구 2OFF
[16:23:18] : 21,20190110-162318,AL19010636173,,OK,MAX,1,2,AUTO,0.10,7.00,1.66,OK,0.10,7.00,0.97,OK,
[16:23:26] : Cycle start ON
[16:23:26] : Cycle start OFF
[16:23:26] : 측정요구3 ON
[16:23:33] : 측정요구3 OFF
[16:23:33] : 측정요구4 ON
[16:23:40] : 측정요구4 OFF
[16:23:40] : 21,20190110-162341,AL19010636283,,OK,MAX,2,1,AUTO,0.10,7.00,0.54,OK,0.10,7.00,0.21,OK,
[16:24:20] : Cycle start ON
[16:24:20] : Cycle start OFF
[16:24:20] : REQUEST MEAS. ON
[16:24:27] : REQUEST MEAS. OFF
[16:24:27] : 측정요구 ON 2
[16:24:34] : 측정요구 2OFF
[16:24:34] : 21,20190110-162435,AL19010636433,,OK,MAX,1,2,AUTO,0.10,7.00,2.18,OK,0.10,7.00,0.87,OK,
[16:24:41] : Cycle start ON
[16:24:42] : Cycle start OFF
[16:24:42] : 측정요구3 ON
[16:24:49] : 측정요구3 OFF
[16:24:49] : 측정요구4 ON
[16:24:56] : 측정요구4 OFF
[16:24:56] : 21,20190110-162456,AL19010636413,,OK,MAX,2,2,AUTO,0.10,7.00,1.90,OK,0.10,7.00,1.16,OK,
[16:25:34] : Cycle start ON
[16:25:34] : Cycle start OFF
[16:25:34] : REQUEST MEAS. ON
[16:25:41] : REQUEST MEAS. OFF
[16:25:41] : 측정요구 ON 2
[16:25:49] : 측정요구 2OFF
[16:25:49] : 21,20190110-162549,AL19010636403,,OK,MAX,1,1,AUTO,0.10,7.00,0.45,OK,0.10,7.00,0.18,OK,
[16:25:58] : Cycle start ON
[16:25:58] : Cycle start OFF
[16:25:58] : 측정요구3 ON
[16:26:05] : 측정요구3 OFF
[16:26:05] : 측정요구4 ON
[16:26:12] : 측정요구4 OFF
[16:26:12] : 21,20190110-162612,AL19010636393,,OK,MAX,2,2,AUTO,0.10,7.00,2.21,OK,0.10,7.00,0.85,OK,
[16:26:51] : Cycle start ON
[16:26:51] : Cycle start OFF
[16:26:51] : REQUEST MEAS. ON
[16:26:58] : REQUEST MEAS. OFF
[16:26:58] : 측정요구 ON 2
[16:27:06] : 측정요구 2OFF
[16:27:06] : 21,20190110-162706,AL19010636383,,NG,MAX,1,1,AUTO,0.10,7.00,0.48,OK,0.10,7.00,0.10,NG,
[16:27:13] : Cycle start ON
[16:27:13] : Cycle start OFF
[16:27:13] : 측정요구3 ON
[16:27:20] : 측정요구3 OFF
[16:27:20] : 측정요구4 ON
[16:27:28] : 측정요구4 OFF
[16:27:28] : 21,20190110-162728,AL19010636443,,OK,MAX,2,2,AUTO,0.10,7.00,2.11,OK,0.10,7.00,1.06,OK,
[16:28:06] : Cycle start ON
[16:28:06] : Cycle start OFF
[16:28:06] : REQUEST MEAS. ON
[16:28:13] : REQUEST MEAS. OFF
[16:28:13] : 측정요구 ON 2
[16:28:20] : 측정요구 2OFF
[16:28:20] : 21,20190110-162821,AL19010636453,,NG,MAX,1,1,AUTO,0.10,7.00,0.46,OK,0.10,7.00,0.10,NG,
[16:28:28] : Cycle start ON
[16:28:29] : Cycle start OFF
[16:28:29] : 측정요구3 ON
[16:28:35] : 측정요구3 OFF
[16:28:35] : 측정요구4 ON
[16:28:43] : 측정요구4 OFF
[16:28:43] : 21,20190110-162843,AL19010636563,,OK,MAX,2,2,AUTO,0.10,7.00,1.81,OK,0.10,7.00,0.74,OK,
[16:29:21] : Cycle start ON
[16:29:21] : Cycle start OFF
[16:29:21] : REQUEST MEAS. ON
[16:29:28] : REQUEST MEAS. OFF
[16:29:28] : 측정요구 ON 2
[16:29:36] : 측정요구 2OFF
[16:29:36] : 21,20190110-162936,AL19010636573,,OK,MAX,1,2,AUTO,0.10,7.00,1.87,OK,0.10,7.00,1.01,OK,
[16:29:43] : Cycle start ON
[16:29:44] : Cycle start OFF
[16:29:44] : 측정요구3 ON
[16:29:50] : 측정요구3 OFF
[16:29:51] : 측정요구4 ON
[16:29:58] : 측정요구4 OFF
[16:29:58] : 21,20190110-162959,AL19010636583,,OK,MAX,2,2,AUTO,0.10,7.00,2.31,OK,0.10,7.00,1.56,OK,
[16:30:37] : Cycle start ON
[16:30:37] : Cycle start OFF
[16:30:37] : REQUEST MEAS. ON
[16:30:44] : REQUEST MEAS. OFF
[16:30:44] : 측정요구 ON 2
[16:30:51] : 측정요구 2OFF
[16:30:51] : 21,20190110-163051,AL19010636503,,OK,MAX,1,1,AUTO,0.10,7.00,1.46,OK,0.10,7.00,0.90,OK,
[16:31:00] : Cycle start ON
[16:31:00] : Cycle start OFF
[16:31:00] : 측정요구3 ON
[16:31:07] : 측정요구3 OFF
[16:31:07] : 측정요구4 ON
[16:31:14] : 측정요구4 OFF
[16:31:14] : 21,20190110-163114,AL19010636493,,OK,MAX,2,2,AUTO,0.10,7.00,1.82,OK,0.10,7.00,1.57,OK,
[16:31:53] : Cycle start ON
[16:31:53] : Cycle start OFF
[16:31:53] : REQUEST MEAS. ON
[16:32:00] : REQUEST MEAS. OFF
[16:32:00] : 측정요구 ON 2
[16:32:08] : 측정요구 2OFF
[16:32:08] : 21,20190110-163208,AL19010636483,,OK,MAX,1,2,AUTO,0.10,7.00,1.86,OK,0.10,7.00,0.80,OK,
[16:32:15] : Cycle start ON
[16:32:15] : Cycle start OFF
[16:32:15] : 측정요구3 ON
[16:32:22] : 측정요구3 OFF
[16:32:22] : 측정요구4 ON
[16:32:29] : 측정요구4 OFF
[16:32:29] : 21,20190110-163230,AL19010636473,,OK,MAX,2,2,AUTO,0.10,7.00,1.91,OK,0.10,7.00,0.96,OK,
[16:33:08] : Cycle start ON
[16:33:08] : Cycle start OFF
[16:33:08] : REQUEST MEAS. ON
[16:33:15] : REQUEST MEAS. OFF
[16:33:15] : 측정요구 ON 2
[16:33:23] : 측정요구 2OFF
[16:33:23] : 21,20190110-163323,AL19010636463,,OK,MAX,1,2,AUTO,0.10,7.00,1.71,OK,0.10,7.00,1.11,OK,
[16:33:31] : Cycle start ON
[16:33:31] : Cycle start OFF
[16:33:31] : 측정요구3 ON
[16:33:38] : 측정요구3 OFF
[16:33:38] : 측정요구4 ON
[16:33:46] : 측정요구4 OFF
[16:33:46] : 21,20190110-163346,AL19010636513,,OK,MAX,2,2,AUTO,0.10,7.00,1.72,OK,0.10,7.00,0.86,OK,
[16:34:24] : Cycle start ON
[16:34:24] : Cycle start OFF
[16:34:24] : REQUEST MEAS. ON
[16:34:31] : REQUEST MEAS. OFF
[16:34:31] : 측정요구 ON 2
[16:34:39] : 측정요구 2OFF
[16:34:39] : 21,20190110-163439,AL19010636523,,OK,MAX,1,2,AUTO,0.10,7.00,1.85,OK,0.10,7.00,1.40,OK,
[16:34:46] : Cycle start ON
[16:34:46] : 측정요구3 ON
[16:34:47] : Cycle start OFF
[16:34:53] : 측정요구3 OFF
[16:34:53] : 측정요구4 ON
[16:35:01] : 측정요구4 OFF
[16:35:01] : 21,20190110-163502,AL19010636533,,OK,MAX,2,2,AUTO,0.10,7.00,2.26,OK,0.10,7.00,1.73,OK,
[16:35:41] : Cycle start ON
[16:35:41] : Cycle start OFF
[16:35:41] : REQUEST MEAS. ON
[16:35:48] : REQUEST MEAS. OFF
[16:35:48] : 측정요구 ON 2
[16:35:55] : 측정요구 2OFF
[16:35:55] : 21,20190110-163555,AL19010636543,,OK,MAX,1,2,AUTO,0.10,7.00,1.87,OK,0.10,7.00,1.02,OK,
[16:36:02] : Cycle start ON
[16:36:02] : Cycle start OFF
[16:36:02] : 측정요구3 ON
[16:36:09] : 측정요구3 OFF
[16:36:09] : 측정요구4 ON
[16:36:17] : 측정요구4 OFF
[16:36:17] : 21,20190110-163617,AL19010636553,,OK,MAX,2,2,AUTO,0.10,7.00,2.30,OK,0.10,7.00,1.37,OK,
[16:36:56] : Cycle start ON
[16:36:56] : Cycle start OFF
[16:36:56] : REQUEST MEAS. ON
[16:37:03] : REQUEST MEAS. OFF
[16:37:03] : 측정요구 ON 2
[16:37:10] : 측정요구 2OFF
[16:37:10] : 21,20190110-163711,AL19010531523,,OK,MAX,1,2,AUTO,0.10,7.00,1.76,OK,0.10,7.00,0.80,OK,
[16:37:17] : Cycle start ON
[16:37:18] : Cycle start OFF
[16:37:18] : 측정요구3 ON
[16:37:24] : 측정요구3 OFF
[16:37:25] : 측정요구4 ON
[16:37:32] : 측정요구4 OFF
[16:37:32] : 21,20190110-163732,AL19010531513,,OK,MAX,2,2,AUTO,0.10,7.00,1.81,OK,0.10,7.00,0.74,OK,
[16:38:10] : Cycle start ON
[16:38:11] : Cycle start OFF
[16:38:11] : REQUEST MEAS. ON
[16:38:17] : REQUEST MEAS. OFF
[16:38:17] : 측정요구 ON 2
[16:38:25] : 측정요구 2OFF
[16:38:25] : 21,20190110-163825,AL19010531453,,OK,MAX,1,2,AUTO,0.10,7.00,1.83,OK,0.10,7.00,2.68,OK,
[16:38:33] : Cycle start ON
[16:38:33] : Cycle start OFF
[16:38:33] : 측정요구3 ON
[16:38:40] : 측정요구3 OFF
[16:38:40] : 측정요구4 ON
[16:38:48] : 측정요구4 OFF
[16:38:48] : 21,20190110-163848,AL19010531443,,OK,MAX,2,2,AUTO,0.10,7.00,1.82,OK,0.10,7.00,0.93,OK,
[16:39:27] : Cycle start ON
[16:39:28] : Cycle start OFF
[16:39:28] : REQUEST MEAS. ON
[16:39:34] : REQUEST MEAS. OFF
[16:39:34] : 측정요구 ON 2
[16:39:42] : 측정요구 2OFF
[16:39:42] : 21,20190110-163942,AL19010531433,,OK,MAX,1,1,AUTO,0.10,7.00,1.24,OK,0.10,7.00,0.82,OK,
[16:39:49] : Cycle start ON
[16:39:50] : Cycle start OFF
[16:39:50] : 측정요구3 ON
[16:39:56] : 측정요구3 OFF
[16:39:56] : 측정요구4 ON
[16:40:04] : 측정요구4 OFF
[16:40:04] : 21,20190110-164005,AL19010531463,,OK,MAX,2,2,AUTO,0.10,7.00,1.82,OK,0.10,7.00,0.99,OK,
[16:40:43] : Cycle start ON
[16:40:44] : Cycle start OFF
[16:40:44] : REQUEST MEAS. ON
[16:40:50] : REQUEST MEAS. OFF
[16:40:50] : 측정요구 ON 2
[16:40:57] : 측정요구 2OFF
[16:40:57] : 21,20190110-164058,AL19010531473,,OK,MAX,1,2,AUTO,0.10,7.00,2.24,OK,0.10,7.00,1.50,OK,
[16:41:05] : Cycle start ON
[16:41:06] : Cycle start OFF
[16:41:06] : 측정요구3 ON
[16:41:12] : 측정요구3 OFF
[16:41:12] : 측정요구4 ON
[16:41:20] : 측정요구4 OFF
[16:41:20] : 21,20190110-164120,AL19010531483,,OK,MAX,2,2,AUTO,0.10,7.00,1.79,OK,0.10,7.00,1.05,OK,
[16:41:58] : Cycle start ON
[16:41:58] : REQUEST MEAS. ON
[16:41:58] : Cycle start OFF
[16:42:05] : REQUEST MEAS. OFF
[16:42:05] : 측정요구 ON 2
[16:42:12] : 측정요구 2OFF
[16:42:12] : 21,20190110-164213,AL19010531493,,OK,MAX,1,1,AUTO,0.10,7.00,1.45,OK,0.10,7.00,0.91,OK,
[16:42:21] : Cycle start ON
[16:42:21] : Cycle start OFF
[16:42:21] : 측정요구3 ON
[16:42:28] : 측정요구3 OFF
[16:42:28] : 측정요구4 ON
[16:42:36] : 측정요구4 OFF
[16:42:36] : 21,20190110-164236,AL19010531503,,OK,MAX,2,2,AUTO,0.10,7.00,1.91,OK,0.10,7.00,0.98,OK,
[16:43:14] : Cycle start ON
[16:43:14] : Cycle start OFF
[16:43:14] : REQUEST MEAS. ON
[16:43:21] : REQUEST MEAS. OFF
[16:43:21] : 측정요구 ON 2
[16:43:29] : 측정요구 2OFF
[16:43:29] : 21,20190110-164329,AL19010636333,,OK,MAX,1,1,AUTO,0.10,7.00,0.38,OK,0.10,7.00,0.13,OK,
[16:43:36] : Cycle start ON
[16:43:37] : Cycle start OFF
[16:43:37] : 측정요구3 ON
[16:43:43] : 측정요구3 OFF
[16:43:43] : 측정요구4 ON
[16:43:51] : 측정요구4 OFF
[16:43:51] : 21,20190110-164352,AL19010636323,,OK,MAX,2,2,AUTO,0.10,7.00,2.18,OK,0.10,7.00,1.43,OK,
[16:44:30] : Cycle start ON
[16:44:30] : Cycle start OFF
[16:44:30] : REQUEST MEAS. ON
[16:44:37] : REQUEST MEAS. OFF
[16:44:37] : 측정요구 ON 2
[16:44:44] : 측정요구 2OFF
[16:44:44] : 21,20190110-164445,AL19010636313,,OK,MAX,1,1,AUTO,0.10,7.00,0.68,OK,0.10,7.00,0.48,OK,
 
