[10:20:38] : Cycle start ON
[10:20:38] : Cycle start OFF
[10:20:38] : REQUEST MEAS. ON
[10:20:45] : REQUEST MEAS. OFF
[10:20:45] : 0
[10:20:45] : 측정요구 ON 2
[10:20:52] : 측정요구 2OFF
[10:20:52] : 0
[10:21:13] : Cycle start ON
[10:21:13] : Cycle start OFF
[10:21:13] : REQUEST MEAS. ON
[10:21:20] : REQUEST MEAS. OFF
[10:21:20] : 0
[10:21:20] : 측정요구 ON 2
[10:21:27] : 측정요구 2OFF
[10:21:27] : 0
[10:21:47] : Cycle start ON
[10:21:47] : Cycle start OFF
[10:21:47] : REQUEST MEAS. ON
[10:21:54] : REQUEST MEAS. OFF
[10:21:54] : 0
[10:21:54] : 측정요구 ON 2
[10:22:02] : 측정요구 2OFF
[10:22:02] : 0
[10:22:22] : Cycle start ON
[10:22:22] : Cycle start OFF
[10:22:22] : REQUEST MEAS. ON
[10:22:29] : REQUEST MEAS. OFF
[10:22:29] : 0
[10:22:29] : 측정요구 ON 2
[10:22:37] : 측정요구 2OFF
[10:22:37] : 0
[10:22:57] : Cycle start ON
[10:22:57] : Cycle start OFF
[10:22:57] : REQUEST MEAS. ON
[10:23:04] : REQUEST MEAS. OFF
[10:23:04] : 0
[10:23:04] : 측정요구 ON 2
[10:23:11] : 측정요구 2OFF
[10:23:11] : 0
[10:23:32] : Cycle start ON
[10:23:32] : Cycle start OFF
[10:23:32] : REQUEST MEAS. ON
[10:23:39] : REQUEST MEAS. OFF
[10:23:39] : 0
[10:23:39] : 측정요구 ON 2
[10:23:46] : 측정요구 2OFF
[10:23:46] : 0
[10:24:06] : Cycle start ON
[10:24:06] : Cycle start OFF
[10:24:06] : REQUEST MEAS. ON
[10:24:13] : REQUEST MEAS. OFF
[10:24:13] : 0
[10:24:13] : 측정요구 ON 2
[10:24:21] : 측정요구 2OFF
[10:24:21] : 0
[10:24:41] : Cycle start ON
[10:24:41] : Cycle start OFF
[10:24:41] : REQUEST MEAS. ON
[10:24:48] : REQUEST MEAS. OFF
[10:24:48] : 0
[10:24:48] : 측정요구 ON 2
[10:24:56] : 측정요구 2OFF
[10:24:56] : 0
[10:25:16] : Cycle start ON
[10:25:16] : Cycle start OFF
[10:25:16] : REQUEST MEAS. ON
[10:25:23] : REQUEST MEAS. OFF
[10:25:23] : 0
[10:25:23] : 측정요구 ON 2
[10:25:30] : 측정요구 2OFF
[10:25:30] : 0
[10:25:51] : Cycle start ON
[10:25:51] : Cycle start OFF
[10:25:51] : REQUEST MEAS. ON
[10:25:58] : REQUEST MEAS. OFF
[10:25:58] : 0
[10:25:58] : 측정요구 ON 2
[10:26:05] : 측정요구 2OFF
[10:26:05] : 0
[10:26:25] : Cycle start ON
[10:26:25] : Cycle start OFF
[10:26:25] : REQUEST MEAS. ON
[10:26:32] : REQUEST MEAS. OFF
[10:26:32] : 0
[10:26:32] : 측정요구 ON 2
[10:26:40] : 측정요구 2OFF
[10:26:40] : 0
[10:27:34] : Cycle start ON
[10:27:34] : Cycle start OFF
[10:27:34] : REQUEST MEAS. ON
[10:27:41] : REQUEST MEAS. OFF
[10:27:41] : 0
[10:27:41] : 측정요구 ON 2
[10:27:48] : 측정요구 2OFF
[10:27:48] : 0
[10:28:09] : Cycle start ON
[10:28:09] : REQUEST MEAS. ON
[10:28:09] : Cycle start OFF
[10:28:15] : REQUEST MEAS. OFF
[10:28:16] : 0
[10:28:16] : 측정요구 ON 2
[10:28:23] : 측정요구 2OFF
[10:28:23] : 0
[10:28:55] : Cycle start ON
[10:28:55] : Cycle start OFF
[10:28:55] : REQUEST MEAS. ON
[10:29:02] : REQUEST MEAS. OFF
[10:29:02] : 0
[10:29:02] : 측정요구 ON 2
[10:29:10] : 측정요구 2OFF
[10:29:10] : 0
[10:29:30] : Cycle start ON
[10:29:30] : Cycle start OFF
[10:29:30] : REQUEST MEAS. ON
[10:29:37] : REQUEST MEAS. OFF
[10:29:37] : 0
[10:29:37] : 측정요구 ON 2
[10:29:44] : 측정요구 2OFF
[10:29:44] : 0
[10:30:05] : Cycle start ON
[10:30:05] : Cycle start OFF
[10:30:05] : REQUEST MEAS. ON
[10:30:12] : REQUEST MEAS. OFF
[10:30:12] : 0
[10:30:12] : 측정요구 ON 2
[10:30:19] : 측정요구 2OFF
[10:30:19] : 0
[10:30:40] : Cycle start ON
[10:30:40] : Cycle start OFF
[10:30:40] : REQUEST MEAS. ON
[10:30:47] : REQUEST MEAS. OFF
[10:30:47] : 0
[10:30:47] : 측정요구 ON 2
[10:30:54] : 측정요구 2OFF
[10:30:54] : 0
[10:31:14] : Cycle start ON
[10:31:14] : Cycle start OFF
[10:31:14] : REQUEST MEAS. ON
[10:31:21] : REQUEST MEAS. OFF
[10:31:21] : 0
[10:31:21] : 측정요구 ON 2
[10:31:29] : 측정요구 2OFF
[10:31:29] : 0
[10:31:49] : Cycle start ON
[10:31:49] : Cycle start OFF
[10:31:49] : REQUEST MEAS. ON
[10:31:56] : REQUEST MEAS. OFF
[10:31:56] : 0
[10:31:56] : 측정요구 ON 2
[10:32:03] : 측정요구 2OFF
[10:32:03] : 0
[10:32:24] : Cycle start ON
[10:32:24] : Cycle start OFF
[10:32:24] : REQUEST MEAS. ON
[10:32:31] : REQUEST MEAS. OFF
[10:32:31] : 0
[10:32:31] : 측정요구 ON 2
[10:32:38] : 측정요구 2OFF
[10:32:38] : 0
[10:32:59] : Cycle start ON
[10:32:59] : Cycle start OFF
[10:32:59] : REQUEST MEAS. ON
[10:33:06] : REQUEST MEAS. OFF
[10:33:06] : 0
[10:33:06] : 측정요구 ON 2
[10:33:13] : 측정요구 2OFF
[10:33:13] : 0
[10:35:31] : Cycle start ON
[10:35:32] : Cycle start OFF
[10:35:32] : REQUEST MEAS. ON
[10:35:38] : REQUEST MEAS. OFF
[10:35:39] : 0
[10:35:39] : 측정요구 ON 2
[10:40:17] : 측정요구 2OFF
[10:40:17] : 0
[10:40:17] : REQUEST MEAS. ON
[10:40:24] : REQUEST MEAS. OFF
[10:40:25] : 0
[10:40:25] : 측정요구 ON 2
[10:41:51] : 측정요구 2OFF
[10:41:51] : 0
[10:41:51] : 측정요구 ON 2
[10:41:51] : 측정요구 2OFF
[10:41:51] : 0
[10:41:51] : 측정요구 ON 2
[10:41:51] : 측정요구 2OFF
[10:41:51] : 0
[10:41:51] : 측정요구 ON 2
[10:41:51] : 측정요구 2OFF
[10:41:51] : 0
[10:41:51] : 측정요구 ON 2
[10:41:51] : 측정요구 2OFF
[10:41:51] : 0
[10:41:51] : 측정요구 ON 2
[10:41:51] : 측정요구 2OFF
[10:41:51] : 0
[10:41:51] : 측정요구 ON 2
[10:41:51] : 측정요구 2OFF
[10:41:51] : 0
[10:41:51] : 측정요구 ON 2
[10:41:51] : 측정요구 2OFF
[10:41:51] : 0
[10:41:51] : 측정요구 ON 2
[10:41:51] : 측정요구 2OFF
[10:41:51] : 0
[10:41:51] : 측정요구 ON 2
[10:41:51] : 측정요구 2OFF
[10:41:51] : 0
[10:41:51] : 측정요구 ON 2
[10:41:51] : 측정요구 2OFF
[10:41:51] : 0
[10:41:51] : 측정요구 ON 2
[10:41:51] : 측정요구 2OFF
[10:41:51] : 0
[10:41:51] : 측정요구 ON 2
[10:41:51] : 측정요구 2OFF
[10:41:51] : 0
[10:41:51] : 측정요구 ON 2
[10:41:51] : 측정요구 2OFF
[10:41:51] : 0
[10:41:51] : 측정요구 ON 2
[10:41:51] : 측정요구 2OFF
[10:41:51] : 0
[10:41:51] : 측정요구 ON 2
[10:41:51] : 측정요구 2OFF
[10:41:51] : 0
[10:41:51] : 측정요구 ON 2
[10:41:51] : 측정요구 2OFF
[10:41:51] : 0
[10:41:51] : 측정요구 ON 2
[10:41:51] : 측정요구 2OFF
[10:41:51] : 0
[10:41:51] : 측정요구 ON 2
[10:41:51] : 측정요구 2OFF
[10:41:51] : 0
[10:41:51] : 측정요구 ON 2
[10:41:51] : 측정요구 2OFF
[10:41:51] : 0
[10:41:51] : 측정요구 ON 2
[10:41:51] : 측정요구 2OFF
[10:41:51] : 0
[10:41:51] : 측정요구 ON 2
[10:41:51] : 측정요구 2OFF
[10:41:51] : 0
[10:41:51] : 측정요구 ON 2
[10:41:51] : 측정요구 2OFF
[10:41:51] : 0
[10:41:51] : 측정요구 ON 2
[10:41:51] : 측정요구 2OFF
[10:41:51] : 0
[10:41:51] : 측정요구 ON 2
[10:44:38] : 측정요구 2OFF
[10:44:38] : 0
[10:44:38] : 측정요구 ON 2
[10:44:38] : 측정요구 2OFF
[10:44:38] : 0
[10:44:38] : 측정요구 ON 2
[10:44:38] : 측정요구 2OFF
[10:44:38] : 0
[10:44:38] : 측정요구 ON 2
[10:44:38] : 측정요구 2OFF
[10:44:38] : 0
[10:44:38] : 측정요구 ON 2
[10:44:38] : 측정요구 2OFF
[10:44:38] : 0
[10:44:38] : 측정요구 ON 2
[10:44:38] : 측정요구 2OFF
[10:44:38] : 0
[10:44:38] : 측정요구 ON 2
[10:44:38] : 측정요구 2OFF
[10:44:38] : 0
[10:44:38] : 측정요구 ON 2
[10:44:38] : 측정요구 2OFF
[10:44:38] : 0
[10:44:38] : 측정요구 ON 2
[10:44:38] : 측정요구 2OFF
[10:44:38] : 0
[10:44:38] : 측정요구 ON 2
[10:44:38] : 측정요구 2OFF
[10:44:38] : 0
[10:44:38] : 측정요구 ON 2
[10:44:38] : 측정요구 2OFF
[10:44:38] : 0
[10:44:38] : 측정요구 ON 2
[10:44:38] : 측정요구 2OFF
[10:44:38] : 0
[10:44:38] : 측정요구 ON 2
[10:44:38] : 측정요구 2OFF
[10:44:38] : 0
[10:44:38] : 측정요구 ON 2
[10:44:38] : 측정요구 2OFF
[10:44:38] : 0
[10:44:38] : 측정요구 ON 2
[10:44:38] : 측정요구 2OFF
[10:44:38] : 0
[10:44:38] : 측정요구 ON 2
[10:44:38] : 측정요구 2OFF
[10:44:38] : 0
[10:44:38] : 측정요구 ON 2
[10:44:38] : 측정요구 2OFF
[10:44:38] : 0
[10:44:38] : 측정요구 ON 2
[10:44:38] : 측정요구 2OFF
[10:44:38] : 0
[10:44:38] : 측정요구 ON 2
[10:44:38] : 측정요구 2OFF
[10:44:38] : 0
[10:44:38] : 측정요구 ON 2
[10:44:38] : 측정요구 2OFF
[10:44:38] : 0
[10:44:38] : 측정요구 ON 2
[10:44:38] : 측정요구 2OFF
[10:44:38] : 0
[10:44:38] : 측정요구 ON 2
[10:44:38] : 측정요구 2OFF
[10:44:38] : 0
[10:44:38] : 측정요구 ON 2
[10:44:38] : 측정요구 2OFF
[10:44:38] : 0
[10:44:38] : 측정요구 ON 2
[10:44:38] : 측정요구 2OFF
[10:44:38] : 0
[10:44:38] : 측정요구 ON 2
[10:44:38] : 측정요구 2OFF
[10:44:38] : 0
[10:44:38] : 측정요구 ON 2
[10:44:38] : 측정요구 2OFF
[10:44:38] : 0
[10:44:38] : 측정요구 ON 2
[10:44:38] : 측정요구 2OFF
[10:44:38] : 0
[10:44:38] : 측정요구 ON 2
[10:44:38] : 측정요구 2OFF
[10:44:38] : 0
[10:44:38] : 측정요구 ON 2
[10:44:38] : 측정요구 2OFF
[10:44:38] : 0
[10:44:38] : 측정요구 ON 2
[10:44:38] : 측정요구 2OFF
[10:44:38] : 0
[10:44:38] : 측정요구 ON 2
[10:44:38] : 측정요구 2OFF
[10:44:38] : 0
[10:44:38] : 측정요구 ON 2
[10:44:38] : 측정요구 2OFF
[10:44:38] : 0
[10:44:38] : 측정요구 ON 2
[10:44:38] : 측정요구 2OFF
[10:44:38] : 0
[10:44:38] : 측정요구 ON 2
[10:44:38] : 측정요구 2OFF
[10:44:38] : 0
[10:44:38] : 측정요구 ON 2
[10:44:38] : 측정요구 2OFF
[10:44:38] : 0
[10:44:38] : 측정요구 ON 2
[10:44:38] : 측정요구 2OFF
[10:44:38] : 0
[10:44:38] : 측정요구 ON 2
[10:44:38] : 측정요구 2OFF
[10:44:38] : 0
[10:44:38] : 측정요구 ON 2
[10:44:38] : 측정요구 2OFF
[10:44:38] : 0
[10:44:38] : 측정요구 ON 2
[10:44:38] : 측정요구 2OFF
[10:44:38] : 0
[10:44:38] : 측정요구 ON 2
[10:44:38] : 측정요구 2OFF
[10:44:38] : 0
[10:44:38] : 측정요구 ON 2
[10:44:38] : 측정요구 2OFF
[10:44:38] : 0
[10:44:38] : 측정요구 ON 2
[10:44:38] : 측정요구 2OFF
[10:44:38] : 0
[10:44:38] : 측정요구 ON 2
[10:44:38] : 측정요구 2OFF
[10:44:38] : 0
[10:44:38] : 측정요구 ON 2
[10:44:38] : 측정요구 2OFF
[10:44:38] : 0
[10:44:38] : 측정요구 ON 2
[10:44:38] : 측정요구 2OFF
[10:44:38] : 0
[10:44:38] : 측정요구 ON 2
[10:44:38] : 측정요구 2OFF
[10:44:38] : 0
[10:44:38] : 측정요구 ON 2
[10:44:38] : 측정요구 2OFF
[10:44:38] : 0
[10:44:38] : 측정요구 ON 2
[10:44:38] : 측정요구 2OFF
[10:44:38] : 0
[10:44:38] : 측정요구 ON 2
[10:44:38] : 측정요구 2OFF
[10:44:38] : 0
[10:44:38] : 측정요구 ON 2
[10:44:38] : 측정요구 2OFF
[10:44:38] : 0
[10:44:38] : 측정요구 ON 2
[10:44:38] : 측정요구 2OFF
[10:44:38] : 0
[10:44:38] : 측정요구 ON 2
[10:44:38] : 측정요구 2OFF
[10:44:38] : 0
[10:44:38] : 측정요구 ON 2
[10:44:38] : 측정요구 2OFF
[10:44:38] : 0
[10:44:38] : 측정요구 ON 2
[10:44:38] : 측정요구 2OFF
[10:44:38] : 0
[10:44:38] : 측정요구 ON 2
[10:44:38] : 측정요구 2OFF
[10:44:38] : 0
[10:44:38] : 측정요구 ON 2
[10:44:38] : 측정요구 2OFF
[10:44:38] : 0
[10:44:38] : 측정요구 ON 2
[10:44:38] : 측정요구 2OFF
[10:44:38] : 0
[10:44:38] : 측정요구 ON 2
[10:44:38] : 측정요구 2OFF
[10:44:38] : 0
[10:44:38] : 측정요구 ON 2
[10:44:38] : 측정요구 2OFF
[10:44:38] : 0
[10:44:38] : 측정요구 ON 2
[10:44:38] : 측정요구 2OFF
[10:44:38] : 0
[10:44:38] : 측정요구 ON 2
[10:44:38] : 측정요구 2OFF
[10:44:38] : 0
[10:44:38] : 측정요구 ON 2
[10:44:38] : 측정요구 2OFF
[10:44:38] : 0
[10:44:38] : 측정요구 ON 2
[10:44:38] : 측정요구 2OFF
[10:44:38] : 0
[10:44:38] : 측정요구 ON 2
[10:44:38] : 측정요구 2OFF
[10:44:38] : 0
[10:44:38] : 측정요구 ON 2
[10:44:38] : 측정요구 2OFF
[10:44:38] : 0
[10:44:38] : 측정요구 ON 2
[10:44:38] : 측정요구 2OFF
[10:44:38] : 0
[10:44:38] : 측정요구 ON 2
[10:44:38] : 측정요구 2OFF
[10:44:38] : 0
[10:44:38] : 측정요구 ON 2
[10:44:38] : 측정요구 2OFF
[10:44:38] : 0
[10:44:38] : 측정요구 ON 2
[10:44:38] : 측정요구 2OFF
[10:44:38] : 0
[10:44:38] : 측정요구 ON 2
[10:44:38] : 측정요구 2OFF
[10:44:38] : 0
[10:44:38] : 측정요구 ON 2
[10:44:38] : 측정요구 2OFF
[10:44:38] : 0
[10:44:38] : 측정요구 ON 2
[10:44:38] : 측정요구 2OFF
[10:44:38] : 0
[10:44:38] : 측정요구 ON 2
[10:44:38] : 측정요구 2OFF
[10:44:38] : 0
[10:44:38] : 측정요구 ON 2
[10:44:38] : 측정요구 2OFF
[10:44:38] : 0
[10:44:38] : 측정요구 ON 2
[10:44:38] : 측정요구 2OFF
[10:44:38] : 0
[10:44:38] : 측정요구 ON 2
[10:44:38] : 측정요구 2OFF
[10:44:38] : 0
[10:49:46] : REQUEST MEAS. ON
[10:49:53] : REQUEST MEAS. OFF
[10:49:53] : 0
[10:49:53] : 측정요구 ON 2
[10:50:00] : 측정요구 2OFF
[10:50:00] : 0
[10:50:01] : REQUEST MEAS. ON
[10:50:07] : REQUEST MEAS. OFF
[10:50:07] : 0
[10:50:07] : 측정요구 ON 2
[10:50:14] : 측정요구 2OFF
[10:50:14] : 0
[10:50:16] : REQUEST MEAS. ON
[10:50:22] : REQUEST MEAS. OFF
[10:50:22] : 0
[10:50:22] : 측정요구 ON 2
[10:50:28] : 측정요구 2OFF
[10:50:28] : 0
[10:50:30] : REQUEST MEAS. ON
[10:50:36] : REQUEST MEAS. OFF
[10:50:36] : 0
[10:50:36] : 측정요구 ON 2
[10:50:44] : 측정요구 2OFF
[10:50:44] : 0
[10:50:45] : REQUEST MEAS. ON
[10:50:51] : REQUEST MEAS. OFF
[10:50:51] : 0
[10:50:51] : 측정요구 ON 2
[10:50:59] : 측정요구 2OFF
[10:50:59] : 0
[10:51:00] : REQUEST MEAS. ON
[10:51:07] : REQUEST MEAS. OFF
[10:51:07] : 0
[10:51:07] : 측정요구 ON 2
[10:51:14] : 측정요구 2OFF
[10:51:14] : 0
[10:51:14] : REQUEST MEAS. ON
[10:51:22] : REQUEST MEAS. OFF
[10:51:22] : 0
[10:51:22] : 측정요구 ON 2
[10:51:29] : 측정요구 2OFF
[10:51:29] : 0
[10:51:29] : REQUEST MEAS. ON
[10:51:36] : REQUEST MEAS. OFF
[10:51:36] : 0
[10:51:36] : 측정요구 ON 2
[10:51:43] : 측정요구 2OFF
[10:51:43] : 0
[10:51:43] : REQUEST MEAS. ON
[10:51:51] : REQUEST MEAS. OFF
[10:51:51] : 0
[10:51:51] : 측정요구 ON 2
[10:51:57] : 측정요구 2OFF
[10:51:58] : 0
[10:55:05] : MEAS ESC ON
[10:55:13] : MEAS ESC OFF
[11:14:07] : Cycle start ON
[11:14:07] : Cycle start OFF
[11:14:07] : REQUEST MEAS. ON
[11:14:13] : REQUEST MEAS. OFF
[11:14:14] : 0
[11:14:14] : 측정요구 ON 2
[11:14:21] : 측정요구 2OFF
[11:14:21] : 0
[11:14:21] : REQUEST MEAS. ON
[11:14:28] : REQUEST MEAS. OFF
[11:14:28] : 0
[11:14:28] : 측정요구 ON 2
[11:14:34] : 측정요구 2OFF
[11:14:34] : 0
[11:14:34] : REQUEST MEAS. ON
[11:14:42] : REQUEST MEAS. OFF
[11:14:42] : 0
[11:14:42] : 측정요구 ON 2
[11:14:50] : 측정요구 2OFF
[11:14:50] : 0
[11:15:14] : Cycle start ON
[11:15:15] : Cycle start OFF
[11:15:15] : REQUEST MEAS. ON
[11:15:21] : REQUEST MEAS. OFF
[11:15:21] : 0
[11:15:21] : 측정요구 ON 2
[11:17:20] : 측정요구 2OFF
[11:17:20] : 0
[11:17:47] : Cycle start ON
[11:17:47] : Cycle start OFF
[11:17:47] : REQUEST MEAS. ON
[11:17:54] : REQUEST MEAS. OFF
[11:17:54] : 0
[11:17:54] : 측정요구 ON 2
[11:18:00] : 측정요구 2OFF
[11:18:00] : 0
[11:18:00] : REQUEST MEAS. ON
[11:18:08] : REQUEST MEAS. OFF
[11:18:08] : 0
[11:18:08] : 측정요구 ON 2
[11:18:15] : 측정요구 2OFF
[11:18:15] : 0
[11:18:15] : REQUEST MEAS. ON
[11:18:21] : REQUEST MEAS. OFF
[11:18:21] : 0
[11:18:21] : 측정요구 ON 2
[11:18:28] : 측정요구 2OFF
[11:18:28] : 0
[11:18:28] : REQUEST MEAS. ON
[11:18:36] : REQUEST MEAS. OFF
[11:18:36] : 0
[11:18:36] : 측정요구 ON 2
[11:18:42] : 측정요구 2OFF
[11:18:42] : 0
[11:18:42] : REQUEST MEAS. ON
[11:18:50] : REQUEST MEAS. OFF
[11:18:50] : 0
[11:18:50] : 측정요구 ON 2
[11:18:56] : 측정요구 2OFF
[11:18:57] : 0
[11:18:57] : REQUEST MEAS. ON
[11:19:03] : REQUEST MEAS. OFF
[11:19:03] : 0
[11:19:03] : 측정요구 ON 2
[11:19:10] : 측정요구 2OFF
[11:19:10] : 0
[11:20:15] : Cycle start ON
[11:20:16] : Cycle start OFF
[11:20:16] : REQUEST MEAS. ON
[11:20:22] : REQUEST MEAS. OFF
[11:20:23] : 0
[11:20:23] : 측정요구 ON 2
[11:21:36] : 측정요구 2OFF
[11:21:36] : 0
[11:21:59] : Cycle start ON
[11:21:59] : Cycle start OFF
[11:21:59] : REQUEST MEAS. ON
[11:22:06] : REQUEST MEAS. OFF
[11:22:06] : 0
[11:22:06] : 측정요구 ON 2
[11:22:13] : 측정요구 2OFF
[11:22:13] : 0
[11:22:43] : Cycle start ON
[11:22:44] : Cycle start OFF
[11:22:44] : REQUEST MEAS. ON
[11:22:50] : REQUEST MEAS. OFF
[11:22:50] : 0
[11:22:50] : 측정요구 ON 2
[11:22:56] : 측정요구 2OFF
[11:22:57] : 0
[11:22:57] : REQUEST MEAS. ON
[11:23:04] : REQUEST MEAS. OFF
[11:23:04] : 0
[11:23:04] : 측정요구 ON 2
[11:23:12] : 측정요구 2OFF
[11:23:12] : 0
[11:23:12] : REQUEST MEAS. ON
[11:23:19] : REQUEST MEAS. OFF
[11:23:19] : 0
[11:23:19] : 측정요구 ON 2
[11:23:25] : 측정요구 2OFF
[11:23:26] : 0
[11:25:22] : Cycle start ON
[11:25:23] : Cycle start OFF
[11:25:23] : REQUEST MEAS. ON
[11:25:29] : REQUEST MEAS. OFF
[11:25:29] : 0
[11:25:29] : 측정요구 ON 2
[11:25:37] : 측정요구 2OFF
[11:25:37] : 0
[11:26:20] : Cycle start ON
[11:26:20] : REQUEST MEAS. ON
[11:26:20] : Cycle start OFF
[11:26:27] : REQUEST MEAS. OFF
[11:26:27] : 0
[11:26:27] : 측정요구 ON 2
[11:26:34] : 측정요구 2OFF
[11:26:34] : 0
[11:26:58] : Cycle start ON
[11:26:59] : Cycle start OFF
[11:26:59] : REQUEST MEAS. ON
[11:27:05] : REQUEST MEAS. OFF
[11:27:05] : 0
[11:27:05] : 측정요구 ON 2
[11:27:11] : 측정요구 2OFF
[11:27:11] : 0
[11:27:11] : REQUEST MEAS. ON
[11:27:19] : REQUEST MEAS. OFF
[11:27:19] : 0
[11:27:19] : 측정요구 ON 2
[11:27:27] : 측정요구 2OFF
[11:27:27] : 0
[11:27:27] : REQUEST MEAS. ON
[11:27:34] : REQUEST MEAS. OFF
[11:27:34] : 0
[11:27:34] : 측정요구 ON 2
[11:27:40] : 측정요구 2OFF
[11:27:40] : 0
 
[11:51:07] : Cycle start ON
[11:51:07] : Cycle start OFF
[11:51:07] : 측정요구3 ON
[11:51:14] : 측정요구3 OFF
[11:51:14] : 0
[11:51:14] : 측정요구4 ON
[11:51:21] : 측정요구4 OFF
[11:51:21] : 0
[11:51:42] : Cycle start ON
[11:51:43] : Cycle start OFF
[11:51:43] : 측정요구3 ON
[11:51:49] : 측정요구3 OFF
[11:51:49] : 0
[11:51:49] : 측정요구4 ON
[11:51:57] : 측정요구4 OFF
[11:51:57] : 0
[11:52:18] : Cycle start ON
[11:52:19] : Cycle start OFF
[11:52:19] : 측정요구3 ON
[11:52:25] : 측정요구3 OFF
[11:52:25] : 0
[11:52:25] : 측정요구4 ON
[11:52:33] : 측정요구4 OFF
[11:52:33] : 0
[13:18:20] : Cycle start ON
[13:18:21] : Cycle start OFF
[13:18:21] : 측정요구3 ON
[13:18:27] : 측정요구3 OFF
[13:18:27] : 0
[13:18:27] : 측정요구4 ON
[13:18:34] : 측정요구4 OFF
[13:18:34] : 0
[13:19:01] : Cycle start ON
[13:19:02] : Cycle start OFF
[13:19:02] : 측정요구3 ON
[13:19:08] : 측정요구3 OFF
[13:19:08] : 0
[13:19:08] : 측정요구4 ON
[13:19:15] : 측정요구4 OFF
[13:19:15] : 0
[13:19:15] : 측정요구4 ON
[13:19:15] : 측정요구4 OFF
[13:19:15] : 0
[13:19:15] : 측정요구4 ON
[13:19:15] : 측정요구4 OFF
[13:19:15] : 0
[13:19:15] : 측정요구4 ON
[13:19:15] : 측정요구4 OFF
[13:19:15] : 0
[13:19:57] : Cycle start ON
[13:19:57] : Cycle start OFF
[13:19:57] : 측정요구3 ON
[13:20:04] : 측정요구3 OFF
[13:20:04] : 0
[13:20:04] : 측정요구4 ON
[13:20:11] : 측정요구4 OFF
[13:20:11] : 0
[13:20:11] : 측정요구4 ON
[13:20:11] : 측정요구4 OFF
[13:20:11] : 0
[13:20:11] : 측정요구4 ON
[13:20:11] : 측정요구4 OFF
[13:20:11] : 0
[13:20:11] : 측정요구4 ON
[13:20:11] : 측정요구4 OFF
[13:20:11] : 0
[13:20:48] : Cycle start ON
[13:20:48] : Cycle start OFF
[13:20:48] : 측정요구3 ON
[13:20:54] : 측정요구3 OFF
[13:20:54] : 0
[13:20:54] : 측정요구4 ON
[13:21:01] : 측정요구4 OFF
[13:21:01] : 0
[13:21:01] : 측정요구4 ON
[13:21:01] : 측정요구4 OFF
[13:21:01] : 0
[13:21:01] : 측정요구4 ON
[13:21:01] : 측정요구4 OFF
[13:21:01] : 0
[13:21:01] : 측정요구4 ON
[13:21:01] : 측정요구4 OFF
[13:21:01] : 0
[13:26:52] : Cycle start ON
[13:26:52] : Cycle start OFF
[13:26:52] : REQUEST MEAS. ON
[13:26:59] : REQUEST MEAS. OFF
[13:26:59] : 0
[13:26:59] : 측정요구 ON 2
[13:27:06] : 측정요구 2OFF
[13:27:06] : 0
[13:27:06] : REQUEST MEAS. ON
[13:27:14] : REQUEST MEAS. OFF
[13:27:14] : 0
[13:27:14] : 측정요구 ON 2
[13:27:21] : 측정요구 2OFF
[13:27:21] : 0
[13:27:21] : REQUEST MEAS. ON
[13:27:28] : REQUEST MEAS. OFF
[13:27:28] : 0
[13:27:28] : 측정요구 ON 2
[13:27:35] : 측정요구 2OFF
[13:27:36] : 0
[13:28:13] : Cycle start ON
[13:28:13] : Cycle start OFF
[13:28:13] : 측정요구3 ON
[13:28:20] : 측정요구3 OFF
[13:28:20] : 0
[13:28:20] : 측정요구4 ON
[13:28:26] : 측정요구4 OFF
[13:28:26] : 0
[13:28:26] : 측정요구4 ON
[13:28:26] : 측정요구4 OFF
[13:28:26] : 0
[13:28:26] : 측정요구4 ON
[13:28:26] : 측정요구4 OFF
[13:28:26] : 0
[13:28:26] : 측정요구4 ON
[13:28:26] : 측정요구4 OFF
[13:28:26] : 0
[13:30:50] : Cycle start ON
[13:30:51] : Cycle start OFF
[13:30:51] : 측정요구3 ON
[13:30:57] : 측정요구3 OFF
[13:30:57] : 0
[13:30:57] : 측정요구4 ON
[13:31:03] : 측정요구4 OFF
[13:31:03] : 0
[13:31:03] : 측정요구3 ON
[13:31:11] : 측정요구3 OFF
[13:31:11] : 0
[13:31:11] : 측정요구4 ON
[13:31:17] : 측정요구4 OFF
[13:31:17] : 0
[13:31:17] : 측정요구3 ON
[13:31:25] : 측정요구3 OFF
[13:31:25] : 0
[13:31:25] : 측정요구4 ON
[13:31:31] : 측정요구4 OFF
[13:31:31] : 0
[13:31:57] : Cycle start ON
[13:31:57] : Cycle start OFF
[13:31:57] : 측정요구3 ON
[13:32:04] : 측정요구3 OFF
[13:32:04] : 0
[13:32:04] : 측정요구4 ON
[13:32:11] : 측정요구4 OFF
[13:32:11] : 0
[13:32:11] : 측정요구3 ON
[13:32:19] : 측정요구3 OFF
[13:32:19] : 0
[13:32:19] : 측정요구4 ON
[13:32:25] : 측정요구4 OFF
[13:32:25] : 0
[13:32:25] : 측정요구3 ON
[13:32:33] : 측정요구3 OFF
[13:32:33] : 0
[13:32:33] : 측정요구4 ON
[13:32:39] : 측정요구4 OFF
[13:32:40] : 0
[13:33:04] : Cycle start ON
[13:33:04] : Cycle start OFF
[13:33:04] : 측정요구3 ON
[13:33:10] : 측정요구3 OFF
[13:33:10] : 0
[13:33:10] : 측정요구4 ON
[13:33:18] : 측정요구4 OFF
[13:33:18] : 0
[13:43:05] : Cycle start ON
[13:43:05] : Cycle start OFF
[13:43:05] : REQUEST MEAS. ON
[13:43:12] : REQUEST MEAS. OFF
[13:43:12] : 0
[13:43:12] : 측정요구 ON 2
[13:43:18] : 측정요구 2OFF
[13:43:18] : 0
[13:43:18] : REQUEST MEAS. ON
[13:43:26] : REQUEST MEAS. OFF
[13:43:26] : 0
[13:43:26] : 측정요구 ON 2
[13:43:34] : 측정요구 2OFF
[13:43:34] : 0
[13:43:34] : REQUEST MEAS. ON
[13:43:41] : REQUEST MEAS. OFF
[13:43:41] : 0
[13:43:41] : 측정요구 ON 2
[13:43:48] : 측정요구 2OFF
[13:43:48] : 0
[13:46:13] : Cycle start ON
[13:46:14] : Cycle start OFF
[13:46:14] : 측정요구3 ON
[13:46:20] : 측정요구3 OFF
[13:46:20] : 0
[13:46:20] : 측정요구4 ON
[13:46:27] : 측정요구4 OFF
[13:46:27] : 0
[13:46:27] : 측정요구3 ON
[13:46:35] : 측정요구3 OFF
[13:46:35] : 0
[13:46:35] : 측정요구4 ON
[13:46:41] : 측정요구4 OFF
[13:46:41] : 0
[13:46:41] : 측정요구3 ON
[13:46:49] : 측정요구3 OFF
[13:46:49] : 0
[13:46:49] : 측정요구4 ON
[13:46:55] : 측정요구4 OFF
[13:46:55] : 0
[13:47:37] : Cycle start ON
[13:47:38] : Cycle start OFF
[13:47:38] : 측정요구3 ON
[13:47:44] : 측정요구3 OFF
[13:47:44] : 0
[13:47:44] : 측정요구4 ON
[13:47:51] : 측정요구4 OFF
[13:47:51] : 0
[13:48:26] : Cycle start ON
[13:48:27] : Cycle start OFF
[13:48:27] : REQUEST MEAS. ON
[13:48:33] : REQUEST MEAS. OFF
[13:48:33] : 0
[13:48:33] : 측정요구 ON 2
[13:48:40] : 측정요구 2OFF
[13:48:40] : 0
[13:49:05] : Cycle start ON
[13:49:05] : Cycle start OFF
[13:49:05] : REQUEST MEAS. ON
[13:49:12] : REQUEST MEAS. OFF
[13:49:12] : 0
[13:49:12] : 측정요구 ON 2
[13:49:19] : 측정요구 2OFF
[13:49:19] : 0
[13:49:19] : REQUEST MEAS. ON
[13:49:26] : REQUEST MEAS. OFF
[13:49:26] : 0
[13:49:26] : 측정요구 ON 2
[13:49:34] : 측정요구 2OFF
[13:49:34] : 0
[13:49:34] : REQUEST MEAS. ON
[13:49:41] : REQUEST MEAS. OFF
[13:49:41] : 0
[13:49:41] : 측정요구 ON 2
[13:49:48] : 측정요구 2OFF
[13:49:48] : 0
[13:50:31] : Cycle start ON
[13:50:32] : Cycle start OFF
[13:50:32] : REQUEST MEAS. ON
[13:50:38] : REQUEST MEAS. OFF
[13:50:38] : 0
[13:50:38] : 측정요구 ON 2
[13:50:46] : 측정요구 2OFF
[13:50:46] : 0
[13:52:02] : Cycle start ON
[13:52:03] : Cycle start OFF
[13:52:03] : 측정요구3 ON
[13:52:09] : 측정요구3 OFF
[13:52:09] : 0
[13:52:09] : 측정요구4 ON
[13:52:16] : 측정요구4 OFF
[13:52:16] : 0
[13:52:16] : 측정요구3 ON
[13:52:24] : 측정요구3 OFF
[13:52:24] : 0
[13:52:24] : 측정요구4 ON
[13:52:30] : 측정요구4 OFF
[13:52:30] : 0
[13:52:30] : 측정요구3 ON
[13:52:38] : 측정요구3 OFF
[13:52:38] : 0
[13:52:38] : 측정요구4 ON
[13:52:44] : 측정요구4 OFF
[13:52:44] : 0
[14:01:51] : Cycle start ON
[14:01:51] : Cycle start OFF
[14:01:51] : 측정요구3 ON
[14:01:58] : 측정요구3 OFF
[14:01:58] : 0
[14:01:58] : 측정요구4 ON
[14:02:04] : 측정요구4 OFF
[14:02:04] : 0
[14:02:04] : 측정요구3 ON
[14:02:12] : 측정요구3 OFF
[14:02:12] : 0
[14:02:12] : 측정요구4 ON
[14:02:18] : 측정요구4 OFF
[14:02:18] : 0
[14:02:18] : 측정요구3 ON
[14:02:26] : 측정요구3 OFF
[14:02:26] : 0
[14:02:26] : 측정요구4 ON
[14:02:32] : 측정요구4 OFF
[14:02:32] : 0
[14:29:56] : Cycle start ON
[14:29:57] : Cycle start OFF
[14:29:57] : REQUEST MEAS. ON
[14:30:03] : REQUEST MEAS. OFF
[14:30:04] : 0
[14:30:04] : 측정요구 ON 2
[14:30:11] : 측정요구 2OFF
[14:30:11] : 0
[14:30:56] : Cycle start ON
[14:30:57] : Cycle start OFF
[14:30:57] : REQUEST MEAS. ON
[14:31:03] : REQUEST MEAS. OFF
[14:31:03] : 0
[14:31:03] : 측정요구 ON 2
[14:31:10] : 측정요구 2OFF
[14:31:10] : 0
[14:33:53] : Cycle start ON
[14:33:53] : Cycle start OFF
[14:33:53] : REQUEST MEAS. ON
[14:34:00] : REQUEST MEAS. OFF
[14:34:00] : 0
[14:34:00] : 측정요구 ON 2
[14:34:07] : 측정요구 2OFF
[14:34:07] : 0
[14:34:48] : Cycle start ON
[14:34:48] : Cycle start OFF
[14:34:48] : 측정요구3 ON
[14:34:54] : 측정요구3 OFF
[14:34:55] : 0
[14:34:55] : 측정요구4 ON
[14:35:02] : 측정요구4 OFF
[14:35:02] : 0
[14:35:25] : Cycle start ON
[14:35:26] : Cycle start OFF
[14:35:26] : REQUEST MEAS. ON
[14:35:32] : REQUEST MEAS. OFF
[14:35:32] : 0
[14:35:32] : 측정요구 ON 2
[14:35:40] : 측정요구 2OFF
[14:35:40] : 0
[14:50:33] : Cycle start ON
[14:50:33] : Cycle start OFF
[14:50:33] : REQUEST MEAS. ON
[14:50:40] : REQUEST MEAS. OFF
[14:50:40] : 0
[14:50:40] : 측정요구 ON 2
[14:50:48] : 측정요구 2OFF
[14:50:48] : 0
[14:51:10] : Cycle start ON
[14:51:11] : Cycle start OFF
[14:51:11] : 측정요구3 ON
[14:51:17] : 측정요구3 OFF
[14:51:17] : 0
[14:51:17] : 측정요구4 ON
[14:51:25] : 측정요구4 OFF
[14:51:25] : 0
[16:11:15] : Cycle start ON
[16:11:16] : Cycle start OFF
[16:11:16] : REQUEST MEAS. ON
[16:11:22] : REQUEST MEAS. OFF
[16:11:22] : 0
[16:11:22] : 측정요구 ON 2
[16:11:30] : 측정요구 2OFF
[16:11:30] : 0
[16:11:30] : REQUEST MEAS. ON
[16:11:37] : REQUEST MEAS. OFF
[16:11:37] : 0
[16:11:37] : 측정요구 ON 2
[16:11:43] : 측정요구 2OFF
[16:11:43] : 0
[16:11:43] : REQUEST MEAS. ON
[16:11:51] : REQUEST MEAS. OFF
[16:11:51] : 0
[16:11:51] : 측정요구 ON 2
[16:11:59] : 측정요구 2OFF
[16:11:59] : 0
[16:12:25] : Cycle start ON
[16:12:25] : Cycle start OFF
[16:12:25] : REQUEST MEAS. ON
[16:12:32] : REQUEST MEAS. OFF
[16:12:32] : 0
[16:12:32] : 측정요구 ON 2
[16:12:39] : 측정요구 2OFF
[16:12:39] : 0
[16:12:39] : REQUEST MEAS. ON
[16:12:46] : REQUEST MEAS. OFF
[16:12:46] : 0
[16:12:46] : 측정요구 ON 2
[16:12:53] : 측정요구 2OFF
[16:12:53] : 0
[16:12:53] : REQUEST MEAS. ON
[16:13:01] : REQUEST MEAS. OFF
[16:13:01] : 0
[16:13:01] : 측정요구 ON 2
[16:13:08] : 측정요구 2OFF
[16:13:08] : 0
[16:13:08] : REQUEST MEAS. ON
[16:13:16] : REQUEST MEAS. OFF
[16:13:16] : 0
[16:13:16] : 측정요구 ON 2
[16:13:23] : 측정요구 2OFF
[16:13:23] : 0
[16:13:23] : REQUEST MEAS. ON
[16:13:30] : REQUEST MEAS. OFF
[16:13:30] : 0
[16:13:30] : 측정요구 ON 2
[16:13:37] : 측정요구 2OFF
[16:13:37] : 0
[16:13:37] : REQUEST MEAS. ON
[16:13:45] : REQUEST MEAS. OFF
[16:13:45] : 0
[16:13:45] : 측정요구 ON 2
[16:13:52] : 측정요구 2OFF
[16:13:52] : 0
[16:13:52] : REQUEST MEAS. ON
[16:13:59] : REQUEST MEAS. OFF
[16:13:59] : 0
[16:13:59] : 측정요구 ON 2
[16:14:07] : 측정요구 2OFF
[16:14:07] : 0
[16:14:07] : REQUEST MEAS. ON
[16:14:14] : REQUEST MEAS. OFF
[16:14:14] : 0
[16:14:14] : 측정요구 ON 2
[16:14:20] : 측정요구 2OFF
[16:14:21] : 0
[16:14:21] : REQUEST MEAS. ON
[16:14:28] : REQUEST MEAS. OFF
[16:14:28] : 0
[16:14:28] : 측정요구 ON 2
[16:14:34] : 측정요구 2OFF
[16:14:34] : 0
[16:14:34] : REQUEST MEAS. ON
[16:14:42] : REQUEST MEAS. OFF
[16:14:42] : 0
[16:14:42] : 측정요구 ON 2
[16:14:50] : 측정요구 2OFF
[16:14:50] : 0
[16:50:17] : Cycle start ON
[16:50:17] : Cycle start OFF
[16:50:17] : REQUEST MEAS. ON
[16:50:24] : REQUEST MEAS. OFF
[16:50:24] : 0
[16:50:24] : 측정요구 ON 2
[16:50:31] : 측정요구 2OFF
[16:50:31] : 0
[16:50:31] : REQUEST MEAS. ON
[16:50:38] : REQUEST MEAS. OFF
[16:50:38] : 0
[16:50:38] : 측정요구 ON 2
[16:50:45] : 측정요구 2OFF
[16:50:45] : 0
[16:50:45] : REQUEST MEAS. ON
[16:50:52] : REQUEST MEAS. OFF
[16:50:52] : 0
[16:50:52] : 측정요구 ON 2
[16:51:00] : 측정요구 2OFF
[16:51:00] : 0
[16:51:00] : REQUEST MEAS. ON
[16:51:07] : REQUEST MEAS. OFF
[16:51:07] : 0
[16:51:07] : 측정요구 ON 2
[16:51:14] : 측정요구 2OFF
[16:51:15] : 0
[16:51:15] : REQUEST MEAS. ON
[16:51:22] : REQUEST MEAS. OFF
[16:51:22] : 0
[16:51:22] : 측정요구 ON 2
[16:51:28] : 측정요구 2OFF
[16:51:28] : 0
[16:51:28] : REQUEST MEAS. ON
[16:51:36] : REQUEST MEAS. OFF
[16:51:36] : 0
[16:51:36] : 측정요구 ON 2
[16:51:43] : 측정요구 2OFF
[16:51:43] : 0
[16:51:43] : REQUEST MEAS. ON
[16:51:50] : REQUEST MEAS. OFF
[16:51:50] : 0
[16:51:50] : 측정요구 ON 2
[16:51:57] : 측정요구 2OFF
[16:51:57] : 0
[16:51:57] : REQUEST MEAS. ON
[16:52:05] : REQUEST MEAS. OFF
[16:52:05] : 0
[16:52:05] : 측정요구 ON 2
[16:52:11] : 측정요구 2OFF
[16:52:12] : 0
[16:52:12] : REQUEST MEAS. ON
[16:52:19] : REQUEST MEAS. OFF
[16:52:19] : 0
[16:52:19] : 측정요구 ON 2
[16:52:26] : 측정요구 2OFF
[16:52:26] : 0
[16:52:26] : REQUEST MEAS. ON
[16:52:34] : REQUEST MEAS. OFF
[16:52:34] : 0
[16:52:34] : 측정요구 ON 2
[16:52:41] : 측정요구 2OFF
[16:52:41] : 0
[17:01:41] : Cycle start ON
[17:01:41] : Cycle start OFF
[17:01:41] : REQUEST MEAS. ON
[17:01:48] : REQUEST MEAS. OFF
[17:01:48] : 0
[17:01:48] : 측정요구 ON 2
[17:01:54] : 측정요구 2OFF
[17:01:54] : 0
[17:01:54] : REQUEST MEAS. ON
[17:02:02] : REQUEST MEAS. OFF
[17:02:02] : 0
[17:02:02] : 측정요구 ON 2
[17:02:09] : 측정요구 2OFF
[17:02:09] : 0
[17:02:09] : REQUEST MEAS. ON
[17:02:16] : REQUEST MEAS. OFF
[17:02:16] : 0
[17:02:16] : 측정요구 ON 2
[17:02:23] : 측정요구 2OFF
[17:02:23] : 0
[17:02:23] : REQUEST MEAS. ON
[17:02:31] : REQUEST MEAS. OFF
[17:02:31] : 0
[17:02:31] : 측정요구 ON 2
[17:02:38] : 측정요구 2OFF
[17:02:38] : 0
[17:02:38] : REQUEST MEAS. ON
[17:02:45] : REQUEST MEAS. OFF
[17:02:45] : 0
[17:02:45] : 측정요구 ON 2
[17:02:53] : 측정요구 2OFF
[17:02:53] : 0
[17:02:53] : REQUEST MEAS. ON
[17:03:00] : REQUEST MEAS. OFF
[17:03:00] : 0
[17:03:00] : 측정요구 ON 2
[17:03:08] : 측정요구 2OFF
[17:03:08] : 0
[17:03:08] : REQUEST MEAS. ON
[17:03:15] : REQUEST MEAS. OFF
[17:03:15] : 0
[17:03:15] : 측정요구 ON 2
[17:03:22] : 측정요구 2OFF
[17:03:22] : 0
[17:03:22] : REQUEST MEAS. ON
[17:03:29] : REQUEST MEAS. OFF
[17:03:29] : 0
[17:03:29] : 측정요구 ON 2
[17:03:37] : 측정요구 2OFF
[17:03:37] : 0
[17:03:37] : REQUEST MEAS. ON
[17:03:44] : REQUEST MEAS. OFF
[17:03:44] : 0
[17:03:44] : 측정요구 ON 2
[17:03:50] : 측정요구 2OFF
[17:03:50] : 0
[17:03:50] : REQUEST MEAS. ON
[17:03:58] : REQUEST MEAS. OFF
[17:03:58] : 0
[17:03:58] : 측정요구 ON 2
[17:04:05] : 측정요구 2OFF
[17:04:05] : 0
[17:06:55] : Cycle start ON
[17:06:55] : Cycle start OFF
[17:06:55] : 측정요구3 ON
[17:07:02] : 측정요구3 OFF
[17:07:02] : 0
[17:07:02] : 측정요구4 ON
[17:07:08] : 측정요구4 OFF
[17:07:08] : 0
[17:07:08] : 측정요구3 ON
[17:07:15] : 측정요구3 OFF
[17:07:15] : 0
[17:07:15] : 측정요구4 ON
[17:07:22] : 측정요구4 OFF
[17:07:22] : 0
[17:07:22] : 측정요구3 ON
[17:07:29] : 측정요구3 OFF
[17:07:29] : 0
[17:07:29] : 측정요구4 ON
[17:07:35] : 측정요구4 OFF
[17:07:35] : 0
[17:07:35] : 측정요구3 ON
[17:07:43] : 측정요구3 OFF
[17:07:43] : 0
[17:07:43] : 측정요구4 ON
[17:07:49] : 측정요구4 OFF
[17:07:49] : 0
[17:07:49] : 측정요구3 ON
[17:07:57] : 측정요구3 OFF
[17:07:57] : 0
[17:07:57] : 측정요구4 ON
[17:08:04] : 측정요구4 OFF
[17:08:04] : 0
[17:08:04] : 측정요구3 ON
[17:08:12] : 측정요구3 OFF
[17:08:12] : 0
[17:08:12] : 측정요구4 ON
[17:08:18] : 측정요구4 OFF
[17:08:18] : 0
[17:08:18] : 측정요구3 ON
[17:08:26] : 측정요구3 OFF
[17:08:26] : 0
[17:08:26] : 측정요구4 ON
[17:08:32] : 측정요구4 OFF
[17:08:32] : 0
[17:08:32] : 측정요구3 ON
[17:08:40] : 측정요구3 OFF
[17:08:40] : 0
[17:08:40] : 측정요구4 ON
[17:08:46] : 측정요구4 OFF
[17:08:46] : 0
[17:08:46] : 측정요구3 ON
[17:08:54] : 측정요구3 OFF
[17:08:54] : 0
[17:08:54] : 측정요구4 ON
[17:09:00] : 측정요구4 OFF
[17:09:00] : 0
[17:09:00] : 측정요구3 ON
[17:09:08] : 측정요구3 OFF
[17:09:08] : 0
[17:09:08] : 측정요구4 ON
[17:09:14] : 측정요구4 OFF
[17:09:14] : 0
[17:26:44] : Cycle start ON
[17:26:44] : Cycle start OFF
[17:26:44] : REQUEST MEAS. ON
[17:26:51] : REQUEST MEAS. OFF
[17:26:51] : 0
[17:26:51] : 측정요구 ON 2
[17:26:57] : 측정요구 2OFF
[17:26:57] : 0
[17:26:57] : REQUEST MEAS. ON
[17:27:05] : REQUEST MEAS. OFF
[17:27:05] : 0
[17:27:05] : 측정요구 ON 2
[17:27:12] : 측정요구 2OFF
[17:27:12] : 0
[17:27:12] : REQUEST MEAS. ON
[17:27:20] : REQUEST MEAS. OFF
[17:27:20] : 0
[17:27:20] : 측정요구 ON 2
[17:27:26] : 측정요구 2OFF
[17:27:26] : 0
[17:27:26] : REQUEST MEAS. ON
[17:27:34] : REQUEST MEAS. OFF
[17:27:34] : 0
[17:27:34] : 측정요구 ON 2
[17:27:41] : 측정요구 2OFF
[17:27:42] : 0
[17:27:42] : REQUEST MEAS. ON
[17:27:49] : REQUEST MEAS. OFF
[17:27:49] : 0
[17:27:49] : 측정요구 ON 2
[17:27:55] : 측정요구 2OFF
[17:27:55] : 0
[17:27:55] : REQUEST MEAS. ON
[17:28:03] : REQUEST MEAS. OFF
[17:28:03] : 0
[17:28:03] : 측정요구 ON 2
[17:28:10] : 측정요구 2OFF
[17:28:10] : 0
[17:36:17] : Cycle start ON
[17:36:17] : Cycle start OFF
[17:36:17] : REQUEST MEAS. ON
[17:36:24] : REQUEST MEAS. OFF
[17:36:24] : 0
[17:36:24] : 측정요구 ON 2
[17:36:32] : 측정요구 2OFF
[17:36:32] : 0
[17:37:00] : Cycle start ON
[17:37:00] : Cycle start OFF
[17:37:00] : REQUEST MEAS. ON
[17:37:07] : REQUEST MEAS. OFF
[17:37:07] : 0
[17:37:07] : 측정요구 ON 2
[17:37:13] : 측정요구 2OFF
[17:37:14] : 0
[17:37:14] : REQUEST MEAS. ON
[17:37:21] : REQUEST MEAS. OFF
[17:37:21] : 0
[17:37:21] : 측정요구 ON 2
[17:37:27] : 측정요구 2OFF
[17:37:27] : 0
[17:37:27] : REQUEST MEAS. ON
[17:37:35] : REQUEST MEAS. OFF
[17:37:35] : 0
[17:37:35] : 측정요구 ON 2
[17:37:42] : 측정요구 2OFF
[17:37:42] : 0
[17:37:42] : REQUEST MEAS. ON
[17:37:49] : REQUEST MEAS. OFF
[17:37:49] : 0
[17:37:49] : 측정요구 ON 2
[17:37:57] : 측정요구 2OFF
[17:37:57] : 0
[17:37:57] : REQUEST MEAS. ON
[17:38:04] : REQUEST MEAS. OFF
[17:38:04] : 0
[17:38:04] : 측정요구 ON 2
[17:38:11] : 측정요구 2OFF
[17:38:11] : 0
[17:38:11] : REQUEST MEAS. ON
[17:38:18] : REQUEST MEAS. OFF
[17:38:18] : 0
[17:38:18] : 측정요구 ON 2
[17:38:26] : 측정요구 2OFF
[17:38:26] : 0
[17:38:26] : REQUEST MEAS. ON
[17:38:33] : REQUEST MEAS. OFF
[17:38:33] : 0
[17:38:33] : 측정요구 ON 2
[17:38:41] : 측정요구 2OFF
[17:38:41] : 0
[17:38:41] : REQUEST MEAS. ON
[17:38:48] : REQUEST MEAS. OFF
[17:38:48] : 0
[17:38:48] : 측정요구 ON 2
[17:38:54] : 측정요구 2OFF
[17:38:55] : 0
[17:38:55] : REQUEST MEAS. ON
[17:39:02] : REQUEST MEAS. OFF
[17:39:02] : 0
[17:39:02] : 측정요구 ON 2
[17:39:10] : 측정요구 2OFF
[17:39:10] : 0
[17:39:10] : REQUEST MEAS. ON
[17:39:17] : REQUEST MEAS. OFF
[17:39:17] : 0
[17:39:17] : 측정요구 ON 2
[17:39:23] : 측정요구 2OFF
[17:39:24] : 0
[17:52:05] : Cycle start ON
[17:52:05] : Cycle start OFF
[17:52:05] : REQUEST MEAS. ON
[17:52:12] : REQUEST MEAS. OFF
[17:52:12] : 0
[17:52:12] : 측정요구 ON 2
[17:52:20] : 측정요구 2OFF
[17:52:20] : 0
[17:52:20] : REQUEST MEAS. ON
[17:52:27] : REQUEST MEAS. OFF
[17:52:27] : 0
[17:52:27] : 측정요구 ON 2
[17:52:34] : 측정요구 2OFF
[17:52:34] : 0
[17:52:34] : REQUEST MEAS. ON
[17:52:41] : REQUEST MEAS. OFF
[17:52:41] : 0
[17:52:41] : 측정요구 ON 2
[17:52:49] : 측정요구 2OFF
[17:52:49] : 0
[17:52:49] : REQUEST MEAS. ON
[17:52:56] : REQUEST MEAS. OFF
[17:52:56] : 0
[17:52:56] : 측정요구 ON 2
[17:53:02] : 측정요구 2OFF
[17:53:03] : 0
[17:53:03] : REQUEST MEAS. ON
[17:53:10] : REQUEST MEAS. OFF
[17:53:10] : 0
[17:53:10] : 측정요구 ON 2
[17:53:16] : 측정요구 2OFF
[17:53:16] : 0
[17:53:16] : REQUEST MEAS. ON
[17:53:24] : REQUEST MEAS. OFF
[17:53:24] : 0
[17:53:24] : 측정요구 ON 2
[17:53:32] : 측정요구 2OFF
[17:53:32] : 0
[17:53:32] : REQUEST MEAS. ON
[17:53:39] : REQUEST MEAS. OFF
[17:53:39] : 0
[17:53:39] : 측정요구 ON 2
[17:53:45] : 측정요구 2OFF
[17:53:45] : 0
[17:53:45] : REQUEST MEAS. ON
[17:53:53] : REQUEST MEAS. OFF
[17:53:53] : 0
[17:53:53] : 측정요구 ON 2
[17:54:00] : 측정요구 2OFF
[17:54:01] : 0
[17:54:01] : REQUEST MEAS. ON
[17:54:08] : REQUEST MEAS. OFF
[17:54:08] : 0
[17:54:08] : 측정요구 ON 2
[17:54:15] : 측정요구 2OFF
[17:54:15] : 0
[17:54:15] : REQUEST MEAS. ON
[17:54:22] : REQUEST MEAS. OFF
[17:54:22] : 0
[17:54:22] : 측정요구 ON 2
[17:54:28] : 측정요구 2OFF
[17:54:28] : 0
[17:54:28] : REQUEST MEAS. ON
[17:54:36] : REQUEST MEAS. OFF
[17:54:36] : 0
[17:54:36] : 측정요구 ON 2
[17:54:44] : 측정요구 2OFF
[17:54:44] : 0
[17:54:44] : REQUEST MEAS. ON
[17:54:51] : REQUEST MEAS. OFF
[17:54:51] : 0
[17:54:51] : 측정요구 ON 2
[17:54:57] : 측정요구 2OFF
[17:54:57] : 0
[17:54:57] : REQUEST MEAS. ON
[17:55:05] : REQUEST MEAS. OFF
[17:55:05] : 0
[17:55:05] : 측정요구 ON 2
[17:55:12] : 측정요구 2OFF
[17:55:12] : 0
[17:55:12] : REQUEST MEAS. ON
[17:55:19] : REQUEST MEAS. OFF
[17:55:19] : 0
[17:55:19] : 측정요구 ON 2
[17:55:27] : 측정요구 2OFF
[17:55:27] : 0
[17:55:27] : REQUEST MEAS. ON
[17:55:34] : REQUEST MEAS. OFF
[17:55:34] : 0
[17:55:34] : 측정요구 ON 2
[17:55:40] : 측정요구 2OFF
[17:55:41] : 0
[17:55:41] : REQUEST MEAS. ON
[17:55:48] : REQUEST MEAS. OFF
[17:55:48] : 0
[17:55:48] : 측정요구 ON 2
[17:55:55] : 측정요구 2OFF
[17:55:55] : 0
[17:55:55] : REQUEST MEAS. ON
[17:56:02] : REQUEST MEAS. OFF
[17:56:02] : 0
[17:56:02] : 측정요구 ON 2
[17:56:10] : 측정요구 2OFF
[17:56:10] : 0
[17:56:10] : REQUEST MEAS. ON
[17:56:17] : REQUEST MEAS. OFF
[17:56:17] : 0
[17:56:17] : 측정요구 ON 2
[17:56:23] : 측정요구 2OFF
[17:56:23] : 0
[17:56:23] : REQUEST MEAS. ON
[17:56:31] : REQUEST MEAS. OFF
[17:56:31] : 0
[17:56:31] : 측정요구 ON 2
[17:56:38] : 측정요구 2OFF
[17:56:38] : 0
[17:56:38] : REQUEST MEAS. ON
[17:56:46] : REQUEST MEAS. OFF
[17:56:46] : 0
[17:56:46] : 측정요구 ON 2
[17:56:52] : 측정요구 2OFF
[17:56:53] : 0
[17:56:53] : REQUEST MEAS. ON
[17:57:00] : REQUEST MEAS. OFF
[17:57:00] : 0
[17:57:00] : 측정요구 ON 2
[17:57:08] : 측정요구 2OFF
[17:57:08] : 0
[17:57:08] : REQUEST MEAS. ON
[17:57:15] : REQUEST MEAS. OFF
[17:57:15] : 0
[17:57:15] : 측정요구 ON 2
[17:57:21] : 측정요구 2OFF
[17:57:21] : 0
[17:57:21] : REQUEST MEAS. ON
[17:57:29] : REQUEST MEAS. OFF
[17:57:29] : 0
[17:57:29] : 측정요구 ON 2
[17:57:36] : 측정요구 2OFF
[17:57:36] : 0
[17:57:36] : REQUEST MEAS. ON
[17:57:44] : REQUEST MEAS. OFF
[17:57:44] : 0
[17:57:44] : 측정요구 ON 2
[17:57:51] : 측정요구 2OFF
[17:57:51] : 0
[17:57:51] : REQUEST MEAS. ON
[17:57:58] : REQUEST MEAS. OFF
[17:57:58] : 0
[17:57:58] : 측정요구 ON 2
[17:58:06] : 측정요구 2OFF
[17:58:06] : 0
[17:58:06] : REQUEST MEAS. ON
[17:58:13] : REQUEST MEAS. OFF
[17:58:13] : 0
[17:58:13] : 측정요구 ON 2
[17:58:20] : 측정요구 2OFF
[17:58:20] : 0
[17:58:20] : REQUEST MEAS. ON
[17:58:27] : REQUEST MEAS. OFF
[17:58:27] : 0
[17:58:27] : 측정요구 ON 2
[17:58:33] : 측정요구 2OFF
[17:58:33] : 0
[17:58:33] : REQUEST MEAS. ON
[17:58:41] : REQUEST MEAS. OFF
[17:58:41] : 0
[17:58:41] : 측정요구 ON 2
[17:58:48] : 측정요구 2OFF
[17:58:49] : 0
[17:58:49] : REQUEST MEAS. ON
[17:58:56] : REQUEST MEAS. OFF
[17:58:56] : 0
[17:58:56] : 측정요구 ON 2
[17:59:03] : 측정요구 2OFF
[17:59:03] : 0
[17:59:03] : REQUEST MEAS. ON
[17:59:10] : REQUEST MEAS. OFF
[17:59:10] : 0
[17:59:10] : 측정요구 ON 2
[17:59:18] : 측정요구 2OFF
[17:59:18] : 0
[17:59:18] : REQUEST MEAS. ON
[17:59:25] : REQUEST MEAS. OFF
[17:59:25] : 0
[17:59:25] : 측정요구 ON 2
[17:59:32] : 측정요구 2OFF
[17:59:32] : 0
[17:59:32] : REQUEST MEAS. ON
[17:59:40] : REQUEST MEAS. OFF
[17:59:40] : 0
[17:59:40] : 측정요구 ON 2
[17:59:47] : 측정요구 2OFF
[17:59:47] : 0
[17:59:47] : REQUEST MEAS. ON
[17:59:54] : REQUEST MEAS. OFF
[17:59:54] : 0
[17:59:54] : 측정요구 ON 2
[18:00:01] : 측정요구 2OFF
[18:00:02] : 0
[18:00:02] : REQUEST MEAS. ON
[18:00:09] : REQUEST MEAS. OFF
[18:00:09] : 0
[18:00:09] : 측정요구 ON 2
[18:00:16] : 측정요구 2OFF
[18:00:16] : 0
[18:00:16] : REQUEST MEAS. ON
[18:00:23] : REQUEST MEAS. OFF
[18:00:23] : 0
[18:00:23] : 측정요구 ON 2
[18:00:30] : 측정요구 2OFF
[18:00:31] : 0
[18:00:31] : REQUEST MEAS. ON
[18:00:38] : REQUEST MEAS. OFF
[18:00:38] : 0
[18:00:38] : 측정요구 ON 2
[18:00:45] : 측정요구 2OFF
[18:00:45] : 0
[18:00:45] : REQUEST MEAS. ON
[18:00:52] : REQUEST MEAS. OFF
[18:00:52] : 0
[18:00:52] : 측정요구 ON 2
[18:00:59] : 측정요구 2OFF
[18:01:00] : 0
[18:01:00] : REQUEST MEAS. ON
[18:01:07] : REQUEST MEAS. OFF
[18:01:07] : 0
[18:01:07] : 측정요구 ON 2
[18:01:13] : 측정요구 2OFF
[18:01:13] : 0
[18:01:13] : REQUEST MEAS. ON
[18:01:21] : REQUEST MEAS. OFF
[18:01:21] : 0
[18:01:21] : 측정요구 ON 2
[18:01:27] : 측정요구 2OFF
[18:01:27] : 0
[18:01:27] : REQUEST MEAS. ON
[18:01:35] : REQUEST MEAS. OFF
[18:01:35] : 0
[18:01:35] : 측정요구 ON 2
[18:01:42] : 측정요구 2OFF
[18:01:43] : 0
[18:05:48] : Cycle start ON
[18:05:48] : Cycle start OFF
[18:05:48] : 측정요구3 ON
[18:05:54] : 측정요구3 OFF
[18:05:55] : 0
[18:05:55] : 측정요구4 ON
[18:06:01] : 측정요구4 OFF
[18:06:01] : 0
[18:06:01] : 측정요구3 ON
[18:06:09] : 측정요구3 OFF
[18:06:09] : 0
[18:06:09] : 측정요구4 ON
[18:06:15] : 측정요구4 OFF
[18:06:15] : 0
[18:06:15] : 측정요구3 ON
[18:06:23] : 측정요구3 OFF
[18:06:23] : 0
[18:06:23] : 측정요구4 ON
[18:06:29] : 측정요구4 OFF
[18:06:29] : 0
[18:06:29] : 측정요구3 ON
[18:06:37] : 측정요구3 OFF
[18:06:37] : 0
[18:06:37] : 측정요구4 ON
[18:06:43] : 측정요구4 OFF
[18:06:43] : 0
[18:06:43] : 측정요구3 ON
[18:06:51] : 측정요구3 OFF
[18:06:51] : 0
[18:06:51] : 측정요구4 ON
[18:06:57] : 측정요구4 OFF
[18:06:57] : 0
[18:06:57] : 측정요구3 ON
[18:07:05] : 측정요구3 OFF
[18:07:05] : 0
[18:07:05] : 측정요구4 ON
[18:07:11] : 측정요구4 OFF
[18:07:11] : 0
[18:07:11] : 측정요구3 ON
[18:07:19] : 측정요구3 OFF
[18:07:19] : 0
[18:07:19] : 측정요구4 ON
[18:07:25] : 측정요구4 OFF
[18:07:25] : 0
[18:07:25] : 측정요구3 ON
[18:07:33] : 측정요구3 OFF
[18:07:33] : 0
[18:07:33] : 측정요구4 ON
[18:07:39] : 측정요구4 OFF
[18:07:39] : 0
[18:07:39] : 측정요구3 ON
[18:07:47] : 측정요구3 OFF
[18:07:47] : 0
[18:07:47] : 측정요구4 ON
[18:07:53] : 측정요구4 OFF
[18:07:53] : 0
[18:07:53] : 측정요구3 ON
[18:08:01] : 측정요구3 OFF
[18:08:01] : 0
[18:08:01] : 측정요구4 ON
[18:08:07] : 측정요구4 OFF
[18:08:07] : 0
[18:08:07] : 측정요구3 ON
[18:08:15] : 측정요구3 OFF
[18:08:15] : 0
[18:08:15] : 측정요구4 ON
[18:08:22] : 측정요구4 OFF
[18:08:22] : 0
[18:08:22] : 측정요구3 ON
[18:08:29] : 측정요구3 OFF
[18:08:29] : 0
[18:08:29] : 측정요구4 ON
[18:08:36] : 측정요구4 OFF
[18:08:36] : 0
[18:08:36] : 측정요구3 ON
[18:08:44] : 측정요구3 OFF
[18:08:44] : 0
[18:08:44] : 측정요구4 ON
[18:08:50] : 측정요구4 OFF
[18:08:50] : 0
[18:08:50] : 측정요구3 ON
[18:08:58] : 측정요구3 OFF
[18:08:58] : 0
[18:08:58] : 측정요구4 ON
[18:09:04] : 측정요구4 OFF
[18:09:04] : 0
[18:09:04] : 측정요구3 ON
[18:09:12] : 측정요구3 OFF
[18:09:12] : 0
[18:09:12] : 측정요구4 ON
[18:09:18] : 측정요구4 OFF
[18:09:18] : 0
[18:09:18] : 측정요구3 ON
[18:09:26] : 측정요구3 OFF
[18:09:26] : 0
[18:09:26] : 측정요구4 ON
[18:09:32] : 측정요구4 OFF
[18:09:32] : 0
[18:09:32] : 측정요구3 ON
[18:09:40] : 측정요구3 OFF
[18:09:40] : 0
[18:09:40] : 측정요구4 ON
[18:09:46] : 측정요구4 OFF
[18:09:46] : 0
[18:09:46] : 측정요구3 ON
[18:09:54] : 측정요구3 OFF
[18:09:54] : 0
[18:09:54] : 측정요구4 ON
[18:10:00] : 측정요구4 OFF
[18:10:00] : 0
[18:10:00] : 측정요구3 ON
[18:10:08] : 측정요구3 OFF
[18:10:08] : 0
[18:10:08] : 측정요구4 ON
[18:10:14] : 측정요구4 OFF
[18:10:14] : 0
[18:10:14] : 측정요구3 ON
[18:10:22] : 측정요구3 OFF
[18:10:22] : 0
[18:10:22] : 측정요구4 ON
[18:10:28] : 측정요구4 OFF
[18:10:28] : 0
[18:10:28] : 측정요구3 ON
[18:10:36] : 측정요구3 OFF
[18:10:36] : 0
[18:10:36] : 측정요구4 ON
[18:10:43] : 측정요구4 OFF
[18:10:43] : 0
[18:10:43] : 측정요구3 ON
[18:10:50] : 측정요구3 OFF
[18:10:50] : 0
[18:10:50] : 측정요구4 ON
[18:10:57] : 측정요구4 OFF
[18:10:57] : 0
[18:10:57] : 측정요구3 ON
[18:11:05] : 측정요구3 OFF
[18:11:05] : 0
[18:11:05] : 측정요구4 ON
[18:11:11] : 측정요구4 OFF
[18:11:11] : 0
[18:11:11] : 측정요구3 ON
[18:11:18] : 측정요구3 OFF
[18:11:18] : 0
[18:11:18] : 측정요구4 ON
[18:11:25] : 측정요구4 OFF
[18:11:25] : 0
[18:11:25] : 측정요구3 ON
[18:11:33] : 측정요구3 OFF
[18:11:33] : 0
[18:11:33] : 측정요구4 ON
[18:11:39] : 측정요구4 OFF
[18:11:39] : 0
[18:11:39] : 측정요구3 ON
[18:11:47] : 측정요구3 OFF
[18:11:47] : 0
[18:11:47] : 측정요구4 ON
[18:11:53] : 측정요구4 OFF
[18:11:53] : 0
[18:11:53] : 측정요구3 ON
[18:12:00] : 측정요구3 OFF
[18:12:00] : 0
[18:12:00] : 측정요구4 ON
[18:12:07] : 측정요구4 OFF
[18:12:07] : 0
[18:12:07] : 측정요구3 ON
[18:12:15] : 측정요구3 OFF
[18:12:15] : 0
[18:12:15] : 측정요구4 ON
[18:12:21] : 측정요구4 OFF
[18:12:21] : 0
[18:12:21] : 측정요구3 ON
[18:12:29] : 측정요구3 OFF
[18:12:29] : 0
[18:12:29] : 측정요구4 ON
[18:12:35] : 측정요구4 OFF
[18:12:35] : 0
[18:12:35] : 측정요구3 ON
[18:12:43] : 측정요구3 OFF
[18:12:43] : 0
[18:12:43] : 측정요구4 ON
[18:12:49] : 측정요구4 OFF
[18:12:49] : 0
[18:12:49] : 측정요구3 ON
[18:12:57] : 측정요구3 OFF
[18:12:57] : 0
[18:12:57] : 측정요구4 ON
[18:13:03] : 측정요구4 OFF
[18:13:03] : 0
[18:13:03] : 측정요구3 ON
[18:13:11] : 측정요구3 OFF
[18:13:11] : 0
[18:13:11] : 측정요구4 ON
[18:13:17] : 측정요구4 OFF
[18:13:17] : 0
[18:13:17] : 측정요구3 ON
[18:13:25] : 측정요구3 OFF
[18:13:25] : 0
[18:13:25] : 측정요구4 ON
[18:13:31] : 측정요구4 OFF
[18:13:31] : 0
[18:13:31] : 측정요구3 ON
[18:13:39] : 측정요구3 OFF
[18:13:39] : 0
[18:13:39] : 측정요구4 ON
[18:13:45] : 측정요구4 OFF
[18:13:45] : 0
[18:13:45] : 측정요구3 ON
[18:13:53] : 측정요구3 OFF
[18:13:53] : 0
[18:13:53] : 측정요구4 ON
[18:13:59] : 측정요구4 OFF
[18:13:59] : 0
[18:13:59] : 측정요구3 ON
[18:14:07] : 측정요구3 OFF
[18:14:07] : 0
[18:14:07] : 측정요구4 ON
[18:14:13] : 측정요구4 OFF
[18:14:13] : 0
[18:14:13] : 측정요구3 ON
[18:14:21] : 측정요구3 OFF
[18:14:21] : 0
[18:14:21] : 측정요구4 ON
[18:14:27] : 측정요구4 OFF
[18:14:27] : 0
[18:14:27] : 측정요구3 ON
[18:14:35] : 측정요구3 OFF
[18:14:35] : 0
[18:14:35] : 측정요구4 ON
[18:14:41] : 측정요구4 OFF
[18:14:41] : 0
[18:14:41] : 측정요구3 ON
[18:14:49] : 측정요구3 OFF
[18:14:49] : 0
[18:14:49] : 측정요구4 ON
[18:14:55] : 측정요구4 OFF
[18:14:55] : 0
[18:14:55] : 측정요구3 ON
[18:15:03] : 측정요구3 OFF
[18:15:03] : 0
[18:15:03] : 측정요구4 ON
[18:15:09] : 측정요구4 OFF
[18:15:09] : 0
[18:17:22] : Cycle start ON
[18:17:22] : Cycle start OFF
[18:19:05] : Cycle start ON
[18:19:05] : Cycle start OFF
[18:19:05] : REQUEST MEAS. ON
[18:19:12] : REQUEST MEAS. OFF
[18:19:12] : 0
[18:19:12] : 측정요구 ON 2
[18:19:19] : 측정요구 2OFF
[18:19:19] : 0
[18:19:44] : Cycle start ON
[18:19:45] : Cycle start OFF
[18:19:45] : REQUEST MEAS. ON
[18:19:51] : REQUEST MEAS. OFF
[18:19:51] : 0
[18:19:51] : 측정요구 ON 2
[18:19:58] : 측정요구 2OFF
[18:19:58] : 0
[18:19:58] : REQUEST MEAS. ON
[18:20:06] : REQUEST MEAS. OFF
[18:20:06] : 0
[18:20:06] : 측정요구 ON 2
[18:20:13] : 측정요구 2OFF
[18:20:13] : 0
[18:20:13] : REQUEST MEAS. ON
[18:20:20] : REQUEST MEAS. OFF
[18:20:20] : 0
[18:20:20] : 측정요구 ON 2
[18:20:28] : 측정요구 2OFF
[18:20:28] : 0
[18:20:28] : REQUEST MEAS. ON
[18:20:35] : REQUEST MEAS. OFF
[18:20:35] : 0
[18:20:35] : 측정요구 ON 2
[18:20:41] : 측정요구 2OFF
[18:20:42] : 0
[18:20:42] : REQUEST MEAS. ON
[18:20:49] : REQUEST MEAS. OFF
[18:20:49] : 0
[18:20:49] : 측정요구 ON 2
[18:20:55] : 측정요구 2OFF
[18:20:55] : 0
[18:20:55] : REQUEST MEAS. ON
[18:21:03] : REQUEST MEAS. OFF
[18:21:03] : 0
[18:21:03] : 측정요구 ON 2
[18:21:10] : 측정요구 2OFF
[18:21:11] : 0
[18:21:11] : REQUEST MEAS. ON
[18:21:18] : REQUEST MEAS. OFF
[18:21:18] : 0
[18:21:18] : 측정요구 ON 2
[18:21:26] : 측정요구 2OFF
[18:21:26] : 0
[18:21:26] : REQUEST MEAS. ON
[18:21:33] : REQUEST MEAS. OFF
[18:21:33] : 0
[18:21:33] : 측정요구 ON 2
[18:21:40] : 측정요구 2OFF
[18:21:40] : 0
[18:21:40] : REQUEST MEAS. ON
[18:21:47] : REQUEST MEAS. OFF
[18:21:47] : 0
[18:21:47] : 측정요구 ON 2
[18:21:55] : 측정요구 2OFF
[18:21:55] : 0
[18:21:55] : REQUEST MEAS. ON
[18:22:02] : REQUEST MEAS. OFF
[18:22:02] : 0
[18:22:02] : 측정요구 ON 2
[18:22:09] : 측정요구 2OFF
[18:22:09] : 0
[18:22:09] : REQUEST MEAS. ON
[18:22:16] : REQUEST MEAS. OFF
[18:22:16] : 0
[18:22:16] : 측정요구 ON 2
[18:22:22] : 측정요구 2OFF
[18:22:22] : 0
[18:22:22] : REQUEST MEAS. ON
[18:22:30] : REQUEST MEAS. OFF
[18:22:30] : 0
[18:22:30] : 측정요구 ON 2
[18:22:37] : 측정요구 2OFF
[18:22:37] : 0
[18:22:37] : REQUEST MEAS. ON
[18:22:44] : REQUEST MEAS. OFF
[18:22:44] : 0
[18:22:44] : 측정요구 ON 2
[18:22:52] : 측정요구 2OFF
[18:22:52] : 0
[18:24:06] : Cycle start ON
[18:24:06] : Cycle start OFF
[18:24:06] : 측정요구3 ON
[18:24:12] : 측정요구3 OFF
[18:24:12] : 0
[18:24:12] : 측정요구4 ON
[18:24:19] : 측정요구4 OFF
[18:24:19] : 0
[18:24:19] : 측정요구3 ON
[18:24:26] : 측정요구3 OFF
[18:24:26] : 0
[18:24:26] : 측정요구4 ON
[18:24:33] : 측정요구4 OFF
[18:24:33] : 0
[18:24:33] : 측정요구3 ON
[18:24:40] : 측정요구3 OFF
[18:24:40] : 0
[18:24:40] : 측정요구4 ON
[18:24:47] : 측정요구4 OFF
[18:24:47] : 0
[18:24:47] : 측정요구3 ON
[18:24:55] : 측정요구3 OFF
[18:24:55] : 0
[18:24:55] : 측정요구4 ON
[18:25:01] : 측정요구4 OFF
[18:25:01] : 0
[18:25:01] : 측정요구3 ON
[18:25:09] : 측정요구3 OFF
[18:25:09] : 0
[18:25:09] : 측정요구4 ON
[18:25:15] : 측정요구4 OFF
[18:25:15] : 0
[18:25:15] : 측정요구3 ON
[18:25:23] : 측정요구3 OFF
[18:25:23] : 0
[18:25:23] : 측정요구4 ON
[18:25:29] : 측정요구4 OFF
[18:25:29] : 0
[18:25:29] : 측정요구3 ON
[18:25:37] : 측정요구3 OFF
[18:25:37] : 0
[18:25:37] : 측정요구4 ON
[18:25:43] : 측정요구4 OFF
[18:25:43] : 0
[18:25:43] : 측정요구3 ON
[18:25:51] : 측정요구3 OFF
[18:25:51] : 0
[18:25:51] : 측정요구4 ON
[18:25:57] : 측정요구4 OFF
[18:25:57] : 0
[18:25:57] : 측정요구3 ON
[18:26:05] : 측정요구3 OFF
[18:26:05] : 0
[18:26:05] : 측정요구4 ON
[18:26:11] : 측정요구4 OFF
[18:26:11] : 0
[18:26:11] : 측정요구3 ON
[18:26:19] : 측정요구3 OFF
[18:26:19] : 0
[18:26:19] : 측정요구4 ON
[18:26:25] : 측정요구4 OFF
[18:26:25] : 0
[18:26:25] : 측정요구3 ON
[18:26:33] : 측정요구3 OFF
[18:26:33] : 0
[18:26:33] : 측정요구4 ON
[18:26:39] : 측정요구4 OFF
[18:26:39] : 0
[18:26:39] : 측정요구3 ON
[18:26:47] : 측정요구3 OFF
[18:26:47] : 0
[18:26:47] : 측정요구4 ON
[18:26:53] : 측정요구4 OFF
[18:26:53] : 0
[18:26:53] : 측정요구3 ON
[18:27:01] : 측정요구3 OFF
[18:27:01] : 0
[18:27:01] : 측정요구4 ON
[18:27:07] : 측정요구4 OFF
[18:27:07] : 0
[18:27:07] : 측정요구3 ON
[18:27:15] : 측정요구3 OFF
[18:27:15] : 0
[18:27:15] : 측정요구4 ON
[18:27:21] : 측정요구4 OFF
[18:27:21] : 0
[18:27:21] : 측정요구3 ON
[18:27:29] : 측정요구3 OFF
[18:27:29] : 0
[18:27:29] : 측정요구4 ON
[18:27:35] : 측정요구4 OFF
[18:27:35] : 0
[18:27:35] : 측정요구3 ON
[18:27:43] : 측정요구3 OFF
[18:27:43] : 0
[18:27:43] : 측정요구4 ON
[18:27:49] : 측정요구4 OFF
[18:27:49] : 0
[18:27:49] : 측정요구3 ON
[18:27:57] : 측정요구3 OFF
[18:27:57] : 0
[18:27:57] : 측정요구4 ON
[18:28:03] : 측정요구4 OFF
[18:28:03] : 0
[18:28:03] : 측정요구3 ON
[18:28:11] : 측정요구3 OFF
[18:28:11] : 0
[18:28:11] : 측정요구4 ON
[18:28:17] : 측정요구4 OFF
[18:28:17] : 0
[18:28:17] : 측정요구3 ON
[18:28:25] : 측정요구3 OFF
[18:28:25] : 0
[18:28:25] : 측정요구4 ON
[18:28:31] : 측정요구4 OFF
[18:28:31] : 0
[18:28:31] : 측정요구3 ON
[18:28:39] : 측정요구3 OFF
[18:28:39] : 0
[18:28:39] : 측정요구4 ON
[18:28:46] : 측정요구4 OFF
[18:28:46] : 0
[18:28:46] : 측정요구3 ON
[18:28:53] : 측정요구3 OFF
[18:28:53] : 0
[18:28:53] : 측정요구4 ON
[18:29:00] : 측정요구4 OFF
[18:29:00] : 0
[18:29:00] : 측정요구3 ON
[18:29:07] : 측정요구3 OFF
[18:29:07] : 0
[18:29:07] : 측정요구4 ON
[18:29:14] : 측정요구4 OFF
[18:29:14] : 0
[18:29:14] : 측정요구3 ON
[18:29:21] : 측정요구3 OFF
[18:29:21] : 0
[18:29:21] : 측정요구4 ON
[18:29:28] : 측정요구4 OFF
[18:29:28] : 0
[18:29:28] : 측정요구3 ON
[18:29:36] : 측정요구3 OFF
[18:29:36] : 0
[18:29:36] : 측정요구4 ON
[18:29:42] : 측정요구4 OFF
[18:29:42] : 0
[18:29:42] : 측정요구3 ON
[18:29:50] : 측정요구3 OFF
[18:29:50] : 0
[18:29:50] : 측정요구4 ON
[18:29:56] : 측정요구4 OFF
[18:29:56] : 0
[18:29:56] : 측정요구3 ON
[18:30:04] : 측정요구3 OFF
[18:30:04] : 0
[18:30:04] : 측정요구4 ON
[18:30:10] : 측정요구4 OFF
[18:30:10] : 0
[18:30:10] : 측정요구3 ON
[18:30:18] : 측정요구3 OFF
[18:30:18] : 0
[18:30:18] : 측정요구4 ON
[18:30:24] : 측정요구4 OFF
[18:30:24] : 0
[18:30:24] : 측정요구3 ON
[18:30:32] : 측정요구3 OFF
[18:30:32] : 0
[18:30:32] : 측정요구4 ON
[18:30:38] : 측정요구4 OFF
[18:30:38] : 0
[18:30:38] : 측정요구3 ON
[18:30:46] : 측정요구3 OFF
[18:30:46] : 0
[18:30:46] : 측정요구4 ON
[18:30:52] : 측정요구4 OFF
[18:30:52] : 0
[18:30:52] : 측정요구3 ON
[18:31:00] : 측정요구3 OFF
[18:31:00] : 0
[18:31:00] : 측정요구4 ON
[18:31:06] : 측정요구4 OFF
[18:31:06] : 0
[18:31:06] : 측정요구3 ON
[18:31:14] : 측정요구3 OFF
[18:31:14] : 0
[18:31:14] : 측정요구4 ON
[18:31:20] : 측정요구4 OFF
[18:31:20] : 0
[18:31:20] : 측정요구3 ON
[18:31:28] : 측정요구3 OFF
[18:31:28] : 0
[18:31:28] : 측정요구4 ON
[18:31:34] : 측정요구4 OFF
[18:31:34] : 0
[18:31:34] : 측정요구3 ON
[18:31:42] : 측정요구3 OFF
[18:31:42] : 0
[18:31:42] : 측정요구4 ON
[18:31:48] : 측정요구4 OFF
[18:31:48] : 0
[18:31:48] : 측정요구3 ON
[18:31:56] : 측정요구3 OFF
[18:31:56] : 0
[18:31:56] : 측정요구4 ON
[18:32:02] : 측정요구4 OFF
[18:32:02] : 0
[18:32:02] : 측정요구3 ON
[18:32:10] : 측정요구3 OFF
[18:32:10] : 0
[18:32:10] : 측정요구4 ON
[18:32:16] : 측정요구4 OFF
[18:32:16] : 0
[18:32:16] : 측정요구3 ON
[18:32:24] : 측정요구3 OFF
[18:32:24] : 0
[18:32:24] : 측정요구4 ON
[18:32:31] : 측정요구4 OFF
[18:32:31] : 0
[18:32:31] : 측정요구3 ON
[18:32:38] : 측정요구3 OFF
[18:32:38] : 0
[18:32:38] : 측정요구4 ON
[18:32:45] : 측정요구4 OFF
[18:32:45] : 0
[18:32:45] : 측정요구3 ON
[18:32:52] : 측정요구3 OFF
[18:32:52] : 0
[18:32:52] : 측정요구4 ON
[18:32:59] : 측정요구4 OFF
[18:32:59] : 0
[18:32:59] : 측정요구3 ON
[18:33:06] : 측정요구3 OFF
[18:33:06] : 0
[18:33:06] : 측정요구4 ON
[18:33:13] : 측정요구4 OFF
[18:33:13] : 0
[18:33:13] : 측정요구3 ON
[18:33:20] : 측정요구3 OFF
[18:33:20] : 0
[18:33:20] : 측정요구4 ON
[18:33:27] : 측정요구4 OFF
[18:33:27] : 0
[18:36:30] : Cycle start ON
[18:36:30] : Cycle start OFF
[18:36:30] : REQUEST MEAS. ON
[18:36:37] : REQUEST MEAS. OFF
[18:36:37] : 0
[18:36:37] : 측정요구 ON 2
[18:36:44] : 측정요구 2OFF
[18:36:44] : 0
[18:36:44] : REQUEST MEAS. ON
[18:36:52] : REQUEST MEAS. OFF
[18:36:52] : 0
[18:36:52] : 측정요구 ON 2
[18:36:58] : 측정요구 2OFF
[18:36:58] : 0
[18:36:58] : REQUEST MEAS. ON
[18:37:06] : REQUEST MEAS. OFF
[18:37:06] : 0
[18:37:06] : 측정요구 ON 2
[18:37:13] : 측정요구 2OFF
[18:37:13] : 0
[18:37:13] : REQUEST MEAS. ON
[18:37:20] : REQUEST MEAS. OFF
[18:37:20] : 0
[18:37:20] : 측정요구 ON 2
[18:37:28] : 측정요구 2OFF
[18:37:28] : 0
[18:37:28] : REQUEST MEAS. ON
[18:37:35] : REQUEST MEAS. OFF
[18:37:35] : 0
[18:37:35] : 측정요구 ON 2
[18:37:41] : 측정요구 2OFF
[18:37:41] : 0
[18:37:41] : REQUEST MEAS. ON
[18:37:49] : REQUEST MEAS. OFF
[18:37:49] : 0
[18:37:49] : 측정요구 ON 2
[18:37:56] : 측정요구 2OFF
[18:37:57] : 0
[18:37:57] : REQUEST MEAS. ON
[18:38:04] : REQUEST MEAS. OFF
[18:38:04] : 0
[18:38:04] : 측정요구 ON 2
[18:38:10] : 측정요구 2OFF
[18:38:10] : 0
[18:38:10] : REQUEST MEAS. ON
[18:38:18] : REQUEST MEAS. OFF
[18:38:18] : 0
[18:38:18] : 측정요구 ON 2
[18:38:26] : 측정요구 2OFF
[18:38:26] : 0
[18:38:26] : REQUEST MEAS. ON
[18:38:33] : REQUEST MEAS. OFF
[18:38:33] : 0
[18:38:33] : 측정요구 ON 2
[18:38:40] : 측정요구 2OFF
[18:38:40] : 0
[18:38:40] : REQUEST MEAS. ON
[18:38:47] : REQUEST MEAS. OFF
[18:38:47] : 0
[18:38:47] : 측정요구 ON 2
[18:38:55] : 측정요구 2OFF
[18:38:55] : 0
[18:38:55] : REQUEST MEAS. ON
[18:39:02] : REQUEST MEAS. OFF
[18:39:02] : 0
[18:39:02] : 측정요구 ON 2
[18:39:08] : 측정요구 2OFF
[18:39:09] : 0
[18:39:09] : REQUEST MEAS. ON
[18:39:16] : REQUEST MEAS. OFF
[18:39:16] : 0
[18:39:16] : 측정요구 ON 2
[18:39:23] : 측정요구 2OFF
[18:39:23] : 0
[18:39:23] : REQUEST MEAS. ON
[18:39:31] : REQUEST MEAS. OFF
[18:39:31] : 0
[18:39:31] : 측정요구 ON 2
[18:39:38] : 측정요구 2OFF
[18:39:38] : 0
[18:39:38] : REQUEST MEAS. ON
[18:39:45] : REQUEST MEAS. OFF
[18:39:45] : 0
[18:39:45] : 측정요구 ON 2
[18:39:53] : 측정요구 2OFF
[18:39:53] : 0
[18:39:53] : REQUEST MEAS. ON
[18:40:00] : REQUEST MEAS. OFF
[18:40:00] : 0
[18:40:00] : 측정요구 ON 2
[18:40:07] : 측정요구 2OFF
[18:40:07] : 0
[18:40:07] : REQUEST MEAS. ON
[18:40:14] : REQUEST MEAS. OFF
[18:40:14] : 0
[18:40:14] : 측정요구 ON 2
[18:40:21] : 측정요구 2OFF
[18:40:22] : 0
[18:40:22] : REQUEST MEAS. ON
[18:40:29] : REQUEST MEAS. OFF
[18:40:29] : 0
[18:40:29] : 측정요구 ON 2
[18:40:35] : 측정요구 2OFF
[18:40:36] : 0
[18:40:36] : REQUEST MEAS. ON
[18:40:43] : REQUEST MEAS. OFF
[18:40:43] : 0
[18:40:43] : 측정요구 ON 2
[18:40:49] : 측정요구 2OFF
[18:40:49] : 0
[18:40:49] : REQUEST MEAS. ON
[18:40:57] : REQUEST MEAS. OFF
[18:40:57] : 0
[18:40:57] : 측정요구 ON 2
[18:41:04] : 측정요구 2OFF
[18:41:05] : 0
[18:41:05] : REQUEST MEAS. ON
[18:41:12] : REQUEST MEAS. OFF
[18:41:12] : 0
[18:41:12] : 측정요구 ON 2
[18:41:19] : 측정요구 2OFF
[18:41:19] : 0
[18:41:19] : REQUEST MEAS. ON
[18:41:26] : REQUEST MEAS. OFF
[18:41:26] : 0
[18:41:26] : 측정요구 ON 2
[18:41:33] : 측정요구 2OFF
[18:41:34] : 0
[18:41:34] : REQUEST MEAS. ON
[18:41:41] : REQUEST MEAS. OFF
[18:41:41] : 0
[18:41:41] : 측정요구 ON 2
[18:41:48] : 측정요구 2OFF
[18:41:48] : 0
[18:41:48] : REQUEST MEAS. ON
[18:41:55] : REQUEST MEAS. OFF
[18:41:55] : 0
[18:41:55] : 측정요구 ON 2
[18:42:02] : 측정요구 2OFF
[18:42:03] : 0
[18:42:03] : REQUEST MEAS. ON
[18:42:10] : REQUEST MEAS. OFF
[18:42:10] : 0
[18:42:10] : 측정요구 ON 2
[18:42:17] : 측정요구 2OFF
[18:42:17] : 0
[18:42:17] : REQUEST MEAS. ON
[18:42:24] : REQUEST MEAS. OFF
[18:42:24] : 0
[18:42:24] : 측정요구 ON 2
[18:42:32] : 측정요구 2OFF
[18:42:32] : 0
[18:42:32] : REQUEST MEAS. ON
[18:42:39] : REQUEST MEAS. OFF
[18:42:39] : 0
[18:42:39] : 측정요구 ON 2
[18:42:46] : 측정요구 2OFF
[18:42:47] : 0
[18:42:47] : REQUEST MEAS. ON
[18:42:54] : REQUEST MEAS. OFF
[18:42:54] : 0
[18:42:54] : 측정요구 ON 2
[18:43:00] : 측정요구 2OFF
[18:43:01] : 0
[18:43:01] : REQUEST MEAS. ON
[18:43:08] : REQUEST MEAS. OFF
[18:43:08] : 0
[18:43:08] : 측정요구 ON 2
[18:43:14] : 측정요구 2OFF
[18:43:14] : 0
[18:43:14] : REQUEST MEAS. ON
[18:43:22] : REQUEST MEAS. OFF
[18:43:22] : 0
[18:43:22] : 측정요구 ON 2
[18:43:30] : 측정요구 2OFF
[18:43:30] : 0
[18:43:30] : REQUEST MEAS. ON
[18:43:37] : REQUEST MEAS. OFF
[18:43:37] : 0
[18:43:37] : 측정요구 ON 2
[18:43:43] : 측정요구 2OFF
[18:43:43] : 0
[18:43:43] : REQUEST MEAS. ON
[18:43:51] : REQUEST MEAS. OFF
[18:43:51] : 0
[18:43:51] : 측정요구 ON 2
[18:43:59] : 측정요구 2OFF
[18:43:59] : 0
[18:43:59] : REQUEST MEAS. ON
[18:44:06] : REQUEST MEAS. OFF
[18:44:06] : 0
[18:44:06] : 측정요구 ON 2
[18:44:12] : 측정요구 2OFF
[18:44:13] : 0
[18:44:13] : REQUEST MEAS. ON
[18:44:20] : REQUEST MEAS. OFF
[18:44:20] : 0
[18:44:20] : 측정요구 ON 2
[18:44:26] : 측정요구 2OFF
[18:44:26] : 0
[18:44:26] : REQUEST MEAS. ON
[18:44:34] : REQUEST MEAS. OFF
[18:44:34] : 0
[18:44:34] : 측정요구 ON 2
[18:44:42] : 측정요구 2OFF
[18:44:42] : 0
[18:44:42] : REQUEST MEAS. ON
[18:44:49] : REQUEST MEAS. OFF
[18:44:49] : 0
[18:44:49] : 측정요구 ON 2
[18:44:55] : 측정요구 2OFF
[18:44:56] : 0
[18:44:56] : REQUEST MEAS. ON
[18:45:03] : REQUEST MEAS. OFF
[18:45:03] : 0
[18:45:03] : 측정요구 ON 2
[18:45:10] : 측정요구 2OFF
[18:45:10] : 0
[18:45:10] : REQUEST MEAS. ON
[18:45:17] : REQUEST MEAS. OFF
[18:45:17] : 0
[18:45:17] : 측정요구 ON 2
[18:45:25] : 측정요구 2OFF
[18:45:25] : 0
[18:45:25] : REQUEST MEAS. ON
[18:45:32] : REQUEST MEAS. OFF
[18:45:32] : 0
[18:45:32] : 측정요구 ON 2
[18:45:39] : 측정요구 2OFF
[18:45:39] : 0
[18:45:39] : REQUEST MEAS. ON
[18:45:46] : REQUEST MEAS. OFF
[18:45:46] : 0
[18:45:46] : 측정요구 ON 2
[18:45:54] : 측정요구 2OFF
[18:45:54] : 0
[18:45:54] : REQUEST MEAS. ON
[18:46:01] : REQUEST MEAS. OFF
[18:46:01] : 0
[18:46:01] : 측정요구 ON 2
[18:46:08] : 측정요구 2OFF
[18:46:08] : 0
[18:52:53] : PROGRAM END
 
[18:56:10] : PROGRAM START
[18:56:13] : AUTO RUNNING OFF
[18:56:13] : REQUEST MEAS. OFF
[18:56:13] : REQUEST ZEROSET OFF
[18:56:13] : REQUEST ZEROSET OFF
[18:56:27] : PROGRAM END
 
[18:56:40] : PROGRAM START
[18:56:43] : AUTO RUNNING OFF
[18:56:43] : REQUEST MEAS. OFF
[18:56:43] : REQUEST ZEROSET OFF
[18:56:43] : REQUEST ZEROSET OFF
[19:00:50] : Cycle start ON
[19:00:50] : Cycle start OFF
[19:00:50] : REQUEST MEAS. ON
[19:00:57] : REQUEST MEAS. OFF
[19:00:57] : 0
[19:00:57] : 측정요구 ON 2
[19:01:03] : 측정요구 2OFF
[19:01:03] : 0
[19:01:03] : REQUEST MEAS. ON
[19:01:11] : REQUEST MEAS. OFF
[19:01:11] : 0
[19:01:11] : 측정요구 ON 2
[19:01:18] : 측정요구 2OFF
[19:01:19] : 0
[19:01:19] : REQUEST MEAS. ON
[19:01:26] : REQUEST MEAS. OFF
[19:01:26] : 0
[19:01:26] : 측정요구 ON 2
[19:01:32] : 측정요구 2OFF
[19:01:33] : 0
[19:01:33] : REQUEST MEAS. ON
[19:01:40] : REQUEST MEAS. OFF
[19:01:40] : 0
[19:01:40] : 측정요구 ON 2
[19:01:46] : 측정요구 2OFF
[19:01:47] : 0
[19:01:47] : REQUEST MEAS. ON
[19:01:54] : REQUEST MEAS. OFF
[19:01:54] : 0
[19:01:54] : 측정요구 ON 2
[19:02:02] : 측정요구 2OFF
[19:02:02] : 0
[19:02:02] : REQUEST MEAS. ON
[19:02:09] : REQUEST MEAS. OFF
[19:02:09] : 0
[19:02:09] : 측정요구 ON 2
[19:02:17] : 측정요구 2OFF
[19:02:17] : 0
[19:02:17] : REQUEST MEAS. ON
[19:02:24] : REQUEST MEAS. OFF
[19:02:24] : 0
[19:02:24] : 측정요구 ON 2
[19:02:30] : 측정요구 2OFF
[19:02:31] : 0
[19:02:31] : REQUEST MEAS. ON
[19:02:38] : REQUEST MEAS. OFF
[19:02:38] : 0
[19:02:38] : 측정요구 ON 2
[19:02:44] : 측정요구 2OFF
[19:02:45] : 0
[19:02:45] : REQUEST MEAS. ON
[19:02:52] : REQUEST MEAS. OFF
[19:02:52] : 0
[19:02:52] : 측정요구 ON 2
[19:02:59] : 측정요구 2OFF
[19:03:00] : 0
[19:03:00] : REQUEST MEAS. ON
[19:03:07] : REQUEST MEAS. OFF
[19:03:07] : 0
[19:03:07] : 측정요구 ON 2
[19:03:14] : 측정요구 2OFF
[19:03:14] : 0
[19:03:14] : REQUEST MEAS. ON
[19:03:21] : REQUEST MEAS. OFF
[19:03:21] : 0
[19:03:21] : 측정요구 ON 2
[19:03:28] : 측정요구 2OFF
[19:03:28] : 0
[19:03:28] : REQUEST MEAS. ON
[19:03:36] : REQUEST MEAS. OFF
[19:03:36] : 0
[19:03:36] : 측정요구 ON 2
[19:03:42] : 측정요구 2OFF
[19:03:43] : 0
[19:03:43] : REQUEST MEAS. ON
[19:03:50] : REQUEST MEAS. OFF
[19:03:50] : 0
[19:03:50] : 측정요구 ON 2
[19:03:56] : 측정요구 2OFF
[19:03:57] : 0
[19:03:57] : REQUEST MEAS. ON
[19:04:05] : REQUEST MEAS. OFF
[19:04:05] : 0
[19:04:05] : 측정요구 ON 2
[19:04:12] : 측정요구 2OFF
[19:04:12] : 0
[19:04:12] : REQUEST MEAS. ON
[19:04:19] : REQUEST MEAS. OFF
[19:04:19] : 0
[19:04:19] : 측정요구 ON 2
[19:04:26] : 측정요구 2OFF
[19:04:26] : 0
[19:04:26] : REQUEST MEAS. ON
[19:04:34] : REQUEST MEAS. OFF
[19:04:34] : 0
[19:04:34] : 측정요구 ON 2
[19:04:41] : 측정요구 2OFF
[19:04:41] : 0
[19:04:41] : REQUEST MEAS. ON
[19:04:48] : REQUEST MEAS. OFF
[19:04:48] : 0
[19:04:48] : 측정요구 ON 2
[19:04:56] : 측정요구 2OFF
[19:04:56] : 0
[19:04:56] : REQUEST MEAS. ON
[19:05:03] : REQUEST MEAS. OFF
[19:05:03] : 0
[19:05:03] : 측정요구 ON 2
[19:05:09] : 측정요구 2OFF
[19:05:09] : 0
[19:05:09] : REQUEST MEAS. ON
[19:05:17] : REQUEST MEAS. OFF
[19:05:17] : 0
[19:05:17] : 측정요구 ON 2
[19:05:24] : 측정요구 2OFF
[19:05:24] : 0
[19:05:24] : REQUEST MEAS. ON
[19:05:32] : REQUEST MEAS. OFF
[19:05:32] : 0
[19:05:32] : 측정요구 ON 2
[19:05:38] : 측정요구 2OFF
[19:05:39] : 0
[19:05:39] : REQUEST MEAS. ON
[19:05:46] : REQUEST MEAS. OFF
[19:05:46] : 0
[19:05:46] : 측정요구 ON 2
[19:05:53] : 측정요구 2OFF
[19:05:54] : 0
[19:05:54] : REQUEST MEAS. ON
[19:06:01] : REQUEST MEAS. OFF
[19:06:01] : 0
[19:06:01] : 측정요구 ON 2
[19:06:08] : 측정요구 2OFF
[19:06:08] : 0
[19:06:08] : REQUEST MEAS. ON
[19:06:15] : REQUEST MEAS. OFF
[19:06:15] : 0
[19:06:15] : 측정요구 ON 2
[19:06:22] : 측정요구 2OFF
[19:06:22] : 0
[19:06:22] : REQUEST MEAS. ON
[19:06:30] : REQUEST MEAS. OFF
[19:06:30] : 0
[19:06:30] : 측정요구 ON 2
[19:06:36] : 측정요구 2OFF
[19:06:36] : 0
[19:06:36] : REQUEST MEAS. ON
[19:06:44] : REQUEST MEAS. OFF
[19:06:44] : 0
[19:06:44] : 측정요구 ON 2
[19:06:50] : 측정요구 2OFF
[19:06:51] : 0
[19:06:51] : REQUEST MEAS. ON
[19:06:58] : REQUEST MEAS. OFF
[19:06:58] : 0
[19:06:58] : 측정요구 ON 2
[19:07:06] : 측정요구 2OFF
[19:07:06] : 0
[19:07:06] : REQUEST MEAS. ON
[19:07:13] : REQUEST MEAS. OFF
[19:07:13] : 0
[19:07:13] : 측정요구 ON 2
[19:07:19] : 측정요구 2OFF
[19:07:19] : 0
[19:07:19] : REQUEST MEAS. ON
[19:07:27] : REQUEST MEAS. OFF
[19:07:27] : 0
[19:07:27] : 측정요구 ON 2
[19:07:35] : 측정요구 2OFF
[19:07:35] : 0
[19:07:35] : REQUEST MEAS. ON
[19:07:42] : REQUEST MEAS. OFF
[19:07:42] : 0
[19:07:42] : 측정요구 ON 2
[19:07:49] : 측정요구 2OFF
[19:07:49] : 0
[19:07:49] : REQUEST MEAS. ON
[19:07:56] : REQUEST MEAS. OFF
[19:07:56] : 0
[19:07:56] : 측정요구 ON 2
[19:08:04] : 측정요구 2OFF
[19:08:04] : 0
[19:08:04] : REQUEST MEAS. ON
[19:08:11] : REQUEST MEAS. OFF
[19:08:11] : 0
[19:08:11] : 측정요구 ON 2
[19:08:18] : 측정요구 2OFF
[19:08:18] : 0
[19:08:18] : REQUEST MEAS. ON
[19:08:25] : REQUEST MEAS. OFF
[19:08:25] : 0
[19:08:25] : 측정요구 ON 2
[19:08:33] : 측정요구 2OFF
[19:08:33] : 0
[19:08:33] : REQUEST MEAS. ON
[19:08:40] : REQUEST MEAS. OFF
[19:08:40] : 0
[19:08:40] : 측정요구 ON 2
[19:08:47] : 측정요구 2OFF
[19:08:47] : 0
[19:08:47] : REQUEST MEAS. ON
[19:08:54] : REQUEST MEAS. OFF
[19:08:54] : 0
[19:08:54] : 측정요구 ON 2
[19:09:01] : 측정요구 2OFF
[19:09:02] : 0
[19:09:02] : REQUEST MEAS. ON
[19:09:09] : REQUEST MEAS. OFF
[19:09:09] : 0
[19:09:09] : 측정요구 ON 2
[19:09:16] : 측정요구 2OFF
[19:09:16] : 0
[19:09:16] : REQUEST MEAS. ON
[19:09:23] : REQUEST MEAS. OFF
[19:09:23] : 0
[19:09:23] : 측정요구 ON 2
[19:09:30] : 측정요구 2OFF
[19:09:30] : 0
[19:09:30] : REQUEST MEAS. ON
[19:09:38] : REQUEST MEAS. OFF
[19:09:38] : 0
[19:09:38] : 측정요구 ON 2
[19:09:44] : 측정요구 2OFF
[19:09:45] : 0
[19:09:45] : REQUEST MEAS. ON
[19:09:52] : REQUEST MEAS. OFF
[19:09:52] : 0
[19:09:52] : 측정요구 ON 2
[19:09:58] : 측정요구 2OFF
[19:09:58] : 0
[19:09:58] : REQUEST MEAS. ON
[19:10:06] : REQUEST MEAS. OFF
[19:10:06] : 0
[19:10:06] : 측정요구 ON 2
[19:10:12] : 측정요구 2OFF
[19:10:12] : 0
[19:10:12] : REQUEST MEAS. ON
[19:10:20] : REQUEST MEAS. OFF
[19:10:20] : 0
[19:10:20] : 측정요구 ON 2
[19:10:27] : 측정요구 2OFF
[19:10:28] : 0
[19:12:02] : Cycle start ON
[19:12:03] : Cycle start OFF
[19:12:03] : 측정요구3 ON
[19:12:09] : 측정요구3 OFF
[19:12:09] : 0
[19:12:09] : 측정요구4 ON
[19:12:15] : 측정요구4 OFF
[19:12:15] : 0
[19:12:15] : 측정요구3 ON
[19:12:23] : 측정요구3 OFF
[19:12:23] : 0
[19:12:23] : 측정요구4 ON
[19:12:29] : 측정요구4 OFF
[19:12:29] : 0
[19:12:29] : 측정요구3 ON
[19:12:37] : 측정요구3 OFF
[19:12:37] : 0
[19:12:37] : 측정요구4 ON
[19:12:43] : 측정요구4 OFF
[19:12:43] : 0
[19:12:43] : 측정요구3 ON
[19:12:51] : 측정요구3 OFF
[19:12:51] : 0
[19:12:51] : 측정요구4 ON
[19:12:58] : 측정요구4 OFF
[19:12:58] : 0
[19:12:58] : 측정요구3 ON
[19:13:05] : 측정요구3 OFF
[19:13:05] : 0
[19:13:05] : 측정요구4 ON
[19:13:12] : 측정요구4 OFF
[19:13:12] : 0
[19:13:12] : 측정요구3 ON
[19:13:19] : 측정요구3 OFF
[19:13:19] : 0
[19:13:19] : 측정요구4 ON
[19:13:26] : 측정요구4 OFF
[19:13:26] : 0
[19:13:26] : 측정요구3 ON
[19:13:33] : 측정요구3 OFF
[19:13:33] : 0
[19:13:33] : 측정요구4 ON
[19:13:40] : 측정요구4 OFF
[19:13:40] : 0
[19:13:40] : 측정요구3 ON
[19:13:48] : 측정요구3 OFF
[19:13:48] : 0
[19:13:48] : 측정요구4 ON
[19:13:54] : 측정요구4 OFF
[19:13:54] : 0
[19:13:54] : 측정요구3 ON
[19:14:02] : 측정요구3 OFF
[19:14:02] : 0
[19:14:02] : 측정요구4 ON
[19:14:08] : 측정요구4 OFF
[19:14:08] : 0
[19:14:08] : 측정요구3 ON
[19:14:16] : 측정요구3 OFF
[19:14:16] : 0
[19:14:16] : 측정요구4 ON
[19:14:22] : 측정요구4 OFF
[19:14:22] : 0
[19:14:22] : 측정요구3 ON
[19:14:30] : 측정요구3 OFF
[19:14:30] : 0
[19:14:30] : 측정요구4 ON
[19:14:36] : 측정요구4 OFF
[19:14:36] : 0
[19:14:36] : 측정요구3 ON
[19:14:44] : 측정요구3 OFF
[19:14:44] : 0
[19:14:44] : 측정요구4 ON
[19:14:50] : 측정요구4 OFF
[19:14:50] : 0
[19:14:50] : 측정요구3 ON
[19:14:58] : 측정요구3 OFF
[19:14:58] : 0
[19:14:58] : 측정요구4 ON
[19:15:04] : 측정요구4 OFF
[19:15:04] : 0
[19:15:04] : 측정요구3 ON
[19:15:12] : 측정요구3 OFF
[19:15:12] : 0
[19:15:12] : 측정요구4 ON
[19:15:18] : 측정요구4 OFF
[19:15:18] : 0
[19:15:18] : 측정요구3 ON
[19:15:26] : 측정요구3 OFF
[19:15:26] : 0
[19:15:26] : 측정요구4 ON
[19:15:32] : 측정요구4 OFF
[19:15:32] : 0
[19:15:32] : 측정요구3 ON
[19:15:40] : 측정요구3 OFF
[19:15:40] : 0
[19:15:40] : 측정요구4 ON
[19:15:46] : 측정요구4 OFF
[19:15:46] : 0
[19:15:46] : 측정요구3 ON
[19:15:54] : 측정요구3 OFF
[19:15:54] : 0
[19:15:54] : 측정요구4 ON
[19:16:00] : 측정요구4 OFF
[19:16:00] : 0
[19:16:00] : 측정요구3 ON
[19:16:08] : 측정요구3 OFF
[19:16:08] : 0
[19:16:08] : 측정요구4 ON
[19:16:14] : 측정요구4 OFF
[19:16:14] : 0
[19:16:14] : 측정요구3 ON
[19:16:22] : 측정요구3 OFF
[19:16:22] : 0
[19:16:22] : 측정요구4 ON
[19:16:28] : 측정요구4 OFF
[19:16:28] : 0
[19:16:28] : 측정요구3 ON
[19:16:36] : 측정요구3 OFF
[19:16:36] : 0
[19:16:36] : 측정요구4 ON
[19:16:42] : 측정요구4 OFF
[19:16:42] : 0
[19:16:42] : 측정요구3 ON
[19:16:50] : 측정요구3 OFF
[19:16:50] : 0
[19:16:50] : 측정요구4 ON
[19:16:56] : 측정요구4 OFF
[19:16:56] : 0
[19:16:56] : 측정요구3 ON
[19:17:04] : 측정요구3 OFF
[19:17:04] : 0
[19:17:04] : 측정요구4 ON
[19:17:10] : 측정요구4 OFF
[19:17:10] : 0
[19:17:10] : 측정요구3 ON
[19:17:18] : 측정요구3 OFF
[19:17:18] : 0
[19:17:18] : 측정요구4 ON
[19:17:24] : 측정요구4 OFF
[19:17:24] : 0
[19:17:24] : 측정요구3 ON
[19:17:32] : 측정요구3 OFF
[19:17:32] : 0
[19:17:32] : 측정요구4 ON
[19:17:38] : 측정요구4 OFF
[19:17:38] : 0
[19:17:38] : 측정요구3 ON
[19:17:46] : 측정요구3 OFF
[19:17:46] : 0
[19:17:46] : 측정요구4 ON
[19:17:52] : 측정요구4 OFF
[19:17:52] : 0
[19:17:52] : 측정요구3 ON
[19:18:00] : 측정요구3 OFF
[19:18:00] : 0
[19:18:00] : 측정요구4 ON
[19:18:06] : 측정요구4 OFF
[19:18:06] : 0
[19:18:06] : 측정요구3 ON
[19:18:14] : 측정요구3 OFF
[19:18:14] : 0
[19:18:14] : 측정요구4 ON
[19:18:20] : 측정요구4 OFF
[19:18:20] : 0
[19:18:20] : 측정요구3 ON
[19:18:28] : 측정요구3 OFF
[19:18:28] : 0
[19:18:28] : 측정요구4 ON
[19:18:34] : 측정요구4 OFF
[19:18:34] : 0
[19:18:34] : 측정요구3 ON
[19:18:42] : 측정요구3 OFF
[19:18:42] : 0
[19:18:42] : 측정요구4 ON
[19:18:48] : 측정요구4 OFF
[19:18:48] : 0
[19:18:48] : 측정요구3 ON
[19:18:56] : 측정요구3 OFF
[19:18:56] : 0
[19:18:56] : 측정요구4 ON
[19:19:02] : 측정요구4 OFF
[19:19:02] : 0
[19:19:02] : 측정요구3 ON
[19:19:10] : 측정요구3 OFF
[19:19:10] : 0
[19:19:10] : 측정요구4 ON
[19:19:16] : 측정요구4 OFF
[19:19:16] : 0
[19:19:16] : 측정요구3 ON
[19:19:24] : 측정요구3 OFF
[19:19:24] : 0
[19:19:24] : 측정요구4 ON
[19:19:30] : 측정요구4 OFF
[19:19:30] : 0
[19:19:30] : 측정요구3 ON
[19:19:38] : 측정요구3 OFF
[19:19:38] : 0
[19:19:38] : 측정요구4 ON
[19:19:44] : 측정요구4 OFF
[19:19:44] : 0
[19:19:44] : 측정요구3 ON
[19:19:52] : 측정요구3 OFF
[19:19:52] : 0
[19:19:52] : 측정요구4 ON
[19:19:59] : 측정요구4 OFF
[19:19:59] : 0
[19:19:59] : 측정요구3 ON
[19:20:06] : 측정요구3 OFF
[19:20:06] : 0
[19:20:06] : 측정요구4 ON
[19:20:13] : 측정요구4 OFF
[19:20:13] : 0
[19:20:13] : 측정요구3 ON
[19:20:20] : 측정요구3 OFF
[19:20:20] : 0
[19:20:20] : 측정요구4 ON
[19:20:27] : 측정요구4 OFF
[19:20:27] : 0
[19:20:27] : 측정요구3 ON
[19:20:34] : 측정요구3 OFF
[19:20:34] : 0
[19:20:34] : 측정요구4 ON
[19:20:41] : 측정요구4 OFF
[19:20:41] : 0
[19:20:41] : 측정요구3 ON
[19:20:48] : 측정요구3 OFF
[19:20:48] : 0
[19:20:48] : 측정요구4 ON
[19:20:55] : 측정요구4 OFF
[19:20:55] : 0
[19:20:55] : 측정요구3 ON
[19:21:02] : 측정요구3 OFF
[19:21:02] : 0
[19:21:02] : 측정요구4 ON
[19:21:09] : 측정요구4 OFF
[19:21:09] : 0
[19:21:09] : 측정요구3 ON
[19:21:17] : 측정요구3 OFF
[19:21:17] : 0
[19:21:17] : 측정요구4 ON
[19:21:23] : 측정요구4 OFF
[19:21:23] : 0
[20:10:10] : MEAS ESC ON
[20:10:24] : MEAS ESC OFF
[20:12:11] : MEAS ESC ON
[20:12:12] : MEAS ESC OFF
[20:12:12] : AUTO RUNNING ON
[20:12:33] : AUTO RUNNING OFF
[20:12:39] : MEAS ESC ON
[20:12:43] : MEAS ESC OFF
[20:12:43] : AUTO RUNNING ON
[20:14:18] : Cycle start ON
[20:14:19] : Cycle start OFF
[20:14:19] : REQUEST MEAS. ON
[20:14:25] : REQUEST MEAS. OFF
[20:14:25] : 측정요구 ON 2
[20:14:33] : 측정요구 2OFF
[20:14:33] : 21,20190102-201434,,,OK,MAX,1,3,AUTO,0.00,7.00,6.41,OK,0.00,7.00,5.54,OK,
[20:14:40] : Cycle start ON
[20:14:40] : Cycle start OFF
[20:14:40] : 측정요구3 ON
[20:14:47] : 측정요구3 OFF
[20:14:47] : 측정요구4 ON
[20:14:54] : 측정요구4 OFF
[20:14:54] : 21,20190102-201454,AL18121450746,,OK,MAX,2,3,AUTO,0.00,7.00,5.95,OK,0.00,7.00,5.56,OK,
[20:15:30] : Cycle start ON
[20:15:30] : Cycle start OFF
[20:15:30] : REQUEST MEAS. ON
[20:15:37] : REQUEST MEAS. OFF
[20:15:37] : 측정요구 ON 2
[20:15:45] : 측정요구 2OFF
[20:15:45] : 21,20190102-201545,,,OK,MAX,1,3,AUTO,0.00,7.00,3.54,OK,0.00,7.00,3.52,OK,
[20:16:18] : Cycle start ON
[20:16:19] : Cycle start OFF
[20:16:19] : 측정요구3 ON
[20:16:25] : 측정요구3 OFF
[20:16:25] : 측정요구4 ON
[20:16:33] : 측정요구4 OFF
[20:16:33] : 21,20190102-201633,AL18121450356,,NG,MAX,2,0,AUTO,0.00,7.00,8.52,NG,0.00,7.00,8.42,NG,
[20:16:38] : Cycle start ON
[20:16:39] : Cycle start OFF
[20:16:39] : REQUEST MEAS. ON
[20:16:45] : REQUEST MEAS. OFF
[20:16:46] : 측정요구 ON 2
[20:16:53] : 측정요구 2OFF
[20:16:53] : 21,20190102-201654,,,OK,MAX,1,3,AUTO,0.00,7.00,6.33,OK,0.00,7.00,6.02,OK,
[20:17:26] : Cycle start ON
[20:17:26] : Cycle start OFF
[20:17:26] : 측정요구3 ON
[20:17:32] : 측정요구3 OFF
[20:17:32] : 측정요구4 ON
[20:17:40] : 측정요구4 OFF
[20:17:40] : 21,20190102-201740,AL18121450416,,NG,MAX,2,0,AUTO,0.00,7.00,9.54,NG,0.00,7.00,9.30,NG,
[20:18:10] : Cycle start ON
[20:18:10] : Cycle start OFF
[20:18:10] : REQUEST MEAS. ON
[20:18:17] : REQUEST MEAS. OFF
[20:18:17] : 측정요구 ON 2
[20:18:25] : 측정요구 2OFF
[20:18:25] : 21,20190102-201825,,,OK,MAX,1,3,AUTO,0.00,7.00,4.64,OK,0.00,7.00,4.22,OK,
[20:18:35] : AUTO RUNNING OFF
[20:18:43] : MEAS ESC ON
[20:18:44] : MEAS ESC OFF
[20:18:44] : AUTO RUNNING ON
[20:19:13] : Cycle start ON
[20:19:13] : Cycle start OFF
[20:19:13] : 측정요구3 ON
[20:19:20] : 측정요구3 OFF
[20:19:20] : 측정요구4 ON
[20:19:28] : 측정요구4 OFF
[20:19:28] : 21,20190102-201928,AL18121450536,,OK,MAX,2,3,AUTO,0.00,7.00,3.96,OK,0.00,7.00,3.73,OK,
[20:20:17] : Cycle start ON
[20:20:17] : Cycle start OFF
[20:20:17] : REQUEST MEAS. ON
[20:20:24] : REQUEST MEAS. OFF
[20:20:24] : 측정요구 ON 2
[20:20:31] : 측정요구 2OFF
[20:20:31] : 21,20190102-202032,,,OK,MAX,1,3,AUTO,0.00,7.00,3.54,OK,0.00,7.00,3.13,OK,
[20:22:01] : Cycle start ON
[20:22:02] : REQUEST MEAS. ON
[20:22:02] : Cycle start OFF
[20:22:08] : REQUEST MEAS. OFF
[20:22:08] : 측정요구 ON 2
[20:22:16] : 측정요구 2OFF
[20:22:16] : 21,20190102-202216,,,OK,MAX,1,3,AUTO,0.00,7.00,3.53,OK,0.00,7.00,3.31,OK,
[20:23:16] : Cycle start ON
[20:23:16] : Cycle start OFF
[20:23:16] : 측정요구3 ON
[20:23:22] : 측정요구3 OFF
[20:23:23] : 측정요구4 ON
[20:23:30] : 측정요구4 OFF
[20:23:30] : 21,20190102-202331,AL18121450296,,OK,MAX,2,2,AUTO,0.00,7.00,2.41,OK,0.00,7.00,1.73,OK,
[20:23:33] : Cycle start ON
[20:23:33] : Cycle start OFF
[20:23:33] : REQUEST MEAS. ON
[20:23:40] : REQUEST MEAS. OFF
[20:23:40] : 측정요구 ON 2
[20:23:47] : 측정요구 2OFF
[20:23:47] : 21,20190102-202348,,,OK,MAX,1,2,AUTO,0.00,7.00,1.55,OK,0.00,7.00,1.10,OK,
[20:24:27] : Cycle start ON
[20:24:27] : Cycle start OFF
[20:24:27] : 측정요구3 ON
[20:24:34] : 측정요구3 OFF
[20:24:34] : 측정요구4 ON
[20:24:41] : 측정요구4 OFF
[20:24:41] : 21,20190102-202441,AL18121450336,,OK,MAX,2,2,AUTO,0.00,7.00,2.71,OK,0.00,7.00,2.16,OK,
[20:24:46] : Cycle start ON
[20:24:47] : Cycle start OFF
[20:24:47] : REQUEST MEAS. ON
[20:24:53] : REQUEST MEAS. OFF
[20:24:53] : 측정요구 ON 2
[20:25:01] : 측정요구 2OFF
[20:25:01] : 21,20190102-202502,,,OK,MAX,1,3,AUTO,0.00,7.00,4.43,OK,0.00,7.00,4.33,OK,
[20:29:33] : AUTO RUNNING OFF
[20:30:19] : Cycle start ON
[20:30:19] : Cycle start OFF
[20:30:19] : 측정요구3 ON
[20:30:25] : 측정요구3 OFF
[20:30:25] : 0
[20:30:25] : 측정요구4 ON
[20:30:32] : 측정요구4 OFF
[20:30:32] : 0
[20:36:45] : Cycle start ON
[20:36:45] : Cycle start OFF
[20:36:45] : 측정요구3 ON
[20:36:52] : 측정요구3 OFF
[20:36:52] : 0
[20:36:52] : 측정요구4 ON
[20:36:59] : 측정요구4 OFF
[20:36:59] : 0
[20:37:30] : Cycle start ON
[20:37:30] : Cycle start OFF
[20:37:30] : 측정요구3 ON
[20:37:37] : 측정요구3 OFF
[20:37:37] : 0
[20:37:37] : 측정요구4 ON
[20:37:44] : 측정요구4 OFF
[20:37:44] : 0
[20:41:23] : Cycle start ON
[20:41:23] : Cycle start OFF
[20:41:23] : 측정요구3 ON
[20:41:30] : 측정요구3 OFF
[20:41:30] : 0
[20:41:30] : 측정요구4 ON
[20:41:37] : 측정요구4 OFF
[20:41:37] : 0
[20:42:01] : Cycle start ON
[20:42:02] : Cycle start OFF
[20:42:02] : 측정요구3 ON
[20:42:08] : 측정요구3 OFF
[20:42:08] : 0
[20:42:08] : 측정요구4 ON
[20:42:14] : 측정요구4 OFF
[20:42:15] : 0
[20:42:49] : Cycle start ON
[20:42:50] : Cycle start OFF
[20:42:50] : 측정요구3 ON
[20:42:56] : 측정요구3 OFF
[20:42:56] : 0
[20:42:56] : 측정요구4 ON
[20:43:03] : 측정요구4 OFF
[20:43:03] : 0
[20:49:26] : Cycle start ON
[20:49:26] : Cycle start OFF
[20:49:26] : 측정요구3 ON
[20:49:32] : 측정요구3 OFF
[20:49:32] : 0
[20:49:32] : 측정요구4 ON
[20:49:40] : 측정요구4 OFF
[20:49:40] : 0
[20:51:37] : Cycle start ON
[20:51:37] : Cycle start OFF
[20:51:37] : REQUEST MEAS. ON
[20:51:44] : REQUEST MEAS. OFF
[20:51:44] : 0
[20:51:44] : 측정요구 ON 2
[20:51:51] : 측정요구 2OFF
[20:51:51] : 0
[20:54:35] : Cycle start ON
[20:54:36] : Cycle start OFF
[20:54:36] : 측정요구3 ON
[20:54:42] : 측정요구3 OFF
[20:54:42] : 0
[20:54:42] : 측정요구4 ON
[20:54:49] : 측정요구4 OFF
[20:54:49] : 0
[20:59:50] : Cycle start ON
[20:59:51] : Cycle start OFF
[20:59:51] : 측정요구3 ON
[20:59:57] : 측정요구3 OFF
[20:59:57] : 0
[20:59:57] : 측정요구4 ON
[21:00:05] : 측정요구4 OFF
[21:00:05] : 0
[21:01:16] : Cycle start ON
[21:01:17] : Cycle start OFF
[21:01:17] : 측정요구3 ON
[21:01:23] : 측정요구3 OFF
[21:01:23] : 0
[21:01:23] : 측정요구4 ON
[21:01:31] : 측정요구4 OFF
[21:01:31] : 0
[21:07:36] : Cycle start ON
[21:07:36] : Cycle start OFF
[21:07:36] : 측정요구3 ON
[21:07:42] : 측정요구3 OFF
[21:07:43] : 0
[21:07:43] : 측정요구4 ON
[21:07:50] : 측정요구4 OFF
[21:07:50] : 0
[21:08:14] : Cycle start ON
[21:08:14] : Cycle start OFF
[21:08:14] : REQUEST MEAS. ON
[21:08:21] : REQUEST MEAS. OFF
[21:08:21] : 0
[21:08:21] : 측정요구 ON 2
[21:08:29] : 측정요구 2OFF
[21:08:29] : 0
[21:10:07] : Cycle start ON
[21:10:07] : Cycle start OFF
[21:10:07] : REQUEST MEAS. ON
[21:10:14] : REQUEST MEAS. OFF
[21:10:14] : 0
[21:10:14] : 측정요구 ON 2
[21:10:22] : 측정요구 2OFF
[21:10:22] : 0
[21:10:50] : Cycle start ON
[21:10:51] : Cycle start OFF
[21:10:51] : 측정요구3 ON
[21:10:57] : 측정요구3 OFF
[21:10:57] : 0
[21:10:57] : 측정요구4 ON
[21:11:05] : 측정요구4 OFF
[21:11:05] : 0
[21:13:28] : Cycle start ON
[21:13:29] : Cycle start OFF
[21:13:29] : 측정요구3 ON
[21:13:35] : 측정요구3 OFF
[21:13:35] : 0
[21:13:35] : 측정요구4 ON
[21:13:43] : 측정요구4 OFF
[21:13:43] : 0
[21:14:07] : Cycle start ON
[21:14:07] : Cycle start OFF
[21:14:07] : 측정요구3 ON
[21:14:14] : 측정요구3 OFF
[21:14:14] : 0
[21:14:14] : 측정요구4 ON
[21:14:21] : 측정요구4 OFF
[21:14:21] : 0
[21:16:05] : Cycle start ON
[21:16:05] : Cycle start OFF
[21:16:05] : 측정요구3 ON
[21:16:11] : 측정요구3 OFF
[21:16:12] : 0
[21:16:12] : 측정요구4 ON
[21:16:19] : 측정요구4 OFF
[21:16:19] : 0
[21:16:40] : Cycle start ON
[21:16:41] : Cycle start OFF
[21:16:41] : 측정요구3 ON
[21:16:47] : 측정요구3 OFF
[21:16:47] : 0
[21:16:47] : 측정요구4 ON
[21:16:55] : 측정요구4 OFF
[21:16:55] : 0
[21:17:40] : Cycle start ON
[21:17:40] : Cycle start OFF
[21:17:40] : 측정요구3 ON
[21:17:43] : 측정요구3 OFF
[21:17:43] : 0
[21:17:47] : Cycle start ON
[21:17:47] : Cycle start OFF
[21:17:47] : 측정요구3 ON
[21:17:49] : 측정요구3 OFF
[21:17:49] : 0
[21:17:51] : Cycle start ON
[21:17:52] : Cycle start OFF
[21:17:52] : 측정요구3 ON
[21:17:58] : 측정요구3 OFF
[21:17:58] : 0
[21:17:58] : 측정요구4 ON
[21:18:03] : 측정요구4 OFF
[21:18:03] : 0
[21:27:35] : Cycle start ON
[21:27:36] : Cycle start OFF
[21:27:36] : 측정요구3 ON
[21:27:42] : 측정요구3 OFF
[21:27:42] : 0
[21:27:42] : 측정요구4 ON
[21:27:50] : 측정요구4 OFF
[21:27:50] : 0
[21:49:14] : Cycle start ON
[21:49:15] : Cycle start OFF
[21:49:15] : 측정요구3 ON
[21:49:21] : 측정요구3 OFF
[21:49:21] : 0
[21:49:21] : 측정요구4 ON
[21:49:29] : 측정요구4 OFF
[21:49:29] : 0
[21:50:23] : Cycle start ON
[21:50:24] : Cycle start OFF
[21:50:24] : 측정요구3 ON
[21:50:30] : 측정요구3 OFF
[21:50:30] : 0
[21:50:30] : 측정요구4 ON
[21:50:38] : 측정요구4 OFF
[21:50:38] : 0
[21:51:15] : Cycle start ON
[21:51:15] : Cycle start OFF
[21:51:15] : 측정요구3 ON
[21:51:22] : 측정요구3 OFF
[21:51:22] : 0
[21:51:22] : 측정요구4 ON
[21:51:29] : 측정요구4 OFF
[21:51:29] : 0
[21:52:00] : Cycle start ON
[21:52:01] : Cycle start OFF
[21:52:01] : 측정요구3 ON
[21:52:07] : 측정요구3 OFF
[21:52:07] : 0
[21:52:07] : 측정요구4 ON
[21:52:15] : 측정요구4 OFF
[21:52:15] : 0
[21:52:53] : Cycle start ON
[21:52:54] : Cycle start OFF
[21:52:54] : 측정요구3 ON
[21:53:00] : 측정요구3 OFF
[21:53:00] : 0
[21:53:00] : 측정요구4 ON
[21:53:07] : 측정요구4 OFF
[21:53:08] : 0
[21:53:51] : Cycle start ON
[21:53:51] : Cycle start OFF
[21:53:51] : 측정요구3 ON
[21:53:58] : 측정요구3 OFF
[21:53:58] : 0
[21:53:58] : 측정요구4 ON
[21:54:05] : 측정요구4 OFF
[21:54:05] : 0
[21:54:33] : Cycle start ON
[21:54:33] : Cycle start OFF
[21:54:33] : 측정요구3 ON
[21:54:40] : 측정요구3 OFF
[21:54:40] : 0
[21:54:40] : 측정요구4 ON
[21:54:47] : 측정요구4 OFF
[21:54:47] : 0
[22:02:17] : Cycle start ON
[22:02:18] : Cycle start OFF
[22:02:18] : 측정요구3 ON
[22:02:24] : 측정요구3 OFF
[22:02:24] : 0
[22:02:24] : 측정요구4 ON
[22:02:32] : 측정요구4 OFF
[22:02:32] : 0
[22:13:47] : Cycle start ON
[22:13:47] : Cycle start OFF
[22:13:47] : 측정요구3 ON
[22:13:54] : 측정요구3 OFF
[22:13:54] : 0
[22:13:54] : 측정요구4 ON
[22:14:01] : 측정요구4 OFF
[22:14:01] : 0
[22:14:53] : Cycle start ON
[22:14:54] : Cycle start OFF
[22:14:54] : 측정요구3 ON
[22:15:00] : 측정요구3 OFF
[22:15:00] : 0
[22:15:00] : 측정요구4 ON
[22:15:08] : 측정요구4 OFF
[22:15:08] : 0
 
