[08:01:32] : MEAS ESC ON
[08:01:32] : MEAS ESC OFF
[08:01:32] : AUTO RUNNING ON
[08:03:17] : Cycle start ON
[08:03:18] : Cycle start OFF
[08:03:18] : REQUEST MEAS. ON
[08:03:24] : REQUEST MEAS. OFF
[08:03:24] : 측정요구 ON 2
[08:03:32] : 측정요구 2OFF
[08:03:32] : 21,20190130-080332,CF19012851461,CF 19012112951,OK,MAX,1,3,AUTO,0.60,7.00,6.56,OK,0.60,7.00,6.60,OK,
[08:06:18] : Cycle start ON
[08:06:18] : Cycle start OFF
[08:06:18] : 측정요구3 ON
[08:06:25] : 측정요구3 OFF
[08:06:25] : 측정요구4 ON
[08:06:32] : 측정요구4 OFF
[08:06:32] : 21,20190130-080633,CF19012851001,CF 19012112901,OK,MAX,2,2,AUTO,0.60,7.00,2.38,OK,0.60,7.00,2.61,OK,
[08:07:19] : Cycle start ON
[08:07:19] : Cycle start OFF
[08:07:19] : REQUEST MEAS. ON
[08:07:26] : REQUEST MEAS. OFF
[08:07:26] : 측정요구 ON 2
[08:07:33] : 측정요구 2OFF
[08:07:33] : 21,20190130-080734,CF19012851751,CF 19012110621,OK,MAX,1,2,AUTO,0.60,7.00,1.84,OK,0.60,7.00,2.04,OK,
[08:07:39] : Cycle start ON
[08:07:40] : Cycle start OFF
[08:07:40] : 측정요구3 ON
[08:07:46] : 측정요구3 OFF
[08:07:47] : 측정요구4 ON
[08:07:54] : 측정요구4 OFF
[08:07:54] : 21,20190130-080755,CF19012852551,CF 19012110811,OK,MAX,2,2,AUTO,0.60,7.00,2.25,OK,0.60,7.00,1.86,OK,
[08:08:13] : Cycle start ON
[08:08:13] : Cycle start OFF
[08:08:13] : REQUEST MEAS. ON
[08:08:20] : REQUEST MEAS. OFF
[08:08:20] : 측정요구 ON 2
[08:08:27] : 측정요구 2OFF
[08:08:27] : 21,20190130-080827,CF19012851421,CF 19012111711,OK,MAX,1,2,AUTO,0.60,7.00,2.21,OK,0.60,7.00,3.00,OK,
[08:09:45] : AUTO RUNNING OFF
[08:16:53] : MEAS ESC ON
[08:16:55] : MEAS ESC OFF
[08:16:55] : AUTO RUNNING ON
[08:17:47] : Cycle start ON
[08:17:47] : Cycle start OFF
[08:17:47] : REQUEST MEAS. ON
[08:17:54] : REQUEST MEAS. OFF
[08:17:54] : 측정요구 ON 2
[08:18:01] : 측정요구 2OFF
[08:18:01] : 21,20190130-081802,CF19012851631,CF 19012112881,OK,MAX,1,3,AUTO,0.60,7.00,2.46,OK,0.60,7.00,3.00,OK,
[08:18:41] : Cycle start ON
[08:18:41] : Cycle start OFF
[08:18:41] : 측정요구3 ON
[08:18:48] : 측정요구3 OFF
[08:18:48] : 측정요구4 ON
[08:18:55] : 측정요구4 OFF
[08:18:55] : 21,20190130-081856,CF19012851991,CF 19012113191,OK,MAX,2,2,AUTO,0.60,7.00,1.44,OK,0.60,7.00,1.54,OK,
[08:19:31] : Cycle start ON
[08:19:31] : Cycle start OFF
[08:19:31] : REQUEST MEAS. ON
[08:19:38] : REQUEST MEAS. OFF
[08:19:38] : 측정요구 ON 2
[08:19:45] : 측정요구 2OFF
[08:19:45] : 21,20190130-081946,CF19012852531,CF 19012110121,OK,MAX,1,2,AUTO,0.60,7.00,2.28,OK,0.60,7.00,2.87,OK,
[08:19:48] : Cycle start ON
[08:19:48] : Cycle start OFF
[08:19:48] : 측정요구3 ON
[08:19:55] : 측정요구3 OFF
[08:19:55] : 측정요구4 ON
[08:20:02] : 측정요구4 OFF
[08:20:02] : 21,20190130-082002,CF19012852071,CF 19012110661,OK,MAX,2,3,AUTO,0.60,7.00,4.92,OK,0.60,7.00,4.52,OK,
[08:20:21] : Cycle start ON
[08:20:22] : REQUEST MEAS. ON
[08:20:22] : Cycle start OFF
[08:20:28] : REQUEST MEAS. OFF
[08:20:28] : 측정요구 ON 2
[08:20:35] : 측정요구 2OFF
[08:20:35] : 21,20190130-082036,CF19012851171,CF 19012110831,OK,MAX,1,2,AUTO,0.60,7.00,2.06,OK,0.60,7.00,2.09,OK,
[08:20:46] : Cycle start ON
[08:20:46] : Cycle start OFF
[08:20:46] : 측정요구3 ON
[08:20:53] : 측정요구3 OFF
[08:20:53] : 측정요구4 ON
[08:21:00] : 측정요구4 OFF
[08:21:00] : 21,20190130-082101,CF 19012110801,CF 19012110801,OK,MAX,2,2,AUTO,0.60,7.00,2.50,OK,0.60,7.00,2.15,OK,
[08:21:41] : Cycle start ON
[08:21:41] : Cycle start OFF
[08:21:41] : REQUEST MEAS. ON
[08:21:48] : REQUEST MEAS. OFF
[08:21:48] : 측정요구 ON 2
[08:21:55] : 측정요구 2OFF
[08:21:55] : 21,20190130-082156,CF19012851731,CF 19012110841,OK,MAX,1,3,AUTO,0.60,7.00,3.86,OK,0.60,7.00,3.89,OK,
[08:22:12] : Cycle start ON
[08:22:12] : Cycle start OFF
[08:22:12] : 측정요구3 ON
[08:22:19] : 측정요구3 OFF
[08:22:19] : 측정요구4 ON
[08:22:26] : 측정요구4 OFF
[08:22:26] : 21,20190130-082226,CF19012851331,CF 19012111761,OK,MAX,2,3,AUTO,0.60,7.00,4.98,OK,0.60,7.00,4.58,OK,
[08:23:36] : Cycle start ON
[08:23:37] : Cycle start OFF
[08:23:37] : REQUEST MEAS. ON
[08:23:43] : REQUEST MEAS. OFF
[08:23:43] : 측정요구 ON 2
[08:23:51] : 측정요구 2OFF
[08:23:51] : 21,20190130-082352,CF19012852311,CF 19012111051,OK,MAX,1,2,AUTO,0.60,7.00,1.19,OK,0.60,7.00,1.67,OK,
[08:24:12] : AUTO RUNNING OFF
[08:24:36] : MEAS ESC ON
[08:24:37] : MEAS ESC OFF
[08:24:37] : AUTO RUNNING ON
[08:25:31] : Cycle start ON
[08:25:32] : Cycle start OFF
[08:25:32] : 측정요구3 ON
[08:25:38] : 측정요구3 OFF
[08:25:38] : 측정요구4 ON
[08:25:46] : 측정요구4 OFF
[08:25:46] : 21,20190130-082546,CF19012851341,CF 19012111211,OK,MAX,2,2,AUTO,0.60,7.00,2.07,OK,0.60,7.00,1.92,OK,
[08:26:18] : Cycle start ON
[08:26:18] : Cycle start OFF
[08:26:18] : REQUEST MEAS. ON
[08:26:25] : REQUEST MEAS. OFF
[08:26:25] : 측정요구 ON 2
[08:26:33] : 측정요구 2OFF
[08:26:33] : 21,20190130-082633,CF19012850851,CF 19012110431,OK,MAX,1,2,AUTO,0.60,7.00,2.22,OK,0.60,7.00,2.30,OK,
[08:26:39] : Cycle start ON
[08:26:39] : Cycle start OFF
[08:26:39] : 측정요구3 ON
[08:26:46] : 측정요구3 OFF
[08:26:46] : 측정요구4 ON
[08:26:53] : 측정요구4 OFF
[08:26:53] : 21,20190130-082654,CF19012850661,CF 19012110931,OK,MAX,2,2,AUTO,0.60,7.00,1.75,OK,0.60,7.00,1.47,OK,
[08:27:13] : Cycle start ON
[08:27:13] : Cycle start OFF
[08:27:13] : REQUEST MEAS. ON
[08:27:20] : REQUEST MEAS. OFF
[08:27:20] : 측정요구 ON 2
[08:27:27] : 측정요구 2OFF
[08:27:27] : 21,20190130-082727,CF19012851141,CF 19012111141,OK,MAX,1,3,AUTO,0.60,7.00,2.29,OK,0.60,7.00,3.01,OK,
[08:27:38] : Cycle start ON
[08:27:38] : Cycle start OFF
[08:27:38] : 측정요구3 ON
[08:27:45] : 측정요구3 OFF
[08:27:45] : 측정요구4 ON
[08:27:52] : 측정요구4 OFF
[08:27:52] : 21,20190130-082752,CF19012851981,CF 19012112931,OK,MAX,2,2,AUTO,0.60,7.00,1.57,OK,0.60,7.00,1.67,OK,
[08:28:06] : Cycle start ON
[08:28:07] : Cycle start OFF
[08:28:07] : REQUEST MEAS. ON
[08:28:13] : REQUEST MEAS. OFF
[08:28:13] : 측정요구 ON 2
[08:28:21] : 측정요구 2OFF
[08:28:21] : 21,20190130-082821,CF19012851811,CF 19012113261,OK,MAX,1,3,AUTO,0.60,7.00,3.45,OK,0.60,7.00,3.73,OK,
[08:28:30] : Cycle start ON
[08:28:31] : Cycle start OFF
[08:28:31] : 측정요구3 ON
[08:28:37] : 측정요구3 OFF
[08:28:37] : 측정요구4 ON
[08:28:45] : 측정요구4 OFF
[08:28:45] : 21,20190130-082845,CF19012852471,CF 19012110751,OK,MAX,2,2,AUTO,0.60,7.00,1.94,OK,0.60,7.00,1.35,OK,
[08:29:02] : Cycle start ON
[08:29:03] : Cycle start OFF
[08:29:03] : REQUEST MEAS. ON
[08:29:09] : REQUEST MEAS. OFF
[08:29:09] : 측정요구 ON 2
[08:29:17] : 측정요구 2OFF
[08:29:17] : 21,20190130-082917,CF19012852461,CF 19012110211,OK,MAX,1,2,AUTO,0.60,7.00,1.28,OK,0.60,7.00,1.73,OK,
[08:29:24] : Cycle start ON
[08:29:25] : Cycle start OFF
[08:29:25] : 측정요구3 ON
[08:29:31] : 측정요구3 OFF
[08:29:31] : 측정요구4 ON
[08:29:38] : 측정요구4 OFF
[08:29:38] : 21,20190130-082938,CF19012852521,CF 19012110651,OK,MAX,2,2,AUTO,0.60,7.00,1.41,OK,0.60,7.00,1.30,OK,
[08:29:58] : Cycle start ON
[08:29:58] : Cycle start OFF
[08:29:58] : REQUEST MEAS. ON
[08:30:05] : REQUEST MEAS. OFF
[08:30:05] : 측정요구 ON 2
[08:30:12] : 측정요구 2OFF
[08:30:12] : 21,20190130-083012,CF19012852481,CF 19012110881,OK,MAX,1,2,AUTO,0.60,7.00,1.98,OK,0.60,7.00,2.04,OK,
[08:30:17] : Cycle start ON
[08:30:18] : Cycle start OFF
[08:30:18] : 측정요구3 ON
[08:30:24] : 측정요구3 OFF
[08:30:24] : 측정요구4 ON
[08:30:32] : 측정요구4 OFF
[08:30:32] : 21,20190130-083032,CF19012852541,CF 19012111751,OK,MAX,2,2,AUTO,0.60,7.00,1.05,OK,0.60,7.00,0.87,OK,
[08:38:44] : Cycle start ON
[08:38:44] : Cycle start OFF
[08:38:44] : REQUEST MEAS. ON
[08:38:51] : REQUEST MEAS. OFF
[08:38:51] : 측정요구 ON 2
[08:38:59] : 측정요구 2OFF
[08:38:59] : 21,20190130-083859,CF19012852511,CF 19012111261,OK,MAX,1,2,AUTO,0.60,7.00,1.53,OK,0.60,7.00,1.64,OK,
[08:39:25] : Cycle start ON
[08:39:25] : Cycle start OFF
[08:39:25] : 측정요구3 ON
[08:39:32] : 측정요구3 OFF
[08:39:32] : 측정요구4 ON
[08:39:39] : 측정요구4 OFF
[08:39:39] : 21,20190130-083940,CF19012851481,CF 19012110611,OK,MAX,2,3,AUTO,0.60,7.00,4.23,OK,0.60,7.00,4.57,OK,
[08:40:51] : Cycle start ON
[08:40:51] : Cycle start OFF
[08:40:51] : REQUEST MEAS. ON
[08:40:58] : REQUEST MEAS. OFF
[08:40:58] : 측정요구 ON 2
[08:41:05] : 측정요구 2OFF
[08:41:05] : 21,20190130-084106,CF19012851851,CF 19012110821,OK,MAX,1,2,AUTO,0.60,7.00,2.00,OK,0.60,7.00,2.59,OK,
[08:41:19] : Cycle start ON
[08:41:19] : Cycle start OFF
[08:41:19] : 측정요구3 ON
[08:41:25] : 측정요구3 OFF
[08:41:26] : 측정요구4 ON
[08:41:33] : 측정요구4 OFF
[08:41:33] : 21,20190130-084133,CF19012852001,CF 19012113321,OK,MAX,2,2,AUTO,0.60,7.00,2.56,OK,0.60,7.00,2.38,OK,
[08:41:45] : Cycle start ON
[08:41:45] : Cycle start OFF
[08:41:45] : REQUEST MEAS. ON
[08:41:52] : REQUEST MEAS. OFF
[08:41:52] : 측정요구 ON 2
[08:41:59] : 측정요구 2OFF
[08:41:59] : 21,20190130-084159,CF19012852501,CF 19012112851,OK,MAX,1,2,AUTO,0.60,7.00,1.96,OK,0.60,7.00,2.60,OK,
[08:42:18] : Cycle start ON
[08:42:18] : Cycle start OFF
[08:42:18] : 측정요구3 ON
[08:42:25] : 측정요구3 OFF
[08:42:25] : 측정요구4 ON
[08:42:33] : 측정요구4 OFF
[08:42:33] : 21,20190130-084233,CF19012850611,CF 19012110021,OK,MAX,2,2,AUTO,0.60,7.00,2.93,OK,0.60,7.00,2.65,OK,
[08:43:58] : AUTO RUNNING OFF
[09:14:43] : MEAS ESC ON
[09:14:43] : MEAS ESC OFF
[09:14:43] : AUTO RUNNING ON
[09:15:33] : AUTO RUNNING OFF
[09:16:28] : MEAS ESC ON
[09:16:30] : MEAS ESC OFF
[09:16:35] : MEAS ESC ON
[09:16:36] : MEAS ESC OFF
[09:16:36] : AUTO RUNNING ON
[09:18:01] : Cycle start ON
[09:18:01] : Cycle start OFF
[09:18:01] : REQUEST MEAS. ON
[09:18:08] : REQUEST MEAS. OFF
[09:18:08] : 측정요구 ON 2
[09:18:15] : 측정요구 2OFF
[09:18:15] : 21,20190130-091815,CF19012851541,CF 19012110491,OK,MAX,1,2,AUTO,0.60,7.00,1.48,OK,0.60,7.00,1.30,OK,
[09:18:21] : Cycle start ON
[09:18:21] : Cycle start OFF
[09:18:21] : 측정요구3 ON
[09:18:28] : 측정요구3 OFF
[09:18:28] : 측정요구4 ON
[09:18:36] : 측정요구4 OFF
[09:18:36] : 21,20190130-091836,CF19012851561,CF 19012111061,OK,MAX,2,3,AUTO,0.60,7.00,4.64,OK,0.60,7.00,4.49,OK,
[09:19:04] : Cycle start ON
[09:19:04] : Cycle start OFF
[09:19:04] : REQUEST MEAS. ON
[09:19:11] : REQUEST MEAS. OFF
[09:19:11] : 측정요구 ON 2
[09:19:19] : 측정요구 2OFF
[09:19:19] : 21,20190130-091919,CF19012852351,CF 19012110541,OK,MAX,1,2,AUTO,0.60,7.00,1.34,OK,0.60,7.00,1.73,OK,
[09:19:49] : Cycle start ON
[09:19:49] : Cycle start OFF
[09:19:49] : 측정요구3 ON
[09:19:56] : 측정요구3 OFF
[09:19:56] : 측정요구4 ON
[09:20:03] : 측정요구4 OFF
[09:20:03] : 21,20190130-092004,CF19012851511,CF 19012111121,OK,MAX,2,2,AUTO,0.60,7.00,2.02,OK,0.60,7.00,1.77,OK,
[09:20:09] : Cycle start ON
[09:20:09] : Cycle start OFF
[09:20:09] : REQUEST MEAS. ON
[09:20:16] : REQUEST MEAS. OFF
[09:20:16] : 측정요구 ON 2
[09:20:23] : 측정요구 2OFF
[09:20:23] : 21,20190130-092024,CF19012852331,CF 19012111111,OK,MAX,1,1,AUTO,0.60,7.00,0.61,OK,0.60,7.00,0.65,OK,
[09:21:13] : AUTO RUNNING OFF
[09:57:35] : MEAS ESC ON
[09:57:36] : MEAS ESC OFF
[09:57:36] : AUTO RUNNING ON
[09:58:51] : Cycle start ON
[09:58:51] : Cycle start OFF
[09:58:51] : REQUEST MEAS. ON
[09:58:58] : REQUEST MEAS. OFF
[09:58:58] : 측정요구 ON 2
[09:59:05] : 측정요구 2OFF
[09:59:05] : 21,20190130-095906,CF19012851581,CF 19012110481,OK,MAX,1,2,AUTO,0.60,7.00,2.79,OK,0.60,7.00,2.86,OK,
[09:59:12] : Cycle start ON
[09:59:12] : Cycle start OFF
[09:59:12] : 측정요구3 ON
[09:59:19] : 측정요구3 OFF
[09:59:19] : 측정요구4 ON
[09:59:26] : 측정요구4 OFF
[09:59:26] : 21,20190130-095927,CF19012852361,CF 19012110311,OK,MAX,2,2,AUTO,0.60,7.00,1.95,OK,0.60,7.00,1.88,OK,
[09:59:45] : Cycle start ON
[09:59:45] : REQUEST MEAS. ON
[09:59:46] : Cycle start OFF
[09:59:52] : REQUEST MEAS. OFF
[09:59:52] : 측정요구 ON 2
[09:59:59] : 측정요구 2OFF
[09:59:59] : 21,20190130-100000,CF19012851391,CF 19012110291,OK,MAX,1,2,AUTO,0.60,7.00,2.24,OK,0.60,7.00,2.66,OK,
[10:16:55] : Cycle start ON
[10:16:55] : Cycle start OFF
[10:16:55] : REQUEST MEAS. ON
[10:17:02] : REQUEST MEAS. OFF
[10:17:02] : 측정요구 ON 2
[10:17:09] : 측정요구 2OFF
[10:17:09] : 21,20190130-101710,CF19012851401,CF 19012110581,OK,MAX,1,3,AUTO,0.60,7.00,2.80,OK,0.60,7.00,3.01,OK,
[10:17:49] : Cycle start ON
[10:17:50] : Cycle start OFF
[10:17:50] : 측정요구3 ON
[10:17:56] : 측정요구3 OFF
[10:17:56] : 측정요구4 ON
[10:18:04] : 측정요구4 OFF
[10:18:04] : 21,20190130-101804,CF19012851311,CF 19012110131,OK,MAX,2,2,AUTO,0.60,7.00,1.80,OK,0.60,7.00,1.30,OK,
[10:18:12] : Cycle start ON
[10:18:12] : Cycle start OFF
[10:18:12] : REQUEST MEAS. ON
[10:18:19] : REQUEST MEAS. OFF
[10:18:19] : 측정요구 ON 2
[10:18:26] : 측정요구 2OFF
[10:18:26] : 21,20190130-101827,CF19012851321,CF 19012110301,OK,MAX,1,2,AUTO,0.60,7.00,2.50,OK,0.60,7.00,2.48,OK,
[10:18:49] : Cycle start ON
[10:18:50] : Cycle start OFF
[10:18:50] : 측정요구3 ON
[10:18:56] : 측정요구3 OFF
[10:18:56] : 측정요구4 ON
[10:19:04] : 측정요구4 OFF
[10:19:04] : 21,20190130-101904,CF19012851371,CF 19012110171,OK,MAX,2,2,AUTO,0.60,7.00,1.39,OK,0.60,7.00,1.32,OK,
[10:22:36] : Cycle start ON
[10:22:37] : Cycle start OFF
[10:22:37] : REQUEST MEAS. ON
[10:22:43] : REQUEST MEAS. OFF
[10:22:43] : 측정요구 ON 2
[10:22:51] : 측정요구 2OFF
[10:22:51] : 21,20190130-102251,CF19012851431,CF 19012113171,OK,MAX,1,3,AUTO,0.60,7.00,3.31,OK,0.60,7.00,3.51,OK,
[10:34:40] : Cycle start ON
[10:34:41] : Cycle start OFF
[10:34:41] : 측정요구3 ON
[10:34:47] : 측정요구3 OFF
[10:34:47] : 측정요구4 ON
[10:34:55] : 측정요구4 OFF
[10:34:55] : 21,20190130-103456,CF19012851451,CF 19012113201,NG,MAX,2,2,AUTO,0.60,7.00,0.93,OK,0.60,7.00,0.53,NG,
[10:35:38] : Cycle start ON
[10:35:39] : Cycle start OFF
[10:35:39] : REQUEST MEAS. ON
[10:35:45] : REQUEST MEAS. OFF
[10:35:45] : 측정요구 ON 2
[10:35:53] : 측정요구 2OFF
[10:35:53] : 21,20190130-103553,CF19012851441,CF 19012113181,OK,MAX,1,3,AUTO,0.60,7.00,3.98,OK,0.60,7.00,4.13,OK,
[10:36:15] : AUTO RUNNING OFF
[10:36:37] : MEAS ESC ON
[10:36:39] : MEAS ESC OFF
[10:36:39] : AUTO RUNNING ON
[10:37:10] : Cycle start ON
[10:37:10] : Cycle start OFF
[10:37:10] : 측정요구3 ON
[10:37:17] : 측정요구3 OFF
[10:37:17] : 측정요구4 ON
[10:37:24] : 측정요구4 OFF
[10:37:24] : 21,20190130-103725,CF19012851241,CF 19012111091,OK,MAX,2,1,AUTO,0.10,7.00,0.70,OK,0.10,7.00,0.71,OK,
[10:37:32] : Cycle start ON
[10:37:32] : Cycle start OFF
[10:37:32] : REQUEST MEAS. ON
[10:37:39] : REQUEST MEAS. OFF
[10:37:39] : 측정요구 ON 2
[10:37:47] : 측정요구 2OFF
[10:37:47] : 21,20190130-103747,CF19012851231,CF 19012111161,OK,MAX,1,2,AUTO,0.10,7.00,1.17,OK,0.10,7.00,1.65,OK,
[10:48:15] : Cycle start ON
[10:48:15] : Cycle start OFF
[10:48:15] : REQUEST MEAS. ON
[10:48:22] : REQUEST MEAS. OFF
[10:48:22] : 측정요구 ON 2
[10:48:29] : 측정요구 2OFF
[10:48:29] : 21,20190130-104830,CF19012851221,CF 19012111991,OK,MAX,1,2,AUTO,0.10,7.00,1.64,OK,0.10,7.00,1.75,OK,
[10:48:36] : Cycle start ON
[10:48:36] : Cycle start OFF
[10:48:36] : 측정요구3 ON
[10:48:43] : 측정요구3 OFF
[10:48:43] : 측정요구4 ON
[10:48:50] : 측정요구4 OFF
[10:48:50] : 21,20190130-104851,CF19012851501,CF 19012111201,OK,MAX,2,2,AUTO,0.10,7.00,1.51,OK,0.10,7.00,1.26,OK,
[10:49:15] : Cycle start ON
[10:49:15] : Cycle start OFF
[10:49:15] : REQUEST MEAS. ON
[10:49:22] : REQUEST MEAS. OFF
[10:49:22] : 측정요구 ON 2
[10:49:29] : 측정요구 2OFF
[10:49:29] : 21,20190130-104930,CF19012851491,CF 19012111221,OK,MAX,1,2,AUTO,0.10,7.00,1.52,OK,0.10,7.00,2.12,OK,
[10:49:35] : Cycle start ON
[10:49:36] : Cycle start OFF
[10:49:36] : 측정요구3 ON
[10:49:42] : 측정요구3 OFF
[10:49:42] : 측정요구4 ON
[10:49:50] : 측정요구4 OFF
[10:49:50] : 21,20190130-104950,CF19012851281,CF 19012111981,OK,MAX,2,3,AUTO,0.10,7.00,3.24,OK,0.10,7.00,3.18,OK,
[10:50:08] : Cycle start ON
[10:50:09] : Cycle start OFF
[10:50:09] : REQUEST MEAS. ON
[10:50:15] : REQUEST MEAS. OFF
[10:50:15] : 측정요구 ON 2
[10:50:23] : 측정요구 2OFF
[10:50:23] : 21,20190130-105024,CF19012851271,CF 19012112911,OK,MAX,1,3,AUTO,0.10,7.00,3.07,OK,0.10,7.00,3.63,OK,
[10:51:08] : Cycle start ON
[10:51:09] : Cycle start OFF
[10:51:09] : REQUEST MEAS. ON
[10:51:15] : REQUEST MEAS. OFF
[10:51:15] : 측정요구 ON 2
[10:51:23] : 측정요구 2OFF
[10:51:23] : 21,20190130-105123,CF19012851261,CF 19012111071,OK,MAX,1,2,AUTO,0.10,7.00,1.61,OK,0.10,7.00,1.77,OK,
[10:51:26] : Cycle start ON
[10:51:27] : Cycle start OFF
[10:51:27] : 측정요구3 ON
[10:51:33] : 측정요구3 OFF
[10:51:34] : 측정요구4 ON
[10:51:41] : 측정요구4 OFF
[10:51:41] : 21,20190130-105142,CF 19012111151,CF 19012111151,OK,MAX,2,2,AUTO,0.10,7.00,1.96,OK,0.10,7.00,1.65,OK,
[10:51:59] : Cycle start ON
[10:51:59] : Cycle start OFF
[10:51:59] : REQUEST MEAS. ON
[10:52:06] : REQUEST MEAS. OFF
[10:52:06] : 측정요구 ON 2
[10:52:13] : 측정요구 2OFF
[10:52:13] : 21,20190130-105214,CF19012851211,CF 19012111101,OK,MAX,1,2,AUTO,0.10,7.00,1.02,OK,0.10,7.00,1.10,OK,
[10:52:25] : Cycle start ON
[10:52:25] : 측정요구3 ON
[10:52:25] : Cycle start OFF
[10:52:32] : 측정요구3 OFF
[10:52:32] : 측정요구4 ON
[10:52:39] : 측정요구4 OFF
[10:52:39] : 21,20190130-105240,CF19012852581,CF 19012113221,OK,MAX,2,3,AUTO,0.10,7.00,2.88,OK,0.10,7.00,3.02,OK,
[10:52:54] : Cycle start ON
[10:52:55] : Cycle start OFF
[10:52:55] : REQUEST MEAS. ON
[10:53:01] : REQUEST MEAS. OFF
[10:53:01] : 측정요구 ON 2
[10:53:09] : 측정요구 2OFF
[10:53:09] : 21,20190130-105309,CF19012852101,CF 19012113311,OK,MAX,1,2,AUTO,0.10,7.00,1.98,OK,0.10,7.00,2.46,OK,
[10:54:18] : Cycle start ON
[10:54:18] : Cycle start OFF
[10:54:18] : REQUEST MEAS. ON
[10:54:25] : REQUEST MEAS. OFF
[10:54:25] : 측정요구 ON 2
[10:54:33] : 측정요구 2OFF
[10:54:33] : 21,20190130-105433,CF19012852041,CF 19012111701,OK,MAX,1,3,AUTO,0.10,7.00,5.73,OK,0.10,7.00,5.41,OK,
[10:55:09] : Cycle start ON
[10:55:10] : Cycle start OFF
[10:55:10] : 측정요구3 ON
[10:55:17] : 측정요구3 OFF
[10:55:17] : 측정요구4 ON
[10:55:24] : 측정요구4 OFF
[10:55:24] : 21,20190130-105525,CF19012852561,CF 19012113341,OK,MAX,2,2,AUTO,0.10,7.00,1.19,OK,0.10,7.00,0.85,OK,
[10:55:52] : Cycle start ON
[10:55:53] : Cycle start OFF
[10:55:53] : REQUEST MEAS. ON
[10:55:59] : REQUEST MEAS. OFF
[10:55:59] : 측정요구 ON 2
[10:56:07] : 측정요구 2OFF
[10:56:07] : 21,20190130-105607,CF19012852631,CF 19012113331,OK,MAX,1,2,AUTO,0.10,7.00,1.30,OK,0.10,7.00,1.33,OK,
[10:56:12] : Cycle start ON
[10:56:12] : Cycle start OFF
[10:56:12] : 측정요구3 ON
[10:56:19] : 측정요구3 OFF
[10:56:19] : 측정요구4 ON
[10:56:27] : 측정요구4 OFF
[10:56:27] : 21,20190130-105627,CF19012852601,CF 19012110071,OK,MAX,2,2,AUTO,0.10,7.00,2.06,OK,0.10,7.00,1.55,OK,
[10:56:44] : Cycle start ON
[10:56:45] : Cycle start OFF
[10:56:45] : REQUEST MEAS. ON
[10:56:51] : REQUEST MEAS. OFF
[10:56:51] : 측정요구 ON 2
[10:56:59] : 측정요구 2OFF
[10:56:59] : 21,20190130-105659,CF19012852591,CF 19012113231,OK,MAX,1,2,AUTO,0.10,7.00,1.74,OK,0.10,7.00,1.99,OK,
[10:57:10] : Cycle start ON
[10:57:10] : Cycle start OFF
[10:57:10] : 측정요구3 ON
[10:57:17] : 측정요구3 OFF
[10:57:17] : 측정요구4 ON
[10:57:24] : 측정요구4 OFF
[10:57:24] : 21,20190130-105725,CF19012850721,CF 19012110281,OK,MAX,2,2,AUTO,0.10,7.00,1.69,OK,0.10,7.00,1.38,OK,
[10:57:40] : Cycle start ON
[10:57:40] : Cycle start OFF
[10:57:40] : REQUEST MEAS. ON
[10:57:47] : REQUEST MEAS. OFF
[10:57:47] : 측정요구 ON 2
[10:57:55] : 측정요구 2OFF
[10:57:55] : 21,20190130-105755,CF19012850711,CF 19012113281,OK,MAX,1,2,AUTO,0.10,7.00,2.18,OK,0.10,7.00,2.38,OK,
[10:58:03] : Cycle start ON
[10:58:03] : Cycle start OFF
[10:58:03] : 측정요구3 ON
[10:58:10] : 측정요구3 OFF
[10:58:10] : 측정요구4 ON
[10:58:17] : 측정요구4 OFF
[10:58:17] : 21,20190130-105818,CF19012852081,CF 19012113271,OK,MAX,2,2,AUTO,0.10,7.00,1.85,OK,0.10,7.00,1.74,OK,
[10:58:59] : Cycle start ON
[10:58:59] : Cycle start OFF
[10:58:59] : REQUEST MEAS. ON
[10:59:06] : REQUEST MEAS. OFF
[10:59:06] : 측정요구 ON 2
[10:59:13] : 측정요구 2OFF
[10:59:13] : 21,20190130-105914,CF19012852651,CF 19012113361,OK,MAX,1,2,AUTO,0.10,7.00,1.60,OK,0.10,7.00,1.69,OK,
[10:59:32] : Cycle start ON
[10:59:33] : Cycle start OFF
[10:59:33] : 측정요구3 ON
[10:59:39] : 측정요구3 OFF
[10:59:39] : 측정요구4 ON
[10:59:46] : 측정요구4 OFF
[10:59:46] : 21,20190130-105947,CF19012850781,CF 19012110551,OK,MAX,2,2,AUTO,0.10,7.00,1.24,OK,0.10,7.00,0.93,OK,
[10:59:55] : Cycle start ON
[10:59:55] : Cycle start OFF
[10:59:55] : REQUEST MEAS. ON
[11:00:02] : REQUEST MEAS. OFF
[11:00:02] : 측정요구 ON 2
[11:00:09] : 측정요구 2OFF
[11:00:09] : 21,20190130-110010,CF19012851131,CF 19012112001,OK,MAX,1,2,AUTO,0.10,7.00,2.13,OK,0.10,7.00,2.33,OK,
[11:00:31] : Cycle start ON
[11:00:31] : Cycle start OFF
[11:00:31] : 측정요구3 ON
[11:00:38] : 측정요구3 OFF
[11:00:38] : 측정요구4 ON
[11:00:45] : 측정요구4 OFF
[11:00:45] : 21,20190130-110045,CF19012850751,CF 19012110391,OK,MAX,2,2,AUTO,0.10,7.00,1.75,OK,0.10,7.00,1.49,OK,
[11:00:50] : Cycle start ON
[11:00:51] : Cycle start OFF
[11:00:51] : REQUEST MEAS. ON
[11:00:57] : REQUEST MEAS. OFF
[11:00:57] : 측정요구 ON 2
[11:01:05] : 측정요구 2OFF
[11:01:05] : 21,20190130-110106,CF19012850791,CF 19012110251,OK,MAX,1,2,AUTO,0.10,7.00,1.32,OK,0.10,7.00,1.18,OK,
[11:01:26] : Cycle start ON
[11:01:26] : Cycle start OFF
[11:01:26] : 측정요구3 ON
[11:01:33] : 측정요구3 OFF
[11:01:33] : 측정요구4 ON
[11:01:40] : 측정요구4 OFF
[11:01:40] : 21,20190130-110141,CF19012850761,CF 19012111951,OK,MAX,2,3,AUTO,0.10,7.00,3.99,OK,0.10,7.00,3.37,OK,
[11:01:45] : Cycle start ON
[11:01:45] : Cycle start OFF
[11:01:45] : REQUEST MEAS. ON
[11:01:52] : REQUEST MEAS. OFF
[11:01:52] : 측정요구 ON 2
[11:01:59] : 측정요구 2OFF
[11:01:59] : 21,20190130-110159,CF19012851841,CF 19012111031,OK,MAX,1,3,AUTO,0.10,7.00,3.41,OK,0.10,7.00,3.20,OK,
[11:02:21] : Cycle start ON
[11:02:22] : Cycle start OFF
[11:02:22] : 측정요구3 ON
[11:02:29] : 측정요구3 OFF
[11:02:29] : 측정요구4 ON
[11:02:36] : 측정요구4 OFF
[11:02:36] : 21,20190130-110236,CF19012851831,CF 19012110851,OK,MAX,2,1,AUTO,0.10,7.00,0.90,OK,0.10,7.00,0.44,OK,
[11:02:39] : Cycle start ON
[11:02:39] : Cycle start OFF
[11:02:39] : REQUEST MEAS. ON
[11:02:46] : REQUEST MEAS. OFF
[11:02:46] : 측정요구 ON 2
[11:02:53] : 측정요구 2OFF
[11:02:53] : 21,20190130-110254,CF19012851881,CF 19012110871,OK,MAX,1,2,AUTO,0.10,7.00,2.17,OK,0.10,7.00,2.56,OK,
[11:03:17] : Cycle start ON
[11:03:17] : Cycle start OFF
[11:03:17] : 측정요구3 ON
[11:03:24] : 측정요구3 OFF
[11:03:24] : 측정요구4 ON
[11:03:31] : 측정요구4 OFF
[11:03:31] : 21,20190130-110332,CF19012851861,CF 19012110891,OK,MAX,2,1,AUTO,0.10,7.00,0.79,OK,0.10,7.00,0.54,OK,
[11:03:31] : Cycle start ON
[11:03:33] : Cycle start OFF
[11:03:33] : REQUEST MEAS. ON
[11:03:39] : REQUEST MEAS. OFF
[11:03:40] : 측정요구 ON 2
[11:03:47] : 측정요구 2OFF
[11:03:47] : 21,20190130-110347,CF19012851821,CF 19012110901,OK,MAX,1,2,AUTO,0.10,7.00,2.40,OK,0.10,7.00,2.35,OK,
[11:04:12] : Cycle start ON
[11:04:12] : Cycle start OFF
[11:04:12] : 측정요구3 ON
[11:04:19] : 측정요구3 OFF
[11:04:19] : 측정요구4 ON
[11:04:27] : 측정요구4 OFF
[11:04:27] : 21,20190130-110428,CF19012852261,CF 19012112801,OK,MAX,2,2,AUTO,0.10,7.00,1.95,OK,0.10,7.00,1.41,OK,
[11:04:33] : Cycle start ON
[11:04:33] : Cycle start OFF
[11:04:33] : REQUEST MEAS. ON
[11:04:40] : REQUEST MEAS. OFF
[11:04:40] : 측정요구 ON 2
[11:04:47] : 측정요구 2OFF
[11:04:47] : 21,20190130-110448,CF19012852251,CF 19012111021,OK,MAX,1,2,AUTO,0.10,7.00,1.15,OK,0.10,7.00,1.15,OK,
[11:05:08] : Cycle start ON
[11:05:08] : Cycle start OFF
[11:05:08] : 측정요구3 ON
[11:05:15] : 측정요구3 OFF
[11:05:15] : 측정요구4 ON
[11:05:22] : 측정요구4 OFF
[11:05:22] : 21,20190130-110523,CF19012850641,CF 19012112041,OK,MAX,2,2,AUTO,0.10,7.00,1.37,OK,0.10,7.00,1.03,OK,
[11:05:27] : Cycle start ON
[11:05:27] : Cycle start OFF
[11:05:27] : REQUEST MEAS. ON
[11:05:34] : REQUEST MEAS. OFF
[11:05:34] : 측정요구 ON 2
[11:05:41] : 측정요구 2OFF
[11:05:41] : 21,20190130-110542,CF19012850961,CF 19012110081,OK,MAX,1,2,AUTO,0.10,7.00,0.96,OK,0.10,7.00,1.03,OK,
[11:06:03] : Cycle start ON
[11:06:04] : Cycle start OFF
[11:06:04] : 측정요구3 ON
[11:06:10] : 측정요구3 OFF
[11:06:10] : 측정요구4 ON
[11:06:18] : 측정요구4 OFF
[11:06:18] : 21,20190130-110618,CF19012850971,CF 19012110101,OK,MAX,2,2,AUTO,0.10,7.00,2.00,OK,0.10,7.00,2.04,OK,
[11:06:21] : Cycle start ON
[11:06:21] : Cycle start OFF
[11:06:21] : REQUEST MEAS. ON
[11:06:28] : REQUEST MEAS. OFF
[11:06:28] : 측정요구 ON 2
[11:06:35] : 측정요구 2OFF
[11:06:35] : 21,20190130-110636,CF19012851591,CF 19012110161,OK,MAX,1,2,AUTO,0.10,7.00,2.56,OK,0.10,7.00,2.70,OK,
[11:06:59] : Cycle start ON
[11:06:59] : Cycle start OFF
[11:06:59] : 측정요구3 ON
[11:07:06] : 측정요구3 OFF
[11:07:06] : 측정요구4 ON
[11:07:13] : 측정요구4 OFF
[11:07:13] : 21,20190130-110714,CF19012851531,CF 19012110141,OK,MAX,2,2,AUTO,0.10,7.00,1.62,OK,0.10,7.00,1.30,OK,
[11:07:16] : Cycle start ON
[11:07:17] : Cycle start OFF
[11:07:17] : REQUEST MEAS. ON
[11:07:23] : REQUEST MEAS. OFF
[11:07:23] : 측정요구 ON 2
[11:07:31] : 측정요구 2OFF
[11:07:31] : 21,20190130-110731,CF19012852221,CF 19012110151,OK,MAX,1,2,AUTO,0.10,7.00,1.82,OK,0.10,7.00,2.18,OK,
[11:08:14] : Cycle start ON
[11:08:14] : Cycle start OFF
[11:08:14] : REQUEST MEAS. ON
[11:08:21] : REQUEST MEAS. OFF
[11:08:21] : 측정요구 ON 2
[11:08:29] : 측정요구 2OFF
[11:08:29] : 21,20190130-110829,CF19012852241,CF 19012110041,OK,MAX,1,2,AUTO,0.10,7.00,1.03,OK,0.10,7.00,1.32,OK,
[11:08:48] : Cycle start ON
[11:08:49] : Cycle start OFF
[11:08:49] : 측정요구3 ON
[11:08:55] : 측정요구3 OFF
[11:08:56] : 측정요구4 ON
[11:09:03] : 측정요구4 OFF
[11:09:03] : 21,20190130-110904,CF19012851551,CF 19012110111,OK,MAX,2,3,AUTO,0.10,7.00,3.94,OK,0.10,7.00,3.51,OK,
[11:09:13] : Cycle start ON
[11:09:13] : Cycle start OFF
[11:09:13] : REQUEST MEAS. ON
[11:09:20] : REQUEST MEAS. OFF
[11:09:20] : 측정요구 ON 2
[11:09:27] : 측정요구 2OFF
[11:09:27] : 21,20190130-110928,CF19012851571,CF 19012111181,OK,MAX,1,2,AUTO,0.10,7.00,1.59,OK,0.10,7.00,1.55,OK,
[11:10:51] : Cycle start ON
[11:10:51] : Cycle start OFF
[11:10:51] : REQUEST MEAS. ON
[11:10:58] : REQUEST MEAS. OFF
[11:10:58] : 측정요구 ON 2
[11:11:05] : 측정요구 2OFF
[11:11:05] : 21,20190130-111106,CF19012852301,CF 19012111131,OK,MAX,1,2,AUTO,0.10,7.00,1.25,OK,0.10,7.00,1.19,OK,
[11:11:10] : Cycle start ON
[11:11:10] : Cycle start OFF
[11:11:10] : 측정요구3 ON
[11:11:17] : 측정요구3 OFF
[11:11:17] : 측정요구4 ON
[11:11:24] : 측정요구4 OFF
[11:11:24] : 21,20190130-111124,CF19012851671,CF 19012110941,OK,MAX,2,2,AUTO,0.10,7.00,2.19,OK,0.10,7.00,1.84,OK,
[11:12:11] : Cycle start ON
[11:12:11] : Cycle start OFF
[11:12:11] : REQUEST MEAS. ON
[11:12:18] : REQUEST MEAS. OFF
[11:12:18] : 측정요구 ON 2
[11:12:25] : 측정요구 2OFF
[11:12:25] : 21,20190130-111226,CF19012851661,CF 19012110961,OK,MAX,1,2,AUTO,0.10,7.00,1.54,OK,0.10,7.00,1.77,OK,
[11:12:35] : Cycle start ON
[11:12:36] : Cycle start OFF
[11:12:36] : 측정요구3 ON
[11:12:42] : 측정요구3 OFF
[11:12:42] : 측정요구4 ON
[11:12:50] : 측정요구4 OFF
[11:12:50] : 21,20190130-111250,CF19012851691,CF 19012110971,OK,MAX,2,2,AUTO,0.10,7.00,1.82,OK,0.10,7.00,1.35,OK,
[11:13:00] : Cycle start ON
[11:13:00] : REQUEST MEAS. ON
[11:13:00] : Cycle start OFF
[11:13:07] : REQUEST MEAS. OFF
[11:13:07] : 측정요구 ON 2
[11:13:14] : 측정요구 2OFF
[11:13:14] : 21,20190130-111315,CF19012851701,CF 19012110951,OK,MAX,1,2,AUTO,0.10,7.00,2.12,OK,0.10,7.00,2.07,OK,
[11:13:33] : Cycle start ON
[11:13:34] : Cycle start OFF
[11:13:34] : 측정요구3 ON
[11:13:41] : 측정요구3 OFF
[11:13:41] : 측정요구4 ON
[11:13:48] : 측정요구4 OFF
[11:13:48] : 21,20190130-111349,CF19012850651,CF 19012112061,OK,MAX,2,2,AUTO,0.10,7.00,2.18,OK,0.10,7.00,2.10,OK,
[11:13:54] : Cycle start ON
[11:13:55] : Cycle start OFF
[11:13:55] : REQUEST MEAS. ON
[11:14:01] : REQUEST MEAS. OFF
[11:14:01] : 측정요구 ON 2
[11:14:09] : 측정요구 2OFF
[11:14:09] : 21,20190130-111409,CF19012850671,CF 19012111191,OK,MAX,1,2,AUTO,0.10,7.00,1.43,OK,0.10,7.00,1.32,OK,
[11:14:28] : Cycle start ON
[11:14:28] : Cycle start OFF
[11:14:28] : 측정요구3 ON
[11:14:34] : 측정요구3 OFF
[11:14:35] : 측정요구4 ON
[11:14:42] : 측정요구4 OFF
[11:14:42] : 21,20190130-111443,CF19012850701,CF 19012112051,OK,MAX,2,2,AUTO,0.10,7.00,1.35,OK,0.10,7.00,0.83,OK,
[11:14:49] : Cycle start ON
[11:14:49] : Cycle start OFF
[11:14:49] : REQUEST MEAS. ON
[11:14:56] : REQUEST MEAS. OFF
[11:14:56] : 측정요구 ON 2
[11:15:03] : 측정요구 2OFF
[11:15:03] : 21,20190130-111504,CF19012851601,CF 19012110911,OK,MAX,1,1,AUTO,0.10,7.00,0.75,OK,0.10,7.00,0.73,OK,
[11:15:22] : Cycle start ON
[11:15:22] : Cycle start OFF
[11:15:22] : 측정요구3 ON
[11:15:29] : 측정요구3 OFF
[11:15:29] : 측정요구4 ON
[11:15:36] : 측정요구4 OFF
[11:15:36] : 21,20190130-111536,CF19012851621,CF 19012111001,OK,MAX,2,2,AUTO,0.10,7.00,1.52,OK,0.10,7.00,1.24,OK,
[11:15:41] : Cycle start ON
[11:15:42] : Cycle start OFF
[11:15:42] : REQUEST MEAS. ON
[11:15:49] : REQUEST MEAS. OFF
[11:15:49] : 측정요구 ON 2
[11:15:57] : 측정요구 2OFF
[11:15:57] : 21,20190130-111557,CF19012851971,CF 19012110411,OK,MAX,1,2,AUTO,0.10,7.00,2.15,OK,0.10,7.00,2.27,OK,
[11:16:15] : Cycle start ON
[11:16:15] : 측정요구3 ON
[11:16:16] : Cycle start OFF
[11:16:22] : 측정요구3 OFF
[11:16:22] : 측정요구4 ON
[11:16:30] : 측정요구4 OFF
[11:16:30] : 21,20190130-111630,CF19012852011,CF 19012111911,OK,MAX,2,1,AUTO,0.10,7.00,0.73,OK,0.10,7.00,0.64,OK,
[11:16:36] : Cycle start ON
[11:16:36] : Cycle start OFF
[11:16:36] : REQUEST MEAS. ON
[11:16:43] : REQUEST MEAS. OFF
[11:16:43] : 측정요구 ON 2
[11:16:51] : 측정요구 2OFF
[11:16:51] : 21,20190130-111651,CF19012850951,CF 19012112871,OK,MAX,1,2,AUTO,0.10,7.00,1.60,OK,0.10,7.00,1.60,OK,
[11:17:32] : Cycle start ON
[11:17:32] : Cycle start OFF
[11:17:32] : REQUEST MEAS. ON
[11:17:39] : REQUEST MEAS. OFF
[11:17:39] : 측정요구 ON 2
[11:17:47] : 측정요구 2OFF
[11:17:47] : 21,20190130-111747,CF19012850921,CF 19012112861,OK,MAX,1,2,AUTO,0.10,7.00,1.10,OK,0.10,7.00,0.98,OK,
[11:18:02] : Cycle start ON
[11:18:03] : Cycle start OFF
[11:18:03] : 측정요구3 ON
[11:18:09] : 측정요구3 OFF
[11:18:09] : 측정요구4 ON
[11:18:16] : 측정요구4 OFF
[11:18:16] : 21,20190130-111817,CF19012850991,CF 19012112021,OK,MAX,2,2,AUTO,0.10,7.00,2.10,OK,0.10,7.00,1.66,OK,
[11:18:26] : Cycle start ON
[11:18:27] : Cycle start OFF
[11:18:27] : REQUEST MEAS. ON
[11:18:33] : REQUEST MEAS. OFF
[11:18:33] : 측정요구 ON 2
[11:18:41] : 측정요구 2OFF
[11:18:41] : 21,20190130-111841,CF19012850981,CF 19012111921,OK,MAX,1,2,AUTO,0.10,7.00,2.71,OK,0.10,7.00,2.92,OK,
[11:19:00] : Cycle start ON
[11:19:00] : Cycle start OFF
[11:19:00] : 측정요구3 ON
[11:19:07] : 측정요구3 OFF
[11:19:07] : 측정요구4 ON
[11:19:15] : 측정요구4 OFF
[11:19:15] : 21,20190130-111915,CF19012851941,CF 19012111961,OK,MAX,2,2,AUTO,0.10,7.00,1.95,OK,0.10,7.00,1.83,OK,
[11:19:20] : Cycle start ON
[11:19:21] : Cycle start OFF
[11:19:21] : REQUEST MEAS. ON
[11:19:27] : REQUEST MEAS. OFF
[11:19:27] : 측정요구 ON 2
[11:19:35] : 측정요구 2OFF
[11:19:35] : 21,20190130-111936,CF19012851931,CF 19012111011,OK,MAX,1,2,AUTO,0.10,7.00,1.33,OK,0.10,7.00,1.53,OK,
[11:20:16] : Cycle start ON
[11:20:17] : Cycle start OFF
[11:20:17] : REQUEST MEAS. ON
[11:20:23] : REQUEST MEAS. OFF
[11:20:24] : 측정요구 ON 2
[11:20:31] : 측정요구 2OFF
[11:20:31] : 21,20190130-112031,CF19012852161,CF 19012111891,OK,MAX,1,2,AUTO,0.10,7.00,1.44,OK,0.10,7.00,1.89,OK,
[11:20:47] : Cycle start ON
[11:20:48] : Cycle start OFF
[11:20:48] : 측정요구3 ON
[11:20:54] : 측정요구3 OFF
[11:20:54] : 측정요구4 ON
[11:21:02] : 측정요구4 OFF
[11:21:02] : 21,20190130-112102,CF19012851101,CF 19012110681,OK,MAX,2,2,AUTO,0.10,7.00,1.54,OK,0.10,7.00,1.10,OK,
[11:21:10] : Cycle start ON
[11:21:11] : Cycle start OFF
[11:21:11] : REQUEST MEAS. ON
[11:21:17] : REQUEST MEAS. OFF
[11:21:17] : 측정요구 ON 2
[11:21:25] : 측정요구 2OFF
[11:21:25] : 21,20190130-112126,CF19012851061,CF 19012110771,OK,MAX,1,2,AUTO,0.10,7.00,1.46,OK,0.10,7.00,1.74,OK,
[11:21:46] : Cycle start ON
[11:21:47] : Cycle start OFF
[11:21:47] : 측정요구3 ON
[11:21:53] : 측정요구3 OFF
[11:21:53] : 측정요구4 ON
[11:22:01] : 측정요구4 OFF
[11:22:01] : 21,20190130-112201,CF19012851071,CF 19012110761,OK,MAX,2,2,AUTO,0.10,7.00,1.35,OK,0.10,7.00,1.23,OK,
[11:22:07] : Cycle start ON
[11:22:07] : Cycle start OFF
[11:22:07] : REQUEST MEAS. ON
[11:22:14] : REQUEST MEAS. OFF
[11:22:14] : 측정요구 ON 2
[11:22:21] : 측정요구 2OFF
[11:22:21] : 21,20190130-112222,CF19012851081,CF 19012110691,OK,MAX,1,2,AUTO,0.10,7.00,1.10,OK,0.10,7.00,1.30,OK,
[11:22:40] : Cycle start ON
[11:22:41] : Cycle start OFF
[11:22:41] : 측정요구3 ON
[11:22:47] : 측정요구3 OFF
[11:22:47] : 측정요구4 ON
[11:22:54] : 측정요구4 OFF
[11:22:54] : 21,20190130-112255,CF19012851091,CF 19012110601,OK,MAX,2,2,AUTO,0.10,7.00,1.87,OK,0.10,7.00,1.68,OK,
[11:23:00] : Cycle start ON
[11:23:00] : Cycle start OFF
[11:23:00] : REQUEST MEAS. ON
[11:23:07] : REQUEST MEAS. OFF
[11:23:07] : 측정요구 ON 2
[11:23:15] : 측정요구 2OFF
[11:23:15] : 21,20190130-112315,CF19012851011,CF 19012110631,OK,MAX,1,1,AUTO,0.10,7.00,0.64,OK,0.10,7.00,0.66,OK,
[11:23:34] : Cycle start ON
[11:23:34] : Cycle start OFF
[11:23:34] : 측정요구3 ON
[11:23:41] : 측정요구3 OFF
[11:23:41] : 측정요구4 ON
[11:23:48] : 측정요구4 OFF
[11:23:48] : 21,20190130-112349,CF19012851031,CF 19012110061,OK,MAX,2,2,AUTO,0.10,7.00,1.44,OK,0.10,7.00,1.19,OK,
[11:24:31] : Cycle start ON
[11:24:31] : Cycle start OFF
[11:24:31] : REQUEST MEAS. ON
[11:24:38] : REQUEST MEAS. OFF
[11:24:38] : 측정요구 ON 2
[11:24:45] : 측정요구 2OFF
[11:24:45] : 21,20190130-112445,CF19012851051,CF 19012110641,OK,MAX,1,2,AUTO,0.10,7.00,1.51,OK,0.10,7.00,1.68,OK,
[11:24:50] : Cycle start ON
[11:24:50] : Cycle start OFF
[11:24:50] : 측정요구3 ON
[11:24:57] : 측정요구3 OFF
[11:24:57] : 측정요구4 ON
[11:25:05] : 측정요구4 OFF
[11:25:05] : 21,20190130-112505,CF19012852491,CF 19012110591,OK,MAX,2,2,AUTO,0.10,7.00,1.14,OK,0.10,7.00,0.49,OK,
[11:25:22] : Cycle start ON
[11:25:22] : Cycle start OFF
[11:25:22] : REQUEST MEAS. ON
[11:25:29] : REQUEST MEAS. OFF
[11:25:29] : 측정요구 ON 2
[11:25:37] : 측정요구 2OFF
[11:25:37] : 21,20190130-112537,CF19012852171,CF 19012110701,OK,MAX,1,1,AUTO,0.10,7.00,0.72,OK,0.10,7.00,0.74,OK,
[11:25:48] : Cycle start ON
[11:25:48] : Cycle start OFF
[11:25:48] : 측정요구3 ON
[11:25:55] : 측정요구3 OFF
[11:25:55] : 측정요구4 ON
[11:26:03] : 측정요구4 OFF
[11:26:03] : 21,20190130-112603,CF19012852181,CF 19012110561,OK,MAX,2,2,AUTO,0.10,7.00,1.58,OK,0.10,7.00,1.54,OK,
[11:26:14] : Cycle start ON
[11:26:15] : Cycle start OFF
[11:26:15] : REQUEST MEAS. ON
[11:26:21] : REQUEST MEAS. OFF
[11:26:21] : 측정요구 ON 2
[11:26:29] : 측정요구 2OFF
[11:26:29] : 21,20190130-112630,CF19012852191,CF 19012110741,OK,MAX,1,2,AUTO,0.10,7.00,2.14,OK,0.10,7.00,2.46,OK,
[11:26:42] : Cycle start ON
[11:26:43] : Cycle start OFF
[11:26:43] : 측정요구3 ON
[11:26:49] : 측정요구3 OFF
[11:26:49] : 측정요구4 ON
[11:26:56] : 측정요구4 OFF
[11:26:56] : 21,20190130-112657,CF19012852211,CF 19012110501,OK,MAX,2,2,AUTO,0.10,7.00,1.30,OK,0.10,7.00,0.84,OK,
[11:27:09] : Cycle start ON
[11:27:09] : Cycle start OFF
[11:27:09] : REQUEST MEAS. ON
[11:27:16] : REQUEST MEAS. OFF
[11:27:16] : 측정요구 ON 2
[11:27:23] : 측정요구 2OFF
[11:27:23] : 21,20190130-112724,CF19012852571,CF 19012110721,OK,MAX,1,3,AUTO,0.10,7.00,4.15,OK,0.10,7.00,3.98,OK,
[11:27:35] : Cycle start ON
[11:27:35] : Cycle start OFF
[11:27:35] : 측정요구3 ON
[11:27:42] : 측정요구3 OFF
[11:27:42] : 측정요구4 ON
[11:27:49] : 측정요구4 OFF
[11:27:49] : 21,20190130-112750,CF19012851301,CF 19012111811,OK,MAX,2,2,AUTO,0.10,7.00,1.40,OK,0.10,7.00,1.12,OK,
[11:28:03] : Cycle start ON
[11:28:03] : Cycle start OFF
[11:28:03] : REQUEST MEAS. ON
[11:28:10] : REQUEST MEAS. OFF
[11:28:10] : 측정요구 ON 2
[11:28:17] : 측정요구 2OFF
[11:28:17] : 21,20190130-112818,CF19012852131,CF 19012111941,OK,MAX,1,2,AUTO,0.10,7.00,1.85,OK,0.10,7.00,1.86,OK,
[11:28:28] : Cycle start ON
[11:28:28] : Cycle start OFF
[11:28:28] : 측정요구3 ON
[11:28:35] : 측정요구3 OFF
[11:28:35] : 측정요구4 ON
[11:28:42] : 측정요구4 OFF
[11:28:42] : 21,20190130-112843,CF19012851291,CF 19012110451,OK,MAX,2,2,AUTO,0.10,7.00,2.98,OK,0.10,7.00,2.68,OK,
[11:29:24] : Cycle start ON
[11:29:25] : Cycle start OFF
[11:29:25] : REQUEST MEAS. ON
[11:29:31] : REQUEST MEAS. OFF
[11:29:32] : 측정요구 ON 2
[11:29:39] : 측정요구 2OFF
[11:29:39] : 21,20190130-112939,CF19012851771,CF 19012111741,OK,MAX,1,3,AUTO,0.10,7.00,3.25,OK,0.10,7.00,3.14,OK,
[11:29:51] : Cycle start ON
[11:29:51] : Cycle start OFF
[11:29:51] : 측정요구3 ON
[11:29:58] : 측정요구3 OFF
[11:29:58] : 측정요구4 ON
[11:30:05] : 측정요구4 OFF
[11:30:05] : 21,20190130-113006,CF19012851791,CF 19012112921,OK,MAX,2,2,AUTO,0.10,7.00,1.83,OK,0.10,7.00,1.62,OK,
[11:30:14] : Cycle start ON
[11:30:15] : Cycle start OFF
[11:30:15] : REQUEST MEAS. ON
[11:30:21] : REQUEST MEAS. OFF
[11:30:21] : 측정요구 ON 2
[11:30:29] : 측정요구 2OFF
[11:30:29] : 21,20190130-113029,CF19012851801,CF 19012112891,OK,MAX,1,2,AUTO,0.10,7.00,0.97,OK,0.10,7.00,1.15,OK,
[11:30:49] : Cycle start ON
[11:30:49] : Cycle start OFF
[11:30:49] : 측정요구3 ON
[11:30:56] : 측정요구3 OFF
[11:30:56] : 측정요구4 ON
[11:31:04] : 측정요구4 OFF
[11:31:04] : 21,20190130-113105,CF19012851711,CF 19012110031,OK,MAX,2,3,AUTO,0.10,7.00,3.16,OK,0.10,7.00,2.77,OK,
[11:31:10] : Cycle start ON
[11:31:11] : Cycle start OFF
[11:31:11] : REQUEST MEAS. ON
[11:31:18] : REQUEST MEAS. OFF
[11:31:18] : 측정요구 ON 2
[11:31:25] : 측정요구 2OFF
[11:31:25] : 21,20190130-113125,CF19012851721,CF 19012112821,OK,MAX,1,2,AUTO,0.10,7.00,1.77,OK,0.10,7.00,1.97,OK,
[11:31:43] : Cycle start ON
[11:31:44] : Cycle start OFF
[11:31:44] : 측정요구3 ON
[11:31:50] : 측정요구3 OFF
[11:31:50] : 측정요구4 ON
[11:31:58] : 측정요구4 OFF
[11:31:58] : 21,20190130-113159,CF19012851191,CF 19012111971,OK,MAX,2,3,AUTO,0.10,7.00,3.20,OK,0.10,7.00,2.92,OK,
[11:32:03] : Cycle start ON
[11:32:03] : Cycle start OFF
[11:32:03] : REQUEST MEAS. ON
[11:32:10] : REQUEST MEAS. OFF
[11:32:10] : 측정요구 ON 2
[11:32:17] : 측정요구 2OFF
[11:32:17] : 21,20190130-113218,CF19012851151,CF 19012111851,OK,MAX,1,1,AUTO,0.10,7.00,0.36,OK,0.10,7.00,0.39,OK,
[11:32:37] : Cycle start ON
[11:32:38] : Cycle start OFF
[11:32:38] : 측정요구3 ON
[11:32:44] : 측정요구3 OFF
[11:32:44] : 측정요구4 ON
[11:32:52] : 측정요구4 OFF
[11:32:52] : 21,20190130-113252,CF19012851161,CF 19012111691,OK,MAX,2,2,AUTO,0.10,7.00,1.14,OK,0.10,7.00,0.97,OK,
[11:32:56] : Cycle start ON
[11:32:57] : Cycle start OFF
[11:32:57] : REQUEST MEAS. ON
[11:33:03] : REQUEST MEAS. OFF
[11:33:03] : 측정요구 ON 2
[11:33:11] : 측정요구 2OFF
[11:33:11] : 21,20190130-113311,CF19012851111,CF 19012110791,OK,MAX,1,1,AUTO,0.10,7.00,0.64,OK,0.10,7.00,0.80,OK,
[11:33:31] : Cycle start ON
[11:33:31] : Cycle start OFF
[11:33:31] : 측정요구3 ON
[11:33:38] : 측정요구3 OFF
[11:33:38] : 측정요구4 ON
[11:33:46] : 측정요구4 OFF
[11:33:46] : 21,20190130-113346,CF19012851121,CF 19012111731,OK,MAX,2,2,AUTO,0.10,7.00,1.70,OK,0.10,7.00,1.31,OK,
[11:33:50] : Cycle start ON
[11:33:51] : Cycle start OFF
[11:33:51] : REQUEST MEAS. ON
[11:33:57] : REQUEST MEAS. OFF
[11:33:57] : 측정요구 ON 2
[11:34:05] : 측정요구 2OFF
[11:34:05] : 21,20190130-113405,CF19012852051,CF 19012113241,OK,MAX,1,2,AUTO,0.10,7.00,1.87,OK,0.10,7.00,2.02,OK,
[11:34:26] : Cycle start ON
[11:34:26] : Cycle start OFF
[11:34:26] : 측정요구3 ON
[11:34:33] : 측정요구3 OFF
[11:34:33] : 측정요구4 ON
[11:34:40] : 측정요구4 OFF
[11:34:40] : 21,20190130-113440,CF19012852061,CF 19012113291,OK,MAX,2,2,AUTO,0.10,7.00,2.45,OK,0.10,7.00,2.06,OK,
[11:34:46] : Cycle start ON
[11:34:46] : Cycle start OFF
[11:34:46] : REQUEST MEAS. ON
[11:34:53] : REQUEST MEAS. OFF
[11:34:53] : 측정요구 ON 2
[11:35:01] : 측정요구 2OFF
[11:35:01] : 21,20190130-113501,CF19012850861,CF 19012110781,OK,MAX,1,2,AUTO,0.10,7.00,1.35,OK,0.10,7.00,1.59,OK,
[11:35:19] : Cycle start ON
[11:35:19] : Cycle start OFF
[11:35:19] : 측정요구3 ON
[11:35:26] : 측정요구3 OFF
[11:35:26] : 측정요구4 ON
[11:35:34] : 측정요구4 OFF
[11:35:34] : 21,20190130-113534,CF19012850871,CF 19012111771,OK,MAX,2,1,AUTO,0.10,7.00,0.86,OK,0.10,7.00,0.33,OK,
[11:35:38] : Cycle start ON
[11:35:39] : Cycle start OFF
[11:35:39] : REQUEST MEAS. ON
[11:35:45] : REQUEST MEAS. OFF
[11:35:45] : 측정요구 ON 2
[11:35:53] : 측정요구 2OFF
[11:35:53] : 21,20190130-113554,CF19012850881,CF 19012111791,OK,MAX,1,2,AUTO,0.10,7.00,1.91,OK,0.10,7.00,1.90,OK,
[11:36:14] : Cycle start ON
[11:36:14] : Cycle start OFF
[11:36:14] : 측정요구3 ON
[11:36:20] : 측정요구3 OFF
[11:36:21] : 측정요구4 ON
[11:36:28] : 측정요구4 OFF
[11:36:28] : 21,20190130-113628,CF19012850891,CF 19012111781,OK,MAX,2,2,AUTO,0.10,7.00,2.04,OK,0.10,7.00,1.39,OK,
[11:36:34] : Cycle start ON
[11:36:35] : Cycle start OFF
[11:36:35] : REQUEST MEAS. ON
[11:36:41] : REQUEST MEAS. OFF
[11:36:41] : 측정요구 ON 2
[11:36:49] : 측정요구 2OFF
[11:36:49] : 21,20190130-113649,CF19012850901,CF 19012111831,OK,MAX,1,2,AUTO,0.10,7.00,1.38,OK,0.10,7.00,1.39,OK,
[11:37:28] : Cycle start ON
[11:37:28] : Cycle start OFF
[11:37:28] : REQUEST MEAS. ON
[11:37:35] : REQUEST MEAS. OFF
[11:37:35] : 측정요구 ON 2
[11:37:43] : 측정요구 2OFF
[11:37:43] : 21,20190130-113744,CF19012850821,CF 19012111821,OK,MAX,1,2,AUTO,0.10,7.00,1.44,OK,0.10,7.00,1.51,OK,
[11:38:06] : Cycle start ON
[11:38:07] : Cycle start OFF
[11:38:07] : 측정요구3 ON
[11:38:13] : 측정요구3 OFF
[11:38:14] : 측정요구4 ON
[11:38:21] : 측정요구4 OFF
[11:38:21] : 21,20190130-113821,CF19012850831,CF 19012111841,OK,MAX,2,2,AUTO,0.10,7.00,2.10,OK,0.10,7.00,1.51,OK,
[11:41:53] : AUTO RUNNING OFF
 
 
