[09:31:17] : Plc Error Timer
 
[13:11:15] : MEAS ESC ON
[13:21:47] : MEAS ESC OFF
[13:21:47] : AUTO RUNNING ON
[13:23:27] : Cycle start ON
[13:23:27] : Cycle start OFF
[13:23:27] : REQUEST MEAS. ON
[13:23:34] : REQUEST MEAS. OFF
[13:23:34] : 측정요구 ON 2
[13:23:41] : 측정요구 2OFF
[13:23:41] : 21,20190129-132342,CF18100851341,,OK,MAX,1,3,AUTO,0.60,7.00,4.03,OK,0.60,7.00,3.70,OK,
[13:24:05] : Cycle start ON
[13:24:05] : Cycle start OFF
[13:24:05] : 측정요구3 ON
[13:24:12] : 측정요구3 OFF
[13:24:12] : 측정요구4 ON
[13:24:19] : 측정요구4 OFF
[13:24:19] : 21,20190129-132420,CF18112053591,,OK,MAX,2,2,AUTO,0.60,7.00,2.32,OK,0.60,7.00,1.49,OK,
[13:25:47] : Cycle start ON
[13:25:47] : Cycle start OFF
[13:25:47] : REQUEST MEAS. ON
[13:25:48] : Cycle start ON
[13:25:48] : Cycle start OFF
[13:25:54] : REQUEST MEAS. OFF
[13:25:54] : 측정요구 ON 2
[13:26:01] : 측정요구 2OFF
[13:26:01] : 21,20190129-132601,CF18112053751,,OK,MAX,1,3,AUTO,0.60,7.00,4.03,OK,0.60,7.00,4.61,OK,
[13:26:01] : 측정요구3 ON
[13:26:09] : 측정요구3 OFF
[13:26:09] : 측정요구4 ON
[13:26:16] : 측정요구4 OFF
[13:26:16] : 21,20190129-132616,CF18112053411,,OK,MAX,2,3,AUTO,0.60,7.00,3.71,OK,0.60,7.00,4.09,OK,
[13:26:29] : AUTO RUNNING OFF
[13:28:45] : MEAS ESC ON
[13:28:45] : MEAS ESC OFF
[13:28:45] : AUTO RUNNING ON
[13:28:52] : MEAS ESC ON
[13:28:52] : AUTO RUNNING OFF
[13:29:25] : MEAS ESC OFF
[13:32:39] : MEAS ESC ON
[13:32:40] : MEAS ESC OFF
[13:32:40] : AUTO RUNNING ON
[13:34:08] : AUTO RUNNING OFF
[13:34:18] : MEAS ESC ON
[13:34:20] : MEAS ESC OFF
[13:34:20] : AUTO RUNNING ON
[13:34:32] : Cycle start ON
[13:34:32] : Cycle start OFF
[13:34:32] : REQUEST MEAS. ON
[13:34:39] : REQUEST MEAS. OFF
[13:34:39] : 측정요구 ON 2
[13:34:46] : 측정요구 2OFF
[13:34:46] : 21,20190129-133447,CF18112053841,,OK,MAX,1,3,AUTO,0.60,7.00,3.53,OK,0.60,7.00,3.11,OK,
[13:35:32] : Cycle start ON
[13:35:33] : Cycle start OFF
[13:35:33] : 측정요구3 ON
[13:35:39] : 측정요구3 OFF
[13:35:39] : 측정요구4 ON
[13:35:47] : 측정요구4 OFF
[13:35:47] : 21,20190129-133547,CF18112052931,,OK,MAX,2,2,AUTO,0.60,7.00,1.13,OK,0.60,7.00,2.69,OK,
[13:35:49] : Cycle start ON
[13:35:50] : Cycle start OFF
[13:35:50] : REQUEST MEAS. ON
[13:35:56] : REQUEST MEAS. OFF
[13:35:56] : 측정요구 ON 2
[13:36:04] : 측정요구 2OFF
[13:36:04] : 21,20190129-133604,CF18112052131,,OK,MAX,1,3,AUTO,0.60,7.00,3.12,OK,0.60,7.00,2.61,OK,
[13:36:30] : Cycle start ON
[13:36:30] : Cycle start OFF
[13:36:30] : 측정요구3 ON
[13:36:37] : 측정요구3 OFF
[13:36:37] : 측정요구4 ON
[13:36:44] : 측정요구4 OFF
[13:36:44] : 21,20190129-133645,CF18112053451,,OK,MAX,2,3,AUTO,0.60,7.00,3.32,OK,0.60,7.00,3.39,OK,
[13:36:46] : Cycle start ON
[13:36:47] : Cycle start OFF
[13:36:47] : REQUEST MEAS. ON
[13:36:53] : REQUEST MEAS. OFF
[13:36:53] : 측정요구 ON 2
[13:37:01] : 측정요구 2OFF
[13:37:01] : 21,20190129-133701,CF18112053911,,OK,MAX,1,2,AUTO,0.60,7.00,2.12,OK,0.60,7.00,2.21,OK,
[13:37:45] : Cycle start ON
[13:37:46] : Cycle start OFF
[13:37:46] : REQUEST MEAS. ON
[13:37:52] : REQUEST MEAS. OFF
[13:37:52] : 측정요구 ON 2
[13:38:00] : 측정요구 2OFF
[13:38:00] : 21,20190129-133801,CF19012810071,,OK,MAX,1,3,AUTO,0.60,7.00,4.03,OK,0.60,7.00,4.42,OK,
[13:38:43] : Cycle start ON
[13:38:44] : Cycle start OFF
[13:38:44] : REQUEST MEAS. ON
[13:38:51] : REQUEST MEAS. OFF
[13:38:51] : 측정요구 ON 2
[13:38:58] : 측정요구 2OFF
[13:38:58] : 21,20190129-133858,CF18112053141,,OK,MAX,1,2,AUTO,0.60,7.00,2.23,OK,0.60,7.00,2.91,OK,
[13:39:10] : Cycle start ON
[13:39:10] : Cycle start OFF
[13:39:10] : 측정요구3 ON
[13:39:17] : 측정요구3 OFF
[13:39:17] : 측정요구4 ON
[13:39:25] : 측정요구4 OFF
[13:39:25] : 21,20190129-133925,CF18112052041,,OK,MAX,2,2,AUTO,0.60,7.00,2.33,OK,0.60,7.00,2.17,OK,
[13:39:39] : Cycle start ON
[13:39:39] : Cycle start OFF
[13:39:39] : REQUEST MEAS. ON
[13:39:46] : REQUEST MEAS. OFF
[13:39:46] : 측정요구 ON 2
[13:39:53] : 측정요구 2OFF
[13:39:53] : 21,20190129-133954,CF18112053611,,OK,MAX,1,2,AUTO,0.60,7.00,1.31,OK,0.60,7.00,2.11,OK,
[13:40:04] : Cycle start ON
[13:40:04] : Cycle start OFF
[13:40:04] : 측정요구3 ON
[13:40:11] : 측정요구3 OFF
[13:40:11] : 측정요구4 ON
[13:40:18] : 측정요구4 OFF
[13:40:18] : 21,20190129-134018,CF18112053471,,OK,MAX,2,3,AUTO,0.60,7.00,4.21,OK,0.60,7.00,5.19,OK,
[13:40:35] : Cycle start ON
[13:40:35] : REQUEST MEAS. ON
[13:40:36] : Cycle start OFF
[13:40:42] : REQUEST MEAS. OFF
[13:40:42] : 측정요구 ON 2
[13:40:49] : 측정요구 2OFF
[13:40:49] : 21,20190129-134050,CF18112052481,,OK,MAX,1,3,AUTO,0.60,7.00,2.83,OK,0.60,7.00,3.21,OK,
[13:40:58] : Cycle start ON
[13:40:58] : Cycle start OFF
[13:40:58] : 측정요구3 ON
[13:41:05] : 측정요구3 OFF
[13:41:05] : 측정요구4 ON
[13:41:12] : 측정요구4 OFF
[13:41:12] : 21,20190129-134112,CF18112053181,,OK,MAX,2,2,AUTO,0.60,7.00,2.72,OK,0.60,7.00,2.69,OK,
[13:41:58] : Cycle start ON
[13:41:58] : Cycle start OFF
[13:41:58] : REQUEST MEAS. ON
[13:42:05] : REQUEST MEAS. OFF
[13:42:05] : 측정요구 ON 2
[13:42:12] : 측정요구 2OFF
[13:42:12] : 21,20190129-134212,CF18112053831,,OK,MAX,1,2,AUTO,0.60,7.00,2.93,OK,0.60,7.00,2.40,OK,
[13:42:31] : Cycle start ON
[13:42:32] : Cycle start OFF
[13:42:32] : 측정요구3 ON
[13:42:38] : 측정요구3 OFF
[13:42:38] : 측정요구4 ON
[13:42:45] : 측정요구4 OFF
[13:42:45] : 21,20190129-134246,CF19012810031,,OK,MAX,2,3,AUTO,0.60,7.00,3.62,OK,0.60,7.00,2.78,OK,
[13:42:55] : Cycle start ON
[13:42:55] : REQUEST MEAS. ON
[13:42:56] : Cycle start OFF
[13:43:02] : REQUEST MEAS. OFF
[13:43:02] : 측정요구 ON 2
[13:43:10] : 측정요구 2OFF
[13:43:10] : 21,20190129-134310,CF18112052101,,OK,MAX,1,3,AUTO,0.60,7.00,4.13,OK,0.60,7.00,2.81,OK,
[13:43:28] : Cycle start ON
[13:43:28] : Cycle start OFF
[13:43:28] : 측정요구3 ON
[13:43:35] : 측정요구3 OFF
[13:43:35] : 측정요구4 ON
[13:43:42] : 측정요구4 OFF
[13:43:42] : 21,20190129-134343,CF18112051631,,OK,MAX,2,2,AUTO,0.60,7.00,2.04,OK,0.60,7.00,1.97,OK,
[13:44:44] : Cycle start ON
[13:44:44] : Cycle start OFF
[13:44:44] : REQUEST MEAS. ON
[13:44:51] : REQUEST MEAS. OFF
[13:44:51] : 측정요구 ON 2
[13:44:58] : 측정요구 2OFF
[13:44:58] : 21,20190129-134459,CF18112052401,,OK,MAX,1,3,AUTO,0.60,7.00,3.03,OK,0.60,7.00,2.71,OK,
[13:45:07] : Cycle start ON
[13:45:07] : Cycle start OFF
[13:45:07] : 측정요구3 ON
[13:45:14] : 측정요구3 OFF
[13:45:14] : 측정요구4 ON
[13:45:21] : 측정요구4 OFF
[13:45:21] : 21,20190129-134522,CF18112052531,,OK,MAX,2,2,AUTO,0.60,7.00,2.92,OK,0.60,7.00,2.08,OK,
[13:45:46] : Cycle start ON
[13:45:46] : Cycle start OFF
[13:45:46] : REQUEST MEAS. ON
[13:45:53] : REQUEST MEAS. OFF
[13:45:53] : 측정요구 ON 2
[13:46:00] : 측정요구 2OFF
[13:46:00] : 21,20190129-134601,CF18112051611,,OK,MAX,1,2,AUTO,0.60,7.00,2.23,OK,0.60,7.00,1.50,OK,
[13:46:07] : Cycle start ON
[13:46:08] : Cycle start OFF
[13:46:08] : 측정요구3 ON
[13:46:14] : 측정요구3 OFF
[13:46:14] : 측정요구4 ON
[13:46:21] : 측정요구4 OFF
[13:46:21] : 21,20190129-134622,CF18112052801,,OK,MAX,2,2,AUTO,0.60,7.00,2.72,OK,0.60,7.00,2.08,OK,
[13:46:38] : Cycle start ON
[13:46:39] : Cycle start OFF
[13:46:39] : REQUEST MEAS. ON
[13:46:45] : REQUEST MEAS. OFF
[13:46:46] : 측정요구 ON 2
[13:46:53] : 측정요구 2OFF
[13:46:53] : 21,20190129-134653,CF18112053491,,OK,MAX,1,3,AUTO,0.60,7.00,3.93,OK,0.60,7.00,5.21,OK,
[13:47:02] : Cycle start ON
[13:47:03] : Cycle start OFF
[13:47:03] : 측정요구3 ON
[13:47:09] : 측정요구3 OFF
[13:47:09] : 측정요구4 ON
[13:47:17] : 측정요구4 OFF
[13:47:17] : 21,20190129-134718,CF18112053041,,OK,MAX,2,2,AUTO,0.60,7.00,2.33,OK,0.60,7.00,2.48,OK,
[13:47:31] : Cycle start ON
[13:47:31] : Cycle start OFF
[13:47:31] : REQUEST MEAS. ON
[13:47:38] : REQUEST MEAS. OFF
[13:47:38] : 측정요구 ON 2
[13:47:45] : 측정요구 2OFF
[13:47:45] : 21,20190129-134746,CF18112053991,,OK,MAX,1,3,AUTO,0.60,7.00,3.12,OK,0.60,7.00,2.91,OK,
[13:48:02] : Cycle start ON
[13:48:03] : Cycle start OFF
[13:48:03] : 측정요구3 ON
[13:48:09] : 측정요구3 OFF
[13:48:09] : 측정요구4 ON
[13:48:16] : 측정요구4 OFF
[13:48:16] : 21,20190129-134817,CF18112053981,,OK,MAX,2,2,AUTO,0.60,7.00,2.03,OK,0.60,7.00,1.27,OK,
[13:48:26] : Cycle start ON
[13:48:27] : Cycle start OFF
[13:48:27] : REQUEST MEAS. ON
[13:48:33] : REQUEST MEAS. OFF
[13:48:34] : 측정요구 ON 2
[13:48:41] : 측정요구 2OFF
[13:48:41] : 21,20190129-134841,CF18112053061,,OK,MAX,1,2,AUTO,0.60,7.00,2.43,OK,0.60,7.00,1.50,OK,
[13:48:55] : Cycle start ON
[13:48:55] : 측정요구3 ON
[13:48:55] : Cycle start OFF
[13:49:02] : 측정요구3 OFF
[13:49:02] : 측정요구4 ON
[13:49:09] : 측정요구4 OFF
[13:49:09] : 21,20190129-134910,CF18112053271,,OK,MAX,2,2,AUTO,0.60,7.00,2.43,OK,0.60,7.00,1.26,OK,
[13:49:22] : Cycle start ON
[13:49:22] : Cycle start OFF
[13:49:22] : REQUEST MEAS. ON
[13:49:29] : REQUEST MEAS. OFF
[13:49:29] : 측정요구 ON 2
[13:49:36] : 측정요구 2OFF
[13:49:36] : 21,20190129-134937,CF18112052741,,OK,MAX,1,3,AUTO,0.60,7.00,3.63,OK,0.60,7.00,5.62,OK,
[13:49:51] : Cycle start ON
[13:49:51] : Cycle start OFF
[13:49:51] : 측정요구3 ON
[13:49:58] : 측정요구3 OFF
[13:49:58] : 측정요구4 ON
[13:50:05] : 측정요구4 OFF
[13:50:05] : 21,20190129-135006,CF18112053581,,OK,MAX,2,2,AUTO,0.60,7.00,2.62,OK,0.60,7.00,2.08,OK,
[13:50:21] : Cycle start ON
[13:50:22] : Cycle start OFF
[13:50:22] : REQUEST MEAS. ON
[13:50:28] : REQUEST MEAS. OFF
[13:50:28] : 측정요구 ON 2
[13:50:36] : 측정요구 2OFF
[13:50:36] : 21,20190129-135036,CF18112053401,,OK,MAX,1,3,AUTO,0.60,7.00,3.42,OK,0.60,7.00,3.80,OK,
[13:50:44] : Cycle start ON
[13:50:44] : Cycle start OFF
[13:50:44] : 측정요구3 ON
[13:50:51] : 측정요구3 OFF
[13:50:51] : 측정요구4 ON
[13:50:58] : 측정요구4 OFF
[13:50:58] : 21,20190129-135059,CF18112053921,,OK,MAX,2,3,AUTO,0.60,7.00,2.72,OK,0.60,7.00,3.08,OK,
[13:51:17] : Cycle start ON
[13:51:18] : Cycle start OFF
[13:51:18] : REQUEST MEAS. ON
[13:51:24] : REQUEST MEAS. OFF
[13:51:24] : 측정요구 ON 2
[13:51:32] : 측정요구 2OFF
[13:51:32] : 21,20190129-135132,CF18112052221,,OK,MAX,1,2,AUTO,0.60,7.00,2.12,OK,0.60,7.00,2.00,OK,
[13:51:35] : Cycle start ON
[13:51:35] : Cycle start OFF
[13:51:35] : 측정요구3 ON
[13:51:41] : 측정요구3 OFF
[13:51:42] : 측정요구4 ON
[13:51:50] : 측정요구4 OFF
[13:51:50] : 21,20190129-135150,CF18112053211,,OK,MAX,2,3,AUTO,0.60,7.00,3.71,OK,0.60,7.00,3.67,OK,
[13:52:35] : Cycle start ON
[13:52:35] : Cycle start OFF
[13:52:35] : REQUEST MEAS. ON
[13:52:42] : REQUEST MEAS. OFF
[13:52:42] : 측정요구 ON 2
[13:52:49] : 측정요구 2OFF
[13:52:49] : 21,20190129-135250,CF18112053621,,OK,MAX,1,2,AUTO,0.60,7.00,2.62,OK,0.60,7.00,2.21,OK,
[13:52:56] : Cycle start ON
[13:52:56] : Cycle start OFF
[13:52:56] : 측정요구3 ON
[13:53:03] : 측정요구3 OFF
[13:53:03] : 측정요구4 ON
[13:53:10] : 측정요구4 OFF
[13:53:10] : 21,20190129-135311,CF18112052921,,OK,MAX,2,3,AUTO,0.60,7.00,3.71,OK,0.60,7.00,3.78,OK,
[13:53:37] : Cycle start ON
[13:53:37] : Cycle start OFF
[13:53:37] : REQUEST MEAS. ON
[13:53:44] : REQUEST MEAS. OFF
[13:53:44] : 측정요구 ON 2
[13:53:51] : 측정요구 2OFF
[13:53:51] : 21,20190129-135351,CF18112053561,,OK,MAX,1,3,AUTO,0.60,7.00,4.53,OK,0.60,7.00,4.00,OK,
[13:53:57] : Cycle start ON
[13:53:57] : Cycle start OFF
[13:53:57] : 측정요구3 ON
[13:54:04] : 측정요구3 OFF
[13:54:04] : 측정요구4 ON
[13:54:12] : 측정요구4 OFF
[13:54:12] : 21,20190129-135412,CF18112051251,,OK,MAX,2,3,AUTO,0.60,7.00,3.42,OK,0.60,7.00,2.59,OK,
[13:54:29] : Cycle start ON
[13:54:29] : Cycle start OFF
[13:54:29] : REQUEST MEAS. ON
[13:54:35] : REQUEST MEAS. OFF
[13:54:36] : 측정요구 ON 2
[13:54:43] : 측정요구 2OFF
[13:54:43] : 21,20190129-135444,CF18112052871,,OK,MAX,1,2,AUTO,0.60,7.00,1.92,OK,0.60,7.00,0.89,OK,
[13:54:56] : Cycle start ON
[13:54:56] : Cycle start OFF
[13:54:56] : 측정요구3 ON
[13:55:03] : 측정요구3 OFF
[13:55:03] : 측정요구4 ON
[13:55:10] : 측정요구4 OFF
[13:55:10] : 21,20190129-135511,CF18112052651,,OK,MAX,2,3,AUTO,0.60,7.00,2.33,OK,0.60,7.00,3.09,OK,
[13:55:27] : Cycle start ON
[13:55:27] : Cycle start OFF
[13:55:27] : REQUEST MEAS. ON
[13:55:34] : REQUEST MEAS. OFF
[13:55:34] : 측정요구 ON 2
[13:55:41] : 측정요구 2OFF
[13:55:41] : 21,20190129-135541,CF18120273151,,OK,MAX,1,2,AUTO,0.60,7.00,1.40,OK,0.60,7.00,2.10,OK,
[13:55:48] : Cycle start ON
[13:55:49] : Cycle start OFF
[13:55:49] : 측정요구3 ON
[13:55:55] : 측정요구3 OFF
[13:55:55] : 측정요구4 ON
[13:56:03] : 측정요구4 OFF
[13:56:03] : 21,20190129-135603,CF18112053901,,OK,MAX,2,3,AUTO,0.60,7.00,3.82,OK,0.60,7.00,2.69,OK,
[13:56:43] : Cycle start ON
[13:56:44] : Cycle start OFF
[13:56:44] : 측정요구3 ON
[13:56:50] : 측정요구3 OFF
[13:56:50] : 측정요구4 ON
[13:56:57] : 측정요구4 OFF
[13:56:57] : 21,20190129-135658,CF18112052271,,OK,MAX,2,2,AUTO,0.60,7.00,1.44,OK,0.60,7.00,0.77,OK,
[13:57:27] : Cycle start ON
[13:57:27] : Cycle start OFF
[13:57:27] : 측정요구3 ON
[13:57:34] : 측정요구3 OFF
[13:57:34] : 측정요구4 ON
[13:57:41] : 측정요구4 OFF
[13:57:41] : 21,20190129-135741,CF18112053861,,OK,MAX,2,2,AUTO,0.60,7.00,2.53,OK,0.60,7.00,2.59,OK,
[13:57:55] : Cycle start ON
[13:57:55] : Cycle start OFF
[13:57:55] : REQUEST MEAS. ON
[13:58:02] : REQUEST MEAS. OFF
[13:58:02] : 측정요구 ON 2
[13:58:08] : Cycle start ON
[13:58:09] : Cycle start OFF
[13:58:10] : 측정요구 2OFF
[13:58:10] : 21,20190129-135810,CF18112052141,,OK,MAX,1,2,AUTO,0.60,7.00,2.42,OK,0.60,7.00,2.60,OK,
[13:58:10] : 측정요구3 ON
[13:58:17] : 측정요구3 OFF
[13:58:17] : 측정요구4 ON
[13:58:25] : 측정요구4 OFF
[13:58:25] : 21,20190129-135825,CF18112051721,,OK,MAX,2,3,AUTO,0.60,7.00,4.93,OK,0.60,7.00,5.29,OK,
[13:58:36] : Cycle start ON
[13:58:36] : Cycle start OFF
[13:58:36] : REQUEST MEAS. ON
[13:58:43] : REQUEST MEAS. OFF
[13:58:43] : 측정요구 ON 2
[13:58:50] : 측정요구 2OFF
[13:58:50] : 21,20190129-135850,CF18112052331,,OK,MAX,1,2,AUTO,0.60,7.00,2.22,OK,0.60,7.00,1.50,OK,
[13:58:53] : Cycle start ON
[13:58:54] : 측정요구3 ON
[13:58:54] : Cycle start OFF
[13:59:00] : 측정요구3 OFF
[13:59:00] : 측정요구4 ON
[13:59:07] : 측정요구4 OFF
[13:59:07] : 21,20190129-135908,CF18112053081,,OK,MAX,2,2,AUTO,0.60,7.00,2.33,OK,0.60,7.00,2.88,OK,
[13:59:17] : Cycle start ON
[13:59:18] : Cycle start OFF
[13:59:18] : REQUEST MEAS. ON
[13:59:24] : REQUEST MEAS. OFF
[13:59:24] : 측정요구 ON 2
[13:59:32] : 측정요구 2OFF
[13:59:32] : 21,20190129-135932,CF18112053961,,OK,MAX,1,3,AUTO,0.60,7.00,2.60,OK,0.60,7.00,3.31,OK,
[13:59:46] : Cycle start ON
[13:59:46] : Cycle start OFF
[13:59:46] : 측정요구3 ON
[13:59:53] : 측정요구3 OFF
[13:59:53] : 측정요구4 ON
[14:00:00] : 측정요구4 OFF
[14:00:00] : 21,20190129-140001,CF18112052541,,OK,MAX,2,2,AUTO,0.60,7.00,1.83,OK,0.60,7.00,1.57,OK,
[14:00:12] : Cycle start ON
[14:00:13] : Cycle start OFF
[14:00:13] : REQUEST MEAS. ON
[14:00:19] : REQUEST MEAS. OFF
[14:00:20] : 측정요구 ON 2
[14:00:27] : 측정요구 2OFF
[14:00:27] : 21,20190129-140028,CF18112052761,,OK,MAX,1,3,AUTO,0.60,7.00,2.62,OK,0.60,7.00,3.91,OK,
[14:00:39] : Cycle start ON
[14:00:40] : Cycle start OFF
[14:00:40] : 측정요구3 ON
[14:00:46] : 측정요구3 OFF
[14:00:46] : 측정요구4 ON
[14:00:53] : 측정요구4 OFF
[14:00:53] : 21,20190129-140054,CF18112052621,,OK,MAX,2,3,AUTO,0.60,7.00,3.52,OK,0.60,7.00,2.19,OK,
[14:01:08] : Cycle start ON
[14:01:08] : Cycle start OFF
[14:01:08] : REQUEST MEAS. ON
[14:01:15] : REQUEST MEAS. OFF
[14:01:15] : 측정요구 ON 2
[14:01:23] : 측정요구 2OFF
[14:01:23] : 21,20190129-140123,CF18112052691,,OK,MAX,1,3,AUTO,0.60,7.00,2.73,OK,0.60,7.00,3.21,OK,
[14:01:31] : Cycle start ON
[14:01:32] : Cycle start OFF
[14:01:32] : 측정요구3 ON
[14:01:38] : 측정요구3 OFF
[14:01:38] : 측정요구4 ON
[14:01:46] : 측정요구4 OFF
[14:01:46] : 21,20190129-140147,CF18112051561,,OK,MAX,2,2,AUTO,0.60,7.00,1.73,OK,0.60,7.00,2.08,OK,
[14:02:26] : Cycle start ON
[14:02:27] : Cycle start OFF
[14:02:27] : REQUEST MEAS. ON
[14:02:33] : REQUEST MEAS. OFF
[14:02:33] : 측정요구 ON 2
[14:02:41] : 측정요구 2OFF
[14:02:41] : 21,20190129-140241,CF18112052251,,OK,MAX,1,3,AUTO,0.60,7.00,2.93,OK,0.60,7.00,3.21,OK,
[14:02:59] : Cycle start ON
[14:03:00] : Cycle start OFF
[14:03:00] : 측정요구3 ON
[14:03:06] : 측정요구3 OFF
[14:03:06] : 측정요구4 ON
[14:03:14] : 측정요구4 OFF
[14:03:14] : 21,20190129-140314,CF18112053551,,OK,MAX,2,2,AUTO,0.60,7.00,2.43,OK,0.60,7.00,2.08,OK,
[14:03:22] : Cycle start ON
[14:03:23] : Cycle start OFF
[14:03:23] : REQUEST MEAS. ON
[14:03:29] : REQUEST MEAS. OFF
[14:03:29] : 측정요구 ON 2
[14:03:37] : 측정요구 2OFF
[14:03:37] : 21,20190129-140338,CF18112052711,,OK,MAX,1,2,AUTO,0.60,7.00,1.92,OK,0.60,7.00,1.10,OK,
[14:03:59] : Cycle start ON
[14:04:00] : Cycle start OFF
[14:04:00] : 측정요구3 ON
[14:04:07] : 측정요구3 OFF
[14:04:07] : 측정요구4 ON
[14:04:14] : 측정요구4 OFF
[14:04:14] : 21,20190129-140414,CF18112052861,,OK,MAX,2,2,AUTO,0.60,7.00,2.33,OK,0.60,7.00,1.88,OK,
[14:04:17] : Cycle start ON
[14:04:17] : Cycle start OFF
[14:04:17] : REQUEST MEAS. ON
[14:04:24] : REQUEST MEAS. OFF
[14:04:24] : 측정요구 ON 2
[14:04:32] : 측정요구 2OFF
[14:04:32] : 21,20190129-140432,CF18112053521,,OK,MAX,1,3,AUTO,0.60,7.00,3.03,OK,0.60,7.00,1.61,OK,
[14:04:54] : Cycle start ON
[14:04:55] : Cycle start OFF
[14:04:55] : 측정요구3 ON
[14:05:01] : 측정요구3 OFF
[14:05:01] : 측정요구4 ON
[14:05:09] : 측정요구4 OFF
[14:05:09] : 21,20190129-140510,CF18112053011,,OK,MAX,2,3,AUTO,0.60,7.00,2.83,OK,0.60,7.00,3.28,OK,
[14:05:09] : Cycle start ON
[14:05:09] : Cycle start OFF
[14:05:09] : REQUEST MEAS. ON
[14:05:17] : REQUEST MEAS. OFF
[14:05:17] : 측정요구 ON 2
[14:05:24] : 측정요구 2OFF
[14:05:24] : 21,20190129-140525,CF18112053001,,OK,MAX,1,3,AUTO,0.60,7.00,4.11,OK,0.60,7.00,2.81,OK,
[14:05:50] : Cycle start ON
[14:05:51] : Cycle start OFF
[14:05:51] : 측정요구3 ON
[14:05:57] : 측정요구3 OFF
[14:05:57] : 측정요구4 ON
[14:06:05] : 측정요구4 OFF
[14:06:05] : 21,20190129-140605,CF18112052471,,OK,MAX,2,3,AUTO,0.60,7.00,3.11,OK,0.60,7.00,3.38,OK,
[14:06:10] : Cycle start ON
[14:06:11] : Cycle start OFF
[14:06:11] : REQUEST MEAS. ON
[14:06:17] : REQUEST MEAS. OFF
[14:06:17] : 측정요구 ON 2
[14:06:25] : 측정요구 2OFF
[14:06:25] : 21,20190129-140625,CF18112053731,,OK,MAX,1,3,AUTO,0.60,7.00,3.63,OK,0.60,7.00,4.21,OK,
[14:06:46] : Cycle start ON
[14:06:46] : Cycle start OFF
[14:06:46] : 측정요구3 ON
[14:06:53] : 측정요구3 OFF
[14:06:53] : 측정요구4 ON
[14:07:00] : 측정요구4 OFF
[14:07:00] : 21,20190129-140700,CF18112053421,,OK,MAX,2,2,AUTO,0.60,7.00,2.72,OK,0.60,7.00,2.28,OK,
[14:07:06] : Cycle start ON
[14:07:06] : Cycle start OFF
[14:07:06] : REQUEST MEAS. ON
[14:07:13] : REQUEST MEAS. OFF
[14:07:13] : 측정요구 ON 2
[14:07:20] : 측정요구 2OFF
[14:07:20] : 21,20190129-140721,CF18112053251,,OK,MAX,1,3,AUTO,0.60,7.00,3.40,OK,0.60,7.00,4.71,OK,
[14:07:41] : Cycle start ON
[14:07:41] : Cycle start OFF
[14:07:41] : 측정요구3 ON
[14:07:48] : 측정요구3 OFF
[14:07:48] : 측정요구4 ON
[14:07:55] : 측정요구4 OFF
[14:07:55] : 21,20190129-140755,CF18112052561,,OK,MAX,2,3,AUTO,0.60,7.00,4.03,OK,0.60,7.00,5.08,OK,
[14:07:58] : Cycle start ON
[14:07:58] : Cycle start OFF
[14:07:58] : REQUEST MEAS. ON
[14:08:05] : REQUEST MEAS. OFF
[14:08:05] : 측정요구 ON 2
[14:08:13] : 측정요구 2OFF
[14:08:13] : 21,20190129-140813,CF18112052671,,OK,MAX,1,3,AUTO,0.60,7.00,1.71,OK,0.60,7.00,3.41,OK,
[14:08:37] : Cycle start ON
[14:08:37] : Cycle start OFF
[14:08:37] : 측정요구3 ON
[14:08:44] : 측정요구3 OFF
[14:08:44] : 측정요구4 ON
[14:08:51] : 측정요구4 OFF
[14:08:51] : 21,20190129-140851,CF18112052301,,OK,MAX,2,2,AUTO,0.60,7.00,2.92,OK,0.60,7.00,2.89,OK,
[14:08:54] : Cycle start ON
[14:08:54] : Cycle start OFF
[14:08:54] : REQUEST MEAS. ON
[14:09:01] : REQUEST MEAS. OFF
[14:09:01] : 측정요구 ON 2
[14:09:09] : 측정요구 2OFF
[14:09:09] : 21,20190129-140909,CF18120550801,,OK,MAX,1,3,AUTO,0.60,7.00,2.50,OK,0.60,7.00,5.02,OK,
[14:09:31] : Cycle start ON
[14:09:32] : Cycle start OFF
[14:09:32] : 측정요구3 ON
[14:09:38] : 측정요구3 OFF
[14:09:38] : 측정요구4 ON
[14:09:46] : 측정요구4 OFF
[14:09:46] : 21,20190129-140947,CF18120272821,,OK,MAX,2,2,AUTO,0.60,7.00,1.44,OK,0.60,7.00,1.78,OK,
[14:09:46] : Cycle start ON
[14:09:46] : Cycle start OFF
[14:09:46] : REQUEST MEAS. ON
[14:09:54] : REQUEST MEAS. OFF
[14:09:54] : 측정요구 ON 2
[14:10:01] : 측정요구 2OFF
[14:10:01] : 21,20190129-141002,CF18112053171,,OK,MAX,1,2,AUTO,0.60,7.00,2.53,OK,0.60,7.00,1.81,OK,
[14:10:27] : Cycle start ON
[14:10:28] : Cycle start OFF
[14:10:28] : 측정요구3 ON
[14:10:34] : 측정요구3 OFF
[14:10:35] : 측정요구4 ON
[14:10:42] : 측정요구4 OFF
[14:10:42] : 21,20190129-141043,CF18112053131,,OK,MAX,2,3,AUTO,0.60,7.00,3.21,OK,0.60,7.00,3.39,OK,
[14:10:45] : Cycle start ON
[14:10:45] : Cycle start OFF
[14:10:45] : REQUEST MEAS. ON
[14:10:52] : REQUEST MEAS. OFF
[14:10:52] : 측정요구 ON 2
[14:10:59] : 측정요구 2OFF
[14:10:59] : 21,20190129-141059,CF18112051931,,OK,MAX,1,3,AUTO,0.60,7.00,2.53,OK,0.60,7.00,4.92,OK,
[14:11:22] : Cycle start ON
[14:11:23] : Cycle start OFF
[14:11:23] : 측정요구3 ON
[14:11:29] : 측정요구3 OFF
[14:11:29] : 측정요구4 ON
[14:11:37] : 측정요구4 OFF
[14:11:37] : 21,20190129-141138,CF18112053361,,OK,MAX,2,3,AUTO,0.60,7.00,3.11,OK,0.60,7.00,2.48,OK,
[14:11:42] : Cycle start ON
[14:11:42] : Cycle start OFF
[14:11:42] : REQUEST MEAS. ON
[14:11:49] : REQUEST MEAS. OFF
[14:11:49] : 측정요구 ON 2
[14:11:56] : 측정요구 2OFF
[14:11:56] : 21,20190129-141156,CF18120273531,,OK,MAX,1,3,AUTO,0.60,7.00,3.32,OK,0.60,7.00,4.52,OK,
[14:12:18] : Cycle start ON
[14:12:18] : Cycle start OFF
[14:12:18] : 측정요구3 ON
[14:12:25] : 측정요구3 OFF
[14:12:25] : 측정요구4 ON
[14:12:33] : 측정요구4 OFF
[14:12:33] : 21,20190129-141233,CF18112051591,,OK,MAX,2,3,AUTO,0.60,7.00,4.22,OK,0.60,7.00,5.69,OK,
[14:12:35] : Cycle start ON
[14:12:36] : Cycle start OFF
[14:12:36] : REQUEST MEAS. ON
[14:12:42] : REQUEST MEAS. OFF
[14:12:42] : 측정요구 ON 2
[14:12:50] : 측정요구 2OFF
[14:12:50] : 21,20190129-141251,CF18112052951,,OK,MAX,1,2,AUTO,0.60,7.00,2.11,OK,0.60,7.00,2.00,OK,
[14:13:14] : Cycle start ON
[14:13:14] : Cycle start OFF
[14:13:14] : 측정요구3 ON
[14:13:21] : 측정요구3 OFF
[14:13:21] : 측정요구4 ON
[14:13:27] : Cycle start ON
[14:13:27] : Cycle start OFF
[14:13:28] : 측정요구4 OFF
[14:13:28] : 21,20190129-141329,CF18112052351,,OK,MAX,2,3,AUTO,0.60,7.00,3.21,OK,0.60,7.00,4.28,OK,
[14:13:28] : REQUEST MEAS. ON
[14:13:36] : REQUEST MEAS. OFF
[14:13:36] : 측정요구 ON 2
[14:13:43] : 측정요구 2OFF
[14:13:43] : 21,20190129-141344,CF18112052661,,OK,MAX,1,3,AUTO,0.60,7.00,2.52,OK,0.60,7.00,4.31,OK,
[14:14:37] : Cycle start ON
[14:14:38] : Cycle start OFF
[14:14:38] : REQUEST MEAS. ON
[14:14:44] : REQUEST MEAS. OFF
[14:14:44] : 측정요구 ON 2
[14:14:52] : 측정요구 2OFF
[14:14:52] : 21,20190129-141452,CF19012810061,,OK,MAX,1,3,AUTO,0.60,7.00,4.53,OK,0.60,7.00,3.60,OK,
[14:15:29] : Cycle start ON
[14:15:30] : Cycle start OFF
[14:15:30] : REQUEST MEAS. ON
[14:15:36] : REQUEST MEAS. OFF
[14:15:36] : 측정요구 ON 2
[14:15:44] : 측정요구 2OFF
[14:15:44] : 21,20190129-141545,CF19012810051,,OK,MAX,1,2,AUTO,0.60,7.00,1.31,OK,0.60,7.00,1.51,OK,
[14:16:10] : Cycle start ON
[14:16:11] : Cycle start OFF
[14:16:11] : 측정요구3 ON
[14:16:17] : 측정요구3 OFF
[14:16:18] : 측정요구4 ON
[14:16:22] : Cycle start ON
[14:16:23] : Cycle start OFF
[14:16:25] : 측정요구4 OFF
[14:16:25] : 21,20190129-141625,CF19012810241,,OK,MAX,2,2,AUTO,0.60,7.00,2.82,OK,0.60,7.00,1.78,OK,
[14:16:25] : REQUEST MEAS. ON
[14:16:32] : REQUEST MEAS. OFF
[14:16:32] : 측정요구 ON 2
[14:16:40] : 측정요구 2OFF
[14:16:40] : 21,20190129-141640,CF19012810221,,OK,MAX,1,2,AUTO,0.60,7.00,2.32,OK,0.60,7.00,2.01,OK,
[14:17:07] : Cycle start ON
[14:17:07] : Cycle start OFF
[14:17:07] : 측정요구3 ON
[14:17:14] : 측정요구3 OFF
[14:17:14] : 측정요구4 ON
[14:17:22] : 측정요구4 OFF
[14:17:22] : 21,20190129-141722,CF19012810011,,OK,MAX,2,3,AUTO,0.60,7.00,3.21,OK,0.60,7.00,2.59,OK,
[14:17:22] : Cycle start ON
[14:17:22] : Cycle start OFF
[14:17:22] : REQUEST MEAS. ON
[14:17:29] : REQUEST MEAS. OFF
[14:17:29] : 측정요구 ON 2
[14:17:37] : 측정요구 2OFF
[14:17:37] : 21,20190129-141737,CF19012810041,,OK,MAX,1,2,AUTO,0.60,7.00,2.62,OK,0.60,7.00,2.11,OK,
[14:18:02] : Cycle start ON
[14:18:02] : Cycle start OFF
[14:18:02] : 측정요구3 ON
[14:18:09] : 측정요구3 OFF
[14:18:09] : 측정요구4 ON
[14:18:17] : 측정요구4 OFF
[14:18:17] : 21,20190129-141817,CF19012810021,,OK,MAX,2,2,AUTO,0.60,7.00,2.53,OK,0.60,7.00,2.38,OK,
[14:18:19] : Cycle start ON
[14:18:20] : Cycle start OFF
[14:18:20] : REQUEST MEAS. ON
[14:18:26] : REQUEST MEAS. OFF
[14:18:27] : 측정요구 ON 2
[14:18:34] : 측정요구 2OFF
[14:18:34] : 21,20190129-141835,CF18112052551,,OK,MAX,1,2,AUTO,0.60,7.00,2.32,OK,0.60,7.00,2.91,OK,
[14:18:58] : Cycle start ON
[14:18:58] : Cycle start OFF
[14:18:58] : 측정요구3 ON
[14:19:05] : 측정요구3 OFF
[14:19:05] : 측정요구4 ON
[14:19:12] : 측정요구4 OFF
[14:19:12] : 21,20190129-141913,CF18112052731,,OK,MAX,2,2,AUTO,0.60,7.00,2.53,OK,0.60,7.00,2.28,OK,
[14:19:15] : Cycle start ON
[14:19:15] : Cycle start OFF
[14:19:15] : REQUEST MEAS. ON
[14:19:22] : REQUEST MEAS. OFF
[14:19:22] : 측정요구 ON 2
[14:19:29] : 측정요구 2OFF
[14:19:29] : 21,20190129-141930,CF18112052081,,OK,MAX,1,2,AUTO,0.60,7.00,2.72,OK,0.60,7.00,2.42,OK,
[14:19:53] : Cycle start ON
[14:19:54] : Cycle start OFF
[14:19:54] : 측정요구3 ON
[14:20:00] : 측정요구3 OFF
[14:20:00] : 측정요구4 ON
[14:20:08] : 측정요구4 OFF
[14:20:08] : 21,20190129-142008,CF18112052201,,OK,MAX,2,3,AUTO,0.60,7.00,3.02,OK,0.60,7.00,1.89,OK,
[14:20:08] : Cycle start ON
[14:20:08] : Cycle start OFF
[14:20:08] : REQUEST MEAS. ON
[14:20:15] : REQUEST MEAS. OFF
[14:20:15] : 측정요구 ON 2
[14:20:23] : 측정요구 2OFF
[14:20:23] : 21,20190129-142023,CF18112053721,,NG,MAX,1,3,AUTO,0.60,7.00,3.60,OK,0.60,7.00,7.10,NG,
[14:20:48] : Cycle start ON
[14:20:49] : Cycle start OFF
[14:20:49] : 측정요구3 ON
[14:20:56] : 측정요구3 OFF
[14:20:56] : 측정요구4 ON
[14:21:03] : 측정요구4 OFF
[14:21:03] : 21,20190129-142104,CF18112053871,,OK,MAX,2,3,AUTO,0.60,7.00,4.13,OK,0.60,7.00,3.78,OK,
[14:21:07] : Cycle start ON
[14:21:08] : Cycle start OFF
[14:21:08] : REQUEST MEAS. ON
[14:21:14] : REQUEST MEAS. OFF
[14:21:14] : 측정요구 ON 2
[14:21:22] : 측정요구 2OFF
[14:21:22] : 21,20190129-142122,CF18112052851,,OK,MAX,1,3,AUTO,0.60,7.00,3.12,OK,0.60,7.00,5.31,OK,
[14:21:44] : Cycle start ON
[14:21:44] : Cycle start OFF
[14:21:44] : 측정요구3 ON
[14:21:51] : 측정요구3 OFF
[14:21:51] : 측정요구4 ON
[14:21:59] : 측정요구4 OFF
[14:21:59] : 21,20190129-142159,CF18112052411,,OK,MAX,2,2,AUTO,0.60,7.00,2.14,OK,0.60,7.00,2.08,OK,
[14:22:03] : Cycle start ON
[14:22:03] : Cycle start OFF
[14:22:03] : REQUEST MEAS. ON
[14:22:10] : REQUEST MEAS. OFF
[14:22:10] : 측정요구 ON 2
[14:22:17] : 측정요구 2OFF
[14:22:17] : 21,20190129-142218,CF18112052031,,OK,MAX,1,2,AUTO,0.60,7.00,2.92,OK,0.60,7.00,2.31,OK,
[14:22:39] : Cycle start ON
[14:22:40] : 측정요구3 ON
[14:22:40] : Cycle start OFF
[14:22:46] : 측정요구3 OFF
[14:22:46] : 측정요구4 ON
[14:22:54] : 측정요구4 OFF
[14:22:54] : 21,20190129-142254,CF18112053281,,OK,MAX,2,3,AUTO,0.60,7.00,3.52,OK,0.60,7.00,3.09,OK,
[14:22:56] : Cycle start ON
[14:22:57] : Cycle start OFF
[14:22:57] : REQUEST MEAS. ON
[14:23:03] : REQUEST MEAS. OFF
[14:23:03] : 측정요구 ON 2
[14:23:11] : 측정요구 2OFF
[14:23:11] : 21,20190129-142312,CF18112053891,,OK,MAX,1,3,AUTO,0.60,7.00,5.03,OK,0.60,7.00,5.81,OK,
[14:23:35] : Cycle start ON
[14:23:35] : Cycle start OFF
[14:23:35] : 측정요구3 ON
[14:23:42] : 측정요구3 OFF
[14:23:42] : 측정요구4 ON
[14:23:49] : 측정요구4 OFF
[14:23:49] : 21,20190129-142350,CF18112053021,,OK,MAX,2,2,AUTO,0.60,7.00,2.33,OK,0.60,7.00,1.68,OK,
[14:23:52] : Cycle start ON
[14:23:52] : Cycle start OFF
[14:23:52] : REQUEST MEAS. ON
[14:23:59] : REQUEST MEAS. OFF
[14:23:59] : 측정요구 ON 2
[14:24:06] : 측정요구 2OFF
[14:24:06] : 21,20190129-142407,CF18112051971,,OK,MAX,1,2,AUTO,0.60,7.00,2.32,OK,0.60,7.00,2.51,OK,
[14:24:50] : Cycle start ON
[14:24:50] : Cycle start OFF
[14:24:50] : REQUEST MEAS. ON
[14:24:57] : REQUEST MEAS. OFF
[14:24:57] : 측정요구 ON 2
[14:25:04] : 측정요구 2OFF
[14:25:04] : 21,20190129-142505,CF18112053631,,OK,MAX,1,3,AUTO,0.60,7.00,3.03,OK,0.60,7.00,4.00,OK,
[14:25:31] : Cycle start ON
[14:25:32] : Cycle start OFF
[14:25:32] : 측정요구3 ON
[14:25:38] : 측정요구3 OFF
[14:25:38] : 측정요구4 ON
[14:25:45] : 측정요구4 OFF
[14:25:45] : 21,20190129-142546,CF18112053821,,OK,MAX,2,2,AUTO,0.60,7.00,1.93,OK,0.60,7.00,1.48,OK,
[14:25:49] : Cycle start ON
[14:25:49] : Cycle start OFF
[14:25:49] : REQUEST MEAS. ON
[14:25:56] : REQUEST MEAS. OFF
[14:25:56] : 측정요구 ON 2
[14:26:03] : 측정요구 2OFF
[14:26:03] : 21,20190129-142604,CF18112052231,,OK,MAX,1,2,AUTO,0.60,7.00,2.72,OK,0.60,7.00,1.61,OK,
[14:26:32] : Cycle start ON
[14:26:33] : Cycle start OFF
[14:26:33] : REQUEST MEAS. ON
[14:26:39] : REQUEST MEAS. OFF
[14:26:39] : 측정요구 ON 2
[14:26:47] : 측정요구 2OFF
[14:26:47] : 21,20190129-142647,CF18112052011,,OK,MAX,1,2,AUTO,0.60,7.00,2.22,OK,0.60,7.00,2.01,OK,
[14:26:53] : Cycle start ON
[14:26:53] : Cycle start OFF
[14:26:53] : 측정요구3 ON
[14:27:00] : 측정요구3 OFF
[14:27:00] : 측정요구4 ON
[14:27:07] : 측정요구4 OFF
[14:27:07] : 21,20190129-142708,CF18112052811,,OK,MAX,2,3,AUTO,0.60,7.00,3.42,OK,0.60,7.00,3.38,OK,
[14:31:43] : AUTO RUNNING OFF
[16:31:17] : MEAS ESC ON
[16:32:09] : MEAS ESC OFF
[16:55:05] : MEAS ESC ON
[16:56:11] : MEAS ESC OFF
[16:56:29] : MEAS ESC ON
[16:56:30] : MEAS ESC OFF
[16:56:30] : AUTO RUNNING ON
[16:57:03] : AUTO RUNNING OFF
[16:59:10] : MEAS ESC ON
[16:59:10] : MEAS ESC OFF
[16:59:10] : AUTO RUNNING ON
[17:00:33] : Cycle start ON
[17:00:34] : Cycle start OFF
[17:00:34] : REQUEST MEAS. ON
[17:00:40] : REQUEST MEAS. OFF
[17:00:41] : 측정요구 ON 2
[17:00:48] : 측정요구 2OFF
[17:00:48] : 21,20190129-170048,CF19012850841,CF 19012111761,OK,MAX,1,2,AUTO,0.60,7.00,2.18,OK,0.60,7.00,2.45,OK,
[17:00:55] : Cycle start ON
[17:00:55] : Cycle start OFF
[17:00:55] : 측정요구3 ON
[17:01:02] : 측정요구3 OFF
[17:01:02] : 측정요구4 ON
[17:01:09] : 측정요구4 OFF
[17:01:09] : 21,20190129-170110,CF19012850851,CF 19012111751,OK,MAX,2,2,AUTO,0.60,7.00,2.64,OK,0.60,7.00,2.34,OK,
[17:01:39] : Cycle start ON
[17:01:39] : Cycle start OFF
[17:01:39] : REQUEST MEAS. ON
[17:01:46] : REQUEST MEAS. OFF
[17:01:46] : 측정요구 ON 2
[17:01:54] : 측정요구 2OFF
[17:01:54] : 21,20190129-170154,CF19012852551,CF 19012110811,OK,MAX,1,2,AUTO,0.60,7.00,1.95,OK,0.60,7.00,2.09,OK,
[17:02:17] : Cycle start ON
[17:02:17] : Cycle start OFF
[17:02:17] : 측정요구3 ON
[17:02:24] : 측정요구3 OFF
[17:02:24] : 측정요구4 ON
[17:02:31] : 측정요구4 OFF
[17:02:31] : 21,20190129-170232,CF19012852541,CF 19012110751,OK,MAX,2,2,AUTO,0.60,7.00,1.14,OK,0.60,7.00,0.82,OK,
[17:03:05] : Cycle start ON
[17:03:05] : Cycle start OFF
[17:03:05] : REQUEST MEAS. ON
[17:03:12] : REQUEST MEAS. OFF
[17:03:12] : 측정요구 ON 2
[17:03:19] : 측정요구 2OFF
[17:03:19] : 21,20190129-170320,CF19012852531,CF 19012110651,OK,MAX,1,2,AUTO,0.60,7.00,2.32,OK,0.60,7.00,2.77,OK,
[17:49:30] : Cycle start ON
[17:49:31] : Cycle start OFF
[17:49:31] : 측정요구3 ON
[17:49:37] : 측정요구3 OFF
[17:49:37] : 측정요구4 ON
[17:49:45] : 측정요구4 OFF
[17:49:45] : 21,20190129-174945,CF19012852481,CF 19012110801,OK,MAX,2,3,AUTO,0.60,7.00,3.22,OK,0.60,7.00,2.93,OK,
[17:49:48] : Cycle start ON
[17:49:49] : Cycle start OFF
[17:49:49] : REQUEST MEAS. ON
[17:49:55] : REQUEST MEAS. OFF
[17:49:55] : 측정요구 ON 2
[17:50:03] : 측정요구 2OFF
[17:50:03] : 21,20190129-175004,CF19012852521,CF 19012110611,OK,MAX,1,2,AUTO,0.60,7.00,1.31,OK,0.60,7.00,2.07,OK,
[17:50:30] : Cycle start ON
[17:50:31] : Cycle start OFF
[17:50:31] : 측정요구3 ON
[17:50:37] : 측정요구3 OFF
[17:50:37] : 측정요구4 ON
[17:50:45] : 측정요구4 OFF
[17:50:45] : 21,20190129-175045,CF19012852471,CF 19012110841,OK,MAX,2,2,AUTO,0.60,7.00,1.80,OK,0.60,7.00,1.22,OK,
[17:50:49] : Cycle start ON
[17:50:49] : Cycle start OFF
[17:50:49] : REQUEST MEAS. ON
[17:50:56] : REQUEST MEAS. OFF
[17:50:56] : 측정요구 ON 2
[17:51:03] : 측정요구 2OFF
[17:51:03] : 21,20190129-175104,CF19012852461,CF 19012110831,OK,MAX,1,2,AUTO,0.60,7.00,1.08,OK,0.60,7.00,1.54,OK,
[17:51:22] : Cycle start ON
[17:51:23] : Cycle start OFF
[17:51:23] : 측정요구3 ON
[17:51:30] : 측정요구3 OFF
[17:51:30] : 측정요구4 ON
[17:51:37] : 측정요구4 OFF
[17:51:37] : 21,20190129-175137,CF19012851851,CF 19012110931,OK,MAX,2,2,AUTO,0.60,7.00,2.35,OK,0.60,7.00,2.84,OK,
[17:51:57] : Cycle start ON
[17:51:57] : Cycle start OFF
[17:51:57] : REQUEST MEAS. ON
[17:52:04] : REQUEST MEAS. OFF
[17:52:04] : 측정요구 ON 2
[17:52:11] : 측정요구 2OFF
[17:52:11] : 21,20190129-175211,CF19012851991,CF 19012111931,OK,MAX,1,2,AUTO,0.60,7.00,1.54,OK,0.60,7.00,1.83,OK,
[17:52:27] : Cycle start ON
[17:52:28] : Cycle start OFF
[17:52:28] : 측정요구3 ON
[17:52:34] : 측정요구3 OFF
[17:52:34] : 측정요구4 ON
[17:52:42] : 측정요구4 OFF
[17:52:42] : 21,20190129-175243,CF19012851981,CF 19012110211,OK,MAX,2,2,AUTO,0.60,7.00,1.68,OK,0.60,7.00,1.71,OK,
[17:53:29] : Cycle start ON
[17:53:30] : Cycle start OFF
[17:53:30] : REQUEST MEAS. ON
[17:53:36] : REQUEST MEAS. OFF
[17:53:36] : 측정요구 ON 2
[17:53:43] : 측정요구 2OFF
[17:53:43] : 21,20190129-175344,CF19012851631,CF 19012110881,OK,MAX,1,2,AUTO,0.60,7.00,2.60,OK,0.60,7.00,2.75,OK,
[17:54:48] : Cycle start ON
[17:54:49] : Cycle start OFF
[17:54:49] : 측정요구3 ON
[17:54:55] : 측정요구3 OFF
[17:54:56] : 측정요구4 ON
[17:55:03] : 측정요구4 OFF
[17:55:03] : 21,20190129-175504,CF19012850931,CF 19012110431,OK,MAX,2,2,AUTO,0.60,7.00,1.88,OK,0.60,7.00,1.87,OK,
[18:03:19] : AUTO RUNNING OFF
[18:06:59] : MEAS ESC ON
[18:06:59] : MEAS ESC OFF
[18:06:59] : AUTO RUNNING ON
[18:07:31] : Cycle start ON
[18:07:31] : Cycle start OFF
[18:07:31] : REQUEST MEAS. ON
[18:07:38] : REQUEST MEAS. OFF
[18:07:38] : 측정요구 ON 2
[18:07:45] : 측정요구 2OFF
[18:07:45] : 21,20190129-180746,CF19012850661,CF 19012111051,OK,MAX,1,2,AUTO,0.60,7.00,1.51,OK,0.60,7.00,1.73,OK,
[18:09:05] : AUTO RUNNING OFF
[18:11:16] : MEAS ESC ON
[18:11:17] : MEAS ESC OFF
[18:11:17] : AUTO RUNNING ON
[18:13:02] : Cycle start ON
[18:13:03] : Cycle start OFF
[18:13:03] : REQUEST MEAS. ON
[18:13:09] : REQUEST MEAS. OFF
[18:13:09] : 측정요구 ON 2
[18:13:17] : 측정요구 2OFF
[18:13:17] : 21,20190129-181317,CF19012851811,CF 19012112791,OK,MAX,1,3,AUTO,0.60,7.00,2.89,OK,0.60,7.00,3.20,OK,
[18:13:33] : Cycle start ON
[18:13:33] : Cycle start OFF
[18:13:33] : 측정요구3 ON
[18:13:40] : 측정요구3 OFF
[18:13:40] : 측정요구4 ON
[18:13:48] : 측정요구4 OFF
[18:13:48] : 21,20190129-181349,CF19012851181,CF 19012111721,OK,MAX,2,3,AUTO,0.60,7.00,3.02,OK,0.60,7.00,3.16,OK,
[18:14:41] : Cycle start ON
[18:14:42] : Cycle start OFF
[18:14:42] : REQUEST MEAS. ON
[18:14:48] : REQUEST MEAS. OFF
[18:14:48] : 측정요구 ON 2
[18:14:55] : 측정요구 2OFF
[18:14:55] : 21,20190129-181456,CF19012851141,CF 19012111211,OK,MAX,1,2,AUTO,0.60,7.00,2.10,OK,0.60,7.00,2.60,OK,
[18:15:46] : Cycle start ON
[18:15:46] : Cycle start OFF
[18:15:46] : 측정요구3 ON
[18:15:53] : 측정요구3 OFF
[18:15:53] : 측정요구4 ON
[18:16:00] : 측정요구4 OFF
[18:16:00] : 21,20190129-181601,CF19012851171,CF 19012111711,OK,MAX,2,2,AUTO,0.60,7.00,1.91,OK,0.60,7.00,1.71,OK,
[18:17:29] : Cycle start ON
[18:17:29] : Cycle start OFF
[18:17:29] : REQUEST MEAS. ON
[18:17:36] : REQUEST MEAS. OFF
[18:17:36] : 측정요구 ON 2
[18:17:43] : 측정요구 2OFF
[18:17:43] : 21,20190129-181744,CF19012851781,CF 19012112851,OK,MAX,1,2,AUTO,0.60,7.00,2.19,OK,0.60,7.00,2.08,OK,
[18:18:15] : Cycle start ON
[18:18:15] : 측정요구3 ON
[18:18:16] : Cycle start OFF
[18:18:22] : 측정요구3 OFF
[18:18:22] : 측정요구4 ON
[18:18:29] : 측정요구4 OFF
[18:18:29] : 21,20190129-181830,CF 19012116810,CF 19012112881,OK,MAX,2,3,AUTO,0.60,7.00,3.44,OK,0.60,7.00,3.32,OK,
[18:19:00] : Cycle start ON
[18:19:01] : Cycle start OFF
[18:19:01] : REQUEST MEAS. ON
[18:19:07] : REQUEST MEAS. OFF
[18:19:07] : 측정요구 ON 2
[18:19:15] : 측정요구 2OFF
[18:19:15] : 21,20190129-181915,CF19012851731,CF 19012113261,OK,MAX,1,3,AUTO,0.60,7.00,3.63,OK,0.60,7.00,3.86,OK,
[18:19:20] : Cycle start ON
[18:19:20] : Cycle start OFF
[18:19:20] : 측정요구3 ON
[18:19:27] : 측정요구3 OFF
[18:19:27] : 측정요구4 ON
[18:19:34] : 측정요구4 OFF
[18:19:34] : 21,20190129-181935,CF19012851521,CF 19012113191,OK,MAX,2,2,AUTO,0.60,7.00,1.89,OK,0.60,7.00,1.72,OK,
[18:19:54] : Cycle start ON
[18:19:55] : Cycle start OFF
[18:19:55] : REQUEST MEAS. ON
[18:20:01] : REQUEST MEAS. OFF
[18:20:01] : 측정요구 ON 2
[18:20:09] : 측정요구 2OFF
[18:20:09] : 21,20190129-182009,CF19012851331,CF 19012110091,OK,MAX,1,3,AUTO,0.60,7.00,4.19,OK,0.60,7.00,4.23,OK,
[18:20:19] : Cycle start ON
[18:20:20] : Cycle start OFF
[18:20:20] : 측정요구3 ON
[18:20:26] : 측정요구3 OFF
[18:20:26] : 측정요구4 ON
[18:20:34] : 측정요구4 OFF
[18:20:34] : 21,20190129-182035,CF19012851421,CF 19012111141,OK,MAX,2,2,AUTO,0.60,7.00,2.32,OK,0.60,7.00,2.84,OK,
[18:20:48] : Cycle start ON
[18:20:49] : Cycle start OFF
[18:20:49] : REQUEST MEAS. ON
[18:20:55] : REQUEST MEAS. OFF
[18:20:56] : 측정요구 ON 2
[18:21:03] : 측정요구 2OFF
[18:21:03] : 21,20190129-182103,CF19012852071,CF 19012112931,OK,MAX,1,3,AUTO,0.60,7.00,4.75,OK,0.60,7.00,5.24,OK,
[18:21:12] : Cycle start ON
[18:21:13] : Cycle start OFF
[18:21:13] : 측정요구3 ON
[18:21:19] : 측정요구3 OFF
[18:21:19] : 측정요구4 ON
[18:21:27] : 측정요구4 OFF
[18:21:27] : 21,20190129-182128,CF19012851021,CF 19012111261,OK,MAX,2,2,AUTO,0.60,7.00,1.94,OK,0.60,7.00,2.01,OK,
[18:21:45] : Cycle start ON
[18:21:45] : Cycle start OFF
[18:21:45] : REQUEST MEAS. ON
[18:21:52] : REQUEST MEAS. OFF
[18:21:52] : 측정요구 ON 2
[18:21:59] : 측정요구 2OFF
[18:21:59] : 21,20190129-182200,CF19012852291,CF 19012110661,OK,MAX,1,2,AUTO,0.60,7.00,1.46,OK,0.60,7.00,1.64,OK,
[18:22:04] : Cycle start ON
[18:22:04] : Cycle start OFF
[18:22:04] : 측정요구3 ON
[18:22:11] : 측정요구3 OFF
[18:22:11] : 측정요구4 ON
[18:22:19] : 측정요구4 OFF
[18:22:19] : 21,20190129-182219,CF19012852311,CF 19012110121,OK,MAX,2,2,AUTO,0.60,7.00,1.65,OK,0.60,7.00,1.63,OK,
[18:30:13] : Cycle start ON
[18:30:13] : Cycle start OFF
[18:30:13] : REQUEST MEAS. ON
[18:30:20] : REQUEST MEAS. OFF
[18:30:20] : 측정요구 ON 2
[18:30:27] : 측정요구 2OFF
[18:30:27] : 21,20190129-183028,CF19012851341,CF 19012110051,OK,MAX,1,2,AUTO,0.60,7.00,2.41,OK,0.60,7.00,2.87,OK,
[18:30:35] : Cycle start ON
[18:30:36] : Cycle start OFF
[18:30:36] : 측정요구3 ON
[18:30:42] : 측정요구3 OFF
[18:30:42] : 측정요구4 ON
[18:30:50] : 측정요구4 OFF
[18:30:50] : 21,20190129-183050,CF19012851481,CF 19012110021,OK,MAX,2,3,AUTO,0.60,7.00,5.17,OK,0.60,7.00,5.11,OK,
[18:32:28] : AUTO RUNNING OFF
[18:37:20] : MEAS ESC ON
[18:37:22] : MEAS ESC OFF
[18:37:22] : AUTO RUNNING ON
[18:38:59] : AUTO RUNNING OFF
[19:34:43] : MEAS ESC ON
[19:36:52] : MEAS ESC OFF
 
