[09:45:54] : MEAS ESC ON
[09:45:58] : MEAS ESC OFF
[09:45:58] : AUTO RUNNING ON
[09:46:02] : AUTO RUNNING OFF
[09:46:25] : MEAS ESC ON
[09:46:25] : MEAS ESC OFF
[09:46:25] : AUTO RUNNING ON
[09:47:03] : AUTO RUNNING OFF
[09:48:08] : MEAS ESC ON
[09:48:09] : MEAS ESC OFF
[09:48:09] : AUTO RUNNING ON
[09:48:13] : AUTO RUNNING OFF
[09:48:22] : MEAS ESC ON
[09:48:22] : MEAS ESC OFF
[09:48:22] : AUTO RUNNING ON
[09:49:05] : Cycle start ON
[09:49:08] : Cycle start OFF
[09:49:34] : REQUEST MEAS. ON
[09:49:43] : REQUEST MEAS. OFF
[09:49:43] : end pos sig1 : 50.000000, 50.000000
[09:49:43] : 측정요구 ON 2
[09:49:53] : 측정요구 2OFF
[09:49:53] : end pos sig2 : -50.000000, -50.000000
[09:49:56] : 측정요구3 ON
[09:50:05] : 측정요구3 OFF
[09:50:05] : end pos sig3 : 50.000000, 50.000000
[09:50:05] : 측정요구4 ON
[09:50:15] : 측정요구4 OFF
[09:50:15] : end pos sig4 : -50.000000, -50.000000
[09:50:15] : 12,20181204-095016,CF18112052211,,OK,MAX,2, ,0.10,2.00,0.89,OK,0.10,2.00,1.24,OK,0.10,2.00,0.35,OK,0.10,2.00,0.30,OK,
[09:50:35] : Cycle start ON
[09:50:36] : Cycle start OFF
[09:51:03] : REQUEST MEAS. ON
[09:51:12] : REQUEST MEAS. OFF
[09:51:12] : end pos sig1 : 50.000000, 50.000000
[09:51:12] : 측정요구 ON 2
[09:51:21] : 측정요구 2OFF
[09:51:21] : end pos sig2 : -50.000000, -50.000000
[09:51:24] : 측정요구3 ON
[09:51:33] : 측정요구3 OFF
[09:51:33] : end pos sig3 : 50.000000, 50.000000
[09:51:33] : 측정요구4 ON
[09:51:43] : 측정요구4 OFF
[09:51:43] : end pos sig4 : -50.000000, -50.000000
[09:51:43] : 12,20181204-095144,CF18112053261,,OK,MAX,2, ,0.10,2.00,0.98,OK,0.10,2.00,1.37,OK,0.10,2.00,0.47,OK,0.10,2.00,0.29,OK,
[09:51:59] : Cycle start ON
[09:52:01] : Cycle start OFF
[09:54:27] : AUTO RUNNING OFF
[09:54:58] : MEAS ESC ON
[09:54:59] : MEAS ESC OFF
[09:54:59] : AUTO RUNNING ON
[09:55:10] : Cycle start ON
[09:55:12] : Cycle start OFF
[09:56:20] : AUTO RUNNING OFF
[09:56:42] : MEAS ESC ON
[09:56:43] : MEAS ESC OFF
[09:56:43] : AUTO RUNNING ON
[09:58:49] : AUTO RUNNING OFF
[09:59:15] : MEAS ESC ON
[09:59:16] : MEAS ESC OFF
[09:59:16] : AUTO RUNNING ON
[10:36:32] : AUTO RUNNING OFF
[10:38:25] : MEAS ESC ON
[10:38:26] : MEAS ESC OFF
[10:38:26] : AUTO RUNNING ON
[10:38:46] : Cycle start ON
[10:38:48] : Cycle start OFF
[10:39:13] : REQUEST MEAS. ON
[10:39:22] : REQUEST MEAS. OFF
[10:39:22] : end pos sig1 : 50.000000, 50.000000
[10:39:22] : 측정요구 ON 2
[10:39:31] : 측정요구 2OFF
[10:39:31] : end pos sig2 : -50.000000, -50.000000
[10:39:35] : 측정요구3 ON
[10:39:44] : 측정요구3 OFF
[10:39:44] : end pos sig3 : 50.000000, 50.000000
[10:39:44] : 측정요구4 ON
[10:39:54] : 측정요구4 OFF
[10:39:54] : end pos sig4 : -50.000000, -50.000000
[10:39:54] : 12,20181204-103954,CF18112053401,,OK,MAX,2, ,0.10,2.00,1.43,OK,0.10,2.00,1.28,OK,0.10,2.00,0.46,OK,0.10,2.00,0.59,OK,
[10:40:13] : Cycle start ON
[10:40:15] : Cycle start OFF
[10:40:41] : REQUEST MEAS. ON
[10:40:50] : REQUEST MEAS. OFF
[10:40:50] : end pos sig1 : 50.000000, 50.000000
[10:40:50] : 측정요구 ON 2
[10:41:00] : 측정요구 2OFF
[10:41:00] : end pos sig2 : -50.000000, -50.000000
[10:41:03] : 측정요구3 ON
[10:41:12] : 측정요구3 OFF
[10:41:12] : end pos sig3 : 50.000000, 50.000000
[10:41:12] : 측정요구4 ON
[10:41:22] : 측정요구4 OFF
[10:41:22] : end pos sig4 : -50.000000, -50.000000
[10:41:22] : 12,20181204-104122,CF18112053881,,OK,MAX,2, ,0.10,2.00,1.43,OK,0.10,2.00,1.27,OK,0.10,2.00,0.30,OK,0.10,2.00,0.35,OK,
[10:41:38] : Cycle start ON
[10:41:40] : Cycle start OFF
[10:42:09] : REQUEST MEAS. ON
[10:42:18] : REQUEST MEAS. OFF
[10:42:18] : end pos sig1 : 50.000000, 50.000000
[10:42:18] : 측정요구 ON 2
[10:42:28] : 측정요구 2OFF
[10:42:28] : end pos sig2 : -50.000000, -50.000000
[10:42:31] : 측정요구3 ON
[10:42:40] : 측정요구3 OFF
[10:42:40] : end pos sig3 : 50.000000, 50.000000
[10:42:40] : 측정요구4 ON
[10:42:50] : 측정요구4 OFF
[10:42:50] : end pos sig4 : -50.000000, -50.000000
[10:42:50] : 12,20181204-104251,CF18112052631,,OK,MAX,2, ,0.10,2.00,1.15,OK,0.10,2.00,1.71,OK,0.10,2.00,1.28,OK,0.10,2.00,0.39,OK,
[10:43:06] : Cycle start ON
[10:43:09] : Cycle start OFF
[10:43:38] : REQUEST MEAS. ON
[10:43:47] : REQUEST MEAS. OFF
[10:43:47] : end pos sig1 : 50.000000, 50.000000
[10:43:47] : 측정요구 ON 2
[10:43:56] : 측정요구 2OFF
[10:43:56] : end pos sig2 : -50.000000, -50.000000
[10:44:00] : 측정요구3 ON
[10:44:09] : 측정요구3 OFF
[10:44:09] : end pos sig3 : 50.000000, 50.000000
[10:44:09] : 측정요구4 ON
[10:44:18] : 측정요구4 OFF
[10:44:18] : end pos sig4 : -50.000000, -50.000000
[10:44:18] : 12,20181204-104419,CF18112052681,,OK,MAX,2, ,0.10,2.00,1.36,OK,0.10,2.00,1.17,OK,0.10,2.00,0.39,OK,0.10,2.00,0.36,OK,
[10:44:34] : Cycle start ON
[10:44:36] : Cycle start OFF
[10:45:05] : REQUEST MEAS. ON
[10:45:14] : REQUEST MEAS. OFF
[10:45:14] : end pos sig1 : 50.000000, 50.000000
[10:45:15] : 측정요구 ON 2
[10:45:24] : 측정요구 2OFF
[10:45:24] : end pos sig2 : -50.000000, -50.000000
[10:45:28] : 측정요구3 ON
[10:45:37] : 측정요구3 OFF
[10:45:37] : end pos sig3 : 50.000000, 50.000000
[10:45:37] : 측정요구4 ON
[10:45:46] : 측정요구4 OFF
[10:45:46] : end pos sig4 : -50.000000, -50.000000
[10:45:46] : 12,20181204-104547,CF18112052421,,NG,MAX,2, ,0.10,2.00,0.93,OK,0.10,2.00,2.36,NG,0.10,2.00,0.56,OK,0.10,2.00,0.72,OK,
[10:47:19] : Cycle start ON
[10:47:21] : Cycle start OFF
[10:47:47] : REQUEST MEAS. ON
[10:47:57] : REQUEST MEAS. OFF
[10:47:57] : end pos sig1 : 50.000000, 50.000000
[10:47:57] : 측정요구 ON 2
[10:48:06] : 측정요구 2OFF
[10:48:06] : end pos sig2 : -50.000000, -50.000000
[10:48:09] : 측정요구3 ON
[10:48:18] : 측정요구3 OFF
[10:48:18] : end pos sig3 : 50.000000, 50.000000
[10:48:18] : 측정요구4 ON
[10:48:28] : 측정요구4 OFF
[10:48:28] : end pos sig4 : -50.000000, -50.000000
[10:48:28] : 12,20181204-104829,CF18112052511,,OK,MAX,2, ,0.10,2.00,1.07,OK,0.10,2.00,1.27,OK,0.10,2.00,0.41,OK,0.10,2.00,0.45,OK,
[10:48:49] : Cycle start ON
[10:48:51] : Cycle start OFF
[10:49:16] : REQUEST MEAS. ON
[10:49:25] : REQUEST MEAS. OFF
[10:49:25] : end pos sig1 : 50.000000, 50.000000
[10:49:25] : 측정요구 ON 2
[10:49:34] : 측정요구 2OFF
[10:49:34] : end pos sig2 : -50.000000, -50.000000
[10:49:38] : 측정요구3 ON
[10:49:47] : 측정요구3 OFF
[10:49:47] : end pos sig3 : 50.000000, 50.000000
[10:49:47] : 측정요구4 ON
[10:49:57] : 측정요구4 OFF
[10:49:57] : end pos sig4 : -50.000000, -50.000000
[10:49:57] : 12,20181204-104957,CF18112052251,,OK,MAX,2, ,0.10,2.00,1.07,OK,0.10,2.00,1.21,OK,0.10,2.00,0.53,OK,0.10,2.00,0.50,OK,
[10:50:12] : Cycle start ON
[10:50:14] : Cycle start OFF
[10:50:44] : REQUEST MEAS. ON
[10:50:53] : REQUEST MEAS. OFF
[10:50:53] : end pos sig1 : 50.000000, 50.000000
[10:50:53] : 측정요구 ON 2
[10:51:02] : 측정요구 2OFF
[10:51:02] : end pos sig2 : -50.000000, -50.000000
[10:51:06] : 측정요구3 ON
[10:51:15] : 측정요구3 OFF
[10:51:15] : end pos sig3 : 50.000000, 50.000000
[10:51:15] : 측정요구4 ON
[10:51:25] : 측정요구4 OFF
[10:51:25] : end pos sig4 : -50.000000, -50.000000
[10:51:25] : 12,20181204-105125,CF18112053241,,OK,MAX,2, ,0.10,2.00,1.19,OK,0.10,2.00,1.20,OK,0.10,2.00,0.48,OK,0.10,2.00,0.46,OK,
[10:51:40] : Cycle start ON
[10:51:42] : Cycle start OFF
[10:52:11] : REQUEST MEAS. ON
[10:52:20] : REQUEST MEAS. OFF
[10:52:20] : end pos sig1 : 50.000000, 50.000000
[10:52:20] : 측정요구 ON 2
[10:52:30] : 측정요구 2OFF
[10:52:30] : end pos sig2 : -50.000000, -50.000000
[10:52:34] : 측정요구3 ON
[10:52:43] : 측정요구3 OFF
[10:52:43] : end pos sig3 : 50.000000, 50.000000
[10:52:43] : 측정요구4 ON
[10:52:52] : 측정요구4 OFF
[10:52:52] : end pos sig4 : -50.000000, -50.000000
[10:52:52] : 12,20181204-105253,CF18112052551,,OK,MAX,2, ,0.10,2.00,0.99,OK,0.10,2.00,1.18,OK,0.10,2.00,0.45,OK,0.10,2.00,0.40,OK,
[10:53:09] : Cycle start ON
[10:53:11] : Cycle start OFF
[10:53:39] : REQUEST MEAS. ON
[10:53:48] : REQUEST MEAS. OFF
[10:53:48] : end pos sig1 : 50.000000, 50.000000
[10:53:48] : 측정요구 ON 2
[10:53:58] : 측정요구 2OFF
[10:53:58] : end pos sig2 : -50.000000, -50.000000
[10:54:01] : 측정요구3 ON
[10:54:10] : 측정요구3 OFF
[10:54:10] : end pos sig3 : 50.000000, 50.000000
[10:54:10] : 측정요구4 ON
[10:54:20] : 측정요구4 OFF
[10:54:20] : end pos sig4 : -50.000000, -50.000000
[10:54:20] : 12,20181204-105421,CF18112051641,,OK,MAX,2, ,0.10,2.00,0.71,OK,0.10,2.00,0.96,OK,0.10,2.00,0.46,OK,0.10,2.00,0.62,OK,
[11:00:57] : Cycle start ON
[11:00:59] : Cycle start OFF
[11:01:26] : REQUEST MEAS. ON
[11:01:35] : REQUEST MEAS. OFF
[11:01:35] : end pos sig1 : 50.000000, 50.000000
[11:01:35] : 측정요구 ON 2
[11:01:44] : 측정요구 2OFF
[11:01:44] : end pos sig2 : -50.000000, -50.000000
[11:01:48] : 측정요구3 ON
[11:01:57] : 측정요구3 OFF
[11:01:57] : end pos sig3 : 50.000000, 50.000000
[11:01:57] : 측정요구4 ON
[11:02:06] : 측정요구4 OFF
[11:02:06] : end pos sig4 : -50.000000, -50.000000
[11:02:06] : 12,20181204-110207,CF18112052981,,OK,MAX,2, ,0.10,2.00,0.95,OK,0.10,2.00,1.05,OK,0.10,2.00,0.45,OK,0.10,2.00,0.63,OK,
[11:18:58] : Cycle start ON
[11:19:00] : Cycle start OFF
[11:19:27] : REQUEST MEAS. ON
[11:19:36] : REQUEST MEAS. OFF
[11:19:36] : end pos sig1 : 50.000000, 50.000000
[11:19:36] : 측정요구 ON 2
[11:19:46] : 측정요구 2OFF
[11:19:46] : end pos sig2 : -50.000000, -50.000000
[11:19:49] : 측정요구3 ON
[11:19:58] : 측정요구3 OFF
[11:19:58] : end pos sig3 : 50.000000, 50.000000
[11:19:58] : 측정요구4 ON
[11:20:08] : 측정요구4 OFF
[11:20:08] : end pos sig4 : -50.000000, -50.000000
[11:20:08] : 12,20181204-112008,CF18112051991,,NG,MAX,2, ,0.10,2.00,1.13,OK,0.10,2.00,2.10,NG,0.10,2.00,0.47,OK,0.10,2.00,0.59,OK,
[11:20:32] : Cycle start ON
[11:20:34] : Cycle start OFF
[11:20:54] : REQUEST MEAS. ON
[11:21:03] : REQUEST MEAS. OFF
[11:21:03] : end pos sig1 : 50.000000, 50.000000
[11:21:03] : 측정요구 ON 2
[11:21:13] : 측정요구 2OFF
[11:21:13] : end pos sig2 : -50.000000, -50.000000
[11:21:17] : 측정요구3 ON
[11:21:26] : 측정요구3 OFF
[11:21:26] : end pos sig3 : 50.000000, 50.000000
[11:21:26] : 측정요구4 ON
[11:21:35] : 측정요구4 OFF
[11:21:35] : end pos sig4 : -48.480000, -48.660000
[11:21:35] : 12,20181204-112136,CF18112052671,,OK,MAX,2, ,0.10,2.00,0.95,OK,0.10,2.00,1.35,OK,0.10,2.00,0.35,OK,0.10,2.00,0.35,OK,
[11:21:51] : Cycle start ON
[11:21:53] : Cycle start OFF
[11:22:22] : REQUEST MEAS. ON
[11:22:32] : REQUEST MEAS. OFF
[11:22:32] : end pos sig1 : 50.000000, 50.000000
[11:22:32] : 측정요구 ON 2
[11:22:41] : 측정요구 2OFF
[11:22:41] : end pos sig2 : -50.000000, -50.000000
[11:22:45] : 측정요구3 ON
[11:22:54] : 측정요구3 OFF
[11:22:54] : end pos sig3 : 50.000000, 50.000000
[11:22:54] : 측정요구4 ON
[11:23:03] : 측정요구4 OFF
[11:23:03] : end pos sig4 : -50.000000, -50.000000
[11:23:03] : 12,20181204-112304,CF18112053311,,OK,MAX,2, ,0.10,2.00,1.04,OK,0.10,2.00,1.36,OK,0.10,2.00,0.79,OK,0.10,2.00,0.44,OK,
[11:23:24] : Cycle start ON
[11:23:26] : Cycle start OFF
[11:23:51] : REQUEST MEAS. ON
[11:24:00] : REQUEST MEAS. OFF
[11:24:00] : end pos sig1 : 50.000000, 50.000000
[11:24:00] : 측정요구 ON 2
[11:24:09] : 측정요구 2OFF
[11:24:09] : end pos sig2 : -50.000000, -50.000000
[11:24:13] : 측정요구3 ON
[11:24:22] : 측정요구3 OFF
[11:24:22] : end pos sig3 : 50.000000, 50.000000
[11:24:22] : 측정요구4 ON
[11:24:31] : 측정요구4 OFF
[11:24:31] : end pos sig4 : -50.000000, -50.000000
[11:24:31] : 12,20181204-112432,CF18112053691,,OK,MAX,2, ,0.10,2.00,0.83,OK,0.10,2.00,1.06,OK,0.10,2.00,0.29,OK,0.10,2.00,0.40,OK,
[11:24:48] : Cycle start ON
[11:24:49] : Cycle start OFF
[11:25:19] : REQUEST MEAS. ON
[11:25:28] : REQUEST MEAS. OFF
[11:25:28] : end pos sig1 : 50.000000, 50.000000
[11:25:28] : 측정요구 ON 2
[11:25:37] : 측정요구 2OFF
[11:25:37] : end pos sig2 : -50.000000, -50.000000
[11:25:41] : 측정요구3 ON
[11:25:50] : 측정요구3 OFF
[11:25:50] : end pos sig3 : 50.000000, 50.000000
[11:25:50] : 측정요구4 ON
[11:25:59] : 측정요구4 OFF
[11:25:59] : end pos sig4 : -50.000000, -50.000000
[11:25:59] : 12,20181204-112600,CF18112052591,,OK,MAX,2, ,0.10,2.00,1.01,OK,0.10,2.00,1.14,OK,0.10,2.00,0.50,OK,0.10,2.00,0.54,OK,
[11:27:36] : Cycle start ON
[11:27:38] : Cycle start OFF
[11:28:05] : REQUEST MEAS. ON
[11:28:14] : REQUEST MEAS. OFF
[11:28:14] : end pos sig1 : 50.000000, 50.000000
[11:28:14] : 측정요구 ON 2
[11:28:24] : 측정요구 2OFF
[11:28:24] : end pos sig2 : -50.000000, -50.000000
[11:28:27] : 측정요구3 ON
[11:28:36] : 측정요구3 OFF
[11:28:36] : end pos sig3 : 50.000000, 50.000000
[11:28:36] : 측정요구4 ON
[11:28:46] : 측정요구4 OFF
[11:28:46] : end pos sig4 : -50.000000, -50.000000
[11:28:46] : 12,20181204-112846,CF18112051671,,OK,MAX,2, ,0.10,2.00,0.86,OK,0.10,2.00,1.24,OK,0.10,2.00,0.45,OK,0.10,2.00,0.44,OK,
[11:29:01] : Cycle start ON
[11:29:03] : Cycle start OFF
[11:29:33] : REQUEST MEAS. ON
[11:29:42] : REQUEST MEAS. OFF
[11:29:42] : end pos sig1 : 50.000000, 50.000000
[11:29:42] : 측정요구 ON 2
[11:29:52] : 측정요구 2OFF
[11:29:52] : end pos sig2 : -50.000000, -50.000000
[11:29:55] : 측정요구3 ON
[11:30:04] : 측정요구3 OFF
[11:30:04] : end pos sig3 : 50.000000, 50.000000
[11:30:04] : 측정요구4 ON
[11:30:14] : 측정요구4 OFF
[11:30:14] : end pos sig4 : -50.000000, -50.000000
[11:30:14] : 12,20181204-113015,CF18112053461,,OK,MAX,2, ,0.10,2.00,0.97,OK,0.10,2.00,1.56,OK,0.10,2.00,0.50,OK,0.10,2.00,0.48,OK,
[11:30:30] : Cycle start ON
[11:30:32] : Cycle start OFF
[11:31:02] : REQUEST MEAS. ON
[11:31:11] : REQUEST MEAS. OFF
[11:31:11] : end pos sig1 : 50.000000, 50.000000
[11:31:11] : 측정요구 ON 2
[11:31:20] : 측정요구 2OFF
[11:31:20] : end pos sig2 : -50.000000, -50.000000
[11:31:23] : 측정요구3 ON
[11:31:32] : 측정요구3 OFF
[11:31:32] : end pos sig3 : 50.000000, 50.000000
[11:31:32] : 측정요구4 ON
[11:31:42] : 측정요구4 OFF
[11:31:42] : end pos sig4 : -50.000000, -50.000000
[11:31:42] : 12,20181204-113142,CF18112052581,,OK,MAX,2, ,0.10,2.00,1.46,OK,0.10,2.00,1.14,OK,0.10,2.00,0.39,OK,0.10,2.00,0.26,OK,
[11:31:59] : Cycle start ON
[11:32:00] : Cycle start OFF
[11:32:30] : REQUEST MEAS. ON
[11:32:39] : REQUEST MEAS. OFF
[11:32:39] : end pos sig1 : 50.000000, 50.000000
[11:32:39] : 측정요구 ON 2
[11:32:48] : 측정요구 2OFF
[11:32:48] : end pos sig2 : -50.000000, -50.000000
[11:32:51] : 측정요구3 ON
[11:33:00] : 측정요구3 OFF
[11:33:00] : end pos sig3 : 50.000000, 50.000000
[11:33:00] : 측정요구4 ON
[11:33:10] : 측정요구4 OFF
[11:33:10] : end pos sig4 : -50.000000, -50.000000
[11:33:10] : 12,20181204-113311,CF18112053791,,OK,MAX,2, ,0.10,2.00,1.19,OK,0.10,2.00,1.87,OK,0.10,2.00,0.29,OK,0.10,2.00,0.58,OK,
[11:33:50] : Cycle start ON
[11:33:52] : Cycle start OFF
[11:33:58] : REQUEST MEAS. ON
[11:34:07] : REQUEST MEAS. OFF
[11:34:07] : end pos sig1 : 50.000000, 50.000000
[11:34:07] : 측정요구 ON 2
[11:34:16] : 측정요구 2OFF
[11:34:16] : end pos sig2 : -50.000000, -50.000000
[11:34:19] : 측정요구3 ON
[11:34:28] : 측정요구3 OFF
[11:34:28] : end pos sig3 : 50.000000, 50.000000
[11:34:28] : 측정요구4 ON
[11:34:38] : 측정요구4 OFF
[11:34:38] : end pos sig4 : -50.000000, -50.000000
[11:34:38] : 12,20181204-113439,CF18112052831,,OK,MAX,2, ,0.10,2.00,0.74,OK,0.10,2.00,0.83,OK,0.10,2.00,0.40,OK,0.10,2.00,0.52,OK,
[11:35:18] : Cycle start ON
[11:35:20] : Cycle start OFF
[11:35:47] : REQUEST MEAS. ON
[11:35:56] : REQUEST MEAS. OFF
[11:35:56] : end pos sig1 : 50.000000, 50.000000
[11:35:56] : 측정요구 ON 2
[11:36:05] : 측정요구 2OFF
[11:36:05] : end pos sig2 : -50.000000, -50.000000
[11:36:09] : 측정요구3 ON
[11:36:18] : 측정요구3 OFF
[11:36:18] : end pos sig3 : 50.000000, 50.000000
[11:36:18] : 측정요구4 ON
[11:36:27] : 측정요구4 OFF
[11:36:27] : end pos sig4 : -50.000000, -50.000000
[11:36:27] : 12,20181204-113628,CF18112053971,,NG,MAX,2, ,0.10,2.00,1.17,OK,0.10,2.00,2.28,NG,0.10,2.00,0.88,OK,0.10,2.00,0.41,OK,
[11:36:52] : Cycle start ON
[11:36:54] : Cycle start OFF
[11:37:15] : REQUEST MEAS. ON
[11:37:24] : REQUEST MEAS. OFF
[11:37:24] : end pos sig1 : 50.000000, 50.000000
[11:37:24] : 측정요구 ON 2
[11:37:33] : 측정요구 2OFF
[11:37:33] : end pos sig2 : -50.000000, -50.000000
[11:37:37] : 측정요구3 ON
[11:37:46] : 측정요구3 OFF
[11:37:46] : end pos sig3 : 50.000000, 50.000000
[11:37:46] : 측정요구4 ON
[11:37:55] : 측정요구4 OFF
[11:37:55] : end pos sig4 : -50.000000, -50.000000
[11:37:55] : 12,20181204-113756,CF18112053821,,OK,MAX,2, ,0.10,2.00,1.07,OK,0.10,2.00,1.56,OK,0.10,2.00,0.41,OK,0.10,2.00,0.31,OK,
[11:38:14] : Cycle start ON
[11:38:16] : Cycle start OFF
[11:38:42] : REQUEST MEAS. ON
[11:38:52] : REQUEST MEAS. OFF
[11:38:52] : end pos sig1 : 50.000000, 50.000000
[11:38:52] : 측정요구 ON 2
[11:39:01] : 측정요구 2OFF
[11:39:01] : end pos sig2 : -50.000000, -50.000000
[11:39:05] : 측정요구3 ON
[11:39:14] : 측정요구3 OFF
[11:39:14] : end pos sig3 : 50.000000, 50.000000
[11:39:14] : 측정요구4 ON
[11:39:23] : 측정요구4 OFF
[11:39:23] : end pos sig4 : -50.000000, -50.000000
[11:39:23] : 12,20181204-113924,CF18112053001,,OK,MAX,2, ,0.10,2.00,0.89,OK,0.10,2.00,1.01,OK,0.10,2.00,0.55,OK,0.10,2.00,0.50,OK,
[11:39:39] : Cycle start ON
[11:39:41] : Cycle start OFF
[11:40:11] : REQUEST MEAS. ON
[11:40:20] : REQUEST MEAS. OFF
[11:40:20] : end pos sig1 : 50.000000, 50.000000
[11:40:20] : 측정요구 ON 2
[11:40:29] : 측정요구 2OFF
[11:40:29] : end pos sig2 : -50.000000, -50.000000
[11:40:33] : 측정요구3 ON
[11:40:42] : 측정요구3 OFF
[11:40:42] : end pos sig3 : 50.000000, 50.000000
[11:40:42] : 측정요구4 ON
[11:40:52] : 측정요구4 OFF
[11:40:52] : end pos sig4 : -50.000000, -50.000000
[11:40:52] : 12,20181204-114052,CF18112052641,,OK,MAX,2, ,0.10,2.00,1.35,OK,0.10,2.00,1.26,OK,0.10,2.00,1.05,OK,0.10,2.00,0.67,OK,
[11:41:08] : Cycle start ON
[11:41:10] : Cycle start OFF
[11:41:38] : REQUEST MEAS. ON
[11:41:48] : REQUEST MEAS. OFF
[11:41:48] : end pos sig1 : 50.000000, 50.000000
[11:41:48] : 측정요구 ON 2
[11:41:57] : 측정요구 2OFF
[11:41:57] : end pos sig2 : -50.000000, -50.000000
[11:42:01] : 측정요구3 ON
[11:42:10] : 측정요구3 OFF
[11:42:10] : end pos sig3 : 50.000000, 50.000000
[11:42:10] : 측정요구4 ON
[11:42:20] : 측정요구4 OFF
[11:42:20] : end pos sig4 : -50.000000, -50.000000
[11:42:20] : 12,20181204-114220,CF18112052621,,OK,MAX,2, ,0.10,2.00,0.86,OK,0.10,2.00,1.52,OK,0.10,2.00,0.56,OK,0.10,2.00,0.69,OK,
[11:42:43] : Cycle start ON
[11:42:45] : Cycle start OFF
[11:43:07] : REQUEST MEAS. ON
[11:43:16] : REQUEST MEAS. OFF
[11:43:16] : end pos sig1 : 50.000000, 50.000000
[11:43:16] : 측정요구 ON 2
[11:43:26] : 측정요구 2OFF
[11:43:26] : end pos sig2 : -50.000000, -50.000000
[11:43:29] : 측정요구3 ON
[11:43:38] : 측정요구3 OFF
[11:43:38] : end pos sig3 : 50.000000, 50.000000
[11:43:38] : 측정요구4 ON
[11:43:48] : 측정요구4 OFF
[11:43:48] : end pos sig4 : -50.000000, -50.000000
[11:43:48] : 12,20181204-114348,CF18112052691,,OK,MAX,2, ,0.10,2.00,1.08,OK,0.10,2.00,1.67,OK,0.10,2.00,0.47,OK,0.10,2.00,0.33,OK,
[11:44:05] : Cycle start ON
[11:44:07] : Cycle start OFF
[11:44:35] : REQUEST MEAS. ON
[11:44:44] : REQUEST MEAS. OFF
[11:44:44] : end pos sig1 : 50.000000, 50.000000
[11:44:44] : 측정요구 ON 2
[11:44:54] : 측정요구 2OFF
[11:44:54] : end pos sig2 : -50.000000, -50.000000
[11:44:57] : 측정요구3 ON
[11:45:06] : 측정요구3 OFF
[11:45:06] : end pos sig3 : 50.000000, 50.000000
[11:45:06] : 측정요구4 ON
[11:45:16] : 측정요구4 OFF
[11:45:16] : end pos sig4 : -50.000000, -50.000000
[11:45:16] : 12,20181204-114516,CF18112053441,,OK,MAX,2, ,0.10,2.00,0.66,OK,0.10,2.00,1.22,OK,0.10,2.00,0.49,OK,0.10,2.00,0.53,OK,
[11:45:31] : Cycle start ON
[11:45:34] : Cycle start OFF
[11:46:03] : REQUEST MEAS. ON
[11:46:12] : REQUEST MEAS. OFF
[11:46:12] : end pos sig1 : 50.000000, 50.000000
[11:46:12] : 측정요구 ON 2
[11:46:22] : 측정요구 2OFF
[11:46:22] : end pos sig2 : -50.000000, -50.000000
[11:46:25] : 측정요구3 ON
[11:46:34] : 측정요구3 OFF
[11:46:34] : end pos sig3 : 50.000000, 50.000000
[11:46:34] : 측정요구4 ON
[11:46:44] : 측정요구4 OFF
[11:46:44] : end pos sig4 : -50.000000, -50.000000
[11:46:44] : 12,20181204-114644,CF18112053351,,OK,MAX,2, ,0.10,2.00,1.19,OK,0.10,2.00,1.25,OK,0.10,2.00,0.36,OK,0.10,2.00,0.30,OK,
[11:47:00] : Cycle start ON
[11:47:03] : Cycle start OFF
[11:47:31] : REQUEST MEAS. ON
[11:47:40] : REQUEST MEAS. OFF
[11:47:40] : end pos sig1 : 50.000000, 50.000000
[11:47:41] : 측정요구 ON 2
[11:47:50] : 측정요구 2OFF
[11:47:50] : end pos sig2 : -50.000000, -50.000000
[11:47:53] : 측정요구3 ON
[11:48:02] : 측정요구3 OFF
[11:48:02] : end pos sig3 : 50.000000, 50.000000
[11:48:02] : 측정요구4 ON
[11:48:12] : 측정요구4 OFF
[11:48:12] : end pos sig4 : -50.000000, -50.000000
[11:48:12] : 12,20181204-114812,CF18112053701,,OK,MAX,2, ,0.10,2.00,0.81,OK,0.10,2.00,1.67,OK,0.10,2.00,1.02,OK,0.10,2.00,0.37,OK,
[11:48:28] : Cycle start ON
[11:48:30] : Cycle start OFF
[11:48:59] : REQUEST MEAS. ON
[11:49:08] : REQUEST MEAS. OFF
[11:49:08] : end pos sig1 : 50.000000, 50.000000
[11:49:08] : 측정요구 ON 2
[11:49:17] : 측정요구 2OFF
[11:49:17] : end pos sig2 : -50.000000, -50.000000
[11:49:21] : 측정요구3 ON
[11:49:30] : 측정요구3 OFF
[11:49:30] : end pos sig3 : 50.000000, 50.000000
[11:49:30] : 측정요구4 ON
[11:49:40] : 측정요구4 OFF
[11:49:40] : end pos sig4 : -50.000000, -50.000000
[11:49:40] : 12,20181204-114940,CF18112053511,,OK,MAX,2, ,0.10,2.00,1.00,OK,0.10,2.00,1.36,OK,0.10,2.00,0.36,OK,0.10,2.00,0.39,OK,
[11:49:56] : Cycle start ON
[11:49:58] : Cycle start OFF
 
[11:50:26] : REQUEST MEAS. ON
[11:50:35] : REQUEST MEAS. OFF
[11:50:35] : end pos sig1 : 50.000000, 50.000000
[11:50:35] : 측정요구 ON 2
[11:50:45] : 측정요구 2OFF
[11:50:45] : end pos sig2 : -50.000000, -50.000000
[11:50:49] : 측정요구3 ON
[11:50:58] : 측정요구3 OFF
[11:50:58] : end pos sig3 : 50.000000, 50.000000
[11:50:58] : 측정요구4 ON
[11:51:07] : 측정요구4 OFF
[11:51:07] : end pos sig4 : -50.000000, -50.000000
[11:51:07] : 12,20181204-115108,CF18112052501,,OK,MAX,2, ,0.10,2.00,1.11,OK,0.10,2.00,1.31,OK,0.10,2.00,0.61,OK,0.10,2.00,1.05,OK,
[11:53:23] : AUTO RUNNING OFF
[13:27:32] : MEAS ESC ON
[13:27:34] : MEAS ESC OFF
[13:27:41] : MEAS ESC ON
[13:27:41] : MEAS ESC OFF
[13:27:41] : AUTO RUNNING ON
[13:27:45] : AUTO RUNNING OFF
[13:27:51] : MEAS ESC ON
[13:27:51] : MEAS ESC OFF
[13:27:51] : AUTO RUNNING ON
[13:29:05] : Cycle start ON
[13:29:07] : Cycle start OFF
[13:29:34] : REQUEST MEAS. ON
[13:29:43] : REQUEST MEAS. OFF
[13:29:43] : end pos sig1 : 50.000000, 50.000000
[13:29:43] : 측정요구 ON 2
[13:29:53] : 측정요구 2OFF
[13:29:53] : end pos sig2 : -50.000000, -50.000000
[13:29:56] : 측정요구3 ON
[13:30:05] : 측정요구3 OFF
[13:30:05] : end pos sig3 : 50.000000, 50.000000
[13:30:05] : 측정요구4 ON
[13:30:15] : 측정요구4 OFF
[13:30:15] : end pos sig4 : -50.000000, -50.000000
[13:30:15] : 12,20181204-133016,CF18112053851,,OK,MAX,2, ,0.10,2.00,0.67,OK,0.10,2.00,1.19,OK,0.10,2.00,0.38,OK,0.10,2.00,0.42,OK,
[13:30:34] : Cycle start ON
[13:30:36] : Cycle start OFF
[13:31:03] : REQUEST MEAS. ON
[13:31:12] : REQUEST MEAS. OFF
[13:31:12] : end pos sig1 : 50.000000, 50.000000
[13:31:12] : 측정요구 ON 2
[13:31:21] : 측정요구 2OFF
[13:31:21] : end pos sig2 : -50.000000, -50.000000
[13:31:24] : 측정요구3 ON
[13:31:33] : 측정요구3 OFF
[13:31:33] : end pos sig3 : 50.000000, 50.000000
[13:31:33] : 측정요구4 ON
[13:31:43] : 측정요구4 OFF
[13:31:43] : end pos sig4 : -50.000000, -50.000000
[13:31:43] : 12,20181204-133144,CF18112051601,,OK,MAX,2, ,0.10,2.00,1.07,OK,0.10,2.00,1.31,OK,0.10,2.00,0.30,OK,0.10,2.00,0.97,OK,
[13:32:00] : Cycle start ON
[13:32:02] : Cycle start OFF
[13:32:31] : REQUEST MEAS. ON
[13:32:40] : REQUEST MEAS. OFF
[13:32:40] : end pos sig1 : 50.000000, 50.000000
[13:32:40] : 측정요구 ON 2
[13:32:49] : 측정요구 2OFF
[13:32:49] : end pos sig2 : -50.000000, -50.000000
[13:32:53] : 측정요구3 ON
[13:33:02] : 측정요구3 OFF
[13:33:02] : end pos sig3 : 50.000000, 50.000000
[13:33:02] : 측정요구4 ON
[13:33:12] : 측정요구4 OFF
[13:33:12] : end pos sig4 : -50.000000, -50.000000
[13:33:12] : 12,20181204-133312,CF18112052861,,OK,MAX,2, ,0.10,2.00,0.70,OK,0.10,2.00,1.04,OK,0.10,2.00,0.40,OK,0.10,2.00,0.34,OK,
[13:33:28] : Cycle start ON
[13:33:29] : Cycle start OFF
[13:33:59] : REQUEST MEAS. ON
[13:34:08] : REQUEST MEAS. OFF
[13:34:08] : end pos sig1 : 50.000000, 50.000000
[13:34:08] : 측정요구 ON 2
[13:34:17] : 측정요구 2OFF
[13:34:17] : end pos sig2 : -50.000000, -50.000000
[13:34:21] : 측정요구3 ON
[13:34:30] : 측정요구3 OFF
[13:34:30] : end pos sig3 : 50.000000, 50.000000
[13:34:30] : 측정요구4 ON
[13:34:40] : 측정요구4 OFF
[13:34:40] : end pos sig4 : -50.000000, -50.000000
[13:34:40] : 12,20181204-133440,CF18112052101,,OK,MAX,2, ,0.10,2.00,0.70,OK,0.10,2.00,0.90,OK,0.10,2.00,0.46,OK,0.10,2.00,0.26,OK,
[13:34:55] : Cycle start ON
[13:34:57] : Cycle start OFF
[13:35:27] : REQUEST MEAS. ON
[13:35:36] : REQUEST MEAS. OFF
[13:35:36] : end pos sig1 : 50.000000, 50.000000
[13:35:36] : 측정요구 ON 2
[13:35:46] : 측정요구 2OFF
[13:35:46] : end pos sig2 : -50.000000, -50.000000
[13:35:49] : 측정요구3 ON
[13:35:58] : 측정요구3 OFF
[13:35:58] : end pos sig3 : 50.000000, 50.000000
[13:35:58] : 측정요구4 ON
[13:36:08] : 측정요구4 OFF
[13:36:08] : end pos sig4 : -50.000000, -50.000000
[13:36:08] : 12,20181204-133608,CF18112053301,,OK,MAX,2, ,0.10,2.00,1.09,OK,0.10,2.00,1.34,OK,0.10,2.00,0.42,OK,0.10,2.00,0.35,OK,
[13:36:24] : Cycle start ON
[13:36:25] : Cycle start OFF
[13:36:54] : REQUEST MEAS. ON
[13:37:03] : REQUEST MEAS. OFF
[13:37:03] : end pos sig1 : 50.000000, 50.000000
[13:37:03] : 측정요구 ON 2
[13:37:13] : 측정요구 2OFF
[13:37:13] : end pos sig2 : -50.000000, -50.000000
[13:37:17] : 측정요구3 ON
[13:37:26] : 측정요구3 OFF
[13:37:26] : end pos sig3 : 50.000000, 50.000000
[13:37:26] : 측정요구4 ON
[13:37:35] : 측정요구4 OFF
[13:37:35] : end pos sig4 : -50.000000, -50.000000
[13:37:35] : 12,20181204-133736,CF18112053761,,OK,MAX,2, ,0.10,2.00,0.73,OK,0.10,2.00,1.28,OK,0.10,2.00,0.36,OK,0.10,2.00,0.32,OK,
[13:37:52] : Cycle start ON
[13:37:54] : Cycle start OFF
[13:38:23] : REQUEST MEAS. ON
[13:38:32] : REQUEST MEAS. OFF
[13:38:32] : end pos sig1 : 50.000000, 50.000000
[13:38:32] : 측정요구 ON 2
[13:38:42] : 측정요구 2OFF
[13:38:42] : end pos sig2 : -50.000000, -50.000000
[13:38:45] : 측정요구3 ON
[13:38:54] : 측정요구3 OFF
[13:38:54] : end pos sig3 : 50.000000, 50.000000
[13:38:54] : 측정요구4 ON
[13:39:04] : 측정요구4 OFF
[13:39:04] : end pos sig4 : -50.000000, -50.000000
[13:39:04] : 12,20181204-133904,CF18112053121,,OK,MAX,2, ,0.10,2.00,0.96,OK,0.10,2.00,1.01,OK,0.10,2.00,0.47,OK,0.10,2.00,0.36,OK,
[13:39:21] : Cycle start ON
[13:39:23] : Cycle start OFF
[13:39:52] : REQUEST MEAS. ON
[13:40:01] : REQUEST MEAS. OFF
[13:40:01] : end pos sig1 : 50.000000, 50.000000
[13:40:01] : 측정요구 ON 2
[13:40:10] : 측정요구 2OFF
[13:40:10] : end pos sig2 : -50.000000, -50.000000
[13:40:13] : 측정요구3 ON
[13:40:22] : 측정요구3 OFF
[13:40:22] : end pos sig3 : 50.000000, 50.000000
[13:40:22] : 측정요구4 ON
[13:40:32] : 측정요구4 OFF
[13:40:32] : end pos sig4 : -50.000000, -50.000000
[13:40:32] : 12,20181204-134033,CF18112053661,,OK,MAX,2, ,0.10,2.00,1.16,OK,0.10,2.00,1.01,OK,0.10,2.00,1.15,OK,0.10,2.00,0.37,OK,
[13:40:49] : Cycle start ON
[13:40:52] : Cycle start OFF
[13:41:19] : REQUEST MEAS. ON
[13:41:29] : REQUEST MEAS. OFF
[13:41:29] : end pos sig1 : 50.000000, 50.000000
[13:41:29] : 측정요구 ON 2
[13:41:38] : 측정요구 2OFF
[13:41:38] : end pos sig2 : -50.000000, -50.000000
[13:41:41] : 측정요구3 ON
[13:41:50] : 측정요구3 OFF
[13:41:50] : end pos sig3 : 50.000000, 50.000000
[13:41:50] : 측정요구4 ON
[13:42:00] : 측정요구4 OFF
[13:42:00] : end pos sig4 : -50.000000, -50.000000
[13:42:00] : 12,20181204-134201,CF18112052551,,OK,MAX,2, ,0.10,2.00,0.97,OK,0.10,2.00,1.07,OK,0.10,2.00,0.45,OK,0.10,2.00,0.93,OK,
[13:50:23] : MEAS ESC ON
[13:50:23] : AUTO RUNNING OFF
[13:50:30] : MEAS ESC OFF
[13:50:30] : AUTO RUNNING ON
[14:08:28] : AUTO RUNNING OFF
[15:00:11] : MEAS ESC ON
[15:00:13] : MEAS ESC OFF
[15:00:13] : AUTO RUNNING ON
[15:00:54] : Cycle start ON
[15:00:56] : Cycle start OFF
[15:01:23] : REQUEST MEAS. ON
[15:01:32] : REQUEST MEAS. OFF
[15:01:32] : end pos sig1 : 50.000000, 50.000000
[15:01:32] : 측정요구 ON 2
[15:01:42] : 측정요구 2OFF
[15:01:42] : end pos sig2 : -50.000000, -50.000000
[15:01:45] : 측정요구3 ON
[15:01:54] : 측정요구3 OFF
[15:01:54] : end pos sig3 : 50.000000, 50.000000
[15:01:54] : 측정요구4 ON
[15:02:04] : 측정요구4 OFF
[15:02:04] : end pos sig4 : -50.000000, -50.000000
[15:02:04] : 12,20181204-150205,CF18112051671,,OK,MAX,2, ,0.10,2.00,0.86,OK,0.10,2.00,1.25,OK,0.10,2.00,0.46,OK,0.10,2.00,0.41,OK,
[15:04:59] : Cycle start ON
[15:05:01] : Cycle start OFF
[15:05:29] : REQUEST MEAS. ON
[15:05:38] : REQUEST MEAS. OFF
[15:05:38] : end pos sig1 : 50.000000, 50.000000
[15:05:38] : 측정요구 ON 2
[15:05:48] : 측정요구 2OFF
[15:05:48] : end pos sig2 : -50.000000, -50.000000
[15:05:51] : 측정요구3 ON
[15:06:00] : 측정요구3 OFF
[15:06:00] : end pos sig3 : 50.000000, 50.000000
[15:06:00] : 측정요구4 ON
[15:06:10] : 측정요구4 OFF
[15:06:10] : end pos sig4 : -50.000000, -50.000000
[15:06:10] : 12,20181204-150610,CF18112053691,,OK,MAX,2, ,0.10,2.00,1.15,OK,0.10,2.00,1.22,OK,0.10,2.00,0.27,OK,0.10,2.00,0.37,OK,
[15:06:31] : Cycle start ON
[15:06:33] : Cycle start OFF
[15:06:57] : REQUEST MEAS. ON
[15:07:06] : REQUEST MEAS. OFF
[15:07:06] : end pos sig1 : 50.000000, 50.000000
[15:07:07] : 측정요구 ON 2
[15:07:16] : 측정요구 2OFF
[15:07:16] : end pos sig2 : -50.000000, -50.000000
[15:07:19] : 측정요구3 ON
[15:07:28] : 측정요구3 OFF
[15:07:28] : end pos sig3 : 50.000000, 50.000000
[15:07:28] : 측정요구4 ON
[15:07:38] : 측정요구4 OFF
[15:07:38] : end pos sig4 : -50.000000, -50.000000
[15:07:38] : 12,20181204-150738,CF18112051641,,OK,MAX,2, ,0.10,2.00,1.10,OK,0.10,2.00,1.24,OK,0.10,2.00,0.45,OK,0.10,2.00,0.57,OK,
[15:07:53] : Cycle start ON
[15:07:55] : Cycle start OFF
[15:08:24] : REQUEST MEAS. ON
[15:08:33] : REQUEST MEAS. OFF
[15:08:33] : end pos sig1 : 50.000000, 50.000000
[15:08:34] : 측정요구 ON 2
[15:08:43] : 측정요구 2OFF
[15:08:43] : end pos sig2 : -50.000000, -50.000000
[15:08:47] : 측정요구3 ON
[15:08:56] : 측정요구3 OFF
[15:08:56] : end pos sig3 : 50.000000, 50.000000
[15:08:56] : 측정요구4 ON
[15:09:06] : 측정요구4 OFF
[15:09:06] : end pos sig4 : -50.000000, -50.000000
[15:09:06] : 12,20181204-150906,CF18112051561,,OK,MAX,2, ,0.10,2.00,1.62,OK,0.10,2.00,1.06,OK,0.10,2.00,0.38,OK,0.10,2.00,0.36,OK,
[15:09:22] : Cycle start ON
[15:09:24] : Cycle start OFF
[15:09:53] : REQUEST MEAS. ON
[15:10:02] : REQUEST MEAS. OFF
[15:10:02] : end pos sig1 : 50.000000, 50.000000
[15:10:02] : 측정요구 ON 2
[15:10:12] : 측정요구 2OFF
[15:10:12] : end pos sig2 : -50.000000, -50.000000
[15:10:15] : 측정요구3 ON
[15:10:24] : 측정요구3 OFF
[15:10:24] : end pos sig3 : 50.000000, 50.000000
[15:10:24] : 측정요구4 ON
[15:10:34] : 측정요구4 OFF
[15:10:34] : end pos sig4 : -50.000000, -50.000000
[15:10:34] : 12,20181204-151034,CF18112053881,,OK,MAX,2, ,0.10,2.00,1.05,OK,0.10,2.00,1.41,OK,0.10,2.00,0.31,OK,0.10,2.00,1.15,OK,
[15:10:50] : Cycle start ON
[15:10:52] : Cycle start OFF
[15:11:21] : REQUEST MEAS. ON
[15:11:30] : REQUEST MEAS. OFF
[15:11:30] : end pos sig1 : 50.000000, 50.000000
[15:11:30] : 측정요구 ON 2
[15:11:40] : 측정요구 2OFF
[15:11:40] : end pos sig2 : -50.000000, -50.000000
[15:11:43] : 측정요구3 ON
[15:11:52] : 측정요구3 OFF
[15:11:52] : end pos sig3 : 50.000000, 50.000000
[15:11:52] : 측정요구4 ON
[15:12:02] : 측정요구4 OFF
[15:12:02] : end pos sig4 : -50.000000, -50.000000
[15:12:02] : 12,20181204-151203,CF18112053631,,OK,MAX,2, ,0.10,2.00,0.93,OK,0.10,2.00,1.27,OK,0.10,2.00,0.44,OK,0.10,2.00,0.50,OK,
[15:12:26] : Cycle start ON
[15:12:28] : Cycle start OFF
[15:12:49] : REQUEST MEAS. ON
[15:12:59] : REQUEST MEAS. OFF
[15:12:59] : end pos sig1 : 50.000000, 50.000000
[15:12:59] : 측정요구 ON 2
[15:13:08] : 측정요구 2OFF
[15:13:08] : end pos sig2 : -50.000000, -50.000000
[15:13:11] : 측정요구3 ON
[15:13:20] : 측정요구3 OFF
[15:13:20] : end pos sig3 : 50.000000, 50.000000
[15:13:20] : 측정요구4 ON
[15:13:30] : 측정요구4 OFF
[15:13:30] : end pos sig4 : -50.000000, -50.000000
[15:13:30] : 12,20181204-151331,CF18112053261,,OK,MAX,2, ,0.10,2.00,0.66,OK,0.10,2.00,1.01,OK,0.10,2.00,0.46,OK,0.10,2.00,0.29,OK,
[15:13:47] : Cycle start ON
[15:13:49] : Cycle start OFF
[15:14:18] : REQUEST MEAS. ON
[15:14:27] : REQUEST MEAS. OFF
[15:14:27] : end pos sig1 : 50.000000, 50.000000
[15:14:27] : 측정요구 ON 2
[15:14:36] : 측정요구 2OFF
[15:14:36] : end pos sig2 : -50.000000, -50.000000
[15:14:40] : 측정요구3 ON
[15:14:49] : 측정요구3 OFF
[15:14:49] : end pos sig3 : 50.000000, 50.000000
[15:14:49] : 측정요구4 ON
[15:14:58] : 측정요구4 OFF
[15:14:58] : end pos sig4 : -50.000000, -50.000000
[15:14:58] : 12,20181204-151459,CF18112051191,,OK,MAX,2, ,0.10,2.00,1.82,OK,0.10,2.00,1.73,OK,0.10,2.00,0.40,OK,0.10,2.00,0.44,OK,
[15:15:15] : Cycle start ON
[15:15:17] : Cycle start OFF
[15:15:45] : REQUEST MEAS. ON
[15:15:54] : REQUEST MEAS. OFF
[15:15:54] : end pos sig1 : 50.000000, 50.000000
[15:15:55] : 측정요구 ON 2
[15:16:04] : 측정요구 2OFF
[15:16:04] : end pos sig2 : -50.000000, -50.000000
[15:16:07] : 측정요구3 ON
[15:16:16] : 측정요구3 OFF
[15:16:16] : end pos sig3 : 50.000000, 50.000000
[15:16:16] : 측정요구4 ON
[15:16:26] : 측정요구4 OFF
[15:16:26] : end pos sig4 : -50.000000, -50.000000
[15:16:26] : 12,20181204-151627,CF18112052631,,OK,MAX,2, ,0.10,2.00,0.91,OK,0.10,2.00,0.97,OK,0.10,2.00,1.62,OK,0.10,2.00,0.37,OK,
[15:16:43] : Cycle start ON
[15:16:45] : Cycle start OFF
[15:17:14] : REQUEST MEAS. ON
[15:17:23] : REQUEST MEAS. OFF
[15:17:23] : end pos sig1 : 50.000000, 50.000000
[15:17:23] : 측정요구 ON 2
[15:17:32] : 측정요구 2OFF
[15:17:32] : end pos sig2 : -50.000000, -50.000000
[15:17:35] : 측정요구3 ON
[15:17:44] : 측정요구3 OFF
[15:17:44] : end pos sig3 : 50.000000, 50.000000
[15:17:44] : 측정요구4 ON
[15:17:54] : 측정요구4 OFF
[15:17:54] : end pos sig4 : -50.000000, -50.000000
[15:17:54] : 12,20181204-151754,CF18112053781,,OK,MAX,2, ,0.10,2.00,0.87,OK,0.10,2.00,1.14,OK,0.10,2.00,0.49,OK,0.10,2.00,0.37,OK,
[15:18:11] : Cycle start ON
[15:18:13] : Cycle start OFF
[15:18:42] : REQUEST MEAS. ON
[15:18:51] : REQUEST MEAS. OFF
[15:18:51] : end pos sig1 : 50.000000, 50.000000
[15:18:51] : 측정요구 ON 2
[15:19:00] : 측정요구 2OFF
[15:19:00] : end pos sig2 : -50.000000, -50.000000
[15:19:03] : 측정요구3 ON
[15:19:12] : 측정요구3 OFF
[15:19:12] : end pos sig3 : 50.000000, 50.000000
[15:19:12] : 측정요구4 ON
[15:19:22] : 측정요구4 OFF
[15:19:22] : end pos sig4 : -50.000000, -50.000000
[15:19:22] : 12,20181204-151923,CF18112052021,,NG,MAX,2, ,0.10,2.00,1.05,OK,0.10,2.00,2.06,NG,0.10,2.00,0.42,OK,0.10,2.00,0.37,OK,
[15:19:43] : Cycle start ON
[15:19:45] : Cycle start OFF
[15:20:09] : REQUEST MEAS. ON
[15:20:18] : REQUEST MEAS. OFF
[15:20:18] : end pos sig1 : 50.000000, 50.000000
[15:20:18] : 측정요구 ON 2
[15:20:28] : 측정요구 2OFF
[15:20:28] : end pos sig2 : -50.000000, -50.000000
[15:20:31] : 측정요구3 ON
[15:20:40] : 측정요구3 OFF
[15:20:40] : end pos sig3 : 50.000000, 50.000000
[15:20:40] : 측정요구4 ON
[15:20:50] : 측정요구4 OFF
[15:20:50] : end pos sig4 : -50.000000, -50.000000
[15:20:50] : 12,20181204-152050,CF18112052251,,NG,MAX,2, ,0.10,2.00,0.80,OK,0.10,2.00,2.02,NG,0.10,2.00,0.53,OK,0.10,2.00,0.49,OK,
[15:27:42] : Cycle start ON
[15:27:44] : Cycle start OFF
[15:28:11] : REQUEST MEAS. ON
[15:28:20] : REQUEST MEAS. OFF
[15:28:20] : end pos sig1 : 50.000000, 50.000000
[15:28:20] : 측정요구 ON 2
[15:28:29] : 측정요구 2OFF
[15:28:29] : end pos sig2 : -50.000000, -50.000000
[15:28:33] : 측정요구3 ON
[15:28:42] : 측정요구3 OFF
[15:28:42] : end pos sig3 : 50.000000, 50.000000
[15:28:42] : 측정요구4 ON
[15:28:52] : 측정요구4 OFF
[15:28:52] : end pos sig4 : -50.000000, -50.000000
[15:28:52] : 12,20181204-152852,CF18112053911,,OK,MAX,2, ,0.10,2.00,0.97,OK,0.10,2.00,1.60,OK,0.10,2.00,0.45,OK,0.10,2.00,0.40,OK,
[15:29:11] : Cycle start ON
[15:29:13] : Cycle start OFF
[15:29:39] : REQUEST MEAS. ON
[15:29:48] : REQUEST MEAS. OFF
[15:29:48] : end pos sig1 : 50.000000, 50.000000
[15:29:48] : 측정요구 ON 2
[15:29:58] : 측정요구 2OFF
[15:29:58] : end pos sig2 : -50.000000, -50.000000
[15:30:01] : 측정요구3 ON
[15:30:10] : 측정요구3 OFF
[15:30:10] : end pos sig3 : 50.000000, 50.000000
[15:30:10] : 측정요구4 ON
[15:30:20] : 측정요구4 OFF
[15:30:20] : end pos sig4 : -50.000000, -50.000000
[15:30:20] : 12,20181204-153020,CF18112052521,,OK,MAX,2, ,0.10,2.00,1.12,OK,0.10,2.00,1.78,OK,0.10,2.00,0.30,OK,0.10,2.00,0.59,OK,
[15:30:37] : Cycle start ON
[15:30:39] : Cycle start OFF
[15:31:08] : REQUEST MEAS. ON
[15:31:17] : REQUEST MEAS. OFF
[15:31:17] : end pos sig1 : 50.000000, 50.000000
[15:31:17] : 측정요구 ON 2
[15:31:26] : 측정요구 2OFF
[15:31:26] : end pos sig2 : -50.000000, -50.000000
[15:31:29] : 측정요구3 ON
[15:31:38] : 측정요구3 OFF
[15:31:38] : end pos sig3 : 50.000000, 50.000000
[15:31:38] : 측정요구4 ON
[15:31:48] : 측정요구4 OFF
[15:31:48] : end pos sig4 : -50.000000, -50.000000
[15:31:48] : 12,20181204-153149,CF18112053421,,OK,MAX,2, ,0.10,2.00,1.68,OK,0.10,2.00,1.37,OK,0.10,2.00,0.37,OK,0.10,2.00,0.36,OK,
[15:32:19] : Cycle start ON
[15:32:21] : Cycle start OFF
[15:32:35] : REQUEST MEAS. ON
[15:32:44] : REQUEST MEAS. OFF
[15:32:44] : end pos sig1 : 50.000000, 50.000000
[15:32:44] : 측정요구 ON 2
[15:32:54] : 측정요구 2OFF
[15:32:54] : end pos sig2 : -50.000000, -50.000000
[15:32:57] : 측정요구3 ON
[15:33:06] : 측정요구3 OFF
[15:33:06] : end pos sig3 : 50.000000, 50.000000
[15:33:06] : 측정요구4 ON
[15:33:16] : 측정요구4 OFF
[15:33:16] : end pos sig4 : -50.000000, -50.000000
[15:33:16] : 12,20181204-153317,CF18112053061,,OK,MAX,2, ,0.10,2.00,1.21,OK,0.10,2.00,1.07,OK,0.10,2.00,0.68,OK,0.10,2.00,0.26,OK,
[15:33:32] : Cycle start ON
[15:33:34] : Cycle start OFF
[15:34:04] : REQUEST MEAS. ON
[15:34:13] : REQUEST MEAS. OFF
[15:34:13] : end pos sig1 : 50.000000, 50.000000
[15:34:13] : 측정요구 ON 2
[15:34:22] : 측정요구 2OFF
[15:34:22] : end pos sig2 : -50.000000, -50.000000
[15:34:25] : 측정요구3 ON
[15:34:34] : 측정요구3 OFF
[15:34:34] : end pos sig3 : 50.000000, 50.000000
[15:34:34] : 측정요구4 ON
[15:34:44] : 측정요구4 OFF
[15:34:44] : end pos sig4 : -50.000000, -50.000000
[15:34:44] : 12,20181204-153445,CF18112053981,,OK,MAX,2, ,0.10,2.00,1.17,OK,0.10,2.00,1.18,OK,0.10,2.00,0.83,OK,0.10,2.00,0.42,OK,
[15:35:21] : Cycle start ON
[15:35:23] : Cycle start OFF
[15:35:45] : REQUEST MEAS. ON
[15:35:54] : REQUEST MEAS. OFF
[15:35:54] : end pos sig1 : 50.000000, 50.000000
[15:35:54] : 측정요구 ON 2
[15:36:04] : 측정요구 2OFF
[15:36:04] : end pos sig2 : -50.000000, -50.000000
[15:36:07] : 측정요구3 ON
[15:36:16] : 측정요구3 OFF
[15:36:16] : end pos sig3 : 50.000000, 50.000000
[15:36:16] : 측정요구4 ON
[15:36:26] : 측정요구4 OFF
[15:36:26] : end pos sig4 : -50.000000, -50.000000
[15:36:26] : 12,20181204-153627,CF18112052821,,OK,MAX,2, ,0.10,2.00,1.54,OK,0.10,2.00,1.06,OK,0.10,2.00,0.62,OK,0.10,2.00,0.37,OK,
[15:36:43] : Cycle start ON
[15:36:45] : Cycle start OFF
[15:37:14] : REQUEST MEAS. ON
[15:37:23] : REQUEST MEAS. OFF
[15:37:23] : end pos sig1 : 50.000000, 50.000000
[15:37:23] : 측정요구 ON 2
[15:37:32] : 측정요구 2OFF
[15:37:32] : end pos sig2 : -50.000000, -50.000000
[15:37:35] : 측정요구3 ON
[15:37:44] : 측정요구3 OFF
[15:37:44] : end pos sig3 : 50.000000, 50.000000
[15:37:44] : 측정요구4 ON
[15:37:54] : 측정요구4 OFF
[15:37:54] : end pos sig4 : -45.460000, -45.640000
[15:37:54] : 12,20181204-153754,CF18112053141,,OK,MAX,2, ,0.10,2.00,0.87,OK,0.10,2.00,1.18,OK,0.10,2.00,0.77,OK,0.10,2.00,0.71,OK,
[15:38:10] : Cycle start ON
[15:38:12] : Cycle start OFF
[15:38:40] : REQUEST MEAS. ON
[15:38:49] : REQUEST MEAS. OFF
[15:38:49] : end pos sig1 : 50.000000, 50.000000
[15:38:50] : 측정요구 ON 2
[15:39:00] : 측정요구 2OFF
[15:39:00] : end pos sig2 : -50.000000, -50.000000
[15:39:03] : 측정요구3 ON
[15:39:12] : 측정요구3 OFF
[15:39:12] : end pos sig3 : 50.000000, 50.000000
[15:39:12] : 측정요구4 ON
[15:39:22] : 측정요구4 OFF
[15:39:22] : end pos sig4 : -50.000000, -50.000000
[15:39:22] : 12,20181204-153922,CF18112053611,,OK,MAX,2, ,0.10,2.00,0.85,OK,0.10,2.00,1.63,OK,0.10,2.00,0.39,OK,0.10,2.00,0.32,OK,
[15:39:38] : Cycle start ON
[15:39:40] : Cycle start OFF
[15:40:09] : REQUEST MEAS. ON
[15:40:18] : REQUEST MEAS. OFF
[15:40:18] : end pos sig1 : 50.000000, 50.000000
[15:40:18] : 측정요구 ON 2
[15:40:28] : 측정요구 2OFF
[15:40:28] : end pos sig2 : -50.000000, -50.000000
[15:40:31] : 측정요구3 ON
[15:40:40] : 측정요구3 OFF
[15:40:40] : end pos sig3 : 50.000000, 50.000000
[15:40:40] : 측정요구4 ON
[15:40:50] : 측정요구4 OFF
[15:40:50] : end pos sig4 : -50.000000, -50.000000
[15:40:50] : 12,20181204-154050,CF18112052651,,NG,MAX,2, ,0.10,2.00,0.98,OK,0.10,2.00,2.91,NG,0.10,2.00,0.55,OK,0.10,2.00,1.05,OK,
[15:41:11] : Cycle start ON
[15:41:14] : Cycle start OFF
[15:41:38] : REQUEST MEAS. ON
[15:41:47] : REQUEST MEAS. OFF
[15:41:47] : end pos sig1 : 50.000000, 50.000000
[15:41:47] : 측정요구 ON 2
[15:41:56] : 측정요구 2OFF
[15:41:56] : end pos sig2 : -50.000000, -50.000000
[15:42:00] : 측정요구3 ON
[15:42:09] : 측정요구3 OFF
[15:42:09] : end pos sig3 : 50.000000, 50.000000
[15:42:09] : 측정요구4 ON
[15:42:18] : 측정요구4 OFF
[15:42:18] : end pos sig4 : -50.000000, -50.000000
[15:42:18] : 12,20181204-154219,CF18112052191,,OK,MAX,2, ,0.10,2.00,1.41,OK,0.10,2.00,0.85,OK,0.10,2.00,0.60,OK,0.10,2.00,0.55,OK,
[15:42:39] : Cycle start ON
[15:42:41] : Cycle start OFF
[15:43:06] : REQUEST MEAS. ON
[15:43:15] : REQUEST MEAS. OFF
[15:43:15] : end pos sig1 : 50.000000, 50.000000
[15:43:15] : 측정요구 ON 2
[15:43:24] : 측정요구 2OFF
[15:43:24] : end pos sig2 : -50.000000, -50.000000
[15:43:28] : 측정요구3 ON
[15:43:37] : 측정요구3 OFF
[15:43:37] : end pos sig3 : 50.000000, 50.000000
[15:43:37] : 측정요구4 ON
[15:43:47] : 측정요구4 OFF
[15:43:47] : end pos sig4 : -50.000000, -50.000000
[15:43:47] : 12,20181204-154347,CF18112054001,,OK,MAX,2, ,0.10,2.00,1.04,OK,0.10,2.00,1.34,OK,0.10,2.00,0.38,OK,0.10,2.00,0.40,OK,
[15:44:03] : Cycle start ON
[15:44:04] : Cycle start OFF
[15:44:34] : REQUEST MEAS. ON
[15:44:43] : REQUEST MEAS. OFF
[15:44:43] : end pos sig1 : 50.000000, 50.000000
[15:44:43] : 측정요구 ON 2
[15:44:52] : 측정요구 2OFF
[15:44:52] : end pos sig2 : -50.000000, -50.000000
[15:44:56] : 측정요구3 ON
[15:45:05] : 측정요구3 OFF
[15:45:05] : end pos sig3 : 50.000000, 50.000000
[15:45:05] : 측정요구4 ON
[15:45:15] : 측정요구4 OFF
[15:45:15] : end pos sig4 : -50.000000, -50.000000
[15:45:15] : 12,20181204-154515,CF18112052431,,OK,MAX,2, ,0.10,2.00,1.07,OK,0.10,2.00,1.70,OK,0.10,2.00,0.46,OK,0.10,2.00,0.33,OK,
[15:45:31] : Cycle start ON
[15:45:33] : Cycle start OFF
[15:46:01] : REQUEST MEAS. ON
[15:46:11] : REQUEST MEAS. OFF
[15:46:11] : end pos sig1 : 50.000000, 50.000000
[15:46:11] : 측정요구 ON 2
[15:46:20] : 측정요구 2OFF
[15:46:20] : end pos sig2 : -50.000000, -50.000000
[15:46:24] : 측정요구3 ON
[15:46:33] : 측정요구3 OFF
[15:46:33] : end pos sig3 : 50.000000, 50.000000
[15:46:33] : 측정요구4 ON
[15:46:43] : 측정요구4 OFF
[15:46:43] : end pos sig4 : -50.000000, -50.000000
[15:46:43] : 12,20181204-154643,CF18112053191,,OK,MAX,2, ,0.10,2.00,1.03,OK,0.10,2.00,1.88,OK,0.10,2.00,0.35,OK,0.10,2.00,0.37,OK,
[15:46:59] : Cycle start ON
[15:47:01] : Cycle start OFF
[15:47:30] : REQUEST MEAS. ON
[15:47:39] : REQUEST MEAS. OFF
[15:47:39] : end pos sig1 : 50.000000, 50.000000
[15:47:39] : 측정요구 ON 2
[15:47:49] : 측정요구 2OFF
[15:47:49] : end pos sig2 : -50.000000, -50.000000
[15:47:52] : 측정요구3 ON
[15:48:01] : 측정요구3 OFF
[15:48:01] : end pos sig3 : 50.000000, 50.000000
[15:48:01] : 측정요구4 ON
[15:48:11] : 측정요구4 OFF
[15:48:11] : end pos sig4 : -50.000000, -50.000000
[15:48:11] : 12,20181204-154812,CF18112052541,,OK,MAX,2, ,0.10,2.00,1.27,OK,0.10,2.00,1.56,OK,0.10,2.00,0.42,OK,0.10,2.00,0.39,OK,
[15:48:35] : Cycle start ON
[15:48:37] : Cycle start OFF
[15:48:58] : REQUEST MEAS. ON
[15:49:08] : REQUEST MEAS. OFF
[15:49:08] : end pos sig1 : 50.000000, 50.000000
[15:49:08] : 측정요구 ON 2
[15:49:17] : 측정요구 2OFF
[15:49:17] : end pos sig2 : -50.000000, -50.000000
[15:49:20] : 측정요구3 ON
[15:49:29] : 측정요구3 OFF
[15:49:29] : end pos sig3 : 50.000000, 50.000000
[15:49:29] : 측정요구4 ON
[15:49:39] : 측정요구4 OFF
[15:49:39] : end pos sig4 : -50.000000, -50.000000
[15:49:39] : 12,20181204-154939,CF18112053051,,OK,MAX,2, ,0.10,2.00,1.30,OK,0.10,2.00,1.29,OK,0.10,2.00,0.52,OK,0.10,2.00,0.32,OK,
[15:49:56] : Cycle start ON
[15:49:58] : Cycle start OFF
[15:50:26] : REQUEST MEAS. ON
[15:50:36] : REQUEST MEAS. OFF
[15:50:36] : end pos sig1 : 50.000000, 50.000000
[15:50:36] : 측정요구 ON 2
[15:50:45] : 측정요구 2OFF
[15:50:45] : end pos sig2 : -50.000000, -50.000000
[15:50:48] : 측정요구3 ON
[15:50:57] : 측정요구3 OFF
[15:50:57] : end pos sig3 : 50.000000, 50.000000
[15:50:57] : 측정요구4 ON
[15:51:07] : 측정요구4 OFF
[15:51:07] : end pos sig4 : -50.000000, -50.000000
[15:51:07] : 12,20181204-155107,CF18112051691,,OK,MAX,2, ,0.10,2.00,0.92,OK,0.10,2.00,1.32,OK,0.10,2.00,1.02,OK,0.10,2.00,0.71,OK,
[15:51:23] : Cycle start ON
[15:51:25] : Cycle start OFF
[15:51:54] : REQUEST MEAS. ON
[15:52:03] : REQUEST MEAS. OFF
[15:52:03] : end pos sig1 : 50.000000, 50.000000
[15:52:03] : 측정요구 ON 2
[15:52:13] : 측정요구 2OFF
[15:52:13] : end pos sig2 : -50.000000, -50.000000
[15:52:17] : 측정요구3 ON
[15:52:26] : 측정요구3 OFF
[15:52:26] : end pos sig3 : 50.000000, 50.000000
[15:52:26] : 측정요구4 ON
[15:52:35] : 측정요구4 OFF
[15:52:35] : end pos sig4 : -50.000000, -50.000000
[15:52:35] : 12,20181204-155236,CF18112052841,,OK,MAX,2, ,0.10,2.00,0.70,OK,0.10,2.00,1.34,OK,0.10,2.00,0.58,OK,0.10,2.00,0.47,OK,
[15:52:51] : Cycle start ON
[15:52:54] : Cycle start OFF
[15:53:23] : REQUEST MEAS. ON
[15:53:32] : REQUEST MEAS. OFF
[15:53:32] : end pos sig1 : 50.000000, 50.000000
[15:53:32] : 측정요구 ON 2
[15:53:41] : 측정요구 2OFF
[15:53:41] : end pos sig2 : -50.000000, -50.000000
[15:53:45] : 측정요구3 ON
[15:53:54] : 측정요구3 OFF
[15:53:54] : end pos sig3 : 50.000000, 50.000000
[15:53:54] : 측정요구4 ON
[15:54:03] : 측정요구4 OFF
[15:54:03] : end pos sig4 : -50.000000, -50.000000
[15:54:03] : 12,20181204-155404,CF18112053071,,OK,MAX,2, ,0.10,2.00,1.15,OK,0.10,2.00,1.29,OK,0.10,2.00,0.39,OK,0.10,2.00,0.40,OK,
[15:54:20] : Cycle start ON
[15:54:21] : Cycle start OFF
[15:54:50] : REQUEST MEAS. ON
[15:55:00] : REQUEST MEAS. OFF
[15:55:00] : end pos sig1 : 50.000000, 50.000000
[15:55:00] : 측정요구 ON 2
[15:55:09] : 측정요구 2OFF
[15:55:09] : end pos sig2 : -50.000000, -50.000000
[15:55:12] : 측정요구3 ON
[15:55:21] : 측정요구3 OFF
[15:55:21] : end pos sig3 : 50.000000, 50.000000
[15:55:21] : 측정요구4 ON
[15:55:31] : 측정요구4 OFF
[15:55:31] : end pos sig4 : -50.000000, -50.000000
[15:55:31] : 12,20181204-155532,CF18112053341,,NG,MAX,2, ,0.10,2.00,1.06,OK,0.10,2.00,2.26,NG,0.10,2.00,0.34,OK,0.10,2.00,0.31,OK,
[15:56:01] : Cycle start ON
[15:56:03] : Cycle start OFF
[15:56:19] : REQUEST MEAS. ON
[15:56:28] : REQUEST MEAS. OFF
[15:56:28] : end pos sig1 : 50.000000, 50.000000
[15:56:28] : 측정요구 ON 2
[15:56:37] : 측정요구 2OFF
[15:56:37] : end pos sig2 : -50.000000, -50.000000
[15:56:41] : 측정요구3 ON
[15:56:50] : 측정요구3 OFF
[15:56:50] : end pos sig3 : 50.000000, 50.000000
[15:56:50] : 측정요구4 ON
[15:56:59] : 측정요구4 OFF
[15:56:59] : end pos sig4 : -50.000000, -50.000000
[15:56:59] : 12,20181204-155700,CF18112052461,,OK,MAX,2, ,0.10,2.00,0.97,OK,0.10,2.00,1.52,OK,0.10,2.00,0.35,OK,0.10,2.00,0.34,OK,
[15:57:19] : Cycle start ON
[15:57:21] : Cycle start OFF
[15:57:47] : REQUEST MEAS. ON
[15:57:56] : REQUEST MEAS. OFF
[15:57:56] : end pos sig1 : 50.000000, 50.000000
[15:57:56] : 측정요구 ON 2
[15:58:05] : 측정요구 2OFF
[15:58:05] : end pos sig2 : -50.000000, -50.000000
[15:58:09] : 측정요구3 ON
[15:58:18] : 측정요구3 OFF
[15:58:18] : end pos sig3 : 50.000000, 50.000000
[15:58:18] : 측정요구4 ON
[15:58:28] : 측정요구4 OFF
[15:58:28] : end pos sig4 : -50.000000, -50.000000
[15:58:28] : 12,20181204-155828,CF18112051631,,OK,MAX,2, ,0.10,2.00,1.39,OK,0.10,2.00,1.29,OK,0.10,2.00,0.48,OK,0.10,2.00,0.36,OK,
[15:58:44] : Cycle start ON
[15:58:45] : Cycle start OFF
[15:59:15] : REQUEST MEAS. ON
[15:59:24] : REQUEST MEAS. OFF
[15:59:24] : end pos sig1 : 50.000000, 50.000000
[15:59:24] : 측정요구 ON 2
[15:59:34] : 측정요구 2OFF
[15:59:34] : end pos sig2 : -50.000000, -50.000000
[15:59:37] : 측정요구3 ON
[15:59:46] : 측정요구3 OFF
[15:59:46] : end pos sig3 : 50.000000, 50.000000
[15:59:46] : 측정요구4 ON
[15:59:56] : 측정요구4 OFF
[15:59:56] : end pos sig4 : -50.000000, -50.000000
[15:59:56] : 12,20181204-155956,CF18112051611,,OK,MAX,2, ,0.10,2.00,1.02,OK,0.10,2.00,1.25,OK,0.10,2.00,0.46,OK,0.10,2.00,0.39,OK,
[16:00:11] : Cycle start ON
[16:00:13] : Cycle start OFF
[16:00:43] : REQUEST MEAS. ON
[16:00:52] : REQUEST MEAS. OFF
[16:00:52] : end pos sig1 : 50.000000, 50.000000
[16:00:52] : 측정요구 ON 2
[16:01:01] : 측정요구 2OFF
[16:01:01] : end pos sig2 : -50.000000, -50.000000
[16:01:05] : 측정요구3 ON
[16:01:14] : 측정요구3 OFF
[16:01:14] : end pos sig3 : 50.000000, 50.000000
[16:01:14] : 측정요구4 ON
[16:01:24] : 측정요구4 OFF
[16:01:24] : end pos sig4 : -50.000000, -50.000000
[16:01:24] : 12,20181204-160124,CF18112052801,,OK,MAX,2, ,0.10,2.00,1.18,OK,0.10,2.00,1.83,OK,0.10,2.00,0.44,OK,0.10,2.00,1.13,OK,
[16:01:39] : Cycle start ON
[16:01:41] : Cycle start OFF
[16:02:10] : REQUEST MEAS. ON
[16:02:19] : REQUEST MEAS. OFF
[16:02:19] : end pos sig1 : 50.000000, 50.000000
[16:02:20] : 측정요구 ON 2
[16:02:29] : 측정요구 2OFF
[16:02:29] : end pos sig2 : -50.000000, -50.000000
[16:02:33] : 측정요구3 ON
[16:02:42] : 측정요구3 OFF
[16:02:42] : end pos sig3 : 50.000000, 50.000000
[16:02:42] : 측정요구4 ON
[16:02:51] : 측정요구4 OFF
[16:02:51] : end pos sig4 : -50.000000, -50.000000
[16:02:51] : 12,20181204-160252,CF18112052441,,OK,MAX,2, ,0.10,2.00,0.74,OK,0.10,2.00,1.29,OK,0.10,2.00,0.67,OK,0.10,2.00,0.46,OK,
[16:03:08] : Cycle start ON
[16:03:10] : Cycle start OFF
[16:03:39] : REQUEST MEAS. ON
[16:03:48] : REQUEST MEAS. OFF
[16:03:48] : end pos sig1 : 50.000000, 50.000000
[16:03:48] : 측정요구 ON 2
[16:03:57] : 측정요구 2OFF
[16:03:57] : end pos sig2 : -50.000000, -50.000000
[16:04:01] : 측정요구3 ON
[16:04:10] : 측정요구3 OFF
[16:04:10] : end pos sig3 : 50.000000, 50.000000
[16:04:10] : 측정요구4 ON
[16:04:20] : 측정요구4 OFF
[16:04:20] : end pos sig4 : -50.000000, -50.000000
[16:04:20] : 12,20181204-160420,CF18112053181,,OK,MAX,2, ,0.10,2.00,1.22,OK,0.10,2.00,1.36,OK,0.10,2.00,0.46,OK,0.10,2.00,0.35,OK,
[16:04:36] : Cycle start ON
[16:04:38] : Cycle start OFF
[16:05:07] : REQUEST MEAS. ON
[16:05:16] : REQUEST MEAS. OFF
[16:05:16] : end pos sig1 : 50.000000, 50.000000
[16:05:16] : 측정요구 ON 2
[16:05:25] : 측정요구 2OFF
[16:05:25] : end pos sig2 : -50.000000, -50.000000
[16:05:29] : 측정요구3 ON
[16:05:38] : 측정요구3 OFF
[16:05:38] : end pos sig3 : 50.000000, 50.000000
[16:05:38] : 측정요구4 ON
[16:05:48] : 측정요구4 OFF
[16:05:48] : end pos sig4 : -50.000000, -50.000000
[16:05:48] : 12,20181204-160548,CF18112053841,,OK,MAX,2, ,0.10,2.00,0.93,OK,0.10,2.00,1.34,OK,0.10,2.00,0.67,OK,0.10,2.00,0.50,OK,
[16:06:09] : Cycle start ON
[16:06:11] : Cycle start OFF
[16:06:34] : REQUEST MEAS. ON
[16:06:43] : REQUEST MEAS. OFF
[16:06:43] : end pos sig1 : 50.000000, 50.000000
[16:06:44] : 측정요구 ON 2
[16:06:53] : 측정요구 2OFF
[16:06:53] : end pos sig2 : -50.000000, -50.000000
[16:06:57] : 측정요구3 ON
[16:07:06] : 측정요구3 OFF
[16:07:06] : end pos sig3 : 50.000000, 50.000000
[16:07:06] : 측정요구4 ON
[16:07:15] : 측정요구4 OFF
[16:07:15] : end pos sig4 : -50.000000, -50.000000
[16:07:15] : 12,20181204-160716,CF18112053271,,OK,MAX,2, ,0.10,2.00,0.86,OK,0.10,2.00,1.46,OK,0.10,2.00,0.47,OK,0.10,2.00,0.63,OK,
[16:07:32] : Cycle start ON
[16:07:34] : Cycle start OFF
[16:08:03] : REQUEST MEAS. ON
[16:08:12] : REQUEST MEAS. OFF
[16:08:12] : end pos sig1 : 50.000000, 50.000000
[16:08:12] : 측정요구 ON 2
[16:08:21] : 측정요구 2OFF
[16:08:21] : end pos sig2 : -50.000000, -50.000000
[16:08:25] : 측정요구3 ON
[16:08:34] : 측정요구3 OFF
[16:08:34] : end pos sig3 : 50.000000, 50.000000
[16:08:34] : 측정요구4 ON
[16:08:43] : 측정요구4 OFF
[16:08:43] : end pos sig4 : -50.000000, -50.000000
[16:08:43] : 12,20181204-160844,CF18112053211,,OK,MAX,2, ,0.10,2.00,0.58,OK,0.10,2.00,1.83,OK,0.10,2.00,0.37,OK,0.10,2.00,0.41,OK,
[16:09:00] : Cycle start ON
[16:09:01] : Cycle start OFF
[16:09:31] : REQUEST MEAS. ON
[16:09:40] : REQUEST MEAS. OFF
[16:09:40] : end pos sig1 : 50.000000, 50.000000
[16:09:40] : 측정요구 ON 2
[16:09:49] : 측정요구 2OFF
[16:09:49] : end pos sig2 : -50.000000, -50.000000
[16:09:53] : 측정요구3 ON
[16:10:02] : 측정요구3 OFF
[16:10:02] : end pos sig3 : 50.000000, 50.000000
[16:10:02] : 측정요구4 ON
[16:10:11] : 측정요구4 OFF
[16:10:11] : end pos sig4 : -50.000000, -50.000000
[16:10:11] : 12,20181204-161012,CF18112053111,,OK,MAX,2, ,0.10,2.00,0.90,OK,0.10,2.00,1.34,OK,0.10,2.00,0.44,OK,0.10,2.00,0.96,OK,
[16:10:28] : Cycle start ON
[16:10:30] : Cycle start OFF
[16:10:59] : REQUEST MEAS. ON
[16:11:08] : REQUEST MEAS. OFF
[16:11:08] : end pos sig1 : 50.000000, 50.000000
[16:11:08] : 측정요구 ON 2
[16:11:17] : 측정요구 2OFF
[16:11:17] : end pos sig2 : -50.000000, -50.000000
[16:11:21] : 측정요구3 ON
[16:11:30] : 측정요구3 OFF
[16:11:30] : end pos sig3 : 50.000000, 50.000000
[16:11:30] : 측정요구4 ON
[16:11:39] : 측정요구4 OFF
[16:11:39] : end pos sig4 : -50.000000, -50.000000
[16:11:39] : 12,20181204-161140,CF18112053581,,OK,MAX,2, ,0.10,2.00,1.02,OK,0.10,2.00,1.27,OK,0.10,2.00,0.49,OK,0.10,2.00,0.44,OK,
[16:11:55] : Cycle start ON
[16:11:57] : Cycle start OFF
[16:12:26] : REQUEST MEAS. ON
[16:12:35] : REQUEST MEAS. OFF
[16:12:35] : end pos sig1 : 50.000000, 50.000000
[16:12:36] : 측정요구 ON 2
[16:12:45] : 측정요구 2OFF
[16:12:45] : end pos sig2 : -50.000000, -50.000000
[16:12:49] : 측정요구3 ON
[16:12:58] : 측정요구3 OFF
[16:12:58] : end pos sig3 : 50.000000, 50.000000
[16:12:58] : 측정요구4 ON
[16:13:07] : 측정요구4 OFF
[16:13:07] : end pos sig4 : -50.000000, -50.000000
[16:13:07] : 12,20181204-161308,CF18112052231,,OK,MAX,2, ,0.10,2.00,1.74,OK,0.10,2.00,1.45,OK,0.10,2.00,0.42,OK,0.10,2.00,0.60,OK,
[16:13:28] : Cycle start ON
[16:13:30] : Cycle start OFF
[16:13:55] : REQUEST MEAS. ON
[16:14:04] : REQUEST MEAS. OFF
[16:14:04] : end pos sig1 : 50.000000, 50.000000
[16:14:04] : 측정요구 ON 2
[16:14:13] : 측정요구 2OFF
[16:14:13] : end pos sig2 : -50.000000, -50.000000
[16:14:17] : 측정요구3 ON
[16:14:26] : 측정요구3 OFF
[16:14:26] : end pos sig3 : 50.000000, 50.000000
[16:14:26] : 측정요구4 ON
[16:14:36] : 측정요구4 OFF
[16:14:36] : end pos sig4 : -50.000000, -50.000000
[16:14:36] : 12,20181204-161436,CF18112052951,,OK,MAX,2, ,0.10,2.00,0.54,OK,0.10,2.00,1.18,OK,0.10,2.00,0.36,OK,0.10,2.00,0.41,OK,
[16:14:52] : Cycle start ON
[16:14:53] : Cycle start OFF
[16:15:22] : REQUEST MEAS. ON
[16:15:32] : REQUEST MEAS. OFF
[16:15:32] : end pos sig1 : 50.000000, 50.000000
[16:15:32] : 측정요구 ON 2
[16:15:41] : 측정요구 2OFF
[16:15:41] : end pos sig2 : -50.000000, -50.000000
[16:15:45] : 측정요구3 ON
[16:15:54] : 측정요구3 OFF
[16:15:54] : end pos sig3 : 50.000000, 50.000000
[16:15:54] : 측정요구4 ON
[16:16:04] : 측정요구4 OFF
[16:16:04] : end pos sig4 : -50.000000, -50.000000
[16:16:04] : 12,20181204-161604,CF18112052391,,OK,MAX,2, ,0.10,2.00,0.88,OK,0.10,2.00,1.42,OK,0.10,2.00,0.92,OK,0.10,2.00,0.57,OK,
[16:16:20] : Cycle start ON
[16:16:22] : Cycle start OFF
[16:16:51] : REQUEST MEAS. ON
[16:17:00] : REQUEST MEAS. OFF
[16:17:00] : end pos sig1 : 50.000000, 50.000000
[16:17:00] : 측정요구 ON 2
[16:17:10] : 측정요구 2OFF
[16:17:10] : end pos sig2 : -50.000000, -50.000000
[16:17:13] : 측정요구3 ON
[16:17:22] : 측정요구3 OFF
[16:17:22] : end pos sig3 : 50.000000, 50.000000
[16:17:22] : 측정요구4 ON
[16:17:32] : 측정요구4 OFF
[16:17:32] : end pos sig4 : -50.000000, -50.000000
[16:17:32] : 12,20181204-161733,CF18112052371,,OK,MAX,2, ,0.10,2.00,0.49,OK,0.10,2.00,1.27,OK,0.10,2.00,0.35,OK,0.10,2.00,0.43,OK,
[16:17:49] : Cycle start ON
[16:17:51] : Cycle start OFF
[16:18:19] : REQUEST MEAS. ON
[16:18:29] : REQUEST MEAS. OFF
[16:18:29] : end pos sig1 : 50.000000, 50.000000
[16:18:29] : 측정요구 ON 2
[16:18:38] : 측정요구 2OFF
[16:18:38] : end pos sig2 : -50.000000, -50.000000
[16:18:41] : 측정요구3 ON
[16:18:50] : 측정요구3 OFF
[16:18:50] : end pos sig3 : 50.000000, 50.000000
[16:18:50] : 측정요구4 ON
[16:19:00] : 측정요구4 OFF
[16:19:00] : end pos sig4 : -50.000000, -50.000000
[16:19:00] : 12,20181204-161900,CF18112053221,,OK,MAX,2, ,0.10,2.00,0.77,OK,0.10,2.00,1.17,OK,0.10,2.00,0.47,OK,0.10,2.00,0.67,OK,
[16:19:17] : Cycle start ON
[16:19:19] : Cycle start OFF
[16:19:47] : REQUEST MEAS. ON
[16:19:57] : REQUEST MEAS. OFF
[16:19:57] : end pos sig1 : 50.000000, 50.000000
[16:19:57] : 측정요구 ON 2
[16:20:06] : 측정요구 2OFF
[16:20:06] : end pos sig2 : -50.000000, -50.000000
[16:20:09] : 측정요구3 ON
[16:20:18] : 측정요구3 OFF
[16:20:18] : end pos sig3 : 50.000000, 50.000000
[16:20:18] : 측정요구4 ON
[16:20:28] : 측정요구4 OFF
[16:20:28] : end pos sig4 : -50.000000, -50.000000
[16:20:28] : 12,20181204-162029,CF18112052291,,OK,MAX,2, ,0.10,2.00,1.08,OK,0.10,2.00,1.31,OK,0.10,2.00,0.35,OK,0.10,2.00,0.31,OK,
[16:20:45] : Cycle start ON
[16:20:47] : Cycle start OFF
[16:21:16] : REQUEST MEAS. ON
[16:21:25] : REQUEST MEAS. OFF
[16:21:25] : end pos sig1 : 50.000000, 50.000000
[16:21:25] : 측정요구 ON 2
[16:21:34] : 측정요구 2OFF
[16:21:34] : end pos sig2 : -50.000000, -50.000000
[16:21:37] : 측정요구3 ON
[16:21:46] : 측정요구3 OFF
[16:21:46] : end pos sig3 : 50.000000, 50.000000
[16:21:46] : 측정요구4 ON
[16:21:56] : 측정요구4 OFF
[16:21:56] : end pos sig4 : -50.000000, -50.000000
[16:21:56] : 12,20181204-162157,CF18112051681,,OK,MAX,2, ,0.10,2.00,1.20,OK,0.10,2.00,1.25,OK,0.10,2.00,0.52,OK,0.10,2.00,0.52,OK,
[16:22:13] : Cycle start ON
[16:22:15] : Cycle start OFF
[16:23:57] : REQUEST MEAS. ON
[16:24:06] : REQUEST MEAS. OFF
[16:24:06] : end pos sig1 : 50.000000, 50.000000
[16:24:06] : 측정요구 ON 2
[16:24:16] : 측정요구 2OFF
[16:24:16] : end pos sig2 : -50.000000, -50.000000
[16:24:19] : 측정요구3 ON
[16:24:28] : 측정요구3 OFF
[16:24:28] : end pos sig3 : 50.000000, 50.000000
[16:24:28] : 측정요구4 ON
[16:24:38] : 측정요구4 OFF
[16:24:38] : end pos sig4 : -50.000000, -50.000000
[16:24:38] : 12,20181204-162438,CF18112052271,,OK,MAX,2, ,0.10,2.00,0.92,OK,0.10,2.00,1.03,OK,0.10,2.00,0.43,OK,0.10,2.00,0.29,OK,
[16:24:54] : Cycle start ON
[16:24:56] : Cycle start OFF
[16:25:26] : REQUEST MEAS. ON
[16:25:35] : REQUEST MEAS. OFF
[16:25:35] : end pos sig1 : 50.000000, 50.000000
[16:25:35] : 측정요구 ON 2
[16:25:44] : 측정요구 2OFF
[16:25:44] : end pos sig2 : -50.000000, -50.000000
[16:25:47] : 측정요구3 ON
[16:25:56] : 측정요구3 OFF
[16:25:56] : end pos sig3 : 50.000000, 50.000000
[16:25:56] : 측정요구4 ON
[16:26:06] : 측정요구4 OFF
[16:26:06] : end pos sig4 : -50.000000, -50.000000
[16:26:06] : 12,20181204-162607,CF18112053231,,OK,MAX,2, ,0.10,2.00,0.84,OK,0.10,2.00,1.02,OK,0.10,2.00,0.45,OK,0.10,2.00,0.46,OK,
[16:26:27] : Cycle start ON
[16:26:29] : Cycle start OFF
[16:26:54] : REQUEST MEAS. ON
[16:27:03] : REQUEST MEAS. OFF
[16:27:03] : end pos sig1 : 50.000000, 50.000000
[16:27:03] : 측정요구 ON 2
[16:27:12] : 측정요구 2OFF
[16:27:12] : end pos sig2 : -50.000000, -50.000000
[16:27:16] : 측정요구3 ON
[16:27:25] : 측정요구3 OFF
[16:27:25] : end pos sig3 : 50.000000, 50.000000
[16:27:25] : 측정요구4 ON
[16:27:34] : 측정요구4 OFF
[16:27:34] : end pos sig4 : -50.000000, -50.000000
[16:27:34] : 12,20181204-162735,CF18112052811,,OK,MAX,2, ,0.10,2.00,0.70,OK,0.10,2.00,1.59,OK,0.10,2.00,0.52,OK,0.10,2.00,0.51,OK,
[16:27:51] : Cycle start ON
[16:27:53] : Cycle start OFF
[16:28:21] : REQUEST MEAS. ON
[16:28:30] : REQUEST MEAS. OFF
[16:28:30] : end pos sig1 : 50.000000, 50.000000
[16:28:31] : 측정요구 ON 2
[16:28:40] : 측정요구 2OFF
[16:28:40] : end pos sig2 : -50.000000, -50.000000
[16:28:44] : 측정요구3 ON
[16:28:53] : 측정요구3 OFF
[16:28:53] : end pos sig3 : 50.000000, 50.000000
[16:28:53] : 측정요구4 ON
[16:29:02] : 측정요구4 OFF
[16:29:02] : end pos sig4 : -50.000000, -50.000000
[16:29:02] : 12,20181204-162903,CF18112052931,,OK,MAX,2, ,0.10,2.00,1.89,OK,0.10,2.00,1.82,OK,0.10,2.00,0.37,OK,0.10,2.00,0.86,OK,
[16:29:19] : Cycle start ON
[16:29:21] : Cycle start OFF
[16:29:49] : REQUEST MEAS. ON
[16:29:58] : REQUEST MEAS. OFF
[16:29:58] : end pos sig1 : 50.000000, 50.000000
[16:29:58] : 측정요구 ON 2
[16:30:08] : 측정요구 2OFF
[16:30:08] : end pos sig2 : -50.000000, -50.000000
[16:30:11] : 측정요구3 ON
[16:30:20] : 측정요구3 OFF
[16:30:20] : end pos sig3 : 50.000000, 50.000000
[16:30:20] : 측정요구4 ON
[16:30:30] : 측정요구4 OFF
[16:30:30] : end pos sig4 : -50.000000, -50.000000
[16:30:30] : 12,20181204-163031,CF18112052301,,OK,MAX,2, ,0.10,2.00,1.47,OK,0.10,2.00,1.48,OK,0.10,2.00,0.47,OK,0.10,2.00,0.46,OK,
[16:30:47] : Cycle start ON
[16:30:49] : Cycle start OFF
[16:31:18] : REQUEST MEAS. ON
[16:31:27] : REQUEST MEAS. OFF
[16:31:27] : end pos sig1 : 50.000000, 50.000000
[16:31:27] : 측정요구 ON 2
[16:31:36] : 측정요구 2OFF
[16:31:36] : end pos sig2 : -50.000000, -50.000000
[16:31:40] : 측정요구3 ON
[16:31:49] : 측정요구3 OFF
[16:31:49] : end pos sig3 : 50.000000, 50.000000
[16:31:49] : 측정요구4 ON
[16:31:58] : 측정요구4 OFF
[16:31:58] : end pos sig4 : -50.000000, -50.000000
[16:31:58] : 12,20181204-163158,CF18112053451,,OK,MAX,2, ,0.10,2.00,0.80,OK,0.10,2.00,1.04,OK,0.10,2.00,0.41,OK,0.10,2.00,0.41,OK,
[16:32:14] : Cycle start ON
[16:32:16] : Cycle start OFF
[16:32:45] : REQUEST MEAS. ON
[16:32:54] : REQUEST MEAS. OFF
[16:32:54] : end pos sig1 : 50.000000, 50.000000
[16:32:54] : 측정요구 ON 2
[16:33:04] : 측정요구 2OFF
[16:33:04] : end pos sig2 : -50.000000, -50.000000
[16:33:07] : 측정요구3 ON
[16:33:16] : 측정요구3 OFF
[16:33:16] : end pos sig3 : 50.000000, 50.000000
[16:33:16] : 측정요구4 ON
[16:33:26] : 측정요구4 OFF
[16:33:26] : end pos sig4 : -50.000000, -50.000000
[16:33:26] : 12,20181204-163327,CF18112053891,,OK,MAX,2, ,0.10,2.00,1.07,OK,0.10,2.00,1.29,OK,0.10,2.00,0.44,OK,0.10,2.00,0.32,OK,
[16:33:50] : Cycle start ON
[16:33:52] : Cycle start OFF
[16:34:13] : REQUEST MEAS. ON
[16:34:23] : REQUEST MEAS. OFF
[16:34:23] : end pos sig1 : 50.000000, 50.000000
[16:34:23] : 측정요구 ON 2
[16:34:32] : 측정요구 2OFF
[16:34:32] : end pos sig2 : -50.000000, -50.000000
[16:34:35] : 측정요구3 ON
[16:34:44] : 측정요구3 OFF
[16:34:44] : end pos sig3 : 50.000000, 50.000000
[16:34:44] : 측정요구4 ON
[16:34:54] : 측정요구4 OFF
[16:34:54] : end pos sig4 : -50.000000, -50.000000
[16:34:54] : 12,20181204-163455,CF18112052211,,OK,MAX,2, ,0.10,2.00,1.40,OK,0.10,2.00,1.17,OK,0.10,2.00,0.31,OK,0.10,2.00,0.25,OK,
[16:35:11] : Cycle start ON
[16:35:13] : Cycle start OFF
[16:35:41] : REQUEST MEAS. ON
[16:35:51] : REQUEST MEAS. OFF
[16:35:51] : end pos sig1 : 50.000000, 50.000000
[16:35:51] : 측정요구 ON 2
[16:36:00] : 측정요구 2OFF
[16:36:00] : end pos sig2 : -50.000000, -50.000000
[16:36:03] : 측정요구3 ON
[16:36:12] : 측정요구3 OFF
[16:36:12] : end pos sig3 : 50.000000, 50.000000
[16:36:12] : 측정요구4 ON
[16:36:22] : 측정요구4 OFF
[16:36:22] : end pos sig4 : -50.000000, -50.000000
[16:36:22] : 12,20181204-163622,CF18112053511,,OK,MAX,2, ,0.10,2.00,0.68,OK,0.10,2.00,1.56,OK,0.10,2.00,0.37,OK,0.10,2.00,0.38,OK,
[16:36:39] : Cycle start ON
[16:36:41] : Cycle start OFF
[16:37:10] : REQUEST MEAS. ON
[16:37:19] : REQUEST MEAS. OFF
[16:37:19] : end pos sig1 : 50.000000, 50.000000
[16:37:19] : 측정요구 ON 2
[16:37:28] : 측정요구 2OFF
[16:37:28] : end pos sig2 : -50.000000, -50.000000
[16:37:31] : 측정요구3 ON
[16:37:40] : 측정요구3 OFF
[16:37:40] : end pos sig3 : 50.000000, 50.000000
[16:37:40] : 측정요구4 ON
[16:37:50] : 측정요구4 OFF
[16:37:50] : end pos sig4 : -50.000000, -50.000000
[16:37:50] : 12,20181204-163750,CF18112052771,,OK,MAX,2, ,0.10,2.00,0.42,OK,0.10,2.00,1.27,OK,0.10,2.00,0.37,OK,0.10,2.00,0.34,OK,
[16:38:06] : Cycle start ON
[16:38:08] : Cycle start OFF
[16:38:38] : REQUEST MEAS. ON
[16:38:47] : REQUEST MEAS. OFF
[16:38:47] : end pos sig1 : 50.000000, 50.000000
[16:38:47] : 측정요구 ON 2
[16:38:56] : 측정요구 2OFF
[16:38:56] : end pos sig2 : -50.000000, -50.000000
[16:38:59] : 측정요구3 ON
[16:39:08] : 측정요구3 OFF
[16:39:08] : end pos sig3 : 50.000000, 50.000000
[16:39:08] : 측정요구4 ON
[16:39:18] : 측정요구4 OFF
[16:39:18] : end pos sig4 : -50.000000, -50.000000
[16:39:18] : 12,20181204-163918,CF18112052331,,OK,MAX,2, ,0.10,2.00,0.96,OK,0.10,2.00,1.30,OK,0.10,2.00,0.43,OK,0.10,2.00,0.39,OK,
[16:39:33] : Cycle start ON
[16:39:35] : Cycle start OFF
[16:40:05] : REQUEST MEAS. ON
[16:40:14] : REQUEST MEAS. OFF
[16:40:14] : end pos sig1 : 50.000000, 50.000000
[16:40:14] : 측정요구 ON 2
[16:40:24] : 측정요구 2OFF
[16:40:24] : end pos sig2 : -50.000000, -50.000000
[16:40:27] : 측정요구3 ON
[16:40:36] : 측정요구3 OFF
[16:40:36] : end pos sig3 : 50.000000, 50.000000
[16:40:36] : 측정요구4 ON
[16:40:46] : 측정요구4 OFF
[16:40:46] : end pos sig4 : -50.000000, -50.000000
[16:40:46] : 12,20181204-164047,CF18112052711,,OK,MAX,2, ,0.10,2.00,0.96,OK,0.10,2.00,1.41,OK,0.10,2.00,0.87,OK,0.10,2.00,0.45,OK,
[16:41:07] : Cycle start ON
[16:41:09] : Cycle start OFF
[16:41:33] : REQUEST MEAS. ON
[16:41:42] : REQUEST MEAS. OFF
[16:41:42] : end pos sig1 : 50.000000, 50.000000
[16:41:43] : 측정요구 ON 2
[16:41:52] : 측정요구 2OFF
[16:41:52] : end pos sig2 : -50.000000, -50.000000
[16:41:55] : 측정요구3 ON
[16:42:04] : 측정요구3 OFF
[16:42:04] : end pos sig3 : 50.000000, 50.000000
[16:42:04] : 측정요구4 ON
[16:42:14] : 측정요구4 OFF
[16:42:14] : end pos sig4 : -50.000000, -50.000000
[16:42:14] : 12,20181204-164214,CF18112052741,,OK,MAX,2, ,0.10,2.00,1.17,OK,0.10,2.00,1.30,OK,0.10,2.00,0.61,OK,0.10,2.00,0.39,OK,
[16:42:30] : Cycle start ON
[16:42:32] : Cycle start OFF
[16:43:00] : REQUEST MEAS. ON
[16:43:10] : REQUEST MEAS. OFF
[16:43:10] : end pos sig1 : 50.000000, 50.000000
[16:43:10] : 측정요구 ON 2
[16:43:20] : 측정요구 2OFF
[16:43:20] : end pos sig2 : -50.000000, -50.000000
[16:43:23] : 측정요구3 ON
[16:43:32] : 측정요구3 OFF
[16:43:32] : end pos sig3 : 50.000000, 50.000000
[16:43:32] : 측정요구4 ON
[16:43:42] : 측정요구4 OFF
[16:43:42] : end pos sig4 : -50.000000, -50.000000
[16:43:42] : 12,20181204-164342,CF18112052691,,OK,MAX,2, ,0.10,2.00,1.55,OK,0.10,2.00,1.05,OK,0.10,2.00,0.46,OK,0.10,2.00,0.31,OK,
[16:43:58] : Cycle start ON
[16:44:01] : Cycle start OFF
[16:44:30] : REQUEST MEAS. ON
[16:44:39] : REQUEST MEAS. OFF
[16:44:39] : end pos sig1 : 50.000000, 50.000000
[16:44:39] : 측정요구 ON 2
[16:44:48] : 측정요구 2OFF
[16:44:48] : end pos sig2 : -50.000000, -50.000000
[16:44:51] : 측정요구3 ON
[16:45:00] : 측정요구3 OFF
[16:45:00] : end pos sig3 : 50.000000, 50.000000
[16:45:00] : 측정요구4 ON
[16:45:10] : 측정요구4 OFF
[16:45:10] : end pos sig4 : -50.000000, -50.000000
[16:45:10] : 12,20181204-164511,CF18112053591,,OK,MAX,2, ,0.10,2.00,0.89,OK,0.10,2.00,1.12,OK,0.10,2.00,0.43,OK,0.10,2.00,0.50,OK,
[16:45:27] : Cycle start ON
[16:45:29] : Cycle start OFF
[16:45:58] : REQUEST MEAS. ON
[16:46:07] : REQUEST MEAS. OFF
[16:46:07] : end pos sig1 : 50.000000, 50.000000
[16:46:07] : 측정요구 ON 2
[16:46:16] : 측정요구 2OFF
[16:46:16] : end pos sig2 : -50.000000, -50.000000
[16:46:20] : 측정요구3 ON
[16:46:29] : 측정요구3 OFF
[16:46:29] : end pos sig3 : 50.000000, 50.000000
[16:46:29] : 측정요구4 ON
[16:46:38] : 측정요구4 OFF
[16:46:38] : end pos sig4 : -50.000000, -50.000000
[16:46:38] : 12,20181204-164639,CF18112052621,,OK,MAX,2, ,0.10,2.00,1.08,OK,0.10,2.00,1.22,OK,0.10,2.00,0.47,OK,0.10,2.00,0.63,OK,
[16:46:55] : Cycle start ON
[16:46:57] : Cycle start OFF
[16:47:26] : REQUEST MEAS. ON
[16:47:35] : REQUEST MEAS. OFF
[16:47:35] : end pos sig1 : 50.000000, 50.000000
[16:47:35] : 측정요구 ON 2
[16:47:44] : 측정요구 2OFF
[16:47:44] : end pos sig2 : -50.000000, -50.000000
[16:47:48] : 측정요구3 ON
[16:47:57] : 측정요구3 OFF
[16:47:57] : end pos sig3 : 50.000000, 50.000000
[16:47:57] : 측정요구4 ON
[16:48:07] : 측정요구4 OFF
[16:48:07] : end pos sig4 : -50.000000, -50.000000
[16:48:07] : 12,20181204-164807,CF18112052171,,OK,MAX,2, ,0.10,2.00,0.73,OK,0.10,2.00,1.37,OK,0.10,2.00,0.51,OK,0.10,2.00,0.58,OK,
[16:48:23] : Cycle start ON
[16:48:25] : Cycle start OFF
[16:48:54] : REQUEST MEAS. ON
[16:49:03] : REQUEST MEAS. OFF
[16:49:03] : end pos sig1 : 50.000000, 50.000000
[16:49:03] : 측정요구 ON 2
[16:49:12] : 측정요구 2OFF
[16:49:12] : end pos sig2 : -50.000000, -50.000000
[16:49:16] : 측정요구3 ON
[16:49:25] : 측정요구3 OFF
[16:49:25] : end pos sig3 : 50.000000, 50.000000
[16:49:25] : 측정요구4 ON
[16:49:35] : 측정요구4 OFF
[16:49:35] : end pos sig4 : -50.000000, -50.000000
[16:49:35] : 12,20181204-164935,CF18100853291,,OK,MAX,2, ,0.10,2.00,1.47,OK,0.10,2.00,1.29,OK,0.10,2.00,0.51,OK,0.10,2.00,0.26,OK,
[16:49:51] : Cycle start ON
[16:49:53] : Cycle start OFF
[16:50:21] : REQUEST MEAS. ON
[16:50:30] : REQUEST MEAS. OFF
[16:50:30] : end pos sig1 : 50.000000, 50.000000
[16:50:30] : 측정요구 ON 2
[16:50:40] : 측정요구 2OFF
[16:50:40] : end pos sig2 : -50.000000, -50.000000
[16:50:44] : 측정요구3 ON
[16:50:53] : 측정요구3 OFF
[16:50:53] : end pos sig3 : 50.000000, 50.000000
[16:50:53] : 측정요구4 ON
[16:51:02] : 측정요구4 OFF
[16:51:02] : end pos sig4 : -50.000000, -50.000000
[16:51:02] : 12,20181204-165103,CF18112051931,,NG,MAX,2, ,0.10,2.00,1.10,OK,0.10,2.00,2.82,NG,0.10,2.00,0.71,OK,0.10,2.00,0.31,OK,
[16:51:29] : Cycle start ON
[16:51:31] : Cycle start OFF
[16:51:50] : REQUEST MEAS. ON
[16:51:59] : REQUEST MEAS. OFF
[16:51:59] : end pos sig1 : 50.000000, 50.000000
[16:51:59] : 측정요구 ON 2
[16:52:08] : 측정요구 2OFF
[16:52:08] : end pos sig2 : -31.950000, -32.130000
[16:52:12] : 측정요구3 ON
[16:52:21] : 측정요구3 OFF
[16:52:21] : end pos sig3 : 50.000000, 50.000000
[16:52:21] : 측정요구4 ON
[16:52:30] : 측정요구4 OFF
[16:52:30] : end pos sig4 : -50.000000, -50.000000
[16:52:30] : 12,20181204-165231,CF18112052341,,OK,MAX,2, ,0.10,2.00,1.04,OK,0.10,2.00,1.58,OK,0.10,2.00,0.77,OK,0.10,2.00,1.07,OK,
[16:52:50] : Cycle start ON
[16:52:52] : Cycle start OFF
[16:53:17] : REQUEST MEAS. ON
[16:53:26] : REQUEST MEAS. OFF
[16:53:26] : end pos sig1 : 50.000000, 50.000000
[16:53:27] : 측정요구 ON 2
[16:53:36] : 측정요구 2OFF
[16:53:36] : end pos sig2 : -50.000000, -50.000000
[16:53:39] : 측정요구3 ON
[16:53:48] : 측정요구3 OFF
[16:53:48] : end pos sig3 : 50.000000, 50.000000
[16:53:48] : 측정요구4 ON
[16:53:58] : 측정요구4 OFF
[16:53:58] : end pos sig4 : -50.000000, -50.000000
[16:53:58] : 12,20181204-165359,CF18112053491,,OK,MAX,2, ,0.10,2.00,1.97,OK,0.10,2.00,1.13,OK,0.10,2.00,0.33,OK,0.10,2.00,0.50,OK,
[16:54:14] : Cycle start ON
[16:54:17] : Cycle start OFF
[16:54:45] : REQUEST MEAS. ON
[16:54:54] : REQUEST MEAS. OFF
[16:54:54] : end pos sig1 : 50.000000, 50.000000
[16:54:55] : 측정요구 ON 2
[16:55:04] : 측정요구 2OFF
[16:55:04] : end pos sig2 : -50.000000, -50.000000
[16:55:07] : 측정요구3 ON
[16:55:16] : 측정요구3 OFF
[16:55:16] : end pos sig3 : 50.000000, 50.000000
[16:55:16] : 측정요구4 ON
[16:55:26] : 측정요구4 OFF
[16:55:26] : end pos sig4 : -50.000000, -50.000000
[16:55:26] : 12,20181204-165526,CF18112053041,,OK,MAX,2, ,0.10,2.00,1.34,OK,0.10,2.00,1.33,OK,0.10,2.00,0.53,OK,0.10,2.00,0.36,OK,
[16:55:41] : Cycle start ON
[16:55:43] : Cycle start OFF
[16:56:12] : REQUEST MEAS. ON
[16:56:22] : REQUEST MEAS. OFF
[16:56:22] : end pos sig1 : 50.000000, 50.000000
[16:56:22] : 측정요구 ON 2
[16:56:31] : 측정요구 2OFF
[16:56:31] : end pos sig2 : -50.000000, -50.000000
[16:56:35] : 측정요구3 ON
[16:56:44] : 측정요구3 OFF
[16:56:44] : end pos sig3 : 50.000000, 50.000000
[16:56:44] : 측정요구4 ON
[16:56:54] : 측정요구4 OFF
[16:56:54] : end pos sig4 : -50.000000, -50.000000
[16:56:54] : 12,20181204-165654,CF18112051591,,OK,MAX,2, ,0.10,2.00,1.00,OK,0.10,2.00,1.20,OK,0.10,2.00,0.49,OK,0.10,2.00,0.43,OK,
[16:57:15] : Cycle start ON
[16:57:17] : Cycle start OFF
[16:57:41] : REQUEST MEAS. ON
[16:57:50] : REQUEST MEAS. OFF
[16:57:50] : end pos sig1 : 50.000000, 50.000000
[16:57:50] : 측정요구 ON 2
[16:58:00] : 측정요구 2OFF
[16:58:00] : end pos sig2 : -50.000000, -50.000000
[16:58:03] : 측정요구3 ON
[16:58:12] : 측정요구3 OFF
[16:58:12] : end pos sig3 : 50.000000, 50.000000
[16:58:12] : 측정요구4 ON
[16:58:22] : 측정요구4 OFF
[16:58:22] : end pos sig4 : -50.000000, -50.000000
[16:58:22] : 12,20181204-165822,CF18112052851,,OK,MAX,2, ,0.10,2.00,1.15,OK,0.10,2.00,1.25,OK,0.10,2.00,0.36,OK,0.10,2.00,0.40,OK,
[16:58:37] : Cycle start ON
[16:58:40] : Cycle start OFF
[16:59:09] : REQUEST MEAS. ON
[16:59:18] : REQUEST MEAS. OFF
[16:59:18] : end pos sig1 : 50.000000, 50.000000
[16:59:18] : 측정요구 ON 2
[16:59:28] : 측정요구 2OFF
[16:59:28] : end pos sig2 : -50.000000, -50.000000
[16:59:32] : 측정요구3 ON
[16:59:41] : 측정요구3 OFF
[16:59:41] : end pos sig3 : 50.000000, 50.000000
[16:59:41] : 측정요구4 ON
[16:59:50] : 측정요구4 OFF
[16:59:50] : end pos sig4 : -50.000000, -50.000000
[16:59:50] : 12,20181204-165951,CF18112052221,,OK,MAX,2, ,0.10,2.00,1.19,OK,0.10,2.00,1.46,OK,0.10,2.00,0.36,OK,0.10,2.00,0.54,OK,
[17:00:07] : Cycle start ON
[17:00:08] : Cycle start OFF
[17:00:37] : REQUEST MEAS. ON
[17:00:46] : REQUEST MEAS. OFF
[17:00:46] : end pos sig1 : 50.000000, 50.000000
[17:00:47] : 측정요구 ON 2
[17:00:56] : 측정요구 2OFF
[17:00:56] : end pos sig2 : -50.000000, -50.000000
[17:00:59] : 측정요구3 ON
[17:01:08] : 측정요구3 OFF
[17:01:08] : end pos sig3 : 50.000000, 50.000000
[17:01:08] : 측정요구4 ON
[17:01:18] : 측정요구4 OFF
[17:01:18] : end pos sig4 : -50.000000, -50.000000
[17:01:18] : 12,20181204-170118,CF18100851341,,OK,MAX,2, ,0.10,2.00,1.15,OK,0.10,2.00,1.26,OK,0.10,2.00,0.45,OK,0.10,2.00,0.70,OK,
[17:01:33] : Cycle start ON
[17:01:35] : Cycle start OFF
[17:02:04] : REQUEST MEAS. ON
[17:02:14] : REQUEST MEAS. OFF
[17:02:14] : end pos sig1 : 50.000000, 50.000000
[17:02:14] : 측정요구 ON 2
[17:02:23] : 측정요구 2OFF
[17:02:23] : end pos sig2 : -50.000000, -50.000000
[17:02:27] : 측정요구3 ON
[17:02:36] : 측정요구3 OFF
[17:02:36] : end pos sig3 : 50.000000, 50.000000
[17:02:36] : 측정요구4 ON
[17:02:46] : 측정요구4 OFF
[17:02:46] : end pos sig4 : -50.000000, -50.000000
[17:02:46] : 12,20181204-170246,CF18112053021,,OK,MAX,2, ,0.10,2.00,1.28,OK,0.10,2.00,1.27,OK,0.10,2.00,0.42,OK,0.10,2.00,1.43,OK,
[17:03:02] : Cycle start ON
[17:03:04] : Cycle start OFF
[17:03:32] : REQUEST MEAS. ON
[17:03:42] : REQUEST MEAS. OFF
[17:03:42] : end pos sig1 : 50.000000, 50.000000
[17:03:42] : 측정요구 ON 2
[17:03:51] : 측정요구 2OFF
[17:03:51] : end pos sig2 : -50.000000, -50.000000
[17:03:55] : 측정요구3 ON
[17:04:04] : 측정요구3 OFF
[17:04:04] : end pos sig3 : 50.000000, 50.000000
[17:04:04] : 측정요구4 ON
[17:04:14] : 측정요구4 OFF
[17:04:14] : end pos sig4 : -50.000000, -50.000000
[17:04:14] : 12,20181204-170414,CF18112053651,,OK,MAX,2, ,0.10,2.00,0.98,OK,0.10,2.00,0.69,OK,0.10,2.00,0.47,OK,0.10,2.00,0.39,OK,
[17:04:30] : Cycle start ON
[17:04:32] : Cycle start OFF
[17:05:00] : REQUEST MEAS. ON
[17:05:09] : REQUEST MEAS. OFF
[17:05:09] : end pos sig1 : 50.000000, 50.000000
[17:05:09] : 측정요구 ON 2
[17:05:19] : 측정요구 2OFF
[17:05:19] : end pos sig2 : -50.000000, -50.000000
[17:05:23] : 측정요구3 ON
[17:05:32] : 측정요구3 OFF
[17:05:32] : end pos sig3 : 50.000000, 50.000000
[17:05:32] : 측정요구4 ON
[17:05:42] : 측정요구4 OFF
[17:05:42] : end pos sig4 : -50.000000, -50.000000
[17:05:42] : 12,20181204-170542,CF18112053861,,OK,MAX,2, ,0.10,2.00,0.93,OK,0.10,2.00,1.27,OK,0.10,2.00,1.08,OK,0.10,2.00,0.50,OK,
[17:05:58] : Cycle start ON
[17:06:00] : Cycle start OFF
[17:06:29] : REQUEST MEAS. ON
[17:06:38] : REQUEST MEAS. OFF
[17:06:38] : end pos sig1 : 50.000000, 50.000000
[17:06:38] : 측정요구 ON 2
[17:06:47] : 측정요구 2OFF
[17:06:47] : end pos sig2 : -50.000000, -50.000000
[17:06:51] : 측정요구3 ON
[17:07:00] : 측정요구3 OFF
[17:07:00] : end pos sig3 : 50.000000, 50.000000
[17:07:00] : 측정요구4 ON
[17:07:10] : 측정요구4 OFF
[17:07:10] : end pos sig4 : -50.000000, -50.000000
[17:07:10] : 12,20181204-170710,CF18112052761,,OK,MAX,2, ,0.10,2.00,0.79,OK,0.10,2.00,1.21,OK,0.10,2.00,0.34,OK,0.10,2.00,0.50,OK,
[17:07:26] : Cycle start ON
[17:07:28] : Cycle start OFF
[17:07:57] : REQUEST MEAS. ON
[17:08:06] : REQUEST MEAS. OFF
[17:08:06] : end pos sig1 : 50.000000, 50.000000
[17:08:06] : 측정요구 ON 2
[17:08:16] : 측정요구 2OFF
[17:08:16] : end pos sig2 : -50.000000, -50.000000
[17:08:19] : 측정요구3 ON
[17:08:28] : 측정요구3 OFF
[17:08:28] : end pos sig3 : 50.000000, 50.000000
[17:08:28] : 측정요구4 ON
[17:08:38] : 측정요구4 OFF
[17:08:38] : end pos sig4 : -50.000000, -50.000000
[17:08:38] : 12,20181204-170839,CF18112052491,,OK,MAX,2, ,0.10,2.00,1.14,OK,0.10,2.00,1.19,OK,0.10,2.00,0.36,OK,0.10,2.00,1.17,OK,
[17:09:02] : Cycle start ON
[17:09:04] : Cycle start OFF
[17:09:26] : REQUEST MEAS. ON
[17:09:35] : REQUEST MEAS. OFF
[17:09:35] : end pos sig1 : 50.000000, 50.000000
[17:09:35] : 측정요구 ON 2
[17:09:44] : 측정요구 2OFF
[17:09:44] : end pos sig2 : -50.000000, -50.000000
[17:09:47] : 측정요구3 ON
[17:09:56] : 측정요구3 OFF
[17:09:56] : end pos sig3 : 50.000000, 50.000000
[17:09:56] : 측정요구4 ON
[17:10:06] : 측정요구4 OFF
[17:10:06] : end pos sig4 : -50.000000, -50.000000
[17:10:06] : 12,20181204-171007,CF18112052911,,OK,MAX,2, ,0.10,2.00,1.25,OK,0.10,2.00,1.79,OK,0.10,2.00,0.28,OK,0.10,2.00,0.38,OK,
[17:10:23] : Cycle start ON
[17:10:25] : Cycle start OFF
[17:10:54] : REQUEST MEAS. ON
[17:11:03] : REQUEST MEAS. OFF
[17:11:03] : end pos sig1 : 50.000000, 50.000000
[17:11:03] : 측정요구 ON 2
[17:11:12] : 측정요구 2OFF
[17:11:12] : end pos sig2 : -50.000000, -50.000000
[17:11:16] : 측정요구3 ON
[17:11:25] : 측정요구3 OFF
[17:11:25] : end pos sig3 : 50.000000, 50.000000
[17:11:25] : 측정요구4 ON
[17:11:34] : 측정요구4 OFF
[17:11:34] : end pos sig4 : -50.000000, -50.000000
[17:11:34] : 12,20181204-171135,CF18112052591,,OK,MAX,2, ,0.10,2.00,0.92,OK,0.10,2.00,1.21,OK,0.10,2.00,0.51,OK,0.10,2.00,0.50,OK,
[17:11:51] : Cycle start ON
[17:11:53] : Cycle start OFF
[17:12:22] : REQUEST MEAS. ON
[17:12:31] : REQUEST MEAS. OFF
[17:12:31] : end pos sig1 : 50.000000, 50.000000
[17:12:31] : 측정요구 ON 2
[17:12:40] : 측정요구 2OFF
[17:12:40] : end pos sig2 : -50.000000, -50.000000
[17:12:44] : 측정요구3 ON
[17:12:53] : 측정요구3 OFF
[17:12:53] : end pos sig3 : 50.000000, 50.000000
[17:12:53] : 측정요구4 ON
[17:13:02] : 측정요구4 OFF
[17:13:02] : end pos sig4 : -50.000000, -50.000000
[17:13:02] : 12,20181204-171303,CF18112053791,,OK,MAX,2, ,0.10,2.00,1.29,OK,0.10,2.00,1.13,OK,0.10,2.00,0.27,OK,0.10,2.00,0.41,OK,
[17:13:19] : Cycle start ON
[17:13:21] : Cycle start OFF
[17:13:49] : REQUEST MEAS. ON
[17:13:59] : REQUEST MEAS. OFF
[17:13:59] : end pos sig1 : 50.000000, 50.000000
[17:13:59] : 측정요구 ON 2
[17:14:08] : 측정요구 2OFF
[17:14:08] : end pos sig2 : -50.000000, -50.000000
[17:14:12] : 측정요구3 ON
[17:14:21] : 측정요구3 OFF
[17:14:21] : end pos sig3 : 50.000000, 50.000000
[17:14:21] : 측정요구4 ON
[17:14:30] : 측정요구4 OFF
[17:14:30] : end pos sig4 : -50.000000, -50.000000
[17:14:30] : 12,20181204-171430,CF18112052831,,OK,MAX,2, ,0.10,2.00,0.97,OK,0.10,2.00,1.52,OK,0.10,2.00,0.41,OK,0.10,2.00,0.53,OK,
[17:16:29] : AUTO RUNNING OFF
[18:30:06] : MEAS ESC ON
[18:30:08] : MEAS ESC OFF
[18:30:08] : MEAS ESC ON
[18:32:28] : MEAS ESC OFF
[18:32:28] : AUTO RUNNING ON
[18:33:10] : Cycle start ON
[18:33:12] : Cycle start OFF
[18:33:39] : REQUEST MEAS. ON
[18:33:48] : REQUEST MEAS. OFF
[18:33:48] : end pos sig1 : 50.000000, 50.000000
[18:33:48] : 측정요구 ON 2
[18:33:57] : 측정요구 2OFF
[18:33:57] : end pos sig2 : -50.000000, -50.000000
[18:34:01] : 측정요구3 ON
[18:34:10] : 측정요구3 OFF
[18:34:10] : end pos sig3 : 50.000000, 50.000000
[18:34:10] : 측정요구4 ON
[18:34:20] : 측정요구4 OFF
[18:34:20] : end pos sig4 : -50.000000, -50.000000
[18:34:20] : 12,20181204-183420,CF18120272841,CF 18100413703,OK,MAX,2, ,0.10,2.00,1.32,OK,0.10,2.00,0.63,OK,0.10,2.00,1.45,OK,0.10,2.00,0.75,OK,
[18:34:36] : Cycle start ON
[18:34:38] : Cycle start OFF
[18:35:08] : REQUEST MEAS. ON
[18:35:17] : REQUEST MEAS. OFF
[18:35:17] : end pos sig1 : 50.000000, 50.000000
[18:35:17] : 측정요구 ON 2
[18:35:26] : 측정요구 2OFF
[18:35:26] : end pos sig2 : -48.310000, -48.480000
[18:35:29] : 측정요구3 ON
[18:35:38] : 측정요구3 OFF
[18:35:38] : end pos sig3 : 50.000000, 50.000000
[18:35:38] : 측정요구4 ON
[18:35:48] : 측정요구4 OFF
[18:35:48] : end pos sig4 : -50.000000, -50.000000
[18:35:48] : 12,20181204-183549,CF18120270581,CF 18100413693,OK,MAX,2, ,0.10,2.00,1.00,OK,0.10,2.00,0.77,OK,0.10,2.00,1.07,OK,0.10,2.00,0.52,OK,
[18:36:04] : Cycle start ON
[18:36:06] : Cycle start OFF
[18:36:32] : Cycle start ON
[18:36:35] : Cycle start OFF
[18:37:21] : Cycle start ON
[18:37:23] : Cycle start OFF
[18:37:49] : REQUEST MEAS. ON
[18:37:58] : REQUEST MEAS. OFF
[18:37:58] : end pos sig1 : 50.000000, 50.000000
[18:37:58] : 측정요구 ON 2
[18:38:07] : 측정요구 2OFF
[18:38:07] : end pos sig2 : -50.000000, -50.000000
[18:38:11] : 측정요구3 ON
[18:38:20] : 측정요구3 OFF
[18:38:20] : end pos sig3 : 50.000000, 50.000000
[18:38:20] : 측정요구4 ON
[18:38:30] : 측정요구4 OFF
[18:38:30] : end pos sig4 : -50.000000, -50.000000
[18:38:30] : 12,20181204-183830,CF18120273551,CF 18112010631,OK,MAX,2, ,0.10,2.00,1.01,OK,0.10,2.00,1.20,OK,0.10,2.00,1.28,OK,0.10,2.00,1.66,OK,
[18:38:45] : Cycle start ON
[18:38:47] : Cycle start OFF
[18:39:17] : REQUEST MEAS. ON
[18:39:26] : REQUEST MEAS. OFF
[18:39:26] : end pos sig1 : 50.000000, 50.000000
[18:39:26] : 측정요구 ON 2
[18:39:36] : 측정요구 2OFF
[18:39:36] : end pos sig2 : -50.000000, -50.000000
[18:39:40] : 측정요구3 ON
[18:39:49] : 측정요구3 OFF
[18:39:49] : end pos sig3 : 50.000000, 50.000000
[18:39:49] : 측정요구4 ON
[18:39:58] : 측정요구4 OFF
[18:39:58] : end pos sig4 : -50.000000, -50.000000
[18:39:58] : 12,20181204-183959,CF18120273591,CF 18100412583,NG,MAX,2, ,0.10,2.00,2.13,NG,0.10,2.00,0.86,OK,0.10,2.00,1.54,OK,0.10,2.00,2.32,NG,
[18:40:54] : AUTO RUNNING OFF
[18:41:27] : MEAS ESC ON
[18:41:28] : MEAS ESC OFF
[18:41:28] : AUTO RUNNING ON
[18:42:36] : AUTO RUNNING OFF
[18:50:59] : MEAS ESC ON
[18:52:03] : MEAS ESC OFF
[19:18:54] : MEAS ESC ON
[19:19:03] : MEAS ESC OFF
[19:19:03] : AUTO RUNNING ON
[19:20:30] : Cycle start ON
[19:20:31] : Cycle start OFF
[19:20:55] : REQUEST MEAS. ON
[19:21:04] : REQUEST MEAS. OFF
[19:21:04] : end pos sig1 : 50.000000, 50.000000
[19:21:04] : 측정요구 ON 2
[19:21:14] : 측정요구 2OFF
[19:21:14] : end pos sig2 : -50.000000, -50.000000
[19:21:18] : 측정요구3 ON
[19:21:27] : 측정요구3 OFF
[19:21:27] : end pos sig3 : 50.000000, 50.000000
[19:21:27] : 측정요구4 ON
[19:21:36] : 측정요구4 OFF
[19:21:36] : end pos sig4 : -50.000000, -50.000000
[19:21:36] : 12,20181204-192137,CF18120272481,CF 18100413443,OK,MAX,2, ,0.10,2.00,0.77,OK,0.10,2.00,0.65,OK,0.10,2.00,0.94,OK,0.10,2.00,0.34,OK,
[19:21:55] : Cycle start ON
[19:21:57] : Cycle start OFF
[19:23:49] : AUTO RUNNING OFF
[19:24:31] : MEAS ESC ON
[19:24:33] : MEAS ESC OFF
[19:24:33] : AUTO RUNNING ON
[19:24:44] : Cycle start ON
[19:24:46] : Cycle start OFF
[19:31:19] : Cycle start ON
[19:31:21] : Cycle start OFF
[19:31:45] : REQUEST MEAS. ON
[19:31:54] : REQUEST MEAS. OFF
[19:31:54] : end pos sig1 : 50.000000, 50.000000
[19:31:54] : 측정요구 ON 2
[19:32:04] : 측정요구 2OFF
[19:32:04] : end pos sig2 : -50.000000, -50.000000
[19:32:07] : 측정요구3 ON
[19:32:16] : 측정요구3 OFF
[19:32:16] : end pos sig3 : 50.000000, 50.000000
[19:32:16] : 측정요구4 ON
[19:32:26] : 측정요구4 OFF
[19:32:26] : end pos sig4 : -50.000000, -50.000000
[19:32:26] : 12,20181204-193227,CF18120273361,CF 18100413413,OK,MAX,2, ,0.10,2.00,1.19,OK,0.10,2.00,0.32,OK,0.10,2.00,1.30,OK,0.10,2.00,0.40,OK,
[19:32:46] : Cycle start ON
[19:32:48] : Cycle start OFF
[19:33:13] : REQUEST MEAS. ON
[19:33:23] : REQUEST MEAS. OFF
[19:33:23] : end pos sig1 : 50.000000, 50.000000
[19:33:23] : 측정요구 ON 2
[19:33:32] : 측정요구 2OFF
[19:33:32] : end pos sig2 : -50.000000, -50.000000
[19:33:35] : 측정요구3 ON
[19:33:44] : 측정요구3 OFF
[19:33:44] : end pos sig3 : 50.000000, 50.000000
[19:33:44] : 측정요구4 ON
[19:33:54] : 측정요구4 OFF
[19:33:54] : end pos sig4 : -50.000000, -50.000000
[19:33:54] : 12,20181204-193355,CF18120273371,CF 18100410323,OK,MAX,2, ,0.10,2.00,1.10,OK,0.10,2.00,0.36,OK,0.10,2.00,1.38,OK,0.10,2.00,0.74,OK,
[19:34:10] : Cycle start ON
[19:34:12] : Cycle start OFF
[19:34:41] : REQUEST MEAS. ON
[19:34:50] : REQUEST MEAS. OFF
[19:34:50] : end pos sig1 : 50.000000, 50.000000
[19:34:50] : 측정요구 ON 2
[19:35:00] : 측정요구 2OFF
[19:35:00] : end pos sig2 : -50.000000, -50.000000
[19:35:03] : 측정요구3 ON
[19:35:12] : 측정요구3 OFF
[19:35:12] : end pos sig3 : 50.000000, 50.000000
[19:35:12] : 측정요구4 ON
[19:35:22] : 측정요구4 OFF
[19:35:22] : end pos sig4 : -50.000000, -50.000000
[19:35:22] : 12,20181204-193522,CF18120273001,CF 18100410413,OK,MAX,2, ,0.10,2.00,0.93,OK,0.10,2.00,0.61,OK,0.10,2.00,1.05,OK,0.10,2.00,0.57,OK,
[19:35:37] : Cycle start ON
[19:35:39] : Cycle start OFF
[19:36:09] : REQUEST MEAS. ON
[19:36:18] : REQUEST MEAS. OFF
[19:36:18] : end pos sig1 : 50.000000, 50.000000
[19:36:18] : 측정요구 ON 2
[19:36:28] : 측정요구 2OFF
[19:36:28] : end pos sig2 : -50.000000, -50.000000
[19:36:32] : 측정요구3 ON
[19:36:41] : 측정요구3 OFF
[19:36:41] : end pos sig3 : 50.000000, 50.000000
[19:36:41] : 측정요구4 ON
[19:36:50] : 측정요구4 OFF
[19:36:50] : end pos sig4 : -50.000000, -50.000000
[19:36:50] : 12,20181204-193650,CF18120272591,CF 18100410903,OK,MAX,2, ,0.10,2.00,1.07,OK,0.10,2.00,0.65,OK,0.10,2.00,1.01,OK,0.10,2.00,0.90,OK,
[19:37:12] : Cycle start ON
[19:37:14] : Cycle start OFF
[19:37:37] : REQUEST MEAS. ON
[19:37:46] : REQUEST MEAS. OFF
[19:37:46] : end pos sig1 : 50.000000, 50.000000
[19:37:47] : 측정요구 ON 2
[19:37:56] : 측정요구 2OFF
[19:37:56] : end pos sig2 : -50.000000, -50.000000
[19:37:59] : 측정요구3 ON
[19:38:08] : 측정요구3 OFF
[19:38:08] : end pos sig3 : 50.000000, 50.000000
[19:38:08] : 측정요구4 ON
[19:38:18] : 측정요구4 OFF
[19:38:18] : end pos sig4 : -50.000000, -50.000000
[19:38:18] : 12,20181204-193818,CF18120272621,CF 18100410883,OK,MAX,2, ,0.10,2.00,0.94,OK,0.10,2.00,0.51,OK,0.10,2.00,1.19,OK,0.10,2.00,0.48,OK,
[19:38:34] : Cycle start ON
[19:38:36] : Cycle start OFF
[19:39:05] : REQUEST MEAS. ON
[19:39:14] : REQUEST MEAS. OFF
[19:39:14] : end pos sig1 : 50.000000, 50.000000
[19:39:14] : 측정요구 ON 2
[19:39:24] : 측정요구 2OFF
[19:39:24] : end pos sig2 : -50.000000, -50.000000
[19:39:27] : 측정요구3 ON
[19:39:36] : 측정요구3 OFF
[19:39:36] : end pos sig3 : 50.000000, 50.000000
[19:39:36] : 측정요구4 ON
[19:39:46] : 측정요구4 OFF
[19:39:46] : end pos sig4 : -50.000000, -50.000000
[19:39:46] : 12,20181204-193946,CF18120272741,CF 18100413643,OK,MAX,2, ,0.10,2.00,0.82,OK,0.10,2.00,1.48,OK,0.10,2.00,0.80,OK,0.10,2.00,0.92,OK,
[19:40:03] : Cycle start ON
[19:40:04] : Cycle start OFF
[19:40:34] : REQUEST MEAS. ON
[19:40:43] : REQUEST MEAS. OFF
[19:40:43] : end pos sig1 : 50.000000, 50.000000
[19:40:43] : 측정요구 ON 2
[19:40:52] : 측정요구 2OFF
[19:40:52] : end pos sig2 : -50.000000, -50.000000
[19:40:55] : 측정요구3 ON
[19:41:04] : 측정요구3 OFF
[19:41:04] : end pos sig3 : 50.000000, 50.000000
[19:41:04] : 측정요구4 ON
[19:41:14] : 측정요구4 OFF
[19:41:14] : end pos sig4 : -39.420000, -39.600000
[19:41:14] : 12,20181204-194114,CF18120272821,CF 18100412973,OK,MAX,2, ,0.10,2.00,0.92,OK,0.10,2.00,1.16,OK,0.10,2.00,1.38,OK,0.10,2.00,0.56,OK,
[19:41:29] : Cycle start ON
[19:41:31] : Cycle start OFF
[19:42:00] : REQUEST MEAS. ON
[19:42:09] : REQUEST MEAS. OFF
[19:42:09] : end pos sig1 : 50.000000, 50.000000
[19:42:10] : 측정요구 ON 2
[19:42:19] : 측정요구 2OFF
[19:42:19] : end pos sig2 : -50.000000, -50.000000
[19:42:23] : 측정요구3 ON
[19:42:32] : 측정요구3 OFF
[19:42:32] : end pos sig3 : 50.000000, 50.000000
[19:42:32] : 측정요구4 ON
[19:42:42] : 측정요구4 OFF
[19:42:42] : end pos sig4 : -50.000000, -50.000000
[19:42:42] : 12,20181204-194242,CF18120270421,CF 18100410033,OK,MAX,2, ,0.10,2.00,1.44,OK,0.10,2.00,0.59,OK,0.10,2.00,1.07,OK,0.10,2.00,0.43,OK,
[19:42:57] : Cycle start ON
[19:42:59] : Cycle start OFF
[19:43:28] : REQUEST MEAS. ON
[19:43:38] : REQUEST MEAS. OFF
[19:43:38] : end pos sig1 : 50.000000, 50.000000
[19:43:38] : 측정요구 ON 2
[19:43:48] : 측정요구 2OFF
[19:43:48] : end pos sig2 : -50.000000, -50.000000
[19:43:51] : 측정요구3 ON
[19:44:00] : 측정요구3 OFF
[19:44:00] : end pos sig3 : 50.000000, 50.000000
[19:44:00] : 측정요구4 ON
[19:44:10] : 측정요구4 OFF
[19:44:10] : end pos sig4 : -50.000000, -50.000000
[19:44:10] : 12,20181204-194410,CF18120270461,CF 18100413933,OK,MAX,2, ,0.10,2.00,0.58,OK,0.10,2.00,1.30,OK,0.10,2.00,1.66,OK,0.10,2.00,0.31,OK,
[19:44:27] : Cycle start ON
[19:44:28] : Cycle start OFF
[19:44:57] : REQUEST MEAS. ON
[19:45:06] : REQUEST MEAS. OFF
[19:45:06] : end pos sig1 : 50.000000, 50.000000
[19:45:06] : 측정요구 ON 2
[19:45:15] : 측정요구 2OFF
[19:45:15] : end pos sig2 : -50.000000, -50.000000
[19:45:19] : 측정요구3 ON
[19:45:28] : 측정요구3 OFF
[19:45:28] : end pos sig3 : 50.000000, 50.000000
[19:45:28] : 측정요구4 ON
[19:45:38] : 측정요구4 OFF
[19:45:38] : end pos sig4 : -50.000000, -50.000000
[19:45:38] : 12,20181204-194538,CF18120270511,CF 18112010791,OK,MAX,2, ,0.10,2.00,0.91,OK,0.10,2.00,1.23,OK,0.10,2.00,0.95,OK,0.10,2.00,0.71,OK,
[19:45:54] : Cycle start ON
[19:45:55] : Cycle start OFF
[19:46:24] : REQUEST MEAS. ON
[19:46:33] : REQUEST MEAS. OFF
[19:46:33] : end pos sig1 : 50.000000, 50.000000
[19:46:33] : 측정요구 ON 2
[19:46:43] : 측정요구 2OFF
[19:46:43] : end pos sig2 : -50.000000, -50.000000
[19:46:47] : 측정요구3 ON
[19:46:56] : 측정요구3 OFF
[19:46:56] : end pos sig3 : 50.000000, 50.000000
[19:46:56] : 측정요구4 ON
[19:47:05] : 측정요구4 OFF
[19:47:05] : end pos sig4 : -50.000000, -50.000000
[19:47:05] : 12,20181204-194706,CF18120270881,CF 18100413903,OK,MAX,2, ,0.10,2.00,0.87,OK,0.10,2.00,0.60,OK,0.10,2.00,1.14,OK,0.10,2.00,0.65,OK,
[19:47:22] : Cycle start ON
[19:47:24] : Cycle start OFF
[19:47:52] : REQUEST MEAS. ON
[19:48:02] : REQUEST MEAS. OFF
[19:48:02] : end pos sig1 : 50.000000, 50.000000
[19:48:02] : 측정요구 ON 2
[19:48:11] : 측정요구 2OFF
[19:48:11] : end pos sig2 : -50.000000, -50.000000
[19:48:15] : 측정요구3 ON
[19:48:24] : 측정요구3 OFF
[19:48:24] : end pos sig3 : 50.000000, 50.000000
[19:48:24] : 측정요구4 ON
[19:48:33] : 측정요구4 OFF
[19:48:33] : end pos sig4 : -50.000000, -50.000000
[19:48:33] : 12,20181204-194834,CF18120270851,CF 18100413853,OK,MAX,2, ,0.10,2.00,1.18,OK,0.10,2.00,0.63,OK,0.10,2.00,1.21,OK,0.10,2.00,0.76,OK,
[19:48:49] : Cycle start ON
[19:48:52] : Cycle start OFF
[19:49:21] : REQUEST MEAS. ON
[19:49:30] : REQUEST MEAS. OFF
[19:49:30] : end pos sig1 : 50.000000, 50.000000
[19:49:30] : 측정요구 ON 2
[19:49:39] : 측정요구 2OFF
[19:49:39] : end pos sig2 : -50.000000, -50.000000
[19:49:43] : 측정요구3 ON
[19:49:52] : 측정요구3 OFF
[19:49:52] : end pos sig3 : 50.000000, 50.000000
[19:49:52] : 측정요구4 ON
[19:50:01] : 측정요구4 OFF
[19:50:01] : end pos sig4 : -50.000000, -50.000000
[19:50:01] : 12,20181204-195002,CF18120273181,CF 18100410253,OK,MAX,2, ,0.10,2.00,1.08,OK,0.10,2.00,0.63,OK,0.10,2.00,1.17,OK,0.10,2.00,0.69,OK,
[19:50:17] : Cycle start ON
[19:50:19] : Cycle start OFF
[19:50:49] : REQUEST MEAS. ON
[19:50:58] : REQUEST MEAS. OFF
[19:50:58] : end pos sig1 : 50.000000, 50.000000
[19:50:58] : 측정요구 ON 2
[19:51:07] : 측정요구 2OFF
[19:51:07] : end pos sig2 : -50.000000, -50.000000
[19:51:11] : 측정요구3 ON
[19:51:20] : 측정요구3 OFF
[19:51:20] : end pos sig3 : 50.000000, 50.000000
[19:51:20] : 측정요구4 ON
[19:51:30] : 측정요구4 OFF
[19:51:30] : end pos sig4 : -50.000000, -50.000000
[19:51:30] : 12,20181204-195130,CF18120273161,CF 18100412143,OK,MAX,2, ,0.10,2.00,0.84,OK,0.10,2.00,1.01,OK,0.10,2.00,1.28,OK,0.10,2.00,0.67,OK,
[19:51:46] : Cycle start ON
[19:51:48] : Cycle start OFF
[19:52:16] : REQUEST MEAS. ON
[19:52:26] : REQUEST MEAS. OFF
[19:52:26] : end pos sig1 : 50.000000, 50.000000
[19:52:26] : 측정요구 ON 2
[19:52:35] : 측정요구 2OFF
[19:52:35] : end pos sig2 : -50.000000, -50.000000
[19:52:39] : 측정요구3 ON
[19:52:48] : 측정요구3 OFF
[19:52:48] : end pos sig3 : 50.000000, 50.000000
[19:52:48] : 측정요구4 ON
[19:52:57] : 측정요구4 OFF
[19:52:57] : end pos sig4 : -50.000000, -50.000000
[19:52:57] : 12,20181204-195258,CF18120273111,CF 18100412753,OK,MAX,2, ,0.10,2.00,0.79,OK,0.10,2.00,0.71,OK,0.10,2.00,0.84,OK,0.10,2.00,0.61,OK,
[19:53:14] : Cycle start ON
[19:53:16] : Cycle start OFF
[19:53:45] : REQUEST MEAS. ON
[19:53:54] : REQUEST MEAS. OFF
[19:53:54] : end pos sig1 : 50.000000, 50.000000
[19:53:54] : 측정요구 ON 2
[19:54:04] : 측정요구 2OFF
[19:54:04] : end pos sig2 : -50.000000, -50.000000
[19:54:07] : 측정요구3 ON
[19:54:16] : 측정요구3 OFF
[19:54:16] : end pos sig3 : 50.000000, 50.000000
[19:54:16] : 측정요구4 ON
[19:54:26] : 측정요구4 OFF
[19:54:26] : end pos sig4 : -50.000000, -50.000000
[19:54:26] : 12,20181204-195427,CF18120270291,CF 18100413243,OK,MAX,2, ,0.10,2.00,1.17,OK,0.10,2.00,1.38,OK,0.10,2.00,1.36,OK,0.10,2.00,0.59,OK,
[19:54:50] : Cycle start ON
[19:54:52] : Cycle start OFF
[19:55:14] : REQUEST MEAS. ON
[19:55:23] : REQUEST MEAS. OFF
[19:55:23] : end pos sig1 : 50.000000, 50.000000
[19:55:23] : 측정요구 ON 2
[19:55:32] : 측정요구 2OFF
[19:55:32] : end pos sig2 : -50.000000, -50.000000
[19:55:36] : 측정요구3 ON
[19:55:45] : 측정요구3 OFF
[19:55:45] : end pos sig3 : 50.000000, 50.000000
[19:55:45] : 측정요구4 ON
[19:55:54] : 측정요구4 OFF
[19:55:54] : end pos sig4 : -50.000000, -50.000000
[19:55:54] : 12,20181204-195555,CF18120270231,CF 18100413213,OK,MAX,2, ,0.10,2.00,0.96,OK,0.10,2.00,1.76,OK,0.10,2.00,1.04,OK,0.10,2.00,0.61,OK,
[20:06:12] : AUTO RUNNING OFF
 
