[11:06:40] : MEAS ESC ON
[11:06:43] : MEAS ESC OFF
[11:24:56] : MEAS ESC ON
[11:24:59] : MEAS ESC OFF
[11:24:59] : AUTO RUNNING ON
[11:25:28] : AUTO RUNNING OFF
[11:30:17] : MEAS ESC ON
[11:31:13] : MEAS ESC OFF
[11:31:16] : MEAS ESC ON
[11:31:56] : MEAS ESC OFF
[11:31:56] : AUTO RUNNING ON
[11:32:23] : AUTO RUNNING OFF
[11:32:48] : MEAS ESC ON
[11:32:50] : MEAS ESC OFF
[11:32:50] : AUTO RUNNING ON
[11:33:28] : AUTO RUNNING OFF
[11:33:32] : MEAS ESC ON
[11:33:33] : MEAS ESC OFF
[11:33:33] : AUTO RUNNING ON
[11:34:03] : AUTO RUNNING OFF
[11:34:12] : MEAS ESC ON
[11:34:14] : MEAS ESC OFF
[11:34:15] : MEAS ESC ON
[11:34:16] : MEAS ESC OFF
[11:34:16] : AUTO RUNNING ON
[11:35:47] : AUTO RUNNING OFF
[11:36:41] : MEAS ESC ON
[11:36:42] : MEAS ESC OFF
[11:36:42] : AUTO RUNNING ON
[11:37:13] : Cycle start ON
[11:37:15] : Cycle start OFF
[11:37:43] : REQUEST MEAS. ON
[11:37:52] : REQUEST MEAS. OFF
[11:37:52] : end pos sig1 : 50.000000, 50.000000
[11:37:52] : 측정요구 ON 2
[11:38:01] : 측정요구 2OFF
[11:38:01] : end pos sig2 : -50.000000, -50.000000
[11:38:05] : 측정요구3 ON
[11:38:14] : 측정요구3 OFF
[11:38:14] : end pos sig3 : 50.000000, 50.000000
[11:38:14] : 측정요구4 ON
[11:38:23] : 측정요구4 OFF
[11:38:23] : end pos sig4 : -50.000000, -50.000000
[11:38:23] : 12,20181130-113824,CF18112051981,,OK,MAX,2, ,0.50,7.00,2.18,OK,0.50,7.00,2.46,OK,0.50,7.00,0.70,OK,0.50,7.00,0.75,OK,
[11:39:12] : Cycle start ON
[11:39:15] : Cycle start OFF
[11:39:20] : REQUEST MEAS. ON
[11:39:29] : REQUEST MEAS. OFF
[11:39:29] : end pos sig1 : 50.000000, 50.000000
[11:39:29] : 측정요구 ON 2
[11:39:38] : 측정요구 2OFF
[11:39:38] : end pos sig2 : -50.000000, -50.000000
[11:39:42] : 측정요구3 ON
[11:39:51] : 측정요구3 OFF
[11:39:51] : end pos sig3 : 50.000000, 50.000000
[11:39:51] : 측정요구4 ON
[11:40:00] : 측정요구4 OFF
[11:40:00] : end pos sig4 : -50.000000, -50.000000
[11:40:00] : 12,20181130-114001,CF18112053591,,OK,MAX,2, ,0.50,7.00,1.77,OK,0.50,7.00,1.38,OK,0.50,7.00,1.29,OK,0.50,7.00,1.03,OK,
[11:40:17] : Cycle start ON
[11:40:20] : Cycle start OFF
[11:40:48] : REQUEST MEAS. ON
[11:40:57] : REQUEST MEAS. OFF
[11:40:57] : end pos sig1 : 50.000000, 50.000000
[11:40:57] : 측정요구 ON 2
[11:41:06] : 측정요구 2OFF
[11:41:06] : end pos sig2 : -50.000000, -50.000000
[11:41:10] : 측정요구3 ON
[11:41:19] : 측정요구3 OFF
[11:41:19] : end pos sig3 : 50.000000, 50.000000
[11:41:19] : 측정요구4 ON
[11:41:29] : 측정요구4 OFF
[11:41:29] : end pos sig4 : -50.000000, -50.000000
[11:41:29] : 12,20181130-114129,CF18112052651,,OK,MAX,2, ,0.50,7.00,2.30,OK,0.50,7.00,2.67,OK,0.50,7.00,1.13,OK,0.50,7.00,2.04,OK,
[11:41:50] : Cycle start ON
[11:41:52] : Cycle start OFF
[11:42:18] : REQUEST MEAS. ON
[11:42:27] : REQUEST MEAS. OFF
[11:42:27] : end pos sig1 : 50.000000, 50.000000
[11:42:27] : 측정요구 ON 2
[11:42:36] : 측정요구 2OFF
[11:42:36] : end pos sig2 : -50.000000, -50.000000
[11:42:40] : 측정요구3 ON
[11:42:49] : 측정요구3 OFF
[11:42:49] : end pos sig3 : 50.000000, 50.000000
[11:42:49] : 측정요구4 ON
[11:42:59] : 측정요구4 OFF
[11:42:59] : end pos sig4 : -50.000000, -50.000000
[11:42:59] : 12,20181130-114259,CF18112053391,,OK,MAX,2, ,0.50,7.00,1.58,OK,0.50,7.00,3.17,OK,0.50,7.00,0.69,OK,0.50,7.00,0.83,OK,
[11:47:50] : Cycle start ON
[11:47:52] : Cycle start OFF
[11:48:19] : REQUEST MEAS. ON
[11:48:28] : REQUEST MEAS. OFF
[11:48:28] : end pos sig1 : 50.000000, 50.000000
[11:48:28] : 측정요구 ON 2
[11:48:38] : 측정요구 2OFF
[11:48:38] : end pos sig2 : -50.000000, -50.000000
[11:48:41] : 측정요구3 ON
[11:48:50] : 측정요구3 OFF
[11:48:50] : end pos sig3 : 50.000000, 50.000000
[11:48:50] : 측정요구4 ON
[11:49:00] : 측정요구4 OFF
[11:49:00] : end pos sig4 : -50.000000, -50.000000
[11:49:00] : 12,20181130-114901,CF18112052631,,OK,MAX,2, ,0.50,7.00,1.98,OK,0.50,7.00,2.18,OK,0.50,7.00,2.65,OK,0.50,7.00,0.72,OK,
[11:49:20] : Cycle start ON
[11:49:22] : Cycle start OFF
[11:49:47] : REQUEST MEAS. ON
[11:49:56] : REQUEST MEAS. OFF
[11:49:56] : end pos sig1 : 50.000000, 50.000000
[11:49:57] : 측정요구 ON 2
[11:50:06] : 측정요구 2OFF
[11:50:06] : end pos sig2 : -50.000000, -50.000000
 
[11:50:09] : 측정요구3 ON
[11:50:18] : 측정요구3 OFF
[11:50:18] : end pos sig3 : 50.000000, 50.000000
[11:50:18] : 측정요구4 ON
[11:50:28] : 측정요구4 OFF
[11:50:28] : end pos sig4 : -50.000000, -50.000000
[11:50:28] : 12,20181130-115028,CF18112052761,,OK,MAX,2, ,0.50,7.00,2.09,OK,0.50,7.00,2.75,OK,0.50,7.00,0.81,OK,0.50,7.00,1.02,OK,
[11:50:45] : Cycle start ON
[11:50:47] : Cycle start OFF
[11:51:15] : REQUEST MEAS. ON
[11:51:24] : REQUEST MEAS. OFF
[11:51:24] : end pos sig1 : 50.000000, 50.000000
[11:51:25] : 측정요구 ON 2
[11:51:34] : 측정요구 2OFF
[11:51:34] : end pos sig2 : -50.000000, -50.000000
[11:51:37] : 측정요구3 ON
[11:51:46] : 측정요구3 OFF
[11:51:46] : end pos sig3 : 50.000000, 50.000000
[11:51:46] : 측정요구4 ON
[11:51:56] : 측정요구4 OFF
[11:51:56] : end pos sig4 : -50.000000, -50.000000
[11:51:56] : 12,20181130-115156,CF18112052171,,OK,MAX,2, ,0.50,7.00,3.54,OK,0.50,7.00,3.54,OK,0.50,7.00,1.10,OK,0.50,7.00,1.20,OK,
[11:52:12] : Cycle start ON
[11:52:13] : Cycle start OFF
[11:52:42] : REQUEST MEAS. ON
[11:52:51] : REQUEST MEAS. OFF
[11:52:51] : end pos sig1 : 50.000000, 50.000000
[11:52:52] : 측정요구 ON 2
[11:53:01] : 측정요구 2OFF
[11:53:01] : end pos sig2 : -50.000000, -50.000000
[11:53:05] : 측정요구3 ON
[11:53:14] : 측정요구3 OFF
[11:53:14] : end pos sig3 : 50.000000, 50.000000
[11:53:14] : 측정요구4 ON
[11:53:24] : 측정요구4 OFF
[11:53:24] : end pos sig4 : -50.000000, -50.000000
[11:53:24] : 12,20181130-115324,CF18112052471,,OK,MAX,2, ,0.50,7.00,1.50,OK,0.50,7.00,1.78,OK,0.50,7.00,0.90,OK,0.50,7.00,1.09,OK,
[11:53:40] : Cycle start ON
[11:53:41] : Cycle start OFF
[11:54:11] : REQUEST MEAS. ON
[11:54:20] : REQUEST MEAS. OFF
[11:54:20] : end pos sig1 : 50.000000, 50.000000
[11:54:20] : 측정요구 ON 2
[11:54:30] : 측정요구 2OFF
[11:54:30] : end pos sig2 : -50.000000, -50.000000
[11:54:33] : 측정요구3 ON
[11:54:42] : 측정요구3 OFF
[11:54:42] : end pos sig3 : 50.000000, 50.000000
[11:54:42] : 측정요구4 ON
[11:54:52] : 측정요구4 OFF
[11:54:52] : end pos sig4 : -50.000000, -50.000000
[11:54:52] : 12,20181130-115452,CF18112053811,,OK,MAX,2, ,0.50,7.00,2.26,OK,0.50,7.00,3.17,OK,0.50,7.00,1.06,OK,0.50,7.00,0.90,OK,
[11:55:09] : Cycle start ON
[11:55:11] : Cycle start OFF
[11:55:39] : REQUEST MEAS. ON
[11:55:48] : REQUEST MEAS. OFF
[11:55:48] : end pos sig1 : 50.000000, 50.000000
[11:55:48] : 측정요구 ON 2
[11:55:57] : 측정요구 2OFF
[11:55:57] : end pos sig2 : -50.000000, -50.000000
[11:56:01] : 측정요구3 ON
[11:56:10] : 측정요구3 OFF
[11:56:10] : end pos sig3 : 50.000000, 50.000000
[11:56:10] : 측정요구4 ON
[11:56:20] : 측정요구4 OFF
[11:56:20] : end pos sig4 : -50.000000, -50.000000
[11:56:20] : 12,20181130-115620,CF18112053721,,OK,MAX,2, ,0.50,7.00,2.14,OK,0.50,7.00,2.69,OK,0.50,7.00,0.97,OK,0.50,7.00,0.85,OK,
[11:56:43] : Cycle start ON
[11:56:45] : Cycle start OFF
[11:57:06] : REQUEST MEAS. ON
[11:57:16] : REQUEST MEAS. OFF
[11:57:16] : end pos sig1 : 50.000000, 50.000000
[11:57:16] : 측정요구 ON 2
[11:57:25] : 측정요구 2OFF
[11:57:25] : end pos sig2 : -50.000000, -50.000000
[11:57:29] : 측정요구3 ON
[11:57:38] : 측정요구3 OFF
[11:57:38] : end pos sig3 : 50.000000, 50.000000
[11:57:38] : 측정요구4 ON
[11:57:48] : 측정요구4 OFF
[11:57:48] : end pos sig4 : -50.000000, -50.000000
[11:57:48] : 12,20181130-115748,CF18112052871,,OK,MAX,2, ,0.50,7.00,2.21,OK,0.50,7.00,2.65,OK,0.50,7.00,2.43,OK,0.50,7.00,0.95,OK,
[11:59:56] : AUTO RUNNING OFF
[13:05:37] : MEAS ESC ON
[13:05:38] : MEAS ESC OFF
[13:05:38] : AUTO RUNNING ON
[13:06:45] : Cycle start ON
[13:06:47] : Cycle start OFF
[13:07:03] : REQUEST MEAS. ON
[13:07:12] : REQUEST MEAS. OFF
[13:07:12] : end pos sig1 : 50.000000, 50.000000
[13:07:12] : 측정요구 ON 2
[13:07:22] : 측정요구 2OFF
[13:07:22] : end pos sig2 : -50.000000, -50.000000
[13:07:25] : 측정요구3 ON
[13:07:34] : 측정요구3 OFF
[13:07:34] : end pos sig3 : 50.000000, 50.000000
[13:07:34] : 측정요구4 ON
[13:07:44] : 측정요구4 OFF
[13:07:44] : end pos sig4 : -50.000000, -50.000000
[13:07:44] : 12,20181130-130745,CF18112053911,,OK,MAX,2, ,0.50,7.00,1.31,OK,0.50,7.00,2.40,OK,0.50,7.00,1.04,OK,0.50,7.00,1.18,OK,
[13:08:01] : Cycle start ON
[13:08:03] : Cycle start OFF
[13:08:31] : REQUEST MEAS. ON
[13:08:41] : REQUEST MEAS. OFF
[13:08:41] : end pos sig1 : 50.000000, 50.000000
[13:08:41] : 측정요구 ON 2
[13:08:50] : 측정요구 2OFF
[13:08:50] : end pos sig2 : -50.000000, -50.000000
[13:08:54] : 측정요구3 ON
[13:09:03] : 측정요구3 OFF
[13:09:03] : end pos sig3 : 50.000000, 50.000000
[13:09:03] : 측정요구4 ON
[13:09:12] : 측정요구4 OFF
[13:09:12] : end pos sig4 : -50.000000, -50.000000
[13:09:12] : 12,20181130-130913,CF18112051991,,OK,MAX,2, ,0.50,7.00,2.07,OK,0.50,7.00,2.70,OK,0.50,7.00,0.94,OK,0.50,7.00,1.15,OK,
[13:30:02] : Cycle start ON
[13:30:04] : Cycle start OFF
[13:30:28] : REQUEST MEAS. ON
[13:30:37] : REQUEST MEAS. OFF
[13:30:37] : end pos sig1 : 50.000000, 50.000000
[13:30:37] : 측정요구 ON 2
[13:30:46] : 측정요구 2OFF
[13:30:46] : end pos sig2 : -50.000000, -50.000000
[13:30:50] : 측정요구3 ON
[13:30:59] : 측정요구3 OFF
[13:30:59] : end pos sig3 : 50.000000, 50.000000
[13:30:59] : 측정요구4 ON
[13:31:09] : 측정요구4 OFF
[13:31:09] : end pos sig4 : -50.000000, -50.000000
[13:31:09] : 12,20181130-133109,CF18112053891,,NG,MAX,2, ,0.50,7.00,2.68,OK,0.50,7.00,2.84,OK,0.50,7.00,0.90,OK,0.50,7.00,0.65,NG,
[13:31:30] : Cycle start ON
[13:31:32] : Cycle start OFF
[13:31:55] : REQUEST MEAS. ON
[13:32:04] : REQUEST MEAS. OFF
[13:32:04] : end pos sig1 : 50.000000, 50.000000
[13:32:05] : 측정요구 ON 2
[13:32:14] : 측정요구 2OFF
[13:32:14] : end pos sig2 : -50.000000, -50.000000
[13:32:18] : 측정요구3 ON
[13:32:27] : 측정요구3 OFF
[13:32:27] : end pos sig3 : 50.000000, 50.000000
[13:32:27] : 측정요구4 ON
[13:32:37] : 측정요구4 OFF
[13:32:37] : end pos sig4 : -50.000000, -50.000000
[13:32:37] : 12,20181130-133237,CF18112053281,,OK,MAX,2, ,0.50,7.00,2.52,OK,0.50,7.00,2.44,OK,0.50,7.00,0.88,OK,0.50,7.00,0.97,OK,
[13:33:11] : Cycle start ON
[13:33:13] : Cycle start OFF
[13:33:23] : REQUEST MEAS. ON
[13:33:32] : REQUEST MEAS. OFF
[13:33:32] : end pos sig1 : 50.000000, 50.000000
[13:33:33] : 측정요구 ON 2
[13:33:42] : 측정요구 2OFF
[13:33:42] : end pos sig2 : -50.000000, -50.000000
[13:33:46] : 측정요구3 ON
[13:33:55] : 측정요구3 OFF
[13:33:55] : end pos sig3 : 50.000000, 50.000000
[13:33:55] : 측정요구4 ON
[13:34:04] : 측정요구4 OFF
[13:34:04] : end pos sig4 : -50.000000, -50.000000
[13:34:04] : 12,20181130-133405,CF18112053211,,OK,MAX,2, ,0.50,7.00,2.17,OK,0.50,7.00,2.90,OK,0.50,7.00,0.79,OK,0.50,7.00,0.89,OK,
[13:34:21] : Cycle start ON
[13:34:23] : Cycle start OFF
[13:34:52] : REQUEST MEAS. ON
[13:35:01] : REQUEST MEAS. OFF
[13:35:01] : end pos sig1 : 50.000000, 50.000000
[13:35:01] : 측정요구 ON 2
[13:35:11] : 측정요구 2OFF
[13:35:11] : end pos sig2 : -50.000000, -50.000000
[13:35:14] : 측정요구3 ON
[13:35:23] : 측정요구3 OFF
[13:35:23] : end pos sig3 : 50.000000, 50.000000
[13:35:23] : 측정요구4 ON
[13:35:33] : 측정요구4 OFF
[13:35:33] : end pos sig4 : -50.000000, -50.000000
[13:35:33] : 12,20181130-133533,CF18112053071,,OK,MAX,2, ,0.50,7.00,2.27,OK,0.50,7.00,1.86,OK,0.50,7.00,0.75,OK,0.50,7.00,0.90,OK,
[13:35:50] : Cycle start ON
[13:35:52] : Cycle start OFF
[13:36:20] : REQUEST MEAS. ON
[13:36:30] : REQUEST MEAS. OFF
[13:36:30] : end pos sig1 : 50.000000, 50.000000
[13:36:30] : 측정요구 ON 2
[13:36:39] : 측정요구 2OFF
[13:36:39] : end pos sig2 : -50.000000, -50.000000
[13:36:42] : 측정요구3 ON
[13:36:51] : 측정요구3 OFF
[13:36:51] : end pos sig3 : 50.000000, 50.000000
[13:36:51] : 측정요구4 ON
[13:37:01] : 측정요구4 OFF
[13:37:01] : end pos sig4 : -50.000000, -50.000000
[13:37:01] : 12,20181130-133701,CF18112052551,,OK,MAX,2, ,0.50,7.00,1.85,OK,0.50,7.00,3.00,OK,0.50,7.00,0.98,OK,0.50,7.00,0.75,OK,
[13:37:18] : Cycle start ON
[13:37:20] : Cycle start OFF
[13:37:49] : REQUEST MEAS. ON
[13:37:58] : REQUEST MEAS. OFF
[13:37:58] : end pos sig1 : 50.000000, 50.000000
[13:37:58] : 측정요구 ON 2
[13:38:07] : 측정요구 2OFF
[13:38:07] : end pos sig2 : -50.000000, -50.000000
[13:38:11] : 측정요구3 ON
[13:38:20] : 측정요구3 OFF
[13:38:20] : end pos sig3 : 50.000000, 50.000000
[13:38:20] : 측정요구4 ON
[13:38:29] : 측정요구4 OFF
[13:38:29] : end pos sig4 : -50.000000, -50.000000
[13:38:29] : 12,20181130-133830,CF18112053421,,OK,MAX,2, ,0.50,7.00,1.66,OK,0.50,7.00,2.38,OK,0.50,7.00,0.71,OK,0.50,7.00,0.70,OK,
[13:38:47] : Cycle start ON
[13:38:49] : Cycle start OFF
[13:39:16] : REQUEST MEAS. ON
[13:39:26] : REQUEST MEAS. OFF
[13:39:26] : end pos sig1 : 50.000000, 50.000000
[13:39:26] : 측정요구 ON 2
[13:39:35] : 측정요구 2OFF
[13:39:35] : end pos sig2 : -50.000000, -50.000000
[13:39:39] : 측정요구3 ON
[13:39:48] : 측정요구3 OFF
[13:39:48] : end pos sig3 : 50.000000, 50.000000
[13:39:48] : 측정요구4 ON
[13:39:57] : 측정요구4 OFF
[13:39:57] : end pos sig4 : -50.000000, -50.000000
[13:39:57] : 12,20181130-133958,CF18112052231,,OK,MAX,2, ,0.50,7.00,1.66,OK,0.50,7.00,2.42,OK,0.50,7.00,0.83,OK,0.50,7.00,1.18,OK,
[13:40:14] : Cycle start ON
[13:40:16] : Cycle start OFF
[13:40:45] : REQUEST MEAS. ON
[13:40:54] : REQUEST MEAS. OFF
[13:40:54] : end pos sig1 : 50.000000, 50.000000
[13:40:54] : 측정요구 ON 2
[13:41:03] : 측정요구 2OFF
[13:41:03] : end pos sig2 : -50.000000, -50.000000
[13:41:07] : 측정요구3 ON
[13:41:16] : 측정요구3 OFF
[13:41:16] : end pos sig3 : 50.000000, 50.000000
[13:41:16] : 측정요구4 ON
[13:41:25] : 측정요구4 OFF
[13:41:25] : end pos sig4 : -50.000000, -50.000000
[13:41:25] : 12,20181130-134126,CF18112052901,,NG,MAX,2, ,0.50,7.00,2.42,OK,0.50,7.00,2.61,OK,0.50,7.00,0.61,NG,0.50,7.00,1.55,OK,
[13:41:47] : Cycle start ON
[13:41:49] : Cycle start OFF
[13:42:12] : REQUEST MEAS. ON
[13:42:22] : REQUEST MEAS. OFF
[13:42:22] : end pos sig1 : 50.000000, 50.000000
[13:42:22] : 측정요구 ON 2
[13:42:31] : 측정요구 2OFF
[13:42:31] : end pos sig2 : -50.000000, -50.000000
[13:42:35] : 측정요구3 ON
[13:42:44] : 측정요구3 OFF
[13:42:44] : end pos sig3 : 50.000000, 50.000000
[13:42:44] : 측정요구4 ON
[13:42:53] : 측정요구4 OFF
[13:42:53] : end pos sig4 : -25.020000, -25.200000
[13:42:53] : 12,20181130-134254,CF18112052711,,OK,MAX,2, ,0.50,7.00,1.58,OK,0.50,7.00,2.34,OK,0.50,7.00,0.84,OK,0.50,7.00,0.94,OK,
[13:43:13] : Cycle start ON
[13:43:16] : Cycle start OFF
[13:43:41] : REQUEST MEAS. ON
[13:43:50] : REQUEST MEAS. OFF
[13:43:50] : end pos sig1 : 50.000000, 50.000000
[13:43:50] : 측정요구 ON 2
[13:43:59] : 측정요구 2OFF
[13:43:59] : end pos sig2 : -50.000000, -50.000000
[13:44:03] : 측정요구3 ON
[13:44:12] : 측정요구3 OFF
[13:44:12] : end pos sig3 : 50.000000, 50.000000
[13:44:12] : 측정요구4 ON
[13:44:22] : 측정요구4 OFF
[13:44:22] : end pos sig4 : -50.000000, -50.000000
[13:44:22] : 12,20181130-134422,CF18112051631,,OK,MAX,2, ,0.50,7.00,1.37,OK,0.50,7.00,2.19,OK,0.50,7.00,1.05,OK,0.50,7.00,0.60,OK,
[13:44:38] : Cycle start ON
[13:44:40] : Cycle start OFF
[13:45:09] : REQUEST MEAS. ON
[13:45:18] : REQUEST MEAS. OFF
[13:45:18] : end pos sig1 : 50.000000, 50.000000
[13:45:18] : 측정요구 ON 2
[13:45:28] : 측정요구 2OFF
[13:45:28] : end pos sig2 : -50.000000, -50.000000
[13:45:31] : 측정요구3 ON
[13:45:40] : 측정요구3 OFF
[13:45:40] : end pos sig3 : 50.000000, 50.000000
[13:45:40] : 측정요구4 ON
[13:45:50] : 측정요구4 OFF
[13:45:50] : end pos sig4 : -50.000000, -50.000000
[13:45:50] : 12,20181130-134550,CF18112053021,,OK,MAX,2, ,0.50,7.00,2.46,OK,0.50,7.00,3.39,OK,0.50,7.00,0.80,OK,0.50,7.00,0.66,OK,
[13:53:37] : Cycle start ON
[13:53:39] : Cycle start OFF
[13:53:56] : REQUEST MEAS. ON
[13:54:06] : REQUEST MEAS. OFF
[13:54:06] : end pos sig1 : 50.000000, 50.000000
[13:54:06] : 측정요구 ON 2
[13:54:15] : 측정요구 2OFF
[13:54:15] : end pos sig2 : -50.000000, -50.000000
[13:54:18] : 측정요구3 ON
[13:54:27] : 측정요구3 OFF
[13:54:27] : end pos sig3 : 50.000000, 50.000000
[13:54:27] : 측정요구4 ON
[13:54:37] : 측정요구4 OFF
[13:54:37] : end pos sig4 : -50.000000, -50.000000
[13:54:37] : 12,20181130-135437,CF18112052211,,NG,MAX,2, ,0.50,7.00,3.34,OK,0.50,7.00,2.87,OK,0.50,7.00,0.62,OK,0.50,7.00,0.58,NG,
[13:54:59] : Cycle start ON
[13:55:01] : Cycle start OFF
[13:55:25] : REQUEST MEAS. ON
[13:55:34] : REQUEST MEAS. OFF
[13:55:34] : end pos sig1 : 50.000000, 50.000000
[13:55:34] : 측정요구 ON 2
[13:55:43] : 측정요구 2OFF
[13:55:43] : end pos sig2 : -50.000000, -50.000000
[13:55:46] : 측정요구3 ON
[13:55:55] : 측정요구3 OFF
[13:55:55] : end pos sig3 : 50.000000, 50.000000
[13:55:55] : 측정요구4 ON
[13:56:05] : 측정요구4 OFF
[13:56:05] : end pos sig4 : -50.000000, -50.000000
[13:56:05] : 12,20181130-135606,CF18112052921,,OK,MAX,2, ,0.50,7.00,2.13,OK,0.50,7.00,3.39,OK,0.50,7.00,0.92,OK,0.50,7.00,0.80,OK,
[13:56:21] : Cycle start ON
[13:56:23] : Cycle start OFF
[13:56:52] : REQUEST MEAS. ON
[13:57:02] : REQUEST MEAS. OFF
[13:57:02] : end pos sig1 : 50.000000, 50.000000
[13:57:02] : 측정요구 ON 2
[13:57:11] : 측정요구 2OFF
[13:57:11] : end pos sig2 : -50.000000, -50.000000
[13:57:15] : 측정요구3 ON
[13:57:24] : 측정요구3 OFF
[13:57:24] : end pos sig3 : 50.000000, 50.000000
[13:57:24] : 측정요구4 ON
[13:57:33] : 측정요구4 OFF
[13:57:33] : end pos sig4 : -50.000000, -50.000000
[13:57:33] : 12,20181130-135734,CF18112052601,,NG,MAX,2, ,0.50,7.00,1.79,OK,0.50,7.00,2.94,OK,0.50,7.00,0.99,OK,0.50,7.00,0.54,NG,
[13:57:59] : Cycle start ON
[13:58:00] : Cycle start OFF
[13:58:21] : REQUEST MEAS. ON
[13:58:30] : REQUEST MEAS. OFF
[13:58:30] : end pos sig1 : 50.000000, 50.000000
[13:58:30] : 측정요구 ON 2
[13:58:39] : 측정요구 2OFF
[13:58:39] : end pos sig2 : -50.000000, -50.000000
[13:58:43] : 측정요구3 ON
[13:58:52] : 측정요구3 OFF
[13:58:52] : end pos sig3 : 50.000000, 50.000000
[13:58:52] : 측정요구4 ON
[13:59:01] : 측정요구4 OFF
[13:59:01] : end pos sig4 : -50.000000, -50.000000
[13:59:01] : 12,20181130-135902,CF18112052591,,OK,MAX,2, ,0.50,7.00,2.41,OK,0.50,7.00,2.51,OK,0.50,7.00,1.01,OK,0.50,7.00,1.01,OK,
[13:59:21] : Cycle start ON
[13:59:23] : Cycle start OFF
[13:59:48] : REQUEST MEAS. ON
[13:59:57] : REQUEST MEAS. OFF
[13:59:57] : end pos sig1 : 50.000000, 50.000000
[13:59:58] : 측정요구 ON 2
[14:00:07] : 측정요구 2OFF
[14:00:07] : end pos sig2 : -50.000000, -50.000000
[14:00:11] : 측정요구3 ON
[14:00:20] : 측정요구3 OFF
[14:00:20] : end pos sig3 : 50.000000, 50.000000
[14:00:20] : 측정요구4 ON
[14:00:29] : 측정요구4 OFF
[14:00:29] : end pos sig4 : -50.000000, -50.000000
[14:00:29] : 12,20181130-140030,CF18112053481,,OK,MAX,2, ,0.50,7.00,1.38,OK,0.50,7.00,3.18,OK,0.50,7.00,0.73,OK,0.50,7.00,1.15,OK,
[14:00:45] : Cycle start ON
[14:00:47] : Cycle start OFF
[14:01:17] : REQUEST MEAS. ON
[14:01:26] : REQUEST MEAS. OFF
[14:01:26] : end pos sig1 : 50.000000, 50.000000
[14:01:26] : 측정요구 ON 2
[14:01:36] : 측정요구 2OFF
[14:01:36] : end pos sig2 : -50.000000, -50.000000
[14:01:39] : 측정요구3 ON
[14:01:48] : 측정요구3 OFF
[14:01:48] : end pos sig3 : 50.000000, 50.000000
[14:01:48] : 측정요구4 ON
[14:01:58] : 측정요구4 OFF
[14:01:58] : end pos sig4 : -50.000000, -50.000000
[14:01:58] : 12,20181130-140158,CF18112052021,,OK,MAX,2, ,0.50,7.00,1.63,OK,0.50,7.00,2.75,OK,0.50,7.00,0.83,OK,0.50,7.00,0.74,OK,
[14:02:15] : Cycle start ON
[14:02:17] : Cycle start OFF
[14:02:45] : REQUEST MEAS. ON
[14:02:55] : REQUEST MEAS. OFF
[14:02:55] : end pos sig1 : 50.000000, 50.000000
[14:02:55] : 측정요구 ON 2
[14:03:04] : 측정요구 2OFF
[14:03:04] : end pos sig2 : -50.000000, -50.000000
[14:03:07] : 측정요구3 ON
[14:03:16] : 측정요구3 OFF
[14:03:16] : end pos sig3 : 50.000000, 50.000000
[14:03:16] : 측정요구4 ON
[14:03:26] : 측정요구4 OFF
[14:03:26] : end pos sig4 : -50.000000, -50.000000
[14:03:26] : 12,20181130-140326,CF18112053371,,OK,MAX,2, ,0.50,7.00,1.46,OK,0.50,7.00,2.39,OK,0.50,7.00,0.86,OK,0.50,7.00,1.20,OK,
[14:04:20] : Cycle start ON
[14:04:22] : Cycle start OFF
[14:04:27] : REQUEST MEAS. ON
[14:04:36] : REQUEST MEAS. OFF
[14:04:36] : end pos sig1 : 50.000000, 50.000000
[14:04:36] : 측정요구 ON 2
[14:04:46] : 측정요구 2OFF
[14:04:46] : end pos sig2 : -50.000000, -50.000000
[14:04:50] : 측정요구3 ON
[14:04:59] : 측정요구3 OFF
[14:04:59] : end pos sig3 : 50.000000, 50.000000
[14:04:59] : 측정요구4 ON
[14:05:08] : 측정요구4 OFF
[14:05:08] : end pos sig4 : -50.000000, -50.000000
[14:05:08] : 12,20181130-140509,CF18112052841,,OK,MAX,2, ,0.50,7.00,2.40,OK,0.50,7.00,2.64,OK,0.50,7.00,1.28,OK,0.50,7.00,0.98,OK,
[14:05:26] : Cycle start ON
[14:05:28] : Cycle start OFF
[14:05:55] : REQUEST MEAS. ON
[14:06:04] : REQUEST MEAS. OFF
[14:06:04] : end pos sig1 : 50.000000, 50.000000
[14:06:05] : 측정요구 ON 2
[14:06:14] : 측정요구 2OFF
[14:06:14] : end pos sig2 : -50.000000, -50.000000
[14:06:18] : 측정요구3 ON
[14:06:27] : 측정요구3 OFF
[14:06:27] : end pos sig3 : 50.000000, 50.000000
[14:06:27] : 측정요구4 ON
[14:06:36] : 측정요구4 OFF
[14:06:36] : end pos sig4 : -50.000000, -50.000000
[14:06:36] : 12,20181130-140637,CF18112052571,,NG,MAX,2, ,0.50,7.00,1.75,OK,0.50,7.00,2.44,OK,0.50,7.00,0.82,OK,0.50,7.00,0.56,NG,
[14:06:58] : Cycle start ON
[14:07:00] : Cycle start OFF
[14:07:23] : REQUEST MEAS. ON
[14:07:33] : REQUEST MEAS. OFF
[14:07:33] : end pos sig1 : 50.000000, 50.000000
[14:07:33] : 측정요구 ON 2
[14:07:42] : 측정요구 2OFF
[14:07:42] : end pos sig2 : -50.000000, -50.000000
[14:07:46] : 측정요구3 ON
[14:07:55] : 측정요구3 OFF
[14:07:55] : end pos sig3 : 50.000000, 50.000000
[14:07:55] : 측정요구4 ON
[14:08:05] : 측정요구4 OFF
[14:08:05] : end pos sig4 : -50.000000, -50.000000
[14:08:05] : 12,20181130-140805,CF18112053691,,OK,MAX,2, ,0.50,7.00,2.19,OK,0.50,7.00,2.54,OK,0.50,7.00,0.56,OK,0.50,7.00,0.78,OK,
[14:08:44] : Cycle start ON
[14:08:47] : Cycle start OFF
[14:08:52] : REQUEST MEAS. ON
[14:09:01] : REQUEST MEAS. OFF
[14:09:01] : end pos sig1 : 50.000000, 50.000000
[14:09:01] : 측정요구 ON 2
[14:09:10] : 측정요구 2OFF
[14:09:10] : end pos sig2 : -50.000000, -50.000000
[14:09:14] : 측정요구3 ON
[14:09:23] : 측정요구3 OFF
[14:09:23] : end pos sig3 : 50.000000, 50.000000
[14:09:23] : 측정요구4 ON
[14:09:33] : 측정요구4 OFF
[14:09:33] : end pos sig4 : -50.000000, -50.000000
[14:09:33] : 12,20181130-140933,CF18112052831,,OK,MAX,2, ,0.50,7.00,1.18,OK,0.50,7.00,2.20,OK,0.50,7.00,0.79,OK,0.50,7.00,1.10,OK,
[14:09:43] : AUTO RUNNING OFF
[14:09:56] : MEAS ESC ON
[14:09:57] : MEAS ESC OFF
[14:09:57] : AUTO RUNNING ON
[14:11:12] : AUTO RUNNING OFF
[14:11:20] : MEAS ESC ON
[14:11:23] : MEAS ESC OFF
[14:11:23] : AUTO RUNNING ON
[14:12:16] : Cycle start ON
[14:12:18] : Cycle start OFF
[14:12:36] : REQUEST MEAS. ON
[14:12:45] : REQUEST MEAS. OFF
[14:12:45] : end pos sig1 : 50.000000, 50.000000
[14:12:45] : 측정요구 ON 2
[14:12:55] : 측정요구 2OFF
[14:12:55] : end pos sig2 : -50.000000, -50.000000
[14:12:58] : 측정요구3 ON
[14:13:07] : 측정요구3 OFF
[14:13:07] : end pos sig3 : 50.000000, 50.000000
[14:13:07] : 측정요구4 ON
[14:13:17] : 측정요구4 OFF
[14:13:17] : end pos sig4 : -50.000000, -50.000000
[14:13:17] : 12,20181130-141317,CF18112052791,,OK,MAX,2, ,0.50,7.00,1.96,OK,0.50,7.00,2.71,OK,0.50,7.00,0.69,OK,0.50,7.00,0.57,OK,
[14:13:37] : Cycle start ON
[14:13:39] : Cycle start OFF
[14:14:05] : REQUEST MEAS. ON
[14:14:14] : REQUEST MEAS. OFF
[14:14:14] : end pos sig1 : 50.000000, 50.000000
[14:14:14] : 측정요구 ON 2
[14:14:23] : 측정요구 2OFF
[14:14:23] : end pos sig2 : -50.000000, -50.000000
[14:14:26] : 측정요구3 ON
[14:14:35] : 측정요구3 OFF
[14:14:35] : end pos sig3 : 50.000000, 50.000000
[14:14:35] : 측정요구4 ON
[14:14:45] : 측정요구4 OFF
[14:14:45] : end pos sig4 : -50.000000, -50.000000
[14:14:45] : 12,20181130-141445,CF18112053261,,NG,MAX,2, ,0.50,7.00,2.18,OK,0.50,7.00,3.23,OK,0.50,7.00,0.95,OK,0.50,7.00,0.57,NG,
[14:15:05] : Cycle start ON
[14:15:07] : Cycle start OFF
[14:15:32] : REQUEST MEAS. ON
[14:15:41] : REQUEST MEAS. OFF
[14:15:41] : end pos sig1 : 50.000000, 50.000000
[14:15:41] : 측정요구 ON 2
[14:15:51] : 측정요구 2OFF
[14:15:51] : end pos sig2 : -50.000000, -50.000000
[14:15:54] : 측정요구3 ON
[14:16:03] : 측정요구3 OFF
[14:16:03] : end pos sig3 : 50.000000, 50.000000
[14:16:03] : 측정요구4 ON
[14:16:13] : 측정요구4 OFF
[14:16:13] : end pos sig4 : -50.000000, -50.000000
[14:16:13] : 12,20181130-141613,CF18112051681,,OK,MAX,2, ,0.50,7.00,2.17,OK,0.50,7.00,3.27,OK,0.50,7.00,0.96,OK,0.50,7.00,1.02,OK,
[14:16:33] : Cycle start ON
[14:16:35] : Cycle start OFF
[14:17:00] : REQUEST MEAS. ON
[14:17:09] : REQUEST MEAS. OFF
[14:17:09] : end pos sig1 : 50.000000, 50.000000
[14:17:10] : 측정요구 ON 2
[14:17:19] : 측정요구 2OFF
[14:17:19] : end pos sig2 : -50.000000, -50.000000
[14:17:22] : 측정요구3 ON
[14:17:31] : 측정요구3 OFF
[14:17:31] : end pos sig3 : 50.000000, 50.000000
[14:17:31] : 측정요구4 ON
[14:17:41] : 측정요구4 OFF
[14:17:41] : end pos sig4 : -50.000000, -50.000000
[14:17:41] : 12,20181130-141741,CF18112053271,,OK,MAX,2, ,0.50,7.00,2.61,OK,0.50,7.00,2.80,OK,0.50,7.00,0.96,OK,0.50,7.00,1.28,OK,
[14:17:56] : Cycle start ON
[14:17:58] : Cycle start OFF
[14:18:28] : REQUEST MEAS. ON
[14:18:37] : REQUEST MEAS. OFF
[14:18:37] : end pos sig1 : 50.000000, 50.000000
[14:18:37] : 측정요구 ON 2
[14:18:47] : 측정요구 2OFF
[14:18:47] : end pos sig2 : -50.000000, -50.000000
[14:18:50] : 측정요구3 ON
[14:18:59] : 측정요구3 OFF
[14:18:59] : end pos sig3 : 50.000000, 50.000000
[14:18:59] : 측정요구4 ON
[14:19:09] : 측정요구4 OFF
[14:19:09] : end pos sig4 : -50.000000, -50.000000
[14:19:09] : 12,20181130-141910,CF18112052221,,OK,MAX,2, ,0.50,7.00,1.82,OK,0.50,7.00,2.94,OK,0.50,7.00,0.73,OK,0.50,7.00,1.09,OK,
[14:19:26] : Cycle start ON
[14:19:28] : Cycle start OFF
[14:19:57] : REQUEST MEAS. ON
[14:20:06] : REQUEST MEAS. OFF
[14:20:06] : end pos sig1 : 50.000000, 50.000000
[14:20:06] : 측정요구 ON 2
[14:20:15] : 측정요구 2OFF
[14:20:15] : end pos sig2 : -50.000000, -50.000000
[14:20:19] : 측정요구3 ON
[14:20:28] : 측정요구3 OFF
[14:20:28] : end pos sig3 : 50.000000, 50.000000
[14:20:28] : 측정요구4 ON
[14:20:38] : 측정요구4 OFF
[14:20:38] : end pos sig4 : -50.000000, -50.000000
[14:20:38] : 12,20181130-142038,CF18112053491,,OK,MAX,2, ,0.50,7.00,1.83,OK,0.50,7.00,2.62,OK,0.50,7.00,0.61,OK,0.50,7.00,0.86,OK,
[14:20:54] : Cycle start ON
[14:20:56] : Cycle start OFF
[14:21:25] : REQUEST MEAS. ON
[14:21:34] : REQUEST MEAS. OFF
[14:21:34] : end pos sig1 : 50.000000, 50.000000
[14:21:34] : 측정요구 ON 2
[14:21:44] : 측정요구 2OFF
[14:21:44] : end pos sig2 : -50.000000, -50.000000
[14:21:47] : 측정요구3 ON
[14:21:56] : 측정요구3 OFF
[14:21:56] : end pos sig3 : 50.000000, 50.000000
[14:21:56] : 측정요구4 ON
[14:22:06] : 측정요구4 OFF
[14:22:06] : end pos sig4 : -50.000000, -50.000000
[14:22:06] : 12,20181130-142206,CF18112053841,,OK,MAX,2, ,0.50,7.00,2.34,OK,0.50,7.00,3.76,OK,0.50,7.00,1.39,OK,0.50,7.00,1.05,OK,
[14:22:21] : Cycle start ON
[14:22:23] : Cycle start OFF
[14:22:53] : REQUEST MEAS. ON
[14:23:02] : REQUEST MEAS. OFF
[14:23:02] : end pos sig1 : 50.000000, 50.000000
[14:23:02] : 측정요구 ON 2
[14:23:12] : 측정요구 2OFF
[14:23:12] : end pos sig2 : -50.000000, -50.000000
[14:23:15] : 측정요구3 ON
[14:23:24] : 측정요구3 OFF
[14:23:24] : end pos sig3 : 50.000000, 50.000000
[14:23:24] : 측정요구4 ON
[14:23:34] : 측정요구4 OFF
[14:23:34] : end pos sig4 : -50.000000, -50.000000
[14:23:34] : 12,20181130-142334,CF18112052781,,OK,MAX,2, ,0.50,7.00,2.46,OK,0.50,7.00,2.21,OK,0.50,7.00,1.06,OK,0.50,7.00,0.85,OK,
[14:23:50] : Cycle start ON
[14:23:52] : Cycle start OFF
[14:24:21] : REQUEST MEAS. ON
[14:24:30] : REQUEST MEAS. OFF
[14:24:30] : end pos sig1 : 50.000000, 50.000000
[14:24:30] : 측정요구 ON 2
[14:24:40] : 측정요구 2OFF
[14:24:40] : end pos sig2 : -50.000000, -50.000000
[14:24:43] : 측정요구3 ON
[14:24:52] : 측정요구3 OFF
[14:24:52] : end pos sig3 : 50.000000, 50.000000
[14:24:52] : 측정요구4 ON
[14:25:02] : 측정요구4 OFF
[14:25:02] : end pos sig4 : -50.000000, -50.000000
[14:25:02] : 12,20181130-142502,CF18112052011,,OK,MAX,2, ,0.50,7.00,2.42,OK,0.50,7.00,2.19,OK,0.50,7.00,2.18,OK,0.50,7.00,0.92,OK,
[14:27:49] : AUTO RUNNING OFF
[14:30:30] : MEAS ESC ON
[14:30:39] : MEAS ESC OFF
[14:31:37] : MEAS ESC ON
[14:31:38] : MEAS ESC OFF
[14:31:38] : AUTO RUNNING ON
[14:32:23] : Cycle start ON
[14:32:25] : Cycle start OFF
[14:32:44] : REQUEST MEAS. ON
[14:32:53] : REQUEST MEAS. OFF
[14:32:53] : end pos sig1 : 50.000000, 50.000000
[14:32:53] : 측정요구 ON 2
[14:33:02] : 측정요구 2OFF
[14:33:02] : end pos sig2 : -50.000000, -50.000000
[14:33:06] : 측정요구3 ON
[14:33:15] : 측정요구3 OFF
[14:33:15] : end pos sig3 : 50.000000, 50.000000
[14:33:15] : 측정요구4 ON
[14:33:25] : 측정요구4 OFF
[14:33:25] : end pos sig4 : -50.000000, -50.000000
[14:33:25] : 12,20181130-143325,CF18112053141,,OK,MAX,2, ,0.50,7.00,2.82,OK,0.50,7.00,2.70,OK,0.50,7.00,0.95,OK,0.50,7.00,0.87,OK,
[14:33:45] : Cycle start ON
[14:33:46] : Cycle start OFF
[14:34:12] : REQUEST MEAS. ON
[14:34:21] : REQUEST MEAS. OFF
[14:34:21] : end pos sig1 : 50.000000, 50.000000
[14:34:21] : 측정요구 ON 2
[14:34:31] : 측정요구 2OFF
[14:34:31] : end pos sig2 : -50.000000, -50.000000
[14:34:34] : 측정요구3 ON
[14:34:43] : 측정요구3 OFF
[14:34:43] : end pos sig3 : 50.000000, 50.000000
[14:34:43] : 측정요구4 ON
[14:34:53] : 측정요구4 OFF
[14:34:53] : end pos sig4 : -50.000000, -50.000000
[14:34:53] : 12,20181130-143453,CF18112053751,,OK,MAX,2, ,0.50,7.00,2.24,OK,0.50,7.00,2.77,OK,0.50,7.00,1.15,OK,0.50,7.00,1.05,OK,
[14:35:10] : Cycle start ON
[14:35:12] : Cycle start OFF
[14:35:41] : REQUEST MEAS. ON
[14:35:50] : REQUEST MEAS. OFF
[14:35:50] : end pos sig1 : 50.000000, 50.000000
[14:35:50] : 측정요구 ON 2
[14:35:59] : 측정요구 2OFF
[14:35:59] : end pos sig2 : -50.000000, -50.000000
[14:36:02] : 측정요구3 ON
[14:36:11] : 측정요구3 OFF
[14:36:11] : end pos sig3 : 50.000000, 50.000000
[14:36:11] : 측정요구4 ON
[14:36:21] : 측정요구4 OFF
[14:36:21] : end pos sig4 : -50.000000, -50.000000
[14:36:21] : 12,20181130-143622,CF18112052521,,OK,MAX,2, ,0.50,7.00,1.47,OK,0.50,7.00,2.60,OK,0.50,7.00,0.57,OK,0.50,7.00,1.21,OK,
[14:36:38] : Cycle start ON
[14:36:40] : Cycle start OFF
[14:37:09] : REQUEST MEAS. ON
[14:37:18] : REQUEST MEAS. OFF
[14:37:18] : end pos sig1 : 50.000000, 50.000000
[14:37:18] : 측정요구 ON 2
[14:37:27] : 측정요구 2OFF
[14:37:27] : end pos sig2 : -50.000000, -50.000000
[14:37:31] : 측정요구3 ON
[14:37:40] : 측정요구3 OFF
[14:37:40] : end pos sig3 : 50.000000, 50.000000
[14:37:40] : 측정요구4 ON
[14:37:49] : 측정요구4 OFF
[14:37:49] : end pos sig4 : -50.000000, -50.000000
[14:37:49] : 12,20181130-143750,CF18112052251,,OK,MAX,2, ,0.50,7.00,1.47,OK,0.50,7.00,2.37,OK,0.50,7.00,0.88,OK,0.50,7.00,1.00,OK,
[14:38:13] : Cycle start ON
[14:38:15] : Cycle start OFF
[14:38:36] : REQUEST MEAS. ON
[14:38:45] : REQUEST MEAS. OFF
[14:38:45] : end pos sig1 : 50.000000, 50.000000
[14:38:46] : 측정요구 ON 2
[14:38:55] : 측정요구 2OFF
[14:38:55] : end pos sig2 : -50.000000, -50.000000
[14:38:59] : 측정요구3 ON
[14:39:08] : 측정요구3 OFF
[14:39:08] : end pos sig3 : 50.000000, 50.000000
[14:39:08] : 측정요구4 ON
[14:39:17] : 측정요구4 OFF
[14:39:17] : end pos sig4 : -50.000000, -50.000000
[14:39:17] : 12,20181130-143918,CF18112053401,,OK,MAX,2, ,0.50,7.00,2.19,OK,0.50,7.00,2.42,OK,0.50,7.00,0.88,OK,0.50,7.00,1.13,OK,
[14:39:34] : Cycle start ON
[14:39:36] : Cycle start OFF
[14:40:05] : REQUEST MEAS. ON
[14:40:14] : REQUEST MEAS. OFF
[14:40:14] : end pos sig1 : 50.000000, 50.000000
[14:40:14] : 측정요구 ON 2
[14:40:23] : 측정요구 2OFF
[14:40:23] : end pos sig2 : -50.000000, -50.000000
[14:40:27] : 측정요구3 ON
[14:40:36] : 측정요구3 OFF
[14:40:36] : end pos sig3 : 50.000000, 50.000000
[14:40:36] : 측정요구4 ON
[14:40:46] : 측정요구4 OFF
[14:40:46] : end pos sig4 : -50.000000, -50.000000
[14:40:46] : 12,20181130-144046,CF18112052991,,OK,MAX,2, ,0.50,7.00,1.55,OK,0.50,7.00,2.63,OK,0.50,7.00,0.92,OK,0.50,7.00,0.70,OK,
[14:41:02] : Cycle start ON
[14:41:03] : Cycle start OFF
[14:41:33] : REQUEST MEAS. ON
[14:41:42] : REQUEST MEAS. OFF
[14:41:42] : end pos sig1 : 50.000000, 50.000000
[14:41:42] : 측정요구 ON 2
[14:41:52] : 측정요구 2OFF
[14:41:52] : end pos sig2 : -50.000000, -50.000000
[14:41:55] : 측정요구3 ON
[14:42:04] : 측정요구3 OFF
[14:42:04] : end pos sig3 : 50.000000, 50.000000
[14:42:04] : 측정요구4 ON
[14:42:14] : 측정요구4 OFF
[14:42:14] : end pos sig4 : -50.000000, -50.000000
[14:42:14] : 12,20181130-144214,CF18112053881,,OK,MAX,2, ,0.50,7.00,1.63,OK,0.50,7.00,2.43,OK,0.50,7.00,0.61,OK,0.50,7.00,0.64,OK,
[14:42:55] : AUTO RUNNING OFF
[14:44:26] : MEAS ESC ON
[14:44:27] : MEAS ESC OFF
[14:44:27] : AUTO RUNNING ON
[14:44:30] : AUTO RUNNING OFF
[14:46:25] : MEAS ESC ON
[14:47:46] : MEAS ESC OFF
[14:53:41] : PROGRAM END
 
[14:54:19] : PROGRAM START
[14:54:24] : AUTO RUNNING OFF
[14:54:24] : REQUEST MEAS. OFF
[14:54:24] : end pos sig1 : 50.000000, 50.000000
[14:54:24] : end pos sig2 : 50.000000, 50.000000
[14:54:24] : end pos sig3 : 50.000000, 50.000000
[14:54:24] : REQUEST ZEROSET OFF
[14:54:24] : REQUEST ZEROSET OFF
[14:54:24] : end pos sig4 : 50.000000, 50.000000
[14:54:54] : PROGRAM END
 
[14:55:14] : PROGRAM START
[14:55:16] : AUTO RUNNING OFF
[14:55:16] : REQUEST MEAS. OFF
[14:55:16] : end pos sig1 : 50.000000, 50.000000
[14:55:16] : end pos sig2 : 50.000000, 50.000000
[14:55:16] : end pos sig3 : 50.000000, 50.000000
[14:55:16] : REQUEST ZEROSET OFF
[14:55:16] : REQUEST ZEROSET OFF
[14:55:16] : end pos sig4 : 50.000000, 50.000000
[14:55:22] : PROGRAM END
 
[14:55:58] : PROGRAM START
[14:56:00] : AUTO RUNNING OFF
[14:56:00] : REQUEST MEAS. OFF
[14:56:00] : end pos sig1 : 50.000000, 50.000000
[14:56:00] : end pos sig2 : 50.000000, 50.000000
[14:56:00] : end pos sig3 : 50.000000, 50.000000
[14:56:00] : REQUEST ZEROSET OFF
[14:56:00] : REQUEST ZEROSET OFF
[14:56:00] : end pos sig4 : 50.000000, 50.000000
[14:56:26] : PROGRAM END
 
[14:56:32] : PROGRAM START
[14:56:34] : AUTO RUNNING OFF
[14:56:34] : REQUEST MEAS. OFF
[14:56:34] : end pos sig1 : 50.000000, 50.000000
[14:56:34] : end pos sig2 : 50.000000, 50.000000
[14:56:34] : end pos sig3 : 50.000000, 50.000000
[14:56:34] : REQUEST ZEROSET OFF
[14:56:34] : REQUEST ZEROSET OFF
[14:56:34] : end pos sig4 : 50.000000, 50.000000
[16:05:31] : Plc Error Timer
[16:23:53] : MEAS ESC ON
[16:24:10] : MEAS ESC OFF
[16:24:10] : AUTO RUNNING ON
[16:25:13] : Cycle start ON
[16:25:15] : Cycle start OFF
[16:25:42] : REQUEST MEAS. ON
[16:25:51] : REQUEST MEAS. OFF
[16:25:51] : end pos sig1 : 50.000000, 50.000000
[16:25:51] : 측정요구 ON 2
[16:26:00] : 측정요구 2OFF
[16:26:00] : end pos sig2 : -50.000000, -50.000000
[16:26:04] : 측정요구3 ON
[16:26:13] : 측정요구3 OFF
[16:26:13] : end pos sig3 : 50.000000, 50.000000
[16:26:13] : 측정요구4 ON
[16:26:22] : 측정요구4 OFF
[16:26:22] : end pos sig4 : -50.000000, -50.000000
[16:26:22] : 12,20181130-162623,CF18112052791,,OK,MAX,2, ,0.50,7.00,1.93,OK,0.50,7.00,2.72,OK,0.50,7.00,0.60,OK,0.50,7.00,0.56,OK,
[16:26:41] : Cycle start ON
[16:26:43] : Cycle start OFF
[16:27:09] : REQUEST MEAS. ON
[16:27:18] : REQUEST MEAS. OFF
[16:27:18] : end pos sig1 : 50.000000, 50.000000
[16:27:18] : 측정요구 ON 2
[16:27:28] : 측정요구 2OFF
[16:27:28] : end pos sig2 : -50.000000, -50.000000
[16:27:31] : 측정요구3 ON
[16:27:40] : 측정요구3 OFF
[16:27:40] : end pos sig3 : 50.000000, 50.000000
[16:27:40] : 측정요구4 ON
[16:27:50] : 측정요구4 OFF
[16:27:50] : end pos sig4 : -24.840000, -25.020000
[16:27:53] : TCP FAIL 1
[16:28:07] : Cycle start ON
[16:28:09] : Cycle start OFF
[16:28:39] : REQUEST MEAS. ON
[16:28:49] : REQUEST MEAS. OFF
[16:28:49] : end pos sig1 : 50.000000, 50.000000
[16:28:49] : 측정요구 ON 2
[16:28:58] : 측정요구 2OFF
[16:28:58] : end pos sig2 : -50.000000, -50.000000
[16:29:01] : 측정요구3 ON
[16:29:10] : 측정요구3 OFF
[16:29:10] : end pos sig3 : 50.000000, 50.000000
[16:29:10] : 측정요구4 ON
[16:29:20] : 측정요구4 OFF
[16:29:20] : end pos sig4 : -50.000000, -50.000000
[16:29:20] : 12,20181130-162920,CF18112053841,,OK,MAX,2, ,0.50,7.00,1.16,OK,0.50,7.00,2.28,OK,0.50,7.00,1.34,OK,0.50,7.00,0.97,OK,
[16:29:37] : Cycle start ON
[16:29:39] : Cycle start OFF
[16:30:07] : REQUEST MEAS. ON
[16:30:16] : REQUEST MEAS. OFF
[16:30:16] : end pos sig1 : 50.000000, 50.000000
[16:30:16] : 측정요구 ON 2
[16:30:25] : 측정요구 2OFF
[16:30:25] : end pos sig2 : -50.000000, -50.000000
[16:30:29] : 측정요구3 ON
[16:30:38] : 측정요구3 OFF
[16:30:38] : end pos sig3 : 50.000000, 50.000000
[16:30:38] : 측정요구4 ON
[16:30:47] : 측정요구4 OFF
[16:30:47] : end pos sig4 : -50.000000, -50.000000
[16:30:47] : 12,20181130-163048,CF18112052781,,OK,MAX,2, ,0.50,7.00,2.04,OK,0.50,7.00,2.52,OK,0.50,7.00,1.07,OK,0.50,7.00,0.92,OK,
[16:31:04] : Cycle start ON
[16:31:06] : Cycle start OFF
[16:31:34] : REQUEST MEAS. ON
[16:31:43] : REQUEST MEAS. OFF
[16:31:43] : end pos sig1 : 50.000000, 50.000000
[16:31:43] : 측정요구 ON 2
[16:31:53] : 측정요구 2OFF
[16:31:53] : end pos sig2 : -50.000000, -50.000000
[16:31:57] : 측정요구3 ON
[16:32:06] : 측정요구3 OFF
[16:32:06] : end pos sig3 : 50.000000, 50.000000
[16:32:06] : 측정요구4 ON
[16:32:15] : 측정요구4 OFF
[16:32:15] : end pos sig4 : -50.000000, -50.000000
[16:32:15] : 12,20181130-163216,CF18112053211,,OK,MAX,2, ,0.50,7.00,2.14,OK,0.50,7.00,2.92,OK,0.50,7.00,0.71,OK,0.50,7.00,0.84,OK,
[16:32:39] : Cycle start ON
[16:32:41] : Cycle start OFF
[16:33:03] : REQUEST MEAS. ON
[16:33:12] : REQUEST MEAS. OFF
[16:33:12] : end pos sig1 : 50.000000, 50.000000
[16:33:12] : 측정요구 ON 2
[16:33:21] : 측정요구 2OFF
[16:33:21] : end pos sig2 : -50.000000, -50.000000
[16:33:25] : 측정요구3 ON
[16:33:34] : 측정요구3 OFF
[16:33:34] : end pos sig3 : 50.000000, 50.000000
[16:33:34] : 측정요구4 ON
[16:33:43] : 측정요구4 OFF
[16:33:43] : end pos sig4 : -50.000000, -50.000000
[16:33:43] : 12,20181130-163344,CF18112053071,,OK,MAX,2, ,0.50,7.00,1.58,OK,0.50,7.00,2.76,OK,0.50,7.00,0.77,OK,0.50,7.00,0.79,OK,
[16:34:00] : Cycle start ON
[16:34:02] : Cycle start OFF
[16:34:31] : REQUEST MEAS. ON
[16:34:40] : REQUEST MEAS. OFF
[16:34:40] : end pos sig1 : 50.000000, 50.000000
[16:34:40] : 측정요구 ON 2
[16:34:49] : 측정요구 2OFF
[16:34:49] : end pos sig2 : -50.000000, -50.000000
[16:34:53] : 측정요구3 ON
[16:35:02] : 측정요구3 OFF
[16:35:02] : end pos sig3 : 50.000000, 50.000000
[16:35:02] : 측정요구4 ON
[16:35:11] : 측정요구4 OFF
[16:35:11] : end pos sig4 : -50.000000, -50.000000
[16:35:11] : 12,20181130-163512,CF18112052181,,OK,MAX,2, ,0.50,7.00,1.53,OK,0.50,7.00,3.13,OK,0.50,7.00,0.92,OK,0.50,7.00,1.03,OK,
[16:36:38] : Cycle start ON
[16:36:40] : Cycle start OFF
[16:37:06] : REQUEST MEAS. ON
[16:37:15] : REQUEST MEAS. OFF
[16:37:15] : end pos sig1 : 50.000000, 50.000000
[16:37:15] : 측정요구 ON 2
[16:37:24] : 측정요구 2OFF
[16:37:24] : end pos sig2 : -50.000000, -50.000000
[16:37:28] : 측정요구3 ON
[16:37:37] : 측정요구3 OFF
[16:37:37] : end pos sig3 : 50.000000, 50.000000
[16:37:37] : 측정요구4 ON
[16:37:47] : 측정요구4 OFF
[16:37:47] : end pos sig4 : -50.000000, -50.000000
[16:37:47] : 12,20181130-163747,CF18112053131,,OK,MAX,2, ,0.50,7.00,1.75,OK,0.50,7.00,2.11,OK,0.50,7.00,0.80,OK,0.50,7.00,0.78,OK,
[16:40:14] : Cycle start ON
[16:40:16] : Cycle start OFF
[16:40:44] : REQUEST MEAS. ON
[16:40:53] : REQUEST MEAS. OFF
[16:40:53] : end pos sig1 : 50.000000, 50.000000
[16:40:53] : 측정요구 ON 2
[16:41:03] : 측정요구 2OFF
[16:41:03] : end pos sig2 : -50.000000, -50.000000
[16:41:06] : 측정요구3 ON
[16:41:15] : 측정요구3 OFF
[16:41:15] : end pos sig3 : 50.000000, 50.000000
[16:41:15] : 측정요구4 ON
[16:41:25] : 측정요구4 OFF
[16:41:25] : end pos sig4 : -50.000000, -50.000000
[16:41:25] : 12,20181130-164126,CF18112053111,,OK,MAX,2, ,0.50,7.00,1.83,OK,0.50,7.00,1.35,OK,0.50,7.00,0.83,OK,0.50,7.00,1.87,OK,
[16:41:43] : Cycle start ON
[16:41:45] : Cycle start OFF
[16:42:17] : AUTO RUNNING OFF
[16:42:36] : MEAS ESC ON
[16:42:36] : MEAS ESC OFF
[16:42:36] : AUTO RUNNING ON
[16:42:41] : REQUEST MEAS. ON
[16:42:50] : REQUEST MEAS. OFF
[16:42:50] : end pos sig1 : 50.000000, 50.000000
[16:42:50] : 측정요구 ON 2
[16:43:00] : 측정요구 2OFF
[16:43:00] : end pos sig2 : -50.000000, -50.000000
[16:43:03] : 측정요구3 ON
[16:43:12] : 측정요구3 OFF
[16:43:12] : end pos sig3 : 50.000000, 50.000000
[16:43:12] : 측정요구4 ON
[16:43:22] : 측정요구4 OFF
[16:43:22] : end pos sig4 : -50.000000, -50.000000
[16:43:22] : 12,20181130-164323,CF18112053561,,OK,MAX,2, ,0.50,7.00,2.51,OK,0.50,7.00,3.38,OK,0.50,7.00,0.79,OK,0.50,7.00,0.89,OK,
[16:43:39] : Cycle start ON
[16:43:41] : Cycle start OFF
[16:44:10] : REQUEST MEAS. ON
[16:44:19] : REQUEST MEAS. OFF
[16:44:19] : end pos sig1 : 50.000000, 50.000000
[16:44:19] : 측정요구 ON 2
[16:44:28] : 측정요구 2OFF
[16:44:28] : end pos sig2 : -50.000000, -50.000000
[16:44:32] : 측정요구3 ON
[16:44:41] : 측정요구3 OFF
[16:44:41] : end pos sig3 : 50.000000, 50.000000
[16:44:41] : 측정요구4 ON
[16:44:50] : 측정요구4 OFF
[16:44:50] : end pos sig4 : -50.000000, -50.000000
[16:44:50] : 12,20181130-164451,CF18112053091,,OK,MAX,2, ,0.50,7.00,1.44,OK,0.50,7.00,2.36,OK,0.50,7.00,0.95,OK,0.50,7.00,0.84,OK,
[16:45:12] : Cycle start ON
[16:45:14] : Cycle start OFF
[16:45:38] : REQUEST MEAS. ON
[16:45:47] : REQUEST MEAS. OFF
[16:45:47] : end pos sig1 : 50.000000, 50.000000
[16:45:47] : 측정요구 ON 2
[16:45:56] : 측정요구 2OFF
[16:45:56] : end pos sig2 : -50.000000, -50.000000
[16:46:00] : 측정요구3 ON
[16:46:09] : 측정요구3 OFF
[16:46:09] : end pos sig3 : 50.000000, 50.000000
[16:46:09] : 측정요구4 ON
[16:46:18] : 측정요구4 OFF
[16:46:18] : end pos sig4 : -50.000000, -50.000000
[16:46:18] : 12,20181130-164619,CF18112053411,,OK,MAX,2, ,0.50,7.00,2.51,OK,0.50,7.00,2.68,OK,0.50,7.00,0.97,OK,0.50,7.00,0.97,OK,
[16:46:35] : Cycle start ON
[16:46:37] : Cycle start OFF
[16:47:06] : REQUEST MEAS. ON
[16:47:15] : REQUEST MEAS. OFF
[16:47:15] : end pos sig1 : 50.000000, 50.000000
[16:47:15] : 측정요구 ON 2
[16:47:24] : 측정요구 2OFF
[16:47:24] : end pos sig2 : -50.000000, -50.000000
[16:47:28] : 측정요구3 ON
[16:47:37] : 측정요구3 OFF
[16:47:37] : end pos sig3 : 50.000000, 50.000000
[16:47:37] : 측정요구4 ON
[16:47:46] : 측정요구4 OFF
[16:47:46] : end pos sig4 : -50.000000, -50.000000
[16:47:46] : 12,20181130-164747,CF18112053481,,OK,MAX,2, ,0.50,7.00,2.65,OK,0.50,7.00,2.25,OK,0.50,7.00,0.72,OK,0.50,7.00,0.70,OK,
[16:48:03] : Cycle start ON
[16:48:05] : Cycle start OFF
[16:48:33] : REQUEST MEAS. ON
[16:48:42] : REQUEST MEAS. OFF
[16:48:42] : end pos sig1 : 50.000000, 50.000000
[16:48:43] : 측정요구 ON 2
[16:48:52] : 측정요구 2OFF
[16:48:52] : end pos sig2 : -50.000000, -50.000000
[16:48:56] : 측정요구3 ON
[16:49:05] : 측정요구3 OFF
[16:49:05] : end pos sig3 : 50.000000, 50.000000
[16:49:05] : 측정요구4 ON
[16:49:14] : 측정요구4 OFF
[16:49:14] : end pos sig4 : -50.000000, -50.000000
[16:49:14] : 12,20181130-164915,CF18112052531,,OK,MAX,2, ,0.50,7.00,1.89,OK,0.50,7.00,2.52,OK,0.50,7.00,0.76,OK,0.50,7.00,1.70,OK,
[16:49:31] : Cycle start ON
[16:49:33] : Cycle start OFF
[16:50:01] : REQUEST MEAS. ON
[16:50:10] : REQUEST MEAS. OFF
[16:50:10] : end pos sig1 : 50.000000, 50.000000
[16:50:10] : 측정요구 ON 2
[16:50:20] : 측정요구 2OFF
[16:50:20] : end pos sig2 : -50.000000, -50.000000
[16:50:24] : 측정요구3 ON
[16:50:33] : 측정요구3 OFF
[16:50:33] : end pos sig3 : 50.000000, 50.000000
[16:50:33] : 측정요구4 ON
[16:50:42] : 측정요구4 OFF
[16:50:42] : end pos sig4 : -50.000000, -50.000000
[16:50:42] : 12,20181130-165043,CF18112052811,,OK,MAX,2, ,0.50,7.00,2.70,OK,0.50,7.00,3.96,OK,0.50,7.00,0.95,OK,0.50,7.00,1.06,OK,
[16:51:06] : Cycle start ON
[16:51:08] : Cycle start OFF
[16:51:29] : REQUEST MEAS. ON
[16:51:38] : REQUEST MEAS. OFF
[16:51:38] : end pos sig1 : 50.000000, 50.000000
[16:51:38] : 측정요구 ON 2
[16:51:48] : 측정요구 2OFF
[16:51:48] : end pos sig2 : -50.000000, -50.000000
[16:51:51] : 측정요구3 ON
[16:52:00] : 측정요구3 OFF
[16:52:00] : end pos sig3 : 50.000000, 50.000000
[16:52:00] : 측정요구4 ON
[16:52:10] : 측정요구4 OFF
[16:52:10] : end pos sig4 : -50.000000, -50.000000
[16:52:10] : 12,20181130-165211,CF18112053371,,OK,MAX,2, ,0.50,7.00,2.09,OK,0.50,7.00,3.33,OK,0.50,7.00,0.86,OK,0.50,7.00,1.17,OK,
[16:52:27] : Cycle start ON
[16:52:29] : Cycle start OFF
[16:52:57] : REQUEST MEAS. ON
[16:53:07] : REQUEST MEAS. OFF
[16:53:07] : end pos sig1 : 50.000000, 50.000000
[16:53:07] : 측정요구 ON 2
[16:53:16] : 측정요구 2OFF
[16:53:16] : end pos sig2 : -50.000000, -50.000000
[16:53:19] : 측정요구3 ON
[16:53:28] : 측정요구3 OFF
[16:53:28] : end pos sig3 : 50.000000, 50.000000
[16:53:28] : 측정요구4 ON
[16:53:38] : 측정요구4 OFF
[16:53:38] : end pos sig4 : -50.000000, -50.000000
[16:53:38] : 12,20181130-165339,CF18112053051,,OK,MAX,2, ,0.50,7.00,2.16,OK,0.50,7.00,2.78,OK,0.50,7.00,1.13,OK,0.50,7.00,0.68,OK,
[16:53:55] : Cycle start ON
[16:53:57] : Cycle start OFF
[16:54:26] : REQUEST MEAS. ON
[16:54:35] : REQUEST MEAS. OFF
[16:54:35] : end pos sig1 : 50.000000, 50.000000
[16:54:35] : 측정요구 ON 2
[16:54:44] : 측정요구 2OFF
[16:54:44] : end pos sig2 : -50.000000, -50.000000
[16:54:48] : 측정요구3 ON
[16:54:57] : 측정요구3 OFF
[16:54:57] : end pos sig3 : 50.000000, 50.000000
[16:54:57] : 측정요구4 ON
[16:55:06] : 측정요구4 OFF
[16:55:06] : end pos sig4 : -50.000000, -50.000000
[16:55:06] : 12,20181130-165507,CF18112053901,,OK,MAX,2, ,0.50,7.00,1.02,OK,0.50,7.00,1.60,OK,0.50,7.00,0.95,OK,0.50,7.00,0.97,OK,
[16:55:23] : Cycle start ON
[16:55:24] : Cycle start OFF
[16:55:53] : REQUEST MEAS. ON
[16:56:03] : REQUEST MEAS. OFF
[16:56:03] : end pos sig1 : 50.000000, 50.000000
[16:56:03] : 측정요구 ON 2
[16:56:12] : 측정요구 2OFF
[16:56:12] : end pos sig2 : -50.000000, -50.000000
[16:56:16] : 측정요구3 ON
[16:56:25] : 측정요구3 OFF
[16:56:25] : end pos sig3 : 50.000000, 50.000000
[16:56:25] : 측정요구4 ON
[16:56:35] : 측정요구4 OFF
[16:56:35] : end pos sig4 : -50.000000, -50.000000
[16:56:35] : 12,20181130-165635,CF18112052841,,OK,MAX,2, ,0.50,7.00,2.34,OK,0.50,7.00,2.57,OK,0.50,7.00,1.14,OK,0.50,7.00,1.00,OK,
[16:56:51] : Cycle start ON
[16:56:53] : Cycle start OFF
[16:57:22] : REQUEST MEAS. ON
[16:57:31] : REQUEST MEAS. OFF
[16:57:31] : end pos sig1 : 50.000000, 50.000000
[16:57:31] : 측정요구 ON 2
[16:57:41] : 측정요구 2OFF
[16:57:41] : end pos sig2 : -50.000000, -50.000000
[16:57:44] : 측정요구3 ON
[16:57:53] : 측정요구3 OFF
[16:57:53] : end pos sig3 : 50.000000, 50.000000
[16:57:53] : 측정요구4 ON
[16:58:03] : 측정요구4 OFF
[16:58:03] : end pos sig4 : -50.000000, -50.000000
[16:58:03] : 12,20181130-165804,CF18112052071,,OK,MAX,2, ,0.50,7.00,1.69,OK,0.50,7.00,2.82,OK,0.50,7.00,0.92,OK,0.50,7.00,1.82,OK,
[16:58:55] : AUTO RUNNING OFF
[18:14:28] : MEAS ESC ON
[18:14:28] : MEAS ESC OFF
[18:14:28] : AUTO RUNNING ON
[18:15:10] : Cycle start ON
[18:15:12] : Cycle start OFF
[18:15:41] : REQUEST MEAS. ON
[18:15:50] : REQUEST MEAS. OFF
[18:15:50] : end pos sig1 : 50.000000, 50.000000
[18:15:50] : 측정요구 ON 2
[18:15:59] : 측정요구 2OFF
[18:15:59] : end pos sig2 : -50.000000, -50.000000
[18:16:03] : 측정요구3 ON
[18:16:12] : 측정요구3 OFF
[18:16:12] : end pos sig3 : 50.000000, 50.000000
[18:16:12] : 측정요구4 ON
[18:16:21] : 측정요구4 OFF
[18:16:21] : end pos sig4 : -50.000000, -50.000000
[18:16:21] : 12,20181130-181622,CF18112052481,,OK,MAX,2, ,0.50,7.00,1.86,OK,0.50,7.00,2.60,OK,0.50,7.00,0.69,OK,0.50,7.00,0.77,OK,
[18:17:49] : Cycle start ON
[18:17:51] : Cycle start OFF
[18:18:17] : REQUEST MEAS. ON
[18:18:26] : REQUEST MEAS. OFF
[18:18:26] : end pos sig1 : 50.000000, 50.000000
[18:18:26] : 측정요구 ON 2
[18:18:35] : 측정요구 2OFF
[18:18:35] : end pos sig2 : -50.000000, -50.000000
[18:18:39] : 측정요구3 ON
[18:18:48] : 측정요구3 OFF
[18:18:48] : end pos sig3 : 50.000000, 50.000000
[18:18:48] : 측정요구4 ON
[18:18:57] : 측정요구4 OFF
[18:18:57] : end pos sig4 : -50.000000, -50.000000
[18:18:57] : 12,20181130-181858,CF18112053391,,OK,MAX,2, ,0.50,7.00,2.40,OK,0.50,7.00,2.27,OK,0.50,7.00,0.64,OK,0.50,7.00,0.77,OK,
[18:19:18] : Cycle start ON
[18:19:20] : Cycle start OFF
[18:19:45] : REQUEST MEAS. ON
[18:19:54] : REQUEST MEAS. OFF
[18:19:54] : end pos sig1 : 50.000000, 50.000000
[18:19:54] : 측정요구 ON 2
[18:20:03] : 측정요구 2OFF
[18:20:03] : end pos sig2 : -50.000000, -50.000000
[18:20:07] : 측정요구3 ON
[18:20:16] : 측정요구3 OFF
[18:20:16] : end pos sig3 : 50.000000, 50.000000
[18:20:16] : 측정요구4 ON
[18:20:26] : 측정요구4 OFF
[18:20:26] : end pos sig4 : -50.000000, -50.000000
[18:20:26] : 12,20181130-182026,CF18112052931,,OK,MAX,2, ,0.50,7.00,3.05,OK,0.50,7.00,2.60,OK,0.50,7.00,0.78,OK,0.50,7.00,1.52,OK,
[18:20:41] : Cycle start ON
[18:20:43] : Cycle start OFF
[18:21:13] : REQUEST MEAS. ON
[18:21:22] : REQUEST MEAS. OFF
[18:21:22] : end pos sig1 : 50.000000, 50.000000
[18:21:22] : 측정요구 ON 2
[18:21:31] : 측정요구 2OFF
[18:21:31] : end pos sig2 : -50.000000, -50.000000
[18:21:35] : 측정요구3 ON
[18:21:44] : 측정요구3 OFF
[18:21:44] : end pos sig3 : 50.000000, 50.000000
[18:21:44] : 측정요구4 ON
[18:21:53] : 측정요구4 OFF
[18:21:53] : end pos sig4 : -50.000000, -50.000000
[18:21:53] : 12,20181130-182154,CF18112053181,,OK,MAX,2, ,0.50,7.00,1.99,OK,0.50,7.00,2.42,OK,0.50,7.00,0.98,OK,0.50,7.00,0.71,OK,
[18:22:10] : Cycle start ON
[18:22:12] : Cycle start OFF
[18:22:41] : REQUEST MEAS. ON
[18:22:50] : REQUEST MEAS. OFF
[18:22:50] : end pos sig1 : 50.000000, 50.000000
[18:22:50] : 측정요구 ON 2
[18:22:59] : 측정요구 2OFF
[18:22:59] : end pos sig2 : -50.000000, -50.000000
[18:23:03] : 측정요구3 ON
[18:23:12] : 측정요구3 OFF
[18:23:12] : end pos sig3 : 50.000000, 50.000000
[18:23:12] : 측정요구4 ON
[18:23:21] : 측정요구4 OFF
[18:23:21] : end pos sig4 : -50.000000, -50.000000
[18:23:21] : 12,20181130-182322,CF18112051691,,OK,MAX,2, ,0.50,7.00,2.11,OK,0.50,7.00,2.46,OK,0.50,7.00,0.70,OK,0.50,7.00,1.41,OK,
[18:23:38] : Cycle start ON
[18:23:39] : Cycle start OFF
[18:24:08] : REQUEST MEAS. ON
[18:24:17] : REQUEST MEAS. OFF
[18:24:17] : end pos sig1 : 50.000000, 50.000000
[18:24:18] : 측정요구 ON 2
[18:24:27] : 측정요구 2OFF
[18:24:27] : end pos sig2 : -50.000000, -50.000000
[18:24:30] : 측정요구3 ON
[18:24:39] : 측정요구3 OFF
[18:24:39] : end pos sig3 : 50.000000, 50.000000
[18:24:39] : 측정요구4 ON
[18:24:49] : 측정요구4 OFF
[18:24:49] : end pos sig4 : -50.000000, -50.000000
[18:24:49] : 12,20181130-182450,CF18112052041,,OK,MAX,2, ,0.50,7.00,1.84,OK,0.50,7.00,2.74,OK,0.50,7.00,1.27,OK,0.50,7.00,0.80,OK,
[18:25:06] : Cycle start ON
[18:25:08] : Cycle start OFF
[18:25:37] : REQUEST MEAS. ON
[18:25:46] : REQUEST MEAS. OFF
[18:25:46] : end pos sig1 : 50.000000, 50.000000
[18:25:46] : 측정요구 ON 2
[18:25:55] : 측정요구 2OFF
[18:25:55] : end pos sig2 : -50.000000, -50.000000
[18:25:59] : 측정요구3 ON
[18:26:08] : 측정요구3 OFF
[18:26:08] : end pos sig3 : 50.000000, 50.000000
[18:26:08] : 측정요구4 ON
[18:26:18] : 측정요구4 OFF
[18:26:18] : end pos sig4 : -50.000000, -50.000000
[18:26:18] : 12,20181130-182618,CF18112052301,,OK,MAX,2, ,0.50,7.00,1.81,OK,0.50,7.00,3.30,OK,0.50,7.00,0.98,OK,0.50,7.00,0.99,OK,
[18:26:34] : Cycle start ON
[18:26:36] : Cycle start OFF
[18:27:04] : REQUEST MEAS. ON
[18:27:14] : REQUEST MEAS. OFF
[18:27:14] : end pos sig1 : 50.000000, 50.000000
[18:27:14] : 측정요구 ON 2
[18:27:23] : 측정요구 2OFF
[18:27:23] : end pos sig2 : -50.000000, -50.000000
[18:27:27] : 측정요구3 ON
[18:27:36] : 측정요구3 OFF
[18:27:36] : end pos sig3 : 50.000000, 50.000000
[18:27:36] : 측정요구4 ON
[18:27:46] : 측정요구4 OFF
[18:27:46] : end pos sig4 : -50.000000, -50.000000
[18:27:46] : 12,20181130-182746,CF18112052371,,OK,MAX,2, ,0.50,7.00,2.01,OK,0.50,7.00,2.67,OK,0.50,7.00,0.60,OK,0.50,7.00,0.82,OK,
[18:28:09] : Cycle start ON
[18:28:11] : Cycle start OFF
[18:28:32] : REQUEST MEAS. ON
[18:28:42] : REQUEST MEAS. OFF
[18:28:42] : end pos sig1 : 50.000000, 50.000000
[18:28:42] : 측정요구 ON 2
[18:28:52] : 측정요구 2OFF
[18:28:52] : end pos sig2 : -50.000000, -50.000000
[18:28:55] : 측정요구3 ON
[18:29:04] : 측정요구3 OFF
[18:29:04] : end pos sig3 : 50.000000, 50.000000
[18:29:04] : 측정요구4 ON
[18:29:14] : 측정요구4 OFF
[18:29:14] : end pos sig4 : -50.000000, -50.000000
[18:29:14] : 12,20181130-182914,CF18112053821,,OK,MAX,2, ,0.50,7.00,1.31,OK,0.50,7.00,2.05,OK,0.50,7.00,0.81,OK,0.50,7.00,0.58,OK,
[18:29:30] : Cycle start ON
[18:29:32] : Cycle start OFF
[18:30:01] : REQUEST MEAS. ON
[18:30:10] : REQUEST MEAS. OFF
[18:30:10] : end pos sig1 : 50.000000, 50.000000
[18:30:10] : 측정요구 ON 2
[18:30:20] : 측정요구 2OFF
[18:30:20] : end pos sig2 : -50.000000, -50.000000
[18:30:23] : 측정요구3 ON
[18:30:32] : 측정요구3 OFF
[18:30:32] : end pos sig3 : 50.000000, 50.000000
[18:30:32] : 측정요구4 ON
[18:30:42] : 측정요구4 OFF
[18:30:42] : end pos sig4 : -50.000000, -50.000000
[18:30:42] : 12,20181130-183043,CF18112051981,,OK,MAX,2, ,0.50,7.00,1.57,OK,0.50,7.00,2.75,OK,0.50,7.00,0.71,OK,0.50,7.00,0.76,OK,
[18:30:59] : Cycle start ON
[18:31:01] : Cycle start OFF
[18:31:29] : REQUEST MEAS. ON
[18:31:38] : REQUEST MEAS. OFF
[18:31:38] : end pos sig1 : 50.000000, 50.000000
[18:31:38] : 측정요구 ON 2
[18:31:48] : 측정요구 2OFF
[18:31:48] : end pos sig2 : -50.000000, -50.000000
[18:31:51] : 측정요구3 ON
[18:32:00] : 측정요구3 OFF
[18:32:00] : end pos sig3 : 50.000000, 50.000000
[18:32:00] : 측정요구4 ON
[18:32:10] : 측정요구4 OFF
[18:32:10] : end pos sig4 : -50.000000, -50.000000
[18:32:10] : 12,20181130-183210,CF18112052971,,OK,MAX,2, ,0.50,7.00,1.87,OK,0.50,7.00,2.43,OK,0.50,7.00,0.77,OK,0.50,7.00,1.92,OK,
[18:32:27] : Cycle start ON
[18:32:29] : Cycle start OFF
[18:32:58] : REQUEST MEAS. ON
[18:33:07] : REQUEST MEAS. OFF
[18:33:07] : end pos sig1 : 50.000000, 50.000000
[18:33:07] : 측정요구 ON 2
[18:33:16] : 측정요구 2OFF
[18:33:16] : end pos sig2 : -50.000000, -50.000000
[18:33:19] : 측정요구3 ON
[18:33:28] : 측정요구3 OFF
[18:33:28] : end pos sig3 : 50.000000, 50.000000
[18:33:28] : 측정요구4 ON
[18:33:38] : 측정요구4 OFF
[18:33:38] : end pos sig4 : -50.000000, -50.000000
[18:33:38] : 12,20181130-183339,CF18112052861,,OK,MAX,2, ,0.50,7.00,1.91,OK,0.50,7.00,2.15,OK,0.50,7.00,0.82,OK,0.50,7.00,0.70,OK,
[18:33:55] : Cycle start ON
[18:33:57] : Cycle start OFF
[18:34:25] : REQUEST MEAS. ON
[18:34:34] : REQUEST MEAS. OFF
[18:34:34] : end pos sig1 : 50.000000, 50.000000
[18:34:35] : 측정요구 ON 2
[18:34:44] : 측정요구 2OFF
[18:34:44] : end pos sig2 : -50.000000, -50.000000
[18:34:47] : 측정요구3 ON
[18:34:56] : 측정요구3 OFF
[18:34:56] : end pos sig3 : 50.000000, 50.000000
[18:34:56] : 측정요구4 ON
[18:35:06] : 측정요구4 OFF
[18:35:06] : end pos sig4 : -50.000000, -50.000000
[18:35:06] : 12,20181130-183506,CF18112053831,,OK,MAX,2, ,0.50,7.00,1.39,OK,0.50,7.00,1.75,OK,0.50,7.00,1.23,OK,0.50,7.00,0.86,OK,
[18:35:22] : Cycle start ON
[18:35:24] : Cycle start OFF
[18:35:53] : REQUEST MEAS. ON
[18:36:02] : REQUEST MEAS. OFF
[18:36:02] : end pos sig1 : 50.000000, 50.000000
[18:36:02] : 측정요구 ON 2
[18:36:12] : 측정요구 2OFF
[18:36:12] : end pos sig2 : -50.000000, -50.000000
[18:36:15] : 측정요구3 ON
[18:36:24] : 측정요구3 OFF
[18:36:24] : end pos sig3 : 50.000000, 50.000000
[18:36:24] : 측정요구4 ON
[18:36:34] : 측정요구4 OFF
[18:36:34] : end pos sig4 : -50.000000, -50.000000
[18:36:34] : 12,20181130-183635,CF18112053861,,OK,MAX,2, ,0.50,7.00,1.52,OK,0.50,7.00,2.39,OK,0.50,7.00,2.14,OK,0.50,7.00,0.93,OK,
[18:36:58] : Cycle start ON
[18:37:00] : Cycle start OFF
[18:37:21] : REQUEST MEAS. ON
[18:37:31] : REQUEST MEAS. OFF
[18:37:31] : end pos sig1 : 50.000000, 50.000000
[18:37:31] : 측정요구 ON 2
[18:37:40] : 측정요구 2OFF
[18:37:40] : end pos sig2 : -50.000000, -50.000000
[18:37:43] : 측정요구3 ON
[18:37:52] : 측정요구3 OFF
[18:37:52] : end pos sig3 : 50.000000, 50.000000
[18:37:52] : 측정요구4 ON
[18:38:02] : 측정요구4 OFF
[18:38:02] : end pos sig4 : -50.000000, -50.000000
[18:38:02] : 12,20181130-183802,CF18112053061,,NG,MAX,2, ,0.50,7.00,1.60,OK,0.50,7.00,2.27,OK,0.50,7.00,1.37,OK,0.50,7.00,0.55,NG,
[18:39:08] : Cycle start ON
[18:39:10] : Cycle start OFF
[18:39:38] : REQUEST MEAS. ON
[18:39:47] : REQUEST MEAS. OFF
[18:39:47] : end pos sig1 : 50.000000, 50.000000
[18:39:47] : 측정요구 ON 2
[18:39:57] : 측정요구 2OFF
[18:39:57] : end pos sig2 : -50.000000, -50.000000
[18:40:01] : 측정요구3 ON
[18:40:10] : 측정요구3 OFF
[18:40:10] : end pos sig3 : 50.000000, 50.000000
[18:40:10] : 측정요구4 ON
[18:40:19] : 측정요구4 OFF
[18:40:19] : end pos sig4 : -50.000000, -50.000000
[18:40:19] : 12,20181130-184020,CF18112053291,,OK,MAX,2, ,0.50,7.00,1.90,OK,0.50,7.00,2.66,OK,0.50,7.00,1.04,OK,0.50,7.00,1.23,OK,
[18:42:18] : Cycle start ON
[18:42:20] : Cycle start OFF
[18:42:46] : REQUEST MEAS. ON
[18:42:55] : REQUEST MEAS. OFF
[18:42:55] : end pos sig1 : 50.000000, 50.000000
[18:42:56] : 측정요구 ON 2
[18:43:05] : 측정요구 2OFF
[18:43:05] : end pos sig2 : -50.000000, -50.000000
[18:43:08] : 측정요구3 ON
[18:43:17] : 측정요구3 OFF
[18:43:17] : end pos sig3 : 50.000000, 50.000000
[18:43:17] : 측정요구4 ON
[18:43:25] : AUTO RUNNING OFF
[18:43:25] : 측정요구4 OFF
[18:43:25] : end pos sig4 : -36.110000, -36.100000
[18:43:28] : MEAS ESC ON
[18:44:22] : MEAS ESC OFF
[18:44:23] : MEAS ESC ON
[18:44:25] : MEAS ESC OFF
[18:44:25] : AUTO RUNNING ON
[18:44:25] : 측정요구4 ON
[18:44:27] : 측정요구4 OFF
[18:44:27] : end pos sig4 : -50.000000, -50.000000
[18:44:27] : 12,20181130-184427,CF18112053341,,OK,MAX,2, ,0.50,7.00,3.07,OK,0.50,7.00,2.68,OK,0.50,7.00,0.70,OK,0.50,7.00,0.67,OK,
[18:44:42] : Cycle start ON
[18:44:44] : Cycle start OFF
[18:45:14] : REQUEST MEAS. ON
[18:45:23] : REQUEST MEAS. OFF
[18:45:23] : end pos sig1 : 50.000000, 50.000000
[18:45:23] : 측정요구 ON 2
[18:45:33] : 측정요구 2OFF
[18:45:33] : end pos sig2 : -50.000000, -50.000000
[18:45:36] : 측정요구3 ON
[18:45:45] : 측정요구3 OFF
[18:45:45] : end pos sig3 : 50.000000, 50.000000
[18:45:45] : 측정요구4 ON
[18:45:55] : 측정요구4 OFF
[18:45:55] : end pos sig4 : -50.000000, -50.000000
[18:45:55] : 12,20181130-184555,CF18112053041,,OK,MAX,2, ,0.50,7.00,1.94,OK,0.50,7.00,3.66,OK,0.50,7.00,1.08,OK,0.50,7.00,0.74,OK,
[18:46:51] : Cycle start ON
[18:46:53] : Cycle start OFF
[18:47:21] : REQUEST MEAS. ON
[18:47:30] : REQUEST MEAS. OFF
[18:47:30] : end pos sig1 : 50.000000, 50.000000
[18:47:30] : 측정요구 ON 2
[18:47:40] : 측정요구 2OFF
[18:47:40] : end pos sig2 : -50.000000, -50.000000
[18:47:44] : 측정요구3 ON
[18:47:53] : 측정요구3 OFF
[18:47:53] : end pos sig3 : 50.000000, 50.000000
[18:47:53] : 측정요구4 ON
[18:48:02] : 측정요구4 OFF
[18:48:02] : end pos sig4 : -50.000000, -50.000000
[18:48:02] : 12,20181130-184803,CF18112053771,,OK,MAX,2, ,0.50,7.00,4.11,OK,0.50,7.00,2.30,OK,0.50,7.00,1.85,OK,0.50,7.00,0.83,OK,
[18:48:22] : Cycle start ON
[18:48:24] : Cycle start OFF
[18:48:49] : REQUEST MEAS. ON
[18:48:59] : REQUEST MEAS. OFF
[18:48:59] : end pos sig1 : 50.000000, 50.000000
[18:48:59] : 측정요구 ON 2
[18:49:08] : 측정요구 2OFF
[18:49:08] : end pos sig2 : -50.000000, -50.000000
[18:49:12] : 측정요구3 ON
[18:49:21] : 측정요구3 OFF
[18:49:21] : end pos sig3 : 50.000000, 50.000000
[18:49:21] : 측정요구4 ON
[18:49:30] : 측정요구4 OFF
[18:49:30] : end pos sig4 : -50.000000, -50.000000
[18:49:30] : 12,20181130-184931,CF18112052751,,OK,MAX,2, ,0.50,7.00,1.83,OK,0.50,7.00,2.59,OK,0.50,7.00,0.97,OK,0.50,7.00,1.07,OK,
[18:49:47] : Cycle start ON
[18:49:49] : Cycle start OFF
[18:50:18] : REQUEST MEAS. ON
[18:50:27] : REQUEST MEAS. OFF
[18:50:27] : end pos sig1 : 50.000000, 50.000000
[18:50:27] : 측정요구 ON 2
[18:50:36] : 측정요구 2OFF
[18:50:36] : end pos sig2 : -50.000000, -50.000000
[18:50:40] : 측정요구3 ON
[18:50:49] : 측정요구3 OFF
[18:50:49] : end pos sig3 : 50.000000, 50.000000
[18:50:49] : 측정요구4 ON
[18:50:59] : 측정요구4 OFF
[18:50:59] : end pos sig4 : -50.000000, -50.000000
[18:50:59] : 12,20181130-185059,CF18112053701,,NG,MAX,2, ,0.50,7.00,1.53,OK,0.50,7.00,1.54,OK,0.50,7.00,0.82,OK,0.50,7.00,0.70,NG,
[18:51:08] : AUTO RUNNING OFF
[19:07:04] : MEAS ESC ON
[19:07:06] : MEAS ESC OFF
[19:07:06] : AUTO RUNNING ON
[19:07:49] : Cycle start ON
[19:07:51] : Cycle start OFF
[19:08:17] : REQUEST MEAS. ON
[19:08:26] : REQUEST MEAS. OFF
[19:08:26] : end pos sig1 : 50.000000, 50.000000
[19:08:26] : 측정요구 ON 2
[19:08:36] : 측정요구 2OFF
[19:08:36] : end pos sig2 : -31.770000, -31.950000
[19:08:39] : 측정요구3 ON
[19:08:48] : 측정요구3 OFF
[19:08:48] : end pos sig3 : 50.000000, 50.000000
[19:08:48] : 측정요구4 ON
[19:08:58] : 측정요구4 OFF
[19:08:58] : end pos sig4 : -50.000000, -50.000000
[19:08:58] : 12,20181130-190859,CF18112053981,,OK,MAX,2, ,0.50,7.00,2.74,OK,0.50,7.00,2.81,OK,0.50,7.00,1.54,OK,0.50,7.00,0.86,OK,
[19:09:18] : Cycle start ON
[19:09:20] : Cycle start OFF
[19:09:46] : REQUEST MEAS. ON
[19:09:55] : REQUEST MEAS. OFF
[19:09:55] : end pos sig1 : 50.000000, 50.000000
[19:09:55] : 측정요구 ON 2
[19:10:04] : 측정요구 2OFF
[19:10:04] : end pos sig2 : -38.710000, -38.710000
[19:10:08] : 측정요구3 ON
[19:10:17] : 측정요구3 OFF
[19:10:17] : end pos sig3 : 50.000000, 50.000000
[19:10:17] : 측정요구4 ON
[19:10:26] : 측정요구4 OFF
[19:10:26] : end pos sig4 : -50.000000, -50.000000
[19:10:26] : 12,20181130-191027,CF18112051931,,OK,MAX,2, ,0.50,7.00,2.12,OK,0.50,7.00,2.71,OK,0.50,7.00,1.45,OK,0.50,7.00,0.67,OK,
[19:10:43] : Cycle start ON
[19:10:45] : Cycle start OFF
[19:11:13] : REQUEST MEAS. ON
[19:11:22] : REQUEST MEAS. OFF
[19:11:22] : end pos sig1 : 50.000000, 50.000000
[19:11:22] : 측정요구 ON 2
[19:11:32] : 측정요구 2OFF
[19:11:32] : end pos sig2 : -50.000000, -50.000000
[19:11:35] : 측정요구3 ON
[19:11:44] : 측정요구3 OFF
[19:11:44] : end pos sig3 : 50.000000, 50.000000
[19:11:44] : 측정요구4 ON
[19:11:54] : 측정요구4 OFF
[19:11:54] : end pos sig4 : -50.000000, -50.000000
[19:11:54] : 12,20181130-191155,CF18112052161,,OK,MAX,2, ,0.50,7.00,2.62,OK,0.50,7.00,2.46,OK,0.50,7.00,1.55,OK,0.50,7.00,0.72,OK,
[19:12:10] : Cycle start ON
[19:12:12] : Cycle start OFF
[19:12:41] : REQUEST MEAS. ON
[19:12:51] : REQUEST MEAS. OFF
[19:12:51] : end pos sig1 : 50.000000, 50.000000
[19:12:51] : 측정요구 ON 2
[19:13:00] : 측정요구 2OFF
[19:13:00] : end pos sig2 : -50.000000, -50.000000
[19:13:04] : 측정요구3 ON
[19:13:13] : 측정요구3 OFF
[19:13:13] : end pos sig3 : 50.000000, 50.000000
[19:13:13] : 측정요구4 ON
[19:13:22] : 측정요구4 OFF
[19:13:22] : end pos sig4 : -50.000000, -50.000000
[19:13:22] : 12,20181130-191323,CF18112052631,,OK,MAX,2, ,0.50,7.00,2.13,OK,0.50,7.00,2.53,OK,0.50,7.00,2.55,OK,0.50,7.00,0.75,OK,
[19:13:39] : Cycle start ON
[19:13:40] : Cycle start OFF
[19:14:10] : REQUEST MEAS. ON
[19:14:19] : REQUEST MEAS. OFF
[19:14:19] : end pos sig1 : 50.000000, 50.000000
[19:14:19] : 측정요구 ON 2
[19:14:28] : 측정요구 2OFF
[19:14:28] : end pos sig2 : -50.000000, -50.000000
[19:14:32] : 측정요구3 ON
[19:14:41] : 측정요구3 OFF
[19:14:41] : end pos sig3 : 50.000000, 50.000000
[19:14:41] : 측정요구4 ON
[19:14:50] : 측정요구4 OFF
[19:14:50] : end pos sig4 : -50.000000, -50.000000
[19:14:50] : 12,20181130-191451,CF18112052701,,NG,MAX,2, ,0.50,7.00,1.64,OK,0.50,7.00,2.58,OK,0.50,7.00,0.87,OK,0.50,7.00,0.69,NG,
[19:15:11] : Cycle start ON
[19:15:13] : Cycle start OFF
[19:15:38] : REQUEST MEAS. ON
[19:15:47] : REQUEST MEAS. OFF
[19:15:47] : end pos sig1 : 50.000000, 50.000000
[19:15:47] : 측정요구 ON 2
[19:15:56] : 측정요구 2OFF
[19:15:56] : end pos sig2 : -50.000000, -50.000000
[19:16:00] : 측정요구3 ON
[19:16:09] : 측정요구3 OFF
[19:16:09] : end pos sig3 : 50.000000, 50.000000
[19:16:09] : 측정요구4 ON
[19:16:19] : 측정요구4 OFF
[19:16:19] : end pos sig4 : -50.000000, -50.000000
[19:16:19] : 12,20181130-191619,CF18112052401,,OK,MAX,2, ,0.50,7.00,2.31,OK,0.50,7.00,3.14,OK,0.50,7.00,0.82,OK,0.50,7.00,0.94,OK,
[19:16:38] : Cycle start ON
[19:16:40] : Cycle start OFF
[19:17:06] : REQUEST MEAS. ON
[19:17:15] : REQUEST MEAS. OFF
[19:17:15] : end pos sig1 : 50.000000, 50.000000
[19:17:15] : 측정요구 ON 2
[19:17:25] : 측정요구 2OFF
[19:17:25] : end pos sig2 : -50.000000, -50.000000
[19:17:28] : 측정요구3 ON
[19:17:37] : 측정요구3 OFF
[19:17:37] : end pos sig3 : 50.000000, 50.000000
[19:17:37] : 측정요구4 ON
[19:17:47] : 측정요구4 OFF
[19:17:47] : end pos sig4 : -50.000000, -50.000000
[19:17:47] : 12,20181130-191748,CF18112052151,,OK,MAX,2, ,0.50,7.00,1.57,OK,0.50,7.00,2.37,OK,0.50,7.00,1.08,OK,0.50,7.00,0.58,OK,
[19:18:03] : Cycle start ON
[19:18:06] : Cycle start OFF
[19:18:34] : REQUEST MEAS. ON
[19:18:44] : REQUEST MEAS. OFF
[19:18:44] : end pos sig1 : 50.000000, 50.000000
[19:18:44] : 측정요구 ON 2
[19:18:53] : 측정요구 2OFF
[19:18:53] : end pos sig2 : -50.000000, -50.000000
[19:18:56] : 측정요구3 ON
[19:19:05] : 측정요구3 OFF
[19:19:05] : end pos sig3 : 50.000000, 50.000000
[19:19:05] : 측정요구4 ON
[19:19:15] : 측정요구4 OFF
[19:19:15] : end pos sig4 : -50.000000, -50.000000
[19:19:15] : 12,20181130-191915,CF18112052801,,OK,MAX,2, ,0.50,7.00,1.35,OK,0.50,7.00,1.92,OK,0.50,7.00,0.90,OK,0.50,7.00,2.37,OK,
[19:19:31] : Cycle start ON
[19:19:32] : Cycle start OFF
[19:20:02] : REQUEST MEAS. ON
[19:20:11] : REQUEST MEAS. OFF
[19:20:11] : end pos sig1 : 50.000000, 50.000000
[19:20:11] : 측정요구 ON 2
[19:20:21] : 측정요구 2OFF
[19:20:21] : end pos sig2 : -50.000000, -50.000000
[19:20:24] : 측정요구3 ON
[19:20:33] : 측정요구3 OFF
[19:20:33] : end pos sig3 : 50.000000, 50.000000
[19:20:33] : 측정요구4 ON
[19:20:43] : 측정요구4 OFF
[19:20:43] : end pos sig4 : -50.000000, -50.000000
[19:20:43] : 12,20181130-192043,CF18112052201,,OK,MAX,2, ,0.50,7.00,2.15,OK,0.50,7.00,2.54,OK,0.50,7.00,0.77,OK,0.50,7.00,1.31,OK,
[19:20:58] : Cycle start ON
[19:21:01] : Cycle start OFF
[19:21:29] : REQUEST MEAS. ON
[19:21:38] : REQUEST MEAS. OFF
[19:21:38] : end pos sig1 : 50.000000, 50.000000
[19:21:39] : 측정요구 ON 2
[19:21:48] : 측정요구 2OFF
[19:21:48] : end pos sig2 : -50.000000, -50.000000
[19:21:52] : 측정요구3 ON
[19:22:01] : 측정요구3 OFF
[19:22:01] : end pos sig3 : 50.000000, 50.000000
[19:22:01] : 측정요구4 ON
[19:22:11] : 측정요구4 OFF
[19:22:11] : end pos sig4 : -50.000000, -50.000000
[19:22:11] : 12,20181130-192211,CF18112052031,,OK,MAX,2, ,0.50,7.00,2.35,OK,0.50,7.00,2.44,OK,0.50,7.00,0.97,OK,0.50,7.00,0.57,OK,
[19:22:27] : Cycle start ON
[19:22:29] : Cycle start OFF
[19:22:57] : REQUEST MEAS. ON
[19:23:06] : REQUEST MEAS. OFF
[19:23:06] : end pos sig1 : 50.000000, 50.000000
[19:23:06] : 측정요구 ON 2
[19:23:16] : 측정요구 2OFF
[19:23:16] : end pos sig2 : -50.000000, -50.000000
[19:23:20] : 측정요구3 ON
[19:23:29] : 측정요구3 OFF
[19:23:29] : end pos sig3 : 50.000000, 50.000000
[19:23:29] : 측정요구4 ON
[19:23:38] : 측정요구4 OFF
[19:23:38] : end pos sig4 : -50.000000, -50.000000
[19:23:38] : 12,20181130-192339,CF18112053791,,NG,MAX,2, ,0.50,7.00,2.49,OK,0.50,7.00,2.78,OK,0.50,7.00,0.53,NG,0.50,7.00,0.83,OK,
[19:23:59] : Cycle start ON
[19:24:01] : Cycle start OFF
[19:24:26] : REQUEST MEAS. ON
[19:24:35] : REQUEST MEAS. OFF
[19:24:35] : end pos sig1 : 50.000000, 50.000000
[19:24:35] : 측정요구 ON 2
[19:24:44] : 측정요구 2OFF
[19:24:44] : end pos sig2 : -50.000000, -50.000000
[19:24:48] : 측정요구3 ON
[19:24:57] : 측정요구3 OFF
[19:24:57] : end pos sig3 : 50.000000, 50.000000
[19:24:57] : 측정요구4 ON
[19:25:06] : 측정요구4 OFF
[19:25:06] : end pos sig4 : -50.000000, -50.000000
[19:25:06] : 12,20181130-192507,CF18112053001,,OK,MAX,2, ,0.50,7.00,2.21,OK,0.50,7.00,2.48,OK,0.50,7.00,1.06,OK,0.50,7.00,0.76,OK,
[19:25:26] : Cycle start ON
[19:25:28] : Cycle start OFF
[19:25:53] : REQUEST MEAS. ON
[19:26:03] : REQUEST MEAS. OFF
[19:26:03] : end pos sig1 : 50.000000, 50.000000
[19:26:03] : 측정요구 ON 2
[19:26:12] : 측정요구 2OFF
[19:26:12] : end pos sig2 : -50.000000, -50.000000
[19:26:16] : 측정요구3 ON
[19:26:25] : 측정요구3 OFF
[19:26:25] : end pos sig3 : 50.000000, 50.000000
[19:26:25] : 측정요구4 ON
[19:26:35] : 측정요구4 OFF
[19:26:35] : end pos sig4 : -50.000000, -50.000000
[19:26:35] : 12,20181130-192635,CF18112052821,,OK,MAX,2, ,0.50,7.00,1.32,OK,0.50,7.00,2.10,OK,0.50,7.00,1.37,OK,0.50,7.00,0.82,OK,
[19:26:50] : Cycle start ON
[19:26:52] : Cycle start OFF
[19:27:21] : REQUEST MEAS. ON
[19:27:31] : REQUEST MEAS. OFF
[19:27:31] : end pos sig1 : 50.000000, 50.000000
[19:27:31] : 측정요구 ON 2
[19:27:40] : 측정요구 2OFF
[19:27:40] : end pos sig2 : -50.000000, -50.000000
[19:27:44] : 측정요구3 ON
[19:27:53] : 측정요구3 OFF
[19:27:53] : end pos sig3 : 50.000000, 50.000000
[19:27:53] : 측정요구4 ON
[19:28:03] : 측정요구4 OFF
[19:28:03] : end pos sig4 : -50.000000, -50.000000
[19:28:03] : 12,20181130-192803,CF18112052361,,OK,MAX,2, ,0.50,7.00,1.95,OK,0.50,7.00,2.14,OK,0.50,7.00,0.80,OK,0.50,7.00,2.60,OK,
[19:28:19] : Cycle start ON
[19:28:20] : Cycle start OFF
[19:28:50] : REQUEST MEAS. ON
[19:28:59] : REQUEST MEAS. OFF
[19:28:59] : end pos sig1 : 50.000000, 50.000000
[19:28:59] : 측정요구 ON 2
[19:29:09] : 측정요구 2OFF
[19:29:09] : end pos sig2 : -50.000000, -50.000000
[19:29:12] : 측정요구3 ON
[19:29:21] : 측정요구3 OFF
[19:29:21] : end pos sig3 : 50.000000, 50.000000
[19:29:21] : 측정요구4 ON
[19:29:31] : 측정요구4 OFF
[19:29:31] : end pos sig4 : -50.000000, -50.000000
[19:29:31] : 12,20181130-192932,CF18112052101,,NG,MAX,2, ,0.50,7.00,2.15,OK,0.50,7.00,3.26,OK,0.50,7.00,0.94,OK,0.50,7.00,0.56,NG,
[19:29:52] : Cycle start ON
[19:29:54] : Cycle start OFF
[19:30:19] : REQUEST MEAS. ON
[19:30:28] : REQUEST MEAS. OFF
[19:30:28] : end pos sig1 : 50.000000, 50.000000
[19:30:28] : 측정요구 ON 2
[19:30:37] : 측정요구 2OFF
[19:30:37] : end pos sig2 : -50.000000, -50.000000
[19:30:40] : 측정요구3 ON
[19:30:49] : 측정요구3 OFF
[19:30:49] : end pos sig3 : 50.000000, 50.000000
[19:30:49] : 측정요구4 ON
[19:30:59] : 측정요구4 OFF
[19:30:59] : end pos sig4 : -50.000000, -50.000000
[19:30:59] : 12,20181130-193100,CF18112052621,,OK,MAX,2, ,0.50,7.00,2.28,OK,0.50,7.00,1.83,OK,0.50,7.00,0.95,OK,0.50,7.00,1.46,OK,
[19:31:20] : Cycle start ON
[19:31:22] : Cycle start OFF
[19:31:47] : REQUEST MEAS. ON
[19:31:56] : REQUEST MEAS. OFF
[19:31:56] : end pos sig1 : 50.000000, 50.000000
[19:31:56] : 측정요구 ON 2
[19:32:05] : 측정요구 2OFF
[19:32:05] : end pos sig2 : -50.000000, -50.000000
[19:32:09] : 측정요구3 ON
[19:32:18] : 측정요구3 OFF
[19:32:18] : end pos sig3 : 50.000000, 50.000000
[19:32:18] : 측정요구4 ON
[19:32:27] : 측정요구4 OFF
[19:32:27] : end pos sig4 : -50.000000, -50.000000
[19:32:27] : 12,20181130-193228,CF18112052661,,OK,MAX,2, ,0.50,7.00,1.90,OK,0.50,7.00,2.04,OK,0.50,7.00,1.23,OK,0.50,7.00,0.85,OK,
[19:32:43] : Cycle start ON
[19:32:45] : Cycle start OFF
[19:33:15] : REQUEST MEAS. ON
[19:33:24] : REQUEST MEAS. OFF
[19:33:24] : end pos sig1 : 50.000000, 50.000000
[19:33:24] : 측정요구 ON 2
[19:33:33] : 측정요구 2OFF
[19:33:33] : end pos sig2 : -50.000000, -50.000000
[19:33:36] : 측정요구3 ON
[19:33:45] : 측정요구3 OFF
[19:33:45] : end pos sig3 : 50.000000, 50.000000
[19:33:45] : 측정요구4 ON
[19:33:55] : 측정요구4 OFF
[19:33:55] : end pos sig4 : -50.000000, -50.000000
[19:33:55] : 12,20181130-193356,CF18112053631,,OK,MAX,2, ,0.50,7.00,1.28,OK,0.50,7.00,1.80,OK,0.50,7.00,0.98,OK,0.50,7.00,1.07,OK,
[19:34:12] : Cycle start ON
[19:34:14] : Cycle start OFF
[19:34:42] : REQUEST MEAS. ON
[19:34:52] : REQUEST MEAS. OFF
[19:34:52] : end pos sig1 : 50.000000, 50.000000
[19:34:52] : 측정요구 ON 2
[19:35:01] : 측정요구 2OFF
[19:35:01] : end pos sig2 : -50.000000, -50.000000
[19:35:04] : 측정요구3 ON
[19:35:13] : 측정요구3 OFF
[19:35:13] : end pos sig3 : 50.000000, 50.000000
[19:35:13] : 측정요구4 ON
[19:35:23] : 측정요구4 OFF
[19:35:23] : end pos sig4 : -50.000000, -50.000000
[19:35:23] : 12,20181130-193524,CF18112052391,,OK,MAX,2, ,0.50,7.00,0.92,OK,0.50,7.00,2.07,OK,0.50,7.00,1.03,OK,0.50,7.00,1.31,OK,
[19:37:35] : AUTO RUNNING OFF
[19:54:29] : PROGRAM END
 
[20:02:34] : PROGRAM START
[20:02:36] : AUTO RUNNING OFF
[20:02:36] : REQUEST MEAS. OFF
[20:02:36] : end pos sig1 : 50.000000, 50.000000
[20:02:36] : end pos sig2 : 50.000000, 50.000000
[20:02:36] : end pos sig3 : 50.000000, 50.000000
[20:02:36] : REQUEST ZEROSET OFF
[20:02:36] : REQUEST ZEROSET OFF
[20:02:36] : end pos sig4 : 50.000000, 50.000000
[20:02:48] : PROGRAM END
 
[20:02:55] : PROGRAM START
[20:02:57] : AUTO RUNNING OFF
[20:02:57] : REQUEST MEAS. OFF
[20:02:57] : end pos sig1 : 50.000000, 50.000000
[20:02:57] : end pos sig2 : 50.000000, 50.000000
[20:02:57] : end pos sig3 : 50.000000, 50.000000
[20:02:57] : REQUEST ZEROSET OFF
[20:02:57] : REQUEST ZEROSET OFF
[20:02:57] : end pos sig4 : 50.000000, 50.000000
 
