[10:40:08] : PROGRAM END
 
[10:40:11] : PROGRAM START
[10:40:13] : AUTO RUNNING OFF
[10:40:13] : REQUEST MEAS. OFF
[10:40:13] : REQUEST ZEROSET OFF
[10:40:13] : REQUEST ZEROSET OFF
[10:42:34] : PROGRAM END
 
[10:43:36] : PROGRAM START
[10:43:39] : AUTO RUNNING OFF
[10:43:39] : REQUEST MEAS. OFF
[10:43:39] : REQUEST ZEROSET OFF
[10:43:39] : REQUEST ZEROSET OFF
[10:45:45] : PROGRAM END
 
[10:50:54] : PROGRAM START
[10:50:56] : AUTO RUNNING OFF
[10:50:56] : REQUEST MEAS. OFF
[10:50:56] : REQUEST ZEROSET OFF
[10:50:56] : REQUEST ZEROSET OFF
[10:51:55] : PROGRAM END
 
[10:52:17] : PROGRAM START
[10:52:19] : AUTO RUNNING OFF
[10:52:19] : REQUEST MEAS. OFF
[10:52:19] : REQUEST ZEROSET OFF
[10:52:19] : REQUEST ZEROSET OFF
[10:53:20] : PROGRAM END
 
[10:53:45] : PROGRAM START
[10:53:47] : AUTO RUNNING OFF
[10:53:47] : REQUEST MEAS. OFF
[10:53:47] : REQUEST ZEROSET OFF
[10:53:47] : REQUEST ZEROSET OFF
[10:54:21] : PROGRAM END
 
[10:54:53] : PROGRAM START
[10:54:55] : AUTO RUNNING OFF
[10:54:55] : REQUEST MEAS. OFF
[10:54:55] : REQUEST ZEROSET OFF
[10:54:55] : REQUEST ZEROSET OFF
[10:57:20] : PROGRAM END
 
[10:57:41] : PROGRAM START
[10:57:44] : AUTO RUNNING OFF
[10:57:44] : REQUEST MEAS. OFF
[10:57:44] : REQUEST ZEROSET OFF
[10:57:44] : REQUEST ZEROSET OFF
[11:01:02] : PROGRAM END
 
[11:06:16] : PROGRAM START
[11:06:19] : AUTO RUNNING OFF
[11:06:19] : REQUEST MEAS. OFF
[11:06:19] : REQUEST ZEROSET OFF
[11:06:19] : REQUEST ZEROSET OFF
[11:09:04] : PROGRAM END
 
[11:09:21] : PROGRAM START
[11:09:23] : AUTO RUNNING OFF
[11:09:23] : REQUEST MEAS. OFF
[11:09:23] : REQUEST ZEROSET OFF
[11:09:23] : REQUEST ZEROSET OFF
[11:10:02] : PROGRAM END
 
[11:10:32] : PROGRAM START
[11:10:34] : AUTO RUNNING OFF
[11:10:34] : REQUEST MEAS. OFF
[11:10:34] : REQUEST ZEROSET OFF
[11:10:34] : REQUEST ZEROSET OFF
[11:10:58] : PROGRAM END
 
[11:11:15] : PROGRAM START
[11:11:17] : AUTO RUNNING OFF
[11:11:17] : REQUEST MEAS. OFF
[11:11:17] : REQUEST ZEROSET OFF
[11:11:17] : REQUEST ZEROSET OFF
[11:11:45] : PROGRAM END
 
[11:12:38] : PROGRAM START
[11:12:40] : AUTO RUNNING OFF
[11:12:40] : REQUEST MEAS. OFF
[11:12:40] : REQUEST ZEROSET OFF
[11:12:40] : REQUEST ZEROSET OFF
[11:13:07] : PROGRAM END
 
[11:13:22] : PROGRAM START
[11:13:24] : AUTO RUNNING OFF
[11:13:24] : REQUEST MEAS. OFF
[11:13:24] : REQUEST ZEROSET OFF
[11:13:24] : REQUEST ZEROSET OFF
[11:14:01] : PROGRAM END
 
[11:14:51] : PROGRAM START
[11:14:53] : AUTO RUNNING OFF
[11:14:53] : REQUEST MEAS. OFF
[11:14:53] : REQUEST ZEROSET OFF
[11:14:53] : REQUEST ZEROSET OFF
[11:15:29] : PROGRAM END
 
[11:17:39] : PROGRAM START
[11:17:41] : AUTO RUNNING OFF
[11:17:41] : REQUEST MEAS. OFF
[11:17:41] : REQUEST ZEROSET OFF
[11:17:41] : REQUEST ZEROSET OFF
[11:18:05] : PROGRAM END
 
[11:20:37] : PROGRAM START
[11:20:46] : AUTO RUNNING OFF
[11:20:46] : REQUEST MEAS. OFF
[11:20:46] : REQUEST ZEROSET OFF
[11:20:46] : REQUEST ZEROSET OFF
[11:21:07] : PROGRAM END
 
[11:21:36] : PROGRAM START
[11:21:38] : AUTO RUNNING OFF
[11:21:38] : REQUEST MEAS. OFF
[11:21:38] : REQUEST ZEROSET OFF
[11:21:38] : REQUEST ZEROSET OFF
[11:26:59] : PROGRAM END
 
[11:27:22] : PROGRAM START
[11:27:25] : AUTO RUNNING OFF
[11:27:25] : REQUEST MEAS. OFF
[11:27:25] : REQUEST ZEROSET OFF
[11:27:25] : REQUEST ZEROSET OFF
[11:28:42] : PROGRAM END
 
[11:28:59] : PROGRAM START
[11:29:01] : AUTO RUNNING OFF
[11:29:01] : REQUEST MEAS. OFF
[11:29:01] : REQUEST ZEROSET OFF
[11:29:01] : REQUEST ZEROSET OFF
[11:30:45] : PROGRAM END
 
[11:32:09] : PROGRAM START
[11:32:12] : AUTO RUNNING OFF
[11:32:12] : REQUEST MEAS. OFF
[11:32:12] : REQUEST ZEROSET OFF
[11:32:12] : REQUEST ZEROSET OFF
[11:37:15] : PROGRAM END
 
[11:42:40] : PROGRAM START
[11:42:42] : AUTO RUNNING OFF
[11:42:42] : REQUEST MEAS. OFF
[11:42:42] : REQUEST ZEROSET OFF
[11:42:42] : REQUEST ZEROSET OFF
[11:46:20] : Cycle start ON
[11:46:21] : Cycle start OFF
 
[11:50:23] : REQUEST MEAS. ON
[11:50:23] : REQUEST MEAS. OFF
[11:50:23] : REQUEST MEAS. ON
[11:50:23] : REQUEST MEAS. OFF
[11:50:23] : REQUEST MEAS. ON
[11:50:23] : REQUEST MEAS. OFF
[11:50:23] : REQUEST MEAS. ON
[11:50:23] : REQUEST MEAS. OFF
[11:50:23] : REQUEST MEAS. ON
[11:50:23] : REQUEST MEAS. OFF
[11:50:23] : REQUEST MEAS. ON
[11:50:23] : REQUEST MEAS. OFF
[11:50:23] : REQUEST MEAS. ON
[11:50:23] : REQUEST MEAS. OFF
[11:50:23] : REQUEST MEAS. ON
[11:50:23] : REQUEST MEAS. OFF
[11:50:23] : REQUEST MEAS. ON
[11:50:23] : REQUEST MEAS. OFF
[11:50:23] : REQUEST MEAS. ON
[11:50:23] : REQUEST MEAS. OFF
[11:50:23] : REQUEST MEAS. ON
[11:50:23] : REQUEST MEAS. OFF
[11:50:23] : REQUEST MEAS. ON
[11:50:23] : REQUEST MEAS. OFF
[11:50:23] : REQUEST MEAS. ON
[11:50:23] : REQUEST MEAS. OFF
[11:50:23] : REQUEST MEAS. ON
[11:50:23] : REQUEST MEAS. OFF
[11:50:23] : REQUEST MEAS. ON
[11:50:23] : REQUEST MEAS. OFF
[11:50:23] : REQUEST MEAS. ON
[11:50:23] : REQUEST MEAS. OFF
[11:50:23] : REQUEST MEAS. ON
[11:50:23] : REQUEST MEAS. OFF
[11:50:23] : REQUEST MEAS. ON
[11:50:23] : REQUEST MEAS. OFF
[11:50:23] : REQUEST MEAS. ON
[11:50:23] : REQUEST MEAS. OFF
[11:50:23] : REQUEST MEAS. ON
[11:50:23] : REQUEST MEAS. OFF
[11:50:23] : REQUEST MEAS. ON
[11:50:23] : REQUEST MEAS. OFF
[11:50:23] : REQUEST MEAS. ON
[11:50:23] : REQUEST MEAS. OFF
[11:50:23] : REQUEST MEAS. ON
[11:50:23] : REQUEST MEAS. OFF
[11:50:23] : REQUEST MEAS. ON
[11:50:23] : REQUEST MEAS. OFF
[11:50:23] : REQUEST MEAS. ON
[11:50:23] : REQUEST MEAS. OFF
[11:50:23] : REQUEST MEAS. ON
[11:50:23] : REQUEST MEAS. OFF
[11:50:23] : REQUEST MEAS. ON
[11:50:23] : REQUEST MEAS. OFF
[11:50:23] : REQUEST MEAS. ON
[11:50:23] : REQUEST MEAS. OFF
[11:50:23] : REQUEST MEAS. ON
[11:50:23] : REQUEST MEAS. OFF
[11:50:23] : REQUEST MEAS. ON
[11:50:23] : REQUEST MEAS. OFF
[11:50:23] : REQUEST MEAS. ON
[11:50:23] : REQUEST MEAS. OFF
[11:50:23] : REQUEST MEAS. ON
[11:50:23] : REQUEST MEAS. OFF
[11:50:23] : REQUEST MEAS. ON
[11:50:23] : REQUEST MEAS. OFF
[11:50:23] : REQUEST MEAS. ON
[11:50:23] : REQUEST MEAS. OFF
[11:50:23] : REQUEST MEAS. ON
[11:50:23] : REQUEST MEAS. OFF
[11:50:23] : REQUEST MEAS. ON
[11:50:23] : REQUEST MEAS. OFF
[11:50:23] : REQUEST MEAS. ON
[11:50:23] : REQUEST MEAS. OFF
[11:50:23] : REQUEST MEAS. ON
[11:50:23] : REQUEST MEAS. OFF
[11:50:23] : REQUEST MEAS. ON
[11:50:23] : REQUEST MEAS. OFF
[11:50:23] : REQUEST MEAS. ON
[11:50:23] : REQUEST MEAS. OFF
[11:50:23] : REQUEST MEAS. ON
[11:50:23] : REQUEST MEAS. OFF
[11:50:23] : REQUEST MEAS. ON
[11:50:23] : REQUEST MEAS. OFF
[11:50:23] : REQUEST MEAS. ON
[11:50:23] : REQUEST MEAS. OFF
[11:50:23] : REQUEST MEAS. ON
[11:50:23] : REQUEST MEAS. OFF
[11:50:23] : REQUEST MEAS. ON
[11:50:23] : REQUEST MEAS. OFF
[11:50:23] : REQUEST MEAS. ON
[11:50:23] : REQUEST MEAS. OFF
[11:50:23] : REQUEST MEAS. ON
[11:50:23] : REQUEST MEAS. OFF
[11:50:23] : REQUEST MEAS. ON
[11:50:23] : REQUEST MEAS. OFF
[11:50:23] : REQUEST MEAS. ON
[11:50:23] : REQUEST MEAS. OFF
[11:50:23] : REQUEST MEAS. ON
[11:50:23] : REQUEST MEAS. OFF
[11:50:23] : REQUEST MEAS. ON
[11:50:23] : REQUEST MEAS. OFF
[11:50:23] : REQUEST MEAS. ON
[11:50:23] : REQUEST MEAS. OFF
[11:50:23] : REQUEST MEAS. ON
[11:50:23] : REQUEST MEAS. OFF
[11:50:23] : REQUEST MEAS. ON
[11:50:23] : REQUEST MEAS. OFF
[11:50:23] : REQUEST MEAS. ON
[11:50:23] : REQUEST MEAS. OFF
[11:50:23] : REQUEST MEAS. ON
[11:50:23] : REQUEST MEAS. OFF
[11:50:23] : REQUEST MEAS. ON
[11:50:23] : REQUEST MEAS. OFF
[11:50:23] : REQUEST MEAS. ON
[11:50:23] : REQUEST MEAS. OFF
[11:50:23] : REQUEST MEAS. ON
[11:50:23] : REQUEST MEAS. OFF
[11:50:23] : REQUEST MEAS. ON
[11:50:23] : REQUEST MEAS. OFF
[11:50:23] : REQUEST MEAS. ON
[11:50:23] : REQUEST MEAS. OFF
[11:50:23] : REQUEST MEAS. ON
[11:50:23] : REQUEST MEAS. OFF
[11:50:23] : REQUEST MEAS. ON
[11:50:23] : REQUEST MEAS. OFF
[11:50:23] : REQUEST MEAS. ON
[11:50:23] : REQUEST MEAS. OFF
[11:50:23] : REQUEST MEAS. ON
[11:50:23] : REQUEST MEAS. OFF
[11:50:23] : REQUEST MEAS. ON
[11:50:23] : REQUEST MEAS. OFF
[11:50:23] : REQUEST MEAS. ON
[11:50:23] : REQUEST MEAS. OFF
[11:50:23] : REQUEST MEAS. ON
[11:50:23] : REQUEST MEAS. OFF
[11:50:23] : REQUEST MEAS. ON
[11:50:23] : REQUEST MEAS. OFF
[11:50:23] : REQUEST MEAS. ON
[11:50:23] : REQUEST MEAS. OFF
[11:50:23] : REQUEST MEAS. ON
[11:50:23] : REQUEST MEAS. OFF
[11:50:23] : REQUEST MEAS. ON
[11:50:23] : REQUEST MEAS. OFF
[11:50:23] : REQUEST MEAS. ON
[11:50:23] : REQUEST MEAS. OFF
[11:50:23] : REQUEST MEAS. ON
[11:50:23] : REQUEST MEAS. OFF
[11:50:23] : REQUEST MEAS. ON
[11:50:23] : REQUEST MEAS. OFF
[11:50:23] : REQUEST MEAS. ON
[11:50:23] : REQUEST MEAS. OFF
[11:50:23] : REQUEST MEAS. ON
[11:50:23] : REQUEST MEAS. OFF
[11:50:23] : REQUEST MEAS. ON
[11:50:23] : REQUEST MEAS. OFF
[11:50:23] : REQUEST MEAS. ON
[11:50:23] : REQUEST MEAS. OFF
[11:50:23] : REQUEST MEAS. ON
[11:50:23] : REQUEST MEAS. OFF
[11:50:23] : REQUEST MEAS. ON
[11:50:23] : REQUEST MEAS. OFF
[11:50:23] : REQUEST MEAS. ON
[11:50:23] : REQUEST MEAS. OFF
[11:50:23] : REQUEST MEAS. ON
[11:50:23] : REQUEST MEAS. OFF
[11:50:23] : REQUEST MEAS. ON
[11:50:23] : REQUEST MEAS. OFF
[11:50:23] : REQUEST MEAS. ON
[11:50:23] : REQUEST MEAS. OFF
[11:50:23] : REQUEST MEAS. ON
[11:50:23] : REQUEST MEAS. OFF
[11:50:23] : REQUEST MEAS. ON
[11:50:23] : REQUEST MEAS. OFF
[11:50:23] : REQUEST MEAS. ON
[11:50:23] : REQUEST MEAS. OFF
[11:50:23] : REQUEST MEAS. ON
[11:50:23] : REQUEST MEAS. OFF
[11:50:23] : REQUEST MEAS. ON
[11:50:23] : REQUEST MEAS. OFF
[11:50:23] : REQUEST MEAS. ON
[11:50:23] : REQUEST MEAS. OFF
[11:50:23] : REQUEST MEAS. ON
[11:50:23] : REQUEST MEAS. OFF
[11:50:23] : REQUEST MEAS. ON
[11:50:23] : REQUEST MEAS. OFF
[11:50:23] : REQUEST MEAS. ON
[11:50:23] : REQUEST MEAS. OFF
[11:50:23] : REQUEST MEAS. ON
[11:50:23] : REQUEST MEAS. OFF
[11:50:23] : REQUEST MEAS. ON
[11:50:23] : REQUEST MEAS. OFF
[11:50:23] : REQUEST MEAS. ON
[11:50:23] : REQUEST MEAS. OFF
[11:50:23] : REQUEST MEAS. ON
[11:50:23] : REQUEST MEAS. OFF
[11:50:23] : REQUEST MEAS. ON
[11:50:23] : REQUEST MEAS. OFF
[11:50:23] : REQUEST MEAS. ON
[11:50:23] : REQUEST MEAS. OFF
[11:50:23] : REQUEST MEAS. ON
[11:50:23] : REQUEST MEAS. OFF
[11:50:23] : REQUEST MEAS. ON
[11:50:23] : REQUEST MEAS. OFF
[11:50:23] : REQUEST MEAS. ON
[11:50:23] : REQUEST MEAS. OFF
[11:50:23] : REQUEST MEAS. ON
[11:50:23] : REQUEST MEAS. OFF
[11:50:23] : REQUEST MEAS. ON
[11:50:23] : REQUEST MEAS. OFF
[11:50:23] : REQUEST MEAS. ON
[11:50:23] : REQUEST MEAS. OFF
[11:50:23] : REQUEST MEAS. ON
[11:50:23] : REQUEST MEAS. OFF
[11:50:23] : REQUEST MEAS. ON
[11:50:23] : REQUEST MEAS. OFF
[11:50:23] : REQUEST MEAS. ON
[11:50:23] : REQUEST MEAS. OFF
[11:50:23] : REQUEST MEAS. ON
[11:50:23] : REQUEST MEAS. OFF
[11:50:23] : REQUEST MEAS. ON
[11:50:23] : REQUEST MEAS. OFF
[11:50:23] : REQUEST MEAS. ON
[11:50:23] : REQUEST MEAS. OFF
[11:50:23] : REQUEST MEAS. ON
[11:50:23] : REQUEST MEAS. OFF
[11:50:23] : REQUEST MEAS. ON
[11:50:23] : REQUEST MEAS. OFF
[11:50:23] : REQUEST MEAS. ON
[11:50:23] : REQUEST MEAS. OFF
[11:50:23] : REQUEST MEAS. ON
[11:50:23] : REQUEST MEAS. OFF
[11:50:23] : REQUEST MEAS. ON
[11:50:23] : REQUEST MEAS. OFF
[11:50:23] : REQUEST MEAS. ON
[11:50:23] : REQUEST MEAS. OFF
[11:50:23] : REQUEST MEAS. ON
[11:50:23] : REQUEST MEAS. OFF
[11:50:23] : REQUEST MEAS. ON
[11:50:23] : REQUEST MEAS. OFF
[11:50:23] : REQUEST MEAS. ON
[11:50:23] : REQUEST MEAS. OFF
[11:50:23] : REQUEST MEAS. ON
[11:50:23] : REQUEST MEAS. OFF
[11:50:23] : REQUEST MEAS. ON
[11:50:23] : REQUEST MEAS. OFF
[11:50:23] : REQUEST MEAS. ON
[11:50:23] : REQUEST MEAS. OFF
[11:50:23] : REQUEST MEAS. ON
[11:50:23] : REQUEST MEAS. OFF
[11:50:23] : REQUEST MEAS. ON
[11:50:23] : REQUEST MEAS. OFF
[11:50:23] : REQUEST MEAS. ON
[11:50:23] : REQUEST MEAS. OFF
[11:50:23] : REQUEST MEAS. ON
[11:50:23] : REQUEST MEAS. OFF
[11:50:23] : REQUEST MEAS. ON
[11:50:23] : REQUEST MEAS. OFF
[11:50:23] : REQUEST MEAS. ON
[11:50:23] : REQUEST MEAS. OFF
[11:50:23] : REQUEST MEAS. ON
[11:50:23] : REQUEST MEAS. OFF
[11:50:23] : REQUEST MEAS. ON
[11:50:23] : REQUEST MEAS. OFF
[11:50:23] : REQUEST MEAS. ON
[11:50:23] : REQUEST MEAS. OFF
[11:50:23] : REQUEST MEAS. ON
[11:50:23] : REQUEST MEAS. OFF
[11:50:23] : REQUEST MEAS. ON
[11:50:23] : REQUEST MEAS. OFF
[11:50:23] : REQUEST MEAS. ON
[11:50:23] : REQUEST MEAS. OFF
[11:50:23] : REQUEST MEAS. ON
[11:50:23] : REQUEST MEAS. OFF
[11:50:23] : REQUEST MEAS. ON
[11:50:23] : REQUEST MEAS. OFF
[11:50:23] : REQUEST MEAS. ON
[11:50:23] : REQUEST MEAS. OFF
[11:50:23] : REQUEST MEAS. ON
[11:50:23] : REQUEST MEAS. OFF
[11:50:23] : REQUEST MEAS. ON
[11:50:23] : REQUEST MEAS. OFF
[11:50:23] : REQUEST MEAS. ON
[11:50:23] : REQUEST MEAS. OFF
[11:50:23] : REQUEST MEAS. ON
[11:50:23] : REQUEST MEAS. OFF
[11:50:23] : REQUEST MEAS. ON
[11:50:23] : REQUEST MEAS. OFF
[11:50:23] : REQUEST MEAS. ON
[11:50:23] : REQUEST MEAS. OFF
[11:50:23] : REQUEST MEAS. ON
[11:50:23] : REQUEST MEAS. OFF
[11:50:23] : REQUEST MEAS. ON
[11:50:23] : REQUEST MEAS. OFF
[11:50:23] : REQUEST MEAS. ON
[11:50:23] : REQUEST MEAS. OFF
[11:50:23] : REQUEST MEAS. ON
[11:50:23] : REQUEST MEAS. OFF
[11:50:23] : REQUEST MEAS. ON
[11:50:23] : REQUEST MEAS. OFF
[11:50:23] : REQUEST MEAS. ON
[11:50:23] : REQUEST MEAS. OFF
[11:50:23] : REQUEST MEAS. ON
[11:50:23] : REQUEST MEAS. OFF
[11:50:23] : REQUEST MEAS. ON
[11:50:23] : REQUEST MEAS. OFF
[11:50:23] : REQUEST MEAS. ON
[11:50:23] : REQUEST MEAS. OFF
[11:50:23] : REQUEST MEAS. ON
[11:50:23] : REQUEST MEAS. OFF
[11:50:23] : REQUEST MEAS. ON
[11:50:23] : REQUEST MEAS. OFF
[11:50:23] : REQUEST MEAS. ON
[11:50:23] : REQUEST MEAS. OFF
[11:50:23] : REQUEST MEAS. ON
[11:50:23] : REQUEST MEAS. OFF
[11:50:23] : REQUEST MEAS. ON
[11:50:23] : REQUEST MEAS. OFF
[11:50:23] : REQUEST MEAS. ON
[11:50:23] : REQUEST MEAS. OFF
[11:50:23] : REQUEST MEAS. ON
[11:50:23] : REQUEST MEAS. OFF
[11:50:23] : REQUEST MEAS. ON
[11:50:23] : REQUEST MEAS. OFF
[11:50:23] : REQUEST MEAS. ON
[11:50:23] : REQUEST MEAS. OFF
[11:50:23] : REQUEST MEAS. ON
[11:50:23] : REQUEST MEAS. OFF
[11:50:23] : REQUEST MEAS. ON
[11:50:23] : REQUEST MEAS. OFF
[11:50:23] : REQUEST MEAS. ON
[11:50:23] : REQUEST MEAS. OFF
[11:50:23] : REQUEST MEAS. ON
[11:50:23] : REQUEST MEAS. OFF
[11:50:23] : REQUEST MEAS. ON
[11:50:23] : REQUEST MEAS. OFF
[11:50:23] : REQUEST MEAS. ON
[11:50:23] : REQUEST MEAS. OFF
[11:50:23] : REQUEST MEAS. ON
[11:50:23] : REQUEST MEAS. OFF
[11:50:23] : REQUEST MEAS. ON
[11:50:23] : REQUEST MEAS. OFF
[11:50:23] : REQUEST MEAS. ON
[11:50:23] : REQUEST MEAS. OFF
[11:50:23] : REQUEST MEAS. ON
[11:50:23] : REQUEST MEAS. OFF
[11:50:23] : REQUEST MEAS. ON
[11:50:23] : REQUEST MEAS. OFF
[11:50:23] : REQUEST MEAS. ON
[11:50:23] : REQUEST MEAS. OFF
[11:50:23] : REQUEST MEAS. ON
[11:50:23] : REQUEST MEAS. OFF
[11:50:23] : REQUEST MEAS. ON
[11:50:23] : REQUEST MEAS. OFF
[11:50:23] : REQUEST MEAS. ON
[11:50:23] : REQUEST MEAS. OFF
[11:50:23] : REQUEST MEAS. ON
[11:50:23] : REQUEST MEAS. OFF
[11:50:23] : REQUEST MEAS. ON
[11:50:23] : REQUEST MEAS. OFF
[11:50:23] : REQUEST MEAS. ON
[11:50:23] : REQUEST MEAS. OFF
[11:50:23] : REQUEST MEAS. ON
[11:50:23] : REQUEST MEAS. OFF
[11:50:23] : REQUEST MEAS. ON
[11:50:23] : REQUEST MEAS. OFF
[11:50:23] : REQUEST MEAS. ON
[11:50:23] : REQUEST MEAS. OFF
[11:50:23] : REQUEST MEAS. ON
[11:50:23] : REQUEST MEAS. OFF
[11:50:23] : REQUEST MEAS. ON
[11:50:23] : REQUEST MEAS. OFF
[11:50:23] : REQUEST MEAS. ON
[11:50:23] : REQUEST MEAS. OFF
[11:50:23] : REQUEST MEAS. ON
[11:50:23] : REQUEST MEAS. OFF
[11:50:23] : REQUEST MEAS. ON
[11:50:23] : REQUEST MEAS. OFF
[11:50:23] : REQUEST MEAS. ON
[11:50:23] : REQUEST MEAS. OFF
[11:50:23] : REQUEST MEAS. ON
[11:50:23] : REQUEST MEAS. OFF
[11:50:23] : REQUEST MEAS. ON
[11:50:23] : REQUEST MEAS. OFF
[11:50:23] : REQUEST MEAS. ON
[11:50:23] : REQUEST MEAS. OFF
[11:50:23] : REQUEST MEAS. ON
[11:50:23] : REQUEST MEAS. OFF
[11:50:23] : REQUEST MEAS. ON
[11:50:23] : REQUEST MEAS. OFF
[11:50:23] : REQUEST MEAS. ON
[11:50:23] : REQUEST MEAS. OFF
[11:50:23] : REQUEST MEAS. ON
[11:50:23] : REQUEST MEAS. OFF
[11:50:23] : REQUEST MEAS. ON
[11:50:23] : REQUEST MEAS. OFF
[11:50:23] : REQUEST MEAS. ON
[11:50:23] : REQUEST MEAS. OFF
[11:50:23] : REQUEST MEAS. ON
[11:50:23] : REQUEST MEAS. OFF
[11:50:23] : REQUEST MEAS. ON
[11:50:23] : REQUEST MEAS. OFF
[11:50:23] : REQUEST MEAS. ON
[11:50:23] : REQUEST MEAS. OFF
[11:50:23] : REQUEST MEAS. ON
[11:50:23] : REQUEST MEAS. OFF
[11:50:23] : REQUEST MEAS. ON
[11:50:23] : REQUEST MEAS. OFF
[11:50:23] : REQUEST MEAS. ON
[11:50:23] : REQUEST MEAS. OFF
[11:50:23] : REQUEST MEAS. ON
[11:50:23] : REQUEST MEAS. OFF
[11:50:23] : REQUEST MEAS. ON
[11:50:23] : REQUEST MEAS. OFF
[11:50:23] : REQUEST MEAS. ON
[11:50:23] : REQUEST MEAS. OFF
[11:50:23] : REQUEST MEAS. ON
[11:50:23] : REQUEST MEAS. OFF
[11:50:23] : REQUEST MEAS. ON
[11:50:23] : REQUEST MEAS. OFF
[11:50:23] : REQUEST MEAS. ON
[11:50:23] : REQUEST MEAS. OFF
[11:50:23] : REQUEST MEAS. ON
[11:50:23] : REQUEST MEAS. OFF
[11:50:23] : REQUEST MEAS. ON
[11:50:23] : REQUEST MEAS. OFF
[11:50:23] : REQUEST MEAS. ON
[11:50:23] : REQUEST MEAS. OFF
[11:50:23] : REQUEST MEAS. ON
[11:50:23] : REQUEST MEAS. OFF
[11:50:23] : REQUEST MEAS. ON
[11:50:23] : REQUEST MEAS. OFF
[11:50:23] : REQUEST MEAS. ON
[11:50:23] : REQUEST MEAS. OFF
[11:50:23] : REQUEST MEAS. ON
[11:50:23] : REQUEST MEAS. OFF
[11:50:23] : REQUEST MEAS. ON
[11:50:23] : REQUEST MEAS. OFF
[11:50:23] : REQUEST MEAS. ON
[11:50:23] : REQUEST MEAS. OFF
[11:50:23] : REQUEST MEAS. ON
[11:50:23] : REQUEST MEAS. OFF
[11:50:23] : REQUEST MEAS. ON
[11:50:23] : REQUEST MEAS. OFF
[11:50:23] : REQUEST MEAS. ON
[11:50:23] : REQUEST MEAS. OFF
[11:50:23] : REQUEST MEAS. ON
[11:50:23] : REQUEST MEAS. OFF
[11:50:23] : REQUEST MEAS. ON
[11:50:23] : REQUEST MEAS. OFF
[11:50:23] : REQUEST MEAS. ON
[11:50:23] : REQUEST MEAS. OFF
[11:50:23] : REQUEST MEAS. ON
[11:50:23] : REQUEST MEAS. OFF
[11:50:23] : REQUEST MEAS. ON
[11:50:23] : REQUEST MEAS. OFF
[11:50:23] : REQUEST MEAS. ON
[11:50:23] : REQUEST MEAS. OFF
[11:50:23] : REQUEST MEAS. ON
[11:50:23] : REQUEST MEAS. OFF
[11:50:23] : REQUEST MEAS. ON
[11:50:23] : REQUEST MEAS. OFF
[11:50:23] : REQUEST MEAS. ON
[11:50:23] : REQUEST MEAS. OFF
[11:50:23] : REQUEST MEAS. ON
[11:50:23] : REQUEST MEAS. OFF
[11:50:23] : REQUEST MEAS. ON
[11:50:23] : REQUEST MEAS. OFF
[11:50:23] : REQUEST MEAS. ON
[11:50:23] : REQUEST MEAS. OFF
[11:50:23] : REQUEST MEAS. ON
[11:50:23] : REQUEST MEAS. OFF
[11:50:23] : REQUEST MEAS. ON
[11:50:23] : REQUEST MEAS. OFF
[11:50:23] : REQUEST MEAS. ON
[11:50:23] : REQUEST MEAS. OFF
[11:50:23] : REQUEST MEAS. ON
[11:50:23] : REQUEST MEAS. OFF
[11:50:23] : REQUEST MEAS. ON
[11:50:23] : REQUEST MEAS. OFF
[11:50:23] : REQUEST MEAS. ON
[11:50:23] : REQUEST MEAS. OFF
[11:50:23] : REQUEST MEAS. ON
[11:50:23] : REQUEST MEAS. OFF
[11:50:23] : REQUEST MEAS. ON
[11:50:23] : REQUEST MEAS. OFF
[11:50:23] : REQUEST MEAS. ON
[11:50:23] : REQUEST MEAS. OFF
[11:50:23] : REQUEST MEAS. ON
[11:50:23] : REQUEST MEAS. OFF
[11:50:23] : REQUEST MEAS. ON
[11:53:24] : REQUEST MEAS. OFF
[11:53:24] : REQUEST MEAS. ON
[11:56:22] : REQUEST MEAS. OFF
[12:02:03] : Cycle start ON
[12:02:03] : Cycle start OFF
[12:02:10] : REQUEST MEAS. ON
[12:02:14] : REQUEST MEAS. OFF
[12:09:26] : 측정요구 ON 2
[12:09:30] : 측정요구 2OFF
[12:09:35] : 측정요구3 ON
[12:09:39] : 측정요구3 OFF
[12:09:39] : 측정요구3 ON
[12:09:39] : 측정요구3 OFF
[12:09:39] : 측정요구4 ON
[12:09:44] : 측정요구4 OFF
[12:10:37] : REQUEST MEAS. ON
[12:10:42] : REQUEST MEAS. OFF
[12:10:42] : 측정요구 ON 2
[12:10:47] : 측정요구 2OFF
[12:10:51] : 측정요구3 ON
[12:10:55] : 측정요구3 OFF
[12:10:55] : 측정요구4 ON
[12:11:00] : 측정요구4 OFF
[12:11:01] : 측정요구4 ON
[12:11:01] : 측정요구4 OFF
[12:11:24] : REQUEST MEAS. ON
[12:11:29] : REQUEST MEAS. OFF
[12:11:29] : 측정요구 ON 2
[12:11:33] : 측정요구 2OFF
[12:11:33] : 측정요구 ON 2
[12:11:33] : 측정요구 2OFF
[12:11:38] : 측정요구3 ON
[12:11:42] : 측정요구3 OFF
[12:11:42] : 측정요구3 ON
[12:11:42] : 측정요구3 OFF
[12:11:42] : 측정요구4 ON
[12:11:47] : 측정요구4 OFF
[12:13:27] : REQUEST MEAS. ON
[12:13:32] : REQUEST MEAS. OFF
[12:13:32] : 측정요구 ON 2
[12:13:36] : 측정요구 2OFF
[12:13:41] : 측정요구3 ON
[12:13:45] : 측정요구3 OFF
[12:13:45] : 측정요구4 ON
[12:13:51] : 측정요구4 OFF
[12:13:51] : 측정요구4 ON
[12:13:51] : 측정요구4 OFF
[12:17:28] : REQUEST MEAS. ON
[12:17:32] : REQUEST MEAS. OFF
[12:17:32] : 측정요구 ON 2
[12:17:37] : 측정요구 2OFF
[12:17:42] : 측정요구3 ON
[12:17:46] : 측정요구3 OFF
[12:17:46] : 측정요구3 ON
[12:17:46] : 측정요구3 OFF
[12:17:46] : 측정요구4 ON
[12:17:51] : 측정요구4 OFF
[12:17:51] : 측정요구4 ON
[12:17:51] : 측정요구4 OFF
[12:20:40] : REQUEST MEAS. ON
[12:20:45] : REQUEST MEAS. OFF
[12:20:45] : 측정요구 ON 2
[12:20:50] : 측정요구 2OFF
[12:20:55] : 측정요구3 ON
[12:21:00] : 측정요구3 OFF
[12:21:00] : 측정요구4 ON
[12:21:04] : 측정요구4 OFF
[12:27:37] : REQUEST MEAS. ON
[12:27:41] : REQUEST MEAS. OFF
[12:27:41] : 측정요구 ON 2
[12:27:46] : 측정요구 2OFF
[12:27:51] : 측정요구3 ON
[12:27:56] : 측정요구3 OFF
[12:27:56] : 측정요구4 ON
[12:28:00] : 측정요구4 OFF
[12:28:07] : PROGRAM END
 
[12:32:25] : PROGRAM START
[12:32:28] : AUTO RUNNING OFF
[12:32:28] : REQUEST MEAS. OFF
[12:32:28] : REQUEST ZEROSET OFF
[12:32:28] : REQUEST ZEROSET OFF
[12:32:59] : REQUEST MEAS. ON
[12:33:04] : REQUEST MEAS. OFF
[12:33:04] : 측정요구 ON 2
[12:33:08] : 측정요구 2OFF
[12:33:08] : 측정요구 ON 2
[12:33:08] : 측정요구 2OFF
[12:33:13] : 측정요구3 ON
[12:33:17] : 측정요구3 OFF
[12:33:17] : 측정요구4 ON
[12:33:22] : 측정요구4 OFF
[12:33:22] : 측정요구4 ON
[12:33:22] : 측정요구4 OFF
[12:35:17] : REQUEST MEAS. ON
[12:35:22] : REQUEST MEAS. OFF
[12:35:22] : 측정요구 ON 2
[12:35:27] : 측정요구 2OFF
[12:35:27] : 측정요구 ON 2
[12:35:27] : 측정요구 2OFF
[12:35:32] : 측정요구3 ON
[12:35:36] : 측정요구3 OFF
[12:35:36] : 측정요구4 ON
[12:35:41] : 측정요구4 OFF
[12:35:45] : PROGRAM END
 
[12:36:19] : PROGRAM START
[12:36:21] : AUTO RUNNING OFF
[12:36:21] : REQUEST MEAS. OFF
[12:36:21] : REQUEST ZEROSET OFF
[12:36:21] : REQUEST ZEROSET OFF
[12:36:36] : REQUEST MEAS. ON
[12:36:41] : REQUEST MEAS. OFF
[12:36:41] : 측정요구 ON 2
[12:36:45] : 측정요구 2OFF
[12:36:50] : 측정요구3 ON
[12:36:55] : 측정요구3 OFF
[12:36:55] : 측정요구4 ON
[12:36:59] : 측정요구4 OFF
[12:37:06] : PROGRAM END
 
[12:38:25] : PROGRAM START
[12:38:27] : AUTO RUNNING OFF
[12:38:27] : REQUEST MEAS. OFF
[12:38:27] : REQUEST ZEROSET OFF
[12:38:27] : REQUEST ZEROSET OFF
[12:38:41] : REQUEST MEAS. ON
[12:38:46] : REQUEST MEAS. OFF
[12:38:46] : 측정요구 ON 2
[12:38:50] : 측정요구 2OFF
[12:38:50] : 측정요구 ON 2
[12:38:50] : 측정요구 2OFF
[12:38:54] : 측정요구3 ON
[12:38:59] : 측정요구3 OFF
[12:38:59] : 측정요구4 ON
[12:39:04] : 측정요구4 OFF
[12:39:04] : 측정요구4 ON
[12:39:04] : 측정요구4 OFF
[12:40:01] : PROGRAM END
 
[12:41:07] : PROGRAM START
[12:41:09] : AUTO RUNNING OFF
[12:41:09] : REQUEST MEAS. OFF
[12:41:09] : REQUEST ZEROSET OFF
[12:41:09] : REQUEST ZEROSET OFF
[12:41:25] : REQUEST MEAS. ON
[12:41:30] : REQUEST MEAS. OFF
[12:41:30] : 측정요구 ON 2
[12:41:34] : 측정요구 2OFF
[12:41:34] : 측정요구 ON 2
[12:41:34] : 측정요구 2OFF
[12:41:39] : 측정요구3 ON
[12:41:43] : 측정요구3 OFF
[12:41:43] : 측정요구4 ON
[12:41:48] : 측정요구4 OFF
[12:43:18] : PROGRAM END
 
[12:44:17] : PROGRAM START
[12:44:19] : AUTO RUNNING OFF
[12:44:19] : REQUEST MEAS. OFF
[12:44:19] : REQUEST ZEROSET OFF
[12:44:19] : REQUEST ZEROSET OFF
[12:44:33] : REQUEST MEAS. ON
[12:44:38] : REQUEST MEAS. OFF
[12:44:38] : 측정요구 ON 2
[12:44:43] : 측정요구 2OFF
[12:44:48] : 측정요구3 ON
[12:44:53] : 측정요구3 OFF
[12:44:53] : 측정요구4 ON
[12:44:57] : 측정요구4 OFF
[12:44:57] : 측정요구4 ON
[12:44:57] : 측정요구4 OFF
[12:51:59] : REQUEST MEAS. ON
[12:52:04] : REQUEST MEAS. OFF
[12:52:04] : 측정요구 ON 2
[12:52:09] : 측정요구 2OFF
[12:52:13] : 측정요구3 ON
[12:52:18] : 측정요구3 OFF
[12:52:18] : 측정요구4 ON
[12:52:22] : 측정요구4 OFF
[12:52:22] : 측정요구4 ON
[12:52:22] : 측정요구4 OFF
[13:02:30] : REQUEST MEAS. ON
[13:02:35] : REQUEST MEAS. OFF
[13:02:35] : 측정요구 ON 2
[13:02:39] : 측정요구 2OFF
[13:02:39] : 측정요구 ON 2
[13:02:39] : 측정요구 2OFF
[13:02:44] : 측정요구3 ON
[13:02:48] : 측정요구3 OFF
[13:02:48] : 측정요구4 ON
[13:02:53] : 측정요구4 OFF
[13:02:53] : 측정요구4 ON
[13:02:53] : 측정요구4 OFF
[13:05:34] : REQUEST MEAS. ON
[13:05:38] : REQUEST MEAS. OFF
[13:05:39] : 측정요구 ON 2
[13:05:43] : 측정요구 2OFF
[13:05:48] : 측정요구3 ON
[13:05:52] : 측정요구3 OFF
[13:05:52] : 측정요구4 ON
[13:05:57] : 측정요구4 OFF
[13:06:20] : REQUEST MEAS. ON
[13:06:24] : REQUEST MEAS. OFF
[13:06:25] : 측정요구 ON 2
[13:06:30] : 측정요구 2OFF
[13:06:33] : 측정요구3 ON
[13:06:38] : 측정요구3 OFF
[13:06:38] : 측정요구4 ON
[13:06:44] : 측정요구4 OFF
[13:07:13] : REQUEST MEAS. ON
[13:07:18] : REQUEST MEAS. OFF
[13:07:18] : 측정요구 ON 2
[13:07:23] : 측정요구 2OFF
[13:07:27] : 측정요구3 ON
[13:07:31] : 측정요구3 OFF
[13:07:31] : 측정요구4 ON
[13:07:36] : 측정요구4 OFF
[13:08:35] : REQUEST MEAS. ON
[13:08:40] : REQUEST MEAS. OFF
[13:08:40] : 측정요구 ON 2
[13:08:45] : 측정요구 2OFF
[13:08:50] : 측정요구3 ON
[13:08:54] : 측정요구3 OFF
[13:08:54] : 측정요구4 ON
[13:09:00] : 측정요구4 OFF
[13:09:25] : REQUEST MEAS. ON
[13:09:29] : REQUEST MEAS. OFF
[13:09:29] : 측정요구 ON 2
[13:09:34] : 측정요구 2OFF
[13:09:39] : 측정요구3 ON
[13:09:43] : 측정요구3 OFF
[13:09:43] : 측정요구4 ON
[13:09:48] : 측정요구4 OFF
[13:10:16] : REQUEST MEAS. ON
[13:10:21] : REQUEST MEAS. OFF
[13:10:21] : 측정요구 ON 2
[13:10:26] : 측정요구 2OFF
[13:10:31] : 측정요구3 ON
[13:10:35] : 측정요구3 OFF
[13:10:35] : 측정요구4 ON
[13:10:39] : 측정요구4 OFF
[13:11:01] : REQUEST MEAS. ON
[13:11:05] : REQUEST MEAS. OFF
[13:11:06] : 측정요구 ON 2
[13:11:11] : 측정요구 2OFF
[13:11:16] : 측정요구3 ON
[13:11:20] : 측정요구3 OFF
[13:11:20] : 측정요구4 ON
[13:11:25] : 측정요구4 OFF
[13:11:44] : REQUEST MEAS. ON
[13:11:48] : REQUEST MEAS. OFF
[13:11:48] : 측정요구 ON 2
[13:11:54] : 측정요구 2OFF
[13:11:58] : 측정요구3 ON
[13:12:02] : 측정요구3 OFF
[13:12:02] : 측정요구4 ON
[13:12:08] : 측정요구4 OFF
[13:12:59] : REQUEST MEAS. ON
[13:13:04] : REQUEST MEAS. OFF
[13:13:04] : 측정요구 ON 2
[13:13:10] : 측정요구 2OFF
[13:13:14] : 측정요구3 ON
[13:13:18] : 측정요구3 OFF
[13:13:18] : 측정요구4 ON
[13:13:23] : 측정요구4 OFF
[13:14:30] : REQUEST MEAS. ON
[13:14:35] : REQUEST MEAS. OFF
[13:14:35] : 측정요구 ON 2
[13:14:39] : 측정요구 2OFF
[13:14:44] : 측정요구3 ON
[13:14:48] : 측정요구3 OFF
[13:14:48] : 측정요구4 ON
[13:14:53] : 측정요구4 OFF
[13:15:19] : REQUEST MEAS. ON
[13:15:24] : REQUEST MEAS. OFF
[13:15:24] : 측정요구 ON 2
[13:15:29] : 측정요구 2OFF
[13:15:33] : 측정요구3 ON
[13:15:37] : 측정요구3 OFF
[13:15:37] : 측정요구4 ON
[13:15:43] : 측정요구4 OFF
[13:23:51] : REQUEST MEAS. ON
[13:23:56] : REQUEST MEAS. OFF
[13:23:56] : 측정요구 ON 2
[13:24:02] : 측정요구 2OFF
[13:24:06] : 측정요구3 ON
[13:24:10] : 측정요구3 OFF
[13:24:10] : 측정요구4 ON
[13:24:16] : 측정요구4 OFF
[13:44:20] : REQUEST MEAS. ON
[13:44:25] : REQUEST MEAS. OFF
[13:44:25] : 측정요구 ON 2
[13:44:29] : 측정요구 2OFF
[13:44:34] : 측정요구3 ON
[13:44:38] : 측정요구3 OFF
[13:44:38] : 측정요구4 ON
[13:44:43] : 측정요구4 OFF
[13:45:45] : PROGRAM END
 
[13:46:56] : PROGRAM START
[13:46:58] : AUTO RUNNING OFF
[13:46:58] : REQUEST MEAS. OFF
[13:46:58] : REQUEST ZEROSET OFF
[13:46:58] : REQUEST ZEROSET OFF
[13:47:12] : REQUEST MEAS. ON
[13:47:17] : REQUEST MEAS. OFF
[13:47:17] : 측정요구 ON 2
[13:47:21] : 측정요구 2OFF
[13:47:26] : 측정요구3 ON
[13:47:30] : 측정요구3 OFF
[13:47:30] : 측정요구4 ON
[13:47:36] : 측정요구4 OFF
[13:48:58] : REQUEST MEAS. ON
[13:49:03] : REQUEST MEAS. OFF
[13:49:03] : 측정요구 ON 2
[13:49:08] : 측정요구 2OFF
[13:49:12] : 측정요구3 ON
[13:49:16] : 측정요구3 OFF
[13:49:16] : 측정요구4 ON
[13:49:22] : 측정요구4 OFF
[13:49:39] : REQUEST MEAS. ON
[13:49:44] : REQUEST MEAS. OFF
[13:49:44] : 측정요구 ON 2
[13:49:49] : 측정요구 2OFF
[13:49:54] : 측정요구3 ON
[13:49:58] : 측정요구3 OFF
[13:49:58] : 측정요구4 ON
[13:50:03] : 측정요구4 OFF
[13:50:50] : PROGRAM END
 
[13:55:18] : PROGRAM START
[13:55:20] : AUTO RUNNING OFF
[13:55:20] : REQUEST MEAS. OFF
[13:55:20] : REQUEST ZEROSET OFF
[13:55:20] : REQUEST ZEROSET OFF
[13:55:26] : Cycle start ON
[13:55:26] : Cycle start OFF
[13:55:31] : REQUEST MEAS. ON
[13:55:35] : REQUEST MEAS. OFF
[13:55:36] : 측정요구 ON 2
[13:55:41] : 측정요구 2OFF
[13:55:45] : 측정요구3 ON
[13:55:49] : 측정요구3 OFF
[13:55:49] : 측정요구4 ON
[13:55:55] : 측정요구4 OFF
[13:56:03] : Cycle start ON
[13:56:03] : Cycle start OFF
[13:56:08] : REQUEST MEAS. ON
[13:56:13] : REQUEST MEAS. OFF
[13:56:13] : 측정요구 ON 2
[13:56:18] : 측정요구 2OFF
[13:56:21] : 측정요구3 ON
[13:56:26] : 측정요구3 OFF
[13:56:26] : 측정요구4 ON
[13:56:32] : 측정요구4 OFF
[13:58:09] : PROGRAM END
 
[14:03:45] : PROGRAM START
[14:03:47] : AUTO RUNNING OFF
[14:03:47] : REQUEST MEAS. OFF
[14:03:47] : REQUEST ZEROSET OFF
[14:03:47] : REQUEST ZEROSET OFF
[14:03:59] : PROGRAM END
 
[14:05:37] : PROGRAM START
[14:05:39] : AUTO RUNNING OFF
[14:05:39] : REQUEST MEAS. OFF
[14:05:39] : REQUEST ZEROSET OFF
[14:05:39] : REQUEST ZEROSET OFF
[14:05:46] : Cycle start ON
[14:05:47] : Cycle start OFF
[14:05:51] : REQUEST MEAS. ON
[14:05:56] : REQUEST MEAS. OFF
[14:05:56] : 측정요구 ON 2
[14:06:01] : 측정요구 2OFF
[14:06:05] : 측정요구3 ON
[14:06:09] : 측정요구3 OFF
[14:06:09] : 측정요구4 ON
[14:06:15] : 측정요구4 OFF
[14:06:42] : PROGRAM END
 
[14:07:33] : PROGRAM START
[14:07:36] : AUTO RUNNING OFF
[14:07:36] : REQUEST MEAS. OFF
[14:07:36] : REQUEST ZEROSET OFF
[14:07:36] : REQUEST ZEROSET OFF
[14:07:42] : Cycle start ON
[14:07:43] : Cycle start OFF
[14:07:47] : REQUEST MEAS. ON
[14:07:52] : REQUEST MEAS. OFF
[14:07:52] : 측정요구 ON 2
[14:07:58] : 측정요구 2OFF
[14:08:02] : 측정요구3 ON
[14:08:06] : 측정요구3 OFF
[14:08:06] : 측정요구4 ON
[14:08:12] : 측정요구4 OFF
[14:08:59] : PROGRAM END
 
[14:11:05] : PROGRAM START
[14:11:08] : AUTO RUNNING OFF
[14:11:08] : REQUEST MEAS. OFF
[14:11:08] : REQUEST ZEROSET OFF
[14:11:08] : REQUEST ZEROSET OFF
[14:11:11] : Cycle start ON
[14:11:12] : Cycle start OFF
[14:11:16] : REQUEST MEAS. ON
[14:11:21] : REQUEST MEAS. OFF
[14:11:21] : 측정요구 ON 2
[14:11:27] : 측정요구 2OFF
[14:11:31] : 측정요구3 ON
[14:11:35] : 측정요구3 OFF
[14:11:35] : 측정요구4 ON
[14:11:40] : 측정요구4 OFF
[14:13:23] : PROGRAM END
 
[14:15:25] : PROGRAM START
[14:15:27] : AUTO RUNNING OFF
[14:15:27] : REQUEST MEAS. OFF
[14:15:27] : REQUEST ZEROSET OFF
[14:15:27] : REQUEST ZEROSET OFF
[14:15:34] : Cycle start ON
[14:15:35] : Cycle start OFF
[14:15:39] : REQUEST MEAS. ON
[14:15:44] : REQUEST MEAS. OFF
[14:15:44] : 측정요구 ON 2
[14:15:50] : 측정요구 2OFF
[14:15:54] : 측정요구3 ON
[14:15:58] : 측정요구3 OFF
[14:15:58] : 측정요구4 ON
[14:16:04] : 측정요구4 OFF
[14:16:14] : PROGRAM END
 
[14:18:07] : PROGRAM START
[14:18:09] : AUTO RUNNING OFF
[14:18:09] : REQUEST MEAS. OFF
[14:18:09] : REQUEST ZEROSET OFF
[14:18:09] : REQUEST ZEROSET OFF
[14:18:18] : Cycle start ON
[14:18:19] : Cycle start OFF
[14:18:23] : REQUEST MEAS. ON
[14:18:28] : REQUEST MEAS. OFF
[14:18:28] : 측정요구 ON 2
[14:18:34] : 측정요구 2OFF
[14:18:38] : 측정요구3 ON
[14:18:42] : 측정요구3 OFF
[14:18:42] : 측정요구4 ON
[14:18:48] : 측정요구4 OFF
[14:20:09] : Cycle start ON
[14:20:09] : Cycle start OFF
[14:20:14] : REQUEST MEAS. ON
[14:20:18] : REQUEST MEAS. OFF
[14:20:19] : 측정요구 ON 2
[14:20:24] : 측정요구 2OFF
[14:20:28] : 측정요구3 ON
[14:20:32] : 측정요구3 OFF
[14:20:32] : 측정요구4 ON
[14:20:38] : 측정요구4 OFF
[14:24:37] : PROGRAM END
 
[14:27:43] : PROGRAM START
[14:27:45] : AUTO RUNNING OFF
[14:27:45] : REQUEST MEAS. OFF
[14:27:45] : REQUEST ZEROSET OFF
[14:27:45] : REQUEST ZEROSET OFF
[14:28:10] : PROGRAM END
 
[14:28:42] : PROGRAM START
[14:28:45] : AUTO RUNNING OFF
[14:28:45] : REQUEST MEAS. OFF
[14:28:45] : REQUEST ZEROSET OFF
[14:28:45] : REQUEST ZEROSET OFF
[14:28:59] : Cycle start ON
[14:28:59] : Cycle start OFF
[14:29:04] : REQUEST MEAS. ON
[14:30:17] : REQUEST MEAS. OFF
[14:30:17] : 측정요구 ON 2
[14:30:22] : 측정요구 2OFF
[14:30:26] : 측정요구3 ON
[14:30:31] : 측정요구3 OFF
[14:30:31] : 측정요구4 ON
[14:30:36] : 측정요구4 OFF
[14:30:44] : Cycle start ON
[14:30:45] : Cycle start OFF
[14:30:50] : REQUEST MEAS. ON
[14:30:54] : REQUEST MEAS. OFF
[14:30:54] : 측정요구 ON 2
[14:30:59] : 측정요구 2OFF
[14:31:02] : 측정요구3 ON
[14:31:07] : 측정요구3 OFF
[14:31:07] : 측정요구4 ON
[14:31:13] : 측정요구4 OFF
[14:31:44] : Cycle start ON
[14:31:45] : Cycle start OFF
[14:31:49] : REQUEST MEAS. ON
[14:31:54] : REQUEST MEAS. OFF
[14:31:54] : 측정요구 ON 2
[14:32:00] : 측정요구 2OFF
[14:32:03] : 측정요구3 ON
[14:32:08] : 측정요구3 OFF
[14:32:08] : 측정요구4 ON
[14:32:13] : 측정요구4 OFF
[14:38:56] : PROGRAM END
 
[14:39:25] : PROGRAM START
[14:39:27] : AUTO RUNNING OFF
[14:39:27] : REQUEST MEAS. OFF
[14:39:27] : REQUEST ZEROSET OFF
[14:39:27] : REQUEST ZEROSET OFF
[15:00:34] : Cycle start ON
[15:00:35] : Cycle start OFF
[15:00:40] : REQUEST MEAS. ON
[15:00:44] : REQUEST MEAS. OFF
[15:00:44] : 측정요구 ON 2
[15:00:49] : 측정요구 2OFF
[15:00:54] : 측정요구3 ON
[15:00:58] : 측정요구3 OFF
[15:00:58] : 측정요구4 ON
[15:01:03] : 측정요구4 OFF
[15:01:07] : Cycle start ON
[15:01:08] : Cycle start OFF
[15:01:12] : REQUEST MEAS. ON
[15:01:17] : REQUEST MEAS. OFF
[15:01:17] : 측정요구 ON 2
[15:01:23] : 측정요구 2OFF
[15:01:26] : 측정요구3 ON
[15:01:31] : 측정요구3 OFF
[15:01:31] : 측정요구4 ON
[15:01:36] : 측정요구4 OFF
[16:04:53] : Cycle start ON
[16:04:53] : Cycle start OFF
[16:04:58] : REQUEST MEAS. ON
[16:05:03] : REQUEST MEAS. OFF
[16:05:03] : 측정요구 ON 2
[16:05:07] : 측정요구 2OFF
[16:05:11] : 측정요구3 ON
[16:05:16] : 측정요구3 OFF
[16:05:16] : 측정요구4 ON
[16:05:21] : 측정요구4 OFF
[16:07:07] : PROGRAM END
 
[16:19:55] : PROGRAM START
[16:19:57] : AUTO RUNNING OFF
[16:19:57] : REQUEST MEAS. OFF
[16:19:57] : REQUEST ZEROSET OFF
[16:19:57] : REQUEST ZEROSET OFF
[16:20:02] : Cycle start ON
[16:20:02] : Cycle start OFF
[16:20:07] : REQUEST MEAS. ON
[16:20:12] : REQUEST MEAS. OFF
[16:20:12] : 측정요구 ON 2
[16:20:17] : 측정요구 2OFF
[16:20:20] : 측정요구3 ON
[16:20:25] : 측정요구3 OFF
[16:20:25] : 측정요구4 ON
[16:20:31] : 측정요구4 OFF
[16:20:46] : PROGRAM END
 
[18:22:05] : PROGRAM START
[18:22:08] : AUTO RUNNING OFF
[18:22:08] : REQUEST MEAS. OFF
[18:22:08] : REQUEST ZEROSET OFF
[18:22:08] : REQUEST ZEROSET OFF
[18:22:16] : Cycle start ON
[18:22:16] : Cycle start OFF
[18:22:21] : REQUEST MEAS. ON
[18:22:26] : REQUEST MEAS. OFF
[18:22:26] : 측정요구 ON 2
[18:22:32] : 측정요구 2OFF
[18:22:35] : 측정요구3 ON
[18:22:40] : 측정요구3 OFF
[18:22:40] : 측정요구4 ON
[18:22:45] : 측정요구4 OFF
[18:22:55] : Cycle start ON
[18:22:56] : Cycle start OFF
[18:23:00] : REQUEST MEAS. ON
[18:23:05] : REQUEST MEAS. OFF
[18:23:05] : 측정요구 ON 2
[18:23:11] : 측정요구 2OFF
[18:23:14] : 측정요구3 ON
[18:23:19] : 측정요구3 OFF
[18:23:19] : 측정요구4 ON
[18:23:25] : 측정요구4 OFF
 
