[10:22:42] : MEAS ESC ON
[10:22:42] : AUTO RUNNING ON
[10:22:56] : MEAS ESC OFF
[10:22:56] : AUTO RUNNING OFF
[10:28:04] : MEAS ESC ON
[10:28:04] : AUTO RUNNING ON
[10:28:38] : Cycle start ON
[10:28:41] : Cycle start OFF
[10:29:10] : REQUEST MEAS. ON
[10:29:19] : REQUEST MEAS. OFF
[10:29:20] : 측정요구 ON 2
[10:29:29] : 측정요구 2OFF
[10:29:33] : 측정요구3 ON
[10:29:42] : 측정요구3 OFF
[10:29:43] : 측정요구4 ON
[10:29:52] : 측정요구4 OFF
[10:29:52] : 12,20181116-102952,CF18100853461,CF 18082410023,OK,MAX,2, ,0.50,7.00,4.35,OK,0.50,7.00,2.68,OK,0.50,7.00,1.28,OK,0.50,7.00,1.52,OK,
[10:30:09] : Cycle start ON
[10:30:11] : Cycle start OFF
[10:30:41] : REQUEST MEAS. ON
[10:30:49] : REQUEST MEAS. OFF
[10:30:51] : 측정요구 ON 2
[10:31:00] : 측정요구 2OFF
[10:31:03] : 측정요구3 ON
[10:31:12] : 측정요구3 OFF
[10:31:13] : 측정요구4 ON
[10:31:22] : 측정요구4 OFF
[10:31:22] : 12,20181116-103123,CF18100853171,,NG,MAX,2, ,0.50,7.00,4.25,OK,0.50,7.00,4.50,OK,0.50,7.00,16.18,NG,0.50,7.00,1.48,OK,
[10:31:43] : Cycle start ON
[10:31:46] : Cycle start OFF
[10:32:11] : REQUEST MEAS. ON
[10:32:19] : REQUEST MEAS. OFF
[10:32:21] : 측정요구 ON 2
[10:32:30] : 측정요구 2OFF
[10:32:33] : 측정요구3 ON
[10:32:42] : 측정요구3 OFF
[10:32:43] : 측정요구4 ON
[10:32:52] : 측정요구4 OFF
[10:32:52] : 12,20181116-103253,CF18100852401,,OK,MAX,2, ,0.50,7.00,3.68,OK,0.50,7.00,4.62,OK,0.50,7.00,1.76,OK,0.50,7.00,1.44,OK,
[10:36:06] : Cycle start ON
[10:36:07] : Cycle start OFF
[10:36:07] : Cycle start ON
[10:36:08] : Cycle start OFF
[10:36:31] : MEAS ESC OFF
[10:36:31] : AUTO RUNNING OFF
 
[16:14:43] : MEAS ESC ON
[16:14:43] : AUTO RUNNING ON
[16:15:29] : MEAS ESC OFF
[16:15:29] : AUTO RUNNING OFF
[16:15:57] : MEAS ESC ON
[16:15:57] : AUTO RUNNING ON
[16:18:37] : REQUEST MEAS. ON
[16:18:46] : REQUEST MEAS. OFF
[16:18:48] : 측정요구 ON 2
[16:18:57] : 측정요구 2OFF
[16:19:00] : 측정요구3 ON
[16:19:09] : 측정요구3 OFF
[16:19:10] : 측정요구4 ON
[16:19:19] : 측정요구4 OFF
[16:19:19] : 12,20181116-161920,CF18100853021,,OK,MAX,2, ,0.50,7.00,3.11,OK,0.50,7.00,4.24,OK,0.50,7.00,1.26,OK,0.50,7.00,1.27,OK,
[16:19:39] : Cycle start ON
[16:19:42] : Cycle start OFF
[16:20:11] : REQUEST MEAS. ON
[16:20:20] : REQUEST MEAS. OFF
[16:20:21] : 측정요구 ON 2
[16:20:30] : 측정요구 2OFF
[16:20:33] : 측정요구3 ON
[16:20:42] : 측정요구3 OFF
[16:20:44] : 측정요구4 ON
[16:20:53] : 측정요구4 OFF
[16:20:55] : TCP FAIL 1
[16:21:10] : Cycle start ON
[16:21:12] : Cycle start OFF
[16:21:41] : REQUEST MEAS. ON
[16:21:50] : REQUEST MEAS. OFF
[16:21:51] : 측정요구 ON 2
[16:22:00] : 측정요구 2OFF
[16:22:04] : 측정요구3 ON
[16:22:13] : 측정요구3 OFF
[16:22:14] : 측정요구4 ON
[16:22:23] : 측정요구4 OFF
[16:22:23] : 12,20181116-162223,CF18100853391,,OK,MAX,2, ,0.50,7.00,3.08,OK,0.50,7.00,5.06,OK,0.50,7.00,1.57,OK,0.50,7.00,1.64,OK,
[16:22:39] : Cycle start ON
[16:22:42] : Cycle start OFF
[16:23:12] : REQUEST MEAS. ON
[16:23:20] : REQUEST MEAS. OFF
[16:23:22] : 측정요구 ON 2
[16:23:31] : 측정요구 2OFF
[16:23:34] : 측정요구3 ON
[16:23:43] : 측정요구3 OFF
[16:23:44] : 측정요구4 ON
[16:23:53] : 측정요구4 OFF
[16:23:53] : 12,20181116-162354,CF18100851391,,OK,MAX,2, ,0.50,7.00,3.14,OK,0.50,7.00,4.38,OK,0.50,7.00,4.19,OK,0.50,7.00,1.21,OK,
[16:36:38] : Cycle start ON
[16:36:41] : Cycle start OFF
[16:37:10] : REQUEST MEAS. ON
[16:37:19] : REQUEST MEAS. OFF
[16:37:20] : 측정요구 ON 2
[16:37:29] : 측정요구 2OFF
[16:37:32] : 측정요구3 ON
[16:37:41] : 측정요구3 OFF
[16:37:43] : 측정요구4 ON
[16:37:52] : 측정요구4 OFF
[16:37:52] : 12,20181116-163752,CF18100851891,,OK,MAX,2, ,0.50,7.00,3.98,OK,0.50,7.00,3.93,OK,0.50,7.00,1.49,OK,0.50,7.00,1.70,OK,
[16:38:08] : Cycle start ON
[16:38:10] : Cycle start OFF
[16:38:39] : REQUEST MEAS. ON
[16:38:48] : REQUEST MEAS. OFF
[16:38:50] : 측정요구 ON 2
[16:38:59] : 측정요구 2OFF
[16:39:02] : 측정요구3 ON
[16:39:11] : 측정요구3 OFF
[16:39:13] : 측정요구4 ON
[16:39:22] : 측정요구4 OFF
[16:39:22] : 12,20181116-163922,CF18100851551,,OK,MAX,2, ,0.50,7.00,2.33,OK,0.50,7.00,4.03,OK,0.50,7.00,1.25,OK,0.50,7.00,1.80,OK,
[16:39:38] : Cycle start ON
[16:39:40] : Cycle start OFF
[16:40:09] : REQUEST MEAS. ON
[16:40:18] : REQUEST MEAS. OFF
[16:40:20] : 측정요구 ON 2
[16:40:29] : 측정요구 2OFF
[16:40:32] : 측정요구3 ON
[16:40:41] : 측정요구3 OFF
[16:40:43] : 측정요구4 ON
[16:40:52] : 측정요구4 OFF
[16:40:52] : 12,20181116-164052,CF18100853271,,OK,MAX,2, ,0.50,7.00,3.29,OK,0.50,7.00,4.20,OK,0.50,7.00,1.53,OK,0.50,7.00,1.55,OK,
[16:41:09] : Cycle start ON
[16:41:12] : Cycle start OFF
[16:41:40] : REQUEST MEAS. ON
[16:41:48] : REQUEST MEAS. OFF
[16:41:50] : 측정요구 ON 2
[16:41:59] : 측정요구 2OFF
[16:42:03] : 측정요구3 ON
[16:42:12] : 측정요구3 OFF
[16:42:13] : 측정요구4 ON
[16:42:22] : 측정요구4 OFF
[16:42:22] : 12,20181116-164222,CF18100851851,,OK,MAX,2, ,0.50,7.00,3.67,OK,0.50,7.00,4.51,OK,0.50,7.00,1.87,OK,0.50,7.00,1.38,OK,
[16:42:39] : Cycle start ON
[16:42:41] : Cycle start OFF
[16:43:10] : REQUEST MEAS. ON
[16:43:19] : REQUEST MEAS. OFF
[16:43:21] : 측정요구 ON 2
[16:43:30] : 측정요구 2OFF
[16:43:33] : 측정요구3 ON
[16:43:42] : 측정요구3 OFF
[16:43:43] : 측정요구4 ON
[16:43:52] : 측정요구4 OFF
[16:43:52] : 12,20181116-164353,CF18100850901,,OK,MAX,2, ,0.50,7.00,2.56,OK,0.50,7.00,3.70,OK,0.50,7.00,1.77,OK,0.50,7.00,1.99,OK,
[16:44:08] : Cycle start ON
[16:44:11] : Cycle start OFF
[16:44:40] : REQUEST MEAS. ON
[16:44:49] : REQUEST MEAS. OFF
[16:44:51] : 측정요구 ON 2
[16:45:00] : 측정요구 2OFF
[16:45:03] : 측정요구3 ON
[16:45:12] : 측정요구3 OFF
[16:45:13] : 측정요구4 ON
[16:45:22] : 측정요구4 OFF
[16:45:22] : 12,20181116-164523,CF18100852151,,OK,MAX,2, ,0.50,7.00,3.79,OK,0.50,7.00,4.40,OK,0.50,7.00,1.31,OK,0.50,7.00,1.85,OK,
[16:49:17] : Cycle start ON
[16:49:19] : Cycle start OFF
[16:49:42] : REQUEST MEAS. ON
[16:49:51] : REQUEST MEAS. OFF
[16:49:53] : 측정요구 ON 2
[16:50:02] : 측정요구 2OFF
[16:50:05] : 측정요구3 ON
[16:50:14] : 측정요구3 OFF
[16:50:15] : 측정요구4 ON
[16:50:24] : 측정요구4 OFF
[16:50:24] : 12,20181116-165025,CF18100853381,,OK,MAX,2, ,0.50,7.00,3.78,OK,0.50,7.00,4.26,OK,0.50,7.00,1.59,OK,0.50,7.00,1.14,OK,
[16:50:41] : Cycle start ON
[16:50:43] : Cycle start OFF
[16:51:13] : REQUEST MEAS. ON
[16:51:21] : REQUEST MEAS. OFF
[16:51:23] : 측정요구 ON 2
[16:51:32] : 측정요구 2OFF
[16:51:35] : 측정요구3 ON
[16:51:44] : 측정요구3 OFF
[16:51:46] : 측정요구4 ON
[16:54:16] : Plc Error Timer
[16:54:17] : MEAS ESC OFF
[16:54:17] : AUTO RUNNING OFF
[16:56:02] : MEAS ESC ON
[16:56:02] : AUTO RUNNING ON
[16:56:07] : 측정요구4 OFF
[16:56:48] : Cycle start ON
[16:56:50] : Cycle start OFF
[16:57:29] : MEAS ESC OFF
[16:57:29] : AUTO RUNNING OFF
[17:00:21] : MEAS ESC ON
[17:00:21] : AUTO RUNNING ON
[17:00:23] : REQUEST MEAS. ON
[17:00:32] : REQUEST MEAS. OFF
[17:00:33] : 측정요구 ON 2
[17:00:42] : 측정요구 2OFF
[17:00:46] : 측정요구3 ON
[17:02:06] : Plc Error Timer
[17:02:07] : MEAS ESC OFF
[17:02:07] : AUTO RUNNING OFF
[17:10:48] : MEAS ESC ON
[17:10:48] : AUTO RUNNING ON
[17:10:52] : 측정요구3 OFF
[17:10:54] : 측정요구4 ON
[17:11:03] : 측정요구4 OFF
[17:11:03] : 12,20181116-171103,,,OK,MAX,2, ,0.50,7.00,4.28,OK,0.50,7.00,5.26,OK,0.50,7.00,1.15,OK,0.50,7.00,1.49,OK,
[17:11:41] : MEAS ESC OFF
[17:11:41] : AUTO RUNNING OFF
[17:11:57] : MEAS ESC ON
[17:11:57] : AUTO RUNNING ON
[17:23:58] : Cycle start ON
[17:23:59] : Cycle start OFF
[17:23:59] : Cycle start ON
[17:24:00] : Cycle start OFF
[17:24:52] : REQUEST MEAS. ON
[17:25:01] : REQUEST MEAS. OFF
[17:25:03] : 측정요구 ON 2
[17:25:12] : 측정요구 2OFF
[17:25:15] : 측정요구3 ON
[17:25:24] : 측정요구3 OFF
[17:25:25] : 측정요구4 ON
[17:25:34] : 측정요구4 OFF
[17:25:34] : 12,20181116-172535,CF18100853301,,OK,MAX,2, ,0.50,7.00,3.09,OK,0.50,7.00,5.63,OK,0.50,7.00,1.59,OK,0.50,7.00,1.31,OK,
[17:25:50] : Cycle start ON
[17:25:53] : Cycle start OFF
[17:26:22] : REQUEST MEAS. ON
[17:26:31] : REQUEST MEAS. OFF
[17:26:33] : 측정요구 ON 2
[17:26:42] : 측정요구 2OFF
[17:26:45] : 측정요구3 ON
[17:26:54] : 측정요구3 OFF
[17:26:55] : 측정요구4 ON
[17:27:04] : 측정요구4 OFF
[17:27:04] : 12,20181116-172705,CF18100852291,,OK,MAX,2, ,0.50,7.00,3.90,OK,0.50,7.00,4.33,OK,0.50,7.00,2.24,OK,0.50,7.00,1.37,OK,
[17:28:15] : MEAS ESC OFF
[17:28:15] : AUTO RUNNING OFF
[17:28:58] : MEAS ESC ON
[17:28:58] : AUTO RUNNING ON
[17:29:18] : Cycle start ON
[17:29:20] : Cycle start OFF
[17:29:25] : REQUEST MEAS. ON
[17:29:34] : REQUEST MEAS. OFF
[17:29:36] : 측정요구 ON 2
[17:29:45] : 측정요구 2OFF
[17:29:48] : 측정요구3 ON
[17:29:57] : 측정요구3 OFF
[17:29:58] : 측정요구4 ON
[17:30:07] : 측정요구4 OFF
[17:30:07] : 12,20181116-173008,CF18100851091,CF 18082412183,OK,MAX,2, ,0.50,7.00,6.12,OK,0.50,7.00,5.71,OK,0.50,7.00,1.61,OK,0.50,7.00,2.98,OK,
[17:48:19] : Plc Error Timer
[17:48:20] : MEAS ESC OFF
[17:48:20] : AUTO RUNNING OFF
[18:03:25] : Plc Error Timer
[18:24:51] : Plc Error Timer
[18:27:40] : Plc Error Timer
[19:05:10] : MEAS ESC ON
[19:05:10] : AUTO RUNNING ON
[19:10:10] : Cycle start ON
[19:10:12] : Cycle start OFF
[19:10:18] : REQUEST MEAS. ON
[19:10:27] : REQUEST MEAS. OFF
[19:10:29] : 측정요구 ON 2
[19:10:38] : 측정요구 2OFF
[19:10:41] : 측정요구3 ON
[19:10:50] : 측정요구3 OFF
[19:10:51] : 측정요구4 ON
[19:11:00] : 측정요구4 OFF
[19:11:00] : 12,20181116-191101,CF18100851941,,OK,MAX,2, ,0.50,7.00,2.61,OK,0.50,7.00,3.48,OK,0.50,7.00,2.02,OK,0.50,7.00,1.57,OK,
[19:11:17] : Cycle start ON
[19:11:20] : Cycle start OFF
[19:11:48] : REQUEST MEAS. ON
[19:11:57] : REQUEST MEAS. OFF
[19:11:59] : 측정요구 ON 2
[19:12:08] : 측정요구 2OFF
[19:12:11] : 측정요구3 ON
[19:12:20] : 측정요구3 OFF
[19:12:21] : 측정요구4 ON
[19:12:30] : 측정요구4 OFF
[19:12:30] : 12,20181116-191231,CF18100853671,,OK,MAX,2, ,0.50,7.00,3.03,OK,0.50,7.00,4.27,OK,0.50,7.00,1.53,OK,0.50,7.00,1.85,OK,
[19:12:47] : Cycle start ON
[19:12:49] : Cycle start OFF
[19:13:18] : REQUEST MEAS. ON
[19:13:27] : REQUEST MEAS. OFF
[19:13:29] : 측정요구 ON 2
[19:13:38] : 측정요구 2OFF
[19:13:41] : 측정요구3 ON
[19:13:50] : 측정요구3 OFF
[19:13:52] : 측정요구4 ON
[19:14:01] : 측정요구4 OFF
[19:14:01] : 12,20181116-191401,CF18100853231,,OK,MAX,2, ,0.50,7.00,1.59,OK,0.50,7.00,4.38,OK,0.50,7.00,1.59,OK,0.50,7.00,1.34,OK,
[19:14:17] : Cycle start ON
[19:14:20] : Cycle start OFF
[19:14:48] : REQUEST MEAS. ON
[19:14:57] : REQUEST MEAS. OFF
[19:14:59] : 측정요구 ON 2
[19:15:08] : 측정요구 2OFF
[19:15:11] : 측정요구3 ON
[19:15:20] : 측정요구3 OFF
[19:15:22] : 측정요구4 ON
[19:15:31] : 측정요구4 OFF
[19:15:31] : 12,20181116-191531,CF18100853141,,OK,MAX,2, ,0.50,7.00,3.73,OK,0.50,7.00,4.30,OK,0.50,7.00,1.34,OK,0.50,7.00,2.07,OK,
[19:15:48] : Cycle start ON
[19:15:50] : Cycle start OFF
[19:16:19] : REQUEST MEAS. ON
[19:16:27] : REQUEST MEAS. OFF
[19:16:29] : 측정요구 ON 2
[19:16:38] : 측정요구 2OFF
[19:16:41] : 측정요구3 ON
[19:16:50] : 측정요구3 OFF
[19:16:52] : 측정요구4 ON
[19:17:01] : 측정요구4 OFF
[19:17:01] : 12,20181116-191701,CF18100852001,,OK,MAX,2, ,0.50,7.00,3.31,OK,0.50,7.00,4.50,OK,0.50,7.00,1.55,OK,0.50,7.00,1.63,OK,
[19:17:16] : Cycle start ON
[19:17:18] : Cycle start OFF
[19:17:48] : REQUEST MEAS. ON
[19:17:57] : REQUEST MEAS. OFF
[19:17:59] : 측정요구 ON 2
[19:18:08] : 측정요구 2OFF
[19:18:12] : 측정요구3 ON
[19:18:21] : 측정요구3 OFF
[19:18:22] : 측정요구4 ON
[19:18:31] : 측정요구4 OFF
[19:18:31] : 12,20181116-191831,CF18100852611,,OK,MAX,2, ,0.50,7.00,3.62,OK,0.50,7.00,3.33,OK,0.50,7.00,1.52,OK,0.50,7.00,1.17,OK,
[19:18:48] : Cycle start ON
[19:18:51] : Cycle start OFF
[19:19:20] : REQUEST MEAS. ON
[19:19:28] : REQUEST MEAS. OFF
[19:19:30] : 측정요구 ON 2
[19:19:39] : 측정요구 2OFF
[19:19:42] : 측정요구3 ON
[19:19:51] : 측정요구3 OFF
[19:19:52] : 측정요구4 ON
[19:20:01] : 측정요구4 OFF
[19:20:01] : 12,20181116-192002,CF18100852031,,OK,MAX,2, ,0.50,7.00,3.34,OK,0.50,7.00,4.14,OK,0.50,7.00,2.16,OK,0.50,7.00,1.46,OK,
[19:20:18] : Cycle start ON
[19:20:21] : Cycle start OFF
[19:20:50] : REQUEST MEAS. ON
[19:20:58] : REQUEST MEAS. OFF
[19:21:00] : 측정요구 ON 2
[19:21:09] : 측정요구 2OFF
[19:21:12] : 측정요구3 ON
[19:21:21] : 측정요구3 OFF
[19:21:23] : 측정요구4 ON
[19:21:32] : 측정요구4 OFF
[19:21:32] : 12,20181116-192132,CF18100853071,,OK,MAX,2, ,0.50,7.00,2.05,OK,0.50,7.00,3.19,OK,0.50,7.00,1.31,OK,0.50,7.00,1.20,OK,
[19:21:48] : Cycle start ON
[19:21:51] : Cycle start OFF
[19:22:20] : REQUEST MEAS. ON
[19:22:28] : REQUEST MEAS. OFF
[19:22:30] : 측정요구 ON 2
[19:22:39] : 측정요구 2OFF
[19:22:42] : 측정요구3 ON
[19:22:51] : 측정요구3 OFF
[19:22:53] : 측정요구4 ON
[19:23:02] : 측정요구4 OFF
[19:23:02] : 12,20181116-192302,CF18100851721,,OK,MAX,2, ,0.50,7.00,2.99,OK,0.50,7.00,4.39,OK,0.50,7.00,1.02,OK,0.50,7.00,1.82,OK,
[19:35:59] : MEAS ESC OFF
[19:35:59] : AUTO RUNNING OFF
[19:39:49] : MEAS ESC ON
[19:39:49] : AUTO RUNNING ON
[20:04:09] : MEAS ESC OFF
[20:04:09] : AUTO RUNNING OFF
 
