[07:59:23] : MEAS ESC ON
[09:21:07] : MEAS ESC OFF
[09:39:54] : MEAS ESC ON
[09:39:54] : MEAS ESC OFF
[09:39:54] : AUTO RUNNING ON
[09:41:35] : Cycle start ON
[09:41:37] : Cycle start OFF
[09:41:43] : REQUEST MEAS. ON
[09:41:52] : REQUEST MEAS. OFF
[09:41:52] : end pos sig1 : 50.000000, 50.000000
[09:41:52] : 측정요구 ON 2
[09:42:01] : 측정요구 2OFF
[09:42:01] : end pos sig2 : -50.000000, -50.000000
[09:42:05] : 측정요구3 ON
[09:42:14] : 측정요구3 OFF
[09:42:14] : end pos sig3 : 50.000000, 50.000000
[09:42:14] : 측정요구4 ON
[09:42:24] : 측정요구4 OFF
[09:42:24] : end pos sig4 : -50.000000, -50.000000
[09:42:24] : 12,20181217-094224,AL18121450596,,OK,MAX,2, ,AUTO,0.50,7.00,2.28,OK,0.50,7.00,1.30,OK,0.50,7.00,2.10,OK,0.50,7.00,1.70,OK,
[09:55:34] : Cycle start ON
[09:55:35] : Cycle start OFF
[09:55:42] : REQUEST MEAS. ON
[09:55:51] : REQUEST MEAS. OFF
[09:55:51] : end pos sig1 : 50.000000, 50.000000
[09:55:51] : 측정요구 ON 2
[09:56:01] : 측정요구 2OFF
[09:56:01] : end pos sig2 : -50.000000, -50.000000
[09:56:04] : 측정요구3 ON
[09:56:13] : 측정요구3 OFF
[09:56:13] : end pos sig3 : 50.000000, 50.000000
[09:56:13] : 측정요구4 ON
[09:56:23] : 측정요구4 OFF
[09:56:23] : end pos sig4 : -50.000000, -50.000000
[09:56:23] : 12,20181217-095624,AL18121450676,,OK,MAX,2, ,AUTO,0.50,7.00,3.16,OK,0.50,7.00,1.29,OK,0.50,7.00,3.11,OK,0.50,7.00,1.23,OK,
[09:56:36] : AUTO RUNNING OFF
[10:05:09] : MEAS ESC ON
[10:05:10] : MEAS ESC OFF
[10:05:10] : AUTO RUNNING ON
[10:05:47] : Cycle start ON
[10:05:49] : Cycle start OFF
[10:05:55] : REQUEST MEAS. ON
[10:06:04] : REQUEST MEAS. OFF
[10:06:04] : end pos sig1 : 50.000000, 50.000000
[10:06:05] : 측정요구 ON 2
[10:06:14] : 측정요구 2OFF
[10:06:14] : end pos sig2 : -50.000000, -50.000000
[10:06:18] : 측정요구3 ON
[10:06:27] : MEAS ESC ON
[10:06:27] : AUTO RUNNING OFF
[10:06:27] : 측정요구3 OFF
[10:06:27] : end pos sig3 : 50.000000, 50.000000
[10:06:59] : MEAS ESC OFF
[10:07:22] : MEAS ESC ON
[10:07:25] : MEAS ESC OFF
[10:07:25] : AUTO RUNNING ON
[10:07:25] : 측정요구3 ON
[10:07:26] : 측정요구3 OFF
[10:07:26] : end pos sig3 : 50.000000, 50.000000
[10:07:26] : 측정요구4 ON
[10:07:35] : 측정요구4 OFF
[10:07:35] : end pos sig4 : -50.000000, -50.000000
[10:07:35] : 12,20181217-100735,AL18121450666,,NG,MAX,2, ,AUTO,0.50,7.00,2.98,OK,0.50,7.00,1.24,NG,0.50,7.00,2.05,OK,0.50,7.00,1.52,NG,
[10:08:01] : Cycle start ON
[10:08:03] : Cycle start OFF
[10:08:09] : REQUEST MEAS. ON
[10:08:19] : REQUEST MEAS. OFF
[10:08:19] : end pos sig1 : 50.000000, 50.000000
[10:08:19] : 측정요구 ON 2
[10:08:29] : 측정요구 2OFF
[10:08:29] : end pos sig2 : -50.000000, -50.000000
[10:08:32] : 측정요구3 ON
[10:08:41] : 측정요구3 OFF
[10:08:41] : end pos sig3 : 50.000000, 50.000000
[10:08:41] : 측정요구4 ON
[10:08:51] : 측정요구4 OFF
[10:08:51] : end pos sig4 : -50.000000, -50.000000
[10:08:51] : 12,20181217-100851,AL18121450896,,OK,MAX,2, ,AUTO,0.50,7.00,2.10,OK,0.50,7.00,1.35,OK,0.50,7.00,2.85,OK,0.50,7.00,1.10,OK,
[10:09:17] : Cycle start ON
[10:09:18] : Cycle start OFF
[10:09:25] : REQUEST MEAS. ON
[10:09:34] : REQUEST MEAS. OFF
[10:09:34] : end pos sig1 : 50.000000, 50.000000
[10:09:34] : 측정요구 ON 2
[10:09:44] : 측정요구 2OFF
[10:09:44] : end pos sig2 : -50.000000, -50.000000
[10:09:47] : 측정요구3 ON
[10:09:56] : 측정요구3 OFF
[10:09:56] : end pos sig3 : 50.000000, 50.000000
[10:09:56] : 측정요구4 ON
[10:10:06] : 측정요구4 OFF
[10:10:06] : end pos sig4 : -50.000000, -50.000000
[10:10:06] : 12,20181217-101007,AL18121450966,,OK,MAX,2, ,AUTO,0.50,7.00,2.53,OK,0.50,7.00,1.71,OK,0.50,7.00,2.47,OK,0.50,7.00,1.20,OK,
[10:12:02] : Cycle start ON
[10:12:04] : Cycle start OFF
[10:12:10] : REQUEST MEAS. ON
[10:12:20] : REQUEST MEAS. OFF
[10:12:20] : end pos sig1 : 50.000000, 50.000000
[10:12:20] : 측정요구 ON 2
[10:12:29] : 측정요구 2OFF
[10:12:29] : end pos sig2 : -50.000000, -50.000000
[10:12:32] : 측정요구3 ON
[10:12:41] : 측정요구3 OFF
[10:12:41] : end pos sig3 : 50.000000, 50.000000
[10:12:41] : 측정요구4 ON
[10:12:51] : 측정요구4 OFF
[10:12:51] : end pos sig4 : -50.000000, -50.000000
[10:12:51] : 12,20181217-101252,AL18121450686,,OK,MAX,2, ,AUTO,0.50,7.00,2.20,OK,0.50,7.00,1.00,OK,0.50,7.00,1.58,OK,0.50,7.00,2.47,OK,
[10:15:33] : Cycle start ON
[10:15:35] : Cycle start OFF
[10:15:42] : REQUEST MEAS. ON
[10:15:51] : REQUEST MEAS. OFF
[10:15:51] : end pos sig1 : 50.000000, 50.000000
[10:15:51] : 측정요구 ON 2
[10:16:00] : 측정요구 2OFF
[10:16:00] : end pos sig2 : -50.000000, -50.000000
[10:16:04] : 측정요구3 ON
[10:16:13] : 측정요구3 OFF
[10:16:13] : end pos sig3 : 50.000000, 50.000000
[10:16:13] : 측정요구4 ON
[10:16:23] : 측정요구4 OFF
[10:16:23] : end pos sig4 : -50.000000, -50.000000
[10:16:23] : 12,20181217-101623,AL18121450936,,OK,MAX,2, ,AUTO,0.50,7.00,2.32,OK,0.50,7.00,1.39,OK,0.50,7.00,1.58,OK,0.50,7.00,1.17,OK,
[10:16:39] : Cycle start ON
[10:16:41] : Cycle start OFF
[10:16:48] : REQUEST MEAS. ON
[10:16:57] : REQUEST MEAS. OFF
[10:16:57] : end pos sig1 : 50.000000, 50.000000
[10:16:57] : 측정요구 ON 2
[10:17:07] : 측정요구 2OFF
[10:17:07] : end pos sig2 : -50.000000, -50.000000
[10:17:10] : 측정요구3 ON
[10:17:19] : 측정요구3 OFF
[10:17:19] : end pos sig3 : 50.000000, 50.000000
[10:17:19] : 측정요구4 ON
[10:17:29] : 측정요구4 OFF
[10:17:29] : end pos sig4 : -50.000000, -50.000000
[10:17:29] : 12,20181217-101729,AL18121450976,,OK,MAX,2, ,AUTO,0.50,7.00,2.05,OK,0.50,7.00,2.08,OK,0.50,7.00,1.87,OK,0.50,7.00,1.06,OK,
[10:18:03] : Cycle start ON
[10:18:05] : Cycle start OFF
[10:18:11] : REQUEST MEAS. ON
[10:18:20] : REQUEST MEAS. OFF
[10:18:20] : end pos sig1 : 50.000000, 50.000000
[10:18:20] : 측정요구 ON 2
[10:18:30] : 측정요구 2OFF
[10:18:30] : end pos sig2 : -50.000000, -50.000000
[10:18:34] : 측정요구3 ON
[10:18:43] : 측정요구3 OFF
[10:18:43] : end pos sig3 : 50.000000, 50.000000
[10:18:43] : 측정요구4 ON
[10:18:53] : 측정요구4 OFF
[10:18:53] : end pos sig4 : -50.000000, -50.000000
[10:18:53] : 12,20181217-101853,AL18121450406,,OK,MAX,2, ,AUTO,0.50,7.00,1.57,OK,0.50,7.00,1.74,OK,0.50,7.00,1.66,OK,0.50,7.00,1.11,OK,
[10:19:09] : Cycle start ON
[10:19:11] : Cycle start OFF
[10:19:17] : REQUEST MEAS. ON
[10:19:26] : REQUEST MEAS. OFF
[10:19:26] : end pos sig1 : 50.000000, 50.000000
[10:19:26] : 측정요구 ON 2
[10:19:36] : 측정요구 2OFF
[10:19:36] : end pos sig2 : -50.000000, -50.000000
[10:19:40] : 측정요구3 ON
[10:19:49] : 측정요구3 OFF
[10:19:49] : end pos sig3 : 50.000000, 50.000000
[10:19:49] : 측정요구4 ON
[10:19:58] : 측정요구4 OFF
[10:19:58] : end pos sig4 : -50.000000, -50.000000
[10:19:58] : 12,20181217-101959,AL18121450986,,OK,MAX,2, ,AUTO,0.50,7.00,2.13,OK,0.50,7.00,3.16,OK,0.50,7.00,1.17,OK,0.50,7.00,1.08,OK,
[10:20:15] : Cycle start ON
[10:20:17] : Cycle start OFF
[10:20:23] : REQUEST MEAS. ON
[10:20:33] : REQUEST MEAS. OFF
[10:20:33] : end pos sig1 : 50.000000, 50.000000
[10:20:33] : 측정요구 ON 2
[10:20:42] : 측정요구 2OFF
[10:20:42] : end pos sig2 : -50.000000, -50.000000
[10:20:46] : 측정요구3 ON
[10:20:55] : 측정요구3 OFF
[10:20:55] : end pos sig3 : 50.000000, 50.000000
[10:20:55] : 측정요구4 ON
[10:21:04] : 측정요구4 OFF
[10:21:04] : end pos sig4 : -50.000000, -50.000000
[10:21:04] : 12,20181217-102105,AL18121450416,,OK,MAX,2, ,AUTO,0.50,7.00,2.26,OK,0.50,7.00,1.46,OK,0.50,7.00,1.86,OK,0.50,7.00,1.29,OK,
[10:22:40] : Cycle start ON
[10:22:42] : Cycle start OFF
[10:22:49] : REQUEST MEAS. ON
[10:22:58] : REQUEST MEAS. OFF
[10:22:58] : end pos sig1 : 50.000000, 50.000000
[10:22:58] : 측정요구 ON 2
[10:23:07] : 측정요구 2OFF
[10:23:07] : end pos sig2 : -50.000000, -50.000000
[10:23:11] : 측정요구3 ON
[10:23:20] : 측정요구3 OFF
[10:23:20] : end pos sig3 : 50.000000, 50.000000
[10:23:20] : 측정요구4 ON
[10:23:30] : 측정요구4 OFF
[10:23:30] : end pos sig4 : -50.000000, -50.000000
[10:23:30] : 12,20181217-102330,AL18121450876,,OK,MAX,2, ,AUTO,0.50,7.00,3.04,OK,0.50,7.00,3.26,OK,0.50,7.00,2.10,OK,0.50,7.00,0.76,OK,
[10:23:47] : Cycle start ON
[10:23:48] : Cycle start OFF
[10:23:55] : REQUEST MEAS. ON
[10:24:04] : REQUEST MEAS. OFF
[10:24:04] : end pos sig1 : 50.000000, 50.000000
[10:24:04] : 측정요구 ON 2
[10:24:14] : 측정요구 2OFF
[10:24:14] : end pos sig2 : -50.000000, -50.000000
[10:24:17] : 측정요구3 ON
[10:24:26] : 측정요구3 OFF
[10:24:26] : end pos sig3 : 50.000000, 50.000000
[10:24:26] : 측정요구4 ON
[10:24:36] : 측정요구4 OFF
[10:24:36] : end pos sig4 : -50.000000, -50.000000
[10:24:36] : 12,20181217-102437,AL18121450816,,OK,MAX,2, ,AUTO,0.50,7.00,2.59,OK,0.50,7.00,1.24,OK,0.50,7.00,1.24,OK,0.50,7.00,1.34,OK,
[10:24:53] : Cycle start ON
[10:24:55] : Cycle start OFF
[10:25:02] : REQUEST MEAS. ON
[10:25:11] : REQUEST MEAS. OFF
[10:25:11] : end pos sig1 : 50.000000, 50.000000
[10:25:11] : 측정요구 ON 2
[10:25:20] : 측정요구 2OFF
[10:25:20] : end pos sig2 : -50.000000, -50.000000
[10:25:24] : 측정요구3 ON
[10:25:33] : 측정요구3 OFF
[10:25:33] : end pos sig3 : 50.000000, 50.000000
[10:25:33] : 측정요구4 ON
[10:25:42] : 측정요구4 OFF
[10:25:42] : end pos sig4 : -50.000000, -50.000000
[10:25:42] : 12,20181217-102543,AL18121450826,,OK,MAX,2, ,AUTO,0.50,7.00,2.13,OK,0.50,7.00,1.15,OK,0.50,7.00,2.14,OK,0.50,7.00,2.84,OK,
[10:35:17] : AUTO RUNNING OFF
[11:29:36] : MEAS ESC ON
[11:29:37] : MEAS ESC OFF
[11:29:37] : AUTO RUNNING ON
[11:31:11] : Cycle start ON
[11:31:13] : Cycle start OFF
[11:31:20] : REQUEST MEAS. ON
[11:31:29] : REQUEST MEAS. OFF
[11:31:29] : end pos sig1 : 50.000000, 50.000000
[11:31:29] : 측정요구 ON 2
[11:31:38] : 측정요구 2OFF
[11:31:38] : end pos sig2 : -50.000000, -50.000000
[11:31:42] : 측정요구3 ON
[11:31:51] : 측정요구3 OFF
[11:31:51] : end pos sig3 : 50.000000, 50.000000
[11:31:51] : 측정요구4 ON
[11:32:01] : 측정요구4 OFF
[11:32:01] : end pos sig4 : -50.000000, -50.000000
[11:32:01] : 12,20181217-113201,AL18121450876,,OK,MAX,2, ,AUTO,0.50,7.00,2.22,OK,0.50,7.00,1.51,OK,0.50,7.00,2.08,OK,0.50,7.00,0.81,OK,
[11:32:18] : Cycle start ON
[11:32:20] : Cycle start OFF
[11:32:27] : REQUEST MEAS. ON
[11:32:36] : REQUEST MEAS. OFF
[11:32:36] : end pos sig1 : 50.000000, 50.000000
[11:32:36] : 측정요구 ON 2
[11:32:45] : 측정요구 2OFF
[11:32:45] : end pos sig2 : -50.000000, -50.000000
[11:32:49] : 측정요구3 ON
[11:32:58] : 측정요구3 OFF
[11:32:58] : end pos sig3 : 50.000000, 50.000000
[11:32:58] : 측정요구4 ON
[11:33:08] : 측정요구4 OFF
[11:33:08] : end pos sig4 : -50.000000, -50.000000
[11:33:08] : 12,20181217-113308,AL18121450686,,OK,MAX,2, ,AUTO,0.50,7.00,2.70,OK,0.50,7.00,3.23,OK,0.50,7.00,1.31,OK,0.50,7.00,2.08,OK,
[11:33:29] : Cycle start ON
[11:33:31] : Cycle start OFF
[11:33:37] : REQUEST MEAS. ON
[11:33:46] : REQUEST MEAS. OFF
[11:33:46] : end pos sig1 : 50.000000, 50.000000
[11:33:46] : 측정요구 ON 2
[11:33:56] : 측정요구 2OFF
[11:33:56] : end pos sig2 : -50.000000, -50.000000
[11:33:59] : 측정요구3 ON
[11:34:08] : 측정요구3 OFF
[11:34:08] : end pos sig3 : 50.000000, 50.000000
[11:34:08] : 측정요구4 ON
[11:34:18] : 측정요구4 OFF
[11:34:18] : end pos sig4 : -50.000000, -50.000000
[11:34:18] : 12,20181217-113419,AL18121450966,,OK,MAX,2, ,AUTO,0.50,7.00,1.49,OK,0.50,7.00,1.57,OK,0.50,7.00,2.29,OK,0.50,7.00,0.91,OK,
[11:34:35] : Cycle start ON
[11:34:37] : Cycle start OFF
[11:34:44] : REQUEST MEAS. ON
[11:34:53] : REQUEST MEAS. OFF
[11:34:53] : end pos sig1 : 50.000000, 50.000000
[11:34:53] : 측정요구 ON 2
[11:35:02] : 측정요구 2OFF
[11:35:02] : end pos sig2 : -50.000000, -50.000000
[11:35:06] : 측정요구3 ON
[11:35:15] : 측정요구3 OFF
[11:35:15] : end pos sig3 : 50.000000, 50.000000
[11:35:15] : 측정요구4 ON
[11:35:25] : 측정요구4 OFF
[11:35:25] : end pos sig4 : -50.000000, -50.000000
[11:35:25] : 12,20181217-113525,AL18121450396,,OK,MAX,2, ,AUTO,0.50,7.00,2.03,OK,0.50,7.00,0.85,OK,0.50,7.00,2.16,OK,0.50,7.00,3.11,OK,
[11:35:41] : Cycle start ON
[11:35:43] : Cycle start OFF
[11:35:50] : REQUEST MEAS. ON
[11:35:59] : REQUEST MEAS. OFF
[11:35:59] : end pos sig1 : 50.000000, 50.000000
[11:35:59] : 측정요구 ON 2
[11:36:09] : 측정요구 2OFF
[11:36:09] : end pos sig2 : -50.000000, -50.000000
[11:36:13] : 측정요구3 ON
[11:36:22] : 측정요구3 OFF
[11:36:22] : end pos sig3 : 50.000000, 50.000000
[11:36:22] : 측정요구4 ON
[11:36:31] : 측정요구4 OFF
[11:36:31] : end pos sig4 : -50.000000, -50.000000
[11:36:31] : 12,20181217-113632,AL18121450976,,OK,MAX,2, ,AUTO,0.50,7.00,2.23,OK,0.50,7.00,1.27,OK,0.50,7.00,1.70,OK,0.50,7.00,0.84,OK,
[11:36:48] : Cycle start ON
[11:36:50] : Cycle start OFF
[11:36:56] : REQUEST MEAS. ON
[11:37:05] : REQUEST MEAS. OFF
[11:37:05] : end pos sig1 : 50.000000, 50.000000
[11:37:05] : 측정요구 ON 2
[11:37:15] : 측정요구 2OFF
[11:37:15] : end pos sig2 : -50.000000, -50.000000
[11:37:18] : 측정요구3 ON
[11:37:27] : 측정요구3 OFF
[11:37:27] : end pos sig3 : 50.000000, 50.000000
[11:37:27] : 측정요구4 ON
[11:37:37] : 측정요구4 OFF
[11:37:37] : end pos sig4 : -51.470000, -50.000000
[11:37:37] : 12,20181217-113737,AL18121450826,,OK,MAX,2, ,AUTO,0.50,7.00,1.78,OK,0.50,7.00,1.78,OK,0.50,7.00,1.93,OK,0.50,7.00,2.61,OK,
 
[11:59:10] : AUTO RUNNING OFF
[11:59:12] : MEAS ESC ON
[11:59:12] : MEAS ESC OFF
[11:59:12] : AUTO RUNNING ON
[13:15:40] : Cycle start ON
[13:15:42] : Cycle start OFF
[13:15:49] : REQUEST MEAS. ON
[13:15:58] : REQUEST MEAS. OFF
[13:15:58] : end pos sig1 : 50.000000, 50.000000
[13:15:58] : 측정요구 ON 2
[13:16:07] : 측정요구 2OFF
[13:16:07] : end pos sig2 : -50.000000, -50.000000
[13:16:10] : 측정요구3 ON
[13:16:19] : 측정요구3 OFF
[13:16:19] : end pos sig3 : 50.000000, 50.000000
[13:16:19] : 측정요구4 ON
[13:16:29] : 측정요구4 OFF
[13:16:29] : end pos sig4 : -50.000000, -50.000000
[13:16:29] : 12,20181217-131629,AL18121450596,,OK,MAX,2, ,AUTO,0.50,7.00,2.31,OK,0.50,7.00,1.69,OK,0.50,7.00,1.86,OK,0.50,7.00,1.47,OK,
[13:16:48] : Cycle start ON
[13:16:50] : Cycle start OFF
[13:16:56] : REQUEST MEAS. ON
[13:17:05] : REQUEST MEAS. OFF
[13:17:05] : end pos sig1 : 50.000000, 50.000000
[13:17:05] : 측정요구 ON 2
[13:17:14] : 측정요구 2OFF
[13:17:14] : end pos sig2 : -50.000000, -50.000000
[13:17:18] : 측정요구3 ON
[13:17:27] : 측정요구3 OFF
[13:17:27] : end pos sig3 : 50.000000, 50.000000
[13:17:27] : 측정요구4 ON
[13:17:36] : 측정요구4 OFF
[13:17:36] : end pos sig4 : -50.000000, -50.000000
[13:17:36] : 12,20181217-131737,AL18121450896,,OK,MAX,2, ,AUTO,0.50,7.00,3.00,OK,0.50,7.00,1.11,OK,0.50,7.00,2.59,OK,0.50,7.00,1.07,OK,
[13:17:53] : Cycle start ON
[13:17:55] : Cycle start OFF
[13:18:02] : REQUEST MEAS. ON
[13:18:11] : REQUEST MEAS. OFF
[13:18:11] : end pos sig1 : 50.000000, 50.000000
[13:18:11] : 측정요구 ON 2
[13:18:20] : 측정요구 2OFF
[13:18:20] : end pos sig2 : -50.000000, -50.000000
[13:18:24] : 측정요구3 ON
[13:18:33] : 측정요구3 OFF
[13:18:33] : end pos sig3 : 50.000000, 50.000000
[13:18:33] : 측정요구4 ON
[13:18:42] : 측정요구4 OFF
[13:18:42] : end pos sig4 : -50.000000, -50.000000
[13:18:42] : 12,20181217-131843,AL18121450986,,OK,MAX,2, ,AUTO,0.50,7.00,2.21,OK,0.50,7.00,1.21,OK,0.50,7.00,0.88,OK,0.50,7.00,0.77,OK,
[13:18:59] : Cycle start ON
[13:19:01] : Cycle start OFF
[13:19:08] : REQUEST MEAS. ON
[13:19:17] : REQUEST MEAS. OFF
[13:19:17] : end pos sig1 : 50.000000, 50.000000
[13:19:17] : 측정요구 ON 2
[13:19:27] : 측정요구 2OFF
[13:19:27] : end pos sig2 : -50.000000, -50.000000
[13:19:30] : 측정요구3 ON
[13:19:39] : 측정요구3 OFF
[13:19:39] : end pos sig3 : 50.000000, 50.000000
[13:19:39] : 측정요구4 ON
[13:19:49] : 측정요구4 OFF
[13:19:49] : end pos sig4 : -50.000000, -50.000000
[13:19:49] : 12,20181217-131949,AL18121450936,,OK,MAX,2, ,AUTO,0.50,7.00,2.34,OK,0.50,7.00,1.13,OK,0.50,7.00,1.28,OK,0.50,7.00,0.72,OK,
[13:20:06] : Cycle start ON
[13:20:08] : Cycle start OFF
[13:20:14] : REQUEST MEAS. ON
[13:20:23] : REQUEST MEAS. OFF
[13:20:23] : end pos sig1 : 50.000000, 50.000000
[13:20:23] : 측정요구 ON 2
[13:20:33] : 측정요구 2OFF
[13:20:33] : end pos sig2 : -50.000000, -50.000000
[13:20:36] : 측정요구3 ON
[13:20:45] : 측정요구3 OFF
[13:20:45] : end pos sig3 : 50.000000, 50.000000
[13:20:45] : 측정요구4 ON
[13:20:55] : 측정요구4 OFF
[13:20:55] : end pos sig4 : -50.000000, -50.000000
[13:20:55] : 12,20181217-132056,AL18121450816,,OK,MAX,2, ,AUTO,0.50,7.00,1.91,OK,0.50,7.00,3.06,OK,0.50,7.00,1.05,OK,0.50,7.00,1.10,OK,
[13:21:17] : AUTO RUNNING OFF
[13:22:06] : MEAS ESC ON
[13:22:07] : MEAS ESC OFF
[13:22:07] : AUTO RUNNING ON
[13:22:32] : Cycle start ON
[13:22:34] : Cycle start OFF
[13:22:40] : REQUEST MEAS. ON
[13:22:49] : REQUEST MEAS. OFF
[13:22:49] : end pos sig1 : 50.000000, 50.000000
[13:22:49] : 측정요구 ON 2
[13:22:58] : 측정요구 2OFF
[13:22:58] : end pos sig2 : -50.000000, -50.000000
[13:23:02] : 측정요구3 ON
[13:23:11] : 측정요구3 OFF
[13:23:11] : end pos sig3 : 50.000000, 50.000000
[13:23:11] : 측정요구4 ON
[13:23:20] : 측정요구4 OFF
[13:23:20] : end pos sig4 : -50.000000, -50.000000
[13:23:20] : 12,20181217-132321,AL18121450686,,OK,MAX,2, ,AUTO,0.50,7.00,1.64,OK,0.50,7.00,1.74,OK,0.50,7.00,1.34,OK,0.50,7.00,2.09,OK,
[13:30:07] : AUTO RUNNING OFF
[14:40:21] : MEAS ESC ON
[14:40:22] : MEAS ESC OFF
[14:40:22] : AUTO RUNNING ON
[14:40:29] : AUTO RUNNING OFF
[14:45:21] : MEAS ESC ON
[14:46:49] : MEAS ESC OFF
[14:46:49] : AUTO RUNNING ON
[14:47:31] : Cycle start ON
[14:47:33] : Cycle start OFF
[14:47:40] : REQUEST MEAS. ON
[14:47:49] : REQUEST MEAS. OFF
[14:47:49] : end pos sig1 : 50.000000, 50.000000
[14:47:49] : 측정요구 ON 2
[14:47:59] : 측정요구 2OFF
[14:47:59] : end pos sig2 : -50.000000, -50.000000
[14:48:02] : 측정요구3 ON
[14:48:11] : 측정요구3 OFF
[14:48:11] : end pos sig3 : 50.000000, 50.000000
[14:48:11] : 측정요구4 ON
[14:48:21] : 측정요구4 OFF
[14:48:21] : end pos sig4 : -50.000000, -50.000000
[14:48:21] : 12,20181217-144821,AL18121450826,,OK,MAX,2, ,AUTO,0.50,7.00,1.42,OK,0.50,7.00,1.29,OK,0.50,7.00,1.84,OK,0.50,7.00,2.41,OK,
[14:48:39] : Cycle start ON
[14:48:41] : Cycle start OFF
[14:48:47] : REQUEST MEAS. ON
[14:48:56] : REQUEST MEAS. OFF
[14:48:56] : end pos sig1 : 50.000000, 50.000000
[14:48:56] : 측정요구 ON 2
[14:49:06] : 측정요구 2OFF
[14:49:06] : end pos sig2 : -50.000000, -50.000000
[14:49:09] : 측정요구3 ON
[14:49:18] : 측정요구3 OFF
[14:49:18] : end pos sig3 : 50.000000, 50.000000
[14:49:18] : 측정요구4 ON
[14:49:28] : 측정요구4 OFF
[14:49:28] : end pos sig4 : -50.000000, -50.000000
[14:49:28] : 12,20181217-144928,AL18121450816,,OK,MAX,2, ,AUTO,0.50,7.00,1.56,OK,0.50,7.00,1.75,OK,0.50,7.00,1.12,OK,0.50,7.00,1.07,OK,
[14:49:48] : Cycle start ON
[14:49:50] : Cycle start OFF
[14:49:57] : REQUEST MEAS. ON
[14:50:06] : REQUEST MEAS. OFF
[14:50:06] : end pos sig1 : 50.000000, 50.000000
[14:50:06] : 측정요구 ON 2
[14:50:16] : 측정요구 2OFF
[14:50:16] : end pos sig2 : -50.000000, -50.000000
[14:50:19] : 측정요구3 ON
[14:50:28] : 측정요구3 OFF
[14:50:28] : end pos sig3 : 50.000000, 50.000000
[14:50:28] : 측정요구4 ON
[14:50:38] : 측정요구4 OFF
[14:50:38] : end pos sig4 : -50.000000, -50.000000
[14:50:38] : 12,20181217-145039,AL18121450966,,OK,MAX,2, ,AUTO,0.50,7.00,2.15,OK,0.50,7.00,1.55,OK,0.50,7.00,2.17,OK,0.50,7.00,0.87,OK,
[14:50:57] : Cycle start ON
[14:50:59] : Cycle start OFF
[14:51:06] : REQUEST MEAS. ON
[14:51:15] : REQUEST MEAS. OFF
[14:51:15] : end pos sig1 : 50.000000, 50.000000
[14:51:15] : 측정요구 ON 2
[14:51:24] : 측정요구 2OFF
[14:51:24] : end pos sig2 : -50.000000, -50.000000
[14:51:28] : 측정요구3 ON
[14:51:37] : 측정요구3 OFF
[14:51:37] : end pos sig3 : 50.000000, 50.000000
[14:51:37] : 측정요구4 ON
[14:51:47] : 측정요구4 OFF
[14:51:47] : end pos sig4 : -50.000000, -50.000000
[14:51:47] : 12,20181217-145147,AL18121450596,,OK,MAX,2, ,AUTO,0.50,7.00,2.92,OK,0.50,7.00,1.03,OK,0.50,7.00,1.74,OK,0.50,7.00,1.27,OK,
[14:52:06] : Cycle start ON
[14:52:08] : Cycle start OFF
[14:52:14] : REQUEST MEAS. ON
[14:52:23] : REQUEST MEAS. OFF
[14:52:23] : end pos sig1 : 50.000000, 50.000000
[14:52:23] : 측정요구 ON 2
[14:52:33] : 측정요구 2OFF
[14:52:33] : end pos sig2 : -50.000000, -50.000000
[14:52:36] : 측정요구3 ON
[14:52:45] : 측정요구3 OFF
[14:52:45] : end pos sig3 : 50.000000, 50.000000
[14:52:45] : 측정요구4 ON
[14:52:55] : 측정요구4 OFF
[14:52:55] : end pos sig4 : -50.000000, -50.000000
[14:52:55] : 12,20181217-145256,AL18121450896,,OK,MAX,2, ,AUTO,0.50,7.00,1.93,OK,0.50,7.00,0.93,OK,0.50,7.00,2.45,OK,0.50,7.00,0.99,OK,
[14:55:04] : Cycle start ON
[14:55:06] : Cycle start OFF
[14:55:13] : REQUEST MEAS. ON
[14:55:22] : REQUEST MEAS. OFF
[14:55:22] : end pos sig1 : 50.000000, 50.000000
[14:55:22] : 측정요구 ON 2
[14:55:31] : 측정요구 2OFF
[14:55:31] : end pos sig2 : -50.000000, -50.000000
[14:55:35] : 측정요구3 ON
[14:55:44] : 측정요구3 OFF
[14:55:44] : end pos sig3 : 50.000000, 50.000000
[14:55:44] : 측정요구4 ON
[14:55:53] : 측정요구4 OFF
[14:55:53] : end pos sig4 : -50.000000, -50.000000
[14:55:53] : 12,20181217-145554,AL18121450906,,NG,MAX,2, ,AUTO,0.50,7.00,2.59,OK,0.50,7.00,0.63,NG,0.50,7.00,1.54,OK,0.50,7.00,0.84,OK,
[14:57:52] : Cycle start ON
[14:57:54] : Cycle start OFF
[14:58:00] : REQUEST MEAS. ON
[14:58:09] : REQUEST MEAS. OFF
[14:58:09] : end pos sig1 : 50.000000, 50.000000
[14:58:09] : 측정요구 ON 2
[14:58:19] : 측정요구 2OFF
[14:58:19] : end pos sig2 : -50.000000, -50.000000
[14:58:22] : 측정요구3 ON
[14:58:31] : 측정요구3 OFF
[14:58:31] : end pos sig3 : 50.000000, 50.000000
[14:58:31] : 측정요구4 ON
[14:58:41] : 측정요구4 OFF
[14:58:41] : end pos sig4 : -50.000000, -50.000000
[14:58:41] : 12,20181217-145842,AL18121450406,,OK,MAX,2, ,AUTO,0.50,7.00,2.19,OK,0.50,7.00,1.31,OK,0.50,7.00,1.44,OK,0.50,7.00,0.89,OK,
[15:00:36] : Cycle start ON
[15:00:38] : Cycle start OFF
[15:00:45] : REQUEST MEAS. ON
[15:00:54] : REQUEST MEAS. OFF
[15:00:54] : end pos sig1 : 50.000000, 50.000000
[15:00:54] : 측정요구 ON 2
[15:01:03] : 측정요구 2OFF
[15:01:03] : end pos sig2 : -50.000000, -50.000000
[15:01:07] : 측정요구3 ON
[15:01:16] : 측정요구3 OFF
[15:01:16] : end pos sig3 : 50.000000, 50.000000
[15:01:16] : 측정요구4 ON
[15:01:25] : 측정요구4 OFF
[15:01:25] : end pos sig4 : -50.000000, -50.000000
[15:01:25] : 12,20181217-150126,AL18121450416,,OK,MAX,2, ,AUTO,0.50,7.00,2.03,OK,0.50,7.00,1.29,OK,0.50,7.00,1.51,OK,0.50,7.00,0.92,OK,
[15:50:01] : AUTO RUNNING OFF
[18:44:14] : MEAS ESC ON
[18:44:15] : MEAS ESC OFF
[18:44:15] : AUTO RUNNING ON
[18:47:59] : AUTO RUNNING OFF
[19:49:46] : MEAS ESC ON
[19:49:48] : MEAS ESC OFF
[20:20:56] : MEAS ESC ON
[20:20:58] : MEAS ESC OFF
[20:26:00] : MEAS ESC ON
[20:26:03] : MEAS ESC OFF
[21:26:43] : MEAS ESC ON
[21:26:45] : MEAS ESC OFF
[21:48:03] : MEAS ESC ON
[21:48:08] : MEAS ESC OFF
 
