[08:53:20] : MEAS ESC ON
[08:53:20] : M3413 :	DOOR OPEN중 ON
[08:53:32] : MEAS ESC OFF
[08:53:32] : RESET ON
[08:53:32] : M3413 :	DOOR OPEN중 OFF
[08:54:44] : Cycle start ON
[08:54:47] : Cycle start OFF
[08:54:54] : REQUEST MEAS. ON
[08:54:57] : REQUEST MEAS. OFF
[09:04:43] : Cycle start ON
[09:04:46] : Cycle start OFF
[09:04:53] : REQUEST MEAS. ON
[09:04:56] : REQUEST MEAS. OFF
[09:44:10] : Cycle start ON
[09:44:13] : Cycle start OFF
[09:44:20] : REQUEST MEAS. ON
[09:44:23] : REQUEST MEAS. OFF
[09:45:58] : Cycle start ON
[09:46:01] : Cycle start OFF
[09:46:08] : REQUEST MEAS. ON
[09:46:11] : REQUEST MEAS. OFF
[09:46:55] : Cycle start ON
[09:46:57] : Cycle start OFF
[09:47:04] : REQUEST MEAS. ON
[09:47:07] : REQUEST MEAS. OFF
[09:47:47] : Cycle start ON
[09:47:50] : Cycle start OFF
[09:47:57] : REQUEST MEAS. ON
[09:48:00] : REQUEST MEAS. OFF
[09:49:03] : Cycle start ON
[09:49:06] : Cycle start OFF
[09:49:13] : REQUEST MEAS. ON
[09:49:16] : REQUEST MEAS. OFF
[09:56:34] : RESET ON
[09:56:35] : RESET ON
[09:57:02] : RESET ON
[09:59:03] : RESET ON
[09:59:06] : MEAS ESC ON
[09:59:06] : M3400 : 비상입니다. ON
[09:59:10] : MEAS ESC OFF
[09:59:10] : RESET ON
[09:59:10] : M3400 : 비상입니다. OFF
[10:01:01] : MEAS ESC ON
[10:01:01] : M3400 : 비상입니다. ON
[10:01:18] : MEAS ESC OFF
[10:01:18] : RESET ON
[10:01:18] : M3400 : 비상입니다. OFF
[10:02:02] : Cycle start ON
[10:02:04] : Cycle start OFF
[10:02:12] : REQUEST MEAS. ON
[10:02:15] : REQUEST MEAS. OFF
[10:10:26] : Cycle start ON
[10:10:28] : Cycle start OFF
[10:10:36] : REQUEST MEAS. ON
[10:10:39] : REQUEST MEAS. OFF
[10:12:27] : Cycle start ON
[10:12:29] : Cycle start OFF
[10:12:37] : REQUEST MEAS. ON
[10:12:39] : REQUEST MEAS. OFF
[10:16:53] : Cycle start ON
[10:16:56] : Cycle start OFF
[10:17:03] : REQUEST MEAS. ON
[10:17:06] : REQUEST MEAS. OFF
[10:21:08] : Cycle start ON
[10:21:11] : Cycle start OFF
[10:21:18] : REQUEST MEAS. ON
[10:21:21] : REQUEST MEAS. OFF
[10:22:37] : PROGRAM END
 
[10:26:43] : PROGRAM START
[10:26:46] : AUTO RUNNING OFF
[10:26:46] : REQUEST MEAS. OFF
[10:26:46] : REQUEST ZEROSET OFF
[10:26:46] : REQUEST ZEROSET OFF
[10:58:47] : Cycle start ON
[10:58:49] : Cycle start OFF
[10:58:57] : REQUEST MEAS. ON
[10:59:00] : REQUEST MEAS. OFF
[11:28:22] : Cycle start ON
[11:28:24] : Cycle start OFF
[11:28:31] : REQUEST ZEROSET ON
[11:28:34] : REQUEST ZEROSET OFF
[11:29:10] : Cycle start ON
[11:29:12] : Cycle start OFF
[11:29:19] : REQUEST ZEROSET ON
[11:29:22] : REQUEST ZEROSET OFF
[11:30:03] : Cycle start ON
[11:30:05] : Cycle start OFF
[11:30:12] : REQUEST ZEROSET ON
[11:30:15] : REQUEST ZEROSET OFF
[11:30:28] : Cycle start ON
[11:30:30] : Cycle start OFF
[11:30:38] : REQUEST MEAS. ON
[11:30:41] : REQUEST MEAS. OFF
[11:31:31] : Cycle start ON
[11:31:33] : Cycle start OFF
[11:31:41] : REQUEST MEAS. ON
[11:31:44] : REQUEST MEAS. OFF
[11:32:58] : Cycle start ON
[11:33:01] : Cycle start OFF
[11:33:08] : REQUEST MEAS. ON
[11:33:11] : REQUEST MEAS. OFF
[11:34:05] : Cycle start ON
[11:34:07] : Cycle start OFF
[11:34:15] : REQUEST MEAS. ON
[11:34:18] : REQUEST MEAS. OFF
[11:36:39] : MEAS ESC ON
[11:36:39] : M3417 :	마스터 이종 알람 ON
[11:36:53] : MEAS ESC OFF
[11:36:53] : RESET ON
[11:36:53] : M3417 :	마스터 이종 알람 OFF
[11:37:23] : Cycle start ON
[11:37:25] : Cycle start OFF
[11:37:29] : MEAS ESC ON
[11:37:29] : M3400 : 비상입니다. ON
[11:37:30] : MEAS ESC OFF
[11:37:30] : RESET ON
[11:37:30] : M3400 : 비상입니다. OFF
 
[11:52:07] : Cycle start ON
[11:52:08] : MEAS ESC ON
[11:52:08] : Cycle start OFF
[11:52:08] : M3417 :	마스터 이종 알람 ON
[11:52:37] : MEAS ESC OFF
[11:52:37] : RESET ON
[11:52:37] : M3417 :	마스터 이종 알람 OFF
[11:52:37] : MEAS ESC ON
[11:52:37] : M3417 :	마스터 이종 알람 ON
[11:52:38] : MEAS ESC OFF
[11:52:38] : RESET ON
[11:52:38] : M3417 :	마스터 이종 알람 OFF
[11:52:39] : MEAS ESC ON
[11:52:39] : M3417 :	마스터 이종 알람 ON
[11:53:22] : MEAS ESC OFF
[11:53:22] : RESET ON
[11:53:22] : M3417 :	마스터 이종 알람 OFF
[11:53:29] : Cycle start ON
[11:53:31] : Cycle start OFF
[11:53:38] : REQUEST ZEROSET ON
[11:53:41] : REQUEST ZEROSET OFF
[11:53:52] : Cycle start ON
[11:53:53] : Cycle start OFF
[11:54:01] : REQUEST ZEROSET ON
[11:54:04] : REQUEST ZEROSET OFF
[11:54:17] : Cycle start ON
[11:54:19] : Cycle start OFF
[11:54:27] : REQUEST MEAS. ON
[11:54:29] : REQUEST MEAS. OFF
[11:54:41] : Cycle start ON
[11:54:43] : Cycle start OFF
[11:54:50] : REQUEST ZEROSET ON
[11:54:53] : REQUEST ZEROSET OFF
[11:56:04] : Cycle start ON
[11:56:07] : Cycle start OFF
[11:56:14] : REQUEST MEAS. ON
[11:56:17] : REQUEST MEAS. OFF
[11:56:40] : Cycle start ON
[11:56:42] : Cycle start OFF
[11:56:50] : REQUEST MEAS. ON
[11:56:53] : REQUEST MEAS. OFF
[12:00:41] : MEAS ESC ON
[12:00:41] : M3417 :	마스터 이종 알람 ON
[12:24:51] : MEAS ESC OFF
[12:24:51] : RESET ON
[12:24:51] : M3417 :	마스터 이종 알람 OFF
[12:24:53] : Cycle start ON
[12:24:55] : Cycle start OFF
[12:25:03] : REQUEST MEAS. ON
[12:25:06] : REQUEST MEAS. OFF
[12:25:48] : Cycle start ON
[12:25:50] : Cycle start OFF
[12:25:57] : REQUEST MEAS. ON
[12:26:00] : REQUEST MEAS. OFF
[12:26:36] : Cycle start ON
[12:26:39] : Cycle start OFF
[12:26:46] : REQUEST MEAS. ON
[12:26:49] : REQUEST MEAS. OFF
[12:27:10] : Cycle start ON
[12:27:12] : Cycle start OFF
[12:27:20] : REQUEST MEAS. ON
[12:27:23] : REQUEST MEAS. OFF
[12:27:50] : Cycle start ON
[12:27:53] : Cycle start OFF
[12:28:00] : REQUEST MEAS. ON
[12:28:03] : REQUEST MEAS. OFF
[12:28:19] : Cycle start ON
[12:28:21] : Cycle start OFF
[12:28:29] : REQUEST MEAS. ON
[12:28:32] : REQUEST MEAS. OFF
[12:28:57] : Cycle start ON
[12:29:00] : Cycle start OFF
[12:29:00] : MEAS ESC ON
[12:29:00] : M3400 : 비상입니다. ON
[12:29:02] : MEAS ESC OFF
[12:29:02] : RESET ON
[12:29:02] : M3400 : 비상입니다. OFF
[12:29:23] : Cycle start ON
[12:29:26] : Cycle start OFF
[12:29:33] : REQUEST MEAS. ON
[12:29:36] : REQUEST MEAS. OFF
[12:30:12] : Cycle start ON
[12:30:15] : Cycle start OFF
[12:30:22] : REQUEST MEAS. ON
[12:30:25] : REQUEST MEAS. OFF
[12:30:51] : Cycle start ON
[12:30:54] : Cycle start OFF
[12:31:01] : REQUEST MEAS. ON
[12:31:04] : REQUEST MEAS. OFF
[12:31:26] : Cycle start ON
[12:31:29] : Cycle start OFF
[12:31:36] : REQUEST MEAS. ON
[12:31:39] : REQUEST MEAS. OFF
[12:32:02] : Cycle start ON
[12:32:05] : Cycle start OFF
[12:32:12] : REQUEST MEAS. ON
[12:32:15] : REQUEST MEAS. OFF
[12:32:28] : Cycle start ON
[12:32:30] : Cycle start OFF
[12:32:38] : REQUEST MEAS. ON
[12:32:41] : REQUEST MEAS. OFF
[12:32:58] : Cycle start ON
[12:33:01] : Cycle start OFF
[12:33:08] : REQUEST MEAS. ON
[12:33:11] : REQUEST MEAS. OFF
[12:33:23] : Cycle start ON
[12:33:25] : Cycle start OFF
[12:33:33] : REQUEST MEAS. ON
[12:33:36] : REQUEST MEAS. OFF
[12:33:46] : Cycle start ON
[12:33:49] : Cycle start OFF
[12:33:56] : REQUEST MEAS. ON
[12:33:59] : REQUEST MEAS. OFF
[12:34:10] : Cycle start ON
[12:34:13] : Cycle start OFF
[12:34:20] : REQUEST MEAS. ON
[12:34:23] : REQUEST MEAS. OFF
[12:34:34] : Cycle start ON
[12:34:37] : Cycle start OFF
[12:34:44] : REQUEST MEAS. ON
[12:34:47] : REQUEST MEAS. OFF
[12:34:59] : Cycle start ON
[12:35:01] : Cycle start OFF
[12:35:09] : REQUEST MEAS. ON
[12:35:12] : REQUEST MEAS. OFF
[12:35:21] : Cycle start ON
[12:35:24] : Cycle start OFF
[12:35:31] : REQUEST MEAS. ON
[12:35:34] : REQUEST MEAS. OFF
[12:35:44] : Cycle start ON
[12:35:47] : Cycle start OFF
[12:35:54] : REQUEST MEAS. ON
[12:35:57] : REQUEST MEAS. OFF
[13:04:05] : Cycle start ON
[13:04:07] : Cycle start OFF
[13:04:15] : REQUEST MEAS. ON
[13:04:17] : REQUEST MEAS. OFF
[13:05:14] : MEAS ESC ON
[13:05:14] : M3417 :	마스터 이종 알람 ON
[13:05:39] : MEAS ESC OFF
[13:05:39] : RESET ON
[13:05:39] : M3417 :	마스터 이종 알람 OFF
[14:58:53] : Cycle start ON
[14:58:55] : Cycle start OFF
[14:59:03] : REQUEST MEAS. ON
[14:59:06] : REQUEST MEAS. OFF
[14:59:42] : Cycle start ON
[14:59:45] : Cycle start OFF
[14:59:52] : REQUEST MEAS. ON
[14:59:55] : REQUEST MEAS. OFF
[15:00:21] : Cycle start ON
[15:00:24] : Cycle start OFF
[15:00:31] : REQUEST MEAS. ON
[15:00:34] : REQUEST MEAS. OFF
[15:01:01] : Cycle start ON
[15:01:04] : Cycle start OFF
[15:01:11] : REQUEST MEAS. ON
[15:01:14] : REQUEST MEAS. OFF
[15:01:45] : Cycle start ON
[15:01:47] : Cycle start OFF
[15:01:55] : REQUEST MEAS. ON
[15:01:58] : REQUEST MEAS. OFF
[15:02:29] : Cycle start ON
[15:02:31] : Cycle start OFF
[15:02:38] : REQUEST MEAS. ON
[15:02:41] : REQUEST MEAS. OFF
[15:03:09] : Cycle start ON
[15:03:11] : Cycle start OFF
[15:03:19] : REQUEST MEAS. ON
[15:03:21] : REQUEST MEAS. OFF
[15:03:54] : Cycle start ON
[15:03:57] : Cycle start OFF
[15:04:04] : REQUEST MEAS. ON
[15:04:07] : REQUEST MEAS. OFF
[15:04:30] : Cycle start ON
[15:04:33] : Cycle start OFF
[15:04:40] : REQUEST MEAS. ON
[15:04:43] : REQUEST MEAS. OFF
[15:05:09] : Cycle start ON
[15:05:11] : Cycle start OFF
[15:05:19] : REQUEST MEAS. ON
[15:05:22] : REQUEST MEAS. OFF
[15:05:54] : Cycle start ON
[15:05:57] : Cycle start OFF
[15:06:04] : REQUEST MEAS. ON
[15:06:07] : REQUEST MEAS. OFF
[15:06:30] : Cycle start ON
[15:06:33] : Cycle start OFF
[15:06:40] : REQUEST MEAS. ON
[15:06:43] : REQUEST MEAS. OFF
[15:07:10] : Cycle start ON
[15:07:12] : Cycle start OFF
[15:07:20] : REQUEST MEAS. ON
[15:07:23] : REQUEST MEAS. OFF
[15:07:45] : Cycle start ON
[15:07:48] : Cycle start OFF
[15:07:55] : REQUEST MEAS. ON
[15:07:58] : REQUEST MEAS. OFF
[15:08:18] : Cycle start ON
[15:08:21] : Cycle start OFF
[15:08:28] : REQUEST MEAS. ON
[15:08:31] : REQUEST MEAS. OFF
[15:08:53] : Cycle start ON
[15:08:56] : Cycle start OFF
[15:09:03] : REQUEST MEAS. ON
[15:09:06] : REQUEST MEAS. OFF
[15:09:28] : Cycle start ON
[15:09:30] : Cycle start OFF
[15:09:38] : REQUEST MEAS. ON
[15:09:41] : REQUEST MEAS. OFF
[15:10:02] : Cycle start ON
[15:10:04] : Cycle start OFF
[15:10:12] : REQUEST MEAS. ON
[15:10:14] : REQUEST MEAS. OFF
[15:10:32] : Cycle start ON
[15:10:34] : Cycle start OFF
[15:10:42] : REQUEST MEAS. ON
[15:10:44] : REQUEST MEAS. OFF
[15:11:04] : Cycle start ON
[15:11:06] : Cycle start OFF
[15:11:14] : REQUEST MEAS. ON
[15:11:17] : REQUEST MEAS. OFF
[15:11:43] : Cycle start ON
[15:11:46] : Cycle start OFF
[15:11:53] : REQUEST MEAS. ON
[15:11:56] : REQUEST MEAS. OFF
[15:12:16] : Cycle start ON
[15:12:19] : Cycle start OFF
[15:12:26] : REQUEST MEAS. ON
[15:12:29] : REQUEST MEAS. OFF
[15:12:43] : Cycle start ON
[15:12:46] : Cycle start OFF
[15:12:53] : REQUEST MEAS. ON
[15:12:56] : REQUEST MEAS. OFF
[15:13:12] : Cycle start ON
[15:13:14] : Cycle start OFF
[15:13:22] : REQUEST MEAS. ON
[15:13:25] : REQUEST MEAS. OFF
[15:13:38] : Cycle start ON
[15:13:41] : Cycle start OFF
[15:13:48] : REQUEST MEAS. ON
[15:13:51] : REQUEST MEAS. OFF
[15:14:06] : Cycle start ON
[15:14:08] : Cycle start OFF
[15:14:16] : REQUEST MEAS. ON
[15:14:19] : REQUEST MEAS. OFF
[15:14:31] : Cycle start ON
[15:14:34] : Cycle start OFF
[15:14:41] : REQUEST MEAS. ON
[15:14:44] : REQUEST MEAS. OFF
[15:14:58] : Cycle start ON
[15:15:01] : Cycle start OFF
[15:15:08] : REQUEST MEAS. ON
[15:15:11] : REQUEST MEAS. OFF
[15:15:23] : Cycle start ON
[15:15:26] : Cycle start OFF
[15:15:33] : REQUEST MEAS. ON
[15:15:36] : REQUEST MEAS. OFF
[15:15:48] : Cycle start ON
[15:15:50] : Cycle start OFF
[15:15:58] : REQUEST MEAS. ON
[15:16:00] : REQUEST MEAS. OFF
[15:16:13] : Cycle start ON
[15:16:16] : Cycle start OFF
[15:16:23] : REQUEST MEAS. ON
[15:16:26] : REQUEST MEAS. OFF
[15:16:45] : Cycle start ON
[15:16:47] : Cycle start OFF
[15:16:55] : REQUEST MEAS. ON
[15:16:58] : REQUEST MEAS. OFF
[15:17:12] : Cycle start ON
[15:17:14] : Cycle start OFF
[15:17:22] : REQUEST MEAS. ON
[15:17:25] : REQUEST MEAS. OFF
[15:17:43] : Cycle start ON
[15:17:45] : Cycle start OFF
[15:17:53] : REQUEST MEAS. ON
[15:17:56] : REQUEST MEAS. OFF
[15:18:07] : Cycle start ON
[15:18:10] : Cycle start OFF
[15:18:17] : REQUEST MEAS. ON
[15:18:20] : REQUEST MEAS. OFF
[15:19:14] : MEAS ESC ON
[15:19:14] : M3417 :	마스터 이종 알람 ON
[15:19:19] : MEAS ESC OFF
[15:19:19] : RESET ON
[15:19:19] : M3417 :	마스터 이종 알람 OFF
[15:20:07] : Cycle start ON
[15:20:07] : MEAS ESC ON
[15:20:07] : Cycle start OFF
[15:20:07] : M3417 :	마스터 이종 알람 ON
[15:20:12] : MEAS ESC OFF
[15:20:12] : RESET ON
[15:20:12] : M3417 :	마스터 이종 알람 OFF
[15:20:17] : MEAS ESC ON
[15:20:17] : M3417 :	마스터 이종 알람 ON
[15:20:33] : MEAS ESC OFF
[15:20:33] : RESET ON
[15:20:33] : M3417 :	마스터 이종 알람 OFF
[15:20:36] : Cycle start ON
[15:20:36] : MEAS ESC ON
[15:20:36] : Cycle start OFF
[15:20:36] : M3417 :	마스터 이종 알람 ON
[15:20:41] : MEAS ESC OFF
[15:20:41] : RESET ON
[15:20:41] : M3417 :	마스터 이종 알람 OFF
[15:20:45] : MEAS ESC ON
[15:20:45] : M3417 :	마스터 이종 알람 ON
[15:21:30] : MEAS ESC OFF
[15:21:30] : RESET ON
[15:21:30] : M3417 :	마스터 이종 알람 OFF
[15:21:31] : MEAS ESC ON
[15:21:31] : M3417 :	마스터 이종 알람 ON
[15:21:31] : MEAS ESC OFF
[15:21:31] : RESET ON
[15:21:31] : M3417 :	마스터 이종 알람 OFF
[15:21:32] : MEAS ESC ON
[15:21:32] : M3417 :	마스터 이종 알람 ON
[15:21:32] : MEAS ESC OFF
[15:21:32] : RESET ON
[15:21:32] : M3417 :	마스터 이종 알람 OFF
[15:21:32] : MEAS ESC ON
[15:21:32] : M3417 :	마스터 이종 알람 ON
[15:21:34] : MEAS ESC OFF
[15:21:34] : RESET ON
[15:21:34] : M3417 :	마스터 이종 알람 OFF
[15:21:34] : MEAS ESC ON
[15:21:34] : M3417 :	마스터 이종 알람 ON
[15:22:09] : MEAS ESC OFF
[15:22:09] : RESET ON
[15:22:09] : M3417 :	마스터 이종 알람 OFF
[15:22:48] : Cycle start ON
[15:22:51] : Cycle start OFF
[15:22:58] : REQUEST MEAS. ON
[15:23:01] : REQUEST MEAS. OFF
[15:23:21] : Cycle start ON
[15:23:24] : Cycle start OFF
[15:23:31] : REQUEST MEAS. ON
[15:23:34] : REQUEST MEAS. OFF
[15:25:59] : Cycle start ON
[15:26:01] : Cycle start OFF
[15:26:09] : REQUEST MEAS. ON
[15:26:11] : REQUEST MEAS. OFF
[15:26:27] : Cycle start ON
[15:26:30] : Cycle start OFF
[15:26:37] : REQUEST MEAS. ON
[15:26:40] : REQUEST MEAS. OFF
[15:26:59] : Cycle start ON
[15:27:01] : Cycle start OFF
[15:27:09] : REQUEST MEAS. ON
[15:27:11] : REQUEST MEAS. OFF
[15:27:29] : Cycle start ON
[15:27:31] : Cycle start OFF
[15:27:39] : REQUEST MEAS. ON
[15:27:42] : REQUEST MEAS. OFF
[15:27:59] : Cycle start ON
[15:28:01] : Cycle start OFF
[15:28:09] : REQUEST MEAS. ON
[15:28:12] : REQUEST MEAS. OFF
[15:28:31] : Cycle start ON
[15:28:34] : Cycle start OFF
[15:28:41] : REQUEST MEAS. ON
[15:28:44] : REQUEST MEAS. OFF
[15:29:02] : Cycle start ON
[15:29:05] : Cycle start OFF
[15:29:12] : REQUEST MEAS. ON
[15:29:15] : REQUEST MEAS. OFF
[15:29:31] : Cycle start ON
[15:29:33] : Cycle start OFF
[15:29:41] : REQUEST MEAS. ON
[15:29:43] : REQUEST MEAS. OFF
[15:30:02] : Cycle start ON
[15:30:05] : Cycle start OFF
[15:30:12] : REQUEST MEAS. ON
[15:30:15] : REQUEST MEAS. OFF
[15:30:33] : Cycle start ON
[15:30:36] : Cycle start OFF
[15:30:43] : REQUEST MEAS. ON
[15:30:46] : REQUEST MEAS. OFF
[15:31:06] : Cycle start ON
[15:31:08] : Cycle start OFF
[15:31:16] : REQUEST MEAS. ON
[15:31:18] : REQUEST MEAS. OFF
[15:31:35] : Cycle start ON
[15:31:37] : Cycle start OFF
[15:31:45] : REQUEST MEAS. ON
[15:31:48] : REQUEST MEAS. OFF
[15:32:09] : Cycle start ON
[15:32:11] : Cycle start OFF
[15:32:19] : REQUEST MEAS. ON
[15:32:22] : REQUEST MEAS. OFF
[15:32:46] : Cycle start ON
[15:32:49] : Cycle start OFF
[15:32:56] : REQUEST MEAS. ON
[15:32:59] : REQUEST MEAS. OFF
[15:33:20] : Cycle start ON
[15:33:23] : Cycle start OFF
[15:33:30] : REQUEST MEAS. ON
[15:33:33] : REQUEST MEAS. OFF
[15:33:49] : Cycle start ON
[15:33:52] : Cycle start OFF
[15:33:59] : REQUEST MEAS. ON
[15:34:02] : REQUEST MEAS. OFF
[15:34:17] : Cycle start ON
[15:34:19] : Cycle start OFF
[15:34:27] : REQUEST MEAS. ON
[15:34:29] : REQUEST MEAS. OFF
[15:34:46] : Cycle start ON
[15:34:48] : Cycle start OFF
[15:34:56] : REQUEST MEAS. ON
[15:34:59] : REQUEST MEAS. OFF
[15:36:42] : Cycle start ON
[15:36:43] : Cycle start OFF
[15:36:51] : REQUEST ZEROSET ON
[15:36:53] : REQUEST ZEROSET OFF
[15:42:06] : Cycle start ON
[15:42:08] : Cycle start OFF
[15:42:15] : REQUEST ZEROSET ON
[15:42:18] : REQUEST ZEROSET OFF
[15:42:48] : Cycle start ON
[15:42:51] : Cycle start OFF
[15:42:58] : REQUEST MEAS. ON
[15:43:01] : REQUEST MEAS. OFF
[15:43:19] : Cycle start ON
[15:43:22] : Cycle start OFF
[15:43:29] : REQUEST MEAS. ON
[15:43:32] : REQUEST MEAS. OFF
[15:43:48] : Cycle start ON
[15:43:50] : Cycle start OFF
[15:43:58] : REQUEST MEAS. ON
[15:44:01] : REQUEST MEAS. OFF
[15:44:16] : Cycle start ON
[15:44:19] : Cycle start OFF
[15:44:26] : REQUEST MEAS. ON
[15:44:29] : REQUEST MEAS. OFF
[15:44:45] : Cycle start ON
[15:44:48] : Cycle start OFF
[15:44:55] : REQUEST MEAS. ON
[15:44:58] : REQUEST MEAS. OFF
[15:49:53] : Cycle start ON
[15:49:56] : Cycle start OFF
[15:50:03] : REQUEST MEAS. ON
[15:50:06] : REQUEST MEAS. OFF
[15:52:22] : Cycle start ON
[15:52:25] : Cycle start OFF
[15:52:32] : REQUEST MEAS. ON
[15:52:35] : REQUEST MEAS. OFF
[15:55:52] : Cycle start ON
[15:55:54] : Cycle start OFF
[15:56:02] : REQUEST MEAS. ON
[15:56:05] : REQUEST MEAS. OFF
[15:58:21] : Cycle start ON
[15:58:23] : Cycle start OFF
[15:58:30] : REQUEST MEAS. ON
[15:58:33] : REQUEST MEAS. OFF
[16:00:33] : MEAS ESC ON
[16:00:33] : M3417 :	마스터 이종 알람 ON
[16:00:40] : MEAS ESC OFF
[16:00:40] : RESET ON
[16:00:40] : M3417 :	마스터 이종 알람 OFF
[16:01:04] : RESET ON
[16:01:06] : Cycle start ON
[16:01:08] : Cycle start OFF
[16:01:16] : REQUEST MEAS. ON
[16:01:19] : REQUEST MEAS. OFF
[16:06:12] : MEAS ESC ON
[16:06:12] : M3417 :	마스터 이종 알람 ON
[16:06:17] : MEAS ESC OFF
[16:06:17] : RESET ON
[16:06:17] : M3417 :	마스터 이종 알람 OFF
[16:13:05] : Cycle start ON
[16:13:07] : Cycle start OFF
[16:13:15] : REQUEST MEAS. ON
[16:13:18] : REQUEST MEAS. OFF
[16:16:10] : Cycle start ON
[16:16:12] : Cycle start OFF
[16:16:19] : REQUEST ZEROSET ON
[16:16:22] : REQUEST ZEROSET OFF
[16:16:35] : Cycle start ON
[16:16:37] : Cycle start OFF
[16:16:44] : REQUEST ZEROSET ON
[16:16:47] : REQUEST ZEROSET OFF
[16:17:25] : Cycle start ON
[16:17:28] : Cycle start OFF
[16:17:35] : REQUEST MEAS. ON
[16:17:38] : REQUEST MEAS. OFF
[16:18:25] : Cycle start ON
[16:18:28] : Cycle start OFF
[16:18:35] : REQUEST MEAS. ON
[16:18:38] : REQUEST MEAS. OFF
[16:18:47] : Cycle start ON
[16:18:50] : Cycle start OFF
[16:18:57] : REQUEST MEAS. ON
[16:19:00] : REQUEST MEAS. OFF
[16:19:35] : Cycle start ON
[16:19:38] : Cycle start OFF
[16:19:45] : REQUEST MEAS. ON
[16:19:48] : REQUEST MEAS. OFF
[16:19:57] : Cycle start ON
[16:20:00] : Cycle start OFF
[16:20:07] : REQUEST MEAS. ON
[16:20:10] : REQUEST MEAS. OFF
[16:20:46] : Cycle start ON
[16:20:47] : MEAS ESC ON
[16:20:47] : Cycle start OFF
[16:20:47] : M3400 : 비상입니다. ON
[16:20:48] : MEAS ESC OFF
[16:20:48] : RESET ON
[16:20:48] : M3400 : 비상입니다. OFF
[16:23:22] : Cycle start ON
[16:23:25] : Cycle start OFF
[16:23:32] : REQUEST MEAS. ON
[16:23:35] : REQUEST MEAS. OFF
[16:25:25] : Cycle start ON
[16:25:28] : Cycle start OFF
[16:25:35] : REQUEST MEAS. ON
[16:25:38] : REQUEST MEAS. OFF
[16:25:45] : MEAS ESC ON
[16:25:45] : M3400 : 비상입니다. ON
[16:25:46] : MEAS ESC OFF
[16:25:46] : RESET ON
[16:25:46] : M3400 : 비상입니다. OFF
[16:29:48] : Cycle start ON
[16:29:50] : Cycle start OFF
[16:29:58] : REQUEST MEAS. ON
[16:30:01] : REQUEST MEAS. OFF
[16:36:19] : Cycle start ON
[16:36:20] : Cycle start OFF
[16:36:28] : REQUEST ZEROSET ON
[16:36:31] : REQUEST ZEROSET OFF
[16:36:43] : Cycle start ON
[16:36:45] : Cycle start OFF
[16:36:52] : REQUEST ZEROSET ON
[16:36:55] : REQUEST ZEROSET OFF
[16:37:06] : Cycle start ON
[16:37:07] : Cycle start OFF
[16:37:15] : REQUEST ZEROSET ON
[16:37:18] : REQUEST ZEROSET OFF
[16:38:14] : Cycle start ON
[16:38:17] : Cycle start OFF
[16:38:24] : REQUEST MEAS. ON
[16:38:27] : REQUEST MEAS. OFF
[16:39:16] : Cycle start ON
[16:39:18] : Cycle start OFF
[16:39:26] : REQUEST MEAS. ON
[16:39:29] : REQUEST MEAS. OFF
[16:41:23] : Cycle start ON
[16:41:25] : Cycle start OFF
[16:41:33] : REQUEST MEAS. ON
[16:41:36] : REQUEST MEAS. OFF
[16:54:14] : Cycle start ON
[16:54:16] : Cycle start OFF
[16:54:24] : REQUEST MEAS. ON
[16:54:27] : REQUEST MEAS. OFF
[16:55:45] : Cycle start ON
[16:55:48] : Cycle start OFF
[16:55:55] : REQUEST MEAS. ON
[16:55:58] : REQUEST MEAS. OFF
[17:07:19] : Cycle start ON
[17:07:22] : Cycle start OFF
[17:07:29] : REQUEST MEAS. ON
[17:07:32] : REQUEST MEAS. OFF
[17:07:49] : Cycle start ON
[17:07:51] : Cycle start OFF
[17:07:58] : REQUEST ZEROSET ON
[17:08:01] : REQUEST ZEROSET OFF
[17:08:12] : Cycle start ON
[17:08:13] : Cycle start OFF
[17:08:21] : REQUEST ZEROSET ON
[17:08:23] : REQUEST ZEROSET OFF
[17:08:33] : MEAS ESC ON
[17:08:33] : M3417 :	마스터 이종 알람 ON
[17:09:24] : MEAS ESC OFF
[17:09:24] : RESET ON
[17:09:24] : M3417 :	마스터 이종 알람 OFF
[17:09:27] : Cycle start ON
[17:09:30] : Cycle start OFF
[17:09:37] : REQUEST MEAS. ON
[17:09:40] : REQUEST MEAS. OFF
[17:10:32] : Cycle start ON
[17:10:34] : Cycle start OFF
[17:10:42] : REQUEST MEAS. ON
[17:10:45] : REQUEST MEAS. OFF
[17:30:08] : Cycle start ON
[17:30:10] : Cycle start OFF
[17:30:18] : REQUEST MEAS. ON
[17:30:21] : REQUEST MEAS. OFF
[17:31:02] : Cycle start ON
[17:31:04] : Cycle start OFF
[17:31:12] : REQUEST MEAS. ON
[17:31:14] : REQUEST MEAS. OFF
[17:34:40] : Cycle start ON
[17:34:43] : Cycle start OFF
[17:34:50] : REQUEST MEAS. ON
[17:34:53] : REQUEST MEAS. OFF
[17:35:13] : Cycle start ON
[17:35:15] : Cycle start OFF
[17:35:23] : REQUEST MEAS. ON
[17:35:26] : REQUEST MEAS. OFF
[17:36:20] : Cycle start ON
[17:36:23] : Cycle start OFF
[17:36:30] : REQUEST MEAS. ON
[17:36:33] : REQUEST MEAS. OFF
[17:36:51] : Cycle start ON
[17:36:53] : Cycle start OFF
[17:37:01] : REQUEST MEAS. ON
[17:37:04] : REQUEST MEAS. OFF
[17:37:18] : Cycle start ON
[17:37:21] : Cycle start OFF
[17:37:28] : REQUEST MEAS. ON
[17:37:31] : REQUEST MEAS. OFF
[17:37:48] : Cycle start ON
[17:37:51] : Cycle start OFF
[17:37:58] : REQUEST MEAS. ON
[17:38:01] : REQUEST MEAS. OFF
[17:38:21] : Cycle start ON
[17:38:24] : Cycle start OFF
[17:38:31] : REQUEST MEAS. ON
[17:38:34] : REQUEST MEAS. OFF
[17:38:51] : Cycle start ON
[17:38:54] : Cycle start OFF
[17:39:01] : REQUEST MEAS. ON
[17:39:04] : REQUEST MEAS. OFF
[17:40:09] : MEAS ESC ON
[17:40:09] : M3417 :	마스터 이종 알람 ON
[17:40:16] : MEAS ESC OFF
[17:40:16] : RESET ON
[17:40:16] : M3417 :	마스터 이종 알람 OFF
[17:40:16] : MEAS ESC ON
[17:40:16] : M3417 :	마스터 이종 알람 ON
[17:41:25] : MEAS ESC OFF
[17:41:25] : RESET ON
[17:41:25] : M3417 :	마스터 이종 알람 OFF
[17:42:25] : Cycle start ON
[17:42:27] : Cycle start OFF
[17:42:35] : REQUEST ZEROSET ON
[17:42:38] : REQUEST ZEROSET OFF
[17:42:57] : Cycle start ON
[17:43:00] : Cycle start OFF
[17:43:08] : REQUEST MEAS. ON
[17:43:11] : REQUEST MEAS. OFF
[17:43:56] : Cycle start ON
[17:43:58] : Cycle start OFF
[17:44:07] : REQUEST MEAS. ON
[17:44:10] : REQUEST MEAS. OFF
[17:46:26] : AUTO RUNNING ON
[17:46:26] : RESET ON
[17:46:28] : RESET ON
[17:50:31] : AUTO RUNNING OFF
[17:51:30] : RESET ON
[17:51:31] : AUTO RUNNING ON
[17:51:32] : RESET ON
[17:53:39] : AUTO RUNNING OFF
[17:53:43] : RESET ON
[17:53:47] : AUTO RUNNING ON
[17:53:47] : RESET ON
[18:05:34] : Cycle start ON
[18:05:37] : Cycle start OFF
[18:05:45] : REQUEST MEAS. ON
[18:05:48] : REQUEST MEAS. OFF
[18:11:07] : MEAS ESC ON
[18:11:07] : AUTO RUNNING OFF
[18:11:07] : M3413 :	DOOR OPEN중 ON
[18:11:23] : MEAS ESC OFF
[18:11:23] : RESET ON
[18:11:23] : M3413 :	DOOR OPEN중 OFF
[18:11:26] : AUTO RUNNING ON
[18:14:12] : Cycle start ON
[18:14:15] : Cycle start OFF
[18:14:23] : REQUEST MEAS. ON
[18:14:26] : REQUEST MEAS. OFF
[18:14:51] : Cycle start ON
[18:14:53] : Cycle start OFF
[18:15:02] : REQUEST MEAS. ON
[18:15:05] : REQUEST MEAS. OFF
[18:18:32] : AUTO RUNNING OFF
[18:18:41] : MEAS ESC ON
[18:18:41] : M3417 :	마스터 이종 알람 ON
[18:18:44] : MEAS ESC OFF
[18:18:44] : RESET ON
[18:18:44] : M3417 :	마스터 이종 알람 OFF
[18:18:44] : MEAS ESC ON
[18:18:44] : M3417 :	마스터 이종 알람 ON
[18:24:08] : MEAS ESC OFF
[18:24:08] : RESET ON
[18:24:08] : M3417 :	마스터 이종 알람 OFF
[18:24:20] : Cycle start ON
[18:24:21] : Cycle start OFF
[18:24:30] : REQUEST ZEROSET ON
[18:24:32] : REQUEST ZEROSET OFF
[18:24:47] : Cycle start ON
[18:24:49] : Cycle start OFF
[18:24:57] : REQUEST ZEROSET ON
[18:25:00] : REQUEST ZEROSET OFF
[18:25:59] : MEAS ESC ON
[18:25:59] : M3417 :	마스터 이종 알람 ON
[18:26:58] : MEAS ESC OFF
[18:26:58] : RESET ON
[18:26:58] : M3417 :	마스터 이종 알람 OFF
[18:41:47] : Cycle start ON
[18:41:50] : Cycle start OFF
[18:41:58] : REQUEST MEAS. ON
[18:42:01] : REQUEST MEAS. OFF
[18:43:08] : Cycle start ON
[18:43:10] : Cycle start OFF
[18:43:19] : REQUEST MEAS. ON
[18:43:22] : REQUEST MEAS. OFF
[18:44:09] : Cycle start ON
[18:44:12] : Cycle start OFF
[18:44:20] : REQUEST MEAS. ON
[18:44:23] : REQUEST MEAS. OFF
[18:44:37] : Cycle start ON
[18:44:40] : Cycle start OFF
[18:44:49] : REQUEST MEAS. ON
[18:44:51] : REQUEST MEAS. OFF
[18:45:27] : Cycle start ON
[18:45:29] : Cycle start OFF
[18:45:38] : REQUEST MEAS. ON
[18:45:41] : REQUEST MEAS. OFF
[18:45:57] : Cycle start ON
[18:46:00] : Cycle start OFF
[18:46:08] : REQUEST MEAS. ON
[18:46:11] : REQUEST MEAS. OFF
[18:46:22] : Cycle start ON
[18:46:24] : Cycle start OFF
[18:46:33] : REQUEST MEAS. ON
[18:46:36] : REQUEST MEAS. OFF
[18:46:58] : Cycle start ON
[18:47:00] : Cycle start OFF
[18:47:09] : REQUEST MEAS. ON
[18:47:12] : REQUEST MEAS. OFF
[18:47:40] : Cycle start ON
[18:47:42] : Cycle start OFF
[18:47:51] : REQUEST MEAS. ON
[18:47:54] : REQUEST MEAS. OFF
[18:48:47] : Cycle start ON
[18:48:49] : Cycle start OFF
[18:48:58] : REQUEST MEAS. ON
[18:49:01] : REQUEST MEAS. OFF
[18:49:20] : Cycle start ON
[18:49:22] : Cycle start OFF
[18:49:31] : REQUEST MEAS. ON
[18:49:34] : REQUEST MEAS. OFF
[18:50:08] : Cycle start ON
[18:50:10] : Cycle start OFF
[18:50:19] : REQUEST MEAS. ON
[18:50:22] : REQUEST MEAS. OFF
[18:50:38] : Cycle start ON
[18:50:41] : Cycle start OFF
[18:50:50] : REQUEST MEAS. ON
[18:50:53] : REQUEST MEAS. OFF
[18:53:00] : Cycle start ON
[18:53:02] : Cycle start OFF
[18:53:11] : REQUEST MEAS. ON
[18:53:14] : REQUEST MEAS. OFF
[18:53:25] : Cycle start ON
[18:53:27] : Cycle start OFF
[18:53:36] : REQUEST MEAS. ON
[18:53:39] : REQUEST MEAS. OFF
[18:55:27] : Cycle start ON
[18:55:30] : Cycle start OFF
[18:55:38] : REQUEST MEAS. ON
[18:55:41] : REQUEST MEAS. OFF
[18:55:51] : Cycle start ON
[18:55:54] : Cycle start OFF
[18:56:02] : REQUEST MEAS. ON
[18:56:05] : REQUEST MEAS. OFF
[18:56:16] : Cycle start ON
[18:56:19] : Cycle start OFF
[18:56:27] : REQUEST MEAS. ON
[18:56:30] : REQUEST MEAS. OFF
[18:56:39] : Cycle start ON
[18:56:41] : Cycle start OFF
[18:56:50] : REQUEST MEAS. ON
[18:56:53] : REQUEST MEAS. OFF
[18:59:25] : RESET ON
[18:59:27] : RESET ON
[18:59:53] : Cycle start ON
[18:59:56] : Cycle start OFF
[19:00:04] : REQUEST MEAS. ON
[19:00:07] : REQUEST MEAS. OFF
[19:00:17] : Cycle start ON
[19:00:19] : Cycle start OFF
[19:00:28] : REQUEST MEAS. ON
[19:00:31] : REQUEST MEAS. OFF
[19:00:53] : Cycle start ON
[19:00:55] : Cycle start OFF
[19:01:03] : REQUEST MEAS. ON
[19:01:06] : REQUEST MEAS. OFF
[19:01:36] : Cycle start ON
[19:01:38] : Cycle start OFF
[19:01:47] : REQUEST MEAS. ON
[19:01:50] : REQUEST MEAS. OFF
[19:02:34] : AUTO RUNNING ON
[19:09:16] : Cycle start ON
[19:09:18] : Cycle start OFF
[19:09:27] : REQUEST MEAS. ON
[19:09:30] : REQUEST MEAS. OFF
[19:17:32] : Cycle start ON
[19:17:35] : Cycle start OFF
[19:17:44] : REQUEST MEAS. ON
[19:17:47] : REQUEST MEAS. OFF
[19:19:17] : Cycle start ON
[19:19:20] : Cycle start OFF
[19:19:28] : REQUEST MEAS. ON
[19:19:31] : REQUEST MEAS. OFF
[19:24:31] : Cycle start ON
[19:24:34] : Cycle start OFF
[19:24:42] : REQUEST MEAS. ON
[19:24:45] : REQUEST MEAS. OFF
[19:26:04] : AUTO RUNNING OFF
[19:27:11] : MEAS ESC ON
[19:27:11] : M3417 :	마스터 이종 알람 ON
[19:48:25] : MEAS ESC OFF
[19:48:25] : RESET ON
[19:48:25] : M3417 :	마스터 이종 알람 OFF
[19:52:34] : Cycle start ON
[19:52:36] : Cycle start OFF
[19:52:45] : REQUEST MEAS. ON
[19:52:48] : REQUEST MEAS. OFF
[19:53:56] : Cycle start ON
[19:53:58] : Cycle start OFF
[19:54:07] : REQUEST MEAS. ON
[19:54:10] : REQUEST MEAS. OFF
[19:57:33] : AUTO RUNNING ON
[19:57:36] : Cycle start ON
[19:57:38] : Cycle start OFF
[19:57:47] : REQUEST MEAS. ON
[19:57:50] : REQUEST MEAS. OFF
[20:05:01] : Cycle start ON
[20:05:04] : Cycle start OFF
[20:05:13] : REQUEST MEAS. ON
[20:05:15] : REQUEST MEAS. OFF
[20:06:45] : Cycle start ON
[20:06:48] : Cycle start OFF
[20:06:50] : M3415 :	NG FULL 경고 ON
[20:06:56] : RESET ON
[20:06:56] : REQUEST MEAS. ON
[20:06:59] : REQUEST MEAS. OFF
[20:07:05] : M3415 :	NG FULL 경고 OFF
[20:08:29] : Cycle start ON
[20:08:31] : Cycle start OFF
[20:08:40] : REQUEST MEAS. ON
[20:08:43] : REQUEST MEAS. OFF
[20:11:11] : Cycle start ON
[20:11:13] : Cycle start OFF
[20:11:22] : REQUEST MEAS. ON
[20:11:25] : REQUEST MEAS. OFF
[20:21:58] : Cycle start ON
[20:22:01] : Cycle start OFF
[20:22:10] : REQUEST MEAS. ON
[20:22:12] : REQUEST MEAS. OFF
[20:23:43] : Cycle start ON
[20:23:46] : Cycle start OFF
[20:23:54] : REQUEST MEAS. ON
[20:23:57] : REQUEST MEAS. OFF
[20:25:28] : Cycle start ON
[20:25:30] : Cycle start OFF
[20:25:39] : REQUEST MEAS. ON
[20:25:42] : REQUEST MEAS. OFF
[20:27:13] : Cycle start ON
[20:27:16] : Cycle start OFF
[20:27:24] : REQUEST MEAS. ON
[20:27:27] : REQUEST MEAS. OFF
[20:28:56] : Cycle start ON
[20:28:59] : Cycle start OFF
[20:29:08] : REQUEST MEAS. ON
[20:29:10] : REQUEST MEAS. OFF
[20:31:05] : Cycle start ON
[20:31:08] : Cycle start OFF
[20:31:17] : REQUEST MEAS. ON
[20:31:20] : REQUEST MEAS. OFF
[20:32:51] : Cycle start ON
[20:32:53] : Cycle start OFF
[20:33:02] : REQUEST MEAS. ON
[20:33:05] : REQUEST MEAS. OFF
 
