[09:07:04] : Plc Error Timer
[09:07:10] : Plc Error Timer
[09:08:14] : Plc Error Timer
[09:09:02] : MEAS ESC ON
[09:09:02] : MEAS ESC OFF
[09:09:02] : AUTO RUNNING ON
[09:09:30] : AUTO RUNNING OFF
[09:13:48] : MEAS ESC ON
[09:13:50] : MEAS ESC OFF
[09:19:43] : MEAS ESC ON
[09:20:17] : MEAS ESC OFF
[09:45:33] : Plc Error Timer
[09:45:39] : Plc Error Timer
[09:45:45] : Plc Error Timer
[09:45:51] : Plc Error Timer
[09:45:57] : Plc Error Timer
[09:46:03] : Plc Error Timer
[09:46:10] : Plc Error Timer
[09:46:16] : Plc Error Timer
[09:46:22] : Plc Error Timer
[09:46:28] : Plc Error Timer
[09:46:34] : Plc Error Timer
[09:46:40] : Plc Error Timer
[09:46:46] : Plc Error Timer
[09:46:52] : Plc Error Timer
[09:46:58] : Plc Error Timer
[09:47:04] : Plc Error Timer
[09:47:11] : Plc Error Timer
[09:47:17] : Plc Error Timer
[09:47:23] : Plc Error Timer
[09:47:29] : Plc Error Timer
[09:47:35] : Plc Error Timer
[09:47:41] : Plc Error Timer
[09:47:47] : Plc Error Timer
[09:47:53] : Plc Error Timer
[09:47:59] : Plc Error Timer
[10:02:11] : Plc Error Timer
[10:02:17] : Plc Error Timer
[10:02:40] : MEAS ESC ON
[10:02:55] : MEAS ESC OFF
[10:03:31] : Plc Error Timer
[10:03:37] : Plc Error Timer
[10:03:43] : Plc Error Timer
[10:03:43] : MEAS ESC ON
[10:03:54] : MEAS ESC OFF
 
[13:20:49] : MEAS ESC ON
[13:20:50] : MEAS ESC OFF
[13:20:50] : AUTO RUNNING ON
[13:21:30] : Cycle start ON
[13:21:32] : Cycle start OFF
[13:21:38] : REQUEST MEAS. ON
[13:21:48] : REQUEST MEAS. OFF
[13:21:48] : end pos sig1 : 50.000000, 50.000000
[13:21:48] : 측정요구 ON 2
[13:21:57] : 측정요구 2OFF
[13:21:57] : end pos sig2 : -50.000000, -50.000000
[13:22:01] : 측정요구3 ON
[13:22:10] : 측정요구3 OFF
[13:22:10] : end pos sig3 : 50.000000, 50.000000
[13:22:10] : 측정요구4 ON
[13:22:20] : 측정요구4 OFF
[13:22:20] : end pos sig4 : -50.000000, -50.000000
[13:22:20] : 12,20181215-132220,AL18121450506,,OK,MAX,2, ,AUTO,0.50,7.00,1.80,OK,0.50,7.00,0.91,OK,0.50,7.00,2.12,OK,0.50,7.00,2.30,OK,
[13:22:39] : Cycle start ON
[13:22:41] : Cycle start OFF
[13:22:47] : REQUEST MEAS. ON
[13:22:56] : REQUEST MEAS. OFF
[13:22:56] : end pos sig1 : 50.000000, 50.000000
[13:22:56] : 측정요구 ON 2
[13:23:06] : 측정요구 2OFF
[13:23:06] : end pos sig2 : -50.000000, -50.000000
[13:23:09] : 측정요구3 ON
[13:23:18] : 측정요구3 OFF
[13:23:18] : end pos sig3 : 50.000000, 50.000000
[13:23:18] : 측정요구4 ON
[13:23:28] : 측정요구4 OFF
[13:23:28] : end pos sig4 : -50.000000, -50.000000
[13:23:28] : 12,20181215-132329,AL18121450766,,OK,MAX,2, ,AUTO,0.50,7.00,1.97,OK,0.50,7.00,1.35,OK,0.50,7.00,1.94,OK,0.50,7.00,1.97,OK,
[13:23:45] : Cycle start ON
[13:23:47] : Cycle start OFF
[13:23:54] : REQUEST MEAS. ON
[13:24:03] : REQUEST MEAS. OFF
[13:24:03] : end pos sig1 : 50.000000, 50.000000
[13:24:03] : 측정요구 ON 2
[13:24:12] : 측정요구 2OFF
[13:24:12] : end pos sig2 : -50.000000, -50.000000
[13:24:16] : 측정요구3 ON
[13:24:25] : 측정요구3 OFF
[13:24:25] : end pos sig3 : 50.000000, 50.000000
[13:24:25] : 측정요구4 ON
[13:24:35] : 측정요구4 OFF
[13:24:35] : end pos sig4 : -50.000000, -50.000000
[13:24:35] : 12,20181215-132435,AL18121450586,,OK,MAX,2, ,AUTO,0.50,7.00,2.63,OK,0.50,7.00,1.81,OK,0.50,7.00,1.61,OK,0.50,7.00,1.49,OK,
[13:24:51] : Cycle start ON
[13:24:53] : Cycle start OFF
[13:25:00] : REQUEST MEAS. ON
[13:25:09] : REQUEST MEAS. OFF
[13:25:09] : end pos sig1 : 50.000000, 50.000000
[13:25:09] : 측정요구 ON 2
[13:25:19] : 측정요구 2OFF
[13:25:19] : end pos sig2 : -50.000000, -50.000000
[13:25:22] : 측정요구3 ON
[13:25:31] : 측정요구3 OFF
[13:25:31] : end pos sig3 : 50.000000, 50.000000
[13:25:31] : 측정요구4 ON
[13:25:41] : 측정요구4 OFF
[13:25:41] : end pos sig4 : -50.000000, -50.000000
[13:25:41] : 12,20181215-132541,AL18121450576,,OK,MAX,2, ,AUTO,0.50,7.00,2.54,OK,0.50,7.00,1.68,OK,0.50,7.00,2.83,OK,0.50,7.00,0.92,OK,
[13:25:57] : Cycle start ON
[13:25:59] : Cycle start OFF
[13:26:06] : REQUEST MEAS. ON
[13:26:15] : REQUEST MEAS. OFF
[13:26:15] : end pos sig1 : 50.000000, 50.000000
[13:26:15] : 측정요구 ON 2
[13:26:25] : 측정요구 2OFF
[13:26:25] : end pos sig2 : -50.000000, -50.000000
[13:26:28] : 측정요구3 ON
[13:26:37] : 측정요구3 OFF
[13:26:37] : end pos sig3 : 50.000000, 50.000000
[13:26:37] : 측정요구4 ON
[13:26:47] : 측정요구4 OFF
[13:26:47] : end pos sig4 : -50.000000, -50.000000
[13:26:47] : 12,20181215-132647,AL18121450566,,OK,MAX,2, ,AUTO,0.50,7.00,1.83,OK,0.50,7.00,1.47,OK,0.50,7.00,2.25,OK,0.50,7.00,1.47,OK,
[13:27:04] : Cycle start ON
[13:27:06] : Cycle start OFF
[13:27:12] : REQUEST MEAS. ON
[13:27:21] : REQUEST MEAS. OFF
[13:27:21] : end pos sig1 : 50.000000, 50.000000
[13:27:21] : 측정요구 ON 2
[13:27:31] : 측정요구 2OFF
[13:27:31] : end pos sig2 : -50.000000, -50.000000
[13:27:34] : 측정요구3 ON
[13:27:43] : 측정요구3 OFF
[13:27:43] : end pos sig3 : 50.000000, 50.000000
[13:27:43] : 측정요구4 ON
[13:27:53] : 측정요구4 OFF
[13:27:53] : end pos sig4 : -50.000000, -50.000000
[13:27:53] : 12,20181215-132753,AL18121450556,,OK,MAX,2, ,AUTO,0.50,7.00,2.21,OK,0.50,7.00,1.38,OK,0.50,7.00,1.13,OK,0.50,7.00,0.88,OK,
[13:30:27] : AUTO RUNNING OFF
[13:30:29] : MEAS ESC ON
[13:30:30] : MEAS ESC OFF
[13:30:30] : AUTO RUNNING ON
[13:51:20] : AUTO RUNNING OFF
[16:39:28] : MEAS ESC ON
[16:39:28] : MEAS ESC OFF
[16:39:28] : AUTO RUNNING ON
[16:44:44] : Cycle start ON
[16:44:46] : Cycle start OFF
[16:44:52] : REQUEST MEAS. ON
[16:45:01] : REQUEST MEAS. OFF
[16:45:01] : end pos sig1 : 50.000000, 50.000000
[16:45:01] : 측정요구 ON 2
[16:45:10] : 측정요구 2OFF
[16:45:10] : end pos sig2 : -50.000000, -50.000000
[16:45:14] : 측정요구3 ON
[16:45:23] : 측정요구3 OFF
[16:45:23] : end pos sig3 : 50.000000, 50.000000
[16:45:23] : 측정요구4 ON
[16:45:33] : 측정요구4 OFF
[16:45:33] : end pos sig4 : -50.000000, -50.000000
[16:45:33] : 12,20181215-164533,AL18121450636,,OK,MAX,2, ,AUTO,0.50,7.00,2.40,OK,0.50,7.00,3.91,OK,0.50,7.00,2.50,OK,0.50,7.00,3.16,OK,
[16:46:44] : AUTO RUNNING OFF
[16:47:39] : MEAS ESC ON
[16:47:41] : MEAS ESC OFF
[16:47:41] : AUTO RUNNING ON
[16:48:42] : Cycle start ON
[16:48:44] : Cycle start OFF
[16:48:51] : REQUEST MEAS. ON
[16:49:00] : REQUEST MEAS. OFF
[16:49:00] : end pos sig1 : 50.000000, 50.000000
[16:49:00] : 측정요구 ON 2
[16:49:10] : 측정요구 2OFF
[16:49:10] : end pos sig2 : -50.000000, -50.000000
[16:49:13] : 측정요구3 ON
[16:49:22] : 측정요구3 OFF
[16:49:22] : end pos sig3 : 50.000000, 50.000000
[16:49:22] : 측정요구4 ON
[16:49:32] : 측정요구4 OFF
[16:49:32] : end pos sig4 : -50.000000, -50.000000
[16:49:32] : 12,20181215-164933,AL18121450606,,OK,MAX,2, ,AUTO,0.50,7.00,2.26,OK,0.50,7.00,1.03,OK,0.50,7.00,2.36,OK,0.50,7.00,1.00,OK,
[16:49:49] : Cycle start ON
[16:49:51] : Cycle start OFF
[16:49:57] : REQUEST MEAS. ON
[16:50:06] : REQUEST MEAS. OFF
[16:50:06] : end pos sig1 : 50.000000, 50.000000
[16:50:06] : 측정요구 ON 2
[16:50:16] : 측정요구 2OFF
[16:50:16] : end pos sig2 : -50.000000, -50.000000
[16:50:19] : 측정요구3 ON
[16:50:28] : 측정요구3 OFF
[16:50:28] : end pos sig3 : 50.000000, 50.000000
[16:50:28] : 측정요구4 ON
[16:50:38] : 측정요구4 OFF
[16:50:38] : end pos sig4 : -50.000000, -50.000000
[16:50:38] : 12,20181215-165039,AL18121450686,,OK,MAX,2, ,AUTO,0.50,7.00,1.67,OK,0.50,7.00,1.77,OK,0.50,7.00,1.56,OK,0.50,7.00,2.45,OK,
[16:50:55] : Cycle start ON
[16:50:57] : Cycle start OFF
[16:51:04] : REQUEST MEAS. ON
[16:51:13] : REQUEST MEAS. OFF
[16:51:13] : end pos sig1 : 50.000000, 50.000000
[16:51:13] : 측정요구 ON 2
[16:51:22] : 측정요구 2OFF
[16:51:22] : end pos sig2 : -50.000000, -50.000000
[16:51:26] : 측정요구3 ON
[16:51:35] : 측정요구3 OFF
[16:51:35] : end pos sig3 : 50.000000, 50.000000
[16:51:35] : 측정요구4 ON
[16:51:44] : 측정요구4 OFF
[16:51:44] : end pos sig4 : -50.000000, -50.000000
[16:51:44] : 12,20181215-165145,AL18121450676,,OK,MAX,2, ,AUTO,0.50,7.00,2.77,OK,0.50,7.00,1.11,OK,0.50,7.00,3.12,OK,0.50,7.00,1.25,OK,
[16:52:01] : Cycle start ON
[16:52:03] : Cycle start OFF
[16:52:09] : REQUEST MEAS. ON
[16:52:18] : REQUEST MEAS. OFF
[16:52:18] : end pos sig1 : 50.000000, 50.000000
[16:52:19] : 측정요구 ON 2
[16:52:28] : 측정요구 2OFF
[16:52:28] : end pos sig2 : -50.000000, -50.000000
[16:52:31] : 측정요구3 ON
[16:52:40] : 측정요구3 OFF
[16:52:40] : end pos sig3 : 50.000000, 50.000000
[16:52:40] : 측정요구4 ON
[16:52:50] : 측정요구4 OFF
[16:52:50] : end pos sig4 : -50.000000, -50.000000
[16:52:50] : 12,20181215-165251,AL18121450666,,OK,MAX,2, ,AUTO,0.50,7.00,2.19,OK,0.50,7.00,1.18,OK,0.50,7.00,2.04,OK,0.50,7.00,1.57,OK,
[16:53:07] : Cycle start ON
[16:53:09] : Cycle start OFF
[16:53:15] : REQUEST MEAS. ON
[16:53:24] : REQUEST MEAS. OFF
[16:53:24] : end pos sig1 : 50.000000, 50.000000
[16:53:24] : 측정요구 ON 2
[16:53:33] : 측정요구 2OFF
[16:53:33] : end pos sig2 : -50.000000, -50.000000
[16:53:37] : 측정요구3 ON
[16:53:46] : 측정요구3 OFF
[16:53:46] : end pos sig3 : 50.000000, 50.000000
[16:53:46] : 측정요구4 ON
[16:53:55] : 측정요구4 OFF
[16:53:55] : end pos sig4 : -50.000000, -50.000000
[16:53:55] : 12,20181215-165356,AL18121450656,,OK,MAX,2, ,AUTO,0.50,7.00,2.90,OK,0.50,7.00,1.47,OK,0.50,7.00,2.24,OK,0.50,7.00,1.38,OK,
[17:19:47] : Cycle start ON
[17:19:49] : Cycle start OFF
[17:19:55] : REQUEST MEAS. ON
[17:20:04] : REQUEST MEAS. OFF
[17:20:04] : end pos sig1 : 50.000000, 50.000000
[17:20:05] : 측정요구 ON 2
[17:20:14] : 측정요구 2OFF
[17:20:14] : end pos sig2 : -50.000000, -50.000000
[17:20:18] : 측정요구3 ON
[17:20:27] : 측정요구3 OFF
[17:20:27] : end pos sig3 : 50.000000, 50.000000
[17:20:27] : 측정요구4 ON
[17:20:36] : 측정요구4 OFF
[17:20:36] : end pos sig4 : -50.000000, -50.000000
[17:20:36] : 12,20181215-172037,AL18121450926,,OK,MAX,2, ,AUTO,0.50,7.00,2.31,OK,0.50,7.00,1.02,OK,0.50,7.00,2.44,OK,0.50,7.00,1.57,OK,
[17:20:53] : Cycle start ON
[17:20:55] : Cycle start OFF
[17:21:01] : REQUEST MEAS. ON
[17:21:10] : REQUEST MEAS. OFF
[17:21:10] : end pos sig1 : 50.000000, 50.000000
[17:21:11] : 측정요구 ON 2
[17:21:20] : 측정요구 2OFF
[17:21:20] : end pos sig2 : -50.000000, -50.000000
[17:21:24] : 측정요구3 ON
[17:21:33] : 측정요구3 OFF
[17:21:33] : end pos sig3 : 50.000000, 50.000000
[17:21:33] : 측정요구4 ON
[17:21:42] : 측정요구4 OFF
[17:21:42] : end pos sig4 : -50.000000, -50.000000
[17:21:42] : 12,20181215-172143,AL18121450996,,OK,MAX,2, ,AUTO,0.50,7.00,2.91,OK,0.50,7.00,1.88,OK,0.50,7.00,2.09,OK,0.50,7.00,0.82,OK,
[17:22:05] : Cycle start ON
[17:22:07] : Cycle start OFF
[17:22:13] : REQUEST MEAS. ON
[17:22:22] : REQUEST MEAS. OFF
[17:22:22] : end pos sig1 : 50.000000, 50.000000
[17:22:22] : 측정요구 ON 2
[17:22:32] : 측정요구 2OFF
[17:22:32] : end pos sig2 : -50.000000, -50.000000
[17:22:35] : 측정요구3 ON
[17:22:44] : 측정요구3 OFF
[17:22:44] : end pos sig3 : 50.000000, 50.000000
[17:22:44] : 측정요구4 ON
[17:22:54] : 측정요구4 OFF
[17:22:54] : end pos sig4 : -50.000000, -50.000000
[17:22:54] : 12,20181215-172255,AL18121450966,,OK,MAX,2, ,AUTO,0.50,7.00,2.88,OK,0.50,7.00,1.28,OK,0.50,7.00,2.31,OK,0.50,7.00,1.18,OK,
[17:23:11] : Cycle start ON
[17:23:13] : Cycle start OFF
[17:23:20] : REQUEST MEAS. ON
[17:23:29] : REQUEST MEAS. OFF
[17:23:29] : end pos sig1 : 50.000000, 50.000000
[17:23:29] : 측정요구 ON 2
[17:23:38] : 측정요구 2OFF
[17:23:38] : end pos sig2 : -50.000000, -50.000000
[17:23:41] : 측정요구3 ON
[17:23:50] : 측정요구3 OFF
[17:23:50] : end pos sig3 : 50.000000, 50.000000
[17:23:50] : 측정요구4 ON
[17:24:00] : 측정요구4 OFF
[17:24:00] : end pos sig4 : -50.000000, -50.000000
[17:24:00] : 12,20181215-172400,AL18121450896,,OK,MAX,2, ,AUTO,0.50,7.00,2.23,OK,0.50,7.00,1.26,OK,0.50,7.00,2.84,OK,0.50,7.00,1.01,OK,
[17:24:23] : AUTO RUNNING OFF
[17:24:36] : MEAS ESC ON
[17:24:36] : MEAS ESC OFF
[17:24:36] : AUTO RUNNING ON
[17:24:53] : Cycle start ON
[17:24:55] : Cycle start OFF
[17:25:01] : REQUEST MEAS. ON
[17:25:11] : REQUEST MEAS. OFF
[17:25:11] : end pos sig1 : 50.000000, 50.000000
[17:25:11] : 측정요구 ON 2
[17:25:20] : 측정요구 2OFF
[17:25:20] : end pos sig2 : -50.000000, -50.000000
[17:25:23] : 측정요구3 ON
[17:25:32] : 측정요구3 OFF
[17:25:32] : end pos sig3 : 50.000000, 50.000000
[17:25:32] : 측정요구4 ON
[17:25:42] : 측정요구4 OFF
[17:25:42] : end pos sig4 : -50.000000, -50.000000
[17:25:42] : 12,20181215-172543,AL18121451006,,OK,MAX,2, ,AUTO,0.50,7.00,1.92,OK,0.50,7.00,1.94,OK,0.50,7.00,2.20,OK,0.50,7.00,3.33,OK,
[17:25:59] : Cycle start ON
[17:26:02] : Cycle start OFF
[17:26:08] : REQUEST MEAS. ON
[17:26:17] : REQUEST MEAS. OFF
[17:26:17] : end pos sig1 : 50.000000, 50.000000
[17:26:17] : 측정요구 ON 2
[17:26:26] : 측정요구 2OFF
[17:26:26] : end pos sig2 : -50.000000, -50.000000
[17:26:30] : 측정요구3 ON
[17:26:39] : 측정요구3 OFF
[17:26:39] : end pos sig3 : 50.000000, 50.000000
[17:26:39] : 측정요구4 ON
[17:26:49] : 측정요구4 OFF
[17:26:49] : end pos sig4 : -50.000000, -50.000000
[17:26:49] : 12,20181215-172649,AL18121450946,,OK,MAX,2, ,AUTO,0.50,7.00,2.78,OK,0.50,7.00,0.79,OK,0.50,7.00,2.08,OK,0.50,7.00,1.45,OK,
[17:30:03] : AUTO RUNNING OFF
[17:30:04] : MEAS ESC ON
[17:47:42] : MEAS ESC OFF
[17:47:42] : AUTO RUNNING ON
[17:47:50] : AUTO RUNNING OFF
[17:50:09] : MEAS ESC ON
[17:50:11] : MEAS ESC OFF
[17:50:11] : AUTO RUNNING ON
[17:50:33] : AUTO RUNNING OFF
[17:50:35] : MEAS ESC ON
[17:50:35] : MEAS ESC OFF
[17:50:35] : AUTO RUNNING ON
[17:51:26] : AUTO RUNNING OFF
[17:51:39] : MEAS ESC ON
[17:52:37] : MEAS ESC OFF
[17:52:37] : AUTO RUNNING ON
[17:53:19] : Cycle start ON
[17:53:21] : Cycle start OFF
[17:53:28] : REQUEST MEAS. ON
[17:53:37] : REQUEST MEAS. OFF
[17:53:37] : end pos sig1 : 50.000000, 50.000000
[17:53:37] : 측정요구 ON 2
[17:53:47] : 측정요구 2OFF
[17:53:47] : end pos sig2 : -50.000000, -50.000000
[17:53:50] : 측정요구3 ON
[17:53:59] : 측정요구3 OFF
[17:53:59] : end pos sig3 : 50.000000, 50.000000
[17:53:59] : 측정요구4 ON
[17:54:09] : 측정요구4 OFF
[17:54:09] : end pos sig4 : -50.000000, -50.000000
[17:54:09] : 12,20181215-175409,AL18121450396,,OK,MAX,2, ,AUTO,0.50,7.00,1.69,OK,0.50,7.00,1.46,OK,0.50,7.00,2.24,OK,0.50,7.00,3.29,OK,
[17:55:19] : AUTO RUNNING OFF
[18:07:03] : MEAS ESC ON
[18:07:04] : MEAS ESC OFF
[18:07:04] : AUTO RUNNING ON
[18:07:47] : Cycle start ON
[18:07:49] : Cycle start OFF
[18:07:55] : REQUEST MEAS. ON
[18:08:04] : REQUEST MEAS. OFF
[18:08:04] : end pos sig1 : 50.000000, 50.000000
[18:08:04] : 측정요구 ON 2
[18:08:14] : 측정요구 2OFF
[18:08:14] : end pos sig2 : -50.000000, -50.000000
[18:08:18] : 측정요구3 ON
[18:08:27] : 측정요구3 OFF
[18:08:27] : end pos sig3 : 50.000000, 50.000000
[18:08:27] : 측정요구4 ON
[18:08:36] : 측정요구4 OFF
[18:08:36] : end pos sig4 : -50.000000, -50.000000
[18:08:36] : 12,20181215-180837,AL18121450916,,OK,MAX,2, ,AUTO,0.50,7.00,2.08,OK,0.50,7.00,1.20,OK,0.50,7.00,0.96,OK,0.50,7.00,1.41,OK,
[18:11:09] : Cycle start ON
[18:11:10] : Cycle start OFF
[18:11:17] : REQUEST MEAS. ON
[18:11:20] : AUTO RUNNING OFF
[18:11:20] : REQUEST MEAS. OFF
[18:11:20] : end pos sig1 : -20.650000, -20.660000
[18:11:21] : MEAS ESC ON
[18:11:21] : MEAS ESC OFF
[18:11:21] : AUTO RUNNING ON
[18:11:21] : REQUEST MEAS. ON
[18:11:27] : REQUEST MEAS. OFF
[18:11:27] : end pos sig1 : 50.000000, 50.000000
[18:11:27] : 측정요구 ON 2
[18:11:37] : 측정요구 2OFF
[18:11:37] : end pos sig2 : -50.000000, -50.000000
[18:11:40] : 측정요구3 ON
[18:11:49] : 측정요구3 OFF
[18:11:49] : end pos sig3 : 50.000000, 50.000000
[18:11:49] : 측정요구4 ON
[18:11:59] : 측정요구4 OFF
[18:11:59] : end pos sig4 : -50.000000, -50.000000
[18:11:59] : 12,20181215-181200,AL18121450416,,OK,MAX,2, ,AUTO,0.50,7.00,2.39,OK,0.50,7.00,1.53,OK,0.50,7.00,1.71,OK,0.50,7.00,1.24,OK,
 
