[10:02:12] : PROGRAM END
 
[10:30:41] : PROGRAM START
[10:30:50] : PROGRAM END
 
[10:30:52] : PROGRAM START
[10:30:58] : PROGRAM END
 
[10:31:11] : PROGRAM START
[10:31:15] : PROGRAM END
 
[10:31:27] : PROGRAM START
[10:57:54] : PROGRAM END
 
[10:58:00] : PROGRAM START
[10:58:16] : PROGRAM END
 
[10:03:05] : PROGRAM START
[10:03:07] : AUTO RUNNING OFF
[10:03:07] : REQUEST MEAS. OFF
[10:03:07] : REQUEST ZEROSET OFF
[10:03:07] : REQUEST ZEROSET OFF
[10:19:31] : Cycle start ON
[10:19:31] : Cycle start OFF
[10:19:36] : REQUEST MEAS. ON
[10:19:41] : REQUEST MEAS. OFF
[10:19:41] : 측정요구 ON 2
[10:19:46] : 측정요구 2OFF
[10:19:51] : 측정요구3 ON
[10:19:56] : 측정요구3 OFF
[10:19:56] : 측정요구4 ON
[10:20:01] : 측정요구4 OFF
[10:58:22] : PROGRAM END
 
[10:58:28] : PROGRAM START
[10:58:30] : AUTO RUNNING OFF
[10:58:30] : REQUEST MEAS. OFF
[10:58:30] : REQUEST ZEROSET OFF
[10:58:30] : REQUEST ZEROSET OFF
[10:58:44] : Cycle start ON
[10:58:44] : Cycle start OFF
[10:58:49] : REQUEST MEAS. ON
[10:58:54] : REQUEST MEAS. OFF
[10:58:54] : 측정요구 ON 2
[10:58:59] : 측정요구 2OFF
[10:59:04] : 측정요구3 ON
[10:59:08] : 측정요구3 OFF
[10:59:08] : 측정요구4 ON
[10:59:14] : 측정요구4 OFF
[10:59:18] : PROGRAM END
 
[10:59:56] : PROGRAM START
[10:59:58] : AUTO RUNNING OFF
[10:59:58] : REQUEST MEAS. OFF
[10:59:58] : REQUEST ZEROSET OFF
[10:59:58] : REQUEST ZEROSET OFF
[11:00:11] : Cycle start ON
[11:00:11] : Cycle start OFF
[11:00:16] : REQUEST MEAS. ON
[11:00:21] : REQUEST MEAS. OFF
[11:00:21] : 측정요구 ON 2
[11:00:26] : 측정요구 2OFF
[11:00:31] : 측정요구3 ON
[11:00:36] : 측정요구3 OFF
[11:00:36] : 측정요구4 ON
[11:00:41] : 측정요구4 OFF
[11:01:26] : Cycle start ON
[11:01:26] : Cycle start OFF
[11:01:31] : REQUEST MEAS. ON
[11:01:36] : REQUEST MEAS. OFF
[11:01:36] : 측정요구 ON 2
[11:01:41] : 측정요구 2OFF
[11:01:45] : 측정요구3 ON
[11:01:50] : 측정요구3 OFF
[11:01:50] : 측정요구4 ON
[11:01:55] : 측정요구4 OFF
[11:03:11] : Cycle start ON
[11:03:12] : Cycle start OFF
[11:03:17] : REQUEST MEAS. ON
[11:03:22] : REQUEST MEAS. OFF
[11:03:22] : 측정요구 ON 2
[11:03:27] : 측정요구 2OFF
[11:03:32] : 측정요구3 ON
[11:03:36] : 측정요구3 OFF
[11:03:36] : 측정요구4 ON
[11:03:42] : 측정요구4 OFF
[11:03:52] : PROGRAM END
 
[11:04:10] : PROGRAM START
[11:04:12] : AUTO RUNNING OFF
[11:04:12] : REQUEST MEAS. OFF
[11:04:12] : REQUEST ZEROSET OFF
[11:04:12] : REQUEST ZEROSET OFF
[11:04:17] : Cycle start ON
[11:04:18] : Cycle start OFF
[11:04:23] : REQUEST MEAS. ON
[11:04:28] : REQUEST MEAS. OFF
[11:04:28] : 측정요구 ON 2
[11:04:33] : 측정요구 2OFF
[11:04:37] : 측정요구3 ON
[11:04:41] : 측정요구3 OFF
[11:04:41] : 측정요구4 ON
[11:04:47] : 측정요구4 OFF
[11:05:00] : PROGRAM END
 
[11:05:27] : PROGRAM START
[11:05:29] : AUTO RUNNING OFF
[11:05:29] : REQUEST MEAS. OFF
[11:05:29] : REQUEST ZEROSET OFF
[11:05:29] : REQUEST ZEROSET OFF
[11:05:37] : Cycle start ON
[11:05:37] : Cycle start OFF
[11:05:42] : REQUEST MEAS. ON
[11:05:47] : REQUEST MEAS. OFF
[11:05:47] : 측정요구 ON 2
[11:05:52] : 측정요구 2OFF
[11:05:56] : 측정요구3 ON
[11:06:00] : 측정요구3 OFF
[11:06:00] : 측정요구4 ON
[11:06:06] : 측정요구4 OFF
[11:06:52] : PROGRAM END
 
[11:07:37] : PROGRAM START
[11:07:39] : AUTO RUNNING OFF
[11:07:39] : REQUEST MEAS. OFF
[11:07:39] : REQUEST ZEROSET OFF
[11:07:39] : REQUEST ZEROSET OFF
[11:07:44] : Cycle start ON
[11:07:45] : Cycle start OFF
[11:07:50] : REQUEST MEAS. ON
[11:07:55] : REQUEST MEAS. OFF
[11:07:55] : 측정요구 ON 2
[11:08:01] : 측정요구 2OFF
[11:08:05] : 측정요구3 ON
[11:08:10] : 측정요구3 OFF
[11:08:10] : 측정요구4 ON
[11:08:15] : 측정요구4 OFF
[11:32:24] : PROGRAM END
 
[11:35:26] : PROGRAM START
[11:35:28] : AUTO RUNNING OFF
[11:35:28] : REQUEST MEAS. OFF
[11:35:28] : REQUEST ZEROSET OFF
[11:35:28] : REQUEST ZEROSET OFF
[11:35:34] : Cycle start ON
[11:35:35] : Cycle start OFF
[11:35:40] : REQUEST MEAS. ON
[11:35:44] : REQUEST MEAS. OFF
[11:35:44] : 측정요구 ON 2
[11:35:48] : 측정요구 2OFF
[11:35:53] : 측정요구3 ON
[11:35:58] : 측정요구3 OFF
[11:35:58] : 측정요구4 ON
[11:36:04] : 측정요구4 OFF
[11:36:40] : PROGRAM END
 
[11:41:00] : PROGRAM START
[11:41:03] : AUTO RUNNING OFF
[11:41:03] : REQUEST MEAS. OFF
[11:41:03] : REQUEST ZEROSET OFF
[11:41:03] : REQUEST ZEROSET OFF
[11:41:08] : Cycle start ON
[11:41:09] : Cycle start OFF
[11:41:14] : REQUEST MEAS. ON
[11:41:19] : REQUEST MEAS. OFF
[11:41:19] : 측정요구 ON 2
[11:41:23] : 측정요구 2OFF
[11:41:28] : 측정요구3 ON
[11:41:33] : 측정요구3 OFF
[11:41:33] : 측정요구4 ON
[11:41:39] : 측정요구4 OFF
[11:41:43] : PROGRAM END
 
[11:51:08] : PROGRAM START
 
[11:51:11] : AUTO RUNNING OFF
[11:51:11] : REQUEST MEAS. OFF
[11:51:11] : REQUEST ZEROSET OFF
[11:51:11] : REQUEST ZEROSET OFF
[11:51:59] : PROGRAM END
 
[11:53:17] : PROGRAM START
 
[11:53:20] : AUTO RUNNING OFF
[11:53:20] : REQUEST MEAS. OFF
[11:53:20] : REQUEST ZEROSET OFF
[11:53:20] : REQUEST ZEROSET OFF
[11:53:28] : Cycle start ON
[11:53:28] : Cycle start OFF
[11:53:33] : REQUEST MEAS. ON
[11:53:38] : REQUEST MEAS. OFF
[11:53:47] : 측정요구3 ON
[11:53:51] : 측정요구3 OFF
[11:53:52] : 측정요구4 ON
[11:53:56] : 측정요구4 OFF
[11:54:44] : PROGRAM END
 
[12:00:08] : PROGRAM START
[12:00:11] : AUTO RUNNING OFF
[12:00:11] : REQUEST MEAS. OFF
[12:00:11] : REQUEST ZEROSET OFF
[12:00:11] : REQUEST ZEROSET OFF
[12:00:15] : Cycle start ON
[12:00:15] : Cycle start OFF
[12:00:20] : REQUEST MEAS. ON
[12:00:25] : REQUEST MEAS. OFF
[12:00:25] : 측정요구 ON 2
[12:00:30] : 측정요구 2OFF
[12:00:34] : 측정요구3 ON
[12:00:38] : 측정요구3 OFF
[12:00:38] : 측정요구4 ON
[12:00:44] : 측정요구4 OFF
[12:01:55] : PROGRAM END
 
[12:04:45] : PROGRAM START
[12:04:47] : AUTO RUNNING OFF
[12:04:47] : REQUEST MEAS. OFF
[12:04:47] : REQUEST ZEROSET OFF
[12:04:47] : REQUEST ZEROSET OFF
[12:04:59] : Cycle start ON
[12:04:59] : Cycle start OFF
[12:05:04] : REQUEST MEAS. ON
[12:05:08] : REQUEST MEAS. OFF
[12:05:08] : 측정요구 ON 2
[12:05:14] : 측정요구 2OFF
[12:05:18] : 측정요구3 ON
[12:05:22] : 측정요구3 OFF
[12:05:22] : 측정요구4 ON
[12:05:28] : 측정요구4 OFF
[12:09:55] : MEAS ESC ON
[12:09:56] : MEAS ESC OFF
[12:18:34] : Plc Error Timer
[14:03:29] : PROGRAM END
 
[14:04:44] : PROGRAM START
[14:04:46] : AUTO RUNNING OFF
[14:04:46] : REQUEST MEAS. OFF
[14:04:46] : REQUEST ZEROSET OFF
[14:04:46] : REQUEST ZEROSET OFF
[14:04:57] : PROGRAM END
 
[16:46:14] : PROGRAM START
[16:46:16] : AUTO RUNNING OFF
[16:46:16] : REQUEST MEAS. OFF
[16:46:16] : REQUEST ZEROSET OFF
[16:46:16] : REQUEST ZEROSET OFF
[16:56:53] : PROGRAM END
 
[17:02:14] : PROGRAM START
[17:02:16] : AUTO RUNNING OFF
[17:02:16] : REQUEST MEAS. OFF
[17:02:16] : REQUEST ZEROSET OFF
[17:02:16] : REQUEST ZEROSET OFF
[17:02:27] : PROGRAM END
 
[17:03:26] : PROGRAM START
[17:03:28] : AUTO RUNNING OFF
[17:03:28] : REQUEST MEAS. OFF
[17:03:28] : REQUEST ZEROSET OFF
[17:03:28] : REQUEST ZEROSET OFF
[19:28:55] : PROGRAM END
 
[19:31:18] : PROGRAM START
[19:31:21] : AUTO RUNNING OFF
[19:31:21] : REQUEST MEAS. OFF
[19:31:21] : REQUEST ZEROSET OFF
[19:31:21] : REQUEST ZEROSET OFF
[19:31:24] : PROGRAM END
 
[19:31:32] : PROGRAM START
[19:31:34] : AUTO RUNNING OFF
[19:31:34] : REQUEST MEAS. OFF
[19:31:34] : REQUEST ZEROSET OFF
[19:31:34] : REQUEST ZEROSET OFF
 
