[16:02:04] : PROGRAM START
[16:02:10] : Plc Error Timer
[16:02:16] : Plc Error Timer
[16:02:22] : Plc Error Timer
[16:02:28] : Plc Error Timer
[16:02:34] : Plc Error Timer
[16:02:41] : PROGRAM END
 
[18:02:20] : PROGRAM START
[18:02:27] : Plc Error Timer
[18:02:33] : Plc Error Timer
[18:02:39] : Plc Error Timer
[18:02:45] : Plc Error Timer
[18:02:51] : Plc Error Timer
[18:02:57] : Plc Error Timer
[18:03:03] : Plc Error Timer
[18:03:09] : PROGRAM END
 
[18:03:53] : PROGRAM START
[18:04:00] : Plc Error Timer
[18:04:06] : Plc Error Timer
[18:04:12] : Plc Error Timer
[18:04:17] : PROGRAM END
 
[18:11:52] : PROGRAM START
[18:11:58] : Plc Error Timer
[18:12:04] : Plc Error Timer
[18:12:10] : Plc Error Timer
[18:12:16] : Plc Error Timer
[18:12:22] : Plc Error Timer
[18:12:28] : Plc Error Timer
[18:12:34] : Plc Error Timer
[18:12:40] : Plc Error Timer
[18:12:46] : Plc Error Timer
[18:12:52] : Plc Error Timer
[18:12:59] : Plc Error Timer
[18:13:05] : Plc Error Timer
[18:13:11] : Plc Error Timer
[18:13:17] : Plc Error Timer
[18:13:23] : Plc Error Timer
[18:13:29] : Plc Error Timer
[18:13:35] : Plc Error Timer
[18:13:41] : Plc Error Timer
[18:13:47] : Plc Error Timer
[18:13:53] : Plc Error Timer
[18:14:00] : Plc Error Timer
[18:14:06] : Plc Error Timer
[18:14:12] : Plc Error Timer
[18:14:18] : Plc Error Timer
[18:14:24] : Plc Error Timer
[18:14:30] : Plc Error Timer
[18:14:36] : Plc Error Timer
[18:14:42] : Plc Error Timer
[18:14:48] : Plc Error Timer
[18:14:54] : Plc Error Timer
[18:15:01] : Plc Error Timer
[18:15:07] : Plc Error Timer
[18:15:13] : Plc Error Timer
[18:15:19] : Plc Error Timer
[18:15:25] : Plc Error Timer
[18:15:31] : Plc Error Timer
[18:15:37] : Plc Error Timer
[18:15:43] : Plc Error Timer
[18:15:49] : PROGRAM END
 
[18:16:17] : PROGRAM START
[18:16:24] : Plc Error Timer
[18:16:30] : Plc Error Timer
[18:16:36] : Plc Error Timer
[18:16:42] : Plc Error Timer
[18:16:46] : PROGRAM END
 
[18:50:21] : PROGRAM START
[18:50:28] : Plc Error Timer
[18:50:34] : Plc Error Timer
[18:50:40] : Plc Error Timer
[18:50:46] : Plc Error Timer
[18:50:52] : Plc Error Timer
[18:50:58] : Plc Error Timer
[18:51:04] : Plc Error Timer
[18:51:10] : Plc Error Timer
[18:51:16] : Plc Error Timer
[18:51:22] : Plc Error Timer
[18:51:29] : Plc Error Timer
[18:51:35] : Plc Error Timer
[18:51:41] : Plc Error Timer
[18:51:47] : Plc Error Timer
[18:51:53] : Plc Error Timer
[18:51:59] : Plc Error Timer
[18:52:05] : Plc Error Timer
[18:52:11] : Plc Error Timer
[18:52:17] : Plc Error Timer
[18:52:23] : Plc Error Timer
[18:52:30] : Plc Error Timer
[18:52:36] : Plc Error Timer
[18:52:42] : Plc Error Timer
[18:52:48] : Plc Error Timer
[18:52:54] : Plc Error Timer
[18:53:00] : Plc Error Timer
[18:53:06] : Plc Error Timer
[18:53:12] : Plc Error Timer
[18:53:18] : Plc Error Timer
[18:53:24] : Plc Error Timer
[18:53:31] : Plc Error Timer
[18:53:36] : PROGRAM END
 
[18:53:40] : PROGRAM START
[18:53:47] : Plc Error Timer
[18:53:53] : Plc Error Timer
[18:53:59] : Plc Error Timer
[18:54:05] : Plc Error Timer
[18:54:11] : Plc Error Timer
[18:54:17] : Plc Error Timer
[18:54:23] : Plc Error Timer
[18:54:29] : Plc Error Timer
[18:54:35] : Plc Error Timer
[18:54:41] : Plc Error Timer
[18:54:48] : Plc Error Timer
[18:54:54] : Plc Error Timer
[18:55:00] : Plc Error Timer
[18:55:06] : Plc Error Timer
[18:55:12] : Plc Error Timer
[18:55:18] : Plc Error Timer
[18:55:24] : Plc Error Timer
[18:55:30] : Plc Error Timer
[18:55:36] : Plc Error Timer
[18:55:42] : Plc Error Timer
[18:55:49] : Plc Error Timer
[18:55:55] : Plc Error Timer
[18:56:01] : Plc Error Timer
[18:56:07] : Plc Error Timer
[18:56:13] : Plc Error Timer
[18:56:19] : Plc Error Timer
[18:56:25] : Plc Error Timer
[18:56:31] : Plc Error Timer
[18:56:37] : Plc Error Timer
[18:56:43] : Plc Error Timer
[18:56:50] : Plc Error Timer
[18:56:56] : Plc Error Timer
[18:57:02] : Plc Error Timer
[18:57:08] : Plc Error Timer
[18:57:14] : Plc Error Timer
[18:57:20] : Plc Error Timer
[18:57:26] : Plc Error Timer
[18:57:32] : Plc Error Timer
[18:57:38] : Plc Error Timer
[18:57:44] : Plc Error Timer
[18:57:51] : Plc Error Timer
[18:57:57] : Plc Error Timer
[18:58:03] : Plc Error Timer
[18:58:09] : Plc Error Timer
[18:58:15] : Plc Error Timer
[18:58:21] : Plc Error Timer
[18:58:27] : Plc Error Timer
[18:58:33] : Plc Error Timer
[18:58:39] : Plc Error Timer
[18:58:45] : Plc Error Timer
[18:58:51] : Plc Error Timer
[18:58:58] : Plc Error Timer
[18:59:04] : Plc Error Timer
[18:59:10] : Plc Error Timer
[18:59:16] : Plc Error Timer
[18:59:22] : Plc Error Timer
[18:59:28] : Plc Error Timer
[18:59:34] : Plc Error Timer
[18:59:40] : Plc Error Timer
[18:59:46] : Plc Error Timer
[18:59:52] : Plc Error Timer
[18:59:59] : Plc Error Timer
[19:00:05] : Plc Error Timer
[19:00:11] : Plc Error Timer
[19:00:17] : Plc Error Timer
[19:00:23] : Plc Error Timer
[19:00:29] : Plc Error Timer
[19:00:35] : Plc Error Timer
[19:00:41] : Plc Error Timer
[19:00:47] : Plc Error Timer
[19:00:53] : Plc Error Timer
[19:01:00] : Plc Error Timer
[19:01:06] : Plc Error Timer
[19:01:12] : Plc Error Timer
[19:01:18] : Plc Error Timer
[19:01:24] : Plc Error Timer
[19:01:30] : Plc Error Timer
[19:01:36] : Plc Error Timer
[19:01:42] : Plc Error Timer
[19:01:48] : Plc Error Timer
[19:01:54] : Plc Error Timer
[19:02:01] : Plc Error Timer
[19:02:07] : Plc Error Timer
[19:02:13] : Plc Error Timer
[19:02:19] : Plc Error Timer
[19:02:25] : Plc Error Timer
[19:02:31] : Plc Error Timer
[19:02:37] : Plc Error Timer
[19:02:43] : Plc Error Timer
[19:02:49] : Plc Error Timer
[19:02:55] : Plc Error Timer
[19:03:02] : Plc Error Timer
[19:03:08] : Plc Error Timer
[19:03:14] : Plc Error Timer
[19:03:20] : Plc Error Timer
[19:03:26] : Plc Error Timer
[19:03:32] : Plc Error Timer
[19:03:38] : Plc Error Timer
[19:03:44] : Plc Error Timer
[19:03:50] : Plc Error Timer
[19:03:56] : Plc Error Timer
[19:04:03] : Plc Error Timer
[19:04:09] : Plc Error Timer
[19:04:15] : Plc Error Timer
[19:04:21] : Plc Error Timer
[19:04:27] : Plc Error Timer
[19:04:33] : Plc Error Timer
[19:04:39] : Plc Error Timer
[19:04:45] : Plc Error Timer
[19:04:51] : Plc Error Timer
[19:04:57] : Plc Error Timer
[19:05:04] : Plc Error Timer
[19:05:10] : Plc Error Timer
[19:05:16] : Plc Error Timer
[19:05:22] : Plc Error Timer
[19:05:28] : Plc Error Timer
[19:05:34] : Plc Error Timer
[19:05:40] : Plc Error Timer
[19:05:46] : Plc Error Timer
[19:05:52] : Plc Error Timer
[19:05:58] : Plc Error Timer
[19:06:05] : Plc Error Timer
[19:06:11] : Plc Error Timer
[19:06:17] : Plc Error Timer
[19:06:23] : Plc Error Timer
[19:06:29] : Plc Error Timer
[19:06:35] : Plc Error Timer
[19:06:41] : Plc Error Timer
[19:06:47] : Plc Error Timer
[19:06:53] : Plc Error Timer
[19:06:59] : Plc Error Timer
[19:07:06] : Plc Error Timer
[19:07:12] : Plc Error Timer
[19:07:18] : Plc Error Timer
[19:07:24] : Plc Error Timer
[19:07:30] : Plc Error Timer
[19:07:36] : Plc Error Timer
[19:07:42] : Plc Error Timer
[19:07:48] : Plc Error Timer
[19:07:54] : Plc Error Timer
[19:08:00] : Plc Error Timer
[19:08:07] : Plc Error Timer
[19:08:13] : Plc Error Timer
[19:08:19] : Plc Error Timer
[19:08:25] : Plc Error Timer
[19:08:31] : Plc Error Timer
[19:08:37] : Plc Error Timer
[19:08:43] : Plc Error Timer
[19:08:49] : Plc Error Timer
[19:08:55] : Plc Error Timer
[19:09:01] : Plc Error Timer
[19:09:08] : Plc Error Timer
[19:09:14] : Plc Error Timer
[19:09:20] : Plc Error Timer
[19:09:26] : Plc Error Timer
[19:09:32] : Plc Error Timer
[19:09:38] : Plc Error Timer
[19:09:44] : Plc Error Timer
[19:09:50] : Plc Error Timer
[19:09:53] : PROGRAM END
 
[19:10:45] : PROGRAM START
[19:10:52] : Plc Error Timer
[19:10:58] : Plc Error Timer
[19:11:04] : Plc Error Timer
[19:11:10] : Plc Error Timer
[19:11:16] : Plc Error Timer
[19:11:22] : Plc Error Timer
[19:11:28] : Plc Error Timer
[19:11:34] : Plc Error Timer
[19:11:40] : Plc Error Timer
[19:11:46] : Plc Error Timer
[19:11:53] : Plc Error Timer
[19:11:59] : Plc Error Timer
[19:12:05] : Plc Error Timer
[19:12:11] : Plc Error Timer
[19:12:17] : Plc Error Timer
[19:12:23] : Plc Error Timer
[19:12:29] : Plc Error Timer
[19:12:35] : Plc Error Timer
[19:12:41] : Plc Error Timer
[19:12:47] : Plc Error Timer
[19:12:54] : Plc Error Timer
[19:13:00] : Plc Error Timer
[19:13:06] : Plc Error Timer
[19:13:12] : Plc Error Timer
[19:13:18] : Plc Error Timer
[19:13:24] : Plc Error Timer
[19:13:30] : Plc Error Timer
[19:13:36] : Plc Error Timer
[19:13:42] : Plc Error Timer
[19:13:48] : Plc Error Timer
[19:13:55] : Plc Error Timer
[19:14:01] : Plc Error Timer
[19:14:07] : Plc Error Timer
[19:14:13] : Plc Error Timer
[19:14:19] : Plc Error Timer
[19:14:25] : Plc Error Timer
[19:14:31] : Plc Error Timer
[19:14:37] : Plc Error Timer
[19:14:43] : Plc Error Timer
[19:14:49] : Plc Error Timer
[19:14:56] : Plc Error Timer
[19:15:02] : Plc Error Timer
[19:15:08] : Plc Error Timer
[19:15:14] : Plc Error Timer
[19:15:20] : Plc Error Timer
[19:15:26] : Plc Error Timer
[19:15:32] : Plc Error Timer
[19:15:38] : Plc Error Timer
[19:15:44] : Plc Error Timer
[19:15:50] : Plc Error Timer
[19:15:57] : Plc Error Timer
[19:16:04] : Plc Error Timer
[19:16:10] : Plc Error Timer
[19:16:17] : Plc Error Timer
[19:16:23] : Plc Error Timer
[19:16:29] : Plc Error Timer
[19:16:35] : Plc Error Timer
[19:16:41] : Plc Error Timer
[19:16:47] : Plc Error Timer
[19:16:53] : Plc Error Timer
[19:16:59] : Plc Error Timer
[19:17:05] : Plc Error Timer
[19:17:11] : Plc Error Timer
[19:17:18] : Plc Error Timer
[19:17:24] : Plc Error Timer
[19:17:30] : Plc Error Timer
[19:17:36] : Plc Error Timer
[19:17:42] : Plc Error Timer
[19:17:48] : Plc Error Timer
[19:17:54] : Plc Error Timer
[19:18:00] : Plc Error Timer
[19:18:06] : Plc Error Timer
[19:18:12] : Plc Error Timer
[19:18:19] : Plc Error Timer
[19:18:25] : Plc Error Timer
[19:18:31] : Plc Error Timer
[19:18:38] : PROGRAM END
 
[19:18:42] : PROGRAM START
[19:18:48] : Plc Error Timer
[19:18:54] : Plc Error Timer
[19:19:00] : Plc Error Timer
[19:19:06] : Plc Error Timer
[19:19:12] : Plc Error Timer
[19:19:18] : Plc Error Timer
[19:19:24] : Plc Error Timer
[19:19:30] : Plc Error Timer
[19:19:36] : Plc Error Timer
[19:19:42] : Plc Error Timer
[19:19:49] : Plc Error Timer
[19:19:51] : PROGRAM END
 
[19:19:55] : PROGRAM START
[19:20:01] : Plc Error Timer
[19:20:07] : Plc Error Timer
[19:20:11] : TCP FAIL 1
[19:20:13] : Plc Error Timer
[19:20:19] : Plc Error Timer
[19:20:22] : PROGRAM END
 
[19:20:26] : PROGRAM START
[19:20:32] : Plc Error Timer
[19:20:38] : Plc Error Timer
[19:20:53] : PROGRAM END
 
[19:21:35] : PROGRAM START
[19:21:41] : PROGRAM END
 
[19:21:53] : PROGRAM START
[19:21:59] : Plc Error Timer
[19:22:05] : Plc Error Timer
[19:22:11] : Plc Error Timer
[19:22:17] : Plc Error Timer
[19:22:23] : Plc Error Timer
[19:22:29] : Plc Error Timer
[19:22:35] : Plc Error Timer
[19:22:41] : Plc Error Timer
[19:22:47] : Plc Error Timer
[19:22:53] : Plc Error Timer
[19:23:00] : Plc Error Timer
[19:23:06] : Plc Error Timer
[19:23:12] : Plc Error Timer
[19:23:18] : Plc Error Timer
[19:23:24] : Plc Error Timer
[19:23:30] : Plc Error Timer
[19:23:36] : Plc Error Timer
[19:23:42] : Plc Error Timer
[19:23:48] : Plc Error Timer
[19:23:54] : Plc Error Timer
[19:24:01] : Plc Error Timer
[19:24:07] : Plc Error Timer
[19:24:13] : Plc Error Timer
[19:24:20] : Plc Error Timer
[19:24:26] : Plc Error Timer
[19:24:32] : Plc Error Timer
[19:24:38] : Plc Error Timer
[19:24:44] : Plc Error Timer
[19:24:50] : Plc Error Timer
[19:24:56] : Plc Error Timer
[19:25:02] : Plc Error Timer
[19:25:08] : Plc Error Timer
[19:25:15] : Plc Error Timer
[19:25:21] : Plc Error Timer
[19:25:27] : Plc Error Timer
[19:25:33] : Plc Error Timer
[19:25:39] : Plc Error Timer
[19:25:45] : Plc Error Timer
[19:25:51] : Plc Error Timer
[19:25:57] : Plc Error Timer
[19:26:03] : Plc Error Timer
[19:26:09] : Plc Error Timer
[19:26:16] : Plc Error Timer
[19:26:22] : Plc Error Timer
[19:26:28] : Plc Error Timer
[19:26:34] : Plc Error Timer
[19:26:40] : Plc Error Timer
[19:26:46] : Plc Error Timer
[19:26:52] : Plc Error Timer
[19:26:58] : Plc Error Timer
[19:27:04] : Plc Error Timer
[19:27:10] : Plc Error Timer
[19:27:17] : Plc Error Timer
[19:27:23] : Plc Error Timer
[19:27:29] : Plc Error Timer
[19:27:35] : Plc Error Timer
[19:27:41] : Plc Error Timer
[19:27:47] : Plc Error Timer
[19:27:53] : Plc Error Timer
[19:27:59] : Plc Error Timer
[19:28:05] : Plc Error Timer
[19:28:10] : PROGRAM END
 
[19:28:13] : PROGRAM START
[19:28:19] : Plc Error Timer
[19:28:25] : Plc Error Timer
[19:28:31] : Plc Error Timer
[19:28:37] : Plc Error Timer
[19:28:43] : Plc Error Timer
[19:28:49] : Plc Error Timer
[19:28:55] : Plc Error Timer
[19:29:01] : Plc Error Timer
[19:29:08] : PROGRAM END
 
[19:31:40] : PROGRAM START
[19:31:47] : Plc Error Timer
[19:31:53] : Plc Error Timer
[19:31:58] : PROGRAM END
 
[19:32:33] : PROGRAM START
[19:32:40] : Plc Error Timer
[19:32:46] : Plc Error Timer
[19:32:52] : Plc Error Timer
[19:32:58] : Plc Error Timer
[19:33:04] : Plc Error Timer
[19:33:10] : Plc Error Timer
[19:33:16] : Plc Error Timer
[19:33:22] : Plc Error Timer
[19:33:28] : Plc Error Timer
[19:33:34] : Plc Error Timer
[19:33:41] : Plc Error Timer
[19:33:47] : Plc Error Timer
[19:33:53] : Plc Error Timer
[19:33:59] : Plc Error Timer
[19:34:05] : Plc Error Timer
[19:34:11] : PROGRAM END
 
[19:34:26] : PROGRAM START
[19:34:33] : Plc Error Timer
[19:34:39] : Plc Error Timer
[19:34:45] : Plc Error Timer
[19:34:51] : PROGRAM END
 
[19:35:00] : PROGRAM START
[19:35:07] : Plc Error Timer
[19:35:13] : Plc Error Timer
[19:35:19] : Plc Error Timer
[19:35:25] : Plc Error Timer
[19:35:31] : Plc Error Timer
[19:35:37] : Plc Error Timer
[19:35:43] : Plc Error Timer
[19:35:49] : Plc Error Timer
[19:35:55] : Plc Error Timer
[19:36:01] : Plc Error Timer
[19:36:08] : Plc Error Timer
[19:36:14] : Plc Error Timer
[19:36:20] : Plc Error Timer
[19:36:26] : Plc Error Timer
[19:36:32] : Plc Error Timer
[19:36:38] : Plc Error Timer
[19:36:44] : Plc Error Timer
[19:36:50] : Plc Error Timer
[19:36:56] : Plc Error Timer
[19:37:02] : Plc Error Timer
[19:37:09] : Plc Error Timer
[19:37:15] : Plc Error Timer
[19:37:21] : Plc Error Timer
[19:37:27] : Plc Error Timer
[19:37:33] : Plc Error Timer
[19:37:39] : Plc Error Timer
[19:37:45] : Plc Error Timer
[19:37:51] : Plc Error Timer
[19:37:57] : Plc Error Timer
[19:38:03] : Plc Error Timer
[19:38:10] : Plc Error Timer
[19:38:16] : Plc Error Timer
[19:38:22] : Plc Error Timer
[19:38:28] : Plc Error Timer
[19:38:34] : Plc Error Timer
[19:38:40] : Plc Error Timer
[19:38:46] : Plc Error Timer
[19:38:52] : Plc Error Timer
[19:38:58] : Plc Error Timer
[19:39:04] : Plc Error Timer
[19:39:11] : Plc Error Timer
[19:39:17] : Plc Error Timer
[19:39:23] : Plc Error Timer
[19:39:29] : Plc Error Timer
[19:39:35] : Plc Error Timer
[19:39:41] : Plc Error Timer
[19:39:47] : Plc Error Timer
[19:39:53] : Plc Error Timer
[19:39:59] : Plc Error Timer
[19:40:05] : Plc Error Timer
[19:40:12] : Plc Error Timer
[19:40:18] : Plc Error Timer
[19:40:24] : Plc Error Timer
[19:40:30] : Plc Error Timer
[19:40:36] : Plc Error Timer
[19:40:42] : Plc Error Timer
[19:40:48] : Plc Error Timer
[19:40:54] : Plc Error Timer
[19:41:00] : Plc Error Timer
[19:41:06] : Plc Error Timer
[19:41:13] : Plc Error Timer
[19:41:19] : Plc Error Timer
[19:41:25] : Plc Error Timer
[19:41:31] : Plc Error Timer
[19:41:37] : Plc Error Timer
[19:41:43] : Plc Error Timer
[19:41:49] : Plc Error Timer
[19:41:55] : Plc Error Timer
[19:42:01] : Plc Error Timer
[19:42:07] : Plc Error Timer
[19:42:14] : Plc Error Timer
[19:42:20] : Plc Error Timer
[19:42:26] : Plc Error Timer
[19:42:32] : Plc Error Timer
[19:42:38] : Plc Error Timer
[19:42:44] : Plc Error Timer
[19:42:50] : Plc Error Timer
[19:42:56] : Plc Error Timer
[19:43:02] : Plc Error Timer
[19:43:08] : Plc Error Timer
[19:43:15] : Plc Error Timer
[19:43:21] : Plc Error Timer
[19:43:27] : Plc Error Timer
[19:43:33] : Plc Error Timer
[19:43:39] : Plc Error Timer
[19:43:45] : Plc Error Timer
[19:43:51] : Plc Error Timer
[19:43:57] : Plc Error Timer
[19:44:03] : Plc Error Timer
[19:44:09] : Plc Error Timer
[19:44:16] : Plc Error Timer
[19:44:22] : Plc Error Timer
[19:44:28] : Plc Error Timer
[19:44:34] : Plc Error Timer
[19:44:40] : Plc Error Timer
[19:44:46] : Plc Error Timer
[19:44:52] : Plc Error Timer
[19:44:58] : Plc Error Timer
[19:45:04] : Plc Error Timer
[19:45:10] : Plc Error Timer
[19:45:17] : Plc Error Timer
[19:45:23] : Plc Error Timer
[19:45:29] : Plc Error Timer
[19:45:35] : Plc Error Timer
[19:45:41] : Plc Error Timer
[19:45:47] : Plc Error Timer
[19:45:53] : Plc Error Timer
[19:45:59] : Plc Error Timer
[19:46:05] : Plc Error Timer
[19:46:11] : Plc Error Timer
[19:46:18] : Plc Error Timer
[19:46:24] : Plc Error Timer
[19:46:30] : Plc Error Timer
[19:46:36] : Plc Error Timer
[19:46:43] : PROGRAM END
 
[19:47:22] : PROGRAM START
[19:47:29] : Plc Error Timer
[19:47:35] : Plc Error Timer
[19:47:41] : Plc Error Timer
[19:47:47] : Plc Error Timer
[19:47:53] : Plc Error Timer
[19:47:59] : Plc Error Timer
[19:48:05] : Plc Error Timer
[19:48:11] : Plc Error Timer
[19:48:17] : Plc Error Timer
[19:48:23] : Plc Error Timer
[19:48:29] : Plc Error Timer
[19:48:36] : Plc Error Timer
[19:48:36] : AUTO RUNNING OFF
[19:48:36] : REQUEST MEAS. OFF
[19:48:36] : REQUEST ZEROSET OFF
[19:48:36] : REQUEST ZEROSET OFF
[19:49:17] : Plc Error Timer
[19:49:23] : Plc Error Timer
[19:49:29] : Plc Error Timer
[19:49:35] : Plc Error Timer
[19:50:10] : PROGRAM END
 
[19:51:34] : PROGRAM START
[19:51:36] : AUTO RUNNING OFF
[19:51:36] : REQUEST MEAS. OFF
[19:51:36] : REQUEST ZEROSET OFF
[19:51:36] : REQUEST ZEROSET OFF
[19:53:00] : Plc Error Timer
[19:53:06] : Plc Error Timer
[19:53:12] : Plc Error Timer
[19:53:20] : PROGRAM END
 
[19:53:23] : PROGRAM START
[19:53:25] : AUTO RUNNING OFF
[19:53:25] : REQUEST MEAS. OFF
[19:53:25] : REQUEST ZEROSET OFF
[19:53:25] : REQUEST ZEROSET OFF
[20:01:20] : Plc Error Timer
[20:03:23] : Plc Error Timer
[20:03:29] : Plc Error Timer
[20:03:35] : Plc Error Timer
[20:03:41] : Plc Error Timer
[20:03:47] : Plc Error Timer
[20:03:53] : Plc Error Timer
[20:03:59] : Plc Error Timer
[20:04:05] : Plc Error Timer
[20:04:11] : Plc Error Timer
[20:04:17] : Plc Error Timer
[20:04:24] : Plc Error Timer
[20:12:50] : Plc Error Timer
[20:12:59] : Plc Error Timer
[20:13:07] : Plc Error Timer
[20:13:13] : Plc Error Timer
[20:13:20] : Plc Error Timer
[20:13:27] : Plc Error Timer
[20:13:36] : Plc Error Timer
[20:22:30] : Plc Error Timer
[20:35:52] : Plc Error Timer
[20:51:51] : Plc Error Timer
[20:58:23] : Plc Error Timer
[20:58:42] : Plc Error Timer
[20:58:48] : Plc Error Timer
[20:58:59] : Plc Error Timer
 
