 
[13:38:38] : Cycle start ON
[13:38:41] : Cycle start OFF
[13:38:49] : REQUEST MEAS. ON
[13:38:52] : REQUEST MEAS. OFF
[13:40:13] : MEAS ESC ON
[13:40:13] : M3413 :	DOOR OPEN중 ON
[13:40:20] : MEAS ESC OFF
[13:40:20] : RESET ON
[13:40:20] : M3413 :	DOOR OPEN중 OFF
[13:40:23] : AUTO RUNNING ON
[14:06:35] : Cycle start ON
[14:06:37] : Cycle start OFF
[14:06:46] : REQUEST MEAS. ON
[14:06:49] : REQUEST MEAS. OFF
[14:31:22] : AUTO RUNNING OFF
[14:32:42] : AUTO RUNNING ON
[14:32:45] : Cycle start ON
[14:32:48] : Cycle start OFF
[14:32:56] : REQUEST MEAS. ON
[14:32:59] : REQUEST MEAS. OFF
[14:40:49] : Cycle start ON
[14:40:52] : Cycle start OFF
[14:41:00] : REQUEST MEAS. ON
[14:41:03] : REQUEST MEAS. OFF
[14:42:44] : Cycle start ON
[14:42:46] : Cycle start OFF
[14:42:55] : REQUEST MEAS. ON
[14:42:57] : REQUEST MEAS. OFF
[14:44:31] : Cycle start ON
[14:44:34] : Cycle start OFF
[14:44:42] : REQUEST MEAS. ON
[14:44:45] : REQUEST MEAS. OFF
[14:48:27] : Cycle start ON
[14:48:29] : Cycle start OFF
[14:48:38] : REQUEST MEAS. ON
[14:48:41] : REQUEST MEAS. OFF
[14:53:36] : Cycle start ON
[14:53:38] : Cycle start OFF
[14:53:46] : REQUEST MEAS. ON
[14:53:49] : REQUEST MEAS. OFF
[14:55:28] : Cycle start ON
[14:55:31] : Cycle start OFF
[14:55:39] : REQUEST MEAS. ON
[14:55:42] : REQUEST MEAS. OFF
[15:03:58] : Cycle start ON
[15:04:00] : Cycle start OFF
[15:04:08] : REQUEST MEAS. ON
[15:04:11] : REQUEST MEAS. OFF
[15:04:58] : Cycle start ON
[15:05:01] : Cycle start OFF
[15:05:09] : REQUEST MEAS. ON
[15:05:12] : REQUEST MEAS. OFF
[15:08:57] : Cycle start ON
[15:09:00] : Cycle start OFF
[15:09:08] : REQUEST MEAS. ON
[15:09:11] : REQUEST MEAS. OFF
[15:17:18] : Cycle start ON
[15:17:20] : Cycle start OFF
[15:17:29] : REQUEST MEAS. ON
[15:17:32] : REQUEST MEAS. OFF
[15:18:48] : Cycle start ON
[15:18:50] : Cycle start OFF
[15:18:59] : REQUEST MEAS. ON
[15:19:01] : REQUEST MEAS. OFF
[15:21:04] : Cycle start ON
[15:21:06] : Cycle start OFF
[15:21:15] : REQUEST MEAS. ON
[15:21:18] : REQUEST MEAS. OFF
[15:22:59] : Cycle start ON
[15:23:02] : Cycle start OFF
[15:23:10] : REQUEST MEAS. ON
[15:23:13] : REQUEST MEAS. OFF
[15:24:31] : Cycle start ON
[15:24:34] : Cycle start OFF
[15:24:42] : REQUEST MEAS. ON
[15:24:45] : REQUEST MEAS. OFF
[16:06:13] : MEAS ESC ON
[16:06:13] : AUTO RUNNING OFF
[16:06:13] : M3413 :	DOOR OPEN중 ON
[16:06:17] : MEAS ESC OFF
[16:06:17] : RESET ON
[16:06:17] : M3413 :	DOOR OPEN중 OFF
[16:06:26] : MEAS ESC ON
[16:06:26] : M3400 : 비상입니다. ON
[16:06:28] : MEAS ESC OFF
[16:06:28] : RESET ON
[16:06:28] : M3400 : 비상입니다. OFF
[16:06:28] : RESET ON
[16:07:57] : MEAS ESC ON
[16:07:57] : M3400 : 비상입니다. ON
[16:07:58] : MEAS ESC OFF
[16:07:58] : RESET ON
[16:07:58] : M3400 : 비상입니다. OFF
[16:08:42] : RESET ON
[16:10:35] : Cycle start ON
[16:10:36] : Cycle start OFF
[16:10:44] : REQUEST ZEROSET ON
[16:10:47] : REQUEST ZEROSET OFF
[16:11:19] : Cycle start ON
[16:11:20] : Cycle start OFF
[16:11:27] : REQUEST ZEROSET ON
[16:11:30] : REQUEST ZEROSET OFF
[16:11:40] : Cycle start ON
[16:11:42] : Cycle start OFF
[16:11:49] : REQUEST ZEROSET ON
[16:11:52] : REQUEST ZEROSET OFF
[16:14:44] : Cycle start ON
[16:14:45] : Cycle start OFF
[16:14:53] : REQUEST ZEROSET ON
[16:14:55] : REQUEST ZEROSET OFF
[16:15:08] : Cycle start ON
[16:15:09] : Cycle start OFF
[16:15:17] : REQUEST ZEROSET ON
[16:15:20] : REQUEST ZEROSET OFF
[16:17:15] : Cycle start ON
[16:17:16] : Cycle start OFF
[16:17:24] : REQUEST ZEROSET ON
[16:17:27] : REQUEST ZEROSET OFF
[16:17:37] : Cycle start ON
[16:17:38] : Cycle start OFF
[16:17:45] : REQUEST ZEROSET ON
[16:17:48] : REQUEST ZEROSET OFF
[16:19:12] : Cycle start ON
[16:19:15] : Cycle start OFF
[16:19:23] : REQUEST MEAS. ON
[16:19:25] : REQUEST MEAS. OFF
[16:22:43] : Cycle start ON
[16:22:45] : Cycle start OFF
[16:22:53] : REQUEST MEAS. ON
[16:22:56] : REQUEST MEAS. OFF
[16:23:18] : Cycle start ON
[16:23:21] : Cycle start OFF
[16:23:28] : REQUEST MEAS. ON
[16:23:31] : REQUEST MEAS. OFF
[16:24:21] : Cycle start ON
[16:24:24] : Cycle start OFF
[16:24:31] : REQUEST MEAS. ON
[16:24:34] : REQUEST MEAS. OFF
[16:41:46] : Cycle start ON
[16:41:48] : Cycle start OFF
[16:41:55] : REQUEST ZEROSET ON
[16:41:58] : REQUEST ZEROSET OFF
[16:44:52] : Cycle start ON
[16:44:54] : Cycle start OFF
[16:45:01] : REQUEST ZEROSET ON
[16:45:04] : REQUEST ZEROSET OFF
[16:53:38] : Cycle start ON
[16:53:41] : Cycle start OFF
[16:53:48] : REQUEST MEAS. ON
[16:53:51] : REQUEST MEAS. OFF
[16:56:20] : Cycle start ON
[16:56:23] : Cycle start OFF
[16:56:30] : REQUEST MEAS. ON
[16:56:33] : REQUEST MEAS. OFF
[16:57:19] : Cycle start ON
[16:57:22] : Cycle start OFF
[16:57:29] : REQUEST MEAS. ON
[16:57:32] : REQUEST MEAS. OFF
[16:58:48] : Cycle start ON
[16:58:51] : Cycle start OFF
[16:58:58] : REQUEST MEAS. ON
[16:59:01] : REQUEST MEAS. OFF
[16:59:37] : Cycle start ON
[16:59:40] : Cycle start OFF
[16:59:47] : REQUEST MEAS. ON
[16:59:50] : REQUEST MEAS. OFF
[17:01:23] : Cycle start ON
[17:01:25] : Cycle start OFF
[17:01:33] : REQUEST MEAS. ON
[17:01:36] : REQUEST MEAS. OFF
[17:20:48] : Cycle start ON
[17:20:50] : Cycle start OFF
[17:20:58] : REQUEST MEAS. ON
[17:21:01] : REQUEST MEAS. OFF
[17:23:56] : Cycle start ON
[17:23:58] : Cycle start OFF
[17:24:06] : REQUEST MEAS. ON
[17:24:08] : REQUEST MEAS. OFF
[17:25:11] : Cycle start ON
[17:25:14] : Cycle start OFF
[17:25:21] : REQUEST MEAS. ON
[17:25:24] : REQUEST MEAS. OFF
[17:40:43] : Cycle start ON
[17:40:45] : Cycle start OFF
[17:40:52] : REQUEST ZEROSET ON
[17:40:55] : REQUEST ZEROSET OFF
[17:41:06] : Cycle start ON
[17:41:08] : Cycle start OFF
[17:41:15] : REQUEST ZEROSET ON
[17:41:18] : REQUEST ZEROSET OFF
[17:41:37] : Cycle start ON
[17:41:40] : Cycle start OFF
[17:41:47] : REQUEST MEAS. ON
[17:41:50] : REQUEST MEAS. OFF
[17:42:12] : Cycle start ON
[17:42:15] : Cycle start OFF
[17:42:22] : REQUEST MEAS. ON
[17:42:25] : REQUEST MEAS. OFF
[17:46:10] : Cycle start ON
[17:46:13] : Cycle start OFF
[17:46:20] : REQUEST MEAS. ON
[17:46:23] : REQUEST MEAS. OFF
[17:46:35] : Cycle start ON
[17:46:38] : Cycle start OFF
[17:46:45] : REQUEST MEAS. ON
[17:46:48] : REQUEST MEAS. OFF
[17:46:59] : Cycle start ON
[17:47:02] : Cycle start OFF
[17:47:09] : REQUEST MEAS. ON
[17:47:12] : REQUEST MEAS. OFF
[17:47:38] : Cycle start ON
[17:47:41] : Cycle start OFF
[17:47:48] : REQUEST MEAS. ON
[17:47:51] : REQUEST MEAS. OFF
[17:48:09] : Cycle start ON
[17:48:12] : Cycle start OFF
[17:48:19] : REQUEST MEAS. ON
[17:48:22] : REQUEST MEAS. OFF
[17:48:42] : Cycle start ON
[17:48:45] : Cycle start OFF
[17:48:52] : REQUEST MEAS. ON
[17:48:55] : REQUEST MEAS. OFF
[17:49:06] : Cycle start ON
[17:49:09] : Cycle start OFF
[17:49:16] : REQUEST MEAS. ON
[17:49:19] : REQUEST MEAS. OFF
[17:49:29] : Cycle start ON
[17:49:32] : Cycle start OFF
[17:49:39] : REQUEST MEAS. ON
[17:49:42] : REQUEST MEAS. OFF
[17:49:55] : Cycle start ON
[17:49:57] : Cycle start OFF
[17:50:05] : REQUEST MEAS. ON
[17:50:07] : REQUEST MEAS. OFF
[17:50:20] : Cycle start ON
[17:50:22] : Cycle start OFF
[17:50:30] : REQUEST MEAS. ON
[17:50:32] : REQUEST MEAS. OFF
[17:50:54] : Cycle start ON
[17:50:56] : Cycle start OFF
[17:51:03] : REQUEST MEAS. ON
[17:51:06] : REQUEST MEAS. OFF
[17:51:17] : Cycle start ON
[17:51:20] : Cycle start OFF
[17:51:27] : REQUEST MEAS. ON
[17:51:30] : REQUEST MEAS. OFF
[17:51:40] : Cycle start ON
[17:51:43] : Cycle start OFF
[17:51:50] : REQUEST MEAS. ON
[17:51:53] : REQUEST MEAS. OFF
[17:52:05] : Cycle start ON
[17:52:08] : Cycle start OFF
[17:52:15] : REQUEST MEAS. ON
[17:52:18] : REQUEST MEAS. OFF
[17:52:28] : Cycle start ON
[17:52:31] : Cycle start OFF
[17:52:38] : REQUEST MEAS. ON
[17:52:41] : REQUEST MEAS. OFF
[17:52:53] : Cycle start ON
[17:52:55] : Cycle start OFF
[17:53:03] : REQUEST MEAS. ON
[17:53:06] : REQUEST MEAS. OFF
[17:53:17] : Cycle start ON
[17:53:20] : Cycle start OFF
[17:53:27] : REQUEST MEAS. ON
[17:53:30] : REQUEST MEAS. OFF
[17:53:40] : Cycle start ON
[17:53:43] : Cycle start OFF
[17:53:50] : REQUEST MEAS. ON
[17:53:53] : REQUEST MEAS. OFF
[17:54:02] : Cycle start ON
[17:54:05] : Cycle start OFF
[17:54:12] : REQUEST MEAS. ON
[17:54:15] : REQUEST MEAS. OFF
[17:54:40] : Cycle start ON
[17:54:42] : Cycle start OFF
[17:54:50] : REQUEST MEAS. ON
[17:54:52] : REQUEST MEAS. OFF
 
