[10:06:16] : MEAS ESC ON
[10:06:18] : MEAS ESC OFF
[10:06:18] : AUTO RUNNING ON
[10:07:00] : Cycle start ON
[10:07:02] : Cycle start OFF
[10:07:08] : REQUEST MEAS. ON
[10:07:17] : REQUEST MEAS. OFF
[10:07:17] : end pos sig1 : 50.000000, 50.000000
[10:07:17] : 측정요구 ON 2
[10:07:27] : 측정요구 2OFF
[10:07:27] : end pos sig2 : -50.000000, -50.000000
[10:07:31] : 측정요구3 ON
[10:07:40] : 측정요구3 OFF
[10:07:40] : end pos sig3 : 50.000000, 50.000000
[10:07:40] : 측정요구4 ON
[10:07:49] : 측정요구4 OFF
[10:07:49] : end pos sig4 : -50.000000, -50.000000
[10:07:49] : 12,20181218-100750,AL18121450726,,OK,MAX,2, ,AUTO,0.50,7.00,2.69,OK,0.50,7.00,1.73,OK,0.50,7.00,0.98,OK,0.50,7.00,2.48,OK,
[10:08:07] : Cycle start ON
[10:08:09] : Cycle start OFF
[10:08:16] : REQUEST MEAS. ON
[10:08:25] : REQUEST MEAS. OFF
[10:08:25] : end pos sig1 : 50.000000, 50.000000
[10:08:25] : 측정요구 ON 2
[10:08:34] : 측정요구 2OFF
[10:08:34] : end pos sig2 : -50.000000, -50.000000
[10:08:38] : 측정요구3 ON
[10:08:47] : 측정요구3 OFF
[10:08:47] : end pos sig3 : 50.000000, 50.000000
[10:08:47] : 측정요구4 ON
[10:08:56] : 측정요구4 OFF
[10:08:56] : end pos sig4 : -50.000000, -50.000000
[10:08:56] : 12,20181218-100857,AL18121450776,,OK,MAX,2, ,AUTO,0.50,7.00,2.19,OK,0.50,7.00,1.29,OK,0.50,7.00,1.67,OK,0.50,7.00,1.07,OK,
[10:09:16] : AUTO RUNNING OFF
[10:09:46] : MEAS ESC ON
[10:09:46] : MEAS ESC OFF
[10:09:46] : AUTO RUNNING ON
[10:10:23] : AUTO RUNNING OFF
[10:32:35] : MEAS ESC ON
[10:32:36] : MEAS ESC OFF
[10:32:36] : AUTO RUNNING ON
[10:39:55] : AUTO RUNNING OFF
[10:39:56] : MEAS ESC ON
[10:39:56] : MEAS ESC OFF
[10:39:56] : AUTO RUNNING ON
[10:40:52] : AUTO RUNNING OFF
[10:40:53] : MEAS ESC ON
[10:40:54] : MEAS ESC OFF
[10:40:54] : AUTO RUNNING ON
[10:41:04] : AUTO RUNNING OFF
[10:41:05] : MEAS ESC ON
[10:41:06] : MEAS ESC OFF
[10:41:07] : MEAS ESC ON
[10:41:08] : MEAS ESC OFF
[10:41:08] : AUTO RUNNING ON
[10:49:04] : AUTO RUNNING OFF
[10:49:44] : MEAS ESC ON
[10:49:44] : MEAS ESC OFF
[10:49:44] : AUTO RUNNING ON
[10:50:28] : Cycle start ON
[10:50:30] : Cycle start OFF
[10:50:37] : REQUEST MEAS. ON
[10:50:46] : REQUEST MEAS. OFF
[10:50:46] : end pos sig1 : 50.000000, 50.000000
[10:50:46] : 측정요구 ON 2
[10:50:55] : 측정요구 2OFF
[10:50:55] : end pos sig2 : -50.000000, -50.000000
[10:50:59] : 측정요구3 ON
[10:51:08] : 측정요구3 OFF
[10:51:08] : end pos sig3 : 50.000000, 50.000000
[10:51:08] : 측정요구4 ON
[10:51:18] : 측정요구4 OFF
[10:51:18] : end pos sig4 : -50.000000, -50.000000
[10:51:18] : 12,20181218-105118,AL18121450516,,OK,MAX,2, ,AUTO,0.50,7.00,1.41,OK,0.50,7.00,1.45,OK,0.50,7.00,2.59,OK,0.50,7.00,1.44,OK,
[10:51:36] : Cycle start ON
[10:51:38] : Cycle start OFF
[10:51:44] : REQUEST MEAS. ON
[10:51:54] : REQUEST MEAS. OFF
[10:51:54] : end pos sig1 : 50.000000, 50.000000
[10:51:54] : 측정요구 ON 2
[10:52:04] : 측정요구 2OFF
[10:52:04] : end pos sig2 : -50.000000, -50.000000
[10:52:07] : 측정요구3 ON
[10:52:16] : 측정요구3 OFF
[10:52:16] : end pos sig3 : 50.000000, 50.000000
[10:52:16] : 측정요구4 ON
[10:52:26] : 측정요구4 OFF
[10:52:26] : end pos sig4 : -50.000000, -50.000000
[10:52:26] : 12,20181218-105226,AL18121450486,,OK,MAX,2, ,AUTO,0.50,7.00,2.98,OK,0.50,7.00,1.51,OK,0.50,7.00,1.20,OK,0.50,7.00,3.14,OK,
[10:52:36] : AUTO RUNNING OFF
[10:53:16] : MEAS ESC ON
[10:53:16] : MEAS ESC OFF
[10:53:16] : AUTO RUNNING ON
[10:54:26] : AUTO RUNNING OFF
[10:54:52] : MEAS ESC ON
[10:54:53] : MEAS ESC OFF
[10:54:53] : AUTO RUNNING ON
[10:55:38] : Cycle start ON
[10:55:40] : Cycle start OFF
[10:55:47] : REQUEST MEAS. ON
[10:55:56] : REQUEST MEAS. OFF
[10:55:56] : end pos sig1 : 50.000000, 50.000000
[10:55:56] : 측정요구 ON 2
[10:56:06] : 측정요구 2OFF
[10:56:06] : end pos sig2 : -50.000000, -50.000000
[10:56:09] : 측정요구3 ON
[10:56:18] : 측정요구3 OFF
[10:56:18] : end pos sig3 : 50.000000, 50.000000
[10:56:18] : 측정요구4 ON
[10:56:20] : AUTO RUNNING OFF
[10:56:20] : 측정요구4 OFF
[10:56:20] : end pos sig4 : 34.390000, 34.390000
[11:27:24] : MEAS ESC ON
[11:27:25] : MEAS ESC OFF
[11:27:25] : AUTO RUNNING ON
[11:27:25] : 측정요구4 ON
[11:27:25] : 측정요구4 OFF
[11:27:25] : end pos sig4 : -50.000000, -50.000000
[11:27:25] : 12,20181218-112726,AL18121450766,,NG,MAX,2, ,AUTO,0.50,7.00,2.16,OK,0.50,7.00,3.09,NG,0.50,7.00,1.89,OK,0.50,7.00,1.83,NG,
[11:28:06] : Cycle start ON
[11:28:08] : Cycle start OFF
[11:28:14] : REQUEST MEAS. ON
[11:28:24] : REQUEST MEAS. OFF
[11:28:24] : end pos sig1 : 50.000000, 50.000000
[11:28:24] : 측정요구 ON 2
[11:28:33] : 측정요구 2OFF
[11:28:33] : end pos sig2 : -50.000000, -50.000000
[11:28:37] : 측정요구3 ON
[11:28:46] : 측정요구3 OFF
[11:28:46] : end pos sig3 : 50.000000, 50.000000
[11:28:46] : 측정요구4 ON
[11:28:55] : 측정요구4 OFF
[11:28:55] : end pos sig4 : -50.000000, -50.000000
[11:28:55] : 12,20181218-112856,AL18121450706,,OK,MAX,2, ,AUTO,0.50,7.00,2.16,OK,0.50,7.00,0.94,OK,0.50,7.00,2.10,OK,0.50,7.00,2.00,OK,
[11:29:13] : Cycle start ON
[11:29:14] : Cycle start OFF
[11:29:21] : REQUEST MEAS. ON
[11:29:30] : REQUEST MEAS. OFF
[11:29:30] : end pos sig1 : 50.000000, 50.000000
[11:29:30] : 측정요구 ON 2
[11:29:40] : 측정요구 2OFF
[11:29:40] : end pos sig2 : -50.000000, -50.000000
[11:29:43] : 측정요구3 ON
[11:29:52] : 측정요구3 OFF
[11:29:52] : end pos sig3 : 50.000000, 50.000000
[11:29:52] : 측정요구4 ON
[11:30:02] : 측정요구4 OFF
[11:30:02] : end pos sig4 : -50.000000, -50.000000
[11:30:02] : 12,20181218-113003,AL18121450626,,OK,MAX,2, ,AUTO,0.50,7.00,2.51,OK,0.50,7.00,0.84,OK,0.50,7.00,1.22,OK,0.50,7.00,0.91,OK,
[11:30:20] : Cycle start ON
[11:30:22] : Cycle start OFF
[11:30:29] : REQUEST MEAS. ON
[11:30:38] : REQUEST MEAS. OFF
[11:30:38] : end pos sig1 : 50.000000, 50.000000
[11:30:38] : 측정요구 ON 2
[11:30:47] : 측정요구 2OFF
[11:30:47] : end pos sig2 : -50.000000, -50.000000
[11:30:51] : 측정요구3 ON
[11:31:00] : 측정요구3 OFF
[11:31:00] : end pos sig3 : 50.000000, 50.000000
[11:31:00] : 측정요구4 ON
[11:31:09] : 측정요구4 OFF
[11:31:09] : end pos sig4 : -50.000000, -50.000000
[11:31:09] : 12,20181218-113110,AL18121450576,,OK,MAX,2, ,AUTO,0.50,7.00,2.39,OK,0.50,7.00,1.61,OK,0.50,7.00,2.76,OK,0.50,7.00,0.91,OK,
[11:31:28] : Cycle start ON
[11:31:30] : Cycle start OFF
[11:31:36] : REQUEST MEAS. ON
[11:31:45] : REQUEST MEAS. OFF
[11:31:45] : end pos sig1 : 50.000000, 50.000000
[11:31:45] : 측정요구 ON 2
[11:31:55] : 측정요구 2OFF
[11:31:55] : end pos sig2 : -50.000000, -50.000000
[11:31:58] : 측정요구3 ON
[11:32:07] : 측정요구3 OFF
[11:32:07] : end pos sig3 : 50.000000, 50.000000
[11:32:07] : 측정요구4 ON
[11:32:17] : 측정요구4 OFF
[11:32:17] : end pos sig4 : -50.000000, -50.000000
[11:32:17] : 12,20181218-113217,AL18121450556,,OK,MAX,2, ,AUTO,0.50,7.00,2.77,OK,0.50,7.00,1.27,OK,0.50,7.00,1.04,OK,0.50,7.00,0.77,OK,
[11:33:16] : AUTO RUNNING OFF
[11:33:37] : MEAS ESC ON
[11:33:38] : MEAS ESC OFF
[11:33:38] : AUTO RUNNING ON
[11:33:48] : AUTO RUNNING OFF
[11:34:10] : MEAS ESC ON
[11:34:11] : MEAS ESC OFF
[11:34:11] : AUTO RUNNING ON
[11:34:35] : AUTO RUNNING OFF
[11:36:38] : MEAS ESC ON
[11:36:38] : MEAS ESC OFF
[11:36:38] : AUTO RUNNING ON
[11:42:35] : AUTO RUNNING OFF
 
 
