[08:53:06] : AUTO RUNNING ON
[08:54:02] : AUTO RUNNING OFF
[08:54:08] : AUTO RUNNING ON
[08:55:01] : AUTO RUNNING OFF
[10:29:27] : MEAS ESC ON
[10:29:29] : MEAS ESC OFF
[10:29:47] : MEAS ESC ON
[10:30:03] : MEAS ESC OFF
[10:30:04] : MEAS ESC ON
[10:30:48] : MEAS ESC OFF
[10:31:13] : MEAS ESC ON
[10:31:37] : MEAS ESC OFF
[10:49:57] : Plc Error Timer
[10:50:03] : Plc Error Timer
[10:56:29] : Plc Error Timer
[11:28:10] : MEAS ESC ON
[11:28:11] : MEAS ESC OFF
 
[11:53:05] : MEAS ESC ON
[11:53:06] : MEAS ESC OFF
[12:06:45] : Plc Error Timer
[14:31:51] : MEAS ESC ON
[14:34:24] : MEAS ESC OFF
[14:35:55] : MEAS ESC ON
[14:36:54] : MEAS ESC OFF
[15:02:32] : MEAS ESC ON
[15:03:21] : MEAS ESC OFF
[15:03:21] : AUTO RUNNING ON
[15:03:37] : AUTO RUNNING OFF
[15:44:43] : MEAS ESC ON
[15:44:44] : MEAS ESC OFF
[15:44:44] : AUTO RUNNING ON
[15:44:52] : AUTO RUNNING OFF
[16:03:47] : MEAS ESC ON
[16:03:49] : MEAS ESC OFF
[16:03:49] : AUTO RUNNING ON
[16:03:54] : AUTO RUNNING OFF
[16:12:07] : MEAS ESC ON
[16:12:14] : MEAS ESC OFF
[16:14:00] : MEAS ESC ON
[16:14:02] : MEAS ESC OFF
[16:14:02] : AUTO RUNNING ON
[16:14:49] : Cycle start ON
[16:14:51] : Cycle start OFF
[16:14:57] : REQUEST MEAS. ON
[16:15:06] : REQUEST MEAS. OFF
[16:15:06] : end pos sig1 : 50.000000, 50.000000
[16:15:06] : 측정요구 ON 2
[16:15:16] : 측정요구 2OFF
[16:15:16] : end pos sig2 : -50.000000, -50.000000
[16:15:19] : 측정요구3 ON
[16:15:28] : 측정요구3 OFF
[16:15:28] : end pos sig3 : 50.000000, 50.000000
[16:15:28] : 측정요구4 ON
[16:15:38] : 측정요구4 OFF
[16:15:38] : end pos sig4 : -50.000000, -50.000000
[16:15:38] : 12,20181213-161538,CJ18120550921,CF 18112010901,OK,MAX,2, ,AUTO,0.50,7.00,1.59,OK,0.50,7.00,0.85,OK,0.50,7.00,2.81,OK,0.50,7.00,1.68,OK,
[16:15:53] : Cycle start ON
[16:15:55] : Cycle start OFF
[16:16:01] : REQUEST MEAS. ON
[16:16:10] : REQUEST MEAS. OFF
[16:16:10] : end pos sig1 : 50.000000, 50.000000
[16:16:10] : 측정요구 ON 2
[16:16:20] : 측정요구 2OFF
[16:16:20] : end pos sig2 : -50.000000, -50.000000
[16:16:24] : 측정요구3 ON
[16:16:33] : 측정요구3 OFF
[16:16:33] : end pos sig3 : 50.000000, 50.000000
[16:16:33] : 측정요구4 ON
[16:16:43] : 측정요구4 OFF
[16:16:43] : end pos sig4 : -50.000000, -50.000000
[16:16:43] : 12,20181213-161643,CJ18120550821,CF 18112010861,OK,MAX,2, ,AUTO,0.50,7.00,1.67,OK,0.50,7.00,0.99,OK,0.50,7.00,2.09,OK,0.50,7.00,1.27,OK,
[16:17:04] : Cycle start ON
[16:17:07] : Cycle start OFF
[16:17:13] : REQUEST MEAS. ON
[16:17:22] : REQUEST MEAS. OFF
[16:17:22] : end pos sig1 : 50.000000, 50.000000
[16:17:22] : 측정요구 ON 2
[16:17:32] : 측정요구 2OFF
[16:17:32] : end pos sig2 : -50.000000, -50.000000
[16:17:35] : 측정요구3 ON
[16:17:44] : 측정요구3 OFF
[16:17:44] : end pos sig3 : 50.000000, 50.000000
[16:17:44] : 측정요구4 ON
[16:17:54] : 측정요구4 OFF
[16:17:54] : end pos sig4 : -50.000000, -50.000000
[16:17:57] : TCP FAIL 1
[16:18:28] : Cycle start ON
[16:18:30] : Cycle start OFF
[16:18:37] : REQUEST MEAS. ON
[16:18:46] : REQUEST MEAS. OFF
[16:18:46] : end pos sig1 : 50.000000, 50.000000
[16:18:46] : 측정요구 ON 2
[16:18:55] : 측정요구 2OFF
[16:18:55] : end pos sig2 : -50.000000, -50.000000
[16:18:59] : 측정요구3 ON
[16:19:08] : 측정요구3 OFF
[16:19:08] : end pos sig3 : 50.000000, 50.000000
[16:19:08] : 측정요구4 ON
[16:19:17] : 측정요구4 OFF
[16:19:17] : end pos sig4 : -50.000000, -50.000000
[16:19:17] : 12,20181213-161918,CJ18120550751,CF 18112010981,OK,MAX,2, ,AUTO,0.50,7.00,1.20,OK,0.50,7.00,1.03,OK,0.50,7.00,2.06,OK,0.50,7.00,1.20,OK,
[16:19:34] : Cycle start ON
[16:19:36] : Cycle start OFF
[16:19:42] : REQUEST MEAS. ON
[16:19:51] : REQUEST MEAS. OFF
[16:19:51] : end pos sig1 : 50.000000, 50.000000
[16:19:51] : 측정요구 ON 2
[16:20:01] : 측정요구 2OFF
[16:20:01] : end pos sig2 : -50.000000, -50.000000
[16:20:05] : 측정요구3 ON
[16:20:14] : 측정요구3 OFF
[16:20:14] : end pos sig3 : 50.000000, 50.000000
[16:20:14] : 측정요구4 ON
[16:20:23] : 측정요구4 OFF
[16:20:23] : end pos sig4 : -50.000000, -50.000000
[16:20:23] : 12,20181213-162024,CJ18120550521,CF 18112010941,OK,MAX,2, ,AUTO,0.50,7.00,1.62,OK,0.50,7.00,1.18,OK,0.50,7.00,2.01,OK,0.50,7.00,1.20,OK,
[16:20:39] : Cycle start ON
[16:22:17] : AUTO RUNNING OFF
[16:22:17] : Cycle start OFF
[16:24:38] : MEAS ESC ON
[16:24:40] : MEAS ESC OFF
[16:24:40] : AUTO RUNNING ON
[16:24:40] : Cycle start ON
[16:24:40] : Cycle start OFF
[16:24:47] : REQUEST MEAS. ON
[16:24:56] : REQUEST MEAS. OFF
[16:24:56] : end pos sig1 : 50.000000, 50.000000
[16:24:56] : 측정요구 ON 2
[16:25:05] : 측정요구 2OFF
[16:25:05] : end pos sig2 : -50.000000, -50.000000
[16:25:08] : 측정요구3 ON
[16:25:17] : 측정요구3 OFF
[16:25:17] : end pos sig3 : 50.000000, 50.000000
[16:25:17] : 측정요구4 ON
[16:25:27] : 측정요구4 OFF
[16:25:27] : end pos sig4 : -50.000000, -50.000000
[16:25:27] : 12,20181213-162527,CJ18120550471,CF 18112010971,OK,MAX,2, ,AUTO,0.50,7.00,1.08,OK,0.50,7.00,1.37,OK,0.50,7.00,1.66,OK,0.50,7.00,1.62,OK,
[16:25:40] : AUTO RUNNING OFF
[16:25:41] : MEAS ESC ON
[16:25:43] : MEAS ESC OFF
[16:25:43] : AUTO RUNNING ON
[16:25:53] : AUTO RUNNING OFF
[16:25:56] : MEAS ESC ON
[16:25:57] : MEAS ESC OFF
[16:25:57] : AUTO RUNNING ON
[16:26:06] : AUTO RUNNING OFF
[16:26:07] : MEAS ESC ON
[16:26:08] : MEAS ESC OFF
[16:26:08] : AUTO RUNNING ON
[16:28:26] : Cycle start ON
[16:33:19] : Cycle start OFF
[16:33:26] : REQUEST MEAS. ON
[16:33:35] : REQUEST MEAS. OFF
[16:33:35] : end pos sig1 : 50.000000, 50.000000
[16:33:35] : 측정요구 ON 2
[16:33:44] : 측정요구 2OFF
[16:33:44] : end pos sig2 : -50.000000, -50.000000
[16:33:48] : 측정요구3 ON
[16:33:57] : 측정요구3 OFF
[16:33:57] : end pos sig3 : 50.000000, 50.000000
[16:33:57] : 측정요구4 ON
[16:34:06] : 측정요구4 OFF
[16:34:06] : end pos sig4 : -50.000000, -50.000000
[16:34:06] : 12,20181213-163407,CJ18120550711,CF 18100414473,OK,MAX,2, ,AUTO,0.50,7.00,0.88,OK,0.50,7.00,1.68,OK,0.50,7.00,2.70,OK,0.50,7.00,1.11,OK,
[16:36:09] : AUTO RUNNING OFF
[16:37:14] : MEAS ESC ON
[16:37:15] : MEAS ESC OFF
[16:37:15] : AUTO RUNNING ON
[16:39:22] : Cycle start ON
[16:39:24] : Cycle start OFF
[16:39:31] : REQUEST MEAS. ON
[16:39:40] : REQUEST MEAS. OFF
[16:39:40] : end pos sig1 : 50.000000, 50.000000
[16:39:40] : 측정요구 ON 2
[16:39:50] : 측정요구 2OFF
[16:39:50] : end pos sig2 : -50.000000, -50.000000
[16:39:53] : 측정요구3 ON
[16:40:02] : 측정요구3 OFF
[16:40:02] : end pos sig3 : 50.000000, 50.000000
[16:40:02] : 측정요구4 ON
[16:40:12] : 측정요구4 OFF
[16:40:12] : end pos sig4 : -50.000000, -50.000000
[16:40:12] : 12,20181213-164012,CJ18120550681,CF 18112010251,OK,MAX,2, ,AUTO,0.50,7.00,1.26,OK,0.50,7.00,1.68,OK,0.50,7.00,2.11,OK,0.50,7.00,1.41,OK,
[16:40:46] : AUTO RUNNING OFF
[16:42:35] : MEAS ESC ON
[16:42:36] : MEAS ESC OFF
[16:42:36] : AUTO RUNNING ON
[16:55:30] : AUTO RUNNING OFF
[16:55:43] : MEAS ESC ON
[16:55:58] : MEAS ESC OFF
[16:56:48] : MEAS ESC ON
[16:57:03] : MEAS ESC OFF
[16:58:19] : MEAS ESC ON
[17:00:06] : MEAS ESC OFF
[17:00:06] : AUTO RUNNING ON
[17:00:47] : Cycle start ON
[17:00:49] : Cycle start OFF
[17:00:55] : REQUEST MEAS. ON
[17:01:04] : REQUEST MEAS. OFF
[17:01:04] : end pos sig1 : 50.000000, 50.000000
[17:01:05] : 측정요구 ON 2
[17:01:14] : 측정요구 2OFF
[17:01:14] : end pos sig2 : -50.000000, -50.000000
[17:01:18] : 측정요구3 ON
[17:01:27] : 측정요구3 OFF
[17:01:27] : end pos sig3 : 50.000000, 50.000000
[17:01:27] : 측정요구4 ON
[17:01:36] : 측정요구4 OFF
[17:01:36] : end pos sig4 : -50.000000, -50.000000
[17:01:36] : 12,20181213-170137,AL18071945771,CF 18112010251,OK,MAX,2, ,AUTO,0.50,7.00,1.17,OK,0.50,7.00,1.17,OK,0.50,7.00,2.06,OK,0.50,7.00,0.76,OK,
[17:01:52] : Cycle start ON
[17:01:54] : Cycle start OFF
[17:02:00] : REQUEST MEAS. ON
[17:02:07] : AUTO RUNNING OFF
[17:02:07] : REQUEST MEAS. OFF
[17:02:07] : end pos sig1 : 31.550000, 31.540000
[17:04:57] : MEAS ESC ON
[17:04:58] : MEAS ESC OFF
[17:04:58] : AUTO RUNNING ON
[17:04:58] : REQUEST MEAS. ON
[17:04:59] : REQUEST MEAS. OFF
[17:04:59] : end pos sig1 : 50.000000, 50.000000
[17:04:59] : 측정요구 ON 2
[17:05:09] : 측정요구 2OFF
[17:05:09] : end pos sig2 : -50.000000, -50.000000
[17:05:12] : 측정요구3 ON
[17:05:21] : 측정요구3 OFF
[17:05:21] : end pos sig3 : 50.000000, 50.000000
[17:05:21] : 측정요구4 ON
[17:05:31] : 측정요구4 OFF
[17:05:31] : end pos sig4 : -50.000000, -50.000000
[17:05:31] : 12,20181213-170532,AL18071945371,CF 18112010251,NG,MAX,2, ,AUTO,0.50,7.00,0.99,NG,0.50,7.00,0.71,OK,0.50,7.00,0.91,NG,0.50,7.00,0.74,OK,
[17:08:44] : AUTO RUNNING OFF
[17:08:45] : MEAS ESC ON
[17:08:46] : MEAS ESC OFF
[17:08:46] : AUTO RUNNING ON
[17:14:05] : Cycle start ON
[17:14:07] : Cycle start OFF
[17:14:13] : REQUEST MEAS. ON
[17:14:22] : REQUEST MEAS. OFF
[17:14:22] : end pos sig1 : 50.000000, 50.000000
[17:14:22] : 측정요구 ON 2
[17:14:32] : 측정요구 2OFF
[17:14:32] : end pos sig2 : -50.000000, -50.000000
[17:14:36] : 측정요구3 ON
[17:14:45] : 측정요구3 OFF
[17:14:45] : end pos sig3 : 50.000000, 50.000000
[17:14:45] : 측정요구4 ON
[17:14:54] : 측정요구4 OFF
[17:14:54] : end pos sig4 : -50.000000, -50.000000
[17:14:54] : 12,20181213-171455,AL18071945521,CF 18112010251,OK,MAX,2, ,AUTO,0.50,7.00,1.53,OK,0.50,7.00,0.81,OK,0.50,7.00,1.29,OK,0.50,7.00,1.05,OK,
[17:15:14] : Cycle start ON
[17:15:16] : Cycle start OFF
[17:15:22] : REQUEST MEAS. ON
[17:15:31] : REQUEST MEAS. OFF
[17:15:31] : end pos sig1 : 50.000000, 50.000000
[17:15:31] : 측정요구 ON 2
[17:15:41] : 측정요구 2OFF
[17:15:41] : end pos sig2 : -50.000000, -50.000000
[17:15:45] : 측정요구3 ON
[17:15:54] : 측정요구3 OFF
[17:15:54] : end pos sig3 : 50.000000, 50.000000
[17:15:54] : 측정요구4 ON
[17:16:03] : 측정요구4 OFF
[17:16:03] : end pos sig4 : -50.000000, -50.000000
[17:16:03] : 12,20181213-171604,AL18071945011,CF 18112010251,OK,MAX,2, ,AUTO,0.50,7.00,1.25,OK,0.50,7.00,0.86,OK,0.50,7.00,1.17,OK,0.50,7.00,1.53,OK,
[17:35:13] : AUTO RUNNING OFF
[17:36:58] : MEAS ESC ON
[17:36:58] : MEAS ESC OFF
[17:36:58] : AUTO RUNNING ON
[17:39:08] : Cycle start ON
[17:39:09] : Cycle start OFF
[17:39:16] : REQUEST MEAS. ON
[17:39:25] : REQUEST MEAS. OFF
[17:39:25] : end pos sig1 : 50.000000, 50.000000
[17:39:25] : 측정요구 ON 2
[17:39:34] : AUTO RUNNING OFF
[17:39:34] : 측정요구 2OFF
[17:39:34] : end pos sig2 : -50.000000, -50.000000
[17:44:44] : MEAS ESC ON
[17:44:54] : MEAS ESC OFF
[17:45:43] : MEAS ESC ON
[17:45:43] : MEAS ESC OFF
[17:45:43] : AUTO RUNNING ON
[17:45:43] : 측정요구 ON 2
[17:45:44] : 측정요구 2OFF
[17:45:44] : end pos sig2 : -50.000000, -50.000000
[17:45:47] : 측정요구3 ON
[17:45:56] : 측정요구3 OFF
[17:45:56] : end pos sig3 : 50.000000, 50.000000
[17:45:56] : 측정요구4 ON
[17:46:06] : 측정요구4 OFF
[17:46:06] : end pos sig4 : -50.000000, -50.000000
[17:46:06] : 12,20181213-174606,AL18071945151,CF 18112010251,NG,MAX,2, ,AUTO,0.50,7.00,1.92,NG,0.50,7.00,0.76,OK,0.50,7.00,1.19,NG,0.50,7.00,2.13,OK,
[17:47:37] : Cycle start ON
[17:47:39] : Cycle start OFF
[17:51:20] : REQUEST MEAS. ON
[17:51:29] : REQUEST MEAS. OFF
[17:51:29] : end pos sig1 : 50.000000, 50.000000
[17:51:29] : 측정요구 ON 2
[17:51:38] : 측정요구 2OFF
[17:51:38] : end pos sig2 : -50.000000, -50.000000
[17:51:41] : 측정요구3 ON
[17:51:50] : 측정요구3 OFF
[17:51:50] : end pos sig3 : 50.000000, 50.000000
[17:51:50] : 측정요구4 ON
[17:52:00] : 측정요구4 OFF
[17:52:00] : end pos sig4 : -50.000000, -50.000000
[17:52:00] : 12,20181213-175201,AL18071945221,CF 18112010251,OK,MAX,2, ,AUTO,0.50,7.00,1.98,OK,0.50,7.00,1.18,OK,0.50,7.00,1.42,OK,0.50,7.00,1.87,OK,
[18:01:07] : AUTO RUNNING OFF
[18:01:27] : MEAS ESC ON
[18:06:16] : MEAS ESC OFF
[18:06:17] : MEAS ESC ON
[18:06:20] : MEAS ESC OFF
[18:06:20] : AUTO RUNNING ON
[18:12:12] : AUTO RUNNING OFF
[18:22:52] : MEAS ESC ON
[18:22:55] : MEAS ESC OFF
[18:22:55] : AUTO RUNNING ON
[18:22:59] : AUTO RUNNING OFF
[18:23:51] : MEAS ESC ON
[18:23:52] : MEAS ESC OFF
[18:23:52] : AUTO RUNNING ON
[18:34:40] : AUTO RUNNING OFF
[19:40:44] : MEAS ESC ON
[19:40:46] : MEAS ESC OFF
[19:42:22] : MEAS ESC ON
[19:42:26] : MEAS ESC OFF
[19:42:55] : MEAS ESC ON
[19:42:57] : MEAS ESC OFF
[19:42:58] : MEAS ESC ON
[19:42:59] : MEAS ESC OFF
[19:43:01] : MEAS ESC ON
[19:43:02] : MEAS ESC OFF
[19:44:53] : MEAS ESC ON
[19:45:04] : MEAS ESC OFF
[21:32:56] : MEAS ESC ON
[21:32:58] : MEAS ESC OFF
[21:32:58] : AUTO RUNNING ON
[21:33:34] : Cycle start ON
[21:33:36] : Cycle start OFF
[21:33:42] : REQUEST MEAS. ON
[21:33:51] : REQUEST MEAS. OFF
[21:33:51] : end pos sig1 : 50.000000, 50.000000
[21:33:51] : 측정요구 ON 2
[21:34:00] : 측정요구 2OFF
[21:34:00] : end pos sig2 : -50.000000, -50.000000
[21:34:04] : 측정요구3 ON
[21:34:13] : 측정요구3 OFF
[21:34:13] : end pos sig3 : 50.000000, 50.000000
[21:34:13] : 측정요구4 ON
[21:34:22] : 측정요구4 OFF
[21:34:22] : end pos sig4 : -50.000000, -50.000000
[21:34:22] : 12,20181213-213423,AL18071945581,CF 18112010251,OK,MAX,2, ,AUTO,0.50,7.00,1.47,OK,0.50,7.00,0.62,OK,0.50,7.00,1.49,OK,0.50,7.00,0.87,OK,
[21:34:34] : AUTO RUNNING OFF
[21:34:38] : MEAS ESC ON
[21:34:40] : MEAS ESC OFF
[21:34:40] : AUTO RUNNING ON
[21:45:32] : AUTO RUNNING OFF
[21:46:13] : MEAS ESC ON
[21:46:14] : MEAS ESC OFF
[21:46:14] : AUTO RUNNING ON
[21:46:53] : Cycle start ON
[21:46:55] : Cycle start OFF
[21:53:58] : AUTO RUNNING OFF
[21:54:28] : MEAS ESC ON
[21:54:28] : MEAS ESC OFF
[21:54:28] : AUTO RUNNING ON
[22:00:59] : REQUEST MEAS. ON
[22:01:08] : REQUEST MEAS. OFF
[22:01:08] : end pos sig1 : 50.000000, 50.000000
[22:01:08] : 측정요구 ON 2
[22:01:17] : 측정요구 2OFF
[22:01:17] : end pos sig2 : -50.000000, -50.000000
[22:01:21] : 측정요구3 ON
[22:01:30] : 측정요구3 OFF
[22:01:30] : end pos sig3 : 50.000000, 50.000000
[22:01:30] : 측정요구4 ON
[22:01:39] : 측정요구4 OFF
[22:01:39] : end pos sig4 : -50.000000, -50.000000
[22:01:39] : 12,20181213-220140,AL18071945421,CF 18112010251,OK,MAX,2, ,AUTO,0.50,7.00,1.40,OK,0.50,7.00,0.57,OK,0.50,7.00,1.87,OK,0.50,7.00,1.83,OK,
[22:16:43] : AUTO RUNNING OFF
 
