 
[12:02:54] : PROGRAM END
 
[12:18:31] : PROGRAM START
[12:18:36] : AUTO RUNNING OFF
[12:18:36] : REQUEST MEAS. OFF
[12:18:36] : end pos sig1 : 50.000000, 50.000000
[12:18:36] : end pos sig2 : 50.000000, 50.000000
[12:18:36] : end pos sig3 : 50.000000, 50.000000
[12:18:36] : REQUEST ZEROSET OFF
[12:18:36] : REQUEST ZEROSET OFF
[12:18:36] : end pos sig4 : 50.000000, 50.000000
[12:19:21] : PROGRAM END
 
[12:19:29] : PROGRAM START
[12:19:35] : AUTO RUNNING OFF
[12:19:35] : REQUEST MEAS. OFF
[12:19:35] : end pos sig1 : 50.000000, 50.000000
[12:19:35] : end pos sig2 : 50.000000, 50.000000
[12:19:35] : end pos sig3 : 50.000000, 50.000000
[12:19:35] : REQUEST ZEROSET OFF
[12:19:35] : REQUEST ZEROSET OFF
[12:19:35] : end pos sig4 : 50.000000, 50.000000
[13:01:48] : PROGRAM END
 
[13:04:05] : PROGRAM START
[13:04:11] : AUTO RUNNING OFF
[13:04:11] : REQUEST MEAS. OFF
[13:04:11] : end pos sig1 : 50.000000, 50.000000
[13:04:11] : end pos sig2 : 50.000000, 50.000000
[13:04:11] : end pos sig3 : 50.000000, 50.000000
[13:04:11] : REQUEST ZEROSET OFF
[13:04:11] : REQUEST ZEROSET OFF
[13:04:11] : end pos sig4 : 50.000000, 50.000000
[13:04:51] : PROGRAM END
 
[13:07:48] : PROGRAM START
[13:07:54] : AUTO RUNNING OFF
[13:07:54] : REQUEST MEAS. OFF
[13:07:54] : end pos sig1 : 50.000000, 50.000000
[13:07:54] : end pos sig2 : 50.000000, 50.000000
[13:07:54] : end pos sig3 : 50.000000, 50.000000
[13:07:54] : REQUEST ZEROSET OFF
[13:07:54] : REQUEST ZEROSET OFF
[13:07:54] : end pos sig4 : 50.000000, 50.000000
[13:08:36] : PROGRAM END
 
[13:08:43] : PROGRAM START
[13:08:48] : AUTO RUNNING OFF
[13:08:48] : REQUEST MEAS. OFF
[13:08:48] : end pos sig1 : 50.000000, 50.000000
[13:08:48] : end pos sig2 : 50.000000, 50.000000
[13:08:48] : end pos sig3 : 50.000000, 50.000000
[13:08:48] : REQUEST ZEROSET OFF
[13:08:48] : REQUEST ZEROSET OFF
[13:08:48] : end pos sig4 : 50.000000, 50.000000
[13:33:40] : PROGRAM END
 
[14:03:52] : PROGRAM START
[14:04:04] : Plc Error Timer
[14:17:14] : PROGRAM END
 
[14:17:18] : PROGRAM START
[14:17:40] : Plc Error Timer
[14:17:51] : PROGRAM END
 
[14:00:52] : PROGRAM START
[14:00:58] : AUTO RUNNING OFF
[14:00:58] : REQUEST MEAS. OFF
[14:00:58] : end pos sig1 : 50.000000, 50.000000
[14:00:58] : end pos sig2 : 50.000000, 50.000000
[14:00:58] : end pos sig3 : 50.000000, 50.000000
[14:00:58] : REQUEST ZEROSET OFF
[14:00:58] : REQUEST ZEROSET OFF
[14:00:58] : end pos sig4 : 50.000000, 50.000000
[14:17:56] : PROGRAM END
 
[14:17:59] : PROGRAM START
[14:18:06] : AUTO RUNNING OFF
[14:18:06] : REQUEST MEAS. OFF
[14:18:06] : end pos sig1 : 50.000000, 50.000000
[14:18:06] : end pos sig2 : 50.000000, 50.000000
[14:18:06] : end pos sig3 : 50.000000, 50.000000
[14:18:06] : REQUEST ZEROSET OFF
[14:18:06] : REQUEST ZEROSET OFF
[14:18:06] : end pos sig4 : 50.000000, 50.000000
 
