[10:36:59] : PROGRAM END
 
[10:37:33] : PROGRAM START
[10:37:35] : AUTO RUNNING OFF
[10:37:35] : REQUEST MEAS. OFF
[10:37:35] : REQUEST ZEROSET OFF
[10:37:35] : REQUEST ZEROSET OFF
[11:15:11] : MEAS ESC ON
[11:15:11] : AUTO RUNNING ON
[11:15:17] : MEAS ESC OFF
[11:15:17] : AUTO RUNNING OFF
[11:19:14] : MEAS ESC ON
[11:19:14] : AUTO RUNNING ON
[11:19:51] : Cycle start ON
[11:19:52] : Cycle start OFF
[11:19:52] : Cycle start ON
[11:19:53] : Cycle start OFF
[11:33:07] : MEAS ESC OFF
[11:33:07] : AUTO RUNNING OFF
[11:33:59] : MEAS ESC ON
[11:33:59] : AUTO RUNNING ON
[11:34:09] : REQUEST MEAS. ON
[11:34:18] : REQUEST MEAS. OFF
[11:34:20] : 측정요구 ON 2
[11:34:29] : 측정요구 2OFF
[11:34:33] : 측정요구3 ON
[11:34:42] : 측정요구3 OFF
[11:34:43] : 측정요구4 ON
[11:34:52] : 측정요구4 OFF
[11:34:52] : 12,20181121-113452,CF18112053271,CF 18082410013,OK,MAX,2, ,0.50,7.00,3.42,OK,0.50,7.00,4.09,OK,0.50,7.00,2.36,OK,0.50,7.00,2.44,OK,
[11:35:07] : Cycle start ON
[11:35:09] : Cycle start OFF
[11:35:39] : REQUEST MEAS. ON
[11:35:48] : REQUEST MEAS. OFF
[11:35:50] : 측정요구 ON 2
[11:35:59] : 측정요구 2OFF
[11:36:03] : 측정요구3 ON
[11:36:12] : 측정요구3 OFF
[11:36:13] : 측정요구4 ON
[11:36:22] : 측정요구4 OFF
[11:36:22] : 12,20181121-113623,CF18112053151,,OK,MAX,2, ,0.50,7.00,4.46,OK,0.50,7.00,4.08,OK,0.50,7.00,1.79,OK,0.50,7.00,4.07,OK,
[11:36:41] : Cycle start ON
[11:36:44] : Cycle start OFF
[11:37:10] : REQUEST MEAS. ON
[11:37:19] : REQUEST MEAS. OFF
[11:37:21] : 측정요구 ON 2
[11:37:30] : 측정요구 2OFF
[11:37:33] : 측정요구3 ON
[11:37:42] : 측정요구3 OFF
[11:37:43] : 측정요구4 ON
[11:37:52] : 측정요구4 OFF
[11:37:52] : 12,20181121-113753,CF18112053261,,OK,MAX,2, ,0.50,7.00,2.43,OK,0.50,7.00,3.52,OK,0.50,7.00,1.72,OK,0.50,7.00,1.44,OK,
[11:38:08] : Cycle start ON
[11:38:11] : Cycle start OFF
[11:38:40] : REQUEST MEAS. ON
[11:38:49] : REQUEST MEAS. OFF
[11:38:51] : 측정요구 ON 2
[11:39:00] : 측정요구 2OFF
[11:39:03] : 측정요구3 ON
[11:39:12] : 측정요구3 OFF
[11:39:14] : 측정요구4 ON
[11:39:23] : 측정요구4 OFF
[11:39:23] : 12,20181121-113923,CF18112053171,,OK,MAX,2, ,0.50,7.00,2.19,OK,0.50,7.00,5.17,OK,0.50,7.00,1.72,OK,0.50,7.00,1.94,OK,
[11:39:56] : Cycle start ON
[11:39:59] : Cycle start OFF
[11:40:16] : REQUEST MEAS. ON
[11:40:25] : REQUEST MEAS. OFF
[11:40:26] : 측정요구 ON 2
[11:40:35] : 측정요구 2OFF
[11:40:39] : 측정요구3 ON
[11:40:48] : 측정요구3 OFF
[11:40:49] : 측정요구4 ON
[11:40:58] : 측정요구4 OFF
[11:40:58] : 12,20181121-114059,CF18112053191,,OK,MAX,2, ,0.50,7.00,3.13,OK,0.50,7.00,4.54,OK,0.50,7.00,1.55,OK,0.50,7.00,1.96,OK,
[11:41:52] : Cycle start ON
[11:41:54] : Cycle start OFF
[11:41:59] : REQUEST MEAS. ON
[11:42:08] : REQUEST MEAS. OFF
[11:42:10] : 측정요구 ON 2
[11:42:19] : 측정요구 2OFF
[11:42:22] : 측정요구3 ON
[11:42:29] : MEAS ESC OFF
[11:42:29] : AUTO RUNNING OFF
[11:57:16] : MEAS ESC ON
[11:57:16] : AUTO RUNNING ON
 
[11:57:16] : 측정요구3 OFF
[11:57:18] : 측정요구4 ON
[11:57:27] : 측정요구4 OFF
[11:57:27] : 12,20181121-115728,CF18112053211,,OK,MAX,2, ,0.50,7.00,3.04,OK,0.50,7.00,4.52,OK,0.50,7.00,1.96,OK,0.50,7.00,1.96,OK,
[11:58:01] : Cycle start ON
[11:58:03] : Cycle start OFF
[11:58:33] : REQUEST MEAS. ON
[11:58:42] : REQUEST MEAS. OFF
[11:58:43] : 측정요구 ON 2
[11:58:52] : 측정요구 2OFF
[11:58:55] : 측정요구3 ON
[11:59:04] : 측정요구3 OFF
[11:59:06] : 측정요구4 ON
[11:59:15] : 측정요구4 OFF
[11:59:15] : 12,20181121-115915,CF18112053221,,OK,MAX,2, ,0.50,7.00,3.93,OK,0.50,7.00,4.17,OK,0.50,7.00,2.02,OK,0.50,7.00,2.74,OK,
[12:00:04] : Cycle start ON
[12:00:06] : Cycle start OFF
[12:00:34] : REQUEST MEAS. ON
[12:00:43] : REQUEST MEAS. OFF
[12:00:45] : 측정요구 ON 2
[12:00:54] : 측정요구 2OFF
[12:00:57] : 측정요구3 ON
[12:01:06] : 측정요구3 OFF
[12:01:08] : 측정요구4 ON
[12:01:17] : 측정요구4 OFF
[12:01:17] : 12,20181121-120117,CF18112053241,,OK,MAX,2, ,0.50,7.00,1.44,OK,0.50,7.00,4.04,OK,0.50,7.00,1.93,OK,0.50,7.00,2.24,OK,
[12:01:34] : Cycle start ON
[12:01:36] : Cycle start OFF
[12:02:05] : REQUEST MEAS. ON
[12:02:14] : REQUEST MEAS. OFF
[12:02:15] : 측정요구 ON 2
[12:02:24] : 측정요구 2OFF
[12:02:28] : 측정요구3 ON
[12:02:37] : 측정요구3 OFF
[12:02:38] : 측정요구4 ON
[12:02:47] : 측정요구4 OFF
[12:02:47] : 12,20181121-120247,CF18112053951,,OK,MAX,2, ,0.50,7.00,3.79,OK,0.50,7.00,3.82,OK,0.50,7.00,1.56,OK,0.50,7.00,1.91,OK,
[12:03:03] : Cycle start ON
[12:03:06] : Cycle start OFF
[12:03:34] : REQUEST MEAS. ON
[12:03:43] : REQUEST MEAS. OFF
[12:03:45] : 측정요구 ON 2
[12:03:54] : 측정요구 2OFF
[12:03:58] : 측정요구3 ON
[12:04:07] : 측정요구3 OFF
[12:04:08] : 측정요구4 ON
[12:04:17] : 측정요구4 OFF
[12:04:17] : 12,20181121-120418,CF18112053471,,OK,MAX,2, ,0.50,7.00,3.46,OK,0.50,7.00,4.76,OK,0.50,7.00,1.69,OK,0.50,7.00,2.41,OK,
[12:04:34] : Cycle start ON
[12:04:36] : Cycle start OFF
[12:05:05] : REQUEST MEAS. ON
[12:05:14] : REQUEST MEAS. OFF
[12:05:16] : 측정요구 ON 2
[12:05:25] : 측정요구 2OFF
[12:05:28] : 측정요구3 ON
[12:05:37] : 측정요구3 OFF
[12:05:38] : 측정요구4 ON
[12:05:47] : 측정요구4 OFF
[12:05:47] : 12,20181121-120548,CF18112053491,,OK,MAX,2, ,0.50,7.00,2.17,OK,0.50,7.00,4.01,OK,0.50,7.00,1.80,OK,0.50,7.00,1.95,OK,
[12:06:04] : Cycle start ON
[12:06:07] : Cycle start OFF
[12:06:36] : REQUEST MEAS. ON
[12:06:44] : REQUEST MEAS. OFF
[12:06:46] : 측정요구 ON 2
[12:06:55] : 측정요구 2OFF
[12:06:58] : 측정요구3 ON
[12:07:07] : 측정요구3 OFF
[12:07:09] : 측정요구4 ON
[12:07:18] : 측정요구4 OFF
[12:07:18] : 12,20181121-120718,CF18112053501,,OK,MAX,2, ,0.50,7.00,4.83,OK,0.50,7.00,4.30,OK,0.50,7.00,1.75,OK,0.50,7.00,2.46,OK,
[12:08:56] : MEAS ESC OFF
[12:08:56] : AUTO RUNNING OFF
[13:59:31] : PROGRAM END
 
[14:48:43] : PROGRAM START
[14:48:45] : AUTO RUNNING OFF
[14:48:45] : REQUEST MEAS. OFF
[14:48:45] : REQUEST ZEROSET OFF
[14:48:45] : REQUEST ZEROSET OFF
[14:53:52] : PROGRAM END
 
[15:57:53] : PROGRAM START
[15:57:55] : AUTO RUNNING OFF
[15:57:55] : REQUEST MEAS. OFF
[15:57:55] : REQUEST ZEROSET OFF
[15:57:55] : REQUEST ZEROSET OFF
[16:46:50] : PROGRAM END
 
[16:46:53] : PROGRAM START
[16:46:54] : AUTO RUNNING OFF
[16:46:54] : REQUEST MEAS. OFF
[16:46:54] : REQUEST ZEROSET OFF
[16:46:54] : REQUEST ZEROSET OFF
[18:25:06] : MEAS ESC ON
[18:25:06] : AUTO RUNNING ON
[18:26:24] : Cycle start ON
[18:26:26] : Cycle start OFF
[18:26:53] : REQUEST MEAS. ON
[18:27:02] : REQUEST MEAS. OFF
[18:27:04] : 측정요구 ON 2
[18:27:13] : 측정요구 2OFF
[18:27:16] : 측정요구3 ON
[18:27:25] : 측정요구3 OFF
[18:27:27] : 측정요구4 ON
[18:27:36] : 측정요구4 OFF
[18:27:36] : 12,20181121-182736,CF18112053891,,OK,MAX,2, ,0.50,7.00,2.01,OK,0.50,7.00,3.31,OK,0.50,7.00,1.93,OK,0.50,7.00,1.39,OK,
[18:27:52] : Cycle start ON
[18:27:54] : Cycle start OFF
[18:28:24] : REQUEST MEAS. ON
[18:28:33] : REQUEST MEAS. OFF
[18:28:34] : 측정요구 ON 2
[18:28:43] : 측정요구 2OFF
[18:28:47] : 측정요구3 ON
[18:28:56] : 측정요구3 OFF
[18:28:57] : 측정요구4 ON
[18:29:06] : 측정요구4 OFF
[18:29:06] : 12,20181121-182907,CF18112053901,,OK,MAX,2, ,0.50,7.00,3.37,OK,0.50,7.00,4.31,OK,0.50,7.00,1.75,OK,0.50,7.00,2.26,OK,
[18:29:59] : Cycle start ON
[18:30:01] : Cycle start OFF
[18:30:06] : REQUEST MEAS. ON
[18:30:15] : REQUEST MEAS. OFF
[18:30:17] : 측정요구 ON 2
[18:30:26] : 측정요구 2OFF
[18:30:29] : 측정요구3 ON
[18:30:38] : 측정요구3 OFF
[18:30:39] : 측정요구4 ON
[18:30:48] : 측정요구4 OFF
[18:30:48] : 12,20181121-183049,CF18112053911,,OK,MAX,2, ,0.50,7.00,3.31,OK,0.50,7.00,4.69,OK,0.50,7.00,2.19,OK,0.50,7.00,1.68,OK,
[18:31:05] : Cycle start ON
[18:31:07] : Cycle start OFF
[18:31:37] : REQUEST MEAS. ON
[18:31:45] : REQUEST MEAS. OFF
[18:31:47] : 측정요구 ON 2
[18:31:56] : 측정요구 2OFF
[18:31:59] : 측정요구3 ON
[18:32:08] : 측정요구3 OFF
[18:32:10] : 측정요구4 ON
[18:32:19] : 측정요구4 OFF
[18:32:19] : 12,20181121-183219,CF18112053861,,OK,MAX,2, ,0.50,7.00,4.31,OK,0.50,7.00,3.82,OK,0.50,7.00,3.46,OK,0.50,7.00,1.57,OK,
[18:32:35] : Cycle start ON
[18:32:38] : Cycle start OFF
[18:33:06] : REQUEST MEAS. ON
[18:33:15] : REQUEST MEAS. OFF
[18:33:17] : 측정요구 ON 2
[18:33:26] : 측정요구 2OFF
[18:33:29] : 측정요구3 ON
[18:33:38] : 측정요구3 OFF
[18:33:40] : 측정요구4 ON
[18:33:49] : 측정요구4 OFF
[18:33:49] : 12,20181121-183349,CF18112053871,,OK,MAX,2, ,0.50,7.00,3.87,OK,0.50,7.00,3.56,OK,0.50,7.00,1.83,OK,0.50,7.00,4.84,OK,
[18:34:06] : Cycle start ON
[18:34:08] : Cycle start OFF
[18:34:36] : REQUEST MEAS. ON
[18:34:45] : REQUEST MEAS. OFF
[18:34:47] : 측정요구 ON 2
[18:34:56] : 측정요구 2OFF
[18:34:59] : 측정요구3 ON
[18:35:08] : 측정요구3 OFF
[18:35:10] : 측정요구4 ON
[18:35:19] : 측정요구4 OFF
[18:35:19] : 12,20181121-183519,CF18112053831,,OK,MAX,2, ,0.50,7.00,4.10,OK,0.50,7.00,5.87,OK,0.50,7.00,2.00,OK,0.50,7.00,1.83,OK,
[18:35:35] : Cycle start ON
[18:35:38] : Cycle start OFF
[18:36:07] : REQUEST MEAS. ON
[18:36:15] : REQUEST MEAS. OFF
[18:36:17] : 측정요구 ON 2
[18:36:26] : 측정요구 2OFF
[18:36:30] : 측정요구3 ON
[18:36:39] : 측정요구3 OFF
[18:36:40] : 측정요구4 ON
[18:36:49] : 측정요구4 OFF
[18:36:49] : 12,20181121-183649,CF18112053821,,OK,MAX,2, ,0.50,7.00,3.84,OK,0.50,7.00,4.19,OK,0.50,7.00,1.66,OK,0.50,7.00,1.36,OK,
[18:37:06] : Cycle start ON
[18:37:09] : Cycle start OFF
[18:37:38] : REQUEST MEAS. ON
[18:37:46] : REQUEST MEAS. OFF
[18:37:48] : 측정요구 ON 2
[18:37:57] : 측정요구 2OFF
[18:38:00] : 측정요구3 ON
[18:38:09] : 측정요구3 OFF
[18:38:10] : 측정요구4 ON
[18:38:19] : 측정요구4 OFF
[18:38:19] : 12,20181121-183820,CF18112053841,,OK,MAX,2, ,0.50,7.00,2.59,OK,0.50,7.00,4.60,OK,0.50,7.00,2.47,OK,0.50,7.00,1.99,OK,
[18:38:36] : Cycle start ON
[18:38:39] : Cycle start OFF
[18:39:08] : REQUEST MEAS. ON
[18:39:16] : REQUEST MEAS. OFF
[18:39:18] : 측정요구 ON 2
[18:39:27] : 측정요구 2OFF
[18:39:30] : 측정요구3 ON
[18:39:39] : 측정요구3 OFF
[18:39:41] : 측정요구4 ON
[18:39:50] : 측정요구4 OFF
[18:39:50] : 12,20181121-183950,CF18112052551,,OK,MAX,2, ,0.50,7.00,3.22,OK,0.50,7.00,3.51,OK,0.50,7.00,1.79,OK,0.50,7.00,1.62,OK,
[18:40:06] : Cycle start ON
[18:40:09] : Cycle start OFF
[18:40:38] : REQUEST MEAS. ON
[18:40:46] : REQUEST MEAS. OFF
[18:40:48] : 측정요구 ON 2
[18:40:57] : 측정요구 2OFF
[18:41:00] : 측정요구3 ON
[18:41:09] : 측정요구3 OFF
[18:41:11] : 측정요구4 ON
[18:41:20] : 측정요구4 OFF
[18:41:20] : 12,20181121-184120,CF18112052541,,OK,MAX,2, ,0.50,7.00,3.50,OK,0.50,7.00,4.76,OK,0.50,7.00,1.70,OK,0.50,7.00,1.69,OK,
[18:41:36] : Cycle start ON
[18:41:39] : Cycle start OFF
[18:42:07] : REQUEST MEAS. ON
[18:42:16] : REQUEST MEAS. OFF
[18:42:18] : 측정요구 ON 2
[18:42:27] : 측정요구 2OFF
[18:42:30] : 측정요구3 ON
[18:42:39] : 측정요구3 OFF
[18:42:41] : 측정요구4 ON
[18:42:50] : 측정요구4 OFF
[18:42:50] : 12,20181121-184250,CF18112053401,,OK,MAX,2, ,0.50,7.00,3.09,OK,0.50,7.00,5.49,OK,0.50,7.00,1.89,OK,0.50,7.00,2.51,OK,
[18:43:06] : Cycle start ON
[18:43:09] : Cycle start OFF
[18:43:37] : REQUEST MEAS. ON
[18:43:46] : REQUEST MEAS. OFF
[18:43:48] : 측정요구 ON 2
[18:43:57] : 측정요구 2OFF
[18:44:01] : 측정요구3 ON
[18:44:10] : 측정요구3 OFF
[18:44:11] : 측정요구4 ON
[18:44:20] : 측정요구4 OFF
[18:44:20] : 12,20181121-184421,CF18112052571,,OK,MAX,2, ,0.50,7.00,3.95,OK,0.50,7.00,2.55,OK,0.50,7.00,1.62,OK,0.50,7.00,1.41,OK,
[18:44:36] : Cycle start ON
[18:44:39] : Cycle start OFF
[18:45:08] : REQUEST MEAS. ON
[18:45:17] : REQUEST MEAS. OFF
[18:45:18] : 측정요구 ON 2
[18:45:27] : 측정요구 2OFF
[18:45:31] : 측정요구3 ON
[18:45:40] : 측정요구3 OFF
[18:45:41] : 측정요구4 ON
[18:45:42] : MEAS ESC OFF
[18:45:42] : AUTO RUNNING OFF
[18:46:16] : MEAS ESC ON
[18:46:16] : AUTO RUNNING ON
[18:46:16] : 측정요구4 OFF
[18:53:48] : MEAS ESC OFF
[19:16:06] : Cycle start ON
[19:16:08] : Cycle start OFF
[19:16:37] : REQUEST MEAS. ON
[19:16:46] : REQUEST MEAS. OFF
[19:16:48] : 측정요구 ON 2
[19:16:57] : 측정요구 2OFF
[19:17:00] : 측정요구3 ON
[19:17:09] : 측정요구3 OFF
[19:17:11] : 측정요구4 ON
[19:17:20] : 측정요구4 OFF
[19:17:20] : 12,20181121-191720,CF18112052601,,OK,MAX,2, ,0.50,7.00,3.37,OK,0.50,7.00,3.72,OK,0.50,7.00,1.83,OK,0.50,7.00,1.26,OK,
[19:17:35] : Cycle start ON
[19:17:38] : Cycle start OFF
[19:18:08] : REQUEST MEAS. ON
[19:18:16] : REQUEST MEAS. OFF
[19:18:18] : 측정요구 ON 2
[19:18:27] : 측정요구 2OFF
[19:18:30] : 측정요구3 ON
[19:18:39] : 측정요구3 OFF
[19:18:41] : 측정요구4 ON
[19:18:50] : 측정요구4 OFF
[19:18:50] : 12,20181121-191850,CF18112052591,,OK,MAX,2, ,0.50,7.00,3.54,OK,0.50,7.00,5.68,OK,0.50,7.00,1.79,OK,0.50,7.00,2.13,OK,
[19:19:07] : Cycle start ON
[19:19:09] : Cycle start OFF
[19:19:38] : REQUEST MEAS. ON
[19:19:46] : REQUEST MEAS. OFF
[19:19:48] : 측정요구 ON 2
[19:19:57] : 측정요구 2OFF
[19:20:01] : 측정요구3 ON
[19:20:10] : 측정요구3 OFF
[19:20:11] : 측정요구4 ON
[19:20:20] : 측정요구4 OFF
[19:20:20] : 12,20181121-192020,CF18112052621,,OK,MAX,2, ,0.50,7.00,3.52,OK,0.50,7.00,3.40,OK,0.50,7.00,1.68,OK,0.50,7.00,2.69,OK,
[19:20:38] : Cycle start ON
[19:20:40] : Cycle start OFF
[19:21:09] : REQUEST MEAS. ON
[19:21:17] : REQUEST MEAS. OFF
[19:21:19] : 측정요구 ON 2
[19:21:28] : 측정요구 2OFF
[19:21:31] : 측정요구3 ON
[19:21:40] : 측정요구3 OFF
[19:21:41] : 측정요구4 ON
[19:21:50] : 측정요구4 OFF
[19:21:50] : 12,20181121-192151,CF18112052631,,OK,MAX,2, ,0.50,7.00,4.72,OK,0.50,7.00,4.08,OK,0.50,7.00,4.25,OK,0.50,7.00,1.49,OK,
[19:22:08] : Cycle start ON
[19:22:10] : Cycle start OFF
[19:22:38] : REQUEST MEAS. ON
[19:22:47] : REQUEST MEAS. OFF
[19:22:49] : 측정요구 ON 2
[19:22:58] : 측정요구 2OFF
[19:23:01] : 측정요구3 ON
[19:23:10] : 측정요구3 OFF
[19:23:12] : 측정요구4 ON
[19:23:21] : 측정요구4 OFF
[19:23:21] : 12,20181121-192321,CF18112052611,,OK,MAX,2, ,0.50,7.00,2.69,OK,0.50,7.00,3.60,OK,0.50,7.00,1.37,OK,0.50,7.00,1.85,OK,
[19:23:36] : Cycle start ON
[19:23:39] : Cycle start OFF
[19:24:09] : REQUEST MEAS. ON
[19:24:17] : REQUEST MEAS. OFF
[19:24:19] : 측정요구 ON 2
[19:24:28] : 측정요구 2OFF
[19:24:31] : 측정요구3 ON
[19:24:40] : 측정요구3 OFF
[19:24:42] : 측정요구4 ON
[19:24:51] : 측정요구4 OFF
[19:24:51] : 12,20181121-192451,CF18112052661,,OK,MAX,2, ,0.50,7.00,3.36,OK,0.50,7.00,4.07,OK,0.50,7.00,2.07,OK,0.50,7.00,1.53,OK,
[19:58:13] : Cycle start ON
[19:58:16] : Cycle start OFF
[19:58:45] : REQUEST MEAS. ON
[19:58:54] : REQUEST MEAS. OFF
[19:58:56] : 측정요구 ON 2
[19:59:05] : 측정요구 2OFF
[19:59:08] : 측정요구3 ON
[19:59:17] : 측정요구3 OFF
[19:59:19] : 측정요구4 ON
[19:59:28] : 측정요구4 OFF
[19:59:28] : 12,20181121-195928,CF18112053451,,OK,MAX,2, ,0.50,7.00,3.20,OK,0.50,7.00,5.76,OK,0.50,7.00,1.69,OK,0.50,7.00,1.56,OK,
[19:59:45] : Cycle start ON
[19:59:48] : Cycle start OFF
[20:00:16] : REQUEST MEAS. ON
[20:00:25] : REQUEST MEAS. OFF
[20:00:26] : 측정요구 ON 2
[20:00:35] : 측정요구 2OFF
[20:00:38] : 측정요구3 ON
[20:00:47] : 측정요구3 OFF
[20:00:49] : 측정요구4 ON
[20:00:58] : 측정요구4 OFF
[20:00:58] : 12,20181121-200058,CF18112052721,,OK,MAX,2, ,0.50,7.00,2.34,OK,0.50,7.00,4.76,OK,0.50,7.00,2.36,OK,0.50,7.00,1.61,OK,
[20:01:13] : Cycle start ON
[20:01:16] : Cycle start OFF
[20:01:46] : REQUEST MEAS. ON
[20:01:55] : REQUEST MEAS. OFF
[20:01:56] : 측정요구 ON 2
[20:02:05] : 측정요구 2OFF
[20:02:09] : 측정요구3 ON
[20:02:18] : 측정요구3 OFF
[20:02:19] : 측정요구4 ON
[20:02:28] : 측정요구4 OFF
[20:02:28] : 12,20181121-200228,CF18112052701,,OK,MAX,2, ,0.50,7.00,3.09,OK,0.50,7.00,3.32,OK,0.50,7.00,1.72,OK,0.50,7.00,1.38,OK,
[20:02:43] : Cycle start ON
[20:02:45] : Cycle start OFF
[20:03:16] : REQUEST MEAS. ON
[20:03:24] : REQUEST MEAS. OFF
[20:03:26] : 측정요구 ON 2
[20:03:35] : 측정요구 2OFF
[20:03:39] : 측정요구3 ON
[20:03:48] : 측정요구3 OFF
[20:03:49] : 측정요구4 ON
[20:03:58] : 측정요구4 OFF
[20:03:58] : 12,20181121-200359,CF18112052681,,OK,MAX,2, ,0.50,7.00,3.17,OK,0.50,7.00,4.05,OK,0.50,7.00,1.55,OK,0.50,7.00,1.62,OK,
[20:04:17] : Cycle start ON
[20:04:19] : Cycle start OFF
[20:04:46] : REQUEST MEAS. ON
[20:04:55] : REQUEST MEAS. OFF
[20:04:57] : 측정요구 ON 2
[20:05:06] : 측정요구 2OFF
[20:05:09] : 측정요구3 ON
[20:05:18] : 측정요구3 OFF
[20:05:19] : 측정요구4 ON
[20:05:28] : 측정요구4 OFF
[20:05:28] : 12,20181121-200529,CF18112052761,,OK,MAX,2, ,0.50,7.00,2.07,OK,0.50,7.00,3.34,OK,0.50,7.00,1.44,OK,0.50,7.00,1.84,OK,
[20:05:46] : Cycle start ON
[20:05:48] : Cycle start OFF
[20:06:17] : REQUEST MEAS. ON
[20:06:26] : REQUEST MEAS. OFF
[20:06:27] : 측정요구 ON 2
[20:06:36] : 측정요구 2OFF
[20:06:39] : 측정요구3 ON
[20:06:48] : 측정요구3 OFF
[20:06:50] : 측정요구4 ON
[20:06:59] : 측정요구4 OFF
[20:06:59] : 12,20181121-200659,CF18112052741,,OK,MAX,2, ,0.50,7.00,3.91,OK,0.50,7.00,4.04,OK,0.50,7.00,1.83,OK,0.50,7.00,1.90,OK,
[20:07:14] : Cycle start ON
[20:07:17] : Cycle start OFF
[20:07:46] : REQUEST MEAS. ON
[20:07:55] : REQUEST MEAS. OFF
[20:07:57] : 측정요구 ON 2
[20:08:06] : 측정요구 2OFF
[20:08:09] : 측정요구3 ON
[20:08:18] : 측정요구3 OFF
[20:08:20] : 측정요구4 ON
[20:08:29] : 측정요구4 OFF
[20:08:29] : 12,20181121-200829,CF18112052821,,OK,MAX,2, ,0.50,7.00,2.64,OK,0.50,7.00,4.61,OK,0.50,7.00,2.14,OK,0.50,7.00,1.61,OK,
[20:08:47] : Cycle start ON
[20:08:49] : Cycle start OFF
[20:09:16] : REQUEST MEAS. ON
[20:09:25] : REQUEST MEAS. OFF
[20:09:27] : 측정요구 ON 2
[20:09:36] : 측정요구 2OFF
[20:09:39] : 측정요구3 ON
[20:09:48] : 측정요구3 OFF
[20:09:50] : 측정요구4 ON
[20:09:59] : 측정요구4 OFF
[20:09:59] : 12,20181121-200959,CF18112052801,,OK,MAX,2, ,0.50,7.00,4.37,OK,0.50,7.00,4.18,OK,0.50,7.00,1.68,OK,0.50,7.00,4.30,OK,
[20:10:17] : Cycle start ON
[20:10:19] : Cycle start OFF
[20:10:47] : REQUEST MEAS. ON
[20:10:55] : REQUEST MEAS. OFF
[20:10:57] : 측정요구 ON 2
[20:11:06] : 측정요구 2OFF
[20:11:10] : 측정요구3 ON
[20:11:19] : 측정요구3 OFF
[20:11:20] : 측정요구4 ON
[20:11:29] : 측정요구4 OFF
[20:11:29] : 12,20181121-201129,CF18112052781,,OK,MAX,2, ,0.50,7.00,2.87,OK,0.50,7.00,3.73,OK,0.50,7.00,2.02,OK,0.50,7.00,1.57,OK,
[20:11:46] : Cycle start ON
[20:11:48] : Cycle start OFF
[20:12:17] : REQUEST MEAS. ON
[20:12:25] : REQUEST MEAS. OFF
[20:12:27] : 측정요구 ON 2
[20:12:36] : 측정요구 2OFF
[20:12:40] : 측정요구3 ON
[20:12:49] : 측정요구3 OFF
[20:12:50] : 측정요구4 ON
[20:12:59] : 측정요구4 OFF
[20:12:59] : 12,20181121-201300,CF18112052861,,OK,MAX,2, ,0.50,7.00,3.53,OK,0.50,7.00,4.28,OK,0.50,7.00,1.54,OK,0.50,7.00,1.60,OK,
[20:13:15] : Cycle start ON
[20:13:17] : Cycle start OFF
[20:13:48] : REQUEST MEAS. ON
[20:13:56] : REQUEST MEAS. OFF
[20:13:58] : 측정요구 ON 2
[20:14:07] : 측정요구 2OFF
[20:14:10] : 측정요구3 ON
[20:14:19] : 측정요구3 OFF
[20:14:20] : 측정요구4 ON
[20:14:29] : 측정요구4 OFF
[20:14:29] : 12,20181121-201430,CF18112052841,,OK,MAX,2, ,0.50,7.00,3.94,OK,0.50,7.00,4.30,OK,0.50,7.00,2.17,OK,0.50,7.00,1.77,OK,
[20:14:52] : Cycle start ON
[20:14:54] : Cycle start OFF
[20:15:17] : REQUEST MEAS. ON
[20:15:26] : REQUEST MEAS. OFF
[20:15:28] : 측정요구 ON 2
[20:15:37] : 측정요구 2OFF
[20:15:40] : 측정요구3 ON
[20:15:49] : 측정요구3 OFF
[20:15:51] : 측정요구4 ON
[20:16:00] : 측정요구4 OFF
[20:16:00] : 12,20181121-201600,CF18112052921,,OK,MAX,2, ,0.50,7.00,3.18,OK,0.50,7.00,5.66,OK,0.50,7.00,1.76,OK,0.50,7.00,1.75,OK,
[20:16:22] : Cycle start ON
[20:16:24] : Cycle start OFF
[20:16:48] : REQUEST MEAS. ON
[20:16:56] : REQUEST MEAS. OFF
[20:16:58] : 측정요구 ON 2
[20:17:07] : 측정요구 2OFF
[20:17:10] : 측정요구3 ON
[20:17:19] : 측정요구3 OFF
[20:17:21] : 측정요구4 ON
[20:17:30] : 측정요구4 OFF
[20:17:30] : 12,20181121-201730,CF18112052901,,OK,MAX,2, ,0.50,7.00,5.44,OK,0.50,7.00,4.48,OK,0.50,7.00,1.26,OK,0.50,7.00,2.76,OK,
[20:17:45] : Cycle start ON
[20:17:48] : Cycle start OFF
[20:18:18] : REQUEST MEAS. ON
[20:18:27] : REQUEST MEAS. OFF
[20:18:28] : 측정요구 ON 2
[20:18:37] : 측정요구 2OFF
[20:18:41] : 측정요구3 ON
[20:18:50] : 측정요구3 OFF
[20:18:51] : 측정요구4 ON
[20:19:00] : 측정요구4 OFF
[20:19:00] : 12,20181121-201900,CF18112052881,,OK,MAX,2, ,0.50,7.00,2.85,OK,0.50,7.00,3.52,OK,0.50,7.00,1.57,OK,0.50,7.00,1.52,OK,
[20:21:56] : AUTO RUNNING OFF
[20:26:03] : MEAS ESC ON
[20:26:04] : MEAS ESC OFF
[20:26:04] : AUTO RUNNING ON
[20:26:51] : Cycle start ON
[20:26:53] : Cycle start OFF
[20:27:22] : REQUEST MEAS. ON
[20:27:31] : REQUEST MEAS. OFF
[20:27:32] : 측정요구 ON 2
[20:27:41] : 측정요구 2OFF
[20:27:44] : 측정요구3 ON
[20:27:53] : 측정요구3 OFF
[20:27:55] : 측정요구4 ON
[20:28:04] : 측정요구4 OFF
[20:28:04] : 12,20181121-202804,CF18112052941,,OK,MAX,2, ,0.50,7.00,3.26,OK,0.50,7.00,4.84,OK,0.50,7.00,1.69,OK,0.50,7.00,1.98,OK,
[20:37:44] : AUTO RUNNING OFF
[20:38:13] : MEAS ESC ON
[20:38:14] : MEAS ESC OFF
[20:38:14] : AUTO RUNNING ON
[20:42:01] : Cycle start ON
[20:42:03] : Cycle start OFF
[20:42:31] : REQUEST MEAS. ON
[20:42:40] : REQUEST MEAS. OFF
[20:42:42] : 측정요구 ON 2
[20:42:51] : 측정요구 2OFF
[20:42:54] : 측정요구3 ON
[20:43:03] : 측정요구3 OFF
[20:43:05] : 측정요구4 ON
[20:43:14] : 측정요구4 OFF
[20:43:14] : 12,20181121-204314,CF18112052971,,OK,MAX,2, ,0.50,7.00,1.62,OK,0.50,7.00,3.64,OK,0.50,7.00,1.55,OK,0.50,7.00,3.54,OK,
[20:43:31] : Cycle start ON
[20:43:33] : Cycle start OFF
[20:44:02] : REQUEST MEAS. ON
[20:44:11] : REQUEST MEAS. OFF
[20:44:12] : 측정요구 ON 2
[20:44:21] : 측정요구 2OFF
[20:44:24] : 측정요구3 ON
[20:44:33] : 측정요구3 OFF
[20:44:35] : 측정요구4 ON
[20:44:44] : 측정요구4 OFF
[20:44:44] : 12,20181121-204444,CF18112052991,,OK,MAX,2, ,0.50,7.00,3.30,OK,0.50,7.00,3.76,OK,0.50,7.00,1.45,OK,0.50,7.00,1.68,OK,
[20:45:03] : Cycle start ON
[20:45:05] : Cycle start OFF
[20:45:31] : REQUEST MEAS. ON
[20:45:40] : REQUEST MEAS. OFF
[20:45:42] : 측정요구 ON 2
[20:45:51] : 측정요구 2OFF
[20:45:54] : 측정요구3 ON
[20:46:03] : 측정요구3 OFF
[20:46:05] : 측정요구4 ON
[20:46:14] : 측정요구4 OFF
[20:46:14] : 12,20181121-204614,CF18112053011,,OK,MAX,2, ,0.50,7.00,4.35,OK,0.50,7.00,4.46,OK,0.50,7.00,1.74,OK,0.50,7.00,1.96,OK,
[20:46:34] : Cycle start ON
[20:46:36] : Cycle start OFF
[20:47:02] : REQUEST MEAS. ON
[20:47:10] : REQUEST MEAS. OFF
[20:47:12] : 측정요구 ON 2
[20:47:21] : 측정요구 2OFF
[20:47:25] : 측정요구3 ON
[20:47:34] : 측정요구3 OFF
[20:47:35] : 측정요구4 ON
[20:47:44] : 측정요구4 OFF
[20:47:44] : 12,20181121-204744,CF18112053031,,OK,MAX,2, ,0.50,7.00,2.05,OK,0.50,7.00,3.87,OK,0.50,7.00,2.74,OK,0.50,7.00,1.36,OK,
[20:48:04] : Cycle start ON
[20:48:07] : Cycle start OFF
[20:48:33] : REQUEST MEAS. ON
[20:48:41] : REQUEST MEAS. OFF
[20:48:43] : 측정요구 ON 2
[20:48:52] : 측정요구 2OFF
[20:48:55] : 측정요구3 ON
[20:49:04] : 측정요구3 OFF
[20:49:05] : 측정요구4 ON
[20:49:14] : 측정요구4 OFF
[20:49:14] : 12,20181121-204915,CF18112053051,,OK,MAX,2, ,0.50,7.00,2.44,OK,0.50,7.00,4.02,OK,0.50,7.00,1.95,OK,0.50,7.00,1.44,OK,
[20:49:36] : Cycle start ON
[20:49:38] : Cycle start OFF
[20:50:03] : REQUEST MEAS. ON
[20:50:11] : REQUEST MEAS. OFF
[20:50:13] : 측정요구 ON 2
[20:50:22] : 측정요구 2OFF
[20:50:25] : 측정요구3 ON
[20:50:34] : 측정요구3 OFF
[20:50:35] : 측정요구4 ON
[20:50:44] : 측정요구4 OFF
[20:50:44] : 12,20181121-205045,CF18112053071,,OK,MAX,2, ,0.50,7.00,2.85,OK,0.50,7.00,4.51,OK,0.50,7.00,1.62,OK,0.50,7.00,1.91,OK,
[20:51:00] : Cycle start ON
[20:51:03] : Cycle start OFF
[20:51:33] : REQUEST MEAS. ON
[20:51:41] : REQUEST MEAS. OFF
[20:51:43] : 측정요구 ON 2
[20:51:52] : 측정요구 2OFF
[20:51:55] : 측정요구3 ON
[20:52:04] : 측정요구3 OFF
[20:52:06] : 측정요구4 ON
[20:52:15] : 측정요구4 OFF
[20:52:15] : 12,20181121-205215,CF18112053091,,OK,MAX,2, ,0.50,7.00,2.49,OK,0.50,7.00,4.32,OK,0.50,7.00,1.73,OK,0.50,7.00,1.67,OK,
[20:52:30] : Cycle start ON
[20:52:32] : Cycle start OFF
[20:53:02] : REQUEST MEAS. ON
[20:53:11] : REQUEST MEAS. OFF
[20:53:13] : 측정요구 ON 2
[20:53:22] : 측정요구 2OFF
[20:53:25] : 측정요구3 ON
[20:53:34] : 측정요구3 OFF
[20:53:36] : 측정요구4 ON
[20:53:45] : 측정요구4 OFF
[20:53:45] : 12,20181121-205345,CF18112053111,,OK,MAX,2, ,0.50,7.00,4.92,OK,0.50,7.00,4.53,OK,0.50,7.00,1.76,OK,0.50,7.00,3.62,OK,
[20:54:01] : Cycle start ON
[20:54:03] : Cycle start OFF
[20:54:33] : REQUEST MEAS. ON
[20:54:41] : REQUEST MEAS. OFF
[20:54:43] : 측정요구 ON 2
[20:54:52] : 측정요구 2OFF
[20:54:56] : 측정요구3 ON
[20:55:05] : 측정요구3 OFF
[20:55:06] : 측정요구4 ON
[20:55:15] : 측정요구4 OFF
[20:55:15] : 12,20181121-205515,CF18112053571,,OK,MAX,2, ,0.50,7.00,3.73,OK,0.50,7.00,4.36,OK,0.50,7.00,1.78,OK,0.50,7.00,1.89,OK,
[20:55:31] : Cycle start ON
[20:55:33] : Cycle start OFF
[20:56:04] : REQUEST MEAS. ON
[20:56:12] : REQUEST MEAS. OFF
[20:56:13] : 측정요구 ON 2
[20:56:22] : 측정요구 2OFF
[20:56:26] : 측정요구3 ON
[20:56:35] : 측정요구3 OFF
[20:56:36] : 측정요구4 ON
[20:56:45] : 측정요구4 OFF
[20:56:45] : 12,20181121-205646,CF18112053591,,OK,MAX,2, ,0.50,7.00,3.37,OK,0.50,7.00,5.14,OK,0.50,7.00,1.75,OK,0.50,7.00,2.22,OK,
[20:57:07] : Cycle start ON
[20:57:09] : Cycle start OFF
[20:57:34] : REQUEST MEAS. ON
[20:57:42] : REQUEST MEAS. OFF
[20:57:44] : 측정요구 ON 2
[20:57:53] : 측정요구 2OFF
[20:57:56] : 측정요구3 ON
[20:58:05] : 측정요구3 OFF
[20:58:07] : 측정요구4 ON
[20:58:16] : 측정요구4 OFF
[20:58:16] : 12,20181121-205816,CF18112053611,,OK,MAX,2, ,0.50,7.00,3.70,OK,0.50,7.00,4.01,OK,0.50,7.00,1.68,OK,0.50,7.00,1.30,OK,
[20:58:31] : Cycle start ON
[20:58:34] : Cycle start OFF
[20:59:03] : REQUEST MEAS. ON
[20:59:12] : REQUEST MEAS. OFF
[20:59:14] : 측정요구 ON 2
[20:59:23] : 측정요구 2OFF
[20:59:26] : 측정요구3 ON
[20:59:35] : 측정요구3 OFF
[20:59:37] : 측정요구4 ON
[20:59:46] : 측정요구4 OFF
[20:59:46] : 12,20181121-205946,CF18112053631,,OK,MAX,2, ,0.50,7.00,3.06,OK,0.50,7.00,4.09,OK,0.50,7.00,1.69,OK,0.50,7.00,2.02,OK,
[21:00:01] : Cycle start ON
[21:00:03] : Cycle start OFF
[21:00:34] : REQUEST MEAS. ON
[21:00:42] : REQUEST MEAS. OFF
[21:00:44] : 측정요구 ON 2
[21:00:53] : 측정요구 2OFF
[21:00:56] : 측정요구3 ON
[21:01:05] : 측정요구3 OFF
[21:01:07] : 측정요구4 ON
[21:01:16] : 측정요구4 OFF
[21:01:16] : 12,20181121-210116,CF18112053651,,OK,MAX,2, ,0.50,7.00,2.26,OK,0.50,7.00,3.38,OK,0.50,7.00,2.15,OK,0.50,7.00,1.82,OK,
[21:01:35] : Cycle start ON
[21:01:37] : Cycle start OFF
[21:04:51] : AUTO RUNNING OFF
[21:05:26] : MEAS ESC ON
[21:05:31] : MEAS ESC OFF
[21:05:31] : AUTO RUNNING ON
[21:05:36] : REQUEST MEAS. ON
[21:05:45] : REQUEST MEAS. OFF
[21:05:47] : 측정요구 ON 2
[21:05:56] : 측정요구 2OFF
[21:05:59] : 측정요구3 ON
[21:06:08] : 측정요구3 OFF
[21:06:10] : 측정요구4 ON
[21:06:19] : 측정요구4 OFF
[21:06:19] : 12,20181121-210619,CF18112053671,,OK,MAX,2, ,0.50,7.00,2.62,OK,0.50,7.00,3.88,OK,0.50,7.00,2.16,OK,0.50,7.00,1.81,OK,
[21:06:34] : Cycle start ON
[21:06:36] : Cycle start OFF
[21:07:06] : REQUEST MEAS. ON
[21:07:15] : REQUEST MEAS. OFF
[21:07:17] : 측정요구 ON 2
[21:07:26] : 측정요구 2OFF
[21:07:29] : 측정요구3 ON
[21:07:38] : 측정요구3 OFF
[21:07:40] : 측정요구4 ON
[21:07:49] : 측정요구4 OFF
[21:07:49] : 12,20181121-210749,CF18112053691,,OK,MAX,2, ,0.50,7.00,3.54,OK,0.50,7.00,2.88,OK,0.50,7.00,1.33,OK,0.50,7.00,1.71,OK,
[21:08:06] : Cycle start ON
[21:08:09] : Cycle start OFF
[21:08:37] : REQUEST MEAS. ON
[21:08:45] : REQUEST MEAS. OFF
[21:08:47] : 측정요구 ON 2
[21:08:56] : 측정요구 2OFF
[21:09:00] : 측정요구3 ON
[21:09:09] : 측정요구3 OFF
[21:09:10] : 측정요구4 ON
[21:09:19] : 측정요구4 OFF
[21:09:19] : 12,20181121-210919,CF18112053711,,OK,MAX,2, ,0.50,7.00,2.67,OK,0.50,7.00,3.96,OK,0.50,7.00,1.28,OK,0.50,7.00,2.12,OK,
[21:09:39] : Cycle start ON
[21:09:42] : Cycle start OFF
[21:10:07] : REQUEST MEAS. ON
[21:10:16] : REQUEST MEAS. OFF
[21:10:18] : 측정요구 ON 2
[21:10:27] : 측정요구 2OFF
[21:10:30] : 측정요구3 ON
[21:10:39] : 측정요구3 OFF
[21:10:40] : 측정요구4 ON
[21:10:49] : 측정요구4 OFF
[21:10:49] : 12,20181121-211050,CF18112053731,,OK,MAX,2, ,0.50,7.00,2.02,OK,0.50,7.00,3.29,OK,0.50,7.00,1.76,OK,0.50,7.00,2.50,OK,
[21:11:11] : Cycle start ON
[21:11:14] : Cycle start OFF
[21:11:38] : REQUEST MEAS. ON
[21:11:46] : REQUEST MEAS. OFF
[21:11:48] : 측정요구 ON 2
[21:11:57] : 측정요구 2OFF
[21:12:00] : 측정요구3 ON
[21:12:09] : 측정요구3 OFF
[21:12:11] : 측정요구4 ON
[21:12:20] : 측정요구4 OFF
[21:12:20] : 12,20181121-211220,CF18112053741,,OK,MAX,2, ,0.50,7.00,5.10,OK,0.50,7.00,4.14,OK,0.50,7.00,1.56,OK,0.50,7.00,1.45,OK,
[21:12:35] : Cycle start ON
[21:12:37] : Cycle start OFF
[21:15:42] : REQUEST MEAS. ON
[21:15:51] : REQUEST MEAS. OFF
[21:15:53] : 측정요구 ON 2
[21:16:02] : 측정요구 2OFF
[21:16:05] : 측정요구3 ON
[21:16:14] : 측정요구3 OFF
[21:16:16] : 측정요구4 ON
[21:16:25] : 측정요구4 OFF
[21:16:25] : 12,20181121-211625,CF18112053751,,OK,MAX,2, ,0.50,7.00,2.86,OK,0.50,7.00,4.58,OK,0.50,7.00,2.32,OK,0.50,7.00,2.33,OK,
[21:16:41] : Cycle start ON
[21:16:43] : Cycle start OFF
[21:17:12] : REQUEST MEAS. ON
[21:17:21] : REQUEST MEAS. OFF
[21:17:23] : 측정요구 ON 2
[21:17:32] : 측정요구 2OFF
[21:17:35] : 측정요구3 ON
[21:17:44] : 측정요구3 OFF
[21:17:46] : 측정요구4 ON
[21:17:55] : 측정요구4 OFF
[21:17:55] : 12,20181121-211755,CF18112053771,,OK,MAX,2, ,0.50,7.00,2.84,OK,0.50,7.00,4.44,OK,0.50,7.00,3.19,OK,0.50,7.00,1.88,OK,
[21:18:12] : Cycle start ON
[21:18:15] : Cycle start OFF
[21:18:43] : REQUEST MEAS. ON
[21:18:51] : REQUEST MEAS. OFF
[21:18:53] : 측정요구 ON 2
[21:19:02] : 측정요구 2OFF
[21:19:06] : 측정요구3 ON
[21:19:15] : 측정요구3 OFF
[21:19:16] : 측정요구4 ON
[21:19:25] : 측정요구4 OFF
[21:19:25] : 12,20181121-211925,CF18112053781,,OK,MAX,2, ,0.50,7.00,2.68,OK,0.50,7.00,4.79,OK,0.50,7.00,1.74,OK,0.50,7.00,1.76,OK,
[21:19:45] : Cycle start ON
[21:19:47] : Cycle start OFF
[21:20:13] : REQUEST MEAS. ON
[21:20:22] : REQUEST MEAS. OFF
[21:20:23] : 측정요구 ON 2
[21:20:32] : 측정요구 2OFF
[21:20:36] : 측정요구3 ON
[21:20:45] : 측정요구3 OFF
[21:20:46] : 측정요구4 ON
[21:20:55] : 측정요구4 OFF
[21:20:57] : TCP FAIL 1
[21:21:10] : Cycle start ON
[21:21:13] : Cycle start OFF
[21:21:43] : REQUEST MEAS. ON
[21:21:52] : REQUEST MEAS. OFF
[21:21:54] : 측정요구 ON 2
[21:22:03] : 측정요구 2OFF
[21:22:06] : 측정요구3 ON
[21:22:15] : 측정요구3 OFF
[21:22:16] : 측정요구4 ON
[21:22:25] : 측정요구4 OFF
[21:22:28] : TCP FAIL 1
[21:22:52] : Cycle start ON
[21:22:54] : Cycle start OFF
[21:23:46] : REQUEST MEAS. ON
[21:23:55] : REQUEST MEAS. OFF
[21:23:56] : 측정요구 ON 2
[21:24:05] : 측정요구 2OFF
[21:24:08] : 측정요구3 ON
[21:24:17] : 측정요구3 OFF
[21:24:19] : 측정요구4 ON
[21:24:28] : 측정요구4 OFF
[21:24:28] : 12,20181121-212428,CF18112053371,,OK,MAX,2, ,0.50,7.00,2.74,OK,0.50,7.00,4.01,OK,0.50,7.00,1.56,OK,0.50,7.00,2.52,OK,
[21:24:45] : Cycle start ON
[21:24:47] : Cycle start OFF
[21:25:16] : REQUEST MEAS. ON
[21:25:24] : REQUEST MEAS. OFF
[21:25:26] : 측정요구 ON 2
[21:25:35] : 측정요구 2OFF
[21:25:38] : 측정요구3 ON
[21:25:47] : 측정요구3 OFF
[21:25:49] : 측정요구4 ON
[21:25:58] : 측정요구4 OFF
[21:25:58] : 12,20181121-212558,CF18112053351,,OK,MAX,2, ,0.50,7.00,3.36,OK,0.50,7.00,4.45,OK,0.50,7.00,1.49,OK,0.50,7.00,1.57,OK,
[21:26:17] : Cycle start ON
[21:26:19] : Cycle start OFF
[21:26:46] : REQUEST MEAS. ON
[21:26:55] : REQUEST MEAS. OFF
[21:26:57] : 측정요구 ON 2
[21:27:06] : 측정요구 2OFF
[21:27:09] : 측정요구3 ON
[21:27:18] : 측정요구3 OFF
[21:27:19] : 측정요구4 ON
[21:27:28] : 측정요구4 OFF
[21:27:28] : 12,20181121-212729,CF18112052491,,OK,MAX,2, ,0.50,7.00,3.93,OK,0.50,7.00,6.84,OK,0.50,7.00,1.47,OK,0.50,7.00,1.76,OK,
[21:27:49] : Cycle start ON
[21:27:52] : Cycle start OFF
[21:28:16] : REQUEST MEAS. ON
[21:28:25] : REQUEST MEAS. OFF
[21:28:27] : 측정요구 ON 2
[21:28:36] : 측정요구 2OFF
[21:28:39] : 측정요구3 ON
[21:28:48] : 측정요구3 OFF
[21:28:50] : 측정요구4 ON
[21:28:59] : 측정요구4 OFF
[21:28:59] : 12,20181121-212859,CF18112053311,,OK,MAX,2, ,0.50,7.00,2.97,OK,0.50,7.00,2.99,OK,0.50,7.00,2.73,OK,0.50,7.00,1.99,OK,
[21:29:15] : Cycle start ON
[21:29:18] : Cycle start OFF
[21:29:47] : REQUEST MEAS. ON
[21:29:55] : REQUEST MEAS. OFF
[21:29:57] : 측정요구 ON 2
[21:30:06] : 측정요구 2OFF
[21:30:09] : 측정요구3 ON
[21:30:18] : 측정요구3 OFF
[21:30:20] : 측정요구4 ON
[21:30:29] : 측정요구4 OFF
[21:30:29] : 12,20181121-213029,CF18112052521,,OK,MAX,2, ,0.50,7.00,3.02,OK,0.50,7.00,5.64,OK,0.50,7.00,1.27,OK,0.50,7.00,2.36,OK,
[21:30:51] : Cycle start ON
[21:30:53] : Cycle start OFF
[21:31:17] : REQUEST MEAS. ON
[21:31:26] : REQUEST MEAS. OFF
[21:31:27] : 측정요구 ON 2
[21:31:36] : 측정요구 2OFF
[21:31:39] : 측정요구3 ON
[21:31:48] : 측정요구3 OFF
[21:31:50] : 측정요구4 ON
[21:31:59] : 측정요구4 OFF
[21:31:59] : 12,20181121-213159,CF18112051681,,OK,MAX,2, ,0.50,7.00,2.37,OK,0.50,7.00,2.90,OK,0.50,7.00,1.90,OK,0.50,7.00,2.24,OK,
[21:32:14] : Cycle start ON
[21:32:16] : Cycle start OFF
[21:32:46] : REQUEST MEAS. ON
[21:32:55] : REQUEST MEAS. OFF
[21:32:57] : 측정요구 ON 2
[21:33:06] : 측정요구 2OFF
[21:33:09] : 측정요구3 ON
[21:33:18] : 측정요구3 OFF
[21:33:20] : 측정요구4 ON
[21:33:29] : 측정요구4 OFF
[21:33:29] : 12,20181121-213329,CF18112051921,,OK,MAX,2, ,0.50,7.00,3.77,OK,0.50,7.00,4.12,OK,0.50,7.00,1.83,OK,0.50,7.00,2.12,OK,
[21:33:48] : Cycle start ON
[21:33:51] : Cycle start OFF
[21:34:17] : REQUEST MEAS. ON
[21:34:25] : REQUEST MEAS. OFF
[21:34:27] : 측정요구 ON 2
[21:34:36] : 측정요구 2OFF
[21:34:40] : 측정요구3 ON
[21:34:49] : 측정요구3 OFF
[21:34:50] : 측정요구4 ON
[21:34:59] : 측정요구4 OFF
[21:34:59] : 12,20181121-213459,CF18112051961,,OK,MAX,2, ,0.50,7.00,2.84,OK,0.50,7.00,4.74,OK,0.50,7.00,1.68,OK,0.50,7.00,1.45,OK,
[21:35:15] : Cycle start ON
[21:35:18] : Cycle start OFF
[21:35:48] : REQUEST MEAS. ON
[21:35:56] : REQUEST MEAS. OFF
[21:35:57] : 측정요구 ON 2
[21:36:06] : 측정요구 2OFF
[21:36:10] : 측정요구3 ON
[21:36:19] : 측정요구3 OFF
[21:36:20] : 측정요구4 ON
[21:36:29] : 측정요구4 OFF
[21:36:29] : 12,20181121-213630,CF18112051711,,OK,MAX,2, ,0.50,7.00,3.33,OK,0.50,7.00,4.15,OK,0.50,7.00,1.50,OK,0.50,7.00,1.99,OK,
[21:37:37] : Cycle start ON
[21:37:40] : Cycle start OFF
[21:38:07] : REQUEST MEAS. ON
[21:38:16] : REQUEST MEAS. OFF
[21:38:17] : 측정요구 ON 2
[21:38:26] : 측정요구 2OFF
[21:38:29] : 측정요구3 ON
[21:38:38] : 측정요구3 OFF
[21:38:40] : 측정요구4 ON
[21:38:49] : 측정요구4 OFF
[21:38:49] : 12,20181121-213849,CF18112051941,,OK,MAX,2, ,0.50,7.00,3.09,OK,0.50,7.00,4.08,OK,0.50,7.00,1.86,OK,0.50,7.00,1.73,OK,
[21:39:32] : AUTO RUNNING OFF
[21:42:32] : MEAS ESC ON
[21:42:34] : MEAS ESC OFF
[21:42:34] : AUTO RUNNING ON
[21:43:23] : Cycle start ON
[21:43:26] : Cycle start OFF
[21:44:01] : AUTO RUNNING OFF
[21:44:58] : MEAS ESC ON
[21:44:58] : MEAS ESC OFF
[21:44:59] : MEAS ESC ON
[21:44:59] : MEAS ESC OFF
[21:44:59] : AUTO RUNNING ON
[21:45:02] : REQUEST MEAS. ON
[21:45:11] : REQUEST MEAS. OFF
[21:45:13] : 측정요구 ON 2
[21:45:22] : 측정요구 2OFF
[21:45:25] : 측정요구3 ON
[21:45:34] : 측정요구3 OFF
[21:45:35] : 측정요구4 ON
[21:45:44] : 측정요구4 OFF
[21:45:44] : 12,20181121-214545,CF18112052031,CF 18082410133,OK,MAX,2, ,0.50,7.00,3.14,OK,0.50,7.00,5.94,OK,0.50,7.00,2.17,OK,0.50,7.00,1.51,OK,
[21:46:00] : Cycle start ON
[21:46:02] : Cycle start OFF
[21:46:33] : REQUEST MEAS. ON
[21:46:41] : REQUEST MEAS. OFF
[21:46:43] : 측정요구 ON 2
[21:46:52] : 측정요구 2OFF
[21:46:55] : 측정요구3 ON
[21:47:04] : 측정요구3 OFF
[21:47:06] : 측정요구4 ON
[21:47:15] : 측정요구4 OFF
[21:47:15] : 12,20181121-214715,CF18112052011,,OK,MAX,2, ,0.50,7.00,2.93,OK,0.50,7.00,3.32,OK,0.50,7.00,3.98,OK,0.50,7.00,2.03,OK,
[21:47:32] : Cycle start ON
[21:47:35] : Cycle start OFF
[21:48:02] : REQUEST MEAS. ON
[21:48:11] : REQUEST MEAS. OFF
[21:48:13] : 측정요구 ON 2
[21:48:22] : 측정요구 2OFF
[21:48:25] : 측정요구3 ON
[21:48:34] : 측정요구3 OFF
[21:48:36] : 측정요구4 ON
[21:48:45] : 측정요구4 OFF
[21:48:45] : 12,20181121-214845,CF18112051991,,OK,MAX,2, ,0.50,7.00,3.51,OK,0.50,7.00,4.34,OK,0.50,7.00,1.59,OK,0.50,7.00,2.02,OK,
[21:49:04] : Cycle start ON
[21:49:07] : Cycle start OFF
[21:49:33] : REQUEST MEAS. ON
[21:49:41] : REQUEST MEAS. OFF
[21:49:43] : 측정요구 ON 2
[21:49:52] : 측정요구 2OFF
[21:49:55] : 측정요구3 ON
[21:50:04] : 측정요구3 OFF
[21:50:06] : 측정요구4 ON
[21:50:15] : 측정요구4 OFF
[21:50:15] : 12,20181121-215015,CF18112052051,,OK,MAX,2, ,0.50,7.00,2.51,OK,0.50,7.00,3.98,OK,0.50,7.00,1.45,OK,0.50,7.00,2.14,OK,
[21:50:37] : Cycle start ON
[21:50:39] : Cycle start OFF
[21:51:03] : REQUEST MEAS. ON
[21:51:12] : REQUEST MEAS. OFF
[21:51:13] : 측정요구 ON 2
[21:51:22] : 측정요구 2OFF
[21:51:26] : 측정요구3 ON
[21:51:35] : 측정요구3 OFF
[21:51:36] : 측정요구4 ON
[21:51:45] : 측정요구4 OFF
[21:51:45] : 12,20181121-215146,CF18112052071,,OK,MAX,2, ,0.50,7.00,3.13,OK,0.50,7.00,4.34,OK,0.50,7.00,1.55,OK,0.50,7.00,3.77,OK,
[21:52:01] : Cycle start ON
[21:52:03] : Cycle start OFF
[21:52:33] : REQUEST MEAS. ON
[21:52:42] : REQUEST MEAS. OFF
[21:52:44] : 측정요구 ON 2
[21:52:53] : 측정요구 2OFF
[21:52:56] : 측정요구3 ON
[21:53:05] : 측정요구3 OFF
[21:53:06] : 측정요구4 ON
[21:53:15] : 측정요구4 OFF
[21:53:15] : 12,20181121-215316,CF18112052131,,OK,MAX,2, ,0.50,7.00,2.51,OK,0.50,7.00,3.95,OK,0.50,7.00,2.14,OK,0.50,7.00,1.75,OK,
[21:53:35] : Cycle start ON
[21:53:37] : Cycle start OFF
[21:54:04] : REQUEST MEAS. ON
[21:54:12] : REQUEST MEAS. OFF
[21:54:14] : 측정요구 ON 2
[21:54:23] : 측정요구 2OFF
[21:54:26] : 측정요구3 ON
[21:54:35] : 측정요구3 OFF
[21:54:37] : 측정요구4 ON
[21:54:46] : 측정요구4 OFF
[21:54:46] : 12,20181121-215446,CF18112052111,,OK,MAX,2, ,0.50,7.00,2.04,OK,0.50,7.00,2.82,OK,0.50,7.00,1.46,OK,0.50,7.00,1.78,OK,
[21:55:01] : Cycle start ON
[21:55:03] : Cycle start OFF
[21:55:33] : REQUEST MEAS. ON
[21:55:42] : REQUEST MEAS. OFF
[21:55:44] : 측정요구 ON 2
[21:55:53] : 측정요구 2OFF
[21:55:56] : 측정요구3 ON
[21:56:05] : 측정요구3 OFF
[21:56:07] : 측정요구4 ON
[21:56:16] : 측정요구4 OFF
[21:56:16] : 12,20181121-215616,CF18112052091,,OK,MAX,2, ,0.50,7.00,2.59,OK,0.50,7.00,4.32,OK,0.50,7.00,1.89,OK,0.50,7.00,1.85,OK,
[21:56:31] : Cycle start ON
[21:56:34] : Cycle start OFF
[21:57:04] : REQUEST MEAS. ON
[21:57:13] : REQUEST MEAS. OFF
[21:57:14] : 측정요구 ON 2
[21:57:23] : 측정요구 2OFF
[21:57:26] : 측정요구3 ON
[21:57:35] : 측정요구3 OFF
[21:57:37] : 측정요구4 ON
[21:57:46] : 측정요구4 OFF
[21:57:46] : 12,20181121-215746,CF18112052171,,OK,MAX,2, ,0.50,7.00,3.29,OK,0.50,7.00,3.52,OK,0.50,7.00,1.83,OK,0.50,7.00,2.44,OK,
[21:58:01] : Cycle start ON
[21:58:03] : Cycle start OFF
[21:58:33] : REQUEST MEAS. ON
[21:58:42] : REQUEST MEAS. OFF
[21:58:44] : 측정요구 ON 2
[21:58:53] : 측정요구 2OFF
[21:58:57] : 측정요구3 ON
[21:59:06] : 측정요구3 OFF
[21:59:07] : 측정요구4 ON
[21:59:16] : 측정요구4 OFF
[21:59:16] : 12,20181121-215916,CF18112052151,,OK,MAX,2, ,0.50,7.00,3.05,OK,0.50,7.00,4.74,OK,0.50,7.00,1.68,OK,0.50,7.00,1.59,OK,
[21:59:39] : Cycle start ON
[21:59:41] : Cycle start OFF
[22:00:05] : REQUEST MEAS. ON
[22:00:13] : REQUEST MEAS. OFF
[22:00:15] : 측정요구 ON 2
[22:00:24] : 측정요구 2OFF
[22:00:27] : 측정요구3 ON
[22:00:36] : 측정요구3 OFF
[22:00:37] : 측정요구4 ON
[22:00:46] : 측정요구4 OFF
[22:00:46] : 12,20181121-220047,CF18112052231,CF 18082610511,OK,MAX,2, ,0.50,7.00,1.80,OK,0.50,7.00,3.62,OK,0.50,7.00,1.70,OK,0.50,7.00,2.22,OK,
[22:01:02] : Cycle start ON
[22:01:05] : Cycle start OFF
[22:01:35] : REQUEST MEAS. ON
[22:01:43] : REQUEST MEAS. OFF
[22:01:45] : 측정요구 ON 2
[22:01:54] : 측정요구 2OFF
[22:01:57] : 측정요구3 ON
[22:02:06] : 측정요구3 OFF
[22:02:08] : 측정요구4 ON
[22:02:17] : 측정요구4 OFF
[22:02:17] : 12,20181121-220217,CF18112052211,,OK,MAX,2, ,0.50,7.00,3.32,OK,0.50,7.00,5.31,OK,0.50,7.00,1.36,OK,0.50,7.00,1.61,OK,
[22:02:36] : Cycle start ON
[22:02:38] : Cycle start OFF
[22:03:04] : REQUEST MEAS. ON
[22:03:13] : REQUEST MEAS. OFF
[22:03:15] : 측정요구 ON 2
[22:03:24] : 측정요구 2OFF
[22:03:27] : 측정요구3 ON
[22:03:36] : 측정요구3 OFF
[22:03:38] : 측정요구4 ON
[22:03:47] : 측정요구4 OFF
[22:03:47] : 12,20181121-220347,CF18112052191,,OK,MAX,2, ,0.50,7.00,2.53,OK,0.50,7.00,4.04,OK,0.50,7.00,2.05,OK,0.50,7.00,2.02,OK,
[22:04:02] : Cycle start ON
[22:04:05] : Cycle start OFF
[22:04:34] : REQUEST MEAS. ON
[22:04:43] : REQUEST MEAS. OFF
[22:04:45] : 측정요구 ON 2
[22:04:54] : 측정요구 2OFF
[22:04:57] : 측정요구3 ON
[22:05:06] : 측정요구3 OFF
[22:05:08] : 측정요구4 ON
[22:05:17] : 측정요구4 OFF
[22:05:17] : 12,20181121-220517,CF18112053341,,OK,MAX,2, ,0.50,7.00,2.08,OK,0.50,7.00,3.67,OK,0.50,7.00,1.58,OK,0.50,7.00,1.66,OK,
[22:05:52] : Cycle start ON
[22:05:55] : Cycle start OFF
[22:06:20] : REQUEST MEAS. ON
[22:06:29] : REQUEST MEAS. OFF
[22:06:31] : 측정요구 ON 2
[22:06:40] : 측정요구 2OFF
[22:06:44] : 측정요구3 ON
[22:06:53] : 측정요구3 OFF
[22:06:54] : 측정요구4 ON
[22:07:03] : 측정요구4 OFF
[22:07:03] : 12,20181121-220703,CF18112052251,,OK,MAX,2, ,0.50,7.00,3.35,OK,0.50,7.00,4.77,OK,0.50,7.00,1.59,OK,0.50,7.00,2.26,OK,
[22:07:51] : Cycle start ON
[22:07:53] : Cycle start OFF
[22:07:58] : REQUEST MEAS. ON
[22:08:07] : REQUEST MEAS. OFF
[22:08:08] : 측정요구 ON 2
[22:08:17] : 측정요구 2OFF
[22:08:21] : 측정요구3 ON
[22:08:30] : 측정요구3 OFF
[22:08:31] : 측정요구4 ON
[22:08:40] : 측정요구4 OFF
[22:08:40] : 12,20181121-220841,CF18112052271,,OK,MAX,2, ,0.50,7.00,3.46,OK,0.50,7.00,5.17,OK,0.50,7.00,1.72,OK,0.50,7.00,1.57,OK,
[22:08:57] : Cycle start ON
[22:08:59] : Cycle start OFF
[22:09:28] : REQUEST MEAS. ON
[22:09:37] : REQUEST MEAS. OFF
[22:09:39] : 측정요구 ON 2
[22:09:48] : 측정요구 2OFF
[22:09:51] : 측정요구3 ON
[22:10:00] : 측정요구3 OFF
[22:10:01] : 측정요구4 ON
[22:10:10] : 측정요구4 OFF
[22:10:10] : 12,20181121-221011,CF18112052291,,OK,MAX,2, ,0.50,7.00,2.96,OK,0.50,7.00,4.15,OK,0.50,7.00,1.72,OK,0.50,7.00,1.68,OK,
[22:10:47] : Cycle start ON
[22:10:49] : Cycle start OFF
[22:11:19] : REQUEST MEAS. ON
[22:11:27] : REQUEST MEAS. OFF
[22:11:29] : 측정요구 ON 2
[22:11:38] : 측정요구 2OFF
[22:11:41] : 측정요구3 ON
[22:11:50] : 측정요구3 OFF
[22:11:52] : 측정요구4 ON
[22:12:01] : 측정요구4 OFF
[22:12:01] : 12,20181121-221201,CF18112052311,,OK,MAX,2, ,0.50,7.00,2.50,OK,0.50,7.00,4.61,OK,0.50,7.00,1.90,OK,0.50,7.00,1.91,OK,
[22:14:24] : AUTO RUNNING OFF
[22:14:53] : MEAS ESC ON
[22:14:54] : MEAS ESC OFF
[22:14:54] : AUTO RUNNING ON
[22:20:02] : AUTO RUNNING OFF
[22:21:09] : MEAS ESC ON
[22:21:10] : MEAS ESC OFF
[22:21:10] : AUTO RUNNING ON
[22:21:53] : Cycle start ON
[22:21:55] : Cycle start OFF
[22:22:23] : REQUEST MEAS. ON
[22:22:32] : REQUEST MEAS. OFF
[22:22:34] : 측정요구 ON 2
[22:22:43] : 측정요구 2OFF
[22:22:46] : 측정요구3 ON
[22:22:55] : 측정요구3 OFF
[22:22:56] : 측정요구4 ON
[22:23:05] : 측정요구4 OFF
[22:23:05] : 12,20181121-222306,CF18112052341,,OK,MAX,2, ,0.50,7.00,3.27,OK,0.50,7.00,4.07,OK,0.50,7.00,1.51,OK,0.50,7.00,4.19,OK,
[22:23:23] : Cycle start ON
[22:23:25] : Cycle start OFF
[22:23:53] : REQUEST MEAS. ON
[22:24:02] : REQUEST MEAS. OFF
[22:24:04] : 측정요구 ON 2
[22:24:13] : 측정요구 2OFF
[22:24:16] : 측정요구3 ON
[22:24:25] : 측정요구3 OFF
[22:24:27] : 측정요구4 ON
[22:24:36] : 측정요구4 OFF
[22:24:36] : 12,20181121-222436,CF18112052361,,OK,MAX,2, ,0.50,7.00,2.46,OK,0.50,7.00,4.24,OK,0.50,7.00,1.48,OK,0.50,7.00,4.63,OK,
[22:26:38] : AUTO RUNNING OFF
[22:31:18] : PROGRAM END
 
[22:32:34] : PROGRAM START
[22:32:36] : AUTO RUNNING OFF
[22:32:36] : REQUEST MEAS. OFF
[22:32:36] : REQUEST ZEROSET OFF
[22:32:36] : REQUEST ZEROSET OFF
[23:10:29] : PROGRAM END
 
[23:11:02] : PROGRAM START
[23:11:04] : AUTO RUNNING OFF
[23:11:04] : REQUEST MEAS. OFF
[23:11:04] : REQUEST ZEROSET OFF
[23:11:04] : REQUEST ZEROSET OFF
 
