[09:17:35] : MEAS ESC ON
[09:22:19] : MEAS ESC OFF
[09:22:19] : AUTO RUNNING ON
[09:23:01] : Cycle start ON
[09:23:03] : Cycle start OFF
[09:23:09] : REQUEST MEAS. ON
[09:23:18] : REQUEST MEAS. OFF
[09:23:18] : end pos sig1 : 50.000000, 50.000000
[09:23:18] : 측정요구 ON 2
[09:23:28] : 측정요구 2OFF
[09:23:28] : end pos sig2 : -50.000000, -50.000000
[09:23:31] : 측정요구3 ON
[09:23:40] : 측정요구3 OFF
[09:23:40] : end pos sig3 : 50.000000, 50.000000
[09:23:40] : 측정요구4 ON
[09:23:50] : 측정요구4 OFF
[09:23:50] : end pos sig4 : -50.000000, -50.000000
[09:23:50] : 12,20181220-092351,AL18121450406,,OK,MAX,2, ,AUTO,0.50,7.00,2.62,OK,0.50,7.00,1.08,OK,0.50,7.00,1.49,OK,0.50,7.00,0.96,OK,
[09:24:08] : Cycle start ON
[09:24:10] : Cycle start OFF
[09:24:17] : REQUEST MEAS. ON
[09:24:26] : REQUEST MEAS. OFF
[09:24:26] : end pos sig1 : 50.000000, 50.000000
[09:24:26] : 측정요구 ON 2
[09:24:35] : 측정요구 2OFF
[09:24:35] : end pos sig2 : -50.000000, -50.000000
[09:24:38] : 측정요구3 ON
[09:24:47] : 측정요구3 OFF
[09:24:47] : end pos sig3 : 50.000000, 50.000000
[09:24:47] : 측정요구4 ON
[09:24:57] : 측정요구4 OFF
[09:24:57] : end pos sig4 : -50.000000, -50.000000
[09:24:57] : 12,20181220-092458,AL18121450386,,OK,MAX,2, ,AUTO,0.50,7.00,2.28,OK,0.50,7.00,1.27,OK,0.50,7.00,2.26,OK,0.50,7.00,1.03,OK,
[09:25:17] : Cycle start ON
[09:25:19] : Cycle start OFF
[09:25:25] : REQUEST MEAS. ON
[09:25:34] : REQUEST MEAS. OFF
[09:25:34] : end pos sig1 : 50.000000, 50.000000
[09:25:34] : 측정요구 ON 2
[09:25:44] : 측정요구 2OFF
[09:25:44] : end pos sig2 : -50.000000, -50.000000
[09:25:47] : 측정요구3 ON
[09:25:56] : 측정요구3 OFF
[09:25:56] : end pos sig3 : 50.000000, 50.000000
[09:25:56] : 측정요구4 ON
[09:26:06] : 측정요구4 OFF
[09:26:06] : end pos sig4 : -50.000000, -50.000000
[09:26:06] : 12,20181220-092606,AL18121450996,,OK,MAX,2, ,AUTO,0.50,7.00,2.11,OK,0.50,7.00,0.95,OK,0.50,7.00,2.02,OK,0.50,7.00,0.69,OK,
[09:26:25] : Cycle start ON
[09:26:27] : Cycle start OFF
[09:26:33] : REQUEST MEAS. ON
[09:26:42] : REQUEST MEAS. OFF
[09:26:42] : end pos sig1 : 50.000000, 50.000000
[09:26:42] : 측정요구 ON 2
[09:26:52] : 측정요구 2OFF
[09:26:52] : end pos sig2 : -50.000000, -50.000000
[09:26:55] : 측정요구3 ON
[09:27:04] : 측정요구3 OFF
[09:27:04] : end pos sig3 : 50.000000, 50.000000
[09:27:04] : 측정요구4 ON
[09:27:14] : 측정요구4 OFF
[09:27:14] : end pos sig4 : -50.000000, -50.000000
[09:27:14] : 12,20181220-092715,AL18121450986,,OK,MAX,2, ,AUTO,0.50,7.00,2.46,OK,0.50,7.00,0.68,OK,0.50,7.00,0.90,OK,0.50,7.00,0.86,OK,
[09:27:33] : Cycle start ON
[09:27:35] : Cycle start OFF
[09:27:41] : REQUEST MEAS. ON
[09:27:50] : REQUEST MEAS. OFF
[09:27:50] : end pos sig1 : 50.000000, 50.000000
[09:27:50] : 측정요구 ON 2
[09:27:59] : 측정요구 2OFF
[09:27:59] : end pos sig2 : -50.000000, -50.000000
[09:28:03] : 측정요구3 ON
[09:28:12] : 측정요구3 OFF
[09:28:12] : end pos sig3 : 50.000000, 50.000000
[09:28:12] : 측정요구4 ON
[09:28:22] : 측정요구4 OFF
[09:28:22] : end pos sig4 : -50.000000, -50.000000
[09:28:22] : 12,20181220-092822,AL18121450876,,OK,MAX,2, ,AUTO,0.50,7.00,1.51,OK,0.50,7.00,1.73,OK,0.50,7.00,2.12,OK,0.50,7.00,0.98,OK,
[09:28:40] : Cycle start ON
[09:28:41] : Cycle start OFF
[09:28:41] : Cycle start ON
[09:28:42] : Cycle start OFF
[09:37:59] : REQUEST MEAS. ON
[09:38:08] : REQUEST MEAS. OFF
[09:38:08] : end pos sig1 : 50.000000, 50.000000
[09:38:08] : 측정요구 ON 2
[09:38:18] : 측정요구 2OFF
[09:38:18] : end pos sig2 : -50.000000, -50.000000
[09:38:21] : 측정요구3 ON
[09:38:30] : 측정요구3 OFF
[09:38:30] : end pos sig3 : 50.000000, 50.000000
[09:38:30] : 측정요구4 ON
[09:38:40] : 측정요구4 OFF
[09:38:40] : end pos sig4 : -50.000000, -50.000000
[09:38:40] : 12,20181220-093840,AL18121450566,,OK,MAX,2, ,AUTO,0.50,7.00,2.39,OK,0.50,7.00,1.41,OK,0.50,7.00,2.26,OK,0.50,7.00,1.40,OK,
[09:38:57] : Cycle start ON
[09:38:59] : Cycle start OFF
[09:39:05] : REQUEST MEAS. ON
[09:39:14] : REQUEST MEAS. OFF
[09:39:14] : end pos sig1 : 50.000000, 50.000000
[09:39:14] : 측정요구 ON 2
[09:39:23] : 측정요구 2OFF
[09:39:23] : end pos sig2 : -25.550000, -25.730000
[09:39:27] : 측정요구3 ON
[09:39:36] : 측정요구3 OFF
[09:39:36] : end pos sig3 : 50.000000, 50.000000
[09:39:36] : 측정요구4 ON
[09:39:45] : 측정요구4 OFF
[09:39:45] : end pos sig4 : -50.000000, -50.000000
[09:39:45] : 12,20181220-093946,AL18121451006,,OK,MAX,2, ,AUTO,0.50,7.00,2.48,OK,0.50,7.00,0.75,OK,0.50,7.00,1.86,OK,0.50,7.00,2.96,OK,
[09:40:04] : Cycle start ON
[09:40:06] : Cycle start OFF
[09:40:12] : REQUEST MEAS. ON
[09:40:21] : REQUEST MEAS. OFF
[09:40:21] : end pos sig1 : 50.000000, 50.000000
[09:40:21] : 측정요구 ON 2
[09:40:30] : 측정요구 2OFF
[09:40:30] : end pos sig2 : -50.000000, -50.000000
[09:40:34] : 측정요구3 ON
[09:40:43] : 측정요구3 OFF
[09:40:43] : end pos sig3 : 50.000000, 50.000000
[09:40:43] : 측정요구4 ON
[09:40:53] : 측정요구4 OFF
[09:40:53] : end pos sig4 : -50.000000, -50.000000
[09:40:53] : 12,20181220-094053,AL18121450656,,OK,MAX,2, ,AUTO,0.50,7.00,2.39,OK,0.50,7.00,3.27,OK,0.50,7.00,2.12,OK,0.50,7.00,1.38,OK,
[09:41:11] : Cycle start ON
[09:41:13] : Cycle start OFF
[09:41:20] : REQUEST MEAS. ON
[09:41:29] : REQUEST MEAS. OFF
[09:41:29] : end pos sig1 : 50.000000, 50.000000
[09:41:29] : 측정요구 ON 2
[09:41:38] : 측정요구 2OFF
[09:41:38] : end pos sig2 : -50.000000, -50.000000
[09:41:42] : 측정요구3 ON
[09:41:51] : 측정요구3 OFF
[09:41:51] : end pos sig3 : 50.000000, 50.000000
[09:41:51] : 측정요구4 ON
[09:42:01] : 측정요구4 OFF
[09:42:01] : end pos sig4 : -50.000000, -50.000000
[09:42:01] : 12,20181220-094201,AL18121450936,,OK,MAX,2, ,AUTO,0.50,7.00,2.12,OK,0.50,7.00,1.53,OK,0.50,7.00,1.25,OK,0.50,7.00,0.93,OK,
[09:42:18] : Cycle start ON
[09:42:20] : Cycle start OFF
[09:42:27] : REQUEST MEAS. ON
[09:42:36] : REQUEST MEAS. OFF
[09:42:36] : end pos sig1 : 50.000000, 50.000000
[09:42:36] : 측정요구 ON 2
[09:42:46] : 측정요구 2OFF
[09:42:46] : end pos sig2 : -50.000000, -50.000000
[09:42:49] : 측정요구3 ON
[09:42:58] : 측정요구3 OFF
[09:42:58] : end pos sig3 : 50.000000, 50.000000
[09:42:58] : 측정요구4 ON
[09:43:08] : 측정요구4 OFF
[09:43:08] : end pos sig4 : -50.000000, -50.000000
[09:43:08] : 12,20181220-094309,AL18121450826,,OK,MAX,2, ,AUTO,0.50,7.00,2.01,OK,0.50,7.00,0.99,OK,0.50,7.00,1.85,OK,0.50,7.00,2.52,OK,
[09:43:27] : Cycle start ON
[09:43:29] : Cycle start OFF
[09:43:36] : REQUEST MEAS. ON
[09:43:45] : REQUEST MEAS. OFF
[09:43:45] : end pos sig1 : 50.000000, 50.000000
[09:43:45] : 측정요구 ON 2
[09:43:54] : 측정요구 2OFF
[09:43:54] : end pos sig2 : -50.000000, -50.000000
[09:43:58] : 측정요구3 ON
[09:44:07] : 측정요구3 OFF
[09:44:07] : end pos sig3 : 50.000000, 50.000000
[09:44:07] : 측정요구4 ON
[09:44:16] : 측정요구4 OFF
[09:44:16] : end pos sig4 : -50.000000, -50.000000
[09:44:16] : 12,20181220-094417,AL18121450686,,OK,MAX,2, ,AUTO,0.50,7.00,2.09,OK,0.50,7.00,1.42,OK,0.50,7.00,1.27,OK,0.50,7.00,2.10,OK,
[09:44:34] : Cycle start ON
[09:44:37] : Cycle start OFF
[09:44:43] : REQUEST MEAS. ON
[09:44:52] : REQUEST MEAS. OFF
[09:44:52] : end pos sig1 : 50.000000, 50.000000
[09:44:52] : 측정요구 ON 2
[09:45:02] : 측정요구 2OFF
[09:45:02] : end pos sig2 : -50.000000, -50.000000
[09:45:05] : 측정요구3 ON
[09:45:14] : 측정요구3 OFF
[09:45:14] : end pos sig3 : 50.000000, 50.000000
[09:45:14] : 측정요구4 ON
[09:45:24] : 측정요구4 OFF
[09:45:24] : end pos sig4 : -50.000000, -50.000000
[09:45:24] : 12,20181220-094524,AL18121450266,,OK,MAX,2, ,AUTO,0.50,7.00,1.87,OK,0.50,7.00,1.97,OK,0.50,7.00,1.84,OK,0.50,7.00,2.26,OK,
[09:45:42] : Cycle start ON
[09:45:44] : Cycle start OFF
[09:45:50] : REQUEST MEAS. ON
[09:45:59] : REQUEST MEAS. OFF
[09:45:59] : end pos sig1 : 50.000000, 50.000000
[09:45:59] : 측정요구 ON 2
[09:46:09] : 측정요구 2OFF
[09:46:09] : end pos sig2 : -50.000000, -50.000000
[09:46:13] : 측정요구3 ON
[09:46:22] : 측정요구3 OFF
[09:46:22] : end pos sig3 : 50.000000, 50.000000
[09:46:22] : 측정요구4 ON
[09:46:32] : 측정요구4 OFF
[09:46:32] : end pos sig4 : -50.000000, -50.000000
[09:46:32] : 12,20181220-094632,AL18121450376,,OK,MAX,2, ,AUTO,0.50,7.00,3.29,OK,0.50,7.00,1.06,OK,0.50,7.00,1.70,OK,0.50,7.00,1.07,OK,
[09:46:51] : Cycle start ON
[09:46:53] : Cycle start OFF
[09:47:00] : REQUEST MEAS. ON
[09:47:09] : REQUEST MEAS. OFF
[09:47:09] : end pos sig1 : 50.000000, 50.000000
[09:47:09] : 측정요구 ON 2
[09:47:19] : 측정요구 2OFF
[09:47:19] : end pos sig2 : -50.000000, -50.000000
[09:47:23] : 측정요구3 ON
[09:47:32] : 측정요구3 OFF
[09:47:32] : end pos sig3 : 50.000000, 50.000000
[09:47:32] : 측정요구4 ON
[09:47:41] : 측정요구4 OFF
[09:47:41] : end pos sig4 : -50.000000, -50.000000
[09:47:41] : 12,20181220-094742,AL18121450736,,OK,MAX,2, ,AUTO,0.50,7.00,2.25,OK,0.50,7.00,1.38,OK,0.50,7.00,1.73,OK,0.50,7.00,1.11,OK,
[09:48:05] : Cycle start ON
[09:48:07] : Cycle start OFF
[09:48:13] : REQUEST MEAS. ON
[09:48:22] : REQUEST MEAS. OFF
[09:48:22] : end pos sig1 : 50.000000, 50.000000
[09:48:22] : 측정요구 ON 2
[09:48:32] : 측정요구 2OFF
[09:48:32] : end pos sig2 : -50.000000, -50.000000
[09:48:35] : 측정요구3 ON
[09:48:44] : 측정요구3 OFF
[09:48:44] : end pos sig3 : 50.000000, 50.000000
[09:48:44] : 측정요구4 ON
[09:48:54] : 측정요구4 OFF
[09:48:54] : end pos sig4 : -50.000000, -50.000000
[09:48:54] : 12,20181220-094855,AL18121450846,,OK,MAX,2, ,AUTO,0.50,7.00,2.40,OK,0.50,7.00,1.49,OK,0.50,7.00,2.51,OK,0.50,7.00,2.60,OK,
[09:49:17] : Cycle start ON
[09:49:19] : Cycle start OFF
[09:49:26] : REQUEST MEAS. ON
[09:49:35] : REQUEST MEAS. OFF
[09:49:35] : end pos sig1 : 50.000000, 50.000000
[09:49:35] : 측정요구 ON 2
[09:49:44] : 측정요구 2OFF
[09:49:44] : end pos sig2 : -50.000000, -50.000000
[09:49:48] : 측정요구3 ON
[09:49:57] : 측정요구3 OFF
[09:49:57] : end pos sig3 : 50.000000, 50.000000
[09:49:57] : 측정요구4 ON
[09:50:06] : 측정요구4 OFF
[09:50:06] : end pos sig4 : -50.000000, -50.000000
[09:50:06] : 12,20181220-095007,AL18121450486,,OK,MAX,2, ,AUTO,0.50,7.00,3.03,OK,0.50,7.00,2.25,OK,0.50,7.00,1.06,OK,0.50,7.00,3.05,OK,
[09:55:58] : AUTO RUNNING OFF
 
[13:32:14] : MEAS ESC ON
[13:32:15] : MEAS ESC OFF
[13:32:15] : AUTO RUNNING ON
[13:33:23] : AUTO RUNNING OFF
[13:33:38] : MEAS ESC ON
[13:33:39] : MEAS ESC OFF
[13:33:39] : AUTO RUNNING ON
[13:37:09] : Plc Error Timer
[13:37:10] : MEAS ESC ON
[13:37:10] : AUTO RUNNING OFF
[13:37:17] : MEAS ESC OFF
[13:37:20] : MEAS ESC ON
[13:40:49] : MEAS ESC OFF
[14:28:22] : AUTO RUNNING ON
[14:28:31] : AUTO RUNNING OFF
[14:28:38] : AUTO RUNNING ON
[14:28:41] : AUTO RUNNING OFF
[14:28:43] : AUTO RUNNING ON
[14:29:07] : AUTO RUNNING OFF
[14:29:12] : AUTO RUNNING ON
[14:29:17] : AUTO RUNNING OFF
[14:29:17] : AUTO RUNNING ON
[14:29:20] : AUTO RUNNING OFF
[14:29:20] : AUTO RUNNING ON
[14:29:20] : AUTO RUNNING OFF
[14:29:20] : AUTO RUNNING ON
[14:29:20] : AUTO RUNNING OFF
[14:29:21] : AUTO RUNNING ON
[14:29:21] : AUTO RUNNING OFF
[14:29:21] : AUTO RUNNING ON
[14:29:21] : AUTO RUNNING OFF
[14:29:21] : AUTO RUNNING ON
[14:29:22] : AUTO RUNNING OFF
[14:29:22] : AUTO RUNNING ON
[14:29:22] : AUTO RUNNING OFF
[14:29:23] : AUTO RUNNING ON
[14:29:24] : AUTO RUNNING OFF
[14:29:25] : AUTO RUNNING ON
[14:29:25] : AUTO RUNNING OFF
[14:29:25] : AUTO RUNNING ON
[14:29:26] : AUTO RUNNING OFF
[14:29:26] : AUTO RUNNING ON
[14:29:28] : AUTO RUNNING OFF
[14:29:28] : AUTO RUNNING ON
[14:29:32] : AUTO RUNNING OFF
[14:29:55] : AUTO RUNNING ON
[14:29:59] : AUTO RUNNING OFF
[14:30:07] : AUTO RUNNING ON
[14:30:09] : AUTO RUNNING OFF
[14:30:22] : AUTO RUNNING ON
[14:30:46] : AUTO RUNNING OFF
[14:39:49] : MEAS ESC ON
[15:37:16] : MEAS ESC OFF
[19:32:21] : PROGRAM END
 
[19:34:17] : PROGRAM START
[19:34:20] : AUTO RUNNING OFF
[19:34:20] : REQUEST MEAS. OFF
[19:34:20] : end pos sig1 : 50.000000, 50.000000
[19:34:20] : end pos sig2 : 50.000000, 50.000000
[19:34:20] : end pos sig3 : 50.000000, 50.000000
[19:34:20] : REQUEST ZEROSET OFF
[19:34:20] : REQUEST ZEROSET OFF
[19:34:20] : end pos sig4 : 50.000000, 50.000000
[19:35:04] : PROGRAM END
 
[19:35:30] : PROGRAM START
[19:35:33] : AUTO RUNNING OFF
[19:35:33] : REQUEST MEAS. OFF
[19:35:33] : end pos sig1 : 50.000000, 50.000000
[19:35:33] : end pos sig2 : 50.000000, 50.000000
[19:35:33] : end pos sig3 : 50.000000, 50.000000
[19:35:33] : REQUEST ZEROSET OFF
[19:35:33] : REQUEST ZEROSET OFF
[19:35:33] : end pos sig4 : 50.000000, 50.000000
[19:36:00] : PROGRAM END
 
[19:36:09] : PROGRAM START
[19:36:12] : AUTO RUNNING OFF
[19:36:12] : REQUEST MEAS. OFF
[19:36:12] : end pos sig1 : 50.000000, 50.000000
[19:36:12] : end pos sig2 : 50.000000, 50.000000
[19:36:12] : end pos sig3 : 50.000000, 50.000000
[19:36:12] : REQUEST ZEROSET OFF
[19:36:12] : REQUEST ZEROSET OFF
[19:36:12] : end pos sig4 : 50.000000, 50.000000
[19:36:30] : PROGRAM END
 
[19:45:01] : PROGRAM START
[19:45:03] : AUTO RUNNING OFF
[19:45:03] : REQUEST MEAS. OFF
[19:45:03] : end pos sig1 : 50.000000, 50.000000
[19:45:03] : end pos sig2 : 50.000000, 50.000000
[19:45:03] : end pos sig3 : 50.000000, 50.000000
[19:45:03] : REQUEST ZEROSET OFF
[19:45:03] : REQUEST ZEROSET OFF
[19:45:03] : end pos sig4 : 50.000000, 50.000000
[19:45:06] : MEAS ESC ON
[19:45:07] : MEAS ESC OFF
[19:45:50] : MEAS ESC ON
[19:45:51] : MEAS ESC OFF
[19:45:51] : AUTO RUNNING ON
[19:46:16] : AUTO RUNNING OFF
[19:46:22] : MEAS ESC ON
[19:46:23] : MEAS ESC OFF
[19:46:23] : AUTO RUNNING ON
[19:46:55] : Cycle start ON
[19:46:57] : Cycle start OFF
[19:47:03] : REQUEST MEAS. ON
[19:47:12] : REQUEST MEAS. OFF
[19:47:12] : end pos sig1 : 50.000000, 50.000000
[19:47:12] : 측정요구 ON 2
[19:47:21] : 측정요구 2OFF
[19:47:21] : end pos sig2 : -50.000000, -50.000000
[19:47:25] : 측정요구3 ON
[19:47:34] : 측정요구3 OFF
[19:47:34] : end pos sig3 : 50.000000, 50.000000
[19:47:34] : 측정요구4 ON
[19:47:44] : 측정요구4 OFF
[19:47:44] : end pos sig4 : -43.510000, -43.680000
[19:47:44] : 12,20181220-194744,CF18120270371,,NG,MAX,2, ,AUTO,0.10,2.00,2.55,NG,0.10,2.00,1.74,OK,0.10,2.00,2.19,NG,0.10,2.00,1.39,OK,
[19:48:05] : Cycle start ON
[19:48:07] : Cycle start OFF
[19:48:13] : REQUEST MEAS. ON
[19:48:23] : REQUEST MEAS. OFF
[19:48:23] : end pos sig1 : 50.000000, 50.000000
[19:48:23] : 측정요구 ON 2
[19:48:32] : 측정요구 2OFF
[19:48:32] : end pos sig2 : -50.000000, -50.000000
[19:48:36] : 측정요구3 ON
[19:48:45] : 측정요구3 OFF
[19:48:45] : end pos sig3 : 50.000000, 50.000000
[19:48:45] : 측정요구4 ON
[19:48:45] : AUTO RUNNING OFF
[19:48:45] : 측정요구4 OFF
[19:48:45] : end pos sig4 : 50.000000, 50.000000
[19:49:13] : MEAS ESC ON
[19:49:13] : MEAS ESC OFF
[19:49:13] : AUTO RUNNING ON
[19:49:13] : 측정요구4 ON
[19:49:14] : 측정요구4 OFF
[19:49:14] : end pos sig4 : -50.000000, -50.000000
[19:49:14] : 12,20181220-194915,CF18120273531,,NG,MAX,2, ,AUTO,0.10,2.00,2.79,NG,0.10,2.00,2.63,NG,0.10,2.00,3.50,NG,0.10,2.00,2.75,NG,
[19:49:55] : Cycle start ON
[19:49:57] : Cycle start OFF
[19:50:03] : REQUEST MEAS. ON
[19:50:12] : REQUEST MEAS. OFF
[19:50:12] : end pos sig1 : 50.000000, 50.000000
[19:50:13] : 측정요구 ON 2
[19:50:22] : 측정요구 2OFF
[19:50:22] : end pos sig2 : -50.000000, -50.000000
[19:50:25] : 측정요구3 ON
[19:50:34] : 측정요구3 OFF
[19:50:34] : end pos sig3 : 50.000000, 50.000000
[19:50:34] : 측정요구4 ON
[19:50:44] : 측정요구4 OFF
[19:50:44] : end pos sig4 : -50.000000, -50.000000
[19:50:44] : 12,20181220-195044,CF18120270901,,OK,MAX,2, ,AUTO,0.10,2.00,1.16,OK,0.10,2.00,0.54,OK,0.10,2.00,1.44,OK,0.10,2.00,1.13,OK,
[19:50:47] : AUTO RUNNING OFF
[19:51:01] : MEAS ESC ON
[19:51:03] : MEAS ESC OFF
[19:51:03] : AUTO RUNNING ON
[19:51:29] : AUTO RUNNING OFF
[19:51:45] : MEAS ESC ON
[19:51:46] : MEAS ESC OFF
[19:51:46] : AUTO RUNNING ON
[19:52:04] : Cycle start ON
[19:52:06] : Cycle start OFF
[19:52:13] : REQUEST MEAS. ON
[19:52:22] : REQUEST MEAS. OFF
[19:52:22] : end pos sig1 : 50.000000, 50.000000
[19:52:22] : 측정요구 ON 2
[19:52:32] : 측정요구 2OFF
[19:52:32] : end pos sig2 : -50.000000, -50.000000
[19:52:35] : 측정요구3 ON
[19:52:44] : 측정요구3 OFF
[19:52:44] : end pos sig3 : 50.000000, 50.000000
[19:52:44] : 측정요구4 ON
[19:52:54] : 측정요구4 OFF
[19:52:54] : end pos sig4 : -50.000000, -50.000000
[19:52:54] : 12,20181220-195254,CF18120273191,,OK,MAX,2, ,AUTO,0.10,2.00,1.38,OK,0.10,2.00,0.95,OK,0.10,2.00,1.33,OK,0.10,2.00,1.52,OK,
[19:53:39] : AUTO RUNNING OFF
[19:54:12] : MEAS ESC ON
[19:54:12] : MEAS ESC OFF
[19:54:12] : AUTO RUNNING ON
[19:54:22] : AUTO RUNNING OFF
[19:55:40] : MEAS ESC ON
[19:55:42] : MEAS ESC OFF
[19:55:42] : AUTO RUNNING ON
[19:55:52] : AUTO RUNNING OFF
[20:00:05] : MEAS ESC ON
[20:00:06] : MEAS ESC OFF
[20:00:06] : AUTO RUNNING ON
[20:00:29] : AUTO RUNNING OFF
[20:02:46] : MEAS ESC ON
[20:02:47] : MEAS ESC OFF
[20:02:47] : AUTO RUNNING ON
[20:10:21] : PROGRAM END
 
[20:10:55] : PROGRAM START
[20:10:59] : AUTO RUNNING ON
[20:10:59] : REQUEST MEAS. OFF
[20:10:59] : end pos sig1 : 0.000000, 0.000000
[20:10:59] : end pos sig2 : 0.000000, 0.000000
[20:10:59] : end pos sig3 : 0.000000, 0.000000
[20:10:59] : REQUEST ZEROSET OFF
[20:10:59] : REQUEST ZEROSET OFF
[20:10:59] : end pos sig4 : 0.000000, 0.000000
[20:11:49] : PROGRAM END
 
[20:12:43] : PROGRAM START
[20:12:47] : AUTO RUNNING ON
[20:12:47] : REQUEST MEAS. OFF
[20:12:47] : end pos sig1 : 50.000000, 50.000000
[20:12:47] : end pos sig2 : 50.000000, 50.000000
[20:12:47] : end pos sig3 : 50.000000, 50.000000
[20:12:47] : REQUEST ZEROSET OFF
[20:12:47] : REQUEST ZEROSET OFF
[20:12:47] : end pos sig4 : 50.000000, 50.000000
[20:13:11] : PROGRAM END
 
[20:13:58] : PROGRAM START
[20:14:02] : AUTO RUNNING ON
[20:14:02] : REQUEST MEAS. OFF
[20:14:02] : end pos sig1 : 50.000000, 50.000000
[20:14:02] : end pos sig2 : 50.000000, 50.000000
[20:14:02] : end pos sig3 : 50.000000, 50.000000
[20:14:02] : REQUEST ZEROSET OFF
[20:14:02] : REQUEST ZEROSET OFF
[20:14:02] : end pos sig4 : 50.000000, 50.000000
[20:14:27] : PROGRAM END
 
[20:14:40] : PROGRAM START
[20:14:43] : AUTO RUNNING ON
[20:14:43] : REQUEST MEAS. OFF
[20:14:43] : end pos sig1 : 50.000000, 50.000000
[20:14:43] : end pos sig2 : 50.000000, 50.000000
[20:14:43] : end pos sig3 : 50.000000, 50.000000
[20:14:43] : REQUEST ZEROSET OFF
[20:14:43] : REQUEST ZEROSET OFF
[20:14:43] : end pos sig4 : 50.000000, 50.000000
[20:21:50] : AUTO RUNNING OFF
[20:21:51] : MEAS ESC ON
[20:31:49] : MEAS ESC OFF
[20:37:59] : MEAS ESC ON
[20:39:42] : MEAS ESC OFF
 
