[09:29:39] : MEAS ESC OFF
[09:29:39] : RESET ON
[09:29:39] : M3400 : 비상입니다. OFF
[09:29:39] : M3401 : MAIN AIR ALARM OFF
[09:30:36] : REQUEST MEAS. ON
[09:30:37] : REQUEST MEAS. OFF
[09:30:51] : REQUEST MEAS. ON
[09:30:52] : REQUEST MEAS. OFF
[09:31:06] : REQUEST MEAS. ON
[09:31:07] : REQUEST MEAS. OFF
[09:31:20] : REQUEST MEAS. ON
[09:31:21] : REQUEST MEAS. OFF
[09:31:35] : REQUEST MEAS. ON
[09:31:36] : REQUEST MEAS. OFF
[09:31:49] : REQUEST MEAS. ON
[09:31:50] : REQUEST MEAS. OFF
[09:32:04] : REQUEST MEAS. ON
[09:32:05] : REQUEST MEAS. OFF
[09:32:18] : REQUEST MEAS. ON
[09:32:19] : REQUEST MEAS. OFF
[09:32:32] : REQUEST MEAS. ON
[09:32:33] : REQUEST MEAS. OFF
[09:32:47] : REQUEST MEAS. ON
[09:32:48] : REQUEST MEAS. OFF
[09:33:01] : REQUEST MEAS. ON
[09:33:02] : REQUEST MEAS. OFF
[09:33:16] : REQUEST MEAS. ON
[09:33:17] : REQUEST MEAS. OFF
[09:33:30] : REQUEST MEAS. ON
[09:33:31] : REQUEST MEAS. OFF
[09:33:45] : REQUEST MEAS. ON
[09:33:46] : REQUEST MEAS. OFF
[09:33:59] : REQUEST MEAS. ON
[09:34:00] : REQUEST MEAS. OFF
[09:34:14] : REQUEST MEAS. ON
[09:34:15] : REQUEST MEAS. OFF
[09:34:28] : REQUEST MEAS. ON
[09:34:29] : REQUEST MEAS. OFF
[09:34:43] : REQUEST MEAS. ON
[09:34:44] : REQUEST MEAS. OFF
[09:34:57] : REQUEST MEAS. ON
[09:34:58] : REQUEST MEAS. OFF
[09:35:12] : REQUEST MEAS. ON
[09:35:13] : REQUEST MEAS. OFF
[09:42:41] : REQUEST MEAS. ON
[09:42:42] : REQUEST MEAS. OFF
[09:42:56] : REQUEST MEAS. ON
[09:42:57] : REQUEST MEAS. OFF
[09:43:10] : REQUEST MEAS. ON
[09:43:11] : REQUEST MEAS. OFF
[09:43:24] : REQUEST MEAS. ON
[09:43:25] : REQUEST MEAS. OFF
[09:43:39] : REQUEST MEAS. ON
[09:43:40] : REQUEST MEAS. OFF
[09:43:53] : REQUEST MEAS. ON
[09:43:54] : REQUEST MEAS. OFF
[09:44:08] : REQUEST MEAS. ON
[09:44:09] : REQUEST MEAS. OFF
[09:44:22] : REQUEST MEAS. ON
[09:44:23] : REQUEST MEAS. OFF
[09:44:37] : REQUEST MEAS. ON
[09:44:38] : REQUEST MEAS. OFF
[09:44:51] : REQUEST MEAS. ON
[09:44:52] : REQUEST MEAS. OFF
[09:45:06] : REQUEST MEAS. ON
[09:45:07] : REQUEST MEAS. OFF
[09:46:35] : REQUEST MEAS. ON
[09:46:36] : REQUEST MEAS. OFF
[09:46:50] : REQUEST MEAS. ON
[09:46:51] : REQUEST MEAS. OFF
[09:47:04] : REQUEST MEAS. ON
[09:47:05] : REQUEST MEAS. OFF
[09:47:19] : REQUEST MEAS. ON
[09:47:20] : REQUEST MEAS. OFF
[09:47:33] : REQUEST MEAS. ON
[09:47:34] : REQUEST MEAS. OFF
[09:47:48] : REQUEST MEAS. ON
[09:47:49] : REQUEST MEAS. OFF
[09:48:02] : REQUEST MEAS. ON
[09:48:03] : REQUEST MEAS. OFF
[09:48:17] : REQUEST MEAS. ON
[09:48:18] : REQUEST MEAS. OFF
[09:49:17] : REQUEST MEAS. ON
[09:49:18] : REQUEST MEAS. OFF
[09:49:32] : REQUEST MEAS. ON
[09:49:33] : REQUEST MEAS. OFF
[09:49:46] : REQUEST MEAS. ON
[09:49:47] : REQUEST MEAS. OFF
[09:50:01] : REQUEST MEAS. ON
[09:50:02] : REQUEST MEAS. OFF
[09:50:15] : REQUEST MEAS. ON
[09:50:16] : REQUEST MEAS. OFF
[09:50:30] : REQUEST MEAS. ON
[09:50:31] : REQUEST MEAS. OFF
[09:50:44] : REQUEST MEAS. ON
[09:50:45] : REQUEST MEAS. OFF
[09:51:39] : REQUEST MEAS. ON
[09:51:40] : REQUEST MEAS. OFF
[09:51:54] : REQUEST MEAS. ON
[09:51:55] : REQUEST MEAS. OFF
[09:52:08] : REQUEST MEAS. ON
[09:52:09] : REQUEST MEAS. OFF
[09:52:23] : REQUEST MEAS. ON
[09:52:24] : REQUEST MEAS. OFF
[09:52:37] : REQUEST MEAS. ON
[09:52:38] : REQUEST MEAS. OFF
[09:52:52] : REQUEST MEAS. ON
[09:52:53] : REQUEST MEAS. OFF
[09:53:06] : REQUEST MEAS. ON
[09:53:07] : REQUEST MEAS. OFF
[09:53:21] : REQUEST MEAS. ON
[09:53:22] : REQUEST MEAS. OFF
[09:54:03] : REQUEST MEAS. ON
[09:54:04] : REQUEST MEAS. OFF
[09:54:18] : REQUEST MEAS. ON
[09:54:19] : REQUEST MEAS. OFF
[09:54:32] : REQUEST MEAS. ON
[09:54:33] : REQUEST MEAS. OFF
[09:54:47] : REQUEST MEAS. ON
[09:54:48] : REQUEST MEAS. OFF
[09:55:02] : REQUEST MEAS. ON
[09:55:03] : REQUEST MEAS. OFF
[09:55:17] : REQUEST MEAS. ON
[09:55:18] : REQUEST MEAS. OFF
[09:55:32] : REQUEST MEAS. ON
[09:55:33] : REQUEST MEAS. OFF
[09:55:47] : REQUEST MEAS. ON
[09:55:48] : REQUEST MEAS. OFF
[09:56:08] : REQUEST MEAS. ON
[09:56:09] : REQUEST MEAS. OFF
[09:56:23] : REQUEST MEAS. ON
[09:56:24] : REQUEST MEAS. OFF
[09:56:38] : REQUEST MEAS. ON
[09:56:39] : REQUEST MEAS. OFF
[09:56:53] : REQUEST MEAS. ON
[09:56:54] : REQUEST MEAS. OFF
[09:57:08] : REQUEST MEAS. ON
[09:57:09] : REQUEST MEAS. OFF
[09:57:23] : REQUEST MEAS. ON
[09:57:24] : REQUEST MEAS. OFF
[09:57:38] : REQUEST MEAS. ON
[09:57:39] : REQUEST MEAS. OFF
[09:57:52] : REQUEST MEAS. ON
[09:57:53] : REQUEST MEAS. OFF
[09:58:07] : REQUEST MEAS. ON
[09:58:08] : REQUEST MEAS. OFF
[09:58:51] : REQUEST MEAS. ON
[09:58:52] : REQUEST MEAS. OFF
[09:59:06] : REQUEST MEAS. ON
[09:59:07] : REQUEST MEAS. OFF
[09:59:21] : REQUEST MEAS. ON
[09:59:22] : REQUEST MEAS. OFF
[09:59:36] : REQUEST MEAS. ON
[09:59:37] : REQUEST MEAS. OFF
[09:59:50] : REQUEST MEAS. ON
[09:59:51] : REQUEST MEAS. OFF
[10:00:06] : REQUEST MEAS. ON
[10:00:07] : REQUEST MEAS. OFF
[10:00:20] : REQUEST MEAS. ON
[10:00:21] : REQUEST MEAS. OFF
[10:00:35] : REQUEST MEAS. ON
[10:00:36] : REQUEST MEAS. OFF
[10:00:50] : REQUEST MEAS. ON
[10:00:51] : REQUEST MEAS. OFF
[10:01:05] : REQUEST MEAS. ON
[10:01:06] : REQUEST MEAS. OFF
[10:01:20] : REQUEST MEAS. ON
[10:01:21] : REQUEST MEAS. OFF
[10:01:35] : REQUEST MEAS. ON
[10:01:36] : REQUEST MEAS. OFF
[10:01:49] : REQUEST MEAS. ON
[10:01:50] : REQUEST MEAS. OFF
[10:02:04] : REQUEST MEAS. ON
[10:02:05] : REQUEST MEAS. OFF
[10:02:19] : REQUEST MEAS. ON
[10:02:20] : REQUEST MEAS. OFF
[10:02:34] : REQUEST MEAS. ON
[10:02:35] : REQUEST MEAS. OFF
[10:02:49] : REQUEST MEAS. ON
[10:02:50] : REQUEST MEAS. OFF
[10:03:04] : REQUEST MEAS. ON
[10:03:05] : REQUEST MEAS. OFF
[10:03:18] : REQUEST MEAS. ON
[10:03:19] : REQUEST MEAS. OFF
[10:03:33] : REQUEST MEAS. ON
[10:03:34] : REQUEST MEAS. OFF
[10:03:48] : REQUEST MEAS. ON
[10:03:49] : REQUEST MEAS. OFF
[10:04:03] : REQUEST MEAS. ON
[10:04:04] : REQUEST MEAS. OFF
[10:04:18] : REQUEST MEAS. ON
[10:04:19] : REQUEST MEAS. OFF
[10:04:33] : REQUEST MEAS. ON
[10:04:34] : REQUEST MEAS. OFF
[10:04:48] : REQUEST MEAS. ON
[10:04:49] : REQUEST MEAS. OFF
[10:05:03] : REQUEST MEAS. ON
[10:05:04] : REQUEST MEAS. OFF
[10:05:17] : REQUEST MEAS. ON
[10:05:18] : REQUEST MEAS. OFF
[10:05:32] : REQUEST MEAS. ON
[10:05:33] : REQUEST MEAS. OFF
[10:05:47] : REQUEST MEAS. ON
[10:05:48] : REQUEST MEAS. OFF
[10:06:02] : REQUEST MEAS. ON
[10:06:03] : REQUEST MEAS. OFF
[10:16:51] : REQUEST MEAS. ON
[10:16:52] : REQUEST MEAS. OFF
[10:17:06] : REQUEST MEAS. ON
[10:17:07] : REQUEST MEAS. OFF
[10:17:21] : REQUEST MEAS. ON
[10:17:22] : REQUEST MEAS. OFF
[10:17:36] : REQUEST MEAS. ON
[10:17:37] : REQUEST MEAS. OFF
[10:17:50] : REQUEST MEAS. ON
[10:17:51] : REQUEST MEAS. OFF
[10:18:05] : REQUEST MEAS. ON
[10:18:06] : REQUEST MEAS. OFF
[10:18:20] : REQUEST MEAS. ON
[10:18:21] : REQUEST MEAS. OFF
[10:18:35] : REQUEST MEAS. ON
[10:18:36] : REQUEST MEAS. OFF
[10:18:50] : REQUEST MEAS. ON
[10:18:51] : REQUEST MEAS. OFF
[10:19:05] : REQUEST MEAS. ON
[10:19:06] : REQUEST MEAS. OFF
[10:19:29] : REQUEST MEAS. ON
[10:19:30] : REQUEST MEAS. OFF
[10:19:44] : REQUEST MEAS. ON
[10:19:45] : REQUEST MEAS. OFF
[10:19:58] : REQUEST MEAS. ON
[10:19:59] : REQUEST MEAS. OFF
[10:20:13] : REQUEST MEAS. ON
[10:20:14] : REQUEST MEAS. OFF
[10:20:28] : REQUEST MEAS. ON
[10:20:29] : REQUEST MEAS. OFF
[10:20:43] : REQUEST MEAS. ON
[10:20:44] : REQUEST MEAS. OFF
[10:20:58] : REQUEST MEAS. ON
[10:20:59] : REQUEST MEAS. OFF
[10:21:13] : REQUEST MEAS. ON
[10:21:14] : REQUEST MEAS. OFF
[10:21:40] : REQUEST MEAS. ON
[10:21:41] : REQUEST MEAS. OFF
[10:21:55] : REQUEST MEAS. ON
[10:21:56] : REQUEST MEAS. OFF
[10:22:10] : REQUEST MEAS. ON
[10:22:11] : REQUEST MEAS. OFF
[10:22:25] : REQUEST MEAS. ON
[10:22:26] : REQUEST MEAS. OFF
[10:22:40] : REQUEST MEAS. ON
[10:22:41] : REQUEST MEAS. OFF
[10:22:55] : REQUEST MEAS. ON
[10:22:56] : REQUEST MEAS. OFF
[10:23:10] : REQUEST MEAS. ON
[10:23:11] : REQUEST MEAS. OFF
[10:23:24] : REQUEST MEAS. ON
[10:23:25] : REQUEST MEAS. OFF
[10:23:39] : REQUEST MEAS. ON
[10:23:40] : REQUEST MEAS. OFF
[10:23:54] : REQUEST MEAS. ON
[10:23:55] : REQUEST MEAS. OFF
[10:24:09] : REQUEST MEAS. ON
[10:24:10] : REQUEST MEAS. OFF
[10:24:24] : REQUEST MEAS. ON
[10:24:25] : REQUEST MEAS. OFF
[10:24:39] : REQUEST MEAS. ON
[10:24:40] : REQUEST MEAS. OFF
[10:24:54] : REQUEST MEAS. ON
[10:24:55] : REQUEST MEAS. OFF
[10:25:09] : REQUEST MEAS. ON
[10:25:10] : REQUEST MEAS. OFF
[10:25:24] : REQUEST MEAS. ON
[10:25:25] : REQUEST MEAS. OFF
[10:25:38] : REQUEST MEAS. ON
[10:25:39] : REQUEST MEAS. OFF
[10:25:53] : REQUEST MEAS. ON
[10:25:54] : REQUEST MEAS. OFF
[10:26:08] : REQUEST MEAS. ON
[10:26:09] : REQUEST MEAS. OFF
[10:26:23] : REQUEST MEAS. ON
[10:26:24] : REQUEST MEAS. OFF
[10:26:38] : REQUEST MEAS. ON
[10:26:39] : REQUEST MEAS. OFF
[10:26:53] : REQUEST MEAS. ON
[10:26:54] : REQUEST MEAS. OFF
[10:27:08] : REQUEST MEAS. ON
[10:27:09] : REQUEST MEAS. OFF
[10:27:23] : REQUEST MEAS. ON
[10:27:24] : REQUEST MEAS. OFF
[10:27:37] : REQUEST MEAS. ON
[10:27:38] : REQUEST MEAS. OFF
[10:27:52] : REQUEST MEAS. ON
[10:27:53] : REQUEST MEAS. OFF
[10:28:07] : REQUEST MEAS. ON
[10:28:08] : REQUEST MEAS. OFF
[10:28:22] : REQUEST MEAS. ON
[10:28:23] : REQUEST MEAS. OFF
[10:28:37] : REQUEST MEAS. ON
[10:28:38] : REQUEST MEAS. OFF
[10:28:52] : REQUEST MEAS. ON
[10:28:53] : REQUEST MEAS. OFF
[10:46:46] : REQUEST MEAS. ON
[10:46:47] : REQUEST MEAS. OFF
[10:47:01] : REQUEST MEAS. ON
[10:47:02] : REQUEST MEAS. OFF
[10:47:16] : REQUEST MEAS. ON
[10:47:17] : REQUEST MEAS. OFF
[10:47:31] : REQUEST MEAS. ON
[10:47:32] : REQUEST MEAS. OFF
[10:47:46] : REQUEST MEAS. ON
[10:47:47] : REQUEST MEAS. OFF
[10:48:01] : REQUEST MEAS. ON
[10:48:02] : REQUEST MEAS. OFF
[10:48:16] : REQUEST MEAS. ON
[10:48:17] : REQUEST MEAS. OFF
[10:49:45] : REQUEST MEAS. ON
[10:49:46] : REQUEST MEAS. OFF
[10:50:00] : REQUEST MEAS. ON
[10:50:01] : REQUEST MEAS. OFF
[10:50:15] : REQUEST MEAS. ON
[10:50:16] : REQUEST MEAS. OFF
[10:50:29] : REQUEST MEAS. ON
[10:50:30] : REQUEST MEAS. OFF
[10:50:45] : REQUEST MEAS. ON
[10:50:46] : REQUEST MEAS. OFF
[10:54:59] : REQUEST MEAS. ON
[10:55:00] : REQUEST MEAS. OFF
[10:55:15] : REQUEST MEAS. ON
[10:55:16] : REQUEST MEAS. OFF
[10:55:31] : REQUEST MEAS. ON
[10:55:32] : REQUEST MEAS. OFF
[10:55:46] : REQUEST MEAS. ON
[10:55:47] : REQUEST MEAS. OFF
[10:56:02] : REQUEST MEAS. ON
[10:56:03] : REQUEST MEAS. OFF
[10:56:17] : REQUEST MEAS. ON
[10:56:18] : REQUEST MEAS. OFF
[10:56:32] : REQUEST MEAS. ON
[10:56:33] : REQUEST MEAS. OFF
[10:56:47] : REQUEST MEAS. ON
[10:56:49] : REQUEST MEAS. OFF
[10:57:02] : REQUEST MEAS. ON
[10:57:03] : REQUEST MEAS. OFF
[10:57:17] : REQUEST MEAS. ON
[10:57:18] : REQUEST MEAS. OFF
[10:57:32] : REQUEST MEAS. ON
[10:57:33] : REQUEST MEAS. OFF
[10:57:47] : REQUEST MEAS. ON
[10:57:48] : REQUEST MEAS. OFF
[10:58:02] : REQUEST MEAS. ON
[10:58:03] : REQUEST MEAS. OFF
[10:58:17] : REQUEST MEAS. ON
[10:58:18] : REQUEST MEAS. OFF
[10:58:32] : REQUEST MEAS. ON
[10:58:33] : REQUEST MEAS. OFF
[10:58:47] : REQUEST MEAS. ON
[10:58:48] : REQUEST MEAS. OFF
[10:59:02] : REQUEST MEAS. ON
[10:59:03] : REQUEST MEAS. OFF
[10:59:17] : REQUEST MEAS. ON
[10:59:18] : REQUEST MEAS. OFF
[10:59:32] : REQUEST MEAS. ON
[10:59:33] : REQUEST MEAS. OFF
[10:59:47] : REQUEST MEAS. ON
[10:59:48] : REQUEST MEAS. OFF
[11:00:02] : REQUEST MEAS. ON
[11:00:03] : REQUEST MEAS. OFF
[11:00:17] : REQUEST MEAS. ON
[11:00:19] : REQUEST MEAS. OFF
[11:00:33] : REQUEST MEAS. ON
[11:00:34] : REQUEST MEAS. OFF
[11:00:48] : REQUEST MEAS. ON
[11:00:49] : REQUEST MEAS. OFF
[11:01:16] : REQUEST MEAS. ON
[11:01:17] : REQUEST MEAS. OFF
[11:01:31] : REQUEST MEAS. ON
[11:01:32] : REQUEST MEAS. OFF
[11:01:46] : REQUEST MEAS. ON
[11:01:47] : REQUEST MEAS. OFF
[11:33:43] : REQUEST MEAS. ON
[11:33:45] : REQUEST MEAS. OFF
[11:34:14] : REQUEST MEAS. ON
[11:34:15] : REQUEST MEAS. OFF
[11:34:35] : REQUEST MEAS. ON
[11:34:36] : REQUEST MEAS. OFF
[11:34:50] : REQUEST MEAS. ON
[11:34:51] : REQUEST MEAS. OFF
[11:35:05] : REQUEST MEAS. ON
[11:35:06] : REQUEST MEAS. OFF
[11:35:20] : REQUEST MEAS. ON
[11:35:21] : REQUEST MEAS. OFF
[11:35:35] : REQUEST MEAS. ON
[11:35:36] : REQUEST MEAS. OFF
[11:35:51] : REQUEST MEAS. ON
[11:35:53] : REQUEST MEAS. OFF
[11:36:06] : REQUEST MEAS. ON
[11:36:07] : REQUEST MEAS. OFF
[11:36:21] : REQUEST MEAS. ON
[11:36:22] : REQUEST MEAS. OFF
[11:36:36] : REQUEST MEAS. ON
[11:36:38] : REQUEST MEAS. OFF
[11:36:51] : REQUEST MEAS. ON
[11:36:52] : REQUEST MEAS. OFF
[11:37:06] : REQUEST MEAS. ON
[11:37:07] : REQUEST MEAS. OFF
[11:37:21] : REQUEST MEAS. ON
[11:37:22] : REQUEST MEAS. OFF
[11:37:36] : REQUEST MEAS. ON
[11:37:37] : REQUEST MEAS. OFF
[11:49:17] : REQUEST MEAS. ON
[11:49:19] : REQUEST MEAS. OFF
[11:49:32] : REQUEST MEAS. ON
[11:49:33] : REQUEST MEAS. OFF
[11:49:48] : REQUEST MEAS. ON
[11:49:49] : REQUEST MEAS. OFF
 
[11:50:03] : REQUEST MEAS. ON
[11:50:04] : REQUEST MEAS. OFF
[11:50:17] : REQUEST MEAS. ON
[11:50:18] : REQUEST MEAS. OFF
[11:50:32] : REQUEST MEAS. ON
[11:50:33] : REQUEST MEAS. OFF
[11:50:46] : REQUEST MEAS. ON
[11:50:47] : REQUEST MEAS. OFF
[11:51:01] : REQUEST MEAS. ON
[11:51:02] : REQUEST MEAS. OFF
[11:51:15] : REQUEST MEAS. ON
[11:51:16] : REQUEST MEAS. OFF
[11:51:30] : REQUEST MEAS. ON
[11:51:31] : REQUEST MEAS. OFF
[11:51:44] : REQUEST MEAS. ON
[11:51:45] : REQUEST MEAS. OFF
[11:51:59] : REQUEST MEAS. ON
[11:52:00] : REQUEST MEAS. OFF
[11:52:13] : REQUEST MEAS. ON
[11:52:14] : REQUEST MEAS. OFF
[11:52:28] : REQUEST MEAS. ON
[11:52:29] : REQUEST MEAS. OFF
[11:52:42] : REQUEST MEAS. ON
[11:52:43] : REQUEST MEAS. OFF
[11:52:57] : REQUEST MEAS. ON
[11:52:58] : REQUEST MEAS. OFF
[11:53:11] : REQUEST MEAS. ON
[11:53:12] : REQUEST MEAS. OFF
[11:53:26] : REQUEST MEAS. ON
[11:53:27] : REQUEST MEAS. OFF
[11:53:40] : REQUEST MEAS. ON
[11:53:41] : REQUEST MEAS. OFF
[11:53:55] : REQUEST MEAS. ON
[11:53:56] : REQUEST MEAS. OFF
[11:54:09] : REQUEST MEAS. ON
[11:54:10] : REQUEST MEAS. OFF
[11:54:24] : REQUEST MEAS. ON
[11:54:25] : REQUEST MEAS. OFF
[11:54:38] : REQUEST MEAS. ON
[11:54:39] : REQUEST MEAS. OFF
[11:54:53] : REQUEST MEAS. ON
[11:54:54] : REQUEST MEAS. OFF
[11:55:07] : REQUEST MEAS. ON
[11:55:08] : REQUEST MEAS. OFF
[11:55:22] : REQUEST MEAS. ON
[11:55:23] : REQUEST MEAS. OFF
[11:55:36] : REQUEST MEAS. ON
[11:55:37] : REQUEST MEAS. OFF
[11:55:51] : REQUEST MEAS. ON
[11:55:52] : REQUEST MEAS. OFF
[11:56:05] : REQUEST MEAS. ON
[11:56:06] : REQUEST MEAS. OFF
[11:56:20] : REQUEST MEAS. ON
[11:56:21] : REQUEST MEAS. OFF
[11:56:50] : REQUEST MEAS. ON
[11:56:51] : REQUEST MEAS. OFF
[11:57:05] : REQUEST MEAS. ON
[11:57:06] : REQUEST MEAS. OFF
[11:57:19] : REQUEST MEAS. ON
[11:57:20] : REQUEST MEAS. OFF
[11:57:34] : REQUEST MEAS. ON
[11:57:35] : REQUEST MEAS. OFF
[11:57:48] : REQUEST MEAS. ON
[11:57:49] : REQUEST MEAS. OFF
[11:58:03] : REQUEST MEAS. ON
[11:58:04] : REQUEST MEAS. OFF
[11:58:17] : REQUEST MEAS. ON
[11:58:18] : REQUEST MEAS. OFF
[11:58:32] : REQUEST MEAS. ON
[11:58:33] : REQUEST MEAS. OFF
[11:58:46] : REQUEST MEAS. ON
[11:58:47] : REQUEST MEAS. OFF
[11:59:01] : REQUEST MEAS. ON
[11:59:02] : REQUEST MEAS. OFF
[11:59:15] : REQUEST MEAS. ON
[11:59:16] : REQUEST MEAS. OFF
[11:59:30] : REQUEST MEAS. ON
[11:59:31] : REQUEST MEAS. OFF
[11:59:44] : REQUEST MEAS. ON
[11:59:45] : REQUEST MEAS. OFF
[11:59:59] : REQUEST MEAS. ON
[12:00:00] : REQUEST MEAS. OFF
[12:00:13] : REQUEST MEAS. ON
[12:00:14] : REQUEST MEAS. OFF
[12:00:27] : REQUEST MEAS. ON
[12:00:28] : REQUEST MEAS. OFF
[12:00:42] : REQUEST MEAS. ON
[12:00:43] : REQUEST MEAS. OFF
[12:00:56] : REQUEST MEAS. ON
[12:00:57] : REQUEST MEAS. OFF
[12:01:11] : REQUEST MEAS. ON
[12:01:12] : REQUEST MEAS. OFF
[12:01:25] : REQUEST MEAS. ON
[12:01:26] : REQUEST MEAS. OFF
[12:01:40] : REQUEST MEAS. ON
[12:01:41] : REQUEST MEAS. OFF
[12:01:54] : REQUEST MEAS. ON
[12:01:55] : REQUEST MEAS. OFF
[12:02:38] : REQUEST MEAS. ON
[12:02:39] : REQUEST MEAS. OFF
[12:02:52] : REQUEST MEAS. ON
[12:02:53] : REQUEST MEAS. OFF
[12:03:07] : REQUEST MEAS. ON
[12:03:08] : REQUEST MEAS. OFF
[12:03:21] : REQUEST MEAS. ON
[12:03:22] : REQUEST MEAS. OFF
[12:03:36] : REQUEST MEAS. ON
[12:03:37] : REQUEST MEAS. OFF
[12:03:50] : REQUEST MEAS. ON
[12:03:51] : REQUEST MEAS. OFF
[12:04:05] : REQUEST MEAS. ON
[12:04:06] : REQUEST MEAS. OFF
[12:04:19] : REQUEST MEAS. ON
[12:04:20] : REQUEST MEAS. OFF
[12:04:34] : REQUEST MEAS. ON
[12:04:35] : REQUEST MEAS. OFF
[12:08:43] : REQUEST MEAS. ON
[12:08:44] : REQUEST MEAS. OFF
[12:08:58] : REQUEST MEAS. ON
[12:08:59] : REQUEST MEAS. OFF
[12:09:12] : REQUEST MEAS. ON
[12:09:13] : REQUEST MEAS. OFF
[12:09:27] : REQUEST MEAS. ON
[12:09:28] : REQUEST MEAS. OFF
[12:09:41] : REQUEST MEAS. ON
[12:09:42] : REQUEST MEAS. OFF
[12:09:56] : REQUEST MEAS. ON
[12:09:57] : REQUEST MEAS. OFF
[12:10:10] : REQUEST MEAS. ON
[12:10:11] : REQUEST MEAS. OFF
[12:10:25] : REQUEST MEAS. ON
[12:10:26] : REQUEST MEAS. OFF
[12:10:39] : REQUEST MEAS. ON
[12:10:40] : REQUEST MEAS. OFF
[12:10:58] : REQUEST MEAS. ON
[12:10:59] : REQUEST MEAS. OFF
[12:11:13] : REQUEST MEAS. ON
[12:11:14] : REQUEST MEAS. OFF
[12:11:27] : REQUEST MEAS. ON
[12:11:28] : REQUEST MEAS. OFF
[12:11:42] : REQUEST MEAS. ON
[12:11:43] : REQUEST MEAS. OFF
[12:11:56] : REQUEST MEAS. ON
[12:11:57] : REQUEST MEAS. OFF
[12:12:11] : REQUEST MEAS. ON
[12:12:12] : REQUEST MEAS. OFF
[12:12:25] : REQUEST MEAS. ON
[12:12:26] : REQUEST MEAS. OFF
[12:12:40] : REQUEST MEAS. ON
[12:12:41] : REQUEST MEAS. OFF
[12:12:54] : REQUEST MEAS. ON
[12:12:55] : REQUEST MEAS. OFF
[12:13:09] : REQUEST MEAS. ON
[12:13:10] : REQUEST MEAS. OFF
[12:13:23] : REQUEST MEAS. ON
[12:13:24] : REQUEST MEAS. OFF
[12:13:38] : REQUEST MEAS. ON
[12:13:39] : REQUEST MEAS. OFF
[12:13:52] : REQUEST MEAS. ON
[12:13:53] : REQUEST MEAS. OFF
[12:14:07] : REQUEST MEAS. ON
[12:14:08] : REQUEST MEAS. OFF
[12:14:21] : REQUEST MEAS. ON
[12:14:22] : REQUEST MEAS. OFF
[12:14:36] : REQUEST MEAS. ON
[12:14:37] : REQUEST MEAS. OFF
[12:14:50] : REQUEST MEAS. ON
[12:14:51] : REQUEST MEAS. OFF
[12:15:04] : REQUEST MEAS. ON
[12:15:05] : REQUEST MEAS. OFF
[12:15:19] : REQUEST MEAS. ON
[12:15:20] : REQUEST MEAS. OFF
[12:15:33] : REQUEST MEAS. ON
[12:15:34] : REQUEST MEAS. OFF
[12:15:48] : REQUEST MEAS. ON
[12:15:49] : REQUEST MEAS. OFF
[12:16:02] : REQUEST MEAS. ON
[12:16:03] : REQUEST MEAS. OFF
[12:16:17] : REQUEST MEAS. ON
[12:16:18] : REQUEST MEAS. OFF
[12:16:31] : REQUEST MEAS. ON
[12:16:32] : REQUEST MEAS. OFF
[12:16:46] : REQUEST MEAS. ON
[12:16:47] : REQUEST MEAS. OFF
[12:17:00] : REQUEST MEAS. ON
[12:17:01] : REQUEST MEAS. OFF
[12:17:15] : REQUEST MEAS. ON
[12:17:16] : REQUEST MEAS. OFF
[12:17:29] : REQUEST MEAS. ON
[12:17:30] : REQUEST MEAS. OFF
[12:17:44] : REQUEST MEAS. ON
[12:17:45] : REQUEST MEAS. OFF
[12:17:58] : REQUEST MEAS. ON
[12:17:59] : REQUEST MEAS. OFF
[12:19:04] : REQUEST MEAS. ON
[12:19:05] : REQUEST MEAS. OFF
[12:19:18] : REQUEST MEAS. ON
[12:19:19] : REQUEST MEAS. OFF
[12:19:33] : REQUEST MEAS. ON
[12:19:34] : REQUEST MEAS. OFF
[12:20:23] : REQUEST MEAS. ON
[12:20:24] : REQUEST MEAS. OFF
[12:20:38] : REQUEST MEAS. ON
[12:20:39] : REQUEST MEAS. OFF
[12:20:52] : REQUEST MEAS. ON
[12:20:53] : REQUEST MEAS. OFF
[12:21:07] : REQUEST MEAS. ON
[12:21:08] : REQUEST MEAS. OFF
[12:21:34] : REQUEST MEAS. ON
[12:21:35] : REQUEST MEAS. OFF
[12:21:50] : REQUEST MEAS. ON
[12:21:52] : REQUEST MEAS. OFF
[12:22:15] : REQUEST MEAS. ON
[12:22:16] : REQUEST MEAS. OFF
[12:22:34] : REQUEST MEAS. ON
[12:22:35] : REQUEST MEAS. OFF
[12:22:48] : REQUEST MEAS. ON
[12:22:49] : REQUEST MEAS. OFF
[12:23:03] : REQUEST MEAS. ON
[12:23:04] : REQUEST MEAS. OFF
[12:23:17] : REQUEST MEAS. ON
[12:23:18] : REQUEST MEAS. OFF
[12:23:32] : REQUEST MEAS. ON
[12:23:33] : REQUEST MEAS. OFF
[12:23:46] : REQUEST MEAS. ON
[12:23:47] : REQUEST MEAS. OFF
[12:24:01] : REQUEST MEAS. ON
[12:24:02] : REQUEST MEAS. OFF
[12:24:15] : REQUEST MEAS. ON
[12:24:16] : REQUEST MEAS. OFF
[12:24:30] : REQUEST MEAS. ON
[12:24:31] : REQUEST MEAS. OFF
[12:24:44] : REQUEST MEAS. ON
[12:24:45] : REQUEST MEAS. OFF
[12:24:59] : REQUEST MEAS. ON
[12:25:00] : REQUEST MEAS. OFF
[12:25:13] : REQUEST MEAS. ON
[12:25:14] : REQUEST MEAS. OFF
[12:25:28] : REQUEST MEAS. ON
[12:25:29] : REQUEST MEAS. OFF
[12:25:42] : REQUEST MEAS. ON
[12:25:43] : REQUEST MEAS. OFF
[12:25:56] : REQUEST MEAS. ON
[12:25:57] : REQUEST MEAS. OFF
[12:26:11] : REQUEST MEAS. ON
[12:26:12] : REQUEST MEAS. OFF
[12:26:25] : REQUEST MEAS. ON
[12:26:26] : REQUEST MEAS. OFF
[12:26:40] : REQUEST MEAS. ON
[12:26:41] : REQUEST MEAS. OFF
[12:26:54] : REQUEST MEAS. ON
[12:26:55] : REQUEST MEAS. OFF
[12:27:09] : REQUEST MEAS. ON
[12:27:10] : REQUEST MEAS. OFF
[12:27:23] : REQUEST MEAS. ON
[12:27:24] : REQUEST MEAS. OFF
[12:27:38] : REQUEST MEAS. ON
[12:27:39] : REQUEST MEAS. OFF
[12:27:52] : REQUEST MEAS. ON
[12:27:53] : REQUEST MEAS. OFF
[12:28:07] : REQUEST MEAS. ON
[12:28:08] : REQUEST MEAS. OFF
[12:28:21] : REQUEST MEAS. ON
[12:28:22] : REQUEST MEAS. OFF
[12:28:50] : REQUEST MEAS. ON
[12:28:51] : REQUEST MEAS. OFF
[12:29:09] : REQUEST MEAS. ON
[12:29:10] : REQUEST MEAS. OFF
[12:29:29] : REQUEST MEAS. ON
[12:29:30] : REQUEST MEAS. OFF
[12:29:50] : REQUEST MEAS. ON
[12:29:51] : REQUEST MEAS. OFF
[12:30:04] : REQUEST MEAS. ON
[12:30:05] : REQUEST MEAS. OFF
[12:30:19] : REQUEST MEAS. ON
[12:30:20] : REQUEST MEAS. OFF
[12:30:33] : REQUEST MEAS. ON
[12:30:34] : REQUEST MEAS. OFF
[12:30:48] : REQUEST MEAS. ON
[12:30:49] : REQUEST MEAS. OFF
[12:31:02] : REQUEST MEAS. ON
[12:31:03] : REQUEST MEAS. OFF
[12:31:16] : REQUEST MEAS. ON
[12:31:17] : REQUEST MEAS. OFF
[12:31:31] : REQUEST MEAS. ON
[12:31:32] : REQUEST MEAS. OFF
[12:31:45] : REQUEST MEAS. ON
[12:31:46] : REQUEST MEAS. OFF
[12:32:00] : REQUEST MEAS. ON
[12:32:01] : REQUEST MEAS. OFF
[12:32:14] : REQUEST MEAS. ON
[12:32:15] : REQUEST MEAS. OFF
[12:32:29] : REQUEST MEAS. ON
[12:32:30] : REQUEST MEAS. OFF
[12:32:43] : REQUEST MEAS. ON
[12:32:44] : REQUEST MEAS. OFF
[12:32:58] : REQUEST MEAS. ON
[12:32:59] : REQUEST MEAS. OFF
[12:33:12] : REQUEST MEAS. ON
[12:33:13] : REQUEST MEAS. OFF
[12:33:27] : REQUEST MEAS. ON
[12:33:28] : REQUEST MEAS. OFF
[12:33:41] : REQUEST MEAS. ON
[12:33:42] : REQUEST MEAS. OFF
[12:33:56] : REQUEST MEAS. ON
[12:33:57] : REQUEST MEAS. OFF
[12:34:10] : REQUEST MEAS. ON
[12:34:11] : REQUEST MEAS. OFF
[12:34:25] : REQUEST MEAS. ON
[12:34:26] : REQUEST MEAS. OFF
[12:34:39] : REQUEST MEAS. ON
[12:34:40] : REQUEST MEAS. OFF
[12:34:54] : REQUEST MEAS. ON
[12:34:55] : REQUEST MEAS. OFF
[12:35:08] : REQUEST MEAS. ON
[12:35:09] : REQUEST MEAS. OFF
[12:35:23] : REQUEST MEAS. ON
[12:35:24] : REQUEST MEAS. OFF
[12:35:37] : REQUEST MEAS. ON
[12:35:38] : REQUEST MEAS. OFF
[12:35:51] : REQUEST MEAS. ON
[12:35:52] : REQUEST MEAS. OFF
[12:36:06] : REQUEST MEAS. ON
[12:36:07] : REQUEST MEAS. OFF
[12:36:20] : REQUEST MEAS. ON
[12:36:21] : REQUEST MEAS. OFF
[12:36:35] : REQUEST MEAS. ON
[12:36:36] : REQUEST MEAS. OFF
[12:36:49] : REQUEST MEAS. ON
[12:36:50] : REQUEST MEAS. OFF
[12:38:39] : REQUEST MEAS. ON
[12:38:40] : REQUEST MEAS. OFF
[12:38:54] : REQUEST MEAS. ON
[12:38:55] : REQUEST MEAS. OFF
[12:39:08] : REQUEST MEAS. ON
[12:39:09] : REQUEST MEAS. OFF
[12:39:23] : REQUEST MEAS. ON
[12:39:24] : REQUEST MEAS. OFF
[12:39:37] : REQUEST MEAS. ON
[12:39:38] : REQUEST MEAS. OFF
[12:40:03] : REQUEST MEAS. ON
[12:40:05] : REQUEST MEAS. OFF
[12:40:19] : REQUEST MEAS. ON
[12:40:20] : REQUEST MEAS. OFF
[12:40:33] : REQUEST MEAS. ON
[12:40:34] : REQUEST MEAS. OFF
[12:40:48] : REQUEST MEAS. ON
[12:40:49] : REQUEST MEAS. OFF
[12:41:02] : REQUEST MEAS. ON
[12:41:03] : REQUEST MEAS. OFF
[12:41:17] : REQUEST MEAS. ON
[12:41:18] : REQUEST MEAS. OFF
[12:41:31] : REQUEST MEAS. ON
[12:41:32] : REQUEST MEAS. OFF
[12:41:46] : REQUEST MEAS. ON
[12:41:47] : REQUEST MEAS. OFF
[12:42:00] : REQUEST MEAS. ON
[12:42:01] : REQUEST MEAS. OFF
[12:42:14] : REQUEST MEAS. ON
[12:42:15] : REQUEST MEAS. OFF
[12:42:29] : REQUEST MEAS. ON
[12:42:30] : REQUEST MEAS. OFF
[12:42:43] : REQUEST MEAS. ON
[12:42:44] : REQUEST MEAS. OFF
[12:42:58] : REQUEST MEAS. ON
[12:42:59] : REQUEST MEAS. OFF
[12:43:12] : REQUEST MEAS. ON
[12:43:13] : REQUEST MEAS. OFF
[12:43:27] : REQUEST MEAS. ON
[12:43:28] : REQUEST MEAS. OFF
[12:43:41] : REQUEST MEAS. ON
[12:43:42] : REQUEST MEAS. OFF
[12:43:56] : REQUEST MEAS. ON
[12:43:57] : REQUEST MEAS. OFF
[12:44:10] : REQUEST MEAS. ON
[12:44:11] : REQUEST MEAS. OFF
[12:44:25] : REQUEST MEAS. ON
[12:44:26] : REQUEST MEAS. OFF
[12:44:39] : REQUEST MEAS. ON
[12:44:40] : REQUEST MEAS. OFF
[12:44:54] : REQUEST MEAS. ON
[12:44:55] : REQUEST MEAS. OFF
[12:45:08] : REQUEST MEAS. ON
[12:45:09] : REQUEST MEAS. OFF
[12:45:23] : REQUEST MEAS. ON
[12:45:24] : REQUEST MEAS. OFF
[12:45:37] : REQUEST MEAS. ON
[12:45:38] : REQUEST MEAS. OFF
[12:45:52] : REQUEST MEAS. ON
[12:45:53] : REQUEST MEAS. OFF
[12:46:06] : REQUEST MEAS. ON
[12:46:07] : REQUEST MEAS. OFF
[12:46:21] : REQUEST MEAS. ON
[12:46:22] : REQUEST MEAS. OFF
[12:46:35] : REQUEST MEAS. ON
[12:46:36] : REQUEST MEAS. OFF
[12:46:50] : REQUEST MEAS. ON
[12:46:51] : REQUEST MEAS. OFF
[12:47:04] : REQUEST MEAS. ON
[12:47:05] : REQUEST MEAS. OFF
[13:08:57] : REQUEST MEAS. ON
[13:08:59] : REQUEST MEAS. OFF
[13:09:12] : REQUEST MEAS. ON
[13:09:13] : REQUEST MEAS. OFF
[13:09:39] : REQUEST MEAS. ON
[13:09:40] : REQUEST MEAS. OFF
[13:11:53] : REQUEST MEAS. ON
[13:11:54] : REQUEST MEAS. OFF
[13:12:09] : REQUEST MEAS. ON
[13:12:10] : REQUEST MEAS. OFF
[13:12:27] : REQUEST MEAS. ON
[13:12:28] : REQUEST MEAS. OFF
[13:12:53] : REQUEST MEAS. ON
[13:12:54] : REQUEST MEAS. OFF
[13:13:35] : REQUEST MEAS. ON
[13:13:36] : REQUEST MEAS. OFF
[13:24:27] : REQUEST MEAS. ON
[13:24:28] : REQUEST MEAS. OFF
[13:24:43] : REQUEST MEAS. ON
[13:24:44] : REQUEST MEAS. OFF
[13:24:59] : REQUEST MEAS. ON
[13:25:00] : REQUEST MEAS. OFF
[13:25:16] : REQUEST MEAS. ON
[13:25:17] : REQUEST MEAS. OFF
[13:25:32] : REQUEST MEAS. ON
[13:25:33] : REQUEST MEAS. OFF
[13:25:48] : REQUEST MEAS. ON
[13:25:49] : REQUEST MEAS. OFF
[13:26:03] : REQUEST MEAS. ON
[13:26:04] : REQUEST MEAS. OFF
[13:26:19] : REQUEST MEAS. ON
[13:26:20] : REQUEST MEAS. OFF
[13:26:34] : REQUEST MEAS. ON
[13:26:35] : REQUEST MEAS. OFF
[13:26:49] : REQUEST MEAS. ON
[13:26:50] : REQUEST MEAS. OFF
[13:27:05] : REQUEST MEAS. ON
[13:27:06] : REQUEST MEAS. OFF
[13:27:19] : REQUEST MEAS. ON
[13:27:21] : REQUEST MEAS. OFF
[13:27:34] : REQUEST MEAS. ON
[13:27:36] : REQUEST MEAS. OFF
[13:27:52] : REQUEST MEAS. ON
[13:27:53] : REQUEST MEAS. OFF
[13:28:08] : REQUEST MEAS. ON
[13:28:09] : REQUEST MEAS. OFF
[13:28:24] : REQUEST MEAS. ON
[13:28:25] : REQUEST MEAS. OFF
[13:28:41] : REQUEST MEAS. ON
[13:28:42] : REQUEST MEAS. OFF
[13:28:56] : REQUEST MEAS. ON
[13:28:58] : REQUEST MEAS. OFF
[13:29:13] : REQUEST MEAS. ON
[13:29:15] : REQUEST MEAS. OFF
[13:29:34] : REQUEST MEAS. ON
[13:29:35] : REQUEST MEAS. OFF
[13:29:51] : REQUEST MEAS. ON
[13:29:52] : REQUEST MEAS. OFF
[13:30:07] : REQUEST MEAS. ON
[13:30:08] : REQUEST MEAS. OFF
[13:30:22] : REQUEST MEAS. ON
[13:30:24] : REQUEST MEAS. OFF
[13:30:40] : REQUEST MEAS. ON
[13:30:41] : REQUEST MEAS. OFF
[13:30:56] : REQUEST MEAS. ON
[13:30:57] : REQUEST MEAS. OFF
[13:31:13] : REQUEST MEAS. ON
[13:31:14] : REQUEST MEAS. OFF
[13:31:28] : REQUEST MEAS. ON
[13:31:30] : REQUEST MEAS. OFF
[13:31:45] : REQUEST MEAS. ON
[13:31:46] : REQUEST MEAS. OFF
[13:32:02] : REQUEST MEAS. ON
[13:32:03] : REQUEST MEAS. OFF
[13:32:18] : REQUEST MEAS. ON
[13:32:19] : REQUEST MEAS. OFF
[13:32:34] : REQUEST MEAS. ON
[13:32:36] : REQUEST MEAS. OFF
[13:32:51] : REQUEST MEAS. ON
[13:32:52] : REQUEST MEAS. OFF
[13:33:07] : REQUEST MEAS. ON
[13:33:08] : REQUEST MEAS. OFF
[13:33:24] : REQUEST MEAS. ON
[13:33:25] : REQUEST MEAS. OFF
[13:33:39] : REQUEST MEAS. ON
[13:33:41] : REQUEST MEAS. OFF
[13:33:57] : REQUEST MEAS. ON
[13:33:58] : REQUEST MEAS. OFF
[13:34:13] : REQUEST MEAS. ON
[13:34:14] : REQUEST MEAS. OFF
[13:34:29] : REQUEST MEAS. ON
[13:34:30] : REQUEST MEAS. OFF
[13:34:45] : REQUEST MEAS. ON
[13:34:47] : REQUEST MEAS. OFF
[13:35:02] : REQUEST MEAS. ON
[13:35:03] : REQUEST MEAS. OFF
[13:35:18] : REQUEST MEAS. ON
[13:35:19] : REQUEST MEAS. OFF
[13:35:35] : REQUEST MEAS. ON
[13:35:36] : REQUEST MEAS. OFF
[13:35:50] : REQUEST MEAS. ON
[13:35:52] : REQUEST MEAS. OFF
[13:36:07] : REQUEST MEAS. ON
[13:36:08] : REQUEST MEAS. OFF
[13:36:24] : REQUEST MEAS. ON
[13:36:25] : REQUEST MEAS. OFF
[13:36:40] : REQUEST MEAS. ON
[13:36:41] : REQUEST MEAS. OFF
[13:36:56] : REQUEST MEAS. ON
[13:36:57] : REQUEST MEAS. OFF
[13:37:13] : REQUEST MEAS. ON
[13:37:14] : REQUEST MEAS. OFF
[13:37:28] : REQUEST MEAS. ON
[13:37:30] : REQUEST MEAS. OFF
[13:39:36] : REQUEST MEAS. ON
[13:39:38] : REQUEST MEAS. OFF
[13:39:57] : REQUEST MEAS. ON
[13:39:58] : REQUEST MEAS. OFF
[13:40:19] : REQUEST MEAS. ON
[13:40:20] : REQUEST MEAS. OFF
[13:40:35] : REQUEST MEAS. ON
[13:40:37] : REQUEST MEAS. OFF
[13:40:52] : REQUEST MEAS. ON
[13:40:53] : REQUEST MEAS. OFF
[13:41:07] : REQUEST MEAS. ON
[13:41:09] : REQUEST MEAS. OFF
[13:41:24] : REQUEST MEAS. ON
[13:41:26] : REQUEST MEAS. OFF
[13:41:41] : REQUEST MEAS. ON
[13:41:42] : REQUEST MEAS. OFF
[13:41:57] : REQUEST MEAS. ON
[13:41:58] : REQUEST MEAS. OFF
[13:42:13] : REQUEST MEAS. ON
[13:42:15] : REQUEST MEAS. OFF
[13:42:37] : REQUEST MEAS. ON
[13:42:38] : REQUEST MEAS. OFF
[13:42:53] : REQUEST MEAS. ON
[13:42:54] : REQUEST MEAS. OFF
[13:43:09] : REQUEST MEAS. ON
[13:43:11] : REQUEST MEAS. OFF
[13:43:26] : REQUEST MEAS. ON
[13:43:27] : REQUEST MEAS. OFF
[13:43:42] : REQUEST MEAS. ON
[13:43:43] : REQUEST MEAS. OFF
[13:43:58] : REQUEST MEAS. ON
[13:44:00] : REQUEST MEAS. OFF
[13:44:14] : REQUEST MEAS. ON
[13:44:16] : REQUEST MEAS. OFF
[13:44:31] : REQUEST MEAS. ON
[13:44:32] : REQUEST MEAS. OFF
[13:44:48] : REQUEST MEAS. ON
[13:44:49] : REQUEST MEAS. OFF
[13:45:04] : REQUEST MEAS. ON
[13:45:05] : REQUEST MEAS. OFF
[13:45:20] : REQUEST MEAS. ON
[13:45:22] : REQUEST MEAS. OFF
[13:45:36] : REQUEST MEAS. ON
[13:45:38] : REQUEST MEAS. OFF
[13:45:52] : REQUEST MEAS. ON
[13:45:54] : REQUEST MEAS. OFF
[13:46:09] : REQUEST MEAS. ON
[13:46:11] : REQUEST MEAS. OFF
[13:46:26] : REQUEST MEAS. ON
[13:46:27] : REQUEST MEAS. OFF
[13:46:41] : REQUEST MEAS. ON
[13:46:43] : REQUEST MEAS. OFF
[13:46:58] : REQUEST MEAS. ON
[13:47:00] : REQUEST MEAS. OFF
[13:47:14] : REQUEST MEAS. ON
[13:47:16] : REQUEST MEAS. OFF
[13:47:31] : REQUEST MEAS. ON
[13:47:32] : REQUEST MEAS. OFF
[13:47:48] : REQUEST MEAS. ON
[13:47:49] : REQUEST MEAS. OFF
[13:48:04] : REQUEST MEAS. ON
[13:48:05] : REQUEST MEAS. OFF
[13:48:21] : REQUEST MEAS. ON
[13:48:22] : REQUEST MEAS. OFF
[13:48:37] : REQUEST MEAS. ON
[13:48:38] : REQUEST MEAS. OFF
[13:48:53] : REQUEST MEAS. ON
[13:48:54] : REQUEST MEAS. OFF
[13:49:10] : REQUEST MEAS. ON
[13:49:11] : REQUEST MEAS. OFF
[13:49:25] : REQUEST MEAS. ON
[13:49:27] : REQUEST MEAS. OFF
[13:49:43] : REQUEST MEAS. ON
[13:49:44] : REQUEST MEAS. OFF
[13:49:58] : REQUEST MEAS. ON
[13:50:00] : REQUEST MEAS. OFF
[13:50:14] : REQUEST MEAS. ON
[13:50:16] : REQUEST MEAS. OFF
[13:50:32] : REQUEST MEAS. ON
[13:50:33] : REQUEST MEAS. OFF
[13:51:52] : REQUEST MEAS. ON
[13:51:53] : REQUEST MEAS. OFF
[13:52:09] : REQUEST MEAS. ON
[13:52:10] : REQUEST MEAS. OFF
[13:52:25] : REQUEST MEAS. ON
[13:52:26] : REQUEST MEAS. OFF
[13:52:41] : REQUEST MEAS. ON
[13:52:43] : REQUEST MEAS. OFF
[13:52:58] : REQUEST MEAS. ON
[13:52:59] : REQUEST MEAS. OFF
[13:53:24] : REQUEST MEAS. ON
[13:53:25] : REQUEST MEAS. OFF
[13:53:41] : REQUEST MEAS. ON
[13:53:42] : REQUEST MEAS. OFF
[13:53:57] : REQUEST MEAS. ON
[13:53:58] : REQUEST MEAS. OFF
[13:54:13] : REQUEST MEAS. ON
[13:54:15] : REQUEST MEAS. OFF
[13:54:30] : REQUEST MEAS. ON
[13:54:31] : REQUEST MEAS. OFF
[13:54:46] : REQUEST MEAS. ON
[13:54:47] : REQUEST MEAS. OFF
[13:55:03] : REQUEST MEAS. ON
[13:55:04] : REQUEST MEAS. OFF
[13:55:18] : REQUEST MEAS. ON
[13:55:20] : REQUEST MEAS. OFF
[13:55:35] : REQUEST MEAS. ON
[13:55:36] : REQUEST MEAS. OFF
[13:55:52] : REQUEST MEAS. ON
[13:55:53] : REQUEST MEAS. OFF
[13:56:07] : REQUEST MEAS. ON
[13:56:09] : REQUEST MEAS. OFF
[13:56:25] : REQUEST MEAS. ON
[13:56:26] : REQUEST MEAS. OFF
[13:56:41] : REQUEST MEAS. ON
[13:56:42] : REQUEST MEAS. OFF
[13:56:57] : REQUEST MEAS. ON
[13:56:58] : REQUEST MEAS. OFF
[13:57:13] : REQUEST MEAS. ON
[13:57:15] : REQUEST MEAS. OFF
[13:57:29] : REQUEST MEAS. ON
[13:57:31] : REQUEST MEAS. OFF
[13:57:46] : REQUEST MEAS. ON
[13:57:48] : REQUEST MEAS. OFF
[13:58:02] : REQUEST MEAS. ON
[13:58:04] : REQUEST MEAS. OFF
[13:58:18] : REQUEST MEAS. ON
[13:58:20] : REQUEST MEAS. OFF
[13:58:34] : REQUEST MEAS. ON
[13:58:36] : REQUEST MEAS. OFF
[13:58:51] : REQUEST MEAS. ON
[13:58:53] : REQUEST MEAS. OFF
[13:59:07] : REQUEST MEAS. ON
[13:59:09] : REQUEST MEAS. OFF
[13:59:23] : REQUEST MEAS. ON
[13:59:25] : REQUEST MEAS. OFF
[13:59:40] : REQUEST MEAS. ON
[13:59:42] : REQUEST MEAS. OFF
[13:59:57] : REQUEST MEAS. ON
[13:59:58] : REQUEST MEAS. OFF
[14:00:12] : REQUEST MEAS. ON
[14:00:14] : REQUEST MEAS. OFF
[14:00:30] : REQUEST MEAS. ON
[14:00:31] : REQUEST MEAS. OFF
[14:00:45] : REQUEST MEAS. ON
[14:00:47] : REQUEST MEAS. OFF
[14:01:01] : REQUEST MEAS. ON
[14:01:03] : REQUEST MEAS. OFF
[14:01:19] : REQUEST MEAS. ON
[14:01:20] : REQUEST MEAS. OFF
[14:04:35] : REQUEST MEAS. ON
[14:04:36] : REQUEST MEAS. OFF
[14:04:51] : REQUEST MEAS. ON
[14:04:53] : REQUEST MEAS. OFF
[14:05:08] : REQUEST MEAS. ON
[14:05:09] : REQUEST MEAS. OFF
[14:05:24] : REQUEST MEAS. ON
[14:05:25] : REQUEST MEAS. OFF
[14:05:40] : REQUEST MEAS. ON
[14:05:42] : REQUEST MEAS. OFF
[14:05:57] : REQUEST MEAS. ON
[14:05:58] : REQUEST MEAS. OFF
[14:06:13] : REQUEST MEAS. ON
[14:06:14] : REQUEST MEAS. OFF
[14:06:29] : REQUEST MEAS. ON
[14:06:31] : REQUEST MEAS. OFF
[14:06:46] : REQUEST MEAS. ON
[14:06:47] : REQUEST MEAS. OFF
[14:07:02] : REQUEST MEAS. ON
[14:07:03] : REQUEST MEAS. OFF
[14:07:19] : REQUEST MEAS. ON
[14:07:20] : REQUEST MEAS. OFF
[14:07:36] : REQUEST MEAS. ON
[14:07:37] : REQUEST MEAS. OFF
[14:07:51] : REQUEST MEAS. ON
[14:07:53] : REQUEST MEAS. OFF
[14:08:07] : REQUEST MEAS. ON
[14:08:09] : REQUEST MEAS. OFF
[14:08:24] : REQUEST MEAS. ON
[14:08:25] : REQUEST MEAS. OFF
[14:08:40] : REQUEST MEAS. ON
[14:08:42] : REQUEST MEAS. OFF
[14:08:56] : REQUEST MEAS. ON
[14:08:58] : REQUEST MEAS. OFF
[14:09:13] : REQUEST MEAS. ON
[14:09:14] : REQUEST MEAS. OFF
[14:09:30] : REQUEST MEAS. ON
[14:09:31] : REQUEST MEAS. OFF
[14:09:54] : REQUEST MEAS. ON
[14:09:55] : REQUEST MEAS. OFF
[14:10:10] : REQUEST MEAS. ON
[14:10:12] : REQUEST MEAS. OFF
[14:10:26] : REQUEST MEAS. ON
[14:10:28] : REQUEST MEAS. OFF
[14:10:42] : REQUEST MEAS. ON
[14:10:44] : REQUEST MEAS. OFF
[14:10:58] : REQUEST MEAS. ON
[14:11:00] : REQUEST MEAS. OFF
[14:11:15] : REQUEST MEAS. ON
[14:11:17] : REQUEST MEAS. OFF
[14:11:31] : REQUEST MEAS. ON
[14:11:33] : REQUEST MEAS. OFF
[14:11:47] : REQUEST MEAS. ON
[14:11:49] : REQUEST MEAS. OFF
[14:12:03] : REQUEST MEAS. ON
[14:12:05] : REQUEST MEAS. OFF
[14:12:20] : REQUEST MEAS. ON
[14:12:22] : REQUEST MEAS. OFF
[14:12:36] : REQUEST MEAS. ON
[14:12:38] : REQUEST MEAS. OFF
[14:12:52] : REQUEST MEAS. ON
[14:12:54] : REQUEST MEAS. OFF
[14:13:09] : REQUEST MEAS. ON
[14:13:10] : REQUEST MEAS. OFF
[14:13:25] : REQUEST MEAS. ON
[14:13:27] : REQUEST MEAS. OFF
[14:13:41] : REQUEST MEAS. ON
[14:13:43] : REQUEST MEAS. OFF
[14:13:57] : REQUEST MEAS. ON
[14:13:59] : REQUEST MEAS. OFF
[14:14:14] : REQUEST MEAS. ON
[14:14:16] : REQUEST MEAS. OFF
[14:14:30] : REQUEST MEAS. ON
[14:14:32] : REQUEST MEAS. OFF
[14:14:46] : REQUEST MEAS. ON
[14:14:48] : REQUEST MEAS. OFF
[14:15:02] : REQUEST MEAS. ON
[14:15:04] : REQUEST MEAS. OFF
[14:15:20] : REQUEST MEAS. ON
[14:15:21] : REQUEST MEAS. OFF
[14:15:35] : REQUEST MEAS. ON
[14:15:37] : REQUEST MEAS. OFF
[14:15:53] : REQUEST MEAS. ON
[14:15:54] : REQUEST MEAS. OFF
[14:16:08] : REQUEST MEAS. ON
[14:16:10] : REQUEST MEAS. OFF
[14:16:24] : REQUEST MEAS. ON
[14:16:26] : REQUEST MEAS. OFF
[14:16:42] : REQUEST MEAS. ON
[14:16:43] : REQUEST MEAS. OFF
[14:16:58] : REQUEST MEAS. ON
[14:16:59] : REQUEST MEAS. OFF
[14:17:14] : REQUEST MEAS. ON
[14:17:15] : REQUEST MEAS. OFF
[14:17:30] : REQUEST MEAS. ON
[14:17:32] : REQUEST MEAS. OFF
[14:17:46] : REQUEST MEAS. ON
[14:17:48] : REQUEST MEAS. OFF
[14:19:38] : REQUEST MEAS. ON
[14:19:39] : REQUEST MEAS. OFF
[14:19:55] : REQUEST MEAS. ON
[14:19:56] : REQUEST MEAS. OFF
[14:20:12] : REQUEST MEAS. ON
[14:20:13] : REQUEST MEAS. OFF
[14:20:28] : REQUEST MEAS. ON
[14:20:29] : REQUEST MEAS. OFF
[14:20:44] : REQUEST MEAS. ON
[14:20:46] : REQUEST MEAS. OFF
[14:21:05] : REQUEST MEAS. ON
[14:21:06] : REQUEST MEAS. OFF
[14:21:35] : REQUEST MEAS. ON
[14:21:37] : REQUEST MEAS. OFF
[14:21:52] : REQUEST MEAS. ON
[14:21:54] : REQUEST MEAS. OFF
[14:22:09] : REQUEST MEAS. ON
[14:22:10] : REQUEST MEAS. OFF
[14:22:24] : REQUEST MEAS. ON
[14:22:26] : REQUEST MEAS. OFF
[14:22:42] : REQUEST MEAS. ON
[14:22:43] : REQUEST MEAS. OFF
[14:22:57] : REQUEST MEAS. ON
[14:22:59] : REQUEST MEAS. OFF
[14:23:13] : REQUEST MEAS. ON
[14:23:15] : REQUEST MEAS. OFF
[14:23:30] : REQUEST MEAS. ON
[14:23:32] : REQUEST MEAS. OFF
[14:23:46] : REQUEST MEAS. ON
[14:23:48] : REQUEST MEAS. OFF
[14:24:02] : REQUEST MEAS. ON
[14:24:04] : REQUEST MEAS. OFF
[14:24:18] : REQUEST MEAS. ON
[14:24:20] : REQUEST MEAS. OFF
[14:24:35] : REQUEST MEAS. ON
[14:24:37] : REQUEST MEAS. OFF
[14:24:51] : REQUEST MEAS. ON
[14:24:53] : REQUEST MEAS. OFF
[14:25:07] : REQUEST MEAS. ON
[14:25:09] : REQUEST MEAS. OFF
[14:25:23] : REQUEST MEAS. ON
[14:25:25] : REQUEST MEAS. OFF
[14:25:40] : REQUEST MEAS. ON
[14:25:42] : REQUEST MEAS. OFF
[14:25:56] : REQUEST MEAS. ON
[14:25:58] : REQUEST MEAS. OFF
[14:26:12] : REQUEST MEAS. ON
[14:26:14] : REQUEST MEAS. OFF
[14:26:28] : REQUEST MEAS. ON
[14:26:30] : REQUEST MEAS. OFF
[14:26:45] : REQUEST MEAS. ON
[14:26:47] : REQUEST MEAS. OFF
[14:27:01] : REQUEST MEAS. ON
[14:27:03] : REQUEST MEAS. OFF
[14:27:17] : REQUEST MEAS. ON
[14:27:19] : REQUEST MEAS. OFF
[14:27:33] : REQUEST MEAS. ON
[14:27:35] : REQUEST MEAS. OFF
[14:27:50] : REQUEST MEAS. ON
[14:27:52] : REQUEST MEAS. OFF
[14:28:06] : REQUEST MEAS. ON
[14:28:08] : REQUEST MEAS. OFF
[14:28:22] : REQUEST MEAS. ON
[14:28:24] : REQUEST MEAS. OFF
[14:28:38] : REQUEST MEAS. ON
[14:28:40] : REQUEST MEAS. OFF
[14:28:55] : REQUEST MEAS. ON
[14:28:57] : REQUEST MEAS. OFF
[14:29:12] : REQUEST MEAS. ON
[14:29:13] : REQUEST MEAS. OFF
[14:29:28] : REQUEST MEAS. ON
[14:29:29] : REQUEST MEAS. OFF
[14:33:46] : AUTO RUNNING ON
[14:34:33] : Cycle start ON
[14:34:38] : Cycle start OFF
[14:34:52] : Cycle start ON
[14:34:57] : Cycle start OFF
[14:34:59] : REQUEST MEAS. ON
[14:35:01] : REQUEST MEAS. OFF
[14:35:26] : Cycle start ON
[14:35:31] : Cycle start OFF
[14:35:34] : REQUEST MEAS. ON
[14:35:35] : REQUEST MEAS. OFF
[14:36:04] : Cycle start ON
[14:36:10] : Cycle start OFF
[14:36:12] : REQUEST MEAS. ON
[14:36:13] : REQUEST MEAS. OFF
[14:36:43] : Cycle start ON
[14:36:48] : Cycle start OFF
[14:36:50] : REQUEST MEAS. ON
[14:36:52] : REQUEST MEAS. OFF
[14:37:18] : Cycle start ON
[14:37:23] : Cycle start OFF
[14:37:25] : REQUEST MEAS. ON
[14:37:27] : REQUEST MEAS. OFF
[14:37:49] : Cycle start ON
[14:37:54] : Cycle start OFF
[14:37:56] : REQUEST MEAS. ON
[14:37:57] : REQUEST MEAS. OFF
[14:38:20] : Cycle start ON
[14:38:25] : Cycle start OFF
[14:38:27] : REQUEST MEAS. ON
[14:38:28] : REQUEST MEAS. OFF
[14:38:51] : Cycle start ON
[14:38:56] : Cycle start OFF
[14:38:58] : REQUEST MEAS. ON
[14:39:00] : REQUEST MEAS. OFF
[14:39:26] : Cycle start ON
[14:39:31] : Cycle start OFF
[14:39:33] : REQUEST MEAS. ON
[14:39:34] : REQUEST MEAS. OFF
[14:40:01] : Cycle start ON
[14:40:06] : Cycle start OFF
[14:40:08] : REQUEST MEAS. ON
[14:40:10] : REQUEST MEAS. OFF
[14:40:36] : Cycle start ON
[14:40:41] : Cycle start OFF
[14:40:43] : REQUEST MEAS. ON
[14:40:44] : REQUEST MEAS. OFF
[14:41:07] : Cycle start ON
[14:41:12] : Cycle start OFF
[14:41:14] : REQUEST MEAS. ON
[14:41:15] : REQUEST MEAS. OFF
[14:41:38] : Cycle start ON
[14:41:43] : Cycle start OFF
[14:41:45] : REQUEST MEAS. ON
[14:41:46] : REQUEST MEAS. OFF
[14:42:09] : Cycle start ON
[14:42:14] : Cycle start OFF
[14:42:16] : REQUEST MEAS. ON
[14:42:17] : REQUEST MEAS. OFF
[14:42:44] : Cycle start ON
[14:42:49] : Cycle start OFF
[14:42:51] : REQUEST MEAS. ON
[14:42:53] : REQUEST MEAS. OFF
[14:43:19] : Cycle start ON
[14:43:24] : Cycle start OFF
[14:43:26] : REQUEST MEAS. ON
[14:43:28] : REQUEST MEAS. OFF
[14:43:55] : Cycle start ON
[14:44:00] : Cycle start OFF
[14:44:02] : REQUEST MEAS. ON
[14:44:03] : REQUEST MEAS. OFF
[14:44:26] : Cycle start ON
[14:44:31] : Cycle start OFF
[14:44:33] : REQUEST MEAS. ON
[14:44:34] : REQUEST MEAS. OFF
[14:44:57] : Cycle start ON
[14:45:02] : Cycle start OFF
[14:45:05] : REQUEST MEAS. ON
[14:45:06] : REQUEST MEAS. OFF
[14:45:30] : Cycle start ON
[14:45:35] : Cycle start OFF
[14:45:37] : REQUEST MEAS. ON
[14:45:38] : REQUEST MEAS. OFF
[14:46:05] : Cycle start ON
[14:46:10] : Cycle start OFF
[14:46:13] : REQUEST MEAS. ON
[14:46:14] : REQUEST MEAS. OFF
[14:46:41] : Cycle start ON
[14:46:46] : Cycle start OFF
[14:46:48] : REQUEST MEAS. ON
[14:46:50] : REQUEST MEAS. OFF
[14:47:16] : Cycle start ON
[14:47:21] : Cycle start OFF
[14:47:23] : REQUEST MEAS. ON
[14:47:25] : REQUEST MEAS. OFF
[14:47:47] : Cycle start ON
[14:47:52] : Cycle start OFF
[14:47:54] : REQUEST MEAS. ON
[14:47:55] : REQUEST MEAS. OFF
[14:48:18] : Cycle start ON
[14:48:23] : Cycle start OFF
[14:48:25] : REQUEST MEAS. ON
[14:48:27] : REQUEST MEAS. OFF
[14:48:49] : Cycle start ON
[14:48:54] : Cycle start OFF
[14:48:56] : REQUEST MEAS. ON
[14:48:57] : REQUEST MEAS. OFF
[14:49:24] : Cycle start ON
[14:49:29] : Cycle start OFF
[14:49:31] : REQUEST MEAS. ON
[14:49:33] : REQUEST MEAS. OFF
[14:49:59] : Cycle start ON
[14:50:04] : Cycle start OFF
[14:50:06] : REQUEST MEAS. ON
[14:50:07] : REQUEST MEAS. OFF
[14:50:34] : Cycle start ON
[14:50:39] : Cycle start OFF
[14:50:41] : REQUEST MEAS. ON
[14:50:43] : REQUEST MEAS. OFF
[14:51:06] : Cycle start ON
[14:51:11] : Cycle start OFF
[14:51:14] : REQUEST MEAS. ON
[14:51:15] : REQUEST MEAS. OFF
[14:51:37] : Cycle start ON
[14:51:42] : Cycle start OFF
[14:51:44] : REQUEST MEAS. ON
[14:51:45] : REQUEST MEAS. OFF
[14:52:08] : Cycle start ON
[14:52:13] : Cycle start OFF
[14:52:15] : REQUEST MEAS. ON
[14:52:16] : REQUEST MEAS. OFF
[14:52:43] : Cycle start ON
[14:52:48] : Cycle start OFF
[14:52:50] : REQUEST MEAS. ON
[14:52:52] : REQUEST MEAS. OFF
[14:53:18] : Cycle start ON
[14:53:23] : Cycle start OFF
[14:53:25] : REQUEST MEAS. ON
[14:53:27] : REQUEST MEAS. OFF
[14:53:54] : Cycle start ON
[14:53:59] : Cycle start OFF
[14:54:01] : REQUEST MEAS. ON
[14:54:03] : REQUEST MEAS. OFF
[14:54:24] : Cycle start ON
[14:54:29] : Cycle start OFF
[14:54:32] : REQUEST MEAS. ON
[14:54:33] : REQUEST MEAS. OFF
[14:55:04] : Cycle start ON
[14:55:09] : Cycle start OFF
[14:55:11] : REQUEST MEAS. ON
[14:55:12] : REQUEST MEAS. OFF
[14:55:35] : Cycle start ON
[14:55:40] : Cycle start OFF
[14:55:42] : REQUEST MEAS. ON
[14:55:43] : REQUEST MEAS. OFF
[14:56:11] : Cycle start ON
[14:56:16] : Cycle start OFF
[14:56:18] : REQUEST MEAS. ON
[14:56:20] : REQUEST MEAS. OFF
[14:56:46] : Cycle start ON
[14:56:51] : Cycle start OFF
[14:56:53] : REQUEST MEAS. ON
[14:56:54] : REQUEST MEAS. OFF
[14:57:21] : Cycle start ON
[14:57:26] : Cycle start OFF
[14:57:29] : REQUEST MEAS. ON
[14:57:30] : REQUEST MEAS. OFF
[14:57:52] : Cycle start ON
[14:57:57] : Cycle start OFF
[14:57:59] : REQUEST MEAS. ON
[14:58:01] : REQUEST MEAS. OFF
[14:58:23] : Cycle start ON
[14:58:28] : Cycle start OFF
[14:58:30] : REQUEST MEAS. ON
[14:58:32] : REQUEST MEAS. OFF
[14:58:54] : Cycle start ON
[14:58:59] : Cycle start OFF
[14:59:01] : REQUEST MEAS. ON
[14:59:03] : REQUEST MEAS. OFF
[14:59:29] : Cycle start ON
[14:59:34] : Cycle start OFF
[14:59:36] : REQUEST MEAS. ON
[14:59:37] : REQUEST MEAS. OFF
[15:00:04] : Cycle start ON
[15:00:09] : Cycle start OFF
[15:00:11] : REQUEST MEAS. ON
[15:00:12] : REQUEST MEAS. OFF
[15:00:39] : Cycle start ON
[15:00:44] : Cycle start OFF
[15:00:46] : REQUEST MEAS. ON
[15:00:48] : REQUEST MEAS. OFF
[15:01:11] : Cycle start ON
[15:01:16] : Cycle start OFF
[15:01:18] : REQUEST MEAS. ON
[15:01:19] : REQUEST MEAS. OFF
[15:01:42] : Cycle start ON
[15:01:47] : Cycle start OFF
[15:01:49] : REQUEST MEAS. ON
[15:01:50] : REQUEST MEAS. OFF
[15:02:13] : Cycle start ON
[15:02:18] : Cycle start OFF
[15:02:20] : REQUEST MEAS. ON
[15:02:21] : REQUEST MEAS. OFF
[15:02:48] : Cycle start ON
[15:02:53] : Cycle start OFF
[15:02:55] : REQUEST MEAS. ON
[15:02:57] : REQUEST MEAS. OFF
[15:03:23] : Cycle start ON
[15:03:28] : Cycle start OFF
[15:03:31] : REQUEST MEAS. ON
[15:03:32] : REQUEST MEAS. OFF
[15:03:58] : Cycle start ON
[15:04:03] : Cycle start OFF
[15:04:05] : REQUEST MEAS. ON
[15:04:07] : REQUEST MEAS. OFF
[15:04:30] : Cycle start ON
[15:04:35] : Cycle start OFF
[15:04:37] : REQUEST MEAS. ON
[15:04:39] : REQUEST MEAS. OFF
[15:05:02] : Cycle start ON
[15:05:07] : Cycle start OFF
[15:05:09] : REQUEST MEAS. ON
[15:05:11] : REQUEST MEAS. OFF
[15:05:34] : Cycle start ON
[15:05:39] : Cycle start OFF
[15:05:41] : REQUEST MEAS. ON
[15:05:42] : REQUEST MEAS. OFF
[15:06:09] : Cycle start ON
[15:06:14] : Cycle start OFF
[15:06:17] : REQUEST MEAS. ON
[15:06:18] : REQUEST MEAS. OFF
[15:06:44] : Cycle start ON
[15:06:49] : Cycle start OFF
[15:06:51] : REQUEST MEAS. ON
[15:06:53] : REQUEST MEAS. OFF
[15:07:19] : Cycle start ON
[15:07:24] : Cycle start OFF
[15:07:26] : REQUEST MEAS. ON
[15:07:28] : REQUEST MEAS. OFF
[15:07:50] : Cycle start ON
[15:07:55] : Cycle start OFF
[15:07:57] : REQUEST MEAS. ON
[15:07:58] : REQUEST MEAS. OFF
[15:08:20] : Cycle start ON
[15:08:25] : Cycle start OFF
[15:08:39] : Cycle start ON
[15:08:44] : AUTO RUNNING OFF
[15:08:44] : Cycle start OFF
[19:35:36] : PROGRAM END
 
[19:35:50] : PROGRAM START
[19:35:51] : MARK TCP Connect OK
[19:35:55] : C2,0001,001,
[19:35:55] : C2,1,S026
[19:35:55] : 문자 전송 ng
[19:35:55] : AUTO RUNNING OFF
[19:35:55] : REQUEST MEAS. OFF
[19:35:55] : REQUEST ZEROSET OFF
[19:35:55] : REQUEST ZEROSET OFF
[20:46:04] : MEAS ESC ON
[20:46:04] : M3400 : 비상입니다. ON
 
