[09:50:23] : MEAS ESC ON
[09:50:27] : MEAS ESC OFF
[09:50:31] : MEAS ESC ON
[09:50:32] : MEAS ESC OFF
[09:50:32] : AUTO RUNNING ON
[09:51:29] : AUTO RUNNING OFF
 
[14:56:06] : MEAS ESC ON
[14:56:07] : MEAS ESC OFF
[14:56:07] : AUTO RUNNING ON
[14:57:47] : Cycle start ON
[14:57:48] : Cycle start OFF
[14:57:55] : REQUEST MEAS. ON
[14:58:04] : REQUEST MEAS. OFF
[14:58:04] : end pos sig1 : 50.000000, 50.000000
[14:58:04] : 측정요구 ON 2
[14:58:14] : 측정요구 2OFF
[14:58:14] : end pos sig2 : -50.000000, -50.000000
[14:58:17] : 측정요구3 ON
[14:58:26] : 측정요구3 OFF
[14:58:26] : end pos sig3 : 50.000000, 50.000000
[14:58:26] : 측정요구4 ON
[14:58:36] : 측정요구4 OFF
[14:58:36] : end pos sig4 : -50.000000, -50.000000
[14:58:36] : 12,20181221-145837,CF18112053951,,NG,MAX,2, ,AUTO,0.60,2.00,1.84,OK,0.60,2.00,1.50,OK,0.60,2.00,0.82,NG,0.60,2.00,1.53,NG,
[14:58:58] : Cycle start ON
[14:59:00] : Cycle start OFF
[14:59:06] : REQUEST MEAS. ON
[14:59:15] : REQUEST MEAS. OFF
[14:59:15] : end pos sig1 : 50.000000, 50.000000
[14:59:15] : 측정요구 ON 2
[14:59:25] : 측정요구 2OFF
[14:59:25] : end pos sig2 : -50.000000, -50.000000
[14:59:28] : 측정요구3 ON
[14:59:37] : 측정요구3 OFF
[14:59:37] : end pos sig3 : 50.000000, 50.000000
[14:59:37] : 측정요구4 ON
[14:59:47] : 측정요구4 OFF
[14:59:47] : end pos sig4 : -50.000000, -50.000000
[14:59:47] : 12,20181221-145947,CF18112053021,,NG,MAX,2, ,AUTO,0.60,2.00,1.56,OK,0.60,2.00,1.53,OK,0.60,2.00,0.50,NG,0.60,2.00,1.42,NG,
[15:00:08] : Cycle start ON
[15:00:10] : Cycle start OFF
[15:00:16] : REQUEST MEAS. ON
[15:00:25] : REQUEST MEAS. OFF
[15:00:25] : end pos sig1 : 50.000000, 50.000000
[15:00:25] : 측정요구 ON 2
[15:00:35] : 측정요구 2OFF
[15:00:35] : end pos sig2 : -50.000000, -50.000000
[15:00:39] : 측정요구3 ON
[15:00:48] : 측정요구3 OFF
[15:00:48] : end pos sig3 : 50.000000, 50.000000
[15:00:48] : 측정요구4 ON
[15:00:57] : 측정요구4 OFF
[15:00:57] : end pos sig4 : -50.000000, -50.000000
[15:00:57] : 12,20181221-150058,CF18120273191,,OK,MAX,2, ,AUTO,0.60,2.00,1.04,OK,0.60,2.00,0.72,OK,0.60,2.00,1.35,OK,0.60,2.00,1.53,OK,
[15:01:19] : Cycle start ON
[15:02:37] : AUTO RUNNING OFF
[15:02:37] : Cycle start OFF
[15:04:30] : MEAS ESC ON
[15:04:36] : MEAS ESC OFF
[15:04:36] : AUTO RUNNING ON
[15:04:36] : Cycle start ON
[15:05:33] : AUTO RUNNING OFF
[15:05:33] : Cycle start OFF
[15:06:40] : MEAS ESC ON
[15:06:41] : MEAS ESC OFF
[15:06:41] : AUTO RUNNING ON
[15:06:41] : Cycle start ON
[15:06:44] : Cycle start OFF
[15:06:50] : REQUEST MEAS. ON
[15:07:00] : REQUEST MEAS. OFF
[15:07:00] : end pos sig1 : 50.000000, 50.000000
[15:07:00] : 측정요구 ON 2
[15:07:09] : 측정요구 2OFF
[15:07:09] : end pos sig2 : -50.000000, -50.000000
[15:07:13] : 측정요구3 ON
[15:07:22] : 측정요구3 OFF
[15:07:22] : end pos sig3 : 50.000000, 50.000000
[15:07:22] : 측정요구4 ON
[15:07:32] : 측정요구4 OFF
[15:07:32] : end pos sig4 : -50.000000, -50.000000
[15:07:32] : 12,20181221-150732,CF18112052661,,OK,MAX,2, ,AUTO,0.10,8.00,1.25,OK,0.10,8.00,1.14,OK,0.10,8.00,0.64,OK,0.10,8.00,0.42,OK,
[15:08:13] : Cycle start ON
[15:08:14] : Cycle start OFF
[15:08:14] : Cycle start ON
[15:08:15] : Cycle start OFF
[15:08:21] : REQUEST MEAS. ON
[15:08:30] : REQUEST MEAS. OFF
[15:08:30] : end pos sig1 : 50.000000, 50.000000
[15:08:30] : 측정요구 ON 2
[15:08:40] : 측정요구 2OFF
[15:08:40] : end pos sig2 : -50.000000, -50.000000
[15:08:44] : 측정요구3 ON
[15:08:53] : 측정요구3 OFF
[15:08:53] : end pos sig3 : 50.000000, 50.000000
[15:08:53] : 측정요구4 ON
[15:09:03] : 측정요구4 OFF
[15:09:03] : end pos sig4 : -50.000000, -50.000000
[15:09:03] : 12,20181221-150903,CF18100851341,,OK,MAX,2, ,AUTO,0.10,8.00,1.25,OK,0.10,8.00,0.80,OK,0.10,8.00,0.54,OK,0.10,8.00,0.84,OK,
[15:09:26] : Cycle start ON
[15:09:28] : Cycle start OFF
[15:09:34] : REQUEST MEAS. ON
[15:09:43] : REQUEST MEAS. OFF
[15:09:43] : end pos sig1 : 50.000000, 50.000000
[15:09:43] : 측정요구 ON 2
[15:09:53] : 측정요구 2OFF
[15:09:53] : end pos sig2 : -50.000000, -50.000000
[15:09:57] : 측정요구3 ON
[15:10:06] : 측정요구3 OFF
[15:10:06] : end pos sig3 : 50.000000, 50.000000
[15:10:06] : 측정요구4 ON
[15:10:15] : 측정요구4 OFF
[15:10:15] : end pos sig4 : -50.000000, -50.000000
[15:10:15] : 12,20181221-151016,CF18120273151,,OK,MAX,2, ,AUTO,0.10,8.00,1.79,OK,0.10,8.00,1.59,OK,0.10,8.00,1.61,OK,0.10,8.00,0.34,OK,
[15:10:49] : Cycle start ON
[15:10:50] : Cycle start OFF
[15:10:57] : REQUEST MEAS. ON
[15:11:06] : REQUEST MEAS. OFF
[15:11:06] : end pos sig1 : 50.000000, 50.000000
[15:11:06] : 측정요구 ON 2
[15:11:15] : 측정요구 2OFF
[15:11:15] : end pos sig2 : -50.000000, -50.000000
[15:11:19] : 측정요구3 ON
[15:11:28] : 측정요구3 OFF
[15:11:28] : end pos sig3 : 50.000000, 50.000000
[15:11:28] : 측정요구4 ON
[15:11:38] : 측정요구4 OFF
[15:11:38] : end pos sig4 : -50.000000, -50.000000
[15:11:38] : 12,20181221-151138,CF18120272821,,OK,MAX,2, ,AUTO,0.10,8.00,1.42,OK,0.10,8.00,1.56,OK,0.10,8.00,1.83,OK,0.10,8.00,1.09,OK,
[15:12:13] : Cycle start ON
[15:12:15] : Cycle start OFF
[15:12:21] : REQUEST MEAS. ON
[15:12:30] : REQUEST MEAS. OFF
[15:12:30] : end pos sig1 : 50.000000, 50.000000
[15:12:31] : 측정요구 ON 2
[15:12:40] : 측정요구 2OFF
[15:12:40] : end pos sig2 : -50.000000, -50.000000
[15:12:44] : 측정요구3 ON
[15:12:53] : 측정요구3 OFF
[15:12:53] : end pos sig3 : 50.000000, 50.000000
[15:12:53] : 측정요구4 ON
[15:13:03] : 측정요구4 OFF
[15:13:03] : end pos sig4 : -50.000000, -50.000000
[15:13:03] : 12,20181221-151303,CF18112053961,,OK,MAX,2, ,AUTO,0.10,8.00,1.34,OK,0.10,8.00,1.74,OK,0.10,8.00,0.60,OK,0.10,8.00,0.39,OK,
[15:13:39] : Cycle start ON
[15:13:41] : Cycle start OFF
[15:13:47] : REQUEST MEAS. ON
[15:13:56] : REQUEST MEAS. OFF
[15:13:56] : end pos sig1 : 50.000000, 50.000000
[15:13:56] : 측정요구 ON 2
[15:14:06] : 측정요구 2OFF
[15:14:06] : end pos sig2 : -50.000000, -50.000000
[15:14:09] : 측정요구3 ON
[15:14:18] : 측정요구3 OFF
[15:14:18] : end pos sig3 : 50.000000, 50.000000
[15:14:18] : 측정요구4 ON
[15:14:28] : 측정요구4 OFF
[15:14:28] : end pos sig4 : -50.000000, -50.000000
[15:14:28] : 12,20181221-151429,CF18112052441,,OK,MAX,2, ,AUTO,0.10,8.00,1.11,OK,0.10,8.00,1.41,OK,0.10,8.00,0.85,OK,0.10,8.00,0.53,OK,
[15:15:19] : Cycle start ON
[15:15:21] : Cycle start OFF
[15:15:27] : REQUEST MEAS. ON
[15:15:36] : REQUEST MEAS. OFF
[15:15:36] : end pos sig1 : 50.000000, 50.000000
[15:15:36] : 측정요구 ON 2
[15:15:46] : 측정요구 2OFF
[15:15:46] : end pos sig2 : -50.000000, -50.000000
[15:15:49] : 측정요구3 ON
[15:15:58] : 측정요구3 OFF
[15:15:58] : end pos sig3 : 50.000000, 50.000000
[15:15:58] : 측정요구4 ON
[15:16:08] : 측정요구4 OFF
[15:16:08] : end pos sig4 : -50.000000, -50.000000
[15:16:08] : 12,20181221-151608,CF18112053361,,OK,MAX,2, ,AUTO,0.10,8.00,1.34,OK,0.10,8.00,1.07,OK,0.10,8.00,0.51,OK,0.10,8.00,0.61,OK,
[15:18:53] : Cycle start ON
[15:18:55] : Cycle start OFF
[15:19:01] : REQUEST MEAS. ON
[15:19:10] : REQUEST MEAS. OFF
[15:19:10] : end pos sig1 : 50.000000, 50.000000
[15:19:10] : 측정요구 ON 2
[15:19:20] : 측정요구 2OFF
[15:19:20] : end pos sig2 : -50.000000, -50.000000
[15:19:24] : 측정요구3 ON
[15:19:33] : 측정요구3 OFF
[15:19:33] : end pos sig3 : 50.000000, 50.000000
[15:19:33] : 측정요구4 ON
[15:19:42] : 측정요구4 OFF
[15:19:42] : end pos sig4 : -50.000000, -50.000000
[15:19:42] : 12,20181221-151943,CF18112052351,,OK,MAX,2, ,AUTO,0.10,8.00,1.26,OK,0.10,8.00,1.54,OK,0.10,8.00,0.38,OK,0.10,8.00,0.58,OK,
[15:24:53] : Cycle start ON
[15:24:55] : Cycle start OFF
[15:25:01] : REQUEST MEAS. ON
[15:25:10] : REQUEST MEAS. OFF
[15:25:10] : end pos sig1 : 50.000000, 50.000000
[15:25:10] : 측정요구 ON 2
[15:25:20] : 측정요구 2OFF
[15:25:20] : end pos sig2 : -50.000000, -50.000000
[15:25:23] : 측정요구3 ON
[15:25:32] : 측정요구3 OFF
[15:25:32] : end pos sig3 : 50.000000, 50.000000
[15:25:32] : 측정요구4 ON
[15:25:42] : 측정요구4 OFF
[15:25:42] : end pos sig4 : -50.000000, -50.000000
[15:25:42] : 12,20181221-152542,CF18112052671,,OK,MAX,2, ,AUTO,0.10,8.00,1.11,OK,0.10,8.00,1.60,OK,0.10,8.00,0.38,OK,0.10,8.00,0.34,OK,
[15:29:31] : Cycle start ON
[15:29:33] : Cycle start OFF
[15:29:40] : REQUEST MEAS. ON
[15:29:49] : REQUEST MEAS. OFF
[15:29:49] : end pos sig1 : 50.000000, 50.000000
[15:29:49] : 측정요구 ON 2
[15:29:58] : 측정요구 2OFF
[15:29:58] : end pos sig2 : -50.000000, -50.000000
[15:30:02] : 측정요구3 ON
[15:30:11] : 측정요구3 OFF
[15:30:11] : end pos sig3 : 50.000000, 50.000000
[15:30:11] : 측정요구4 ON
[15:30:21] : 측정요구4 OFF
[15:30:21] : end pos sig4 : -50.000000, -50.000000
[15:30:21] : 12,20181221-153021,CF18112052641,,OK,MAX,2, ,AUTO,0.10,8.00,1.61,OK,0.10,8.00,1.95,OK,0.10,8.00,0.47,OK,0.10,8.00,0.49,OK,
[15:30:49] : Cycle start ON
[15:30:50] : Cycle start OFF
[15:30:57] : REQUEST MEAS. ON
[15:31:06] : REQUEST MEAS. OFF
[15:31:06] : end pos sig1 : 50.000000, 50.000000
[15:31:06] : 측정요구 ON 2
[15:31:16] : 측정요구 2OFF
[15:31:16] : end pos sig2 : -50.000000, -50.000000
[15:31:20] : 측정요구3 ON
[15:31:29] : 측정요구3 OFF
[15:31:29] : end pos sig3 : 50.000000, 50.000000
[15:31:29] : 측정요구4 ON
[15:31:38] : 측정요구4 OFF
[15:31:38] : end pos sig4 : -50.000000, -50.000000
[15:31:38] : 12,20181221-153139,CF18112053411,,OK,MAX,2, ,AUTO,0.10,8.00,2.66,OK,0.10,8.00,1.16,OK,0.10,8.00,1.30,OK,0.10,8.00,0.60,OK,
[15:32:10] : Cycle start ON
[15:32:12] : Cycle start OFF
[15:32:19] : REQUEST MEAS. ON
[15:32:28] : REQUEST MEAS. OFF
[15:32:28] : end pos sig1 : 50.000000, 50.000000
[15:32:28] : 측정요구 ON 2
[15:32:37] : 측정요구 2OFF
[15:32:37] : end pos sig2 : -50.000000, -50.000000
[15:32:41] : 측정요구3 ON
[15:32:50] : 측정요구3 OFF
[15:32:50] : end pos sig3 : 50.000000, 50.000000
[15:32:50] : 측정요구4 ON
[15:32:59] : 측정요구4 OFF
[15:32:59] : end pos sig4 : -50.000000, -50.000000
[15:32:59] : 12,20181221-153300,CF18112051251,,OK,MAX,2, ,AUTO,0.10,8.00,0.34,OK,0.10,8.00,1.44,OK,0.10,8.00,1.29,OK,0.10,8.00,0.29,OK,
[15:33:32] : Cycle start ON
[15:33:34] : Cycle start OFF
[15:33:40] : REQUEST MEAS. ON
[15:33:49] : REQUEST MEAS. OFF
[15:33:49] : end pos sig1 : 50.000000, 50.000000
[15:33:50] : 측정요구 ON 2
[15:33:59] : 측정요구 2OFF
[15:33:59] : end pos sig2 : -50.000000, -50.000000
[15:34:03] : 측정요구3 ON
[15:34:12] : 측정요구3 OFF
[15:34:12] : end pos sig3 : 50.000000, 50.000000
[15:34:12] : 측정요구4 ON
[15:34:21] : 측정요구4 OFF
[15:34:21] : end pos sig4 : -50.000000, -50.000000
[15:34:21] : 12,20181221-153422,CF18112053821,,OK,MAX,2, ,AUTO,0.10,8.00,0.85,OK,0.10,8.00,1.59,OK,0.10,8.00,0.46,OK,0.10,8.00,0.31,OK,
[15:36:07] : Cycle start ON
[15:36:09] : Cycle start OFF
[15:36:15] : REQUEST MEAS. ON
[15:36:25] : REQUEST MEAS. OFF
[15:36:25] : end pos sig1 : 50.000000, 50.000000
[15:36:25] : 측정요구 ON 2
[15:36:34] : 측정요구 2OFF
[15:36:34] : end pos sig2 : -50.000000, -50.000000
[15:36:37] : 측정요구3 ON
[15:36:46] : 측정요구3 OFF
[15:36:46] : end pos sig3 : 50.000000, 50.000000
[15:36:46] : 측정요구4 ON
[15:36:56] : 측정요구4 OFF
[15:36:56] : end pos sig4 : -50.000000, -50.000000
[15:36:56] : 12,20181221-153657,CF18112051971,,OK,MAX,2, ,AUTO,0.10,8.00,1.18,OK,0.10,8.00,1.42,OK,0.10,8.00,0.82,OK,0.10,8.00,0.56,OK,
[16:05:23] : AUTO RUNNING OFF
[16:28:00] : MEAS ESC ON
[16:30:10] : MEAS ESC OFF
[16:30:10] : AUTO RUNNING ON
[16:30:52] : Cycle start ON
[16:30:53] : Cycle start OFF
[16:30:53] : Cycle start ON
[16:30:54] : Cycle start OFF
[16:33:01] : REQUEST MEAS. ON
[16:33:11] : REQUEST MEAS. OFF
[16:33:11] : end pos sig1 : 50.000000, 50.000000
[16:33:11] : 측정요구 ON 2
[16:33:20] : 측정요구 2OFF
[16:33:20] : end pos sig2 : -50.000000, -50.000000
[16:33:23] : 측정요구3 ON
[16:33:32] : 측정요구3 OFF
[16:33:32] : end pos sig3 : 50.000000, 50.000000
[16:33:32] : 측정요구4 ON
[16:33:42] : 측정요구4 OFF
[16:33:42] : end pos sig4 : -50.000000, -50.000000
[16:33:42] : 12,20181221-163343,AL18121450986,,OK,MAX,2, ,AUTO,0.10,8.00,1.69,OK,0.10,8.00,0.73,OK,0.10,8.00,0.54,OK,0.10,8.00,0.51,OK,
[16:35:57] : Cycle start ON
[16:35:59] : Cycle start OFF
[16:36:05] : REQUEST MEAS. ON
[16:36:15] : REQUEST MEAS. OFF
[16:36:15] : end pos sig1 : 50.000000, 50.000000
[16:36:15] : 측정요구 ON 2
[16:36:24] : 측정요구 2OFF
[16:36:24] : end pos sig2 : -50.000000, -50.000000
[16:36:27] : 측정요구3 ON
[16:36:36] : 측정요구3 OFF
[16:36:36] : end pos sig3 : 50.000000, 50.000000
[16:36:36] : 측정요구4 ON
[16:36:46] : 측정요구4 OFF
[16:36:46] : end pos sig4 : -50.000000, -50.000000
[16:36:46] : 12,20181221-163646,AL18121450766,,OK,MAX,2, ,AUTO,0.10,8.00,1.42,OK,0.10,8.00,1.08,OK,0.10,8.00,1.06,OK,0.10,8.00,1.09,OK,
[16:37:02] : Cycle start ON
[16:37:04] : Cycle start OFF
[16:37:11] : REQUEST MEAS. ON
[16:37:20] : REQUEST MEAS. OFF
[16:37:20] : end pos sig1 : 50.000000, 50.000000
[16:37:20] : 측정요구 ON 2
[16:37:29] : 측정요구 2OFF
[16:37:29] : end pos sig2 : -50.000000, -50.000000
[16:37:33] : 측정요구3 ON
[16:37:42] : 측정요구3 OFF
[16:37:42] : end pos sig3 : 50.000000, 50.000000
[16:37:42] : 측정요구4 ON
[16:37:51] : 측정요구4 OFF
[16:37:51] : end pos sig4 : -50.000000, -50.000000
[16:37:51] : 12,20181221-163752,AL18121450776,,OK,MAX,2, ,AUTO,0.10,8.00,0.84,OK,0.10,8.00,0.79,OK,0.10,8.00,0.93,OK,0.10,8.00,0.57,OK,
[16:38:08] : Cycle start ON
[16:38:09] : Cycle start OFF
[16:38:09] : Cycle start ON
[16:38:10] : Cycle start OFF
[16:38:17] : REQUEST MEAS. ON
[16:38:26] : REQUEST MEAS. OFF
[16:38:26] : end pos sig1 : 50.000000, 50.000000
[16:38:26] : 측정요구 ON 2
[16:38:35] : 측정요구 2OFF
[16:38:35] : end pos sig2 : -50.000000, -50.000000
[16:38:38] : 측정요구3 ON
[16:38:47] : 측정요구3 OFF
[16:38:47] : end pos sig3 : 50.000000, 50.000000
[16:38:47] : 측정요구4 ON
[16:38:57] : 측정요구4 OFF
[16:38:57] : end pos sig4 : -50.000000, -50.000000
[16:38:57] : 12,20181221-163858,AL18121450676,,OK,MAX,2, ,AUTO,0.10,8.00,1.13,OK,0.10,8.00,0.79,OK,0.10,8.00,1.64,OK,0.10,8.00,0.60,OK,
[16:39:14] : Cycle start ON
[16:39:16] : Cycle start OFF
[16:39:23] : REQUEST MEAS. ON
[16:39:32] : REQUEST MEAS. OFF
[16:39:32] : end pos sig1 : 50.000000, 50.000000
[16:39:32] : 측정요구 ON 2
[16:39:41] : 측정요구 2OFF
[16:39:41] : end pos sig2 : -50.000000, -50.000000
[16:39:44] : 측정요구3 ON
[16:39:53] : 측정요구3 OFF
[16:39:53] : end pos sig3 : 50.000000, 50.000000
[16:39:53] : 측정요구4 ON
[16:40:03] : 측정요구4 OFF
[16:40:03] : end pos sig4 : -50.000000, -50.000000
[16:40:03] : 12,20181221-164004,AL18121450996,,OK,MAX,2, ,AUTO,0.10,8.00,1.60,OK,0.10,8.00,1.04,OK,0.10,8.00,1.17,OK,0.10,8.00,0.40,OK,
[16:40:20] : Cycle start ON
[16:40:22] : Cycle start OFF
[16:40:29] : REQUEST MEAS. ON
[16:40:38] : REQUEST MEAS. OFF
[16:40:38] : end pos sig1 : 50.000000, 50.000000
[16:40:38] : 측정요구 ON 2
[16:40:47] : 측정요구 2OFF
[16:40:47] : end pos sig2 : -50.000000, -50.000000
[16:40:51] : 측정요구3 ON
[16:41:00] : 측정요구3 OFF
[16:41:00] : end pos sig3 : 50.000000, 50.000000
[16:41:00] : 측정요구4 ON
[16:41:09] : 측정요구4 OFF
[16:41:09] : end pos sig4 : -50.000000, -50.000000
[16:41:09] : 12,20181221-164110,AL18121450876,,OK,MAX,2, ,AUTO,0.10,8.00,1.34,OK,0.10,8.00,0.89,OK,0.10,8.00,1.28,OK,0.10,8.00,0.57,OK,
[16:41:26] : Cycle start ON
[16:41:28] : Cycle start OFF
[16:41:35] : REQUEST MEAS. ON
[16:41:44] : REQUEST MEAS. OFF
[16:41:44] : end pos sig1 : 50.000000, 50.000000
[16:41:44] : 측정요구 ON 2
[16:41:54] : 측정요구 2OFF
[16:41:54] : end pos sig2 : -50.000000, -50.000000
[16:41:57] : 측정요구3 ON
[16:42:06] : 측정요구3 OFF
[16:42:06] : end pos sig3 : 50.000000, 50.000000
[16:42:06] : 측정요구4 ON
[16:42:16] : 측정요구4 OFF
[16:42:16] : end pos sig4 : -50.000000, -50.000000
[16:42:16] : 12,20181221-164216,AL18121450726,,OK,MAX,2, ,AUTO,0.10,8.00,1.16,OK,0.10,8.00,1.03,OK,0.10,8.00,0.48,OK,0.10,8.00,1.45,OK,
[16:42:33] : Cycle start ON
[16:42:35] : Cycle start OFF
[16:42:41] : REQUEST MEAS. ON
[16:42:50] : REQUEST MEAS. OFF
[16:42:50] : end pos sig1 : 50.000000, 50.000000
[16:42:50] : 측정요구 ON 2
[16:43:00] : 측정요구 2OFF
[16:43:00] : end pos sig2 : -50.000000, -50.000000
[16:43:04] : 측정요구3 ON
[16:43:13] : 측정요구3 OFF
[16:43:13] : end pos sig3 : 50.000000, 50.000000
[16:43:13] : 측정요구4 ON
[16:43:23] : 측정요구4 OFF
[16:43:23] : end pos sig4 : -50.000000, -50.000000
[16:43:23] : 12,20181221-164323,AL18121450566,,OK,MAX,2, ,AUTO,0.10,8.00,1.78,OK,0.10,8.00,1.55,OK,0.10,8.00,1.23,OK,0.10,8.00,0.83,OK,
[16:43:29] : AUTO RUNNING OFF
[16:44:11] : MEAS ESC ON
[16:44:12] : MEAS ESC OFF
[16:44:12] : AUTO RUNNING ON
[16:44:50] : Cycle start ON
[16:44:50] : Cycle start OFF
[16:44:50] : Cycle start ON
[16:44:52] : Cycle start OFF
[16:45:36] : AUTO RUNNING OFF
[16:45:58] : MEAS ESC ON
[16:45:59] : MEAS ESC OFF
[16:45:59] : AUTO RUNNING ON
[16:49:49] : AUTO RUNNING OFF
[16:49:54] : MEAS ESC ON
[16:49:55] : MEAS ESC OFF
[16:49:55] : AUTO RUNNING ON
[16:50:02] : REQUEST MEAS. ON
[16:50:11] : REQUEST MEAS. OFF
[16:50:11] : end pos sig1 : 50.000000, 50.000000
[16:50:11] : 측정요구 ON 2
[16:50:21] : 측정요구 2OFF
[16:50:21] : end pos sig2 : -50.000000, -50.000000
[16:50:25] : 측정요구3 ON
[16:50:34] : 측정요구3 OFF
[16:50:34] : end pos sig3 : 50.000000, 50.000000
[16:50:34] : 측정요구4 ON
[16:50:44] : 측정요구4 OFF
[16:50:44] : end pos sig4 : -50.000000, -50.000000
[16:50:44] : 12,20181221-165044,AL18121450596,,OK,MAX,2, ,AUTO,0.10,8.00,1.10,OK,0.10,8.00,0.54,OK,0.10,8.00,1.10,OK,0.10,8.00,0.73,OK,
[16:51:02] : Cycle start ON
[16:51:04] : Cycle start OFF
[16:51:11] : REQUEST MEAS. ON
[16:51:20] : REQUEST MEAS. OFF
[16:51:20] : end pos sig1 : 50.000000, 50.000000
[16:51:20] : 측정요구 ON 2
[16:51:30] : 측정요구 2OFF
[16:51:30] : end pos sig2 : -50.000000, -50.000000
[16:51:33] : 측정요구3 ON
[16:51:42] : 측정요구3 OFF
[16:51:42] : end pos sig3 : 50.000000, 50.000000
[16:51:42] : 측정요구4 ON
[16:51:52] : 측정요구4 OFF
[16:51:52] : end pos sig4 : -50.000000, -50.000000
[16:51:52] : 12,20181221-165153,AL18121450496,,OK,MAX,2, ,AUTO,0.10,8.00,1.29,OK,0.10,8.00,0.48,OK,0.10,8.00,1.24,OK,0.10,8.00,0.65,OK,
[16:52:09] : Cycle start ON
[16:52:11] : Cycle start OFF
[16:52:18] : REQUEST MEAS. ON
[16:52:27] : REQUEST MEAS. OFF
[16:52:27] : end pos sig1 : 50.000000, 50.000000
[16:52:27] : 측정요구 ON 2
[16:52:36] : 측정요구 2OFF
[16:52:36] : end pos sig2 : -50.000000, -50.000000
[16:52:40] : 측정요구3 ON
[16:52:49] : 측정요구3 OFF
[16:52:49] : end pos sig3 : 50.000000, 50.000000
[16:52:49] : 측정요구4 ON
[16:52:59] : 측정요구4 OFF
[16:52:59] : end pos sig4 : -25.910000, -26.080000
[16:52:59] : 12,20181221-165259,AL18121450546,,OK,MAX,2, ,AUTO,0.10,8.00,1.96,OK,0.10,8.00,1.18,OK,0.10,8.00,0.81,OK,0.10,8.00,1.71,OK,
[16:53:15] : Cycle start ON
[16:53:17] : Cycle start OFF
[16:53:24] : REQUEST MEAS. ON
[16:53:33] : REQUEST MEAS. OFF
[16:53:33] : end pos sig1 : 50.000000, 50.000000
[16:53:33] : 측정요구 ON 2
[16:53:43] : 측정요구 2OFF
[16:53:43] : end pos sig2 : -50.000000, -50.000000
[16:53:46] : 측정요구3 ON
[16:53:55] : 측정요구3 OFF
[16:53:55] : end pos sig3 : 50.000000, 50.000000
[16:53:55] : 측정요구4 ON
[16:54:05] : 측정요구4 OFF
[16:54:05] : end pos sig4 : -50.000000, -50.000000
[16:54:05] : 12,20181221-165405,AL18121450956,,OK,MAX,2, ,AUTO,0.10,8.00,0.95,OK,0.10,8.00,0.82,OK,0.10,8.00,0.47,OK,0.10,8.00,0.64,OK,
[16:55:14] : Cycle start ON
[16:55:16] : Cycle start OFF
[16:55:23] : REQUEST MEAS. ON
[16:55:32] : REQUEST MEAS. OFF
[16:55:32] : end pos sig1 : 50.000000, 50.000000
[16:55:32] : 측정요구 ON 2
[16:55:42] : 측정요구 2OFF
[16:55:42] : end pos sig2 : -50.000000, -50.000000
[16:55:45] : 측정요구3 ON
[16:55:54] : 측정요구3 OFF
[16:55:54] : end pos sig3 : 50.000000, 50.000000
[16:55:54] : 측정요구4 ON
[16:56:04] : 측정요구4 OFF
[16:56:04] : end pos sig4 : -50.000000, -50.000000
[16:56:04] : 12,20181221-165604,AL18121450506,,OK,MAX,2, ,AUTO,0.10,8.00,1.01,OK,0.10,8.00,0.49,OK,0.10,8.00,1.15,OK,0.10,8.00,1.23,OK,
[16:56:27] : Cycle start ON
[16:56:29] : Cycle start OFF
[16:56:36] : REQUEST MEAS. ON
[16:56:45] : REQUEST MEAS. OFF
[16:56:45] : end pos sig1 : 50.000000, 50.000000
[16:56:45] : 측정요구 ON 2
[16:56:55] : 측정요구 2OFF
[16:56:55] : end pos sig2 : -50.000000, -50.000000
[16:56:58] : 측정요구3 ON
[16:57:07] : 측정요구3 OFF
[16:57:07] : end pos sig3 : 50.000000, 50.000000
[16:57:07] : 측정요구4 ON
[16:57:17] : 측정요구4 OFF
[16:57:17] : end pos sig4 : -50.000000, -50.000000
[16:57:17] : 12,20181221-165717,AL18121450466,,OK,MAX,2, ,AUTO,0.10,8.00,1.29,OK,0.10,8.00,1.92,OK,0.10,8.00,1.23,OK,0.10,8.00,1.31,OK,
[16:57:38] : Cycle start ON
[16:57:40] : Cycle start OFF
[16:57:47] : REQUEST MEAS. ON
[16:57:56] : REQUEST MEAS. OFF
[16:57:56] : end pos sig1 : 50.000000, 50.000000
[16:57:56] : 측정요구 ON 2
[16:58:05] : 측정요구 2OFF
[16:58:05] : end pos sig2 : -50.000000, -50.000000
[16:58:09] : 측정요구3 ON
[16:58:18] : 측정요구3 OFF
[16:58:18] : end pos sig3 : 50.000000, 50.000000
[16:58:18] : 측정요구4 ON
[16:58:27] : 측정요구4 OFF
[16:58:27] : end pos sig4 : -50.000000, -50.000000
[16:58:27] : 12,20181221-165828,AL18121450706,,OK,MAX,2, ,AUTO,0.10,8.00,1.23,OK,0.10,8.00,0.51,OK,0.10,8.00,1.24,OK,0.10,8.00,1.16,OK,
[16:58:46] : Cycle start ON
[16:58:48] : Cycle start OFF
[16:58:55] : REQUEST MEAS. ON
[16:59:04] : REQUEST MEAS. OFF
[16:59:04] : end pos sig1 : 50.000000, 50.000000
[16:59:04] : 측정요구 ON 2
[16:59:13] : 측정요구 2OFF
[16:59:13] : end pos sig2 : -50.000000, -50.000000
[16:59:17] : 측정요구3 ON
[16:59:26] : 측정요구3 OFF
[16:59:26] : end pos sig3 : 50.000000, 50.000000
[16:59:26] : 측정요구4 ON
[16:59:36] : 측정요구4 OFF
[16:59:36] : end pos sig4 : -50.000000, -50.000000
[16:59:36] : 12,20181221-165936,AL18121450296,,OK,MAX,2, ,AUTO,0.10,8.00,1.33,OK,0.10,8.00,0.91,OK,0.10,8.00,0.70,OK,0.10,8.00,1.44,OK,
[16:59:54] : Cycle start ON
[16:59:56] : Cycle start OFF
[17:00:02] : REQUEST MEAS. ON
[17:00:12] : REQUEST MEAS. OFF
[17:00:12] : end pos sig1 : 50.000000, 50.000000
[17:00:12] : 측정요구 ON 2
[17:00:21] : 측정요구 2OFF
[17:00:21] : end pos sig2 : -50.000000, -50.000000
[17:00:25] : 측정요구3 ON
[17:00:34] : 측정요구3 OFF
[17:00:34] : end pos sig3 : 50.000000, 50.000000
[17:00:34] : 측정요구4 ON
[17:00:43] : 측정요구4 OFF
[17:00:43] : end pos sig4 : -50.000000, -50.000000
[17:00:43] : 12,20181221-170044,AL18121450306,,OK,MAX,2, ,AUTO,0.10,8.00,1.10,OK,0.10,8.00,0.87,OK,0.10,8.00,1.19,OK,0.10,8.00,1.35,OK,
[17:01:02] : Cycle start ON
[17:01:04] : Cycle start OFF
[17:29:27] : REQUEST MEAS. ON
[17:29:36] : REQUEST MEAS. OFF
[17:29:36] : end pos sig1 : 50.000000, 50.000000
[17:29:36] : 측정요구 ON 2
[17:29:46] : 측정요구 2OFF
[17:29:46] : end pos sig2 : -50.000000, -50.000000
[17:29:50] : 측정요구3 ON
[17:29:59] : 측정요구3 OFF
[17:29:59] : end pos sig3 : 50.000000, 50.000000
[17:29:59] : 측정요구4 ON
[17:30:08] : 측정요구4 OFF
[17:30:08] : end pos sig4 : -50.000000, -50.000000
[17:30:08] : 12,20181221-173009,AL18121450936,,OK,MAX,2, ,AUTO,0.10,8.00,1.38,OK,0.10,8.00,0.66,OK,0.10,8.00,0.83,OK,0.10,8.00,0.49,OK,
[17:34:54] : AUTO RUNNING OFF
 
