[08:53:59] : AUTO RUNNING OFF
[08:54:20] : AUTO RUNNING ON
[09:13:04] : AUTO RUNNING OFF
[09:16:48] : PROGRAM END
 
[09:16:55] : PROGRAM START
[09:16:55] : TCP FAIL 1
[09:17:00] : AUTO RUNNING OFF
[09:17:00] : REQUEST MEAS. OFF
[09:17:00] : REQUEST ZEROSET OFF
[09:17:00] : REQUEST ZEROSET OFF
[09:46:07] : AUTO RUNNING ON
 
[11:57:18] : AUTO RUNNING OFF
[11:57:50] : AUTO RUNNING ON
[13:16:30] : Cycle start ON
[13:16:32] : Cycle start OFF
[13:16:39] : REQUEST MEAS. ON
[13:16:42] : REQUEST MEAS. OFF
[13:20:11] : AUTO RUNNING OFF
[13:21:18] : AUTO RUNNING ON
[13:21:41] : Cycle start ON
[13:21:44] : Cycle start OFF
[13:21:50] : REQUEST MEAS. ON
[13:21:53] : REQUEST MEAS. OFF
[13:22:49] : Cycle start ON
[13:22:52] : Cycle start OFF
[13:22:58] : REQUEST MEAS. ON
[13:23:01] : REQUEST MEAS. OFF
[13:24:03] : AUTO RUNNING OFF
[13:34:37] : AUTO RUNNING ON
[13:35:07] : AUTO RUNNING OFF
[13:36:05] : AUTO RUNNING ON
[13:48:48] : AUTO RUNNING OFF
[13:50:57] : AUTO RUNNING ON
[13:52:33] : AUTO RUNNING OFF
[14:11:36] : AUTO RUNNING ON
[14:19:44] : AUTO RUNNING OFF
[14:19:46] : Cycle start ON
[14:19:49] : Cycle start OFF
[14:19:55] : REQUEST MEAS. ON
[14:19:58] : REQUEST MEAS. OFF
[14:21:23] : AUTO RUNNING ON
[14:21:26] : Cycle start ON
[14:21:29] : Cycle start OFF
[14:21:35] : REQUEST MEAS. ON
[14:21:38] : REQUEST MEAS. OFF
[14:25:41] : AUTO RUNNING OFF
[14:32:26] : AUTO RUNNING ON
[14:35:06] : AUTO RUNNING OFF
[14:35:08] : PROGRAM END
 
[14:37:52] : PROGRAM START
[14:37:52] : TCP FAIL 1
[14:38:02] : AUTO RUNNING OFF
[14:38:02] : REQUEST MEAS. OFF
[14:38:02] : REQUEST ZEROSET OFF
[14:38:02] : REQUEST ZEROSET OFF
[14:38:21] : Amp Error Timer
[14:40:19] : Plc Error Timer
[14:41:46] : Plc Error Timer
[14:42:53] : Plc Error Timer
[14:44:37] : Plc Error Timer
[14:44:42] : PROGRAM END
 
[14:44:56] : PROGRAM START
[14:44:56] : TCP FAIL 1
[14:45:01] : AUTO RUNNING OFF
[14:45:01] : REQUEST MEAS. OFF
[14:45:01] : REQUEST ZEROSET OFF
[14:45:01] : REQUEST ZEROSET OFF
[14:47:44] : PROGRAM END
 
[15:06:37] : PROGRAM START
[15:06:40] : AUTO RUNNING OFF
[15:06:40] : REQUEST MEAS. OFF
[15:06:40] : REQUEST ZEROSET OFF
[15:06:40] : REQUEST ZEROSET OFF
[15:09:36] : PROGRAM END
 
[15:10:04] : PROGRAM START
[15:10:07] : AUTO RUNNING OFF
[15:10:07] : REQUEST MEAS. OFF
[15:10:07] : REQUEST ZEROSET OFF
[15:10:07] : REQUEST ZEROSET OFF
[15:10:15] : PROGRAM END
 
[15:10:26] : PROGRAM START
[15:10:29] : AUTO RUNNING OFF
[15:10:29] : REQUEST MEAS. OFF
[15:10:29] : REQUEST ZEROSET OFF
[15:10:29] : REQUEST ZEROSET OFF
[15:10:50] : AUTO RUNNING ON
[15:11:11] : AUTO RUNNING OFF
[15:11:21] : PROGRAM END
 
[15:13:51] : PROGRAM START
[15:13:54] : AUTO RUNNING OFF
[15:13:54] : REQUEST MEAS. OFF
[15:13:54] : REQUEST ZEROSET OFF
[15:13:54] : REQUEST ZEROSET OFF
[15:14:03] : AUTO RUNNING ON
[15:24:12] : AUTO RUNNING OFF
[16:25:09] : MEAS ESC ON
[16:25:09] : M3413 :	DOOR OPENÁß ON
[16:25:19] : MEAS ESC OFF
[16:25:19] : RESET ON
[16:25:19] : M3413 :	DOOR OPENÁß OFF
[16:25:23] : AUTO RUNNING ON
[16:25:26] : Cycle start ON
[16:25:29] : Cycle start OFF
[16:25:35] : REQUEST MEAS. ON
[16:25:38] : REQUEST MEAS. OFF
[17:58:32] : AUTO RUNNING OFF
[18:14:32] : AUTO RUNNING ON
[18:30:05] : Cycle start ON
[18:30:07] : Cycle start OFF
[18:30:14] : REQUEST MEAS. ON
[18:30:17] : REQUEST MEAS. OFF
[18:32:09] : Cycle start ON
[18:32:12] : Cycle start OFF
[18:32:18] : REQUEST MEAS. ON
[18:32:21] : REQUEST MEAS. OFF
[18:35:04] : Cycle start ON
[18:35:06] : Cycle start OFF
[18:35:12] : REQUEST MEAS. ON
[18:35:15] : REQUEST MEAS. OFF
[18:37:36] : Cycle start ON
[18:37:39] : Cycle start OFF
[18:37:45] : REQUEST MEAS. ON
[18:37:48] : REQUEST MEAS. OFF
[18:39:32] : Cycle start ON
[18:39:35] : Cycle start OFF
[18:39:41] : REQUEST MEAS. ON
[18:39:44] : REQUEST MEAS. OFF
[18:41:29] : Cycle start ON
[18:41:31] : Cycle start OFF
[18:41:38] : REQUEST MEAS. ON
[18:41:41] : REQUEST MEAS. OFF
[18:43:25] : Cycle start ON
[18:43:28] : Cycle start OFF
[18:43:34] : REQUEST MEAS. ON
[18:43:37] : REQUEST MEAS. OFF
[18:46:33] : Cycle start ON
[18:46:36] : Cycle start OFF
[18:46:42] : REQUEST MEAS. ON
[18:46:45] : REQUEST MEAS. OFF
[18:49:20] : AUTO RUNNING OFF
[18:50:44] : AUTO RUNNING ON
[18:56:47] : AUTO RUNNING OFF
[18:56:51] : PROGRAM END
 
