[13:52:49] : PROGRAM START
[13:52:58] : PROGRAM END
 
[13:53:28] : PROGRAM START
[13:53:36] : PROGRAM END
 
[14:12:04] : PROGRAM START
[14:12:06] : AUTO RUNNING OFF
[14:12:06] : REQUEST MEAS. OFF
[14:12:06] : end pos sig1 : 50.000000, 50.000000
[14:12:06] : end pos sig2 : 50.000000, 50.000000
[14:12:06] : end pos sig3 : 50.000000, 50.000000
[14:12:06] : REQUEST ZEROSET OFF
[14:12:06] : REQUEST ZEROSET OFF
[14:12:06] : end pos sig4 : 50.000000, 50.000000
[14:12:24] : PROGRAM END
 
[14:13:01] : PROGRAM START
[14:13:04] : AUTO RUNNING OFF
[14:13:04] : REQUEST MEAS. OFF
[14:13:04] : end pos sig1 : 50.000000, 50.000000
[14:13:04] : end pos sig2 : 50.000000, 50.000000
[14:13:04] : end pos sig3 : 50.000000, 50.000000
[14:13:04] : REQUEST ZEROSET OFF
[14:13:04] : REQUEST ZEROSET OFF
[14:13:04] : end pos sig4 : 50.000000, 50.000000
[14:13:18] : PROGRAM END
 
[14:16:19] : PROGRAM START
[14:16:21] : AUTO RUNNING OFF
[14:16:21] : REQUEST MEAS. OFF
[14:16:21] : end pos sig1 : 50.000000, 50.000000
[14:16:21] : end pos sig2 : 50.000000, 50.000000
[14:16:21] : end pos sig3 : 50.000000, 50.000000
[14:16:21] : REQUEST ZEROSET OFF
[14:16:21] : REQUEST ZEROSET OFF
[14:16:21] : end pos sig4 : 50.000000, 50.000000
[14:17:24] : PROGRAM END
 
[14:17:47] : PROGRAM START
[14:17:49] : AUTO RUNNING OFF
[14:17:49] : REQUEST MEAS. OFF
[14:17:49] : end pos sig1 : 50.000000, 50.000000
[14:17:49] : end pos sig2 : 50.000000, 50.000000
[14:17:49] : end pos sig3 : 50.000000, 50.000000
[14:17:49] : REQUEST ZEROSET OFF
[14:17:49] : REQUEST ZEROSET OFF
[14:17:49] : end pos sig4 : 50.000000, 50.000000
[14:17:56] : PROGRAM END
 
[14:26:32] : PROGRAM START
[14:26:34] : AUTO RUNNING OFF
[14:26:34] : REQUEST MEAS. OFF
[14:26:34] : end pos sig1 : 0.000000, 0.000000
[14:26:34] : end pos sig2 : 0.000000, 0.000000
[14:26:34] : end pos sig3 : 0.000000, 0.000000
[14:26:34] : REQUEST ZEROSET OFF
[14:26:34] : REQUEST ZEROSET OFF
[14:26:34] : end pos sig4 : 0.000000, 0.000000
[14:42:01] : PROGRAM END
 
[14:42:56] : PROGRAM START
[14:42:58] : AUTO RUNNING OFF
[14:42:58] : REQUEST MEAS. OFF
[14:42:58] : end pos sig1 : 50.000000, 50.000000
[14:42:58] : end pos sig2 : 50.000000, 50.000000
[14:42:58] : end pos sig3 : 50.000000, 50.000000
[14:42:58] : REQUEST ZEROSET OFF
[14:42:58] : REQUEST ZEROSET OFF
[14:42:58] : end pos sig4 : 50.000000, 50.000000
[14:43:02] : PROGRAM END
 
[14:43:12] : PROGRAM START
[14:43:14] : AUTO RUNNING OFF
[14:43:14] : REQUEST MEAS. OFF
[14:43:14] : end pos sig1 : 50.000000, 50.000000
[14:43:14] : end pos sig2 : 50.000000, 50.000000
[14:43:14] : end pos sig3 : 50.000000, 50.000000
[14:43:14] : REQUEST ZEROSET OFF
[14:43:14] : REQUEST ZEROSET OFF
[14:43:14] : end pos sig4 : 50.000000, 50.000000
[15:53:02] : Cycle start ON
[15:53:02] : Cycle start OFF
[15:53:07] : REQUEST MEAS. ON
[15:53:16] : REQUEST MEAS. OFF
[15:53:16] : end pos sig1 : 50.000000, 50.000000
[15:53:16] : 측정요구 ON 2
[15:53:26] : 측정요구 2OFF
[15:53:26] : end pos sig2 : -50.000000, -50.000000
[15:53:29] : 측정요구3 ON
[15:53:38] : 측정요구3 OFF
[15:53:38] : end pos sig3 : 50.000000, 50.000000
[15:53:38] : 측정요구4 ON
[15:53:48] : 측정요구4 OFF
[15:53:48] : end pos sig4 : -50.000000, -50.000000
[15:55:13] : MEAS ESC ON
[15:55:14] : MEAS ESC OFF
[18:29:00] : MEAS ESC ON
[18:29:04] : MEAS ESC OFF
[19:39:16] : MEAS ESC ON
[19:40:07] : MEAS ESC OFF
 
