[08:08:17] : RESET ON
[08:08:18] : RESET ON
[08:08:38] : MEAS ESC ON
[08:08:38] : M3400 : 비상입니다. ON
[08:08:46] : MEAS ESC OFF
[08:08:46] : RESET ON
[08:08:46] : M3400 : 비상입니다. OFF
[08:08:46] : RESET ON
[08:09:17] : REQUEST MEAS. ON
[08:09:18] : REQUEST MEAS. OFF
[08:09:33] : REQUEST MEAS. ON
[08:09:34] : REQUEST MEAS. OFF
[08:09:52] : REQUEST MEAS. ON
[08:09:53] : REQUEST MEAS. OFF
[08:10:05] : REQUEST MEAS. ON
[08:10:07] : REQUEST MEAS. OFF
[08:10:18] : REQUEST MEAS. ON
[08:10:19] : REQUEST MEAS. OFF
[08:10:31] : REQUEST MEAS. ON
[08:10:32] : REQUEST MEAS. OFF
[08:10:45] : REQUEST MEAS. ON
[08:10:46] : REQUEST MEAS. OFF
[08:10:58] : REQUEST MEAS. ON
[08:11:00] : REQUEST MEAS. OFF
[08:11:11] : REQUEST MEAS. ON
[08:11:12] : REQUEST MEAS. OFF
[08:11:24] : REQUEST MEAS. ON
[08:11:25] : REQUEST MEAS. OFF
[08:11:37] : REQUEST MEAS. ON
[08:11:38] : REQUEST MEAS. OFF
[08:11:50] : REQUEST MEAS. ON
[08:11:51] : REQUEST MEAS. OFF
[08:12:03] : REQUEST MEAS. ON
[08:12:05] : REQUEST MEAS. OFF
[08:12:18] : REQUEST MEAS. ON
[08:12:19] : REQUEST MEAS. OFF
[08:12:30] : REQUEST MEAS. ON
[08:12:31] : REQUEST MEAS. OFF
[08:12:44] : REQUEST MEAS. ON
[08:12:45] : REQUEST MEAS. OFF
[08:12:56] : REQUEST MEAS. ON
[08:12:57] : REQUEST MEAS. OFF
[08:13:09] : REQUEST MEAS. ON
[08:13:10] : REQUEST MEAS. OFF
[08:13:23] : REQUEST MEAS. ON
[08:13:24] : REQUEST MEAS. OFF
[08:13:36] : REQUEST MEAS. ON
[08:13:37] : REQUEST MEAS. OFF
[08:13:49] : REQUEST MEAS. ON
[08:13:51] : REQUEST MEAS. OFF
[08:14:02] : REQUEST MEAS. ON
[08:14:04] : REQUEST MEAS. OFF
[08:14:15] : REQUEST MEAS. ON
[08:14:16] : REQUEST MEAS. OFF
[08:14:28] : REQUEST MEAS. ON
[08:14:29] : REQUEST MEAS. OFF
[08:14:42] : REQUEST MEAS. ON
[08:14:44] : REQUEST MEAS. OFF
[08:14:55] : REQUEST MEAS. ON
[08:14:56] : REQUEST MEAS. OFF
[08:15:08] : REQUEST MEAS. ON
[08:15:09] : REQUEST MEAS. OFF
[08:15:21] : REQUEST MEAS. ON
[08:15:23] : REQUEST MEAS. OFF
[08:15:34] : REQUEST MEAS. ON
[08:15:36] : REQUEST MEAS. OFF
[08:15:47] : REQUEST MEAS. ON
[08:15:49] : REQUEST MEAS. OFF
[08:16:02] : REQUEST MEAS. ON
[08:16:03] : REQUEST MEAS. OFF
[08:16:14] : REQUEST MEAS. ON
[08:16:16] : REQUEST MEAS. OFF
[08:16:27] : REQUEST MEAS. ON
[08:16:28] : REQUEST MEAS. OFF
[08:16:41] : REQUEST MEAS. ON
[08:16:42] : REQUEST MEAS. OFF
[08:16:54] : REQUEST MEAS. ON
[08:16:56] : REQUEST MEAS. OFF
[08:17:07] : REQUEST MEAS. ON
[08:17:08] : REQUEST MEAS. OFF
[08:17:20] : REQUEST MEAS. ON
[08:17:22] : REQUEST MEAS. OFF
[08:17:33] : REQUEST MEAS. ON
[08:17:35] : REQUEST MEAS. OFF
[08:17:46] : REQUEST MEAS. ON
[08:17:47] : REQUEST MEAS. OFF
[08:17:59] : REQUEST MEAS. ON
[08:18:00] : REQUEST MEAS. OFF
[08:18:14] : REQUEST MEAS. ON
[08:18:15] : REQUEST MEAS. OFF
[08:18:26] : REQUEST MEAS. ON
[08:18:27] : REQUEST MEAS. OFF
[08:18:39] : REQUEST MEAS. ON
[08:18:40] : REQUEST MEAS. OFF
[08:18:52] : REQUEST MEAS. ON
[08:18:54] : REQUEST MEAS. OFF
[08:19:06] : REQUEST MEAS. ON
[08:19:08] : REQUEST MEAS. OFF
[08:19:19] : REQUEST MEAS. ON
[08:19:21] : REQUEST MEAS. OFF
[08:19:32] : REQUEST MEAS. ON
[08:19:34] : REQUEST MEAS. OFF
[08:19:45] : REQUEST MEAS. ON
[08:19:47] : REQUEST MEAS. OFF
[08:19:58] : REQUEST MEAS. ON
[08:20:00] : REQUEST MEAS. OFF
[08:20:12] : REQUEST MEAS. ON
[08:20:14] : REQUEST MEAS. OFF
[08:20:25] : REQUEST MEAS. ON
[08:20:27] : REQUEST MEAS. OFF
[08:20:38] : REQUEST MEAS. ON
[08:20:40] : REQUEST MEAS. OFF
[08:20:51] : REQUEST MEAS. ON
[08:20:53] : REQUEST MEAS. OFF
[08:21:05] : REQUEST MEAS. ON
[08:21:07] : REQUEST MEAS. OFF
[08:21:18] : REQUEST MEAS. ON
[08:21:20] : REQUEST MEAS. OFF
[08:21:31] : REQUEST MEAS. ON
[08:21:33] : REQUEST MEAS. OFF
[08:21:44] : REQUEST MEAS. ON
[08:21:46] : REQUEST MEAS. OFF
[08:21:57] : REQUEST MEAS. ON
[08:21:59] : REQUEST MEAS. OFF
[08:22:11] : REQUEST MEAS. ON
[08:22:13] : REQUEST MEAS. OFF
[08:22:24] : REQUEST MEAS. ON
[08:22:26] : REQUEST MEAS. OFF
[08:22:37] : REQUEST MEAS. ON
[08:22:39] : REQUEST MEAS. OFF
[08:22:50] : REQUEST MEAS. ON
[08:22:52] : REQUEST MEAS. OFF
[08:23:03] : REQUEST MEAS. ON
[08:23:05] : REQUEST MEAS. OFF
[08:23:17] : REQUEST MEAS. ON
[08:23:19] : REQUEST MEAS. OFF
[08:23:30] : REQUEST MEAS. ON
[08:23:31] : REQUEST MEAS. OFF
[08:23:43] : REQUEST MEAS. ON
[08:23:45] : REQUEST MEAS. OFF
[08:23:56] : REQUEST MEAS. ON
[08:23:58] : REQUEST MEAS. OFF
[08:24:10] : REQUEST MEAS. ON
[08:24:12] : REQUEST MEAS. OFF
[08:24:23] : REQUEST MEAS. ON
[08:24:25] : REQUEST MEAS. OFF
[08:24:36] : REQUEST MEAS. ON
[08:24:37] : REQUEST MEAS. OFF
[08:24:49] : REQUEST MEAS. ON
[08:24:51] : REQUEST MEAS. OFF
[08:25:03] : REQUEST MEAS. ON
[08:25:04] : REQUEST MEAS. OFF
[08:25:16] : REQUEST MEAS. ON
[08:25:18] : REQUEST MEAS. OFF
[08:25:29] : REQUEST MEAS. ON
[08:25:31] : REQUEST MEAS. OFF
[08:25:42] : REQUEST MEAS. ON
[08:25:44] : REQUEST MEAS. OFF
[08:36:36] : PROGRAM END
 
[08:37:12] : PROGRAM START
[08:37:13] : MARK TCP Connect OK
[08:37:18] : AUTO RUNNING OFF
[08:37:18] : REQUEST MEAS. OFF
[08:37:18] : REQUEST ZEROSET OFF
[08:37:18] : REQUEST ZEROSET OFF
[08:56:33] : REQUEST MEAS. ON
[08:56:35] : REQUEST MEAS. OFF
[08:58:58] : REQUEST ZEROSET ON
[08:58:59] : REQUEST ZEROSET OFF
[08:59:14] : REQUEST ZEROSET ON
[08:59:15] : REQUEST ZEROSET OFF
[08:59:49] : REQUEST MEAS. ON
[08:59:50] : REQUEST MEAS. OFF
[09:00:27] : REQUEST MEAS. ON
[09:00:28] : REQUEST MEAS. OFF
[09:05:27] : REQUEST MEAS. ON
[09:05:29] : REQUEST MEAS. OFF
[09:06:02] : REQUEST ZEROSET ON
[09:06:03] : REQUEST ZEROSET OFF
[09:06:19] : REQUEST ZEROSET ON
[09:06:20] : REQUEST ZEROSET OFF
[09:06:39] : REQUEST ZEROSET ON
[09:06:40] : REQUEST ZEROSET OFF
[09:07:09] : REQUEST ZEROSET ON
[09:07:10] : REQUEST ZEROSET OFF
[09:07:16] : PROGRAM END
 
[09:07:21] : PROGRAM START
[09:07:22] : MARK TCP Connect OK
[09:07:26] : AUTO RUNNING OFF
[09:07:26] : REQUEST MEAS. OFF
[09:07:26] : REQUEST ZEROSET OFF
[09:07:26] : REQUEST ZEROSET OFF
[09:07:38] : REQUEST ZEROSET ON
[09:07:39] : REQUEST ZEROSET OFF
[09:07:57] : REQUEST ZEROSET ON
[09:07:58] : REQUEST ZEROSET OFF
[09:08:16] : REQUEST ZEROSET ON
[09:08:17] : REQUEST ZEROSET OFF
[09:09:48] : REQUEST ZEROSET ON
[09:09:49] : REQUEST ZEROSET OFF
[09:10:05] : REQUEST MEAS. ON
[09:10:06] : REQUEST MEAS. OFF
[09:10:34] : REQUEST MEAS. ON
[09:10:35] : REQUEST MEAS. OFF
[09:11:22] : REQUEST MEAS. ON
[09:11:23] : REQUEST MEAS. OFF
[09:11:50] : REQUEST MEAS. ON
[09:11:51] : REQUEST MEAS. OFF
[09:12:16] : REQUEST MEAS. ON
[09:12:18] : REQUEST MEAS. OFF
[09:12:43] : REQUEST MEAS. ON
[09:12:44] : REQUEST MEAS. OFF
[09:13:08] : REQUEST MEAS. ON
[09:13:09] : REQUEST MEAS. OFF
[09:13:48] : REQUEST MEAS. ON
[09:13:49] : REQUEST MEAS. OFF
[09:14:19] : REQUEST MEAS. ON
[09:14:20] : REQUEST MEAS. OFF
[09:14:39] : REQUEST MEAS. ON
[09:14:40] : REQUEST MEAS. OFF
[09:14:59] : REQUEST MEAS. ON
[09:15:01] : REQUEST MEAS. OFF
[09:15:20] : REQUEST MEAS. ON
[09:15:21] : REQUEST MEAS. OFF
[10:51:35] : REQUEST MEAS. ON
[10:51:36] : REQUEST MEAS. OFF
[10:59:04] : REQUEST MEAS. ON
[10:59:05] : REQUEST MEAS. OFF
[10:59:41] : REQUEST MEAS. ON
[10:59:42] : REQUEST MEAS. OFF
 
[12:03:49] : REQUEST MEAS. ON
[12:03:50] : REQUEST MEAS. OFF
[12:04:13] : REQUEST MEAS. ON
[12:04:14] : REQUEST MEAS. OFF
[12:04:35] : REQUEST MEAS. ON
[12:04:37] : REQUEST MEAS. OFF
[12:08:15] : REQUEST ZEROSET ON
[12:08:16] : REQUEST ZEROSET OFF
[12:08:31] : REQUEST ZEROSET ON
[12:08:32] : REQUEST ZEROSET OFF
[12:08:46] : REQUEST ZEROSET ON
[12:08:47] : REQUEST ZEROSET OFF
[12:09:05] : REQUEST MEAS. ON
[12:09:06] : REQUEST MEAS. OFF
[12:09:49] : REQUEST MEAS. ON
[12:09:50] : REQUEST MEAS. OFF
[12:10:16] : REQUEST MEAS. ON
[12:10:18] : REQUEST MEAS. OFF
[12:10:31] : REQUEST MEAS. ON
[12:10:32] : REQUEST MEAS. OFF
[12:11:24] : REQUEST MEAS. ON
[12:11:26] : REQUEST MEAS. OFF
[12:11:55] : REQUEST MEAS. ON
[12:11:56] : REQUEST MEAS. OFF
[12:58:36] : REQUEST ZEROSET ON
[12:58:37] : REQUEST ZEROSET OFF
[12:58:50] : REQUEST ZEROSET ON
[12:58:52] : REQUEST ZEROSET OFF
[12:59:04] : REQUEST ZEROSET ON
[12:59:05] : REQUEST ZEROSET OFF
[12:59:18] : REQUEST ZEROSET ON
[12:59:19] : REQUEST ZEROSET OFF
[12:59:39] : REQUEST MEAS. ON
[12:59:40] : REQUEST MEAS. OFF
[12:59:51] : REQUEST MEAS. ON
[12:59:53] : REQUEST MEAS. OFF
[13:00:06] : REQUEST MEAS. ON
[13:00:07] : REQUEST MEAS. OFF
[13:00:18] : REQUEST MEAS. ON
[13:00:20] : REQUEST MEAS. OFF
[13:00:31] : REQUEST MEAS. ON
[13:00:33] : REQUEST MEAS. OFF
[13:00:46] : REQUEST MEAS. ON
[13:00:47] : REQUEST MEAS. OFF
[13:00:58] : REQUEST MEAS. ON
[13:01:00] : REQUEST MEAS. OFF
[13:01:11] : REQUEST MEAS. ON
[13:01:13] : REQUEST MEAS. OFF
[13:01:25] : REQUEST MEAS. ON
[13:01:27] : REQUEST MEAS. OFF
[13:01:38] : REQUEST MEAS. ON
[13:01:40] : REQUEST MEAS. OFF
[13:01:56] : REQUEST ZEROSET ON
[13:01:57] : REQUEST ZEROSET OFF
[13:02:11] : REQUEST ZEROSET ON
[13:02:12] : REQUEST ZEROSET OFF
[13:02:26] : REQUEST MEAS. ON
[13:02:27] : REQUEST MEAS. OFF
[13:02:39] : REQUEST MEAS. ON
[13:02:41] : REQUEST MEAS. OFF
[13:02:52] : REQUEST MEAS. ON
[13:02:54] : REQUEST MEAS. OFF
[13:03:06] : REQUEST MEAS. ON
[13:03:08] : REQUEST MEAS. OFF
[13:03:19] : REQUEST MEAS. ON
[13:03:21] : REQUEST MEAS. OFF
[13:03:32] : REQUEST MEAS. ON
[13:03:34] : REQUEST MEAS. OFF
[13:03:45] : REQUEST MEAS. ON
[13:03:47] : REQUEST MEAS. OFF
[13:04:00] : REQUEST MEAS. ON
[13:04:01] : REQUEST MEAS. OFF
[13:04:12] : REQUEST MEAS. ON
[13:04:14] : REQUEST MEAS. OFF
[13:04:26] : REQUEST MEAS. ON
[13:04:27] : REQUEST MEAS. OFF
[13:04:40] : REQUEST MEAS. ON
[13:04:41] : REQUEST MEAS. OFF
[13:04:54] : REQUEST MEAS. ON
[13:04:55] : REQUEST MEAS. OFF
[13:05:08] : REQUEST MEAS. ON
[13:05:09] : REQUEST MEAS. OFF
[13:05:22] : REQUEST MEAS. ON
[13:05:23] : REQUEST MEAS. OFF
[13:05:36] : REQUEST MEAS. ON
[13:05:37] : REQUEST MEAS. OFF
[13:05:50] : REQUEST MEAS. ON
[13:05:51] : REQUEST MEAS. OFF
[13:06:03] : REQUEST MEAS. ON
[13:06:04] : REQUEST MEAS. OFF
[13:06:17] : REQUEST MEAS. ON
[13:06:18] : REQUEST MEAS. OFF
[13:06:31] : REQUEST MEAS. ON
[13:06:32] : REQUEST MEAS. OFF
[13:06:45] : REQUEST MEAS. ON
[13:06:46] : REQUEST MEAS. OFF
[13:07:00] : REQUEST MEAS. ON
[13:07:01] : REQUEST MEAS. OFF
[13:07:14] : REQUEST MEAS. ON
[13:07:15] : REQUEST MEAS. OFF
[13:07:29] : REQUEST MEAS. ON
[13:07:30] : REQUEST MEAS. OFF
[13:07:43] : REQUEST MEAS. ON
[13:07:44] : REQUEST MEAS. OFF
[13:07:58] : REQUEST MEAS. ON
[13:07:59] : REQUEST MEAS. OFF
[13:08:12] : REQUEST MEAS. ON
[13:08:13] : REQUEST MEAS. OFF
[13:08:27] : REQUEST MEAS. ON
[13:08:28] : REQUEST MEAS. OFF
[13:08:42] : REQUEST MEAS. ON
[13:08:43] : REQUEST MEAS. OFF
[13:08:56] : REQUEST MEAS. ON
[13:08:57] : REQUEST MEAS. OFF
[13:09:11] : REQUEST MEAS. ON
[13:09:12] : REQUEST MEAS. OFF
[13:11:48] : REQUEST MEAS. ON
[13:11:49] : REQUEST MEAS. OFF
[13:12:15] : REQUEST ZEROSET ON
[13:12:16] : REQUEST ZEROSET OFF
[13:12:32] : REQUEST ZEROSET ON
[13:12:34] : REQUEST ZEROSET OFF
[13:12:50] : REQUEST ZEROSET ON
[13:12:51] : REQUEST ZEROSET OFF
[13:14:01] : REQUEST MEAS. ON
[13:14:02] : REQUEST MEAS. OFF
[13:14:22] : REQUEST MEAS. ON
[13:14:23] : REQUEST MEAS. OFF
[13:14:43] : REQUEST MEAS. ON
[13:14:44] : REQUEST MEAS. OFF
[13:15:02] : REQUEST MEAS. ON
[13:15:03] : REQUEST MEAS. OFF
[13:15:29] : REQUEST ZEROSET ON
[13:15:30] : REQUEST ZEROSET OFF
[13:15:50] : REQUEST ZEROSET ON
[13:15:51] : REQUEST ZEROSET OFF
[13:16:11] : REQUEST MEAS. ON
[13:16:12] : REQUEST MEAS. OFF
[13:16:29] : REQUEST MEAS. ON
[13:16:30] : REQUEST MEAS. OFF
[13:16:48] : REQUEST MEAS. ON
[13:16:49] : REQUEST MEAS. OFF
[13:17:05] : REQUEST MEAS. ON
[13:17:06] : REQUEST MEAS. OFF
[13:17:22] : REQUEST MEAS. ON
[13:17:24] : REQUEST MEAS. OFF
[13:17:39] : REQUEST MEAS. ON
[13:17:40] : REQUEST MEAS. OFF
[13:17:55] : REQUEST MEAS. ON
[13:17:56] : REQUEST MEAS. OFF
[13:18:09] : REQUEST MEAS. ON
[13:18:11] : REQUEST MEAS. OFF
[13:18:24] : REQUEST MEAS. ON
[13:18:25] : REQUEST MEAS. OFF
[13:18:38] : REQUEST MEAS. ON
[13:18:39] : REQUEST MEAS. OFF
[13:18:53] : REQUEST MEAS. ON
[13:18:54] : REQUEST MEAS. OFF
[13:19:08] : REQUEST MEAS. ON
[13:19:09] : REQUEST MEAS. OFF
[13:19:22] : REQUEST MEAS. ON
[13:19:23] : REQUEST MEAS. OFF
[13:19:44] : REQUEST ZEROSET ON
[13:19:45] : REQUEST ZEROSET OFF
[13:20:00] : REQUEST ZEROSET ON
[13:20:01] : REQUEST ZEROSET OFF
[13:20:15] : REQUEST ZEROSET ON
[13:20:16] : REQUEST ZEROSET OFF
[13:20:32] : REQUEST ZEROSET ON
[13:20:34] : REQUEST ZEROSET OFF
[13:20:47] : REQUEST ZEROSET ON
[13:20:48] : REQUEST ZEROSET OFF
[13:21:01] : REQUEST ZEROSET ON
[13:21:02] : REQUEST ZEROSET OFF
[13:21:17] : REQUEST MEAS. ON
[13:21:18] : REQUEST MEAS. OFF
[13:21:30] : REQUEST MEAS. ON
[13:21:31] : REQUEST MEAS. OFF
[13:21:44] : REQUEST MEAS. ON
[13:21:45] : REQUEST MEAS. OFF
[13:21:57] : REQUEST MEAS. ON
[13:21:58] : REQUEST MEAS. OFF
[13:22:11] : REQUEST MEAS. ON
[13:22:12] : REQUEST MEAS. OFF
[13:22:24] : REQUEST MEAS. ON
[13:22:25] : REQUEST MEAS. OFF
[13:22:38] : REQUEST MEAS. ON
[13:22:39] : REQUEST MEAS. OFF
[13:22:51] : REQUEST MEAS. ON
[13:22:52] : REQUEST MEAS. OFF
[13:23:05] : REQUEST MEAS. ON
[13:23:06] : REQUEST MEAS. OFF
[13:23:19] : REQUEST MEAS. ON
[13:23:20] : REQUEST MEAS. OFF
[13:23:32] : REQUEST MEAS. ON
[13:23:33] : REQUEST MEAS. OFF
[13:23:46] : REQUEST MEAS. ON
[13:23:47] : REQUEST MEAS. OFF
[13:23:59] : REQUEST MEAS. ON
[13:24:00] : REQUEST MEAS. OFF
[13:24:13] : REQUEST MEAS. ON
[13:24:14] : REQUEST MEAS. OFF
[13:24:26] : REQUEST MEAS. ON
[13:24:27] : REQUEST MEAS. OFF
[13:24:39] : REQUEST MEAS. ON
[13:24:40] : REQUEST MEAS. OFF
[13:24:53] : REQUEST MEAS. ON
[13:24:54] : REQUEST MEAS. OFF
[13:25:06] : REQUEST MEAS. ON
[13:25:07] : REQUEST MEAS. OFF
[13:25:20] : REQUEST MEAS. ON
[13:25:21] : REQUEST MEAS. OFF
[13:25:33] : REQUEST MEAS. ON
[13:25:34] : REQUEST MEAS. OFF
[13:25:47] : REQUEST MEAS. ON
[13:25:48] : REQUEST MEAS. OFF
[13:26:00] : REQUEST MEAS. ON
[13:26:01] : REQUEST MEAS. OFF
[13:26:14] : REQUEST MEAS. ON
[13:26:15] : REQUEST MEAS. OFF
[13:26:27] : REQUEST MEAS. ON
[13:26:28] : REQUEST MEAS. OFF
[13:26:41] : REQUEST MEAS. ON
[13:26:42] : REQUEST MEAS. OFF
[13:26:54] : REQUEST MEAS. ON
[13:26:55] : REQUEST MEAS. OFF
[13:27:07] : REQUEST MEAS. ON
[13:27:08] : REQUEST MEAS. OFF
[13:27:21] : REQUEST MEAS. ON
[13:27:22] : REQUEST MEAS. OFF
[13:27:34] : REQUEST MEAS. ON
[13:27:35] : REQUEST MEAS. OFF
[13:27:48] : REQUEST MEAS. ON
[13:27:49] : REQUEST MEAS. OFF
[13:31:11] : REQUEST MEAS. ON
[13:31:13] : REQUEST MEAS. OFF
[13:31:55] : REQUEST MEAS. ON
[13:31:56] : REQUEST MEAS. OFF
[13:32:09] : REQUEST MEAS. ON
[13:32:10] : REQUEST MEAS. OFF
[13:32:23] : REQUEST MEAS. ON
[13:32:24] : REQUEST MEAS. OFF
[13:32:37] : REQUEST MEAS. ON
[13:32:38] : REQUEST MEAS. OFF
[13:32:51] : REQUEST MEAS. ON
[13:32:52] : REQUEST MEAS. OFF
[13:33:05] : REQUEST MEAS. ON
[13:33:07] : REQUEST MEAS. OFF
[13:33:20] : REQUEST MEAS. ON
[13:33:21] : REQUEST MEAS. OFF
[13:33:33] : REQUEST MEAS. ON
[13:33:34] : REQUEST MEAS. OFF
[13:33:46] : REQUEST MEAS. ON
[13:33:47] : REQUEST MEAS. OFF
[13:34:00] : REQUEST MEAS. ON
[13:34:01] : REQUEST MEAS. OFF
[13:34:14] : REQUEST MEAS. ON
[13:34:15] : REQUEST MEAS. OFF
[13:34:27] : REQUEST MEAS. ON
[13:34:28] : REQUEST MEAS. OFF
[13:34:41] : REQUEST MEAS. ON
[13:34:42] : REQUEST MEAS. OFF
[13:34:54] : REQUEST MEAS. ON
[13:34:55] : REQUEST MEAS. OFF
[13:35:08] : REQUEST MEAS. ON
[13:35:09] : REQUEST MEAS. OFF
[13:35:21] : REQUEST MEAS. ON
[13:35:22] : REQUEST MEAS. OFF
[13:35:35] : REQUEST MEAS. ON
[13:35:36] : REQUEST MEAS. OFF
[13:35:48] : REQUEST MEAS. ON
[13:35:49] : REQUEST MEAS. OFF
[13:36:02] : REQUEST MEAS. ON
[13:36:03] : REQUEST MEAS. OFF
[13:36:15] : REQUEST MEAS. ON
[13:36:16] : REQUEST MEAS. OFF
[13:36:28] : REQUEST MEAS. ON
[13:36:29] : REQUEST MEAS. OFF
[13:36:42] : REQUEST MEAS. ON
[13:36:43] : REQUEST MEAS. OFF
[13:36:56] : REQUEST MEAS. ON
[13:36:57] : REQUEST MEAS. OFF
[13:37:09] : REQUEST MEAS. ON
[13:37:10] : REQUEST MEAS. OFF
[13:37:23] : REQUEST MEAS. ON
[13:37:24] : REQUEST MEAS. OFF
[13:37:36] : REQUEST MEAS. ON
[13:37:37] : REQUEST MEAS. OFF
[13:37:50] : REQUEST MEAS. ON
[13:37:51] : REQUEST MEAS. OFF
[13:38:03] : REQUEST MEAS. ON
[13:38:04] : REQUEST MEAS. OFF
[13:38:17] : REQUEST MEAS. ON
[13:38:18] : REQUEST MEAS. OFF
[13:38:30] : REQUEST MEAS. ON
[13:38:31] : REQUEST MEAS. OFF
[13:38:44] : REQUEST MEAS. ON
[13:38:45] : REQUEST MEAS. OFF
[13:38:57] : REQUEST MEAS. ON
[13:38:58] : REQUEST MEAS. OFF
[13:39:11] : REQUEST MEAS. ON
[13:39:12] : REQUEST MEAS. OFF
[13:39:24] : REQUEST MEAS. ON
[13:39:25] : REQUEST MEAS. OFF
[13:39:37] : REQUEST MEAS. ON
[13:39:38] : REQUEST MEAS. OFF
[13:42:38] : REQUEST MEAS. ON
[13:42:39] : REQUEST MEAS. OFF
[13:42:53] : REQUEST MEAS. ON
[13:42:54] : REQUEST MEAS. OFF
[13:43:07] : REQUEST MEAS. ON
[13:43:08] : REQUEST MEAS. OFF
[13:43:25] : REQUEST MEAS. ON
[13:43:26] : REQUEST MEAS. OFF
[13:43:49] : REQUEST MEAS. ON
[13:43:50] : REQUEST MEAS. OFF
[13:44:05] : REQUEST MEAS. ON
[13:44:06] : REQUEST MEAS. OFF
[13:44:27] : REQUEST MEAS. ON
[13:44:28] : REQUEST MEAS. OFF
[13:44:52] : REQUEST MEAS. ON
[13:44:54] : REQUEST MEAS. OFF
[13:45:12] : REQUEST MEAS. ON
[13:45:13] : REQUEST MEAS. OFF
[13:45:39] : REQUEST MEAS. ON
[13:45:40] : REQUEST MEAS. OFF
[13:46:31] : REQUEST MEAS. ON
[13:46:32] : REQUEST MEAS. OFF
[13:46:55] : REQUEST MEAS. ON
[13:46:56] : REQUEST MEAS. OFF
[13:47:14] : REQUEST MEAS. ON
[13:47:15] : REQUEST MEAS. OFF
[13:47:41] : REQUEST MEAS. ON
[13:47:42] : REQUEST MEAS. OFF
[13:47:54] : REQUEST MEAS. ON
[13:47:56] : REQUEST MEAS. OFF
[13:48:08] : REQUEST MEAS. ON
[13:48:09] : REQUEST MEAS. OFF
[13:48:20] : REQUEST MEAS. ON
[13:48:22] : REQUEST MEAS. OFF
[13:48:35] : REQUEST MEAS. ON
[13:48:36] : REQUEST MEAS. OFF
[13:48:48] : REQUEST MEAS. ON
[13:48:49] : REQUEST MEAS. OFF
[13:49:02] : REQUEST MEAS. ON
[13:49:03] : REQUEST MEAS. OFF
[13:49:15] : REQUEST MEAS. ON
[13:49:16] : REQUEST MEAS. OFF
[13:49:29] : REQUEST MEAS. ON
[13:49:30] : REQUEST MEAS. OFF
[13:49:41] : REQUEST MEAS. ON
[13:49:43] : REQUEST MEAS. OFF
[13:49:54] : REQUEST MEAS. ON
[13:49:56] : REQUEST MEAS. OFF
[13:50:09] : REQUEST MEAS. ON
[13:50:10] : REQUEST MEAS. OFF
[13:50:22] : REQUEST MEAS. ON
[13:50:23] : REQUEST MEAS. OFF
[13:50:35] : REQUEST MEAS. ON
[13:50:37] : REQUEST MEAS. OFF
[13:50:48] : REQUEST MEAS. ON
[13:50:50] : REQUEST MEAS. OFF
[13:51:01] : REQUEST MEAS. ON
[13:51:03] : REQUEST MEAS. OFF
[13:51:14] : REQUEST MEAS. ON
[13:51:16] : REQUEST MEAS. OFF
[13:51:28] : REQUEST MEAS. ON
[13:51:30] : REQUEST MEAS. OFF
[13:51:42] : REQUEST MEAS. ON
[13:51:43] : REQUEST MEAS. OFF
[13:51:55] : REQUEST MEAS. ON
[13:51:56] : REQUEST MEAS. OFF
[13:52:09] : REQUEST MEAS. ON
[13:52:10] : REQUEST MEAS. OFF
[13:52:21] : REQUEST MEAS. ON
[13:52:23] : REQUEST MEAS. OFF
[13:52:35] : REQUEST MEAS. ON
[13:52:37] : REQUEST MEAS. OFF
[13:52:49] : REQUEST MEAS. ON
[13:52:50] : REQUEST MEAS. OFF
[13:53:02] : REQUEST MEAS. ON
[13:53:03] : REQUEST MEAS. OFF
[13:53:15] : REQUEST MEAS. ON
[13:53:17] : REQUEST MEAS. OFF
[13:53:29] : REQUEST MEAS. ON
[13:53:30] : REQUEST MEAS. OFF
[13:53:43] : REQUEST MEAS. ON
[13:53:44] : REQUEST MEAS. OFF
[13:53:56] : REQUEST MEAS. ON
[13:53:57] : REQUEST MEAS. OFF
[13:54:09] : REQUEST MEAS. ON
[13:54:11] : REQUEST MEAS. OFF
[13:54:22] : REQUEST MEAS. ON
[13:54:24] : REQUEST MEAS. OFF
[13:54:36] : REQUEST MEAS. ON
[13:54:37] : REQUEST MEAS. OFF
[13:54:49] : REQUEST MEAS. ON
[13:54:50] : REQUEST MEAS. OFF
[13:55:03] : REQUEST MEAS. ON
[13:55:04] : REQUEST MEAS. OFF
[13:55:16] : REQUEST MEAS. ON
[13:55:17] : REQUEST MEAS. OFF
[13:55:30] : REQUEST MEAS. ON
[13:55:31] : REQUEST MEAS. OFF
[13:55:42] : REQUEST MEAS. ON
[13:55:44] : REQUEST MEAS. OFF
[13:55:56] : REQUEST MEAS. ON
[13:55:57] : REQUEST MEAS. OFF
[13:56:10] : REQUEST MEAS. ON
[13:56:11] : REQUEST MEAS. OFF
[13:56:23] : REQUEST MEAS. ON
[13:56:24] : REQUEST MEAS. OFF
[13:56:37] : REQUEST MEAS. ON
[13:56:38] : REQUEST MEAS. OFF
[13:56:50] : REQUEST MEAS. ON
[13:56:51] : REQUEST MEAS. OFF
[13:57:04] : REQUEST MEAS. ON
[13:57:05] : REQUEST MEAS. OFF
[13:57:17] : REQUEST MEAS. ON
[13:57:18] : REQUEST MEAS. OFF
[13:57:30] : REQUEST MEAS. ON
[13:57:32] : REQUEST MEAS. OFF
[13:57:43] : REQUEST MEAS. ON
[13:57:45] : REQUEST MEAS. OFF
[13:57:56] : REQUEST MEAS. ON
[13:57:58] : REQUEST MEAS. OFF
[13:58:10] : REQUEST MEAS. ON
[13:58:12] : REQUEST MEAS. OFF
[13:58:24] : REQUEST MEAS. ON
[13:58:25] : REQUEST MEAS. OFF
[13:58:37] : REQUEST MEAS. ON
[13:58:38] : REQUEST MEAS. OFF
[13:58:51] : REQUEST MEAS. ON
[13:58:52] : REQUEST MEAS. OFF
[13:59:03] : REQUEST MEAS. ON
[13:59:05] : REQUEST MEAS. OFF
[13:59:17] : REQUEST MEAS. ON
[13:59:18] : REQUEST MEAS. OFF
[13:59:31] : REQUEST MEAS. ON
[13:59:32] : REQUEST MEAS. OFF
[13:59:44] : REQUEST MEAS. ON
[13:59:45] : REQUEST MEAS. OFF
[13:59:58] : REQUEST MEAS. ON
[13:59:59] : REQUEST MEAS. OFF
[14:00:10] : REQUEST MEAS. ON
[14:00:12] : REQUEST MEAS. OFF
[14:00:25] : REQUEST MEAS. ON
[14:00:26] : REQUEST MEAS. OFF
[14:00:37] : REQUEST MEAS. ON
[14:00:39] : REQUEST MEAS. OFF
[14:00:50] : REQUEST MEAS. ON
[14:00:52] : REQUEST MEAS. OFF
[14:01:04] : REQUEST MEAS. ON
[14:01:06] : REQUEST MEAS. OFF
[14:01:18] : REQUEST MEAS. ON
[14:01:19] : REQUEST MEAS. OFF
[14:01:30] : REQUEST MEAS. ON
[14:01:32] : REQUEST MEAS. OFF
[14:01:45] : REQUEST MEAS. ON
[14:01:46] : REQUEST MEAS. OFF
[14:01:58] : REQUEST MEAS. ON
[14:01:59] : REQUEST MEAS. OFF
[14:02:10] : REQUEST MEAS. ON
[14:02:12] : REQUEST MEAS. OFF
[14:02:24] : REQUEST MEAS. ON
[14:02:26] : REQUEST MEAS. OFF
[14:02:38] : REQUEST MEAS. ON
[14:02:39] : REQUEST MEAS. OFF
[14:02:50] : REQUEST MEAS. ON
[14:02:52] : REQUEST MEAS. OFF
[14:03:04] : REQUEST MEAS. ON
[14:03:06] : REQUEST MEAS. OFF
[14:03:18] : REQUEST MEAS. ON
[14:03:19] : REQUEST MEAS. OFF
[14:03:31] : REQUEST MEAS. ON
[14:03:32] : REQUEST MEAS. OFF
[14:03:45] : REQUEST MEAS. ON
[14:03:46] : REQUEST MEAS. OFF
[14:03:58] : REQUEST MEAS. ON
[14:03:59] : REQUEST MEAS. OFF
[14:04:12] : REQUEST MEAS. ON
[14:04:13] : REQUEST MEAS. OFF
[14:04:24] : REQUEST MEAS. ON
[14:04:26] : REQUEST MEAS. OFF
[14:04:38] : REQUEST MEAS. ON
[14:04:39] : REQUEST MEAS. OFF
[14:04:52] : REQUEST MEAS. ON
[14:04:53] : REQUEST MEAS. OFF
[14:05:05] : REQUEST MEAS. ON
[14:05:06] : REQUEST MEAS. OFF
[14:05:19] : REQUEST MEAS. ON
[14:05:20] : REQUEST MEAS. OFF
[14:05:32] : REQUEST MEAS. ON
[14:05:33] : REQUEST MEAS. OFF
[14:05:45] : REQUEST MEAS. ON
[14:05:47] : REQUEST MEAS. OFF
[14:05:59] : REQUEST MEAS. ON
[14:06:00] : REQUEST MEAS. OFF
[14:06:12] : REQUEST MEAS. ON
[14:06:14] : REQUEST MEAS. OFF
[14:06:25] : REQUEST MEAS. ON
[14:06:27] : REQUEST MEAS. OFF
[14:06:38] : REQUEST MEAS. ON
[14:06:40] : REQUEST MEAS. OFF
[14:06:52] : REQUEST MEAS. ON
[14:06:54] : REQUEST MEAS. OFF
[14:07:05] : REQUEST MEAS. ON
[14:07:07] : REQUEST MEAS. OFF
[14:07:18] : REQUEST MEAS. ON
[14:07:20] : REQUEST MEAS. OFF
[14:07:33] : REQUEST MEAS. ON
[14:07:34] : REQUEST MEAS. OFF
[14:07:45] : REQUEST MEAS. ON
[14:07:47] : REQUEST MEAS. OFF
[14:07:58] : REQUEST MEAS. ON
[14:08:00] : REQUEST MEAS. OFF
[14:08:13] : REQUEST MEAS. ON
[14:08:14] : REQUEST MEAS. OFF
[14:08:25] : REQUEST MEAS. ON
[14:08:27] : REQUEST MEAS. OFF
[14:08:40] : REQUEST MEAS. ON
[14:08:41] : REQUEST MEAS. OFF
[14:08:53] : REQUEST MEAS. ON
[14:08:54] : REQUEST MEAS. OFF
[14:09:07] : REQUEST MEAS. ON
[14:09:08] : REQUEST MEAS. OFF
[14:09:20] : REQUEST MEAS. ON
[14:09:21] : REQUEST MEAS. OFF
[14:09:34] : REQUEST MEAS. ON
[14:09:35] : REQUEST MEAS. OFF
[14:09:47] : REQUEST MEAS. ON
[14:09:48] : REQUEST MEAS. OFF
[14:17:01] : REQUEST MEAS. ON
[14:17:02] : REQUEST MEAS. OFF
[14:17:34] : REQUEST MEAS. ON
[14:17:35] : REQUEST MEAS. OFF
[14:17:56] : REQUEST MEAS. ON
[14:17:57] : REQUEST MEAS. OFF
[14:18:16] : REQUEST MEAS. ON
[14:18:17] : REQUEST MEAS. OFF
[14:18:43] : REQUEST MEAS. ON
[14:18:44] : REQUEST MEAS. OFF
[15:33:19] : REQUEST ZEROSET ON
[15:33:20] : REQUEST ZEROSET OFF
[15:33:35] : REQUEST ZEROSET ON
[15:33:36] : REQUEST ZEROSET OFF
[15:56:29] : REQUEST ZEROSET ON
[15:56:31] : REQUEST ZEROSET OFF
[16:01:27] : AUTO RUNNING ON
[16:01:50] : RESET ON
[16:02:17] : Cycle start ON
[16:02:20] : Cycle start OFF
[16:02:31] : Cycle start ON
[16:02:34] : Cycle start OFF
[16:02:39] : REQUEST MEAS. ON
[16:02:40] : REQUEST MEAS. OFF
[16:02:54] : Cycle start ON
[16:02:57] : Cycle start OFF
[16:03:02] : REQUEST MEAS. ON
[16:03:03] : REQUEST MEAS. OFF
[16:03:17] : Cycle start ON
[16:03:20] : Cycle start OFF
[16:03:25] : REQUEST MEAS. ON
[16:03:26] : REQUEST MEAS. OFF
[16:03:41] : Cycle start ON
[16:03:44] : Cycle start OFF
[16:03:49] : REQUEST MEAS. ON
[16:03:50] : REQUEST MEAS. OFF
[16:04:04] : Cycle start ON
[16:04:07] : Cycle start OFF
[16:04:12] : REQUEST MEAS. ON
[16:04:13] : REQUEST MEAS. OFF
[16:04:28] : Cycle start ON
[16:04:30] : Cycle start OFF
[16:04:35] : REQUEST MEAS. ON
[16:04:36] : REQUEST MEAS. OFF
[16:04:52] : Cycle start ON
[16:04:54] : Cycle start OFF
[16:04:59] : REQUEST MEAS. ON
[16:05:01] : REQUEST MEAS. OFF
[16:05:16] : Cycle start ON
[16:05:18] : Cycle start OFF
[16:05:23] : REQUEST MEAS. ON
[16:05:24] : REQUEST MEAS. OFF
[16:05:39] : Cycle start ON
[16:05:41] : Cycle start OFF
[16:05:46] : REQUEST MEAS. ON
[16:05:48] : REQUEST MEAS. OFF
[16:06:02] : Cycle start ON
[16:06:04] : Cycle start OFF
[16:06:09] : REQUEST MEAS. ON
[16:06:10] : REQUEST MEAS. OFF
[16:06:25] : Cycle start ON
[16:06:27] : Cycle start OFF
[16:06:32] : REQUEST MEAS. ON
[16:06:34] : REQUEST MEAS. OFF
[16:07:01] : Cycle start ON
[16:07:04] : Cycle start OFF
[16:07:09] : REQUEST MEAS. ON
[16:07:10] : REQUEST MEAS. OFF
[16:07:24] : Cycle start ON
[16:07:27] : Cycle start OFF
[16:07:32] : REQUEST MEAS. ON
[16:07:33] : REQUEST MEAS. OFF
[16:07:47] : Cycle start ON
[16:07:49] : Cycle start OFF
[16:07:54] : REQUEST MEAS. ON
[16:07:55] : REQUEST MEAS. OFF
[16:08:11] : Cycle start ON
[16:08:14] : Cycle start OFF
[16:08:19] : REQUEST MEAS. ON
[16:08:20] : REQUEST MEAS. OFF
[16:08:34] : Cycle start ON
[16:08:36] : Cycle start OFF
[16:08:41] : REQUEST MEAS. ON
[16:08:42] : REQUEST MEAS. OFF
[16:08:57] : Cycle start ON
[16:08:59] : Cycle start OFF
[16:09:04] : REQUEST MEAS. ON
[16:09:05] : REQUEST MEAS. OFF
[16:09:19] : Cycle start ON
[16:09:22] : Cycle start OFF
[16:09:27] : REQUEST MEAS. ON
[16:09:28] : REQUEST MEAS. OFF
[16:09:44] : Cycle start ON
[16:09:47] : Cycle start OFF
[16:09:51] : REQUEST MEAS. ON
[16:09:53] : REQUEST MEAS. OFF
[16:10:10] : Cycle start ON
[16:10:13] : Cycle start OFF
[16:10:18] : REQUEST MEAS. ON
[16:10:19] : REQUEST MEAS. OFF
[16:10:33] : Cycle start ON
[16:10:35] : Cycle start OFF
[16:10:40] : REQUEST MEAS. ON
[16:10:42] : REQUEST MEAS. OFF
[16:11:01] : Cycle start ON
[16:11:04] : Cycle start OFF
[16:11:09] : REQUEST MEAS. ON
[16:11:10] : REQUEST MEAS. OFF
[16:11:25] : Cycle start ON
[16:11:27] : Cycle start OFF
[16:11:32] : REQUEST MEAS. ON
[16:11:33] : REQUEST MEAS. OFF
[16:11:50] : Cycle start ON
[16:11:52] : Cycle start OFF
[16:11:57] : REQUEST MEAS. ON
[16:11:58] : REQUEST MEAS. OFF
[16:12:13] : Cycle start ON
[16:12:15] : Cycle start OFF
[16:12:20] : REQUEST MEAS. ON
[16:12:22] : REQUEST MEAS. OFF
[16:12:35] : Cycle start ON
[16:12:38] : Cycle start OFF
[16:12:43] : REQUEST MEAS. ON
[16:12:44] : REQUEST MEAS. OFF
[16:12:59] : Cycle start ON
[16:13:01] : Cycle start OFF
[16:13:06] : REQUEST MEAS. ON
[16:13:08] : REQUEST MEAS. OFF
[16:13:22] : Cycle start ON
[16:13:24] : Cycle start OFF
[16:13:29] : REQUEST MEAS. ON
[16:13:31] : REQUEST MEAS. OFF
[16:13:46] : Cycle start ON
[16:13:49] : Cycle start OFF
[16:13:54] : REQUEST MEAS. ON
[16:13:55] : REQUEST MEAS. OFF
[16:14:09] : Cycle start ON
[16:14:11] : Cycle start OFF
[16:14:16] : REQUEST MEAS. ON
[16:14:17] : REQUEST MEAS. OFF
[16:15:06] : Cycle start ON
[16:15:09] : Cycle start OFF
[16:15:14] : REQUEST MEAS. ON
[16:15:15] : REQUEST MEAS. OFF
[16:15:33] : Cycle start ON
[16:15:36] : Cycle start OFF
[16:15:41] : REQUEST MEAS. ON
[16:15:42] : REQUEST MEAS. OFF
[16:15:57] : Cycle start ON
[16:16:00] : Cycle start OFF
[16:16:05] : REQUEST MEAS. ON
[16:16:06] : REQUEST MEAS. OFF
[16:16:37] : Cycle start ON
[16:16:39] : Cycle start OFF
[16:16:44] : REQUEST MEAS. ON
[16:16:46] : REQUEST MEAS. OFF
[16:17:00] : Cycle start ON
[16:17:02] : Cycle start OFF
[16:17:07] : REQUEST MEAS. ON
[16:17:09] : REQUEST MEAS. OFF
[16:17:24] : Cycle start ON
[16:17:26] : Cycle start OFF
[16:17:31] : REQUEST MEAS. ON
[16:17:33] : REQUEST MEAS. OFF
[16:17:49] : Cycle start ON
[16:17:52] : Cycle start OFF
[16:17:57] : REQUEST MEAS. ON
[16:17:58] : REQUEST MEAS. OFF
[16:18:14] : Cycle start ON
[16:18:16] : Cycle start OFF
[16:18:21] : REQUEST MEAS. ON
[16:18:23] : REQUEST MEAS. OFF
[16:18:43] : Cycle start ON
[16:18:46] : Cycle start OFF
[16:18:51] : REQUEST MEAS. ON
[16:18:52] : REQUEST MEAS. OFF
[16:19:10] : Cycle start ON
[16:19:12] : Cycle start OFF
[16:19:17] : REQUEST MEAS. ON
[16:19:18] : REQUEST MEAS. OFF
[16:19:35] : Cycle start ON
[16:19:37] : Cycle start OFF
[16:19:42] : REQUEST MEAS. ON
[16:19:43] : REQUEST MEAS. OFF
[16:20:02] : Cycle start ON
[16:20:04] : Cycle start OFF
[16:20:09] : REQUEST MEAS. ON
[16:20:10] : REQUEST MEAS. OFF
[16:20:34] : Cycle start ON
[16:20:37] : Cycle start OFF
[16:20:42] : REQUEST MEAS. ON
[16:20:43] : REQUEST MEAS. OFF
[16:21:01] : Cycle start ON
[16:21:04] : Cycle start OFF
[16:21:09] : REQUEST MEAS. ON
[16:21:10] : REQUEST MEAS. OFF
[16:21:32] : Cycle start ON
[16:21:34] : Cycle start OFF
[16:21:39] : REQUEST MEAS. ON
[16:21:41] : REQUEST MEAS. OFF
[16:21:54] : Cycle start ON
[16:21:57] : Cycle start OFF
[16:22:02] : REQUEST MEAS. ON
[16:22:03] : REQUEST MEAS. OFF
[16:22:18] : Cycle start ON
[16:22:20] : Cycle start OFF
[16:22:25] : REQUEST MEAS. ON
[16:22:27] : REQUEST MEAS. OFF
[16:22:41] : Cycle start ON
[16:22:43] : Cycle start OFF
[16:22:48] : REQUEST MEAS. ON
[16:22:49] : REQUEST MEAS. OFF
[16:23:04] : Cycle start ON
[16:23:07] : Cycle start OFF
[16:23:12] : REQUEST MEAS. ON
[16:23:13] : REQUEST MEAS. OFF
[16:23:34] : Cycle start ON
[16:23:37] : Cycle start OFF
[16:23:42] : REQUEST MEAS. ON
[16:23:43] : REQUEST MEAS. OFF
[16:23:58] : Cycle start ON
[16:24:00] : Cycle start OFF
[16:24:05] : REQUEST MEAS. ON
[16:24:06] : REQUEST MEAS. OFF
[16:24:21] : Cycle start ON
[16:24:24] : Cycle start OFF
[16:24:29] : REQUEST MEAS. ON
[16:24:30] : REQUEST MEAS. OFF
[16:24:47] : Cycle start ON
[16:24:49] : Cycle start OFF
[16:24:54] : REQUEST MEAS. ON
[16:24:55] : REQUEST MEAS. OFF
[16:25:10] : Cycle start ON
[16:25:13] : Cycle start OFF
[16:25:18] : REQUEST MEAS. ON
[16:25:19] : REQUEST MEAS. OFF
[16:25:35] : Cycle start ON
[16:25:37] : Cycle start OFF
[16:25:42] : REQUEST MEAS. ON
[16:25:43] : REQUEST MEAS. OFF
[16:26:01] : Cycle start ON
[16:26:04] : Cycle start OFF
[16:26:09] : REQUEST MEAS. ON
[16:26:10] : REQUEST MEAS. OFF
[16:26:29] : Cycle start ON
[16:26:32] : Cycle start OFF
[16:26:37] : REQUEST MEAS. ON
[16:26:38] : REQUEST MEAS. OFF
[16:26:55] : Cycle start ON
[16:26:58] : Cycle start OFF
[16:27:03] : REQUEST MEAS. ON
[16:27:04] : REQUEST MEAS. OFF
[16:27:18] : Cycle start ON
[16:27:21] : Cycle start OFF
[16:27:26] : REQUEST MEAS. ON
[16:27:27] : REQUEST MEAS. OFF
[16:27:43] : Cycle start ON
[16:27:45] : Cycle start OFF
[16:27:50] : REQUEST MEAS. ON
[16:27:52] : REQUEST MEAS. OFF
[16:28:07] : Cycle start ON
[16:28:10] : Cycle start OFF
[16:28:15] : REQUEST MEAS. ON
[16:28:16] : REQUEST MEAS. OFF
[16:28:31] : Cycle start ON
[16:28:34] : Cycle start OFF
[16:28:39] : REQUEST MEAS. ON
[16:28:40] : REQUEST MEAS. OFF
[16:28:54] : Cycle start ON
[16:28:57] : Cycle start OFF
[16:29:02] : REQUEST MEAS. ON
[16:29:03] : REQUEST MEAS. OFF
[16:29:18] : Cycle start ON
[16:29:21] : Cycle start OFF
[16:29:26] : REQUEST MEAS. ON
[16:29:27] : REQUEST MEAS. OFF
[16:29:43] : Cycle start ON
[16:29:45] : Cycle start OFF
[16:29:50] : REQUEST MEAS. ON
[16:29:51] : REQUEST MEAS. OFF
[16:30:06] : Cycle start ON
[16:30:09] : Cycle start OFF
[16:30:14] : REQUEST MEAS. ON
[16:30:15] : REQUEST MEAS. OFF
[16:30:31] : Cycle start ON
[16:30:34] : Cycle start OFF
[16:30:39] : REQUEST MEAS. ON
[16:30:40] : REQUEST MEAS. OFF
[16:30:56] : Cycle start ON
[16:30:59] : Cycle start OFF
[16:31:04] : REQUEST MEAS. ON
[16:31:05] : REQUEST MEAS. OFF
[16:31:21] : Cycle start ON
[16:31:23] : Cycle start OFF
[16:31:28] : REQUEST MEAS. ON
[16:31:29] : REQUEST MEAS. OFF
[16:31:45] : Cycle start ON
[16:31:48] : Cycle start OFF
[16:31:53] : REQUEST MEAS. ON
[16:31:54] : REQUEST MEAS. OFF
[16:32:09] : Cycle start ON
[16:32:11] : Cycle start OFF
[16:32:16] : REQUEST MEAS. ON
[16:32:18] : REQUEST MEAS. OFF
[16:32:34] : Cycle start ON
[16:32:36] : Cycle start OFF
[16:32:41] : REQUEST MEAS. ON
[16:32:42] : REQUEST MEAS. OFF
[16:32:58] : Cycle start ON
[16:33:01] : Cycle start OFF
[16:33:06] : REQUEST MEAS. ON
[16:33:07] : REQUEST MEAS. OFF
[16:33:22] : Cycle start ON
[16:33:25] : Cycle start OFF
[16:33:30] : REQUEST MEAS. ON
[16:33:31] : REQUEST MEAS. OFF
[16:33:47] : Cycle start ON
[16:33:49] : Cycle start OFF
[16:33:54] : REQUEST MEAS. ON
[16:33:56] : REQUEST MEAS. OFF
[16:34:13] : Cycle start ON
[16:34:15] : Cycle start OFF
[16:34:20] : REQUEST MEAS. ON
[16:34:21] : REQUEST MEAS. OFF
[16:34:36] : Cycle start ON
[16:34:39] : Cycle start OFF
[16:34:44] : REQUEST MEAS. ON
[16:34:45] : REQUEST MEAS. OFF
[16:35:00] : Cycle start ON
[16:35:03] : Cycle start OFF
[16:35:08] : REQUEST MEAS. ON
[16:35:09] : REQUEST MEAS. OFF
[16:37:25] : RESET ON
[16:37:26] : RESET ON
[16:37:35] : MEAS ESC ON
[16:37:35] : AUTO RUNNING OFF
[16:37:35] : M3400 : 비상입니다. ON
[16:37:37] : MEAS ESC OFF
[16:37:37] : RESET ON
[16:37:37] : M3400 : 비상입니다. OFF
[16:38:47] : AUTO RUNNING ON
[16:39:04] : Cycle start ON
[16:39:06] : Cycle start OFF
[16:39:17] : Cycle start ON
[16:39:19] : Cycle start OFF
[16:39:24] : REQUEST MEAS. ON
[16:39:25] : REQUEST MEAS. OFF
[16:39:41] : Cycle start ON
[16:39:43] : Cycle start OFF
[16:39:48] : REQUEST MEAS. ON
[16:39:50] : REQUEST MEAS. OFF
[16:40:05] : Cycle start ON
[16:40:07] : Cycle start OFF
[16:40:12] : REQUEST MEAS. ON
[16:40:14] : REQUEST MEAS. OFF
[16:40:29] : Cycle start ON
[16:40:32] : Cycle start OFF
[16:40:37] : REQUEST MEAS. ON
[16:40:38] : REQUEST MEAS. OFF
[16:40:54] : Cycle start ON
[16:40:57] : Cycle start OFF
[16:41:02] : REQUEST MEAS. ON
[16:41:03] : REQUEST MEAS. OFF
[16:41:17] : Cycle start ON
[16:41:20] : Cycle start OFF
[16:41:25] : REQUEST MEAS. ON
[16:41:26] : REQUEST MEAS. OFF
[16:41:42] : Cycle start ON
[16:41:45] : Cycle start OFF
[16:41:50] : REQUEST MEAS. ON
[16:41:51] : REQUEST MEAS. OFF
[16:42:07] : Cycle start ON
[16:42:10] : Cycle start OFF
[16:42:15] : REQUEST MEAS. ON
[16:42:16] : REQUEST MEAS. OFF
[16:42:33] : Cycle start ON
[16:42:36] : Cycle start OFF
[16:42:41] : REQUEST MEAS. ON
[16:42:42] : REQUEST MEAS. OFF
[16:42:58] : Cycle start ON
[16:43:00] : Cycle start OFF
[16:43:05] : REQUEST MEAS. ON
[16:43:07] : REQUEST MEAS. OFF
[16:43:27] : Cycle start ON
[16:43:30] : Cycle start OFF
[16:43:34] : REQUEST MEAS. ON
[16:43:36] : REQUEST MEAS. OFF
[16:43:53] : Cycle start ON
[16:43:55] : Cycle start OFF
[16:44:00] : REQUEST MEAS. ON
[16:44:01] : REQUEST MEAS. OFF
[16:44:18] : Cycle start ON
[16:44:20] : Cycle start OFF
[16:44:25] : REQUEST MEAS. ON
[16:44:27] : REQUEST MEAS. OFF
[16:44:42] : Cycle start ON
[16:44:45] : Cycle start OFF
[16:44:50] : REQUEST MEAS. ON
[16:44:51] : REQUEST MEAS. OFF
[16:45:08] : Cycle start ON
[16:45:10] : Cycle start OFF
[16:45:15] : REQUEST MEAS. ON
[16:45:16] : REQUEST MEAS. OFF
[16:45:32] : Cycle start ON
[16:45:35] : Cycle start OFF
[16:45:39] : REQUEST MEAS. ON
[16:45:41] : REQUEST MEAS. OFF
[16:45:56] : Cycle start ON
[16:45:59] : Cycle start OFF
[16:46:04] : REQUEST MEAS. ON
[16:46:05] : REQUEST MEAS. OFF
[16:46:29] : Cycle start ON
[16:46:32] : Cycle start OFF
[16:46:37] : REQUEST MEAS. ON
[16:46:38] : REQUEST MEAS. OFF
[16:46:56] : Cycle start ON
[16:46:59] : Cycle start OFF
[16:47:04] : REQUEST MEAS. ON
[16:47:05] : REQUEST MEAS. OFF
[16:47:21] : Cycle start ON
[16:47:23] : Cycle start OFF
[16:47:28] : REQUEST MEAS. ON
[16:47:30] : REQUEST MEAS. OFF
[16:47:47] : Cycle start ON
[16:47:49] : Cycle start OFF
[16:47:54] : REQUEST MEAS. ON
[16:47:55] : REQUEST MEAS. OFF
[16:48:13] : Cycle start ON
[16:48:15] : Cycle start OFF
[16:48:20] : REQUEST MEAS. ON
[16:48:21] : REQUEST MEAS. OFF
[16:48:38] : Cycle start ON
[16:48:40] : AUTO RUNNING OFF
[16:48:40] : Cycle start OFF
 
