[10:23:20] : PROGRAM END
 
[12:54:34] : PROGRAM START
[12:54:40] : TCP FAIL 1
[12:54:47] : PROGRAM END
 
[12:57:28] : PROGRAM START
[12:57:34] : PROGRAM END
 
[12:58:41] : PROGRAM START
[12:58:57] : PROGRAM END
 
[13:00:21] : PROGRAM START
[13:00:37] : PROGRAM END
 
[13:00:46] : PROGRAM START
[13:01:04] : Plc Error Timer
[13:01:06] : PROGRAM END
 
[13:01:45] : PROGRAM START
[13:01:53] : TCP FAIL 1
[13:02:00] : Plc Error Timer
[13:02:05] : TCP FAIL 1
[13:02:09] : PROGRAM END
 
[13:05:37] : PROGRAM START
[13:06:00] : Plc Error Timer
[13:06:02] : TCP FAIL 1
[13:06:09] : PROGRAM END
 
[13:08:00] : PROGRAM START
[13:08:14] : PROGRAM END
 
[13:10:23] : PROGRAM START
[13:10:29] : PROGRAM END
 
[13:26:32] : PROGRAM START
[13:26:40] : PROGRAM END
 
[14:40:13] : PROGRAM START
[14:40:15] : AUTO RUNNING OFF
[14:40:15] : REQUEST MEAS. OFF
[14:40:15] : REQUEST ZEROSET OFF
[14:40:15] : REQUEST ZEROSET OFF
[14:40:30] : PROGRAM END
 
[14:41:00] : PROGRAM START
[14:41:02] : AUTO RUNNING OFF
[14:41:02] : REQUEST MEAS. OFF
[14:41:02] : REQUEST ZEROSET OFF
[14:41:02] : REQUEST ZEROSET OFF
[15:50:46] : PROGRAM END
 
[15:53:16] : PROGRAM START
[15:53:18] : AUTO RUNNING OFF
[15:53:18] : REQUEST MEAS. OFF
[15:53:18] : REQUEST ZEROSET OFF
[15:53:18] : REQUEST ZEROSET OFF
[16:21:39] : PROGRAM END
 
[16:21:56] : PROGRAM START
[16:21:58] : AUTO RUNNING OFF
[16:21:58] : REQUEST MEAS. OFF
[16:21:58] : REQUEST ZEROSET OFF
[16:21:58] : REQUEST ZEROSET OFF
[16:25:19] : MEAS ESC ON
[16:25:19] : MEAS ESC OFF
[16:25:19] : AUTO RUNNING ON
[16:25:54] : AUTO RUNNING OFF
[16:25:57] : MEAS ESC ON
[16:26:01] : MEAS ESC OFF
[16:27:06] : MEAS ESC ON
[16:27:54] : MEAS ESC OFF
[16:27:54] : AUTO RUNNING ON
[16:28:37] : Cycle start ON
[16:28:39] : Cycle start OFF
[16:29:08] : REQUEST MEAS. ON
[16:29:17] : REQUEST MEAS. OFF
[16:29:19] : 측정요구 ON 2
[16:29:28] : 측정요구 2OFF
[16:29:31] : 측정요구3 ON
[16:29:40] : 측정요구3 OFF
[16:29:41] : 측정요구4 ON
[16:29:50] : 측정요구4 OFF
[16:29:50] : 12,20181122-162951,CF18112052381,,OK,MAX,2, ,0.50,7.00,3.79,OK,0.50,7.00,4.00,OK,0.50,7.00,2.05,OK,0.50,7.00,2.04,OK,
[16:31:19] : Cycle start ON
[16:31:21] : Cycle start OFF
[16:31:50] : REQUEST MEAS. ON
[16:31:59] : REQUEST MEAS. OFF
[16:32:01] : 측정요구 ON 2
[16:32:10] : 측정요구 2OFF
[16:32:13] : 측정요구3 ON
[16:32:22] : 측정요구3 OFF
[16:32:23] : 측정요구4 ON
[16:32:32] : 측정요구4 OFF
[16:32:32] : 12,20181122-163233,CF18112052401,,OK,MAX,2, ,0.50,7.00,4.12,OK,0.50,7.00,4.24,OK,0.50,7.00,1.57,OK,0.50,7.00,1.99,OK,
[16:34:18] : Cycle start ON
[16:34:21] : Cycle start OFF
[16:34:45] : REQUEST MEAS. ON
[16:34:54] : REQUEST MEAS. OFF
[16:34:55] : 측정요구 ON 2
[16:35:04] : 측정요구 2OFF
[16:35:08] : 측정요구3 ON
[16:35:17] : 측정요구3 OFF
[16:35:18] : 측정요구4 ON
[16:35:27] : 측정요구4 OFF
[16:35:27] : 12,20181122-163528,CF18112052421,,OK,MAX,2, ,0.50,7.00,3.55,OK,0.50,7.00,4.04,OK,0.50,7.00,2.09,OK,0.50,7.00,2.67,OK,
[16:35:46] : Cycle start ON
[16:35:48] : Cycle start OFF
[16:36:15] : REQUEST MEAS. ON
[16:36:24] : REQUEST MEAS. OFF
[16:36:26] : 측정요구 ON 2
[16:36:35] : 측정요구 2OFF
[16:36:38] : 측정요구3 ON
[16:36:47] : 측정요구3 OFF
[16:36:48] : 측정요구4 ON
[16:36:57] : 측정요구4 OFF
[16:36:57] : 12,20181122-163658,CF18112052441,,OK,MAX,2, ,0.50,7.00,4.52,OK,0.50,7.00,4.29,OK,0.50,7.00,2.37,OK,0.50,7.00,2.10,OK,
[16:37:18] : Cycle start ON
[16:37:20] : Cycle start OFF
[16:37:46] : REQUEST MEAS. ON
[16:37:54] : REQUEST MEAS. OFF
[16:37:56] : 측정요구 ON 2
[16:38:05] : 측정요구 2OFF
[16:38:08] : 측정요구3 ON
[16:38:17] : 측정요구3 OFF
[16:38:19] : 측정요구4 ON
[16:38:28] : 측정요구4 OFF
[16:38:28] : 12,20181122-163828,CF18112052461,,OK,MAX,2, ,0.50,7.00,2.99,OK,0.50,7.00,3.33,OK,0.50,7.00,1.70,OK,0.50,7.00,1.81,OK,
[16:38:32] : AUTO RUNNING OFF
[16:38:42] : PROGRAM END
 
[16:39:08] : PROGRAM START
[16:39:10] : AUTO RUNNING OFF
[16:39:10] : REQUEST MEAS. OFF
[16:39:10] : REQUEST ZEROSET OFF
[16:39:10] : REQUEST ZEROSET OFF
[16:39:16] : MEAS ESC ON
[16:39:17] : MEAS ESC OFF
[16:39:17] : AUTO RUNNING ON
[16:39:59] : Cycle start ON
[16:40:01] : Cycle start OFF
[16:40:30] : REQUEST MEAS. ON
[16:40:39] : REQUEST MEAS. OFF
[16:40:41] : 측정요구 ON 2
[16:40:50] : 측정요구 2OFF
[16:40:53] : 측정요구3 ON
[16:41:02] : 측정요구3 OFF
[16:41:04] : 측정요구4 ON
[16:41:13] : 측정요구4 OFF
[16:41:13] : 12,20181122-164113,CJ18082050061,,OK,MAX,2, ,0.50,7.00,4.80,OK,0.50,7.00,3.77,OK,0.50,7.00,2.60,OK,0.50,7.00,2.34,OK,
[16:41:29] : Cycle start ON
[16:41:32] : Cycle start OFF
[16:42:01] : REQUEST MEAS. ON
[16:42:09] : REQUEST MEAS. OFF
[16:42:11] : 측정요구 ON 2
[16:42:20] : 측정요구 2OFF
[16:42:23] : 측정요구3 ON
[16:42:32] : 측정요구3 OFF
[16:42:34] : 측정요구4 ON
[16:42:43] : 측정요구4 OFF
[16:42:43] : 12,20181122-164243,CF18112052801,,OK,MAX,2, ,0.50,7.00,2.63,OK,0.50,7.00,4.00,OK,0.50,7.00,1.84,OK,0.50,7.00,4.31,OK,
[16:42:58] : Cycle start ON
[16:43:00] : Cycle start OFF
[16:43:30] : REQUEST MEAS. ON
[16:43:39] : REQUEST MEAS. OFF
[16:43:41] : 측정요구 ON 2
[16:43:50] : 측정요구 2OFF
[16:43:53] : 측정요구3 ON
[16:44:02] : 측정요구3 OFF
[16:44:04] : 측정요구4 ON
[16:44:13] : 측정요구4 OFF
[16:44:13] : 12,20181122-164413,CF18112052031,,OK,MAX,2, ,0.50,7.00,2.81,OK,0.50,7.00,4.24,OK,0.50,7.00,2.08,OK,0.50,7.00,1.51,OK,
[16:44:33] : Cycle start ON
[16:44:35] : Cycle start OFF
[16:45:01] : REQUEST MEAS. ON
[16:45:09] : REQUEST MEAS. OFF
[16:45:11] : 측정요구 ON 2
[16:45:20] : 측정요구 2OFF
[16:45:24] : 측정요구3 ON
[16:45:33] : 측정요구3 OFF
[16:45:34] : 측정요구4 ON
[16:45:43] : 측정요구4 OFF
[16:45:43] : 12,20181122-164544,CF18112053531,,OK,MAX,2, ,0.50,7.00,2.83,OK,0.50,7.00,4.74,OK,0.50,7.00,2.06,OK,0.50,7.00,1.69,OK,
[16:46:06] : Cycle start ON
[16:46:08] : Cycle start OFF
[16:46:31] : REQUEST MEAS. ON
[16:46:40] : REQUEST MEAS. OFF
[16:46:42] : 측정요구 ON 2
[16:46:51] : 측정요구 2OFF
[16:46:54] : 측정요구3 ON
[16:47:03] : 측정요구3 OFF
[16:47:04] : 측정요구4 ON
[16:47:13] : 측정요구4 OFF
[16:47:13] : 12,20181122-164714,CF18112053301,,OK,MAX,2, ,0.50,7.00,3.12,OK,0.50,7.00,3.50,OK,0.50,7.00,1.91,OK,0.50,7.00,1.51,OK,
[16:47:34] : Cycle start ON
[16:47:36] : Cycle start OFF
[16:48:01] : REQUEST MEAS. ON
[16:48:10] : REQUEST MEAS. OFF
[16:48:12] : 측정요구 ON 2
[16:48:21] : 측정요구 2OFF
[16:48:24] : 측정요구3 ON
[16:48:33] : 측정요구3 OFF
[16:48:34] : 측정요구4 ON
[16:48:43] : 측정요구4 OFF
[16:48:43] : 12,20181122-164844,CF18112053731,,OK,MAX,2, ,0.50,7.00,3.95,OK,0.50,7.00,3.41,OK,0.50,7.00,1.69,OK,0.50,7.00,2.16,OK,
[16:49:05] : Cycle start ON
[16:49:07] : Cycle start OFF
[16:49:31] : REQUEST MEAS. ON
[16:49:40] : REQUEST MEAS. OFF
[16:49:42] : 측정요구 ON 2
[16:49:51] : 측정요구 2OFF
[16:49:54] : 측정요구3 ON
[16:50:03] : 측정요구3 OFF
[16:50:05] : 측정요구4 ON
[16:50:14] : 측정요구4 OFF
[16:50:14] : 12,20181122-165014,CF18112053341,,OK,MAX,2, ,0.50,7.00,4.53,OK,0.50,7.00,3.74,OK,0.50,7.00,1.52,OK,0.50,7.00,1.78,OK,
[16:50:29] : Cycle start ON
[16:50:32] : Cycle start OFF
[16:51:02] : REQUEST MEAS. ON
[16:51:10] : REQUEST MEAS. OFF
[16:51:12] : 측정요구 ON 2
[16:51:21] : 측정요구 2OFF
[16:51:24] : 측정요구3 ON
[16:51:33] : 측정요구3 OFF
[16:51:35] : 측정요구4 ON
[16:51:44] : 측정요구4 OFF
[16:51:44] : 12,20181122-165144,CF18112053041,,OK,MAX,2, ,0.50,7.00,3.46,OK,0.50,7.00,4.46,OK,0.50,7.00,1.98,OK,0.50,7.00,2.02,OK,
[16:53:46] : Cycle start ON
[16:53:49] : Cycle start OFF
[16:54:17] : REQUEST MEAS. ON
[16:54:26] : REQUEST MEAS. OFF
[16:54:28] : 측정요구 ON 2
[16:54:37] : 측정요구 2OFF
[16:54:40] : 측정요구3 ON
[16:54:49] : 측정요구3 OFF
[16:54:50] : 측정요구4 ON
[16:54:59] : 측정요구4 OFF
[16:54:59] : 12,20181122-165500,CF18112052211,,OK,MAX,2, ,0.50,7.00,2.97,OK,0.50,7.00,3.73,OK,0.50,7.00,1.41,OK,0.50,7.00,1.36,OK,
[16:55:17] : Cycle start ON
[16:55:20] : Cycle start OFF
[16:55:47] : REQUEST MEAS. ON
[16:55:56] : REQUEST MEAS. OFF
[16:55:58] : 측정요구 ON 2
[16:56:07] : 측정요구 2OFF
[16:56:10] : 측정요구3 ON
[16:56:19] : 측정요구3 OFF
[16:56:21] : 측정요구4 ON
[16:56:30] : 측정요구4 OFF
[16:56:30] : 12,20181122-165630,CF18112052231,,OK,MAX,2, ,0.50,7.00,3.28,OK,0.50,7.00,3.84,OK,0.50,7.00,1.78,OK,0.50,7.00,2.45,OK,
[16:56:48] : Cycle start ON
[16:56:51] : Cycle start OFF
[16:57:17] : REQUEST MEAS. ON
[16:57:26] : REQUEST MEAS. OFF
[16:57:28] : 측정요구 ON 2
[16:57:37] : 측정요구 2OFF
[16:57:40] : 측정요구3 ON
[16:57:49] : 측정요구3 OFF
[16:57:51] : 측정요구4 ON
[16:58:00] : 측정요구4 OFF
[16:58:00] : 12,20181122-165800,CF18112052841,,OK,MAX,2, ,0.50,7.00,3.63,OK,0.50,7.00,3.49,OK,0.50,7.00,2.31,OK,0.50,7.00,1.81,OK,
[16:58:20] : Cycle start ON
[16:58:22] : Cycle start OFF
[16:58:48] : REQUEST MEAS. ON
[16:58:57] : REQUEST MEAS. OFF
[16:58:58] : 측정요구 ON 2
[16:59:07] : 측정요구 2OFF
[16:59:10] : 측정요구3 ON
[16:59:19] : 측정요구3 OFF
[16:59:21] : 측정요구4 ON
[16:59:30] : 측정요구4 OFF
[16:59:30] : 12,20181122-165930,CF18112052191,,OK,MAX,2, ,0.50,7.00,3.17,OK,0.50,7.00,3.90,OK,0.50,7.00,2.09,OK,0.50,7.00,1.96,OK,
[16:59:52] : Cycle start ON
[16:59:54] : Cycle start OFF
[17:00:17] : REQUEST MEAS. ON
[17:00:26] : REQUEST MEAS. OFF
[17:00:28] : 측정요구 ON 2
[17:00:37] : 측정요구 2OFF
[17:00:41] : 측정요구3 ON
[17:00:50] : 측정요구3 OFF
[17:00:51] : 측정요구4 ON
[17:01:00] : 측정요구4 OFF
[17:01:00] : 12,20181122-170101,CF18112053021,,OK,MAX,2, ,0.50,7.00,2.35,OK,0.50,7.00,2.60,OK,0.50,7.00,1.80,OK,0.50,7.00,1.83,OK,
[17:01:16] : Cycle start ON
[17:01:17] : Cycle start OFF
[17:01:17] : Cycle start ON
[17:01:18] : Cycle start OFF
[17:01:48] : REQUEST MEAS. ON
[17:01:57] : REQUEST MEAS. OFF
[17:01:59] : 측정요구 ON 2
[17:02:08] : 측정요구 2OFF
[17:02:11] : 측정요구3 ON
[17:02:20] : 측정요구3 OFF
[17:02:21] : 측정요구4 ON
[17:02:30] : 측정요구4 OFF
[17:02:30] : 12,20181122-170231,CF18112053371,CF 18082611771,OK,MAX,2, ,0.50,7.00,6.11,OK,0.50,7.00,6.02,OK,0.50,7.00,1.71,OK,0.50,7.00,2.50,OK,
[17:58:25] : AUTO RUNNING OFF
[17:58:34] : PROGRAM END
 
[17:59:27] : PROGRAM START
[17:59:29] : AUTO RUNNING OFF
[17:59:29] : REQUEST MEAS. OFF
[17:59:29] : REQUEST ZEROSET OFF
[17:59:29] : REQUEST ZEROSET OFF
[17:59:50] : MEAS ESC ON
[18:32:05] : MEAS ESC OFF
[18:32:05] : AUTO RUNNING ON
[18:41:36] : Cycle start ON
[18:41:38] : Cycle start OFF
[18:42:06] : MEAS ESC ON
[18:42:06] : AUTO RUNNING OFF
[18:44:12] : MEAS ESC OFF
[18:44:12] : AUTO RUNNING ON
[18:44:13] : REQUEST MEAS. ON
[18:44:22] : REQUEST MEAS. OFF
[18:44:24] : 측정요구 ON 2
[18:44:33] : 측정요구 2OFF
[18:44:36] : 측정요구3 ON
[18:44:45] : 측정요구3 OFF
[18:44:47] : 측정요구4 ON
[18:44:56] : 측정요구4 OFF
[18:44:56] : 12,20181122-184456,CF18112053351,,OK,MAX,2, ,0.50,7.00,2.20,OK,0.50,7.00,3.77,OK,0.50,7.00,1.66,OK,0.50,7.00,1.56,OK,
[19:03:34] : Cycle start ON
[19:03:37] : Cycle start OFF
[19:04:05] : MEAS ESC ON
[19:04:05] : AUTO RUNNING OFF
[19:14:22] : MEAS ESC OFF
[19:14:22] : AUTO RUNNING ON
[19:14:23] : REQUEST MEAS. ON
[19:14:32] : REQUEST MEAS. OFF
[19:14:34] : 측정요구 ON 2
[19:14:43] : 측정요구 2OFF
[19:14:46] : 측정요구3 ON
[19:14:55] : 측정요구3 OFF
[19:14:57] : 측정요구4 ON
[19:15:06] : 측정요구4 OFF
[19:15:06] : 12,20181122-191506,CF18112052501,,OK,MAX,2, ,0.50,7.00,3.06,OK,0.50,7.00,4.34,OK,0.50,7.00,2.34,OK,0.50,7.00,3.63,OK,
[19:15:21] : Cycle start ON
[19:15:23] : Cycle start OFF
[19:15:53] : REQUEST MEAS. ON
[19:16:02] : REQUEST MEAS. OFF
[19:16:04] : 측정요구 ON 2
[19:16:13] : 측정요구 2OFF
[19:16:17] : 측정요구3 ON
[19:16:26] : 측정요구3 OFF
[19:16:27] : 측정요구4 ON
[19:16:36] : 측정요구4 OFF
[19:16:36] : 12,20181122-191637,CF18112051701,,OK,MAX,2, ,0.50,7.00,2.54,OK,0.50,7.00,1.79,OK,0.50,7.00,2.25,OK,0.50,7.00,1.61,OK,
[19:16:52] : Cycle start ON
[19:16:55] : Cycle start OFF
[19:17:24] : REQUEST MEAS. ON
[19:17:33] : REQUEST MEAS. OFF
[19:17:35] : 측정요구 ON 2
[19:17:44] : 측정요구 2OFF
[19:17:47] : 측정요구3 ON
[19:17:56] : 측정요구3 OFF
[19:17:57] : 측정요구4 ON
[19:18:06] : 측정요구4 OFF
[19:18:06] : 12,20181122-191807,CF18112052061,,OK,MAX,2, ,0.50,7.00,2.62,OK,0.50,7.00,4.36,OK,0.50,7.00,1.66,OK,0.50,7.00,2.12,OK,
[19:47:09] : Cycle start ON
[19:47:12] : Cycle start OFF
[19:47:31] : REQUEST MEAS. ON
[19:47:40] : REQUEST MEAS. OFF
[19:47:41] : 측정요구 ON 2
[19:47:50] : 측정요구 2OFF
[19:47:54] : 측정요구3 ON
[19:48:03] : 측정요구3 OFF
[19:48:04] : 측정요구4 ON
[19:48:13] : 측정요구4 OFF
[19:48:13] : 12,20181122-194814,CF18112052511,,OK,MAX,2, ,0.50,7.00,3.40,OK,0.50,7.00,3.88,OK,0.50,7.00,1.94,OK,0.50,7.00,1.76,OK,
[19:48:44] : Cycle start ON
[19:48:46] : Cycle start OFF
[19:49:03] : REQUEST MEAS. ON
[19:49:11] : REQUEST MEAS. OFF
[19:49:13] : 측정요구 ON 2
[19:49:22] : 측정요구 2OFF
[19:49:25] : 측정요구3 ON
[19:49:34] : 측정요구3 OFF
[19:49:35] : 측정요구4 ON
[19:49:44] : 측정요구4 OFF
[19:49:44] : 12,20181122-194945,CF18112051921,,OK,MAX,2, ,0.50,7.00,3.94,OK,0.50,7.00,3.70,OK,0.50,7.00,1.87,OK,0.50,7.00,2.23,OK,
[19:50:36] : Cycle start ON
[19:50:38] : Cycle start OFF
[19:51:08] : REQUEST MEAS. ON
[19:51:17] : REQUEST MEAS. OFF
[19:51:18] : 측정요구 ON 2
[19:51:27] : 측정요구 2OFF
[19:51:31] : 측정요구3 ON
[19:51:40] : 측정요구3 OFF
[19:51:41] : 측정요구4 ON
[19:51:50] : 측정요구4 OFF
[19:51:50] : 12,20181122-195150,CF18112052011,,OK,MAX,2, ,0.50,7.00,1.80,OK,0.50,7.00,3.27,OK,0.50,7.00,3.90,OK,0.50,7.00,2.05,OK,
[19:52:12] : Cycle start ON
[19:52:14] : Cycle start OFF
[19:52:40] : REQUEST MEAS. ON
[19:52:49] : REQUEST MEAS. OFF
[19:52:50] : 측정요구 ON 2
[19:52:59] : 측정요구 2OFF
[19:53:02] : 측정요구3 ON
[19:53:11] : 측정요구3 OFF
[19:53:13] : 측정요구4 ON
[19:53:22] : 측정요구4 OFF
[19:53:22] : 12,20181122-195322,CF18112052091,,OK,MAX,2, ,0.50,7.00,2.00,OK,0.50,7.00,2.77,OK,0.50,7.00,2.19,OK,0.50,7.00,1.66,OK,
[19:53:43] : Cycle start ON
[19:53:45] : Cycle start OFF
[19:54:11] : REQUEST MEAS. ON
[19:54:20] : REQUEST MEAS. OFF
[19:54:21] : 측정요구 ON 2
[19:54:30] : 측정요구 2OFF
[19:54:34] : 측정요구3 ON
[19:54:43] : 측정요구3 OFF
[19:54:44] : 측정요구4 ON
[19:54:53] : 측정요구4 OFF
[19:54:53] : 12,20181122-195453,CF18112052221,,OK,MAX,2, ,0.50,7.00,1.61,OK,0.50,7.00,3.40,OK,0.50,7.00,1.53,OK,0.50,7.00,2.33,OK,
[19:55:09] : Cycle start ON
[19:55:11] : Cycle start OFF
[19:55:43] : REQUEST MEAS. ON
[19:55:52] : REQUEST MEAS. OFF
[19:55:53] : 측정요구 ON 2
[19:56:02] : 측정요구 2OFF
[19:56:05] : 측정요구3 ON
[19:56:14] : 측정요구3 OFF
[19:56:16] : 측정요구4 ON
[19:56:25] : 측정요구4 OFF
[19:56:25] : 12,20181122-195625,CF18112051711,,OK,MAX,2, ,0.50,7.00,3.31,OK,0.50,7.00,4.13,OK,0.50,7.00,1.66,OK,0.50,7.00,2.30,OK,
[19:56:46] : Cycle start ON
[19:56:49] : Cycle start OFF
[19:57:14] : REQUEST MEAS. ON
[19:57:23] : REQUEST MEAS. OFF
[19:57:24] : 측정요구 ON 2
[19:57:33] : 측정요구 2OFF
[19:57:36] : 측정요구3 ON
[19:57:45] : 측정요구3 OFF
[19:57:47] : 측정요구4 ON
[19:57:56] : 측정요구4 OFF
[19:57:56] : 12,20181122-195756,CF18112053831,,OK,MAX,2, ,0.50,7.00,2.56,OK,0.50,7.00,3.11,OK,0.50,7.00,2.46,OK,0.50,7.00,1.88,OK,
[19:58:18] : Cycle start ON
[19:58:20] : Cycle start OFF
[19:58:45] : REQUEST MEAS. ON
[19:58:54] : REQUEST MEAS. OFF
[19:58:56] : 측정요구 ON 2
[19:59:05] : 측정요구 2OFF
[19:59:08] : 측정요구3 ON
[19:59:17] : 측정요구3 OFF
[19:59:18] : 측정요구4 ON
[19:59:27] : 측정요구4 OFF
[19:59:27] : 12,20181122-195928,CF18112052531,,OK,MAX,2, ,0.50,7.00,2.60,OK,0.50,7.00,3.86,OK,0.50,7.00,1.47,OK,0.50,7.00,3.50,OK,
[19:59:43] : Cycle start ON
[19:59:45] : Cycle start OFF
[20:00:17] : REQUEST MEAS. ON
[20:00:26] : REQUEST MEAS. OFF
[20:00:27] : 측정요구 ON 2
[20:00:36] : 측정요구 2OFF
[20:00:39] : 측정요구3 ON
[20:00:48] : 측정요구3 OFF
[20:00:50] : 측정요구4 ON
[20:00:59] : 측정요구4 OFF
[20:00:59] : 12,20181122-200059,CF18112052601,,OK,MAX,2, ,0.50,7.00,5.65,OK,0.50,7.00,2.65,OK,0.50,7.00,2.01,OK,0.50,7.00,1.53,OK,
[20:01:24] : Cycle start ON
[20:01:27] : Cycle start OFF
[20:01:48] : REQUEST MEAS. ON
[20:01:57] : REQUEST MEAS. OFF
[20:01:58] : 측정요구 ON 2
[20:02:07] : 측정요구 2OFF
[20:02:11] : 측정요구3 ON
[20:02:20] : 측정요구3 OFF
[20:02:21] : 측정요구4 ON
[20:02:30] : 측정요구4 OFF
[20:02:30] : 12,20181122-200231,CF18112053421,,OK,MAX,2, ,0.50,7.00,2.77,OK,0.50,7.00,3.49,OK,0.50,7.00,1.74,OK,0.50,7.00,1.74,OK,
[20:02:47] : Cycle start ON
[20:02:50] : Cycle start OFF
[20:03:20] : REQUEST MEAS. ON
[20:03:29] : REQUEST MEAS. OFF
[20:03:30] : 측정요구 ON 2
[20:03:39] : 측정요구 2OFF
[20:03:42] : 측정요구3 ON
[20:03:51] : 측정요구3 OFF
[20:03:53] : 측정요구4 ON
[20:04:02] : 측정요구4 OFF
[20:04:02] : 12,20181122-200402,CF18112053901,,OK,MAX,2, ,0.50,7.00,2.01,OK,0.50,7.00,4.12,OK,0.50,7.00,2.05,OK,0.50,7.00,2.32,OK,
[20:04:17] : Cycle start ON
[20:04:19] : Cycle start OFF
[20:04:51] : REQUEST MEAS. ON
[20:05:00] : REQUEST MEAS. OFF
[20:05:01] : 측정요구 ON 2
[20:05:10] : 측정요구 2OFF
[20:05:14] : 측정요구3 ON
[20:05:23] : 측정요구3 OFF
[20:05:24] : 측정요구4 ON
[20:05:33] : 측정요구4 OFF
[20:05:33] : 12,20181122-200533,CF18112053491,,OK,MAX,2, ,0.50,7.00,3.07,OK,0.50,7.00,3.67,OK,0.50,7.00,1.44,OK,0.50,7.00,1.81,OK,
[20:05:51] : Cycle start ON
[20:05:53] : Cycle start OFF
[20:06:22] : REQUEST MEAS. ON
[20:06:31] : REQUEST MEAS. OFF
[20:06:33] : 측정요구 ON 2
[20:06:42] : 측정요구 2OFF
[20:06:45] : 측정요구3 ON
[20:06:54] : 측정요구3 OFF
[20:06:56] : 측정요구4 ON
[20:07:05] : 측정요구4 OFF
[20:07:05] : 12,20181122-200705,CF18112052551,,OK,MAX,2, ,0.50,7.00,2.07,OK,0.50,7.00,3.67,OK,0.50,7.00,1.91,OK,0.50,7.00,1.92,OK,
[20:07:23] : Cycle start ON
[20:07:25] : Cycle start OFF
[20:07:54] : REQUEST MEAS. ON
[20:08:03] : REQUEST MEAS. OFF
[20:08:04] : 측정요구 ON 2
[20:08:13] : 측정요구 2OFF
[20:08:17] : 측정요구3 ON
[20:08:26] : 측정요구3 OFF
[20:08:27] : 측정요구4 ON
[20:08:36] : 측정요구4 OFF
[20:08:36] : 12,20181122-200836,CF18112053941,,OK,MAX,2, ,0.50,7.00,2.27,OK,0.50,7.00,3.94,OK,0.50,7.00,1.74,OK,0.50,7.00,1.66,OK,
[20:08:56] : Cycle start ON
[20:08:58] : Cycle start OFF
[20:09:26] : REQUEST MEAS. ON
[20:09:35] : REQUEST MEAS. OFF
[20:09:36] : 측정요구 ON 2
[20:09:45] : 측정요구 2OFF
[20:09:48] : 측정요구3 ON
[20:09:57] : 측정요구3 OFF
[20:09:59] : 측정요구4 ON
[20:10:08] : 측정요구4 OFF
[20:10:08] : 12,20181122-201008,CF18112052571,,OK,MAX,2, ,0.50,7.00,3.37,OK,0.50,7.00,3.89,OK,0.50,7.00,1.87,OK,0.50,7.00,1.43,OK,
[20:10:27] : Cycle start ON
[20:10:29] : Cycle start OFF
[20:10:57] : REQUEST MEAS. ON
[20:11:06] : REQUEST MEAS. OFF
[20:11:07] : 측정요구 ON 2
[20:11:16] : 측정요구 2OFF
[20:11:19] : 측정요구3 ON
[20:11:28] : 측정요구3 OFF
[20:11:30] : 측정요구4 ON
[20:11:39] : 측정요구4 OFF
[20:11:39] : 12,20181122-201139,CF18112053841,,OK,MAX,2, ,0.50,7.00,2.56,OK,0.50,7.00,3.97,OK,0.50,7.00,2.74,OK,0.50,7.00,2.12,OK,
[20:11:58] : Cycle start ON
[20:12:00] : Cycle start OFF
[20:12:28] : REQUEST MEAS. ON
[20:12:37] : REQUEST MEAS. OFF
[20:12:39] : 측정요구 ON 2
[20:12:48] : 측정요구 2OFF
[20:12:51] : 측정요구3 ON
[20:13:00] : 측정요구3 OFF
[20:13:02] : 측정요구4 ON
[20:13:11] : 측정요구4 OFF
[20:13:11] : 12,20181122-201311,CF18112053891,,OK,MAX,2, ,0.50,7.00,4.07,OK,0.50,7.00,5.08,OK,0.50,7.00,1.87,OK,0.50,7.00,1.60,OK,
[20:13:30] : Cycle start ON
[20:13:32] : Cycle start OFF
[20:14:00] : REQUEST MEAS. ON
[20:14:09] : REQUEST MEAS. OFF
[20:14:10] : 측정요구 ON 2
[20:14:19] : 측정요구 2OFF
[20:14:23] : 측정요구3 ON
[20:14:32] : 측정요구3 OFF
[20:14:33] : 측정요구4 ON
[20:14:42] : 측정요구4 OFF
[20:14:42] : 12,20181122-201442,CF18112053161,,OK,MAX,2, ,0.50,7.00,3.49,OK,0.50,7.00,4.03,OK,0.50,7.00,1.64,OK,0.50,7.00,1.68,OK,
[20:15:04] : Cycle start ON
[20:15:07] : Cycle start OFF
[20:15:32] : REQUEST MEAS. ON
[20:15:41] : REQUEST MEAS. OFF
[20:15:42] : 측정요구 ON 2
[20:15:51] : 측정요구 2OFF
[20:15:54] : 측정요구3 ON
[20:16:03] : 측정요구3 OFF
[20:16:05] : 측정요구4 ON
[20:16:14] : 측정요구4 OFF
[20:16:14] : 12,20181122-201614,CF18112053551,,OK,MAX,2, ,0.50,7.00,3.10,OK,0.50,7.00,4.34,OK,0.50,7.00,1.94,OK,0.50,7.00,1.95,OK,
[20:16:36] : Cycle start ON
[20:16:39] : Cycle start OFF
[20:17:03] : REQUEST MEAS. ON
[20:17:12] : REQUEST MEAS. OFF
[20:17:13] : 측정요구 ON 2
[20:17:22] : 측정요구 2OFF
[20:17:26] : 측정요구3 ON
[20:17:35] : 측정요구3 OFF
[20:17:36] : 측정요구4 ON
[20:17:45] : 측정요구4 OFF
[20:17:45] : 12,20181122-201745,CF18112053881,,OK,MAX,2, ,0.50,7.00,3.33,OK,0.50,7.00,5.46,OK,0.50,7.00,1.57,OK,0.50,7.00,1.84,OK,
[20:18:01] : Cycle start ON
[20:18:03] : Cycle start OFF
[20:18:35] : REQUEST MEAS. ON
[20:18:44] : REQUEST MEAS. OFF
[20:18:45] : 측정요구 ON 2
[20:18:54] : 측정요구 2OFF
[20:18:57] : 측정요구3 ON
[20:19:06] : 측정요구3 OFF
[20:19:08] : 측정요구4 ON
[20:19:17] : 측정요구4 OFF
[20:19:17] : 12,20181122-201917,CF18112053851,,OK,MAX,2, ,0.50,7.00,2.01,OK,0.50,7.00,3.16,OK,0.50,7.00,1.62,OK,0.50,7.00,2.02,OK,
[20:19:35] : Cycle start ON
[20:19:37] : Cycle start OFF
[20:20:06] : REQUEST MEAS. ON
[20:20:15] : REQUEST MEAS. OFF
[20:20:16] : 측정요구 ON 2
[20:20:25] : 측정요구 2OFF
[20:20:29] : 측정요구3 ON
[20:20:38] : 측정요구3 OFF
[20:20:39] : 측정요구4 ON
[20:20:48] : 측정요구4 OFF
[20:20:48] : 12,20181122-202048,CF18112053601,,OK,MAX,2, ,0.50,7.00,3.81,OK,0.50,7.00,5.54,OK,0.50,7.00,1.88,OK,0.50,7.00,3.24,OK,
[20:21:19] : Cycle start ON
[20:21:21] : Cycle start OFF
[20:21:51] : REQUEST MEAS. ON
[20:22:00] : REQUEST MEAS. OFF
[20:22:02] : 측정요구 ON 2
[20:22:11] : 측정요구 2OFF
[20:22:15] : 측정요구3 ON
[20:22:24] : 측정요구3 OFF
[20:22:25] : 측정요구4 ON
[20:22:34] : 측정요구4 OFF
[20:22:34] : 12,20181122-202234,CF18112052521,,OK,MAX,2, ,0.50,7.00,3.33,OK,0.50,7.00,2.74,OK,0.50,7.00,1.44,OK,0.50,7.00,2.49,OK,
[20:23:20] : Cycle start ON
[20:23:22] : Cycle start OFF
[20:23:51] : REQUEST MEAS. ON
[20:23:59] : REQUEST MEAS. OFF
[20:24:00] : 측정요구 ON 2
[20:24:09] : 측정요구 2OFF
[20:24:13] : 측정요구3 ON
[20:24:22] : 측정요구3 OFF
[20:24:23] : 측정요구4 ON
[20:24:32] : 측정요구4 OFF
[20:24:32] : 12,20181122-202433,CF18112052761,,OK,MAX,2, ,0.50,7.00,2.86,OK,0.50,7.00,4.11,OK,0.50,7.00,1.71,OK,0.50,7.00,2.17,OK,
[20:24:53] : Cycle start ON
[20:24:55] : Cycle start OFF
[20:25:22] : REQUEST MEAS. ON
[20:25:31] : REQUEST MEAS. OFF
[20:25:32] : 측정요구 ON 2
[20:25:41] : 측정요구 2OFF
[20:25:44] : 측정요구3 ON
[20:25:53] : 측정요구3 OFF
[20:25:55] : 측정요구4 ON
[20:26:04] : 측정요구4 OFF
[20:26:04] : 12,20181122-202604,CF18112053621,,OK,MAX,2, ,0.50,7.00,3.18,OK,0.50,7.00,4.03,OK,0.50,7.00,1.71,OK,0.50,7.00,2.90,OK,
[20:26:25] : Cycle start ON
[20:26:27] : Cycle start OFF
[20:26:53] : REQUEST MEAS. ON
[20:27:02] : REQUEST MEAS. OFF
[20:27:03] : 측정요구 ON 2
[20:27:12] : 측정요구 2OFF
[20:27:16] : 측정요구3 ON
[20:27:25] : 측정요구3 OFF
[20:27:26] : 측정요구4 ON
[20:27:35] : 측정요구4 OFF
[20:27:35] : 12,20181122-202736,CF18112052711,,OK,MAX,2, ,0.50,7.00,2.44,OK,0.50,7.00,3.67,OK,0.50,7.00,1.85,OK,0.50,7.00,2.07,OK,
[20:27:55] : Cycle start ON
[20:27:57] : Cycle start OFF
[20:28:10] : AUTO RUNNING OFF
[20:29:00] : MEAS ESC ON
[20:29:07] : MEAS ESC OFF
[20:32:48] : MEAS ESC ON
[20:32:48] : MEAS ESC OFF
[20:32:48] : AUTO RUNNING ON
[20:33:03] : REQUEST MEAS. ON
[20:33:12] : REQUEST MEAS. OFF
[20:33:13] : 측정요구 ON 2
[20:33:22] : 측정요구 2OFF
[20:33:25] : 측정요구3 ON
[20:33:34] : 측정요구3 OFF
[20:33:36] : 측정요구4 ON
[20:33:45] : 측정요구4 OFF
[20:33:45] : 12,20181122-203345,CF18112052041,,OK,MAX,2, ,0.50,7.00,2.41,OK,0.50,7.00,3.74,OK,0.50,7.00,2.45,OK,0.50,7.00,2.04,OK,
[20:34:00] : Cycle start ON
[20:34:03] : Cycle start OFF
[20:34:34] : REQUEST MEAS. ON
[20:34:43] : REQUEST MEAS. OFF
[20:34:44] : 측정요구 ON 2
[20:34:53] : 측정요구 2OFF
[20:34:57] : 측정요구3 ON
[20:35:06] : 측정요구3 OFF
[20:35:07] : 측정요구4 ON
[20:35:16] : 측정요구4 OFF
[20:35:16] : 12,20181122-203516,CF18112052171,,OK,MAX,2, ,0.50,7.00,2.38,OK,0.50,7.00,3.42,OK,0.50,7.00,1.97,OK,0.50,7.00,2.60,OK,
[20:35:33] : Cycle start ON
[20:35:36] : Cycle start OFF
[20:36:05] : REQUEST MEAS. ON
[20:36:14] : REQUEST MEAS. OFF
[20:36:16] : 측정요구 ON 2
[20:36:25] : 측정요구 2OFF
[20:36:28] : 측정요구3 ON
[20:36:37] : 측정요구3 OFF
[20:36:39] : 측정요구4 ON
[20:36:48] : 측정요구4 OFF
[20:36:48] : 12,20181122-203648,CF18112052871,,OK,MAX,2, ,0.50,7.00,3.17,OK,0.50,7.00,5.90,OK,0.50,7.00,4.15,OK,0.50,7.00,2.16,OK,
[20:37:05] : Cycle start ON
[20:37:08] : Cycle start OFF
[20:37:37] : REQUEST MEAS. ON
[20:37:46] : REQUEST MEAS. OFF
[20:37:47] : 측정요구 ON 2
[20:37:56] : 측정요구 2OFF
[20:38:00] : 측정요구3 ON
[20:38:09] : 측정요구3 OFF
[20:38:10] : 측정요구4 ON
[20:38:19] : 측정요구4 OFF
[20:38:19] : 12,20181122-203819,CF18112052151,,OK,MAX,2, ,0.50,7.00,4.00,OK,0.50,7.00,4.37,OK,0.50,7.00,1.86,OK,0.50,7.00,1.68,OK,
[20:38:37] : Cycle start ON
[20:38:39] : Cycle start OFF
[20:39:08] : REQUEST MEAS. ON
[20:39:17] : REQUEST MEAS. OFF
[20:39:19] : 측정요구 ON 2
[20:39:28] : 측정요구 2OFF
[20:39:31] : 측정요구3 ON
[20:39:40] : 측정요구3 OFF
[20:39:42] : 측정요구4 ON
[20:39:51] : 측정요구4 OFF
[20:39:51] : 12,20181122-203951,CF18112053721,,OK,MAX,2, ,0.50,7.00,3.17,OK,0.50,7.00,4.85,OK,0.50,7.00,1.99,OK,0.50,7.00,1.98,OK,
[20:40:09] : Cycle start ON
[20:40:11] : Cycle start OFF
[20:40:40] : REQUEST MEAS. ON
[20:40:49] : REQUEST MEAS. OFF
[20:40:50] : 측정요구 ON 2
[20:40:59] : 측정요구 2OFF
[20:41:02] : 측정요구3 ON
[20:41:11] : 측정요구3 OFF
[20:41:13] : 측정요구4 ON
[20:41:22] : 측정요구4 OFF
[20:41:22] : 12,20181122-204122,CF18112053111,,OK,MAX,2, ,0.50,7.00,3.52,OK,0.50,7.00,3.61,OK,0.50,7.00,1.66,OK,0.50,7.00,3.61,OK,
[20:41:39] : Cycle start ON
[20:41:42] : Cycle start OFF
[20:42:11] : REQUEST MEAS. ON
[20:42:20] : REQUEST MEAS. OFF
[20:42:22] : 측정요구 ON 2
[20:42:31] : 측정요구 2OFF
[20:42:34] : 측정요구3 ON
[20:42:43] : 측정요구3 OFF
[20:42:44] : 측정요구4 ON
[20:42:53] : 측정요구4 OFF
[20:42:53] : 12,20181122-204254,CF18112053861,,OK,MAX,2, ,0.50,7.00,3.21,OK,0.50,7.00,5.48,OK,0.50,7.00,3.61,OK,0.50,7.00,1.81,OK,
[20:43:12] : Cycle start ON
[20:43:14] : Cycle start OFF
[20:43:43] : REQUEST MEAS. ON
[20:43:52] : REQUEST MEAS. OFF
[20:43:53] : 측정요구 ON 2
[20:44:02] : 측정요구 2OFF
[20:44:05] : 측정요구3 ON
[20:44:14] : 측정요구3 OFF
[20:44:16] : 측정요구4 ON
[20:44:25] : 측정요구4 OFF
[20:44:25] : 12,20181122-204425,CJ18091851081,,OK,MAX,2, ,0.50,7.00,3.42,OK,0.50,7.00,3.99,OK,0.50,7.00,3.94,OK,0.50,7.00,3.38,OK,
[20:44:43] : Cycle start ON
[20:44:46] : Cycle start OFF
[20:45:14] : REQUEST MEAS. ON
[20:45:23] : REQUEST MEAS. OFF
[20:45:25] : 측정요구 ON 2
[20:45:34] : 측정요구 2OFF
[20:45:37] : 측정요구3 ON
[20:45:46] : 측정요구3 OFF
[20:45:47] : 측정요구4 ON
[20:45:56] : 측정요구4 OFF
[20:45:56] : 12,20181122-204557,CF18112052791,,OK,MAX,2, ,0.50,7.00,2.51,OK,0.50,7.00,4.66,OK,0.50,7.00,1.51,OK,0.50,7.00,1.90,OK,
[20:46:16] : Cycle start ON
[20:46:18] : Cycle start OFF
[20:46:46] : REQUEST MEAS. ON
[20:46:55] : REQUEST MEAS. OFF
[20:46:56] : 측정요구 ON 2
[20:47:05] : 측정요구 2OFF
[20:47:08] : 측정요구3 ON
[20:47:17] : 측정요구3 OFF
[20:47:19] : 측정요구4 ON
[20:47:28] : 측정요구4 OFF
[20:47:28] : 12,20181122-204728,CF18112052921,,OK,MAX,2, ,0.50,7.00,2.87,OK,0.50,7.00,3.91,OK,0.50,7.00,1.85,OK,0.50,7.00,1.67,OK,
[20:48:33] : AUTO RUNNING OFF
 
