 
[13:19:27] : MEAS ESC ON
[13:19:28] : MEAS ESC OFF
[13:19:28] : AUTO RUNNING ON
[13:20:38] : AUTO RUNNING OFF
[13:24:35] : MEAS ESC ON
[13:24:36] : MEAS ESC OFF
[13:24:36] : AUTO RUNNING ON
[14:50:57] : Plc Error Timer
[14:50:57] : MEAS ESC ON
[14:50:57] : AUTO RUNNING OFF
[14:51:04] : MEAS ESC OFF
[14:51:07] : MEAS ESC ON
[17:33:27] : MEAS ESC OFF
[17:33:34] : MEAS ESC ON
[17:33:38] : MEAS ESC OFF
[17:33:38] : AUTO RUNNING ON
[17:34:19] : Cycle start ON
[17:34:21] : Cycle start OFF
[17:34:28] : REQUEST MEAS. ON
[17:34:37] : REQUEST MEAS. OFF
[17:34:37] : end pos sig1 : 50.000000, 50.000000
[17:34:37] : 측정요구 ON 2
[17:34:46] : 측정요구 2OFF
[17:34:46] : end pos sig2 : -50.000000, -50.000000
[17:34:50] : 측정요구3 ON
[17:34:59] : 측정요구3 OFF
[17:34:59] : end pos sig3 : 50.000000, 50.000000
[17:34:59] : 측정요구4 ON
[17:35:08] : 측정요구4 OFF
[17:35:08] : end pos sig4 : -50.000000, -50.000000
[17:35:08] : 12,20181224-173509,AL18121450386,,OK,MAX,2, ,AUTO,0.10,8.00,1.28,OK,0.10,8.00,0.72,OK,0.10,8.00,1.32,OK,0.10,8.00,0.58,OK,
[17:35:29] : Cycle start ON
[17:35:31] : Cycle start OFF
[17:35:38] : REQUEST MEAS. ON
[17:35:47] : REQUEST MEAS. OFF
[17:35:47] : end pos sig1 : 50.000000, 50.000000
[17:35:47] : 측정요구 ON 2
[17:35:57] : 측정요구 2OFF
[17:35:57] : end pos sig2 : -50.000000, -50.000000
[17:36:01] : 측정요구3 ON
[17:36:10] : 측정요구3 OFF
[17:36:10] : end pos sig3 : 50.000000, 50.000000
[17:36:10] : 측정요구4 ON
[17:36:19] : 측정요구4 OFF
[17:36:19] : end pos sig4 : -50.000000, -50.000000
[17:36:19] : 12,20181224-173620,AL18121450366,,OK,MAX,2, ,AUTO,0.10,8.00,1.43,OK,0.10,8.00,1.12,OK,0.10,8.00,1.41,OK,0.10,8.00,1.62,OK,
[17:36:37] : Cycle start ON
[17:36:39] : Cycle start OFF
[17:36:46] : REQUEST MEAS. ON
[17:36:55] : REQUEST MEAS. OFF
[17:36:55] : end pos sig1 : 50.000000, 50.000000
[17:36:55] : 측정요구 ON 2
[17:37:05] : 측정요구 2OFF
[17:37:05] : end pos sig2 : -50.000000, -50.000000
[17:37:08] : 측정요구3 ON
[17:37:17] : 측정요구3 OFF
[17:37:17] : end pos sig3 : 50.000000, 50.000000
[17:37:17] : 측정요구4 ON
[17:37:27] : 측정요구4 OFF
[17:37:27] : end pos sig4 : -50.000000, -50.000000
[17:37:27] : 12,20181224-173728,AL18121450546,,OK,MAX,2, ,AUTO,0.10,8.00,1.81,OK,0.10,8.00,1.40,OK,0.10,8.00,0.82,OK,0.10,8.00,1.68,OK,
[17:37:46] : Cycle start ON
[17:37:47] : Cycle start OFF
[17:37:55] : REQUEST MEAS. ON
[17:38:04] : REQUEST MEAS. OFF
[17:38:04] : end pos sig1 : 50.000000, 50.000000
[17:38:04] : 측정요구 ON 2
[17:38:14] : 측정요구 2OFF
[17:38:14] : end pos sig2 : -50.000000, -50.000000
[17:38:17] : 측정요구3 ON
[17:38:26] : 측정요구3 OFF
[17:38:26] : end pos sig3 : 50.000000, 50.000000
[17:38:26] : 측정요구4 ON
[17:38:36] : 측정요구4 OFF
[17:38:36] : end pos sig4 : -50.000000, -50.000000
[17:38:36] : 12,20181224-173837,AL18121450436,,OK,MAX,2, ,AUTO,0.10,8.00,1.40,OK,0.10,8.00,1.05,OK,0.10,8.00,0.98,OK,0.10,8.00,1.27,OK,
[18:33:49] : AUTO RUNNING OFF
 
