[11:42:36] : PROGRAM END
 
[14:01:22] : PROGRAM START
[14:01:36] : Plc Error Timer
[14:01:47] : Plc Error Timer
[14:03:58] : PROGRAM END
 
[14:15:11] : PROGRAM START
[14:15:25] : Plc Error Timer
[14:15:30] : PROGRAM END
 
[14:18:50] : PROGRAM START
[14:18:59] : Plc Error Timer
[14:19:20] : PROGRAM END
 
[14:46:35] : PROGRAM START
[14:46:44] : Plc Error Timer
[14:46:56] : PROGRAM END
 
[15:12:51] : PROGRAM START
[15:12:56] : AUTO RUNNING OFF
[15:12:56] : REQUEST MEAS. OFF
[15:12:56] : REQUEST ZEROSET OFF
[15:12:56] : REQUEST ZEROSET OFF
[15:14:16] : PROGRAM END
 
[15:14:47] : PROGRAM START
[15:14:51] : AUTO RUNNING OFF
[15:14:51] : REQUEST MEAS. OFF
[15:14:51] : REQUEST ZEROSET OFF
[15:14:51] : REQUEST ZEROSET OFF
[15:29:04] : PROGRAM END
 
[15:36:06] : PROGRAM START
[15:36:09] : AUTO RUNNING OFF
[15:36:09] : REQUEST MEAS. OFF
[15:36:09] : REQUEST ZEROSET OFF
[15:36:09] : REQUEST ZEROSET OFF
[15:50:37] : Cycle start ON
[15:50:38] : Cycle start OFF
[15:55:15] : REQUEST MEAS. ON
[15:55:23] : REQUEST MEAS. OFF
[15:55:23] : 측정요구 ON 2
[15:55:33] : 측정요구 2OFF
[15:55:38] : 측정요구3 ON
[15:55:47] : 측정요구3 OFF
[15:55:47] : 측정요구4 ON
[15:55:56] : 측정요구4 OFF
[16:07:31] : Cycle start ON
[16:07:31] : Cycle start OFF
[16:07:35] : REQUEST MEAS. ON
[16:07:44] : REQUEST MEAS. OFF
[16:07:45] : 측정요구 ON 2
[16:07:54] : 측정요구 2OFF
[16:07:58] : 측정요구3 ON
[16:08:07] : 측정요구3 OFF
[16:08:08] : 측정요구4 ON
[16:08:17] : 측정요구4 OFF
[16:26:29] : Cycle start ON
[16:26:30] : Cycle start OFF
[16:26:34] : REQUEST MEAS. ON
[16:26:43] : REQUEST MEAS. OFF
[16:26:44] : 측정요구 ON 2
[16:26:53] : 측정요구 2OFF
[16:26:56] : 측정요구3 ON
[16:27:05] : 측정요구3 OFF
[16:27:07] : 측정요구4 ON
[16:27:16] : 측정요구4 OFF
[16:27:20] : Cycle start ON
[16:27:21] : Cycle start OFF
[16:27:25] : REQUEST MEAS. ON
[16:27:34] : REQUEST MEAS. OFF
[16:27:35] : 측정요구 ON 2
[16:27:44] : 측정요구 2OFF
[16:27:48] : 측정요구3 ON
[16:27:57] : 측정요구3 OFF
[16:27:58] : 측정요구4 ON
[16:28:07] : 측정요구4 OFF
[16:28:12] : Cycle start ON
[16:28:13] : Cycle start OFF
[16:28:17] : REQUEST MEAS. ON
[16:28:26] : REQUEST MEAS. OFF
[16:28:27] : 측정요구 ON 2
[16:28:36] : 측정요구 2OFF
[16:28:39] : 측정요구3 ON
[16:28:48] : 측정요구3 OFF
[16:28:50] : 측정요구4 ON
[16:28:59] : 측정요구4 OFF
[16:29:03] : Cycle start ON
[16:29:04] : Cycle start OFF
[16:29:08] : REQUEST MEAS. ON
[16:29:17] : REQUEST MEAS. OFF
[16:29:18] : 측정요구 ON 2
[16:29:27] : 측정요구 2OFF
[16:29:31] : 측정요구3 ON
[16:29:40] : 측정요구3 OFF
[16:29:41] : 측정요구4 ON
[16:29:50] : 측정요구4 OFF
[16:29:54] : Cycle start ON
[16:29:55] : Cycle start OFF
[16:29:59] : REQUEST MEAS. ON
[16:30:08] : REQUEST MEAS. OFF
[16:30:09] : 측정요구 ON 2
[16:30:18] : 측정요구 2OFF
[16:30:22] : 측정요구3 ON
[16:30:31] : 측정요구3 OFF
[16:30:32] : 측정요구4 ON
[16:30:41] : 측정요구4 OFF
[16:30:46] : Cycle start ON
[16:30:47] : Cycle start OFF
[16:30:51] : REQUEST MEAS. ON
[16:31:00] : REQUEST MEAS. OFF
[16:31:01] : 측정요구 ON 2
[16:31:10] : 측정요구 2OFF
[16:31:13] : 측정요구3 ON
[16:31:22] : 측정요구3 OFF
[16:31:23] : 측정요구4 ON
[16:31:32] : 측정요구4 OFF
[16:31:37] : Cycle start ON
[16:31:38] : Cycle start OFF
[16:31:42] : REQUEST MEAS. ON
[16:31:51] : REQUEST MEAS. OFF
[16:31:52] : 측정요구 ON 2
[16:32:01] : 측정요구 2OFF
[16:32:04] : 측정요구3 ON
[16:32:13] : 측정요구3 OFF
[16:32:15] : 측정요구4 ON
[16:32:24] : 측정요구4 OFF
[16:32:28] : Cycle start ON
[16:32:29] : Cycle start OFF
[16:32:33] : REQUEST MEAS. ON
[16:32:42] : REQUEST MEAS. OFF
[16:32:43] : 측정요구 ON 2
[16:32:52] : 측정요구 2OFF
[16:32:56] : 측정요구3 ON
[16:33:05] : 측정요구3 OFF
[16:33:06] : 측정요구4 ON
[16:33:15] : 측정요구4 OFF
[16:33:19] : Cycle start ON
[16:33:20] : Cycle start OFF
[16:33:24] : REQUEST MEAS. ON
[16:33:33] : REQUEST MEAS. OFF
[16:33:35] : 측정요구 ON 2
[16:33:44] : 측정요구 2OFF
[16:33:47] : 측정요구3 ON
[16:33:56] : 측정요구3 OFF
[16:33:58] : 측정요구4 ON
[16:34:07] : 측정요구4 OFF
[16:34:11] : Cycle start ON
[16:34:12] : Cycle start OFF
[16:34:16] : REQUEST MEAS. ON
[16:34:25] : REQUEST MEAS. OFF
[16:34:26] : 측정요구 ON 2
[16:34:35] : 측정요구 2OFF
[16:34:38] : 측정요구3 ON
[16:34:47] : 측정요구3 OFF
[16:34:49] : 측정요구4 ON
[16:34:58] : 측정요구4 OFF
[17:14:19] : Cycle start ON
[17:14:19] : Cycle start OFF
[17:14:24] : REQUEST MEAS. ON
[17:14:33] : REQUEST MEAS. OFF
[17:14:34] : 측정요구 ON 2
[17:14:43] : 측정요구 2OFF
[17:14:47] : 측정요구3 ON
[17:14:56] : 측정요구3 OFF
[17:14:57] : 측정요구4 ON
[17:15:06] : 측정요구4 OFF
[17:15:10] : Cycle start ON
[17:15:11] : Cycle start OFF
[17:15:15] : REQUEST MEAS. ON
[17:15:24] : REQUEST MEAS. OFF
[17:15:26] : 측정요구 ON 2
[17:15:35] : 측정요구 2OFF
[17:15:38] : 측정요구3 ON
[17:15:47] : 측정요구3 OFF
[17:15:49] : 측정요구4 ON
[17:15:58] : 측정요구4 OFF
[17:16:02] : Cycle start ON
[17:16:03] : Cycle start OFF
[17:16:07] : REQUEST MEAS. ON
[17:16:16] : REQUEST MEAS. OFF
[17:16:17] : 측정요구 ON 2
[17:16:26] : 측정요구 2OFF
[17:16:29] : 측정요구3 ON
[17:16:38] : 측정요구3 OFF
[17:16:40] : 측정요구4 ON
[17:16:49] : 측정요구4 OFF
[17:16:53] : Cycle start ON
[17:16:54] : Cycle start OFF
[17:16:58] : REQUEST MEAS. ON
[17:17:07] : REQUEST MEAS. OFF
[17:17:08] : 측정요구 ON 2
[17:17:17] : 측정요구 2OFF
[17:17:21] : 측정요구3 ON
[17:17:30] : 측정요구3 OFF
[17:17:31] : 측정요구4 ON
[17:17:40] : 측정요구4 OFF
[17:17:45] : Cycle start ON
[17:17:46] : Cycle start OFF
[17:17:50] : REQUEST MEAS. ON
[17:17:59] : REQUEST MEAS. OFF
[17:18:00] : 측정요구 ON 2
[17:18:09] : 측정요구 2OFF
[17:18:12] : 측정요구3 ON
[17:18:21] : 측정요구3 OFF
[17:18:23] : 측정요구4 ON
[17:18:32] : 측정요구4 OFF
[17:18:36] : Cycle start ON
[17:18:37] : Cycle start OFF
[17:18:41] : REQUEST MEAS. ON
[17:18:50] : REQUEST MEAS. OFF
[17:18:51] : 측정요구 ON 2
[17:19:00] : 측정요구 2OFF
[17:19:04] : 측정요구3 ON
[17:19:13] : 측정요구3 OFF
[17:19:14] : 측정요구4 ON
[17:19:23] : 측정요구4 OFF
[17:19:27] : Cycle start ON
[17:19:28] : Cycle start OFF
[17:19:32] : REQUEST MEAS. ON
[17:19:41] : REQUEST MEAS. OFF
[17:19:43] : 측정요구 ON 2
[17:19:52] : 측정요구 2OFF
[17:19:55] : 측정요구3 ON
[17:20:04] : 측정요구3 OFF
[17:20:05] : 측정요구4 ON
[17:20:14] : 측정요구4 OFF
[17:20:19] : Cycle start ON
[17:20:20] : Cycle start OFF
[17:20:24] : REQUEST MEAS. ON
[17:20:33] : REQUEST MEAS. OFF
[17:20:34] : 측정요구 ON 2
[17:20:43] : 측정요구 2OFF
[17:20:46] : 측정요구3 ON
[17:20:55] : 측정요구3 OFF
[17:20:57] : 측정요구4 ON
[17:21:06] : 측정요구4 OFF
[17:21:10] : Cycle start ON
[17:21:11] : Cycle start OFF
[17:21:15] : REQUEST MEAS. ON
[17:21:24] : REQUEST MEAS. OFF
[17:21:25] : 측정요구 ON 2
[17:21:34] : 측정요구 2OFF
[17:21:38] : 측정요구3 ON
[17:21:47] : 측정요구3 OFF
[17:21:48] : 측정요구4 ON
[17:21:57] : 측정요구4 OFF
[17:22:02] : Cycle start ON
[17:22:03] : Cycle start OFF
[17:22:07] : REQUEST MEAS. ON
[17:22:16] : REQUEST MEAS. OFF
[17:22:17] : 측정요구 ON 2
[17:22:26] : 측정요구 2OFF
[17:22:29] : 측정요구3 ON
[17:22:38] : 측정요구3 OFF
[17:22:40] : 측정요구4 ON
[17:22:49] : 측정요구4 OFF
[17:23:34] : Cycle start ON
[17:23:34] : Cycle start OFF
[17:23:38] : REQUEST MEAS. ON
[17:23:47] : REQUEST MEAS. OFF
[17:23:49] : 측정요구 ON 2
[17:23:58] : 측정요구 2OFF
[17:24:01] : 측정요구3 ON
[17:24:10] : 측정요구3 OFF
[17:24:11] : 측정요구4 ON
[17:24:20] : 측정요구4 OFF
[17:24:25] : Cycle start ON
[17:24:26] : Cycle start OFF
[17:24:30] : REQUEST MEAS. ON
[17:24:39] : REQUEST MEAS. OFF
[17:24:40] : 측정요구 ON 2
[17:24:49] : 측정요구 2OFF
[17:24:52] : 측정요구3 ON
[17:25:01] : 측정요구3 OFF
[17:25:03] : 측정요구4 ON
[17:25:12] : 측정요구4 OFF
[17:25:16] : Cycle start ON
[17:25:17] : Cycle start OFF
[17:25:21] : REQUEST MEAS. ON
[17:25:30] : REQUEST MEAS. OFF
[17:25:31] : 측정요구 ON 2
[17:25:40] : 측정요구 2OFF
[17:25:44] : 측정요구3 ON
[17:25:53] : 측정요구3 OFF
[17:25:54] : 측정요구4 ON
[17:26:03] : 측정요구4 OFF
[17:26:08] : Cycle start ON
[17:26:09] : Cycle start OFF
[17:26:13] : REQUEST MEAS. ON
[17:26:22] : REQUEST MEAS. OFF
[17:26:23] : 측정요구 ON 2
[17:26:32] : 측정요구 2OFF
[17:26:35] : 측정요구3 ON
[17:26:44] : 측정요구3 OFF
[17:26:46] : 측정요구4 ON
[17:26:55] : 측정요구4 OFF
[17:26:59] : Cycle start ON
[17:27:00] : Cycle start OFF
[17:27:04] : REQUEST MEAS. ON
[17:27:13] : REQUEST MEAS. OFF
[17:27:14] : 측정요구 ON 2
[17:27:23] : 측정요구 2OFF
[17:27:26] : 측정요구3 ON
[17:27:35] : 측정요구3 OFF
[17:27:37] : 측정요구4 ON
[17:27:46] : 측정요구4 OFF
[17:27:50] : Cycle start ON
[17:27:51] : Cycle start OFF
[17:27:55] : REQUEST MEAS. ON
[17:28:04] : REQUEST MEAS. OFF
[17:28:06] : 측정요구 ON 2
[17:28:15] : 측정요구 2OFF
[17:28:18] : 측정요구3 ON
[17:28:27] : 측정요구3 OFF
[17:28:28] : 측정요구4 ON
[17:28:37] : 측정요구4 OFF
[17:28:42] : Cycle start ON
[17:28:43] : Cycle start OFF
[17:28:47] : REQUEST MEAS. ON
[17:28:56] : REQUEST MEAS. OFF
[17:28:57] : 측정요구 ON 2
[17:29:06] : 측정요구 2OFF
[17:29:09] : 측정요구3 ON
[17:29:18] : 측정요구3 OFF
[17:29:20] : 측정요구4 ON
[17:29:29] : 측정요구4 OFF
[17:29:33] : Cycle start ON
[17:29:34] : Cycle start OFF
[17:29:38] : REQUEST MEAS. ON
[17:29:47] : REQUEST MEAS. OFF
[17:29:48] : 측정요구 ON 2
[17:29:57] : 측정요구 2OFF
[17:30:01] : 측정요구3 ON
[17:30:10] : 측정요구3 OFF
[17:30:11] : 측정요구4 ON
[17:30:20] : 측정요구4 OFF
[17:30:24] : Cycle start ON
[17:30:25] : Cycle start OFF
[17:30:29] : REQUEST MEAS. ON
[17:30:38] : REQUEST MEAS. OFF
[17:30:40] : 측정요구 ON 2
[17:30:49] : 측정요구 2OFF
[17:30:52] : 측정요구3 ON
[17:31:01] : 측정요구3 OFF
[17:31:03] : 측정요구4 ON
[17:31:12] : 측정요구4 OFF
[17:31:16] : Cycle start ON
[17:31:17] : Cycle start OFF
[17:31:21] : REQUEST MEAS. ON
[17:31:30] : REQUEST MEAS. OFF
[17:31:31] : 측정요구 ON 2
[17:31:40] : 측정요구 2OFF
[17:31:43] : 측정요구3 ON
[17:31:52] : 측정요구3 OFF
[17:31:54] : 측정요구4 ON
[17:32:03] : 측정요구4 OFF
[17:36:26] : Cycle start ON
[17:36:26] : Cycle start OFF
[17:36:31] : REQUEST MEAS. ON
[17:36:40] : REQUEST MEAS. OFF
[17:36:41] : 측정요구 ON 2
[17:36:50] : 측정요구 2OFF
[17:36:54] : 측정요구3 ON
[17:37:03] : 측정요구3 OFF
[17:37:04] : 측정요구4 ON
[17:37:13] : 측정요구4 OFF
[17:37:17] : Cycle start ON
[17:37:18] : Cycle start OFF
[17:37:22] : REQUEST MEAS. ON
[17:37:31] : REQUEST MEAS. OFF
[17:37:33] : 측정요구 ON 2
[17:37:42] : 측정요구 2OFF
[17:37:45] : 측정요구3 ON
[17:37:54] : 측정요구3 OFF
[17:37:55] : 측정요구4 ON
[17:38:04] : 측정요구4 OFF
[17:38:09] : Cycle start ON
[17:38:10] : Cycle start OFF
[17:38:14] : REQUEST MEAS. ON
[17:38:23] : REQUEST MEAS. OFF
[17:38:24] : 측정요구 ON 2
[17:38:33] : 측정요구 2OFF
[17:38:36] : 측정요구3 ON
[17:38:45] : 측정요구3 OFF
[17:38:47] : 측정요구4 ON
[17:38:56] : 측정요구4 OFF
[17:39:00] : Cycle start ON
[17:39:01] : Cycle start OFF
[17:39:05] : REQUEST MEAS. ON
[17:39:14] : REQUEST MEAS. OFF
[17:39:15] : 측정요구 ON 2
[17:39:24] : 측정요구 2OFF
[17:39:28] : 측정요구3 ON
[17:39:37] : 측정요구3 OFF
[17:39:38] : 측정요구4 ON
[17:39:47] : 측정요구4 OFF
[17:39:51] : Cycle start ON
[17:39:52] : Cycle start OFF
[17:39:56] : REQUEST MEAS. ON
[17:40:05] : REQUEST MEAS. OFF
[17:40:07] : 측정요구 ON 2
[17:40:16] : 측정요구 2OFF
[17:40:19] : 측정요구3 ON
[17:40:28] : 측정요구3 OFF
[17:40:29] : 측정요구4 ON
[17:40:38] : 측정요구4 OFF
[17:40:43] : Cycle start ON
[17:40:44] : Cycle start OFF
[17:40:48] : REQUEST MEAS. ON
[17:40:57] : REQUEST MEAS. OFF
[17:40:58] : 측정요구 ON 2
[17:41:07] : 측정요구 2OFF
[17:41:10] : 측정요구3 ON
[17:41:19] : 측정요구3 OFF
[17:41:21] : 측정요구4 ON
[17:41:30] : 측정요구4 OFF
[17:41:34] : Cycle start ON
[17:41:35] : Cycle start OFF
[17:41:39] : REQUEST MEAS. ON
[17:41:48] : REQUEST MEAS. OFF
[17:41:49] : 측정요구 ON 2
[17:41:58] : 측정요구 2OFF
[17:42:02] : 측정요구3 ON
[17:42:11] : 측정요구3 OFF
[17:42:12] : 측정요구4 ON
[17:42:21] : 측정요구4 OFF
[17:42:25] : Cycle start ON
[17:42:26] : Cycle start OFF
[17:42:30] : REQUEST MEAS. ON
[17:42:39] : REQUEST MEAS. OFF
[17:42:41] : 측정요구 ON 2
[17:42:50] : 측정요구 2OFF
[17:42:53] : 측정요구3 ON
[17:43:02] : 측정요구3 OFF
[17:43:04] : 측정요구4 ON
[17:43:13] : 측정요구4 OFF
[17:43:13] : MEAS ESC ON
[17:43:13] : AUTO RUNNING ON
[17:43:33] : PROGRAM END
 
[17:44:04] : PROGRAM START
[17:44:08] : MEAS ESC ON
[17:44:08] : AUTO RUNNING ON
[17:44:08] : REQUEST MEAS. OFF
[17:44:08] : REQUEST ZEROSET OFF
[17:44:08] : REQUEST ZEROSET OFF
[17:44:16] : MEAS ESC OFF
[17:44:16] : AUTO RUNNING OFF
[17:44:56] : MEAS ESC ON
[17:44:56] : AUTO RUNNING ON
[17:44:56] : Cycle start ON
[17:44:56] : Cycle start OFF
[17:45:01] : REQUEST MEAS. ON
[17:45:10] : REQUEST MEAS. OFF
[17:45:12] : 측정요구 ON 2
[17:45:21] : 측정요구 2OFF
[17:45:24] : 측정요구3 ON
[17:45:33] : 측정요구3 OFF
[17:45:34] : 측정요구4 ON
[17:45:43] : 측정요구4 OFF
[17:45:43] : 12,20181115-174543,CF18100852821,,OK,MAX,2, ,0.50,7.00,2.25,OK,0.50,7.00,3.90,OK,0.50,7.00,1.57,OK,0.50,7.00,1.27,OK,
[17:46:00] : Cycle start ON
[17:46:03] : Cycle start OFF
[17:46:32] : REQUEST MEAS. ON
[17:46:40] : REQUEST MEAS. OFF
[17:46:42] : 측정요구 ON 2
[17:46:51] : 측정요구 2OFF
[17:46:54] : 측정요구3 ON
[17:47:03] : 측정요구3 OFF
[17:47:04] : 측정요구4 ON
[17:47:13] : 측정요구4 OFF
[17:47:13] : 12,20181115-174714,,,OK,MAX,2, ,0.50,7.00,2.99,OK,0.50,7.00,4.14,OK,0.50,7.00,1.69,OK,0.50,7.00,2.58,OK,
[18:01:31] : Cycle start ON
[18:01:34] : Cycle start OFF
[18:01:39] : REQUEST MEAS. ON
[18:01:48] : REQUEST MEAS. OFF
[18:01:49] : 측정요구 ON 2
[18:01:58] : 측정요구 2OFF
[18:02:02] : 측정요구3 ON
[18:02:11] : 측정요구3 OFF
[18:02:12] : 측정요구4 ON
[18:02:21] : 측정요구4 OFF
[18:02:21] : 12,20181115-180222,,,OK,MAX,2, ,0.50,7.00,2.58,OK,0.50,7.00,4.70,OK,0.50,7.00,1.69,OK,0.50,7.00,1.50,OK,
[18:15:00] : MEAS ESC OFF
[18:15:00] : AUTO RUNNING OFF
[18:15:58] : MEAS ESC ON
[18:15:58] : AUTO RUNNING ON
[18:18:52] : Cycle start ON
[18:18:55] : Cycle start OFF
[18:19:00] : REQUEST MEAS. ON
[18:19:09] : REQUEST MEAS. OFF
[18:19:10] : 측정요구 ON 2
[18:19:19] : 측정요구 2OFF
[18:19:22] : 측정요구3 ON
[18:19:31] : 측정요구3 OFF
[18:19:33] : 측정요구4 ON
[18:19:42] : 측정요구4 OFF
[18:19:42] : 12,20181115-181942,,,OK,MAX,2, ,0.50,7.00,3.40,OK,0.50,7.00,4.27,OK,0.50,7.00,2.07,OK,0.50,7.00,1.65,OK,
[18:22:40] : Plc Error Timer
[18:22:41] : MEAS ESC OFF
[18:22:41] : AUTO RUNNING OFF
[18:25:51] : MEAS ESC ON
[18:25:51] : AUTO RUNNING ON
[18:26:31] : Cycle start ON
[18:26:33] : Cycle start OFF
[18:27:04] : REQUEST MEAS. ON
[18:27:13] : REQUEST MEAS. OFF
[18:27:15] : 측정요구 ON 2
[18:27:24] : 측정요구 2OFF
[18:27:27] : 측정요구3 ON
[18:27:36] : 측정요구3 OFF
[18:27:38] : 측정요구4 ON
[18:27:47] : 측정요구4 OFF
[18:27:47] : 12,20181115-182747,CF18100852871,,OK,MAX,2, ,0.50,7.00,5.06,OK,0.50,7.00,4.19,OK,0.50,7.00,1.53,OK,0.50,7.00,1.32,OK,
[18:28:02] : Cycle start ON
[18:28:05] : Cycle start OFF
[18:28:34] : REQUEST MEAS. ON
[18:28:43] : REQUEST MEAS. OFF
[18:28:45] : 측정요구 ON 2
[18:28:54] : 측정요구 2OFF
[18:28:57] : 측정요구3 ON
[18:29:06] : 측정요구3 OFF
[18:29:08] : 측정요구4 ON
[18:29:17] : 측정요구4 OFF
[18:29:17] : 12,20181115-182917,CF18100853501,,OK,MAX,2, ,0.50,7.00,2.09,OK,0.50,7.00,5.22,OK,0.50,7.00,1.42,OK,0.50,7.00,1.72,OK,
[18:29:32] : Cycle start ON
[18:29:34] : Cycle start OFF
[18:30:04] : REQUEST MEAS. ON
[18:30:13] : REQUEST MEAS. OFF
[18:30:15] : 측정요구 ON 2
[18:30:24] : 측정요구 2OFF
[18:30:28] : 측정요구3 ON
[18:30:37] : 측정요구3 OFF
[18:30:38] : 측정요구4 ON
[18:30:47] : 측정요구4 OFF
[18:30:47] : 12,20181115-183048,CF18100853061,,OK,MAX,2, ,0.50,7.00,3.49,OK,0.50,7.00,3.99,OK,0.50,7.00,1.57,OK,0.50,7.00,1.65,OK,
[18:36:12] : Cycle start ON
[18:36:14] : Cycle start OFF
[18:36:19] : REQUEST MEAS. ON
[18:36:28] : REQUEST MEAS. OFF
[18:36:29] : 측정요구 ON 2
[18:36:38] : 측정요구 2OFF
[18:36:42] : 측정요구3 ON
[18:36:51] : 측정요구3 OFF
[18:36:52] : 측정요구4 ON
[18:37:01] : 측정요구4 OFF
[18:37:01] : 12,20181115-183702,CF18100852231,,OK,MAX,2, ,0.50,7.00,3.25,OK,0.50,7.00,3.40,OK,0.50,7.00,1.84,OK,0.50,7.00,3.42,OK,
[18:47:22] : Cycle start ON
[18:47:24] : Cycle start OFF
[18:47:42] : REQUEST MEAS. ON
[18:47:51] : REQUEST MEAS. OFF
[18:47:52] : 측정요구 ON 2
[18:48:01] : 측정요구 2OFF
[18:48:05] : 측정요구3 ON
[18:48:14] : 측정요구3 OFF
[18:48:15] : 측정요구4 ON
[18:48:24] : 측정요구4 OFF
[18:48:24] : 12,20181115-184824,CF18100851661,,OK,MAX,2, ,0.50,7.00,3.88,OK,0.50,7.00,4.25,OK,0.50,7.00,1.27,OK,0.50,7.00,2.22,OK,
[18:48:40] : Cycle start ON
[18:48:42] : Cycle start OFF
[18:49:11] : REQUEST MEAS. ON
[18:49:20] : REQUEST MEAS. OFF
[18:49:22] : 측정요구 ON 2
[18:49:31] : 측정요구 2OFF
[18:49:35] : 측정요구3 ON
[18:49:44] : 측정요구3 OFF
[18:49:45] : 측정요구4 ON
[18:49:54] : 측정요구4 OFF
[18:49:54] : 12,20181115-184955,CF18100851031,,OK,MAX,2, ,0.50,7.00,4.22,OK,0.50,7.00,4.14,OK,0.50,7.00,1.32,OK,0.50,7.00,1.98,OK,
[18:51:20] : Cycle start ON
[18:51:22] : Cycle start OFF
[18:51:42] : REQUEST MEAS. ON
[18:51:51] : REQUEST MEAS. OFF
[18:51:52] : 측정요구 ON 2
[18:52:01] : 측정요구 2OFF
[18:52:05] : 측정요구3 ON
[18:52:14] : 측정요구3 OFF
[18:52:15] : 측정요구4 ON
[18:52:24] : 측정요구4 OFF
[18:52:24] : 12,20181115-185225,CF18100852651,,OK,MAX,2, ,0.50,7.00,3.80,OK,0.50,7.00,3.86,OK,0.50,7.00,1.45,OK,0.50,7.00,1.38,OK,
[18:52:41] : Cycle start ON
[18:52:41] : Cycle start OFF
[18:52:42] : Cycle start ON
[18:52:43] : Cycle start OFF
[19:03:27] : REQUEST MEAS. ON
[19:03:36] : REQUEST MEAS. OFF
[19:03:37] : 측정요구 ON 2
[19:03:46] : 측정요구 2OFF
[19:03:49] : 측정요구3 ON
[19:03:58] : 측정요구3 OFF
[19:04:00] : 측정요구4 ON
[19:04:09] : 측정요구4 OFF
[19:04:09] : 12,20181115-190409,CF18100853111,,OK,MAX,2, ,0.50,7.00,3.66,OK,0.50,7.00,5.81,OK,0.50,7.00,1.98,OK,0.50,7.00,1.22,OK,
[19:04:25] : Cycle start ON
[19:04:27] : Cycle start OFF
[19:04:57] : REQUEST MEAS. ON
[19:05:05] : REQUEST MEAS. OFF
[19:05:07] : 측정요구 ON 2
[19:05:16] : 측정요구 2OFF
[19:05:20] : 측정요구3 ON
[19:05:29] : 측정요구3 OFF
[19:05:30] : 측정요구4 ON
[19:05:39] : 측정요구4 OFF
[19:05:39] : 12,20181115-190539,CF18100852141,,OK,MAX,2, ,0.50,7.00,3.12,OK,0.50,7.00,3.75,OK,0.50,7.00,1.53,OK,0.50,7.00,1.64,OK,
[19:05:54] : Cycle start ON
[19:05:57] : Cycle start OFF
[19:06:26] : REQUEST MEAS. ON
[19:06:35] : REQUEST MEAS. OFF
[19:06:37] : 측정요구 ON 2
[19:06:46] : 측정요구 2OFF
[19:06:50] : 측정요구3 ON
[19:06:59] : 측정요구3 OFF
[19:07:00] : 측정요구4 ON
[19:07:09] : 측정요구4 OFF
[19:07:09] : 12,20181115-190709,CF18100852861,,OK,MAX,2, ,0.50,7.00,1.86,OK,0.50,7.00,2.45,OK,0.50,7.00,1.93,OK,0.50,7.00,1.29,OK,
[19:15:10] : Cycle start ON
[19:15:13] : Cycle start OFF
[19:15:34] : REQUEST MEAS. ON
[19:15:43] : REQUEST MEAS. OFF
[19:15:44] : 측정요구 ON 2
[19:15:53] : 측정요구 2OFF
[19:15:56] : 측정요구3 ON
[19:16:05] : 측정요구3 OFF
[19:16:07] : 측정요구4 ON
[19:16:16] : 측정요구4 OFF
[19:16:16] : 12,20181115-191616,CF18100852891,,OK,MAX,2, ,0.50,7.00,4.19,OK,0.50,7.00,4.34,OK,0.50,7.00,1.60,OK,0.50,7.00,1.63,OK,
[19:36:09] : Cycle start ON
[19:36:11] : Cycle start OFF
[19:36:34] : REQUEST MEAS. ON
[19:36:43] : REQUEST MEAS. OFF
[19:36:45] : 측정요구 ON 2
[19:36:54] : 측정요구 2OFF
[19:36:57] : 측정요구3 ON
[19:37:06] : 측정요구3 OFF
[19:37:08] : 측정요구4 ON
[19:37:17] : 측정요구4 OFF
[19:37:17] : 12,20181115-193717,CF18100852021,,OK,MAX,2, ,0.50,7.00,2.05,OK,0.50,7.00,3.91,OK,0.50,7.00,1.57,OK,0.50,7.00,2.04,OK,
[19:37:32] : Cycle start ON
[19:37:33] : Cycle start OFF
[19:37:34] : Cycle start ON
[19:37:35] : Cycle start OFF
[19:43:06] : REQUEST MEAS. ON
[19:43:15] : REQUEST MEAS. OFF
[19:43:17] : 측정요구 ON 2
[19:43:26] : 측정요구 2OFF
[19:43:30] : 측정요구3 ON
[19:43:39] : 측정요구3 OFF
[19:43:40] : 측정요구4 ON
[19:43:49] : 측정요구4 OFF
[19:43:49] : 12,20181115-194349,CF18100852841,,OK,MAX,2, ,0.50,7.00,3.95,OK,0.50,7.00,4.58,OK,0.50,7.00,1.83,OK,0.50,7.00,1.66,OK,
[19:44:05] : Cycle start ON
[19:44:07] : Cycle start OFF
[19:44:37] : REQUEST MEAS. ON
[19:44:45] : REQUEST MEAS. OFF
[19:44:47] : 측정요구 ON 2
[19:44:56] : 측정요구 2OFF
[19:45:00] : 측정요구3 ON
[19:45:09] : 측정요구3 OFF
[19:45:10] : 측정요구4 ON
[19:45:19] : 측정요구4 OFF
[19:45:19] : 12,20181115-194520,CF18100852461,,OK,MAX,2, ,0.50,7.00,3.35,OK,0.50,7.00,5.53,OK,0.50,7.00,1.62,OK,0.50,7.00,1.46,OK,
[19:45:35] : Cycle start ON
[19:45:38] : Cycle start OFF
[19:46:07] : REQUEST MEAS. ON
[19:46:16] : REQUEST MEAS. OFF
[19:46:18] : 측정요구 ON 2
[19:46:27] : 측정요구 2OFF
[19:46:30] : 측정요구3 ON
[19:46:39] : 측정요구3 OFF
[19:46:40] : 측정요구4 ON
[19:46:49] : 측정요구4 OFF
[19:46:49] : 12,20181115-194650,CF18100851371,,OK,MAX,2, ,0.50,7.00,4.02,OK,0.50,7.00,4.26,OK,0.50,7.00,1.86,OK,0.50,7.00,1.50,OK,
[19:47:08] : Cycle start ON
[19:47:11] : Cycle start OFF
[19:47:38] : REQUEST MEAS. ON
[19:47:46] : REQUEST MEAS. OFF
[19:47:48] : 측정요구 ON 2
[19:47:57] : 측정요구 2OFF
[19:48:00] : 측정요구3 ON
[19:48:09] : 측정요구3 OFF
[19:48:11] : 측정요구4 ON
[19:48:20] : 측정요구4 OFF
[19:48:20] : 12,20181115-194820,CF18100851861,,OK,MAX,2, ,0.50,7.00,4.11,OK,0.50,7.00,6.09,OK,0.50,7.00,1.27,OK,0.50,7.00,4.40,OK,
[19:48:37] : Cycle start ON
[19:48:40] : Cycle start OFF
[19:49:07] : REQUEST MEAS. ON
[19:49:16] : REQUEST MEAS. OFF
[19:49:18] : 측정요구 ON 2
[19:49:27] : 측정요구 2OFF
[19:49:30] : 측정요구3 ON
[19:49:39] : 측정요구3 OFF
[19:49:41] : 측정요구4 ON
[19:49:50] : 측정요구4 OFF
[19:49:50] : 12,20181115-194950,CF18100853201,,OK,MAX,2, ,0.50,7.00,3.79,OK,0.50,7.00,4.84,OK,0.50,7.00,1.36,OK,0.50,7.00,1.82,OK,
[19:50:07] : Cycle start ON
[19:50:09] : Cycle start OFF
[19:50:38] : REQUEST MEAS. ON
[19:50:46] : REQUEST MEAS. OFF
[19:50:48] : 측정요구 ON 2
[19:50:57] : 측정요구 2OFF
[19:51:00] : 측정요구3 ON
[19:51:09] : 측정요구3 OFF
[19:51:11] : 측정요구4 ON
[19:51:20] : 측정요구4 OFF
[19:51:20] : 12,20181115-195120,CF18100421881,,OK,MAX,2, ,0.50,7.00,3.61,OK,0.50,7.00,4.37,OK,0.50,7.00,1.16,OK,0.50,7.00,0.85,OK,
[19:51:36] : Cycle start ON
[19:51:39] : Cycle start OFF
[19:52:08] : REQUEST MEAS. ON
[19:52:16] : REQUEST MEAS. OFF
[19:52:18] : 측정요구 ON 2
[19:52:27] : 측정요구 2OFF
[19:52:31] : 측정요구3 ON
[19:52:40] : 측정요구3 OFF
[19:52:41] : 측정요구4 ON
[19:52:50] : 측정요구4 OFF
[19:52:50] : 12,20181115-195250,CF18100852081,,OK,MAX,2, ,0.50,7.00,3.25,OK,0.50,7.00,4.55,OK,0.50,7.00,1.56,OK,0.50,7.00,1.39,OK,
[19:53:07] : Cycle start ON
[19:53:10] : Cycle start OFF
[19:53:38] : REQUEST MEAS. ON
[19:53:47] : REQUEST MEAS. OFF
[19:53:48] : 측정요구 ON 2
[19:53:57] : 측정요구 2OFF
[19:54:01] : 측정요구3 ON
[19:54:10] : 측정요구3 OFF
[19:54:11] : 측정요구4 ON
[19:54:20] : 측정요구4 OFF
[19:54:20] : 12,20181115-195421,CF18100852521,,OK,MAX,2, ,0.50,7.00,3.70,OK,0.50,7.00,5.87,OK,0.50,7.00,1.16,OK,0.50,7.00,1.78,OK,
[19:54:36] : Cycle start ON
[19:54:38] : Cycle start OFF
[19:55:08] : REQUEST MEAS. ON
[19:55:17] : REQUEST MEAS. OFF
[19:55:19] : 측정요구 ON 2
[19:55:28] : 측정요구 2OFF
[19:55:31] : 측정요구3 ON
[19:55:40] : 측정요구3 OFF
[19:55:42] : 측정요구4 ON
[19:55:51] : 측정요구4 OFF
[19:55:51] : 12,20181115-195551,CF18100851131,,OK,MAX,2, ,0.50,7.00,3.83,OK,0.50,7.00,4.71,OK,0.50,7.00,1.57,OK,0.50,7.00,1.49,OK,
[19:56:06] : Cycle start ON
[19:56:08] : Cycle start OFF
[19:56:39] : REQUEST MEAS. ON
[19:56:47] : REQUEST MEAS. OFF
[19:56:49] : 측정요구 ON 2
[19:56:58] : 측정요구 2OFF
[19:57:01] : 측정요구3 ON
[19:57:10] : 측정요구3 OFF
[19:57:12] : 측정요구4 ON
[19:57:21] : 측정요구4 OFF
[19:57:21] : 12,20181115-195721,CF18100852041,,OK,MAX,2, ,0.50,7.00,2.69,OK,0.50,7.00,3.61,OK,0.50,7.00,1.85,OK,0.50,7.00,1.89,OK,
[20:00:15] : Cycle start ON
[20:00:17] : Cycle start OFF
[20:00:24] : REQUEST MEAS. ON
[20:00:33] : REQUEST MEAS. OFF
[20:00:35] : 측정요구 ON 2
[20:00:44] : 측정요구 2OFF
[20:00:47] : 측정요구3 ON
[20:00:56] : 측정요구3 OFF
[20:00:58] : 측정요구4 ON
[20:01:07] : 측정요구4 OFF
[20:01:07] : 12,20181115-200107,CF18100853371,,OK,MAX,2, ,0.50,7.00,3.29,OK,0.50,7.00,3.43,OK,0.50,7.00,1.79,OK,0.50,7.00,2.25,OK,
[20:01:47] : Cycle start ON
[20:01:50] : Cycle start OFF
[20:01:55] : REQUEST MEAS. ON
[20:02:04] : REQUEST MEAS. OFF
[20:02:06] : 측정요구 ON 2
[20:02:15] : 측정요구 2OFF
[20:02:18] : 측정요구3 ON
[20:02:27] : 측정요구3 OFF
[20:02:28] : 측정요구4 ON
[20:02:37] : 측정요구4 OFF
[20:02:37] : 12,20181115-200238,CF18100852581,,OK,MAX,2, ,0.50,7.00,2.89,OK,0.50,7.00,4.01,OK,0.50,7.00,1.39,OK,0.50,7.00,1.24,OK,
[20:05:00] : Cycle start ON
[20:05:02] : Cycle start OFF
[20:05:21] : REQUEST MEAS. ON
[20:05:29] : REQUEST MEAS. OFF
[20:05:31] : 측정요구 ON 2
[20:05:40] : 측정요구 2OFF
[20:05:43] : 측정요구3 ON
[20:05:52] : 측정요구3 OFF
[20:05:54] : 측정요구4 ON
[20:06:03] : 측정요구4 OFF
[20:06:03] : 12,20181115-200603,CF18100852431,,OK,MAX,2, ,0.50,7.00,4.37,OK,0.50,7.00,3.93,OK,0.50,7.00,1.53,OK,0.50,7.00,1.68,OK,
[20:06:19] : Cycle start ON
[20:06:21] : Cycle start OFF
[20:06:50] : REQUEST MEAS. ON
[20:06:59] : REQUEST MEAS. OFF
[20:07:01] : 측정요구 ON 2
[20:07:10] : 측정요구 2OFF
[20:07:13] : 측정요구3 ON
[20:07:22] : 측정요구3 OFF
[20:07:24] : 측정요구4 ON
[20:07:33] : 측정요구4 OFF
[20:07:33] : 12,20181115-200733,CF18100852731,,OK,MAX,2, ,0.50,7.00,2.58,OK,0.50,7.00,4.43,OK,0.50,7.00,1.56,OK,0.50,7.00,1.32,OK,
[20:07:52] : Cycle start ON
[20:07:55] : Cycle start OFF
[20:08:21] : REQUEST MEAS. ON
[20:08:29] : REQUEST MEAS. OFF
[20:08:31] : 측정요구 ON 2
[20:08:40] : 측정요구 2OFF
[20:08:43] : 측정요구3 ON
[20:08:52] : 측정요구3 OFF
[20:08:54] : 측정요구4 ON
[20:09:03] : 측정요구4 OFF
[20:09:03] : 12,20181115-200903,CF18100852781,,OK,MAX,2, ,0.50,7.00,4.10,OK,0.50,7.00,4.65,OK,0.50,7.00,1.39,OK,0.50,7.00,1.62,OK,
[20:13:57] : MEAS ESC OFF
[20:13:57] : AUTO RUNNING OFF
 
