 
[14:21:06] : MEAS ESC OFF
[14:21:06] : M3400 : 비상입니다. OFF
[14:21:06] : M3401 : MAIN AIR ALARM OFF
[14:23:01] : REQUEST MEAS. ON
[14:23:02] : REQUEST MEAS. OFF
[18:10:33] : RESET ON
[18:10:34] : RESET ON
[18:11:07] : RESET ON
[18:11:10] : RESET ON
[18:12:00] : RESET ON
[18:12:29] : RESET ON
[18:12:34] : RESET ON
[18:15:40] : AUTO RUNNING ON
[18:16:03] : Cycle start ON
[18:16:09] : Cycle start OFF
[18:17:11] : Cycle start ON
[18:17:16] : REQUEST MEAS. ON
[18:17:16] : Cycle start OFF
[18:17:17] : REQUEST MEAS. OFF
[18:17:51] : Cycle start ON
[18:17:56] : Cycle start OFF
[18:17:56] : REQUEST MEAS. ON
[18:17:57] : REQUEST MEAS. OFF
[18:18:21] : Cycle start ON
[18:18:26] : Cycle start OFF
[18:18:50] : Cycle start ON
[18:18:55] : Cycle start OFF
[18:19:19] : Cycle start ON
[18:19:24] : AUTO RUNNING OFF
[18:19:24] : Cycle start OFF
[19:28:25] : MEAS ESC ON
[19:28:25] : M3400 : 비상입니다. ON
[19:28:25] : M3401 : MAIN AIR ALARM ON
[19:55:18] : MEAS ESC OFF
[19:55:18] : RESET ON
[19:55:18] : M3400 : 비상입니다. OFF
[19:55:18] : M3401 : MAIN AIR ALARM OFF
[19:55:18] : MEAS ESC ON
[19:55:18] : M3400 : 비상입니다. ON
[19:55:18] : M3401 : MAIN AIR ALARM ON
[19:55:19] : MEAS ESC OFF
[19:55:19] : RESET ON
[19:55:19] : M3400 : 비상입니다. OFF
[19:55:19] : M3401 : MAIN AIR ALARM OFF
[19:55:19] : MEAS ESC ON
[19:55:19] : M3400 : 비상입니다. ON
[19:55:19] : M3401 : MAIN AIR ALARM ON
[19:55:32] : MEAS ESC OFF
[19:55:32] : RESET ON
[19:55:32] : M3400 : 비상입니다. OFF
[19:55:32] : M3401 : MAIN AIR ALARM OFF
[20:21:58] : MEAS ESC ON
[20:21:58] : M3400 : 비상입니다. ON
 
