 
[14:07:41] : Cycle start ON
[14:07:42] : Cycle start OFF
[14:07:46] : REQUEST MEAS. ON
[14:07:51] : REQUEST MEAS. OFF
[14:07:51] : 측정요구 ON 2
[14:07:57] : 측정요구 2OFF
[14:08:01] : 측정요구3 ON
[14:08:06] : 측정요구3 OFF
[14:08:06] : 측정요구4 ON
[14:08:11] : 측정요구4 OFF
[14:08:32] : Cycle start ON
[14:08:32] : Cycle start OFF
[14:08:37] : REQUEST MEAS. ON
[14:08:42] : REQUEST MEAS. OFF
[14:08:42] : 측정요구 ON 2
[14:08:47] : 측정요구 2OFF
[14:08:52] : 측정요구3 ON
[14:08:57] : 측정요구3 OFF
[14:08:57] : 측정요구4 ON
[14:09:02] : 측정요구4 OFF
[14:09:06] : Cycle start ON
[14:09:07] : Cycle start OFF
[14:09:12] : REQUEST MEAS. ON
[14:09:16] : REQUEST MEAS. OFF
[14:09:16] : 측정요구 ON 2
[14:09:22] : 측정요구 2OFF
[14:09:26] : 측정요구3 ON
[14:09:30] : 측정요구3 OFF
[14:09:30] : 측정요구4 ON
[14:09:36] : 측정요구4 OFF
[14:09:40] : Cycle start ON
[14:09:41] : Cycle start OFF
[14:09:46] : REQUEST MEAS. ON
[14:09:50] : REQUEST MEAS. OFF
[14:09:50] : 측정요구 ON 2
[14:09:56] : 측정요구 2OFF
[14:10:00] : 측정요구3 ON
[14:10:04] : 측정요구3 OFF
[14:10:05] : 측정요구4 ON
[14:10:10] : 측정요구4 OFF
[14:10:14] : Cycle start ON
[14:10:15] : Cycle start OFF
[14:10:20] : REQUEST MEAS. ON
[14:10:24] : REQUEST MEAS. OFF
[14:10:24] : 측정요구 ON 2
[14:10:30] : 측정요구 2OFF
[14:10:34] : 측정요구3 ON
[14:10:38] : 측정요구3 OFF
[14:10:38] : 측정요구4 ON
[14:10:44] : 측정요구4 OFF
[14:10:48] : Cycle start ON
[14:10:49] : Cycle start OFF
[14:10:54] : REQUEST MEAS. ON
[14:10:58] : REQUEST MEAS. OFF
[14:10:58] : 측정요구 ON 2
[14:11:04] : 측정요구 2OFF
[14:11:08] : 측정요구3 ON
[14:11:12] : 측정요구3 OFF
[14:11:13] : 측정요구4 ON
[14:11:17] : 측정요구4 OFF
[14:11:22] : Cycle start ON
[14:11:23] : Cycle start OFF
[14:11:28] : REQUEST MEAS. ON
[14:11:32] : REQUEST MEAS. OFF
[14:11:33] : 측정요구 ON 2
[14:11:38] : 측정요구 2OFF
[14:11:43] : 측정요구3 ON
[14:11:47] : 측정요구3 OFF
[14:11:48] : 측정요구4 ON
[14:11:53] : 측정요구4 OFF
[14:11:57] : Cycle start ON
[14:11:58] : Cycle start OFF
[14:12:03] : REQUEST MEAS. ON
[14:12:07] : REQUEST MEAS. OFF
[14:12:07] : 측정요구 ON 2
[14:12:13] : 측정요구 2OFF
[14:12:17] : 측정요구3 ON
[14:12:21] : 측정요구3 OFF
[14:12:22] : 측정요구4 ON
[14:12:27] : 측정요구4 OFF
[14:12:31] : Cycle start ON
[14:12:32] : Cycle start OFF
[14:12:37] : REQUEST MEAS. ON
[14:12:41] : REQUEST MEAS. OFF
[14:12:41] : 측정요구 ON 2
[14:12:47] : 측정요구 2OFF
[14:12:51] : 측정요구3 ON
[14:12:56] : 측정요구3 OFF
[14:12:56] : 측정요구4 ON
[14:13:01] : 측정요구4 OFF
[14:13:05] : Cycle start ON
[14:13:06] : Cycle start OFF
[14:13:11] : REQUEST MEAS. ON
[14:13:15] : REQUEST MEAS. OFF
[14:13:15] : 측정요구 ON 2
[14:13:21] : 측정요구 2OFF
[14:13:25] : 측정요구3 ON
[14:13:30] : 측정요구3 OFF
[14:13:30] : 측정요구4 ON
[14:13:36] : 측정요구4 OFF
[14:13:40] : Cycle start ON
[14:13:41] : Cycle start OFF
[14:13:46] : REQUEST MEAS. ON
[14:13:50] : REQUEST MEAS. OFF
[14:13:50] : 측정요구 ON 2
[14:13:55] : 측정요구 2OFF
[14:14:00] : 측정요구3 ON
[14:14:04] : 측정요구3 OFF
[14:14:04] : 측정요구4 ON
[14:14:10] : 측정요구4 OFF
[14:14:59] : Cycle start ON
[14:14:59] : Cycle start OFF
[14:15:04] : REQUEST MEAS. ON
[14:15:09] : REQUEST MEAS. OFF
[14:15:09] : 측정요구 ON 2
[14:15:14] : 측정요구 2OFF
[14:15:18] : 측정요구3 ON
[14:15:23] : 측정요구3 OFF
[14:15:23] : 측정요구4 ON
[14:15:29] : 측정요구4 OFF
[14:15:33] : Cycle start ON
[14:15:34] : Cycle start OFF
[14:15:39] : REQUEST MEAS. ON
[14:15:43] : REQUEST MEAS. OFF
[14:15:43] : 측정요구 ON 2
[14:15:49] : 측정요구 2OFF
[14:15:53] : 측정요구3 ON
[14:15:57] : 측정요구3 OFF
[14:15:58] : 측정요구4 ON
[14:16:03] : 측정요구4 OFF
[14:16:07] : Cycle start ON
[14:16:08] : Cycle start OFF
[14:16:13] : REQUEST MEAS. ON
[14:16:17] : REQUEST MEAS. OFF
[14:16:17] : 측정요구 ON 2
[14:16:23] : 측정요구 2OFF
[14:16:27] : 측정요구3 ON
[14:16:32] : 측정요구3 OFF
[14:16:32] : 측정요구4 ON
[14:16:37] : 측정요구4 OFF
[14:16:41] : Cycle start ON
[14:16:42] : Cycle start OFF
[14:16:47] : REQUEST MEAS. ON
[14:16:51] : REQUEST MEAS. OFF
[14:16:52] : 측정요구 ON 2
[14:16:57] : 측정요구 2OFF
[14:17:01] : 측정요구3 ON
[14:17:06] : 측정요구3 OFF
[14:17:06] : 측정요구4 ON
[14:17:11] : 측정요구4 OFF
[14:17:15] : Cycle start ON
[14:17:16] : Cycle start OFF
[14:17:21] : REQUEST MEAS. ON
[14:17:25] : REQUEST MEAS. OFF
[14:17:26] : 측정요구 ON 2
[14:17:31] : 측정요구 2OFF
[14:17:36] : 측정요구3 ON
[14:17:40] : 측정요구3 OFF
[14:17:41] : 측정요구4 ON
[14:17:46] : 측정요구4 OFF
[14:17:50] : Cycle start ON
[14:17:51] : Cycle start OFF
[14:17:56] : REQUEST MEAS. ON
[14:18:00] : REQUEST MEAS. OFF
[14:18:00] : 측정요구 ON 2
[14:18:06] : 측정요구 2OFF
[14:18:10] : 측정요구3 ON
[14:18:15] : 측정요구3 OFF
[14:18:15] : 측정요구4 ON
[14:18:19] : 측정요구4 OFF
[14:18:24] : Cycle start ON
[14:18:25] : Cycle start OFF
[14:18:30] : REQUEST MEAS. ON
[14:18:34] : REQUEST MEAS. OFF
[14:18:35] : 측정요구 ON 2
[14:18:40] : 측정요구 2OFF
[14:18:44] : 측정요구3 ON
[14:18:49] : 측정요구3 OFF
[14:18:49] : 측정요구4 ON
[14:18:54] : 측정요구4 OFF
[14:18:58] : Cycle start ON
[14:18:59] : Cycle start OFF
[14:19:04] : REQUEST MEAS. ON
[14:19:08] : REQUEST MEAS. OFF
[14:19:08] : 측정요구 ON 2
[14:19:14] : 측정요구 2OFF
[14:19:18] : 측정요구3 ON
[14:19:23] : 측정요구3 OFF
[14:19:23] : 측정요구4 ON
[14:19:28] : 측정요구4 OFF
[14:19:33] : Cycle start ON
[14:19:34] : Cycle start OFF
[14:19:39] : REQUEST MEAS. ON
[14:19:43] : REQUEST MEAS. OFF
[14:19:43] : 측정요구 ON 2
[14:19:48] : 측정요구 2OFF
[14:19:53] : 측정요구3 ON
[14:19:58] : 측정요구3 OFF
[14:19:58] : 측정요구4 ON
[14:20:03] : 측정요구4 OFF
[14:20:07] : Cycle start ON
[14:20:08] : Cycle start OFF
[14:20:13] : REQUEST MEAS. ON
[14:20:17] : REQUEST MEAS. OFF
[14:20:17] : 측정요구 ON 2
[14:20:23] : 측정요구 2OFF
[14:20:27] : 측정요구3 ON
[14:20:31] : 측정요구3 OFF
[14:20:31] : 측정요구4 ON
[14:20:37] : 측정요구4 OFF
[14:31:24] : PROGRAM END
 
[14:31:28] : PROGRAM START
[14:31:30] : AUTO RUNNING OFF
[14:31:30] : REQUEST MEAS. OFF
[14:31:30] : REQUEST ZEROSET OFF
[14:31:30] : REQUEST ZEROSET OFF
[14:32:32] : PROGRAM END
 
[14:35:08] : PROGRAM START
[14:35:10] : AUTO RUNNING OFF
[14:35:10] : REQUEST MEAS. OFF
[14:35:10] : REQUEST ZEROSET OFF
[14:35:10] : REQUEST ZEROSET OFF
[14:37:01] : PROGRAM END
 
[14:37:36] : PROGRAM START
[14:37:38] : AUTO RUNNING OFF
[14:37:38] : REQUEST MEAS. OFF
[14:37:38] : REQUEST ZEROSET OFF
[14:37:38] : REQUEST ZEROSET OFF
[14:38:58] : PROGRAM END
 
[14:45:09] : PROGRAM START
[14:45:11] : AUTO RUNNING OFF
[14:45:11] : REQUEST MEAS. OFF
[14:45:11] : REQUEST ZEROSET OFF
[14:45:11] : REQUEST ZEROSET OFF
[15:05:45] : Cycle start ON
[15:05:45] : Cycle start OFF
[15:05:50] : REQUEST MEAS. ON
[15:05:55] : REQUEST MEAS. OFF
[15:05:55] : 측정요구 ON 2
[15:06:00] : 측정요구 2OFF
[15:06:04] : 측정요구3 ON
[15:06:09] : 측정요구3 OFF
[15:06:09] : 측정요구4 ON
[15:06:15] : 측정요구4 OFF
[15:07:05] : Cycle start ON
[15:07:06] : Cycle start OFF
[15:07:11] : REQUEST MEAS. ON
[15:07:15] : REQUEST MEAS. OFF
[15:07:15] : 측정요구 ON 2
[15:07:21] : 측정요구 2OFF
[15:07:25] : 측정요구3 ON
[15:07:29] : 측정요구3 OFF
[15:07:29] : 측정요구4 ON
[15:07:35] : 측정요구4 OFF
[15:07:45] : Cycle start ON
[15:07:45] : Cycle start OFF
[15:07:50] : REQUEST MEAS. ON
[15:07:55] : REQUEST MEAS. OFF
[15:07:55] : 측정요구 ON 2
[15:08:00] : 측정요구 2OFF
[15:08:04] : 측정요구3 ON
[15:08:08] : 측정요구3 OFF
[15:08:08] : 측정요구4 ON
[15:08:14] : 측정요구4 OFF
[15:08:19] : Cycle start ON
[15:08:20] : Cycle start OFF
[15:08:25] : REQUEST MEAS. ON
[15:08:29] : REQUEST MEAS. OFF
[15:08:29] : 측정요구 ON 2
[15:08:34] : 측정요구 2OFF
[15:08:39] : 측정요구3 ON
[15:08:44] : 측정요구3 OFF
[15:08:44] : 측정요구4 ON
[15:08:49] : 측정요구4 OFF
[15:08:53] : Cycle start ON
[15:08:54] : Cycle start OFF
[15:08:59] : REQUEST MEAS. ON
[15:09:03] : REQUEST MEAS. OFF
[15:09:03] : 측정요구 ON 2
[15:09:09] : 측정요구 2OFF
[15:09:13] : 측정요구3 ON
[15:09:17] : 측정요구3 OFF
[15:09:17] : 측정요구4 ON
[15:09:23] : 측정요구4 OFF
[15:09:27] : Cycle start ON
[15:09:28] : Cycle start OFF
[15:09:33] : REQUEST MEAS. ON
[15:09:37] : REQUEST MEAS. OFF
[15:09:37] : 측정요구 ON 2
[15:09:43] : 측정요구 2OFF
[15:09:47] : 측정요구3 ON
[15:09:51] : 측정요구3 OFF
[15:09:51] : 측정요구4 ON
[15:09:57] : 측정요구4 OFF
[15:10:01] : Cycle start ON
[15:10:02] : Cycle start OFF
[15:10:07] : REQUEST MEAS. ON
[15:10:11] : REQUEST MEAS. OFF
[15:10:11] : 측정요구 ON 2
[15:10:17] : 측정요구 2OFF
[15:10:21] : 측정요구3 ON
[15:10:25] : 측정요구3 OFF
[15:10:26] : 측정요구4 ON
[15:10:30] : 측정요구4 OFF
[15:10:35] : Cycle start ON
[15:10:36] : Cycle start OFF
[15:10:41] : REQUEST MEAS. ON
[15:10:45] : REQUEST MEAS. OFF
[15:10:45] : 측정요구 ON 2
[15:10:51] : 측정요구 2OFF
[15:10:55] : 측정요구3 ON
[15:10:59] : 측정요구3 OFF
[15:10:59] : 측정요구4 ON
[15:11:05] : 측정요구4 OFF
[15:11:09] : Cycle start ON
[15:11:10] : Cycle start OFF
[15:11:15] : REQUEST MEAS. ON
[15:11:19] : REQUEST MEAS. OFF
[15:11:19] : 측정요구 ON 2
[15:11:25] : 측정요구 2OFF
[15:11:29] : 측정요구3 ON
[15:11:34] : 측정요구3 OFF
[15:11:34] : 측정요구4 ON
[15:11:39] : 측정요구4 OFF
[15:11:44] : Cycle start ON
[15:11:45] : Cycle start OFF
[15:11:50] : REQUEST MEAS. ON
[15:11:54] : REQUEST MEAS. OFF
[15:11:54] : 측정요구 ON 2
[15:11:59] : 측정요구 2OFF
[15:12:04] : 측정요구3 ON
[15:12:09] : 측정요구3 OFF
[15:12:09] : 측정요구4 ON
[15:12:13] : 측정요구4 OFF
[15:12:18] : Cycle start ON
[15:12:19] : Cycle start OFF
[15:12:24] : REQUEST MEAS. ON
[15:12:28] : REQUEST MEAS. OFF
[15:12:29] : 측정요구 ON 2
[15:12:34] : 측정요구 2OFF
[15:12:38] : 측정요구3 ON
[15:12:42] : 측정요구3 OFF
[15:12:43] : 측정요구4 ON
[15:12:48] : 측정요구4 OFF
[15:12:52] : Cycle start ON
[15:12:53] : Cycle start OFF
[15:12:58] : REQUEST MEAS. ON
[15:13:02] : REQUEST MEAS. OFF
[15:13:02] : 측정요구 ON 2
[15:13:08] : 측정요구 2OFF
[15:13:12] : 측정요구3 ON
[15:13:17] : 측정요구3 OFF
[15:13:17] : 측정요구4 ON
[15:13:22] : 측정요구4 OFF
[15:21:07] : Plc Error Timer
[15:21:13] : Plc Error Timer
[15:21:19] : Plc Error Timer
[15:21:56] : Plc Error Timer
[15:23:35] : Plc Error Timer
[15:24:29] : Plc Error Timer
[15:26:01] : Plc Error Timer
[15:27:10] : Plc Error Timer
[15:45:40] : Plc Error Timer
[15:50:29] : Cycle start ON
[15:50:30] : Cycle start OFF
[15:50:45] : REQUEST MEAS. ON
[15:50:50] : REQUEST MEAS. OFF
[15:50:50] : 측정요구 ON 2
[15:50:56] : 측정요구 2OFF
[15:50:59] : 측정요구3 ON
[15:51:04] : 측정요구3 OFF
[15:51:04] : 측정요구4 ON
[15:51:10] : 측정요구4 OFF
[15:52:10] : Cycle start ON
[15:52:11] : Cycle start OFF
[15:52:16] : REQUEST MEAS. ON
[15:52:20] : REQUEST MEAS. OFF
[15:52:20] : 측정요구 ON 2
[15:52:26] : 측정요구 2OFF
[15:52:29] : 측정요구3 ON
[15:52:34] : 측정요구3 OFF
[15:52:34] : 측정요구4 ON
[15:52:40] : 측정요구4 OFF
[15:54:15] : Cycle start ON
[15:54:15] : Cycle start OFF
[15:54:20] : REQUEST MEAS. ON
[15:54:25] : REQUEST MEAS. OFF
[15:54:25] : 측정요구 ON 2
[15:54:30] : 측정요구 2OFF
[15:54:33] : 측정요구3 ON
[15:54:38] : 측정요구3 OFF
[15:54:38] : 측정요구4 ON
[15:54:44] : 측정요구4 OFF
[15:54:48] : Cycle start ON
[15:54:49] : Cycle start OFF
[15:54:53] : REQUEST MEAS. ON
[15:54:58] : REQUEST MEAS. OFF
[15:54:58] : 측정요구 ON 2
[15:55:04] : 측정요구 2OFF
[15:55:08] : 측정요구3 ON
[15:55:12] : 측정요구3 OFF
[15:55:12] : 측정요구4 ON
[15:55:18] : 측정요구4 OFF
[15:55:22] : Cycle start ON
[15:55:23] : Cycle start OFF
[15:55:27] : REQUEST MEAS. ON
[15:55:32] : REQUEST MEAS. OFF
[15:55:32] : 측정요구 ON 2
[15:55:37] : 측정요구 2OFF
[15:55:40] : 측정요구3 ON
[15:55:45] : 측정요구3 OFF
[15:55:45] : 측정요구4 ON
[15:55:51] : 측정요구4 OFF
[15:55:55] : Cycle start ON
[15:55:56] : Cycle start OFF
[15:56:00] : REQUEST MEAS. ON
[15:56:05] : REQUEST MEAS. OFF
[15:56:05] : 측정요구 ON 2
[15:56:11] : 측정요구 2OFF
[15:56:14] : 측정요구3 ON
[15:56:19] : 측정요구3 OFF
[15:56:19] : 측정요구4 ON
[15:56:25] : 측정요구4 OFF
[15:56:29] : Cycle start ON
[15:56:30] : Cycle start OFF
[15:56:34] : REQUEST MEAS. ON
[15:56:39] : REQUEST MEAS. OFF
[15:56:39] : 측정요구 ON 2
[15:56:45] : 측정요구 2OFF
[15:56:48] : 측정요구3 ON
[15:56:53] : 측정요구3 OFF
[15:56:53] : 측정요구4 ON
[15:56:58] : 측정요구4 OFF
[15:57:03] : Cycle start ON
[15:57:04] : Cycle start OFF
[15:57:08] : REQUEST MEAS. ON
[15:57:13] : REQUEST MEAS. OFF
[15:57:13] : 측정요구 ON 2
[15:57:18] : 측정요구 2OFF
[15:57:21] : 측정요구3 ON
[15:57:26] : 측정요구3 OFF
[15:57:26] : 측정요구4 ON
[15:57:32] : 측정요구4 OFF
[15:57:36] : Cycle start ON
[15:57:37] : Cycle start OFF
[15:57:41] : REQUEST MEAS. ON
[15:57:46] : REQUEST MEAS. OFF
[15:57:46] : 측정요구 ON 2
[15:57:52] : 측정요구 2OFF
[15:57:55] : 측정요구3 ON
[15:58:00] : 측정요구3 OFF
[15:58:00] : 측정요구4 ON
[15:58:06] : 측정요구4 OFF
[15:58:10] : Cycle start ON
[15:58:11] : Cycle start OFF
[15:58:15] : REQUEST MEAS. ON
[15:58:20] : REQUEST MEAS. OFF
[15:58:20] : 측정요구 ON 2
[15:58:24] : 측정요구 2OFF
[15:58:28] : 측정요구3 ON
[15:58:33] : 측정요구3 OFF
[15:58:33] : 측정요구4 ON
[15:58:39] : 측정요구4 OFF
[15:58:43] : Cycle start ON
[15:58:44] : Cycle start OFF
[15:58:48] : REQUEST MEAS. ON
[15:58:53] : REQUEST MEAS. OFF
[15:58:53] : 측정요구 ON 2
[15:58:59] : 측정요구 2OFF
[15:59:03] : 측정요구3 ON
[15:59:07] : 측정요구3 OFF
[15:59:07] : 측정요구4 ON
[15:59:13] : 측정요구4 OFF
[15:59:17] : Cycle start ON
[15:59:18] : Cycle start OFF
[15:59:22] : REQUEST MEAS. ON
[15:59:27] : REQUEST MEAS. OFF
[15:59:27] : 측정요구 ON 2
[15:59:33] : 측정요구 2OFF
[15:59:36] : 측정요구3 ON
[15:59:41] : 측정요구3 OFF
[15:59:41] : 측정요구4 ON
[15:59:46] : 측정요구4 OFF
[16:08:45] : Cycle start ON
[16:08:46] : Cycle start OFF
[16:08:50] : REQUEST MEAS. ON
[16:08:55] : REQUEST MEAS. OFF
[16:08:55] : 측정요구 ON 2
[16:09:00] : 측정요구 2OFF
[16:09:04] : 측정요구3 ON
[16:09:08] : 측정요구3 OFF
[16:09:08] : 측정요구4 ON
[16:09:14] : 측정요구4 OFF
[16:09:18] : Cycle start ON
[16:09:19] : Cycle start OFF
[16:09:23] : REQUEST MEAS. ON
[16:09:28] : REQUEST MEAS. OFF
[16:09:28] : 측정요구 ON 2
[16:09:34] : 측정요구 2OFF
[16:09:37] : 측정요구3 ON
[16:09:42] : 측정요구3 OFF
[16:09:42] : 측정요구4 ON
[16:09:48] : 측정요구4 OFF
[16:09:52] : Cycle start ON
[16:09:52] : Cycle start OFF
[16:09:57] : REQUEST MEAS. ON
[16:10:02] : REQUEST MEAS. OFF
[16:10:02] : 측정요구 ON 2
[16:10:08] : 측정요구 2OFF
[16:10:11] : 측정요구3 ON
[16:10:16] : 측정요구3 OFF
[16:10:16] : 측정요구4 ON
[16:10:22] : 측정요구4 OFF
[16:10:26] : Cycle start ON
[16:10:26] : Cycle start OFF
[16:10:31] : REQUEST MEAS. ON
[16:10:36] : REQUEST MEAS. OFF
[16:10:36] : 측정요구 ON 2
[16:10:41] : 측정요구 2OFF
[16:10:45] : 측정요구3 ON
[16:10:50] : 측정요구3 OFF
[16:10:50] : 측정요구4 ON
[16:10:55] : 측정요구4 OFF
[16:10:59] : Cycle start ON
[16:11:00] : Cycle start OFF
[16:11:04] : REQUEST MEAS. ON
[16:11:09] : REQUEST MEAS. OFF
[16:11:09] : 측정요구 ON 2
[16:11:15] : 측정요구 2OFF
[16:11:18] : 측정요구3 ON
[16:11:23] : 측정요구3 OFF
[16:11:23] : 측정요구4 ON
[16:11:29] : 측정요구4 OFF
[16:11:33] : Cycle start ON
[16:11:34] : Cycle start OFF
[16:11:38] : REQUEST MEAS. ON
[16:11:43] : REQUEST MEAS. OFF
[16:11:43] : 측정요구 ON 2
[16:11:49] : 측정요구 2OFF
[16:11:52] : 측정요구3 ON
[16:11:57] : 측정요구3 OFF
[16:11:57] : 측정요구4 ON
[16:12:02] : 측정요구4 OFF
[16:12:07] : Cycle start ON
[16:12:08] : Cycle start OFF
[16:12:12] : REQUEST MEAS. ON
[16:12:17] : REQUEST MEAS. OFF
[16:12:17] : 측정요구 ON 2
[16:12:22] : 측정요구 2OFF
[16:12:25] : 측정요구3 ON
[16:12:30] : 측정요구3 OFF
[16:12:30] : 측정요구4 ON
[16:12:36] : 측정요구4 OFF
[16:12:40] : Cycle start ON
[16:12:40] : Cycle start OFF
[16:12:45] : REQUEST MEAS. ON
[16:12:50] : REQUEST MEAS. OFF
[16:12:50] : 측정요구 ON 2
[16:12:56] : 측정요구 2OFF
[16:13:00] : 측정요구3 ON
[16:13:04] : 측정요구3 OFF
[16:13:04] : 측정요구4 ON
[16:13:10] : 측정요구4 OFF
[16:13:14] : Cycle start ON
[16:13:15] : Cycle start OFF
[16:13:19] : REQUEST MEAS. ON
[16:13:24] : REQUEST MEAS. OFF
[16:13:24] : 측정요구 ON 2
[16:13:29] : 측정요구 2OFF
[16:13:33] : 측정요구3 ON
[16:13:38] : 측정요구3 OFF
[16:13:38] : 측정요구4 ON
[16:13:43] : 측정요구4 OFF
[16:13:48] : Cycle start ON
[16:13:49] : Cycle start OFF
[16:13:53] : REQUEST MEAS. ON
[16:13:58] : REQUEST MEAS. OFF
[16:13:58] : 측정요구 ON 2
[16:14:03] : 측정요구 2OFF
[16:14:06] : 측정요구3 ON
[16:14:11] : 측정요구3 OFF
[16:14:11] : 측정요구4 ON
[16:14:17] : 측정요구4 OFF
[16:22:10] : Cycle start ON
[16:22:10] : Cycle start OFF
[16:22:15] : REQUEST MEAS. ON
[16:22:20] : REQUEST MEAS. OFF
[16:22:20] : 측정요구 ON 2
[16:22:26] : 측정요구 2OFF
[16:22:30] : 측정요구3 ON
[16:22:34] : 측정요구3 OFF
[16:22:34] : 측정요구4 ON
[16:22:40] : 측정요구4 OFF
[16:22:44] : Cycle start ON
[16:22:45] : Cycle start OFF
[16:22:49] : REQUEST MEAS. ON
[16:22:54] : REQUEST MEAS. OFF
[16:22:54] : 측정요구 ON 2
[16:22:59] : 측정요구 2OFF
[16:23:02] : 측정요구3 ON
[16:23:07] : 측정요구3 OFF
[16:23:07] : 측정요구4 ON
[16:23:12] : 측정요구4 OFF
[16:23:17] : Cycle start ON
[16:23:18] : Cycle start OFF
[16:23:22] : REQUEST MEAS. ON
[16:23:27] : REQUEST MEAS. OFF
[16:23:27] : 측정요구 ON 2
[16:23:33] : 측정요구 2OFF
[16:23:36] : 측정요구3 ON
[16:23:41] : 측정요구3 OFF
[16:23:41] : 측정요구4 ON
[16:23:47] : 측정요구4 OFF
[16:23:51] : Cycle start ON
[16:23:52] : Cycle start OFF
[16:23:56] : REQUEST MEAS. ON
[16:24:01] : REQUEST MEAS. OFF
[16:24:01] : 측정요구 ON 2
[16:24:06] : 측정요구 2OFF
[16:24:10] : 측정요구3 ON
[16:24:14] : 측정요구3 OFF
[16:24:14] : 측정요구4 ON
[16:24:20] : 측정요구4 OFF
[16:24:24] : Cycle start ON
[16:24:25] : Cycle start OFF
[16:24:29] : REQUEST MEAS. ON
[16:24:34] : REQUEST MEAS. OFF
[16:24:34] : 측정요구 ON 2
[16:24:40] : 측정요구 2OFF
[16:24:43] : 측정요구3 ON
[16:24:48] : 측정요구3 OFF
[16:24:48] : 측정요구4 ON
[16:24:54] : 측정요구4 OFF
[16:24:58] : Cycle start ON
[16:24:59] : Cycle start OFF
[16:25:03] : REQUEST MEAS. ON
[16:25:08] : REQUEST MEAS. OFF
[16:25:08] : 측정요구 ON 2
[16:25:13] : 측정요구 2OFF
[16:25:17] : 측정요구3 ON
[16:25:22] : 측정요구3 OFF
[16:25:22] : 측정요구4 ON
[16:25:27] : 측정요구4 OFF
[16:25:32] : Cycle start ON
[16:25:33] : Cycle start OFF
[16:25:37] : REQUEST MEAS. ON
[16:25:42] : REQUEST MEAS. OFF
[16:25:42] : 측정요구 ON 2
[16:25:47] : 측정요구 2OFF
[16:25:51] : 측정요구3 ON
[16:25:55] : 측정요구3 OFF
[16:25:55] : 측정요구4 ON
[16:26:01] : 측정요구4 OFF
[16:26:05] : Cycle start ON
[16:26:06] : Cycle start OFF
[16:26:10] : REQUEST MEAS. ON
[16:26:15] : REQUEST MEAS. OFF
[16:26:15] : 측정요구 ON 2
[16:26:21] : 측정요구 2OFF
[16:26:25] : 측정요구3 ON
[16:26:29] : 측정요구3 OFF
[16:26:29] : 측정요구4 ON
[16:26:35] : 측정요구4 OFF
[16:26:39] : Cycle start ON
[16:26:40] : Cycle start OFF
[16:26:44] : REQUEST MEAS. ON
[16:26:49] : REQUEST MEAS. OFF
[16:26:49] : 측정요구 ON 2
[16:26:54] : 측정요구 2OFF
[16:26:57] : 측정요구3 ON
[16:27:02] : 측정요구3 OFF
[16:27:02] : 측정요구4 ON
[16:27:08] : 측정요구4 OFF
[16:27:12] : Cycle start ON
[16:27:13] : Cycle start OFF
[16:27:17] : REQUEST MEAS. ON
[16:27:22] : REQUEST MEAS. OFF
[16:27:22] : 측정요구 ON 2
[16:27:28] : 측정요구 2OFF
[16:27:32] : 측정요구3 ON
[16:27:36] : 측정요구3 OFF
[16:27:36] : 측정요구4 ON
[16:27:42] : 측정요구4 OFF
[17:04:29] : Plc Error Timer
[17:10:52] : Plc Error Timer
[17:46:24] : Cycle start ON
[17:46:24] : Cycle start OFF
[17:46:29] : REQUEST MEAS. ON
[17:46:34] : REQUEST MEAS. OFF
[17:46:34] : 측정요구 ON 2
[17:46:39] : 측정요구 2OFF
[17:46:44] : 측정요구3 ON
[17:46:48] : 측정요구3 OFF
[17:46:48] : 측정요구4 ON
[17:46:53] : 측정요구4 OFF
[17:51:46] : Cycle start ON
[17:51:47] : Cycle start OFF
[17:51:52] : REQUEST MEAS. ON
[17:51:57] : REQUEST MEAS. OFF
[17:51:57] : 측정요구 ON 2
[17:52:02] : 측정요구 2OFF
[17:52:06] : 측정요구3 ON
[17:52:11] : 측정요구3 OFF
[17:52:11] : 측정요구4 ON
[17:52:16] : 측정요구4 OFF
[17:56:42] : Plc Error Timer
[18:16:43] : Cycle start ON
[18:16:44] : Cycle start OFF
[18:16:49] : REQUEST MEAS. ON
[18:16:53] : REQUEST MEAS. OFF
[18:16:53] : 측정요구 ON 2
[18:16:58] : 측정요구 2OFF
[18:17:03] : 측정요구3 ON
[18:17:08] : 측정요구3 OFF
[18:17:08] : 측정요구4 ON
[18:17:13] : 측정요구4 OFF
[18:27:18] : Plc Error Timer
[18:29:12] : Cycle start ON
[18:29:12] : Cycle start OFF
[18:29:17] : REQUEST MEAS. ON
[18:29:21] : REQUEST MEAS. OFF
[18:29:22] : 측정요구 ON 2
[18:29:27] : 측정요구 2OFF
[18:29:30] : 측정요구3 ON
[18:29:35] : 측정요구3 OFF
[18:29:35] : 측정요구4 ON
[18:29:41] : 측정요구4 OFF
[18:30:10] : Cycle start ON
[18:30:10] : Cycle start OFF
[18:30:15] : REQUEST MEAS. ON
[18:30:19] : REQUEST MEAS. OFF
[18:30:20] : 측정요구 ON 2
[18:30:25] : 측정요구 2OFF
[18:30:29] : 측정요구3 ON
[18:30:33] : 측정요구3 OFF
[18:30:33] : 측정요구4 ON
[18:30:39] : 측정요구4 OFF
[18:30:43] : Cycle start ON
[18:30:44] : Cycle start OFF
[18:30:48] : REQUEST MEAS. ON
[18:30:53] : REQUEST MEAS. OFF
[18:30:53] : 측정요구 ON 2
[18:30:59] : 측정요구 2OFF
[18:31:02] : 측정요구3 ON
[18:31:07] : 측정요구3 OFF
[18:31:07] : 측정요구4 ON
[18:31:13] : 측정요구4 OFF
[18:31:17] : Cycle start ON
[18:31:18] : Cycle start OFF
[18:31:22] : REQUEST MEAS. ON
[18:31:27] : REQUEST MEAS. OFF
[18:31:27] : 측정요구 ON 2
[18:31:33] : 측정요구 2OFF
[18:31:36] : 측정요구3 ON
[18:31:41] : 측정요구3 OFF
[18:31:41] : 측정요구4 ON
[18:31:46] : 측정요구4 OFF
[18:31:51] : Cycle start ON
[18:31:52] : Cycle start OFF
[18:31:56] : REQUEST MEAS. ON
[18:32:01] : REQUEST MEAS. OFF
[18:32:01] : 측정요구 ON 2
[18:32:06] : 측정요구 2OFF
[18:32:09] : 측정요구3 ON
[18:32:14] : 측정요구3 OFF
[18:32:14] : 측정요구4 ON
[18:32:20] : 측정요구4 OFF
[18:32:24] : Cycle start ON
[18:32:24] : Cycle start OFF
[18:32:29] : REQUEST MEAS. ON
[18:32:34] : REQUEST MEAS. OFF
[18:32:34] : 측정요구 ON 2
[18:32:40] : 측정요구 2OFF
[18:32:43] : 측정요구3 ON
[18:32:48] : 측정요구3 OFF
[18:32:48] : 측정요구4 ON
[18:32:54] : 측정요구4 OFF
[18:34:32] : Cycle start ON
[18:34:32] : Cycle start OFF
[18:34:37] : REQUEST MEAS. ON
[18:34:42] : REQUEST MEAS. OFF
[18:34:42] : 측정요구 ON 2
[18:34:47] : 측정요구 2OFF
[18:34:51] : 측정요구3 ON
[18:34:55] : 측정요구3 OFF
[18:34:55] : 측정요구4 ON
[18:35:01] : 측정요구4 OFF
[18:35:05] : Cycle start ON
[18:35:06] : Cycle start OFF
[18:35:10] : REQUEST MEAS. ON
[18:35:15] : REQUEST MEAS. OFF
[18:35:15] : 측정요구 ON 2
[18:35:21] : 측정요구 2OFF
[18:35:24] : 측정요구3 ON
[18:35:29] : 측정요구3 OFF
[18:35:29] : 측정요구4 ON
[18:35:35] : 측정요구4 OFF
[18:35:39] : Cycle start ON
[18:35:40] : Cycle start OFF
[18:35:44] : REQUEST MEAS. ON
[18:35:49] : REQUEST MEAS. OFF
[18:35:49] : 측정요구 ON 2
[18:35:54] : 측정요구 2OFF
[18:35:58] : 측정요구3 ON
[18:36:02] : 측정요구3 OFF
[18:36:02] : 측정요구4 ON
[18:36:08] : 측정요구4 OFF
[18:36:12] : Cycle start ON
[18:36:13] : Cycle start OFF
[18:36:17] : REQUEST MEAS. ON
[18:36:22] : REQUEST MEAS. OFF
[18:36:22] : 측정요구 ON 2
[18:36:28] : 측정요구 2OFF
[18:36:31] : 측정요구3 ON
[18:36:36] : 측정요구3 OFF
[18:36:36] : 측정요구4 ON
[18:36:42] : 측정요구4 OFF
[18:36:46] : Cycle start ON
[18:36:46] : Cycle start OFF
[18:36:51] : REQUEST MEAS. ON
[18:36:56] : REQUEST MEAS. OFF
[18:36:56] : 측정요구 ON 2
[18:37:01] : 측정요구 2OFF
[18:37:06] : 측정요구3 ON
[18:37:10] : 측정요구3 OFF
[18:37:10] : 측정요구4 ON
[18:37:15] : 측정요구4 OFF
[19:48:49] : Plc Error Timer
[19:50:23] : Plc Error Timer
[20:00:35] : Plc Error Timer
[20:39:27] : Plc Error Timer
 
