[11:28:45] : Cycle start ON
[11:28:45] : Cycle start OFF
[11:28:50] : REQUEST MEAS. ON
[11:28:59] : REQUEST MEAS. OFF
[11:28:59] : end pos sig1 : 50.000000, 50.000000
[11:28:59] : 측정요구 ON 2
[11:29:09] : 측정요구 2OFF
[11:29:09] : end pos sig2 : -50.000000, -50.000000
[11:29:12] : 측정요구3 ON
[11:29:21] : 측정요구3 OFF
[11:29:21] : end pos sig3 : 50.000000, 50.000000
[11:29:21] : 측정요구4 ON
[11:29:31] : 측정요구4 OFF
[11:29:31] : end pos sig4 : -50.000000, -50.000000
[11:29:51] : Cycle start ON
[11:29:51] : Cycle start OFF
[11:29:57] : REQUEST MEAS. ON
[11:30:06] : REQUEST MEAS. OFF
[11:30:06] : end pos sig1 : 50.000000, 50.000000
[11:30:06] : 측정요구 ON 2
[11:30:16] : 측정요구 2OFF
[11:30:16] : end pos sig2 : -50.000000, -50.000000
[11:30:20] : 측정요구3 ON
[11:30:29] : 측정요구3 OFF
[11:30:29] : end pos sig3 : 50.000000, 50.000000
[11:30:29] : 측정요구4 ON
[11:30:38] : 측정요구4 OFF
[11:30:38] : end pos sig4 : -50.000000, -50.000000
[11:31:08] : Cycle start ON
[11:31:08] : Cycle start OFF
[11:31:14] : REQUEST MEAS. ON
[11:31:23] : REQUEST MEAS. OFF
[11:31:23] : end pos sig1 : 50.000000, 50.000000
[11:31:23] : 측정요구 ON 2
[11:31:33] : 측정요구 2OFF
[11:31:33] : end pos sig2 : -50.000000, -50.000000
[11:31:36] : 측정요구3 ON
[11:31:45] : 측정요구3 OFF
[11:31:45] : end pos sig3 : 50.000000, 50.000000
[11:31:45] : 측정요구4 ON
[11:31:55] : 측정요구4 OFF
[11:31:55] : end pos sig4 : -50.000000, -50.000000
[11:32:41] : Cycle start ON
[11:32:42] : Cycle start OFF
[11:32:48] : REQUEST MEAS. ON
[11:32:57] : REQUEST MEAS. OFF
[11:32:57] : end pos sig1 : 50.000000, 50.000000
[11:32:57] : 측정요구 ON 2
[11:33:07] : 측정요구 2OFF
[11:33:07] : end pos sig2 : -50.000000, -50.000000
[11:33:10] : 측정요구3 ON
[11:33:19] : 측정요구3 OFF
[11:33:19] : end pos sig3 : 50.000000, 50.000000
[11:33:19] : 측정요구4 ON
[11:33:29] : 측정요구4 OFF
[11:33:29] : end pos sig4 : -50.000000, -50.000000
[11:34:12] : Cycle start ON
[11:34:12] : Cycle start OFF
[11:34:18] : REQUEST MEAS. ON
[11:34:27] : REQUEST MEAS. OFF
[11:34:27] : end pos sig1 : 50.000000, 50.000000
[11:34:27] : 측정요구 ON 2
[11:34:37] : 측정요구 2OFF
[11:34:37] : end pos sig2 : -50.000000, -50.000000
[11:34:41] : 측정요구3 ON
[11:34:50] : 측정요구3 OFF
[11:34:50] : end pos sig3 : 50.000000, 50.000000
[11:34:50] : 측정요구4 ON
[11:35:00] : 측정요구4 OFF
[11:35:00] : end pos sig4 : -50.000000, -50.000000
 
