[23:50:03] : 측정요구4 ON
[23:50:13] : 측정요구4 OFF
[23:50:13] : end pos sig4 : -50.000000, -50.000000
[23:50:17] : Cycle start ON
[23:50:18] : Cycle start OFF
[23:50:23] : REQUEST MEAS. ON
[23:50:32] : REQUEST MEAS. OFF
[23:50:32] : end pos sig1 : 50.000000, 50.000000
[23:50:32] : 측정요구 ON 2
[23:50:42] : 측정요구 2OFF
[23:50:42] : end pos sig2 : -50.000000, -50.000000
[23:50:47] : 측정요구3 ON
[23:50:56] : 측정요구3 OFF
[23:50:56] : end pos sig3 : 50.000000, 50.000000
[23:50:56] : 측정요구4 ON
[23:51:05] : 측정요구4 OFF
[23:51:05] : end pos sig4 : -50.000000, -50.000000
[23:51:10] : Cycle start ON
[23:51:11] : Cycle start OFF
[23:51:16] : REQUEST MEAS. ON
[23:51:25] : REQUEST MEAS. OFF
[23:51:25] : end pos sig1 : 50.000000, 50.000000
[23:51:25] : 측정요구 ON 2
[23:51:34] : 측정요구 2OFF
[23:51:34] : end pos sig2 : -50.000000, -50.000000
[23:51:39] : 측정요구3 ON
[23:51:48] : 측정요구3 OFF
[23:51:48] : end pos sig3 : 50.000000, 50.000000
[23:51:48] : 측정요구4 ON
[23:51:57] : 측정요구4 OFF
[23:51:57] : end pos sig4 : -50.000000, -50.000000
[23:52:02] : Cycle start ON
[23:52:03] : Cycle start OFF
[23:52:08] : REQUEST MEAS. ON
[23:52:17] : REQUEST MEAS. OFF
[23:52:17] : end pos sig1 : 50.000000, 50.000000
[23:52:17] : 측정요구 ON 2
[23:52:26] : 측정요구 2OFF
[23:52:26] : end pos sig2 : -50.000000, -50.000000
[23:52:31] : 측정요구3 ON
[23:52:40] : 측정요구3 OFF
[23:52:40] : end pos sig3 : 50.000000, 50.000000
[23:52:40] : 측정요구4 ON
[23:52:49] : 측정요구4 OFF
[23:52:49] : end pos sig4 : -50.000000, -50.000000
[23:52:55] : Cycle start ON
[23:52:55] : Cycle start OFF
[23:53:00] : REQUEST MEAS. ON
[23:53:09] : REQUEST MEAS. OFF
[23:53:09] : end pos sig1 : 50.000000, 50.000000
[23:53:09] : 측정요구 ON 2
[23:53:18] : 측정요구 2OFF
[23:53:18] : end pos sig2 : -50.000000, -50.000000
[23:53:23] : 측정요구3 ON
[23:53:32] : 측정요구3 OFF
[23:53:32] : end pos sig3 : 50.000000, 50.000000
[23:53:32] : 측정요구4 ON
[23:53:41] : 측정요구4 OFF
[23:53:41] : end pos sig4 : -50.000000, -50.000000
[23:53:46] : Cycle start ON
[23:53:47] : Cycle start OFF
[23:53:52] : REQUEST MEAS. ON
[23:54:01] : REQUEST MEAS. OFF
[23:54:01] : end pos sig1 : 50.000000, 50.000000
[23:54:01] : 측정요구 ON 2
[23:54:10] : 측정요구 2OFF
[23:54:10] : end pos sig2 : -50.000000, -50.000000
[23:54:15] : 측정요구3 ON
[23:54:24] : 측정요구3 OFF
[23:54:24] : end pos sig3 : 50.000000, 50.000000
[23:54:24] : 측정요구4 ON
[23:54:33] : 측정요구4 OFF
[23:54:33] : end pos sig4 : -50.000000, -50.000000
[23:54:39] : Cycle start ON
[23:54:39] : Cycle start OFF
[23:54:44] : REQUEST MEAS. ON
[23:54:53] : REQUEST MEAS. OFF
[23:54:53] : end pos sig1 : 50.000000, 50.000000
[23:54:53] : 측정요구 ON 2
[23:55:02] : 측정요구 2OFF
[23:55:02] : end pos sig2 : -50.000000, -50.000000
[23:55:07] : 측정요구3 ON
[23:55:16] : 측정요구3 OFF
[23:55:16] : end pos sig3 : 50.000000, 50.000000
[23:55:16] : 측정요구4 ON
[23:55:25] : 측정요구4 OFF
[23:55:25] : end pos sig4 : -50.000000, -50.000000
[23:55:30] : Cycle start ON
[23:55:31] : Cycle start OFF
[23:55:36] : REQUEST MEAS. ON
[23:55:45] : REQUEST MEAS. OFF
[23:55:45] : end pos sig1 : 50.000000, 50.000000
[23:55:45] : 측정요구 ON 2
[23:55:54] : 측정요구 2OFF
[23:55:54] : end pos sig2 : -50.000000, -50.000000
[23:55:59] : 측정요구3 ON
[23:56:08] : 측정요구3 OFF
[23:56:08] : end pos sig3 : 50.000000, 50.000000
[23:56:08] : 측정요구4 ON
[23:56:18] : 측정요구4 OFF
[23:56:18] : end pos sig4 : -50.000000, -50.000000
[23:56:23] : Cycle start ON
[23:56:23] : Cycle start OFF
[23:56:28] : REQUEST MEAS. ON
[23:56:37] : REQUEST MEAS. OFF
[23:56:37] : end pos sig1 : 50.000000, 50.000000
[23:56:37] : 측정요구 ON 2
[23:56:47] : 측정요구 2OFF
[23:56:47] : end pos sig2 : -50.000000, -50.000000
[23:56:51] : 측정요구3 ON
[23:57:00] : 측정요구3 OFF
[23:57:00] : end pos sig3 : 50.000000, 50.000000
[23:57:00] : 측정요구4 ON
[23:57:10] : 측정요구4 OFF
[23:57:10] : end pos sig4 : -50.000000, -50.000000
[23:57:15] : Cycle start ON
[23:57:15] : Cycle start OFF
[23:57:20] : REQUEST MEAS. ON
[23:57:29] : REQUEST MEAS. OFF
[23:57:29] : end pos sig1 : 50.000000, 50.000000
[23:57:29] : 측정요구 ON 2
[23:57:39] : 측정요구 2OFF
[23:57:39] : end pos sig2 : -50.000000, -50.000000
[23:57:43] : 측정요구3 ON
[23:57:52] : 측정요구3 OFF
[23:57:52] : end pos sig3 : 50.000000, 50.000000
[23:57:52] : 측정요구4 ON
[23:58:02] : 측정요구4 OFF
[23:58:02] : end pos sig4 : -50.000000, -50.000000
[23:58:07] : Cycle start ON
[23:58:07] : Cycle start OFF
[23:58:12] : REQUEST MEAS. ON
[23:58:21] : REQUEST MEAS. OFF
[23:58:21] : end pos sig1 : 50.000000, 50.000000
[23:58:21] : 측정요구 ON 2
[23:58:31] : 측정요구 2OFF
[23:58:31] : end pos sig2 : -50.000000, -50.000000
[23:58:35] : 측정요구3 ON
[23:58:44] : 측정요구3 OFF
[23:58:44] : end pos sig3 : 50.000000, 50.000000
[23:58:44] : 측정요구4 ON
[23:58:54] : 측정요구4 OFF
[23:58:54] : end pos sig4 : -50.000000, -50.000000
[23:58:59] : Cycle start ON
[23:58:59] : Cycle start OFF
[23:59:04] : REQUEST MEAS. ON
[23:59:50] : REQUEST MEAS. OFF
[23:59:50] : end pos sig1 : 50.000000, 50.000000
[00:00:00] : Cycle start ON
[00:00:00] : Cycle start OFF
[00:01:15] : REQUEST MEAS. ON
[00:01:18] : REQUEST MEAS. OFF
[00:01:18] : end pos sig1 : -24.060000, 30.210000
[00:01:32] : Cycle start ON
[00:01:32] : Cycle start OFF
[00:01:38] : REQUEST MEAS. ON
[00:02:11] : REQUEST MEAS. OFF
[00:02:11] : end pos sig1 : 0.000000, 0.000000
[00:02:13] : Cycle start ON
[00:02:13] : Cycle start OFF
[00:02:18] : REQUEST MEAS. ON
[00:02:27] : REQUEST MEAS. OFF
[00:02:27] : end pos sig1 : 50.000000, 50.000000
[00:02:27] : 측정요구 ON 2
[00:02:37] : 측정요구 2OFF
[00:02:37] : end pos sig2 : -50.000000, -50.000000
[00:02:41] : 측정요구3 ON
[00:02:50] : 측정요구3 OFF
[00:02:50] : end pos sig3 : 50.000000, 50.000000
[00:02:50] : 측정요구4 ON
[00:03:00] : 측정요구4 OFF
[00:03:00] : end pos sig4 : -50.000000, -50.000000
[00:03:31] : Cycle start ON
[00:03:31] : Cycle start OFF
[00:03:36] : REQUEST MEAS. ON
[00:03:45] : REQUEST MEAS. OFF
[00:03:45] : end pos sig1 : 50.000000, 50.000000
[00:03:45] : 측정요구 ON 2
[00:03:55] : 측정요구 2OFF
[00:03:55] : end pos sig2 : -50.000000, -50.000000
[00:04:00] : 측정요구3 ON
[00:04:09] : 측정요구3 OFF
[00:04:09] : end pos sig3 : 50.000000, 50.000000
[00:04:09] : 측정요구4 ON
[00:04:18] : 측정요구4 OFF
[00:04:18] : end pos sig4 : -50.000000, -50.000000
[00:04:56] : Cycle start ON
[00:04:57] : Cycle start OFF
[00:05:02] : REQUEST MEAS. ON
[00:05:21] : REQUEST MEAS. OFF
[00:05:21] : end pos sig1 : 50.000000, 50.000000
[00:05:35] : Cycle start ON
[00:05:36] : Cycle start OFF
[00:05:41] : REQUEST MEAS. ON
[00:05:55] : REQUEST MEAS. OFF
[00:05:55] : end pos sig1 : 50.000000, 50.000000
[00:06:04] : Cycle start ON
[00:06:04] : Cycle start OFF
[00:06:09] : REQUEST MEAS. ON
[00:06:19] : REQUEST MEAS. OFF
[00:06:19] : end pos sig1 : 50.000000, 50.000000
[00:06:19] : 측정요구 ON 2
[00:06:28] : 측정요구 2OFF
[00:06:28] : end pos sig2 : -50.000000, -50.000000
[00:06:32] : 측정요구3 ON
[00:06:41] : 측정요구3 OFF
[00:06:41] : end pos sig3 : 50.000000, 50.000000
[00:06:41] : 측정요구4 ON
[00:06:51] : 측정요구4 OFF
[00:06:51] : end pos sig4 : -50.000000, -50.000000
[00:07:43] : Cycle start ON
[00:07:44] : Cycle start OFF
[00:07:49] : REQUEST MEAS. ON
[00:07:58] : REQUEST MEAS. OFF
[00:07:58] : end pos sig1 : 50.000000, 50.000000
[00:07:58] : 측정요구 ON 2
[00:08:07] : 측정요구 2OFF
[00:08:07] : end pos sig2 : -50.000000, -50.000000
[00:08:11] : 측정요구3 ON
[00:08:20] : 측정요구3 OFF
[00:08:20] : end pos sig3 : 50.000000, 50.000000
[00:08:20] : 측정요구4 ON
[00:08:30] : 측정요구4 OFF
[00:08:30] : end pos sig4 : -50.000000, -50.000000
[00:08:45] : Cycle start ON
[00:08:46] : Cycle start OFF
[00:08:50] : REQUEST MEAS. ON
[00:09:00] : REQUEST MEAS. OFF
[00:09:00] : end pos sig1 : 50.000000, 50.000000
[00:09:00] : 측정요구 ON 2
[00:09:09] : 측정요구 2OFF
[00:09:09] : end pos sig2 : -50.000000, -50.000000
[00:09:14] : 측정요구3 ON
[00:09:23] : 측정요구3 OFF
[00:09:23] : end pos sig3 : 50.000000, 50.000000
[00:09:23] : 측정요구4 ON
[00:09:32] : 측정요구4 OFF
[00:09:32] : end pos sig4 : -50.000000, -50.000000
[00:09:46] : Cycle start ON
[00:09:46] : Cycle start OFF
[00:09:51] : REQUEST MEAS. ON
[00:10:00] : REQUEST MEAS. OFF
[00:10:00] : end pos sig1 : 50.000000, 50.000000
[00:10:00] : 측정요구 ON 2
[00:10:10] : 측정요구 2OFF
[00:10:10] : end pos sig2 : -50.000000, -50.000000
[00:10:14] : 측정요구3 ON
[00:10:23] : 측정요구3 OFF
[00:10:23] : end pos sig3 : 50.000000, 50.000000
[00:10:23] : 측정요구4 ON
[00:10:33] : 측정요구4 OFF
[00:10:33] : end pos sig4 : -50.000000, -50.000000
[00:10:50] : Cycle start ON
[00:10:50] : Cycle start OFF
[00:10:55] : REQUEST MEAS. ON
[00:11:04] : REQUEST MEAS. OFF
[00:11:04] : end pos sig1 : 50.000000, 50.000000
[00:11:04] : 측정요구 ON 2
[00:11:14] : 측정요구 2OFF
[00:11:14] : end pos sig2 : -50.000000, -50.000000
[00:11:19] : 측정요구3 ON
[00:11:28] : 측정요구3 OFF
[00:11:28] : end pos sig3 : 50.000000, 50.000000
[00:11:28] : 측정요구4 ON
[00:11:38] : 측정요구4 OFF
[00:11:38] : end pos sig4 : -50.000000, -50.000000
[09:20:48] : Cycle start ON
[09:20:49] : Cycle start OFF
[09:21:55] : REQUEST MEAS. ON
[09:21:55] : REQUEST MEAS. OFF
[09:21:55] : end pos sig1 : 0.000000, -50.000000
[09:22:07] : Cycle start ON
[09:22:07] : Cycle start OFF
[09:22:12] : REQUEST MEAS. ON
[09:22:21] : REQUEST MEAS. OFF
[09:22:21] : end pos sig1 : 50.000000, 50.000000
[09:22:22] : 측정요구 ON 2
[09:22:31] : 측정요구 2OFF
[09:22:31] : end pos sig2 : -50.000000, -50.000000
[09:22:36] : 측정요구3 ON
[09:22:45] : 측정요구3 OFF
[09:22:45] : end pos sig3 : 50.000000, 50.000000
[09:22:45] : 측정요구4 ON
[09:22:54] : 측정요구4 OFF
[09:22:54] : end pos sig4 : -50.000000, -50.000000
[09:32:10] : Cycle start ON
[09:32:10] : Cycle start OFF
[09:32:15] : REQUEST MEAS. ON
[09:32:24] : REQUEST MEAS. OFF
[09:32:24] : end pos sig1 : 50.000000, 50.000000
[09:32:24] : 측정요구 ON 2
[09:32:33] : 측정요구 2OFF
[09:32:33] : end pos sig2 : -50.000000, -50.000000
[09:32:38] : 측정요구3 ON
[09:32:47] : 측정요구3 OFF
[09:32:47] : end pos sig3 : 50.000000, 50.000000
[09:32:47] : 측정요구4 ON
[09:32:56] : 측정요구4 OFF
[09:32:56] : end pos sig4 : -50.000000, -50.000000
[09:33:07] : Cycle start ON
[09:33:07] : Cycle start OFF
[09:33:12] : REQUEST MEAS. ON
[09:33:21] : REQUEST MEAS. OFF
[09:33:21] : end pos sig1 : 50.000000, 50.000000
[09:33:21] : 측정요구 ON 2
[09:33:31] : 측정요구 2OFF
[09:33:31] : end pos sig2 : -50.000000, -50.000000
[09:33:35] : 측정요구3 ON
[09:33:44] : 측정요구3 OFF
[09:33:44] : end pos sig3 : 50.000000, 50.000000
[09:33:44] : 측정요구4 ON
[09:33:54] : 측정요구4 OFF
[09:33:54] : end pos sig4 : -50.000000, -50.000000
[10:11:27] : Cycle start ON
[10:11:27] : Cycle start OFF
[10:11:32] : REQUEST MEAS. ON
[10:11:41] : REQUEST MEAS. OFF
[10:11:41] : end pos sig1 : 50.000000, 50.000000
[10:11:41] : 측정요구 ON 2
[10:11:51] : 측정요구 2OFF
[10:11:51] : end pos sig2 : -50.000000, -50.000000
[10:11:56] : 측정요구3 ON
[10:12:05] : 측정요구3 OFF
[10:12:05] : end pos sig3 : 50.000000, 50.000000
[10:12:05] : 측정요구4 ON
[10:12:14] : 측정요구4 OFF
[10:12:14] : end pos sig4 : -50.000000, -50.000000
[10:12:55] : Cycle start ON
[10:12:55] : Cycle start OFF
[10:13:00] : REQUEST MEAS. ON
[10:13:09] : REQUEST MEAS. OFF
[10:13:09] : end pos sig1 : 50.000000, 50.000000
[10:13:09] : 측정요구 ON 2
[10:13:18] : 측정요구 2OFF
[10:13:18] : end pos sig2 : -50.000000, -50.000000
[10:13:23] : 측정요구3 ON
[10:13:32] : 측정요구3 OFF
[10:13:32] : end pos sig3 : 50.000000, 50.000000
[10:13:32] : 측정요구4 ON
[10:13:41] : 측정요구4 OFF
[10:13:41] : end pos sig4 : -50.000000, -50.000000
[10:13:47] : Cycle start ON
[10:13:47] : Cycle start OFF
[10:13:52] : REQUEST MEAS. ON
[10:14:01] : REQUEST MEAS. OFF
[10:14:01] : end pos sig1 : 50.000000, 50.000000
[10:14:01] : 측정요구 ON 2
[10:14:10] : 측정요구 2OFF
[10:14:10] : end pos sig2 : -50.000000, -50.000000
[10:14:15] : 측정요구3 ON
[10:14:24] : 측정요구3 OFF
[10:14:24] : end pos sig3 : 50.000000, 50.000000
[10:14:24] : 측정요구4 ON
[10:14:33] : 측정요구4 OFF
[10:14:33] : end pos sig4 : -50.000000, -50.000000
[10:14:38] : Cycle start ON
[10:14:39] : Cycle start OFF
[10:14:44] : REQUEST MEAS. ON
[10:14:53] : REQUEST MEAS. OFF
[10:14:53] : end pos sig1 : 50.000000, 50.000000
[10:14:53] : 측정요구 ON 2
[10:15:02] : 측정요구 2OFF
[10:15:02] : end pos sig2 : -50.000000, -50.000000
[10:15:07] : 측정요구3 ON
[10:15:16] : 측정요구3 OFF
[10:15:16] : end pos sig3 : 50.000000, 50.000000
[10:15:16] : 측정요구4 ON
[10:15:25] : 측정요구4 OFF
[10:15:25] : end pos sig4 : -50.000000, -50.000000
[10:15:31] : Cycle start ON
[10:15:31] : Cycle start OFF
[10:15:36] : REQUEST MEAS. ON
[10:15:45] : REQUEST MEAS. OFF
[10:15:45] : end pos sig1 : 50.000000, 50.000000
[10:15:45] : 측정요구 ON 2
[10:15:54] : 측정요구 2OFF
[10:15:54] : end pos sig2 : -50.000000, -50.000000
[10:15:59] : 측정요구3 ON
[10:16:08] : 측정요구3 OFF
[10:16:08] : end pos sig3 : 50.000000, 50.000000
[10:16:08] : 측정요구4 ON
[10:16:17] : 측정요구4 OFF
[10:16:17] : end pos sig4 : -50.000000, -50.000000
[10:16:23] : Cycle start ON
[10:16:23] : Cycle start OFF
[10:16:28] : REQUEST MEAS. ON
[10:16:37] : REQUEST MEAS. OFF
[10:16:37] : end pos sig1 : 50.000000, 50.000000
[10:16:37] : 측정요구 ON 2
[10:16:47] : 측정요구 2OFF
[10:16:47] : end pos sig2 : -50.000000, -50.000000
[10:16:51] : 측정요구3 ON
[10:17:00] : 측정요구3 OFF
[10:17:00] : end pos sig3 : 50.000000, 50.000000
[10:17:00] : 측정요구4 ON
[10:17:10] : 측정요구4 OFF
[10:17:10] : end pos sig4 : -50.000000, -50.000000
[10:17:14] : Cycle start ON
[10:17:15] : Cycle start OFF
[10:17:20] : REQUEST MEAS. ON
[10:17:29] : REQUEST MEAS. OFF
[10:17:29] : end pos sig1 : 50.000000, 50.000000
[10:17:29] : 측정요구 ON 2
[10:17:39] : 측정요구 2OFF
[10:17:39] : end pos sig2 : -50.000000, -50.000000
[10:17:43] : 측정요구3 ON
[10:17:52] : 측정요구3 OFF
[10:17:52] : end pos sig3 : 50.000000, 50.000000
[10:17:52] : 측정요구4 ON
[10:18:02] : 측정요구4 OFF
[10:18:02] : end pos sig4 : -50.000000, -50.000000
[10:18:06] : Cycle start ON
[10:18:07] : Cycle start OFF
[10:18:12] : REQUEST MEAS. ON
[10:18:21] : REQUEST MEAS. OFF
[10:18:21] : end pos sig1 : 50.000000, 50.000000
[10:18:21] : 측정요구 ON 2
[10:18:30] : 측정요구 2OFF
[10:18:30] : end pos sig2 : -50.000000, -50.000000
[10:18:35] : 측정요구3 ON
[10:18:44] : 측정요구3 OFF
[10:18:44] : end pos sig3 : 50.000000, 50.000000
[10:18:44] : 측정요구4 ON
[10:18:53] : 측정요구4 OFF
[10:18:53] : end pos sig4 : -50.000000, -50.000000
[10:18:59] : Cycle start ON
[10:18:59] : Cycle start OFF
[10:19:04] : REQUEST MEAS. ON
[10:19:13] : REQUEST MEAS. OFF
[10:19:13] : end pos sig1 : 50.000000, 50.000000
[10:19:13] : 측정요구 ON 2
[10:19:22] : 측정요구 2OFF
[10:19:22] : end pos sig2 : -50.000000, -50.000000
[10:19:27] : 측정요구3 ON
[10:19:36] : 측정요구3 OFF
[10:19:36] : end pos sig3 : 50.000000, 50.000000
[10:19:36] : 측정요구4 ON
[10:19:45] : 측정요구4 OFF
[10:19:45] : end pos sig4 : -50.000000, -50.000000
[10:19:51] : Cycle start ON
[10:19:51] : Cycle start OFF
[10:19:56] : REQUEST MEAS. ON
[10:20:05] : REQUEST MEAS. OFF
[10:20:05] : end pos sig1 : 50.000000, 50.000000
[10:20:05] : 측정요구 ON 2
[10:20:14] : 측정요구 2OFF
[10:20:14] : end pos sig2 : -50.000000, -50.000000
[10:20:19] : 측정요구3 ON
[10:20:28] : 측정요구3 OFF
[10:20:28] : end pos sig3 : 50.000000, 50.000000
[10:20:28] : 측정요구4 ON
[10:20:37] : 측정요구4 OFF
[10:20:37] : end pos sig4 : -49.250000, -49.410000
[10:20:43] : Cycle start ON
[10:20:43] : Cycle start OFF
[10:20:48] : REQUEST MEAS. ON
[10:20:57] : REQUEST MEAS. OFF
[10:20:57] : end pos sig1 : 50.000000, 50.000000
[10:20:57] : 측정요구 ON 2
[10:21:06] : 측정요구 2OFF
[10:21:06] : end pos sig2 : -50.000000, -50.000000
[10:21:11] : 측정요구3 ON
[10:21:20] : 측정요구3 OFF
[10:21:20] : end pos sig3 : 50.000000, 50.000000
[10:21:20] : 측정요구4 ON
[10:21:29] : 측정요구4 OFF
[10:21:29] : end pos sig4 : -50.000000, -50.000000
[10:21:35] : Cycle start ON
[10:21:35] : Cycle start OFF
[10:21:40] : REQUEST MEAS. ON
[10:21:49] : REQUEST MEAS. OFF
[10:21:49] : end pos sig1 : 50.000000, 50.000000
[10:21:49] : 측정요구 ON 2
[10:21:58] : 측정요구 2OFF
[10:21:58] : end pos sig2 : -50.000000, -50.000000
[10:22:03] : 측정요구3 ON
[10:22:12] : 측정요구3 OFF
[10:22:12] : end pos sig3 : 50.000000, 50.000000
[10:22:12] : 측정요구4 ON
[10:22:21] : 측정요구4 OFF
[10:22:21] : end pos sig4 : -50.000000, -50.000000
[10:22:27] : Cycle start ON
[10:22:27] : Cycle start OFF
[10:22:32] : REQUEST MEAS. ON
[10:22:41] : REQUEST MEAS. OFF
[10:22:41] : end pos sig1 : 50.000000, 50.000000
[10:22:41] : 측정요구 ON 2
[10:22:50] : 측정요구 2OFF
[10:22:50] : end pos sig2 : -50.000000, -50.000000
[10:22:55] : 측정요구3 ON
[10:23:04] : 측정요구3 OFF
[10:23:04] : end pos sig3 : 50.000000, 50.000000
[10:23:04] : 측정요구4 ON
[10:23:14] : 측정요구4 OFF
[10:23:14] : end pos sig4 : -50.000000, -50.000000
[10:23:18] : Cycle start ON
[10:23:19] : Cycle start OFF
[10:23:24] : REQUEST MEAS. ON
[10:23:33] : REQUEST MEAS. OFF
[10:23:33] : end pos sig1 : 50.000000, 50.000000
[10:23:33] : 측정요구 ON 2
[10:23:43] : 측정요구 2OFF
[10:23:43] : end pos sig2 : -50.000000, -50.000000
[10:23:47] : 측정요구3 ON
[10:23:56] : 측정요구3 OFF
[10:23:56] : end pos sig3 : 50.000000, 50.000000
[10:23:56] : 측정요구4 ON
[10:24:06] : 측정요구4 OFF
[10:24:06] : end pos sig4 : -50.000000, -50.000000
[10:24:11] : Cycle start ON
[10:24:11] : Cycle start OFF
[10:24:16] : REQUEST MEAS. ON
[10:24:25] : REQUEST MEAS. OFF
[10:24:25] : end pos sig1 : 50.000000, 50.000000
[10:24:25] : 측정요구 ON 2
[10:24:34] : 측정요구 2OFF
[10:24:34] : end pos sig2 : -50.000000, -50.000000
[10:24:39] : 측정요구3 ON
[10:24:48] : 측정요구3 OFF
[10:24:48] : end pos sig3 : 50.000000, 50.000000
[10:24:48] : 측정요구4 ON
[10:24:58] : 측정요구4 OFF
[10:24:58] : end pos sig4 : -50.000000, -50.000000
[10:25:02] : Cycle start ON
[10:25:03] : Cycle start OFF
[10:25:08] : REQUEST MEAS. ON
[10:25:17] : REQUEST MEAS. OFF
[10:25:17] : end pos sig1 : 50.000000, 50.000000
[10:25:17] : 측정요구 ON 2
[10:25:27] : 측정요구 2OFF
[10:25:27] : end pos sig2 : -50.000000, -50.000000
[10:25:31] : 측정요구3 ON
[10:25:40] : 측정요구3 OFF
[10:25:40] : end pos sig3 : 50.000000, 50.000000
[10:25:40] : 측정요구4 ON
[10:25:50] : 측정요구4 OFF
[10:25:50] : end pos sig4 : -50.000000, -50.000000
[10:25:55] : Cycle start ON
[10:25:55] : Cycle start OFF
[10:26:00] : REQUEST MEAS. ON
[10:26:09] : REQUEST MEAS. OFF
[10:26:09] : end pos sig1 : 50.000000, 50.000000
[10:26:09] : 측정요구 ON 2
[10:26:19] : 측정요구 2OFF
[10:26:19] : end pos sig2 : -50.000000, -50.000000
[10:26:23] : 측정요구3 ON
[10:26:32] : 측정요구3 OFF
[10:26:32] : end pos sig3 : 50.000000, 50.000000
[10:26:32] : 측정요구4 ON
[10:26:42] : 측정요구4 OFF
[10:26:42] : end pos sig4 : -50.000000, -50.000000
[10:26:47] : Cycle start ON
[10:26:47] : Cycle start OFF
[10:26:52] : REQUEST MEAS. ON
[10:27:01] : REQUEST MEAS. OFF
[10:27:01] : end pos sig1 : 50.000000, 50.000000
[10:27:01] : 측정요구 ON 2
[10:27:11] : 측정요구 2OFF
[10:27:11] : end pos sig2 : -50.000000, -50.000000
[10:27:15] : 측정요구3 ON
[10:27:24] : 측정요구3 OFF
[10:27:24] : end pos sig3 : 50.000000, 50.000000
[10:27:24] : 측정요구4 ON
[10:27:34] : 측정요구4 OFF
[10:27:34] : end pos sig4 : -50.000000, -50.000000
[10:27:39] : Cycle start ON
[10:27:39] : Cycle start OFF
[10:27:44] : REQUEST MEAS. ON
[10:27:53] : REQUEST MEAS. OFF
[10:27:53] : end pos sig1 : 50.000000, 50.000000
[10:27:53] : 측정요구 ON 2
[10:28:03] : 측정요구 2OFF
[10:28:03] : end pos sig2 : -50.000000, -50.000000
[10:28:07] : 측정요구3 ON
[10:28:16] : 측정요구3 OFF
[10:28:16] : end pos sig3 : 50.000000, 50.000000
[10:28:16] : 측정요구4 ON
[10:28:26] : 측정요구4 OFF
[10:28:26] : end pos sig4 : -50.000000, -50.000000
[10:28:32] : Cycle start ON
[10:28:32] : Cycle start OFF
[10:28:37] : REQUEST MEAS. ON
[10:28:46] : REQUEST MEAS. OFF
[10:28:46] : end pos sig1 : 50.000000, 50.000000
[10:28:46] : 측정요구 ON 2
[10:28:55] : 측정요구 2OFF
[10:28:55] : end pos sig2 : -50.000000, -50.000000
[10:29:00] : 측정요구3 ON
[10:29:09] : 측정요구3 OFF
[10:29:09] : end pos sig3 : 50.000000, 50.000000
[10:29:09] : 측정요구4 ON
[10:29:18] : 측정요구4 OFF
[10:29:18] : end pos sig4 : -50.000000, -50.000000
[10:29:24] : Cycle start ON
[10:29:24] : Cycle start OFF
[10:29:29] : REQUEST MEAS. ON
[10:29:38] : REQUEST MEAS. OFF
[10:29:38] : end pos sig1 : 50.000000, 50.000000
[10:29:38] : 측정요구 ON 2
[10:29:47] : 측정요구 2OFF
[10:29:47] : end pos sig2 : -50.000000, -50.000000
[10:29:52] : 측정요구3 ON
[10:30:01] : 측정요구3 OFF
[10:30:01] : end pos sig3 : 50.000000, 50.000000
[10:30:01] : 측정요구4 ON
[10:30:10] : 측정요구4 OFF
[10:30:10] : end pos sig4 : -50.000000, -50.000000
[10:30:16] : Cycle start ON
[10:30:16] : Cycle start OFF
[10:30:21] : REQUEST MEAS. ON
[10:30:30] : REQUEST MEAS. OFF
[10:30:30] : end pos sig1 : 50.000000, 50.000000
[10:30:30] : 측정요구 ON 2
[10:30:39] : 측정요구 2OFF
[10:30:39] : end pos sig2 : -50.000000, -50.000000
[10:30:44] : 측정요구3 ON
[10:30:53] : 측정요구3 OFF
[10:30:53] : end pos sig3 : 50.000000, 50.000000
[10:30:53] : 측정요구4 ON
[10:31:02] : 측정요구4 OFF
[10:31:02] : end pos sig4 : -50.000000, -50.000000
[10:31:08] : Cycle start ON
[10:31:08] : Cycle start OFF
[10:31:13] : REQUEST MEAS. ON
[10:31:22] : REQUEST MEAS. OFF
[10:31:22] : end pos sig1 : 50.000000, 50.000000
[10:31:22] : 측정요구 ON 2
[10:31:31] : 측정요구 2OFF
[10:31:31] : end pos sig2 : -50.000000, -50.000000
[10:31:36] : 측정요구3 ON
[10:31:45] : 측정요구3 OFF
[10:31:45] : end pos sig3 : 50.000000, 50.000000
[10:31:45] : 측정요구4 ON
[10:31:54] : 측정요구4 OFF
[10:31:54] : end pos sig4 : -50.000000, -50.000000
[10:32:00] : Cycle start ON
[10:32:00] : Cycle start OFF
[10:32:05] : REQUEST MEAS. ON
[10:32:14] : REQUEST MEAS. OFF
[10:32:14] : end pos sig1 : 50.000000, 50.000000
[10:32:14] : 측정요구 ON 2
[10:32:23] : 측정요구 2OFF
[10:32:23] : end pos sig2 : -50.000000, -50.000000
[10:32:28] : 측정요구3 ON
[10:32:37] : 측정요구3 OFF
[10:32:37] : end pos sig3 : 50.000000, 50.000000
[10:32:37] : 측정요구4 ON
[10:32:46] : 측정요구4 OFF
[10:32:46] : end pos sig4 : -50.000000, -50.000000
[10:32:51] : Cycle start ON
[10:32:52] : Cycle start OFF
[10:32:57] : REQUEST MEAS. ON
[10:33:06] : REQUEST MEAS. OFF
[10:33:06] : end pos sig1 : 50.000000, 50.000000
[10:33:06] : 측정요구 ON 2
[10:33:15] : 측정요구 2OFF
[10:33:15] : end pos sig2 : -50.000000, -50.000000
[10:33:20] : 측정요구3 ON
[10:33:29] : 측정요구3 OFF
[10:33:29] : end pos sig3 : 50.000000, 50.000000
[10:33:29] : 측정요구4 ON
[10:33:38] : 측정요구4 OFF
[10:33:38] : end pos sig4 : -50.000000, -50.000000
[10:33:44] : Cycle start ON
[10:33:44] : Cycle start OFF
[10:33:49] : REQUEST MEAS. ON
[10:33:58] : REQUEST MEAS. OFF
[10:33:58] : end pos sig1 : 50.000000, 50.000000
[10:33:58] : 측정요구 ON 2
[10:34:08] : 측정요구 2OFF
[10:34:08] : end pos sig2 : -50.000000, -50.000000
[10:34:12] : 측정요구3 ON
[10:34:21] : 측정요구3 OFF
[10:34:21] : end pos sig3 : 50.000000, 50.000000
[10:34:21] : 측정요구4 ON
[10:34:31] : 측정요구4 OFF
[10:34:31] : end pos sig4 : -50.000000, -50.000000
[10:34:36] : Cycle start ON
[10:34:36] : Cycle start OFF
[10:34:41] : REQUEST MEAS. ON
[10:34:50] : REQUEST MEAS. OFF
[10:34:50] : end pos sig1 : 50.000000, 50.000000
[10:34:50] : 측정요구 ON 2
[10:35:00] : 측정요구 2OFF
[10:35:00] : end pos sig2 : -50.000000, -50.000000
[10:35:04] : 측정요구3 ON
[10:35:13] : 측정요구3 OFF
[10:35:13] : end pos sig3 : 50.000000, 50.000000
[10:35:13] : 측정요구4 ON
[10:35:23] : 측정요구4 OFF
[10:35:23] : end pos sig4 : -50.000000, -50.000000
[10:35:28] : Cycle start ON
[10:35:28] : Cycle start OFF
[10:35:33] : REQUEST MEAS. ON
[10:35:42] : REQUEST MEAS. OFF
[10:35:42] : end pos sig1 : 50.000000, 50.000000
[10:35:42] : 측정요구 ON 2
[10:35:52] : 측정요구 2OFF
[10:35:52] : end pos sig2 : -50.000000, -50.000000
[10:35:57] : 측정요구3 ON
[10:36:06] : 측정요구3 OFF
[10:36:06] : end pos sig3 : 50.000000, 50.000000
[10:36:06] : 측정요구4 ON
[10:36:15] : 측정요구4 OFF
[10:36:15] : end pos sig4 : -50.000000, -50.000000
[10:36:21] : Cycle start ON
[10:36:21] : Cycle start OFF
[10:36:26] : REQUEST MEAS. ON
[10:36:35] : REQUEST MEAS. OFF
[10:36:35] : end pos sig1 : 50.000000, 50.000000
[10:36:35] : 측정요구 ON 2
[10:36:44] : 측정요구 2OFF
[10:36:44] : end pos sig2 : -50.000000, -50.000000
[10:36:49] : 측정요구3 ON
[10:36:58] : 측정요구3 OFF
[10:36:58] : end pos sig3 : 50.000000, 50.000000
[10:36:58] : 측정요구4 ON
[10:37:07] : 측정요구4 OFF
[10:37:07] : end pos sig4 : -50.000000, -50.000000
[10:37:13] : Cycle start ON
[10:37:13] : Cycle start OFF
[10:37:18] : REQUEST MEAS. ON
[10:37:27] : REQUEST MEAS. OFF
[10:37:27] : end pos sig1 : 50.000000, 50.000000
[10:37:27] : 측정요구 ON 2
[10:37:36] : 측정요구 2OFF
[10:37:36] : end pos sig2 : -50.000000, -50.000000
[10:37:41] : 측정요구3 ON
[10:37:50] : 측정요구3 OFF
[10:37:50] : end pos sig3 : 50.000000, 50.000000
[10:37:50] : 측정요구4 ON
[10:37:59] : 측정요구4 OFF
[10:37:59] : end pos sig4 : -50.000000, -50.000000
[10:38:05] : Cycle start ON
[10:38:05] : Cycle start OFF
[10:38:10] : REQUEST MEAS. ON
[10:38:19] : REQUEST MEAS. OFF
[10:38:19] : end pos sig1 : 50.000000, 50.000000
[10:38:19] : 측정요구 ON 2
[10:38:28] : 측정요구 2OFF
[10:38:28] : end pos sig2 : -50.000000, -50.000000
[10:38:33] : 측정요구3 ON
[10:38:42] : 측정요구3 OFF
[10:38:42] : end pos sig3 : 50.000000, 50.000000
[10:38:42] : 측정요구4 ON
[10:38:51] : 측정요구4 OFF
[10:38:51] : end pos sig4 : -50.000000, -50.000000
[11:11:26] : Cycle start ON
[11:11:26] : Cycle start OFF
[11:11:31] : REQUEST MEAS. ON
[11:11:40] : REQUEST MEAS. OFF
[11:11:40] : end pos sig1 : 50.000000, 50.000000
[11:11:40] : 측정요구 ON 2
[11:11:50] : 측정요구 2OFF
[11:11:50] : end pos sig2 : -50.000000, -50.000000
[11:11:54] : 측정요구3 ON
[11:12:03] : 측정요구3 OFF
[11:12:03] : end pos sig3 : 50.000000, 50.000000
[11:12:03] : 측정요구4 ON
[11:12:13] : 측정요구4 OFF
[11:12:13] : end pos sig4 : -50.000000, -50.000000
[11:12:18] : Cycle start ON
[11:12:18] : Cycle start OFF
[11:12:23] : REQUEST MEAS. ON
[11:12:32] : REQUEST MEAS. OFF
[11:12:32] : end pos sig1 : 50.000000, 50.000000
[11:12:32] : 측정요구 ON 2
[11:12:42] : 측정요구 2OFF
[11:12:42] : end pos sig2 : -50.000000, -50.000000
[11:12:46] : 측정요구3 ON
[11:12:55] : 측정요구3 OFF
[11:12:55] : end pos sig3 : 50.000000, 50.000000
[11:12:55] : 측정요구4 ON
[11:13:05] : 측정요구4 OFF
[11:13:05] : end pos sig4 : -50.000000, -50.000000
[11:13:09] : Cycle start ON
[11:13:10] : Cycle start OFF
[11:13:15] : REQUEST MEAS. ON
[11:13:24] : REQUEST MEAS. OFF
[11:13:24] : end pos sig1 : 50.000000, 50.000000
[11:13:24] : 측정요구 ON 2
[11:13:34] : 측정요구 2OFF
[11:13:34] : end pos sig2 : -50.000000, -50.000000
[11:13:38] : 측정요구3 ON
[11:13:47] : 측정요구3 OFF
[11:13:47] : end pos sig3 : 50.000000, 50.000000
[11:13:47] : 측정요구4 ON
[11:13:57] : 측정요구4 OFF
[11:13:57] : end pos sig4 : -50.000000, -50.000000
[11:14:02] : Cycle start ON
[11:14:02] : Cycle start OFF
[11:14:07] : REQUEST MEAS. ON
[11:14:16] : REQUEST MEAS. OFF
[11:14:16] : end pos sig1 : 50.000000, 50.000000
[11:14:16] : 측정요구 ON 2
[11:14:25] : 측정요구 2OFF
[11:14:25] : end pos sig2 : -50.000000, -50.000000
[11:14:30] : 측정요구3 ON
[11:14:39] : 측정요구3 OFF
[11:14:39] : end pos sig3 : 50.000000, 50.000000
[11:14:39] : 측정요구4 ON
[11:14:48] : 측정요구4 OFF
[11:14:48] : end pos sig4 : -50.000000, -50.000000
[11:14:53] : Cycle start ON
[11:14:54] : Cycle start OFF
[11:14:59] : REQUEST MEAS. ON
[11:15:08] : REQUEST MEAS. OFF
[11:15:08] : end pos sig1 : 50.000000, 50.000000
[11:15:08] : 측정요구 ON 2
[11:15:17] : 측정요구 2OFF
[11:15:17] : end pos sig2 : -50.000000, -50.000000
[11:15:22] : 측정요구3 ON
[11:15:31] : 측정요구3 OFF
[11:15:31] : end pos sig3 : 50.000000, 50.000000
[11:15:31] : 측정요구4 ON
[11:15:40] : 측정요구4 OFF
[11:15:40] : end pos sig4 : -50.000000, -50.000000
[11:15:45] : Cycle start ON
[11:15:46] : Cycle start OFF
[11:15:51] : REQUEST MEAS. ON
[11:16:00] : REQUEST MEAS. OFF
[11:16:00] : end pos sig1 : 50.000000, 50.000000
[11:16:00] : 측정요구 ON 2
[11:16:09] : 측정요구 2OFF
[11:16:09] : end pos sig2 : -50.000000, -50.000000
[11:16:14] : 측정요구3 ON
[11:16:23] : 측정요구3 OFF
[11:16:23] : end pos sig3 : 50.000000, 50.000000
[11:16:23] : 측정요구4 ON
[11:16:32] : 측정요구4 OFF
[11:16:32] : end pos sig4 : -50.000000, -50.000000
[11:16:38] : Cycle start ON
[11:16:38] : Cycle start OFF
[11:16:43] : REQUEST MEAS. ON
[11:16:52] : REQUEST MEAS. OFF
[11:16:52] : end pos sig1 : 50.000000, 50.000000
[11:16:52] : 측정요구 ON 2
[11:17:01] : 측정요구 2OFF
[11:17:01] : end pos sig2 : -50.000000, -50.000000
[11:17:06] : 측정요구3 ON
[11:17:15] : 측정요구3 OFF
[11:17:15] : end pos sig3 : 50.000000, 50.000000
[11:17:15] : 측정요구4 ON
[11:17:24] : 측정요구4 OFF
[11:17:24] : end pos sig4 : -50.000000, -50.000000
[11:17:30] : Cycle start ON
[11:17:30] : Cycle start OFF
[11:17:35] : REQUEST MEAS. ON
[11:17:44] : REQUEST MEAS. OFF
[11:17:44] : end pos sig1 : 50.000000, 50.000000
[11:17:44] : 측정요구 ON 2
[11:17:53] : 측정요구 2OFF
[11:17:53] : end pos sig2 : -50.000000, -50.000000
[11:17:58] : 측정요구3 ON
[11:18:07] : 측정요구3 OFF
[11:18:07] : end pos sig3 : 50.000000, 50.000000
[11:18:07] : 측정요구4 ON
[11:18:16] : 측정요구4 OFF
[11:18:16] : end pos sig4 : -50.000000, -50.000000
[11:18:22] : Cycle start ON
[11:18:22] : Cycle start OFF
[11:18:27] : REQUEST MEAS. ON
[11:18:36] : REQUEST MEAS. OFF
[11:18:36] : end pos sig1 : 50.000000, 50.000000
[11:18:36] : 측정요구 ON 2
[11:18:45] : 측정요구 2OFF
[11:18:45] : end pos sig2 : -50.000000, -50.000000
[11:18:50] : 측정요구3 ON
[11:18:59] : 측정요구3 OFF
[11:18:59] : end pos sig3 : 50.000000, 50.000000
[11:18:59] : 측정요구4 ON
[11:19:09] : 측정요구4 OFF
[11:19:09] : end pos sig4 : -50.000000, -50.000000
[11:19:13] : Cycle start ON
[11:19:14] : Cycle start OFF
[11:19:19] : REQUEST MEAS. ON
[11:19:28] : REQUEST MEAS. OFF
[11:19:28] : end pos sig1 : 50.000000, 50.000000
[11:19:28] : 측정요구 ON 2
[11:19:37] : 측정요구 2OFF
[11:19:37] : end pos sig2 : -50.000000, -50.000000
[11:19:42] : 측정요구3 ON
[11:19:51] : 측정요구3 OFF
[11:19:51] : end pos sig3 : 50.000000, 50.000000
[11:19:51] : 측정요구4 ON
[11:20:00] : 측정요구4 OFF
[11:20:00] : end pos sig4 : -50.000000, -50.000000
[11:20:05] : Cycle start ON
[11:20:06] : Cycle start OFF
[11:20:11] : REQUEST MEAS. ON
[11:20:20] : REQUEST MEAS. OFF
[11:20:20] : end pos sig1 : 50.000000, 50.000000
[11:20:20] : 측정요구 ON 2
[11:20:29] : 측정요구 2OFF
[11:20:29] : end pos sig2 : -50.000000, -50.000000
[11:20:34] : 측정요구3 ON
[11:20:43] : 측정요구3 OFF
[11:20:43] : end pos sig3 : 50.000000, 50.000000
[11:20:43] : 측정요구4 ON
[11:20:52] : 측정요구4 OFF
[11:20:52] : end pos sig4 : -50.000000, -50.000000
[11:20:58] : Cycle start ON
[11:20:58] : Cycle start OFF
[11:21:03] : REQUEST MEAS. ON
[11:21:12] : REQUEST MEAS. OFF
[11:21:12] : end pos sig1 : 50.000000, 50.000000
[11:21:12] : 측정요구 ON 2
[11:21:21] : 측정요구 2OFF
[11:21:21] : end pos sig2 : -50.000000, -50.000000
[11:21:25] : 측정요구3 ON
[11:21:34] : 측정요구3 OFF
[11:21:34] : end pos sig3 : 50.000000, 50.000000
[11:21:34] : 측정요구4 ON
[11:21:44] : 측정요구4 OFF
[11:21:44] : end pos sig4 : -50.000000, -50.000000
[11:21:49] : Cycle start ON
[11:21:49] : Cycle start OFF
[11:21:54] : REQUEST MEAS. ON
[11:22:03] : REQUEST MEAS. OFF
[11:22:03] : end pos sig1 : 50.000000, 50.000000
[11:22:03] : 측정요구 ON 2
[11:22:13] : 측정요구 2OFF
[11:22:13] : end pos sig2 : -50.000000, -50.000000
[11:22:17] : 측정요구3 ON
[11:22:26] : 측정요구3 OFF
[11:22:26] : end pos sig3 : 50.000000, 50.000000
[11:22:26] : 측정요구4 ON
[11:22:36] : 측정요구4 OFF
[11:22:36] : end pos sig4 : -50.000000, -50.000000
[11:22:41] : Cycle start ON
[11:22:41] : Cycle start OFF
[11:22:46] : REQUEST MEAS. ON
[11:22:55] : REQUEST MEAS. OFF
[11:22:55] : end pos sig1 : 50.000000, 50.000000
[11:22:55] : 측정요구 ON 2
[11:23:05] : 측정요구 2OFF
[11:23:05] : end pos sig2 : -50.000000, -50.000000
[11:23:09] : 측정요구3 ON
[11:23:18] : 측정요구3 OFF
[11:23:18] : end pos sig3 : 50.000000, 50.000000
[11:23:18] : 측정요구4 ON
[11:23:28] : 측정요구4 OFF
[11:23:28] : end pos sig4 : -50.000000, -50.000000
[11:23:33] : Cycle start ON
[11:23:33] : Cycle start OFF
[11:23:38] : REQUEST MEAS. ON
[11:23:47] : REQUEST MEAS. OFF
[11:23:47] : end pos sig1 : 50.000000, 50.000000
[11:23:47] : 측정요구 ON 2
[11:23:57] : 측정요구 2OFF
[11:23:57] : end pos sig2 : -50.000000, -50.000000
[11:24:01] : 측정요구3 ON
[11:24:10] : 측정요구3 OFF
[11:24:10] : end pos sig3 : 50.000000, 50.000000
[11:24:10] : 측정요구4 ON
[11:24:20] : 측정요구4 OFF
[11:24:20] : end pos sig4 : -50.000000, -50.000000
[11:24:25] : Cycle start ON
[11:24:25] : Cycle start OFF
[11:24:30] : REQUEST MEAS. ON
[11:24:39] : REQUEST MEAS. OFF
[11:24:39] : end pos sig1 : 50.000000, 50.000000
[11:24:39] : 측정요구 ON 2
[11:24:49] : 측정요구 2OFF
[11:24:49] : end pos sig2 : -50.000000, -50.000000
[11:24:53] : 측정요구3 ON
[11:25:02] : 측정요구3 OFF
[11:25:02] : end pos sig3 : 50.000000, 50.000000
[11:25:02] : 측정요구4 ON
[11:25:12] : 측정요구4 OFF
[11:25:12] : end pos sig4 : -50.000000, -50.000000
[11:25:16] : Cycle start ON
[11:25:17] : Cycle start OFF
[11:25:22] : REQUEST MEAS. ON
[11:25:31] : REQUEST MEAS. OFF
[11:25:31] : end pos sig1 : 50.000000, 50.000000
[11:25:31] : 측정요구 ON 2
[11:25:41] : 측정요구 2OFF
[11:25:41] : end pos sig2 : -50.000000, -50.000000
[11:25:45] : 측정요구3 ON
[11:25:54] : 측정요구3 OFF
[11:25:54] : end pos sig3 : 50.000000, 50.000000
[11:25:54] : 측정요구4 ON
[11:26:04] : 측정요구4 OFF
[11:26:04] : end pos sig4 : -50.000000, -50.000000
[11:26:09] : Cycle start ON
[11:26:09] : Cycle start OFF
[11:26:14] : REQUEST MEAS. ON
[11:26:23] : REQUEST MEAS. OFF
[11:26:23] : end pos sig1 : 50.000000, 50.000000
[11:26:23] : 측정요구 ON 2
[11:26:33] : 측정요구 2OFF
[11:26:33] : end pos sig2 : -50.000000, -50.000000
[11:26:37] : 측정요구3 ON
[11:26:46] : 측정요구3 OFF
[11:26:46] : end pos sig3 : 50.000000, 50.000000
[11:26:46] : 측정요구4 ON
[11:26:56] : 측정요구4 OFF
[11:26:56] : end pos sig4 : -50.000000, -50.000000
[11:27:01] : Cycle start ON
[11:27:01] : Cycle start OFF
[11:27:06] : REQUEST MEAS. ON
[11:27:15] : REQUEST MEAS. OFF
[11:27:15] : end pos sig1 : 50.000000, 50.000000
[11:27:15] : 측정요구 ON 2
[11:27:25] : 측정요구 2OFF
[11:27:25] : end pos sig2 : -50.000000, -50.000000
[11:27:29] : 측정요구3 ON
[11:27:38] : 측정요구3 OFF
[11:27:38] : end pos sig3 : 50.000000, 50.000000
[11:27:38] : 측정요구4 ON
[11:27:48] : 측정요구4 OFF
[11:27:48] : end pos sig4 : -50.000000, -50.000000
[11:27:53] : Cycle start ON
[11:27:53] : Cycle start OFF
[11:27:58] : REQUEST MEAS. ON
[11:28:07] : REQUEST MEAS. OFF
[11:28:07] : end pos sig1 : 50.000000, 50.000000
[11:28:07] : 측정요구 ON 2
[11:28:17] : 측정요구 2OFF
[11:28:17] : end pos sig2 : -50.000000, -50.000000
[11:28:21] : 측정요구3 ON
[11:28:30] : 측정요구3 OFF
[11:28:30] : end pos sig3 : 50.000000, 50.000000
[11:28:30] : 측정요구4 ON
[11:28:40] : 측정요구4 OFF
[11:28:40] : end pos sig4 : -50.000000, -50.000000
[11:30:14] : Cycle start ON
[11:30:14] : Cycle start OFF
[11:30:19] : REQUEST MEAS. ON
[11:30:28] : REQUEST MEAS. OFF
[11:30:28] : end pos sig1 : 50.000000, 50.000000
[11:30:28] : 측정요구 ON 2
[11:30:38] : 측정요구 2OFF
[11:30:38] : end pos sig2 : -50.000000, -50.000000
[11:30:43] : 측정요구3 ON
[11:30:52] : 측정요구3 OFF
[11:30:52] : end pos sig3 : 50.000000, 50.000000
[11:30:52] : 측정요구4 ON
[11:31:01] : 측정요구4 OFF
[11:31:01] : end pos sig4 : -50.000000, -50.000000
[11:31:07] : Cycle start ON
[11:31:07] : Cycle start OFF
[11:31:12] : REQUEST MEAS. ON
[11:31:21] : REQUEST MEAS. OFF
[11:31:21] : end pos sig1 : 50.000000, 50.000000
[11:31:21] : 측정요구 ON 2
[11:31:30] : 측정요구 2OFF
[11:31:30] : end pos sig2 : -50.000000, -50.000000
[11:31:35] : 측정요구3 ON
[11:31:44] : 측정요구3 OFF
[11:31:44] : end pos sig3 : 50.000000, 50.000000
[11:31:44] : 측정요구4 ON
[11:31:53] : 측정요구4 OFF
[11:31:53] : end pos sig4 : -50.000000, -50.000000
[11:33:19] : Cycle start ON
[11:33:19] : Cycle start OFF
[11:33:24] : REQUEST MEAS. ON
[11:33:33] : REQUEST MEAS. OFF
[11:33:33] : end pos sig1 : 50.000000, 50.000000
[11:33:34] : 측정요구 ON 2
[11:33:43] : 측정요구 2OFF
[11:33:43] : end pos sig2 : -50.000000, -50.000000
[11:33:48] : 측정요구3 ON
[11:33:57] : 측정요구3 OFF
[11:33:57] : end pos sig3 : 50.000000, 50.000000
[11:33:57] : 측정요구4 ON
[11:34:06] : 측정요구4 OFF
[11:34:06] : end pos sig4 : -50.000000, -50.000000
[11:34:11] : Cycle start ON
[11:34:12] : Cycle start OFF
[11:34:17] : REQUEST MEAS. ON
[11:34:26] : REQUEST MEAS. OFF
[11:34:26] : end pos sig1 : 50.000000, 50.000000
[11:34:26] : 측정요구 ON 2
[11:34:35] : 측정요구 2OFF
[11:34:35] : end pos sig2 : -50.000000, -50.000000
[11:34:39] : 측정요구3 ON
[11:34:48] : 측정요구3 OFF
[11:34:48] : end pos sig3 : 50.000000, 50.000000
[11:34:48] : 측정요구4 ON
[11:34:58] : 측정요구4 OFF
[11:34:58] : end pos sig4 : -50.000000, -50.000000
[11:35:02] : Cycle start ON
[11:35:03] : Cycle start OFF
[11:35:08] : REQUEST MEAS. ON
[11:35:17] : REQUEST MEAS. OFF
[11:35:17] : end pos sig1 : 50.000000, 50.000000
[11:35:17] : 측정요구 ON 2
[11:35:27] : 측정요구 2OFF
[11:35:27] : end pos sig2 : -50.000000, -50.000000
[11:35:31] : 측정요구3 ON
[11:35:40] : 측정요구3 OFF
[11:35:40] : end pos sig3 : 50.000000, 50.000000
[11:35:40] : 측정요구4 ON
[11:35:50] : 측정요구4 OFF
[11:35:50] : end pos sig4 : -50.000000, -50.000000
[11:35:54] : Cycle start ON
[11:35:55] : Cycle start OFF
[11:36:00] : REQUEST MEAS. ON
[11:36:09] : REQUEST MEAS. OFF
[11:36:09] : end pos sig1 : 50.000000, 50.000000
[11:36:09] : 측정요구 ON 2
[11:36:19] : 측정요구 2OFF
[11:36:19] : end pos sig2 : -50.000000, -50.000000
[11:36:23] : 측정요구3 ON
[11:36:32] : 측정요구3 OFF
[11:36:32] : end pos sig3 : 50.000000, 50.000000
[11:36:32] : 측정요구4 ON
[11:36:42] : 측정요구4 OFF
[11:36:42] : end pos sig4 : -50.000000, -50.000000
[11:36:47] : Cycle start ON
[11:36:47] : Cycle start OFF
[11:36:52] : REQUEST MEAS. ON
[11:37:01] : REQUEST MEAS. OFF
[11:37:01] : end pos sig1 : 50.000000, 50.000000
[11:37:01] : 측정요구 ON 2
[11:37:11] : 측정요구 2OFF
[11:37:11] : end pos sig2 : -50.000000, -50.000000
[11:37:15] : 측정요구3 ON
[11:37:24] : 측정요구3 OFF
[11:37:24] : end pos sig3 : 50.000000, 50.000000
[11:37:24] : 측정요구4 ON
[11:37:34] : 측정요구4 OFF
[11:37:34] : end pos sig4 : -50.000000, -50.000000
[11:37:39] : Cycle start ON
[11:37:39] : Cycle start OFF
[11:37:44] : REQUEST MEAS. ON
[11:37:53] : REQUEST MEAS. OFF
[11:37:53] : end pos sig1 : 50.000000, 50.000000
[11:37:53] : 측정요구 ON 2
[11:38:03] : 측정요구 2OFF
[11:38:03] : end pos sig2 : -50.000000, -50.000000
[11:38:08] : 측정요구3 ON
[11:38:17] : 측정요구3 OFF
[11:38:17] : end pos sig3 : 50.000000, 50.000000
[11:38:17] : 측정요구4 ON
[11:38:26] : 측정요구4 OFF
[11:38:26] : end pos sig4 : -50.000000, -50.000000
[11:38:32] : Cycle start ON
[11:38:32] : Cycle start OFF
[11:38:37] : REQUEST MEAS. ON
[11:38:46] : REQUEST MEAS. OFF
[11:38:46] : end pos sig1 : 50.000000, 50.000000
[11:38:46] : 측정요구 ON 2
[11:38:55] : 측정요구 2OFF
[11:38:55] : end pos sig2 : -50.000000, -50.000000
[11:39:00] : 측정요구3 ON
[11:39:09] : 측정요구3 OFF
[11:39:09] : end pos sig3 : 50.000000, 50.000000
[11:39:09] : 측정요구4 ON
[11:39:18] : 측정요구4 OFF
[11:39:18] : end pos sig4 : -50.000000, -50.000000
[11:39:24] : Cycle start ON
[11:39:24] : Cycle start OFF
[11:39:29] : REQUEST MEAS. ON
[11:39:38] : REQUEST MEAS. OFF
[11:39:38] : end pos sig1 : 50.000000, 50.000000
[11:39:38] : 측정요구 ON 2
[11:39:47] : 측정요구 2OFF
[11:39:47] : end pos sig2 : -50.000000, -50.000000
[11:39:51] : 측정요구3 ON
[11:40:00] : 측정요구3 OFF
[11:40:00] : end pos sig3 : 50.000000, 50.000000
[11:40:00] : 측정요구4 ON
[11:40:10] : 측정요구4 OFF
[11:40:10] : end pos sig4 : -50.000000, -50.000000
[11:40:15] : Cycle start ON
[11:40:15] : Cycle start OFF
[11:40:20] : REQUEST MEAS. ON
[11:40:29] : REQUEST MEAS. OFF
[11:40:29] : end pos sig1 : 50.000000, 50.000000
[11:40:29] : 측정요구 ON 2
[11:40:39] : 측정요구 2OFF
[11:40:39] : end pos sig2 : -50.000000, -50.000000
[11:40:43] : 측정요구3 ON
[11:40:52] : 측정요구3 OFF
[11:40:52] : end pos sig3 : 50.000000, 50.000000
[11:40:52] : 측정요구4 ON
[11:41:02] : 측정요구4 OFF
[11:41:02] : end pos sig4 : -50.000000, -50.000000
 
[13:40:10] : Cycle start ON
[13:40:11] : Cycle start OFF
[13:40:16] : REQUEST MEAS. ON
[13:40:25] : REQUEST MEAS. OFF
[13:40:25] : end pos sig1 : 50.000000, 50.000000
[13:40:25] : 측정요구 ON 2
[13:40:34] : 측정요구 2OFF
[13:40:34] : end pos sig2 : -50.000000, -50.000000
[13:40:39] : 측정요구3 ON
[13:40:48] : 측정요구3 OFF
[13:40:48] : end pos sig3 : 50.000000, 50.000000
[13:40:48] : 측정요구4 ON
[13:40:58] : 측정요구4 OFF
[13:40:58] : end pos sig4 : -50.000000, -50.000000
[13:41:11] : Cycle start ON
[13:41:12] : Cycle start OFF
[13:41:17] : REQUEST MEAS. ON
[13:41:26] : REQUEST MEAS. OFF
[13:41:26] : end pos sig1 : 50.000000, 50.000000
[13:41:26] : 측정요구 ON 2
[13:41:36] : 측정요구 2OFF
[13:41:36] : end pos sig2 : -50.000000, -50.000000
[13:41:40] : 측정요구3 ON
[13:41:49] : 측정요구3 OFF
[13:41:49] : end pos sig3 : 50.000000, 50.000000
[13:41:49] : 측정요구4 ON
[13:41:59] : 측정요구4 OFF
[13:41:59] : end pos sig4 : -50.000000, -50.000000
[13:42:05] : Cycle start ON
[13:42:05] : Cycle start OFF
[13:42:10] : REQUEST MEAS. ON
[13:42:19] : REQUEST MEAS. OFF
[13:42:19] : end pos sig1 : 50.000000, 50.000000
[13:42:19] : 측정요구 ON 2
[13:42:28] : 측정요구 2OFF
[13:42:28] : end pos sig2 : -50.000000, -50.000000
[13:42:33] : 측정요구3 ON
[13:42:42] : 측정요구3 OFF
[13:42:42] : end pos sig3 : 50.000000, 50.000000
[13:42:42] : 측정요구4 ON
[13:42:51] : 측정요구4 OFF
[13:42:51] : end pos sig4 : -50.000000, -50.000000
[13:42:57] : Cycle start ON
[13:42:57] : Cycle start OFF
[13:43:02] : REQUEST MEAS. ON
[13:43:11] : REQUEST MEAS. OFF
[13:43:11] : end pos sig1 : 50.000000, 50.000000
[13:43:11] : 측정요구 ON 2
[13:43:20] : 측정요구 2OFF
[13:43:20] : end pos sig2 : -50.000000, -50.000000
[13:43:25] : 측정요구3 ON
[13:43:34] : 측정요구3 OFF
[13:43:34] : end pos sig3 : 50.000000, 50.000000
[13:43:34] : 측정요구4 ON
[13:43:44] : 측정요구4 OFF
[13:43:44] : end pos sig4 : -50.000000, -50.000000
[13:43:49] : Cycle start ON
[13:43:49] : Cycle start OFF
[13:43:54] : REQUEST MEAS. ON
[13:44:03] : REQUEST MEAS. OFF
[13:44:03] : end pos sig1 : 50.000000, 50.000000
[13:44:03] : 측정요구 ON 2
[13:44:13] : 측정요구 2OFF
[13:44:13] : end pos sig2 : -50.000000, -50.000000
[13:44:17] : 측정요구3 ON
[13:44:26] : 측정요구3 OFF
[13:44:26] : end pos sig3 : 50.000000, 50.000000
[13:44:26] : 측정요구4 ON
[13:44:35] : 측정요구4 OFF
[13:44:35] : end pos sig4 : -50.000000, -50.000000
[13:44:40] : Cycle start ON
[13:44:41] : Cycle start OFF
[13:44:46] : REQUEST MEAS. ON
[13:44:55] : REQUEST MEAS. OFF
[13:44:55] : end pos sig1 : 50.000000, 50.000000
[13:44:55] : 측정요구 ON 2
[13:45:04] : 측정요구 2OFF
[13:45:04] : end pos sig2 : -50.000000, -50.000000
[13:45:09] : 측정요구3 ON
[13:45:18] : 측정요구3 OFF
[13:45:18] : end pos sig3 : 50.000000, 50.000000
[13:45:18] : 측정요구4 ON
[13:45:27] : 측정요구4 OFF
[13:45:27] : end pos sig4 : -50.000000, -50.000000
[13:45:33] : Cycle start ON
[13:45:33] : Cycle start OFF
[13:45:38] : REQUEST MEAS. ON
[13:45:47] : REQUEST MEAS. OFF
[13:45:47] : end pos sig1 : 50.000000, 50.000000
[13:45:47] : 측정요구 ON 2
[13:45:56] : 측정요구 2OFF
[13:45:56] : end pos sig2 : -50.000000, -50.000000
[13:46:01] : 측정요구3 ON
[13:46:10] : 측정요구3 OFF
[13:46:10] : end pos sig3 : 50.000000, 50.000000
[13:46:10] : 측정요구4 ON
[13:46:19] : 측정요구4 OFF
[13:46:19] : end pos sig4 : -50.000000, -50.000000
[13:46:25] : Cycle start ON
[13:46:25] : Cycle start OFF
[13:46:30] : REQUEST MEAS. ON
[13:46:39] : REQUEST MEAS. OFF
[13:46:39] : end pos sig1 : 50.000000, 50.000000
[13:46:39] : 측정요구 ON 2
[13:46:48] : 측정요구 2OFF
[13:46:48] : end pos sig2 : -50.000000, -50.000000
[13:46:53] : 측정요구3 ON
[13:47:02] : 측정요구3 OFF
[13:47:02] : end pos sig3 : 50.000000, 50.000000
[13:47:02] : 측정요구4 ON
[13:47:11] : 측정요구4 OFF
[13:47:11] : end pos sig4 : -50.000000, -50.000000
[13:47:17] : Cycle start ON
[13:47:17] : Cycle start OFF
[13:47:22] : REQUEST MEAS. ON
[13:47:31] : REQUEST MEAS. OFF
[13:47:31] : end pos sig1 : 50.000000, 50.000000
[13:47:31] : 측정요구 ON 2
[13:47:41] : 측정요구 2OFF
[13:47:41] : end pos sig2 : -50.000000, -50.000000
[13:47:45] : 측정요구3 ON
[13:47:54] : 측정요구3 OFF
[13:47:54] : end pos sig3 : 50.000000, 50.000000
[13:47:54] : 측정요구4 ON
[13:48:04] : 측정요구4 OFF
[13:48:04] : end pos sig4 : -50.000000, -50.000000
[13:48:09] : Cycle start ON
[13:48:09] : Cycle start OFF
[13:48:14] : REQUEST MEAS. ON
[13:48:23] : REQUEST MEAS. OFF
[13:48:23] : end pos sig1 : 50.000000, 50.000000
[13:48:23] : 측정요구 ON 2
[13:48:33] : 측정요구 2OFF
[13:48:33] : end pos sig2 : -50.000000, -50.000000
[13:48:37] : 측정요구3 ON
[13:48:46] : 측정요구3 OFF
[13:48:46] : end pos sig3 : 50.000000, 50.000000
[13:48:46] : 측정요구4 ON
[13:48:56] : 측정요구4 OFF
[13:48:56] : end pos sig4 : -50.000000, -50.000000
[13:49:01] : Cycle start ON
[13:49:01] : Cycle start OFF
[13:49:06] : REQUEST MEAS. ON
[13:49:15] : REQUEST MEAS. OFF
[13:49:15] : end pos sig1 : 50.000000, 50.000000
[13:49:15] : 측정요구 ON 2
[13:49:25] : 측정요구 2OFF
[13:49:25] : end pos sig2 : -50.000000, -50.000000
[13:49:29] : 측정요구3 ON
[13:49:38] : 측정요구3 OFF
[13:49:38] : end pos sig3 : 50.000000, 50.000000
[13:49:38] : 측정요구4 ON
[13:49:48] : 측정요구4 OFF
[13:49:48] : end pos sig4 : -50.000000, -50.000000
[13:49:53] : Cycle start ON
[13:49:53] : Cycle start OFF
[13:49:58] : REQUEST MEAS. ON
[13:50:07] : REQUEST MEAS. OFF
[13:50:07] : end pos sig1 : 50.000000, 50.000000
[13:50:07] : 측정요구 ON 2
[13:50:17] : 측정요구 2OFF
[13:50:17] : end pos sig2 : -50.000000, -50.000000
[13:50:21] : 측정요구3 ON
[13:50:30] : 측정요구3 OFF
[13:50:30] : end pos sig3 : 50.000000, 50.000000
[13:50:30] : 측정요구4 ON
[13:50:40] : 측정요구4 OFF
[13:50:40] : end pos sig4 : -50.000000, -50.000000
[13:50:44] : Cycle start ON
[13:50:45] : Cycle start OFF
[13:50:50] : REQUEST MEAS. ON
[13:50:59] : REQUEST MEAS. OFF
[13:50:59] : end pos sig1 : 50.000000, 50.000000
[13:50:59] : 측정요구 ON 2
[13:51:09] : 측정요구 2OFF
[13:51:09] : end pos sig2 : -50.000000, -50.000000
[13:51:13] : 측정요구3 ON
[13:51:22] : 측정요구3 OFF
[13:51:22] : end pos sig3 : 50.000000, 50.000000
[13:51:22] : 측정요구4 ON
[13:51:32] : 측정요구4 OFF
[13:51:32] : end pos sig4 : -50.000000, -50.000000
[13:51:36] : Cycle start ON
[13:51:37] : Cycle start OFF
[13:51:42] : REQUEST MEAS. ON
[13:51:51] : REQUEST MEAS. OFF
[13:51:51] : end pos sig1 : 50.000000, 50.000000
[13:51:51] : 측정요구 ON 2
[13:52:01] : 측정요구 2OFF
[13:52:01] : end pos sig2 : -50.000000, -50.000000
[13:52:05] : 측정요구3 ON
[13:52:14] : 측정요구3 OFF
[13:52:14] : end pos sig3 : 50.000000, 50.000000
[13:52:14] : 측정요구4 ON
[13:52:24] : 측정요구4 OFF
[13:52:24] : end pos sig4 : -50.000000, -50.000000
[13:52:29] : Cycle start ON
[13:52:29] : Cycle start OFF
[13:52:34] : REQUEST MEAS. ON
[13:52:43] : REQUEST MEAS. OFF
[13:52:43] : end pos sig1 : 50.000000, 50.000000
[13:52:43] : 측정요구 ON 2
[13:52:53] : 측정요구 2OFF
[13:52:53] : end pos sig2 : -50.000000, -50.000000
[13:52:57] : 측정요구3 ON
[13:53:06] : 측정요구3 OFF
[13:53:06] : end pos sig3 : 50.000000, 50.000000
[13:53:06] : 측정요구4 ON
[13:53:16] : 측정요구4 OFF
[13:53:16] : end pos sig4 : -50.000000, -50.000000
[13:53:20] : Cycle start ON
[13:53:21] : Cycle start OFF
[13:53:26] : REQUEST MEAS. ON
[13:53:35] : REQUEST MEAS. OFF
[13:53:35] : end pos sig1 : 50.000000, 50.000000
[13:53:35] : 측정요구 ON 2
[13:53:45] : 측정요구 2OFF
[13:53:45] : end pos sig2 : -50.000000, -50.000000
[13:53:49] : 측정요구3 ON
[13:53:58] : 측정요구3 OFF
[13:53:58] : end pos sig3 : 50.000000, 50.000000
[13:53:58] : 측정요구4 ON
[13:54:08] : 측정요구4 OFF
[13:54:08] : end pos sig4 : -50.000000, -50.000000
[13:54:13] : Cycle start ON
[13:54:14] : Cycle start OFF
[13:54:19] : REQUEST MEAS. ON
[13:54:28] : REQUEST MEAS. OFF
[13:54:28] : end pos sig1 : 50.000000, 50.000000
[13:54:28] : 측정요구 ON 2
[13:54:37] : 측정요구 2OFF
[13:54:37] : end pos sig2 : -50.000000, -50.000000
[13:54:41] : 측정요구3 ON
[13:54:50] : 측정요구3 OFF
[13:54:50] : end pos sig3 : 50.000000, 50.000000
[13:54:50] : 측정요구4 ON
[13:55:00] : 측정요구4 OFF
[13:55:00] : end pos sig4 : -50.000000, -50.000000
[13:55:05] : Cycle start ON
[13:55:05] : Cycle start OFF
[13:55:10] : REQUEST MEAS. ON
[13:55:19] : REQUEST MEAS. OFF
[13:55:19] : end pos sig1 : 50.000000, 50.000000
[13:55:19] : 측정요구 ON 2
[13:55:29] : 측정요구 2OFF
[13:55:29] : end pos sig2 : -50.000000, -50.000000
[13:55:33] : 측정요구3 ON
[13:55:42] : 측정요구3 OFF
[13:55:42] : end pos sig3 : 50.000000, 50.000000
[13:55:42] : 측정요구4 ON
[13:55:52] : 측정요구4 OFF
[13:55:52] : end pos sig4 : -50.000000, -50.000000
[13:55:57] : Cycle start ON
[13:55:57] : Cycle start OFF
[13:56:02] : REQUEST MEAS. ON
[13:56:11] : REQUEST MEAS. OFF
[13:56:11] : end pos sig1 : 50.000000, 50.000000
[13:56:11] : 측정요구 ON 2
[13:56:21] : 측정요구 2OFF
[13:56:21] : end pos sig2 : -50.000000, -50.000000
[13:56:25] : 측정요구3 ON
[13:56:34] : 측정요구3 OFF
[13:56:34] : end pos sig3 : 50.000000, 50.000000
[13:56:34] : 측정요구4 ON
[13:56:44] : 측정요구4 OFF
[13:56:44] : end pos sig4 : -50.000000, -50.000000
[13:56:48] : Cycle start ON
[13:56:49] : Cycle start OFF
[13:56:54] : REQUEST MEAS. ON
[13:57:03] : REQUEST MEAS. OFF
[13:57:03] : end pos sig1 : 50.000000, 50.000000
[13:57:03] : 측정요구 ON 2
[13:57:13] : 측정요구 2OFF
[13:57:13] : end pos sig2 : -50.000000, -50.000000
[13:57:17] : 측정요구3 ON
[13:57:26] : 측정요구3 OFF
[13:57:26] : end pos sig3 : 50.000000, 50.000000
[13:57:26] : 측정요구4 ON
[13:57:36] : 측정요구4 OFF
[13:57:36] : end pos sig4 : -50.000000, -50.000000
[13:57:41] : Cycle start ON
[13:57:41] : Cycle start OFF
[13:57:46] : REQUEST MEAS. ON
[13:57:55] : REQUEST MEAS. OFF
[13:57:55] : end pos sig1 : 50.000000, 50.000000
[13:57:55] : 측정요구 ON 2
[13:58:05] : 측정요구 2OFF
[13:58:05] : end pos sig2 : -50.000000, -50.000000
[13:58:09] : 측정요구3 ON
[13:58:18] : 측정요구3 OFF
[13:58:18] : end pos sig3 : 50.000000, 50.000000
[13:58:18] : 측정요구4 ON
[13:58:28] : 측정요구4 OFF
[13:58:28] : end pos sig4 : -50.000000, -50.000000
[13:58:33] : Cycle start ON
[13:58:33] : Cycle start OFF
[13:58:38] : REQUEST MEAS. ON
[13:58:47] : REQUEST MEAS. OFF
[13:58:47] : end pos sig1 : 50.000000, 50.000000
[13:58:47] : 측정요구 ON 2
[13:58:57] : 측정요구 2OFF
[13:58:57] : end pos sig2 : -50.000000, -50.000000
[13:59:01] : 측정요구3 ON
[13:59:10] : 측정요구3 OFF
[13:59:10] : end pos sig3 : 50.000000, 50.000000
[13:59:10] : 측정요구4 ON
[13:59:20] : 측정요구4 OFF
[13:59:20] : end pos sig4 : -50.000000, -50.000000
[13:59:25] : Cycle start ON
[13:59:25] : Cycle start OFF
[13:59:30] : REQUEST MEAS. ON
[13:59:39] : REQUEST MEAS. OFF
[13:59:39] : end pos sig1 : 50.000000, 50.000000
[13:59:39] : 측정요구 ON 2
[13:59:49] : 측정요구 2OFF
[13:59:49] : end pos sig2 : -50.000000, -50.000000
[13:59:53] : 측정요구3 ON
[14:00:02] : 측정요구3 OFF
[14:00:02] : end pos sig3 : 50.000000, 50.000000
[14:00:02] : 측정요구4 ON
[14:00:12] : 측정요구4 OFF
[14:00:12] : end pos sig4 : -50.000000, -50.000000
[14:00:16] : Cycle start ON
[14:00:17] : Cycle start OFF
[14:00:22] : REQUEST MEAS. ON
[14:00:31] : REQUEST MEAS. OFF
[14:00:31] : end pos sig1 : 50.000000, 50.000000
[14:00:31] : 측정요구 ON 2
[14:00:41] : 측정요구 2OFF
[14:00:41] : end pos sig2 : -50.000000, -50.000000
[14:00:45] : 측정요구3 ON
[14:00:54] : 측정요구3 OFF
[14:00:54] : end pos sig3 : 50.000000, 50.000000
[14:00:54] : 측정요구4 ON
[14:01:04] : 측정요구4 OFF
[14:01:04] : end pos sig4 : -50.000000, -50.000000
[14:01:08] : Cycle start ON
[14:01:09] : Cycle start OFF
[14:01:14] : REQUEST MEAS. ON
[14:01:23] : REQUEST MEAS. OFF
[14:01:23] : end pos sig1 : 50.000000, 50.000000
[14:01:23] : 측정요구 ON 2
[14:01:33] : 측정요구 2OFF
[14:01:33] : end pos sig2 : -50.000000, -50.000000
[14:01:37] : 측정요구3 ON
[14:01:46] : 측정요구3 OFF
[14:01:46] : end pos sig3 : 50.000000, 50.000000
[14:01:46] : 측정요구4 ON
[14:01:56] : 측정요구4 OFF
[14:01:56] : end pos sig4 : -50.000000, -50.000000
[14:02:01] : Cycle start ON
[14:02:01] : Cycle start OFF
[14:02:06] : REQUEST MEAS. ON
[14:02:15] : REQUEST MEAS. OFF
[14:02:15] : end pos sig1 : 50.000000, 50.000000
[14:02:15] : 측정요구 ON 2
[14:02:25] : 측정요구 2OFF
[14:02:25] : end pos sig2 : -50.000000, -50.000000
[14:02:29] : 측정요구3 ON
[14:02:38] : 측정요구3 OFF
[14:02:38] : end pos sig3 : 50.000000, 50.000000
[14:02:38] : 측정요구4 ON
[14:02:48] : 측정요구4 OFF
[14:02:48] : end pos sig4 : -50.000000, -50.000000
[14:02:53] : Cycle start ON
[14:02:53] : Cycle start OFF
[14:02:58] : REQUEST MEAS. ON
[14:03:07] : REQUEST MEAS. OFF
[14:03:07] : end pos sig1 : 50.000000, 50.000000
[14:03:07] : 측정요구 ON 2
[14:03:17] : 측정요구 2OFF
[14:03:17] : end pos sig2 : -50.000000, -50.000000
[14:03:21] : 측정요구3 ON
[14:03:30] : 측정요구3 OFF
[14:03:30] : end pos sig3 : 50.000000, 50.000000
[14:03:30] : 측정요구4 ON
[14:03:40] : 측정요구4 OFF
[14:03:40] : end pos sig4 : -50.000000, -50.000000
[14:03:45] : Cycle start ON
[14:03:45] : Cycle start OFF
[14:03:50] : REQUEST MEAS. ON
[14:03:59] : REQUEST MEAS. OFF
[14:03:59] : end pos sig1 : 50.000000, 50.000000
[14:03:59] : 측정요구 ON 2
[14:04:09] : 측정요구 2OFF
[14:04:09] : end pos sig2 : -50.000000, -50.000000
[14:04:13] : 측정요구3 ON
[14:04:22] : 측정요구3 OFF
[14:04:22] : end pos sig3 : 50.000000, 50.000000
[14:04:22] : 측정요구4 ON
[14:04:32] : 측정요구4 OFF
[14:04:32] : end pos sig4 : -50.000000, -50.000000
[14:04:36] : Cycle start ON
[14:04:37] : Cycle start OFF
[14:04:42] : REQUEST MEAS. ON
[14:04:51] : REQUEST MEAS. OFF
[14:04:51] : end pos sig1 : 50.000000, 50.000000
[14:04:51] : 측정요구 ON 2
[14:05:01] : 측정요구 2OFF
[14:05:01] : end pos sig2 : -50.000000, -50.000000
[14:05:05] : 측정요구3 ON
[14:05:14] : 측정요구3 OFF
[14:05:14] : end pos sig3 : 50.000000, 50.000000
[14:05:14] : 측정요구4 ON
[14:05:24] : 측정요구4 OFF
[14:05:24] : end pos sig4 : -50.000000, -50.000000
[14:05:29] : Cycle start ON
[14:05:29] : Cycle start OFF
[14:05:34] : REQUEST MEAS. ON
[14:05:43] : REQUEST MEAS. OFF
[14:05:43] : end pos sig1 : 50.000000, 50.000000
[14:05:43] : 측정요구 ON 2
[14:05:53] : 측정요구 2OFF
[14:05:53] : end pos sig2 : -50.000000, -50.000000
[14:05:57] : 측정요구3 ON
[14:06:06] : 측정요구3 OFF
[14:06:06] : end pos sig3 : 50.000000, 50.000000
[14:06:06] : 측정요구4 ON
[14:06:16] : 측정요구4 OFF
[14:06:16] : end pos sig4 : -50.000000, -50.000000
[14:06:21] : Cycle start ON
[14:06:21] : Cycle start OFF
[14:06:26] : REQUEST MEAS. ON
[14:06:35] : REQUEST MEAS. OFF
[14:06:35] : end pos sig1 : 50.000000, 50.000000
[14:06:35] : 측정요구 ON 2
[14:06:45] : 측정요구 2OFF
[14:06:45] : end pos sig2 : -50.000000, -50.000000
[14:06:49] : 측정요구3 ON
[14:06:58] : 측정요구3 OFF
[14:06:58] : end pos sig3 : 50.000000, 50.000000
[14:06:58] : 측정요구4 ON
[14:07:08] : 측정요구4 OFF
[14:07:08] : end pos sig4 : -50.000000, -50.000000
 
