[11:38:26] : Plc Error Timer
[11:38:32] : Plc Error Timer
[11:38:38] : Plc Error Timer
[11:38:44] : Plc Error Timer
[11:38:50] : Plc Error Timer
[11:38:56] : Plc Error Timer
[11:39:02] : Plc Error Timer
[11:39:08] : Plc Error Timer
[11:39:14] : Plc Error Timer
[11:39:20] : Plc Error Timer
[11:39:26] : Plc Error Timer
[11:39:33] : Plc Error Timer
[11:39:39] : Plc Error Timer
[11:39:45] : Plc Error Timer
[11:39:51] : Plc Error Timer
[11:39:57] : Plc Error Timer
[11:40:03] : Plc Error Timer
[11:40:09] : Plc Error Timer
[11:40:15] : Plc Error Timer
[11:40:21] : Plc Error Timer
[11:40:27] : Plc Error Timer
[11:40:34] : Plc Error Timer
[11:40:40] : Plc Error Timer
[11:40:46] : Plc Error Timer
[11:40:52] : Plc Error Timer
[11:40:58] : Plc Error Timer
[11:41:04] : Plc Error Timer
[11:41:10] : Plc Error Timer
[11:41:16] : Plc Error Timer
[11:41:22] : Plc Error Timer
[11:41:28] : Plc Error Timer
[11:41:35] : Plc Error Timer
[11:41:41] : Plc Error Timer
[11:41:47] : Plc Error Timer
[11:41:53] : Plc Error Timer
[11:41:59] : Plc Error Timer
[11:42:05] : Plc Error Timer
[11:42:11] : Plc Error Timer
[11:42:17] : Plc Error Timer
[11:42:23] : Plc Error Timer
[11:42:29] : Plc Error Timer
[11:42:36] : Plc Error Timer
[11:42:42] : Plc Error Timer
[11:42:48] : Plc Error Timer
[11:42:54] : Plc Error Timer
[11:43:00] : Plc Error Timer
[11:43:06] : Plc Error Timer
[11:43:12] : Plc Error Timer
[11:43:18] : Plc Error Timer
[11:43:24] : Plc Error Timer
 
[14:50:47] : PROGRAM END
 
[17:00:59] : PROGRAM START
[17:01:05] : AUTO RUNNING OFF
[17:01:05] : REQUEST MEAS. OFF
[17:01:05] : REQUEST ZEROSET OFF
[17:01:05] : REQUEST ZEROSET OFF
[18:57:21] : PROGRAM END
 
[19:18:11] : PROGRAM START
[19:18:16] : AUTO RUNNING OFF
[19:18:16] : REQUEST MEAS. OFF
[19:18:16] : REQUEST ZEROSET OFF
[19:18:16] : REQUEST ZEROSET OFF
 
