 
[13:36:05] : MEAS ESC ON
[13:36:06] : MEAS ESC OFF
[13:36:06] : AUTO RUNNING ON
[13:38:52] : AUTO RUNNING OFF
[14:17:01] : MEAS ESC ON
[14:17:44] : MEAS ESC OFF
[14:29:52] : MEAS ESC ON
[14:29:57] : MEAS ESC OFF
[14:30:22] : MEAS ESC ON
[14:30:22] : MEAS ESC OFF
[14:30:22] : AUTO RUNNING ON
[14:31:52] : Cycle start ON
[14:31:54] : Cycle start OFF
[14:32:21] : AUTO RUNNING OFF
[14:32:24] : MEAS ESC ON
[14:32:24] : MEAS ESC OFF
[14:32:24] : AUTO RUNNING ON
[14:33:30] : AUTO RUNNING OFF
[14:34:11] : MEAS ESC ON
[14:34:11] : MEAS ESC OFF
[14:34:11] : AUTO RUNNING ON
[14:34:26] : AUTO RUNNING OFF
[14:35:19] : MEAS ESC ON
[14:35:21] : MEAS ESC OFF
[14:35:21] : AUTO RUNNING ON
[14:35:54] : AUTO RUNNING OFF
[14:37:32] : MEAS ESC ON
[14:37:34] : MEAS ESC OFF
[14:37:34] : AUTO RUNNING ON
[14:44:13] : AUTO RUNNING OFF
[14:44:21] : MEAS ESC ON
[14:44:23] : MEAS ESC OFF
[14:44:23] : AUTO RUNNING ON
[14:45:54] : AUTO RUNNING OFF
[14:46:02] : MEAS ESC ON
[14:46:20] : MEAS ESC OFF
[14:46:33] : MEAS ESC ON
[14:47:18] : MEAS ESC OFF
[14:52:43] : MEAS ESC ON
[14:52:44] : MEAS ESC OFF
[14:52:44] : AUTO RUNNING ON
[15:01:03] : AUTO RUNNING OFF
[15:04:15] : MEAS ESC ON
[15:04:15] : MEAS ESC OFF
[15:04:15] : AUTO RUNNING ON
[15:14:36] : AUTO RUNNING OFF
 
