[10:31:51] : PROGRAM START
[10:32:00] : Plc Error Timer
[10:32:06] : Plc Error Timer
[10:32:12] : Plc Error Timer
[10:32:18] : Plc Error Timer
[10:32:24] : Plc Error Timer
[10:32:30] : Plc Error Timer
[10:32:36] : Plc Error Timer
[10:32:42] : Plc Error Timer
[10:32:48] : Plc Error Timer
[10:32:54] : Plc Error Timer
[10:33:01] : Plc Error Timer
[10:33:07] : Plc Error Timer
[10:33:13] : Plc Error Timer
[10:33:19] : Plc Error Timer
[10:33:25] : Plc Error Timer
[10:33:31] : Plc Error Timer
[10:33:37] : Plc Error Timer
[10:33:43] : Plc Error Timer
[10:35:02] : Plc Error Timer
[10:35:08] : Plc Error Timer
[10:35:41] : MEAS ESC ON
[10:35:41] : M3400 : 비상입니다. ON
[10:35:41] : M3419 :	마스터셔틀 알람 ON
[10:37:02] : MEAS ESC OFF
[10:37:02] : RESET ON
[10:37:02] : M3400 : 비상입니다. OFF
[10:37:02] : M3419 :	마스터셔틀 알람 OFF
[10:57:46] : MEAS ESC ON
[10:57:46] : M3400 : 비상입니다. ON
[10:57:46] : M3401 : MAIN AIR ALARM ON
[11:10:47] : MEAS ESC OFF
[11:10:47] : RESET ON
[11:10:47] : M3400 : 비상입니다. OFF
[11:10:47] : M3401 : MAIN AIR ALARM OFF
 
[16:35:55] : REQUEST ZEROSET ON
[16:35:56] : REQUEST ZEROSET OFF
[16:36:11] : REQUEST ZEROSET ON
[16:36:12] : REQUEST ZEROSET OFF
[16:37:31] : REQUEST ZEROSET ON
[16:37:32] : REQUEST ZEROSET OFF
[16:37:51] : REQUEST MEAS. ON
[16:37:52] : REQUEST MEAS. OFF
[16:38:05] : REQUEST MEAS. ON
[16:38:06] : REQUEST MEAS. OFF
[16:38:19] : REQUEST MEAS. ON
[16:38:20] : REQUEST MEAS. OFF
[16:38:33] : REQUEST MEAS. ON
[16:38:34] : REQUEST MEAS. OFF
[16:38:46] : REQUEST MEAS. ON
[16:38:47] : REQUEST MEAS. OFF
[16:39:00] : REQUEST MEAS. ON
[16:39:01] : REQUEST MEAS. OFF
[16:39:14] : REQUEST MEAS. ON
[16:39:15] : REQUEST MEAS. OFF
[16:39:28] : REQUEST MEAS. ON
[16:39:29] : REQUEST MEAS. OFF
[16:39:42] : REQUEST MEAS. ON
[16:39:43] : REQUEST MEAS. OFF
[16:39:55] : REQUEST MEAS. ON
[16:39:56] : REQUEST MEAS. OFF
[16:43:08] : REQUEST MEAS. ON
[16:43:10] : REQUEST MEAS. OFF
[16:43:22] : REQUEST MEAS. ON
[16:43:23] : REQUEST MEAS. OFF
[16:43:36] : REQUEST MEAS. ON
[16:43:37] : REQUEST MEAS. OFF
[16:43:50] : REQUEST MEAS. ON
[16:43:51] : REQUEST MEAS. OFF
[16:44:04] : REQUEST MEAS. ON
[16:44:05] : REQUEST MEAS. OFF
[16:44:17] : REQUEST MEAS. ON
[16:44:18] : REQUEST MEAS. OFF
[16:44:31] : REQUEST MEAS. ON
[16:44:32] : REQUEST MEAS. OFF
[16:44:45] : REQUEST MEAS. ON
[16:44:46] : REQUEST MEAS. OFF
[16:44:59] : REQUEST MEAS. ON
[16:45:00] : REQUEST MEAS. OFF
[16:45:12] : REQUEST MEAS. ON
[16:45:13] : REQUEST MEAS. OFF
[16:47:02] : REQUEST MEAS. ON
[16:47:03] : REQUEST MEAS. OFF
[18:01:42] : REQUEST ZEROSET ON
[18:01:43] : REQUEST ZEROSET OFF
[18:01:56] : REQUEST ZEROSET ON
[18:01:57] : REQUEST ZEROSET OFF
[18:02:10] : REQUEST ZEROSET ON
[18:02:11] : REQUEST ZEROSET OFF
[18:02:24] : REQUEST ZEROSET ON
[18:02:25] : REQUEST ZEROSET OFF
[18:02:33] : MEAS ESC ON
[18:02:33] : M3400 : 비상입니다. ON
[18:02:34] : MEAS ESC OFF
[18:02:34] : RESET ON
[18:02:34] : M3400 : 비상입니다. OFF
[18:02:35] : RESET ON
[18:05:20] : REQUEST ZEROSET ON
[18:05:22] : REQUEST ZEROSET OFF
[18:05:34] : REQUEST ZEROSET ON
[18:05:35] : REQUEST ZEROSET OFF
[18:05:48] : REQUEST ZEROSET ON
[18:05:49] : MEAS ESC ON
[18:05:49] : REQUEST ZEROSET OFF
[18:05:49] : M3400 : 비상입니다. ON
[18:05:50] : MEAS ESC OFF
[18:05:50] : RESET ON
[18:05:50] : M3400 : 비상입니다. OFF
[18:05:51] : RESET ON
[18:07:13] : REQUEST ZEROSET ON
[18:07:14] : REQUEST ZEROSET OFF
[18:08:56] : REQUEST ZEROSET ON
[18:08:57] : REQUEST ZEROSET OFF
[18:09:10] : REQUEST ZEROSET ON
[18:09:11] : REQUEST ZEROSET OFF
[18:09:23] : REQUEST ZEROSET ON
[18:09:24] : REQUEST ZEROSET OFF
[18:10:48] : REQUEST ZEROSET ON
[18:10:49] : REQUEST ZEROSET OFF
[18:11:02] : REQUEST ZEROSET ON
[18:11:03] : REQUEST ZEROSET OFF
[18:11:16] : REQUEST ZEROSET ON
[18:11:17] : REQUEST ZEROSET OFF
[18:11:49] : MEAS ESC ON
[18:11:49] : M3400 : 비상입니다. ON
[18:11:49] : M3419 :	마스터셔틀 알람 ON
[18:12:47] : MEAS ESC OFF
[18:12:47] : RESET ON
[18:12:47] : M3400 : 비상입니다. OFF
[18:12:47] : M3419 :	마스터셔틀 알람 OFF
[18:13:33] : REQUEST ZEROSET ON
[18:13:35] : REQUEST ZEROSET OFF
[18:13:47] : REQUEST ZEROSET ON
[18:13:48] : REQUEST ZEROSET OFF
[18:14:01] : REQUEST ZEROSET ON
[18:14:02] : REQUEST ZEROSET OFF
[18:15:16] : REQUEST MEAS. ON
[18:15:18] : REQUEST MEAS. OFF
[18:15:24] : MEAS ESC ON
[18:15:24] : M3400 : 비상입니다. ON
[18:15:24] : M3445 :	감도 마스터 NG 알람 ON
[18:15:40] : MEAS ESC OFF
[18:15:40] : RESET ON
[18:15:40] : M3400 : 비상입니다. OFF
[18:15:40] : M3445 :	감도 마스터 NG 알람 OFF
[18:17:22] : REQUEST ZEROSET ON
[18:17:23] : REQUEST ZEROSET OFF
[18:17:36] : REQUEST ZEROSET ON
[18:17:37] : REQUEST ZEROSET OFF
[18:17:49] : REQUEST ZEROSET ON
[18:17:51] : REQUEST ZEROSET OFF
[18:18:36] : REQUEST MEAS. ON
[18:18:37] : REQUEST MEAS. OFF
[18:20:49] : REQUEST ZEROSET ON
[18:20:50] : REQUEST ZEROSET OFF
[18:21:03] : REQUEST ZEROSET ON
[18:21:04] : REQUEST ZEROSET OFF
[18:21:16] : REQUEST ZEROSET ON
[18:21:18] : REQUEST ZEROSET OFF
[18:22:03] : REQUEST MEAS. ON
[18:22:04] : REQUEST MEAS. OFF
[18:23:04] : AUTO RUNNING ON
[18:23:49] : AUTO RUNNING OFF
[18:23:52] : PROGRAM END
 
[18:25:54] : PROGRAM START
[18:32:34] : PROGRAM END
 
[18:34:09] : PROGRAM START
[18:36:14] : REQUEST ZEROSET ON
[18:36:15] : REQUEST ZEROSET OFF
[18:36:28] : REQUEST ZEROSET ON
[18:36:29] : REQUEST ZEROSET OFF
[18:36:42] : REQUEST ZEROSET ON
[18:36:43] : REQUEST ZEROSET OFF
[18:37:29] : REQUEST MEAS. ON
[18:37:30] : REQUEST MEAS. OFF
[18:38:03] : PROGRAM END
 
[18:38:08] : PROGRAM START
[18:38:15] : AUTO RUNNING ON
[18:39:57] : MEAS ESC ON
[18:39:57] : AUTO RUNNING OFF
[18:39:57] : M3400 : 비상입니다. ON
[18:39:58] : MEAS ESC OFF
[18:39:58] : M3400 : 비상입니다. OFF
[18:39:58] : RESET ON
[18:42:07] : PROGRAM END
 
[18:42:12] : PROGRAM START
[18:42:20] : PROGRAM END
 
[18:44:18] : PROGRAM START
[18:44:44] : PROGRAM END
 
[18:46:40] : PROGRAM START
[18:47:24] : REQUEST MEAS. ON
[18:47:26] : REQUEST MEAS. OFF
[18:50:15] : AUTO RUNNING ON
[18:50:20] : MEAS ESC ON
[18:50:20] : AUTO RUNNING OFF
[18:50:20] : M3400 : 비상입니다. ON
[18:50:20] : M3401 : MAIN AIR ALARM ON
[18:50:29] : MEAS ESC OFF
[18:50:29] : RESET ON
[18:50:29] : M3400 : 비상입니다. OFF
[18:50:29] : M3401 : MAIN AIR ALARM OFF
[18:50:38] : AUTO RUNNING ON
[18:51:33] : AUTO RUNNING OFF
[18:52:26] : MEAS ESC ON
[18:52:26] : M3400 : 비상입니다. ON
[18:52:27] : MEAS ESC OFF
[18:52:27] : RESET ON
[18:52:27] : M3400 : 비상입니다. OFF
[18:52:28] : RESET ON
[19:24:33] : PROGRAM END
 
[19:24:37] : PROGRAM START
[19:46:46] : REQUEST ZEROSET ON
[19:46:47] : REQUEST ZEROSET OFF
[19:47:00] : REQUEST ZEROSET ON
[19:47:01] : REQUEST ZEROSET OFF
[19:47:14] : REQUEST ZEROSET ON
[19:47:15] : REQUEST ZEROSET OFF
[19:47:43] : MEAS ESC ON
[19:47:43] : M3400 : 비상입니다. ON
[19:47:46] : MEAS ESC OFF
[19:47:46] : M3400 : 비상입니다. OFF
[19:47:46] : RESET ON
[19:48:31] : REQUEST ZEROSET ON
[19:48:33] : REQUEST ZEROSET OFF
[19:48:45] : REQUEST ZEROSET ON
[19:48:46] : REQUEST ZEROSET OFF
[19:48:59] : REQUEST ZEROSET ON
[19:49:00] : REQUEST ZEROSET OFF
[19:49:46] : REQUEST MEAS. ON
[19:49:47] : REQUEST MEAS. OFF
[19:50:22] : AUTO RUNNING ON
[19:50:47] : AUTO RUNNING OFF
[19:51:13] : REQUEST ZEROSET ON
[19:51:14] : REQUEST ZEROSET OFF
[19:51:27] : REQUEST ZEROSET ON
[19:51:28] : REQUEST ZEROSET OFF
[19:51:41] : REQUEST ZEROSET ON
[19:51:42] : REQUEST ZEROSET OFF
[19:52:28] : REQUEST MEAS. ON
[19:52:29] : REQUEST MEAS. OFF
[19:53:00] : AUTO RUNNING ON
[20:00:17] : MEAS ESC ON
[20:00:17] : AUTO RUNNING OFF
[20:00:17] : M3400 : 비상입니다. ON
[20:00:17] : MEAS ESC OFF
[20:00:17] : M3400 : 비상입니다. OFF
[20:00:18] : RESET ON
[20:00:55] : REQUEST ZEROSET ON
[20:00:56] : REQUEST ZEROSET OFF
[20:01:09] : REQUEST ZEROSET ON
[20:01:10] : REQUEST ZEROSET OFF
[20:01:23] : REQUEST ZEROSET ON
[20:01:24] : REQUEST ZEROSET OFF
[20:02:09] : REQUEST MEAS. ON
[20:02:11] : REQUEST MEAS. OFF
[20:02:44] : AUTO RUNNING ON
[20:02:52] : AUTO RUNNING OFF
[20:03:18] : REQUEST ZEROSET ON
[20:03:19] : REQUEST ZEROSET OFF
[20:03:32] : REQUEST ZEROSET ON
[20:03:33] : REQUEST ZEROSET OFF
[20:03:46] : REQUEST ZEROSET ON
[20:03:47] : REQUEST ZEROSET OFF
[20:04:32] : REQUEST MEAS. ON
[20:04:34] : REQUEST MEAS. OFF
[20:05:05] : AUTO RUNNING ON
[20:05:11] : AUTO RUNNING OFF
[22:21:29] : MEAS ESC ON
[22:21:29] : M3400 : 비상입니다. ON
 
