 
[16:53:20] : PROGRAM START
[16:53:29] : Plc Error Timer
[16:53:29] : AUTO RUNNING OFF
[16:53:29] : REQUEST MEAS. OFF
[16:53:29] : end pos sig1 : 50.000000, 50.000000
[16:53:29] : end pos sig2 : 50.000000, 50.000000
[16:53:29] : end pos sig3 : 50.000000, 50.000000
[16:53:29] : REQUEST ZEROSET OFF
[16:53:29] : REQUEST ZEROSET OFF
[16:53:29] : end pos sig4 : 50.000000, 50.000000
[18:05:54] : MEAS ESC ON
[18:05:56] : MEAS ESC OFF
[18:05:57] : MEAS ESC ON
[18:05:58] : MEAS ESC OFF
[18:22:38] : Cycle start ON
[18:22:39] : Cycle start OFF
[18:22:43] : REQUEST MEAS. ON
[18:23:25] : REQUEST MEAS. OFF
[18:23:25] : end pos sig1 : 0.000000, 0.000000
[18:28:58] : AUTO RUNNING ON
[18:29:02] : Cycle start ON
[18:29:02] : Cycle start OFF
[18:29:07] : REQUEST MEAS. ON
[18:29:48] : REQUEST MEAS. OFF
[18:29:48] : end pos sig1 : 0.000000, 0.000000
[18:29:50] : AUTO RUNNING OFF
[18:30:18] : AUTO RUNNING ON
[18:30:23] : Cycle start ON
[18:30:24] : Cycle start OFF
[18:30:28] : REQUEST MEAS. ON
[18:31:10] : REQUEST MEAS. OFF
[18:31:10] : end pos sig1 : 0.000000, 0.000000
[18:31:11] : AUTO RUNNING OFF
[18:33:19] : AUTO RUNNING ON
[18:33:21] : Cycle start ON
[18:33:21] : Cycle start OFF
[18:33:26] : REQUEST MEAS. ON
[18:34:07] : REQUEST MEAS. OFF
[18:34:07] : end pos sig1 : 0.000000, 0.000000
[18:34:09] : AUTO RUNNING OFF
[18:39:28] : Cycle start ON
[18:39:28] : Cycle start OFF
[18:39:32] : REQUEST MEAS. ON
[18:39:42] : REQUEST MEAS. OFF
[18:39:42] : end pos sig1 : 50.000000, 50.000000
[18:39:42] : 측정요구 ON 2
[18:39:51] : 측정요구 2OFF
[18:39:51] : end pos sig2 : -50.000000, -50.000000
[18:39:55] : 측정요구3 ON
[18:40:04] : 측정요구3 OFF
[18:40:04] : end pos sig3 : 50.000000, 50.000000
[18:40:04] : 측정요구4 ON
[18:40:13] : 측정요구4 OFF
[18:40:13] : end pos sig4 : -50.000000, -50.000000
[18:40:37] : AUTO RUNNING ON
[18:40:40] : Cycle start ON
[18:40:41] : Cycle start OFF
[18:40:45] : REQUEST MEAS. ON
[18:41:27] : REQUEST MEAS. OFF
[18:41:27] : end pos sig1 : 0.000000, 0.000000
[18:41:28] : AUTO RUNNING OFF
[18:41:49] : AUTO RUNNING ON
[18:41:52] : Cycle start ON
[18:41:53] : Cycle start OFF
[18:41:57] : REQUEST MEAS. ON
[18:42:39] : REQUEST MEAS. OFF
[18:42:39] : end pos sig1 : 0.000000, 0.000000
[18:42:41] : AUTO RUNNING OFF
[18:43:20] : Cycle start ON
[18:43:21] : Cycle start OFF
[18:43:25] : REQUEST MEAS. ON
[18:43:34] : REQUEST MEAS. OFF
[18:43:34] : end pos sig1 : 50.000000, 50.000000
[18:43:34] : 측정요구 ON 2
[18:43:43] : 측정요구 2OFF
[18:43:43] : end pos sig2 : -50.000000, -50.000000
[18:43:47] : 측정요구3 ON
[18:43:56] : 측정요구3 OFF
[18:43:56] : end pos sig3 : 50.000000, 50.000000
[18:43:56] : 측정요구4 ON
[18:44:05] : 측정요구4 OFF
[18:44:05] : end pos sig4 : -50.000000, -50.000000
[18:44:56] : AUTO RUNNING ON
[18:44:59] : Cycle start ON
[18:45:00] : Cycle start OFF
[18:45:04] : REQUEST MEAS. ON
[18:45:46] : REQUEST MEAS. OFF
[18:45:46] : end pos sig1 : 0.000000, 0.000000
[18:45:47] : AUTO RUNNING OFF
[19:10:20] : AUTO RUNNING ON
[19:11:05] : Cycle start ON
[19:11:06] : Cycle start OFF
[19:11:10] : REQUEST MEAS. ON
[19:11:52] : REQUEST MEAS. OFF
[19:11:52] : end pos sig1 : 0.000000, 0.000000
[19:11:53] : AUTO RUNNING OFF
[19:12:08] : Cycle start ON
[19:12:08] : Cycle start OFF
[19:12:13] : REQUEST MEAS. ON
[19:12:22] : REQUEST MEAS. OFF
[19:12:22] : end pos sig1 : 50.000000, 50.000000
[19:12:22] : 측정요구 ON 2
[19:12:32] : 측정요구 2OFF
[19:12:32] : end pos sig2 : -50.000000, -50.000000
[19:12:35] : 측정요구3 ON
[19:12:44] : 측정요구3 OFF
[19:12:44] : end pos sig3 : 50.000000, 50.000000
[19:12:44] : 측정요구4 ON
[19:12:54] : 측정요구4 OFF
[19:12:54] : end pos sig4 : -50.000000, -50.000000
[19:13:51] : AUTO RUNNING ON
[19:14:45] : AUTO RUNNING OFF
[19:15:38] : AUTO RUNNING ON
[19:16:30] : AUTO RUNNING OFF
[19:17:03] : AUTO RUNNING ON
[19:17:06] : Cycle start ON
[19:17:06] : Cycle start OFF
[19:22:38] : AUTO RUNNING OFF
[19:22:55] : MEAS ESC ON
[19:22:56] : MEAS ESC OFF
[19:23:08] : MEAS ESC ON
[19:23:10] : MEAS ESC OFF
[19:23:26] : MEAS ESC ON
[19:23:26] : MEAS ESC OFF
[19:23:29] : MEAS ESC ON
[19:23:30] : MEAS ESC OFF
[19:23:31] : MEAS ESC ON
[19:23:31] : MEAS ESC OFF
[19:23:43] : Cycle start ON
[19:23:44] : Cycle start OFF
[19:24:43] : REQUEST MEAS. ON
[19:26:11] : AUTO RUNNING ON
[19:26:11] : AUTO RUNNING OFF
[19:26:11] : REQUEST MEAS. OFF
[19:26:11] : end pos sig1 : 0.000000, 0.000000
[19:26:12] : MEAS ESC ON
[19:26:13] : MEAS ESC OFF
[19:26:29] : Cycle start ON
[19:26:29] : Cycle start OFF
[19:26:34] : REQUEST MEAS. ON
[19:26:43] : REQUEST MEAS. OFF
[19:26:43] : end pos sig1 : 50.000000, 50.000000
[19:26:43] : 측정요구 ON 2
[19:26:52] : 측정요구 2OFF
[19:26:52] : end pos sig2 : -50.000000, -50.000000
[19:26:56] : 측정요구3 ON
[19:27:05] : 측정요구3 OFF
[19:27:05] : end pos sig3 : 50.000000, 50.000000
[19:27:05] : 측정요구4 ON
[19:27:14] : 측정요구4 OFF
[19:27:14] : end pos sig4 : -50.000000, -50.000000
[19:29:51] : AUTO RUNNING ON
[19:33:09] : Cycle start ON
[19:33:09] : Cycle start OFF
[19:33:13] : REQUEST MEAS. ON
[19:33:55] : REQUEST MEAS. OFF
[19:33:55] : end pos sig1 : 0.000000, 0.000000
[19:33:57] : AUTO RUNNING OFF
[19:34:36] : AUTO RUNNING ON
[19:34:51] : Cycle start ON
[19:34:51] : Cycle start OFF
[19:34:56] : REQUEST MEAS. ON
[19:35:37] : REQUEST MEAS. OFF
[19:35:37] : end pos sig1 : 0.000000, 0.000000
[19:35:39] : AUTO RUNNING OFF
[19:35:49] : Cycle start ON
[19:35:50] : Cycle start OFF
[19:35:54] : REQUEST MEAS. ON
[19:36:03] : REQUEST MEAS. OFF
[19:36:03] : end pos sig1 : 50.000000, 50.000000
[19:36:03] : 측정요구 ON 2
[19:36:12] : 측정요구 2OFF
[19:36:12] : end pos sig2 : -50.000000, -50.000000
[19:36:16] : 측정요구3 ON
[19:36:25] : 측정요구3 OFF
[19:36:25] : end pos sig3 : 50.000000, 50.000000
[19:36:25] : 측정요구4 ON
[19:36:34] : 측정요구4 OFF
[19:36:34] : end pos sig4 : -33.730000, -33.910000
[19:36:44] : AUTO RUNNING ON
[19:36:49] : Cycle start ON
[19:36:50] : Cycle start OFF
[19:36:54] : REQUEST MEAS. ON
[19:37:36] : REQUEST MEAS. OFF
[19:37:36] : end pos sig1 : 0.000000, 0.000000
[19:37:37] : AUTO RUNNING OFF
[19:43:58] : AUTO RUNNING ON
[19:43:59] : Cycle start ON
[19:43:59] : Cycle start OFF
[19:44:03] : REQUEST MEAS. ON
[19:44:45] : REQUEST MEAS. OFF
[19:44:45] : end pos sig1 : 0.000000, 0.000000
[19:44:45] : AUTO RUNNING OFF
[19:45:51] : AUTO RUNNING ON
[19:45:53] : Cycle start ON
[19:45:53] : Cycle start OFF
[19:45:58] : REQUEST MEAS. ON
[19:46:40] : REQUEST MEAS. OFF
[19:46:40] : end pos sig1 : 0.000000, 0.000000
[19:46:40] : AUTO RUNNING OFF
[19:48:13] : AUTO RUNNING ON
[19:48:13] : Cycle start ON
[19:48:14] : Cycle start OFF
[19:48:18] : REQUEST MEAS. ON
[19:48:27] : REQUEST MEAS. OFF
[19:48:27] : end pos sig1 : 50.000000, 50.000000
[19:48:27] : 측정요구 ON 2
[19:48:37] : 측정요구 2OFF
[19:48:37] : end pos sig2 : -17.020000, -50.000000
[19:48:40] : 측정요구3 ON
[19:48:49] : 측정요구3 OFF
[19:48:49] : end pos sig3 : 50.000000, 50.000000
[19:48:49] : 측정요구4 ON
[19:48:58] : 측정요구4 OFF
[19:48:58] : end pos sig4 : -50.000000, -50.000000
[19:48:58] : 12,20181212-194858,CJ18120550571,CF 18112010151,NG,MAX,2, ,CYCLE,0.10,2.00,0.48,OK,0.10,2.00,2.54,NG,0.10,2.00,1.20,OK,0.10,2.00,2.76,NG,
[19:49:01] : AUTO RUNNING OFF
[19:52:32] : AUTO RUNNING ON
[19:52:35] : Cycle start ON
[19:52:35] : Cycle start OFF
[19:53:22] : AUTO RUNNING OFF
[19:54:19] : AUTO RUNNING ON
[19:54:26] : MEAS ESC ON
[19:54:26] : AUTO RUNNING OFF
[19:54:27] : MEAS ESC OFF
[19:54:48] : AUTO RUNNING ON
[19:55:32] : AUTO RUNNING OFF
[19:55:35] : AUTO RUNNING ON
[19:56:23] : AUTO RUNNING OFF
[19:56:30] : AUTO RUNNING ON
[19:57:21] : AUTO RUNNING OFF
[19:57:46] : AUTO RUNNING ON
[19:57:59] : Cycle start ON
[19:58:00] : Cycle start OFF
[19:58:04] : REQUEST MEAS. ON
[19:58:13] : REQUEST MEAS. OFF
[19:58:13] : end pos sig1 : 50.000000, 50.000000
[19:58:13] : 측정요구 ON 2
[19:58:23] : 측정요구 2OFF
[19:58:23] : end pos sig2 : -50.000000, -50.000000
[19:58:26] : 측정요구3 ON
[19:58:35] : 측정요구3 OFF
[19:58:35] : end pos sig3 : 50.000000, 50.000000
[19:58:35] : 측정요구4 ON
[19:58:45] : 측정요구4 OFF
[19:58:45] : end pos sig4 : -50.000000, -38.000000
[19:58:45] : 12,20181212-195845,CJ18120550571,CF 18112010151,NG,MAX,2, ,CYCLE,0.10,2.00,0.48,OK,0.10,2.00,3.10,NG,0.10,2.00,1.20,OK,0.10,2.00,2.69,NG,
[19:58:48] : AUTO RUNNING OFF
[20:18:59] : Cycle start ON
[20:18:59] : Cycle start OFF
[20:19:03] : REQUEST MEAS. ON
[20:19:12] : REQUEST MEAS. OFF
[20:19:12] : end pos sig1 : 50.000000, 50.000000
[20:19:13] : 측정요구 ON 2
[20:19:22] : 측정요구 2OFF
[20:19:22] : end pos sig2 : -50.000000, -50.000000
[20:19:26] : 측정요구3 ON
[20:19:31] : AUTO RUNNING ON
[20:19:35] : 측정요구3 OFF
[20:19:35] : end pos sig3 : 50.000000, 50.000000
[20:19:35] : 측정요구4 ON
[20:19:44] : 측정요구4 OFF
[20:19:44] : end pos sig4 : -50.000000, -50.000000
[20:19:44] : 12,20181212-201945,CJ18120550571,CF 18112010151,NG,MAX,2, ,CYCLE,0.10,2.00,0.52,OK,0.10,2.00,2.53,NG,0.10,2.00,1.21,OK,0.10,2.00,2.67,NG,
[20:19:48] : AUTO RUNNING OFF
[20:19:54] : REQUEST MEAS. ON
[20:20:03] : REQUEST MEAS. OFF
[20:20:03] : end pos sig1 : 50.000000, 50.000000
[20:20:03] : 측정요구 ON 2
[20:20:12] : 측정요구 2OFF
[20:20:12] : end pos sig2 : -50.000000, -50.000000
[20:20:15] : 측정요구3 ON
[20:20:24] : 측정요구3 OFF
[20:20:24] : end pos sig3 : 50.000000, 50.000000
[20:20:24] : 측정요구4 ON
[20:20:34] : 측정요구4 OFF
[20:20:34] : end pos sig4 : -50.000000, -50.000000
[20:34:24] : AUTO RUNNING ON
[20:34:28] : Cycle start ON
[20:34:28] : Cycle start OFF
[20:34:32] : REQUEST MEAS. ON
[20:35:14] : REQUEST MEAS. OFF
[20:35:14] : end pos sig1 : 0.000000, 0.000000
[20:35:15] : AUTO RUNNING OFF
[20:37:36] : AUTO RUNNING ON
[20:37:36] : Cycle start ON
[20:37:37] : Cycle start OFF
[20:37:41] : REQUEST MEAS. ON
[20:38:23] : REQUEST MEAS. OFF
[20:38:23] : end pos sig1 : 0.000000, 0.000000
[20:38:25] : AUTO RUNNING OFF
[20:38:26] : AUTO RUNNING ON
[20:38:27] : Cycle start ON
[20:38:28] : Cycle start OFF
[20:38:32] : REQUEST MEAS. ON
[20:39:14] : REQUEST MEAS. OFF
[20:39:14] : end pos sig1 : 0.000000, 0.000000
[20:39:15] : AUTO RUNNING OFF
[20:52:34] : AUTO RUNNING ON
[20:53:24] : AUTO RUNNING OFF
[20:53:50] : AUTO RUNNING ON
[20:54:39] : AUTO RUNNING OFF
[20:54:51] : MEAS ESC ON
[20:54:52] : MEAS ESC OFF
[20:54:57] : AUTO RUNNING ON
[20:55:56] : AUTO RUNNING OFF
[20:55:58] : MEAS ESC ON
[20:55:59] : MEAS ESC OFF
[20:56:11] : AUTO RUNNING ON
[20:56:11] : Cycle start ON
[20:56:12] : Cycle start OFF
[20:56:16] : REQUEST MEAS. ON
[20:56:25] : REQUEST MEAS. OFF
[20:56:25] : end pos sig1 : 50.000000, 50.000000
[20:56:25] : 측정요구 ON 2
[20:56:35] : 측정요구 2OFF
[20:56:35] : end pos sig2 : -50.000000, -50.000000
[20:56:38] : 측정요구3 ON
[20:56:47] : 측정요구3 OFF
[20:56:47] : end pos sig3 : 50.000000, 50.000000
[20:56:47] : 측정요구4 ON
[20:56:56] : 측정요구4 OFF
[20:56:56] : end pos sig4 : -50.000000, -37.640000
[20:56:56] : 12,20181212-205656,CJ18120550571,CF 18112010151,NG,MAX,2, ,CYCLE,0.10,2.00,0.51,OK,0.10,2.00,2.56,NG,0.10,2.00,1.36,OK,0.10,2.00,2.74,NG,
[20:57:00] : AUTO RUNNING OFF
[20:58:16] : AUTO RUNNING ON
[21:00:48] : MEAS ESC ON
[21:00:48] : AUTO RUNNING OFF
[21:00:49] : MEAS ESC OFF
[21:01:01] : MEAS ESC ON
[21:01:02] : MEAS ESC OFF
[21:01:47] : MEAS ESC ON
[21:01:48] : MEAS ESC OFF
[21:13:51] : MEAS ESC ON
[21:13:52] : MEAS ESC OFF
 
