[10:32:21] : Cycle start ON
[10:32:23] : Cycle start OFF
[10:32:29] : REQUEST ZEROSET ON
[10:32:32] : REQUEST ZEROSET OFF
[10:33:01] : Cycle start ON
[10:33:02] : Cycle start OFF
[10:33:09] : REQUEST ZEROSET ON
[10:33:11] : REQUEST ZEROSET OFF
[10:34:18] : Cycle start ON
[10:34:20] : Cycle start OFF
[10:34:26] : REQUEST ZEROSET ON
[10:34:29] : REQUEST ZEROSET OFF
[10:34:40] : Cycle start ON
[10:34:42] : Cycle start OFF
[10:34:48] : REQUEST ZEROSET ON
[10:34:51] : REQUEST ZEROSET OFF
[10:35:52] : Cycle start ON
[10:35:55] : Cycle start OFF
[10:36:02] : REQUEST MEAS. ON
[10:36:05] : REQUEST MEAS. OFF
[10:36:15] : Cycle start ON
[10:36:18] : Cycle start OFF
[10:36:25] : REQUEST MEAS. ON
[10:36:28] : REQUEST MEAS. OFF
[10:36:39] : Cycle start ON
[10:36:42] : Cycle start OFF
[10:36:49] : REQUEST MEAS. ON
[10:36:52] : REQUEST MEAS. OFF
[10:37:03] : Cycle start ON
[10:37:04] : MEAS ESC ON
[10:37:04] : Cycle start OFF
[10:37:04] : M3400 : 비상입니다. ON
[10:37:06] : MEAS ESC OFF
[10:37:06] : RESET ON
[10:37:06] : M3400 : 비상입니다. OFF
[10:37:07] : RESET ON
[10:40:30] : Cycle start ON
[10:40:33] : Cycle start OFF
[10:40:40] : REQUEST MEAS. ON
[10:40:43] : REQUEST MEAS. OFF
[10:40:53] : Cycle start ON
[10:40:56] : Cycle start OFF
[10:41:03] : REQUEST MEAS. ON
[10:41:06] : REQUEST MEAS. OFF
[10:41:17] : Cycle start ON
[10:41:20] : Cycle start OFF
[10:41:27] : REQUEST MEAS. ON
[10:41:30] : REQUEST MEAS. OFF
[10:41:41] : Cycle start ON
[10:41:44] : Cycle start OFF
[10:41:51] : REQUEST MEAS. ON
[10:41:54] : REQUEST MEAS. OFF
[10:42:04] : Cycle start ON
[10:42:07] : Cycle start OFF
[10:42:14] : REQUEST MEAS. ON
[10:42:17] : REQUEST MEAS. OFF
[10:42:27] : Cycle start ON
[10:42:30] : Cycle start OFF
[10:42:37] : REQUEST MEAS. ON
[10:42:39] : REQUEST MEAS. OFF
[10:42:49] : Cycle start ON
[10:42:52] : Cycle start OFF
[10:42:59] : REQUEST MEAS. ON
[10:43:02] : REQUEST MEAS. OFF
[10:43:11] : Cycle start ON
[10:43:14] : Cycle start OFF
[10:43:20] : REQUEST MEAS. ON
[10:43:23] : REQUEST MEAS. OFF
[10:43:32] : Cycle start ON
[10:43:35] : Cycle start OFF
[10:43:41] : REQUEST MEAS. ON
[10:43:44] : REQUEST MEAS. OFF
[10:43:54] : Cycle start ON
[10:43:57] : Cycle start OFF
[10:44:03] : REQUEST MEAS. ON
[10:44:06] : REQUEST MEAS. OFF
[10:44:16] : Cycle start ON
[10:44:19] : Cycle start OFF
[10:44:25] : REQUEST MEAS. ON
[10:44:28] : REQUEST MEAS. OFF
[10:44:37] : Cycle start ON
[10:44:40] : Cycle start OFF
[10:44:46] : REQUEST MEAS. ON
[10:44:49] : REQUEST MEAS. OFF
[10:44:58] : Cycle start ON
[10:45:01] : Cycle start OFF
[10:45:08] : REQUEST MEAS. ON
[10:45:11] : REQUEST MEAS. OFF
[10:45:20] : Cycle start ON
[10:45:22] : Cycle start OFF
[10:45:29] : REQUEST MEAS. ON
[10:45:32] : REQUEST MEAS. OFF
[10:45:41] : Cycle start ON
[10:45:43] : Cycle start OFF
[10:45:50] : REQUEST MEAS. ON
[10:45:53] : REQUEST MEAS. OFF
[10:46:03] : Cycle start ON
[10:46:05] : Cycle start OFF
[10:46:11] : REQUEST MEAS. ON
[10:46:14] : REQUEST MEAS. OFF
[10:46:22] : Cycle start ON
[10:46:25] : Cycle start OFF
[10:46:31] : REQUEST MEAS. ON
[10:46:34] : REQUEST MEAS. OFF
[10:46:43] : Cycle start ON
[10:46:46] : Cycle start OFF
[10:46:52] : REQUEST MEAS. ON
[10:46:55] : REQUEST MEAS. OFF
[10:47:03] : Cycle start ON
[10:47:06] : Cycle start OFF
[10:47:12] : REQUEST MEAS. ON
[10:47:15] : REQUEST MEAS. OFF
[10:47:23] : Cycle start ON
[10:47:26] : Cycle start OFF
[10:47:32] : REQUEST MEAS. ON
[10:47:35] : REQUEST MEAS. OFF
[10:47:44] : Cycle start ON
[10:47:47] : Cycle start OFF
[10:47:53] : REQUEST MEAS. ON
[10:47:56] : REQUEST MEAS. OFF
[10:48:04] : Cycle start ON
[10:48:07] : Cycle start OFF
[10:48:13] : REQUEST MEAS. ON
[10:48:16] : REQUEST MEAS. OFF
[10:48:25] : Cycle start ON
[10:48:28] : Cycle start OFF
[10:48:34] : REQUEST MEAS. ON
[10:48:37] : REQUEST MEAS. OFF
[10:48:45] : Cycle start ON
[10:48:48] : Cycle start OFF
[10:48:54] : REQUEST MEAS. ON
[10:48:57] : REQUEST MEAS. OFF
[10:49:06] : Cycle start ON
[10:49:09] : Cycle start OFF
[10:49:15] : REQUEST MEAS. ON
[10:49:18] : REQUEST MEAS. OFF
[10:49:26] : Cycle start ON
[10:49:29] : Cycle start OFF
[10:49:35] : REQUEST MEAS. ON
[10:49:38] : REQUEST MEAS. OFF
[10:49:47] : Cycle start ON
[10:49:50] : Cycle start OFF
[10:49:56] : REQUEST MEAS. ON
[10:49:59] : REQUEST MEAS. OFF
[10:50:07] : Cycle start ON
[10:50:10] : Cycle start OFF
[10:50:16] : REQUEST MEAS. ON
[10:50:19] : REQUEST MEAS. OFF
[10:50:27] : Cycle start ON
[10:50:30] : Cycle start OFF
[10:50:36] : REQUEST MEAS. ON
[10:50:39] : REQUEST MEAS. OFF
[10:50:48] : Cycle start ON
[10:50:51] : Cycle start OFF
[10:50:57] : REQUEST MEAS. ON
[10:51:00] : REQUEST MEAS. OFF
 
[13:16:21] : M3415 :	NG FULL 경고 ON
[13:16:23] : M3415 :	NG FULL 경고 OFF
[13:16:23] : M3415 :	NG FULL 경고 ON
[13:16:29] : M3415 :	NG FULL 경고 OFF
[13:52:43] : Cycle start ON
[13:52:46] : Cycle start OFF
[13:52:52] : REQUEST MEAS. ON
[13:52:55] : REQUEST MEAS. OFF
[13:59:05] : RESET ON
[13:59:41] : AUTO RUNNING ON
[14:08:41] : AUTO RUNNING OFF
[14:12:37] : AUTO RUNNING ON
[14:12:40] : Cycle start ON
[14:12:42] : Cycle start OFF
[14:12:49] : REQUEST MEAS. ON
[14:12:51] : REQUEST MEAS. OFF
[14:33:00] : Cycle start ON
[14:33:02] : Cycle start OFF
[14:33:08] : REQUEST MEAS. ON
[14:33:11] : REQUEST MEAS. OFF
[14:41:30] : AUTO RUNNING OFF
[14:45:13] : AUTO RUNNING ON
[14:52:49] : AUTO RUNNING OFF
[14:52:53] : RESET ON
[14:53:16] : MEAS ESC ON
[14:53:16] : M3400 : 비상입니다. ON
[14:53:21] : MEAS ESC OFF
[14:53:21] : RESET ON
[14:53:21] : M3400 : 비상입니다. OFF
[14:53:21] : RESET ON
[14:53:25] : AUTO RUNNING ON
[14:54:40] : Cycle start ON
[14:54:42] : Cycle start OFF
[14:54:49] : REQUEST MEAS. ON
[14:54:52] : REQUEST MEAS. OFF
[14:57:28] : M3415 :	NG FULL 경고 ON
[15:00:13] : M3415 :	NG FULL 경고 OFF
[15:00:59] : AUTO RUNNING OFF
[15:01:03] : MEAS ESC ON
[15:01:03] : M3400 : 비상입니다. ON
[15:01:06] : MEAS ESC OFF
[15:01:06] : RESET ON
[15:01:06] : M3400 : 비상입니다. OFF
[15:01:13] : AUTO RUNNING ON
[15:02:30] : Cycle start ON
[15:02:32] : Cycle start OFF
[15:02:39] : REQUEST MEAS. ON
[15:02:42] : REQUEST MEAS. OFF
[15:03:29] : MEAS ESC ON
[15:03:29] : AUTO RUNNING OFF
[15:03:29] : M3400 : 비상입니다. ON
[15:03:31] : MEAS ESC OFF
[15:03:31] : RESET ON
[15:03:31] : M3400 : 비상입니다. OFF
[15:03:48] : MEAS ESC ON
[15:03:48] : M3400 : 비상입니다. ON
[15:03:53] : MEAS ESC OFF
[15:03:53] : RESET ON
[15:03:53] : M3400 : 비상입니다. OFF
[15:03:58] : AUTO RUNNING ON
[15:04:01] : Cycle start ON
[15:04:04] : Cycle start OFF
[15:04:10] : REQUEST MEAS. ON
[15:04:13] : REQUEST MEAS. OFF
[15:19:38] : AUTO RUNNING OFF
[15:19:39] : Cycle start ON
[15:19:41] : Cycle start OFF
[15:19:47] : REQUEST MEAS. ON
[15:19:50] : REQUEST MEAS. OFF
[15:26:00] : Cycle start ON
[15:26:02] : Cycle start OFF
[15:26:09] : REQUEST MEAS. ON
[15:26:11] : REQUEST MEAS. OFF
[15:31:44] : Cycle start ON
[15:31:46] : Cycle start OFF
[15:31:53] : REQUEST MEAS. ON
[15:31:56] : REQUEST MEAS. OFF
[15:32:17] : Cycle start ON
[15:32:19] : Cycle start OFF
[15:32:25] : REQUEST MEAS. ON
[15:32:28] : REQUEST MEAS. OFF
[15:32:51] : Cycle start ON
[15:32:53] : Cycle start OFF
[15:33:00] : REQUEST MEAS. ON
[15:33:03] : REQUEST MEAS. OFF
[15:33:51] : Cycle start ON
[15:33:54] : Cycle start OFF
[15:34:00] : REQUEST MEAS. ON
[15:34:03] : REQUEST MEAS. OFF
[15:34:40] : Cycle start ON
[15:34:42] : Cycle start OFF
[15:34:49] : REQUEST MEAS. ON
[15:34:52] : REQUEST MEAS. OFF
[15:35:49] : PROGRAM END
 
[15:36:39] : PROGRAM START
[15:36:39] : TCP FAIL 1
[15:36:44] : AUTO RUNNING OFF
[15:36:44] : REQUEST MEAS. OFF
[15:36:44] : REQUEST ZEROSET OFF
[15:36:44] : REQUEST ZEROSET OFF
[15:47:17] : PROGRAM END
 
[15:49:07] : PROGRAM START
[15:49:07] : TCP FAIL 1
[15:49:14] : AUTO RUNNING OFF
[15:49:14] : REQUEST MEAS. OFF
[15:49:14] : REQUEST ZEROSET OFF
[15:49:14] : REQUEST ZEROSET OFF
[15:52:04] : PROGRAM END
 
[15:55:36] : PROGRAM START
[15:55:37] : TCP FAIL 1
[15:55:42] : AUTO RUNNING OFF
[15:55:42] : REQUEST MEAS. OFF
[15:55:42] : REQUEST ZEROSET OFF
[15:55:42] : REQUEST ZEROSET OFF
[15:56:44] : Cycle start ON
[15:56:46] : Cycle start OFF
[15:56:52] : REQUEST MEAS. ON
[15:56:55] : REQUEST MEAS. OFF
[15:57:59] : Cycle start ON
[15:58:01] : Cycle start OFF
[15:58:08] : REQUEST MEAS. ON
[15:58:10] : REQUEST MEAS. OFF
[15:58:50] : Cycle start ON
[15:58:52] : Cycle start OFF
[15:58:58] : REQUEST ZEROSET ON
[15:59:01] : REQUEST ZEROSET OFF
[15:59:17] : Cycle start ON
[15:59:19] : Cycle start OFF
[15:59:25] : REQUEST ZEROSET ON
[15:59:28] : REQUEST ZEROSET OFF
[15:59:43] : Cycle start ON
[15:59:45] : Cycle start OFF
[15:59:51] : REQUEST ZEROSET ON
[15:59:54] : REQUEST ZEROSET OFF
[16:00:09] : Cycle start ON
[16:00:12] : Cycle start OFF
[16:00:18] : REQUEST MEAS. ON
[16:00:21] : REQUEST MEAS. OFF
[16:01:55] : Cycle start ON
[16:01:58] : Cycle start OFF
[16:02:04] : REQUEST MEAS. ON
[16:02:07] : REQUEST MEAS. OFF
[16:02:20] : Cycle start ON
[16:02:23] : Cycle start OFF
[16:02:29] : REQUEST MEAS. ON
[16:02:32] : REQUEST MEAS. OFF
[16:06:55] : Cycle start ON
[16:06:57] : Cycle start OFF
[16:07:03] : REQUEST MEAS. ON
[16:07:06] : REQUEST MEAS. OFF
[16:07:47] : Cycle start ON
[16:07:49] : Cycle start OFF
[16:07:55] : REQUEST MEAS. ON
[16:07:58] : REQUEST MEAS. OFF
[16:09:09] : Cycle start ON
[16:09:11] : Cycle start OFF
[16:09:18] : REQUEST MEAS. ON
[16:09:21] : REQUEST MEAS. OFF
[16:09:33] : Cycle start ON
[16:09:35] : Cycle start OFF
[16:09:41] : REQUEST MEAS. ON
[16:09:44] : REQUEST MEAS. OFF
[16:10:31] : Cycle start ON
[16:10:33] : Cycle start OFF
[16:10:40] : REQUEST MEAS. ON
[16:10:43] : REQUEST MEAS. OFF
[16:11:31] : Cycle start ON
[16:11:33] : Cycle start OFF
[16:11:39] : REQUEST ZEROSET ON
[16:11:42] : REQUEST ZEROSET OFF
[16:11:58] : Cycle start ON
[16:12:01] : Cycle start OFF
[16:12:07] : REQUEST MEAS. ON
[16:12:10] : REQUEST MEAS. OFF
[16:12:28] : Cycle start ON
[16:12:30] : Cycle start OFF
[16:12:37] : REQUEST MEAS. ON
[16:12:40] : REQUEST MEAS. OFF
[16:13:01] : Cycle start ON
[16:13:04] : Cycle start OFF
[16:13:10] : REQUEST MEAS. ON
[16:13:13] : REQUEST MEAS. OFF
[16:15:04] : Cycle start ON
[16:15:07] : Cycle start OFF
[16:15:13] : REQUEST MEAS. ON
[16:15:16] : REQUEST MEAS. OFF
[16:16:20] : Cycle start ON
[16:16:23] : Cycle start OFF
[16:16:29] : REQUEST MEAS. ON
[16:16:32] : REQUEST MEAS. OFF
[16:16:40] : Cycle start ON
[16:16:43] : Cycle start OFF
[16:16:49] : REQUEST MEAS. ON
[16:16:52] : REQUEST MEAS. OFF
[16:20:08] : Cycle start ON
[16:20:10] : Cycle start OFF
[16:20:16] : REQUEST MEAS. ON
[16:20:19] : REQUEST MEAS. OFF
[16:20:34] : Cycle start ON
[16:20:36] : Cycle start OFF
[16:20:42] : REQUEST MEAS. ON
[16:20:45] : REQUEST MEAS. OFF
[16:21:13] : Cycle start ON
[16:21:15] : Cycle start OFF
[16:21:22] : REQUEST MEAS. ON
[16:21:25] : REQUEST MEAS. OFF
[16:23:44] : Cycle start ON
[16:23:47] : Cycle start OFF
[16:23:53] : REQUEST MEAS. ON
[16:23:56] : REQUEST MEAS. OFF
[16:24:09] : Cycle start ON
[16:24:11] : Cycle start OFF
[16:24:18] : REQUEST MEAS. ON
[16:24:20] : REQUEST MEAS. OFF
[16:24:40] : Cycle start ON
[16:24:43] : Cycle start OFF
[16:24:49] : REQUEST MEAS. ON
[16:24:52] : REQUEST MEAS. OFF
[16:25:07] : Cycle start ON
[16:25:10] : Cycle start OFF
[16:25:16] : REQUEST MEAS. ON
[16:25:19] : REQUEST MEAS. OFF
[16:25:34] : Cycle start ON
[16:25:36] : Cycle start OFF
[16:25:42] : REQUEST ZEROSET ON
[16:25:45] : REQUEST ZEROSET OFF
[16:26:00] : Cycle start ON
[16:26:02] : Cycle start OFF
[16:26:09] : REQUEST MEAS. ON
[16:26:12] : REQUEST MEAS. OFF
[16:29:45] : Cycle start ON
[16:29:47] : Cycle start OFF
[16:29:54] : REQUEST MEAS. ON
[16:29:57] : REQUEST MEAS. OFF
[16:31:44] : AUTO RUNNING ON
[16:32:15] : Cycle start ON
[16:32:17] : Cycle start OFF
[16:32:23] : REQUEST MEAS. ON
[16:32:26] : REQUEST MEAS. OFF
[16:32:28] : AUTO RUNNING OFF
[16:32:36] : Cycle start ON
[16:32:37] : Cycle start OFF
[16:32:44] : REQUEST ZEROSET ON
[16:32:46] : REQUEST ZEROSET OFF
[16:32:57] : Cycle start ON
[16:32:59] : Cycle start OFF
[16:33:05] : REQUEST ZEROSET ON
[16:33:08] : REQUEST ZEROSET OFF
[16:33:18] : Cycle start ON
[16:33:20] : Cycle start OFF
[16:33:26] : REQUEST ZEROSET ON
[16:33:29] : REQUEST ZEROSET OFF
[16:33:41] : AUTO RUNNING ON
[16:34:45] : AUTO RUNNING OFF
[16:35:13] : AUTO RUNNING ON
[16:49:37] : AUTO RUNNING OFF
[16:52:46] : AUTO RUNNING ON
[16:54:11] : AUTO RUNNING OFF
[16:54:40] : AUTO RUNNING ON
[16:57:20] : AUTO RUNNING OFF
[16:57:36] : MEAS ESC ON
[16:57:36] : M3400 : 비상입니다. ON
[16:57:40] : MEAS ESC OFF
[16:57:40] : RESET ON
[16:57:40] : M3400 : 비상입니다. OFF
[16:57:59] : AUTO RUNNING ON
[16:58:23] : MEAS ESC ON
[16:58:23] : AUTO RUNNING OFF
[16:58:23] : M3413 :	DOOR OPEN중 ON
[16:58:28] : MEAS ESC OFF
[16:58:28] : RESET ON
[16:58:28] : M3413 :	DOOR OPEN중 OFF
[16:58:28] : RESET ON
[16:58:28] : MEAS ESC ON
[16:58:28] : M3400 : 비상입니다. ON
[16:58:32] : MEAS ESC OFF
[16:58:32] : RESET ON
[16:58:32] : M3400 : 비상입니다. OFF
[16:58:37] : RESET ON
[16:58:50] : AUTO RUNNING ON
[17:04:51] : Cycle start ON
[17:04:54] : Cycle start OFF
[17:05:00] : REQUEST MEAS. ON
[17:05:03] : REQUEST MEAS. OFF
[17:05:05] : AUTO RUNNING OFF
[17:05:13] : Cycle start ON
[17:05:14] : Cycle start OFF
[17:05:21] : REQUEST ZEROSET ON
[17:05:23] : REQUEST ZEROSET OFF
[17:05:34] : Cycle start ON
[17:05:36] : Cycle start OFF
[17:05:42] : REQUEST ZEROSET ON
[17:05:45] : REQUEST ZEROSET OFF
[17:05:55] : Cycle start ON
[17:05:57] : Cycle start OFF
[17:06:03] : REQUEST ZEROSET ON
[17:06:06] : REQUEST ZEROSET OFF
[17:06:18] : AUTO RUNNING ON
[17:09:33] : Cycle start ON
[17:09:35] : Cycle start OFF
[17:09:42] : REQUEST MEAS. ON
[17:09:45] : REQUEST MEAS. OFF
[17:10:50] : Cycle start ON
[17:10:52] : Cycle start OFF
[17:10:59] : REQUEST MEAS. ON
[17:11:02] : REQUEST MEAS. OFF
[17:12:08] : AUTO RUNNING OFF
[17:15:19] : AUTO RUNNING ON
[17:16:45] : Cycle start ON
[17:16:47] : Cycle start OFF
[17:16:53] : REQUEST MEAS. ON
[17:16:56] : REQUEST MEAS. OFF
[17:18:53] : Cycle start ON
[17:18:55] : Cycle start OFF
[17:19:01] : REQUEST MEAS. ON
[17:19:04] : REQUEST MEAS. OFF
[17:20:12] : Cycle start ON
[17:20:15] : Cycle start OFF
[17:20:21] : REQUEST MEAS. ON
[17:20:24] : REQUEST MEAS. OFF
[17:31:00] : AUTO RUNNING OFF
[17:31:12] : MEAS ESC ON
[17:31:12] : M3400 : 비상입니다. ON
[17:31:13] : MEAS ESC OFF
[17:31:13] : RESET ON
[17:31:13] : M3400 : 비상입니다. OFF
[17:32:07] : AUTO RUNNING ON
[17:33:08] : Cycle start ON
[17:33:11] : Cycle start OFF
[17:33:17] : REQUEST MEAS. ON
[17:33:20] : REQUEST MEAS. OFF
[17:39:22] : Cycle start ON
[17:39:24] : Cycle start OFF
[17:39:31] : REQUEST MEAS. ON
[17:39:34] : REQUEST MEAS. OFF
[17:40:43] : Cycle start ON
[17:40:46] : Cycle start OFF
[17:40:52] : REQUEST MEAS. ON
[17:40:55] : REQUEST MEAS. OFF
[17:41:41] : Cycle start ON
[17:41:43] : Cycle start OFF
[17:41:50] : REQUEST MEAS. ON
[17:41:52] : REQUEST MEAS. OFF
[17:42:54] : AUTO RUNNING OFF
[17:43:24] : AUTO RUNNING ON
[17:45:30] : Cycle start ON
[17:45:32] : Cycle start OFF
[17:45:39] : REQUEST MEAS. ON
[17:45:42] : REQUEST MEAS. OFF
[17:46:15] : AUTO RUNNING OFF
[17:46:41] : AUTO RUNNING ON
[17:47:35] : Cycle start ON
[17:47:37] : Cycle start OFF
[17:47:43] : REQUEST MEAS. ON
[17:47:46] : REQUEST MEAS. OFF
[17:50:41] : Cycle start ON
[17:50:44] : Cycle start OFF
[17:50:50] : REQUEST MEAS. ON
[17:50:53] : REQUEST MEAS. OFF
[17:52:54] : Cycle start ON
[17:52:57] : Cycle start OFF
[17:53:03] : REQUEST MEAS. ON
[17:53:06] : REQUEST MEAS. OFF
[17:54:58] : Cycle start ON
[17:55:00] : Cycle start OFF
[17:55:07] : REQUEST MEAS. ON
[17:55:10] : REQUEST MEAS. OFF
[17:57:01] : Cycle start ON
[17:57:03] : Cycle start OFF
[17:57:10] : REQUEST MEAS. ON
[17:57:13] : REQUEST MEAS. OFF
[17:59:04] : Cycle start ON
[17:59:07] : Cycle start OFF
[17:59:13] : REQUEST MEAS. ON
[17:59:16] : REQUEST MEAS. OFF
[18:02:31] : Cycle start ON
[18:02:34] : Cycle start OFF
[18:02:40] : REQUEST MEAS. ON
[18:02:43] : REQUEST MEAS. OFF
[18:04:35] : Cycle start ON
[18:04:37] : Cycle start OFF
[18:04:43] : REQUEST MEAS. ON
[18:04:46] : REQUEST MEAS. OFF
[18:07:28] : Cycle start ON
[18:07:30] : Cycle start OFF
[18:07:37] : REQUEST MEAS. ON
[18:07:40] : REQUEST MEAS. OFF
[18:09:37] : Cycle start ON
[18:09:39] : Cycle start OFF
[18:09:45] : REQUEST MEAS. ON
[18:09:48] : REQUEST MEAS. OFF
[18:11:46] : Cycle start ON
[18:11:48] : Cycle start OFF
[18:11:54] : REQUEST MEAS. ON
[18:11:57] : REQUEST MEAS. OFF
[18:15:37] : Cycle start ON
[18:15:39] : Cycle start OFF
[18:15:46] : REQUEST MEAS. ON
[18:15:48] : REQUEST MEAS. OFF
[18:21:46] : AUTO RUNNING OFF
[18:28:01] : Cycle start ON
[18:28:02] : Cycle start OFF
[18:28:09] : REQUEST ZEROSET ON
[18:28:11] : REQUEST ZEROSET OFF
[18:28:31] : MEAS ESC ON
[18:28:31] : M3400 : 비상입니다. ON
[18:28:33] : MEAS ESC OFF
[18:28:33] : RESET ON
[18:28:33] : M3400 : 비상입니다. OFF
[18:28:35] : RESET ON
[18:28:35] : RESET ON
[18:28:44] : Cycle start ON
[18:28:45] : Cycle start OFF
[18:28:51] : REQUEST ZEROSET ON
[18:28:54] : REQUEST ZEROSET OFF
[18:29:05] : Cycle start ON
[18:29:07] : Cycle start OFF
[18:29:13] : REQUEST ZEROSET ON
[18:29:16] : REQUEST ZEROSET OFF
[18:29:30] : Cycle start ON
[18:29:33] : Cycle start OFF
[18:29:39] : REQUEST MEAS. ON
[18:29:42] : REQUEST MEAS. OFF
[18:30:05] : AUTO RUNNING ON
[18:30:07] : Cycle start ON
[18:30:10] : Cycle start OFF
[18:30:16] : REQUEST MEAS. ON
[18:30:19] : REQUEST MEAS. OFF
[18:30:44] : Cycle start ON
[18:30:47] : Cycle start OFF
[18:30:53] : REQUEST MEAS. ON
[18:30:56] : REQUEST MEAS. OFF
[18:32:08] : Cycle start ON
[18:32:10] : Cycle start OFF
[18:32:17] : REQUEST MEAS. ON
[18:32:20] : REQUEST MEAS. OFF
[18:33:26] : Cycle start ON
[18:33:28] : Cycle start OFF
[18:33:35] : REQUEST MEAS. ON
[18:33:37] : REQUEST MEAS. OFF
[18:44:51] : Cycle start ON
[18:44:54] : Cycle start OFF
[18:45:00] : REQUEST MEAS. ON
[18:45:03] : REQUEST MEAS. OFF
[19:01:19] : Cycle start ON
[19:01:22] : Cycle start OFF
[19:01:28] : REQUEST MEAS. ON
[19:01:31] : REQUEST MEAS. OFF
[19:03:09] : AUTO RUNNING OFF
[19:08:26] : Cycle start ON
[19:08:27] : Cycle start OFF
[19:08:34] : REQUEST ZEROSET ON
[19:08:36] : REQUEST ZEROSET OFF
[19:08:50] : Cycle start ON
[19:08:52] : Cycle start OFF
[19:08:58] : REQUEST ZEROSET ON
[19:09:01] : REQUEST ZEROSET OFF
[19:09:16] : Cycle start ON
[19:09:18] : Cycle start OFF
[19:09:25] : REQUEST MEAS. ON
[19:09:28] : REQUEST MEAS. OFF
[19:09:41] : AUTO RUNNING ON
[19:09:44] : Cycle start ON
[19:09:47] : Cycle start OFF
[19:09:53] : REQUEST MEAS. ON
[19:09:56] : REQUEST MEAS. OFF
[19:10:16] : Cycle start ON
[19:10:19] : Cycle start OFF
[19:10:25] : REQUEST MEAS. ON
[19:10:28] : REQUEST MEAS. OFF
[19:11:27] : Cycle start ON
[19:11:29] : Cycle start OFF
[19:11:36] : REQUEST MEAS. ON
[19:11:39] : REQUEST MEAS. OFF
[19:12:40] : Cycle start ON
[19:12:42] : Cycle start OFF
[19:12:49] : REQUEST MEAS. ON
[19:12:51] : REQUEST MEAS. OFF
[19:14:23] : Cycle start ON
[19:14:25] : Cycle start OFF
[19:14:32] : REQUEST MEAS. ON
[19:14:35] : REQUEST MEAS. OFF
[19:16:10] : Cycle start ON
[19:16:13] : Cycle start OFF
[19:16:19] : REQUEST MEAS. ON
[19:16:22] : REQUEST MEAS. OFF
[19:17:58] : Cycle start ON
[19:18:01] : Cycle start OFF
[19:18:07] : REQUEST MEAS. ON
[19:18:10] : REQUEST MEAS. OFF
[19:19:45] : Cycle start ON
[19:19:47] : Cycle start OFF
[19:19:54] : REQUEST MEAS. ON
[19:19:57] : REQUEST MEAS. OFF
[19:21:32] : Cycle start ON
[19:21:35] : Cycle start OFF
[19:21:41] : REQUEST MEAS. ON
[19:21:44] : REQUEST MEAS. OFF
[19:23:20] : Cycle start ON
[19:23:23] : Cycle start OFF
[19:23:29] : REQUEST MEAS. ON
[19:23:32] : REQUEST MEAS. OFF
[19:25:07] : Cycle start ON
[19:25:09] : Cycle start OFF
[19:25:16] : REQUEST MEAS. ON
[19:25:19] : REQUEST MEAS. OFF
[19:26:54] : Cycle start ON
[19:26:56] : Cycle start OFF
[19:27:03] : REQUEST MEAS. ON
[19:27:06] : REQUEST MEAS. OFF
[19:28:42] : Cycle start ON
[19:28:44] : Cycle start OFF
[19:28:51] : REQUEST MEAS. ON
[19:28:53] : REQUEST MEAS. OFF
[19:30:29] : Cycle start ON
[19:30:31] : Cycle start OFF
[19:30:38] : REQUEST MEAS. ON
[19:30:41] : REQUEST MEAS. OFF
[19:32:16] : Cycle start ON
[19:32:18] : Cycle start OFF
[19:32:24] : REQUEST MEAS. ON
[19:32:27] : REQUEST MEAS. OFF
[19:34:03] : Cycle start ON
[19:34:05] : Cycle start OFF
[19:34:11] : REQUEST MEAS. ON
[19:34:14] : REQUEST MEAS. OFF
[19:35:50] : Cycle start ON
[19:35:53] : Cycle start OFF
[19:35:59] : REQUEST MEAS. ON
[19:36:02] : REQUEST MEAS. OFF
[19:37:37] : Cycle start ON
[19:37:39] : Cycle start OFF
[19:37:46] : REQUEST MEAS. ON
[19:37:49] : REQUEST MEAS. OFF
[19:39:24] : Cycle start ON
[19:39:26] : Cycle start OFF
[19:39:33] : REQUEST MEAS. ON
[19:39:36] : REQUEST MEAS. OFF
[19:41:11] : Cycle start ON
[19:41:13] : Cycle start OFF
[19:41:20] : REQUEST MEAS. ON
[19:41:22] : REQUEST MEAS. OFF
[19:42:58] : Cycle start ON
[19:43:00] : Cycle start OFF
[19:43:07] : REQUEST MEAS. ON
[19:43:10] : REQUEST MEAS. OFF
[19:45:58] : AUTO RUNNING OFF
[19:49:05] : Cycle start ON
[19:49:07] : Cycle start OFF
[19:49:14] : REQUEST MEAS. ON
[19:49:16] : REQUEST MEAS. OFF
[19:49:25] : Cycle start ON
[19:49:28] : Cycle start OFF
[19:49:34] : REQUEST MEAS. ON
[19:49:37] : REQUEST MEAS. OFF
[19:49:45] : MEAS ESC ON
[19:49:45] : M3400 : 비상입니다. ON
[19:49:46] : MEAS ESC OFF
[19:49:46] : M3400 : 비상입니다. OFF
[19:52:21] : MEAS ESC ON
[19:52:21] : M3400 : 비상입니다. ON
[19:52:22] : MEAS ESC OFF
[19:52:22] : RESET ON
[19:52:22] : M3400 : 비상입니다. OFF
[19:52:47] : RESET ON
[19:52:55] : RESET ON
[19:53:05] : Cycle start ON
[19:53:06] : Cycle start OFF
[19:53:12] : REQUEST ZEROSET ON
[19:53:15] : REQUEST ZEROSET OFF
[19:53:41] : Cycle start ON
[19:53:43] : Cycle start OFF
[19:53:49] : REQUEST ZEROSET ON
[19:53:52] : REQUEST ZEROSET OFF
[19:54:00] : MEAS ESC ON
[19:54:00] : M3400 : 비상입니다. ON
[19:54:02] : MEAS ESC OFF
[19:54:02] : RESET ON
[19:54:02] : M3400 : 비상입니다. OFF
[19:55:30] : MEAS ESC ON
[19:55:30] : M3400 : 비상입니다. ON
[19:55:31] : MEAS ESC OFF
[19:55:31] : RESET ON
[19:55:31] : M3400 : 비상입니다. OFF
[19:55:46] : Cycle start ON
[19:55:47] : Cycle start OFF
[19:55:54] : REQUEST ZEROSET ON
[19:55:56] : REQUEST ZEROSET OFF
[19:56:07] : Cycle start ON
[19:56:08] : Cycle start OFF
[19:56:15] : REQUEST ZEROSET ON
[19:56:18] : REQUEST ZEROSET OFF
[22:10:51] : Cycle start ON
[22:10:52] : Cycle start OFF
[22:10:59] : REQUEST ZEROSET ON
[22:11:02] : REQUEST ZEROSET OFF
 
