 
[16:23:45] : PROGRAM END
 
[16:29:35] : PROGRAM START
[16:29:37] : AUTO RUNNING OFF
[16:29:37] : REQUEST MEAS. OFF
[16:29:37] : end pos sig1 : 50.000000, 50.000000
[16:29:37] : end pos sig2 : 50.000000, 50.000000
[16:29:37] : end pos sig3 : 50.000000, 50.000000
[16:29:37] : REQUEST ZEROSET OFF
[16:29:37] : REQUEST ZEROSET OFF
[16:29:37] : end pos sig4 : 50.000000, 50.000000
[16:29:48] : PROGRAM END
 
[16:30:10] : PROGRAM START
[16:30:13] : AUTO RUNNING OFF
[16:30:13] : REQUEST MEAS. OFF
[16:30:13] : end pos sig1 : 50.000000, 50.000000
[16:30:13] : end pos sig2 : 50.000000, 50.000000
[16:30:13] : end pos sig3 : 50.000000, 50.000000
[16:30:13] : REQUEST ZEROSET OFF
[16:30:13] : REQUEST ZEROSET OFF
[16:30:13] : end pos sig4 : 50.000000, 50.000000
[16:34:30] : PROGRAM END
 
[16:34:38] : PROGRAM START
[16:34:40] : AUTO RUNNING OFF
[16:34:40] : REQUEST MEAS. OFF
[16:34:40] : end pos sig1 : 50.000000, 50.000000
[16:34:40] : end pos sig2 : 50.000000, 50.000000
[16:34:40] : end pos sig3 : 50.000000, 50.000000
[16:34:40] : REQUEST ZEROSET OFF
[16:34:40] : REQUEST ZEROSET OFF
[16:34:40] : end pos sig4 : 50.000000, 50.000000
 
