[10:17:42] : MEAS ESC ON
[10:17:44] : MEAS ESC OFF
[10:17:44] : AUTO RUNNING ON
[10:17:44] : Cycle start ON
[10:17:45] : Cycle start OFF
[10:21:29] : AUTO RUNNING OFF
[10:26:26] : MEAS ESC ON
[10:26:27] : MEAS ESC OFF
[10:26:27] : AUTO RUNNING ON
[10:26:59] : AUTO RUNNING OFF
[10:27:32] : MEAS ESC ON
[10:27:32] : MEAS ESC OFF
[10:27:32] : AUTO RUNNING ON
[10:29:15] : AUTO RUNNING OFF
[10:29:24] : MEAS ESC ON
[10:29:24] : MEAS ESC OFF
[10:29:24] : AUTO RUNNING ON
[10:29:28] : REQUEST MEAS. ON
[10:30:31] : AUTO RUNNING OFF
[10:30:31] : REQUEST MEAS. OFF
[10:30:31] : end pos sig1 : 50.000000, 50.000000
[10:30:39] : MEAS ESC ON
[10:30:39] : MEAS ESC OFF
[10:30:39] : AUTO RUNNING ON
[10:31:13] : Cycle start ON
[10:31:15] : Cycle start OFF
[10:31:43] : REQUEST MEAS. ON
[10:31:51] : REQUEST MEAS. OFF
[10:31:51] : end pos sig1 : 50.000000, 50.000000
[10:31:51] : 측정요구 ON 2
[10:31:59] : 측정요구 2OFF
[10:31:59] : end pos sig2 : -50.000000, -50.000000
[10:32:04] : 측정요구3 ON
[10:32:11] : 측정요구3 OFF
[10:32:11] : end pos sig3 : 50.000000, 50.000000
[10:32:12] : 측정요구4 ON
[10:32:19] : 측정요구4 OFF
[10:32:19] : end pos sig4 : -50.000000, -50.000000
[10:32:19] : 12,20190123-103219,AL19011932911,,OK,MAX,2, ,AUTO,0.10,3.00,0.68,OK,0.10,3.00,0.78,OK,0.10,3.00,0.56,OK,0.10,3.00,0.73,OK,
[10:32:31] : Cycle start ON
[10:32:32] : Cycle start OFF
[10:32:39] : REQUEST MEAS. ON
[10:32:46] : REQUEST MEAS. OFF
[10:32:46] : end pos sig1 : 50.000000, 50.000000
[10:32:46] : 측정요구 ON 2
[10:32:53] : 측정요구 2OFF
[10:32:53] : end pos sig2 : -50.000000, -50.000000
[10:32:58] : 측정요구3 ON
[10:33:05] : 측정요구3 OFF
[10:33:05] : end pos sig3 : 50.000000, 50.000000
[10:33:05] : 측정요구4 ON
[10:33:13] : 측정요구4 OFF
[10:33:13] : end pos sig4 : -49.980000, -50.000000
[10:33:13] : 12,20190123-103314,AL19011933071,,OK,MAX,2, ,AUTO,0.10,3.00,0.61,OK,0.10,3.00,0.63,OK,0.10,3.00,0.63,OK,0.10,3.00,1.27,OK,
[10:33:25] : Cycle start ON
[10:33:27] : Cycle start OFF
[10:33:34] : REQUEST MEAS. ON
[10:33:42] : REQUEST MEAS. OFF
[10:33:42] : end pos sig1 : 50.000000, 50.000000
[10:33:42] : 측정요구 ON 2
[10:33:49] : 측정요구 2OFF
[10:33:49] : end pos sig2 : -50.000000, -50.000000
[10:33:54] : 측정요구3 ON
[10:34:01] : 측정요구3 OFF
[10:34:01] : end pos sig3 : 50.000000, 50.000000
[10:34:01] : 측정요구4 ON
[10:34:09] : 측정요구4 OFF
[10:34:09] : end pos sig4 : -50.000000, -50.000000
[10:34:09] : 12,20190123-103410,AL19011932931,,OK,MAX,2, ,AUTO,0.10,3.00,0.59,OK,0.10,3.00,0.59,OK,0.10,3.00,0.59,OK,0.10,3.00,0.95,OK,
[10:34:21] : Cycle start ON
[10:34:23] : Cycle start OFF
[10:34:28] : REQUEST MEAS. ON
[10:34:35] : REQUEST MEAS. OFF
[10:34:35] : end pos sig1 : 50.000000, 50.000000
[10:34:35] : 측정요구 ON 2
[10:34:43] : 측정요구 2OFF
[10:34:43] : end pos sig2 : -50.000000, -50.000000
[10:34:48] : 측정요구3 ON
[10:34:55] : 측정요구3 OFF
[10:34:55] : end pos sig3 : 50.000000, 50.000000
[10:34:55] : 측정요구4 ON
[10:35:03] : 측정요구4 OFF
[10:35:03] : end pos sig4 : -50.000000, -50.000000
[10:35:03] : 12,20190123-103503,AL19011932881,,OK,MAX,2, ,AUTO,0.10,3.00,0.63,OK,0.10,3.00,0.49,OK,0.10,3.00,0.78,OK,0.10,3.00,1.03,OK,
[10:35:15] : Cycle start ON
[10:35:17] : Cycle start OFF
[10:35:31] : REQUEST MEAS. ON
[10:35:39] : REQUEST MEAS. OFF
[10:35:39] : end pos sig1 : 50.000000, 50.000000
[10:35:39] : 측정요구 ON 2
[10:35:46] : 측정요구 2OFF
[10:35:46] : end pos sig2 : -50.000000, -50.000000
[10:35:51] : 측정요구3 ON
[10:35:58] : 측정요구3 OFF
[10:35:58] : end pos sig3 : 50.000000, 50.000000
[10:35:58] : 측정요구4 ON
[10:36:06] : 측정요구4 OFF
[10:36:06] : end pos sig4 : -50.000000, -50.000000
[10:36:06] : 12,20190123-103607,AL19011931161,,OK,MAX,2, ,AUTO,0.10,3.00,0.83,OK,0.10,3.00,0.63,OK,0.10,3.00,0.49,OK,0.10,3.00,1.32,OK,
[10:36:18] : Cycle start ON
[10:36:20] : Cycle start OFF
[10:36:26] : REQUEST MEAS. ON
[10:36:34] : REQUEST MEAS. OFF
[10:36:34] : end pos sig1 : 50.000000, 50.000000
[10:36:34] : 측정요구 ON 2
[10:36:41] : 측정요구 2OFF
[10:36:41] : end pos sig2 : -50.000000, -50.000000
[10:36:46] : 측정요구3 ON
[10:36:53] : 측정요구3 OFF
[10:36:53] : end pos sig3 : 50.000000, 50.000000
[10:36:53] : 측정요구4 ON
[10:37:01] : 측정요구4 OFF
[10:37:01] : end pos sig4 : -50.000000, -50.000000
[10:37:01] : 12,20190123-103702,AL19011931101,,OK,MAX,2, ,AUTO,0.10,3.00,0.83,OK,0.10,3.00,0.53,OK,0.10,3.00,0.56,OK,0.10,3.00,1.22,OK,
[10:37:13] : Cycle start ON
[10:37:15] : Cycle start OFF
[10:37:20] : REQUEST MEAS. ON
[10:37:27] : REQUEST MEAS. OFF
[10:37:27] : end pos sig1 : 50.000000, 50.000000
[10:37:27] : 측정요구 ON 2
[10:37:34] : 측정요구 2OFF
[10:37:34] : end pos sig2 : -50.000000, -50.000000
[10:37:39] : 측정요구3 ON
[10:37:46] : 측정요구3 OFF
[10:37:46] : end pos sig3 : 50.000000, 50.000000
[10:37:46] : 측정요구4 ON
[10:37:55] : 측정요구4 OFF
[10:37:55] : end pos sig4 : -50.000000, -50.000000
[10:37:55] : 12,20190123-103755,AL19011931171,,OK,MAX,2, ,AUTO,0.10,3.00,0.83,OK,0.10,3.00,0.68,OK,0.10,3.00,0.68,OK,0.10,3.00,1.17,OK,
[10:38:06] : Cycle start ON
[10:38:07] : Cycle start OFF
[10:38:12] : REQUEST MEAS. ON
[10:38:20] : REQUEST MEAS. OFF
[10:38:20] : end pos sig1 : 50.000000, 50.000000
[10:38:20] : 측정요구 ON 2
[10:38:28] : 측정요구 2OFF
[10:38:28] : end pos sig2 : -50.000000, -50.000000
[10:38:32] : 측정요구3 ON
[10:38:39] : 측정요구3 OFF
[10:38:39] : end pos sig3 : 50.000000, 50.000000
[10:38:39] : 측정요구4 ON
[10:38:47] : 측정요구4 OFF
[10:38:47] : end pos sig4 : -50.000000, -50.000000
[10:38:47] : 12,20190123-103848,AL19011931151,,OK,MAX,2, ,AUTO,0.10,3.00,0.90,OK,0.10,3.00,0.68,OK,0.10,3.00,0.68,OK,0.10,3.00,1.46,OK,
[10:38:59] : Cycle start ON
[10:39:00] : Cycle start OFF
[10:39:27] : REQUEST MEAS. ON
[10:39:34] : REQUEST MEAS. OFF
[10:39:34] : end pos sig1 : 50.000000, 50.000000
[10:39:34] : 측정요구 ON 2
[10:39:42] : 측정요구 2OFF
[10:39:42] : end pos sig2 : -50.000000, -50.000000
[10:39:47] : 측정요구3 ON
[10:39:54] : 측정요구3 OFF
[10:39:54] : end pos sig3 : 50.000000, 50.000000
[10:39:54] : 측정요구4 ON
[10:40:02] : 측정요구4 OFF
[10:40:02] : end pos sig4 : -50.000000, -50.000000
[10:40:02] : 12,20190123-104002,AL19011931301,,OK,MAX,2, ,AUTO,0.10,3.00,0.83,OK,0.10,3.00,0.59,OK,0.10,3.00,0.51,OK,0.10,3.00,1.12,OK,
[10:41:03] : Cycle start ON
[10:41:04] : Cycle start OFF
[10:41:33] : REQUEST MEAS. ON
[10:41:40] : REQUEST MEAS. OFF
[10:41:40] : end pos sig1 : 50.000000, 50.000000
[10:41:40] : 측정요구 ON 2
[10:41:48] : 측정요구 2OFF
[10:41:48] : end pos sig2 : -50.000000, -50.000000
[10:41:53] : 측정요구3 ON
[10:42:00] : 측정요구3 OFF
[10:42:00] : end pos sig3 : 50.000000, 50.000000
[10:42:00] : 측정요구4 ON
[10:42:08] : 측정요구4 OFF
[10:42:08] : end pos sig4 : -50.000000, -50.000000
[10:42:09] : 12,20190123-104209,AL19011936183,,OK,MAX,2, ,AUTO,0.10,3.00,0.68,OK,0.10,3.00,0.93,OK,0.10,3.00,0.85,OK,0.10,3.00,0.81,OK,
[10:42:20] : Cycle start ON
[10:42:21] : Cycle start OFF
[10:42:27] : REQUEST MEAS. ON
[10:42:34] : REQUEST MEAS. OFF
[10:42:34] : end pos sig1 : 50.000000, 50.000000
[10:42:34] : 측정요구 ON 2
[10:42:42] : 측정요구 2OFF
[10:42:42] : end pos sig2 : -50.000000, -50.000000
[10:42:47] : 측정요구3 ON
[10:42:54] : 측정요구3 OFF
[10:42:54] : end pos sig3 : 50.000000, 50.000000
[10:42:54] : 측정요구4 ON
[10:43:02] : 측정요구4 OFF
[10:43:02] : end pos sig4 : -50.000000, -50.000000
[10:43:02] : 12,20190123-104302,AL19011936223,,OK,MAX,2, ,AUTO,0.10,3.00,0.63,OK,0.10,3.00,0.83,OK,0.10,3.00,0.71,OK,0.10,3.00,1.32,OK,
[10:43:13] : Cycle start ON
[10:43:14] : Cycle start OFF
[10:43:19] : REQUEST MEAS. ON
[10:43:27] : REQUEST MEAS. OFF
[10:43:27] : end pos sig1 : 50.000000, 50.000000
[10:43:27] : 측정요구 ON 2
[10:43:35] : 측정요구 2OFF
[10:43:35] : end pos sig2 : -50.000000, -50.000000
[10:43:39] : 측정요구3 ON
[10:43:46] : 측정요구3 OFF
[10:43:46] : end pos sig3 : 50.000000, 50.000000
[10:43:46] : 측정요구4 ON
[10:43:54] : 측정요구4 OFF
[10:43:54] : end pos sig4 : -50.000000, -50.000000
[10:43:54] : 12,20190123-104355,AL19011936163,,OK,MAX,2, ,AUTO,0.10,3.00,0.56,OK,0.10,3.00,0.68,OK,0.10,3.00,0.61,OK,0.10,3.00,0.93,OK,
[10:44:06] : Cycle start ON
[10:44:07] : Cycle start OFF
[10:44:12] : REQUEST MEAS. ON
[10:44:20] : REQUEST MEAS. OFF
[10:44:20] : end pos sig1 : 50.000000, 50.000000
[10:44:20] : 측정요구 ON 2
[10:44:29] : 측정요구 2OFF
[10:44:29] : end pos sig2 : -47.100000, -50.000000
[10:44:33] : 측정요구3 ON
[10:44:40] : 측정요구3 OFF
[10:44:40] : end pos sig3 : 50.000000, 50.000000
[10:44:40] : 측정요구4 ON
[10:44:47] : 측정요구4 OFF
[10:44:47] : end pos sig4 : -50.000000, -50.000000
[10:44:47] : 12,20190123-104448,AL19011936143,,OK,MAX,2, ,AUTO,0.10,3.00,0.88,OK,0.10,3.00,0.59,OK,0.10,3.00,0.54,OK,0.10,3.00,0.93,OK,
[10:45:01] : Cycle start ON
[10:45:02] : Cycle start OFF
[10:45:10] : REQUEST MEAS. ON
[10:45:17] : REQUEST MEAS. OFF
[10:45:17] : end pos sig1 : 50.000000, 50.000000
[10:45:18] : 측정요구 ON 2
[10:45:25] : 측정요구 2OFF
[10:45:25] : end pos sig2 : -50.000000, -50.000000
[10:45:30] : 측정요구3 ON
[10:45:37] : 측정요구3 OFF
[10:45:37] : end pos sig3 : 50.000000, 50.000000
[10:45:37] : 측정요구4 ON
[10:45:45] : 측정요구4 OFF
[10:45:45] : end pos sig4 : -50.000000, -50.000000
[10:45:45] : 12,20190123-104546,AL19011936203,,OK,MAX,2, ,AUTO,0.10,3.00,0.88,OK,0.10,3.00,0.54,OK,0.10,3.00,0.83,OK,0.10,3.00,1.27,OK,
[10:45:57] : Cycle start ON
[10:45:58] : Cycle start OFF
[10:46:04] : REQUEST MEAS. ON
[10:46:12] : REQUEST MEAS. OFF
[10:46:12] : end pos sig1 : 50.000000, 50.000000
[10:46:12] : 측정요구 ON 2
[10:46:19] : 측정요구 2OFF
[10:46:19] : end pos sig2 : -46.290000, -46.350000
[10:46:24] : 측정요구3 ON
[10:46:31] : 측정요구3 OFF
[10:46:31] : end pos sig3 : 50.000000, 50.000000
[10:46:31] : 측정요구4 ON
[10:46:39] : 측정요구4 OFF
[10:46:39] : end pos sig4 : -50.000000, -50.000000
[10:46:39] : 12,20190123-104640,AL19011935853,,OK,MAX,2, ,AUTO,0.10,3.00,1.05,OK,0.10,3.00,0.63,OK,0.10,3.00,0.81,OK,0.10,3.00,0.95,OK,
[11:08:17] : Cycle start ON
[11:08:18] : Cycle start OFF
[11:08:24] : REQUEST MEAS. ON
[11:08:31] : REQUEST MEAS. OFF
[11:08:31] : end pos sig1 : 50.000000, 50.000000
[11:08:31] : 측정요구 ON 2
[11:08:39] : 측정요구 2OFF
[11:08:39] : end pos sig2 : -50.000000, -50.000000
[11:08:44] : 측정요구3 ON
[11:08:51] : 측정요구3 OFF
[11:08:51] : end pos sig3 : 50.000000, 50.000000
[11:08:51] : 측정요구4 ON
[11:08:59] : 측정요구4 OFF
[11:08:59] : end pos sig4 : -49.390000, -50.000000
[11:08:59] : 12,20190123-110859,AL19011935753,,OK,MAX,2, ,AUTO,0.10,3.00,0.81,OK,0.10,3.00,0.56,OK,0.10,3.00,0.68,OK,0.10,3.00,0.76,OK,
[11:09:20] : Cycle start ON
[11:09:22] : Cycle start OFF
[11:09:27] : REQUEST MEAS. ON
[11:09:34] : REQUEST MEAS. OFF
[11:09:34] : end pos sig1 : 50.000000, 50.000000
[11:09:34] : 측정요구 ON 2
[11:09:41] : 측정요구 2OFF
[11:09:41] : end pos sig2 : -50.000000, -50.000000
[11:09:46] : 측정요구3 ON
[11:09:53] : 측정요구3 OFF
[11:09:53] : end pos sig3 : 50.000000, 50.000000
[11:09:53] : 측정요구4 ON
[11:10:01] : 측정요구4 OFF
[11:10:01] : end pos sig4 : -50.000000, -50.000000
[11:10:02] : 12,20190123-111002,AL19011935893,,OK,MAX,2, ,AUTO,0.10,3.00,0.85,OK,0.10,3.00,0.51,OK,0.10,3.00,0.78,OK,0.10,3.00,0.51,OK,
[11:10:13] : Cycle start ON
[11:10:15] : Cycle start OFF
[11:10:20] : REQUEST MEAS. ON
[11:10:27] : REQUEST MEAS. OFF
[11:10:27] : end pos sig1 : 50.000000, 50.000000
[11:10:27] : 측정요구 ON 2
[11:10:35] : 측정요구 2OFF
[11:10:35] : end pos sig2 : -50.000000, -50.000000
[11:10:40] : 측정요구3 ON
[11:10:47] : 측정요구3 OFF
[11:10:47] : end pos sig3 : 50.000000, 50.000000
[11:10:47] : 측정요구4 ON
[11:10:55] : 측정요구4 OFF
[11:10:55] : end pos sig4 : -50.000000, -50.000000
[11:10:56] : 12,20190123-111056,AL19011935873,,OK,MAX,2, ,AUTO,0.10,3.00,0.66,OK,0.10,3.00,0.73,OK,0.10,3.00,0.46,OK,0.10,3.00,1.40,OK,
[11:11:09] : Cycle start ON
[11:11:10] : Cycle start OFF
[11:11:16] : REQUEST MEAS. ON
[11:11:23] : REQUEST MEAS. OFF
[11:11:23] : end pos sig1 : 50.000000, 50.000000
[11:11:23] : 측정요구 ON 2
[11:11:30] : 측정요구 2OFF
[11:11:30] : end pos sig2 : -50.000000, -50.000000
[11:11:35] : 측정요구3 ON
[11:11:42] : 측정요구3 OFF
[11:11:42] : end pos sig3 : 50.000000, 50.000000
[11:11:42] : 측정요구4 ON
[11:11:50] : 측정요구4 OFF
[11:11:50] : end pos sig4 : -50.000000, -50.000000
[11:11:50] : 12,20190123-111151,AL19011936333,,OK,MAX,2, ,AUTO,0.10,3.00,0.68,OK,0.10,3.00,0.51,OK,0.10,3.00,0.85,OK,0.10,3.00,1.29,OK,
[11:21:03] : AUTO RUNNING OFF
[11:21:57] : PROGRAM END
 
[12:34:17] : PROGRAM START
[12:34:22] : AUTO RUNNING OFF
[12:34:22] : REQUEST MEAS. OFF
[12:34:22] : end pos sig1 : 50.000000, 50.000000
[12:34:22] : end pos sig2 : 50.000000, 50.000000
[12:34:22] : end pos sig3 : 50.000000, 50.000000
[12:34:22] : REQUEST ZEROSET OFF
[12:34:22] : REQUEST ZEROSET OFF
[12:34:22] : end pos sig4 : 50.000000, 50.000000
[13:03:05] : MEAS ESC ON
[13:03:12] : MEAS ESC OFF
[13:03:12] : AUTO RUNNING ON
[13:09:12] : AUTO RUNNING OFF
[13:34:32] : MEAS ESC ON
[13:35:11] : MEAS ESC OFF
[13:35:11] : AUTO RUNNING ON
[13:36:56] : AUTO RUNNING OFF
[13:49:16] : MEAS ESC ON
[13:49:16] : MEAS ESC OFF
[13:49:16] : AUTO RUNNING ON
[13:49:47] : Cycle start ON
[13:49:49] : Cycle start OFF
[13:49:54] : REQUEST MEAS. ON
[13:50:01] : REQUEST MEAS. OFF
[13:50:01] : end pos sig1 : 50.000000, 50.000000
[13:50:01] : 측정요구 ON 2
[13:50:08] : 측정요구 2OFF
[13:50:08] : end pos sig2 : -50.000000, -50.000000
[13:50:13] : 측정요구3 ON
[13:50:20] : 측정요구3 OFF
[13:50:20] : end pos sig3 : 50.000000, 50.000000
[13:50:20] : 측정요구4 ON
[13:50:23] : AUTO RUNNING OFF
[13:50:23] : 측정요구4 OFF
[13:50:23] : end pos sig4 : 18.100000, 18.100000
[13:50:42] : MEAS ESC ON
[13:50:43] : MEAS ESC OFF
[13:50:43] : AUTO RUNNING ON
[13:50:43] : 측정요구4 ON
[13:50:47] : 측정요구4 OFF
[13:50:47] : end pos sig4 : -50.000000, -50.000000
[13:50:47] : 12,20190123-135048,AL19011936353,,OK,MAX,2, ,AUTO,0.10,3.00,0.59,OK,0.10,3.00,0.59,OK,0.10,3.00,0.62,OK,0.10,3.00,0.88,OK,
[13:50:55] : AUTO RUNNING OFF
[13:53:40] : MEAS ESC ON
[13:53:43] : MEAS ESC OFF
[13:53:43] : AUTO RUNNING ON
[13:54:12] : Cycle start ON
[13:54:16] : Cycle start OFF
[13:54:21] : REQUEST MEAS. ON
[13:54:29] : REQUEST MEAS. OFF
[13:54:29] : end pos sig1 : 50.000000, 50.000000
[13:54:29] : 측정요구 ON 2
[13:54:36] : 측정요구 2OFF
[13:54:36] : end pos sig2 : -50.000000, -50.000000
[13:54:41] : 측정요구3 ON
[13:54:48] : 측정요구3 OFF
[13:54:48] : end pos sig3 : 50.000000, 50.000000
[13:54:48] : 측정요구4 ON
[13:54:56] : 측정요구4 OFF
[13:54:56] : end pos sig4 : -50.000000, -50.000000
[13:54:56] : 12,20190123-135457,AL19011936103,,OK,MAX,2, ,AUTO,0.10,3.00,0.63,OK,0.10,3.00,0.49,OK,0.10,3.00,0.37,OK,0.10,3.00,1.07,OK,
[13:55:42] : Cycle start ON
[13:55:50] : Cycle start OFF
[13:55:55] : REQUEST MEAS. ON
[13:56:02] : REQUEST MEAS. OFF
[13:56:02] : end pos sig1 : 50.000000, 50.000000
[13:56:03] : 측정요구 ON 2
[13:56:10] : 측정요구 2OFF
[13:56:10] : end pos sig2 : -50.000000, -50.000000
[13:56:15] : 측정요구3 ON
[13:56:22] : 측정요구3 OFF
[13:56:22] : end pos sig3 : 50.000000, 50.000000
[13:56:22] : 측정요구4 ON
[13:56:30] : 측정요구4 OFF
[13:56:30] : end pos sig4 : -50.000000, -50.000000
[13:56:30] : 12,20190123-135630,AL19011936353,,OK,MAX,2, ,AUTO,0.10,3.00,0.63,OK,0.10,3.00,0.88,OK,0.10,3.00,0.56,OK,0.10,3.00,0.81,OK,
[13:58:07] : Cycle start ON
[13:58:08] : Cycle start OFF
[13:58:13] : REQUEST MEAS. ON
[13:58:20] : REQUEST MEAS. OFF
[13:58:20] : end pos sig1 : 50.000000, 50.000000
[13:58:20] : 측정요구 ON 2
[13:58:27] : 측정요구 2OFF
[13:58:27] : end pos sig2 : -50.000000, -50.000000
[13:58:32] : 측정요구3 ON
[13:58:39] : 측정요구3 OFF
[13:58:39] : end pos sig3 : 50.000000, 50.000000
[13:58:39] : 측정요구4 ON
[13:58:47] : 측정요구4 OFF
[13:58:47] : end pos sig4 : -50.000000, -50.000000
[13:58:47] : 12,20190123-135848,AL19011936383,,OK,MAX,2, ,AUTO,0.10,3.00,0.73,OK,0.10,3.00,0.46,OK,0.10,3.00,0.81,OK,0.10,3.00,0.85,OK,
[13:59:01] : Cycle start ON
[13:59:03] : Cycle start OFF
[13:59:07] : REQUEST MEAS. ON
[13:59:15] : REQUEST MEAS. OFF
[13:59:15] : end pos sig1 : 50.000000, 50.000000
[13:59:15] : 측정요구 ON 2
[13:59:23] : 측정요구 2OFF
[13:59:23] : end pos sig2 : -50.000000, -50.000000
[13:59:28] : 측정요구3 ON
[13:59:35] : 측정요구3 OFF
[13:59:35] : end pos sig3 : 50.000000, 50.000000
[13:59:35] : 측정요구4 ON
[13:59:43] : 측정요구4 OFF
[13:59:43] : end pos sig4 : -49.540000, -50.000000
[13:59:43] : 12,20190123-135943,AL19011936343,,OK,MAX,2, ,AUTO,0.10,3.00,0.93,OK,0.10,3.00,0.59,OK,0.10,3.00,0.73,OK,0.10,3.00,1.56,OK,
[14:09:41] : Cycle start ON
[14:09:42] : Cycle start OFF
[14:09:47] : REQUEST MEAS. ON
[14:09:55] : REQUEST MEAS. OFF
[14:09:55] : end pos sig1 : 50.000000, 50.000000
[14:09:55] : 측정요구 ON 2
[14:10:02] : 측정요구 2OFF
[14:10:02] : end pos sig2 : -47.040000, -47.040000
[14:10:07] : 측정요구3 ON
[14:10:14] : 측정요구3 OFF
[14:10:14] : end pos sig3 : 50.000000, 50.000000
[14:10:14] : 측정요구4 ON
[14:10:21] : 측정요구4 OFF
[14:10:21] : end pos sig4 : -50.000000, -50.000000
[14:10:21] : 12,20190123-141022,AL19011936413,,OK,MAX,2, ,AUTO,0.10,3.00,0.73,OK,0.10,3.00,0.78,OK,0.10,3.00,1.10,OK,0.10,3.00,0.95,OK,
[14:11:13] : Cycle start ON
[14:11:14] : Cycle start OFF
[14:11:19] : REQUEST MEAS. ON
[14:11:26] : REQUEST MEAS. OFF
[14:11:26] : end pos sig1 : 50.000000, 50.000000
[14:11:26] : 측정요구 ON 2
[14:11:33] : 측정요구 2OFF
[14:11:33] : end pos sig2 : -50.000000, -50.000000
[14:11:38] : 측정요구3 ON
[14:11:45] : 측정요구3 OFF
[14:11:45] : end pos sig3 : 50.000000, 50.000000
[14:11:45] : 측정요구4 ON
[14:11:53] : 측정요구4 OFF
[14:11:53] : end pos sig4 : -50.000000, -50.000000
[14:11:53] : 12,20190123-141154,AL19011936743,,OK,MAX,2, ,AUTO,0.10,3.00,0.78,OK,0.10,3.00,0.68,OK,0.10,3.00,0.51,OK,0.10,3.00,2.16,OK,
[14:12:34] : Cycle start ON
[14:12:35] : Cycle start OFF
[14:12:40] : REQUEST MEAS. ON
[14:12:48] : REQUEST MEAS. OFF
[14:12:48] : end pos sig1 : 50.000000, 50.000000
[14:12:48] : 측정요구 ON 2
[14:12:55] : 측정요구 2OFF
[14:12:55] : end pos sig2 : -48.000000, -50.000000
[14:13:00] : 측정요구3 ON
[14:13:07] : 측정요구3 OFF
[14:13:07] : end pos sig3 : 50.000000, 50.000000
[14:13:07] : 측정요구4 ON
[14:13:15] : 측정요구4 OFF
[14:13:15] : end pos sig4 : -50.000000, -50.000000
[14:13:15] : 12,20190123-141316,AL19011936773,,OK,MAX,2, ,AUTO,0.10,3.00,0.81,OK,0.10,3.00,0.63,OK,0.10,3.00,0.61,OK,0.10,3.00,1.32,OK,
[14:16:24] : Cycle start ON
[14:16:25] : Cycle start OFF
[14:16:30] : REQUEST MEAS. ON
[14:16:37] : REQUEST MEAS. OFF
[14:16:37] : end pos sig1 : 50.000000, 50.000000
[14:16:37] : 측정요구 ON 2
[14:16:45] : 측정요구 2OFF
[14:16:45] : end pos sig2 : -50.000000, -50.000000
[14:16:50] : 측정요구3 ON
[14:16:57] : 측정요구3 OFF
[14:16:57] : end pos sig3 : 50.000000, 50.000000
[14:16:57] : 측정요구4 ON
[14:17:05] : 측정요구4 OFF
[14:17:05] : end pos sig4 : -50.000000, -50.000000
[14:17:05] : 12,20190123-141706,AL19011936753,,OK,MAX,2, ,AUTO,0.10,3.00,0.83,OK,0.10,3.00,0.63,OK,0.10,3.00,0.56,OK,0.10,3.00,1.15,OK,
[14:23:45] : Cycle start ON
[14:23:46] : Cycle start OFF
[14:23:51] : REQUEST MEAS. ON
[14:23:59] : REQUEST MEAS. OFF
[14:23:59] : end pos sig1 : 50.000000, 50.000000
[14:23:59] : 측정요구 ON 2
[14:24:06] : 측정요구 2OFF
[14:24:06] : end pos sig2 : -50.000000, -50.000000
[14:24:11] : 측정요구3 ON
[14:24:18] : 측정요구3 OFF
[14:24:18] : end pos sig3 : 50.000000, 50.000000
[14:24:18] : 측정요구4 ON
[14:24:26] : 측정요구4 OFF
[14:24:26] : end pos sig4 : -50.000000, -50.000000
[14:24:27] : 12,20190123-142427,AL19011936803,,OK,MAX,2, ,AUTO,0.10,3.00,0.63,OK,0.10,3.00,0.68,OK,0.10,3.00,0.76,OK,0.10,3.00,0.61,OK,
[14:24:38] : Cycle start ON
[14:24:39] : Cycle start OFF
[14:24:44] : REQUEST MEAS. ON
[14:24:52] : REQUEST MEAS. OFF
[14:24:52] : end pos sig1 : 50.000000, 50.000000
[14:24:52] : 측정요구 ON 2
[14:24:59] : 측정요구 2OFF
[14:24:59] : end pos sig2 : -47.650000, -47.650000
[14:25:04] : 측정요구3 ON
[14:25:11] : 측정요구3 OFF
[14:25:11] : end pos sig3 : 50.000000, 50.000000
[14:25:11] : 측정요구4 ON
[14:25:19] : 측정요구4 OFF
[14:25:19] : end pos sig4 : -50.000000, -50.000000
[14:25:19] : 12,20190123-142520,AL19011936823,,OK,MAX,2, ,AUTO,0.10,3.00,0.93,OK,0.10,3.00,0.54,OK,0.10,3.00,1.00,OK,0.10,3.00,0.95,OK,
[14:25:33] : Cycle start ON
[14:25:34] : Cycle start OFF
[14:25:39] : REQUEST MEAS. ON
[14:25:47] : REQUEST MEAS. OFF
[14:25:47] : end pos sig1 : 50.000000, 50.000000
[14:25:47] : 측정요구 ON 2
[14:25:54] : 측정요구 2OFF
[14:25:54] : end pos sig2 : -50.000000, -50.000000
[14:25:59] : 측정요구3 ON
[14:26:06] : 측정요구3 OFF
[14:26:06] : end pos sig3 : 50.000000, 50.000000
[14:26:06] : 측정요구4 ON
[14:26:14] : 측정요구4 OFF
[14:26:14] : end pos sig4 : -50.000000, -50.000000
[14:26:14] : 12,20190123-142615,AL19011931911,,OK,MAX,2, ,AUTO,0.10,3.00,0.51,OK,0.10,3.00,0.59,OK,0.10,3.00,0.56,OK,0.10,3.00,0.90,OK,
[14:29:44] : Cycle start ON
[14:29:46] : Cycle start OFF
[14:29:51] : REQUEST MEAS. ON
[14:29:58] : REQUEST MEAS. OFF
[14:29:58] : end pos sig1 : 50.000000, 50.000000
[14:29:58] : 측정요구 ON 2
[14:30:06] : 측정요구 2OFF
[14:30:06] : end pos sig2 : -50.000000, -50.000000
[14:30:10] : 측정요구3 ON
[14:30:17] : 측정요구3 OFF
[14:30:17] : end pos sig3 : 50.000000, 50.000000
[14:30:17] : 측정요구4 ON
[14:30:25] : 측정요구4 OFF
[14:30:25] : end pos sig4 : -48.370000, -50.000000
[14:30:25] : 12,20190123-143026,AL19011931851,,OK,MAX,2, ,AUTO,0.10,3.00,0.78,OK,0.10,3.00,0.54,OK,0.10,3.00,0.55,OK,0.10,3.00,1.10,OK,
[14:31:41] : Cycle start ON
[14:31:43] : Cycle start OFF
[14:31:47] : REQUEST MEAS. ON
[14:31:55] : REQUEST MEAS. OFF
[14:31:55] : end pos sig1 : 50.000000, 50.000000
[14:31:55] : 측정요구 ON 2
[14:32:03] : 측정요구 2OFF
[14:32:03] : end pos sig2 : -50.000000, -50.000000
[14:32:07] : 측정요구3 ON
[14:32:14] : 측정요구3 OFF
[14:32:14] : end pos sig3 : 50.000000, 50.000000
[14:32:14] : 측정요구4 ON
[14:32:22] : 측정요구4 OFF
[14:32:22] : end pos sig4 : -50.000000, -50.000000
[14:32:23] : 12,20190123-143223,AL19011931871,,OK,MAX,2, ,AUTO,0.10,3.00,0.72,OK,0.10,3.00,0.68,OK,0.10,3.00,0.71,OK,0.10,3.00,0.90,OK,
[14:32:43] : Cycle start ON
[14:32:44] : Cycle start OFF
[14:32:49] : REQUEST MEAS. ON
[14:32:57] : REQUEST MEAS. OFF
[14:32:57] : end pos sig1 : 50.000000, 50.000000
[14:32:57] : 측정요구 ON 2
[14:33:04] : 측정요구 2OFF
[14:33:04] : end pos sig2 : -50.000000, -50.000000
[14:33:09] : 측정요구3 ON
[14:33:16] : 측정요구3 OFF
[14:33:16] : end pos sig3 : 50.000000, 50.000000
[14:33:16] : 측정요구4 ON
[14:33:24] : 측정요구4 OFF
[14:33:24] : end pos sig4 : -50.000000, -50.000000
[14:33:24] : 12,20190123-143325,AL19011931811,,OK,MAX,2, ,AUTO,0.10,3.00,0.68,OK,0.10,3.00,0.56,OK,0.10,3.00,0.46,OK,0.10,3.00,0.95,OK,
[14:33:36] : Cycle start ON
[14:33:38] : Cycle start OFF
[14:33:43] : REQUEST MEAS. ON
[14:33:50] : REQUEST MEAS. OFF
[14:33:50] : end pos sig1 : 50.000000, 50.000000
[14:33:50] : 측정요구 ON 2
[14:33:57] : 측정요구 2OFF
[14:33:57] : end pos sig2 : -50.000000, -50.000000
[14:34:02] : 측정요구3 ON
[14:34:09] : 측정요구3 OFF
[14:34:09] : end pos sig3 : 50.000000, 50.000000
[14:34:09] : 측정요구4 ON
[14:34:17] : 측정요구4 OFF
[14:34:17] : end pos sig4 : -50.000000, -50.000000
[14:34:17] : 12,20190123-143418,AL19011930451,,OK,MAX,2, ,AUTO,0.10,3.00,0.57,OK,0.10,3.00,0.42,OK,0.10,3.00,0.61,OK,0.10,3.00,1.15,OK,
[14:34:29] : Cycle start ON
[14:34:30] : Cycle start OFF
[14:34:35] : REQUEST MEAS. ON
[14:34:43] : REQUEST MEAS. OFF
[14:34:43] : end pos sig1 : 50.000000, 50.000000
[14:34:43] : 측정요구 ON 2
[14:34:50] : 측정요구 2OFF
[14:34:50] : end pos sig2 : -50.000000, -50.000000
[14:34:55] : 측정요구3 ON
[14:35:02] : 측정요구3 OFF
[14:35:02] : end pos sig3 : 50.000000, 50.000000
[14:35:02] : 측정요구4 ON
[14:35:10] : 측정요구4 OFF
[14:35:10] : end pos sig4 : -50.000000, -50.000000
[14:35:10] : 12,20190123-143511,AL19011930431,,OK,MAX,2, ,AUTO,0.10,3.00,0.56,OK,0.10,3.00,0.54,OK,0.10,3.00,0.71,OK,0.10,3.00,1.25,OK,
[14:35:22] : Cycle start ON
[14:35:24] : Cycle start OFF
[14:35:28] : REQUEST MEAS. ON
[14:35:36] : REQUEST MEAS. OFF
[14:35:36] : end pos sig1 : 50.000000, 50.000000
[14:35:36] : 측정요구 ON 2
[14:35:43] : 측정요구 2OFF
[14:35:43] : end pos sig2 : -46.670000, -50.000000
[14:35:48] : 측정요구3 ON
[14:35:55] : 측정요구3 OFF
[14:35:55] : end pos sig3 : 50.000000, 50.000000
[14:35:55] : 측정요구4 ON
[14:36:03] : 측정요구4 OFF
[14:36:03] : end pos sig4 : -48.850000, -50.000000
[14:36:04] : 12,20190123-143604,AL19011930461,,OK,MAX,2, ,AUTO,0.10,3.00,0.73,OK,0.10,3.00,0.59,OK,0.10,3.00,0.51,OK,0.10,3.00,1.29,OK,
[14:36:15] : Cycle start ON
[14:36:17] : Cycle start OFF
[14:36:21] : REQUEST MEAS. ON
[14:36:29] : REQUEST MEAS. OFF
[14:36:29] : end pos sig1 : 50.000000, 50.000000
[14:36:29] : 측정요구 ON 2
[14:36:37] : 측정요구 2OFF
[14:36:37] : end pos sig2 : -50.000000, -50.000000
[14:36:41] : 측정요구3 ON
[14:36:48] : 측정요구3 OFF
[14:36:48] : end pos sig3 : 50.000000, 50.000000
[14:36:48] : 측정요구4 ON
[14:36:56] : 측정요구4 OFF
[14:36:56] : end pos sig4 : -50.000000, -50.000000
[14:36:56] : 12,20190123-143657,AL19011930481,,OK,MAX,2, ,AUTO,0.10,3.00,0.83,OK,0.10,3.00,0.73,OK,0.10,3.00,0.61,OK,0.10,3.00,1.00,OK,
[14:37:10] : Cycle start ON
[14:37:11] : Cycle start OFF
[14:37:16] : REQUEST MEAS. ON
[14:37:23] : REQUEST MEAS. OFF
[14:37:23] : end pos sig1 : 50.000000, 50.000000
[14:37:23] : 측정요구 ON 2
[14:37:31] : 측정요구 2OFF
[14:37:31] : end pos sig2 : -50.000000, -50.000000
[14:37:36] : 측정요구3 ON
[14:37:43] : 측정요구3 OFF
[14:37:43] : end pos sig3 : 50.000000, 50.000000
[14:37:43] : 측정요구4 ON
[14:37:51] : 측정요구4 OFF
[14:37:51] : end pos sig4 : -50.000000, -50.000000
[14:37:51] : 12,20190123-143752,AL19011930501,,OK,MAX,2, ,AUTO,0.10,3.00,0.90,OK,0.10,3.00,0.78,OK,0.10,3.00,0.54,OK,0.10,3.00,0.66,OK,
[14:38:05] : Cycle start ON
[14:38:06] : Cycle start OFF
[14:38:11] : REQUEST MEAS. ON
[14:38:18] : REQUEST MEAS. OFF
[14:38:18] : end pos sig1 : 50.000000, 50.000000
[14:38:18] : 측정요구 ON 2
[14:38:26] : 측정요구 2OFF
[14:38:26] : end pos sig2 : -50.000000, -50.000000
[14:38:31] : 측정요구3 ON
[14:38:38] : 측정요구3 OFF
[14:38:38] : end pos sig3 : 50.000000, 50.000000
[14:38:38] : 측정요구4 ON
[14:38:46] : 측정요구4 OFF
[14:38:46] : end pos sig4 : -50.000000, -50.000000
[14:38:46] : 12,20190123-143846,AL19011931201,,OK,MAX,2, ,AUTO,0.10,3.00,0.78,OK,0.10,3.00,0.59,OK,0.10,3.00,0.66,OK,0.10,3.00,1.29,OK,
[14:39:00] : Cycle start ON
[14:39:01] : Cycle start OFF
[14:39:06] : REQUEST MEAS. ON
[14:39:14] : REQUEST MEAS. OFF
[14:39:14] : end pos sig1 : 50.000000, 50.000000
[14:39:14] : 측정요구 ON 2
[14:39:21] : 측정요구 2OFF
[14:39:21] : end pos sig2 : -49.980000, -50.000000
[14:39:26] : 측정요구3 ON
[14:39:33] : 측정요구3 OFF
[14:39:33] : end pos sig3 : 50.000000, 50.000000
[14:39:33] : 측정요구4 ON
[14:39:40] : 측정요구4 OFF
[14:39:40] : end pos sig4 : -50.000000, -50.000000
[14:39:40] : 12,20190123-143941,AL19011931231,,OK,MAX,2, ,AUTO,0.10,3.00,0.63,OK,0.10,3.00,0.51,OK,0.10,3.00,0.56,OK,0.10,3.00,1.05,OK,
[14:39:54] : Cycle start ON
[14:39:55] : Cycle start OFF
[14:40:00] : REQUEST MEAS. ON
[14:40:07] : REQUEST MEAS. OFF
[14:40:07] : end pos sig1 : 50.000000, 50.000000
[14:40:08] : 측정요구 ON 2
[14:40:15] : 측정요구 2OFF
[14:40:15] : end pos sig2 : -50.000000, -50.000000
[14:40:20] : 측정요구3 ON
[14:40:27] : 측정요구3 OFF
[14:40:27] : end pos sig3 : 50.000000, 50.000000
[14:40:27] : 측정요구4 ON
[14:40:35] : 측정요구4 OFF
[14:40:35] : end pos sig4 : -50.000000, -50.000000
[14:40:35] : 12,20190123-144036,AL19011931251,,OK,MAX,2, ,AUTO,0.10,3.00,0.76,OK,0.10,3.00,0.98,OK,0.10,3.00,0.56,OK,0.10,3.00,1.86,OK,
[14:40:49] : Cycle start ON
[14:40:50] : Cycle start OFF
[14:40:55] : REQUEST MEAS. ON
[14:41:03] : REQUEST MEAS. OFF
[14:41:03] : end pos sig1 : 50.000000, 50.000000
[14:41:03] : 측정요구 ON 2
[14:41:10] : 측정요구 2OFF
[14:41:10] : end pos sig2 : -50.000000, -50.000000
[14:41:15] : 측정요구3 ON
[14:41:22] : 측정요구3 OFF
[14:41:22] : end pos sig3 : 50.000000, 50.000000
[14:41:22] : 측정요구4 ON
[14:41:30] : 측정요구4 OFF
[14:41:30] : end pos sig4 : -50.000000, -50.000000
[14:41:31] : 12,20190123-144131,AL19011931271,,OK,MAX,2, ,AUTO,0.10,3.00,0.59,OK,0.10,3.00,0.88,OK,0.10,3.00,0.76,OK,0.10,3.00,1.20,OK,
[14:41:42] : Cycle start ON
[14:41:44] : Cycle start OFF
[14:41:48] : REQUEST MEAS. ON
[14:41:56] : REQUEST MEAS. OFF
[14:41:56] : end pos sig1 : 50.000000, 50.000000
[14:41:56] : 측정요구 ON 2
[14:42:04] : 측정요구 2OFF
[14:42:04] : end pos sig2 : -50.000000, -50.000000
[14:42:09] : 측정요구3 ON
[14:42:16] : 측정요구3 OFF
[14:42:16] : end pos sig3 : 50.000000, 50.000000
[14:42:16] : 측정요구4 ON
[14:42:24] : 측정요구4 OFF
[14:42:24] : end pos sig4 : -50.000000, -50.000000
[14:42:24] : 12,20190123-144225,AL19011931191,,OK,MAX,2, ,AUTO,0.10,3.00,0.78,OK,0.10,3.00,0.56,OK,0.10,3.00,1.15,OK,0.10,3.00,1.05,OK,
[14:42:38] : Cycle start ON
[14:42:39] : Cycle start OFF
[14:42:44] : REQUEST MEAS. ON
[14:42:51] : REQUEST MEAS. OFF
[14:42:51] : end pos sig1 : 50.000000, 50.000000
[14:42:51] : 측정요구 ON 2
[14:42:59] : 측정요구 2OFF
[14:42:59] : end pos sig2 : -50.000000, -50.000000
[14:43:04] : 측정요구3 ON
[14:43:11] : 측정요구3 OFF
[14:43:11] : end pos sig3 : 50.000000, 50.000000
[14:43:11] : 측정요구4 ON
[14:43:18] : 측정요구4 OFF
[14:43:18] : end pos sig4 : -50.000000, -50.000000
[14:43:18] : 12,20190123-144319,AL19011930021,,OK,MAX,2, ,AUTO,0.10,3.00,0.88,OK,0.10,3.00,0.63,OK,0.10,3.00,0.63,OK,0.10,3.00,0.76,OK,
[14:43:30] : Cycle start ON
[14:43:32] : Cycle start OFF
[14:43:37] : REQUEST MEAS. ON
[14:43:44] : REQUEST MEAS. OFF
[14:43:44] : end pos sig1 : 50.000000, 50.000000
[14:43:44] : 측정요구 ON 2
[14:43:52] : 측정요구 2OFF
[14:43:52] : end pos sig2 : -50.000000, -50.000000
[14:43:57] : 측정요구3 ON
[14:44:04] : 측정요구3 OFF
[14:44:04] : end pos sig3 : 50.000000, 50.000000
[14:44:04] : 측정요구4 ON
[14:44:12] : 측정요구4 OFF
[14:44:12] : end pos sig4 : -50.000000, -50.000000
[14:44:12] : 12,20190123-144413,AL19011930041,,OK,MAX,2, ,AUTO,0.10,3.00,0.63,OK,0.10,3.00,0.63,OK,0.10,3.00,0.56,OK,0.10,3.00,1.10,OK,
[14:44:24] : Cycle start ON
[14:44:26] : Cycle start OFF
[14:44:31] : REQUEST MEAS. ON
[14:44:38] : REQUEST MEAS. OFF
[14:44:38] : end pos sig1 : 50.000000, 50.000000
[14:44:38] : 측정요구 ON 2
[14:44:46] : 측정요구 2OFF
[14:44:46] : end pos sig2 : -50.000000, -50.000000
[14:44:50] : 측정요구3 ON
[14:44:57] : 측정요구3 OFF
[14:44:57] : end pos sig3 : 50.000000, 50.000000
[14:44:57] : 측정요구4 ON
[14:45:05] : 측정요구4 OFF
[14:45:05] : end pos sig4 : -50.000000, -50.000000
[14:45:05] : 12,20190123-144506,AL19011930061,,OK,MAX,2, ,AUTO,0.10,3.00,0.61,OK,0.10,3.00,0.68,OK,0.10,3.00,0.61,OK,0.10,3.00,1.31,OK,
[14:45:20] : Cycle start ON
[14:45:21] : Cycle start OFF
[14:45:26] : REQUEST MEAS. ON
[14:45:34] : REQUEST MEAS. OFF
[14:45:34] : end pos sig1 : 50.000000, 50.000000
[14:45:34] : 측정요구 ON 2
[14:45:41] : 측정요구 2OFF
[14:45:41] : end pos sig2 : -50.000000, -50.000000
[14:45:46] : 측정요구3 ON
[14:45:53] : 측정요구3 OFF
[14:45:53] : end pos sig3 : 50.000000, 50.000000
[14:45:53] : 측정요구4 ON
[14:46:01] : 측정요구4 OFF
[14:46:01] : end pos sig4 : -50.000000, -50.000000
[14:46:01] : 12,20190123-144602,AL19011930101,,OK,MAX,2, ,AUTO,0.10,3.00,0.73,OK,0.10,3.00,0.49,OK,0.10,3.00,0.63,OK,0.10,3.00,0.90,OK,
[14:46:15] : Cycle start ON
[14:46:16] : Cycle start OFF
[14:46:21] : REQUEST MEAS. ON
[14:46:29] : REQUEST MEAS. OFF
[14:46:29] : end pos sig1 : 50.000000, 50.000000
[14:46:29] : 측정요구 ON 2
[14:46:36] : 측정요구 2OFF
[14:46:36] : end pos sig2 : -50.000000, -50.000000
[14:46:41] : 측정요구3 ON
[14:46:48] : 측정요구3 OFF
[14:46:48] : end pos sig3 : 50.000000, 50.000000
[14:46:48] : 측정요구4 ON
[14:46:56] : 측정요구4 OFF
[14:46:56] : end pos sig4 : -50.000000, -50.000000
[14:46:57] : 12,20190123-144657,AL19011930081,,OK,MAX,2, ,AUTO,0.10,3.00,0.63,OK,0.10,3.00,0.63,OK,0.10,3.00,0.68,OK,0.10,3.00,0.90,OK,
[14:47:10] : Cycle start ON
[14:47:11] : Cycle start OFF
[14:47:16] : REQUEST MEAS. ON
[14:47:23] : REQUEST MEAS. OFF
[14:47:23] : end pos sig1 : 50.000000, 50.000000
[14:47:24] : 측정요구 ON 2
[14:47:31] : 측정요구 2OFF
[14:47:31] : end pos sig2 : -50.000000, -50.000000
[14:47:36] : 측정요구3 ON
[14:47:43] : 측정요구3 OFF
[14:47:43] : end pos sig3 : 50.000000, 50.000000
[14:47:43] : 측정요구4 ON
[14:47:51] : 측정요구4 OFF
[14:47:51] : end pos sig4 : -50.000000, -50.000000
[14:47:51] : 12,20190123-144752,AL19011932951,,OK,MAX,2, ,AUTO,0.10,3.00,1.03,OK,0.10,3.00,0.68,OK,0.10,3.00,0.68,OK,0.10,3.00,1.29,OK,
[14:48:03] : Cycle start ON
[14:48:05] : Cycle start OFF
[14:48:09] : REQUEST MEAS. ON
[14:48:17] : REQUEST MEAS. OFF
[14:48:17] : end pos sig1 : 50.000000, 50.000000
[14:48:17] : 측정요구 ON 2
[14:48:24] : 측정요구 2OFF
[14:48:24] : end pos sig2 : -50.000000, -50.000000
[14:48:29] : 측정요구3 ON
[14:48:36] : 측정요구3 OFF
[14:48:36] : end pos sig3 : 50.000000, 50.000000
[14:48:36] : 측정요구4 ON
[14:48:44] : 측정요구4 OFF
[14:48:44] : end pos sig4 : -50.000000, -50.000000
[14:48:44] : 12,20190123-144845,AL19011933031,,OK,MAX,2, ,AUTO,0.10,3.00,0.68,OK,0.10,3.00,0.54,OK,0.10,3.00,0.61,OK,0.10,3.00,0.66,OK,
[14:48:59] : Cycle start ON
[14:49:01] : Cycle start OFF
[14:49:05] : REQUEST MEAS. ON
[14:49:13] : REQUEST MEAS. OFF
[14:49:13] : end pos sig1 : 50.000000, 50.000000
[14:49:13] : 측정요구 ON 2
[14:49:20] : 측정요구 2OFF
[14:49:20] : end pos sig2 : -50.000000, -50.000000
[14:49:25] : 측정요구3 ON
[14:49:32] : 측정요구3 OFF
[14:49:32] : end pos sig3 : 50.000000, 50.000000
[14:49:32] : 측정요구4 ON
[14:49:40] : 측정요구4 OFF
[14:49:40] : end pos sig4 : -50.000000, -50.000000
[14:49:41] : 12,20190123-144941,AL19011933051,,OK,MAX,2, ,AUTO,0.10,3.00,0.68,OK,0.10,3.00,0.54,OK,0.10,3.00,0.61,OK,0.10,3.00,1.05,OK,
[14:49:54] : Cycle start ON
[14:49:55] : Cycle start OFF
[14:50:00] : REQUEST MEAS. ON
[14:50:07] : REQUEST MEAS. OFF
[14:50:07] : end pos sig1 : 50.000000, 50.000000
[14:50:07] : 측정요구 ON 2
[14:50:15] : 측정요구 2OFF
[14:50:15] : end pos sig2 : -49.830000, -50.000000
[14:50:20] : 측정요구3 ON
[14:50:27] : 측정요구3 OFF
[14:50:27] : end pos sig3 : 50.000000, 50.000000
[14:50:27] : 측정요구4 ON
[14:50:35] : 측정요구4 OFF
[14:50:35] : end pos sig4 : -50.000000, -50.000000
[14:50:35] : 12,20190123-145035,AL19011933011,,OK,MAX,2, ,AUTO,0.10,3.00,0.59,OK,0.10,3.00,0.54,OK,0.10,3.00,0.56,OK,0.10,3.00,1.00,OK,
[14:50:49] : Cycle start ON
[14:50:50] : Cycle start OFF
[14:50:55] : REQUEST MEAS. ON
[14:51:03] : REQUEST MEAS. OFF
[14:51:03] : end pos sig1 : 50.000000, 50.000000
[14:51:03] : 측정요구 ON 2
[14:51:10] : 측정요구 2OFF
[14:51:10] : end pos sig2 : -49.990000, -50.000000
[14:51:15] : 측정요구3 ON
[14:51:22] : 측정요구3 OFF
[14:51:22] : end pos sig3 : 50.000000, 50.000000
[14:51:22] : 측정요구4 ON
[14:51:29] : 측정요구4 OFF
[14:51:29] : end pos sig4 : -50.000000, -50.000000
[14:51:30] : 12,20190123-145130,AL19011932971,,OK,MAX,2, ,AUTO,0.10,3.00,0.59,OK,0.10,3.00,0.54,OK,0.10,3.00,0.90,OK,0.10,3.00,1.06,OK,
[14:51:41] : Cycle start ON
[14:51:43] : Cycle start OFF
[14:51:47] : REQUEST MEAS. ON
[14:51:55] : REQUEST MEAS. OFF
[14:51:55] : end pos sig1 : 50.000000, 50.000000
[14:51:55] : 측정요구 ON 2
[14:52:03] : 측정요구 2OFF
[14:52:03] : end pos sig2 : -50.000000, -50.000000
[14:52:08] : 측정요구3 ON
[14:52:15] : 측정요구3 OFF
[14:52:15] : end pos sig3 : 50.000000, 50.000000
[14:52:15] : 측정요구4 ON
[14:52:22] : 측정요구4 OFF
[14:52:22] : end pos sig4 : -50.000000, -50.000000
[14:52:23] : 12,20190123-145223,AL19011930561,,OK,MAX,2, ,AUTO,0.10,3.00,0.59,OK,0.10,3.00,0.54,OK,0.10,3.00,0.56,OK,0.10,3.00,0.98,OK,
[14:52:36] : Cycle start ON
[14:52:38] : Cycle start OFF
[14:52:42] : REQUEST MEAS. ON
[14:52:50] : REQUEST MEAS. OFF
[14:52:50] : end pos sig1 : 50.000000, 50.000000
[14:52:50] : 측정요구 ON 2
[14:52:57] : 측정요구 2OFF
[14:52:57] : end pos sig2 : -49.090000, -50.000000
[14:53:02] : 측정요구3 ON
[14:53:09] : 측정요구3 OFF
[14:53:09] : end pos sig3 : 50.000000, 50.000000
[14:53:09] : 측정요구4 ON
[14:53:17] : 측정요구4 OFF
[14:53:17] : end pos sig4 : -50.000000, -50.000000
[14:53:17] : 12,20190123-145318,AL19011930521,,OK,MAX,2, ,AUTO,0.10,3.00,0.68,OK,0.10,3.00,0.63,OK,0.10,3.00,0.61,OK,0.10,3.00,1.00,OK,
[14:53:31] : Cycle start ON
[14:53:32] : Cycle start OFF
[14:53:37] : REQUEST MEAS. ON
[14:53:45] : REQUEST MEAS. OFF
[14:53:45] : end pos sig1 : 50.000000, 50.000000
[14:53:45] : 측정요구 ON 2
[14:53:52] : 측정요구 2OFF
[14:53:52] : end pos sig2 : -50.000000, -50.000000
[14:53:57] : 측정요구3 ON
[14:54:04] : 측정요구3 OFF
[14:54:04] : end pos sig3 : 50.000000, 50.000000
[14:54:04] : 측정요구4 ON
[14:54:12] : 측정요구4 OFF
[14:54:12] : end pos sig4 : -50.000000, -50.000000
[14:54:13] : 12,20190123-145413,AL19011930571,,OK,MAX,2, ,AUTO,0.10,3.00,0.73,OK,0.10,3.00,0.59,OK,0.10,3.00,0.76,OK,0.10,3.00,1.22,OK,
[14:54:26] : Cycle start ON
[14:54:27] : Cycle start OFF
[14:54:32] : REQUEST MEAS. ON
[14:54:39] : REQUEST MEAS. OFF
[14:54:39] : end pos sig1 : 50.000000, 50.000000
[14:54:39] : 측정요구 ON 2
[14:54:47] : 측정요구 2OFF
[14:54:47] : end pos sig2 : -50.000000, -50.000000
[14:54:52] : 측정요구3 ON
[14:54:59] : 측정요구3 OFF
[14:54:59] : end pos sig3 : 50.000000, 50.000000
[14:54:59] : 측정요구4 ON
[14:55:07] : 측정요구4 OFF
[14:55:07] : end pos sig4 : -50.000000, -50.000000
[14:55:07] : 12,20190123-145508,AL19011930591,,OK,MAX,2, ,AUTO,0.10,3.00,0.78,OK,0.10,3.00,0.68,OK,0.10,3.00,0.68,OK,0.10,3.00,1.20,OK,
[14:55:21] : Cycle start ON
[14:55:22] : Cycle start OFF
[14:55:27] : REQUEST MEAS. ON
[14:55:34] : REQUEST MEAS. OFF
[14:55:34] : end pos sig1 : 50.000000, 50.000000
[14:55:34] : 측정요구 ON 2
[14:55:42] : 측정요구 2OFF
[14:55:42] : end pos sig2 : -50.000000, -50.000000
[14:55:47] : 측정요구3 ON
[14:55:54] : 측정요구3 OFF
[14:55:54] : end pos sig3 : 50.000000, 50.000000
[14:55:54] : 측정요구4 ON
[14:56:01] : 측정요구4 OFF
[14:56:01] : end pos sig4 : -50.000000, -50.000000
[14:56:01] : 12,20190123-145602,AL19011930601,,OK,MAX,2, ,AUTO,0.10,3.00,0.61,OK,0.10,3.00,0.46,OK,0.10,3.00,0.66,OK,0.10,3.00,1.21,OK,
[14:56:15] : Cycle start ON
[14:56:16] : Cycle start OFF
[14:56:21] : REQUEST MEAS. ON
[14:56:28] : REQUEST MEAS. OFF
[14:56:28] : end pos sig1 : 50.000000, 50.000000
[14:56:29] : 측정요구 ON 2
[14:56:36] : 측정요구 2OFF
[14:56:36] : end pos sig2 : -50.000000, -50.000000
[14:56:41] : 측정요구3 ON
[14:56:48] : 측정요구3 OFF
[14:56:48] : end pos sig3 : 50.000000, 50.000000
[14:56:48] : 측정요구4 ON
[14:56:56] : 측정요구4 OFF
[14:56:56] : end pos sig4 : -50.000000, -50.000000
[14:56:56] : 12,20190123-145657,AL19011933101,,OK,MAX,2, ,AUTO,0.10,3.00,0.68,OK,0.10,3.00,0.56,OK,0.10,3.00,0.56,OK,0.10,3.00,1.46,OK,
[14:57:08] : Cycle start ON
[14:57:09] : Cycle start OFF
[14:57:14] : REQUEST MEAS. ON
[14:57:22] : REQUEST MEAS. OFF
[14:57:22] : end pos sig1 : 50.000000, 50.000000
[14:57:22] : 측정요구 ON 2
[14:57:29] : 측정요구 2OFF
[14:57:29] : end pos sig2 : -50.000000, -50.000000
[14:57:34] : 측정요구3 ON
[14:57:41] : 측정요구3 OFF
[14:57:41] : end pos sig3 : 50.000000, 50.000000
[14:57:41] : 측정요구4 ON
[14:57:49] : 측정요구4 OFF
[14:57:49] : end pos sig4 : -50.000000, -50.000000
[14:57:49] : 12,20190123-145750,AL19011933121,,OK,MAX,2, ,AUTO,0.10,3.00,0.57,OK,0.10,3.00,0.68,OK,0.10,3.00,0.90,OK,0.10,3.00,0.90,OK,
[14:58:03] : Cycle start ON
[14:58:05] : Cycle start OFF
[14:58:09] : REQUEST MEAS. ON
[14:58:17] : REQUEST MEAS. OFF
[14:58:17] : end pos sig1 : 50.000000, 50.000000
[14:58:17] : 측정요구 ON 2
[14:58:24] : 측정요구 2OFF
[14:58:24] : end pos sig2 : -50.000000, -50.000000
[14:58:29] : 측정요구3 ON
[14:58:36] : 측정요구3 OFF
[14:58:36] : end pos sig3 : 50.000000, 50.000000
[14:58:36] : 측정요구4 ON
[14:58:44] : 측정요구4 OFF
[14:58:44] : end pos sig4 : -50.000000, -50.000000
[14:58:44] : 12,20190123-145845,AL19011933141,,OK,MAX,2, ,AUTO,0.10,3.00,0.68,OK,0.10,3.00,0.46,OK,0.10,3.00,0.81,OK,0.10,3.00,1.00,OK,
[14:58:56] : Cycle start ON
[14:58:58] : Cycle start OFF
[14:59:02] : REQUEST MEAS. ON
[14:59:10] : REQUEST MEAS. OFF
[14:59:10] : end pos sig1 : 50.000000, 50.000000
[14:59:10] : 측정요구 ON 2
[14:59:18] : 측정요구 2OFF
[14:59:18] : end pos sig2 : -50.000000, -50.000000
[14:59:23] : 측정요구3 ON
[14:59:30] : 측정요구3 OFF
[14:59:30] : end pos sig3 : 50.000000, 50.000000
[14:59:30] : 측정요구4 ON
[14:59:37] : 측정요구4 OFF
[14:59:37] : end pos sig4 : -50.000000, -50.000000
[14:59:37] : 12,20190123-145938,AL19011933171,,OK,MAX,2, ,AUTO,0.10,3.00,0.61,OK,0.10,3.00,0.61,OK,0.10,3.00,0.51,OK,0.10,3.00,0.90,OK,
[15:04:46] : Cycle start ON
[15:04:47] : Cycle start OFF
[15:04:52] : REQUEST MEAS. ON
[15:05:00] : REQUEST MEAS. OFF
[15:05:00] : end pos sig1 : 50.000000, 50.000000
[15:05:00] : 측정요구 ON 2
[15:05:08] : 측정요구 2OFF
[15:05:08] : end pos sig2 : -50.000000, -50.000000
[15:05:13] : 측정요구3 ON
[15:05:20] : 측정요구3 OFF
[15:05:20] : end pos sig3 : 50.000000, 50.000000
[15:05:20] : 측정요구4 ON
[15:05:28] : 측정요구4 OFF
[15:05:28] : end pos sig4 : -50.000000, -50.000000
[15:05:28] : 12,20190123-150529,AL19011932601,,OK,MAX,2, ,AUTO,0.10,3.00,0.61,OK,0.10,3.00,0.49,OK,0.10,3.00,0.68,OK,0.10,3.00,0.81,OK,
[15:05:48] : Cycle start ON
[15:05:50] : Cycle start OFF
[15:05:55] : REQUEST MEAS. ON
[15:06:02] : REQUEST MEAS. OFF
[15:06:02] : end pos sig1 : 50.000000, 50.000000
[15:06:02] : 측정요구 ON 2
[15:06:09] : 측정요구 2OFF
[15:06:09] : end pos sig2 : -50.000000, -50.000000
[15:06:14] : 측정요구3 ON
[15:06:21] : 측정요구3 OFF
[15:06:21] : end pos sig3 : 50.000000, 50.000000
[15:06:21] : 측정요구4 ON
[15:06:29] : 측정요구4 OFF
[15:06:29] : end pos sig4 : -50.000000, -50.000000
[15:06:29] : 12,20190123-150630,AL19011932611,,OK,MAX,2, ,AUTO,0.10,3.00,0.61,OK,0.10,3.00,0.46,OK,0.10,3.00,0.66,OK,0.10,3.00,1.05,OK,
[15:06:41] : Cycle start ON
[15:06:43] : Cycle start OFF
[15:06:47] : REQUEST MEAS. ON
[15:06:55] : REQUEST MEAS. OFF
[15:06:55] : end pos sig1 : 50.000000, 50.000000
[15:06:55] : 측정요구 ON 2
[15:07:02] : 측정요구 2OFF
[15:07:02] : end pos sig2 : -50.000000, -50.000000
[15:07:07] : 측정요구3 ON
[15:07:14] : 측정요구3 OFF
[15:07:14] : end pos sig3 : 50.000000, 50.000000
[15:07:14] : 측정요구4 ON
[15:07:22] : 측정요구4 OFF
[15:07:22] : end pos sig4 : -50.000000, -50.000000
[15:07:22] : 12,20190123-150723,AL19011932501,,OK,MAX,2, ,AUTO,0.10,3.00,0.63,OK,0.10,3.00,0.43,OK,0.10,3.00,1.73,OK,0.10,3.00,0.85,OK,
[15:07:34] : Cycle start ON
[15:07:36] : Cycle start OFF
[15:07:40] : REQUEST MEAS. ON
[15:07:48] : REQUEST MEAS. OFF
[15:07:48] : end pos sig1 : 50.000000, 50.000000
[15:07:48] : 측정요구 ON 2
[15:07:55] : 측정요구 2OFF
[15:07:55] : end pos sig2 : -50.000000, -50.000000
[15:08:00] : 측정요구3 ON
[15:08:07] : 측정요구3 OFF
[15:08:07] : end pos sig3 : 50.000000, 50.000000
[15:08:07] : 측정요구4 ON
[15:08:15] : 측정요구4 OFF
[15:08:15] : end pos sig4 : -50.000000, -50.000000
[15:08:15] : 12,20190123-150816,AL19011932521,,OK,MAX,2, ,AUTO,0.10,3.00,0.61,OK,0.10,3.00,0.54,OK,0.10,3.00,0.66,OK,0.10,3.00,1.05,OK,
[15:08:27] : Cycle start ON
[15:08:28] : Cycle start OFF
[15:08:33] : REQUEST MEAS. ON
[15:08:41] : REQUEST MEAS. OFF
[15:08:41] : end pos sig1 : 50.000000, 50.000000
[15:08:41] : 측정요구 ON 2
[15:08:49] : 측정요구 2OFF
[15:08:49] : end pos sig2 : -50.000000, -50.000000
[15:08:53] : 측정요구3 ON
[15:09:00] : 측정요구3 OFF
[15:09:00] : end pos sig3 : 50.000000, 50.000000
[15:09:00] : 측정요구4 ON
[15:09:08] : 측정요구4 OFF
[15:09:08] : end pos sig4 : -50.000000, -50.000000
[15:09:08] : 12,20190123-150909,AL19011932541,,OK,MAX,2, ,AUTO,0.10,3.00,0.63,OK,0.10,3.00,0.54,OK,0.10,3.00,0.46,OK,0.10,3.00,0.85,OK,
[15:09:22] : Cycle start ON
[15:09:23] : Cycle start OFF
[15:09:28] : REQUEST MEAS. ON
[15:09:35] : REQUEST MEAS. OFF
[15:09:35] : end pos sig1 : 50.000000, 50.000000
[15:09:35] : 측정요구 ON 2
[15:09:43] : 측정요구 2OFF
[15:09:43] : end pos sig2 : -50.000000, -50.000000
[15:09:48] : 측정요구3 ON
[15:09:55] : 측정요구3 OFF
[15:09:55] : end pos sig3 : 50.000000, 50.000000
[15:09:55] : 측정요구4 ON
[15:10:03] : 측정요구4 OFF
[15:10:03] : end pos sig4 : -50.000000, -50.000000
[15:10:03] : 12,20190123-151004,AL19011930121,,OK,MAX,2, ,AUTO,0.10,3.00,0.78,OK,0.10,3.00,0.68,OK,0.10,3.00,0.51,OK,0.10,3.00,1.10,OK,
[15:10:15] : Cycle start ON
[15:10:16] : Cycle start OFF
[15:10:21] : REQUEST MEAS. ON
[15:10:29] : REQUEST MEAS. OFF
[15:10:29] : end pos sig1 : 50.000000, 50.000000
[15:10:29] : 측정요구 ON 2
[15:10:36] : 측정요구 2OFF
[15:10:36] : end pos sig2 : -50.000000, -50.000000
[15:10:41] : 측정요구3 ON
[15:10:48] : 측정요구3 OFF
[15:10:48] : end pos sig3 : 50.000000, 50.000000
[15:10:48] : 측정요구4 ON
[15:10:56] : 측정요구4 OFF
[15:10:56] : end pos sig4 : -50.000000, -50.000000
[15:10:56] : 12,20190123-151057,AL19011930141,,OK,MAX,2, ,AUTO,0.10,3.00,1.07,OK,0.10,3.00,0.73,OK,0.10,3.00,0.59,OK,0.10,3.00,1.59,OK,
[15:11:10] : Cycle start ON
[15:11:12] : Cycle start OFF
[15:11:16] : REQUEST MEAS. ON
[15:11:24] : REQUEST MEAS. OFF
[15:11:24] : end pos sig1 : 50.000000, 50.000000
[15:11:24] : 측정요구 ON 2
[15:11:32] : 측정요구 2OFF
[15:11:32] : end pos sig2 : -50.000000, -50.000000
[15:11:36] : 측정요구3 ON
[15:11:43] : 측정요구3 OFF
[15:11:43] : end pos sig3 : 50.000000, 50.000000
[15:11:43] : 측정요구4 ON
[15:11:51] : 측정요구4 OFF
[15:11:51] : end pos sig4 : -50.000000, -50.000000
[15:11:51] : 12,20190123-151152,AL19011930161,,OK,MAX,2, ,AUTO,0.10,3.00,0.68,OK,0.10,3.00,0.59,OK,0.10,3.00,0.95,OK,0.10,3.00,1.10,OK,
[15:12:05] : Cycle start ON
[15:12:06] : Cycle start OFF
[15:12:11] : REQUEST MEAS. ON
[15:12:18] : REQUEST MEAS. OFF
[15:12:18] : end pos sig1 : 50.000000, 50.000000
[15:12:18] : 측정요구 ON 2
[15:12:26] : 측정요구 2OFF
[15:12:26] : end pos sig2 : -50.000000, -50.000000
[15:12:31] : 측정요구3 ON
[15:12:38] : 측정요구3 OFF
[15:12:38] : end pos sig3 : 50.000000, 50.000000
[15:12:38] : 측정요구4 ON
[15:12:46] : 측정요구4 OFF
[15:12:46] : end pos sig4 : -50.000000, -50.000000
[15:12:47] : 12,20190123-151247,AL19011930201,,OK,MAX,2, ,AUTO,0.10,3.00,0.90,OK,0.10,3.00,0.62,OK,0.10,3.00,0.63,OK,0.10,3.00,0.85,OK,
[15:13:00] : Cycle start ON
[15:13:01] : Cycle start OFF
[15:13:06] : REQUEST MEAS. ON
[15:13:13] : REQUEST MEAS. OFF
[15:13:13] : end pos sig1 : 50.000000, 50.000000
[15:13:13] : 측정요구 ON 2
[15:13:21] : 측정요구 2OFF
[15:13:21] : end pos sig2 : -50.000000, -50.000000
[15:13:26] : 측정요구3 ON
[15:13:33] : 측정요구3 OFF
[15:13:33] : end pos sig3 : 50.000000, 50.000000
[15:13:33] : 측정요구4 ON
[15:13:40] : 측정요구4 OFF
[15:13:40] : end pos sig4 : -50.000000, -50.000000
[15:13:40] : 12,20190123-151341,AL19011930211,,OK,MAX,2, ,AUTO,0.10,3.00,0.93,OK,0.10,3.00,0.68,OK,0.10,3.00,0.76,OK,0.10,3.00,0.90,OK,
[15:13:55] : Cycle start ON
[15:13:56] : Cycle start OFF
[15:14:01] : REQUEST MEAS. ON
[15:14:09] : REQUEST MEAS. OFF
[15:14:09] : end pos sig1 : 50.000000, 50.000000
[15:14:09] : 측정요구 ON 2
[15:14:16] : 측정요구 2OFF
[15:14:16] : end pos sig2 : -50.000000, -50.000000
[15:14:21] : 측정요구3 ON
[15:14:28] : 측정요구3 OFF
[15:14:28] : end pos sig3 : 50.000000, 50.000000
[15:14:29] : 측정요구4 ON
[15:14:36] : 측정요구4 OFF
[15:14:36] : end pos sig4 : -50.000000, -50.000000
[15:14:36] : 12,20190123-151436,AL19011932291,,OK,MAX,2, ,AUTO,0.10,3.00,0.78,OK,0.10,3.00,0.73,OK,0.10,3.00,0.55,OK,0.10,3.00,0.81,OK,
[15:14:48] : Cycle start ON
[15:14:50] : Cycle start OFF
[15:14:55] : REQUEST MEAS. ON
[15:15:02] : REQUEST MEAS. OFF
[15:15:02] : end pos sig1 : 50.000000, 50.000000
[15:15:02] : 측정요구 ON 2
[15:15:09] : 측정요구 2OFF
[15:15:09] : end pos sig2 : -50.000000, -50.000000
[15:15:14] : 측정요구3 ON
[15:15:21] : 측정요구3 OFF
[15:15:21] : end pos sig3 : 50.000000, 50.000000
[15:15:21] : 측정요구4 ON
[15:15:29] : 측정요구4 OFF
[15:15:29] : end pos sig4 : -50.000000, -50.000000
[15:15:30] : 12,20190123-151530,AL19011932111,,OK,MAX,2, ,AUTO,0.10,3.00,0.93,OK,0.10,3.00,0.63,OK,0.10,3.00,0.56,OK,0.10,3.00,0.71,OK,
[15:15:41] : Cycle start ON
[15:15:43] : Cycle start OFF
[15:15:47] : REQUEST MEAS. ON
[15:15:55] : REQUEST MEAS. OFF
[15:15:55] : end pos sig1 : 50.000000, 50.000000
[15:15:55] : 측정요구 ON 2
[15:16:03] : 측정요구 2OFF
[15:16:03] : end pos sig2 : -50.000000, -50.000000
[15:16:07] : 측정요구3 ON
[15:16:14] : 측정요구3 OFF
[15:16:14] : end pos sig3 : 50.000000, 50.000000
[15:16:14] : 측정요구4 ON
[15:16:22] : 측정요구4 OFF
[15:16:22] : end pos sig4 : -50.000000, -50.000000
[15:16:22] : 12,20190123-151623,AL19011932281,,OK,MAX,2, ,AUTO,0.10,3.00,0.78,OK,0.10,3.00,0.59,OK,0.10,3.00,0.51,OK,0.10,3.00,0.63,OK,
[15:16:37] : Cycle start ON
[15:16:39] : Cycle start OFF
[15:16:43] : REQUEST MEAS. ON
[15:16:51] : REQUEST MEAS. OFF
[15:16:51] : end pos sig1 : 50.000000, 50.000000
[15:16:51] : 측정요구 ON 2
[15:16:58] : 측정요구 2OFF
[15:16:58] : end pos sig2 : -50.000000, -50.000000
[15:17:03] : 측정요구3 ON
[15:17:10] : 측정요구3 OFF
[15:17:10] : end pos sig3 : 50.000000, 50.000000
[15:17:10] : 측정요구4 ON
[15:17:18] : 측정요구4 OFF
[15:17:18] : end pos sig4 : -50.000000, -50.000000
[15:17:18] : 12,20190123-151719,AL19011932341,,OK,MAX,2, ,AUTO,0.10,3.00,0.78,OK,0.10,3.00,0.73,OK,0.10,3.00,0.56,OK,0.10,3.00,0.76,OK,
[15:17:32] : Cycle start ON
[15:17:33] : Cycle start OFF
[15:17:38] : REQUEST MEAS. ON
[15:17:46] : REQUEST MEAS. OFF
[15:17:46] : end pos sig1 : 50.000000, 50.000000
[15:17:46] : 측정요구 ON 2
[15:17:53] : 측정요구 2OFF
[15:17:53] : end pos sig2 : -50.000000, -50.000000
[15:17:58] : 측정요구3 ON
[15:18:05] : 측정요구3 OFF
[15:18:05] : end pos sig3 : 50.000000, 50.000000
[15:18:05] : 측정요구4 ON
[15:18:13] : 측정요구4 OFF
[15:18:13] : end pos sig4 : -50.000000, -50.000000
[15:18:13] : 12,20190123-151814,AL19011932311,,OK,MAX,2, ,AUTO,0.10,3.00,1.03,OK,0.10,3.00,0.68,OK,0.10,3.00,0.46,OK,0.10,3.00,0.90,OK,
[15:18:27] : Cycle start ON
[15:18:28] : Cycle start OFF
[15:18:33] : REQUEST MEAS. ON
[15:18:40] : REQUEST MEAS. OFF
[15:18:40] : end pos sig1 : 50.000000, 50.000000
[15:18:41] : 측정요구 ON 2
[15:18:48] : 측정요구 2OFF
[15:18:48] : end pos sig2 : -50.000000, -50.000000
[15:18:53] : 측정요구3 ON
[15:19:00] : 측정요구3 OFF
[15:19:00] : end pos sig3 : 50.000000, 50.000000
[15:19:00] : 측정요구4 ON
[15:19:07] : 측정요구4 OFF
[15:19:07] : end pos sig4 : -50.000000, -50.000000
[15:19:07] : 12,20190123-151908,AL19011930271,,OK,MAX,2, ,AUTO,0.10,3.00,0.68,OK,0.10,3.00,0.83,OK,0.10,3.00,0.73,OK,0.10,3.00,1.29,OK,
[15:19:21] : Cycle start ON
[15:19:22] : Cycle start OFF
[15:19:27] : REQUEST MEAS. ON
[15:19:34] : REQUEST MEAS. OFF
[15:19:34] : end pos sig1 : 50.000000, 50.000000
[15:19:34] : 측정요구 ON 2
[15:19:42] : 측정요구 2OFF
[15:19:42] : end pos sig2 : -50.000000, -50.000000
[15:19:47] : 측정요구3 ON
[15:19:54] : 측정요구3 OFF
[15:19:54] : end pos sig3 : 50.000000, 50.000000
[15:19:54] : 측정요구4 ON
[15:20:02] : 측정요구4 OFF
[15:20:02] : end pos sig4 : -50.000000, -50.000000
[15:20:03] : 12,20190123-152003,AL19011930331,,OK,MAX,2, ,AUTO,0.10,3.00,0.78,OK,0.10,3.00,0.63,OK,0.10,3.00,1.10,OK,0.10,3.00,1.15,OK,
[15:20:14] : Cycle start ON
[15:20:16] : Cycle start OFF
[15:20:20] : REQUEST MEAS. ON
[15:20:28] : REQUEST MEAS. OFF
[15:20:28] : end pos sig1 : 50.000000, 50.000000
[15:20:28] : 측정요구 ON 2
[15:20:35] : 측정요구 2OFF
[15:20:35] : end pos sig2 : -50.000000, -50.000000
[15:20:40] : 측정요구3 ON
[15:20:47] : 측정요구3 OFF
[15:20:47] : end pos sig3 : 50.000000, 50.000000
[15:20:47] : 측정요구4 ON
[15:20:55] : 측정요구4 OFF
[15:20:55] : end pos sig4 : -50.000000, -50.000000
[15:20:55] : 12,20190123-152056,AL19011930371,,OK,MAX,2, ,AUTO,0.10,3.00,0.98,OK,0.10,3.00,0.68,OK,0.10,3.00,0.78,OK,0.10,3.00,0.95,OK,
[15:21:10] : Cycle start ON
[15:21:11] : Cycle start OFF
[15:21:16] : REQUEST MEAS. ON
[15:21:23] : REQUEST MEAS. OFF
[15:21:23] : end pos sig1 : 50.000000, 50.000000
[15:21:23] : 측정요구 ON 2
[15:21:31] : 측정요구 2OFF
[15:21:31] : end pos sig2 : -50.000000, -50.000000
[15:21:36] : 측정요구3 ON
[15:21:43] : 측정요구3 OFF
[15:21:43] : end pos sig3 : 50.000000, 50.000000
[15:21:43] : 측정요구4 ON
[15:21:51] : 측정요구4 OFF
[15:21:51] : end pos sig4 : -50.000000, -50.000000
[15:21:51] : 12,20190123-152152,AL19011930381,,OK,MAX,2, ,AUTO,0.10,3.00,1.05,OK,0.10,3.00,0.68,OK,0.10,3.00,0.71,OK,0.10,3.00,1.83,OK,
[15:22:05] : Cycle start ON
[15:22:06] : Cycle start OFF
[15:22:11] : REQUEST MEAS. ON
[15:22:18] : REQUEST MEAS. OFF
[15:22:18] : end pos sig1 : 50.000000, 50.000000
[15:22:18] : 측정요구 ON 2
[15:22:26] : 측정요구 2OFF
[15:22:26] : end pos sig2 : -50.000000, -50.000000
[15:22:30] : 측정요구3 ON
[15:22:37] : 측정요구3 OFF
[15:22:37] : end pos sig3 : 50.000000, 50.000000
[15:22:37] : 측정요구4 ON
[15:22:45] : 측정요구4 OFF
[15:22:45] : end pos sig4 : -50.000000, -50.000000
[15:22:45] : 12,20190123-152246,AL19011930401,,OK,MAX,2, ,AUTO,0.10,3.00,0.78,OK,0.10,3.00,0.56,OK,0.10,3.00,0.50,OK,0.10,3.00,1.29,OK,
[15:22:59] : Cycle start ON
[15:23:00] : Cycle start OFF
[15:23:05] : REQUEST MEAS. ON
[15:23:13] : REQUEST MEAS. OFF
[15:23:13] : end pos sig1 : 50.000000, 50.000000
[15:23:13] : 측정요구 ON 2
[15:23:20] : 측정요구 2OFF
[15:23:20] : end pos sig2 : -50.000000, -50.000000
[15:23:25] : 측정요구3 ON
[15:23:32] : 측정요구3 OFF
[15:23:32] : end pos sig3 : 50.000000, 50.000000
[15:23:32] : 측정요구4 ON
[15:23:40] : 측정요구4 OFF
[15:23:40] : end pos sig4 : -50.000000, -50.000000
[15:23:40] : 12,20190123-152341,AL19011930821,,OK,MAX,2, ,AUTO,0.10,3.00,0.93,OK,0.10,3.00,0.83,OK,0.10,3.00,0.59,OK,0.10,3.00,0.76,OK,
[15:23:54] : Cycle start ON
[15:23:55] : Cycle start OFF
[15:24:00] : REQUEST MEAS. ON
[15:24:07] : REQUEST MEAS. OFF
[15:24:07] : end pos sig1 : 50.000000, 50.000000
[15:24:07] : 측정요구 ON 2
[15:24:15] : 측정요구 2OFF
[15:24:15] : end pos sig2 : -50.000000, -50.000000
[15:24:20] : 측정요구3 ON
[15:24:27] : 측정요구3 OFF
[15:24:27] : end pos sig3 : 50.000000, 50.000000
[15:24:27] : 측정요구4 ON
[15:24:35] : 측정요구4 OFF
[15:24:35] : end pos sig4 : -50.000000, -50.000000
[15:24:35] : 12,20190123-152436,AL19011930841,,OK,MAX,2, ,AUTO,0.10,3.00,0.73,OK,0.10,3.00,0.63,OK,0.10,3.00,0.73,OK,0.10,3.00,0.78,OK,
[15:24:49] : Cycle start ON
[15:24:50] : Cycle start OFF
[15:24:55] : REQUEST MEAS. ON
[15:25:02] : REQUEST MEAS. OFF
[15:25:02] : end pos sig1 : 50.000000, 50.000000
[15:25:02] : 측정요구 ON 2
[15:25:10] : 측정요구 2OFF
[15:25:10] : end pos sig2 : -50.000000, -50.000000
[15:25:15] : 측정요구3 ON
[15:25:22] : 측정요구3 OFF
[15:25:22] : end pos sig3 : 50.000000, 50.000000
[15:25:22] : 측정요구4 ON
[15:25:30] : 측정요구4 OFF
[15:25:30] : end pos sig4 : -50.000000, -50.000000
[15:25:30] : 12,20190123-152530,AL19011930881,,OK,MAX,2, ,AUTO,0.10,3.00,0.63,OK,0.10,3.00,1.59,OK,0.10,3.00,0.71,OK,0.10,3.00,0.68,OK,
[15:25:36] : AUTO RUNNING OFF
[15:26:58] : MEAS ESC ON
[15:26:59] : MEAS ESC OFF
[15:26:59] : AUTO RUNNING ON
[15:27:33] : Cycle start ON
[15:27:34] : Cycle start OFF
[15:27:39] : REQUEST MEAS. ON
[15:27:47] : REQUEST MEAS. OFF
[15:27:47] : end pos sig1 : 50.000000, 50.000000
[15:27:47] : 측정요구 ON 2
[15:27:54] : 측정요구 2OFF
[15:27:54] : end pos sig2 : -50.000000, -50.000000
[15:27:59] : 측정요구3 ON
[15:28:06] : 측정요구3 OFF
[15:28:06] : end pos sig3 : 50.000000, 50.000000
[15:28:06] : 측정요구4 ON
[15:28:14] : 측정요구4 OFF
[15:28:14] : end pos sig4 : -50.000000, -50.000000
[15:28:14] : 12,20190123-152815,AL19011930861,,OK,MAX,2, ,AUTO,0.10,3.00,0.83,OK,0.10,3.00,0.63,OK,0.10,3.00,0.46,OK,0.10,3.00,1.16,OK,
[15:28:33] : Cycle start ON
[15:28:35] : Cycle start OFF
[15:28:40] : REQUEST MEAS. ON
[15:28:47] : REQUEST MEAS. OFF
[15:28:47] : end pos sig1 : 50.000000, 50.000000
[15:28:47] : 측정요구 ON 2
[15:28:54] : 측정요구 2OFF
[15:28:54] : end pos sig2 : -50.000000, -50.000000
[15:28:59] : 측정요구3 ON
[15:29:06] : 측정요구3 OFF
[15:29:06] : end pos sig3 : 50.000000, 50.000000
[15:29:06] : 측정요구4 ON
[15:29:14] : 측정요구4 OFF
[15:29:14] : end pos sig4 : -50.000000, -50.000000
[15:29:14] : 12,20190123-152915,AL19011930851,,OK,MAX,2, ,AUTO,0.10,3.00,0.78,OK,0.10,3.00,0.59,OK,0.10,3.00,0.93,OK,0.10,3.00,0.71,OK,
[15:29:26] : Cycle start ON
[15:29:28] : Cycle start OFF
[15:29:32] : REQUEST MEAS. ON
[15:29:40] : REQUEST MEAS. OFF
[15:29:40] : end pos sig1 : 50.000000, 50.000000
[15:29:40] : 측정요구 ON 2
[15:29:47] : 측정요구 2OFF
[15:29:47] : end pos sig2 : -50.000000, -50.000000
[15:29:52] : 측정요구3 ON
[15:29:59] : 측정요구3 OFF
[15:29:59] : end pos sig3 : 50.000000, 50.000000
[15:29:59] : 측정요구4 ON
[15:30:07] : 측정요구4 OFF
[15:30:07] : end pos sig4 : -50.000000, -50.000000
[15:30:07] : 12,20190123-153008,AL19011932151,,OK,MAX,2, ,AUTO,0.10,3.00,0.73,OK,0.10,3.00,0.63,OK,0.10,3.00,0.59,OK,0.10,3.00,0.76,OK,
[15:30:19] : Cycle start ON
[15:30:21] : Cycle start OFF
[15:30:26] : REQUEST MEAS. ON
[15:30:33] : REQUEST MEAS. OFF
[15:30:33] : end pos sig1 : 50.000000, 50.000000
[15:30:33] : 측정요구 ON 2
[15:30:40] : 측정요구 2OFF
[15:30:40] : end pos sig2 : -50.000000, -50.000000
[15:30:45] : 측정요구3 ON
[15:30:52] : 측정요구3 OFF
[15:30:52] : end pos sig3 : 50.000000, 50.000000
[15:30:52] : 측정요구4 ON
[15:31:00] : 측정요구4 OFF
[15:31:00] : end pos sig4 : -50.000000, -50.000000
[15:31:00] : 12,20190123-153101,AL19011932171,,OK,MAX,2, ,AUTO,0.10,3.00,0.68,OK,0.10,3.00,0.54,OK,0.10,3.00,0.59,OK,0.10,3.00,1.00,OK,
[15:31:12] : Cycle start ON
[15:31:14] : Cycle start OFF
[15:31:18] : REQUEST MEAS. ON
[15:31:26] : REQUEST MEAS. OFF
[15:31:26] : end pos sig1 : 50.000000, 50.000000
[15:31:26] : 측정요구 ON 2
[15:31:33] : 측정요구 2OFF
[15:31:33] : end pos sig2 : -46.980000, -50.000000
[15:31:38] : 측정요구3 ON
[15:31:45] : 측정요구3 OFF
[15:31:45] : end pos sig3 : 50.000000, 50.000000
[15:31:45] : 측정요구4 ON
[15:31:54] : 측정요구4 OFF
[15:31:54] : end pos sig4 : -50.000000, -50.000000
[15:31:54] : 12,20190123-153154,AL19011932191,,OK,MAX,2, ,AUTO,0.10,3.00,0.68,OK,0.10,3.00,0.63,OK,0.10,3.00,0.51,OK,0.10,3.00,0.90,OK,
[15:32:07] : Cycle start ON
[15:32:08] : Cycle start OFF
[15:32:13] : REQUEST MEAS. ON
[15:32:21] : REQUEST MEAS. OFF
[15:32:21] : end pos sig1 : 50.000000, 50.000000
[15:32:21] : 측정요구 ON 2
[15:32:28] : 측정요구 2OFF
[15:32:28] : end pos sig2 : -50.000000, -50.000000
[15:32:33] : 측정요구3 ON
[15:32:40] : 측정요구3 OFF
[15:32:40] : end pos sig3 : 50.000000, 50.000000
[15:32:40] : 측정요구4 ON
[15:32:48] : 측정요구4 OFF
[15:32:48] : end pos sig4 : -50.000000, -50.000000
[15:32:48] : 12,20190123-153249,,,OK,MAX,2, ,AUTO,0.10,3.00,1.00,OK,0.10,3.00,0.63,OK,0.10,3.00,0.71,OK,0.10,3.00,1.15,OK,
[15:33:00] : Cycle start ON
[15:33:02] : Cycle start OFF
[15:33:07] : REQUEST MEAS. ON
[15:33:14] : REQUEST MEAS. OFF
[15:33:14] : end pos sig1 : 50.000000, 50.000000
[15:33:14] : 측정요구 ON 2
[15:33:22] : 측정요구 2OFF
[15:33:22] : end pos sig2 : -50.000000, -50.000000
[15:33:27] : 측정요구3 ON
[15:33:34] : 측정요구3 OFF
[15:33:34] : end pos sig3 : 50.000000, 50.000000
[15:33:34] : 측정요구4 ON
[15:33:42] : 측정요구4 OFF
[15:33:42] : end pos sig4 : -50.000000, -50.000000
[15:33:42] : 12,20190123-153343,AL19011932241,,OK,MAX,2, ,AUTO,0.10,3.00,1.15,OK,0.10,3.00,0.68,OK,0.10,3.00,0.61,OK,0.10,3.00,0.56,OK,
[15:33:56] : Cycle start ON
[15:33:57] : Cycle start OFF
[15:34:02] : REQUEST MEAS. ON
[15:34:09] : REQUEST MEAS. OFF
[15:34:09] : end pos sig1 : 50.000000, 50.000000
[15:34:09] : 측정요구 ON 2
[15:34:16] : 측정요구 2OFF
[15:34:16] : end pos sig2 : -50.000000, -50.000000
[15:34:21] : 측정요구3 ON
[15:34:28] : 측정요구3 OFF
[15:34:28] : end pos sig3 : 50.000000, 50.000000
[15:34:29] : 측정요구4 ON
[15:34:36] : 측정요구4 OFF
[15:34:36] : end pos sig4 : -50.000000, -50.000000
[15:34:36] : 12,20190123-153437,AL19011932691,,OK,MAX,2, ,AUTO,0.10,3.00,0.98,OK,0.10,3.00,0.73,OK,0.10,3.00,0.46,OK,0.10,3.00,0.59,OK,
[15:34:48] : Cycle start ON
[15:34:50] : Cycle start OFF
[15:34:55] : REQUEST MEAS. ON
[15:35:02] : REQUEST MEAS. OFF
[15:35:02] : end pos sig1 : 50.000000, 50.000000
[15:35:02] : 측정요구 ON 2
[15:35:10] : 측정요구 2OFF
[15:35:10] : end pos sig2 : -50.000000, -50.000000
[15:35:14] : 측정요구3 ON
[15:35:21] : 측정요구3 OFF
[15:35:21] : end pos sig3 : 50.000000, 50.000000
[15:35:21] : 측정요구4 ON
[15:35:29] : 측정요구4 OFF
[15:35:29] : end pos sig4 : -50.000000, -50.000000
[15:35:29] : 12,20190123-153530,AL19011932671,,OK,MAX,2, ,AUTO,0.10,3.00,0.73,OK,0.10,3.00,0.68,OK,0.10,3.00,0.85,OK,0.10,3.00,0.79,OK,
[15:35:43] : Cycle start ON
[15:35:45] : Cycle start OFF
[15:35:50] : REQUEST MEAS. ON
[15:35:57] : REQUEST MEAS. OFF
[15:35:57] : end pos sig1 : 50.000000, 50.000000
[15:35:57] : 측정요구 ON 2
[15:36:05] : 측정요구 2OFF
[15:36:05] : end pos sig2 : -50.000000, -50.000000
[15:36:10] : 측정요구3 ON
[15:36:17] : 측정요구3 OFF
[15:36:17] : end pos sig3 : 50.000000, 50.000000
[15:36:17] : 측정요구4 ON
[15:36:25] : 측정요구4 OFF
[15:36:25] : end pos sig4 : -50.000000, -50.000000
[15:36:26] : 12,20190123-153626,AL19011932861,,OK,MAX,2, ,AUTO,0.10,3.00,0.98,OK,0.10,3.00,0.54,OK,0.10,3.00,0.51,OK,0.10,3.00,0.68,OK,
[15:36:39] : Cycle start ON
[15:36:40] : Cycle start OFF
[15:36:45] : REQUEST MEAS. ON
[15:36:52] : REQUEST MEAS. OFF
[15:36:52] : end pos sig1 : 50.000000, 50.000000
[15:36:53] : 측정요구 ON 2
[15:37:00] : 측정요구 2OFF
[15:37:00] : end pos sig2 : -50.000000, -50.000000
[15:37:05] : 측정요구3 ON
[15:37:12] : 측정요구3 OFF
[15:37:12] : end pos sig3 : 50.000000, 50.000000
[15:37:12] : 측정요구4 ON
[15:37:20] : 측정요구4 OFF
[15:37:20] : end pos sig4 : -50.000000, -50.000000
[15:37:20] : 12,20190123-153721,AL19011932751,,OK,MAX,2, ,AUTO,0.10,3.00,1.00,OK,0.10,3.00,0.68,OK,0.10,3.00,0.66,OK,0.10,3.00,0.81,OK,
[15:37:34] : Cycle start ON
[15:37:35] : Cycle start OFF
[15:37:40] : REQUEST MEAS. ON
[15:37:47] : REQUEST MEAS. OFF
[15:37:47] : end pos sig1 : 50.000000, 50.000000
[15:37:47] : 측정요구 ON 2
[15:37:55] : 측정요구 2OFF
[15:37:55] : end pos sig2 : -50.000000, -50.000000
[15:37:59] : 측정요구3 ON
[15:38:06] : 측정요구3 OFF
[15:38:06] : end pos sig3 : 50.000000, 50.000000
[15:38:06] : 측정요구4 ON
[15:38:14] : 측정요구4 OFF
[15:38:14] : end pos sig4 : -47.040000, -50.000000
[15:38:15] : 12,20190123-153815,AL19011932721,,OK,MAX,2, ,AUTO,0.10,3.00,0.88,OK,0.10,3.00,0.66,OK,0.10,3.00,0.76,OK,0.10,3.00,0.81,OK,
[15:38:28] : Cycle start ON
[15:38:29] : Cycle start OFF
[15:38:34] : REQUEST MEAS. ON
[15:38:41] : REQUEST MEAS. OFF
[15:38:41] : end pos sig1 : 50.000000, 50.000000
[15:38:42] : 측정요구 ON 2
[15:38:49] : 측정요구 2OFF
[15:38:49] : end pos sig2 : -50.000000, -50.000000
[15:38:54] : 측정요구3 ON
[15:39:01] : 측정요구3 OFF
[15:39:01] : end pos sig3 : 50.000000, 50.000000
[15:39:01] : 측정요구4 ON
[15:39:09] : 측정요구4 OFF
[15:39:09] : end pos sig4 : -50.000000, -50.000000
[15:39:09] : 12,20190123-153910,AL19012132223,,OK,MAX,2, ,AUTO,0.10,3.00,0.73,OK,0.10,3.00,1.05,OK,0.10,3.00,0.95,OK,0.10,3.00,0.81,OK,
[15:39:21] : Cycle start ON
[15:39:23] : Cycle start OFF
[15:39:28] : REQUEST MEAS. ON
[15:39:35] : REQUEST MEAS. OFF
[15:39:35] : end pos sig1 : 50.000000, 50.000000
[15:39:35] : 측정요구 ON 2
[15:39:43] : 측정요구 2OFF
[15:39:43] : end pos sig2 : -50.000000, -50.000000
[15:39:48] : 측정요구3 ON
[15:39:55] : 측정요구3 OFF
[15:39:55] : end pos sig3 : 50.000000, 50.000000
[15:39:55] : 측정요구4 ON
[15:40:02] : 측정요구4 OFF
[15:40:02] : end pos sig4 : -50.000000, -50.000000
[15:40:02] : 12,20190123-154003,AL19012132253,,OK,MAX,2, ,AUTO,0.10,3.00,1.12,OK,0.10,3.00,0.78,OK,0.10,3.00,0.50,OK,0.10,3.00,0.95,OK,
[15:40:17] : Cycle start ON
[15:40:19] : Cycle start OFF
[15:40:23] : REQUEST MEAS. ON
[15:40:31] : REQUEST MEAS. OFF
[15:40:31] : end pos sig1 : 50.000000, 50.000000
[15:40:31] : 측정요구 ON 2
[15:40:38] : 측정요구 2OFF
[15:40:38] : end pos sig2 : -50.000000, -50.000000
[15:40:43] : 측정요구3 ON
[15:40:50] : 측정요구3 OFF
[15:40:50] : end pos sig3 : 50.000000, 50.000000
[15:40:50] : 측정요구4 ON
[15:40:58] : 측정요구4 OFF
[15:40:58] : end pos sig4 : -50.000000, -50.000000
[15:40:58] : 12,20190123-154058,AL19012132273,,OK,MAX,2, ,AUTO,0.10,3.00,1.25,OK,0.10,3.00,1.25,OK,0.10,3.00,0.61,OK,0.10,3.00,0.85,OK,
[15:41:09] : Cycle start ON
[15:41:11] : Cycle start OFF
[15:41:15] : REQUEST MEAS. ON
[15:41:23] : REQUEST MEAS. OFF
[15:41:23] : end pos sig1 : 50.000000, 50.000000
[15:41:23] : 측정요구 ON 2
[15:41:31] : 측정요구 2OFF
[15:41:31] : end pos sig2 : -50.000000, -50.000000
[15:41:36] : 측정요구3 ON
[15:41:43] : 측정요구3 OFF
[15:41:43] : end pos sig3 : 50.000000, 50.000000
[15:41:43] : 측정요구4 ON
[15:41:50] : 측정요구4 OFF
[15:41:50] : end pos sig4 : -50.000000, -50.000000
[15:41:50] : 12,20190123-154151,AL19012132293,,OK,MAX,2, ,AUTO,0.10,3.00,0.93,OK,0.10,3.00,1.34,OK,0.10,3.00,0.83,OK,0.10,3.00,0.90,OK,
[15:42:05] : Cycle start ON
[15:42:06] : Cycle start OFF
[15:42:11] : REQUEST MEAS. ON
[15:42:18] : REQUEST MEAS. OFF
[15:42:18] : end pos sig1 : 50.000000, 50.000000
[15:42:18] : 측정요구 ON 2
[15:42:26] : 측정요구 2OFF
[15:42:26] : end pos sig2 : -50.000000, -50.000000
[15:42:31] : 측정요구3 ON
[15:42:38] : 측정요구3 OFF
[15:42:38] : end pos sig3 : 50.000000, 50.000000
[15:42:38] : 측정요구4 ON
[15:42:46] : 측정요구4 OFF
[15:42:46] : end pos sig4 : -50.000000, -50.000000
[15:42:46] : 12,20190123-154247,AL19012132323,,OK,MAX,2, ,AUTO,0.10,3.00,0.98,OK,0.10,3.00,0.99,OK,0.10,3.00,0.56,OK,0.10,3.00,0.89,OK,
[15:43:00] : Cycle start ON
[15:43:01] : Cycle start OFF
[15:43:06] : REQUEST MEAS. ON
[15:43:14] : REQUEST MEAS. OFF
[15:43:14] : end pos sig1 : 50.000000, 50.000000
[15:43:14] : 측정요구 ON 2
[15:43:21] : 측정요구 2OFF
[15:43:21] : end pos sig2 : -50.000000, -50.000000
[15:43:26] : 측정요구3 ON
[15:43:33] : 측정요구3 OFF
[15:43:33] : end pos sig3 : 50.000000, 50.000000
[15:43:33] : 측정요구4 ON
[15:43:41] : 측정요구4 OFF
[15:43:41] : end pos sig4 : -50.000000, -50.000000
[15:43:41] : 12,20190123-154342,AL19012132123,,OK,MAX,2, ,AUTO,0.10,3.00,0.73,OK,0.10,3.00,0.83,OK,0.10,3.00,0.66,OK,0.10,3.00,0.85,OK,
[15:43:55] : Cycle start ON
[15:43:56] : Cycle start OFF
[15:44:01] : REQUEST MEAS. ON
[15:44:09] : REQUEST MEAS. OFF
[15:44:09] : end pos sig1 : 50.000000, 50.000000
[15:44:09] : 측정요구 ON 2
[15:44:16] : 측정요구 2OFF
[15:44:16] : end pos sig2 : -50.000000, -50.000000
[15:44:21] : 측정요구3 ON
[15:44:28] : 측정요구3 OFF
[15:44:28] : end pos sig3 : 50.000000, 50.000000
[15:44:28] : 측정요구4 ON
[15:44:36] : 측정요구4 OFF
[15:44:36] : end pos sig4 : -50.000000, -50.000000
[15:44:36] : 12,20190123-154437,AL19012132143,,OK,MAX,2, ,AUTO,0.10,3.00,0.68,OK,0.10,3.00,2.00,OK,0.10,3.00,0.59,OK,0.10,3.00,0.63,OK,
[15:44:50] : Cycle start ON
[15:44:52] : Cycle start OFF
[15:44:57] : REQUEST MEAS. ON
[15:45:04] : REQUEST MEAS. OFF
[15:45:04] : end pos sig1 : 50.000000, 50.000000
[15:45:04] : 측정요구 ON 2
[15:45:11] : 측정요구 2OFF
[15:45:11] : end pos sig2 : -50.000000, -50.000000
[15:45:16] : 측정요구3 ON
[15:45:23] : 측정요구3 OFF
[15:45:23] : end pos sig3 : 50.000000, 50.000000
[15:45:23] : 측정요구4 ON
[15:45:31] : 측정요구4 OFF
[15:45:31] : end pos sig4 : -50.000000, -50.000000
[15:45:31] : 12,20190123-154532,AL19012132193,,OK,MAX,2, ,AUTO,0.10,3.00,0.88,OK,0.10,3.00,1.10,OK,0.10,3.00,0.73,OK,0.10,3.00,0.95,OK,
[15:45:45] : Cycle start ON
[15:45:46] : Cycle start OFF
[15:45:51] : REQUEST MEAS. ON
[15:45:59] : REQUEST MEAS. OFF
[15:45:59] : end pos sig1 : 50.000000, 50.000000
[15:45:59] : 측정요구 ON 2
[15:46:06] : 측정요구 2OFF
[15:46:06] : end pos sig2 : -50.000000, -50.000000
[15:46:11] : 측정요구3 ON
[15:46:18] : 측정요구3 OFF
[15:46:18] : end pos sig3 : 50.000000, 50.000000
[15:46:18] : 측정요구4 ON
[15:46:26] : 측정요구4 OFF
[15:46:26] : end pos sig4 : -50.000000, -50.000000
[15:46:26] : 12,20190123-154627,AL19012132213,,OK,MAX,2, ,AUTO,0.10,3.00,0.73,OK,0.10,3.00,0.89,OK,0.10,3.00,0.70,OK,0.10,3.00,1.29,OK,
[15:46:40] : Cycle start ON
[15:46:41] : Cycle start OFF
[15:46:46] : REQUEST MEAS. ON
[15:46:53] : REQUEST MEAS. OFF
[15:46:53] : end pos sig1 : 50.000000, 50.000000
[15:46:53] : 측정요구 ON 2
[15:47:01] : 측정요구 2OFF
[15:47:01] : end pos sig2 : -50.000000, -50.000000
[15:47:06] : 측정요구3 ON
[15:47:14] : 측정요구3 OFF
[15:47:14] : end pos sig3 : 50.000000, 50.000000
[15:47:14] : 측정요구4 ON
[15:47:21] : 측정요구4 OFF
[15:47:21] : end pos sig4 : -50.000000, -50.000000
[15:47:21] : 12,20190123-154722,AL19012132243,,OK,MAX,2, ,AUTO,0.10,3.00,0.88,OK,0.10,3.00,1.07,OK,0.10,3.00,0.59,OK,0.10,3.00,0.80,OK,
[15:47:35] : Cycle start ON
[15:47:36] : Cycle start OFF
[15:47:41] : REQUEST MEAS. ON
[15:47:48] : REQUEST MEAS. OFF
[15:47:48] : end pos sig1 : 50.000000, 50.000000
[15:47:48] : 측정요구 ON 2
[15:47:56] : 측정요구 2OFF
[15:47:56] : end pos sig2 : -50.000000, -50.000000
[15:48:00] : 측정요구3 ON
[15:48:07] : 측정요구3 OFF
[15:48:07] : end pos sig3 : 50.000000, 50.000000
[15:48:07] : 측정요구4 ON
[15:48:15] : 측정요구4 OFF
[15:48:15] : end pos sig4 : -50.000000, -50.000000
[15:48:15] : 12,20190123-154816,AL19012132343,,OK,MAX,2, ,AUTO,0.10,3.00,1.13,OK,0.10,3.00,2.25,OK,0.10,3.00,0.68,OK,0.10,3.00,0.81,OK,
[15:48:27] : Cycle start ON
[15:48:29] : Cycle start OFF
[15:48:33] : REQUEST MEAS. ON
[15:48:41] : REQUEST MEAS. OFF
[15:48:41] : end pos sig1 : 50.000000, 50.000000
[15:48:41] : 측정요구 ON 2
[15:48:49] : 측정요구 2OFF
[15:48:49] : end pos sig2 : -50.000000, -50.000000
[15:48:53] : 측정요구3 ON
[15:49:00] : 측정요구3 OFF
[15:49:00] : end pos sig3 : 50.000000, 50.000000
[15:49:00] : 측정요구4 ON
[15:49:08] : 측정요구4 OFF
[15:49:08] : end pos sig4 : -50.000000, -50.000000
[15:49:09] : 12,20190123-154909,AL19012132373,,OK,MAX,2, ,AUTO,0.10,3.00,0.88,OK,0.10,3.00,1.07,OK,0.10,3.00,0.61,OK,0.10,3.00,1.34,OK,
[15:49:22] : Cycle start ON
[15:49:24] : Cycle start OFF
[15:49:29] : REQUEST MEAS. ON
[15:49:36] : REQUEST MEAS. OFF
[15:49:36] : end pos sig1 : 50.000000, 50.000000
[15:49:36] : 측정요구 ON 2
[15:49:44] : 측정요구 2OFF
[15:49:44] : end pos sig2 : -50.000000, -50.000000
[15:49:49] : 측정요구3 ON
[15:49:56] : 측정요구3 OFF
[15:49:56] : end pos sig3 : 50.000000, 50.000000
[15:49:56] : 측정요구4 ON
[15:50:04] : 측정요구4 OFF
[15:50:04] : end pos sig4 : -50.000000, -50.000000
[15:50:05] : 12,20190123-155005,AL19012132393,,OK,MAX,2, ,AUTO,0.10,3.00,1.10,OK,0.10,3.00,1.44,OK,0.10,3.00,0.73,OK,0.10,3.00,1.00,OK,
[15:52:37] : Cycle start ON
[15:52:38] : Cycle start OFF
[15:52:43] : REQUEST MEAS. ON
[15:52:51] : REQUEST MEAS. OFF
[15:52:51] : end pos sig1 : 50.000000, 50.000000
[15:52:51] : 측정요구 ON 2
[15:52:58] : 측정요구 2OFF
[15:52:58] : end pos sig2 : -50.000000, -50.000000
[15:53:03] : 측정요구3 ON
[15:53:10] : 측정요구3 OFF
[15:53:10] : end pos sig3 : 50.000000, 50.000000
[15:53:10] : 측정요구4 ON
[15:53:18] : 측정요구4 OFF
[15:53:18] : end pos sig4 : -50.000000, -50.000000
[15:53:18] : 12,20190123-155319,AL19012132413,,OK,MAX,2, ,AUTO,0.10,3.00,1.39,OK,0.10,3.00,0.68,OK,0.10,3.00,0.46,OK,0.10,3.00,0.90,OK,
[15:53:35] : Cycle start ON
[15:53:37] : Cycle start OFF
[15:53:42] : REQUEST MEAS. ON
[15:53:49] : REQUEST MEAS. OFF
[15:53:49] : end pos sig1 : 50.000000, 50.000000
[15:53:49] : 측정요구 ON 2
[15:53:56] : 측정요구 2OFF
[15:53:56] : end pos sig2 : -50.000000, -50.000000
[15:54:01] : 측정요구3 ON
[15:54:08] : 측정요구3 OFF
[15:54:08] : end pos sig3 : 50.000000, 50.000000
[15:54:08] : 측정요구4 ON
[15:54:16] : 측정요구4 OFF
[15:54:16] : end pos sig4 : -50.000000, -50.000000
[15:54:17] : 12,20190123-155417,AL19012132433,,OK,MAX,2, ,AUTO,0.10,3.00,0.73,OK,0.10,3.00,0.95,OK,0.10,3.00,0.59,OK,0.10,3.00,0.90,OK,
[15:54:28] : Cycle start ON
[15:54:30] : Cycle start OFF
[15:54:34] : REQUEST MEAS. ON
[15:54:42] : REQUEST MEAS. OFF
[15:54:42] : end pos sig1 : 50.000000, 50.000000
[15:54:42] : 측정요구 ON 2
[15:54:50] : 측정요구 2OFF
[15:54:50] : end pos sig2 : -50.000000, -50.000000
[15:54:55] : 측정요구3 ON
[15:55:02] : 측정요구3 OFF
[15:55:02] : end pos sig3 : 50.000000, 50.000000
[15:55:02] : 측정요구4 ON
[15:55:10] : 측정요구4 OFF
[15:55:10] : end pos sig4 : -50.000000, -50.000000
[15:55:10] : 12,20190123-155510,AL19012132483,,OK,MAX,2, ,AUTO,0.10,3.00,0.93,OK,0.10,3.00,0.93,OK,0.10,3.00,1.00,OK,0.10,3.00,1.00,OK,
[15:55:22] : Cycle start ON
[15:55:24] : Cycle start OFF
[15:55:28] : REQUEST MEAS. ON
[15:55:36] : REQUEST MEAS. OFF
[15:55:36] : end pos sig1 : 50.000000, 50.000000
[15:55:36] : 측정요구 ON 2
[15:55:43] : 측정요구 2OFF
[15:55:43] : end pos sig2 : -50.000000, -50.000000
[15:55:48] : 측정요구3 ON
[15:55:55] : 측정요구3 OFF
[15:55:55] : end pos sig3 : 50.000000, 50.000000
[15:55:55] : 측정요구4 ON
[15:56:03] : 측정요구4 OFF
[15:56:03] : end pos sig4 : -50.000000, -50.000000
[15:56:03] : 12,20190123-155603,AL19012132443,,OK,MAX,2, ,AUTO,0.10,3.00,0.83,OK,0.10,3.00,0.68,OK,0.10,3.00,0.76,OK,0.10,3.00,0.93,OK,
[15:56:17] : Cycle start ON
[15:56:18] : Cycle start OFF
[15:56:23] : REQUEST MEAS. ON
[15:56:30] : REQUEST MEAS. OFF
[15:56:30] : end pos sig1 : 50.000000, 50.000000
[15:56:31] : 측정요구 ON 2
[15:56:38] : 측정요구 2OFF
[15:56:38] : end pos sig2 : -50.000000, -50.000000
[15:56:43] : 측정요구3 ON
[15:56:50] : 측정요구3 OFF
[15:56:50] : end pos sig3 : 50.000000, 50.000000
[15:56:50] : 측정요구4 ON
[15:56:57] : 측정요구4 OFF
[15:56:57] : end pos sig4 : -50.000000, -50.000000
[15:56:57] : 12,20190123-155658,AL19012132493,,OK,MAX,2, ,AUTO,0.10,3.00,0.68,OK,0.10,3.00,0.88,OK,0.10,3.00,0.66,OK,0.10,3.00,1.00,OK,
[15:57:11] : Cycle start ON
[15:57:12] : Cycle start OFF
[15:57:17] : REQUEST MEAS. ON
[15:57:24] : REQUEST MEAS. OFF
[15:57:24] : end pos sig1 : 50.000000, 50.000000
[15:57:24] : 측정요구 ON 2
[15:57:32] : 측정요구 2OFF
[15:57:32] : end pos sig2 : -50.000000, -50.000000
[15:57:37] : 측정요구3 ON
[15:57:44] : 측정요구3 OFF
[15:57:44] : end pos sig3 : 50.000000, 50.000000
[15:57:44] : 측정요구4 ON
[15:57:52] : 측정요구4 OFF
[15:57:52] : end pos sig4 : -50.000000, -50.000000
[15:57:53] : 12,20190123-155753,AL19012132513,,OK,MAX,2, ,AUTO,0.10,3.00,1.07,OK,0.10,3.00,1.54,OK,0.10,3.00,0.71,OK,0.10,3.00,1.15,OK,
[15:58:06] : Cycle start ON
[15:58:07] : Cycle start OFF
[15:58:12] : REQUEST MEAS. ON
[15:58:19] : REQUEST MEAS. OFF
[15:58:19] : end pos sig1 : 50.000000, 50.000000
[15:58:19] : 측정요구 ON 2
[15:58:27] : 측정요구 2OFF
[15:58:27] : end pos sig2 : -50.000000, -50.000000
[15:58:32] : 측정요구3 ON
[15:58:39] : 측정요구3 OFF
[15:58:39] : end pos sig3 : 50.000000, 50.000000
[15:58:39] : 측정요구4 ON
[15:58:47] : 측정요구4 OFF
[15:58:47] : end pos sig4 : -50.000000, -50.000000
[15:58:47] : 12,20190123-155848,AL19012132823,,OK,MAX,2, ,AUTO,0.10,3.00,1.08,OK,0.10,3.00,1.59,OK,0.10,3.00,0.61,OK,0.10,3.00,0.93,OK,
[15:59:01] : Cycle start ON
[15:59:02] : Cycle start OFF
[15:59:07] : REQUEST MEAS. ON
[15:59:15] : REQUEST MEAS. OFF
[15:59:15] : end pos sig1 : 50.000000, 50.000000
[15:59:15] : 측정요구 ON 2
[15:59:22] : 측정요구 2OFF
[15:59:22] : end pos sig2 : -50.000000, -50.000000
[15:59:27] : 측정요구3 ON
[15:59:34] : 측정요구3 OFF
[15:59:34] : end pos sig3 : 50.000000, 50.000000
[15:59:34] : 측정요구4 ON
[15:59:41] : 측정요구4 OFF
[15:59:41] : end pos sig4 : -50.000000, -50.000000
[15:59:41] : 12,20190123-155942,AL19012132833,,OK,MAX,2, ,AUTO,0.10,3.00,0.83,OK,0.10,3.00,1.27,OK,0.10,3.00,0.51,OK,0.10,3.00,1.34,OK,
[16:01:43] : Cycle start ON
[16:01:45] : Cycle start OFF
[16:01:49] : REQUEST MEAS. ON
[16:01:57] : REQUEST MEAS. OFF
[16:01:57] : end pos sig1 : 50.000000, 50.000000
[16:01:57] : 측정요구 ON 2
[16:02:04] : 측정요구 2OFF
[16:02:04] : end pos sig2 : -50.000000, -50.000000
[16:02:09] : 측정요구3 ON
[16:02:16] : 측정요구3 OFF
[16:02:16] : end pos sig3 : 50.000000, 50.000000
[16:02:16] : 측정요구4 ON
[16:02:24] : 측정요구4 OFF
[16:02:24] : end pos sig4 : -50.000000, -50.000000
[16:02:24] : 12,20190123-160225,AL19012132853,,OK,MAX,2, ,AUTO,0.10,3.00,1.29,OK,0.10,3.00,1.25,OK,0.10,3.00,0.59,OK,0.10,3.00,1.00,OK,
[16:02:44] : Cycle start ON
[16:02:46] : Cycle start OFF
[16:02:51] : REQUEST MEAS. ON
[16:02:58] : REQUEST MEAS. OFF
[16:02:58] : end pos sig1 : 50.000000, 50.000000
[16:02:58] : 측정요구 ON 2
[16:03:05] : 측정요구 2OFF
[16:03:05] : end pos sig2 : -50.000000, -50.000000
[16:03:10] : 측정요구3 ON
[16:03:17] : 측정요구3 OFF
[16:03:17] : end pos sig3 : 50.000000, 50.000000
[16:03:17] : 측정요구4 ON
[16:03:25] : 측정요구4 OFF
[16:03:25] : end pos sig4 : -50.000000, -50.000000
[16:03:25] : 12,20190123-160326,AL19012132903,,OK,MAX,2, ,AUTO,0.10,3.00,0.93,OK,0.10,3.00,1.00,OK,0.10,3.00,0.83,OK,0.10,3.00,1.34,OK,
[16:03:42] : Cycle start ON
[16:03:44] : Cycle start OFF
[16:03:49] : REQUEST MEAS. ON
[16:03:56] : REQUEST MEAS. OFF
[16:03:56] : end pos sig1 : 50.000000, 50.000000
[16:03:56] : 측정요구 ON 2
[16:04:04] : 측정요구 2OFF
[16:04:04] : end pos sig2 : -50.000000, -50.000000
[16:04:09] : 측정요구3 ON
[16:04:16] : 측정요구3 OFF
[16:04:16] : end pos sig3 : 50.000000, 50.000000
[16:04:16] : 측정요구4 ON
[16:04:24] : 측정요구4 OFF
[16:04:24] : end pos sig4 : -50.000000, -50.000000
[16:04:24] : 12,20190123-160425,AL19012132913,,OK,MAX,2, ,AUTO,0.10,3.00,0.93,OK,0.10,3.00,0.88,OK,0.10,3.00,0.71,OK,0.10,3.00,1.10,OK,
[17:05:32] : AUTO RUNNING OFF
 
