[10:54:52] : MEAS ESC ON
[10:54:59] : MEAS ESC OFF
 
[20:09:56] : MEAS ESC ON
[20:10:11] : MEAS ESC OFF
[20:11:58] : MEAS ESC ON
[20:11:59] : MEAS ESC OFF
[20:11:59] : AUTO RUNNING ON
[20:12:20] : AUTO RUNNING OFF
[20:12:26] : MEAS ESC ON
[20:12:30] : MEAS ESC OFF
[20:12:30] : AUTO RUNNING ON
[20:13:05] : Cycle start ON
[20:13:07] : Cycle start OFF
[20:13:14] : REQUEST MEAS. ON
[20:13:23] : REQUEST MEAS. OFF
[20:13:23] : end pos sig1 : 50.000000, 50.000000
[20:13:23] : 측정요구 ON 2
[20:13:33] : 측정요구 2OFF
[20:13:33] : end pos sig2 : -50.000000, -50.000000
[20:13:37] : 측정요구3 ON
[20:13:46] : 측정요구3 OFF
[20:13:46] : end pos sig3 : 50.000000, 50.000000
[20:13:46] : 측정요구4 ON
[20:13:56] : 측정요구4 OFF
[20:13:56] : end pos sig4 : -50.000000, -50.000000
[20:13:56] : 12,20190102-201356,AL18121450746,,OK,MAX,2, ,AUTO,0.10,8.00,1.87,OK,0.10,8.00,1.01,OK,0.10,8.00,1.62,OK,0.10,8.00,1.81,OK,
[20:14:14] : Cycle start ON
[20:14:16] : Cycle start OFF
[20:14:22] : REQUEST MEAS. ON
[20:14:31] : REQUEST MEAS. OFF
[20:14:31] : end pos sig1 : 50.000000, 50.000000
[20:14:32] : 측정요구 ON 2
[20:14:41] : 측정요구 2OFF
[20:14:41] : end pos sig2 : -50.000000, -50.000000
[20:14:45] : 측정요구3 ON
[20:14:54] : 측정요구3 OFF
[20:14:54] : end pos sig3 : 50.000000, 50.000000
[20:14:54] : 측정요구4 ON
[20:15:04] : 측정요구4 OFF
[20:15:04] : end pos sig4 : -50.000000, -50.000000
[20:15:04] : 12,20190102-201505,AL18121450356,,OK,MAX,2, ,AUTO,0.10,8.00,3.14,OK,0.10,8.00,1.29,OK,0.10,8.00,1.70,OK,0.10,8.00,3.14,OK,
[20:15:49] : Cycle start ON
[20:15:51] : Cycle start OFF
[20:15:58] : REQUEST MEAS. ON
[20:16:07] : REQUEST MEAS. OFF
[20:16:07] : end pos sig1 : 50.000000, 50.000000
[20:16:07] : 측정요구 ON 2
[20:16:16] : 측정요구 2OFF
[20:16:16] : end pos sig2 : -50.000000, -50.000000
[20:16:21] : 측정요구3 ON
[20:16:30] : 측정요구3 OFF
[20:16:30] : end pos sig3 : 50.000000, 50.000000
[20:16:30] : 측정요구4 ON
[20:16:39] : 측정요구4 OFF
[20:16:39] : end pos sig4 : -50.000000, -50.000000
[20:16:39] : 12,20190102-201640,AL18121450416,,OK,MAX,2, ,AUTO,0.10,8.00,1.91,OK,0.10,8.00,1.26,OK,0.10,8.00,1.58,OK,0.10,8.00,1.05,OK,
[20:16:57] : Cycle start ON
[20:16:59] : Cycle start OFF
[20:17:23] : Cycle start ON
[20:17:25] : Cycle start OFF
[20:17:32] : REQUEST MEAS. ON
[20:17:41] : REQUEST MEAS. OFF
[20:17:41] : end pos sig1 : 50.000000, 50.000000
[20:17:41] : 측정요구 ON 2
[20:17:51] : 측정요구 2OFF
[20:17:51] : end pos sig2 : -50.000000, -50.000000
[20:17:55] : 측정요구3 ON
[20:18:04] : 측정요구3 OFF
[20:18:04] : end pos sig3 : 50.000000, 50.000000
[20:18:04] : 측정요구4 ON
[20:18:14] : 측정요구4 OFF
[20:18:14] : end pos sig4 : -50.000000, -50.000000
[20:18:14] : 12,20190102-201814,AL18121450536,,OK,MAX,2, ,AUTO,0.10,8.00,2.39,OK,0.10,8.00,1.23,OK,0.10,8.00,2.27,OK,0.10,8.00,0.99,OK,
[20:18:21] : AUTO RUNNING OFF
[20:18:29] : MEAS ESC ON
[20:18:30] : MEAS ESC OFF
[20:18:30] : AUTO RUNNING ON
[20:18:44] : Cycle start ON
[20:18:46] : Cycle start OFF
[20:18:53] : REQUEST MEAS. ON
[20:19:02] : REQUEST MEAS. OFF
[20:19:02] : end pos sig1 : 50.000000, 50.000000
[20:19:02] : 측정요구 ON 2
[20:19:12] : 측정요구 2OFF
[20:19:12] : end pos sig2 : -50.000000, -50.000000
[20:19:16] : 측정요구3 ON
[20:19:25] : 측정요구3 OFF
[20:19:25] : end pos sig3 : 50.000000, 50.000000
[20:19:25] : 측정요구4 ON
[20:19:35] : 측정요구4 OFF
[20:19:35] : end pos sig4 : -50.000000, -50.000000
[20:19:35] : 12,20190102-201935,AL18121450706,,OK,MAX,2, ,AUTO,0.10,8.00,3.01,OK,0.10,8.00,1.38,OK,0.10,8.00,2.06,OK,0.10,8.00,1.99,OK,
[20:19:51] : Cycle start ON
[20:19:53] : Cycle start OFF
[20:20:00] : REQUEST MEAS. ON
[20:20:09] : REQUEST MEAS. OFF
[20:20:09] : end pos sig1 : 50.000000, 50.000000
[20:20:09] : 측정요구 ON 2
[20:20:19] : 측정요구 2OFF
[20:20:19] : end pos sig2 : -50.000000, -50.000000
[20:20:23] : 측정요구3 ON
[20:20:32] : 측정요구3 OFF
[20:20:32] : end pos sig3 : 50.000000, 50.000000
[20:20:32] : 측정요구4 ON
[20:20:42] : 측정요구4 OFF
[20:20:42] : end pos sig4 : -50.000000, -50.000000
[20:20:42] : 12,20190102-202042,AL18121450716,,OK,MAX,2, ,AUTO,0.10,8.00,2.17,OK,0.10,8.00,1.05,OK,0.10,8.00,1.70,OK,0.10,8.00,2.81,OK,
[20:23:11] : Cycle start ON
[20:23:13] : Cycle start OFF
[20:23:20] : REQUEST MEAS. ON
[20:23:29] : REQUEST MEAS. OFF
[20:23:29] : end pos sig1 : 50.000000, 50.000000
[20:23:29] : 측정요구 ON 2
[20:23:39] : 측정요구 2OFF
[20:23:39] : end pos sig2 : -50.000000, -50.000000
[20:23:43] : 측정요구3 ON
[20:23:52] : 측정요구3 OFF
[20:23:52] : end pos sig3 : 50.000000, 50.000000
[20:23:52] : 측정요구4 ON
[20:24:02] : 측정요구4 OFF
[20:24:02] : end pos sig4 : -50.000000, -50.000000
[20:24:02] : 12,20190102-202402,AL18121450286,,OK,MAX,2, ,AUTO,0.10,8.00,2.09,OK,0.10,8.00,1.32,OK,0.10,8.00,2.66,OK,0.10,8.00,0.90,OK,
[20:24:24] : Cycle start ON
[20:24:25] : Cycle start OFF
[20:24:32] : REQUEST MEAS. ON
[20:24:41] : REQUEST MEAS. OFF
[20:24:41] : end pos sig1 : 50.000000, 50.000000
[20:24:41] : 측정요구 ON 2
[20:24:51] : 측정요구 2OFF
[20:24:51] : end pos sig2 : -50.000000, -50.000000
[20:24:55] : 측정요구3 ON
[20:25:04] : 측정요구3 OFF
[20:25:04] : end pos sig3 : 50.000000, 50.000000
[20:25:04] : 측정요구4 ON
[20:25:13] : 측정요구4 OFF
[20:25:13] : end pos sig4 : -50.000000, -50.000000
[20:25:13] : 12,20190102-202514,AL18121450906,,OK,MAX,2, ,AUTO,0.10,8.00,1.87,OK,0.10,8.00,0.97,OK,0.10,8.00,1.48,OK,0.10,8.00,0.98,OK,
[20:29:19] : AUTO RUNNING OFF
 
