 
[14:15:11] : Cycle start ON
[14:15:12] : Cycle start OFF
[14:15:17] : REQUEST MEAS. ON
[14:15:26] : REQUEST MEAS. OFF
[14:15:26] : end pos sig1 : 50.000000, 50.000000
[14:15:26] : 측정요구 ON 2
[14:15:35] : 측정요구 2OFF
[14:15:35] : end pos sig2 : -50.000000, -50.000000
[14:15:39] : 측정요구3 ON
[14:15:48] : 측정요구3 OFF
[14:15:48] : end pos sig3 : 50.000000, 50.000000
[14:15:48] : 측정요구4 ON
[14:15:58] : 측정요구4 OFF
[14:15:58] : end pos sig4 : -50.000000, -50.000000
[14:16:16] : Cycle start ON
[14:16:17] : Cycle start OFF
[14:16:21] : REQUEST MEAS. ON
[14:16:30] : REQUEST MEAS. OFF
[14:16:30] : end pos sig1 : 50.000000, 50.000000
[14:16:30] : 측정요구 ON 2
[14:16:40] : 측정요구 2OFF
[14:16:40] : end pos sig2 : -50.000000, -50.000000
[14:16:45] : 측정요구3 ON
[14:16:54] : 측정요구3 OFF
[14:16:54] : end pos sig3 : 50.000000, 50.000000
[14:16:54] : 측정요구4 ON
[14:17:04] : 측정요구4 OFF
[14:17:04] : end pos sig4 : -50.000000, -50.000000
 
