[10:01:45] : PROGRAM START
[10:01:52] : AUTO RUNNING OFF
[10:01:52] : REQUEST MEAS. OFF
[10:01:52] : end pos sig1 : 50.000000, 50.000000
[10:01:52] : end pos sig2 : 50.000000, 50.000000
[10:01:52] : end pos sig3 : 50.000000, 50.000000
[10:01:52] : REQUEST ZEROSET OFF
[10:01:52] : REQUEST ZEROSET OFF
[10:01:52] : end pos sig4 : 50.000000, 50.000000
[10:02:08] : PROGRAM END
 
[10:02:31] : PROGRAM START
[10:02:39] : AUTO RUNNING OFF
[10:02:39] : REQUEST MEAS. OFF
[10:02:39] : end pos sig1 : 50.000000, 50.000000
[10:02:39] : end pos sig2 : 50.000000, 50.000000
[10:02:39] : end pos sig3 : 50.000000, 50.000000
[10:02:39] : REQUEST ZEROSET OFF
[10:02:39] : REQUEST ZEROSET OFF
[10:02:39] : end pos sig4 : 50.000000, 50.000000
[10:02:41] : PROGRAM END
 
[10:03:12] : PROGRAM START
[10:03:19] : AUTO RUNNING OFF
[10:03:19] : REQUEST MEAS. OFF
[10:03:19] : end pos sig1 : 50.000000, 50.000000
[10:03:19] : end pos sig2 : 50.000000, 50.000000
[10:03:19] : end pos sig3 : 50.000000, 50.000000
[10:03:19] : REQUEST ZEROSET OFF
[10:03:19] : REQUEST ZEROSET OFF
[10:03:19] : end pos sig4 : 50.000000, 50.000000
[10:03:59] : PROGRAM END
 
[10:04:50] : PROGRAM START
[10:04:56] : AUTO RUNNING OFF
[10:04:56] : REQUEST MEAS. OFF
[10:04:56] : end pos sig1 : 50.000000, 50.000000
[10:04:56] : end pos sig2 : 50.000000, 50.000000
[10:04:56] : end pos sig3 : 50.000000, 50.000000
[10:04:56] : REQUEST ZEROSET OFF
[10:04:56] : REQUEST ZEROSET OFF
[10:04:56] : end pos sig4 : 50.000000, 50.000000
[10:05:09] : PROGRAM END
 
[10:05:35] : PROGRAM START
[10:05:42] : AUTO RUNNING OFF
[10:05:42] : REQUEST MEAS. OFF
[10:05:42] : end pos sig1 : 0.000000, 0.000000
[10:05:42] : end pos sig2 : 0.000000, 0.000000
[10:05:42] : end pos sig3 : 0.000000, 0.000000
[10:05:42] : REQUEST ZEROSET OFF
[10:05:42] : REQUEST ZEROSET OFF
[10:05:42] : end pos sig4 : 0.000000, 0.000000
[10:06:27] : PROGRAM END
 
[10:07:25] : PROGRAM START
[10:07:32] : AUTO RUNNING OFF
[10:07:32] : REQUEST MEAS. OFF
[10:07:32] : end pos sig1 : 50.000000, 50.000000
[10:07:32] : end pos sig2 : 50.000000, 50.000000
[10:07:32] : end pos sig3 : 50.000000, 50.000000
[10:07:32] : REQUEST ZEROSET OFF
[10:07:32] : REQUEST ZEROSET OFF
[10:07:32] : end pos sig4 : 50.000000, 50.000000
[10:08:15] : PROGRAM END
 
[10:08:53] : PROGRAM START
[10:09:00] : AUTO RUNNING OFF
[10:09:00] : REQUEST MEAS. OFF
[10:09:00] : end pos sig1 : 50.000000, 50.000000
[10:09:00] : end pos sig2 : 50.000000, 50.000000
[10:09:00] : end pos sig3 : 50.000000, 50.000000
[10:09:00] : REQUEST ZEROSET OFF
[10:09:00] : REQUEST ZEROSET OFF
[10:09:00] : end pos sig4 : 50.000000, 50.000000
[10:09:14] : PROGRAM END
 
[10:11:09] : PROGRAM START
[10:11:18] : AUTO RUNNING OFF
[10:11:18] : REQUEST MEAS. OFF
[10:11:18] : end pos sig1 : 50.000000, 50.000000
[10:11:18] : end pos sig2 : 50.000000, 50.000000
[10:11:18] : end pos sig3 : 50.000000, 50.000000
[10:11:18] : REQUEST ZEROSET OFF
[10:11:18] : REQUEST ZEROSET OFF
[10:11:18] : end pos sig4 : 50.000000, 50.000000
[10:11:19] : PROGRAM END
 
[10:11:25] : PROGRAM START
[10:11:31] : AUTO RUNNING OFF
[10:11:31] : REQUEST MEAS. OFF
[10:11:31] : end pos sig1 : 50.000000, 50.000000
[10:11:31] : end pos sig2 : 50.000000, 50.000000
[10:11:31] : end pos sig3 : 50.000000, 50.000000
[10:11:31] : REQUEST ZEROSET OFF
[10:11:31] : REQUEST ZEROSET OFF
[10:11:31] : end pos sig4 : 50.000000, 50.000000
[10:13:47] : PROGRAM END
 
[10:14:21] : PROGRAM START
[10:14:28] : AUTO RUNNING OFF
[10:14:28] : REQUEST MEAS. OFF
[10:14:28] : end pos sig1 : 0.000000, 0.000000
[10:14:28] : end pos sig2 : 0.000000, 0.000000
[10:14:28] : end pos sig3 : 0.000000, 0.000000
[10:14:28] : REQUEST ZEROSET OFF
[10:14:28] : REQUEST ZEROSET OFF
[10:14:28] : end pos sig4 : 0.000000, 0.000000
[10:14:30] : PROGRAM END
 
[10:14:41] : PROGRAM START
[10:14:47] : AUTO RUNNING OFF
[10:14:47] : REQUEST MEAS. OFF
[10:14:47] : end pos sig1 : 0.000000, 0.000000
[10:14:47] : end pos sig2 : 0.000000, 0.000000
[10:14:47] : end pos sig3 : 0.000000, 0.000000
[10:14:47] : REQUEST ZEROSET OFF
[10:14:47] : REQUEST ZEROSET OFF
[10:14:47] : end pos sig4 : 0.000000, 0.000000
[10:20:23] : PROGRAM END
 
[10:21:17] : PROGRAM START
[10:21:24] : AUTO RUNNING OFF
[10:21:24] : REQUEST MEAS. OFF
[10:21:24] : end pos sig1 : 50.000000, 50.000000
[10:21:24] : end pos sig2 : 50.000000, 50.000000
[10:21:24] : end pos sig3 : 50.000000, 50.000000
[10:21:24] : REQUEST ZEROSET OFF
[10:21:24] : REQUEST ZEROSET OFF
[10:21:24] : end pos sig4 : 50.000000, 50.000000
[10:21:46] : PROGRAM END
 
[10:22:13] : PROGRAM START
[10:22:20] : AUTO RUNNING OFF
[10:22:20] : REQUEST MEAS. OFF
[10:22:20] : end pos sig1 : 50.000000, 50.000000
[10:22:20] : end pos sig2 : 50.000000, 50.000000
[10:22:20] : end pos sig3 : 50.000000, 50.000000
[10:22:20] : REQUEST ZEROSET OFF
[10:22:20] : REQUEST ZEROSET OFF
[10:22:20] : end pos sig4 : 50.000000, 50.000000
[10:22:59] : PROGRAM END
 
[10:23:48] : PROGRAM START
[10:23:55] : AUTO RUNNING OFF
[10:23:55] : REQUEST MEAS. OFF
[10:23:55] : end pos sig1 : 50.000000, 50.000000
[10:23:55] : end pos sig2 : 50.000000, 50.000000
[10:23:55] : end pos sig3 : 50.000000, 50.000000
[10:23:55] : REQUEST ZEROSET OFF
[10:23:55] : REQUEST ZEROSET OFF
[10:23:55] : end pos sig4 : 50.000000, 50.000000
[10:24:33] : PROGRAM END
 
[10:24:40] : PROGRAM START
[10:24:47] : AUTO RUNNING OFF
[10:24:47] : REQUEST MEAS. OFF
[10:24:47] : end pos sig1 : 0.000000, 0.000000
[10:24:47] : end pos sig2 : 0.000000, 0.000000
[10:24:47] : end pos sig3 : 0.000000, 0.000000
[10:24:47] : REQUEST ZEROSET OFF
[10:24:47] : REQUEST ZEROSET OFF
[10:24:47] : end pos sig4 : 0.000000, 0.000000
[10:28:13] : PROGRAM END
 
[10:28:51] : PROGRAM START
[10:28:59] : AUTO RUNNING OFF
[10:28:59] : REQUEST MEAS. OFF
[10:28:59] : end pos sig1 : 50.000000, 50.000000
[10:28:59] : end pos sig2 : 50.000000, 50.000000
[10:28:59] : end pos sig3 : 50.000000, 50.000000
[10:28:59] : REQUEST ZEROSET OFF
[10:28:59] : REQUEST ZEROSET OFF
[10:28:59] : end pos sig4 : 50.000000, 50.000000
[10:29:02] : PROGRAM END
 
[10:29:09] : PROGRAM START
[10:29:17] : AUTO RUNNING OFF
[10:29:17] : REQUEST MEAS. OFF
[10:29:17] : end pos sig1 : 50.000000, 50.000000
[10:29:17] : end pos sig2 : 50.000000, 50.000000
[10:29:17] : end pos sig3 : 50.000000, 50.000000
[10:29:17] : REQUEST ZEROSET OFF
[10:29:17] : REQUEST ZEROSET OFF
[10:29:17] : end pos sig4 : 50.000000, 50.000000
[10:30:49] : PROGRAM END
 
[10:31:26] : PROGRAM START
[10:31:33] : AUTO RUNNING OFF
[10:31:33] : REQUEST MEAS. OFF
[10:31:33] : end pos sig1 : 50.000000, 50.000000
[10:31:33] : end pos sig2 : 50.000000, 50.000000
[10:31:33] : end pos sig3 : 50.000000, 50.000000
[10:31:33] : REQUEST ZEROSET OFF
[10:31:33] : REQUEST ZEROSET OFF
[10:31:33] : end pos sig4 : 50.000000, 50.000000
[11:14:01] : MEAS ESC ON
[11:14:56] : MEAS ESC OFF
[11:39:14] : MEAS ESC ON
[11:49:45] : MEAS ESC OFF
[11:49:45] : AUTO RUNNING ON
 
[11:50:27] : Cycle start ON
[11:50:29] : Cycle start OFF
[11:50:35] : REQUEST MEAS. ON
[11:50:44] : REQUEST MEAS. OFF
[11:50:44] : end pos sig1 : 50.000000, 50.000000
[11:50:44] : 측정요구 ON 2
[11:50:54] : 측정요구 2OFF
[11:50:54] : end pos sig2 : -50.000000, -50.000000
[11:50:58] : 측정요구3 ON
[11:51:07] : 측정요구3 OFF
[11:51:07] : end pos sig3 : 50.000000, 50.000000
[11:51:07] : 측정요구4 ON
[11:51:17] : 측정요구4 OFF
[11:51:17] : end pos sig4 : -50.000000, -50.000000
[11:51:17] : 12,20190104-115117,AL19010238383,,OK,MAX,2, ,AUTO,0.10,3.00,0.87,OK,0.10,3.00,1.16,OK,0.10,3.00,0.79,OK,0.10,3.00,2.01,OK,
[11:51:45] : Cycle start ON
[11:51:47] : Cycle start OFF
[11:51:53] : REQUEST MEAS. ON
[11:52:02] : REQUEST MEAS. OFF
[11:52:02] : end pos sig1 : 50.000000, 50.000000
[11:52:02] : 측정요구 ON 2
[11:52:11] : 측정요구 2OFF
[11:52:11] : end pos sig2 : -50.000000, -50.000000
[11:52:16] : 측정요구3 ON
[11:52:25] : 측정요구3 OFF
[11:52:25] : end pos sig3 : 50.000000, 50.000000
[11:52:25] : 측정요구4 ON
[11:52:34] : 측정요구4 OFF
[11:52:34] : end pos sig4 : -50.000000, -50.000000
[11:52:34] : 12,20190104-115235,AL19010238363,,OK,MAX,2, ,AUTO,0.10,3.00,1.28,OK,0.10,3.00,1.05,OK,0.10,3.00,0.64,OK,0.10,3.00,1.74,OK,
[11:53:02] : Cycle start ON
[11:53:04] : Cycle start OFF
[11:53:11] : REQUEST MEAS. ON
[11:53:20] : REQUEST MEAS. OFF
[11:53:20] : end pos sig1 : 50.000000, 50.000000
[11:53:20] : 측정요구 ON 2
[11:53:29] : 측정요구 2OFF
[11:53:29] : end pos sig2 : -50.000000, -50.000000
[11:53:34] : 측정요구3 ON
[11:53:43] : 측정요구3 OFF
[11:53:43] : end pos sig3 : 50.000000, 50.000000
[11:53:43] : 측정요구4 ON
[11:53:52] : 측정요구4 OFF
[11:53:52] : end pos sig4 : -50.000000, -50.000000
[11:53:52] : 12,20190104-115353,AL19010238403,,OK,MAX,2, ,AUTO,0.10,3.00,1.12,OK,0.10,3.00,1.32,OK,0.10,3.00,0.68,OK,0.10,3.00,1.12,OK,
[11:54:17] : Cycle start ON
[11:54:19] : Cycle start OFF
[11:54:26] : REQUEST MEAS. ON
[11:54:35] : REQUEST MEAS. OFF
[11:54:35] : end pos sig1 : 50.000000, 50.000000
[11:54:35] : 측정요구 ON 2
[11:54:45] : 측정요구 2OFF
[11:54:45] : end pos sig2 : -50.000000, -50.000000
[11:54:49] : 측정요구3 ON
[11:54:58] : 측정요구3 OFF
[11:54:58] : end pos sig3 : 50.000000, 50.000000
[11:54:58] : 측정요구4 ON
[11:55:08] : 측정요구4 OFF
[11:55:08] : end pos sig4 : -50.000000, -50.000000
[11:55:08] : 12,20190104-115508,AL19010238423,,OK,MAX,2, ,AUTO,0.10,3.00,1.01,OK,0.10,3.00,0.81,OK,0.10,3.00,0.67,OK,0.10,3.00,1.29,OK,
[11:55:33] : Cycle start ON
[11:55:35] : Cycle start OFF
[11:55:42] : REQUEST MEAS. ON
[11:55:51] : REQUEST MEAS. OFF
[11:55:51] : end pos sig1 : 50.000000, 50.000000
[11:55:51] : 측정요구 ON 2
[11:56:01] : 측정요구 2OFF
[11:56:01] : end pos sig2 : -50.000000, -50.000000
[11:56:05] : 측정요구3 ON
[11:56:14] : 측정요구3 OFF
[11:56:14] : end pos sig3 : 50.000000, 50.000000
[11:56:14] : 측정요구4 ON
[11:56:24] : 측정요구4 OFF
[11:56:24] : end pos sig4 : -50.000000, -50.000000
[11:56:24] : 12,20190104-115624,AL19010238443,,OK,MAX,2, ,AUTO,0.10,3.00,0.80,OK,0.10,3.00,1.07,OK,0.10,3.00,0.60,OK,0.10,3.00,1.22,OK,
[11:56:49] : Cycle start ON
[11:56:51] : Cycle start OFF
[11:56:57] : REQUEST MEAS. ON
[11:57:07] : REQUEST MEAS. OFF
[11:57:07] : end pos sig1 : 50.000000, 50.000000
[11:57:07] : 측정요구 ON 2
[11:57:17] : 측정요구 2OFF
[11:57:17] : end pos sig2 : -50.000000, -50.000000
[11:57:21] : 측정요구3 ON
[11:57:30] : 측정요구3 OFF
[11:57:30] : end pos sig3 : 50.000000, 50.000000
[11:57:30] : 측정요구4 ON
[11:57:40] : 측정요구4 OFF
[11:57:40] : end pos sig4 : -50.000000, -50.000000
[11:57:40] : 12,20190104-115740,AL19010236233,,OK,MAX,2, ,AUTO,0.10,3.00,1.19,OK,0.10,3.00,1.06,OK,0.10,3.00,0.53,OK,0.10,3.00,1.08,OK,
[12:10:03] : AUTO RUNNING OFF
[12:44:27] : MEAS ESC ON
[12:44:31] : MEAS ESC OFF
[13:14:11] : MEAS ESC ON
[13:14:11] : MEAS ESC OFF
[13:14:11] : AUTO RUNNING ON
[13:26:15] : Cycle start ON
[13:26:17] : Cycle start OFF
[13:26:24] : REQUEST MEAS. ON
[13:26:33] : REQUEST MEAS. OFF
[13:26:33] : end pos sig1 : 50.000000, 50.000000
[13:26:33] : 측정요구 ON 2
[13:26:42] : 측정요구 2OFF
[13:26:42] : end pos sig2 : -50.000000, -50.000000
[13:26:46] : 측정요구3 ON
[13:26:55] : 측정요구3 OFF
[13:26:55] : end pos sig3 : 50.000000, 50.000000
[13:26:55] : 측정요구4 ON
[13:27:05] : 측정요구4 OFF
[13:27:05] : end pos sig4 : -50.000000, -50.000000
[13:27:05] : 12,20190104-132705,AL19010236223,,OK,MAX,2, ,AUTO,0.10,3.00,1.04,OK,0.10,3.00,0.71,OK,0.10,3.00,0.71,OK,0.10,3.00,1.44,OK,
[13:36:19] : Cycle start ON
[13:36:21] : Cycle start OFF
[13:36:28] : REQUEST MEAS. ON
[13:36:37] : REQUEST MEAS. OFF
[13:36:37] : end pos sig1 : 50.000000, 50.000000
[13:36:37] : 측정요구 ON 2
[13:36:47] : 측정요구 2OFF
[13:36:47] : end pos sig2 : -50.000000, -50.000000
[13:36:52] : 측정요구3 ON
[13:37:01] : 측정요구3 OFF
[13:37:01] : end pos sig3 : 50.000000, 50.000000
[13:37:01] : 측정요구4 ON
[13:37:10] : 측정요구4 OFF
[13:37:10] : end pos sig4 : -50.000000, -50.000000
[13:37:10] : 12,20190104-133711,AL19010236203,,OK,MAX,2, ,AUTO,0.10,3.00,1.25,OK,0.10,3.00,0.87,OK,0.10,3.00,0.65,OK,0.10,3.00,1.28,OK,
[13:42:33] : AUTO RUNNING OFF
[13:42:44] : MEAS ESC ON
[13:42:45] : MEAS ESC OFF
[13:42:45] : AUTO RUNNING ON
[13:43:07] : AUTO RUNNING OFF
[13:43:27] : MEAS ESC ON
[13:43:59] : MEAS ESC OFF
[13:43:59] : AUTO RUNNING ON
[13:44:41] : Cycle start ON
[13:44:43] : Cycle start OFF
[13:44:50] : REQUEST MEAS. ON
[13:44:59] : REQUEST MEAS. OFF
[13:44:59] : end pos sig1 : 50.000000, 50.000000
[13:44:59] : 측정요구 ON 2
[13:45:08] : 측정요구 2OFF
[13:45:08] : end pos sig2 : -50.000000, -50.000000
[13:45:12] : 측정요구3 ON
[13:45:21] : 측정요구3 OFF
[13:45:21] : end pos sig3 : 50.000000, 50.000000
[13:45:21] : 측정요구4 ON
[13:45:31] : 측정요구4 OFF
[13:45:31] : end pos sig4 : -50.000000, -50.000000
[13:45:31] : 12,20190104-134532,AL19010236473,,OK,MAX,2, ,AUTO,0.10,3.00,1.17,OK,0.10,3.00,0.93,OK,0.10,3.00,0.69,OK,0.10,3.00,0.90,OK,
[13:45:51] : Cycle start ON
[13:45:53] : Cycle start OFF
[13:46:00] : REQUEST MEAS. ON
[13:46:09] : REQUEST MEAS. OFF
[13:46:09] : end pos sig1 : 50.000000, 50.000000
[13:46:09] : 측정요구 ON 2
[13:46:18] : 측정요구 2OFF
[13:46:18] : end pos sig2 : -50.000000, -50.000000
[13:46:23] : 측정요구3 ON
[13:46:32] : 측정요구3 OFF
[13:46:32] : end pos sig3 : 50.000000, 50.000000
[13:46:32] : 측정요구4 ON
[13:46:41] : 측정요구4 OFF
[13:46:41] : end pos sig4 : -50.000000, -50.000000
[13:46:41] : 12,20190104-134642,AL19010236453,,OK,MAX,2, ,AUTO,0.10,3.00,0.92,OK,0.10,3.00,0.87,OK,0.10,3.00,0.66,OK,0.10,3.00,1.33,OK,
[13:47:05] : Cycle start ON
[13:47:07] : Cycle start OFF
[13:47:14] : REQUEST MEAS. ON
[13:47:23] : REQUEST MEAS. OFF
[13:47:23] : end pos sig1 : 50.000000, 50.000000
[13:47:23] : 측정요구 ON 2
[13:47:33] : 측정요구 2OFF
[13:47:33] : end pos sig2 : -50.000000, -50.000000
[13:47:38] : 측정요구3 ON
[13:47:47] : 측정요구3 OFF
[13:47:47] : end pos sig3 : 50.000000, 50.000000
[13:47:47] : 측정요구4 ON
[13:47:56] : 측정요구4 OFF
[13:47:56] : end pos sig4 : -50.000000, -50.000000
[13:47:56] : 12,20190104-134757,AL19010236493,,OK,MAX,2, ,AUTO,0.10,3.00,1.00,OK,0.10,3.00,0.93,OK,0.10,3.00,0.70,OK,0.10,3.00,1.10,OK,
[13:48:16] : Cycle start ON
[13:48:18] : Cycle start OFF
[13:48:25] : REQUEST MEAS. ON
[13:48:34] : REQUEST MEAS. OFF
[13:48:34] : end pos sig1 : 50.000000, 50.000000
[13:48:34] : 측정요구 ON 2
[13:48:43] : 측정요구 2OFF
[13:48:43] : end pos sig2 : -50.000000, -50.000000
[13:48:48] : 측정요구3 ON
[13:48:57] : 측정요구3 OFF
[13:48:57] : end pos sig3 : 50.000000, 50.000000
[13:48:57] : 측정요구4 ON
[13:49:06] : 측정요구4 OFF
[13:49:06] : end pos sig4 : -50.000000, -50.000000
[13:49:06] : 12,20190104-134907,AL19010236533,,OK,MAX,2, ,AUTO,0.10,3.00,0.92,OK,0.10,3.00,0.82,OK,0.10,3.00,0.55,OK,0.10,3.00,2.15,OK,
[13:49:43] : Cycle start ON
[13:49:45] : Cycle start OFF
[13:49:51] : REQUEST MEAS. ON
[13:50:00] : REQUEST MEAS. OFF
[13:50:00] : end pos sig1 : 50.000000, 50.000000
[13:50:01] : 측정요구 ON 2
[13:50:10] : 측정요구 2OFF
[13:50:10] : end pos sig2 : -50.000000, -50.000000
[13:50:15] : 측정요구3 ON
[13:50:24] : 측정요구3 OFF
[13:50:24] : end pos sig3 : 50.000000, 50.000000
[13:50:24] : 측정요구4 ON
[13:50:33] : 측정요구4 OFF
[13:50:33] : end pos sig4 : -50.000000, -50.000000
[13:50:33] : 12,20190104-135034,AL19010236513,,OK,MAX,2, ,AUTO,0.10,3.00,1.04,OK,0.10,3.00,0.78,OK,0.10,3.00,0.62,OK,0.10,3.00,1.06,OK,
[13:50:56] : Cycle start ON
[13:50:58] : Cycle start OFF
[13:51:04] : REQUEST MEAS. ON
[13:51:13] : REQUEST MEAS. OFF
[13:51:13] : end pos sig1 : 50.000000, 50.000000
[13:51:13] : 측정요구 ON 2
[13:51:23] : 측정요구 2OFF
[13:51:23] : end pos sig2 : -50.000000, -50.000000
[13:51:27] : 측정요구3 ON
[13:51:36] : 측정요구3 OFF
[13:51:36] : end pos sig3 : 50.000000, 50.000000
[13:51:36] : 측정요구4 ON
[13:51:46] : 측정요구4 OFF
[13:51:46] : end pos sig4 : -50.000000, -50.000000
[13:51:46] : 12,20190104-135147,AL19010239203,,OK,MAX,2, ,AUTO,0.10,3.00,1.48,OK,0.10,3.00,1.10,OK,0.10,3.00,0.77,OK,0.10,3.00,1.02,OK,
[13:52:09] : Cycle start ON
[13:52:11] : Cycle start OFF
[13:52:18] : REQUEST MEAS. ON
[13:52:27] : REQUEST MEAS. OFF
[13:52:27] : end pos sig1 : 50.000000, 50.000000
[13:52:27] : 측정요구 ON 2
[13:52:36] : 측정요구 2OFF
[13:52:36] : end pos sig2 : -50.000000, -50.000000
[13:52:40] : 측정요구3 ON
[13:52:49] : 측정요구3 OFF
[13:52:49] : end pos sig3 : 50.000000, 50.000000
[13:52:49] : 측정요구4 ON
[13:52:59] : 측정요구4 OFF
[13:52:59] : end pos sig4 : -50.000000, -50.000000
[13:52:59] : 12,20190104-135300,AL19010239173,,OK,MAX,2, ,AUTO,0.10,3.00,1.42,OK,0.10,3.00,0.76,OK,0.10,3.00,0.58,OK,0.10,3.00,0.96,OK,
[13:53:27] : Cycle start ON
[13:53:29] : Cycle start OFF
[13:53:36] : REQUEST MEAS. ON
[13:53:45] : REQUEST MEAS. OFF
[13:53:45] : end pos sig1 : 50.000000, 50.000000
[13:53:45] : 측정요구 ON 2
[13:53:54] : 측정요구 2OFF
[13:53:54] : end pos sig2 : -50.000000, -50.000000
[13:53:59] : 측정요구3 ON
[13:54:08] : 측정요구3 OFF
[13:54:08] : end pos sig3 : 50.000000, 50.000000
[13:54:08] : 측정요구4 ON
[13:54:17] : 측정요구4 OFF
[13:54:17] : end pos sig4 : -50.000000, -50.000000
[13:54:17] : 12,20190104-135418,AL19010239223,,OK,MAX,2, ,AUTO,0.10,3.00,1.05,OK,0.10,3.00,0.71,OK,0.10,3.00,0.73,OK,0.10,3.00,1.34,OK,
[13:54:42] : Cycle start ON
[13:54:44] : Cycle start OFF
[13:54:51] : REQUEST MEAS. ON
[13:55:00] : REQUEST MEAS. OFF
[13:55:00] : end pos sig1 : 50.000000, 50.000000
[13:55:00] : 측정요구 ON 2
[13:55:10] : 측정요구 2OFF
[13:55:10] : end pos sig2 : -50.000000, -50.000000
[13:55:14] : 측정요구3 ON
[13:55:23] : 측정요구3 OFF
[13:55:23] : end pos sig3 : 50.000000, 50.000000
[13:55:23] : 측정요구4 ON
[13:55:33] : 측정요구4 OFF
[13:55:33] : end pos sig4 : -50.000000, -50.000000
[13:55:33] : 12,20190104-135533,AL19010239273,,OK,MAX,2, ,AUTO,0.10,3.00,1.01,OK,0.10,3.00,0.73,OK,0.10,3.00,0.77,OK,0.10,3.00,0.97,OK,
[13:55:58] : Cycle start ON
[13:56:00] : Cycle start OFF
[13:56:06] : REQUEST MEAS. ON
[13:56:15] : REQUEST MEAS. OFF
[13:56:15] : end pos sig1 : 50.000000, 50.000000
[13:56:15] : 측정요구 ON 2
[13:56:25] : 측정요구 2OFF
[13:56:25] : end pos sig2 : -50.000000, -50.000000
[13:56:30] : 측정요구3 ON
[13:56:39] : 측정요구3 OFF
[13:56:39] : end pos sig3 : 50.000000, 50.000000
[13:56:39] : 측정요구4 ON
[13:56:48] : 측정요구4 OFF
[13:56:48] : end pos sig4 : -50.000000, -50.000000
[13:56:48] : 12,20190104-135649,AL19010239263,,OK,MAX,2, ,AUTO,0.10,3.00,1.16,OK,0.10,3.00,0.78,OK,0.10,3.00,0.74,OK,0.10,3.00,1.29,OK,
[13:57:06] : Cycle start ON
[13:57:08] : Cycle start OFF
[13:57:14] : REQUEST MEAS. ON
[13:57:23] : REQUEST MEAS. OFF
[13:57:23] : end pos sig1 : 50.000000, 50.000000
[13:57:24] : 측정요구 ON 2
[13:57:33] : 측정요구 2OFF
[13:57:33] : end pos sig2 : -50.000000, -50.000000
[13:57:37] : 측정요구3 ON
[13:57:46] : 측정요구3 OFF
[13:57:46] : end pos sig3 : 50.000000, 50.000000
[13:57:46] : 측정요구4 ON
[13:57:56] : 측정요구4 OFF
[13:57:56] : end pos sig4 : -50.000000, -50.000000
[13:57:56] : 12,20190104-135756,AL19010236063,,OK,MAX,2, ,AUTO,0.10,3.00,0.84,OK,0.10,3.00,0.85,OK,0.10,3.00,0.59,OK,0.10,3.00,1.21,OK,
[13:58:13] : Cycle start ON
[13:58:15] : Cycle start OFF
[13:58:21] : REQUEST MEAS. ON
[13:58:30] : REQUEST MEAS. OFF
[13:58:30] : end pos sig1 : 50.000000, 50.000000
[13:58:30] : 측정요구 ON 2
[13:58:40] : 측정요구 2OFF
[13:58:40] : end pos sig2 : -50.000000, -50.000000
[13:58:45] : 측정요구3 ON
[13:58:54] : 측정요구3 OFF
[13:58:54] : end pos sig3 : 50.000000, 50.000000
[13:58:54] : 측정요구4 ON
[13:59:03] : 측정요구4 OFF
[13:59:03] : end pos sig4 : -50.000000, -50.000000
[13:59:03] : 12,20190104-135904,AL19010236043,,OK,MAX,2, ,AUTO,0.10,3.00,0.93,OK,0.10,3.00,1.08,OK,0.10,3.00,0.58,OK,0.10,3.00,1.95,OK,
[13:59:21] : Cycle start ON
[13:59:23] : Cycle start OFF
[13:59:30] : REQUEST MEAS. ON
[13:59:39] : REQUEST MEAS. OFF
[13:59:39] : end pos sig1 : 50.000000, 50.000000
[13:59:39] : 측정요구 ON 2
[13:59:49] : 측정요구 2OFF
[13:59:49] : end pos sig2 : -50.000000, -50.000000
[13:59:53] : 측정요구3 ON
[14:00:02] : 측정요구3 OFF
[14:00:02] : end pos sig3 : 50.000000, 50.000000
[14:00:02] : 측정요구4 ON
[14:00:12] : 측정요구4 OFF
[14:00:12] : end pos sig4 : -50.000000, -50.000000
[14:00:12] : 12,20190104-140012,AL19010236023,,OK,MAX,2, ,AUTO,0.10,3.00,0.76,OK,0.10,3.00,0.92,OK,0.10,3.00,0.72,OK,0.10,3.00,1.79,OK,
[14:00:29] : Cycle start ON
[14:00:31] : Cycle start OFF
[14:00:37] : REQUEST MEAS. ON
[14:00:47] : REQUEST MEAS. OFF
[14:00:47] : end pos sig1 : 50.000000, 50.000000
[14:00:47] : 측정요구 ON 2
[14:00:56] : 측정요구 2OFF
[14:00:56] : end pos sig2 : -50.000000, -50.000000
[14:01:01] : 측정요구3 ON
[14:01:10] : 측정요구3 OFF
[14:01:10] : end pos sig3 : 50.000000, 50.000000
[14:01:10] : 측정요구4 ON
[14:01:19] : 측정요구4 OFF
[14:01:19] : end pos sig4 : -50.000000, -50.000000
[14:01:19] : 12,20190104-140120,AL19010236083,,OK,MAX,2, ,AUTO,0.10,3.00,0.87,OK,0.10,3.00,1.27,OK,0.10,3.00,0.62,OK,0.10,3.00,0.96,OK,
[14:01:37] : Cycle start ON
[14:01:39] : Cycle start OFF
[14:01:45] : REQUEST MEAS. ON
[14:01:55] : REQUEST MEAS. OFF
[14:01:55] : end pos sig1 : 50.000000, 50.000000
[14:01:55] : 측정요구 ON 2
[14:02:04] : 측정요구 2OFF
[14:02:04] : end pos sig2 : -50.000000, -50.000000
[14:02:09] : 측정요구3 ON
[14:02:18] : 측정요구3 OFF
[14:02:18] : end pos sig3 : 50.000000, 50.000000
[14:02:18] : 측정요구4 ON
[14:02:27] : 측정요구4 OFF
[14:02:27] : end pos sig4 : -50.000000, -50.000000
[14:02:27] : 12,20190104-140228,AL19010236103,,OK,MAX,2, ,AUTO,0.10,3.00,1.12,OK,0.10,3.00,0.81,OK,0.10,3.00,1.24,OK,0.10,3.00,1.40,OK,
[14:02:45] : Cycle start ON
[14:02:47] : Cycle start OFF
[14:02:53] : REQUEST MEAS. ON
[14:03:02] : REQUEST MEAS. OFF
[14:03:02] : end pos sig1 : 50.000000, 50.000000
[14:03:02] : 측정요구 ON 2
[14:03:12] : 측정요구 2OFF
[14:03:12] : end pos sig2 : -50.000000, -50.000000
[14:03:16] : 측정요구3 ON
[14:03:25] : 측정요구3 OFF
[14:03:25] : end pos sig3 : 50.000000, 50.000000
[14:03:25] : 측정요구4 ON
[14:03:35] : 측정요구4 OFF
[14:03:35] : end pos sig4 : -50.000000, -50.000000
[14:03:35] : 12,20190104-140335,AL19010238983,,OK,MAX,2, ,AUTO,0.10,3.00,0.78,OK,0.10,3.00,1.17,OK,0.10,3.00,0.59,OK,0.10,3.00,1.28,OK,
[14:05:10] : Cycle start ON
[14:05:12] : Cycle start OFF
[14:05:18] : REQUEST MEAS. ON
[14:05:27] : REQUEST MEAS. OFF
[14:05:27] : end pos sig1 : 50.000000, 50.000000
[14:05:27] : 측정요구 ON 2
[14:05:37] : 측정요구 2OFF
[14:05:37] : end pos sig2 : -50.000000, -50.000000
[14:05:42] : 측정요구3 ON
[14:05:51] : 측정요구3 OFF
[14:05:51] : end pos sig3 : 50.000000, 50.000000
[14:05:51] : 측정요구4 ON
[14:06:00] : 측정요구4 OFF
[14:06:00] : end pos sig4 : -50.000000, -50.000000
[14:06:00] : 12,20190104-140601,AL19010238963,,OK,MAX,2, ,AUTO,0.10,3.00,0.82,OK,0.10,3.00,1.59,OK,0.10,3.00,0.60,OK,0.10,3.00,1.01,OK,
[14:06:24] : Cycle start ON
[14:06:26] : Cycle start OFF
[14:06:32] : REQUEST MEAS. ON
[14:06:41] : REQUEST MEAS. OFF
[14:06:41] : end pos sig1 : 50.000000, 50.000000
[14:06:42] : 측정요구 ON 2
[14:06:51] : 측정요구 2OFF
[14:06:51] : end pos sig2 : -50.000000, -50.000000
[14:06:55] : 측정요구3 ON
[14:07:04] : 측정요구3 OFF
[14:07:04] : end pos sig3 : 50.000000, 50.000000
[14:07:04] : 측정요구4 ON
[14:07:14] : 측정요구4 OFF
[14:07:14] : end pos sig4 : -50.000000, -50.000000
[14:07:14] : 12,20190104-140714,AL19010238993,,OK,MAX,2, ,AUTO,0.10,3.00,0.93,OK,0.10,3.00,0.99,OK,0.10,3.00,0.64,OK,0.10,3.00,0.51,OK,
[14:07:39] : Cycle start ON
[14:07:41] : Cycle start OFF
[14:07:48] : REQUEST MEAS. ON
[14:07:57] : REQUEST MEAS. OFF
[14:07:57] : end pos sig1 : 50.000000, 50.000000
[14:07:57] : 측정요구 ON 2
[14:08:06] : 측정요구 2OFF
[14:08:06] : end pos sig2 : -50.000000, -50.000000
[14:08:11] : 측정요구3 ON
[14:08:20] : 측정요구3 OFF
[14:08:20] : end pos sig3 : 50.000000, 50.000000
[14:08:20] : 측정요구4 ON
[14:08:29] : 측정요구4 OFF
[14:08:29] : end pos sig4 : -50.000000, -50.000000
[14:08:29] : 12,20190104-140830,AL19010239033,,OK,MAX,2, ,AUTO,0.10,3.00,0.88,OK,0.10,3.00,1.80,OK,0.10,3.00,0.60,OK,0.10,3.00,0.96,OK,
[14:08:55] : Cycle start ON
[14:08:57] : Cycle start OFF
[14:09:03] : REQUEST MEAS. ON
[14:09:12] : REQUEST MEAS. OFF
[14:09:12] : end pos sig1 : 50.000000, 50.000000
[14:09:12] : 측정요구 ON 2
[14:09:22] : 측정요구 2OFF
[14:09:22] : end pos sig2 : -50.000000, -50.000000
[14:09:26] : 측정요구3 ON
[14:09:35] : 측정요구3 OFF
[14:09:35] : end pos sig3 : 50.000000, 50.000000
[14:09:35] : 측정요구4 ON
[14:09:45] : 측정요구4 OFF
[14:09:45] : end pos sig4 : -50.000000, -50.000000
[14:09:45] : 12,20190104-140945,AL19010239053,,OK,MAX,2, ,AUTO,0.10,3.00,1.13,OK,0.10,3.00,1.06,OK,0.10,3.00,0.83,OK,0.10,3.00,0.92,OK,
[14:10:10] : Cycle start ON
[14:10:12] : Cycle start OFF
[14:10:19] : REQUEST MEAS. ON
[14:10:28] : REQUEST MEAS. OFF
[14:10:28] : end pos sig1 : 50.000000, 50.000000
[14:10:28] : 측정요구 ON 2
[14:10:38] : 측정요구 2OFF
[14:10:38] : end pos sig2 : -50.000000, -50.000000
[14:10:42] : 측정요구3 ON
[14:10:51] : 측정요구3 OFF
[14:10:51] : end pos sig3 : 50.000000, 50.000000
[14:10:51] : 측정요구4 ON
[14:11:01] : 측정요구4 OFF
[14:11:01] : end pos sig4 : -50.000000, -50.000000
[14:11:01] : 12,20190104-141101,AL19010238183,,OK,MAX,2, ,AUTO,0.10,3.00,0.95,OK,0.10,3.00,1.08,OK,0.10,3.00,0.70,OK,0.10,3.00,1.51,OK,
[14:11:16] : AUTO RUNNING OFF
[14:12:39] : MEAS ESC ON
[14:12:46] : MEAS ESC OFF
[14:12:46] : AUTO RUNNING ON
[14:13:25] : Cycle start ON
[14:13:27] : Cycle start OFF
[14:13:34] : REQUEST MEAS. ON
[14:13:43] : REQUEST MEAS. OFF
[14:13:43] : end pos sig1 : 50.000000, 50.000000
[14:13:43] : 측정요구 ON 2
[14:13:52] : 측정요구 2OFF
[14:13:52] : end pos sig2 : -50.000000, -50.000000
[14:13:57] : 측정요구3 ON
[14:14:06] : 측정요구3 OFF
[14:14:06] : end pos sig3 : 50.000000, 50.000000
[14:14:06] : 측정요구4 ON
[14:14:15] : 측정요구4 OFF
[14:14:15] : end pos sig4 : -50.000000, -50.000000
[14:14:15] : 12,20190104-141416,AL19010238163,,OK,MAX,2, ,AUTO,0.10,3.00,1.06,OK,0.10,3.00,0.83,OK,0.10,3.00,0.71,OK,0.10,3.00,2.19,OK,
[14:14:52] : Cycle start ON
[14:14:54] : Cycle start OFF
[14:15:01] : REQUEST MEAS. ON
[14:15:10] : REQUEST MEAS. OFF
[14:15:10] : end pos sig1 : 50.000000, 50.000000
[14:15:10] : 측정요구 ON 2
[14:15:19] : 측정요구 2OFF
[14:15:19] : end pos sig2 : -50.000000, -50.000000
[14:15:24] : 측정요구3 ON
[14:15:33] : 측정요구3 OFF
[14:15:33] : end pos sig3 : 50.000000, 50.000000
[14:15:33] : 측정요구4 ON
[14:15:43] : 측정요구4 OFF
[14:15:43] : end pos sig4 : -50.000000, -50.000000
[14:15:43] : 12,20190104-141543,AL19010238243,,OK,MAX,2, ,AUTO,0.10,3.00,0.94,OK,0.10,3.00,0.93,OK,0.10,3.00,0.71,OK,0.10,3.00,2.58,OK,
[14:16:00] : Cycle start ON
[14:16:02] : Cycle start OFF
[14:16:09] : REQUEST MEAS. ON
[14:16:18] : REQUEST MEAS. OFF
[14:16:18] : end pos sig1 : 50.000000, 50.000000
[14:16:18] : 측정요구 ON 2
[14:16:28] : 측정요구 2OFF
[14:16:28] : end pos sig2 : -50.000000, -50.000000
[14:16:32] : 측정요구3 ON
[14:16:41] : 측정요구3 OFF
[14:16:41] : end pos sig3 : 50.000000, 50.000000
[14:16:41] : 측정요구4 ON
[14:16:51] : 측정요구4 OFF
[14:16:51] : end pos sig4 : -50.000000, -50.000000
[14:16:51] : 12,20190104-141651,AL19010238213,,OK,MAX,2, ,AUTO,0.10,3.00,0.75,OK,0.10,3.00,1.19,OK,0.10,3.00,0.86,OK,0.10,3.00,1.08,OK,
[14:17:08] : Cycle start ON
[14:17:10] : Cycle start OFF
[14:17:17] : REQUEST MEAS. ON
[14:17:26] : REQUEST MEAS. OFF
[14:17:26] : end pos sig1 : 50.000000, 50.000000
[14:17:26] : 측정요구 ON 2
[14:17:36] : 측정요구 2OFF
[14:17:36] : end pos sig2 : -50.000000, -50.000000
[14:17:40] : 측정요구3 ON
[14:17:49] : 측정요구3 OFF
[14:17:49] : end pos sig3 : 50.000000, 50.000000
[14:17:49] : 측정요구4 ON
[14:17:59] : 측정요구4 OFF
[14:17:59] : end pos sig4 : -50.000000, -50.000000
[14:17:59] : 12,20190104-141759,AL19010238233,,OK,MAX,2, ,AUTO,0.10,3.00,0.75,OK,0.10,3.00,0.84,OK,0.10,3.00,0.73,OK,0.10,3.00,1.02,OK,
[14:18:16] : Cycle start ON
[14:18:18] : Cycle start OFF
[14:18:25] : REQUEST MEAS. ON
[14:18:34] : REQUEST MEAS. OFF
[14:18:34] : end pos sig1 : 50.000000, 50.000000
[14:18:34] : 측정요구 ON 2
[14:18:44] : 측정요구 2OFF
[14:18:44] : end pos sig2 : -50.000000, -50.000000
[14:18:48] : 측정요구3 ON
[14:18:57] : 측정요구3 OFF
[14:18:57] : end pos sig3 : 50.000000, 50.000000
[14:18:57] : 측정요구4 ON
[14:19:07] : 측정요구4 OFF
[14:19:07] : end pos sig4 : -50.000000, -50.000000
[14:19:07] : 12,20190104-141908,AL19010239093,,OK,MAX,2, ,AUTO,0.10,3.00,0.75,OK,0.10,3.00,0.96,OK,0.10,3.00,0.67,OK,0.10,3.00,0.73,OK,
[14:19:21] : AUTO RUNNING OFF
[14:31:50] : MEAS ESC ON
[14:34:32] : MEAS ESC OFF
[14:42:08] : MEAS ESC ON
[14:42:09] : MEAS ESC OFF
[14:42:09] : AUTO RUNNING ON
[14:42:22] : Cycle start ON
[14:42:24] : Cycle start OFF
[14:42:31] : REQUEST MEAS. ON
[14:42:40] : REQUEST MEAS. OFF
[14:42:40] : end pos sig1 : 50.000000, 50.000000
[14:42:40] : 측정요구 ON 2
[14:42:49] : 측정요구 2OFF
[14:42:49] : end pos sig2 : -50.000000, -50.000000
[14:42:54] : 측정요구3 ON
[14:43:03] : 측정요구3 OFF
[14:43:03] : end pos sig3 : 50.000000, 50.000000
[14:43:03] : 측정요구4 ON
[14:43:12] : 측정요구4 OFF
[14:43:12] : end pos sig4 : -50.000000, -50.000000
[14:43:12] : 12,20190104-144313,AL19010239063,,OK,MAX,2, ,AUTO,0.10,3.00,0.67,OK,0.10,3.00,1.63,OK,0.10,3.00,0.59,OK,0.10,3.00,1.16,OK,
[14:48:01] : Cycle start ON
[14:48:03] : Cycle start OFF
[14:48:09] : REQUEST MEAS. ON
[14:48:19] : REQUEST MEAS. OFF
[14:48:19] : end pos sig1 : 50.000000, 50.000000
[14:48:19] : 측정요구 ON 2
[14:48:28] : 측정요구 2OFF
[14:48:28] : end pos sig2 : -50.000000, -50.000000
[14:48:33] : 측정요구3 ON
[14:48:42] : 측정요구3 OFF
[14:48:42] : end pos sig3 : 50.000000, 50.000000
[14:48:42] : 측정요구4 ON
[14:48:51] : 측정요구4 OFF
[14:48:51] : end pos sig4 : -50.000000, -50.000000
[14:48:51] : 12,20190104-144852,AL19010233893,,OK,MAX,2, ,AUTO,0.10,3.00,0.88,OK,0.10,3.00,1.21,OK,0.10,3.00,0.63,OK,0.10,3.00,0.68,OK,
[14:50:07] : AUTO RUNNING OFF
[14:51:06] : MEAS ESC ON
[14:51:09] : MEAS ESC OFF
[14:51:09] : AUTO RUNNING ON
[14:51:50] : Cycle start ON
[14:51:52] : Cycle start OFF
[14:51:58] : REQUEST MEAS. ON
[14:52:08] : REQUEST MEAS. OFF
[14:52:08] : end pos sig1 : 50.000000, 50.000000
[14:52:08] : 측정요구 ON 2
[14:52:17] : 측정요구 2OFF
[14:52:17] : end pos sig2 : -50.000000, -50.000000
[14:52:22] : 측정요구3 ON
[14:52:31] : 측정요구3 OFF
[14:52:31] : end pos sig3 : 50.000000, 50.000000
[14:52:31] : 측정요구4 ON
[14:52:40] : 측정요구4 OFF
[14:52:40] : end pos sig4 : -50.000000, -50.000000
[14:52:40] : 12,20190104-145241,AL19010233863,,OK,MAX,2, ,AUTO,0.10,3.00,1.02,OK,0.10,3.00,0.85,OK,0.10,3.00,0.60,OK,0.10,3.00,1.25,OK,
[14:53:01] : Cycle start ON
[14:53:03] : Cycle start OFF
[14:53:10] : REQUEST MEAS. ON
[14:53:19] : REQUEST MEAS. OFF
[14:53:19] : end pos sig1 : 50.000000, 50.000000
[14:53:19] : 측정요구 ON 2
[14:53:28] : 측정요구 2OFF
[14:53:28] : end pos sig2 : -50.000000, -50.000000
[14:53:33] : 측정요구3 ON
[14:53:42] : 측정요구3 OFF
[14:53:42] : end pos sig3 : 50.000000, 50.000000
[14:53:42] : 측정요구4 ON
[14:53:51] : 측정요구4 OFF
[14:53:51] : end pos sig4 : -50.000000, -50.000000
[14:53:51] : 12,20190104-145352,AL19010233903,,OK,MAX,2, ,AUTO,0.10,3.00,0.89,OK,0.10,3.00,0.84,OK,0.10,3.00,0.78,OK,0.10,3.00,2.31,OK,
[14:55:44] : Cycle start ON
[14:55:46] : Cycle start OFF
[14:55:53] : REQUEST MEAS. ON
[14:56:02] : REQUEST MEAS. OFF
[14:56:02] : end pos sig1 : 50.000000, 50.000000
[14:56:02] : 측정요구 ON 2
[14:56:12] : 측정요구 2OFF
[14:56:12] : end pos sig2 : -50.000000, -50.000000
[14:56:16] : 측정요구3 ON
[14:56:25] : 측정요구3 OFF
[14:56:25] : end pos sig3 : 50.000000, 50.000000
[14:56:25] : 측정요구4 ON
[14:56:35] : 측정요구4 OFF
[14:56:35] : end pos sig4 : -50.000000, -50.000000
[14:56:35] : 12,20190104-145635,AL19010233923,,OK,MAX,2, ,AUTO,0.10,3.00,0.88,OK,0.10,3.00,0.70,OK,0.10,3.00,0.73,OK,0.10,3.00,0.74,OK,
[14:56:52] : Cycle start ON
[14:56:55] : Cycle start OFF
[14:57:01] : REQUEST MEAS. ON
[14:57:10] : REQUEST MEAS. OFF
[14:57:10] : end pos sig1 : 50.000000, 50.000000
[14:57:10] : 측정요구 ON 2
[14:57:19] : 측정요구 2OFF
[14:57:19] : end pos sig2 : -50.000000, -50.000000
[14:57:24] : 측정요구3 ON
[14:57:33] : 측정요구3 OFF
[14:57:33] : end pos sig3 : 50.000000, 50.000000
[14:57:33] : 측정요구4 ON
[14:57:42] : 측정요구4 OFF
[14:57:42] : end pos sig4 : -50.000000, -50.000000
[14:57:42] : 12,20190104-145743,AL19010233843,,OK,MAX,2, ,AUTO,0.10,3.00,0.77,OK,0.10,3.00,0.77,OK,0.10,3.00,0.71,OK,0.10,3.00,0.73,OK,
[14:59:10] : AUTO RUNNING OFF
[15:00:08] : MEAS ESC ON
[15:00:09] : MEAS ESC OFF
[15:00:09] : AUTO RUNNING ON
[15:00:55] : Cycle start ON
[15:00:57] : Cycle start OFF
[15:01:03] : REQUEST MEAS. ON
[15:01:12] : REQUEST MEAS. OFF
[15:01:12] : end pos sig1 : 50.000000, 50.000000
[15:01:13] : 측정요구 ON 2
[15:01:22] : 측정요구 2OFF
[15:01:22] : end pos sig2 : -50.000000, -50.000000
[15:01:26] : 측정요구3 ON
[15:01:35] : 측정요구3 OFF
[15:01:35] : end pos sig3 : 50.000000, 50.000000
[15:01:35] : 측정요구4 ON
[15:01:45] : 측정요구4 OFF
[15:01:45] : end pos sig4 : -50.000000, -50.000000
[15:01:45] : 12,20190104-150145,AL19010233463,,OK,MAX,2, ,AUTO,0.10,3.00,0.99,OK,0.10,3.00,1.25,OK,0.10,3.00,0.55,OK,0.10,3.00,1.40,OK,
[15:02:06] : Cycle start ON
[15:02:08] : Cycle start OFF
[15:02:14] : REQUEST MEAS. ON
[15:02:23] : REQUEST MEAS. OFF
[15:02:23] : end pos sig1 : 50.000000, 50.000000
[15:02:23] : 측정요구 ON 2
[15:02:33] : 측정요구 2OFF
[15:02:33] : end pos sig2 : -50.000000, -50.000000
[15:02:38] : 측정요구3 ON
[15:02:47] : 측정요구3 OFF
[15:02:47] : end pos sig3 : 50.000000, 50.000000
[15:02:47] : 측정요구4 ON
[15:02:57] : 측정요구4 OFF
[15:02:57] : end pos sig4 : -50.000000, -50.000000
[15:02:57] : 12,20190104-150257,AL19010233443,,OK,MAX,2, ,AUTO,0.10,3.00,0.92,OK,0.10,3.00,0.82,OK,0.10,3.00,0.79,OK,0.10,3.00,1.28,OK,
[15:03:24] : Cycle start ON
[15:03:26] : Cycle start OFF
[15:03:32] : REQUEST MEAS. ON
[15:03:42] : REQUEST MEAS. OFF
[15:03:42] : end pos sig1 : 50.000000, 50.000000
[15:03:42] : 측정요구 ON 2
[15:03:51] : 측정요구 2OFF
[15:03:51] : end pos sig2 : -50.000000, -50.000000
[15:03:56] : 측정요구3 ON
[15:04:05] : 측정요구3 OFF
[15:04:05] : end pos sig3 : 50.000000, 50.000000
[15:04:05] : 측정요구4 ON
[15:04:14] : 측정요구4 OFF
[15:04:14] : end pos sig4 : -50.000000, -50.000000
[15:04:14] : 12,20190104-150415,AL19010233483,,OK,MAX,2, ,AUTO,0.10,3.00,1.09,OK,0.10,3.00,0.84,OK,0.10,3.00,0.57,OK,0.10,3.00,0.69,OK,
[15:04:37] : Cycle start ON
[15:04:39] : Cycle start OFF
[15:04:46] : REQUEST MEAS. ON
[15:04:55] : REQUEST MEAS. OFF
[15:04:55] : end pos sig1 : 50.000000, 50.000000
[15:04:55] : 측정요구 ON 2
[15:05:05] : 측정요구 2OFF
[15:05:05] : end pos sig2 : -50.000000, -50.000000
[15:05:09] : 측정요구3 ON
[15:05:18] : 측정요구3 OFF
[15:05:18] : end pos sig3 : 50.000000, 50.000000
[15:05:18] : 측정요구4 ON
[15:05:28] : 측정요구4 OFF
[15:05:28] : end pos sig4 : -50.000000, -50.000000
[15:05:28] : 12,20190104-150528,AL19010233633,,OK,MAX,2, ,AUTO,0.10,3.00,1.09,OK,0.10,3.00,1.13,OK,0.10,3.00,0.60,OK,0.10,3.00,1.76,OK,
[15:05:52] : Cycle start ON
[15:05:54] : Cycle start OFF
[15:06:01] : REQUEST MEAS. ON
[15:06:10] : REQUEST MEAS. OFF
[15:06:10] : end pos sig1 : 50.000000, 50.000000
[15:06:10] : 측정요구 ON 2
[15:06:20] : 측정요구 2OFF
[15:06:20] : end pos sig2 : -50.000000, -50.000000
[15:06:24] : 측정요구3 ON
[15:06:33] : 측정요구3 OFF
[15:06:33] : end pos sig3 : 50.000000, 50.000000
[15:06:33] : 측정요구4 ON
[15:06:43] : 측정요구4 OFF
[15:06:43] : end pos sig4 : -50.000000, -50.000000
[15:06:43] : 12,20190104-150643,AL19010233653,,OK,MAX,2, ,AUTO,0.10,3.00,0.85,OK,0.10,3.00,0.94,OK,0.10,3.00,0.71,OK,0.10,3.00,1.96,OK,
[15:07:23] : Cycle start ON
[15:07:25] : Cycle start OFF
[15:07:31] : REQUEST MEAS. ON
[15:07:40] : REQUEST MEAS. OFF
[15:07:40] : end pos sig1 : 50.000000, 50.000000
[15:07:40] : 측정요구 ON 2
[15:07:49] : 측정요구 2OFF
[15:07:49] : end pos sig2 : -50.000000, -50.000000
[15:07:54] : 측정요구3 ON
[15:08:03] : 측정요구3 OFF
[15:08:03] : end pos sig3 : 50.000000, 50.000000
[15:08:03] : 측정요구4 ON
[15:08:12] : 측정요구4 OFF
[15:08:12] : end pos sig4 : -50.000000, -50.000000
[15:08:12] : 12,20190104-150813,AL19010233163,,OK,MAX,2, ,AUTO,0.10,3.00,1.05,OK,0.10,3.00,0.83,OK,0.10,3.00,0.61,OK,0.10,3.00,1.60,OK,
[15:08:30] : Cycle start ON
[15:08:32] : Cycle start OFF
[15:08:38] : REQUEST MEAS. ON
[15:08:48] : REQUEST MEAS. OFF
[15:08:48] : end pos sig1 : 50.000000, 50.000000
[15:08:48] : 측정요구 ON 2
[15:08:57] : 측정요구 2OFF
[15:08:57] : end pos sig2 : -50.000000, -50.000000
[15:09:01] : 측정요구3 ON
[15:09:10] : 측정요구3 OFF
[15:09:10] : end pos sig3 : 50.000000, 50.000000
[15:09:10] : 측정요구4 ON
[15:09:20] : 측정요구4 OFF
[15:09:20] : end pos sig4 : -50.000000, -50.000000
[15:09:20] : 12,20190104-150921,AL19010233103,,OK,MAX,2, ,AUTO,0.10,3.00,1.01,OK,0.10,3.00,0.81,OK,0.10,3.00,0.62,OK,0.10,3.00,1.53,OK,
[15:09:38] : Cycle start ON
[15:09:40] : Cycle start OFF
[15:09:47] : REQUEST MEAS. ON
[15:09:56] : REQUEST MEAS. OFF
[15:09:56] : end pos sig1 : 50.000000, 50.000000
[15:09:56] : 측정요구 ON 2
[15:10:05] : 측정요구 2OFF
[15:10:05] : end pos sig2 : -50.000000, -50.000000
[15:10:10] : 측정요구3 ON
[15:10:19] : 측정요구3 OFF
[15:10:19] : end pos sig3 : 50.000000, 50.000000
[15:10:19] : 측정요구4 ON
[15:10:28] : 측정요구4 OFF
[15:10:28] : end pos sig4 : -50.000000, -50.000000
[15:10:28] : 12,20190104-151029,AL19010233273,,OK,MAX,2, ,AUTO,0.10,3.00,1.00,OK,0.10,3.00,0.99,OK,0.10,3.00,0.69,OK,0.10,3.00,1.79,OK,
[15:10:46] : Cycle start ON
[15:10:48] : Cycle start OFF
[15:10:55] : REQUEST MEAS. ON
[15:11:04] : REQUEST MEAS. OFF
[15:11:04] : end pos sig1 : 50.000000, 50.000000
[15:11:04] : 측정요구 ON 2
[15:11:13] : 측정요구 2OFF
[15:11:13] : end pos sig2 : -50.000000, -50.000000
[15:11:18] : 측정요구3 ON
[15:11:27] : 측정요구3 OFF
[15:11:27] : end pos sig3 : 50.000000, 50.000000
[15:11:27] : 측정요구4 ON
[15:11:36] : 측정요구4 OFF
[15:11:36] : end pos sig4 : -50.000000, -50.000000
[15:11:36] : 12,20190104-151137,AL19010233293,,OK,MAX,2, ,AUTO,0.10,3.00,1.11,OK,0.10,3.00,0.87,OK,0.10,3.00,0.71,OK,0.10,3.00,2.11,OK,
[15:11:55] : Cycle start ON
[15:11:57] : Cycle start OFF
[15:12:03] : REQUEST MEAS. ON
[15:12:12] : REQUEST MEAS. OFF
[15:12:12] : end pos sig1 : 50.000000, 50.000000
[15:12:12] : 측정요구 ON 2
[15:12:22] : 측정요구 2OFF
[15:12:22] : end pos sig2 : -44.810000, -45.880000
[15:12:27] : 측정요구3 ON
[15:12:36] : 측정요구3 OFF
[15:12:36] : end pos sig3 : 50.000000, 50.000000
[15:12:36] : 측정요구4 ON
[15:12:45] : 측정요구4 OFF
[15:12:45] : end pos sig4 : -50.000000, -50.000000
[15:12:45] : 12,20190104-151246,AL19010233313,,OK,MAX,2, ,AUTO,0.10,3.00,0.80,OK,0.10,3.00,0.88,OK,0.10,3.00,0.80,OK,0.10,3.00,1.61,OK,
[15:13:08] : Cycle start ON
[15:13:10] : Cycle start OFF
[15:13:17] : REQUEST MEAS. ON
[15:13:26] : REQUEST MEAS. OFF
[15:13:26] : end pos sig1 : 50.000000, 50.000000
[15:13:26] : 측정요구 ON 2
[15:13:35] : 측정요구 2OFF
[15:13:35] : end pos sig2 : -50.000000, -50.000000
[15:13:40] : 측정요구3 ON
[15:13:49] : 측정요구3 OFF
[15:13:49] : end pos sig3 : 50.000000, 50.000000
[15:13:49] : 측정요구4 ON
[15:13:59] : 측정요구4 OFF
[15:13:59] : end pos sig4 : -50.000000, -50.000000
[15:13:59] : 12,20190104-151359,AL19010238283,,OK,MAX,2, ,AUTO,0.10,3.00,0.79,OK,0.10,3.00,0.73,OK,0.10,3.00,0.57,OK,0.10,3.00,1.35,OK,
[15:14:21] : Cycle start ON
[15:14:23] : Cycle start OFF
[15:14:30] : REQUEST MEAS. ON
[15:14:39] : REQUEST MEAS. OFF
[15:14:39] : end pos sig1 : 50.000000, 50.000000
[15:14:39] : 측정요구 ON 2
[15:14:48] : 측정요구 2OFF
[15:14:48] : end pos sig2 : -50.000000, -50.000000
[15:14:53] : 측정요구3 ON
[15:15:02] : 측정요구3 OFF
[15:15:02] : end pos sig3 : 50.000000, 50.000000
[15:15:02] : 측정요구4 ON
[15:15:11] : 측정요구4 OFF
[15:15:11] : end pos sig4 : -50.000000, -50.000000
[15:15:11] : 12,20190104-151512,AL19010238253,,OK,MAX,2, ,AUTO,0.10,3.00,1.05,OK,0.10,3.00,0.76,OK,0.10,3.00,0.55,OK,0.10,3.00,1.52,OK,
[15:15:39] : Cycle start ON
[15:15:41] : Cycle start OFF
[15:15:47] : REQUEST MEAS. ON
[15:15:57] : REQUEST MEAS. OFF
[15:15:57] : end pos sig1 : 50.000000, 50.000000
[15:15:57] : 측정요구 ON 2
[15:16:06] : 측정요구 2OFF
[15:16:06] : end pos sig2 : -50.000000, -50.000000
[15:16:11] : 측정요구3 ON
[15:16:20] : 측정요구3 OFF
[15:16:20] : end pos sig3 : 50.000000, 50.000000
[15:16:20] : 측정요구4 ON
[15:16:29] : 측정요구4 OFF
[15:16:29] : end pos sig4 : -50.000000, -50.000000
[15:16:29] : 12,20190104-151630,AL19010238303,,OK,MAX,2, ,AUTO,0.10,3.00,0.91,OK,0.10,3.00,1.06,OK,0.10,3.00,0.70,OK,0.10,3.00,2.17,OK,
[15:16:55] : Cycle start ON
[15:16:57] : Cycle start OFF
[15:17:03] : REQUEST MEAS. ON
[15:17:13] : REQUEST MEAS. OFF
[15:17:13] : end pos sig1 : 50.000000, 50.000000
[15:17:13] : 측정요구 ON 2
[15:17:22] : 측정요구 2OFF
[15:17:22] : end pos sig2 : -50.000000, -50.000000
[15:17:27] : 측정요구3 ON
[15:17:36] : 측정요구3 OFF
[15:17:36] : end pos sig3 : 50.000000, 50.000000
[15:17:36] : 측정요구4 ON
[15:17:45] : 측정요구4 OFF
[15:17:45] : end pos sig4 : -50.000000, -50.000000
[15:17:45] : 12,20190104-151746,AL19010238323,,OK,MAX,2, ,AUTO,0.10,3.00,1.53,OK,0.10,3.00,0.99,OK,0.10,3.00,0.78,OK,0.10,3.00,2.56,OK,
[15:18:11] : Cycle start ON
[15:18:13] : Cycle start OFF
[15:18:19] : REQUEST MEAS. ON
[15:18:29] : REQUEST MEAS. OFF
[15:18:29] : end pos sig1 : 50.000000, 50.000000
[15:18:29] : 측정요구 ON 2
[15:18:38] : 측정요구 2OFF
[15:18:38] : end pos sig2 : -50.000000, -50.000000
[15:18:42] : 측정요구3 ON
[15:18:51] : 측정요구3 OFF
[15:18:51] : end pos sig3 : 50.000000, 50.000000
[15:18:51] : 측정요구4 ON
[15:19:01] : 측정요구4 OFF
[15:19:01] : end pos sig4 : -50.000000, -50.000000
[15:19:01] : 12,20190104-151901,AL19010238343,,OK,MAX,2, ,AUTO,0.10,3.00,0.90,OK,0.10,3.00,0.73,OK,0.10,3.00,0.80,OK,0.10,3.00,1.70,OK,
[15:23:40] : AUTO RUNNING OFF
[15:25:13] : MEAS ESC ON
[15:25:13] : MEAS ESC OFF
[15:25:13] : AUTO RUNNING ON
[15:25:53] : Cycle start ON
[15:25:55] : Cycle start OFF
[15:29:26] : REQUEST MEAS. ON
[15:29:35] : REQUEST MEAS. OFF
[15:29:35] : end pos sig1 : 50.000000, 50.000000
[15:29:35] : 측정요구 ON 2
[15:29:45] : 측정요구 2OFF
[15:29:45] : end pos sig2 : -50.000000, -50.000000
[15:29:50] : 측정요구3 ON
[15:29:59] : 측정요구3 OFF
[15:29:59] : end pos sig3 : 50.000000, 50.000000
[15:29:59] : 측정요구4 ON
[15:30:08] : 측정요구4 OFF
[15:30:08] : end pos sig4 : -50.000000, -50.000000
[15:30:08] : 12,20190104-153009,AL19010239103,,OK,MAX,2, ,AUTO,0.10,3.00,0.99,OK,0.10,3.00,0.77,OK,0.10,3.00,0.70,OK,0.10,3.00,0.84,OK,
[15:30:39] : Cycle start ON
[15:30:41] : Cycle start OFF
[15:30:48] : REQUEST MEAS. ON
[15:30:57] : REQUEST MEAS. OFF
[15:30:57] : end pos sig1 : 50.000000, 50.000000
[15:30:57] : 측정요구 ON 2
[15:31:06] : 측정요구 2OFF
[15:31:06] : end pos sig2 : -50.000000, -50.000000
[15:31:11] : 측정요구3 ON
[15:31:20] : 측정요구3 OFF
[15:31:20] : end pos sig3 : 50.000000, 50.000000
[15:31:20] : 측정요구4 ON
[15:31:29] : 측정요구4 OFF
[15:31:29] : end pos sig4 : -50.000000, -50.000000
[15:31:29] : 12,20190104-153130,AL19010233893,,OK,MAX,2, ,AUTO,0.10,3.00,1.01,OK,0.10,3.00,0.71,OK,0.10,3.00,0.60,OK,0.10,3.00,0.65,OK,
[15:40:58] : Cycle start ON
[15:41:00] : Cycle start OFF
[15:41:07] : REQUEST MEAS. ON
[15:41:16] : REQUEST MEAS. OFF
[15:41:16] : end pos sig1 : 50.000000, 50.000000
[15:41:16] : 측정요구 ON 2
[15:41:25] : 측정요구 2OFF
[15:41:25] : end pos sig2 : -50.000000, -50.000000
[15:41:30] : 측정요구3 ON
[15:41:39] : 측정요구3 OFF
[15:41:39] : end pos sig3 : 50.000000, 50.000000
[15:41:39] : 측정요구4 ON
[15:41:48] : 측정요구4 OFF
[15:41:48] : end pos sig4 : -50.000000, -50.000000
[15:41:48] : 12,20190104-154149,AL19010235913,,OK,MAX,2, ,AUTO,0.10,3.00,1.10,OK,0.10,3.00,1.47,OK,0.10,3.00,0.67,OK,0.10,3.00,1.06,OK,
[15:42:09] : Cycle start ON
[15:42:11] : Cycle start OFF
[15:42:17] : REQUEST MEAS. ON
[15:42:27] : REQUEST MEAS. OFF
[15:42:27] : end pos sig1 : 50.000000, 50.000000
[15:42:27] : 측정요구 ON 2
[15:42:36] : 측정요구 2OFF
[15:42:36] : end pos sig2 : -50.000000, -50.000000
[15:42:41] : 측정요구3 ON
[15:42:50] : 측정요구3 OFF
[15:42:50] : end pos sig3 : 50.000000, 50.000000
[15:42:50] : 측정요구4 ON
[15:42:59] : 측정요구4 OFF
[15:42:59] : end pos sig4 : -50.000000, -50.000000
[15:42:59] : 12,20190104-154300,AL19010235973,,OK,MAX,2, ,AUTO,0.10,3.00,1.18,OK,0.10,3.00,1.11,OK,0.10,3.00,0.66,OK,0.10,3.00,1.49,OK,
[15:43:27] : Cycle start ON
[15:43:29] : Cycle start OFF
[15:43:35] : REQUEST MEAS. ON
[15:43:45] : REQUEST MEAS. OFF
[15:43:45] : end pos sig1 : 50.000000, 50.000000
[15:43:45] : 측정요구 ON 2
[15:43:54] : 측정요구 2OFF
[15:43:54] : end pos sig2 : -50.000000, -50.000000
[15:43:58] : 측정요구3 ON
[15:44:07] : 측정요구3 OFF
[15:44:07] : end pos sig3 : 50.000000, 50.000000
[15:44:07] : 측정요구4 ON
[15:44:17] : 측정요구4 OFF
[15:44:17] : end pos sig4 : -50.000000, -50.000000
[15:44:17] : 12,20190104-154417,AL19010235993,,OK,MAX,2, ,AUTO,0.10,3.00,1.16,OK,0.10,3.00,0.86,OK,0.10,3.00,0.79,OK,0.10,3.00,1.89,OK,
[15:44:42] : Cycle start ON
[15:44:44] : Cycle start OFF
[15:44:51] : REQUEST MEAS. ON
[15:45:00] : REQUEST MEAS. OFF
[15:45:00] : end pos sig1 : 50.000000, 50.000000
[15:45:00] : 측정요구 ON 2
[15:45:09] : 측정요구 2OFF
[15:45:09] : end pos sig2 : -50.000000, -50.000000
[15:45:14] : 측정요구3 ON
[15:45:23] : 측정요구3 OFF
[15:45:23] : end pos sig3 : 50.000000, 50.000000
[15:45:23] : 측정요구4 ON
[15:45:32] : 측정요구4 OFF
[15:45:32] : end pos sig4 : -50.000000, -50.000000
[15:45:32] : 12,20190104-154533,AL19010236013,,OK,MAX,2, ,AUTO,0.10,3.00,0.89,OK,0.10,3.00,1.15,OK,0.10,3.00,0.67,OK,0.10,3.00,1.06,OK,
[15:52:50] : Cycle start ON
[15:52:52] : Cycle start OFF
[15:52:59] : REQUEST MEAS. ON
[15:53:08] : REQUEST MEAS. OFF
[15:53:08] : end pos sig1 : 50.000000, 50.000000
[15:53:08] : 측정요구 ON 2
[15:53:18] : 측정요구 2OFF
[15:53:18] : end pos sig2 : -50.000000, -50.000000
[15:53:22] : 측정요구3 ON
[15:53:31] : 측정요구3 OFF
[15:53:31] : end pos sig3 : 50.000000, 50.000000
[15:53:31] : 측정요구4 ON
[15:53:41] : 측정요구4 OFF
[15:53:41] : end pos sig4 : -50.000000, -50.000000
[15:53:41] : 12,20190104-155341,AL19010234383,,OK,MAX,2, ,AUTO,0.10,3.00,0.83,OK,0.10,3.00,0.99,OK,0.10,3.00,1.20,OK,0.10,3.00,1.65,OK,
[16:01:14] : Cycle start ON
[16:01:16] : Cycle start OFF
[16:01:22] : REQUEST MEAS. ON
[16:01:31] : REQUEST MEAS. OFF
[16:01:31] : end pos sig1 : 50.000000, 50.000000
[16:01:31] : 측정요구 ON 2
[16:01:41] : 측정요구 2OFF
[16:01:41] : end pos sig2 : -50.000000, -50.000000
[16:01:45] : 측정요구3 ON
[16:01:54] : 측정요구3 OFF
[16:01:54] : end pos sig3 : 50.000000, 50.000000
[16:01:54] : 측정요구4 ON
[16:02:04] : 측정요구4 OFF
[16:02:04] : end pos sig4 : -50.000000, -50.000000
[16:02:04] : 12,20190104-160205,AL19010234353,,OK,MAX,2, ,AUTO,0.10,3.00,0.84,OK,0.10,3.00,1.73,OK,0.10,3.00,0.64,OK,0.10,3.00,1.16,OK,
[16:02:31] : Cycle start ON
[16:02:33] : Cycle start OFF
[16:02:40] : REQUEST MEAS. ON
[16:02:49] : REQUEST MEAS. OFF
[16:02:49] : end pos sig1 : 50.000000, 50.000000
[16:02:49] : 측정요구 ON 2
[16:02:58] : 측정요구 2OFF
[16:02:58] : end pos sig2 : -50.000000, -50.000000
[16:03:03] : 측정요구3 ON
[16:03:12] : 측정요구3 OFF
[16:03:12] : end pos sig3 : 50.000000, 50.000000
[16:03:12] : 측정요구4 ON
[16:03:21] : 측정요구4 OFF
[16:03:21] : end pos sig4 : -50.000000, -50.000000
[16:03:21] : 12,20190104-160322,AL19010234393,,OK,MAX,2, ,AUTO,0.10,3.00,1.15,OK,0.10,3.00,0.86,OK,0.10,3.00,0.70,OK,0.10,3.00,0.66,OK,
[16:03:45] : Cycle start ON
[16:03:47] : Cycle start OFF
[16:03:53] : REQUEST MEAS. ON
[16:04:03] : REQUEST MEAS. OFF
[16:04:03] : end pos sig1 : 50.000000, 50.000000
[16:04:03] : 측정요구 ON 2
[16:04:12] : 측정요구 2OFF
[16:04:12] : end pos sig2 : -50.000000, -50.000000
[16:04:16] : 측정요구3 ON
[16:04:25] : 측정요구3 OFF
[16:04:25] : end pos sig3 : 50.000000, 50.000000
[16:04:25] : 측정요구4 ON
[16:04:35] : 측정요구4 OFF
[16:04:35] : end pos sig4 : -50.000000, -50.000000
[16:04:35] : 12,20190104-160435,AL19010234413,,OK,MAX,2, ,AUTO,0.10,3.00,1.04,OK,0.10,3.00,1.68,OK,0.10,3.00,0.81,OK,0.10,3.00,0.95,OK,
[16:05:00] : Cycle start ON
[16:05:02] : Cycle start OFF
[16:05:09] : REQUEST MEAS. ON
[16:05:18] : REQUEST MEAS. OFF
[16:05:18] : end pos sig1 : 50.000000, 50.000000
[16:05:18] : 측정요구 ON 2
[16:05:27] : 측정요구 2OFF
[16:05:27] : end pos sig2 : -50.000000, -50.000000
[16:05:32] : 측정요구3 ON
[16:05:41] : 측정요구3 OFF
[16:05:41] : end pos sig3 : 50.000000, 50.000000
[16:05:41] : 측정요구4 ON
[16:05:50] : 측정요구4 OFF
[16:05:50] : end pos sig4 : -50.000000, -50.000000
[16:05:50] : 12,20190104-160551,AL19010234533,,OK,MAX,2, ,AUTO,0.10,3.00,1.13,OK,0.10,3.00,0.88,OK,0.10,3.00,0.66,OK,0.10,3.00,1.12,OK,
[16:06:16] : Cycle start ON
[16:06:18] : Cycle start OFF
[16:06:25] : REQUEST MEAS. ON
[16:06:34] : REQUEST MEAS. OFF
[16:06:34] : end pos sig1 : 50.000000, 50.000000
[16:06:34] : 측정요구 ON 2
[16:06:43] : 측정요구 2OFF
[16:06:43] : end pos sig2 : -50.000000, -50.000000
[16:06:48] : 측정요구3 ON
[16:06:57] : 측정요구3 OFF
[16:06:57] : end pos sig3 : 50.000000, 50.000000
[16:06:57] : 측정요구4 ON
[16:07:06] : 측정요구4 OFF
[16:07:06] : end pos sig4 : -50.000000, -50.000000
[16:07:06] : 12,20190104-160707,AL19010234453,,OK,MAX,2, ,AUTO,0.10,3.00,1.32,OK,0.10,3.00,1.20,OK,0.10,3.00,0.61,OK,0.10,3.00,1.18,OK,
[16:07:31] : Cycle start ON
[16:07:33] : Cycle start OFF
[16:07:40] : REQUEST MEAS. ON
[16:07:49] : REQUEST MEAS. OFF
[16:07:49] : end pos sig1 : 50.000000, 50.000000
[16:07:49] : 측정요구 ON 2
[16:07:58] : 측정요구 2OFF
[16:07:58] : end pos sig2 : -50.000000, -50.000000
[16:08:02] : 측정요구3 ON
[16:08:11] : 측정요구3 OFF
[16:08:11] : end pos sig3 : 50.000000, 50.000000
[16:08:11] : 측정요구4 ON
[16:08:21] : 측정요구4 OFF
[16:08:21] : end pos sig4 : -50.000000, -50.000000
[16:08:21] : 12,20190104-160822,AL19010234433,,OK,MAX,2, ,AUTO,0.10,3.00,0.86,OK,0.10,3.00,1.71,OK,0.10,3.00,0.68,OK,0.10,3.00,0.95,OK,
[16:08:45] : Cycle start ON
[16:08:47] : Cycle start OFF
[16:08:53] : REQUEST MEAS. ON
[16:09:02] : REQUEST MEAS. OFF
[16:09:02] : end pos sig1 : 50.000000, 50.000000
[16:09:02] : 측정요구 ON 2
[16:09:12] : 측정요구 2OFF
[16:09:12] : end pos sig2 : -50.000000, -50.000000
[16:09:16] : 측정요구3 ON
[16:09:25] : 측정요구3 OFF
[16:09:25] : end pos sig3 : 50.000000, 50.000000
[16:09:25] : 측정요구4 ON
[16:09:35] : 측정요구4 OFF
[16:09:35] : end pos sig4 : -50.000000, -50.000000
[16:09:35] : 12,20190104-160935,AL19010234473,,OK,MAX,2, ,AUTO,0.10,3.00,0.78,OK,0.10,3.00,1.71,OK,0.10,3.00,0.66,OK,0.10,3.00,1.07,OK,
[16:09:56] : Cycle start ON
[16:09:58] : Cycle start OFF
[16:10:04] : REQUEST MEAS. ON
[16:10:13] : REQUEST MEAS. OFF
[16:10:13] : end pos sig1 : 50.000000, 50.000000
[16:10:13] : 측정요구 ON 2
[16:10:23] : 측정요구 2OFF
[16:10:23] : end pos sig2 : -50.000000, -50.000000
[16:10:28] : 측정요구3 ON
[16:10:37] : 측정요구3 OFF
[16:10:37] : end pos sig3 : 50.000000, 50.000000
[16:10:37] : 측정요구4 ON
[16:10:46] : 측정요구4 OFF
[16:10:46] : end pos sig4 : -50.000000, -50.000000
[16:10:46] : 12,20190104-161046,AL19010234493,,OK,MAX,2, ,AUTO,0.10,3.00,1.37,OK,0.10,3.00,1.47,OK,0.10,3.00,0.70,OK,0.10,3.00,1.15,OK,
[16:11:14] : Cycle start ON
[16:11:16] : Cycle start OFF
[16:11:22] : REQUEST MEAS. ON
[16:11:32] : REQUEST MEAS. OFF
[16:11:32] : end pos sig1 : 50.000000, 50.000000
[16:11:32] : 측정요구 ON 2
[16:11:41] : 측정요구 2OFF
[16:11:41] : end pos sig2 : -50.000000, -50.000000
[16:11:45] : 측정요구3 ON
[16:11:54] : 측정요구3 OFF
[16:11:54] : end pos sig3 : 50.000000, 50.000000
[16:11:54] : 측정요구4 ON
[16:12:04] : 측정요구4 OFF
[16:12:04] : end pos sig4 : -50.000000, -50.000000
[16:12:04] : 12,20190104-161204,AL19010234513,,OK,MAX,2, ,AUTO,0.10,3.00,0.83,OK,0.10,3.00,1.12,OK,0.10,3.00,0.68,OK,0.10,3.00,1.31,OK,
[16:12:30] : Cycle start ON
[16:12:32] : Cycle start OFF
[16:12:38] : REQUEST MEAS. ON
[16:12:47] : REQUEST MEAS. OFF
[16:12:47] : end pos sig1 : 50.000000, 50.000000
[16:12:47] : 측정요구 ON 2
[16:12:57] : 측정요구 2OFF
[16:12:57] : end pos sig2 : -50.000000, -50.000000
[16:13:02] : 측정요구3 ON
[16:13:11] : 측정요구3 OFF
[16:13:11] : end pos sig3 : 50.000000, 50.000000
[16:13:11] : 측정요구4 ON
[16:13:20] : 측정요구4 OFF
[16:13:20] : end pos sig4 : -50.000000, -50.000000
[16:13:20] : 12,20190104-161321,AL19010234173,,OK,MAX,2, ,AUTO,0.10,3.00,0.89,OK,0.10,3.00,0.77,OK,0.10,3.00,0.83,OK,0.10,3.00,1.36,OK,
[16:13:46] : Cycle start ON
[16:13:48] : Cycle start OFF
[16:13:54] : REQUEST MEAS. ON
[16:14:03] : REQUEST MEAS. OFF
[16:14:03] : end pos sig1 : 50.000000, 50.000000
[16:14:03] : 측정요구 ON 2
[16:14:13] : 측정요구 2OFF
[16:14:13] : end pos sig2 : -50.000000, -50.000000
[16:14:17] : 측정요구3 ON
[16:14:26] : 측정요구3 OFF
[16:14:26] : end pos sig3 : 50.000000, 50.000000
[16:14:26] : 측정요구4 ON
[16:14:36] : 측정요구4 OFF
[16:14:36] : end pos sig4 : -50.000000, -50.000000
[16:14:36] : 12,20190104-161436,AL19010234153,,OK,MAX,2, ,AUTO,0.10,3.00,1.29,OK,0.10,3.00,0.69,OK,0.10,3.00,0.54,OK,0.10,3.00,1.05,OK,
[16:15:03] : Cycle start ON
[16:15:05] : Cycle start OFF
[16:15:12] : REQUEST MEAS. ON
[16:15:21] : REQUEST MEAS. OFF
[16:15:21] : end pos sig1 : 50.000000, 50.000000
[16:15:21] : 측정요구 ON 2
[16:15:31] : 측정요구 2OFF
[16:15:31] : end pos sig2 : -50.000000, -50.000000
[16:15:35] : 측정요구3 ON
[16:15:44] : 측정요구3 OFF
[16:15:44] : end pos sig3 : 50.000000, 50.000000
[16:15:44] : 측정요구4 ON
[16:15:54] : 측정요구4 OFF
[16:15:54] : end pos sig4 : -50.000000, -50.000000
[16:15:54] : 12,20190104-161554,10234193,,OK,MAX,2, ,AUTO,0.10,3.00,1.33,OK,0.10,3.00,0.62,OK,0.10,3.00,0.61,OK,0.10,3.00,0.92,OK,
[16:16:18] : Cycle start ON
[16:16:20] : Cycle start OFF
[16:16:27] : REQUEST MEAS. ON
[16:16:36] : REQUEST MEAS. OFF
[16:16:36] : end pos sig1 : 50.000000, 50.000000
[16:16:36] : 측정요구 ON 2
[16:16:46] : 측정요구 2OFF
[16:16:46] : end pos sig2 : -50.000000, -50.000000
[16:16:51] : 측정요구3 ON
[16:17:00] : 측정요구3 OFF
[16:17:00] : end pos sig3 : 50.000000, 50.000000
[16:17:00] : 측정요구4 ON
[16:17:09] : 측정요구4 OFF
[16:17:09] : end pos sig4 : -50.000000, -50.000000
[16:17:09] : 12,20190104-161710,AL19010234213,,OK,MAX,2, ,AUTO,0.10,3.00,0.96,OK,0.10,3.00,0.73,OK,0.10,3.00,0.57,OK,0.10,3.00,1.17,OK,
[16:17:35] : Cycle start ON
[16:17:36] : Cycle start OFF
[16:17:43] : REQUEST MEAS. ON
[16:17:52] : REQUEST MEAS. OFF
[16:17:52] : end pos sig1 : 50.000000, 50.000000
[16:17:52] : 측정요구 ON 2
[16:18:02] : 측정요구 2OFF
[16:18:02] : end pos sig2 : -50.000000, -50.000000
[16:18:06] : 측정요구3 ON
[16:18:15] : 측정요구3 OFF
[16:18:15] : end pos sig3 : 50.000000, 50.000000
[16:18:15] : 측정요구4 ON
[16:18:25] : 측정요구4 OFF
[16:18:25] : end pos sig4 : -50.000000, -50.000000
[16:18:25] : 12,20190104-161825,AL19010234233,,OK,MAX,2, ,AUTO,0.10,3.00,1.03,OK,0.10,3.00,0.68,OK,0.10,3.00,0.69,OK,0.10,3.00,0.89,OK,
[16:18:50] : Cycle start ON
[16:18:52] : Cycle start OFF
[16:18:58] : REQUEST MEAS. ON
[16:19:07] : REQUEST MEAS. OFF
[16:19:07] : end pos sig1 : 50.000000, 50.000000
[16:19:07] : 측정요구 ON 2
[16:19:17] : 측정요구 2OFF
[16:19:17] : end pos sig2 : -50.000000, -50.000000
[16:19:22] : 측정요구3 ON
[16:19:31] : 측정요구3 OFF
[16:19:31] : end pos sig3 : 50.000000, 50.000000
[16:19:31] : 측정요구4 ON
[16:19:40] : 측정요구4 OFF
[16:19:40] : end pos sig4 : -50.000000, -50.000000
[16:19:40] : 12,20190104-161941,AL19010234053,,OK,MAX,2, ,AUTO,0.10,3.00,0.90,OK,0.10,3.00,0.74,OK,0.10,3.00,0.89,OK,0.10,3.00,1.01,OK,
[16:20:05] : Cycle start ON
[16:20:08] : Cycle start OFF
[16:20:14] : REQUEST MEAS. ON
[16:20:23] : REQUEST MEAS. OFF
[16:20:23] : end pos sig1 : 50.000000, 50.000000
[16:20:23] : 측정요구 ON 2
[16:20:32] : 측정요구 2OFF
[16:20:32] : end pos sig2 : -50.000000, -50.000000
[16:20:37] : 측정요구3 ON
[16:20:46] : 측정요구3 OFF
[16:20:46] : end pos sig3 : 50.000000, 50.000000
[16:20:46] : 측정요구4 ON
[16:20:55] : 측정요구4 OFF
[16:20:55] : end pos sig4 : -50.000000, -50.000000
[16:20:55] : 12,20190104-162056,AL19010234133,,OK,MAX,2, ,AUTO,0.10,3.00,0.96,OK,0.10,3.00,0.73,OK,0.10,3.00,0.72,OK,0.10,3.00,2.07,OK,
[16:21:23] : Cycle start ON
[16:21:25] : Cycle start OFF
[16:21:32] : REQUEST MEAS. ON
[16:21:41] : REQUEST MEAS. OFF
[16:21:41] : end pos sig1 : 50.000000, 50.000000
[16:21:41] : 측정요구 ON 2
[16:21:50] : 측정요구 2OFF
[16:21:50] : end pos sig2 : -50.000000, -50.000000
[16:21:55] : 측정요구3 ON
[16:22:04] : 측정요구3 OFF
[16:22:04] : end pos sig3 : 50.000000, 50.000000
[16:22:04] : 측정요구4 ON
[16:22:13] : 측정요구4 OFF
[16:22:13] : end pos sig4 : -50.000000, -50.000000
[16:22:13] : 12,20190104-162214,AL19010234073,,OK,MAX,2, ,AUTO,0.10,3.00,1.16,OK,0.10,3.00,0.58,OK,0.10,3.00,0.54,OK,0.10,3.00,1.50,OK,
[16:22:39] : Cycle start ON
[16:22:41] : Cycle start OFF
[16:22:48] : REQUEST MEAS. ON
[16:22:57] : REQUEST MEAS. OFF
[16:22:57] : end pos sig1 : 50.000000, 50.000000
[16:22:57] : 측정요구 ON 2
[16:23:06] : 측정요구 2OFF
[16:23:06] : end pos sig2 : -50.000000, -50.000000
[16:23:10] : 측정요구3 ON
[16:23:19] : 측정요구3 OFF
[16:23:19] : end pos sig3 : 50.000000, 50.000000
[16:23:19] : 측정요구4 ON
[16:23:29] : 측정요구4 OFF
[16:23:29] : end pos sig4 : -50.000000, -50.000000
[16:23:29] : 12,20190104-162329,AL19010234093,,OK,MAX,2, ,AUTO,0.10,3.00,0.91,OK,0.10,3.00,0.83,OK,0.10,3.00,0.78,OK,0.10,3.00,1.23,OK,
[16:23:54] : Cycle start ON
[16:23:56] : Cycle start OFF
[16:24:02] : REQUEST MEAS. ON
[16:24:11] : REQUEST MEAS. OFF
[16:24:11] : end pos sig1 : 50.000000, 50.000000
[16:24:11] : 측정요구 ON 2
[16:24:21] : 측정요구 2OFF
[16:24:21] : end pos sig2 : -50.000000, -50.000000
[16:24:26] : 측정요구3 ON
[16:24:35] : 측정요구3 OFF
[16:24:35] : end pos sig3 : 50.000000, 50.000000
[16:24:35] : 측정요구4 ON
[16:24:45] : 측정요구4 OFF
[16:24:45] : end pos sig4 : -50.000000, -50.000000
[16:24:45] : 12,20190104-162445,AL19010234113,,OK,MAX,2, ,AUTO,0.10,3.00,0.80,OK,0.10,3.00,0.93,OK,0.10,3.00,1.06,OK,0.10,3.00,0.58,OK,
[16:25:10] : Cycle start ON
[16:25:12] : Cycle start OFF
[16:25:18] : REQUEST MEAS. ON
[16:25:28] : REQUEST MEAS. OFF
[16:25:28] : end pos sig1 : 50.000000, 50.000000
[16:25:28] : 측정요구 ON 2
[16:25:37] : 측정요구 2OFF
[16:25:37] : end pos sig2 : -50.000000, -50.000000
[16:25:42] : 측정요구3 ON
[16:25:51] : 측정요구3 OFF
[16:25:51] : end pos sig3 : 50.000000, 50.000000
[16:25:51] : 측정요구4 ON
[16:26:00] : 측정요구4 OFF
[16:26:00] : end pos sig4 : -50.000000, -50.000000
[16:26:00] : 12,20190104-162601,AL19010233753,,OK,MAX,2, ,AUTO,0.10,3.00,0.85,OK,0.10,3.00,1.11,OK,0.10,3.00,0.71,OK,0.10,3.00,1.18,OK,
[16:26:25] : Cycle start ON
[16:26:27] : Cycle start OFF
[16:26:33] : REQUEST MEAS. ON
[16:26:43] : REQUEST MEAS. OFF
[16:26:43] : end pos sig1 : 50.000000, 50.000000
[16:26:43] : 측정요구 ON 2
[16:26:52] : 측정요구 2OFF
[16:26:52] : end pos sig2 : -50.000000, -50.000000
[16:26:57] : 측정요구3 ON
[16:27:06] : 측정요구3 OFF
[16:27:06] : end pos sig3 : 50.000000, 50.000000
[16:27:06] : 측정요구4 ON
[16:27:15] : 측정요구4 OFF
[16:27:15] : end pos sig4 : -50.000000, -50.000000
[16:27:15] : 12,20190104-162716,AL19010233733,,OK,MAX,2, ,AUTO,0.10,3.00,0.91,OK,0.10,3.00,1.37,OK,0.10,3.00,0.69,OK,0.10,3.00,1.72,OK,
[16:27:43] : Cycle start ON
[16:27:45] : Cycle start OFF
[16:27:52] : REQUEST MEAS. ON
[16:28:01] : REQUEST MEAS. OFF
[16:28:01] : end pos sig1 : 50.000000, 50.000000
[16:28:01] : 측정요구 ON 2
[16:28:10] : 측정요구 2OFF
[16:28:10] : end pos sig2 : -50.000000, -50.000000
[16:28:15] : 측정요구3 ON
[16:28:24] : 측정요구3 OFF
[16:28:24] : end pos sig3 : 50.000000, 50.000000
[16:28:24] : 측정요구4 ON
[16:28:33] : 측정요구4 OFF
[16:28:33] : end pos sig4 : -50.000000, -50.000000
[16:28:33] : 12,20190104-162834,AL19010233783,,OK,MAX,2, ,AUTO,0.10,3.00,0.90,OK,0.10,3.00,1.35,OK,0.10,3.00,0.49,OK,0.10,3.00,1.51,OK,
[16:28:59] : Cycle start ON
[16:29:01] : Cycle start OFF
[16:29:07] : REQUEST MEAS. ON
[16:29:16] : REQUEST MEAS. OFF
[16:29:16] : end pos sig1 : 50.000000, 50.000000
[16:29:16] : 측정요구 ON 2
[16:29:26] : 측정요구 2OFF
[16:29:26] : end pos sig2 : -50.000000, -50.000000
[16:29:30] : 측정요구3 ON
[16:29:39] : 측정요구3 OFF
[16:29:39] : end pos sig3 : 50.000000, 50.000000
[16:29:39] : 측정요구4 ON
[16:29:49] : 측정요구4 OFF
[16:29:49] : end pos sig4 : -50.000000, -50.000000
[16:29:49] : 12,20190104-162949,AL19010233803,,OK,MAX,2, ,AUTO,0.10,3.00,1.05,OK,0.10,3.00,1.45,OK,0.10,3.00,0.53,OK,0.10,3.00,1.57,OK,
[16:30:10] : Cycle start ON
[16:30:12] : Cycle start OFF
[16:30:19] : REQUEST MEAS. ON
[16:30:28] : REQUEST MEAS. OFF
[16:30:28] : end pos sig1 : 50.000000, 50.000000
[16:30:28] : 측정요구 ON 2
[16:30:37] : 측정요구 2OFF
[16:30:37] : end pos sig2 : -50.000000, -50.000000
[16:30:41] : 측정요구3 ON
[16:30:50] : 측정요구3 OFF
[16:30:50] : end pos sig3 : 50.000000, 50.000000
[16:30:50] : 측정요구4 ON
[16:31:00] : 측정요구4 OFF
[16:31:00] : end pos sig4 : -50.000000, -50.000000
[16:31:00] : 12,20190104-163100,AL19010233823,,OK,MAX,2, ,AUTO,0.10,3.00,0.95,OK,0.10,3.00,1.70,OK,0.10,3.00,0.44,OK,0.10,3.00,0.98,OK,
[17:05:14] : AUTO RUNNING OFF
[17:55:01] : PROGRAM END
 
[17:57:07] : PROGRAM START
[17:57:14] : AUTO RUNNING OFF
[17:57:14] : REQUEST MEAS. OFF
[17:57:14] : end pos sig1 : 50.000000, 50.000000
[17:57:14] : end pos sig2 : 50.000000, 50.000000
[17:57:14] : end pos sig3 : 50.000000, 50.000000
[17:57:14] : REQUEST ZEROSET OFF
[17:57:14] : REQUEST ZEROSET OFF
[17:57:14] : end pos sig4 : 50.000000, 50.000000
[17:57:58] : PROGRAM END
 
[17:58:05] : PROGRAM START
[17:58:13] : AUTO RUNNING OFF
[17:58:13] : REQUEST MEAS. OFF
[17:58:13] : end pos sig1 : 50.000000, 50.000000
[17:58:13] : end pos sig2 : 50.000000, 50.000000
[17:58:13] : end pos sig3 : 50.000000, 50.000000
[17:58:13] : REQUEST ZEROSET OFF
[17:58:13] : REQUEST ZEROSET OFF
[17:58:13] : end pos sig4 : 50.000000, 50.000000
 
