[10:52:21] : PROGRAM START
[10:52:29] : PROGRAM END
 
[12:18:51] : PROGRAM START
[12:18:56] : AUTO RUNNING OFF
[12:18:56] : REQUEST MEAS. OFF
[12:18:56] : end pos sig1 : 50.000000, 50.000000
[12:18:56] : end pos sig2 : 50.000000, 50.000000
[12:18:56] : end pos sig3 : 50.000000, 50.000000
[12:18:56] : REQUEST ZEROSET OFF
[12:18:56] : REQUEST ZEROSET OFF
[12:18:56] : end pos sig4 : 50.000000, 50.000000
[12:19:36] : PROGRAM END
 
[12:20:31] : PROGRAM START
[12:20:44] : AUTO RUNNING OFF
[12:20:44] : REQUEST MEAS. OFF
[12:20:44] : end pos sig1 : 50.000000, 50.000000
[12:20:44] : end pos sig2 : 50.000000, 50.000000
[12:20:44] : end pos sig3 : 50.000000, 50.000000
[12:20:44] : REQUEST ZEROSET OFF
[12:20:44] : REQUEST ZEROSET OFF
[12:20:44] : end pos sig4 : 50.000000, 50.000000
[12:20:57] : PROGRAM END
 
[12:22:08] : PROGRAM START
[12:22:21] : AUTO RUNNING OFF
[12:22:21] : REQUEST MEAS. OFF
[12:22:21] : end pos sig1 : 50.000000, 50.000000
[12:22:21] : end pos sig2 : 50.000000, 50.000000
[12:22:21] : end pos sig3 : 50.000000, 50.000000
[12:22:21] : REQUEST ZEROSET OFF
[12:22:21] : REQUEST ZEROSET OFF
[12:22:21] : end pos sig4 : 50.000000, 50.000000
[12:23:20] : Cycle start ON
[12:23:20] : Cycle start OFF
[12:23:25] : REQUEST MEAS. ON
[12:23:34] : REQUEST MEAS. OFF
[12:23:34] : end pos sig1 : 50.000000, 50.000000
[12:23:34] : 측정요구 ON 2
[12:23:44] : 측정요구 2OFF
[12:23:44] : end pos sig2 : -50.000000, -50.000000
[12:23:49] : 측정요구3 ON
[12:23:58] : 측정요구3 OFF
[12:23:58] : end pos sig3 : 50.000000, 50.000000
[12:23:58] : 측정요구4 ON
[12:24:07] : 측정요구4 OFF
[12:24:07] : end pos sig4 : -50.000000, -50.000000
[12:24:26] : Cycle start ON
[12:24:26] : Cycle start OFF
[12:24:31] : REQUEST MEAS. ON
[12:24:40] : REQUEST MEAS. OFF
[12:24:40] : end pos sig1 : 50.000000, 50.000000
[12:24:40] : 측정요구 ON 2
[12:24:50] : 측정요구 2OFF
[12:24:50] : end pos sig2 : -44.930000, -45.010000
[12:24:54] : 측정요구3 ON
[12:25:03] : 측정요구3 OFF
[12:25:03] : end pos sig3 : 50.000000, 50.000000
[12:25:03] : 측정요구4 ON
[12:25:13] : 측정요구4 OFF
[12:25:13] : end pos sig4 : -50.000000, -50.000000
[12:29:49] : Cycle start ON
[12:29:49] : Cycle start OFF
[12:29:54] : REQUEST MEAS. ON
[12:30:03] : REQUEST MEAS. OFF
[12:30:03] : end pos sig1 : 50.000000, 50.000000
[12:30:03] : 측정요구 ON 2
[12:30:13] : 측정요구 2OFF
[12:30:13] : end pos sig2 : -48.960000, -48.960000
[12:30:17] : 측정요구3 ON
[12:30:26] : 측정요구3 OFF
[12:30:26] : end pos sig3 : 50.000000, 50.000000
[12:30:26] : 측정요구4 ON
[12:30:36] : 측정요구4 OFF
[12:30:36] : end pos sig4 : -50.000000, -50.000000
[12:30:41] : Cycle start ON
[12:30:41] : Cycle start OFF
[12:30:46] : REQUEST MEAS. ON
[12:30:55] : REQUEST MEAS. OFF
[12:30:55] : end pos sig1 : 50.000000, 50.000000
[12:30:55] : 측정요구 ON 2
[12:31:04] : 측정요구 2OFF
[12:31:04] : end pos sig2 : -50.000000, -50.000000
[12:31:09] : 측정요구3 ON
[12:31:18] : 측정요구3 OFF
[12:31:18] : end pos sig3 : 50.000000, 50.000000
[12:31:18] : 측정요구4 ON
[12:31:27] : 측정요구4 OFF
[12:31:27] : end pos sig4 : -50.000000, -50.000000
[12:31:33] : Cycle start ON
[12:31:33] : Cycle start OFF
[12:31:38] : REQUEST MEAS. ON
[12:31:47] : REQUEST MEAS. OFF
[12:31:47] : end pos sig1 : 50.000000, 50.000000
[12:31:47] : 측정요구 ON 2
[12:31:56] : 측정요구 2OFF
[12:31:56] : end pos sig2 : -50.000000, -50.000000
[12:32:01] : 측정요구3 ON
[12:32:10] : 측정요구3 OFF
[12:32:10] : end pos sig3 : 50.000000, 50.000000
[12:32:10] : 측정요구4 ON
[12:32:19] : 측정요구4 OFF
[12:32:19] : end pos sig4 : -50.000000, -50.000000
[12:32:25] : Cycle start ON
[12:32:25] : Cycle start OFF
[12:32:30] : REQUEST MEAS. ON
[12:32:39] : REQUEST MEAS. OFF
[12:32:39] : end pos sig1 : 50.000000, 50.000000
[12:32:39] : 측정요구 ON 2
[12:32:48] : 측정요구 2OFF
[12:32:48] : end pos sig2 : -50.000000, -50.000000
[12:32:53] : 측정요구3 ON
[12:33:02] : 측정요구3 OFF
[12:33:02] : end pos sig3 : 50.000000, 50.000000
[12:33:02] : 측정요구4 ON
[12:33:12] : 측정요구4 OFF
[12:33:12] : end pos sig4 : -50.000000, -50.000000
[12:33:17] : Cycle start ON
[12:33:17] : Cycle start OFF
[12:33:22] : REQUEST MEAS. ON
[12:33:31] : REQUEST MEAS. OFF
[12:33:31] : end pos sig1 : 50.000000, 50.000000
[12:33:31] : 측정요구 ON 2
[12:33:41] : 측정요구 2OFF
[12:33:41] : end pos sig2 : -50.000000, -50.000000
[12:33:45] : 측정요구3 ON
[12:33:54] : 측정요구3 OFF
[12:33:54] : end pos sig3 : 50.000000, 50.000000
[12:33:54] : 측정요구4 ON
[12:34:04] : 측정요구4 OFF
[12:34:04] : end pos sig4 : -50.000000, -50.000000
[12:34:30] : PROGRAM END
 
[12:35:05] : PROGRAM START
[12:35:18] : AUTO RUNNING OFF
[12:35:18] : REQUEST MEAS. OFF
[12:35:18] : end pos sig1 : 50.000000, 50.000000
[12:35:18] : end pos sig2 : 50.000000, 50.000000
[12:35:18] : end pos sig3 : 50.000000, 50.000000
[12:35:18] : REQUEST ZEROSET OFF
[12:35:18] : REQUEST ZEROSET OFF
[12:35:18] : end pos sig4 : 50.000000, 50.000000
[13:27:42] : Cycle start ON
[13:27:43] : Cycle start OFF
[13:27:47] : REQUEST MEAS. ON
[13:27:57] : REQUEST MEAS. OFF
[13:27:57] : end pos sig1 : 50.000000, 50.000000
[13:27:57] : 측정요구 ON 2
[13:28:06] : 측정요구 2OFF
[13:28:06] : end pos sig2 : -50.000000, -50.000000
[13:28:11] : 측정요구3 ON
[13:28:20] : 측정요구3 OFF
[13:28:20] : end pos sig3 : 50.000000, 50.000000
[13:28:20] : 측정요구4 ON
[13:28:29] : 측정요구4 OFF
[13:28:29] : end pos sig4 : -50.000000, -50.000000
[13:28:51] : Cycle start ON
[13:28:52] : Cycle start OFF
[13:28:56] : REQUEST MEAS. ON
[13:29:06] : REQUEST MEAS. OFF
[13:29:06] : end pos sig1 : 50.000000, 50.000000
[13:29:06] : 측정요구 ON 2
[13:29:15] : 측정요구 2OFF
[13:29:15] : end pos sig2 : -50.000000, -50.000000
[13:29:19] : 측정요구3 ON
[13:29:28] : 측정요구3 OFF
[13:29:28] : end pos sig3 : 50.000000, 50.000000
[13:29:28] : 측정요구4 ON
[13:29:38] : 측정요구4 OFF
[13:29:38] : end pos sig4 : -50.000000, -50.000000
[13:29:45] : Cycle start ON
[13:29:46] : Cycle start OFF
[13:29:50] : REQUEST MEAS. ON
[13:29:59] : REQUEST MEAS. OFF
[13:29:59] : end pos sig1 : 50.000000, 50.000000
[13:30:00] : 측정요구 ON 2
[13:30:09] : 측정요구 2OFF
[13:30:09] : end pos sig2 : -50.000000, -50.000000
[13:30:14] : 측정요구3 ON
[13:30:23] : 측정요구3 OFF
[13:30:23] : end pos sig3 : 50.000000, 50.000000
[13:30:23] : 측정요구4 ON
[13:30:32] : 측정요구4 OFF
[13:30:32] : end pos sig4 : -50.000000, -50.000000
[13:30:44] : Cycle start ON
[13:30:45] : Cycle start OFF
[13:30:49] : REQUEST MEAS. ON
[13:30:58] : REQUEST MEAS. OFF
[13:30:58] : end pos sig1 : 50.000000, 50.000000
[13:30:59] : 측정요구 ON 2
[13:31:08] : 측정요구 2OFF
[13:31:08] : end pos sig2 : -50.000000, -50.000000
[13:31:13] : 측정요구3 ON
[13:31:22] : 측정요구3 OFF
[13:31:22] : end pos sig3 : 50.000000, 50.000000
[13:31:22] : 측정요구4 ON
[13:31:31] : 측정요구4 OFF
[13:31:31] : end pos sig4 : -50.000000, -50.000000
[13:31:38] : Cycle start ON
[13:31:39] : Cycle start OFF
[13:31:44] : REQUEST MEAS. ON
[13:31:53] : REQUEST MEAS. OFF
[13:31:53] : end pos sig1 : 50.000000, 50.000000
[13:31:53] : 측정요구 ON 2
[13:32:03] : 측정요구 2OFF
[13:32:03] : end pos sig2 : -50.000000, -50.000000
[13:32:07] : 측정요구3 ON
[13:32:16] : 측정요구3 OFF
[13:32:16] : end pos sig3 : 50.000000, 50.000000
[13:32:16] : 측정요구4 ON
[13:32:26] : 측정요구4 OFF
[13:32:26] : end pos sig4 : -50.000000, -50.000000
[14:42:18] : Cycle start ON
[14:42:18] : Cycle start OFF
[14:42:23] : REQUEST MEAS. ON
[14:42:32] : REQUEST MEAS. OFF
[14:42:32] : end pos sig1 : 50.000000, 50.000000
[14:42:32] : 측정요구 ON 2
[14:42:41] : 측정요구 2OFF
[14:42:41] : end pos sig2 : -50.000000, -50.000000
[14:42:46] : 측정요구3 ON
[14:42:55] : 측정요구3 OFF
[14:42:55] : end pos sig3 : 50.000000, 50.000000
[14:42:55] : 측정요구4 ON
[14:43:04] : 측정요구4 OFF
[14:43:04] : end pos sig4 : -50.000000, -50.000000
[14:46:41] : Cycle start ON
[14:46:41] : Cycle start OFF
[14:46:46] : REQUEST MEAS. ON
[14:46:56] : REQUEST MEAS. OFF
[14:46:56] : end pos sig1 : 50.000000, 50.000000
[14:46:56] : 측정요구 ON 2
[14:47:05] : 측정요구 2OFF
[14:47:05] : end pos sig2 : -50.000000, -50.000000
[14:47:09] : 측정요구3 ON
[14:47:18] : 측정요구3 OFF
[14:47:18] : end pos sig3 : 50.000000, 50.000000
[14:47:18] : 측정요구4 ON
[14:47:28] : 측정요구4 OFF
[14:47:28] : end pos sig4 : -50.000000, -50.000000
[14:47:34] : Cycle start ON
[14:47:34] : Cycle start OFF
[14:47:39] : REQUEST MEAS. ON
[14:47:48] : REQUEST MEAS. OFF
[14:47:48] : end pos sig1 : 50.000000, 50.000000
[14:47:48] : 측정요구 ON 2
[14:47:58] : 측정요구 2OFF
[14:47:58] : end pos sig2 : -50.000000, -50.000000
[14:48:02] : 측정요구3 ON
[14:48:11] : 측정요구3 OFF
[14:48:11] : end pos sig3 : 50.000000, 50.000000
[14:48:11] : 측정요구4 ON
[14:48:21] : 측정요구4 OFF
[14:48:21] : end pos sig4 : -50.000000, -50.000000
[14:48:26] : Cycle start ON
[14:48:27] : Cycle start OFF
[14:48:32] : REQUEST MEAS. ON
[14:48:41] : REQUEST MEAS. OFF
[14:48:41] : end pos sig1 : 50.000000, 50.000000
[14:48:41] : 측정요구 ON 2
[14:48:51] : 측정요구 2OFF
[14:48:51] : end pos sig2 : -50.000000, -50.000000
[14:48:55] : 측정요구3 ON
[14:49:04] : 측정요구3 OFF
[14:49:04] : end pos sig3 : 50.000000, 50.000000
[14:49:04] : 측정요구4 ON
[14:49:14] : 측정요구4 OFF
[14:49:14] : end pos sig4 : -50.000000, -50.000000
[14:49:20] : Cycle start ON
[14:49:21] : Cycle start OFF
[14:49:26] : REQUEST MEAS. ON
[14:49:35] : REQUEST MEAS. OFF
[14:49:35] : end pos sig1 : 50.000000, 50.000000
[14:49:35] : 측정요구 ON 2
[14:49:44] : 측정요구 2OFF
[14:49:44] : end pos sig2 : -50.000000, -50.000000
[14:49:49] : 측정요구3 ON
[14:49:58] : 측정요구3 OFF
[14:49:58] : end pos sig3 : 50.000000, 50.000000
[14:49:58] : 측정요구4 ON
[14:50:07] : 측정요구4 OFF
[14:50:07] : end pos sig4 : -50.000000, -50.000000
[14:50:13] : Cycle start ON
[14:50:13] : Cycle start OFF
[14:50:18] : REQUEST MEAS. ON
[14:50:28] : REQUEST MEAS. OFF
[14:50:28] : end pos sig1 : 50.000000, 50.000000
[14:50:28] : 측정요구 ON 2
[14:50:37] : 측정요구 2OFF
[14:50:37] : end pos sig2 : -50.000000, -50.000000
[14:50:42] : 측정요구3 ON
[14:50:51] : 측정요구3 OFF
[14:50:51] : end pos sig3 : 50.000000, 50.000000
[14:50:51] : 측정요구4 ON
[14:51:01] : 측정요구4 OFF
[14:51:01] : end pos sig4 : -49.990000, -50.000000
[15:08:42] : REQUEST MEAS. ON
[15:10:08] : MEAS ESC ON
[15:10:08] : REQUEST MEAS. OFF
[15:10:08] : end pos sig1 : 50.000000, 50.000000
[15:10:08] : MEAS ESC OFF
[15:35:48] : Cycle start ON
[15:35:48] : Cycle start OFF
[15:35:53] : REQUEST MEAS. ON
[15:36:02] : REQUEST MEAS. OFF
[15:36:02] : end pos sig1 : 50.000000, 50.000000
[15:36:03] : 측정요구 ON 2
[15:36:12] : 측정요구 2OFF
[15:36:12] : end pos sig2 : -50.000000, -50.000000
[15:36:17] : 측정요구3 ON
[15:36:26] : 측정요구3 OFF
[15:36:26] : end pos sig3 : 50.000000, 50.000000
[15:36:26] : 측정요구4 ON
[15:36:36] : 측정요구4 OFF
[15:36:36] : end pos sig4 : -50.000000, -50.000000
[15:57:06] : Cycle start ON
[15:57:07] : Cycle start OFF
[15:57:12] : REQUEST MEAS. ON
[15:57:21] : REQUEST MEAS. OFF
[15:57:21] : end pos sig1 : 50.000000, 50.000000
[15:57:21] : 측정요구 ON 2
[15:57:30] : 측정요구 2OFF
[15:57:30] : end pos sig2 : -50.000000, -50.000000
[15:57:35] : 측정요구3 ON
[15:57:44] : 측정요구3 OFF
[15:57:44] : end pos sig3 : 50.000000, 50.000000
[15:57:44] : 측정요구4 ON
[15:57:54] : 측정요구4 OFF
[15:57:54] : end pos sig4 : -50.000000, -50.000000
[15:58:48] : Cycle start ON
[15:58:49] : Cycle start OFF
[15:58:54] : REQUEST MEAS. ON
[15:59:03] : REQUEST MEAS. OFF
[15:59:03] : end pos sig1 : 50.000000, 50.000000
[15:59:03] : 측정요구 ON 2
[15:59:13] : 측정요구 2OFF
[15:59:13] : end pos sig2 : -50.000000, -50.000000
[15:59:17] : 측정요구3 ON
[15:59:26] : 측정요구3 OFF
[15:59:26] : end pos sig3 : 50.000000, 50.000000
[15:59:26] : 측정요구4 ON
[15:59:36] : 측정요구4 OFF
[15:59:36] : end pos sig4 : -50.000000, -50.000000
[15:59:59] : Cycle start ON
[15:59:59] : Cycle start OFF
[16:00:04] : REQUEST MEAS. ON
[16:00:13] : REQUEST MEAS. OFF
[16:00:13] : end pos sig1 : 50.000000, 50.000000
[16:00:13] : 측정요구 ON 2
[16:00:22] : 측정요구 2OFF
[16:00:22] : end pos sig2 : -50.000000, -50.000000
[16:00:27] : 측정요구3 ON
[16:00:36] : 측정요구3 OFF
[16:00:36] : end pos sig3 : 50.000000, 50.000000
[16:00:37] : 측정요구4 ON
[16:00:46] : 측정요구4 OFF
[16:00:46] : end pos sig4 : -50.000000, -50.000000
[16:00:51] : Cycle start ON
[16:00:51] : Cycle start OFF
[16:00:56] : REQUEST MEAS. ON
[16:01:05] : REQUEST MEAS. OFF
[16:01:05] : end pos sig1 : 50.000000, 50.000000
[16:01:05] : 측정요구 ON 2
[16:01:15] : 측정요구 2OFF
[16:01:15] : end pos sig2 : -50.000000, -50.000000
[16:01:19] : 측정요구3 ON
[16:01:28] : 측정요구3 OFF
[16:01:28] : end pos sig3 : 50.000000, 50.000000
[16:01:29] : 측정요구4 ON
[16:01:38] : 측정요구4 OFF
[16:01:38] : end pos sig4 : -50.000000, -50.000000
[16:01:44] : Cycle start ON
[16:01:44] : Cycle start OFF
[16:01:49] : REQUEST MEAS. ON
[16:01:58] : REQUEST MEAS. OFF
[16:01:58] : end pos sig1 : 50.000000, 50.000000
[16:01:58] : 측정요구 ON 2
[16:02:08] : 측정요구 2OFF
[16:02:08] : end pos sig2 : -50.000000, -50.000000
[16:02:12] : 측정요구3 ON
[16:02:21] : 측정요구3 OFF
[16:02:21] : end pos sig3 : 50.000000, 50.000000
[16:02:21] : 측정요구4 ON
[16:02:31] : 측정요구4 OFF
[16:02:31] : end pos sig4 : -50.000000, -50.000000
[16:02:37] : Cycle start ON
[16:02:37] : Cycle start OFF
[16:02:42] : REQUEST MEAS. ON
[16:02:51] : REQUEST MEAS. OFF
[16:02:51] : end pos sig1 : 50.000000, 50.000000
[16:02:51] : 측정요구 ON 2
[16:03:00] : 측정요구 2OFF
[16:03:00] : end pos sig2 : -50.000000, -50.000000
[16:03:05] : 측정요구3 ON
[16:03:14] : 측정요구3 OFF
[16:03:14] : end pos sig3 : 50.000000, 50.000000
[16:03:14] : 측정요구4 ON
[16:03:24] : 측정요구4 OFF
[16:03:24] : end pos sig4 : -50.000000, -50.000000
[16:03:29] : Cycle start ON
[16:03:29] : Cycle start OFF
[16:03:34] : REQUEST MEAS. ON
[16:03:43] : REQUEST MEAS. OFF
[16:03:43] : end pos sig1 : 50.000000, 50.000000
[16:03:43] : 측정요구 ON 2
[16:03:53] : 측정요구 2OFF
[16:03:53] : end pos sig2 : -50.000000, -50.000000
[16:03:58] : 측정요구3 ON
[16:04:07] : 측정요구3 OFF
[16:04:07] : end pos sig3 : 50.000000, 50.000000
[16:04:07] : 측정요구4 ON
[16:04:17] : 측정요구4 OFF
[16:04:17] : end pos sig4 : -50.000000, -50.000000
[16:04:22] : Cycle start ON
[16:04:22] : Cycle start OFF
[16:04:27] : REQUEST MEAS. ON
[16:04:36] : REQUEST MEAS. OFF
[16:04:36] : end pos sig1 : 50.000000, 50.000000
[16:04:36] : 측정요구 ON 2
[16:04:46] : 측정요구 2OFF
[16:04:46] : end pos sig2 : -50.000000, -50.000000
[16:04:50] : 측정요구3 ON
[16:04:59] : 측정요구3 OFF
[16:04:59] : end pos sig3 : 50.000000, 50.000000
[16:04:59] : 측정요구4 ON
[16:05:09] : 측정요구4 OFF
[16:05:09] : end pos sig4 : -50.000000, -50.000000
[16:05:15] : Cycle start ON
[16:05:15] : Cycle start OFF
[16:05:20] : REQUEST MEAS. ON
[16:05:29] : REQUEST MEAS. OFF
[16:05:29] : end pos sig1 : 50.000000, 50.000000
[16:05:29] : 측정요구 ON 2
[16:05:39] : 측정요구 2OFF
[16:05:39] : end pos sig2 : -50.000000, -50.000000
[16:05:43] : 측정요구3 ON
[16:05:52] : 측정요구3 OFF
[16:05:52] : end pos sig3 : 50.000000, 50.000000
[16:05:52] : 측정요구4 ON
[16:06:02] : 측정요구4 OFF
[16:06:02] : end pos sig4 : -50.000000, -50.000000
[16:06:08] : Cycle start ON
[16:06:08] : Cycle start OFF
[16:06:13] : REQUEST MEAS. ON
[16:06:22] : REQUEST MEAS. OFF
[16:06:22] : end pos sig1 : 50.000000, 50.000000
[16:06:22] : 측정요구 ON 2
[16:06:31] : 측정요구 2OFF
[16:06:31] : end pos sig2 : -50.000000, -50.000000
[16:06:36] : 측정요구3 ON
[16:06:45] : 측정요구3 OFF
[16:06:45] : end pos sig3 : 50.000000, 50.000000
[16:06:46] : 측정요구4 ON
[16:06:55] : 측정요구4 OFF
[16:06:55] : end pos sig4 : -50.000000, -50.000000
[16:07:00] : Cycle start ON
[16:07:00] : Cycle start OFF
[16:07:05] : REQUEST MEAS. ON
[16:07:14] : REQUEST MEAS. OFF
[16:07:14] : end pos sig1 : 50.000000, 50.000000
[16:07:14] : 측정요구 ON 2
[16:07:24] : 측정요구 2OFF
[16:07:24] : end pos sig2 : -50.000000, -50.000000
[16:07:29] : 측정요구3 ON
[16:07:38] : 측정요구3 OFF
[16:07:38] : end pos sig3 : 50.000000, 50.000000
[16:07:38] : 측정요구4 ON
[16:07:48] : 측정요구4 OFF
[16:07:48] : end pos sig4 : -50.000000, -50.000000
[16:07:53] : Cycle start ON
[16:07:53] : Cycle start OFF
[16:07:58] : REQUEST MEAS. ON
[16:08:07] : REQUEST MEAS. OFF
[16:08:07] : end pos sig1 : 50.000000, 50.000000
[16:08:07] : 측정요구 ON 2
[16:08:17] : 측정요구 2OFF
[16:08:17] : end pos sig2 : -50.000000, -50.000000
[16:08:22] : 측정요구3 ON
[16:08:31] : 측정요구3 OFF
[16:08:31] : end pos sig3 : 50.000000, 50.000000
[16:08:31] : 측정요구4 ON
[16:08:41] : 측정요구4 OFF
[16:08:41] : end pos sig4 : -50.000000, -50.000000
[16:08:46] : Cycle start ON
[16:08:46] : Cycle start OFF
[16:08:51] : REQUEST MEAS. ON
[16:09:00] : REQUEST MEAS. OFF
[16:09:00] : end pos sig1 : 50.000000, 50.000000
[16:09:00] : 측정요구 ON 2
[16:09:10] : 측정요구 2OFF
[16:09:10] : end pos sig2 : -50.000000, -50.000000
[16:09:15] : 측정요구3 ON
[16:09:24] : 측정요구3 OFF
[16:09:24] : end pos sig3 : 50.000000, 50.000000
[16:09:24] : 측정요구4 ON
[16:09:33] : 측정요구4 OFF
[16:09:33] : end pos sig4 : -50.000000, -50.000000
[16:09:39] : Cycle start ON
[16:09:39] : Cycle start OFF
[16:09:44] : REQUEST MEAS. ON
[16:09:53] : REQUEST MEAS. OFF
[16:09:53] : end pos sig1 : 50.000000, 50.000000
[16:09:53] : 측정요구 ON 2
[16:10:03] : 측정요구 2OFF
[16:10:03] : end pos sig2 : -50.000000, -50.000000
[16:10:07] : 측정요구3 ON
[16:10:16] : 측정요구3 OFF
[16:10:16] : end pos sig3 : 50.000000, 50.000000
[16:10:16] : 측정요구4 ON
[16:10:26] : 측정요구4 OFF
[16:10:26] : end pos sig4 : -49.190000, -49.210000
[16:10:32] : Cycle start ON
[16:10:32] : Cycle start OFF
[16:10:37] : REQUEST MEAS. ON
[16:10:46] : REQUEST MEAS. OFF
[16:10:46] : end pos sig1 : 50.000000, 50.000000
[16:10:46] : 측정요구 ON 2
[16:10:55] : 측정요구 2OFF
[16:10:55] : end pos sig2 : -50.000000, -50.000000
[16:11:00] : 측정요구3 ON
[16:11:09] : 측정요구3 OFF
[16:11:09] : end pos sig3 : 50.000000, 50.000000
[16:11:09] : 측정요구4 ON
[16:11:19] : 측정요구4 OFF
[16:11:19] : end pos sig4 : -50.000000, -50.000000
[16:11:24] : Cycle start ON
[16:11:24] : Cycle start OFF
[16:11:29] : REQUEST MEAS. ON
[16:11:38] : REQUEST MEAS. OFF
[16:11:38] : end pos sig1 : 50.000000, 50.000000
[16:11:38] : 측정요구 ON 2
[16:11:48] : 측정요구 2OFF
[16:11:48] : end pos sig2 : -50.000000, -50.000000
[16:11:53] : 측정요구3 ON
[16:12:02] : 측정요구3 OFF
[16:12:02] : end pos sig3 : 50.000000, 50.000000
[16:12:02] : 측정요구4 ON
[16:12:11] : 측정요구4 OFF
[16:12:11] : end pos sig4 : -50.000000, -50.000000
[16:12:17] : Cycle start ON
[16:12:17] : Cycle start OFF
[16:12:22] : REQUEST MEAS. ON
[16:12:31] : REQUEST MEAS. OFF
[16:12:31] : end pos sig1 : 50.000000, 50.000000
[16:12:31] : 측정요구 ON 2
[16:12:41] : 측정요구 2OFF
[16:12:41] : end pos sig2 : -50.000000, -50.000000
[16:12:45] : 측정요구3 ON
[16:12:54] : 측정요구3 OFF
[16:12:54] : end pos sig3 : 50.000000, 50.000000
[16:12:54] : 측정요구4 ON
[16:13:04] : 측정요구4 OFF
[16:13:04] : end pos sig4 : -50.000000, -50.000000
[16:13:10] : Cycle start ON
[16:13:10] : Cycle start OFF
[16:13:15] : REQUEST MEAS. ON
[16:13:24] : REQUEST MEAS. OFF
[16:13:24] : end pos sig1 : 50.000000, 50.000000
[16:13:24] : 측정요구 ON 2
[16:13:34] : 측정요구 2OFF
[16:13:34] : end pos sig2 : -50.000000, -50.000000
[16:13:38] : 측정요구3 ON
[16:13:47] : 측정요구3 OFF
[16:13:47] : end pos sig3 : 50.000000, 50.000000
[16:13:47] : 측정요구4 ON
[16:13:57] : 측정요구4 OFF
[16:13:57] : end pos sig4 : -50.000000, -50.000000
[16:14:03] : Cycle start ON
[16:14:03] : Cycle start OFF
[16:14:08] : REQUEST MEAS. ON
[16:14:17] : REQUEST MEAS. OFF
[16:14:17] : end pos sig1 : 50.000000, 50.000000
[16:14:17] : 측정요구 ON 2
[16:14:27] : 측정요구 2OFF
[16:14:27] : end pos sig2 : -50.000000, -50.000000
[16:14:31] : 측정요구3 ON
[16:14:40] : 측정요구3 OFF
[16:14:40] : end pos sig3 : 50.000000, 50.000000
[16:14:40] : 측정요구4 ON
[16:14:50] : 측정요구4 OFF
[16:14:50] : end pos sig4 : -50.000000, -50.000000
[16:14:55] : Cycle start ON
[16:14:55] : Cycle start OFF
[16:15:00] : REQUEST MEAS. ON
[16:15:09] : REQUEST MEAS. OFF
[16:15:09] : end pos sig1 : 50.000000, 50.000000
[16:15:09] : 측정요구 ON 2
[16:15:19] : 측정요구 2OFF
[16:15:19] : end pos sig2 : -50.000000, -50.000000
[16:15:23] : 측정요구3 ON
[16:15:32] : 측정요구3 OFF
[16:15:32] : end pos sig3 : 50.000000, 50.000000
[16:15:32] : 측정요구4 ON
[16:15:42] : 측정요구4 OFF
[16:15:42] : end pos sig4 : -50.000000, -50.000000
[16:15:48] : Cycle start ON
[16:15:48] : Cycle start OFF
[16:15:53] : REQUEST MEAS. ON
[16:16:02] : REQUEST MEAS. OFF
[16:16:02] : end pos sig1 : 50.000000, 50.000000
[16:16:02] : 측정요구 ON 2
[16:16:12] : 측정요구 2OFF
[16:16:12] : end pos sig2 : -50.000000, -50.000000
[16:16:16] : 측정요구3 ON
[16:16:25] : 측정요구3 OFF
[16:16:25] : end pos sig3 : 50.000000, 50.000000
[16:16:25] : 측정요구4 ON
[16:16:35] : 측정요구4 OFF
[16:16:35] : end pos sig4 : -50.000000, -50.000000
[16:16:41] : Cycle start ON
[16:16:41] : Cycle start OFF
[16:16:46] : REQUEST MEAS. ON
[16:16:55] : REQUEST MEAS. OFF
[16:16:55] : end pos sig1 : 50.000000, 50.000000
[16:16:55] : 측정요구 ON 2
[16:17:04] : 측정요구 2OFF
[16:17:04] : end pos sig2 : -50.000000, -50.000000
[16:17:09] : 측정요구3 ON
[16:17:18] : 측정요구3 OFF
[16:17:18] : end pos sig3 : 50.000000, 50.000000
[16:17:18] : 측정요구4 ON
[16:17:28] : 측정요구4 OFF
[16:17:28] : end pos sig4 : -50.000000, -50.000000
[16:17:34] : Cycle start ON
[16:17:34] : Cycle start OFF
[16:17:39] : REQUEST MEAS. ON
[16:17:48] : REQUEST MEAS. OFF
[16:17:48] : end pos sig1 : 50.000000, 50.000000
[16:17:48] : 측정요구 ON 2
[16:17:57] : 측정요구 2OFF
[16:17:57] : end pos sig2 : -50.000000, -50.000000
[16:18:02] : 측정요구3 ON
[16:18:11] : 측정요구3 OFF
[16:18:11] : end pos sig3 : 50.000000, 50.000000
[16:18:11] : 측정요구4 ON
[16:18:21] : 측정요구4 OFF
[16:18:21] : end pos sig4 : -50.000000, -50.000000
[16:18:26] : Cycle start ON
[16:18:26] : Cycle start OFF
[16:18:31] : REQUEST MEAS. ON
[16:18:40] : REQUEST MEAS. OFF
[16:18:40] : end pos sig1 : 50.000000, 50.000000
[16:18:40] : 측정요구 ON 2
[16:18:50] : 측정요구 2OFF
[16:18:50] : end pos sig2 : -50.000000, -50.000000
[16:18:54] : 측정요구3 ON
[16:19:03] : 측정요구3 OFF
[16:19:03] : end pos sig3 : 50.000000, 50.000000
[16:19:03] : 측정요구4 ON
[16:19:13] : 측정요구4 OFF
[16:19:13] : end pos sig4 : -50.000000, -50.000000
[16:19:19] : Cycle start ON
[16:19:19] : Cycle start OFF
[16:19:24] : REQUEST MEAS. ON
[16:19:33] : REQUEST MEAS. OFF
[16:19:33] : end pos sig1 : 50.000000, 50.000000
[16:19:33] : 측정요구 ON 2
[16:19:43] : 측정요구 2OFF
[16:19:43] : end pos sig2 : -50.000000, -50.000000
[16:19:47] : 측정요구3 ON
[16:19:56] : 측정요구3 OFF
[16:19:56] : end pos sig3 : 50.000000, 50.000000
[16:19:56] : 측정요구4 ON
[16:20:06] : 측정요구4 OFF
[16:20:06] : end pos sig4 : -50.000000, -50.000000
[16:20:12] : Cycle start ON
[16:20:12] : Cycle start OFF
[16:20:17] : REQUEST MEAS. ON
[16:20:26] : REQUEST MEAS. OFF
[16:20:26] : end pos sig1 : 50.000000, 50.000000
[16:20:26] : 측정요구 ON 2
[16:20:35] : 측정요구 2OFF
[16:20:35] : end pos sig2 : -50.000000, -50.000000
[16:20:40] : 측정요구3 ON
[16:20:49] : 측정요구3 OFF
[16:20:49] : end pos sig3 : 50.000000, 50.000000
[16:20:49] : 측정요구4 ON
[16:20:59] : 측정요구4 OFF
[16:20:59] : end pos sig4 : -50.000000, -50.000000
[16:21:04] : Cycle start ON
[16:21:04] : Cycle start OFF
[16:21:09] : REQUEST MEAS. ON
[16:21:18] : REQUEST MEAS. OFF
[16:21:18] : end pos sig1 : 50.000000, 50.000000
[16:21:18] : 측정요구 ON 2
[16:21:28] : 측정요구 2OFF
[16:21:28] : end pos sig2 : -50.000000, -50.000000
[16:21:33] : 측정요구3 ON
[16:21:42] : 측정요구3 OFF
[16:21:42] : end pos sig3 : 50.000000, 50.000000
[16:21:42] : 측정요구4 ON
[16:21:52] : 측정요구4 OFF
[16:21:52] : end pos sig4 : -50.000000, -50.000000
[16:21:57] : Cycle start ON
[16:21:57] : Cycle start OFF
[16:22:02] : REQUEST MEAS. ON
[16:22:11] : REQUEST MEAS. OFF
[16:22:11] : end pos sig1 : 50.000000, 50.000000
[16:22:11] : 측정요구 ON 2
[16:22:21] : 측정요구 2OFF
[16:22:21] : end pos sig2 : -50.000000, -50.000000
[16:22:25] : 측정요구3 ON
[16:22:34] : 측정요구3 OFF
[16:22:34] : end pos sig3 : 50.000000, 50.000000
[16:22:34] : 측정요구4 ON
[16:22:44] : 측정요구4 OFF
[16:22:44] : end pos sig4 : -50.000000, -50.000000
[16:22:50] : Cycle start ON
[16:22:50] : Cycle start OFF
[16:22:55] : REQUEST MEAS. ON
[16:23:04] : REQUEST MEAS. OFF
[16:23:04] : end pos sig1 : 50.000000, 50.000000
[16:23:04] : 측정요구 ON 2
[16:23:13] : 측정요구 2OFF
[16:23:13] : end pos sig2 : -50.000000, -50.000000
[16:23:18] : 측정요구3 ON
[16:23:27] : 측정요구3 OFF
[16:23:27] : end pos sig3 : 50.000000, 50.000000
[16:23:28] : 측정요구4 ON
[16:23:37] : 측정요구4 OFF
[16:23:37] : end pos sig4 : -50.000000, -50.000000
[16:23:42] : Cycle start ON
[16:23:42] : Cycle start OFF
[16:23:47] : REQUEST MEAS. ON
[16:23:56] : REQUEST MEAS. OFF
[16:23:56] : end pos sig1 : 50.000000, 50.000000
[16:23:56] : 측정요구 ON 2
[16:24:06] : 측정요구 2OFF
[16:24:06] : end pos sig2 : -50.000000, -50.000000
[16:24:11] : 측정요구3 ON
[16:24:20] : 측정요구3 OFF
[16:24:20] : end pos sig3 : 50.000000, 50.000000
[16:24:20] : 측정요구4 ON
[16:24:30] : 측정요구4 OFF
[16:24:30] : end pos sig4 : -50.000000, -50.000000
[16:24:35] : Cycle start ON
[16:24:35] : Cycle start OFF
[16:24:40] : REQUEST MEAS. ON
[16:24:49] : REQUEST MEAS. OFF
[16:24:49] : end pos sig1 : 50.000000, 50.000000
[16:24:49] : 측정요구 ON 2
[16:24:59] : 측정요구 2OFF
[16:24:59] : end pos sig2 : -50.000000, -50.000000
[16:25:04] : 측정요구3 ON
[16:25:13] : 측정요구3 OFF
[16:25:13] : end pos sig3 : 50.000000, 50.000000
[16:25:14] : 측정요구4 ON
[16:25:23] : 측정요구4 OFF
[16:25:23] : end pos sig4 : -50.000000, -50.000000
[16:25:28] : Cycle start ON
[16:25:28] : Cycle start OFF
[16:25:33] : REQUEST MEAS. ON
[16:25:42] : REQUEST MEAS. OFF
[16:25:42] : end pos sig1 : 50.000000, 50.000000
[16:25:42] : 측정요구 ON 2
[16:25:52] : 측정요구 2OFF
[16:25:52] : end pos sig2 : -50.000000, -50.000000
[16:25:57] : 측정요구3 ON
[16:26:06] : 측정요구3 OFF
[16:26:06] : end pos sig3 : 50.000000, 50.000000
[16:26:06] : 측정요구4 ON
[16:26:16] : 측정요구4 OFF
[16:26:16] : end pos sig4 : -47.570000, -47.610000
[18:25:38] : Cycle start ON
[18:25:38] : Cycle start OFF
[18:25:43] : REQUEST MEAS. ON
[18:25:52] : REQUEST MEAS. OFF
[18:25:52] : end pos sig1 : 50.000000, 50.000000
[18:25:52] : 측정요구 ON 2
[18:26:02] : 측정요구 2OFF
[18:26:02] : end pos sig2 : -50.000000, -50.000000
[18:26:06] : 측정요구3 ON
[18:26:15] : 측정요구3 OFF
[18:26:15] : end pos sig3 : 50.000000, 50.000000
[18:26:15] : 측정요구4 ON
[18:26:25] : 측정요구4 OFF
[18:26:25] : end pos sig4 : -50.000000, -50.000000
[18:26:31] : Cycle start ON
[18:26:31] : Cycle start OFF
[18:26:36] : REQUEST MEAS. ON
[18:26:45] : REQUEST MEAS. OFF
[18:26:45] : end pos sig1 : 50.000000, 50.000000
[18:26:45] : 측정요구 ON 2
[18:26:54] : 측정요구 2OFF
[18:26:54] : end pos sig2 : -50.000000, -50.000000
[18:26:59] : 측정요구3 ON
[18:27:08] : 측정요구3 OFF
[18:27:08] : end pos sig3 : 50.000000, 50.000000
[18:27:08] : 측정요구4 ON
[18:27:17] : 측정요구4 OFF
[18:27:17] : end pos sig4 : -50.000000, -50.000000
[18:28:08] : Cycle start ON
[18:28:09] : Cycle start OFF
[18:28:13] : REQUEST MEAS. ON
[18:28:23] : REQUEST MEAS. OFF
[18:28:23] : end pos sig1 : 50.000000, 50.000000
[18:28:23] : 측정요구 ON 2
[18:28:32] : 측정요구 2OFF
[18:28:32] : end pos sig2 : -50.000000, -50.000000
[18:28:36] : 측정요구3 ON
[18:28:45] : 측정요구3 OFF
[18:28:45] : end pos sig3 : 50.000000, 50.000000
[18:28:45] : 측정요구4 ON
[18:28:55] : 측정요구4 OFF
[18:28:55] : end pos sig4 : -50.000000, -50.000000
[18:29:03] : Cycle start ON
[18:29:03] : Cycle start OFF
[18:29:08] : REQUEST MEAS. ON
[18:29:17] : REQUEST MEAS. OFF
[18:29:17] : end pos sig1 : 50.000000, 50.000000
[18:29:17] : 측정요구 ON 2
[18:29:27] : 측정요구 2OFF
[18:29:27] : end pos sig2 : -50.000000, -50.000000
[18:29:31] : 측정요구3 ON
[18:29:40] : 측정요구3 OFF
[18:29:40] : end pos sig3 : 50.000000, 50.000000
[18:29:40] : 측정요구4 ON
[18:29:50] : 측정요구4 OFF
[18:29:50] : end pos sig4 : -50.000000, -50.000000
[18:29:58] : Cycle start ON
[18:29:58] : Cycle start OFF
[18:30:03] : REQUEST MEAS. ON
[18:30:12] : REQUEST MEAS. OFF
[18:30:12] : end pos sig1 : 50.000000, 50.000000
[18:30:12] : 측정요구 ON 2
[18:30:22] : 측정요구 2OFF
[18:30:22] : end pos sig2 : -50.000000, -50.000000
[18:30:26] : 측정요구3 ON
[18:30:35] : 측정요구3 OFF
[18:30:35] : end pos sig3 : 50.000000, 50.000000
[18:30:35] : 측정요구4 ON
[18:30:45] : 측정요구4 OFF
[18:30:45] : end pos sig4 : -50.000000, -50.000000
[18:32:37] : Cycle start ON
[18:32:37] : Cycle start OFF
[18:32:42] : REQUEST MEAS. ON
[18:32:50] : REQUEST MEAS. OFF
[18:32:50] : end pos sig1 : 50.000000, 50.000000
[18:32:50] : 측정요구 ON 2
[18:32:57] : 측정요구 2OFF
[18:32:57] : end pos sig2 : -50.000000, -50.000000
[18:33:02] : 측정요구3 ON
[18:33:09] : 측정요구3 OFF
[18:33:09] : end pos sig3 : 50.000000, 50.000000
[18:33:10] : 측정요구4 ON
[18:33:17] : 측정요구4 OFF
[18:33:17] : end pos sig4 : -50.000000, -50.000000
[18:33:26] : Cycle start ON
[18:33:28] : Cycle start OFF
[18:33:32] : REQUEST MEAS. ON
[18:33:39] : REQUEST MEAS. OFF
[18:33:39] : end pos sig1 : 50.000000, 50.000000
[18:33:39] : 측정요구 ON 2
[18:33:47] : 측정요구 2OFF
[18:33:47] : end pos sig2 : -50.000000, -50.000000
[18:33:52] : 측정요구3 ON
[18:33:59] : 측정요구3 OFF
[18:33:59] : end pos sig3 : 50.000000, 50.000000
[18:33:59] : 측정요구4 ON
[18:34:07] : 측정요구4 OFF
[18:34:07] : end pos sig4 : -47.590000, -47.590000
[18:34:17] : Cycle start ON
[18:34:17] : Cycle start OFF
[18:34:22] : REQUEST MEAS. ON
[18:34:29] : REQUEST MEAS. OFF
[18:34:29] : end pos sig1 : 50.000000, 50.000000
[18:34:29] : 측정요구 ON 2
[18:34:37] : 측정요구 2OFF
[18:34:37] : end pos sig2 : -50.000000, -50.000000
[18:34:42] : 측정요구3 ON
[18:34:49] : 측정요구3 OFF
[18:34:49] : end pos sig3 : 50.000000, 50.000000
[18:34:49] : 측정요구4 ON
[18:34:57] : 측정요구4 OFF
[18:34:57] : end pos sig4 : -50.000000, -50.000000
[18:35:05] : Cycle start ON
[18:35:06] : Cycle start OFF
[18:35:09] : REQUEST MEAS. ON
[18:35:17] : REQUEST MEAS. OFF
[18:35:17] : end pos sig1 : 50.000000, 50.000000
[18:35:17] : 측정요구 ON 2
[18:35:25] : 측정요구 2OFF
[18:35:25] : end pos sig2 : -50.000000, -50.000000
[18:35:30] : 측정요구3 ON
[18:35:37] : 측정요구3 OFF
[18:35:37] : end pos sig3 : 50.000000, 50.000000
[18:35:37] : 측정요구4 ON
[18:35:45] : 측정요구4 OFF
[18:35:45] : end pos sig4 : -50.000000, -50.000000
[18:35:52] : Cycle start ON
[18:35:52] : Cycle start OFF
[18:35:57] : REQUEST MEAS. ON
[18:36:05] : REQUEST MEAS. OFF
[18:36:05] : end pos sig1 : 50.000000, 50.000000
[18:36:05] : 측정요구 ON 2
[18:36:12] : 측정요구 2OFF
[18:36:12] : end pos sig2 : -50.000000, -50.000000
[18:36:17] : 측정요구3 ON
[18:36:24] : 측정요구3 OFF
[18:36:24] : end pos sig3 : 50.000000, 50.000000
[18:36:24] : 측정요구4 ON
[18:36:32] : 측정요구4 OFF
[18:36:32] : end pos sig4 : -50.000000, -50.000000
[18:38:06] : Cycle start ON
[18:38:07] : Cycle start OFF
[18:38:12] : REQUEST MEAS. ON
[18:38:18] : REQUEST MEAS. OFF
[18:38:18] : end pos sig1 : 50.000000, 50.000000
[18:38:18] : 측정요구 ON 2
[18:38:24] : 측정요구 2OFF
[18:38:24] : end pos sig2 : -50.000000, -50.000000
[18:38:29] : 측정요구3 ON
[18:38:35] : 측정요구3 OFF
[18:38:35] : end pos sig3 : 50.000000, 50.000000
[18:38:35] : 측정요구4 ON
[18:38:42] : 측정요구4 OFF
[18:38:42] : end pos sig4 : -50.000000, -50.000000
[18:39:00] : Cycle start ON
[18:39:00] : Cycle start OFF
[18:39:05] : REQUEST MEAS. ON
[18:39:11] : REQUEST MEAS. OFF
[18:39:11] : end pos sig1 : 50.000000, 50.000000
[18:39:11] : 측정요구 ON 2
[18:39:18] : 측정요구 2OFF
[18:39:18] : end pos sig2 : -50.000000, -50.000000
[18:39:23] : 측정요구3 ON
[18:39:29] : 측정요구3 OFF
[18:39:29] : end pos sig3 : 50.000000, 50.000000
[18:39:29] : 측정요구4 ON
[18:39:35] : 측정요구4 OFF
[18:39:35] : end pos sig4 : -50.000000, -50.000000
[18:39:50] : Cycle start ON
[18:39:50] : Cycle start OFF
[18:39:55] : REQUEST MEAS. ON
[18:40:01] : REQUEST MEAS. OFF
[18:40:01] : end pos sig1 : 50.000000, 50.000000
[18:40:01] : 측정요구 ON 2
[18:40:08] : 측정요구 2OFF
[18:40:08] : end pos sig2 : -50.000000, -50.000000
[18:40:13] : 측정요구3 ON
[18:40:19] : 측정요구3 OFF
[18:40:19] : end pos sig3 : 50.000000, 50.000000
[18:40:19] : 측정요구4 ON
[18:40:25] : 측정요구4 OFF
[18:40:25] : end pos sig4 : -49.660000, -49.680000
[18:41:00] : Cycle start ON
[18:41:00] : Cycle start OFF
[18:41:05] : REQUEST MEAS. ON
[18:41:11] : REQUEST MEAS. OFF
[18:41:11] : end pos sig1 : 50.000000, 50.000000
[18:41:11] : 측정요구 ON 2
[18:41:18] : 측정요구 2OFF
[18:41:18] : end pos sig2 : -50.000000, -50.000000
[18:41:23] : 측정요구3 ON
[18:41:29] : 측정요구3 OFF
[18:41:29] : end pos sig3 : 50.000000, 50.000000
[18:41:29] : 측정요구4 ON
[18:41:36] : 측정요구4 OFF
[18:41:36] : end pos sig4 : -50.000000, -50.000000
[18:41:57] : Cycle start ON
[18:41:57] : Cycle start OFF
[18:42:02] : REQUEST MEAS. ON
[18:42:08] : REQUEST MEAS. OFF
[18:42:08] : end pos sig1 : 50.000000, 50.000000
[18:42:08] : 측정요구 ON 2
[18:42:15] : 측정요구 2OFF
[18:42:15] : end pos sig2 : -50.000000, -50.000000
[18:42:20] : 측정요구3 ON
[18:42:26] : 측정요구3 OFF
[18:42:26] : end pos sig3 : 50.000000, 50.000000
[18:42:26] : 측정요구4 ON
[18:42:32] : 측정요구4 OFF
[18:42:32] : end pos sig4 : -50.000000, -50.000000
[18:50:56] : MEAS ESC ON
[18:50:57] : MEAS ESC OFF
[18:51:28] : MEAS ESC ON
[18:51:56] : MEAS ESC OFF
[18:52:23] : MEAS ESC ON
[18:52:24] : MEAS ESC OFF
[18:52:24] : AUTO RUNNING ON
[18:52:24] : Cycle start ON
[18:52:25] : Cycle start OFF
[18:52:30] : REQUEST MEAS. ON
[18:52:37] : REQUEST MEAS. OFF
[18:52:37] : end pos sig1 : 50.000000, 50.000000
[18:52:37] : 측정요구 ON 2
[18:52:45] : 측정요구 2OFF
[18:52:45] : end pos sig2 : -50.000000, -50.000000
[18:52:49] : 측정요구3 ON
[18:52:56] : 측정요구3 OFF
[18:52:56] : end pos sig3 : 50.000000, 50.000000
[18:52:56] : 측정요구4 ON
[18:53:04] : 측정요구4 OFF
[18:53:04] : end pos sig4 : -50.000000, -50.000000
[18:53:04] : 12,20190118-185305,AL19011232943,,OK,MAX,2, ,AUTO,0.10,3.00,0.71,OK,0.10,3.00,0.54,OK,0.10,3.00,0.46,OK,0.10,3.00,1.03,OK,
[18:55:39] : Cycle start ON
[18:55:41] : Cycle start OFF
[18:55:46] : REQUEST MEAS. ON
[18:55:53] : REQUEST MEAS. OFF
[18:55:53] : end pos sig1 : 50.000000, 50.000000
[18:55:53] : 측정요구 ON 2
[18:56:01] : 측정요구 2OFF
[18:56:01] : end pos sig2 : -50.000000, -50.000000
[18:56:06] : 측정요구3 ON
[18:56:13] : 측정요구3 OFF
[18:56:13] : end pos sig3 : 50.000000, 50.000000
[18:56:13] : 측정요구4 ON
[18:56:21] : 측정요구4 OFF
[18:56:21] : end pos sig4 : -50.000000, -50.000000
[18:56:22] : 12,20190118-185622,AL19011232893,,OK,MAX,2, ,AUTO,0.10,3.00,0.90,OK,0.10,3.00,0.68,OK,0.10,3.00,0.51,OK,0.10,3.00,1.07,OK,
[19:02:26] : AUTO RUNNING OFF
[19:04:32] : MEAS ESC ON
[19:04:35] : MEAS ESC OFF
[19:04:35] : AUTO RUNNING ON
[19:05:31] : Cycle start ON
[19:05:32] : Cycle start OFF
[19:05:37] : REQUEST MEAS. ON
[19:05:44] : REQUEST MEAS. OFF
[19:05:44] : end pos sig1 : 50.000000, 50.000000
[19:05:44] : 측정요구 ON 2
[19:05:51] : 측정요구 2OFF
[19:05:51] : end pos sig2 : -50.000000, -50.000000
[19:05:56] : 측정요구3 ON
[19:06:03] : 측정요구3 OFF
[19:06:03] : end pos sig3 : 50.000000, 50.000000
[19:06:03] : 측정요구4 ON
[19:06:05] : AUTO RUNNING OFF
[19:06:05] : 측정요구4 OFF
[19:06:05] : end pos sig4 : 34.640000, 34.660000
[19:07:00] : MEAS ESC ON
[19:07:01] : MEAS ESC OFF
[19:07:01] : AUTO RUNNING ON
[19:07:01] : 측정요구4 ON
[19:07:02] : 측정요구4 OFF
[19:07:02] : end pos sig4 : -50.000000, -50.000000
[19:07:02] : 12,20190118-190702,AL19011232773,,OK,MAX,2, ,AUTO,0.10,3.00,0.93,OK,0.10,3.00,0.88,OK,0.10,3.00,0.49,OK,0.10,3.00,2.03,OK,
[19:07:41] : Cycle start ON
[19:07:42] : Cycle start OFF
[19:07:47] : REQUEST MEAS. ON
[19:07:55] : REQUEST MEAS. OFF
[19:07:55] : end pos sig1 : 50.000000, 50.000000
[19:07:55] : 측정요구 ON 2
[19:08:04] : 측정요구 2OFF
[19:08:04] : end pos sig2 : -50.000000, -50.000000
[19:08:08] : 측정요구3 ON
[19:08:15] : 측정요구3 OFF
[19:08:15] : end pos sig3 : 50.000000, 50.000000
[19:08:15] : 측정요구4 ON
[19:08:23] : 측정요구4 OFF
[19:08:23] : end pos sig4 : -48.790000, -50.000000
[19:08:24] : 12,20190118-190824,AL19011232693,,OK,MAX,2, ,AUTO,0.10,3.00,0.83,OK,0.10,3.00,0.76,OK,0.10,3.00,0.54,OK,0.10,3.00,1.34,OK,
[19:08:38] : Cycle start ON
[19:08:40] : Cycle start OFF
[19:08:45] : REQUEST MEAS. ON
[19:08:52] : REQUEST MEAS. OFF
[19:08:52] : end pos sig1 : 50.000000, 50.000000
[19:08:52] : 측정요구 ON 2
[19:08:59] : 측정요구 2OFF
[19:08:59] : end pos sig2 : -50.000000, -50.000000
[19:09:04] : 측정요구3 ON
[19:09:11] : 측정요구3 OFF
[19:09:11] : end pos sig3 : 50.000000, 50.000000
[19:09:11] : 측정요구4 ON
[19:09:19] : 측정요구4 OFF
[19:09:19] : end pos sig4 : -50.000000, -50.000000
[19:09:19] : 12,20190118-190920,AL19011232953,,OK,MAX,2, ,AUTO,0.10,3.00,0.61,OK,0.10,3.00,0.78,OK,0.10,3.00,0.63,OK,0.10,3.00,0.66,OK,
[19:09:33] : Cycle start ON
[19:09:34] : Cycle start OFF
[19:09:39] : REQUEST MEAS. ON
[19:09:46] : REQUEST MEAS. OFF
[19:09:46] : end pos sig1 : 50.000000, 50.000000
[19:09:46] : 측정요구 ON 2
[19:09:55] : 측정요구 2OFF
[19:09:55] : end pos sig2 : -50.000000, -50.000000
[19:09:59] : 측정요구3 ON
[19:10:06] : 측정요구3 OFF
[19:10:06] : end pos sig3 : 50.000000, 50.000000
[19:10:06] : 측정요구4 ON
[19:10:14] : 측정요구4 OFF
[19:10:14] : end pos sig4 : -50.000000, -50.000000
[19:10:14] : 12,20190118-191015,AL19011232983,,OK,MAX,2, ,AUTO,0.10,3.00,0.88,OK,0.10,3.00,0.78,OK,0.10,3.00,0.49,OK,0.10,3.00,1.12,OK,
[19:10:28] : Cycle start ON
[19:10:29] : Cycle start OFF
[19:10:34] : REQUEST MEAS. ON
[19:10:41] : REQUEST MEAS. OFF
[19:10:41] : end pos sig1 : 50.000000, 50.000000
[19:10:41] : 측정요구 ON 2
[19:10:49] : 측정요구 2OFF
[19:10:49] : end pos sig2 : -49.950000, -50.000000
[19:10:54] : 측정요구3 ON
[19:11:01] : 측정요구3 OFF
[19:11:01] : end pos sig3 : 50.000000, 50.000000
[19:11:01] : 측정요구4 ON
[19:11:08] : 측정요구4 OFF
[19:11:08] : end pos sig4 : -50.000000, -50.000000
[19:11:08] : 12,20190118-191109,AL19011232813,,OK,MAX,2, ,AUTO,0.10,3.00,0.61,OK,0.10,3.00,1.25,OK,0.10,3.00,0.63,OK,0.10,3.00,0.93,OK,
[19:12:44] : AUTO RUNNING OFF
[19:12:45] : MEAS ESC ON
[19:12:46] : MEAS ESC OFF
[19:12:46] : AUTO RUNNING ON
[19:13:29] : Cycle start ON
[19:13:31] : Cycle start OFF
[19:13:36] : REQUEST MEAS. ON
[19:13:43] : REQUEST MEAS. OFF
[19:13:43] : end pos sig1 : 50.000000, 50.000000
[19:13:43] : 측정요구 ON 2
[19:13:51] : 측정요구 2OFF
[19:13:51] : end pos sig2 : -50.000000, -50.000000
[19:13:56] : 측정요구3 ON
[19:14:03] : 측정요구3 OFF
[19:14:03] : end pos sig3 : 50.000000, 50.000000
[19:14:03] : 측정요구4 ON
[19:14:11] : 측정요구4 OFF
[19:14:11] : end pos sig4 : -50.000000, -50.000000
[19:14:11] : 12,20190118-191412,AL19011233423,,OK,MAX,2, ,AUTO,0.10,3.00,0.46,OK,0.10,3.00,0.61,OK,0.10,3.00,0.51,OK,0.10,3.00,1.56,OK,
[19:14:24] : Cycle start ON
[19:14:26] : Cycle start OFF
[19:14:31] : REQUEST MEAS. ON
[19:14:38] : REQUEST MEAS. OFF
[19:14:38] : end pos sig1 : 50.000000, 50.000000
[19:14:38] : 측정요구 ON 2
[19:14:45] : 측정요구 2OFF
[19:14:45] : end pos sig2 : -50.000000, -50.000000
[19:14:50] : 측정요구3 ON
[19:14:57] : 측정요구3 OFF
[19:14:57] : end pos sig3 : 50.000000, 50.000000
[19:14:57] : 측정요구4 ON
[19:15:06] : 측정요구4 OFF
[19:15:06] : end pos sig4 : -50.000000, -50.000000
[19:15:06] : 12,20190118-191506,AL19011233443,,OK,MAX,2, ,AUTO,0.10,3.00,0.93,OK,0.10,3.00,0.46,OK,0.10,3.00,0.51,OK,0.10,3.00,1.66,OK,
[19:15:27] : Cycle start ON
[19:15:29] : Cycle start OFF
[19:15:33] : REQUEST MEAS. ON
[19:15:41] : REQUEST MEAS. OFF
[19:15:41] : end pos sig1 : 50.000000, 50.000000
[19:15:41] : 측정요구 ON 2
[19:15:49] : 측정요구 2OFF
[19:15:49] : end pos sig2 : -50.000000, -50.000000
[19:15:54] : 측정요구3 ON
[19:16:01] : 측정요구3 OFF
[19:16:01] : end pos sig3 : 50.000000, 50.000000
[19:16:01] : 측정요구4 ON
[19:16:09] : 측정요구4 OFF
[19:16:09] : end pos sig4 : -50.000000, -50.000000
[19:16:10] : 12,20190118-191610,AL19011233403,,OK,MAX,2, ,AUTO,0.10,3.00,1.07,OK,0.10,3.00,0.61,OK,0.10,3.00,0.93,OK,0.10,3.00,1.95,OK,
[19:16:21] : Cycle start ON
[19:16:23] : Cycle start OFF
[19:16:27] : REQUEST MEAS. ON
[19:16:35] : REQUEST MEAS. OFF
[19:16:35] : end pos sig1 : 50.000000, 50.000000
[19:16:35] : 측정요구 ON 2
[19:16:42] : 측정요구 2OFF
[19:16:42] : end pos sig2 : -50.000000, -50.000000
[19:16:47] : 측정요구3 ON
[19:16:54] : 측정요구3 OFF
[19:16:54] : end pos sig3 : 50.000000, 50.000000
[19:16:54] : 측정요구4 ON
[19:17:02] : 측정요구4 OFF
[19:17:02] : end pos sig4 : -50.000000, -50.000000
[19:17:02] : 12,20190118-191703,AL19011233383,,OK,MAX,2, ,AUTO,0.10,3.00,0.98,OK,0.10,3.00,0.93,OK,0.10,3.00,0.68,OK,0.10,3.00,1.37,OK,
[19:18:32] : Cycle start ON
[19:18:34] : Cycle start OFF
[19:18:38] : REQUEST MEAS. ON
[19:18:46] : REQUEST MEAS. OFF
[19:18:46] : end pos sig1 : 50.000000, 50.000000
[19:18:46] : 측정요구 ON 2
[19:18:53] : 측정요구 2OFF
[19:18:53] : end pos sig2 : -50.000000, -50.000000
[19:18:58] : 측정요구3 ON
[19:19:05] : 측정요구3 OFF
[19:19:05] : end pos sig3 : 50.000000, 50.000000
[19:19:05] : 측정요구4 ON
[19:19:13] : 측정요구4 OFF
[19:19:13] : end pos sig4 : -50.000000, -50.000000
[19:19:14] : 12,20190118-191914,AL19011233363,,OK,MAX,2, ,AUTO,0.10,3.00,0.73,OK,0.10,3.00,0.71,OK,0.10,3.00,0.63,OK,0.10,3.00,1.34,OK,
[19:19:31] : Cycle start ON
[19:19:32] : Cycle start OFF
[19:19:37] : REQUEST MEAS. ON
[19:19:45] : REQUEST MEAS. OFF
[19:19:45] : end pos sig1 : 50.000000, 50.000000
[19:19:45] : 측정요구 ON 2
[19:19:52] : 측정요구 2OFF
[19:19:52] : end pos sig2 : -50.000000, -50.000000
[19:19:57] : 측정요구3 ON
[19:20:04] : 측정요구3 OFF
[19:20:04] : end pos sig3 : 50.000000, 50.000000
[19:20:04] : 측정요구4 ON
[19:20:12] : 측정요구4 OFF
[19:20:12] : end pos sig4 : -50.000000, -50.000000
[19:20:13] : 12,20190118-192013,AL19011234133,,OK,MAX,2, ,AUTO,0.10,3.00,1.32,OK,0.10,3.00,0.98,OK,0.10,3.00,0.95,OK,0.10,3.00,1.10,OK,
[19:20:24] : Cycle start ON
[19:20:26] : Cycle start OFF
[19:20:30] : REQUEST MEAS. ON
[19:20:38] : REQUEST MEAS. OFF
[19:20:38] : end pos sig1 : 50.000000, 50.000000
[19:20:38] : 측정요구 ON 2
[19:20:46] : 측정요구 2OFF
[19:20:46] : end pos sig2 : -50.000000, -50.000000
[19:20:51] : 측정요구3 ON
[19:20:58] : 측정요구3 OFF
[19:20:58] : end pos sig3 : 50.000000, 50.000000
[19:20:58] : 측정요구4 ON
[19:21:06] : 측정요구4 OFF
[19:21:06] : end pos sig4 : -50.000000, -50.000000
[19:21:07] : 12,20190118-192107,AL19011234063,,OK,MAX,2, ,AUTO,0.10,3.00,1.68,OK,0.10,3.00,1.51,OK,0.10,3.00,1.20,OK,0.10,3.00,2.10,OK,
[19:21:20] : Cycle start ON
[19:21:22] : Cycle start OFF
[19:21:26] : REQUEST MEAS. ON
[19:21:34] : REQUEST MEAS. OFF
[19:21:34] : end pos sig1 : 50.000000, 50.000000
[19:21:34] : 측정요구 ON 2
[19:21:42] : 측정요구 2OFF
[19:21:42] : end pos sig2 : -50.000000, -50.000000
[19:21:46] : 측정요구3 ON
[19:21:53] : 측정요구3 OFF
[19:21:53] : end pos sig3 : 50.000000, 50.000000
[19:21:53] : 측정요구4 ON
[19:22:02] : 측정요구4 OFF
[19:22:02] : end pos sig4 : -50.000000, -50.000000
[19:22:02] : 12,20190118-192202,AL19011234113,,OK,MAX,2, ,AUTO,0.10,3.00,1.68,OK,0.10,3.00,0.61,OK,0.10,3.00,0.61,OK,0.10,3.00,0.90,OK,
[19:22:13] : Cycle start ON
[19:22:15] : Cycle start OFF
[19:22:19] : REQUEST MEAS. ON
[19:22:27] : REQUEST MEAS. OFF
[19:22:27] : end pos sig1 : 50.000000, 50.000000
[19:22:27] : 측정요구 ON 2
[19:22:35] : 측정요구 2OFF
[19:22:35] : end pos sig2 : -50.000000, -50.000000
[19:22:40] : 측정요구3 ON
[19:22:47] : 측정요구3 OFF
[19:22:47] : end pos sig3 : 50.000000, 50.000000
[19:22:47] : 측정요구4 ON
[19:22:54] : 측정요구4 OFF
[19:22:54] : end pos sig4 : -50.000000, -50.000000
[19:22:55] : 12,20190118-192256,AL19011234093,,OK,MAX,2, ,AUTO,0.10,3.00,1.22,OK,0.10,3.00,0.78,OK,0.10,3.00,0.63,OK,0.10,3.00,1.20,OK,
[19:23:11] : Cycle start ON
[19:23:12] : Cycle start OFF
[19:23:17] : REQUEST MEAS. ON
[19:23:24] : REQUEST MEAS. OFF
[19:23:24] : end pos sig1 : 50.000000, 50.000000
[19:23:24] : 측정요구 ON 2
[19:23:31] : 측정요구 2OFF
[19:23:31] : end pos sig2 : -50.000000, -50.000000
[19:23:36] : 측정요구3 ON
[19:23:43] : 측정요구3 OFF
[19:23:43] : end pos sig3 : 50.000000, 50.000000
[19:23:43] : 측정요구4 ON
[19:23:51] : 측정요구4 OFF
[19:23:51] : end pos sig4 : -50.000000, -50.000000
[19:23:51] : 12,20190118-192352,AL19011234073,,OK,MAX,2, ,AUTO,0.10,3.00,1.42,OK,0.10,3.00,0.93,OK,0.10,3.00,0.81,OK,0.10,3.00,1.37,OK,
[19:24:04] : Cycle start ON
[19:24:05] : Cycle start OFF
[19:24:10] : REQUEST MEAS. ON
[19:24:17] : REQUEST MEAS. OFF
[19:24:17] : end pos sig1 : 50.000000, 50.000000
[19:24:17] : 측정요구 ON 2
[19:24:25] : 측정요구 2OFF
[19:24:25] : end pos sig2 : -50.000000, -50.000000
[19:24:30] : 측정요구3 ON
[19:24:37] : 측정요구3 OFF
[19:24:37] : end pos sig3 : 50.000000, 50.000000
[19:24:37] : 측정요구4 ON
[19:24:45] : 측정요구4 OFF
[19:24:45] : end pos sig4 : -50.000000, -50.000000
[19:24:46] : 12,20190118-192446,AL19011233023,,OK,MAX,2, ,AUTO,0.10,3.00,0.78,OK,0.10,3.00,0.76,OK,0.10,3.00,0.44,OK,0.10,3.00,1.64,OK,
[19:24:59] : Cycle start ON
[19:25:00] : Cycle start OFF
[19:25:05] : REQUEST MEAS. ON
[19:25:12] : REQUEST MEAS. OFF
[19:25:12] : end pos sig1 : 50.000000, 50.000000
[19:25:12] : 측정요구 ON 2
[19:25:20] : 측정요구 2OFF
[19:25:20] : end pos sig2 : -50.000000, -50.000000
[19:25:25] : 측정요구3 ON
[19:25:32] : 측정요구3 OFF
[19:25:32] : end pos sig3 : 50.000000, 50.000000
[19:25:32] : 측정요구4 ON
[19:25:39] : 측정요구4 OFF
[19:25:39] : end pos sig4 : -50.000000, -50.000000
[19:25:39] : 12,20190118-192540,AL19011233533,,NG,MAX,2, ,AUTO,0.10,3.00,0.88,OK,0.10,3.00,4.54,NG,0.10,3.00,0.76,OK,0.10,3.00,1.56,OK,
[19:25:55] : Cycle start ON
[19:25:57] : Cycle start OFF
[19:26:02] : REQUEST MEAS. ON
[19:26:09] : REQUEST MEAS. OFF
[19:26:09] : end pos sig1 : 50.000000, 50.000000
[19:26:09] : 측정요구 ON 2
[19:26:17] : 측정요구 2OFF
[19:26:17] : end pos sig2 : -50.000000, -50.000000
[19:26:22] : 측정요구3 ON
[19:26:29] : 측정요구3 OFF
[19:26:29] : end pos sig3 : 50.000000, 50.000000
[19:26:29] : 측정요구4 ON
[19:26:37] : 측정요구4 OFF
[19:26:37] : end pos sig4 : -50.000000, -50.000000
[19:26:38] : 12,20190118-192638,AL19011233043,,OK,MAX,2, ,AUTO,0.10,3.00,1.61,OK,0.10,3.00,0.76,OK,0.10,3.00,0.61,OK,0.10,3.00,1.20,OK,
[19:27:50] : Cycle start ON
[19:27:52] : Cycle start OFF
[19:27:57] : REQUEST MEAS. ON
[19:28:04] : REQUEST MEAS. OFF
[19:28:04] : end pos sig1 : 50.000000, 50.000000
[19:28:04] : 측정요구 ON 2
[19:28:12] : 측정요구 2OFF
[19:28:12] : end pos sig2 : -50.000000, -50.000000
[19:28:17] : 측정요구3 ON
[19:28:24] : 측정요구3 OFF
[19:28:24] : end pos sig3 : 50.000000, 50.000000
[19:28:24] : 측정요구4 ON
[19:28:31] : 측정요구4 OFF
[19:28:31] : end pos sig4 : -50.000000, -50.000000
[19:28:32] : 12,20190118-192832,AL19011233073,,OK,MAX,2, ,AUTO,0.10,3.00,0.85,OK,0.10,3.00,0.71,OK,0.10,3.00,0.66,OK,0.10,3.00,2.15,OK,
[19:28:45] : Cycle start ON
[19:28:47] : Cycle start OFF
[19:28:51] : REQUEST MEAS. ON
[19:28:59] : REQUEST MEAS. OFF
[19:28:59] : end pos sig1 : 50.000000, 50.000000
[19:28:59] : 측정요구 ON 2
[19:29:06] : 측정요구 2OFF
[19:29:06] : end pos sig2 : -50.000000, -50.000000
[19:29:11] : 측정요구3 ON
[19:29:18] : 측정요구3 OFF
[19:29:18] : end pos sig3 : 50.000000, 50.000000
[19:29:18] : 측정요구4 ON
[19:29:26] : 측정요구4 OFF
[19:29:26] : end pos sig4 : -50.000000, -50.000000
[19:29:26] : 12,20190118-192927,AL19011232333,,OK,MAX,2, ,AUTO,0.10,3.00,1.37,OK,0.10,3.00,1.86,OK,0.10,3.00,0.51,OK,0.10,3.00,1.05,OK,
[19:29:40] : Cycle start ON
[19:29:41] : Cycle start OFF
[19:29:46] : REQUEST MEAS. ON
[19:29:54] : REQUEST MEAS. OFF
[19:29:54] : end pos sig1 : 50.000000, 50.000000
[19:29:54] : 측정요구 ON 2
[19:30:01] : 측정요구 2OFF
[19:30:01] : end pos sig2 : -50.000000, -50.000000
[19:30:06] : 측정요구3 ON
[19:30:13] : 측정요구3 OFF
[19:30:13] : end pos sig3 : 50.000000, 50.000000
[19:30:13] : 측정요구4 ON
[19:30:21] : 측정요구4 OFF
[19:30:21] : end pos sig4 : -50.000000, -50.000000
[19:30:21] : 12,20190118-193022,AL19011232303,,OK,MAX,2, ,AUTO,0.10,3.00,1.12,OK,0.10,3.00,2.12,OK,0.10,3.00,0.76,OK,0.10,3.00,0.54,OK,
[19:30:35] : Cycle start ON
[19:30:36] : Cycle start OFF
[19:30:41] : REQUEST MEAS. ON
[19:30:48] : REQUEST MEAS. OFF
[19:30:48] : end pos sig1 : 50.000000, 50.000000
[19:30:48] : 측정요구 ON 2
[19:30:56] : 측정요구 2OFF
[19:30:56] : end pos sig2 : -50.000000, -50.000000
[19:31:01] : 측정요구3 ON
[19:31:08] : 측정요구3 OFF
[19:31:08] : end pos sig3 : 50.000000, 50.000000
[19:31:08] : 측정요구4 ON
[19:31:16] : 측정요구4 OFF
[19:31:16] : end pos sig4 : -50.000000, -50.000000
[19:31:16] : 12,20190118-193116,AL19011232283,,OK,MAX,2, ,AUTO,0.10,3.00,1.73,OK,0.10,3.00,0.71,OK,0.10,3.00,0.76,OK,0.10,3.00,0.73,OK,
[19:31:32] : Cycle start ON
[19:31:34] : Cycle start OFF
[19:31:38] : REQUEST MEAS. ON
[19:31:46] : REQUEST MEAS. OFF
[19:31:46] : end pos sig1 : 50.000000, 50.000000
[19:31:46] : 측정요구 ON 2
[19:31:53] : 측정요구 2OFF
[19:31:53] : end pos sig2 : -50.000000, -50.000000
[19:31:58] : 측정요구3 ON
[19:32:05] : 측정요구3 OFF
[19:32:05] : end pos sig3 : 50.000000, 50.000000
[19:32:05] : 측정요구4 ON
[19:32:13] : 측정요구4 OFF
[19:32:13] : end pos sig4 : -50.000000, -50.000000
[19:32:13] : 12,20190118-193214,AL19011232353,,OK,MAX,2, ,AUTO,0.10,3.00,0.61,OK,0.10,3.00,1.10,OK,0.10,3.00,0.44,OK,0.10,3.00,1.37,OK,
[19:32:28] : Cycle start ON
[19:32:29] : Cycle start OFF
[19:32:34] : REQUEST MEAS. ON
[19:32:41] : REQUEST MEAS. OFF
[19:32:41] : end pos sig1 : 50.000000, 50.000000
[19:32:41] : 측정요구 ON 2
[19:32:49] : 측정요구 2OFF
[19:32:49] : end pos sig2 : -50.000000, -50.000000
[19:32:54] : 측정요구3 ON
[19:33:01] : 측정요구3 OFF
[19:33:01] : end pos sig3 : 50.000000, 50.000000
[19:33:01] : 측정요구4 ON
[19:33:09] : 측정요구4 OFF
[19:33:09] : end pos sig4 : -50.000000, -50.000000
[19:33:09] : 12,20190118-193310,AL19011232373,,OK,MAX,2, ,AUTO,0.10,3.00,1.59,OK,0.10,3.00,1.95,OK,0.10,3.00,0.54,OK,0.10,3.00,1.59,OK,
[19:33:21] : Cycle start ON
[19:33:22] : Cycle start OFF
[19:33:27] : REQUEST MEAS. ON
[19:33:35] : REQUEST MEAS. OFF
[19:33:35] : end pos sig1 : 50.000000, 50.000000
[19:33:35] : 측정요구 ON 2
[19:33:43] : 측정요구 2OFF
[19:33:43] : end pos sig2 : -50.000000, -50.000000
[19:33:47] : 측정요구3 ON
[19:33:54] : 측정요구3 OFF
[19:33:54] : end pos sig3 : 50.000000, 50.000000
[19:33:54] : 측정요구4 ON
[19:34:02] : 측정요구4 OFF
[19:34:02] : end pos sig4 : -50.000000, -50.000000
[19:34:03] : 12,20190118-193403,AL19011231463,,OK,MAX,2, ,AUTO,0.10,3.00,0.90,OK,0.10,3.00,0.98,OK,0.10,3.00,0.49,OK,0.10,3.00,0.71,OK,
[19:34:16] : Cycle start ON
[19:34:17] : Cycle start OFF
[19:34:22] : REQUEST MEAS. ON
[19:34:29] : REQUEST MEAS. OFF
[19:34:29] : end pos sig1 : 50.000000, 50.000000
[19:34:30] : 측정요구 ON 2
[19:34:37] : 측정요구 2OFF
[19:34:37] : end pos sig2 : -50.000000, -50.000000
[19:34:42] : 측정요구3 ON
[19:34:49] : 측정요구3 OFF
[19:34:49] : end pos sig3 : 50.000000, 50.000000
[19:34:49] : 측정요구4 ON
[19:34:57] : 측정요구4 OFF
[19:34:57] : end pos sig4 : -50.000000, -50.000000
[19:34:57] : 12,20190118-193458,AL19011231473,,OK,MAX,2, ,AUTO,0.10,3.00,0.56,OK,0.10,3.00,0.76,OK,0.10,3.00,0.49,OK,0.10,3.00,0.68,OK,
[19:35:18] : Cycle start ON
[19:35:19] : Cycle start OFF
[19:35:24] : REQUEST MEAS. ON
[19:35:32] : REQUEST MEAS. OFF
[19:35:32] : end pos sig1 : 50.000000, 50.000000
[19:35:32] : 측정요구 ON 2
[19:35:39] : 측정요구 2OFF
[19:35:39] : end pos sig2 : -50.000000, -50.000000
[19:35:44] : 측정요구3 ON
[19:35:51] : 측정요구3 OFF
[19:35:51] : end pos sig3 : 50.000000, 50.000000
[19:35:51] : 측정요구4 ON
[19:35:59] : 측정요구4 OFF
[19:35:59] : end pos sig4 : -50.000000, -50.000000
[19:35:59] : 12,20190118-193600,AL19011234333,,OK,MAX,2, ,AUTO,0.10,3.00,2.20,OK,0.10,3.00,1.32,OK,0.10,3.00,0.44,OK,0.10,3.00,1.42,OK,
[19:36:15] : Cycle start ON
[19:36:17] : Cycle start OFF
[19:36:21] : REQUEST MEAS. ON
[19:36:29] : REQUEST MEAS. OFF
[19:36:29] : end pos sig1 : 50.000000, 50.000000
[19:36:29] : 측정요구 ON 2
[19:36:37] : 측정요구 2OFF
[19:36:37] : end pos sig2 : -50.000000, -50.000000
[19:36:42] : 측정요구3 ON
[19:36:49] : 측정요구3 OFF
[19:36:49] : end pos sig3 : 50.000000, 50.000000
[19:36:49] : 측정요구4 ON
[19:36:56] : 측정요구4 OFF
[19:36:56] : end pos sig4 : -50.000000, -50.000000
[19:36:56] : 12,20190118-193657,AL19011231443,,OK,MAX,2, ,AUTO,0.10,3.00,1.27,OK,0.10,3.00,0.71,OK,0.10,3.00,0.59,OK,0.10,3.00,0.59,OK,
[19:37:13] : Cycle start ON
[19:37:15] : Cycle start OFF
[19:37:19] : REQUEST MEAS. ON
[19:37:27] : REQUEST MEAS. OFF
[19:37:27] : end pos sig1 : 50.000000, 50.000000
[19:37:27] : 측정요구 ON 2
[19:37:35] : 측정요구 2OFF
[19:37:35] : end pos sig2 : -50.000000, -50.000000
[19:37:40] : 측정요구3 ON
[19:37:47] : 측정요구3 OFF
[19:37:47] : end pos sig3 : 50.000000, 50.000000
[19:37:47] : 측정요구4 ON
[19:37:55] : 측정요구4 OFF
[19:37:55] : end pos sig4 : -50.000000, -50.000000
[19:37:55] : 12,20190118-193756,AL19011231423,,OK,MAX,2, ,AUTO,0.10,3.00,1.07,OK,0.10,3.00,0.71,OK,0.10,3.00,0.68,OK,0.10,3.00,0.81,OK,
[19:41:31] : Cycle start ON
[19:41:32] : Cycle start OFF
[19:41:37] : REQUEST MEAS. ON
[19:41:44] : REQUEST MEAS. OFF
[19:41:44] : end pos sig1 : 50.000000, 50.000000
[19:41:44] : 측정요구 ON 2
[19:41:51] : 측정요구 2OFF
[19:41:51] : end pos sig2 : -50.000000, -50.000000
[19:41:56] : 측정요구3 ON
[19:42:03] : 측정요구3 OFF
[19:42:03] : end pos sig3 : 50.000000, 50.000000
[19:42:04] : 측정요구4 ON
[19:42:11] : 측정요구4 OFF
[19:42:11] : end pos sig4 : -50.000000, -50.000000
[19:42:12] : 12,20190118-194212,,,OK,MAX,2, ,AUTO,0.10,3.00,1.03,OK,0.10,3.00,1.78,OK,0.10,3.00,0.44,OK,0.10,3.00,0.61,OK,
[19:42:27] : Cycle start ON
[19:42:29] : Cycle start OFF
[19:42:33] : REQUEST MEAS. ON
[19:42:41] : REQUEST MEAS. OFF
[19:42:41] : end pos sig1 : 50.000000, 50.000000
[19:42:41] : 측정요구 ON 2
[19:42:49] : 측정요구 2OFF
[19:42:49] : end pos sig2 : -50.000000, -50.000000
[19:42:53] : 측정요구3 ON
[19:43:00] : 측정요구3 OFF
[19:43:00] : end pos sig3 : 50.000000, 50.000000
[19:43:00] : 측정요구4 ON
[19:43:08] : 측정요구4 OFF
[19:43:08] : end pos sig4 : -50.000000, -50.000000
[19:43:08] : 12,20190118-194309,AL19011230311,,OK,MAX,2, ,AUTO,0.10,3.00,1.17,OK,0.10,3.00,1.66,OK,0.10,3.00,0.56,OK,0.10,3.00,1.03,OK,
[19:43:26] : Cycle start ON
[19:43:27] : Cycle start OFF
[19:43:32] : REQUEST MEAS. ON
[19:43:39] : REQUEST MEAS. OFF
[19:43:39] : end pos sig1 : 50.000000, 50.000000
[19:43:39] : 측정요구 ON 2
[19:43:47] : 측정요구 2OFF
[19:43:47] : end pos sig2 : -50.000000, -50.000000
[19:43:52] : 측정요구3 ON
[19:43:59] : 측정요구3 OFF
[19:43:59] : end pos sig3 : 50.000000, 50.000000
[19:43:59] : 측정요구4 ON
[19:44:07] : 측정요구4 OFF
[19:44:07] : end pos sig4 : -50.000000, -50.000000
[19:44:07] : 12,20190118-194408,AL19011230271,,OK,MAX,2, ,AUTO,0.10,3.00,1.12,OK,0.10,3.00,2.51,OK,0.10,3.00,0.73,OK,0.10,3.00,0.59,OK,
[19:45:00] : Cycle start ON
[19:45:01] : Cycle start OFF
[19:45:06] : REQUEST MEAS. ON
[19:45:13] : REQUEST MEAS. OFF
[19:45:13] : end pos sig1 : 50.000000, 50.000000
[19:45:14] : 측정요구 ON 2
[19:45:21] : 측정요구 2OFF
[19:45:21] : end pos sig2 : -50.000000, -50.000000
[19:45:26] : 측정요구3 ON
[19:45:33] : 측정요구3 OFF
[19:45:33] : end pos sig3 : 50.000000, 50.000000
[19:45:33] : 측정요구4 ON
[19:45:41] : 측정요구4 OFF
[19:45:41] : end pos sig4 : -50.000000, -50.000000
[19:45:41] : 12,20190118-194542,AL19011230251,,OK,MAX,2, ,AUTO,0.10,3.00,1.03,OK,0.10,3.00,1.68,OK,0.10,3.00,0.54,OK,0.10,3.00,0.61,OK,
[19:45:56] : Cycle start ON
[19:45:58] : Cycle start OFF
[19:46:02] : REQUEST MEAS. ON
[19:46:10] : REQUEST MEAS. OFF
[19:46:10] : end pos sig1 : 50.000000, 50.000000
[19:46:10] : 측정요구 ON 2
[19:46:17] : 측정요구 2OFF
[19:46:17] : end pos sig2 : -49.960000, -50.000000
[19:46:22] : 측정요구3 ON
[19:46:29] : 측정요구3 OFF
[19:46:29] : end pos sig3 : 50.000000, 50.000000
[19:46:29] : 측정요구4 ON
[19:46:37] : 측정요구4 OFF
[19:46:37] : end pos sig4 : -50.000000, -50.000000
[19:46:37] : 12,20190118-194638,AL19011230501,,OK,MAX,2, ,AUTO,0.10,3.00,0.78,OK,0.10,3.00,1.34,OK,0.10,3.00,0.49,OK,0.10,3.00,0.85,OK,
[19:50:50] : AUTO RUNNING OFF
 
