[08:26:38] : MEAS ESC ON
[08:28:46] : MEAS ESC OFF
[09:17:01] : MEAS ESC ON
[09:17:43] : MEAS ESC OFF
[09:17:43] : AUTO RUNNING ON
[09:18:25] : Cycle start ON
[09:18:27] : Cycle start OFF
[09:18:34] : REQUEST MEAS. ON
[09:18:43] : REQUEST MEAS. OFF
[09:18:43] : end pos sig1 : 50.000000, 50.000000
[09:18:43] : 측정요구 ON 2
[09:18:53] : 측정요구 2OFF
[09:18:53] : end pos sig2 : -50.000000, -50.000000
[09:18:57] : 측정요구3 ON
[09:19:06] : 측정요구3 OFF
[09:19:06] : end pos sig3 : 50.000000, 50.000000
[09:19:06] : 측정요구4 ON
[09:19:16] : 측정요구4 OFF
[09:19:16] : end pos sig4 : -50.000000, -50.000000
[09:19:16] : 12,20190103-091916,AL19010245187,,OK,MAX,2, ,AUTO,0.10,2.00,1.09,OK,0.10,2.00,0.89,OK,0.10,2.00,0.87,OK,0.10,2.00,0.95,OK,
[09:19:35] : Cycle start ON
[09:19:37] : Cycle start OFF
[09:19:43] : REQUEST MEAS. ON
[09:19:52] : REQUEST MEAS. OFF
[09:19:52] : end pos sig1 : 50.000000, 50.000000
[09:19:53] : 측정요구 ON 2
[09:20:02] : 측정요구 2OFF
[09:20:02] : end pos sig2 : -50.000000, -50.000000
[09:20:07] : 측정요구3 ON
[09:20:16] : 측정요구3 OFF
[09:20:16] : end pos sig3 : 50.000000, 50.000000
[09:20:16] : 측정요구4 ON
[09:20:25] : 측정요구4 OFF
[09:20:25] : end pos sig4 : -50.000000, -50.000000
[09:20:25] : 12,20190103-092026,AL19010245117,,OK,MAX,2, ,AUTO,0.10,2.00,1.20,OK,0.10,2.00,1.03,OK,0.10,2.00,1.60,OK,0.10,2.00,1.29,OK,
[09:20:59] : AUTO RUNNING OFF
[09:30:17] : MEAS ESC ON
[09:30:21] : MEAS ESC OFF
[09:30:21] : AUTO RUNNING ON
[09:31:20] : Cycle start ON
[09:31:22] : Cycle start OFF
[09:31:28] : REQUEST MEAS. ON
[09:31:38] : REQUEST MEAS. OFF
[09:31:38] : end pos sig1 : 50.000000, 50.000000
[09:31:38] : 측정요구 ON 2
[09:31:47] : 측정요구 2OFF
[09:31:47] : end pos sig2 : -50.000000, -50.000000
[09:31:51] : 측정요구3 ON
[09:32:00] : 측정요구3 OFF
[09:32:00] : end pos sig3 : 50.000000, 50.000000
[09:32:00] : 측정요구4 ON
[09:32:10] : 측정요구4 OFF
[09:32:10] : end pos sig4 : -50.000000, -50.000000
[09:32:10] : 12,20190103-093210,AL19010245207,,OK,MAX,2, ,AUTO,0.10,2.00,1.48,OK,0.10,2.00,0.98,OK,0.10,2.00,1.36,OK,0.10,2.00,1.06,OK,
[09:33:31] : Cycle start ON
[09:33:33] : Cycle start OFF
[09:33:40] : REQUEST MEAS. ON
[09:33:49] : REQUEST MEAS. OFF
[09:33:49] : end pos sig1 : 50.000000, 50.000000
[09:33:49] : 측정요구 ON 2
[09:33:59] : 측정요구 2OFF
[09:33:59] : end pos sig2 : -50.000000, -50.000000
[09:34:04] : 측정요구3 ON
[09:34:13] : 측정요구3 OFF
[09:34:13] : end pos sig3 : 50.000000, 50.000000
[09:34:13] : 측정요구4 ON
[09:34:22] : 측정요구4 OFF
[09:34:22] : end pos sig4 : -50.000000, -50.000000
[09:34:22] : 12,20190103-093423,AL19010245197,,OK,MAX,2, ,AUTO,0.10,2.00,1.69,OK,0.10,2.00,0.79,OK,0.10,2.00,1.07,OK,0.10,2.00,1.21,OK,
[09:34:45] : Cycle start ON
[09:34:47] : Cycle start OFF
[09:34:54] : REQUEST MEAS. ON
[09:35:03] : REQUEST MEAS. OFF
[09:35:03] : end pos sig1 : 50.000000, 50.000000
[09:35:03] : 측정요구 ON 2
[09:35:12] : 측정요구 2OFF
[09:35:12] : end pos sig2 : -50.000000, -50.000000
[09:35:17] : 측정요구3 ON
[09:35:26] : 측정요구3 OFF
[09:35:26] : end pos sig3 : 50.000000, 50.000000
[09:35:26] : 측정요구4 ON
[09:35:35] : 측정요구4 OFF
[09:35:35] : end pos sig4 : -50.000000, -50.000000
[09:35:35] : 12,20190103-093536,AL19010245587,,OK,MAX,2, ,AUTO,0.10,2.00,1.60,OK,0.10,2.00,0.95,OK,0.10,2.00,1.10,OK,0.10,2.00,1.41,OK,
[10:02:15] : AUTO RUNNING OFF
[10:30:14] : MEAS ESC ON
[10:30:15] : MEAS ESC OFF
[10:44:54] : MEAS ESC ON
[10:44:55] : MEAS ESC OFF
[10:44:55] : AUTO RUNNING ON
[10:45:52] : AUTO RUNNING OFF
[10:46:18] : PROGRAM END
 
[10:48:14] : PROGRAM START
[10:48:20] : AUTO RUNNING OFF
[10:48:20] : REQUEST MEAS. OFF
[10:48:20] : end pos sig1 : 50.000000, 50.000000
[10:48:20] : end pos sig2 : 50.000000, 50.000000
[10:48:20] : end pos sig3 : 50.000000, 50.000000
[10:48:20] : REQUEST ZEROSET OFF
[10:48:20] : REQUEST ZEROSET OFF
[10:48:20] : end pos sig4 : 50.000000, 50.000000
[10:48:24] : PROGRAM END
 
[10:48:33] : PROGRAM START
[10:48:39] : AUTO RUNNING OFF
[10:48:39] : REQUEST MEAS. OFF
[10:48:39] : end pos sig1 : 50.000000, 50.000000
[10:48:39] : end pos sig2 : 50.000000, 50.000000
[10:48:39] : end pos sig3 : 50.000000, 50.000000
[10:48:39] : REQUEST ZEROSET OFF
[10:48:39] : REQUEST ZEROSET OFF
[10:48:39] : end pos sig4 : 50.000000, 50.000000
[10:54:30] : MEAS ESC ON
[10:54:33] : MEAS ESC OFF
[10:54:33] : AUTO RUNNING ON
[10:56:52] : AUTO RUNNING OFF
[11:01:32] : MEAS ESC ON
[11:01:34] : MEAS ESC OFF
[11:01:34] : AUTO RUNNING ON
[11:02:49] : AUTO RUNNING OFF
[11:03:32] : MEAS ESC ON
[11:03:34] : MEAS ESC OFF
[11:03:34] : AUTO RUNNING ON
[11:19:34] : Cycle start ON
[11:19:36] : Cycle start OFF
[11:19:43] : REQUEST MEAS. ON
[11:19:53] : REQUEST MEAS. OFF
[11:19:53] : end pos sig1 : 50.000000, 50.000000
[11:19:53] : 측정요구 ON 2
[11:20:02] : 측정요구 2OFF
[11:20:02] : end pos sig2 : -50.000000, -50.000000
[11:20:07] : 측정요구3 ON
[11:20:16] : 측정요구3 OFF
[11:20:16] : end pos sig3 : 50.000000, 50.000000
[11:20:16] : 측정요구4 ON
[11:20:25] : 측정요구4 OFF
[11:20:25] : end pos sig4 : -50.000000, -50.000000
[11:20:25] : 12,20190103-112026,AL19010245607,,OK,MAX,2, ,AUTO,0.10,2.00,1.02,OK,0.10,2.00,0.69,OK,0.10,2.00,0.84,OK,0.10,2.00,1.30,OK,
[11:22:19] : AUTO RUNNING OFF
[11:23:42] : MEAS ESC ON
[11:23:43] : MEAS ESC OFF
[11:23:43] : AUTO RUNNING ON
[11:25:06] : AUTO RUNNING OFF
[11:25:58] : MEAS ESC ON
[11:25:59] : MEAS ESC OFF
[11:25:59] : AUTO RUNNING ON
[11:27:46] : AUTO RUNNING OFF
[11:32:02] : MEAS ESC ON
[11:32:02] : MEAS ESC OFF
[11:32:02] : AUTO RUNNING ON
[11:32:56] : Cycle start ON
[11:32:58] : Cycle start OFF
[11:33:05] : REQUEST MEAS. ON
[11:33:14] : REQUEST MEAS. OFF
[11:33:14] : end pos sig1 : 50.000000, 50.000000
[11:33:14] : 측정요구 ON 2
[11:33:24] : 측정요구 2OFF
[11:33:24] : end pos sig2 : -50.000000, -50.000000
[11:33:28] : 측정요구3 ON
[11:33:37] : 측정요구3 OFF
[11:33:37] : end pos sig3 : 50.000000, 50.000000
[11:33:37] : 측정요구4 ON
[11:33:47] : 측정요구4 OFF
[11:33:47] : end pos sig4 : -50.000000, -50.000000
[11:33:47] : 12,20190103-113347,AL19010245647,,OK,MAX,2, ,AUTO,0.10,2.00,1.09,OK,0.10,2.00,0.76,OK,0.10,2.00,1.27,OK,0.10,2.00,0.92,OK,
[11:45:15] : Cycle start ON
[11:45:17] : Cycle start OFF
[11:45:24] : REQUEST MEAS. ON
[11:45:33] : REQUEST MEAS. OFF
[11:45:33] : end pos sig1 : 50.000000, 50.000000
[11:45:33] : 측정요구 ON 2
[11:45:43] : 측정요구 2OFF
[11:45:43] : end pos sig2 : -50.000000, -50.000000
[11:45:47] : 측정요구3 ON
[11:45:56] : 측정요구3 OFF
[11:45:56] : end pos sig3 : 50.000000, 50.000000
[11:45:56] : 측정요구4 ON
[11:46:06] : 측정요구4 OFF
[11:46:06] : end pos sig4 : -50.000000, -50.000000
[11:46:06] : 12,20190103-114606,AL19010247117,,OK,MAX,2, ,AUTO,0.10,2.00,0.96,OK,0.10,2.00,0.69,OK,0.10,2.00,1.03,OK,0.10,2.00,0.85,OK,
[11:46:27] : Cycle start ON
[11:46:29] : Cycle start OFF
[11:46:35] : REQUEST MEAS. ON
[11:46:44] : REQUEST MEAS. OFF
[11:46:44] : end pos sig1 : 50.000000, 50.000000
[11:46:44] : 측정요구 ON 2
[11:46:53] : 측정요구 2OFF
[11:46:53] : end pos sig2 : -50.000000, -50.000000
[11:46:58] : 측정요구3 ON
[11:47:07] : 측정요구3 OFF
[11:47:07] : end pos sig3 : 50.000000, 50.000000
[11:47:07] : 측정요구4 ON
[11:47:16] : 측정요구4 OFF
[11:47:16] : end pos sig4 : -50.000000, -50.000000
[11:47:16] : 12,20190103-114717,AL19010247107,,OK,MAX,2, ,AUTO,0.10,2.00,1.28,OK,0.10,2.00,0.68,OK,0.10,2.00,0.84,OK,0.10,2.00,0.69,OK,
[11:47:45] : Cycle start ON
[11:47:47] : Cycle start OFF
[11:47:54] : REQUEST MEAS. ON
[11:48:03] : REQUEST MEAS. OFF
[11:48:03] : end pos sig1 : 50.000000, 50.000000
[11:48:03] : 측정요구 ON 2
[11:48:12] : 측정요구 2OFF
[11:48:12] : end pos sig2 : -50.000000, -50.000000
[11:48:17] : 측정요구3 ON
[11:48:26] : 측정요구3 OFF
[11:48:26] : end pos sig3 : 50.000000, 50.000000
[11:48:26] : 측정요구4 ON
[11:48:35] : 측정요구4 OFF
[11:48:35] : end pos sig4 : -50.000000, -50.000000
[11:48:35] : 12,20190103-114836,AL19010247227,,OK,MAX,2, ,AUTO,0.10,2.00,1.21,OK,0.10,2.00,0.68,OK,0.10,2.00,0.78,OK,0.10,2.00,1.57,OK,
[11:48:59] : Cycle start ON
[11:49:01] : Cycle start OFF
[11:49:08] : REQUEST MEAS. ON
[11:49:17] : REQUEST MEAS. OFF
[11:49:17] : end pos sig1 : 50.000000, 50.000000
[11:49:17] : 측정요구 ON 2
[11:49:26] : 측정요구 2OFF
[11:49:26] : end pos sig2 : -50.000000, -50.000000
[11:49:31] : 측정요구3 ON
[11:49:40] : 측정요구3 OFF
[11:49:40] : end pos sig3 : 50.000000, 50.000000
[11:49:40] : 측정요구4 ON
[11:49:50] : 측정요구4 OFF
[11:49:50] : end pos sig4 : -50.000000, -50.000000
[11:49:50] : 12,20190103-114950,AL19010247157,,OK,MAX,2, ,AUTO,0.10,2.00,1.05,OK,0.10,2.00,0.75,OK,0.10,2.00,1.52,OK,0.10,2.00,1.59,OK,
 
[19:10:07] : PROGRAM START
[19:10:39] : TCP FAIL 1
[19:10:52] : Plc Error Timer
[19:11:04] : PROGRAM END
 
