[09:01:19] : PROGRAM START
[09:01:25] : AUTO RUNNING OFF
[09:01:25] : REQUEST MEAS. OFF
[09:01:25] : end pos sig1 : 50.000000, 50.000000
[09:01:25] : end pos sig2 : 50.000000, 50.000000
[09:01:25] : end pos sig3 : 50.000000, 50.000000
[09:01:25] : REQUEST ZEROSET OFF
[09:01:25] : REQUEST ZEROSET OFF
[09:01:25] : end pos sig4 : 50.000000, 50.000000
[09:25:00] : MEAS ESC ON
[09:25:49] : MEAS ESC OFF
[09:37:05] : PROGRAM END
 
[09:37:30] : PROGRAM START
[09:37:43] : AUTO RUNNING OFF
[09:37:43] : REQUEST MEAS. OFF
[09:37:43] : end pos sig1 : 50.000000, 50.000000
[09:37:43] : end pos sig2 : 50.000000, 50.000000
[09:37:43] : end pos sig3 : 50.000000, 50.000000
[09:37:43] : REQUEST ZEROSET OFF
[09:37:43] : REQUEST ZEROSET OFF
[09:37:43] : end pos sig4 : 50.000000, 50.000000
[09:38:33] : PROGRAM END
 
[09:38:55] : PROGRAM START
[09:39:08] : AUTO RUNNING OFF
[09:39:08] : REQUEST MEAS. OFF
[09:39:08] : end pos sig1 : 50.000000, 50.000000
[09:39:08] : end pos sig2 : 50.000000, 50.000000
[09:39:08] : end pos sig3 : 50.000000, 50.000000
[09:39:08] : REQUEST ZEROSET OFF
[09:39:08] : REQUEST ZEROSET OFF
[09:39:08] : end pos sig4 : 50.000000, 50.000000
[09:39:09] : PROGRAM END
 
[09:39:23] : PROGRAM START
[09:39:36] : AUTO RUNNING OFF
[09:39:36] : REQUEST MEAS. OFF
[09:39:36] : end pos sig1 : 50.000000, 50.000000
[09:39:36] : end pos sig2 : 50.000000, 50.000000
[09:39:36] : end pos sig3 : 50.000000, 50.000000
[09:39:36] : REQUEST ZEROSET OFF
[09:39:36] : REQUEST ZEROSET OFF
[09:39:36] : end pos sig4 : 50.000000, 50.000000
[10:19:39] : MEAS ESC ON
[10:21:09] : MEAS ESC OFF
[10:21:09] : AUTO RUNNING ON
[10:21:44] : Cycle start ON
[10:21:46] : Cycle start OFF
[10:21:52] : REQUEST MEAS. ON
[10:22:00] : REQUEST MEAS. OFF
[10:22:00] : end pos sig1 : 50.000000, 50.000000
[10:22:00] : 측정요구 ON 2
[10:22:08] : 측정요구 2OFF
[10:22:08] : end pos sig2 : -50.000000, -50.000000
[10:22:13] : 측정요구3 ON
[10:22:20] : 측정요구3 OFF
[10:22:20] : end pos sig3 : 50.000000, 50.000000
[10:22:20] : 측정요구4 ON
[10:22:27] : 측정요구4 OFF
[10:22:27] : end pos sig4 : -50.000000, -50.000000
[10:22:27] : 12,20190125-102228,AL19012130853,,OK,MAX,2, ,AUTO,0.10,3.00,0.95,OK,0.10,3.00,0.71,OK,0.10,3.00,0.61,OK,0.10,3.00,1.17,OK,
[10:22:39] : Cycle start ON
[10:22:40] : Cycle start OFF
[10:22:45] : REQUEST MEAS. ON
[10:22:53] : REQUEST MEAS. OFF
[10:22:53] : end pos sig1 : 50.000000, 50.000000
[10:22:53] : 측정요구 ON 2
[10:22:56] : MEAS ESC ON
[10:22:56] : AUTO RUNNING OFF
[10:22:56] : 측정요구 2OFF
[10:22:56] : end pos sig2 : 11.690000, 11.700000
[10:23:20] : MEAS ESC OFF
[10:23:30] : MEAS ESC ON
[10:23:30] : MEAS ESC OFF
[10:23:30] : AUTO RUNNING ON
[10:23:30] : 측정요구 ON 2
[10:23:35] : 측정요구 2OFF
[10:23:35] : end pos sig2 : -50.000000, -50.000000
[10:23:40] : 측정요구3 ON
[10:23:47] : 측정요구3 OFF
[10:23:47] : end pos sig3 : 50.000000, 50.000000
[10:23:47] : 측정요구4 ON
[10:23:55] : 측정요구4 OFF
[10:23:55] : end pos sig4 : -50.000000, -50.000000
[10:23:55] : 12,20190125-102356,AL19012130823,,OK,MAX,2, ,AUTO,0.10,3.00,0.76,OK,0.10,3.00,1.06,OK,0.10,3.00,0.42,OK,0.10,3.00,0.78,OK,
[10:24:20] : Cycle start ON
[10:24:21] : Cycle start OFF
[10:24:26] : REQUEST MEAS. ON
[10:24:33] : REQUEST MEAS. OFF
[10:24:33] : end pos sig1 : 50.000000, 50.000000
[10:24:34] : 측정요구 ON 2
[10:24:41] : 측정요구 2OFF
[10:24:41] : end pos sig2 : -50.000000, -50.000000
[10:24:46] : 측정요구3 ON
[10:24:53] : 측정요구3 OFF
[10:24:53] : end pos sig3 : 50.000000, 50.000000
[10:24:53] : 측정요구4 ON
[10:25:01] : 측정요구4 OFF
[10:25:01] : end pos sig4 : -50.000000, -50.000000
[10:25:01] : 12,20190125-102502,AL19012130883,,OK,MAX,2, ,AUTO,0.10,3.00,1.12,OK,0.10,3.00,0.76,OK,0.10,3.00,0.46,OK,0.10,3.00,0.85,OK,
[10:25:13] : Cycle start ON
[10:25:14] : Cycle start OFF
[10:25:19] : REQUEST MEAS. ON
[10:25:27] : REQUEST MEAS. OFF
[10:25:27] : end pos sig1 : 50.000000, 50.000000
[10:25:27] : 측정요구 ON 2
[10:25:34] : 측정요구 2OFF
[10:25:34] : end pos sig2 : -50.000000, -50.000000
[10:25:39] : 측정요구3 ON
[10:25:46] : 측정요구3 OFF
[10:25:46] : end pos sig3 : 50.000000, 50.000000
[10:25:46] : 측정요구4 ON
[10:25:54] : 측정요구4 OFF
[10:25:54] : end pos sig4 : -50.000000, -50.000000
[10:25:54] : 12,20190125-102555,AL19012130923,,OK,MAX,2, ,AUTO,0.10,3.00,1.07,OK,0.10,3.00,1.12,OK,0.10,3.00,0.56,OK,0.10,3.00,1.00,OK,
[10:26:06] : Cycle start ON
[10:26:07] : Cycle start OFF
[10:26:12] : REQUEST MEAS. ON
[10:26:20] : REQUEST MEAS. OFF
[10:26:20] : end pos sig1 : 50.000000, 50.000000
[10:26:20] : 측정요구 ON 2
[10:26:27] : 측정요구 2OFF
[10:26:27] : end pos sig2 : -50.000000, -50.000000
[10:26:32] : 측정요구3 ON
[10:26:39] : 측정요구3 OFF
[10:26:39] : end pos sig3 : 50.000000, 50.000000
[10:26:39] : 측정요구4 ON
[10:26:47] : 측정요구4 OFF
[10:26:47] : end pos sig4 : -50.000000, -50.000000
[10:26:47] : 12,20190125-102648,AL19012130893,,OK,MAX,2, ,AUTO,0.10,3.00,1.07,OK,0.10,3.00,1.12,OK,0.10,3.00,0.71,OK,0.10,3.00,0.95,OK,
[10:26:59] : Cycle start ON
[10:27:00] : Cycle start OFF
[10:27:05] : REQUEST MEAS. ON
[10:27:13] : REQUEST MEAS. OFF
[10:27:13] : end pos sig1 : 50.000000, 50.000000
[10:27:13] : 측정요구 ON 2
[10:27:20] : 측정요구 2OFF
[10:27:20] : end pos sig2 : -50.000000, -50.000000
[10:27:25] : 측정요구3 ON
[10:27:32] : 측정요구3 OFF
[10:27:32] : end pos sig3 : 50.000000, 50.000000
[10:27:32] : 측정요구4 ON
[10:27:40] : 측정요구4 OFF
[10:27:40] : end pos sig4 : -50.000000, -50.000000
[10:27:40] : 12,20190125-102741,AL19012143473,,OK,MAX,2, ,AUTO,0.10,3.00,0.81,OK,0.10,3.00,0.98,OK,0.10,3.00,0.66,OK,0.10,3.00,1.07,OK,
[10:28:50] : Cycle start ON
[10:28:52] : Cycle start OFF
[10:28:57] : REQUEST MEAS. ON
[10:29:04] : REQUEST MEAS. OFF
[10:29:04] : end pos sig1 : 50.000000, 50.000000
[10:29:04] : 측정요구 ON 2
[10:29:11] : 측정요구 2OFF
[10:29:11] : end pos sig2 : -49.650000, -50.000000
[10:29:16] : 측정요구3 ON
[10:29:23] : 측정요구3 OFF
[10:29:23] : end pos sig3 : 50.000000, 50.000000
[10:29:23] : 측정요구4 ON
[10:29:31] : 측정요구4 OFF
[10:29:31] : end pos sig4 : -50.000000, -50.000000
[10:29:31] : 12,20190125-102932,AL19012143433,,OK,MAX,2, ,AUTO,0.10,3.00,1.46,OK,0.10,3.00,2.37,OK,0.10,3.00,0.78,OK,0.10,3.00,1.27,OK,
[10:30:38] : Cycle start ON
[10:30:39] : Cycle start OFF
[10:30:44] : REQUEST MEAS. ON
[10:30:51] : REQUEST MEAS. OFF
[10:30:51] : end pos sig1 : 50.000000, 50.000000
[10:30:51] : 측정요구 ON 2
[10:30:59] : 측정요구 2OFF
[10:30:59] : end pos sig2 : -50.000000, -50.000000
[10:31:04] : 측정요구3 ON
[10:31:11] : 측정요구3 OFF
[10:31:11] : end pos sig3 : 50.000000, 50.000000
[10:31:11] : 측정요구4 ON
[10:31:19] : 측정요구4 OFF
[10:31:19] : end pos sig4 : -50.000000, -50.000000
[10:31:19] : 12,20190125-103120,AL19012143453,,OK,MAX,2, ,AUTO,0.10,3.00,1.46,OK,0.10,3.00,1.22,OK,0.10,3.00,0.90,OK,0.10,3.00,0.83,OK,
[10:31:37] : Cycle start ON
[10:31:39] : Cycle start OFF
[10:31:44] : REQUEST MEAS. ON
[10:31:51] : REQUEST MEAS. OFF
[10:31:51] : end pos sig1 : 50.000000, 50.000000
[10:31:51] : 측정요구 ON 2
[10:31:58] : 측정요구 2OFF
[10:31:58] : end pos sig2 : -50.000000, -50.000000
[10:32:03] : 측정요구3 ON
[10:32:10] : 측정요구3 OFF
[10:32:10] : end pos sig3 : 50.000000, 50.000000
[10:32:10] : 측정요구4 ON
[10:32:18] : 측정요구4 OFF
[10:32:18] : end pos sig4 : -50.000000, -50.000000
[10:32:18] : 12,20190125-103219,AL19012143483,,OK,MAX,2, ,AUTO,0.10,3.00,1.03,OK,0.10,3.00,1.32,OK,0.10,3.00,0.66,OK,0.10,3.00,0.90,OK,
[10:32:30] : Cycle start ON
[10:32:31] : Cycle start OFF
[10:32:36] : REQUEST MEAS. ON
[10:32:44] : REQUEST MEAS. OFF
[10:32:44] : end pos sig1 : 50.000000, 50.000000
[10:32:44] : 측정요구 ON 2
[10:32:51] : 측정요구 2OFF
[10:32:51] : end pos sig2 : -50.000000, -50.000000
[10:32:56] : 측정요구3 ON
[10:33:03] : 측정요구3 OFF
[10:33:03] : end pos sig3 : 50.000000, 50.000000
[10:33:03] : 측정요구4 ON
[10:33:11] : 측정요구4 OFF
[10:33:11] : end pos sig4 : -50.000000, -50.000000
[10:33:11] : 12,20190125-103312,AL19012143593,,OK,MAX,2, ,AUTO,0.10,3.00,0.81,OK,0.10,3.00,0.66,OK,0.10,3.00,0.49,OK,0.10,3.00,0.68,OK,
[10:33:23] : Cycle start ON
[10:33:24] : Cycle start OFF
[10:33:29] : REQUEST MEAS. ON
[10:33:37] : REQUEST MEAS. OFF
[10:33:37] : end pos sig1 : 50.000000, 50.000000
[10:33:37] : 측정요구 ON 2
[10:33:44] : 측정요구 2OFF
[10:33:44] : end pos sig2 : -50.000000, -50.000000
[10:33:49] : 측정요구3 ON
[10:33:57] : 측정요구3 OFF
[10:33:57] : end pos sig3 : 50.000000, 50.000000
[10:33:57] : 측정요구4 ON
[10:34:04] : 측정요구4 OFF
[10:34:04] : end pos sig4 : -50.000000, -50.000000
[10:34:04] : 12,20190125-103405,AL19012141443,,OK,MAX,2, ,AUTO,0.10,3.00,1.22,OK,0.10,3.00,1.05,OK,0.10,3.00,0.63,OK,0.10,3.00,0.66,OK,
[10:34:16] : Cycle start ON
[10:34:17] : Cycle start OFF
[10:34:22] : REQUEST MEAS. ON
[10:34:30] : REQUEST MEAS. OFF
[10:34:30] : end pos sig1 : 50.000000, 50.000000
[10:34:30] : 측정요구 ON 2
[10:34:38] : 측정요구 2OFF
[10:34:38] : end pos sig2 : -44.700000, -49.850000
[10:34:43] : 측정요구3 ON
[10:34:50] : 측정요구3 OFF
[10:34:50] : end pos sig3 : 50.000000, 50.000000
[10:34:50] : 측정요구4 ON
[10:34:57] : 측정요구4 OFF
[10:34:57] : end pos sig4 : -50.000000, -50.000000
[10:34:57] : 12,20190125-103458,AL19012141463,,OK,MAX,2, ,AUTO,0.10,3.00,0.71,OK,0.10,3.00,1.18,OK,0.10,3.00,0.87,OK,0.10,3.00,0.72,OK,
[10:35:34] : Cycle start ON
[10:35:36] : Cycle start OFF
[10:35:41] : REQUEST MEAS. ON
[10:35:48] : REQUEST MEAS. OFF
[10:35:48] : end pos sig1 : 50.000000, 50.000000
[10:35:48] : 측정요구 ON 2
[10:35:56] : 측정요구 2OFF
[10:35:56] : end pos sig2 : -50.000000, -50.000000
[10:36:01] : 측정요구3 ON
[10:36:08] : 측정요구3 OFF
[10:36:08] : end pos sig3 : 50.000000, 50.000000
[10:36:08] : 측정요구4 ON
[10:36:15] : 측정요구4 OFF
[10:36:15] : end pos sig4 : -50.000000, -50.000000
[10:36:15] : 12,20190125-103616,AL19012141993,,OK,MAX,2, ,AUTO,0.10,3.00,0.98,OK,0.10,3.00,0.61,OK,0.10,3.00,0.56,OK,0.10,3.00,1.00,OK,
[10:36:34] : Cycle start ON
[10:36:36] : Cycle start OFF
[10:36:41] : REQUEST MEAS. ON
[10:36:48] : REQUEST MEAS. OFF
[10:36:48] : end pos sig1 : 50.000000, 50.000000
[10:36:48] : 측정요구 ON 2
[10:36:56] : 측정요구 2OFF
[10:36:56] : end pos sig2 : -50.000000, -50.000000
[10:37:01] : 측정요구3 ON
[10:37:08] : 측정요구3 OFF
[10:37:08] : end pos sig3 : 50.000000, 50.000000
[10:37:08] : 측정요구4 ON
[10:37:16] : 측정요구4 OFF
[10:37:16] : end pos sig4 : -47.750000, -50.000000
[10:37:17] : 12,20190125-103717,AL19012142023,,OK,MAX,2, ,AUTO,0.10,3.00,1.07,OK,0.10,3.00,0.81,OK,0.10,3.00,0.49,OK,0.10,3.00,0.83,OK,
[10:37:28] : Cycle start ON
[10:37:29] : Cycle start OFF
[10:37:34] : REQUEST MEAS. ON
[10:37:42] : REQUEST MEAS. OFF
[10:37:42] : end pos sig1 : 50.000000, 50.000000
[10:37:42] : 측정요구 ON 2
[10:37:49] : 측정요구 2OFF
[10:37:49] : end pos sig2 : -50.000000, -50.000000
[10:37:54] : 측정요구3 ON
[10:38:01] : 측정요구3 OFF
[10:38:01] : end pos sig3 : 50.000000, 50.000000
[10:38:01] : 측정요구4 ON
[10:38:09] : 측정요구4 OFF
[10:38:09] : end pos sig4 : -50.000000, -50.000000
[10:38:09] : 12,20190125-103809,AL19012142013,,OK,MAX,2, ,AUTO,0.10,3.00,1.10,OK,0.10,3.00,0.61,OK,0.10,3.00,0.76,OK,0.10,3.00,2.29,OK,
[10:38:21] : Cycle start ON
[10:38:22] : Cycle start OFF
[10:38:27] : REQUEST MEAS. ON
[10:38:35] : REQUEST MEAS. OFF
[10:38:35] : end pos sig1 : 50.000000, 50.000000
[10:38:35] : 측정요구 ON 2
[10:38:42] : 측정요구 2OFF
[10:38:42] : end pos sig2 : -50.000000, -50.000000
[10:38:47] : 측정요구3 ON
[10:38:54] : 측정요구3 OFF
[10:38:54] : end pos sig3 : 50.000000, 50.000000
[10:38:54] : 측정요구4 ON
[10:39:02] : 측정요구4 OFF
[10:39:02] : end pos sig4 : -50.000000, -50.000000
[10:39:02] : 12,20190125-103903,AL19012243551,,OK,MAX,2, ,AUTO,0.10,3.00,1.49,OK,0.10,3.00,0.85,OK,0.10,3.00,1.32,OK,0.10,3.00,2.08,OK,
[10:39:14] : Cycle start ON
[10:39:16] : Cycle start OFF
[10:39:20] : REQUEST MEAS. ON
[10:39:28] : REQUEST MEAS. OFF
[10:39:28] : end pos sig1 : 50.000000, 50.000000
[10:39:28] : 측정요구 ON 2
[10:39:35] : 측정요구 2OFF
[10:39:35] : end pos sig2 : -50.000000, -50.000000
[10:39:40] : 측정요구3 ON
[10:39:47] : 측정요구3 OFF
[10:39:47] : end pos sig3 : 50.000000, 50.000000
[10:39:47] : 측정요구4 ON
[10:39:55] : 측정요구4 OFF
[10:39:55] : end pos sig4 : -50.000000, -50.000000
[10:39:55] : 12,20190125-103956,AL19012243531,,OK,MAX,2, ,AUTO,0.10,3.00,1.12,OK,0.10,3.00,0.81,OK,0.10,3.00,0.96,OK,0.10,3.00,1.27,OK,
[10:40:27] : Cycle start ON
[10:40:28] : Cycle start OFF
[10:40:33] : REQUEST MEAS. ON
[10:40:41] : REQUEST MEAS. OFF
[10:40:41] : end pos sig1 : 50.000000, 50.000000
[10:40:41] : 측정요구 ON 2
[10:40:48] : 측정요구 2OFF
[10:40:48] : end pos sig2 : -50.000000, -50.000000
[10:40:53] : 측정요구3 ON
[10:41:00] : 측정요구3 OFF
[10:41:00] : end pos sig3 : 50.000000, 50.000000
[10:41:00] : 측정요구4 ON
[10:41:08] : 측정요구4 OFF
[10:41:08] : end pos sig4 : -50.000000, -50.000000
[10:41:09] : 12,20190125-104109,AL19012243571,,OK,MAX,2, ,AUTO,0.10,3.00,1.32,OK,0.10,3.00,2.41,OK,0.10,3.00,0.81,OK,0.10,3.00,0.76,OK,
[10:41:28] : Cycle start ON
[10:41:29] : Cycle start OFF
[10:41:34] : REQUEST MEAS. ON
[10:41:42] : REQUEST MEAS. OFF
[10:41:42] : end pos sig1 : 50.000000, 50.000000
[10:41:42] : 측정요구 ON 2
[10:41:49] : 측정요구 2OFF
[10:41:49] : end pos sig2 : -50.000000, -50.000000
[10:41:54] : 측정요구3 ON
[10:42:01] : 측정요구3 OFF
[10:42:01] : end pos sig3 : 50.000000, 50.000000
[10:42:01] : 측정요구4 ON
[10:42:09] : 측정요구4 OFF
[10:42:09] : end pos sig4 : -50.000000, -50.000000
[10:42:10] : 12,20190125-104210,AL19012243591,,OK,MAX,2, ,AUTO,0.10,3.00,1.00,OK,0.10,3.00,1.22,OK,0.10,3.00,1.37,OK,0.10,3.00,1.42,OK,
[10:42:21] : Cycle start ON
[10:42:22] : Cycle start OFF
[10:42:27] : REQUEST MEAS. ON
[10:42:35] : REQUEST MEAS. OFF
[10:42:35] : end pos sig1 : 50.000000, 50.000000
[10:42:35] : 측정요구 ON 2
[10:42:42] : 측정요구 2OFF
[10:42:42] : end pos sig2 : -50.000000, -50.000000
[10:42:47] : 측정요구3 ON
[10:42:54] : 측정요구3 OFF
[10:42:54] : end pos sig3 : 50.000000, 50.000000
[10:42:54] : 측정요구4 ON
[10:43:02] : 측정요구4 OFF
[10:43:02] : end pos sig4 : -50.000000, -50.000000
[10:43:02] : 12,20190125-104303,AL19012243611,,OK,MAX,2, ,AUTO,0.10,3.00,0.93,OK,0.10,3.00,1.54,OK,0.10,3.00,0.61,OK,0.10,3.00,1.27,OK,
[10:43:14] : Cycle start ON
[10:43:15] : Cycle start OFF
[10:43:20] : REQUEST MEAS. ON
[10:43:28] : REQUEST MEAS. OFF
[10:43:28] : end pos sig1 : 50.000000, 50.000000
[10:43:28] : 측정요구 ON 2
[10:43:35] : 측정요구 2OFF
[10:43:35] : end pos sig2 : -50.000000, -50.000000
[10:43:40] : 측정요구3 ON
[10:43:47] : 측정요구3 OFF
[10:43:47] : end pos sig3 : 50.000000, 50.000000
[10:43:47] : 측정요구4 ON
[10:43:55] : 측정요구4 OFF
[10:43:55] : end pos sig4 : -50.000000, -50.000000
[10:43:56] : 12,20190125-104356,,,OK,MAX,2, ,AUTO,0.10,3.00,1.39,OK,0.10,3.00,2.37,OK,0.10,3.00,0.71,OK,0.10,3.00,1.30,OK,
[10:44:07] : Cycle start ON
[10:44:08] : Cycle start OFF
[10:44:13] : REQUEST MEAS. ON
[10:44:21] : REQUEST MEAS. OFF
[10:44:21] : end pos sig1 : 50.000000, 50.000000
[10:44:21] : 측정요구 ON 2
[10:44:29] : 측정요구 2OFF
[10:44:29] : end pos sig2 : -49.250000, -50.000000
[10:44:33] : 측정요구3 ON
[10:44:40] : 측정요구3 OFF
[10:44:40] : end pos sig3 : 50.000000, 50.000000
[10:44:40] : 측정요구4 ON
[10:44:48] : 측정요구4 OFF
[10:44:48] : end pos sig4 : -50.000000, -50.000000
[10:44:48] : 12,20190125-104449,AL19012141853,,OK,MAX,2, ,AUTO,0.10,3.00,0.81,OK,0.10,3.00,1.37,OK,0.10,3.00,0.95,OK,0.10,3.00,1.22,OK,
[10:45:36] : Cycle start ON
[10:45:37] : Cycle start OFF
[10:45:42] : REQUEST MEAS. ON
[10:45:50] : REQUEST MEAS. OFF
[10:45:50] : end pos sig1 : 50.000000, 50.000000
[10:45:50] : 측정요구 ON 2
[10:45:58] : 측정요구 2OFF
[10:45:58] : end pos sig2 : -50.000000, -50.000000
[10:46:02] : 측정요구3 ON
[10:46:09] : 측정요구3 OFF
[10:46:09] : end pos sig3 : 50.000000, 50.000000
[10:46:09] : 측정요구4 ON
[10:46:17] : 측정요구4 OFF
[10:46:17] : end pos sig4 : -49.030000, -49.060000
[10:46:17] : 12,20190125-104618,AL19012141893,,OK,MAX,2, ,AUTO,0.10,3.00,1.25,OK,0.10,3.00,0.66,OK,0.10,3.00,0.66,OK,0.10,3.00,1.11,OK,
[10:46:35] : Cycle start ON
[10:46:36] : Cycle start OFF
[10:46:41] : REQUEST MEAS. ON
[10:46:49] : REQUEST MEAS. OFF
[10:46:49] : end pos sig1 : 50.000000, 50.000000
[10:46:49] : 측정요구 ON 2
[10:46:57] : 측정요구 2OFF
[10:46:57] : end pos sig2 : -50.000000, -50.000000
[10:47:02] : 측정요구3 ON
[10:47:09] : 측정요구3 OFF
[10:47:09] : end pos sig3 : 50.000000, 50.000000
[10:47:09] : 측정요구4 ON
[10:47:16] : 측정요구4 OFF
[10:47:16] : end pos sig4 : -50.000000, -50.000000
[10:47:16] : 12,20190125-104717,AL19012141913,,OK,MAX,2, ,AUTO,0.10,3.00,1.00,OK,0.10,3.00,2.20,OK,0.10,3.00,0.73,OK,0.10,3.00,0.73,OK,
[10:47:28] : Cycle start ON
[10:47:30] : Cycle start OFF
[10:47:34] : REQUEST MEAS. ON
[10:47:42] : REQUEST MEAS. OFF
[10:47:42] : end pos sig1 : 50.000000, 50.000000
[10:47:42] : 측정요구 ON 2
[10:47:50] : 측정요구 2OFF
[10:47:50] : end pos sig2 : -50.000000, -50.000000
[10:47:55] : 측정요구3 ON
[10:48:02] : 측정요구3 OFF
[10:48:02] : end pos sig3 : 50.000000, 50.000000
[10:48:02] : 측정요구4 ON
[10:48:10] : 측정요구4 OFF
[10:48:10] : end pos sig4 : -50.000000, -50.000000
[10:48:10] : 12,20190125-104810,AL19012141923,,OK,MAX,2, ,AUTO,0.10,3.00,0.71,OK,0.10,3.00,0.73,OK,0.10,3.00,0.66,OK,0.10,3.00,1.81,OK,
[10:50:32] : Cycle start ON
[10:50:34] : Cycle start OFF
[10:50:39] : REQUEST MEAS. ON
[10:50:46] : REQUEST MEAS. OFF
[10:50:46] : end pos sig1 : 50.000000, 50.000000
[10:50:46] : 측정요구 ON 2
[10:50:53] : 측정요구 2OFF
[10:50:53] : end pos sig2 : -50.000000, -50.000000
[10:50:58] : 측정요구3 ON
[10:51:05] : 측정요구3 OFF
[10:51:05] : end pos sig3 : 50.000000, 50.000000
[10:51:05] : 측정요구4 ON
[10:51:13] : 측정요구4 OFF
[10:51:13] : end pos sig4 : -50.000000, -50.000000
[10:51:13] : 12,20190125-105114,AL19012140473,,OK,MAX,2, ,AUTO,0.10,3.00,1.07,OK,0.10,3.00,1.07,OK,0.10,3.00,0.78,OK,0.10,3.00,1.17,OK,
[10:51:35] : Cycle start ON
[10:51:37] : Cycle start OFF
[10:51:42] : REQUEST MEAS. ON
[10:51:49] : REQUEST MEAS. OFF
[10:51:49] : end pos sig1 : 50.000000, 50.000000
[10:51:49] : 측정요구 ON 2
[10:51:57] : 측정요구 2OFF
[10:51:57] : end pos sig2 : -50.000000, -50.000000
[10:52:02] : 측정요구3 ON
[10:52:09] : 측정요구3 OFF
[10:52:09] : end pos sig3 : 50.000000, 50.000000
[10:52:09] : 측정요구4 ON
[10:52:17] : 측정요구4 OFF
[10:52:17] : end pos sig4 : -50.000000, -50.000000
[10:52:17] : 12,20190125-105218,AL19012140493,,OK,MAX,2, ,AUTO,0.10,3.00,1.51,OK,0.10,3.00,0.93,OK,0.10,3.00,0.71,OK,0.10,3.00,1.32,OK,
[10:52:38] : Cycle start ON
[10:52:39] : Cycle start OFF
[10:52:44] : REQUEST MEAS. ON
[10:52:51] : REQUEST MEAS. OFF
[10:52:51] : end pos sig1 : 50.000000, 50.000000
[10:52:52] : 측정요구 ON 2
[10:52:59] : 측정요구 2OFF
[10:52:59] : end pos sig2 : -50.000000, -50.000000
[10:53:04] : 측정요구3 ON
[10:53:11] : 측정요구3 OFF
[10:53:11] : end pos sig3 : 50.000000, 50.000000
[10:53:11] : 측정요구4 ON
[10:53:20] : 측정요구4 OFF
[10:53:20] : end pos sig4 : -50.000000, -50.000000
[10:53:20] : 12,20190125-105320,AL19012140453,,OK,MAX,2, ,AUTO,0.10,3.00,1.59,OK,0.10,3.00,1.27,OK,0.10,3.00,0.85,OK,0.10,3.00,1.01,OK,
[10:53:31] : Cycle start ON
[10:53:33] : Cycle start OFF
[10:53:37] : REQUEST MEAS. ON
[10:53:45] : REQUEST MEAS. OFF
[10:53:45] : end pos sig1 : 50.000000, 50.000000
[10:53:45] : 측정요구 ON 2
[10:53:52] : 측정요구 2OFF
[10:53:52] : end pos sig2 : -50.000000, -50.000000
[10:53:57] : 측정요구3 ON
[10:54:04] : 측정요구3 OFF
[10:54:04] : end pos sig3 : 50.000000, 50.000000
[10:54:04] : 측정요구4 ON
[10:54:12] : 측정요구4 OFF
[10:54:12] : end pos sig4 : -50.000000, -50.000000
[10:54:12] : 12,20190125-105413,AL19012140603,,OK,MAX,2, ,AUTO,0.10,3.00,1.27,OK,0.10,3.00,0.71,OK,0.10,3.00,1.27,OK,0.10,3.00,1.37,OK,
[10:54:24] : Cycle start ON
[10:54:26] : Cycle start OFF
[10:54:30] : REQUEST MEAS. ON
[10:54:38] : REQUEST MEAS. OFF
[10:54:38] : end pos sig1 : 50.000000, 50.000000
[10:54:38] : 측정요구 ON 2
[10:54:45] : 측정요구 2OFF
[10:54:45] : end pos sig2 : -50.000000, -50.000000
[10:54:50] : 측정요구3 ON
[10:54:57] : 측정요구3 OFF
[10:54:57] : end pos sig3 : 50.000000, 50.000000
[10:54:57] : 측정요구4 ON
[10:55:05] : 측정요구4 OFF
[10:55:05] : end pos sig4 : -50.000000, -50.000000
[10:55:05] : 12,20190125-105506,AL19012140613,,OK,MAX,2, ,AUTO,0.10,3.00,1.42,OK,0.10,3.00,1.59,OK,0.10,3.00,0.72,OK,0.10,3.00,1.15,OK,
[10:55:17] : Cycle start ON
[10:55:19] : Cycle start OFF
[10:55:23] : REQUEST MEAS. ON
[10:55:31] : REQUEST MEAS. OFF
[10:55:31] : end pos sig1 : 50.000000, 50.000000
[10:55:31] : 측정요구 ON 2
[10:55:39] : 측정요구 2OFF
[10:55:39] : end pos sig2 : -50.000000, -50.000000
[10:55:44] : 측정요구3 ON
[10:55:51] : 측정요구3 OFF
[10:55:51] : end pos sig3 : 50.000000, 50.000000
[10:55:52] : 측정요구4 ON
[10:55:59] : 측정요구4 OFF
[10:55:59] : end pos sig4 : -50.000000, -50.000000
[10:55:59] : 12,20190125-105600,AL19012130523,,OK,MAX,2, ,AUTO,0.10,3.00,1.20,OK,0.10,3.00,1.03,OK,0.10,3.00,0.51,OK,0.10,3.00,1.07,OK,
[10:56:11] : Cycle start ON
[10:56:13] : Cycle start OFF
[10:56:18] : REQUEST MEAS. ON
[10:56:25] : REQUEST MEAS. OFF
[10:56:25] : end pos sig1 : 50.000000, 50.000000
[10:56:25] : 측정요구 ON 2
[10:56:32] : 측정요구 2OFF
[10:56:32] : end pos sig2 : -50.000000, -50.000000
[10:56:37] : 측정요구3 ON
[10:56:44] : 측정요구3 OFF
[10:56:44] : end pos sig3 : 50.000000, 50.000000
[10:56:44] : 측정요구4 ON
[10:56:52] : 측정요구4 OFF
[10:56:52] : end pos sig4 : -50.000000, -50.000000
[10:56:52] : 12,20190125-105653,AL19012130563,,OK,MAX,2, ,AUTO,0.10,3.00,1.54,OK,0.10,3.00,0.86,OK,0.10,3.00,0.73,OK,0.10,3.00,0.90,OK,
[10:57:04] : Cycle start ON
[10:57:06] : Cycle start OFF
[10:57:10] : REQUEST MEAS. ON
[10:57:18] : REQUEST MEAS. OFF
[10:57:18] : end pos sig1 : 50.000000, 50.000000
[10:57:18] : 측정요구 ON 2
[10:57:25] : 측정요구 2OFF
[10:57:25] : end pos sig2 : -50.000000, -50.000000
[10:57:30] : 측정요구3 ON
[10:57:37] : 측정요구3 OFF
[10:57:37] : end pos sig3 : 50.000000, 50.000000
[10:57:37] : 측정요구4 ON
[10:57:45] : 측정요구4 OFF
[10:57:45] : end pos sig4 : -50.000000, -50.000000
[10:57:45] : 12,20190125-105746,AL19012130593,,OK,MAX,2, ,AUTO,0.10,3.00,1.37,OK,0.10,3.00,0.85,OK,0.10,3.00,0.51,OK,0.10,3.00,0.85,OK,
[10:57:58] : Cycle start ON
[10:57:59] : Cycle start OFF
[10:58:04] : REQUEST MEAS. ON
[10:58:12] : REQUEST MEAS. OFF
[10:58:12] : end pos sig1 : 50.000000, 50.000000
[10:58:12] : 측정요구 ON 2
[10:58:19] : 측정요구 2OFF
[10:58:19] : end pos sig2 : -50.000000, -50.000000
[10:58:24] : 측정요구3 ON
[10:58:31] : 측정요구3 OFF
[10:58:31] : end pos sig3 : 50.000000, 50.000000
[10:58:31] : 측정요구4 ON
[10:58:39] : 측정요구4 OFF
[10:58:39] : end pos sig4 : -50.000000, -50.000000
[10:58:39] : 12,20190125-105840,AL19012130623,,OK,MAX,2, ,AUTO,0.10,3.00,1.42,OK,0.10,3.00,0.98,OK,0.10,3.00,0.44,OK,0.10,3.00,0.98,OK,
[10:58:51] : Cycle start ON
[10:58:53] : Cycle start OFF
[10:58:57] : REQUEST MEAS. ON
[10:59:05] : REQUEST MEAS. OFF
[10:59:05] : end pos sig1 : 50.000000, 50.000000
[10:59:05] : 측정요구 ON 2
[10:59:12] : 측정요구 2OFF
[10:59:12] : end pos sig2 : -50.000000, -50.000000
[10:59:17] : 측정요구3 ON
[10:59:24] : 측정요구3 OFF
[10:59:24] : end pos sig3 : 50.000000, 50.000000
[10:59:24] : 측정요구4 ON
[10:59:32] : 측정요구4 OFF
[10:59:32] : end pos sig4 : -50.000000, -50.000000
[10:59:32] : 12,20190125-105933,AL19012130583,,OK,MAX,2, ,AUTO,0.10,3.00,1.88,OK,0.10,3.00,1.00,OK,0.10,3.00,0.55,OK,0.10,3.00,1.25,OK,
[10:59:44] : Cycle start ON
[10:59:45] : Cycle start OFF
[10:59:50] : REQUEST MEAS. ON
[10:59:58] : REQUEST MEAS. OFF
[10:59:58] : end pos sig1 : 50.000000, 50.000000
[10:59:58] : 측정요구 ON 2
[11:00:05] : 측정요구 2OFF
[11:00:05] : end pos sig2 : -50.000000, -50.000000
[11:00:10] : 측정요구3 ON
[11:00:17] : 측정요구3 OFF
[11:00:17] : end pos sig3 : 50.000000, 50.000000
[11:00:17] : 측정요구4 ON
[11:00:25] : 측정요구4 OFF
[11:00:25] : end pos sig4 : -50.000000, -50.000000
[11:00:25] : 12,20190125-110026,AL19012130933,,OK,MAX,2, ,AUTO,0.10,3.00,1.54,OK,0.10,3.00,0.85,OK,0.10,3.00,0.59,OK,0.10,3.00,1.39,OK,
[11:00:37] : Cycle start ON
[11:00:38] : Cycle start OFF
[11:00:43] : REQUEST MEAS. ON
[11:00:51] : REQUEST MEAS. OFF
[11:00:51] : end pos sig1 : 50.000000, 50.000000
[11:00:51] : 측정요구 ON 2
[11:00:59] : 측정요구 2OFF
[11:00:59] : end pos sig2 : -50.000000, -50.000000
[11:01:04] : 측정요구3 ON
[11:01:11] : 측정요구3 OFF
[11:01:11] : end pos sig3 : 50.000000, 50.000000
[11:01:11] : 측정요구4 ON
[11:01:19] : 측정요구4 OFF
[11:01:19] : end pos sig4 : -50.000000, -50.000000
[11:01:19] : 12,20190125-110119,AL19012130963,,OK,MAX,2, ,AUTO,0.10,3.00,1.22,OK,0.10,3.00,1.32,OK,0.10,3.00,0.45,OK,0.10,3.00,1.07,OK,
[11:01:32] : Cycle start ON
[11:01:33] : Cycle start OFF
[11:01:38] : REQUEST MEAS. ON
[11:01:46] : REQUEST MEAS. OFF
[11:01:46] : end pos sig1 : 50.000000, 50.000000
[11:01:46] : 측정요구 ON 2
[11:01:53] : 측정요구 2OFF
[11:01:53] : end pos sig2 : -50.000000, -50.000000
[11:01:58] : 측정요구3 ON
[11:02:05] : 측정요구3 OFF
[11:02:05] : end pos sig3 : 50.000000, 50.000000
[11:02:05] : 측정요구4 ON
[11:02:13] : 측정요구4 OFF
[11:02:13] : end pos sig4 : -50.000000, -50.000000
[11:02:13] : 12,20190125-110213,AL19012130983,,OK,MAX,2, ,AUTO,0.10,3.00,0.90,OK,0.10,3.00,0.83,OK,0.10,3.00,0.51,OK,0.10,3.00,0.71,OK,
[11:02:24] : AUTO RUNNING OFF
[11:02:54] : MEAS ESC ON
[11:02:55] : MEAS ESC OFF
[11:02:55] : AUTO RUNNING ON
[11:14:44] : Cycle start ON
[11:14:46] : Cycle start OFF
[11:14:51] : REQUEST MEAS. ON
[11:14:58] : REQUEST MEAS. OFF
[11:14:58] : end pos sig1 : 50.000000, 50.000000
[11:14:58] : 측정요구 ON 2
[11:15:06] : 측정요구 2OFF
[11:15:06] : end pos sig2 : -50.000000, -50.000000
[11:15:11] : 측정요구3 ON
[11:15:18] : 측정요구3 OFF
[11:15:18] : end pos sig3 : 50.000000, 50.000000
[11:15:18] : 측정요구4 ON
[11:15:26] : 측정요구4 OFF
[11:15:26] : end pos sig4 : -50.000000, -50.000000
[11:15:27] : 12,20190125-111527,AL19012131013,,OK,MAX,2, ,AUTO,0.10,3.00,0.88,OK,0.10,3.00,0.71,OK,0.10,3.00,0.56,OK,0.10,3.00,1.00,OK,
[11:18:22] : Cycle start ON
[11:18:23] : Cycle start OFF
[11:18:28] : REQUEST MEAS. ON
[11:18:36] : REQUEST MEAS. OFF
[11:18:36] : end pos sig1 : 50.000000, 50.000000
[11:18:36] : 측정요구 ON 2
[11:18:43] : 측정요구 2OFF
[11:18:43] : end pos sig2 : -50.000000, -50.000000
[11:18:48] : 측정요구3 ON
[11:18:55] : 측정요구3 OFF
[11:18:55] : end pos sig3 : 50.000000, 50.000000
[11:18:55] : 측정요구4 ON
[11:19:03] : 측정요구4 OFF
[11:19:03] : end pos sig4 : -50.000000, -50.000000
[11:19:03] : 12,20190125-111904,AL19012142633,,OK,MAX,2, ,AUTO,0.10,3.00,1.27,OK,0.10,3.00,0.76,OK,0.10,3.00,0.61,OK,0.10,3.00,0.70,OK,
[11:19:15] : Cycle start ON
[11:19:16] : Cycle start OFF
[11:19:21] : REQUEST MEAS. ON
[11:19:29] : REQUEST MEAS. OFF
[11:19:29] : end pos sig1 : 50.000000, 50.000000
[11:19:29] : 측정요구 ON 2
[11:19:36] : 측정요구 2OFF
[11:19:36] : end pos sig2 : -50.000000, -50.000000
[11:19:41] : 측정요구3 ON
[11:19:48] : 측정요구3 OFF
[11:19:48] : end pos sig3 : 50.000000, 50.000000
[11:19:48] : 측정요구4 ON
[11:19:57] : 측정요구4 OFF
[11:19:57] : end pos sig4 : -50.000000, -50.000000
[11:19:57] : 12,20190125-111957,AL19012142613,,OK,MAX,2, ,AUTO,0.10,3.00,1.66,OK,0.10,3.00,0.66,OK,0.10,3.00,0.59,OK,0.10,3.00,0.56,OK,
[11:20:09] : Cycle start ON
[11:20:11] : Cycle start OFF
[11:20:15] : REQUEST MEAS. ON
[11:20:23] : REQUEST MEAS. OFF
[11:20:23] : end pos sig1 : 50.000000, 50.000000
[11:20:23] : 측정요구 ON 2
[11:20:31] : 측정요구 2OFF
[11:20:31] : end pos sig2 : -50.000000, -50.000000
[11:20:35] : 측정요구3 ON
[11:20:42] : 측정요구3 OFF
[11:20:42] : end pos sig3 : 50.000000, 50.000000
[11:20:42] : 측정요구4 ON
[11:20:50] : 측정요구4 OFF
[11:20:50] : end pos sig4 : -50.000000, -50.000000
[11:20:50] : 12,20190125-112051,AL19012142653,,OK,MAX,2, ,AUTO,0.10,3.00,2.12,OK,0.10,3.00,0.81,OK,0.10,3.00,0.56,OK,0.10,3.00,1.05,OK,
[11:21:03] : Cycle start ON
[11:21:04] : Cycle start OFF
[11:21:09] : REQUEST MEAS. ON
[11:21:17] : REQUEST MEAS. OFF
[11:21:17] : end pos sig1 : 50.000000, 50.000000
[11:21:17] : 측정요구 ON 2
[11:21:24] : 측정요구 2OFF
[11:21:24] : end pos sig2 : -50.000000, -50.000000
[11:21:29] : 측정요구3 ON
[11:21:36] : 측정요구3 OFF
[11:21:36] : end pos sig3 : 50.000000, 50.000000
[11:21:36] : 측정요구4 ON
[11:21:44] : 측정요구4 OFF
[11:21:44] : end pos sig4 : -50.000000, -50.000000
[11:21:44] : 12,20190125-112145,AL19012142773,,OK,MAX,2, ,AUTO,0.10,3.00,0.81,OK,0.10,3.00,0.71,OK,0.10,3.00,0.44,OK,0.10,3.00,0.81,OK,
[11:22:00] : Cycle start ON
[11:22:02] : Cycle start OFF
[11:22:06] : REQUEST MEAS. ON
[11:22:14] : REQUEST MEAS. OFF
[11:22:14] : end pos sig1 : 50.000000, 50.000000
[11:22:14] : 측정요구 ON 2
[11:22:22] : 측정요구 2OFF
[11:22:22] : end pos sig2 : -50.000000, -50.000000
[11:22:27] : 측정요구3 ON
[11:22:34] : 측정요구3 OFF
[11:22:34] : end pos sig3 : 50.000000, 50.000000
[11:22:34] : 측정요구4 ON
[11:22:41] : 측정요구4 OFF
[11:22:41] : end pos sig4 : -49.960000, -50.000000
[11:22:42] : 12,20190125-112242,AL19012142753,,OK,MAX,2, ,AUTO,0.10,3.00,1.03,OK,0.10,3.00,1.32,OK,0.10,3.00,0.56,OK,0.10,3.00,0.63,OK,
[11:35:54] : AUTO RUNNING OFF
 
[17:46:14] : Cycle start ON
[17:46:15] : Cycle start OFF
[17:46:22] : REQUEST MEAS. ON
[17:46:31] : REQUEST MEAS. OFF
[17:46:31] : end pos sig1 : 50.000000, 50.000000
[17:46:31] : 측정요구 ON 2
[17:46:41] : 측정요구 2OFF
[17:46:41] : end pos sig2 : -50.000000, -50.000000
[17:46:46] : 측정요구3 ON
[17:46:55] : 측정요구3 OFF
[17:46:55] : end pos sig3 : 50.000000, 50.000000
[17:46:55] : 측정요구4 ON
[17:47:04] : 측정요구4 OFF
[17:47:04] : end pos sig4 : -50.000000, -50.000000
[17:47:26] : Cycle start ON
[17:47:27] : Cycle start OFF
[17:47:32] : REQUEST MEAS. ON
[17:47:41] : REQUEST MEAS. OFF
[17:47:41] : end pos sig1 : 50.000000, 50.000000
[17:47:41] : 측정요구 ON 2
[17:47:50] : 측정요구 2OFF
[17:47:50] : end pos sig2 : -50.000000, -50.000000
[17:47:55] : 측정요구3 ON
[17:48:04] : 측정요구3 OFF
[17:48:04] : end pos sig3 : 50.000000, 50.000000
[17:48:04] : 측정요구4 ON
[17:48:13] : 측정요구4 OFF
[17:48:13] : end pos sig4 : -50.000000, -50.000000
[17:48:34] : Cycle start ON
[17:48:34] : Cycle start OFF
[17:48:39] : REQUEST MEAS. ON
[17:48:48] : REQUEST MEAS. OFF
[17:48:48] : end pos sig1 : 50.000000, 50.000000
[17:48:48] : 측정요구 ON 2
[17:48:57] : 측정요구 2OFF
[17:48:57] : end pos sig2 : -50.000000, -50.000000
[17:49:02] : 측정요구3 ON
[17:49:11] : 측정요구3 OFF
[17:49:11] : end pos sig3 : 50.000000, 50.000000
[17:49:11] : 측정요구4 ON
[17:49:20] : 측정요구4 OFF
[17:49:20] : end pos sig4 : -50.000000, -50.000000
[17:49:33] : Cycle start ON
[17:49:33] : Cycle start OFF
[17:49:38] : REQUEST MEAS. ON
[17:49:47] : REQUEST MEAS. OFF
[17:49:47] : end pos sig1 : 50.000000, 50.000000
[17:49:47] : 측정요구 ON 2
[17:49:57] : 측정요구 2OFF
[17:49:57] : end pos sig2 : -50.000000, -50.000000
[17:50:01] : 측정요구3 ON
[17:50:10] : 측정요구3 OFF
[17:50:10] : end pos sig3 : 50.000000, 50.000000
[17:50:10] : 측정요구4 ON
[17:50:20] : 측정요구4 OFF
[17:50:20] : end pos sig4 : -50.000000, -50.000000
[17:50:30] : Cycle start ON
[17:50:30] : Cycle start OFF
[17:50:35] : REQUEST MEAS. ON
[17:50:44] : REQUEST MEAS. OFF
[17:50:44] : end pos sig1 : 50.000000, 50.000000
[17:50:44] : 측정요구 ON 2
[17:50:54] : 측정요구 2OFF
[17:50:54] : end pos sig2 : -50.000000, -50.000000
[17:50:58] : 측정요구3 ON
[17:51:07] : 측정요구3 OFF
[17:51:07] : end pos sig3 : 50.000000, 50.000000
[17:51:07] : 측정요구4 ON
[17:51:17] : 측정요구4 OFF
[17:51:17] : end pos sig4 : -50.000000, -50.000000
[19:07:21] : MEAS ESC ON
[19:07:22] : MEAS ESC OFF
[19:07:22] : AUTO RUNNING ON
[19:08:07] : AUTO RUNNING OFF
[19:10:36] : MEAS ESC ON
[19:11:22] : MEAS ESC OFF
[19:11:45] : MEAS ESC ON
[19:11:48] : MEAS ESC OFF
[19:11:48] : AUTO RUNNING ON
[19:12:54] : AUTO RUNNING OFF
[19:13:21] : MEAS ESC ON
[19:13:22] : MEAS ESC OFF
[19:13:22] : AUTO RUNNING ON
[19:14:36] : Cycle start ON
[19:14:38] : Cycle start OFF
[19:14:44] : REQUEST MEAS. ON
[19:14:53] : REQUEST MEAS. OFF
[19:14:53] : end pos sig1 : 50.000000, 50.000000
[19:14:53] : 측정요구 ON 2
[19:15:03] : 측정요구 2OFF
[19:15:03] : end pos sig2 : -47.800000, -47.800000
[19:15:08] : 측정요구3 ON
[19:15:17] : 측정요구3 OFF
[19:15:17] : end pos sig3 : 50.000000, 50.000000
[19:15:17] : 측정요구4 ON
[19:15:26] : 측정요구4 OFF
[19:15:26] : end pos sig4 : -50.000000, -50.000000
[19:15:26] : 12,20190125-191527,CF18120272741,CF 18100410043,OK,MAX,2, ,AUTO,0.10,8.00,1.95,OK,0.10,8.00,1.34,OK,0.10,8.00,1.95,OK,0.10,8.00,2.42,OK,
[19:15:36] : AUTO RUNNING OFF
[19:15:54] : MEAS ESC ON
[19:15:54] : MEAS ESC OFF
[19:15:54] : AUTO RUNNING ON
[19:16:33] : Cycle start ON
[19:16:35] : Cycle start OFF
[19:16:40] : REQUEST MEAS. ON
[19:16:49] : REQUEST MEAS. OFF
[19:16:49] : end pos sig1 : 50.000000, 50.000000
[19:16:49] : 측정요구 ON 2
[19:16:58] : 측정요구 2OFF
[19:16:58] : end pos sig2 : -50.000000, -50.000000
[19:17:03] : 측정요구3 ON
[19:17:12] : 측정요구3 OFF
[19:17:12] : end pos sig3 : 50.000000, 50.000000
[19:17:12] : 측정요구4 ON
[19:17:22] : 측정요구4 OFF
[19:17:22] : end pos sig4 : -50.000000, -50.000000
[19:17:22] : 12,20190125-191722,CF18112053461,CF 18112010711,OK,MAX,2, ,AUTO,0.10,8.00,2.25,OK,0.10,8.00,1.20,OK,0.10,8.00,0.87,OK,0.10,8.00,0.95,OK,
[19:17:35] : Cycle start ON
[19:17:37] : Cycle start OFF
[19:17:42] : REQUEST MEAS. ON
[19:17:51] : REQUEST MEAS. OFF
[19:17:51] : end pos sig1 : 50.000000, 50.000000
[19:17:51] : 측정요구 ON 2
[19:18:01] : 측정요구 2OFF
[19:18:01] : end pos sig2 : -50.000000, -50.000000
[19:18:05] : 측정요구3 ON
[19:18:14] : 측정요구3 OFF
[19:18:14] : end pos sig3 : 50.000000, 50.000000
[19:18:14] : 측정요구4 ON
[19:18:24] : 측정요구4 OFF
[19:18:24] : end pos sig4 : -50.000000, -50.000000
[19:18:24] : 12,20190125-191824,CF18112053021,CF 18100411903,OK,MAX,2, ,AUTO,0.10,8.00,2.44,OK,0.10,8.00,2.69,OK,0.10,8.00,0.73,OK,0.10,8.00,0.56,OK,
[19:19:32] : AUTO RUNNING OFF
[19:19:39] : MEAS ESC ON
[19:19:39] : MEAS ESC OFF
[19:19:39] : AUTO RUNNING ON
[19:20:38] : Cycle start ON
[19:20:40] : Cycle start OFF
[19:20:45] : REQUEST MEAS. ON
[19:20:54] : REQUEST MEAS. OFF
[19:20:54] : end pos sig1 : 50.000000, 50.000000
[19:20:54] : 측정요구 ON 2
[19:21:04] : 측정요구 2OFF
[19:21:04] : end pos sig2 : -50.000000, -50.000000
[19:21:08] : 측정요구3 ON
[19:21:17] : 측정요구3 OFF
[19:21:17] : end pos sig3 : 50.000000, 50.000000
[19:21:17] : 측정요구4 ON
[19:21:26] : 측정요구4 OFF
[19:21:26] : end pos sig4 : -50.000000, -50.000000
[19:21:26] : 12,20190125-192127,CF18120273751,CF 18100411903,OK,MAX,2, ,AUTO,0.10,8.00,2.00,OK,0.10,8.00,1.44,OK,0.10,8.00,2.93,OK,0.10,8.00,3.08,OK,
[20:21:21] : AUTO RUNNING OFF
[20:21:24] : MEAS ESC ON
[20:21:25] : MEAS ESC OFF
[20:21:25] : AUTO RUNNING ON
[20:56:55] : AUTO RUNNING OFF
 
