[11:24:54] : PROGRAM END
 
[12:13:16] : PROGRAM START
[12:13:31] : AUTO RUNNING OFF
[12:13:31] : REQUEST MEAS. OFF
[12:13:31] : end pos sig1 : 50.000000, 50.000000
[12:13:31] : end pos sig2 : 50.000000, 50.000000
[12:13:31] : end pos sig3 : 50.000000, 50.000000
[12:13:31] : REQUEST ZEROSET OFF
[12:13:31] : REQUEST ZEROSET OFF
[12:13:31] : end pos sig4 : 50.000000, 50.000000
[13:01:50] : PROGRAM END
 
[13:04:04] : PROGRAM START
[13:04:18] : AUTO RUNNING OFF
[13:04:18] : REQUEST MEAS. OFF
[13:04:18] : end pos sig1 : 50.000000, 50.000000
[13:04:18] : end pos sig2 : 50.000000, 50.000000
[13:04:18] : end pos sig3 : 50.000000, 50.000000
[13:04:18] : REQUEST ZEROSET OFF
[13:04:18] : REQUEST ZEROSET OFF
[13:04:18] : end pos sig4 : 50.000000, 50.000000
[13:04:58] : PROGRAM END
 
[13:09:38] : PROGRAM START
[13:09:53] : AUTO RUNNING OFF
[13:09:53] : REQUEST MEAS. OFF
[13:09:53] : end pos sig1 : 0.000000, 0.000000
[13:09:53] : end pos sig2 : 0.000000, 0.000000
[13:09:53] : end pos sig3 : 0.000000, 0.000000
[13:09:53] : REQUEST ZEROSET OFF
[13:09:53] : REQUEST ZEROSET OFF
[13:09:53] : end pos sig4 : 0.000000, 0.000000
[13:10:07] : PROGRAM END
 
[13:10:13] : PROGRAM START
[13:10:27] : AUTO RUNNING OFF
[13:10:27] : REQUEST MEAS. OFF
[13:10:27] : end pos sig1 : 50.000000, 50.000000
[13:10:27] : end pos sig2 : 50.000000, 50.000000
[13:10:27] : end pos sig3 : 50.000000, 50.000000
[13:10:27] : REQUEST ZEROSET OFF
[13:10:27] : REQUEST ZEROSET OFF
[13:10:27] : end pos sig4 : 50.000000, 50.000000
[13:59:49] : MEAS ESC ON
[14:00:53] : MEAS ESC OFF
[14:00:53] : AUTO RUNNING ON
[14:09:42] : Cycle start ON
[14:09:43] : Cycle start OFF
[14:09:50] : REQUEST MEAS. ON
[14:09:58] : REQUEST MEAS. OFF
[14:09:58] : end pos sig1 : 50.000000, 50.000000
[14:09:58] : 측정요구 ON 2
[14:10:05] : 측정요구 2OFF
[14:10:05] : end pos sig2 : -50.000000, -50.000000
[14:10:10] : 측정요구3 ON
[14:10:17] : 측정요구3 OFF
[14:10:17] : end pos sig3 : 50.000000, 50.000000
[14:10:17] : 측정요구4 ON
[14:10:25] : 측정요구4 OFF
[14:10:25] : end pos sig4 : -50.000000, -50.000000
[14:10:25] : 12,20190128-141026,CF18112052621,,NG,MAX,2, ,AUTO,0.10,3.00,3.08,NG,0.10,3.00,2.08,OK,0.10,3.00,0.81,OK,0.10,3.00,1.22,OK,
[14:10:36] : AUTO RUNNING OFF
[14:22:28] : MEAS ESC ON
[14:22:29] : MEAS ESC OFF
[14:22:29] : AUTO RUNNING ON
[14:30:34] : AUTO RUNNING OFF
[14:37:51] : MEAS ESC ON
[14:37:52] : MEAS ESC OFF
[14:37:52] : AUTO RUNNING ON
[14:37:57] : AUTO RUNNING OFF
[14:38:28] : MEAS ESC ON
[14:38:28] : MEAS ESC OFF
[14:38:28] : AUTO RUNNING ON
[14:49:14] : AUTO RUNNING OFF
[14:49:49] : MEAS ESC ON
[14:49:50] : MEAS ESC OFF
[14:49:50] : AUTO RUNNING ON
[14:54:43] : AUTO RUNNING OFF
[14:54:44] : MEAS ESC ON
[14:54:45] : MEAS ESC OFF
[14:54:45] : AUTO RUNNING ON
[15:01:12] : Cycle start ON
[15:01:14] : Cycle start OFF
[15:20:30] : Cycle start ON
[15:20:32] : Cycle start OFF
[15:20:37] : REQUEST MEAS. ON
[15:20:44] : REQUEST MEAS. OFF
[15:20:44] : end pos sig1 : 50.000000, 50.000000
[15:20:45] : 측정요구 ON 2
[15:20:52] : 측정요구 2OFF
[15:20:52] : end pos sig2 : -50.000000, -50.000000
[15:20:57] : 측정요구3 ON
[15:21:04] : 측정요구3 OFF
[15:21:04] : end pos sig3 : 50.000000, 50.000000
[15:21:04] : 측정요구4 ON
[15:21:12] : 측정요구4 OFF
[15:21:12] : end pos sig4 : -50.000000, -50.000000
[15:21:12] : 12,20190128-152113,CF18112053861,,NG,MAX,2, ,AUTO,0.10,3.00,2.34,OK,0.10,3.00,3.08,NG,0.10,3.00,2.20,OK,0.10,3.00,0.85,OK,
[15:37:33] : AUTO RUNNING OFF
[15:37:34] : MEAS ESC ON
[15:37:35] : MEAS ESC OFF
[15:37:35] : AUTO RUNNING ON
[15:39:53] : AUTO RUNNING OFF
[15:40:24] : MEAS ESC ON
[15:40:25] : MEAS ESC OFF
[15:40:25] : AUTO RUNNING ON
[15:41:04] : Cycle start ON
[15:41:05] : Cycle start OFF
[15:41:10] : REQUEST MEAS. ON
[15:41:18] : REQUEST MEAS. OFF
[15:41:18] : end pos sig1 : 50.000000, 50.000000
[15:41:18] : 측정요구 ON 2
[15:41:25] : 측정요구 2OFF
[15:41:25] : end pos sig2 : -50.000000, -50.000000
[15:41:30] : 측정요구3 ON
[15:41:37] : 측정요구3 OFF
[15:41:37] : end pos sig3 : 50.000000, 50.000000
[15:41:37] : 측정요구4 ON
[15:41:45] : 측정요구4 OFF
[15:41:45] : end pos sig4 : -50.000000, -50.000000
[15:41:45] : 12,20190128-154146,CF18112052131,,OK,MAX,2, ,AUTO,0.10,3.00,1.71,OK,0.10,3.00,2.76,OK,0.10,3.00,0.95,OK,0.10,3.00,0.59,OK,
[15:41:57] : Cycle start ON
[15:41:59] : Cycle start OFF
[15:42:04] : REQUEST MEAS. ON
[15:42:11] : REQUEST MEAS. OFF
[15:42:11] : end pos sig1 : 50.000000, 50.000000
[15:42:11] : 측정요구 ON 2
[15:42:19] : 측정요구 2OFF
[15:42:19] : end pos sig2 : -50.000000, -50.000000
[15:42:24] : 측정요구3 ON
[15:42:31] : 측정요구3 OFF
[15:42:31] : end pos sig3 : 50.000000, 50.000000
[15:42:31] : 측정요구4 ON
[15:42:39] : 측정요구4 OFF
[15:42:39] : end pos sig4 : -50.000000, -50.000000
[15:42:39] : 12,20190128-154239,CF18112052141,,NG,MAX,2, ,AUTO,0.10,3.00,2.34,OK,0.10,3.00,3.08,NG,0.10,3.00,1.44,OK,0.10,3.00,1.00,OK,
[15:43:55] : Cycle start ON
[15:43:56] : Cycle start OFF
[15:44:01] : REQUEST MEAS. ON
[15:44:09] : REQUEST MEAS. OFF
[15:44:09] : end pos sig1 : 50.000000, 50.000000
[15:44:09] : 측정요구 ON 2
[15:44:17] : 측정요구 2OFF
[15:44:17] : end pos sig2 : -50.000000, -50.000000
[15:44:22] : 측정요구3 ON
[15:44:29] : 측정요구3 OFF
[15:44:29] : end pos sig3 : 50.000000, 50.000000
[15:44:29] : 측정요구4 ON
[15:44:37] : 측정요구4 OFF
[15:44:37] : end pos sig4 : -50.000000, -50.000000
[15:44:38] : 12,20190128-154438,CF18112053841,,OK,MAX,2, ,AUTO,0.10,3.00,2.64,OK,0.10,3.00,2.51,OK,0.10,3.00,1.39,OK,0.10,3.00,0.90,OK,
[15:44:50] : Cycle start ON
[15:44:51] : Cycle start OFF
[15:44:56] : REQUEST MEAS. ON
[15:45:03] : REQUEST MEAS. OFF
[15:45:03] : end pos sig1 : 50.000000, 50.000000
[15:45:04] : 측정요구 ON 2
[15:45:11] : 측정요구 2OFF
[15:45:11] : end pos sig2 : -50.000000, -50.000000
[15:45:16] : 측정요구3 ON
[15:45:23] : 측정요구3 OFF
[15:45:23] : end pos sig3 : 50.000000, 50.000000
[15:45:23] : 측정요구4 ON
[15:45:31] : 측정요구4 OFF
[15:45:31] : end pos sig4 : -50.000000, -50.000000
[15:45:31] : 12,20190128-154531,CF18112053371,,OK,MAX,2, ,AUTO,0.10,3.00,1.68,OK,0.10,3.00,1.81,OK,0.10,3.00,0.73,OK,0.10,3.00,1.10,OK,
[15:50:21] : AUTO RUNNING OFF
[15:51:43] : MEAS ESC ON
[15:51:44] : MEAS ESC OFF
[15:51:44] : AUTO RUNNING ON
[15:52:49] : AUTO RUNNING OFF
[15:54:50] : MEAS ESC ON
[15:54:50] : MEAS ESC OFF
[15:54:50] : AUTO RUNNING ON
[15:55:30] : Cycle start ON
[15:55:32] : Cycle start OFF
[15:55:37] : REQUEST MEAS. ON
[15:55:45] : REQUEST MEAS. OFF
[15:55:45] : end pos sig1 : 50.000000, 50.000000
[15:55:45] : 측정요구 ON 2
[15:55:52] : 측정요구 2OFF
[15:55:52] : end pos sig2 : -50.000000, -50.000000
[15:55:56] : 측정요구3 ON
[15:56:03] : 측정요구3 OFF
[15:56:03] : end pos sig3 : 50.000000, 50.000000
[15:56:03] : 측정요구4 ON
[15:56:11] : 측정요구4 OFF
[15:56:11] : end pos sig4 : -50.000000, -50.000000
[15:56:11] : 12,20190128-155612,CF18112053271,,OK,MAX,2, ,AUTO,0.10,3.00,1.29,OK,0.10,3.00,1.98,OK,0.10,3.00,0.96,OK,0.10,3.00,1.43,OK,
[15:56:28] : Cycle start ON
[15:56:30] : Cycle start OFF
[15:56:35] : REQUEST MEAS. ON
[15:56:42] : REQUEST MEAS. OFF
[15:56:42] : end pos sig1 : 50.000000, 50.000000
[15:56:42] : 측정요구 ON 2
[15:56:50] : 측정요구 2OFF
[15:56:50] : end pos sig2 : -50.000000, -50.000000
[15:56:55] : 측정요구3 ON
[15:57:02] : 측정요구3 OFF
[15:57:02] : end pos sig3 : 50.000000, 50.000000
[15:57:02] : 측정요구4 ON
[15:57:10] : 측정요구4 OFF
[15:57:10] : end pos sig4 : -50.000000, -50.000000
[15:57:10] : 12,20190128-155710,CF18112052041,,OK,MAX,2, ,AUTO,0.10,3.00,2.92,OK,0.10,3.00,2.98,OK,0.10,3.00,1.32,OK,0.10,3.00,0.81,OK,
[15:58:35] : Cycle start ON
[15:58:37] : Cycle start OFF
[15:58:42] : REQUEST MEAS. ON
[15:58:49] : REQUEST MEAS. OFF
[15:58:49] : end pos sig1 : 50.000000, 50.000000
[15:58:49] : 측정요구 ON 2
[15:58:56] : 측정요구 2OFF
[15:58:56] : end pos sig2 : -50.000000, -50.000000
[15:59:01] : 측정요구3 ON
[15:59:08] : 측정요구3 OFF
[15:59:08] : end pos sig3 : 50.000000, 50.000000
[15:59:08] : 측정요구4 ON
[15:59:16] : 측정요구4 OFF
[15:59:16] : end pos sig4 : -50.000000, -50.000000
[15:59:17] : 12,20190128-155917,CF18112053911,,OK,MAX,2, ,AUTO,0.10,3.00,2.10,OK,0.10,3.00,2.32,OK,0.10,3.00,1.12,OK,0.10,3.00,0.87,OK,
[15:59:31] : Cycle start ON
[15:59:33] : Cycle start OFF
[15:59:37] : REQUEST MEAS. ON
[15:59:45] : REQUEST MEAS. OFF
[15:59:45] : end pos sig1 : 50.000000, 50.000000
[15:59:45] : 측정요구 ON 2
[15:59:54] : 측정요구 2OFF
[15:59:54] : end pos sig2 : -50.000000, -50.000000
[15:59:58] : 측정요구3 ON
[16:00:05] : 측정요구3 OFF
[16:00:05] : end pos sig3 : 50.000000, 50.000000
[16:00:05] : 측정요구4 ON
[16:00:12] : 측정요구4 OFF
[16:00:12] : end pos sig4 : -50.000000, -50.000000
[16:00:12] : 12,20190128-160013,CF18112053451,,OK,MAX,2, ,AUTO,0.10,3.00,1.86,OK,0.10,3.00,2.56,OK,0.10,3.00,0.83,OK,0.10,3.00,0.72,OK,
[16:01:50] : Cycle start ON
[16:01:52] : Cycle start OFF
[16:01:57] : REQUEST MEAS. ON
[16:02:04] : REQUEST MEAS. OFF
[16:02:04] : end pos sig1 : 50.000000, 50.000000
[16:02:04] : 측정요구 ON 2
[16:02:12] : 측정요구 2OFF
[16:02:12] : end pos sig2 : -50.000000, -50.000000
[16:02:17] : 측정요구3 ON
[16:02:24] : 측정요구3 OFF
[16:02:24] : end pos sig3 : 50.000000, 50.000000
[16:02:24] : 측정요구4 ON
[16:02:32] : 측정요구4 OFF
[16:02:32] : end pos sig4 : -50.000000, -50.000000
[16:02:32] : 12,20190128-160233,CF18112052651,,NG,MAX,2, ,AUTO,0.10,3.00,1.71,OK,0.10,3.00,3.08,NG,0.10,3.00,1.17,OK,0.10,3.00,2.08,OK,
[16:02:49] : Cycle start ON
[16:02:50] : Cycle start OFF
[16:02:55] : REQUEST MEAS. ON
[16:03:02] : REQUEST MEAS. OFF
[16:03:02] : end pos sig1 : 50.000000, 50.000000
[16:03:02] : 측정요구 ON 2
[16:03:10] : 측정요구 2OFF
[16:03:10] : end pos sig2 : -50.000000, -50.000000
[16:03:15] : 측정요구3 ON
[16:03:22] : 측정요구3 OFF
[16:03:22] : end pos sig3 : 50.000000, 50.000000
[16:03:22] : 측정요구4 ON
[16:03:29] : 측정요구4 OFF
[16:03:29] : end pos sig4 : -50.000000, -50.000000
[16:03:29] : 12,20190128-160330,CF18112052731,,OK,MAX,2, ,AUTO,0.10,3.00,1.61,OK,0.10,3.00,2.95,OK,0.10,3.00,0.83,OK,0.10,3.00,0.68,OK,
[16:03:46] : Cycle start ON
[16:03:48] : Cycle start OFF
[16:03:53] : REQUEST MEAS. ON
[16:04:00] : REQUEST MEAS. OFF
[16:04:00] : end pos sig1 : 50.000000, 50.000000
[16:04:00] : 측정요구 ON 2
[16:04:08] : 측정요구 2OFF
[16:04:08] : end pos sig2 : -50.000000, -50.000000
[16:04:13] : 측정요구3 ON
[16:04:20] : 측정요구3 OFF
[16:04:20] : end pos sig3 : 50.000000, 50.000000
[16:04:20] : 측정요구4 ON
[16:04:28] : 측정요구4 OFF
[16:04:28] : end pos sig4 : -50.000000, -50.000000
[16:04:28] : 12,20190128-160429,CF18112052541,,OK,MAX,2, ,AUTO,0.10,3.00,1.95,OK,0.10,3.00,2.47,OK,0.10,3.00,1.03,OK,0.10,3.00,0.78,OK,
[16:08:36] : AUTO RUNNING OFF
[16:11:58] : MEAS ESC ON
[16:11:59] : MEAS ESC OFF
[16:11:59] : AUTO RUNNING ON
[16:15:42] : AUTO RUNNING OFF
[16:18:38] : MEAS ESC ON
[16:18:39] : MEAS ESC OFF
[16:18:39] : AUTO RUNNING ON
[16:19:01] : AUTO RUNNING OFF
[16:20:42] : MEAS ESC ON
[16:20:43] : MEAS ESC OFF
[16:20:43] : AUTO RUNNING ON
[16:21:51] : AUTO RUNNING OFF
[16:22:01] : MEAS ESC ON
[16:22:01] : MEAS ESC OFF
[16:22:01] : AUTO RUNNING ON
[16:22:54] : Cycle start ON
[16:22:56] : Cycle start OFF
[16:23:02] : REQUEST MEAS. ON
[16:23:09] : REQUEST MEAS. OFF
[16:23:09] : end pos sig1 : 50.000000, 50.000000
[16:23:09] : 측정요구 ON 2
[16:23:17] : 측정요구 2OFF
[16:23:17] : end pos sig2 : -50.000000, -50.000000
[16:23:21] : 측정요구3 ON
[16:23:28] : 측정요구3 OFF
[16:23:28] : end pos sig3 : 50.000000, 50.000000
[16:23:28] : 측정요구4 ON
[16:23:36] : 측정요구4 OFF
[16:23:36] : end pos sig4 : -50.000000, -50.000000
[16:23:37] : 12,20190128-162337,CF18112052411,,OK,MAX,2, ,AUTO,0.10,3.00,1.56,OK,0.10,3.00,2.59,OK,0.10,3.00,0.54,OK,0.10,3.00,0.66,OK,
[16:23:48] : Cycle start ON
[16:23:49] : Cycle start OFF
[16:23:54] : REQUEST MEAS. ON
[16:24:01] : REQUEST MEAS. OFF
[16:24:01] : end pos sig1 : 50.000000, 50.000000
[16:24:02] : 측정요구 ON 2
[16:24:09] : 측정요구 2OFF
[16:24:09] : end pos sig2 : -50.000000, -50.000000
[16:24:14] : 측정요구3 ON
[16:24:21] : 측정요구3 OFF
[16:24:21] : end pos sig3 : 50.000000, 50.000000
[16:24:21] : 측정요구4 ON
[16:24:29] : 측정요구4 OFF
[16:24:29] : end pos sig4 : -50.000000, -50.000000
[16:24:29] : 12,20190128-162430,CF18112053551,,OK,MAX,2, ,AUTO,0.10,3.00,1.93,OK,0.10,3.00,2.49,OK,0.10,3.00,0.93,OK,0.10,3.00,0.72,OK,
[18:31:42] : AUTO RUNNING OFF
[18:31:44] : MEAS ESC ON
[18:31:48] : MEAS ESC OFF
[18:31:48] : AUTO RUNNING ON
[19:04:23] : AUTO RUNNING OFF
[19:52:28] : Cycle start ON
[19:52:29] : Cycle start OFF
[19:52:35] : REQUEST MEAS. ON
[19:52:44] : REQUEST MEAS. OFF
[19:52:44] : end pos sig1 : 50.000000, 50.000000
[19:52:44] : 측정요구 ON 2
[19:52:54] : 측정요구 2OFF
[19:52:54] : end pos sig2 : -50.000000, -50.000000
[19:52:58] : 측정요구3 ON
[19:53:07] : 측정요구3 OFF
[19:53:07] : end pos sig3 : 50.000000, 50.000000
[19:53:07] : 측정요구4 ON
[19:53:17] : 측정요구4 OFF
[19:53:17] : end pos sig4 : -50.000000, -50.000000
[19:54:59] : Cycle start ON
[19:55:00] : Cycle start OFF
[19:55:05] : REQUEST MEAS. ON
[19:55:14] : REQUEST MEAS. OFF
[19:55:14] : end pos sig1 : 50.000000, 50.000000
[19:55:14] : 측정요구 ON 2
[19:55:23] : 측정요구 2OFF
[19:55:23] : end pos sig2 : -50.000000, -50.000000
[19:55:28] : 측정요구3 ON
[19:55:37] : 측정요구3 OFF
[19:55:37] : end pos sig3 : 50.000000, 50.000000
[19:55:37] : 측정요구4 ON
[19:55:46] : 측정요구4 OFF
[19:55:46] : end pos sig4 : -50.000000, -50.000000
[19:56:29] : Cycle start ON
[19:56:29] : Cycle start OFF
[19:56:34] : REQUEST MEAS. ON
[19:56:43] : REQUEST MEAS. OFF
[19:56:43] : end pos sig1 : 50.000000, 50.000000
[19:56:43] : 측정요구 ON 2
[19:56:53] : 측정요구 2OFF
[19:56:53] : end pos sig2 : -50.000000, -50.000000
[19:56:57] : 측정요구3 ON
[19:57:06] : 측정요구3 OFF
[19:57:06] : end pos sig3 : 50.000000, 50.000000
[19:57:06] : 측정요구4 ON
[19:57:16] : 측정요구4 OFF
[19:57:16] : end pos sig4 : -50.000000, -50.000000
[20:18:37] : Cycle start ON
[20:18:38] : Cycle start OFF
[20:18:43] : REQUEST MEAS. ON
[20:18:52] : REQUEST MEAS. OFF
[20:18:52] : end pos sig1 : 50.000000, 50.000000
[20:18:52] : 측정요구 ON 2
[20:19:02] : 측정요구 2OFF
[20:19:02] : end pos sig2 : -50.000000, -50.000000
[20:19:07] : 측정요구3 ON
[20:19:16] : 측정요구3 OFF
[20:19:16] : end pos sig3 : 50.000000, 50.000000
[20:19:16] : 측정요구4 ON
[20:19:25] : 측정요구4 OFF
[20:19:25] : end pos sig4 : -50.000000, -50.000000
[20:19:40] : Cycle start ON
[20:19:41] : Cycle start OFF
[20:19:45] : REQUEST MEAS. ON
[20:19:54] : REQUEST MEAS. OFF
[20:19:54] : end pos sig1 : 50.000000, 50.000000
[20:19:55] : 측정요구 ON 2
[20:20:04] : 측정요구 2OFF
[20:20:04] : end pos sig2 : -50.000000, -50.000000
[20:20:08] : 측정요구3 ON
[20:20:17] : 측정요구3 OFF
[20:20:17] : end pos sig3 : 50.000000, 50.000000
[20:20:17] : 측정요구4 ON
[20:20:27] : 측정요구4 OFF
[20:20:27] : end pos sig4 : -50.000000, -50.000000
[20:23:03] : Cycle start ON
[20:23:03] : Cycle start OFF
[20:23:08] : REQUEST MEAS. ON
[20:23:17] : REQUEST MEAS. OFF
[20:23:17] : end pos sig1 : 50.000000, 50.000000
[20:23:17] : 측정요구 ON 2
[20:23:26] : 측정요구 2OFF
[20:23:26] : end pos sig2 : -50.000000, -50.000000
[20:23:31] : 측정요구3 ON
[20:23:40] : 측정요구3 OFF
[20:23:40] : end pos sig3 : 50.000000, 50.000000
[20:23:40] : 측정요구4 ON
[20:23:49] : 측정요구4 OFF
[20:23:49] : end pos sig4 : -50.000000, -50.000000
[20:24:43] : Cycle start ON
[20:24:43] : Cycle start OFF
[20:24:48] : REQUEST MEAS. ON
[20:24:58] : REQUEST MEAS. OFF
[20:24:58] : end pos sig1 : 50.000000, 50.000000
[20:24:58] : 측정요구 ON 2
[20:25:07] : 측정요구 2OFF
[20:25:07] : end pos sig2 : -50.000000, -50.000000
[20:25:12] : 측정요구3 ON
[20:25:21] : 측정요구3 OFF
[20:25:21] : end pos sig3 : 50.000000, 50.000000
[20:25:21] : 측정요구4 ON
[20:25:30] : 측정요구4 OFF
[20:25:30] : end pos sig4 : -50.000000, -50.000000
[20:26:54] : Cycle start ON
[20:26:55] : Cycle start OFF
[20:27:00] : REQUEST MEAS. ON
[20:27:09] : REQUEST MEAS. OFF
[20:27:09] : end pos sig1 : 50.000000, 50.000000
[20:27:09] : 측정요구 ON 2
[20:27:19] : 측정요구 2OFF
[20:27:19] : end pos sig2 : -50.000000, -50.000000
[20:27:24] : 측정요구3 ON
[20:27:33] : 측정요구3 OFF
[20:27:33] : end pos sig3 : 50.000000, 50.000000
[20:27:33] : 측정요구4 ON
[20:27:42] : 측정요구4 OFF
[20:27:42] : end pos sig4 : -50.000000, -50.000000
[20:27:56] : Cycle start ON
[20:27:57] : Cycle start OFF
[20:28:02] : REQUEST MEAS. ON
[20:28:11] : REQUEST MEAS. OFF
[20:28:11] : end pos sig1 : 50.000000, 50.000000
[20:28:11] : 측정요구 ON 2
[20:28:21] : 측정요구 2OFF
[20:28:21] : end pos sig2 : -50.000000, -50.000000
[20:28:25] : 측정요구3 ON
[20:28:34] : 측정요구3 OFF
[20:28:34] : end pos sig3 : 50.000000, 50.000000
[20:28:34] : 측정요구4 ON
[20:28:44] : 측정요구4 OFF
[20:28:44] : end pos sig4 : -50.000000, -50.000000
[20:29:06] : Cycle start ON
[20:29:06] : Cycle start OFF
[20:29:11] : REQUEST MEAS. ON
[20:29:20] : REQUEST MEAS. OFF
[20:29:20] : end pos sig1 : 50.000000, 50.000000
[20:29:20] : 측정요구 ON 2
[20:29:30] : 측정요구 2OFF
[20:29:30] : end pos sig2 : -50.000000, -50.000000
[20:29:34] : 측정요구3 ON
[20:29:43] : 측정요구3 OFF
[20:29:43] : end pos sig3 : 50.000000, 50.000000
[20:29:43] : 측정요구4 ON
[20:29:53] : 측정요구4 OFF
[20:29:53] : end pos sig4 : -50.000000, -50.000000
[20:46:32] : MEAS ESC ON
[20:46:33] : MEAS ESC OFF
[20:46:33] : AUTO RUNNING ON
[20:47:59] : AUTO RUNNING OFF
[20:48:13] : MEAS ESC ON
[20:48:14] : MEAS ESC OFF
[20:48:14] : AUTO RUNNING ON
[20:48:48] : Cycle start ON
[20:48:49] : Cycle start OFF
[20:48:54] : REQUEST MEAS. ON
[20:49:03] : REQUEST MEAS. OFF
[20:49:03] : end pos sig1 : 50.000000, 50.000000
[20:49:03] : 측정요구 ON 2
[20:49:13] : 측정요구 2OFF
[20:49:13] : end pos sig2 : -50.000000, -50.000000
[20:49:18] : 측정요구3 ON
[20:49:27] : 측정요구3 OFF
[20:49:27] : end pos sig3 : 50.000000, 50.000000
[20:49:27] : 측정요구4 ON
[20:49:36] : 측정요구4 OFF
[20:49:36] : end pos sig4 : -50.000000, -50.000000
[20:49:36] : 12,20190128-204937,CF18112053591,,OK,MAX,2, ,AUTO,0.10,3.00,1.31,OK,0.10,3.00,1.65,OK,0.10,3.00,0.73,OK,0.10,3.00,0.81,OK,
[20:50:10] : AUTO RUNNING OFF
[20:50:53] : MEAS ESC ON
[20:51:09] : MEAS ESC OFF
[20:51:09] : AUTO RUNNING ON
[20:51:42] : Cycle start ON
[20:51:43] : Cycle start OFF
[20:51:48] : REQUEST MEAS. ON
[20:51:57] : REQUEST MEAS. OFF
[20:51:57] : end pos sig1 : 50.000000, 50.000000
[20:51:57] : 측정요구 ON 2
[20:52:07] : 측정요구 2OFF
[20:52:07] : end pos sig2 : -50.000000, -50.000000
[20:52:11] : 측정요구3 ON
[20:52:20] : 측정요구3 OFF
[20:52:20] : end pos sig3 : 50.000000, 50.000000
[20:52:20] : 측정요구4 ON
[20:52:30] : 측정요구4 OFF
[20:52:30] : end pos sig4 : -50.000000, -50.000000
[20:52:30] : 12,20190128-205230,CF18112053821,,OK,MAX,2, ,AUTO,0.10,3.00,1.30,OK,0.10,3.00,2.24,OK,0.10,3.00,0.59,OK,0.10,3.00,0.42,OK,
[20:52:49] : Cycle start ON
[20:52:50] : Cycle start OFF
[20:52:55] : REQUEST MEAS. ON
[20:53:04] : REQUEST MEAS. OFF
[20:53:04] : end pos sig1 : 50.000000, 50.000000
[20:53:04] : 측정요구 ON 2
[20:53:13] : 측정요구 2OFF
[20:53:13] : end pos sig2 : -50.000000, -50.000000
[20:53:18] : 측정요구3 ON
[20:53:27] : 측정요구3 OFF
[20:53:27] : end pos sig3 : 50.000000, 50.000000
[20:53:27] : 측정요구4 ON
[20:53:36] : 측정요구4 OFF
[20:53:36] : end pos sig4 : -50.000000, -50.000000
[20:53:36] : 12,20190128-205337,CF18112051971,,OK,MAX,2, ,AUTO,0.10,3.00,1.67,OK,0.10,3.00,2.59,OK,0.10,3.00,0.53,OK,0.10,3.00,0.88,OK,
[21:03:57] : Cycle start ON
[21:03:59] : Cycle start OFF
[21:04:04] : REQUEST MEAS. ON
[21:04:13] : REQUEST MEAS. OFF
[21:04:13] : end pos sig1 : 50.000000, 50.000000
[21:04:13] : 측정요구 ON 2
[21:04:22] : 측정요구 2OFF
[21:04:22] : end pos sig2 : -50.000000, -50.000000
[21:04:27] : 측정요구3 ON
[21:04:36] : 측정요구3 OFF
[21:04:36] : end pos sig3 : 50.000000, 50.000000
[21:04:36] : 측정요구4 ON
[21:04:45] : 측정요구4 OFF
[21:04:45] : end pos sig4 : -50.000000, -50.000000
[21:04:45] : 12,20190128-210446,CF18112052821,,OK,MAX,2, ,AUTO,0.10,3.00,1.52,OK,0.10,3.00,2.31,OK,0.10,3.00,1.06,OK,0.10,3.00,0.64,OK,
[21:09:18] : Cycle start ON
[21:09:19] : Cycle start OFF
[21:09:24] : REQUEST MEAS. ON
[21:09:33] : REQUEST MEAS. OFF
[21:09:33] : end pos sig1 : 50.000000, 50.000000
[21:09:34] : 측정요구 ON 2
[21:09:43] : 측정요구 2OFF
[21:09:43] : end pos sig2 : -50.000000, -50.000000
[21:09:48] : 측정요구3 ON
[21:09:57] : 측정요구3 OFF
[21:09:57] : end pos sig3 : 50.000000, 50.000000
[21:09:57] : 측정요구4 ON
[21:10:06] : 측정요구4 OFF
[21:10:06] : end pos sig4 : -50.000000, -50.000000
[21:10:06] : 12,20190128-211007,CF18112053181,,OK,MAX,2, ,AUTO,0.10,3.00,1.19,OK,0.10,3.00,1.93,OK,0.10,3.00,0.77,OK,0.10,3.00,0.51,OK,
[21:10:34] : Cycle start ON
[21:10:35] : Cycle start OFF
[21:10:40] : REQUEST MEAS. ON
[21:10:49] : REQUEST MEAS. OFF
[21:10:49] : end pos sig1 : 50.000000, 50.000000
[21:10:49] : 측정요구 ON 2
[21:10:59] : 측정요구 2OFF
[21:10:59] : end pos sig2 : -50.000000, -50.000000
[21:11:03] : 측정요구3 ON
[21:11:12] : 측정요구3 OFF
[21:11:12] : end pos sig3 : 50.000000, 50.000000
[21:11:12] : 측정요구4 ON
[21:11:22] : 측정요구4 OFF
[21:11:22] : end pos sig4 : -50.000000, -50.000000
[21:11:22] : 12,20190128-211122,CF18112052801,,OK,MAX,2, ,AUTO,0.10,3.00,1.93,OK,0.10,3.00,2.26,OK,0.10,3.00,0.73,OK,0.10,3.00,2.07,OK,
[21:21:38] : Cycle start ON
[21:21:39] : Cycle start OFF
[21:21:44] : REQUEST MEAS. ON
[21:21:53] : REQUEST MEAS. OFF
[21:21:53] : end pos sig1 : 50.000000, 50.000000
[21:21:53] : 측정요구 ON 2
[21:22:03] : 측정요구 2OFF
[21:22:03] : end pos sig2 : -50.000000, -50.000000
[21:22:08] : 측정요구3 ON
[21:22:17] : 측정요구3 OFF
[21:22:17] : end pos sig3 : 50.000000, 50.000000
[21:22:17] : 측정요구4 ON
[21:22:26] : 측정요구4 OFF
[21:22:26] : end pos sig4 : -50.000000, -50.000000
[21:22:26] : 12,20190128-212227,CF18112052401,,OK,MAX,2, ,AUTO,0.10,3.00,1.10,OK,0.10,3.00,1.65,OK,0.10,3.00,0.68,OK,0.10,3.00,0.70,OK,
[21:22:39] : Cycle start ON
[21:22:41] : Cycle start OFF
[21:22:46] : REQUEST MEAS. ON
[21:22:55] : REQUEST MEAS. OFF
[21:22:55] : end pos sig1 : 50.000000, 50.000000
[21:22:55] : 측정요구 ON 2
[21:23:04] : 측정요구 2OFF
[21:23:04] : end pos sig2 : -50.000000, -50.000000
[21:23:09] : 측정요구3 ON
[21:23:18] : 측정요구3 OFF
[21:23:18] : end pos sig3 : 50.000000, 50.000000
[21:23:18] : 측정요구4 ON
[21:23:27] : 측정요구4 OFF
[21:23:27] : end pos sig4 : -50.000000, -50.000000
[21:23:27] : 12,20190128-212328,CF18112051631,,OK,MAX,2, ,AUTO,0.10,3.00,1.47,OK,0.10,3.00,2.75,OK,0.10,3.00,0.90,OK,0.10,3.00,0.46,OK,
[21:23:39] : Cycle start ON
[21:23:41] : Cycle start OFF
[21:23:46] : REQUEST MEAS. ON
[21:23:55] : REQUEST MEAS. OFF
[21:23:55] : end pos sig1 : 50.000000, 50.000000
[21:23:55] : 측정요구 ON 2
[21:24:04] : 측정요구 2OFF
[21:24:04] : end pos sig2 : -49.540000, -49.560000
[21:24:09] : 측정요구3 ON
[21:24:18] : 측정요구3 OFF
[21:24:18] : end pos sig3 : 50.000000, 50.000000
[21:24:18] : 측정요구4 ON
[21:24:27] : 측정요구4 OFF
[21:24:27] : end pos sig4 : -50.000000, -50.000000
[21:24:27] : 12,20190128-212428,CF18112053061,,OK,MAX,2, ,AUTO,0.10,3.00,2.35,OK,0.10,3.00,1.47,OK,0.10,3.00,1.03,OK,0.10,3.00,0.51,OK,
[21:24:40] : Cycle start ON
[21:24:42] : Cycle start OFF
[21:24:47] : REQUEST MEAS. ON
[21:24:56] : REQUEST MEAS. OFF
[21:24:56] : end pos sig1 : 50.000000, 50.000000
[21:24:56] : 측정요구 ON 2
[21:25:05] : 측정요구 2OFF
[21:25:05] : end pos sig2 : -50.000000, -50.000000
[21:25:10] : 측정요구3 ON
[21:25:19] : 측정요구3 OFF
[21:25:19] : end pos sig3 : 50.000000, 50.000000
[21:25:19] : 측정요구4 ON
[21:25:28] : 측정요구4 OFF
[21:25:28] : end pos sig4 : -50.000000, -50.000000
[21:25:28] : 12,20190128-212529,CF18112053041,,OK,MAX,2, ,AUTO,0.10,3.00,1.56,OK,0.10,3.00,2.77,OK,0.10,3.00,0.77,OK,0.10,3.00,0.55,OK,
[21:26:02] : Cycle start ON
[21:26:04] : Cycle start OFF
[21:26:08] : REQUEST MEAS. ON
[21:26:17] : REQUEST MEAS. OFF
[21:26:17] : end pos sig1 : 50.000000, 50.000000
[21:26:17] : 측정요구 ON 2
[21:26:27] : 측정요구 2OFF
[21:26:27] : end pos sig2 : -50.000000, -50.000000
[21:26:31] : 측정요구3 ON
[21:26:40] : 측정요구3 OFF
[21:26:40] : end pos sig3 : 50.000000, 50.000000
[21:26:40] : 측정요구4 ON
[21:26:50] : 측정요구4 OFF
[21:26:50] : end pos sig4 : -50.000000, -50.000000
[21:26:50] : 12,20190128-212650,CF18112052471,,OK,MAX,2, ,AUTO,0.10,3.00,1.93,OK,0.10,3.00,2.31,OK,0.10,3.00,0.64,OK,0.10,3.00,0.77,OK,
[21:27:02] : Cycle start ON
[21:27:04] : Cycle start OFF
[21:27:09] : REQUEST MEAS. ON
[21:27:18] : REQUEST MEAS. OFF
[21:27:18] : end pos sig1 : 50.000000, 50.000000
[21:27:18] : 측정요구 ON 2
[21:27:28] : 측정요구 2OFF
[21:27:28] : end pos sig2 : -50.000000, -50.000000
[21:27:33] : 측정요구3 ON
[21:27:42] : 측정요구3 OFF
[21:27:42] : end pos sig3 : 50.000000, 50.000000
[21:27:42] : 측정요구4 ON
[21:27:51] : 측정요구4 OFF
[21:27:51] : end pos sig4 : -50.000000, -50.000000
[21:27:51] : 12,20190128-212752,CF18112053421,,OK,MAX,2, ,AUTO,0.10,3.00,1.25,OK,0.10,3.00,2.42,OK,0.10,3.00,0.59,OK,0.10,3.00,0.51,OK,
[21:28:03] : Cycle start ON
[21:28:04] : Cycle start OFF
[21:28:09] : REQUEST MEAS. ON
[21:28:18] : REQUEST MEAS. OFF
[21:28:18] : end pos sig1 : 50.000000, 50.000000
[21:28:18] : 측정요구 ON 2
[21:28:27] : 측정요구 2OFF
[21:28:27] : end pos sig2 : -50.000000, -50.000000
[21:28:32] : 측정요구3 ON
[21:28:41] : 측정요구3 OFF
[21:28:41] : end pos sig3 : 50.000000, 50.000000
[21:28:41] : 측정요구4 ON
[21:28:50] : 측정요구4 OFF
[21:28:50] : end pos sig4 : -50.000000, -50.000000
[21:28:50] : 12,20190128-212851,CF18112053471,,OK,MAX,2, ,AUTO,0.10,3.00,1.05,OK,0.10,3.00,2.46,OK,0.10,3.00,0.64,OK,0.10,3.00,0.94,OK,
[21:31:00] : Cycle start ON
[21:31:01] : Cycle start OFF
[21:31:06] : REQUEST MEAS. ON
[21:31:15] : REQUEST MEAS. OFF
[21:31:15] : end pos sig1 : 50.000000, 50.000000
[21:31:15] : 측정요구 ON 2
[21:31:25] : 측정요구 2OFF
[21:31:25] : end pos sig2 : -50.000000, -50.000000
[21:31:29] : 측정요구3 ON
[21:31:38] : 측정요구3 OFF
[21:31:38] : end pos sig3 : 50.000000, 50.000000
[21:31:38] : 측정요구4 ON
[21:31:48] : 측정요구4 OFF
[21:31:48] : end pos sig4 : -50.000000, -50.000000
[21:31:48] : 12,20190128-213148,CF18112053141,,OK,MAX,2, ,AUTO,0.10,3.00,2.77,OK,0.10,3.00,2.37,OK,0.10,3.00,0.77,OK,0.10,3.00,0.57,OK,
[21:32:03] : Cycle start ON
[21:32:05] : Cycle start OFF
[21:32:10] : REQUEST MEAS. ON
[21:32:19] : REQUEST MEAS. OFF
[21:32:19] : end pos sig1 : 50.000000, 50.000000
[21:32:19] : 측정요구 ON 2
[21:32:29] : 측정요구 2OFF
[21:32:29] : end pos sig2 : -50.000000, -50.000000
[21:32:33] : 측정요구3 ON
[21:32:42] : 측정요구3 OFF
[21:32:42] : end pos sig3 : 50.000000, 50.000000
[21:32:42] : 측정요구4 ON
[21:32:52] : 측정요구4 OFF
[21:32:52] : end pos sig4 : -50.000000, -50.000000
[21:32:52] : 12,20190128-213252,CF18112052101,,OK,MAX,2, ,AUTO,0.10,3.00,1.69,OK,0.10,3.00,2.55,OK,0.10,3.00,0.77,OK,0.10,3.00,0.37,OK,
[21:33:04] : Cycle start ON
[21:33:05] : Cycle start OFF
[21:33:10] : REQUEST MEAS. ON
[21:33:19] : REQUEST MEAS. OFF
[21:33:19] : end pos sig1 : 50.000000, 50.000000
[21:33:19] : 측정요구 ON 2
[21:33:29] : 측정요구 2OFF
[21:33:29] : end pos sig2 : -50.000000, -50.000000
[21:33:33] : 측정요구3 ON
[21:33:42] : 측정요구3 OFF
[21:33:42] : end pos sig3 : 50.000000, 50.000000
[21:33:42] : 측정요구4 ON
[21:33:52] : 측정요구4 OFF
[21:33:52] : end pos sig4 : -50.000000, -50.000000
[21:33:52] : 12,20190128-213352,CF19012810031,,OK,MAX,2, ,AUTO,0.10,3.00,1.69,OK,0.10,3.00,2.37,OK,0.10,3.00,0.55,OK,0.10,3.00,0.53,OK,
[21:34:40] : Cycle start ON
[21:34:42] : Cycle start OFF
[21:34:47] : REQUEST MEAS. ON
[21:34:56] : REQUEST MEAS. OFF
[21:34:56] : end pos sig1 : 50.000000, 50.000000
[21:34:56] : 측정요구 ON 2
[21:35:06] : 측정요구 2OFF
[21:35:06] : end pos sig2 : -50.000000, -50.000000
[21:35:10] : 측정요구3 ON
[21:35:19] : 측정요구3 OFF
[21:35:19] : end pos sig3 : 50.000000, 50.000000
[21:35:19] : 측정요구4 ON
[21:35:29] : 측정요구4 OFF
[21:35:29] : end pos sig4 : -50.000000, -50.000000
[21:35:29] : 12,20190128-213529,CF19012810051,,OK,MAX,2, ,AUTO,0.10,3.00,0.97,OK,0.10,3.00,1.60,OK,0.10,3.00,0.70,OK,0.10,3.00,0.75,OK,
[21:35:41] : Cycle start ON
[21:35:42] : Cycle start OFF
[21:35:47] : REQUEST MEAS. ON
[21:35:56] : REQUEST MEAS. OFF
[21:35:56] : end pos sig1 : 50.000000, 50.000000
[21:35:56] : 측정요구 ON 2
[21:36:05] : 측정요구 2OFF
[21:36:05] : end pos sig2 : -50.000000, -50.000000
[21:36:10] : 측정요구3 ON
[21:36:19] : 측정요구3 OFF
[21:36:19] : end pos sig3 : 50.000000, 50.000000
[21:36:19] : 측정요구4 ON
[21:36:28] : 측정요구4 OFF
[21:36:28] : end pos sig4 : -50.000000, -50.000000
[21:36:28] : 12,20190128-213629,CF19012810011,,OK,MAX,2, ,AUTO,0.10,3.00,1.87,OK,0.10,3.00,2.77,OK,0.10,3.00,0.55,OK,0.10,3.00,0.42,OK,
[21:37:00] : Cycle start ON
[21:37:01] : Cycle start OFF
[21:37:06] : REQUEST MEAS. ON
[21:37:15] : REQUEST MEAS. OFF
[21:37:15] : end pos sig1 : 50.000000, 50.000000
[21:37:15] : 측정요구 ON 2
[21:37:25] : 측정요구 2OFF
[21:37:25] : end pos sig2 : -50.000000, -50.000000
[21:37:29] : 측정요구3 ON
[21:37:38] : 측정요구3 OFF
[21:37:38] : end pos sig3 : 50.000000, 50.000000
[21:37:38] : 측정요구4 ON
[21:37:48] : 측정요구4 OFF
[21:37:48] : end pos sig4 : -50.000000, -50.000000
[21:37:48] : 12,20190128-213748,CF19012810241,,OK,MAX,2, ,AUTO,0.10,3.00,2.75,OK,0.10,3.00,2.77,OK,0.10,3.00,1.63,OK,0.10,3.00,0.70,OK,
[21:38:14] : AUTO RUNNING OFF
[21:40:20] : MEAS ESC ON
[21:40:21] : MEAS ESC OFF
[21:40:21] : AUTO RUNNING ON
[21:42:06] : AUTO RUNNING OFF
[22:05:51] : MEAS ESC ON
[22:05:51] : MEAS ESC OFF
[22:05:51] : AUTO RUNNING ON
[22:06:13] : AUTO RUNNING OFF
[22:06:25] : MEAS ESC ON
[22:06:28] : MEAS ESC OFF
[22:06:28] : AUTO RUNNING ON
[22:06:59] : Cycle start ON
[22:07:01] : Cycle start OFF
[22:07:06] : REQUEST MEAS. ON
[22:07:15] : REQUEST MEAS. OFF
[22:07:15] : end pos sig1 : 50.000000, 50.000000
[22:07:16] : 측정요구 ON 2
[22:07:25] : 측정요구 2OFF
[22:07:25] : end pos sig2 : -50.000000, -50.000000
[22:07:30] : 측정요구3 ON
[22:07:39] : 측정요구3 OFF
[22:07:39] : end pos sig3 : 50.000000, 50.000000
[22:07:39] : 측정요구4 ON
[22:07:48] : 측정요구4 OFF
[22:07:48] : end pos sig4 : -50.000000, -50.000000
[22:07:48] : 12,20190128-220749,CF18112053011,,OK,MAX,2, ,AUTO,0.10,3.00,1.27,OK,0.10,3.00,1.69,OK,0.10,3.00,0.78,OK,0.10,3.00,0.73,OK,
[22:08:57] : Cycle start ON
[22:08:58] : Cycle start OFF
[22:09:03] : REQUEST MEAS. ON
[22:09:12] : REQUEST MEAS. OFF
[22:09:12] : end pos sig1 : 50.000000, 50.000000
[22:09:12] : 측정요구 ON 2
[22:09:22] : 측정요구 2OFF
[22:09:22] : end pos sig2 : -50.000000, -50.000000
[22:09:26] : 측정요구3 ON
[22:09:35] : 측정요구3 OFF
[22:09:35] : end pos sig3 : 50.000000, 50.000000
[22:09:35] : 측정요구4 ON
[22:09:45] : 측정요구4 OFF
[22:09:45] : end pos sig4 : -50.000000, -50.000000
[22:09:45] : 12,20190128-220945,CF18112052741,,OK,MAX,2, ,AUTO,0.10,3.00,1.47,OK,0.10,3.00,1.82,OK,0.10,3.00,0.86,OK,0.10,3.00,0.64,OK,
[22:10:00] : Cycle start ON
[22:10:01] : Cycle start OFF
[22:10:06] : REQUEST MEAS. ON
[22:10:15] : REQUEST MEAS. OFF
[22:10:15] : end pos sig1 : 50.000000, 50.000000
[22:10:15] : 측정요구 ON 2
[22:10:25] : 측정요구 2OFF
[22:10:25] : end pos sig2 : -50.000000, -50.000000
[22:10:30] : 측정요구3 ON
[22:10:39] : 측정요구3 OFF
[22:10:39] : end pos sig3 : 50.000000, 50.000000
[22:10:39] : 측정요구4 ON
[22:10:48] : 측정요구4 OFF
[22:10:48] : end pos sig4 : -50.000000, -50.000000
[22:10:48] : 12,20190128-221049,CF18112052711,,OK,MAX,2, ,AUTO,0.10,3.00,2.33,OK,0.10,3.00,2.68,OK,0.10,3.00,0.68,OK,0.10,3.00,0.68,OK,
[22:11:08] : Cycle start ON
[22:11:10] : Cycle start OFF
[22:11:15] : REQUEST MEAS. ON
[22:11:24] : REQUEST MEAS. OFF
[22:11:24] : end pos sig1 : 50.000000, 50.000000
[22:11:24] : 측정요구 ON 2
[22:11:33] : 측정요구 2OFF
[22:11:33] : end pos sig2 : -50.000000, -50.000000
[22:11:38] : 측정요구3 ON
[22:11:47] : 측정요구3 OFF
[22:11:47] : end pos sig3 : 50.000000, 50.000000
[22:11:47] : 측정요구4 ON
[22:11:56] : 측정요구4 OFF
[22:11:56] : end pos sig4 : -50.000000, -50.000000
[22:11:56] : 12,20190128-221157,CF18112053921,,OK,MAX,2, ,AUTO,0.10,3.00,1.36,OK,0.10,3.00,2.40,OK,0.10,3.00,0.62,OK,0.10,3.00,0.48,OK,
[22:12:10] : Cycle start ON
[22:13:17] : Cycle start OFF
[22:13:22] : REQUEST MEAS. ON
[22:13:31] : REQUEST MEAS. OFF
[22:13:31] : end pos sig1 : 50.000000, 50.000000
[22:13:32] : 측정요구 ON 2
[22:13:41] : 측정요구 2OFF
[22:13:41] : end pos sig2 : -50.000000, -50.000000
[22:13:45] : 측정요구3 ON
[22:13:54] : 측정요구3 OFF
[22:13:54] : end pos sig3 : 50.000000, 50.000000
[22:13:54] : 측정요구4 ON
[22:14:04] : 측정요구4 OFF
[22:14:04] : end pos sig4 : -50.000000, -50.000000
[22:14:04] : 12,20190128-221404,CF18112053581,,OK,MAX,2, ,AUTO,0.10,3.00,0.99,OK,0.10,3.00,1.74,OK,0.10,3.00,0.86,OK,0.10,3.00,0.73,OK,
[22:14:37] : Cycle start ON
[22:15:27] : Cycle start OFF
[22:15:32] : REQUEST MEAS. ON
[22:15:41] : REQUEST MEAS. OFF
[22:15:41] : end pos sig1 : 50.000000, 50.000000
[22:15:41] : 측정요구 ON 2
[22:15:50] : 측정요구 2OFF
[22:15:50] : end pos sig2 : -50.000000, -50.000000
[22:15:55] : 측정요구3 ON
[22:16:04] : 측정요구3 OFF
[22:16:04] : end pos sig3 : 50.000000, 50.000000
[22:16:04] : 측정요구4 ON
[22:16:13] : 측정요구4 OFF
[22:16:13] : end pos sig4 : -50.000000, -50.000000
[22:16:13] : 12,20190128-221614,CF18112053621,,OK,MAX,2, ,AUTO,0.10,3.00,1.19,OK,0.10,3.00,1.74,OK,0.10,3.00,0.57,OK,0.10,3.00,1.12,OK,
[22:17:07] : Cycle start ON
[22:17:08] : Cycle start OFF
[22:17:13] : REQUEST MEAS. ON
[22:17:22] : REQUEST MEAS. OFF
[22:17:22] : end pos sig1 : 50.000000, 50.000000
[22:17:22] : 측정요구 ON 2
[22:17:32] : 측정요구 2OFF
[22:17:32] : end pos sig2 : -50.000000, -50.000000
[22:17:36] : 측정요구3 ON
[22:17:45] : 측정요구3 OFF
[22:17:45] : end pos sig3 : 50.000000, 50.000000
[22:17:45] : 측정요구4 ON
[22:17:54] : 측정요구4 OFF
[22:17:54] : end pos sig4 : -50.000000, -50.000000
[22:17:54] : 12,20190128-221755,,,OK,MAX,2, ,AUTO,0.10,3.00,1.74,OK,0.10,3.00,2.20,OK,0.10,3.00,0.55,OK,0.10,3.00,0.57,OK,
[22:18:06] : Cycle start ON
[22:18:07] : Cycle start OFF
[22:18:12] : REQUEST MEAS. ON
[22:18:21] : REQUEST MEAS. OFF
[22:18:21] : end pos sig1 : 50.000000, 50.000000
[22:18:21] : 측정요구 ON 2
[22:18:31] : 측정요구 2OFF
[22:18:31] : end pos sig2 : -50.000000, -50.000000
[22:18:35] : 측정요구3 ON
[22:18:44] : 측정요구3 OFF
[22:18:44] : end pos sig3 : 50.000000, 50.000000
[22:18:44] : 측정요구4 ON
[22:18:54] : 측정요구4 OFF
[22:18:54] : end pos sig4 : -50.000000, -50.000000
[22:18:54] : 12,20190128-221854,CF18112052221,,OK,MAX,2, ,AUTO,0.10,3.00,1.36,OK,0.10,3.00,2.00,OK,0.10,3.00,0.57,OK,0.10,3.00,0.86,OK,
[22:19:08] : AUTO RUNNING OFF
[22:19:12] : MEAS ESC ON
[22:19:13] : MEAS ESC OFF
[22:19:13] : AUTO RUNNING ON
[22:20:25] : AUTO RUNNING OFF
[22:20:35] : MEAS ESC ON
[22:20:43] : MEAS ESC OFF
[22:20:45] : MEAS ESC ON
[22:20:59] : MEAS ESC OFF
[22:31:15] : Cycle start ON
[22:31:16] : Cycle start OFF
[22:31:21] : REQUEST MEAS. ON
[22:31:30] : REQUEST MEAS. OFF
[22:31:30] : end pos sig1 : 50.000000, 50.000000
[22:31:30] : 측정요구 ON 2
[22:31:40] : 측정요구 2OFF
[22:31:40] : end pos sig2 : -43.360000, -43.450000
[22:31:45] : 측정요구3 ON
[22:31:54] : 측정요구3 OFF
[22:31:54] : end pos sig3 : 50.000000, 50.000000
[22:31:54] : 측정요구4 ON
[22:32:03] : 측정요구4 OFF
[22:32:03] : end pos sig4 : -50.000000, -50.000000
[22:32:44] : Cycle start ON
[22:32:44] : Cycle start OFF
[22:32:49] : REQUEST MEAS. ON
[22:32:58] : REQUEST MEAS. OFF
[22:32:58] : end pos sig1 : 50.000000, 50.000000
[22:32:58] : 측정요구 ON 2
[22:33:08] : 측정요구 2OFF
[22:33:08] : end pos sig2 : -50.000000, -50.000000
[22:33:12] : 측정요구3 ON
[22:33:21] : 측정요구3 OFF
[22:33:21] : end pos sig3 : 50.000000, 50.000000
[22:33:21] : 측정요구4 ON
[22:33:31] : 측정요구4 OFF
[22:33:31] : end pos sig4 : -50.000000, -50.000000
[22:34:43] : MEAS ESC ON
[22:34:44] : MEAS ESC OFF
[22:34:44] : AUTO RUNNING ON
[22:35:33] : Cycle start ON
[22:35:34] : Cycle start OFF
[22:35:39] : REQUEST MEAS. ON
[22:35:48] : REQUEST MEAS. OFF
[22:35:48] : end pos sig1 : 50.000000, 50.000000
[22:35:48] : 측정요구 ON 2
[22:35:58] : 측정요구 2OFF
[22:35:58] : end pos sig2 : -50.000000, -50.000000
[22:36:03] : 측정요구3 ON
[22:36:12] : 측정요구3 OFF
[22:36:12] : end pos sig3 : 50.000000, 50.000000
[22:36:12] : 측정요구4 ON
[22:36:21] : 측정요구4 OFF
[22:36:21] : end pos sig4 : -50.000000, -50.000000
[22:36:21] : 12,20190128-223622,CF18112052921,,OK,MAX,2, ,AUTO,0.10,3.00,2.93,OK,0.10,3.00,2.01,OK,0.10,3.00,0.77,OK,0.10,3.00,0.58,OK,
[22:38:33] : AUTO RUNNING OFF
[22:40:33] : MEAS ESC ON
[22:40:34] : MEAS ESC OFF
[22:40:34] : AUTO RUNNING ON
[22:41:47] : Cycle start ON
[22:41:49] : Cycle start OFF
[22:41:54] : REQUEST MEAS. ON
[22:42:03] : REQUEST MEAS. OFF
[22:42:03] : end pos sig1 : 50.000000, 50.000000
[22:42:03] : 측정요구 ON 2
[22:42:12] : 측정요구 2OFF
[22:42:12] : end pos sig2 : -50.000000, -50.000000
[22:42:17] : 측정요구3 ON
[22:42:26] : 측정요구3 OFF
[22:42:26] : end pos sig3 : 50.000000, 50.000000
[22:42:26] : 측정요구4 ON
[22:42:35] : 측정요구4 OFF
[22:42:35] : end pos sig4 : -50.000000, -50.000000
[22:42:35] : 12,20190128-224236,,,OK,MAX,2, ,AUTO,0.10,3.00,1.01,OK,0.10,3.00,2.00,OK,0.10,3.00,0.63,OK,0.10,3.00,0.73,OK,
[22:43:03] : Cycle start ON
[22:43:05] : Cycle start OFF
[22:43:10] : REQUEST MEAS. ON
[22:43:19] : REQUEST MEAS. OFF
[22:43:19] : end pos sig1 : 50.000000, 50.000000
[22:43:19] : 측정요구 ON 2
[22:43:28] : 측정요구 2OFF
[22:43:28] : end pos sig2 : -50.000000, -50.000000
[22:43:33] : 측정요구3 ON
[22:43:42] : 측정요구3 OFF
[22:43:42] : end pos sig3 : 50.000000, 50.000000
[22:43:42] : 측정요구4 ON
[22:43:51] : 측정요구4 OFF
[22:43:51] : end pos sig4 : -50.000000, -50.000000
[22:43:51] : 12,20190128-224352,,,OK,MAX,2, ,AUTO,0.10,3.00,1.56,OK,0.10,3.00,2.77,OK,0.10,3.00,0.73,OK,0.10,3.00,0.67,OK,
[22:44:03] : Cycle start ON
[22:44:04] : Cycle start OFF
[22:44:09] : REQUEST MEAS. ON
[22:44:18] : REQUEST MEAS. OFF
[22:44:18] : end pos sig1 : 50.000000, 50.000000
[22:44:18] : 측정요구 ON 2
[22:44:28] : 측정요구 2OFF
[22:44:28] : end pos sig2 : -50.000000, -50.000000
[22:44:32] : 측정요구3 ON
[22:44:41] : 측정요구3 OFF
[22:44:41] : end pos sig3 : 50.000000, 50.000000
[22:44:41] : 측정요구4 ON
[22:44:51] : 측정요구4 OFF
[22:44:51] : end pos sig4 : -50.000000, -50.000000
[22:44:51] : 12,20190128-224451,CF18112052331,,OK,MAX,2, ,AUTO,0.10,3.00,1.82,OK,0.10,3.00,2.40,OK,0.10,3.00,0.86,OK,0.10,3.00,0.55,OK,
[22:48:21] : Cycle start ON
[22:48:22] : Cycle start OFF
[22:48:28] : REQUEST MEAS. ON
[22:48:37] : REQUEST MEAS. OFF
[22:48:37] : end pos sig1 : 50.000000, 50.000000
[22:48:37] : 측정요구 ON 2
[22:48:47] : 측정요구 2OFF
[22:48:47] : end pos sig2 : -50.000000, -50.000000
[22:48:51] : 측정요구3 ON
[22:49:00] : 측정요구3 OFF
[22:49:00] : end pos sig3 : 50.000000, 50.000000
[22:49:00] : 측정요구4 ON
[22:49:10] : 측정요구4 OFF
[22:49:10] : end pos sig4 : -50.000000, -50.000000
[22:49:10] : 12,20190128-224910,CF18120272821,,OK,MAX,2, ,AUTO,0.10,3.00,0.79,OK,0.10,3.00,1.52,OK,0.10,3.00,2.55,OK,0.10,3.00,1.65,OK,
[22:50:36] : Cycle start ON
[22:50:38] : Cycle start OFF
[22:50:43] : REQUEST MEAS. ON
[22:50:52] : REQUEST MEAS. OFF
[22:50:52] : end pos sig1 : 50.000000, 50.000000
[22:50:52] : 측정요구 ON 2
[22:51:02] : 측정요구 2OFF
[22:51:02] : end pos sig2 : -50.000000, -50.000000
[22:51:06] : 측정요구3 ON
[22:51:15] : 측정요구3 OFF
[22:51:15] : end pos sig3 : 50.000000, 50.000000
[22:51:15] : 측정요구4 ON
[22:51:25] : 측정요구4 OFF
[22:51:25] : end pos sig4 : -50.000000, -50.000000
[22:51:25] : 12,20190128-225125,,,OK,MAX,2, ,AUTO,0.10,3.00,1.32,OK,0.10,3.00,2.29,OK,0.10,3.00,0.53,OK,0.10,3.00,0.51,OK,
[22:52:19] : Cycle start ON
[22:52:20] : Cycle start OFF
[22:52:25] : REQUEST MEAS. ON
[22:52:34] : REQUEST MEAS. OFF
[22:52:34] : end pos sig1 : 50.000000, 50.000000
[22:52:34] : 측정요구 ON 2
[22:52:43] : 측정요구 2OFF
[22:52:43] : end pos sig2 : -50.000000, -50.000000
[22:52:48] : 측정요구3 ON
[22:52:57] : 측정요구3 OFF
[22:52:57] : end pos sig3 : 50.000000, 50.000000
[22:52:57] : 측정요구4 ON
[22:53:07] : 측정요구4 OFF
[22:53:07] : end pos sig4 : -50.000000, -50.000000
[22:53:07] : 12,20190128-225307,,,OK,MAX,2, ,AUTO,0.10,3.00,1.93,OK,0.10,3.00,2.56,OK,0.10,3.00,0.73,OK,0.10,3.00,0.81,OK,
[22:53:19] : Cycle start ON
[22:53:21] : Cycle start OFF
[22:53:26] : REQUEST MEAS. ON
[22:53:35] : REQUEST MEAS. OFF
[22:53:35] : end pos sig1 : 50.000000, 50.000000
[22:53:35] : 측정요구 ON 2
[22:53:44] : 측정요구 2OFF
[22:53:44] : end pos sig2 : -50.000000, -50.000000
[22:53:49] : 측정요구3 ON
[22:53:58] : 측정요구3 OFF
[22:53:58] : end pos sig3 : 50.000000, 50.000000
[22:53:58] : 측정요구4 ON
[22:54:07] : 측정요구4 OFF
[22:54:07] : end pos sig4 : -50.000000, -50.000000
[22:54:07] : 12,20190128-225408,,,OK,MAX,2, ,AUTO,0.10,3.00,2.15,OK,0.10,3.00,2.39,OK,0.10,3.00,0.62,OK,0.10,3.00,0.67,OK,
[22:54:20] : Cycle start ON
[22:54:22] : Cycle start OFF
[22:54:27] : REQUEST MEAS. ON
[22:54:36] : REQUEST MEAS. OFF
[22:54:36] : end pos sig1 : 50.000000, 50.000000
[22:54:36] : 측정요구 ON 2
[22:54:46] : 측정요구 2OFF
[22:54:46] : end pos sig2 : -50.000000, -50.000000
[22:54:50] : 측정요구3 ON
[22:54:59] : 측정요구3 OFF
[22:54:59] : end pos sig3 : 50.000000, 50.000000
[22:54:59] : 측정요구4 ON
[22:55:09] : 측정요구4 OFF
[22:55:09] : end pos sig4 : -50.000000, -50.000000
[22:55:09] : 12,20190128-225509,,,OK,MAX,2, ,AUTO,0.10,3.00,2.20,OK,0.10,3.00,2.26,OK,0.10,3.00,2.77,OK,0.10,3.00,2.68,OK,
[22:55:22] : Cycle start ON
[22:55:23] : Cycle start OFF
[22:55:28] : REQUEST MEAS. ON
[22:55:37] : REQUEST MEAS. OFF
[22:55:37] : end pos sig1 : 50.000000, 50.000000
[22:55:37] : 측정요구 ON 2
[22:55:46] : 측정요구 2OFF
[22:55:46] : end pos sig2 : -50.000000, -50.000000
[22:55:51] : 측정요구3 ON
[22:56:00] : 측정요구3 OFF
[22:56:00] : end pos sig3 : 50.000000, 50.000000
[22:56:00] : 측정요구4 ON
[22:56:09] : 측정요구4 OFF
[22:56:09] : end pos sig4 : -50.000000, -50.000000
[22:56:09] : 12,20190128-225610,,,OK,MAX,2, ,AUTO,0.10,3.00,1.37,OK,0.10,3.00,2.24,OK,0.10,3.00,0.67,OK,0.10,3.00,0.64,OK,
[22:59:13] : Cycle start ON
[22:59:15] : Cycle start OFF
[22:59:20] : REQUEST MEAS. ON
[22:59:29] : REQUEST MEAS. OFF
[22:59:29] : end pos sig1 : 50.000000, 50.000000
[22:59:29] : 측정요구 ON 2
[22:59:39] : 측정요구 2OFF
[22:59:39] : end pos sig2 : -50.000000, -50.000000
[22:59:43] : 측정요구3 ON
[22:59:52] : 측정요구3 OFF
[22:59:52] : end pos sig3 : 50.000000, 50.000000
[22:59:52] : 측정요구4 ON
[23:00:02] : 측정요구4 OFF
[23:00:02] : end pos sig4 : -50.000000, -50.000000
[23:00:02] : 12,20190128-230002,,,OK,MAX,2, ,AUTO,0.10,3.00,1.69,OK,0.10,3.00,2.25,OK,0.10,3.00,0.86,OK,0.10,3.00,0.66,OK,
[23:00:14] : Cycle start ON
[23:00:16] : Cycle start OFF
[23:00:21] : REQUEST MEAS. ON
[23:00:30] : REQUEST MEAS. OFF
[23:00:30] : end pos sig1 : 50.000000, 50.000000
[23:00:30] : 측정요구 ON 2
[23:00:40] : 측정요구 2OFF
[23:00:40] : end pos sig2 : -50.000000, -50.000000
[23:00:45] : 측정요구3 ON
[23:00:54] : 측정요구3 OFF
[23:00:54] : end pos sig3 : 50.000000, 50.000000
[23:00:54] : 측정요구4 ON
[23:01:03] : 측정요구4 OFF
[23:01:03] : end pos sig4 : -50.000000, -50.000000
[23:01:03] : 12,20190128-230104,,,OK,MAX,2, ,AUTO,0.10,3.00,1.91,OK,0.10,3.00,1.10,OK,0.10,3.00,1.21,OK,0.10,3.00,0.51,OK,
[23:01:10] : AUTO RUNNING OFF
[23:01:26] : MEAS ESC ON
[23:01:28] : MEAS ESC OFF
[23:01:28] : AUTO RUNNING ON
[23:02:20] : AUTO RUNNING OFF
[23:02:28] : MEAS ESC ON
[23:02:28] : MEAS ESC OFF
[23:02:28] : AUTO RUNNING ON
[23:02:38] : Cycle start ON
[23:02:40] : Cycle start OFF
[23:02:45] : REQUEST MEAS. ON
[23:02:54] : REQUEST MEAS. OFF
[23:02:54] : end pos sig1 : 50.000000, 50.000000
[23:02:54] : 측정요구 ON 2
[23:03:03] : 측정요구 2OFF
[23:03:03] : end pos sig2 : -50.000000, -50.000000
[23:03:07] : 측정요구3 ON
[23:03:16] : 측정요구3 OFF
[23:03:16] : end pos sig3 : 50.000000, 50.000000
[23:03:16] : 측정요구4 ON
[23:03:26] : 측정요구4 OFF
[23:03:26] : end pos sig4 : -50.000000, -50.000000
[23:03:26] : 12,20190128-230327,,,OK,MAX,2, ,AUTO,0.10,3.00,1.34,OK,0.10,3.00,2.02,OK,0.10,3.00,0.57,OK,0.10,3.00,0.46,OK,
[23:03:32] : AUTO RUNNING OFF
[23:03:52] : MEAS ESC ON
[23:03:53] : MEAS ESC OFF
[23:03:53] : AUTO RUNNING ON
[23:05:03] : AUTO RUNNING OFF
[23:05:17] : MEAS ESC ON
[23:05:17] : MEAS ESC OFF
[23:05:17] : AUTO RUNNING ON
[23:06:14] : Cycle start ON
[23:06:15] : Cycle start OFF
[23:06:21] : REQUEST MEAS. ON
[23:06:30] : REQUEST MEAS. OFF
[23:06:30] : end pos sig1 : 50.000000, 50.000000
[23:06:30] : 측정요구 ON 2
[23:06:39] : 측정요구 2OFF
[23:06:39] : end pos sig2 : -50.000000, -50.000000
[23:06:44] : 측정요구3 ON
[23:06:53] : 측정요구3 OFF
[23:06:53] : end pos sig3 : 50.000000, 50.000000
[23:06:53] : 측정요구4 ON
[23:07:02] : 측정요구4 OFF
[23:07:02] : end pos sig4 : -50.000000, -50.000000
[23:07:02] : 12,20190128-230703,,,OK,MAX,2, ,AUTO,0.10,3.00,2.15,OK,0.10,3.00,2.31,OK,0.10,3.00,0.99,OK,0.10,3.00,0.94,OK,
[23:07:31] : Cycle start ON
[23:07:33] : Cycle start OFF
[23:07:38] : REQUEST MEAS. ON
[23:07:47] : REQUEST MEAS. OFF
[23:07:47] : end pos sig1 : 50.000000, 50.000000
[23:07:47] : 측정요구 ON 2
[23:07:56] : 측정요구 2OFF
[23:07:56] : end pos sig2 : -50.000000, -50.000000
[23:08:01] : 측정요구3 ON
[23:08:10] : 측정요구3 OFF
[23:08:10] : end pos sig3 : 50.000000, 50.000000
[23:08:10] : 측정요구4 ON
[23:08:19] : 측정요구4 OFF
[23:08:19] : end pos sig4 : -50.000000, -50.000000
[23:08:19] : 12,20190128-230820,,,OK,MAX,2, ,AUTO,0.10,3.00,1.69,OK,0.10,3.00,2.29,OK,0.10,3.00,1.21,OK,0.10,3.00,0.81,OK,
[23:11:10] : Cycle start ON
[23:11:12] : Cycle start OFF
[23:11:49] : Cycle start ON
[23:11:51] : Cycle start OFF
[23:15:01] : AUTO RUNNING OFF
[23:15:18] : MEAS ESC ON
[23:15:18] : MEAS ESC OFF
[23:15:18] : AUTO RUNNING ON
[23:15:33] : AUTO RUNNING OFF
[23:15:51] : MEAS ESC ON
[23:15:52] : MEAS ESC OFF
[23:15:52] : AUTO RUNNING ON
[23:16:00] : Cycle start ON
[23:16:02] : Cycle start OFF
[23:16:14] : AUTO RUNNING OFF
[23:16:20] : MEAS ESC ON
[23:16:20] : MEAS ESC OFF
[23:16:20] : AUTO RUNNING ON
[23:17:32] : AUTO RUNNING OFF
[23:18:10] : MEAS ESC ON
[23:18:10] : MEAS ESC OFF
[23:18:10] : AUTO RUNNING ON
[23:25:34] : Cycle start ON
[23:25:35] : Cycle start OFF
[23:27:38] : AUTO RUNNING OFF
[23:27:44] : MEAS ESC ON
[23:27:45] : MEAS ESC OFF
[23:27:45] : AUTO RUNNING ON
[23:27:57] : Cycle start ON
[23:27:59] : Cycle start OFF
[23:28:48] : AUTO RUNNING OFF
[23:28:49] : MEAS ESC ON
[23:28:50] : MEAS ESC OFF
[23:28:50] : AUTO RUNNING ON
[23:30:07] : AUTO RUNNING OFF
[23:31:04] : MEAS ESC ON
[23:31:05] : MEAS ESC OFF
[23:31:05] : AUTO RUNNING ON
[23:42:05] : AUTO RUNNING OFF
 
