[09:31:13] : Plc Error Timer
 
[13:11:11] : MEAS ESC ON
[13:21:43] : MEAS ESC OFF
[13:21:43] : AUTO RUNNING ON
[13:22:37] : Cycle start ON
[13:22:50] : Cycle start OFF
[13:22:57] : REQUEST MEAS. ON
[13:23:05] : REQUEST MEAS. OFF
[13:23:05] : end pos sig1 : 50.000000, 50.000000
[13:23:05] : 측정요구 ON 2
[13:23:12] : 측정요구 2OFF
[13:23:12] : end pos sig2 : -50.000000, -50.000000
[13:23:17] : 측정요구3 ON
[13:23:24] : 측정요구3 OFF
[13:23:24] : end pos sig3 : 50.000000, 50.000000
[13:23:24] : 측정요구4 ON
[13:23:32] : 측정요구4 OFF
[13:23:32] : end pos sig4 : -50.000000, -50.000000
[13:23:32] : 12,20190129-132333,CF18112053591,,OK,MAX,2, ,AUTO,0.10,3.00,1.87,OK,0.10,3.00,2.18,OK,0.10,3.00,0.75,OK,0.10,3.00,0.79,OK,
[13:23:44] : Cycle start ON
[13:23:52] : Cycle start OFF
[13:23:57] : REQUEST MEAS. ON
[13:24:04] : REQUEST MEAS. OFF
[13:24:04] : end pos sig1 : 50.000000, 50.000000
[13:24:04] : 측정요구 ON 2
[13:24:12] : 측정요구 2OFF
[13:24:12] : end pos sig2 : -50.000000, -50.000000
[13:24:17] : 측정요구3 ON
[13:24:24] : 측정요구3 OFF
[13:24:24] : end pos sig3 : 50.000000, 50.000000
[13:24:24] : 측정요구4 ON
[13:24:31] : 측정요구4 OFF
[13:24:31] : end pos sig4 : -50.000000, -50.000000
[13:24:31] : 12,20190129-132432,CF18112053411,,OK,MAX,2, ,AUTO,0.10,3.00,2.78,OK,0.10,3.00,1.54,OK,0.10,3.00,0.88,OK,0.10,3.00,0.88,OK,
[13:26:25] : AUTO RUNNING OFF
[13:28:40] : MEAS ESC ON
[13:28:41] : MEAS ESC OFF
[13:28:41] : AUTO RUNNING ON
[13:28:48] : MEAS ESC ON
[13:28:48] : AUTO RUNNING OFF
[13:29:20] : MEAS ESC OFF
[13:32:34] : MEAS ESC ON
[13:32:36] : MEAS ESC OFF
[13:32:36] : AUTO RUNNING ON
[13:32:48] : Cycle start ON
[13:34:03] : AUTO RUNNING OFF
[13:34:03] : Cycle start OFF
[13:34:13] : MEAS ESC ON
[13:34:15] : MEAS ESC OFF
[13:34:15] : AUTO RUNNING ON
[13:34:15] : Cycle start ON
[13:34:16] : Cycle start OFF
[13:34:21] : REQUEST MEAS. ON
[13:34:29] : REQUEST MEAS. OFF
[13:34:29] : end pos sig1 : 50.000000, 50.000000
[13:34:29] : 측정요구 ON 2
[13:34:37] : 측정요구 2OFF
[13:34:37] : end pos sig2 : -50.000000, -50.000000
[13:34:42] : 측정요구3 ON
[13:34:49] : 측정요구3 OFF
[13:34:49] : end pos sig3 : 50.000000, 50.000000
[13:34:49] : 측정요구4 ON
[13:34:56] : 측정요구4 OFF
[13:34:56] : end pos sig4 : -50.000000, -50.000000
[13:34:56] : 12,20190129-133457,CF18112052931,,OK,MAX,2, ,AUTO,0.10,3.00,0.64,OK,0.10,3.00,0.86,OK,0.10,3.00,0.64,OK,0.10,3.00,1.36,OK,
[13:35:13] : Cycle start ON
[13:35:15] : Cycle start OFF
[13:35:20] : REQUEST MEAS. ON
[13:35:27] : REQUEST MEAS. OFF
[13:35:27] : end pos sig1 : 50.000000, 50.000000
[13:35:27] : 측정요구 ON 2
[13:35:35] : 측정요구 2OFF
[13:35:35] : end pos sig2 : -50.000000, -50.000000
[13:35:40] : 측정요구3 ON
[13:35:47] : 측정요구3 OFF
[13:35:47] : end pos sig3 : 50.000000, 50.000000
[13:35:47] : 측정요구4 ON
[13:35:55] : 측정요구4 OFF
[13:35:55] : end pos sig4 : -50.000000, -50.000000
[13:35:55] : 12,20190129-133556,CF18112053451,,OK,MAX,2, ,AUTO,0.10,3.00,1.87,OK,0.10,3.00,2.46,OK,0.10,3.00,0.66,OK,0.10,3.00,0.53,OK,
[13:36:07] : Cycle start ON
[13:36:08] : Cycle start OFF
[13:36:13] : REQUEST MEAS. ON
[13:36:21] : REQUEST MEAS. OFF
[13:36:21] : end pos sig1 : 50.000000, 50.000000
[13:36:21] : 측정요구 ON 2
[13:36:28] : 측정요구 2OFF
[13:36:28] : end pos sig2 : -50.000000, -50.000000
[13:36:33] : 측정요구3 ON
[13:36:40] : 측정요구3 OFF
[13:36:40] : end pos sig3 : 50.000000, 50.000000
[13:36:40] : 측정요구4 ON
[13:36:48] : 측정요구4 OFF
[13:36:48] : end pos sig4 : -50.000000, -50.000000
[13:36:48] : 12,20190129-133649,CF18112052041,,OK,MAX,2, ,AUTO,0.10,3.00,1.74,OK,0.10,3.00,1.10,OK,0.10,3.00,1.11,OK,0.10,3.00,0.64,OK,
[13:38:50] : Cycle start ON
[13:38:51] : Cycle start OFF
[13:38:56] : REQUEST MEAS. ON
[13:39:03] : REQUEST MEAS. OFF
[13:39:03] : end pos sig1 : 50.000000, 50.000000
[13:39:03] : 측정요구 ON 2
[13:39:11] : 측정요구 2OFF
[13:39:11] : end pos sig2 : -50.000000, -50.000000
[13:39:16] : 측정요구3 ON
[13:39:23] : 측정요구3 OFF
[13:39:23] : end pos sig3 : 50.000000, 50.000000
[13:39:23] : 측정요구4 ON
[13:39:31] : 측정요구4 OFF
[13:39:31] : end pos sig4 : -50.000000, -50.000000
[13:39:31] : 12,20190129-133932,CF18112053471,,OK,MAX,2, ,AUTO,0.10,3.00,1.69,OK,0.10,3.00,2.33,OK,0.10,3.00,0.62,OK,0.10,3.00,0.88,OK,
[13:39:44] : Cycle start ON
[13:39:46] : Cycle start OFF
[13:39:50] : REQUEST MEAS. ON
[13:39:58] : REQUEST MEAS. OFF
[13:39:58] : end pos sig1 : 50.000000, 50.000000
[13:39:58] : 측정요구 ON 2
[13:40:05] : 측정요구 2OFF
[13:40:05] : end pos sig2 : -50.000000, -50.000000
[13:40:10] : 측정요구3 ON
[13:40:17] : 측정요구3 OFF
[13:40:17] : end pos sig3 : 50.000000, 50.000000
[13:40:17] : 측정요구4 ON
[13:40:25] : 측정요구4 OFF
[13:40:25] : end pos sig4 : -50.000000, -50.000000
[13:40:25] : 12,20190129-134026,CF18112053181,,OK,MAX,2, ,AUTO,0.10,3.00,1.58,OK,0.10,3.00,2.72,OK,0.10,3.00,0.79,OK,0.10,3.00,0.48,OK,
[13:40:39] : Cycle start ON
[13:40:40] : Cycle start OFF
[13:40:45] : REQUEST MEAS. ON
[13:40:52] : REQUEST MEAS. OFF
[13:40:52] : end pos sig1 : 50.000000, 50.000000
[13:40:52] : 측정요구 ON 2
[13:40:59] : 측정요구 2OFF
[13:40:59] : end pos sig2 : -50.000000, -50.000000
[13:41:04] : 측정요구3 ON
[13:41:11] : 측정요구3 OFF
[13:41:11] : end pos sig3 : 50.000000, 50.000000
[13:41:11] : 측정요구4 ON
[13:41:19] : 측정요구4 OFF
[13:41:19] : end pos sig4 : -50.000000, -50.000000
[13:41:20] : 12,20190129-134120,CF18112053831,,OK,MAX,2, ,AUTO,0.10,3.00,1.32,OK,0.10,3.00,2.77,OK,0.10,3.00,0.83,OK,0.10,3.00,0.64,OK,
[13:41:38] : Cycle start ON
[13:41:39] : Cycle start OFF
[13:41:44] : REQUEST MEAS. ON
[13:41:52] : REQUEST MEAS. OFF
[13:41:52] : end pos sig1 : 50.000000, 50.000000
[13:41:52] : 측정요구 ON 2
[13:42:01] : 측정요구 2OFF
[13:42:01] : end pos sig2 : -50.000000, -50.000000
[13:42:05] : 측정요구3 ON
[13:42:12] : 측정요구3 OFF
[13:42:12] : end pos sig3 : 50.000000, 50.000000
[13:42:12] : 측정요구4 ON
[13:42:19] : 측정요구4 OFF
[13:42:19] : end pos sig4 : -50.000000, -50.000000
[13:42:19] : 12,20190129-134220,CF18112052101,,OK,MAX,2, ,AUTO,0.10,3.00,1.96,OK,0.10,3.00,2.77,OK,0.10,3.00,0.79,OK,0.10,3.00,0.37,OK,
[13:42:33] : Cycle start ON
[13:42:34] : Cycle start OFF
[13:42:39] : REQUEST MEAS. ON
[13:42:47] : REQUEST MEAS. OFF
[13:42:47] : end pos sig1 : 50.000000, 50.000000
[13:42:47] : 측정요구 ON 2
[13:42:54] : 측정요구 2OFF
[13:42:54] : end pos sig2 : -50.000000, -50.000000
[13:42:59] : 측정요구3 ON
[13:43:06] : 측정요구3 OFF
[13:43:06] : end pos sig3 : 50.000000, 50.000000
[13:43:06] : 측정요구4 ON
[13:43:14] : 측정요구4 OFF
[13:43:14] : end pos sig4 : -43.540000, -43.540000
[13:43:14] : 12,20190129-134314,CF18112052531,,OK,MAX,2, ,AUTO,0.10,3.00,1.98,OK,0.10,3.00,2.40,OK,0.10,3.00,0.55,OK,0.10,3.00,1.49,OK,
[13:44:46] : Cycle start ON
[13:44:47] : Cycle start OFF
[13:44:52] : REQUEST MEAS. ON
[13:45:00] : REQUEST MEAS. OFF
[13:45:00] : end pos sig1 : 50.000000, 50.000000
[13:45:00] : 측정요구 ON 2
[13:45:07] : 측정요구 2OFF
[13:45:07] : end pos sig2 : -50.000000, -50.000000
[13:45:12] : 측정요구3 ON
[13:45:19] : 측정요구3 OFF
[13:45:19] : end pos sig3 : 50.000000, 50.000000
[13:45:19] : 측정요구4 ON
[13:45:26] : 측정요구4 OFF
[13:45:26] : end pos sig4 : -50.000000, -50.000000
[13:45:26] : 12,20190129-134527,CF18112052801,,OK,MAX,2, ,AUTO,0.10,3.00,2.02,OK,0.10,3.00,2.02,OK,0.10,3.00,0.73,OK,0.10,3.00,2.04,OK,
[13:45:48] : Cycle start ON
[13:45:50] : Cycle start OFF
[13:45:55] : REQUEST MEAS. ON
[13:46:02] : REQUEST MEAS. OFF
[13:46:02] : end pos sig1 : 50.000000, 50.000000
[13:46:02] : 측정요구 ON 2
[13:46:10] : 측정요구 2OFF
[13:46:10] : end pos sig2 : -50.000000, -50.000000
[13:46:15] : 측정요구3 ON
[13:46:22] : 측정요구3 OFF
[13:46:22] : end pos sig3 : 50.000000, 50.000000
[13:46:22] : 측정요구4 ON
[13:46:30] : 측정요구4 OFF
[13:46:30] : end pos sig4 : -50.000000, -50.000000
[13:46:31] : 12,20190129-134631,CF18112053041,,OK,MAX,2, ,AUTO,0.10,3.00,1.52,OK,0.10,3.00,2.33,OK,0.10,3.00,0.79,OK,0.10,3.00,0.55,OK,
[13:46:42] : Cycle start ON
[13:46:43] : Cycle start OFF
[13:46:48] : REQUEST MEAS. ON
[13:46:56] : REQUEST MEAS. OFF
[13:46:56] : end pos sig1 : 50.000000, 50.000000
[13:46:56] : 측정요구 ON 2
[13:47:03] : 측정요구 2OFF
[13:47:03] : end pos sig2 : -49.190000, -50.000000
[13:47:08] : 측정요구3 ON
[13:47:15] : 측정요구3 OFF
[13:47:15] : end pos sig3 : 50.000000, 50.000000
[13:47:15] : 측정요구4 ON
[13:47:24] : 측정요구4 OFF
[13:47:24] : end pos sig4 : -50.000000, -50.000000
[13:47:24] : 12,20190129-134724,CF18112053981,,OK,MAX,2, ,AUTO,0.10,3.00,1.91,OK,0.10,3.00,2.01,OK,0.10,3.00,1.36,OK,0.10,3.00,0.68,OK,
[13:47:41] : Cycle start ON
[13:47:43] : Cycle start OFF
[13:47:48] : REQUEST MEAS. ON
[13:47:55] : REQUEST MEAS. OFF
[13:47:55] : end pos sig1 : 50.000000, 50.000000
[13:47:55] : 측정요구 ON 2
[13:48:03] : 측정요구 2OFF
[13:48:03] : end pos sig2 : -50.000000, -50.000000
[13:48:08] : 측정요구3 ON
[13:48:15] : 측정요구3 OFF
[13:48:15] : end pos sig3 : 50.000000, 50.000000
[13:48:15] : 측정요구4 ON
[13:48:22] : 측정요구4 OFF
[13:48:22] : end pos sig4 : -49.920000, -50.000000
[13:48:22] : 12,20190129-134823,CF18112053271,,OK,MAX,2, ,AUTO,0.10,3.00,1.87,OK,0.10,3.00,2.46,OK,0.10,3.00,0.68,OK,0.10,3.00,0.99,OK,
[13:48:35] : Cycle start ON
[13:48:36] : Cycle start OFF
[13:48:41] : REQUEST MEAS. ON
[13:48:49] : REQUEST MEAS. OFF
[13:48:49] : end pos sig1 : 50.000000, 50.000000
[13:48:49] : 측정요구 ON 2
[13:48:56] : 측정요구 2OFF
[13:48:56] : end pos sig2 : -50.000000, -50.000000
[13:49:01] : 측정요구3 ON
[13:49:08] : 측정요구3 OFF
[13:49:08] : end pos sig3 : 50.000000, 50.000000
[13:49:08] : 측정요구4 ON
[13:49:16] : 측정요구4 OFF
[13:49:16] : end pos sig4 : -50.000000, -50.000000
[13:49:16] : 12,20190129-134916,CF18112053581,,OK,MAX,2, ,AUTO,0.10,3.00,1.49,OK,0.10,3.00,2.64,OK,0.10,3.00,0.82,OK,0.10,3.00,0.68,OK,
[13:49:27] : Cycle start ON
[13:49:28] : Cycle start OFF
[13:49:33] : REQUEST MEAS. ON
[13:49:41] : REQUEST MEAS. OFF
[13:49:41] : end pos sig1 : 50.000000, 50.000000
[13:49:41] : 측정요구 ON 2
[13:49:49] : 측정요구 2OFF
[13:49:49] : end pos sig2 : -50.000000, -50.000000
[13:49:54] : 측정요구3 ON
[13:50:01] : 측정요구3 OFF
[13:50:01] : end pos sig3 : 50.000000, 50.000000
[13:50:01] : 측정요구4 ON
[13:50:08] : 측정요구4 OFF
[13:50:08] : end pos sig4 : -50.000000, -50.000000
[13:50:08] : 12,20190129-135009,CF18112053921,,OK,MAX,2, ,AUTO,0.10,3.00,2.09,OK,0.10,3.00,2.29,OK,0.10,3.00,0.64,OK,0.10,3.00,0.35,OK,
[13:50:20] : Cycle start ON
[13:50:22] : Cycle start OFF
[13:50:26] : REQUEST MEAS. ON
[13:50:34] : REQUEST MEAS. OFF
[13:50:34] : end pos sig1 : 50.000000, 50.000000
[13:50:34] : 측정요구 ON 2
[13:50:42] : 측정요구 2OFF
[13:50:42] : end pos sig2 : -50.000000, -50.000000
[13:50:47] : 측정요구3 ON
[13:50:54] : 측정요구3 OFF
[13:50:54] : end pos sig3 : 50.000000, 50.000000
[13:50:54] : 측정요구4 ON
[13:51:02] : 측정요구4 OFF
[13:51:02] : end pos sig4 : -50.000000, -50.000000
[13:51:03] : 12,20190129-135103,CF18112053211,,OK,MAX,2, ,AUTO,0.10,3.00,1.50,OK,0.10,3.00,2.00,OK,0.10,3.00,0.59,OK,0.10,3.00,0.64,OK,
[13:51:16] : Cycle start ON
[13:51:17] : Cycle start OFF
[13:51:22] : REQUEST MEAS. ON
[13:51:30] : REQUEST MEAS. OFF
[13:51:30] : end pos sig1 : 50.000000, 50.000000
[13:51:30] : 측정요구 ON 2
[13:51:37] : 측정요구 2OFF
[13:51:37] : end pos sig2 : -50.000000, -50.000000
[13:51:42] : 측정요구3 ON
[13:51:49] : 측정요구3 OFF
[13:51:49] : end pos sig3 : 50.000000, 50.000000
[13:51:49] : 측정요구4 ON
[13:51:57] : 측정요구4 OFF
[13:51:57] : end pos sig4 : -50.000000, -50.000000
[13:51:58] : 12,20190129-135158,CF18112052921,,OK,MAX,2, ,AUTO,0.10,3.00,2.77,OK,0.10,3.00,1.58,OK,0.10,3.00,0.77,OK,0.10,3.00,0.59,OK,
[13:52:37] : Cycle start ON
[13:52:38] : Cycle start OFF
[13:52:43] : REQUEST MEAS. ON
[13:52:51] : REQUEST MEAS. OFF
[13:52:51] : end pos sig1 : 50.000000, 50.000000
[13:52:51] : 측정요구 ON 2
[13:52:58] : 측정요구 2OFF
[13:52:58] : end pos sig2 : -50.000000, -50.000000
[13:53:03] : 측정요구3 ON
[13:53:10] : 측정요구3 OFF
[13:53:10] : end pos sig3 : 50.000000, 50.000000
[13:53:10] : 측정요구4 ON
[13:53:18] : 측정요구4 OFF
[13:53:18] : end pos sig4 : -49.920000, -50.000000
[13:53:19] : 12,20190129-135319,CF18112051251,,OK,MAX,2, ,AUTO,0.10,3.00,2.77,OK,0.10,3.00,2.40,OK,0.10,3.00,0.75,OK,0.10,3.00,0.34,OK,
[13:53:39] : Cycle start ON
[13:53:40] : Cycle start OFF
[13:53:45] : REQUEST MEAS. ON
[13:53:53] : REQUEST MEAS. OFF
[13:53:53] : end pos sig1 : 50.000000, 50.000000
[13:53:53] : 측정요구 ON 2
[13:54:01] : 측정요구 2OFF
[13:54:01] : end pos sig2 : -49.390000, -50.000000
[13:54:05] : 측정요구3 ON
[13:54:12] : 측정요구3 OFF
[13:54:12] : end pos sig3 : 50.000000, 50.000000
[13:54:12] : 측정요구4 ON
[13:54:20] : 측정요구4 OFF
[13:54:20] : end pos sig4 : -50.000000, -50.000000
[13:54:20] : 12,20190129-135421,CF18112052651,,OK,MAX,2, ,AUTO,0.10,3.00,1.05,OK,0.10,3.00,1.56,OK,0.10,3.00,0.86,OK,0.10,3.00,1.87,OK,
[13:54:32] : Cycle start ON
[13:54:33] : Cycle start OFF
[13:54:38] : REQUEST MEAS. ON
[13:54:46] : REQUEST MEAS. OFF
[13:54:46] : end pos sig1 : 50.000000, 50.000000
[13:54:46] : 측정요구 ON 2
[13:54:55] : 측정요구 2OFF
[13:54:55] : end pos sig2 : -47.040000, -50.000000
[13:54:59] : 측정요구3 ON
[13:55:06] : 측정요구3 OFF
[13:55:06] : end pos sig3 : 50.000000, 50.000000
[13:55:06] : 측정요구4 ON
[13:55:13] : 측정요구4 OFF
[13:55:13] : end pos sig4 : -48.140000, -50.000000
[13:55:13] : 12,20190129-135514,CF18112053901,,OK,MAX,2, ,AUTO,0.10,3.00,2.37,OK,0.10,3.00,2.20,OK,0.10,3.00,0.75,OK,0.10,3.00,0.90,OK,
[13:55:26] : Cycle start ON
[13:55:27] : Cycle start OFF
[13:55:32] : REQUEST MEAS. ON
[13:55:40] : REQUEST MEAS. OFF
[13:55:40] : end pos sig1 : 50.000000, 50.000000
[13:55:40] : 측정요구 ON 2
[13:55:48] : 측정요구 2OFF
[13:55:48] : end pos sig2 : -49.990000, -50.000000
[13:55:53] : 측정요구3 ON
[13:56:00] : 측정요구3 OFF
[13:56:00] : end pos sig3 : 50.000000, 50.000000
[13:56:00] : 측정요구4 ON
[13:56:07] : 측정요구4 OFF
[13:56:07] : end pos sig4 : -50.000000, -50.000000
[13:56:07] : 12,20190129-135608,CF18112052271,,OK,MAX,2, ,AUTO,0.10,3.00,0.81,OK,0.10,3.00,1.82,OK,0.10,3.00,0.59,OK,0.10,3.00,0.44,OK,
[13:56:21] : Cycle start ON
[13:56:22] : Cycle start OFF
[13:56:27] : REQUEST MEAS. ON
[13:56:35] : REQUEST MEAS. OFF
[13:56:35] : end pos sig1 : 50.000000, 50.000000
[13:56:35] : 측정요구 ON 2
[13:56:42] : 측정요구 2OFF
[13:56:42] : end pos sig2 : -50.000000, -50.000000
[13:56:47] : 측정요구3 ON
[13:56:54] : 측정요구3 OFF
[13:56:54] : end pos sig3 : 50.000000, 50.000000
[13:56:54] : 측정요구4 ON
[13:57:01] : 측정요구4 OFF
[13:57:01] : end pos sig4 : -50.000000, -50.000000
[13:57:01] : 12,20190129-135702,CF18112051721,,OK,MAX,2, ,AUTO,0.10,3.00,1.42,OK,0.10,3.00,2.07,OK,0.10,3.00,0.64,OK,0.10,3.00,0.62,OK,
[13:57:16] : Cycle start ON
[13:57:18] : Cycle start OFF
[13:57:23] : REQUEST MEAS. ON
[13:57:30] : REQUEST MEAS. OFF
[13:57:30] : end pos sig1 : 50.000000, 50.000000
[13:57:30] : 측정요구 ON 2
[13:57:38] : 측정요구 2OFF
[13:57:38] : end pos sig2 : -50.000000, -50.000000
[13:57:43] : 측정요구3 ON
[13:57:50] : 측정요구3 OFF
[13:57:50] : end pos sig3 : 50.000000, 50.000000
[13:57:50] : 측정요구4 ON
[13:57:58] : 측정요구4 OFF
[13:57:58] : end pos sig4 : -50.000000, -50.000000
[13:57:58] : 12,20190129-135758,CF18112053081,,OK,MAX,2, ,AUTO,0.10,3.00,1.29,OK,0.10,3.00,2.59,OK,0.10,3.00,0.68,OK,0.10,3.00,0.53,OK,
[13:58:30] : Cycle start ON
[13:58:32] : Cycle start OFF
[13:58:37] : REQUEST MEAS. ON
[13:58:44] : REQUEST MEAS. OFF
[13:58:44] : end pos sig1 : 50.000000, 50.000000
[13:58:44] : 측정요구 ON 2
[13:58:51] : 측정요구 2OFF
[13:58:51] : end pos sig2 : -50.000000, -50.000000
[13:58:56] : 측정요구3 ON
[13:59:03] : 측정요구3 OFF
[13:59:03] : end pos sig3 : 50.000000, 50.000000
[13:59:03] : 측정요구4 ON
[13:59:11] : 측정요구4 OFF
[13:59:11] : end pos sig4 : -50.000000, -50.000000
[13:59:11] : 12,20190129-135912,CF18112052541,,OK,MAX,2, ,AUTO,0.10,3.00,2.24,OK,0.10,3.00,1.41,OK,0.10,3.00,0.73,OK,0.10,3.00,0.59,OK,
[13:59:23] : Cycle start ON
[13:59:24] : Cycle start OFF
[13:59:29] : REQUEST MEAS. ON
[13:59:37] : REQUEST MEAS. OFF
[13:59:37] : end pos sig1 : 50.000000, 50.000000
[13:59:37] : 측정요구 ON 2
[13:59:44] : 측정요구 2OFF
[13:59:44] : end pos sig2 : -50.000000, -50.000000
[13:59:49] : 측정요구3 ON
[13:59:56] : 측정요구3 OFF
[13:59:56] : end pos sig3 : 50.000000, 50.000000
[13:59:56] : 측정요구4 ON
[14:00:04] : 측정요구4 OFF
[14:00:04] : end pos sig4 : -50.000000, -50.000000
[14:00:04] : 12,20190129-140005,CF18112052621,,OK,MAX,2, ,AUTO,0.10,3.00,1.23,OK,0.10,3.00,1.96,OK,0.10,3.00,0.81,OK,0.10,3.00,1.10,OK,
[14:00:16] : Cycle start ON
[14:00:18] : Cycle start OFF
[14:00:23] : REQUEST MEAS. ON
[14:00:30] : REQUEST MEAS. OFF
[14:00:30] : end pos sig1 : 50.000000, 50.000000
[14:00:30] : 측정요구 ON 2
[14:00:37] : 측정요구 2OFF
[14:00:37] : end pos sig2 : -50.000000, -50.000000
[14:00:42] : 측정요구3 ON
[14:00:49] : 측정요구3 OFF
[14:00:49] : end pos sig3 : 50.000000, 50.000000
[14:00:49] : 측정요구4 ON
[14:00:57] : 측정요구4 OFF
[14:00:57] : end pos sig4 : -50.000000, -50.000000
[14:00:57] : 12,20190129-140058,CF18112051561,,OK,MAX,2, ,AUTO,0.10,3.00,0.86,OK,0.10,3.00,1.47,OK,0.10,3.00,0.66,OK,0.10,3.00,0.53,OK,
[14:01:10] : Cycle start ON
[14:01:11] : Cycle start OFF
[14:01:16] : REQUEST MEAS. ON
[14:01:24] : REQUEST MEAS. OFF
[14:01:24] : end pos sig1 : 50.000000, 50.000000
[14:01:24] : 측정요구 ON 2
[14:01:31] : 측정요구 2OFF
[14:01:31] : end pos sig2 : -50.000000, -50.000000
[14:01:36] : 측정요구3 ON
[14:01:43] : 측정요구3 OFF
[14:01:43] : end pos sig3 : 50.000000, 50.000000
[14:01:43] : 측정요구4 ON
[14:01:51] : 측정요구4 OFF
[14:01:51] : end pos sig4 : -50.000000, -50.000000
[14:01:51] : 12,20190129-140151,CF18112052251,,OK,MAX,2, ,AUTO,0.10,3.00,1.69,OK,0.10,3.00,2.50,OK,0.10,3.00,0.88,OK,0.10,3.00,0.88,OK,
[14:02:08] : Cycle start ON
[14:02:09] : Cycle start OFF
[14:02:14] : REQUEST MEAS. ON
[14:02:21] : REQUEST MEAS. OFF
[14:02:21] : end pos sig1 : 50.000000, 50.000000
[14:02:21] : 측정요구 ON 2
[14:02:28] : 측정요구 2OFF
[14:02:28] : end pos sig2 : -50.000000, -50.000000
[14:02:33] : 측정요구3 ON
[14:02:40] : 측정요구3 OFF
[14:02:40] : end pos sig3 : 50.000000, 50.000000
[14:02:40] : 측정요구4 ON
[14:02:48] : 측정요구4 OFF
[14:02:48] : end pos sig4 : -50.000000, -50.000000
[14:02:49] : 12,20190129-140249,CF18112052711,,OK,MAX,2, ,AUTO,0.10,3.00,1.78,OK,0.10,3.00,2.18,OK,0.10,3.00,0.64,OK,0.10,3.00,0.65,OK,
[14:03:01] : Cycle start ON
[14:03:02] : Cycle start OFF
[14:03:07] : REQUEST MEAS. ON
[14:03:15] : REQUEST MEAS. OFF
[14:03:15] : end pos sig1 : 50.000000, 50.000000
[14:03:15] : 측정요구 ON 2
[14:03:22] : 측정요구 2OFF
[14:03:22] : end pos sig2 : -50.000000, -50.000000
[14:03:27] : 측정요구3 ON
[14:03:34] : 측정요구3 OFF
[14:03:34] : end pos sig3 : 50.000000, 50.000000
[14:03:34] : 측정요구4 ON
[14:03:42] : 측정요구4 OFF
[14:03:42] : end pos sig4 : -50.000000, -50.000000
[14:03:42] : 12,20190129-140343,CF18112053521,,OK,MAX,2, ,AUTO,0.10,3.00,2.24,OK,0.10,3.00,2.24,OK,0.10,3.00,0.66,OK,0.10,3.00,0.55,OK,
[14:03:56] : Cycle start ON
[14:03:57] : Cycle start OFF
[14:04:02] : REQUEST MEAS. ON
[14:04:09] : REQUEST MEAS. OFF
[14:04:09] : end pos sig1 : 50.000000, 50.000000
[14:04:10] : 측정요구 ON 2
[14:04:17] : 측정요구 2OFF
[14:04:17] : end pos sig2 : -50.000000, -50.000000
[14:04:22] : 측정요구3 ON
[14:04:29] : 측정요구3 OFF
[14:04:29] : end pos sig3 : 50.000000, 50.000000
[14:04:29] : 측정요구4 ON
[14:04:37] : 측정요구4 OFF
[14:04:37] : end pos sig4 : -50.000000, -50.000000
[14:04:37] : 12,20190129-140438,CF18112053001,,OK,MAX,2, ,AUTO,0.10,3.00,1.87,OK,0.10,3.00,2.24,OK,0.10,3.00,0.83,OK,0.10,3.00,0.64,OK,
[14:04:53] : Cycle start ON
[14:04:54] : Cycle start OFF
[14:04:59] : REQUEST MEAS. ON
[14:05:06] : REQUEST MEAS. OFF
[14:05:06] : end pos sig1 : 50.000000, 50.000000
[14:05:06] : 측정요구 ON 2
[14:05:14] : 측정요구 2OFF
[14:05:14] : end pos sig2 : -50.000000, -50.000000
[14:05:18] : 측정요구3 ON
[14:05:25] : 측정요구3 OFF
[14:05:25] : end pos sig3 : 50.000000, 50.000000
[14:05:25] : 측정요구4 ON
[14:05:33] : 측정요구4 OFF
[14:05:33] : end pos sig4 : -50.000000, -50.000000
[14:05:33] : 12,20190129-140534,CF18112053731,,OK,MAX,2, ,AUTO,0.10,3.00,1.08,OK,0.10,3.00,2.46,OK,0.10,3.00,0.55,OK,0.10,3.00,1.19,OK,
[14:05:50] : Cycle start ON
[14:05:52] : Cycle start OFF
[14:05:56] : REQUEST MEAS. ON
[14:06:04] : REQUEST MEAS. OFF
[14:06:04] : end pos sig1 : 50.000000, 50.000000
[14:06:04] : 측정요구 ON 2
[14:06:13] : 측정요구 2OFF
[14:06:13] : end pos sig2 : -50.000000, -50.000000
[14:06:17] : 측정요구3 ON
[14:06:24] : 측정요구3 OFF
[14:06:24] : end pos sig3 : 50.000000, 50.000000
[14:06:24] : 측정요구4 ON
[14:06:31] : 측정요구4 OFF
[14:06:31] : end pos sig4 : -50.000000, -50.000000
[14:06:31] : 12,20190129-140632,CF18112053251,,OK,MAX,2, ,AUTO,0.10,3.00,1.36,OK,0.10,3.00,2.00,OK,0.10,3.00,0.75,OK,0.10,3.00,0.51,OK,
[14:06:44] : Cycle start ON
[14:06:45] : Cycle start OFF
[14:06:50] : REQUEST MEAS. ON
[14:06:58] : REQUEST MEAS. OFF
[14:06:58] : end pos sig1 : 50.000000, 50.000000
[14:06:58] : 측정요구 ON 2
[14:07:06] : 측정요구 2OFF
[14:07:06] : end pos sig2 : -50.000000, -50.000000
[14:07:10] : 측정요구3 ON
[14:07:17] : 측정요구3 OFF
[14:07:17] : end pos sig3 : 50.000000, 50.000000
[14:07:17] : 측정요구4 ON
[14:07:25] : 측정요구4 OFF
[14:07:25] : end pos sig4 : -50.000000, -50.000000
[14:07:25] : 12,20190129-140726,CF18112052671,,OK,MAX,2, ,AUTO,0.10,3.00,1.78,OK,0.10,3.00,1.74,OK,0.10,3.00,0.57,OK,0.10,3.00,0.44,OK,
[14:07:39] : Cycle start ON
[14:07:40] : Cycle start OFF
[14:07:45] : REQUEST MEAS. ON
[14:07:53] : REQUEST MEAS. OFF
[14:07:53] : end pos sig1 : 50.000000, 50.000000
[14:07:53] : 측정요구 ON 2
[14:08:00] : 측정요구 2OFF
[14:08:00] : end pos sig2 : -50.000000, -50.000000
[14:08:05] : 측정요구3 ON
[14:08:12] : 측정요구3 OFF
[14:08:12] : end pos sig3 : 50.000000, 50.000000
[14:08:12] : 측정요구4 ON
[14:08:19] : 측정요구4 OFF
[14:08:19] : end pos sig4 : -50.000000, -50.000000
[14:08:19] : 12,20190129-140820,CF18120550801,,OK,MAX,2, ,AUTO,0.10,3.00,1.36,OK,0.10,3.00,2.77,OK,0.10,3.00,1.47,OK,0.10,3.00,0.62,OK,
[14:08:32] : Cycle start ON
[14:08:34] : Cycle start OFF
[14:08:38] : REQUEST MEAS. ON
[14:08:46] : REQUEST MEAS. OFF
[14:08:46] : end pos sig1 : 50.000000, 50.000000
[14:08:46] : 측정요구 ON 2
[14:08:54] : 측정요구 2OFF
[14:08:54] : end pos sig2 : -50.000000, -50.000000
[14:08:58] : 측정요구3 ON
[14:09:05] : 측정요구3 OFF
[14:09:05] : end pos sig3 : 50.000000, 50.000000
[14:09:05] : 측정요구4 ON
[14:09:13] : 측정요구4 OFF
[14:09:13] : end pos sig4 : -50.000000, -50.000000
[14:09:13] : 12,20190129-140914,CF18112053171,,OK,MAX,2, ,AUTO,0.10,3.00,1.54,OK,0.10,3.00,2.77,OK,0.10,3.00,0.66,OK,0.10,3.00,0.68,OK,
[14:09:29] : Cycle start ON
[14:09:31] : Cycle start OFF
[14:09:36] : REQUEST MEAS. ON
[14:09:43] : REQUEST MEAS. OFF
[14:09:43] : end pos sig1 : 50.000000, 50.000000
[14:09:43] : 측정요구 ON 2
[14:09:51] : 측정요구 2OFF
[14:09:51] : end pos sig2 : -44.620000, -44.700000
[14:09:56] : 측정요구3 ON
[14:10:03] : 측정요구3 OFF
[14:10:03] : end pos sig3 : 50.000000, 50.000000
[14:10:03] : 측정요구4 ON
[14:10:10] : 측정요구4 OFF
[14:10:10] : end pos sig4 : -50.000000, -50.000000
[14:10:10] : 12,20190129-141011,CF18112051931,,OK,MAX,2, ,AUTO,0.10,3.00,1.14,OK,0.10,3.00,2.11,OK,0.10,3.00,1.27,OK,0.10,3.00,0.53,OK,
[14:10:27] : Cycle start ON
[14:10:29] : Cycle start OFF
[14:10:34] : REQUEST MEAS. ON
[14:10:41] : REQUEST MEAS. OFF
[14:10:41] : end pos sig1 : 50.000000, 50.000000
[14:10:41] : 측정요구 ON 2
[14:10:49] : 측정요구 2OFF
[14:10:49] : end pos sig2 : -50.000000, -50.000000
[14:10:54] : 측정요구3 ON
[14:11:01] : 측정요구3 OFF
[14:11:01] : end pos sig3 : 50.000000, 50.000000
[14:11:01] : 측정요구4 ON
[14:11:09] : 측정요구4 OFF
[14:11:09] : end pos sig4 : -50.000000, -50.000000
[14:11:09] : 12,20190129-141109,CF18120273531,,OK,MAX,2, ,AUTO,0.10,3.00,1.96,OK,0.10,3.00,2.33,OK,0.10,3.00,2.77,OK,0.10,3.00,2.40,OK,
[14:11:22] : Cycle start ON
[14:11:23] : Cycle start OFF
[14:11:28] : REQUEST MEAS. ON
[14:11:36] : REQUEST MEAS. OFF
[14:11:36] : end pos sig1 : 50.000000, 50.000000
[14:11:36] : 측정요구 ON 2
[14:11:43] : 측정요구 2OFF
[14:11:43] : end pos sig2 : -50.000000, -50.000000
[14:11:48] : 측정요구3 ON
[14:11:55] : 측정요구3 OFF
[14:11:55] : end pos sig3 : 50.000000, 50.000000
[14:11:55] : 측정요구4 ON
[14:12:03] : 측정요구4 OFF
[14:12:03] : end pos sig4 : -50.000000, -50.000000
[14:12:03] : 12,20190129-141203,CF18112052951,,OK,MAX,2, ,AUTO,0.10,3.00,0.99,OK,0.10,3.00,1.74,OK,0.10,3.00,0.53,OK,0.10,3.00,0.68,OK,
[14:12:15] : Cycle start ON
[14:12:16] : Cycle start OFF
[14:12:21] : REQUEST MEAS. ON
[14:12:28] : REQUEST MEAS. OFF
[14:12:28] : end pos sig1 : 50.000000, 50.000000
[14:12:28] : 측정요구 ON 2
[14:12:36] : 측정요구 2OFF
[14:12:36] : end pos sig2 : -50.000000, -50.000000
[14:12:41] : 측정요구3 ON
[14:12:48] : 측정요구3 OFF
[14:12:48] : end pos sig3 : 50.000000, 50.000000
[14:12:48] : 측정요구4 ON
[14:12:56] : 측정요구4 OFF
[14:12:56] : end pos sig4 : -50.000000, -50.000000
[14:12:56] : 12,20190129-141257,CF18112052661,,OK,MAX,2, ,AUTO,0.10,3.00,2.15,OK,0.10,3.00,2.20,OK,0.10,3.00,0.92,OK,0.10,3.00,0.60,OK,
[14:13:09] : Cycle start ON
[14:13:11] : Cycle start OFF
[14:13:16] : REQUEST MEAS. ON
[14:13:23] : REQUEST MEAS. OFF
[14:13:23] : end pos sig1 : 50.000000, 50.000000
[14:13:23] : 측정요구 ON 2
[14:13:31] : 측정요구 2OFF
[14:13:31] : end pos sig2 : -50.000000, -50.000000
[14:13:36] : 측정요구3 ON
[14:13:43] : 측정요구3 OFF
[14:13:43] : end pos sig3 : 50.000000, 50.000000
[14:13:43] : 측정요구4 ON
[14:13:51] : 측정요구4 OFF
[14:13:51] : end pos sig4 : -50.000000, -50.000000
[14:13:52] : 12,20190129-141352,CF19012810051,,OK,MAX,2, ,AUTO,0.10,3.00,2.42,OK,0.10,3.00,2.46,OK,0.10,3.00,0.64,OK,0.10,3.00,0.64,OK,
[14:15:12] : Cycle start ON
[14:15:14] : Cycle start OFF
[14:15:18] : REQUEST MEAS. ON
[14:15:26] : REQUEST MEAS. OFF
[14:15:26] : end pos sig1 : 50.000000, 50.000000
[14:15:26] : 측정요구 ON 2
[14:15:33] : 측정요구 2OFF
[14:15:33] : end pos sig2 : -49.980000, -50.000000
[14:15:38] : 측정요구3 ON
[14:15:45] : 측정요구3 OFF
[14:15:45] : end pos sig3 : 50.000000, 50.000000
[14:15:45] : 측정요구4 ON
[14:15:53] : 측정요구4 OFF
[14:15:53] : end pos sig4 : -50.000000, -50.000000
[14:15:53] : 12,20190129-141554,CF19012810221,,OK,MAX,2, ,AUTO,0.10,3.00,2.77,OK,0.10,3.00,1.98,OK,0.10,3.00,0.68,OK,0.10,3.00,0.73,OK,
[14:16:09] : Cycle start ON
[14:16:10] : Cycle start OFF
[14:16:15] : REQUEST MEAS. ON
[14:16:22] : REQUEST MEAS. OFF
[14:16:22] : end pos sig1 : 50.000000, 50.000000
[14:16:23] : 측정요구 ON 2
[14:16:30] : 측정요구 2OFF
[14:16:30] : end pos sig2 : -50.000000, -50.000000
[14:16:34] : 측정요구3 ON
[14:16:41] : 측정요구3 OFF
[14:16:41] : end pos sig3 : 50.000000, 50.000000
[14:16:41] : 측정요구4 ON
[14:16:49] : 측정요구4 OFF
[14:16:49] : end pos sig4 : -50.000000, -50.000000
[14:16:49] : 12,20190129-141650,CF19012810041,,OK,MAX,2, ,AUTO,0.10,3.00,1.49,OK,0.10,3.00,2.24,OK,0.10,3.00,0.48,OK,0.10,3.00,0.48,OK,
[14:17:04] : Cycle start ON
[14:17:06] : Cycle start OFF
[14:17:11] : REQUEST MEAS. ON
[14:17:18] : REQUEST MEAS. OFF
[14:17:18] : end pos sig1 : 50.000000, 50.000000
[14:17:18] : 측정요구 ON 2
[14:17:26] : 측정요구 2OFF
[14:17:26] : end pos sig2 : -50.000000, -50.000000
[14:17:31] : 측정요구3 ON
[14:17:38] : 측정요구3 OFF
[14:17:38] : end pos sig3 : 50.000000, 50.000000
[14:17:39] : 측정요구4 ON
[14:17:46] : 측정요구4 OFF
[14:17:46] : end pos sig4 : -50.000000, -50.000000
[14:17:46] : 12,20190129-141747,CF18112052551,,OK,MAX,2, ,AUTO,0.10,3.00,1.63,OK,0.10,3.00,2.55,OK,0.10,3.00,0.75,OK,0.10,3.00,0.55,OK,
[14:17:59] : Cycle start ON
[14:18:01] : Cycle start OFF
[14:18:06] : REQUEST MEAS. ON
[14:18:13] : REQUEST MEAS. OFF
[14:18:13] : end pos sig1 : 50.000000, 50.000000
[14:18:13] : 측정요구 ON 2
[14:18:20] : 측정요구 2OFF
[14:18:20] : end pos sig2 : -50.000000, -50.000000
[14:18:25] : 측정요구3 ON
[14:18:32] : 측정요구3 OFF
[14:18:32] : end pos sig3 : 50.000000, 50.000000
[14:18:32] : 측정요구4 ON
[14:18:40] : 측정요구4 OFF
[14:18:40] : end pos sig4 : -50.000000, -50.000000
[14:18:41] : 12,20190129-141841,CF18112052081,,OK,MAX,2, ,AUTO,0.10,3.00,1.27,OK,0.10,3.00,2.33,OK,0.10,3.00,0.92,OK,0.10,3.00,0.92,OK,
[14:18:54] : Cycle start ON
[14:18:55] : Cycle start OFF
[14:19:00] : REQUEST MEAS. ON
[14:19:07] : REQUEST MEAS. OFF
[14:19:07] : end pos sig1 : 50.000000, 50.000000
[14:19:07] : 측정요구 ON 2
[14:19:15] : 측정요구 2OFF
[14:19:15] : end pos sig2 : -50.000000, -50.000000
[14:19:20] : 측정요구3 ON
[14:19:27] : 측정요구3 OFF
[14:19:27] : end pos sig3 : 50.000000, 50.000000
[14:19:27] : 측정요구4 ON
[14:19:35] : 측정요구4 OFF
[14:19:35] : end pos sig4 : -50.000000, -50.000000
[14:19:35] : 12,20190129-141936,CF18112053721,,OK,MAX,2, ,AUTO,0.10,3.00,1.27,OK,0.10,3.00,2.24,OK,0.10,3.00,0.79,OK,0.10,3.00,0.62,OK,
[14:19:51] : Cycle start ON
[14:19:52] : Cycle start OFF
[14:19:57] : REQUEST MEAS. ON
[14:20:05] : REQUEST MEAS. OFF
[14:20:05] : end pos sig1 : 50.000000, 50.000000
[14:20:05] : 측정요구 ON 2
[14:20:12] : 측정요구 2OFF
[14:20:12] : end pos sig2 : -50.000000, -50.000000
[14:20:17] : 측정요구3 ON
[14:20:24] : 측정요구3 OFF
[14:20:24] : end pos sig3 : 50.000000, 50.000000
[14:20:24] : 측정요구4 ON
[14:20:32] : 측정요구4 OFF
[14:20:32] : end pos sig4 : -50.000000, -50.000000
[14:20:32] : 12,20190129-142033,CF18112052851,,OK,MAX,2, ,AUTO,0.10,3.00,1.10,OK,0.10,3.00,1.49,OK,0.10,3.00,0.59,OK,0.10,3.00,0.74,OK,
[14:20:49] : Cycle start ON
[14:20:50] : Cycle start OFF
[14:20:55] : REQUEST MEAS. ON
[14:21:02] : REQUEST MEAS. OFF
[14:21:02] : end pos sig1 : 50.000000, 50.000000
[14:21:03] : 측정요구 ON 2
[14:21:10] : 측정요구 2OFF
[14:21:10] : end pos sig2 : -50.000000, -50.000000
[14:21:15] : 측정요구3 ON
[14:21:22] : 측정요구3 OFF
[14:21:22] : end pos sig3 : 50.000000, 50.000000
[14:21:22] : 측정요구4 ON
[14:21:30] : 측정요구4 OFF
[14:21:30] : end pos sig4 : -50.000000, -50.000000
[14:21:30] : 12,20190129-142131,CF18112052031,,OK,MAX,2, ,AUTO,0.10,3.00,2.04,OK,0.10,3.00,2.29,OK,0.10,3.00,0.79,OK,0.10,3.00,0.44,OK,
[14:21:43] : Cycle start ON
[14:21:44] : Cycle start OFF
[14:21:49] : REQUEST MEAS. ON
[14:21:57] : REQUEST MEAS. OFF
[14:21:57] : end pos sig1 : 50.000000, 50.000000
[14:21:57] : 측정요구 ON 2
[14:22:04] : 측정요구 2OFF
[14:22:04] : end pos sig2 : -50.000000, -50.000000
[14:22:09] : 측정요구3 ON
[14:22:16] : 측정요구3 OFF
[14:22:16] : end pos sig3 : 50.000000, 50.000000
[14:22:16] : 측정요구4 ON
[14:22:23] : 측정요구4 OFF
[14:22:23] : end pos sig4 : -50.000000, -50.000000
[14:22:23] : 12,20190129-142224,CF18112053891,,OK,MAX,2, ,AUTO,0.10,3.00,1.49,OK,0.10,3.00,1.87,OK,0.10,3.00,0.68,OK,0.10,3.00,0.44,OK,
[14:22:36] : Cycle start ON
[14:22:37] : Cycle start OFF
[14:22:42] : REQUEST MEAS. ON
[14:22:49] : REQUEST MEAS. OFF
[14:22:49] : end pos sig1 : 50.000000, 50.000000
[14:22:50] : 측정요구 ON 2
[14:22:57] : 측정요구 2OFF
[14:22:57] : end pos sig2 : -50.000000, -50.000000
[14:23:02] : 측정요구3 ON
[14:23:09] : 측정요구3 OFF
[14:23:09] : end pos sig3 : 50.000000, 50.000000
[14:23:09] : 측정요구4 ON
[14:23:17] : 측정요구4 OFF
[14:23:17] : end pos sig4 : -50.000000, -50.000000
[14:23:17] : 12,20190129-142318,CF18112051971,,OK,MAX,2, ,AUTO,0.10,3.00,1.82,OK,0.10,3.00,1.74,OK,0.10,3.00,0.53,OK,0.10,3.00,0.92,OK,
[14:23:31] : Cycle start ON
[14:23:32] : Cycle start OFF
[14:23:37] : REQUEST MEAS. ON
[14:23:44] : REQUEST MEAS. OFF
[14:23:44] : end pos sig1 : 50.000000, 50.000000
[14:23:44] : 측정요구 ON 2
[14:23:52] : 측정요구 2OFF
[14:23:52] : end pos sig2 : -50.000000, -50.000000
[14:23:57] : 측정요구3 ON
[14:24:04] : 측정요구3 OFF
[14:24:04] : end pos sig3 : 50.000000, 50.000000
[14:24:04] : 측정요구4 ON
[14:24:12] : 측정요구4 OFF
[14:24:12] : end pos sig4 : -50.000000, -50.000000
[14:24:12] : 12,20190129-142413,CF18112053631,,OK,MAX,2, ,AUTO,0.10,3.00,1.74,OK,0.10,3.00,1.56,OK,0.10,3.00,0.75,OK,0.10,3.00,0.75,OK,
[14:24:33] : Cycle start ON
[14:24:34] : Cycle start OFF
[14:24:39] : REQUEST MEAS. ON
[14:24:47] : REQUEST MEAS. OFF
[14:24:47] : end pos sig1 : 50.000000, 50.000000
[14:24:47] : 측정요구 ON 2
[14:24:54] : 측정요구 2OFF
[14:24:54] : end pos sig2 : -50.000000, -50.000000
[14:24:59] : 측정요구3 ON
[14:25:06] : 측정요구3 OFF
[14:25:06] : end pos sig3 : 50.000000, 50.000000
[14:25:06] : 측정요구4 ON
[14:25:14] : 측정요구4 OFF
[14:25:14] : end pos sig4 : -50.000000, -50.000000
[14:25:14] : 12,20190129-142515,CF18112052231,,OK,MAX,2, ,AUTO,0.10,3.00,2.11,OK,0.10,3.00,1.32,OK,0.10,3.00,0.73,OK,0.10,3.00,0.97,OK,
[14:25:33] : Cycle start ON
[14:25:34] : Cycle start OFF
[14:25:39] : REQUEST MEAS. ON
[14:25:47] : REQUEST MEAS. OFF
[14:25:47] : end pos sig1 : 50.000000, 50.000000
[14:25:47] : 측정요구 ON 2
[14:25:54] : 측정요구 2OFF
[14:25:54] : end pos sig2 : -50.000000, -50.000000
[14:25:59] : 측정요구3 ON
[14:26:06] : 측정요구3 OFF
[14:26:06] : end pos sig3 : 50.000000, 50.000000
[14:26:06] : 측정요구4 ON
[14:26:14] : 측정요구4 OFF
[14:26:14] : end pos sig4 : -50.000000, -50.000000
[14:26:14] : 12,20190129-142615,CF18112052811,,OK,MAX,2, ,AUTO,0.10,3.00,1.65,OK,0.10,3.00,2.50,OK,0.10,3.00,0.83,OK,0.10,3.00,0.79,OK,
[14:31:40] : AUTO RUNNING OFF
[15:58:32] : Cycle start ON
[15:58:32] : Cycle start OFF
[15:58:38] : REQUEST MEAS. ON
[15:58:46] : REQUEST MEAS. OFF
[15:58:46] : end pos sig1 : 50.000000, 50.000000
[15:58:46] : 측정요구 ON 2
[15:58:53] : 측정요구 2OFF
[15:58:53] : end pos sig2 : -50.000000, -50.000000
[15:58:58] : 측정요구3 ON
[15:59:05] : 측정요구3 OFF
[15:59:05] : end pos sig3 : 50.000000, 50.000000
[15:59:05] : 측정요구4 ON
[15:59:13] : 측정요구4 OFF
[15:59:13] : end pos sig4 : -50.000000, -50.000000
[15:59:41] : Cycle start ON
[15:59:41] : Cycle start OFF
[15:59:46] : REQUEST MEAS. ON
[15:59:54] : REQUEST MEAS. OFF
[15:59:54] : end pos sig1 : 50.000000, 50.000000
[15:59:54] : 측정요구 ON 2
[16:00:01] : 측정요구 2OFF
[16:00:01] : end pos sig2 : -50.000000, -50.000000
[16:00:06] : 측정요구3 ON
[16:00:13] : 측정요구3 OFF
[16:00:13] : end pos sig3 : 50.000000, 50.000000
[16:00:13] : 측정요구4 ON
[16:00:21] : 측정요구4 OFF
[16:00:21] : end pos sig4 : -49.130000, -50.000000
[16:02:01] : Cycle start ON
[16:02:01] : Cycle start OFF
[16:02:06] : REQUEST MEAS. ON
[16:02:14] : REQUEST MEAS. OFF
[16:02:14] : end pos sig1 : 50.000000, 50.000000
[16:02:14] : 측정요구 ON 2
[16:02:21] : 측정요구 2OFF
[16:02:21] : end pos sig2 : -49.820000, -50.000000
[16:02:26] : 측정요구3 ON
[16:02:33] : 측정요구3 OFF
[16:02:33] : end pos sig3 : 50.000000, 50.000000
[16:02:33] : 측정요구4 ON
[16:02:41] : 측정요구4 OFF
[16:02:41] : end pos sig4 : -50.000000, -50.000000
[16:03:34] : Cycle start ON
[16:03:35] : Cycle start OFF
[16:03:39] : REQUEST MEAS. ON
[16:03:47] : REQUEST MEAS. OFF
[16:03:47] : end pos sig1 : 50.000000, 50.000000
[16:03:47] : 측정요구 ON 2
[16:03:54] : 측정요구 2OFF
[16:03:54] : end pos sig2 : -50.000000, -50.000000
[16:03:59] : 측정요구3 ON
[16:04:06] : 측정요구3 OFF
[16:04:06] : end pos sig3 : 50.000000, 50.000000
[16:04:07] : 측정요구4 ON
[16:04:14] : 측정요구4 OFF
[16:04:14] : end pos sig4 : -50.000000, -50.000000
[16:04:20] : Cycle start ON
[16:04:21] : Cycle start OFF
[16:04:26] : REQUEST MEAS. ON
[16:04:33] : REQUEST MEAS. OFF
[16:04:33] : end pos sig1 : 50.000000, 50.000000
[16:04:33] : 측정요구 ON 2
[16:04:41] : 측정요구 2OFF
[16:04:41] : end pos sig2 : -50.000000, -50.000000
[16:04:46] : 측정요구3 ON
[16:04:53] : 측정요구3 OFF
[16:04:53] : end pos sig3 : 50.000000, 50.000000
[16:04:53] : 측정요구4 ON
[16:05:01] : 측정요구4 OFF
[16:05:01] : end pos sig4 : -50.000000, -50.000000
[16:05:06] : Cycle start ON
[16:05:07] : Cycle start OFF
[16:05:12] : REQUEST MEAS. ON
[16:05:19] : REQUEST MEAS. OFF
[16:05:19] : end pos sig1 : 50.000000, 50.000000
[16:05:19] : 측정요구 ON 2
[16:05:27] : 측정요구 2OFF
[16:05:27] : end pos sig2 : -50.000000, -50.000000
[16:05:32] : 측정요구3 ON
[16:05:39] : 측정요구3 OFF
[16:05:39] : end pos sig3 : 50.000000, 50.000000
[16:05:39] : 측정요구4 ON
[16:05:47] : 측정요구4 OFF
[16:05:47] : end pos sig4 : -50.000000, -50.000000
[16:05:53] : Cycle start ON
[16:05:54] : Cycle start OFF
[16:05:59] : REQUEST MEAS. ON
[16:06:06] : REQUEST MEAS. OFF
[16:06:06] : end pos sig1 : 50.000000, 50.000000
[16:06:06] : 측정요구 ON 2
[16:06:13] : 측정요구 2OFF
[16:06:13] : end pos sig2 : -50.000000, -50.000000
[16:06:18] : 측정요구3 ON
[16:06:25] : 측정요구3 OFF
[16:06:25] : end pos sig3 : 50.000000, 50.000000
[16:06:25] : 측정요구4 ON
[16:06:33] : 측정요구4 OFF
[16:06:33] : end pos sig4 : -50.000000, -50.000000
[16:06:39] : Cycle start ON
[16:06:40] : Cycle start OFF
[16:06:45] : REQUEST MEAS. ON
[16:06:52] : REQUEST MEAS. OFF
[16:06:52] : end pos sig1 : 50.000000, 50.000000
[16:06:52] : 측정요구 ON 2
[16:07:00] : 측정요구 2OFF
[16:07:00] : end pos sig2 : -49.330000, -50.000000
[16:07:05] : 측정요구3 ON
[16:07:12] : 측정요구3 OFF
[16:07:12] : end pos sig3 : 50.000000, 50.000000
[16:07:12] : 측정요구4 ON
[16:07:19] : 측정요구4 OFF
[16:07:19] : end pos sig4 : -50.000000, -50.000000
[16:31:13] : MEAS ESC ON
[16:32:05] : MEAS ESC OFF
[16:55:01] : MEAS ESC ON
[16:56:06] : MEAS ESC OFF
[16:56:25] : MEAS ESC ON
[16:56:25] : MEAS ESC OFF
[16:56:25] : AUTO RUNNING ON
[16:56:59] : AUTO RUNNING OFF
[16:59:05] : MEAS ESC ON
[16:59:05] : MEAS ESC OFF
[16:59:05] : AUTO RUNNING ON
[16:59:41] : Cycle start ON
[16:59:43] : Cycle start OFF
[16:59:48] : REQUEST MEAS. ON
[16:59:56] : REQUEST MEAS. OFF
[16:59:56] : end pos sig1 : 50.000000, 50.000000
[16:59:56] : 측정요구 ON 2
[17:00:04] : 측정요구 2OFF
[17:00:04] : end pos sig2 : -50.000000, -50.000000
[17:00:09] : 측정요구3 ON
[17:00:16] : 측정요구3 OFF
[17:00:16] : end pos sig3 : 50.000000, 50.000000
[17:00:16] : 측정요구4 ON
[17:00:23] : 측정요구4 OFF
[17:00:23] : end pos sig4 : -50.000000, -50.000000
[17:00:23] : 12,20190129-170024,CF19012850851,CF 19012111751,OK,MAX,2, ,AUTO,0.10,3.00,1.44,OK,0.10,3.00,1.83,OK,0.10,3.00,1.86,OK,0.10,3.00,2.04,OK,
[17:00:37] : Cycle start ON
[17:00:38] : Cycle start OFF
[17:00:43] : REQUEST MEAS. ON
[17:00:51] : REQUEST MEAS. OFF
[17:00:51] : end pos sig1 : 50.000000, 50.000000
[17:00:51] : 측정요구 ON 2
[17:00:58] : 측정요구 2OFF
[17:00:58] : end pos sig2 : -50.000000, -50.000000
[17:01:03] : 측정요구3 ON
[17:01:10] : 측정요구3 OFF
[17:01:10] : end pos sig3 : 50.000000, 50.000000
[17:01:10] : 측정요구4 ON
[17:01:18] : 측정요구4 OFF
[17:01:18] : end pos sig4 : -50.000000, -50.000000
[17:01:18] : 12,20190129-170118,CF19012852541,CF 19012110751,OK,MAX,2, ,AUTO,0.10,3.00,2.11,OK,0.10,3.00,1.14,OK,0.10,3.00,2.90,OK,0.10,3.00,0.93,OK,
[17:02:05] : Cycle start ON
[17:02:06] : Cycle start OFF
[17:02:11] : REQUEST MEAS. ON
[17:02:18] : REQUEST MEAS. OFF
[17:02:18] : end pos sig1 : 50.000000, 50.000000
[17:02:19] : 측정요구 ON 2
[17:02:27] : 측정요구 2OFF
[17:02:27] : end pos sig2 : -50.000000, -50.000000
[17:02:31] : 측정요구3 ON
[17:02:38] : 측정요구3 OFF
[17:02:38] : end pos sig3 : 50.000000, 50.000000
[17:02:38] : 측정요구4 ON
[17:02:46] : 측정요구4 OFF
[17:02:46] : end pos sig4 : -50.000000, -50.000000
[17:02:46] : 12,20190129-170247,CF19012852521,CF 19012110611,OK,MAX,2, ,AUTO,0.10,3.00,1.35,OK,0.10,3.00,0.81,OK,0.10,3.00,1.23,OK,0.10,3.00,2.23,OK,
[17:49:32] : Cycle start ON
[17:49:34] : Cycle start OFF
[17:49:39] : REQUEST MEAS. ON
[17:49:47] : REQUEST MEAS. OFF
[17:49:47] : end pos sig1 : 50.000000, 50.000000
[17:49:47] : 측정요구 ON 2
[17:49:54] : 측정요구 2OFF
[17:49:54] : end pos sig2 : -50.000000, -50.000000
[17:49:59] : 측정요구3 ON
[17:50:06] : 측정요구3 OFF
[17:50:06] : end pos sig3 : 50.000000, 50.000000
[17:50:06] : 측정요구4 ON
[17:50:14] : 측정요구4 OFF
[17:50:14] : end pos sig4 : -50.000000, -50.000000
[17:50:14] : 12,20190129-175015,CF19012852461,CF 19012110831,OK,MAX,2, ,AUTO,0.10,3.00,2.07,OK,0.10,3.00,2.16,OK,0.10,3.00,0.95,OK,0.10,3.00,1.67,OK,
[17:50:28] : Cycle start ON
[17:50:29] : Cycle start OFF
[17:50:34] : REQUEST MEAS. ON
[17:50:42] : REQUEST MEAS. OFF
[17:50:42] : end pos sig1 : 50.000000, 50.000000
[17:50:42] : 측정요구 ON 2
[17:50:50] : 측정요구 2OFF
[17:50:50] : end pos sig2 : -50.000000, -50.000000
[17:50:54] : 측정요구3 ON
[17:51:01] : 측정요구3 OFF
[17:51:01] : end pos sig3 : 50.000000, 50.000000
[17:51:01] : 측정요구4 ON
[17:51:09] : 측정요구4 OFF
[17:51:09] : end pos sig4 : -50.000000, -50.000000
[17:51:09] : 12,20190129-175109,CF19012851991,CF 19012111931,OK,MAX,2, ,AUTO,0.10,3.00,2.83,OK,0.10,3.00,1.09,OK,0.10,3.00,1.79,OK,0.10,3.00,1.69,OK,
[17:51:41] : Cycle start ON
[17:51:42] : Cycle start OFF
[18:03:16] : AUTO RUNNING OFF
[18:06:55] : MEAS ESC ON
[18:06:56] : MEAS ESC OFF
[18:06:56] : AUTO RUNNING ON
[18:07:44] : Cycle start ON
[18:07:45] : Cycle start OFF
[18:07:50] : REQUEST MEAS. ON
[18:07:58] : REQUEST MEAS. OFF
[18:07:58] : end pos sig1 : 50.000000, 50.000000
[18:07:58] : 측정요구 ON 2
[18:08:06] : 측정요구 2OFF
[18:08:06] : end pos sig2 : -47.650000, -50.000000
[18:08:10] : 측정요구3 ON
[18:08:17] : 측정요구3 OFF
[18:08:17] : end pos sig3 : 50.000000, 50.000000
[18:08:17] : 측정요구4 ON
[18:08:25] : 측정요구4 OFF
[18:08:25] : end pos sig4 : -50.000000, -50.000000
[18:08:25] : 12,20190129-180826,CF19012851181,CF 19012111721,OK,MAX,2, ,AUTO,0.10,3.00,1.38,OK,0.10,3.00,0.60,OK,0.10,3.00,1.14,OK,0.10,3.00,1.48,OK,
[18:09:02] : AUTO RUNNING OFF
[18:11:13] : MEAS ESC ON
[18:11:13] : MEAS ESC OFF
[18:11:13] : AUTO RUNNING ON
[18:13:24] : Cycle start ON
[18:13:25] : Cycle start OFF
[18:13:30] : REQUEST MEAS. ON
[18:13:37] : REQUEST MEAS. OFF
[18:13:37] : end pos sig1 : 50.000000, 50.000000
[18:13:38] : 측정요구 ON 2
[18:13:45] : 측정요구 2OFF
[18:13:45] : end pos sig2 : -50.000000, -50.000000
[18:13:50] : 측정요구3 ON
[18:13:57] : 측정요구3 OFF
[18:13:57] : end pos sig3 : 50.000000, 50.000000
[18:13:57] : 측정요구4 ON
[18:14:05] : 측정요구4 OFF
[18:14:05] : end pos sig4 : -49.250000, -50.000000
[18:14:05] : 12,20190129-181406,CF19012851141,CF 19012111211,OK,MAX,2, ,AUTO,0.10,3.00,1.41,OK,0.10,3.00,2.18,OK,0.10,3.00,1.25,OK,0.10,3.00,1.62,OK,
[18:14:57] : Cycle start ON
[18:14:58] : Cycle start OFF
[18:16:10] : Cycle start ON
[18:16:11] : Cycle start OFF
[18:16:16] : REQUEST MEAS. ON
[18:16:23] : REQUEST MEAS. OFF
[18:16:23] : end pos sig1 : 50.000000, 50.000000
[18:16:24] : 측정요구 ON 2
[18:16:31] : 측정요구 2OFF
[18:16:31] : end pos sig2 : -50.000000, -50.000000
[18:16:36] : 측정요구3 ON
[18:16:43] : 측정요구3 OFF
[18:16:43] : end pos sig3 : 50.000000, 50.000000
[18:16:43] : 측정요구4 ON
[18:16:50] : 측정요구4 OFF
[18:16:50] : end pos sig4 : -50.000000, -50.000000
[18:16:51] : 12,20190129-181651,CF19012851781,CF 19012112851,OK,MAX,2, ,AUTO,0.10,3.00,1.14,OK,0.10,3.00,1.14,OK,0.10,3.00,1.00,OK,0.10,3.00,1.02,OK,
[18:17:03] : Cycle start ON
[18:17:05] : Cycle start OFF
[18:17:09] : REQUEST MEAS. ON
[18:17:17] : REQUEST MEAS. OFF
[18:17:17] : end pos sig1 : 50.000000, 50.000000
[18:17:17] : 측정요구 ON 2
[18:17:25] : 측정요구 2OFF
[18:17:25] : end pos sig2 : -50.000000, -50.000000
[18:17:30] : 측정요구3 ON
[18:17:37] : 측정요구3 OFF
[18:17:37] : end pos sig3 : 50.000000, 50.000000
[18:17:38] : 측정요구4 ON
[18:17:45] : 측정요구4 OFF
[18:17:45] : end pos sig4 : -50.000000, -50.000000
[18:17:45] : 12,20190129-181746,CF19012852641,CF 19012112881,OK,MAX,2, ,AUTO,0.10,3.00,1.23,OK,0.10,3.00,0.85,OK,0.10,3.00,2.91,OK,0.10,3.00,1.25,OK,
[18:18:06] : Cycle start ON
[18:18:07] : Cycle start OFF
[18:18:12] : REQUEST MEAS. ON
[18:18:19] : REQUEST MEAS. OFF
[18:18:19] : end pos sig1 : 50.000000, 50.000000
[18:18:20] : 측정요구 ON 2
[18:18:27] : 측정요구 2OFF
[18:18:27] : end pos sig2 : -50.000000, -50.000000
[18:18:32] : 측정요구3 ON
[18:18:39] : 측정요구3 OFF
[18:18:39] : end pos sig3 : 50.000000, 50.000000
[18:18:39] : 측정요구4 ON
[18:18:46] : 측정요구4 OFF
[18:18:46] : end pos sig4 : -50.000000, -50.000000
[18:18:46] : 12,20190129-181847,CF19012851521,CF 19012113191,OK,MAX,2, ,AUTO,0.10,3.00,1.62,OK,0.10,3.00,1.09,OK,0.10,3.00,2.92,OK,0.10,3.00,1.62,OK,
[18:19:03] : Cycle start ON
[18:19:04] : Cycle start OFF
[18:19:09] : REQUEST MEAS. ON
[18:19:17] : REQUEST MEAS. OFF
[18:19:17] : end pos sig1 : 50.000000, 50.000000
[18:19:17] : 측정요구 ON 2
[18:19:25] : 측정요구 2OFF
[18:19:25] : end pos sig2 : -50.000000, -50.000000
[18:19:30] : 측정요구3 ON
[18:19:37] : 측정요구3 OFF
[18:19:37] : end pos sig3 : 50.000000, 50.000000
[18:19:37] : 측정요구4 ON
[18:19:44] : 측정요구4 OFF
[18:19:44] : end pos sig4 : -50.000000, -50.000000
[18:19:44] : 12,20190129-181945,CF19012851421,CF 19012111141,OK,MAX,2, ,AUTO,0.10,3.00,2.46,OK,0.10,3.00,2.20,OK,0.10,3.00,1.04,OK,0.10,3.00,1.11,OK,
[18:19:56] : Cycle start ON
[18:19:57] : Cycle start OFF
[18:20:02] : REQUEST MEAS. ON
[18:20:10] : REQUEST MEAS. OFF
[18:20:10] : end pos sig1 : 50.000000, 50.000000
[18:20:10] : 측정요구 ON 2
[18:20:18] : 측정요구 2OFF
[18:20:18] : end pos sig2 : -50.000000, -50.000000
[18:20:22] : 측정요구3 ON
[18:20:29] : 측정요구3 OFF
[18:20:29] : end pos sig3 : 50.000000, 50.000000
[18:20:30] : 측정요구4 ON
[18:20:37] : 측정요구4 OFF
[18:20:37] : end pos sig4 : -50.000000, -50.000000
[18:20:38] : 12,20190129-182038,CF19012851021,CF 19012111261,OK,MAX,2, ,AUTO,0.10,3.00,1.39,OK,0.10,3.00,2.88,OK,0.10,3.00,1.16,OK,0.10,3.00,0.95,OK,
[18:20:50] : Cycle start ON
[18:20:51] : Cycle start OFF
[18:20:56] : REQUEST MEAS. ON
[18:21:04] : REQUEST MEAS. OFF
[18:21:04] : end pos sig1 : 50.000000, 50.000000
[18:21:04] : 측정요구 ON 2
[18:21:12] : 측정요구 2OFF
[18:21:12] : end pos sig2 : -48.540000, -50.000000
[18:21:17] : 측정요구3 ON
[18:21:24] : 측정요구3 OFF
[18:21:24] : end pos sig3 : 50.000000, 50.000000
[18:21:24] : 측정요구4 ON
[18:21:33] : 측정요구4 OFF
[18:21:33] : end pos sig4 : -50.000000, -50.000000
[18:21:33] : 12,20190129-182133,CF19012852311,CF 19012110121,OK,MAX,2, ,AUTO,0.10,3.00,0.95,OK,0.10,3.00,0.81,OK,0.10,3.00,1.28,OK,0.10,3.00,1.18,OK,
[18:21:45] : Cycle start ON
[18:21:46] : Cycle start OFF
[18:21:51] : REQUEST MEAS. ON
[18:21:59] : REQUEST MEAS. OFF
[18:21:59] : end pos sig1 : 50.000000, 50.000000
[18:21:59] : 측정요구 ON 2
[18:22:06] : 측정요구 2OFF
[18:22:06] : end pos sig2 : -50.000000, -50.000000
[18:22:11] : 측정요구3 ON
[18:22:18] : 측정요구3 OFF
[18:22:18] : end pos sig3 : 50.000000, 50.000000
[18:22:18] : 측정요구4 ON
[18:22:26] : 측정요구4 OFF
[18:22:26] : end pos sig4 : -50.000000, -50.000000
[18:22:26] : 12,20190129-182226,CF19012851481,CF 19012110021,OK,MAX,2, ,AUTO,0.10,3.00,0.83,OK,0.10,3.00,0.86,OK,0.10,3.00,1.41,OK,0.10,3.00,0.77,OK,
[18:32:25] : AUTO RUNNING OFF
[18:37:17] : MEAS ESC ON
[18:37:19] : MEAS ESC OFF
[18:37:19] : AUTO RUNNING ON
[18:38:56] : AUTO RUNNING OFF
[18:43:23] : PROGRAM END
 
[18:44:37] : PROGRAM START
[18:44:54] : AUTO RUNNING OFF
[18:44:54] : REQUEST MEAS. OFF
[18:44:54] : end pos sig1 : 50.000000, 50.000000
[18:44:54] : end pos sig2 : 50.000000, 50.000000
[18:44:54] : end pos sig3 : 50.000000, 50.000000
[18:44:54] : REQUEST ZEROSET OFF
[18:44:54] : REQUEST ZEROSET OFF
[18:44:54] : end pos sig4 : 50.000000, 50.000000
[18:45:04] : PROGRAM END
 
[18:45:14] : PROGRAM START
[18:45:29] : AUTO RUNNING OFF
[18:45:29] : REQUEST MEAS. OFF
[18:45:29] : end pos sig1 : 50.000000, 50.000000
[18:45:29] : end pos sig2 : 50.000000, 50.000000
[18:45:29] : end pos sig3 : 50.000000, 50.000000
[18:45:29] : REQUEST ZEROSET OFF
[18:45:29] : REQUEST ZEROSET OFF
[18:45:29] : end pos sig4 : 50.000000, 50.000000
[19:34:40] : MEAS ESC ON
[19:36:49] : MEAS ESC OFF
 
