 
[06-15-2018] [15:19:11] : MEAS ESC ON
[06-15-2018] [15:19:11] : M3400	비상입니다. ON
[06-15-2018] [17:20:55] : MEAS ESC OFF
[06-15-2018] [17:20:55] : RESET ON
[06-15-2018] [17:20:55] : M3400	비상입니다. OFF
[06-15-2018] [17:20:58] : MEAS ESC ON
[06-15-2018] [17:20:58] : M3400	비상입니다. ON
[06-15-2018] [17:21:07] : MEAS ESC OFF
[06-15-2018] [17:21:07] : RESET ON
[06-15-2018] [17:21:07] : M3400	비상입니다. OFF
[06-15-2018] [17:21:33] : MEAS ON 2
[06-15-2018] [17:21:39] : MEAS 2OFF
[06-15-2018] [17:22:18] : MEAS ON 2
[06-15-2018] [17:22:24] : MEAS 2OFF
[06-15-2018] [17:22:55] : MEAS ON 2
[06-15-2018] [17:23:01] : MEAS 2OFF
[06-15-2018] [17:23:24] : MEAS ON 2
[06-15-2018] [17:23:30] : MEAS 2OFF
[06-15-2018] [17:24:04] : MEAS ON 2
[06-15-2018] [17:24:10] : MEAS 2OFF
[06-15-2018] [17:24:47] : MEAS ON 2
[06-15-2018] [17:24:53] : MEAS 2OFF
[06-15-2018] [17:25:26] : MEAS ON 2
[06-15-2018] [17:25:32] : MEAS 2OFF
[06-15-2018] [17:26:04] : MEAS ON 2
[06-15-2018] [17:26:10] : MEAS 2OFF
[06-15-2018] [17:26:32] : MEAS ON 2
[06-15-2018] [17:26:38] : MEAS 2OFF
[06-15-2018] [17:27:03] : MEAS ON 2
[06-15-2018] [17:27:09] : MEAS 2OFF
[06-15-2018] [17:27:23] : MEAS ON 2
[06-15-2018] [17:27:29] : MEAS 2OFF
[06-15-2018] [17:27:47] : MEAS ON 2
[06-15-2018] [17:27:53] : MEAS 2OFF
[06-15-2018] [17:28:09] : MEAS ON 2
[06-15-2018] [17:28:15] : MEAS 2OFF
[06-15-2018] [17:28:34] : MEAS ON 2
[06-15-2018] [17:28:40] : MEAS 2OFF
[06-15-2018] [17:28:56] : MEAS ON 2
[06-15-2018] [17:29:02] : MEAS 2OFF
[06-15-2018] [17:29:42] : MEAS ON 2
[06-15-2018] [17:29:48] : MEAS 2OFF
[06-15-2018] [17:30:04] : MEAS ON 2
[06-15-2018] [17:30:10] : MEAS 2OFF
[06-15-2018] [17:30:28] : MEAS ON 2
[06-15-2018] [17:30:34] : MEAS 2OFF
[06-15-2018] [17:30:50] : MEAS ON 2
[06-15-2018] [17:30:56] : MEAS 2OFF
[06-15-2018] [17:31:15] : MEAS ON 2
[06-15-2018] [17:31:21] : MEAS 2OFF
[06-15-2018] [17:31:39] : MEAS ON 2
[06-15-2018] [17:31:45] : MEAS 2OFF
[06-15-2018] [17:40:22] : MEAS ON 2
[06-15-2018] [17:40:28] : MEAS 2OFF
[06-15-2018] [17:40:46] : MEAS ON 2
[06-15-2018] [17:40:52] : MEAS 2OFF
[06-15-2018] [17:41:07] : MEAS ON 2
[06-15-2018] [17:41:12] : MEAS 2OFF
[06-15-2018] [17:41:31] : MEAS ON 2
[06-15-2018] [17:41:37] : MEAS 2OFF
[06-15-2018] [17:41:53] : MEAS ON 2
[06-15-2018] [17:41:58] : MEAS 2OFF
[06-15-2018] [17:42:17] : MEAS ON 2
[06-15-2018] [17:42:23] : MEAS 2OFF
[06-15-2018] [17:42:57] : MEAS ON 2
[06-15-2018] [17:43:03] : MEAS 2OFF
[06-15-2018] [17:43:39] : MEAS ON 2
[06-15-2018] [17:43:45] : MEAS 2OFF
[06-15-2018] [17:44:03] : MEAS ON 2
[06-15-2018] [17:44:09] : MEAS 2OFF
[06-15-2018] [17:44:28] : MEAS ON 2
[06-15-2018] [17:44:34] : MEAS 2OFF
[06-15-2018] [17:44:51] : MEAS ON 2
[06-15-2018] [17:44:57] : MEAS 2OFF
[06-15-2018] [17:45:16] : MEAS ON 2
[06-15-2018] [17:45:22] : MEAS 2OFF
[06-15-2018] [17:45:39] : MEAS ON 2
[06-15-2018] [17:45:45] : MEAS 2OFF
[06-15-2018] [17:46:00] : MEAS ON 2
[06-15-2018] [17:46:06] : MEAS 2OFF
[06-15-2018] [18:16:23] : MEAS ESC ON
[06-15-2018] [18:16:23] : M3400	비상입니다. ON
[06-15-2018] [18:16:53] : PROGRAM END
 
