[06-01-2018] [09:08:27] : PROGRAM START
 
[06-01-2018] [10:37:39] : PROGRAM START
[06-01-2018] [10:37:39] : GetOrbitFunctionAddresses Failed 
[06-01-2018] [10:53:54] : Plc Error Timer
 
[06-01-2018] [11:50:06] : Plc Error Timer
[06-01-2018] [12:25:11] : PROGRAM END
 
[06-01-2018] [12:25:22] : PROGRAM END
 
[06-01-2018] [12:25:29] : PROGRAM START
[06-01-2018] [12:26:25] : REQUEST ZEROSET ON
[06-01-2018] [12:26:31] : REQUEST ZEROSET OFF
[06-01-2018] [12:26:48] : REQUEST ZEROSET ON
[06-01-2018] [12:26:53] : REQUEST ZEROSET OFF
[06-01-2018] [12:27:50] : MEAS ON 2
[06-01-2018] [12:27:56] : MEAS 2OFF
[06-01-2018] [12:28:57] : MEAS ON 2
[06-01-2018] [12:29:03] : MEAS 2OFF
[06-01-2018] [12:29:30] : MEAS ON 2
[06-01-2018] [12:29:36] : MEAS 2OFF
[06-01-2018] [12:31:02] : MEAS ON 2
[06-01-2018] [12:31:08] : MEAS 2OFF
[06-01-2018] [12:32:36] : MEAS ON 2
[06-01-2018] [12:32:42] : MEAS 2OFF
[06-01-2018] [12:33:24] : MEAS ON 2
[06-01-2018] [12:33:30] : MEAS 2OFF
[06-01-2018] [12:34:21] : MEAS ON 2
[06-01-2018] [12:34:27] : MEAS 2OFF
[06-01-2018] [12:35:04] : MEAS ON 2
[06-01-2018] [12:35:10] : MEAS 2OFF
[06-01-2018] [12:35:55] : MEAS ON 2
[06-01-2018] [12:36:01] : MEAS 2OFF
[06-01-2018] [12:36:49] : MEAS ON 2
[06-01-2018] [12:36:55] : MEAS 2OFF
[06-01-2018] [12:38:06] : MEAS ON 2
[06-01-2018] [12:38:11] : MEAS 2OFF
[06-01-2018] [12:40:56] : MEAS ON 2
[06-01-2018] [12:41:02] : MEAS 2OFF
[06-01-2018] [12:42:28] : MEAS ON 2
[06-01-2018] [12:42:34] : MEAS 2OFF
[06-01-2018] [12:43:11] : MEAS ON 2
[06-01-2018] [12:43:17] : MEAS 2OFF
[06-01-2018] [12:43:52] : MEAS ON 2
[06-01-2018] [12:43:58] : MEAS 2OFF
[06-01-2018] [12:44:49] : MEAS ON 2
[06-01-2018] [12:44:55] : MEAS 2OFF
[06-01-2018] [12:45:43] : MEAS ON 2
[06-01-2018] [12:45:48] : MEAS 2OFF
[06-01-2018] [12:46:22] : MEAS ON 2
[06-01-2018] [12:46:28] : MEAS 2OFF
[06-01-2018] [12:47:01] : MEAS ON 2
[06-01-2018] [12:47:07] : MEAS 2OFF
[06-01-2018] [12:49:33] : MEAS ON 2
[06-01-2018] [12:49:39] : MEAS 2OFF
[06-01-2018] [12:49:53] : MEAS ON 2
[06-01-2018] [12:49:59] : MEAS 2OFF
[06-01-2018] [12:50:17] : MEAS ON 2
[06-01-2018] [12:50:23] : MEAS 2OFF
[06-01-2018] [12:50:38] : MEAS ON 2
[06-01-2018] [12:50:44] : MEAS 2OFF
[06-01-2018] [12:51:32] : MEAS ON 2
[06-01-2018] [12:51:37] : MEAS 2OFF
[06-01-2018] [12:52:32] : MEAS ON 2
[06-01-2018] [12:52:38] : MEAS 2OFF
[06-01-2018] [12:53:27] : MEAS ON 2
[06-01-2018] [12:53:33] : MEAS 2OFF
[06-01-2018] [12:54:58] : MEAS ON 2
[06-01-2018] [12:55:03] : MEAS 2OFF
[06-01-2018] [12:57:30] : MEAS ON 2
[06-01-2018] [12:57:36] : MEAS 2OFF
[06-01-2018] [12:58:14] : MEAS ON 2
[06-01-2018] [12:58:20] : MEAS 2OFF
[06-01-2018] [12:58:39] : MEAS ON 2
[06-01-2018] [12:58:45] : MEAS 2OFF
[06-01-2018] [12:59:01] : MEAS ON 2
[06-01-2018] [12:59:06] : MEAS 2OFF
[06-01-2018] [12:59:26] : MEAS ON 2
[06-01-2018] [12:59:32] : MEAS 2OFF
[06-01-2018] [12:59:49] : MEAS ON 2
[06-01-2018] [12:59:55] : MEAS 2OFF
[06-01-2018] [13:00:38] : MEAS ON 2
[06-01-2018] [13:00:43] : MEAS 2OFF
[06-01-2018] [13:01:02] : MEAS ON 2
[06-01-2018] [13:01:08] : MEAS 2OFF
[06-01-2018] [13:01:23] : MEAS ON 2
[06-01-2018] [13:01:29] : MEAS 2OFF
[06-01-2018] [13:01:48] : MEAS ON 2
[06-01-2018] [13:01:54] : MEAS 2OFF
[06-01-2018] [13:02:39] : MEAS ON 2
[06-01-2018] [13:02:45] : MEAS 2OFF
[06-01-2018] [13:06:59] : MEAS ON 2
[06-01-2018] [13:07:05] : MEAS 2OFF
[06-01-2018] [13:07:21] : MEAS ON 2
[06-01-2018] [13:07:27] : MEAS 2OFF
[06-01-2018] [13:07:46] : MEAS ON 2
[06-01-2018] [13:07:51] : MEAS 2OFF
[06-01-2018] [13:08:10] : MEAS ON 2
[06-01-2018] [13:08:16] : MEAS 2OFF
[06-01-2018] [13:08:31] : MEAS ON 2
[06-01-2018] [13:08:36] : MEAS 2OFF
[06-01-2018] [13:08:54] : MEAS ON 2
[06-01-2018] [13:09:00] : MEAS 2OFF
[06-01-2018] [13:09:15] : MEAS ON 2
[06-01-2018] [13:09:21] : MEAS 2OFF
[06-01-2018] [13:09:40] : MEAS ON 2
[06-01-2018] [13:09:46] : MEAS 2OFF
[06-01-2018] [13:10:03] : MEAS ON 2
[06-01-2018] [13:10:09] : MEAS 2OFF
[06-01-2018] [13:10:23] : MEAS ON 2
[06-01-2018] [13:10:29] : MEAS 2OFF
[06-01-2018] [13:11:32] : REQUEST ZEROSET ON
[06-01-2018] [13:11:38] : REQUEST ZEROSET OFF
[06-01-2018] [13:11:55] : REQUEST ZEROSET ON
[06-01-2018] [13:12:01] : REQUEST ZEROSET OFF
[06-01-2018] [13:12:22] : REQUEST ZEROSET ON
[06-01-2018] [13:12:27] : REQUEST ZEROSET OFF
[06-01-2018] [13:14:04] : MEAS ON 2
[06-01-2018] [13:14:10] : MEAS 2OFF
[06-01-2018] [13:16:29] : MEAS ON 2
[06-01-2018] [13:16:35] : MEAS 2OFF
[06-01-2018] [13:20:55] : MEAS ON 2
[06-01-2018] [13:21:01] : MEAS 2OFF
[06-01-2018] [13:21:29] : MEAS ON 2
[06-01-2018] [13:21:35] : MEAS 2OFF
[06-01-2018] [13:23:31] : MEAS ON 2
[06-01-2018] [13:23:37] : MEAS 2OFF
[06-01-2018] [13:24:25] : MEAS ON 2
[06-01-2018] [13:24:31] : MEAS 2OFF
[06-01-2018] [13:24:58] : MEAS ON 2
[06-01-2018] [13:25:04] : MEAS 2OFF
[06-01-2018] [13:25:43] : MEAS ON 2
[06-01-2018] [13:25:49] : MEAS 2OFF
[06-01-2018] [13:26:23] : MEAS ON 2
[06-01-2018] [13:26:29] : MEAS 2OFF
[06-01-2018] [13:27:56] : MEAS ON 2
[06-01-2018] [13:28:02] : MEAS 2OFF
[06-01-2018] [13:47:51] : MEAS ON 2
[06-01-2018] [13:47:57] : MEAS 2OFF
[06-01-2018] [15:39:24] : MEAS ON 2
[06-01-2018] [15:39:30] : MEAS 2OFF
[06-01-2018] [15:40:00] : MEAS ON 2
[06-01-2018] [15:40:06] : MEAS 2OFF
[06-01-2018] [15:51:05] : MEAS ON 2
[06-01-2018] [15:51:10] : MEAS 2OFF
[06-01-2018] [16:04:53] : MEAS ON 2
[06-01-2018] [16:04:59] : MEAS 2OFF
[06-01-2018] [16:06:20] : REQUEST ZEROSET ON
[06-01-2018] [16:06:26] : REQUEST ZEROSET OFF
[06-01-2018] [16:06:45] : REQUEST ZEROSET ON
[06-01-2018] [16:06:51] : REQUEST ZEROSET OFF
[06-01-2018] [16:07:08] : REQUEST ZEROSET ON
[06-01-2018] [16:07:14] : REQUEST ZEROSET OFF
[06-01-2018] [16:07:37] : REQUEST ZEROSET ON
[06-01-2018] [16:07:42] : REQUEST ZEROSET OFF
[06-01-2018] [16:08:05] : REQUEST ZEROSET ON
[06-01-2018] [16:08:11] : REQUEST ZEROSET OFF
[06-01-2018] [16:08:27] : REQUEST ZEROSET ON
[06-01-2018] [16:08:33] : REQUEST ZEROSET OFF
[06-01-2018] [16:35:08] : MEAS ON 2
[06-01-2018] [16:35:14] : MEAS 2OFF
[06-01-2018] [16:35:52] : MEAS ON 2
[06-01-2018] [16:35:58] : MEAS 2OFF
[06-01-2018] [16:37:10] : MEAS ON 2
[06-01-2018] [16:37:16] : MEAS 2OFF
[06-01-2018] [16:37:50] : MEAS ON 2
[06-01-2018] [16:37:56] : MEAS 2OFF
[06-01-2018] [16:39:49] : MEAS ON 2
[06-01-2018] [16:39:55] : MEAS 2OFF
[06-01-2018] [16:40:34] : MEAS ESC ON
[06-01-2018] [16:40:34] : M3400	비상입니다. ON
[06-01-2018] [16:40:43] : MEAS ESC OFF
[06-01-2018] [16:40:43] : RESET ON
[06-01-2018] [16:40:43] : M3400	비상입니다. OFF
[06-01-2018] [16:41:03] : MEAS ON 2
[06-01-2018] [16:41:09] : MEAS 2OFF
[06-01-2018] [16:41:52] : MEAS ON 2
[06-01-2018] [16:41:58] : MEAS 2OFF
[06-01-2018] [16:42:35] : MEAS ON 2
[06-01-2018] [16:42:41] : MEAS 2OFF
[06-01-2018] [16:43:16] : MEAS ON 2
[06-01-2018] [16:43:22] : MEAS 2OFF
[06-01-2018] [16:44:56] : MEAS ON 2
[06-01-2018] [16:45:02] : MEAS 2OFF
[06-01-2018] [16:45:40] : REQUEST ZEROSET ON
[06-01-2018] [16:45:45] : REQUEST ZEROSET OFF
[06-01-2018] [16:46:05] : REQUEST ZEROSET ON
[06-01-2018] [16:46:11] : REQUEST ZEROSET OFF
[06-01-2018] [16:46:30] : REQUEST ZEROSET ON
[06-01-2018] [16:46:36] : REQUEST ZEROSET OFF
[06-01-2018] [16:46:54] : REQUEST ZEROSET ON
[06-01-2018] [16:46:59] : REQUEST ZEROSET OFF
[06-01-2018] [16:47:32] : MEAS ON 2
[06-01-2018] [16:47:37] : MEAS 2OFF
[06-01-2018] [16:47:54] : MEAS ON 2
[06-01-2018] [16:48:00] : MEAS 2OFF
[06-01-2018] [16:48:14] : MEAS ON 2
[06-01-2018] [16:48:20] : MEAS 2OFF
[06-01-2018] [16:48:38] : MEAS ON 2
[06-01-2018] [16:48:44] : MEAS 2OFF
[06-01-2018] [16:48:59] : MEAS ON 2
[06-01-2018] [16:49:05] : MEAS 2OFF
[06-01-2018] [16:49:23] : MEAS ON 2
[06-01-2018] [16:49:29] : MEAS 2OFF
[06-01-2018] [16:49:46] : MEAS ON 2
[06-01-2018] [16:49:52] : MEAS 2OFF
[06-01-2018] [16:50:11] : MEAS ON 2
[06-01-2018] [16:50:17] : MEAS 2OFF
[06-01-2018] [16:50:34] : MEAS ON 2
[06-01-2018] [16:50:40] : MEAS 2OFF
[06-01-2018] [16:50:55] : MEAS ON 2
[06-01-2018] [16:51:00] : MEAS 2OFF
[06-01-2018] [16:51:56] : MEAS ON 2
[06-01-2018] [16:52:02] : MEAS 2OFF
[06-01-2018] [16:52:52] : MEAS ON 2
[06-01-2018] [16:52:58] : MEAS 2OFF
[06-01-2018] [16:53:12] : MEAS ON 2
[06-01-2018] [16:53:18] : MEAS 2OFF
[06-01-2018] [16:53:35] : MEAS ON 2
[06-01-2018] [16:53:41] : MEAS 2OFF
[06-01-2018] [16:53:57] : MEAS ON 2
[06-01-2018] [16:54:03] : MEAS 2OFF
[06-01-2018] [16:54:21] : MEAS ON 2
[06-01-2018] [16:54:27] : MEAS 2OFF
[06-01-2018] [16:54:43] : MEAS ON 2
[06-01-2018] [16:54:49] : MEAS 2OFF
[06-01-2018] [16:55:08] : MEAS ON 2
[06-01-2018] [16:55:13] : MEAS 2OFF
[06-01-2018] [16:55:30] : MEAS ON 2
[06-01-2018] [16:55:36] : MEAS 2OFF
[06-01-2018] [16:55:52] : MEAS ON 2
[06-01-2018] [16:55:57] : MEAS 2OFF
[06-01-2018] [16:56:15] : MEAS ON 2
[06-01-2018] [16:56:21] : MEAS 2OFF
[06-01-2018] [17:09:49] : MEAS ON 2
[06-01-2018] [17:09:55] : MEAS 2OFF
[06-01-2018] [17:12:19] : MEAS ON 2
[06-01-2018] [17:12:25] : MEAS 2OFF
[06-01-2018] [17:14:21] : MEAS ON 2
[06-01-2018] [17:14:27] : MEAS 2OFF
[06-01-2018] [17:15:04] : MEAS ON 2
[06-01-2018] [17:15:10] : MEAS 2OFF
[06-01-2018] [17:15:42] : MEAS ON 2
[06-01-2018] [17:15:48] : MEAS 2OFF
[06-01-2018] [17:17:19] : MEAS ON 2
[06-01-2018] [17:17:25] : MEAS 2OFF
[06-01-2018] [17:18:21] : MEAS ON 2
[06-01-2018] [17:18:27] : MEAS 2OFF
[06-01-2018] [17:19:31] : MEAS ON 2
[06-01-2018] [17:19:37] : MEAS 2OFF
[06-01-2018] [17:20:58] : MEAS ON 2
[06-01-2018] [17:20:59] : MEAS ESC ON
[06-01-2018] [17:20:59] : MEAS 2OFF
[06-01-2018] [17:20:59] : M3400	비상입니다. ON
[06-01-2018] [17:20:59] : M3423	DTV 측정 동작 알람 ON
[06-01-2018] [17:21:05] : MEAS ESC OFF
[06-01-2018] [17:21:05] : RESET ON
[06-01-2018] [17:21:05] : M3400	비상입니다. OFF
[06-01-2018] [17:21:05] : M3423	DTV 측정 동작 알람 OFF
[06-01-2018] [17:21:31] : MEAS ON 2
[06-01-2018] [17:21:37] : MEAS 2OFF
[06-01-2018] [17:22:24] : MEAS ON 2
[06-01-2018] [17:22:30] : MEAS 2OFF
[06-01-2018] [17:23:27] : MEAS ON 2
[06-01-2018] [17:23:33] : MEAS 2OFF
[06-01-2018] [17:24:02] : MEAS ON 2
[06-01-2018] [17:24:07] : MEAS 2OFF
[06-01-2018] [17:26:09] : MEAS ON 2
[06-01-2018] [17:26:15] : MEAS 2OFF
[06-01-2018] [18:09:26] : MEAS ON 2
[06-01-2018] [18:09:32] : MEAS 2OFF
[06-01-2018] [18:12:33] : MEAS ON 2
[06-01-2018] [18:12:39] : MEAS 2OFF
[06-01-2018] [18:14:37] : MEAS ON 2
[06-01-2018] [18:14:43] : MEAS 2OFF
[06-01-2018] [18:15:36] : MEAS ON 2
[06-01-2018] [18:15:42] : MEAS 2OFF
[06-01-2018] [18:16:12] : MEAS ON 2
[06-01-2018] [18:16:18] : MEAS 2OFF
[06-01-2018] [18:16:56] : MEAS ON 2
[06-01-2018] [18:17:02] : MEAS 2OFF
[06-01-2018] [18:18:46] : MEAS ON 2
[06-01-2018] [18:18:52] : MEAS 2OFF
[06-01-2018] [18:19:26] : MEAS ON 2
[06-01-2018] [18:19:32] : MEAS 2OFF
[06-01-2018] [18:46:44] : MEAS ON 2
[06-01-2018] [18:46:50] : MEAS 2OFF
[06-01-2018] [18:47:49] : MEAS ON 2
[06-01-2018] [18:47:55] : MEAS 2OFF
[06-01-2018] [18:48:33] : MEAS ON 2
[06-01-2018] [18:48:39] : MEAS 2OFF
[06-01-2018] [18:50:22] : MEAS ON 2
[06-01-2018] [18:50:28] : MEAS 2OFF
[06-01-2018] [18:50:45] : MEAS ON 2
[06-01-2018] [18:50:50] : MEAS 2OFF
[06-01-2018] [18:51:10] : MEAS ON 2
[06-01-2018] [18:51:16] : MEAS 2OFF
[06-01-2018] [18:51:32] : MEAS ON 2
[06-01-2018] [18:51:38] : MEAS 2OFF
[06-01-2018] [18:51:53] : MEAS ON 2
[06-01-2018] [18:51:59] : MEAS 2OFF
[06-01-2018] [18:52:16] : MEAS ON 2
[06-01-2018] [18:52:22] : MEAS 2OFF
[06-01-2018] [18:52:39] : MEAS ON 2
[06-01-2018] [18:52:44] : MEAS 2OFF
[06-01-2018] [18:53:04] : MEAS ON 2
[06-01-2018] [18:53:10] : MEAS 2OFF
[06-01-2018] [18:53:26] : MEAS ON 2
[06-01-2018] [18:53:32] : MEAS 2OFF
[06-01-2018] [18:53:47] : MEAS ON 2
[06-01-2018] [18:53:53] : MEAS 2OFF
[06-01-2018] [18:54:34] : MEAS ON 2
[06-01-2018] [18:54:40] : MEAS 2OFF
[06-01-2018] [18:54:56] : MEAS ON 2
[06-01-2018] [18:55:02] : MEAS 2OFF
[06-01-2018] [18:55:20] : MEAS ON 2
[06-01-2018] [18:55:26] : MEAS 2OFF
[06-01-2018] [18:57:31] : MEAS ON 2
[06-01-2018] [18:57:37] : MEAS 2OFF
[06-01-2018] [18:57:54] : MEAS ON 2
[06-01-2018] [18:58:00] : MEAS 2OFF
[06-01-2018] [18:58:14] : MEAS ON 2
[06-01-2018] [18:58:20] : MEAS 2OFF
[06-01-2018] [18:58:38] : MEAS ON 2
[06-01-2018] [18:58:44] : MEAS 2OFF
[06-01-2018] [18:59:00] : MEAS ON 2
[06-01-2018] [18:59:06] : MEAS 2OFF
[06-01-2018] [18:59:24] : MEAS ON 2
[06-01-2018] [18:59:30] : MEAS 2OFF
[06-01-2018] [18:59:46] : MEAS ON 2
[06-01-2018] [18:59:52] : MEAS 2OFF
[06-01-2018] [19:00:07] : MEAS ON 2
[06-01-2018] [19:00:13] : MEAS 2OFF
[06-01-2018] [19:00:30] : MEAS ON 2
[06-01-2018] [19:00:36] : MEAS 2OFF
[06-01-2018] [19:00:52] : MEAS ON 2
[06-01-2018] [19:00:58] : MEAS 2OFF
[06-01-2018] [19:01:27] : MEAS ON 2
[06-01-2018] [19:01:33] : MEAS 2OFF
[06-01-2018] [19:01:50] : MEAS ON 2
[06-01-2018] [19:01:56] : MEAS 2OFF
[06-01-2018] [19:02:15] : MEAS ON 2
[06-01-2018] [19:02:21] : MEAS 2OFF
[06-01-2018] [19:02:37] : PROGRAM END
 
[06-01-2018] [19:02:45] : PROGRAM START
[06-01-2018] [19:03:16] : REQUEST ZEROSET ON
[06-01-2018] [19:03:21] : REQUEST ZEROSET OFF
[06-01-2018] [19:03:40] : REQUEST ZEROSET ON
[06-01-2018] [19:03:45] : REQUEST ZEROSET OFF
[06-01-2018] [19:04:02] : REQUEST ZEROSET ON
[06-01-2018] [19:04:07] : REQUEST ZEROSET OFF
[06-01-2018] [19:05:58] : MEAS ON 2
[06-01-2018] [19:06:04] : MEAS 2OFF
[06-01-2018] [19:06:20] : MEAS ON 2
[06-01-2018] [19:06:25] : MEAS 2OFF
[06-01-2018] [19:06:45] : MEAS ON 2
[06-01-2018] [19:06:51] : MEAS 2OFF
[06-01-2018] [19:07:08] : MEAS ON 2
[06-01-2018] [19:07:13] : MEAS 2OFF
[06-01-2018] [19:07:28] : MEAS ON 2
[06-01-2018] [19:07:34] : MEAS 2OFF
[06-01-2018] [19:07:51] : MEAS ON 2
[06-01-2018] [19:07:57] : MEAS 2OFF
[06-01-2018] [19:08:13] : MEAS ON 2
[06-01-2018] [19:08:19] : MEAS 2OFF
[06-01-2018] [19:08:38] : MEAS ON 2
[06-01-2018] [19:08:44] : MEAS 2OFF
[06-01-2018] [19:09:00] : MEAS ON 2
[06-01-2018] [19:09:06] : MEAS 2OFF
[06-01-2018] [19:09:21] : MEAS ON 2
[06-01-2018] [19:09:27] : MEAS 2OFF
[06-01-2018] [19:10:22] : MEAS ON 2
[06-01-2018] [19:10:28] : MEAS 2OFF
[06-01-2018] [19:10:44] : MEAS ON 2
[06-01-2018] [19:10:50] : MEAS 2OFF
[06-01-2018] [19:11:08] : MEAS ON 2
[06-01-2018] [19:11:14] : MEAS 2OFF
[06-01-2018] [19:11:30] : MEAS ON 2
[06-01-2018] [19:11:35] : MEAS 2OFF
[06-01-2018] [19:11:55] : MEAS ON 2
[06-01-2018] [19:12:00] : MEAS 2OFF
[06-01-2018] [19:12:18] : MEAS ON 2
[06-01-2018] [19:12:23] : MEAS 2OFF
[06-01-2018] [19:12:38] : MEAS ON 2
[06-01-2018] [19:12:44] : MEAS 2OFF
[06-01-2018] [19:13:02] : MEAS ON 2
[06-01-2018] [19:13:08] : MEAS 2OFF
[06-01-2018] [19:13:23] : MEAS ON 2
[06-01-2018] [19:13:29] : MEAS 2OFF
[06-01-2018] [19:13:48] : MEAS ON 2
[06-01-2018] [19:13:54] : MEAS 2OFF
[06-01-2018] [19:14:49] : MEAS ON 2
[06-01-2018] [19:14:55] : MEAS 2OFF
[06-01-2018] [19:15:10] : MEAS ON 2
[06-01-2018] [19:15:16] : MEAS 2OFF
[06-01-2018] [19:15:34] : MEAS ON 2
[06-01-2018] [19:15:40] : MEAS 2OFF
[06-01-2018] [19:15:56] : MEAS ON 2
[06-01-2018] [19:16:02] : MEAS 2OFF
[06-01-2018] [19:16:22] : MEAS ON 2
[06-01-2018] [19:16:27] : MEAS 2OFF
[06-01-2018] [19:16:45] : MEAS ON 2
[06-01-2018] [19:16:51] : MEAS 2OFF
[06-01-2018] [19:17:06] : MEAS ON 2
[06-01-2018] [19:17:11] : MEAS 2OFF
[06-01-2018] [19:17:30] : MEAS ON 2
[06-01-2018] [19:17:36] : MEAS 2OFF
[06-01-2018] [19:17:52] : MEAS ON 2
[06-01-2018] [19:17:57] : MEAS 2OFF
[06-01-2018] [19:18:17] : MEAS ON 2
[06-01-2018] [19:18:22] : MEAS 2OFF
[06-01-2018] [19:19:06] : MEAS ON 2
[06-01-2018] [19:19:12] : MEAS 2OFF
[06-01-2018] [19:19:30] : MEAS ON 2
[06-01-2018] [19:19:36] : MEAS 2OFF
[06-01-2018] [19:19:52] : MEAS ON 2
[06-01-2018] [19:19:57] : MEAS 2OFF
[06-01-2018] [19:20:17] : MEAS ON 2
[06-01-2018] [19:20:23] : MEAS 2OFF
[06-01-2018] [19:20:40] : MEAS ON 2
[06-01-2018] [19:20:45] : MEAS 2OFF
[06-01-2018] [19:21:00] : MEAS ON 2
[06-01-2018] [19:21:06] : MEAS 2OFF
[06-01-2018] [19:23:50] : MEAS ON 2
[06-01-2018] [19:23:56] : MEAS 2OFF
[06-01-2018] [19:24:11] : MEAS ON 2
[06-01-2018] [19:24:17] : MEAS 2OFF
[06-01-2018] [19:24:35] : MEAS ON 2
[06-01-2018] [19:24:41] : MEAS 2OFF
[06-01-2018] [19:24:58] : MEAS ON 2
[06-01-2018] [19:25:04] : MEAS 2OFF
[06-01-2018] [19:26:07] : MEAS ON 2
[06-01-2018] [19:26:12] : MEAS 2OFF
[06-01-2018] [19:26:30] : MEAS ON 2
[06-01-2018] [19:26:36] : MEAS 2OFF
[06-01-2018] [19:26:52] : MEAS ON 2
[06-01-2018] [19:26:58] : MEAS 2OFF
[06-01-2018] [19:27:16] : MEAS ON 2
[06-01-2018] [19:27:22] : MEAS 2OFF
[06-01-2018] [19:27:38] : MEAS ON 2
[06-01-2018] [19:27:44] : MEAS 2OFF
[06-01-2018] [19:28:03] : MEAS ON 2
[06-01-2018] [19:28:09] : MEAS 2OFF
[06-01-2018] [19:28:27] : MEAS ON 2
[06-01-2018] [19:28:33] : MEAS 2OFF
[06-01-2018] [19:28:48] : MEAS ON 2
[06-01-2018] [19:28:53] : MEAS 2OFF
[06-01-2018] [19:29:12] : MEAS ON 2
[06-01-2018] [19:29:18] : MEAS 2OFF
[06-01-2018] [19:29:34] : MEAS ON 2
[06-01-2018] [19:29:39] : MEAS 2OFF
[06-01-2018] [19:35:48] : MEAS ON 2
[06-01-2018] [19:35:54] : MEAS 2OFF
[06-01-2018] [19:36:08] : MEAS ON 2
[06-01-2018] [19:36:14] : MEAS 2OFF
[06-01-2018] [19:36:32] : MEAS ON 2
[06-01-2018] [19:36:38] : MEAS 2OFF
[06-01-2018] [19:36:53] : MEAS ON 2
[06-01-2018] [19:36:59] : MEAS 2OFF
[06-01-2018] [19:37:17] : MEAS ON 2
[06-01-2018] [19:37:23] : MEAS 2OFF
[06-01-2018] [19:41:43] : MEAS ON 2
[06-01-2018] [19:41:49] : MEAS 2OFF
[06-01-2018] [19:42:08] : MEAS ON 2
[06-01-2018] [19:42:14] : MEAS 2OFF
[06-01-2018] [19:42:32] : MEAS ON 2
[06-01-2018] [19:42:38] : MEAS 2OFF
[06-01-2018] [19:42:53] : MEAS ON 2
[06-01-2018] [19:42:59] : MEAS 2OFF
[06-01-2018] [19:43:17] : MEAS ON 2
[06-01-2018] [19:43:23] : MEAS 2OFF
[06-01-2018] [19:43:40] : MEAS ON 2
[06-01-2018] [19:43:46] : MEAS 2OFF
[06-01-2018] [19:44:05] : MEAS ON 2
[06-01-2018] [19:44:10] : MEAS 2OFF
[06-01-2018] [19:44:28] : MEAS ON 2
[06-01-2018] [19:44:33] : MEAS 2OFF
[06-01-2018] [19:44:48] : MEAS ON 2
[06-01-2018] [19:44:54] : MEAS 2OFF
[06-01-2018] [19:46:30] : MEAS ON 2
[06-01-2018] [19:46:36] : MEAS 2OFF
[06-01-2018] [19:46:54] : MEAS ON 2
[06-01-2018] [19:47:00] : MEAS 2OFF
[06-01-2018] [19:47:15] : MEAS ON 2
[06-01-2018] [19:47:21] : MEAS 2OFF
[06-01-2018] [19:47:40] : MEAS ON 2
[06-01-2018] [19:47:46] : MEAS 2OFF
[06-01-2018] [19:48:02] : MEAS ON 2
[06-01-2018] [19:48:09] : MEAS 2OFF
[06-01-2018] [19:50:23] : MEAS ON 2
[06-01-2018] [19:50:29] : MEAS 2OFF
[06-01-2018] [19:50:45] : MEAS ON 2
[06-01-2018] [19:50:51] : MEAS 2OFF
[06-01-2018] [19:51:09] : MEAS ON 2
[06-01-2018] [19:51:15] : MEAS 2OFF
[06-01-2018] [19:51:32] : MEAS ON 2
[06-01-2018] [19:51:38] : MEAS 2OFF
[06-01-2018] [19:52:36] : MEAS ON 2
[06-01-2018] [19:52:42] : MEAS 2OFF
[06-01-2018] [19:52:59] : MEAS ON 2
[06-01-2018] [19:53:05] : MEAS 2OFF
[06-01-2018] [19:53:40] : MEAS ON 2
[06-01-2018] [19:53:46] : MEAS 2OFF
[06-01-2018] [19:54:04] : MEAS ON 2
[06-01-2018] [19:54:10] : MEAS 2OFF
[06-01-2018] [19:54:27] : MEAS ON 2
[06-01-2018] [19:54:33] : MEAS 2OFF
[06-01-2018] [19:55:03] : MEAS ON 2
[06-01-2018] [19:55:09] : MEAS 2OFF
[06-01-2018] [19:55:26] : MEAS ON 2
[06-01-2018] [19:55:32] : MEAS 2OFF
[06-01-2018] [19:55:46] : MEAS ON 2
[06-01-2018] [19:55:52] : MEAS 2OFF
[06-01-2018] [19:56:10] : MEAS ON 2
[06-01-2018] [19:56:16] : MEAS 2OFF
[06-01-2018] [19:56:31] : MEAS ON 2
[06-01-2018] [19:56:37] : MEAS 2OFF
[06-01-2018] [19:56:56] : MEAS ON 2
[06-01-2018] [19:57:02] : MEAS 2OFF
[06-01-2018] [19:57:18] : MEAS ON 2
[06-01-2018] [19:57:24] : MEAS 2OFF
[06-01-2018] [19:57:39] : MEAS ON 2
[06-01-2018] [19:57:45] : MEAS 2OFF
[06-01-2018] [19:58:02] : MEAS ON 2
[06-01-2018] [19:58:08] : MEAS 2OFF
[06-01-2018] [19:58:24] : MEAS ON 2
[06-01-2018] [19:58:30] : MEAS 2OFF
[06-01-2018] [19:59:02] : MEAS ON 2
[06-01-2018] [19:59:08] : MEAS 2OFF
[06-01-2018] [19:59:23] : MEAS ON 2
[06-01-2018] [19:59:29] : MEAS 2OFF
[06-01-2018] [19:59:47] : MEAS ON 2
[06-01-2018] [19:59:53] : MEAS 2OFF
[06-01-2018] [20:00:08] : MEAS ON 2
[06-01-2018] [20:00:14] : MEAS 2OFF
[06-01-2018] [20:00:33] : MEAS ON 2
[06-01-2018] [20:00:39] : MEAS 2OFF
[06-01-2018] [20:00:55] : MEAS ON 2
[06-01-2018] [20:01:01] : MEAS 2OFF
[06-01-2018] [20:01:15] : MEAS ON 2
[06-01-2018] [20:01:21] : MEAS 2OFF
[06-01-2018] [20:01:39] : MEAS ON 2
[06-01-2018] [20:01:45] : MEAS 2OFF
[06-01-2018] [20:02:01] : MEAS ON 2
[06-01-2018] [20:02:07] : MEAS 2OFF
[06-01-2018] [20:02:25] : MEAS ON 2
[06-01-2018] [20:02:31] : MEAS 2OFF
[06-01-2018] [20:02:56] : MEAS ON 2
[06-01-2018] [20:03:02] : MEAS 2OFF
[06-01-2018] [20:03:31] : MEAS ON 2
[06-01-2018] [20:03:37] : MEAS 2OFF
[06-01-2018] [20:03:54] : MEAS ON 2
[06-01-2018] [20:03:59] : MEAS 2OFF
[06-01-2018] [20:04:18] : MEAS ON 2
[06-01-2018] [20:04:23] : MEAS 2OFF
[06-01-2018] [20:04:40] : MEAS ON 2
[06-01-2018] [20:04:46] : MEAS 2OFF
[06-01-2018] [20:05:01] : MEAS ON 2
[06-01-2018] [20:05:07] : MEAS 2OFF
[06-01-2018] [20:05:25] : MEAS ON 2
[06-01-2018] [20:05:31] : MEAS 2OFF
[06-01-2018] [20:05:47] : MEAS ON 2
[06-01-2018] [20:05:53] : MEAS 2OFF
[06-01-2018] [20:06:05] : PROGRAM END
 
[06-01-2018] [20:06:13] : PROGRAM START
[06-01-2018] [20:06:32] : PROGRAM END
 
