[05-15-2018] [09:20:06] : PROGRAM START
[05-15-2018] [09:20:06] : load project PLC
[05-15-2018] [09:20:26] : PROGRAM END
 
[05-15-2018] [09:24:43] : PROGRAM START
[05-15-2018] [09:24:43] : load project PLC
[05-15-2018] [09:25:00] : PROGRAM END
 
[05-15-2018] [09:26:08] : PROGRAM START
[05-15-2018] [09:26:08] : load project PLC
[05-15-2018] [09:26:23] : PROGRAM END
 
[05-15-2018] [09:27:36] : PROGRAM START
[05-15-2018] [09:27:36] : load project PLC
[05-15-2018] [09:28:10] : PROGRAM END
 
[05-15-2018] [10:23:24] : PROGRAM START
[05-15-2018] [10:23:24] : load project PLC
[05-15-2018] [10:25:42] : PROGRAM END
 
[05-15-2018] [10:30:18] : PROGRAM START
[05-15-2018] [10:30:18] : load project PLC
[05-15-2018] [10:30:53] : PROGRAM END
 
[05-15-2018] [10:33:00] : PROGRAM START
[05-15-2018] [10:33:00] : load project PLC
[05-15-2018] [10:34:29] : PROGRAM END
 
[05-15-2018] [10:34:58] : PROGRAM START
[05-15-2018] [10:34:58] : load project PLC
[05-15-2018] [10:36:46] : PROGRAM END
 
[05-15-2018] [10:38:51] : PROGRAM START
[05-15-2018] [10:38:51] : load project PLC
[05-15-2018] [10:47:07] : PROGRAM END
 
[05-15-2018] [10:47:51] : PROGRAM START
[05-15-2018] [10:47:51] : load project PLC
[05-15-2018] [11:08:00] : PROGRAM END
 
[05-15-2018] [11:10:24] : PROGRAM START
[05-15-2018] [11:10:24] : load project PLC
[05-15-2018] [11:10:59] : PROGRAM END
 
[05-15-2018] [11:11:42] : PROGRAM START
[05-15-2018] [11:11:42] : load project PLC
[05-15-2018] [11:11:49] : PROGRAM END
 
[05-15-2018] [11:22:40] : PROGRAM START
[05-15-2018] [11:22:40] : load project PLC
[05-15-2018] [11:24:41] : PROGRAM END
 
[05-15-2018] [11:25:57] : PROGRAM START
[05-15-2018] [11:25:57] : load project PLC
[05-15-2018] [11:30:44] : PROGRAM END
 
[05-15-2018] [13:16:45] : PROGRAM START
[05-15-2018] [13:16:45] : load project PLC
[05-15-2018] [13:16:53] : PROGRAM END
 
[05-15-2018] [13:17:02] : PROGRAM START
[05-15-2018] [13:17:02] : load project PLC
[05-15-2018] [13:17:57] : MEAS ON 2
[05-15-2018] [13:18:01] : MEAS 2OFF
[05-15-2018] [13:18:31] : MEAS ON 2
[05-15-2018] [13:18:36] : MEAS 2OFF
[05-15-2018] [13:19:04] : MEAS ON 2
[05-15-2018] [13:19:08] : MEAS 2OFF
[05-15-2018] [13:19:34] : MEAS ON 2
[05-15-2018] [13:19:39] : MEAS 2OFF
[05-15-2018] [13:20:00] : MEAS ON 2
[05-15-2018] [13:20:05] : MEAS 2OFF
[05-15-2018] [13:20:33] : MEAS ON 2
[05-15-2018] [13:20:38] : MEAS 2OFF
[05-15-2018] [13:21:28] : MEAS ON 2
[05-15-2018] [13:21:32] : MEAS 2OFF
[05-15-2018] [13:21:54] : MEAS ON 2
[05-15-2018] [13:21:59] : MEAS 2OFF
[05-15-2018] [13:22:20] : MEAS ON 2
[05-15-2018] [13:22:25] : MEAS 2OFF
[05-15-2018] [13:22:46] : MEAS ON 2
[05-15-2018] [13:22:51] : MEAS 2OFF
[05-15-2018] [13:23:12] : MEAS ON 2
[05-15-2018] [13:23:17] : MEAS 2OFF
[05-15-2018] [13:23:38] : MEAS ON 2
[05-15-2018] [13:23:43] : MEAS 2OFF
[05-15-2018] [13:24:04] : MEAS ON 2
[05-15-2018] [13:24:09] : MEAS 2OFF
[05-15-2018] [13:24:30] : MEAS ON 2
[05-15-2018] [13:24:35] : MEAS 2OFF
[05-15-2018] [13:24:57] : MEAS ON 2
[05-15-2018] [13:25:02] : MEAS 2OFF
[05-15-2018] [13:25:23] : MEAS ON 2
[05-15-2018] [13:25:28] : MEAS 2OFF
[05-15-2018] [13:26:30] : MEAS ON 2
[05-15-2018] [13:26:34] : MEAS 2OFF
[05-15-2018] [13:26:56] : MEAS ON 2
[05-15-2018] [13:27:01] : MEAS 2OFF
[05-15-2018] [13:27:22] : MEAS ON 2
[05-15-2018] [13:27:27] : MEAS 2OFF
[05-15-2018] [13:27:48] : MEAS ON 2
[05-15-2018] [13:27:53] : MEAS 2OFF
[05-15-2018] [13:28:14] : MEAS ON 2
[05-15-2018] [13:28:19] : MEAS 2OFF
[05-15-2018] [13:28:40] : MEAS ON 2
[05-15-2018] [13:28:45] : MEAS 2OFF
[05-15-2018] [13:29:06] : MEAS ON 2
[05-15-2018] [13:29:11] : MEAS 2OFF
[05-15-2018] [13:29:32] : MEAS ON 2
[05-15-2018] [13:29:37] : MEAS 2OFF
[05-15-2018] [13:29:58] : MEAS ON 2
[05-15-2018] [13:30:03] : MEAS 2OFF
[05-15-2018] [13:30:24] : MEAS ON 2
[05-15-2018] [13:30:29] : MEAS 2OFF
[05-15-2018] [13:32:48] : MEAS ON 2
[05-15-2018] [13:32:52] : MEAS 2OFF
[05-15-2018] [13:33:14] : MEAS ON 2
[05-15-2018] [13:33:19] : MEAS 2OFF
[05-15-2018] [13:33:40] : MEAS ON 2
[05-15-2018] [13:33:45] : MEAS 2OFF
[05-15-2018] [13:34:06] : MEAS ON 2
[05-15-2018] [13:34:11] : MEAS 2OFF
[05-15-2018] [13:34:33] : MEAS ON 2
[05-15-2018] [13:34:38] : MEAS 2OFF
[05-15-2018] [13:34:59] : MEAS ON 2
[05-15-2018] [13:35:04] : MEAS 2OFF
[05-15-2018] [13:35:25] : MEAS ON 2
[05-15-2018] [13:35:30] : MEAS 2OFF
[05-15-2018] [13:35:51] : MEAS ON 2
[05-15-2018] [13:35:56] : MEAS 2OFF
[05-15-2018] [13:36:17] : MEAS ON 2
[05-15-2018] [13:36:22] : MEAS 2OFF
[05-15-2018] [13:36:43] : MEAS ON 2
[05-15-2018] [13:36:48] : MEAS 2OFF
[05-15-2018] [13:40:58] : MEAS ON 2
[05-15-2018] [13:41:02] : MEAS 2OFF
[05-15-2018] [13:41:24] : MEAS ON 2
[05-15-2018] [13:41:29] : MEAS 2OFF
[05-15-2018] [13:41:52] : MEAS ON 2
[05-15-2018] [13:41:57] : MEAS 2OFF
[05-15-2018] [13:42:18] : MEAS ON 2
[05-15-2018] [13:42:22] : MEAS 2OFF
[05-15-2018] [13:42:44] : MEAS ON 2
[05-15-2018] [13:42:48] : MEAS 2OFF
[05-15-2018] [13:43:09] : MEAS ON 2
[05-15-2018] [13:43:13] : MEAS 2OFF
[05-15-2018] [13:43:35] : MEAS ON 2
[05-15-2018] [13:43:39] : MEAS 2OFF
[05-15-2018] [13:44:01] : MEAS ON 2
[05-15-2018] [13:44:05] : MEAS 2OFF
[05-15-2018] [13:44:26] : MEAS ON 2
[05-15-2018] [13:44:30] : MEAS 2OFF
[05-15-2018] [13:44:52] : MEAS ON 2
[05-15-2018] [13:44:56] : MEAS 2OFF
[05-15-2018] [14:09:43] : MEAS ON 2
[05-15-2018] [14:09:48] : MEAS 2OFF
[05-15-2018] [14:10:10] : MEAS ON 2
[05-15-2018] [14:10:14] : MEAS 2OFF
[05-15-2018] [14:10:35] : MEAS ON 2
[05-15-2018] [14:10:39] : MEAS 2OFF
[05-15-2018] [14:11:01] : MEAS ON 2
[05-15-2018] [14:11:05] : MEAS 2OFF
[05-15-2018] [14:11:26] : MEAS ON 2
[05-15-2018] [14:11:30] : MEAS 2OFF
[05-15-2018] [14:11:52] : MEAS ON 2
[05-15-2018] [14:11:56] : MEAS 2OFF
[05-15-2018] [14:12:18] : MEAS ON 2
[05-15-2018] [14:12:22] : MEAS 2OFF
[05-15-2018] [14:12:43] : MEAS ON 2
[05-15-2018] [14:12:47] : MEAS 2OFF
[05-15-2018] [14:13:09] : MEAS ON 2
[05-15-2018] [14:13:13] : MEAS 2OFF
[05-15-2018] [14:13:33] : MEAS ON 2
[05-15-2018] [14:13:38] : MEAS 2OFF
[05-15-2018] [14:16:43] : MEAS ON 2
[05-15-2018] [14:16:47] : MEAS 2OFF
[05-15-2018] [14:17:09] : MEAS ON 2
[05-15-2018] [14:17:13] : MEAS 2OFF
[05-15-2018] [14:17:34] : MEAS ON 2
[05-15-2018] [14:17:38] : MEAS 2OFF
[05-15-2018] [14:18:00] : MEAS ON 2
[05-15-2018] [14:18:04] : MEAS 2OFF
[05-15-2018] [14:18:28] : MEAS ON 2
[05-15-2018] [14:18:33] : MEAS 2OFF
[05-15-2018] [14:18:54] : MEAS ON 2
[05-15-2018] [14:18:58] : MEAS 2OFF
[05-15-2018] [14:19:19] : MEAS ON 2
[05-15-2018] [14:19:23] : MEAS 2OFF
[05-15-2018] [14:19:47] : MEAS ON 2
[05-15-2018] [14:19:51] : MEAS 2OFF
[05-15-2018] [14:20:13] : MEAS ON 2
[05-15-2018] [14:20:17] : MEAS 2OFF
[05-15-2018] [14:20:38] : MEAS ON 2
[05-15-2018] [14:20:42] : MEAS 2OFF
[05-15-2018] [14:22:35] : MEAS ON 2
[05-15-2018] [14:22:39] : MEAS 2OFF
[05-15-2018] [14:23:00] : MEAS ON 2
[05-15-2018] [14:23:04] : MEAS 2OFF
[05-15-2018] [14:23:26] : MEAS ON 2
[05-15-2018] [14:23:30] : MEAS 2OFF
[05-15-2018] [14:23:54] : MEAS ON 2
[05-15-2018] [14:23:58] : MEAS 2OFF
[05-15-2018] [14:24:20] : MEAS ON 2
[05-15-2018] [14:24:24] : MEAS 2OFF
[05-15-2018] [14:24:45] : MEAS ON 2
[05-15-2018] [14:24:49] : MEAS 2OFF
[05-15-2018] [14:25:11] : MEAS ON 2
[05-15-2018] [14:25:15] : MEAS 2OFF
[05-15-2018] [14:25:35] : MEAS ON 2
[05-15-2018] [14:25:40] : MEAS 2OFF
[05-15-2018] [14:26:35] : MEAS ON 2
[05-15-2018] [14:26:39] : MEAS 2OFF
[05-15-2018] [14:30:19] : MEAS ON 2
[05-15-2018] [14:30:23] : MEAS 2OFF
[05-15-2018] [14:30:45] : MEAS ON 2
[05-15-2018] [14:30:49] : MEAS 2OFF
[05-15-2018] [14:31:11] : MEAS ON 2
[05-15-2018] [14:31:15] : MEAS 2OFF
[05-15-2018] [14:31:36] : MEAS ON 2
[05-15-2018] [14:31:40] : MEAS 2OFF
[05-15-2018] [14:32:43] : MEAS ON 2
[05-15-2018] [14:32:48] : MEAS 2OFF
[05-15-2018] [14:33:08] : MEAS ON 2
[05-15-2018] [14:33:13] : MEAS 2OFF
[05-15-2018] [14:33:35] : MEAS ON 2
[05-15-2018] [14:33:39] : MEAS 2OFF
[05-15-2018] [14:34:00] : MEAS ON 2
[05-15-2018] [14:34:04] : MEAS 2OFF
[05-15-2018] [14:34:26] : MEAS ON 2
[05-15-2018] [14:34:30] : MEAS 2OFF
[05-15-2018] [14:34:51] : MEAS ON 2
[05-15-2018] [14:34:55] : MEAS 2OFF
[05-15-2018] [14:35:17] : MEAS ON 2
[05-15-2018] [14:35:21] : MEAS 2OFF
[05-15-2018] [14:35:43] : MEAS ON 2
[05-15-2018] [14:35:47] : MEAS 2OFF
[05-15-2018] [14:36:08] : MEAS ON 2
[05-15-2018] [14:36:12] : MEAS 2OFF
[05-15-2018] [14:36:34] : MEAS ON 2
[05-15-2018] [14:36:38] : MEAS 2OFF
[05-15-2018] [14:43:15] : MEAS ON 2
[05-15-2018] [14:43:19] : MEAS 2OFF
[05-15-2018] [14:43:44] : MEAS ON 2
[05-15-2018] [14:43:48] : MEAS 2OFF
[05-15-2018] [14:50:43] : MEAS ESC ON
[05-15-2018] [14:50:43] : M3400	비상입니다. ON
[05-15-2018] [14:50:43] : M3415	투입 SCALE 전후 알람 ON
[05-15-2018] [14:50:52] : MEAS ESC OFF
[05-15-2018] [14:50:52] : RESET ON
[05-15-2018] [14:50:52] : M3400	비상입니다. OFF
[05-15-2018] [14:50:52] : M3415	투입 SCALE 전후 알람 OFF
[05-15-2018] [14:51:05] : MEAS ESC ON
[05-15-2018] [14:51:05] : M3400	비상입니다. ON
[05-15-2018] [14:51:05] : M3415	투입 SCALE 전후 알람 ON
[05-15-2018] [14:51:48] : MEAS ESC OFF
[05-15-2018] [14:51:48] : RESET ON
[05-15-2018] [14:51:48] : M3400	비상입니다. OFF
[05-15-2018] [14:51:48] : M3415	투입 SCALE 전후 알람 OFF
[05-15-2018] [15:08:55] : PROGRAM END
 
[05-15-2018] [15:10:32] : PROGRAM START
[05-15-2018] [15:10:32] : load project PLC
[05-15-2018] [15:12:50] : MEAS ESC ON
[05-15-2018] [15:12:50] : M3400	비상입니다. ON
[05-15-2018] [15:12:50] : M3415	투입 SCALE 전후 알람 ON
[05-15-2018] [15:12:55] : MEAS ESC OFF
[05-15-2018] [15:12:55] : RESET ON
[05-15-2018] [15:12:55] : M3400	비상입니다. OFF
[05-15-2018] [15:12:55] : M3415	투입 SCALE 전후 알람 OFF
[05-15-2018] [15:13:12] : MEAS ESC ON
[05-15-2018] [15:13:12] : M3400	비상입니다. ON
[05-15-2018] [15:13:12] : M3415	투입 SCALE 전후 알람 ON
[05-15-2018] [15:13:25] : MEAS ESC OFF
[05-15-2018] [15:13:25] : M3400	비상입니다. OFF
[05-15-2018] [15:13:25] : M3415	투입 SCALE 전후 알람 OFF
[05-15-2018] [15:14:17] : PROGRAM END
 
[05-15-2018] [15:20:49] : PROGRAM START
[05-15-2018] [15:20:49] : load project PLC
[05-15-2018] [15:21:34] : MEAS ON 2
[05-15-2018] [15:21:39] : MEAS 2OFF
[05-15-2018] [15:22:03] : MEAS ON 2
[05-15-2018] [15:22:08] : MEAS 2OFF
[05-15-2018] [15:24:53] : MEAS ON 2
[05-15-2018] [15:24:57] : MEAS 2OFF
[05-15-2018] [15:26:00] : PROGRAM END
 
[05-15-2018] [15:26:42] : PROGRAM START
[05-15-2018] [15:26:42] : load project PLC
[05-15-2018] [15:27:23] : MEAS ON 2
[05-15-2018] [15:27:28] : MEAS 2OFF
[05-15-2018] [15:28:51] : PROGRAM END
 
[05-15-2018] [15:30:52] : PROGRAM START
[05-15-2018] [15:30:52] : load project PLC
[05-15-2018] [15:31:25] : MEAS ON 2
[05-15-2018] [15:31:30] : MEAS 2OFF
[05-15-2018] [15:31:51] : MEAS ON 2
[05-15-2018] [15:31:56] : MEAS 2OFF
[05-15-2018] [15:32:17] : MEAS ON 2
[05-15-2018] [15:32:21] : MEAS 2OFF
[05-15-2018] [15:33:44] : PROGRAM END
 
[05-15-2018] [15:37:20] : PROGRAM START
[05-15-2018] [15:37:20] : load project PLC
[05-15-2018] [15:37:28] : PROGRAM END
 
[05-15-2018] [15:37:43] : PROGRAM START
[05-15-2018] [15:37:43] : load project PLC
[05-15-2018] [15:37:57] : PROGRAM END
 
[05-15-2018] [15:42:09] : PROGRAM START
[05-15-2018] [15:42:09] : load project PLC
[05-15-2018] [15:43:04] : MEAS ON 2
[05-15-2018] [15:43:09] : MEAS 2OFF
[05-15-2018] [15:43:35] : REQUEST ZEROSET ON
[05-15-2018] [15:43:40] : REQUEST ZEROSET OFF
[05-15-2018] [15:44:14] : REQUEST ZEROSET ON
[05-15-2018] [15:44:18] : REQUEST ZEROSET OFF
[05-15-2018] [15:44:52] : REQUEST ZEROSET ON
[05-15-2018] [15:44:56] : REQUEST ZEROSET OFF
[05-15-2018] [15:45:30] : REQUEST ZEROSET ON
[05-15-2018] [15:45:35] : REQUEST ZEROSET OFF
[05-15-2018] [15:51:01] : REQUEST ZEROSET ON
[05-15-2018] [15:51:05] : REQUEST ZEROSET OFF
[05-15-2018] [15:51:42] : REQUEST ZEROSET ON
[05-15-2018] [15:51:47] : REQUEST ZEROSET OFF
[05-15-2018] [15:52:09] : REQUEST ZEROSET ON
[05-15-2018] [15:52:14] : REQUEST ZEROSET OFF
[05-15-2018] [15:52:49] : MEAS ON 2
[05-15-2018] [15:52:54] : MEAS 2OFF
[05-15-2018] [15:53:32] : MEAS ON 2
[05-15-2018] [15:53:36] : MEAS 2OFF
[05-15-2018] [15:54:26] : MEAS ON 2
[05-15-2018] [15:54:30] : MEAS 2OFF
[05-15-2018] [15:55:09] : MEAS ON 2
[05-15-2018] [15:55:14] : MEAS 2OFF
[05-15-2018] [15:55:39] : MEAS ON 2
[05-15-2018] [15:55:43] : MEAS 2OFF
[05-15-2018] [15:56:05] : MEAS ON 2
[05-15-2018] [15:56:09] : MEAS 2OFF
[05-15-2018] [15:56:41] : REQUEST ZEROSET ON
[05-15-2018] [15:56:46] : REQUEST ZEROSET OFF
[05-15-2018] [15:57:23] : REQUEST ZEROSET ON
[05-15-2018] [15:57:28] : REQUEST ZEROSET OFF
[05-15-2018] [15:58:30] : MEAS ON 2
[05-15-2018] [15:58:34] : MEAS 2OFF
[05-15-2018] [15:59:30] : PROGRAM END
 
[05-15-2018] [15:59:34] : PROGRAM START
[05-15-2018] [15:59:34] : load project PLC
[05-15-2018] [16:00:04] : MEAS ON 2
[05-15-2018] [16:00:08] : MEAS 2OFF
[05-15-2018] [16:07:49] : REQUEST ZEROSET ON
[05-15-2018] [16:07:53] : REQUEST ZEROSET OFF
[05-15-2018] [16:13:51] : REQUEST ZEROSET ON
[05-15-2018] [16:13:56] : REQUEST ZEROSET OFF
[05-15-2018] [16:14:29] : MEAS ON 2
[05-15-2018] [16:14:34] : MEAS 2OFF
[05-15-2018] [16:14:55] : MEAS ON 2
[05-15-2018] [16:14:59] : MEAS 2OFF
[05-15-2018] [16:15:21] : MEAS ON 2
[05-15-2018] [16:15:25] : MEAS 2OFF
[05-15-2018] [16:15:46] : MEAS ON 2
[05-15-2018] [16:15:50] : MEAS 2OFF
[05-15-2018] [16:16:15] : MEAS ON 2
[05-15-2018] [16:16:20] : MEAS 2OFF
[05-15-2018] [16:45:36] : PROGRAM END
 
[05-15-2018] [16:49:23] : PROGRAM START
[05-15-2018] [16:49:23] : load project PLC
[05-15-2018] [16:50:00] : PROGRAM END
 
[05-15-2018] [17:19:33] : PROGRAM START
[05-15-2018] [17:19:33] : load project PLC
[05-15-2018] [17:27:27] : Plc Error Timer
[05-15-2018] [17:27:33] : Plc Error Timer
[05-15-2018] [17:27:39] : Plc Error Timer
[05-15-2018] [17:27:45] : Plc Error Timer
[05-15-2018] [17:27:51] : Plc Error Timer
[05-15-2018] [17:27:58] : Plc Error Timer
[05-15-2018] [17:28:04] : Plc Error Timer
[05-15-2018] [17:28:10] : Plc Error Timer
[05-15-2018] [17:28:16] : Plc Error Timer
[05-15-2018] [17:28:22] : Plc Error Timer
[05-15-2018] [17:28:28] : Plc Error Timer
[05-15-2018] [17:28:34] : Plc Error Timer
[05-15-2018] [17:28:40] : Plc Error Timer
[05-15-2018] [17:28:46] : Plc Error Timer
[05-15-2018] [17:28:52] : Plc Error Timer
[05-15-2018] [17:28:59] : Plc Error Timer
[05-15-2018] [17:29:05] : Plc Error Timer
[05-15-2018] [17:29:11] : Plc Error Timer
[05-15-2018] [17:29:17] : Plc Error Timer
[05-15-2018] [17:29:23] : Plc Error Timer
[05-15-2018] [17:29:29] : Plc Error Timer
[05-15-2018] [17:29:31] : PROGRAM END
 
[05-15-2018] [17:30:27] : PROGRAM START
[05-15-2018] [17:30:27] : load project PLC
[05-15-2018] [17:30:37] : Plc Error Timer
[05-15-2018] [17:30:41] : PROGRAM END
 
[05-15-2018] [17:48:22] : PROGRAM START
[05-15-2018] [17:48:22] : load project PLC
[05-15-2018] [17:48:40] : PROGRAM END
 
[05-15-2018] [17:49:03] : PROGRAM START
[05-15-2018] [17:49:03] : load project PLC
[05-15-2018] [17:49:25] : PROGRAM END
 
[05-15-2018] [17:55:07] : PROGRAM START
[05-15-2018] [17:55:07] : load project PLC
[05-15-2018] [18:01:41] : PROGRAM END
 
[05-15-2018] [18:05:16] : PROGRAM START
[05-15-2018] [18:05:16] : load project PLC
[05-15-2018] [18:08:55] : PROGRAM END
 
[05-15-2018] [18:11:47] : PROGRAM START
[05-15-2018] [18:11:47] : load project PLC
[05-15-2018] [18:12:57] : PROGRAM END
 
[05-15-2018] [18:18:01] : PROGRAM START
[05-15-2018] [18:18:01] : load project PLC
[05-15-2018] [18:18:36] : PROGRAM END
 
[05-15-2018] [18:19:17] : PROGRAM START
[05-15-2018] [18:19:17] : load project PLC
[05-15-2018] [18:19:48] : PROGRAM END
 
[05-15-2018] [18:55:42] : PROGRAM START
[05-15-2018] [18:55:42] : load project PLC
[05-15-2018] [18:56:03] : PROGRAM END
 
[05-15-2018] [18:56:30] : PROGRAM START
[05-15-2018] [18:56:30] : load project PLC
[05-15-2018] [18:56:48] : PROGRAM END
 
[05-15-2018] [18:56:59] : PROGRAM START
[05-15-2018] [18:56:59] : load project PLC
[05-15-2018] [19:20:52] : PROGRAM END
 
[05-15-2018] [19:25:36] : PROGRAM START
[05-15-2018] [19:25:36] : load project PLC
[05-15-2018] [19:25:49] : PROGRAM END
 
[05-15-2018] [19:27:41] : PROGRAM START
[05-15-2018] [19:27:41] : load project PLC
[05-15-2018] [19:51:40] : PROGRAM END
 
