[05-29-2018] [09:58:08] : PROGRAM START
[05-29-2018] [09:58:08] : load project PLC
[05-29-2018] [09:58:37] : PROGRAM END
 
[05-29-2018] [10:00:08] : PROGRAM START
[05-29-2018] [10:00:33] : PROGRAM END
 
[05-29-2018] [10:00:43] : PROGRAM START
[05-29-2018] [10:01:28] : PROGRAM END
 
[05-29-2018] [10:09:58] : PROGRAM START
[05-29-2018] [10:09:59] : Loading of library 'Orbit_IF.dll' Failed 
[05-29-2018] [10:10:03] : PROGRAM END
 
[05-29-2018] [10:16:58] : PROGRAM START
[05-29-2018] [10:16:59] : Loading of library 'Orbit_IF.dll' Failed 
[05-29-2018] [10:17:16] : Plc Error Timer
[05-29-2018] [10:17:47] : Plc Error Timer
[05-29-2018] [10:18:20] : Plc Error Timer
[05-29-2018] [10:18:33] : Plc Error Timer
[05-29-2018] [10:19:38] : Plc Error Timer
[05-29-2018] [10:19:39] : PROGRAM END
 
[05-29-2018] [10:19:45] : PROGRAM START
[05-29-2018] [10:19:45] : Loading of library 'Orbit_IF.dll' Failed 
[05-29-2018] [10:20:04] : Plc Error Timer
[05-29-2018] [10:20:26] : Plc Error Timer
[05-29-2018] [10:21:20] : PROGRAM END
 
[05-29-2018] [10:21:29] : PROGRAM START
[05-29-2018] [10:21:30] : Loading of library 'Orbit_IF.dll' Failed 
[05-29-2018] [10:21:38] : Plc Error Timer
[05-29-2018] [10:21:47] : Plc Error Timer
[05-29-2018] [10:22:30] : Plc Error Timer
[05-29-2018] [10:22:37] : Plc Error Timer
[05-29-2018] [10:22:53] : Plc Error Timer
[05-29-2018] [10:23:16] : Plc Error Timer
[05-29-2018] [10:23:29] : PROGRAM END
 
[05-29-2018] [10:25:57] : PROGRAM START
[05-29-2018] [10:25:57] : Loading of library 'Orbit_IF.dll' Failed 
[05-29-2018] [10:26:26] : Plc Error Timer
[05-29-2018] [10:26:41] : Plc Error Timer
[05-29-2018] [10:32:15] : PROGRAM END
 
[05-29-2018] [10:32:20] : PROGRAM START
[05-29-2018] [10:32:21] : Loading of library 'Orbit_IF.dll' Failed 
[05-29-2018] [10:32:39] : Plc Error Timer
[05-29-2018] [10:32:46] : Plc Error Timer
[05-29-2018] [10:32:50] : PROGRAM END
 
[05-29-2018] [10:33:00] : PROGRAM START
[05-29-2018] [10:33:00] : Loading of library 'Orbit_IF.dll' Failed 
[05-29-2018] [10:33:08] : Plc Error Timer
[05-29-2018] [10:33:29] : Plc Error Timer
[05-29-2018] [10:33:55] : Plc Error Timer
[05-29-2018] [10:33:58] : PROGRAM END
 
[05-29-2018] [10:34:26] : PROGRAM START
[05-29-2018] [10:34:26] : Loading of library 'Orbit_IF.dll' Failed 
[05-29-2018] [10:34:40] : Plc Error Timer
[05-29-2018] [10:35:19] : Plc Error Timer
[05-29-2018] [10:35:34] : Plc Error Timer
[05-29-2018] [10:35:39] : PROGRAM END
 
[05-29-2018] [10:36:14] : PROGRAM START
[05-29-2018] [10:36:15] : Loading of library 'Orbit_IF.dll' Failed 
[05-29-2018] [10:36:35] : Plc Error Timer
[05-29-2018] [10:36:52] : Plc Error Timer
[05-29-2018] [10:37:06] : Plc Error Timer
[05-29-2018] [10:42:08] : Plc Error Timer
[05-29-2018] [10:42:09] : PROGRAM END
 
[05-29-2018] [10:47:58] : PROGRAM START
[05-29-2018] [10:47:59] : Loading of library 'Orbit_IF.dll' Failed 
[05-29-2018] [10:48:14] : Plc Error Timer
[05-29-2018] [10:48:25] : PROGRAM END
 
[05-29-2018] [10:48:52] : PROGRAM START
[05-29-2018] [10:48:53] : Loading of library 'Orbit_IF.dll' Failed 
[05-29-2018] [10:49:03] : PROGRAM END
 
[05-29-2018] [10:51:39] : PROGRAM START
[05-29-2018] [10:51:39] : Loading of library 'Orbit_IF.dll' Failed 
[05-29-2018] [10:51:52] : PROGRAM END
 
[05-29-2018] [10:52:14] : PROGRAM START
[05-29-2018] [10:52:14] : Loading of library 'Orbit_IF.dll' Failed 
[05-29-2018] [10:52:30] : Plc Error Timer
[05-29-2018] [10:52:47] : Plc Error Timer
[05-29-2018] [10:52:49] : PROGRAM END
 
[05-29-2018] [10:53:37] : PROGRAM START
[05-29-2018] [10:53:38] : Loading of library 'Orbit_IF.dll' Failed 
[05-29-2018] [10:53:49] : PROGRAM END
 
[05-29-2018] [10:56:28] : PROGRAM START
[05-29-2018] [10:56:28] : Loading of library 'Orbit_IF.dll' Failed 
[05-29-2018] [10:56:46] : PROGRAM END
 
[05-29-2018] [10:56:50] : PROGRAM START
[05-29-2018] [10:56:51] : Loading of library 'Orbit_IF.dll' Failed 
[05-29-2018] [10:57:09] : Plc Error Timer
[05-29-2018] [10:57:10] : PROGRAM END
 
[05-29-2018] [11:01:36] : PROGRAM START
[05-29-2018] [11:01:36] : Loading of library 'Orbit_IF.dll' Failed 
[05-29-2018] [11:02:12] : Plc Error Timer
[05-29-2018] [11:02:35] : Plc Error Timer
[05-29-2018] [11:03:04] : Plc Error Timer
[05-29-2018] [11:03:32] : PROGRAM END
 
[05-29-2018] [11:05:38] : PROGRAM START
[05-29-2018] [11:05:39] : Loading of library 'Orbit_IF.dll' Failed 
[05-29-2018] [11:06:22] : Plc Error Timer
[05-29-2018] [11:06:59] : PROGRAM END
 
[05-29-2018] [11:09:13] : PROGRAM START
[05-29-2018] [11:09:14] : Loading of library 'Orbit_IF.dll' Failed 
[05-29-2018] [11:09:25] : PROGRAM END
 
[05-29-2018] [11:10:08] : PROGRAM START
[05-29-2018] [11:10:08] : Loading of library 'Orbit_IF.dll' Failed 
[05-29-2018] [11:10:15] : Plc Error Timer
[05-29-2018] [11:10:19] : PROGRAM END
 
[05-29-2018] [11:10:51] : PROGRAM START
[05-29-2018] [11:10:51] : Loading of library 'Orbit_IF.dll' Failed 
[05-29-2018] [11:11:24] : PROGRAM END
 
[05-29-2018] [11:11:41] : PROGRAM START
[05-29-2018] [11:11:41] : Loading of library 'Orbit_IF.dll' Failed 
[05-29-2018] [11:11:48] : Plc Error Timer
[05-29-2018] [11:12:08] : Plc Error Timer
[05-29-2018] [11:12:25] : PROGRAM END
 
[05-29-2018] [11:12:48] : PROGRAM START
[05-29-2018] [11:12:49] : Loading of library 'Orbit_IF.dll' Failed 
[05-29-2018] [11:13:03] : PROGRAM END
 
[05-29-2018] [11:14:38] : PROGRAM START
[05-29-2018] [11:14:39] : Loading of library 'Orbit_IF.dll' Failed 
[05-29-2018] [11:14:46] : Plc Error Timer
[05-29-2018] [11:15:02] : PROGRAM END
 
[05-29-2018] [11:16:18] : PROGRAM START
[05-29-2018] [11:16:19] : Loading of library 'Orbit_IF.dll' Failed 
[05-29-2018] [11:16:26] : Plc Error Timer
[05-29-2018] [11:19:28] : Plc Error Timer
[05-29-2018] [11:19:51] : PROGRAM END
 
[05-29-2018] [11:20:38] : PROGRAM START
[05-29-2018] [11:20:39] : Loading of library 'Orbit_IF.dll' Failed 
[05-29-2018] [11:20:58] : PROGRAM END
 
[05-29-2018] [11:22:14] : PROGRAM START
[05-29-2018] [11:22:14] : Loading of library 'Orbit_IF.dll' Failed 
[05-29-2018] [11:22:44] : Plc Error Timer
[05-29-2018] [11:22:52] : Plc Error Timer
[05-29-2018] [11:23:03] : Plc Error Timer
[05-29-2018] [11:23:07] : PROGRAM END
 
[05-29-2018] [11:23:51] : PROGRAM START
[05-29-2018] [11:23:52] : Loading of library 'Orbit_IF.dll' Failed 
[05-29-2018] [11:24:13] : Plc Error Timer
[05-29-2018] [11:25:25] : PROGRAM END
 
[05-29-2018] [11:26:21] : PROGRAM START
[05-29-2018] [11:26:21] : Loading of library 'Orbit_IF.dll' Failed 
[05-29-2018] [11:26:33] : Plc Error Timer
[05-29-2018] [11:26:48] : Plc Error Timer
[05-29-2018] [11:27:16] : Plc Error Timer
[05-29-2018] [11:27:40] : PROGRAM END
 
[05-29-2018] [11:30:15] : PROGRAM START
[05-29-2018] [11:30:16] : Loading of library 'Orbit_IF.dll' Failed 
[05-29-2018] [11:31:53] : Plc Error Timer
[05-29-2018] [11:32:13] : Plc Error Timer
[05-29-2018] [11:32:30] : Plc Error Timer
[05-29-2018] [11:33:05] : PROGRAM END
 
[05-29-2018] [11:34:10] : PROGRAM START
[05-29-2018] [11:34:10] : Loading of library 'Orbit_IF.dll' Failed 
[05-29-2018] [11:34:19] : PROGRAM END
 
[05-29-2018] [11:36:42] : PROGRAM START
[05-29-2018] [11:36:42] : Loading of library 'Orbit_IF.dll' Failed 
[05-29-2018] [11:37:45] : Plc Error Timer
[05-29-2018] [11:37:52] : Plc Error Timer
[05-29-2018] [11:37:59] : PROGRAM END
 
[05-29-2018] [11:48:58] : PROGRAM START
[05-29-2018] [11:48:59] : Loading of library 'Orbit_IF.dll' Failed 
[05-29-2018] [11:49:06] : PROGRAM END
 
[05-29-2018] [11:49:47] : PROGRAM START
[05-29-2018] [11:49:47] : Loading of library 'Orbit_IF.dll' Failed 
[05-29-2018] [11:49:54] : Plc Error Timer
 
[05-29-2018] [11:50:01] : PROGRAM END
 
[05-29-2018] [13:08:21] : PROGRAM START
[05-29-2018] [13:08:22] : Loading of library 'Orbit_IF.dll' Failed 
[05-29-2018] [13:09:44] : PROGRAM END
 
[05-29-2018] [13:09:48] : PROGRAM START
[05-29-2018] [13:09:48] : Loading of library 'Orbit_IF.dll' Failed 
[05-29-2018] [13:10:06] : Plc Error Timer
[05-29-2018] [13:10:19] : Plc Error Timer
[05-29-2018] [13:10:22] : PROGRAM END
 
[05-29-2018] [13:11:11] : PROGRAM START
[05-29-2018] [13:11:12] : Loading of library 'Orbit_IF.dll' Failed 
[05-29-2018] [13:11:40] : Plc Error Timer
[05-29-2018] [13:12:44] : Plc Error Timer
[05-29-2018] [13:13:17] : PROGRAM END
 
[05-29-2018] [13:16:09] : PROGRAM START
[05-29-2018] [13:16:19] : PROGRAM END
 
[05-29-2018] [13:17:14] : PROGRAM START
[05-29-2018] [13:18:02] : PROGRAM END
 
[05-29-2018] [13:18:11] : PROGRAM START
[05-29-2018] [13:19:20] : REQUEST ZEROSET ON
[05-29-2018] [13:19:26] : REQUEST ZEROSET OFF
[05-29-2018] [13:19:45] : MEAS ON 2
[05-29-2018] [13:19:51] : MEAS 2OFF
[05-29-2018] [13:21:49] : MEAS ON 2
[05-29-2018] [13:21:55] : MEAS 2OFF
[05-29-2018] [13:22:11] : MEAS ON 2
[05-29-2018] [13:22:17] : MEAS 2OFF
[05-29-2018] [13:22:35] : MEAS ON 2
[05-29-2018] [13:22:41] : MEAS 2OFF
[05-29-2018] [13:22:56] : MEAS ON 2
[05-29-2018] [13:23:02] : MEAS 2OFF
[05-29-2018] [13:23:21] : MEAS ON 2
[05-29-2018] [13:23:27] : MEAS 2OFF
[05-29-2018] [13:23:44] : MEAS ON 2
[05-29-2018] [13:23:49] : MEAS 2OFF
[05-29-2018] [13:24:08] : MEAS ON 2
[05-29-2018] [13:24:14] : MEAS 2OFF
[05-29-2018] [13:24:30] : MEAS ON 2
[05-29-2018] [13:24:36] : MEAS 2OFF
[05-29-2018] [13:24:50] : MEAS ON 2
[05-29-2018] [13:24:55] : MEAS 2OFF
[05-29-2018] [13:38:13] : AUTO RUNNING ON
[05-29-2018] [13:39:16] : AUTO RUNNING OFF
[05-29-2018] [13:40:06] : AUTO RUNNING ON
[05-29-2018] [13:40:20] : Cycle start ON
[05-29-2018] [13:40:23] : Cycle start OFF
[05-29-2018] [13:40:37] : Cycle start ON
[05-29-2018] [13:40:40] : Cycle start OFF
[05-29-2018] [13:40:54] : Cycle start ON
[05-29-2018] [13:40:57] : Cycle start OFF
[05-29-2018] [13:41:03] : MEAS ON 2
[05-29-2018] [13:41:09] : MEAS 2OFF
[05-29-2018] [13:41:25] : Cycle start ON
[05-29-2018] [13:41:28] : Cycle start OFF
[05-29-2018] [13:41:34] : MEAS ON 2
[05-29-2018] [13:41:40] : MEAS 2OFF
[05-29-2018] [13:41:58] : Cycle start ON
[05-29-2018] [13:42:01] : Cycle start OFF
[05-29-2018] [13:42:07] : MEAS ON 2
[05-29-2018] [13:42:13] : MEAS 2OFF
[05-29-2018] [13:42:19] : AUTO RUNNING OFF
[05-29-2018] [13:43:15] : AUTO RUNNING ON
[05-29-2018] [13:43:26] : MEAS ON 2
[05-29-2018] [13:43:34] : MEAS 2OFF
[05-29-2018] [13:43:40] : AUTO RUNNING OFF
[05-29-2018] [13:44:29] : PROGRAM END
 
[05-29-2018] [15:10:20] : PROGRAM START
[05-29-2018] [15:30:52] : MEAS ON 2
[05-29-2018] [15:30:58] : MEAS 2OFF
[05-29-2018] [15:31:13] : MEAS ON 2
[05-29-2018] [15:31:18] : MEAS 2OFF
[05-29-2018] [15:31:34] : MEAS ON 2
[05-29-2018] [15:31:40] : MEAS 2OFF
[05-29-2018] [15:31:59] : MEAS ON 2
[05-29-2018] [15:32:05] : MEAS 2OFF
[05-29-2018] [15:32:20] : MEAS ON 2
[05-29-2018] [15:32:26] : MEAS 2OFF
[05-29-2018] [15:32:43] : MEAS ON 2
[05-29-2018] [15:32:49] : MEAS 2OFF
[05-29-2018] [15:33:04] : MEAS ON 2
[05-29-2018] [15:33:10] : MEAS 2OFF
[05-29-2018] [15:33:26] : MEAS ON 2
[05-29-2018] [15:33:32] : MEAS 2OFF
[05-29-2018] [15:33:47] : MEAS ON 2
[05-29-2018] [15:33:53] : MEAS 2OFF
[05-29-2018] [15:34:11] : MEAS ON 2
[05-29-2018] [15:34:17] : MEAS 2OFF
[05-29-2018] [15:36:20] : MEAS ON 2
[05-29-2018] [15:36:26] : MEAS 2OFF
[05-29-2018] [15:36:42] : MEAS ON 2
[05-29-2018] [15:36:48] : MEAS 2OFF
[05-29-2018] [15:37:03] : MEAS ON 2
[05-29-2018] [15:37:08] : MEAS 2OFF
[05-29-2018] [15:37:25] : MEAS ON 2
[05-29-2018] [15:37:31] : MEAS 2OFF
[05-29-2018] [15:37:49] : MEAS ON 2
[05-29-2018] [15:37:55] : MEAS 2OFF
[05-29-2018] [15:38:12] : MEAS ON 2
[05-29-2018] [15:38:18] : MEAS 2OFF
[05-29-2018] [15:38:36] : MEAS ON 2
[05-29-2018] [15:38:42] : MEAS 2OFF
[05-29-2018] [15:38:58] : MEAS ON 2
[05-29-2018] [15:39:03] : MEAS 2OFF
[05-29-2018] [15:39:22] : MEAS ON 2
[05-29-2018] [15:39:28] : MEAS 2OFF
[05-29-2018] [15:39:45] : MEAS ON 2
[05-29-2018] [15:39:50] : MEAS 2OFF
[05-29-2018] [15:40:24] : MEAS ON 2
[05-29-2018] [15:40:30] : MEAS 2OFF
[05-29-2018] [15:40:47] : MEAS ON 2
[05-29-2018] [15:40:53] : MEAS 2OFF
[05-29-2018] [15:41:07] : MEAS ON 2
[05-29-2018] [15:41:13] : MEAS 2OFF
[05-29-2018] [15:41:31] : MEAS ON 2
[05-29-2018] [15:41:37] : MEAS 2OFF
[05-29-2018] [15:41:51] : MEAS ON 2
[05-29-2018] [15:41:57] : MEAS 2OFF
[05-29-2018] [15:42:15] : MEAS ON 2
[05-29-2018] [15:42:20] : MEAS 2OFF
[05-29-2018] [15:42:35] : MEAS ON 2
[05-29-2018] [15:42:40] : MEAS 2OFF
[05-29-2018] [15:42:57] : MEAS ON 2
[05-29-2018] [15:43:03] : MEAS 2OFF
[05-29-2018] [15:43:16] : MEAS ON 2
[05-29-2018] [15:43:22] : MEAS 2OFF
[05-29-2018] [15:43:39] : MEAS ON 2
[05-29-2018] [15:43:45] : MEAS 2OFF
[05-29-2018] [15:44:37] : MEAS ON 2
[05-29-2018] [15:44:43] : MEAS 2OFF
[05-29-2018] [15:45:01] : MEAS ON 2
[05-29-2018] [15:45:07] : MEAS 2OFF
[05-29-2018] [15:45:22] : MEAS ON 2
[05-29-2018] [15:45:27] : MEAS 2OFF
[05-29-2018] [15:45:45] : MEAS ON 2
[05-29-2018] [15:45:51] : MEAS 2OFF
[05-29-2018] [15:46:06] : MEAS ON 2
[05-29-2018] [15:46:12] : MEAS 2OFF
[05-29-2018] [15:46:29] : MEAS ON 2
[05-29-2018] [15:46:35] : MEAS 2OFF
[05-29-2018] [15:46:50] : MEAS ON 2
[05-29-2018] [15:46:56] : MEAS 2OFF
[05-29-2018] [15:47:13] : MEAS ON 2
[05-29-2018] [15:47:19] : MEAS 2OFF
[05-29-2018] [15:47:33] : MEAS ON 2
[05-29-2018] [15:47:39] : MEAS 2OFF
[05-29-2018] [15:47:57] : MEAS ON 2
[05-29-2018] [15:48:02] : MEAS 2OFF
[05-29-2018] [15:50:06] : MEAS ON 2
[05-29-2018] [15:50:12] : MEAS 2OFF
[05-29-2018] [15:50:25] : MEAS ON 2
[05-29-2018] [15:50:31] : MEAS 2OFF
[05-29-2018] [15:50:48] : MEAS ON 2
[05-29-2018] [15:50:53] : MEAS 2OFF
[05-29-2018] [15:51:12] : MEAS ON 2
[05-29-2018] [15:51:18] : MEAS 2OFF
[05-29-2018] [15:51:33] : MEAS ON 2
[05-29-2018] [15:51:39] : MEAS 2OFF
[05-29-2018] [15:51:57] : MEAS ON 2
[05-29-2018] [15:52:03] : MEAS 2OFF
[05-29-2018] [15:52:19] : MEAS ON 2
[05-29-2018] [15:52:24] : MEAS 2OFF
[05-29-2018] [15:52:40] : MEAS ON 2
[05-29-2018] [15:52:46] : MEAS 2OFF
[05-29-2018] [15:53:01] : MEAS ON 2
[05-29-2018] [15:53:06] : MEAS 2OFF
[05-29-2018] [15:53:23] : MEAS ON 2
[05-29-2018] [15:53:28] : MEAS 2OFF
[05-29-2018] [15:53:58] : MEAS ON 2
[05-29-2018] [15:54:04] : MEAS 2OFF
[05-29-2018] [15:54:21] : MEAS ON 2
[05-29-2018] [15:54:27] : MEAS 2OFF
[05-29-2018] [15:54:43] : MEAS ON 2
[05-29-2018] [15:54:48] : MEAS 2OFF
[05-29-2018] [15:55:06] : MEAS ON 2
[05-29-2018] [15:55:12] : MEAS 2OFF
[05-29-2018] [15:55:28] : MEAS ON 2
[05-29-2018] [15:55:33] : MEAS 2OFF
[05-29-2018] [15:55:52] : MEAS ON 2
[05-29-2018] [15:55:58] : MEAS 2OFF
[05-29-2018] [15:56:13] : MEAS ON 2
[05-29-2018] [15:56:18] : MEAS 2OFF
[05-29-2018] [15:56:36] : MEAS ON 2
[05-29-2018] [15:56:42] : MEAS 2OFF
[05-29-2018] [15:56:56] : MEAS ON 2
[05-29-2018] [15:57:01] : MEAS 2OFF
[05-29-2018] [15:57:19] : MEAS ON 2
[05-29-2018] [15:57:24] : MEAS 2OFF
[05-29-2018] [15:58:02] : MEAS ON 2
[05-29-2018] [15:58:07] : MEAS 2OFF
[05-29-2018] [15:58:22] : MEAS ON 2
[05-29-2018] [15:58:28] : MEAS 2OFF
[05-29-2018] [15:58:44] : MEAS ON 2
[05-29-2018] [15:58:50] : MEAS 2OFF
[05-29-2018] [15:59:05] : MEAS ON 2
[05-29-2018] [15:59:10] : MEAS 2OFF
[05-29-2018] [15:59:27] : MEAS ON 2
[05-29-2018] [15:59:33] : MEAS 2OFF
[05-29-2018] [15:59:51] : MEAS ON 2
[05-29-2018] [15:59:57] : MEAS 2OFF
[05-29-2018] [16:00:14] : MEAS ON 2
[05-29-2018] [16:00:19] : MEAS 2OFF
[05-29-2018] [16:00:34] : MEAS ON 2
[05-29-2018] [16:00:39] : MEAS 2OFF
[05-29-2018] [16:00:56] : MEAS ON 2
[05-29-2018] [16:01:02] : MEAS 2OFF
[05-29-2018] [16:01:20] : MEAS ON 2
[05-29-2018] [16:01:26] : MEAS 2OFF
[05-29-2018] [16:01:59] : MEAS ON 2
[05-29-2018] [16:02:05] : MEAS 2OFF
[05-29-2018] [16:02:20] : MEAS ON 2
[05-29-2018] [16:02:26] : MEAS 2OFF
[05-29-2018] [16:02:43] : MEAS ON 2
[05-29-2018] [16:02:49] : MEAS 2OFF
[05-29-2018] [16:03:03] : MEAS ON 2
[05-29-2018] [16:03:09] : MEAS 2OFF
[05-29-2018] [16:03:26] : MEAS ON 2
[05-29-2018] [16:03:32] : MEAS 2OFF
[05-29-2018] [16:03:46] : MEAS ON 2
[05-29-2018] [16:03:51] : MEAS 2OFF
[05-29-2018] [16:04:08] : MEAS ON 2
[05-29-2018] [16:04:14] : MEAS 2OFF
[05-29-2018] [16:04:32] : MEAS ON 2
[05-29-2018] [16:04:38] : MEAS 2OFF
[05-29-2018] [16:04:53] : MEAS ON 2
[05-29-2018] [16:04:59] : MEAS 2OFF
[05-29-2018] [16:05:16] : MEAS ON 2
[05-29-2018] [16:05:22] : MEAS 2OFF
[05-29-2018] [16:05:56] : MEAS ON 2
[05-29-2018] [16:06:01] : MEAS 2OFF
[05-29-2018] [16:06:17] : MEAS ON 2
[05-29-2018] [16:06:23] : MEAS 2OFF
[05-29-2018] [16:06:41] : MEAS ON 2
[05-29-2018] [16:06:47] : MEAS 2OFF
[05-29-2018] [16:07:01] : MEAS ON 2
[05-29-2018] [16:07:07] : MEAS 2OFF
[05-29-2018] [16:07:24] : MEAS ON 2
[05-29-2018] [16:07:29] : MEAS 2OFF
[05-29-2018] [16:07:44] : MEAS ON 2
[05-29-2018] [16:07:49] : MEAS 2OFF
[05-29-2018] [16:08:06] : MEAS ON 2
[05-29-2018] [16:08:12] : MEAS 2OFF
[05-29-2018] [16:08:30] : MEAS ON 2
[05-29-2018] [16:08:36] : MEAS 2OFF
[05-29-2018] [16:08:52] : MEAS ON 2
[05-29-2018] [16:08:58] : MEAS 2OFF
[05-29-2018] [16:09:15] : MEAS ON 2
[05-29-2018] [16:09:21] : MEAS 2OFF
[05-29-2018] [16:09:55] : MEAS ON 2
[05-29-2018] [16:10:01] : MEAS 2OFF
[05-29-2018] [16:10:15] : MEAS ON 2
[05-29-2018] [16:10:21] : MEAS 2OFF
[05-29-2018] [16:10:37] : MEAS ON 2
[05-29-2018] [16:10:43] : MEAS 2OFF
[05-29-2018] [16:10:57] : MEAS ON 2
[05-29-2018] [16:11:03] : MEAS 2OFF
[05-29-2018] [16:11:19] : MEAS ON 2
[05-29-2018] [16:11:24] : MEAS 2OFF
[05-29-2018] [16:11:42] : MEAS ON 2
[05-29-2018] [16:11:48] : MEAS 2OFF
[05-29-2018] [16:12:03] : MEAS ON 2
[05-29-2018] [16:12:09] : MEAS 2OFF
[05-29-2018] [16:12:27] : MEAS ON 2
[05-29-2018] [16:12:32] : MEAS 2OFF
[05-29-2018] [16:12:47] : MEAS ON 2
[05-29-2018] [16:12:52] : MEAS 2OFF
[05-29-2018] [16:13:09] : MEAS ON 2
[05-29-2018] [16:13:15] : MEAS 2OFF
[05-29-2018] [16:13:43] : MEAS ON 2
[05-29-2018] [16:13:49] : MEAS 2OFF
[05-29-2018] [16:14:07] : MEAS ON 2
[05-29-2018] [16:14:13] : MEAS 2OFF
[05-29-2018] [16:14:27] : MEAS ON 2
[05-29-2018] [16:14:33] : MEAS 2OFF
[05-29-2018] [16:14:50] : MEAS ON 2
[05-29-2018] [16:14:56] : MEAS 2OFF
[05-29-2018] [16:15:09] : MEAS ON 2
[05-29-2018] [16:15:15] : MEAS 2OFF
[05-29-2018] [16:15:32] : MEAS ON 2
[05-29-2018] [16:15:37] : MEAS 2OFF
[05-29-2018] [16:15:56] : MEAS ON 2
[05-29-2018] [16:16:02] : MEAS 2OFF
[05-29-2018] [16:16:16] : MEAS ON 2
[05-29-2018] [16:16:22] : MEAS 2OFF
[05-29-2018] [16:16:39] : MEAS ON 2
[05-29-2018] [16:16:45] : MEAS 2OFF
[05-29-2018] [16:17:03] : MEAS ON 2
[05-29-2018] [16:17:09] : MEAS 2OFF
[05-29-2018] [16:52:34] : MEAS ON 2
[05-29-2018] [16:52:40] : MEAS 2OFF
[05-29-2018] [16:52:58] : MEAS ON 2
[05-29-2018] [16:53:04] : MEAS 2OFF
[05-29-2018] [16:53:21] : MEAS ON 2
[05-29-2018] [16:53:27] : MEAS 2OFF
[05-29-2018] [16:53:44] : MEAS ON 2
[05-29-2018] [16:53:50] : MEAS 2OFF
[05-29-2018] [16:54:07] : MEAS ON 2
[05-29-2018] [16:54:12] : MEAS 2OFF
[05-29-2018] [16:54:31] : MEAS ON 2
[05-29-2018] [16:54:37] : MEAS 2OFF
[05-29-2018] [16:54:54] : MEAS ON 2
[05-29-2018] [16:54:59] : MEAS 2OFF
[05-29-2018] [16:55:18] : MEAS ON 2
[05-29-2018] [16:55:24] : MEAS 2OFF
[05-29-2018] [16:55:39] : MEAS ON 2
[05-29-2018] [16:55:45] : MEAS 2OFF
[05-29-2018] [16:56:02] : MEAS ON 2
[05-29-2018] [16:56:08] : MEAS 2OFF
[05-29-2018] [17:10:11] : MEAS ON 2
[05-29-2018] [17:10:17] : MEAS 2OFF
[05-29-2018] [17:10:31] : MEAS ON 2
[05-29-2018] [17:10:37] : MEAS 2OFF
[05-29-2018] [17:10:53] : MEAS ON 2
[05-29-2018] [17:10:59] : MEAS 2OFF
[05-29-2018] [17:11:17] : MEAS ON 2
[05-29-2018] [17:11:22] : MEAS 2OFF
[05-29-2018] [17:11:37] : MEAS ON 2
[05-29-2018] [17:11:43] : MEAS 2OFF
[05-29-2018] [17:12:19] : MEAS ON 2
[05-29-2018] [17:12:25] : MEAS 2OFF
[05-29-2018] [17:12:41] : MEAS ON 2
[05-29-2018] [17:12:47] : MEAS 2OFF
[05-29-2018] [17:13:03] : MEAS ON 2
[05-29-2018] [17:13:09] : MEAS 2OFF
[05-29-2018] [17:13:27] : MEAS ON 2
[05-29-2018] [17:13:33] : MEAS 2OFF
[05-29-2018] [17:13:48] : MEAS ON 2
[05-29-2018] [17:13:54] : MEAS 2OFF
[05-29-2018] [17:14:11] : MEAS ON 2
[05-29-2018] [17:14:16] : MEAS 2OFF
[05-29-2018] [17:14:35] : MEAS ON 2
[05-29-2018] [17:14:41] : MEAS 2OFF
[05-29-2018] [17:14:55] : MEAS ON 2
[05-29-2018] [17:15:01] : MEAS 2OFF
[05-29-2018] [17:15:18] : MEAS ON 2
[05-29-2018] [17:15:24] : MEAS 2OFF
[05-29-2018] [17:15:42] : MEAS ON 2
[05-29-2018] [17:15:48] : MEAS 2OFF
[05-29-2018] [17:16:03] : MEAS ON 2
[05-29-2018] [17:16:09] : MEAS 2OFF
[05-29-2018] [17:16:26] : MEAS ON 2
[05-29-2018] [17:16:32] : MEAS 2OFF
[05-29-2018] [17:16:50] : MEAS ON 2
[05-29-2018] [17:16:56] : MEAS 2OFF
[05-29-2018] [17:17:12] : MEAS ON 2
[05-29-2018] [17:17:17] : MEAS 2OFF
[05-29-2018] [17:17:33] : MEAS ON 2
[05-29-2018] [17:17:39] : MEAS 2OFF
[05-29-2018] [17:17:58] : MEAS ON 2
[05-29-2018] [17:18:04] : MEAS 2OFF
[05-29-2018] [17:18:18] : MEAS ON 2
[05-29-2018] [17:18:24] : MEAS 2OFF
[05-29-2018] [17:18:41] : MEAS ON 2
[05-29-2018] [17:18:46] : MEAS 2OFF
[05-29-2018] [17:19:03] : MEAS ON 2
[05-29-2018] [17:19:09] : MEAS 2OFF
[05-29-2018] [17:19:28] : MEAS ON 2
[05-29-2018] [17:19:34] : MEAS 2OFF
[05-29-2018] [17:19:48] : MEAS ON 2
[05-29-2018] [17:19:54] : MEAS 2OFF
[05-29-2018] [17:20:11] : MEAS ON 2
[05-29-2018] [17:20:17] : MEAS 2OFF
[05-29-2018] [17:21:04] : MEAS ON 2
[05-29-2018] [17:21:10] : MEAS 2OFF
[05-29-2018] [17:21:26] : MEAS ON 2
[05-29-2018] [17:21:32] : MEAS 2OFF
[05-29-2018] [17:21:50] : MEAS ON 2
[05-29-2018] [17:21:56] : MEAS 2OFF
[05-29-2018] [17:22:12] : MEAS ON 2
[05-29-2018] [17:22:17] : MEAS 2OFF
[05-29-2018] [17:22:35] : MEAS ON 2
[05-29-2018] [17:22:41] : MEAS 2OFF
[05-29-2018] [17:22:59] : MEAS ON 2
[05-29-2018] [17:23:05] : MEAS 2OFF
[05-29-2018] [17:23:21] : MEAS ON 2
[05-29-2018] [17:23:27] : MEAS 2OFF
[05-29-2018] [17:23:44] : MEAS ON 2
[05-29-2018] [17:23:50] : MEAS 2OFF
[05-29-2018] [17:24:05] : MEAS ON 2
[05-29-2018] [17:24:11] : MEAS 2OFF
[05-29-2018] [17:24:28] : MEAS ON 2
[05-29-2018] [17:24:34] : MEAS 2OFF
[05-29-2018] [17:24:53] : MEAS ON 2
[05-29-2018] [17:24:58] : MEAS 2OFF
[05-29-2018] [17:25:14] : MEAS ON 2
[05-29-2018] [17:25:20] : MEAS 2OFF
[05-29-2018] [17:25:37] : MEAS ON 2
[05-29-2018] [17:25:43] : MEAS 2OFF
[05-29-2018] [17:25:59] : MEAS ON 2
[05-29-2018] [17:26:05] : MEAS 2OFF
[05-29-2018] [17:26:23] : MEAS ON 2
[05-29-2018] [17:26:29] : MEAS 2OFF
[05-29-2018] [17:26:45] : MEAS ON 2
[05-29-2018] [17:26:51] : MEAS 2OFF
[05-29-2018] [17:27:05] : MEAS ON 2
[05-29-2018] [17:27:11] : MEAS 2OFF
[05-29-2018] [17:27:29] : MEAS ON 2
[05-29-2018] [17:27:35] : MEAS 2OFF
[05-29-2018] [17:27:51] : MEAS ON 2
[05-29-2018] [17:27:57] : MEAS 2OFF
[05-29-2018] [17:28:15] : MEAS ON 2
[05-29-2018] [17:28:21] : MEAS 2OFF
[05-29-2018] [17:33:59] : MEAS ON 2
[05-29-2018] [17:34:05] : MEAS 2OFF
[05-29-2018] [17:34:19] : MEAS ON 2
[05-29-2018] [17:34:25] : MEAS 2OFF
[05-29-2018] [17:34:42] : MEAS ON 2
[05-29-2018] [17:34:47] : MEAS 2OFF
[05-29-2018] [17:35:05] : MEAS ON 2
[05-29-2018] [17:35:11] : MEAS 2OFF
[05-29-2018] [17:35:26] : MEAS ON 2
[05-29-2018] [17:35:32] : MEAS 2OFF
[05-29-2018] [17:36:00] : MEAS ON 2
[05-29-2018] [17:36:06] : MEAS 2OFF
[05-29-2018] [17:36:21] : MEAS ON 2
[05-29-2018] [17:36:27] : MEAS 2OFF
[05-29-2018] [17:36:42] : MEAS ON 2
[05-29-2018] [17:36:48] : MEAS 2OFF
[05-29-2018] [17:37:06] : MEAS ON 2
[05-29-2018] [17:37:12] : MEAS 2OFF
[05-29-2018] [17:37:32] : MEAS ON 2
[05-29-2018] [17:37:37] : MEAS 2OFF
[05-29-2018] [17:37:54] : MEAS ON 2
[05-29-2018] [17:38:00] : MEAS 2OFF
[05-29-2018] [17:38:19] : MEAS ON 2
[05-29-2018] [17:38:25] : MEAS 2OFF
[05-29-2018] [17:38:40] : MEAS ON 2
[05-29-2018] [17:38:46] : MEAS 2OFF
[05-29-2018] [17:39:04] : MEAS ON 2
[05-29-2018] [17:39:10] : MEAS 2OFF
[05-29-2018] [17:39:25] : MEAS ON 2
[05-29-2018] [17:39:31] : MEAS 2OFF
[05-29-2018] [17:40:44] : MEAS ON 2
[05-29-2018] [17:40:50] : MEAS 2OFF
[05-29-2018] [17:41:10] : MEAS ON 2
[05-29-2018] [17:41:16] : MEAS 2OFF
[05-29-2018] [17:41:31] : MEAS ON 2
[05-29-2018] [17:41:37] : MEAS 2OFF
[05-29-2018] [17:41:56] : MEAS ON 2
[05-29-2018] [17:42:02] : MEAS 2OFF
[05-29-2018] [17:42:18] : MEAS ON 2
[05-29-2018] [17:42:24] : MEAS 2OFF
[05-29-2018] [17:42:38] : MEAS ON 2
[05-29-2018] [17:42:44] : MEAS 2OFF
[05-29-2018] [17:43:02] : MEAS ON 2
[05-29-2018] [17:43:08] : MEAS 2OFF
[05-29-2018] [17:43:23] : MEAS ON 2
[05-29-2018] [17:43:29] : MEAS 2OFF
[05-29-2018] [17:43:47] : MEAS ON 2
[05-29-2018] [17:43:53] : MEAS 2OFF
[05-29-2018] [17:44:10] : MEAS ON 2
[05-29-2018] [17:44:16] : MEAS 2OFF
[05-29-2018] [17:46:39] : MEAS ON 2
[05-29-2018] [17:46:44] : MEAS 2OFF
[05-29-2018] [17:47:01] : MEAS ON 2
[05-29-2018] [17:47:07] : MEAS 2OFF
[05-29-2018] [17:47:25] : MEAS ON 2
[05-29-2018] [17:47:31] : MEAS 2OFF
[05-29-2018] [17:47:46] : MEAS ON 2
[05-29-2018] [17:47:52] : MEAS 2OFF
[05-29-2018] [17:48:09] : MEAS ON 2
[05-29-2018] [17:48:15] : MEAS 2OFF
[05-29-2018] [17:48:29] : MEAS ON 2
[05-29-2018] [17:48:35] : MEAS 2OFF
[05-29-2018] [17:49:03] : MEAS ON 2
[05-29-2018] [17:49:09] : MEAS 2OFF
[05-29-2018] [17:49:37] : MEAS ON 2
[05-29-2018] [17:49:43] : MEAS 2OFF
[05-29-2018] [17:49:59] : MEAS ON 2
[05-29-2018] [17:50:05] : MEAS 2OFF
[05-29-2018] [17:50:23] : MEAS ON 2
[05-29-2018] [17:50:29] : MEAS 2OFF
[05-29-2018] [17:50:47] : MEAS ON 2
[05-29-2018] [17:50:53] : MEAS 2OFF
[05-29-2018] [17:51:12] : MEAS ON 2
[05-29-2018] [17:51:18] : MEAS 2OFF
[05-29-2018] [17:51:35] : MEAS ON 2
[05-29-2018] [17:51:41] : MEAS 2OFF
[05-29-2018] [17:51:57] : MEAS ON 2
[05-29-2018] [17:52:02] : MEAS 2OFF
[05-29-2018] [17:52:18] : MEAS ON 2
[05-29-2018] [17:52:24] : MEAS 2OFF
[05-29-2018] [17:52:40] : MEAS ON 2
[05-29-2018] [17:52:46] : MEAS 2OFF
[05-29-2018] [17:53:01] : MEAS ON 2
[05-29-2018] [17:53:06] : MEAS 2OFF
[05-29-2018] [17:53:40] : MEAS ON 2
[05-29-2018] [17:53:46] : MEAS 2OFF
[05-29-2018] [17:54:01] : MEAS ON 2
[05-29-2018] [17:54:07] : MEAS 2OFF
[05-29-2018] [17:54:21] : MEAS ON 2
[05-29-2018] [17:54:27] : MEAS 2OFF
[05-29-2018] [17:54:46] : MEAS ON 2
[05-29-2018] [17:54:52] : MEAS 2OFF
[05-29-2018] [17:55:10] : MEAS ON 2
[05-29-2018] [17:55:16] : MEAS 2OFF
[05-29-2018] [17:55:34] : MEAS ON 2
[05-29-2018] [17:55:40] : MEAS 2OFF
[05-29-2018] [17:55:57] : MEAS ON 2
[05-29-2018] [17:56:02] : MEAS 2OFF
[05-29-2018] [17:56:19] : MEAS ON 2
[05-29-2018] [17:56:25] : MEAS 2OFF
[05-29-2018] [17:56:40] : MEAS ON 2
[05-29-2018] [17:56:45] : MEAS 2OFF
[05-29-2018] [17:57:04] : MEAS ON 2
[05-29-2018] [17:57:10] : MEAS 2OFF
[05-29-2018] [17:58:07] : MEAS ON 2
[05-29-2018] [17:58:12] : MEAS 2OFF
[05-29-2018] [17:58:32] : MEAS ON 2
[05-29-2018] [17:58:37] : MEAS 2OFF
[05-29-2018] [17:58:56] : MEAS ON 2
[05-29-2018] [17:59:02] : MEAS 2OFF
[05-29-2018] [17:59:21] : MEAS ON 2
[05-29-2018] [17:59:27] : MEAS 2OFF
[05-29-2018] [17:59:44] : MEAS ON 2
[05-29-2018] [17:59:50] : MEAS 2OFF
[05-29-2018] [18:00:04] : MEAS ON 2
[05-29-2018] [18:00:10] : MEAS 2OFF
[05-29-2018] [18:01:12] : MEAS ON 2
[05-29-2018] [18:01:18] : MEAS 2OFF
[05-29-2018] [18:01:32] : MEAS ON 2
[05-29-2018] [18:01:38] : MEAS 2OFF
[05-29-2018] [18:01:57] : MEAS ON 2
[05-29-2018] [18:02:03] : MEAS 2OFF
[05-29-2018] [18:02:19] : MEAS ON 2
[05-29-2018] [18:02:25] : MEAS 2OFF
[05-29-2018] [18:03:31] : MEAS ON 2
[05-29-2018] [18:03:37] : MEAS 2OFF
[05-29-2018] [18:03:51] : MEAS ON 2
[05-29-2018] [18:03:57] : MEAS 2OFF
[05-29-2018] [18:04:16] : MEAS ON 2
[05-29-2018] [18:04:22] : MEAS 2OFF
[05-29-2018] [18:04:39] : MEAS ON 2
[05-29-2018] [18:04:45] : MEAS 2OFF
[05-29-2018] [18:05:02] : MEAS ON 2
[05-29-2018] [18:05:07] : MEAS 2OFF
[05-29-2018] [18:05:24] : MEAS ON 2
[05-29-2018] [18:05:30] : MEAS 2OFF
[05-29-2018] [18:05:48] : MEAS ON 2
[05-29-2018] [18:05:54] : MEAS 2OFF
[05-29-2018] [18:06:13] : MEAS ON 2
[05-29-2018] [18:06:18] : MEAS 2OFF
[05-29-2018] [18:06:34] : MEAS ON 2
[05-29-2018] [18:06:40] : MEAS 2OFF
[05-29-2018] [18:06:58] : MEAS ON 2
[05-29-2018] [18:07:04] : MEAS 2OFF
[05-29-2018] [18:07:48] : MEAS ESC ON
[05-29-2018] [18:07:48] : M3400	비상입니다. ON
[05-29-2018] [18:09:18] : MEAS ESC OFF
[05-29-2018] [18:09:18] : RESET ON
[05-29-2018] [18:09:18] : M3400	비상입니다. OFF
[05-29-2018] [18:10:00] : MEAS ON 2
[05-29-2018] [18:10:05] : MEAS 2OFF
[05-29-2018] [18:10:21] : MEAS ON 2
[05-29-2018] [18:10:27] : MEAS 2OFF
[05-29-2018] [18:10:46] : MEAS ON 2
[05-29-2018] [18:10:52] : MEAS 2OFF
[05-29-2018] [18:11:07] : MEAS ON 2
[05-29-2018] [18:11:13] : MEAS 2OFF
[05-29-2018] [18:11:31] : MEAS ON 2
[05-29-2018] [18:11:37] : MEAS 2OFF
[05-29-2018] [18:11:53] : MEAS ON 2
[05-29-2018] [18:11:59] : MEAS 2OFF
[05-29-2018] [18:19:01] : MEAS ON 2
[05-29-2018] [18:19:07] : MEAS 2OFF
[05-29-2018] [18:19:21] : MEAS ON 2
[05-29-2018] [18:19:27] : MEAS 2OFF
[05-29-2018] [18:19:44] : MEAS ON 2
[05-29-2018] [18:19:50] : MEAS 2OFF
[05-29-2018] [18:20:08] : MEAS ON 2
[05-29-2018] [18:20:14] : MEAS 2OFF
[05-29-2018] [18:20:29] : MEAS ON 2
[05-29-2018] [18:20:35] : MEAS 2OFF
[05-29-2018] [18:20:52] : MEAS ON 2
[05-29-2018] [18:20:58] : MEAS 2OFF
[05-29-2018] [18:21:13] : MEAS ON 2
[05-29-2018] [18:21:19] : MEAS 2OFF
[05-29-2018] [18:21:38] : MEAS ON 2
[05-29-2018] [18:21:44] : MEAS 2OFF
[05-29-2018] [18:21:58] : MEAS ON 2
[05-29-2018] [18:22:04] : MEAS 2OFF
[05-29-2018] [18:22:20] : MEAS ON 2
[05-29-2018] [18:22:26] : MEAS 2OFF
[05-29-2018] [18:23:12] : MEAS ON 2
[05-29-2018] [18:23:18] : MEAS 2OFF
[05-29-2018] [18:23:35] : MEAS ON 2
[05-29-2018] [18:23:41] : MEAS 2OFF
[05-29-2018] [18:24:00] : MEAS ON 2
[05-29-2018] [18:24:06] : MEAS 2OFF
[05-29-2018] [18:24:22] : MEAS ON 2
[05-29-2018] [18:24:27] : MEAS 2OFF
[05-29-2018] [18:24:47] : MEAS ON 2
[05-29-2018] [18:24:53] : MEAS 2OFF
[05-29-2018] [18:25:08] : MEAS ON 2
[05-29-2018] [18:25:14] : MEAS 2OFF
[05-29-2018] [18:25:32] : MEAS ON 2
[05-29-2018] [18:25:38] : MEAS 2OFF
[05-29-2018] [18:25:52] : MEAS ON 2
[05-29-2018] [18:25:58] : MEAS 2OFF
[05-29-2018] [18:26:15] : MEAS ON 2
[05-29-2018] [18:26:20] : MEAS 2OFF
[05-29-2018] [18:26:35] : MEAS ON 2
[05-29-2018] [18:26:41] : MEAS 2OFF
[05-29-2018] [18:27:21] : MEAS ON 2
[05-29-2018] [18:27:27] : MEAS 2OFF
[05-29-2018] [18:27:47] : MEAS ON 2
[05-29-2018] [18:27:53] : MEAS 2OFF
[05-29-2018] [18:28:09] : MEAS ON 2
[05-29-2018] [18:28:14] : MEAS 2OFF
[05-29-2018] [18:28:33] : MEAS ON 2
[05-29-2018] [18:28:39] : MEAS 2OFF
[05-29-2018] [18:28:55] : MEAS ON 2
[05-29-2018] [18:29:00] : MEAS 2OFF
[05-29-2018] [18:29:19] : MEAS ON 2
[05-29-2018] [18:29:25] : MEAS 2OFF
[05-29-2018] [18:29:40] : MEAS ON 2
[05-29-2018] [18:29:45] : MEAS 2OFF
[05-29-2018] [18:30:03] : MEAS ON 2
[05-29-2018] [18:30:09] : MEAS 2OFF
[05-29-2018] [18:30:24] : MEAS ON 2
[05-29-2018] [18:30:30] : MEAS 2OFF
[05-29-2018] [18:30:46] : MEAS ON 2
[05-29-2018] [18:30:52] : MEAS 2OFF
[05-29-2018] [18:31:34] : MEAS ON 2
[05-29-2018] [18:31:40] : MEAS 2OFF
[05-29-2018] [18:31:58] : MEAS ON 2
[05-29-2018] [18:32:04] : MEAS 2OFF
[05-29-2018] [18:32:19] : MEAS ON 2
[05-29-2018] [18:32:25] : MEAS 2OFF
[05-29-2018] [18:32:44] : MEAS ON 2
[05-29-2018] [18:32:50] : MEAS 2OFF
[05-29-2018] [18:33:07] : MEAS ON 2
[05-29-2018] [18:33:13] : MEAS 2OFF
[05-29-2018] [18:33:27] : MEAS ON 2
[05-29-2018] [18:33:33] : MEAS 2OFF
[05-29-2018] [18:33:51] : MEAS ON 2
[05-29-2018] [18:33:57] : MEAS 2OFF
[05-29-2018] [18:34:12] : MEAS ON 2
[05-29-2018] [18:34:18] : MEAS 2OFF
[05-29-2018] [18:34:37] : MEAS ON 2
[05-29-2018] [18:34:43] : MEAS 2OFF
[05-29-2018] [18:34:59] : MEAS ON 2
[05-29-2018] [18:35:05] : MEAS 2OFF
[05-29-2018] [18:37:02] : MEAS ON 2
[05-29-2018] [18:37:08] : MEAS 2OFF
[05-29-2018] [18:37:22] : MEAS ON 2
[05-29-2018] [18:37:28] : MEAS 2OFF
[05-29-2018] [18:37:45] : MEAS ON 2
[05-29-2018] [18:37:51] : MEAS 2OFF
[05-29-2018] [18:38:07] : MEAS ON 2
[05-29-2018] [18:38:13] : MEAS 2OFF
[05-29-2018] [18:38:31] : MEAS ON 2
[05-29-2018] [18:38:37] : MEAS 2OFF
[05-29-2018] [18:38:53] : MEAS ON 2
[05-29-2018] [18:38:59] : MEAS 2OFF
[05-29-2018] [18:39:13] : MEAS ON 2
[05-29-2018] [18:39:19] : MEAS 2OFF
[05-29-2018] [18:39:37] : MEAS ON 2
[05-29-2018] [18:39:43] : MEAS 2OFF
[05-29-2018] [18:39:58] : MEAS ON 2
[05-29-2018] [18:40:04] : MEAS 2OFF
[05-29-2018] [18:40:23] : MEAS ON 2
[05-29-2018] [18:40:29] : MEAS 2OFF
[05-29-2018] [18:41:27] : MEAS ON 2
[05-29-2018] [18:41:33] : MEAS 2OFF
[05-29-2018] [18:41:48] : MEAS ON 2
[05-29-2018] [18:41:54] : MEAS 2OFF
[05-29-2018] [18:42:11] : MEAS ON 2
[05-29-2018] [18:42:17] : MEAS 2OFF
[05-29-2018] [18:42:33] : MEAS ON 2
[05-29-2018] [18:42:39] : MEAS 2OFF
[05-29-2018] [18:42:57] : MEAS ON 2
[05-29-2018] [18:43:03] : MEAS 2OFF
[05-29-2018] [18:43:19] : MEAS ON 2
[05-29-2018] [18:43:24] : MEAS 2OFF
[05-29-2018] [18:43:44] : MEAS ON 2
[05-29-2018] [18:43:50] : MEAS 2OFF
[05-29-2018] [18:44:07] : MEAS ON 2
[05-29-2018] [18:44:13] : MEAS 2OFF
[05-29-2018] [18:44:28] : MEAS ON 2
[05-29-2018] [18:44:33] : MEAS 2OFF
[05-29-2018] [18:44:51] : MEAS ON 2
[05-29-2018] [18:44:57] : MEAS 2OFF
[05-29-2018] [18:45:28] : MEAS ON 2
[05-29-2018] [18:45:34] : MEAS 2OFF
[05-29-2018] [18:45:49] : MEAS ON 2
[05-29-2018] [18:45:54] : MEAS 2OFF
[05-29-2018] [18:46:13] : MEAS ON 2
[05-29-2018] [18:46:19] : MEAS 2OFF
[05-29-2018] [18:46:35] : MEAS ON 2
[05-29-2018] [18:46:40] : MEAS 2OFF
[05-29-2018] [18:47:00] : MEAS ON 2
[05-29-2018] [18:47:06] : MEAS 2OFF
[05-29-2018] [18:47:23] : MEAS ON 2
[05-29-2018] [18:47:28] : MEAS 2OFF
[05-29-2018] [18:47:43] : MEAS ON 2
[05-29-2018] [18:47:49] : MEAS 2OFF
[05-29-2018] [18:48:07] : MEAS ON 2
[05-29-2018] [18:48:13] : MEAS 2OFF
[05-29-2018] [18:48:30] : MEAS ON 2
[05-29-2018] [18:48:35] : MEAS 2OFF
[05-29-2018] [18:48:55] : MEAS ON 2
[05-29-2018] [18:49:00] : MEAS 2OFF
[05-29-2018] [18:50:42] : MEAS ON 2
[05-29-2018] [18:50:47] : MEAS 2OFF
[05-29-2018] [18:51:03] : MEAS ON 2
[05-29-2018] [18:51:09] : MEAS 2OFF
[05-29-2018] [18:51:27] : MEAS ON 2
[05-29-2018] [18:51:33] : MEAS 2OFF
[05-29-2018] [18:51:49] : MEAS ON 2
[05-29-2018] [18:51:55] : MEAS 2OFF
[05-29-2018] [18:52:10] : MEAS ON 2
[05-29-2018] [18:52:16] : MEAS 2OFF
[05-29-2018] [18:52:33] : MEAS ON 2
[05-29-2018] [18:52:39] : MEAS 2OFF
[05-29-2018] [18:52:55] : MEAS ON 2
[05-29-2018] [18:53:01] : MEAS 2OFF
[05-29-2018] [18:53:19] : MEAS ON 2
[05-29-2018] [18:53:25] : MEAS 2OFF
[05-29-2018] [18:53:42] : MEAS ON 2
[05-29-2018] [18:53:48] : MEAS 2OFF
[05-29-2018] [18:54:02] : MEAS ON 2
[05-29-2018] [18:54:08] : MEAS 2OFF
[05-29-2018] [18:55:08] : MEAS ON 2
[05-29-2018] [18:55:14] : MEAS 2OFF
[05-29-2018] [18:55:30] : MEAS ON 2
[05-29-2018] [18:55:36] : MEAS 2OFF
[05-29-2018] [18:55:55] : MEAS ON 2
[05-29-2018] [18:56:01] : MEAS 2OFF
[05-29-2018] [18:56:17] : MEAS ON 2
[05-29-2018] [18:56:23] : MEAS 2OFF
[05-29-2018] [18:56:38] : MEAS ON 2
[05-29-2018] [18:56:44] : MEAS 2OFF
[05-29-2018] [18:57:02] : MEAS ON 2
[05-29-2018] [18:57:08] : MEAS 2OFF
[05-29-2018] [18:57:23] : MEAS ON 2
[05-29-2018] [18:57:29] : MEAS 2OFF
[05-29-2018] [18:57:48] : MEAS ON 2
[05-29-2018] [18:57:54] : MEAS 2OFF
[05-29-2018] [18:58:10] : MEAS ON 2
[05-29-2018] [18:58:16] : MEAS 2OFF
[05-29-2018] [18:58:31] : MEAS ON 2
[05-29-2018] [18:58:37] : MEAS 2OFF
[05-29-2018] [18:59:24] : MEAS ON 2
[05-29-2018] [18:59:30] : MEAS 2OFF
[05-29-2018] [18:59:47] : MEAS ON 2
[05-29-2018] [18:59:53] : MEAS 2OFF
[05-29-2018] [19:00:07] : MEAS ON 2
[05-29-2018] [19:00:13] : MEAS 2OFF
[05-29-2018] [19:00:31] : MEAS ON 2
[05-29-2018] [19:00:37] : MEAS 2OFF
[05-29-2018] [19:00:52] : MEAS ON 2
[05-29-2018] [19:00:58] : MEAS 2OFF
[05-29-2018] [19:01:17] : MEAS ON 2
[05-29-2018] [19:01:23] : MEAS 2OFF
[05-29-2018] [19:01:39] : MEAS ON 2
[05-29-2018] [19:01:45] : MEAS 2OFF
[05-29-2018] [19:01:59] : MEAS ON 2
[05-29-2018] [19:02:05] : MEAS 2OFF
[05-29-2018] [19:02:22] : MEAS ON 2
[05-29-2018] [19:02:28] : MEAS 2OFF
[05-29-2018] [19:02:44] : MEAS ON 2
[05-29-2018] [19:02:50] : MEAS 2OFF
[05-29-2018] [19:25:22] : MEAS ON 2
[05-29-2018] [19:25:28] : MEAS 2OFF
[05-29-2018] [19:25:43] : MEAS ON 2
[05-29-2018] [19:25:49] : MEAS 2OFF
[05-29-2018] [19:26:06] : MEAS ON 2
[05-29-2018] [19:26:12] : MEAS 2OFF
[05-29-2018] [19:26:55] : MEAS ON 2
[05-29-2018] [19:27:01] : MEAS 2OFF
[05-29-2018] [19:27:32] : MEAS ON 2
[05-29-2018] [19:27:37] : MEAS 2OFF
[05-29-2018] [19:27:55] : MEAS ON 2
[05-29-2018] [19:28:00] : MEAS 2OFF
[05-29-2018] [19:28:15] : MEAS ON 2
[05-29-2018] [19:28:21] : MEAS 2OFF
[05-29-2018] [19:28:39] : MEAS ON 2
[05-29-2018] [19:28:45] : MEAS 2OFF
[05-29-2018] [19:29:04] : MEAS ON 2
[05-29-2018] [19:29:09] : MEAS 2OFF
[05-29-2018] [19:32:02] : MEAS ON 2
[05-29-2018] [19:32:08] : MEAS 2OFF
[05-29-2018] [19:32:24] : MEAS ON 2
[05-29-2018] [19:32:30] : MEAS 2OFF
[05-29-2018] [19:32:45] : MEAS ON 2
[05-29-2018] [19:32:51] : MEAS 2OFF
[05-29-2018] [19:33:09] : MEAS ON 2
[05-29-2018] [19:33:15] : MEAS 2OFF
[05-29-2018] [19:34:23] : MEAS ON 2
[05-29-2018] [19:34:28] : MEAS 2OFF
[05-29-2018] [19:44:38] : MEAS ON 2
[05-29-2018] [19:44:44] : MEAS 2OFF
[05-29-2018] [19:44:59] : MEAS ON 2
[05-29-2018] [19:45:05] : MEAS 2OFF
[05-29-2018] [19:45:22] : MEAS ON 2
[05-29-2018] [19:45:27] : MEAS 2OFF
[05-29-2018] [19:45:44] : MEAS ON 2
[05-29-2018] [19:45:50] : MEAS 2OFF
[05-29-2018] [19:46:09] : MEAS ON 2
[05-29-2018] [19:46:15] : MEAS 2OFF
[05-29-2018] [19:46:29] : MEAS ON 2
[05-29-2018] [19:46:35] : MEAS 2OFF
[05-29-2018] [19:46:50] : MEAS ON 2
[05-29-2018] [19:46:55] : MEAS 2OFF
[05-29-2018] [19:47:11] : MEAS ON 2
[05-29-2018] [19:47:17] : MEAS 2OFF
[05-29-2018] [19:47:34] : MEAS ON 2
[05-29-2018] [19:47:40] : MEAS 2OFF
[05-29-2018] [19:47:57] : MEAS ON 2
[05-29-2018] [19:48:03] : MEAS 2OFF
[05-29-2018] [19:49:11] : MEAS ON 2
[05-29-2018] [19:49:16] : MEAS 2OFF
[05-29-2018] [19:49:34] : MEAS ON 2
[05-29-2018] [19:49:40] : MEAS 2OFF
[05-29-2018] [19:49:59] : MEAS ON 2
[05-29-2018] [19:50:05] : MEAS 2OFF
[05-29-2018] [19:50:23] : MEAS ON 2
[05-29-2018] [19:50:29] : MEAS 2OFF
[05-29-2018] [19:50:44] : MEAS ON 2
[05-29-2018] [19:50:50] : MEAS 2OFF
[05-29-2018] [19:51:07] : MEAS ON 2
[05-29-2018] [19:51:13] : MEAS 2OFF
[05-29-2018] [19:52:47] : MEAS ON 2
[05-29-2018] [19:52:53] : MEAS 2OFF
[05-29-2018] [19:53:10] : MEAS ON 2
[05-29-2018] [19:53:16] : MEAS 2OFF
[05-29-2018] [19:53:32] : MEAS ON 2
[05-29-2018] [19:53:38] : MEAS 2OFF
[05-29-2018] [19:53:57] : MEAS ON 2
[05-29-2018] [19:54:03] : MEAS 2OFF
[05-29-2018] [19:54:20] : MEAS ON 2
[05-29-2018] [19:54:26] : MEAS 2OFF
[05-29-2018] [19:54:40] : MEAS ON 2
[05-29-2018] [19:54:46] : MEAS 2OFF
[05-29-2018] [19:55:04] : MEAS ON 2
[05-29-2018] [19:55:10] : MEAS 2OFF
[05-29-2018] [19:55:53] : MEAS ON 2
[05-29-2018] [19:55:59] : MEAS 2OFF
[05-29-2018] [19:56:15] : MEAS ON 2
[05-29-2018] [19:56:21] : MEAS 2OFF
[05-29-2018] [19:56:39] : MEAS ON 2
[05-29-2018] [19:56:45] : MEAS 2OFF
[05-29-2018] [19:57:01] : MEAS ON 2
[05-29-2018] [19:57:07] : MEAS 2OFF
[05-29-2018] [19:57:30] : MEAS ON 2
[05-29-2018] [19:57:36] : MEAS 2OFF
[05-29-2018] [19:57:53] : MEAS ON 2
[05-29-2018] [19:57:59] : MEAS 2OFF
[05-29-2018] [19:58:14] : MEAS ON 2
[05-29-2018] [19:58:20] : MEAS 2OFF
[05-29-2018] [19:58:38] : MEAS ON 2
[05-29-2018] [19:58:44] : MEAS 2OFF
[05-29-2018] [19:59:00] : MEAS ON 2
[05-29-2018] [19:59:06] : MEAS 2OFF
[05-29-2018] [19:59:26] : MEAS ON 2
[05-29-2018] [19:59:31] : MEAS 2OFF
[05-29-2018] [19:59:49] : MEAS ON 2
[05-29-2018] [19:59:55] : MEAS 2OFF
[05-29-2018] [20:00:10] : MEAS ON 2
[05-29-2018] [20:00:15] : MEAS 2OFF
[05-29-2018] [20:00:33] : MEAS ON 2
[05-29-2018] [20:00:39] : MEAS 2OFF
[05-29-2018] [20:00:55] : MEAS ON 2
[05-29-2018] [20:01:00] : MEAS 2OFF
[05-29-2018] [20:01:32] : MEAS ON 2
[05-29-2018] [20:01:37] : MEAS 2OFF
[05-29-2018] [20:01:52] : MEAS ON 2
[05-29-2018] [20:01:58] : MEAS 2OFF
[05-29-2018] [20:02:16] : MEAS ON 2
[05-29-2018] [20:02:22] : MEAS 2OFF
[05-29-2018] [20:02:37] : MEAS ON 2
[05-29-2018] [20:02:43] : MEAS 2OFF
[05-29-2018] [20:03:02] : MEAS ON 2
[05-29-2018] [20:03:08] : MEAS 2OFF
[05-29-2018] [20:03:24] : MEAS ON 2
[05-29-2018] [20:03:30] : MEAS 2OFF
[05-29-2018] [20:03:45] : MEAS ON 2
[05-29-2018] [20:03:51] : MEAS 2OFF
[05-29-2018] [20:04:08] : MEAS ON 2
[05-29-2018] [20:04:14] : MEAS 2OFF
[05-29-2018] [20:04:30] : MEAS ON 2
[05-29-2018] [20:04:36] : MEAS 2OFF
[05-29-2018] [20:04:54] : MEAS ON 2
[05-29-2018] [20:05:00] : MEAS 2OFF
[05-29-2018] [20:05:33] : MEAS ON 2
[05-29-2018] [20:05:38] : MEAS 2OFF
[05-29-2018] [20:05:57] : MEAS ON 2
[05-29-2018] [20:06:03] : MEAS 2OFF
[05-29-2018] [20:06:20] : MEAS ON 2
[05-29-2018] [20:06:26] : MEAS 2OFF
[05-29-2018] [20:06:40] : MEAS ON 2
[05-29-2018] [20:06:46] : MEAS 2OFF
[05-29-2018] [20:07:03] : MEAS ON 2
[05-29-2018] [20:07:09] : MEAS 2OFF
[05-29-2018] [20:07:25] : MEAS ON 2
[05-29-2018] [20:07:31] : MEAS 2OFF
[05-29-2018] [20:07:49] : MEAS ON 2
[05-29-2018] [20:07:55] : MEAS 2OFF
[05-29-2018] [20:08:12] : MEAS ON 2
[05-29-2018] [20:08:18] : MEAS 2OFF
[05-29-2018] [20:08:32] : MEAS ON 2
[05-29-2018] [20:08:38] : MEAS 2OFF
[05-29-2018] [20:08:56] : MEAS ON 2
[05-29-2018] [20:09:02] : MEAS 2OFF
[05-29-2018] [20:09:29] : MEAS ON 2
[05-29-2018] [20:09:35] : MEAS 2OFF
[05-29-2018] [20:09:50] : MEAS ON 2
[05-29-2018] [20:09:56] : MEAS 2OFF
[05-29-2018] [20:10:13] : MEAS ON 2
[05-29-2018] [20:10:19] : MEAS 2OFF
[05-29-2018] [20:10:34] : MEAS ON 2
[05-29-2018] [20:10:40] : MEAS 2OFF
[05-29-2018] [20:10:59] : MEAS ON 2
[05-29-2018] [20:11:05] : MEAS 2OFF
[05-29-2018] [20:11:21] : MEAS ON 2
[05-29-2018] [20:11:26] : MEAS 2OFF
[05-29-2018] [20:11:46] : MEAS ON 2
[05-29-2018] [20:11:51] : MEAS 2OFF
[05-29-2018] [20:12:09] : MEAS ON 2
[05-29-2018] [20:12:15] : MEAS 2OFF
[05-29-2018] [20:12:30] : MEAS ON 2
[05-29-2018] [20:12:35] : MEAS 2OFF
[05-29-2018] [20:12:54] : MEAS ON 2
[05-29-2018] [20:13:00] : MEAS 2OFF
[05-29-2018] [20:13:30] : MEAS ON 2
[05-29-2018] [20:13:35] : MEAS 2OFF
[05-29-2018] [20:13:51] : MEAS ON 2
[05-29-2018] [20:13:57] : MEAS 2OFF
[05-29-2018] [20:14:15] : MEAS ON 2
[05-29-2018] [20:14:21] : MEAS 2OFF
[05-29-2018] [20:14:38] : MEAS ON 2
[05-29-2018] [20:14:44] : MEAS 2OFF
[05-29-2018] [20:14:59] : MEAS ON 2
[05-29-2018] [20:15:05] : MEAS 2OFF
[05-29-2018] [20:15:22] : MEAS ON 2
[05-29-2018] [20:15:28] : MEAS 2OFF
[05-29-2018] [20:15:44] : MEAS ON 2
[05-29-2018] [20:15:50] : MEAS 2OFF
[05-29-2018] [20:16:09] : MEAS ON 2
[05-29-2018] [20:16:15] : MEAS 2OFF
[05-29-2018] [20:16:31] : MEAS ON 2
[05-29-2018] [20:16:37] : MEAS 2OFF
[05-29-2018] [20:16:52] : MEAS ON 2
[05-29-2018] [20:16:58] : MEAS 2OFF
[05-29-2018] [20:17:30] : MEAS ON 2
[05-29-2018] [20:17:36] : MEAS 2OFF
[05-29-2018] [20:17:50] : MEAS ON 2
[05-29-2018] [20:17:56] : MEAS 2OFF
[05-29-2018] [20:18:14] : MEAS ON 2
[05-29-2018] [20:18:20] : MEAS 2OFF
[05-29-2018] [20:18:36] : MEAS ON 2
[05-29-2018] [20:18:42] : MEAS 2OFF
[05-29-2018] [20:19:01] : MEAS ON 2
[05-29-2018] [20:19:07] : MEAS 2OFF
[05-29-2018] [20:19:23] : MEAS ON 2
[05-29-2018] [20:19:29] : MEAS 2OFF
[05-29-2018] [20:19:44] : MEAS ON 2
[05-29-2018] [20:19:50] : MEAS 2OFF
[05-29-2018] [20:20:07] : MEAS ON 2
[05-29-2018] [20:20:13] : MEAS 2OFF
[05-29-2018] [20:20:29] : MEAS ON 2
[05-29-2018] [20:20:35] : MEAS 2OFF
[05-29-2018] [20:20:53] : MEAS ON 2
[05-29-2018] [20:20:59] : MEAS 2OFF
[05-29-2018] [20:21:33] : MEAS ON 2
[05-29-2018] [20:21:39] : MEAS 2OFF
[05-29-2018] [20:21:53] : MEAS ON 2
[05-29-2018] [20:21:59] : MEAS 2OFF
[05-29-2018] [20:22:17] : MEAS ON 2
[05-29-2018] [20:22:23] : MEAS 2OFF
[05-29-2018] [20:22:39] : MEAS ON 2
[05-29-2018] [20:22:45] : MEAS 2OFF
[05-29-2018] [20:23:03] : MEAS ON 2
[05-29-2018] [20:23:09] : MEAS 2OFF
[05-29-2018] [20:23:25] : MEAS ON 2
[05-29-2018] [20:23:31] : MEAS 2OFF
[05-29-2018] [20:23:46] : MEAS ON 2
[05-29-2018] [20:23:52] : MEAS 2OFF
[05-29-2018] [20:24:09] : MEAS ON 2
[05-29-2018] [20:24:15] : MEAS 2OFF
[05-29-2018] [20:24:31] : MEAS ON 2
[05-29-2018] [20:24:37] : MEAS 2OFF
[05-29-2018] [20:24:55] : MEAS ON 2
[05-29-2018] [20:25:01] : MEAS 2OFF
[05-29-2018] [20:25:29] : MEAS ON 2
[05-29-2018] [20:25:35] : MEAS 2OFF
[05-29-2018] [20:25:49] : MEAS ON 2
[05-29-2018] [20:25:55] : MEAS 2OFF
[05-29-2018] [20:26:13] : MEAS ON 2
[05-29-2018] [20:26:19] : MEAS 2OFF
[05-29-2018] [20:26:34] : MEAS ON 2
[05-29-2018] [20:26:40] : MEAS 2OFF
[05-29-2018] [20:26:58] : MEAS ON 2
[05-29-2018] [20:27:04] : MEAS 2OFF
[05-29-2018] [20:27:21] : MEAS ON 2
[05-29-2018] [20:27:27] : MEAS 2OFF
[05-29-2018] [20:27:41] : MEAS ON 2
[05-29-2018] [20:27:47] : MEAS 2OFF
[05-29-2018] [20:28:04] : MEAS ON 2
[05-29-2018] [20:28:10] : MEAS 2OFF
[05-29-2018] [20:28:26] : MEAS ON 2
[05-29-2018] [20:28:32] : MEAS 2OFF
[05-29-2018] [20:28:50] : MEAS ON 2
[05-29-2018] [20:28:56] : MEAS 2OFF
[05-29-2018] [20:29:18] : MEAS ON 2
[05-29-2018] [20:29:24] : MEAS 2OFF
[05-29-2018] [20:29:42] : MEAS ON 2
[05-29-2018] [20:29:48] : MEAS 2OFF
[05-29-2018] [20:30:03] : MEAS ON 2
[05-29-2018] [20:30:09] : MEAS 2OFF
[05-29-2018] [20:30:27] : MEAS ON 2
[05-29-2018] [20:30:33] : MEAS 2OFF
[05-29-2018] [20:30:50] : MEAS ON 2
[05-29-2018] [20:30:56] : MEAS 2OFF
[05-29-2018] [20:31:10] : MEAS ON 2
[05-29-2018] [20:31:16] : MEAS 2OFF
[05-29-2018] [20:31:33] : MEAS ON 2
[05-29-2018] [20:31:39] : MEAS 2OFF
[05-29-2018] [20:31:55] : MEAS ON 2
[05-29-2018] [20:32:01] : MEAS 2OFF
[05-29-2018] [20:32:19] : MEAS ON 2
[05-29-2018] [20:32:25] : MEAS 2OFF
[05-29-2018] [20:32:41] : MEAS ON 2
[05-29-2018] [20:32:46] : MEAS 2OFF
[05-29-2018] [20:33:11] : MEAS ON 2
[05-29-2018] [20:33:17] : MEAS 2OFF
[05-29-2018] [20:33:35] : MEAS ON 2
[05-29-2018] [20:33:41] : MEAS 2OFF
[05-29-2018] [20:33:57] : MEAS ON 2
[05-29-2018] [20:34:02] : MEAS 2OFF
[05-29-2018] [20:34:22] : MEAS ON 2
[05-29-2018] [20:34:28] : MEAS 2OFF
[05-29-2018] [20:34:45] : MEAS ON 2
[05-29-2018] [20:34:50] : MEAS 2OFF
[05-29-2018] [20:35:05] : MEAS ON 2
[05-29-2018] [20:35:11] : MEAS 2OFF
[05-29-2018] [20:35:29] : MEAS ON 2
[05-29-2018] [20:35:35] : MEAS 2OFF
[05-29-2018] [20:35:50] : MEAS ON 2
[05-29-2018] [20:35:56] : MEAS 2OFF
[05-29-2018] [20:36:15] : MEAS ON 2
[05-29-2018] [20:36:21] : MEAS 2OFF
[05-29-2018] [20:36:38] : MEAS ON 2
[05-29-2018] [20:36:44] : MEAS 2OFF
 
