[10-22-2018] [09:03:49] : AUTO RUNNING ON
[10-22-2018] [09:03:58] : AUTO RUNNING OFF
[10-22-2018] [09:04:09] : AUTO RUNNING ON
[10-22-2018] [09:04:24] : 520 - 324.550000
[10-22-2018] [09:04:57] : 370 - 97.410000
[10-22-2018] [09:05:13] : Cycle start ON
[10-22-2018] [09:05:13] : Cycle start OFF
[10-22-2018] [09:05:40] : Cycle start ON
[10-22-2018] [09:05:41] : Cycle start OFF
[10-22-2018] [09:05:56] : 442 - 265.280000
[10-22-2018] [09:06:13] : Cycle start ON
[10-22-2018] [09:06:13] : Cycle start OFF
[10-22-2018] [09:06:30] : 368 - 69.780000
[10-22-2018] [09:06:53] : Cycle start ON
[10-22-2018] [09:06:54] : Cycle start OFF
[10-22-2018] [09:07:10] : 540 - 332.290000
[10-22-2018] [09:07:27] : Cycle start ON
[10-22-2018] [09:07:27] : Cycle start OFF
[10-22-2018] [09:07:44] : 718 - 267.570000
[10-22-2018] [09:08:00] : Cycle start ON
[10-22-2018] [09:08:01] : Cycle start OFF
[10-22-2018] [09:08:17] : 270 - 223.730000
[10-22-2018] [09:08:32] : Cycle start ON
[10-22-2018] [09:08:32] : Cycle start OFF
[10-22-2018] [09:09:16] : 506 - 168.530000
[10-22-2018] [09:09:19] : AUTO RUNNING OFF
[10-22-2018] [09:09:41] : AUTO RUNNING ON
[10-22-2018] [09:10:55] : 696 - 98.490000
[10-22-2018] [09:11:29] : 236 - 76.770000
[10-22-2018] [09:11:45] : AUTO RUNNING OFF
[10-22-2018] [09:14:43] : AUTO RUNNING ON
[10-22-2018] [09:15:00] : 224 - 266.470000
[10-22-2018] [09:15:15] : Cycle start ON
[10-22-2018] [09:15:15] : Cycle start OFF
[10-22-2018] [09:15:50] : AUTO RUNNING OFF
[10-22-2018] [09:15:50] : 718 - 50.660000
[10-22-2018] [09:16:05] : AUTO RUNNING ON
[10-22-2018] [09:16:20] : 616 - 68.980000
[10-22-2018] [09:16:52] : M3461	NG FULL WARNING ON
[10-22-2018] [09:17:13] : Cycle start ON
[10-22-2018] [09:17:14] : Cycle start OFF
[10-22-2018] [09:17:29] : 328 - 66.030000
[10-22-2018] [09:18:01] : 560 - 350.660000
[10-22-2018] [09:18:20] : AUTO RUNNING OFF
[10-22-2018] [09:29:32] : AUTO RUNNING ON
[10-22-2018] [09:29:54] : AUTO RUNNING OFF
[10-22-2018] [09:33:51] : AUTO RUNNING ON
[10-22-2018] [09:33:59] : AUTO RUNNING OFF
[10-22-2018] [09:34:16] : MEAS ESC ON
[10-22-2018] [09:34:16] : M3400	비상입니다. ON
[10-22-2018] [09:34:17] : MEAS ESC OFF
[10-22-2018] [09:34:17] : RESET ON
[10-22-2018] [09:34:17] : M3400	비상입니다. OFF
[10-22-2018] [09:34:17] : M3461	NG FULL WARNING OFF
[10-22-2018] [09:34:24] : AUTO RUNNING ON
[10-22-2018] [09:34:40] : 370 - 55.200000
[10-22-2018] [09:36:57] : M3461	NG FULL WARNING ON
[10-22-2018] [09:37:11] : AUTO RUNNING OFF
[10-22-2018] [09:39:06] : RESET ON
 
[10-22-2018] [12:01:09] : RESET ON
[10-22-2018] [12:01:09] : M3461	NG FULL WARNING OFF
[10-22-2018] [14:48:35] : AUTO RUNNING ON
[10-22-2018] [14:48:37] : AUTO RUNNING OFF
[10-22-2018] [14:48:49] : AUTO RUNNING ON
[10-22-2018] [14:48:56] : M3463	 ON
[10-22-2018] [14:49:15] : MEAS ESC ON
[10-22-2018] [14:49:15] : AUTO RUNNING OFF
[10-22-2018] [14:49:15] : M3400	비상입니다. ON
[10-22-2018] [14:49:32] : MEAS ESC OFF
[10-22-2018] [14:49:32] : RESET ON
[10-22-2018] [14:49:32] : M3400	비상입니다. OFF
[10-22-2018] [14:49:32] : M3463	 OFF
[10-22-2018] [15:34:49] : AUTO RUNNING ON
[10-22-2018] [15:34:55] : M3463	 ON
[10-22-2018] [15:35:04] : 60 - 55.320000
[10-22-2018] [15:35:20] : Cycle start ON
[10-22-2018] [15:35:21] : Cycle start OFF
[10-22-2018] [15:35:36] : 402 - 9.360000
[10-22-2018] [15:35:57] : Cycle start ON
[10-22-2018] [15:35:57] : Cycle start OFF
[10-22-2018] [15:36:13] : 564 - 257.870000
[10-22-2018] [15:36:28] : Cycle start ON
[10-22-2018] [15:36:29] : Cycle start OFF
[10-22-2018] [15:36:43] : 532 - 8.610000
[10-22-2018] [15:36:59] : Cycle start ON
[10-22-2018] [15:37:00] : Cycle start OFF
[10-22-2018] [15:37:15] : 510 - 165.270000
[10-22-2018] [15:37:46] : 532 - 307.370000
[10-22-2018] [15:38:19] : 104 - 280.330000
[10-22-2018] [15:38:23] : AUTO RUNNING OFF
[10-22-2018] [18:56:10] : AUTO RUNNING ON
[10-22-2018] [18:57:01] : 100 - 81.470000
[10-22-2018] [18:57:33] : 472 - 91.520000
[10-22-2018] [18:57:52] : M3460	OK FULL WARNING ON
[10-22-2018] [18:58:00] : Cycle start ON
[10-22-2018] [18:58:00] : Cycle start OFF
[10-22-2018] [18:58:18] : Cycle start ON
[10-22-2018] [18:58:19] : Cycle start OFF
[10-22-2018] [18:58:46] : Cycle start ON
[10-22-2018] [18:58:46] : Cycle start OFF
[10-22-2018] [18:58:51] : Cycle start ON
[10-22-2018] [18:58:52] : Cycle start OFF
[10-22-2018] [18:59:13] : Cycle start ON
[10-22-2018] [18:59:13] : Cycle start OFF
[10-22-2018] [18:59:19] : Cycle start ON
[10-22-2018] [18:59:19] : Cycle start OFF
[10-22-2018] [18:59:46] : Cycle start ON
[10-22-2018] [18:59:46] : Cycle start OFF
[10-22-2018] [18:59:52] : Cycle start ON
[10-22-2018] [18:59:52] : Cycle start OFF
[10-22-2018] [18:59:57] : Cycle start ON
[10-22-2018] [18:59:58] : Cycle start OFF
[10-22-2018] [19:00:19] : Cycle start ON
[10-22-2018] [19:00:19] : Cycle start OFF
[10-22-2018] [19:00:25] : Cycle start ON
[10-22-2018] [19:00:25] : Cycle start OFF
[10-22-2018] [19:00:30] : Cycle start ON
[10-22-2018] [19:00:31] : Cycle start OFF
[10-22-2018] [19:00:52] : Cycle start ON
[10-22-2018] [19:00:52] : Cycle start OFF
[10-22-2018] [19:00:58] : Cycle start ON
[10-22-2018] [19:00:58] : Cycle start OFF
[10-22-2018] [19:01:03] : Cycle start ON
[10-22-2018] [19:01:04] : Cycle start OFF
[10-22-2018] [19:01:25] : Cycle start ON
[10-22-2018] [19:01:25] : Cycle start OFF
[10-22-2018] [19:01:31] : Cycle start ON
[10-22-2018] [19:01:31] : Cycle start OFF
[10-22-2018] [19:01:36] : Cycle start ON
[10-22-2018] [19:01:37] : Cycle start OFF
[10-22-2018] [19:01:58] : Cycle start ON
[10-22-2018] [19:01:58] : Cycle start OFF
[10-22-2018] [19:02:04] : Cycle start ON
[10-22-2018] [19:02:04] : Cycle start OFF
[10-22-2018] [19:02:09] : Cycle start ON
[10-22-2018] [19:02:10] : Cycle start OFF
[10-22-2018] [19:02:31] : Cycle start ON
[10-22-2018] [19:02:31] : Cycle start OFF
[10-22-2018] [19:02:37] : Cycle start ON
[10-22-2018] [19:02:37] : Cycle start OFF
[10-22-2018] [19:02:42] : Cycle start ON
[10-22-2018] [19:02:43] : Cycle start OFF
[10-22-2018] [19:03:04] : Cycle start ON
[10-22-2018] [19:03:04] : Cycle start OFF
[10-22-2018] [19:03:10] : Cycle start ON
[10-22-2018] [19:03:10] : Cycle start OFF
[10-22-2018] [19:03:15] : Cycle start ON
[10-22-2018] [19:03:16] : Cycle start OFF
[10-22-2018] [19:03:37] : Cycle start ON
[10-22-2018] [19:03:37] : Cycle start OFF
[10-22-2018] [19:03:43] : Cycle start ON
[10-22-2018] [19:03:43] : Cycle start OFF
[10-22-2018] [19:06:52] : AUTO RUNNING OFF
[10-22-2018] [19:08:52] : AUTO RUNNING ON
[10-22-2018] [19:09:02] : Cycle start ON
[10-22-2018] [19:09:02] : Cycle start OFF
[10-22-2018] [19:09:45] : AUTO RUNNING OFF
[10-22-2018] [19:11:16] : MEAS ESC ON
[10-22-2018] [19:11:16] : M3400	비상입니다. ON
[10-22-2018] [19:11:17] : MEAS ESC OFF
[10-22-2018] [19:11:17] : M3400	비상입니다. OFF
[10-22-2018] [19:11:17] : M3460	OK FULL WARNING OFF
[10-22-2018] [19:11:17] : M3463	 OFF
[10-22-2018] [19:14:25] : MEAS ESC ON
[10-22-2018] [19:14:25] : M3400	비상입니다. ON
[10-22-2018] [19:14:26] : MEAS ESC OFF
[10-22-2018] [19:14:26] : M3400	비상입니다. OFF
[10-22-2018] [19:20:28] : AUTO RUNNING ON
[10-22-2018] [19:20:33] : M3463	 ON
[10-22-2018] [19:20:40] : Cycle start ON
[10-22-2018] [19:20:41] : Cycle start OFF
[10-22-2018] [19:20:43] : AUTO RUNNING OFF
[10-22-2018] [19:21:11] : AUTO RUNNING ON
[10-22-2018] [19:21:39] : 20 - 5.950000
[10-22-2018] [19:21:45] : AUTO RUNNING OFF
[10-22-2018] [19:22:18] : AUTO RUNNING ON
[10-22-2018] [19:22:29] : Cycle start ON
[10-22-2018] [19:22:29] : Cycle start OFF
[10-22-2018] [19:22:47] : AUTO RUNNING OFF
[10-22-2018] [19:22:55] : AUTO RUNNING ON
[10-22-2018] [19:23:50] : 240 - 278.270000
[10-22-2018] [19:23:55] : AUTO RUNNING OFF
[10-22-2018] [19:25:14] : AUTO RUNNING ON
[10-22-2018] [19:25:42] : 308 - 153.900000
[10-22-2018] [19:25:58] : Cycle start ON
[10-22-2018] [19:25:58] : Cycle start OFF
[10-22-2018] [19:26:13] : 418 - 14.690000
[10-22-2018] [19:26:29] : Cycle start ON
[10-22-2018] [19:26:29] : Cycle start OFF
[10-22-2018] [19:26:45] : 482 - 207.760000
[10-22-2018] [19:26:54] : M3460	OK FULL WARNING ON
[10-22-2018] [19:27:17] : 10 - 163.920000
[10-22-2018] [19:27:28] : AUTO RUNNING OFF
[10-22-2018] [19:29:10] : AUTO RUNNING ON
[10-22-2018] [19:29:25] : AUTO RUNNING OFF
[10-22-2018] [19:30:02] : AUTO RUNNING ON
[10-22-2018] [19:30:07] : AUTO RUNNING OFF
[10-22-2018] [19:30:24] : AUTO RUNNING ON
[10-22-2018] [19:30:24] : AUTO RUNNING OFF
[10-22-2018] [19:30:53] : AUTO RUNNING ON
[10-22-2018] [19:31:05] : Cycle start ON
[10-22-2018] [19:31:05] : Cycle start OFF
[10-22-2018] [19:31:21] : 192 - 75.670000
[10-22-2018] [19:31:37] : Cycle start ON
[10-22-2018] [19:31:38] : Cycle start OFF
[10-22-2018] [19:31:52] : 204 - 219.450000
[10-22-2018] [19:32:08] : Cycle start ON
[10-22-2018] [19:32:09] : Cycle start OFF
[10-22-2018] [19:32:25] : 438 - 191.690000
[10-22-2018] [19:32:57] : 138 - 217.860000
[10-22-2018] [19:33:13] : Cycle start ON
[10-22-2018] [19:33:13] : Cycle start OFF
[10-22-2018] [19:33:29] : 472 - 205.230000
[10-22-2018] [19:34:14] : Cycle start ON
[10-22-2018] [19:34:14] : Cycle start OFF
[10-22-2018] [19:34:30] : 612 - 116.700000
[10-22-2018] [19:34:47] : AUTO RUNNING OFF
[10-22-2018] [19:35:51] : AUTO RUNNING ON
[10-22-2018] [19:35:55] : AUTO RUNNING OFF
[10-22-2018] [19:36:02] : AUTO RUNNING ON
[10-22-2018] [19:36:57] : Cycle start ON
[10-22-2018] [19:36:58] : Cycle start OFF
[10-22-2018] [19:37:14] : 288 - 164.710000
[10-22-2018] [19:37:23] : AUTO RUNNING OFF
[10-22-2018] [19:38:32] : AUTO RUNNING ON
[10-22-2018] [19:38:45] : Cycle start ON
[10-22-2018] [19:38:46] : Cycle start OFF
[10-22-2018] [19:39:01] : 706 - 166.080000
[10-22-2018] [19:39:16] : Cycle start ON
[10-22-2018] [19:39:16] : Cycle start OFF
[10-22-2018] [19:39:28] : Cycle start ON
[10-22-2018] [19:39:28] : Cycle start OFF
[10-22-2018] [19:40:08] : AUTO RUNNING OFF
[10-22-2018] [19:40:55] : AUTO RUNNING ON
[10-22-2018] [19:41:26] : Cycle start ON
[10-22-2018] [19:41:27] : Cycle start OFF
[10-22-2018] [19:41:54] : Cycle start ON
[10-22-2018] [19:41:54] : Cycle start OFF
[10-22-2018] [19:42:22] : Cycle start ON
[10-22-2018] [19:42:22] : Cycle start OFF
[10-22-2018] [19:42:38] : 404 - 168.160000
[10-22-2018] [19:42:52] : Cycle start ON
[10-22-2018] [19:42:52] : Cycle start OFF
[10-22-2018] [19:43:08] : 468 - 11.030000
[10-22-2018] [19:43:23] : Cycle start ON
[10-22-2018] [19:43:23] : Cycle start OFF
[10-22-2018] [19:43:39] : 370 - 115.600000
[10-22-2018] [19:43:53] : Cycle start ON
[10-22-2018] [19:43:54] : Cycle start OFF
[10-22-2018] [19:44:05] : Cycle start ON
[10-22-2018] [19:44:05] : Cycle start OFF
[10-22-2018] [19:44:17] : Cycle start ON
[10-22-2018] [19:44:17] : Cycle start OFF
[10-22-2018] [19:44:44] : AUTO RUNNING OFF
[10-22-2018] [19:45:08] : M3460	OK FULL WARNING OFF
[10-22-2018] [19:49:32] : AUTO RUNNING ON
[10-22-2018] [19:50:05] : Cycle start ON
[10-22-2018] [19:50:06] : Cycle start OFF
[10-22-2018] [19:50:33] : Cycle start ON
[10-22-2018] [19:50:33] : Cycle start OFF
[10-22-2018] [19:51:01] : Cycle start ON
[10-22-2018] [19:51:01] : Cycle start OFF
[10-22-2018] [19:51:18] : 118 - 194.700000
[10-22-2018] [19:51:48] : 288 - 79.290000
[10-22-2018] [19:52:04] : Cycle start ON
[10-22-2018] [19:52:04] : Cycle start OFF
[10-22-2018] [19:52:20] : 168 - 210.470000
[10-22-2018] [19:52:36] : Cycle start ON
[10-22-2018] [19:52:37] : Cycle start OFF
[10-22-2018] [19:52:51] : 466 - 130.630000
[10-22-2018] [19:53:10] : Cycle start ON
[10-22-2018] [19:53:10] : Cycle start OFF
[10-22-2018] [19:53:25] : 346 - 194.600000
[10-22-2018] [19:53:43] : Cycle start ON
[10-22-2018] [19:53:43] : Cycle start OFF
[10-22-2018] [19:54:00] : 194 - 310.090000
[10-22-2018] [19:54:45] : 386 - 195.250000
[10-22-2018] [19:55:18] : 682 - 164.690000
[10-22-2018] [19:56:38] : Cycle start ON
[10-22-2018] [19:56:38] : Cycle start OFF
[10-22-2018] [19:57:00] : AUTO RUNNING OFF
[10-22-2018] [19:57:06] : AUTO RUNNING ON
[10-22-2018] [19:57:06] : AUTO RUNNING OFF
 
