[09:46:09] : MEAS ESC ON
[09:46:13] : MEAS ESC OFF
[09:46:13] : AUTO RUNNING ON
[09:46:17] : AUTO RUNNING OFF
[09:46:40] : MEAS ESC ON
[09:46:41] : MEAS ESC OFF
[09:46:41] : AUTO RUNNING ON
[09:47:19] : AUTO RUNNING OFF
[09:48:24] : MEAS ESC ON
[09:48:24] : MEAS ESC OFF
[09:48:24] : AUTO RUNNING ON
[09:48:28] : AUTO RUNNING OFF
[09:48:37] : MEAS ESC ON
[09:48:38] : MEAS ESC OFF
[09:48:38] : AUTO RUNNING ON
[09:48:57] : Cycle start ON
[09:48:59] : Cycle start OFF
[09:49:05] : REQUEST MEAS. ON
[09:49:15] : REQUEST MEAS. OFF
[09:49:15] : end pos sig1 :50.000000 - 50.000000
[09:49:15] : 측정요구 ON 2
[09:49:24] : 측정요구 2OFF
[09:49:24] : end pos sig2 :-50.000000 - -50.000000
[09:49:27] : 측정요구3 ON
[09:49:36] : 측정요구3 OFF
[09:49:36] : end pos sig3 :50.000000 - 50.000000
[09:49:36] : 측정요구4 ON
[09:49:46] : 측정요구4 OFF
[09:49:46] : end pos sig4 :-50.000000 - -50.000000
[09:49:46] : 11,20181204-094947,CF18112053721,,OK,MAX,1, ,0.10,2.00,1.99,OK,0.10,2.00,1.29,OK,0.10,2.00,0.68,OK,0.10,2.00,0.57,OK,
[09:50:04] : Cycle start ON
[09:50:06] : Cycle start OFF
[09:50:33] : REQUEST MEAS. ON
[09:50:42] : REQUEST MEAS. OFF
[09:50:42] : end pos sig1 :50.000000 - 50.000000
[09:50:43] : 측정요구 ON 2
[09:50:52] : 측정요구 2OFF
[09:50:52] : end pos sig2 :-50.000000 - -50.000000
[09:50:55] : 측정요구3 ON
[09:51:04] : 측정요구3 OFF
[09:51:04] : end pos sig3 :50.000000 - 50.000000
[09:51:04] : 측정요구4 ON
[09:51:14] : 측정요구4 OFF
[09:51:14] : end pos sig4 :-50.000000 - -50.000000
[09:51:14] : 11,20181204-095115,CF18112053891,,NG,MAX,1, ,0.10,2.00,0.80,OK,0.10,2.00,2.05,NG,0.10,2.00,0.64,OK,0.10,2.00,0.44,OK,
[09:51:41] : Cycle start ON
[09:51:43] : Cycle start OFF
[09:52:01] : REQUEST MEAS. ON
[09:52:10] : REQUEST MEAS. OFF
[09:52:10] : end pos sig1 :50.000000 - 50.000000
[09:52:11] : 측정요구 ON 2
[09:52:20] : 측정요구 2OFF
[09:52:20] : end pos sig2 :-50.000000 - -50.000000
[09:52:23] : 측정요구3 ON
[09:52:32] : 측정요구3 OFF
[09:52:32] : end pos sig3 :50.000000 - 50.000000
[09:52:32] : 측정요구4 ON
[09:52:42] : 측정요구4 OFF
[09:52:42] : end pos sig4 :-50.000000 - -50.000000
[09:52:42] : 11,20181204-095243,CF18112051561,,OK,MAX,1, ,0.10,2.00,0.79,OK,0.10,2.00,1.05,OK,0.10,2.00,0.52,OK,0.10,2.00,0.48,OK,
[09:54:42] : AUTO RUNNING OFF
[09:55:13] : MEAS ESC ON
[09:55:14] : MEAS ESC OFF
[09:55:14] : AUTO RUNNING ON
[09:56:35] : AUTO RUNNING OFF
[09:56:58] : MEAS ESC ON
[09:56:58] : MEAS ESC OFF
[09:56:58] : AUTO RUNNING ON
[09:57:17] : Cycle start ON
[09:57:20] : Cycle start OFF
[09:59:04] : AUTO RUNNING OFF
[09:59:30] : MEAS ESC ON
[09:59:31] : MEAS ESC OFF
[09:59:31] : AUTO RUNNING ON
[10:36:47] : AUTO RUNNING OFF
[10:38:40] : MEAS ESC ON
[10:38:41] : MEAS ESC OFF
[10:38:41] : AUTO RUNNING ON
[10:38:44] : REQUEST MEAS. ON
[10:38:53] : REQUEST MEAS. OFF
[10:38:53] : end pos sig1 :50.000000 - 50.000000
[10:38:53] : 측정요구 ON 2
[10:39:02] : 측정요구 2OFF
[10:39:02] : end pos sig2 :-50.000000 - -50.000000
[10:39:06] : 측정요구3 ON
[10:39:15] : 측정요구3 OFF
[10:39:15] : end pos sig3 :50.000000 - 50.000000
[10:39:15] : 측정요구4 ON
[10:39:24] : 측정요구4 OFF
[10:39:24] : end pos sig4 :-50.000000 - -50.000000
[10:39:24] : 11,20181204-103925,CF18112053871,,OK,MAX,1, ,0.10,2.00,1.02,OK,0.10,2.00,1.20,OK,0.10,2.00,0.67,OK,0.10,2.00,1.53,OK,
[10:39:42] : Cycle start ON
[10:39:45] : Cycle start OFF
[10:40:12] : REQUEST MEAS. ON
[10:40:21] : REQUEST MEAS. OFF
[10:40:21] : end pos sig1 :50.000000 - 50.000000
[10:40:21] : 측정요구 ON 2
[10:40:31] : 측정요구 2OFF
[10:40:31] : end pos sig2 :-50.000000 - -50.000000
[10:40:34] : 측정요구3 ON
[10:40:43] : 측정요구3 OFF
[10:40:43] : end pos sig3 :50.000000 - 50.000000
[10:40:43] : 측정요구4 ON
[10:40:53] : 측정요구4 OFF
[10:40:53] : end pos sig4 :-50.000000 - -50.000000
[10:40:53] : 11,20181204-104053,CF18112052021,,OK,MAX,1, ,0.10,2.00,0.73,OK,0.10,2.00,1.15,OK,0.10,2.00,0.50,OK,0.10,2.00,0.50,OK,
[10:41:15] : Cycle start ON
[10:41:17] : Cycle start OFF
[10:41:39] : REQUEST MEAS. ON
[10:41:48] : REQUEST MEAS. OFF
[10:41:48] : end pos sig1 :50.000000 - 50.000000
[10:41:48] : 측정요구 ON 2
[10:41:58] : 측정요구 2OFF
[10:41:58] : end pos sig2 :-50.000000 - -50.000000
[10:42:02] : 측정요구3 ON
[10:42:11] : 측정요구3 OFF
[10:42:11] : end pos sig3 :50.000000 - 50.000000
[10:42:11] : 측정요구4 ON
[10:42:21] : 측정요구4 OFF
[10:42:21] : end pos sig4 :-50.000000 - -50.000000
[10:42:21] : 11,20181204-104221,CF18112053781,,OK,MAX,1, ,0.10,2.00,1.01,OK,0.10,2.00,1.24,OK,0.10,2.00,0.60,OK,0.10,2.00,0.55,OK,
[10:42:44] : Cycle start ON
[10:42:47] : Cycle start OFF
[10:43:08] : REQUEST MEAS. ON
[10:43:17] : REQUEST MEAS. OFF
[10:43:17] : end pos sig1 :50.000000 - 50.000000
[10:43:17] : 측정요구 ON 2
[10:43:27] : 측정요구 2OFF
[10:43:27] : end pos sig2 :-50.000000 - -50.000000
[10:43:30] : 측정요구3 ON
[10:43:39] : 측정요구3 OFF
[10:43:39] : end pos sig3 :50.000000 - 50.000000
[10:43:39] : 측정요구4 ON
[10:43:49] : 측정요구4 OFF
[10:43:49] : end pos sig4 :-50.000000 - -50.000000
[10:43:49] : 11,20181204-104350,CF18112053911,,OK,MAX,1, ,0.10,2.00,1.35,OK,0.10,2.00,1.34,OK,0.10,2.00,0.63,OK,0.10,2.00,0.68,OK,
[10:44:13] : Cycle start ON
[10:44:16] : Cycle start OFF
[10:44:37] : REQUEST MEAS. ON
[10:44:46] : REQUEST MEAS. OFF
[10:44:46] : end pos sig1 :50.000000 - 50.000000
[10:44:46] : 측정요구 ON 2
[10:44:55] : 측정요구 2OFF
[10:44:55] : end pos sig2 :-50.000000 - -50.000000
[10:44:58] : 측정요구3 ON
[10:45:07] : 측정요구3 OFF
[10:45:07] : end pos sig3 :50.000000 - 50.000000
[10:45:07] : 측정요구4 ON
[10:45:17] : 측정요구4 OFF
[10:45:17] : end pos sig4 :-50.000000 - -50.000000
[10:45:17] : 11,20181204-104518,CF18112052281,,OK,MAX,1, ,0.10,2.00,0.36,OK,0.10,2.00,1.26,OK,0.10,2.00,0.52,OK,0.10,2.00,0.58,OK,
[10:45:41] : Cycle start ON
[10:45:44] : Cycle start OFF
[10:46:04] : REQUEST MEAS. ON
[10:46:14] : REQUEST MEAS. OFF
[10:46:14] : end pos sig1 :50.000000 - 50.000000
[10:46:14] : 측정요구 ON 2
[10:46:23] : 측정요구 2OFF
[10:46:23] : end pos sig2 :-50.000000 - -50.000000
[10:46:26] : 측정요구3 ON
[10:46:35] : 측정요구3 OFF
[10:46:35] : end pos sig3 :50.000000 - 50.000000
[10:46:35] : 측정요구4 ON
[10:46:45] : 측정요구4 OFF
[10:46:45] : end pos sig4 :-50.000000 - -50.000000
[10:46:45] : 11,20181204-104646,CF18112051621,,OK,MAX,1, ,0.10,2.00,0.77,OK,0.10,2.00,1.90,OK,0.10,2.00,0.43,OK,0.10,2.00,0.54,OK,
[10:47:10] : Cycle start ON
[10:47:13] : Cycle start OFF
[10:47:18] : REQUEST MEAS. ON
[10:47:28] : REQUEST MEAS. OFF
[10:47:28] : end pos sig1 :50.000000 - 50.000000
[10:47:28] : 측정요구 ON 2
[10:47:37] : 측정요구 2OFF
[10:47:37] : end pos sig2 :-50.000000 - -50.000000
[10:47:40] : 측정요구3 ON
[10:47:49] : 측정요구3 OFF
[10:47:49] : end pos sig3 :50.000000 - 50.000000
[10:47:49] : 측정요구4 ON
[10:47:59] : 측정요구4 OFF
[10:47:59] : end pos sig4 :-50.000000 - -50.000000
[10:47:59] : 11,20181204-104800,CF18112053091,,OK,MAX,1, ,0.10,2.00,1.04,OK,0.10,2.00,1.30,OK,0.10,2.00,0.59,OK,0.10,2.00,0.49,OK,
[10:48:18] : Cycle start ON
[10:48:20] : Cycle start OFF
[10:48:46] : REQUEST MEAS. ON
[10:48:55] : REQUEST MEAS. OFF
[10:48:55] : end pos sig1 :50.000000 - 50.000000
[10:48:55] : 측정요구 ON 2
[10:49:05] : 측정요구 2OFF
[10:49:05] : end pos sig2 :-50.000000 - -50.000000
[10:49:08] : 측정요구3 ON
[10:49:17] : 측정요구3 OFF
[10:49:17] : end pos sig3 :50.000000 - 50.000000
[10:49:17] : 측정요구4 ON
[10:49:27] : 측정요구4 OFF
[10:49:27] : end pos sig4 :-50.000000 - -50.000000
[10:49:27] : 11,20181204-104928,CF18112053571,,OK,MAX,1, ,0.10,2.00,0.85,OK,0.10,2.00,1.01,OK,0.10,2.00,0.57,OK,0.10,2.00,0.53,OK,
[10:49:51] : Cycle start ON
[10:49:53] : Cycle start OFF
[10:50:15] : REQUEST MEAS. ON
[10:50:24] : REQUEST MEAS. OFF
[10:50:24] : end pos sig1 :50.000000 - 50.000000
[10:50:24] : 측정요구 ON 2
[10:50:33] : 측정요구 2OFF
[10:50:33] : end pos sig2 :-50.000000 - -50.000000
[10:50:37] : 측정요구3 ON
[10:50:46] : 측정요구3 OFF
[10:50:46] : end pos sig3 :50.000000 - 50.000000
[10:50:46] : 측정요구4 ON
[10:50:55] : 측정요구4 OFF
[10:50:55] : end pos sig4 :-50.000000 - -50.000000
[10:50:55] : 11,20181204-105056,CF18112052061,,OK,MAX,1, ,0.10,2.00,1.29,OK,0.10,2.00,1.18,OK,0.10,2.00,0.60,OK,0.10,2.00,0.62,OK,
[10:51:19] : Cycle start ON
[10:51:21] : Cycle start OFF
[10:51:42] : REQUEST MEAS. ON
[10:51:52] : REQUEST MEAS. OFF
[10:51:52] : end pos sig1 :50.000000 - 50.000000
[10:51:52] : 측정요구 ON 2
[10:52:01] : 측정요구 2OFF
[10:52:01] : end pos sig2 :-50.000000 - -50.000000
[10:52:05] : 측정요구3 ON
[10:52:14] : 측정요구3 OFF
[10:52:14] : end pos sig3 :50.000000 - 50.000000
[10:52:14] : 측정요구4 ON
[10:52:23] : 측정요구4 OFF
[10:52:23] : end pos sig4 :-50.000000 - -50.000000
[10:52:23] : 11,20181204-105224,CF18112053121,,OK,MAX,1, ,0.10,2.00,0.63,OK,0.10,2.00,0.90,OK,0.10,2.00,0.56,OK,0.10,2.00,0.43,OK,
[10:52:47] : Cycle start ON
[10:52:50] : Cycle start OFF
[10:53:11] : REQUEST MEAS. ON
[10:53:20] : REQUEST MEAS. OFF
[10:53:20] : end pos sig1 :50.000000 - 50.000000
[10:53:20] : 측정요구 ON 2
[10:53:29] : 측정요구 2OFF
[10:53:29] : end pos sig2 :-50.000000 - -50.000000
[10:53:33] : 측정요구3 ON
[10:53:42] : 측정요구3 OFF
[10:53:42] : end pos sig3 :50.000000 - 50.000000
[10:53:42] : 측정요구4 ON
[10:53:51] : 측정요구4 OFF
[10:53:51] : end pos sig4 :-50.000000 - -50.000000
[10:53:51] : 11,20181204-105352,CF18112052601,,OK,MAX,1, ,0.10,2.00,1.23,OK,0.10,2.00,1.38,OK,0.10,2.00,0.62,OK,0.10,2.00,0.43,OK,
[10:54:10] : Cycle start ON
[10:54:12] : Cycle start OFF
[10:54:38] : REQUEST MEAS. ON
[10:54:47] : REQUEST MEAS. OFF
[10:54:47] : end pos sig1 :50.000000 - 50.000000
[10:54:48] : 측정요구 ON 2
[10:54:57] : 측정요구 2OFF
[10:54:57] : end pos sig2 :-50.000000 - -50.000000
[10:55:00] : 측정요구3 ON
[10:55:09] : 측정요구3 OFF
[10:55:09] : end pos sig3 :50.000000 - 50.000000
[10:55:09] : 측정요구4 ON
[10:55:19] : 측정요구4 OFF
[10:55:19] : end pos sig4 :-50.000000 - -50.000000
[10:55:19] : 11,20181204-105520,CF18112052451,,OK,MAX,1, ,0.10,2.00,0.40,OK,0.10,2.00,1.01,OK,0.10,2.00,0.62,OK,0.10,2.00,0.71,OK,
[11:00:48] : Cycle start ON
[11:00:50] : Cycle start OFF
[11:00:56] : REQUEST MEAS. ON
[11:01:06] : REQUEST MEAS. OFF
[11:01:06] : end pos sig1 :50.000000 - 50.000000
[11:01:06] : 측정요구 ON 2
[11:01:15] : 측정요구 2OFF
[11:01:15] : end pos sig2 :-50.000000 - -50.000000
[11:01:18] : 측정요구3 ON
[11:01:27] : 측정요구3 OFF
[11:01:27] : end pos sig3 :50.000000 - 50.000000
[11:01:27] : 측정요구4 ON
[11:01:37] : 측정요구4 OFF
[11:01:37] : end pos sig4 :-50.000000 - -50.000000
[11:01:37] : 11,20181204-110138,CF18112052761,,OK,MAX,1, ,0.10,2.00,0.96,OK,0.10,2.00,1.08,OK,0.10,2.00,0.44,OK,0.10,2.00,0.59,OK,
[11:18:50] : Cycle start ON
[11:18:52] : Cycle start OFF
[11:18:58] : REQUEST MEAS. ON
[11:19:07] : REQUEST MEAS. OFF
[11:19:07] : end pos sig1 :50.000000 - 50.000000
[11:19:07] : 측정요구 ON 2
[11:19:17] : 측정요구 2OFF
[11:19:17] : end pos sig2 :-50.000000 - -50.000000
[11:19:20] : 측정요구3 ON
[11:19:29] : 측정요구3 OFF
[11:19:29] : end pos sig3 :50.000000 - 50.000000
[11:19:29] : 측정요구4 ON
[11:19:39] : 측정요구4 OFF
[11:19:39] : end pos sig4 :-50.000000 - -50.000000
[11:19:39] : 11,20181204-111939,CF18112051651,,OK,MAX,1, ,0.10,2.00,1.00,OK,0.10,2.00,1.26,OK,0.10,2.00,0.62,OK,0.10,2.00,0.58,OK,
[11:19:58] : Cycle start ON
[11:20:00] : Cycle start OFF
[11:20:26] : REQUEST MEAS. ON
[11:20:35] : REQUEST MEAS. OFF
[11:20:35] : end pos sig1 :50.000000 - 50.000000
[11:20:35] : 측정요구 ON 2
[11:20:44] : 측정요구 2OFF
[11:20:44] : end pos sig2 :-50.000000 - -50.000000
[11:20:48] : 측정요구3 ON
[11:20:57] : 측정요구3 OFF
[11:20:57] : end pos sig3 :50.000000 - 50.000000
[11:20:57] : 측정요구4 ON
[11:21:07] : 측정요구4 OFF
[11:21:07] : end pos sig4 :-50.000000 - -50.000000
[11:21:07] : 11,20181204-112107,CF18112051481,,NG,MAX,1, ,0.10,2.00,1.20,OK,0.10,2.00,2.02,NG,0.10,2.00,0.49,OK,0.10,2.00,0.60,OK,
[11:21:28] : Cycle start ON
[11:21:31] : Cycle start OFF
[11:21:53] : REQUEST MEAS. ON
[11:22:02] : REQUEST MEAS. OFF
[11:22:02] : end pos sig1 :50.000000 - 50.000000
[11:22:02] : 측정요구 ON 2
[11:22:12] : 측정요구 2OFF
[11:22:12] : end pos sig2 :-50.000000 - -50.000000
[11:22:16] : 측정요구3 ON
[11:22:25] : 측정요구3 OFF
[11:22:25] : end pos sig3 :50.000000 - 50.000000
[11:22:25] : 측정요구4 ON
[11:22:34] : 측정요구4 OFF
[11:22:34] : end pos sig4 :-50.000000 - -50.000000
[11:22:34] : 11,20181204-112235,CF18112053641,,OK,MAX,1, ,0.10,2.00,0.83,OK,0.10,2.00,1.28,OK,0.10,2.00,0.49,OK,0.10,2.00,0.48,OK,
[11:22:53] : Cycle start ON
[11:22:56] : Cycle start OFF
[11:23:21] : REQUEST MEAS. ON
[11:23:30] : REQUEST MEAS. OFF
[11:23:30] : end pos sig1 :50.000000 - 50.000000
[11:23:30] : 측정요구 ON 2
[11:23:40] : 측정요구 2OFF
[11:23:40] : end pos sig2 :-50.000000 - -50.000000
[11:23:43] : 측정요구3 ON
[11:23:52] : 측정요구3 OFF
[11:23:52] : end pos sig3 :50.000000 - 50.000000
[11:23:52] : 측정요구4 ON
[11:24:02] : 측정요구4 OFF
[11:24:02] : end pos sig4 :-50.000000 - -50.000000
[11:24:02] : 11,20181204-112403,CF18112053521,,OK,MAX,1, ,0.10,2.00,0.97,OK,0.10,2.00,1.25,OK,0.10,2.00,0.56,OK,0.10,2.00,0.47,OK,
[11:24:26] : Cycle start ON
[11:24:29] : Cycle start OFF
[11:24:49] : REQUEST MEAS. ON
[11:24:58] : REQUEST MEAS. OFF
[11:24:58] : end pos sig1 :50.000000 - 50.000000
[11:24:59] : 측정요구 ON 2
[11:25:08] : 측정요구 2OFF
[11:25:08] : end pos sig2 :-50.000000 - -50.000000
[11:25:11] : 측정요구3 ON
[11:25:20] : 측정요구3 OFF
[11:25:20] : end pos sig3 :50.000000 - 50.000000
[11:25:20] : 측정요구4 ON
[11:25:30] : 측정요구4 OFF
[11:25:30] : end pos sig4 :-50.000000 - -50.000000
[11:25:30] : 11,20181204-112531,CF18112052611,,OK,MAX,1, ,0.10,2.00,0.93,OK,0.10,2.00,1.40,OK,0.10,2.00,0.51,OK,0.10,2.00,0.58,OK,
[11:25:49] : Cycle start ON
[11:25:52] : Cycle start OFF
[11:26:18] : REQUEST MEAS. ON
[11:26:27] : REQUEST MEAS. OFF
[11:26:27] : end pos sig1 :50.000000 - 50.000000
[11:26:27] : 측정요구 ON 2
[11:26:36] : 측정요구 2OFF
[11:26:36] : end pos sig2 :-50.000000 - -50.000000
[11:26:40] : 측정요구3 ON
[11:26:49] : 측정요구3 OFF
[11:26:49] : end pos sig3 :50.000000 - 50.000000
[11:26:49] : 측정요구4 ON
[11:26:58] : 측정요구4 OFF
[11:26:58] : end pos sig4 :-50.000000 - -50.000000
[11:26:58] : 11,20181204-112659,CF18112053081,,NG,MAX,1, ,0.10,2.00,1.12,OK,0.10,2.00,2.11,NG,0.10,2.00,0.51,OK,0.10,2.00,0.42,OK,
[11:27:27] : Cycle start ON
[11:27:30] : Cycle start OFF
[11:27:36] : REQUEST MEAS. ON
[11:27:45] : REQUEST MEAS. OFF
[11:27:45] : end pos sig1 :50.000000 - 50.000000
[11:27:45] : 측정요구 ON 2
[11:27:54] : 측정요구 2OFF
[11:27:54] : end pos sig2 :-50.000000 - -50.000000
[11:27:58] : 측정요구3 ON
[11:28:07] : 측정요구3 OFF
[11:28:07] : end pos sig3 :50.000000 - 50.000000
[11:28:07] : 측정요구4 ON
[11:28:17] : 측정요구4 OFF
[11:28:17] : end pos sig4 :-50.000000 - -50.000000
[11:28:17] : 11,20181204-112817,CF18112053011,,OK,MAX,1, ,0.10,2.00,0.85,OK,0.10,2.00,1.29,OK,0.10,2.00,0.51,OK,0.10,2.00,0.66,OK,
[11:28:39] : Cycle start ON
[11:28:41] : Cycle start OFF
[11:29:04] : REQUEST MEAS. ON
[11:29:13] : REQUEST MEAS. OFF
[11:29:13] : end pos sig1 :50.000000 - 50.000000
[11:29:13] : 측정요구 ON 2
[11:29:22] : 측정요구 2OFF
[11:29:22] : end pos sig2 :-50.000000 - -50.000000
[11:29:26] : 측정요구3 ON
[11:29:35] : 측정요구3 OFF
[11:29:35] : end pos sig3 :50.000000 - 50.000000
[11:29:35] : 측정요구4 ON
[11:29:45] : 측정요구4 OFF
[11:29:45] : end pos sig4 :-50.000000 - -50.000000
[11:29:45] : 11,20181204-112946,CF18112053171,,OK,MAX,1, ,0.10,2.00,1.13,OK,0.10,2.00,1.06,OK,0.10,2.00,0.50,OK,0.10,2.00,0.50,OK,
[11:30:09] : Cycle start ON
[11:30:11] : Cycle start OFF
[11:30:32] : REQUEST MEAS. ON
[11:30:41] : REQUEST MEAS. OFF
[11:30:41] : end pos sig1 :50.000000 - 50.000000
[11:30:41] : 측정요구 ON 2
[11:30:51] : 측정요구 2OFF
[11:30:51] : end pos sig2 :-50.000000 - -50.000000
[11:30:54] : 측정요구3 ON
[11:31:03] : 측정요구3 OFF
[11:31:03] : end pos sig3 :50.000000 - 50.000000
[11:31:03] : 측정요구4 ON
[11:31:13] : 측정요구4 OFF
[11:31:13] : end pos sig4 :-50.000000 - -50.000000
[11:31:13] : 11,20181204-113114,CF18100851341,,OK,MAX,1, ,0.10,2.00,0.93,OK,0.10,2.00,1.29,OK,0.10,2.00,0.61,OK,0.10,2.00,0.88,OK,
[11:31:37] : Cycle start ON
[11:31:40] : Cycle start OFF
[11:32:00] : REQUEST MEAS. ON
[11:32:09] : REQUEST MEAS. OFF
[11:32:09] : end pos sig1 :50.000000 - 50.000000
[11:32:10] : 측정요구 ON 2
[11:32:19] : 측정요구 2OFF
[11:32:19] : end pos sig2 :-50.000000 - -50.000000
[11:32:22] : 측정요구3 ON
[11:32:31] : 측정요구3 OFF
[11:32:31] : end pos sig3 :50.000000 - 50.000000
[11:32:31] : 측정요구4 ON
[11:32:41] : 측정요구4 OFF
[11:32:41] : end pos sig4 :-50.000000 - -50.000000
[11:32:41] : 11,20181204-113242,CF18112053651,,OK,MAX,1, ,0.10,2.00,0.72,OK,0.10,2.00,1.29,OK,0.10,2.00,0.61,OK,0.10,2.00,0.50,OK,
[11:33:06] : Cycle start ON
[11:33:08] : Cycle start OFF
[11:33:28] : REQUEST MEAS. ON
[11:33:37] : REQUEST MEAS. OFF
[11:33:37] : end pos sig1 :50.000000 - 50.000000
[11:33:38] : 측정요구 ON 2
[11:33:47] : 측정요구 2OFF
[11:33:47] : end pos sig2 :-50.000000 - -50.000000
[11:33:50] : 측정요구3 ON
[11:33:59] : 측정요구3 OFF
[11:33:59] : end pos sig3 :50.000000 - 50.000000
[11:33:59] : 측정요구4 ON
[11:34:09] : 측정요구4 OFF
[11:34:09] : end pos sig4 :-50.000000 - -50.000000
[11:34:09] : 11,20181204-113410,CF18112052091,,OK,MAX,1, ,0.10,2.00,0.71,OK,0.10,2.00,1.24,OK,0.10,2.00,0.70,OK,0.10,2.00,0.47,OK,
[11:35:09] : Cycle start ON
[11:35:12] : Cycle start OFF
[11:35:18] : REQUEST MEAS. ON
[11:35:27] : REQUEST MEAS. OFF
[11:35:27] : end pos sig1 :50.000000 - 50.000000
[11:35:27] : 측정요구 ON 2
[11:35:36] : 측정요구 2OFF
[11:35:36] : end pos sig2 :-50.000000 - -50.000000
[11:35:39] : 측정요구3 ON
[11:35:48] : 측정요구3 OFF
[11:35:48] : end pos sig3 :50.000000 - 50.000000
[11:35:48] : 측정요구4 ON
[11:35:58] : 측정요구4 OFF
[11:35:58] : end pos sig4 :-50.000000 - -50.000000
[11:35:58] : 11,20181204-113559,CF18112052491,,OK,MAX,1, ,0.10,2.00,1.12,OK,0.10,2.00,1.14,OK,0.10,2.00,0.42,OK,0.10,2.00,0.42,OK,
[11:36:17] : Cycle start ON
[11:36:19] : Cycle start OFF
[11:36:45] : REQUEST MEAS. ON
[11:36:55] : REQUEST MEAS. OFF
[11:36:55] : end pos sig1 :50.000000 - 50.000000
[11:36:55] : 측정요구 ON 2
[11:37:04] : 측정요구 2OFF
[11:37:04] : end pos sig2 :-50.000000 - -50.000000
[11:37:07] : 측정요구3 ON
[11:37:16] : 측정요구3 OFF
[11:37:16] : end pos sig3 :50.000000 - 50.000000
[11:37:16] : 측정요구4 ON
[11:37:26] : 측정요구4 OFF
[11:37:26] : end pos sig4 :-50.000000 - -50.000000
[11:37:26] : 11,20181204-113727,CF18112051931,,OK,MAX,1, ,0.10,2.00,1.10,OK,0.10,2.00,1.68,OK,0.10,2.00,0.88,OK,0.10,2.00,0.45,OK,
[11:37:44] : Cycle start ON
[11:37:46] : Cycle start OFF
[11:38:14] : REQUEST MEAS. ON
[11:38:23] : REQUEST MEAS. OFF
[11:38:23] : end pos sig1 :50.000000 - 50.000000
[11:38:23] : 측정요구 ON 2
[11:38:32] : 측정요구 2OFF
[11:38:32] : end pos sig2 :-50.000000 - -50.000000
[11:38:36] : 측정요구3 ON
[11:38:45] : 측정요구3 OFF
[11:38:45] : end pos sig3 :50.000000 - 50.000000
[11:38:45] : 측정요구4 ON
[11:38:54] : 측정요구4 OFF
[11:38:54] : end pos sig4 :-50.000000 - -50.000000
[11:38:54] : 11,20181204-113855,CF18112052341,,OK,MAX,1, ,0.10,2.00,0.58,OK,0.10,2.00,1.21,OK,0.10,2.00,0.51,OK,0.10,2.00,1.26,OK,
[11:39:17] : Cycle start ON
[11:39:19] : Cycle start OFF
[11:39:41] : REQUEST MEAS. ON
[11:39:50] : REQUEST MEAS. OFF
[11:39:50] : end pos sig1 :50.000000 - 50.000000
[11:39:50] : 측정요구 ON 2
[11:40:00] : 측정요구 2OFF
[11:40:00] : end pos sig2 :-50.000000 - -50.000000
[11:40:03] : 측정요구3 ON
[11:40:12] : 측정요구3 OFF
[11:40:12] : end pos sig3 :50.000000 - 50.000000
[11:40:12] : 측정요구4 ON
[11:40:22] : 측정요구4 OFF
[11:40:22] : end pos sig4 :-50.000000 - -50.000000
[11:40:22] : 11,20181204-114023,CF18112052161,,OK,MAX,1, ,0.10,2.00,1.13,OK,0.10,2.00,1.25,OK,0.10,2.00,0.96,OK,0.10,2.00,0.51,OK,
[11:40:47] : Cycle start ON
[11:40:49] : Cycle start OFF
[11:41:10] : REQUEST MEAS. ON
[11:41:19] : REQUEST MEAS. OFF
[11:41:19] : end pos sig1 :50.000000 - 50.000000
[11:41:19] : 측정요구 ON 2
[11:41:28] : 측정요구 2OFF
[11:41:28] : end pos sig2 :-50.000000 - -50.000000
[11:41:32] : 측정요구3 ON
[11:41:41] : 측정요구3 OFF
[11:41:41] : end pos sig3 :50.000000 - 50.000000
[11:41:41] : 측정요구4 ON
[11:41:51] : 측정요구4 OFF
[11:41:51] : end pos sig4 :-50.000000 - -50.000000
[11:41:51] : 11,20181204-114151,CF18112052171,,OK,MAX,1, ,0.10,2.00,1.16,OK,0.10,2.00,1.07,OK,0.10,2.00,0.63,OK,0.10,2.00,0.71,OK,
[11:42:09] : Cycle start ON
[11:42:12] : Cycle start OFF
[11:42:38] : REQUEST MEAS. ON
[11:42:47] : REQUEST MEAS. OFF
[11:42:47] : end pos sig1 :50.000000 - 50.000000
[11:42:47] : 측정요구 ON 2
[11:42:57] : 측정요구 2OFF
[11:42:57] : end pos sig2 :-50.000000 - -50.000000
[11:43:00] : 측정요구3 ON
[11:43:09] : 측정요구3 OFF
[11:43:09] : end pos sig3 :50.000000 - 50.000000
[11:43:10] : 측정요구4 ON
[11:43:19] : 측정요구4 OFF
[11:43:19] : end pos sig4 :-50.000000 - -50.000000
[11:43:19] : 11,20181204-114319,CF18112053361,,OK,MAX,1, ,0.10,2.00,1.68,OK,0.10,2.00,1.40,OK,0.10,2.00,0.51,OK,0.10,2.00,0.77,OK,
[11:43:37] : Cycle start ON
[11:43:40] : Cycle start OFF
[11:44:07] : REQUEST MEAS. ON
[11:44:16] : REQUEST MEAS. OFF
[11:44:16] : end pos sig1 :50.000000 - 50.000000
[11:44:16] : 측정요구 ON 2
[11:44:25] : 측정요구 2OFF
[11:44:25] : end pos sig2 :-50.000000 - -50.000000
[11:44:28] : 측정요구3 ON
[11:44:37] : 측정요구3 OFF
[11:44:37] : end pos sig3 :50.000000 - 50.000000
[11:44:37] : 측정요구4 ON
[11:44:47] : 측정요구4 OFF
[11:44:47] : end pos sig4 :-50.000000 - -50.000000
[11:44:47] : 11,20181204-114447,CF18112052411,,OK,MAX,1, ,0.10,2.00,1.11,OK,0.10,2.00,1.24,OK,0.10,2.00,0.40,OK,0.10,2.00,0.45,OK,
[11:45:10] : Cycle start ON
[11:45:13] : Cycle start OFF
[11:45:33] : REQUEST MEAS. ON
[11:45:42] : REQUEST MEAS. OFF
[11:45:42] : end pos sig1 :50.000000 - 50.000000
[11:45:42] : 측정요구 ON 2
[11:45:52] : 측정요구 2OFF
[11:45:52] : end pos sig2 :-50.000000 - -50.000000
[11:45:56] : 측정요구3 ON
[11:46:05] : 측정요구3 OFF
[11:46:05] : end pos sig3 :50.000000 - 50.000000
[11:46:05] : 측정요구4 ON
[11:46:15] : 측정요구4 OFF
[11:46:15] : end pos sig4 :-50.000000 - -50.000000
[11:46:15] : 11,20181204-114615,CF18112052771,,OK,MAX,1, ,0.10,2.00,1.36,OK,0.10,2.00,1.43,OK,0.10,2.00,0.45,OK,0.10,2.00,0.46,OK,
[11:46:38] : Cycle start ON
[11:46:41] : Cycle start OFF
[11:47:01] : REQUEST MEAS. ON
[11:47:11] : REQUEST MEAS. OFF
[11:47:11] : end pos sig1 :50.000000 - 50.000000
[11:47:11] : 측정요구 ON 2
[11:47:20] : 측정요구 2OFF
[11:47:20] : end pos sig2 :-50.000000 - -50.000000
[11:47:24] : 측정요구3 ON
[11:47:33] : 측정요구3 OFF
[11:47:33] : end pos sig3 :50.000000 - 50.000000
[11:47:33] : 측정요구4 ON
[11:47:43] : 측정요구4 OFF
[11:47:43] : end pos sig4 :-50.000000 - -50.000000
[11:47:43] : 11,20181204-114743,CF18112053901,,OK,MAX,1, ,0.10,2.00,1.06,OK,0.10,2.00,0.68,OK,0.10,2.00,0.57,OK,0.10,2.00,0.61,OK,
[11:48:01] : Cycle start ON
[11:48:04] : Cycle start OFF
[11:48:29] : REQUEST MEAS. ON
[11:48:38] : REQUEST MEAS. OFF
[11:48:38] : end pos sig1 :50.000000 - 50.000000
[11:48:38] : 측정요구 ON 2
[11:48:48] : 측정요구 2OFF
[11:48:48] : end pos sig2 :-50.000000 - -50.000000
[11:48:52] : 측정요구3 ON
[11:49:01] : 측정요구3 OFF
[11:49:01] : end pos sig3 :50.000000 - 50.000000
[11:49:01] : 측정요구4 ON
[11:49:11] : 측정요구4 OFF
[11:49:11] : end pos sig4 :-50.000000 - -50.000000
[11:49:11] : 11,20181204-114911,CF18112053531,,OK,MAX,1, ,0.10,2.00,1.06,OK,0.10,2.00,1.34,OK,0.10,2.00,0.69,OK,0.10,2.00,0.37,OK,
[11:49:29] : Cycle start ON
[11:49:32] : Cycle start OFF
[11:49:57] : REQUEST MEAS. ON
[11:50:07] : REQUEST MEAS. OFF
[11:50:07] : end pos sig1 :50.000000 - 50.000000
 
[11:50:07] : 측정요구 ON 2
[11:50:16] : 측정요구 2OFF
[11:50:16] : end pos sig2 :-50.000000 - -50.000000
[11:50:20] : 측정요구3 ON
[11:50:29] : 측정요구3 OFF
[11:50:29] : end pos sig3 :50.000000 - 50.000000
[11:50:29] : 측정요구4 ON
[11:50:39] : 측정요구4 OFF
[11:50:39] : end pos sig4 :-50.000000 - -50.000000
[11:50:39] : 11,20181204-115039,CF18112052331,,OK,MAX,1, ,0.10,2.00,1.12,OK,0.10,2.00,1.40,OK,0.10,2.00,0.57,OK,0.10,2.00,0.42,OK,
[11:53:38] : AUTO RUNNING OFF
[13:27:47] : MEAS ESC ON
[13:27:49] : MEAS ESC OFF
[13:27:56] : MEAS ESC ON
[13:27:56] : MEAS ESC OFF
[13:27:56] : AUTO RUNNING ON
[13:28:00] : AUTO RUNNING OFF
[13:28:06] : MEAS ESC ON
[13:28:06] : MEAS ESC OFF
[13:28:06] : AUTO RUNNING ON
[13:28:56] : Cycle start ON
[13:28:59] : Cycle start OFF
[13:29:05] : REQUEST MEAS. ON
[13:29:14] : REQUEST MEAS. OFF
[13:29:14] : end pos sig1 :50.000000 - 50.000000
[13:29:14] : 측정요구 ON 2
[13:29:24] : 측정요구 2OFF
[13:29:24] : end pos sig2 :-50.000000 - -50.000000
[13:29:27] : 측정요구3 ON
[13:29:36] : 측정요구3 OFF
[13:29:36] : end pos sig3 :50.000000 - 50.000000
[13:29:36] : 측정요구4 ON
[13:29:46] : 측정요구4 OFF
[13:29:46] : end pos sig4 :-50.000000 - -50.000000
[13:29:46] : 11,20181204-132947,CF18112053751,,OK,MAX,1, ,0.10,2.00,0.79,OK,0.10,2.00,1.34,OK,0.10,2.00,0.70,OK,0.10,2.00,0.67,OK,
[13:30:04] : Cycle start ON
[13:30:06] : Cycle start OFF
[13:30:33] : REQUEST MEAS. ON
[13:30:42] : REQUEST MEAS. OFF
[13:30:42] : end pos sig1 :50.000000 - 50.000000
[13:30:42] : 측정요구 ON 2
[13:30:52] : 측정요구 2OFF
[13:30:52] : end pos sig2 :-50.000000 - -50.000000
[13:30:55] : 측정요구3 ON
[13:31:04] : 측정요구3 OFF
[13:31:04] : end pos sig3 :50.000000 - 50.000000
[13:31:04] : 측정요구4 ON
[13:31:14] : 측정요구4 OFF
[13:31:14] : end pos sig4 :-50.000000 - -50.000000
[13:31:14] : 11,20181204-133115,CF18112053381,,OK,MAX,1, ,0.10,2.00,1.11,OK,0.10,2.00,1.42,OK,0.10,2.00,0.60,OK,0.10,2.00,0.64,OK,
[13:31:36] : Cycle start ON
[13:31:39] : Cycle start OFF
[13:32:02] : REQUEST MEAS. ON
[13:32:11] : REQUEST MEAS. OFF
[13:32:11] : end pos sig1 :50.000000 - 50.000000
[13:32:11] : 측정요구 ON 2
[13:32:20] : 측정요구 2OFF
[13:32:20] : end pos sig2 :-50.000000 - -50.000000
[13:32:24] : 측정요구3 ON
[13:32:33] : 측정요구3 OFF
[13:32:33] : end pos sig3 :50.000000 - 50.000000
[13:32:33] : 측정요구4 ON
[13:32:42] : 측정요구4 OFF
[13:32:42] : end pos sig4 :-50.000000 - -50.000000
[13:32:42] : 11,20181204-133243,CF18112052791,,OK,MAX,1, ,0.10,2.00,0.79,OK,0.10,2.00,1.21,OK,0.10,2.00,0.42,OK,0.10,2.00,0.34,OK,
[13:33:07] : Cycle start ON
[13:33:09] : Cycle start OFF
[13:33:30] : REQUEST MEAS. ON
[13:33:39] : REQUEST MEAS. OFF
[13:33:39] : end pos sig1 :50.000000 - 50.000000
[13:33:39] : 측정요구 ON 2
[13:33:48] : 측정요구 2OFF
[13:33:48] : end pos sig2 :-50.000000 - -50.000000
[13:33:52] : 측정요구3 ON
[13:34:01] : 측정요구3 OFF
[13:34:01] : end pos sig3 :50.000000 - 50.000000
[13:34:01] : 측정요구4 ON
[13:34:10] : 측정요구4 OFF
[13:34:10] : end pos sig4 :-50.000000 - -50.000000
[13:34:10] : 11,20181204-133411,CF18112052971,,OK,MAX,1, ,0.10,2.00,0.75,OK,0.10,2.00,1.36,OK,0.10,2.00,0.47,OK,0.10,2.00,1.14,OK,
[13:34:34] : Cycle start ON
[13:34:37] : Cycle start OFF
[13:34:58] : REQUEST MEAS. ON
[13:35:07] : REQUEST MEAS. OFF
[13:35:07] : end pos sig1 :50.000000 - 50.000000
[13:35:07] : 측정요구 ON 2
[13:35:16] : 측정요구 2OFF
[13:35:16] : end pos sig2 :-50.000000 - -50.000000
[13:35:20] : 측정요구3 ON
[13:35:29] : 측정요구3 OFF
[13:35:29] : end pos sig3 :50.000000 - 50.000000
[13:35:29] : 측정요구4 ON
[13:35:39] : 측정요구4 OFF
[13:35:39] : end pos sig4 :-50.000000 - -50.000000
[13:35:39] : 11,20181204-133539,CF18112052071,,OK,MAX,1, ,0.10,2.00,1.14,OK,0.10,2.00,1.16,OK,0.10,2.00,0.40,OK,0.10,2.00,1.02,OK,
[13:36:02] : Cycle start ON
[13:36:05] : Cycle start OFF
[13:36:25] : REQUEST MEAS. ON
[13:36:34] : REQUEST MEAS. OFF
[13:36:34] : end pos sig1 :50.000000 - 50.000000
[13:36:34] : 측정요구 ON 2
[13:36:44] : 측정요구 2OFF
[13:36:44] : end pos sig2 :-50.000000 - -50.000000
[13:36:48] : 측정요구3 ON
[13:36:57] : 측정요구3 OFF
[13:36:57] : end pos sig3 :50.000000 - 50.000000
[13:36:57] : 측정요구4 ON
[13:37:06] : 측정요구4 OFF
[13:37:06] : end pos sig4 :-50.000000 - -50.000000
[13:37:06] : 11,20181204-133707,CF18112053921,,OK,MAX,1, ,0.10,2.00,0.73,OK,0.10,2.00,1.41,OK,0.10,2.00,0.53,OK,0.10,2.00,0.31,OK,
[13:37:25] : Cycle start ON
[13:37:28] : Cycle start OFF
[13:37:53] : REQUEST MEAS. ON
[13:38:03] : REQUEST MEAS. OFF
[13:38:03] : end pos sig1 :50.000000 - 50.000000
[13:38:03] : 측정요구 ON 2
[13:38:12] : 측정요구 2OFF
[13:38:12] : end pos sig2 :-50.000000 - -50.000000
[13:38:16] : 측정요구3 ON
[13:38:25] : 측정요구3 OFF
[13:38:25] : end pos sig3 :50.000000 - 50.000000
[13:38:25] : 측정요구4 ON
[13:38:34] : 측정요구4 OFF
[13:38:34] : end pos sig4 :-50.000000 - -50.000000
[13:38:34] : 11,20181204-133835,CF18112053311,,OK,MAX,1, ,0.10,2.00,0.99,OK,0.10,2.00,1.39,OK,0.10,2.00,0.97,OK,0.10,2.00,0.60,OK,
[13:38:53] : Cycle start ON
[13:38:56] : Cycle start OFF
[13:39:22] : REQUEST MEAS. ON
[13:39:31] : REQUEST MEAS. OFF
[13:39:31] : end pos sig1 :50.000000 - 50.000000
[13:39:31] : 측정요구 ON 2
[13:39:41] : 측정요구 2OFF
[13:39:41] : end pos sig2 :-50.000000 - -50.000000
[13:39:44] : 측정요구3 ON
[13:39:53] : 측정요구3 OFF
[13:39:53] : end pos sig3 :50.000000 - 50.000000
[13:39:53] : 측정요구4 ON
[13:40:03] : 측정요구4 OFF
[13:40:03] : end pos sig4 :-50.000000 - -50.000000
[13:40:03] : 11,20181204-134003,CF18112052321,,OK,MAX,1, ,0.10,2.00,0.84,OK,0.10,2.00,1.40,OK,0.10,2.00,0.65,OK,0.10,2.00,0.67,OK,
[13:40:22] : Cycle start ON
[13:40:25] : Cycle start OFF
[13:40:50] : REQUEST MEAS. ON
[13:41:00] : REQUEST MEAS. OFF
[13:41:00] : end pos sig1 :50.000000 - 50.000000
[13:41:00] : 측정요구 ON 2
[13:41:09] : 측정요구 2OFF
[13:41:09] : end pos sig2 :-50.000000 - -50.000000
[13:41:12] : 측정요구3 ON
[13:41:21] : 측정요구3 OFF
[13:41:21] : end pos sig3 :50.000000 - 50.000000
[13:41:21] : 측정요구4 ON
[13:41:31] : 측정요구4 OFF
[13:41:31] : end pos sig4 :-50.000000 - -50.000000
[13:41:31] : 11,20181204-134131,CF18112052451,,OK,MAX,1, ,0.10,2.00,0.95,OK,0.10,2.00,1.07,OK,0.10,2.00,0.67,OK,0.10,2.00,0.67,OK,
[13:41:49] : Cycle start ON
[13:41:52] : Cycle start OFF
[13:42:19] : REQUEST MEAS. ON
[13:42:28] : REQUEST MEAS. OFF
[13:42:28] : end pos sig1 :50.000000 - 50.000000
[13:42:28] : 측정요구 ON 2
[13:42:37] : 측정요구 2OFF
[13:42:37] : end pos sig2 :-50.000000 - -50.000000
[13:42:40] : 측정요구3 ON
[13:42:49] : 측정요구3 OFF
[13:42:49] : end pos sig3 :50.000000 - 50.000000
[13:42:49] : 측정요구4 ON
[13:42:59] : 측정요구4 OFF
[13:42:59] : end pos sig4 :-50.000000 - -50.000000
[13:42:59] : 11,20181204-134300,CF18112053641,,OK,MAX,1, ,0.10,2.00,0.90,OK,0.10,2.00,1.29,OK,0.10,2.00,0.44,OK,0.10,2.00,0.41,OK,
[13:49:31] : Cycle start ON
[13:49:34] : Cycle start OFF
[13:49:39] : REQUEST MEAS. ON
[13:49:49] : REQUEST MEAS. OFF
[13:49:49] : end pos sig1 :50.000000 - 50.000000
[13:49:49] : 측정요구 ON 2
[13:49:58] : 측정요구 2OFF
[13:49:58] : end pos sig2 :-50.000000 - -50.000000
[13:50:02] : 측정요구3 ON
[13:50:11] : 측정요구3 OFF
[13:50:11] : end pos sig3 :50.000000 - 50.000000
[13:50:11] : 측정요구4 ON
[13:50:20] : 측정요구4 OFF
[13:50:20] : end pos sig4 :-50.000000 - -50.000000
[13:50:20] : 11,20181204-135021,CF18112053011,,OK,MAX,1, ,0.10,2.00,1.46,OK,0.10,2.00,1.38,OK,0.10,2.00,0.56,OK,0.10,2.00,0.77,OK,
[13:50:37] : MEAS ESC ON
[13:50:37] : AUTO RUNNING OFF
[13:50:44] : MEAS ESC OFF
[13:50:44] : AUTO RUNNING ON
[14:08:43] : AUTO RUNNING OFF
[15:00:26] : MEAS ESC ON
[15:00:28] : MEAS ESC OFF
[15:00:28] : AUTO RUNNING ON
[15:00:45] : Cycle start ON
[15:00:48] : Cycle start OFF
[15:00:54] : REQUEST MEAS. ON
[15:01:03] : REQUEST MEAS. OFF
[15:01:03] : end pos sig1 :50.000000 - 50.000000
[15:01:03] : 측정요구 ON 2
[15:01:13] : 측정요구 2OFF
[15:01:13] : end pos sig2 :-50.000000 - -50.000000
[15:01:16] : 측정요구3 ON
[15:01:25] : 측정요구3 OFF
[15:01:25] : end pos sig3 :50.000000 - 50.000000
[15:01:25] : 측정요구4 ON
[15:01:35] : 측정요구4 OFF
[15:01:35] : end pos sig4 :-50.000000 - -50.000000
[15:01:35] : 11,20181204-150135,CF18112053521,,OK,MAX,1, ,0.10,2.00,0.95,OK,0.10,2.00,1.82,OK,0.10,2.00,0.51,OK,0.10,2.00,0.42,OK,
[15:04:52] : Cycle start ON
[15:04:54] : Cycle start OFF
[15:05:00] : REQUEST MEAS. ON
[15:05:09] : REQUEST MEAS. OFF
[15:05:09] : end pos sig1 :50.000000 - 50.000000
[15:05:09] : 측정요구 ON 2
[15:05:18] : 측정요구 2OFF
[15:05:18] : end pos sig2 :-50.000000 - -50.000000
[15:05:22] : 측정요구3 ON
[15:05:31] : 측정요구3 OFF
[15:05:31] : end pos sig3 :50.000000 - 50.000000
[15:05:31] : 측정요구4 ON
[15:05:41] : 측정요구4 OFF
[15:05:41] : end pos sig4 :-50.000000 - -50.000000
[15:05:41] : 11,20181204-150541,CF18112053401,,OK,MAX,1, ,0.10,2.00,0.52,OK,0.10,2.00,0.79,OK,0.10,2.00,0.56,OK,0.10,2.00,0.62,OK,
[15:05:59] : Cycle start ON
[15:06:02] : Cycle start OFF
[15:06:28] : REQUEST MEAS. ON
[15:06:37] : REQUEST MEAS. OFF
[15:06:37] : end pos sig1 :50.000000 - 50.000000
[15:06:37] : 측정요구 ON 2
[15:06:46] : 측정요구 2OFF
[15:06:46] : end pos sig2 :-50.000000 - -50.000000
[15:06:50] : 측정요구3 ON
[15:06:59] : 측정요구3 OFF
[15:06:59] : end pos sig3 :50.000000 - 50.000000
[15:06:59] : 측정요구4 ON
[15:07:09] : 측정요구4 OFF
[15:07:09] : end pos sig4 :-50.000000 - -50.000000
[15:07:09] : 11,20181204-150709,CF18112052611,,OK,MAX,1, ,0.10,2.00,0.87,OK,0.10,2.00,1.33,OK,0.10,2.00,0.52,OK,0.10,2.00,0.55,OK,
[15:07:33] : Cycle start ON
[15:07:35] : Cycle start OFF
[15:07:55] : REQUEST MEAS. ON
[15:08:05] : REQUEST MEAS. OFF
[15:08:05] : end pos sig1 :50.000000 - 50.000000
[15:08:05] : 측정요구 ON 2
[15:08:14] : 측정요구 2OFF
[15:08:14] : end pos sig2 :-50.000000 - -50.000000
[15:08:18] : 측정요구3 ON
[15:08:27] : 측정요구3 OFF
[15:08:27] : end pos sig3 :50.000000 - 50.000000
[15:08:27] : 측정요구4 ON
[15:08:36] : 측정요구4 OFF
[15:08:36] : end pos sig4 :-50.000000 - -50.000000
[15:08:36] : 11,20181204-150837,CF18112053801,,OK,MAX,1, ,0.10,2.00,0.95,OK,0.10,2.00,1.17,OK,0.10,2.00,0.62,OK,0.10,2.00,1.26,OK,
[15:08:55] : Cycle start ON
[15:08:58] : Cycle start OFF
[15:09:23] : REQUEST MEAS. ON
[15:09:32] : REQUEST MEAS. OFF
[15:09:32] : end pos sig1 :50.000000 - 50.000000
[15:09:33] : 측정요구 ON 2
[15:09:42] : 측정요구 2OFF
[15:09:42] : end pos sig2 :-50.000000 - -50.000000
[15:09:46] : 측정요구3 ON
[15:09:55] : 측정요구3 OFF
[15:09:55] : end pos sig3 :50.000000 - 50.000000
[15:09:55] : 측정요구4 ON
[15:10:04] : 측정요구4 OFF
[15:10:04] : end pos sig4 :-50.000000 - -50.000000
[15:10:04] : 11,20181204-151005,CF18112053871,,OK,MAX,1, ,0.10,2.00,0.64,OK,0.10,2.00,0.88,OK,0.10,2.00,0.51,OK,0.10,2.00,1.44,OK,
[15:10:23] : Cycle start ON
[15:10:25] : Cycle start OFF
[15:10:51] : REQUEST MEAS. ON
[15:11:01] : REQUEST MEAS. OFF
[15:11:01] : end pos sig1 :50.000000 - 50.000000
[15:11:01] : 측정요구 ON 2
[15:11:10] : 측정요구 2OFF
[15:11:10] : end pos sig2 :-50.000000 - -50.000000
[15:11:14] : 측정요구3 ON
[15:11:23] : 측정요구3 OFF
[15:11:23] : end pos sig3 :50.000000 - 50.000000
[15:11:23] : 측정요구4 ON
[15:11:33] : 측정요구4 OFF
[15:11:33] : end pos sig4 :-50.000000 - -50.000000
[15:11:33] : 11,20181204-151133,CF18112052031,,OK,MAX,1, ,0.10,2.00,0.99,OK,0.10,2.00,1.13,OK,0.10,2.00,0.56,OK,0.10,2.00,0.37,OK,
[15:11:51] : Cycle start ON
[15:11:54] : Cycle start OFF
[15:12:20] : REQUEST MEAS. ON
[15:12:29] : REQUEST MEAS. OFF
[15:12:29] : end pos sig1 :50.000000 - 50.000000
[15:12:29] : 측정요구 ON 2
[15:12:39] : 측정요구 2OFF
[15:12:39] : end pos sig2 :-50.000000 - -50.000000
[15:12:42] : 측정요구3 ON
[15:12:51] : 측정요구3 OFF
[15:12:51] : end pos sig3 :50.000000 - 50.000000
[15:12:51] : 측정요구4 ON
[15:13:01] : 측정요구4 OFF
[15:13:01] : end pos sig4 :-50.000000 - -50.000000
[15:13:01] : 11,20181204-151301,CF18112053671,,OK,MAX,1, ,0.10,2.00,0.65,OK,0.10,2.00,0.95,OK,0.10,2.00,0.55,OK,0.10,2.00,0.51,OK,
[15:13:18] : Cycle start ON
[15:13:21] : Cycle start OFF
[15:13:48] : REQUEST MEAS. ON
[15:13:57] : REQUEST MEAS. OFF
[15:13:57] : end pos sig1 :50.000000 - 50.000000
[15:13:57] : 측정요구 ON 2
[15:14:07] : 측정요구 2OFF
[15:14:07] : end pos sig2 :-50.000000 - -50.000000
[15:14:10] : 측정요구3 ON
[15:14:19] : 측정요구3 OFF
[15:14:19] : end pos sig3 :50.000000 - 50.000000
[15:14:19] : 측정요구4 ON
[15:14:29] : 측정요구4 OFF
[15:14:29] : end pos sig4 :-50.000000 - -50.000000
[15:14:29] : 11,20181204-151429,CF18112053621,,OK,MAX,1, ,0.10,2.00,0.92,OK,0.10,2.00,1.23,OK,0.10,2.00,0.49,OK,0.10,2.00,0.78,OK,
[15:14:54] : Cycle start ON
[15:14:56] : Cycle start OFF
[15:15:17] : REQUEST MEAS. ON
[15:15:26] : REQUEST MEAS. OFF
[15:15:26] : end pos sig1 :50.000000 - 50.000000
[15:15:26] : 측정요구 ON 2
[15:15:35] : 측정요구 2OFF
[15:15:35] : end pos sig2 :-50.000000 - -50.000000
[15:15:38] : 측정요구3 ON
[15:15:47] : 측정요구3 OFF
[15:15:47] : end pos sig3 :50.000000 - 50.000000
[15:15:47] : 측정요구4 ON
[15:15:57] : 측정요구4 OFF
[15:15:57] : end pos sig4 :-50.000000 - -50.000000
[15:15:57] : 11,20181204-151557,CF18112051621,,OK,MAX,1, ,0.10,2.00,1.11,OK,0.10,2.00,1.64,OK,0.10,2.00,0.44,OK,0.10,2.00,0.55,OK,
[15:16:15] : Cycle start ON
[15:16:18] : Cycle start OFF
[15:16:43] : REQUEST MEAS. ON
[15:16:53] : REQUEST MEAS. OFF
[15:16:53] : end pos sig1 :50.000000 - 50.000000
[15:16:53] : 측정요구 ON 2
[15:17:03] : 측정요구 2OFF
[15:17:03] : end pos sig2 :-50.000000 - -50.000000
[15:17:06] : 측정요구3 ON
[15:17:15] : 측정요구3 OFF
[15:17:15] : end pos sig3 :50.000000 - 50.000000
[15:17:15] : 측정요구4 ON
[15:17:25] : 측정요구4 OFF
[15:17:25] : end pos sig4 :-50.000000 - -50.000000
[15:17:25] : 11,20181204-151726,CF18112053091,,OK,MAX,1, ,0.10,2.00,1.02,OK,0.10,2.00,1.57,OK,0.10,2.00,0.58,OK,0.10,2.00,0.44,OK,
[15:17:44] : Cycle start ON
[15:17:46] : Cycle start OFF
[15:18:12] : REQUEST MEAS. ON
[15:18:21] : REQUEST MEAS. OFF
[15:18:21] : end pos sig1 :50.000000 - 50.000000
[15:18:21] : 측정요구 ON 2
[15:18:31] : 측정요구 2OFF
[15:18:31] : end pos sig2 :-50.000000 - -50.000000
[15:18:34] : 측정요구3 ON
[15:18:43] : 측정요구3 OFF
[15:18:43] : end pos sig3 :50.000000 - 50.000000
[15:18:43] : 측정요구4 ON
[15:18:53] : 측정요구4 OFF
[15:18:53] : end pos sig4 :-50.000000 - -50.000000
[15:18:53] : 11,20181204-151853,CF18112053241,,OK,MAX,1, ,0.10,2.00,0.67,OK,0.10,2.00,1.05,OK,0.10,2.00,0.60,OK,0.10,2.00,0.56,OK,
[15:19:18] : Cycle start ON
[15:19:20] : Cycle start OFF
[15:19:40] : REQUEST MEAS. ON
[15:19:49] : REQUEST MEAS. OFF
[15:19:49] : end pos sig1 :50.000000 - 50.000000
[15:19:50] : 측정요구 ON 2
[15:19:59] : 측정요구 2OFF
[15:19:59] : end pos sig2 :-50.000000 - -50.000000
[15:20:02] : 측정요구3 ON
[15:20:11] : 측정요구3 OFF
[15:20:11] : end pos sig3 :50.000000 - 50.000000
[15:20:11] : 측정요구4 ON
[15:20:21] : 측정요구4 OFF
[15:20:21] : end pos sig4 :-50.000000 - -50.000000
[15:20:21] : 11,20181204-152021,CF18112052061,,OK,MAX,1, ,0.10,2.00,0.55,OK,0.10,2.00,1.20,OK,0.10,2.00,0.53,OK,0.10,2.00,0.67,OK,
[15:20:39] : Cycle start ON
[15:20:41] : Cycle start OFF
[15:21:07] : REQUEST MEAS. ON
[15:21:16] : REQUEST MEAS. OFF
[15:21:16] : end pos sig1 :50.000000 - 50.000000
[15:21:17] : 측정요구 ON 2
[15:21:26] : 측정요구 2OFF
[15:21:26] : end pos sig2 :-50.000000 - -50.000000
[15:21:30] : 측정요구3 ON
[15:21:39] : 측정요구3 OFF
[15:21:39] : end pos sig3 :50.000000 - 50.000000
[15:21:39] : 측정요구4 ON
[15:21:48] : 측정요구4 OFF
[15:21:48] : end pos sig4 :-50.000000 - -50.000000
[15:21:48] : 11,20181204-152149,CF18112052511,,OK,MAX,1, ,0.10,2.00,0.75,OK,0.10,2.00,1.56,OK,0.10,2.00,0.51,OK,0.10,2.00,0.50,OK,
[15:27:33] : Cycle start ON
[15:27:35] : Cycle start OFF
[15:27:41] : REQUEST MEAS. ON
[15:27:50] : REQUEST MEAS. OFF
[15:27:50] : end pos sig1 :50.000000 - 50.000000
[15:27:51] : 측정요구 ON 2
[15:28:00] : 측정요구 2OFF
[15:28:00] : end pos sig2 :-50.000000 - -50.000000
[15:28:04] : 측정요구3 ON
[15:28:13] : 측정요구3 OFF
[15:28:13] : end pos sig3 :50.000000 - 50.000000
[15:28:13] : 측정요구4 ON
[15:28:22] : 측정요구4 OFF
[15:28:22] : end pos sig4 :-50.000000 - -50.000000
[15:28:22] : 11,20181204-152823,CF18112053571,,OK,MAX,1, ,0.10,2.00,0.96,OK,0.10,2.00,1.60,OK,0.10,2.00,0.54,OK,0.10,2.00,0.52,OK,
[15:28:41] : Cycle start ON
[15:28:43] : Cycle start OFF
[15:29:10] : REQUEST MEAS. ON
[15:29:19] : REQUEST MEAS. OFF
[15:29:19] : end pos sig1 :50.000000 - 50.000000
[15:29:19] : 측정요구 ON 2
[15:29:28] : 측정요구 2OFF
[15:29:28] : end pos sig2 :-50.000000 - -50.000000
[15:29:32] : 측정요구3 ON
[15:29:41] : 측정요구3 OFF
[15:29:41] : end pos sig3 :50.000000 - 50.000000
[15:29:41] : 측정요구4 ON
[15:29:51] : 측정요구4 OFF
[15:29:51] : end pos sig4 :-50.000000 - -50.000000
[15:29:51] : 11,20181204-152951,CF18112053941,,OK,MAX,1, ,0.10,2.00,0.77,OK,0.10,2.00,1.46,OK,0.10,2.00,0.52,OK,0.10,2.00,0.37,OK,
[15:30:14] : Cycle start ON
[15:30:16] : Cycle start OFF
[15:30:37] : REQUEST MEAS. ON
[15:30:47] : REQUEST MEAS. OFF
[15:30:47] : end pos sig1 :50.000000 - 50.000000
[15:30:47] : 측정요구 ON 2
[15:30:57] : 측정요구 2OFF
[15:30:57] : end pos sig2 :-50.000000 - -50.000000
[15:31:00] : 측정요구3 ON
[15:31:09] : 측정요구3 OFF
[15:31:09] : end pos sig3 :50.000000 - 50.000000
[15:31:09] : 측정요구4 ON
[15:31:19] : 측정요구4 OFF
[15:31:19] : end pos sig4 :-50.000000 - -50.000000
[15:31:19] : 11,20181204-153119,CF18112053681,,OK,MAX,1, ,0.10,2.00,1.03,OK,0.10,2.00,1.47,OK,0.10,2.00,0.51,OK,0.10,2.00,0.47,OK,
[15:31:38] : Cycle start ON
[15:31:40] : Cycle start OFF
[15:32:07] : REQUEST MEAS. ON
[15:32:16] : REQUEST MEAS. OFF
[15:32:16] : end pos sig1 :50.000000 - 50.000000
[15:32:16] : 측정요구 ON 2
[15:32:25] : 측정요구 2OFF
[15:32:25] : end pos sig2 :-50.000000 - -50.000000
[15:32:28] : 측정요구3 ON
[15:32:37] : 측정요구3 OFF
[15:32:37] : end pos sig3 :50.000000 - 50.000000
[15:32:37] : 측정요구4 ON
[15:32:47] : 측정요구4 OFF
[15:32:47] : end pos sig4 :-50.000000 - -50.000000
[15:32:47] : 11,20181204-153247,CF18112053771,,OK,MAX,1, ,0.10,2.00,0.83,OK,0.10,2.00,1.46,OK,0.10,2.00,1.03,OK,0.10,2.00,0.53,OK,
[15:33:07] : Cycle start ON
[15:33:09] : Cycle start OFF
[15:33:34] : REQUEST MEAS. ON
[15:33:43] : REQUEST MEAS. OFF
[15:33:43] : end pos sig1 :50.000000 - 50.000000
[15:33:44] : 측정요구 ON 2
[15:33:53] : 측정요구 2OFF
[15:33:53] : end pos sig2 :-50.000000 - -50.000000
[15:33:56] : 측정요구3 ON
[15:34:05] : 측정요구3 OFF
[15:34:05] : end pos sig3 :50.000000 - 50.000000
[15:34:05] : 측정요구4 ON
[15:34:15] : 측정요구4 OFF
[15:34:15] : end pos sig4 :-50.000000 - -50.000000
[15:34:15] : 11,20181204-153416,CF18112053991,,OK,MAX,1, ,0.10,2.00,0.78,OK,0.10,2.00,1.38,OK,0.10,2.00,0.44,OK,0.10,2.00,0.58,OK,
[15:35:08] : Cycle start ON
[15:35:10] : Cycle start OFF
[15:35:16] : REQUEST MEAS. ON
[15:35:25] : REQUEST MEAS. OFF
[15:35:25] : end pos sig1 :50.000000 - 50.000000
[15:35:25] : 측정요구 ON 2
[15:35:34] : 측정요구 2OFF
[15:35:34] : end pos sig2 :-50.000000 - -50.000000
[15:35:38] : 측정요구3 ON
[15:35:47] : 측정요구3 OFF
[15:35:47] : end pos sig3 :50.000000 - 50.000000
[15:35:47] : 측정요구4 ON
[15:35:57] : 측정요구4 OFF
[15:35:57] : end pos sig4 :-50.000000 - -50.000000
[15:35:57] : 11,20181204-153557,CF18112053831,,OK,MAX,1, ,0.10,2.00,1.28,OK,0.10,2.00,0.86,OK,0.10,2.00,0.67,OK,0.10,2.00,0.50,OK,
[15:36:15] : Cycle start ON
[15:36:17] : Cycle start OFF
[15:36:44] : REQUEST MEAS. ON
[15:36:53] : REQUEST MEAS. OFF
[15:36:53] : end pos sig1 :50.000000 - 50.000000
[15:36:53] : 측정요구 ON 2
[15:37:03] : 측정요구 2OFF
[15:37:03] : end pos sig2 :-50.000000 - -50.000000
[15:37:06] : 측정요구3 ON
[15:37:15] : 측정요구3 OFF
[15:37:15] : end pos sig3 :50.000000 - 50.000000
[15:37:15] : 측정요구4 ON
[15:37:25] : 측정요구4 OFF
[15:37:25] : end pos sig4 :-50.000000 - -50.000000
[15:37:25] : 11,20181204-153725,CF18112053251,,OK,MAX,1, ,0.10,2.00,1.00,OK,0.10,2.00,1.31,OK,0.10,2.00,0.55,OK,0.10,2.00,0.39,OK,
[15:37:44] : Cycle start ON
[15:37:47] : Cycle start OFF
[15:38:12] : REQUEST MEAS. ON
[15:38:21] : REQUEST MEAS. OFF
[15:38:21] : end pos sig1 :50.000000 - 50.000000
[15:38:21] : 측정요구 ON 2
[15:38:30] : 측정요구 2OFF
[15:38:30] : end pos sig2 :-50.000000 - -50.000000
[15:38:34] : 측정요구3 ON
[15:38:43] : 측정요구3 OFF
[15:38:43] : end pos sig3 :50.000000 - 50.000000
[15:38:43] : 측정요구4 ON
[15:38:53] : 측정요구4 OFF
[15:38:53] : end pos sig4 :-50.000000 - -50.000000
[15:38:53] : 11,20181204-153853,CF18112052561,,OK,MAX,1, ,0.10,2.00,0.70,OK,0.10,2.00,1.16,OK,0.10,2.00,1.38,OK,0.10,2.00,0.83,OK,
[15:39:17] : Cycle start ON
[15:39:19] : Cycle start OFF
[15:39:39] : REQUEST MEAS. ON
[15:39:48] : REQUEST MEAS. OFF
[15:39:48] : end pos sig1 :50.000000 - 50.000000
[15:39:48] : 측정요구 ON 2
[15:39:58] : 측정요구 2OFF
[15:39:58] : end pos sig2 :-50.000000 - -50.000000
[15:40:02] : 측정요구3 ON
[15:40:11] : 측정요구3 OFF
[15:40:11] : end pos sig3 :50.000000 - 50.000000
[15:40:11] : 측정요구4 ON
[15:40:21] : 측정요구4 OFF
[15:40:21] : end pos sig4 :-50.000000 - -50.000000
[15:40:21] : 11,20181204-154021,CF18112053731,,OK,MAX,1, ,0.10,2.00,1.00,OK,0.10,2.00,1.29,OK,0.10,2.00,0.46,OK,0.10,2.00,0.83,OK,
[15:40:43] : Cycle start ON
[15:40:45] : Cycle start OFF
[15:41:08] : REQUEST MEAS. ON
[15:41:17] : REQUEST MEAS. OFF
[15:41:17] : end pos sig1 :50.000000 - 50.000000
[15:41:17] : 측정요구 ON 2
[15:41:27] : 측정요구 2OFF
[15:41:27] : end pos sig2 :-50.000000 - -50.000000
[15:41:30] : 측정요구3 ON
[15:41:39] : 측정요구3 OFF
[15:41:39] : end pos sig3 :50.000000 - 50.000000
[15:41:39] : 측정요구4 ON
[15:41:49] : 측정요구4 OFF
[15:41:49] : end pos sig4 :-50.000000 - -50.000000
[15:41:49] : 11,20181204-154150,CF18112052481,,OK,MAX,1, ,0.10,2.00,0.87,OK,0.10,2.00,1.13,OK,0.10,2.00,0.44,OK,0.10,2.00,0.76,OK,
[15:42:08] : Cycle start ON
[15:42:10] : Cycle start OFF
[15:42:36] : REQUEST MEAS. ON
[15:42:46] : REQUEST MEAS. OFF
[15:42:46] : end pos sig1 :50.000000 - 50.000000
[15:42:46] : 측정요구 ON 2
[15:42:55] : 측정요구 2OFF
[15:42:55] : end pos sig2 :-50.000000 - -50.000000
[15:42:59] : 측정요구3 ON
[15:43:08] : 측정요구3 OFF
[15:43:08] : end pos sig3 :50.000000 - 50.000000
[15:43:08] : 측정요구4 ON
[15:43:17] : 측정요구4 OFF
[15:43:17] : end pos sig4 :-50.000000 - -50.000000
[15:43:17] : 11,20181204-154318,CF18112053291,,OK,MAX,1, ,0.10,2.00,0.87,OK,0.10,2.00,1.47,OK,0.10,2.00,0.63,OK,0.10,2.00,0.68,OK,
[15:43:41] : Cycle start ON
[15:43:44] : Cycle start OFF
[15:44:05] : REQUEST MEAS. ON
[15:44:14] : REQUEST MEAS. OFF
[15:44:14] : end pos sig1 :50.000000 - 50.000000
[15:44:14] : 측정요구 ON 2
[15:44:23] : 측정요구 2OFF
[15:44:23] : end pos sig2 :-50.000000 - -50.000000
[15:44:27] : 측정요구3 ON
[15:44:36] : 측정요구3 OFF
[15:44:36] : end pos sig3 :50.000000 - 50.000000
[15:44:36] : 측정요구4 ON
[15:44:45] : 측정요구4 OFF
[15:44:45] : end pos sig4 :-50.000000 - -50.000000
[15:44:45] : 11,20181204-154446,CF18112051241,,OK,MAX,1, ,0.10,2.00,1.85,OK,0.10,2.00,1.02,OK,0.10,2.00,0.71,OK,0.10,2.00,0.63,OK,
[15:45:04] : Cycle start ON
[15:45:07] : Cycle start OFF
[15:45:32] : REQUEST MEAS. ON
[15:45:42] : REQUEST MEAS. OFF
[15:45:42] : end pos sig1 :50.000000 - 50.000000
[15:45:42] : 측정요구 ON 2
[15:45:51] : 측정요구 2OFF
[15:45:51] : end pos sig2 :-50.000000 - -50.000000
[15:45:55] : 측정요구3 ON
[15:46:04] : 측정요구3 OFF
[15:46:04] : end pos sig3 :50.000000 - 50.000000
[15:46:04] : 측정요구4 ON
[15:46:13] : 측정요구4 OFF
[15:46:13] : end pos sig4 :-50.000000 - -50.000000
[15:46:13] : 11,20181204-154614,CF18112052701,,OK,MAX,1, ,0.10,2.00,0.99,OK,0.10,2.00,1.37,OK,0.10,2.00,0.53,OK,0.10,2.00,0.40,OK,
[15:46:32] : Cycle start ON
[15:46:35] : Cycle start OFF
[15:47:00] : REQUEST MEAS. ON
[15:47:10] : REQUEST MEAS. OFF
[15:47:10] : end pos sig1 :50.000000 - 50.000000
[15:47:10] : 측정요구 ON 2
[15:47:19] : 측정요구 2OFF
[15:47:19] : end pos sig2 :-50.000000 - -50.000000
[15:47:23] : 측정요구3 ON
[15:47:32] : 측정요구3 OFF
[15:47:32] : end pos sig3 :50.000000 - 50.000000
[15:47:32] : 측정요구4 ON
[15:47:42] : 측정요구4 OFF
[15:47:42] : end pos sig4 :-50.000000 - -50.000000
[15:47:42] : 11,20181204-154742,CF18112053811,,OK,MAX,1, ,0.10,2.00,0.83,OK,0.10,2.00,1.16,OK,0.10,2.00,0.60,OK,0.10,2.00,0.51,OK,
[15:48:00] : Cycle start ON
[15:48:02] : Cycle start OFF
[15:48:29] : REQUEST MEAS. ON
[15:48:38] : REQUEST MEAS. OFF
[15:48:38] : end pos sig1 :50.000000 - 50.000000
[15:48:38] : 측정요구 ON 2
[15:48:48] : 측정요구 2OFF
[15:48:48] : end pos sig2 :-50.000000 - -50.000000
[15:48:51] : 측정요구3 ON
[15:49:00] : 측정요구3 OFF
[15:49:00] : end pos sig3 :50.000000 - 50.000000
[15:49:00] : 측정요구4 ON
[15:49:10] : 측정요구4 OFF
[15:49:10] : end pos sig4 :-50.000000 - -50.000000
[15:49:10] : 11,20181204-154910,CF18112052201,,OK,MAX,1, ,0.10,2.00,1.24,OK,0.10,2.00,1.42,OK,0.10,2.00,0.43,OK,0.10,2.00,0.72,OK,
[15:49:27] : Cycle start ON
[15:49:30] : Cycle start OFF
[15:49:56] : REQUEST MEAS. ON
[15:50:06] : REQUEST MEAS. OFF
[15:50:06] : end pos sig1 :50.000000 - 50.000000
[15:50:06] : 측정요구 ON 2
[15:50:16] : 측정요구 2OFF
[15:50:16] : end pos sig2 :-50.000000 - -50.000000
[15:50:19] : 측정요구3 ON
[15:50:28] : 측정요구3 OFF
[15:50:28] : end pos sig3 :50.000000 - 50.000000
[15:50:28] : 측정요구4 ON
[15:50:38] : 측정요구4 OFF
[15:50:38] : end pos sig4 :-50.000000 - -50.000000
[15:50:38] : 11,20181204-155038,CF18112051721,,OK,MAX,1, ,0.10,2.00,0.99,OK,0.10,2.00,1.45,OK,0.10,2.00,0.50,OK,0.10,2.00,0.73,OK,
[15:51:02] : Cycle start ON
[15:51:04] : Cycle start OFF
[15:51:24] : REQUEST MEAS. ON
[15:51:33] : REQUEST MEAS. OFF
[15:51:33] : end pos sig1 :50.000000 - 50.000000
[15:51:34] : 측정요구 ON 2
[15:51:43] : 측정요구 2OFF
[15:51:43] : end pos sig2 :-50.000000 - -50.000000
[15:51:47] : 측정요구3 ON
[15:51:56] : 측정요구3 OFF
[15:51:56] : end pos sig3 :50.000000 - 50.000000
[15:51:56] : 측정요구4 ON
[15:52:06] : 측정요구4 OFF
[15:52:06] : end pos sig4 :-50.000000 - -50.000000
[15:52:06] : 11,20181204-155206,CF18112051981,,OK,MAX,1, ,0.10,2.00,1.49,OK,0.10,2.00,1.34,OK,0.10,2.00,0.42,OK,0.10,2.00,0.37,OK,
[15:52:30] : Cycle start ON
[15:52:33] : Cycle start OFF
[15:52:53] : REQUEST MEAS. ON
[15:53:03] : REQUEST MEAS. OFF
[15:53:03] : end pos sig1 :50.000000 - 50.000000
[15:53:03] : 측정요구 ON 2
[15:53:12] : 측정요구 2OFF
[15:53:12] : end pos sig2 :-50.000000 - -50.000000
[15:53:15] : 측정요구3 ON
[15:53:24] : 측정요구3 OFF
[15:53:24] : end pos sig3 :50.000000 - 50.000000
[15:53:24] : 측정요구4 ON
[15:53:34] : 측정요구4 OFF
[15:53:34] : end pos sig4 :-50.000000 - -50.000000
[15:53:34] : 11,20181204-155334,CF18112052081,,OK,MAX,1, ,0.10,2.00,1.13,OK,0.10,2.00,0.92,OK,0.10,2.00,0.86,OK,0.10,2.00,0.70,OK,
[15:53:58] : Cycle start ON
[15:54:01] : Cycle start OFF
[15:54:21] : REQUEST MEAS. ON
[15:54:30] : REQUEST MEAS. OFF
[15:54:30] : end pos sig1 :50.000000 - 50.000000
[15:54:30] : 측정요구 ON 2
[15:54:40] : 측정요구 2OFF
[15:54:40] : end pos sig2 :-50.000000 - -50.000000
[15:54:43] : 측정요구3 ON
[15:54:52] : 측정요구3 OFF
[15:54:52] : end pos sig3 :50.000000 - 50.000000
[15:54:52] : 측정요구4 ON
[15:55:02] : 측정요구4 OFF
[15:55:02] : end pos sig4 :-50.000000 - -50.000000
[15:55:02] : 11,20181204-155502,CF18112052111,,OK,MAX,1, ,0.10,2.00,1.16,OK,0.10,2.00,1.23,OK,0.10,2.00,0.37,OK,0.10,2.00,0.54,OK,
[15:55:20] : Cycle start ON
[15:55:23] : Cycle start OFF
[15:55:49] : REQUEST MEAS. ON
[15:55:58] : REQUEST MEAS. OFF
[15:55:58] : end pos sig1 :50.000000 - 50.000000
[15:55:58] : 측정요구 ON 2
[15:56:08] : 측정요구 2OFF
[15:56:08] : end pos sig2 :-50.000000 - -50.000000
[15:56:11] : 측정요구3 ON
[15:56:20] : 측정요구3 OFF
[15:56:20] : end pos sig3 :50.000000 - 50.000000
[15:56:20] : 측정요구4 ON
[15:56:30] : 측정요구4 OFF
[15:56:30] : end pos sig4 :-50.000000 - -50.000000
[15:56:30] : 11,20181204-155631,CF18112052531,,OK,MAX,1, ,0.10,2.00,0.66,OK,0.10,2.00,1.53,OK,0.10,2.00,0.45,OK,0.10,2.00,1.01,OK,
[15:56:48] : Cycle start ON
[15:56:50] : Cycle start OFF
[15:57:17] : REQUEST MEAS. ON
[15:57:27] : REQUEST MEAS. OFF
[15:57:27] : end pos sig1 :50.000000 - 50.000000
[15:57:27] : 측정요구 ON 2
[15:57:36] : 측정요구 2OFF
[15:57:36] : end pos sig2 :-50.000000 - -50.000000
[15:57:40] : 측정요구3 ON
[15:57:49] : 측정요구3 OFF
[15:57:49] : end pos sig3 :50.000000 - 50.000000
[15:57:49] : 측정요구4 ON
[15:57:58] : 측정요구4 OFF
[15:57:58] : end pos sig4 :-50.000000 - -50.000000
[15:57:58] : 11,20181204-155759,CF18112053471,,OK,MAX,1, ,0.10,2.00,0.90,OK,0.10,2.00,1.42,OK,0.10,2.00,0.60,OK,0.10,2.00,0.65,OK,
[15:58:21] : Cycle start ON
[15:58:23] : Cycle start OFF
[15:58:46] : REQUEST MEAS. ON
[15:58:55] : REQUEST MEAS. OFF
[15:58:55] : end pos sig1 :50.000000 - 50.000000
[15:58:55] : 측정요구 ON 2
[15:59:04] : 측정요구 2OFF
[15:59:04] : end pos sig2 :-50.000000 - -50.000000
[15:59:08] : 측정요구3 ON
[15:59:17] : 측정요구3 OFF
[15:59:17] : end pos sig3 :50.000000 - 50.000000
[15:59:17] : 측정요구4 ON
[15:59:27] : 측정요구4 OFF
[15:59:27] : end pos sig4 :-50.000000 - -50.000000
[15:59:27] : 11,20181204-155927,CF18112052991,,OK,MAX,1, ,0.10,2.00,0.96,OK,0.10,2.00,1.43,OK,0.10,2.00,0.42,OK,0.10,2.00,0.45,OK,
[15:59:51] : Cycle start ON
[15:59:53] : Cycle start OFF
[16:00:13] : REQUEST MEAS. ON
[16:00:22] : REQUEST MEAS. OFF
[16:00:22] : end pos sig1 :50.000000 - 50.000000
[16:00:23] : 측정요구 ON 2
[16:00:32] : 측정요구 2OFF
[16:00:32] : end pos sig2 :-50.000000 - -50.000000
[16:00:36] : 측정요구3 ON
[16:00:45] : 측정요구3 OFF
[16:00:45] : end pos sig3 :50.000000 - 50.000000
[16:00:45] : 측정요구4 ON
[16:00:54] : 측정요구4 OFF
[16:00:54] : end pos sig4 :-50.000000 - -50.000000
[16:00:54] : 11,20181204-160055,CF18112052401,,OK,MAX,1, ,0.10,2.00,0.94,OK,0.10,2.00,1.67,OK,0.10,2.00,0.49,OK,0.10,2.00,0.53,OK,
[16:01:18] : Cycle start ON
[16:01:20] : Cycle start OFF
[16:01:41] : REQUEST MEAS. ON
[16:01:50] : REQUEST MEAS. OFF
[16:01:50] : end pos sig1 :50.000000 - 50.000000
[16:01:50] : 측정요구 ON 2
[16:02:00] : 측정요구 2OFF
[16:02:00] : end pos sig2 :-50.000000 - -50.000000
[16:02:04] : 측정요구3 ON
[16:02:13] : 측정요구3 OFF
[16:02:13] : end pos sig3 :50.000000 - 50.000000
[16:02:13] : 측정요구4 ON
[16:02:23] : 측정요구4 OFF
[16:02:23] : end pos sig4 :-50.000000 - -50.000000
[16:02:23] : 11,20181204-160223,CF18112052471,,OK,MAX,1, ,0.10,2.00,0.85,OK,0.10,2.00,0.99,OK,0.10,2.00,0.50,OK,0.10,2.00,0.60,OK,
[16:02:41] : Cycle start ON
[16:02:43] : Cycle start OFF
[16:03:09] : REQUEST MEAS. ON
[16:03:18] : REQUEST MEAS. OFF
[16:03:18] : end pos sig1 :50.000000 - 50.000000
[16:03:18] : 측정요구 ON 2
[16:03:28] : 측정요구 2OFF
[16:03:28] : end pos sig2 :-50.000000 - -50.000000
[16:03:31] : 측정요구3 ON
[16:03:40] : 측정요구3 OFF
[16:03:40] : end pos sig3 :50.000000 - 50.000000
[16:03:40] : 측정요구4 ON
[16:03:50] : 측정요구4 OFF
[16:03:50] : end pos sig4 :-50.000000 - -50.000000
[16:03:50] : 11,20181204-160351,CF18112053551,,NG,MAX,1, ,0.10,2.00,1.07,OK,0.10,2.00,2.63,NG,0.10,2.00,0.60,OK,0.10,2.00,0.45,OK,
[16:04:14] : Cycle start ON
[16:04:16] : Cycle start OFF
[16:04:37] : REQUEST MEAS. ON
[16:04:46] : REQUEST MEAS. OFF
[16:04:46] : end pos sig1 :50.000000 - 50.000000
[16:04:47] : 측정요구 ON 2
[16:04:56] : 측정요구 2OFF
[16:04:56] : end pos sig2 :-50.000000 - -50.000000
[16:05:00] : 측정요구3 ON
[16:05:09] : 측정요구3 OFF
[16:05:09] : end pos sig3 :50.000000 - 50.000000
[16:05:09] : 측정요구4 ON
[16:05:18] : 측정요구4 OFF
[16:05:18] : end pos sig4 :-50.000000 - -50.000000
[16:05:18] : 11,20181204-160519,CF18112053561,,OK,MAX,1, ,0.10,2.00,0.60,OK,0.10,2.00,1.27,OK,0.10,2.00,0.44,OK,0.10,2.00,0.53,OK,
[16:05:39] : Cycle start ON
[16:05:41] : Cycle start OFF
[16:06:05] : REQUEST MEAS. ON
[16:06:14] : REQUEST MEAS. OFF
[16:06:14] : end pos sig1 :50.000000 - 50.000000
[16:06:14] : 측정요구 ON 2
[16:06:24] : 측정요구 2OFF
[16:06:24] : end pos sig2 :-50.000000 - -50.000000
[16:06:27] : 측정요구3 ON
[16:06:36] : 측정요구3 OFF
[16:06:36] : end pos sig3 :50.000000 - 50.000000
[16:06:36] : 측정요구4 ON
[16:06:46] : 측정요구4 OFF
[16:06:46] : end pos sig4 :-50.000000 - -50.000000
[16:06:46] : 11,20181204-160647,CF18112053721,,OK,MAX,1, ,0.10,2.00,1.26,OK,0.10,2.00,1.36,OK,0.10,2.00,0.67,OK,0.10,2.00,0.48,OK,
[16:07:05] : Cycle start ON
[16:07:07] : Cycle start OFF
[16:07:33] : REQUEST MEAS. ON
[16:07:43] : REQUEST MEAS. OFF
[16:07:43] : end pos sig1 :50.000000 - 50.000000
[16:07:43] : 측정요구 ON 2
[16:07:52] : 측정요구 2OFF
[16:07:52] : end pos sig2 :-50.000000 - -50.000000
[16:07:55] : 측정요구3 ON
[16:08:04] : 측정요구3 OFF
[16:08:04] : end pos sig3 :50.000000 - 50.000000
[16:08:04] : 측정요구4 ON
[16:08:14] : 측정요구4 OFF
[16:08:14] : end pos sig4 :-50.000000 - -50.000000
[16:08:14] : 11,20181204-160815,CF18112052041,,OK,MAX,1, ,0.10,2.00,0.59,OK,0.10,2.00,1.09,OK,0.10,2.00,0.80,OK,0.10,2.00,0.50,OK,
[16:08:38] : Cycle start ON
[16:08:41] : Cycle start OFF
[16:09:01] : REQUEST MEAS. ON
[16:09:11] : REQUEST MEAS. OFF
[16:09:11] : end pos sig1 :50.000000 - 50.000000
[16:09:11] : 측정요구 ON 2
[16:09:20] : 측정요구 2OFF
[16:09:20] : end pos sig2 :-50.000000 - -50.000000
[16:09:23] : 측정요구3 ON
[16:09:32] : 측정요구3 OFF
[16:09:32] : end pos sig3 :50.000000 - 50.000000
[16:09:32] : 측정요구4 ON
[16:09:42] : 측정요구4 OFF
[16:09:42] : end pos sig4 :-50.000000 - -50.000000
[16:09:42] : 11,20181204-160943,CF18112051581,,OK,MAX,1, ,0.10,2.00,0.78,OK,0.10,2.00,0.96,OK,0.10,2.00,0.54,OK,0.10,2.00,0.49,OK,
[16:10:06] : Cycle start ON
[16:10:09] : Cycle start OFF
[16:10:29] : REQUEST MEAS. ON
[16:10:38] : REQUEST MEAS. OFF
[16:10:38] : end pos sig1 :50.000000 - 50.000000
[16:10:38] : 측정요구 ON 2
[16:10:48] : 측정요구 2OFF
[16:10:48] : end pos sig2 :-50.000000 - -50.000000
[16:10:51] : 측정요구3 ON
[16:11:00] : 측정요구3 OFF
[16:11:00] : end pos sig3 :50.000000 - 50.000000
[16:11:00] : 측정요구4 ON
[16:11:10] : 측정요구4 OFF
[16:11:10] : end pos sig4 :-50.000000 - -50.000000
[16:11:10] : 11,20181204-161111,CF18112053131,,NG,MAX,1, ,0.10,2.00,0.81,OK,0.10,2.00,2.27,NG,0.10,2.00,0.48,OK,0.10,2.00,0.37,OK,
[16:11:40] : Cycle start ON
[16:11:42] : Cycle start OFF
[16:11:57] : REQUEST MEAS. ON
[16:12:07] : REQUEST MEAS. OFF
[16:12:07] : end pos sig1 :50.000000 - 50.000000
[16:12:07] : 측정요구 ON 2
[16:12:16] : 측정요구 2OFF
[16:12:16] : end pos sig2 :-50.000000 - -50.000000
[16:12:19] : 측정요구3 ON
[16:12:28] : 측정요구3 OFF
[16:12:28] : end pos sig3 :50.000000 - 50.000000
[16:12:28] : 측정요구4 ON
[16:12:38] : 측정요구4 OFF
[16:12:38] : end pos sig4 :-50.000000 - -50.000000
[16:12:38] : 11,20181204-161239,CF18112053371,,OK,MAX,1, ,0.10,2.00,1.87,OK,0.10,2.00,1.21,OK,0.10,2.00,0.54,OK,0.10,2.00,0.66,OK,
[16:12:58] : Cycle start ON
[16:13:00] : Cycle start OFF
[16:13:26] : REQUEST MEAS. ON
[16:13:35] : REQUEST MEAS. OFF
[16:13:35] : end pos sig1 :50.000000 - 50.000000
[16:13:35] : 측정요구 ON 2
[16:13:44] : 측정요구 2OFF
[16:13:44] : end pos sig2 :-50.000000 - -50.000000
[16:13:47] : 측정요구3 ON
[16:13:56] : 측정요구3 OFF
[16:13:56] : end pos sig3 :50.000000 - 50.000000
[16:13:56] : 측정요구4 ON
[16:14:06] : 측정요구4 OFF
[16:14:06] : end pos sig4 :-50.000000 - -50.000000
[16:14:06] : 11,20181204-161407,CF18112052921,,OK,MAX,1, ,0.10,2.00,1.25,OK,0.10,2.00,1.31,OK,0.10,2.00,0.54,OK,0.10,2.00,0.69,OK,
[16:14:30] : Cycle start ON
[16:14:33] : Cycle start OFF
[16:14:53] : REQUEST MEAS. ON
[16:15:03] : REQUEST MEAS. OFF
[16:15:03] : end pos sig1 :50.000000 - 50.000000
[16:15:03] : 측정요구 ON 2
[16:15:12] : 측정요구 2OFF
[16:15:12] : end pos sig2 :-50.000000 - -50.000000
[16:15:16] : 측정요구3 ON
[16:15:25] : 측정요구3 OFF
[16:15:25] : end pos sig3 :50.000000 - 50.000000
[16:15:25] : 측정요구4 ON
[16:15:35] : 측정요구4 OFF
[16:15:35] : end pos sig4 :-50.000000 - -50.000000
[16:15:35] : 11,20181204-161535,CF18112052871,,OK,MAX,1, ,0.10,2.00,1.40,OK,0.10,2.00,1.30,OK,0.10,2.00,1.36,OK,0.10,2.00,0.75,OK,
[16:15:53] : Cycle start ON
[16:15:56] : Cycle start OFF
[16:16:21] : REQUEST MEAS. ON
[16:16:31] : REQUEST MEAS. OFF
[16:16:31] : end pos sig1 :50.000000 - 50.000000
[16:16:31] : 측정요구 ON 2
[16:16:40] : 측정요구 2OFF
[16:16:40] : end pos sig2 :-50.000000 - -50.000000
[16:16:44] : 측정요구3 ON
[16:16:53] : 측정요구3 OFF
[16:16:53] : end pos sig3 :50.000000 - 50.000000
[16:16:53] : 측정요구4 ON
[16:17:02] : 측정요구4 OFF
[16:17:02] : end pos sig4 :-50.000000 - -50.000000
[16:17:02] : 11,20181204-161703,CF18112053481,,OK,MAX,1, ,0.10,2.00,0.83,OK,0.10,2.00,1.70,OK,0.10,2.00,0.42,OK,0.10,2.00,0.44,OK,
[16:17:27] : Cycle start ON
[16:17:29] : Cycle start OFF
[16:17:50] : REQUEST MEAS. ON
[16:17:59] : REQUEST MEAS. OFF
[16:17:59] : end pos sig1 :50.000000 - 50.000000
[16:17:59] : 측정요구 ON 2
[16:18:08] : 측정요구 2OFF
[16:18:08] : end pos sig2 :-50.000000 - -50.000000
[16:18:12] : 측정요구3 ON
[16:18:21] : 측정요구3 OFF
[16:18:21] : end pos sig3 :50.000000 - 50.000000
[16:18:21] : 측정요구4 ON
[16:18:31] : 측정요구4 OFF
[16:18:31] : end pos sig4 :-50.000000 - -50.000000
[16:18:31] : 11,20181204-161831,CF18112052781,,OK,MAX,1, ,0.10,2.00,0.56,OK,0.10,2.00,0.86,OK,0.10,2.00,0.64,OK,0.10,2.00,0.49,OK,
[16:18:49] : Cycle start ON
[16:18:52] : Cycle start OFF
[16:19:17] : REQUEST MEAS. ON
[16:19:26] : REQUEST MEAS. OFF
[16:19:26] : end pos sig1 :50.000000 - 50.000000
[16:19:26] : 측정요구 ON 2
[16:19:36] : 측정요구 2OFF
[16:19:36] : end pos sig2 :-50.000000 - -50.000000
[16:19:40] : 측정요구3 ON
[16:19:49] : 측정요구3 OFF
[16:19:49] : end pos sig3 :50.000000 - 50.000000
[16:19:49] : 측정요구4 ON
[16:19:59] : 측정요구4 OFF
[16:19:59] : end pos sig4 :-50.000000 - -50.000000
[16:19:59] : 11,20181204-161959,CF18112053391,,OK,MAX,1, ,0.10,2.00,0.67,OK,0.10,2.00,0.91,OK,0.10,2.00,0.41,OK,0.10,2.00,0.48,OK,
[16:20:17] : Cycle start ON
[16:20:20] : Cycle start OFF
[16:20:46] : REQUEST MEAS. ON
[16:20:55] : REQUEST MEAS. OFF
[16:20:55] : end pos sig1 :50.000000 - 50.000000
[16:20:55] : 측정요구 ON 2
[16:21:04] : 측정요구 2OFF
[16:21:04] : end pos sig2 :-50.000000 - -50.000000
[16:21:08] : 측정요구3 ON
[16:21:17] : 측정요구3 OFF
[16:21:17] : end pos sig3 :50.000000 - 50.000000
[16:21:17] : 측정요구4 ON
[16:21:27] : 측정요구4 OFF
[16:21:27] : end pos sig4 :-50.000000 - -50.000000
[16:21:27] : 11,20181204-162127,CF18112052181,,OK,MAX,1, ,0.10,2.00,0.80,OK,0.10,2.00,1.19,OK,0.10,2.00,0.54,OK,0.10,2.00,0.62,OK,
[16:21:45] : Cycle start ON
[16:21:48] : Cycle start OFF
[16:22:14] : REQUEST MEAS. ON
[16:22:23] : REQUEST MEAS. OFF
[16:22:23] : end pos sig1 :50.000000 - 50.000000
[16:22:23] : 측정요구 ON 2
[16:22:33] : 측정요구 2OFF
[16:22:33] : end pos sig2 :-50.000000 - -50.000000
[16:22:36] : 측정요구3 ON
[16:22:45] : 측정요구3 OFF
[16:22:45] : end pos sig3 :50.000000 - 50.000000
[16:22:45] : 측정요구4 ON
[16:22:55] : 측정요구4 OFF
[16:22:55] : end pos sig4 :-50.000000 - -50.000000
[16:22:55] : 11,20181204-162256,CF18112052731,,NG,MAX,1, ,0.10,2.00,0.88,OK,0.10,2.00,2.23,NG,0.10,2.00,0.48,OK,0.10,2.00,0.40,OK,
[16:23:24] : Cycle start ON
[16:23:27] : Cycle start OFF
[16:24:56] : REQUEST MEAS. ON
[16:25:05] : REQUEST MEAS. OFF
[16:25:05] : end pos sig1 :50.000000 - 50.000000
[16:25:05] : 측정요구 ON 2
[16:25:14] : 측정요구 2OFF
[16:25:14] : end pos sig2 :-50.000000 - -50.000000
[16:25:18] : 측정요구3 ON
[16:25:27] : 측정요구3 OFF
[16:25:27] : end pos sig3 :50.000000 - 50.000000
[16:25:27] : 측정요구4 ON
[16:25:37] : 측정요구4 OFF
[16:25:37] : end pos sig4 :-50.000000 - -50.000000
[16:25:37] : 11,20181204-162537,CF18112053431,,OK,MAX,1, ,0.10,2.00,0.77,OK,0.10,2.00,1.13,OK,0.10,2.00,0.45,OK,0.10,2.00,0.39,OK,
[16:25:55] : Cycle start ON
[16:25:58] : Cycle start OFF
[16:26:23] : REQUEST MEAS. ON
[16:26:33] : REQUEST MEAS. OFF
[16:26:33] : end pos sig1 :50.000000 - 50.000000
[16:26:33] : 측정요구 ON 2
[16:26:43] : 측정요구 2OFF
[16:26:43] : end pos sig2 :-50.000000 - -50.000000
[16:26:46] : 측정요구3 ON
[16:26:55] : 측정요구3 OFF
[16:26:55] : end pos sig3 :50.000000 - 50.000000
[16:26:55] : 측정요구4 ON
[16:27:05] : 측정요구4 OFF
[16:27:05] : end pos sig4 :-50.000000 - -50.000000
[16:27:05] : 11,20181204-162706,CF18112052361,,OK,MAX,1, ,0.10,2.00,1.14,OK,0.10,2.00,1.36,OK,0.10,2.00,0.50,OK,0.10,2.00,1.42,OK,
[16:27:29] : Cycle start ON
[16:27:32] : Cycle start OFF
[16:27:52] : REQUEST MEAS. ON
[16:28:01] : REQUEST MEAS. OFF
[16:28:01] : end pos sig1 :50.000000 - 50.000000
[16:28:02] : 측정요구 ON 2
[16:28:11] : 측정요구 2OFF
[16:28:11] : end pos sig2 :-50.000000 - -50.000000
[16:28:14] : 측정요구3 ON
[16:28:23] : 측정요구3 OFF
[16:28:23] : end pos sig3 :50.000000 - 50.000000
[16:28:23] : 측정요구4 ON
[16:28:33] : 측정요구4 OFF
[16:28:33] : end pos sig4 :-50.000000 - -50.000000
[16:28:33] : 11,20181204-162834,CF18112052131,,OK,MAX,1, ,0.10,2.00,0.88,OK,0.10,2.00,1.36,OK,0.10,2.00,0.61,OK,0.10,2.00,0.47,OK,
[16:28:52] : Cycle start ON
[16:28:55] : Cycle start OFF
[16:29:20] : REQUEST MEAS. ON
[16:29:29] : REQUEST MEAS. OFF
[16:29:29] : end pos sig1 :50.000000 - 50.000000
[16:29:30] : 측정요구 ON 2
[16:29:39] : 측정요구 2OFF
[16:29:39] : end pos sig2 :-50.000000 - -50.000000
[16:29:42] : 측정요구3 ON
[16:29:51] : 측정요구3 OFF
[16:29:51] : end pos sig3 :50.000000 - 50.000000
[16:29:51] : 측정요구4 ON
[16:30:01] : 측정요구4 OFF
[16:30:01] : end pos sig4 :-50.000000 - -50.000000
[16:30:01] : 11,20181204-163002,CF18112052141,,OK,MAX,1, ,0.10,2.00,1.10,OK,0.10,2.00,1.84,OK,0.10,2.00,0.89,OK,0.10,2.00,0.64,OK,
[16:30:20] : Cycle start ON
[16:30:23] : Cycle start OFF
[16:30:48] : REQUEST MEAS. ON
[16:30:57] : REQUEST MEAS. OFF
[16:30:57] : end pos sig1 :50.000000 - 50.000000
[16:30:57] : 측정요구 ON 2
[16:31:07] : 측정요구 2OFF
[16:31:07] : end pos sig2 :-50.000000 - -50.000000
[16:31:10] : 측정요구3 ON
[16:31:19] : 측정요구3 OFF
[16:31:19] : end pos sig3 :50.000000 - 50.000000
[16:31:19] : 측정요구4 ON
[16:31:29] : 측정요구4 OFF
[16:31:29] : end pos sig4 :-50.000000 - -50.000000
[16:31:29] : 11,20181204-163129,CF18112052751,,OK,MAX,1, ,0.10,2.00,1.06,OK,0.10,2.00,1.28,OK,0.10,2.00,0.56,OK,0.10,2.00,0.65,OK,
[16:31:48] : Cycle start ON
[16:31:51] : Cycle start OFF
[16:32:16] : REQUEST MEAS. ON
[16:32:25] : REQUEST MEAS. OFF
[16:32:25] : end pos sig1 :50.000000 - 50.000000
[16:32:25] : 측정요구 ON 2
[16:32:34] : 측정요구 2OFF
[16:32:34] : end pos sig2 :-50.000000 - -50.000000
[16:32:38] : 측정요구3 ON
[16:32:47] : 측정요구3 OFF
[16:32:47] : end pos sig3 :50.000000 - 50.000000
[16:32:47] : 측정요구4 ON
[16:32:57] : 측정요구4 OFF
[16:32:57] : end pos sig4 :-50.000000 - -50.000000
[16:32:57] : 11,20181204-163257,CF18112051481,,OK,MAX,1, ,0.10,2.00,0.77,OK,0.10,2.00,1.20,OK,0.10,2.00,0.49,OK,0.10,2.00,0.55,OK,
[16:33:15] : Cycle start ON
[16:33:18] : Cycle start OFF
[16:33:44] : REQUEST MEAS. ON
[16:33:53] : REQUEST MEAS. OFF
[16:33:53] : end pos sig1 :50.000000 - 50.000000
[16:33:53] : 측정요구 ON 2
[16:34:03] : 측정요구 2OFF
[16:34:03] : end pos sig2 :-50.000000 - -50.000000
[16:34:06] : 측정요구3 ON
[16:34:15] : 측정요구3 OFF
[16:34:15] : end pos sig3 :50.000000 - 50.000000
[16:34:15] : 측정요구4 ON
[16:34:25] : 측정요구4 OFF
[16:34:25] : end pos sig4 :-50.000000 - -50.000000
[16:34:25] : 11,20181204-163425,CF18112053081,,OK,MAX,1, ,0.10,2.00,1.23,OK,0.10,2.00,1.35,OK,0.10,2.00,0.49,OK,0.10,2.00,0.39,OK,
[16:34:43] : Cycle start ON
[16:34:46] : Cycle start OFF
[16:35:12] : REQUEST MEAS. ON
[16:35:21] : REQUEST MEAS. OFF
[16:35:21] : end pos sig1 :50.000000 - 50.000000
[16:35:22] : 측정요구 ON 2
[16:35:31] : 측정요구 2OFF
[16:35:31] : end pos sig2 :-50.000000 - -50.000000
[16:35:34] : 측정요구3 ON
[16:35:43] : 측정요구3 OFF
[16:35:43] : end pos sig3 :50.000000 - 50.000000
[16:35:43] : 측정요구4 ON
[16:35:53] : 측정요구4 OFF
[16:35:53] : end pos sig4 :-50.000000 - -50.000000
[16:35:53] : 11,20181204-163553,CF18112053701,,OK,MAX,1, ,0.10,2.00,0.77,OK,0.10,2.00,1.55,OK,0.10,2.00,0.41,OK,0.10,2.00,0.38,OK,
[16:36:17] : Cycle start ON
[16:36:19] : Cycle start OFF
[16:36:39] : REQUEST MEAS. ON
[16:36:48] : REQUEST MEAS. OFF
[16:36:48] : end pos sig1 :50.000000 - 50.000000
[16:36:48] : 측정요구 ON 2
[16:36:58] : 측정요구 2OFF
[16:36:58] : end pos sig2 :-50.000000 - -50.000000
[16:37:02] : 측정요구3 ON
[16:37:11] : 측정요구3 OFF
[16:37:11] : end pos sig3 :50.000000 - 50.000000
[16:37:11] : 측정요구4 ON
[16:37:21] : 측정요구4 OFF
[16:37:21] : end pos sig4 :-50.000000 - -50.000000
[16:37:21] : 11,20181204-163721,CF18112053901,,OK,MAX,1, ,0.10,2.00,1.16,OK,0.10,2.00,1.68,OK,0.10,2.00,0.55,OK,0.10,2.00,0.59,OK,
[16:37:46] : Cycle start ON
[16:37:48] : Cycle start OFF
[16:38:08] : REQUEST MEAS. ON
[16:38:18] : REQUEST MEAS. OFF
[16:38:18] : end pos sig1 :50.000000 - 50.000000
[16:38:18] : 측정요구 ON 2
[16:38:27] : 측정요구 2OFF
[16:38:27] : end pos sig2 :-50.000000 - -50.000000
[16:38:30] : 측정요구3 ON
[16:38:39] : 측정요구3 OFF
[16:38:39] : end pos sig3 :50.000000 - 50.000000
[16:38:39] : 측정요구4 ON
[16:38:49] : 측정요구4 OFF
[16:38:49] : end pos sig4 :-50.000000 - -50.000000
[16:38:49] : 11,20181204-163849,CF18112052411,,NG,MAX,1, ,0.10,2.00,0.88,OK,0.10,2.00,2.30,NG,0.10,2.00,0.36,OK,0.10,2.00,0.42,OK,
[16:39:17] : Cycle start ON
[16:39:19] : Cycle start OFF
[16:39:35] : REQUEST MEAS. ON
[16:39:44] : REQUEST MEAS. OFF
[16:39:44] : end pos sig1 :50.000000 - 50.000000
[16:39:44] : 측정요구 ON 2
[16:39:54] : 측정요구 2OFF
[16:39:54] : end pos sig2 :-50.000000 - -50.000000
[16:39:58] : 측정요구3 ON
[16:40:07] : 측정요구3 OFF
[16:40:07] : end pos sig3 :50.000000 - 50.000000
[16:40:07] : 측정요구4 ON
[16:40:17] : 측정요구4 OFF
[16:40:17] : end pos sig4 :-50.000000 - -50.000000
[16:40:17] : 11,20181204-164017,CF18112053441,,OK,MAX,1, ,0.10,2.00,1.11,OK,0.10,2.00,1.67,OK,0.10,2.00,0.56,OK,0.10,2.00,0.59,OK,
[16:40:36] : Cycle start ON
[16:40:38] : Cycle start OFF
[16:41:04] : REQUEST MEAS. ON
[16:41:13] : REQUEST MEAS. OFF
[16:41:13] : end pos sig1 :50.000000 - 50.000000
[16:41:13] : 측정요구 ON 2
[16:41:22] : 측정요구 2OFF
[16:41:22] : end pos sig2 :-50.000000 - -50.000000
[16:41:26] : 측정요구3 ON
[16:41:35] : 측정요구3 OFF
[16:41:35] : end pos sig3 :50.000000 - 50.000000
[16:41:35] : 측정요구4 ON
[16:41:45] : 측정요구4 OFF
[16:41:45] : end pos sig4 :-50.000000 - -50.000000
[16:41:45] : 11,20181204-164145,CF18112052351,,OK,MAX,1, ,0.10,2.00,0.74,OK,0.10,2.00,1.10,OK,0.10,2.00,0.38,OK,0.10,2.00,0.62,OK,
[16:42:09] : Cycle start ON
[16:42:11] : Cycle start OFF
[16:42:31] : REQUEST MEAS. ON
[16:42:40] : REQUEST MEAS. OFF
[16:42:40] : end pos sig1 :50.000000 - 50.000000
[16:42:40] : 측정요구 ON 2
[16:42:50] : 측정요구 2OFF
[16:42:50] : end pos sig2 :-50.000000 - -50.000000
[16:42:54] : 측정요구3 ON
[16:43:03] : 측정요구3 OFF
[16:43:03] : end pos sig3 :50.000000 - 50.000000
[16:43:03] : 측정요구4 ON
[16:43:12] : 측정요구4 OFF
[16:43:12] : end pos sig4 :-50.000000 - -50.000000
[16:43:12] : 11,20181204-164313,CF18112052501,,OK,MAX,1, ,0.10,2.00,0.40,OK,0.10,2.00,1.02,OK,0.10,2.00,0.64,OK,0.10,2.00,1.14,OK,
[16:43:36] : Cycle start ON
[16:43:39] : Cycle start OFF
[16:44:00] : REQUEST MEAS. ON
[16:44:09] : REQUEST MEAS. OFF
[16:44:09] : end pos sig1 :50.000000 - 50.000000
[16:44:09] : 측정요구 ON 2
[16:44:18] : 측정요구 2OFF
[16:44:18] : end pos sig2 :-50.000000 - -50.000000
[16:44:22] : 측정요구3 ON
[16:44:31] : 측정요구3 OFF
[16:44:31] : end pos sig3 :50.000000 - 50.000000
[16:44:31] : 측정요구4 ON
[16:44:41] : 측정요구4 OFF
[16:44:41] : end pos sig4 :-50.000000 - -50.000000
[16:44:41] : 11,20181204-164441,CF18112052671,,OK,MAX,1, ,0.10,2.00,1.03,OK,0.10,2.00,1.38,OK,0.10,2.00,0.37,OK,0.10,2.00,0.35,OK,
[16:45:00] : Cycle start ON
[16:45:03] : Cycle start OFF
[16:45:28] : REQUEST MEAS. ON
[16:45:37] : REQUEST MEAS. OFF
[16:45:37] : end pos sig1 :50.000000 - 50.000000
[16:45:38] : 측정요구 ON 2
[16:45:47] : 측정요구 2OFF
[16:45:47] : end pos sig2 :-50.000000 - -50.000000
[16:45:50] : 측정요구3 ON
[16:45:59] : 측정요구3 OFF
[16:45:59] : end pos sig3 :50.000000 - 50.000000
[16:45:59] : 측정요구4 ON
[16:46:09] : 측정요구4 OFF
[16:46:09] : end pos sig4 :-50.000000 - -50.000000
[16:46:09] : 11,20181204-164610,CF18112052011,,OK,MAX,1, ,0.10,2.00,1.21,OK,0.10,2.00,1.13,OK,0.10,2.00,1.19,OK,0.10,2.00,0.49,OK,
[16:46:28] : Cycle start ON
[16:46:31] : Cycle start OFF
[16:46:57] : REQUEST MEAS. ON
[16:47:06] : REQUEST MEAS. OFF
[16:47:06] : end pos sig1 :50.000000 - 50.000000
[16:47:06] : 측정요구 ON 2
[16:47:15] : 측정요구 2OFF
[16:47:15] : end pos sig2 :-50.000000 - -50.000000
[16:47:18] : 측정요구3 ON
[16:47:27] : 측정요구3 OFF
[16:47:27] : end pos sig3 :50.000000 - 50.000000
[16:47:27] : 측정요구4 ON
[16:47:37] : 측정요구4 OFF
[16:47:37] : end pos sig4 :-50.000000 - -50.000000
[16:47:37] : 11,20181204-164738,CF18112052641,,OK,MAX,1, ,0.10,2.00,1.61,OK,0.10,2.00,1.04,OK,0.10,2.00,0.47,OK,0.10,2.00,0.52,OK,
[16:48:02] : Cycle start ON
[16:48:04] : Cycle start OFF
[16:48:25] : REQUEST MEAS. ON
[16:48:34] : REQUEST MEAS. OFF
[16:48:34] : end pos sig1 :50.000000 - 50.000000
[16:48:34] : 측정요구 ON 2
[16:48:43] : 측정요구 2OFF
[16:48:43] : end pos sig2 :-50.000000 - -50.000000
[16:48:46] : 측정요구3 ON
[16:48:55] : 측정요구3 OFF
[16:48:55] : end pos sig3 :50.000000 - 50.000000
[16:48:55] : 측정요구4 ON
[16:49:05] : 측정요구4 OFF
[16:49:05] : end pos sig4 :-50.000000 - -50.000000
[16:49:05] : 11,20181204-164906,CF18112053361,,OK,MAX,1, ,0.10,2.00,1.03,OK,0.10,2.00,1.51,OK,0.10,2.00,0.50,OK,0.10,2.00,0.65,OK,
[16:49:30] : Cycle start ON
[16:49:32] : Cycle start OFF
[16:49:52] : REQUEST MEAS. ON
[16:50:01] : REQUEST MEAS. OFF
[16:50:01] : end pos sig1 :50.000000 - 50.000000
[16:50:02] : 측정요구 ON 2
[16:50:11] : 측정요구 2OFF
[16:50:11] : end pos sig2 :-50.000000 - -50.000000
[16:50:15] : 측정요구3 ON
[16:50:24] : 측정요구3 OFF
[16:50:24] : end pos sig3 :50.000000 - 50.000000
[16:50:24] : 측정요구4 ON
[16:50:33] : 측정요구4 OFF
[16:50:33] : end pos sig4 :-50.000000 - -50.000000
[16:50:33] : 11,20181204-165034,CF18112052161,,OK,MAX,1, ,0.10,2.00,1.43,OK,0.10,2.00,1.09,OK,0.10,2.00,1.34,OK,0.10,2.00,0.48,OK,
[16:50:52] : Cycle start ON
[16:50:54] : Cycle start OFF
[16:51:20] : REQUEST MEAS. ON
[16:51:29] : REQUEST MEAS. OFF
[16:51:29] : end pos sig1 :50.000000 - 50.000000
[16:51:29] : 측정요구 ON 2
[16:51:39] : 측정요구 2OFF
[16:51:39] : end pos sig2 :-50.000000 - -50.000000
[16:51:42] : 측정요구3 ON
[16:51:51] : 측정요구3 OFF
[16:51:51] : end pos sig3 :50.000000 - 50.000000
[16:51:51] : 측정요구4 ON
[16:52:01] : 측정요구4 OFF
[16:52:01] : end pos sig4 :-50.000000 - -50.000000
[16:52:01] : 11,20181204-165202,CF18112053821,,OK,MAX,1, ,0.10,2.00,1.05,OK,0.10,2.00,0.93,OK,0.10,2.00,0.51,OK,0.10,2.00,0.35,OK,
[16:52:19] : Cycle start ON
[16:52:21] : Cycle start OFF
[16:52:48] : REQUEST MEAS. ON
[16:52:57] : REQUEST MEAS. OFF
[16:52:57] : end pos sig1 :50.000000 - 50.000000
[16:52:58] : 측정요구 ON 2
[16:53:07] : 측정요구 2OFF
[16:53:07] : end pos sig2 :-50.000000 - -50.000000
[16:53:10] : 측정요구3 ON
[16:53:19] : 측정요구3 OFF
[16:53:19] : end pos sig3 :50.000000 - 50.000000
[16:53:19] : 측정요구4 ON
[16:53:29] : 측정요구4 OFF
[16:53:29] : end pos sig4 :-50.000000 - -50.000000
[16:53:29] : 11,20181204-165330,CF18112053001,,OK,MAX,1, ,0.10,2.00,1.00,OK,0.10,2.00,1.24,OK,0.10,2.00,0.54,OK,0.10,2.00,0.49,OK,
[16:53:52] : Cycle start ON
[16:53:55] : Cycle start OFF
[16:54:16] : REQUEST MEAS. ON
[16:54:25] : REQUEST MEAS. OFF
[16:54:25] : end pos sig1 :50.000000 - 50.000000
[16:54:25] : 측정요구 ON 2
[16:54:35] : 측정요구 2OFF
[16:54:35] : end pos sig2 :-50.000000 - -50.000000
[16:54:38] : 측정요구3 ON
[16:54:47] : 측정요구3 OFF
[16:54:47] : end pos sig3 :50.000000 - 50.000000
[16:54:47] : 측정요구4 ON
[16:54:57] : 측정요구4 OFF
[16:54:57] : end pos sig4 :-50.000000 - -50.000000
[16:54:57] : 11,20181204-165457,CF18112051661,,NG,MAX,1, ,0.10,2.00,1.18,OK,0.10,2.00,2.08,NG,0.10,2.00,0.45,OK,0.10,2.00,0.42,OK,
[16:55:25] : Cycle start ON
[16:55:28] : Cycle start OFF
[16:55:43] : REQUEST MEAS. ON
[16:55:52] : REQUEST MEAS. OFF
[16:55:52] : end pos sig1 :50.000000 - 50.000000
[16:55:52] : 측정요구 ON 2
[16:56:02] : 측정요구 2OFF
[16:56:02] : end pos sig2 :-50.000000 - -50.000000
[16:56:06] : 측정요구3 ON
[16:56:15] : 측정요구3 OFF
[16:56:15] : end pos sig3 :50.000000 - 50.000000
[16:56:15] : 측정요구4 ON
[16:56:24] : 측정요구4 OFF
[16:56:24] : end pos sig4 :-50.000000 - -50.000000
[16:56:24] : 11,20181204-165625,CF18112051971,,OK,MAX,1, ,0.10,2.00,0.61,OK,0.10,2.00,1.04,OK,0.10,2.00,0.43,OK,0.10,2.00,0.65,OK,
[16:56:44] : Cycle start ON
[16:56:46] : Cycle start OFF
[16:57:11] : REQUEST MEAS. ON
[16:57:21] : REQUEST MEAS. OFF
[16:57:21] : end pos sig1 :50.000000 - 50.000000
[16:57:21] : 측정요구 ON 2
[16:57:30] : 측정요구 2OFF
[16:57:30] : end pos sig2 :-50.000000 - -50.000000
[16:57:34] : 측정요구3 ON
[16:57:43] : 측정요구3 OFF
[16:57:43] : end pos sig3 :50.000000 - 50.000000
[16:57:43] : 측정요구4 ON
[16:57:53] : 측정요구4 OFF
[16:57:53] : end pos sig4 :-50.000000 - -50.000000
[16:57:53] : 11,20181204-165753,CF18112053281,,OK,MAX,1, ,0.10,2.00,0.55,OK,0.10,2.00,1.17,OK,0.10,2.00,0.48,OK,0.10,2.00,0.64,OK,
[16:58:17] : Cycle start ON
[16:58:19] : Cycle start OFF
[16:58:39] : REQUEST MEAS. ON
[16:58:49] : REQUEST MEAS. OFF
[16:58:49] : end pos sig1 :50.000000 - 50.000000
[16:58:49] : 측정요구 ON 2
[16:58:58] : 측정요구 2OFF
[16:58:58] : end pos sig2 :-50.000000 - -50.000000
[16:59:02] : 측정요구3 ON
[16:59:11] : 측정요구3 OFF
[16:59:11] : end pos sig3 :50.000000 - 50.000000
[16:59:11] : 측정요구4 ON
[16:59:21] : 측정요구4 OFF
[16:59:21] : end pos sig4 :-50.000000 - -50.000000
[16:59:21] : 11,20181204-165922,CF18112053411,,OK,MAX,1, ,0.10,2.00,1.95,OK,0.10,2.00,1.27,OK,0.10,2.00,0.56,OK,0.10,2.00,0.65,OK,
[16:59:45] : Cycle start ON
[16:59:48] : Cycle start OFF
[17:00:08] : REQUEST MEAS. ON
[17:00:17] : REQUEST MEAS. OFF
[17:00:17] : end pos sig1 :50.000000 - 50.000000
[17:00:17] : 측정요구 ON 2
[17:00:27] : 측정요구 2OFF
[17:00:27] : end pos sig2 :-50.000000 - -50.000000
[17:00:30] : 측정요구3 ON
[17:00:39] : 측정요구3 OFF
[17:00:39] : end pos sig3 :50.000000 - 50.000000
[17:00:39] : 측정요구4 ON
[17:00:49] : 측정요구4 OFF
[17:00:49] : end pos sig4 :-50.000000 - -50.000000
[17:00:49] : 11,20181204-170049,CF18112053961,,OK,MAX,1, ,0.10,2.00,0.92,OK,0.10,2.00,1.55,OK,0.10,2.00,0.60,OK,0.10,2.00,0.44,OK,
[17:01:12] : Cycle start ON
[17:01:15] : Cycle start OFF
[17:01:35] : REQUEST MEAS. ON
[17:01:44] : REQUEST MEAS. OFF
[17:01:44] : end pos sig1 :50.000000 - 50.000000
[17:01:44] : 측정요구 ON 2
[17:01:54] : 측정요구 2OFF
[17:01:54] : end pos sig2 :-50.000000 - -50.000000
[17:01:58] : 측정요구3 ON
[17:02:07] : 측정요구3 OFF
[17:02:07] : end pos sig3 :50.000000 - 50.000000
[17:02:07] : 측정요구4 ON
[17:02:17] : 측정요구4 OFF
[17:02:17] : end pos sig4 :-50.000000 - -50.000000
[17:02:17] : 11,20181204-170217,CF18112053461,,OK,MAX,1, ,0.10,2.00,1.08,OK,0.10,2.00,1.33,OK,0.10,2.00,0.56,OK,0.10,2.00,0.55,OK,
[17:02:35] : Cycle start ON
[17:02:38] : Cycle start OFF
[17:03:03] : REQUEST MEAS. ON
[17:03:12] : REQUEST MEAS. OFF
[17:03:12] : end pos sig1 :50.000000 - 50.000000
[17:03:13] : 측정요구 ON 2
[17:03:22] : 측정요구 2OFF
[17:03:22] : end pos sig2 :-50.000000 - -50.000000
[17:03:26] : 측정요구3 ON
[17:03:35] : 측정요구3 OFF
[17:03:35] : end pos sig3 :50.000000 - 50.000000
[17:03:35] : 측정요구4 ON
[17:03:44] : 측정요구4 OFF
[17:03:44] : end pos sig4 :-50.000000 - -50.000000
[17:03:44] : 11,20181204-170345,CF18112051651,,OK,MAX,1, ,0.10,2.00,0.91,OK,0.10,2.00,1.18,OK,0.10,2.00,0.64,OK,0.10,2.00,0.52,OK,
[17:04:03] : Cycle start ON
[17:04:06] : Cycle start OFF
[17:04:32] : REQUEST MEAS. ON
[17:04:41] : REQUEST MEAS. OFF
[17:04:41] : end pos sig1 :50.000000 - 50.000000
[17:04:41] : 측정요구 ON 2
[17:04:50] : 측정요구 2OFF
[17:04:50] : end pos sig2 :-50.000000 - -50.000000
[17:04:54] : 측정요구3 ON
[17:05:03] : 측정요구3 OFF
[17:05:03] : end pos sig3 :50.000000 - 50.000000
[17:05:03] : 측정요구4 ON
[17:05:12] : 측정요구4 OFF
[17:05:12] : end pos sig4 :-50.000000 - -50.000000
[17:05:12] : 11,20181204-170513,CF18112052661,,OK,MAX,1, ,0.10,2.00,1.13,OK,0.10,2.00,1.08,OK,0.10,2.00,0.65,OK,0.10,2.00,0.48,OK,
[17:05:31] : Cycle start ON
[17:05:34] : Cycle start OFF
[17:06:00] : REQUEST MEAS. ON
[17:06:09] : REQUEST MEAS. OFF
[17:06:09] : end pos sig1 :50.000000 - 50.000000
[17:06:09] : 측정요구 ON 2
[17:06:18] : 측정요구 2OFF
[17:06:18] : end pos sig2 :-50.000000 - -50.000000
[17:06:22] : 측정요구3 ON
[17:06:31] : 측정요구3 OFF
[17:06:31] : end pos sig3 :50.000000 - 50.000000
[17:06:31] : 측정요구4 ON
[17:06:40] : 측정요구4 OFF
[17:06:40] : end pos sig4 :-50.000000 - -50.000000
[17:06:40] : 11,20181204-170641,CF18112053951,,OK,MAX,1, ,0.10,2.00,0.65,OK,0.10,2.00,1.26,OK,0.10,2.00,0.42,OK,0.10,2.00,0.47,OK,
[17:06:59] : Cycle start ON
[17:07:02] : Cycle start OFF
[17:07:27] : REQUEST MEAS. ON
[17:07:36] : REQUEST MEAS. OFF
[17:07:36] : end pos sig1 :50.000000 - 50.000000
[17:07:37] : 측정요구 ON 2
[17:07:46] : 측정요구 2OFF
[17:07:46] : end pos sig2 :-50.000000 - -50.000000
[17:07:50] : 측정요구3 ON
[17:07:59] : 측정요구3 OFF
[17:07:59] : end pos sig3 :50.000000 - 50.000000
[17:07:59] : 측정요구4 ON
[17:08:09] : 측정요구4 OFF
[17:08:09] : end pos sig4 :-50.000000 - -50.000000
[17:08:09] : 11,20181204-170809,CF18112053171,,OK,MAX,1, ,0.10,2.00,1.19,OK,0.10,2.00,1.29,OK,0.10,2.00,0.48,OK,0.10,2.00,0.54,OK,
[17:08:27] : Cycle start ON
[17:08:30] : Cycle start OFF
[17:08:56] : REQUEST MEAS. ON
[17:09:05] : REQUEST MEAS. OFF
[17:09:05] : end pos sig1 :50.000000 - 50.000000
[17:09:05] : 측정요구 ON 2
[17:09:14] : 측정요구 2OFF
[17:09:14] : end pos sig2 :-50.000000 - -50.000000
[17:09:18] : 측정요구3 ON
[17:09:27] : 측정요구3 OFF
[17:09:27] : end pos sig3 :50.000000 - 50.000000
[17:09:27] : 측정요구4 ON
[17:09:37] : 측정요구4 OFF
[17:09:37] : end pos sig4 :-50.000000 - -50.000000
[17:09:37] : 11,20181204-170937,CF18112052151,,OK,MAX,1, ,0.10,2.00,1.04,OK,0.10,2.00,1.50,OK,0.10,2.00,0.46,OK,0.10,2.00,0.36,OK,
[17:09:54] : Cycle start ON
[17:09:57] : Cycle start OFF
[17:10:23] : REQUEST MEAS. ON
[17:10:32] : REQUEST MEAS. OFF
[17:10:32] : end pos sig1 :50.000000 - 50.000000
[17:10:32] : 측정요구 ON 2
[17:10:42] : 측정요구 2OFF
[17:10:42] : end pos sig2 :-50.000000 - -50.000000
[17:10:46] : 측정요구3 ON
[17:10:55] : 측정요구3 OFF
[17:10:55] : end pos sig3 :50.000000 - 50.000000
[17:10:55] : 측정요구4 ON
[17:11:05] : 측정요구4 OFF
[17:11:05] : end pos sig4 :-50.000000 - -50.000000
[17:11:05] : 11,20181204-171105,CF18112052981,,OK,MAX,1, ,0.10,2.00,0.86,OK,0.10,2.00,1.65,OK,0.10,2.00,0.58,OK,0.10,2.00,0.72,OK,
[17:11:29] : Cycle start ON
[17:11:31] : Cycle start OFF
[17:11:52] : REQUEST MEAS. ON
[17:12:01] : REQUEST MEAS. OFF
[17:12:01] : end pos sig1 :50.000000 - 50.000000
[17:12:01] : 측정요구 ON 2
[17:12:11] : 측정요구 2OFF
[17:12:11] : end pos sig2 :-50.000000 - -50.000000
[17:12:14] : 측정요구3 ON
[17:12:23] : 측정요구3 OFF
[17:12:23] : end pos sig3 :50.000000 - 50.000000
[17:12:23] : 측정요구4 ON
[17:12:33] : 측정요구4 OFF
[17:12:33] : end pos sig4 :-50.000000 - -50.000000
[17:12:33] : 11,20181204-171234,CF18112052581,,OK,MAX,1, ,0.10,2.00,0.90,OK,0.10,2.00,0.92,OK,0.10,2.00,0.43,OK,0.10,2.00,0.30,OK,
[17:12:52] : Cycle start ON
[17:12:55] : Cycle start OFF
[17:13:20] : REQUEST MEAS. ON
[17:13:30] : REQUEST MEAS. OFF
[17:13:30] : end pos sig1 :50.000000 - 50.000000
[17:13:30] : 측정요구 ON 2
[17:13:39] : 측정요구 2OFF
[17:13:39] : end pos sig2 :-50.000000 - -50.000000
[17:13:43] : 측정요구3 ON
[17:13:52] : 측정요구3 OFF
[17:13:52] : end pos sig3 :50.000000 - 50.000000
[17:13:52] : 측정요구4 ON
[17:14:01] : 측정요구4 OFF
[17:14:01] : end pos sig4 :-50.000000 - -50.000000
[17:14:01] : 11,20181204-171402,CF18112052091,,OK,MAX,1, ,0.10,2.00,1.14,OK,0.10,2.00,1.63,OK,0.10,2.00,0.60,OK,0.10,2.00,0.50,OK,
[17:14:25] : Cycle start ON
[17:14:27] : Cycle start OFF
[17:14:48] : REQUEST MEAS. ON
[17:14:57] : REQUEST MEAS. OFF
[17:14:57] : end pos sig1 :50.000000 - 50.000000
[17:14:57] : 측정요구 ON 2
[17:15:07] : 측정요구 2OFF
[17:15:07] : end pos sig2 :-50.000000 - -50.000000
[17:15:10] : 측정요구3 ON
[17:15:19] : 측정요구3 OFF
[17:15:19] : end pos sig3 :50.000000 - 50.000000
[17:15:19] : 측정요구4 ON
[17:15:29] : 측정요구4 OFF
[17:15:29] : end pos sig4 :-50.000000 - -50.000000
[17:15:29] : 11,20181204-171529,CF18112053541,,OK,MAX,1, ,0.10,2.00,0.89,OK,0.10,2.00,1.37,OK,0.10,2.00,0.58,OK,0.10,2.00,0.77,OK,
[17:16:44] : AUTO RUNNING OFF
[18:30:21] : MEAS ESC ON
[18:30:23] : MEAS ESC OFF
[18:30:23] : MEAS ESC ON
[18:32:43] : MEAS ESC OFF
[18:32:43] : AUTO RUNNING ON
[18:33:02] : Cycle start ON
[18:33:04] : Cycle start OFF
[18:33:10] : REQUEST MEAS. ON
[18:33:19] : REQUEST MEAS. OFF
[18:33:19] : end pos sig1 :50.000000 - 50.000000
[18:33:19] : 측정요구 ON 2
[18:33:28] : 측정요구 2OFF
[18:33:28] : end pos sig2 :-50.000000 - -50.000000
[18:33:32] : 측정요구3 ON
[18:33:41] : 측정요구3 OFF
[18:33:41] : end pos sig3 :50.000000 - 50.000000
[18:33:41] : 측정요구4 ON
[18:33:50] : 측정요구4 OFF
[18:33:50] : end pos sig4 :-50.000000 - -50.000000
[18:33:50] : 11,20181204-183351,CF18120273541,CF 18100411753,NG,MAX,1, ,0.10,2.00,1.17,OK,0.10,2.00,0.81,OK,0.10,2.00,1.26,OK,0.10,2.00,2.30,NG,
[18:34:12] : Cycle start ON
[18:34:15] : Cycle start OFF
[18:34:38] : REQUEST MEAS. ON
[18:34:47] : REQUEST MEAS. OFF
[18:34:47] : end pos sig1 :50.000000 - 50.000000
[18:34:47] : 측정요구 ON 2
[18:34:56] : 측정요구 2OFF
[18:34:56] : end pos sig2 :-50.000000 - -50.000000
[18:35:00] : 측정요구3 ON
[18:35:09] : 측정요구3 OFF
[18:35:09] : end pos sig3 :50.000000 - 50.000000
[18:35:09] : 측정요구4 ON
[18:35:19] : 측정요구4 OFF
[18:35:19] : end pos sig4 :-50.000000 - -50.000000
[18:35:19] : 11,20181204-183519,CF18120273571,CF 18100413723,NG,MAX,1, ,0.10,2.00,0.98,OK,0.10,2.00,0.70,OK,0.10,2.00,2.48,NG,0.10,2.00,2.49,NG,
[18:35:45] : Cycle start ON
[18:35:47] : Cycle start OFF
[18:36:06] : REQUEST MEAS. ON
[18:36:15] : REQUEST MEAS. OFF
[18:36:15] : end pos sig1 :50.000000 - 50.000000
[18:36:16] : 측정요구 ON 2
[18:36:25] : 측정요구 2OFF
[18:36:25] : end pos sig2 :-50.000000 - -50.000000
[18:36:28] : 측정요구3 ON
[18:36:37] : 측정요구3 OFF
[18:36:37] : end pos sig3 :50.000000 - 50.000000
[18:36:37] : 측정요구4 ON
[18:36:47] : 측정요구4 OFF
[18:36:47] : end pos sig4 :-50.000000 - -50.000000
[18:36:47] : 11,20181204-183647,CF18120270591,CF 18100413683,OK,MAX,1, ,0.10,2.00,1.29,OK,0.10,2.00,0.83,OK,0.10,2.00,1.55,OK,0.10,2.00,1.10,OK,
[18:37:11] : Cycle start ON
[18:37:14] : Cycle start OFF
[18:37:20] : REQUEST MEAS. ON
[18:37:29] : REQUEST MEAS. OFF
[18:37:29] : end pos sig1 :50.000000 - 50.000000
[18:37:29] : 측정요구 ON 2
[18:37:38] : 측정요구 2OFF
[18:37:38] : end pos sig2 :-50.000000 - -50.000000
[18:37:41] : 측정요구3 ON
[18:37:50] : 측정요구3 OFF
[18:37:50] : end pos sig3 :50.000000 - 50.000000
[18:37:50] : 측정요구4 ON
[18:38:00] : 측정요구4 OFF
[18:38:00] : end pos sig4 :-50.000000 - -50.000000
[18:38:00] : 11,20181204-183801,CF18120273581,CF 18100410083,NG,MAX,1, ,0.10,2.00,0.92,OK,0.10,2.00,0.63,OK,0.10,2.00,2.23,NG,0.10,2.00,2.22,NG,
[18:38:23] : Cycle start ON
[18:38:26] : Cycle start OFF
[18:38:48] : REQUEST MEAS. ON
[18:38:57] : REQUEST MEAS. OFF
[18:38:57] : end pos sig1 :50.000000 - 50.000000
[18:38:57] : 측정요구 ON 2
[18:39:06] : 측정요구 2OFF
[18:39:06] : end pos sig2 :-50.000000 - -50.000000
[18:39:10] : 측정요구3 ON
[18:39:19] : 측정요구3 OFF
[18:39:19] : end pos sig3 :50.000000 - 50.000000
[18:39:20] : 측정요구4 ON
[18:39:29] : 측정요구4 OFF
[18:39:29] : end pos sig4 :-50.000000 - -50.000000
[18:39:29] : 11,20181204-183930,CF18120273561,CF 18112010691,NG,MAX,1, ,0.10,2.00,0.77,OK,0.10,2.00,1.23,OK,0.10,2.00,1.55,OK,0.10,2.00,2.30,NG,
[18:39:52] : Cycle start ON
[18:39:55] : Cycle start OFF
[18:40:16] : REQUEST MEAS. ON
[18:40:25] : REQUEST MEAS. OFF
[18:40:25] : end pos sig1 :50.000000 - 50.000000
[18:40:26] : 측정요구 ON 2
[18:40:35] : 측정요구 2OFF
[18:40:35] : end pos sig2 :-50.000000 - -50.000000
[18:40:38] : 측정요구3 ON
[18:40:47] : 측정요구3 OFF
[18:40:47] : end pos sig3 :50.000000 - 50.000000
[18:40:47] : 측정요구4 ON
[18:40:57] : 측정요구4 OFF
[18:40:57] : end pos sig4 :-50.000000 - -50.000000
[18:40:57] : 11,20181204-184057,CF18120273771,CF 18100412573,NG,MAX,1, ,0.10,2.00,1.22,OK,0.10,2.00,0.95,OK,0.10,2.00,2.11,NG,0.10,2.00,2.14,NG,
[18:41:08] : AUTO RUNNING OFF
[18:41:42] : MEAS ESC ON
[18:41:43] : MEAS ESC OFF
[18:41:43] : AUTO RUNNING ON
[18:42:02] : Cycle start ON
[18:42:05] : Cycle start OFF
[18:42:10] : REQUEST MEAS. ON
[18:42:19] : REQUEST MEAS. OFF
[18:42:19] : end pos sig1 :50.000000 - 50.000000
[18:42:20] : 측정요구 ON 2
[18:42:29] : 측정요구 2OFF
[18:42:29] : end pos sig2 :-50.000000 - -50.000000
[18:42:33] : 측정요구3 ON
[18:42:42] : 측정요구3 OFF
[18:42:42] : end pos sig3 :50.000000 - 50.000000
[18:42:42] : 측정요구4 ON
[18:42:51] : AUTO RUNNING OFF
[18:42:51] : 측정요구4 OFF
[18:42:51] : end pos sig4 :-45.840000 - -45.820000
[18:51:14] : MEAS ESC ON
[18:52:18] : MEAS ESC OFF
[19:19:10] : MEAS ESC ON
[19:19:19] : MEAS ESC OFF
[19:19:19] : AUTO RUNNING ON
[19:20:19] : Cycle start ON
[19:20:21] : Cycle start OFF
[19:20:27] : REQUEST MEAS. ON
[19:20:36] : REQUEST MEAS. OFF
[19:20:36] : end pos sig1 :50.000000 - 50.000000
[19:20:36] : 측정요구 ON 2
[19:20:45] : 측정요구 2OFF
[19:20:45] : end pos sig2 :-50.000000 - -50.000000
[19:20:49] : 측정요구3 ON
[19:20:58] : 측정요구3 OFF
[19:20:58] : end pos sig3 :50.000000 - 50.000000
[19:20:58] : 측정요구4 ON
[19:21:07] : 측정요구4 OFF
[19:21:07] : end pos sig4 :-50.000000 - -50.000000
[19:21:07] : 11,20181204-192108,CF18120272491,CF 18100413433,OK,MAX,1, ,0.10,2.00,1.13,OK,0.10,2.00,0.51,OK,0.10,2.00,0.77,OK,0.10,2.00,1.75,OK,
[19:21:25] : Cycle start ON
[19:21:27] : Cycle start OFF
[19:21:54] : REQUEST MEAS. ON
[19:22:04] : REQUEST MEAS. OFF
[19:22:04] : end pos sig1 :50.000000 - 50.000000
[19:22:04] : 측정요구 ON 2
[19:22:13] : 측정요구 2OFF
[19:22:13] : end pos sig2 :-50.000000 - -50.000000
[19:22:17] : 측정요구3 ON
[19:22:26] : 측정요구3 OFF
[19:22:26] : end pos sig3 :50.000000 - 50.000000
[19:22:26] : 측정요구4 ON
[19:22:35] : 측정요구4 OFF
[19:22:35] : end pos sig4 :-50.000000 - -50.000000
[19:22:35] : 11,20181204-192236,CF18120273661,CF 18100410443,OK,MAX,1, ,0.10,2.00,0.61,OK,0.10,2.00,0.45,OK,0.10,2.00,1.70,OK,0.10,2.00,1.91,OK,
[19:24:04] : AUTO RUNNING OFF
[19:24:46] : MEAS ESC ON
[19:24:48] : MEAS ESC OFF
[19:24:48] : AUTO RUNNING ON
[19:25:23] : Cycle start ON
[19:25:25] : Cycle start OFF
[19:31:16] : REQUEST MEAS. ON
[19:31:25] : REQUEST MEAS. OFF
[19:31:25] : end pos sig1 :50.000000 - 50.000000
[19:31:25] : 측정요구 ON 2
[19:31:34] : 측정요구 2OFF
[19:31:34] : end pos sig2 :-50.000000 - -50.000000
[19:31:38] : 측정요구3 ON
[19:31:47] : 측정요구3 OFF
[19:31:47] : end pos sig3 :50.000000 - 50.000000
[19:31:47] : 측정요구4 ON
[19:31:57] : 측정요구4 OFF
[19:31:57] : end pos sig4 :-50.000000 - -50.000000
[19:31:57] : 11,20181204-193157,CF18120273351,CF 18100413593,OK,MAX,1, ,0.10,2.00,0.77,OK,0.10,2.00,0.42,OK,0.10,2.00,1.99,OK,0.10,2.00,0.79,OK,
[19:32:14] : Cycle start ON
[19:32:16] : Cycle start OFF
[19:32:44] : REQUEST MEAS. ON
[19:32:53] : REQUEST MEAS. OFF
[19:32:53] : end pos sig1 :50.000000 - 50.000000
[19:32:53] : 측정요구 ON 2
[19:33:02] : 측정요구 2OFF
[19:33:02] : end pos sig2 :-50.000000 - -50.000000
[19:33:06] : 측정요구3 ON
[19:33:15] : 측정요구3 OFF
[19:33:15] : end pos sig3 :50.000000 - 50.000000
[19:33:15] : 측정요구4 ON
[19:33:25] : 측정요구4 OFF
[19:33:25] : end pos sig4 :-50.000000 - -50.000000
[19:33:25] : 11,20181204-193325,CF18120272561,CF 18100413473,OK,MAX,1, ,0.10,2.00,0.92,OK,0.10,2.00,0.41,OK,0.10,2.00,0.72,OK,0.10,2.00,1.98,OK,
[19:33:49] : Cycle start ON
[19:33:51] : Cycle start OFF
[19:34:12] : REQUEST MEAS. ON
[19:34:21] : REQUEST MEAS. OFF
[19:34:21] : end pos sig1 :50.000000 - 50.000000
[19:34:21] : 측정요구 ON 2
[19:34:31] : 측정요구 2OFF
[19:34:31] : end pos sig2 :-50.000000 - -50.000000
[19:34:34] : 측정요구3 ON
[19:34:43] : 측정요구3 OFF
[19:34:43] : end pos sig3 :50.000000 - 50.000000
[19:34:43] : 측정요구4 ON
[19:34:53] : 측정요구4 OFF
[19:34:53] : end pos sig4 :-50.000000 - -50.000000
[19:34:53] : 11,20181204-193453,CF18120273381,CF 18100412713,NG,MAX,1, ,0.10,2.00,1.12,OK,0.10,2.00,0.67,OK,0.10,2.00,2.30,NG,0.10,2.00,1.52,OK,
[19:35:21] : Cycle start ON
[19:35:23] : Cycle start OFF
[19:35:39] : REQUEST MEAS. ON
[19:35:49] : REQUEST MEAS. OFF
[19:35:49] : end pos sig1 :50.000000 - 50.000000
[19:35:49] : 측정요구 ON 2
[19:35:58] : 측정요구 2OFF
[19:35:58] : end pos sig2 :-50.000000 - -50.000000
[19:36:02] : 측정요구3 ON
[19:36:11] : 측정요구3 OFF
[19:36:11] : end pos sig3 :50.000000 - 50.000000
[19:36:11] : 측정요구4 ON
[19:36:21] : 측정요구4 OFF
[19:36:21] : end pos sig4 :-50.000000 - -50.000000
[19:36:21] : 11,20181204-193622,CF18120272631,CF 18100412213,OK,MAX,1, ,0.10,2.00,0.76,OK,0.10,2.00,0.87,OK,0.10,2.00,0.91,OK,0.10,2.00,0.99,OK,
[19:36:40] : Cycle start ON
[19:36:43] : Cycle start OFF
[19:37:08] : REQUEST MEAS. ON
[19:37:17] : REQUEST MEAS. OFF
[19:37:17] : end pos sig1 :50.000000 - 50.000000
[19:37:17] : 측정요구 ON 2
[19:37:26] : 측정요구 2OFF
[19:37:26] : end pos sig2 :-50.000000 - -50.000000
[19:37:30] : 측정요구3 ON
[19:37:39] : 측정요구3 OFF
[19:37:39] : end pos sig3 :50.000000 - 50.000000
[19:37:39] : 측정요구4 ON
[19:37:49] : 측정요구4 OFF
[19:37:49] : end pos sig4 :-50.000000 - -50.000000
[19:37:49] : 11,20181204-193749,CF18120272611,CF 18100412153,OK,MAX,1, ,0.10,2.00,0.87,OK,0.10,2.00,0.75,OK,0.10,2.00,1.45,OK,0.10,2.00,1.40,OK,
[19:38:06] : Cycle start ON
[19:38:09] : Cycle start OFF
[19:38:35] : REQUEST MEAS. ON
[19:38:44] : REQUEST MEAS. OFF
[19:38:44] : end pos sig1 :50.000000 - 50.000000
[19:38:45] : 측정요구 ON 2
[19:38:54] : 측정요구 2OFF
[19:38:54] : end pos sig2 :-50.000000 - -50.000000
[19:38:58] : 측정요구3 ON
[19:39:07] : 측정요구3 OFF
[19:39:07] : end pos sig3 :50.000000 - 50.000000
[19:39:07] : 측정요구4 ON
[19:39:17] : 측정요구4 OFF
[19:39:17] : end pos sig4 :-50.000000 - -50.000000
[19:39:17] : 11,20181204-193917,CF18120272501,CF 18100411073,OK,MAX,1, ,0.10,2.00,0.59,OK,0.10,2.00,1.61,OK,0.10,2.00,0.90,OK,0.10,2.00,0.94,OK,
[19:39:40] : Cycle start ON
[19:39:43] : Cycle start OFF
[19:40:03] : REQUEST MEAS. ON
[19:40:12] : REQUEST MEAS. OFF
[19:40:12] : end pos sig1 :50.000000 - 50.000000
[19:40:13] : 측정요구 ON 2
[19:40:22] : 측정요구 2OFF
[19:40:22] : end pos sig2 :-50.000000 - -50.000000
[19:40:26] : 측정요구3 ON
[19:40:35] : 측정요구3 OFF
[19:40:35] : end pos sig3 :50.000000 - 50.000000
[19:40:35] : 측정요구4 ON
[19:40:45] : 측정요구4 OFF
[19:40:45] : end pos sig4 :-50.000000 - -50.000000
[19:40:45] : 11,20181204-194045,CF18120272801,CF 18100410963,OK,MAX,1, ,0.10,2.00,0.77,OK,0.10,2.00,0.41,OK,0.10,2.00,0.71,OK,0.10,2.00,1.83,OK,
[19:41:09] : Cycle start ON
[19:41:11] : Cycle start OFF
[19:41:31] : REQUEST MEAS. ON
[19:41:40] : REQUEST MEAS. OFF
[19:41:40] : end pos sig1 :50.000000 - 50.000000
[19:41:40] : 측정요구 ON 2
[19:41:50] : 측정요구 2OFF
[19:41:50] : end pos sig2 :-50.000000 - -50.000000
[19:41:54] : 측정요구3 ON
[19:42:03] : 측정요구3 OFF
[19:42:03] : end pos sig3 :50.000000 - 50.000000
[19:42:03] : 측정요구4 ON
[19:42:12] : 측정요구4 OFF
[19:42:12] : end pos sig4 :-50.000000 - -50.000000
[19:42:12] : 11,20181204-194213,CF18120272831,CF 18100414513,OK,MAX,1, ,0.10,2.00,0.66,OK,0.10,2.00,0.56,OK,0.10,2.00,1.30,OK,0.10,2.00,0.48,OK,
[19:42:37] : Cycle start ON
[19:42:39] : Cycle start OFF
[19:43:00] : REQUEST MEAS. ON
[19:43:09] : REQUEST MEAS. OFF
[19:43:09] : end pos sig1 :50.000000 - 50.000000
[19:43:09] : 측정요구 ON 2
[19:43:18] : 측정요구 2OFF
[19:43:18] : end pos sig2 :-50.000000 - -50.000000
[19:43:22] : 측정요구3 ON
[19:43:31] : 측정요구3 OFF
[19:43:31] : end pos sig3 :50.000000 - 50.000000
[19:43:31] : 측정요구4 ON
[19:43:40] : 측정요구4 OFF
[19:43:40] : end pos sig4 :-50.000000 - -50.000000
[19:43:40] : 11,20181204-194341,CF18120270441,CF 18100413913,OK,MAX,1, ,0.10,2.00,0.76,OK,0.10,2.00,0.51,OK,0.10,2.00,0.97,OK,0.10,2.00,0.60,OK,
[19:44:04] : Cycle start ON
[19:44:07] : Cycle start OFF
[19:44:28] : REQUEST MEAS. ON
[19:44:37] : REQUEST MEAS. OFF
[19:44:37] : end pos sig1 :50.000000 - 50.000000
[19:44:37] : 측정요구 ON 2
[19:44:46] : 측정요구 2OFF
[19:44:46] : end pos sig2 :-50.000000 - -50.000000
[19:44:50] : 측정요구3 ON
[19:44:59] : 측정요구3 OFF
[19:44:59] : end pos sig3 :50.000000 - 50.000000
[19:44:59] : 측정요구4 ON
[19:45:09] : 측정요구4 OFF
[19:45:09] : end pos sig4 :-50.000000 - -50.000000
[19:45:09] : 11,20181204-194509,CF18120270451,CF 18100413923,OK,MAX,1, ,0.10,2.00,0.71,OK,0.10,2.00,0.49,OK,0.10,2.00,1.45,OK,0.10,2.00,0.64,OK,
[19:45:33] : Cycle start ON
[19:45:35] : Cycle start OFF
[19:45:56] : REQUEST MEAS. ON
[19:46:05] : REQUEST MEAS. OFF
[19:46:05] : end pos sig1 :50.000000 - 50.000000
[19:46:05] : 측정요구 ON 2
[19:46:14] : 측정요구 2OFF
[19:46:14] : end pos sig2 :-50.000000 - -50.000000
[19:46:18] : 측정요구3 ON
[19:46:27] : 측정요구3 OFF
[19:46:27] : end pos sig3 :50.000000 - 50.000000
[19:46:27] : 측정요구4 ON
[19:46:36] : 측정요구4 OFF
[19:46:36] : end pos sig4 :-50.000000 - -50.000000
[19:46:36] : 11,20181204-194637,CF18120270471,CF 18100413883,OK,MAX,1, ,0.10,2.00,0.80,OK,0.10,2.00,0.56,OK,0.10,2.00,1.12,OK,0.10,2.00,0.73,OK,
[19:47:01] : Cycle start ON
[19:47:03] : Cycle start OFF
[19:47:24] : REQUEST MEAS. ON
[19:47:33] : REQUEST MEAS. OFF
[19:47:33] : end pos sig1 :50.000000 - 50.000000
[19:47:33] : 측정요구 ON 2
[19:47:42] : 측정요구 2OFF
[19:47:42] : end pos sig2 :-50.000000 - -50.000000
[19:47:45] : 측정요구3 ON
[19:47:54] : 측정요구3 OFF
[19:47:54] : end pos sig3 :50.000000 - 50.000000
[19:47:54] : 측정요구4 ON
[19:48:04] : 측정요구4 OFF
[19:48:04] : end pos sig4 :-50.000000 - -50.000000
[19:48:04] : 11,20181204-194805,CF18120270841,CF 18100413893,OK,MAX,1, ,0.10,2.00,0.54,OK,0.10,2.00,1.11,OK,0.10,2.00,0.98,OK,0.10,2.00,1.89,OK,
[19:48:29] : Cycle start ON
[19:48:31] : Cycle start OFF
[19:48:51] : REQUEST MEAS. ON
[19:49:00] : REQUEST MEAS. OFF
[19:49:00] : end pos sig1 :50.000000 - 50.000000
[19:49:00] : 측정요구 ON 2
[19:49:10] : 측정요구 2OFF
[19:49:10] : end pos sig2 :-50.000000 - -50.000000
[19:49:13] : 측정요구3 ON
[19:49:22] : 측정요구3 OFF
[19:49:22] : end pos sig3 :50.000000 - 50.000000
[19:49:22] : 측정요구4 ON
[19:49:32] : 측정요구4 OFF
[19:49:32] : end pos sig4 :-50.000000 - -50.000000
[19:49:32] : 11,20181204-194933,CF18120270501,CF 18100413873,OK,MAX,1, ,0.10,2.00,1.03,OK,0.10,2.00,0.75,OK,0.10,2.00,1.06,OK,0.10,2.00,0.91,OK,
[19:49:56] : Cycle start ON
[19:49:59] : Cycle start OFF
[19:50:20] : REQUEST MEAS. ON
[19:50:29] : REQUEST MEAS. OFF
[19:50:29] : end pos sig1 :50.000000 - 50.000000
[19:50:29] : 측정요구 ON 2
[19:50:38] : 측정요구 2OFF
[19:50:38] : end pos sig2 :-50.000000 - -50.000000
[19:50:42] : 측정요구3 ON
[19:50:51] : 측정요구3 OFF
[19:50:51] : end pos sig3 :50.000000 - 50.000000
[19:50:51] : 측정요구4 ON
[19:51:00] : 측정요구4 OFF
[19:51:00] : end pos sig4 :-50.000000 - -50.000000
[19:51:00] : 11,20181204-195101,CF18120273171,CF 18100412623,OK,MAX,1, ,0.10,2.00,0.96,OK,0.10,2.00,0.49,OK,0.10,2.00,0.93,OK,0.10,2.00,0.78,OK,
[19:51:24] : Cycle start ON
[19:51:27] : Cycle start OFF
[19:51:47] : REQUEST MEAS. ON
[19:51:57] : REQUEST MEAS. OFF
[19:51:57] : end pos sig1 :50.000000 - 50.000000
[19:51:57] : 측정요구 ON 2
[19:52:06] : 측정요구 2OFF
[19:52:06] : end pos sig2 :-50.000000 - -50.000000
[19:52:10] : 측정요구3 ON
[19:52:19] : 측정요구3 OFF
[19:52:19] : end pos sig3 :50.000000 - 50.000000
[19:52:19] : 측정요구4 ON
[19:52:28] : 측정요구4 OFF
[19:52:28] : end pos sig4 :-50.000000 - -50.000000
[19:52:28] : 11,20181204-195229,CF18120273151,CF 18100410243,OK,MAX,1, ,0.10,2.00,1.09,OK,0.10,2.00,0.66,OK,0.10,2.00,1.12,OK,0.10,2.00,0.45,OK,
[19:52:47] : Cycle start ON
[19:52:50] : Cycle start OFF
[19:53:15] : REQUEST MEAS. ON
[19:53:25] : REQUEST MEAS. OFF
[19:53:25] : end pos sig1 :50.000000 - 50.000000
[19:53:25] : 측정요구 ON 2
[19:53:34] : 측정요구 2OFF
[19:53:34] : end pos sig2 :-50.000000 - -50.000000
[19:53:38] : 측정요구3 ON
[19:53:47] : 측정요구3 OFF
[19:53:47] : end pos sig3 :50.000000 - 50.000000
[19:53:47] : 측정요구4 ON
[19:53:56] : 측정요구4 OFF
[19:53:56] : end pos sig4 :-50.000000 - -50.000000
[19:53:56] : 11,20181204-195357,CF18120270311,CF 18100413233,OK,MAX,1, ,0.10,2.00,1.30,OK,0.10,2.00,1.51,OK,0.10,2.00,1.36,OK,0.10,2.00,0.39,OK,
[19:54:15] : Cycle start ON
[19:54:18] : Cycle start OFF
[19:54:44] : REQUEST MEAS. ON
[19:54:53] : REQUEST MEAS. OFF
[19:54:53] : end pos sig1 :50.000000 - 50.000000
[19:54:53] : 측정요구 ON 2
[19:55:03] : 측정요구 2OFF
[19:55:03] : end pos sig2 :-50.000000 - -50.000000
[19:55:06] : 측정요구3 ON
[19:55:15] : 측정요구3 OFF
[19:55:15] : end pos sig3 :50.000000 - 50.000000
[19:55:15] : 측정요구4 ON
[19:55:25] : 측정요구4 OFF
[19:55:25] : end pos sig4 :-50.000000 - -50.000000
[19:55:25] : 11,20181204-195526,CF18120270261,CF 18100413223,OK,MAX,1, ,0.10,2.00,0.99,OK,0.10,2.00,1.47,OK,0.10,2.00,0.94,OK,0.10,2.00,0.55,OK,
[20:02:14] : Cycle start ON
[20:02:17] : Cycle start OFF
[20:02:23] : REQUEST MEAS. ON
[20:02:32] : REQUEST MEAS. OFF
[20:02:32] : end pos sig1 :50.000000 - 50.000000
[20:02:32] : 측정요구 ON 2
[20:02:41] : 측정요구 2OFF
[20:02:41] : end pos sig2 :-50.000000 - -50.000000
[20:02:45] : 측정요구3 ON
[20:02:54] : 측정요구3 OFF
[20:02:54] : end pos sig3 :50.000000 - 50.000000
[20:02:54] : 측정요구4 ON
[20:03:03] : 측정요구4 OFF
[20:03:03] : end pos sig4 :-50.000000 - -50.000000
[20:03:03] : 11,20181204-200304,CF18120270071,CF 18100413203,OK,MAX,1, ,0.10,2.00,1.29,OK,0.10,2.00,1.59,OK,0.10,2.00,1.26,OK,0.10,2.00,0.46,OK,
[20:06:27] : AUTO RUNNING OFF
 
