[09:07:30] : Plc Error Timer
[09:07:37] : Plc Error Timer
[09:08:41] : Plc Error Timer
[09:09:28] : MEAS ESC ON
[09:09:28] : MEAS ESC OFF
[09:09:28] : AUTO RUNNING ON
[09:09:56] : AUTO RUNNING OFF
[09:14:15] : MEAS ESC ON
[09:14:16] : MEAS ESC OFF
[09:20:09] : MEAS ESC ON
[09:20:43] : MEAS ESC OFF
[09:45:59] : Plc Error Timer
[09:46:05] : Plc Error Timer
[09:46:11] : Plc Error Timer
[09:46:17] : Plc Error Timer
[09:46:23] : Plc Error Timer
[09:46:30] : Plc Error Timer
[09:46:36] : Plc Error Timer
[09:46:42] : Plc Error Timer
[09:46:48] : Plc Error Timer
[09:46:54] : Plc Error Timer
[09:47:00] : Plc Error Timer
[09:47:06] : Plc Error Timer
[09:47:12] : Plc Error Timer
[09:47:18] : Plc Error Timer
[09:47:24] : Plc Error Timer
[09:47:31] : Plc Error Timer
[09:47:37] : Plc Error Timer
[09:47:43] : Plc Error Timer
[09:47:49] : Plc Error Timer
[09:47:55] : Plc Error Timer
[09:48:01] : Plc Error Timer
[09:48:07] : Plc Error Timer
[09:48:13] : Plc Error Timer
[09:48:19] : Plc Error Timer
[09:48:25] : Plc Error Timer
[10:02:37] : Plc Error Timer
[10:02:43] : Plc Error Timer
[10:03:06] : MEAS ESC ON
[10:03:21] : MEAS ESC OFF
[10:03:57] : Plc Error Timer
[10:04:03] : Plc Error Timer
[10:04:09] : Plc Error Timer
[10:04:10] : MEAS ESC ON
[10:04:20] : MEAS ESC OFF
 
[13:21:15] : MEAS ESC ON
[13:21:16] : MEAS ESC OFF
[13:21:16] : AUTO RUNNING ON
[13:21:34] : Cycle start ON
[13:21:36] : Cycle start OFF
[13:21:42] : REQUEST MEAS. ON
[13:21:51] : REQUEST MEAS. OFF
[13:21:51] : end pos sig1 :50.000000 - 50.000000
[13:21:51] : 측정요구 ON 2
[13:22:01] : 측정요구 2OFF
[13:22:01] : end pos sig2 :-50.000000 - -50.000000
[13:22:04] : 측정요구3 ON
[13:22:13] : 측정요구3 OFF
[13:22:13] : end pos sig3 :50.000000 - 50.000000
[13:22:13] : 측정요구4 ON
[13:22:23] : 측정요구4 OFF
[13:22:23] : end pos sig4 :-50.000000 - -50.000000
[13:22:23] : 11,20181215-132224,AL18121450596,,OK,MAX,1, ,AUTO,0.50,7.00,2.82,OK,0.50,7.00,1.92,OK,0.50,7.00,2.15,OK,0.50,7.00,1.62,OK,
[13:22:41] : Cycle start ON
[13:30:53] : Cycle start OFF
[13:30:54] : AUTO RUNNING OFF
[13:30:55] : MEAS ESC ON
[13:30:56] : MEAS ESC OFF
[13:30:56] : AUTO RUNNING ON
[13:31:02] : REQUEST MEAS. ON
[13:31:11] : REQUEST MEAS. OFF
[13:31:11] : end pos sig1 :50.000000 - 50.000000
[13:31:11] : 측정요구 ON 2
[13:31:20] : 측정요구 2OFF
[13:31:20] : end pos sig2 :-50.000000 - -50.000000
[13:31:24] : 측정요구3 ON
[13:31:34] : 측정요구3 OFF
[13:31:34] : end pos sig3 :50.000000 - 50.000000
[13:31:34] : 측정요구4 ON
[13:31:43] : 측정요구4 OFF
[13:31:43] : end pos sig4 :-50.000000 - -50.000000
[13:31:43] : 11,20181215-133143,AL18121450466,,OK,MAX,1, ,AUTO,0.50,7.00,2.45,OK,0.50,7.00,1.58,OK,0.50,7.00,2.39,OK,0.50,7.00,2.46,OK,
[13:51:46] : AUTO RUNNING OFF
[16:39:54] : MEAS ESC ON
[16:39:54] : MEAS ESC OFF
[16:39:54] : AUTO RUNNING ON
[16:44:46] : Cycle start ON
[16:44:48] : Cycle start OFF
[16:44:55] : REQUEST MEAS. ON
[16:45:04] : REQUEST MEAS. OFF
[16:45:04] : end pos sig1 :50.000000 - 50.000000
[16:45:04] : 측정요구 ON 2
[16:45:13] : 측정요구 2OFF
[16:45:13] : end pos sig2 :-49.370000 - -49.550000
[16:45:16] : 측정요구3 ON
[16:45:26] : 측정요구3 OFF
[16:45:26] : end pos sig3 :50.000000 - 50.000000
[16:45:26] : 측정요구4 ON
[16:45:36] : 측정요구4 OFF
[16:45:36] : end pos sig4 :-50.000000 - -50.000000
[16:45:36] : 11,20181215-164536,AL18121450646,,OK,MAX,1, ,AUTO,0.50,7.00,2.49,OK,0.50,7.00,0.95,OK,0.50,7.00,1.49,OK,0.50,7.00,2.81,OK,
[16:45:53] : Cycle start ON
[16:45:56] : Cycle start OFF
[16:46:01] : REQUEST MEAS. ON
[16:46:10] : REQUEST MEAS. OFF
[16:46:10] : end pos sig1 :50.000000 - 50.000000
[16:46:11] : 측정요구 ON 2
[16:46:20] : 측정요구 2OFF
[16:46:20] : end pos sig2 :-50.000000 - -50.000000
[16:46:24] : 측정요구3 ON
[16:46:34] : 측정요구3 OFF
[16:46:34] : end pos sig3 :50.000000 - 50.000000
[16:46:34] : 측정요구4 ON
[16:46:43] : 측정요구4 OFF
[16:46:43] : end pos sig4 :-50.000000 - -50.000000
[16:46:43] : 11,20181215-164643,AL18121450626,,OK,MAX,1, ,AUTO,0.50,7.00,2.32,OK,0.50,7.00,1.34,OK,0.50,7.00,1.48,OK,0.50,7.00,1.01,OK,
[16:47:01] : Cycle start ON
[16:47:03] : Cycle start OFF
[16:47:10] : REQUEST MEAS. ON
[16:47:10] : AUTO RUNNING OFF
[16:47:10] : REQUEST MEAS. OFF
[16:47:10] : end pos sig1 :-50.000000 - -50.000000
[16:48:06] : MEAS ESC ON
[16:48:07] : MEAS ESC OFF
[16:48:07] : AUTO RUNNING ON
[16:48:07] : REQUEST MEAS. ON
[16:48:17] : REQUEST MEAS. OFF
[16:48:17] : end pos sig1 :50.000000 - 50.000000
[16:48:17] : 측정요구 ON 2
[16:48:26] : 측정요구 2OFF
[16:48:26] : end pos sig2 :-50.000000 - -50.000000
[16:48:30] : 측정요구3 ON
[16:48:39] : 측정요구3 OFF
[16:48:39] : end pos sig3 :50.000000 - 50.000000
[16:48:39] : 측정요구4 ON
[16:48:48] : 측정요구4 OFF
[16:48:48] : end pos sig4 :-50.000000 - -50.000000
[16:48:48] : 11,20181215-164849,AL18121450616,,OK,MAX,1, ,AUTO,0.50,7.00,2.46,OK,0.50,7.00,0.86,OK,0.50,7.00,2.31,OK,0.50,7.00,3.00,OK,
[16:49:32] : Cycle start ON
[17:20:18] : Cycle start OFF
[17:20:24] : REQUEST MEAS. ON
[17:20:33] : REQUEST MEAS. OFF
[17:20:33] : end pos sig1 :50.000000 - 50.000000
[17:20:33] : 측정요구 ON 2
[17:20:43] : 측정요구 2OFF
[17:20:43] : end pos sig2 :-50.000000 - -50.000000
[17:20:46] : 측정요구3 ON
[17:20:55] : 측정요구3 OFF
[17:20:55] : end pos sig3 :50.000000 - 50.000000
[17:20:56] : 측정요구4 ON
[17:21:05] : 측정요구4 OFF
[17:21:05] : end pos sig4 :-50.000000 - -50.000000
[17:21:05] : 11,20181215-172106,AL18121450696,,OK,MAX,1, ,AUTO,0.50,7.00,2.53,OK,0.50,7.00,1.08,OK,0.50,7.00,2.47,OK,0.50,7.00,1.56,OK,
[17:21:41] : Cycle start ON
[17:21:51] : Cycle start OFF
[17:21:57] : REQUEST MEAS. ON
[17:22:06] : REQUEST MEAS. OFF
[17:22:06] : end pos sig1 :50.000000 - 50.000000
[17:22:06] : 측정요구 ON 2
[17:22:15] : 측정요구 2OFF
[17:22:15] : end pos sig2 :-50.000000 - -50.000000
[17:22:19] : 측정요구3 ON
[17:22:28] : 측정요구3 OFF
[17:22:28] : end pos sig3 :50.000000 - 50.000000
[17:22:29] : 측정요구4 ON
[17:22:38] : 측정요구4 OFF
[17:22:38] : end pos sig4 :-50.000000 - -50.000000
[17:22:38] : 11,20181215-172239,AL18121450856,,OK,MAX,1, ,AUTO,0.50,7.00,2.60,OK,0.50,7.00,1.50,OK,0.50,7.00,2.90,OK,0.50,7.00,1.18,OK,
[17:22:57] : Cycle start ON
[17:22:59] : Cycle start OFF
[17:23:05] : REQUEST MEAS. ON
[17:23:14] : REQUEST MEAS. OFF
[17:23:14] : end pos sig1 :50.000000 - 50.000000
[17:23:14] : 측정요구 ON 2
[17:23:24] : 측정요구 2OFF
[17:23:24] : end pos sig2 :-50.000000 - -50.000000
[17:23:27] : 측정요구3 ON
[17:23:36] : 측정요구3 OFF
[17:23:36] : end pos sig3 :50.000000 - 50.000000
[17:23:36] : 측정요구4 ON
[17:23:46] : 측정요구4 OFF
[17:23:46] : end pos sig4 :-50.000000 - -50.000000
[17:23:46] : 11,20181215-172346,AL18121450866,,OK,MAX,1, ,AUTO,0.50,7.00,2.72,OK,0.50,7.00,1.85,OK,0.50,7.00,1.06,OK,0.50,7.00,0.73,OK,
[17:24:06] : Cycle start ON
[17:24:18] : Cycle start OFF
[17:24:24] : REQUEST MEAS. ON
[17:24:33] : REQUEST MEAS. OFF
[17:24:33] : end pos sig1 :50.000000 - 50.000000
[17:24:33] : 측정요구 ON 2
[17:24:42] : 측정요구 2OFF
[17:24:42] : end pos sig2 :-50.000000 - -50.000000
[17:24:46] : 측정요구3 ON
[17:24:49] : AUTO RUNNING OFF
[17:24:49] : 측정요구3 OFF
[17:24:49] : end pos sig3 :-28.700000 - -28.720000
[17:25:01] : MEAS ESC ON
[17:25:02] : MEAS ESC OFF
[17:25:02] : AUTO RUNNING ON
[17:25:02] : 측정요구3 ON
[17:25:02] : 측정요구3 OFF
[17:25:02] : end pos sig3 :50.000000 - 50.000000
[17:25:02] : 측정요구4 ON
[17:25:12] : 측정요구4 OFF
[17:25:12] : end pos sig4 :-50.000000 - -50.000000
[17:25:12] : 11,20181215-172512,AL18121450876,,NG,MAX,1, ,AUTO,0.50,7.00,3.09,OK,0.50,7.00,1.18,NG,0.50,7.00,2.19,OK,0.50,7.00,0.73,NG,
[17:25:47] : Cycle start ON
[17:26:14] : Cycle start OFF
[17:26:20] : REQUEST MEAS. ON
[17:26:29] : REQUEST MEAS. OFF
[17:26:29] : end pos sig1 :50.000000 - 50.000000
[17:26:29] : 측정요구 ON 2
[17:26:39] : 측정요구 2OFF
[17:26:39] : end pos sig2 :-50.000000 - -50.000000
[17:26:43] : 측정요구3 ON
[17:26:52] : 측정요구3 OFF
[17:26:52] : end pos sig3 :50.000000 - 50.000000
[17:26:53] : 측정요구4 ON
[17:27:02] : 측정요구4 OFF
[17:27:02] : end pos sig4 :-50.000000 - -50.000000
[17:27:02] : 11,20181215-172702,AL18121450956,,OK,MAX,1, ,AUTO,0.50,7.00,2.30,OK,0.50,7.00,1.34,OK,0.50,7.00,1.00,OK,0.50,7.00,1.40,OK,
[17:30:29] : AUTO RUNNING OFF
[17:30:30] : MEAS ESC ON
[17:48:08] : MEAS ESC OFF
[17:48:08] : AUTO RUNNING ON
[17:48:16] : AUTO RUNNING OFF
[17:50:35] : MEAS ESC ON
[17:50:37] : MEAS ESC OFF
[17:50:37] : AUTO RUNNING ON
[17:50:59] : AUTO RUNNING OFF
[17:51:01] : MEAS ESC ON
[17:51:01] : MEAS ESC OFF
[17:51:01] : AUTO RUNNING ON
[17:51:52] : AUTO RUNNING OFF
[17:52:05] : MEAS ESC ON
[17:53:02] : MEAS ESC OFF
[17:53:02] : AUTO RUNNING ON
[17:53:22] : Cycle start ON
[17:53:24] : Cycle start OFF
[17:53:30] : REQUEST MEAS. ON
[17:53:39] : REQUEST MEAS. OFF
[17:53:39] : end pos sig1 :50.000000 - 50.000000
[17:53:39] : 측정요구 ON 2
[17:53:49] : 측정요구 2OFF
[17:53:49] : end pos sig2 :-50.000000 - -50.000000
[17:53:53] : 측정요구3 ON
[17:54:03] : 측정요구3 OFF
[17:54:03] : end pos sig3 :50.000000 - 50.000000
[17:54:03] : 측정요구4 ON
[17:54:12] : 측정요구4 OFF
[17:54:12] : end pos sig4 :-50.000000 - -50.000000
[17:54:12] : 11,20181215-175412,AL18121450386,,OK,MAX,1, ,AUTO,0.50,7.00,1.81,OK,0.50,7.00,1.18,OK,0.50,7.00,2.72,OK,0.50,7.00,1.28,OK,
[17:54:29] : Cycle start ON
[17:54:31] : Cycle start OFF
[17:54:37] : REQUEST MEAS. ON
[17:54:46] : REQUEST MEAS. OFF
[17:54:46] : end pos sig1 :50.000000 - 50.000000
[17:54:46] : 측정요구 ON 2
[17:54:56] : 측정요구 2OFF
[17:54:56] : end pos sig2 :-50.000000 - -50.000000
[17:55:00] : 측정요구3 ON
[17:55:09] : 측정요구3 OFF
[17:55:09] : end pos sig3 :50.000000 - 50.000000
[17:55:09] : 측정요구4 ON
[17:55:18] : 측정요구4 OFF
[17:55:18] : end pos sig4 :-50.000000 - -50.000000
[17:55:18] : 11,20181215-175519,AL18121450406,,OK,MAX,1, ,AUTO,0.50,7.00,2.15,OK,0.50,7.00,0.90,OK,0.50,7.00,1.88,OK,0.50,7.00,1.23,OK,
[17:55:45] : AUTO RUNNING OFF
[18:07:29] : MEAS ESC ON
[18:07:30] : MEAS ESC OFF
[18:07:30] : AUTO RUNNING ON
[18:07:51] : Cycle start ON
[18:07:53] : Cycle start OFF
[18:07:59] : REQUEST MEAS. ON
[18:08:08] : REQUEST MEAS. OFF
[18:08:08] : end pos sig1 :50.000000 - 50.000000
[18:08:08] : 측정요구 ON 2
[18:08:18] : 측정요구 2OFF
[18:08:18] : end pos sig2 :-50.000000 - -50.000000
[18:08:21] : 측정요구3 ON
[18:08:30] : 측정요구3 OFF
[18:08:30] : end pos sig3 :50.000000 - 50.000000
[18:08:30] : 측정요구4 ON
[18:08:40] : 측정요구4 OFF
[18:08:40] : end pos sig4 :-50.000000 - -50.000000
[18:08:40] : 11,20181215-180841,AL18121450936,,OK,MAX,1, ,AUTO,0.50,7.00,2.00,OK,0.50,7.00,2.90,OK,0.50,7.00,1.81,OK,0.50,7.00,1.27,OK,
[18:10:00] : Cycle start ON
[18:10:02] : Cycle start OFF
[18:10:08] : REQUEST MEAS. ON
[18:10:17] : REQUEST MEAS. OFF
[18:10:17] : end pos sig1 :50.000000 - 50.000000
[18:10:17] : 측정요구 ON 2
[18:10:26] : 측정요구 2OFF
[18:10:26] : end pos sig2 :-50.000000 - -50.000000
[18:10:30] : 측정요구3 ON
[18:10:39] : 측정요구3 OFF
[18:10:39] : end pos sig3 :50.000000 - 50.000000
[18:10:40] : 측정요구4 ON
[18:10:49] : 측정요구4 OFF
[18:10:49] : end pos sig4 :-50.000000 - -50.000000
[18:10:49] : 11,20181215-181049,AL18121450986,,OK,MAX,1, ,AUTO,0.50,7.00,2.77,OK,0.50,7.00,3.43,OK,0.50,7.00,1.22,OK,0.50,7.00,1.16,OK,
[18:11:07] : Cycle start ON
[18:11:09] : Cycle start OFF
[18:11:15] : REQUEST MEAS. ON
[18:11:24] : REQUEST MEAS. OFF
[18:11:24] : end pos sig1 :50.000000 - 50.000000
[18:11:25] : 측정요구 ON 2
[18:11:34] : 측정요구 2OFF
[18:11:34] : end pos sig2 :-50.000000 - -50.000000
[18:11:38] : 측정요구3 ON
[18:11:46] : AUTO RUNNING OFF
[18:11:46] : 측정요구3 OFF
[18:11:46] : end pos sig3 :32.420000 - 32.400000
[18:11:47] : MEAS ESC ON
[18:11:47] : MEAS ESC OFF
[18:11:47] : AUTO RUNNING ON
[18:11:47] : 측정요구3 ON
[18:11:49] : 측정요구3 OFF
[18:11:49] : end pos sig3 :50.000000 - 50.000000
[18:11:49] : 측정요구4 ON
[18:11:58] : 측정요구4 OFF
[18:11:58] : end pos sig4 :-50.000000 - -50.000000
[18:11:58] : 11,20181215-181159,AL18121450976,,OK,MAX,1, ,AUTO,0.50,7.00,2.21,OK,0.50,7.00,1.15,OK,0.50,7.00,2.23,OK,0.50,7.00,1.02,OK,
[18:12:17] : Cycle start ON
[18:12:19] : Cycle start OFF
[18:12:25] : REQUEST MEAS. ON
[18:12:34] : REQUEST MEAS. OFF
[18:12:34] : end pos sig1 :50.000000 - 50.000000
[18:12:34] : 측정요구 ON 2
[18:12:44] : 측정요구 2OFF
[18:12:44] : end pos sig2 :-50.000000 - -50.000000
[18:12:47] : 측정요구3 ON
[18:12:56] : 측정요구3 OFF
[18:12:56] : end pos sig3 :50.000000 - 50.000000
[18:12:56] : 측정요구4 ON
[18:13:06] : 측정요구4 OFF
[18:13:06] : end pos sig4 :-50.000000 - -50.000000
[18:13:06] : 11,20181215-181307,AL18121450826,,OK,MAX,1, ,AUTO,0.50,7.00,2.10,OK,0.50,7.00,1.51,OK,0.50,7.00,2.45,OK,0.50,7.00,3.19,OK,
[18:13:28] : Cycle start ON
[18:13:30] : Cycle start OFF
[18:13:36] : REQUEST MEAS. ON
[18:13:45] : REQUEST MEAS. OFF
[18:13:45] : end pos sig1 :50.000000 - 50.000000
[18:13:45] : 측정요구 ON 2
[18:13:55] : 측정요구 2OFF
[18:13:55] : end pos sig2 :-50.000000 - -50.000000
[18:13:58] : 측정요구3 ON
[18:14:07] : 측정요구3 OFF
[18:14:07] : end pos sig3 :50.000000 - 50.000000
[18:14:07] : 측정요구4 ON
[18:14:17] : 측정요구4 OFF
[18:14:17] : end pos sig4 :-50.000000 - -50.000000
[18:14:17] : 11,20181215-181418,AL18121450816,,OK,MAX,1, ,AUTO,0.50,7.00,2.43,OK,0.50,7.00,1.35,OK,0.50,7.00,1.27,OK,0.50,7.00,1.39,OK,
 
