[09:48:33] : MEAS ESC ON
[09:48:34] : MEAS ESC OFF
[09:48:34] : AUTO RUNNING ON
[09:48:40] : AUTO RUNNING OFF
[09:49:34] : MEAS ESC ON
[09:49:34] : MEAS ESC OFF
[09:49:34] : AUTO RUNNING ON
[09:49:49] : Cycle start ON
[09:49:51] : Cycle start OFF
[09:49:57] : REQUEST MEAS. ON
[09:50:06] : REQUEST MEAS. OFF
[09:50:06] : end pos sig1 :50.000000 - 50.000000
[09:50:06] : 측정요구 ON 2
[09:50:15] : 측정요구 2OFF
[09:50:15] : end pos sig2 :-50.000000 - -50.000000
[09:50:19] : 측정요구3 ON
[09:50:28] : 측정요구3 OFF
[09:50:28] : end pos sig3 :50.000000 - 50.000000
[09:50:28] : 측정요구4 ON
[09:50:38] : 측정요구4 OFF
[09:50:38] : end pos sig4 :-50.000000 - -50.000000
[09:50:38] : 11,20181214-095038,AL18062531831,CF 18112010281,NG,MAX,1, ,AUTO,0.50,7.00,1.29,OK,0.50,7.00,1.12,OK,0.50,7.00,1.51,OK,0.50,7.00,0.57,NG,
[09:51:00] : Cycle start ON
[09:51:02] : Cycle start OFF
[09:51:08] : REQUEST MEAS. ON
[09:51:17] : REQUEST MEAS. OFF
[09:51:17] : end pos sig1 :50.000000 - 50.000000
[09:51:17] : 측정요구 ON 2
[09:51:27] : 측정요구 2OFF
[09:51:27] : end pos sig2 :-50.000000 - -50.000000
[09:51:30] : 측정요구3 ON
[09:51:39] : 측정요구3 OFF
[09:51:39] : end pos sig3 :50.000000 - 50.000000
[09:51:39] : 측정요구4 ON
[09:51:49] : 측정요구4 OFF
[09:51:49] : end pos sig4 :-50.000000 - -50.000000
[09:51:49] : 11,20181214-095150,AL18071945301,CF 18112010281,OK,MAX,1, ,AUTO,0.50,7.00,1.83,OK,0.50,7.00,1.29,OK,0.50,7.00,1.48,OK,0.50,7.00,0.92,OK,
[09:52:13] : Cycle start ON
[09:52:15] : Cycle start OFF
[09:52:20] : REQUEST MEAS. ON
[09:52:30] : REQUEST MEAS. OFF
[09:52:30] : end pos sig1 :50.000000 - 50.000000
[09:52:30] : 측정요구 ON 2
[09:52:39] : 측정요구 2OFF
[09:52:39] : end pos sig2 :-50.000000 - -50.000000
[09:52:43] : 측정요구3 ON
[09:52:52] : 측정요구3 OFF
[09:52:52] : end pos sig3 :50.000000 - 50.000000
[09:52:52] : 측정요구4 ON
[09:53:02] : 측정요구4 OFF
[09:53:02] : end pos sig4 :-50.000000 - -50.000000
[09:53:02] : 11,20181214-095302,AL18071945601,CF 18112010281,OK,MAX,1, ,AUTO,0.50,7.00,1.80,OK,0.50,7.00,0.75,OK,0.50,7.00,1.36,OK,0.50,7.00,1.21,OK,
[09:53:20] : Cycle start ON
[09:53:22] : Cycle start OFF
[09:53:28] : REQUEST MEAS. ON
[09:53:37] : REQUEST MEAS. OFF
[09:53:37] : end pos sig1 :50.000000 - 50.000000
[09:53:37] : 측정요구 ON 2
[09:53:47] : 측정요구 2OFF
[09:53:47] : end pos sig2 :-50.000000 - -50.000000
[09:53:51] : 측정요구3 ON
[09:54:00] : 측정요구3 OFF
[09:54:00] : end pos sig3 :50.000000 - 50.000000
[09:54:00] : 측정요구4 ON
[09:54:09] : 측정요구4 OFF
[09:54:09] : end pos sig4 :-50.000000 - -50.000000
[09:54:09] : 11,20181214-095410,AL18071945431,CF 18112010281,OK,MAX,1, ,AUTO,0.50,7.00,1.64,OK,0.50,7.00,1.02,OK,0.50,7.00,1.41,OK,0.50,7.00,1.83,OK,
[09:54:28] : Cycle start ON
[09:54:30] : Cycle start OFF
[09:54:36] : REQUEST MEAS. ON
[09:54:45] : REQUEST MEAS. OFF
[09:54:45] : end pos sig1 :50.000000 - 50.000000
[09:54:45] : 측정요구 ON 2
[09:54:55] : 측정요구 2OFF
[09:54:55] : end pos sig2 :-50.000000 - -50.000000
[09:54:58] : 측정요구3 ON
[09:55:07] : 측정요구3 OFF
[09:55:07] : end pos sig3 :50.000000 - 50.000000
[09:55:08] : 측정요구4 ON
[09:55:17] : 측정요구4 OFF
[09:55:17] : end pos sig4 :-50.000000 - -50.000000
[09:55:17] : 11,20181214-095518,AL18071945621,CF 18112010281,OK,MAX,1, ,AUTO,0.50,7.00,1.44,OK,0.50,7.00,0.90,OK,0.50,7.00,1.64,OK,0.50,7.00,1.26,OK,
[09:56:10] : Cycle start ON
[09:56:12] : Cycle start OFF
[09:56:18] : REQUEST MEAS. ON
[09:56:27] : REQUEST MEAS. OFF
[09:56:27] : end pos sig1 :50.000000 - 50.000000
[09:56:27] : 측정요구 ON 2
[09:56:36] : 측정요구 2OFF
[09:56:36] : end pos sig2 :-50.000000 - -50.000000
[09:56:39] : 측정요구3 ON
[09:56:48] : 측정요구3 OFF
[09:56:48] : end pos sig3 :50.000000 - 50.000000
[09:56:48] : 측정요구4 ON
[09:56:58] : 측정요구4 OFF
[09:56:58] : end pos sig4 :-50.000000 - -50.000000
[09:56:58] : 11,20181214-095659,AL18071945721,CF 18112010281,OK,MAX,1, ,AUTO,0.50,7.00,1.52,OK,0.50,7.00,0.58,OK,0.50,7.00,1.35,OK,0.50,7.00,0.87,OK,
[09:57:17] : Cycle start ON
[09:57:19] : Cycle start OFF
[09:57:25] : REQUEST MEAS. ON
[09:57:34] : REQUEST MEAS. OFF
[09:57:34] : end pos sig1 :50.000000 - 50.000000
[09:57:35] : 측정요구 ON 2
[09:57:44] : 측정요구 2OFF
[09:57:44] : end pos sig2 :-50.000000 - -50.000000
[09:57:48] : 측정요구3 ON
[09:57:57] : 측정요구3 OFF
[09:57:57] : end pos sig3 :50.000000 - 50.000000
[09:57:57] : 측정요구4 ON
[09:58:07] : 측정요구4 OFF
[09:58:07] : end pos sig4 :-50.000000 - -50.000000
[09:58:07] : 11,20181214-095807,AL18071946781,CF 18112010281,OK,MAX,1, ,AUTO,0.50,7.00,1.55,OK,0.50,7.00,0.92,OK,0.50,7.00,1.50,OK,0.50,7.00,1.63,OK,
[10:00:37] : AUTO RUNNING OFF
[10:04:28] : MEAS ESC ON
[10:08:29] : MEAS ESC OFF
[10:09:48] : MEAS ESC ON
[10:11:31] : MEAS ESC OFF
[10:11:35] : MEAS ESC ON
[10:15:55] : MEAS ESC OFF
[10:18:48] : MEAS ESC ON
[10:18:51] : MEAS ESC OFF
[10:18:51] : AUTO RUNNING ON
[10:19:41] : Cycle start ON
[10:19:43] : Cycle start OFF
[10:19:49] : REQUEST MEAS. ON
[10:19:58] : REQUEST MEAS. OFF
[10:19:58] : end pos sig1 :50.000000 - 50.000000
[10:19:58] : 측정요구 ON 2
[10:20:08] : 측정요구 2OFF
[10:20:08] : end pos sig2 :-50.000000 - -50.000000
[10:20:11] : 측정요구3 ON
[10:20:19] : AUTO RUNNING OFF
[10:20:19] : 측정요구3 OFF
[10:20:19] : end pos sig3 :33.650000 - 33.640000
[10:22:39] : MEAS ESC ON
[10:22:39] : MEAS ESC OFF
[10:22:39] : AUTO RUNNING ON
[10:22:39] : 측정요구3 ON
[10:22:40] : 측정요구3 OFF
[10:22:40] : end pos sig3 :50.000000 - 50.000000
[10:22:40] : 측정요구4 ON
[10:22:49] : 측정요구4 OFF
[10:22:49] : end pos sig4 :-50.000000 - -50.000000
[10:22:49] : 11,20181214-102250,AL18071945041,CF 18112010281,NG,MAX,1, ,AUTO,0.50,7.00,1.35,OK,0.50,7.00,0.70,NG,0.50,7.00,1.76,OK,0.50,7.00,1.86,NG,
[10:23:48] : Cycle start ON
[10:28:22] : Cycle start OFF
[10:28:28] : REQUEST MEAS. ON
[10:28:37] : REQUEST MEAS. OFF
[10:28:37] : end pos sig1 :50.000000 - 50.000000
[10:28:37] : 측정요구 ON 2
[10:28:47] : 측정요구 2OFF
[10:28:47] : end pos sig2 :-50.000000 - -50.000000
[10:28:50] : 측정요구3 ON
[10:28:59] : 측정요구3 OFF
[10:28:59] : end pos sig3 :50.000000 - 50.000000
[10:29:00] : 측정요구4 ON
[10:29:09] : 측정요구4 OFF
[10:29:09] : end pos sig4 :-50.000000 - -50.000000
[10:29:09] : 11,20181214-102910,AL18071946731,CF 18112010281,NG,MAX,1, ,AUTO,0.50,7.00,1.36,OK,0.50,7.00,0.65,OK,0.50,7.00,0.72,OK,0.50,7.00,0.48,NG,
[10:31:59] : AUTO RUNNING OFF
[10:35:46] : MEAS ESC ON
[10:35:48] : MEAS ESC OFF
[10:46:30] : MEAS ESC ON
[10:46:31] : MEAS ESC OFF
[10:46:31] : AUTO RUNNING ON
[10:47:14] : Cycle start ON
[10:47:16] : Cycle start OFF
[10:47:22] : REQUEST MEAS. ON
[10:47:31] : REQUEST MEAS. OFF
[10:47:31] : end pos sig1 :50.000000 - 50.000000
[10:47:31] : 측정요구 ON 2
[10:47:40] : 측정요구 2OFF
[10:47:40] : end pos sig2 :-50.000000 - -50.000000
[10:47:44] : 측정요구3 ON
[10:47:53] : 측정요구3 OFF
[10:47:53] : end pos sig3 :50.000000 - 50.000000
[10:47:54] : 측정요구4 ON
[10:48:03] : 측정요구4 OFF
[10:48:03] : end pos sig4 :-50.000000 - -50.000000
[10:48:03] : 11,20181214-104803,AL18071945411,CF 18112010281,OK,MAX,1, ,AUTO,0.50,7.00,2.26,OK,0.50,7.00,1.57,OK,0.50,7.00,2.85,OK,0.50,7.00,1.32,OK,
[10:51:53] : AUTO RUNNING OFF
[10:51:58] : MEAS ESC ON
[10:52:02] : MEAS ESC OFF
[10:52:02] : AUTO RUNNING ON
[10:52:39] : Cycle start ON
[10:52:41] : Cycle start OFF
[10:52:47] : REQUEST MEAS. ON
[10:52:56] : REQUEST MEAS. OFF
[10:52:56] : end pos sig1 :50.000000 - 50.000000
[10:52:56] : 측정요구 ON 2
[10:53:06] : 측정요구 2OFF
[10:53:06] : end pos sig2 :-50.000000 - -50.000000
[10:53:09] : 측정요구3 ON
[10:53:18] : 측정요구3 OFF
[10:53:18] : end pos sig3 :50.000000 - 50.000000
[10:53:19] : 측정요구4 ON
[10:53:28] : 측정요구4 OFF
[10:53:28] : end pos sig4 :-50.000000 - -50.000000
[10:53:28] : 11,20181214-105329,AL18071946721,CF 18112010281,OK,MAX,1, ,AUTO,0.50,7.00,3.09,OK,0.50,7.00,2.84,OK,0.50,7.00,1.54,OK,0.50,7.00,1.06,OK,
[10:56:34] : AUTO RUNNING OFF
[10:56:34] : MEAS ESC ON
[10:56:35] : MEAS ESC OFF
[10:56:35] : AUTO RUNNING ON
[10:56:50] : Cycle start ON
[10:56:51] : Cycle start OFF
[10:56:58] : REQUEST MEAS. ON
[10:57:07] : REQUEST MEAS. OFF
[10:57:07] : end pos sig1 :50.000000 - 50.000000
[10:57:07] : 측정요구 ON 2
[10:57:17] : 측정요구 2OFF
[10:57:17] : end pos sig2 :-50.000000 - -50.000000
[10:57:20] : 측정요구3 ON
[10:57:29] : 측정요구3 OFF
[10:57:29] : end pos sig3 :50.000000 - 50.000000
[10:57:30] : 측정요구4 ON
[10:57:39] : 측정요구4 OFF
[10:57:39] : end pos sig4 :-50.000000 - -50.000000
[10:57:39] : 11,20181214-105740,AL18071945331,CF 18112010281,OK,MAX,1, ,AUTO,0.50,7.00,2.28,OK,0.50,7.00,0.94,OK,0.50,7.00,1.86,OK,0.50,7.00,2.30,OK,
[11:03:08] : AUTO RUNNING OFF
[11:09:25] : MEAS ESC ON
[11:25:53] : MEAS ESC OFF
[11:26:08] : PROGRAM END
 
[11:31:00] : PROGRAM START
[11:31:03] : AUTO RUNNING OFF
[11:31:03] : REQUEST MEAS. OFF
[11:31:03] : end pos sig1 :0.000000 - 0.000000
[11:31:03] : end pos sig2 :0.000000 - 0.000000
[11:31:03] : end pos sig3 :0.000000 - 0.000000
[11:31:03] : REQUEST ZEROSET OFF
[11:31:03] : REQUEST ZEROSET OFF
[11:31:03] : end pos sig4 :0.000000 - 0.000000
[11:32:00] : PROGRAM END
 
[11:32:07] : PROGRAM START
[11:32:09] : AUTO RUNNING OFF
[11:32:09] : REQUEST MEAS. OFF
[11:32:09] : end pos sig1 :50.000000 - 50.000000
[11:32:09] : end pos sig2 :50.000000 - 50.000000
[11:32:09] : end pos sig3 :50.000000 - 50.000000
[11:32:09] : REQUEST ZEROSET OFF
[11:32:09] : REQUEST ZEROSET OFF
[11:32:09] : end pos sig4 :50.000000 - 50.000000
[11:34:03] : PROGRAM END
 
[11:40:55] : PROGRAM START
[11:40:57] : AUTO RUNNING OFF
[11:40:57] : REQUEST MEAS. OFF
[11:40:57] : end pos sig1 :50.000000 - 50.000000
[11:40:57] : end pos sig2 :50.000000 - 50.000000
[11:40:57] : end pos sig3 :50.000000 - 50.000000
[11:40:57] : REQUEST ZEROSET OFF
[11:40:57] : REQUEST ZEROSET OFF
[11:40:57] : end pos sig4 :50.000000 - 50.000000
 
[12:43:10] : MEAS ESC ON
[12:43:14] : MEAS ESC OFF
[12:43:14] : AUTO RUNNING ON
[12:43:18] : AUTO RUNNING OFF
[12:43:43] : MEAS ESC ON
[12:43:45] : MEAS ESC OFF
[12:43:46] : MEAS ESC ON
[12:43:56] : MEAS ESC OFF
[12:44:08] : AUTO RUNNING ON
[12:44:13] : MEAS ESC ON
[12:44:13] : AUTO RUNNING OFF
[12:44:22] : MEAS ESC OFF
[12:44:32] : MEAS ESC ON
[12:44:33] : MEAS ESC OFF
[12:44:34] : MEAS ESC ON
[12:44:35] : MEAS ESC OFF
[12:45:55] : MEAS ESC ON
[12:45:56] : MEAS ESC OFF
[12:46:17] : MEAS ESC ON
[12:46:18] : MEAS ESC OFF
[13:18:13] : MEAS ESC ON
[13:19:15] : MEAS ESC OFF
[13:20:18] : MEAS ESC ON
[13:20:18] : MEAS ESC OFF
[13:20:18] : AUTO RUNNING ON
[13:20:38] : Cycle start ON
[13:20:40] : Cycle start OFF
[13:20:46] : REQUEST MEAS. ON
[13:20:55] : REQUEST MEAS. OFF
[13:20:55] : end pos sig1 :50.000000 - 50.000000
[13:20:55] : 측정요구 ON 2
[13:21:04] : 측정요구 2OFF
[13:21:04] : end pos sig2 :-50.000000 - -50.000000
[13:21:08] : 측정요구3 ON
[13:21:14] : AUTO RUNNING OFF
[13:21:14] : 측정요구3 OFF
[13:21:14] : end pos sig3 :9.750000 - 9.740000
[13:21:18] : MEAS ESC ON
[13:21:19] : MEAS ESC OFF
[13:21:19] : AUTO RUNNING ON
[13:21:19] : 측정요구3 ON
[13:21:20] : 측정요구3 OFF
[13:21:20] : end pos sig3 :50.000000 - 50.000000
[13:21:20] : 측정요구4 ON
[13:21:29] : 측정요구4 OFF
[13:21:29] : end pos sig4 :-50.000000 - -50.000000
[13:21:29] : 11,20181214-132130,AL18121450956,CF 18112010281,NG,MAX,1, ,AUTO,0.50,7.00,2.38,OK,0.50,7.00,1.32,NG,0.50,7.00,1.16,OK,0.50,7.00,1.27,NG,
[13:21:52] : Cycle start ON
[13:21:54] : Cycle start OFF
[13:22:00] : REQUEST MEAS. ON
[13:22:09] : REQUEST MEAS. OFF
[13:22:09] : end pos sig1 :50.000000 - 50.000000
[13:22:09] : 측정요구 ON 2
[13:22:18] : 측정요구 2OFF
[13:22:18] : end pos sig2 :-50.000000 - -50.000000
[13:22:22] : 측정요구3 ON
[13:22:31] : 측정요구3 OFF
[13:22:31] : end pos sig3 :50.000000 - 50.000000
[13:22:31] : 측정요구4 ON
[13:22:41] : 측정요구4 OFF
[13:22:41] : end pos sig4 :-50.000000 - -50.000000
[13:22:41] : 11,20181214-132241,AL18121450936,CF 18112010281,OK,MAX,1, ,AUTO,0.50,7.00,3.56,OK,0.50,7.00,2.17,OK,0.50,7.00,2.17,OK,0.50,7.00,1.54,OK,
[13:25:21] : Cycle start ON
[13:25:23] : Cycle start OFF
[13:25:29] : REQUEST MEAS. ON
[13:25:38] : REQUEST MEAS. OFF
[13:25:38] : end pos sig1 :50.000000 - 50.000000
[13:25:38] : 측정요구 ON 2
[13:25:47] : 측정요구 2OFF
[13:25:47] : end pos sig2 :-50.000000 - -50.000000
[13:25:50] : 측정요구3 ON
[13:25:59] : 측정요구3 OFF
[13:25:59] : end pos sig3 :50.000000 - 50.000000
[13:25:59] : 측정요구4 ON
[13:26:09] : 측정요구4 OFF
[13:26:09] : end pos sig4 :-50.000000 - -50.000000
[13:26:09] : 11,20181214-132610,AL18121450926,CF 18112010281,OK,MAX,1, ,AUTO,0.50,7.00,2.02,OK,0.50,7.00,1.24,OK,0.50,7.00,2.87,OK,0.50,7.00,1.88,OK,
[13:26:28] : Cycle start ON
[13:26:30] : Cycle start OFF
[13:26:36] : REQUEST MEAS. ON
[13:26:45] : REQUEST MEAS. OFF
[13:26:45] : end pos sig1 :50.000000 - 50.000000
[13:26:45] : 측정요구 ON 2
[13:26:55] : 측정요구 2OFF
[13:26:55] : end pos sig2 :-50.000000 - -50.000000
[13:26:58] : 측정요구3 ON
[13:27:04] : AUTO RUNNING OFF
[13:27:04] : 측정요구3 OFF
[13:27:04] : end pos sig3 :17.730000 - 17.730000
[13:49:58] : MEAS ESC ON
[13:49:58] : MEAS ESC OFF
[13:49:58] : AUTO RUNNING ON
[13:49:58] : 측정요구3 ON
[13:49:59] : 측정요구3 OFF
[13:49:59] : end pos sig3 :50.000000 - 50.000000
[13:49:59] : 측정요구4 ON
[13:50:09] : 측정요구4 OFF
[13:50:09] : end pos sig4 :-50.000000 - -50.000000
[13:50:09] : 11,20181214-135009,AL18121451006,CF 18112010281,NG,MAX,1, ,AUTO,0.50,7.00,2.53,OK,0.50,7.00,1.16,NG,0.50,7.00,2.49,OK,0.50,7.00,3.61,NG,
[13:50:37] : Cycle start ON
[13:50:41] : Cycle start OFF
[13:50:47] : REQUEST MEAS. ON
[13:50:56] : REQUEST MEAS. OFF
[13:50:56] : end pos sig1 :50.000000 - 50.000000
[13:50:56] : 측정요구 ON 2
[13:51:05] : 측정요구 2OFF
[13:51:05] : end pos sig2 :-50.000000 - -50.000000
[13:51:09] : 측정요구3 ON
[13:51:18] : 측정요구3 OFF
[13:51:18] : end pos sig3 :50.000000 - 50.000000
[13:51:18] : 측정요구4 ON
[13:51:28] : 측정요구4 OFF
[13:51:28] : end pos sig4 :-50.000000 - -50.000000
[13:51:28] : 11,20181214-135128,AL18121450986,CF 18112010281,OK,MAX,1, ,AUTO,0.50,7.00,2.09,OK,0.50,7.00,1.72,OK,0.50,7.00,1.26,OK,0.50,7.00,1.29,OK,
[13:51:47] : Cycle start ON
[13:51:49] : Cycle start OFF
[13:51:55] : REQUEST MEAS. ON
[13:52:04] : REQUEST MEAS. OFF
[13:52:04] : end pos sig1 :50.000000 - 50.000000
[13:52:04] : 측정요구 ON 2
[13:52:14] : 측정요구 2OFF
[13:52:14] : end pos sig2 :-50.000000 - -50.000000
[13:52:17] : 측정요구3 ON
[13:52:26] : 측정요구3 OFF
[13:52:26] : end pos sig3 :50.000000 - 50.000000
[13:52:27] : 측정요구4 ON
[13:52:36] : 측정요구4 OFF
[13:52:36] : end pos sig4 :-50.000000 - -50.000000
[13:52:36] : 11,20181214-135237,AL18121450966,CF 18112010281,OK,MAX,1, ,AUTO,0.50,7.00,2.62,OK,0.50,7.00,1.22,OK,0.50,7.00,2.71,OK,0.50,7.00,1.39,OK,
[13:53:09] : Cycle start ON
[13:53:19] : Cycle start OFF
[13:53:25] : REQUEST MEAS. ON
[13:53:34] : REQUEST MEAS. OFF
[13:53:34] : end pos sig1 :50.000000 - 50.000000
[13:53:34] : 측정요구 ON 2
[13:53:43] : 측정요구 2OFF
[13:53:43] : end pos sig2 :-50.000000 - -50.000000
[13:53:47] : 측정요구3 ON
[13:53:56] : 측정요구3 OFF
[13:53:56] : end pos sig3 :50.000000 - 50.000000
[13:53:56] : 측정요구4 ON
[13:54:06] : 측정요구4 OFF
[13:54:06] : end pos sig4 :-50.000000 - -50.000000
[13:54:06] : 11,20181214-135406,AL18121450826,CF 18112010281,OK,MAX,1, ,AUTO,0.50,7.00,1.92,OK,0.50,7.00,1.30,OK,0.50,7.00,2.53,OK,0.50,7.00,3.06,OK,
[13:54:44] : Cycle start ON
[13:54:46] : Cycle start OFF
[13:54:52] : REQUEST MEAS. ON
[13:55:01] : REQUEST MEAS. OFF
[13:55:01] : end pos sig1 :50.000000 - 50.000000
[13:55:01] : 측정요구 ON 2
[13:55:11] : 측정요구 2OFF
[13:55:11] : end pos sig2 :-50.000000 - -50.000000
[13:55:15] : 측정요구3 ON
[13:55:24] : AUTO RUNNING OFF
[13:55:24] : 측정요구3 OFF
[13:55:24] : end pos sig3 :43.710000 - 43.700000
[13:55:49] : MEAS ESC ON
[13:55:49] : MEAS ESC OFF
[13:55:49] : AUTO RUNNING ON
[13:55:49] : 측정요구3 ON
[13:55:50] : 측정요구3 OFF
[13:55:50] : end pos sig3 :50.000000 - 50.000000
[13:55:50] : 측정요구4 ON
[13:55:59] : 측정요구4 OFF
[13:55:59] : end pos sig4 :-50.000000 - -50.000000
[13:55:59] : 11,20181214-135600,AL18121450846,CF 18112010281,NG,MAX,1, ,AUTO,0.50,7.00,2.36,OK,0.50,7.00,1.58,NG,0.50,7.00,3.01,OK,0.50,7.00,2.93,NG,
[13:57:35] : AUTO RUNNING OFF
[13:57:48] : MEAS ESC ON
[13:57:48] : MEAS ESC OFF
[13:57:48] : AUTO RUNNING ON
[13:58:13] : Cycle start ON
[13:58:15] : Cycle start OFF
[13:58:21] : REQUEST MEAS. ON
[13:58:30] : REQUEST MEAS. OFF
[13:58:30] : end pos sig1 :50.000000 - 50.000000
[13:58:31] : 측정요구 ON 2
[13:58:40] : 측정요구 2OFF
[13:58:40] : end pos sig2 :-50.000000 - -50.000000
[13:58:43] : 측정요구3 ON
[13:58:53] : 측정요구3 OFF
[13:58:53] : end pos sig3 :50.000000 - 50.000000
[13:58:53] : 측정요구4 ON
[13:59:02] : 측정요구4 OFF
[13:59:02] : end pos sig4 :-50.000000 - -50.000000
[13:59:02] : 11,20181214-135903,AL18121450856,CF 18112010281,OK,MAX,1, ,AUTO,0.50,7.00,1.97,OK,0.50,7.00,1.38,OK,0.50,7.00,3.06,OK,0.50,7.00,1.26,OK,
[13:59:28] : Cycle start ON
[13:59:30] : Cycle start OFF
[13:59:36] : REQUEST MEAS. ON
[13:59:45] : REQUEST MEAS. OFF
[13:59:45] : end pos sig1 :50.000000 - 50.000000
[13:59:45] : 측정요구 ON 2
[13:59:55] : 측정요구 2OFF
[13:59:55] : end pos sig2 :-50.000000 - -50.000000
[13:59:59] : 측정요구3 ON
[14:00:09] : 측정요구3 OFF
[14:00:09] : end pos sig3 :50.000000 - 50.000000
[14:00:09] : 측정요구4 ON
[14:00:18] : 측정요구4 OFF
[14:00:18] : end pos sig4 :-50.000000 - -50.000000
[14:00:18] : 11,20181214-140018,AL18121450876,CF 18112010281,OK,MAX,1, ,AUTO,0.50,7.00,2.17,OK,0.50,7.00,1.09,OK,0.50,7.00,2.29,OK,0.50,7.00,0.71,OK,
[14:00:36] : Cycle start ON
[14:00:38] : Cycle start OFF
[14:00:44] : REQUEST MEAS. ON
[14:00:53] : REQUEST MEAS. OFF
[14:00:53] : end pos sig1 :50.000000 - 50.000000
[14:00:53] : 측정요구 ON 2
[14:01:03] : 측정요구 2OFF
[14:01:03] : end pos sig2 :-50.000000 - -50.000000
[14:01:05] : AUTO RUNNING OFF
[14:01:25] : MEAS ESC ON
[14:02:55] : MEAS ESC OFF
[14:02:55] : AUTO RUNNING ON
[14:02:56] : 측정요구3 ON
[14:03:05] : 측정요구3 OFF
[14:03:05] : end pos sig3 :50.000000 - 50.000000
[14:03:05] : 측정요구4 ON
[14:03:15] : 측정요구4 OFF
[14:03:15] : end pos sig4 :-50.000000 - -50.000000
[14:03:15] : 11,20181214-140316,AL18121450896,CF 18112010281,OK,MAX,1, ,AUTO,0.50,7.00,2.49,OK,0.50,7.00,1.57,OK,0.50,7.00,3.37,OK,0.50,7.00,1.23,OK,
[14:05:24] : AUTO RUNNING OFF
[14:05:37] : MEAS ESC ON
[14:06:42] : MEAS ESC OFF
[14:06:52] : MEAS ESC ON
[14:06:53] : MEAS ESC OFF
[14:06:53] : AUTO RUNNING ON
[14:14:42] : AUTO RUNNING OFF
[14:14:43] : MEAS ESC ON
[14:14:43] : MEAS ESC OFF
[14:14:43] : AUTO RUNNING ON
[14:15:58] : AUTO RUNNING OFF
[14:16:18] : MEAS ESC ON
[14:16:19] : MEAS ESC OFF
[14:16:19] : AUTO RUNNING ON
[14:28:58] : AUTO RUNNING OFF
[18:49:05] : MEAS ESC ON
[18:49:05] : MEAS ESC OFF
[18:49:05] : AUTO RUNNING ON
[18:49:10] : AUTO RUNNING OFF
[18:49:15] : MEAS ESC ON
[18:49:15] : MEAS ESC OFF
[18:49:15] : AUTO RUNNING ON
[18:50:28] : Cycle start ON
[18:50:30] : Cycle start OFF
[18:50:36] : REQUEST MEAS. ON
[18:50:45] : REQUEST MEAS. OFF
[18:50:45] : end pos sig1 :50.000000 - 50.000000
[18:50:45] : 측정요구 ON 2
[18:50:55] : 측정요구 2OFF
[18:50:55] : end pos sig2 :-50.000000 - -50.000000
[18:50:59] : 측정요구3 ON
[18:51:08] : 측정요구3 OFF
[18:51:08] : end pos sig3 :50.000000 - 50.000000
[18:51:09] : 측정요구4 ON
[18:51:18] : 측정요구4 OFF
[18:51:18] : end pos sig4 :-50.000000 - -50.000000
[18:51:18] : 11,20181214-185118,AL18121450746,CF 18112010281,OK,MAX,1, ,AUTO,0.50,7.00,3.06,OK,0.50,7.00,1.08,OK,0.50,7.00,1.83,OK,0.50,7.00,2.25,OK,
[18:51:36] : Cycle start ON
[18:51:37] : Cycle start OFF
[18:51:43] : REQUEST MEAS. ON
[18:51:53] : REQUEST MEAS. OFF
[18:51:53] : end pos sig1 :50.000000 - 50.000000
[18:51:53] : 측정요구 ON 2
[18:52:02] : 측정요구 2OFF
[18:52:02] : end pos sig2 :-50.000000 - -50.000000
[18:52:06] : 측정요구3 ON
[18:52:15] : 측정요구3 OFF
[18:52:15] : end pos sig3 :50.000000 - 50.000000
[18:52:16] : 측정요구4 ON
[18:52:25] : 측정요구4 OFF
[18:52:25] : end pos sig4 :-50.000000 - -50.000000
[18:52:25] : 11,20181214-185225,AL18121450726,CF 18112010281,OK,MAX,1, ,AUTO,0.50,7.00,3.13,OK,0.50,7.00,2.02,OK,0.50,7.00,1.11,OK,0.50,7.00,2.80,OK,
[18:52:44] : Cycle start ON
[18:52:46] : Cycle start OFF
[18:52:52] : REQUEST MEAS. ON
[18:53:01] : REQUEST MEAS. OFF
[18:53:01] : end pos sig1 :50.000000 - 50.000000
[18:53:01] : 측정요구 ON 2
[18:53:11] : 측정요구 2OFF
[18:53:11] : end pos sig2 :-50.000000 - -50.000000
[18:53:15] : 측정요구3 ON
[18:53:24] : 측정요구3 OFF
[18:53:24] : end pos sig3 :50.000000 - 50.000000
[18:53:25] : 측정요구4 ON
[18:53:34] : 측정요구4 OFF
[18:53:34] : end pos sig4 :-50.000000 - -50.000000
[18:53:34] : 11,20181214-185334,AL18121450706,CF 18112010281,OK,MAX,1, ,AUTO,0.50,7.00,3.36,OK,0.50,7.00,0.96,OK,0.50,7.00,2.42,OK,0.50,7.00,2.38,OK,
[18:53:58] : Cycle start ON
[18:54:00] : Cycle start OFF
[18:54:08] : REQUEST MEAS. ON
[18:54:17] : REQUEST MEAS. OFF
[18:54:17] : end pos sig1 :50.000000 - 50.000000
[18:54:17] : 측정요구 ON 2
[18:54:27] : 측정요구 2OFF
[18:54:27] : end pos sig2 :-50.000000 - -50.000000
[18:54:30] : 측정요구3 ON
[18:54:40] : 측정요구3 OFF
[18:54:40] : end pos sig3 :50.000000 - 50.000000
[18:54:40] : 측정요구4 ON
[18:54:49] : 측정요구4 OFF
[18:54:49] : end pos sig4 :-50.000000 - -50.000000
[18:54:49] : 11,20181214-185450,AL18121450796,CF 18112010281,OK,MAX,1, ,AUTO,0.50,7.00,3.19,OK,0.50,7.00,2.16,OK,0.50,7.00,2.27,OK,0.50,7.00,3.41,OK,
[18:55:08] : Cycle start ON
[18:55:10] : Cycle start OFF
[18:55:16] : REQUEST MEAS. ON
[18:55:25] : REQUEST MEAS. OFF
[18:55:25] : end pos sig1 :50.000000 - 50.000000
[18:55:25] : 측정요구 ON 2
[18:55:35] : 측정요구 2OFF
[18:55:35] : end pos sig2 :-50.000000 - -50.000000
[18:55:38] : 측정요구3 ON
[18:55:47] : 측정요구3 OFF
[18:55:47] : end pos sig3 :50.000000 - 50.000000
[18:55:48] : 측정요구4 ON
[18:55:57] : 측정요구4 OFF
[18:55:57] : end pos sig4 :-50.000000 - -50.000000
[18:55:57] : 11,20181214-185558,AL18121450776,CF 18112010281,OK,MAX,1, ,AUTO,0.50,7.00,1.82,OK,0.50,7.00,1.79,OK,0.50,7.00,2.18,OK,0.50,7.00,1.23,OK,
[18:56:47] : AUTO RUNNING OFF
[18:58:15] : MEAS ESC ON
[18:58:17] : MEAS ESC OFF
[18:58:17] : AUTO RUNNING ON
[18:58:32] : Cycle start ON
[18:58:34] : Cycle start OFF
[18:58:40] : REQUEST MEAS. ON
[18:58:49] : REQUEST MEAS. OFF
[18:58:49] : end pos sig1 :50.000000 - 50.000000
[18:58:50] : 측정요구 ON 2
[18:58:59] : 측정요구 2OFF
[18:58:59] : end pos sig2 :-50.000000 - -50.000000
[18:59:02] : 측정요구3 ON
[18:59:07] : AUTO RUNNING OFF
[18:59:07] : 측정요구3 OFF
[18:59:07] : end pos sig3 :0.130000 - 0.120000
[19:00:35] : MEAS ESC ON
[19:00:36] : MEAS ESC OFF
[19:00:36] : AUTO RUNNING ON
[19:00:36] : 측정요구3 ON
[19:00:37] : 측정요구3 OFF
[19:00:37] : end pos sig3 :50.000000 - 50.000000
[19:00:37] : 측정요구4 ON
[19:00:46] : 측정요구4 OFF
[19:00:46] : end pos sig4 :-50.000000 - -50.000000
[19:00:46] : 11,20181214-190047,AL18121450766,CF 18112010281,NG,MAX,1, ,AUTO,0.50,7.00,1.99,OK,0.50,7.00,1.11,NG,0.50,7.00,2.30,OK,0.50,7.00,2.24,NG,
[19:02:22] : Cycle start ON
[19:02:24] : Cycle start OFF
[19:02:30] : REQUEST MEAS. ON
[19:02:39] : REQUEST MEAS. OFF
[19:02:39] : end pos sig1 :50.000000 - 50.000000
[19:02:39] : 측정요구 ON 2
[19:02:48] : 측정요구 2OFF
[19:02:48] : end pos sig2 :-50.000000 - -50.000000
[19:02:52] : 측정요구3 ON
[19:03:01] : 측정요구3 OFF
[19:03:01] : end pos sig3 :50.000000 - 50.000000
[19:03:02] : 측정요구4 ON
[19:03:11] : 측정요구4 OFF
[19:03:11] : end pos sig4 :-50.000000 - -50.000000
[19:03:11] : 11,20181214-190311,AL18121450756,CF 18112010281,OK,MAX,1, ,AUTO,0.50,7.00,1.93,OK,0.50,7.00,2.16,OK,0.50,7.00,2.22,OK,0.50,7.00,1.86,OK,
[19:15:03] : Cycle start ON
[19:15:04] : Cycle start OFF
[19:16:43] : REQUEST MEAS. ON
[19:16:52] : REQUEST MEAS. OFF
[19:16:52] : end pos sig1 :50.000000 - 50.000000
[19:16:52] : 측정요구 ON 2
[19:17:02] : 측정요구 2OFF
[19:17:02] : end pos sig2 :-50.000000 - -50.000000
[19:17:06] : 측정요구3 ON
[19:17:15] : 측정요구3 OFF
[19:17:15] : end pos sig3 :50.000000 - 50.000000
[19:17:15] : 측정요구4 ON
[19:17:25] : 측정요구4 OFF
[19:17:25] : end pos sig4 :-50.000000 - -50.000000
[19:17:25] : 11,20181214-191725,AL18121450426,CF 18112010281,OK,MAX,1, ,AUTO,0.50,7.00,1.97,OK,0.50,7.00,1.05,OK,0.50,7.00,2.66,OK,0.50,7.00,2.81,OK,
[19:17:44] : Cycle start ON
[19:17:46] : Cycle start OFF
[19:17:52] : REQUEST MEAS. ON
[19:18:01] : REQUEST MEAS. OFF
[19:18:01] : end pos sig1 :50.000000 - 50.000000
[19:18:01] : 측정요구 ON 2
[19:18:11] : 측정요구 2OFF
[19:18:11] : end pos sig2 :-50.000000 - -50.000000
[19:18:14] : 측정요구3 ON
[19:18:23] : 측정요구3 OFF
[19:18:23] : end pos sig3 :50.000000 - 50.000000
[19:18:23] : 측정요구4 ON
[19:18:33] : 측정요구4 OFF
[19:18:33] : end pos sig4 :-50.000000 - -50.000000
[19:18:33] : 11,20181214-191834,AL18121450846,CF 18112010281,OK,MAX,1, ,AUTO,0.50,7.00,2.05,OK,0.50,7.00,1.46,OK,0.50,7.00,2.95,OK,0.50,7.00,3.06,OK,
[19:19:29] : Cycle start ON
[19:19:30] : Cycle start OFF
[19:19:37] : REQUEST MEAS. ON
[19:19:46] : REQUEST MEAS. OFF
[19:19:46] : end pos sig1 :50.000000 - 50.000000
[19:19:46] : 측정요구 ON 2
[19:19:56] : 측정요구 2OFF
[19:19:56] : end pos sig2 :-50.000000 - -50.000000
[19:19:59] : 측정요구3 ON
[19:20:08] : 측정요구3 OFF
[19:20:08] : end pos sig3 :50.000000 - 50.000000
[19:20:09] : 측정요구4 ON
[19:20:18] : 측정요구4 OFF
[19:20:18] : end pos sig4 :-50.000000 - -50.000000
[19:20:18] : 11,20181214-192018,AL18121450906,CF 18112010281,OK,MAX,1, ,AUTO,0.50,7.00,1.92,OK,0.50,7.00,1.30,OK,0.50,7.00,1.99,OK,0.50,7.00,1.25,OK,
[19:20:37] : Cycle start ON
[19:20:39] : Cycle start OFF
[19:20:45] : REQUEST MEAS. ON
[19:20:54] : REQUEST MEAS. OFF
[19:20:54] : end pos sig1 :50.000000 - 50.000000
[19:20:54] : 측정요구 ON 2
[19:21:04] : 측정요구 2OFF
[19:21:04] : end pos sig2 :-50.000000 - -50.000000
[19:21:08] : 측정요구3 ON
[19:21:17] : 측정요구3 OFF
[19:21:17] : end pos sig3 :50.000000 - 50.000000
[19:21:18] : 측정요구4 ON
[19:21:27] : 측정요구4 OFF
[19:21:27] : end pos sig4 :-50.000000 - -50.000000
[19:21:27] : 11,20181214-192127,AL18121450496,CF 18112010281,OK,MAX,1, ,AUTO,0.50,7.00,1.85,OK,0.50,7.00,1.39,OK,0.50,7.00,2.39,OK,0.50,7.00,1.31,OK,
[19:21:46] : Cycle start ON
[19:21:48] : Cycle start OFF
[19:21:54] : REQUEST MEAS. ON
[19:22:03] : REQUEST MEAS. OFF
[19:22:03] : end pos sig1 :50.000000 - 50.000000
[19:22:03] : 측정요구 ON 2
[19:22:12] : AUTO RUNNING OFF
[19:22:12] : 측정요구 2OFF
[19:22:12] : end pos sig2 :-50.000000 - -50.000000
[19:23:13] : MEAS ESC ON
[19:23:13] : MEAS ESC OFF
[19:23:13] : AUTO RUNNING ON
[19:23:13] : 측정요구 ON 2
[19:23:14] : 측정요구 2OFF
[19:23:14] : end pos sig2 :-50.000000 - -50.000000
[19:23:17] : 측정요구3 ON
[19:23:22] : AUTO RUNNING OFF
[19:23:22] : 측정요구3 OFF
[19:23:22] : end pos sig3 :7.660000 - 7.640000
[19:25:58] : MEAS ESC ON
[19:25:59] : MEAS ESC OFF
[19:25:59] : AUTO RUNNING ON
[19:25:59] : 측정요구3 ON
[19:26:00] : 측정요구3 OFF
[19:26:00] : end pos sig3 :50.000000 - 50.000000
[19:26:00] : 측정요구4 ON
[19:26:09] : 측정요구4 OFF
[19:26:09] : end pos sig4 :-50.000000 - -50.000000
[19:26:09] : 11,20181214-192610,AL18121450466,CF 18112010281,NG,MAX,1, ,AUTO,0.50,7.00,2.46,NG,0.50,7.00,1.52,NG,0.50,7.00,2.79,NG,0.50,7.00,2.56,NG,
[19:26:31] : AUTO RUNNING OFF
[19:28:22] : MEAS ESC ON
[19:28:22] : MEAS ESC OFF
[19:28:22] : AUTO RUNNING ON
[19:28:51] : AUTO RUNNING OFF
[19:28:57] : MEAS ESC ON
[19:28:57] : MEAS ESC OFF
[19:28:57] : AUTO RUNNING ON
[19:29:27] : Cycle start ON
[19:29:29] : Cycle start OFF
[19:29:35] : REQUEST MEAS. ON
[19:29:44] : REQUEST MEAS. OFF
[19:29:44] : end pos sig1 :50.000000 - 50.000000
[19:29:44] : 측정요구 ON 2
[19:29:53] : 측정요구 2OFF
[19:29:53] : end pos sig2 :-50.000000 - -50.000000
[19:29:57] : 측정요구3 ON
[19:30:07] : 측정요구3 OFF
[19:30:07] : end pos sig3 :50.000000 - 50.000000
[19:30:07] : 측정요구4 ON
[19:30:16] : 측정요구4 OFF
[19:30:16] : end pos sig4 :-50.000000 - -50.000000
[19:30:16] : 11,20181214-193017,AL18121450456,CF 18112010281,OK,MAX,1, ,AUTO,0.50,7.00,2.25,OK,0.50,7.00,1.23,OK,0.50,7.00,2.42,OK,0.50,7.00,3.35,OK,
[19:30:36] : Cycle start ON
[19:30:38] : Cycle start OFF
[19:30:44] : REQUEST MEAS. ON
[19:30:53] : REQUEST MEAS. OFF
[19:30:53] : end pos sig1 :50.000000 - 50.000000
[19:30:53] : 측정요구 ON 2
[19:31:02] : 측정요구 2OFF
[19:31:02] : end pos sig2 :-50.000000 - -50.000000
[19:31:06] : 측정요구3 ON
[19:31:15] : 측정요구3 OFF
[19:31:15] : end pos sig3 :50.000000 - 50.000000
[19:31:15] : 측정요구4 ON
[19:31:25] : 측정요구4 OFF
[19:31:25] : end pos sig4 :-50.000000 - -50.000000
[19:31:25] : 11,20181214-193125,AL18121450546,CF 18112010281,OK,MAX,1, ,AUTO,0.50,7.00,2.31,OK,0.50,7.00,1.35,OK,0.50,7.00,2.10,OK,0.50,7.00,3.62,OK,
[19:31:43] : Cycle start ON
[19:31:45] : Cycle start OFF
[19:31:51] : REQUEST MEAS. ON
[19:32:00] : REQUEST MEAS. OFF
[19:32:00] : end pos sig1 :50.000000 - 50.000000
[19:32:00] : 측정요구 ON 2
[19:32:09] : 측정요구 2OFF
[19:32:09] : end pos sig2 :-50.000000 - -50.000000
[19:32:13] : 측정요구3 ON
[19:32:22] : 측정요구3 OFF
[19:32:22] : end pos sig3 :50.000000 - 50.000000
[19:32:22] : 측정요구4 ON
[19:32:32] : 측정요구4 OFF
[19:32:32] : end pos sig4 :-50.000000 - -50.000000
[19:32:32] : 11,20181214-193232,AL18121450526,CF 18112010281,OK,MAX,1, ,AUTO,0.50,7.00,2.55,OK,0.50,7.00,1.52,OK,0.50,7.00,2.44,OK,0.50,7.00,3.29,OK,
[19:33:32] : Cycle start ON
[19:33:34] : Cycle start OFF
[19:33:40] : REQUEST MEAS. ON
[19:33:49] : REQUEST MEAS. OFF
[19:33:49] : end pos sig1 :50.000000 - 50.000000
[19:33:49] : 측정요구 ON 2
[19:33:59] : 측정요구 2OFF
[19:33:59] : end pos sig2 :-50.000000 - -50.000000
[19:34:03] : 측정요구3 ON
[19:34:12] : 측정요구3 OFF
[19:34:12] : end pos sig3 :50.000000 - 50.000000
[19:34:13] : 측정요구4 ON
[19:34:22] : 측정요구4 OFF
[19:34:22] : end pos sig4 :-50.000000 - -50.000000
[19:34:22] : 11,20181214-193422,AL18121450516,CF 18112010281,OK,MAX,1, ,AUTO,0.50,7.00,3.14,OK,0.50,7.00,1.29,OK,0.50,7.00,3.02,OK,0.50,7.00,1.80,OK,
[19:52:22] : AUTO RUNNING OFF
[19:57:04] : MEAS ESC ON
[19:57:05] : MEAS ESC OFF
[19:57:05] : AUTO RUNNING ON
[19:57:18] : Cycle start ON
[19:57:20] : Cycle start OFF
[19:57:26] : REQUEST MEAS. ON
[19:57:35] : REQUEST MEAS. OFF
[19:57:35] : end pos sig1 :50.000000 - 50.000000
[19:57:35] : 측정요구 ON 2
[19:57:45] : 측정요구 2OFF
[19:57:45] : end pos sig2 :-50.000000 - -50.000000
[19:57:48] : 측정요구3 ON
[19:57:58] : 측정요구3 OFF
[19:57:58] : end pos sig3 :50.000000 - 50.000000
[19:57:58] : 측정요구4 ON
[19:58:08] : 측정요구4 OFF
[19:58:08] : end pos sig4 :-50.000000 - -50.000000
[19:58:08] : 11,20181214-195808,AL18121450596,CF 18112010281,OK,MAX,1, ,AUTO,0.50,7.00,1.94,OK,0.50,7.00,1.00,OK,0.50,7.00,2.33,OK,0.50,7.00,1.92,OK,
[20:04:58] : AUTO RUNNING OFF
 
