[00:13:13] : Cycle start ON
[00:13:13] : Cycle start OFF
[00:13:19] : REQUEST MEAS. ON
[00:13:28] : REQUEST MEAS. OFF
[00:13:28] : end pos sig1 :50.000000 - 50.000000
[00:13:28] : 측정요구 ON 2
[00:13:38] : 측정요구 2OFF
[00:13:38] : end pos sig2 :0.000000 - -50.000000
[00:13:44] : 측정요구3 ON
[00:13:53] : 측정요구3 OFF
[00:13:53] : end pos sig3 :50.000000 - 50.000000
[00:13:53] : 측정요구4 ON
[00:14:02] : 측정요구4 OFF
[00:14:02] : end pos sig4 :-50.000000 - -50.000000
[00:15:42] : Cycle start ON
[00:15:42] : Cycle start OFF
[00:15:47] : REQUEST MEAS. ON
[00:15:57] : REQUEST MEAS. OFF
[00:15:57] : end pos sig1 :50.000000 - 50.000000
[00:15:57] : 측정요구 ON 2
[00:16:06] : 측정요구 2OFF
[00:16:06] : end pos sig2 :0.000000 - -50.000000
[00:16:12] : 측정요구3 ON
[00:16:21] : 측정요구3 OFF
[00:16:21] : end pos sig3 :50.000000 - 50.000000
[00:16:21] : 측정요구4 ON
[00:16:30] : 측정요구4 OFF
[00:16:30] : end pos sig4 :-50.000000 - -50.000000
[00:17:10] : Cycle start ON
[00:17:11] : Cycle start OFF
[00:17:16] : REQUEST MEAS. ON
[00:17:25] : REQUEST MEAS. OFF
[00:17:25] : end pos sig1 :50.000000 - 50.000000
[00:17:25] : 측정요구 ON 2
[00:17:35] : 측정요구 2OFF
[00:17:35] : end pos sig2 :-47.460000 - -47.350000
[00:17:40] : 측정요구3 ON
[00:17:49] : 측정요구3 OFF
[00:17:49] : end pos sig3 :50.000000 - 50.000000
[00:17:49] : 측정요구4 ON
[00:17:59] : 측정요구4 OFF
[00:17:59] : end pos sig4 :-50.000000 - -50.000000
[00:21:05] : Cycle start ON
[00:21:06] : Cycle start OFF
[00:21:11] : REQUEST MEAS. ON
[00:21:20] : REQUEST MEAS. OFF
[00:21:20] : end pos sig1 :50.000000 - 50.000000
[00:21:20] : 측정요구 ON 2
[00:21:30] : 측정요구 2OFF
[00:21:30] : end pos sig2 :-50.000000 - -50.000000
[00:21:35] : 측정요구3 ON
[00:21:44] : 측정요구3 OFF
[00:21:44] : end pos sig3 :50.000000 - 50.000000
[00:21:44] : 측정요구4 ON
[00:21:54] : 측정요구4 OFF
[00:21:54] : end pos sig4 :-50.000000 - -50.000000
[00:22:27] : Cycle start ON
[00:22:27] : Cycle start OFF
[00:22:33] : REQUEST MEAS. ON
[00:22:42] : REQUEST MEAS. OFF
[00:22:42] : end pos sig1 :50.000000 - 50.000000
[00:22:42] : 측정요구 ON 2
[00:22:52] : 측정요구 2OFF
[00:22:52] : end pos sig2 :-50.000000 - -50.000000
[00:22:57] : 측정요구3 ON
[00:23:06] : 측정요구3 OFF
[00:23:06] : end pos sig3 :50.000000 - 50.000000
[00:23:06] : 측정요구4 ON
[00:23:16] : 측정요구4 OFF
[00:23:16] : end pos sig4 :-50.000000 - -50.000000
[00:28:16] : Cycle start ON
[00:28:16] : Cycle start OFF
[00:28:22] : REQUEST MEAS. ON
[00:28:31] : REQUEST MEAS. OFF
[00:28:31] : end pos sig1 :50.000000 - 50.000000
[00:28:31] : 측정요구 ON 2
[00:28:41] : 측정요구 2OFF
[00:28:41] : end pos sig2 :-50.000000 - -50.000000
[00:28:46] : 측정요구3 ON
[00:28:55] : 측정요구3 OFF
[00:28:55] : end pos sig3 :50.000000 - 50.000000
[00:28:55] : 측정요구4 ON
[00:29:05] : 측정요구4 OFF
[00:29:05] : end pos sig4 :-50.000000 - -50.000000
[00:29:45] : Cycle start ON
[00:29:45] : Cycle start OFF
[00:29:51] : REQUEST MEAS. ON
[00:30:00] : REQUEST MEAS. OFF
[00:30:00] : end pos sig1 :50.000000 - 50.000000
[00:30:00] : 측정요구 ON 2
[00:30:10] : 측정요구 2OFF
[00:30:10] : end pos sig2 :-50.000000 - -50.000000
[00:30:15] : 측정요구3 ON
[00:30:24] : 측정요구3 OFF
[00:30:24] : end pos sig3 :50.000000 - 50.000000
[00:30:24] : 측정요구4 ON
[00:30:34] : 측정요구4 OFF
[00:30:34] : end pos sig4 :-50.000000 - -50.000000
[00:30:42] : Cycle start ON
[00:30:42] : Cycle start OFF
[00:30:48] : REQUEST MEAS. ON
[00:30:57] : REQUEST MEAS. OFF
[00:30:57] : end pos sig1 :50.000000 - 50.000000
[00:30:57] : 측정요구 ON 2
[00:31:06] : 측정요구 2OFF
[00:31:06] : end pos sig2 :-50.000000 - -50.000000
[00:31:12] : 측정요구3 ON
[00:31:21] : 측정요구3 OFF
[00:31:21] : end pos sig3 :50.000000 - 50.000000
[00:31:21] : 측정요구4 ON
[00:31:30] : 측정요구4 OFF
[00:31:30] : end pos sig4 :-50.000000 - -50.000000
[00:31:43] : Cycle start ON
[00:31:44] : Cycle start OFF
[00:31:49] : REQUEST MEAS. ON
[00:31:58] : REQUEST MEAS. OFF
[00:31:58] : end pos sig1 :50.000000 - 50.000000
[00:31:58] : 측정요구 ON 2
[00:32:08] : 측정요구 2OFF
[00:32:08] : end pos sig2 :-50.000000 - -50.000000
[00:32:13] : 측정요구3 ON
[00:32:22] : 측정요구3 OFF
[00:32:22] : end pos sig3 :50.000000 - 50.000000
[00:32:22] : 측정요구4 ON
[00:32:32] : 측정요구4 OFF
[00:32:32] : end pos sig4 :-50.000000 - -50.000000
[09:20:24] : Cycle start ON
[09:20:25] : Cycle start OFF
[09:20:30] : REQUEST MEAS. ON
[09:20:39] : REQUEST MEAS. OFF
[09:20:39] : end pos sig1 :50.000000 - 50.000000
[09:20:39] : 측정요구 ON 2
[09:20:49] : 측정요구 2OFF
[09:20:49] : end pos sig2 :-50.000000 - -50.000000
[09:20:54] : 측정요구3 ON
[09:21:03] : 측정요구3 OFF
[09:21:03] : end pos sig3 :50.000000 - 50.000000
[09:21:03] : 측정요구4 ON
[09:21:13] : 측정요구4 OFF
[09:21:13] : end pos sig4 :-50.000000 - -50.000000
[09:29:25] : Cycle start ON
[09:29:25] : Cycle start OFF
[09:29:30] : REQUEST MEAS. ON
[09:29:39] : REQUEST MEAS. OFF
[09:29:39] : end pos sig1 :50.000000 - 50.000000
[09:29:40] : 측정요구 ON 2
[09:29:49] : 측정요구 2OFF
[09:29:49] : end pos sig2 :-50.000000 - -50.000000
[09:29:55] : 측정요구3 ON
[09:30:04] : 측정요구3 OFF
[09:30:04] : end pos sig3 :50.000000 - 50.000000
[09:30:04] : 측정요구4 ON
[09:30:13] : 측정요구4 OFF
[09:30:13] : end pos sig4 :-50.000000 - -50.000000
[09:30:43] : Cycle start ON
[09:30:44] : Cycle start OFF
[09:30:49] : REQUEST MEAS. ON
[09:30:58] : REQUEST MEAS. OFF
[09:30:58] : end pos sig1 :50.000000 - 50.000000
[09:30:58] : 측정요구 ON 2
[09:31:07] : 측정요구 2OFF
[09:31:07] : end pos sig2 :-50.000000 - -50.000000
[09:31:13] : 측정요구3 ON
[09:31:22] : 측정요구3 OFF
[09:31:22] : end pos sig3 :50.000000 - 50.000000
[09:31:22] : 측정요구4 ON
[09:31:31] : 측정요구4 OFF
[09:31:31] : end pos sig4 :-50.000000 - -50.000000
[09:31:40] : Cycle start ON
[09:31:41] : Cycle start OFF
[09:31:46] : REQUEST MEAS. ON
[09:31:55] : REQUEST MEAS. OFF
[09:31:55] : end pos sig1 :50.000000 - 50.000000
[09:31:55] : 측정요구 ON 2
[09:32:04] : 측정요구 2OFF
[09:32:04] : end pos sig2 :-50.000000 - -50.000000
[09:32:10] : 측정요구3 ON
[09:32:19] : 측정요구3 OFF
[09:32:19] : end pos sig3 :50.000000 - 50.000000
[09:32:19] : 측정요구4 ON
[09:32:28] : 측정요구4 OFF
[09:32:28] : end pos sig4 :-50.000000 - -50.000000
[09:43:41] : Cycle start ON
[09:43:41] : Cycle start OFF
[09:43:46] : REQUEST MEAS. ON
[09:43:55] : REQUEST MEAS. OFF
[09:43:55] : end pos sig1 :50.000000 - 50.000000
[09:43:56] : 측정요구 ON 2
[09:44:05] : 측정요구 2OFF
[09:44:05] : end pos sig2 :-50.000000 - -50.000000
[09:44:11] : 측정요구3 ON
[09:44:20] : 측정요구3 OFF
[09:44:20] : end pos sig3 :50.000000 - 50.000000
[09:44:20] : 측정요구4 ON
[09:44:29] : 측정요구4 OFF
[09:44:29] : end pos sig4 :-50.000000 - -50.000000
[09:44:34] : Cycle start ON
[09:44:35] : Cycle start OFF
[09:44:40] : REQUEST MEAS. ON
[09:44:49] : REQUEST MEAS. OFF
[09:44:49] : end pos sig1 :50.000000 - 50.000000
[09:44:49] : 측정요구 ON 2
[09:44:59] : 측정요구 2OFF
[09:44:59] : end pos sig2 :-50.000000 - -50.000000
[09:45:05] : 측정요구3 ON
[09:45:14] : 측정요구3 OFF
[09:45:14] : end pos sig3 :50.000000 - 50.000000
[09:45:14] : 측정요구4 ON
[09:45:23] : 측정요구4 OFF
[09:45:23] : end pos sig4 :-50.000000 - -50.000000
[09:45:29] : Cycle start ON
[09:45:30] : Cycle start OFF
[09:45:35] : REQUEST MEAS. ON
[09:45:44] : REQUEST MEAS. OFF
[09:45:44] : end pos sig1 :50.000000 - 50.000000
[09:45:44] : 측정요구 ON 2
[09:45:53] : 측정요구 2OFF
[09:45:53] : end pos sig2 :-50.000000 - -50.000000
[09:45:59] : 측정요구3 ON
[09:46:08] : 측정요구3 OFF
[09:46:08] : end pos sig3 :50.000000 - 50.000000
[09:46:08] : 측정요구4 ON
[09:46:17] : 측정요구4 OFF
[09:46:17] : end pos sig4 :-50.000000 - -50.000000
[09:46:23] : Cycle start ON
[09:46:24] : Cycle start OFF
[09:46:29] : REQUEST MEAS. ON
[09:46:38] : REQUEST MEAS. OFF
[09:46:38] : end pos sig1 :50.000000 - 50.000000
[09:46:38] : 측정요구 ON 2
[09:46:47] : 측정요구 2OFF
[09:46:47] : end pos sig2 :-50.000000 - -50.000000
[09:46:53] : 측정요구3 ON
[09:47:02] : 측정요구3 OFF
[09:47:02] : end pos sig3 :50.000000 - 50.000000
[09:47:02] : 측정요구4 ON
[09:47:11] : 측정요구4 OFF
[09:47:11] : end pos sig4 :-50.000000 - -50.000000
[09:47:17] : Cycle start ON
[09:47:18] : Cycle start OFF
[09:47:23] : REQUEST MEAS. ON
[09:47:32] : REQUEST MEAS. OFF
[09:47:32] : end pos sig1 :50.000000 - 50.000000
[09:47:32] : 측정요구 ON 2
[09:47:42] : 측정요구 2OFF
[09:47:42] : end pos sig2 :-50.000000 - -50.000000
[09:47:47] : 측정요구3 ON
[09:47:56] : 측정요구3 OFF
[09:47:56] : end pos sig3 :50.000000 - 50.000000
[09:47:56] : 측정요구4 ON
[09:48:06] : 측정요구4 OFF
[09:48:06] : end pos sig4 :-50.000000 - -50.000000
[09:48:11] : Cycle start ON
[09:48:12] : Cycle start OFF
[09:48:17] : REQUEST MEAS. ON
[09:48:26] : REQUEST MEAS. OFF
[09:48:26] : end pos sig1 :50.000000 - 50.000000
[09:48:26] : 측정요구 ON 2
[09:48:36] : 측정요구 2OFF
[09:48:36] : end pos sig2 :-50.000000 - -50.000000
[09:48:41] : 측정요구3 ON
[09:48:50] : 측정요구3 OFF
[09:48:50] : end pos sig3 :50.000000 - 50.000000
[09:48:50] : 측정요구4 ON
[09:49:00] : 측정요구4 OFF
[09:49:00] : end pos sig4 :-50.000000 - -50.000000
[09:49:05] : Cycle start ON
[09:49:06] : Cycle start OFF
[09:49:11] : REQUEST MEAS. ON
[09:49:20] : REQUEST MEAS. OFF
[09:49:20] : end pos sig1 :50.000000 - 50.000000
[09:49:20] : 측정요구 ON 2
[09:49:30] : 측정요구 2OFF
[09:49:30] : end pos sig2 :-50.000000 - -50.000000
[09:49:35] : 측정요구3 ON
[09:49:44] : 측정요구3 OFF
[09:49:44] : end pos sig3 :50.000000 - 50.000000
[09:49:44] : 측정요구4 ON
[09:49:54] : 측정요구4 OFF
[09:49:54] : end pos sig4 :-50.000000 - -50.000000
[09:50:00] : Cycle start ON
[09:50:01] : Cycle start OFF
[09:50:06] : REQUEST MEAS. ON
[09:50:15] : REQUEST MEAS. OFF
[09:50:15] : end pos sig1 :50.000000 - 50.000000
[09:50:15] : 측정요구 ON 2
[09:50:24] : 측정요구 2OFF
[09:50:24] : end pos sig2 :-50.000000 - -50.000000
[09:50:30] : 측정요구3 ON
[09:50:39] : 측정요구3 OFF
[09:50:39] : end pos sig3 :50.000000 - 50.000000
[09:50:39] : 측정요구4 ON
[09:50:48] : 측정요구4 OFF
[09:50:48] : end pos sig4 :-50.000000 - -50.000000
[09:50:54] : Cycle start ON
[09:50:55] : Cycle start OFF
[09:51:00] : REQUEST MEAS. ON
[09:51:09] : REQUEST MEAS. OFF
[09:51:09] : end pos sig1 :50.000000 - 50.000000
[09:51:09] : 측정요구 ON 2
[09:51:18] : 측정요구 2OFF
[09:51:18] : end pos sig2 :-50.000000 - -50.000000
[09:51:24] : 측정요구3 ON
[09:51:33] : 측정요구3 OFF
[09:51:33] : end pos sig3 :50.000000 - 50.000000
[09:51:33] : 측정요구4 ON
[09:51:42] : 측정요구4 OFF
[09:51:42] : end pos sig4 :-50.000000 - -50.000000
[09:51:48] : Cycle start ON
[09:51:49] : Cycle start OFF
[09:51:54] : REQUEST MEAS. ON
[09:52:03] : REQUEST MEAS. OFF
[09:52:03] : end pos sig1 :50.000000 - 50.000000
[09:52:03] : 측정요구 ON 2
[09:52:12] : 측정요구 2OFF
[09:52:12] : end pos sig2 :-50.000000 - -50.000000
[09:52:18] : 측정요구3 ON
[09:52:27] : 측정요구3 OFF
[09:52:27] : end pos sig3 :50.000000 - 50.000000
[09:52:27] : 측정요구4 ON
[09:52:37] : 측정요구4 OFF
[09:52:37] : end pos sig4 :-50.000000 - -50.000000
[09:52:42] : Cycle start ON
[09:52:43] : Cycle start OFF
[09:52:48] : REQUEST MEAS. ON
[09:52:57] : REQUEST MEAS. OFF
[09:52:57] : end pos sig1 :50.000000 - 50.000000
[09:52:57] : 측정요구 ON 2
[09:53:06] : 측정요구 2OFF
[09:53:06] : end pos sig2 :-50.000000 - -50.000000
[09:53:12] : 측정요구3 ON
[09:53:21] : 측정요구3 OFF
[09:53:21] : end pos sig3 :50.000000 - 50.000000
[09:53:21] : 측정요구4 ON
[09:53:30] : 측정요구4 OFF
[09:53:30] : end pos sig4 :-50.000000 - -50.000000
[09:53:36] : Cycle start ON
[09:53:37] : Cycle start OFF
[09:53:42] : REQUEST MEAS. ON
[09:53:51] : REQUEST MEAS. OFF
[09:53:51] : end pos sig1 :50.000000 - 50.000000
[09:53:51] : 측정요구 ON 2
[09:54:01] : 측정요구 2OFF
[09:54:01] : end pos sig2 :-50.000000 - -50.000000
[09:54:06] : 측정요구3 ON
[09:54:15] : 측정요구3 OFF
[09:54:15] : end pos sig3 :50.000000 - 50.000000
[09:54:15] : 측정요구4 ON
[09:54:25] : 측정요구4 OFF
[09:54:25] : end pos sig4 :-50.000000 - -50.000000
[09:54:31] : Cycle start ON
[09:54:32] : Cycle start OFF
[09:54:37] : REQUEST MEAS. ON
[09:54:46] : REQUEST MEAS. OFF
[09:54:46] : end pos sig1 :50.000000 - 50.000000
[09:54:46] : 측정요구 ON 2
[09:54:55] : 측정요구 2OFF
[09:54:55] : end pos sig2 :-50.000000 - -50.000000
[09:55:01] : 측정요구3 ON
[09:55:10] : 측정요구3 OFF
[09:55:10] : end pos sig3 :50.000000 - 50.000000
[09:55:10] : 측정요구4 ON
[09:55:19] : 측정요구4 OFF
[09:55:19] : end pos sig4 :-50.000000 - -50.000000
[09:55:25] : Cycle start ON
[09:55:26] : Cycle start OFF
[09:55:31] : REQUEST MEAS. ON
[09:55:40] : REQUEST MEAS. OFF
[09:55:40] : end pos sig1 :50.000000 - 50.000000
[09:55:40] : 측정요구 ON 2
[09:55:49] : 측정요구 2OFF
[09:55:49] : end pos sig2 :-50.000000 - -50.000000
[09:55:55] : 측정요구3 ON
[09:56:04] : 측정요구3 OFF
[09:56:04] : end pos sig3 :50.000000 - 50.000000
[09:56:04] : 측정요구4 ON
[09:56:13] : 측정요구4 OFF
[09:56:13] : end pos sig4 :-50.000000 - -50.000000
[09:56:19] : Cycle start ON
[09:56:20] : Cycle start OFF
[09:56:25] : REQUEST MEAS. ON
[09:56:34] : REQUEST MEAS. OFF
[09:56:34] : end pos sig1 :50.000000 - 50.000000
[09:56:34] : 측정요구 ON 2
[09:56:44] : 측정요구 2OFF
[09:56:44] : end pos sig2 :-50.000000 - -50.000000
[09:56:49] : 측정요구3 ON
[09:56:58] : 측정요구3 OFF
[09:56:58] : end pos sig3 :50.000000 - 50.000000
[09:56:58] : 측정요구4 ON
[09:57:08] : 측정요구4 OFF
[09:57:08] : end pos sig4 :-50.000000 - -50.000000
[09:57:13] : Cycle start ON
[09:57:14] : Cycle start OFF
[09:57:19] : REQUEST MEAS. ON
[09:57:28] : REQUEST MEAS. OFF
[09:57:28] : end pos sig1 :50.000000 - 50.000000
[09:57:28] : 측정요구 ON 2
[09:57:38] : 측정요구 2OFF
[09:57:38] : end pos sig2 :-50.000000 - -50.000000
[09:57:43] : 측정요구3 ON
[09:57:52] : 측정요구3 OFF
[09:57:52] : end pos sig3 :50.000000 - 50.000000
[09:57:52] : 측정요구4 ON
[09:58:02] : 측정요구4 OFF
[09:58:02] : end pos sig4 :-50.000000 - -50.000000
[09:58:07] : Cycle start ON
[09:58:08] : Cycle start OFF
[09:58:13] : REQUEST MEAS. ON
[09:58:22] : REQUEST MEAS. OFF
[09:58:22] : end pos sig1 :50.000000 - 50.000000
[09:58:22] : 측정요구 ON 2
[09:58:32] : 측정요구 2OFF
[09:58:32] : end pos sig2 :-50.000000 - -50.000000
[09:58:37] : 측정요구3 ON
[09:58:46] : 측정요구3 OFF
[09:58:46] : end pos sig3 :50.000000 - 50.000000
[09:58:46] : 측정요구4 ON
[09:58:56] : 측정요구4 OFF
[09:58:56] : end pos sig4 :-50.000000 - -50.000000
[09:59:01] : Cycle start ON
[09:59:02] : Cycle start OFF
[09:59:07] : REQUEST MEAS. ON
[09:59:16] : REQUEST MEAS. OFF
[09:59:16] : end pos sig1 :50.000000 - 50.000000
[09:59:16] : 측정요구 ON 2
[09:59:26] : 측정요구 2OFF
[09:59:26] : end pos sig2 :-50.000000 - -50.000000
[09:59:31] : 측정요구3 ON
[09:59:40] : 측정요구3 OFF
[09:59:40] : end pos sig3 :50.000000 - 50.000000
[09:59:40] : 측정요구4 ON
[09:59:50] : 측정요구4 OFF
[09:59:50] : end pos sig4 :-50.000000 - -50.000000
[09:59:55] : Cycle start ON
[09:59:56] : Cycle start OFF
[10:00:01] : REQUEST MEAS. ON
[10:00:10] : REQUEST MEAS. OFF
[10:00:10] : end pos sig1 :50.000000 - 50.000000
[10:00:10] : 측정요구 ON 2
[10:00:20] : 측정요구 2OFF
[10:00:20] : end pos sig2 :-50.000000 - -50.000000
[10:00:26] : 측정요구3 ON
[10:00:35] : 측정요구3 OFF
[10:00:35] : end pos sig3 :50.000000 - 50.000000
[10:00:35] : 측정요구4 ON
[10:00:44] : 측정요구4 OFF
[10:00:44] : end pos sig4 :-50.000000 - -50.000000
[10:00:50] : Cycle start ON
[10:00:51] : Cycle start OFF
[10:00:56] : REQUEST MEAS. ON
[10:01:05] : REQUEST MEAS. OFF
[10:01:05] : end pos sig1 :50.000000 - 50.000000
[10:01:05] : 측정요구 ON 2
[10:01:14] : 측정요구 2OFF
[10:01:14] : end pos sig2 :-50.000000 - -50.000000
[10:01:20] : 측정요구3 ON
[10:01:29] : 측정요구3 OFF
[10:01:29] : end pos sig3 :50.000000 - 50.000000
[10:01:29] : 측정요구4 ON
[10:01:38] : 측정요구4 OFF
[10:01:38] : end pos sig4 :-50.000000 - -50.000000
[10:01:44] : Cycle start ON
[10:01:45] : Cycle start OFF
[10:01:50] : REQUEST MEAS. ON
[10:01:59] : REQUEST MEAS. OFF
[10:01:59] : end pos sig1 :50.000000 - 50.000000
[10:01:59] : 측정요구 ON 2
[10:02:09] : 측정요구 2OFF
[10:02:09] : end pos sig2 :-50.000000 - -50.000000
[10:02:14] : 측정요구3 ON
[10:02:23] : 측정요구3 OFF
[10:02:23] : end pos sig3 :50.000000 - 50.000000
[10:02:23] : 측정요구4 ON
[10:02:33] : 측정요구4 OFF
[10:02:33] : end pos sig4 :-50.000000 - -50.000000
[10:02:38] : Cycle start ON
[10:02:39] : Cycle start OFF
[10:02:44] : REQUEST MEAS. ON
[10:02:53] : REQUEST MEAS. OFF
[10:02:53] : end pos sig1 :50.000000 - 50.000000
[10:02:53] : 측정요구 ON 2
[10:03:03] : 측정요구 2OFF
[10:03:03] : end pos sig2 :-50.000000 - -50.000000
[10:03:08] : 측정요구3 ON
[10:03:17] : 측정요구3 OFF
[10:03:17] : end pos sig3 :50.000000 - 50.000000
[10:03:17] : 측정요구4 ON
[10:03:27] : 측정요구4 OFF
[10:03:27] : end pos sig4 :-50.000000 - -50.000000
[10:03:32] : Cycle start ON
[10:03:33] : Cycle start OFF
[10:03:38] : REQUEST MEAS. ON
[10:03:47] : REQUEST MEAS. OFF
[10:03:47] : end pos sig1 :50.000000 - 50.000000
[10:03:47] : 측정요구 ON 2
[10:03:57] : 측정요구 2OFF
[10:03:57] : end pos sig2 :-50.000000 - -50.000000
[10:04:02] : 측정요구3 ON
[10:04:11] : 측정요구3 OFF
[10:04:11] : end pos sig3 :50.000000 - 50.000000
[10:04:11] : 측정요구4 ON
[10:04:21] : 측정요구4 OFF
[10:04:21] : end pos sig4 :-50.000000 - -50.000000
[10:04:26] : Cycle start ON
[10:04:27] : Cycle start OFF
[10:04:32] : REQUEST MEAS. ON
[10:04:41] : REQUEST MEAS. OFF
[10:04:41] : end pos sig1 :50.000000 - 50.000000
[10:04:41] : 측정요구 ON 2
[10:04:51] : 측정요구 2OFF
[10:04:51] : end pos sig2 :-50.000000 - -50.000000
[10:04:56] : 측정요구3 ON
[10:05:05] : 측정요구3 OFF
[10:05:05] : end pos sig3 :50.000000 - 50.000000
[10:05:05] : 측정요구4 ON
[10:05:15] : 측정요구4 OFF
[10:05:15] : end pos sig4 :-50.000000 - -50.000000
[10:05:20] : Cycle start ON
[10:05:21] : Cycle start OFF
[10:05:26] : REQUEST MEAS. ON
[10:05:35] : REQUEST MEAS. OFF
[10:05:35] : end pos sig1 :50.000000 - 50.000000
[10:05:35] : 측정요구 ON 2
[10:05:45] : 측정요구 2OFF
[10:05:45] : end pos sig2 :-48.140000 - -48.070000
[10:05:50] : 측정요구3 ON
[10:05:59] : 측정요구3 OFF
[10:05:59] : end pos sig3 :50.000000 - 50.000000
[10:05:59] : 측정요구4 ON
[10:06:09] : 측정요구4 OFF
[10:06:09] : end pos sig4 :-50.000000 - -50.000000
[10:06:14] : Cycle start ON
[10:06:15] : Cycle start OFF
[10:06:20] : REQUEST MEAS. ON
[10:06:29] : REQUEST MEAS. OFF
[10:06:29] : end pos sig1 :50.000000 - 50.000000
[10:06:29] : 측정요구 ON 2
[10:06:39] : 측정요구 2OFF
[10:06:39] : end pos sig2 :-50.000000 - -50.000000
[10:06:44] : 측정요구3 ON
[10:06:53] : 측정요구3 OFF
[10:06:53] : end pos sig3 :50.000000 - 50.000000
[10:06:53] : 측정요구4 ON
[10:07:02] : 측정요구4 OFF
[10:07:02] : end pos sig4 :-50.000000 - -50.000000
[10:07:08] : Cycle start ON
[10:07:09] : Cycle start OFF
[10:07:14] : REQUEST MEAS. ON
[10:07:23] : REQUEST MEAS. OFF
[10:07:23] : end pos sig1 :50.000000 - 50.000000
[10:07:23] : 측정요구 ON 2
[10:07:33] : 측정요구 2OFF
[10:07:33] : end pos sig2 :-50.000000 - -50.000000
[10:07:38] : 측정요구3 ON
[10:07:47] : 측정요구3 OFF
[10:07:47] : end pos sig3 :50.000000 - 50.000000
[10:07:47] : 측정요구4 ON
[10:07:57] : 측정요구4 OFF
[10:07:57] : end pos sig4 :-50.000000 - -50.000000
[10:08:02] : Cycle start ON
[10:08:03] : Cycle start OFF
[10:08:08] : REQUEST MEAS. ON
[10:08:17] : REQUEST MEAS. OFF
[10:08:17] : end pos sig1 :50.000000 - 50.000000
[10:08:17] : 측정요구 ON 2
[10:08:27] : 측정요구 2OFF
[10:08:27] : end pos sig2 :-50.000000 - -50.000000
[10:08:33] : 측정요구3 ON
[10:08:42] : 측정요구3 OFF
[10:08:42] : end pos sig3 :50.000000 - 50.000000
[10:08:42] : 측정요구4 ON
[10:08:51] : 측정요구4 OFF
[10:08:51] : end pos sig4 :-50.000000 - -50.000000
[10:08:57] : Cycle start ON
[10:08:58] : Cycle start OFF
[10:09:03] : REQUEST MEAS. ON
[10:09:12] : REQUEST MEAS. OFF
[10:09:12] : end pos sig1 :50.000000 - 50.000000
[10:09:12] : 측정요구 ON 2
[10:09:21] : 측정요구 2OFF
[10:09:21] : end pos sig2 :-50.000000 - -50.000000
[10:09:27] : 측정요구3 ON
[10:09:36] : 측정요구3 OFF
[10:09:36] : end pos sig3 :50.000000 - 50.000000
[10:09:36] : 측정요구4 ON
[10:09:46] : 측정요구4 OFF
[10:09:46] : end pos sig4 :-50.000000 - -50.000000
[10:09:51] : Cycle start ON
[10:09:52] : Cycle start OFF
[10:09:57] : REQUEST MEAS. ON
[10:10:06] : REQUEST MEAS. OFF
[10:10:06] : end pos sig1 :50.000000 - 50.000000
[10:10:06] : 측정요구 ON 2
[10:10:16] : 측정요구 2OFF
[10:10:16] : end pos sig2 :-50.000000 - -50.000000
[10:10:21] : 측정요구3 ON
[10:10:30] : 측정요구3 OFF
[10:10:30] : end pos sig3 :50.000000 - 50.000000
[10:10:30] : 측정요구4 ON
[10:10:40] : 측정요구4 OFF
[10:10:40] : end pos sig4 :-50.000000 - -50.000000
[10:41:20] : Cycle start ON
[10:41:21] : Cycle start OFF
[10:41:26] : REQUEST MEAS. ON
[10:41:35] : REQUEST MEAS. OFF
[10:41:35] : end pos sig1 :50.000000 - 50.000000
[10:41:35] : 측정요구 ON 2
[10:41:45] : 측정요구 2OFF
[10:41:45] : end pos sig2 :-50.000000 - -50.000000
[10:41:50] : 측정요구3 ON
[10:41:59] : 측정요구3 OFF
[10:41:59] : end pos sig3 :50.000000 - 50.000000
[10:41:59] : 측정요구4 ON
[10:42:09] : 측정요구4 OFF
[10:42:09] : end pos sig4 :-50.000000 - -50.000000
[10:42:14] : Cycle start ON
[10:42:15] : Cycle start OFF
[10:42:20] : REQUEST MEAS. ON
[10:42:29] : REQUEST MEAS. OFF
[10:42:29] : end pos sig1 :50.000000 - 50.000000
[10:42:29] : 측정요구 ON 2
[10:42:39] : 측정요구 2OFF
[10:42:39] : end pos sig2 :-50.000000 - -50.000000
[10:42:45] : 측정요구3 ON
[10:42:54] : 측정요구3 OFF
[10:42:54] : end pos sig3 :50.000000 - 50.000000
[10:42:54] : 측정요구4 ON
[10:43:03] : 측정요구4 OFF
[10:43:03] : end pos sig4 :-50.000000 - -50.000000
[10:43:09] : Cycle start ON
[10:43:10] : Cycle start OFF
[10:43:15] : REQUEST MEAS. ON
[10:43:24] : REQUEST MEAS. OFF
[10:43:24] : end pos sig1 :50.000000 - 50.000000
[10:43:24] : 측정요구 ON 2
[10:43:33] : 측정요구 2OFF
[10:43:33] : end pos sig2 :-50.000000 - -50.000000
[10:43:39] : 측정요구3 ON
[10:43:48] : 측정요구3 OFF
[10:43:48] : end pos sig3 :50.000000 - 50.000000
[10:43:48] : 측정요구4 ON
[10:43:57] : 측정요구4 OFF
[10:43:57] : end pos sig4 :-50.000000 - -50.000000
[10:44:03] : Cycle start ON
[10:44:04] : Cycle start OFF
[10:44:09] : REQUEST MEAS. ON
[10:44:18] : REQUEST MEAS. OFF
[10:44:18] : end pos sig1 :50.000000 - 50.000000
[10:44:18] : 측정요구 ON 2
[10:44:28] : 측정요구 2OFF
[10:44:28] : end pos sig2 :-50.000000 - -50.000000
[10:44:33] : 측정요구3 ON
[10:44:42] : 측정요구3 OFF
[10:44:42] : end pos sig3 :50.000000 - 50.000000
[10:44:42] : 측정요구4 ON
[10:44:52] : 측정요구4 OFF
[10:44:52] : end pos sig4 :-50.000000 - -50.000000
[10:44:58] : Cycle start ON
[10:44:59] : Cycle start OFF
[10:45:04] : REQUEST MEAS. ON
[10:45:13] : REQUEST MEAS. OFF
[10:45:13] : end pos sig1 :50.000000 - 50.000000
[10:45:13] : 측정요구 ON 2
[10:45:22] : 측정요구 2OFF
[10:45:22] : end pos sig2 :-50.000000 - -50.000000
[10:45:28] : 측정요구3 ON
[10:45:37] : 측정요구3 OFF
[10:45:37] : end pos sig3 :50.000000 - 50.000000
[10:45:37] : 측정요구4 ON
[10:45:46] : 측정요구4 OFF
[10:45:46] : end pos sig4 :-50.000000 - -50.000000
[10:45:52] : Cycle start ON
[10:45:53] : Cycle start OFF
[10:45:58] : REQUEST MEAS. ON
[10:46:07] : REQUEST MEAS. OFF
[10:46:07] : end pos sig1 :50.000000 - 50.000000
[10:46:07] : 측정요구 ON 2
[10:46:16] : 측정요구 2OFF
[10:46:16] : end pos sig2 :-50.000000 - -50.000000
[10:46:22] : 측정요구3 ON
[10:46:31] : 측정요구3 OFF
[10:46:31] : end pos sig3 :50.000000 - 50.000000
[10:46:31] : 측정요구4 ON
[10:46:40] : 측정요구4 OFF
[10:46:40] : end pos sig4 :-50.000000 - -50.000000
[10:46:46] : Cycle start ON
[10:46:47] : Cycle start OFF
[10:46:52] : REQUEST MEAS. ON
[10:47:01] : REQUEST MEAS. OFF
[10:47:01] : end pos sig1 :50.000000 - 50.000000
[10:47:01] : 측정요구 ON 2
[10:47:11] : 측정요구 2OFF
[10:47:11] : end pos sig2 :-50.000000 - -50.000000
[10:47:16] : 측정요구3 ON
[10:47:25] : 측정요구3 OFF
[10:47:25] : end pos sig3 :50.000000 - 50.000000
[10:47:25] : 측정요구4 ON
[10:47:35] : 측정요구4 OFF
[10:47:35] : end pos sig4 :-50.000000 - -50.000000
[10:47:40] : Cycle start ON
[10:47:41] : Cycle start OFF
[10:47:46] : REQUEST MEAS. ON
[10:47:55] : REQUEST MEAS. OFF
[10:47:55] : end pos sig1 :50.000000 - 50.000000
[10:47:55] : 측정요구 ON 2
[10:48:05] : 측정요구 2OFF
[10:48:05] : end pos sig2 :-50.000000 - -50.000000
[10:48:10] : 측정요구3 ON
[10:48:19] : 측정요구3 OFF
[10:48:19] : end pos sig3 :50.000000 - 50.000000
[10:48:19] : 측정요구4 ON
[10:48:29] : 측정요구4 OFF
[10:48:29] : end pos sig4 :-50.000000 - -50.000000
[10:48:34] : Cycle start ON
[10:48:35] : Cycle start OFF
[10:48:40] : REQUEST MEAS. ON
[10:48:49] : REQUEST MEAS. OFF
[10:48:49] : end pos sig1 :50.000000 - 50.000000
[10:48:49] : 측정요구 ON 2
[10:48:59] : 측정요구 2OFF
[10:48:59] : end pos sig2 :-50.000000 - -50.000000
[10:49:04] : 측정요구3 ON
[10:49:13] : 측정요구3 OFF
[10:49:13] : end pos sig3 :50.000000 - 50.000000
[10:49:13] : 측정요구4 ON
[10:49:23] : 측정요구4 OFF
[10:49:23] : end pos sig4 :-50.000000 - -50.000000
[10:49:29] : Cycle start ON
[10:49:30] : Cycle start OFF
[10:49:35] : REQUEST MEAS. ON
[10:49:44] : REQUEST MEAS. OFF
[10:49:44] : end pos sig1 :50.000000 - 50.000000
[10:49:44] : 측정요구 ON 2
[10:49:53] : 측정요구 2OFF
[10:49:53] : end pos sig2 :-50.000000 - -50.000000
[10:49:59] : 측정요구3 ON
[10:50:08] : 측정요구3 OFF
[10:50:08] : end pos sig3 :50.000000 - 50.000000
[10:50:08] : 측정요구4 ON
[10:50:17] : 측정요구4 OFF
[10:50:17] : end pos sig4 :-50.000000 - -50.000000
[10:50:23] : Cycle start ON
[10:50:24] : Cycle start OFF
[10:50:29] : REQUEST MEAS. ON
[10:50:38] : REQUEST MEAS. OFF
[10:50:38] : end pos sig1 :50.000000 - 50.000000
[10:50:38] : 측정요구 ON 2
[10:50:47] : 측정요구 2OFF
[10:50:47] : end pos sig2 :-50.000000 - -50.000000
[10:50:53] : 측정요구3 ON
[10:51:02] : 측정요구3 OFF
[10:51:02] : end pos sig3 :50.000000 - 50.000000
[10:51:02] : 측정요구4 ON
[10:51:11] : 측정요구4 OFF
[10:51:11] : end pos sig4 :-50.000000 - -50.000000
[10:51:17] : Cycle start ON
[10:51:18] : Cycle start OFF
[10:51:23] : REQUEST MEAS. ON
[10:51:32] : REQUEST MEAS. OFF
[10:51:32] : end pos sig1 :50.000000 - 50.000000
[10:51:32] : 측정요구 ON 2
[10:51:42] : 측정요구 2OFF
[10:51:42] : end pos sig2 :-50.000000 - -50.000000
[10:51:47] : 측정요구3 ON
[10:51:56] : 측정요구3 OFF
[10:51:56] : end pos sig3 :50.000000 - 50.000000
[10:51:56] : 측정요구4 ON
[10:52:05] : 측정요구4 OFF
[10:52:05] : end pos sig4 :-50.000000 - -50.000000
[10:52:11] : Cycle start ON
[10:52:12] : Cycle start OFF
[10:52:17] : REQUEST MEAS. ON
[10:52:26] : REQUEST MEAS. OFF
[10:52:26] : end pos sig1 :50.000000 - 50.000000
[10:52:26] : 측정요구 ON 2
[10:52:36] : 측정요구 2OFF
[10:52:36] : end pos sig2 :-49.660000 - -49.660000
[10:52:41] : 측정요구3 ON
[10:52:50] : 측정요구3 OFF
[10:52:50] : end pos sig3 :50.000000 - 50.000000
[10:52:50] : 측정요구4 ON
[10:53:00] : 측정요구4 OFF
[10:53:00] : end pos sig4 :-50.000000 - -50.000000
[10:53:05] : Cycle start ON
[10:53:06] : Cycle start OFF
[10:53:11] : REQUEST MEAS. ON
[10:53:20] : REQUEST MEAS. OFF
[10:53:20] : end pos sig1 :50.000000 - 50.000000
[10:53:20] : 측정요구 ON 2
[10:53:30] : 측정요구 2OFF
[10:53:30] : end pos sig2 :-50.000000 - -50.000000
[10:53:35] : 측정요구3 ON
[10:53:44] : 측정요구3 OFF
[10:53:44] : end pos sig3 :50.000000 - 50.000000
[10:53:44] : 측정요구4 ON
[10:53:54] : 측정요구4 OFF
[10:53:54] : end pos sig4 :-50.000000 - -50.000000
[10:53:59] : Cycle start ON
[10:54:00] : Cycle start OFF
[10:54:05] : REQUEST MEAS. ON
[10:54:14] : REQUEST MEAS. OFF
[10:54:14] : end pos sig1 :50.000000 - 50.000000
[10:54:14] : 측정요구 ON 2
[10:54:24] : 측정요구 2OFF
[10:54:24] : end pos sig2 :-50.000000 - -50.000000
[10:54:29] : 측정요구3 ON
[10:54:38] : 측정요구3 OFF
[10:54:38] : end pos sig3 :50.000000 - 50.000000
[10:54:38] : 측정요구4 ON
[10:54:48] : 측정요구4 OFF
[10:54:48] : end pos sig4 :-50.000000 - -50.000000
[10:54:53] : Cycle start ON
[10:54:54] : Cycle start OFF
[10:54:59] : REQUEST MEAS. ON
[10:55:08] : REQUEST MEAS. OFF
[10:55:08] : end pos sig1 :50.000000 - 50.000000
[10:55:08] : 측정요구 ON 2
[10:55:18] : 측정요구 2OFF
[10:55:18] : end pos sig2 :-50.000000 - -50.000000
[10:55:23] : 측정요구3 ON
[10:55:32] : 측정요구3 OFF
[10:55:32] : end pos sig3 :50.000000 - 50.000000
[10:55:32] : 측정요구4 ON
[10:55:42] : 측정요구4 OFF
[10:55:42] : end pos sig4 :-50.000000 - -50.000000
[10:55:48] : Cycle start ON
[10:55:49] : Cycle start OFF
[10:55:54] : REQUEST MEAS. ON
[10:56:03] : REQUEST MEAS. OFF
[10:56:03] : end pos sig1 :50.000000 - 50.000000
[10:56:03] : 측정요구 ON 2
[10:56:12] : 측정요구 2OFF
[10:56:12] : end pos sig2 :-50.000000 - -50.000000
[10:56:18] : 측정요구3 ON
[10:56:27] : 측정요구3 OFF
[10:56:27] : end pos sig3 :50.000000 - 50.000000
[10:56:27] : 측정요구4 ON
[10:56:36] : 측정요구4 OFF
[10:56:36] : end pos sig4 :-50.000000 - -50.000000
[10:56:42] : Cycle start ON
[10:56:43] : Cycle start OFF
[10:56:48] : REQUEST MEAS. ON
[10:56:57] : REQUEST MEAS. OFF
[10:56:57] : end pos sig1 :50.000000 - 50.000000
[10:56:57] : 측정요구 ON 2
[10:57:06] : 측정요구 2OFF
[10:57:06] : end pos sig2 :-50.000000 - -50.000000
[10:57:12] : 측정요구3 ON
[10:57:21] : 측정요구3 OFF
[10:57:21] : end pos sig3 :50.000000 - 50.000000
[10:57:21] : 측정요구4 ON
[10:57:30] : 측정요구4 OFF
[10:57:30] : end pos sig4 :-50.000000 - -50.000000
[10:57:36] : Cycle start ON
[10:57:37] : Cycle start OFF
[10:57:42] : REQUEST MEAS. ON
[10:57:51] : REQUEST MEAS. OFF
[10:57:51] : end pos sig1 :50.000000 - 50.000000
[10:57:51] : 측정요구 ON 2
[10:58:01] : 측정요구 2OFF
[10:58:01] : end pos sig2 :-50.000000 - -50.000000
[10:58:06] : 측정요구3 ON
[10:58:15] : 측정요구3 OFF
[10:58:15] : end pos sig3 :50.000000 - 50.000000
[10:58:15] : 측정요구4 ON
[10:58:25] : 측정요구4 OFF
[10:58:25] : end pos sig4 :-50.000000 - -50.000000
[10:58:30] : Cycle start ON
[10:58:31] : Cycle start OFF
[10:58:36] : REQUEST MEAS. ON
[10:58:45] : REQUEST MEAS. OFF
[10:58:45] : end pos sig1 :50.000000 - 50.000000
[10:58:45] : 측정요구 ON 2
[10:58:55] : 측정요구 2OFF
[10:58:55] : end pos sig2 :-50.000000 - -50.000000
[10:59:00] : 측정요구3 ON
[10:59:09] : 측정요구3 OFF
[10:59:09] : end pos sig3 :50.000000 - 50.000000
[10:59:09] : 측정요구4 ON
[10:59:19] : 측정요구4 OFF
[10:59:19] : end pos sig4 :-50.000000 - -50.000000
[10:59:24] : Cycle start ON
[10:59:25] : Cycle start OFF
[10:59:30] : REQUEST MEAS. ON
[10:59:39] : REQUEST MEAS. OFF
[10:59:39] : end pos sig1 :50.000000 - 50.000000
[10:59:39] : 측정요구 ON 2
[10:59:49] : 측정요구 2OFF
[10:59:49] : end pos sig2 :-50.000000 - -50.000000
[10:59:55] : 측정요구3 ON
[11:00:04] : 측정요구3 OFF
[11:00:04] : end pos sig3 :50.000000 - 50.000000
[11:00:04] : 측정요구4 ON
[11:00:13] : 측정요구4 OFF
[11:00:13] : end pos sig4 :-50.000000 - -50.000000
[11:00:18] : Cycle start ON
[11:00:19] : Cycle start OFF
[11:00:24] : REQUEST MEAS. ON
[11:00:33] : REQUEST MEAS. OFF
[11:00:33] : end pos sig1 :50.000000 - 50.000000
[11:00:33] : 측정요구 ON 2
[11:00:43] : 측정요구 2OFF
[11:00:43] : end pos sig2 :-50.000000 - -50.000000
[11:00:48] : 측정요구3 ON
[11:00:57] : 측정요구3 OFF
[11:00:57] : end pos sig3 :50.000000 - 50.000000
[11:00:57] : 측정요구4 ON
[11:01:07] : 측정요구4 OFF
[11:01:07] : end pos sig4 :-50.000000 - -50.000000
[11:01:12] : Cycle start ON
[11:01:13] : Cycle start OFF
[11:01:18] : REQUEST MEAS. ON
[11:01:27] : REQUEST MEAS. OFF
[11:01:27] : end pos sig1 :50.000000 - 50.000000
[11:01:27] : 측정요구 ON 2
[11:01:37] : 측정요구 2OFF
[11:01:37] : end pos sig2 :-50.000000 - -50.000000
[11:01:43] : 측정요구3 ON
[11:01:52] : 측정요구3 OFF
[11:01:52] : end pos sig3 :50.000000 - 50.000000
[11:01:52] : 측정요구4 ON
[11:02:01] : 측정요구4 OFF
[11:02:01] : end pos sig4 :-50.000000 - -50.000000
[11:02:07] : Cycle start ON
[11:02:08] : Cycle start OFF
[11:02:13] : REQUEST MEAS. ON
[11:02:22] : REQUEST MEAS. OFF
[11:02:22] : end pos sig1 :50.000000 - 50.000000
[11:02:22] : 측정요구 ON 2
[11:02:31] : 측정요구 2OFF
[11:02:31] : end pos sig2 :-50.000000 - -50.000000
[11:02:37] : 측정요구3 ON
[11:02:46] : 측정요구3 OFF
[11:02:46] : end pos sig3 :50.000000 - 50.000000
[11:02:46] : 측정요구4 ON
[11:02:55] : 측정요구4 OFF
[11:02:55] : end pos sig4 :-50.000000 - -50.000000
[11:03:01] : Cycle start ON
[11:03:02] : Cycle start OFF
[11:03:07] : REQUEST MEAS. ON
[11:03:16] : REQUEST MEAS. OFF
[11:03:16] : end pos sig1 :50.000000 - 50.000000
[11:03:16] : 측정요구 ON 2
[11:03:25] : 측정요구 2OFF
[11:03:25] : end pos sig2 :-50.000000 - -50.000000
[11:03:31] : 측정요구3 ON
[11:03:40] : 측정요구3 OFF
[11:03:40] : end pos sig3 :50.000000 - 50.000000
[11:03:40] : 측정요구4 ON
[11:03:49] : 측정요구4 OFF
[11:03:49] : end pos sig4 :-50.000000 - -50.000000
[11:03:55] : Cycle start ON
[11:03:56] : Cycle start OFF
[11:04:01] : REQUEST MEAS. ON
[11:04:10] : REQUEST MEAS. OFF
[11:04:10] : end pos sig1 :50.000000 - 50.000000
[11:04:10] : 측정요구 ON 2
[11:04:19] : 측정요구 2OFF
[11:04:19] : end pos sig2 :-50.000000 - -50.000000
[11:04:25] : 측정요구3 ON
[11:04:34] : 측정요구3 OFF
[11:04:34] : end pos sig3 :50.000000 - 50.000000
[11:04:34] : 측정요구4 ON
[11:04:43] : 측정요구4 OFF
[11:04:43] : end pos sig4 :-50.000000 - -50.000000
[11:04:49] : Cycle start ON
[11:04:50] : Cycle start OFF
[11:04:55] : REQUEST MEAS. ON
[11:05:04] : REQUEST MEAS. OFF
[11:05:04] : end pos sig1 :50.000000 - 50.000000
[11:05:04] : 측정요구 ON 2
[11:05:14] : 측정요구 2OFF
[11:05:14] : end pos sig2 :-50.000000 - -50.000000
[11:05:19] : 측정요구3 ON
[11:05:28] : 측정요구3 OFF
[11:05:28] : end pos sig3 :50.000000 - 50.000000
[11:05:28] : 측정요구4 ON
[11:05:38] : 측정요구4 OFF
[11:05:38] : end pos sig4 :-50.000000 - -50.000000
[11:05:43] : Cycle start ON
[11:05:44] : Cycle start OFF
[11:05:49] : REQUEST MEAS. ON
[11:05:58] : REQUEST MEAS. OFF
[11:05:58] : end pos sig1 :50.000000 - 50.000000
[11:05:58] : 측정요구 ON 2
[11:06:08] : 측정요구 2OFF
[11:06:08] : end pos sig2 :-50.000000 - -50.000000
[11:06:13] : 측정요구3 ON
[11:06:22] : 측정요구3 OFF
[11:06:22] : end pos sig3 :50.000000 - 50.000000
[11:06:22] : 측정요구4 ON
[11:06:32] : 측정요구4 OFF
[11:06:32] : end pos sig4 :-50.000000 - -50.000000
[11:06:37] : Cycle start ON
[11:06:38] : Cycle start OFF
[11:06:43] : REQUEST MEAS. ON
[11:06:52] : REQUEST MEAS. OFF
[11:06:52] : end pos sig1 :50.000000 - 50.000000
[11:06:52] : 측정요구 ON 2
[11:07:02] : 측정요구 2OFF
[11:07:02] : end pos sig2 :-50.000000 - -50.000000
[11:07:07] : 측정요구3 ON
[11:07:16] : 측정요구3 OFF
[11:07:16] : end pos sig3 :50.000000 - 50.000000
[11:07:16] : 측정요구4 ON
[11:07:26] : 측정요구4 OFF
[11:07:26] : end pos sig4 :-50.000000 - -50.000000
[11:07:31] : Cycle start ON
[11:07:32] : Cycle start OFF
[11:07:37] : REQUEST MEAS. ON
[11:07:46] : REQUEST MEAS. OFF
[11:07:46] : end pos sig1 :50.000000 - 50.000000
[11:07:46] : 측정요구 ON 2
[11:07:56] : 측정요구 2OFF
[11:07:56] : end pos sig2 :-50.000000 - -50.000000
[11:08:02] : 측정요구3 ON
[11:08:11] : 측정요구3 OFF
[11:08:11] : end pos sig3 :50.000000 - 50.000000
[11:08:11] : 측정요구4 ON
[11:08:20] : 측정요구4 OFF
[11:08:20] : end pos sig4 :-50.000000 - -50.000000
[11:43:01] : Cycle start ON
[11:43:02] : Cycle start OFF
[11:43:07] : REQUEST MEAS. ON
[11:43:16] : REQUEST MEAS. OFF
[11:43:16] : end pos sig1 :50.000000 - 50.000000
[11:43:16] : 측정요구 ON 2
[11:43:25] : 측정요구 2OFF
[11:43:25] : end pos sig2 :-50.000000 - -50.000000
[11:43:31] : 측정요구3 ON
[11:43:40] : 측정요구3 OFF
[11:43:40] : end pos sig3 :50.000000 - 50.000000
[11:43:40] : 측정요구4 ON
[11:43:49] : 측정요구4 OFF
[11:43:49] : end pos sig4 :-50.000000 - -50.000000
 
[13:05:47] : Cycle start ON
[13:05:47] : Cycle start OFF
[13:05:53] : REQUEST MEAS. ON
[13:06:02] : REQUEST MEAS. OFF
[13:06:02] : end pos sig1 :50.000000 - 50.000000
[13:06:02] : 측정요구 ON 2
[13:06:11] : 측정요구 2OFF
[13:06:11] : end pos sig2 :-50.000000 - -50.000000
[13:06:16] : 측정요구3 ON
[13:06:25] : 측정요구3 OFF
[13:06:25] : end pos sig3 :50.000000 - 50.000000
[13:06:25] : 측정요구4 ON
[13:06:35] : 측정요구4 OFF
[13:06:35] : end pos sig4 :-50.000000 - -50.000000
[13:06:40] : Cycle start ON
[13:06:41] : Cycle start OFF
[13:06:46] : REQUEST MEAS. ON
[13:06:55] : REQUEST MEAS. OFF
[13:06:55] : end pos sig1 :50.000000 - 50.000000
[13:06:55] : 측정요구 ON 2
[13:07:05] : 측정요구 2OFF
[13:07:05] : end pos sig2 :-50.000000 - -50.000000
[13:07:11] : 측정요구3 ON
[13:07:20] : 측정요구3 OFF
[13:07:20] : end pos sig3 :50.000000 - 50.000000
[13:07:20] : 측정요구4 ON
[13:07:29] : 측정요구4 OFF
[13:07:29] : end pos sig4 :-50.000000 - -50.000000
[13:08:41] : Cycle start ON
[13:08:41] : Cycle start OFF
[13:08:46] : REQUEST MEAS. ON
[13:08:55] : REQUEST MEAS. OFF
[13:08:55] : end pos sig1 :50.000000 - 50.000000
[13:08:56] : 측정요구 ON 2
[13:09:05] : 측정요구 2OFF
[13:09:05] : end pos sig2 :-50.000000 - -50.000000
[13:09:11] : 측정요구3 ON
[13:09:20] : 측정요구3 OFF
[13:09:20] : end pos sig3 :50.000000 - 50.000000
[13:09:20] : 측정요구4 ON
[13:09:29] : 측정요구4 OFF
[13:09:29] : end pos sig4 :-50.000000 - -50.000000
[13:11:24] : Cycle start ON
[13:11:24] : Cycle start OFF
[13:11:30] : REQUEST MEAS. ON
[13:11:39] : REQUEST MEAS. OFF
[13:11:39] : end pos sig1 :50.000000 - 50.000000
[13:11:39] : 측정요구 ON 2
[13:11:48] : 측정요구 2OFF
[13:11:48] : end pos sig2 :-50.000000 - -50.000000
[13:11:54] : 측정요구3 ON
[13:12:03] : 측정요구3 OFF
[13:12:03] : end pos sig3 :50.000000 - 50.000000
[13:12:03] : 측정요구4 ON
[13:12:12] : 측정요구4 OFF
[13:12:12] : end pos sig4 :-50.000000 - -50.000000
[13:15:56] : Cycle start ON
[13:15:57] : Cycle start OFF
[13:16:02] : REQUEST MEAS. ON
[13:16:11] : REQUEST MEAS. OFF
[13:16:11] : end pos sig1 :50.000000 - 50.000000
[13:16:11] : 측정요구 ON 2
[13:16:21] : 측정요구 2OFF
[13:16:21] : end pos sig2 :-50.000000 - -50.000000
[13:16:26] : 측정요구3 ON
[13:16:35] : 측정요구3 OFF
[13:16:35] : end pos sig3 :50.000000 - 50.000000
[13:16:35] : 측정요구4 ON
[13:16:45] : 측정요구4 OFF
[13:16:45] : end pos sig4 :-50.000000 - -50.000000
[13:16:50] : Cycle start ON
[13:16:51] : Cycle start OFF
[13:16:56] : REQUEST MEAS. ON
[13:17:05] : REQUEST MEAS. OFF
[13:17:05] : end pos sig1 :50.000000 - 50.000000
[13:17:05] : 측정요구 ON 2
[13:17:15] : 측정요구 2OFF
[13:17:15] : end pos sig2 :-50.000000 - -50.000000
[13:17:20] : 측정요구3 ON
[13:17:29] : 측정요구3 OFF
[13:17:29] : end pos sig3 :50.000000 - 50.000000
[13:17:29] : 측정요구4 ON
[13:17:39] : 측정요구4 OFF
[13:17:39] : end pos sig4 :-50.000000 - -50.000000
[13:17:44] : Cycle start ON
[13:17:45] : Cycle start OFF
[13:17:50] : REQUEST MEAS. ON
[13:17:59] : REQUEST MEAS. OFF
[13:17:59] : end pos sig1 :50.000000 - 50.000000
[13:17:59] : 측정요구 ON 2
[13:18:09] : 측정요구 2OFF
[13:18:09] : end pos sig2 :-50.000000 - -50.000000
[13:18:14] : 측정요구3 ON
[13:18:23] : 측정요구3 OFF
[13:18:23] : end pos sig3 :50.000000 - 50.000000
[13:18:23] : 측정요구4 ON
[13:18:33] : 측정요구4 OFF
[13:18:33] : end pos sig4 :-50.000000 - -50.000000
[13:18:38] : Cycle start ON
[13:18:39] : Cycle start OFF
[13:18:44] : REQUEST MEAS. ON
[13:18:53] : REQUEST MEAS. OFF
[13:18:53] : end pos sig1 :50.000000 - 50.000000
[13:18:53] : 측정요구 ON 2
[13:19:03] : 측정요구 2OFF
[13:19:03] : end pos sig2 :-50.000000 - -50.000000
[13:19:08] : 측정요구3 ON
[13:19:17] : 측정요구3 OFF
[13:19:17] : end pos sig3 :50.000000 - 50.000000
[13:19:17] : 측정요구4 ON
[13:19:27] : 측정요구4 OFF
[13:19:27] : end pos sig4 :-50.000000 - -50.000000
[13:19:33] : Cycle start ON
[13:19:34] : Cycle start OFF
[13:19:39] : REQUEST MEAS. ON
[13:19:48] : REQUEST MEAS. OFF
[13:19:48] : end pos sig1 :50.000000 - 50.000000
[13:19:48] : 측정요구 ON 2
[13:19:57] : 측정요구 2OFF
[13:19:57] : end pos sig2 :-50.000000 - -50.000000
[13:20:03] : 측정요구3 ON
[13:20:12] : 측정요구3 OFF
[13:20:12] : end pos sig3 :50.000000 - 50.000000
[13:20:12] : 측정요구4 ON
[13:20:21] : 측정요구4 OFF
[13:20:21] : end pos sig4 :-50.000000 - -50.000000
[13:20:27] : Cycle start ON
[13:20:28] : Cycle start OFF
[13:20:33] : REQUEST MEAS. ON
[13:20:42] : REQUEST MEAS. OFF
[13:20:42] : end pos sig1 :50.000000 - 50.000000
[13:20:42] : 측정요구 ON 2
[13:20:52] : 측정요구 2OFF
[13:20:52] : end pos sig2 :-50.000000 - -50.000000
[13:20:57] : 측정요구3 ON
[13:21:06] : 측정요구3 OFF
[13:21:06] : end pos sig3 :50.000000 - 50.000000
[13:21:06] : 측정요구4 ON
[13:21:16] : 측정요구4 OFF
[13:21:16] : end pos sig4 :-50.000000 - -50.000000
[13:21:21] : Cycle start ON
[13:21:22] : Cycle start OFF
[13:21:27] : REQUEST MEAS. ON
[13:21:36] : REQUEST MEAS. OFF
[13:21:36] : end pos sig1 :50.000000 - 50.000000
[13:21:36] : 측정요구 ON 2
[13:21:46] : 측정요구 2OFF
[13:21:46] : end pos sig2 :-50.000000 - -50.000000
[13:21:51] : 측정요구3 ON
[13:22:00] : 측정요구3 OFF
[13:22:00] : end pos sig3 :50.000000 - 50.000000
[13:22:00] : 측정요구4 ON
[13:22:10] : 측정요구4 OFF
[13:22:10] : end pos sig4 :-50.000000 - -50.000000
[13:22:15] : Cycle start ON
[13:22:16] : Cycle start OFF
[13:22:21] : REQUEST MEAS. ON
[13:22:30] : REQUEST MEAS. OFF
[13:22:30] : end pos sig1 :50.000000 - 50.000000
[13:22:30] : 측정요구 ON 2
[13:22:40] : 측정요구 2OFF
[13:22:40] : end pos sig2 :-50.000000 - -50.000000
[13:22:45] : 측정요구3 ON
[13:22:54] : 측정요구3 OFF
[13:22:54] : end pos sig3 :50.000000 - 50.000000
[13:22:54] : 측정요구4 ON
[13:23:04] : 측정요구4 OFF
[13:23:04] : end pos sig4 :-50.000000 - -50.000000
[13:23:09] : Cycle start ON
[13:23:10] : Cycle start OFF
[13:23:15] : REQUEST MEAS. ON
[13:23:24] : REQUEST MEAS. OFF
[13:23:24] : end pos sig1 :50.000000 - 50.000000
[13:23:24] : 측정요구 ON 2
[13:23:34] : 측정요구 2OFF
[13:23:34] : end pos sig2 :-50.000000 - -50.000000
[13:23:39] : 측정요구3 ON
[13:23:48] : 측정요구3 OFF
[13:23:48] : end pos sig3 :50.000000 - 50.000000
[13:23:48] : 측정요구4 ON
[13:23:58] : 측정요구4 OFF
[13:23:58] : end pos sig4 :-50.000000 - -50.000000
[13:24:03] : Cycle start ON
[13:24:04] : Cycle start OFF
[13:24:09] : REQUEST MEAS. ON
[13:24:18] : REQUEST MEAS. OFF
[13:24:18] : end pos sig1 :50.000000 - 50.000000
[13:24:18] : 측정요구 ON 2
[13:24:28] : 측정요구 2OFF
[13:24:28] : end pos sig2 :-50.000000 - -50.000000
[13:24:34] : 측정요구3 ON
[13:24:43] : 측정요구3 OFF
[13:24:43] : end pos sig3 :50.000000 - 50.000000
[13:24:43] : 측정요구4 ON
[13:24:52] : 측정요구4 OFF
[13:24:52] : end pos sig4 :-50.000000 - -50.000000
[13:24:58] : Cycle start ON
[13:24:59] : Cycle start OFF
[13:25:04] : REQUEST MEAS. ON
[13:25:13] : REQUEST MEAS. OFF
[13:25:13] : end pos sig1 :50.000000 - 50.000000
[13:25:13] : 측정요구 ON 2
[13:25:22] : 측정요구 2OFF
[13:25:22] : end pos sig2 :-50.000000 - -50.000000
[13:25:28] : 측정요구3 ON
[13:25:37] : 측정요구3 OFF
[13:25:37] : end pos sig3 :50.000000 - 50.000000
[13:25:37] : 측정요구4 ON
[13:25:46] : 측정요구4 OFF
[13:25:46] : end pos sig4 :-50.000000 - -50.000000
[13:25:52] : Cycle start ON
[13:25:53] : Cycle start OFF
[13:25:58] : REQUEST MEAS. ON
[13:26:07] : REQUEST MEAS. OFF
[13:26:07] : end pos sig1 :50.000000 - 50.000000
[13:26:07] : 측정요구 ON 2
[13:26:16] : 측정요구 2OFF
[13:26:16] : end pos sig2 :-50.000000 - -50.000000
[13:26:22] : 측정요구3 ON
[13:26:31] : 측정요구3 OFF
[13:26:31] : end pos sig3 :50.000000 - 50.000000
[13:26:31] : 측정요구4 ON
[13:26:40] : 측정요구4 OFF
[13:26:40] : end pos sig4 :-50.000000 - -50.000000
[13:26:46] : Cycle start ON
[13:26:47] : Cycle start OFF
[13:26:52] : REQUEST MEAS. ON
[13:27:01] : REQUEST MEAS. OFF
[13:27:01] : end pos sig1 :50.000000 - 50.000000
[13:27:01] : 측정요구 ON 2
[13:27:11] : 측정요구 2OFF
[13:27:11] : end pos sig2 :-50.000000 - -50.000000
[13:27:16] : 측정요구3 ON
[13:27:25] : 측정요구3 OFF
[13:27:25] : end pos sig3 :50.000000 - 50.000000
[13:27:25] : 측정요구4 ON
[13:27:35] : 측정요구4 OFF
[13:27:35] : end pos sig4 :-50.000000 - -50.000000
[13:27:40] : Cycle start ON
[13:27:41] : Cycle start OFF
[13:27:46] : REQUEST MEAS. ON
[13:27:55] : REQUEST MEAS. OFF
[13:27:55] : end pos sig1 :50.000000 - 50.000000
[13:27:55] : 측정요구 ON 2
[13:28:05] : 측정요구 2OFF
[13:28:05] : end pos sig2 :-50.000000 - -50.000000
[13:28:11] : 측정요구3 ON
[13:28:20] : 측정요구3 OFF
[13:28:20] : end pos sig3 :50.000000 - 50.000000
[13:28:20] : 측정요구4 ON
[13:28:29] : 측정요구4 OFF
[13:28:29] : end pos sig4 :-50.000000 - -50.000000
[13:28:35] : Cycle start ON
[13:28:36] : Cycle start OFF
[13:28:41] : REQUEST MEAS. ON
[13:28:50] : REQUEST MEAS. OFF
[13:28:50] : end pos sig1 :50.000000 - 50.000000
[13:28:50] : 측정요구 ON 2
[13:28:59] : 측정요구 2OFF
[13:28:59] : end pos sig2 :-50.000000 - -50.000000
[13:29:05] : 측정요구3 ON
[13:29:14] : 측정요구3 OFF
[13:29:14] : end pos sig3 :50.000000 - 50.000000
[13:29:14] : 측정요구4 ON
[13:29:23] : 측정요구4 OFF
[13:29:23] : end pos sig4 :-50.000000 - -50.000000
[13:29:29] : Cycle start ON
[13:29:30] : Cycle start OFF
[13:29:35] : REQUEST MEAS. ON
[13:29:44] : REQUEST MEAS. OFF
[13:29:44] : end pos sig1 :50.000000 - 50.000000
[13:29:44] : 측정요구 ON 2
[13:29:53] : 측정요구 2OFF
[13:29:53] : end pos sig2 :-50.000000 - -50.000000
[13:29:59] : 측정요구3 ON
[13:30:08] : 측정요구3 OFF
[13:30:08] : end pos sig3 :50.000000 - 50.000000
[13:30:08] : 측정요구4 ON
[13:30:17] : 측정요구4 OFF
[13:30:17] : end pos sig4 :-50.000000 - -50.000000
[13:30:23] : Cycle start ON
[13:30:24] : Cycle start OFF
[13:30:29] : REQUEST MEAS. ON
[13:30:38] : REQUEST MEAS. OFF
[13:30:38] : end pos sig1 :50.000000 - 50.000000
[13:30:38] : 측정요구 ON 2
[13:30:48] : 측정요구 2OFF
[13:30:48] : end pos sig2 :-50.000000 - -50.000000
[13:30:53] : 측정요구3 ON
[13:31:02] : 측정요구3 OFF
[13:31:02] : end pos sig3 :50.000000 - 50.000000
[13:31:02] : 측정요구4 ON
[13:31:11] : 측정요구4 OFF
[13:31:11] : end pos sig4 :-50.000000 - -50.000000
[13:31:17] : Cycle start ON
[13:31:18] : Cycle start OFF
[13:31:23] : REQUEST MEAS. ON
[13:31:32] : REQUEST MEAS. OFF
[13:31:32] : end pos sig1 :50.000000 - 50.000000
[13:31:32] : 측정요구 ON 2
[13:31:42] : 측정요구 2OFF
[13:31:42] : end pos sig2 :-50.000000 - -50.000000
[13:31:47] : 측정요구3 ON
[13:31:56] : 측정요구3 OFF
[13:31:56] : end pos sig3 :50.000000 - 50.000000
[13:31:56] : 측정요구4 ON
[13:32:06] : 측정요구4 OFF
[13:32:06] : end pos sig4 :-50.000000 - -50.000000
[13:32:11] : Cycle start ON
[13:32:12] : Cycle start OFF
[13:32:17] : REQUEST MEAS. ON
[13:32:26] : REQUEST MEAS. OFF
[13:32:26] : end pos sig1 :50.000000 - 50.000000
[13:32:26] : 측정요구 ON 2
[13:32:36] : 측정요구 2OFF
[13:32:36] : end pos sig2 :-50.000000 - -50.000000
[13:32:41] : 측정요구3 ON
[13:32:50] : 측정요구3 OFF
[13:32:50] : end pos sig3 :50.000000 - 50.000000
[13:32:50] : 측정요구4 ON
[13:33:00] : 측정요구4 OFF
[13:33:00] : end pos sig4 :-50.000000 - -50.000000
[13:33:05] : Cycle start ON
[13:33:06] : Cycle start OFF
[13:33:11] : REQUEST MEAS. ON
[13:33:20] : REQUEST MEAS. OFF
[13:33:20] : end pos sig1 :50.000000 - 50.000000
[13:33:20] : 측정요구 ON 2
[13:33:30] : 측정요구 2OFF
[13:33:30] : end pos sig2 :-50.000000 - -50.000000
[13:33:36] : 측정요구3 ON
[13:33:45] : 측정요구3 OFF
[13:33:45] : end pos sig3 :50.000000 - 50.000000
[13:33:45] : 측정요구4 ON
[13:33:54] : 측정요구4 OFF
[13:33:54] : end pos sig4 :-50.000000 - -50.000000
[13:34:00] : Cycle start ON
[13:34:01] : Cycle start OFF
[13:34:06] : REQUEST MEAS. ON
[13:34:15] : REQUEST MEAS. OFF
[13:34:15] : end pos sig1 :50.000000 - 50.000000
[13:34:15] : 측정요구 ON 2
[13:34:24] : 측정요구 2OFF
[13:34:24] : end pos sig2 :-50.000000 - -50.000000
[13:34:30] : 측정요구3 ON
[13:34:39] : 측정요구3 OFF
[13:34:39] : end pos sig3 :50.000000 - 50.000000
[13:34:39] : 측정요구4 ON
[13:34:48] : 측정요구4 OFF
[13:34:48] : end pos sig4 :-50.000000 - -50.000000
[13:34:54] : Cycle start ON
[13:34:55] : Cycle start OFF
[13:35:00] : REQUEST MEAS. ON
[13:35:09] : REQUEST MEAS. OFF
[13:35:09] : end pos sig1 :50.000000 - 50.000000
[13:35:09] : 측정요구 ON 2
[13:35:18] : 측정요구 2OFF
[13:35:18] : end pos sig2 :-50.000000 - -50.000000
[13:35:24] : 측정요구3 ON
[13:35:33] : 측정요구3 OFF
[13:35:33] : end pos sig3 :50.000000 - 50.000000
[13:35:33] : 측정요구4 ON
[13:35:42] : 측정요구4 OFF
[13:35:42] : end pos sig4 :-50.000000 - -50.000000
[13:35:48] : Cycle start ON
[13:35:49] : Cycle start OFF
[13:35:54] : REQUEST MEAS. ON
[13:36:03] : REQUEST MEAS. OFF
[13:36:03] : end pos sig1 :50.000000 - 50.000000
[13:36:03] : 측정요구 ON 2
[13:36:12] : 측정요구 2OFF
[13:36:12] : end pos sig2 :-50.000000 - -50.000000
[13:36:18] : 측정요구3 ON
[13:36:27] : 측정요구3 OFF
[13:36:27] : end pos sig3 :50.000000 - 50.000000
[13:36:27] : 측정요구4 ON
[13:36:36] : 측정요구4 OFF
[13:36:36] : end pos sig4 :-50.000000 - -50.000000
[13:36:42] : Cycle start ON
[13:36:43] : Cycle start OFF
[13:36:48] : REQUEST MEAS. ON
[13:36:57] : REQUEST MEAS. OFF
[13:36:57] : end pos sig1 :50.000000 - 50.000000
[13:36:57] : 측정요구 ON 2
[13:37:06] : 측정요구 2OFF
[13:37:06] : end pos sig2 :-50.000000 - -50.000000
[13:37:12] : 측정요구3 ON
[13:37:21] : 측정요구3 OFF
[13:37:21] : end pos sig3 :50.000000 - 50.000000
[13:37:21] : 측정요구4 ON
[13:37:30] : 측정요구4 OFF
[13:37:30] : end pos sig4 :-50.000000 - -50.000000
[13:37:36] : Cycle start ON
[13:37:37] : Cycle start OFF
[13:37:42] : REQUEST MEAS. ON
[13:37:51] : REQUEST MEAS. OFF
[13:37:51] : end pos sig1 :50.000000 - 50.000000
[13:37:51] : 측정요구 ON 2
[13:38:00] : 측정요구 2OFF
[13:38:00] : end pos sig2 :-50.000000 - -50.000000
[13:38:06] : 측정요구3 ON
[13:38:15] : 측정요구3 OFF
[13:38:15] : end pos sig3 :50.000000 - 50.000000
[13:38:15] : 측정요구4 ON
[13:38:24] : 측정요구4 OFF
[13:38:24] : end pos sig4 :-50.000000 - -50.000000
[13:38:30] : Cycle start ON
[13:38:31] : Cycle start OFF
[13:38:36] : REQUEST MEAS. ON
[13:38:45] : REQUEST MEAS. OFF
[13:38:45] : end pos sig1 :50.000000 - 50.000000
[13:38:45] : 측정요구 ON 2
[13:38:54] : 측정요구 2OFF
[13:38:54] : end pos sig2 :-50.000000 - -50.000000
[13:39:00] : 측정요구3 ON
[13:39:09] : 측정요구3 OFF
[13:39:09] : end pos sig3 :50.000000 - 50.000000
[13:39:09] : 측정요구4 ON
[13:39:18] : 측정요구4 OFF
[13:39:18] : end pos sig4 :-50.000000 - -50.000000
[13:39:24] : Cycle start ON
[13:39:25] : Cycle start OFF
[13:39:30] : REQUEST MEAS. ON
[13:39:39] : REQUEST MEAS. OFF
[13:39:39] : end pos sig1 :50.000000 - 50.000000
[13:39:39] : 측정요구 ON 2
[13:39:49] : 측정요구 2OFF
[13:39:49] : end pos sig2 :-50.000000 - -50.000000
[13:39:54] : 측정요구3 ON
[13:40:03] : 측정요구3 OFF
[13:40:03] : end pos sig3 :50.000000 - 50.000000
[13:40:03] : 측정요구4 ON
[13:40:13] : 측정요구4 OFF
[13:40:13] : end pos sig4 :-50.000000 - -50.000000
 
