[11:17:42] : Cycle start ON
[11:17:43] : Cycle start OFF
[11:17:47] : REQUEST MEAS. ON
[11:17:56] : REQUEST MEAS. OFF
[11:17:56] : end pos sig1 :50.000000 - 50.000000
[11:17:56] : 측정요구 ON 2
[11:18:06] : 측정요구 2OFF
[11:18:06] : end pos sig2 :-50.000000 - -50.000000
[11:18:09] : 측정요구3 ON
[11:18:19] : 측정요구3 OFF
[11:18:19] : end pos sig3 :50.000000 - 50.000000
[11:18:19] : 측정요구4 ON
[11:18:28] : 측정요구4 OFF
[11:18:28] : end pos sig4 :-50.000000 - -50.000000
[11:19:12] : Cycle start ON
[11:19:13] : Cycle start OFF
[11:19:17] : REQUEST MEAS. ON
[11:19:26] : REQUEST MEAS. OFF
[11:19:26] : end pos sig1 :50.000000 - 50.000000
[11:19:26] : 측정요구 ON 2
[11:19:36] : 측정요구 2OFF
[11:19:36] : end pos sig2 :-50.000000 - -50.000000
[11:19:39] : 측정요구3 ON
[11:19:48] : 측정요구3 OFF
[11:19:48] : end pos sig3 :50.000000 - 50.000000
[11:19:49] : 측정요구4 ON
[11:19:58] : 측정요구4 OFF
[11:19:58] : end pos sig4 :-50.000000 - -50.000000
[11:36:25] : Cycle start ON
[11:36:26] : Cycle start OFF
[11:36:30] : REQUEST MEAS. ON
[11:36:39] : REQUEST MEAS. OFF
[11:36:39] : end pos sig1 :50.000000 - 50.000000
[11:36:39] : 측정요구 ON 2
[11:36:49] : 측정요구 2OFF
[11:36:49] : end pos sig2 :-50.000000 - -50.000000
[11:36:52] : 측정요구3 ON
[11:37:02] : 측정요구3 OFF
[11:37:02] : end pos sig3 :50.000000 - 50.000000
[11:37:02] : 측정요구4 ON
[11:37:11] : 측정요구4 OFF
[11:37:11] : end pos sig4 :-50.000000 - -50.000000
[11:37:40] : Cycle start ON
[11:37:41] : Cycle start OFF
[11:37:45] : REQUEST MEAS. ON
[11:37:54] : REQUEST MEAS. OFF
[11:37:54] : end pos sig1 :50.000000 - 50.000000
[11:37:54] : 측정요구 ON 2
[11:38:03] : 측정요구 2OFF
[11:38:03] : end pos sig2 :-50.000000 - -50.000000
[11:38:07] : 측정요구3 ON
[11:38:16] : 측정요구3 OFF
[11:38:16] : end pos sig3 :50.000000 - 50.000000
[11:38:16] : 측정요구4 ON
[11:38:26] : 측정요구4 OFF
[11:38:26] : end pos sig4 :-50.000000 - -50.000000
[11:43:50] : Cycle start ON
[11:43:50] : Cycle start OFF
[11:43:54] : REQUEST MEAS. ON
[11:44:03] : REQUEST MEAS. OFF
[11:44:03] : end pos sig1 :50.000000 - 50.000000
[11:44:04] : 측정요구 ON 2
[11:44:44] : MEAS ESC ON
[11:44:44] : MEAS ESC OFF
[11:44:44] : 측정요구 2OFF
[11:44:44] : end pos sig2 :-55.000000 - -50.000000
[11:46:48] : Cycle start ON
[11:46:48] : Cycle start OFF
[11:46:53] : REQUEST MEAS. ON
[11:47:02] : REQUEST MEAS. OFF
[11:47:02] : end pos sig1 :50.000000 - 50.000000
[11:47:02] : 측정요구 ON 2
[11:47:11] : 측정요구 2OFF
[11:47:11] : end pos sig2 :-56.000000 - -56.000000
[11:47:15] : 측정요구3 ON
[11:47:25] : 측정요구3 OFF
[11:47:25] : end pos sig3 :50.000000 - 50.000000
[11:47:25] : 측정요구4 ON
[11:47:34] : 측정요구4 OFF
[11:47:34] : end pos sig4 :-56.000000 - -56.000000
[11:48:04] : Cycle start ON
[11:48:04] : Cycle start OFF
[11:48:09] : REQUEST MEAS. ON
[11:48:18] : REQUEST MEAS. OFF
[11:48:18] : end pos sig1 :50.000000 - 50.000000
[11:48:18] : 측정요구 ON 2
[11:48:28] : 측정요구 2OFF
[11:48:28] : end pos sig2 :-56.000000 - -56.000000
[11:48:32] : 측정요구3 ON
[11:48:42] : 측정요구3 OFF
[11:48:42] : end pos sig3 :50.000000 - 50.000000
[11:48:42] : 측정요구4 ON
[11:48:52] : 측정요구4 OFF
[11:48:52] : end pos sig4 :-56.000000 - -56.000000
 
