[09:33:00] : MEAS ESC ON
[09:33:00] : AUTO RUNNING OFF
[09:33:00] : M3413 :	DOOR OPEN중 ON
[09:33:05] : MEAS ESC OFF
[09:33:05] : RESET ON
[09:33:05] : M3413 :	DOOR OPEN중 OFF
[09:34:05] : MEAS ESC ON
[09:34:05] : M3413 :	DOOR OPEN중 ON
[09:34:11] : MEAS ESC OFF
[09:34:11] : RESET ON
[09:34:11] : M3413 :	DOOR OPEN중 OFF
[09:34:28] : AUTO RUNNING ON
[09:34:31] : Cycle start ON
[09:34:33] : Cycle start OFF
[09:34:40] : REQUEST MEAS. ON
[09:34:42] : REQUEST MEAS. OFF
[09:35:32] : AUTO RUNNING OFF
[09:38:30] : AUTO RUNNING ON
[09:38:41] : AUTO RUNNING OFF
[09:38:46] : RESET ON
[09:38:47] : RESET ON
[09:38:49] : AUTO RUNNING ON
[09:38:52] : Cycle start ON
[09:38:55] : Cycle start OFF
[09:39:01] : REQUEST MEAS. ON
[09:39:04] : REQUEST MEAS. OFF
[09:49:59] : AUTO RUNNING OFF
[09:50:02] : RESET ON
[09:50:06] : AUTO RUNNING ON
[09:50:09] : Cycle start ON
[09:50:11] : Cycle start OFF
[09:50:18] : REQUEST MEAS. ON
[09:50:21] : REQUEST MEAS. OFF
[09:50:48] : AUTO RUNNING OFF
[09:50:54] : Cycle start ON
[09:50:56] : Cycle start OFF
[09:51:02] : REQUEST MEAS. ON
[09:51:05] : REQUEST MEAS. OFF
[09:51:27] : PROGRAM END
 
[09:51:35] : PROGRAM START
[09:51:38] : AUTO RUNNING OFF
[09:51:38] : REQUEST MEAS. OFF
[09:51:38] : REQUEST ZEROSET OFF
[09:51:38] : REQUEST ZEROSET OFF
[09:51:43] : Cycle start ON
[09:51:45] : Cycle start OFF
[09:51:52] : REQUEST MEAS. ON
[09:51:55] : REQUEST MEAS. OFF
[09:52:09] : AUTO RUNNING ON
[09:52:11] : AUTO RUNNING OFF
[09:52:21] : AUTO RUNNING ON
[09:52:24] : Cycle start ON
[09:52:26] : Cycle start OFF
[09:52:32] : REQUEST MEAS. ON
[09:52:35] : REQUEST MEAS. OFF
[09:52:52] : AUTO RUNNING OFF
[09:59:56] : AUTO RUNNING ON
[10:00:04] : AUTO RUNNING OFF
[10:00:08] : AUTO RUNNING ON
[10:00:18] : AUTO RUNNING OFF
[10:00:23] : Cycle start ON
[10:00:25] : Cycle start OFF
[10:00:31] : REQUEST MEAS. ON
[10:00:34] : REQUEST MEAS. OFF
[10:01:57] : Cycle start ON
[10:01:59] : Cycle start OFF
[10:02:05] : REQUEST MEAS. ON
[10:02:08] : REQUEST MEAS. OFF
[10:02:42] : Cycle start ON
[10:02:45] : Cycle start OFF
[10:02:51] : REQUEST MEAS. ON
[10:02:54] : REQUEST MEAS. OFF
[10:03:02] : Cycle start ON
[10:03:05] : Cycle start OFF
[10:03:11] : REQUEST MEAS. ON
[10:03:14] : REQUEST MEAS. OFF
[10:05:10] : Cycle start ON
[10:05:12] : Cycle start OFF
[10:05:19] : REQUEST MEAS. ON
[10:05:22] : REQUEST MEAS. OFF
[11:49:25] : Cycle start ON
[11:49:28] : Cycle start OFF
[11:49:34] : REQUEST MEAS. ON
[11:49:37] : REQUEST MEAS. OFF
 
[11:54:53] : Cycle start ON
[11:54:55] : Cycle start OFF
[11:55:01] : REQUEST ZEROSET ON
[11:55:04] : REQUEST ZEROSET OFF
[11:55:14] : Cycle start ON
[11:55:15] : Cycle start OFF
[11:55:21] : REQUEST ZEROSET ON
[11:55:24] : REQUEST ZEROSET OFF
[11:55:48] : Cycle start ON
[11:55:50] : Cycle start OFF
[11:55:56] : REQUEST ZEROSET ON
[11:55:59] : REQUEST ZEROSET OFF
[11:56:20] : Cycle start ON
[11:56:22] : Cycle start OFF
[11:56:29] : REQUEST MEAS. ON
[11:56:31] : REQUEST MEAS. OFF
[11:56:51] : Cycle start ON
[11:56:53] : Cycle start OFF
[11:57:00] : REQUEST MEAS. ON
[11:57:03] : REQUEST MEAS. OFF
[11:57:12] : Cycle start ON
[11:57:14] : Cycle start OFF
[11:57:21] : REQUEST MEAS. ON
[11:57:24] : REQUEST MEAS. OFF
[11:57:45] : Cycle start ON
[11:57:48] : Cycle start OFF
[11:57:54] : REQUEST MEAS. ON
[11:57:57] : REQUEST MEAS. OFF
[11:59:04] : Cycle start ON
[11:59:06] : Cycle start OFF
[11:59:13] : REQUEST MEAS. ON
[11:59:16] : REQUEST MEAS. OFF
[16:08:02] : MEAS ESC ON
[16:08:02] : M3413 :	DOOR OPEN중 ON
[16:08:08] : MEAS ESC OFF
[16:08:08] : RESET ON
[16:08:08] : M3413 :	DOOR OPEN중 OFF
[16:08:14] : AUTO RUNNING ON
[16:08:24] : Cycle start ON
[16:08:26] : Cycle start OFF
[16:08:33] : REQUEST MEAS. ON
[16:08:36] : REQUEST MEAS. OFF
[16:10:04] : Cycle start ON
[16:10:07] : Cycle start OFF
[16:10:13] : REQUEST MEAS. ON
[16:10:16] : REQUEST MEAS. OFF
[16:11:53] : Cycle start ON
[16:11:55] : Cycle start OFF
[16:12:02] : REQUEST MEAS. ON
[16:12:05] : REQUEST MEAS. OFF
[16:13:43] : Cycle start ON
[16:13:46] : Cycle start OFF
[16:13:52] : REQUEST MEAS. ON
[16:13:55] : REQUEST MEAS. OFF
[16:15:33] : Cycle start ON
[16:15:36] : Cycle start OFF
[16:15:42] : REQUEST MEAS. ON
[16:15:45] : REQUEST MEAS. OFF
[16:17:24] : Cycle start ON
[16:17:27] : Cycle start OFF
[16:17:33] : REQUEST MEAS. ON
[16:17:36] : REQUEST MEAS. OFF
[16:19:14] : Cycle start ON
[16:19:17] : Cycle start OFF
[16:19:23] : REQUEST MEAS. ON
[16:19:26] : REQUEST MEAS. OFF
[16:21:05] : Cycle start ON
[16:21:08] : Cycle start OFF
[16:21:14] : REQUEST MEAS. ON
[16:21:17] : REQUEST MEAS. OFF
[20:11:30] : AUTO RUNNING OFF
 
