[11:40:53] : PROGRAM END
 
[12:16:03] : PROGRAM START
[12:16:17] : Plc Error Timer
[12:16:27] : Plc Error Timer
[12:16:34] : Plc Error Timer
[12:18:53] : PROGRAM END
 
[13:20:10] : PROGRAM START
[13:20:25] : Plc Error Timer
[13:20:36] : Plc Error Timer
[13:20:43] : PROGRAM END
 
[13:31:43] : PROGRAM START
[13:32:00] : Plc Error Timer
[13:32:08] : Plc Error Timer
[13:32:13] : PROGRAM END
 
[13:36:11] : PROGRAM START
[13:36:27] : Plc Error Timer
[13:36:36] : Plc Error Timer
[13:36:37] : PROGRAM END
 
[13:40:24] : PROGRAM START
[13:40:40] : Plc Error Timer
[13:40:51] : Plc Error Timer
[13:41:15] : PROGRAM END
 
[13:42:51] : PROGRAM START
[13:43:07] : Plc Error Timer
[13:43:16] : Plc Error Timer
[13:43:26] : PROGRAM END
 
[13:47:09] : PROGRAM START
[13:47:18] : TCP FAIL 1
[13:47:29] : Plc Error Timer
[13:47:35] : PROGRAM END
 
[13:55:44] : PROGRAM START
[13:55:55] : PROGRAM END
 
[14:05:26] : PROGRAM START
[14:05:39] : Plc Error Timer
[14:05:47] : Plc Error Timer
[14:06:26] : PROGRAM END
 
[14:11:27] : PROGRAM START
[14:11:40] : Plc Error Timer
[14:11:49] : Plc Error Timer
[14:14:28] : PROGRAM END
 
[14:43:50] : PROGRAM START
[14:44:06] : PROGRAM END
 
[14:55:49] : PROGRAM START
[14:55:54] : AUTO RUNNING OFF
[14:55:54] : REQUEST MEAS. OFF
[14:55:54] : REQUEST ZEROSET OFF
[14:55:54] : REQUEST ZEROSET OFF
[15:01:58] : PROGRAM END
 
[15:04:08] : PROGRAM START
[15:04:13] : AUTO RUNNING OFF
[15:04:13] : REQUEST MEAS. OFF
[15:04:13] : REQUEST ZEROSET OFF
[15:04:13] : REQUEST ZEROSET OFF
[15:04:15] : PROGRAM END
 
[15:04:57] : PROGRAM START
[15:05:00] : AUTO RUNNING OFF
[15:05:00] : REQUEST MEAS. OFF
[15:05:00] : REQUEST ZEROSET OFF
[15:05:00] : REQUEST ZEROSET OFF
[15:07:19] : PROGRAM END
 
[15:09:43] : PROGRAM START
[15:09:47] : AUTO RUNNING OFF
[15:09:47] : REQUEST MEAS. OFF
[15:09:47] : REQUEST ZEROSET OFF
[15:09:47] : REQUEST ZEROSET OFF
[15:10:09] : PROGRAM END
 
[15:10:17] : PROGRAM START
[15:10:20] : AUTO RUNNING OFF
[15:10:20] : REQUEST MEAS. OFF
[15:10:20] : REQUEST ZEROSET OFF
[15:10:20] : REQUEST ZEROSET OFF
[15:28:12] : 11,20181115-152812,CF18100853041,,NG,MAX,1, ,0.50,7.00,15.02,NG,0.50,7.00,11.27,NG,0.50,7.00,11.27,NG,0.50,7.00,15.02,NG,
[15:28:32] : PROGRAM END
 
[15:28:35] : PROGRAM START
[15:28:39] : AUTO RUNNING OFF
[15:28:39] : REQUEST MEAS. OFF
[15:28:39] : REQUEST ZEROSET OFF
[15:28:39] : REQUEST ZEROSET OFF
[15:39:19] : 11,20181115-153920,CF18100853041,,NG,MAX,1, ,0.50,7.00,15.02,NG,0.50,7.00,15.02,NG,0.50,7.00,11.27,NG,0.50,7.00,11.27,NG,
[15:39:54] : 11,20181115-153955,CF18100853041,,NG,MAX,1, ,0.50,15.00,15.02,NG,0.50,15.00,15.02,NG,0.50,15.00,11.27,OK,0.50,15.00,11.27,OK,
[15:40:09] : 11,20181115-154011,CF18100853041,,OK,MAX,1, ,0.50,20.00,15.02,OK,0.50,20.00,15.02,OK,0.50,15.00,11.27,OK,0.50,15.00,11.27,OK,
[15:46:14] : Cycle start ON
[15:46:14] : Cycle start OFF
[15:49:18] : REQUEST MEAS. ON
[15:49:27] : REQUEST MEAS. OFF
[15:49:27] : 측정요구 ON 2
[15:49:36] : 측정요구 2OFF
[15:49:40] : 측정요구3 ON
[15:49:49] : 측정요구3 OFF
[15:49:49] : 측정요구4 ON
[15:49:59] : 측정요구4 OFF
[15:56:28] : Cycle start ON
[15:56:29] : Cycle start OFF
[15:56:33] : REQUEST MEAS. ON
[15:56:42] : REQUEST MEAS. OFF
[15:58:00] : 측정요구 ON 2
[15:58:09] : 측정요구 2OFF
[15:58:14] : 측정요구3 ON
[15:58:23] : 측정요구3 OFF
[15:58:24] : 측정요구4 ON
[15:58:33] : 측정요구4 OFF
[16:00:29] : Cycle start ON
[16:00:30] : Cycle start OFF
[16:00:34] : REQUEST MEAS. ON
[16:00:43] : REQUEST MEAS. OFF
[16:00:45] : 측정요구 ON 2
[16:00:54] : 측정요구 2OFF
[16:00:58] : 측정요구3 ON
[16:01:07] : 측정요구3 OFF
[16:01:09] : 측정요구4 ON
[16:01:18] : 측정요구4 OFF
[16:36:22] : Cycle start ON
[16:36:23] : Cycle start OFF
[16:36:27] : REQUEST MEAS. ON
[16:36:36] : REQUEST MEAS. OFF
[16:36:38] : 측정요구 ON 2
[16:36:47] : 측정요구 2OFF
[16:36:51] : 측정요구3 ON
[16:37:00] : 측정요구3 OFF
[16:37:02] : 측정요구4 ON
[16:37:11] : 측정요구4 OFF
[16:37:15] : Cycle start ON
[16:37:16] : Cycle start OFF
[16:37:20] : REQUEST MEAS. ON
[16:37:29] : REQUEST MEAS. OFF
[16:37:30] : 측정요구 ON 2
[16:37:39] : 측정요구 2OFF
[16:37:43] : 측정요구3 ON
[16:37:52] : 측정요구3 OFF
[16:37:54] : 측정요구4 ON
[16:38:03] : 측정요구4 OFF
[16:38:07] : Cycle start ON
[16:38:08] : Cycle start OFF
[16:38:12] : REQUEST MEAS. ON
[16:38:21] : REQUEST MEAS. OFF
[16:38:23] : 측정요구 ON 2
[16:38:32] : 측정요구 2OFF
[16:38:36] : 측정요구3 ON
[16:38:45] : 측정요구3 OFF
[16:38:47] : 측정요구4 ON
[16:38:56] : 측정요구4 OFF
[16:39:00] : Cycle start ON
[16:39:01] : Cycle start OFF
[16:39:05] : REQUEST MEAS. ON
[16:39:14] : REQUEST MEAS. OFF
[16:39:15] : 측정요구 ON 2
[16:39:24] : 측정요구 2OFF
[16:39:28] : 측정요구3 ON
[16:39:37] : 측정요구3 OFF
[16:39:39] : 측정요구4 ON
[16:39:48] : 측정요구4 OFF
[16:39:52] : Cycle start ON
[16:39:53] : Cycle start OFF
[16:39:57] : REQUEST MEAS. ON
[16:40:06] : REQUEST MEAS. OFF
[16:40:08] : 측정요구 ON 2
[16:40:17] : 측정요구 2OFF
[16:40:21] : 측정요구3 ON
[16:40:30] : 측정요구3 OFF
[16:40:32] : 측정요구4 ON
[16:40:41] : 측정요구4 OFF
[16:40:45] : Cycle start ON
[16:40:46] : Cycle start OFF
[16:40:50] : REQUEST MEAS. ON
[16:40:59] : REQUEST MEAS. OFF
[16:41:00] : 측정요구 ON 2
[16:41:09] : 측정요구 2OFF
[16:41:13] : 측정요구3 ON
[16:41:22] : 측정요구3 OFF
[16:41:24] : 측정요구4 ON
[16:41:33] : 측정요구4 OFF
[16:41:37] : Cycle start ON
[16:41:38] : Cycle start OFF
[16:41:42] : REQUEST MEAS. ON
[16:41:51] : REQUEST MEAS. OFF
[16:41:53] : 측정요구 ON 2
[16:42:02] : 측정요구 2OFF
[16:42:06] : 측정요구3 ON
[16:42:15] : 측정요구3 OFF
[16:42:17] : 측정요구4 ON
[16:42:26] : 측정요구4 OFF
[16:42:30] : Cycle start ON
[16:42:31] : Cycle start OFF
[16:42:35] : REQUEST MEAS. ON
[16:42:44] : REQUEST MEAS. OFF
[16:42:45] : 측정요구 ON 2
[16:42:54] : 측정요구 2OFF
[16:42:58] : 측정요구3 ON
[16:43:07] : 측정요구3 OFF
[16:43:09] : 측정요구4 ON
[16:43:18] : 측정요구4 OFF
[16:43:22] : Cycle start ON
[16:43:23] : Cycle start OFF
[16:43:27] : REQUEST MEAS. ON
[16:43:36] : REQUEST MEAS. OFF
[16:43:38] : 측정요구 ON 2
[16:43:47] : 측정요구 2OFF
[16:43:51] : 측정요구3 ON
[16:44:00] : 측정요구3 OFF
[16:44:02] : 측정요구4 ON
[16:44:11] : 측정요구4 OFF
[16:44:15] : Cycle start ON
[16:44:16] : Cycle start OFF
[16:44:20] : REQUEST MEAS. ON
[16:44:29] : REQUEST MEAS. OFF
[16:44:30] : 측정요구 ON 2
[16:44:39] : 측정요구 2OFF
[16:44:43] : 측정요구3 ON
[16:44:52] : 측정요구3 OFF
[16:44:54] : 측정요구4 ON
[16:45:03] : 측정요구4 OFF
[16:45:07] : Cycle start ON
[16:45:08] : Cycle start OFF
[16:45:12] : REQUEST MEAS. ON
[16:45:21] : REQUEST MEAS. OFF
[16:45:23] : 측정요구 ON 2
[16:45:32] : 측정요구 2OFF
[16:45:36] : 측정요구3 ON
[16:45:45] : 측정요구3 OFF
[16:45:46] : 측정요구4 ON
[16:45:55] : 측정요구4 OFF
[16:46:00] : Cycle start ON
[16:46:01] : Cycle start OFF
[16:46:05] : REQUEST MEAS. ON
[16:46:14] : REQUEST MEAS. OFF
[16:46:15] : 측정요구 ON 2
[16:46:24] : 측정요구 2OFF
[16:46:28] : 측정요구3 ON
[16:46:37] : 측정요구3 OFF
[16:46:39] : 측정요구4 ON
[16:46:48] : 측정요구4 OFF
[16:46:52] : Cycle start ON
[16:46:53] : Cycle start OFF
[16:46:57] : REQUEST MEAS. ON
[16:47:06] : REQUEST MEAS. OFF
[16:47:08] : 측정요구 ON 2
[16:47:17] : 측정요구 2OFF
[16:47:21] : 측정요구3 ON
[16:47:30] : 측정요구3 OFF
[16:47:31] : 측정요구4 ON
[16:47:40] : 측정요구4 OFF
[16:47:45] : Cycle start ON
[16:47:46] : Cycle start OFF
[16:47:50] : REQUEST MEAS. ON
[16:47:59] : REQUEST MEAS. OFF
[16:48:00] : 측정요구 ON 2
[16:48:09] : 측정요구 2OFF
[16:48:13] : 측정요구3 ON
[16:48:22] : 측정요구3 OFF
[16:48:24] : 측정요구4 ON
[16:48:33] : 측정요구4 OFF
[16:48:37] : Cycle start ON
[16:48:38] : Cycle start OFF
[16:48:42] : REQUEST MEAS. ON
[16:48:51] : REQUEST MEAS. OFF
[16:48:53] : 측정요구 ON 2
[16:49:02] : 측정요구 2OFF
[16:49:06] : 측정요구3 ON
[16:49:15] : 측정요구3 OFF
[16:49:17] : 측정요구4 ON
[16:49:26] : 측정요구4 OFF
[16:49:30] : Cycle start ON
[16:49:31] : Cycle start OFF
[16:49:35] : REQUEST MEAS. ON
[16:49:44] : REQUEST MEAS. OFF
[16:49:45] : 측정요구 ON 2
[16:49:54] : 측정요구 2OFF
[16:49:58] : 측정요구3 ON
[16:50:07] : 측정요구3 OFF
[16:50:09] : 측정요구4 ON
[16:50:18] : 측정요구4 OFF
[16:50:22] : Cycle start ON
[16:50:23] : Cycle start OFF
[16:50:27] : REQUEST MEAS. ON
[16:50:36] : REQUEST MEAS. OFF
[16:50:38] : 측정요구 ON 2
[16:50:47] : 측정요구 2OFF
[16:50:51] : 측정요구3 ON
[16:51:00] : 측정요구3 OFF
[16:51:02] : 측정요구4 ON
[16:51:11] : 측정요구4 OFF
[16:51:15] : Cycle start ON
[16:51:16] : Cycle start OFF
[16:51:20] : REQUEST MEAS. ON
[16:51:29] : REQUEST MEAS. OFF
[16:51:30] : 측정요구 ON 2
[16:51:39] : 측정요구 2OFF
[16:51:43] : 측정요구3 ON
[16:51:52] : 측정요구3 OFF
[16:51:54] : 측정요구4 ON
[16:52:03] : 측정요구4 OFF
[16:52:07] : Cycle start ON
[16:52:08] : Cycle start OFF
[16:52:12] : REQUEST MEAS. ON
[16:52:21] : REQUEST MEAS. OFF
[16:52:23] : 측정요구 ON 2
[16:52:32] : 측정요구 2OFF
[16:52:36] : 측정요구3 ON
[16:52:45] : 측정요구3 OFF
[16:52:46] : 측정요구4 ON
[16:52:55] : 측정요구4 OFF
[16:53:00] : Cycle start ON
[16:53:01] : Cycle start OFF
[16:53:05] : REQUEST MEAS. ON
[16:53:14] : REQUEST MEAS. OFF
[16:53:15] : 측정요구 ON 2
[16:53:24] : 측정요구 2OFF
[16:53:28] : 측정요구3 ON
[16:53:37] : 측정요구3 OFF
[16:53:39] : 측정요구4 ON
[16:53:48] : 측정요구4 OFF
[16:54:08] : Cycle start ON
[16:54:09] : Cycle start OFF
[16:54:13] : REQUEST MEAS. ON
[16:54:22] : REQUEST MEAS. OFF
[16:54:24] : 측정요구 ON 2
[16:54:33] : 측정요구 2OFF
[16:54:37] : 측정요구3 ON
[16:54:46] : 측정요구3 OFF
[16:54:48] : 측정요구4 ON
[16:54:57] : 측정요구4 OFF
[16:55:01] : Cycle start ON
[16:55:02] : Cycle start OFF
[16:55:06] : REQUEST MEAS. ON
[16:55:15] : REQUEST MEAS. OFF
[16:55:16] : 측정요구 ON 2
[16:55:25] : 측정요구 2OFF
[16:55:30] : 측정요구3 ON
[16:55:39] : 측정요구3 OFF
[16:55:40] : 측정요구4 ON
[16:55:49] : 측정요구4 OFF
[16:55:54] : Cycle start ON
[16:55:55] : Cycle start OFF
[16:55:59] : REQUEST MEAS. ON
[16:56:08] : REQUEST MEAS. OFF
[16:56:09] : 측정요구 ON 2
[16:56:18] : 측정요구 2OFF
[16:56:22] : 측정요구3 ON
[16:56:31] : 측정요구3 OFF
[16:56:33] : 측정요구4 ON
[16:56:42] : 측정요구4 OFF
[16:56:46] : Cycle start ON
[16:56:47] : Cycle start OFF
[16:56:51] : REQUEST MEAS. ON
[16:57:00] : REQUEST MEAS. OFF
[16:57:01] : 측정요구 ON 2
[16:57:10] : 측정요구 2OFF
[16:57:15] : 측정요구3 ON
[16:57:24] : 측정요구3 OFF
[16:57:25] : 측정요구4 ON
[16:57:34] : 측정요구4 OFF
[16:57:39] : Cycle start ON
[16:57:40] : Cycle start OFF
[16:57:44] : REQUEST MEAS. ON
[16:57:53] : REQUEST MEAS. OFF
[16:57:54] : 측정요구 ON 2
[16:58:03] : 측정요구 2OFF
[16:58:07] : 측정요구3 ON
[16:58:16] : 측정요구3 OFF
[16:58:18] : 측정요구4 ON
[16:58:27] : 측정요구4 OFF
[16:58:31] : Cycle start ON
[16:58:32] : Cycle start OFF
[16:58:36] : REQUEST MEAS. ON
[16:58:45] : REQUEST MEAS. OFF
[16:58:46] : 측정요구 ON 2
[16:58:55] : 측정요구 2OFF
[16:59:00] : 측정요구3 ON
[16:59:09] : 측정요구3 OFF
[16:59:10] : 측정요구4 ON
[16:59:19] : 측정요구4 OFF
[16:59:24] : Cycle start ON
[16:59:25] : Cycle start OFF
[16:59:29] : REQUEST MEAS. ON
[16:59:38] : REQUEST MEAS. OFF
[16:59:39] : 측정요구 ON 2
[16:59:48] : 측정요구 2OFF
[16:59:52] : 측정요구3 ON
[17:00:01] : 측정요구3 OFF
[17:00:03] : 측정요구4 ON
[17:00:03] : 측정요구4 OFF
[17:00:08] : Cycle start ON
[17:00:09] : Cycle start OFF
[17:00:13] : REQUEST MEAS. ON
[17:00:22] : REQUEST MEAS. OFF
[17:00:23] : 측정요구 ON 2
[17:00:32] : 측정요구 2OFF
[17:00:36] : 측정요구3 ON
[17:00:45] : 측정요구3 OFF
[17:00:47] : 측정요구4 ON
[17:00:56] : 측정요구4 OFF
[17:43:07] : PROGRAM END
 
[17:43:25] : PROGRAM START
[17:43:28] : AUTO RUNNING OFF
[17:43:28] : REQUEST MEAS. OFF
[17:43:28] : REQUEST ZEROSET OFF
[17:43:28] : REQUEST ZEROSET OFF
[17:43:42] : MEAS ESC ON
[17:43:42] : AUTO RUNNING ON
[17:43:42] : Cycle start ON
[17:43:42] : Cycle start OFF
[17:43:47] : REQUEST MEAS. ON
[17:43:56] : REQUEST MEAS. OFF
[17:43:57] : 측정요구 ON 2
[17:44:06] : 측정요구 2OFF
[17:44:11] : 측정요구3 ON
[17:44:20] : 측정요구3 OFF
[17:44:21] : 측정요구4 ON
[17:44:30] : 측정요구4 OFF
[17:44:30] : 11,20181115-174431,CF18100853191,,OK,MAX,1, ,0.50,7.00,2.54,OK,0.50,7.00,4.17,OK,0.50,7.00,1.87,OK,0.50,7.00,1.87,OK,
[17:44:40] : MEAS ESC OFF
[17:44:40] : AUTO RUNNING OFF
[17:45:20] : MEAS ESC ON
[17:45:20] : AUTO RUNNING ON
[17:45:39] : Cycle start ON
[17:45:41] : Cycle start OFF
[17:46:09] : REQUEST MEAS. ON
[17:46:18] : REQUEST MEAS. OFF
[17:46:19] : 측정요구 ON 2
[17:46:28] : 측정요구 2OFF
[17:46:32] : 측정요구3 ON
[17:46:41] : 측정요구3 OFF
[17:46:43] : 측정요구4 ON
[17:46:52] : 측정요구4 OFF
[17:46:52] : 11,20181115-174652,CF18100852701,,OK,MAX,1, ,0.50,7.00,2.75,OK,0.50,7.00,3.00,OK,0.50,7.00,1.65,OK,0.50,7.00,2.23,OK,
[17:59:40] : Cycle start ON
[17:59:43] : Cycle start OFF
[17:59:48] : REQUEST MEAS. ON
[17:59:57] : REQUEST MEAS. OFF
[17:59:59] : 측정요구 ON 2
[18:00:08] : 측정요구 2OFF
[18:00:13] : 측정요구3 ON
[18:00:22] : 측정요구3 OFF
[18:00:23] : 측정요구4 ON
[18:00:32] : 측정요구4 OFF
[18:00:32] : 11,20181115-180033,,,OK,MAX,1, ,0.50,7.00,3.25,OK,0.50,7.00,3.01,OK,0.50,7.00,1.54,OK,0.50,7.00,1.30,OK,
[18:08:21] : Cycle start ON
[18:08:24] : Cycle start OFF
[18:08:30] : REQUEST MEAS. ON
[18:08:39] : REQUEST MEAS. OFF
[18:08:40] : 측정요구 ON 2
[18:08:49] : 측정요구 2OFF
[18:08:53] : 측정요구3 ON
[18:09:02] : 측정요구3 OFF
[18:09:04] : 측정요구4 ON
[18:09:13] : 측정요구4 OFF
[18:09:13] : 11,20181115-180913,,,OK,MAX,1, ,0.50,7.00,2.61,OK,0.50,7.00,4.24,OK,0.50,7.00,1.48,OK,0.50,7.00,1.19,OK,
[18:15:22] : MEAS ESC OFF
[18:15:22] : AUTO RUNNING OFF
[18:16:21] : MEAS ESC ON
[18:16:21] : AUTO RUNNING ON
[18:18:00] : Cycle start ON
[18:18:02] : Cycle start OFF
[18:18:08] : REQUEST MEAS. ON
[18:18:17] : REQUEST MEAS. OFF
[18:18:19] : 측정요구 ON 2
[18:18:28] : 측정요구 2OFF
[18:18:32] : 측정요구3 ON
[18:18:41] : 측정요구3 OFF
[18:18:43] : 측정요구4 ON
[18:18:52] : 측정요구4 OFF
[18:18:52] : 11,20181115-181852,,,OK,MAX,1, ,0.50,7.00,3.24,OK,0.50,7.00,3.70,OK,0.50,7.00,2.62,OK,0.50,7.00,1.56,OK,
[18:23:04] : Plc Error Timer
[18:23:04] : MEAS ESC OFF
[18:23:04] : AUTO RUNNING OFF
[18:26:14] : MEAS ESC ON
[18:26:14] : AUTO RUNNING ON
[18:26:32] : Cycle start ON
[18:26:34] : Cycle start OFF
[18:26:41] : REQUEST MEAS. ON
[18:26:50] : REQUEST MEAS. OFF
[18:26:52] : 측정요구 ON 2
[18:27:01] : 측정요구 2OFF
[18:27:05] : 측정요구3 ON
[18:27:14] : 측정요구3 OFF
[18:27:15] : 측정요구4 ON
[18:27:24] : 측정요구4 OFF
[18:27:24] : 11,20181115-182725,CF18100852421,,OK,MAX,1, ,0.50,7.00,2.27,OK,0.50,7.00,4.28,OK,0.50,7.00,1.83,OK,0.50,7.00,1.22,OK,
[18:27:42] : Cycle start ON
[18:27:44] : Cycle start OFF
[18:28:12] : REQUEST MEAS. ON
[18:28:21] : REQUEST MEAS. OFF
[18:28:23] : 측정요구 ON 2
[18:28:32] : 측정요구 2OFF
[18:28:36] : 측정요구3 ON
[18:28:45] : 측정요구3 OFF
[18:28:46] : 측정요구4 ON
[18:28:55] : 측정요구4 OFF
[18:28:55] : 11,20181115-182856,CF18100851641,,OK,MAX,1, ,0.50,7.00,2.96,OK,0.50,7.00,3.44,OK,0.50,7.00,1.30,OK,0.50,7.00,1.49,OK,
[18:29:13] : Cycle start ON
[18:29:15] : Cycle start OFF
[18:29:42] : REQUEST MEAS. ON
[18:29:51] : REQUEST MEAS. OFF
[18:29:53] : 측정요구 ON 2
[18:30:02] : 측정요구 2OFF
[18:30:06] : 측정요구3 ON
[18:30:15] : 측정요구3 OFF
[18:30:17] : 측정요구4 ON
[18:30:26] : 측정요구4 OFF
[18:30:26] : 11,20181115-183026,CF18100852161,,OK,MAX,1, ,0.50,7.00,2.20,OK,0.50,7.00,2.80,OK,0.50,7.00,2.09,OK,0.50,7.00,1.63,OK,
[18:30:43] : Cycle start ON
[18:30:45] : Cycle start OFF
[18:31:12] : REQUEST MEAS. ON
[18:31:21] : REQUEST MEAS. OFF
[18:31:23] : 측정요구 ON 2
[18:31:32] : 측정요구 2OFF
[18:31:36] : 측정요구3 ON
[18:31:45] : 측정요구3 OFF
[18:31:47] : 측정요구4 ON
[18:31:56] : 측정요구4 OFF
[18:31:56] : 11,20181115-183156,CF18100852661,,OK,MAX,1, ,0.50,7.00,3.61,OK,0.50,7.00,5.45,OK,0.50,7.00,1.89,OK,0.50,7.00,1.56,OK,
[18:34:06] : Cycle start ON
[18:34:08] : Cycle start OFF
[18:34:14] : REQUEST MEAS. ON
[18:34:23] : REQUEST MEAS. OFF
[18:34:25] : 측정요구 ON 2
[18:34:34] : 측정요구 2OFF
[18:34:38] : 측정요구3 ON
[18:34:47] : 측정요구3 OFF
[18:34:49] : 측정요구4 ON
[18:34:58] : 측정요구4 OFF
[18:34:58] : 11,20181115-183458,CF18100851361,,OK,MAX,1, ,0.50,7.00,3.81,OK,0.50,7.00,4.52,OK,0.50,7.00,1.10,OK,0.50,7.00,2.38,OK,
[18:35:47] : Cycle start ON
[18:35:50] : Cycle start OFF
[18:35:55] : REQUEST MEAS. ON
[18:36:04] : REQUEST MEAS. OFF
[18:36:06] : 측정요구 ON 2
[18:36:15] : 측정요구 2OFF
[18:36:19] : 측정요구3 ON
[18:36:28] : 측정요구3 OFF
[18:36:30] : 측정요구4 ON
[18:36:39] : 측정요구4 OFF
[18:36:39] : 11,20181115-183639,CF18100853151,,OK,MAX,1, ,0.50,7.00,2.77,OK,0.50,7.00,3.61,OK,0.50,7.00,1.35,OK,0.50,7.00,1.20,OK,
[18:39:44] : Cycle start ON
[18:39:46] : Cycle start OFF
[18:39:52] : REQUEST MEAS. ON
[18:40:01] : REQUEST MEAS. OFF
[18:40:03] : 측정요구 ON 2
[18:40:12] : 측정요구 2OFF
[18:40:16] : 측정요구3 ON
[18:40:25] : 측정요구3 OFF
[18:40:27] : 측정요구4 ON
[18:40:36] : 측정요구4 OFF
[18:40:36] : 11,20181115-184036,CF18100421921,,OK,MAX,1, ,0.50,7.00,1.84,OK,0.50,7.00,3.47,OK,0.50,7.00,1.62,OK,0.50,7.00,1.43,OK,
[18:43:14] : Cycle start ON
[18:43:17] : Cycle start OFF
[18:43:23] : REQUEST MEAS. ON
[18:43:32] : REQUEST MEAS. OFF
[18:43:34] : 측정요구 ON 2
[18:43:43] : 측정요구 2OFF
[18:43:47] : 측정요구3 ON
[18:43:56] : 측정요구3 OFF
[18:43:57] : 측정요구4 ON
[18:44:06] : 측정요구4 OFF
[18:44:06] : 11,20181115-184407,CF18100853311,,OK,MAX,1, ,0.50,7.00,3.44,OK,0.50,7.00,4.53,OK,0.50,7.00,1.53,OK,0.50,7.00,2.44,OK,
[18:47:11] : Cycle start ON
[18:47:13] : Cycle start OFF
[18:47:19] : REQUEST MEAS. ON
[18:47:28] : REQUEST MEAS. OFF
[18:47:30] : 측정요구 ON 2
[18:47:39] : 측정요구 2OFF
[18:47:43] : 측정요구3 ON
[18:47:52] : 측정요구3 OFF
[18:47:54] : 측정요구4 ON
[18:48:03] : 측정요구4 OFF
[18:48:03] : 11,20181115-184803,CF18100853131,,OK,MAX,1, ,0.50,7.00,3.30,OK,0.50,7.00,5.09,OK,0.50,7.00,1.49,OK,0.50,7.00,1.18,OK,
[18:48:21] : Cycle start ON
[18:48:23] : Cycle start OFF
[18:48:49] : REQUEST MEAS. ON
[18:48:58] : REQUEST MEAS. OFF
[18:49:00] : 측정요구 ON 2
[18:49:09] : 측정요구 2OFF
[18:49:13] : 측정요구3 ON
[18:49:22] : 측정요구3 OFF
[18:49:24] : 측정요구4 ON
[18:49:33] : 측정요구4 OFF
[18:49:33] : 11,20181115-184933,CF18100852371,,OK,MAX,1, ,0.50,7.00,3.30,OK,0.50,7.00,6.11,OK,0.50,7.00,2.92,OK,0.50,7.00,1.54,OK,
[18:51:11] : Cycle start ON
[18:51:13] : Cycle start OFF
[18:51:19] : REQUEST MEAS. ON
[18:51:28] : REQUEST MEAS. OFF
[18:51:30] : 측정요구 ON 2
[18:51:39] : 측정요구 2OFF
[18:51:43] : 측정요구3 ON
[18:51:52] : 측정요구3 OFF
[18:51:54] : 측정요구4 ON
[18:52:03] : 측정요구4 OFF
[18:52:03] : 11,20181115-185203,CF18100850921,,OK,MAX,1, ,0.50,7.00,1.61,OK,0.50,7.00,2.55,OK,0.50,7.00,1.75,OK,0.50,7.00,2.00,OK,
[18:52:20] : Cycle start ON
[18:52:22] : Cycle start OFF
[18:52:49] : REQUEST MEAS. ON
[18:52:58] : REQUEST MEAS. OFF
[18:53:00] : 측정요구 ON 2
[18:53:09] : 측정요구 2OFF
[18:53:13] : 측정요구3 ON
[18:53:22] : 측정요구3 OFF
[18:53:24] : 측정요구4 ON
[18:53:33] : 측정요구4 OFF
[18:53:33] : 11,20181115-185333,CF18100421901,,OK,MAX,1, ,0.50,7.00,2.69,OK,0.50,7.00,3.48,OK,0.50,7.00,1.91,OK,0.50,7.00,1.65,OK,
[18:53:50] : Cycle start ON
[18:53:52] : Cycle start OFF
[19:04:34] : REQUEST MEAS. ON
[19:04:43] : REQUEST MEAS. OFF
[19:04:45] : 측정요구 ON 2
[19:04:54] : 측정요구 2OFF
[19:04:58] : 측정요구3 ON
[19:05:07] : 측정요구3 OFF
[19:05:08] : 측정요구4 ON
[19:05:17] : 측정요구4 OFF
[19:05:17] : 11,20181115-190518,CF18100851021,,OK,MAX,1, ,0.50,7.00,4.85,OK,0.50,7.00,4.32,OK,0.50,7.00,2.01,OK,0.50,7.00,1.13,OK,
[19:05:35] : Cycle start ON
[19:05:37] : Cycle start OFF
[19:06:04] : REQUEST MEAS. ON
[19:06:13] : REQUEST MEAS. OFF
[19:06:15] : 측정요구 ON 2
[19:06:24] : 측정요구 2OFF
[19:06:28] : 측정요구3 ON
[19:06:37] : 측정요구3 OFF
[19:06:39] : 측정요구4 ON
[19:06:48] : 측정요구4 OFF
[19:06:48] : 11,20181115-190648,CF18100852641,,OK,MAX,1, ,0.50,7.00,3.70,OK,0.50,7.00,3.50,OK,0.50,7.00,1.89,OK,0.50,7.00,1.40,OK,
[19:15:02] : Cycle start ON
[19:15:05] : Cycle start OFF
[19:15:11] : REQUEST MEAS. ON
[19:15:20] : REQUEST MEAS. OFF
[19:15:21] : 측정요구 ON 2
[19:15:30] : 측정요구 2OFF
[19:15:35] : 측정요구3 ON
[19:15:44] : 측정요구3 OFF
[19:15:45] : 측정요구4 ON
[19:15:54] : 측정요구4 OFF
[19:15:54] : 11,20181115-191555,CF18100421871,,OK,MAX,1, ,0.50,7.00,4.02,OK,0.50,7.00,3.91,OK,0.50,7.00,1.91,OK,0.50,7.00,1.85,OK,
[19:16:29] : Cycle start ON
[19:16:31] : Cycle start OFF
[19:16:41] : REQUEST MEAS. ON
[19:16:50] : REQUEST MEAS. OFF
[19:16:52] : 측정요구 ON 2
[19:17:01] : 측정요구 2OFF
[19:17:05] : 측정요구3 ON
[19:17:14] : 측정요구3 OFF
[19:17:16] : 측정요구4 ON
[19:17:25] : 측정요구4 OFF
[19:17:25] : 11,20181115-191725,CF18100851351,,OK,MAX,1, ,0.50,7.00,6.41,OK,0.50,7.00,3.58,OK,0.50,7.00,1.68,OK,0.50,7.00,1.97,OK,
[19:32:21] : Cycle start ON
[19:32:24] : Cycle start OFF
[19:32:30] : REQUEST MEAS. ON
[19:32:39] : REQUEST MEAS. OFF
[19:32:40] : 측정요구 ON 2
[19:32:49] : 측정요구 2OFF
[19:32:53] : 측정요구3 ON
[19:33:02] : 측정요구3 OFF
[19:33:04] : 측정요구4 ON
[19:33:13] : 측정요구4 OFF
[19:33:13] : 11,20181115-193313,CF18100852301,CF 18082411973,OK,MAX,1, ,0.50,7.00,3.02,OK,0.50,7.00,3.43,OK,0.50,7.00,1.90,OK,0.50,7.00,1.77,OK,
[19:36:03] : Cycle start ON
[19:36:05] : Cycle start OFF
[19:36:11] : REQUEST MEAS. ON
[19:36:20] : REQUEST MEAS. OFF
[19:36:22] : 측정요구 ON 2
[19:36:31] : 측정요구 2OFF
[19:36:36] : 측정요구3 ON
[19:36:45] : 측정요구3 OFF
[19:36:46] : 측정요구4 ON
[19:36:55] : 측정요구4 OFF
[19:36:55] : 11,20181115-193656,CF18100851001,,OK,MAX,1, ,0.50,7.00,1.63,OK,0.50,7.00,3.47,OK,0.50,7.00,2.15,OK,0.50,7.00,2.40,OK,
[19:37:15] : Cycle start ON
[19:37:17] : Cycle start OFF
[19:37:42] : REQUEST MEAS. ON
[19:37:51] : REQUEST MEAS. OFF
[19:37:53] : 측정요구 ON 2
[19:38:02] : 측정요구 2OFF
[19:38:06] : 측정요구3 ON
[19:38:15] : 측정요구3 OFF
[19:38:17] : 측정요구4 ON
[19:38:26] : 측정요구4 OFF
[19:38:26] : 11,20181115-193826,CF18100852511,,OK,MAX,1, ,0.50,7.00,2.60,OK,0.50,7.00,3.99,OK,0.50,7.00,2.05,OK,0.50,7.00,2.54,OK,
[19:38:43] : Cycle start ON
[19:38:45] : Cycle start OFF
[19:44:14] : REQUEST MEAS. ON
[19:44:23] : REQUEST MEAS. OFF
[19:44:25] : 측정요구 ON 2
[19:44:34] : 측정요구 2OFF
[19:44:38] : 측정요구3 ON
[19:44:47] : 측정요구3 OFF
[19:44:49] : 측정요구4 ON
[19:44:58] : 측정요구4 OFF
[19:44:58] : 11,20181115-194458,CF18100850971,,OK,MAX,1, ,0.50,7.00,4.57,OK,0.50,7.00,3.72,OK,0.50,7.00,1.83,OK,0.50,7.00,2.56,OK,
[19:45:15] : Cycle start ON
[19:45:17] : Cycle start OFF
[19:45:44] : REQUEST MEAS. ON
[19:45:53] : REQUEST MEAS. OFF
[19:45:55] : 측정요구 ON 2
[19:46:04] : 측정요구 2OFF
[19:46:08] : 측정요구3 ON
[19:46:17] : 측정요구3 OFF
[19:46:19] : 측정요구4 ON
[19:46:28] : 측정요구4 OFF
[19:46:28] : 11,20181115-194628,CF18100852561,,OK,MAX,1, ,0.50,7.00,4.85,OK,0.50,7.00,3.03,OK,0.50,7.00,1.76,OK,0.50,7.00,1.45,OK,
[19:46:46] : Cycle start ON
[19:46:49] : Cycle start OFF
[19:47:14] : REQUEST MEAS. ON
[19:47:23] : REQUEST MEAS. OFF
[19:47:25] : 측정요구 ON 2
[19:47:34] : 측정요구 2OFF
[19:47:39] : 측정요구3 ON
[19:47:48] : 측정요구3 OFF
[19:47:49] : 측정요구4 ON
[19:47:58] : 측정요구4 OFF
[19:47:58] : 11,20181115-194758,CF18100852351,,OK,MAX,1, ,0.50,7.00,2.71,OK,0.50,7.00,4.37,OK,0.50,7.00,2.41,OK,0.50,7.00,1.64,OK,
[19:48:17] : Cycle start ON
[19:48:20] : Cycle start OFF
[19:48:45] : REQUEST MEAS. ON
[19:48:54] : REQUEST MEAS. OFF
[19:48:55] : 측정요구 ON 2
[19:49:04] : 측정요구 2OFF
[19:49:09] : 측정요구3 ON
[19:49:18] : 측정요구3 OFF
[19:49:19] : 측정요구4 ON
[19:49:28] : 측정요구4 OFF
[19:49:28] : 11,20181115-194929,CF18100852771,,OK,MAX,1, ,0.50,7.00,3.70,OK,0.50,7.00,5.05,OK,0.50,7.00,1.15,OK,0.50,7.00,1.43,OK,
[19:49:47] : Cycle start ON
[19:49:49] : Cycle start OFF
[19:50:15] : REQUEST MEAS. ON
[19:50:24] : REQUEST MEAS. OFF
[19:50:26] : 측정요구 ON 2
[19:50:35] : 측정요구 2OFF
[19:50:39] : 측정요구3 ON
[19:50:48] : 측정요구3 OFF
[19:50:50] : 측정요구4 ON
[19:50:59] : 측정요구4 OFF
[19:50:59] : 11,20181115-195059,CF18100851171,,OK,MAX,1, ,0.50,7.00,3.44,OK,0.50,7.00,3.50,OK,0.50,7.00,1.52,OK,0.50,7.00,2.11,OK,
[19:51:16] : Cycle start ON
[19:51:18] : Cycle start OFF
[19:51:45] : REQUEST MEAS. ON
[19:51:54] : REQUEST MEAS. OFF
[19:51:56] : 측정요구 ON 2
[19:52:05] : 측정요구 2OFF
[19:52:09] : 측정요구3 ON
[19:52:18] : 측정요구3 OFF
[19:52:20] : 측정요구4 ON
[19:52:29] : 측정요구4 OFF
[19:52:29] : 11,20181115-195229,CF18100851671,,OK,MAX,1, ,0.50,7.00,3.30,OK,0.50,7.00,4.46,OK,0.50,7.00,1.73,OK,0.50,7.00,1.41,OK,
[19:52:46] : Cycle start ON
[19:52:49] : Cycle start OFF
[19:53:15] : REQUEST MEAS. ON
[19:53:24] : REQUEST MEAS. OFF
[19:53:26] : 측정요구 ON 2
[19:53:35] : 측정요구 2OFF
[19:53:39] : 측정요구3 ON
[19:53:48] : 측정요구3 OFF
[19:53:50] : 측정요구4 ON
[19:53:59] : 측정요구4 OFF
[19:53:59] : 11,20181115-195359,CF18100852171,,NG,MAX,1, ,0.50,7.00,1.90,OK,0.50,7.00,3.70,OK,0.50,7.00,8.87,NG,0.50,7.00,1.83,OK,
[19:54:21] : Cycle start ON
[19:54:23] : Cycle start OFF
[19:54:45] : REQUEST MEAS. ON
[19:54:54] : REQUEST MEAS. OFF
[19:54:56] : 측정요구 ON 2
[19:55:05] : 측정요구 2OFF
[19:55:09] : 측정요구3 ON
[19:55:18] : 측정요구3 OFF
[19:55:20] : 측정요구4 ON
[19:55:29] : 측정요구4 OFF
[19:55:29] : 11,20181115-195529,CF18100853161,,OK,MAX,1, ,0.50,7.00,2.11,OK,0.50,7.00,4.48,OK,0.50,7.00,1.71,OK,0.50,7.00,1.65,OK,
[19:55:46] : Cycle start ON
[19:55:48] : Cycle start OFF
[19:56:15] : REQUEST MEAS. ON
[19:56:24] : REQUEST MEAS. OFF
[19:56:26] : 측정요구 ON 2
[19:56:35] : 측정요구 2OFF
[19:56:40] : 측정요구3 ON
[19:56:49] : 측정요구3 OFF
[19:56:50] : 측정요구4 ON
[19:56:59] : 측정요구4 OFF
[19:56:59] : 11,20181115-195700,CF18100851041,,OK,MAX,1, ,0.50,7.00,2.71,OK,0.50,7.00,3.29,OK,0.50,7.00,2.02,OK,0.50,7.00,2.19,OK,
[19:57:17] : Cycle start ON
[19:57:19] : Cycle start OFF
[19:57:46] : REQUEST MEAS. ON
[19:57:55] : REQUEST MEAS. OFF
[19:57:57] : 측정요구 ON 2
[19:58:06] : 측정요구 2OFF
[19:58:10] : 측정요구3 ON
[19:58:19] : 측정요구3 OFF
[19:58:20] : 측정요구4 ON
[19:58:29] : 측정요구4 OFF
[19:58:29] : 11,20181115-195830,CF18100852981,,OK,MAX,1, ,0.50,7.00,6.80,OK,0.50,7.00,3.78,OK,0.50,7.00,1.72,OK,0.50,7.00,1.24,OK,
[19:59:54] : Cycle start ON
[19:59:56] : Cycle start OFF
[20:00:02] : REQUEST MEAS. ON
[20:00:11] : REQUEST MEAS. OFF
[20:00:12] : 측정요구 ON 2
[20:00:21] : 측정요구 2OFF
[20:00:26] : 측정요구3 ON
[20:00:35] : 측정요구3 OFF
[20:00:36] : 측정요구4 ON
[20:00:45] : 측정요구4 OFF
[20:00:45] : 11,20181115-200046,CF18100851991,,OK,MAX,1, ,0.50,7.00,3.27,OK,0.50,7.00,3.28,OK,0.50,7.00,2.19,OK,0.50,7.00,1.72,OK,
[20:01:12] : Cycle start ON
[20:01:14] : Cycle start OFF
[20:01:32] : REQUEST MEAS. ON
[20:01:41] : REQUEST MEAS. OFF
[20:01:43] : 측정요구 ON 2
[20:01:52] : 측정요구 2OFF
[20:01:56] : 측정요구3 ON
[20:02:05] : 측정요구3 OFF
[20:02:06] : 측정요구4 ON
[20:02:15] : 측정요구4 OFF
[20:02:15] : 11,20181115-200216,CF18100851141,,OK,MAX,1, ,0.50,7.00,2.55,OK,0.50,7.00,4.07,OK,0.50,7.00,2.63,OK,0.50,7.00,1.34,OK,
[20:02:45] : Cycle start ON
[20:02:47] : Cycle start OFF
[20:03:03] : REQUEST MEAS. ON
[20:03:12] : REQUEST MEAS. OFF
[20:03:13] : 측정요구 ON 2
[20:03:22] : 측정요구 2OFF
[20:03:26] : 측정요구3 ON
[20:03:35] : 측정요구3 OFF
[20:03:37] : 측정요구4 ON
[20:03:46] : 측정요구4 OFF
[20:03:46] : 11,20181115-200346,CF18100852621,,OK,MAX,1, ,0.50,7.00,3.93,OK,0.50,7.00,5.62,OK,0.50,7.00,1.65,OK,0.50,7.00,4.32,OK,
[20:04:49] : Cycle start ON
[20:04:51] : Cycle start OFF
[20:04:57] : REQUEST MEAS. ON
[20:05:06] : REQUEST MEAS. OFF
[20:05:08] : 측정요구 ON 2
[20:05:17] : 측정요구 2OFF
[20:05:21] : 측정요구3 ON
[20:05:30] : 측정요구3 OFF
[20:05:32] : 측정요구4 ON
[20:05:41] : 측정요구4 OFF
[20:05:41] : 11,20181115-200541,CF18100852851,,OK,MAX,1, ,0.50,7.00,3.11,OK,0.50,7.00,3.84,OK,0.50,7.00,1.80,OK,0.50,7.00,1.21,OK,
[20:06:00] : Cycle start ON
[20:06:02] : Cycle start OFF
[20:06:28] : REQUEST MEAS. ON
[20:06:37] : REQUEST MEAS. OFF
[20:06:38] : 측정요구 ON 2
[20:06:47] : 측정요구 2OFF
[20:06:52] : 측정요구3 ON
[20:07:01] : 측정요구3 OFF
[20:07:02] : 측정요구4 ON
[20:07:11] : 측정요구4 OFF
[20:07:11] : 11,20181115-200712,CF18100851621,CF 18082410123,OK,MAX,1, ,0.50,7.00,3.13,OK,0.50,7.00,4.39,OK,0.50,7.00,1.99,OK,0.50,7.00,1.55,OK,
[20:07:30] : Cycle start ON
[20:07:32] : Cycle start OFF
[20:07:58] : REQUEST MEAS. ON
[20:08:07] : REQUEST MEAS. OFF
[20:08:09] : 측정요구 ON 2
[20:08:18] : 측정요구 2OFF
[20:08:22] : 측정요구3 ON
[20:08:31] : 측정요구3 OFF
[20:08:32] : 측정요구4 ON
[20:08:41] : 측정요구4 OFF
[20:08:41] : 11,20181115-200842,CF18100852801,,OK,MAX,1, ,0.50,7.00,3.04,OK,0.50,7.00,4.16,OK,0.50,7.00,4.20,OK,0.50,7.00,1.84,OK,
[20:14:21] : MEAS ESC OFF
[20:14:21] : AUTO RUNNING OFF
 
