[13:34:33] : PROGRAM START
[13:34:54] : Plc Error Timer
[13:35:11] : PROGRAM END
 
[13:43:04] : PROGRAM START
[13:43:10] : PROGRAM END
 
[13:44:24] : PROGRAM START
[13:44:32] : Plc Error Timer
[13:44:39] : PROGRAM END
 
[14:04:18] : PROGRAM START
[14:04:21] : AUTO RUNNING OFF
[14:04:21] : REQUEST MEAS. OFF
[14:04:21] : end pos sig1 :50.000000 - 50.000000
[14:04:21] : end pos sig2 :50.000000 - 50.000000
[14:04:21] : end pos sig3 :50.000000 - 50.000000
[14:04:21] : REQUEST ZEROSET OFF
[14:04:21] : REQUEST ZEROSET OFF
[14:04:21] : end pos sig4 :50.000000 - 50.000000
[14:04:41] : PROGRAM END
 
[14:05:34] : PROGRAM START
[14:05:37] : AUTO RUNNING OFF
[14:05:37] : REQUEST MEAS. OFF
[14:05:37] : end pos sig1 :0.000000 - 0.000000
[14:05:37] : end pos sig2 :0.000000 - 0.000000
[14:05:37] : end pos sig3 :0.000000 - 0.000000
[14:05:37] : REQUEST ZEROSET OFF
[14:05:37] : REQUEST ZEROSET OFF
[14:05:37] : end pos sig4 :0.000000 - 0.000000
[14:05:49] : PROGRAM END
 
[14:06:34] : PROGRAM START
[14:06:37] : AUTO RUNNING OFF
[14:06:37] : REQUEST MEAS. OFF
[14:06:37] : end pos sig1 :50.000000 - 50.000000
[14:06:37] : end pos sig2 :50.000000 - 50.000000
[14:06:37] : end pos sig3 :50.000000 - 50.000000
[14:06:37] : REQUEST ZEROSET OFF
[14:06:37] : REQUEST ZEROSET OFF
[14:06:37] : end pos sig4 :50.000000 - 50.000000
[14:07:35] : 

[14:07:36] : 

[14:07:47] : PROGRAM END
 
[14:08:24] : PROGRAM START
[14:08:26] : AUTO RUNNING OFF
[14:08:26] : REQUEST MEAS. OFF
[14:08:26] : end pos sig1 :50.000000 - 50.000000
[14:08:26] : end pos sig2 :50.000000 - 50.000000
[14:08:26] : end pos sig3 :50.000000 - 50.000000
[14:08:26] : REQUEST ZEROSET OFF
[14:08:26] : REQUEST ZEROSET OFF
[14:08:26] : end pos sig4 :50.000000 - 50.000000
[14:08:34] : PROGRAM END
 
[14:09:17] : PROGRAM START
[14:09:21] : AUTO RUNNING OFF
[14:09:21] : REQUEST MEAS. OFF
[14:09:21] : end pos sig1 :50.000000 - 50.000000
[14:09:21] : end pos sig2 :50.000000 - 50.000000
[14:09:21] : end pos sig3 :50.000000 - 50.000000
[14:09:21] : REQUEST ZEROSET OFF
[14:09:21] : REQUEST ZEROSET OFF
[14:09:21] : end pos sig4 :50.000000 - 50.000000
[14:09:25] : PROGRAM END
 
[14:09:31] : PROGRAM START
[14:09:33] : AUTO RUNNING OFF
[14:09:33] : REQUEST MEAS. OFF
[14:09:33] : end pos sig1 :50.000000 - 50.000000
[14:09:33] : end pos sig2 :50.000000 - 50.000000
[14:09:33] : end pos sig3 :50.000000 - 50.000000
[14:09:33] : REQUEST ZEROSET OFF
[14:09:33] : REQUEST ZEROSET OFF
[14:09:33] : end pos sig4 :50.000000 - 50.000000
[14:11:01] : PROGRAM END
 
[14:11:06] : PROGRAM START
[14:11:08] : AUTO RUNNING OFF
[14:11:08] : REQUEST MEAS. OFF
[14:11:08] : end pos sig1 :50.000000 - 50.000000
[14:11:08] : end pos sig2 :50.000000 - 50.000000
[14:11:08] : end pos sig3 :50.000000 - 50.000000
[14:11:08] : REQUEST ZEROSET OFF
[14:11:08] : REQUEST ZEROSET OFF
[14:11:08] : end pos sig4 :50.000000 - 50.000000
[14:43:50] : PROGRAM END
 
[14:44:43] : PROGRAM START
[14:44:46] : AUTO RUNNING OFF
[14:44:46] : REQUEST MEAS. OFF
[14:44:46] : end pos sig1 :50.000000 - 50.000000
[14:44:46] : end pos sig2 :50.000000 - 50.000000
[14:44:46] : end pos sig3 :50.000000 - 50.000000
[14:44:46] : REQUEST ZEROSET OFF
[14:44:46] : REQUEST ZEROSET OFF
[14:44:46] : end pos sig4 :50.000000 - 50.000000
[14:44:49] : PROGRAM END
 
[14:44:56] : PROGRAM START
[14:44:58] : AUTO RUNNING OFF
[14:44:58] : REQUEST MEAS. OFF
[14:44:58] : end pos sig1 :50.000000 - 50.000000
[14:44:58] : end pos sig2 :50.000000 - 50.000000
[14:44:58] : end pos sig3 :50.000000 - 50.000000
[14:44:58] : REQUEST ZEROSET OFF
[14:44:58] : REQUEST ZEROSET OFF
[14:44:58] : end pos sig4 :50.000000 - 50.000000
[15:52:30] : Cycle start ON
[15:52:31] : Cycle start OFF
[15:52:35] : REQUEST MEAS. ON
[15:52:44] : REQUEST MEAS. OFF
[15:52:44] : end pos sig1 :50.000000 - 50.000000
[15:52:45] : 측정요구 ON 2
[15:52:54] : 측정요구 2OFF
[15:52:54] : end pos sig2 :-50.000000 - -50.000000
[15:52:57] : 측정요구3 ON
[15:53:06] : 측정요구3 OFF
[15:53:06] : end pos sig3 :50.000000 - 50.000000
[15:53:06] : 측정요구4 ON
[15:53:16] : 측정요구4 OFF
[15:53:16] : end pos sig4 :-50.000000 - -50.000000
[15:55:43] : MEAS ESC ON
[15:55:43] : MEAS ESC OFF
[18:29:30] : MEAS ESC ON
[18:29:34] : MEAS ESC OFF
[19:39:44] : MEAS ESC ON
[19:40:35] : MEAS ESC OFF
 
