[09:27:04] : PROGRAM START
[09:27:05] : Loading of library 'Orbit_IF.dll' Failed 
[09:27:09] : Amp Error Timer
[09:27:12] : Amp Error Timer
[09:27:15] : Amp Error Timer
[09:27:22] : Amp Error Timer
[09:27:34] : Amp Error Timer
[09:27:37] : Amp Error Timer
[09:27:40] : Amp Error Timer
[09:27:53] : Amp Error Timer
[09:28:11] : Amp Error Timer
[09:28:14] : Amp Error Timer
[09:28:49] : PROGRAM END
 
[09:29:31] : PROGRAM START
[09:29:32] : Loading of library 'Orbit_IF.dll' Failed 
[09:29:36] : Amp Error Timer
[09:29:39] : Amp Error Timer
[09:29:42] : Amp Error Timer
[09:29:45] : Amp Error Timer
[09:29:48] : Amp Error Timer
[09:29:55] : Amp Error Timer
[09:29:58] : Amp Error Timer
[09:30:01] : Amp Error Timer
[09:31:04] : Plc Error Timer
[09:32:54] : Plc Error Timer
[09:32:54] : Amp Error Timer
[09:33:02] : PROGRAM END
 
[09:54:23] : PROGRAM START
[09:54:23] : Loading of library 'Orbit_IF.dll' Failed 
[09:54:29] : Amp Error Timer
[09:54:40] : PROGRAM END
 
[10:01:29] : PROGRAM START
[10:01:29] : Loading of library 'Orbit_IF.dll' Failed 
[10:01:34] : Amp Error Timer
[10:04:05] : Amp Error Timer
[10:04:08] : Plc Error Timer
[10:12:24] : PROGRAM END
 
[13:19:15] : PROGRAM START
[13:19:15] : Loading of library 'Orbit_IF.dll' Failed 
[13:19:31] : PROGRAM END
 
[13:23:02] : PROGRAM START
[13:23:02] : Loading of library 'Orbit_IF.dll' Failed 
[13:23:26] : Amp Error Timer
[13:23:29] : Plc Error Timer
[13:23:33] : PROGRAM END
 
[13:28:30] : PROGRAM START
[13:28:30] : Loading of library 'Orbit_IF.dll' Failed 
[13:28:52] : Plc Error Timer
[13:28:57] : PROGRAM END
 
[13:33:35] : PROGRAM START
[13:33:36] : Loading of library 'Orbit_IF.dll' Failed 
[13:33:41] : Amp Error Timer
[13:34:07] : PROGRAM END
 
[14:22:28] : PROGRAM START
[14:22:29] : Loading of library 'Orbit_IF.dll' Failed 
[14:22:34] : Amp Error Timer
[14:22:46] : Amp Error Timer
[14:22:53] : Amp Error Timer
[14:22:58] : PROGRAM END
 
[14:28:25] : PROGRAM START
[14:28:25] : Loading of library 'Orbit_IF.dll' Failed 
[14:28:33] : Amp Error Timer
[14:28:38] : PROGRAM END
 
[14:29:03] : PROGRAM START
[14:29:03] : Loading of library 'Orbit_IF.dll' Failed 
[14:29:11] : Amp Error Timer
[14:29:36] : Amp Error Timer
[14:29:37] : PROGRAM END
 
[14:41:38] : PROGRAM START
[14:41:38] : Loading of library 'Orbit_IF.dll' Failed 
[14:41:43] : Amp Error Timer
[14:43:55] : PROGRAM END
 
[14:44:04] : PROGRAM START
[14:44:04] : Loading of library 'Orbit_IF.dll' Failed 
[14:44:14] : Amp Error Timer
[14:44:17] : PROGRAM END
 
[14:48:47] : PROGRAM START
[14:48:47] : Loading of library 'Orbit_IF.dll' Failed 
[14:48:52] : Amp Error Timer
[14:49:00] : Plc Error Timer
[14:49:26] : PROGRAM END
 
[14:50:05] : PROGRAM START
[14:50:05] : Loading of library 'Orbit_IF.dll' Failed 
[14:50:13] : Amp Error Timer
[14:50:48] : Amp Error Timer
[14:50:51] : Plc Error Timer
[14:51:03] : PROGRAM END
 
[14:51:52] : PROGRAM START
[14:51:52] : Loading of library 'Orbit_IF.dll' Failed 
[14:51:59] : Plc Error Timer
[14:52:02] : PROGRAM END
 
[14:55:42] : PROGRAM START
[14:55:42] : Loading of library 'Orbit_IF.dll' Failed 
[14:55:49] : PROGRAM END
 
[14:57:34] : PROGRAM START
[14:57:34] : Loading of library 'Orbit_IF.dll' Failed 
[14:57:40] : Plc Error Timer
[14:58:01] : PROGRAM END
 
[14:58:24] : PROGRAM START
[14:58:24] : Loading of library 'Orbit_IF.dll' Failed 
[14:58:35] : PROGRAM END
 
[15:16:04] : PROGRAM START
[15:16:05] : Loading of library 'Orbit_IF.dll' Failed 
[15:16:22] : Plc Error Timer
[15:16:31] : PROGRAM END
 
[15:17:12] : PROGRAM START
[15:17:13] : Loading of library 'Orbit_IF.dll' Failed 
[15:17:22] : Amp Error Timer
[15:17:25] : Plc Error Timer
[15:17:27] : PROGRAM END
 
[15:24:51] : PROGRAM START
[15:24:51] : Loading of library 'Orbit_IF.dll' Failed 
[15:24:57] : Plc Error Timer
[15:25:16] : Amp Error Timer
[15:25:19] : Plc Error Timer
[15:25:24] : PROGRAM END
 
[15:27:17] : PROGRAM START
[15:27:17] : Loading of library 'Orbit_IF.dll' Failed 
[15:27:33] : PROGRAM END
 
[15:29:18] : PROGRAM START
[15:29:18] : Loading of library 'Orbit_IF.dll' Failed 
[15:29:25] : PROGRAM END
 
[15:30:01] : PROGRAM START
[15:30:01] : Loading of library 'Orbit_IF.dll' Failed 
[15:30:12] : PROGRAM END
 
[15:32:12] : PROGRAM START
[15:32:13] : Loading of library 'Orbit_IF.dll' Failed 
[15:32:19] : PROGRAM END
 
[15:34:04] : PROGRAM START
[15:34:05] : Loading of library 'Orbit_IF.dll' Failed 
[15:34:11] : Amp Error Timer
[15:34:14] : Plc Error Timer
[15:34:23] : PROGRAM END
 
[15:37:54] : PROGRAM START
[15:37:54] : Loading of library 'Orbit_IF.dll' Failed 
[15:38:00] : Plc Error Timer
[15:47:15] : PROGRAM END
 
[15:49:22] : PROGRAM START
[15:49:22] : Loading of library 'Orbit_IF.dll' Failed 
[15:49:28] : PROGRAM END
 
[15:50:25] : PROGRAM START
[15:50:26] : Loading of library 'Orbit_IF.dll' Failed 
[15:50:32] : PROGRAM END
 
[15:51:22] : PROGRAM START
[15:51:22] : Loading of library 'Orbit_IF.dll' Failed 
[15:51:55] : Plc Error Timer
[15:51:55] : Amp Error Timer
[15:51:59] : PROGRAM END
 
[15:52:32] : PROGRAM START
[15:52:32] : Loading of library 'Orbit_IF.dll' Failed 
[15:52:39] : Amp Error Timer
[15:52:52] : Plc Error Timer
[15:52:55] : PROGRAM END
 
[15:53:49] : PROGRAM START
[15:53:49] : Loading of library 'Orbit_IF.dll' Failed 
[15:53:56] : Amp Error Timer
[15:54:03] : Plc Error Timer
[15:54:08] : PROGRAM END
 
[15:56:06] : PROGRAM START
[15:56:06] : Loading of library 'Orbit_IF.dll' Failed 
[15:56:18] : Amp Error Timer
[15:56:20] : PROGRAM END
 
[15:56:50] : PROGRAM START
[15:56:50] : Loading of library 'Orbit_IF.dll' Failed 
[15:57:01] : Amp Error Timer
[15:57:04] : Plc Error Timer
[15:57:35] : Amp Error Timer
[15:57:38] : Plc Error Timer
[15:57:52] : PROGRAM END
 
[16:00:38] : PROGRAM START
[16:00:39] : Loading of library 'Orbit_IF.dll' Failed 
[16:00:45] : Plc Error Timer
[16:01:27] : PROGRAM END
 
[16:24:23] : PROGRAM START
[16:24:24] : Loading of library 'Orbit_IF.dll' Failed 
[16:24:33] : Amp Error Timer
[16:24:36] : Plc Error Timer
[16:25:14] : PROGRAM END
 
[16:35:46] : PROGRAM START
[16:35:46] : Loading of library 'Orbit_IF.dll' Failed 
[16:35:53] : Amp Error Timer
[16:35:56] : Plc Error Timer
[16:36:04] : Plc Error Timer
[16:36:08] : PROGRAM END
 
[16:36:52] : PROGRAM START
[16:36:52] : Loading of library 'Orbit_IF.dll' Failed 
[16:37:04] : PROGRAM END
 
[16:37:57] : PROGRAM START
[16:37:57] : Loading of library 'Orbit_IF.dll' Failed 
[16:38:06] : Amp Error Timer
[16:38:09] : Plc Error Timer
[16:38:27] : PROGRAM END
 
[16:38:45] : PROGRAM START
[16:38:45] : Loading of library 'Orbit_IF.dll' Failed 
[16:38:49] : Amp Error Timer
[16:38:58] : PROGRAM END
 
[16:47:31] : PROGRAM START
[16:47:31] : Loading of library 'Orbit_IF.dll' Failed 
[16:47:41] : Amp Error Timer
[16:47:44] : Plc Error Timer
[16:48:05] : PROGRAM END
 
[16:48:43] : PROGRAM START
[16:48:43] : Loading of library 'Orbit_IF.dll' Failed 
[16:48:57] : PROGRAM END
 
[16:52:30] : PROGRAM START
[16:52:30] : Loading of library 'Orbit_IF.dll' Failed 
[16:52:39] : Amp Error Timer
[16:52:47] : PROGRAM END
 
[16:59:02] : PROGRAM START
[16:59:02] : Loading of library 'Orbit_IF.dll' Failed 
[16:59:07] : Amp Error Timer
[16:59:10] : Plc Error Timer
[16:59:49] : PROGRAM END
 
[17:00:27] : PROGRAM START
[17:00:28] : Loading of library 'Orbit_IF.dll' Failed 
[17:00:36] : Amp Error Timer
[17:00:39] : Plc Error Timer
[17:00:52] : PROGRAM END
 
[17:02:40] : PROGRAM START
[17:02:40] : Loading of library 'Orbit_IF.dll' Failed 
[17:02:51] : PROGRAM END
 
[17:03:55] : PROGRAM START
[17:03:55] : Loading of library 'Orbit_IF.dll' Failed 
[17:04:01] : Amp Error Timer
[17:04:04] : Plc Error Timer
[17:04:17] : PROGRAM END
 
[17:04:50] : PROGRAM START
[17:04:51] : Loading of library 'Orbit_IF.dll' Failed 
[17:04:56] : Amp Error Timer
[17:04:59] : Plc Error Timer
[17:05:03] : PROGRAM END
 
[17:05:14] : PROGRAM START
[17:05:14] : Loading of library 'Orbit_IF.dll' Failed 
[17:05:36] : Amp Error Timer
[17:05:39] : PROGRAM END
 
[17:06:37] : PROGRAM START
[17:06:38] : Loading of library 'Orbit_IF.dll' Failed 
[17:06:42] : Amp Error Timer
[17:06:48] : PROGRAM END
 
[17:07:28] : PROGRAM START
[17:07:28] : Loading of library 'Orbit_IF.dll' Failed 
[17:07:34] : Amp Error Timer
[17:07:37] : Plc Error Timer
[17:07:39] : PROGRAM END
 
[17:08:12] : PROGRAM START
[17:08:12] : Loading of library 'Orbit_IF.dll' Failed 
[17:08:18] : Amp Error Timer
[17:08:26] : Plc Error Timer
[17:08:32] : PROGRAM END
 
[17:10:33] : PROGRAM START
[17:10:33] : Loading of library 'Orbit_IF.dll' Failed 
[17:10:40] : Amp Error Timer
[17:10:43] : Plc Error Timer
[17:11:01] : PROGRAM END
 
[17:14:06] : PROGRAM START
[17:14:06] : Loading of library 'Orbit_IF.dll' Failed 
[17:14:11] : Amp Error Timer
[17:14:14] : Plc Error Timer
[17:14:24] : Plc Error Timer
[17:14:45] : PROGRAM END
 
[17:15:51] : PROGRAM START
[17:15:51] : Loading of library 'Orbit_IF.dll' Failed 
[17:16:03] : Amp Error Timer
[17:16:06] : PROGRAM END
 
[17:17:25] : PROGRAM START
[17:17:25] : Loading of library 'Orbit_IF.dll' Failed 
[17:17:33] : Amp Error Timer
[17:17:36] : Plc Error Timer
[17:22:45] : PROGRAM END
 
[17:23:26] : PROGRAM START
[17:23:26] : Loading of library 'Orbit_IF.dll' Failed 
[17:23:32] : Amp Error Timer
[17:23:35] : Plc Error Timer
[17:23:44] : PROGRAM END
 
[17:24:18] : PROGRAM START
[17:24:18] : Loading of library 'Orbit_IF.dll' Failed 
[17:24:26] : Amp Error Timer
[17:24:29] : PROGRAM END
 
[17:24:50] : PROGRAM START
[17:24:50] : Loading of library 'Orbit_IF.dll' Failed 
[17:24:56] : Amp Error Timer
[17:24:59] : Plc Error Timer
[17:24:59] : Amp Error Timer
[17:25:19] : PROGRAM END
 
[17:28:15] : PROGRAM START
[17:28:15] : Loading of library 'Orbit_IF.dll' Failed 
[17:28:23] : Amp Error Timer
[17:28:26] : Plc Error Timer
[17:29:50] : PROGRAM END
 
[17:31:11] : PROGRAM START
[17:31:11] : Loading of library 'Orbit_IF.dll' Failed 
[17:31:20] : Amp Error Timer
[17:31:23] : Plc Error Timer
[17:31:47] : Amp Error Timer
[17:32:00] : PROGRAM END
 
[17:37:02] : PROGRAM START
[17:37:02] : Loading of library 'Orbit_IF.dll' Failed 
[17:37:11] : Amp Error Timer
[17:37:14] : Plc Error Timer
[17:37:26] : PROGRAM END
 
[17:40:23] : PROGRAM START
[17:40:23] : Loading of library 'Orbit_IF.dll' Failed 
[17:40:29] : Amp Error Timer
[17:40:32] : Plc Error Timer
[17:40:32] : Amp Error Timer
[17:40:37] : PROGRAM END
 
[17:41:09] : PROGRAM START
[17:41:09] : Loading of library 'Orbit_IF.dll' Failed 
[17:41:18] : Amp Error Timer
[17:41:21] : Plc Error Timer
[17:41:21] : Amp Error Timer
[17:41:27] : PROGRAM END
 
[17:43:21] : PROGRAM START
[17:43:21] : Loading of library 'Orbit_IF.dll' Failed 
[17:43:25] : Amp Error Timer
[17:43:34] : Amp Error Timer
[17:43:38] : PROGRAM END
 
[17:44:24] : PROGRAM START
[17:44:25] : Loading of library 'Orbit_IF.dll' Failed 
[17:44:36] : Amp Error Timer
[17:44:39] : PROGRAM END
 
[17:45:08] : PROGRAM START
[17:45:09] : Loading of library 'Orbit_IF.dll' Failed 
[17:45:15] : Plc Error Timer
[17:45:40] : Amp Error Timer
[17:45:43] : Plc Error Timer
[17:45:43] : Amp Error Timer
[17:46:58] : Amp Error Timer
[17:47:00] : PROGRAM END
 
[17:47:20] : PROGRAM START
[17:47:20] : Loading of library 'Orbit_IF.dll' Failed 
[17:47:28] : Amp Error Timer
[17:47:31] : Plc Error Timer
[17:48:13] : PROGRAM END
 
[17:48:57] : PROGRAM START
[17:48:57] : Loading of library 'Orbit_IF.dll' Failed 
[17:49:04] : Plc Error Timer
[17:49:24] : Amp Error Timer
[17:49:27] : PROGRAM END
 
[17:55:20] : PROGRAM START
[17:55:21] : Loading of library 'Orbit_IF.dll' Failed 
[17:55:27] : Amp Error Timer
[17:55:30] : Plc Error Timer
[17:59:44] : PROGRAM END
 
[18:08:12] : PROGRAM START
[18:08:12] : Loading of library 'Orbit_IF.dll' Failed 
[18:08:17] : PROGRAM END
 
[18:10:07] : PROGRAM START
[18:10:07] : Loading of library 'Orbit_IF.dll' Failed 
[18:10:11] : Amp Error Timer
[18:10:19] : PROGRAM END
 
[18:15:17] : PROGRAM START
[18:15:17] : Loading of library 'Orbit_IF.dll' Failed 
[18:15:23] : Amp Error Timer
[18:15:37] : PROGRAM END
 
[18:17:45] : PROGRAM START
[18:17:45] : Loading of library 'Orbit_IF.dll' Failed 
[18:17:51] : Amp Error Timer
[18:17:53] : PROGRAM END
 
[18:18:24] : PROGRAM START
[18:18:24] : Loading of library 'Orbit_IF.dll' Failed 
[18:18:30] : Amp Error Timer
[18:18:31] : PROGRAM END
 
[18:19:08] : PROGRAM START
[18:19:09] : Loading of library 'Orbit_IF.dll' Failed 
[18:19:15] : Plc Error Timer
[18:19:42] : Amp Error Timer
[18:19:45] : Plc Error Timer
[21:05:57] : PROGRAM END
 
