 
[13:38:16] : Cycle start ON
[13:38:16] : Cycle start OFF
[13:38:22] : REQUEST MEAS. ON
[13:38:31] : REQUEST MEAS. OFF
[13:38:31] : end pos sig1 :50.000000 - 50.000000
[13:38:31] : 측정요구 ON 2
[13:38:41] : 측정요구 2OFF
[13:38:41] : end pos sig2 :-50.000000 - -50.000000
[13:38:44] : 측정요구3 ON
[13:38:53] : 측정요구3 OFF
[13:38:53] : end pos sig3 :50.000000 - 50.000000
[13:38:53] : 측정요구4 ON
[13:39:03] : 측정요구4 OFF
[13:39:03] : end pos sig4 :-50.000000 - -50.000000
[13:39:15] : Cycle start ON
[13:39:15] : Cycle start OFF
[13:39:20] : REQUEST MEAS. ON
[13:39:29] : REQUEST MEAS. OFF
[13:39:29] : end pos sig1 :50.000000 - 50.000000
[13:39:29] : 측정요구 ON 2
[13:39:38] : 측정요구 2OFF
[13:39:38] : end pos sig2 :-50.000000 - -50.000000
[13:39:42] : 측정요구3 ON
[13:39:51] : 측정요구3 OFF
[13:39:51] : end pos sig3 :50.000000 - 50.000000
[13:39:52] : 측정요구4 ON
[13:40:01] : 측정요구4 OFF
[13:40:01] : end pos sig4 :-50.000000 - -50.000000
[13:45:39] : Cycle start ON
[13:45:40] : Cycle start OFF
[13:45:44] : REQUEST MEAS. ON
[13:45:53] : REQUEST MEAS. OFF
[13:45:53] : end pos sig1 :50.000000 - 50.000000
[13:45:53] : 측정요구 ON 2
[13:46:03] : 측정요구 2OFF
[13:46:03] : end pos sig2 :-50.000000 - -50.000000
[13:46:06] : 측정요구3 ON
[13:46:15] : 측정요구3 OFF
[13:46:15] : end pos sig3 :50.000000 - 50.000000
[13:46:15] : 측정요구4 ON
[13:46:25] : 측정요구4 OFF
[13:46:25] : end pos sig4 :-50.000000 - -50.000000
[13:51:57] : Cycle start ON
[13:51:57] : Cycle start OFF
[13:52:01] : REQUEST MEAS. ON
[13:52:11] : REQUEST MEAS. OFF
[13:52:11] : end pos sig1 :50.000000 - 50.000000
[13:52:11] : 측정요구 ON 2
[13:52:20] : 측정요구 2OFF
[13:52:20] : end pos sig2 :-50.000000 - -50.000000
[13:52:24] : 측정요구3 ON
[13:52:33] : 측정요구3 OFF
[13:52:33] : end pos sig3 :50.000000 - 50.000000
[13:52:33] : 측정요구4 ON
[13:52:42] : 측정요구4 OFF
[13:52:42] : end pos sig4 :-50.000000 - -50.000000
[13:57:55] : Cycle start ON
[13:57:55] : Cycle start OFF
[13:58:00] : REQUEST MEAS. ON
[13:58:09] : REQUEST MEAS. OFF
[13:58:09] : end pos sig1 :50.000000 - 50.000000
[13:58:09] : 측정요구 ON 2
[13:58:18] : 측정요구 2OFF
[13:58:18] : end pos sig2 :-50.000000 - -50.000000
[13:58:22] : 측정요구3 ON
[13:58:31] : 측정요구3 OFF
[13:58:31] : end pos sig3 :50.000000 - 50.000000
[13:58:32] : 측정요구4 ON
[13:58:41] : 측정요구4 OFF
[13:58:41] : end pos sig4 :-50.000000 - -50.000000
[13:58:51] : Cycle start ON
[13:58:51] : Cycle start OFF
[13:58:55] : REQUEST MEAS. ON
[13:59:04] : REQUEST MEAS. OFF
[13:59:04] : end pos sig1 :50.000000 - 50.000000
[13:59:04] : 측정요구 ON 2
[13:59:14] : 측정요구 2OFF
[13:59:14] : end pos sig2 :-50.000000 - -50.000000
[13:59:17] : 측정요구3 ON
[13:59:26] : 측정요구3 OFF
[13:59:26] : end pos sig3 :50.000000 - 50.000000
[13:59:26] : 측정요구4 ON
[13:59:36] : 측정요구4 OFF
[13:59:36] : end pos sig4 :-50.000000 - -50.000000
[14:31:22] : Cycle start ON
[14:31:23] : Cycle start OFF
[14:31:27] : REQUEST MEAS. ON
[14:31:36] : REQUEST MEAS. OFF
[14:31:36] : end pos sig1 :50.000000 - 50.000000
[14:31:36] : 측정요구 ON 2
[14:31:45] : 측정요구 2OFF
[14:31:45] : end pos sig2 :-50.000000 - -50.000000
[14:31:49] : 측정요구3 ON
[14:31:58] : 측정요구3 OFF
[14:31:58] : end pos sig3 :50.000000 - 50.000000
[14:31:58] : 측정요구4 ON
[14:32:08] : 측정요구4 OFF
[14:32:08] : end pos sig4 :-50.000000 - -50.000000
[14:32:30] : Cycle start ON
[14:32:30] : Cycle start OFF
[14:32:35] : REQUEST MEAS. ON
[14:32:44] : REQUEST MEAS. OFF
[14:32:44] : end pos sig1 :50.000000 - 50.000000
[14:32:44] : 측정요구 ON 2
[14:32:54] : 측정요구 2OFF
[14:32:54] : end pos sig2 :-50.000000 - -50.000000
[14:32:57] : 측정요구3 ON
[14:33:06] : 측정요구3 OFF
[14:33:06] : end pos sig3 :50.000000 - 50.000000
[14:33:06] : 측정요구4 ON
[14:33:16] : 측정요구4 OFF
[14:33:16] : end pos sig4 :-50.000000 - -50.000000
[14:33:26] : Cycle start ON
[14:33:26] : Cycle start OFF
[14:33:30] : REQUEST MEAS. ON
[14:33:39] : REQUEST MEAS. OFF
[14:33:39] : end pos sig1 :50.000000 - 50.000000
[14:33:39] : 측정요구 ON 2
[14:33:49] : 측정요구 2OFF
[14:33:49] : end pos sig2 :-50.000000 - -50.000000
[14:33:52] : 측정요구3 ON
[14:34:01] : 측정요구3 OFF
[14:34:01] : end pos sig3 :50.000000 - 50.000000
[14:34:02] : 측정요구4 ON
[14:34:11] : 측정요구4 OFF
[14:34:11] : end pos sig4 :-50.000000 - -50.000000
[14:34:40] : Cycle start ON
[14:34:41] : Cycle start OFF
[14:34:45] : REQUEST MEAS. ON
[14:34:54] : REQUEST MEAS. OFF
[14:34:54] : end pos sig1 :50.000000 - 50.000000
[14:34:54] : 측정요구 ON 2
[14:35:03] : 측정요구 2OFF
[14:35:03] : end pos sig2 :-50.000000 - -50.000000
[14:35:07] : 측정요구3 ON
[14:35:16] : 측정요구3 OFF
[14:35:16] : end pos sig3 :50.000000 - 50.000000
[14:35:17] : 측정요구4 ON
[14:35:26] : 측정요구4 OFF
[14:35:26] : end pos sig4 :-50.000000 - -50.000000
[14:35:33] : Cycle start ON
[14:35:33] : Cycle start OFF
[14:35:37] : REQUEST MEAS. ON
[14:35:46] : REQUEST MEAS. OFF
[14:35:46] : end pos sig1 :50.000000 - 50.000000
[14:35:47] : 측정요구 ON 2
[14:35:56] : 측정요구 2OFF
[14:35:56] : end pos sig2 :-50.000000 - -50.000000
[14:36:00] : 측정요구3 ON
[14:36:09] : 측정요구3 OFF
[14:36:09] : end pos sig3 :50.000000 - 50.000000
[14:36:09] : 측정요구4 ON
[14:36:19] : 측정요구4 OFF
[14:36:19] : end pos sig4 :-50.000000 - -50.000000
[14:36:44] : Cycle start ON
[14:36:44] : Cycle start OFF
[14:36:49] : REQUEST MEAS. ON
[14:36:58] : REQUEST MEAS. OFF
[14:36:58] : end pos sig1 :50.000000 - 50.000000
[14:36:58] : 측정요구 ON 2
[14:37:07] : 측정요구 2OFF
[14:37:07] : end pos sig2 :-50.000000 - -50.000000
[14:37:11] : 측정요구3 ON
[14:37:20] : 측정요구3 OFF
[14:37:20] : end pos sig3 :50.000000 - 50.000000
[14:37:20] : 측정요구4 ON
[14:37:30] : 측정요구4 OFF
[14:37:30] : end pos sig4 :-50.000000 - -50.000000
[14:38:00] : Cycle start ON
[14:38:01] : Cycle start OFF
[14:38:05] : REQUEST MEAS. ON
[14:38:14] : REQUEST MEAS. OFF
[14:38:14] : end pos sig1 :50.000000 - 50.000000
[14:38:14] : 측정요구 ON 2
[14:38:24] : 측정요구 2OFF
[14:38:24] : end pos sig2 :-50.000000 - -50.000000
[14:38:28] : 측정요구3 ON
[14:38:37] : 측정요구3 OFF
[14:38:37] : end pos sig3 :50.000000 - 50.000000
[14:38:38] : 측정요구4 ON
[14:38:47] : 측정요구4 OFF
[14:38:47] : end pos sig4 :-50.000000 - -50.000000
[14:38:54] : Cycle start ON
[14:38:55] : Cycle start OFF
[14:38:59] : REQUEST MEAS. ON
[14:39:08] : REQUEST MEAS. OFF
[14:39:08] : end pos sig1 :50.000000 - 50.000000
[14:39:08] : 측정요구 ON 2
[14:39:18] : 측정요구 2OFF
[14:39:18] : end pos sig2 :-50.000000 - -50.000000
[14:39:22] : 측정요구3 ON
[14:39:31] : 측정요구3 OFF
[14:39:31] : end pos sig3 :50.000000 - 50.000000
[14:39:31] : 측정요구4 ON
[14:39:41] : 측정요구4 OFF
[14:39:41] : end pos sig4 :-50.000000 - -50.000000
[14:39:56] : Cycle start ON
[14:39:56] : Cycle start OFF
[14:40:00] : REQUEST MEAS. ON
[14:40:09] : REQUEST MEAS. OFF
[14:40:09] : end pos sig1 :50.000000 - 50.000000
[14:40:09] : 측정요구 ON 2
[14:40:19] : 측정요구 2OFF
[14:40:19] : end pos sig2 :-50.000000 - -50.000000
[14:40:22] : 측정요구3 ON
[14:40:31] : 측정요구3 OFF
[14:40:31] : end pos sig3 :50.000000 - 50.000000
[14:40:31] : 측정요구4 ON
[14:40:41] : 측정요구4 OFF
[14:40:41] : end pos sig4 :-50.000000 - -50.000000
[14:40:57] : Cycle start ON
[14:40:58] : Cycle start OFF
[14:41:02] : REQUEST MEAS. ON
[14:41:11] : REQUEST MEAS. OFF
[14:41:11] : end pos sig1 :50.000000 - 50.000000
[14:41:11] : 측정요구 ON 2
[14:41:20] : 측정요구 2OFF
[14:41:20] : end pos sig2 :-50.000000 - -50.000000
[14:41:24] : 측정요구3 ON
[14:41:33] : 측정요구3 OFF
[14:41:33] : end pos sig3 :50.000000 - 50.000000
[14:41:33] : 측정요구4 ON
[14:41:43] : 측정요구4 OFF
[14:41:43] : end pos sig4 :-50.000000 - -50.000000
[14:41:50] : Cycle start ON
[14:41:50] : Cycle start OFF
[14:41:54] : REQUEST MEAS. ON
[14:42:04] : REQUEST MEAS. OFF
[14:42:04] : end pos sig1 :50.000000 - 50.000000
[14:42:04] : 측정요구 ON 2
[14:42:13] : 측정요구 2OFF
[14:42:13] : end pos sig2 :-50.000000 - -50.000000
[14:42:17] : 측정요구3 ON
[14:42:26] : 측정요구3 OFF
[14:42:26] : end pos sig3 :50.000000 - 50.000000
[14:42:26] : 측정요구4 ON
[14:42:36] : 측정요구4 OFF
[14:42:36] : end pos sig4 :-50.000000 - -50.000000
[14:42:43] : Cycle start ON
[14:42:43] : Cycle start OFF
[14:42:47] : REQUEST MEAS. ON
[14:42:56] : REQUEST MEAS. OFF
[14:42:56] : end pos sig1 :50.000000 - 50.000000
[14:42:57] : 측정요구 ON 2
[14:43:06] : 측정요구 2OFF
[14:43:06] : end pos sig2 :-50.000000 - -50.000000
[14:43:10] : 측정요구3 ON
[14:43:19] : 측정요구3 OFF
[14:43:19] : end pos sig3 :50.000000 - 50.000000
[14:43:20] : 측정요구4 ON
[14:43:29] : 측정요구4 OFF
[14:43:29] : end pos sig4 :-50.000000 - -50.000000
[14:43:39] : Cycle start ON
[14:43:40] : Cycle start OFF
[14:43:44] : REQUEST MEAS. ON
[14:43:53] : REQUEST MEAS. OFF
[14:43:53] : end pos sig1 :50.000000 - 50.000000
[14:43:53] : 측정요구 ON 2
[14:44:03] : 측정요구 2OFF
[14:44:03] : end pos sig2 :-50.000000 - -50.000000
[14:44:06] : 측정요구3 ON
[14:44:15] : 측정요구3 OFF
[14:44:15] : end pos sig3 :50.000000 - 50.000000
[14:44:15] : 측정요구4 ON
[14:44:25] : 측정요구4 OFF
[14:44:25] : end pos sig4 :-50.000000 - -50.000000
[14:44:51] : Cycle start ON
[14:44:52] : Cycle start OFF
[14:44:56] : REQUEST MEAS. ON
[14:45:05] : REQUEST MEAS. OFF
[14:45:05] : end pos sig1 :50.000000 - 50.000000
[14:45:05] : 측정요구 ON 2
[14:45:15] : 측정요구 2OFF
[14:45:15] : end pos sig2 :-50.000000 - -50.000000
[14:45:18] : 측정요구3 ON
[14:45:27] : 측정요구3 OFF
[14:45:27] : end pos sig3 :50.000000 - 50.000000
[14:45:27] : 측정요구4 ON
[14:45:37] : 측정요구4 OFF
[14:45:37] : end pos sig4 :-50.000000 - -50.000000
[14:45:58] : Cycle start ON
[14:45:59] : Cycle start OFF
[14:46:03] : REQUEST MEAS. ON
[14:46:12] : REQUEST MEAS. OFF
[14:46:12] : end pos sig1 :50.000000 - 50.000000
[14:46:12] : 측정요구 ON 2
[14:46:22] : 측정요구 2OFF
[14:46:22] : end pos sig2 :-50.000000 - -50.000000
[14:46:26] : 측정요구3 ON
[14:46:35] : 측정요구3 OFF
[14:46:35] : end pos sig3 :50.000000 - 50.000000
[14:46:35] : 측정요구4 ON
[14:46:45] : 측정요구4 OFF
[14:46:45] : end pos sig4 :-50.000000 - -50.000000
[14:46:53] : Cycle start ON
[14:46:53] : Cycle start OFF
[14:46:58] : REQUEST MEAS. ON
[14:47:07] : REQUEST MEAS. OFF
[14:47:07] : end pos sig1 :50.000000 - 50.000000
[14:47:07] : 측정요구 ON 2
[14:47:17] : 측정요구 2OFF
[14:47:17] : end pos sig2 :-50.000000 - -50.000000
[14:47:20] : 측정요구3 ON
[14:47:29] : 측정요구3 OFF
[14:47:29] : end pos sig3 :50.000000 - 50.000000
[14:47:30] : 측정요구4 ON
[14:47:39] : 측정요구4 OFF
[14:47:39] : end pos sig4 :-50.000000 - -50.000000
[14:47:47] : Cycle start ON
[14:47:48] : Cycle start OFF
[14:47:52] : REQUEST MEAS. ON
[14:48:01] : REQUEST MEAS. OFF
[14:48:01] : end pos sig1 :50.000000 - 50.000000
[14:48:01] : 측정요구 ON 2
[14:48:10] : 측정요구 2OFF
[14:48:10] : end pos sig2 :-50.000000 - -50.000000
[14:48:14] : 측정요구3 ON
[14:48:23] : 측정요구3 OFF
[14:48:23] : end pos sig3 :50.000000 - 50.000000
[14:48:23] : 측정요구4 ON
[14:48:33] : 측정요구4 OFF
[14:48:33] : end pos sig4 :-50.000000 - -50.000000
[14:48:40] : Cycle start ON
[14:48:40] : Cycle start OFF
[14:48:44] : REQUEST MEAS. ON
[14:48:54] : REQUEST MEAS. OFF
[14:48:54] : end pos sig1 :50.000000 - 50.000000
[14:48:54] : 측정요구 ON 2
[14:49:03] : 측정요구 2OFF
[14:49:03] : end pos sig2 :-50.000000 - -50.000000
[14:49:07] : 측정요구3 ON
[14:49:16] : 측정요구3 OFF
[14:49:16] : end pos sig3 :50.000000 - 50.000000
[14:49:17] : 측정요구4 ON
[14:49:26] : 측정요구4 OFF
[14:49:26] : end pos sig4 :-50.000000 - -50.000000
[14:49:33] : Cycle start ON
[14:49:33] : Cycle start OFF
[14:49:38] : REQUEST MEAS. ON
[14:49:47] : REQUEST MEAS. OFF
[14:49:47] : end pos sig1 :50.000000 - 50.000000
[14:49:47] : 측정요구 ON 2
[14:49:56] : 측정요구 2OFF
[14:49:56] : end pos sig2 :-50.000000 - -50.000000
[14:50:00] : 측정요구3 ON
[14:50:09] : 측정요구3 OFF
[14:50:09] : end pos sig3 :50.000000 - 50.000000
[14:50:10] : 측정요구4 ON
[14:50:19] : 측정요구4 OFF
[14:50:19] : end pos sig4 :-50.000000 - -50.000000
[14:50:38] : Cycle start ON
[14:50:39] : Cycle start OFF
[14:50:43] : REQUEST MEAS. ON
[14:50:52] : REQUEST MEAS. OFF
[14:50:52] : end pos sig1 :50.000000 - 50.000000
[14:50:52] : 측정요구 ON 2
[14:51:02] : 측정요구 2OFF
[14:51:02] : end pos sig2 :-50.000000 - -50.000000
[14:51:05] : 측정요구3 ON
[14:51:14] : 측정요구3 OFF
[14:51:14] : end pos sig3 :50.000000 - 50.000000
[14:51:14] : 측정요구4 ON
[14:51:24] : 측정요구4 OFF
[14:51:24] : end pos sig4 :-50.000000 - -50.000000
[14:51:54] : Cycle start ON
[14:51:54] : Cycle start OFF
[14:51:59] : REQUEST MEAS. ON
[14:52:08] : REQUEST MEAS. OFF
[14:52:08] : end pos sig1 :50.000000 - 50.000000
[14:52:08] : 측정요구 ON 2
[14:52:17] : 측정요구 2OFF
[14:52:17] : end pos sig2 :-50.000000 - -50.000000
[14:52:21] : 측정요구3 ON
[14:52:30] : 측정요구3 OFF
[14:52:30] : end pos sig3 :50.000000 - 50.000000
[14:52:31] : 측정요구4 ON
[14:52:40] : 측정요구4 OFF
[14:52:40] : end pos sig4 :-50.000000 - -50.000000
[14:52:48] : Cycle start ON
[14:52:48] : Cycle start OFF
[14:52:52] : REQUEST MEAS. ON
[14:53:01] : REQUEST MEAS. OFF
[14:53:01] : end pos sig1 :50.000000 - 50.000000
[14:53:01] : 측정요구 ON 2
[14:53:11] : 측정요구 2OFF
[14:53:11] : end pos sig2 :-50.000000 - -50.000000
[14:53:14] : 측정요구3 ON
[14:53:23] : 측정요구3 OFF
[14:53:23] : end pos sig3 :50.000000 - 50.000000
[14:53:23] : 측정요구4 ON
[14:53:33] : 측정요구4 OFF
[14:53:33] : end pos sig4 :-50.000000 - -50.000000
[14:53:44] : Cycle start ON
[14:53:44] : Cycle start OFF
[14:53:48] : REQUEST MEAS. ON
[14:53:57] : REQUEST MEAS. OFF
[14:53:57] : end pos sig1 :50.000000 - 50.000000
[14:53:57] : 측정요구 ON 2
[14:54:07] : 측정요구 2OFF
[14:54:07] : end pos sig2 :-50.000000 - -50.000000
[14:54:10] : 측정요구3 ON
[14:54:19] : 측정요구3 OFF
[14:54:19] : end pos sig3 :50.000000 - 50.000000
[14:54:19] : 측정요구4 ON
[14:54:29] : 측정요구4 OFF
[14:54:29] : end pos sig4 :-50.000000 - -50.000000
[14:54:38] : Cycle start ON
[14:54:38] : Cycle start OFF
[14:54:43] : REQUEST MEAS. ON
[14:54:52] : REQUEST MEAS. OFF
[14:54:52] : end pos sig1 :50.000000 - 50.000000
[14:54:52] : 측정요구 ON 2
[14:55:01] : 측정요구 2OFF
[14:55:01] : end pos sig2 :-50.000000 - -50.000000
[14:55:04] : 측정요구3 ON
[14:55:13] : 측정요구3 OFF
[14:55:13] : end pos sig3 :50.000000 - 50.000000
[14:55:14] : 측정요구4 ON
[14:55:23] : 측정요구4 OFF
[14:55:23] : end pos sig4 :-50.000000 - -50.000000
[14:55:29] : Cycle start ON
[14:55:30] : Cycle start OFF
[14:55:34] : REQUEST MEAS. ON
[14:55:43] : REQUEST MEAS. OFF
[14:55:43] : end pos sig1 :50.000000 - 50.000000
[14:55:43] : 측정요구 ON 2
[14:55:53] : 측정요구 2OFF
[14:55:53] : end pos sig2 :-50.000000 - -50.000000
[14:55:56] : 측정요구3 ON
[14:56:05] : 측정요구3 OFF
[14:56:05] : end pos sig3 :50.000000 - 50.000000
[14:56:06] : 측정요구4 ON
[14:56:15] : 측정요구4 OFF
[14:56:15] : end pos sig4 :-50.000000 - -50.000000
[14:56:29] : Cycle start ON
[14:56:29] : Cycle start OFF
[14:56:33] : REQUEST MEAS. ON
[14:56:42] : REQUEST MEAS. OFF
[14:56:42] : end pos sig1 :50.000000 - 50.000000
[14:56:42] : 측정요구 ON 2
[14:56:52] : 측정요구 2OFF
[14:56:52] : end pos sig2 :-50.000000 - -50.000000
[14:56:55] : 측정요구3 ON
[14:57:04] : 측정요구3 OFF
[14:57:04] : end pos sig3 :50.000000 - 50.000000
[14:57:05] : 측정요구4 ON
[14:57:14] : 측정요구4 OFF
[14:57:14] : end pos sig4 :-50.000000 - -50.000000
[14:57:21] : Cycle start ON
[14:57:22] : Cycle start OFF
[14:57:26] : REQUEST MEAS. ON
[14:57:35] : REQUEST MEAS. OFF
[14:57:35] : end pos sig1 :50.000000 - 50.000000
[14:57:35] : 측정요구 ON 2
[14:57:44] : 측정요구 2OFF
[14:57:44] : end pos sig2 :-50.000000 - -50.000000
[14:57:48] : 측정요구3 ON
[14:57:57] : 측정요구3 OFF
[14:57:57] : end pos sig3 :50.000000 - 50.000000
[14:57:58] : 측정요구4 ON
[14:58:07] : 측정요구4 OFF
[14:58:07] : end pos sig4 :-50.000000 - -50.000000
[14:58:12] : Cycle start ON
[14:58:12] : Cycle start OFF
[14:58:16] : REQUEST MEAS. ON
[14:58:25] : REQUEST MEAS. OFF
[14:58:25] : end pos sig1 :50.000000 - 50.000000
[14:58:26] : 측정요구 ON 2
[14:58:35] : 측정요구 2OFF
[14:58:35] : end pos sig2 :-50.000000 - -50.000000
[14:58:39] : 측정요구3 ON
[14:58:48] : 측정요구3 OFF
[14:58:48] : end pos sig3 :50.000000 - 50.000000
[14:58:49] : 측정요구4 ON
[14:58:58] : 측정요구4 OFF
[14:58:58] : end pos sig4 :-50.000000 - -50.000000
[14:59:04] : Cycle start ON
[14:59:04] : Cycle start OFF
[14:59:08] : REQUEST MEAS. ON
[14:59:18] : REQUEST MEAS. OFF
[14:59:18] : end pos sig1 :50.000000 - 50.000000
[14:59:18] : 측정요구 ON 2
[14:59:27] : 측정요구 2OFF
[14:59:27] : end pos sig2 :-50.000000 - -50.000000
[14:59:31] : 측정요구3 ON
[14:59:40] : 측정요구3 OFF
[14:59:40] : end pos sig3 :50.000000 - 50.000000
[14:59:41] : 측정요구4 ON
[14:59:50] : 측정요구4 OFF
[14:59:50] : end pos sig4 :-50.000000 - -50.000000
[14:59:58] : Cycle start ON
[14:59:58] : Cycle start OFF
[15:00:02] : REQUEST MEAS. ON
[15:00:11] : REQUEST MEAS. OFF
[15:00:11] : end pos sig1 :50.000000 - 50.000000
[15:00:12] : 측정요구 ON 2
[15:00:21] : 측정요구 2OFF
[15:00:21] : end pos sig2 :-50.000000 - -50.000000
[15:00:24] : 측정요구3 ON
[15:00:33] : 측정요구3 OFF
[15:00:33] : end pos sig3 :50.000000 - 50.000000
[15:00:33] : 측정요구4 ON
[15:00:43] : 측정요구4 OFF
[15:00:43] : end pos sig4 :-50.000000 - -50.000000
[16:13:29] : Cycle start ON
[16:13:29] : Cycle start OFF
[16:24:52] : Cycle start ON
[16:24:52] : Cycle start OFF
[16:26:15] : Cycle start ON
[16:26:15] : Cycle start OFF
[16:26:20] : REQUEST MEAS. ON
[16:26:29] : REQUEST MEAS. OFF
[16:26:29] : end pos sig1 :50.000000 - 50.000000
[16:26:29] : 측정요구 ON 2
[16:26:38] : 측정요구 2OFF
[16:26:38] : end pos sig2 :-50.000000 - -50.000000
[16:26:42] : 측정요구3 ON
[16:26:51] : 측정요구3 OFF
[16:26:51] : end pos sig3 :50.000000 - 50.000000
[16:26:51] : 측정요구4 ON
[16:27:00] : 측정요구4 OFF
[16:27:00] : end pos sig4 :-50.000000 - -50.000000
[16:28:37] : Cycle start ON
[16:28:38] : Cycle start OFF
[16:28:42] : REQUEST MEAS. ON
[16:28:51] : REQUEST MEAS. OFF
[16:28:51] : end pos sig1 :50.000000 - 50.000000
[16:28:51] : 측정요구 ON 2
[16:29:01] : 측정요구 2OFF
[16:29:01] : end pos sig2 :-50.000000 - -50.000000
[16:29:04] : 측정요구3 ON
[16:29:13] : 측정요구3 OFF
[16:29:13] : end pos sig3 :50.000000 - 50.000000
[16:29:14] : 측정요구4 ON
[16:29:23] : 측정요구4 OFF
[16:29:23] : end pos sig4 :-50.000000 - -50.000000
[16:29:48] : Cycle start ON
[16:29:48] : Cycle start OFF
[16:29:52] : REQUEST MEAS. ON
[16:30:01] : REQUEST MEAS. OFF
[16:30:01] : end pos sig1 :50.000000 - 50.000000
[16:30:01] : 측정요구 ON 2
[16:30:11] : 측정요구 2OFF
[16:30:11] : end pos sig2 :-50.000000 - -50.000000
[16:30:15] : 측정요구3 ON
[16:30:24] : 측정요구3 OFF
[16:30:24] : end pos sig3 :50.000000 - 50.000000
[16:30:25] : 측정요구4 ON
[16:30:34] : 측정요구4 OFF
[16:30:34] : end pos sig4 :-50.000000 - -50.000000
[16:30:51] : Cycle start ON
[16:30:51] : Cycle start OFF
[16:30:55] : REQUEST MEAS. ON
[16:31:04] : REQUEST MEAS. OFF
[16:31:04] : end pos sig1 :50.000000 - 50.000000
[16:31:05] : 측정요구 ON 2
[16:31:14] : 측정요구 2OFF
[16:31:14] : end pos sig2 :-50.000000 - -50.000000
[16:31:18] : 측정요구3 ON
[16:31:27] : 측정요구3 OFF
[16:31:27] : end pos sig3 :50.000000 - 50.000000
[16:31:27] : 측정요구4 ON
[16:31:37] : 측정요구4 OFF
[16:31:37] : end pos sig4 :-50.000000 - -50.000000
[16:31:42] : Cycle start ON
[16:31:42] : Cycle start OFF
[16:31:46] : REQUEST MEAS. ON
[16:31:55] : REQUEST MEAS. OFF
[16:31:55] : end pos sig1 :50.000000 - 50.000000
[16:31:56] : 측정요구 ON 2
[16:32:06] : 측정요구 2OFF
[16:32:06] : end pos sig2 :-50.000000 - -50.000000
[16:32:09] : 측정요구3 ON
[16:32:19] : 측정요구3 OFF
[16:32:19] : end pos sig3 :50.000000 - 50.000000
[16:32:19] : 측정요구4 ON
[16:32:28] : 측정요구4 OFF
[16:32:28] : end pos sig4 :-50.000000 - -50.000000
[16:32:34] : Cycle start ON
[16:32:34] : Cycle start OFF
[16:32:38] : REQUEST MEAS. ON
[16:32:47] : REQUEST MEAS. OFF
[16:32:47] : end pos sig1 :50.000000 - 50.000000
[16:32:47] : 측정요구 ON 2
[16:32:57] : 측정요구 2OFF
[16:32:57] : end pos sig2 :-50.000000 - -50.000000
[16:33:00] : 측정요구3 ON
[16:33:09] : 측정요구3 OFF
[16:33:09] : end pos sig3 :50.000000 - 50.000000
[16:33:10] : 측정요구4 ON
[16:33:19] : 측정요구4 OFF
[16:33:19] : end pos sig4 :-50.000000 - -50.000000
[16:33:25] : Cycle start ON
[16:33:25] : Cycle start OFF
[16:33:29] : REQUEST MEAS. ON
[16:33:38] : REQUEST MEAS. OFF
[16:33:38] : end pos sig1 :50.000000 - 50.000000
[16:33:39] : 측정요구 ON 2
[16:33:48] : 측정요구 2OFF
[16:33:48] : end pos sig2 :-50.000000 - -50.000000
[16:33:51] : 측정요구3 ON
[16:34:00] : 측정요구3 OFF
[16:34:00] : end pos sig3 :50.000000 - 50.000000
[16:34:00] : 측정요구4 ON
[16:34:10] : 측정요구4 OFF
[16:34:10] : end pos sig4 :-50.000000 - -50.000000
[16:34:16] : Cycle start ON
[16:34:16] : Cycle start OFF
[16:34:20] : REQUEST MEAS. ON
[16:34:29] : REQUEST MEAS. OFF
[16:34:29] : end pos sig1 :50.000000 - 50.000000
[16:34:29] : 측정요구 ON 2
[16:34:39] : 측정요구 2OFF
[16:34:39] : end pos sig2 :-50.000000 - -50.000000
[16:34:42] : 측정요구3 ON
[16:34:51] : 측정요구3 OFF
[16:34:51] : end pos sig3 :50.000000 - 50.000000
[16:34:51] : 측정요구4 ON
[16:35:01] : 측정요구4 OFF
[16:35:01] : end pos sig4 :-50.000000 - -50.000000
[16:35:07] : Cycle start ON
[16:35:07] : Cycle start OFF
[16:35:11] : REQUEST MEAS. ON
[16:35:20] : REQUEST MEAS. OFF
[16:35:20] : end pos sig1 :50.000000 - 50.000000
[16:35:21] : 측정요구 ON 2
[16:35:30] : 측정요구 2OFF
[16:35:30] : end pos sig2 :-50.000000 - -50.000000
[16:35:33] : 측정요구3 ON
[16:35:42] : 측정요구3 OFF
[16:35:42] : end pos sig3 :50.000000 - 50.000000
[16:35:42] : 측정요구4 ON
[16:35:52] : 측정요구4 OFF
[16:35:52] : end pos sig4 :-50.000000 - -50.000000
[16:35:58] : Cycle start ON
[16:35:58] : Cycle start OFF
[16:36:02] : REQUEST MEAS. ON
[16:36:11] : REQUEST MEAS. OFF
[16:36:11] : end pos sig1 :50.000000 - 50.000000
[16:36:11] : 측정요구 ON 2
[16:36:21] : 측정요구 2OFF
[16:36:21] : end pos sig2 :-50.000000 - -50.000000
[16:36:24] : 측정요구3 ON
[16:36:33] : 측정요구3 OFF
[16:36:33] : end pos sig3 :50.000000 - 50.000000
[16:36:33] : 측정요구4 ON
[16:36:43] : 측정요구4 OFF
[16:36:43] : end pos sig4 :-50.000000 - -50.000000
[16:36:48] : Cycle start ON
[16:36:48] : Cycle start OFF
[16:36:52] : REQUEST MEAS. ON
[16:37:02] : REQUEST MEAS. OFF
[16:37:02] : end pos sig1 :50.000000 - 50.000000
[16:37:02] : 측정요구 ON 2
[16:37:11] : 측정요구 2OFF
[16:37:11] : end pos sig2 :-50.000000 - -50.000000
[16:37:15] : 측정요구3 ON
[16:37:24] : 측정요구3 OFF
[16:37:24] : end pos sig3 :50.000000 - 50.000000
[16:37:25] : 측정요구4 ON
[16:37:34] : 측정요구4 OFF
[16:37:34] : end pos sig4 :-50.000000 - -50.000000
[16:37:39] : Cycle start ON
[16:37:39] : Cycle start OFF
[16:37:43] : REQUEST MEAS. ON
[16:37:52] : REQUEST MEAS. OFF
[16:37:52] : end pos sig1 :50.000000 - 50.000000
[16:37:52] : 측정요구 ON 2
[16:38:02] : 측정요구 2OFF
[16:38:02] : end pos sig2 :-50.000000 - -50.000000
[16:38:06] : 측정요구3 ON
[16:38:15] : 측정요구3 OFF
[16:38:15] : end pos sig3 :50.000000 - 50.000000
[16:38:16] : 측정요구4 ON
[16:38:25] : 측정요구4 OFF
[16:38:25] : end pos sig4 :-50.000000 - -50.000000
[16:38:30] : Cycle start ON
[16:38:30] : Cycle start OFF
[16:38:34] : REQUEST MEAS. ON
[16:38:43] : REQUEST MEAS. OFF
[16:38:43] : end pos sig1 :50.000000 - 50.000000
[16:38:43] : 측정요구 ON 2
[16:38:53] : 측정요구 2OFF
[16:38:53] : end pos sig2 :-50.000000 - -50.000000
[16:38:57] : 측정요구3 ON
[16:39:06] : 측정요구3 OFF
[16:39:06] : end pos sig3 :50.000000 - 50.000000
[16:39:06] : 측정요구4 ON
[16:39:16] : 측정요구4 OFF
[16:39:16] : end pos sig4 :-50.000000 - -50.000000
[16:39:21] : Cycle start ON
[16:39:21] : Cycle start OFF
[16:39:25] : REQUEST MEAS. ON
[16:39:34] : REQUEST MEAS. OFF
[16:39:34] : end pos sig1 :50.000000 - 50.000000
[16:39:35] : 측정요구 ON 2
[16:39:44] : 측정요구 2OFF
[16:39:44] : end pos sig2 :-50.000000 - -50.000000
[16:39:48] : 측정요구3 ON
[16:39:57] : 측정요구3 OFF
[16:39:57] : end pos sig3 :50.000000 - 50.000000
[16:39:58] : 측정요구4 ON
[16:40:07] : 측정요구4 OFF
[16:40:07] : end pos sig4 :-50.000000 - -50.000000
[16:40:12] : Cycle start ON
[16:40:12] : Cycle start OFF
[16:40:16] : REQUEST MEAS. ON
[16:40:25] : REQUEST MEAS. OFF
[16:40:25] : end pos sig1 :50.000000 - 50.000000
[16:40:26] : 측정요구 ON 2
[16:40:35] : 측정요구 2OFF
[16:40:35] : end pos sig2 :-50.000000 - -50.000000
[16:40:39] : 측정요구3 ON
[16:40:48] : 측정요구3 OFF
[16:40:48] : end pos sig3 :50.000000 - 50.000000
[16:40:48] : 측정요구4 ON
[16:40:58] : 측정요구4 OFF
[16:40:58] : end pos sig4 :-50.000000 - -50.000000
[16:41:03] : Cycle start ON
[16:41:03] : Cycle start OFF
[16:41:07] : REQUEST MEAS. ON
[16:41:16] : REQUEST MEAS. OFF
[16:41:16] : end pos sig1 :50.000000 - 50.000000
[16:41:17] : 측정요구 ON 2
[16:41:26] : 측정요구 2OFF
[16:41:26] : end pos sig2 :-50.000000 - -50.000000
[16:41:30] : 측정요구3 ON
[16:41:39] : 측정요구3 OFF
[16:41:39] : end pos sig3 :50.000000 - 50.000000
[16:41:39] : 측정요구4 ON
[16:41:49] : 측정요구4 OFF
[16:41:49] : end pos sig4 :-50.000000 - -50.000000
[16:41:54] : Cycle start ON
[16:41:54] : Cycle start OFF
[16:41:58] : REQUEST MEAS. ON
[16:42:07] : REQUEST MEAS. OFF
[16:42:07] : end pos sig1 :50.000000 - 50.000000
[16:42:07] : 측정요구 ON 2
[16:42:17] : 측정요구 2OFF
[16:42:17] : end pos sig2 :-50.000000 - -50.000000
[16:42:21] : 측정요구3 ON
[16:42:31] : 측정요구3 OFF
[16:42:31] : end pos sig3 :50.000000 - 50.000000
[16:42:31] : 측정요구4 ON
[16:42:40] : 측정요구4 OFF
[16:42:40] : end pos sig4 :-50.000000 - -50.000000
[16:42:45] : Cycle start ON
[16:42:45] : Cycle start OFF
[16:42:49] : REQUEST MEAS. ON
[16:42:59] : REQUEST MEAS. OFF
[16:42:59] : end pos sig1 :50.000000 - 50.000000
[16:42:59] : 측정요구 ON 2
[16:43:09] : 측정요구 2OFF
[16:43:09] : end pos sig2 :-50.000000 - -50.000000
[16:43:12] : 측정요구3 ON
[16:43:22] : 측정요구3 OFF
[16:43:22] : end pos sig3 :50.000000 - 50.000000
[16:43:22] : 측정요구4 ON
[16:43:31] : 측정요구4 OFF
[16:43:31] : end pos sig4 :-50.000000 - -50.000000
[16:43:37] : Cycle start ON
[16:43:37] : Cycle start OFF
[16:43:41] : REQUEST MEAS. ON
[16:43:51] : REQUEST MEAS. OFF
[16:43:51] : end pos sig1 :50.000000 - 50.000000
[16:43:51] : 측정요구 ON 2
[16:44:00] : 측정요구 2OFF
[16:44:00] : end pos sig2 :-50.000000 - -50.000000
[16:44:03] : 측정요구3 ON
[16:44:12] : 측정요구3 OFF
[16:44:12] : end pos sig3 :50.000000 - 50.000000
[16:44:13] : 측정요구4 ON
[16:44:22] : 측정요구4 OFF
[16:44:22] : end pos sig4 :-50.000000 - -50.000000
[16:44:28] : Cycle start ON
[16:44:28] : Cycle start OFF
[16:44:32] : REQUEST MEAS. ON
[16:44:41] : REQUEST MEAS. OFF
[16:44:41] : end pos sig1 :50.000000 - 50.000000
[16:44:42] : 측정요구 ON 2
[16:44:51] : 측정요구 2OFF
[16:44:51] : end pos sig2 :-50.000000 - -50.000000
[16:44:54] : 측정요구3 ON
[16:45:03] : 측정요구3 OFF
[16:45:03] : end pos sig3 :50.000000 - 50.000000
[16:45:04] : 측정요구4 ON
[16:45:13] : 측정요구4 OFF
[16:45:13] : end pos sig4 :-50.000000 - -50.000000
[16:45:19] : Cycle start ON
[16:45:19] : Cycle start OFF
[16:45:23] : REQUEST MEAS. ON
[16:45:32] : REQUEST MEAS. OFF
[16:45:32] : end pos sig1 :50.000000 - 50.000000
[16:45:33] : 측정요구 ON 2
[16:45:42] : 측정요구 2OFF
[16:45:42] : end pos sig2 :-50.000000 - -50.000000
[16:45:45] : 측정요구3 ON
[16:45:54] : 측정요구3 OFF
[16:45:54] : end pos sig3 :50.000000 - 50.000000
[16:45:54] : 측정요구4 ON
[16:46:04] : 측정요구4 OFF
[16:46:04] : end pos sig4 :-50.000000 - -50.000000
[16:46:10] : Cycle start ON
[16:46:10] : Cycle start OFF
[16:46:14] : REQUEST MEAS. ON
[16:46:24] : REQUEST MEAS. OFF
[16:46:24] : end pos sig1 :50.000000 - 50.000000
[16:46:24] : 측정요구 ON 2
[16:46:33] : 측정요구 2OFF
[16:46:33] : end pos sig2 :-50.000000 - -50.000000
[16:46:36] : 측정요구3 ON
[16:46:45] : 측정요구3 OFF
[16:46:45] : end pos sig3 :50.000000 - 50.000000
[16:46:46] : 측정요구4 ON
[16:46:56] : 측정요구4 OFF
[16:46:56] : end pos sig4 :-50.000000 - -50.000000
[16:47:01] : Cycle start ON
[16:47:01] : Cycle start OFF
[16:47:05] : REQUEST MEAS. ON
[16:47:15] : REQUEST MEAS. OFF
[16:47:15] : end pos sig1 :50.000000 - 50.000000
[16:47:15] : 측정요구 ON 2
[16:47:24] : 측정요구 2OFF
[16:47:24] : end pos sig2 :-50.000000 - -50.000000
[16:47:28] : 측정요구3 ON
[16:47:38] : 측정요구3 OFF
[16:47:38] : end pos sig3 :50.000000 - 50.000000
[16:47:38] : 측정요구4 ON
[16:47:47] : 측정요구4 OFF
[16:47:47] : end pos sig4 :-50.000000 - -50.000000
[16:47:52] : Cycle start ON
[16:47:52] : Cycle start OFF
[16:47:56] : REQUEST MEAS. ON
[16:48:05] : REQUEST MEAS. OFF
[16:48:05] : end pos sig1 :50.000000 - 50.000000
[16:48:05] : 측정요구 ON 2
[16:48:15] : 측정요구 2OFF
[16:48:15] : end pos sig2 :-50.000000 - -50.000000
[16:48:19] : 측정요구3 ON
[16:48:28] : 측정요구3 OFF
[16:48:28] : end pos sig3 :50.000000 - 50.000000
[16:48:28] : 측정요구4 ON
[16:48:38] : 측정요구4 OFF
[16:48:38] : end pos sig4 :-50.000000 - -50.000000
[17:45:11] : Cycle start ON
[17:45:11] : Cycle start OFF
[17:45:15] : REQUEST MEAS. ON
[17:45:25] : REQUEST MEAS. OFF
[17:45:25] : end pos sig1 :50.000000 - 50.000000
[17:45:25] : 측정요구 ON 2
[17:45:34] : 측정요구 2OFF
[17:45:34] : end pos sig2 :-50.000000 - -50.000000
[17:45:38] : 측정요구3 ON
[17:45:48] : 측정요구3 OFF
[17:45:48] : end pos sig3 :50.000000 - 50.000000
[17:45:48] : 측정요구4 ON
[17:45:57] : 측정요구4 OFF
[17:45:57] : end pos sig4 :-50.000000 - -50.000000
[17:46:17] : Cycle start ON
[17:46:17] : Cycle start OFF
[17:46:21] : REQUEST MEAS. ON
[17:46:30] : REQUEST MEAS. OFF
[17:46:30] : end pos sig1 :50.000000 - 50.000000
[17:46:31] : 측정요구 ON 2
[17:46:40] : 측정요구 2OFF
[17:46:40] : end pos sig2 :-50.000000 - -50.000000
[17:46:44] : 측정요구3 ON
[17:46:53] : 측정요구3 OFF
[17:46:53] : end pos sig3 :50.000000 - 50.000000
[17:46:53] : 측정요구4 ON
[17:47:03] : 측정요구4 OFF
[17:47:03] : end pos sig4 :-50.000000 - -50.000000
[17:47:18] : Cycle start ON
[17:47:18] : Cycle start OFF
[17:47:22] : REQUEST MEAS. ON
[17:47:31] : REQUEST MEAS. OFF
[17:47:31] : end pos sig1 :50.000000 - 50.000000
[17:47:32] : 측정요구 ON 2
[17:47:41] : 측정요구 2OFF
[17:47:41] : end pos sig2 :-50.000000 - -50.000000
[17:47:45] : 측정요구3 ON
[17:47:54] : 측정요구3 OFF
[17:47:54] : end pos sig3 :50.000000 - 50.000000
[17:47:54] : 측정요구4 ON
[17:48:04] : 측정요구4 OFF
[17:48:04] : end pos sig4 :-50.000000 - -50.000000
[17:48:12] : Cycle start ON
[17:48:12] : Cycle start OFF
[17:48:16] : REQUEST MEAS. ON
[17:48:26] : REQUEST MEAS. OFF
[17:48:26] : end pos sig1 :50.000000 - 50.000000
[17:48:26] : 측정요구 ON 2
[17:48:35] : 측정요구 2OFF
[17:48:35] : end pos sig2 :-50.000000 - -50.000000
[17:48:39] : 측정요구3 ON
[17:48:48] : 측정요구3 OFF
[17:48:48] : end pos sig3 :50.000000 - 50.000000
[17:48:48] : 측정요구4 ON
[17:48:58] : 측정요구4 OFF
[17:48:58] : end pos sig4 :-50.000000 - -50.000000
[17:49:04] : Cycle start ON
[17:49:05] : Cycle start OFF
[17:49:09] : REQUEST MEAS. ON
[17:49:18] : REQUEST MEAS. OFF
[17:49:18] : end pos sig1 :50.000000 - 50.000000
[17:49:18] : 측정요구 ON 2
[17:49:27] : 측정요구 2OFF
[17:49:27] : end pos sig2 :-50.000000 - -50.000000
[17:49:31] : 측정요구3 ON
[17:49:40] : 측정요구3 OFF
[17:49:40] : end pos sig3 :50.000000 - 50.000000
[17:49:41] : 측정요구4 ON
[17:49:50] : 측정요구4 OFF
[17:49:50] : end pos sig4 :-50.000000 - -50.000000
[17:50:12] : Cycle start ON
[17:50:12] : Cycle start OFF
[17:50:16] : REQUEST MEAS. ON
[17:50:25] : REQUEST MEAS. OFF
[17:50:25] : end pos sig1 :50.000000 - 50.000000
[17:50:26] : 측정요구 ON 2
[17:50:35] : 측정요구 2OFF
[17:50:35] : end pos sig2 :-50.000000 - -50.000000
[17:50:39] : 측정요구3 ON
[17:50:48] : 측정요구3 OFF
[17:50:48] : end pos sig3 :50.000000 - 50.000000
[17:50:48] : 측정요구4 ON
[17:50:58] : 측정요구4 OFF
[17:50:58] : end pos sig4 :-50.000000 - -50.000000
[17:51:03] : Cycle start ON
[17:51:04] : Cycle start OFF
[17:51:08] : REQUEST MEAS. ON
[17:51:17] : REQUEST MEAS. OFF
[17:51:17] : end pos sig1 :50.000000 - 50.000000
[17:51:17] : 측정요구 ON 2
[17:51:26] : 측정요구 2OFF
[17:51:26] : end pos sig2 :-50.000000 - -50.000000
[17:51:30] : 측정요구3 ON
[17:51:39] : 측정요구3 OFF
[17:51:39] : end pos sig3 :50.000000 - 50.000000
[17:51:39] : 측정요구4 ON
[17:51:49] : 측정요구4 OFF
[17:51:49] : end pos sig4 :-50.000000 - -50.000000
[17:51:55] : Cycle start ON
[17:51:56] : Cycle start OFF
[17:52:00] : REQUEST MEAS. ON
[17:52:09] : REQUEST MEAS. OFF
[17:52:09] : end pos sig1 :50.000000 - 50.000000
[17:52:09] : 측정요구 ON 2
[17:52:18] : 측정요구 2OFF
[17:52:18] : end pos sig2 :-50.000000 - -50.000000
[17:52:22] : 측정요구3 ON
[17:52:32] : 측정요구3 OFF
[17:52:32] : end pos sig3 :50.000000 - 50.000000
[17:52:32] : 측정요구4 ON
[17:52:41] : 측정요구4 OFF
[17:52:41] : end pos sig4 :-50.000000 - -50.000000
[17:52:46] : Cycle start ON
[17:52:47] : Cycle start OFF
[17:52:51] : REQUEST MEAS. ON
[17:53:00] : REQUEST MEAS. OFF
[17:53:00] : end pos sig1 :50.000000 - 50.000000
[17:53:00] : 측정요구 ON 2
[17:53:10] : 측정요구 2OFF
[17:53:10] : end pos sig2 :-50.000000 - -50.000000
[17:53:13] : 측정요구3 ON
[17:53:22] : 측정요구3 OFF
[17:53:22] : end pos sig3 :50.000000 - 50.000000
[17:53:23] : 측정요구4 ON
[17:53:32] : 측정요구4 OFF
[17:53:32] : end pos sig4 :-50.000000 - -50.000000
[17:53:38] : Cycle start ON
[17:53:39] : Cycle start OFF
[17:53:43] : REQUEST MEAS. ON
[17:53:52] : REQUEST MEAS. OFF
[17:53:52] : end pos sig1 :50.000000 - 50.000000
[17:53:52] : 측정요구 ON 2
[17:54:01] : 측정요구 2OFF
[17:54:01] : end pos sig2 :-50.000000 - -50.000000
[17:54:05] : 측정요구3 ON
[17:54:14] : 측정요구3 OFF
[17:54:14] : end pos sig3 :50.000000 - 50.000000
[17:54:14] : 측정요구4 ON
[17:54:24] : 측정요구4 OFF
[17:54:24] : end pos sig4 :-50.000000 - -50.000000
[17:54:29] : Cycle start ON
[17:54:30] : Cycle start OFF
[17:54:34] : REQUEST MEAS. ON
[17:54:43] : REQUEST MEAS. OFF
[17:54:43] : end pos sig1 :50.000000 - 50.000000
[17:54:43] : 측정요구 ON 2
[17:54:53] : 측정요구 2OFF
[17:54:53] : end pos sig2 :-50.000000 - -50.000000
[17:54:56] : 측정요구3 ON
[17:55:05] : 측정요구3 OFF
[17:55:05] : end pos sig3 :50.000000 - 50.000000
[17:55:05] : 측정요구4 ON
[17:55:15] : 측정요구4 OFF
[17:55:15] : end pos sig4 :-50.000000 - -50.000000
[17:55:21] : Cycle start ON
[17:55:22] : Cycle start OFF
[17:55:26] : REQUEST MEAS. ON
[17:55:35] : REQUEST MEAS. OFF
[17:55:35] : end pos sig1 :50.000000 - 50.000000
[17:55:35] : 측정요구 ON 2
[17:55:44] : 측정요구 2OFF
[17:55:44] : end pos sig2 :-50.000000 - -50.000000
[17:55:48] : 측정요구3 ON
[17:55:57] : 측정요구3 OFF
[17:55:57] : end pos sig3 :50.000000 - 50.000000
[17:55:57] : 측정요구4 ON
[17:56:06] : 측정요구4 OFF
[17:56:06] : end pos sig4 :-50.000000 - -50.000000
[17:56:12] : Cycle start ON
[17:56:13] : Cycle start OFF
[17:56:17] : REQUEST MEAS. ON
[17:56:26] : REQUEST MEAS. OFF
[17:56:26] : end pos sig1 :50.000000 - 50.000000
[17:56:26] : 측정요구 ON 2
[17:56:35] : 측정요구 2OFF
[17:56:35] : end pos sig2 :-50.000000 - -50.000000
[17:56:39] : 측정요구3 ON
[17:56:48] : 측정요구3 OFF
[17:56:48] : end pos sig3 :50.000000 - 50.000000
[17:56:48] : 측정요구4 ON
[17:56:58] : 측정요구4 OFF
[17:56:58] : end pos sig4 :-50.000000 - -50.000000
[17:57:03] : Cycle start ON
[17:57:04] : Cycle start OFF
[17:57:08] : REQUEST MEAS. ON
[17:57:17] : REQUEST MEAS. OFF
[17:57:17] : end pos sig1 :50.000000 - 50.000000
[17:57:17] : 측정요구 ON 2
[17:57:27] : 측정요구 2OFF
[17:57:27] : end pos sig2 :-50.000000 - -50.000000
[17:57:30] : 측정요구3 ON
[17:57:40] : 측정요구3 OFF
[17:57:40] : end pos sig3 :50.000000 - 50.000000
[17:57:40] : 측정요구4 ON
[17:57:49] : 측정요구4 OFF
[17:57:49] : end pos sig4 :-50.000000 - -50.000000
[17:57:55] : Cycle start ON
[17:57:56] : Cycle start OFF
[17:58:00] : REQUEST MEAS. ON
[17:58:09] : REQUEST MEAS. OFF
[17:58:09] : end pos sig1 :50.000000 - 50.000000
[17:58:09] : 측정요구 ON 2
[17:58:18] : 측정요구 2OFF
[17:58:18] : end pos sig2 :-50.000000 - -50.000000
[17:58:22] : 측정요구3 ON
[17:58:32] : 측정요구3 OFF
[17:58:32] : end pos sig3 :50.000000 - 50.000000
[17:58:32] : 측정요구4 ON
[17:58:41] : 측정요구4 OFF
[17:58:41] : end pos sig4 :-50.000000 - -50.000000
[17:58:47] : Cycle start ON
[17:58:48] : Cycle start OFF
[17:58:52] : REQUEST MEAS. ON
[17:59:01] : REQUEST MEAS. OFF
[17:59:01] : end pos sig1 :50.000000 - 50.000000
[17:59:01] : 측정요구 ON 2
[17:59:10] : 측정요구 2OFF
[17:59:10] : end pos sig2 :-50.000000 - -50.000000
[17:59:14] : 측정요구3 ON
[17:59:23] : 측정요구3 OFF
[17:59:23] : end pos sig3 :50.000000 - 50.000000
[17:59:23] : 측정요구4 ON
[17:59:32] : 측정요구4 OFF
[17:59:32] : end pos sig4 :-50.000000 - -50.000000
[17:59:38] : Cycle start ON
[17:59:39] : Cycle start OFF
[17:59:43] : REQUEST MEAS. ON
[17:59:52] : REQUEST MEAS. OFF
[17:59:52] : end pos sig1 :50.000000 - 50.000000
[17:59:52] : 측정요구 ON 2
[18:00:01] : 측정요구 2OFF
[18:00:01] : end pos sig2 :-50.000000 - -50.000000
[18:00:05] : 측정요구3 ON
[18:00:14] : 측정요구3 OFF
[18:00:14] : end pos sig3 :50.000000 - 50.000000
[18:00:14] : 측정요구4 ON
[18:00:24] : 측정요구4 OFF
[18:00:24] : end pos sig4 :-50.000000 - -50.000000
[18:00:30] : Cycle start ON
[18:00:30] : Cycle start OFF
[18:00:35] : REQUEST MEAS. ON
[18:00:44] : REQUEST MEAS. OFF
[18:00:44] : end pos sig1 :50.000000 - 50.000000
[18:00:44] : 측정요구 ON 2
[18:00:53] : 측정요구 2OFF
[18:00:53] : end pos sig2 :-50.000000 - -50.000000
[18:00:56] : 측정요구3 ON
[18:01:05] : 측정요구3 OFF
[18:01:05] : end pos sig3 :50.000000 - 50.000000
[18:01:06] : 측정요구4 ON
[18:01:15] : 측정요구4 OFF
[18:01:15] : end pos sig4 :-50.000000 - -50.000000
[18:01:21] : Cycle start ON
[18:01:22] : Cycle start OFF
[18:01:26] : REQUEST MEAS. ON
[18:01:35] : REQUEST MEAS. OFF
[18:01:35] : end pos sig1 :50.000000 - 50.000000
[18:01:35] : 측정요구 ON 2
[18:01:44] : 측정요구 2OFF
[18:01:44] : end pos sig2 :-50.000000 - -50.000000
[18:01:48] : 측정요구3 ON
[18:01:57] : 측정요구3 OFF
[18:01:57] : end pos sig3 :50.000000 - 50.000000
[18:01:58] : 측정요구4 ON
[18:02:07] : 측정요구4 OFF
[18:02:07] : end pos sig4 :-50.000000 - -50.000000
[18:20:02] : Cycle start ON
[18:20:02] : Cycle start OFF
[18:20:06] : REQUEST MEAS. ON
[18:20:15] : REQUEST MEAS. OFF
[18:20:15] : end pos sig1 :50.000000 - 50.000000
[18:20:15] : 측정요구 ON 2
[18:20:24] : 측정요구 2OFF
[18:20:24] : end pos sig2 :-50.000000 - -50.000000
[18:20:28] : 측정요구3 ON
[18:20:37] : 측정요구3 OFF
[18:20:37] : end pos sig3 :50.000000 - 50.000000
[18:20:38] : 측정요구4 ON
[18:20:47] : 측정요구4 OFF
[18:20:47] : end pos sig4 :-50.000000 - -50.000000
[18:21:19] : Cycle start ON
[18:21:20] : Cycle start OFF
[18:21:24] : REQUEST MEAS. ON
[18:21:33] : REQUEST MEAS. OFF
[18:21:33] : end pos sig1 :50.000000 - 50.000000
[18:21:33] : 측정요구 ON 2
[18:21:42] : 측정요구 2OFF
[18:21:42] : end pos sig2 :-50.000000 - -50.000000
[18:21:46] : 측정요구3 ON
[18:21:55] : 측정요구3 OFF
[18:21:55] : end pos sig3 :50.000000 - 50.000000
[18:21:55] : 측정요구4 ON
[18:22:05] : 측정요구4 OFF
[18:22:05] : end pos sig4 :-50.000000 - -50.000000
[18:22:10] : Cycle start ON
[18:22:10] : Cycle start OFF
[18:22:14] : REQUEST MEAS. ON
[18:22:24] : REQUEST MEAS. OFF
[18:22:24] : end pos sig1 :50.000000 - 50.000000
[18:22:24] : 측정요구 ON 2
[18:22:33] : 측정요구 2OFF
[18:22:33] : end pos sig2 :-50.000000 - -50.000000
[18:22:37] : 측정요구3 ON
[18:22:46] : 측정요구3 OFF
[18:22:46] : end pos sig3 :50.000000 - 50.000000
[18:22:46] : 측정요구4 ON
[18:22:56] : 측정요구4 OFF
[18:22:56] : end pos sig4 :-50.000000 - -50.000000
[18:23:01] : Cycle start ON
[18:23:01] : Cycle start OFF
[18:23:05] : REQUEST MEAS. ON
[18:23:14] : REQUEST MEAS. OFF
[18:23:14] : end pos sig1 :50.000000 - 50.000000
[18:23:15] : 측정요구 ON 2
[18:23:24] : 측정요구 2OFF
[18:23:24] : end pos sig2 :-50.000000 - -50.000000
[18:23:28] : 측정요구3 ON
[18:23:38] : 측정요구3 OFF
[18:23:38] : end pos sig3 :50.000000 - 50.000000
[18:23:38] : 측정요구4 ON
[18:23:47] : 측정요구4 OFF
[18:23:47] : end pos sig4 :-50.000000 - -50.000000
[18:24:16] : Cycle start ON
[18:24:17] : Cycle start OFF
[18:26:21] : REQUEST MEAS. ON
[18:26:30] : REQUEST MEAS. OFF
[18:26:30] : end pos sig1 :50.000000 - 50.000000
[18:26:30] : 측정요구 ON 2
[18:26:40] : 측정요구 2OFF
[18:26:40] : end pos sig2 :-50.000000 - -50.000000
[18:26:43] : 측정요구3 ON
[18:26:52] : 측정요구3 OFF
[18:26:52] : end pos sig3 :50.000000 - 50.000000
[18:26:52] : 측정요구4 ON
[18:27:02] : 측정요구4 OFF
[18:27:02] : end pos sig4 :-50.000000 - -50.000000
[18:28:44] : Cycle start ON
[18:28:45] : Cycle start OFF
[18:29:28] : Cycle start ON
[18:29:28] : Cycle start OFF
[18:30:02] : REQUEST MEAS. ON
[18:30:11] : REQUEST MEAS. OFF
[18:30:11] : end pos sig1 :50.000000 - 50.000000
[18:30:11] : 측정요구 ON 2
[18:30:21] : 측정요구 2OFF
[18:30:21] : end pos sig2 :-50.000000 - -50.000000
[18:30:24] : 측정요구3 ON
[18:30:34] : 측정요구3 OFF
[18:30:34] : end pos sig3 :50.000000 - 50.000000
[18:30:34] : 측정요구4 ON
[18:30:43] : 측정요구4 OFF
[18:30:43] : end pos sig4 :-50.000000 - -50.000000
[18:30:51] : Cycle start ON
[18:30:51] : Cycle start OFF
[18:30:56] : REQUEST MEAS. ON
[18:31:05] : REQUEST MEAS. OFF
[18:31:05] : end pos sig1 :50.000000 - 50.000000
[18:31:05] : 측정요구 ON 2
[18:31:14] : 측정요구 2OFF
[18:31:14] : end pos sig2 :-50.000000 - -50.000000
[18:31:18] : 측정요구3 ON
[18:31:27] : 측정요구3 OFF
[18:31:27] : end pos sig3 :50.000000 - 50.000000
[18:31:27] : 측정요구4 ON
[18:31:37] : 측정요구4 OFF
[18:31:37] : end pos sig4 :-50.000000 - -50.000000
[18:38:26] : Cycle start ON
[18:38:26] : Cycle start OFF
[18:38:31] : REQUEST MEAS. ON
[18:38:40] : REQUEST MEAS. OFF
[18:38:40] : end pos sig1 :50.000000 - 50.000000
[18:38:40] : 측정요구 ON 2
[18:38:50] : 측정요구 2OFF
[18:38:50] : end pos sig2 :-50.000000 - -50.000000
[18:38:54] : 측정요구3 ON
[18:39:03] : 측정요구3 OFF
[18:39:03] : end pos sig3 :50.000000 - 50.000000
[18:39:04] : 측정요구4 ON
[18:39:13] : 측정요구4 OFF
[18:39:13] : end pos sig4 :-50.000000 - -50.000000
[18:40:21] : Cycle start ON
[18:40:21] : Cycle start OFF
[18:41:35] : Cycle start ON
[18:41:36] : Cycle start OFF
[18:41:40] : REQUEST MEAS. ON
[18:41:49] : REQUEST MEAS. OFF
[18:41:49] : end pos sig1 :50.000000 - 50.000000
[18:41:49] : 측정요구 ON 2
[18:41:59] : 측정요구 2OFF
[18:41:59] : end pos sig2 :-50.000000 - -50.000000
[18:42:02] : 측정요구3 ON
[18:42:11] : 측정요구3 OFF
[18:42:11] : end pos sig3 :50.000000 - 50.000000
[18:42:11] : 측정요구4 ON
[18:42:21] : 측정요구4 OFF
[18:42:21] : end pos sig4 :-50.000000 - -50.000000
[18:45:12] : Cycle start ON
[18:45:13] : Cycle start OFF
[18:45:17] : REQUEST MEAS. ON
[18:45:26] : REQUEST MEAS. OFF
[18:45:26] : end pos sig1 :50.000000 - 50.000000
[18:45:26] : 측정요구 ON 2
[18:45:35] : 측정요구 2OFF
[18:45:35] : end pos sig2 :-50.000000 - -50.000000
[18:45:39] : 측정요구3 ON
[18:45:49] : 측정요구3 OFF
[18:45:49] : end pos sig3 :50.000000 - 50.000000
[18:45:49] : 측정요구4 ON
[18:45:58] : 측정요구4 OFF
[18:45:58] : end pos sig4 :-50.000000 - -50.000000
[18:47:57] : Cycle start ON
[18:47:57] : Cycle start OFF
[18:48:02] : REQUEST MEAS. ON
[18:48:11] : REQUEST MEAS. OFF
[18:48:11] : end pos sig1 :50.000000 - 50.000000
[18:48:11] : 측정요구 ON 2
[18:48:21] : 측정요구 2OFF
[18:48:21] : end pos sig2 :-50.000000 - -50.000000
[18:48:24] : 측정요구3 ON
[18:48:33] : 측정요구3 OFF
[18:48:33] : end pos sig3 :50.000000 - 50.000000
[18:48:33] : 측정요구4 ON
[18:48:43] : 측정요구4 OFF
[18:48:43] : end pos sig4 :-50.000000 - -50.000000
[18:48:54] : Cycle start ON
[18:48:54] : Cycle start OFF
[18:48:59] : REQUEST MEAS. ON
[18:49:08] : REQUEST MEAS. OFF
[18:49:08] : end pos sig1 :50.000000 - 50.000000
[18:49:08] : 측정요구 ON 2
[18:49:17] : 측정요구 2OFF
[18:49:17] : end pos sig2 :-50.000000 - -50.000000
[18:49:21] : 측정요구3 ON
[18:49:30] : 측정요구3 OFF
[18:49:30] : end pos sig3 :50.000000 - 50.000000
[18:49:30] : 측정요구4 ON
[18:49:40] : 측정요구4 OFF
[18:49:40] : end pos sig4 :-50.000000 - -50.000000
[18:50:16] : Cycle start ON
[18:50:16] : Cycle start OFF
[18:50:20] : REQUEST MEAS. ON
[18:50:29] : REQUEST MEAS. OFF
[18:50:29] : end pos sig1 :50.000000 - 50.000000
[18:50:30] : 측정요구 ON 2
[18:50:39] : 측정요구 2OFF
[18:50:39] : end pos sig2 :-50.000000 - -50.000000
[18:50:42] : 측정요구3 ON
[18:50:51] : 측정요구3 OFF
[18:50:51] : end pos sig3 :50.000000 - 50.000000
[18:50:52] : 측정요구4 ON
[18:51:01] : 측정요구4 OFF
[18:51:01] : end pos sig4 :-50.000000 - -50.000000
[18:55:00] : Cycle start ON
[18:55:00] : Cycle start OFF
[18:55:05] : REQUEST MEAS. ON
[18:55:14] : REQUEST MEAS. OFF
[18:55:14] : end pos sig1 :50.000000 - 50.000000
[18:55:14] : 측정요구 ON 2
[18:55:23] : 측정요구 2OFF
[18:55:23] : end pos sig2 :-50.000000 - -50.000000
[18:55:27] : 측정요구3 ON
[18:55:36] : 측정요구3 OFF
[18:55:36] : end pos sig3 :50.000000 - 50.000000
[18:55:36] : 측정요구4 ON
[18:55:46] : 측정요구4 OFF
[18:55:46] : end pos sig4 :-50.000000 - -50.000000
[18:58:45] : Cycle start ON
[18:58:45] : Cycle start OFF
[18:58:49] : REQUEST MEAS. ON
[18:58:59] : REQUEST MEAS. OFF
[18:58:59] : end pos sig1 :50.000000 - 50.000000
[18:58:59] : 측정요구 ON 2
[18:59:09] : 측정요구 2OFF
[18:59:09] : end pos sig2 :-50.000000 - -50.000000
[18:59:12] : 측정요구3 ON
[18:59:21] : 측정요구3 OFF
[18:59:21] : end pos sig3 :50.000000 - 50.000000
[18:59:21] : 측정요구4 ON
[18:59:31] : 측정요구4 OFF
[18:59:31] : end pos sig4 :-50.000000 - -50.000000
[19:04:17] : Cycle start ON
[19:04:18] : Cycle start OFF
[19:04:21] : REQUEST MEAS. ON
[19:04:30] : REQUEST MEAS. OFF
[19:04:30] : end pos sig1 :50.000000 - 50.000000
[19:04:30] : 측정요구 ON 2
[19:04:40] : 측정요구 2OFF
[19:04:40] : end pos sig2 :-50.000000 - -50.000000
[19:04:44] : 측정요구3 ON
[19:04:53] : 측정요구3 OFF
[19:04:53] : end pos sig3 :50.000000 - 50.000000
[19:04:53] : 측정요구4 ON
[19:05:03] : 측정요구4 OFF
[19:05:03] : end pos sig4 :-50.000000 - -50.000000
[19:05:50] : Cycle start ON
[19:05:51] : Cycle start OFF
[19:05:55] : REQUEST MEAS. ON
[19:06:04] : REQUEST MEAS. OFF
[19:06:04] : end pos sig1 :50.000000 - 50.000000
[19:06:04] : 측정요구 ON 2
[19:06:13] : 측정요구 2OFF
[19:06:13] : end pos sig2 :-50.000000 - -50.000000
[19:06:17] : 측정요구3 ON
[19:06:27] : 측정요구3 OFF
[19:06:27] : end pos sig3 :50.000000 - 50.000000
[19:06:27] : 측정요구4 ON
[19:06:36] : 측정요구4 OFF
[19:06:36] : end pos sig4 :-50.000000 - -50.000000
[19:10:06] : Cycle start ON
[19:10:06] : Cycle start OFF
[19:10:11] : REQUEST MEAS. ON
[19:10:20] : REQUEST MEAS. OFF
[19:10:20] : end pos sig1 :50.000000 - 50.000000
[19:10:20] : 측정요구 ON 2
[19:10:30] : 측정요구 2OFF
[19:10:30] : end pos sig2 :-50.000000 - -50.000000
[19:10:33] : 측정요구3 ON
[19:10:42] : 측정요구3 OFF
[19:10:42] : end pos sig3 :50.000000 - 50.000000
[19:10:42] : 측정요구4 ON
[19:10:52] : 측정요구4 OFF
[19:10:52] : end pos sig4 :-50.000000 - -50.000000
[19:11:12] : Cycle start ON
[19:11:12] : Cycle start OFF
[19:11:16] : REQUEST MEAS. ON
[19:11:25] : REQUEST MEAS. OFF
[19:11:25] : end pos sig1 :50.000000 - 50.000000
[19:11:25] : 측정요구 ON 2
[19:11:35] : 측정요구 2OFF
[19:11:35] : end pos sig2 :-50.000000 - -50.000000
[19:11:38] : 측정요구3 ON
[19:11:47] : 측정요구3 OFF
[19:11:47] : end pos sig3 :50.000000 - 50.000000
[19:11:47] : 측정요구4 ON
[19:11:57] : 측정요구4 OFF
[19:11:57] : end pos sig4 :-50.000000 - -50.000000
[19:14:49] : Cycle start ON
[19:14:49] : Cycle start OFF
[19:14:53] : REQUEST MEAS. ON
[19:15:03] : REQUEST MEAS. OFF
[19:15:03] : end pos sig1 :50.000000 - 50.000000
[19:15:03] : 측정요구 ON 2
[19:15:13] : 측정요구 2OFF
[19:15:13] : end pos sig2 :-50.000000 - -50.000000
[19:15:16] : 측정요구3 ON
[19:15:25] : 측정요구3 OFF
[19:15:25] : end pos sig3 :50.000000 - 50.000000
[19:15:26] : 측정요구4 ON
[19:15:35] : 측정요구4 OFF
[19:15:35] : end pos sig4 :-50.000000 - -50.000000
[19:17:24] : REQUEST MEAS. ON
[19:17:25] : REQUEST MEAS. OFF
[19:17:25] : end pos sig1 :-38.840000 - 11.150000
[19:17:57] : Cycle start ON
[19:17:58] : Cycle start OFF
[19:18:02] : REQUEST MEAS. ON
[19:18:11] : REQUEST MEAS. OFF
[19:18:11] : end pos sig1 :50.000000 - 50.000000
[19:18:11] : 측정요구 ON 2
[19:18:21] : 측정요구 2OFF
[19:18:21] : end pos sig2 :-50.000000 - -50.000000
[19:18:24] : 측정요구3 ON
[19:18:33] : 측정요구3 OFF
[19:18:33] : end pos sig3 :50.000000 - 50.000000
[19:18:34] : 측정요구4 ON
[19:18:43] : 측정요구4 OFF
[19:18:43] : end pos sig4 :-50.000000 - -50.000000
[19:34:26] : Cycle start ON
[19:34:26] : Cycle start OFF
[19:34:30] : REQUEST MEAS. ON
[19:34:39] : REQUEST MEAS. OFF
[19:34:39] : end pos sig1 :50.000000 - 50.000000
[19:34:40] : 측정요구 ON 2
[19:34:50] : 측정요구 2OFF
[19:34:50] : end pos sig2 :-50.000000 - -50.000000
[19:34:53] : 측정요구3 ON
[19:35:02] : 측정요구3 OFF
[19:35:02] : end pos sig3 :50.000000 - 50.000000
[19:35:02] : 측정요구4 ON
[19:35:12] : 측정요구4 OFF
[19:35:12] : end pos sig4 :-50.000000 - -50.000000
[19:35:52] : Cycle start ON
[19:35:53] : Cycle start OFF
[19:35:57] : REQUEST MEAS. ON
[19:36:06] : REQUEST MEAS. OFF
[19:36:06] : end pos sig1 :50.000000 - 50.000000
[19:36:06] : 측정요구 ON 2
[19:36:16] : 측정요구 2OFF
[19:36:16] : end pos sig2 :-50.000000 - -50.000000
[19:36:19] : 측정요구3 ON
[19:36:28] : 측정요구3 OFF
[19:36:28] : end pos sig3 :50.000000 - 50.000000
[19:36:28] : 측정요구4 ON
[19:36:38] : 측정요구4 OFF
[19:36:38] : end pos sig4 :-50.000000 - -50.000000
[19:38:48] : Cycle start ON
[19:38:48] : Cycle start OFF
[19:38:52] : REQUEST MEAS. ON
[19:39:01] : REQUEST MEAS. OFF
[19:39:01] : end pos sig1 :50.000000 - 50.000000
[19:39:01] : 측정요구 ON 2
[19:39:11] : 측정요구 2OFF
[19:39:11] : end pos sig2 :-50.000000 - -50.000000
[19:39:14] : 측정요구3 ON
[19:39:23] : 측정요구3 OFF
[19:39:23] : end pos sig3 :50.000000 - 50.000000
[19:39:23] : 측정요구4 ON
[19:39:33] : 측정요구4 OFF
[19:39:33] : end pos sig4 :-50.000000 - -50.000000
[19:40:36] : Cycle start ON
[19:40:36] : Cycle start OFF
[19:40:40] : REQUEST MEAS. ON
[19:40:49] : REQUEST MEAS. OFF
[19:40:49] : end pos sig1 :50.000000 - 50.000000
[19:40:49] : 측정요구 ON 2
[19:40:59] : 측정요구 2OFF
[19:40:59] : end pos sig2 :-50.000000 - -50.000000
[19:41:03] : 측정요구3 ON
[19:41:12] : 측정요구3 OFF
[19:41:12] : end pos sig3 :50.000000 - 50.000000
[19:41:12] : 측정요구4 ON
[19:41:21] : 측정요구4 OFF
[19:41:21] : end pos sig4 :-50.000000 - -50.000000
[19:47:18] : Cycle start ON
[19:47:18] : Cycle start OFF
[19:47:23] : REQUEST MEAS. ON
[19:47:32] : REQUEST MEAS. OFF
[19:47:32] : end pos sig1 :50.000000 - 50.000000
[19:47:32] : 측정요구 ON 2
[19:47:41] : 측정요구 2OFF
[19:47:41] : end pos sig2 :-50.000000 - -50.000000
[19:47:45] : 측정요구3 ON
[19:47:54] : 측정요구3 OFF
[19:47:54] : end pos sig3 :50.000000 - 50.000000
[19:47:54] : 측정요구4 ON
[19:48:04] : 측정요구4 OFF
[19:48:04] : end pos sig4 :-50.000000 - -50.000000
[21:02:22] : Cycle start ON
[21:02:23] : Cycle start OFF
[21:02:27] : REQUEST MEAS. ON
[21:02:36] : REQUEST MEAS. OFF
[21:02:36] : end pos sig1 :50.000000 - 50.000000
[21:02:36] : 측정요구 ON 2
[21:02:46] : 측정요구 2OFF
[21:02:46] : end pos sig2 :-50.000000 - -50.000000
[21:02:49] : 측정요구3 ON
[21:02:58] : 측정요구3 OFF
[21:02:58] : end pos sig3 :50.000000 - 50.000000
[21:02:59] : 측정요구4 ON
[21:03:08] : 측정요구4 OFF
[21:03:08] : end pos sig4 :-50.000000 - -50.000000
[21:06:36] : Cycle start ON
[21:06:36] : Cycle start OFF
[21:06:40] : REQUEST MEAS. ON
[21:06:49] : REQUEST MEAS. OFF
[21:06:49] : end pos sig1 :50.000000 - 50.000000
[21:06:49] : 측정요구 ON 2
[21:06:59] : 측정요구 2OFF
[21:06:59] : end pos sig2 :-50.000000 - -50.000000
[21:07:02] : 측정요구3 ON
[21:07:11] : 측정요구3 OFF
[21:07:11] : end pos sig3 :50.000000 - 50.000000
[21:07:12] : 측정요구4 ON
[21:07:21] : 측정요구4 OFF
[21:07:21] : end pos sig4 :-50.000000 - -50.000000
[21:08:13] : Cycle start ON
[21:08:14] : Cycle start OFF
[21:08:18] : REQUEST MEAS. ON
[21:08:27] : REQUEST MEAS. OFF
[21:08:27] : end pos sig1 :50.000000 - 50.000000
[21:08:27] : 측정요구 ON 2
[21:08:36] : 측정요구 2OFF
[21:08:36] : end pos sig2 :-50.000000 - -50.000000
[21:08:40] : 측정요구3 ON
[21:08:49] : 측정요구3 OFF
[21:08:49] : end pos sig3 :50.000000 - 50.000000
[21:08:50] : 측정요구4 ON
[21:08:59] : 측정요구4 OFF
[21:08:59] : end pos sig4 :-50.000000 - -50.000000
[21:11:03] : Cycle start ON
[21:11:03] : Cycle start OFF
[21:11:08] : REQUEST MEAS. ON
[21:11:17] : REQUEST MEAS. OFF
[21:11:17] : end pos sig1 :50.000000 - 50.000000
[21:11:17] : 측정요구 ON 2
[21:11:27] : 측정요구 2OFF
[21:11:27] : end pos sig2 :-50.000000 - -50.000000
[21:11:30] : 측정요구3 ON
[21:11:39] : 측정요구3 OFF
[21:11:39] : end pos sig3 :50.000000 - 50.000000
[21:11:40] : 측정요구4 ON
[21:11:49] : 측정요구4 OFF
[21:11:49] : end pos sig4 :-50.000000 - -50.000000
[21:12:25] : Cycle start ON
[21:12:26] : Cycle start OFF
[21:12:30] : REQUEST MEAS. ON
[21:12:39] : REQUEST MEAS. OFF
[21:12:39] : end pos sig1 :50.000000 - 50.000000
[21:12:39] : 측정요구 ON 2
[21:12:48] : 측정요구 2OFF
[21:12:48] : end pos sig2 :-50.000000 - -50.000000
[21:12:52] : 측정요구3 ON
[21:13:01] : 측정요구3 OFF
[21:13:01] : end pos sig3 :50.000000 - 50.000000
[21:13:01] : 측정요구4 ON
[21:13:11] : 측정요구4 OFF
[21:13:11] : end pos sig4 :-50.000000 - -50.000000
[21:14:56] : Cycle start ON
[21:14:56] : Cycle start OFF
[21:15:01] : REQUEST MEAS. ON
[21:15:10] : REQUEST MEAS. OFF
[21:15:10] : end pos sig1 :50.000000 - 50.000000
[21:15:10] : 측정요구 ON 2
[21:15:19] : 측정요구 2OFF
[21:15:19] : end pos sig2 :-50.000000 - -50.000000
[21:15:23] : 측정요구3 ON
[21:15:32] : 측정요구3 OFF
[21:15:32] : end pos sig3 :50.000000 - 50.000000
[21:15:33] : 측정요구4 ON
[21:15:42] : 측정요구4 OFF
[21:15:42] : end pos sig4 :-50.000000 - -50.000000
[21:16:43] : Cycle start ON
[21:16:43] : Cycle start OFF
[21:16:48] : REQUEST MEAS. ON
[21:16:57] : REQUEST MEAS. OFF
[21:16:57] : end pos sig1 :50.000000 - 50.000000
[21:16:57] : 측정요구 ON 2
[21:17:07] : 측정요구 2OFF
[21:17:07] : end pos sig2 :-50.000000 - -50.000000
[21:17:10] : 측정요구3 ON
[21:17:20] : 측정요구3 OFF
[21:17:20] : end pos sig3 :50.000000 - 50.000000
[21:17:20] : 측정요구4 ON
[21:17:29] : 측정요구4 OFF
[21:17:29] : end pos sig4 :-50.000000 - -50.000000
[21:18:45] : Cycle start ON
[21:18:46] : Cycle start OFF
[21:20:07] : Cycle start ON
[21:20:07] : Cycle start OFF
[21:20:12] : REQUEST MEAS. ON
[21:20:21] : REQUEST MEAS. OFF
[21:20:21] : end pos sig1 :50.000000 - 50.000000
[21:20:21] : 측정요구 ON 2
[21:20:30] : 측정요구 2OFF
[21:20:30] : end pos sig2 :-50.000000 - -50.000000
[21:20:34] : 측정요구3 ON
[21:20:44] : 측정요구3 OFF
[21:20:44] : end pos sig3 :50.000000 - 50.000000
[21:20:44] : 측정요구4 ON
[21:20:53] : 측정요구4 OFF
[21:20:53] : end pos sig4 :-50.000000 - -50.000000
[21:22:59] : Cycle start ON
[21:22:59] : Cycle start OFF
[21:23:03] : REQUEST MEAS. ON
[21:23:12] : REQUEST MEAS. OFF
[21:23:12] : end pos sig1 :50.000000 - 50.000000
[21:23:12] : 측정요구 ON 2
[21:23:22] : 측정요구 2OFF
[21:23:22] : end pos sig2 :-50.000000 - -50.000000
[21:23:25] : 측정요구3 ON
[21:23:34] : 측정요구3 OFF
[21:23:34] : end pos sig3 :50.000000 - 50.000000
[21:23:35] : 측정요구4 ON
[21:23:45] : 측정요구4 OFF
[21:23:45] : end pos sig4 :-50.000000 - -50.000000
[21:23:58] : Cycle start ON
[21:23:58] : Cycle start OFF
[21:24:02] : REQUEST MEAS. ON
[21:24:12] : REQUEST MEAS. OFF
[21:24:12] : end pos sig1 :50.000000 - 50.000000
[21:24:12] : 측정요구 ON 2
[21:24:32] : 측정요구 2OFF
[21:24:32] : end pos sig2 :-50.000000 - -50.000000
[21:24:36] : 측정요구3 ON
[21:24:45] : 측정요구3 OFF
[21:24:45] : end pos sig3 :50.000000 - 50.000000
[21:24:45] : 측정요구4 ON
[21:24:54] : 측정요구4 OFF
[21:24:54] : end pos sig4 :-50.000000 - -50.000000
[21:26:57] : Cycle start ON
[21:26:57] : Cycle start OFF
[21:27:01] : REQUEST MEAS. ON
[21:27:10] : REQUEST MEAS. OFF
[21:27:10] : end pos sig1 :50.000000 - 50.000000
[21:27:10] : 측정요구 ON 2
[21:27:20] : 측정요구 2OFF
[21:27:20] : end pos sig2 :-50.000000 - -50.000000
[21:27:24] : 측정요구3 ON
[21:27:33] : 측정요구3 OFF
[21:27:33] : end pos sig3 :50.000000 - 50.000000
[21:27:33] : 측정요구4 ON
[21:27:42] : 측정요구4 OFF
[21:27:42] : end pos sig4 :-50.000000 - -50.000000
[21:28:24] : Cycle start ON
[21:28:24] : Cycle start OFF
[21:28:29] : REQUEST MEAS. ON
[21:28:38] : REQUEST MEAS. OFF
[21:28:38] : end pos sig1 :50.000000 - 50.000000
[21:28:38] : 측정요구 ON 2
[21:28:47] : 측정요구 2OFF
[21:28:47] : end pos sig2 :-50.000000 - -50.000000
[21:28:51] : 측정요구3 ON
[21:29:00] : 측정요구3 OFF
[21:29:00] : end pos sig3 :50.000000 - 50.000000
[21:29:00] : 측정요구4 ON
[21:29:10] : 측정요구4 OFF
[21:29:10] : end pos sig4 :-50.000000 - -50.000000
[21:30:25] : Cycle start ON
[21:30:26] : Cycle start OFF
[21:30:30] : REQUEST MEAS. ON
[21:30:39] : REQUEST MEAS. OFF
[21:30:39] : end pos sig1 :50.000000 - 50.000000
[21:30:39] : 측정요구 ON 2
[21:30:49] : 측정요구 2OFF
[21:30:49] : end pos sig2 :-50.000000 - -50.000000
[21:30:53] : 측정요구3 ON
[21:31:02] : 측정요구3 OFF
[21:31:02] : end pos sig3 :50.000000 - 50.000000
[21:31:03] : 측정요구4 ON
[21:31:12] : 측정요구4 OFF
[21:31:12] : end pos sig4 :-50.000000 - -50.000000
[21:31:39] : Cycle start ON
[21:31:40] : Cycle start OFF
[21:31:44] : REQUEST MEAS. ON
[21:31:53] : REQUEST MEAS. OFF
[21:31:53] : end pos sig1 :50.000000 - 50.000000
[21:31:53] : 측정요구 ON 2
[21:32:03] : 측정요구 2OFF
[21:32:03] : end pos sig2 :-50.000000 - -50.000000
[21:32:06] : 측정요구3 ON
[21:32:15] : 측정요구3 OFF
[21:32:15] : end pos sig3 :50.000000 - 50.000000
[21:32:16] : 측정요구4 ON
[21:32:25] : 측정요구4 OFF
[21:32:25] : end pos sig4 :-50.000000 - -50.000000
[21:32:41] : Cycle start ON
[21:32:41] : Cycle start OFF
[21:32:45] : REQUEST MEAS. ON
[21:32:54] : REQUEST MEAS. OFF
[21:32:54] : end pos sig1 :50.000000 - 50.000000
[21:32:55] : 측정요구 ON 2
[21:33:04] : 측정요구 2OFF
[21:33:04] : end pos sig2 :-50.000000 - -50.000000
[21:33:08] : 측정요구3 ON
[21:33:18] : 측정요구3 OFF
[21:33:18] : end pos sig3 :50.000000 - 50.000000
[21:33:18] : 측정요구4 ON
[21:33:27] : 측정요구4 OFF
[21:33:27] : end pos sig4 :-50.000000 - -50.000000
[21:34:11] : Cycle start ON
[21:34:11] : Cycle start OFF
[21:34:16] : REQUEST MEAS. ON
[21:34:25] : REQUEST MEAS. OFF
[21:34:25] : end pos sig1 :50.000000 - 50.000000
[21:34:25] : 측정요구 ON 2
[21:34:35] : 측정요구 2OFF
[21:34:35] : end pos sig2 :-50.000000 - -50.000000
[21:34:39] : 측정요구3 ON
[21:34:48] : 측정요구3 OFF
[21:34:48] : end pos sig3 :50.000000 - 50.000000
[21:34:48] : 측정요구4 ON
[21:34:57] : 측정요구4 OFF
[21:34:57] : end pos sig4 :-50.000000 - -50.000000
[21:36:33] : Cycle start ON
[21:36:33] : Cycle start OFF
[21:37:04] : Cycle start ON
[21:37:05] : Cycle start OFF
[21:37:27] : Cycle start ON
[21:37:27] : Cycle start OFF
[21:38:04] : Cycle start ON
[21:38:05] : Cycle start OFF
[21:38:21] : REQUEST MEAS. ON
[21:38:30] : REQUEST MEAS. OFF
[21:38:30] : end pos sig1 :50.000000 - 50.000000
[21:38:30] : 측정요구 ON 2
[21:38:40] : 측정요구 2OFF
[21:38:40] : end pos sig2 :-50.000000 - -50.000000
[21:38:44] : 측정요구3 ON
[21:38:53] : 측정요구3 OFF
[21:38:53] : end pos sig3 :50.000000 - 50.000000
[21:38:53] : 측정요구4 ON
[21:39:03] : 측정요구4 OFF
[21:39:03] : end pos sig4 :-50.000000 - -50.000000
[21:39:47] : Cycle start ON
[21:39:48] : Cycle start OFF
[21:39:53] : REQUEST MEAS. ON
[21:40:02] : REQUEST MEAS. OFF
[21:40:02] : end pos sig1 :50.000000 - 50.000000
[21:40:02] : 측정요구 ON 2
[21:40:12] : 측정요구 2OFF
[21:40:12] : end pos sig2 :-50.000000 - -50.000000
[21:40:15] : 측정요구3 ON
[21:40:25] : 측정요구3 OFF
[21:40:25] : end pos sig3 :50.000000 - 50.000000
[21:40:25] : 측정요구4 ON
[21:40:34] : 측정요구4 OFF
[21:40:34] : end pos sig4 :-50.000000 - -50.000000
[21:41:50] : Cycle start ON
[21:41:50] : Cycle start OFF
[21:41:55] : REQUEST MEAS. ON
[21:47:34] : REQUEST MEAS. OFF
[21:47:34] : end pos sig1 :0.000000 - 0.000000
[21:52:43] : Cycle start ON
[21:52:43] : Cycle start OFF
[21:52:57] : REQUEST MEAS. ON
[21:53:06] : REQUEST MEAS. OFF
[21:53:06] : end pos sig1 :50.000000 - 50.000000
[21:53:06] : 측정요구 ON 2
[21:53:15] : 측정요구 2OFF
[21:53:15] : end pos sig2 :-50.000000 - -50.000000
[21:53:18] : 측정요구3 ON
[21:53:28] : 측정요구3 OFF
[21:53:28] : end pos sig3 :50.000000 - 50.000000
[21:53:28] : 측정요구4 ON
[21:53:37] : 측정요구4 OFF
[21:53:37] : end pos sig4 :-50.000000 - -50.000000
[21:56:44] : Cycle start ON
[21:56:45] : Cycle start OFF
[21:56:49] : REQUEST MEAS. ON
[21:56:58] : REQUEST MEAS. OFF
[21:56:58] : end pos sig1 :50.000000 - 50.000000
[21:56:58] : 측정요구 ON 2
[21:57:08] : 측정요구 2OFF
[21:57:08] : end pos sig2 :-50.000000 - -50.000000
[21:57:11] : 측정요구3 ON
[21:57:20] : 측정요구3 OFF
[21:57:20] : end pos sig3 :50.000000 - 50.000000
[21:57:20] : 측정요구4 ON
[21:57:30] : 측정요구4 OFF
[21:57:30] : end pos sig4 :-50.000000 - -50.000000
[22:47:51] : Cycle start ON
[22:47:51] : Cycle start OFF
[22:47:56] : REQUEST MEAS. ON
[22:48:05] : REQUEST MEAS. OFF
[22:48:05] : end pos sig1 :50.000000 - 50.000000
[22:48:05] : 측정요구 ON 2
[22:48:14] : 측정요구 2OFF
[22:48:14] : end pos sig2 :-50.000000 - -50.000000
[22:48:18] : 측정요구3 ON
[22:48:27] : 측정요구3 OFF
[22:48:27] : end pos sig3 :50.000000 - 50.000000
[22:48:27] : 측정요구4 ON
[22:48:37] : 측정요구4 OFF
[22:48:37] : end pos sig4 :-50.000000 - -50.000000
[22:52:12] : Cycle start ON
[22:52:13] : Cycle start OFF
[22:52:17] : REQUEST MEAS. ON
[22:52:26] : REQUEST MEAS. OFF
[22:52:26] : end pos sig1 :50.000000 - 50.000000
[22:52:26] : 측정요구 ON 2
[22:52:36] : 측정요구 2OFF
[22:52:36] : end pos sig2 :-50.000000 - -50.000000
[22:52:39] : 측정요구3 ON
[22:52:48] : 측정요구3 OFF
[22:52:48] : end pos sig3 :50.000000 - 50.000000
[22:52:48] : 측정요구4 ON
[22:52:58] : 측정요구4 OFF
[22:52:58] : end pos sig4 :-50.000000 - -50.000000
[22:54:47] : Cycle start ON
[22:54:48] : Cycle start OFF
[22:54:53] : REQUEST MEAS. ON
[22:55:02] : REQUEST MEAS. OFF
[22:55:02] : end pos sig1 :50.000000 - 50.000000
[22:55:02] : 측정요구 ON 2
[22:55:11] : 측정요구 2OFF
[22:55:11] : end pos sig2 :-50.000000 - -50.000000
[22:55:16] : 측정요구3 ON
[22:55:25] : 측정요구3 OFF
[22:55:25] : end pos sig3 :50.000000 - 50.000000
[22:55:25] : 측정요구4 ON
[22:55:35] : 측정요구4 OFF
[22:55:35] : end pos sig4 :-50.000000 - -50.000000
[22:58:38] : Cycle start ON
[22:58:39] : Cycle start OFF
[22:58:44] : REQUEST MEAS. ON
[22:58:53] : REQUEST MEAS. OFF
[22:58:53] : end pos sig1 :50.000000 - 50.000000
[22:58:53] : 측정요구 ON 2
[22:59:03] : 측정요구 2OFF
[22:59:03] : end pos sig2 :-50.000000 - -50.000000
[22:59:09] : 측정요구3 ON
[22:59:18] : 측정요구3 OFF
[22:59:18] : end pos sig3 :50.000000 - 50.000000
[22:59:18] : 측정요구4 ON
[22:59:27] : 측정요구4 OFF
[22:59:27] : end pos sig4 :-50.000000 - -50.000000
[23:02:09] : Cycle start ON
[23:02:09] : Cycle start OFF
[23:02:15] : REQUEST MEAS. ON
[23:02:24] : REQUEST MEAS. OFF
[23:02:24] : end pos sig1 :50.000000 - 50.000000
[23:02:24] : 측정요구 ON 2
[23:02:33] : 측정요구 2OFF
[23:02:33] : end pos sig2 :-50.000000 - -50.000000
[23:02:38] : 측정요구3 ON
[23:02:47] : 측정요구3 OFF
[23:02:47] : end pos sig3 :50.000000 - 50.000000
[23:02:47] : 측정요구4 ON
[23:02:57] : 측정요구4 OFF
[23:02:57] : end pos sig4 :-50.000000 - -50.000000
[23:11:25] : Cycle start ON
[23:11:25] : Cycle start OFF
[23:11:30] : REQUEST MEAS. ON
[23:11:39] : REQUEST MEAS. OFF
[23:11:39] : end pos sig1 :50.000000 - 50.000000
[23:11:40] : 측정요구 ON 2
[23:11:49] : 측정요구 2OFF
[23:11:49] : end pos sig2 :-50.000000 - -50.000000
[23:11:54] : 측정요구3 ON
[23:12:03] : 측정요구3 OFF
[23:12:03] : end pos sig3 :50.000000 - 50.000000
[23:12:03] : 측정요구4 ON
[23:12:13] : 측정요구4 OFF
[23:12:13] : end pos sig4 :-50.000000 - -50.000000
[23:14:41] : Cycle start ON
[23:14:41] : Cycle start OFF
[23:14:46] : REQUEST MEAS. ON
[23:14:56] : REQUEST MEAS. OFF
[23:14:56] : end pos sig1 :50.000000 - 50.000000
[23:14:56] : 측정요구 ON 2
[23:15:05] : 측정요구 2OFF
[23:15:05] : end pos sig2 :-50.000000 - -50.000000
[23:15:11] : 측정요구3 ON
[23:15:20] : 측정요구3 OFF
[23:15:20] : end pos sig3 :50.000000 - 50.000000
[23:15:20] : 측정요구4 ON
[23:15:29] : 측정요구4 OFF
[23:15:29] : end pos sig4 :-50.000000 - -50.000000
[23:16:30] : Cycle start ON
[23:16:31] : Cycle start OFF
[23:16:36] : REQUEST MEAS. ON
[23:16:45] : REQUEST MEAS. OFF
[23:16:45] : end pos sig1 :50.000000 - 50.000000
[23:16:45] : 측정요구 ON 2
[23:16:55] : 측정요구 2OFF
[23:16:55] : end pos sig2 :-50.000000 - -50.000000
[23:17:00] : 측정요구3 ON
[23:17:09] : 측정요구3 OFF
[23:17:09] : end pos sig3 :50.000000 - 50.000000
[23:17:09] : 측정요구4 ON
[23:17:18] : 측정요구4 OFF
[23:17:18] : end pos sig4 :-50.000000 - -50.000000
[23:17:28] : Cycle start ON
[23:17:28] : Cycle start OFF
[23:17:34] : REQUEST MEAS. ON
[23:17:43] : REQUEST MEAS. OFF
[23:17:43] : end pos sig1 :50.000000 - 50.000000
[23:17:43] : 측정요구 ON 2
[23:17:52] : 측정요구 2OFF
[23:17:52] : end pos sig2 :-50.000000 - -50.000000
[23:17:58] : 측정요구3 ON
[23:18:07] : 측정요구3 OFF
[23:18:07] : end pos sig3 :50.000000 - 50.000000
[23:18:07] : 측정요구4 ON
[23:18:16] : 측정요구4 OFF
[23:18:16] : end pos sig4 :-50.000000 - -50.000000
[23:23:27] : Cycle start ON
[23:23:28] : Cycle start OFF
[23:23:33] : REQUEST MEAS. ON
[23:23:42] : REQUEST MEAS. OFF
[23:23:42] : end pos sig1 :50.000000 - 50.000000
[23:23:42] : 측정요구 ON 2
[23:23:51] : 측정요구 2OFF
[23:23:51] : end pos sig2 :-50.000000 - -50.000000
[23:23:57] : 측정요구3 ON
[23:24:06] : 측정요구3 OFF
[23:24:06] : end pos sig3 :50.000000 - 50.000000
[23:24:06] : 측정요구4 ON
[23:24:15] : 측정요구4 OFF
[23:24:15] : end pos sig4 :-50.000000 - -50.000000
[23:24:21] : Cycle start ON
[23:24:22] : Cycle start OFF
[23:24:27] : REQUEST MEAS. ON
[23:24:36] : REQUEST MEAS. OFF
[23:24:36] : end pos sig1 :50.000000 - 50.000000
[23:24:36] : 측정요구 ON 2
[23:24:46] : 측정요구 2OFF
[23:24:46] : end pos sig2 :-50.000000 - -50.000000
[23:24:51] : 측정요구3 ON
[23:25:00] : 측정요구3 OFF
[23:25:00] : end pos sig3 :50.000000 - 50.000000
[23:25:00] : 측정요구4 ON
[23:25:10] : 측정요구4 OFF
[23:25:10] : end pos sig4 :-50.000000 - -50.000000
[23:25:16] : Cycle start ON
[23:25:16] : Cycle start OFF
[23:25:21] : REQUEST MEAS. ON
[23:25:30] : REQUEST MEAS. OFF
[23:25:30] : end pos sig1 :50.000000 - 50.000000
[23:25:30] : 측정요구 ON 2
[23:25:40] : 측정요구 2OFF
[23:25:40] : end pos sig2 :-50.000000 - -50.000000
[23:25:46] : 측정요구3 ON
[23:25:55] : 측정요구3 OFF
[23:25:55] : end pos sig3 :50.000000 - 50.000000
[23:25:55] : 측정요구4 ON
[23:26:04] : 측정요구4 OFF
[23:26:04] : end pos sig4 :-50.000000 - -50.000000
[23:26:11] : Cycle start ON
[23:26:11] : Cycle start OFF
[23:26:16] : REQUEST MEAS. ON
[23:26:25] : REQUEST MEAS. OFF
[23:26:25] : end pos sig1 :50.000000 - 50.000000
[23:26:25] : 측정요구 ON 2
[23:26:34] : 측정요구 2OFF
[23:26:34] : end pos sig2 :-50.000000 - -50.000000
[23:26:40] : 측정요구3 ON
[23:26:49] : 측정요구3 OFF
[23:26:49] : end pos sig3 :50.000000 - 50.000000
[23:26:49] : 측정요구4 ON
[23:26:58] : 측정요구4 OFF
[23:26:58] : end pos sig4 :-50.000000 - -50.000000
[23:30:56] : Cycle start ON
[23:30:56] : Cycle start OFF
[23:31:01] : REQUEST MEAS. ON
[23:31:10] : REQUEST MEAS. OFF
[23:31:10] : end pos sig1 :50.000000 - 50.000000
[23:31:10] : 측정요구 ON 2
[23:31:20] : 측정요구 2OFF
[23:31:20] : end pos sig2 :-50.000000 - -50.000000
[23:31:25] : 측정요구3 ON
[23:31:34] : 측정요구3 OFF
[23:31:34] : end pos sig3 :50.000000 - 50.000000
[23:31:34] : 측정요구4 ON
[23:31:43] : 측정요구4 OFF
[23:31:43] : end pos sig4 :-50.000000 - -50.000000
[23:32:48] : Cycle start ON
[23:32:49] : Cycle start OFF
[23:32:54] : REQUEST MEAS. ON
[23:33:03] : REQUEST MEAS. OFF
[23:33:03] : end pos sig1 :50.000000 - 50.000000
[23:33:03] : 측정요구 ON 2
[23:33:13] : 측정요구 2OFF
[23:33:13] : end pos sig2 :-50.000000 - -50.000000
[23:33:18] : 측정요구3 ON
[23:33:27] : 측정요구3 OFF
[23:33:27] : end pos sig3 :50.000000 - 50.000000
[23:33:27] : 측정요구4 ON
[23:33:36] : 측정요구4 OFF
[23:33:36] : end pos sig4 :-50.000000 - -50.000000
[23:34:09] : Cycle start ON
[23:34:09] : Cycle start OFF
[23:34:14] : REQUEST MEAS. ON
[23:34:23] : REQUEST MEAS. OFF
[23:34:23] : end pos sig1 :50.000000 - 50.000000
[23:34:23] : 측정요구 ON 2
[23:34:33] : 측정요구 2OFF
[23:34:33] : end pos sig2 :-50.000000 - -50.000000
[23:34:38] : 측정요구3 ON
[23:34:47] : 측정요구3 OFF
[23:34:47] : end pos sig3 :50.000000 - 50.000000
[23:34:47] : 측정요구4 ON
[23:34:57] : 측정요구4 OFF
[23:34:57] : end pos sig4 :-50.000000 - -50.000000
[23:36:18] : Cycle start ON
[23:36:18] : Cycle start OFF
[23:36:23] : REQUEST MEAS. ON
[23:36:32] : REQUEST MEAS. OFF
[23:36:32] : end pos sig1 :50.000000 - 50.000000
[23:36:32] : 측정요구 ON 2
[23:36:42] : 측정요구 2OFF
[23:36:42] : end pos sig2 :-50.000000 - -50.000000
[23:36:48] : 측정요구3 ON
[23:36:57] : 측정요구3 OFF
[23:36:57] : end pos sig3 :50.000000 - 50.000000
[23:36:57] : 측정요구4 ON
[23:37:06] : 측정요구4 OFF
[23:37:06] : end pos sig4 :-50.000000 - -50.000000
[23:37:16] : Cycle start ON
[23:37:16] : Cycle start OFF
[23:37:22] : REQUEST MEAS. ON
[23:37:31] : REQUEST MEAS. OFF
[23:37:31] : end pos sig1 :50.000000 - 50.000000
[23:37:31] : 측정요구 ON 2
[23:37:40] : 측정요구 2OFF
[23:37:40] : end pos sig2 :-50.000000 - -50.000000
[23:37:45] : 측정요구3 ON
[23:37:54] : 측정요구3 OFF
[23:37:54] : end pos sig3 :50.000000 - 50.000000
[23:37:54] : 측정요구4 ON
[23:38:04] : 측정요구4 OFF
[23:38:04] : end pos sig4 :-50.000000 - -50.000000
 
