[11:31:44] : PROGRAM START
[11:31:46] : AUTO RUNNING OFF
[11:31:46] : REQUEST MEAS. OFF
[11:31:46] : REQUEST ZEROSET OFF
[11:31:46] : REQUEST ZEROSET OFF
[11:32:14] : MEAS ESC ON
[11:32:14] : AUTO RUNNING ON
[11:32:33] : Cycle start ON
[11:32:35] : Cycle start OFF
[11:33:02] : REQUEST MEAS. ON
[11:33:11] : REQUEST MEAS. OFF
[11:33:13] : 측정요구 ON 2
[11:33:22] : 측정요구 2OFF
[11:33:26] : 측정요구3 ON
[11:33:35] : 측정요구3 OFF
[11:33:37] : 측정요구4 ON
[11:33:46] : 측정요구4 OFF
[11:33:46] : 11,20181120-113346,CF18100851371,,OK,MAX,1, ,0.50,7.00,2.83,OK,0.50,7.00,4.00,OK,0.50,7.00,2.13,OK,0.50,7.00,1.42,OK,
[11:34:03] : Cycle start ON
[11:34:05] : Cycle start OFF
[11:34:32] : REQUEST MEAS. ON
[11:34:41] : REQUEST MEAS. OFF
[11:34:43] : 측정요구 ON 2
[11:34:52] : 측정요구 2OFF
[11:34:56] : 측정요구3 ON
[11:35:05] : 측정요구3 OFF
[11:35:07] : 측정요구4 ON
[11:35:16] : 측정요구4 OFF
[11:35:16] : 11,20181120-113516,CJ18100430437,,OK,MAX,1, ,0.50,7.00,2.97,OK,0.50,7.00,4.20,OK,0.50,7.00,1.72,OK,0.50,7.00,1.22,OK,
[11:36:23] : Cycle start ON
[11:36:26] : Cycle start OFF
[11:36:32] : REQUEST MEAS. ON
[11:36:41] : REQUEST MEAS. OFF
[11:36:42] : 측정요구 ON 2
[11:36:51] : 측정요구 2OFF
[11:36:55] : 측정요구3 ON
[11:37:04] : 측정요구3 OFF
[11:37:06] : 측정요구4 ON
[11:37:15] : 측정요구4 OFF
[11:37:15] : 11,20181120-113715,CF18100852121,,OK,MAX,1, ,0.50,7.00,2.73,OK,0.50,7.00,4.07,OK,0.50,7.00,1.91,OK,0.50,7.00,1.64,OK,
[11:37:32] : Cycle start ON
[11:37:34] : Cycle start OFF
[11:38:01] : REQUEST MEAS. ON
[11:38:10] : REQUEST MEAS. OFF
[11:38:12] : 측정요구 ON 2
[11:38:21] : 측정요구 2OFF
[11:38:25] : 측정요구3 ON
[11:38:34] : 측정요구3 OFF
[11:38:36] : 측정요구4 ON
[11:38:45] : 측정요구4 OFF
[11:38:45] : 11,20181120-113845,CF18100852031,,OK,MAX,1, ,0.50,7.00,2.55,OK,0.50,7.00,3.20,OK,0.50,7.00,2.51,OK,0.50,7.00,1.54,OK,
[11:39:03] : Cycle start ON
[11:39:05] : Cycle start OFF
[11:39:31] : REQUEST MEAS. ON
[11:39:40] : REQUEST MEAS. OFF
[11:39:42] : 측정요구 ON 2
[11:39:51] : 측정요구 2OFF
[11:39:55] : 측정요구3 ON
[11:40:04] : 측정요구3 OFF
[11:40:06] : 측정요구4 ON
[11:40:15] : 측정요구4 OFF
[11:40:15] : 11,20181120-114015,CF18100850901,,OK,MAX,1, ,0.50,7.00,3.77,OK,0.50,7.00,4.25,OK,0.50,7.00,1.83,OK,0.50,7.00,2.26,OK,
[11:42:11] : Cycle start ON
[11:42:14] : Cycle start OFF
[11:42:20] : REQUEST MEAS. ON
[11:42:29] : REQUEST MEAS. OFF
[11:42:30] : 측정요구 ON 2
[11:42:39] : 측정요구 2OFF
[11:42:43] : 측정요구3 ON
[11:42:52] : 측정요구3 OFF
[11:42:54] : 측정요구4 ON
[11:43:03] : 측정요구4 OFF
[11:43:03] : 11,20181120-114303,CF18100853431,,OK,MAX,1, ,0.50,7.00,2.22,OK,0.50,7.00,3.68,OK,0.50,7.00,1.28,OK,0.50,7.00,1.59,OK,
[11:43:23] : Cycle start ON
[11:43:25] : Cycle start OFF
[11:43:49] : REQUEST MEAS. ON
[11:43:58] : REQUEST MEAS. OFF
[11:44:00] : 측정요구 ON 2
[11:44:09] : 측정요구 2OFF
[11:44:13] : 측정요구3 ON
[11:44:22] : 측정요구3 OFF
[11:44:24] : 측정요구4 ON
[11:44:33] : 측정요구4 OFF
[11:44:33] : 11,20181120-114433,CF18100851171,,OK,MAX,1, ,0.50,7.00,3.21,OK,0.50,7.00,4.86,OK,0.50,7.00,1.62,OK,0.50,7.00,2.13,OK,
[11:44:50] : Cycle start ON
[11:44:52] : Cycle start OFF
[11:45:19] : REQUEST MEAS. ON
[11:45:28] : REQUEST MEAS. OFF
[11:45:30] : 측정요구 ON 2
[11:45:39] : 측정요구 2OFF
[11:45:44] : 측정요구3 ON
[11:45:53] : 측정요구3 OFF
[11:45:54] : 측정요구4 ON
[11:46:03] : 측정요구4 OFF
[11:46:03] : 11,20181120-114603,CF18100853501,,OK,MAX,1, ,0.50,7.00,2.77,OK,0.50,7.00,4.58,OK,0.50,7.00,1.37,OK,0.50,7.00,2.24,OK,
[11:46:21] : Cycle start ON
[11:46:23] : Cycle start OFF
[11:46:50] : REQUEST MEAS. ON
[11:46:59] : REQUEST MEAS. OFF
[11:47:00] : 측정요구 ON 2
[11:47:09] : 측정요구 2OFF
[11:47:14] : 측정요구3 ON
[11:47:23] : 측정요구3 OFF
[11:47:24] : 측정요구4 ON
[11:47:33] : 측정요구4 OFF
[11:47:33] : 11,20181120-114734,CF18100851861,,OK,MAX,1, ,0.50,7.00,3.67,OK,0.50,7.00,4.08,OK,0.50,7.00,1.36,OK,0.50,7.00,4.82,OK,
[11:47:59] : Cycle start ON
[11:48:00] : Cycle start OFF
[11:48:00] : Cycle start ON
[11:48:01] : Cycle start OFF
 
[11:54:03] : REQUEST MEAS. ON
[11:54:12] : REQUEST MEAS. OFF
[11:54:13] : 측정요구 ON 2
[11:54:22] : 측정요구 2OFF
[11:54:26] : 측정요구3 ON
[11:54:35] : 측정요구3 OFF
[11:54:37] : 측정요구4 ON
[11:54:46] : 측정요구4 OFF
[11:54:46] : 11,20181120-115446,CF18100851041,,OK,MAX,1, ,0.50,7.00,3.46,OK,0.50,7.00,4.44,OK,0.50,7.00,2.12,OK,0.50,7.00,2.29,OK,
[11:55:02] : Cycle start ON
[11:55:05] : Cycle start OFF
[11:55:32] : REQUEST MEAS. ON
[11:55:41] : REQUEST MEAS. OFF
[11:55:43] : 측정요구 ON 2
[11:55:52] : 측정요구 2OFF
[11:55:57] : 측정요구3 ON
[11:56:06] : 측정요구3 OFF
[11:56:07] : 측정요구4 ON
[11:56:16] : 측정요구4 OFF
[11:56:16] : 11,20181120-115616,CF18100852521,,OK,MAX,1, ,0.50,7.00,3.17,OK,0.50,7.00,4.10,OK,0.50,7.00,1.40,OK,0.50,7.00,1.75,OK,
[11:56:49] : Cycle start ON
[11:56:52] : Cycle start OFF
[11:56:58] : REQUEST MEAS. ON
[11:57:07] : REQUEST MEAS. OFF
[11:57:08] : 측정요구 ON 2
[11:57:17] : 측정요구 2OFF
[11:57:21] : 측정요구3 ON
[11:57:30] : 측정요구3 OFF
[11:57:32] : 측정요구4 ON
[11:57:41] : 측정요구4 OFF
[11:57:41] : 11,20181120-115741,CF18100421881,,OK,MAX,1, ,0.50,7.00,2.61,OK,0.50,7.00,4.18,OK,0.50,7.00,1.18,OK,0.50,7.00,1.05,OK,
[11:57:58] : Cycle start ON
[11:58:01] : Cycle start OFF
[11:58:27] : REQUEST MEAS. ON
[11:58:36] : REQUEST MEAS. OFF
[11:58:38] : 측정요구 ON 2
[11:58:47] : 측정요구 2OFF
[11:58:51] : 측정요구3 ON
[11:59:00] : 측정요구3 OFF
[11:59:02] : 측정요구4 ON
[11:59:11] : 측정요구4 OFF
[11:59:11] : 11,20181120-115911,CF18100852581,,OK,MAX,1, ,0.50,7.00,4.32,OK,0.50,7.00,4.17,OK,0.50,7.00,1.38,OK,0.50,7.00,1.37,OK,
[11:59:28] : Cycle start ON
[11:59:31] : Cycle start OFF
[11:59:57] : REQUEST MEAS. ON
[12:00:06] : REQUEST MEAS. OFF
[12:00:08] : 측정요구 ON 2
[12:00:13] : MEAS ESC OFF
[12:00:13] : AUTO RUNNING OFF
[12:08:33] : Plc Error Timer
[12:09:54] : Plc Error Timer
[12:16:03] : Plc Error Timer
[12:46:43] : Plc Error Timer
[12:57:51] : MEAS ESC ON
[12:57:51] : AUTO RUNNING ON
[12:57:52] : 측정요구 2OFF
[12:57:57] : 측정요구3 ON
[12:58:06] : 측정요구3 OFF
[12:58:08] : 측정요구4 ON
[12:58:17] : 측정요구4 OFF
[12:58:17] : 11,20181120-125817,,,OK,MAX,1, ,0.50,7.00,4.13,OK,0.50,7.00,4.28,OK,0.50,7.00,1.38,OK,0.50,7.00,1.91,OK,
[12:58:34] : Cycle start ON
[12:58:36] : Cycle start OFF
[12:59:04] : REQUEST MEAS. ON
[12:59:13] : REQUEST MEAS. OFF
[12:59:15] : 측정요구 ON 2
[12:59:24] : 측정요구 2OFF
[12:59:28] : 측정요구3 ON
[12:59:37] : 측정요구3 OFF
[12:59:39] : 측정요구4 ON
[12:59:48] : 측정요구4 OFF
[12:59:48] : 11,20181120-125948,CF18100851141,,OK,MAX,1, ,0.50,7.00,3.74,OK,0.50,7.00,3.97,OK,0.50,7.00,2.64,OK,0.50,7.00,1.29,OK,
[13:00:08] : Cycle start ON
[13:00:11] : Cycle start OFF
[13:05:46] : MEAS ESC OFF
[13:05:46] : AUTO RUNNING OFF
[13:06:37] : MEAS ESC ON
[13:06:37] : AUTO RUNNING ON
[13:07:27] : REQUEST MEAS. ON
[13:07:36] : REQUEST MEAS. OFF
[13:07:37] : 측정요구 ON 2
[13:07:46] : 측정요구 2OFF
[13:07:51] : 측정요구3 ON
[13:08:00] : 측정요구3 OFF
[13:08:01] : 측정요구4 ON
[13:08:10] : 측정요구4 OFF
[13:08:10] : 11,20181120-130811,CF18100852621,CF 18090110953,OK,MAX,1, ,0.50,7.00,2.82,OK,0.50,7.00,5.12,OK,0.50,7.00,1.56,OK,0.50,7.00,4.12,OK,
[13:08:28] : Cycle start ON
[13:08:30] : Cycle start OFF
[13:08:57] : REQUEST MEAS. ON
[13:09:06] : REQUEST MEAS. OFF
[13:09:08] : 측정요구 ON 2
[13:09:17] : 측정요구 2OFF
[13:09:21] : 측정요구3 ON
[13:09:30] : 측정요구3 OFF
[13:09:32] : 측정요구4 ON
[13:09:41] : 측정요구4 OFF
[13:09:41] : 11,20181120-130941,CF18100852731,,OK,MAX,1, ,0.50,7.00,4.05,OK,0.50,7.00,4.35,OK,0.50,7.00,1.62,OK,0.50,7.00,1.28,OK,
[13:10:09] : MEAS ESC OFF
[13:10:09] : AUTO RUNNING OFF
[13:10:25] : MEAS ESC ON
[13:10:25] : AUTO RUNNING ON
[13:10:39] : MEAS ESC OFF
[13:10:39] : AUTO RUNNING OFF
[13:11:20] : MEAS ESC ON
[13:11:20] : AUTO RUNNING ON
[13:11:34] : MEAS ESC OFF
[13:11:34] : AUTO RUNNING OFF
[13:23:50] : MEAS ESC ON
[13:23:50] : AUTO RUNNING ON
[13:23:57] : MEAS ESC OFF
[13:23:57] : AUTO RUNNING OFF
[13:24:05] : MEAS ESC ON
[13:24:05] : AUTO RUNNING ON
[13:24:11] : MEAS ESC OFF
[13:24:11] : AUTO RUNNING OFF
[13:24:25] : MEAS ESC ON
[13:24:25] : AUTO RUNNING ON
[13:24:34] : MEAS ESC OFF
[13:24:34] : AUTO RUNNING OFF
[13:25:56] : MEAS ESC ON
[13:25:56] : AUTO RUNNING ON
[13:26:08] : Cycle start ON
[13:26:10] : Cycle start OFF
[13:26:17] : REQUEST MEAS. ON
[13:26:25] : REQUEST MEAS. OFF
[13:26:27] : 측정요구 ON 2
[13:26:36] : 측정요구 2OFF
[13:26:40] : 측정요구3 ON
[13:26:49] : 측정요구3 OFF
[13:26:51] : 측정요구4 ON
[13:27:00] : 측정요구4 OFF
[13:27:00] : 11,20181120-132700,CF18100852781,,OK,MAX,1, ,0.50,7.00,3.78,OK,0.50,7.00,4.17,OK,0.50,7.00,1.56,OK,0.50,7.00,1.85,OK,
[13:27:16] : Cycle start ON
[13:27:19] : Cycle start OFF
[13:27:46] : REQUEST MEAS. ON
[13:27:55] : REQUEST MEAS. OFF
[13:27:57] : 측정요구 ON 2
[13:28:06] : 측정요구 2OFF
[13:28:10] : 측정요구3 ON
[13:28:19] : 측정요구3 OFF
[13:28:21] : 측정요구4 ON
[13:28:30] : 측정요구4 OFF
[13:28:30] : 11,20181120-132830,CF18100852681,,OK,MAX,1, ,0.50,7.00,3.50,OK,0.50,7.00,4.01,OK,0.50,7.00,1.55,OK,0.50,7.00,1.67,OK,
[13:28:49] : Cycle start ON
[13:28:51] : Cycle start OFF
[13:29:17] : REQUEST MEAS. ON
[13:29:26] : REQUEST MEAS. OFF
[13:29:27] : 측정요구 ON 2
[13:29:36] : 측정요구 2OFF
[13:29:41] : 측정요구3 ON
[13:29:50] : 측정요구3 OFF
[13:29:51] : 측정요구4 ON
[13:30:00] : 측정요구4 OFF
[13:30:00] : 11,20181120-133001,CF18100853271,,OK,MAX,1, ,0.50,7.00,3.53,OK,0.50,7.00,2.59,OK,0.50,7.00,1.50,OK,0.50,7.00,1.53,OK,
[13:30:18] : Cycle start ON
[13:30:19] : MEAS ESC OFF
[13:30:19] : AUTO RUNNING OFF
[13:30:19] : Cycle start OFF
[13:30:39] : MEAS ESC ON
[13:30:39] : AUTO RUNNING ON
[13:30:39] : Cycle start ON
[13:30:40] : Cycle start OFF
[13:31:06] : MEAS ESC OFF
[13:31:06] : AUTO RUNNING OFF
[13:31:28] : MEAS ESC ON
[13:31:28] : AUTO RUNNING ON
[13:35:56] : MEAS ESC OFF
[13:35:56] : AUTO RUNNING OFF
[13:36:39] : MEAS ESC ON
[13:36:39] : AUTO RUNNING ON
[13:37:23] : MEAS ESC OFF
[13:37:23] : AUTO RUNNING OFF
[13:37:50] : MEAS ESC ON
[13:37:50] : AUTO RUNNING ON
[13:38:01] : Cycle start ON
[13:38:03] : Cycle start OFF
[13:38:09] : REQUEST MEAS. ON
[13:38:18] : REQUEST MEAS. OFF
[13:38:19] : 측정요구 ON 2
[13:38:28] : 측정요구 2OFF
[13:38:33] : 측정요구3 ON
[13:38:42] : 측정요구3 OFF
[13:38:43] : 측정요구4 ON
[13:38:52] : 측정요구4 OFF
[13:38:52] : 11,20181120-133853,CF18100421931,,OK,MAX,1, ,0.50,7.00,2.52,OK,0.50,7.00,3.62,OK,0.50,7.00,1.95,OK,0.50,7.00,1.42,OK,
[13:39:09] : Cycle start ON
[13:39:12] : Cycle start OFF
[13:39:39] : REQUEST MEAS. ON
[13:39:48] : REQUEST MEAS. OFF
[13:39:49] : 측정요구 ON 2
[13:39:58] : 측정요구 2OFF
[13:40:03] : 측정요구3 ON
[13:40:12] : 측정요구3 OFF
[13:40:13] : 측정요구4 ON
[13:40:22] : 측정요구4 OFF
[13:40:22] : 11,20181120-134023,CF18100852101,,OK,MAX,1, ,0.50,7.00,2.75,OK,0.50,7.00,3.91,OK,0.50,7.00,1.78,OK,0.50,7.00,2.15,OK,
[13:40:40] : Cycle start ON
[13:40:42] : Cycle start OFF
[13:41:09] : REQUEST MEAS. ON
[13:41:18] : REQUEST MEAS. OFF
[13:41:20] : 측정요구 ON 2
[13:41:29] : 측정요구 2OFF
[13:41:33] : 측정요구3 ON
[13:41:42] : 측정요구3 OFF
[13:41:44] : 측정요구4 ON
[13:41:53] : 측정요구4 OFF
[13:41:53] : 11,20181120-134153,CF18100853441,,OK,MAX,1, ,0.50,7.00,3.09,OK,0.50,7.00,4.21,OK,0.50,7.00,1.70,OK,0.50,7.00,1.50,OK,
[13:42:10] : Cycle start ON
[13:42:13] : Cycle start OFF
[13:42:39] : REQUEST MEAS. ON
[13:42:48] : REQUEST MEAS. OFF
[13:42:50] : 측정요구 ON 2
[13:42:59] : 측정요구 2OFF
[13:43:03] : 측정요구3 ON
[13:43:12] : 측정요구3 OFF
[13:43:14] : 측정요구4 ON
[13:43:23] : 측정요구4 OFF
[13:43:23] : 11,20181120-134323,CF18100851421,,OK,MAX,1, ,0.50,7.00,4.56,OK,0.50,7.00,3.87,OK,0.50,7.00,1.35,OK,0.50,7.00,2.04,OK,
[13:43:41] : Cycle start ON
[13:43:43] : Cycle start OFF
[13:44:09] : REQUEST MEAS. ON
[13:44:18] : REQUEST MEAS. OFF
[13:44:20] : 측정요구 ON 2
[13:44:29] : 측정요구 2OFF
[13:44:33] : 측정요구3 ON
[13:44:42] : 측정요구3 OFF
[13:44:44] : 측정요구4 ON
[13:44:53] : 측정요구4 OFF
[13:44:53] : 11,20181120-134453,CF18100852071,,OK,MAX,1, ,0.50,7.00,2.13,OK,0.50,7.00,3.24,OK,0.50,7.00,4.56,OK,0.50,7.00,1.48,OK,
[13:45:10] : Cycle start ON
[13:45:12] : Cycle start OFF
[13:45:39] : REQUEST MEAS. ON
[13:45:48] : REQUEST MEAS. OFF
[13:45:50] : 측정요구 ON 2
[13:45:59] : 측정요구 2OFF
[13:46:04] : 측정요구3 ON
[13:46:13] : 측정요구3 OFF
[13:46:14] : 측정요구4 ON
[13:46:23] : 측정요구4 OFF
[13:46:23] : 11,20181120-134623,CF18100852291,,OK,MAX,1, ,0.50,7.00,2.42,OK,0.50,7.00,4.18,OK,0.50,7.00,2.31,OK,0.50,7.00,1.47,OK,
[13:47:26] : Cycle start ON
[13:47:28] : Cycle start OFF
[13:47:34] : REQUEST MEAS. ON
[13:47:43] : REQUEST MEAS. OFF
[13:47:44] : 측정요구 ON 2
[13:47:53] : 측정요구 2OFF
[13:47:57] : 측정요구3 ON
[13:48:06] : 측정요구3 OFF
[13:48:08] : 측정요구4 ON
[13:48:17] : 측정요구4 OFF
[13:48:17] : 11,20181120-134817,CF18100853281,,NG,MAX,1, ,0.50,7.00,2.68,OK,0.50,7.00,2.82,OK,0.50,7.00,8.76,NG,0.50,7.00,1.35,OK,
[13:48:40] : Cycle start ON
[13:48:42] : Cycle start OFF
[13:49:04] : REQUEST MEAS. ON
[13:49:13] : REQUEST MEAS. OFF
[13:49:14] : 측정요구 ON 2
[13:49:23] : 측정요구 2OFF
[13:49:28] : 측정요구3 ON
[13:49:37] : 측정요구3 OFF
[13:49:38] : 측정요구4 ON
[13:49:47] : 측정요구4 OFF
[13:49:47] : 11,20181120-134948,CF18100851701,,OK,MAX,1, ,0.50,7.00,2.59,OK,0.50,7.00,4.45,OK,0.50,7.00,1.58,OK,0.50,7.00,1.14,OK,
[13:50:05] : Cycle start ON
[13:50:07] : Cycle start OFF
[13:50:35] : REQUEST MEAS. ON
[13:50:43] : REQUEST MEAS. OFF
[13:50:45] : 측정요구 ON 2
[13:50:54] : 측정요구 2OFF
[13:50:58] : 측정요구3 ON
[13:51:07] : 측정요구3 OFF
[13:51:09] : 측정요구4 ON
[13:51:18] : 측정요구4 OFF
[13:51:18] : 11,20181120-135118,CF18100852221,,NG,MAX,1, ,0.50,7.00,8.66,NG,0.50,7.00,8.45,NG,0.50,7.00,1.67,OK,0.50,7.00,1.62,OK,
[13:51:55] : Cycle start ON
[13:51:58] : Cycle start OFF
[13:52:04] : REQUEST MEAS. ON
[13:52:13] : REQUEST MEAS. OFF
[13:52:15] : 측정요구 ON 2
[13:52:24] : 측정요구 2OFF
[13:52:28] : 측정요구3 ON
[13:52:37] : 측정요구3 OFF
[13:52:39] : 측정요구4 ON
[13:52:48] : 측정요구4 OFF
[13:52:48] : 11,20181120-135248,CF18100853671,,OK,MAX,1, ,0.50,7.00,2.16,OK,0.50,7.00,3.58,OK,0.50,7.00,1.82,OK,0.50,7.00,1.75,OK,
[13:53:04] : Cycle start ON
[13:53:07] : Cycle start OFF
[13:53:34] : REQUEST MEAS. ON
[13:53:43] : REQUEST MEAS. OFF
[13:53:45] : 측정요구 ON 2
[13:53:54] : 측정요구 2OFF
[13:53:58] : 측정요구3 ON
[13:54:07] : 측정요구3 OFF
[13:54:09] : 측정요구4 ON
[13:54:18] : 측정요구4 OFF
[13:54:18] : 11,20181120-135418,CF18100853231,,OK,MAX,1, ,0.50,7.00,3.89,OK,0.50,7.00,4.31,OK,0.50,7.00,2.00,OK,0.50,7.00,1.39,OK,
[13:54:47] : Cycle start ON
[13:54:49] : Cycle start OFF
[13:55:04] : REQUEST MEAS. ON
[13:55:13] : REQUEST MEAS. OFF
[13:55:15] : 측정요구 ON 2
[13:55:24] : 측정요구 2OFF
[13:55:28] : 측정요구3 ON
[13:55:37] : 측정요구3 OFF
[13:55:39] : 측정요구4 ON
[13:55:48] : 측정요구4 OFF
[13:55:48] : 11,20181120-135548,CF18100852831,,OK,MAX,1, ,0.50,7.00,3.39,OK,0.50,7.00,5.22,OK,0.50,7.00,1.78,OK,0.50,7.00,1.27,OK,
[13:56:06] : Cycle start ON
[13:56:08] : Cycle start OFF
[13:56:35] : REQUEST MEAS. ON
[13:56:44] : REQUEST MEAS. OFF
[13:56:45] : 측정요구 ON 2
[13:56:54] : 측정요구 2OFF
[13:56:59] : 측정요구3 ON
[13:57:08] : 측정요구3 OFF
[13:57:09] : 측정요구4 ON
[13:57:18] : 측정요구4 OFF
[13:57:18] : 11,20181120-135719,CF18100853081,,OK,MAX,1, ,0.50,7.00,3.26,OK,0.50,7.00,6.00,OK,0.50,7.00,1.55,OK,0.50,7.00,1.08,OK,
[13:57:37] : Cycle start ON
[13:57:40] : Cycle start OFF
[13:58:05] : REQUEST MEAS. ON
[13:58:14] : REQUEST MEAS. OFF
[13:58:16] : 측정요구 ON 2
[13:58:25] : 측정요구 2OFF
[13:58:29] : 측정요구3 ON
[13:58:38] : 측정요구3 OFF
[13:58:39] : 측정요구4 ON
[13:58:48] : 측정요구4 OFF
[13:58:48] : 11,20181120-135849,CF18100851721,,OK,MAX,1, ,0.50,7.00,3.20,OK,0.50,7.00,3.22,OK,0.50,7.00,1.11,OK,0.50,7.00,2.26,OK,
[13:59:08] : Cycle start ON
[13:59:10] : Cycle start OFF
[13:59:36] : REQUEST MEAS. ON
[13:59:44] : REQUEST MEAS. OFF
[13:59:46] : 측정요구 ON 2
[13:59:55] : 측정요구 2OFF
[13:59:59] : 측정요구3 ON
[14:00:08] : 측정요구3 OFF
[14:00:10] : 측정요구4 ON
[14:00:19] : 측정요구4 OFF
[14:00:19] : 11,20181120-140019,CF18100853141,CF 18100410643,OK,MAX,1, ,0.50,7.00,3.80,OK,0.50,7.00,4.13,OK,0.50,7.00,1.45,OK,0.50,7.00,2.16,OK,
[14:01:56] : Cycle start ON
[14:01:58] : Cycle start OFF
[14:02:04] : REQUEST MEAS. ON
[14:02:13] : REQUEST MEAS. OFF
[14:02:15] : 측정요구 ON 2
[14:02:24] : 측정요구 2OFF
[14:02:28] : 측정요구3 ON
[14:02:37] : 측정요구3 OFF
[14:02:39] : 측정요구4 ON
[14:02:48] : 측정요구4 OFF
[14:02:48] : 11,20181120-140248,CF18100851101,,OK,MAX,1, ,0.50,7.00,3.04,OK,0.50,7.00,5.64,OK,0.50,7.00,1.85,OK,0.50,7.00,2.14,OK,
[14:03:05] : Cycle start ON
[14:03:08] : Cycle start OFF
[14:03:14] : REQUEST MEAS. ON
[14:03:23] : REQUEST MEAS. OFF
[14:03:25] : 측정요구 ON 2
[14:03:34] : 측정요구 2OFF
[14:03:38] : 측정요구3 ON
[14:03:47] : 측정요구3 OFF
[14:03:48] : 측정요구4 ON
[14:03:58] : 측정요구4 OFF
[14:03:58] : 11,20181120-140358,CF18100851321,,OK,MAX,1, ,0.50,7.00,6.68,OK,0.50,7.00,3.57,OK,0.50,7.00,2.30,OK,0.50,7.00,3.49,OK,
[14:04:15] : Cycle start ON
[14:04:18] : Cycle start OFF
[14:04:44] : REQUEST MEAS. ON
[14:04:53] : REQUEST MEAS. OFF
[14:04:55] : 측정요구 ON 2
[14:05:04] : 측정요구 2OFF
[14:05:08] : 측정요구3 ON
[14:05:17] : 측정요구3 OFF
[14:05:19] : 측정요구4 ON
[14:05:28] : 측정요구4 OFF
[14:05:28] : 11,20181120-140528,CF18100853401,,OK,MAX,1, ,0.50,7.00,4.12,OK,0.50,7.00,3.81,OK,0.50,7.00,1.37,OK,0.50,7.00,1.19,OK,
[14:05:45] : Cycle start ON
[14:05:47] : Cycle start OFF
[14:06:14] : REQUEST MEAS. ON
[14:06:23] : REQUEST MEAS. OFF
[14:06:25] : 측정요구 ON 2
[14:06:34] : 측정요구 2OFF
[14:06:38] : 측정요구3 ON
[14:06:47] : 측정요구3 OFF
[14:06:49] : 측정요구4 ON
[14:06:58] : 측정요구4 OFF
[14:06:58] : 11,20181120-140658,CF18100851831,,OK,MAX,1, ,0.50,7.00,2.48,OK,0.50,7.00,4.30,OK,0.50,7.00,1.79,OK,0.50,7.00,4.66,OK,
[14:07:15] : Cycle start ON
[14:07:18] : Cycle start OFF
[14:07:44] : REQUEST MEAS. ON
[14:07:53] : REQUEST MEAS. OFF
[14:07:55] : 측정요구 ON 2
[14:08:04] : 측정요구 2OFF
[14:08:08] : 측정요구3 ON
[14:08:17] : 측정요구3 OFF
[14:08:19] : 측정요구4 ON
[14:08:28] : 측정요구4 OFF
[14:08:28] : 11,20181120-140828,CF18100852171,,OK,MAX,1, ,0.50,7.00,3.53,OK,0.50,7.00,5.48,OK,0.50,7.00,1.71,OK,0.50,7.00,1.70,OK,
[14:08:46] : Cycle start ON
[14:08:48] : Cycle start OFF
[14:09:15] : REQUEST MEAS. ON
[14:09:24] : REQUEST MEAS. OFF
[14:09:25] : 측정요구 ON 2
[14:09:34] : 측정요구 2OFF
[14:09:39] : 측정요구3 ON
[14:09:48] : 측정요구3 OFF
[14:09:49] : 측정요구4 ON
[14:09:58] : 측정요구4 OFF
[14:09:58] : 11,20181120-140959,CF18100851011,,OK,MAX,1, ,0.50,7.00,2.02,OK,0.50,7.00,2.69,OK,0.50,7.00,2.07,OK,0.50,7.00,1.52,OK,
[14:10:16] : Cycle start ON
[14:10:19] : Cycle start OFF
[14:10:45] : REQUEST MEAS. ON
[14:10:54] : REQUEST MEAS. OFF
[14:10:56] : 측정요구 ON 2
[14:11:05] : 측정요구 2OFF
[14:11:09] : 측정요구3 ON
[14:11:18] : 측정요구3 OFF
[14:11:20] : 측정요구4 ON
[14:11:29] : 측정요구4 OFF
[14:11:29] : 11,20181120-141129,CF18100853191,,OK,MAX,1, ,0.50,7.00,1.62,OK,0.50,7.00,2.04,OK,0.50,7.00,1.75,OK,0.50,7.00,1.83,OK,
[14:11:46] : Cycle start ON
[14:11:49] : Cycle start OFF
[14:12:16] : REQUEST MEAS. ON
[14:12:24] : REQUEST MEAS. OFF
[14:12:26] : 측정요구 ON 2
[14:12:35] : 측정요구 2OFF
[14:12:39] : 측정요구3 ON
[14:12:48] : 측정요구3 OFF
[14:12:50] : 측정요구4 ON
[14:12:59] : 측정요구4 OFF
[14:12:59] : 11,20181120-141259,CF18100851821,,OK,MAX,1, ,0.50,7.00,3.27,OK,0.50,7.00,5.15,OK,0.50,7.00,1.36,OK,0.50,7.00,1.29,OK,
[14:13:16] : Cycle start ON
[14:13:18] : Cycle start OFF
[14:13:45] : REQUEST MEAS. ON
[14:13:54] : REQUEST MEAS. OFF
[14:13:56] : 측정요구 ON 2
[14:14:05] : 측정요구 2OFF
[14:14:09] : 측정요구3 ON
[14:14:18] : 측정요구3 OFF
[14:14:20] : 측정요구4 ON
[14:14:29] : 측정요구4 OFF
[14:14:29] : 11,20181120-141429,CF18100852321,,OK,MAX,1, ,0.50,7.00,4.33,OK,0.50,7.00,3.90,OK,0.50,7.00,1.45,OK,0.50,7.00,1.50,OK,
[14:14:48] : Cycle start ON
[14:14:50] : Cycle start OFF
[14:15:15] : REQUEST MEAS. ON
[14:15:24] : REQUEST MEAS. OFF
[14:15:26] : 측정요구 ON 2
[14:15:35] : 측정요구 2OFF
[14:15:39] : 측정요구3 ON
[14:15:48] : 측정요구3 OFF
[14:15:50] : 측정요구4 ON
[14:15:59] : 측정요구4 OFF
[14:15:59] : 11,20181120-141559,CF18100850861,,OK,MAX,1, ,0.50,7.00,3.27,OK,0.50,7.00,5.14,OK,0.50,7.00,1.74,OK,0.50,7.00,2.20,OK,
[14:16:17] : Cycle start ON
[14:16:20] : Cycle start OFF
[14:16:45] : REQUEST MEAS. ON
[14:16:54] : REQUEST MEAS. OFF
[14:16:56] : 측정요구 ON 2
[14:17:05] : 측정요구 2OFF
[14:17:10] : 측정요구3 ON
[14:17:19] : 측정요구3 OFF
[14:17:20] : 측정요구4 ON
[14:17:29] : 측정요구4 OFF
[14:17:29] : 11,20181120-141730,CF18100852061,,OK,MAX,1, ,0.50,7.00,3.01,OK,0.50,7.00,5.43,OK,0.50,7.00,1.89,OK,0.50,7.00,1.74,OK,
[14:17:47] : Cycle start ON
[14:17:50] : Cycle start OFF
[14:18:16] : REQUEST MEAS. ON
[14:18:25] : REQUEST MEAS. OFF
[14:18:26] : 측정요구 ON 2
[14:18:35] : 측정요구 2OFF
[14:18:40] : 측정요구3 ON
[14:18:49] : 측정요구3 OFF
[14:18:51] : 측정요구4 ON
[14:19:00] : 측정요구4 OFF
[14:19:00] : 11,20181120-141900,CF18100853561,,OK,MAX,1, ,0.50,7.00,4.69,OK,0.50,7.00,4.22,OK,0.50,7.00,1.72,OK,0.50,7.00,1.21,OK,
[14:19:17] : Cycle start ON
[14:19:20] : Cycle start OFF
[14:19:46] : REQUEST MEAS. ON
[14:19:55] : REQUEST MEAS. OFF
[14:19:57] : 측정요구 ON 2
[14:20:06] : 측정요구 2OFF
[14:20:10] : 측정요구3 ON
[14:20:19] : 측정요구3 OFF
[14:20:21] : 측정요구4 ON
[14:20:30] : 측정요구4 OFF
[14:20:30] : 11,20181120-142030,CF18100851091,,OK,MAX,1, ,0.50,7.00,4.59,OK,0.50,7.00,3.26,OK,0.50,7.00,1.67,OK,0.50,7.00,3.39,OK,
[14:20:47] : Cycle start ON
[14:20:50] : Cycle start OFF
[14:21:16] : REQUEST MEAS. ON
[14:21:25] : REQUEST MEAS. OFF
[14:21:27] : 측정요구 ON 2
[14:21:36] : 측정요구 2OFF
[14:21:40] : 측정요구3 ON
[14:21:49] : 측정요구3 OFF
[14:21:51] : 측정요구4 ON
[14:22:00] : 측정요구4 OFF
[14:22:00] : 11,20181120-142200,CF18100853591,,OK,MAX,1, ,0.50,7.00,3.29,OK,0.50,7.00,3.93,OK,0.50,7.00,1.56,OK,0.50,7.00,1.72,OK,
[14:37:35] : Cycle start ON
[14:37:38] : Cycle start OFF
[14:37:44] : REQUEST MEAS. ON
[14:37:53] : REQUEST MEAS. OFF
[14:37:54] : 측정요구 ON 2
[14:38:03] : 측정요구 2OFF
[14:38:08] : 측정요구3 ON
[14:38:17] : 측정요구3 OFF
[14:38:18] : 측정요구4 ON
[14:38:27] : 측정요구4 OFF
[14:38:27] : 11,20181120-143828,CF18100851051,,OK,MAX,1, ,0.50,7.00,3.05,OK,0.50,7.00,4.12,OK,0.50,7.00,1.61,OK,0.50,7.00,2.55,OK,
[14:45:38] : Cycle start ON
[14:45:41] : Cycle start OFF
[14:45:47] : REQUEST MEAS. ON
[14:45:56] : REQUEST MEAS. OFF
[14:45:57] : 측정요구 ON 2
[14:46:06] : 측정요구 2OFF
[14:46:10] : 측정요구3 ON
[14:46:19] : 측정요구3 OFF
[14:46:21] : 측정요구4 ON
[14:46:30] : 측정요구4 OFF
[14:46:30] : 11,20181120-144630,CF18100852251,,OK,MAX,1, ,0.50,7.00,3.53,OK,0.50,7.00,3.90,OK,0.50,7.00,1.94,OK,0.50,7.00,1.55,OK,
[14:47:14] : Cycle start ON
[14:47:16] : Cycle start OFF
[14:47:22] : REQUEST MEAS. ON
[14:47:31] : REQUEST MEAS. OFF
[14:47:33] : 측정요구 ON 2
[14:47:42] : 측정요구 2OFF
[14:47:46] : 측정요구3 ON
[14:47:55] : 측정요구3 OFF
[14:47:57] : 측정요구4 ON
[14:48:06] : 측정요구4 OFF
[14:48:06] : 11,20181120-144806,CF18100852391,,OK,MAX,1, ,0.50,7.00,2.46,OK,0.50,7.00,3.99,OK,0.50,7.00,1.65,OK,0.50,7.00,1.74,OK,
[14:48:24] : Cycle start ON
[14:48:26] : Cycle start OFF
[14:48:52] : REQUEST MEAS. ON
[14:49:01] : REQUEST MEAS. OFF
[14:49:03] : 측정요구 ON 2
[14:49:12] : 측정요구 2OFF
[14:49:17] : 측정요구3 ON
[14:49:26] : 측정요구3 OFF
[14:49:27] : 측정요구4 ON
[14:49:36] : 측정요구4 OFF
[14:49:36] : 11,20181120-144937,CF18100853571,CF 18090112383,OK,MAX,1, ,0.50,7.00,1.77,OK,0.50,7.00,3.78,OK,0.50,7.00,1.43,OK,0.50,7.00,1.52,OK,
[15:13:07] : Cycle start ON
[15:13:09] : Cycle start OFF
[15:13:15] : REQUEST MEAS. ON
[15:13:24] : REQUEST MEAS. OFF
[15:13:25] : 측정요구 ON 2
[15:13:34] : 측정요구 2OFF
[15:13:39] : 측정요구3 ON
[15:13:48] : 측정요구3 OFF
[15:13:49] : 측정요구4 ON
[15:13:58] : 측정요구4 OFF
[15:13:58] : 11,20181120-151359,CF18100851061,,OK,MAX,1, ,0.50,7.00,3.54,OK,0.50,7.00,4.94,OK,0.50,7.00,1.46,OK,0.50,7.00,1.58,OK,
[15:16:20] : MEAS ESC OFF
[15:16:20] : AUTO RUNNING OFF
[15:16:33] : MEAS ESC ON
[15:16:33] : AUTO RUNNING ON
[15:16:51] : Cycle start ON
[15:16:54] : Cycle start OFF
[15:17:00] : REQUEST MEAS. ON
[15:17:09] : REQUEST MEAS. OFF
[15:17:10] : 측정요구 ON 2
[15:17:19] : 측정요구 2OFF
[15:17:23] : 측정요구3 ON
[15:17:32] : 측정요구3 OFF
[15:17:34] : 측정요구4 ON
[15:17:43] : 측정요구4 OFF
[15:17:43] : 11,20181120-151743,CF18100851531,,OK,MAX,1, ,0.50,7.00,1.88,OK,0.50,7.00,2.92,OK,0.50,7.00,1.64,OK,0.50,7.00,1.72,OK,
[15:18:01] : Cycle start ON
[15:18:03] : Cycle start OFF
[15:18:29] : REQUEST MEAS. ON
[15:18:38] : REQUEST MEAS. OFF
[15:18:40] : 측정요구 ON 2
[15:18:49] : 측정요구 2OFF
[15:18:54] : 측정요구3 ON
[15:19:03] : 측정요구3 OFF
[15:19:04] : 측정요구4 ON
[15:19:13] : 측정요구4 OFF
[15:19:13] : 11,20181120-151914,CF18100853341,,OK,MAX,1, ,0.50,7.00,3.62,OK,0.50,7.00,3.24,OK,0.50,7.00,1.42,OK,0.50,7.00,1.48,OK,
[15:19:32] : Cycle start ON
[15:19:35] : Cycle start OFF
[15:20:00] : REQUEST MEAS. ON
[15:20:09] : REQUEST MEAS. OFF
[15:20:10] : 측정요구 ON 2
[15:20:19] : 측정요구 2OFF
[15:20:24] : 측정요구3 ON
[15:20:33] : 측정요구3 OFF
[15:20:34] : 측정요구4 ON
[15:20:43] : 측정요구4 OFF
[15:20:43] : 11,20181120-152044,CF18100851871,,OK,MAX,1, ,0.50,7.00,2.74,OK,0.50,7.00,3.79,OK,0.50,7.00,1.63,OK,0.50,7.00,3.90,OK,
[15:21:01] : Cycle start ON
[15:21:03] : Cycle start OFF
[15:21:30] : REQUEST MEAS. ON
[15:21:39] : REQUEST MEAS. OFF
[15:21:41] : 측정요구 ON 2
[15:21:50] : 측정요구 2OFF
[15:21:54] : 측정요구3 ON
[15:22:03] : 측정요구3 OFF
[15:22:05] : 측정요구4 ON
[15:22:14] : 측정요구4 OFF
[15:22:14] : 11,20181120-152214,CJ18100430447,,OK,MAX,1, ,0.50,7.00,4.12,OK,0.50,7.00,2.37,OK,0.50,7.00,2.90,OK,0.50,7.00,1.27,OK,
[15:22:32] : Cycle start ON
[15:22:35] : Cycle start OFF
[15:23:00] : REQUEST MEAS. ON
[15:23:09] : REQUEST MEAS. OFF
[15:23:11] : 측정요구 ON 2
[15:23:20] : 측정요구 2OFF
[15:23:24] : 측정요구3 ON
[15:23:33] : 측정요구3 OFF
[15:23:35] : 측정요구4 ON
[15:23:44] : 측정요구4 OFF
[15:23:44] : 11,20181120-152344,CF18100853371,,OK,MAX,1, ,0.50,7.00,1.80,OK,0.50,7.00,3.93,OK,0.50,7.00,1.74,OK,0.50,7.00,2.10,OK,
[15:24:02] : Cycle start ON
[15:24:05] : Cycle start OFF
[15:24:30] : REQUEST MEAS. ON
[15:24:39] : REQUEST MEAS. OFF
[15:24:41] : 측정요구 ON 2
[15:24:50] : 측정요구 2OFF
[15:24:54] : 측정요구3 ON
[15:25:03] : 측정요구3 OFF
[15:25:05] : 측정요구4 ON
[15:25:14] : 측정요구4 OFF
[15:25:14] : 11,20181120-152514,CJ18082050061,,OK,MAX,1, ,0.50,7.00,1.19,OK,0.50,7.00,3.14,OK,0.50,7.00,2.11,OK,0.50,7.00,2.17,OK,
[15:25:31] : Cycle start ON
[15:25:33] : Cycle start OFF
[15:26:00] : REQUEST MEAS. ON
[15:26:09] : REQUEST MEAS. OFF
[15:26:11] : 측정요구 ON 2
[15:26:20] : 측정요구 2OFF
[15:26:24] : 측정요구3 ON
[15:26:33] : 측정요구3 OFF
[15:26:35] : 측정요구4 ON
[15:26:44] : 측정요구4 OFF
[15:26:44] : 11,20181120-152644,CF18100851641,,OK,MAX,1, ,0.50,7.00,4.11,OK,0.50,7.00,4.17,OK,0.50,7.00,1.39,OK,0.50,7.00,1.22,OK,
[15:27:12] : Cycle start ON
[15:27:14] : Cycle start OFF
[15:27:20] : REQUEST MEAS. ON
[15:27:29] : REQUEST MEAS. OFF
[15:27:31] : 측정요구 ON 2
[15:27:40] : 측정요구 2OFF
[15:27:44] : 측정요구3 ON
[15:27:53] : 측정요구3 OFF
[15:27:55] : 측정요구4 ON
[15:28:04] : 측정요구4 OFF
[15:28:04] : 11,20181120-152804,CF18100852421,,OK,MAX,1, ,0.50,7.00,2.94,OK,0.50,7.00,3.92,OK,0.50,7.00,1.97,OK,0.50,7.00,1.32,OK,
[15:28:21] : Cycle start ON
[15:28:24] : Cycle start OFF
[15:28:50] : REQUEST MEAS. ON
[15:28:59] : REQUEST MEAS. OFF
[15:29:01] : 측정요구 ON 2
[15:29:10] : 측정요구 2OFF
[15:29:15] : 측정요구3 ON
[15:29:24] : 측정요구3 OFF
[15:29:25] : 측정요구4 ON
[15:29:34] : 측정요구4 OFF
[15:29:34] : 11,20181120-152934,CF18100851651,,OK,MAX,1, ,0.50,7.00,3.08,OK,0.50,7.00,3.99,OK,0.50,7.00,1.43,OK,0.50,7.00,1.07,OK,
[15:30:02] : Cycle start ON
[15:30:05] : Cycle start OFF
[15:30:21] : REQUEST MEAS. ON
[15:30:30] : REQUEST MEAS. OFF
[15:30:31] : 측정요구 ON 2
[15:30:40] : 측정요구 2OFF
[15:30:45] : 측정요구3 ON
[15:30:54] : 측정요구3 OFF
[15:30:55] : 측정요구4 ON
[15:31:04] : 측정요구4 OFF
[15:31:04] : 11,20181120-153105,CF18100852821,,OK,MAX,1, ,0.50,7.00,3.21,OK,0.50,7.00,4.01,OK,0.50,7.00,1.89,OK,0.50,7.00,1.41,OK,
[15:31:22] : Cycle start ON
[15:31:24] : Cycle start OFF
[15:31:51] : REQUEST MEAS. ON
[15:32:00] : REQUEST MEAS. OFF
[15:32:02] : 측정요구 ON 2
[15:32:11] : 측정요구 2OFF
[15:32:15] : 측정요구3 ON
[15:32:24] : 측정요구3 OFF
[15:32:26] : 측정요구4 ON
[15:32:35] : 측정요구4 OFF
[15:32:35] : 11,20181120-153235,CF18100853061,,OK,MAX,1, ,0.50,7.00,3.50,OK,0.50,7.00,4.22,OK,0.50,7.00,1.55,OK,0.50,7.00,1.71,OK,
[15:32:52] : Cycle start ON
[15:32:54] : Cycle start OFF
[15:33:21] : REQUEST MEAS. ON
[15:33:30] : REQUEST MEAS. OFF
[15:33:32] : 측정요구 ON 2
[15:33:41] : 측정요구 2OFF
[15:33:45] : 측정요구3 ON
[15:33:54] : 측정요구3 OFF
[15:33:56] : 측정요구4 ON
[15:34:05] : 측정요구4 OFF
[15:34:05] : 11,20181120-153405,CF18100853151,,OK,MAX,1, ,0.50,7.00,3.73,OK,0.50,7.00,5.47,OK,0.50,7.00,1.39,OK,0.50,7.00,1.37,OK,
[15:35:08] : Cycle start ON
[15:35:11] : Cycle start OFF
[15:35:17] : REQUEST MEAS. ON
[15:35:26] : REQUEST MEAS. OFF
[15:35:27] : 측정요구 ON 2
[15:35:36] : 측정요구 2OFF
[15:35:40] : 측정요구3 ON
[15:35:49] : 측정요구3 OFF
[15:35:51] : 측정요구4 ON
[15:36:00] : 측정요구4 OFF
[15:36:00] : 11,20181120-153600,CF18100852331,,OK,MAX,1, ,0.50,7.00,2.08,OK,0.50,7.00,4.68,OK,0.50,7.00,1.92,OK,0.50,7.00,2.15,OK,
[15:36:18] : Cycle start ON
[15:36:20] : Cycle start OFF
[15:36:46] : REQUEST MEAS. ON
[15:36:55] : REQUEST MEAS. OFF
[15:36:57] : 측정요구 ON 2
[15:37:06] : 측정요구 2OFF
[15:37:11] : 측정요구3 ON
[15:37:20] : 측정요구3 OFF
[15:37:21] : 측정요구4 ON
[15:37:30] : 측정요구4 OFF
[15:37:30] : 11,20181120-153730,CF18100852371,,OK,MAX,1, ,0.50,7.00,2.96,OK,0.50,7.00,2.78,OK,0.50,7.00,2.80,OK,0.50,7.00,1.56,OK,
[15:37:52] : Cycle start ON
[15:37:55] : Cycle start OFF
[15:38:18] : REQUEST MEAS. ON
[15:38:26] : REQUEST MEAS. OFF
[15:38:27] : 측정요구 ON 2
[15:38:36] : 측정요구 2OFF
[15:38:41] : 측정요구3 ON
[15:38:50] : 측정요구3 OFF
[15:38:51] : 측정요구4 ON
[15:39:00] : 측정요구4 OFF
[15:39:00] : 11,20181120-153901,CF18100852871,,OK,MAX,1, ,0.50,7.00,3.77,OK,0.50,7.00,5.71,OK,0.50,7.00,1.75,OK,0.50,7.00,1.48,OK,
[15:39:18] : Cycle start ON
[15:39:20] : Cycle start OFF
[15:39:47] : REQUEST MEAS. ON
[15:39:56] : REQUEST MEAS. OFF
[15:39:58] : 측정요구 ON 2
[15:40:07] : 측정요구 2OFF
[15:40:11] : 측정요구3 ON
[15:40:20] : 측정요구3 OFF
[15:40:22] : 측정요구4 ON
[15:40:31] : 측정요구4 OFF
[15:40:31] : 11,20181120-154031,CF18100853131,,OK,MAX,1, ,0.50,7.00,3.38,OK,0.50,7.00,4.24,OK,0.50,7.00,1.43,OK,0.50,7.00,1.19,OK,
[15:40:52] : Cycle start ON
[15:40:55] : Cycle start OFF
[15:41:17] : REQUEST MEAS. ON
[15:41:26] : REQUEST MEAS. OFF
[15:41:28] : 측정요구 ON 2
[15:41:37] : 측정요구 2OFF
[15:41:41] : 측정요구3 ON
[15:41:50] : 측정요구3 OFF
[15:41:52] : 측정요구4 ON
[15:42:01] : 측정요구4 OFF
[15:42:01] : 11,20181120-154201,CF18100852161,,OK,MAX,1, ,0.50,7.00,2.35,OK,0.50,7.00,4.51,OK,0.50,7.00,1.96,OK,0.50,7.00,1.67,OK,
[15:44:37] : MEAS ESC OFF
[15:44:37] : AUTO RUNNING OFF
[15:45:56] : Cycle start ON
[15:45:56] : Cycle start OFF
[15:46:00] : REQUEST MEAS. ON
[15:46:09] : REQUEST MEAS. OFF
[15:46:11] : 측정요구 ON 2
[15:46:20] : 측정요구 2OFF
[15:46:24] : 측정요구3 ON
[15:46:33] : 측정요구3 OFF
[15:46:35] : 측정요구4 ON
[15:46:44] : 측정요구4 OFF
[15:46:48] : Cycle start ON
[15:46:49] : Cycle start OFF
[15:46:53] : REQUEST MEAS. ON
[15:47:02] : REQUEST MEAS. OFF
[15:47:03] : 측정요구 ON 2
[15:47:12] : 측정요구 2OFF
[15:47:17] : 측정요구3 ON
[15:47:26] : 측정요구3 OFF
[15:47:27] : 측정요구4 ON
[15:47:36] : 측정요구4 OFF
[15:47:41] : Cycle start ON
[15:47:42] : Cycle start OFF
[15:47:46] : REQUEST MEAS. ON
[15:47:55] : REQUEST MEAS. OFF
[15:47:56] : 측정요구 ON 2
[15:48:05] : 측정요구 2OFF
[15:48:09] : 측정요구3 ON
[15:48:18] : 측정요구3 OFF
[15:48:20] : 측정요구4 ON
[15:48:29] : 측정요구4 OFF
[15:48:33] : Cycle start ON
[15:48:34] : Cycle start OFF
[15:48:38] : REQUEST MEAS. ON
[15:48:47] : REQUEST MEAS. OFF
[15:48:49] : 측정요구 ON 2
[15:48:58] : 측정요구 2OFF
[15:49:02] : 측정요구3 ON
[15:49:11] : 측정요구3 OFF
[15:49:13] : 측정요구4 ON
[15:49:22] : 측정요구4 OFF
[15:49:26] : Cycle start ON
[15:49:27] : Cycle start OFF
[15:49:31] : REQUEST MEAS. ON
[15:49:40] : REQUEST MEAS. OFF
[15:49:41] : 측정요구 ON 2
[15:49:50] : 측정요구 2OFF
[15:49:55] : 측정요구3 ON
[15:50:04] : 측정요구3 OFF
[15:50:05] : 측정요구4 ON
[15:50:14] : 측정요구4 OFF
[15:50:18] : Cycle start ON
[15:50:19] : Cycle start OFF
[15:50:23] : REQUEST MEAS. ON
[15:50:32] : REQUEST MEAS. OFF
[15:50:34] : 측정요구 ON 2
[15:50:43] : 측정요구 2OFF
[15:50:47] : 측정요구3 ON
[15:50:56] : 측정요구3 OFF
[15:50:58] : 측정요구4 ON
[15:51:07] : 측정요구4 OFF
[15:51:11] : Cycle start ON
[15:51:12] : Cycle start OFF
[15:51:16] : REQUEST MEAS. ON
[15:51:25] : REQUEST MEAS. OFF
[15:51:26] : 측정요구 ON 2
[15:51:35] : 측정요구 2OFF
[15:51:40] : 측정요구3 ON
[15:51:49] : 측정요구3 OFF
[15:51:50] : 측정요구4 ON
[15:51:59] : 측정요구4 OFF
[15:52:04] : Cycle start ON
[15:52:05] : Cycle start OFF
[15:52:09] : REQUEST MEAS. ON
[15:52:18] : REQUEST MEAS. OFF
[15:52:19] : 측정요구 ON 2
[15:52:28] : 측정요구 2OFF
[15:52:32] : 측정요구3 ON
[15:52:41] : 측정요구3 OFF
[15:52:43] : 측정요구4 ON
[15:52:52] : 측정요구4 OFF
[15:52:56] : Cycle start ON
[15:52:57] : Cycle start OFF
[15:53:01] : REQUEST MEAS. ON
[15:53:10] : REQUEST MEAS. OFF
[15:53:11] : 측정요구 ON 2
[15:53:20] : 측정요구 2OFF
[15:53:25] : 측정요구3 ON
[15:53:34] : 측정요구3 OFF
[15:53:35] : 측정요구4 ON
[15:53:44] : 측정요구4 OFF
[15:53:49] : Cycle start ON
[15:53:50] : Cycle start OFF
[15:53:54] : REQUEST MEAS. ON
[15:54:03] : REQUEST MEAS. OFF
[15:54:04] : 측정요구 ON 2
[15:54:13] : 측정요구 2OFF
[15:54:17] : 측정요구3 ON
[15:54:26] : 측정요구3 OFF
[15:54:28] : 측정요구4 ON
[15:54:37] : 측정요구4 OFF
[16:21:58] : Cycle start ON
[16:21:59] : Cycle start OFF
[16:22:03] : REQUEST MEAS. ON
[16:22:12] : REQUEST MEAS. OFF
[16:22:14] : 측정요구 ON 2
[16:22:23] : 측정요구 2OFF
[16:22:27] : 측정요구3 ON
[16:22:36] : 측정요구3 OFF
[16:22:38] : 측정요구4 ON
[16:22:47] : 측정요구4 OFF
[16:22:51] : Cycle start ON
[16:22:52] : Cycle start OFF
[16:22:56] : REQUEST MEAS. ON
[16:23:05] : REQUEST MEAS. OFF
[16:23:06] : 측정요구 ON 2
[16:23:15] : 측정요구 2OFF
[16:23:20] : 측정요구3 ON
[16:23:29] : 측정요구3 OFF
[16:23:30] : 측정요구4 ON
[16:23:39] : 측정요구4 OFF
[16:23:43] : Cycle start ON
[16:23:44] : Cycle start OFF
[16:23:48] : REQUEST MEAS. ON
[16:23:57] : REQUEST MEAS. OFF
[16:23:59] : 측정요구 ON 2
[16:24:08] : 측정요구 2OFF
[16:24:12] : 측정요구3 ON
[16:24:21] : 측정요구3 OFF
[16:24:23] : 측정요구4 ON
[16:24:32] : 측정요구4 OFF
[16:24:36] : Cycle start ON
[16:24:37] : Cycle start OFF
[16:24:41] : REQUEST MEAS. ON
[16:24:50] : REQUEST MEAS. OFF
[16:24:51] : 측정요구 ON 2
[16:25:00] : 측정요구 2OFF
[16:25:05] : 측정요구3 ON
[16:25:14] : 측정요구3 OFF
[16:25:15] : 측정요구4 ON
[16:25:24] : 측정요구4 OFF
[16:25:28] : Cycle start ON
[16:25:29] : Cycle start OFF
[16:25:33] : REQUEST MEAS. ON
[16:25:42] : REQUEST MEAS. OFF
[16:25:44] : 측정요구 ON 2
[16:25:53] : 측정요구 2OFF
[16:25:57] : 측정요구3 ON
[16:26:06] : 측정요구3 OFF
[16:26:08] : 측정요구4 ON
[16:26:17] : 측정요구4 OFF
[16:26:21] : Cycle start ON
[16:26:22] : Cycle start OFF
[16:26:26] : REQUEST MEAS. ON
[16:26:35] : REQUEST MEAS. OFF
[16:26:36] : 측정요구 ON 2
[16:26:45] : 측정요구 2OFF
[16:26:50] : 측정요구3 ON
[16:26:59] : 측정요구3 OFF
[16:27:00] : 측정요구4 ON
[16:27:09] : 측정요구4 OFF
[16:27:14] : Cycle start ON
[16:27:15] : Cycle start OFF
[16:27:19] : REQUEST MEAS. ON
[16:27:28] : REQUEST MEAS. OFF
[16:27:29] : 측정요구 ON 2
[16:27:38] : 측정요구 2OFF
[16:27:42] : 측정요구3 ON
[16:27:51] : 측정요구3 OFF
[16:27:53] : 측정요구4 ON
[16:28:02] : 측정요구4 OFF
[16:28:06] : Cycle start ON
[16:28:07] : Cycle start OFF
[16:28:11] : REQUEST MEAS. ON
[16:28:20] : REQUEST MEAS. OFF
[16:28:22] : 측정요구 ON 2
[16:28:31] : 측정요구 2OFF
[16:28:35] : 측정요구3 ON
[16:28:44] : 측정요구3 OFF
[16:28:46] : 측정요구4 ON
[16:28:55] : 측정요구4 OFF
[16:28:59] : Cycle start ON
[16:29:00] : Cycle start OFF
[16:29:04] : REQUEST MEAS. ON
[16:29:13] : REQUEST MEAS. OFF
[16:29:14] : 측정요구 ON 2
[16:29:23] : 측정요구 2OFF
[16:29:27] : 측정요구3 ON
[16:29:36] : 측정요구3 OFF
[16:29:38] : 측정요구4 ON
[16:29:47] : 측정요구4 OFF
[16:29:51] : Cycle start ON
[16:29:52] : Cycle start OFF
[16:29:56] : REQUEST MEAS. ON
[16:30:05] : REQUEST MEAS. OFF
[16:30:07] : 측정요구 ON 2
[16:30:16] : 측정요구 2OFF
[16:30:20] : 측정요구3 ON
[16:30:29] : 측정요구3 OFF
[16:30:31] : 측정요구4 ON
[16:30:40] : 측정요구4 OFF
[18:20:51] : Cycle start ON
[18:20:51] : Cycle start OFF
[18:20:55] : REQUEST MEAS. ON
[18:21:04] : REQUEST MEAS. OFF
[18:21:06] : 측정요구 ON 2
[18:21:15] : 측정요구 2OFF
[18:21:19] : 측정요구3 ON
[18:21:28] : 측정요구3 OFF
[18:21:30] : 측정요구4 ON
[18:21:39] : 측정요구4 OFF
[18:21:43] : Cycle start ON
[18:21:44] : Cycle start OFF
[18:21:48] : REQUEST MEAS. ON
[18:21:57] : REQUEST MEAS. OFF
[18:21:58] : 측정요구 ON 2
[18:22:07] : 측정요구 2OFF
[18:22:12] : 측정요구3 ON
[18:22:21] : 측정요구3 OFF
[18:22:22] : 측정요구4 ON
[18:22:31] : 측정요구4 OFF
[18:22:36] : Cycle start ON
[18:22:37] : Cycle start OFF
[18:22:41] : REQUEST MEAS. ON
[18:22:50] : REQUEST MEAS. OFF
[18:22:51] : 측정요구 ON 2
[18:23:00] : 측정요구 2OFF
[18:23:04] : 측정요구3 ON
[18:23:13] : 측정요구3 OFF
[18:23:15] : 측정요구4 ON
[18:23:24] : 측정요구4 OFF
[18:23:28] : Cycle start ON
[18:23:29] : Cycle start OFF
[18:23:33] : REQUEST MEAS. ON
[18:23:42] : REQUEST MEAS. OFF
[18:23:43] : 측정요구 ON 2
[18:23:52] : 측정요구 2OFF
[18:23:57] : 측정요구3 ON
[18:24:06] : 측정요구3 OFF
[18:24:07] : 측정요구4 ON
[18:24:16] : 측정요구4 OFF
[18:24:21] : Cycle start ON
[18:24:22] : Cycle start OFF
[18:24:26] : REQUEST MEAS. ON
[18:24:35] : REQUEST MEAS. OFF
[18:24:36] : 측정요구 ON 2
[18:24:45] : 측정요구 2OFF
[18:24:49] : 측정요구3 ON
[18:24:58] : 측정요구3 OFF
[18:25:00] : 측정요구4 ON
[18:25:09] : 측정요구4 OFF
[18:25:13] : Cycle start ON
[18:25:14] : Cycle start OFF
[18:25:18] : REQUEST MEAS. ON
[18:25:27] : REQUEST MEAS. OFF
[18:25:29] : 측정요구 ON 2
[18:25:38] : 측정요구 2OFF
[18:25:42] : 측정요구3 ON
[18:25:51] : 측정요구3 OFF
[18:25:53] : 측정요구4 ON
[18:26:02] : 측정요구4 OFF
[18:26:06] : Cycle start ON
[18:26:07] : Cycle start OFF
[18:26:11] : REQUEST MEAS. ON
[18:26:20] : REQUEST MEAS. OFF
[18:26:21] : 측정요구 ON 2
[18:26:30] : 측정요구 2OFF
[18:26:35] : 측정요구3 ON
[18:26:44] : 측정요구3 OFF
[18:26:45] : 측정요구4 ON
[18:26:54] : 측정요구4 OFF
[18:26:58] : Cycle start ON
[18:26:59] : Cycle start OFF
[18:27:03] : REQUEST MEAS. ON
[18:27:12] : REQUEST MEAS. OFF
[18:27:14] : 측정요구 ON 2
[18:27:23] : 측정요구 2OFF
[18:27:27] : 측정요구3 ON
[18:27:36] : 측정요구3 OFF
[18:27:38] : 측정요구4 ON
[18:27:47] : 측정요구4 OFF
[18:27:51] : Cycle start ON
[18:27:52] : Cycle start OFF
[18:27:56] : REQUEST MEAS. ON
[18:28:05] : REQUEST MEAS. OFF
[18:28:06] : 측정요구 ON 2
[18:28:15] : 측정요구 2OFF
[18:28:20] : 측정요구3 ON
[18:28:29] : 측정요구3 OFF
[18:28:30] : 측정요구4 ON
[18:28:39] : 측정요구4 OFF
[18:28:43] : Cycle start ON
[18:28:44] : Cycle start OFF
[18:28:48] : REQUEST MEAS. ON
[18:28:57] : REQUEST MEAS. OFF
[18:28:59] : 측정요구 ON 2
[18:29:08] : 측정요구 2OFF
[18:29:12] : 측정요구3 ON
[18:29:21] : 측정요구3 OFF
[18:29:23] : 측정요구4 ON
[18:29:32] : 측정요구4 OFF
[18:41:14] : Cycle start ON
[18:41:15] : Cycle start OFF
[18:43:05] : Cycle start ON
[18:43:05] : Cycle start OFF
[18:43:09] : REQUEST MEAS. ON
[18:43:18] : REQUEST MEAS. OFF
[18:43:20] : 측정요구 ON 2
[18:43:29] : 측정요구 2OFF
[18:43:33] : 측정요구3 ON
[18:43:42] : 측정요구3 OFF
[18:43:44] : 측정요구4 ON
[18:43:53] : 측정요구4 OFF
[18:43:57] : Cycle start ON
[18:43:58] : Cycle start OFF
[18:44:02] : REQUEST MEAS. ON
[18:44:11] : REQUEST MEAS. OFF
[18:44:12] : 측정요구 ON 2
[18:44:21] : 측정요구 2OFF
[18:44:26] : 측정요구3 ON
[18:44:35] : 측정요구3 OFF
[18:44:36] : 측정요구4 ON
[18:44:45] : 측정요구4 OFF
[18:44:50] : Cycle start ON
[18:44:51] : Cycle start OFF
[18:44:55] : REQUEST MEAS. ON
[18:45:04] : REQUEST MEAS. OFF
[18:45:05] : 측정요구 ON 2
[18:45:14] : 측정요구 2OFF
[18:45:18] : 측정요구3 ON
[18:45:27] : 측정요구3 OFF
[18:45:29] : 측정요구4 ON
[18:45:38] : 측정요구4 OFF
[18:45:42] : Cycle start ON
[18:45:43] : Cycle start OFF
[18:45:47] : REQUEST MEAS. ON
[18:45:56] : REQUEST MEAS. OFF
[18:45:58] : 측정요구 ON 2
[18:46:07] : 측정요구 2OFF
[18:46:11] : 측정요구3 ON
[18:46:20] : 측정요구3 OFF
[18:46:21] : 측정요구4 ON
[18:46:30] : 측정요구4 OFF
[18:46:35] : Cycle start ON
[18:46:36] : Cycle start OFF
[18:46:40] : REQUEST MEAS. ON
[18:46:49] : REQUEST MEAS. OFF
[18:46:50] : 측정요구 ON 2
[18:46:59] : 측정요구 2OFF
[18:47:03] : 측정요구3 ON
[18:47:12] : 측정요구3 OFF
[18:47:14] : 측정요구4 ON
[18:47:23] : 측정요구4 OFF
[18:47:27] : Cycle start ON
[18:47:28] : Cycle start OFF
[18:47:32] : REQUEST MEAS. ON
[18:47:41] : REQUEST MEAS. OFF
[18:47:43] : 측정요구 ON 2
[18:47:52] : 측정요구 2OFF
[18:47:56] : 측정요구3 ON
[18:48:05] : 측정요구3 OFF
[18:48:07] : 측정요구4 ON
[18:48:16] : 측정요구4 OFF
[18:48:20] : Cycle start ON
[18:48:21] : Cycle start OFF
[18:48:25] : REQUEST MEAS. ON
[18:48:34] : REQUEST MEAS. OFF
[18:48:35] : 측정요구 ON 2
[18:48:44] : 측정요구 2OFF
[18:48:49] : 측정요구3 ON
[18:48:58] : 측정요구3 OFF
[18:48:59] : 측정요구4 ON
[18:49:08] : 측정요구4 OFF
[18:49:13] : Cycle start ON
[18:49:14] : Cycle start OFF
[18:49:18] : REQUEST MEAS. ON
[18:49:27] : REQUEST MEAS. OFF
[18:49:28] : 측정요구 ON 2
[18:49:37] : 측정요구 2OFF
[18:49:41] : 측정요구3 ON
[18:49:50] : 측정요구3 OFF
[18:49:52] : 측정요구4 ON
[18:50:01] : 측정요구4 OFF
[18:50:05] : Cycle start ON
[18:50:06] : Cycle start OFF
[18:50:10] : REQUEST MEAS. ON
[18:50:19] : REQUEST MEAS. OFF
[18:50:20] : 측정요구 ON 2
[18:50:29] : 측정요구 2OFF
[18:50:34] : 측정요구3 ON
[18:50:43] : 측정요구3 OFF
[18:50:44] : 측정요구4 ON
[18:50:53] : 측정요구4 OFF
[18:50:58] : Cycle start ON
[18:50:59] : Cycle start OFF
[18:51:03] : REQUEST MEAS. ON
[18:51:12] : REQUEST MEAS. OFF
[18:51:13] : 측정요구 ON 2
[18:51:22] : 측정요구 2OFF
[18:51:27] : 측정요구3 ON
[18:51:36] : 측정요구3 OFF
[18:51:37] : 측정요구4 ON
[18:51:46] : 측정요구4 OFF
[19:23:44] : Cycle start ON
[19:23:44] : Cycle start OFF
[19:24:32] : Cycle start ON
[19:24:32] : Cycle start OFF
[19:25:27] : Cycle start ON
[19:25:27] : Cycle start OFF
[19:25:31] : REQUEST MEAS. ON
[19:25:40] : REQUEST MEAS. OFF
[19:25:42] : 측정요구 ON 2
[19:25:51] : 측정요구 2OFF
[19:25:55] : 측정요구3 ON
[19:26:04] : 측정요구3 OFF
[19:26:06] : 측정요구4 ON
[19:26:15] : 측정요구4 OFF
[20:17:16] : Plc Error Timer
 
