 
[14:35:30] : MEAS ESC ON
[14:37:33] : MEAS ESC OFF
[14:37:51] : MEAS ESC ON
[14:37:52] : MEAS ESC OFF
[14:37:52] : AUTO RUNNING ON
[14:38:11] : Cycle start ON
[14:38:13] : Cycle start OFF
[14:38:19] : REQUEST MEAS. ON
[14:38:28] : REQUEST MEAS. OFF
[14:38:28] : end pos sig1 :50.000000 - 50.000000
[14:38:28] : 측정요구 ON 2
[14:38:38] : 측정요구 2OFF
[14:38:38] : end pos sig2 :-50.000000 - -50.000000
[14:38:42] : 측정요구3 ON
[14:38:51] : 측정요구3 OFF
[14:38:51] : end pos sig3 :50.000000 - 50.000000
[14:38:51] : 측정요구4 ON
[14:39:00] : 측정요구4 OFF
[14:39:00] : end pos sig4 :-50.000000 - -50.000000
[14:39:00] : 11,20181222-143901,AL18121450606,,OK,MAX,1, ,AUTO,0.10,8.00,1.62,OK,0.10,8.00,0.53,OK,0.10,8.00,1.55,OK,0.10,8.00,0.51,OK,
[14:39:06] : AUTO RUNNING OFF
[14:59:29] : MEAS ESC ON
[14:59:29] : MEAS ESC OFF
[14:59:29] : AUTO RUNNING ON
[14:59:44] : Cycle start ON
[14:59:46] : Cycle start OFF
[14:59:52] : REQUEST MEAS. ON
[15:00:01] : REQUEST MEAS. OFF
[15:00:01] : end pos sig1 :50.000000 - 50.000000
[15:00:01] : 측정요구 ON 2
[15:00:10] : 측정요구 2OFF
[15:00:10] : end pos sig2 :-50.000000 - -50.000000
[15:00:14] : 측정요구3 ON
[15:00:23] : 측정요구3 OFF
[15:00:23] : end pos sig3 :50.000000 - 50.000000
[15:00:23] : 측정요구4 ON
[15:00:33] : 측정요구4 OFF
[15:00:33] : end pos sig4 :-50.000000 - -50.000000
[15:00:33] : 11,20181222-150033,AL18121450366,,OK,MAX,1, ,AUTO,0.10,8.00,1.12,OK,0.10,8.00,0.99,OK,0.10,8.00,1.50,OK,0.10,8.00,1.82,OK,
[15:00:52] : Cycle start ON
[15:00:54] : Cycle start OFF
[15:01:00] : REQUEST MEAS. ON
[15:01:09] : REQUEST MEAS. OFF
[15:01:09] : end pos sig1 :50.000000 - 50.000000
[15:01:09] : 측정요구 ON 2
[15:01:19] : 측정요구 2OFF
[15:01:19] : end pos sig2 :-26.260000 - -26.440000
[15:01:22] : 측정요구3 ON
[15:01:31] : 측정요구3 OFF
[15:01:31] : end pos sig3 :50.000000 - 50.000000
[15:01:32] : 측정요구4 ON
[15:01:41] : 측정요구4 OFF
[15:01:41] : end pos sig4 :-50.000000 - -50.000000
[15:01:41] : 11,20181222-150142,AL18121450886,,OK,MAX,1, ,AUTO,0.10,8.00,0.87,OK,0.10,8.00,0.72,OK,0.10,8.00,1.35,OK,0.10,8.00,0.81,OK,
[15:02:37] : Cycle start ON
[15:02:39] : Cycle start OFF
[15:02:45] : REQUEST MEAS. ON
[15:02:54] : REQUEST MEAS. OFF
[15:02:54] : end pos sig1 :50.000000 - 50.000000
[15:02:54] : 측정요구 ON 2
[15:03:04] : 측정요구 2OFF
[15:03:04] : end pos sig2 :-50.000000 - -50.000000
[15:03:08] : 측정요구3 ON
[15:03:18] : 측정요구3 OFF
[15:03:18] : end pos sig3 :50.000000 - 50.000000
[15:03:18] : 측정요구4 ON
[15:03:27] : 측정요구4 OFF
[15:03:27] : end pos sig4 :-50.000000 - -50.000000
[15:03:27] : 11,20181222-150327,AL18121450676,,OK,MAX,1, ,AUTO,0.10,8.00,1.55,OK,0.10,8.00,1.06,OK,0.10,8.00,1.72,OK,0.10,8.00,0.57,OK,
[15:03:44] : Cycle start ON
[15:03:46] : Cycle start OFF
[15:03:52] : REQUEST MEAS. ON
[15:04:01] : REQUEST MEAS. OFF
[15:04:01] : end pos sig1 :50.000000 - 50.000000
[15:04:01] : 측정요구 ON 2
[15:04:11] : 측정요구 2OFF
[15:04:11] : end pos sig2 :-50.000000 - -50.000000
[15:04:15] : 측정요구3 ON
[15:04:24] : 측정요구3 OFF
[15:04:24] : end pos sig3 :50.000000 - 50.000000
[15:04:24] : 측정요구4 ON
[15:04:34] : 측정요구4 OFF
[15:04:34] : end pos sig4 :-50.000000 - -50.000000
[15:04:34] : 11,20181222-150434,AL18121450406,,OK,MAX,1, ,AUTO,0.10,8.00,1.27,OK,0.10,8.00,0.97,OK,0.10,8.00,0.96,OK,0.10,8.00,0.56,OK,
[15:04:55] : Cycle start ON
[15:04:57] : Cycle start OFF
[15:05:03] : REQUEST MEAS. ON
[15:05:12] : REQUEST MEAS. OFF
[15:05:12] : end pos sig1 :50.000000 - 50.000000
[15:05:12] : 측정요구 ON 2
[15:05:22] : 측정요구 2OFF
[15:05:22] : end pos sig2 :-50.000000 - -50.000000
[15:05:25] : 측정요구3 ON
[15:05:34] : 측정요구3 OFF
[15:05:34] : end pos sig3 :50.000000 - 50.000000
[15:05:34] : 측정요구4 ON
[15:05:44] : 측정요구4 OFF
[15:05:44] : end pos sig4 :-50.000000 - -50.000000
[15:05:44] : 11,20181222-150545,AL18121450876,,OK,MAX,1, ,AUTO,0.10,8.00,0.88,OK,0.10,8.00,1.05,OK,0.10,8.00,1.41,OK,0.10,8.00,0.67,OK,
[15:06:18] : Cycle start ON
[15:06:20] : Cycle start OFF
[15:06:26] : REQUEST MEAS. ON
[15:06:35] : REQUEST MEAS. OFF
[15:06:35] : end pos sig1 :50.000000 - 50.000000
[15:06:35] : 측정요구 ON 2
[15:06:45] : 측정요구 2OFF
[15:06:45] : end pos sig2 :-50.000000 - -50.000000
[15:06:48] : 측정요구3 ON
[15:06:57] : 측정요구3 OFF
[15:06:57] : end pos sig3 :50.000000 - 50.000000
[15:06:58] : 측정요구4 ON
[15:07:07] : 측정요구4 OFF
[15:07:07] : end pos sig4 :-50.000000 - -50.000000
[15:07:07] : 11,20181222-150708,AL18121450386,,OK,MAX,1, ,AUTO,0.10,8.00,1.35,OK,0.10,8.00,0.37,OK,0.10,8.00,1.49,OK,0.10,8.00,0.65,OK,
[15:07:16] : AUTO RUNNING OFF
[15:09:53] : MEAS ESC ON
[15:09:55] : MEAS ESC OFF
[15:09:55] : AUTO RUNNING ON
[15:10:10] : Cycle start ON
[15:10:12] : Cycle start OFF
[15:10:18] : REQUEST MEAS. ON
[15:10:27] : REQUEST MEAS. OFF
[15:10:27] : end pos sig1 :50.000000 - 50.000000
[15:10:27] : 측정요구 ON 2
[15:10:36] : 측정요구 2OFF
[15:10:36] : end pos sig2 :-50.000000 - -50.000000
[15:10:40] : 측정요구3 ON
[15:10:49] : 측정요구3 OFF
[15:10:49] : end pos sig3 :50.000000 - 50.000000
[15:10:49] : 측정요구4 ON
[15:10:59] : 측정요구4 OFF
[15:10:59] : end pos sig4 :-50.000000 - -50.000000
[15:10:59] : 11,20181222-151100,AL18121450586,,OK,MAX,1, ,AUTO,0.10,8.00,1.19,OK,0.10,8.00,0.56,OK,0.10,8.00,0.99,OK,0.10,8.00,0.79,OK,
[15:11:30] : Cycle start ON
[15:11:32] : Cycle start OFF
[15:11:38] : REQUEST MEAS. ON
[15:11:47] : REQUEST MEAS. OFF
[15:11:47] : end pos sig1 :50.000000 - 50.000000
[15:11:47] : 측정요구 ON 2
[15:11:56] : 측정요구 2OFF
[15:11:56] : end pos sig2 :-50.000000 - -50.000000
[15:12:00] : 측정요구3 ON
[15:12:09] : 측정요구3 OFF
[15:12:09] : end pos sig3 :50.000000 - 50.000000
[15:12:09] : 측정요구4 ON
[15:12:19] : 측정요구4 OFF
[15:12:19] : end pos sig4 :-50.000000 - -50.000000
[15:12:19] : 11,20181222-151219,AL18121450276,,OK,MAX,1, ,AUTO,0.10,8.00,1.80,OK,0.10,8.00,0.69,OK,0.10,8.00,1.36,OK,0.10,8.00,0.79,OK,
[15:15:17] : Cycle start ON
[15:15:20] : Cycle start OFF
[15:15:25] : REQUEST MEAS. ON
[15:15:35] : REQUEST MEAS. OFF
[15:15:35] : end pos sig1 :50.000000 - 50.000000
[15:15:35] : 측정요구 ON 2
[15:15:45] : 측정요구 2OFF
[15:15:45] : end pos sig2 :-50.000000 - -50.000000
[15:15:48] : 측정요구3 ON
[15:15:57] : 측정요구3 OFF
[15:15:57] : end pos sig3 :50.000000 - 50.000000
[15:15:58] : 측정요구4 ON
[15:16:07] : 측정요구4 OFF
[15:16:07] : end pos sig4 :-50.000000 - -50.000000
[15:16:07] : 11,20181222-151608,AL18121450436,,OK,MAX,1, ,AUTO,0.10,8.00,1.09,OK,0.10,8.00,0.65,OK,0.10,8.00,1.18,OK,0.10,8.00,1.89,OK,
[15:19:48] : Cycle start ON
[15:19:50] : Cycle start OFF
[15:19:56] : REQUEST MEAS. ON
[15:20:05] : REQUEST MEAS. OFF
[15:20:05] : end pos sig1 :50.000000 - 50.000000
[15:20:05] : 측정요구 ON 2
[15:20:14] : 측정요구 2OFF
[15:20:14] : end pos sig2 :-50.000000 - -50.000000
[15:20:18] : 측정요구3 ON
[15:20:27] : 측정요구3 OFF
[15:20:27] : end pos sig3 :50.000000 - 50.000000
[15:20:28] : 측정요구4 ON
[15:20:37] : 측정요구4 OFF
[15:20:37] : end pos sig4 :-50.000000 - -50.000000
[15:20:37] : 11,20181222-152037,AL18121450546,,OK,MAX,1, ,AUTO,0.10,8.00,1.83,OK,0.10,8.00,1.16,OK,0.10,8.00,0.84,OK,0.10,8.00,2.71,OK,
[15:20:56] : Cycle start ON
[15:20:58] : Cycle start OFF
[15:21:04] : REQUEST MEAS. ON
[15:21:13] : REQUEST MEAS. OFF
[15:21:13] : end pos sig1 :50.000000 - 50.000000
[15:21:13] : 측정요구 ON 2
[15:21:23] : 측정요구 2OFF
[15:21:23] : end pos sig2 :-50.000000 - -50.000000
[15:21:26] : 측정요구3 ON
[15:21:36] : 측정요구3 OFF
[15:21:36] : end pos sig3 :50.000000 - 50.000000
[15:21:36] : 측정요구4 ON
[15:21:45] : 측정요구4 OFF
[15:21:45] : end pos sig4 :-50.000000 - -50.000000
[15:21:45] : 11,20181222-152146,AL18121450496,,OK,MAX,1, ,AUTO,0.10,8.00,1.22,OK,0.10,8.00,0.48,OK,0.10,8.00,1.43,OK,0.10,8.00,0.70,OK,
[15:34:51] : Cycle start ON
[15:34:54] : Cycle start OFF
[15:34:59] : REQUEST MEAS. ON
[15:35:08] : REQUEST MEAS. OFF
[15:35:08] : end pos sig1 :50.000000 - 50.000000
[15:35:09] : 측정요구 ON 2
[15:35:18] : 측정요구 2OFF
[15:35:18] : end pos sig2 :-50.000000 - -50.000000
[15:35:22] : 측정요구3 ON
[15:35:31] : 측정요구3 OFF
[15:35:31] : end pos sig3 :50.000000 - 50.000000
[15:35:31] : 측정요구4 ON
[15:35:41] : 측정요구4 OFF
[15:35:41] : end pos sig4 :-50.000000 - -50.000000
[15:35:41] : 11,20181222-153541,AL18121450976,,OK,MAX,1, ,AUTO,0.10,8.00,1.87,OK,0.10,8.00,0.76,OK,0.10,8.00,1.06,OK,0.10,8.00,0.47,OK,
[15:36:00] : Cycle start ON
[15:36:02] : Cycle start OFF
[15:36:08] : AUTO RUNNING OFF
[15:36:46] : MEAS ESC ON
[15:53:26] : MEAS ESC OFF
[15:53:26] : AUTO RUNNING ON
[15:53:27] : REQUEST MEAS. ON
[15:53:36] : REQUEST MEAS. OFF
[15:53:36] : end pos sig1 :50.000000 - 50.000000
[15:53:37] : 측정요구 ON 2
[15:53:46] : 측정요구 2OFF
[15:53:46] : end pos sig2 :-50.000000 - -50.000000
[15:53:50] : 측정요구3 ON
[15:53:59] : 측정요구3 OFF
[15:53:59] : end pos sig3 :50.000000 - 50.000000
[15:54:00] : 측정요구4 ON
[15:54:09] : 측정요구4 OFF
[15:54:09] : end pos sig4 :-50.000000 - -50.000000
[15:54:09] : 11,20181222-155409,AL18121450596,,OK,MAX,1, ,AUTO,0.10,8.00,0.87,OK,0.10,8.00,0.80,OK,0.10,8.00,1.18,OK,0.10,8.00,0.78,OK,
[15:54:27] : Cycle start ON
[15:54:29] : Cycle start OFF
[15:54:35] : REQUEST MEAS. ON
[15:54:44] : REQUEST MEAS. OFF
[15:54:44] : end pos sig1 :50.000000 - 50.000000
[15:54:44] : 측정요구 ON 2
[15:54:54] : 측정요구 2OFF
[15:54:54] : end pos sig2 :-50.000000 - -50.000000
[15:54:58] : 측정요구3 ON
[15:55:08] : 측정요구3 OFF
[15:55:08] : end pos sig3 :50.000000 - 50.000000
[15:55:08] : 측정요구4 ON
[15:55:17] : 측정요구4 OFF
[15:55:17] : end pos sig4 :-50.000000 - -50.000000
[15:55:17] : 11,20181222-155517,AL18121450526,,OK,MAX,1, ,AUTO,0.10,8.00,1.39,OK,0.10,8.00,1.99,OK,0.10,8.00,1.32,OK,0.10,8.00,1.74,OK,
[15:55:35] : Cycle start ON
[15:55:37] : Cycle start OFF
[15:55:43] : REQUEST MEAS. ON
[15:55:52] : REQUEST MEAS. OFF
[15:55:52] : end pos sig1 :50.000000 - 50.000000
[15:55:52] : 측정요구 ON 2
[15:56:02] : 측정요구 2OFF
[15:56:02] : end pos sig2 :-50.000000 - -50.000000
[15:56:05] : 측정요구3 ON
[15:56:14] : 측정요구3 OFF
[15:56:14] : end pos sig3 :50.000000 - 50.000000
[15:56:14] : 측정요구4 ON
[15:56:24] : 측정요구4 OFF
[15:56:24] : end pos sig4 :-50.000000 - -50.000000
[15:56:24] : 11,20181222-155625,AL18121450506,,OK,MAX,1, ,AUTO,0.10,8.00,0.98,OK,0.10,8.00,0.48,OK,0.10,8.00,1.12,OK,0.10,8.00,1.35,OK,
[15:56:43] : Cycle start ON
[15:56:45] : Cycle start OFF
[15:56:51] : REQUEST MEAS. ON
[15:57:00] : REQUEST MEAS. OFF
[15:57:00] : end pos sig1 :50.000000 - 50.000000
[15:57:00] : 측정요구 ON 2
[15:57:10] : 측정요구 2OFF
[15:57:10] : end pos sig2 :-50.000000 - -50.000000
[15:57:13] : 측정요구3 ON
[15:57:22] : 측정요구3 OFF
[15:57:22] : end pos sig3 :50.000000 - 50.000000
[15:57:23] : 측정요구4 ON
[15:57:32] : 측정요구4 OFF
[15:57:32] : end pos sig4 :-50.000000 - -50.000000
[15:57:32] : 11,20181222-155733,AL18121450536,,OK,MAX,1, ,AUTO,0.10,8.00,0.80,OK,0.10,8.00,0.98,OK,0.10,8.00,1.44,OK,0.10,8.00,0.77,OK,
[15:57:51] : Cycle start ON
[15:57:53] : Cycle start OFF
[15:57:59] : REQUEST MEAS. ON
[15:58:08] : REQUEST MEAS. OFF
[15:58:08] : end pos sig1 :50.000000 - 50.000000
[15:58:08] : 측정요구 ON 2
[15:58:18] : 측정요구 2OFF
[15:58:18] : end pos sig2 :-50.000000 - -50.000000
[15:58:21] : 측정요구3 ON
[15:58:30] : 측정요구3 OFF
[15:58:30] : end pos sig3 :50.000000 - 50.000000
[15:58:30] : 측정요구4 ON
[15:58:40] : 측정요구4 OFF
[15:58:40] : end pos sig4 :-50.000000 - -50.000000
[15:58:40] : 11,20181222-155841,AL18121450466,,OK,MAX,1, ,AUTO,0.10,8.00,1.60,OK,0.10,8.00,0.62,OK,0.10,8.00,1.28,OK,0.10,8.00,1.36,OK,
[15:58:59] : Cycle start ON
[15:59:01] : Cycle start OFF
[15:59:07] : REQUEST MEAS. ON
[15:59:16] : REQUEST MEAS. OFF
[15:59:16] : end pos sig1 :50.000000 - 50.000000
[15:59:16] : 측정요구 ON 2
[15:59:26] : 측정요구 2OFF
[15:59:26] : end pos sig2 :-50.000000 - -50.000000
[15:59:29] : 측정요구3 ON
[15:59:38] : 측정요구3 OFF
[15:59:38] : end pos sig3 :50.000000 - 50.000000
[15:59:38] : 측정요구4 ON
[15:59:48] : 측정요구4 OFF
[15:59:48] : end pos sig4 :-50.000000 - -50.000000
[15:59:48] : 11,20181222-155948,AL18121450416,,OK,MAX,1, ,AUTO,0.10,8.00,1.36,OK,0.10,8.00,0.83,OK,0.10,8.00,0.98,OK,0.10,8.00,0.69,OK,
[16:00:07] : Cycle start ON
[16:00:09] : Cycle start OFF
[16:00:33] : Cycle start ON
[16:00:35] : Cycle start OFF
[16:00:41] : REQUEST MEAS. ON
[16:00:50] : REQUEST MEAS. OFF
[16:00:50] : end pos sig1 :50.000000 - 50.000000
[16:00:50] : 측정요구 ON 2
[16:00:59] : 측정요구 2OFF
[16:00:59] : end pos sig2 :-50.000000 - -50.000000
[16:01:02] : 측정요구3 ON
[16:01:11] : 측정요구3 OFF
[16:01:11] : end pos sig3 :50.000000 - 50.000000
[16:01:11] : 측정요구4 ON
[16:01:21] : 측정요구4 OFF
[16:01:21] : end pos sig4 :-50.000000 - -50.000000
[16:01:21] : 11,20181222-160122,AL18121450306,,OK,MAX,1, ,AUTO,0.10,8.00,1.62,OK,0.10,8.00,0.65,OK,0.10,8.00,1.20,OK,0.10,8.00,1.42,OK,
[16:01:40] : Cycle start ON
[16:01:42] : Cycle start OFF
[16:01:48] : REQUEST MEAS. ON
[16:01:57] : REQUEST MEAS. OFF
[16:01:57] : end pos sig1 :50.000000 - 50.000000
[16:01:57] : 측정요구 ON 2
[16:02:07] : 측정요구 2OFF
[16:02:07] : end pos sig2 :-50.000000 - -50.000000
[16:02:10] : 측정요구3 ON
[16:02:19] : 측정요구3 OFF
[16:02:19] : end pos sig3 :50.000000 - 50.000000
[16:02:20] : 측정요구4 ON
[16:02:29] : 측정요구4 OFF
[16:02:29] : end pos sig4 :-50.000000 - -50.000000
[16:02:29] : 11,20181222-160230,AL18121450716,,OK,MAX,1, ,AUTO,0.10,8.00,1.23,OK,0.10,8.00,1.75,OK,0.10,8.00,1.03,OK,0.10,8.00,1.72,OK,
[16:02:48] : Cycle start ON
[16:02:50] : Cycle start OFF
[16:02:56] : REQUEST MEAS. ON
[16:03:05] : REQUEST MEAS. OFF
[16:03:05] : end pos sig1 :50.000000 - 50.000000
[16:03:05] : 측정요구 ON 2
[16:03:15] : 측정요구 2OFF
[16:03:15] : end pos sig2 :-50.000000 - -50.000000
[16:03:18] : 측정요구3 ON
[16:03:27] : 측정요구3 OFF
[16:03:27] : end pos sig3 :50.000000 - 50.000000
[16:03:27] : 측정요구4 ON
[16:03:37] : 측정요구4 OFF
[16:03:37] : end pos sig4 :-50.000000 - -50.000000
[16:03:37] : 11,20181222-160338,AL18121450296,,OK,MAX,1, ,AUTO,0.10,8.00,1.24,OK,0.10,8.00,1.05,OK,0.10,8.00,0.73,OK,0.10,8.00,1.53,OK,
[16:03:56] : Cycle start ON
[16:03:58] : Cycle start OFF
[16:04:04] : REQUEST MEAS. ON
[16:04:13] : REQUEST MEAS. OFF
[16:04:13] : end pos sig1 :50.000000 - 50.000000
[16:04:13] : 측정요구 ON 2
[16:04:23] : 측정요구 2OFF
[16:04:23] : end pos sig2 :-50.000000 - -50.000000
[16:04:26] : 측정요구3 ON
[16:04:35] : 측정요구3 OFF
[16:04:35] : end pos sig3 :50.000000 - 50.000000
[16:04:36] : 측정요구4 ON
[16:04:45] : 측정요구4 OFF
[16:04:45] : end pos sig4 :-50.000000 - -50.000000
[16:04:45] : 11,20181222-160446,AL18121450336,,OK,MAX,1, ,AUTO,0.10,8.00,1.12,OK,0.10,8.00,0.53,OK,0.10,8.00,1.34,OK,0.10,8.00,0.74,OK,
[16:05:13] : Cycle start ON
[16:05:16] : Cycle start OFF
[16:05:21] : REQUEST MEAS. ON
[16:05:30] : REQUEST MEAS. OFF
[16:05:30] : end pos sig1 :50.000000 - 50.000000
[16:05:30] : 측정요구 ON 2
[16:05:40] : 측정요구 2OFF
[16:05:40] : end pos sig2 :-50.000000 - -50.000000
[16:05:43] : 측정요구3 ON
[16:05:52] : 측정요구3 OFF
[16:05:52] : end pos sig3 :50.000000 - 50.000000
[16:05:52] : 측정요구4 ON
[16:06:02] : 측정요구4 OFF
[16:06:02] : end pos sig4 :-50.000000 - -50.000000
[16:06:02] : 11,20181222-160603,AL18121451006,,OK,MAX,1, ,AUTO,0.10,8.00,1.15,OK,0.10,8.00,0.70,OK,0.10,8.00,1.04,OK,0.10,8.00,1.96,OK,
[16:06:27] : Cycle start ON
[16:06:29] : Cycle start OFF
[16:06:35] : REQUEST MEAS. ON
[16:06:44] : REQUEST MEAS. OFF
[16:06:44] : end pos sig1 :50.000000 - 50.000000
[16:06:44] : 측정요구 ON 2
[16:06:53] : 측정요구 2OFF
[16:06:53] : end pos sig2 :-50.000000 - -50.000000
[16:06:57] : 측정요구3 ON
[16:07:06] : 측정요구3 OFF
[16:07:06] : end pos sig3 :50.000000 - 50.000000
[16:07:07] : 측정요구4 ON
[16:07:16] : 측정요구4 OFF
[16:07:16] : end pos sig4 :-50.000000 - -50.000000
[16:07:16] : 11,20181222-160716,AL18121450766,,OK,MAX,1, ,AUTO,0.10,8.00,1.36,OK,0.10,8.00,1.08,OK,0.10,8.00,1.21,OK,0.10,8.00,1.31,OK,
[16:07:35] : Cycle start ON
[16:07:37] : Cycle start OFF
[16:07:43] : REQUEST MEAS. ON
[16:07:52] : REQUEST MEAS. OFF
[16:07:52] : end pos sig1 :50.000000 - 50.000000
[16:07:52] : 측정요구 ON 2
[16:08:02] : 측정요구 2OFF
[16:08:02] : end pos sig2 :-50.000000 - -50.000000
[16:08:05] : 측정요구3 ON
[16:08:14] : 측정요구3 OFF
[16:08:14] : end pos sig3 :50.000000 - 50.000000
[16:08:15] : 측정요구4 ON
[16:08:24] : 측정요구4 OFF
[16:08:24] : end pos sig4 :-50.000000 - -50.000000
[16:08:24] : 11,20181222-160825,AL18121450476,,OK,MAX,1, ,AUTO,0.10,8.00,1.08,OK,0.10,8.00,0.74,OK,0.10,8.00,0.80,OK,0.10,8.00,0.84,OK,
[16:08:44] : Cycle start ON
[16:08:46] : Cycle start OFF
[16:09:10] : Cycle start ON
[16:09:11] : Cycle start OFF
[16:16:52] : REQUEST MEAS. ON
[16:17:01] : REQUEST MEAS. OFF
[16:17:01] : end pos sig1 :50.000000 - 50.000000
[16:17:01] : 측정요구 ON 2
[16:17:10] : 측정요구 2OFF
[16:17:10] : end pos sig2 :-50.000000 - -50.000000
[16:17:14] : 측정요구3 ON
[16:17:24] : 측정요구3 OFF
[16:17:24] : end pos sig3 :50.000000 - 50.000000
[16:17:24] : 측정요구4 ON
[16:17:33] : 측정요구4 OFF
[16:17:33] : end pos sig4 :-50.000000 - -50.000000
[16:17:33] : 11,20181222-161733,AL18121450906,,OK,MAX,1, ,AUTO,0.10,8.00,1.57,OK,0.10,8.00,1.77,OK,0.10,8.00,0.90,OK,0.10,8.00,0.56,OK,
[16:17:51] : Cycle start ON
[16:17:53] : Cycle start OFF
[16:17:59] : REQUEST MEAS. ON
[16:18:08] : REQUEST MEAS. OFF
[16:18:08] : end pos sig1 :50.000000 - 50.000000
[16:18:08] : 측정요구 ON 2
[16:18:18] : 측정요구 2OFF
[16:18:18] : end pos sig2 :-50.000000 - -50.000000
[16:18:22] : 측정요구3 ON
[16:18:31] : 측정요구3 OFF
[16:18:31] : end pos sig3 :50.000000 - 50.000000
[16:18:31] : 측정요구4 ON
[16:18:40] : 측정요구4 OFF
[16:18:40] : end pos sig4 :-50.000000 - -50.000000
[16:18:40] : 11,20181222-161841,AL18121450686,,OK,MAX,1, ,AUTO,0.10,8.00,1.05,OK,0.10,8.00,1.10,OK,0.10,8.00,0.79,OK,0.10,8.00,1.34,OK,
[16:19:00] : Cycle start ON
[16:19:02] : Cycle start OFF
[16:19:08] : REQUEST MEAS. ON
[16:19:17] : REQUEST MEAS. OFF
[16:19:17] : end pos sig1 :50.000000 - 50.000000
[16:19:17] : 측정요구 ON 2
[16:19:27] : 측정요구 2OFF
[16:19:27] : end pos sig2 :-50.000000 - -50.000000
[16:19:30] : 측정요구3 ON
[16:19:39] : 측정요구3 OFF
[16:19:39] : end pos sig3 :50.000000 - 50.000000
[16:19:39] : 측정요구4 ON
[16:19:49] : 측정요구4 OFF
[16:19:49] : end pos sig4 :-50.000000 - -50.000000
[16:19:49] : 11,20181222-161950,AL18121450636,,OK,MAX,1, ,AUTO,0.10,8.00,1.20,OK,0.10,8.00,0.66,OK,0.10,8.00,1.28,OK,0.10,8.00,1.71,OK,
[16:20:49] : Cycle start ON
[16:20:51] : Cycle start OFF
[16:20:57] : REQUEST MEAS. ON
[16:21:07] : REQUEST MEAS. OFF
[16:21:07] : end pos sig1 :50.000000 - 50.000000
[16:21:07] : 측정요구 ON 2
[16:21:16] : 측정요구 2OFF
[16:21:16] : end pos sig2 :-50.000000 - -50.000000
[16:21:19] : 측정요구3 ON
[16:21:28] : 측정요구3 OFF
[16:21:28] : end pos sig3 :50.000000 - 50.000000
[16:21:29] : 측정요구4 ON
[16:21:38] : 측정요구4 OFF
[16:21:38] : end pos sig4 :-50.000000 - -50.000000
[16:21:38] : 11,20181222-162139,AL18121450286,,OK,MAX,1, ,AUTO,0.10,8.00,1.19,OK,0.10,8.00,0.83,OK,0.10,8.00,1.66,OK,0.10,8.00,0.58,OK,
[16:21:56] : Cycle start ON
[16:21:58] : Cycle start OFF
[16:22:04] : REQUEST MEAS. ON
[16:22:13] : REQUEST MEAS. OFF
[16:22:13] : end pos sig1 :50.000000 - 50.000000
[16:22:13] : 측정요구 ON 2
[16:22:23] : 측정요구 2OFF
[16:22:23] : end pos sig2 :-50.000000 - -50.000000
[16:22:26] : 측정요구3 ON
[16:22:36] : 측정요구3 OFF
[16:22:36] : end pos sig3 :50.000000 - 50.000000
[16:22:36] : 측정요구4 ON
[16:22:45] : 측정요구4 OFF
[16:22:45] : end pos sig4 :-50.000000 - -50.000000
[16:22:45] : 11,20181222-162246,AL18121450456,,OK,MAX,1, ,AUTO,0.10,8.00,1.76,OK,0.10,8.00,0.58,OK,0.10,8.00,1.19,OK,0.10,8.00,1.88,OK,
[16:23:20] : Cycle start ON
[16:23:22] : Cycle start OFF
[16:23:28] : REQUEST MEAS. ON
[16:23:37] : REQUEST MEAS. OFF
[16:23:37] : end pos sig1 :50.000000 - 50.000000
[16:23:37] : 측정요구 ON 2
[16:23:47] : 측정요구 2OFF
[16:23:47] : end pos sig2 :-50.000000 - -50.000000
[16:23:50] : 측정요구3 ON
[16:23:59] : 측정요구3 OFF
[16:23:59] : end pos sig3 :50.000000 - 50.000000
[16:24:00] : 측정요구4 ON
[16:24:09] : 측정요구4 OFF
[16:24:09] : end pos sig4 :-50.000000 - -50.000000
[16:24:09] : 11,20181222-162410,AL18121450756,,OK,MAX,1, ,AUTO,0.10,8.00,1.79,OK,0.10,8.00,1.63,OK,0.10,8.00,1.06,OK,0.10,8.00,0.86,OK,
[16:24:29] : Cycle start ON
[16:24:31] : Cycle start OFF
[16:24:37] : REQUEST MEAS. ON
[16:24:46] : REQUEST MEAS. OFF
[16:24:46] : end pos sig1 :50.000000 - 50.000000
[16:24:46] : 측정요구 ON 2
[16:24:55] : 측정요구 2OFF
[16:24:55] : end pos sig2 :-50.000000 - -50.000000
[16:24:58] : 측정요구3 ON
[16:25:07] : 측정요구3 OFF
[16:25:07] : end pos sig3 :50.000000 - 50.000000
[16:25:07] : 측정요구4 ON
[16:25:17] : 측정요구4 OFF
[16:25:17] : end pos sig4 :-50.000000 - -50.000000
[16:25:17] : 11,20181222-162518,AL18121450966,,OK,MAX,1, ,AUTO,0.10,8.00,1.49,OK,0.10,8.00,0.96,OK,0.10,8.00,1.53,OK,0.10,8.00,0.64,OK,
[16:27:02] : Cycle start ON
[16:27:04] : Cycle start OFF
[16:27:10] : REQUEST MEAS. ON
[16:27:19] : REQUEST MEAS. OFF
[16:27:19] : end pos sig1 :50.000000 - 50.000000
[16:27:19] : 측정요구 ON 2
[16:27:29] : 측정요구 2OFF
[16:27:29] : end pos sig2 :-50.000000 - -50.000000
[16:27:33] : 측정요구3 ON
[16:27:42] : 측정요구3 OFF
[16:27:42] : end pos sig3 :50.000000 - 50.000000
[16:27:43] : 측정요구4 ON
[16:27:52] : 측정요구4 OFF
[16:27:52] : end pos sig4 :-50.000000 - -50.000000
[16:27:52] : 11,20181222-162752,AL18121450376,,OK,MAX,1, ,AUTO,0.10,8.00,1.46,OK,0.10,8.00,1.06,OK,0.10,8.00,1.12,OK,0.10,8.00,0.87,OK,
[16:28:16] : Cycle start ON
[16:28:18] : Cycle start OFF
[16:28:24] : REQUEST MEAS. ON
[16:28:33] : REQUEST MEAS. OFF
[16:28:33] : end pos sig1 :50.000000 - 50.000000
[16:28:33] : 측정요구 ON 2
[16:28:43] : 측정요구 2OFF
[16:28:43] : end pos sig2 :-50.000000 - -50.000000
[16:28:46] : 측정요구3 ON
[16:28:56] : 측정요구3 OFF
[16:28:56] : end pos sig3 :50.000000 - 50.000000
[16:28:56] : 측정요구4 ON
[16:29:06] : 측정요구4 OFF
[16:29:06] : end pos sig4 :-50.000000 - -50.000000
[16:29:06] : 11,20181222-162906,AL18121450896,,OK,MAX,1, ,AUTO,0.10,8.00,1.59,OK,0.10,8.00,0.62,OK,0.10,8.00,1.61,OK,0.10,8.00,0.74,OK,
[16:29:25] : Cycle start ON
[16:29:27] : Cycle start OFF
[16:29:33] : REQUEST MEAS. ON
[16:29:42] : REQUEST MEAS. OFF
[16:29:42] : end pos sig1 :50.000000 - 50.000000
[16:29:42] : 측정요구 ON 2
[16:29:52] : 측정요구 2OFF
[16:29:52] : end pos sig2 :-50.000000 - -50.000000
[16:29:55] : 측정요구3 ON
[16:30:04] : 측정요구3 OFF
[16:30:04] : end pos sig3 :50.000000 - 50.000000
[16:30:05] : 측정요구4 ON
[16:30:14] : 측정요구4 OFF
[16:30:14] : end pos sig4 :-50.000000 - -50.000000
[16:30:14] : 11,20181222-163015,AL18121450996,,OK,MAX,1, ,AUTO,0.10,8.00,1.56,OK,0.10,8.00,1.00,OK,0.10,8.00,1.22,OK,0.10,8.00,0.52,OK,
[16:40:10] : AUTO RUNNING OFF
[16:48:08] : MEAS ESC ON
[16:48:08] : MEAS ESC OFF
[16:48:08] : AUTO RUNNING ON
[16:48:28] : Cycle start ON
[16:48:30] : Cycle start OFF
[16:48:36] : REQUEST MEAS. ON
[16:48:45] : REQUEST MEAS. OFF
[16:48:45] : end pos sig1 :50.000000 - 50.000000
[16:48:46] : 측정요구 ON 2
[16:48:55] : 측정요구 2OFF
[16:48:55] : end pos sig2 :-50.000000 - -50.000000
[16:48:58] : 측정요구3 ON
[16:49:08] : 측정요구3 OFF
[16:49:08] : end pos sig3 :50.000000 - 50.000000
[16:49:08] : 측정요구4 ON
[16:49:17] : 측정요구4 OFF
[16:49:17] : end pos sig4 :-50.000000 - -50.000000
[16:49:17] : 11,20181222-164918,AL18121450676,,OK,MAX,1, ,AUTO,0.10,8.00,1.32,OK,0.10,8.00,1.05,OK,0.10,8.00,1.61,OK,0.10,8.00,0.47,OK,
[16:49:35] : Cycle start ON
[16:49:37] : Cycle start OFF
[16:49:43] : REQUEST MEAS. ON
[16:49:52] : REQUEST MEAS. OFF
[16:49:52] : end pos sig1 :50.000000 - 50.000000
[16:49:52] : 측정요구 ON 2
[16:50:02] : 측정요구 2OFF
[16:50:02] : end pos sig2 :-50.000000 - -50.000000
[16:50:05] : 측정요구3 ON
[16:50:14] : 측정요구3 OFF
[16:50:14] : end pos sig3 :50.000000 - 50.000000
[16:50:15] : 측정요구4 ON
[16:50:24] : 측정요구4 OFF
[16:50:24] : end pos sig4 :-50.000000 - -50.000000
[16:50:24] : 11,20181222-165025,AL18121450736,,OK,MAX,1, ,AUTO,0.10,8.00,0.97,OK,0.10,8.00,0.61,OK,0.10,8.00,1.06,OK,0.10,8.00,0.65,OK,
[16:50:46] : Cycle start ON
[16:50:48] : Cycle start OFF
[16:50:54] : REQUEST MEAS. ON
[16:51:03] : REQUEST MEAS. OFF
[16:51:03] : end pos sig1 :50.000000 - 50.000000
[16:51:03] : 측정요구 ON 2
[16:51:13] : 측정요구 2OFF
[16:51:13] : end pos sig2 :-50.000000 - -50.000000
[16:51:16] : 측정요구3 ON
[16:51:25] : 측정요구3 OFF
[16:51:25] : end pos sig3 :50.000000 - 50.000000
[16:51:26] : 측정요구4 ON
[16:51:35] : 측정요구4 OFF
[16:51:35] : end pos sig4 :-50.000000 - -50.000000
[16:51:35] : 11,20181222-165136,AL18121450986,,OK,MAX,1, ,AUTO,0.10,8.00,1.17,OK,0.10,8.00,0.59,OK,0.10,8.00,0.61,OK,0.10,8.00,0.71,OK,
[16:53:31] : AUTO RUNNING OFF
[17:35:19] : MEAS ESC ON
[17:35:20] : MEAS ESC OFF
[17:35:20] : AUTO RUNNING ON
[17:49:58] : AUTO RUNNING OFF
 
