 
[13:19:49] : MEAS ESC ON
[13:19:50] : MEAS ESC OFF
[13:19:50] : AUTO RUNNING ON
[13:20:59] : AUTO RUNNING OFF
[13:22:19] : 

[13:22:21] : 

[13:24:56] : MEAS ESC ON
[13:24:57] : MEAS ESC OFF
[13:24:57] : AUTO RUNNING ON
[13:25:16] : Cycle start ON
[13:25:18] : Cycle start OFF
[13:25:24] : REQUEST MEAS. ON
[13:25:33] : REQUEST MEAS. OFF
[13:25:33] : end pos sig1 :50.000000 - 50.000000
[13:25:33] : 측정요구 ON 2
[13:25:42] : 측정요구 2OFF
[13:25:42] : end pos sig2 :-50.000000 - -50.000000
[13:25:46] : 측정요구3 ON
[13:25:55] : 측정요구3 OFF
[13:25:55] : end pos sig3 :50.000000 - 50.000000
[13:25:55] : 측정요구4 ON
[13:26:05] : 측정요구4 OFF
[13:26:05] : end pos sig4 :-50.000000 - -50.000000
[13:26:07] : TCP FAIL 1
[14:51:18] : Plc Error Timer
[14:51:18] : MEAS ESC ON
[14:51:18] : AUTO RUNNING OFF
[14:51:25] : MEAS ESC OFF
[14:51:28] : MEAS ESC ON
[17:33:49] : MEAS ESC OFF
[17:33:56] : MEAS ESC ON
[17:34:00] : MEAS ESC OFF
[17:34:00] : AUTO RUNNING ON
[17:34:19] : Cycle start ON
[17:34:21] : Cycle start OFF
[17:34:26] : REQUEST MEAS. ON
[17:34:36] : REQUEST MEAS. OFF
[17:34:36] : end pos sig1 :50.000000 - 50.000000
[17:34:36] : 측정요구 ON 2
[17:34:45] : 측정요구 2OFF
[17:34:45] : end pos sig2 :-50.000000 - -50.000000
[17:34:48] : 측정요구3 ON
[17:34:57] : 측정요구3 OFF
[17:34:57] : end pos sig3 :50.000000 - 50.000000
[17:34:57] : 측정요구4 ON
[17:35:07] : 측정요구4 OFF
[17:35:07] : end pos sig4 :-50.000000 - -50.000000
[17:35:07] : 11,20181224-173508,AL18121450276,,OK,MAX,1, ,AUTO,0.10,8.00,1.72,OK,0.10,8.00,0.63,OK,0.10,8.00,1.29,OK,0.10,8.00,0.82,OK,
[17:35:26] : Cycle start ON
[17:35:28] : Cycle start OFF
[17:35:34] : REQUEST MEAS. ON
[17:35:43] : REQUEST MEAS. OFF
[17:35:43] : end pos sig1 :50.000000 - 50.000000
[17:35:43] : 측정요구 ON 2
[17:35:53] : 측정요구 2OFF
[17:35:53] : end pos sig2 :-50.000000 - -50.000000
[17:35:56] : 측정요구3 ON
[17:36:05] : 측정요구3 OFF
[17:36:05] : end pos sig3 :50.000000 - 50.000000
[17:36:05] : 측정요구4 ON
[17:36:15] : 측정요구4 OFF
[17:36:15] : end pos sig4 :-50.000000 - -50.000000
[17:36:15] : 11,20181224-173616,AL18121450726,,OK,MAX,1, ,AUTO,0.10,8.00,0.86,OK,0.10,8.00,0.86,OK,0.10,8.00,0.47,OK,0.10,8.00,1.55,OK,
[17:36:34] : Cycle start ON
[17:36:37] : Cycle start OFF
[17:36:43] : REQUEST MEAS. ON
[17:36:52] : REQUEST MEAS. OFF
[17:36:52] : end pos sig1 :50.000000 - 50.000000
[17:36:52] : 측정요구 ON 2
[17:37:01] : 측정요구 2OFF
[17:37:01] : end pos sig2 :-50.000000 - -50.000000
[17:37:05] : 측정요구3 ON
[17:37:14] : 측정요구3 OFF
[17:37:14] : end pos sig3 :50.000000 - 50.000000
[17:37:15] : 측정요구4 ON
[17:37:24] : 측정요구4 OFF
[17:37:24] : end pos sig4 :-50.000000 - -50.000000
[17:37:24] : 11,20181224-173725,AL18121450936,,OK,MAX,1, ,AUTO,0.10,8.00,1.14,OK,0.10,8.00,0.65,OK,0.10,8.00,0.82,OK,0.10,8.00,0.61,OK,
[17:37:44] : Cycle start ON
[17:37:46] : Cycle start OFF
[17:37:52] : REQUEST MEAS. ON
[17:38:01] : REQUEST MEAS. OFF
[17:38:01] : end pos sig1 :50.000000 - 50.000000
[17:38:01] : 측정요구 ON 2
[17:38:10] : 측정요구 2OFF
[17:38:10] : end pos sig2 :-50.000000 - -50.000000
[17:38:14] : 측정요구3 ON
[17:38:23] : 측정요구3 OFF
[17:38:23] : end pos sig3 :50.000000 - 50.000000
[17:38:23] : 측정요구4 ON
[17:38:33] : 측정요구4 OFF
[17:38:33] : end pos sig4 :-50.000000 - -50.000000
[17:38:33] : 11,20181224-173833,AL18121450566,,OK,MAX,1, ,AUTO,0.10,8.00,1.17,OK,0.10,8.00,0.63,OK,0.10,8.00,1.16,OK,0.10,8.00,0.84,OK,
[18:34:10] : AUTO RUNNING OFF
 
