[10:23:05] : MEAS ESC ON
[10:23:05] : AUTO RUNNING ON
[10:23:19] : MEAS ESC OFF
[10:23:19] : AUTO RUNNING OFF
[10:28:26] : MEAS ESC ON
[10:28:26] : AUTO RUNNING ON
[10:28:39] : Cycle start ON
[10:28:41] : Cycle start OFF
[10:28:47] : REQUEST MEAS. ON
[10:28:56] : REQUEST MEAS. OFF
[10:28:58] : 측정요구 ON 2
[10:29:07] : 측정요구 2OFF
[10:29:11] : 측정요구3 ON
[10:29:20] : 측정요구3 OFF
[10:29:21] : 측정요구4 ON
[10:29:30] : 측정요구4 OFF
[10:29:30] : 11,20181116-102931,CF18100851341,,OK,MAX,1, ,0.50,7.00,3.09,OK,0.50,7.00,4.64,OK,0.50,7.00,1.80,OK,0.50,7.00,2.66,OK,
[10:29:47] : Cycle start ON
[10:29:50] : Cycle start OFF
[10:30:17] : REQUEST MEAS. ON
[10:30:26] : REQUEST MEAS. OFF
[10:30:28] : 측정요구 ON 2
[10:30:37] : 측정요구 2OFF
[10:30:41] : 측정요구3 ON
[10:30:50] : 측정요구3 OFF
[10:30:52] : 측정요구4 ON
[10:31:01] : 측정요구4 OFF
[10:31:01] : 11,20181116-103101,CF18100851421,,OK,MAX,1, ,0.50,7.00,3.83,OK,0.50,7.00,3.91,OK,0.50,7.00,1.45,OK,0.50,7.00,2.02,OK,
[10:31:18] : Cycle start ON
[10:31:20] : Cycle start OFF
[10:31:47] : REQUEST MEAS. ON
[10:31:56] : REQUEST MEAS. OFF
[10:31:58] : 측정요구 ON 2
[10:32:07] : 측정요구 2OFF
[10:32:11] : 측정요구3 ON
[10:32:20] : 측정요구3 OFF
[10:32:22] : 측정요구4 ON
[10:32:31] : 측정요구4 OFF
[10:32:31] : 11,20181116-103231,CF18100852071,,OK,MAX,1, ,0.50,7.00,3.09,OK,0.50,7.00,3.50,OK,0.50,7.00,4.43,OK,0.50,7.00,1.41,OK,
[10:32:47] : Cycle start ON
[10:32:49] : Cycle start OFF
[10:33:17] : REQUEST MEAS. ON
[10:33:26] : REQUEST MEAS. OFF
[10:33:28] : 측정요구 ON 2
[10:33:37] : 측정요구 2OFF
[10:33:41] : 측정요구3 ON
[10:33:50] : 측정요구3 OFF
[10:33:52] : 측정요구4 ON
[10:34:01] : 측정요구4 OFF
[10:34:01] : 11,20181116-103401,CF18100853351,,OK,MAX,1, ,0.50,7.00,3.64,OK,0.50,7.00,6.84,OK,0.50,7.00,1.68,OK,0.50,7.00,1.27,OK,
[10:36:05] : Cycle start ON
[10:36:08] : Cycle start OFF
[10:36:14] : REQUEST MEAS. ON
[10:36:23] : REQUEST MEAS. OFF
[10:36:25] : 측정요구 ON 2
[10:36:34] : 측정요구 2OFF
[10:36:38] : 측정요구3 ON
[10:36:47] : 측정요구3 OFF
[10:36:48] : 측정요구4 ON
[10:36:53] : MEAS ESC OFF
[10:36:53] : AUTO RUNNING OFF
[16:15:06] : MEAS ESC ON
[16:15:06] : AUTO RUNNING ON
 
[16:15:10] : 측정요구4 OFF
[16:15:51] : MEAS ESC OFF
[16:15:51] : AUTO RUNNING OFF
[16:16:20] : MEAS ESC ON
[16:16:20] : AUTO RUNNING ON
[16:16:37] : Cycle start ON
[16:16:38] : Cycle start OFF
[16:16:38] : Cycle start ON
[16:16:39] : Cycle start OFF
[16:17:36] : REQUEST MEAS. ON
[16:17:45] : REQUEST MEAS. OFF
[16:17:47] : 측정요구 ON 2
[16:17:56] : 측정요구 2OFF
[16:18:00] : 측정요구3 ON
[16:18:09] : 측정요구3 OFF
[16:18:11] : 측정요구4 ON
[16:18:20] : 측정요구4 OFF
[16:18:20] : 11,20181116-161820,CF18100851121,,NG,MAX,1, ,0.50,7.00,7.72,NG,0.50,7.00,8.42,NG,0.50,7.00,1.78,OK,0.50,7.00,3.78,OK,
[16:19:39] : Cycle start ON
[16:19:42] : Cycle start OFF
[16:19:48] : REQUEST MEAS. ON
[16:19:57] : REQUEST MEAS. OFF
[16:19:58] : 측정요구 ON 2
[16:20:07] : 측정요구 2OFF
[16:20:11] : 측정요구3 ON
[16:20:20] : 측정요구3 OFF
[16:20:22] : 측정요구4 ON
[16:20:31] : 측정요구4 OFF
[16:20:31] : 11,20181116-162031,CF18100853291,,OK,MAX,1, ,0.50,7.00,2.37,OK,0.50,7.00,3.49,OK,0.50,7.00,1.73,OK,0.50,7.00,1.03,OK,
[16:20:49] : Cycle start ON
[16:20:51] : Cycle start OFF
[16:21:18] : REQUEST MEAS. ON
[16:21:27] : REQUEST MEAS. OFF
[16:21:28] : 측정요구 ON 2
[16:21:37] : 측정요구 2OFF
[16:21:42] : 측정요구3 ON
[16:21:51] : 측정요구3 OFF
[16:21:52] : 측정요구4 ON
[16:22:01] : 측정요구4 OFF
[16:22:01] : 11,20181116-162202,CF18100852681,,OK,MAX,1, ,0.50,7.00,1.73,OK,0.50,7.00,3.89,OK,0.50,7.00,1.53,OK,0.50,7.00,1.42,OK,
[16:22:19] : Cycle start ON
[16:22:22] : Cycle start OFF
[16:22:49] : REQUEST MEAS. ON
[16:22:57] : REQUEST MEAS. OFF
[16:22:59] : 측정요구 ON 2
[16:23:08] : 측정요구 2OFF
[16:23:12] : 측정요구3 ON
[16:23:21] : 측정요구3 OFF
[16:23:22] : 측정요구4 ON
[16:23:32] : 측정요구4 OFF
[16:23:32] : 11,20181116-162332,CF18100850931,,OK,MAX,1, ,0.50,7.00,2.15,OK,0.50,7.00,2.55,OK,0.50,7.00,2.22,OK,0.50,7.00,1.79,OK,
[16:23:49] : Cycle start ON
[16:23:51] : Cycle start OFF
[16:24:18] : REQUEST MEAS. ON
[16:24:27] : REQUEST MEAS. OFF
[16:24:29] : 측정요구 ON 2
[16:24:38] : 측정요구 2OFF
[16:24:42] : 측정요구3 ON
[16:24:51] : 측정요구3 OFF
[16:24:53] : 측정요구4 ON
[16:25:02] : 측정요구4 OFF
[16:25:02] : 11,20181116-162502,CF18100851961,,OK,MAX,1, ,0.50,7.00,2.22,OK,0.50,7.00,3.13,OK,0.50,7.00,1.44,OK,0.50,7.00,1.98,OK,
[16:30:51] : Cycle start ON
[16:30:54] : Cycle start OFF
[16:31:00] : REQUEST MEAS. ON
[16:31:09] : REQUEST MEAS. OFF
[16:31:10] : 측정요구 ON 2
[16:31:19] : 측정요구 2OFF
[16:31:24] : 측정요구3 ON
[16:31:33] : 측정요구3 OFF
[16:31:34] : 측정요구4 ON
[16:31:43] : 측정요구4 OFF
[16:31:43] : 11,20181116-163143,CF18100852101,,OK,MAX,1, ,0.50,7.00,3.54,OK,0.50,7.00,3.10,OK,0.50,7.00,1.71,OK,0.50,7.00,2.15,OK,
[16:36:37] : Cycle start ON
[16:36:40] : Cycle start OFF
[16:36:46] : REQUEST MEAS. ON
[16:36:55] : REQUEST MEAS. OFF
[16:36:57] : 측정요구 ON 2
[16:37:06] : 측정요구 2OFF
[16:37:10] : 측정요구3 ON
[16:37:19] : 측정요구3 OFF
[16:37:21] : 측정요구4 ON
[16:37:30] : 측정요구4 OFF
[16:37:30] : 11,20181116-163730,CF18100421931,,OK,MAX,1, ,0.50,7.00,4.13,OK,0.50,7.00,4.17,OK,0.50,7.00,1.92,OK,0.50,7.00,1.53,OK,
[16:37:48] : Cycle start ON
[16:37:50] : Cycle start OFF
[16:38:16] : REQUEST MEAS. ON
[16:38:25] : REQUEST MEAS. OFF
[16:38:27] : 측정요구 ON 2
[16:38:36] : 측정요구 2OFF
[16:38:40] : 측정요구3 ON
[16:38:49] : 측정요구3 OFF
[16:38:51] : 측정요구4 ON
[16:39:00] : 측정요구4 OFF
[16:39:00] : 11,20181116-163900,CF18100853421,,OK,MAX,1, ,0.50,7.00,3.13,OK,0.50,7.00,3.97,OK,0.50,7.00,2.18,OK,0.50,7.00,1.72,OK,
[16:39:17] : Cycle start ON
[16:39:19] : Cycle start OFF
[16:39:46] : REQUEST MEAS. ON
[16:39:55] : REQUEST MEAS. OFF
[16:39:57] : 측정요구 ON 2
[16:40:06] : 측정요구 2OFF
[16:40:10] : 측정요구3 ON
[16:40:19] : 측정요구3 OFF
[16:40:21] : 측정요구4 ON
[16:40:30] : 측정요구4 OFF
[16:40:30] : 11,20181116-164030,CF18100850991,,OK,MAX,1, ,0.50,7.00,2.80,OK,0.50,7.00,4.15,OK,0.50,7.00,1.28,OK,0.50,7.00,1.97,OK,
[16:40:47] : Cycle start ON
[16:40:49] : Cycle start OFF
[16:41:16] : REQUEST MEAS. ON
[16:41:25] : REQUEST MEAS. OFF
[16:41:27] : 측정요구 ON 2
[16:41:36] : 측정요구 2OFF
[16:41:41] : 측정요구3 ON
[16:41:50] : 측정요구3 OFF
[16:41:51] : 측정요구4 ON
[16:42:00] : 측정요구4 OFF
[16:42:00] : 11,20181116-164201,CF18100853441,CF 18082613011,OK,MAX,1, ,0.50,7.00,1.07,OK,0.50,7.00,2.91,OK,0.50,7.00,1.79,OK,0.50,7.00,1.62,OK,
[16:42:18] : Cycle start ON
[16:42:20] : Cycle start OFF
[16:42:47] : REQUEST MEAS. ON
[16:42:56] : REQUEST MEAS. OFF
[16:42:58] : 측정요구 ON 2
[16:43:07] : 측정요구 2OFF
[16:43:11] : 측정요구3 ON
[16:43:20] : 측정요구3 OFF
[16:43:22] : 측정요구4 ON
[16:43:31] : 측정요구4 OFF
[16:43:31] : 11,20181116-164331,CF18100852331,,OK,MAX,1, ,0.50,7.00,3.27,OK,0.50,7.00,5.85,OK,0.50,7.00,2.04,OK,0.50,7.00,2.24,OK,
[16:43:48] : Cycle start ON
[16:43:50] : Cycle start OFF
[16:44:17] : REQUEST MEAS. ON
[16:44:26] : REQUEST MEAS. OFF
[16:44:28] : 측정요구 ON 2
[16:44:37] : 측정요구 2OFF
[16:44:41] : 측정요구3 ON
[16:44:50] : 측정요구3 OFF
[16:44:52] : 측정요구4 ON
[16:45:01] : 측정요구4 OFF
[16:45:01] : 11,20181116-164501,CF18100851701,,OK,MAX,1, ,0.50,7.00,2.41,OK,0.50,7.00,3.25,OK,0.50,7.00,1.64,OK,0.50,7.00,1.12,OK,
[16:46:02] : Cycle start ON
[16:46:04] : Cycle start OFF
[16:46:10] : REQUEST MEAS. ON
[16:46:19] : REQUEST MEAS. OFF
[16:46:20] : 측정요구 ON 2
[16:46:29] : 측정요구 2OFF
[16:46:34] : 측정요구3 ON
[16:46:43] : 측정요구3 OFF
[16:46:44] : 측정요구4 ON
[16:46:53] : 측정요구4 OFF
[16:46:53] : 11,20181116-164654,CF18100852881,,OK,MAX,1, ,0.50,7.00,2.81,OK,0.50,7.00,3.94,OK,0.50,7.00,1.58,OK,0.50,7.00,1.28,OK,
[16:49:11] : Cycle start ON
[16:49:13] : Cycle start OFF
[16:49:19] : REQUEST MEAS. ON
[16:49:28] : REQUEST MEAS. OFF
[16:49:30] : 측정요구 ON 2
[16:49:39] : 측정요구 2OFF
[16:49:43] : 측정요구3 ON
[16:49:52] : 측정요구3 OFF
[16:49:53] : 측정요구4 ON
[16:50:02] : 측정요구4 OFF
[16:50:02] : 11,20181116-165003,CF18100853281,,OK,MAX,1, ,0.50,7.00,2.91,OK,0.50,7.00,4.89,OK,0.50,7.00,1.46,OK,0.50,7.00,1.41,OK,
[16:50:20] : Cycle start ON
[16:50:22] : Cycle start OFF
[16:50:49] : REQUEST MEAS. ON
[16:50:58] : REQUEST MEAS. OFF
[16:51:00] : 측정요구 ON 2
[16:51:09] : 측정요구 2OFF
[16:51:13] : 측정요구3 ON
[16:51:22] : 측정요구3 OFF
[16:51:24] : 측정요구4 ON
[16:51:33] : 측정요구4 OFF
[16:51:33] : 11,20181116-165133,CF18100852691,,OK,MAX,1, ,0.50,7.00,4.08,OK,0.50,7.00,4.36,OK,0.50,7.00,1.63,OK,0.50,7.00,1.12,OK,
[16:51:50] : Cycle start ON
[16:51:52] : Cycle start OFF
[16:54:39] : Plc Error Timer
[16:54:39] : MEAS ESC OFF
[16:54:39] : AUTO RUNNING OFF
[16:56:24] : MEAS ESC ON
[16:56:24] : AUTO RUNNING ON
[16:56:33] : REQUEST MEAS. ON
[16:57:51] : MEAS ESC OFF
[16:57:51] : AUTO RUNNING OFF
[17:00:43] : MEAS ESC ON
[17:00:43] : AUTO RUNNING ON
[17:01:01] : Cycle start ON
[17:01:03] : Cycle start OFF
[17:02:29] : Plc Error Timer
[17:02:29] : MEAS ESC OFF
[17:02:29] : AUTO RUNNING OFF
[17:02:29] : REQUEST MEAS. OFF
[17:11:10] : MEAS ESC ON
[17:11:10] : AUTO RUNNING ON
[17:11:28] : REQUEST MEAS. ON
[17:12:04] : MEAS ESC OFF
[17:12:04] : AUTO RUNNING OFF
[17:12:20] : MEAS ESC ON
[17:12:20] : AUTO RUNNING ON
[17:12:20] : 측정요구 ON 2
[17:12:29] : 측정요구 2OFF
[17:12:34] : 측정요구3 ON
[17:12:43] : 측정요구3 OFF
[17:12:44] : 측정요구4 ON
[17:12:53] : 측정요구4 OFF
[17:12:53] : 11,20181116-171254,CF18100852221,,OK,MAX,1, ,0.50,7.00,4.08,OK,0.50,7.00,3.65,OK,0.50,7.00,1.76,OK,0.50,7.00,1.75,OK,
[17:24:43] : Cycle start ON
[17:24:45] : Cycle start OFF
[17:26:10] : 측정요구 ON 2
[17:26:19] : 측정요구 2OFF
[17:26:23] : 측정요구3 ON
[17:26:32] : 측정요구3 OFF
[17:26:34] : 측정요구4 ON
[17:26:43] : 측정요구4 OFF
[17:26:43] : 11,20181116-172643,CF18100852221,,OK,MAX,1, ,0.50,7.00,4.08,OK,0.50,7.00,3.96,OK,0.50,7.00,1.50,OK,0.50,7.00,0.96,OK,
[17:27:00] : Cycle start ON
[17:27:02] : Cycle start OFF
[17:27:39] : 측정요구 ON 2
[17:27:48] : 측정요구 2OFF
[17:27:53] : 측정요구3 ON
[17:28:02] : 측정요구3 OFF
[17:28:04] : 측정요구4 ON
[17:28:13] : 측정요구4 OFF
[17:28:13] : 11,20181116-172813,CF18100852221,,OK,MAX,1, ,0.50,7.00,4.08,OK,0.50,7.00,4.21,OK,0.50,7.00,1.61,OK,0.50,7.00,1.63,OK,
[17:28:37] : MEAS ESC OFF
[17:28:37] : AUTO RUNNING OFF
[17:29:21] : MEAS ESC ON
[17:29:21] : AUTO RUNNING ON
[17:48:42] : Plc Error Timer
[17:48:42] : MEAS ESC OFF
[17:48:42] : AUTO RUNNING OFF
[17:48:42] : REQUEST MEAS. OFF
[18:03:48] : Plc Error Timer
[18:25:14] : Plc Error Timer
[18:28:02] : Plc Error Timer
[19:05:32] : MEAS ESC ON
[19:05:32] : AUTO RUNNING ON
[19:05:55] : Cycle start ON
[19:05:58] : Cycle start OFF
[19:06:05] : REQUEST MEAS. ON
[19:06:13] : REQUEST MEAS. OFF
[19:06:15] : 측정요구 ON 2
[19:06:24] : 측정요구 2OFF
[19:06:29] : 측정요구3 ON
[19:06:38] : 측정요구3 OFF
[19:06:39] : 측정요구4 ON
[19:06:48] : 측정요구4 OFF
[19:06:48] : 11,20181116-190648,CF18100852181,,OK,MAX,1, ,0.50,7.00,3.45,OK,0.50,7.00,3.44,OK,0.50,7.00,1.85,OK,0.50,7.00,2.59,OK,
[19:10:56] : Cycle start ON
[19:10:58] : Cycle start OFF
[19:11:26] : REQUEST MEAS. ON
[19:11:34] : REQUEST MEAS. OFF
[19:11:36] : 측정요구 ON 2
[19:11:45] : 측정요구 2OFF
[19:11:49] : 측정요구3 ON
[19:11:58] : 측정요구3 OFF
[19:11:59] : 측정요구4 ON
[19:12:08] : 측정요구4 OFF
[19:12:08] : 11,20181116-191209,CF18100852241,,OK,MAX,1, ,0.50,7.00,2.89,OK,0.50,7.00,3.98,OK,0.50,7.00,1.85,OK,0.50,7.00,1.22,OK,
[19:12:26] : Cycle start ON
[19:12:28] : Cycle start OFF
[19:12:55] : REQUEST MEAS. ON
[19:13:04] : REQUEST MEAS. OFF
[19:13:06] : 측정요구 ON 2
[19:13:15] : 측정요구 2OFF
[19:13:19] : 측정요구3 ON
[19:13:28] : 측정요구3 OFF
[19:13:30] : 측정요구4 ON
[19:13:39] : 측정요구4 OFF
[19:13:39] : 11,20181116-191339,CF18100851601,,OK,MAX,1, ,0.50,7.00,2.95,OK,0.50,7.00,4.10,OK,0.50,7.00,2.25,OK,0.50,7.00,3.85,OK,
[19:13:56] : Cycle start ON
[19:13:59] : Cycle start OFF
[19:14:26] : REQUEST MEAS. ON
[19:14:34] : REQUEST MEAS. OFF
[19:14:36] : 측정요구 ON 2
[19:14:45] : 측정요구 2OFF
[19:14:49] : 측정요구3 ON
[19:14:58] : 측정요구3 OFF
[19:15:00] : 측정요구4 ON
[19:15:09] : 측정요구4 OFF
[19:15:09] : 11,20181116-191509,CF18100851101,,OK,MAX,1, ,0.50,7.00,3.80,OK,0.50,7.00,4.13,OK,0.50,7.00,1.75,OK,0.50,7.00,2.21,OK,
[19:15:26] : Cycle start ON
[19:15:29] : Cycle start OFF
[19:15:55] : REQUEST MEAS. ON
[19:16:04] : REQUEST MEAS. OFF
[19:16:06] : 측정요구 ON 2
[19:16:15] : 측정요구 2OFF
[19:16:19] : 측정요구3 ON
[19:16:28] : 측정요구3 OFF
[19:16:30] : 측정요구4 ON
[19:16:39] : 측정요구4 OFF
[19:16:39] : 11,20181116-191639,CF18100852061,,NG,MAX,1, ,0.50,7.00,11.35,NG,0.50,7.00,3.79,OK,0.50,7.00,1.87,OK,0.50,7.00,1.63,OK,
[19:17:01] : Cycle start ON
[19:17:03] : Cycle start OFF
[19:17:25] : REQUEST MEAS. ON
[19:17:34] : REQUEST MEAS. OFF
[19:17:36] : 측정요구 ON 2
[19:17:45] : 측정요구 2OFF
[19:17:50] : 측정요구3 ON
[19:17:59] : 측정요구3 OFF
[19:18:00] : 측정요구4 ON
[19:18:09] : 측정요구4 OFF
[19:18:09] : 11,20181116-191810,CF18100852831,,OK,MAX,1, ,0.50,7.00,5.27,OK,0.50,7.00,4.23,OK,0.50,7.00,1.97,OK,0.50,7.00,1.37,OK,
[19:18:27] : Cycle start ON
[19:18:30] : Cycle start OFF
[19:18:56] : REQUEST MEAS. ON
[19:19:05] : REQUEST MEAS. OFF
[19:19:06] : 측정요구 ON 2
[19:19:15] : 측정요구 2OFF
[19:19:20] : 측정요구3 ON
[19:19:29] : 측정요구3 OFF
[19:19:30] : 측정요구4 ON
[19:19:39] : 측정요구4 OFF
[19:19:39] : 11,20181116-191940,CF18100852121,,OK,MAX,1, ,0.50,7.00,3.49,OK,0.50,7.00,3.17,OK,0.50,7.00,1.87,OK,0.50,7.00,1.78,OK,
[19:19:57] : Cycle start ON
[19:19:59] : Cycle start OFF
[19:20:26] : REQUEST MEAS. ON
[19:20:35] : REQUEST MEAS. OFF
[19:20:37] : 측정요구 ON 2
[19:20:46] : 측정요구 2OFF
[19:20:50] : 측정요구3 ON
[19:20:59] : 측정요구3 OFF
[19:21:01] : 측정요구4 ON
[19:21:10] : 측정요구4 OFF
[19:21:10] : 11,20181116-192110,CF18100853541,,OK,MAX,1, ,0.50,7.00,5.42,OK,0.50,7.00,5.41,OK,0.50,7.00,1.39,OK,0.50,7.00,1.59,OK,
[19:21:27] : Cycle start ON
[19:21:29] : Cycle start OFF
[19:21:56] : REQUEST MEAS. ON
[19:22:05] : REQUEST MEAS. OFF
[19:22:07] : 측정요구 ON 2
[19:22:16] : 측정요구 2OFF
[19:22:20] : 측정요구3 ON
[19:22:29] : 측정요구3 OFF
[19:22:31] : 측정요구4 ON
[19:22:40] : 측정요구4 OFF
[19:22:40] : 11,20181116-192240,CF18100852281,,NG,MAX,1, ,0.50,7.00,8.54,NG,0.50,7.00,8.29,NG,0.50,7.00,1.47,OK,0.50,7.00,1.58,OK,
[19:26:43] : Cycle start ON
[19:26:45] : Cycle start OFF
[19:26:51] : REQUEST MEAS. ON
[19:27:00] : REQUEST MEAS. OFF
[19:27:01] : 측정요구 ON 2
[19:27:10] : 측정요구 2OFF
[19:27:15] : 측정요구3 ON
[19:27:24] : 측정요구3 OFF
[19:27:25] : 측정요구4 ON
[19:27:34] : 측정요구4 OFF
[19:27:34] : 11,20181116-192735,CF18100853631,,OK,MAX,1, ,0.50,7.00,1.39,OK,0.50,7.00,3.29,OK,0.50,7.00,1.52,OK,0.50,7.00,1.93,OK,
[19:36:22] : MEAS ESC OFF
[19:36:22] : AUTO RUNNING OFF
[19:40:12] : MEAS ESC ON
[19:40:12] : AUTO RUNNING ON
[19:40:27] : Cycle start ON
[19:40:29] : Cycle start OFF
[19:40:35] : REQUEST MEAS. ON
[19:40:44] : REQUEST MEAS. OFF
[19:40:45] : 측정요구 ON 2
[19:40:54] : 측정요구 2OFF
[19:40:59] : 측정요구3 ON
[19:41:08] : 측정요구3 OFF
[19:41:09] : 측정요구4 ON
[19:41:18] : 측정요구4 OFF
[19:41:18] : 11,20181116-194119,CF18100851321,,OK,MAX,1, ,0.50,7.00,3.28,OK,0.50,7.00,2.99,OK,0.50,7.00,2.31,OK,0.50,7.00,3.51,OK,
[20:04:32] : MEAS ESC OFF
[20:04:32] : AUTO RUNNING OFF
 
