 
[13:36:19] : MEAS ESC ON
[13:36:20] : MEAS ESC OFF
[13:36:20] : AUTO RUNNING ON
[13:37:49] : Cycle start ON
[13:37:52] : Cycle start OFF
[13:39:06] : AUTO RUNNING OFF
[14:17:16] : MEAS ESC ON
[14:17:58] : MEAS ESC OFF
[14:30:07] : MEAS ESC ON
[14:30:12] : MEAS ESC OFF
[14:30:36] : MEAS ESC ON
[14:30:37] : MEAS ESC OFF
[14:30:37] : AUTO RUNNING ON
[14:31:44] : Cycle start ON
[14:31:45] : Cycle start OFF
[14:32:36] : AUTO RUNNING OFF
[14:32:38] : MEAS ESC ON
[14:32:39] : MEAS ESC OFF
[14:32:39] : AUTO RUNNING ON
[14:33:45] : AUTO RUNNING OFF
[14:34:25] : MEAS ESC ON
[14:34:26] : MEAS ESC OFF
[14:34:26] : AUTO RUNNING ON
[14:34:41] : AUTO RUNNING OFF
[14:35:34] : MEAS ESC ON
[14:35:36] : MEAS ESC OFF
[14:35:36] : AUTO RUNNING ON
[14:36:09] : AUTO RUNNING OFF
[14:37:47] : MEAS ESC ON
[14:37:49] : MEAS ESC OFF
[14:37:49] : AUTO RUNNING ON
[14:44:28] : AUTO RUNNING OFF
[14:44:36] : MEAS ESC ON
[14:44:38] : MEAS ESC OFF
[14:44:38] : AUTO RUNNING ON
[14:46:09] : AUTO RUNNING OFF
[14:46:17] : MEAS ESC ON
[14:46:34] : MEAS ESC OFF
[14:46:47] : MEAS ESC ON
[14:47:33] : MEAS ESC OFF
[14:52:58] : MEAS ESC ON
[14:52:59] : MEAS ESC OFF
[14:52:59] : AUTO RUNNING ON
[15:01:18] : AUTO RUNNING OFF
[15:04:29] : MEAS ESC ON
[15:04:30] : MEAS ESC OFF
[15:04:30] : AUTO RUNNING ON
[15:14:51] : AUTO RUNNING OFF
 
