[09:50:46] : MEAS ESC ON
[09:50:50] : MEAS ESC OFF
[09:50:54] : MEAS ESC ON
[09:50:55] : MEAS ESC OFF
[09:50:55] : AUTO RUNNING ON
[09:51:52] : AUTO RUNNING OFF
 
[14:56:29] : MEAS ESC ON
[14:56:30] : MEAS ESC OFF
[14:56:30] : AUTO RUNNING ON
[14:57:46] : Cycle start ON
[14:57:48] : Cycle start OFF
[14:57:54] : REQUEST MEAS. ON
[14:58:03] : REQUEST MEAS. OFF
[14:58:03] : end pos sig1 :50.000000 - 50.000000
[14:58:03] : 측정요구 ON 2
[14:58:13] : 측정요구 2OFF
[14:58:13] : end pos sig2 :-50.000000 - -50.000000
[14:58:17] : 측정요구3 ON
[14:58:26] : 측정요구3 OFF
[14:58:26] : end pos sig3 :50.000000 - 50.000000
[14:58:27] : 측정요구4 ON
[14:58:36] : 측정요구4 OFF
[14:58:36] : end pos sig4 :-50.000000 - -50.000000
[14:58:36] : 11,20181221-145836,CF18112051651,,NG,MAX,1, ,AUTO,0.60,2.00,0.85,OK,0.60,2.00,1.42,OK,0.60,2.00,0.73,OK,0.60,2.00,0.55,NG,
[14:58:58] : Cycle start ON
[14:59:00] : Cycle start OFF
[14:59:06] : REQUEST MEAS. ON
[14:59:15] : REQUEST MEAS. OFF
[14:59:15] : end pos sig1 :50.000000 - 50.000000
[14:59:15] : 측정요구 ON 2
[14:59:25] : 측정요구 2OFF
[14:59:25] : end pos sig2 :-50.000000 - -50.000000
[14:59:28] : 측정요구3 ON
[14:59:37] : 측정요구3 OFF
[14:59:37] : end pos sig3 :50.000000 - 50.000000
[14:59:37] : 측정요구4 ON
[14:59:47] : 측정요구4 OFF
[14:59:47] : end pos sig4 :-50.000000 - -50.000000
[14:59:47] : 11,20181221-145948,CF18112053861,,OK,MAX,1, ,AUTO,0.60,2.00,0.84,OK,0.60,2.00,1.39,OK,0.60,2.00,1.76,OK,0.60,2.00,0.69,OK,
[15:00:06] : Cycle start ON
[15:00:08] : Cycle start OFF
[15:00:14] : REQUEST MEAS. ON
[15:00:23] : REQUEST MEAS. OFF
[15:00:23] : end pos sig1 :50.000000 - 50.000000
[15:00:23] : 측정요구 ON 2
[15:00:32] : 측정요구 2OFF
[15:00:32] : end pos sig2 :-50.000000 - -50.000000
[15:00:36] : 측정요구3 ON
[15:00:46] : 측정요구3 OFF
[15:00:46] : end pos sig3 :50.000000 - 50.000000
[15:00:46] : 측정요구4 ON
[15:00:55] : 측정요구4 OFF
[15:00:55] : end pos sig4 :-50.000000 - -50.000000
[15:00:55] : 11,20181221-150055,CF18112053461,,NG,MAX,1, ,AUTO,0.60,2.00,1.32,OK,0.60,2.00,1.70,OK,0.60,2.00,0.56,NG,0.60,2.00,0.74,NG,
[15:01:19] : Cycle start ON
[15:01:21] : Cycle start OFF
[15:01:27] : REQUEST MEAS. ON
[15:01:36] : REQUEST MEAS. OFF
[15:01:36] : end pos sig1 :50.000000 - 50.000000
[15:01:36] : 측정요구 ON 2
[15:01:45] : 측정요구 2OFF
[15:01:45] : end pos sig2 :-50.000000 - -50.000000
[15:01:49] : 측정요구3 ON
[15:01:58] : 측정요구3 OFF
[15:01:58] : end pos sig3 :50.000000 - 50.000000
[15:01:58] : 측정요구4 ON
[15:02:07] : 측정요구4 OFF
[15:02:07] : end pos sig4 :-50.000000 - -50.000000
[15:02:07] : 11,20181221-150208,CF18112053651,,NG,MAX,1, ,AUTO,0.60,2.00,1.40,OK,0.60,2.00,0.84,OK,0.60,2.00,0.54,NG,0.60,2.00,0.48,NG,
[15:02:31] : Cycle start ON
[15:03:00] : AUTO RUNNING OFF
[15:03:00] : Cycle start OFF
[15:04:53] : MEAS ESC ON
[15:04:59] : MEAS ESC OFF
[15:04:59] : AUTO RUNNING ON
[15:04:59] : Cycle start ON
[15:05:56] : AUTO RUNNING OFF
[15:05:56] : Cycle start OFF
[15:07:03] : MEAS ESC ON
[15:07:04] : MEAS ESC OFF
[15:07:04] : AUTO RUNNING ON
[15:07:04] : Cycle start ON
[15:07:07] : Cycle start OFF
[15:07:13] : REQUEST MEAS. ON
[15:07:22] : REQUEST MEAS. OFF
[15:07:22] : end pos sig1 :50.000000 - 50.000000
[15:07:22] : 측정요구 ON 2
[15:07:32] : 측정요구 2OFF
[15:07:32] : end pos sig2 :-50.000000 - -50.000000
[15:07:35] : 측정요구3 ON
[15:07:44] : 측정요구3 OFF
[15:07:44] : end pos sig3 :50.000000 - 50.000000
[15:07:45] : 측정요구4 ON
[15:07:54] : 측정요구4 OFF
[15:07:54] : end pos sig4 :-50.000000 - -50.000000
[15:07:54] : 11,20181221-150755,CF18112053171,,OK,MAX,1, ,AUTO,0.10,8.00,1.74,OK,0.10,8.00,1.00,OK,0.10,8.00,0.48,OK,0.10,8.00,0.54,OK,
[15:08:14] : Cycle start ON
[15:08:16] : Cycle start OFF
[15:08:21] : REQUEST MEAS. ON
[15:08:31] : REQUEST MEAS. OFF
[15:08:31] : end pos sig1 :50.000000 - 50.000000
[15:08:31] : 측정요구 ON 2
[15:08:40] : 측정요구 2OFF
[15:08:40] : end pos sig2 :-50.000000 - -50.000000
[15:08:43] : 측정요구3 ON
[15:08:53] : 측정요구3 OFF
[15:08:53] : end pos sig3 :50.000000 - 50.000000
[15:08:53] : 측정요구4 ON
[15:09:03] : 측정요구4 OFF
[15:09:03] : end pos sig4 :-50.000000 - -50.000000
[15:09:03] : 11,20181221-150903,CF18112052761,,OK,MAX,1, ,AUTO,0.10,8.00,1.53,OK,0.10,8.00,0.74,OK,0.10,8.00,0.46,OK,0.10,8.00,0.56,OK,
[15:09:22] : Cycle start ON
[15:09:23] : Cycle start OFF
[15:09:29] : REQUEST MEAS. ON
[15:09:38] : REQUEST MEAS. OFF
[15:09:38] : end pos sig1 :50.000000 - 50.000000
[15:09:39] : 측정요구 ON 2
[15:09:48] : 측정요구 2OFF
[15:09:48] : end pos sig2 :-50.000000 - -50.000000
[15:09:51] : 측정요구3 ON
[15:10:00] : 측정요구3 OFF
[15:10:00] : end pos sig3 :50.000000 - 50.000000
[15:10:01] : 측정요구4 ON
[15:10:11] : 측정요구4 OFF
[15:10:11] : end pos sig4 :-50.000000 - -50.000000
[15:10:11] : 11,20181221-151011,CF18120270511,,OK,MAX,1, ,AUTO,0.10,8.00,0.83,OK,0.10,8.00,1.49,OK,0.10,8.00,1.65,OK,0.10,8.00,1.25,OK,
[15:10:31] : Cycle start ON
[15:10:33] : Cycle start OFF
[15:10:39] : REQUEST MEAS. ON
[15:10:48] : REQUEST MEAS. OFF
[15:10:48] : end pos sig1 :50.000000 - 50.000000
[15:10:48] : 측정요구 ON 2
[15:10:58] : 측정요구 2OFF
[15:10:58] : end pos sig2 :-50.000000 - -50.000000
[15:11:02] : 측정요구3 ON
[15:11:11] : 측정요구3 OFF
[15:11:11] : end pos sig3 :50.000000 - 50.000000
[15:11:11] : 측정요구4 ON
[15:11:21] : 측정요구4 OFF
[15:11:21] : end pos sig4 :-50.000000 - -50.000000
[15:11:21] : 11,20181221-151121,CF18120272741,,OK,MAX,1, ,AUTO,0.10,8.00,1.34,OK,0.10,8.00,0.77,OK,0.10,8.00,1.31,OK,0.10,8.00,1.59,OK,
[15:11:57] : Cycle start ON
[15:11:59] : Cycle start OFF
[15:12:04] : REQUEST MEAS. ON
[15:12:14] : REQUEST MEAS. OFF
[15:12:14] : end pos sig1 :50.000000 - 50.000000
[15:12:14] : 측정요구 ON 2
[15:12:23] : 측정요구 2OFF
[15:12:23] : end pos sig2 :-50.000000 - -50.000000
[15:12:27] : 측정요구3 ON
[15:12:36] : 측정요구3 OFF
[15:12:36] : end pos sig3 :50.000000 - 50.000000
[15:12:37] : 측정요구4 ON
[15:12:46] : 측정요구4 OFF
[15:12:46] : end pos sig4 :-50.000000 - -50.000000
[15:12:46] : 11,20181221-151247,CF18112052221,,OK,MAX,1, ,AUTO,0.10,8.00,1.01,OK,0.10,8.00,1.46,OK,0.10,8.00,0.47,OK,0.10,8.00,0.68,OK,
[15:13:23] : Cycle start ON
[15:13:25] : Cycle start OFF
[15:13:30] : REQUEST MEAS. ON
[15:13:39] : REQUEST MEAS. OFF
[15:13:39] : end pos sig1 :50.000000 - 50.000000
[15:13:39] : 측정요구 ON 2
[15:13:49] : 측정요구 2OFF
[15:13:49] : end pos sig2 :-50.000000 - -50.000000
[15:13:52] : 측정요구3 ON
[15:14:01] : 측정요구3 OFF
[15:14:01] : end pos sig3 :50.000000 - 50.000000
[15:14:02] : 측정요구4 ON
[15:14:11] : 측정요구4 OFF
[15:14:11] : end pos sig4 :-50.000000 - -50.000000
[15:14:11] : 11,20181221-151412,CF18120273531,,OK,MAX,1, ,AUTO,0.10,8.00,1.26,OK,0.10,8.00,2.11,OK,0.10,8.00,2.21,OK,0.10,8.00,1.83,OK,
[15:14:44] : Cycle start ON
[15:14:46] : Cycle start OFF
[15:14:52] : REQUEST MEAS. ON
[15:15:01] : REQUEST MEAS. OFF
[15:15:01] : end pos sig1 :50.000000 - 50.000000
[15:15:01] : 측정요구 ON 2
[15:15:10] : 측정요구 2OFF
[15:15:10] : end pos sig2 :-50.000000 - -50.000000
[15:15:14] : 측정요구3 ON
[15:15:24] : 측정요구3 OFF
[15:15:24] : end pos sig3 :50.000000 - 50.000000
[15:15:24] : 측정요구4 ON
[15:15:33] : 측정요구4 OFF
[15:15:33] : end pos sig4 :-50.000000 - -50.000000
[15:15:33] : 11,20181221-151534,CF18120550801,,OK,MAX,1, ,AUTO,0.10,8.00,1.03,OK,0.10,8.00,1.75,OK,0.10,8.00,1.01,OK,0.10,8.00,0.45,OK,
[15:16:12] : Cycle start ON
[15:16:14] : Cycle start OFF
[15:16:19] : REQUEST MEAS. ON
[15:16:28] : REQUEST MEAS. OFF
[15:16:28] : end pos sig1 :50.000000 - 50.000000
[15:16:28] : 측정요구 ON 2
[15:16:38] : 측정요구 2OFF
[15:16:38] : end pos sig2 :-50.000000 - -50.000000
[15:16:41] : 측정요구3 ON
[15:16:50] : 측정요구3 OFF
[15:16:50] : end pos sig3 :50.000000 - 50.000000
[15:16:51] : 측정요구4 ON
[15:17:00] : 측정요구4 OFF
[15:17:00] : end pos sig4 :-50.000000 - -50.000000
[15:17:00] : 11,20181221-151701,CF18112052771,,OK,MAX,1, ,AUTO,0.10,8.00,1.21,OK,0.10,8.00,1.34,OK,0.10,8.00,0.45,OK,0.10,8.00,0.44,OK,
[15:18:35] : Cycle start ON
[15:18:37] : Cycle start OFF
[15:18:43] : REQUEST MEAS. ON
[15:18:52] : REQUEST MEAS. OFF
[15:18:52] : end pos sig1 :50.000000 - 50.000000
[15:18:52] : 측정요구 ON 2
[15:19:02] : 측정요구 2OFF
[15:19:02] : end pos sig2 :-50.000000 - -50.000000
[15:19:05] : 측정요구3 ON
[15:19:15] : 측정요구3 OFF
[15:19:15] : end pos sig3 :50.000000 - 50.000000
[15:19:15] : 측정요구4 ON
[15:19:24] : 측정요구4 OFF
[15:19:24] : end pos sig4 :-50.000000 - -50.000000
[15:19:24] : 11,20181221-151925,CF18112052331,,OK,MAX,1, ,AUTO,0.10,8.00,1.64,OK,0.10,8.00,1.43,OK,0.10,8.00,0.64,OK,0.10,8.00,0.45,OK,
[15:24:21] : Cycle start ON
[15:24:22] : Cycle start OFF
[15:24:28] : REQUEST MEAS. ON
[15:24:37] : REQUEST MEAS. OFF
[15:24:37] : end pos sig1 :50.000000 - 50.000000
[15:24:37] : 측정요구 ON 2
[15:24:47] : 측정요구 2OFF
[15:24:47] : end pos sig2 :-50.000000 - -50.000000
[15:24:50] : 측정요구3 ON
[15:24:59] : 측정요구3 OFF
[15:24:59] : end pos sig3 :50.000000 - 50.000000
[15:25:00] : 측정요구4 ON
[15:25:09] : 측정요구4 OFF
[15:25:09] : end pos sig4 :-50.000000 - -50.000000
[15:25:09] : 11,20181221-152510,CF18112052741,,OK,MAX,1, ,AUTO,0.10,8.00,0.75,OK,0.10,8.00,1.16,OK,0.10,8.00,0.71,OK,0.10,8.00,0.54,OK,
[15:27:21] : Cycle start ON
[15:27:23] : Cycle start OFF
[15:27:29] : REQUEST MEAS. ON
[15:27:38] : REQUEST MEAS. OFF
[15:27:38] : end pos sig1 :50.000000 - 50.000000
[15:27:38] : 측정요구 ON 2
[15:27:47] : 측정요구 2OFF
[15:27:47] : end pos sig2 :-50.000000 - -50.000000
[15:27:51] : 측정요구3 ON
[15:28:00] : 측정요구3 OFF
[15:28:00] : end pos sig3 :50.000000 - 50.000000
[15:28:01] : 측정요구4 ON
[15:28:10] : 측정요구4 OFF
[15:28:10] : end pos sig4 :-50.000000 - -50.000000
[15:28:10] : 11,20181221-152810,CF18112052691,,OK,MAX,1, ,AUTO,0.10,8.00,0.41,OK,0.10,8.00,1.16,OK,0.10,8.00,0.55,OK,0.10,8.00,0.41,OK,
[15:29:31] : Cycle start ON
[15:29:33] : Cycle start OFF
[15:29:39] : REQUEST MEAS. ON
[15:29:48] : REQUEST MEAS. OFF
[15:29:48] : end pos sig1 :50.000000 - 50.000000
[15:29:48] : 측정요구 ON 2
[15:29:58] : 측정요구 2OFF
[15:29:58] : end pos sig2 :-50.000000 - -50.000000
[15:30:01] : 측정요구3 ON
[15:30:11] : 측정요구3 OFF
[15:30:11] : end pos sig3 :50.000000 - 50.000000
[15:30:11] : 측정요구4 ON
[15:30:21] : 측정요구4 OFF
[15:30:21] : end pos sig4 :-50.000000 - -50.000000
[15:30:21] : 11,20181221-153021,CF18112052621,,OK,MAX,1, ,AUTO,0.10,8.00,1.28,OK,0.10,8.00,1.47,OK,0.10,8.00,0.57,OK,0.10,8.00,0.80,OK,
[15:30:40] : Cycle start ON
[15:30:42] : Cycle start OFF
[15:30:47] : REQUEST MEAS. ON
[15:30:57] : REQUEST MEAS. OFF
[15:30:57] : end pos sig1 :50.000000 - 50.000000
[15:30:57] : 측정요구 ON 2
[15:31:06] : 측정요구 2OFF
[15:31:06] : end pos sig2 :-50.000000 - -50.000000
[15:31:10] : 측정요구3 ON
[15:31:19] : 측정요구3 OFF
[15:31:19] : end pos sig3 :50.000000 - 50.000000
[15:31:19] : 측정요구4 ON
[15:31:29] : 측정요구4 OFF
[15:31:29] : end pos sig4 :-50.000000 - -50.000000
[15:31:29] : 11,20181221-153129,CF18112052171,,OK,MAX,1, ,AUTO,0.10,8.00,1.23,OK,0.10,8.00,1.78,OK,0.10,8.00,0.65,OK,0.10,8.00,0.70,OK,
[15:31:55] : Cycle start ON
[15:31:57] : Cycle start OFF
[15:32:02] : REQUEST MEAS. ON
[15:32:11] : REQUEST MEAS. OFF
[15:32:11] : end pos sig1 :50.000000 - 50.000000
[15:32:12] : 측정요구 ON 2
[15:32:21] : 측정요구 2OFF
[15:32:21] : end pos sig2 :-50.000000 - -50.000000
[15:32:24] : 측정요구3 ON
[15:32:33] : 측정요구3 OFF
[15:32:33] : end pos sig3 :50.000000 - 50.000000
[15:32:34] : 측정요구4 ON
[15:32:43] : 측정요구4 OFF
[15:32:43] : end pos sig4 :-50.000000 - -50.000000
[15:32:43] : 11,20181221-153244,CF18112052851,,OK,MAX,1, ,AUTO,0.10,8.00,1.09,OK,0.10,8.00,1.23,OK,0.10,8.00,0.53,OK,0.10,8.00,0.73,OK,
[15:33:16] : Cycle start ON
[15:33:18] : Cycle start OFF
[15:33:23] : REQUEST MEAS. ON
[15:33:33] : REQUEST MEAS. OFF
[15:33:33] : end pos sig1 :50.000000 - 50.000000
[15:33:33] : 측정요구 ON 2
[15:33:42] : 측정요구 2OFF
[15:33:42] : end pos sig2 :-50.000000 - -50.000000
[15:33:45] : 측정요구3 ON
[15:33:54] : 측정요구3 OFF
[15:33:54] : end pos sig3 :50.000000 - 50.000000
[15:33:55] : 측정요구4 ON
[15:34:04] : 측정요구4 OFF
[15:34:04] : end pos sig4 :-50.000000 - -50.000000
[15:34:04] : 11,20181221-153405,CF18112052161,,OK,MAX,1, ,AUTO,0.10,8.00,1.05,OK,0.10,8.00,1.53,OK,0.10,8.00,0.97,OK,0.10,8.00,0.43,OK,
[15:34:38] : Cycle start ON
[15:34:40] : Cycle start OFF
[15:34:46] : REQUEST MEAS. ON
[15:34:55] : REQUEST MEAS. OFF
[15:34:55] : end pos sig1 :50.000000 - 50.000000
[15:34:55] : 측정요구 ON 2
[15:35:04] : 측정요구 2OFF
[15:35:04] : end pos sig2 :-50.000000 - -50.000000
[15:35:08] : 측정요구3 ON
[15:35:17] : 측정요구3 OFF
[15:35:17] : end pos sig3 :50.000000 - 50.000000
[15:35:17] : 측정요구4 ON
[15:35:27] : 측정요구4 OFF
[15:35:27] : end pos sig4 :-50.000000 - -50.000000
[15:35:27] : 11,20181221-153527,CF18112052501,,OK,MAX,1, ,AUTO,0.10,8.00,1.24,OK,0.10,8.00,1.65,OK,0.10,8.00,0.73,OK,0.10,8.00,1.27,OK,
[15:35:51] : Cycle start ON
[15:35:53] : Cycle start OFF
[15:35:58] : REQUEST MEAS. ON
[15:36:08] : REQUEST MEAS. OFF
[15:36:08] : end pos sig1 :50.000000 - 50.000000
[15:36:08] : 측정요구 ON 2
[15:36:17] : 측정요구 2OFF
[15:36:17] : end pos sig2 :-50.000000 - -50.000000
[15:36:20] : 측정요구3 ON
[15:36:29] : 측정요구3 OFF
[15:36:29] : end pos sig3 :50.000000 - 50.000000
[15:36:29] : 측정요구4 ON
[15:36:39] : 측정요구4 OFF
[15:36:39] : end pos sig4 :-50.000000 - -50.000000
[15:36:39] : 11,20181221-153640,CF18112053041,,OK,MAX,1, ,AUTO,0.10,8.00,0.59,OK,0.10,8.00,1.27,OK,0.10,8.00,0.63,OK,0.10,8.00,0.43,OK,
[15:37:13] : Cycle start ON
[15:37:15] : Cycle start OFF
[15:37:20] : REQUEST MEAS. ON
[15:37:29] : REQUEST MEAS. OFF
[15:37:29] : end pos sig1 :50.000000 - 50.000000
[15:37:30] : 측정요구 ON 2
[15:37:39] : 측정요구 2OFF
[15:37:39] : end pos sig2 :-50.000000 - -50.000000
[15:37:42] : 측정요구3 ON
[15:37:51] : 측정요구3 OFF
[15:37:51] : end pos sig3 :50.000000 - 50.000000
[15:37:51] : 측정요구4 ON
[15:38:01] : 측정요구4 OFF
[15:38:01] : end pos sig4 :-50.000000 - -50.000000
[15:38:01] : 11,20181221-153802,CF18112051591,,OK,MAX,1, ,AUTO,0.10,8.00,1.44,OK,0.10,8.00,1.40,OK,0.10,8.00,0.61,OK,0.10,8.00,0.55,OK,
[15:39:05] : Cycle start ON
[15:39:07] : Cycle start OFF
[15:39:13] : REQUEST MEAS. ON
[15:39:22] : REQUEST MEAS. OFF
[15:39:22] : end pos sig1 :50.000000 - 50.000000
[15:39:22] : 측정요구 ON 2
[15:39:32] : 측정요구 2OFF
[15:39:32] : end pos sig2 :-50.000000 - -50.000000
[15:39:35] : 측정요구3 ON
[15:39:45] : 측정요구3 OFF
[15:39:45] : end pos sig3 :50.000000 - 50.000000
[15:39:45] : 측정요구4 ON
[15:39:55] : 측정요구4 OFF
[15:39:55] : end pos sig4 :-50.000000 - -50.000000
[15:39:55] : 11,20181221-153955,CF18112053281,,OK,MAX,1, ,AUTO,0.10,8.00,1.82,OK,0.10,8.00,1.16,OK,0.10,8.00,0.49,OK,0.10,8.00,0.67,OK,
[16:05:46] : AUTO RUNNING OFF
[16:28:25] : MEAS ESC ON
[16:30:33] : MEAS ESC OFF
[16:30:33] : AUTO RUNNING ON
[16:30:52] : Cycle start ON
[16:30:54] : Cycle start OFF
[16:31:00] : REQUEST MEAS. ON
[16:31:09] : REQUEST MEAS. OFF
[16:31:09] : end pos sig1 :50.000000 - 50.000000
[16:31:09] : 측정요구 ON 2
[16:31:19] : 측정요구 2OFF
[16:31:19] : end pos sig2 :-50.000000 - -50.000000
[16:31:22] : 측정요구3 ON
[16:31:31] : 측정요구3 OFF
[16:31:31] : end pos sig3 :50.000000 - 50.000000
[16:31:32] : 측정요구4 ON
[16:31:41] : 측정요구4 OFF
[16:31:41] : end pos sig4 :-50.000000 - -50.000000
[16:31:41] : 11,20181221-163142,AL18121450366,,OK,MAX,1, ,AUTO,0.10,8.00,0.99,OK,0.10,8.00,0.76,OK,0.10,8.00,1.57,OK,0.10,8.00,1.77,OK,
[16:32:00] : Cycle start ON
[16:32:01] : Cycle start OFF
[16:32:07] : REQUEST MEAS. ON
[16:32:17] : REQUEST MEAS. OFF
[16:32:17] : end pos sig1 :50.000000 - 50.000000
[16:32:17] : 측정요구 ON 2
[16:32:26] : 측정요구 2OFF
[16:32:26] : end pos sig2 :-50.000000 - -50.000000
[16:32:29] : 측정요구3 ON
[16:32:38] : 측정요구3 OFF
[16:32:38] : end pos sig3 :50.000000 - 50.000000
[16:32:39] : 측정요구4 ON
[16:32:48] : 측정요구4 OFF
[16:32:48] : end pos sig4 :-50.000000 - -50.000000
[16:32:48] : 11,20181221-163249,AL18121450626,,OK,MAX,1, ,AUTO,0.10,8.00,2.10,OK,0.10,8.00,0.72,OK,0.10,8.00,0.77,OK,0.10,8.00,0.53,OK,
[16:33:07] : Cycle start ON
[16:33:09] : Cycle start OFF
[16:33:15] : REQUEST MEAS. ON
[16:33:24] : REQUEST MEAS. OFF
[16:33:24] : end pos sig1 :50.000000 - 50.000000
[16:33:24] : 측정요구 ON 2
[16:33:34] : 측정요구 2OFF
[16:33:34] : end pos sig2 :-50.000000 - -50.000000
[16:33:37] : 측정요구3 ON
[16:33:46] : 측정요구3 OFF
[16:33:46] : end pos sig3 :50.000000 - 50.000000
[16:33:46] : 측정요구4 ON
[16:33:56] : 측정요구4 OFF
[16:33:56] : end pos sig4 :-50.000000 - -50.000000
[16:33:56] : 11,20181221-163357,AL18121450606,,OK,MAX,1, ,AUTO,0.10,8.00,1.02,OK,0.10,8.00,0.58,OK,0.10,8.00,1.56,OK,0.10,8.00,0.55,OK,
[16:34:15] : Cycle start ON
[16:34:17] : Cycle start OFF
[16:34:23] : REQUEST MEAS. ON
[16:34:32] : REQUEST MEAS. OFF
[16:34:32] : end pos sig1 :50.000000 - 50.000000
[16:34:32] : 측정요구 ON 2
[16:34:42] : 측정요구 2OFF
[16:34:42] : end pos sig2 :-50.000000 - -50.000000
[16:34:46] : 측정요구3 ON
[16:34:55] : 측정요구3 OFF
[16:34:55] : end pos sig3 :50.000000 - 50.000000
[16:34:55] : 측정요구4 ON
[16:35:05] : 측정요구4 OFF
[16:35:05] : end pos sig4 :-50.000000 - -50.000000
[16:35:05] : 11,20181221-163505,AL18121450576,,OK,MAX,1, ,AUTO,0.10,8.00,1.19,OK,0.10,8.00,0.65,OK,0.10,8.00,1.72,OK,0.10,8.00,0.62,OK,
[16:35:23] : Cycle start ON
[16:35:25] : Cycle start OFF
[16:35:31] : REQUEST MEAS. ON
[16:35:40] : REQUEST MEAS. OFF
[16:35:40] : end pos sig1 :50.000000 - 50.000000
[16:35:40] : 측정요구 ON 2
[16:35:50] : 측정요구 2OFF
[16:35:50] : end pos sig2 :-50.000000 - -50.000000
[16:35:54] : 측정요구3 ON
[16:36:03] : 측정요구3 OFF
[16:36:03] : end pos sig3 :50.000000 - 50.000000
[16:36:03] : 측정요구4 ON
[16:36:13] : 측정요구4 OFF
[16:36:13] : end pos sig4 :-50.000000 - -50.000000
[16:36:13] : 11,20181221-163613,AL18121450736,,OK,MAX,1, ,AUTO,0.10,8.00,1.52,OK,0.10,8.00,1.23,OK,0.10,8.00,1.13,OK,0.10,8.00,0.66,OK,
[16:36:43] : Cycle start ON
[16:36:45] : Cycle start OFF
[16:36:51] : REQUEST MEAS. ON
[16:37:00] : REQUEST MEAS. OFF
[16:37:00] : end pos sig1 :50.000000 - 50.000000
[16:37:00] : 측정요구 ON 2
[16:37:10] : 측정요구 2OFF
[16:37:10] : end pos sig2 :-50.000000 - -50.000000
[16:37:13] : 측정요구3 ON
[16:37:22] : 측정요구3 OFF
[16:37:22] : end pos sig3 :50.000000 - 50.000000
[16:37:22] : 측정요구4 ON
[16:37:32] : 측정요구4 OFF
[16:37:32] : end pos sig4 :-50.000000 - -50.000000
[16:37:32] : 11,20181221-163732,AL18121450746,,OK,MAX,1, ,AUTO,0.10,8.00,1.04,OK,0.10,8.00,1.89,OK,0.10,8.00,1.04,OK,0.10,8.00,1.27,OK,
[16:37:51] : Cycle start ON
[16:37:53] : Cycle start OFF
[16:37:59] : REQUEST MEAS. ON
[16:38:08] : REQUEST MEAS. OFF
[16:38:08] : end pos sig1 :50.000000 - 50.000000
[16:38:08] : 측정요구 ON 2
[16:38:18] : 측정요구 2OFF
[16:38:18] : end pos sig2 :-50.000000 - -50.000000
[16:38:22] : 측정요구3 ON
[16:38:31] : 측정요구3 OFF
[16:38:31] : end pos sig3 :50.000000 - 50.000000
[16:38:32] : 측정요구4 ON
[16:38:41] : 측정요구4 OFF
[16:38:41] : end pos sig4 :-50.000000 - -50.000000
[16:38:41] : 11,20181221-163841,AL18121450896,,OK,MAX,1, ,AUTO,0.10,8.00,1.11,OK,0.10,8.00,0.47,OK,0.10,8.00,1.60,OK,0.10,8.00,0.68,OK,
[16:39:00] : Cycle start ON
[16:39:02] : Cycle start OFF
[16:39:08] : REQUEST MEAS. ON
[16:39:17] : REQUEST MEAS. OFF
[16:39:17] : end pos sig1 :50.000000 - 50.000000
[16:39:17] : 측정요구 ON 2
[16:39:27] : 측정요구 2OFF
[16:39:27] : end pos sig2 :-50.000000 - -50.000000
[16:39:30] : 측정요구3 ON
[16:39:39] : 측정요구3 OFF
[16:39:39] : end pos sig3 :50.000000 - 50.000000
[16:39:39] : 측정요구4 ON
[16:39:49] : 측정요구4 OFF
[16:39:49] : end pos sig4 :-50.000000 - -50.000000
[16:39:49] : 11,20181221-163950,AL18121450406,,OK,MAX,1, ,AUTO,0.10,8.00,1.09,OK,0.10,8.00,0.68,OK,0.10,8.00,0.96,OK,0.10,8.00,0.66,OK,
[16:40:09] : Cycle start ON
[16:40:11] : Cycle start OFF
[16:40:17] : REQUEST MEAS. ON
[16:40:26] : REQUEST MEAS. OFF
[16:40:26] : end pos sig1 :50.000000 - 50.000000
[16:40:26] : 측정요구 ON 2
[16:40:35] : 측정요구 2OFF
[16:40:35] : end pos sig2 :-50.000000 - -50.000000
[16:40:39] : 측정요구3 ON
[16:40:48] : 측정요구3 OFF
[16:40:48] : end pos sig3 :50.000000 - 50.000000
[16:40:48] : 측정요구4 ON
[16:40:58] : 측정요구4 OFF
[16:40:58] : end pos sig4 :-50.000000 - -50.000000
[16:40:58] : 11,20181221-164058,AL18121450916,,OK,MAX,1, ,AUTO,0.10,8.00,1.41,OK,0.10,8.00,0.39,OK,0.10,8.00,0.63,OK,0.10,8.00,0.89,OK,
[16:41:17] : Cycle start ON
[16:41:19] : Cycle start OFF
[16:41:27] : REQUEST MEAS. ON
[16:41:36] : REQUEST MEAS. OFF
[16:41:36] : end pos sig1 :50.000000 - 50.000000
[16:41:36] : 측정요구 ON 2
[16:41:46] : 측정요구 2OFF
[16:41:46] : end pos sig2 :-50.000000 - -50.000000
[16:41:50] : 측정요구3 ON
[16:41:59] : 측정요구3 OFF
[16:41:59] : end pos sig3 :50.000000 - 50.000000
[16:42:00] : 측정요구4 ON
[16:42:09] : 측정요구4 OFF
[16:42:09] : end pos sig4 :-50.000000 - -50.000000
[16:42:09] : 11,20181221-164209,AL18121450886,,OK,MAX,1, ,AUTO,0.10,8.00,1.61,OK,0.10,8.00,0.54,OK,0.10,8.00,1.40,OK,0.10,8.00,0.91,OK,
[16:42:28] : Cycle start ON
[16:42:30] : Cycle start OFF
[16:42:35] : REQUEST MEAS. ON
[16:42:45] : REQUEST MEAS. OFF
[16:42:45] : end pos sig1 :50.000000 - 50.000000
[16:42:45] : 측정요구 ON 2
[16:42:54] : 측정요구 2OFF
[16:42:54] : end pos sig2 :-50.000000 - -50.000000
[16:42:58] : 측정요구3 ON
[16:43:07] : 측정요구3 OFF
[16:43:07] : end pos sig3 :50.000000 - 50.000000
[16:43:07] : 측정요구4 ON
[16:43:17] : 측정요구4 OFF
[16:43:17] : end pos sig4 :-50.000000 - -50.000000
[16:43:17] : 11,20181221-164317,AL18121450276,,OK,MAX,1, ,AUTO,0.10,8.00,1.82,OK,0.10,8.00,0.70,OK,0.10,8.00,1.32,OK,0.10,8.00,0.83,OK,
[16:43:53] : AUTO RUNNING OFF
[16:44:35] : MEAS ESC ON
[16:44:35] : MEAS ESC OFF
[16:44:35] : AUTO RUNNING ON
[16:44:50] : Cycle start ON
[16:44:52] : Cycle start OFF
[16:44:58] : REQUEST MEAS. ON
[16:45:07] : REQUEST MEAS. OFF
[16:45:07] : end pos sig1 :50.000000 - 50.000000
[16:45:07] : 측정요구 ON 2
[16:45:16] : 측정요구 2OFF
[16:45:16] : end pos sig2 :-50.000000 - -50.000000
[16:45:20] : 측정요구3 ON
[16:45:29] : 측정요구3 OFF
[16:45:29] : end pos sig3 :50.000000 - 50.000000
[16:45:30] : 측정요구4 ON
[16:45:39] : 측정요구4 OFF
[16:45:39] : end pos sig4 :-50.000000 - -50.000000
[16:45:39] : 11,20181221-164540,AL18121450386,,OK,MAX,1, ,AUTO,0.10,8.00,1.48,OK,0.10,8.00,1.38,OK,0.10,8.00,1.48,OK,0.10,8.00,0.74,OK,
[16:46:00] : AUTO RUNNING OFF
[16:46:22] : MEAS ESC ON
[16:46:23] : MEAS ESC OFF
[16:46:23] : AUTO RUNNING ON
[16:46:51] : Cycle start ON
[16:46:53] : Cycle start OFF
[16:46:59] : REQUEST MEAS. ON
[16:47:08] : REQUEST MEAS. OFF
[16:47:08] : end pos sig1 :50.000000 - 50.000000
[16:47:08] : 측정요구 ON 2
[16:47:17] : 측정요구 2OFF
[16:47:17] : end pos sig2 :-50.000000 - -50.000000
[16:47:21] : 측정요구3 ON
[16:47:30] : 측정요구3 OFF
[16:47:30] : end pos sig3 :50.000000 - 50.000000
[16:47:31] : 측정요구4 ON
[16:47:40] : 측정요구4 OFF
[16:47:40] : end pos sig4 :-50.000000 - -50.000000
[16:47:40] : 11,20181221-164740,AL18121450586,,OK,MAX,1, ,AUTO,0.10,8.00,1.20,OK,0.10,8.00,0.59,OK,0.10,8.00,0.96,OK,0.10,8.00,0.88,OK,
[16:48:02] : Cycle start ON
[16:48:04] : Cycle start OFF
[16:48:10] : REQUEST MEAS. ON
[16:48:19] : REQUEST MEAS. OFF
[16:48:19] : end pos sig1 :50.000000 - 50.000000
[16:48:19] : 측정요구 ON 2
[16:48:29] : 측정요구 2OFF
[16:48:29] : end pos sig2 :-50.000000 - -50.000000
[16:48:33] : 측정요구3 ON
[16:48:43] : 측정요구3 OFF
[16:48:43] : end pos sig3 :50.000000 - 50.000000
[16:48:43] : 측정요구4 ON
[16:48:52] : 측정요구4 OFF
[16:48:52] : end pos sig4 :-50.000000 - -50.000000
[16:48:52] : 11,20181221-164852,AL18121450966,,OK,MAX,1, ,AUTO,0.10,8.00,1.36,OK,0.10,8.00,1.09,OK,0.10,8.00,1.55,OK,0.10,8.00,0.63,OK,
[16:49:10] : Cycle start ON
[16:49:12] : Cycle start OFF
[16:49:18] : REQUEST MEAS. ON
[16:49:27] : REQUEST MEAS. OFF
[16:49:27] : end pos sig1 :50.000000 - 50.000000
[16:49:27] : 측정요구 ON 2
[16:49:37] : 측정요구 2OFF
[16:49:37] : end pos sig2 :-50.000000 - -50.000000
[16:49:40] : 측정요구3 ON
[16:49:49] : 측정요구3 OFF
[16:49:49] : end pos sig3 :50.000000 - 50.000000
[16:49:49] : 측정요구4 ON
[16:49:59] : 측정요구4 OFF
[16:49:59] : end pos sig4 :-50.000000 - -50.000000
[16:49:59] : 11,20181221-165000,AL18121450556,,OK,MAX,1, ,AUTO,0.10,8.00,0.85,OK,0.10,8.00,1.06,OK,0.10,8.00,0.68,OK,0.10,8.00,0.50,OK,
[16:50:13] : AUTO RUNNING OFF
[16:50:18] : MEAS ESC ON
[16:50:19] : MEAS ESC OFF
[16:50:19] : AUTO RUNNING ON
[16:50:32] : Cycle start ON
[16:50:34] : Cycle start OFF
[16:50:39] : REQUEST MEAS. ON
[16:50:48] : REQUEST MEAS. OFF
[16:50:48] : end pos sig1 :50.000000 - 50.000000
[16:50:49] : 측정요구 ON 2
[16:50:58] : 측정요구 2OFF
[16:50:58] : end pos sig2 :-50.000000 - -50.000000
[16:51:01] : 측정요구3 ON
[16:51:10] : 측정요구3 OFF
[16:51:10] : end pos sig3 :50.000000 - 50.000000
[16:51:10] : 측정요구4 ON
[16:51:20] : 측정요구4 OFF
[16:51:20] : end pos sig4 :-50.000000 - -50.000000
[16:51:20] : 11,20181221-165121,AL18121450976,,OK,MAX,1, ,AUTO,0.10,8.00,1.76,OK,0.10,8.00,0.85,OK,0.10,8.00,1.04,OK,0.10,8.00,0.44,OK,
[16:51:49] : Cycle start ON
[16:51:52] : Cycle start OFF
[16:51:57] : REQUEST MEAS. ON
[16:52:06] : REQUEST MEAS. OFF
[16:52:06] : end pos sig1 :50.000000 - 50.000000
[16:52:07] : 측정요구 ON 2
[16:52:16] : 측정요구 2OFF
[16:52:16] : end pos sig2 :-50.000000 - -50.000000
[16:52:20] : 측정요구3 ON
[16:52:30] : 측정요구3 OFF
[16:52:30] : end pos sig3 :50.000000 - 50.000000
[16:52:30] : 측정요구4 ON
[16:52:39] : 측정요구4 OFF
[16:52:39] : end pos sig4 :-50.000000 - -50.000000
[16:52:39] : 11,20181221-165239,AL18121450356,,OK,MAX,1, ,AUTO,0.10,8.00,1.63,OK,0.10,8.00,0.91,OK,0.10,8.00,1.09,OK,0.10,8.00,2.09,OK,
[16:53:00] : Cycle start ON
[16:53:01] : Cycle start OFF
[16:53:07] : REQUEST MEAS. ON
[16:53:16] : REQUEST MEAS. OFF
[16:53:16] : end pos sig1 :50.000000 - 50.000000
[16:53:17] : 측정요구 ON 2
[16:53:26] : 측정요구 2OFF
[16:53:26] : end pos sig2 :-50.000000 - -50.000000
[16:53:30] : 측정요구3 ON
[16:53:39] : 측정요구3 OFF
[16:53:39] : end pos sig3 :50.000000 - 50.000000
[16:53:39] : 측정요구4 ON
[16:53:49] : 측정요구4 OFF
[16:53:49] : end pos sig4 :-50.000000 - -50.000000
[16:53:49] : 11,20181221-165349,AL18121450436,,OK,MAX,1, ,AUTO,0.10,8.00,1.07,OK,0.10,8.00,0.67,OK,0.10,8.00,1.19,OK,0.10,8.00,1.47,OK,
[16:55:15] : Cycle start ON
[16:55:17] : Cycle start OFF
[16:55:24] : REQUEST MEAS. ON
[16:55:33] : REQUEST MEAS. OFF
[16:55:33] : end pos sig1 :50.000000 - 50.000000
[16:55:33] : 측정요구 ON 2
[16:55:42] : 측정요구 2OFF
[16:55:42] : end pos sig2 :-50.000000 - -50.000000
[16:55:45] : 측정요구3 ON
[16:55:54] : 측정요구3 OFF
[16:55:54] : end pos sig3 :50.000000 - 50.000000
[16:55:55] : 측정요구4 ON
[16:56:04] : 측정요구4 OFF
[16:56:04] : end pos sig4 :-50.000000 - -50.000000
[16:56:04] : 11,20181221-165605,AL18121450526,,OK,MAX,1, ,AUTO,0.10,8.00,1.34,OK,0.10,8.00,1.91,OK,0.10,8.00,1.34,OK,0.10,8.00,1.76,OK,
[16:56:28] : Cycle start ON
[16:56:31] : Cycle start OFF
[16:56:36] : REQUEST MEAS. ON
[16:56:45] : REQUEST MEAS. OFF
[16:56:45] : end pos sig1 :50.000000 - 50.000000
[16:56:45] : 측정요구 ON 2
[16:56:55] : 측정요구 2OFF
[16:56:55] : end pos sig2 :-50.000000 - -50.000000
[16:56:58] : 측정요구3 ON
[16:57:07] : 측정요구3 OFF
[16:57:07] : end pos sig3 :50.000000 - 50.000000
[16:57:07] : 측정요구4 ON
[16:57:17] : 측정요구4 OFF
[16:57:17] : end pos sig4 :-50.000000 - -50.000000
[16:57:17] : 11,20181221-165718,AL18121450536,,OK,MAX,1, ,AUTO,0.10,8.00,0.78,OK,0.10,8.00,1.03,OK,0.10,8.00,1.49,OK,0.10,8.00,0.64,OK,
[16:57:37] : Cycle start ON
[16:57:39] : Cycle start OFF
[16:57:45] : REQUEST MEAS. ON
[16:57:54] : REQUEST MEAS. OFF
[16:57:54] : end pos sig1 :50.000000 - 50.000000
[16:57:54] : 측정요구 ON 2
[16:58:03] : 측정요구 2OFF
[16:58:03] : end pos sig2 :-50.000000 - -50.000000
[16:58:07] : 측정요구3 ON
[16:58:16] : 측정요구3 OFF
[16:58:16] : end pos sig3 :50.000000 - 50.000000
[16:58:17] : 측정요구4 ON
[16:58:26] : 측정요구4 OFF
[16:58:26] : end pos sig4 :-50.000000 - -50.000000
[16:58:26] : 11,20181221-165827,AL18121450416,,OK,MAX,1, ,AUTO,0.10,8.00,1.60,OK,0.10,8.00,0.59,OK,0.10,8.00,1.07,OK,0.10,8.00,0.69,OK,
[16:58:46] : Cycle start ON
[16:58:48] : Cycle start OFF
[16:58:54] : REQUEST MEAS. ON
[16:59:03] : REQUEST MEAS. OFF
[16:59:03] : end pos sig1 :50.000000 - 50.000000
[16:59:03] : 측정요구 ON 2
[16:59:12] : 측정요구 2OFF
[16:59:12] : end pos sig2 :-50.000000 - -50.000000
[16:59:16] : 측정요구3 ON
[16:59:25] : 측정요구3 OFF
[16:59:25] : end pos sig3 :50.000000 - 50.000000
[16:59:26] : 측정요구4 ON
[16:59:35] : 측정요구4 OFF
[16:59:35] : end pos sig4 :-50.000000 - -50.000000
[16:59:35] : 11,20181221-165935,AL18121450336,,OK,MAX,1, ,AUTO,0.10,8.00,1.11,OK,0.10,8.00,0.53,OK,0.10,8.00,1.43,OK,0.10,8.00,0.81,OK,
[16:59:55] : Cycle start ON
[16:59:57] : Cycle start OFF
[17:00:03] : REQUEST MEAS. ON
[17:00:12] : REQUEST MEAS. OFF
[17:00:12] : end pos sig1 :50.000000 - 50.000000
[17:00:12] : 측정요구 ON 2
[17:00:21] : 측정요구 2OFF
[17:00:21] : end pos sig2 :-50.000000 - -50.000000
[17:00:25] : 측정요구3 ON
[17:00:34] : 측정요구3 OFF
[17:00:34] : end pos sig3 :50.000000 - 50.000000
[17:00:35] : 측정요구4 ON
[17:00:44] : 측정요구4 OFF
[17:00:44] : end pos sig4 :-50.000000 - -50.000000
[17:00:44] : 11,20181221-170044,AL18121450716,,OK,MAX,1, ,AUTO,0.10,8.00,1.51,OK,0.10,8.00,0.60,OK,0.10,8.00,1.13,OK,0.10,8.00,1.85,OK,
[17:01:02] : Cycle start ON
[17:01:05] : Cycle start OFF
[17:01:10] : REQUEST MEAS. ON
[17:01:20] : REQUEST MEAS. OFF
[17:01:20] : end pos sig1 :50.000000 - 50.000000
[17:01:20] : 측정요구 ON 2
[17:01:29] : 측정요구 2OFF
[17:01:29] : end pos sig2 :-50.000000 - -50.000000
[17:01:33] : 측정요구3 ON
[17:01:42] : 측정요구3 OFF
[17:01:42] : end pos sig3 :50.000000 - 50.000000
[17:01:43] : 측정요구4 ON
[17:01:52] : 측정요구4 OFF
[17:01:52] : end pos sig4 :-50.000000 - -50.000000
[17:01:52] : 11,20181221-170152,AL18121450926,,OK,MAX,1, ,AUTO,0.10,8.00,1.17,OK,0.10,8.00,0.86,OK,0.10,8.00,1.50,OK,0.10,8.00,0.79,OK,
[17:02:11] : Cycle start ON
[17:02:13] : Cycle start OFF
[17:02:19] : REQUEST MEAS. ON
[17:02:28] : REQUEST MEAS. OFF
[17:02:28] : end pos sig1 :50.000000 - 50.000000
[17:02:28] : 측정요구 ON 2
[17:02:38] : 측정요구 2OFF
[17:02:38] : end pos sig2 :-50.000000 - -50.000000
[17:02:41] : 측정요구3 ON
[17:02:50] : 측정요구3 OFF
[17:02:50] : end pos sig3 :50.000000 - 50.000000
[17:02:50] : 측정요구4 ON
[17:03:00] : 측정요구4 OFF
[17:03:00] : end pos sig4 :-50.000000 - -50.000000
[17:03:00] : 11,20181221-170301,AL18121450946,,OK,MAX,1, ,AUTO,0.10,8.00,1.25,OK,0.10,8.00,1.77,OK,0.10,8.00,1.22,OK,0.10,8.00,0.75,OK,
[17:03:19] : Cycle start ON
[17:03:21] : Cycle start OFF
[17:03:27] : REQUEST MEAS. ON
[17:03:36] : REQUEST MEAS. OFF
[17:03:36] : end pos sig1 :50.000000 - 50.000000
[17:03:36] : 측정요구 ON 2
[17:03:46] : 측정요구 2OFF
[17:03:46] : end pos sig2 :-50.000000 - -50.000000
[17:03:49] : 측정요구3 ON
[17:03:58] : 측정요구3 OFF
[17:03:58] : end pos sig3 :50.000000 - 50.000000
[17:03:58] : 측정요구4 ON
[17:04:08] : 측정요구4 OFF
[17:04:08] : end pos sig4 :-50.000000 - -50.000000
[17:04:08] : 11,20181221-170409,AL18121450286,,OK,MAX,1, ,AUTO,0.10,8.00,1.25,OK,0.10,8.00,0.73,OK,0.10,8.00,1.65,OK,0.10,8.00,0.59,OK,
[17:04:27] : Cycle start ON
[17:04:29] : Cycle start OFF
[17:04:35] : REQUEST MEAS. ON
[17:04:44] : REQUEST MEAS. OFF
[17:04:44] : end pos sig1 :50.000000 - 50.000000
[17:04:44] : 측정요구 ON 2
[17:04:53] : 측정요구 2OFF
[17:04:53] : end pos sig2 :-50.000000 - -50.000000
[17:04:57] : 측정요구3 ON
[17:05:06] : 측정요구3 OFF
[17:05:06] : end pos sig3 :50.000000 - 50.000000
[17:05:07] : 측정요구4 ON
[17:05:16] : 측정요구4 OFF
[17:05:16] : end pos sig4 :-50.000000 - -50.000000
[17:05:16] : 11,20181221-170516,AL18121450476,,OK,MAX,1, ,AUTO,0.10,8.00,1.03,OK,0.10,8.00,0.74,OK,0.10,8.00,0.86,OK,0.10,8.00,0.90,OK,
[17:05:35] : Cycle start ON
[17:05:37] : Cycle start OFF
[17:05:43] : REQUEST MEAS. ON
[17:05:52] : REQUEST MEAS. OFF
[17:05:52] : end pos sig1 :50.000000 - 50.000000
[17:05:53] : 측정요구 ON 2
[17:06:02] : 측정요구 2OFF
[17:06:02] : end pos sig2 :-50.000000 - -50.000000
[17:06:05] : 측정요구3 ON
[17:06:14] : 측정요구3 OFF
[17:06:14] : end pos sig3 :50.000000 - 50.000000
[17:06:15] : 측정요구4 ON
[17:06:24] : 측정요구4 OFF
[17:06:24] : end pos sig4 :-50.000000 - -50.000000
[17:06:24] : 11,20181221-170625,AL18121450266,,OK,MAX,1, ,AUTO,0.10,8.00,1.41,OK,0.10,8.00,0.58,OK,0.10,8.00,1.13,OK,0.10,8.00,1.47,OK,
[17:06:43] : Cycle start ON
[17:06:46] : Cycle start OFF
[17:06:51] : REQUEST MEAS. ON
[17:07:00] : REQUEST MEAS. OFF
[17:07:00] : end pos sig1 :50.000000 - 50.000000
[17:07:01] : 측정요구 ON 2
[17:07:10] : 측정요구 2OFF
[17:07:10] : end pos sig2 :-50.000000 - -50.000000
[17:07:13] : 측정요구3 ON
[17:07:22] : 측정요구3 OFF
[17:07:22] : end pos sig3 :50.000000 - 50.000000
[17:07:22] : 측정요구4 ON
[17:07:32] : 측정요구4 OFF
[17:07:32] : end pos sig4 :-50.000000 - -50.000000
[17:07:32] : 11,20181221-170733,AL18121450826,,OK,MAX,1, ,AUTO,0.10,8.00,1.04,OK,0.10,8.00,0.64,OK,0.10,8.00,1.41,OK,0.10,8.00,1.66,OK,
[17:07:51] : Cycle start ON
[17:07:53] : Cycle start OFF
[17:07:59] : REQUEST MEAS. ON
[17:08:08] : REQUEST MEAS. OFF
[17:08:08] : end pos sig1 :50.000000 - 50.000000
[17:08:08] : 측정요구 ON 2
[17:08:18] : 측정요구 2OFF
[17:08:18] : end pos sig2 :-50.000000 - -50.000000
[17:08:21] : 측정요구3 ON
[17:08:31] : 측정요구3 OFF
[17:08:31] : end pos sig3 :50.000000 - 50.000000
[17:08:31] : 측정요구4 ON
[17:08:40] : 측정요구4 OFF
[17:08:40] : end pos sig4 :-50.000000 - -50.000000
[17:08:40] : 11,20181221-170841,AL18121450396,,OK,MAX,1, ,AUTO,0.10,8.00,0.90,OK,0.10,8.00,0.69,OK,0.10,8.00,1.35,OK,0.10,8.00,1.94,OK,
[17:08:59] : Cycle start ON
[17:09:01] : Cycle start OFF
[17:09:07] : REQUEST MEAS. ON
[17:09:16] : REQUEST MEAS. OFF
[17:09:16] : end pos sig1 :50.000000 - 50.000000
[17:09:16] : 측정요구 ON 2
[17:09:25] : 측정요구 2OFF
[17:09:25] : end pos sig2 :-50.000000 - -50.000000
[17:09:29] : 측정요구3 ON
[17:09:38] : 측정요구3 OFF
[17:09:38] : end pos sig3 :50.000000 - 50.000000
[17:09:39] : 측정요구4 ON
[17:09:48] : 측정요구4 OFF
[17:09:48] : end pos sig4 :-50.000000 - -50.000000
[17:09:48] : 11,20181221-170948,AL18121451006,,OK,MAX,1, ,AUTO,0.10,8.00,1.16,OK,0.10,8.00,0.69,OK,0.10,8.00,1.20,OK,0.10,8.00,1.93,OK,
[17:10:07] : Cycle start ON
[17:10:09] : Cycle start OFF
[17:10:15] : REQUEST MEAS. ON
[17:10:24] : REQUEST MEAS. OFF
[17:10:24] : end pos sig1 :50.000000 - 50.000000
[17:10:24] : 측정요구 ON 2
[17:10:33] : 측정요구 2OFF
[17:10:33] : end pos sig2 :-50.000000 - -50.000000
[17:10:37] : 측정요구3 ON
[17:10:46] : 측정요구3 OFF
[17:10:46] : end pos sig3 :50.000000 - 50.000000
[17:10:47] : 측정요구4 ON
[17:10:56] : 측정요구4 OFF
[17:10:56] : end pos sig4 :-50.000000 - -50.000000
[17:10:56] : 11,20181221-171056,AL18121450656,,OK,MAX,1, ,AUTO,0.10,8.00,1.50,OK,0.10,8.00,0.75,OK,0.10,8.00,1.38,OK,0.10,8.00,0.82,OK,
[17:11:14] : Cycle start ON
[17:11:16] : Cycle start OFF
[17:11:22] : REQUEST MEAS. ON
[17:11:31] : REQUEST MEAS. OFF
[17:11:31] : end pos sig1 :50.000000 - 50.000000
[17:11:31] : 측정요구 ON 2
[17:11:41] : 측정요구 2OFF
[17:11:41] : end pos sig2 :-50.000000 - -50.000000
[17:11:45] : 측정요구3 ON
[17:11:54] : 측정요구3 OFF
[17:11:54] : end pos sig3 :50.000000 - 50.000000
[17:11:54] : 측정요구4 ON
[17:12:04] : 측정요구4 OFF
[17:12:04] : end pos sig4 :-50.000000 - -50.000000
[17:12:04] : 11,20181221-171204,AL18121450666,,OK,MAX,1, ,AUTO,0.10,8.00,1.15,OK,0.10,8.00,0.62,OK,0.10,8.00,1.18,OK,0.10,8.00,0.87,OK,
[17:12:22] : Cycle start ON
[17:12:24] : Cycle start OFF
[17:12:30] : REQUEST MEAS. ON
[17:12:39] : REQUEST MEAS. OFF
[17:12:39] : end pos sig1 :50.000000 - 50.000000
[17:12:39] : 측정요구 ON 2
[17:12:49] : 측정요구 2OFF
[17:12:49] : end pos sig2 :-50.000000 - -50.000000
[17:12:53] : 측정요구3 ON
[17:13:02] : 측정요구3 OFF
[17:13:02] : end pos sig3 :50.000000 - 50.000000
[17:13:02] : 측정요구4 ON
[17:13:12] : 측정요구4 OFF
[17:13:12] : end pos sig4 :-50.000000 - -50.000000
[17:13:12] : 11,20181221-171312,AL18121450816,,OK,MAX,1, ,AUTO,0.10,8.00,1.39,OK,0.10,8.00,0.43,OK,0.10,8.00,0.72,OK,0.10,8.00,0.81,OK,
[17:13:30] : Cycle start ON
[17:13:32] : Cycle start OFF
[17:13:38] : REQUEST MEAS. ON
[17:13:47] : REQUEST MEAS. OFF
[17:13:47] : end pos sig1 :50.000000 - 50.000000
[17:13:47] : 측정요구 ON 2
[17:13:57] : 측정요구 2OFF
[17:13:57] : end pos sig2 :-50.000000 - -50.000000
[17:14:00] : 측정요구3 ON
[17:14:09] : 측정요구3 OFF
[17:14:09] : end pos sig3 :50.000000 - 50.000000
[17:14:09] : 측정요구4 ON
[17:14:19] : 측정요구4 OFF
[17:14:19] : end pos sig4 :-50.000000 - -50.000000
[17:14:19] : 11,20181221-171420,AL18121450686,,OK,MAX,1, ,AUTO,0.10,8.00,1.05,OK,0.10,8.00,1.14,OK,0.10,8.00,0.79,OK,0.10,8.00,1.38,OK,
[17:14:38] : Cycle start ON
[17:14:40] : Cycle start OFF
[17:14:46] : REQUEST MEAS. ON
[17:14:55] : REQUEST MEAS. OFF
[17:14:55] : end pos sig1 :50.000000 - 50.000000
[17:14:55] : 측정요구 ON 2
[17:15:05] : 측정요구 2OFF
[17:15:05] : end pos sig2 :-50.000000 - -50.000000
[17:15:08] : 측정요구3 ON
[17:15:17] : 측정요구3 OFF
[17:15:17] : end pos sig3 :50.000000 - 50.000000
[17:15:18] : 측정요구4 ON
[17:15:27] : 측정요구4 OFF
[17:15:27] : end pos sig4 :-50.000000 - -50.000000
[17:15:27] : 11,20181221-171528,AL18121450906,,OK,MAX,1, ,AUTO,0.10,8.00,1.52,OK,0.10,8.00,1.70,OK,0.10,8.00,0.93,OK,0.10,8.00,0.56,OK,
[17:15:46] : Cycle start ON
[17:15:48] : Cycle start OFF
[17:15:54] : REQUEST MEAS. ON
[17:16:03] : REQUEST MEAS. OFF
[17:16:03] : end pos sig1 :50.000000 - 50.000000
[17:16:03] : 측정요구 ON 2
[17:16:13] : 측정요구 2OFF
[17:16:13] : end pos sig2 :-50.000000 - -50.000000
[17:16:16] : 측정요구3 ON
[17:16:25] : 측정요구3 OFF
[17:16:25] : end pos sig3 :50.000000 - 50.000000
[17:16:26] : 측정요구4 ON
[17:16:35] : 측정요구4 OFF
[17:16:35] : end pos sig4 :-50.000000 - -50.000000
[17:16:35] : 11,20181221-171636,AL18121450636,,OK,MAX,1, ,AUTO,0.10,8.00,1.20,OK,0.10,8.00,0.70,OK,0.10,8.00,1.35,OK,0.10,8.00,1.79,OK,
[17:16:54] : Cycle start ON
[17:16:56] : Cycle start OFF
[17:17:02] : REQUEST MEAS. ON
[17:17:11] : REQUEST MEAS. OFF
[17:17:11] : end pos sig1 :50.000000 - 50.000000
[17:17:11] : 측정요구 ON 2
[17:17:21] : 측정요구 2OFF
[17:17:21] : end pos sig2 :-50.000000 - -50.000000
[17:17:24] : 측정요구3 ON
[17:17:33] : 측정요구3 OFF
[17:17:33] : end pos sig3 :50.000000 - 50.000000
[17:17:33] : 측정요구4 ON
[17:17:43] : 측정요구4 OFF
[17:17:43] : end pos sig4 :-50.000000 - -50.000000
[17:17:43] : 11,20181221-171744,AL18121450376,,OK,MAX,1, ,AUTO,0.10,8.00,1.16,OK,0.10,8.00,0.95,OK,0.10,8.00,1.14,OK,0.10,8.00,0.82,OK,
[17:18:02] : Cycle start ON
[17:18:04] : Cycle start OFF
[17:18:10] : REQUEST MEAS. ON
[17:18:19] : REQUEST MEAS. OFF
[17:18:19] : end pos sig1 :50.000000 - 50.000000
[17:18:19] : 측정요구 ON 2
[17:18:28] : 측정요구 2OFF
[17:18:28] : end pos sig2 :-50.000000 - -50.000000
[17:18:32] : 측정요구3 ON
[17:18:42] : 측정요구3 OFF
[17:18:42] : end pos sig3 :50.000000 - 50.000000
[17:18:42] : 측정요구4 ON
[17:18:51] : 측정요구4 OFF
[17:18:51] : end pos sig4 :-50.000000 - -50.000000
[17:18:51] : 11,20181221-171852,AL18121450756,,OK,MAX,1, ,AUTO,0.10,8.00,1.73,OK,0.10,8.00,1.38,OK,0.10,8.00,1.11,OK,0.10,8.00,0.90,OK,
[17:19:09] : Cycle start ON
[17:19:11] : Cycle start OFF
[17:19:17] : REQUEST MEAS. ON
[17:19:26] : REQUEST MEAS. OFF
[17:19:26] : end pos sig1 :50.000000 - 50.000000
[17:19:26] : 측정요구 ON 2
[17:19:36] : 측정요구 2OFF
[17:19:36] : end pos sig2 :-50.000000 - -50.000000
[17:19:39] : 측정요구3 ON
[17:19:48] : 측정요구3 OFF
[17:19:48] : end pos sig3 :50.000000 - 50.000000
[17:19:48] : 측정요구4 ON
[17:19:58] : 측정요구4 OFF
[17:19:58] : end pos sig4 :-50.000000 - -50.000000
[17:19:58] : 11,20181221-171958,AL18121450486,,OK,MAX,1, ,AUTO,0.10,8.00,1.39,OK,0.10,8.00,1.11,OK,0.10,8.00,0.73,OK,0.10,8.00,2.01,OK,
[17:20:17] : Cycle start ON
[17:20:19] : Cycle start OFF
[17:20:25] : REQUEST MEAS. ON
[17:20:34] : REQUEST MEAS. OFF
[17:20:34] : end pos sig1 :50.000000 - 50.000000
[17:20:34] : 측정요구 ON 2
[17:20:43] : 측정요구 2OFF
[17:20:43] : end pos sig2 :-50.000000 - -50.000000
[17:20:47] : 측정요구3 ON
[17:20:56] : 측정요구3 OFF
[17:20:56] : end pos sig3 :50.000000 - 50.000000
[17:20:57] : 측정요구4 ON
[17:21:06] : 측정요구4 OFF
[17:21:06] : end pos sig4 :-50.000000 - -50.000000
[17:21:06] : 11,20181221-172107,AL18121450846,,OK,MAX,1, ,AUTO,0.10,8.00,1.20,OK,0.10,8.00,0.62,OK,0.10,8.00,1.59,OK,0.10,8.00,1.68,OK,
[17:21:25] : Cycle start ON
[17:21:27] : Cycle start OFF
[17:21:33] : REQUEST MEAS. ON
[17:21:42] : REQUEST MEAS. OFF
[17:21:42] : end pos sig1 :50.000000 - 50.000000
[17:21:42] : 측정요구 ON 2
[17:21:52] : 측정요구 2OFF
[17:21:52] : end pos sig2 :-50.000000 - -50.000000
[17:21:55] : 측정요구3 ON
[17:22:04] : 측정요구3 OFF
[17:22:04] : end pos sig3 :50.000000 - 50.000000
[17:22:05] : 측정요구4 ON
[17:22:14] : 측정요구4 OFF
[17:22:14] : end pos sig4 :-50.000000 - -50.000000
[17:22:14] : 11,20181221-172215,AL18121450456,,OK,MAX,1, ,AUTO,0.10,8.00,1.80,OK,0.10,8.00,0.57,OK,0.10,8.00,1.16,OK,0.10,8.00,1.84,OK,
[17:35:17] : AUTO RUNNING OFF
 
