[09:17:59] : MEAS ESC ON
[09:22:42] : MEAS ESC OFF
[09:22:42] : AUTO RUNNING ON
[09:23:01] : Cycle start ON
[09:23:03] : Cycle start OFF
[09:23:09] : REQUEST MEAS. ON
[09:23:18] : REQUEST MEAS. OFF
[09:23:18] : end pos sig1 :50.000000 - 50.000000
[09:23:18] : 측정요구 ON 2
[09:23:28] : 측정요구 2OFF
[09:23:28] : end pos sig2 :-50.000000 - -50.000000
[09:23:31] : 측정요구3 ON
[09:23:40] : 측정요구3 OFF
[09:23:40] : end pos sig3 :50.000000 - 50.000000
[09:23:41] : 측정요구4 ON
[09:23:50] : 측정요구4 OFF
[09:23:50] : end pos sig4 :-50.000000 - -50.000000
[09:23:50] : 11,20181220-092351,AL18121450416,,OK,MAX,1, ,AUTO,0.50,7.00,3.25,OK,0.50,7.00,2.04,OK,0.50,7.00,1.64,OK,0.50,7.00,1.21,OK,
[09:24:08] : Cycle start ON
[09:24:10] : Cycle start OFF
[09:24:16] : REQUEST MEAS. ON
[09:24:25] : REQUEST MEAS. OFF
[09:24:25] : end pos sig1 :50.000000 - 50.000000
[09:24:25] : 측정요구 ON 2
[09:24:35] : 측정요구 2OFF
[09:24:35] : end pos sig2 :-50.000000 - -50.000000
[09:24:38] : 측정요구3 ON
[09:24:47] : 측정요구3 OFF
[09:24:47] : end pos sig3 :50.000000 - 50.000000
[09:24:47] : 측정요구4 ON
[09:24:57] : 측정요구4 OFF
[09:24:57] : end pos sig4 :-50.000000 - -50.000000
[09:24:57] : 11,20181220-092457,AL18121450866,,OK,MAX,1, ,AUTO,0.50,7.00,1.75,OK,0.50,7.00,2.27,OK,0.50,7.00,0.90,OK,0.50,7.00,0.68,OK,
[09:25:16] : Cycle start ON
[09:25:18] : Cycle start OFF
[09:25:24] : REQUEST MEAS. ON
[09:25:33] : REQUEST MEAS. OFF
[09:25:33] : end pos sig1 :50.000000 - 50.000000
[09:25:33] : 측정요구 ON 2
[09:25:43] : 측정요구 2OFF
[09:25:43] : end pos sig2 :-50.000000 - -50.000000
[09:25:46] : 측정요구3 ON
[09:25:55] : 측정요구3 OFF
[09:25:55] : end pos sig3 :50.000000 - 50.000000
[09:25:56] : 측정요구4 ON
[09:26:05] : 측정요구4 OFF
[09:26:05] : end pos sig4 :-50.000000 - -50.000000
[09:26:05] : 11,20181220-092606,AL18121450676,,OK,MAX,1, ,AUTO,0.50,7.00,1.95,OK,0.50,7.00,0.98,OK,0.50,7.00,3.08,OK,0.50,7.00,1.16,OK,
[09:26:24] : Cycle start ON
[09:26:26] : Cycle start OFF
[09:26:32] : REQUEST MEAS. ON
[09:26:41] : REQUEST MEAS. OFF
[09:26:41] : end pos sig1 :50.000000 - 50.000000
[09:26:41] : 측정요구 ON 2
[09:26:51] : 측정요구 2OFF
[09:26:51] : end pos sig2 :-50.000000 - -50.000000
[09:26:54] : 측정요구3 ON
[09:27:04] : 측정요구3 OFF
[09:27:04] : end pos sig3 :50.000000 - 50.000000
[09:27:04] : 측정요구4 ON
[09:27:13] : 측정요구4 OFF
[09:27:13] : end pos sig4 :-50.000000 - -50.000000
[09:27:13] : 11,20181220-092714,AL18121450586,,OK,MAX,1, ,AUTO,0.50,7.00,1.87,OK,0.50,7.00,1.57,OK,0.50,7.00,1.71,OK,0.50,7.00,1.41,OK,
[09:27:33] : Cycle start ON
[09:27:35] : Cycle start OFF
[09:27:41] : REQUEST MEAS. ON
[09:27:50] : REQUEST MEAS. OFF
[09:27:50] : end pos sig1 :50.000000 - 50.000000
[09:27:50] : 측정요구 ON 2
[09:27:59] : 측정요구 2OFF
[09:27:59] : end pos sig2 :-50.000000 - -50.000000
[09:28:03] : 측정요구3 ON
[09:28:12] : 측정요구3 OFF
[09:28:12] : end pos sig3 :50.000000 - 50.000000
[09:28:13] : 측정요구4 ON
[09:28:22] : 측정요구4 OFF
[09:28:22] : end pos sig4 :-50.000000 - -50.000000
[09:28:22] : 11,20181220-092822,AL18121450916,,OK,MAX,1, ,AUTO,0.50,7.00,2.04,OK,0.50,7.00,2.74,OK,0.50,7.00,1.10,OK,0.50,7.00,1.50,OK,
[09:28:41] : Cycle start ON
[09:28:42] : Cycle start OFF
[09:28:48] : REQUEST MEAS. ON
[09:28:57] : REQUEST MEAS. OFF
[09:28:57] : end pos sig1 :50.000000 - 50.000000
[09:28:58] : 측정요구 ON 2
[09:29:07] : 측정요구 2OFF
[09:29:07] : end pos sig2 :-50.000000 - -50.000000
[09:29:11] : 측정요구3 ON
[09:29:20] : 측정요구3 OFF
[09:29:20] : end pos sig3 :50.000000 - 50.000000
[09:29:21] : 측정요구4 ON
[09:29:30] : 측정요구4 OFF
[09:29:30] : end pos sig4 :-50.000000 - -50.000000
[09:29:30] : 11,20181220-092931,AL18121450286,,OK,MAX,1, ,AUTO,0.50,7.00,1.76,OK,0.50,7.00,1.26,OK,0.50,7.00,2.79,OK,0.50,7.00,1.04,OK,
[09:29:50] : Cycle start ON
[09:29:52] : Cycle start OFF
[09:29:58] : REQUEST MEAS. ON
[09:30:07] : REQUEST MEAS. OFF
[09:30:07] : end pos sig1 :50.000000 - 50.000000
[09:30:07] : 측정요구 ON 2
[09:30:16] : 측정요구 2OFF
[09:30:16] : end pos sig2 :-50.000000 - -50.000000
[09:30:19] : 측정요구3 ON
[09:30:28] : 측정요구3 OFF
[09:30:28] : end pos sig3 :50.000000 - 50.000000
[09:30:28] : 측정요구4 ON
[09:30:38] : 측정요구4 OFF
[09:30:38] : end pos sig4 :-50.000000 - -50.000000
[09:30:38] : 11,20181220-093039,AL18121450476,,OK,MAX,1, ,AUTO,0.50,7.00,2.11,OK,0.50,7.00,1.35,OK,0.50,7.00,1.50,OK,0.50,7.00,1.57,OK,
[09:30:57] : Cycle start ON
[09:30:59] : Cycle start OFF
[09:31:05] : REQUEST MEAS. ON
[09:31:14] : REQUEST MEAS. OFF
[09:31:14] : end pos sig1 :50.000000 - 50.000000
[09:31:14] : 측정요구 ON 2
[09:31:23] : 측정요구 2OFF
[09:31:23] : end pos sig2 :-50.000000 - -50.000000
[09:31:27] : 측정요구3 ON
[09:31:36] : 측정요구3 OFF
[09:31:36] : end pos sig3 :50.000000 - 50.000000
[09:31:37] : 측정요구4 ON
[09:31:46] : 측정요구4 OFF
[09:31:46] : end pos sig4 :-50.000000 - -50.000000
[09:31:46] : 11,20181220-093146,AL18121450576,,OK,MAX,1, ,AUTO,0.50,7.00,2.25,OK,0.50,7.00,1.70,OK,0.50,7.00,3.08,OK,0.50,7.00,0.87,OK,
[09:32:06] : Cycle start ON
[09:32:07] : Cycle start OFF
[09:32:13] : REQUEST MEAS. ON
[09:32:22] : REQUEST MEAS. OFF
[09:32:22] : end pos sig1 :50.000000 - 50.000000
[09:32:22] : 측정요구 ON 2
[09:32:31] : 측정요구 2OFF
[09:32:31] : end pos sig2 :-50.000000 - -50.000000
[09:32:35] : 측정요구3 ON
[09:32:44] : 측정요구3 OFF
[09:32:44] : end pos sig3 :50.000000 - 50.000000
[09:32:44] : 측정요구4 ON
[09:32:54] : 측정요구4 OFF
[09:32:54] : end pos sig4 :-50.000000 - -50.000000
[09:32:54] : 11,20181220-093255,AL18121450886,,OK,MAX,1, ,AUTO,0.50,7.00,1.75,OK,0.50,7.00,1.27,OK,0.50,7.00,2.29,OK,0.50,7.00,1.82,OK,
[09:33:13] : Cycle start ON
[09:33:15] : Cycle start OFF
[09:33:21] : REQUEST MEAS. ON
[09:33:30] : REQUEST MEAS. OFF
[09:33:30] : end pos sig1 :50.000000 - 50.000000
[09:33:30] : 측정요구 ON 2
[09:33:40] : 측정요구 2OFF
[09:33:40] : end pos sig2 :-50.000000 - -50.000000
[09:33:43] : 측정요구3 ON
[09:33:52] : 측정요구3 OFF
[09:33:52] : end pos sig3 :50.000000 - 50.000000
[09:33:52] : 측정요구4 ON
[09:34:02] : 측정요구4 OFF
[09:34:02] : end pos sig4 :-50.000000 - -50.000000
[09:34:02] : 11,20181220-093403,AL18121450726,,OK,MAX,1, ,AUTO,0.50,7.00,1.51,OK,0.50,7.00,0.76,OK,0.50,7.00,0.87,OK,0.50,7.00,2.60,OK,
[09:34:21] : Cycle start ON
[09:34:24] : Cycle start OFF
[09:34:30] : REQUEST MEAS. ON
[09:34:39] : REQUEST MEAS. OFF
[09:34:39] : end pos sig1 :50.000000 - 50.000000
[09:34:39] : 측정요구 ON 2
[09:34:48] : 측정요구 2OFF
[09:34:48] : end pos sig2 :-50.000000 - -50.000000
[09:34:52] : 측정요구3 ON
[09:35:02] : 측정요구3 OFF
[09:35:02] : end pos sig3 :50.000000 - 50.000000
[09:35:02] : 측정요구4 ON
[09:35:11] : 측정요구4 OFF
[09:35:11] : end pos sig4 :-50.000000 - -50.000000
[09:35:11] : 11,20181220-093511,AL18121450276,,OK,MAX,1, ,AUTO,0.50,7.00,2.80,OK,0.50,7.00,0.99,OK,0.50,7.00,2.38,OK,0.50,7.00,1.54,OK,
[09:35:29] : Cycle start ON
[09:35:31] : Cycle start OFF
[09:35:37] : REQUEST MEAS. ON
[09:35:46] : REQUEST MEAS. OFF
[09:35:46] : end pos sig1 :50.000000 - 50.000000
[09:35:46] : 측정요구 ON 2
[09:35:56] : 측정요구 2OFF
[09:35:56] : end pos sig2 :-50.000000 - -50.000000
[09:36:00] : 측정요구3 ON
[09:36:09] : 측정요구3 OFF
[09:36:09] : end pos sig3 :50.000000 - 50.000000
[09:36:10] : 측정요구4 ON
[09:36:19] : 측정요구4 OFF
[09:36:19] : end pos sig4 :-50.000000 - -50.000000
[09:36:19] : 11,20181220-093619,AL18121450766,,OK,MAX,1, ,AUTO,0.50,7.00,2.53,OK,0.50,7.00,1.57,OK,0.50,7.00,1.93,OK,0.50,7.00,1.97,OK,
[09:36:38] : Cycle start ON
[09:36:40] : Cycle start OFF
[09:36:46] : REQUEST MEAS. ON
[09:36:55] : REQUEST MEAS. OFF
[09:36:55] : end pos sig1 :50.000000 - 50.000000
[09:36:55] : 측정요구 ON 2
[09:37:05] : 측정요구 2OFF
[09:37:05] : end pos sig2 :-50.000000 - -50.000000
[09:37:08] : 측정요구3 ON
[09:37:17] : 측정요구3 OFF
[09:37:17] : end pos sig3 :50.000000 - 50.000000
[09:37:17] : 측정요구4 ON
[09:37:27] : 측정요구4 OFF
[09:37:27] : end pos sig4 :-50.000000 - -50.000000
[09:37:27] : 11,20181220-093728,AL18121450596,,OK,MAX,1, ,AUTO,0.50,7.00,1.89,OK,0.50,7.00,0.78,OK,0.50,7.00,2.00,OK,0.50,7.00,1.36,OK,
[09:37:46] : Cycle start ON
[09:37:48] : Cycle start OFF
[09:37:53] : REQUEST MEAS. ON
[09:38:03] : REQUEST MEAS. OFF
[09:38:03] : end pos sig1 :50.000000 - 50.000000
[09:38:03] : 측정요구 ON 2
[09:38:12] : 측정요구 2OFF
[09:38:12] : end pos sig2 :-50.000000 - -50.000000
[09:38:15] : 측정요구3 ON
[09:38:24] : 측정요구3 OFF
[09:38:24] : end pos sig3 :50.000000 - 50.000000
[09:38:24] : 측정요구4 ON
[09:38:34] : 측정요구4 OFF
[09:38:34] : end pos sig4 :-50.000000 - -50.000000
[09:38:34] : 11,20181220-093835,AL18121450906,,OK,MAX,1, ,AUTO,0.50,7.00,2.57,OK,0.50,7.00,1.24,OK,0.50,7.00,1.65,OK,0.50,7.00,0.97,OK,
[09:38:53] : Cycle start ON
[09:38:55] : Cycle start OFF
[09:39:01] : REQUEST MEAS. ON
[09:39:10] : REQUEST MEAS. OFF
[09:39:10] : end pos sig1 :50.000000 - 50.000000
[09:39:10] : 측정요구 ON 2
[09:39:20] : 측정요구 2OFF
[09:39:20] : end pos sig2 :-50.000000 - -50.000000
[09:39:23] : 측정요구3 ON
[09:39:32] : 측정요구3 OFF
[09:39:32] : end pos sig3 :50.000000 - 50.000000
[09:39:32] : 측정요구4 ON
[09:39:42] : 측정요구4 OFF
[09:39:42] : end pos sig4 :-50.000000 - -50.000000
[09:39:42] : 11,20181220-093943,AL18121450396,,OK,MAX,1, ,AUTO,0.50,7.00,2.37,OK,0.50,7.00,0.74,OK,0.50,7.00,2.14,OK,0.50,7.00,3.22,OK,
[09:40:02] : Cycle start ON
[09:40:04] : Cycle start OFF
[09:40:10] : REQUEST MEAS. ON
[09:40:19] : REQUEST MEAS. OFF
[09:40:19] : end pos sig1 :50.000000 - 50.000000
[09:40:19] : 측정요구 ON 2
[09:40:28] : 측정요구 2OFF
[09:40:28] : end pos sig2 :-50.000000 - -50.000000
[09:40:31] : 측정요구3 ON
[09:40:40] : 측정요구3 OFF
[09:40:40] : end pos sig3 :50.000000 - 50.000000
[09:40:41] : 측정요구4 ON
[09:40:50] : 측정요구4 OFF
[09:40:50] : end pos sig4 :-50.000000 - -50.000000
[09:40:50] : 11,20181220-094051,AL18121450606,,OK,MAX,1, ,AUTO,0.50,7.00,2.28,OK,0.50,7.00,1.69,OK,0.50,7.00,2.60,OK,0.50,7.00,1.01,OK,
[09:41:10] : Cycle start ON
[09:41:12] : Cycle start OFF
[09:41:18] : REQUEST MEAS. ON
[09:41:27] : REQUEST MEAS. OFF
[09:41:27] : end pos sig1 :50.000000 - 50.000000
[09:41:27] : 측정요구 ON 2
[09:41:37] : 측정요구 2OFF
[09:41:37] : end pos sig2 :-50.000000 - -50.000000
[09:41:41] : 측정요구3 ON
[09:41:50] : 측정요구3 OFF
[09:41:50] : end pos sig3 :50.000000 - 50.000000
[09:41:50] : 측정요구4 ON
[09:42:00] : 측정요구4 OFF
[09:42:00] : end pos sig4 :-50.000000 - -50.000000
[09:42:00] : 11,20181220-094200,AL18121450926,,OK,MAX,1, ,AUTO,0.50,7.00,2.07,OK,0.50,7.00,2.41,OK,0.50,7.00,2.54,OK,0.50,7.00,1.45,OK,
[09:42:18] : Cycle start ON
[09:42:20] : Cycle start OFF
[09:42:26] : REQUEST MEAS. ON
[09:42:35] : REQUEST MEAS. OFF
[09:42:35] : end pos sig1 :50.000000 - 50.000000
[09:42:35] : 측정요구 ON 2
[09:42:45] : 측정요구 2OFF
[09:42:45] : end pos sig2 :-50.000000 - -50.000000
[09:42:48] : 측정요구3 ON
[09:42:57] : 측정요구3 OFF
[09:42:57] : end pos sig3 :50.000000 - 50.000000
[09:42:58] : 측정요구4 ON
[09:43:07] : 측정요구4 OFF
[09:43:07] : end pos sig4 :-50.000000 - -50.000000
[09:43:07] : 11,20181220-094308,AL18121450946,,OK,MAX,1, ,AUTO,0.50,7.00,2.21,OK,0.50,7.00,1.21,OK,0.50,7.00,2.06,OK,0.50,7.00,1.38,OK,
[09:43:27] : Cycle start ON
[09:43:29] : Cycle start OFF
[09:43:35] : REQUEST MEAS. ON
[09:43:44] : REQUEST MEAS. OFF
[09:43:44] : end pos sig1 :50.000000 - 50.000000
[09:43:44] : 측정요구 ON 2
[09:43:54] : 측정요구 2OFF
[09:43:54] : end pos sig2 :-50.000000 - -50.000000
[09:43:57] : 측정요구3 ON
[09:44:06] : 측정요구3 OFF
[09:44:06] : end pos sig3 :50.000000 - 50.000000
[09:44:06] : 측정요구4 ON
[09:44:16] : 측정요구4 OFF
[09:44:16] : end pos sig4 :-50.000000 - -50.000000
[09:44:16] : 11,20181220-094417,AL18121450816,,OK,MAX,1, ,AUTO,0.50,7.00,2.60,OK,0.50,7.00,3.22,OK,0.50,7.00,1.20,OK,0.50,7.00,1.27,OK,
[09:44:36] : Cycle start ON
[09:44:38] : Cycle start OFF
[09:44:44] : REQUEST MEAS. ON
[09:44:53] : REQUEST MEAS. OFF
[09:44:53] : end pos sig1 :50.000000 - 50.000000
[09:44:53] : 측정요구 ON 2
[09:45:02] : 측정요구 2OFF
[09:45:02] : end pos sig2 :-50.000000 - -50.000000
[09:45:05] : 측정요구3 ON
[09:45:14] : 측정요구3 OFF
[09:45:14] : end pos sig3 :50.000000 - 50.000000
[09:45:14] : 측정요구4 ON
[09:45:24] : 측정요구4 OFF
[09:45:24] : end pos sig4 :-50.000000 - -50.000000
[09:45:24] : 11,20181220-094525,AL18121450636,,OK,MAX,1, ,AUTO,0.50,7.00,1.55,OK,0.50,7.00,1.15,OK,0.50,7.00,2.32,OK,0.50,7.00,2.95,OK,
[09:45:44] : Cycle start ON
[09:45:46] : Cycle start OFF
[09:45:52] : REQUEST MEAS. ON
[09:46:01] : REQUEST MEAS. OFF
[09:46:01] : end pos sig1 :50.000000 - 50.000000
[09:46:01] : 측정요구 ON 2
[09:46:10] : 측정요구 2OFF
[09:46:10] : end pos sig2 :-50.000000 - -50.000000
[09:46:14] : 측정요구3 ON
[09:46:23] : 측정요구3 OFF
[09:46:23] : end pos sig3 :50.000000 - 50.000000
[09:46:23] : 측정요구4 ON
[09:46:33] : 측정요구4 OFF
[09:46:33] : end pos sig4 :-50.000000 - -50.000000
[09:46:33] : 11,20181220-094633,AL18121450456,,OK,MAX,1, ,AUTO,0.50,7.00,1.95,OK,0.50,7.00,1.17,OK,0.50,7.00,2.00,OK,0.50,7.00,3.09,OK,
[09:46:51] : Cycle start ON
[09:46:53] : Cycle start OFF
[09:46:59] : REQUEST MEAS. ON
[09:47:08] : REQUEST MEAS. OFF
[09:47:08] : end pos sig1 :50.000000 - 50.000000
[09:47:08] : 측정요구 ON 2
[09:47:18] : 측정요구 2OFF
[09:47:18] : end pos sig2 :-50.000000 - -50.000000
[09:47:21] : 측정요구3 ON
[09:47:31] : 측정요구3 OFF
[09:47:31] : end pos sig3 :50.000000 - 50.000000
[09:47:31] : 측정요구4 ON
[09:47:40] : 측정요구4 OFF
[09:47:40] : end pos sig4 :-50.000000 - -50.000000
[09:47:40] : 11,20181220-094741,AL18121450756,,OK,MAX,1, ,AUTO,0.50,7.00,2.09,OK,0.50,7.00,1.07,OK,0.50,7.00,1.93,OK,0.50,7.00,1.52,OK,
[09:48:02] : Cycle start ON
[09:48:04] : Cycle start OFF
[09:48:10] : REQUEST MEAS. ON
[09:48:19] : REQUEST MEAS. OFF
[09:48:19] : end pos sig1 :50.000000 - 50.000000
[09:48:19] : 측정요구 ON 2
[09:48:29] : 측정요구 2OFF
[09:48:29] : end pos sig2 :-50.000000 - -50.000000
[09:48:32] : 측정요구3 ON
[09:48:41] : 측정요구3 OFF
[09:48:41] : end pos sig3 :50.000000 - 50.000000
[09:48:41] : 측정요구4 ON
[09:48:51] : 측정요구4 OFF
[09:48:51] : end pos sig4 :-50.000000 - -50.000000
[09:48:51] : 11,20181220-094852,AL18121450666,,OK,MAX,1, ,AUTO,0.50,7.00,1.36,OK,0.50,7.00,1.36,OK,0.50,7.00,1.90,OK,0.50,7.00,1.46,OK,
[09:49:11] : Cycle start ON
[09:49:13] : Cycle start OFF
[09:49:19] : REQUEST MEAS. ON
[09:49:28] : REQUEST MEAS. OFF
[09:49:28] : end pos sig1 :50.000000 - 50.000000
[09:49:28] : 측정요구 ON 2
[09:49:38] : 측정요구 2OFF
[09:49:38] : end pos sig2 :-50.000000 - -50.000000
[09:49:41] : 측정요구3 ON
[09:49:51] : 측정요구3 OFF
[09:49:51] : end pos sig3 :50.000000 - 50.000000
[09:49:51] : 측정요구4 ON
[09:50:00] : 측정요구4 OFF
[09:50:00] : end pos sig4 :-50.000000 - -50.000000
[09:50:00] : 11,20181220-095001,AL18121450896,,OK,MAX,1, ,AUTO,0.50,7.00,1.71,OK,0.50,7.00,1.35,OK,0.50,7.00,2.68,OK,0.50,7.00,1.18,OK,
[09:56:22] : AUTO RUNNING OFF
 
[13:32:39] : MEAS ESC ON
[13:32:40] : MEAS ESC OFF
[13:32:40] : AUTO RUNNING ON
[13:33:47] : AUTO RUNNING OFF
[13:34:02] : MEAS ESC ON
[13:34:03] : MEAS ESC OFF
[13:34:03] : AUTO RUNNING ON
[13:37:33] : Plc Error Timer
[13:37:35] : MEAS ESC ON
[13:37:35] : AUTO RUNNING OFF
[13:37:42] : MEAS ESC OFF
[13:37:45] : MEAS ESC ON
[13:41:12] : MEAS ESC OFF
[14:31:38] : Cycle start ON
[14:31:39] : Cycle start OFF
[14:31:43] : REQUEST MEAS. ON
[14:31:52] : REQUEST MEAS. OFF
[14:31:52] : end pos sig1 :50.000000 - 50.000000
[14:31:52] : 측정요구 ON 2
[14:32:01] : 측정요구 2OFF
[14:32:01] : end pos sig2 :-50.000000 - -50.000000
[14:32:05] : 측정요구3 ON
[14:32:14] : 측정요구3 OFF
[14:32:14] : end pos sig3 :50.000000 - 50.000000
[14:32:14] : 측정요구4 ON
[14:32:24] : 측정요구4 OFF
[14:32:24] : end pos sig4 :-50.000000 - -50.000000
[14:33:13] : Cycle start ON
[14:33:13] : Cycle start OFF
[14:33:18] : REQUEST MEAS. ON
[14:33:27] : REQUEST MEAS. OFF
[14:33:27] : end pos sig1 :50.000000 - 50.000000
[14:33:27] : 측정요구 ON 2
[14:33:37] : 측정요구 2OFF
[14:33:37] : end pos sig2 :-50.000000 - -50.000000
[14:33:40] : 측정요구3 ON
[14:33:49] : 측정요구3 OFF
[14:33:49] : end pos sig3 :50.000000 - 50.000000
[14:33:49] : 측정요구4 ON
[14:33:59] : 측정요구4 OFF
[14:33:59] : end pos sig4 :-50.000000 - -50.000000
[14:34:24] : Cycle start ON
[14:34:24] : Cycle start OFF
[14:34:28] : REQUEST MEAS. ON
[14:34:38] : REQUEST MEAS. OFF
[14:34:38] : end pos sig1 :50.000000 - 50.000000
[14:34:38] : 측정요구 ON 2
[14:34:47] : 측정요구 2OFF
[14:34:47] : end pos sig2 :-50.000000 - -50.000000
[14:34:51] : 측정요구3 ON
[14:35:00] : 측정요구3 OFF
[14:35:00] : end pos sig3 :50.000000 - 50.000000
[14:35:01] : 측정요구4 ON
[14:35:10] : 측정요구4 OFF
[14:35:10] : end pos sig4 :-50.000000 - -50.000000
[14:35:28] : Cycle start ON
[14:35:28] : Cycle start OFF
[14:35:33] : REQUEST MEAS. ON
[14:35:42] : REQUEST MEAS. OFF
[14:35:42] : end pos sig1 :50.000000 - 50.000000
[14:35:42] : 측정요구 ON 2
[14:35:51] : 측정요구 2OFF
[14:35:51] : end pos sig2 :-50.000000 - -50.000000
[14:35:55] : 측정요구3 ON
[14:36:04] : 측정요구3 OFF
[14:36:04] : end pos sig3 :50.000000 - 50.000000
[14:36:05] : 측정요구4 ON
[14:36:14] : 측정요구4 OFF
[14:36:14] : end pos sig4 :-50.000000 - -50.000000
[14:36:52] : Cycle start ON
[14:36:52] : Cycle start OFF
[14:36:57] : REQUEST MEAS. ON
[14:37:06] : REQUEST MEAS. OFF
[14:37:06] : end pos sig1 :50.000000 - 50.000000
[14:37:06] : 측정요구 ON 2
[14:37:15] : 측정요구 2OFF
[14:37:15] : end pos sig2 :-50.000000 - -50.000000
[14:37:19] : 측정요구3 ON
[14:37:28] : 측정요구3 OFF
[14:37:28] : end pos sig3 :50.000000 - 50.000000
[14:37:28] : 측정요구4 ON
[14:37:38] : 측정요구4 OFF
[14:37:38] : end pos sig4 :-50.000000 - -50.000000
[14:40:13] : MEAS ESC ON
[15:05:41] : 

[15:37:39] : MEAS ESC OFF
[19:45:29] : MEAS ESC ON
[19:45:31] : MEAS ESC OFF
[19:46:14] : MEAS ESC ON
[19:46:14] : MEAS ESC OFF
[19:46:14] : AUTO RUNNING ON
[19:46:40] : AUTO RUNNING OFF
[19:46:46] : MEAS ESC ON
[19:46:46] : MEAS ESC OFF
[19:46:46] : AUTO RUNNING ON
[19:46:55] : Cycle start ON
[19:46:57] : Cycle start OFF
[19:47:03] : REQUEST MEAS. ON
[19:47:12] : REQUEST MEAS. OFF
[19:47:12] : end pos sig1 :50.000000 - 50.000000
[19:47:12] : 측정요구 ON 2
[19:47:21] : 측정요구 2OFF
[19:47:21] : end pos sig2 :-50.000000 - -50.000000
[19:47:25] : 측정요구3 ON
[19:47:34] : 측정요구3 OFF
[19:47:34] : end pos sig3 :50.000000 - 50.000000
[19:47:34] : 측정요구4 ON
[19:47:44] : 측정요구4 OFF
[19:47:44] : end pos sig4 :-50.000000 - -50.000000
[19:47:44] : 11,20181220-194744,CF18120273701,,NG,MAX,1, ,AUTO,0.10,2.00,1.92,OK,0.10,2.00,1.47,OK,0.10,2.00,4.02,NG,0.10,2.00,1.15,OK,
[19:48:07] : Cycle start ON
[19:48:09] : Cycle start OFF
[19:48:15] : REQUEST MEAS. ON
[19:48:24] : REQUEST MEAS. OFF
[19:48:24] : end pos sig1 :50.000000 - 50.000000
[19:48:24] : 측정요구 ON 2
[19:48:33] : 측정요구 2OFF
[19:48:33] : end pos sig2 :-50.000000 - -50.000000
[19:48:36] : 측정요구3 ON
[19:48:45] : 측정요구3 OFF
[19:48:45] : end pos sig3 :50.000000 - 50.000000
[19:48:46] : 측정요구4 ON
[19:48:55] : 측정요구4 OFF
[19:48:55] : end pos sig4 :-50.000000 - -50.000000
[19:48:55] : 11,20181220-194856,CF18120550611,,NG,MAX,1, ,AUTO,0.10,2.00,2.27,NG,0.10,2.00,1.18,OK,0.10,2.00,1.79,OK,0.10,2.00,1.35,OK,
[19:49:09] : AUTO RUNNING OFF
[19:49:36] : MEAS ESC ON
[19:49:37] : MEAS ESC OFF
[19:49:37] : AUTO RUNNING ON
[19:49:54] : Cycle start ON
[19:49:56] : Cycle start OFF
[19:50:03] : REQUEST MEAS. ON
[19:50:12] : REQUEST MEAS. OFF
[19:50:12] : end pos sig1 :50.000000 - 50.000000
[19:50:12] : 측정요구 ON 2
[19:50:21] : 측정요구 2OFF
[19:50:21] : end pos sig2 :-50.000000 - -50.000000
[19:50:25] : 측정요구3 ON
[19:50:34] : 측정요구3 OFF
[19:50:34] : end pos sig3 :50.000000 - 50.000000
[19:50:34] : 측정요구4 ON
[19:50:44] : 측정요구4 OFF
[19:50:44] : end pos sig4 :-50.000000 - -50.000000
[19:50:44] : 11,20181220-195044,CF18100851441,,NG,MAX,1, ,AUTO,0.10,2.00,2.06,NG,0.10,2.00,2.47,NG,0.10,2.00,0.92,OK,0.10,2.00,2.06,NG,
[19:51:11] : AUTO RUNNING OFF
[19:51:25] : MEAS ESC ON
[19:51:27] : MEAS ESC OFF
[19:51:27] : AUTO RUNNING ON
[19:51:47] : Cycle start ON
[19:51:49] : Cycle start OFF
[19:51:52] : AUTO RUNNING OFF
[19:52:09] : MEAS ESC ON
[19:52:10] : MEAS ESC OFF
[19:52:10] : AUTO RUNNING ON
[19:52:12] : REQUEST MEAS. ON
[19:52:21] : REQUEST MEAS. OFF
[19:52:21] : end pos sig1 :50.000000 - 50.000000
[19:52:21] : 측정요구 ON 2
[19:52:30] : 측정요구 2OFF
[19:52:30] : end pos sig2 :-50.000000 - -50.000000
[19:52:34] : 측정요구3 ON
[19:52:43] : 측정요구3 OFF
[19:52:43] : end pos sig3 :50.000000 - 50.000000
[19:52:44] : 측정요구4 ON
[19:52:53] : 측정요구4 OFF
[19:52:53] : end pos sig4 :-50.000000 - -50.000000
[19:52:53] : 11,20181220-195253,CF18120550801,,OK,MAX,1, ,AUTO,0.10,2.00,1.16,OK,0.10,2.00,0.81,OK,0.10,2.00,1.20,OK,0.10,2.00,0.43,OK,
[19:54:03] : AUTO RUNNING OFF
[19:54:36] : MEAS ESC ON
[19:54:37] : MEAS ESC OFF
[19:54:37] : AUTO RUNNING ON
[19:54:46] : AUTO RUNNING OFF
[19:56:05] : MEAS ESC ON
[19:56:07] : MEAS ESC OFF
[19:56:07] : AUTO RUNNING ON
[19:56:16] : AUTO RUNNING OFF
[20:00:29] : MEAS ESC ON
[20:00:30] : MEAS ESC OFF
[20:00:30] : AUTO RUNNING ON
[20:00:41] : Cycle start ON
[20:00:43] : Cycle start OFF
[20:00:49] : REQUEST MEAS. ON
[20:00:54] : AUTO RUNNING OFF
[20:00:54] : REQUEST MEAS. OFF
[20:00:54] : end pos sig1 :8.800000 - 8.790000
[20:03:10] : MEAS ESC ON
[20:03:11] : MEAS ESC OFF
[20:03:11] : AUTO RUNNING ON
[20:03:11] : REQUEST MEAS. ON
[20:03:12] : REQUEST MEAS. OFF
[20:03:12] : end pos sig1 :50.000000 - 50.000000
[20:03:12] : 측정요구 ON 2
[20:03:21] : 측정요구 2OFF
[20:03:21] : end pos sig2 :-50.000000 - -50.000000
[20:03:25] : 측정요구3 ON
[20:03:34] : 측정요구3 OFF
[20:03:34] : end pos sig3 :50.000000 - 50.000000
[20:03:34] : 측정요구4 ON
[20:03:44] : 측정요구4 OFF
[20:03:44] : end pos sig4 :-50.000000 - -50.000000
[20:03:44] : 11,20181220-200344,CF18120273281,,NG,MAX,1, ,AUTO,0.10,2.00,1.23,NG,0.10,2.00,1.50,OK,0.10,2.00,1.79,NG,0.10,2.00,1.16,OK,
[20:04:21] : Cycle start ON
[20:04:22] : Cycle start OFF
[20:04:28] : REQUEST MEAS. ON
[20:04:37] : REQUEST MEAS. OFF
[20:04:37] : end pos sig1 :50.000000 - 50.000000
[20:04:38] : 측정요구 ON 2
[20:04:47] : 측정요구 2OFF
[20:04:47] : end pos sig2 :-50.000000 - -50.000000
[20:04:50] : 측정요구3 ON
[20:05:00] : 측정요구3 OFF
[20:05:00] : end pos sig3 :50.000000 - 50.000000
[20:05:00] : 측정요구4 ON
[20:05:09] : 측정요구4 OFF
[20:05:09] : end pos sig4 :-50.000000 - -50.000000
[20:05:09] : 11,20181220-200510,CF18120273571,,NG,MAX,1, ,AUTO,0.10,2.00,1.93,OK,0.10,2.00,0.85,OK,0.10,2.00,2.76,NG,0.10,2.00,2.57,NG,
[20:08:06] : PROGRAM END
 
[20:09:31] : PROGRAM START
[20:09:34] : AUTO RUNNING ON
[20:09:34] : REQUEST MEAS. OFF
[20:09:34] : end pos sig1 :50.000000 - 50.000000
[20:09:34] : end pos sig2 :50.000000 - 50.000000
[20:09:34] : end pos sig3 :50.000000 - 50.000000
[20:09:34] : REQUEST ZEROSET OFF
[20:09:34] : REQUEST ZEROSET OFF
[20:09:34] : end pos sig4 :50.000000 - 50.000000
[20:09:53] : PROGRAM END
 
[20:10:13] : PROGRAM START
[20:10:16] : AUTO RUNNING ON
[20:10:16] : REQUEST MEAS. OFF
[20:10:16] : end pos sig1 :50.000000 - 50.000000
[20:10:16] : end pos sig2 :50.000000 - 50.000000
[20:10:16] : end pos sig3 :50.000000 - 50.000000
[20:10:16] : REQUEST ZEROSET OFF
[20:10:16] : REQUEST ZEROSET OFF
[20:10:16] : end pos sig4 :50.000000 - 50.000000
[20:15:54] : PROGRAM END
 
[20:16:58] : PROGRAM START
[20:17:01] : AUTO RUNNING ON
[20:17:01] : REQUEST MEAS. OFF
[20:17:01] : end pos sig1 :50.000000 - 50.000000
[20:17:01] : end pos sig2 :50.000000 - 50.000000
[20:17:01] : end pos sig3 :50.000000 - 50.000000
[20:17:01] : REQUEST ZEROSET OFF
[20:17:01] : REQUEST ZEROSET OFF
[20:17:01] : end pos sig4 :50.000000 - 50.000000
[20:17:19] : PROGRAM END
 
[20:17:31] : PROGRAM START
[20:17:33] : AUTO RUNNING ON
[20:17:33] : REQUEST MEAS. OFF
[20:17:33] : end pos sig1 :50.000000 - 50.000000
[20:17:33] : end pos sig2 :50.000000 - 50.000000
[20:17:33] : end pos sig3 :50.000000 - 50.000000
[20:17:33] : REQUEST ZEROSET OFF
[20:17:33] : REQUEST ZEROSET OFF
[20:17:33] : end pos sig4 :50.000000 - 50.000000
[20:22:14] : AUTO RUNNING OFF
[20:22:15] : MEAS ESC ON
[20:32:14] : MEAS ESC OFF
[20:38:24] : MEAS ESC ON
[20:40:05] : MEAS ESC OFF
 
