[09:38:36] : PROGRAM START
[09:38:36] : TCP FAIL 1
[09:38:41] : AUTO RUNNING OFF
[09:38:41] : REQUEST MEAS. OFF
[09:38:41] : REQUEST ZEROSET OFF
[09:38:41] : REQUEST ZEROSET OFF
[09:40:28] : Cycle start ON
[09:40:30] : Cycle start OFF
[09:40:37] : REQUEST MEAS. ON
[09:40:40] : REQUEST MEAS. OFF
[09:41:30] : RESET ON
[09:41:30] : RESET ON
[09:41:30] : RESET ON
[09:42:47] : Cycle start ON
[09:42:48] : Cycle start OFF
[09:42:55] : REQUEST MEAS. ON
[09:42:58] : REQUEST MEAS. OFF
[09:44:15] : Cycle start ON
[09:44:17] : Cycle start OFF
[09:44:24] : REQUEST MEAS. ON
[09:44:27] : REQUEST MEAS. OFF
 
[13:25:24] : PROGRAM END
 
[13:30:01] : PROGRAM START
[13:30:01] : TCP FAIL 1
[13:30:06] : AUTO RUNNING OFF
[13:30:06] : REQUEST MEAS. OFF
[13:30:06] : REQUEST ZEROSET OFF
[13:30:06] : REQUEST ZEROSET OFF
[13:31:37] : PROGRAM END
 
[13:32:39] : PROGRAM START
[13:32:39] : TCP FAIL 1
[13:32:44] : AUTO RUNNING OFF
[13:32:44] : REQUEST MEAS. OFF
[13:32:44] : REQUEST ZEROSET OFF
[13:32:44] : REQUEST ZEROSET OFF
[13:32:48] : PROGRAM END
 
[13:33:02] : PROGRAM START
[13:33:02] : TCP FAIL 1
[13:33:07] : AUTO RUNNING OFF
[13:33:07] : REQUEST MEAS. OFF
[13:33:07] : REQUEST ZEROSET OFF
[13:33:07] : REQUEST ZEROSET OFF
[13:58:49] : AUTO RUNNING ON
[13:58:52] : Cycle start ON
[13:58:55] : Cycle start OFF
[13:59:01] : REQUEST MEAS. ON
[13:59:04] : REQUEST MEAS. OFF
[13:59:25] : MEAS ESC ON
[13:59:25] : AUTO RUNNING OFF
[13:59:25] : M3413 :	DOOR OPEN중 ON
[13:59:33] : MEAS ESC OFF
[13:59:33] : RESET ON
[13:59:33] : M3413 :	DOOR OPEN중 OFF
[13:59:33] : RESET ON
[13:59:34] : RESET ON
[13:59:47] : AUTO RUNNING ON
[13:59:50] : Cycle start ON
[13:59:53] : Cycle start OFF
[13:59:59] : REQUEST MEAS. ON
[14:00:02] : REQUEST MEAS. OFF
[14:00:51] : AUTO RUNNING OFF
[14:01:12] : AUTO RUNNING ON
[14:19:20] : MEAS ESC ON
[14:19:20] : AUTO RUNNING OFF
[14:19:20] : M3413 :	DOOR OPEN중 ON
[14:19:37] : MEAS ESC OFF
[14:19:37] : RESET ON
[14:19:37] : M3413 :	DOOR OPEN중 OFF
[14:19:56] : AUTO RUNNING ON
[14:21:07] : AUTO RUNNING OFF
[14:21:19] : Cycle start ON
[14:21:21] : Cycle start OFF
[14:21:27] : REQUEST ZEROSET ON
[14:21:30] : REQUEST ZEROSET OFF
[14:21:47] : Cycle start ON
[14:21:49] : Cycle start OFF
[14:21:55] : REQUEST ZEROSET ON
[14:21:58] : REQUEST ZEROSET OFF
[14:22:30] : AUTO RUNNING ON
[14:22:36] : AUTO RUNNING OFF
[14:22:53] : Cycle start ON
[14:22:56] : Cycle start OFF
[14:23:02] : REQUEST MEAS. ON
[14:23:05] : REQUEST MEAS. OFF
[14:25:08] : Cycle start ON
[14:25:11] : Cycle start OFF
[14:25:17] : REQUEST MEAS. ON
[14:25:20] : REQUEST MEAS. OFF
[14:44:31] : Cycle start ON
[14:44:34] : Cycle start OFF
[14:44:40] : REQUEST MEAS. ON
[14:44:43] : REQUEST MEAS. OFF
[14:45:12] : Cycle start ON
[14:45:14] : Cycle start OFF
[14:45:21] : REQUEST MEAS. ON
[14:45:23] : REQUEST MEAS. OFF
[14:54:22] : Cycle start ON
[14:54:24] : Cycle start OFF
[14:54:30] : REQUEST ZEROSET ON
[14:54:33] : REQUEST ZEROSET OFF
[14:55:04] : Cycle start ON
[14:55:06] : Cycle start OFF
[14:55:12] : REQUEST ZEROSET ON
[14:55:15] : REQUEST ZEROSET OFF
[14:55:50] : Cycle start ON
[14:55:52] : Cycle start OFF
[14:55:59] : REQUEST MEAS. ON
[14:56:01] : REQUEST MEAS. OFF
[14:57:30] : Cycle start ON
[14:57:32] : Cycle start OFF
[14:57:39] : REQUEST MEAS. ON
[14:57:42] : REQUEST MEAS. OFF
[14:57:50] : Cycle start ON
[14:57:53] : Cycle start OFF
[14:57:59] : REQUEST MEAS. ON
[14:58:02] : REQUEST MEAS. OFF
[14:58:11] : Cycle start ON
[14:58:14] : Cycle start OFF
[14:58:20] : REQUEST MEAS. ON
[14:58:23] : REQUEST MEAS. OFF
[14:58:32] : Cycle start ON
[14:58:35] : Cycle start OFF
[14:58:41] : REQUEST MEAS. ON
[14:58:44] : REQUEST MEAS. OFF
[14:58:52] : Cycle start ON
[14:58:55] : Cycle start OFF
[14:59:01] : REQUEST MEAS. ON
[14:59:04] : REQUEST MEAS. OFF
[14:59:13] : Cycle start ON
[14:59:16] : Cycle start OFF
[14:59:22] : REQUEST MEAS. ON
[14:59:25] : REQUEST MEAS. OFF
[15:02:49] : MEAS ESC ON
[15:02:49] : M3413 :	DOOR OPEN중 ON
[15:03:11] : MEAS ESC OFF
[15:03:11] : RESET ON
[15:03:11] : M3413 :	DOOR OPEN중 OFF
[15:03:15] : AUTO RUNNING ON
[15:03:18] : Cycle start ON
[15:03:20] : Cycle start OFF
[15:03:27] : REQUEST MEAS. ON
[15:03:30] : REQUEST MEAS. OFF
[15:03:53] : MEAS ESC ON
[15:03:53] : AUTO RUNNING OFF
[15:03:53] : M3413 :	DOOR OPEN중 ON
[15:04:08] : MEAS ESC OFF
[15:04:08] : RESET ON
[15:04:08] : M3413 :	DOOR OPEN중 OFF
[15:04:11] : AUTO RUNNING ON
[15:11:41] : Cycle start ON
[15:11:44] : Cycle start OFF
[15:11:50] : REQUEST MEAS. ON
[15:11:53] : REQUEST MEAS. OFF
[15:12:51] : Cycle start ON
[15:12:53] : Cycle start OFF
[15:13:00] : REQUEST MEAS. ON
[15:13:03] : REQUEST MEAS. OFF
[15:16:30] : Cycle start ON
[15:16:33] : Cycle start OFF
[15:16:39] : REQUEST MEAS. ON
[15:16:42] : REQUEST MEAS. OFF
[15:22:12] : Cycle start ON
[15:22:14] : Cycle start OFF
[15:22:20] : REQUEST MEAS. ON
[15:22:23] : REQUEST MEAS. OFF
[16:59:00] : Cycle start ON
[16:59:03] : Cycle start OFF
[16:59:09] : REQUEST MEAS. ON
[16:59:12] : REQUEST MEAS. OFF
[17:35:55] : Cycle start ON
[17:35:57] : Cycle start OFF
[17:36:04] : REQUEST MEAS. ON
[17:36:06] : REQUEST MEAS. OFF
[17:39:04] : Cycle start ON
[17:39:06] : Cycle start OFF
[17:39:12] : REQUEST MEAS. ON
[17:39:15] : REQUEST MEAS. OFF
[17:40:23] : Cycle start ON
[17:40:26] : Cycle start OFF
[17:40:32] : REQUEST MEAS. ON
[17:40:35] : REQUEST MEAS. OFF
 
