[11:07:00] : MEAS ESC ON
[11:07:03] : MEAS ESC OFF
[11:25:16] : MEAS ESC ON
[11:25:19] : MEAS ESC OFF
[11:25:19] : AUTO RUNNING ON
[11:25:48] : AUTO RUNNING OFF
[11:30:37] : MEAS ESC ON
[11:31:33] : MEAS ESC OFF
[11:31:36] : MEAS ESC ON
[11:32:16] : MEAS ESC OFF
[11:32:16] : AUTO RUNNING ON
[11:32:44] : AUTO RUNNING OFF
[11:33:09] : MEAS ESC ON
[11:33:10] : MEAS ESC OFF
[11:33:10] : AUTO RUNNING ON
[11:33:24] : Cycle start ON
[11:33:27] : Cycle start OFF
[11:33:33] : REQUEST MEAS. ON
[11:33:42] : REQUEST MEAS. OFF
[11:33:42] : end pos sig1 :50.000000 - 50.000000
[11:33:42] : 측정요구 ON 2
[11:33:49] : AUTO RUNNING OFF
[11:33:49] : 측정요구 2OFF
[11:33:49] : end pos sig2 :-18.580000 - -18.570000
[11:33:52] : MEAS ESC ON
[11:33:53] : MEAS ESC OFF
[11:33:53] : AUTO RUNNING ON
[11:33:53] : 측정요구 ON 2
[11:33:54] : 측정요구 2OFF
[11:33:54] : end pos sig2 :-50.000000 - -50.000000
[11:33:57] : 측정요구3 ON
[11:34:06] : 측정요구3 OFF
[11:34:06] : end pos sig3 :50.000000 - 50.000000
[11:34:06] : 측정요구4 ON
[11:34:16] : 측정요구4 OFF
[11:34:16] : end pos sig4 :-50.000000 - -50.000000
[11:34:16] : 11,20181130-113417,CF18112053871,,NG,MAX,1, ,0.50,7.00,1.47,NG,0.50,7.00,2.50,OK,0.50,7.00,0.99,NG,0.50,7.00,3.00,OK,
[11:34:24] : AUTO RUNNING OFF
[11:34:32] : MEAS ESC ON
[11:34:35] : MEAS ESC OFF
[11:34:36] : MEAS ESC ON
[11:34:36] : MEAS ESC OFF
[11:34:36] : AUTO RUNNING ON
[11:36:08] : AUTO RUNNING OFF
[11:37:01] : MEAS ESC ON
[11:37:02] : MEAS ESC OFF
[11:37:02] : AUTO RUNNING ON
[11:37:10] : Cycle start ON
[11:37:13] : Cycle start OFF
[11:37:19] : REQUEST MEAS. ON
[11:37:28] : REQUEST MEAS. OFF
[11:37:28] : end pos sig1 :50.000000 - 50.000000
[11:37:28] : 측정요구 ON 2
[11:37:37] : 측정요구 2OFF
[11:37:37] : end pos sig2 :-50.000000 - -50.000000
[11:37:41] : 측정요구3 ON
[11:37:50] : 측정요구3 OFF
[11:37:50] : end pos sig3 :50.000000 - 50.000000
[11:37:50] : 측정요구4 ON
[11:37:59] : 측정요구4 OFF
[11:37:59] : end pos sig4 :-50.000000 - -50.000000
[11:37:59] : 11,20181130-113800,CF18112051971,,OK,MAX,1, ,0.50,7.00,1.71,OK,0.50,7.00,2.96,OK,0.50,7.00,0.76,OK,0.50,7.00,1.24,OK,
[11:38:17] : Cycle start ON
[11:38:19] : Cycle start OFF
[11:38:46] : REQUEST MEAS. ON
[11:38:55] : REQUEST MEAS. OFF
[11:38:55] : end pos sig1 :50.000000 - 50.000000
[11:38:55] : 측정요구 ON 2
[11:39:05] : 측정요구 2OFF
[11:39:05] : end pos sig2 :-50.000000 - -50.000000
[11:39:08] : 측정요구3 ON
[11:39:17] : 측정요구3 OFF
[11:39:17] : end pos sig3 :50.000000 - 50.000000
[11:39:17] : 측정요구4 ON
[11:39:27] : 측정요구4 OFF
[11:39:27] : end pos sig4 :-50.000000 - -50.000000
[11:39:27] : 11,20181130-113928,CF18112052951,,OK,MAX,1, ,0.50,7.00,2.48,OK,0.50,7.00,2.31,OK,0.50,7.00,0.80,OK,0.50,7.00,1.08,OK,
[11:39:56] : Cycle start ON
[11:39:59] : Cycle start OFF
[11:40:23] : REQUEST MEAS. ON
[11:40:33] : REQUEST MEAS. OFF
[11:40:33] : end pos sig1 :50.000000 - 50.000000
[11:40:33] : 측정요구 ON 2
[11:40:42] : 측정요구 2OFF
[11:40:42] : end pos sig2 :-50.000000 - -50.000000
[11:40:46] : 측정요구3 ON
[11:40:55] : 측정요구3 OFF
[11:40:55] : end pos sig3 :50.000000 - 50.000000
[11:40:55] : 측정요구4 ON
[11:41:05] : 측정요구4 OFF
[11:41:05] : end pos sig4 :-50.000000 - -50.000000
[11:41:05] : 11,20181130-114105,CF18112051691,,OK,MAX,1, ,0.50,7.00,1.81,OK,0.50,7.00,2.61,OK,0.50,7.00,0.88,OK,0.50,7.00,1.45,OK,
[11:41:25] : Cycle start ON
[11:41:27] : Cycle start OFF
[11:41:52] : REQUEST MEAS. ON
[11:42:01] : REQUEST MEAS. OFF
[11:42:01] : end pos sig1 :50.000000 - 50.000000
[11:42:01] : 측정요구 ON 2
[11:42:11] : 측정요구 2OFF
[11:42:11] : end pos sig2 :-50.000000 - -50.000000
[11:42:14] : 측정요구3 ON
[11:42:23] : 측정요구3 OFF
[11:42:23] : end pos sig3 :50.000000 - 50.000000
[11:42:23] : 측정요구4 ON
[11:42:33] : 측정요구4 OFF
[11:42:33] : end pos sig4 :-50.000000 - -50.000000
[11:42:35] : TCP FAIL 1
[11:42:53] : Cycle start ON
[11:42:55] : Cycle start OFF
[11:43:21] : REQUEST MEAS. ON
[11:43:30] : REQUEST MEAS. OFF
[11:43:30] : end pos sig1 :50.000000 - 50.000000
[11:43:30] : 측정요구 ON 2
[11:43:40] : 측정요구 2OFF
[11:43:40] : end pos sig2 :-50.000000 - -50.000000
[11:43:44] : 측정요구3 ON
[11:43:53] : 측정요구3 OFF
[11:43:53] : end pos sig3 :50.000000 - 50.000000
[11:43:53] : 측정요구4 ON
[11:44:03] : 측정요구4 OFF
[11:44:03] : end pos sig4 :-50.000000 - -50.000000
[11:44:03] : 11,20181130-114403,CF18112052701,,OK,MAX,1, ,0.50,7.00,3.35,OK,0.50,7.00,1.87,OK,0.50,7.00,1.03,OK,0.50,7.00,0.85,OK,
[11:47:47] : Cycle start ON
[11:47:49] : Cycle start OFF
[11:47:55] : REQUEST MEAS. ON
[11:48:04] : REQUEST MEAS. OFF
[11:48:04] : end pos sig1 :50.000000 - 50.000000
[11:48:04] : 측정요구 ON 2
[11:48:14] : 측정요구 2OFF
[11:48:14] : end pos sig2 :-50.000000 - -50.000000
[11:48:17] : 측정요구3 ON
[11:48:26] : 측정요구3 OFF
[11:48:26] : end pos sig3 :50.000000 - 50.000000
[11:48:26] : 측정요구4 ON
[11:48:36] : 측정요구4 OFF
[11:48:36] : end pos sig4 :-50.000000 - -50.000000
[11:48:36] : 11,20181130-114837,CF18112052041,,OK,MAX,1, ,0.50,7.00,1.40,OK,0.50,7.00,2.79,OK,0.50,7.00,1.59,OK,0.50,7.00,1.07,OK,
[11:48:55] : Cycle start ON
[11:48:57] : Cycle start OFF
[11:49:24] : REQUEST MEAS. ON
[11:49:33] : REQUEST MEAS. OFF
[11:49:33] : end pos sig1 :50.000000 - 50.000000
[11:49:33] : 측정요구 ON 2
[11:49:42] : 측정요구 2OFF
[11:49:42] : end pos sig2 :-50.000000 - -50.000000
[11:49:45] : 측정요구3 ON
[11:49:54] : 측정요구3 OFF
[11:49:54] : end pos sig3 :50.000000 - 50.000000
[11:49:54] : 측정요구4 ON
[11:50:04] : 측정요구4 OFF
[11:50:04] : end pos sig4 :-50.000000 - -50.000000
[11:50:04] : 11,20181130-115005,CF18112052181,,OK,MAX,1, ,0.50,7.00,2.31,OK,0.50,7.00,2.71,OK,0.50,7.00,1.07,OK,0.50,7.00,1.24,OK,
 
[11:50:28] : Cycle start ON
[11:50:30] : Cycle start OFF
[11:50:51] : REQUEST MEAS. ON
[11:51:01] : REQUEST MEAS. OFF
[11:51:01] : end pos sig1 :50.000000 - 50.000000
[11:51:01] : 측정요구 ON 2
[11:51:10] : 측정요구 2OFF
[11:51:10] : end pos sig2 :-50.000000 - -50.000000
[11:51:13] : 측정요구3 ON
[11:51:22] : 측정요구3 OFF
[11:51:22] : end pos sig3 :50.000000 - 50.000000
[11:51:22] : 측정요구4 ON
[11:51:32] : 측정요구4 OFF
[11:51:32] : end pos sig4 :-50.000000 - -50.000000
[11:51:32] : 11,20181130-115132,CF18112051931,,OK,MAX,1, ,0.50,7.00,2.14,OK,0.50,7.00,2.55,OK,0.50,7.00,1.72,OK,0.50,7.00,0.85,OK,
[11:51:57] : Cycle start ON
[11:51:59] : Cycle start OFF
[11:52:20] : REQUEST MEAS. ON
[11:52:29] : REQUEST MEAS. OFF
[11:52:29] : end pos sig1 :50.000000 - 50.000000
[11:52:29] : 측정요구 ON 2
[11:52:38] : 측정요구 2OFF
[11:52:38] : end pos sig2 :-50.000000 - -50.000000
[11:52:41] : 측정요구3 ON
[11:52:50] : 측정요구3 OFF
[11:52:50] : end pos sig3 :50.000000 - 50.000000
[11:52:50] : 측정요구4 ON
[11:53:00] : 측정요구4 OFF
[11:53:00] : end pos sig4 :-50.000000 - -50.000000
[11:53:00] : 11,20181130-115301,CF18112052161,,OK,MAX,1, ,0.50,7.00,1.71,OK,0.50,7.00,2.17,OK,0.50,7.00,1.71,OK,0.50,7.00,0.88,OK,
[11:53:24] : Cycle start ON
[11:53:27] : Cycle start OFF
[11:53:47] : REQUEST MEAS. ON
[11:53:56] : REQUEST MEAS. OFF
[11:53:56] : end pos sig1 :50.000000 - 50.000000
[11:53:56] : 측정요구 ON 2
[11:54:06] : 측정요구 2OFF
[11:54:06] : end pos sig2 :-50.000000 - -50.000000
[11:54:09] : 측정요구3 ON
[11:54:18] : 측정요구3 OFF
[11:54:18] : end pos sig3 :50.000000 - 50.000000
[11:54:18] : 측정요구4 ON
[11:54:28] : 측정요구4 OFF
[11:54:28] : end pos sig4 :-50.000000 - -50.000000
[11:54:28] : 11,20181130-115429,CF18112053621,,OK,MAX,1, ,0.50,7.00,1.58,OK,0.50,7.00,2.55,OK,0.50,7.00,0.90,OK,0.50,7.00,1.68,OK,
[11:54:47] : Cycle start ON
[11:54:50] : Cycle start OFF
[11:55:16] : REQUEST MEAS. ON
[11:55:25] : REQUEST MEAS. OFF
[11:55:25] : end pos sig1 :50.000000 - 50.000000
[11:55:25] : 측정요구 ON 2
[11:55:34] : 측정요구 2OFF
[11:55:34] : end pos sig2 :-50.000000 - -50.000000
[11:55:37] : 측정요구3 ON
[11:55:46] : 측정요구3 OFF
[11:55:46] : end pos sig3 :50.000000 - 50.000000
[11:55:46] : 측정요구4 ON
[11:55:56] : 측정요구4 OFF
[11:55:56] : end pos sig4 :-50.000000 - -50.000000
[11:55:56] : 11,20181130-115556,CF18112052801,,OK,MAX,1, ,0.50,7.00,1.51,OK,0.50,7.00,2.45,OK,0.50,7.00,1.05,OK,0.50,7.00,2.71,OK,
[11:56:14] : Cycle start ON
[11:56:17] : Cycle start OFF
[11:56:43] : REQUEST MEAS. ON
[11:56:52] : REQUEST MEAS. OFF
[11:56:52] : end pos sig1 :50.000000 - 50.000000
[11:56:53] : 측정요구 ON 2
[11:57:02] : 측정요구 2OFF
[11:57:02] : end pos sig2 :-50.000000 - -50.000000
[11:57:05] : 측정요구3 ON
[11:57:14] : 측정요구3 OFF
[11:57:14] : end pos sig3 :50.000000 - 50.000000
[11:57:14] : 측정요구4 ON
[11:57:24] : 측정요구4 OFF
[11:57:24] : end pos sig4 :-50.000000 - -50.000000
[11:57:24] : 11,20181130-115724,CF18112052271,,OK,MAX,1, ,0.50,7.00,1.32,OK,0.50,7.00,2.15,OK,0.50,7.00,0.84,OK,0.50,7.00,0.66,OK,
[11:57:42] : Cycle start ON
[11:57:44] : Cycle start OFF
[11:58:10] : REQUEST MEAS. ON
[11:58:19] : REQUEST MEAS. OFF
[11:58:19] : end pos sig1 :50.000000 - 50.000000
[11:58:20] : 측정요구 ON 2
[11:58:30] : 측정요구 2OFF
[11:58:30] : end pos sig2 :-50.000000 - -50.000000
[11:58:33] : 측정요구3 ON
[11:58:42] : 측정요구3 OFF
[11:58:42] : end pos sig3 :50.000000 - 50.000000
[11:58:42] : 측정요구4 ON
[11:58:52] : 측정요구4 OFF
[11:58:52] : end pos sig4 :-50.000000 - -50.000000
[11:58:52] : 11,20181130-115852,CF18112052151,,OK,MAX,1, ,0.50,7.00,2.08,OK,0.50,7.00,3.73,OK,0.50,7.00,0.94,OK,0.50,7.00,0.70,OK,
[12:00:17] : AUTO RUNNING OFF
[13:05:58] : MEAS ESC ON
[13:05:59] : MEAS ESC OFF
[13:05:59] : AUTO RUNNING ON
[13:06:31] : Cycle start ON
[13:06:33] : Cycle start OFF
[13:06:39] : REQUEST MEAS. ON
[13:06:48] : REQUEST MEAS. OFF
[13:06:48] : end pos sig1 :50.000000 - 50.000000
[13:06:48] : 측정요구 ON 2
[13:06:58] : 측정요구 2OFF
[13:06:58] : end pos sig2 :-50.000000 - -50.000000
[13:07:01] : 측정요구3 ON
[13:07:10] : 측정요구3 OFF
[13:07:10] : end pos sig3 :50.000000 - 50.000000
[13:07:10] : 측정요구4 ON
[13:07:20] : 측정요구4 OFF
[13:07:20] : end pos sig4 :-50.000000 - -50.000000
[13:07:20] : 11,20181130-130721,CF18112053531,,OK,MAX,1, ,0.50,7.00,1.90,OK,0.50,7.00,2.97,OK,0.50,7.00,1.26,OK,0.50,7.00,0.70,OK,
[13:07:39] : Cycle start ON
[13:07:41] : Cycle start OFF
[13:08:08] : REQUEST MEAS. ON
[13:08:17] : REQUEST MEAS. OFF
[13:08:17] : end pos sig1 :50.000000 - 50.000000
[13:08:17] : 측정요구 ON 2
[13:08:26] : 측정요구 2OFF
[13:08:26] : end pos sig2 :-50.000000 - -50.000000
[13:08:30] : 측정요구3 ON
[13:08:39] : 측정요구3 OFF
[13:08:39] : end pos sig3 :50.000000 - 50.000000
[13:08:39] : 측정요구4 ON
[13:08:48] : 측정요구4 OFF
[13:08:48] : end pos sig4 :-50.000000 - -50.000000
[13:08:48] : 11,20181130-130849,CF18112053981,,OK,MAX,1, ,0.50,7.00,1.58,OK,0.50,7.00,2.91,OK,0.50,7.00,1.87,OK,0.50,7.00,1.05,OK,
[13:12:36] : Cycle start ON
[13:12:39] : Cycle start OFF
[13:12:45] : REQUEST MEAS. ON
[13:12:54] : REQUEST MEAS. OFF
[13:12:54] : end pos sig1 :50.000000 - 50.000000
[13:12:54] : 측정요구 ON 2
[13:13:03] : 측정요구 2OFF
[13:13:03] : end pos sig2 :-50.000000 - -50.000000
[13:13:07] : 측정요구3 ON
[13:13:16] : 측정요구3 OFF
[13:13:16] : end pos sig3 :50.000000 - 50.000000
[13:13:16] : 측정요구4 ON
[13:13:25] : 측정요구4 OFF
[13:13:25] : end pos sig4 :-50.000000 - -50.000000
[13:13:25] : 11,20181130-131326,CF18112051721,,OK,MAX,1, ,0.50,7.00,1.77,OK,0.50,7.00,2.77,OK,0.50,7.00,1.04,OK,0.50,7.00,0.91,OK,
[13:16:45] : Cycle start ON
[13:16:48] : Cycle start OFF
[13:16:54] : REQUEST MEAS. ON
[13:17:03] : REQUEST MEAS. OFF
[13:17:03] : end pos sig1 :50.000000 - 50.000000
[13:17:03] : 측정요구 ON 2
[13:17:12] : 측정요구 2OFF
[13:17:12] : end pos sig2 :-50.000000 - -50.000000
[13:17:16] : 측정요구3 ON
[13:17:25] : 측정요구3 OFF
[13:17:25] : end pos sig3 :50.000000 - 50.000000
[13:17:25] : 측정요구4 ON
[13:17:35] : 측정요구4 OFF
[13:17:35] : end pos sig4 :-50.000000 - -50.000000
[13:17:35] : 11,20181130-131735,CF18112053561,,OK,MAX,1, ,0.50,7.00,2.79,OK,0.50,7.00,2.63,OK,0.50,7.00,0.89,OK,0.50,7.00,1.03,OK,
[13:29:55] : Cycle start ON
[13:29:58] : Cycle start OFF
[13:30:03] : REQUEST MEAS. ON
[13:30:12] : REQUEST MEAS. OFF
[13:30:12] : end pos sig1 :50.000000 - 50.000000
[13:30:13] : 측정요구 ON 2
[13:30:22] : 측정요구 2OFF
[13:30:22] : end pos sig2 :-50.000000 - -50.000000
[13:30:26] : 측정요구3 ON
[13:30:35] : 측정요구3 OFF
[13:30:35] : end pos sig3 :50.000000 - 50.000000
[13:30:35] : 측정요구4 ON
[13:30:45] : 측정요구4 OFF
[13:30:45] : end pos sig4 :-50.000000 - -50.000000
[13:30:45] : 11,20181130-133045,CF18112053131,,OK,MAX,1, ,0.50,7.00,1.75,OK,0.50,7.00,2.58,OK,0.50,7.00,0.98,OK,0.50,7.00,0.68,OK,
[13:31:02] : Cycle start ON
[13:31:05] : Cycle start OFF
[13:31:31] : REQUEST MEAS. ON
[13:31:40] : REQUEST MEAS. OFF
[13:31:40] : end pos sig1 :50.000000 - 50.000000
[13:31:41] : 측정요구 ON 2
[13:31:50] : 측정요구 2OFF
[13:31:50] : end pos sig2 :-50.000000 - -50.000000
[13:31:54] : 측정요구3 ON
[13:32:03] : 측정요구3 OFF
[13:32:03] : end pos sig3 :50.000000 - 50.000000
[13:32:03] : 측정요구4 ON
[13:32:13] : 측정요구4 OFF
[13:32:13] : end pos sig4 :-50.000000 - -50.000000
[13:32:13] : 11,20181130-133213,CF18112052071,,OK,MAX,1, ,0.50,7.00,1.24,OK,0.50,7.00,2.40,OK,0.50,7.00,0.77,OK,0.50,7.00,2.14,OK,
[13:32:31] : Cycle start ON
[13:32:34] : Cycle start OFF
[13:33:00] : REQUEST MEAS. ON
[13:33:09] : REQUEST MEAS. OFF
[13:33:09] : end pos sig1 :50.000000 - 50.000000
[13:33:09] : 측정요구 ON 2
[13:33:18] : 측정요구 2OFF
[13:33:18] : end pos sig2 :-50.000000 - -50.000000
[13:33:22] : 측정요구3 ON
[13:33:31] : 측정요구3 OFF
[13:33:31] : end pos sig3 :50.000000 - 50.000000
[13:33:31] : 측정요구4 ON
[13:33:41] : 측정요구4 OFF
[13:33:41] : end pos sig4 :-50.000000 - -50.000000
[13:33:41] : 11,20181130-133341,CF18112053361,,OK,MAX,1, ,0.50,7.00,0.81,OK,0.50,7.00,2.05,OK,0.50,7.00,0.92,OK,0.50,7.00,1.40,OK,
[13:33:58] : Cycle start ON
[13:34:01] : Cycle start OFF
[13:34:27] : REQUEST MEAS. ON
[13:34:36] : REQUEST MEAS. OFF
[13:34:36] : end pos sig1 :50.000000 - 50.000000
[13:34:37] : 측정요구 ON 2
[13:34:46] : 측정요구 2OFF
[13:34:46] : end pos sig2 :-50.000000 - -50.000000
[13:34:50] : 측정요구3 ON
[13:34:59] : 측정요구3 OFF
[13:34:59] : end pos sig3 :50.000000 - 50.000000
[13:34:59] : 측정요구4 ON
[13:35:09] : 측정요구4 OFF
[13:35:09] : end pos sig4 :-50.000000 - -50.000000
[13:35:09] : 11,20181130-133509,CF18112051671,,OK,MAX,1, ,0.50,7.00,1.60,OK,0.50,7.00,3.13,OK,0.50,7.00,1.11,OK,0.50,7.00,0.99,OK,
[13:35:27] : Cycle start ON
[13:35:29] : Cycle start OFF
[13:35:56] : REQUEST MEAS. ON
[13:36:05] : REQUEST MEAS. OFF
[13:36:05] : end pos sig1 :50.000000 - 50.000000
[13:36:05] : 측정요구 ON 2
[13:36:15] : 측정요구 2OFF
[13:36:15] : end pos sig2 :-35.860000 - -36.040000
[13:36:18] : 측정요구3 ON
[13:36:27] : 측정요구3 OFF
[13:36:27] : end pos sig3 :50.000000 - 50.000000
[13:36:27] : 측정요구4 ON
[13:36:37] : 측정요구4 OFF
[13:36:37] : end pos sig4 :-50.000000 - -50.000000
[13:36:37] : 11,20181130-133638,CF18112052481,,OK,MAX,1, ,0.50,7.00,1.45,OK,0.50,7.00,1.68,OK,0.50,7.00,0.81,OK,0.50,7.00,1.02,OK,
[13:36:55] : Cycle start ON
[13:36:58] : Cycle start OFF
[13:37:24] : REQUEST MEAS. ON
[13:37:34] : REQUEST MEAS. OFF
[13:37:34] : end pos sig1 :50.000000 - 50.000000
[13:37:34] : 측정요구 ON 2
[13:37:43] : 측정요구 2OFF
[13:37:43] : end pos sig2 :-50.000000 - -50.000000
[13:37:47] : 측정요구3 ON
[13:37:56] : 측정요구3 OFF
[13:37:56] : end pos sig3 :50.000000 - 50.000000
[13:37:56] : 측정요구4 ON
[13:38:05] : 측정요구4 OFF
[13:38:05] : end pos sig4 :-50.000000 - -50.000000
[13:38:05] : 11,20181130-133806,CF18112052981,,OK,MAX,1, ,0.50,7.00,1.87,OK,0.50,7.00,2.06,OK,0.50,7.00,1.17,OK,0.50,7.00,1.31,OK,
[13:38:24] : Cycle start ON
[13:38:27] : Cycle start OFF
[13:38:53] : REQUEST MEAS. ON
[13:39:02] : REQUEST MEAS. OFF
[13:39:02] : end pos sig1 :50.000000 - 50.000000
[13:39:02] : 측정요구 ON 2
[13:39:11] : 측정요구 2OFF
[13:39:11] : end pos sig2 :-50.000000 - -50.000000
[13:39:15] : 측정요구3 ON
[13:39:24] : 측정요구3 OFF
[13:39:24] : end pos sig3 :50.000000 - 50.000000
[13:39:24] : 측정요구4 ON
[13:39:33] : 측정요구4 OFF
[13:39:33] : end pos sig4 :-50.000000 - -50.000000
[13:39:33] : 11,20181130-133934,CF18112052451,,OK,MAX,1, ,0.50,7.00,2.59,OK,0.50,7.00,2.52,OK,0.50,7.00,0.85,OK,0.50,7.00,1.18,OK,
[13:39:52] : Cycle start ON
[13:39:55] : Cycle start OFF
[13:40:21] : REQUEST MEAS. ON
[13:40:30] : REQUEST MEAS. OFF
[13:40:30] : end pos sig1 :50.000000 - 50.000000
[13:40:30] : 측정요구 ON 2
[13:40:39] : 측정요구 2OFF
[13:40:39] : end pos sig2 :-50.000000 - -50.000000
[13:40:43] : 측정요구3 ON
[13:40:52] : 측정요구3 OFF
[13:40:52] : end pos sig3 :50.000000 - 50.000000
[13:40:52] : 측정요구4 ON
[13:41:02] : 측정요구4 OFF
[13:41:02] : end pos sig4 :-50.000000 - -50.000000
[13:41:02] : 11,20181130-134102,CF18112053111,,OK,MAX,1, ,0.50,7.00,2.01,OK,0.50,7.00,3.37,OK,0.50,7.00,0.95,OK,0.50,7.00,2.14,OK,
[13:41:20] : Cycle start ON
[13:41:23] : Cycle start OFF
[13:41:48] : REQUEST MEAS. ON
[13:41:58] : REQUEST MEAS. OFF
[13:41:58] : end pos sig1 :50.000000 - 50.000000
[13:41:58] : 측정요구 ON 2
[13:42:07] : 측정요구 2OFF
[13:42:07] : end pos sig2 :-50.000000 - -50.000000
[13:42:11] : 측정요구3 ON
[13:42:20] : 측정요구3 OFF
[13:42:20] : end pos sig3 :50.000000 - 50.000000
[13:42:20] : 측정요구4 ON
[13:42:29] : 측정요구4 OFF
[13:42:29] : end pos sig4 :-50.000000 - -50.000000
[13:42:29] : 11,20181130-134230,CF18112053221,,OK,MAX,1, ,0.50,7.00,2.13,OK,0.50,7.00,2.02,OK,0.50,7.00,1.11,OK,0.50,7.00,1.67,OK,
[13:42:48] : Cycle start ON
[13:42:50] : Cycle start OFF
[13:43:16] : REQUEST MEAS. ON
[13:43:25] : REQUEST MEAS. OFF
[13:43:25] : end pos sig1 :50.000000 - 50.000000
[13:43:26] : 측정요구 ON 2
[13:43:35] : 측정요구 2OFF
[13:43:35] : end pos sig2 :-50.000000 - -50.000000
[13:43:39] : 측정요구3 ON
[13:43:48] : 측정요구3 OFF
[13:43:48] : end pos sig3 :50.000000 - 50.000000
[13:43:48] : 측정요구4 ON
[13:43:58] : 측정요구4 OFF
[13:43:58] : end pos sig4 :-50.000000 - -50.000000
[13:43:58] : 11,20181130-134358,CF18112052461,,OK,MAX,1, ,0.50,7.00,2.00,OK,0.50,7.00,2.35,OK,0.50,7.00,0.97,OK,0.50,7.00,0.93,OK,
[13:44:15] : Cycle start ON
[13:44:18] : Cycle start OFF
[13:44:45] : REQUEST MEAS. ON
[13:44:54] : REQUEST MEAS. OFF
[13:44:54] : end pos sig1 :50.000000 - 50.000000
[13:44:54] : 측정요구 ON 2
[13:45:03] : 측정요구 2OFF
[13:45:03] : end pos sig2 :-50.000000 - -50.000000
[13:45:07] : 측정요구3 ON
[13:45:16] : 측정요구3 OFF
[13:45:16] : end pos sig3 :50.000000 - 50.000000
[13:45:16] : 측정요구4 ON
[13:45:26] : 측정요구4 OFF
[13:45:26] : end pos sig4 :-50.000000 - -50.000000
[13:45:26] : 11,20181130-134526,CF18112054001,,OK,MAX,1, ,0.50,7.00,2.32,OK,0.50,7.00,3.45,OK,0.50,7.00,0.82,OK,0.50,7.00,1.02,OK,
[13:53:23] : Cycle start ON
[13:53:25] : Cycle start OFF
[13:53:31] : REQUEST MEAS. ON
[13:53:41] : REQUEST MEAS. OFF
[13:53:41] : end pos sig1 :50.000000 - 50.000000
[13:53:41] : 측정요구 ON 2
[13:53:51] : 측정요구 2OFF
[13:53:51] : end pos sig2 :-50.000000 - -50.000000
[13:53:54] : 측정요구3 ON
[13:54:03] : 측정요구3 OFF
[13:54:03] : end pos sig3 :50.000000 - 50.000000
[13:54:03] : 측정요구4 ON
[13:54:13] : 측정요구4 OFF
[13:54:13] : end pos sig4 :-50.000000 - -50.000000
[13:54:13] : 11,20181130-135413,CF18112051641,,OK,MAX,1, ,0.50,7.00,2.26,OK,0.50,7.00,2.64,OK,0.50,7.00,1.16,OK,0.50,7.00,1.32,OK,
[13:54:33] : Cycle start ON
[13:54:35] : Cycle start OFF
[13:55:01] : REQUEST MEAS. ON
[13:55:10] : REQUEST MEAS. OFF
[13:55:10] : end pos sig1 :50.000000 - 50.000000
[13:55:10] : 측정요구 ON 2
[13:55:19] : 측정요구 2OFF
[13:55:19] : end pos sig2 :-50.000000 - -50.000000
[13:55:22] : 측정요구3 ON
[13:55:31] : 측정요구3 OFF
[13:55:31] : end pos sig3 :50.000000 - 50.000000
[13:55:31] : 측정요구4 ON
[13:55:41] : 측정요구4 OFF
[13:55:41] : end pos sig4 :-50.000000 - -50.000000
[13:55:41] : 11,20181130-135542,CF18112051711,,NG,MAX,1, ,0.50,7.00,1.53,OK,0.50,7.00,2.20,OK,0.50,7.00,9.16,NG,0.50,7.00,1.14,OK,
[13:56:09] : Cycle start ON
[13:56:12] : Cycle start OFF
[13:56:29] : REQUEST MEAS. ON
[13:56:38] : REQUEST MEAS. OFF
[13:56:38] : end pos sig1 :50.000000 - 50.000000
[13:56:38] : 측정요구 ON 2
[13:56:47] : 측정요구 2OFF
[13:56:47] : end pos sig2 :-50.000000 - -50.000000
[13:56:51] : 측정요구3 ON
[13:57:00] : 측정요구3 OFF
[13:57:00] : end pos sig3 :50.000000 - 50.000000
[13:57:00] : 측정요구4 ON
[13:57:09] : 측정요구4 OFF
[13:57:09] : end pos sig4 :-50.000000 - -50.000000
[13:57:09] : 11,20181130-135710,CF18112053831,,OK,MAX,1, ,0.50,7.00,1.70,OK,0.50,7.00,1.96,OK,0.50,7.00,1.24,OK,0.50,7.00,0.92,OK,
[13:57:29] : Cycle start ON
[13:57:31] : Cycle start OFF
[13:57:57] : REQUEST MEAS. ON
[13:58:06] : REQUEST MEAS. OFF
[13:58:06] : end pos sig1 :50.000000 - 50.000000
[13:58:06] : 측정요구 ON 2
[13:58:15] : 측정요구 2OFF
[13:58:15] : end pos sig2 :-50.000000 - -50.000000
[13:58:19] : 측정요구3 ON
[13:58:28] : 측정요구3 OFF
[13:58:28] : end pos sig3 :50.000000 - 50.000000
[13:58:28] : 측정요구4 ON
[13:58:38] : 측정요구4 OFF
[13:58:38] : end pos sig4 :-50.000000 - -50.000000
[13:58:38] : 11,20181130-135838,CF18112052531,,OK,MAX,1, ,0.50,7.00,1.64,OK,0.50,7.00,2.57,OK,0.50,7.00,0.82,OK,0.50,7.00,1.96,OK,
[13:58:55] : Cycle start ON
[13:58:57] : Cycle start OFF
[13:59:24] : REQUEST MEAS. ON
[13:59:33] : REQUEST MEAS. OFF
[13:59:33] : end pos sig1 :50.000000 - 50.000000
[13:59:34] : 측정요구 ON 2
[13:59:43] : 측정요구 2OFF
[13:59:43] : end pos sig2 :-50.000000 - -50.000000
[13:59:47] : 측정요구3 ON
[13:59:56] : 측정요구3 OFF
[13:59:56] : end pos sig3 :50.000000 - 50.000000
[13:59:56] : 측정요구4 ON
[14:00:06] : 측정요구4 OFF
[14:00:06] : end pos sig4 :-50.000000 - -50.000000
[14:00:06] : 11,20181130-140006,CF18112053901,,OK,MAX,1, ,0.50,7.00,1.97,OK,0.50,7.00,2.98,OK,0.50,7.00,1.17,OK,0.50,7.00,1.22,OK,
[14:00:28] : Cycle start ON
[14:00:31] : Cycle start OFF
[14:00:53] : REQUEST MEAS. ON
[14:01:02] : REQUEST MEAS. OFF
[14:01:02] : end pos sig1 :50.000000 - 50.000000
[14:01:02] : 측정요구 ON 2
[14:01:11] : 측정요구 2OFF
[14:01:11] : end pos sig2 :-50.000000 - -50.000000
[14:01:15] : 측정요구3 ON
[14:01:24] : 측정요구3 OFF
[14:01:24] : end pos sig3 :50.000000 - 50.000000
[14:01:24] : 측정요구4 ON
[14:01:34] : 측정요구4 OFF
[14:01:34] : end pos sig4 :-50.000000 - -50.000000
[14:01:34] : 11,20181130-140134,CF18112053931,,OK,MAX,1, ,0.50,7.00,1.97,OK,0.50,7.00,2.17,OK,0.50,7.00,0.97,OK,0.50,7.00,1.16,OK,
[14:01:57] : Cycle start ON
[14:02:00] : Cycle start OFF
[14:02:21] : REQUEST MEAS. ON
[14:02:30] : REQUEST MEAS. OFF
[14:02:30] : end pos sig1 :50.000000 - 50.000000
[14:02:30] : 측정요구 ON 2
[14:02:40] : 측정요구 2OFF
[14:02:40] : end pos sig2 :-50.000000 - -50.000000
[14:02:43] : 측정요구3 ON
[14:02:52] : 측정요구3 OFF
[14:02:52] : end pos sig3 :50.000000 - 50.000000
[14:02:52] : 측정요구4 ON
[14:03:02] : 측정요구4 OFF
[14:03:02] : end pos sig4 :-50.000000 - -50.000000
[14:03:02] : 11,20181130-140302,CF18112052811,,OK,MAX,1, ,0.50,7.00,2.32,OK,0.50,7.00,2.63,OK,0.50,7.00,0.92,OK,0.50,7.00,1.25,OK,
[14:03:21] : Cycle start ON
[14:03:24] : Cycle start OFF
[14:03:49] : REQUEST MEAS. ON
[14:03:59] : REQUEST MEAS. OFF
[14:03:59] : end pos sig1 :50.000000 - 50.000000
[14:03:59] : 측정요구 ON 2
[14:04:08] : 측정요구 2OFF
[14:04:08] : end pos sig2 :-50.000000 - -50.000000
[14:04:11] : 측정요구3 ON
[14:04:20] : 측정요구3 OFF
[14:04:20] : end pos sig3 :50.000000 - 50.000000
[14:04:20] : 측정요구4 ON
[14:04:30] : 측정요구4 OFF
[14:04:30] : end pos sig4 :-50.000000 - -50.000000
[14:04:30] : 11,20181130-140431,CF18112053351,,OK,MAX,1, ,0.50,7.00,2.25,OK,0.50,7.00,2.71,OK,0.50,7.00,0.87,OK,0.50,7.00,0.75,OK,
[14:05:04] : Cycle start ON
[14:05:06] : Cycle start OFF
[14:05:32] : REQUEST MEAS. ON
[14:05:41] : REQUEST MEAS. OFF
[14:05:41] : end pos sig1 :50.000000 - 50.000000
[14:05:41] : 측정요구 ON 2
[14:05:50] : 측정요구 2OFF
[14:05:50] : end pos sig2 :-50.000000 - -50.000000
[14:05:54] : 측정요구3 ON
[14:06:03] : 측정요구3 OFF
[14:06:03] : end pos sig3 :50.000000 - 50.000000
[14:06:03] : 측정요구4 ON
[14:06:13] : 측정요구4 OFF
[14:06:13] : end pos sig4 :-50.000000 - -50.000000
[14:06:13] : 11,20181130-140613,CF18112052191,,OK,MAX,1, ,0.50,7.00,1.35,OK,0.50,7.00,1.97,OK,0.50,7.00,1.34,OK,0.50,7.00,1.05,OK,
[14:06:31] : Cycle start ON
[14:06:34] : Cycle start OFF
[14:06:59] : REQUEST MEAS. ON
[14:07:08] : REQUEST MEAS. OFF
[14:07:08] : end pos sig1 :50.000000 - 50.000000
[14:07:09] : 측정요구 ON 2
[14:07:18] : 측정요구 2OFF
[14:07:18] : end pos sig2 :-40.480000 - -40.660000
[14:07:22] : 측정요구3 ON
[14:07:31] : 측정요구3 OFF
[14:07:31] : end pos sig3 :50.000000 - 50.000000
[14:07:31] : 측정요구4 ON
[14:07:41] : 측정요구4 OFF
[14:07:41] : end pos sig4 :-50.000000 - -50.000000
[14:07:41] : 11,20181130-140741,CF18112053311,,OK,MAX,1, ,0.50,7.00,1.84,OK,0.50,7.00,2.54,OK,0.50,7.00,1.68,OK,0.50,7.00,1.17,OK,
[14:07:59] : Cycle start ON
[14:08:01] : Cycle start OFF
[14:08:27] : REQUEST MEAS. ON
[14:08:36] : REQUEST MEAS. OFF
[14:08:36] : end pos sig1 :50.000000 - 50.000000
[14:08:36] : 측정요구 ON 2
[14:08:46] : 측정요구 2OFF
[14:08:46] : end pos sig2 :-50.000000 - -50.000000
[14:08:50] : 측정요구3 ON
[14:08:59] : 측정요구3 OFF
[14:08:59] : end pos sig3 :50.000000 - 50.000000
[14:08:59] : 측정요구4 ON
[14:09:09] : 측정요구4 OFF
[14:09:09] : end pos sig4 :-50.000000 - -50.000000
[14:09:09] : 11,20181130-140909,CF18112053191,,OK,MAX,1, ,0.50,7.00,1.23,OK,0.50,7.00,1.86,OK,0.50,7.00,0.86,OK,0.50,7.00,0.76,OK,
[14:10:04] : AUTO RUNNING OFF
[14:10:17] : MEAS ESC ON
[14:10:18] : MEAS ESC OFF
[14:10:18] : AUTO RUNNING ON
[14:10:37] : Cycle start ON
[14:10:39] : Cycle start OFF
[14:10:45] : REQUEST MEAS. ON
[14:10:54] : REQUEST MEAS. OFF
[14:10:54] : end pos sig1 :50.000000 - 50.000000
[14:10:54] : 측정요구 ON 2
[14:11:03] : 측정요구 2OFF
[14:11:03] : end pos sig2 :-50.000000 - -50.000000
[14:11:07] : 측정요구3 ON
[14:11:16] : 측정요구3 OFF
[14:11:16] : end pos sig3 :50.000000 - 50.000000
[14:11:16] : 측정요구4 ON
[14:11:26] : 측정요구4 OFF
[14:11:26] : end pos sig4 :-50.000000 - -50.000000
[14:11:26] : 11,20181130-141126,CJ18091851081,,OK,MAX,1, ,0.50,7.00,1.60,OK,0.50,7.00,2.34,OK,0.50,7.00,2.42,OK,0.50,7.00,2.07,OK,
[14:11:32] : AUTO RUNNING OFF
[14:11:40] : MEAS ESC ON
[14:11:44] : MEAS ESC OFF
[14:11:44] : AUTO RUNNING ON
[14:12:03] : Cycle start ON
[14:12:05] : Cycle start OFF
[14:12:11] : REQUEST MEAS. ON
[14:12:20] : REQUEST MEAS. OFF
[14:12:20] : end pos sig1 :50.000000 - 50.000000
[14:12:21] : 측정요구 ON 2
[14:12:30] : 측정요구 2OFF
[14:12:30] : end pos sig2 :-50.000000 - -50.000000
[14:12:34] : 측정요구3 ON
[14:12:43] : 측정요구3 OFF
[14:12:43] : end pos sig3 :50.000000 - 50.000000
[14:12:43] : 측정요구4 ON
[14:12:53] : 측정요구4 OFF
[14:12:53] : end pos sig4 :-50.000000 - -50.000000
[14:12:53] : 11,20181130-141253,CF18112053511,,OK,MAX,1, ,0.50,7.00,2.00,OK,0.50,7.00,2.70,OK,0.50,7.00,0.86,OK,0.50,7.00,0.95,OK,
[14:13:12] : Cycle start ON
[14:13:14] : Cycle start OFF
[14:13:41] : REQUEST MEAS. ON
[14:13:50] : REQUEST MEAS. OFF
[14:13:50] : end pos sig1 :50.000000 - 50.000000
[14:13:50] : 측정요구 ON 2
[14:13:59] : 측정요구 2OFF
[14:13:59] : end pos sig2 :-50.000000 - -50.000000
[14:14:02] : 측정요구3 ON
[14:14:11] : 측정요구3 OFF
[14:14:11] : end pos sig3 :50.000000 - 50.000000
[14:14:11] : 측정요구4 ON
[14:14:21] : 측정요구4 OFF
[14:14:21] : end pos sig4 :-50.000000 - -50.000000
[14:14:21] : 11,20181130-141422,CF18112052501,,OK,MAX,1, ,0.50,7.00,2.12,OK,0.50,7.00,2.69,OK,0.50,7.00,1.30,OK,0.50,7.00,2.24,OK,
[14:14:44] : Cycle start ON
[14:14:47] : Cycle start OFF
[14:15:08] : REQUEST MEAS. ON
[14:15:17] : REQUEST MEAS. OFF
[14:15:17] : end pos sig1 :50.000000 - 50.000000
[14:15:18] : 측정요구 ON 2
[14:15:27] : 측정요구 2OFF
[14:15:27] : end pos sig2 :-50.000000 - -50.000000
[14:15:30] : 측정요구3 ON
[14:15:39] : 측정요구3 OFF
[14:15:39] : end pos sig3 :50.000000 - 50.000000
[14:15:39] : 측정요구4 ON
[14:15:49] : 측정요구4 OFF
[14:15:49] : end pos sig4 :-50.000000 - -50.000000
[14:15:49] : 11,20181130-141550,CF18112052001,,OK,MAX,1, ,0.50,7.00,2.13,OK,0.50,7.00,3.14,OK,0.50,7.00,0.99,OK,0.50,7.00,3.04,OK,
[14:16:08] : Cycle start ON
[14:16:10] : Cycle start OFF
[14:16:36] : REQUEST MEAS. ON
[14:16:46] : REQUEST MEAS. OFF
[14:16:46] : end pos sig1 :50.000000 - 50.000000
[14:16:46] : 측정요구 ON 2
[14:16:55] : 측정요구 2OFF
[14:16:55] : end pos sig2 :-50.000000 - -50.000000
[14:16:58] : 측정요구3 ON
[14:17:07] : 측정요구3 OFF
[14:17:07] : end pos sig3 :50.000000 - 50.000000
[14:17:07] : 측정요구4 ON
[14:17:17] : 측정요구4 OFF
[14:17:17] : end pos sig4 :-50.000000 - -50.000000
[14:17:17] : 11,20181130-141718,CF18112053171,,OK,MAX,1, ,0.50,7.00,2.70,OK,0.50,7.00,2.75,OK,0.50,7.00,0.96,OK,0.50,7.00,1.05,OK,
[14:17:41] : Cycle start ON
[14:17:43] : Cycle start OFF
[14:18:04] : REQUEST MEAS. ON
[14:18:14] : REQUEST MEAS. OFF
[14:18:14] : end pos sig1 :50.000000 - 50.000000
[14:18:14] : 측정요구 ON 2
[14:18:23] : 측정요구 2OFF
[14:18:23] : end pos sig2 :-50.000000 - -50.000000
[14:18:26] : 측정요구3 ON
[14:18:35] : 측정요구3 OFF
[14:18:35] : end pos sig3 :50.000000 - 50.000000
[14:18:35] : 측정요구4 ON
[14:18:45] : 측정요구4 OFF
[14:18:45] : end pos sig4 :-50.000000 - -50.000000
[14:18:45] : 11,20181130-141846,CF18112053941,,OK,MAX,1, ,0.50,7.00,1.83,OK,0.50,7.00,2.73,OK,0.50,7.00,0.89,OK,0.50,7.00,0.74,OK,
[14:19:04] : Cycle start ON
[14:19:07] : Cycle start OFF
[14:19:33] : REQUEST MEAS. ON
[14:19:42] : REQUEST MEAS. OFF
[14:19:42] : end pos sig1 :50.000000 - 50.000000
[14:19:42] : 측정요구 ON 2
[14:19:51] : 측정요구 2OFF
[14:19:51] : end pos sig2 :-50.000000 - -50.000000
[14:19:55] : 측정요구3 ON
[14:20:04] : 측정요구3 OFF
[14:20:04] : end pos sig3 :50.000000 - 50.000000
[14:20:04] : 측정요구4 ON
[14:20:13] : 측정요구4 OFF
[14:20:13] : end pos sig4 :-50.000000 - -50.000000
[14:20:13] : 11,20181130-142014,CF18112051651,,OK,MAX,1, ,0.50,7.00,1.93,OK,0.50,7.00,2.27,OK,0.50,7.00,1.26,OK,0.50,7.00,1.00,OK,
[14:20:32] : Cycle start ON
[14:20:35] : Cycle start OFF
[14:21:01] : REQUEST MEAS. ON
[14:21:10] : REQUEST MEAS. OFF
[14:21:10] : end pos sig1 :50.000000 - 50.000000
[14:21:10] : 측정요구 ON 2
[14:21:19] : 측정요구 2OFF
[14:21:19] : end pos sig2 :-50.000000 - -50.000000
[14:21:23] : 측정요구3 ON
[14:21:32] : 측정요구3 OFF
[14:21:32] : end pos sig3 :50.000000 - 50.000000
[14:21:32] : 측정요구4 ON
[14:21:42] : 측정요구4 OFF
[14:21:42] : end pos sig4 :-50.000000 - -50.000000
[14:21:42] : 11,20181130-142142,CF18112053521,,OK,MAX,1, ,0.50,7.00,2.33,OK,0.50,7.00,2.84,OK,0.50,7.00,1.04,OK,0.50,7.00,0.89,OK,
[14:22:07] : Cycle start ON
[14:22:09] : Cycle start OFF
[14:22:29] : REQUEST MEAS. ON
[14:22:39] : REQUEST MEAS. OFF
[14:22:39] : end pos sig1 :50.000000 - 50.000000
[14:22:39] : 측정요구 ON 2
[14:22:48] : 측정요구 2OFF
[14:22:48] : end pos sig2 :-50.000000 - -50.000000
[14:22:51] : 측정요구3 ON
[14:23:00] : 측정요구3 OFF
[14:23:00] : end pos sig3 :50.000000 - 50.000000
[14:23:00] : 측정요구4 ON
[14:23:10] : 측정요구4 OFF
[14:23:10] : end pos sig4 :-50.000000 - -50.000000
[14:23:10] : 11,20181130-142311,CF18112053241,,OK,MAX,1, ,0.50,7.00,1.81,OK,0.50,7.00,2.54,OK,0.50,7.00,1.13,OK,0.50,7.00,1.12,OK,
[14:23:29] : Cycle start ON
[14:23:31] : Cycle start OFF
[14:23:57] : REQUEST MEAS. ON
[14:24:07] : REQUEST MEAS. OFF
[14:24:07] : end pos sig1 :50.000000 - 50.000000
[14:24:07] : 측정요구 ON 2
[14:24:16] : 측정요구 2OFF
[14:24:16] : end pos sig2 :-50.000000 - -50.000000
[14:24:19] : 측정요구3 ON
[14:24:28] : 측정요구3 OFF
[14:24:28] : end pos sig3 :50.000000 - 50.000000
[14:24:28] : 측정요구4 ON
[14:24:38] : 측정요구4 OFF
[14:24:38] : end pos sig4 :-50.000000 - -50.000000
[14:24:38] : 11,20181130-142439,CF18112052491,,OK,MAX,1, ,0.50,7.00,1.60,OK,0.50,7.00,2.73,OK,0.50,7.00,0.86,OK,0.50,7.00,0.84,OK,
[14:28:09] : AUTO RUNNING OFF
[14:30:50] : MEAS ESC ON
[14:31:00] : MEAS ESC OFF
[14:31:57] : MEAS ESC ON
[14:31:58] : MEAS ESC OFF
[14:31:58] : AUTO RUNNING ON
[14:32:12] : Cycle start ON
[14:32:14] : Cycle start OFF
[14:32:20] : REQUEST MEAS. ON
[14:32:29] : REQUEST MEAS. OFF
[14:32:29] : end pos sig1 :50.000000 - 50.000000
[14:32:29] : 측정요구 ON 2
[14:32:39] : 측정요구 2OFF
[14:32:39] : end pos sig2 :-50.000000 - -50.000000
[14:32:42] : 측정요구3 ON
[14:32:51] : 측정요구3 OFF
[14:32:51] : end pos sig3 :50.000000 - 50.000000
[14:32:51] : 측정요구4 ON
[14:33:01] : 측정요구4 OFF
[14:33:01] : end pos sig4 :-50.000000 - -50.000000
[14:33:01] : 11,20181130-143301,CF18112052091,,OK,MAX,1, ,0.50,7.00,1.31,OK,0.50,7.00,1.95,OK,0.50,7.00,1.25,OK,0.50,7.00,0.91,OK,
[14:33:19] : Cycle start ON
[14:33:21] : Cycle start OFF
[14:33:48] : REQUEST MEAS. ON
[14:33:57] : REQUEST MEAS. OFF
[14:33:57] : end pos sig1 :50.000000 - 50.000000
[14:33:57] : 측정요구 ON 2
[14:34:07] : 측정요구 2OFF
[14:34:07] : end pos sig2 :-50.000000 - -50.000000
[14:34:10] : 측정요구3 ON
[14:34:19] : 측정요구3 OFF
[14:34:19] : end pos sig3 :50.000000 - 50.000000
[14:34:19] : 측정요구4 ON
[14:34:29] : 측정요구4 OFF
[14:34:29] : end pos sig4 :-50.000000 - -50.000000
[14:34:29] : 11,20181130-143430,CF18112053011,,OK,MAX,1, ,0.50,7.00,1.80,OK,0.50,7.00,2.29,OK,0.50,7.00,0.99,OK,0.50,7.00,1.06,OK,
[14:34:53] : Cycle start ON
[14:34:55] : Cycle start OFF
[14:35:17] : REQUEST MEAS. ON
[14:35:26] : REQUEST MEAS. OFF
[14:35:26] : end pos sig1 :50.000000 - 50.000000
[14:35:26] : 측정요구 ON 2
[14:35:35] : 측정요구 2OFF
[14:35:35] : end pos sig2 :-50.000000 - -50.000000
[14:35:38] : 측정요구3 ON
[14:35:47] : 측정요구3 OFF
[14:35:47] : end pos sig3 :50.000000 - 50.000000
[14:35:47] : 측정요구4 ON
[14:35:57] : 측정요구4 OFF
[14:35:57] : end pos sig4 :-50.000000 - -50.000000
[14:35:57] : 11,20181130-143558,CF18112053851,,OK,MAX,1, ,0.50,7.00,2.44,OK,0.50,7.00,3.16,OK,0.50,7.00,0.86,OK,0.50,7.00,0.94,OK,
[14:36:16] : Cycle start ON
[14:36:19] : Cycle start OFF
[14:36:45] : REQUEST MEAS. ON
[14:36:54] : REQUEST MEAS. OFF
[14:36:54] : end pos sig1 :50.000000 - 50.000000
[14:36:54] : 측정요구 ON 2
[14:37:03] : 측정요구 2OFF
[14:37:03] : end pos sig2 :-50.000000 - -50.000000
[14:37:07] : 측정요구3 ON
[14:37:16] : 측정요구3 OFF
[14:37:16] : end pos sig3 :50.000000 - 50.000000
[14:37:16] : 측정요구4 ON
[14:37:26] : 측정요구4 OFF
[14:37:26] : end pos sig4 :-50.000000 - -50.000000
[14:37:26] : 11,20181130-143726,CF18112052061,,OK,MAX,1, ,0.50,7.00,1.65,OK,0.50,7.00,2.85,OK,0.50,7.00,0.94,OK,0.50,7.00,1.06,OK,
[14:37:44] : Cycle start ON
[14:37:47] : Cycle start OFF
[14:38:12] : REQUEST MEAS. ON
[14:38:22] : REQUEST MEAS. OFF
[14:38:22] : end pos sig1 :50.000000 - 50.000000
[14:38:22] : 측정요구 ON 2
[14:38:31] : 측정요구 2OFF
[14:38:31] : end pos sig2 :-50.000000 - -50.000000
[14:38:35] : 측정요구3 ON
[14:38:44] : 측정요구3 OFF
[14:38:44] : end pos sig3 :50.000000 - 50.000000
[14:38:44] : 측정요구4 ON
[14:38:53] : 측정요구4 OFF
[14:38:53] : end pos sig4 :-50.000000 - -50.000000
[14:38:53] : 11,20181130-143854,CF18112053551,,OK,MAX,1, ,0.50,7.00,2.22,OK,0.50,7.00,2.52,OK,0.50,7.00,1.21,OK,0.50,7.00,0.85,OK,
[14:39:11] : Cycle start ON
[14:39:14] : Cycle start OFF
[14:39:41] : REQUEST MEAS. ON
[14:39:50] : REQUEST MEAS. OFF
[14:39:50] : end pos sig1 :50.000000 - 50.000000
[14:39:50] : 측정요구 ON 2
[14:39:59] : 측정요구 2OFF
[14:39:59] : end pos sig2 :-50.000000 - -50.000000
[14:40:03] : 측정요구3 ON
[14:40:12] : 측정요구3 OFF
[14:40:12] : end pos sig3 :50.000000 - 50.000000
[14:40:12] : 측정요구4 ON
[14:40:22] : 측정요구4 OFF
[14:40:22] : end pos sig4 :-50.000000 - -50.000000
[14:40:22] : 11,20181130-144022,CF18112051661,,OK,MAX,1, ,0.50,7.00,1.86,OK,0.50,7.00,3.13,OK,0.50,7.00,0.92,OK,0.50,7.00,0.88,OK,
[14:40:45] : Cycle start ON
[14:40:48] : Cycle start OFF
[14:41:09] : REQUEST MEAS. ON
[14:41:18] : REQUEST MEAS. OFF
[14:41:18] : end pos sig1 :50.000000 - 50.000000
[14:41:18] : 측정요구 ON 2
[14:41:28] : 측정요구 2OFF
[14:41:28] : end pos sig2 :-50.000000 - -50.000000
[14:41:31] : 측정요구3 ON
[14:41:40] : 측정요구3 OFF
[14:41:40] : end pos sig3 :50.000000 - 50.000000
[14:41:40] : 측정요구4 ON
[14:41:50] : 측정요구4 OFF
[14:41:50] : end pos sig4 :-50.000000 - -50.000000
[14:41:50] : 11,20181130-144150,CF18112051921,,OK,MAX,1, ,0.50,7.00,1.36,OK,0.50,7.00,2.15,OK,0.50,7.00,1.00,OK,0.50,7.00,1.16,OK,
[14:42:14] : Cycle start ON
[14:42:17] : Cycle start OFF
[14:42:37] : REQUEST MEAS. ON
[14:42:46] : REQUEST MEAS. OFF
[14:42:46] : end pos sig1 :50.000000 - 50.000000
[14:42:47] : 측정요구 ON 2
[14:42:56] : 측정요구 2OFF
[14:42:56] : end pos sig2 :-50.000000 - -50.000000
[14:42:59] : 측정요구3 ON
[14:43:08] : 측정요구3 OFF
[14:43:08] : end pos sig3 :50.000000 - 50.000000
[14:43:08] : 측정요구4 ON
[14:43:16] : AUTO RUNNING OFF
[14:43:16] : 측정요구4 OFF
[14:43:16] : end pos sig4 :-32.890000 - -32.890000
[14:44:47] : MEAS ESC ON
[14:44:47] : MEAS ESC OFF
[14:44:47] : AUTO RUNNING ON
[14:44:47] : 측정요구4 ON
[14:44:48] : 측정요구4 OFF
[14:44:48] : end pos sig4 :-50.000000 - -50.000000
[14:44:48] : 11,20181130-144449,CF18112052511,,NG,MAX,1, ,0.50,7.00,2.31,OK,0.50,7.00,2.43,NG,0.50,7.00,1.00,OK,0.50,7.00,0.78,NG,
[14:44:50] : AUTO RUNNING OFF
[14:46:46] : MEAS ESC ON
[14:48:06] : MEAS ESC OFF
[16:05:48] : Plc Error Timer
[16:24:10] : MEAS ESC ON
[16:24:27] : MEAS ESC OFF
[16:24:27] : AUTO RUNNING ON
[16:25:06] : Cycle start ON
[16:25:09] : Cycle start OFF
[16:25:14] : REQUEST MEAS. ON
[16:25:23] : REQUEST MEAS. OFF
[16:25:23] : end pos sig1 :50.000000 - 50.000000
[16:25:23] : 측정요구 ON 2
[16:25:33] : 측정요구 2OFF
[16:25:33] : end pos sig2 :-50.000000 - -50.000000
[16:25:36] : 측정요구3 ON
[16:25:45] : 측정요구3 OFF
[16:25:45] : end pos sig3 :50.000000 - 50.000000
[16:25:45] : 측정요구4 ON
[16:25:55] : 측정요구4 OFF
[16:25:55] : end pos sig4 :-50.000000 - -50.000000
[16:25:55] : 11,20181130-162556,CF18112052561,,OK,MAX,1, ,0.50,7.00,1.68,OK,0.50,7.00,2.90,OK,0.50,7.00,2.62,OK,0.50,7.00,0.95,OK,
[16:26:13] : Cycle start ON
[16:26:15] : Cycle start OFF
[16:26:42] : REQUEST MEAS. ON
[16:26:51] : REQUEST MEAS. OFF
[16:26:51] : end pos sig1 :50.000000 - 50.000000
[16:26:51] : 측정요구 ON 2
[16:27:01] : 측정요구 2OFF
[16:27:01] : end pos sig2 :-50.000000 - -50.000000
[16:27:04] : 측정요구3 ON
[16:27:13] : 측정요구3 OFF
[16:27:13] : end pos sig3 :50.000000 - 50.000000
[16:27:13] : 측정요구4 ON
[16:27:23] : 측정요구4 OFF
[16:27:23] : end pos sig4 :-50.000000 - -50.000000
[16:27:23] : 11,20181130-162723,CF18112052221,,OK,MAX,1, ,0.50,7.00,2.34,OK,0.50,7.00,2.21,OK,0.50,7.00,0.83,OK,0.50,7.00,1.24,OK,
[16:27:45] : Cycle start ON
[16:27:47] : Cycle start OFF
[16:28:10] : REQUEST MEAS. ON
[16:28:19] : REQUEST MEAS. OFF
[16:28:19] : end pos sig1 :50.000000 - 50.000000
[16:28:19] : 측정요구 ON 2
[16:28:28] : 측정요구 2OFF
[16:28:28] : end pos sig2 :-50.000000 - -50.000000
[16:28:32] : 측정요구3 ON
[16:28:41] : 측정요구3 OFF
[16:28:41] : end pos sig3 :50.000000 - 50.000000
[16:28:41] : 측정요구4 ON
[16:28:51] : 측정요구4 OFF
[16:28:51] : end pos sig4 :-50.000000 - -50.000000
[16:28:53] : TCP FAIL 1
[16:29:16] : Cycle start ON
[16:29:19] : Cycle start OFF
[16:29:39] : REQUEST MEAS. ON
[16:29:49] : REQUEST MEAS. OFF
[16:29:49] : end pos sig1 :50.000000 - 50.000000
[16:29:49] : 측정요구 ON 2
[16:29:58] : 측정요구 2OFF
[16:29:58] : end pos sig2 :-50.000000 - -50.000000
[16:30:02] : 측정요구3 ON
[16:30:11] : 측정요구3 OFF
[16:30:11] : end pos sig3 :50.000000 - 50.000000
[16:30:11] : 측정요구4 ON
[16:30:20] : 측정요구4 OFF
[16:30:20] : end pos sig4 :-50.000000 - -50.000000
[16:30:20] : 11,20181130-163021,CF18112053271,,OK,MAX,1, ,0.50,7.00,2.05,OK,0.50,7.00,2.64,OK,0.50,7.00,1.09,OK,0.50,7.00,1.25,OK,
[16:30:39] : Cycle start ON
[16:30:42] : Cycle start OFF
[16:31:07] : REQUEST MEAS. ON
[16:31:16] : REQUEST MEAS. OFF
[16:31:16] : end pos sig1 :50.000000 - 50.000000
[16:31:16] : 측정요구 ON 2
[16:31:26] : 측정요구 2OFF
[16:31:26] : end pos sig2 :-50.000000 - -50.000000
[16:31:29] : 측정요구3 ON
[16:31:38] : 측정요구3 OFF
[16:31:38] : end pos sig3 :50.000000 - 50.000000
[16:31:38] : 측정요구4 ON
[16:31:48] : 측정요구4 OFF
[16:31:48] : end pos sig4 :-50.000000 - -50.000000
[16:31:48] : 11,20181130-163148,CF18112053141,,OK,MAX,1, ,0.50,7.00,1.99,OK,0.50,7.00,2.46,OK,0.50,7.00,1.10,OK,0.50,7.00,0.99,OK,
[16:32:07] : Cycle start ON
[16:32:10] : Cycle start OFF
[16:32:36] : REQUEST MEAS. ON
[16:32:45] : REQUEST MEAS. OFF
[16:32:45] : end pos sig1 :50.000000 - 50.000000
[16:32:45] : 측정요구 ON 2
[16:32:54] : 측정요구 2OFF
[16:32:54] : end pos sig2 :-50.000000 - -50.000000
[16:32:57] : 측정요구3 ON
[16:33:06] : 측정요구3 OFF
[16:33:06] : end pos sig3 :50.000000 - 50.000000
[16:33:06] : 측정요구4 ON
[16:33:16] : 측정요구4 OFF
[16:33:16] : end pos sig4 :-50.000000 - -50.000000
[16:33:16] : 11,20181130-163317,CF18112052851,,OK,MAX,1, ,0.50,7.00,1.62,OK,0.50,7.00,2.53,OK,0.50,7.00,0.88,OK,0.50,7.00,1.00,OK,
[16:33:34] : Cycle start ON
[16:33:37] : Cycle start OFF
[16:34:03] : REQUEST MEAS. ON
[16:34:13] : REQUEST MEAS. OFF
[16:34:13] : end pos sig1 :50.000000 - 50.000000
[16:34:13] : 측정요구 ON 2
[16:34:22] : 측정요구 2OFF
[16:34:22] : end pos sig2 :-50.000000 - -50.000000
[16:34:25] : 측정요구3 ON
[16:34:34] : 측정요구3 OFF
[16:34:34] : end pos sig3 :50.000000 - 50.000000
[16:34:34] : 측정요구4 ON
[16:34:44] : 측정요구4 OFF
[16:34:44] : end pos sig4 :-50.000000 - -50.000000
[16:34:44] : 11,20181130-163445,CF18112052681,,OK,MAX,1, ,0.50,7.00,2.01,OK,0.50,7.00,2.83,OK,0.50,7.00,0.84,OK,0.50,7.00,0.86,OK,
[16:36:30] : Cycle start ON
[16:36:33] : Cycle start OFF
[16:36:39] : REQUEST MEAS. ON
[16:36:48] : REQUEST MEAS. OFF
[16:36:48] : end pos sig1 :50.000000 - 50.000000
[16:36:48] : 측정요구 ON 2
[16:36:57] : 측정요구 2OFF
[16:36:57] : end pos sig2 :-50.000000 - -50.000000
[16:37:00] : 측정요구3 ON
[16:37:09] : 측정요구3 OFF
[16:37:09] : end pos sig3 :50.000000 - 50.000000
[16:37:09] : 측정요구4 ON
[16:37:19] : 측정요구4 OFF
[16:37:19] : end pos sig4 :-50.000000 - -50.000000
[16:37:19] : 11,20181130-163720,CF18112053421,,OK,MAX,1, ,0.50,7.00,2.20,OK,0.50,7.00,2.67,OK,0.50,7.00,0.87,OK,0.50,7.00,0.84,OK,
[16:38:58] : Cycle start ON
[16:39:01] : Cycle start OFF
[16:39:07] : REQUEST MEAS. ON
[16:39:16] : REQUEST MEAS. OFF
[16:39:16] : end pos sig1 :50.000000 - 50.000000
[16:39:16] : 측정요구 ON 2
[16:39:25] : 측정요구 2OFF
[16:39:25] : end pos sig2 :-50.000000 - -50.000000
[16:39:29] : 측정요구3 ON
[16:39:38] : 측정요구3 OFF
[16:39:38] : end pos sig3 :50.000000 - 50.000000
[16:39:38] : 측정요구4 ON
[16:39:47] : 측정요구4 OFF
[16:39:47] : end pos sig4 :-50.000000 - -50.000000
[16:39:47] : 11,20181130-163948,CF18112052871,,OK,MAX,1, ,0.50,7.00,1.29,OK,0.50,7.00,2.66,OK,0.50,7.00,2.75,OK,0.50,7.00,0.99,OK,
[16:40:08] : Cycle start ON
[16:40:10] : Cycle start OFF
[16:40:16] : REQUEST MEAS. ON
[16:40:26] : REQUEST MEAS. OFF
[16:40:26] : end pos sig1 :50.000000 - 50.000000
[16:40:26] : 측정요구 ON 2
[16:40:35] : 측정요구 2OFF
[16:40:35] : end pos sig2 :-50.000000 - -50.000000
[16:40:39] : 측정요구3 ON
[16:40:48] : 측정요구3 OFF
[16:40:48] : end pos sig3 :50.000000 - 50.000000
[16:40:48] : 측정요구4 ON
[16:40:58] : 측정요구4 OFF
[16:40:58] : end pos sig4 :-50.000000 - -50.000000
[16:40:58] : 11,20181130-164058,CF18112052271,,NG,MAX,1, ,0.50,7.00,12.14,NG,0.50,7.00,2.31,OK,0.50,7.00,0.88,OK,0.50,7.00,0.76,OK,
[16:41:27] : Cycle start ON
[16:41:29] : Cycle start OFF
[16:41:45] : REQUEST MEAS. ON
[16:41:54] : REQUEST MEAS. OFF
[16:41:54] : end pos sig1 :50.000000 - 50.000000
[16:41:54] : 측정요구 ON 2
[16:42:04] : 측정요구 2OFF
[16:42:04] : end pos sig2 :-50.000000 - -50.000000
[16:42:07] : 측정요구3 ON
[16:42:16] : 측정요구3 OFF
[16:42:16] : end pos sig3 :50.000000 - 50.000000
[16:42:16] : 측정요구4 ON
[16:42:26] : 측정요구4 OFF
[16:42:26] : end pos sig4 :-50.000000 - -50.000000
[16:42:26] : 11,20181130-164226,CF18112053681,,OK,MAX,1, ,0.50,7.00,1.99,OK,0.50,7.00,2.79,OK,0.50,7.00,1.03,OK,0.50,7.00,0.84,OK,
[16:42:35] : AUTO RUNNING OFF
[16:42:53] : MEAS ESC ON
[16:42:54] : MEAS ESC OFF
[16:42:54] : AUTO RUNNING ON
[16:43:08] : Cycle start ON
[16:43:11] : Cycle start OFF
[16:43:42] : REQUEST MEAS. ON
[16:43:51] : REQUEST MEAS. OFF
[16:43:51] : end pos sig1 :50.000000 - 50.000000
[16:43:51] : 측정요구 ON 2
[16:44:01] : 측정요구 2OFF
[16:44:01] : end pos sig2 :-50.000000 - -50.000000
[16:44:04] : 측정요구3 ON
[16:44:13] : 측정요구3 OFF
[16:44:13] : end pos sig3 :50.000000 - 50.000000
[16:44:13] : 측정요구4 ON
[16:44:23] : 측정요구4 OFF
[16:44:23] : end pos sig4 :-50.000000 - -50.000000
[16:44:23] : 11,20181130-164423,CF18112053281,,OK,MAX,1, ,0.50,7.00,1.88,OK,0.50,7.00,3.56,OK,0.50,7.00,0.93,OK,0.50,7.00,1.18,OK,
[16:44:43] : Cycle start ON
[16:44:45] : Cycle start OFF
[16:45:11] : REQUEST MEAS. ON
[16:45:20] : REQUEST MEAS. OFF
[16:45:20] : end pos sig1 :50.000000 - 50.000000
[16:45:20] : 측정요구 ON 2
[16:45:29] : 측정요구 2OFF
[16:45:29] : end pos sig2 :-50.000000 - -50.000000
[16:45:32] : 측정요구3 ON
[16:45:41] : 측정요구3 OFF
[16:45:41] : end pos sig3 :50.000000 - 50.000000
[16:45:41] : 측정요구4 ON
[16:45:51] : 측정요구4 OFF
[16:45:51] : end pos sig4 :-50.000000 - -50.000000
[16:45:51] : 11,20181130-164552,CF18112052921,,OK,MAX,1, ,0.50,7.00,1.89,OK,0.50,7.00,2.88,OK,0.50,7.00,1.15,OK,0.50,7.00,0.92,OK,
[16:46:09] : Cycle start ON
[16:46:12] : Cycle start OFF
[16:46:39] : REQUEST MEAS. ON
[16:46:48] : REQUEST MEAS. OFF
[16:46:48] : end pos sig1 :50.000000 - 50.000000
[16:46:48] : 측정요구 ON 2
[16:46:57] : 측정요구 2OFF
[16:46:57] : end pos sig2 :-50.000000 - -50.000000
[16:47:00] : 측정요구3 ON
[16:47:09] : 측정요구3 OFF
[16:47:09] : end pos sig3 :50.000000 - 50.000000
[16:47:09] : 측정요구4 ON
[16:47:19] : 측정요구4 OFF
[16:47:19] : end pos sig4 :-50.000000 - -50.000000
[16:47:19] : 11,20181130-164720,CF18112052431,,OK,MAX,1, ,0.50,7.00,1.94,OK,0.50,7.00,2.25,OK,0.50,7.00,0.97,OK,0.50,7.00,0.89,OK,
[16:47:43] : Cycle start ON
[16:47:46] : Cycle start OFF
[16:48:06] : REQUEST MEAS. ON
[16:48:15] : REQUEST MEAS. OFF
[16:48:15] : end pos sig1 :50.000000 - 50.000000
[16:48:15] : 측정요구 ON 2
[16:48:25] : 측정요구 2OFF
[16:48:25] : end pos sig2 :-50.000000 - -50.000000
[16:48:28] : 측정요구3 ON
[16:48:37] : 측정요구3 OFF
[16:48:37] : end pos sig3 :50.000000 - 50.000000
[16:48:37] : 측정요구4 ON
[16:48:47] : 측정요구4 OFF
[16:48:47] : end pos sig4 :-50.000000 - -50.000000
[16:48:47] : 11,20181130-164848,CF18112053881,,OK,MAX,1, ,0.50,7.00,1.80,OK,0.50,7.00,2.15,OK,0.50,7.00,0.75,OK,0.50,7.00,0.80,OK,
[16:49:06] : Cycle start ON
[16:49:09] : Cycle start OFF
[16:49:35] : REQUEST MEAS. ON
[16:49:44] : REQUEST MEAS. OFF
[16:49:44] : end pos sig1 :50.000000 - 50.000000
[16:49:44] : 측정요구 ON 2
[16:49:53] : 측정요구 2OFF
[16:49:53] : end pos sig2 :-50.000000 - -50.000000
[16:49:56] : 측정요구3 ON
[16:50:05] : 측정요구3 OFF
[16:50:05] : end pos sig3 :50.000000 - 50.000000
[16:50:05] : 측정요구4 ON
[16:50:15] : 측정요구4 OFF
[16:50:15] : end pos sig4 :-50.000000 - -50.000000
[16:50:15] : 11,20181130-165016,CF18112053781,,OK,MAX,1, ,0.50,7.00,2.31,OK,0.50,7.00,2.53,OK,0.50,7.00,1.26,OK,0.50,7.00,0.84,OK,
[16:50:34] : Cycle start ON
[16:50:36] : Cycle start OFF
[16:51:02] : REQUEST MEAS. ON
[16:51:11] : REQUEST MEAS. OFF
[16:51:11] : end pos sig1 :50.000000 - 50.000000
[16:51:12] : 측정요구 ON 2
[16:51:21] : 측정요구 2OFF
[16:51:21] : end pos sig2 :-50.000000 - -50.000000
[16:51:24] : 측정요구3 ON
[16:51:33] : 측정요구3 OFF
[16:51:33] : end pos sig3 :50.000000 - 50.000000
[16:51:33] : 측정요구4 ON
[16:51:43] : 측정요구4 OFF
[16:51:43] : end pos sig4 :-50.000000 - -50.000000
[16:51:43] : 11,20181130-165143,CF18112053951,,OK,MAX,1, ,0.50,7.00,2.23,OK,0.50,7.00,3.05,OK,0.50,7.00,0.79,OK,0.50,7.00,0.91,OK,
[16:52:01] : Cycle start ON
[16:52:03] : Cycle start OFF
[16:52:29] : REQUEST MEAS. ON
[16:52:39] : REQUEST MEAS. OFF
[16:52:39] : end pos sig1 :50.000000 - 50.000000
[16:52:39] : 측정요구 ON 2
[16:52:49] : 측정요구 2OFF
[16:52:49] : end pos sig2 :-50.000000 - -50.000000
[16:52:52] : 측정요구3 ON
[16:53:01] : 측정요구3 OFF
[16:53:01] : end pos sig3 :50.000000 - 50.000000
[16:53:01] : 측정요구4 ON
[16:53:11] : 측정요구4 OFF
[16:53:11] : end pos sig4 :-50.000000 - -50.000000
[16:53:11] : 11,20181130-165311,CF18112052021,,OK,MAX,1, ,0.50,7.00,1.96,OK,0.50,7.00,2.92,OK,0.50,7.00,0.93,OK,0.50,7.00,0.81,OK,
[16:53:35] : Cycle start ON
[16:53:37] : Cycle start OFF
[16:53:58] : REQUEST MEAS. ON
[16:54:07] : REQUEST MEAS. OFF
[16:54:07] : end pos sig1 :50.000000 - 50.000000
[16:54:07] : 측정요구 ON 2
[16:54:17] : 측정요구 2OFF
[16:54:17] : end pos sig2 :-50.000000 - -50.000000
[16:54:20] : 측정요구3 ON
[16:54:29] : 측정요구3 OFF
[16:54:29] : end pos sig3 :50.000000 - 50.000000
[16:54:29] : 측정요구4 ON
[16:54:39] : 측정요구4 OFF
[16:54:39] : end pos sig4 :-50.000000 - -50.000000
[16:54:39] : 11,20181130-165440,CF18112053351,,OK,MAX,1, ,0.50,7.00,1.78,OK,0.50,7.00,1.92,OK,0.50,7.00,0.88,OK,0.50,7.00,0.71,OK,
[16:55:03] : Cycle start ON
[16:55:06] : Cycle start OFF
[16:55:27] : REQUEST MEAS. ON
[16:55:36] : REQUEST MEAS. OFF
[16:55:36] : end pos sig1 :50.000000 - 50.000000
[16:55:36] : 측정요구 ON 2
[16:55:45] : 측정요구 2OFF
[16:55:45] : end pos sig2 :-50.000000 - -50.000000
[16:55:48] : 측정요구3 ON
[16:55:57] : 측정요구3 OFF
[16:55:57] : end pos sig3 :50.000000 - 50.000000
[16:55:57] : 측정요구4 ON
[16:56:07] : 측정요구4 OFF
[16:56:07] : end pos sig4 :-50.000000 - -50.000000
[16:56:07] : 11,20181130-165608,CF18112052191,,OK,MAX,1, ,0.50,7.00,1.98,OK,0.50,7.00,3.41,OK,0.50,7.00,1.31,OK,0.50,7.00,1.18,OK,
[16:56:32] : Cycle start ON
[16:56:34] : Cycle start OFF
[16:56:55] : REQUEST MEAS. ON
[16:57:04] : REQUEST MEAS. OFF
[16:57:04] : end pos sig1 :50.000000 - 50.000000
[16:57:04] : 측정요구 ON 2
[16:57:13] : 측정요구 2OFF
[16:57:13] : end pos sig2 :-50.000000 - -50.000000
[16:57:17] : 측정요구3 ON
[16:57:26] : 측정요구3 OFF
[16:57:26] : end pos sig3 :50.000000 - 50.000000
[16:57:26] : 측정요구4 ON
[16:57:36] : 측정요구4 OFF
[16:57:36] : end pos sig4 :-50.000000 - -50.000000
[16:57:36] : 11,20181130-165736,CF18112053021,,OK,MAX,1, ,0.50,7.00,2.05,OK,0.50,7.00,2.61,OK,0.50,7.00,1.00,OK,0.50,7.00,0.80,OK,
[16:57:54] : Cycle start ON
[16:57:57] : Cycle start OFF
[16:58:22] : REQUEST MEAS. ON
[16:58:32] : REQUEST MEAS. OFF
[16:58:32] : end pos sig1 :50.000000 - 50.000000
[16:58:32] : 측정요구 ON 2
[16:58:41] : 측정요구 2OFF
[16:58:41] : end pos sig2 :-50.000000 - -50.000000
[16:58:45] : 측정요구3 ON
[16:58:54] : 측정요구3 OFF
[16:58:54] : end pos sig3 :50.000000 - 50.000000
[16:58:54] : 측정요구4 ON
[16:59:04] : 측정요구4 OFF
[16:59:04] : end pos sig4 :-50.000000 - -50.000000
[16:59:04] : 11,20181130-165904,CF18112053221,,OK,MAX,1, ,0.50,7.00,1.73,OK,0.50,7.00,3.29,OK,0.50,7.00,1.06,OK,0.50,7.00,1.65,OK,
[16:59:12] : AUTO RUNNING OFF
[18:14:44] : MEAS ESC ON
[18:14:44] : MEAS ESC OFF
[18:14:44] : AUTO RUNNING ON
[18:15:04] : Cycle start ON
[18:15:06] : Cycle start OFF
[18:15:13] : REQUEST MEAS. ON
[18:15:22] : REQUEST MEAS. OFF
[18:15:22] : end pos sig1 :50.000000 - 50.000000
[18:15:22] : 측정요구 ON 2
[18:15:32] : 측정요구 2OFF
[18:15:32] : end pos sig2 :-40.660000 - -40.840000
[18:15:35] : 측정요구3 ON
[18:15:44] : 측정요구3 OFF
[18:15:44] : end pos sig3 :50.000000 - 50.000000
[18:15:44] : 측정요구4 ON
[18:15:54] : 측정요구4 OFF
[18:15:54] : end pos sig4 :-50.000000 - -50.000000
[18:15:54] : 11,20181130-181554,CF18112053541,,OK,MAX,1, ,0.50,7.00,3.30,OK,0.50,7.00,3.47,OK,0.50,7.00,1.13,OK,0.50,7.00,1.46,OK,
[18:17:40] : Cycle start ON
[18:17:43] : Cycle start OFF
[18:17:49] : REQUEST MEAS. ON
[18:17:58] : REQUEST MEAS. OFF
[18:17:58] : end pos sig1 :50.000000 - 50.000000
[18:17:58] : 측정요구 ON 2
[18:18:08] : 측정요구 2OFF
[18:18:08] : end pos sig2 :-50.000000 - -50.000000
[18:18:11] : 측정요구3 ON
[18:18:20] : 측정요구3 OFF
[18:18:20] : end pos sig3 :50.000000 - 50.000000
[18:18:20] : 측정요구4 ON
[18:18:30] : 측정요구4 OFF
[18:18:30] : end pos sig4 :-50.000000 - -50.000000
[18:18:30] : 11,20181130-181831,CF18112052111,,OK,MAX,1, ,0.50,7.00,1.53,OK,0.50,7.00,2.46,OK,0.50,7.00,0.81,OK,0.50,7.00,1.07,OK,
[18:18:49] : Cycle start ON
[18:18:52] : Cycle start OFF
[18:19:18] : REQUEST MEAS. ON
[18:19:27] : REQUEST MEAS. OFF
[18:19:27] : end pos sig1 :50.000000 - 50.000000
[18:19:27] : 측정요구 ON 2
[18:19:36] : 측정요구 2OFF
[18:19:36] : end pos sig2 :-50.000000 - -50.000000
[18:19:39] : 측정요구3 ON
[18:19:48] : 측정요구3 OFF
[18:19:48] : end pos sig3 :50.000000 - 50.000000
[18:19:48] : 측정요구4 ON
[18:19:58] : 측정요구4 OFF
[18:19:58] : end pos sig4 :-50.000000 - -50.000000
[18:19:58] : 11,20181130-181959,CF18112052951,,OK,MAX,1, ,0.50,7.00,2.49,OK,0.50,7.00,2.51,OK,0.50,7.00,0.87,OK,0.50,7.00,1.04,OK,
[18:20:22] : Cycle start ON
[18:20:25] : Cycle start OFF
[18:20:45] : REQUEST MEAS. ON
[18:20:55] : REQUEST MEAS. OFF
[18:20:55] : end pos sig1 :50.000000 - 50.000000
[18:20:55] : 측정요구 ON 2
[18:21:04] : 측정요구 2OFF
[18:21:04] : end pos sig2 :-50.000000 - -50.000000
[18:21:07] : 측정요구3 ON
[18:21:16] : 측정요구3 OFF
[18:21:16] : end pos sig3 :50.000000 - 50.000000
[18:21:16] : 측정요구4 ON
[18:21:26] : 측정요구4 OFF
[18:21:26] : end pos sig4 :-50.000000 - -50.000000
[18:21:26] : 11,20181130-182127,CF18112051631,,OK,MAX,1, ,0.50,7.00,2.93,OK,0.50,7.00,2.55,OK,0.50,7.00,1.19,OK,0.50,7.00,0.76,OK,
[18:21:50] : Cycle start ON
[18:21:52] : Cycle start OFF
[18:22:13] : REQUEST MEAS. ON
[18:22:22] : REQUEST MEAS. OFF
[18:22:22] : end pos sig1 :50.000000 - 50.000000
[18:22:22] : 측정요구 ON 2
[18:22:32] : 측정요구 2OFF
[18:22:32] : end pos sig2 :-50.000000 - -50.000000
[18:22:35] : 측정요구3 ON
[18:22:44] : 측정요구3 OFF
[18:22:44] : end pos sig3 :50.000000 - 50.000000
[18:22:44] : 측정요구4 ON
[18:22:54] : 측정요구4 OFF
[18:22:54] : end pos sig4 :-50.000000 - -50.000000
[18:22:54] : 11,20181130-182255,CF18112051611,,OK,MAX,1, ,0.50,7.00,2.23,OK,0.50,7.00,2.84,OK,0.50,7.00,1.02,OK,0.50,7.00,0.88,OK,
[18:23:18] : Cycle start ON
[18:23:20] : Cycle start OFF
[18:23:41] : REQUEST MEAS. ON
[18:23:50] : REQUEST MEAS. OFF
[18:23:50] : end pos sig1 :50.000000 - 50.000000
[18:23:50] : 측정요구 ON 2
[18:24:00] : 측정요구 2OFF
[18:24:00] : end pos sig2 :-50.000000 - -50.000000
[18:24:03] : 측정요구3 ON
[18:24:12] : 측정요구3 OFF
[18:24:12] : end pos sig3 :50.000000 - 50.000000
[18:24:12] : 측정요구4 ON
[18:24:22] : 측정요구4 OFF
[18:24:22] : end pos sig4 :-50.000000 - -50.000000
[18:24:22] : 11,20181130-182422,CF18112052281,,OK,MAX,1, ,0.50,7.00,2.26,OK,0.50,7.00,2.64,OK,0.50,7.00,0.92,OK,0.50,7.00,1.06,OK,
[18:24:46] : Cycle start ON
[18:24:48] : Cycle start OFF
[18:25:09] : REQUEST MEAS. ON
[18:25:18] : REQUEST MEAS. OFF
[18:25:18] : end pos sig1 :50.000000 - 50.000000
[18:25:18] : 측정요구 ON 2
[18:25:28] : 측정요구 2OFF
[18:25:28] : end pos sig2 :-50.000000 - -50.000000
[18:25:31] : 측정요구3 ON
[18:25:40] : 측정요구3 OFF
[18:25:40] : end pos sig3 :50.000000 - 50.000000
[18:25:40] : 측정요구4 ON
[18:25:50] : 측정요구4 OFF
[18:25:50] : end pos sig4 :-50.000000 - -50.000000
[18:25:50] : 11,20181130-182551,CF18112051971,,OK,MAX,1, ,0.50,7.00,2.23,OK,0.50,7.00,3.31,OK,0.50,7.00,0.82,OK,0.50,7.00,1.16,OK,
[18:26:14] : Cycle start ON
[18:26:17] : Cycle start OFF
[18:26:37] : REQUEST MEAS. ON
[18:26:47] : REQUEST MEAS. OFF
[18:26:47] : end pos sig1 :50.000000 - 50.000000
[18:26:47] : 측정요구 ON 2
[18:26:56] : 측정요구 2OFF
[18:26:56] : end pos sig2 :-50.000000 - -50.000000
[18:26:59] : 측정요구3 ON
[18:27:08] : 측정요구3 OFF
[18:27:08] : end pos sig3 :50.000000 - 50.000000
[18:27:08] : 측정요구4 ON
[18:27:18] : 측정요구4 OFF
[18:27:18] : end pos sig4 :-50.000000 - -50.000000
[18:27:18] : 11,20181130-182719,CF18112053471,,OK,MAX,1, ,0.50,7.00,1.63,OK,0.50,7.00,1.97,OK,0.50,7.00,0.88,OK,0.50,7.00,1.21,OK,
[18:27:37] : Cycle start ON
[18:27:40] : Cycle start OFF
[18:28:06] : REQUEST MEAS. ON
[18:28:15] : REQUEST MEAS. OFF
[18:28:15] : end pos sig1 :50.000000 - 50.000000
[18:28:15] : 측정요구 ON 2
[18:28:24] : 측정요구 2OFF
[18:28:24] : end pos sig2 :-50.000000 - -50.000000
[18:28:28] : 측정요구3 ON
[18:28:37] : 측정요구3 OFF
[18:28:37] : end pos sig3 :50.000000 - 50.000000
[18:28:37] : 측정요구4 ON
[18:28:46] : 측정요구4 OFF
[18:28:46] : end pos sig4 :-50.000000 - -50.000000
[18:28:46] : 11,20181130-182847,CF18112053591,,OK,MAX,1, ,0.50,7.00,1.96,OK,0.50,7.00,2.39,OK,0.50,7.00,0.99,OK,0.50,7.00,1.14,OK,
[18:29:04] : Cycle start ON
[18:29:07] : Cycle start OFF
[18:29:34] : REQUEST MEAS. ON
[18:29:43] : REQUEST MEAS. OFF
[18:29:43] : end pos sig1 :50.000000 - 50.000000
[18:29:43] : 측정요구 ON 2
[18:29:52] : 측정요구 2OFF
[18:29:52] : end pos sig2 :-50.000000 - -50.000000
[18:29:56] : 측정요구3 ON
[18:30:05] : 측정요구3 OFF
[18:30:05] : end pos sig3 :50.000000 - 50.000000
[18:30:05] : 측정요구4 ON
[18:30:15] : 측정요구4 OFF
[18:30:15] : end pos sig4 :-50.000000 - -50.000000
[18:30:15] : 11,20181130-183015,CF18112052541,,OK,MAX,1, ,0.50,7.00,2.25,OK,0.50,7.00,2.74,OK,0.50,7.00,1.06,OK,0.50,7.00,1.01,OK,
[18:30:33] : Cycle start ON
[18:30:35] : Cycle start OFF
[18:31:01] : REQUEST MEAS. ON
[18:31:10] : REQUEST MEAS. OFF
[18:31:10] : end pos sig1 :50.000000 - 50.000000
[18:31:10] : 측정요구 ON 2
[18:31:20] : 측정요구 2OFF
[18:31:20] : end pos sig2 :-50.000000 - -50.000000
[18:31:24] : 측정요구3 ON
[18:31:33] : 측정요구3 OFF
[18:31:33] : end pos sig3 :50.000000 - 50.000000
[18:31:33] : 측정요구4 ON
[18:31:43] : 측정요구4 OFF
[18:31:43] : end pos sig4 :-50.000000 - -50.000000
[18:31:43] : 11,20181130-183143,CF18112052291,,OK,MAX,1, ,0.50,7.00,1.32,OK,0.50,7.00,3.12,OK,0.50,7.00,0.90,OK,0.50,7.00,0.75,OK,
[18:32:01] : Cycle start ON
[18:32:04] : Cycle start OFF
[18:32:29] : REQUEST MEAS. ON
[18:32:38] : REQUEST MEAS. OFF
[18:32:38] : end pos sig1 :50.000000 - 50.000000
[18:32:39] : 측정요구 ON 2
[18:32:48] : 측정요구 2OFF
[18:32:48] : end pos sig2 :-50.000000 - -50.000000
[18:32:52] : 측정요구3 ON
[18:33:01] : 측정요구3 OFF
[18:33:01] : end pos sig3 :50.000000 - 50.000000
[18:33:01] : 측정요구4 ON
[18:33:11] : 측정요구4 OFF
[18:33:11] : end pos sig4 :-50.000000 - -50.000000
[18:33:11] : 11,20181130-183311,CF18112052321,,OK,MAX,1, ,0.50,7.00,3.35,OK,0.50,7.00,1.94,OK,0.50,7.00,1.03,OK,0.50,7.00,1.01,OK,
[18:33:35] : Cycle start ON
[18:33:37] : Cycle start OFF
[18:33:58] : REQUEST MEAS. ON
[18:34:07] : REQUEST MEAS. OFF
[18:34:07] : end pos sig1 :50.000000 - 50.000000
[18:34:07] : 측정요구 ON 2
[18:34:16] : 측정요구 2OFF
[18:34:16] : end pos sig2 :-50.000000 - -50.000000
[18:34:20] : 측정요구3 ON
[18:34:29] : 측정요구3 OFF
[18:34:29] : end pos sig3 :50.000000 - 50.000000
[18:34:29] : 측정요구4 ON
[18:34:39] : 측정요구4 OFF
[18:34:39] : end pos sig4 :-50.000000 - -50.000000
[18:34:39] : 11,20181130-183439,CF18112053671,,OK,MAX,1, ,0.50,7.00,2.04,OK,0.50,7.00,3.62,OK,0.50,7.00,1.05,OK,0.50,7.00,0.98,OK,
[18:34:57] : Cycle start ON
[18:35:00] : Cycle start OFF
[18:35:25] : REQUEST MEAS. ON
[18:35:34] : REQUEST MEAS. OFF
[18:35:34] : end pos sig1 :50.000000 - 50.000000
[18:35:34] : 측정요구 ON 2
[18:35:44] : 측정요구 2OFF
[18:35:44] : end pos sig2 :-50.000000 - -50.000000
[18:35:48] : 측정요구3 ON
[18:35:57] : 측정요구3 OFF
[18:35:57] : end pos sig3 :50.000000 - 50.000000
[18:35:57] : 측정요구4 ON
[18:36:06] : 측정요구4 OFF
[18:36:06] : end pos sig4 :-50.000000 - -50.000000
[18:36:06] : 11,20181130-183607,CF18112052341,,OK,MAX,1, ,0.50,7.00,2.07,OK,0.50,7.00,2.53,OK,0.50,7.00,0.93,OK,0.50,7.00,2.51,OK,
[18:36:25] : Cycle start ON
[18:36:28] : Cycle start OFF
[18:36:54] : REQUEST MEAS. ON
[18:37:03] : REQUEST MEAS. OFF
[18:37:03] : end pos sig1 :50.000000 - 50.000000
[18:37:03] : 측정요구 ON 2
[18:37:12] : 측정요구 2OFF
[18:37:12] : end pos sig2 :-50.000000 - -50.000000
[18:37:16] : 측정요구3 ON
[18:37:25] : 측정요구3 OFF
[18:37:25] : end pos sig3 :50.000000 - 50.000000
[18:37:25] : 측정요구4 ON
[18:37:35] : 측정요구4 OFF
[18:37:35] : end pos sig4 :-50.000000 - -50.000000
[18:37:35] : 11,20181130-183735,CF18112052441,,OK,MAX,1, ,0.50,7.00,2.10,OK,0.50,7.00,2.59,OK,0.50,7.00,1.47,OK,0.50,7.00,1.08,OK,
[18:39:03] : Cycle start ON
[18:39:05] : Cycle start OFF
[18:39:11] : REQUEST MEAS. ON
[18:39:20] : REQUEST MEAS. OFF
[18:39:20] : end pos sig1 :50.000000 - 50.000000
[18:39:20] : 측정요구 ON 2
[18:39:30] : 측정요구 2OFF
[18:39:30] : end pos sig2 :-50.000000 - -50.000000
[18:39:33] : 측정요구3 ON
[18:39:42] : 측정요구3 OFF
[18:39:42] : end pos sig3 :50.000000 - 50.000000
[18:39:42] : 측정요구4 ON
[18:39:52] : 측정요구4 OFF
[18:39:52] : end pos sig4 :-50.000000 - -50.000000
[18:39:52] : 11,20181130-183952,CF18112053231,,OK,MAX,1, ,0.50,7.00,2.33,OK,0.50,7.00,2.16,OK,0.50,7.00,1.05,OK,0.50,7.00,1.14,OK,
[18:42:11] : Cycle start ON
[18:42:13] : Cycle start OFF
[18:42:19] : REQUEST MEAS. ON
[18:42:28] : REQUEST MEAS. OFF
[18:42:28] : end pos sig1 :50.000000 - 50.000000
[18:42:28] : 측정요구 ON 2
[18:42:37] : 측정요구 2OFF
[18:42:37] : end pos sig2 :-50.000000 - -50.000000
[18:42:41] : 측정요구3 ON
[18:42:50] : 측정요구3 OFF
[18:42:50] : end pos sig3 :50.000000 - 50.000000
[18:42:50] : 측정요구4 ON
[18:43:00] : 측정요구4 OFF
[18:43:00] : end pos sig4 :-50.000000 - -50.000000
[18:43:00] : 11,20181130-184300,CF18112052421,,OK,MAX,1, ,0.50,7.00,1.90,OK,0.50,7.00,3.00,OK,0.50,7.00,1.17,OK,0.50,7.00,1.52,OK,
[18:43:18] : Cycle start ON
[18:43:20] : Cycle start OFF
[18:43:42] : AUTO RUNNING OFF
[18:43:44] : MEAS ESC ON
[18:44:38] : MEAS ESC OFF
[18:44:40] : MEAS ESC ON
[18:44:41] : MEAS ESC OFF
[18:44:41] : AUTO RUNNING ON
[18:44:46] : REQUEST MEAS. ON
[18:44:55] : REQUEST MEAS. OFF
[18:44:55] : end pos sig1 :50.000000 - 50.000000
[18:44:55] : 측정요구 ON 2
[18:45:05] : 측정요구 2OFF
[18:45:05] : end pos sig2 :-50.000000 - -50.000000
[18:45:08] : 측정요구3 ON
[18:45:17] : 측정요구3 OFF
[18:45:17] : end pos sig3 :50.000000 - 50.000000
[18:45:17] : 측정요구4 ON
[18:45:27] : 측정요구4 OFF
[18:45:27] : end pos sig4 :-50.000000 - -50.000000
[18:45:27] : 11,20181130-184528,CF18112052411,,OK,MAX,1, ,0.50,7.00,1.83,OK,0.50,7.00,1.89,OK,0.50,7.00,0.70,OK,0.50,7.00,0.87,OK,
[18:46:45] : Cycle start ON
[18:46:48] : Cycle start OFF
[18:46:54] : REQUEST MEAS. ON
[18:47:03] : REQUEST MEAS. OFF
[18:47:03] : end pos sig1 :50.000000 - 50.000000
[18:47:03] : 측정요구 ON 2
[18:47:13] : 측정요구 2OFF
[18:47:13] : end pos sig2 :-50.000000 - -50.000000
[18:47:16] : 측정요구3 ON
[18:47:25] : 측정요구3 OFF
[18:47:25] : end pos sig3 :50.000000 - 50.000000
[18:47:25] : 측정요구4 ON
[18:47:35] : 측정요구4 OFF
[18:47:35] : end pos sig4 :-50.000000 - -50.000000
[18:47:35] : 11,20181130-184735,CF18112052081,,OK,MAX,1, ,0.50,7.00,1.45,OK,0.50,7.00,2.66,OK,0.50,7.00,1.32,OK,0.50,7.00,1.37,OK,
[18:47:54] : Cycle start ON
[18:47:56] : Cycle start OFF
[18:48:23] : REQUEST MEAS. ON
[18:48:32] : REQUEST MEAS. OFF
[18:48:32] : end pos sig1 :50.000000 - 50.000000
[18:48:32] : 측정요구 ON 2
[18:48:41] : 측정요구 2OFF
[18:48:41] : end pos sig2 :-50.000000 - -50.000000
[18:48:44] : 측정요구3 ON
[18:48:53] : 측정요구3 OFF
[18:48:53] : end pos sig3 :50.000000 - 50.000000
[18:48:53] : 측정요구4 ON
[18:49:03] : 측정요구4 OFF
[18:49:03] : end pos sig4 :-50.000000 - -50.000000
[18:49:03] : 11,20181130-184903,CF18112052651,,OK,MAX,1, ,0.50,7.00,1.85,OK,0.50,7.00,2.87,OK,0.50,7.00,1.35,OK,0.50,7.00,2.50,OK,
[18:49:21] : Cycle start ON
[18:49:24] : Cycle start OFF
[18:49:51] : REQUEST MEAS. ON
[18:50:00] : REQUEST MEAS. OFF
[18:50:00] : end pos sig1 :50.000000 - 50.000000
[18:50:00] : 측정요구 ON 2
[18:50:09] : 측정요구 2OFF
[18:50:09] : end pos sig2 :-50.000000 - -50.000000
[18:50:12] : 측정요구3 ON
[18:50:21] : 측정요구3 OFF
[18:50:21] : end pos sig3 :50.000000 - 50.000000
[18:50:21] : 측정요구4 ON
[18:50:31] : 측정요구4 OFF
[18:50:31] : end pos sig4 :-50.000000 - -50.000000
[18:50:31] : 11,20181130-185032,CF18112053381,,OK,MAX,1, ,0.50,7.00,1.54,OK,0.50,7.00,3.06,OK,0.50,7.00,1.09,OK,0.50,7.00,1.38,OK,
[18:51:25] : AUTO RUNNING OFF
[19:07:21] : MEAS ESC ON
[19:07:24] : MEAS ESC OFF
[19:07:24] : AUTO RUNNING ON
[19:07:41] : Cycle start ON
[19:07:44] : Cycle start OFF
[19:07:50] : REQUEST MEAS. ON
[19:07:59] : REQUEST MEAS. OFF
[19:07:59] : end pos sig1 :50.000000 - 50.000000
[19:07:59] : 측정요구 ON 2
[19:08:09] : 측정요구 2OFF
[19:08:09] : end pos sig2 :-50.000000 - -50.000000
[19:08:12] : 측정요구3 ON
[19:08:21] : 측정요구3 OFF
[19:08:21] : end pos sig3 :50.000000 - 50.000000
[19:08:21] : 측정요구4 ON
[19:08:31] : 측정요구4 OFF
[19:08:31] : end pos sig4 :-50.000000 - -50.000000
[19:08:31] : 11,20181130-190831,CF18112052641,,OK,MAX,1, ,0.50,7.00,1.80,OK,0.50,7.00,2.23,OK,0.50,7.00,1.10,OK,0.50,7.00,1.10,OK,
[19:08:49] : Cycle start ON
[19:08:51] : Cycle start OFF
[19:09:17] : REQUEST MEAS. ON
[19:09:27] : REQUEST MEAS. OFF
[19:09:27] : end pos sig1 :50.000000 - 50.000000
[19:09:27] : 측정요구 ON 2
[19:09:37] : 측정요구 2OFF
[19:09:37] : end pos sig2 :-50.000000 - -50.000000
[19:09:40] : 측정요구3 ON
[19:09:49] : 측정요구3 OFF
[19:09:49] : end pos sig3 :50.000000 - 50.000000
[19:09:49] : 측정요구4 ON
[19:09:59] : 측정요구4 OFF
[19:09:59] : end pos sig4 :-50.000000 - -50.000000
[19:09:59] : 11,20181130-191000,CF18112052171,,OK,MAX,1, ,0.50,7.00,2.54,OK,0.50,7.00,2.63,OK,0.50,7.00,1.23,OK,0.50,7.00,1.45,OK,
[19:10:23] : Cycle start ON
[19:10:25] : Cycle start OFF
[19:10:46] : REQUEST MEAS. ON
[19:10:55] : REQUEST MEAS. OFF
[19:10:55] : end pos sig1 :50.000000 - 50.000000
[19:10:56] : 측정요구 ON 2
[19:11:05] : 측정요구 2OFF
[19:11:05] : end pos sig2 :-50.000000 - -50.000000
[19:11:08] : 측정요구3 ON
[19:11:17] : 측정요구3 OFF
[19:11:17] : end pos sig3 :50.000000 - 50.000000
[19:11:17] : 측정요구4 ON
[19:11:27] : 측정요구4 OFF
[19:11:27] : end pos sig4 :-50.000000 - -50.000000
[19:11:27] : 11,20181130-191127,CF18112053621,,OK,MAX,1, ,0.50,7.00,2.48,OK,0.50,7.00,2.29,OK,0.50,7.00,1.00,OK,0.50,7.00,1.66,OK,
[19:11:51] : Cycle start ON
[19:11:53] : Cycle start OFF
[19:12:14] : REQUEST MEAS. ON
[19:12:23] : REQUEST MEAS. OFF
[19:12:23] : end pos sig1 :50.000000 - 50.000000
[19:12:23] : 측정요구 ON 2
[19:12:33] : 측정요구 2OFF
[19:12:33] : end pos sig2 :-50.000000 - -50.000000
[19:12:36] : 측정요구3 ON
[19:12:45] : 측정요구3 OFF
[19:12:45] : end pos sig3 :50.000000 - 50.000000
[19:12:45] : 측정요구4 ON
[19:12:55] : 측정요구4 OFF
[19:12:55] : end pos sig4 :-50.000000 - -50.000000
[19:12:55] : 11,20181130-191255,CF18112051721,,OK,MAX,1, ,0.50,7.00,1.79,OK,0.50,7.00,2.52,OK,0.50,7.00,1.06,OK,0.50,7.00,0.99,OK,
[19:13:18] : Cycle start ON
[19:13:21] : Cycle start OFF
[19:13:41] : REQUEST MEAS. ON
[19:13:50] : REQUEST MEAS. OFF
[19:13:50] : end pos sig1 :50.000000 - 50.000000
[19:13:51] : 측정요구 ON 2
[19:14:00] : 측정요구 2OFF
[19:14:00] : end pos sig2 :-50.000000 - -50.000000
[19:14:04] : 측정요구3 ON
[19:14:13] : 측정요구3 OFF
[19:14:13] : end pos sig3 :50.000000 - 50.000000
[19:14:13] : 측정요구4 ON
[19:14:23] : 측정요구4 OFF
[19:14:23] : end pos sig4 :-50.000000 - -50.000000
[19:14:23] : 11,20181130-191423,CF18112053811,,OK,MAX,1, ,0.50,7.00,2.27,OK,0.50,7.00,3.38,OK,0.50,7.00,1.31,OK,0.50,7.00,1.10,OK,
[19:14:47] : Cycle start ON
[19:14:50] : Cycle start OFF
[19:15:11] : REQUEST MEAS. ON
[19:15:20] : REQUEST MEAS. OFF
[19:15:20] : end pos sig1 :50.000000 - 50.000000
[19:15:20] : 측정요구 ON 2
[19:15:29] : 측정요구 2OFF
[19:15:29] : end pos sig2 :-50.000000 - -50.000000
[19:15:32] : 측정요구3 ON
[19:15:41] : 측정요구3 OFF
[19:15:41] : end pos sig3 :50.000000 - 50.000000
[19:15:41] : 측정요구4 ON
[19:15:51] : 측정요구4 OFF
[19:15:51] : end pos sig4 :-50.000000 - -50.000000
[19:15:51] : 11,20181130-191552,CF18112052471,,OK,MAX,1, ,0.50,7.00,1.48,OK,0.50,7.00,2.22,OK,0.50,7.00,1.09,OK,0.50,7.00,1.25,OK,
[19:16:10] : Cycle start ON
[19:16:12] : Cycle start OFF
[19:16:39] : REQUEST MEAS. ON
[19:16:48] : REQUEST MEAS. OFF
[19:16:48] : end pos sig1 :50.000000 - 50.000000
[19:16:48] : 측정요구 ON 2
[19:16:57] : 측정요구 2OFF
[19:16:57] : end pos sig2 :-50.000000 - -50.000000
[19:17:01] : 측정요구3 ON
[19:17:10] : 측정요구3 OFF
[19:17:10] : end pos sig3 :50.000000 - 50.000000
[19:17:10] : 측정요구4 ON
[19:17:19] : 측정요구4 OFF
[19:17:19] : end pos sig4 :-50.000000 - -50.000000
[19:17:19] : 11,20181130-191720,CF18112053531,,OK,MAX,1, ,0.50,7.00,1.19,OK,0.50,7.00,2.25,OK,0.50,7.00,1.25,OK,0.50,7.00,0.80,OK,
[19:17:43] : Cycle start ON
[19:17:45] : Cycle start OFF
[19:18:07] : REQUEST MEAS. ON
[19:18:16] : REQUEST MEAS. OFF
[19:18:16] : end pos sig1 :50.000000 - 50.000000
[19:18:16] : 측정요구 ON 2
[19:18:25] : 측정요구 2OFF
[19:18:25] : end pos sig2 :-50.000000 - -50.000000
[19:18:29] : 측정요구3 ON
[19:18:38] : 측정요구3 OFF
[19:18:38] : end pos sig3 :50.000000 - 50.000000
[19:18:38] : 측정요구4 ON
[19:18:48] : 측정요구4 OFF
[19:18:48] : end pos sig4 :-50.000000 - -50.000000
[19:18:48] : 11,20181130-191848,CF18112053911,,OK,MAX,1, ,0.50,7.00,2.54,OK,0.50,7.00,1.70,OK,0.50,7.00,1.27,OK,0.50,7.00,0.97,OK,
[19:19:11] : Cycle start ON
[19:19:14] : Cycle start OFF
[19:19:34] : REQUEST MEAS. ON
[19:19:43] : REQUEST MEAS. OFF
[19:19:43] : end pos sig1 :50.000000 - 50.000000
[19:19:44] : 측정요구 ON 2
[19:19:53] : 측정요구 2OFF
[19:19:53] : end pos sig2 :-50.000000 - -50.000000
[19:19:57] : 측정요구3 ON
[19:20:06] : 측정요구3 OFF
[19:20:06] : end pos sig3 :50.000000 - 50.000000
[19:20:06] : 측정요구4 ON
[19:20:15] : 측정요구4 OFF
[19:20:15] : end pos sig4 :-50.000000 - -50.000000
[19:20:15] : 11,20181130-192016,CF18112051621,,OK,MAX,1, ,0.50,7.00,1.83,OK,0.50,7.00,2.45,OK,0.50,7.00,0.92,OK,0.50,7.00,1.13,OK,
[19:20:39] : Cycle start ON
[19:20:42] : Cycle start OFF
[19:21:02] : REQUEST MEAS. ON
[19:21:12] : REQUEST MEAS. OFF
[19:21:12] : end pos sig1 :50.000000 - 50.000000
[19:21:12] : 측정요구 ON 2
[19:21:21] : 측정요구 2OFF
[19:21:21] : end pos sig2 :-50.000000 - -50.000000
[19:21:25] : 측정요구3 ON
[19:21:34] : 측정요구3 OFF
[19:21:34] : end pos sig3 :50.000000 - 50.000000
[19:21:34] : 측정요구4 ON
[19:21:43] : 측정요구4 OFF
[19:21:43] : end pos sig4 :-50.000000 - -50.000000
[19:21:43] : 11,20181130-192144,CF18112053731,,OK,MAX,1, ,0.50,7.00,1.31,OK,0.50,7.00,1.84,OK,0.50,7.00,0.98,OK,0.50,7.00,1.50,OK,
[19:22:07] : Cycle start ON
[19:22:10] : Cycle start OFF
[19:22:30] : REQUEST MEAS. ON
[19:22:40] : REQUEST MEAS. OFF
[19:22:40] : end pos sig1 :50.000000 - 50.000000
[19:22:40] : 측정요구 ON 2
[19:22:49] : 측정요구 2OFF
[19:22:49] : end pos sig2 :-50.000000 - -50.000000
[19:22:53] : 측정요구3 ON
[19:23:02] : 측정요구3 OFF
[19:23:02] : end pos sig3 :50.000000 - 50.000000
[19:23:02] : 측정요구4 ON
[19:23:11] : 측정요구4 OFF
[19:23:11] : end pos sig4 :-50.000000 - -50.000000
[19:23:11] : 11,20181130-192312,CF18112052131,,OK,MAX,1, ,0.50,7.00,2.07,OK,0.50,7.00,2.64,OK,0.50,7.00,1.25,OK,0.50,7.00,0.99,OK,
[19:23:36] : Cycle start ON
[19:23:38] : Cycle start OFF
[19:23:58] : REQUEST MEAS. ON
[19:24:07] : REQUEST MEAS. OFF
[19:24:07] : end pos sig1 :50.000000 - 50.000000
[19:24:07] : 측정요구 ON 2
[19:24:17] : 측정요구 2OFF
[19:24:17] : end pos sig2 :-50.000000 - -50.000000
[19:24:20] : 측정요구3 ON
[19:24:29] : 측정요구3 OFF
[19:24:29] : end pos sig3 :50.000000 - 50.000000
[19:24:29] : 측정요구4 ON
[19:24:39] : 측정요구4 OFF
[19:24:39] : end pos sig4 :-50.000000 - -50.000000
[19:24:39] : 11,20181130-192440,CF18112053441,,OK,MAX,1, ,0.50,7.00,1.75,OK,0.50,7.00,3.16,OK,0.50,7.00,1.26,OK,0.50,7.00,1.24,OK,
[19:24:58] : Cycle start ON
[19:25:00] : Cycle start OFF
[19:25:26] : REQUEST MEAS. ON
[19:25:35] : REQUEST MEAS. OFF
[19:25:35] : end pos sig1 :50.000000 - 50.000000
[19:25:35] : 측정요구 ON 2
[19:25:45] : 측정요구 2OFF
[19:25:45] : end pos sig2 :-50.000000 - -50.000000
[19:25:48] : 측정요구3 ON
[19:25:57] : 측정요구3 OFF
[19:25:57] : end pos sig3 :50.000000 - 50.000000
[19:25:57] : 측정요구4 ON
[19:26:07] : 측정요구4 OFF
[19:26:07] : end pos sig4 :-50.000000 - -50.000000
[19:26:07] : 11,20181130-192608,CF18112053801,,OK,MAX,1, ,0.50,7.00,2.46,OK,0.50,7.00,2.82,OK,0.50,7.00,1.26,OK,0.50,7.00,1.80,OK,
[19:26:31] : Cycle start ON
[19:26:33] : Cycle start OFF
[19:26:55] : REQUEST MEAS. ON
[19:27:04] : REQUEST MEAS. OFF
[19:27:04] : end pos sig1 :50.000000 - 50.000000
[19:27:04] : 측정요구 ON 2
[19:27:13] : 측정요구 2OFF
[19:27:13] : end pos sig2 :-50.000000 - -50.000000
[19:27:17] : 측정요구3 ON
[19:27:26] : 측정요구3 OFF
[19:27:26] : end pos sig3 :50.000000 - 50.000000
[19:27:26] : 측정요구4 ON
[19:27:35] : 측정요구4 OFF
[19:27:35] : end pos sig4 :-50.000000 - -50.000000
[19:27:35] : 11,20181130-192736,CF18112053301,,OK,MAX,1, ,0.50,7.00,2.23,OK,0.50,7.00,3.68,OK,0.50,7.00,1.11,OK,0.50,7.00,0.94,OK,
[19:27:59] : Cycle start ON
[19:28:02] : Cycle start OFF
[19:28:22] : REQUEST MEAS. ON
[19:28:31] : REQUEST MEAS. OFF
[19:28:31] : end pos sig1 :50.000000 - 50.000000
[19:28:32] : 측정요구 ON 2
[19:28:41] : 측정요구 2OFF
[19:28:41] : end pos sig2 :-50.000000 - -50.000000
[19:28:45] : 측정요구3 ON
[19:28:54] : 측정요구3 OFF
[19:28:54] : end pos sig3 :50.000000 - 50.000000
[19:28:54] : 측정요구4 ON
[19:29:03] : 측정요구4 OFF
[19:29:03] : end pos sig4 :-50.000000 - -50.000000
[19:29:03] : 11,20181130-192904,CF18112053991,,OK,MAX,1, ,0.50,7.00,1.77,OK,0.50,7.00,2.98,OK,0.50,7.00,1.06,OK,0.50,7.00,1.11,OK,
[19:29:27] : Cycle start ON
[19:29:30] : Cycle start OFF
[19:29:51] : REQUEST MEAS. ON
[19:30:00] : REQUEST MEAS. OFF
[19:30:00] : end pos sig1 :50.000000 - 50.000000
[19:30:00] : 측정요구 ON 2
[19:30:09] : 측정요구 2OFF
[19:30:09] : end pos sig2 :-50.000000 - -50.000000
[19:30:13] : 측정요구3 ON
[19:30:22] : 측정요구3 OFF
[19:30:22] : end pos sig3 :50.000000 - 50.000000
[19:30:22] : 측정요구4 ON
[19:30:32] : 측정요구4 OFF
[19:30:32] : end pos sig4 :-50.000000 - -50.000000
[19:30:32] : 11,20181130-193032,CF18112053611,,OK,MAX,1, ,0.50,7.00,2.06,OK,0.50,7.00,3.10,OK,0.50,7.00,1.04,OK,0.50,7.00,0.74,OK,
[19:30:51] : Cycle start ON
[19:30:53] : Cycle start OFF
[19:31:19] : REQUEST MEAS. ON
[19:31:28] : REQUEST MEAS. OFF
[19:31:28] : end pos sig1 :50.000000 - 50.000000
[19:31:28] : 측정요구 ON 2
[19:31:37] : 측정요구 2OFF
[19:31:37] : end pos sig2 :-50.000000 - -50.000000
[19:31:41] : 측정요구3 ON
[19:31:50] : 측정요구3 OFF
[19:31:50] : end pos sig3 :50.000000 - 50.000000
[19:31:50] : 측정요구4 ON
[19:32:00] : 측정요구4 OFF
[19:32:00] : end pos sig4 :-50.000000 - -50.000000
[19:32:00] : 11,20181130-193200,CF18112052691,,OK,MAX,1, ,0.50,7.00,2.44,OK,0.50,7.00,2.61,OK,0.50,7.00,1.12,OK,0.50,7.00,0.88,OK,
[19:32:23] : Cycle start ON
[19:32:25] : Cycle start OFF
[19:32:46] : REQUEST MEAS. ON
[19:32:55] : REQUEST MEAS. OFF
[19:32:55] : end pos sig1 :50.000000 - 50.000000
[19:32:55] : 측정요구 ON 2
[19:33:05] : 측정요구 2OFF
[19:33:05] : end pos sig2 :-50.000000 - -50.000000
[19:33:09] : 측정요구3 ON
[19:33:18] : 측정요구3 OFF
[19:33:18] : end pos sig3 :50.000000 - 50.000000
[19:33:18] : 측정요구4 ON
[19:33:28] : 측정요구4 OFF
[19:33:28] : end pos sig4 :-50.000000 - -50.000000
[19:33:28] : 11,20181130-193328,CF18112052731,,OK,MAX,1, ,0.50,7.00,1.80,OK,0.50,7.00,2.95,OK,0.50,7.00,1.03,OK,0.50,7.00,0.81,OK,
[19:33:46] : Cycle start ON
[19:33:49] : Cycle start OFF
[19:34:14] : REQUEST MEAS. ON
[19:34:23] : REQUEST MEAS. OFF
[19:34:23] : end pos sig1 :50.000000 - 50.000000
[19:34:23] : 측정요구 ON 2
[19:34:33] : 측정요구 2OFF
[19:34:33] : end pos sig2 :-50.000000 - -50.000000
[19:34:37] : 측정요구3 ON
[19:34:46] : 측정요구3 OFF
[19:34:46] : end pos sig3 :50.000000 - 50.000000
[19:34:46] : 측정요구4 ON
[19:34:56] : 측정요구4 OFF
[19:34:56] : end pos sig4 :-50.000000 - -50.000000
[19:34:56] : 11,20181130-193456,CF18112052141,,OK,MAX,1, ,0.50,7.00,2.37,OK,0.50,7.00,2.38,OK,0.50,7.00,1.81,OK,0.50,7.00,1.33,OK,
[19:35:19] : Cycle start ON
[19:35:22] : Cycle start OFF
[19:35:42] : REQUEST MEAS. ON
[19:35:52] : REQUEST MEAS. OFF
[19:35:52] : end pos sig1 :50.000000 - 50.000000
[19:35:52] : 측정요구 ON 2
[19:36:01] : 측정요구 2OFF
[19:36:01] : end pos sig2 :-50.000000 - -50.000000
[19:36:05] : 측정요구3 ON
[19:36:14] : 측정요구3 OFF
[19:36:14] : end pos sig3 :50.000000 - 50.000000
[19:36:14] : 측정요구4 ON
[19:36:24] : 측정요구4 OFF
[19:36:24] : end pos sig4 :-50.000000 - -50.000000
[19:36:24] : 11,20181130-193624,CF18112052261,,OK,MAX,1, ,0.50,7.00,1.64,OK,0.50,7.00,2.43,OK,0.50,7.00,1.20,OK,0.50,7.00,1.13,OK,
[19:37:51] : AUTO RUNNING OFF
 
