[11:15:36] : MEAS ESC ON
[11:15:36] : AUTO RUNNING ON
[11:15:41] : MEAS ESC OFF
[11:15:41] : AUTO RUNNING OFF
[11:19:39] : MEAS ESC ON
[11:19:39] : AUTO RUNNING ON
[11:19:52] : Cycle start ON
[11:19:55] : Cycle start OFF
[11:20:02] : REQUEST MEAS. ON
[11:20:11] : REQUEST MEAS. OFF
[11:20:12] : 측정요구 ON 2
[11:20:21] : 측정요구 2OFF
[11:20:26] : 측정요구3 ON
[11:20:35] : 측정요구3 OFF
[11:20:36] : 측정요구4 ON
[11:20:45] : 측정요구4 OFF
[11:20:45] : 11,20181121-112046,CF18112053131,CF 18100415023,OK,MAX,1, ,0.50,7.00,3.32,OK,0.50,7.00,3.76,OK,0.50,7.00,1.64,OK,0.50,7.00,1.15,OK,
[11:21:02] : Cycle start ON
[11:21:04] : Cycle start OFF
[11:33:32] : MEAS ESC OFF
[11:33:32] : AUTO RUNNING OFF
[11:34:24] : MEAS ESC ON
[11:34:24] : AUTO RUNNING ON
[11:35:19] : REQUEST MEAS. ON
[11:35:28] : REQUEST MEAS. OFF
[11:35:29] : 측정요구 ON 2
[11:35:38] : 측정요구 2OFF
[11:35:43] : 측정요구3 ON
[11:35:52] : 측정요구3 OFF
[11:35:53] : 측정요구4 ON
[11:36:02] : 측정요구4 OFF
[11:36:02] : 11,20181121-113603,CF18112053141,CF 18100410543,OK,MAX,1, ,0.50,7.00,4.16,OK,0.50,7.00,4.41,OK,0.50,7.00,1.92,OK,0.50,7.00,1.45,OK,
[11:36:20] : Cycle start ON
[11:36:23] : Cycle start OFF
[11:36:49] : REQUEST MEAS. ON
[11:36:58] : REQUEST MEAS. OFF
[11:37:00] : 측정요구 ON 2
[11:37:09] : 측정요구 2OFF
[11:37:13] : 측정요구3 ON
[11:37:22] : 측정요구3 OFF
[11:37:23] : 측정요구4 ON
[11:37:32] : 측정요구4 OFF
[11:37:32] : 11,20181121-113733,CF18112053161,,OK,MAX,1, ,0.50,7.00,5.05,OK,0.50,7.00,5.66,OK,0.50,7.00,1.42,OK,0.50,7.00,1.53,OK,
[11:37:50] : Cycle start ON
[11:37:52] : Cycle start OFF
[11:38:19] : REQUEST MEAS. ON
[11:38:28] : REQUEST MEAS. OFF
[11:38:30] : 측정요구 ON 2
[11:38:39] : 측정요구 2OFF
[11:38:43] : 측정요구3 ON
[11:38:52] : 측정요구3 OFF
[11:38:54] : 측정요구4 ON
[11:39:03] : 측정요구4 OFF
[11:39:03] : 11,20181121-113903,CF18112053461,,OK,MAX,1, ,0.50,7.00,1.82,OK,0.50,7.00,2.72,OK,0.50,7.00,1.84,OK,0.50,7.00,1.61,OK,
[11:39:46] : Cycle start ON
[11:39:49] : Cycle start OFF
[11:39:55] : REQUEST MEAS. ON
[11:40:04] : REQUEST MEAS. OFF
[11:40:05] : 측정요구 ON 2
[11:40:14] : 측정요구 2OFF
[11:40:19] : 측정요구3 ON
[11:40:28] : 측정요구3 OFF
[11:40:29] : 측정요구4 ON
[11:40:38] : 측정요구4 OFF
[11:40:38] : 11,20181121-114039,CF18112053181,,OK,MAX,1, ,0.50,7.00,2.63,OK,0.50,7.00,3.29,OK,0.50,7.00,1.76,OK,0.50,7.00,1.34,OK,
[11:40:57] : Cycle start ON
[11:41:00] : Cycle start OFF
[11:41:25] : REQUEST MEAS. ON
[11:41:34] : REQUEST MEAS. OFF
[11:41:36] : 측정요구 ON 2
[11:41:45] : 측정요구 2OFF
[11:41:49] : 측정요구3 ON
[11:41:58] : 측정요구3 OFF
[11:42:00] : 측정요구4 ON
[11:42:09] : 측정요구4 OFF
[11:42:09] : 11,20181121-114209,CF18112053201,,OK,MAX,1, ,0.50,7.00,3.09,OK,0.50,7.00,4.00,OK,0.50,7.00,1.90,OK,0.50,7.00,1.52,OK,
[11:42:54] : MEAS ESC OFF
[11:42:54] : AUTO RUNNING OFF
 
[11:57:41] : MEAS ESC ON
[11:57:41] : AUTO RUNNING ON
[11:58:03] : Cycle start ON
[11:58:06] : Cycle start OFF
[11:58:12] : REQUEST MEAS. ON
[11:58:21] : REQUEST MEAS. OFF
[11:58:22] : 측정요구 ON 2
[11:58:31] : 측정요구 2OFF
[11:58:35] : 측정요구3 ON
[11:58:44] : 측정요구3 OFF
[11:58:46] : 측정요구4 ON
[11:58:55] : 측정요구4 OFF
[11:58:55] : 11,20181121-115855,CF18112053251,,OK,MAX,1, ,0.50,7.00,4.49,OK,0.50,7.00,3.07,OK,0.50,7.00,1.71,OK,0.50,7.00,1.19,OK,
[12:00:04] : Cycle start ON
[12:00:06] : Cycle start OFF
[12:00:13] : REQUEST MEAS. ON
[12:00:22] : REQUEST MEAS. OFF
[12:00:24] : 측정요구 ON 2
[12:00:33] : 측정요구 2OFF
[12:00:37] : 측정요구3 ON
[12:00:46] : 측정요구3 OFF
[12:00:48] : 측정요구4 ON
[12:00:57] : 측정요구4 OFF
[12:00:57] : 11,20181121-120057,CF18112053231,,OK,MAX,1, ,0.50,7.00,2.57,OK,0.50,7.00,4.27,OK,0.50,7.00,1.64,OK,0.50,7.00,1.72,OK,
[12:01:14] : Cycle start ON
[12:01:17] : Cycle start OFF
[12:01:43] : REQUEST MEAS. ON
[12:01:52] : REQUEST MEAS. OFF
[12:01:54] : 측정요구 ON 2
[12:02:03] : 측정요구 2OFF
[12:02:08] : 측정요구3 ON
[12:02:17] : 측정요구3 OFF
[12:02:18] : 측정요구4 ON
[12:02:27] : 측정요구4 OFF
[12:02:27] : 11,20181121-120227,CF18112053941,,OK,MAX,1, ,0.50,7.00,3.56,OK,0.50,7.00,3.88,OK,0.50,7.00,1.48,OK,0.50,7.00,1.21,OK,
[12:02:45] : Cycle start ON
[12:02:48] : Cycle start OFF
[12:03:14] : REQUEST MEAS. ON
[12:03:23] : REQUEST MEAS. OFF
[12:03:24] : 측정요구 ON 2
[12:03:33] : 측정요구 2OFF
[12:03:38] : 측정요구3 ON
[12:03:47] : 측정요구3 OFF
[12:03:48] : 측정요구4 ON
[12:03:57] : 측정요구4 OFF
[12:03:57] : 11,20181121-120358,CF18112053931,,OK,MAX,1, ,0.50,7.00,2.48,OK,0.50,7.00,2.80,OK,0.50,7.00,1.55,OK,0.50,7.00,1.77,OK,
[12:04:15] : Cycle start ON
[12:04:17] : Cycle start OFF
[12:04:44] : REQUEST MEAS. ON
[12:04:53] : REQUEST MEAS. OFF
[12:04:55] : 측정요구 ON 2
[12:05:04] : 측정요구 2OFF
[12:05:08] : 측정요구3 ON
[12:05:17] : 측정요구3 OFF
[12:05:19] : 측정요구4 ON
[12:05:28] : 측정요구4 OFF
[12:05:28] : 11,20181121-120528,CF18112053481,,OK,MAX,1, ,0.50,7.00,2.54,OK,0.50,7.00,3.78,OK,0.50,7.00,1.48,OK,0.50,7.00,1.44,OK,
[12:05:45] : Cycle start ON
[12:05:47] : Cycle start OFF
[12:06:14] : REQUEST MEAS. ON
[12:06:23] : REQUEST MEAS. OFF
[12:06:25] : 측정요구 ON 2
[12:06:34] : 측정요구 2OFF
[12:06:38] : 측정요구3 ON
[12:06:47] : 측정요구3 OFF
[12:06:49] : 측정요구4 ON
[12:06:58] : 측정요구4 OFF
[12:06:58] : 11,20181121-120658,CF18112053921,,OK,MAX,1, ,0.50,7.00,1.08,OK,0.50,7.00,2.97,OK,0.50,7.00,1.63,OK,0.50,7.00,1.07,OK,
[12:09:20] : MEAS ESC OFF
[12:09:20] : AUTO RUNNING OFF
[13:44:32] : Plc Error Timer
[13:44:38] : Plc Error Timer
[13:44:44] : Plc Error Timer
[13:44:50] : Plc Error Timer
[13:44:56] : Plc Error Timer
[13:45:02] : Plc Error Timer
[13:45:08] : Plc Error Timer
[13:45:14] : Plc Error Timer
[13:45:20] : Plc Error Timer
[13:45:26] : Plc Error Timer
[13:45:33] : Plc Error Timer
[13:45:39] : Plc Error Timer
[13:45:45] : Plc Error Timer
[13:45:51] : Plc Error Timer
[13:45:57] : Plc Error Timer
[13:46:03] : Plc Error Timer
[13:46:09] : Plc Error Timer
[13:46:15] : Plc Error Timer
[13:46:21] : Plc Error Timer
[13:46:27] : Plc Error Timer
[13:46:34] : Plc Error Timer
[13:46:40] : Plc Error Timer
[13:46:46] : Plc Error Timer
[13:46:52] : Plc Error Timer
[13:46:58] : Plc Error Timer
[13:47:04] : Plc Error Timer
[13:47:10] : Plc Error Timer
[13:47:16] : Plc Error Timer
[13:47:22] : Plc Error Timer
[13:47:28] : Plc Error Timer
[13:47:35] : Plc Error Timer
[13:47:41] : Plc Error Timer
[13:47:47] : Plc Error Timer
[13:47:53] : Plc Error Timer
[13:47:59] : Plc Error Timer
[13:48:05] : Plc Error Timer
[13:48:11] : Plc Error Timer
[13:48:17] : Plc Error Timer
[13:48:23] : Plc Error Timer
[13:48:29] : Plc Error Timer
[13:48:36] : Plc Error Timer
[13:48:42] : Plc Error Timer
[13:48:48] : Plc Error Timer
[13:48:54] : Plc Error Timer
[13:49:00] : Plc Error Timer
[13:49:06] : Plc Error Timer
[13:49:12] : Plc Error Timer
[13:49:18] : Plc Error Timer
[13:49:24] : Plc Error Timer
[13:49:30] : Plc Error Timer
[13:49:37] : Plc Error Timer
[13:49:43] : Plc Error Timer
[13:49:49] : Plc Error Timer
[13:49:55] : Plc Error Timer
[13:50:01] : Plc Error Timer
[13:50:07] : Plc Error Timer
[13:50:13] : Plc Error Timer
[13:50:19] : Plc Error Timer
[13:50:25] : Plc Error Timer
[13:50:31] : Plc Error Timer
[13:50:38] : Plc Error Timer
[13:50:44] : Plc Error Timer
[13:50:50] : Plc Error Timer
[13:50:56] : Plc Error Timer
[13:51:02] : Plc Error Timer
[13:51:08] : Plc Error Timer
[13:51:14] : Plc Error Timer
[13:51:20] : Plc Error Timer
[13:51:26] : Plc Error Timer
[13:51:32] : Plc Error Timer
[13:51:39] : Plc Error Timer
[13:51:45] : Plc Error Timer
[13:51:51] : Plc Error Timer
[13:51:57] : Plc Error Timer
[13:52:03] : Plc Error Timer
[13:52:09] : Plc Error Timer
[13:52:15] : Plc Error Timer
[13:52:21] : Plc Error Timer
[13:52:27] : Plc Error Timer
[13:52:33] : Plc Error Timer
[13:52:40] : Plc Error Timer
[13:52:46] : Plc Error Timer
[13:52:52] : Plc Error Timer
[13:52:58] : Plc Error Timer
[13:53:04] : Plc Error Timer
[13:53:10] : Plc Error Timer
[13:53:16] : Plc Error Timer
[13:53:22] : Plc Error Timer
[13:53:28] : Plc Error Timer
[13:53:34] : Plc Error Timer
[13:53:41] : Plc Error Timer
[13:53:47] : Plc Error Timer
[13:53:53] : Plc Error Timer
[13:53:59] : Plc Error Timer
[13:54:05] : Plc Error Timer
[13:54:11] : Plc Error Timer
[13:54:17] : Plc Error Timer
[13:54:23] : Plc Error Timer
[13:54:29] : Plc Error Timer
[13:54:35] : Plc Error Timer
[13:54:42] : Plc Error Timer
[13:54:48] : Plc Error Timer
[13:54:54] : Plc Error Timer
[13:55:00] : Plc Error Timer
[13:55:06] : Plc Error Timer
[13:55:12] : Plc Error Timer
[13:55:18] : Plc Error Timer
[13:55:24] : Plc Error Timer
[13:55:30] : Plc Error Timer
[13:55:36] : Plc Error Timer
[13:55:43] : Plc Error Timer
[13:55:49] : Plc Error Timer
[13:55:55] : Plc Error Timer
[13:56:01] : Plc Error Timer
[13:56:07] : Plc Error Timer
[13:56:13] : Plc Error Timer
[13:56:19] : Plc Error Timer
[13:56:25] : Plc Error Timer
[13:56:31] : Plc Error Timer
[13:56:37] : Plc Error Timer
[13:56:44] : Plc Error Timer
[13:56:50] : Plc Error Timer
[13:56:56] : Plc Error Timer
[13:57:02] : Plc Error Timer
[13:57:08] : Plc Error Timer
[13:57:14] : Plc Error Timer
[13:57:20] : Plc Error Timer
[13:57:26] : Plc Error Timer
[13:57:32] : Plc Error Timer
[13:57:38] : Plc Error Timer
[13:57:45] : Plc Error Timer
[13:57:51] : Plc Error Timer
[13:57:57] : Plc Error Timer
[13:58:03] : Plc Error Timer
[13:58:09] : Plc Error Timer
[13:58:15] : Plc Error Timer
[13:58:21] : Plc Error Timer
[13:58:27] : Plc Error Timer
[13:58:33] : Plc Error Timer
[13:58:39] : Plc Error Timer
[13:58:46] : Plc Error Timer
[13:58:52] : Plc Error Timer
[13:58:58] : Plc Error Timer
[13:59:04] : Plc Error Timer
[13:59:10] : Plc Error Timer
[13:59:16] : Plc Error Timer
[13:59:22] : Plc Error Timer
[13:59:28] : Plc Error Timer
[13:59:34] : Plc Error Timer
[13:59:40] : Plc Error Timer
[13:59:47] : Plc Error Timer
[13:59:53] : Plc Error Timer
[13:59:59] : Plc Error Timer
[14:00:05] : Plc Error Timer
[14:00:07] : PROGRAM END
 
[14:49:02] : PROGRAM START
[14:49:08] : Plc Error Timer
[14:49:14] : Plc Error Timer
[14:49:20] : Plc Error Timer
[14:49:26] : Plc Error Timer
[14:49:32] : Plc Error Timer
[14:49:38] : Plc Error Timer
[14:49:44] : Plc Error Timer
[14:49:50] : Plc Error Timer
[14:49:56] : Plc Error Timer
[14:50:02] : Plc Error Timer
[14:50:09] : Plc Error Timer
[14:50:15] : Plc Error Timer
[14:50:21] : Plc Error Timer
[14:50:27] : Plc Error Timer
[14:50:33] : Plc Error Timer
[14:50:39] : Plc Error Timer
[14:50:45] : Plc Error Timer
[14:50:51] : Plc Error Timer
[14:50:57] : Plc Error Timer
[14:51:03] : Plc Error Timer
[14:51:10] : Plc Error Timer
[14:51:16] : Plc Error Timer
[14:51:22] : Plc Error Timer
[14:51:28] : Plc Error Timer
[14:51:34] : Plc Error Timer
[14:51:40] : Plc Error Timer
[14:51:46] : Plc Error Timer
[14:51:52] : Plc Error Timer
[14:51:58] : Plc Error Timer
[14:52:04] : Plc Error Timer
[14:52:11] : Plc Error Timer
[14:52:17] : Plc Error Timer
[14:52:23] : Plc Error Timer
[14:52:29] : Plc Error Timer
[14:52:35] : Plc Error Timer
[14:52:41] : Plc Error Timer
[14:52:47] : Plc Error Timer
[14:52:53] : Plc Error Timer
[14:53:05] : Plc Error Timer
[14:53:11] : Plc Error Timer
[14:53:17] : Plc Error Timer
[14:53:23] : Plc Error Timer
[14:53:29] : Plc Error Timer
[14:53:35] : Plc Error Timer
[14:53:40] : PROGRAM END
 
[14:53:44] : PROGRAM START
[14:53:50] : Plc Error Timer
[14:53:56] : Plc Error Timer
[14:54:02] : Plc Error Timer
[14:54:08] : Plc Error Timer
[14:54:11] : PROGRAM END
 
[15:59:44] : PROGRAM START
[15:59:46] : AUTO RUNNING OFF
[15:59:46] : REQUEST MEAS. OFF
[15:59:46] : REQUEST ZEROSET OFF
[15:59:46] : REQUEST ZEROSET OFF
[16:46:35] : PROGRAM END
 
[16:46:38] : PROGRAM START
[16:46:40] : AUTO RUNNING OFF
[16:46:40] : REQUEST MEAS. OFF
[16:46:40] : REQUEST ZEROSET OFF
[16:46:40] : REQUEST ZEROSET OFF
[16:47:05] : PROGRAM END
 
[16:47:07] : PROGRAM START
[16:47:09] : AUTO RUNNING OFF
[16:47:09] : REQUEST MEAS. OFF
[16:47:09] : REQUEST ZEROSET OFF
[16:47:09] : REQUEST ZEROSET OFF
[17:59:07] : PROGRAM END
 
[17:59:10] : PROGRAM START
[17:59:12] : AUTO RUNNING OFF
[17:59:12] : REQUEST MEAS. OFF
[17:59:12] : REQUEST ZEROSET OFF
[17:59:12] : REQUEST ZEROSET OFF
[18:21:15] : PROGRAM END
 
[18:24:12] : PROGRAM START
[18:24:14] : AUTO RUNNING OFF
[18:24:14] : REQUEST MEAS. OFF
[18:24:14] : REQUEST ZEROSET OFF
[18:24:14] : REQUEST ZEROSET OFF
[18:25:31] : MEAS ESC ON
[18:25:31] : AUTO RUNNING ON
[18:26:24] : Cycle start ON
[18:26:27] : Cycle start OFF
[18:26:33] : REQUEST MEAS. ON
[18:26:42] : REQUEST MEAS. OFF
[18:26:43] : 측정요구 ON 2
[18:26:52] : 측정요구 2OFF
[18:26:56] : 측정요구3 ON
[18:27:05] : 측정요구3 OFF
[18:27:07] : 측정요구4 ON
[18:27:16] : 측정요구4 OFF
[18:27:16] : 11,20181121-182716,CF18112053511,,OK,MAX,1, ,0.50,7.00,2.85,OK,0.50,7.00,3.54,OK,0.50,7.00,1.43,OK,0.50,7.00,1.62,OK,
[18:27:32] : Cycle start ON
[18:27:35] : Cycle start OFF
[18:28:02] : REQUEST MEAS. ON
[18:28:11] : REQUEST MEAS. OFF
[18:28:13] : 측정요구 ON 2
[18:28:22] : 측정요구 2OFF
[18:28:27] : 측정요구3 ON
[18:28:36] : 측정요구3 OFF
[18:28:37] : 측정요구4 ON
[18:28:46] : 측정요구4 OFF
[18:28:46] : 11,20181121-182846,CF18112053531,,OK,MAX,1, ,0.50,7.00,3.14,OK,0.50,7.00,3.99,OK,0.50,7.00,1.96,OK,0.50,7.00,1.06,OK,
[18:29:04] : Cycle start ON
[18:29:07] : Cycle start OFF
[18:29:33] : REQUEST MEAS. ON
[18:29:42] : REQUEST MEAS. OFF
[18:29:43] : 측정요구 ON 2
[18:29:52] : 측정요구 2OFF
[18:29:57] : 측정요구3 ON
[18:30:06] : 측정요구3 OFF
[18:30:07] : 측정요구4 ON
[18:30:16] : 측정요구4 OFF
[18:30:16] : 11,20181121-183017,CF18112053521,,OK,MAX,1, ,0.50,7.00,3.13,OK,0.50,7.00,3.87,OK,0.50,7.00,1.60,OK,0.50,7.00,1.52,OK,
[18:30:59] : Cycle start ON
[18:31:01] : Cycle start OFF
[18:31:15] : REQUEST MEAS. ON
[18:31:24] : REQUEST MEAS. OFF
[18:31:26] : 측정요구 ON 2
[18:31:35] : 측정요구 2OFF
[18:31:39] : 측정요구3 ON
[18:31:48] : 측정요구3 OFF
[18:31:49] : 측정요구4 ON
[18:31:58] : 측정요구4 OFF
[18:31:58] : 11,20181121-183159,CF18112053851,,OK,MAX,1, ,0.50,7.00,2.05,OK,0.50,7.00,3.63,OK,0.50,7.00,1.49,OK,0.50,7.00,1.46,OK,
[18:32:16] : Cycle start ON
[18:32:19] : Cycle start OFF
[18:32:45] : REQUEST MEAS. ON
[18:32:54] : REQUEST MEAS. OFF
[18:32:56] : 측정요구 ON 2
[18:33:05] : 측정요구 2OFF
[18:33:09] : 측정요구3 ON
[18:33:18] : 측정요구3 OFF
[18:33:20] : 측정요구4 ON
[18:33:29] : 측정요구4 OFF
[18:33:29] : 11,20181121-183329,CF18112053881,,OK,MAX,1, ,0.50,7.00,1.76,OK,0.50,7.00,3.56,OK,0.50,7.00,1.35,OK,0.50,7.00,1.47,OK,
[18:33:46] : Cycle start ON
[18:33:49] : Cycle start OFF
[18:34:15] : REQUEST MEAS. ON
[18:34:24] : REQUEST MEAS. OFF
[18:34:26] : 측정요구 ON 2
[18:34:35] : 측정요구 2OFF
[18:34:39] : 측정요구3 ON
[18:34:48] : 측정요구3 OFF
[18:34:50] : 측정요구4 ON
[18:34:59] : 측정요구4 OFF
[18:34:59] : 11,20181121-183459,CF18112053541,,OK,MAX,1, ,0.50,7.00,3.47,OK,0.50,7.00,3.19,OK,0.50,7.00,2.13,OK,0.50,7.00,2.22,OK,
[18:35:16] : Cycle start ON
[18:35:19] : Cycle start OFF
[18:35:45] : REQUEST MEAS. ON
[18:35:54] : REQUEST MEAS. OFF
[18:35:56] : 측정요구 ON 2
[18:36:05] : 측정요구 2OFF
[18:36:10] : 측정요구3 ON
[18:36:19] : 측정요구3 OFF
[18:36:20] : 측정요구4 ON
[18:36:29] : 측정요구4 OFF
[18:36:29] : 11,20181121-183629,CF18112053561,,OK,MAX,1, ,0.50,7.00,2.87,OK,0.50,7.00,4.05,OK,0.50,7.00,1.37,OK,0.50,7.00,1.88,OK,
[18:36:47] : Cycle start ON
[18:36:50] : Cycle start OFF
[18:37:16] : REQUEST MEAS. ON
[18:37:25] : REQUEST MEAS. OFF
[18:37:26] : 측정요구 ON 2
[18:37:35] : 측정요구 2OFF
[18:37:40] : 측정요구3 ON
[18:37:49] : 측정요구3 OFF
[18:37:50] : 측정요구4 ON
[18:37:59] : 측정요구4 OFF
[18:37:59] : 11,20181121-183800,CF18112053551,,OK,MAX,1, ,0.50,7.00,1.80,OK,0.50,7.00,3.89,OK,0.50,7.00,1.80,OK,0.50,7.00,1.52,OK,
[18:38:17] : Cycle start ON
[18:38:20] : Cycle start OFF
[18:38:47] : REQUEST MEAS. ON
[18:38:55] : REQUEST MEAS. OFF
[18:38:57] : 측정요구 ON 2
[18:39:06] : 측정요구 2OFF
[18:39:10] : 측정요구3 ON
[18:39:19] : 측정요구3 OFF
[18:39:20] : 측정요구4 ON
[18:39:29] : 측정요구4 OFF
[18:39:29] : 11,20181121-183930,CF18112053381,CF 18090111373,OK,MAX,1, ,0.50,7.00,3.33,OK,0.50,7.00,4.10,OK,0.50,7.00,1.62,OK,0.50,7.00,2.03,OK,
[18:39:47] : Cycle start ON
[18:39:49] : Cycle start OFF
[18:40:16] : REQUEST MEAS. ON
[18:40:25] : REQUEST MEAS. OFF
[18:40:27] : 측정요구 ON 2
[18:40:36] : 측정요구 2OFF
[18:40:40] : 측정요구3 ON
[18:40:49] : 측정요구3 OFF
[18:40:51] : 측정요구4 ON
[18:41:00] : 측정요구4 OFF
[18:41:00] : 11,20181121-184100,CF18112053291,,OK,MAX,1, ,0.50,7.00,2.94,OK,0.50,7.00,4.68,OK,0.50,7.00,1.93,OK,0.50,7.00,2.00,OK,
[18:41:17] : Cycle start ON
[18:41:20] : Cycle start OFF
[18:41:46] : REQUEST MEAS. ON
[18:41:55] : REQUEST MEAS. OFF
[18:41:57] : 측정요구 ON 2
[18:42:06] : 측정요구 2OFF
[18:42:10] : 측정요구3 ON
[18:42:19] : 측정요구3 OFF
[18:42:21] : 측정요구4 ON
[18:42:30] : 측정요구4 OFF
[18:42:30] : 11,20181121-184230,CF18112052531,,OK,MAX,1, ,0.50,7.00,2.67,OK,0.50,7.00,4.68,OK,0.50,7.00,1.55,OK,0.50,7.00,3.39,OK,
[18:42:47] : Cycle start ON
[18:42:50] : Cycle start OFF
[18:43:16] : REQUEST MEAS. ON
[18:43:25] : REQUEST MEAS. OFF
[18:43:27] : 측정요구 ON 2
[18:43:36] : 측정요구 2OFF
[18:43:40] : 측정요구3 ON
[18:43:49] : 측정요구3 OFF
[18:43:51] : 측정요구4 ON
[18:44:00] : 측정요구4 OFF
[18:44:00] : 11,20181121-184400,CF18112053281,,OK,MAX,1, ,0.50,7.00,3.83,OK,0.50,7.00,4.26,OK,0.50,7.00,1.71,OK,0.50,7.00,2.10,OK,
[18:44:18] : Cycle start ON
[18:44:20] : Cycle start OFF
[18:44:47] : REQUEST MEAS. ON
[18:44:56] : REQUEST MEAS. OFF
[18:44:57] : 측정요구 ON 2
[18:45:06] : 측정요구 2OFF
[18:45:11] : 측정요구3 ON
[18:45:20] : 측정요구3 OFF
[18:45:21] : 측정요구4 ON
[18:45:30] : 측정요구4 OFF
[18:45:30] : 11,20181121-184531,CF18112053391,,OK,MAX,1, ,0.50,7.00,1.90,OK,0.50,7.00,2.88,OK,0.50,7.00,1.40,OK,0.50,7.00,1.51,OK,
[18:46:07] : MEAS ESC OFF
[18:46:07] : AUTO RUNNING OFF
[18:46:41] : MEAS ESC ON
[18:46:41] : AUTO RUNNING ON
[18:53:38] : MEAS ESC OFF
[19:16:08] : Cycle start ON
[19:16:11] : Cycle start OFF
[19:16:17] : REQUEST MEAS. ON
[19:16:26] : REQUEST MEAS. OFF
[19:16:27] : 측정요구 ON 2
[19:16:36] : 측정요구 2OFF
[19:16:40] : 측정요구3 ON
[19:16:49] : 측정요구3 OFF
[19:16:51] : 측정요구4 ON
[19:17:00] : 측정요구4 OFF
[19:17:00] : 11,20181121-191700,CF18112053421,,OK,MAX,1, ,0.50,7.00,2.18,OK,0.50,7.00,4.23,OK,0.50,7.00,1.58,OK,0.50,7.00,1.38,OK,
[19:17:16] : Cycle start ON
[19:17:19] : Cycle start OFF
[19:17:46] : REQUEST MEAS. ON
[19:17:55] : REQUEST MEAS. OFF
[19:17:57] : 측정요구 ON 2
[19:18:06] : 측정요구 2OFF
[19:18:10] : 측정요구3 ON
[19:18:19] : 측정요구3 OFF
[19:18:21] : 측정요구4 ON
[19:18:30] : 측정요구4 OFF
[19:18:30] : 11,20181121-191830,CF18112053411,,OK,MAX,1, ,0.50,7.00,2.59,OK,0.50,7.00,2.71,OK,0.50,7.00,1.71,OK,0.50,7.00,1.65,OK,
[19:18:47] : Cycle start ON
[19:18:50] : Cycle start OFF
[19:19:16] : REQUEST MEAS. ON
[19:19:25] : REQUEST MEAS. OFF
[19:19:27] : 측정요구 ON 2
[19:19:36] : 측정요구 2OFF
[19:19:41] : 측정요구3 ON
[19:19:50] : 측정요구3 OFF
[19:19:51] : 측정요구4 ON
[19:20:00] : 측정요구4 OFF
[19:20:00] : 11,20181121-192000,CF18112052581,,OK,MAX,1, ,0.50,7.00,2.60,OK,0.50,7.00,3.86,OK,0.50,7.00,1.43,OK,0.50,7.00,1.17,OK,
[19:20:19] : Cycle start ON
[19:20:21] : Cycle start OFF
[19:20:47] : REQUEST MEAS. ON
[19:20:56] : REQUEST MEAS. OFF
[19:20:57] : 측정요구 ON 2
[19:21:06] : 측정요구 2OFF
[19:21:11] : 측정요구3 ON
[19:21:20] : 측정요구3 OFF
[19:21:21] : 측정요구4 ON
[19:21:30] : 측정요구4 OFF
[19:21:30] : 11,20181121-192131,CF18112053441,,OK,MAX,1, ,0.50,7.00,3.33,OK,0.50,7.00,3.36,OK,0.50,7.00,1.88,OK,0.50,7.00,1.99,OK,
[19:21:48] : Cycle start ON
[19:21:51] : Cycle start OFF
[19:22:17] : REQUEST MEAS. ON
[19:22:26] : REQUEST MEAS. OFF
[19:22:28] : 측정요구 ON 2
[19:22:37] : 측정요구 2OFF
[19:22:41] : 측정요구3 ON
[19:22:50] : 측정요구3 OFF
[19:22:51] : 측정요구4 ON
[19:23:00] : 측정요구4 OFF
[19:23:00] : 11,20181121-192301,CF18112053431,,OK,MAX,1, ,0.50,7.00,2.39,OK,0.50,7.00,3.33,OK,0.50,7.00,1.36,OK,0.50,7.00,1.14,OK,
[19:23:18] : Cycle start ON
[19:23:20] : Cycle start OFF
[19:23:47] : REQUEST MEAS. ON
[19:23:56] : REQUEST MEAS. OFF
[19:23:58] : 측정요구 ON 2
[19:24:07] : 측정요구 2OFF
[19:24:11] : 측정요구3 ON
[19:24:20] : 측정요구3 OFF
[19:24:22] : 측정요구4 ON
[19:24:31] : 측정요구4 OFF
[19:24:31] : 11,20181121-192431,CF18112052671,,OK,MAX,1, ,0.50,7.00,2.64,OK,0.50,7.00,3.94,OK,0.50,7.00,1.56,OK,0.50,7.00,1.26,OK,
[19:58:16] : Cycle start ON
[19:58:18] : Cycle start OFF
[19:58:24] : REQUEST MEAS. ON
[19:58:33] : REQUEST MEAS. OFF
[19:58:35] : 측정요구 ON 2
[19:58:44] : 측정요구 2OFF
[19:58:48] : 측정요구3 ON
[19:58:57] : 측정요구3 OFF
[19:58:58] : 측정요구4 ON
[19:59:07] : 측정요구4 OFF
[19:59:07] : 11,20181121-195908,CF18112052651,,OK,MAX,1, ,0.50,7.00,3.62,OK,0.50,7.00,3.88,OK,0.50,7.00,2.21,OK,0.50,7.00,3.96,OK,
[19:59:26] : Cycle start ON
[19:59:28] : Cycle start OFF
[19:59:54] : REQUEST MEAS. ON
[20:00:03] : REQUEST MEAS. OFF
[20:00:05] : 측정요구 ON 2
[20:00:14] : 측정요구 2OFF
[20:00:18] : 측정요구3 ON
[20:00:27] : 측정요구3 OFF
[20:00:29] : 측정요구4 ON
[20:00:38] : 측정요구4 OFF
[20:00:38] : 11,20181121-200038,CF18112052641,,OK,MAX,1, ,0.50,7.00,2.01,OK,0.50,7.00,3.33,OK,0.50,7.00,1.68,OK,0.50,7.00,1.80,OK,
[20:00:55] : Cycle start ON
[20:00:57] : Cycle start OFF
[20:01:24] : REQUEST MEAS. ON
[20:01:33] : REQUEST MEAS. OFF
[20:01:35] : 측정요구 ON 2
[20:01:44] : 측정요구 2OFF
[20:01:48] : 측정요구3 ON
[20:01:57] : 측정요구3 OFF
[20:01:59] : 측정요구4 ON
[20:02:08] : 측정요구4 OFF
[20:02:08] : 11,20181121-200208,CF18112052711,,OK,MAX,1, ,0.50,7.00,2.49,OK,0.50,7.00,3.83,OK,0.50,7.00,1.74,OK,0.50,7.00,1.94,OK,
[20:02:27] : Cycle start ON
[20:02:29] : Cycle start OFF
[20:02:54] : REQUEST MEAS. ON
[20:03:03] : REQUEST MEAS. OFF
[20:03:05] : 측정요구 ON 2
[20:03:14] : 측정요구 2OFF
[20:03:18] : 측정요구3 ON
[20:03:27] : 측정요구3 OFF
[20:03:29] : 측정요구4 ON
[20:03:38] : 측정요구4 OFF
[20:03:38] : 11,20181121-200338,CF18112052691,,OK,MAX,1, ,0.50,7.00,3.01,OK,0.50,7.00,3.94,OK,0.50,7.00,1.82,OK,0.50,7.00,1.18,OK,
[20:03:57] : Cycle start ON
[20:03:59] : Cycle start OFF
[20:04:24] : REQUEST MEAS. ON
[20:04:33] : REQUEST MEAS. OFF
[20:04:35] : 측정요구 ON 2
[20:04:44] : 측정요구 2OFF
[20:04:49] : 측정요구3 ON
[20:04:58] : 측정요구3 OFF
[20:04:59] : 측정요구4 ON
[20:05:08] : 측정요구4 OFF
[20:05:08] : 11,20181121-200509,CF18112052771,,OK,MAX,1, ,0.50,7.00,3.50,OK,0.50,7.00,4.08,OK,0.50,7.00,1.50,OK,0.50,7.00,1.32,OK,
[20:05:27] : Cycle start ON
[20:05:29] : Cycle start OFF
[20:05:55] : REQUEST MEAS. ON
[20:06:04] : REQUEST MEAS. OFF
[20:06:06] : 측정요구 ON 2
[20:06:15] : 측정요구 2OFF
[20:06:19] : 측정요구3 ON
[20:06:28] : 측정요구3 OFF
[20:06:30] : 측정요구4 ON
[20:06:39] : 측정요구4 OFF
[20:06:39] : 11,20181121-200639,CF18112052751,,OK,MAX,1, ,0.50,7.00,3.00,OK,0.50,7.00,4.55,OK,0.50,7.00,1.87,OK,0.50,7.00,2.33,OK,
[20:06:56] : Cycle start ON
[20:06:59] : Cycle start OFF
[20:07:25] : REQUEST MEAS. ON
[20:07:34] : REQUEST MEAS. OFF
[20:07:36] : 측정요구 ON 2
[20:07:45] : 측정요구 2OFF
[20:07:49] : 측정요구3 ON
[20:07:58] : 측정요구3 OFF
[20:08:00] : 측정요구4 ON
[20:08:09] : 측정요구4 OFF
[20:08:09] : 11,20181121-200809,CF18112052731,,OK,MAX,1, ,0.50,7.00,2.90,OK,0.50,7.00,3.84,OK,0.50,7.00,1.73,OK,0.50,7.00,1.45,OK,
[20:08:27] : Cycle start ON
[20:08:30] : Cycle start OFF
[20:08:55] : REQUEST MEAS. ON
[20:09:04] : REQUEST MEAS. OFF
[20:09:06] : 측정요구 ON 2
[20:09:15] : 측정요구 2OFF
[20:09:19] : 측정요구3 ON
[20:09:28] : 측정요구3 OFF
[20:09:30] : 측정요구4 ON
[20:09:39] : 측정요구4 OFF
[20:09:39] : 11,20181121-200939,CF18112052811,,OK,MAX,1, ,0.50,7.00,3.34,OK,0.50,7.00,3.04,OK,0.50,7.00,1.60,OK,0.50,7.00,2.00,OK,
[20:09:58] : Cycle start ON
[20:10:00] : Cycle start OFF
[20:10:25] : REQUEST MEAS. ON
[20:10:34] : REQUEST MEAS. OFF
[20:10:36] : 측정요구 ON 2
[20:10:45] : 측정요구 2OFF
[20:10:49] : 측정요구3 ON
[20:10:58] : 측정요구3 OFF
[20:11:00] : 측정요구4 ON
[20:11:09] : 측정요구4 OFF
[20:11:09] : 11,20181121-201109,CF18112052791,,OK,MAX,1, ,0.50,7.00,2.93,OK,0.50,7.00,5.04,OK,0.50,7.00,1.32,OK,0.50,7.00,1.18,OK,
[20:11:28] : Cycle start ON
[20:11:30] : Cycle start OFF
[20:11:56] : REQUEST MEAS. ON
[20:12:05] : REQUEST MEAS. OFF
[20:12:06] : 측정요구 ON 2
[20:12:15] : 측정요구 2OFF
[20:12:20] : 측정요구3 ON
[20:12:29] : 측정요구3 OFF
[20:12:30] : 측정요구4 ON
[20:12:39] : 측정요구4 OFF
[20:12:39] : 11,20181121-201239,CF18112052871,CF 18090110823,OK,MAX,1, ,0.50,7.00,2.57,OK,0.50,7.00,3.46,OK,0.50,7.00,4.51,OK,0.50,7.00,1.82,OK,
[20:12:57] : Cycle start ON
[20:13:00] : Cycle start OFF
[20:13:27] : REQUEST MEAS. ON
[20:13:35] : REQUEST MEAS. OFF
[20:13:37] : 측정요구 ON 2
[20:13:46] : 측정요구 2OFF
[20:13:50] : 측정요구3 ON
[20:13:59] : 측정요구3 OFF
[20:14:00] : 측정요구4 ON
[20:14:09] : 측정요구4 OFF
[20:14:09] : 11,20181121-201410,CF18112052851,,OK,MAX,1, ,0.50,7.00,2.33,OK,0.50,7.00,3.55,OK,0.50,7.00,1.61,OK,0.50,7.00,1.69,OK,
[20:14:27] : Cycle start ON
[20:14:29] : Cycle start OFF
[20:14:56] : REQUEST MEAS. ON
[20:15:05] : REQUEST MEAS. OFF
[20:15:07] : 측정요구 ON 2
[20:15:16] : 측정요구 2OFF
[20:15:20] : 측정요구3 ON
[20:15:29] : 측정요구3 OFF
[20:15:31] : 측정요구4 ON
[20:15:40] : 측정요구4 OFF
[20:15:40] : 11,20181121-201540,CF18112052831,,OK,MAX,1, ,0.50,7.00,4.54,OK,0.50,7.00,3.70,OK,0.50,7.00,1.45,OK,0.50,7.00,2.11,OK,
[20:15:58] : Cycle start ON
[20:16:00] : Cycle start OFF
[20:16:26] : REQUEST MEAS. ON
[20:16:35] : REQUEST MEAS. OFF
[20:16:37] : 측정요구 ON 2
[20:16:46] : 측정요구 2OFF
[20:16:50] : 측정요구3 ON
[20:16:59] : 측정요구3 OFF
[20:17:01] : 측정요구4 ON
[20:17:10] : 측정요구4 OFF
[20:17:10] : 11,20181121-201710,CF18112052911,,OK,MAX,1, ,0.50,7.00,3.59,OK,0.50,7.00,3.95,OK,0.50,7.00,1.23,OK,0.50,7.00,1.49,OK,
[20:17:27] : Cycle start ON
[20:17:29] : Cycle start OFF
[20:17:56] : REQUEST MEAS. ON
[20:18:05] : REQUEST MEAS. OFF
[20:18:07] : 측정요구 ON 2
[20:18:16] : 측정요구 2OFF
[20:18:20] : 측정요구3 ON
[20:18:29] : 측정요구3 OFF
[20:18:31] : 측정요구4 ON
[20:18:40] : 측정요구4 OFF
[20:18:40] : 11,20181121-201840,CF18112052891,,OK,MAX,1, ,0.50,7.00,2.46,OK,0.50,7.00,3.24,OK,0.50,7.00,1.57,OK,0.50,7.00,2.07,OK,
[20:22:19] : AUTO RUNNING OFF
[20:26:26] : MEAS ESC ON
[20:26:28] : MEAS ESC OFF
[20:26:28] : AUTO RUNNING ON
[20:26:52] : Cycle start ON
[20:26:54] : Cycle start OFF
[20:27:00] : REQUEST MEAS. ON
[20:27:09] : REQUEST MEAS. OFF
[20:27:11] : 측정요구 ON 2
[20:27:20] : 측정요구 2OFF
[20:27:24] : 측정요구3 ON
[20:27:33] : 측정요구3 OFF
[20:27:35] : 측정요구4 ON
[20:27:44] : 측정요구4 OFF
[20:27:44] : 11,20181121-202744,CF18112052931,,OK,MAX,1, ,0.50,7.00,2.80,OK,0.50,7.00,4.13,OK,0.50,7.00,1.56,OK,0.50,7.00,2.99,OK,
[20:28:00] : Cycle start ON
[20:28:02] : Cycle start OFF
[20:28:30] : REQUEST MEAS. ON
[20:28:39] : REQUEST MEAS. OFF
[20:28:41] : 측정요구 ON 2
[20:28:50] : 측정요구 2OFF
[20:28:54] : 측정요구3 ON
[20:29:03] : 측정요구3 OFF
[20:29:05] : 측정요구4 ON
[20:29:14] : 측정요구4 OFF
[20:29:14] : 11,20181121-202914,CF18112052951,,OK,MAX,1, ,0.50,7.00,2.85,OK,0.50,7.00,4.29,OK,0.50,7.00,1.55,OK,0.50,7.00,1.60,OK,
[20:38:09] : AUTO RUNNING OFF
[20:38:37] : MEAS ESC ON
[20:38:38] : MEAS ESC OFF
[20:38:38] : AUTO RUNNING ON
[20:41:59] : Cycle start ON
[20:42:02] : Cycle start OFF
[20:42:10] : REQUEST MEAS. ON
[20:42:19] : REQUEST MEAS. OFF
[20:42:21] : 측정요구 ON 2
[20:42:30] : 측정요구 2OFF
[20:42:34] : 측정요구3 ON
[20:42:43] : 측정요구3 OFF
[20:42:44] : 측정요구4 ON
[20:42:53] : 측정요구4 OFF
[20:42:53] : 11,20181121-204254,CF18112052961,,OK,MAX,1, ,0.50,7.00,3.01,OK,0.50,7.00,3.37,OK,0.50,7.00,1.56,OK,0.50,7.00,1.57,OK,
[20:43:10] : Cycle start ON
[20:43:13] : Cycle start OFF
[20:43:40] : REQUEST MEAS. ON
[20:43:49] : REQUEST MEAS. OFF
[20:43:51] : 측정요구 ON 2
[20:44:00] : 측정요구 2OFF
[20:44:04] : 측정요구3 ON
[20:44:13] : 측정요구3 OFF
[20:44:15] : 측정요구4 ON
[20:44:24] : 측정요구4 OFF
[20:44:24] : 11,20181121-204424,CF18112052981,,OK,MAX,1, ,0.50,7.00,1.89,OK,0.50,7.00,2.78,OK,0.50,7.00,1.74,OK,0.50,7.00,2.41,OK,
[20:44:42] : Cycle start ON
[20:44:45] : Cycle start OFF
[20:45:10] : REQUEST MEAS. ON
[20:45:19] : REQUEST MEAS. OFF
[20:45:21] : 측정요구 ON 2
[20:45:30] : 측정요구 2OFF
[20:45:34] : 측정요구3 ON
[20:45:43] : 측정요구3 OFF
[20:45:45] : 측정요구4 ON
[20:45:54] : 측정요구4 OFF
[20:45:54] : 11,20181121-204554,CF18112053001,,OK,MAX,1, ,0.50,7.00,3.45,OK,0.50,7.00,3.41,OK,0.50,7.00,1.94,OK,0.50,7.00,1.58,OK,
[20:46:14] : Cycle start ON
[20:46:16] : Cycle start OFF
[20:46:40] : REQUEST MEAS. ON
[20:46:49] : REQUEST MEAS. OFF
[20:46:51] : 측정요구 ON 2
[20:47:00] : 측정요구 2OFF
[20:47:04] : 측정요구3 ON
[20:47:13] : 측정요구3 OFF
[20:47:15] : 측정요구4 ON
[20:47:24] : 측정요구4 OFF
[20:47:24] : 11,20181121-204724,CF18112053021,,OK,MAX,1, ,0.50,7.00,3.68,OK,0.50,7.00,3.98,OK,0.50,7.00,1.77,OK,0.50,7.00,1.42,OK,
[20:47:41] : Cycle start ON
[20:47:43] : Cycle start OFF
[20:48:10] : REQUEST MEAS. ON
[20:48:19] : REQUEST MEAS. OFF
[20:48:21] : 측정요구 ON 2
[20:48:30] : 측정요구 2OFF
[20:48:35] : 측정요구3 ON
[20:48:44] : 측정요구3 OFF
[20:48:45] : 측정요구4 ON
[20:48:54] : 측정요구4 OFF
[20:48:54] : 11,20181121-204855,CF18112053041,,OK,MAX,1, ,0.50,7.00,3.61,OK,0.50,7.00,3.99,OK,0.50,7.00,2.06,OK,0.50,7.00,1.49,OK,
[20:49:13] : Cycle start ON
[20:49:15] : Cycle start OFF
[20:49:41] : REQUEST MEAS. ON
[20:49:50] : REQUEST MEAS. OFF
[20:49:52] : 측정요구 ON 2
[20:50:01] : 측정요구 2OFF
[20:50:05] : 측정요구3 ON
[20:50:14] : 측정요구3 OFF
[20:50:15] : 측정요구4 ON
[20:50:24] : 측정요구4 OFF
[20:50:24] : 11,20181121-205025,CF18112053061,,OK,MAX,1, ,0.50,7.00,2.83,OK,0.50,7.00,4.02,OK,0.50,7.00,2.61,OK,0.50,7.00,1.28,OK,
[20:50:48] : Cycle start ON
[20:50:50] : Cycle start OFF
[20:51:12] : REQUEST MEAS. ON
[20:51:20] : REQUEST MEAS. OFF
[20:51:22] : 측정요구 ON 2
[20:51:31] : 측정요구 2OFF
[20:51:35] : 측정요구3 ON
[20:51:44] : 측정요구3 OFF
[20:51:46] : 측정요구4 ON
[20:51:55] : 측정요구4 OFF
[20:51:55] : 11,20181121-205155,CF18112053081,,OK,MAX,1, ,0.50,7.00,3.38,OK,0.50,7.00,4.07,OK,0.50,7.00,1.48,OK,0.50,7.00,1.21,OK,
[20:52:14] : Cycle start ON
[20:52:17] : Cycle start OFF
[20:52:41] : REQUEST MEAS. ON
[20:52:50] : REQUEST MEAS. OFF
[20:52:52] : 측정요구 ON 2
[20:53:01] : 측정요구 2OFF
[20:53:05] : 측정요구3 ON
[20:53:14] : 측정요구3 OFF
[20:53:16] : 측정요구4 ON
[20:53:25] : 측정요구4 OFF
[20:53:25] : 11,20181121-205325,CF18112053101,,OK,MAX,1, ,0.50,7.00,3.33,OK,0.50,7.00,3.86,OK,0.50,7.00,1.41,OK,0.50,7.00,1.63,OK,
[20:53:42] : Cycle start ON
[20:53:44] : Cycle start OFF
[20:54:11] : REQUEST MEAS. ON
[20:54:20] : REQUEST MEAS. OFF
[20:54:22] : 측정요구 ON 2
[20:54:31] : 측정요구 2OFF
[20:54:35] : 측정요구3 ON
[20:54:44] : 측정요구3 OFF
[20:54:46] : 측정요구4 ON
[20:54:55] : 측정요구4 OFF
[20:54:55] : 11,20181121-205455,CF18112053121,,OK,MAX,1, ,0.50,7.00,3.26,OK,0.50,7.00,5.21,OK,0.50,7.00,1.70,OK,0.50,7.00,1.46,OK,
[20:55:18] : Cycle start ON
[20:55:20] : Cycle start OFF
[20:55:42] : REQUEST MEAS. ON
[20:55:51] : REQUEST MEAS. OFF
[20:55:52] : 측정요구 ON 2
[20:56:01] : 측정요구 2OFF
[20:56:06] : 측정요구3 ON
[20:56:15] : 측정요구3 OFF
[20:56:16] : 측정요구4 ON
[20:56:25] : 측정요구4 OFF
[20:56:25] : 11,20181121-205626,CF18112053581,,OK,MAX,1, ,0.50,7.00,2.58,OK,0.50,7.00,4.43,OK,0.50,7.00,1.97,OK,0.50,7.00,1.82,OK,
[20:56:46] : Cycle start ON
[20:56:48] : Cycle start OFF
[20:57:12] : REQUEST MEAS. ON
[20:57:21] : REQUEST MEAS. OFF
[20:57:23] : 측정요구 ON 2
[20:57:32] : 측정요구 2OFF
[20:57:36] : 측정요구3 ON
[20:57:45] : 측정요구3 OFF
[20:57:47] : 측정요구4 ON
[20:57:56] : 측정요구4 OFF
[20:57:56] : 11,20181121-205756,CF18112053601,,OK,MAX,1, ,0.50,7.00,3.16,OK,0.50,7.00,4.36,OK,0.50,7.00,1.59,OK,0.50,7.00,2.74,OK,
[20:58:19] : Cycle start ON
[20:58:21] : Cycle start OFF
[20:58:42] : REQUEST MEAS. ON
[20:58:51] : REQUEST MEAS. OFF
[20:58:53] : 측정요구 ON 2
[20:59:02] : 측정요구 2OFF
[20:59:06] : 측정요구3 ON
[20:59:15] : 측정요구3 OFF
[20:59:17] : 측정요구4 ON
[20:59:26] : 측정요구4 OFF
[20:59:26] : 11,20181121-205926,CF18112053621,,OK,MAX,1, ,0.50,7.00,2.60,OK,0.50,7.00,3.95,OK,0.50,7.00,1.56,OK,0.50,7.00,2.55,OK,
[20:59:46] : Cycle start ON
[20:59:48] : Cycle start OFF
[21:00:12] : REQUEST MEAS. ON
[21:00:21] : REQUEST MEAS. OFF
[21:00:23] : 측정요구 ON 2
[21:00:32] : 측정요구 2OFF
[21:00:36] : 측정요구3 ON
[21:00:45] : 측정요구3 OFF
[21:00:47] : 측정요구4 ON
[21:00:56] : 측정요구4 OFF
[21:00:56] : 11,20181121-210056,CF18112053641,,OK,MAX,1, ,0.50,7.00,1.24,OK,0.50,7.00,4.03,OK,0.50,7.00,1.48,OK,0.50,7.00,1.28,OK,
[21:01:15] : Cycle start ON
[21:01:18] : Cycle start OFF
[21:01:42] : REQUEST MEAS. ON
[21:01:51] : REQUEST MEAS. OFF
[21:01:53] : 측정요구 ON 2
[21:02:02] : 측정요구 2OFF
[21:02:06] : 측정요구3 ON
[21:02:15] : 측정요구3 OFF
[21:02:17] : 측정요구4 ON
[21:02:26] : 측정요구4 OFF
[21:02:26] : 11,20181121-210226,CF18112053661,,OK,MAX,1, ,0.50,7.00,2.99,OK,0.50,7.00,3.88,OK,0.50,7.00,4.49,OK,0.50,7.00,1.24,OK,
[21:02:47] : Cycle start ON
[21:02:50] : Cycle start OFF
[21:05:17] : AUTO RUNNING OFF
[21:05:52] : MEAS ESC ON
[21:05:57] : MEAS ESC OFF
[21:05:57] : AUTO RUNNING ON
[21:06:46] : REQUEST MEAS. ON
[21:06:55] : REQUEST MEAS. OFF
[21:06:56] : 측정요구 ON 2
[21:07:05] : 측정요구 2OFF
[21:07:09] : 측정요구3 ON
[21:07:18] : 측정요구3 OFF
[21:07:20] : 측정요구4 ON
[21:07:29] : 측정요구4 OFF
[21:07:29] : 11,20181121-210729,CF18112053681,,OK,MAX,1, ,0.50,7.00,3.23,OK,0.50,7.00,5.12,OK,0.50,7.00,1.56,OK,0.50,7.00,1.52,OK,
[21:07:46] : Cycle start ON
[21:07:49] : Cycle start OFF
[21:08:15] : REQUEST MEAS. ON
[21:08:24] : REQUEST MEAS. OFF
[21:08:26] : 측정요구 ON 2
[21:08:35] : 측정요구 2OFF
[21:08:39] : 측정요구3 ON
[21:08:48] : 측정요구3 OFF
[21:08:50] : 측정요구4 ON
[21:08:59] : 측정요구4 OFF
[21:08:59] : 11,20181121-210859,CF18112053701,,OK,MAX,1, ,0.50,7.00,3.13,OK,0.50,7.00,5.90,OK,0.50,7.00,1.47,OK,0.50,7.00,1.35,OK,
[21:09:19] : Cycle start ON
[21:09:21] : Cycle start OFF
[21:09:46] : REQUEST MEAS. ON
[21:09:55] : REQUEST MEAS. OFF
[21:09:56] : 측정요구 ON 2
[21:10:05] : 측정요구 2OFF
[21:10:10] : 측정요구3 ON
[21:10:19] : 측정요구3 OFF
[21:10:20] : 측정요구4 ON
[21:10:29] : 측정요구4 OFF
[21:10:29] : 11,20181121-211030,CF18112053721,,OK,MAX,1, ,0.50,7.00,3.61,OK,0.50,7.00,4.39,OK,0.50,7.00,1.73,OK,0.50,7.00,1.48,OK,
[21:10:51] : Cycle start ON
[21:10:53] : Cycle start OFF
[21:11:16] : REQUEST MEAS. ON
[21:11:25] : REQUEST MEAS. OFF
[21:11:27] : 측정요구 ON 2
[21:11:36] : 측정요구 2OFF
[21:11:40] : 측정요구3 ON
[21:11:49] : 측정요구3 OFF
[21:11:51] : 측정요구4 ON
[21:12:00] : 측정요구4 OFF
[21:12:00] : 11,20181121-211200,CF18112053811,,OK,MAX,1, ,0.50,7.00,3.78,OK,0.50,7.00,4.61,OK,0.50,7.00,1.75,OK,0.50,7.00,1.60,OK,
[21:12:23] : Cycle start ON
[21:12:25] : Cycle start OFF
[21:12:46] : REQUEST MEAS. ON
[21:12:55] : REQUEST MEAS. OFF
[21:12:57] : 측정요구 ON 2
[21:13:06] : 측정요구 2OFF
[21:13:10] : 측정요구3 ON
[21:13:19] : 측정요구3 OFF
[21:13:21] : 측정요구4 ON
[21:13:30] : 측정요구4 OFF
[21:13:30] : 11,20181121-211330,CF18112053801,,OK,MAX,1, ,0.50,7.00,3.41,OK,0.50,7.00,5.48,OK,0.50,7.00,1.99,OK,0.50,7.00,2.35,OK,
[21:13:49] : Cycle start ON
[21:13:51] : Cycle start OFF
[21:16:51] : REQUEST MEAS. ON
[21:17:00] : REQUEST MEAS. OFF
[21:17:02] : 측정요구 ON 2
[21:17:11] : 측정요구 2OFF
[21:17:15] : 측정요구3 ON
[21:17:24] : 측정요구3 OFF
[21:17:26] : 측정요구4 ON
[21:17:35] : 측정요구4 OFF
[21:17:35] : 11,20181121-211735,CF18112053761,,OK,MAX,1, ,0.50,7.00,3.37,OK,0.50,7.00,3.73,OK,0.50,7.00,1.33,OK,0.50,7.00,1.16,OK,
[21:17:52] : Cycle start ON
[21:17:55] : Cycle start OFF
[21:18:21] : REQUEST MEAS. ON
[21:18:30] : REQUEST MEAS. OFF
[21:18:32] : 측정요구 ON 2
[21:18:41] : 측정요구 2OFF
[21:18:45] : 측정요구3 ON
[21:18:54] : 측정요구3 OFF
[21:18:56] : 측정요구4 ON
[21:19:05] : 측정요구4 OFF
[21:19:05] : 11,20181121-211905,CF18112053961,,OK,MAX,1, ,0.50,7.00,3.28,OK,0.50,7.00,5.51,OK,0.50,7.00,1.87,OK,0.50,7.00,1.49,OK,
[21:19:24] : Cycle start ON
[21:19:26] : Cycle start OFF
[21:19:51] : REQUEST MEAS. ON
[21:20:00] : REQUEST MEAS. OFF
[21:20:02] : 측정요구 ON 2
[21:20:11] : 측정요구 2OFF
[21:20:15] : 측정요구3 ON
[21:20:24] : 측정요구3 OFF
[21:20:26] : 측정요구4 ON
[21:20:35] : 측정요구4 OFF
[21:20:35] : 11,20181121-212035,CF18112053971,,OK,MAX,1, ,0.50,7.00,2.13,OK,0.50,7.00,3.61,OK,0.50,7.00,3.13,OK,0.50,7.00,1.35,OK,
[21:20:57] : Cycle start ON
[21:20:59] : Cycle start OFF
[21:21:22] : REQUEST MEAS. ON
[21:21:31] : REQUEST MEAS. OFF
[21:21:32] : 측정요구 ON 2
[21:21:41] : 측정요구 2OFF
[21:21:46] : 측정요구3 ON
[21:21:55] : 측정요구3 OFF
[21:21:56] : 측정요구4 ON
[21:22:05] : 측정요구4 OFF
[21:22:08] : TCP FAIL 1
[21:22:33] : Cycle start ON
[21:22:34] : Cycle start OFF
[21:23:25] : REQUEST MEAS. ON
[21:23:34] : REQUEST MEAS. OFF
[21:23:35] : 측정요구 ON 2
[21:23:44] : 측정요구 2OFF
[21:23:48] : 측정요구3 ON
[21:23:57] : 측정요구3 OFF
[21:23:59] : 측정요구4 ON
[21:24:08] : 측정요구4 OFF
[21:24:08] : 11,20181121-212408,CF18112054001,,OK,MAX,1, ,0.50,7.00,3.20,OK,0.50,7.00,4.13,OK,0.50,7.00,1.34,OK,0.50,7.00,1.43,OK,
[21:24:25] : Cycle start ON
[21:24:28] : Cycle start OFF
[21:24:54] : REQUEST MEAS. ON
[21:25:03] : REQUEST MEAS. OFF
[21:25:05] : 측정요구 ON 2
[21:25:14] : 측정요구 2OFF
[21:25:18] : 측정요구3 ON
[21:25:27] : 측정요구3 OFF
[21:25:29] : 측정요구4 ON
[21:25:38] : 측정요구4 OFF
[21:25:38] : 11,20181121-212538,CF18112053361,,OK,MAX,1, ,0.50,7.00,3.35,OK,0.50,7.00,4.21,OK,0.50,7.00,1.56,OK,0.50,7.00,2.21,OK,
[21:25:56] : Cycle start ON
[21:25:58] : Cycle start OFF
[21:26:24] : REQUEST MEAS. ON
[21:26:33] : REQUEST MEAS. OFF
[21:26:35] : 측정요구 ON 2
[21:26:44] : 측정요구 2OFF
[21:26:49] : 측정요구3 ON
[21:26:58] : 측정요구3 OFF
[21:26:59] : 측정요구4 ON
[21:27:08] : 측정요구4 OFF
[21:27:08] : 11,20181121-212709,CF18112052481,,OK,MAX,1, ,0.50,7.00,3.06,OK,0.50,7.00,3.76,OK,0.50,7.00,1.39,OK,0.50,7.00,1.62,OK,
[21:27:29] : Cycle start ON
[21:27:32] : Cycle start OFF
[21:27:55] : REQUEST MEAS. ON
[21:28:04] : REQUEST MEAS. OFF
[21:28:05] : 측정요구 ON 2
[21:28:14] : 측정요구 2OFF
[21:28:19] : 측정요구3 ON
[21:28:28] : 측정요구3 OFF
[21:28:29] : 측정요구4 ON
[21:28:38] : 측정요구4 OFF
[21:28:38] : 11,20181121-212839,CF18112052501,,OK,MAX,1, ,0.50,7.00,1.98,OK,0.50,7.00,2.19,OK,0.50,7.00,2.20,OK,0.50,7.00,3.46,OK,
[21:29:08] : Cycle start ON
[21:29:10] : Cycle start OFF
[21:29:25] : REQUEST MEAS. ON
[21:29:34] : REQUEST MEAS. OFF
[21:29:36] : 측정요구 ON 2
[21:29:45] : 측정요구 2OFF
[21:29:49] : 측정요구3 ON
[21:29:58] : 측정요구3 OFF
[21:30:00] : 측정요구4 ON
[21:30:09] : 측정요구4 OFF
[21:30:09] : 11,20181121-213009,CF18112053301,,OK,MAX,1, ,0.50,7.00,1.76,OK,0.50,7.00,2.39,OK,0.50,7.00,1.60,OK,0.50,7.00,1.26,OK,
[21:30:31] : Cycle start ON
[21:30:33] : Cycle start OFF
[21:30:55] : REQUEST MEAS. ON
[21:31:04] : REQUEST MEAS. OFF
[21:31:06] : 측정요구 ON 2
[21:31:15] : 측정요구 2OFF
[21:31:19] : 측정요구3 ON
[21:31:28] : 측정요구3 OFF
[21:31:30] : 측정요구4 ON
[21:31:39] : 측정요구4 OFF
[21:31:39] : 11,20181121-213139,CF18112052511,,OK,MAX,1, ,0.50,7.00,3.39,OK,0.50,7.00,3.70,OK,0.50,7.00,1.63,OK,0.50,7.00,1.59,OK,
[21:32:02] : Cycle start ON
[21:32:04] : Cycle start OFF
[21:32:25] : REQUEST MEAS. ON
[21:32:34] : REQUEST MEAS. OFF
[21:32:36] : 측정요구 ON 2
[21:32:45] : 측정요구 2OFF
[21:32:49] : 측정요구3 ON
[21:32:58] : 측정요구3 OFF
[21:33:00] : 측정요구4 ON
[21:33:09] : 측정요구4 OFF
[21:33:09] : 11,20181121-213309,CF18112051931,,OK,MAX,1, ,0.50,7.00,4.20,OK,0.50,7.00,4.96,OK,0.50,7.00,2.89,OK,0.50,7.00,1.29,OK,
[21:33:28] : Cycle start ON
[21:33:30] : Cycle start OFF
[21:33:55] : REQUEST MEAS. ON
[21:34:04] : REQUEST MEAS. OFF
[21:34:06] : 측정요구 ON 2
[21:34:15] : 측정요구 2OFF
[21:34:19] : 측정요구3 ON
[21:34:28] : 측정요구3 OFF
[21:34:30] : 측정요구4 ON
[21:34:39] : 측정요구4 OFF
[21:34:39] : 11,20181121-213439,CF18112051671,,OK,MAX,1, ,0.50,7.00,3.17,OK,0.50,7.00,4.45,OK,0.50,7.00,1.96,OK,0.50,7.00,1.77,OK,
[21:34:57] : Cycle start ON
[21:34:59] : Cycle start OFF
[21:35:26] : REQUEST MEAS. ON
[21:35:35] : REQUEST MEAS. OFF
[21:35:36] : 측정요구 ON 2
[21:35:45] : 측정요구 2OFF
[21:35:50] : 측정요구3 ON
[21:35:59] : 측정요구3 OFF
[21:36:00] : 측정요구4 ON
[21:36:09] : 측정요구4 OFF
[21:36:09] : 11,20181121-213610,CF18112051701,,OK,MAX,1, ,0.50,7.00,2.80,OK,0.50,7.00,1.95,OK,0.50,7.00,2.24,OK,0.50,7.00,1.30,OK,
[21:37:37] : Cycle start ON
[21:37:40] : Cycle start OFF
[21:37:46] : REQUEST MEAS. ON
[21:37:54] : REQUEST MEAS. OFF
[21:37:56] : 측정요구 ON 2
[21:38:05] : 측정요구 2OFF
[21:38:09] : 측정요구3 ON
[21:38:18] : 측정요구3 OFF
[21:38:20] : 측정요구4 ON
[21:38:29] : 측정요구4 OFF
[21:38:29] : 11,20181121-213829,CF18112051951,,OK,MAX,1, ,0.50,7.00,1.48,OK,0.50,7.00,1.98,OK,0.50,7.00,1.62,OK,0.50,7.00,1.49,OK,
[21:39:56] : AUTO RUNNING OFF
[21:42:56] : MEAS ESC ON
[21:42:59] : MEAS ESC OFF
[21:42:59] : AUTO RUNNING ON
[21:43:25] : Cycle start ON
[21:43:27] : Cycle start OFF
[21:43:33] : REQUEST MEAS. ON
[21:43:42] : REQUEST MEAS. OFF
[21:43:43] : 측정요구 ON 2
[21:43:52] : 측정요구 2OFF
[21:43:57] : 측정요구3 ON
[21:44:06] : 측정요구3 OFF
[21:44:07] : 측정요구4 ON
[21:44:16] : 측정요구4 OFF
[21:44:16] : 11,20181121-214417,CF18112051691,,OK,MAX,1, ,0.50,7.00,2.81,OK,0.50,7.00,4.11,OK,0.50,7.00,1.51,OK,0.50,7.00,2.75,OK,
[21:44:26] : AUTO RUNNING OFF
[21:45:23] : MEAS ESC ON
[21:45:23] : MEAS ESC OFF
[21:45:24] : MEAS ESC ON
[21:45:24] : MEAS ESC OFF
[21:45:24] : AUTO RUNNING ON
[21:45:44] : Cycle start ON
[21:45:46] : Cycle start OFF
[21:46:12] : REQUEST MEAS. ON
[21:46:20] : REQUEST MEAS. OFF
[21:46:22] : 측정요구 ON 2
[21:46:31] : 측정요구 2OFF
[21:46:35] : 측정요구3 ON
[21:46:44] : 측정요구3 OFF
[21:46:46] : 측정요구4 ON
[21:46:55] : 측정요구4 OFF
[21:46:55] : 11,20181121-214655,CF18112052021,,OK,MAX,1, ,0.50,7.00,3.65,OK,0.50,7.00,3.25,OK,0.50,7.00,1.65,OK,0.50,7.00,1.50,OK,
[21:47:12] : Cycle start ON
[21:47:14] : Cycle start OFF
[21:47:41] : REQUEST MEAS. ON
[21:47:50] : REQUEST MEAS. OFF
[21:47:52] : 측정요구 ON 2
[21:48:01] : 측정요구 2OFF
[21:48:05] : 측정요구3 ON
[21:48:14] : 측정요구3 OFF
[21:48:16] : 측정요구4 ON
[21:48:25] : 측정요구4 OFF
[21:48:25] : 11,20181121-214825,CF18112052001,,OK,MAX,1, ,0.50,7.00,2.74,OK,0.50,7.00,4.05,OK,0.50,7.00,1.76,OK,0.50,7.00,5.08,OK,
[21:48:44] : Cycle start ON
[21:48:46] : Cycle start OFF
[21:49:11] : REQUEST MEAS. ON
[21:49:20] : REQUEST MEAS. OFF
[21:49:22] : 측정요구 ON 2
[21:49:31] : 측정요구 2OFF
[21:49:35] : 측정요구3 ON
[21:49:44] : 측정요구3 OFF
[21:49:46] : 측정요구4 ON
[21:49:55] : 측정요구4 OFF
[21:49:55] : 11,20181121-214955,CF18112052041,,OK,MAX,1, ,0.50,7.00,2.86,OK,0.50,7.00,4.05,OK,0.50,7.00,2.71,OK,0.50,7.00,1.65,OK,
[21:50:16] : Cycle start ON
[21:50:18] : Cycle start OFF
[21:50:42] : REQUEST MEAS. ON
[21:50:50] : REQUEST MEAS. OFF
[21:50:52] : 측정요구 ON 2
[21:51:01] : 측정요구 2OFF
[21:51:06] : 측정요구3 ON
[21:51:15] : 측정요구3 OFF
[21:51:16] : 측정요구4 ON
[21:51:25] : 측정요구4 OFF
[21:51:25] : 11,20181121-215125,CF18112052061,,OK,MAX,1, ,0.50,7.00,3.05,OK,0.50,7.00,4.39,OK,0.50,7.00,1.68,OK,0.50,7.00,1.71,OK,
[21:51:48] : Cycle start ON
[21:51:51] : Cycle start OFF
[21:52:12] : REQUEST MEAS. ON
[21:52:21] : REQUEST MEAS. OFF
[21:52:23] : 측정요구 ON 2
[21:52:32] : 측정요구 2OFF
[21:52:36] : 측정요구3 ON
[21:52:45] : 측정요구3 OFF
[21:52:46] : 측정요구4 ON
[21:52:55] : 측정요구4 OFF
[21:52:55] : 11,20181121-215256,CF18112052081,,OK,MAX,1, ,0.50,7.00,3.23,OK,0.50,7.00,4.28,OK,0.50,7.00,2.12,OK,0.50,7.00,2.26,OK,
[21:53:15] : Cycle start ON
[21:53:17] : Cycle start OFF
[21:53:42] : REQUEST MEAS. ON
[21:53:51] : REQUEST MEAS. OFF
[21:53:53] : 측정요구 ON 2
[21:54:02] : 측정요구 2OFF
[21:54:06] : 측정요구3 ON
[21:54:15] : 측정요구3 OFF
[21:54:17] : 측정요구4 ON
[21:54:26] : 측정요구4 OFF
[21:54:26] : 11,20181121-215426,CF18112052121,,NG,MAX,1, ,0.50,7.00,2.82,OK,0.50,7.00,4.23,OK,0.50,7.00,3.95,OK,0.50,7.00,8.12,NG,
[21:54:47] : Cycle start ON
[21:54:49] : Cycle start OFF
[21:55:12] : REQUEST MEAS. ON
[21:55:21] : REQUEST MEAS. OFF
[21:55:23] : 측정요구 ON 2
[21:55:32] : 측정요구 2OFF
[21:55:36] : 측정요구3 ON
[21:55:45] : 측정요구3 OFF
[21:55:47] : 측정요구4 ON
[21:55:56] : 측정요구4 OFF
[21:55:56] : 11,20181121-215556,CF18112052101,,OK,MAX,1, ,0.50,7.00,2.83,OK,0.50,7.00,3.27,OK,0.50,7.00,1.94,OK,0.50,7.00,0.98,OK,
[21:56:15] : Cycle start ON
[21:56:18] : Cycle start OFF
[21:56:42] : REQUEST MEAS. ON
[21:56:51] : REQUEST MEAS. OFF
[21:56:53] : 측정요구 ON 2
[21:57:02] : 측정요구 2OFF
[21:57:06] : 측정요구3 ON
[21:57:15] : 측정요구3 OFF
[21:57:17] : 측정요구4 ON
[21:57:26] : 측정요구4 OFF
[21:57:26] : 11,20181121-215726,CF18112052181,,OK,MAX,1, ,0.50,7.00,2.07,OK,0.50,7.00,4.03,OK,0.50,7.00,1.69,OK,0.50,7.00,1.93,OK,
[21:57:46] : Cycle start ON
[21:57:48] : Cycle start OFF
[21:58:12] : REQUEST MEAS. ON
[21:58:21] : REQUEST MEAS. OFF
[21:58:23] : 측정요구 ON 2
[21:58:32] : 측정요구 2OFF
[21:58:36] : 측정요구3 ON
[21:58:45] : 측정요구3 OFF
[21:58:47] : 측정요구4 ON
[21:58:56] : 측정요구4 OFF
[21:58:56] : 11,20181121-215856,CF18112052161,,OK,MAX,1, ,0.50,7.00,2.94,OK,0.50,7.00,3.50,OK,0.50,7.00,2.67,OK,0.50,7.00,1.26,OK,
[21:59:15] : Cycle start ON
[21:59:17] : Cycle start OFF
[21:59:43] : REQUEST MEAS. ON
[21:59:52] : REQUEST MEAS. OFF
[21:59:53] : 측정요구 ON 2
[22:00:02] : 측정요구 2OFF
[22:00:07] : 측정요구3 ON
[22:00:16] : 측정요구3 OFF
[22:00:17] : 측정요구4 ON
[22:00:26] : 측정요구4 OFF
[22:00:26] : 11,20181121-220026,CF18112052141,,OK,MAX,1, ,0.50,7.00,3.71,OK,0.50,7.00,4.03,OK,0.50,7.00,2.61,OK,0.50,7.00,1.86,OK,
[22:00:50] : Cycle start ON
[22:00:52] : Cycle start OFF
[22:01:13] : REQUEST MEAS. ON
[22:01:22] : REQUEST MEAS. OFF
[22:01:24] : 측정요구 ON 2
[22:01:33] : 측정요구 2OFF
[22:01:37] : 측정요구3 ON
[22:01:46] : 측정요구3 OFF
[22:01:47] : 측정요구4 ON
[22:01:56] : 측정요구4 OFF
[22:01:56] : 11,20181121-220157,CF18112052221,,OK,MAX,1, ,0.50,7.00,2.49,OK,0.50,7.00,5.14,OK,0.50,7.00,1.23,OK,0.50,7.00,2.13,OK,
[22:02:16] : Cycle start ON
[22:02:18] : Cycle start OFF
[22:02:44] : REQUEST MEAS. ON
[22:02:52] : REQUEST MEAS. OFF
[22:02:54] : 측정요구 ON 2
[22:03:03] : 측정요구 2OFF
[22:03:07] : 측정요구3 ON
[22:03:16] : 측정요구3 OFF
[22:03:18] : 측정요구4 ON
[22:03:27] : 측정요구4 OFF
[22:03:27] : 11,20181121-220327,CF18112052201,,OK,MAX,1, ,0.50,7.00,2.48,OK,0.50,7.00,4.41,OK,0.50,7.00,1.46,OK,0.50,7.00,2.25,OK,
[22:03:44] : Cycle start ON
[22:03:46] : Cycle start OFF
[22:04:13] : REQUEST MEAS. ON
[22:04:22] : REQUEST MEAS. OFF
[22:04:24] : 측정요구 ON 2
[22:04:33] : 측정요구 2OFF
[22:04:37] : 측정요구3 ON
[22:04:46] : 측정요구3 OFF
[22:04:48] : 측정요구4 ON
[22:04:57] : 측정요구4 OFF
[22:04:57] : 11,20181121-220457,CF18112052471,,OK,MAX,1, ,0.50,7.00,3.39,OK,0.50,7.00,4.04,OK,0.50,7.00,1.69,OK,0.50,7.00,2.10,OK,
[22:05:51] : Cycle start ON
[22:05:53] : Cycle start OFF
[22:05:59] : REQUEST MEAS. ON
[22:06:08] : REQUEST MEAS. OFF
[22:06:10] : 측정요구 ON 2
[22:06:19] : 측정요구 2OFF
[22:06:23] : 측정요구3 ON
[22:06:32] : 측정요구3 OFF
[22:06:34] : 측정요구4 ON
[22:06:43] : 측정요구4 OFF
[22:06:43] : 11,20181121-220643,CF18112052261,,OK,MAX,1, ,0.50,7.00,2.90,OK,0.50,7.00,3.83,OK,0.50,7.00,1.90,OK,0.50,7.00,1.71,OK,
[22:07:01] : Cycle start ON
[22:07:03] : Cycle start OFF
[22:07:30] : REQUEST MEAS. ON
[22:07:38] : REQUEST MEAS. OFF
[22:07:40] : 측정요구 ON 2
[22:07:49] : 측정요구 2OFF
[22:07:54] : 측정요구3 ON
[22:08:03] : 측정요구3 OFF
[22:08:04] : 측정요구4 ON
[22:08:13] : 측정요구4 OFF
[22:08:13] : 11,20181121-220813,CF18112052241,,OK,MAX,1, ,0.50,7.00,2.38,OK,0.50,7.00,4.77,OK,0.50,7.00,1.51,OK,0.50,7.00,0.99,OK,
[22:08:37] : Cycle start ON
[22:08:40] : Cycle start OFF
[22:09:06] : REQUEST MEAS. ON
[22:09:15] : REQUEST MEAS. OFF
[22:09:17] : 측정요구 ON 2
[22:09:26] : 측정요구 2OFF
[22:09:31] : 측정요구3 ON
[22:09:40] : 측정요구3 OFF
[22:09:41] : 측정요구4 ON
[22:09:50] : 측정요구4 OFF
[22:09:50] : 11,20181121-220951,CF18112052281,,OK,MAX,1, ,0.50,7.00,2.95,OK,0.50,7.00,5.71,OK,0.50,7.00,1.62,OK,0.50,7.00,1.84,OK,
[22:10:49] : Cycle start ON
[22:10:52] : Cycle start OFF
[22:10:57] : REQUEST MEAS. ON
[22:11:06] : REQUEST MEAS. OFF
[22:11:08] : 측정요구 ON 2
[22:11:17] : 측정요구 2OFF
[22:11:21] : 측정요구3 ON
[22:11:30] : 측정요구3 OFF
[22:11:32] : 측정요구4 ON
[22:11:41] : 측정요구4 OFF
[22:11:41] : 11,20181121-221141,CF18112052301,,OK,MAX,1, ,0.50,7.00,2.72,OK,0.50,7.00,4.15,OK,0.50,7.00,1.95,OK,0.50,7.00,1.87,OK,
[22:14:49] : AUTO RUNNING OFF
[22:15:17] : MEAS ESC ON
[22:15:18] : MEAS ESC OFF
[22:15:18] : AUTO RUNNING ON
[22:15:40] : Cycle start ON
[22:15:42] : Cycle start OFF
[22:15:49] : REQUEST MEAS. ON
[22:15:58] : REQUEST MEAS. OFF
[22:15:59] : 측정요구 ON 2
[22:16:08] : 측정요구 2OFF
[22:16:13] : 측정요구3 ON
[22:16:22] : 측정요구3 OFF
[22:16:23] : 측정요구4 ON
[22:16:32] : 측정요구4 OFF
[22:16:32] : 11,20181121-221633,CF18112052321,,OK,MAX,1, ,0.50,7.00,3.83,OK,0.50,7.00,6.51,OK,0.50,7.00,1.68,OK,0.50,7.00,1.72,OK,
[22:20:27] : AUTO RUNNING OFF
[22:21:34] : MEAS ESC ON
[22:21:35] : MEAS ESC OFF
[22:21:35] : AUTO RUNNING ON
[22:21:54] : Cycle start ON
[22:21:56] : Cycle start OFF
[22:22:02] : REQUEST MEAS. ON
[22:22:11] : REQUEST MEAS. OFF
[22:22:12] : 측정요구 ON 2
[22:22:21] : 측정요구 2OFF
[22:22:26] : 측정요구3 ON
[22:22:35] : 측정요구3 OFF
[22:22:36] : 측정요구4 ON
[22:22:45] : 측정요구4 OFF
[22:22:45] : 11,20181121-222246,CF18112052331,,OK,MAX,1, ,0.50,7.00,3.38,OK,0.50,7.00,4.81,OK,0.50,7.00,2.04,OK,0.50,7.00,1.51,OK,
[22:23:02] : Cycle start ON
[22:23:05] : Cycle start OFF
[22:23:32] : REQUEST MEAS. ON
[22:23:41] : REQUEST MEAS. OFF
[22:23:43] : 측정요구 ON 2
[22:23:52] : 측정요구 2OFF
[22:23:56] : 측정요구3 ON
[22:24:05] : 측정요구3 OFF
[22:24:06] : 측정요구4 ON
[22:24:15] : 측정요구4 OFF
[22:24:15] : 11,20181121-222416,CF18112052351,,OK,MAX,1, ,0.50,7.00,3.72,OK,0.50,7.00,3.28,OK,0.50,7.00,1.43,OK,0.50,7.00,2.09,OK,
[22:27:03] : AUTO RUNNING OFF
 
