 
[15:00:05] : MEAS ESC ON
[15:00:05] : MEAS ESC OFF
[15:00:23] : MEAS ESC ON
[15:00:24] : MEAS ESC OFF
[15:00:25] : MEAS ESC ON
[15:00:26] : MEAS ESC OFF
[15:00:29] : MEAS ESC ON
[15:00:30] : MEAS ESC OFF
[15:00:46] : MEAS ESC ON
[15:00:46] : MEAS ESC OFF
[15:00:50] : MEAS ESC ON
[15:00:59] : MEAS ESC OFF
[15:19:39] : MEAS ESC ON
[15:19:40] : MEAS ESC OFF
[15:23:05] : MEAS ESC ON
[15:23:06] : MEAS ESC OFF
[15:23:07] : MEAS ESC ON
[15:23:09] : MEAS ESC OFF
[15:23:20] : MEAS ESC ON
[15:23:20] : MEAS ESC OFF
[15:23:22] : MEAS ESC ON
[15:23:22] : MEAS ESC OFF
[15:23:28] : MEAS ESC ON
[15:23:28] : MEAS ESC OFF
[15:25:41] : MEAS ESC ON
[15:25:42] : MEAS ESC OFF
[15:25:43] : MEAS ESC ON
[15:25:44] : MEAS ESC OFF
[15:40:49] : MEAS ESC ON
[15:40:49] : MEAS ESC OFF
[15:41:29] : MEAS ESC ON
[15:41:32] : MEAS ESC OFF
[15:42:49] : MEAS ESC ON
[15:42:49] : MEAS ESC OFF
[15:42:52] : MEAS ESC ON
[15:42:52] : MEAS ESC OFF
[15:46:35] : MEAS ESC ON
[15:47:38] : MEAS ESC OFF
[16:19:58] : Plc Error Timer
[16:43:22] : 

[16:43:42] : 

[17:01:10] : 

[17:01:11] : 

[17:09:01] : 

[17:09:03] : 

[17:11:42] : 

[17:12:11] : 

[17:18:20] : 

[17:18:37] : 

[17:18:46] : 

[17:19:41] : 

[17:43:17] : 

[17:43:33] : Cycle start ON
[17:43:34] : Cycle start OFF
[17:43:38] : REQUEST MEAS. ON
[17:51:33] : REQUEST MEAS. OFF
[17:51:33] : end pos sig1 :-50.000000 - 50.000000
[18:04:27] : Cycle start ON
[18:04:27] : Cycle start OFF
[18:04:32] : REQUEST MEAS. ON
[18:04:40] : REQUEST MEAS. OFF
[18:04:40] : end pos sig1 :50.000000 - 50.000000
[18:04:41] : 측정요구 ON 2
[18:04:50] : 측정요구 2OFF
[18:04:50] : end pos sig2 :-35.860000 - -50.000000
[18:04:54] : 측정요구3 ON
[18:05:03] : 측정요구3 OFF
[18:05:03] : end pos sig3 :50.000000 - 50.000000
[18:05:03] : 측정요구4 ON
[18:05:12] : 측정요구4 OFF
[18:05:12] : end pos sig4 :-50.000000 - -50.000000
[18:06:22] : MEAS ESC ON
[18:06:24] : MEAS ESC OFF
[18:06:25] : MEAS ESC ON
[18:06:25] : MEAS ESC OFF
[18:16:53] : AUTO RUNNING ON
[18:17:00] : AUTO RUNNING OFF
[18:17:09] : AUTO RUNNING ON
[18:17:14] : Cycle start ON
[18:17:14] : Cycle start OFF
[18:17:19] : REQUEST MEAS. ON
[18:17:28] : REQUEST MEAS. OFF
[18:17:28] : end pos sig1 :50.000000 - 50.000000
[18:17:28] : 측정요구 ON 2
[18:17:37] : 측정요구 2OFF
[18:17:37] : end pos sig2 :-30.350000 - -50.000000
[18:17:41] : 측정요구3 ON
[18:17:50] : 측정요구3 OFF
[18:17:50] : end pos sig3 :50.000000 - 50.000000
[18:17:50] : 측정요구4 ON
[18:17:59] : 측정요구4 OFF
[18:17:59] : end pos sig4 :-50.000000 - -50.000000
[18:17:59] : 11,20181212-181759,CJ18120550561,CG 18111913633,NG,MAX,1, ,CYCLE,0.10,2.00,0.52,OK,0.10,2.00,2.60,NG,0.10,2.00,1.65,OK,0.10,2.00,2.92,NG,
[18:18:03] : AUTO RUNNING OFF
[18:19:49] : AUTO RUNNING ON
[18:23:53] : AUTO RUNNING OFF
[18:29:24] : AUTO RUNNING ON
[18:30:15] : AUTO RUNNING OFF
[18:30:44] : AUTO RUNNING ON
[18:31:36] : AUTO RUNNING OFF
[18:33:44] : AUTO RUNNING ON
[18:34:34] : AUTO RUNNING OFF
[18:41:03] : AUTO RUNNING ON
[18:41:53] : AUTO RUNNING OFF
[18:42:16] : AUTO RUNNING ON
[18:43:06] : AUTO RUNNING OFF
[18:45:22] : AUTO RUNNING ON
[18:46:12] : AUTO RUNNING OFF
[19:10:47] : AUTO RUNNING ON
[19:12:19] : AUTO RUNNING OFF
[19:14:17] : AUTO RUNNING ON
[19:14:24] : Cycle start ON
[19:14:24] : Cycle start OFF
[19:14:28] : REQUEST MEAS. ON
[19:14:37] : REQUEST MEAS. OFF
[19:14:37] : end pos sig1 :50.000000 - 50.000000
[19:14:37] : 측정요구 ON 2
[19:14:46] : 측정요구 2OFF
[19:14:46] : end pos sig2 :-23.950000 - -50.000000
[19:14:49] : 측정요구3 ON
[19:14:58] : 측정요구3 OFF
[19:14:58] : end pos sig3 :50.000000 - 50.000000
[19:14:58] : 측정요구4 ON
[19:15:08] : 측정요구4 OFF
[19:15:08] : end pos sig4 :-50.000000 - -50.000000
[19:15:08] : 11,20181212-191508,CJ18120550561,CG 18111913633,NG,MAX,1, ,CYCLE,0.10,2.00,0.67,OK,0.10,2.00,3.01,NG,0.10,2.00,1.37,OK,0.10,2.00,2.97,NG,
[19:15:11] : AUTO RUNNING OFF
[19:16:04] : AUTO RUNNING ON
[19:16:08] : Cycle start ON
[19:16:08] : Cycle start OFF
[19:16:13] : REQUEST MEAS. ON
[19:16:22] : REQUEST MEAS. OFF
[19:16:22] : end pos sig1 :50.000000 - 50.000000
[19:16:22] : 측정요구 ON 2
[19:16:32] : 측정요구 2OFF
[19:16:32] : end pos sig2 :-33.550000 - -50.000000
[19:16:35] : 측정요구3 ON
[19:16:44] : 측정요구3 OFF
[19:16:44] : end pos sig3 :50.000000 - 50.000000
[19:16:44] : 측정요구4 ON
[19:16:53] : 측정요구4 OFF
[19:16:53] : end pos sig4 :-50.000000 - -50.000000
[19:16:53] : 11,20181212-191653,CJ18120550561,CG 18111913633,NG,MAX,1, ,CYCLE,0.10,2.00,0.52,OK,0.10,2.00,3.16,NG,0.10,2.00,1.33,OK,0.10,2.00,2.98,NG,
[19:16:57] : AUTO RUNNING OFF
[19:17:30] : AUTO RUNNING ON
[19:18:19] : AUTO RUNNING OFF
[19:18:38] : AUTO RUNNING ON
[19:19:27] : AUTO RUNNING OFF
[19:21:40] : AUTO RUNNING ON
[19:22:56] : AUTO RUNNING OFF
[19:23:23] : MEAS ESC ON
[19:23:23] : MEAS ESC OFF
[19:23:35] : MEAS ESC ON
[19:23:38] : MEAS ESC OFF
[19:23:53] : MEAS ESC ON
[19:23:53] : MEAS ESC OFF
[19:23:56] : MEAS ESC ON
[19:23:57] : MEAS ESC OFF
[19:23:58] : MEAS ESC ON
[19:23:59] : MEAS ESC OFF
[19:26:38] : MEAS ESC ON
[19:26:39] : MEAS ESC OFF
[19:26:40] : MEAS ESC ON
[19:26:40] : MEAS ESC OFF
[19:30:18] : AUTO RUNNING ON
[19:34:23] : AUTO RUNNING OFF
[19:35:03] : AUTO RUNNING ON
[19:36:05] : AUTO RUNNING OFF
[19:37:12] : AUTO RUNNING ON
[19:38:03] : AUTO RUNNING OFF
[19:44:25] : AUTO RUNNING ON
[19:45:13] : AUTO RUNNING OFF
[19:46:18] : AUTO RUNNING ON
[19:47:07] : AUTO RUNNING OFF
[19:48:40] : AUTO RUNNING ON
[19:49:29] : AUTO RUNNING OFF
[19:53:00] : AUTO RUNNING ON
[19:54:54] : MEAS ESC ON
[19:54:54] : AUTO RUNNING OFF
[19:54:55] : MEAS ESC OFF
[19:55:16] : AUTO RUNNING ON
[19:56:55] : AUTO RUNNING OFF
[19:56:58] : AUTO RUNNING ON
[19:58:14] : AUTO RUNNING OFF
[19:58:15] : AUTO RUNNING ON
[19:59:15] : AUTO RUNNING OFF
[20:19:58] : AUTO RUNNING ON
[20:20:15] : AUTO RUNNING OFF
[20:34:51] : AUTO RUNNING ON
[20:35:41] : AUTO RUNNING OFF
[20:38:03] : AUTO RUNNING ON
[20:38:51] : AUTO RUNNING OFF
[20:38:53] : AUTO RUNNING ON
[20:39:41] : AUTO RUNNING OFF
[20:53:01] : AUTO RUNNING ON
[20:55:19] : MEAS ESC ON
[20:55:19] : AUTO RUNNING OFF
[20:55:20] : MEAS ESC OFF
[20:55:24] : AUTO RUNNING ON
[20:56:26] : MEAS ESC ON
[20:56:26] : AUTO RUNNING OFF
[20:56:26] : MEAS ESC OFF
[20:56:38] : AUTO RUNNING ON
[20:57:27] : AUTO RUNNING OFF
[20:58:43] : AUTO RUNNING ON
[20:58:57] : Cycle start ON
[20:58:58] : Cycle start OFF
[20:59:04] : REQUEST MEAS. ON
[21:01:16] : MEAS ESC ON
[21:01:16] : AUTO RUNNING OFF
[21:01:16] : REQUEST MEAS. OFF
[21:01:16] : end pos sig1 :0.000000 - 0.000000
[21:01:16] : MEAS ESC OFF
[21:01:28] : MEAS ESC ON
[21:01:29] : MEAS ESC OFF
[21:02:14] : MEAS ESC ON
[21:02:15] : MEAS ESC OFF
[21:10:12] : Cycle start ON
[21:10:13] : Cycle start OFF
[21:13:58] : REQUEST MEAS. ON
[21:14:18] : MEAS ESC ON
[21:14:18] : REQUEST MEAS. OFF
[21:14:18] : end pos sig1 :50.000000 - 50.000000
[21:14:19] : MEAS ESC OFF
[21:15:27] : Cycle start ON
[21:15:27] : Cycle start OFF
[21:15:33] : REQUEST MEAS. ON
[21:15:42] : REQUEST MEAS. OFF
[21:15:42] : end pos sig1 :50.000000 - 50.000000
[21:15:42] : 측정요구 ON 2
[21:15:51] : 측정요구 2OFF
[21:15:51] : end pos sig2 :-50.000000 - -50.000000
[21:15:55] : 측정요구3 ON
[21:16:04] : 측정요구3 OFF
[21:16:04] : end pos sig3 :50.000000 - 50.000000
[21:16:05] : 측정요구4 ON
[21:16:14] : 측정요구4 OFF
[21:16:14] : end pos sig4 :-50.000000 - -50.000000
[21:16:36] : Cycle start ON
[21:16:36] : Cycle start OFF
[21:16:40] : REQUEST MEAS. ON
[21:16:49] : REQUEST MEAS. OFF
[21:16:49] : end pos sig1 :50.000000 - 50.000000
[21:16:49] : 측정요구 ON 2
[21:16:59] : 측정요구 2OFF
[21:16:59] : end pos sig2 :-50.000000 - -50.000000
[21:17:02] : 측정요구3 ON
[21:17:11] : 측정요구3 OFF
[21:17:11] : end pos sig3 :50.000000 - 50.000000
[21:17:12] : 측정요구4 ON
[21:17:21] : 측정요구4 OFF
[21:17:21] : end pos sig4 :-50.000000 - -50.000000
 
