[09:57:48] : PROGRAM START
[09:57:49] : Loading of library 'Orbit_IF.dll' Failed 
[09:57:53] : Amp Error Timer
[09:57:56] : Amp Error Timer
[09:58:02] : Amp Error Timer
[09:58:11] : Amp Error Timer
[09:58:18] : Amp Error Timer
[09:58:21] : Amp Error Timer
[09:58:24] : Amp Error Timer
[09:58:27] : Amp Error Timer
[09:58:30] : Amp Error Timer
[09:58:36] : Amp Error Timer
[09:58:49] : Amp Error Timer
[09:59:15] : Amp Error Timer
[09:59:18] : Plc Error Timer
[09:59:18] : Amp Error Timer
[09:59:21] : Amp Error Timer
[09:59:24] : Amp Error Timer
[09:59:30] : Amp Error Timer
[09:59:33] : Amp Error Timer
[09:59:37] : PROGRAM END
 
[10:05:14] : PROGRAM START
[10:05:14] : Loading of library 'Orbit_IF.dll' Failed 
[10:05:20] : Amp Error Timer
[10:05:23] : Amp Error Timer
[10:05:26] : Amp Error Timer
[10:05:29] : Amp Error Timer
[10:05:32] : Amp Error Timer
[10:05:34] : PROGRAM END
 
[10:06:27] : PROGRAM START
[10:06:27] : Loading of library 'Orbit_IF.dll' Failed 
[10:06:32] : Amp Error Timer
[10:06:35] : Amp Error Timer
[10:06:48] : Amp Error Timer
[10:06:51] : Amp Error Timer
[10:06:54] : Amp Error Timer
[10:06:57] : Amp Error Timer
[10:07:01] : Amp Error Timer
[10:07:06] : PROGRAM END
 
[10:08:23] : PROGRAM START
[10:08:23] : Loading of library 'Orbit_IF.dll' Failed 
[10:08:27] : Amp Error Timer
[10:08:30] : Amp Error Timer
[10:08:32] : PROGRAM END
 
[10:12:16] : PROGRAM START
[10:12:16] : Loading of library 'Orbit_IF.dll' Failed 
[10:12:21] : Amp Error Timer
[10:12:26] : PROGRAM END
 
[10:13:22] : PROGRAM START
[10:13:22] : Loading of library 'Orbit_IF.dll' Failed 
[10:13:26] : Amp Error Timer
[10:13:32] : PROGRAM END
 
[10:14:32] : PROGRAM START
[10:14:33] : Loading of library 'Orbit_IF.dll' Failed 
[10:14:38] : PROGRAM END
 
[10:15:11] : PROGRAM START
[10:15:11] : Loading of library 'Orbit_IF.dll' Failed 
[10:15:15] : Amp Error Timer
[10:15:18] : PROGRAM END
 
[10:16:14] : PROGRAM START
[10:16:14] : Loading of library 'Orbit_IF.dll' Failed 
[10:16:19] : Amp Error Timer
[10:16:22] : Amp Error Timer
[10:16:25] : Amp Error Timer
[10:16:28] : Amp Error Timer
[10:16:31] : Amp Error Timer
[10:16:34] : Amp Error Timer
[10:16:37] : Amp Error Timer
[10:16:41] : Amp Error Timer
[10:16:47] : Amp Error Timer
[10:16:50] : Amp Error Timer
[10:16:54] : Amp Error Timer
[10:17:05] : Amp Error Timer
[10:17:08] : Amp Error Timer
[10:17:12] : Amp Error Timer
[10:17:39] : Amp Error Timer
[10:18:04] : Amp Error Timer
[10:18:07] : Amp Error Timer
[10:18:11] : Amp Error Timer
[10:18:19] : PROGRAM END
 
