[08:53:33] : AUTO RUNNING ON
[08:53:39] : Cycle start ON
[08:53:39] : Cycle start OFF
[08:53:44] : REQUEST MEAS. ON
[08:53:53] : REQUEST MEAS. OFF
[08:53:53] : end pos sig1 :50.000000 - 50.000000
[08:53:53] : 측정요구 ON 2
[08:54:02] : 측정요구 2OFF
[08:54:02] : end pos sig2 :-50.000000 - -50.000000
[08:54:06] : 측정요구3 ON
[08:54:15] : 측정요구3 OFF
[08:54:15] : end pos sig3 :50.000000 - 50.000000
[08:54:16] : 측정요구4 ON
[08:54:25] : 측정요구4 OFF
[08:54:25] : end pos sig4 :-50.000000 - -50.000000
[08:54:25] : 11,20181213-085425,CJ18120550561,CG 18111913633,NG,MAX,1, ,CYCLE,0.10,2.00,0.47,OK,0.10,2.00,2.50,NG,0.10,2.00,1.54,OK,0.10,2.00,2.99,NG,
[08:54:28] : AUTO RUNNING OFF
[08:54:35] : AUTO RUNNING ON
[08:54:38] : Cycle start ON
[08:54:38] : Cycle start OFF
[08:54:42] : REQUEST MEAS. ON
[08:54:51] : REQUEST MEAS. OFF
[08:54:51] : end pos sig1 :50.000000 - 50.000000
[08:54:51] : 측정요구 ON 2
[08:55:01] : 측정요구 2OFF
[08:55:01] : end pos sig2 :-50.000000 - -50.000000
[08:55:05] : 측정요구3 ON
[08:55:15] : 측정요구3 OFF
[08:55:15] : end pos sig3 :50.000000 - 50.000000
[08:55:15] : 측정요구4 ON
[08:55:24] : 측정요구4 OFF
[08:55:24] : end pos sig4 :-50.000000 - -50.000000
[08:55:24] : 11,20181213-085525,CJ18120550561,CG 18111913633,NG,MAX,1, ,CYCLE,0.10,2.00,0.53,OK,0.10,2.00,2.54,NG,0.10,2.00,1.54,OK,0.10,2.00,2.99,NG,
[08:55:28] : AUTO RUNNING OFF
[10:29:54] : MEAS ESC ON
[10:29:56] : MEAS ESC OFF
[10:30:14] : MEAS ESC ON
[10:30:30] : MEAS ESC OFF
[10:30:31] : MEAS ESC ON
[10:31:14] : MEAS ESC OFF
[10:31:40] : MEAS ESC ON
[10:32:04] : MEAS ESC OFF
[10:50:24] : Plc Error Timer
[10:50:30] : Plc Error Timer
[10:56:56] : Plc Error Timer
[11:28:37] : MEAS ESC ON
[11:28:38] : MEAS ESC OFF
 
[11:53:31] : MEAS ESC ON
[11:53:33] : MEAS ESC OFF
[12:07:12] : Plc Error Timer
[13:23:28] : 
?
[14:32:18] : MEAS ESC ON
[14:34:51] : MEAS ESC OFF
[14:36:22] : MEAS ESC ON
[14:37:21] : MEAS ESC OFF
[15:02:59] : MEAS ESC ON
[15:03:48] : MEAS ESC OFF
[15:03:48] : AUTO RUNNING ON
[15:04:04] : AUTO RUNNING OFF
[15:45:10] : MEAS ESC ON
[15:45:11] : MEAS ESC OFF
[15:45:11] : AUTO RUNNING ON
[15:45:19] : AUTO RUNNING OFF
[16:04:14] : MEAS ESC ON
[16:04:16] : MEAS ESC OFF
[16:04:16] : AUTO RUNNING ON
[16:04:21] : AUTO RUNNING OFF
[16:12:34] : MEAS ESC ON
[16:12:41] : MEAS ESC OFF
[16:14:27] : MEAS ESC ON
[16:14:29] : MEAS ESC OFF
[16:14:29] : AUTO RUNNING ON
[16:14:42] : Cycle start ON
[16:15:57] : Cycle start OFF
[16:16:03] : REQUEST MEAS. ON
[16:16:12] : REQUEST MEAS. OFF
[16:16:12] : end pos sig1 :50.000000 - 50.000000
[16:16:12] : 측정요구 ON 2
[16:16:22] : 측정요구 2OFF
[16:16:22] : end pos sig2 :-50.000000 - -50.000000
[16:16:25] : 측정요구3 ON
[16:16:34] : 측정요구3 OFF
[16:16:34] : end pos sig3 :50.000000 - 50.000000
[16:16:34] : 측정요구4 ON
[16:16:44] : 측정요구4 OFF
[16:16:44] : end pos sig4 :-50.000000 - -50.000000
[16:16:44] : 11,20181213-161644,CJ18120550771,CF 18112010871,OK,MAX,1, ,AUTO,0.50,7.00,1.06,OK,0.50,7.00,2.49,OK,0.50,7.00,2.80,OK,0.50,7.00,0.69,OK,
[16:17:07] : Cycle start ON
[16:17:20] : Cycle start OFF
[16:17:27] : REQUEST MEAS. ON
[16:17:37] : REQUEST MEAS. OFF
[16:17:37] : end pos sig1 :50.000000 - 50.000000
[16:17:37] : 측정요구 ON 2
[16:17:46] : 측정요구 2OFF
[16:17:46] : end pos sig2 :-50.000000 - -50.000000
[16:17:49] : 측정요구3 ON
[16:17:58] : 측정요구3 OFF
[16:17:58] : end pos sig3 :50.000000 - 50.000000
[16:17:58] : 측정요구4 ON
[16:18:08] : 측정요구4 OFF
[16:18:08] : end pos sig4 :-50.000000 - -50.000000
[16:18:08] : 11,20181213-161809,CJ18120550631,CF 18112010911,NG,MAX,1, ,AUTO,0.50,7.00,0.61,NG,0.50,7.00,0.96,OK,0.50,7.00,2.42,OK,0.50,7.00,1.17,OK,
[16:18:31] : Cycle start ON
[16:22:43] : AUTO RUNNING OFF
[16:22:43] : Cycle start OFF
[16:25:05] : MEAS ESC ON
[16:25:06] : MEAS ESC OFF
[16:25:06] : AUTO RUNNING ON
[16:25:06] : Cycle start ON
[16:25:07] : Cycle start OFF
[16:25:12] : REQUEST MEAS. ON
[16:25:21] : REQUEST MEAS. OFF
[16:25:21] : end pos sig1 :50.000000 - 50.000000
[16:25:22] : 측정요구 ON 2
[16:25:31] : 측정요구 2OFF
[16:25:31] : end pos sig2 :-50.000000 - -50.000000
[16:25:35] : 측정요구3 ON
[16:25:44] : 측정요구3 OFF
[16:25:44] : end pos sig3 :50.000000 - 50.000000
[16:25:45] : 측정요구4 ON
[16:25:54] : 측정요구4 OFF
[16:25:54] : end pos sig4 :-50.000000 - -50.000000
[16:25:54] : 11,20181213-162554,CJ18120550841,CF 18112010951,OK,MAX,1, ,AUTO,0.50,7.00,1.35,OK,0.50,7.00,1.26,OK,0.50,7.00,2.99,OK,0.50,7.00,0.96,OK,
[16:26:06] : AUTO RUNNING OFF
[16:26:08] : MEAS ESC ON
[16:26:09] : MEAS ESC OFF
[16:26:09] : AUTO RUNNING ON
[16:26:19] : AUTO RUNNING OFF
[16:26:23] : MEAS ESC ON
[16:26:23] : MEAS ESC OFF
[16:26:23] : AUTO RUNNING ON
[16:26:32] : AUTO RUNNING OFF
[16:26:34] : MEAS ESC ON
[16:26:34] : MEAS ESC OFF
[16:26:34] : AUTO RUNNING ON
[16:28:29] : Cycle start ON
[16:28:31] : Cycle start OFF
[16:28:37] : REQUEST MEAS. ON
[16:28:46] : REQUEST MEAS. OFF
[16:28:46] : end pos sig1 :50.000000 - 50.000000
[16:28:46] : 측정요구 ON 2
[16:28:56] : 측정요구 2OFF
[16:28:56] : end pos sig2 :-50.000000 - -50.000000
[16:28:59] : 측정요구3 ON
[16:29:08] : 측정요구3 OFF
[16:29:08] : end pos sig3 :50.000000 - 50.000000
[16:29:08] : 측정요구4 ON
[16:29:18] : 측정요구4 OFF
[16:29:18] : end pos sig4 :-50.000000 - -50.000000
[16:29:18] : 11,20181213-162918,CJ18120550541,CF 18100414483,OK,MAX,1, ,AUTO,0.50,7.00,1.53,OK,0.50,7.00,1.55,OK,0.50,7.00,2.07,OK,0.50,7.00,1.07,OK,
[16:29:38] : Cycle start ON
[16:29:40] : Cycle start OFF
[16:29:46] : REQUEST MEAS. ON
[16:29:55] : REQUEST MEAS. OFF
[16:29:55] : end pos sig1 :50.000000 - 50.000000
[16:29:55] : 측정요구 ON 2
[16:30:04] : 측정요구 2OFF
[16:30:04] : end pos sig2 :-50.000000 - -50.000000
[16:30:07] : 측정요구3 ON
[16:30:16] : 측정요구3 OFF
[16:30:16] : end pos sig3 :50.000000 - 50.000000
[16:30:16] : 측정요구4 ON
[16:30:26] : 측정요구4 OFF
[16:30:26] : end pos sig4 :-50.000000 - -50.000000
[16:30:26] : 11,20181213-163027,CJ18120550721,CF 18112011701,OK,MAX,1, ,AUTO,0.50,7.00,1.62,OK,0.50,7.00,0.97,OK,0.50,7.00,2.97,OK,0.50,7.00,1.04,OK,
[16:30:46] : Cycle start ON
[16:30:48] : Cycle start OFF
[16:30:54] : REQUEST MEAS. ON
[16:31:03] : REQUEST MEAS. OFF
[16:31:03] : end pos sig1 :50.000000 - 50.000000
[16:31:03] : 측정요구 ON 2
[16:31:12] : 측정요구 2OFF
[16:31:12] : end pos sig2 :-50.000000 - -50.000000
[16:31:16] : 측정요구3 ON
[16:31:25] : 측정요구3 OFF
[16:31:25] : end pos sig3 :50.000000 - 50.000000
[16:31:26] : 측정요구4 ON
[16:31:35] : 측정요구4 OFF
[16:31:35] : end pos sig4 :-50.000000 - -50.000000
[16:31:35] : 11,20181213-163135,CJ18120550531,CF 18100414503,OK,MAX,1, ,AUTO,0.50,7.00,1.18,OK,0.50,7.00,2.18,OK,0.50,7.00,2.74,OK,0.50,7.00,1.75,OK,
[16:31:53] : Cycle start ON
[16:31:55] : Cycle start OFF
[16:32:01] : REQUEST MEAS. ON
[16:32:10] : REQUEST MEAS. OFF
[16:32:10] : end pos sig1 :50.000000 - 50.000000
[16:32:10] : 측정요구 ON 2
[16:32:20] : 측정요구 2OFF
[16:32:20] : end pos sig2 :-50.000000 - -50.000000
[16:32:23] : 측정요구3 ON
[16:32:32] : 측정요구3 OFF
[16:32:32] : end pos sig3 :50.000000 - 50.000000
[16:32:32] : 측정요구4 ON
[16:32:42] : 측정요구4 OFF
[16:32:42] : end pos sig4 :-50.000000 - -50.000000
[16:32:42] : 11,20181213-163242,CJ18120550701,CF 18112011731,OK,MAX,1, ,AUTO,0.50,7.00,1.67,OK,0.50,7.00,1.37,OK,0.50,7.00,2.08,OK,0.50,7.00,1.27,OK,
[16:33:11] : Cycle start ON
[16:33:12] : Cycle start OFF
[16:33:18] : REQUEST MEAS. ON
[16:33:28] : REQUEST MEAS. OFF
[16:33:28] : end pos sig1 :50.000000 - 50.000000
[16:33:28] : 측정요구 ON 2
[16:33:37] : 측정요구 2OFF
[16:33:37] : end pos sig2 :-50.000000 - -50.000000
[16:33:40] : 측정요구3 ON
[16:33:49] : 측정요구3 OFF
[16:33:49] : end pos sig3 :50.000000 - 50.000000
[16:33:50] : 측정요구4 ON
[16:33:59] : 측정요구4 OFF
[16:33:59] : end pos sig4 :-50.000000 - -50.000000
[16:33:59] : 11,20181213-163400,CJ18120550641,CF 18100414493,OK,MAX,1, ,AUTO,0.50,7.00,0.97,OK,0.50,7.00,2.84,OK,0.50,7.00,2.45,OK,0.50,7.00,1.08,OK,
[16:34:18] : Cycle start ON
[16:34:20] : Cycle start OFF
[16:34:26] : REQUEST MEAS. ON
[16:34:35] : REQUEST MEAS. OFF
[16:34:35] : end pos sig1 :50.000000 - 50.000000
[16:34:35] : 측정요구 ON 2
[16:34:44] : 측정요구 2OFF
[16:34:44] : end pos sig2 :-50.000000 - -50.000000
[16:34:48] : 측정요구3 ON
[16:34:57] : 측정요구3 OFF
[16:34:57] : end pos sig3 :50.000000 - 50.000000
[16:34:58] : 측정요구4 ON
[16:35:07] : 측정요구4 OFF
[16:35:07] : end pos sig4 :-50.000000 - -50.000000
[16:35:07] : 11,20181213-163507,CJ18120550651,CF 18112011691,OK,MAX,1, ,AUTO,0.50,7.00,1.15,OK,0.50,7.00,1.44,OK,0.50,7.00,2.14,OK,0.50,7.00,0.95,OK,
[16:36:36] : AUTO RUNNING OFF
[16:37:41] : MEAS ESC ON
[16:37:41] : MEAS ESC OFF
[16:37:41] : AUTO RUNNING ON
[16:39:15] : Cycle start ON
[16:39:17] : Cycle start OFF
[16:39:23] : REQUEST MEAS. ON
[16:39:32] : REQUEST MEAS. OFF
[16:39:32] : end pos sig1 :50.000000 - 50.000000
[16:39:32] : 측정요구 ON 2
[16:39:42] : 측정요구 2OFF
[16:39:42] : end pos sig2 :-50.000000 - -50.000000
[16:39:46] : 측정요구3 ON
[16:39:56] : 측정요구3 OFF
[16:39:56] : end pos sig3 :50.000000 - 50.000000
[16:39:56] : 측정요구4 ON
[16:40:05] : 측정요구4 OFF
[16:40:05] : end pos sig4 :-50.000000 - -50.000000
[16:40:05] : 11,20181213-164005,CJ18120550661,CF 18112011741,OK,MAX,1, ,AUTO,0.50,7.00,1.29,OK,0.50,7.00,1.08,OK,0.50,7.00,1.80,OK,0.50,7.00,1.38,OK,
[16:40:22] : Cycle start ON
[16:40:24] : Cycle start OFF
[16:40:30] : REQUEST MEAS. ON
[16:40:39] : REQUEST MEAS. OFF
[16:40:39] : end pos sig1 :50.000000 - 50.000000
[16:40:39] : 측정요구 ON 2
[16:40:49] : 측정요구 2OFF
[16:40:49] : end pos sig2 :-50.000000 - -50.000000
[16:40:53] : 측정요구3 ON
[16:41:02] : 측정요구3 OFF
[16:41:02] : end pos sig3 :50.000000 - 50.000000
[16:41:02] : 측정요구4 ON
[16:41:11] : 측정요구4 OFF
[16:41:11] : end pos sig4 :-50.000000 - -50.000000
[16:41:11] : 11,20181213-164112,CJ18120550691,CF 18112010281,OK,MAX,1, ,AUTO,0.50,7.00,1.52,OK,0.50,7.00,1.95,OK,0.50,7.00,2.79,OK,0.50,7.00,1.02,OK,
[16:41:13] : AUTO RUNNING OFF
[16:43:01] : MEAS ESC ON
[16:43:02] : MEAS ESC OFF
[16:43:02] : AUTO RUNNING ON
[16:55:56] : AUTO RUNNING OFF
[16:56:10] : MEAS ESC ON
[16:56:24] : MEAS ESC OFF
[16:57:14] : MEAS ESC ON
[16:57:29] : MEAS ESC OFF
[16:58:46] : MEAS ESC ON
[17:00:33] : MEAS ESC OFF
[17:00:33] : AUTO RUNNING ON
[17:00:51] : Cycle start ON
[17:02:34] : AUTO RUNNING OFF
[17:02:34] : Cycle start OFF
[17:05:24] : MEAS ESC ON
[17:05:25] : MEAS ESC OFF
[17:05:25] : AUTO RUNNING ON
[17:05:25] : Cycle start ON
[17:05:26] : Cycle start OFF
[17:05:32] : REQUEST MEAS. ON
[17:05:41] : REQUEST MEAS. OFF
[17:05:41] : end pos sig1 :50.000000 - 50.000000
[17:05:41] : 측정요구 ON 2
[17:05:51] : 측정요구 2OFF
[17:05:51] : end pos sig2 :-50.000000 - -50.000000
[17:05:55] : 측정요구3 ON
[17:06:04] : 측정요구3 OFF
[17:06:04] : end pos sig3 :50.000000 - 50.000000
[17:06:04] : 측정요구4 ON
[17:06:14] : 측정요구4 OFF
[17:06:14] : end pos sig4 :-50.000000 - -50.000000
[17:06:14] : 11,20181213-170614,AL18071945441,CF 18112010281,OK,MAX,1, ,AUTO,0.50,7.00,1.77,OK,0.50,7.00,0.71,OK,0.50,7.00,1.84,OK,0.50,7.00,0.56,OK,
[17:09:10] : AUTO RUNNING OFF
[17:09:11] : MEAS ESC ON
[17:09:12] : MEAS ESC OFF
[17:09:12] : AUTO RUNNING ON
[17:14:09] : Cycle start ON
[17:14:11] : Cycle start OFF
[17:14:16] : REQUEST MEAS. ON
[17:14:26] : REQUEST MEAS. OFF
[17:14:26] : end pos sig1 :50.000000 - 50.000000
[17:14:26] : 측정요구 ON 2
[17:14:35] : 측정요구 2OFF
[17:14:35] : end pos sig2 :-50.000000 - -50.000000
[17:14:39] : 측정요구3 ON
[17:14:49] : 측정요구3 OFF
[17:14:49] : end pos sig3 :50.000000 - 50.000000
[17:14:49] : 측정요구4 ON
[17:14:58] : 측정요구4 OFF
[17:14:58] : end pos sig4 :-50.000000 - -50.000000
[17:14:58] : 11,20181213-171458,AL18071946721,CF 18112010281,OK,MAX,1, ,AUTO,0.50,7.00,1.66,OK,0.50,7.00,0.78,OK,0.50,7.00,0.94,OK,0.50,7.00,0.64,OK,
[17:15:18] : Cycle start ON
[17:15:20] : Cycle start OFF
[17:15:26] : REQUEST MEAS. ON
[17:15:35] : REQUEST MEAS. OFF
[17:15:35] : end pos sig1 :50.000000 - 50.000000
[17:15:35] : 측정요구 ON 2
[17:15:44] : 측정요구 2OFF
[17:15:44] : end pos sig2 :-50.000000 - -50.000000
[17:15:47] : 측정요구3 ON
[17:15:56] : 측정요구3 OFF
[17:15:56] : end pos sig3 :50.000000 - 50.000000
[17:15:57] : 측정요구4 ON
[17:16:06] : 측정요구4 OFF
[17:16:06] : end pos sig4 :-50.000000 - -50.000000
[17:16:06] : 11,20181213-171607,AL18071945571,CF 18112010281,OK,MAX,1, ,AUTO,0.50,7.00,1.79,OK,0.50,7.00,0.59,OK,0.50,7.00,0.81,OK,0.50,7.00,2.22,OK,
[17:16:25] : Cycle start ON
[17:16:27] : Cycle start OFF
[17:16:33] : REQUEST MEAS. ON
[17:16:42] : REQUEST MEAS. OFF
[17:16:42] : end pos sig1 :50.000000 - 50.000000
[17:16:42] : 측정요구 ON 2
[17:16:52] : 측정요구 2OFF
[17:16:52] : end pos sig2 :-50.000000 - -50.000000
[17:16:55] : 측정요구3 ON
[17:17:04] : 측정요구3 OFF
[17:17:04] : end pos sig3 :50.000000 - 50.000000
[17:17:04] : 측정요구4 ON
[17:17:14] : 측정요구4 OFF
[17:17:14] : end pos sig4 :-50.000000 - -50.000000
[17:17:14] : 11,20181213-171715,AL18071945281,CF 18112010281,OK,MAX,1, ,AUTO,0.50,7.00,1.42,OK,0.50,7.00,1.46,OK,0.50,7.00,1.32,OK,0.50,7.00,0.81,OK,
[17:35:40] : AUTO RUNNING OFF
[17:37:25] : MEAS ESC ON
[17:37:25] : MEAS ESC OFF
[17:37:25] : AUTO RUNNING ON
[17:39:12] : Cycle start ON
[17:39:14] : Cycle start OFF
[17:39:20] : REQUEST MEAS. ON
[17:39:29] : REQUEST MEAS. OFF
[17:39:29] : end pos sig1 :50.000000 - 50.000000
[17:39:29] : 측정요구 ON 2
[17:39:38] : 측정요구 2OFF
[17:39:38] : end pos sig2 :-50.000000 - -50.000000
[17:39:42] : 측정요구3 ON
[17:39:51] : 측정요구3 OFF
[17:39:51] : end pos sig3 :50.000000 - 50.000000
[17:39:52] : 측정요구4 ON
[17:40:01] : 측정요구4 OFF
[17:40:01] : end pos sig4 :-50.000000 - -50.000000
[17:40:01] : 11,20181213-174001,AL18071945331,CF 18112010281,OK,MAX,1, ,AUTO,0.50,7.00,2.15,OK,0.50,7.00,0.74,OK,0.50,7.00,1.11,OK,0.50,7.00,1.35,OK,
[17:40:01] : AUTO RUNNING OFF
[17:45:11] : MEAS ESC ON
[17:45:21] : MEAS ESC OFF
[17:46:09] : MEAS ESC ON
[17:46:10] : MEAS ESC OFF
[17:46:10] : AUTO RUNNING ON
[17:47:41] : Cycle start ON
[17:47:44] : Cycle start OFF
[17:47:49] : REQUEST MEAS. ON
[17:47:58] : REQUEST MEAS. OFF
[17:47:58] : end pos sig1 :50.000000 - 50.000000
[17:47:59] : 측정요구 ON 2
[17:48:08] : 측정요구 2OFF
[17:48:08] : end pos sig2 :-50.000000 - -50.000000
[17:48:12] : 측정요구3 ON
[17:48:21] : 측정요구3 OFF
[17:48:21] : end pos sig3 :50.000000 - 50.000000
[17:48:22] : 측정요구4 ON
[17:48:31] : 측정요구4 OFF
[17:48:31] : end pos sig4 :-50.000000 - -50.000000
[17:48:31] : 11,20181213-174831,AL18071945141,CF 18112010281,NG,MAX,1, ,AUTO,0.50,7.00,1.46,OK,0.50,7.00,0.53,NG,0.50,7.00,1.46,OK,0.50,7.00,1.52,OK,
[17:49:14] : Cycle start ON
[17:49:16] : Cycle start OFF
[17:49:22] : REQUEST MEAS. ON
[17:49:31] : REQUEST MEAS. OFF
[17:49:31] : end pos sig1 :50.000000 - 50.000000
[17:49:31] : 측정요구 ON 2
[17:49:41] : 측정요구 2OFF
[17:49:41] : end pos sig2 :-50.000000 - -50.000000
[17:49:44] : 측정요구3 ON
[17:49:53] : 측정요구3 OFF
[17:49:53] : end pos sig3 :50.000000 - 50.000000
[17:49:53] : 측정요구4 ON
[17:50:03] : 측정요구4 OFF
[17:50:03] : end pos sig4 :-50.000000 - -50.000000
[17:50:03] : 11,20181213-175004,AL18071945651,CF 18112010281,OK,MAX,1, ,AUTO,0.50,7.00,1.23,OK,0.50,7.00,0.92,OK,0.50,7.00,1.75,OK,0.50,7.00,0.95,OK,
[17:50:22] : Cycle start ON
[17:50:24] : Cycle start OFF
[17:50:30] : REQUEST MEAS. ON
[17:50:39] : REQUEST MEAS. OFF
[17:50:39] : end pos sig1 :50.000000 - 50.000000
[17:50:39] : 측정요구 ON 2
[17:50:49] : 측정요구 2OFF
[17:50:49] : end pos sig2 :-50.000000 - -50.000000
[17:50:52] : 측정요구3 ON
[17:51:01] : 측정요구3 OFF
[17:51:01] : end pos sig3 :50.000000 - 50.000000
[17:51:01] : 측정요구4 ON
[17:51:11] : 측정요구4 OFF
[17:51:11] : end pos sig4 :-50.000000 - -50.000000
[17:51:11] : 11,20181213-175111,AL18071945251,CF 18112010281,OK,MAX,1, ,AUTO,0.50,7.00,1.65,OK,0.50,7.00,0.97,OK,0.50,7.00,1.46,OK,0.50,7.00,0.80,OK,
[17:51:29] : Cycle start ON
[17:51:32] : Cycle start OFF
[17:51:37] : REQUEST MEAS. ON
[17:51:46] : REQUEST MEAS. OFF
[17:51:46] : end pos sig1 :50.000000 - 50.000000
[17:51:47] : 측정요구 ON 2
[17:51:56] : 측정요구 2OFF
[17:51:56] : end pos sig2 :-50.000000 - -50.000000
[17:51:59] : 측정요구3 ON
[17:52:09] : 측정요구3 OFF
[17:52:09] : end pos sig3 :50.000000 - 50.000000
[17:52:09] : 측정요구4 ON
[17:52:18] : 측정요구4 OFF
[17:52:18] : end pos sig4 :-50.000000 - -50.000000
[17:52:18] : 11,20181213-175219,AL18071946131,CF 18112010281,OK,MAX,1, ,AUTO,0.50,7.00,1.36,OK,0.50,7.00,1.20,OK,0.50,7.00,0.93,OK,0.50,7.00,1.70,OK,
[18:01:33] : AUTO RUNNING OFF
[18:01:54] : MEAS ESC ON
[18:06:43] : MEAS ESC OFF
[18:06:44] : MEAS ESC ON
[18:06:47] : MEAS ESC OFF
[18:06:47] : AUTO RUNNING ON
[18:08:53] : Cycle start ON
[18:08:55] : Cycle start OFF
[18:09:01] : REQUEST MEAS. ON
[18:09:10] : REQUEST MEAS. OFF
[18:09:10] : end pos sig1 :50.000000 - 50.000000
[18:09:10] : 측정요구 ON 2
[18:09:20] : 측정요구 2OFF
[18:09:20] : end pos sig2 :-50.000000 - -50.000000
[18:09:24] : 측정요구3 ON
[18:09:33] : 측정요구3 OFF
[18:09:33] : end pos sig3 :50.000000 - 50.000000
[18:09:34] : 측정요구4 ON
[18:09:43] : 측정요구4 OFF
[18:09:43] : end pos sig4 :-50.000000 - -50.000000
[18:09:43] : 11,20181213-180943,AL18071945361,CF 18112010281,OK,MAX,1, ,AUTO,0.50,7.00,1.33,OK,0.50,7.00,0.76,OK,0.50,7.00,1.58,OK,0.50,7.00,1.57,OK,
[18:12:39] : AUTO RUNNING OFF
[18:23:19] : MEAS ESC ON
[18:23:21] : MEAS ESC OFF
[18:23:21] : AUTO RUNNING ON
[18:23:25] : AUTO RUNNING OFF
[18:24:18] : MEAS ESC ON
[18:24:19] : MEAS ESC OFF
[18:24:19] : AUTO RUNNING ON
[18:35:07] : AUTO RUNNING OFF
[19:41:12] : MEAS ESC ON
[19:41:13] : MEAS ESC OFF
[19:42:50] : MEAS ESC ON
[19:42:53] : MEAS ESC OFF
[19:43:23] : MEAS ESC ON
[19:43:25] : MEAS ESC OFF
[19:43:26] : MEAS ESC ON
[19:43:27] : MEAS ESC OFF
[19:43:29] : MEAS ESC ON
[19:43:30] : MEAS ESC OFF
[19:45:21] : MEAS ESC ON
[19:45:32] : MEAS ESC OFF
[21:33:22] : MEAS ESC ON
[21:33:24] : MEAS ESC OFF
[21:33:24] : AUTO RUNNING ON
[21:33:36] : Cycle start ON
[21:33:38] : Cycle start OFF
[21:33:44] : REQUEST MEAS. ON
[21:33:53] : REQUEST MEAS. OFF
[21:33:53] : end pos sig1 :50.000000 - 50.000000
[21:33:53] : 측정요구 ON 2
[21:34:02] : 측정요구 2OFF
[21:34:02] : end pos sig2 :-50.000000 - -50.000000
[21:34:05] : 측정요구3 ON
[21:34:14] : 측정요구3 OFF
[21:34:14] : end pos sig3 :50.000000 - 50.000000
[21:34:14] : 측정요구4 ON
[21:34:24] : 측정요구4 OFF
[21:34:24] : end pos sig4 :-50.000000 - -50.000000
[21:34:24] : 11,20181213-213425,AL18071945741,CF 18112010281,OK,MAX,1, ,AUTO,0.50,7.00,1.19,OK,0.50,7.00,1.87,OK,0.50,7.00,1.09,OK,0.50,7.00,0.98,OK,
[21:35:01] : AUTO RUNNING OFF
[21:35:05] : MEAS ESC ON
[21:35:06] : MEAS ESC OFF
[21:35:06] : AUTO RUNNING ON
[21:45:59] : AUTO RUNNING OFF
[21:46:39] : MEAS ESC ON
[21:46:41] : MEAS ESC OFF
[21:46:41] : AUTO RUNNING ON
[21:46:56] : Cycle start ON
[21:46:58] : Cycle start OFF
[21:47:04] : REQUEST MEAS. ON
[21:47:13] : REQUEST MEAS. OFF
[21:47:13] : end pos sig1 :50.000000 - 50.000000
[21:47:13] : 측정요구 ON 2
[21:47:23] : 측정요구 2OFF
[21:47:23] : end pos sig2 :-50.000000 - -50.000000
[21:47:26] : 측정요구3 ON
[21:47:35] : 측정요구3 OFF
[21:47:35] : end pos sig3 :50.000000 - 50.000000
[21:47:36] : 측정요구4 ON
[21:47:45] : 측정요구4 OFF
[21:47:45] : end pos sig4 :-50.000000 - -50.000000
[21:47:45] : 11,20181213-214746,AL18071945271,CF 18112010281,OK,MAX,1, ,AUTO,0.50,7.00,1.63,OK,0.50,7.00,1.02,OK,0.50,7.00,1.75,OK,0.50,7.00,1.12,OK,
[21:48:05] : Cycle start ON
[21:48:07] : Cycle start OFF
[21:48:13] : REQUEST MEAS. ON
[21:48:22] : REQUEST MEAS. OFF
[21:48:22] : end pos sig1 :50.000000 - 50.000000
[21:48:22] : 측정요구 ON 2
[21:48:32] : 측정요구 2OFF
[21:48:32] : end pos sig2 :-50.000000 - -50.000000
[21:48:35] : 측정요구3 ON
[21:48:44] : 측정요구3 OFF
[21:48:44] : end pos sig3 :50.000000 - 50.000000
[21:48:44] : 측정요구4 ON
[21:48:54] : 측정요구4 OFF
[21:48:54] : end pos sig4 :-50.000000 - -50.000000
[21:48:54] : 11,20181213-214855,AL18071945731,CF 18112010281,OK,MAX,1, ,AUTO,0.50,7.00,1.56,OK,0.50,7.00,1.10,OK,0.50,7.00,1.79,OK,0.50,7.00,0.98,OK,
[21:49:13] : Cycle start ON
[21:49:15] : Cycle start OFF
[21:49:21] : REQUEST MEAS. ON
[21:49:30] : REQUEST MEAS. OFF
[21:49:30] : end pos sig1 :50.000000 - 50.000000
[21:49:30] : 측정요구 ON 2
[21:49:39] : 측정요구 2OFF
[21:49:39] : end pos sig2 :-50.000000 - -50.000000
[21:49:43] : 측정요구3 ON
[21:49:52] : 측정요구3 OFF
[21:49:52] : end pos sig3 :50.000000 - 50.000000
[21:49:53] : 측정요구4 ON
[21:50:02] : 측정요구4 OFF
[21:50:02] : end pos sig4 :-50.000000 - -50.000000
[21:50:02] : 11,20181213-215003,AL18071945471,CF 18112010281,OK,MAX,1, ,AUTO,0.50,7.00,1.81,OK,0.50,7.00,1.06,OK,0.50,7.00,1.14,OK,0.50,7.00,2.07,OK,
[21:50:21] : Cycle start ON
[21:50:23] : Cycle start OFF
[21:50:29] : REQUEST MEAS. ON
[21:50:38] : REQUEST MEAS. OFF
[21:50:38] : end pos sig1 :50.000000 - 50.000000
[21:50:38] : 측정요구 ON 2
[21:50:47] : 측정요구 2OFF
[21:50:47] : end pos sig2 :-50.000000 - -50.000000
[21:50:51] : 측정요구3 ON
[21:51:00] : 측정요구3 OFF
[21:51:00] : end pos sig3 :50.000000 - 50.000000
[21:51:00] : 측정요구4 ON
[21:51:10] : 측정요구4 OFF
[21:51:10] : end pos sig4 :-50.000000 - -50.000000
[21:51:10] : 11,20181213-215110,AL18071945161,CF 18112010281,OK,MAX,1, ,AUTO,0.50,7.00,1.17,OK,0.50,7.00,0.75,OK,0.50,7.00,1.44,OK,0.50,7.00,1.94,OK,
[21:51:28] : Cycle start ON
[21:51:30] : Cycle start OFF
[21:51:36] : REQUEST MEAS. ON
[21:51:45] : REQUEST MEAS. OFF
[21:51:45] : end pos sig1 :50.000000 - 50.000000
[21:51:45] : 측정요구 ON 2
[21:51:55] : 측정요구 2OFF
[21:51:55] : end pos sig2 :-50.000000 - -50.000000
[21:51:58] : 측정요구3 ON
[21:52:07] : 측정요구3 OFF
[21:52:07] : end pos sig3 :50.000000 - 50.000000
[21:52:07] : 측정요구4 ON
[21:52:17] : 측정요구4 OFF
[21:52:17] : end pos sig4 :-50.000000 - -50.000000
[21:52:17] : 11,20181213-215218,AL18071945351,CF 18112010281,OK,MAX,1, ,AUTO,0.50,7.00,1.84,OK,0.50,7.00,1.87,OK,0.50,7.00,0.84,OK,0.50,7.00,0.94,OK,
[21:52:36] : Cycle start ON
[21:52:38] : Cycle start OFF
[21:52:44] : REQUEST MEAS. ON
[21:52:53] : REQUEST MEAS. OFF
[21:52:53] : end pos sig1 :50.000000 - 50.000000
[21:52:53] : 측정요구 ON 2
[21:53:03] : 측정요구 2OFF
[21:53:03] : end pos sig2 :-50.000000 - -50.000000
[21:53:06] : 측정요구3 ON
[21:53:16] : 측정요구3 OFF
[21:53:16] : end pos sig3 :50.000000 - 50.000000
[21:53:16] : 측정요구4 ON
[21:53:25] : 측정요구4 OFF
[21:53:25] : end pos sig4 :-50.000000 - -50.000000
[21:53:25] : 11,20181213-215326,AL18071945171,CF 18112010281,OK,MAX,1, ,AUTO,0.50,7.00,1.71,OK,0.50,7.00,0.65,OK,0.50,7.00,1.48,OK,0.50,7.00,1.82,OK,
[21:53:45] : Cycle start ON
[21:53:47] : Cycle start OFF
[21:53:53] : REQUEST MEAS. ON
[21:54:02] : REQUEST MEAS. OFF
[21:54:02] : end pos sig1 :50.000000 - 50.000000
[21:54:02] : 측정요구 ON 2
[21:54:11] : 측정요구 2OFF
[21:54:11] : end pos sig2 :-50.000000 - -50.000000
[21:54:15] : 측정요구3 ON
[21:54:24] : 측정요구3 OFF
[21:54:24] : end pos sig3 :50.000000 - 50.000000
[21:54:24] : 측정요구4 ON
[21:54:24] : AUTO RUNNING OFF
[21:54:24] : 측정요구4 OFF
[21:54:24] : end pos sig4 :50.000000 - 50.000000
[21:54:54] : MEAS ESC ON
[21:54:54] : MEAS ESC OFF
[21:54:54] : AUTO RUNNING ON
[21:54:54] : 측정요구4 ON
[21:55:03] : 측정요구4 OFF
[21:55:03] : end pos sig4 :-50.000000 - -50.000000
[21:55:04] : 11,20181213-215504,AL18071945081,CF 18112010281,OK,MAX,1, ,AUTO,0.50,7.00,1.73,OK,0.50,7.00,2.20,OK,0.50,7.00,1.47,OK,0.50,7.00,0.99,OK,
[21:55:23] : Cycle start ON
[21:55:25] : Cycle start OFF
[21:55:32] : REQUEST MEAS. ON
[21:55:41] : REQUEST MEAS. OFF
[21:55:41] : end pos sig1 :50.000000 - 50.000000
[21:55:41] : 측정요구 ON 2
[21:55:51] : 측정요구 2OFF
[21:55:51] : end pos sig2 :-50.000000 - -50.000000
[21:55:55] : 측정요구3 ON
[21:56:04] : 측정요구3 OFF
[21:56:04] : end pos sig3 :50.000000 - 50.000000
[21:56:04] : 측정요구4 ON
[21:56:14] : 측정요구4 OFF
[21:56:14] : end pos sig4 :-50.000000 - -50.000000
[21:56:14] : 11,20181213-215614,AL18071945341,CF 18112010281,OK,MAX,1, ,AUTO,0.50,7.00,1.57,OK,0.50,7.00,0.88,OK,0.50,7.00,1.33,OK,0.50,7.00,0.89,OK,
[21:56:33] : Cycle start ON
[21:56:35] : Cycle start OFF
[21:56:41] : REQUEST MEAS. ON
[21:56:50] : REQUEST MEAS. OFF
[21:56:50] : end pos sig1 :50.000000 - 50.000000
[21:56:50] : 측정요구 ON 2
[21:57:00] : 측정요구 2OFF
[21:57:00] : end pos sig2 :-50.000000 - -50.000000
[21:57:03] : 측정요구3 ON
[21:57:12] : 측정요구3 OFF
[21:57:12] : end pos sig3 :50.000000 - 50.000000
[21:57:13] : 측정요구4 ON
[21:57:22] : 측정요구4 OFF
[21:57:22] : end pos sig4 :-50.000000 - -50.000000
[21:57:22] : 11,20181213-215723,AL18071945031,CF 18112010281,OK,MAX,1, ,AUTO,0.50,7.00,1.92,OK,0.50,7.00,0.78,OK,0.50,7.00,1.77,OK,0.50,7.00,1.91,OK,
[21:57:41] : Cycle start ON
[21:57:43] : Cycle start OFF
[21:57:49] : REQUEST MEAS. ON
[21:57:58] : REQUEST MEAS. OFF
[21:57:58] : end pos sig1 :50.000000 - 50.000000
[21:57:58] : 측정요구 ON 2
[21:58:08] : 측정요구 2OFF
[21:58:08] : end pos sig2 :-50.000000 - -50.000000
[21:58:11] : 측정요구3 ON
[21:58:21] : 측정요구3 OFF
[21:58:21] : end pos sig3 :50.000000 - 50.000000
[21:58:21] : 측정요구4 ON
[21:58:30] : 측정요구4 OFF
[21:58:30] : end pos sig4 :-50.000000 - -50.000000
[21:58:30] : 11,20181213-215831,AL18071944941,CF 18112010281,OK,MAX,1, ,AUTO,0.50,7.00,1.38,OK,0.50,7.00,0.72,OK,0.50,7.00,1.42,OK,0.50,7.00,2.72,OK,
[22:17:09] : AUTO RUNNING OFF
 
