[10:22:27] : PROGRAM END
 
[10:33:44] : PROGRAM START
[10:33:52] : TCP FAIL 1
[10:33:59] : Plc Error Timer
[10:35:31] : Plc Error Timer
[10:35:32] : PROGRAM END
 
[10:41:44] : PROGRAM START
[10:41:50] : TCP FAIL 1
[10:41:58] : Plc Error Timer
[10:42:06] : PROGRAM END
 
[10:45:27] : PROGRAM START
[10:45:30] : TCP FAIL 1
[10:45:39] : Plc Error Timer
[10:46:04] : PROGRAM END
 
[10:46:35] : PROGRAM START
[10:46:40] : TCP FAIL 1
[10:46:47] : Plc Error Timer
[10:46:59] : PROGRAM END
 
[10:47:48] : PROGRAM START
[10:47:51] : TCP FAIL 1
[10:47:59] : Plc Error Timer
[10:48:12] : PROGRAM END
 
[10:54:21] : PROGRAM START
[10:54:41] : Plc Error Timer
[10:54:44] : TCP FAIL 1
[10:54:52] : Plc Error Timer
[10:54:58] : PROGRAM END
 
[10:55:55] : PROGRAM START
[10:56:19] : PROGRAM END
 
[10:57:10] : PROGRAM START
[10:57:20] : PROGRAM END
 
[10:57:42] : PROGRAM START
[10:57:50] : TCP FAIL 1
[10:58:00] : Plc Error Timer
[10:58:02] : PROGRAM END
 
[10:58:59] : PROGRAM START
[10:59:09] : TCP FAIL 1
[10:59:16] : PROGRAM END
 
[11:04:14] : PROGRAM START
[11:04:50] : PROGRAM END
 
[11:07:34] : PROGRAM START
[11:07:39] : TCP FAIL 1
[11:07:46] : Plc Error Timer
[11:07:58] : TCP FAIL 1
[11:08:06] : Plc Error Timer
[11:08:24] : PROGRAM END
 
[11:10:27] : PROGRAM START
[11:10:33] : Plc Error Timer
[11:11:34] : TCP FAIL 1
[11:11:41] : Plc Error Timer
[11:11:49] : TCP FAIL 1
[11:11:56] : Plc Error Timer
[11:12:03] : PROGRAM END
 
[11:20:03] : PROGRAM START
[11:20:16] : TCP FAIL 1
[11:20:23] : Plc Error Timer
[11:20:35] : Plc Error Timer
[11:20:49] : PROGRAM END
 
[11:47:47] : PROGRAM START
[11:48:02] : Plc Error Timer
[11:48:19] : PROGRAM END
 
[11:48:49] : PROGRAM START
[11:49:00] : PROGRAM END
 
[11:50:18] : PROGRAM START
 
[11:50:48] : PROGRAM START
 
[11:51:42] : PROGRAM START
 
[11:51:59] : Plc Error Timer
[11:52:00] : TCP FAIL 1
[11:52:09] : Plc Error Timer
[11:52:26] : PROGRAM END
 
[11:53:34] : PROGRAM START
 
[11:53:48] : Plc Error Timer
[11:54:00] : TCP FAIL 1
[11:54:10] : Plc Error Timer
[11:54:18] : PROGRAM END
 
[13:01:25] : PROGRAM START
[13:01:35] : PROGRAM END
 
[13:06:39] : PROGRAM START
[13:06:47] : PROGRAM END
 
[13:07:45] : PROGRAM START
[13:07:53] : PROGRAM END
 
[14:38:15] : PROGRAM START
[14:38:18] : AUTO RUNNING OFF
[14:38:18] : REQUEST MEAS. OFF
[14:38:18] : REQUEST ZEROSET OFF
[14:38:18] : REQUEST ZEROSET OFF
[14:38:30] : PROGRAM END
 
[14:39:07] : PROGRAM START
[14:39:09] : AUTO RUNNING OFF
[14:39:09] : REQUEST MEAS. OFF
[14:39:09] : REQUEST ZEROSET OFF
[14:39:09] : REQUEST ZEROSET OFF
[15:40:30] : PROGRAM END
 
[15:43:09] : PROGRAM START
[15:43:12] : AUTO RUNNING OFF
[15:43:12] : REQUEST MEAS. OFF
[15:43:12] : REQUEST ZEROSET OFF
[15:43:12] : REQUEST ZEROSET OFF
[16:21:31] : PROGRAM END
 
[16:21:52] : PROGRAM START
[16:21:55] : AUTO RUNNING OFF
[16:21:55] : REQUEST MEAS. OFF
[16:21:55] : REQUEST ZEROSET OFF
[16:21:55] : REQUEST ZEROSET OFF
[16:25:43] : MEAS ESC ON
[16:25:44] : MEAS ESC OFF
[16:25:44] : AUTO RUNNING ON
[16:26:19] : AUTO RUNNING OFF
[16:26:22] : MEAS ESC ON
[16:26:25] : MEAS ESC OFF
[16:27:30] : MEAS ESC ON
[16:28:18] : MEAS ESC OFF
[16:28:18] : AUTO RUNNING ON
[16:28:38] : Cycle start ON
[16:28:40] : Cycle start OFF
[16:28:46] : REQUEST MEAS. ON
[16:28:55] : REQUEST MEAS. OFF
[16:28:57] : 측정요구 ON 2
[16:29:06] : 측정요구 2OFF
[16:29:10] : 측정요구3 ON
[16:29:19] : 측정요구3 OFF
[16:29:21] : 측정요구4 ON
[16:29:30] : 측정요구4 OFF
[16:29:30] : 11,20181122-162930,CF18112052371,,OK,MAX,1, ,0.50,7.00,2.50,OK,0.50,7.00,2.71,OK,0.50,7.00,1.05,OK,0.50,7.00,1.45,OK,
[16:31:20] : Cycle start ON
[16:31:22] : Cycle start OFF
[16:31:28] : REQUEST MEAS. ON
[16:31:37] : REQUEST MEAS. OFF
[16:31:39] : 측정요구 ON 2
[16:31:48] : 측정요구 2OFF
[16:31:52] : 측정요구3 ON
[16:32:01] : 측정요구3 OFF
[16:32:03] : 측정요구4 ON
[16:32:12] : 측정요구4 OFF
[16:32:12] : 11,20181122-163212,CF18112052391,,OK,MAX,1, ,0.50,7.00,2.91,OK,0.50,7.00,5.55,OK,0.50,7.00,1.73,OK,0.50,7.00,2.03,OK,
[16:34:15] : Cycle start ON
[16:34:17] : Cycle start OFF
[16:34:23] : REQUEST MEAS. ON
[16:34:32] : REQUEST MEAS. OFF
[16:34:34] : 측정요구 ON 2
[16:34:43] : 측정요구 2OFF
[16:34:47] : 측정요구3 ON
[16:34:56] : 측정요구3 OFF
[16:34:58] : 측정요구4 ON
[16:35:07] : 측정요구4 OFF
[16:35:07] : 11,20181122-163507,CF18112052411,,OK,MAX,1, ,0.50,7.00,2.47,OK,0.50,7.00,3.98,OK,0.50,7.00,0.92,OK,0.50,7.00,1.24,OK,
[16:35:24] : Cycle start ON
[16:35:27] : Cycle start OFF
[16:35:53] : REQUEST MEAS. ON
[16:36:02] : REQUEST MEAS. OFF
[16:36:04] : 측정요구 ON 2
[16:36:13] : 측정요구 2OFF
[16:36:17] : 측정요구3 ON
[16:36:26] : 측정요구3 OFF
[16:36:28] : 측정요구4 ON
[16:36:37] : 측정요구4 OFF
[16:36:37] : 11,20181122-163637,CF18112052431,,OK,MAX,1, ,0.50,7.00,3.05,OK,0.50,7.00,4.13,OK,0.50,7.00,1.47,OK,0.50,7.00,1.28,OK,
[16:36:54] : Cycle start ON
[16:36:56] : Cycle start OFF
[16:37:24] : REQUEST MEAS. ON
[16:37:32] : REQUEST MEAS. OFF
[16:37:34] : 측정요구 ON 2
[16:37:43] : 측정요구 2OFF
[16:37:48] : 측정요구3 ON
[16:37:57] : 측정요구3 OFF
[16:37:58] : 측정요구4 ON
[16:38:07] : 측정요구4 OFF
[16:38:07] : 11,20181122-163808,CF18112052451,,OK,MAX,1, ,0.50,7.00,1.64,OK,0.50,7.00,2.57,OK,0.50,7.00,1.23,OK,0.50,7.00,1.89,OK,
[16:38:56] : AUTO RUNNING OFF
[16:39:41] : MEAS ESC ON
[16:39:41] : MEAS ESC OFF
[16:39:41] : AUTO RUNNING ON
[16:40:01] : Cycle start ON
[16:40:03] : Cycle start OFF
[16:40:09] : REQUEST MEAS. ON
[16:40:18] : REQUEST MEAS. OFF
[16:40:19] : 측정요구 ON 2
[16:40:28] : 측정요구 2OFF
[16:40:32] : 측정요구3 ON
[16:40:41] : 측정요구3 OFF
[16:40:43] : 측정요구4 ON
[16:40:52] : 측정요구4 OFF
[16:40:52] : 11,20181122-164052,CF18112052141,,OK,MAX,1, ,0.50,7.00,3.37,OK,0.50,7.00,4.46,OK,0.50,7.00,2.47,OK,0.50,7.00,2.03,OK,
[16:41:09] : Cycle start ON
[16:41:12] : Cycle start OFF
[16:41:39] : REQUEST MEAS. ON
[16:41:48] : REQUEST MEAS. OFF
[16:41:49] : 측정요구 ON 2
[16:41:58] : 측정요구 2OFF
[16:42:03] : 측정요구3 ON
[16:42:12] : 측정요구3 OFF
[16:42:13] : 측정요구4 ON
[16:42:22] : 측정요구4 OFF
[16:42:22] : 11,20181122-164223,CF18112052051,,OK,MAX,1, ,0.50,7.00,3.11,OK,0.50,7.00,3.71,OK,0.50,7.00,1.19,OK,0.50,7.00,1.57,OK,
[16:42:41] : Cycle start ON
[16:42:43] : Cycle start OFF
[16:43:09] : REQUEST MEAS. ON
[16:43:18] : REQUEST MEAS. OFF
[16:43:20] : 측정요구 ON 2
[16:43:29] : 측정요구 2OFF
[16:43:33] : 측정요구3 ON
[16:43:42] : 측정요구3 OFF
[16:43:44] : 측정요구4 ON
[16:43:53] : 측정요구4 OFF
[16:43:53] : 11,20181122-164353,CF18112053471,,OK,MAX,1, ,0.50,7.00,3.59,OK,0.50,7.00,3.81,OK,0.50,7.00,1.26,OK,0.50,7.00,1.95,OK,
[16:44:12] : Cycle start ON
[16:44:15] : Cycle start OFF
[16:44:39] : REQUEST MEAS. ON
[16:44:48] : REQUEST MEAS. OFF
[16:44:50] : 측정요구 ON 2
[16:44:59] : 측정요구 2OFF
[16:45:03] : 측정요구3 ON
[16:45:12] : 측정요구3 OFF
[16:45:14] : 측정요구4 ON
[16:45:23] : 측정요구4 OFF
[16:45:23] : 11,20181122-164523,CF18112052131,,OK,MAX,1, ,0.50,7.00,2.79,OK,0.50,7.00,4.31,OK,0.50,7.00,1.82,OK,0.50,7.00,1.30,OK,
[16:45:45] : Cycle start ON
[16:45:47] : Cycle start OFF
[16:46:09] : REQUEST MEAS. ON
[16:46:18] : REQUEST MEAS. OFF
[16:46:20] : 측정요구 ON 2
[16:46:29] : 측정요구 2OFF
[16:46:33] : 측정요구3 ON
[16:46:42] : 측정요구3 OFF
[16:46:44] : 측정요구4 ON
[16:46:53] : 측정요구4 OFF
[16:46:53] : 11,20181122-164653,CF18112053821,,OK,MAX,1, ,0.50,7.00,2.65,OK,0.50,7.00,5.25,OK,0.50,7.00,1.38,OK,0.50,7.00,0.96,OK,
[16:47:10] : Cycle start ON
[16:47:12] : Cycle start OFF
[16:47:39] : REQUEST MEAS. ON
[16:47:48] : REQUEST MEAS. OFF
[16:47:50] : 측정요구 ON 2
[16:47:59] : 측정요구 2OFF
[16:48:04] : 측정요구3 ON
[16:48:13] : 측정요구3 OFF
[16:48:14] : 측정요구4 ON
[16:48:23] : 측정요구4 OFF
[16:48:23] : 11,20181122-164824,CF18112052201,,OK,MAX,1, ,0.50,7.00,3.34,OK,0.50,7.00,4.49,OK,0.50,7.00,1.17,OK,0.50,7.00,2.16,OK,
[16:48:44] : Cycle start ON
[16:48:47] : Cycle start OFF
[16:49:10] : REQUEST MEAS. ON
[16:49:19] : REQUEST MEAS. OFF
[16:49:20] : 측정요구 ON 2
[16:49:29] : 측정요구 2OFF
[16:49:34] : 측정요구3 ON
[16:49:43] : 측정요구3 OFF
[16:49:44] : 측정요구4 ON
[16:49:53] : 측정요구4 OFF
[16:49:53] : 11,20181122-164953,CF18112052261,,OK,MAX,1, ,0.50,7.00,2.93,OK,0.50,7.00,5.06,OK,0.50,7.00,1.71,OK,0.50,7.00,1.63,OK,
[16:50:16] : Cycle start ON
[16:50:19] : Cycle start OFF
[16:50:40] : REQUEST MEAS. ON
[16:50:49] : REQUEST MEAS. OFF
[16:50:50] : 측정요구 ON 2
[16:50:59] : 측정요구 2OFF
[16:51:04] : 측정요구3 ON
[16:51:13] : 측정요구3 OFF
[16:51:14] : 측정요구4 ON
[16:51:23] : 측정요구4 OFF
[16:51:23] : 11,20181122-165124,CF18112052101,,OK,MAX,1, ,0.50,7.00,3.27,OK,0.50,7.00,3.15,OK,0.50,7.00,1.71,OK,0.50,7.00,0.79,OK,
[16:52:35] : Cycle start ON
[16:52:37] : Cycle start OFF
[16:52:43] : REQUEST MEAS. ON
[16:52:52] : REQUEST MEAS. OFF
[16:52:54] : 측정요구 ON 2
[16:53:03] : 측정요구 2OFF
[16:53:07] : 측정요구3 ON
[16:53:16] : 측정요구3 OFF
[16:53:18] : 측정요구4 ON
[16:53:27] : 측정요구4 OFF
[16:53:27] : 11,20181122-165327,CF18112052971,,OK,MAX,1, ,0.50,7.00,3.10,OK,0.50,7.00,3.21,OK,0.50,7.00,1.43,OK,0.50,7.00,3.78,OK,
[16:53:48] : Cycle start ON
[16:53:50] : Cycle start OFF
[16:53:56] : REQUEST MEAS. ON
[16:54:05] : REQUEST MEAS. OFF
[16:54:06] : 측정요구 ON 2
[16:54:15] : 측정요구 2OFF
[16:54:19] : 측정요구3 ON
[16:54:28] : 측정요구3 OFF
[16:54:30] : 측정요구4 ON
[16:54:39] : 측정요구4 OFF
[16:54:39] : 11,20181122-165439,CF18112054001,,OK,MAX,1, ,0.50,7.00,1.82,OK,0.50,7.00,3.06,OK,0.50,7.00,1.09,OK,0.50,7.00,1.50,OK,
[16:54:56] : Cycle start ON
[16:54:59] : Cycle start OFF
[16:55:25] : REQUEST MEAS. ON
[16:55:34] : REQUEST MEAS. OFF
[16:55:36] : 측정요구 ON 2
[16:55:45] : 측정요구 2OFF
[16:55:50] : 측정요구3 ON
[16:55:59] : 측정요구3 OFF
[16:56:00] : 측정요구4 ON
[16:56:09] : 측정요구4 OFF
[16:56:09] : 11,20181122-165610,CF18112052961,,OK,MAX,1, ,0.50,7.00,3.37,OK,0.50,7.00,4.85,OK,0.50,7.00,1.29,OK,0.50,7.00,1.31,OK,
[16:56:29] : Cycle start ON
[16:56:31] : Cycle start OFF
[16:56:56] : REQUEST MEAS. ON
[16:57:05] : REQUEST MEAS. OFF
[16:57:06] : 측정요구 ON 2
[16:57:15] : 측정요구 2OFF
[16:57:20] : 측정요구3 ON
[16:57:29] : 측정요구3 OFF
[16:57:30] : 측정요구4 ON
[16:57:39] : 측정요구4 OFF
[16:57:39] : 11,20181122-165740,CF18112052981,,OK,MAX,1, ,0.50,7.00,2.59,OK,0.50,7.00,2.56,OK,0.50,7.00,1.46,OK,0.50,7.00,2.15,OK,
[16:58:00] : Cycle start ON
[16:58:02] : Cycle start OFF
[16:58:26] : REQUEST MEAS. ON
[16:58:35] : REQUEST MEAS. OFF
[16:58:37] : 측정요구 ON 2
[16:58:46] : 측정요구 2OFF
[16:58:50] : 측정요구3 ON
[16:58:59] : 측정요구3 OFF
[16:59:00] : 측정요구4 ON
[16:59:09] : 측정요구4 OFF
[16:59:09] : 11,20181122-165910,CF18112052901,,OK,MAX,1, ,0.50,7.00,2.24,OK,0.50,7.00,3.87,OK,0.50,7.00,0.84,OK,0.50,7.00,2.76,OK,
[16:59:31] : Cycle start ON
[16:59:33] : Cycle start OFF
[16:59:57] : REQUEST MEAS. ON
[17:00:05] : REQUEST MEAS. OFF
[17:00:07] : 측정요구 ON 2
[17:00:16] : 측정요구 2OFF
[17:00:20] : 측정요구3 ON
[17:00:29] : 측정요구3 OFF
[17:00:31] : 측정요구4 ON
[17:00:40] : 측정요구4 OFF
[17:00:40] : 11,20181122-170040,CF18112052811,,OK,MAX,1, ,0.50,7.00,3.44,OK,0.50,7.00,3.54,OK,0.50,7.00,1.45,OK,0.50,7.00,1.86,OK,
[17:01:03] : Cycle start ON
[17:01:05] : Cycle start OFF
[17:01:26] : REQUEST MEAS. ON
[17:01:35] : REQUEST MEAS. OFF
[17:01:37] : 측정요구 ON 2
[17:01:46] : 측정요구 2OFF
[17:01:50] : 측정요구3 ON
[17:01:59] : 측정요구3 OFF
[17:02:01] : 측정요구4 ON
[17:02:10] : 측정요구4 OFF
[17:02:10] : 11,20181122-170210,CF18112053361,,OK,MAX,1, ,0.50,7.00,2.89,OK,0.50,7.00,4.37,OK,0.50,7.00,1.45,OK,0.50,7.00,2.18,OK,
[17:02:27] : Cycle start ON
[17:02:29] : Cycle start OFF
[17:02:56] : REQUEST MEAS. ON
[17:03:05] : REQUEST MEAS. OFF
[17:03:07] : 측정요구 ON 2
[17:03:16] : 측정요구 2OFF
[17:03:21] : 측정요구3 ON
[17:03:30] : 측정요구3 OFF
[17:03:31] : 측정요구4 ON
[17:03:40] : 측정요구4 OFF
[17:03:40] : 11,20181122-170340,CF18112052821,CF 18090111483,OK,MAX,1, ,0.50,7.00,2.45,OK,0.50,7.00,4.81,OK,0.50,7.00,2.04,OK,0.50,7.00,1.41,OK,
[17:58:49] : AUTO RUNNING OFF
[18:00:14] : MEAS ESC ON
[18:32:30] : MEAS ESC OFF
[18:32:30] : AUTO RUNNING ON
[18:41:38] : Cycle start ON
[18:41:40] : Cycle start OFF
[18:41:46] : REQUEST MEAS. ON
[18:41:55] : REQUEST MEAS. OFF
[18:41:56] : 측정요구 ON 2
[18:42:05] : 측정요구 2OFF
[18:42:10] : 측정요구3 ON
[18:42:19] : 측정요구3 OFF
[18:42:20] : 측정요구4 ON
[18:42:29] : 측정요구4 OFF
[18:42:29] : 11,20181122-184230,CF18112051671,,OK,MAX,1, ,0.50,7.00,2.94,OK,0.50,7.00,3.99,OK,0.50,7.00,1.69,OK,0.50,7.00,1.42,OK,
[18:42:31] : MEAS ESC ON
[18:42:31] : AUTO RUNNING OFF
[18:44:36] : MEAS ESC OFF
[18:44:36] : AUTO RUNNING ON
[19:03:37] : Cycle start ON
[19:03:39] : Cycle start OFF
[19:03:45] : REQUEST MEAS. ON
[19:03:54] : REQUEST MEAS. OFF
[19:03:55] : 측정요구 ON 2
[19:04:04] : 측정요구 2OFF
[19:04:09] : 측정요구3 ON
[19:04:18] : 측정요구3 OFF
[19:04:19] : 측정요구4 ON
[19:04:28] : 측정요구4 OFF
[19:04:28] : 11,20181122-190429,CF18112052481,,OK,MAX,1, ,0.50,7.00,3.70,OK,0.50,7.00,3.09,OK,0.50,7.00,1.33,OK,0.50,7.00,1.34,OK,
[19:04:30] : MEAS ESC ON
[19:04:30] : AUTO RUNNING OFF
[19:14:47] : MEAS ESC OFF
[19:14:47] : AUTO RUNNING ON
[19:15:09] : Cycle start ON
[19:15:11] : Cycle start OFF
[19:15:33] : REQUEST MEAS. ON
[19:15:42] : REQUEST MEAS. OFF
[19:15:43] : 측정요구 ON 2
[19:15:52] : 측정요구 2OFF
[19:15:56] : 측정요구3 ON
[19:16:05] : 측정요구3 OFF
[19:16:07] : 측정요구4 ON
[19:16:16] : 측정요구4 OFF
[19:16:16] : 11,20181122-191616,CF18112053311,,OK,MAX,1, ,0.50,7.00,3.12,OK,0.50,7.00,4.43,OK,0.50,7.00,2.68,OK,0.50,7.00,1.56,OK,
[19:16:33] : Cycle start ON
[19:16:36] : Cycle start OFF
[19:17:02] : REQUEST MEAS. ON
[19:17:11] : REQUEST MEAS. OFF
[19:17:13] : 측정요구 ON 2
[19:17:22] : 측정요구 2OFF
[19:17:26] : 측정요구3 ON
[19:17:35] : 측정요구3 OFF
[19:17:37] : 측정요구4 ON
[19:17:46] : 측정요구4 OFF
[19:17:46] : 11,20181122-191746,CF18112051681,,OK,MAX,1, ,0.50,7.00,3.26,OK,0.50,7.00,3.91,OK,0.50,7.00,1.64,OK,0.50,7.00,1.89,OK,
[19:47:01] : Cycle start ON
[19:47:03] : Cycle start OFF
[19:47:09] : REQUEST MEAS. ON
[19:47:18] : REQUEST MEAS. OFF
[19:47:20] : 측정요구 ON 2
[19:47:29] : 측정요구 2OFF
[19:47:33] : 측정요구3 ON
[19:47:42] : 측정요구3 OFF
[19:47:44] : 측정요구4 ON
[19:47:53] : 측정요구4 OFF
[19:47:53] : 11,20181122-194753,CF18112052491,,OK,MAX,1, ,0.50,7.00,1.78,OK,0.50,7.00,2.49,OK,0.50,7.00,1.18,OK,0.50,7.00,1.09,OK,
[19:48:21] : Cycle start ON
[19:48:23] : Cycle start OFF
[19:48:39] : REQUEST MEAS. ON
[19:48:48] : REQUEST MEAS. OFF
[19:48:50] : 측정요구 ON 2
[19:48:59] : 측정요구 2OFF
[19:49:03] : 측정요구3 ON
[19:49:12] : 측정요구3 OFF
[19:49:14] : 측정요구4 ON
[19:49:23] : 측정요구4 OFF
[19:49:23] : 11,20181122-194923,CF18112052991,,OK,MAX,1, ,0.50,7.00,3.83,OK,0.50,7.00,3.59,OK,0.50,7.00,1.18,OK,0.50,7.00,1.25,OK,
[19:50:37] : Cycle start ON
[19:50:39] : Cycle start OFF
[19:50:45] : REQUEST MEAS. ON
[19:50:54] : REQUEST MEAS. OFF
[19:50:56] : 측정요구 ON 2
[19:51:05] : 측정요구 2OFF
[19:51:09] : 측정요구3 ON
[19:51:18] : 측정요구3 OFF
[19:51:20] : 측정요구4 ON
[19:51:29] : 측정요구4 OFF
[19:51:29] : 11,20181122-195129,CF18112053011,,OK,MAX,1, ,0.50,7.00,1.75,OK,0.50,7.00,3.64,OK,0.50,7.00,1.40,OK,0.50,7.00,1.65,OK,
[19:51:50] : Cycle start ON
[19:51:52] : Cycle start OFF
[19:52:17] : REQUEST MEAS. ON
[19:52:26] : REQUEST MEAS. OFF
[19:52:27] : 측정요구 ON 2
[19:52:36] : 측정요구 2OFF
[19:52:40] : 측정요구3 ON
[19:52:49] : 측정요구3 OFF
[19:52:51] : 측정요구4 ON
[19:53:00] : 측정요구4 OFF
[19:53:00] : 11,20181122-195300,CF18112051961,,OK,MAX,1, ,0.50,7.00,5.09,OK,0.50,7.00,4.27,OK,0.50,7.00,1.34,OK,0.50,7.00,1.02,OK,
[19:53:23] : Cycle start ON
[19:53:25] : Cycle start OFF
[19:53:49] : REQUEST MEAS. ON
[19:53:58] : REQUEST MEAS. OFF
[19:53:59] : 측정요구 ON 2
[19:54:08] : 측정요구 2OFF
[19:54:12] : 측정요구3 ON
[19:54:21] : 측정요구3 OFF
[19:54:23] : 측정요구4 ON
[19:54:32] : 측정요구4 OFF
[19:54:32] : 11,20181122-195432,CF18112052251,,OK,MAX,1, ,0.50,7.00,2.43,OK,0.50,7.00,3.79,OK,0.50,7.00,1.43,OK,0.50,7.00,1.85,OK,
[19:54:54] : Cycle start ON
[19:54:56] : Cycle start OFF
[19:55:20] : REQUEST MEAS. ON
[19:55:29] : REQUEST MEAS. OFF
[19:55:30] : 측정요구 ON 2
[19:55:39] : 측정요구 2OFF
[19:55:43] : 측정요구3 ON
[19:55:52] : 측정요구3 OFF
[19:55:54] : 측정요구4 ON
[19:56:03] : 측정요구4 OFF
[19:56:03] : 11,20181122-195603,CF18112052021,,OK,MAX,1, ,0.50,7.00,3.44,OK,0.50,7.00,3.62,OK,0.50,7.00,1.48,OK,0.50,7.00,1.16,OK,
[19:56:21] : Cycle start ON
[19:56:24] : Cycle start OFF
[19:56:51] : REQUEST MEAS. ON
[19:57:00] : REQUEST MEAS. OFF
[19:57:02] : 측정요구 ON 2
[19:57:11] : 측정요구 2OFF
[19:57:15] : 측정요구3 ON
[19:57:24] : 측정요구3 OFF
[19:57:26] : 측정요구4 ON
[19:57:35] : 측정요구4 OFF
[19:57:35] : 11,20181122-195735,CF18112053191,,OK,MAX,1, ,0.50,7.00,3.36,OK,0.50,7.00,4.77,OK,0.50,7.00,1.18,OK,0.50,7.00,1.15,OK,
[19:57:57] : Cycle start ON
[19:58:00] : Cycle start OFF
[19:58:23] : REQUEST MEAS. ON
[19:58:32] : REQUEST MEAS. OFF
[19:58:33] : 측정요구 ON 2
[19:58:42] : 측정요구 2OFF
[19:58:46] : 측정요구3 ON
[19:58:55] : 측정요구3 OFF
[19:58:57] : 측정요구4 ON
[19:59:06] : 측정요구4 OFF
[19:59:06] : 11,20181122-195906,CF18112053241,,OK,MAX,1, ,0.50,7.00,3.12,OK,0.50,7.00,3.96,OK,0.50,7.00,1.54,OK,0.50,7.00,1.78,OK,
[19:59:29] : Cycle start ON
[19:59:31] : Cycle start OFF
[19:59:54] : REQUEST MEAS. ON
[20:00:03] : REQUEST MEAS. OFF
[20:00:04] : 측정요구 ON 2
[20:00:13] : 측정요구 2OFF
[20:00:18] : 측정요구3 ON
[20:00:27] : 측정요구3 OFF
[20:00:28] : 측정요구4 ON
[20:00:37] : 측정요구4 OFF
[20:00:37] : 11,20181122-200038,CF18112053131,,OK,MAX,1, ,0.50,7.00,2.35,OK,0.50,7.00,3.90,OK,0.50,7.00,1.45,OK,0.50,7.00,0.98,OK,
[20:00:57] : Cycle start ON
[20:01:00] : Cycle start OFF
[20:01:26] : REQUEST MEAS. ON
[20:01:35] : REQUEST MEAS. OFF
[20:01:36] : 측정요구 ON 2
[20:01:45] : 측정요구 2OFF
[20:01:49] : 측정요구3 ON
[20:01:58] : 측정요구3 OFF
[20:02:00] : 측정요구4 ON
[20:02:09] : 측정요구4 OFF
[20:02:09] : 11,20181122-200209,CF18112053481,,OK,MAX,1, ,0.50,7.00,2.39,OK,0.50,7.00,4.96,OK,0.50,7.00,1.36,OK,0.50,7.00,1.16,OK,
[20:02:27] : Cycle start ON
[20:02:29] : Cycle start OFF
[20:02:57] : REQUEST MEAS. ON
[20:03:06] : REQUEST MEAS. OFF
[20:03:07] : 측정요구 ON 2
[20:03:16] : 측정요구 2OFF
[20:03:21] : 측정요구3 ON
[20:03:30] : 측정요구3 OFF
[20:03:31] : 측정요구4 ON
[20:03:40] : 측정요구4 OFF
[20:03:40] : 11,20181122-200341,CF18112053211,,OK,MAX,1, ,0.50,7.00,4.11,OK,0.50,7.00,4.03,OK,0.50,7.00,1.42,OK,0.50,7.00,1.45,OK,
[20:04:08] : Cycle start ON
[20:04:11] : Cycle start OFF
[20:04:29] : REQUEST MEAS. ON
[20:04:38] : REQUEST MEAS. OFF
[20:04:39] : 측정요구 ON 2
[20:04:48] : 측정요구 2OFF
[20:04:52] : 측정요구3 ON
[20:05:01] : 측정요구3 OFF
[20:05:03] : 측정요구4 ON
[20:05:12] : 측정요구4 OFF
[20:05:12] : 11,20181122-200512,CF18112052781,,OK,MAX,1, ,0.50,7.00,2.25,OK,0.50,7.00,3.13,OK,0.50,7.00,1.95,OK,0.50,7.00,1.61,OK,
[20:05:31] : Cycle start ON
[20:05:33] : Cycle start OFF
[20:06:00] : REQUEST MEAS. ON
[20:06:08] : REQUEST MEAS. OFF
[20:06:10] : 측정요구 ON 2
[20:06:19] : 측정요구 2OFF
[20:06:23] : 측정요구3 ON
[20:06:32] : 측정요구3 OFF
[20:06:34] : 측정요구4 ON
[20:06:43] : 측정요구4 OFF
[20:06:43] : 11,20181122-200643,CF18112053271,,OK,MAX,1, ,0.50,7.00,3.13,OK,0.50,7.00,4.06,OK,0.50,7.00,1.78,OK,0.50,7.00,2.13,OK,
[20:07:02] : Cycle start ON
[20:07:05] : Cycle start OFF
[20:07:32] : REQUEST MEAS. ON
[20:07:41] : REQUEST MEAS. OFF
[20:07:42] : 측정요구 ON 2
[20:07:51] : 측정요구 2OFF
[20:07:55] : 측정요구3 ON
[20:08:04] : 측정요구3 OFF
[20:08:06] : 측정요구4 ON
[20:08:15] : 측정요구4 OFF
[20:08:15] : 11,20181122-200815,CF18112053171,,OK,MAX,1, ,0.50,7.00,2.53,OK,0.50,7.00,4.44,OK,0.50,7.00,1.48,OK,0.50,7.00,1.42,OK,
[20:08:34] : Cycle start ON
[20:08:37] : Cycle start OFF
[20:09:03] : REQUEST MEAS. ON
[20:09:11] : REQUEST MEAS. OFF
[20:09:13] : 측정요구 ON 2
[20:09:22] : 측정요구 2OFF
[20:09:26] : 측정요구3 ON
[20:09:35] : 측정요구3 OFF
[20:09:37] : 측정요구4 ON
[20:09:46] : 측정요구4 OFF
[20:09:46] : 11,20181122-200946,CF18112053511,,OK,MAX,1, ,0.50,7.00,2.56,OK,0.50,7.00,4.11,OK,0.50,7.00,1.18,OK,0.50,7.00,1.48,OK,
[20:10:07] : Cycle start ON
[20:10:09] : Cycle start OFF
[20:10:35] : REQUEST MEAS. ON
[20:10:44] : REQUEST MEAS. OFF
[20:10:45] : 측정요구 ON 2
[20:10:54] : 측정요구 2OFF
[20:10:58] : 측정요구3 ON
[20:11:07] : 측정요구3 OFF
[20:11:09] : 측정요구4 ON
[20:11:18] : 측정요구4 OFF
[20:11:18] : 11,20181122-201118,CF18112053931,,OK,MAX,1, ,0.50,7.00,2.87,OK,0.50,7.00,4.12,OK,0.50,7.00,1.36,OK,0.50,7.00,1.71,OK,
[20:11:38] : Cycle start ON
[20:11:40] : Cycle start OFF
[20:12:06] : REQUEST MEAS. ON
[20:12:15] : REQUEST MEAS. OFF
[20:12:16] : 측정요구 ON 2
[20:12:25] : 측정요구 2OFF
[20:12:29] : 측정요구3 ON
[20:12:38] : 측정요구3 OFF
[20:12:40] : 측정요구4 ON
[20:12:49] : 측정요구4 OFF
[20:12:49] : 11,20181122-201249,CF18112053521,,OK,MAX,1, ,0.50,7.00,2.94,OK,0.50,7.00,5.70,OK,0.50,7.00,1.38,OK,0.50,7.00,1.25,OK,
[20:13:08] : Cycle start ON
[20:13:11] : Cycle start OFF
[20:13:37] : REQUEST MEAS. ON
[20:13:46] : REQUEST MEAS. OFF
[20:13:48] : 측정요구 ON 2
[20:13:57] : 측정요구 2OFF
[20:14:01] : 측정요구3 ON
[20:14:10] : 측정요구3 OFF
[20:14:12] : 측정요구4 ON
[20:14:21] : 측정요구4 OFF
[20:14:21] : 11,20181122-201421,CF18112053261,,OK,MAX,1, ,0.50,7.00,1.70,OK,0.50,7.00,3.75,OK,0.50,7.00,1.54,OK,0.50,7.00,0.86,OK,
[20:14:43] : Cycle start ON
[20:14:46] : Cycle start OFF
[20:15:09] : REQUEST MEAS. ON
[20:15:18] : REQUEST MEAS. OFF
[20:15:19] : 측정요구 ON 2
[20:15:28] : 측정요구 2OFF
[20:15:32] : 측정요구3 ON
[20:15:41] : 측정요구3 OFF
[20:15:43] : 측정요구4 ON
[20:15:52] : 측정요구4 OFF
[20:15:52] : 11,20181122-201552,CF18112053141,,OK,MAX,1, ,0.50,7.00,2.35,OK,0.50,7.00,4.87,OK,0.50,7.00,1.62,OK,0.50,7.00,1.57,OK,
[20:16:15] : Cycle start ON
[20:16:18] : Cycle start OFF
[20:16:41] : REQUEST MEAS. ON
[20:16:50] : REQUEST MEAS. OFF
[20:16:51] : 측정요구 ON 2
[20:17:00] : 측정요구 2OFF
[20:17:04] : 측정요구3 ON
[20:17:13] : 측정요구3 OFF
[20:17:15] : 측정요구4 ON
[20:17:24] : 측정요구4 OFF
[20:17:24] : 11,20181122-201724,CF18112053561,,OK,MAX,1, ,0.50,7.00,2.72,OK,0.50,7.00,3.86,OK,0.50,7.00,1.29,OK,0.50,7.00,1.60,OK,
[20:17:47] : Cycle start ON
[20:17:49] : Cycle start OFF
[20:18:12] : REQUEST MEAS. ON
[20:18:21] : REQUEST MEAS. OFF
[20:18:22] : 측정요구 ON 2
[20:18:31] : 측정요구 2OFF
[20:18:35] : 측정요구3 ON
[20:18:44] : 측정요구3 OFF
[20:18:46] : 측정요구4 ON
[20:18:55] : 측정요구4 OFF
[20:18:55] : 11,20181122-201855,CF18112053401,,OK,MAX,1, ,0.50,7.00,3.85,OK,0.50,7.00,3.77,OK,0.50,7.00,1.74,OK,0.50,7.00,1.82,OK,
[20:19:14] : Cycle start ON
[20:19:17] : Cycle start OFF
[20:19:44] : REQUEST MEAS. ON
[20:19:52] : REQUEST MEAS. OFF
[20:19:54] : 측정요구 ON 2
[20:20:03] : 측정요구 2OFF
[20:20:07] : 측정요구3 ON
[20:20:16] : 측정요구3 OFF
[20:20:18] : 측정요구4 ON
[20:20:27] : 측정요구4 OFF
[20:20:27] : 11,20181122-202027,CF18112052241,,OK,MAX,1, ,0.50,7.00,3.38,OK,0.50,7.00,3.90,OK,0.50,7.00,1.34,OK,0.50,7.00,0.83,OK,
[20:21:21] : Cycle start ON
[20:21:24] : Cycle start OFF
[20:21:29] : REQUEST MEAS. ON
[20:21:38] : REQUEST MEAS. OFF
[20:21:40] : 측정요구 ON 2
[20:21:49] : 측정요구 2OFF
[20:21:53] : 측정요구3 ON
[20:22:02] : 측정요구3 OFF
[20:22:04] : 측정요구4 ON
[20:22:13] : 측정요구4 OFF
[20:22:13] : 11,20181122-202213,CF18112051931,,OK,MAX,1, ,0.50,7.00,3.11,OK,0.50,7.00,4.02,OK,0.50,7.00,2.58,OK,0.50,7.00,1.08,OK,
[20:23:19] : Cycle start ON
[20:23:22] : Cycle start OFF
[20:23:28] : REQUEST MEAS. ON
[20:23:36] : REQUEST MEAS. OFF
[20:23:38] : 측정요구 ON 2
[20:23:47] : 측정요구 2OFF
[20:23:51] : 측정요구3 ON
[20:24:00] : 측정요구3 OFF
[20:24:02] : 측정요구4 ON
[20:24:11] : 측정요구4 OFF
[20:24:11] : 11,20181122-202411,CF18112053071,,OK,MAX,1, ,0.50,7.00,3.54,OK,0.50,7.00,3.26,OK,0.50,7.00,1.43,OK,0.50,7.00,1.47,OK,
[20:24:29] : Cycle start ON
[20:24:31] : Cycle start OFF
[20:24:59] : REQUEST MEAS. ON
[20:25:08] : REQUEST MEAS. OFF
[20:25:09] : 측정요구 ON 2
[20:25:18] : 측정요구 2OFF
[20:25:23] : 측정요구3 ON
[20:25:32] : 측정요구3 OFF
[20:25:33] : 측정요구4 ON
[20:25:42] : 측정요구4 OFF
[20:25:42] : 11,20181122-202543,CF18112052631,,OK,MAX,1, ,0.50,7.00,2.95,OK,0.50,7.00,3.84,OK,0.50,7.00,4.18,OK,0.50,7.00,1.17,OK,
[20:26:04] : Cycle start ON
[20:26:06] : Cycle start OFF
[20:26:31] : REQUEST MEAS. ON
[20:26:40] : REQUEST MEAS. OFF
[20:26:41] : 측정요구 ON 2
[20:26:50] : 측정요구 2OFF
[20:26:54] : 측정요구3 ON
[20:27:03] : 측정요구3 OFF
[20:27:05] : 측정요구4 ON
[20:27:14] : 측정요구4 OFF
[20:27:14] : 11,20181122-202714,CF18112053811,,OK,MAX,1, ,0.50,7.00,3.08,OK,0.50,7.00,5.09,OK,0.50,7.00,1.52,OK,0.50,7.00,1.59,OK,
[20:27:31] : Cycle start ON
[20:27:34] : Cycle start OFF
[20:28:02] : REQUEST MEAS. ON
[20:28:11] : REQUEST MEAS. OFF
[20:28:12] : 측정요구 ON 2
[20:28:21] : 측정요구 2OFF
[20:28:26] : 측정요구3 ON
[20:28:34] : AUTO RUNNING OFF
[20:28:34] : 측정요구3 OFF
[20:29:24] : MEAS ESC ON
[20:29:31] : MEAS ESC OFF
[20:33:12] : MEAS ESC ON
[20:33:12] : MEAS ESC OFF
[20:33:12] : AUTO RUNNING ON
[20:33:12] : 측정요구3 ON
[20:33:13] : 측정요구3 OFF
[20:33:14] : 측정요구4 ON
[20:33:23] : 측정요구4 OFF
[20:33:23] : 11,20181122-203324,CF18112052071,,NG,MAX,1, ,0.50,7.00,2.92,OK,0.50,7.00,3.98,NG,0.50,7.00,1.22,OK,0.50,7.00,3.38,NG,
[20:33:46] : Cycle start ON
[20:33:48] : Cycle start OFF
[20:34:12] : REQUEST MEAS. ON
[20:34:21] : REQUEST MEAS. OFF
[20:34:22] : 측정요구 ON 2
[20:34:31] : 측정요구 2OFF
[20:34:35] : 측정요구3 ON
[20:34:44] : 측정요구3 OFF
[20:34:46] : 측정요구4 ON
[20:34:55] : 측정요구4 OFF
[20:34:55] : 11,20181122-203455,CF18112052181,,OK,MAX,1, ,0.50,7.00,2.76,OK,0.50,7.00,3.57,OK,0.50,7.00,1.56,OK,0.50,7.00,2.04,OK,
[20:35:13] : Cycle start ON
[20:35:15] : Cycle start OFF
[20:35:43] : REQUEST MEAS. ON
[20:35:52] : REQUEST MEAS. OFF
[20:35:53] : 측정요구 ON 2
[20:36:02] : 측정요구 2OFF
[20:36:06] : 측정요구3 ON
[20:36:15] : 측정요구3 OFF
[20:36:17] : 측정요구4 ON
[20:36:26] : 측정요구4 OFF
[20:36:26] : 11,20181122-203626,CF18112052471,,OK,MAX,1, ,0.50,7.00,4.00,OK,0.50,7.00,4.11,OK,0.50,7.00,1.45,OK,0.50,7.00,1.82,OK,
[20:36:45] : Cycle start ON
[20:36:47] : Cycle start OFF
[20:37:15] : REQUEST MEAS. ON
[20:37:24] : REQUEST MEAS. OFF
[20:37:25] : 측정요구 ON 2
[20:37:34] : 측정요구 2OFF
[20:37:38] : 측정요구3 ON
[20:37:47] : 측정요구3 OFF
[20:37:49] : 측정요구4 ON
[20:37:58] : 측정요구4 OFF
[20:37:58] : 11,20181122-203758,CF18112052271,,OK,MAX,1, ,0.50,7.00,3.94,OK,0.50,7.00,4.28,OK,0.50,7.00,1.29,OK,0.50,7.00,0.86,OK,
[20:38:16] : Cycle start ON
[20:38:19] : Cycle start OFF
[20:38:46] : REQUEST MEAS. ON
[20:38:55] : REQUEST MEAS. OFF
[20:38:56] : 측정요구 ON 2
[20:39:05] : 측정요구 2OFF
[20:39:09] : 측정요구3 ON
[20:39:18] : 측정요구3 OFF
[20:39:20] : 측정요구4 ON
[20:39:29] : 측정요구4 OFF
[20:39:29] : 11,20181122-203929,CF18112052161,,OK,MAX,1, ,0.50,7.00,3.04,OK,0.50,7.00,4.96,OK,0.50,7.00,2.55,OK,0.50,7.00,1.24,OK,
[20:39:48] : Cycle start ON
[20:39:50] : Cycle start OFF
[20:40:17] : REQUEST MEAS. ON
[20:40:26] : REQUEST MEAS. OFF
[20:40:28] : 측정요구 ON 2
[20:40:37] : 측정요구 2OFF
[20:40:41] : 측정요구3 ON
[20:40:50] : 측정요구3 OFF
[20:40:51] : 측정요구4 ON
[20:41:00] : 측정요구4 OFF
[20:41:00] : 11,20181122-204101,CF18112051721,,OK,MAX,1, ,0.50,7.00,2.77,OK,0.50,7.00,4.05,OK,0.50,7.00,1.57,OK,0.50,7.00,1.31,OK,
[20:41:19] : Cycle start ON
[20:41:22] : Cycle start OFF
[20:41:49] : REQUEST MEAS. ON
[20:41:58] : REQUEST MEAS. OFF
[20:41:59] : 측정요구 ON 2
[20:42:08] : 측정요구 2OFF
[20:42:12] : 측정요구3 ON
[20:42:21] : 측정요구3 OFF
[20:42:23] : 측정요구4 ON
[20:42:32] : 측정요구4 OFF
[20:42:32] : 11,20181122-204232,CF18112052621,,OK,MAX,1, ,0.50,7.00,3.07,OK,0.50,7.00,4.32,OK,0.50,7.00,1.59,OK,0.50,7.00,2.81,OK,
[20:42:50] : Cycle start ON
[20:42:53] : Cycle start OFF
[20:43:20] : REQUEST MEAS. ON
[20:43:28] : REQUEST MEAS. OFF
[20:43:30] : 측정요구 ON 2
[20:43:39] : 측정요구 2OFF
[20:43:44] : 측정요구3 ON
[20:43:53] : 측정요구3 OFF
[20:43:54] : 측정요구4 ON
[20:44:03] : 측정요구4 OFF
[20:44:03] : 11,20181122-204404,CF18112052831,,OK,MAX,1, ,0.50,7.00,2.40,OK,0.50,7.00,4.51,OK,0.50,7.00,1.42,OK,0.50,7.00,1.91,OK,
[20:44:23] : Cycle start ON
[20:44:25] : Cycle start OFF
[20:44:52] : REQUEST MEAS. ON
[20:45:01] : REQUEST MEAS. OFF
[20:45:02] : 측정요구 ON 2
[20:45:11] : 측정요구 2OFF
[20:45:15] : 측정요구3 ON
[20:45:24] : 측정요구3 OFF
[20:45:26] : 측정요구4 ON
[20:45:35] : 측정요구4 OFF
[20:45:35] : 11,20181122-204535,CF18112053501,,OK,MAX,1, ,0.50,7.00,2.14,OK,0.50,7.00,3.73,OK,0.50,7.00,1.60,OK,0.50,7.00,2.06,OK,
[20:45:54] : Cycle start ON
[20:45:57] : Cycle start OFF
[20:46:23] : REQUEST MEAS. ON
[20:46:32] : REQUEST MEAS. OFF
[20:46:33] : 측정요구 ON 2
[20:46:42] : 측정요구 2OFF
[20:46:47] : 측정요구3 ON
[20:46:56] : 측정요구3 OFF
[20:46:57] : 측정요구4 ON
[20:47:06] : 측정요구4 OFF
[20:47:06] : 11,20181122-204707,CF18112053221,,OK,MAX,1, ,0.50,7.00,2.57,OK,0.50,7.00,4.58,OK,0.50,7.00,1.78,OK,0.50,7.00,2.36,OK,
[20:48:57] : AUTO RUNNING OFF
 
