 
[15:56:08] : PROGRAM END
 
[16:01:40] : PROGRAM START
[16:01:43] : AUTO RUNNING OFF
[16:01:43] : REQUEST MEAS. OFF
[16:01:43] : end pos sig1 :-0.010000 - 0.010000
[16:01:43] : end pos sig2 :-0.010000 - 0.010000
[16:01:43] : end pos sig3 :-0.010000 - 0.010000
[16:01:43] : REQUEST ZEROSET OFF
[16:01:43] : REQUEST ZEROSET OFF
[16:01:43] : end pos sig4 :-0.010000 - 0.010000
[16:04:31] : PROGRAM END
 
[16:04:52] : PROGRAM START
[16:04:54] : AUTO RUNNING OFF
[16:04:54] : REQUEST MEAS. OFF
[16:04:54] : end pos sig1 :50.000000 - 50.000000
[16:04:54] : end pos sig2 :50.000000 - 50.000000
[16:04:54] : end pos sig3 :50.000000 - 50.000000
[16:04:54] : REQUEST ZEROSET OFF
[16:04:54] : REQUEST ZEROSET OFF
[16:04:54] : end pos sig4 :50.000000 - 50.000000
[16:05:19] : PROGRAM END
 
[16:12:01] : PROGRAM START
[16:12:04] : AUTO RUNNING OFF
[16:12:04] : REQUEST MEAS. OFF
[16:12:04] : end pos sig1 :50.000000 - 50.000000
[16:12:04] : end pos sig2 :50.000000 - 50.000000
[16:12:04] : end pos sig3 :50.000000 - 50.000000
[16:12:04] : REQUEST ZEROSET OFF
[16:12:04] : REQUEST ZEROSET OFF
[16:12:04] : end pos sig4 :50.000000 - 50.000000
[16:13:13] : PROGRAM END
 
[16:13:17] : PROGRAM START
[16:13:20] : AUTO RUNNING OFF
[16:13:20] : REQUEST MEAS. OFF
[16:13:20] : end pos sig1 :50.000000 - 50.000000
[16:13:20] : end pos sig2 :50.000000 - 50.000000
[16:13:20] : end pos sig3 :50.000000 - 50.000000
[16:13:20] : REQUEST ZEROSET OFF
[16:13:20] : REQUEST ZEROSET OFF
[16:13:20] : end pos sig4 :50.000000 - 50.000000
[16:17:18] : PROGRAM END
 
[16:19:25] : PROGRAM START
[16:19:27] : AUTO RUNNING OFF
[16:19:27] : REQUEST MEAS. OFF
[16:19:27] : end pos sig1 :50.000000 - 50.000000
[16:19:27] : end pos sig2 :50.000000 - 50.000000
[16:19:27] : end pos sig3 :50.000000 - 50.000000
[16:19:27] : REQUEST ZEROSET OFF
[16:19:27] : REQUEST ZEROSET OFF
[16:19:27] : end pos sig4 :50.000000 - 50.000000
[16:21:03] : PROGRAM END
 
[16:21:15] : PROGRAM START
[16:21:17] : AUTO RUNNING OFF
[16:21:17] : REQUEST MEAS. OFF
[16:21:17] : end pos sig1 :50.000000 - 50.000000
[16:21:17] : end pos sig2 :50.000000 - 50.000000
[16:21:17] : end pos sig3 :50.000000 - 50.000000
[16:21:17] : REQUEST ZEROSET OFF
[16:21:17] : REQUEST ZEROSET OFF
[16:21:17] : end pos sig4 :50.000000 - 50.000000
[17:05:39] : PROGRAM END
 
[17:06:42] : PROGRAM START
[17:06:44] : AUTO RUNNING OFF
[17:06:44] : REQUEST MEAS. OFF
[17:06:44] : end pos sig1 :50.000000 - 50.000000
[17:06:44] : end pos sig2 :50.000000 - 50.000000
[17:06:44] : end pos sig3 :50.000000 - 50.000000
[17:06:44] : REQUEST ZEROSET OFF
[17:06:44] : REQUEST ZEROSET OFF
[17:06:44] : end pos sig4 :50.000000 - 50.000000
 
