[09:33:18] : Cycle start ON
[09:33:18] : Cycle start OFF
[09:33:24] : REQUEST MEAS. ON
[09:33:33] : REQUEST MEAS. OFF
[09:33:33] : end pos sig1 :50.000000 - 50.000000
[09:33:33] : 측정요구 ON 2
[09:33:43] : 측정요구 2OFF
[09:33:43] : end pos sig2 :-50.000000 - -50.000000
[09:33:48] : 측정요구3 ON
[09:33:57] : 측정요구3 OFF
[09:33:57] : end pos sig3 :50.000000 - 50.000000
[09:33:57] : 측정요구4 ON
[09:34:07] : 측정요구4 OFF
[09:34:07] : end pos sig4 :-50.000000 - -50.000000
[09:35:18] : Cycle start ON
[09:35:18] : Cycle start OFF
[09:35:23] : REQUEST MEAS. ON
[09:35:33] : REQUEST MEAS. OFF
[09:35:33] : end pos sig1 :50.000000 - 50.000000
[09:35:33] : 측정요구 ON 2
[09:35:42] : 측정요구 2OFF
[09:35:42] : end pos sig2 :-50.000000 - -50.000000
[09:35:48] : 측정요구3 ON
[09:35:57] : 측정요구3 OFF
[09:35:57] : end pos sig3 :50.000000 - 50.000000
[09:35:57] : 측정요구4 ON
[09:36:06] : 측정요구4 OFF
[09:36:06] : end pos sig4 :-50.000000 - -50.000000
[09:36:16] : Cycle start ON
[09:36:16] : Cycle start OFF
[09:36:22] : REQUEST MEAS. ON
[09:36:31] : REQUEST MEAS. OFF
[09:36:31] : end pos sig1 :50.000000 - 50.000000
[09:36:31] : 측정요구 ON 2
[09:36:40] : 측정요구 2OFF
[09:36:40] : end pos sig2 :-50.000000 - -50.000000
[09:36:46] : 측정요구3 ON
[09:36:55] : 측정요구3 OFF
[09:36:55] : end pos sig3 :50.000000 - 50.000000
[09:36:55] : 측정요구4 ON
[09:37:04] : 측정요구4 OFF
[09:37:04] : end pos sig4 :-50.000000 - -50.000000
[09:37:13] : Cycle start ON
[09:37:13] : Cycle start OFF
[09:37:18] : REQUEST MEAS. ON
[09:37:28] : REQUEST MEAS. OFF
[09:37:28] : end pos sig1 :50.000000 - 50.000000
[09:37:28] : 측정요구 ON 2
[09:37:37] : 측정요구 2OFF
[09:37:37] : end pos sig2 :-47.020000 - -46.890000
[09:37:42] : 측정요구3 ON
[09:37:51] : 측정요구3 OFF
[09:37:51] : end pos sig3 :50.000000 - 50.000000
[09:37:51] : 측정요구4 ON
[09:38:01] : 측정요구4 OFF
[09:38:01] : end pos sig4 :-50.000000 - -50.000000
[09:54:04] : Cycle start ON
[09:54:05] : Cycle start OFF
[09:54:10] : REQUEST MEAS. ON
[09:54:19] : REQUEST MEAS. OFF
[09:54:19] : end pos sig1 :50.000000 - 50.000000
[09:54:19] : 측정요구 ON 2
[09:54:29] : 측정요구 2OFF
[09:54:29] : end pos sig2 :-50.000000 - -50.000000
[09:54:34] : 측정요구3 ON
[09:54:43] : 측정요구3 OFF
[09:54:43] : end pos sig3 :50.000000 - 50.000000
[09:54:43] : 측정요구4 ON
[09:54:53] : 측정요구4 OFF
[09:54:53] : end pos sig4 :-50.000000 - -50.000000
[09:56:03] : Cycle start ON
[09:56:03] : Cycle start OFF
[09:56:09] : REQUEST MEAS. ON
[09:56:18] : REQUEST MEAS. OFF
[09:56:18] : end pos sig1 :50.000000 - 50.000000
[09:56:18] : 측정요구 ON 2
[09:56:28] : 측정요구 2OFF
[09:56:28] : end pos sig2 :-50.000000 - -50.000000
[09:56:33] : 측정요구3 ON
[09:56:42] : 측정요구3 OFF
[09:56:42] : end pos sig3 :50.000000 - 50.000000
[09:56:42] : 측정요구4 ON
[09:56:52] : 측정요구4 OFF
[09:56:52] : end pos sig4 :-50.000000 - -50.000000
[09:57:28] : Cycle start ON
[09:57:29] : Cycle start OFF
[09:57:34] : REQUEST MEAS. ON
[09:57:43] : REQUEST MEAS. OFF
[09:57:43] : end pos sig1 :50.000000 - 50.000000
[09:57:43] : 측정요구 ON 2
[09:57:53] : 측정요구 2OFF
[09:57:53] : end pos sig2 :-50.000000 - -50.000000
[09:57:58] : 측정요구3 ON
[09:58:07] : 측정요구3 OFF
[09:58:07] : end pos sig3 :50.000000 - 50.000000
[09:58:07] : 측정요구4 ON
[09:58:17] : 측정요구4 OFF
[09:58:17] : end pos sig4 :-50.000000 - -50.000000
[09:58:23] : Cycle start ON
[09:58:23] : Cycle start OFF
[09:58:28] : REQUEST MEAS. ON
[09:58:37] : REQUEST MEAS. OFF
[09:58:37] : end pos sig1 :50.000000 - 50.000000
[09:58:37] : 측정요구 ON 2
[09:58:47] : 측정요구 2OFF
[09:58:47] : end pos sig2 :-50.000000 - -50.000000
[09:58:53] : 측정요구3 ON
[09:59:02] : 측정요구3 OFF
[09:59:02] : end pos sig3 :50.000000 - 50.000000
[09:59:02] : 측정요구4 ON
[09:59:11] : 측정요구4 OFF
[09:59:11] : end pos sig4 :-50.000000 - -50.000000
[09:59:32] : Cycle start ON
[09:59:33] : Cycle start OFF
[09:59:38] : REQUEST MEAS. ON
[09:59:47] : REQUEST MEAS. OFF
[09:59:47] : end pos sig1 :50.000000 - 50.000000
[09:59:47] : 측정요구 ON 2
[09:59:56] : 측정요구 2OFF
[09:59:56] : end pos sig2 :-50.000000 - -50.000000
[10:00:02] : 측정요구3 ON
[10:00:11] : 측정요구3 OFF
[10:00:11] : end pos sig3 :50.000000 - 50.000000
[10:00:11] : 측정요구4 ON
[10:00:20] : 측정요구4 OFF
[10:00:20] : end pos sig4 :-50.000000 - -50.000000
[10:02:11] : Cycle start ON
[10:02:12] : Cycle start OFF
[10:02:17] : REQUEST MEAS. ON
[10:02:26] : REQUEST MEAS. OFF
[10:02:26] : end pos sig1 :50.000000 - 50.000000
[10:02:26] : 측정요구 ON 2
[10:02:36] : 측정요구 2OFF
[10:02:36] : end pos sig2 :-50.000000 - -50.000000
[10:02:41] : 측정요구3 ON
[10:02:50] : 측정요구3 OFF
[10:02:50] : end pos sig3 :50.000000 - 50.000000
[10:02:50] : 측정요구4 ON
[10:03:00] : 측정요구4 OFF
[10:03:00] : end pos sig4 :-50.000000 - -50.000000
[10:03:56] : Cycle start ON
[10:03:56] : Cycle start OFF
[10:04:02] : REQUEST MEAS. ON
[10:04:11] : REQUEST MEAS. OFF
[10:04:11] : end pos sig1 :50.000000 - 50.000000
[10:04:11] : 측정요구 ON 2
[10:04:20] : 측정요구 2OFF
[10:04:20] : end pos sig2 :-50.000000 - -50.000000
[10:04:26] : 측정요구3 ON
[10:04:35] : 측정요구3 OFF
[10:04:35] : end pos sig3 :50.000000 - 50.000000
[10:04:35] : 측정요구4 ON
[10:04:44] : 측정요구4 OFF
[10:04:44] : end pos sig4 :-50.000000 - -50.000000
[10:05:51] : Cycle start ON
[10:05:52] : Cycle start OFF
[10:05:57] : REQUEST MEAS. ON
[10:06:06] : REQUEST MEAS. OFF
[10:06:06] : end pos sig1 :50.000000 - 50.000000
[10:06:06] : 측정요구 ON 2
[10:06:16] : 측정요구 2OFF
[10:06:16] : end pos sig2 :-50.000000 - -50.000000
[10:06:21] : 측정요구3 ON
[10:06:30] : 측정요구3 OFF
[10:06:30] : end pos sig3 :50.000000 - 50.000000
[10:06:30] : 측정요구4 ON
[10:06:40] : 측정요구4 OFF
[10:06:40] : end pos sig4 :-50.000000 - -50.000000
[10:07:45] : Cycle start ON
[10:07:46] : Cycle start OFF
[10:07:51] : REQUEST MEAS. ON
[10:08:00] : REQUEST MEAS. OFF
[10:08:00] : end pos sig1 :50.000000 - 50.000000
[10:08:00] : 측정요구 ON 2
[10:08:10] : 측정요구 2OFF
[10:08:10] : end pos sig2 :-50.000000 - -50.000000
[10:08:15] : 측정요구3 ON
[10:08:24] : 측정요구3 OFF
[10:08:24] : end pos sig3 :50.000000 - 50.000000
[10:08:24] : 측정요구4 ON
[10:08:34] : 측정요구4 OFF
[10:08:34] : end pos sig4 :-50.000000 - -50.000000
[10:10:50] : Cycle start ON
[10:10:50] : Cycle start OFF
[10:10:55] : REQUEST MEAS. ON
[10:11:04] : REQUEST MEAS. OFF
[10:11:04] : end pos sig1 :50.000000 - 50.000000
[10:11:05] : 측정요구 ON 2
[10:11:14] : 측정요구 2OFF
[10:11:14] : end pos sig2 :-50.000000 - -50.000000
[10:11:19] : 측정요구3 ON
[10:11:28] : 측정요구3 OFF
[10:11:28] : end pos sig3 :50.000000 - 50.000000
[10:11:28] : 측정요구4 ON
[10:11:38] : 측정요구4 OFF
[10:11:38] : end pos sig4 :-50.000000 - -50.000000
[10:12:56] : Cycle start ON
[10:12:56] : Cycle start OFF
[10:13:01] : REQUEST MEAS. ON
[10:13:11] : REQUEST MEAS. OFF
[10:13:11] : end pos sig1 :50.000000 - 50.000000
[10:13:11] : 측정요구 ON 2
[10:13:20] : 측정요구 2OFF
[10:13:20] : end pos sig2 :-50.000000 - -50.000000
[10:13:26] : 측정요구3 ON
[10:13:35] : 측정요구3 OFF
[10:13:35] : end pos sig3 :50.000000 - 50.000000
[10:13:35] : 측정요구4 ON
[10:13:44] : 측정요구4 OFF
[10:13:44] : end pos sig4 :-50.000000 - -50.000000
[10:13:51] : Cycle start ON
[10:13:51] : Cycle start OFF
[10:13:57] : REQUEST MEAS. ON
[10:14:06] : REQUEST MEAS. OFF
[10:14:06] : end pos sig1 :50.000000 - 50.000000
[10:14:06] : 측정요구 ON 2
[10:14:15] : 측정요구 2OFF
[10:14:15] : end pos sig2 :-50.000000 - -50.000000
[10:14:21] : 측정요구3 ON
[10:14:30] : 측정요구3 OFF
[10:14:30] : end pos sig3 :50.000000 - 50.000000
[10:14:30] : 측정요구4 ON
[10:14:39] : 측정요구4 OFF
[10:14:39] : end pos sig4 :-50.000000 - -50.000000
[10:14:53] : Cycle start ON
[10:14:53] : Cycle start OFF
[10:14:58] : REQUEST MEAS. ON
[10:15:07] : REQUEST MEAS. OFF
[10:15:07] : end pos sig1 :50.000000 - 50.000000
[10:15:07] : 측정요구 ON 2
[10:15:17] : 측정요구 2OFF
[10:15:17] : end pos sig2 :-50.000000 - -50.000000
[10:15:22] : 측정요구3 ON
[10:15:31] : 측정요구3 OFF
[10:15:31] : end pos sig3 :50.000000 - 50.000000
[10:15:31] : 측정요구4 ON
[10:15:41] : 측정요구4 OFF
[10:15:41] : end pos sig4 :-50.000000 - -50.000000
[10:16:22] : Cycle start ON
[10:16:23] : Cycle start OFF
[10:16:28] : REQUEST MEAS. ON
[10:16:37] : REQUEST MEAS. OFF
[10:16:37] : end pos sig1 :50.000000 - 50.000000
[10:16:37] : 측정요구 ON 2
[10:16:47] : 측정요구 2OFF
[10:16:47] : end pos sig2 :-50.000000 - -50.000000
[10:16:52] : 측정요구3 ON
[10:17:01] : 측정요구3 OFF
[10:17:01] : end pos sig3 :50.000000 - 50.000000
[10:17:01] : 측정요구4 ON
[10:17:11] : 측정요구4 OFF
[10:17:11] : end pos sig4 :-50.000000 - -50.000000
[10:18:32] : Cycle start ON
[10:18:32] : Cycle start OFF
[10:18:38] : REQUEST MEAS. ON
[10:18:47] : REQUEST MEAS. OFF
[10:18:47] : end pos sig1 :50.000000 - 50.000000
[10:18:47] : 측정요구 ON 2
[10:18:57] : 측정요구 2OFF
[10:18:57] : end pos sig2 :-50.000000 - -50.000000
[10:19:02] : 측정요구3 ON
[10:19:11] : 측정요구3 OFF
[10:19:11] : end pos sig3 :50.000000 - 50.000000
[10:19:11] : 측정요구4 ON
[10:19:20] : 측정요구4 OFF
[10:19:20] : end pos sig4 :-50.000000 - -50.000000
[10:22:38] : Cycle start ON
[10:22:39] : Cycle start OFF
[10:22:44] : REQUEST MEAS. ON
[10:22:53] : REQUEST MEAS. OFF
[10:22:53] : end pos sig1 :50.000000 - 50.000000
[10:22:53] : 측정요구 ON 2
[10:23:03] : 측정요구 2OFF
[10:23:03] : end pos sig2 :-50.000000 - -50.000000
[10:23:08] : 측정요구3 ON
[10:23:17] : 측정요구3 OFF
[10:23:17] : end pos sig3 :50.000000 - 50.000000
[10:23:17] : 측정요구4 ON
[10:23:27] : 측정요구4 OFF
[10:23:27] : end pos sig4 :-50.000000 - -50.000000
[10:25:20] : Cycle start ON
[10:25:20] : Cycle start OFF
[10:25:25] : REQUEST MEAS. ON
[10:25:34] : REQUEST MEAS. OFF
[10:25:34] : end pos sig1 :50.000000 - 50.000000
[10:25:34] : 측정요구 ON 2
[10:25:44] : 측정요구 2OFF
[10:25:44] : end pos sig2 :-50.000000 - -50.000000
[10:25:49] : 측정요구3 ON
[10:25:58] : 측정요구3 OFF
[10:25:58] : end pos sig3 :50.000000 - 50.000000
[10:25:58] : 측정요구4 ON
[10:26:08] : 측정요구4 OFF
[10:26:08] : end pos sig4 :-50.000000 - -50.000000
[10:26:15] : Cycle start ON
[10:26:16] : Cycle start OFF
[10:26:21] : REQUEST MEAS. ON
[10:26:30] : REQUEST MEAS. OFF
[10:26:30] : end pos sig1 :50.000000 - 50.000000
[10:26:30] : 측정요구 ON 2
[10:26:40] : 측정요구 2OFF
[10:26:40] : end pos sig2 :-50.000000 - -50.000000
[10:26:45] : 측정요구3 ON
[10:26:54] : 측정요구3 OFF
[10:26:54] : end pos sig3 :50.000000 - 50.000000
[10:26:54] : 측정요구4 ON
[10:27:04] : 측정요구4 OFF
[10:27:04] : end pos sig4 :-50.000000 - -50.000000
[10:27:36] : Cycle start ON
[10:27:36] : Cycle start OFF
[10:27:41] : REQUEST MEAS. ON
[10:27:50] : REQUEST MEAS. OFF
[10:27:50] : end pos sig1 :50.000000 - 50.000000
[10:27:51] : 측정요구 ON 2
[10:28:00] : 측정요구 2OFF
[10:28:00] : end pos sig2 :-50.000000 - -50.000000
[10:28:05] : 측정요구3 ON
[10:28:14] : 측정요구3 OFF
[10:28:14] : end pos sig3 :50.000000 - 50.000000
[10:28:14] : 측정요구4 ON
[10:28:24] : 측정요구4 OFF
[10:28:24] : end pos sig4 :-50.000000 - -50.000000
[10:28:34] : Cycle start ON
[10:28:35] : Cycle start OFF
[10:28:40] : REQUEST MEAS. ON
[10:28:49] : REQUEST MEAS. OFF
[10:28:49] : end pos sig1 :50.000000 - 50.000000
[10:28:49] : 측정요구 ON 2
[10:28:59] : 측정요구 2OFF
[10:28:59] : end pos sig2 :-50.000000 - -50.000000
[10:29:04] : 측정요구3 ON
[10:29:13] : 측정요구3 OFF
[10:29:13] : end pos sig3 :50.000000 - 50.000000
[10:29:13] : 측정요구4 ON
[10:29:23] : 측정요구4 OFF
[10:29:23] : end pos sig4 :-50.000000 - -50.000000
[10:29:59] : Cycle start ON
[10:29:59] : Cycle start OFF
[10:30:04] : REQUEST MEAS. ON
[10:30:13] : REQUEST MEAS. OFF
[10:30:13] : end pos sig1 :50.000000 - 50.000000
[10:30:13] : 측정요구 ON 2
[10:30:23] : 측정요구 2OFF
[10:30:23] : end pos sig2 :-50.000000 - -50.000000
[10:30:29] : 측정요구3 ON
[10:30:38] : 측정요구3 OFF
[10:30:38] : end pos sig3 :50.000000 - 50.000000
[10:30:38] : 측정요구4 ON
[10:30:47] : 측정요구4 OFF
[10:30:47] : end pos sig4 :-50.000000 - -50.000000
[10:30:55] : Cycle start ON
[10:30:55] : Cycle start OFF
[10:31:01] : REQUEST MEAS. ON
[10:31:10] : REQUEST MEAS. OFF
[10:31:10] : end pos sig1 :50.000000 - 50.000000
[10:31:10] : 측정요구 ON 2
[10:31:19] : 측정요구 2OFF
[10:31:19] : end pos sig2 :-50.000000 - -50.000000
[10:31:25] : 측정요구3 ON
[10:31:34] : 측정요구3 OFF
[10:31:34] : end pos sig3 :50.000000 - 50.000000
[10:31:34] : 측정요구4 ON
[10:31:43] : 측정요구4 OFF
[10:31:43] : end pos sig4 :-50.000000 - -50.000000
[10:33:27] : Cycle start ON
[10:33:27] : Cycle start OFF
[10:33:33] : REQUEST MEAS. ON
[10:33:42] : REQUEST MEAS. OFF
[10:33:42] : end pos sig1 :50.000000 - 50.000000
[10:33:42] : 측정요구 ON 2
[10:33:51] : 측정요구 2OFF
[10:33:51] : end pos sig2 :-50.000000 - -50.000000
[10:33:57] : 측정요구3 ON
[10:34:06] : 측정요구3 OFF
[10:34:06] : end pos sig3 :50.000000 - 50.000000
[10:34:06] : 측정요구4 ON
[10:34:15] : 측정요구4 OFF
[10:34:15] : end pos sig4 :-50.000000 - -50.000000
[10:42:12] : Cycle start ON
[10:42:12] : Cycle start OFF
[10:42:18] : REQUEST MEAS. ON
[10:42:27] : REQUEST MEAS. OFF
[10:42:27] : end pos sig1 :50.000000 - 50.000000
[10:42:27] : 측정요구 ON 2
[10:42:36] : 측정요구 2OFF
[10:42:36] : end pos sig2 :-50.000000 - -50.000000
[10:42:41] : 측정요구3 ON
[10:42:50] : 측정요구3 OFF
[10:42:50] : end pos sig3 :50.000000 - 50.000000
[10:42:50] : 측정요구4 ON
[10:43:00] : 측정요구4 OFF
[10:43:00] : end pos sig4 :-50.000000 - -50.000000
[10:43:39] : Cycle start ON
[10:43:39] : Cycle start OFF
[10:43:44] : REQUEST MEAS. ON
[10:43:53] : REQUEST MEAS. OFF
[10:43:53] : end pos sig1 :50.000000 - 50.000000
[10:43:53] : 측정요구 ON 2
[10:44:03] : 측정요구 2OFF
[10:44:03] : end pos sig2 :-50.000000 - -50.000000
[10:44:09] : 측정요구3 ON
[10:44:18] : 측정요구3 OFF
[10:44:18] : end pos sig3 :50.000000 - 50.000000
[10:44:18] : 측정요구4 ON
[10:44:27] : 측정요구4 OFF
[10:44:27] : end pos sig4 :-50.000000 - -50.000000
[10:44:42] : Cycle start ON
[10:44:43] : Cycle start OFF
[10:44:48] : REQUEST MEAS. ON
[10:44:57] : REQUEST MEAS. OFF
[10:44:57] : end pos sig1 :50.000000 - 50.000000
[10:44:57] : 측정요구 ON 2
[10:45:06] : 측정요구 2OFF
[10:45:06] : end pos sig2 :-50.000000 - -50.000000
[10:45:12] : 측정요구3 ON
[10:45:21] : 측정요구3 OFF
[10:45:21] : end pos sig3 :50.000000 - 50.000000
[10:45:21] : 측정요구4 ON
[10:45:30] : 측정요구4 OFF
[10:45:30] : end pos sig4 :-50.000000 - -50.000000
[10:45:47] : Cycle start ON
[10:45:48] : Cycle start OFF
[10:45:53] : REQUEST MEAS. ON
[10:46:02] : REQUEST MEAS. OFF
[10:46:02] : end pos sig1 :50.000000 - 50.000000
[10:46:02] : 측정요구 ON 2
[10:46:11] : 측정요구 2OFF
[10:46:11] : end pos sig2 :-50.000000 - -50.000000
[10:46:17] : 측정요구3 ON
[10:46:26] : 측정요구3 OFF
[10:46:26] : end pos sig3 :50.000000 - 50.000000
[10:46:26] : 측정요구4 ON
[10:46:35] : 측정요구4 OFF
[10:46:35] : end pos sig4 :-50.000000 - -50.000000
[10:46:55] : Cycle start ON
[10:46:56] : Cycle start OFF
[10:47:01] : REQUEST MEAS. ON
[10:47:10] : REQUEST MEAS. OFF
[10:47:10] : end pos sig1 :50.000000 - 50.000000
[10:47:10] : 측정요구 ON 2
[10:47:20] : 측정요구 2OFF
[10:47:20] : end pos sig2 :-50.000000 - -50.000000
[10:47:25] : 측정요구3 ON
[10:47:34] : 측정요구3 OFF
[10:47:34] : end pos sig3 :50.000000 - 50.000000
[10:47:34] : 측정요구4 ON
[10:47:44] : 측정요구4 OFF
[10:47:44] : end pos sig4 :-50.000000 - -50.000000
 
[14:03:11] : Cycle start ON
[14:03:11] : Cycle start OFF
[14:03:17] : REQUEST MEAS. ON
[14:03:26] : REQUEST MEAS. OFF
[14:03:26] : end pos sig1 :50.000000 - 50.000000
[14:03:26] : 측정요구 ON 2
[14:03:36] : 측정요구 2OFF
[14:03:36] : end pos sig2 :-50.000000 - -50.000000
[14:03:41] : 측정요구3 ON
[14:03:50] : 측정요구3 OFF
[14:03:50] : end pos sig3 :50.000000 - 50.000000
[14:03:50] : 측정요구4 ON
[14:04:00] : 측정요구4 OFF
[14:04:00] : end pos sig4 :-50.000000 - -50.000000
[14:05:08] : Cycle start ON
[14:05:09] : Cycle start OFF
[14:05:14] : REQUEST MEAS. ON
[14:05:23] : REQUEST MEAS. OFF
[14:05:23] : end pos sig1 :50.000000 - 50.000000
[14:05:23] : 측정요구 ON 2
[14:05:33] : 측정요구 2OFF
[14:05:33] : end pos sig2 :-50.000000 - -50.000000
[14:05:38] : 측정요구3 ON
[14:05:47] : 측정요구3 OFF
[14:05:47] : end pos sig3 :50.000000 - 50.000000
[14:05:47] : 측정요구4 ON
[14:05:57] : 측정요구4 OFF
[14:05:57] : end pos sig4 :-50.000000 - -50.000000
[14:06:55] : Cycle start ON
[14:06:55] : Cycle start OFF
[14:07:00] : REQUEST MEAS. ON
[14:07:09] : REQUEST MEAS. OFF
[14:07:09] : end pos sig1 :50.000000 - 50.000000
[14:07:09] : 측정요구 ON 2
[14:07:19] : 측정요구 2OFF
[14:07:19] : end pos sig2 :-50.000000 - -50.000000
[14:07:25] : 측정요구3 ON
[14:07:34] : 측정요구3 OFF
[14:07:34] : end pos sig3 :50.000000 - 50.000000
[14:07:34] : 측정요구4 ON
[14:07:43] : 측정요구4 OFF
[14:07:43] : end pos sig4 :-50.000000 - -50.000000
[14:08:42] : Cycle start ON
[14:08:42] : Cycle start OFF
[14:08:48] : REQUEST MEAS. ON
[14:08:57] : REQUEST MEAS. OFF
[14:08:57] : end pos sig1 :50.000000 - 50.000000
[14:08:57] : 측정요구 ON 2
[14:09:06] : 측정요구 2OFF
[14:09:06] : end pos sig2 :-50.000000 - -50.000000
[14:09:11] : 측정요구3 ON
[14:09:20] : 측정요구3 OFF
[14:09:20] : end pos sig3 :50.000000 - 50.000000
[14:09:20] : 측정요구4 ON
[14:09:30] : 측정요구4 OFF
[14:09:30] : end pos sig4 :-50.000000 - -50.000000
[14:10:36] : Cycle start ON
[14:10:36] : Cycle start OFF
[14:10:41] : REQUEST MEAS. ON
[14:10:50] : REQUEST MEAS. OFF
[14:10:50] : end pos sig1 :50.000000 - 50.000000
[14:10:50] : 측정요구 ON 2
[14:11:00] : 측정요구 2OFF
[14:11:00] : end pos sig2 :-50.000000 - -50.000000
[14:11:05] : 측정요구3 ON
[14:11:14] : 측정요구3 OFF
[14:11:14] : end pos sig3 :50.000000 - 50.000000
[14:11:14] : 측정요구4 ON
[14:11:24] : 측정요구4 OFF
[14:11:24] : end pos sig4 :-50.000000 - -50.000000
[14:12:30] : Cycle start ON
[14:12:30] : Cycle start OFF
[14:12:36] : REQUEST MEAS. ON
[14:12:45] : REQUEST MEAS. OFF
[14:12:45] : end pos sig1 :50.000000 - 50.000000
[14:12:45] : 측정요구 ON 2
[14:12:55] : 측정요구 2OFF
[14:12:55] : end pos sig2 :-50.000000 - -50.000000
[14:13:00] : 측정요구3 ON
[14:13:09] : 측정요구3 OFF
[14:13:09] : end pos sig3 :50.000000 - 50.000000
[14:13:09] : 측정요구4 ON
[14:13:19] : 측정요구4 OFF
[14:13:19] : end pos sig4 :-50.000000 - -50.000000
[14:14:23] : Cycle start ON
[14:14:24] : Cycle start OFF
[14:14:29] : REQUEST MEAS. ON
[14:14:38] : REQUEST MEAS. OFF
[14:14:38] : end pos sig1 :50.000000 - 50.000000
[14:14:38] : 측정요구 ON 2
[14:14:48] : 측정요구 2OFF
[14:14:48] : end pos sig2 :-50.000000 - -50.000000
[14:14:53] : 측정요구3 ON
[14:15:02] : 측정요구3 OFF
[14:15:02] : end pos sig3 :50.000000 - 50.000000
[14:15:02] : 측정요구4 ON
[14:15:12] : 측정요구4 OFF
[14:15:12] : end pos sig4 :-50.000000 - -50.000000
[14:16:37] : Cycle start ON
[14:16:37] : Cycle start OFF
[14:16:42] : REQUEST MEAS. ON
[14:16:51] : REQUEST MEAS. OFF
[14:16:51] : end pos sig1 :50.000000 - 50.000000
[14:16:51] : 측정요구 ON 2
[14:17:01] : 측정요구 2OFF
[14:17:01] : end pos sig2 :-50.000000 - -50.000000
[14:17:07] : 측정요구3 ON
[14:17:16] : 측정요구3 OFF
[14:17:16] : end pos sig3 :50.000000 - 50.000000
[14:17:16] : 측정요구4 ON
[14:17:25] : 측정요구4 OFF
[14:17:25] : end pos sig4 :-50.000000 - -50.000000
[14:18:14] : Cycle start ON
[14:18:14] : Cycle start OFF
[14:18:20] : REQUEST MEAS. ON
[14:18:29] : REQUEST MEAS. OFF
[14:18:29] : end pos sig1 :50.000000 - 50.000000
[14:18:29] : 측정요구 ON 2
[14:18:39] : 측정요구 2OFF
[14:18:39] : end pos sig2 :-50.000000 - -50.000000
[14:18:44] : 측정요구3 ON
[14:18:53] : 측정요구3 OFF
[14:18:53] : end pos sig3 :50.000000 - 50.000000
[14:18:53] : 측정요구4 ON
[14:19:03] : 측정요구4 OFF
[14:19:03] : end pos sig4 :-50.000000 - -50.000000
[14:19:43] : Cycle start ON
[14:19:43] : Cycle start OFF
[14:19:49] : REQUEST MEAS. ON
[14:19:58] : REQUEST MEAS. OFF
[14:19:58] : end pos sig1 :50.000000 - 50.000000
[14:19:58] : 측정요구 ON 2
[14:20:08] : 측정요구 2OFF
[14:20:08] : end pos sig2 :-50.000000 - -50.000000
[14:20:13] : 측정요구3 ON
[14:20:22] : 측정요구3 OFF
[14:20:22] : end pos sig3 :50.000000 - 50.000000
[14:20:22] : 측정요구4 ON
[14:20:32] : 측정요구4 OFF
[14:20:32] : end pos sig4 :-50.000000 - -50.000000
[14:27:33] : Cycle start ON
[14:27:33] : Cycle start OFF
[14:27:39] : REQUEST MEAS. ON
[14:27:48] : REQUEST MEAS. OFF
[14:27:48] : end pos sig1 :50.000000 - 50.000000
[14:27:48] : 측정요구 ON 2
[14:27:57] : 측정요구 2OFF
[14:27:57] : end pos sig2 :-50.000000 - -50.000000
[14:28:03] : 측정요구3 ON
[14:28:12] : 측정요구3 OFF
[14:28:12] : end pos sig3 :50.000000 - 50.000000
[14:28:12] : 측정요구4 ON
[14:28:21] : 측정요구4 OFF
[14:28:21] : end pos sig4 :-50.000000 - -50.000000
[14:31:37] : Cycle start ON
[14:31:38] : Cycle start OFF
[14:31:43] : REQUEST MEAS. ON
[14:31:52] : REQUEST MEAS. OFF
[14:31:52] : end pos sig1 :50.000000 - 50.000000
[14:31:52] : 측정요구 ON 2
[14:32:01] : 측정요구 2OFF
[14:32:01] : end pos sig2 :-50.000000 - -50.000000
[14:32:07] : 측정요구3 ON
[14:32:16] : 측정요구3 OFF
[14:32:16] : end pos sig3 :50.000000 - 50.000000
[14:32:16] : 측정요구4 ON
[14:32:25] : 측정요구4 OFF
[14:32:25] : end pos sig4 :-50.000000 - -50.000000
[14:33:33] : Cycle start ON
[14:33:33] : Cycle start OFF
[14:33:38] : REQUEST MEAS. ON
[14:33:47] : REQUEST MEAS. OFF
[14:33:47] : end pos sig1 :50.000000 - 50.000000
[14:33:47] : 측정요구 ON 2
[14:33:57] : 측정요구 2OFF
[14:33:57] : end pos sig2 :-50.000000 - -50.000000
[14:34:02] : 측정요구3 ON
[14:34:11] : 측정요구3 OFF
[14:34:11] : end pos sig3 :50.000000 - 50.000000
[14:34:11] : 측정요구4 ON
[14:34:21] : 측정요구4 OFF
[14:34:21] : end pos sig4 :-50.000000 - -50.000000
[14:34:47] : Cycle start ON
[14:34:48] : Cycle start OFF
[14:34:53] : REQUEST MEAS. ON
[14:35:02] : REQUEST MEAS. OFF
[14:35:02] : end pos sig1 :50.000000 - 50.000000
[14:35:02] : 측정요구 ON 2
[14:35:11] : 측정요구 2OFF
[14:35:11] : end pos sig2 :-50.000000 - -50.000000
[14:35:17] : 측정요구3 ON
[14:35:26] : 측정요구3 OFF
[14:35:26] : end pos sig3 :50.000000 - 50.000000
[14:35:26] : 측정요구4 ON
[14:35:35] : 측정요구4 OFF
[14:35:35] : end pos sig4 :-50.000000 - -50.000000
[14:36:08] : Cycle start ON
[14:36:09] : Cycle start OFF
[14:36:14] : REQUEST MEAS. ON
[14:36:23] : REQUEST MEAS. OFF
[14:36:23] : end pos sig1 :50.000000 - 50.000000
[14:36:23] : 측정요구 ON 2
[14:36:32] : 측정요구 2OFF
[14:36:32] : end pos sig2 :-50.000000 - -50.000000
[14:36:38] : 측정요구3 ON
[14:36:47] : 측정요구3 OFF
[14:36:47] : end pos sig3 :50.000000 - 50.000000
[14:36:47] : 측정요구4 ON
[14:36:56] : 측정요구4 OFF
[14:36:56] : end pos sig4 :-50.000000 - -50.000000
[14:37:08] : Cycle start ON
[14:37:09] : Cycle start OFF
[14:37:14] : REQUEST MEAS. ON
[14:37:23] : REQUEST MEAS. OFF
[14:37:23] : end pos sig1 :50.000000 - 50.000000
[14:37:23] : 측정요구 ON 2
[14:37:32] : 측정요구 2OFF
[14:37:32] : end pos sig2 :-50.000000 - -50.000000
[14:37:38] : 측정요구3 ON
[14:37:47] : 측정요구3 OFF
[14:37:47] : end pos sig3 :50.000000 - 50.000000
[14:37:47] : 측정요구4 ON
[14:37:56] : 측정요구4 OFF
[14:37:56] : end pos sig4 :-50.000000 - -50.000000
[14:38:07] : Cycle start ON
[14:38:07] : Cycle start OFF
[14:38:12] : REQUEST MEAS. ON
[14:38:21] : REQUEST MEAS. OFF
[14:38:21] : end pos sig1 :50.000000 - 50.000000
[14:38:22] : 측정요구 ON 2
[14:38:31] : 측정요구 2OFF
[14:38:31] : end pos sig2 :-50.000000 - -50.000000
[14:38:36] : 측정요구3 ON
[14:38:45] : 측정요구3 OFF
[14:38:45] : end pos sig3 :50.000000 - 50.000000
[14:38:45] : 측정요구4 ON
[14:38:55] : 측정요구4 OFF
[14:38:55] : end pos sig4 :-50.000000 - -50.000000
[14:39:06] : Cycle start ON
[14:39:07] : Cycle start OFF
[14:39:12] : REQUEST MEAS. ON
[14:39:21] : REQUEST MEAS. OFF
[14:39:21] : end pos sig1 :50.000000 - 50.000000
[14:39:21] : 측정요구 ON 2
[14:39:31] : 측정요구 2OFF
[14:39:31] : end pos sig2 :-50.000000 - -50.000000
[14:39:37] : 측정요구3 ON
[14:39:46] : 측정요구3 OFF
[14:39:46] : end pos sig3 :50.000000 - 50.000000
[14:39:46] : 측정요구4 ON
[14:39:55] : 측정요구4 OFF
[14:39:55] : end pos sig4 :-50.000000 - -50.000000
[14:40:27] : Cycle start ON
[14:40:28] : Cycle start OFF
[14:40:33] : REQUEST MEAS. ON
[14:40:42] : REQUEST MEAS. OFF
[14:40:42] : end pos sig1 :50.000000 - 50.000000
[14:40:42] : 측정요구 ON 2
[14:40:51] : 측정요구 2OFF
[14:40:51] : end pos sig2 :-50.000000 - -50.000000
[14:40:57] : 측정요구3 ON
[14:41:06] : 측정요구3 OFF
[14:41:06] : end pos sig3 :50.000000 - 50.000000
[14:41:06] : 측정요구4 ON
[14:41:15] : 측정요구4 OFF
[14:41:15] : end pos sig4 :-50.000000 - -50.000000
[14:41:34] : Cycle start ON
[14:41:34] : Cycle start OFF
[14:41:40] : REQUEST MEAS. ON
[14:41:49] : REQUEST MEAS. OFF
[14:41:49] : end pos sig1 :50.000000 - 50.000000
[14:41:49] : 측정요구 ON 2
[14:41:58] : 측정요구 2OFF
[14:41:58] : end pos sig2 :-50.000000 - -50.000000
[14:42:04] : 측정요구3 ON
[14:42:13] : 측정요구3 OFF
[14:42:13] : end pos sig3 :50.000000 - 50.000000
[14:42:13] : 측정요구4 ON
[14:42:22] : 측정요구4 OFF
[14:42:22] : end pos sig4 :-50.000000 - -50.000000
[14:42:38] : Cycle start ON
[14:42:39] : Cycle start OFF
[14:42:44] : REQUEST MEAS. ON
[14:42:53] : REQUEST MEAS. OFF
[14:42:53] : end pos sig1 :50.000000 - 50.000000
[14:42:53] : 측정요구 ON 2
[14:43:02] : 측정요구 2OFF
[14:43:02] : end pos sig2 :-50.000000 - -50.000000
[14:43:08] : 측정요구3 ON
[14:43:17] : 측정요구3 OFF
[14:43:17] : end pos sig3 :50.000000 - 50.000000
[14:43:17] : 측정요구4 ON
[14:43:26] : 측정요구4 OFF
[14:43:26] : end pos sig4 :-50.000000 - -50.000000
[14:43:32] : Cycle start ON
[14:43:33] : Cycle start OFF
[14:43:38] : REQUEST MEAS. ON
[14:43:47] : REQUEST MEAS. OFF
[14:43:47] : end pos sig1 :50.000000 - 50.000000
[14:43:47] : 측정요구 ON 2
[14:43:56] : 측정요구 2OFF
[14:43:56] : end pos sig2 :-50.000000 - -50.000000
[14:44:02] : 측정요구3 ON
[14:44:11] : 측정요구3 OFF
[14:44:11] : end pos sig3 :50.000000 - 50.000000
[14:44:11] : 측정요구4 ON
[14:44:20] : 측정요구4 OFF
[14:44:20] : end pos sig4 :-50.000000 - -50.000000
[14:44:26] : Cycle start ON
[14:44:27] : Cycle start OFF
[14:44:32] : REQUEST MEAS. ON
[14:44:41] : REQUEST MEAS. OFF
[14:44:41] : end pos sig1 :50.000000 - 50.000000
[14:44:41] : 측정요구 ON 2
[14:44:51] : 측정요구 2OFF
[14:44:51] : end pos sig2 :-50.000000 - -50.000000
[14:44:56] : 측정요구3 ON
[14:45:05] : 측정요구3 OFF
[14:45:05] : end pos sig3 :50.000000 - 50.000000
[14:45:05] : 측정요구4 ON
[14:45:15] : 측정요구4 OFF
[14:45:15] : end pos sig4 :-50.000000 - -50.000000
[14:45:20] : Cycle start ON
[14:45:21] : Cycle start OFF
[14:45:26] : REQUEST MEAS. ON
[14:45:35] : REQUEST MEAS. OFF
[14:45:35] : end pos sig1 :50.000000 - 50.000000
[14:45:35] : 측정요구 ON 2
[14:45:45] : 측정요구 2OFF
[14:45:45] : end pos sig2 :-50.000000 - -50.000000
[14:45:50] : 측정요구3 ON
[14:45:59] : 측정요구3 OFF
[14:45:59] : end pos sig3 :50.000000 - 50.000000
[14:45:59] : 측정요구4 ON
[14:46:09] : 측정요구4 OFF
[14:46:09] : end pos sig4 :-50.000000 - -50.000000
[14:46:14] : Cycle start ON
[14:46:15] : Cycle start OFF
[14:48:41] : REQUEST MEAS. ON
[14:48:50] : REQUEST MEAS. OFF
[14:48:50] : end pos sig1 :50.000000 - 50.000000
[14:48:50] : 측정요구 ON 2
[14:49:00] : 측정요구 2OFF
[14:49:00] : end pos sig2 :-50.000000 - -50.000000
[14:49:06] : 측정요구3 ON
[14:49:15] : 측정요구3 OFF
[14:49:15] : end pos sig3 :50.000000 - 50.000000
[14:49:15] : 측정요구4 ON
[14:49:24] : 측정요구4 OFF
[14:49:24] : end pos sig4 :-50.000000 - -50.000000
[14:49:55] : Cycle start ON
[14:49:55] : Cycle start OFF
[14:50:01] : REQUEST MEAS. ON
[14:50:10] : REQUEST MEAS. OFF
[14:50:10] : end pos sig1 :50.000000 - 50.000000
[14:50:10] : 측정요구 ON 2
[14:50:19] : 측정요구 2OFF
[14:50:19] : end pos sig2 :-50.000000 - -50.000000
[14:50:25] : 측정요구3 ON
[14:50:34] : 측정요구3 OFF
[14:50:34] : end pos sig3 :50.000000 - 50.000000
[14:50:34] : 측정요구4 ON
[14:50:43] : 측정요구4 OFF
[14:50:43] : end pos sig4 :-50.000000 - -50.000000
[14:51:12] : Cycle start ON
[14:51:12] : Cycle start OFF
[14:51:17] : REQUEST MEAS. ON
[14:51:26] : REQUEST MEAS. OFF
[14:51:26] : end pos sig1 :50.000000 - 50.000000
[14:51:26] : 측정요구 ON 2
[14:51:36] : 측정요구 2OFF
[14:51:36] : end pos sig2 :-50.000000 - -50.000000
[14:51:42] : 측정요구3 ON
[14:51:51] : 측정요구3 OFF
[14:51:51] : end pos sig3 :50.000000 - 50.000000
[14:51:51] : 측정요구4 ON
[14:52:00] : 측정요구4 OFF
[14:52:00] : end pos sig4 :-50.000000 - -50.000000
[14:52:06] : Cycle start ON
[14:52:07] : Cycle start OFF
[14:52:12] : REQUEST MEAS. ON
[14:52:21] : REQUEST MEAS. OFF
[14:52:21] : end pos sig1 :50.000000 - 50.000000
[14:52:21] : 측정요구 ON 2
[14:52:31] : 측정요구 2OFF
[14:52:31] : end pos sig2 :-50.000000 - -50.000000
[14:52:36] : 측정요구3 ON
[14:52:45] : 측정요구3 OFF
[14:52:45] : end pos sig3 :50.000000 - 50.000000
[14:52:45] : 측정요구4 ON
[14:52:54] : 측정요구4 OFF
[14:52:54] : end pos sig4 :-50.000000 - -50.000000
[14:53:00] : Cycle start ON
[14:53:01] : Cycle start OFF
[14:53:06] : REQUEST MEAS. ON
[14:53:15] : REQUEST MEAS. OFF
[14:53:15] : end pos sig1 :50.000000 - 50.000000
[14:53:15] : 측정요구 ON 2
[14:53:25] : 측정요구 2OFF
[14:53:25] : end pos sig2 :-50.000000 - -50.000000
[14:53:30] : 측정요구3 ON
[14:53:39] : 측정요구3 OFF
[14:53:39] : end pos sig3 :50.000000 - 50.000000
[14:53:39] : 측정요구4 ON
[14:53:49] : 측정요구4 OFF
[14:53:49] : end pos sig4 :-50.000000 - -50.000000
[14:53:54] : Cycle start ON
[14:53:55] : Cycle start OFF
[14:54:00] : REQUEST MEAS. ON
[14:54:09] : REQUEST MEAS. OFF
[14:54:09] : end pos sig1 :50.000000 - 50.000000
[14:54:09] : 측정요구 ON 2
[14:54:19] : 측정요구 2OFF
[14:54:19] : end pos sig2 :-50.000000 - -50.000000
[14:54:24] : 측정요구3 ON
[14:54:33] : 측정요구3 OFF
[14:54:33] : end pos sig3 :50.000000 - 50.000000
[14:54:33] : 측정요구4 ON
[14:54:43] : 측정요구4 OFF
[14:54:43] : end pos sig4 :-50.000000 - -50.000000
[15:13:51] : Cycle start ON
[15:13:52] : Cycle start OFF
[15:13:57] : REQUEST MEAS. ON
[15:14:06] : REQUEST MEAS. OFF
[15:14:06] : end pos sig1 :50.000000 - 50.000000
[15:14:06] : 측정요구 ON 2
[15:14:16] : 측정요구 2OFF
[15:14:16] : end pos sig2 :-50.000000 - -50.000000
[15:14:22] : 측정요구3 ON
[15:14:31] : 측정요구3 OFF
[15:14:31] : end pos sig3 :50.000000 - 50.000000
[15:14:31] : 측정요구4 ON
[15:14:40] : 측정요구4 OFF
[15:14:40] : end pos sig4 :-50.000000 - -50.000000
[15:22:34] : Cycle start ON
[15:22:35] : Cycle start OFF
[15:22:45] : REQUEST MEAS. ON
[15:22:54] : REQUEST MEAS. OFF
[15:22:54] : end pos sig1 :50.000000 - 50.000000
[15:22:55] : 측정요구 ON 2
[15:23:04] : 측정요구 2OFF
[15:23:04] : end pos sig2 :-50.000000 - -50.000000
[15:23:09] : 측정요구3 ON
[15:23:18] : 측정요구3 OFF
[15:23:18] : end pos sig3 :50.000000 - 50.000000
[15:23:18] : 측정요구4 ON
[15:23:28] : 측정요구4 OFF
[15:23:28] : end pos sig4 :-50.000000 - -50.000000
[15:40:10] : Cycle start ON
[15:40:11] : Cycle start OFF
[15:40:16] : REQUEST MEAS. ON
[15:40:25] : REQUEST MEAS. OFF
[15:40:25] : end pos sig1 :50.000000 - 50.000000
[15:40:25] : 측정요구 ON 2
[15:40:35] : 측정요구 2OFF
[15:40:35] : end pos sig2 :-50.000000 - -50.000000
[15:40:41] : 측정요구3 ON
[15:40:50] : 측정요구3 OFF
[15:40:50] : end pos sig3 :50.000000 - 50.000000
[15:40:50] : 측정요구4 ON
[15:40:59] : 측정요구4 OFF
[15:40:59] : end pos sig4 :-50.000000 - -50.000000
[15:41:14] : Cycle start ON
[15:41:14] : Cycle start OFF
[15:41:19] : REQUEST MEAS. ON
[15:41:28] : REQUEST MEAS. OFF
[15:41:28] : end pos sig1 :50.000000 - 50.000000
[15:41:28] : 측정요구 ON 2
[15:41:38] : 측정요구 2OFF
[15:41:38] : end pos sig2 :-50.000000 - -50.000000
[15:41:43] : 측정요구3 ON
[15:41:52] : 측정요구3 OFF
[15:41:52] : end pos sig3 :50.000000 - 50.000000
[15:41:52] : 측정요구4 ON
[15:42:02] : 측정요구4 OFF
[15:42:02] : end pos sig4 :-50.000000 - -50.000000
[15:42:31] : Cycle start ON
[15:42:31] : Cycle start OFF
[15:42:36] : REQUEST MEAS. ON
[15:42:45] : REQUEST MEAS. OFF
[15:42:45] : end pos sig1 :50.000000 - 50.000000
[15:42:45] : 측정요구 ON 2
[15:42:55] : 측정요구 2OFF
[15:42:55] : end pos sig2 :-50.000000 - -50.000000
[15:43:01] : 측정요구3 ON
[15:43:10] : 측정요구3 OFF
[15:43:10] : end pos sig3 :50.000000 - 50.000000
[15:43:10] : 측정요구4 ON
[15:43:19] : 측정요구4 OFF
[15:43:19] : end pos sig4 :-50.000000 - -50.000000
[15:44:04] : Cycle start ON
[15:44:04] : Cycle start OFF
[15:44:09] : REQUEST MEAS. ON
[15:44:18] : REQUEST MEAS. OFF
[15:44:18] : end pos sig1 :50.000000 - 50.000000
[15:44:18] : 측정요구 ON 2
[15:44:28] : 측정요구 2OFF
[15:44:28] : end pos sig2 :-50.000000 - -50.000000
[15:44:33] : 측정요구3 ON
[15:44:42] : 측정요구3 OFF
[15:44:42] : end pos sig3 :50.000000 - 50.000000
[15:44:42] : 측정요구4 ON
[15:44:52] : 측정요구4 OFF
[15:44:52] : end pos sig4 :-50.000000 - -50.000000
[15:45:12] : Cycle start ON
[15:45:12] : Cycle start OFF
[15:45:17] : REQUEST MEAS. ON
[15:45:26] : REQUEST MEAS. OFF
[15:45:26] : end pos sig1 :50.000000 - 50.000000
[15:45:26] : 측정요구 ON 2
[15:45:36] : 측정요구 2OFF
[15:45:36] : end pos sig2 :-50.000000 - -50.000000
[15:45:42] : 측정요구3 ON
[15:45:51] : 측정요구3 OFF
[15:45:51] : end pos sig3 :50.000000 - 50.000000
[15:45:51] : 측정요구4 ON
[15:46:00] : 측정요구4 OFF
[15:46:00] : end pos sig4 :-50.000000 - -50.000000
[16:06:27] : Cycle start ON
[16:06:28] : Cycle start OFF
[16:06:33] : REQUEST MEAS. ON
[16:06:42] : REQUEST MEAS. OFF
[16:06:42] : end pos sig1 :50.000000 - 50.000000
[16:06:42] : 측정요구 ON 2
[16:06:51] : 측정요구 2OFF
[16:06:51] : end pos sig2 :-50.000000 - -50.000000
[16:06:57] : 측정요구3 ON
[16:07:06] : 측정요구3 OFF
[16:07:06] : end pos sig3 :50.000000 - 50.000000
[16:07:06] : 측정요구4 ON
[16:07:15] : 측정요구4 OFF
[16:07:15] : end pos sig4 :-50.000000 - -50.000000
[16:10:56] : Cycle start ON
[16:10:56] : Cycle start OFF
[16:11:02] : REQUEST MEAS. ON
[16:11:11] : REQUEST MEAS. OFF
[16:11:11] : end pos sig1 :50.000000 - 50.000000
[16:11:11] : 측정요구 ON 2
[16:11:20] : 측정요구 2OFF
[16:11:20] : end pos sig2 :-50.000000 - -50.000000
[16:11:26] : 측정요구3 ON
[16:11:35] : 측정요구3 OFF
[16:11:35] : end pos sig3 :50.000000 - 50.000000
[16:11:35] : 측정요구4 ON
[16:11:44] : 측정요구4 OFF
[16:11:44] : end pos sig4 :-50.000000 - -50.000000
[16:12:19] : Cycle start ON
[16:12:19] : Cycle start OFF
[16:12:24] : REQUEST MEAS. ON
[16:12:34] : REQUEST MEAS. OFF
[16:12:34] : end pos sig1 :50.000000 - 50.000000
[16:12:34] : 측정요구 ON 2
[16:12:44] : 측정요구 2OFF
[16:12:44] : end pos sig2 :-50.000000 - 0.000000
[16:12:49] : 측정요구3 ON
[16:12:58] : 측정요구3 OFF
[16:12:58] : end pos sig3 :50.000000 - 50.000000
[16:12:58] : 측정요구4 ON
[16:13:10] : 측정요구4 OFF
[16:13:10] : end pos sig4 :-50.000000 - -50.000000
[16:13:36] : Cycle start ON
[16:13:36] : Cycle start OFF
[16:13:42] : REQUEST MEAS. ON
[16:13:51] : REQUEST MEAS. OFF
[16:13:51] : end pos sig1 :50.000000 - 50.000000
[16:13:51] : 측정요구 ON 2
[16:15:36] : 측정요구 2OFF
[16:15:36] : end pos sig2 :0.000000 - 0.000000
[16:15:38] : Cycle start ON
[16:15:38] : Cycle start OFF
[16:15:44] : REQUEST MEAS. ON
[16:15:53] : REQUEST MEAS. OFF
[16:15:53] : end pos sig1 :50.000000 - 50.000000
[16:15:53] : 측정요구 ON 2
[16:16:03] : 측정요구 2OFF
[16:16:03] : end pos sig2 :-50.000000 - -50.000000
[16:16:08] : 측정요구3 ON
[16:16:17] : 측정요구3 OFF
[16:16:17] : end pos sig3 :50.000000 - 50.000000
[16:16:17] : 측정요구4 ON
[16:16:27] : 측정요구4 OFF
[16:16:27] : end pos sig4 :-50.000000 - -50.000000
[16:16:37] : Cycle start ON
[16:16:37] : Cycle start OFF
[16:16:43] : REQUEST MEAS. ON
[16:16:52] : REQUEST MEAS. OFF
[16:16:52] : end pos sig1 :50.000000 - 50.000000
[16:16:52] : 측정요구 ON 2
[16:17:02] : 측정요구 2OFF
[16:17:02] : end pos sig2 :-50.000000 - -50.000000
[16:17:07] : 측정요구3 ON
[16:17:16] : 측정요구3 OFF
[16:17:16] : end pos sig3 :50.000000 - 50.000000
[16:17:16] : 측정요구4 ON
[16:17:26] : 측정요구4 OFF
[16:17:26] : end pos sig4 :-50.000000 - -50.000000
[16:17:33] : Cycle start ON
[16:17:33] : Cycle start OFF
[16:17:39] : REQUEST MEAS. ON
[16:17:48] : REQUEST MEAS. OFF
[16:17:48] : end pos sig1 :50.000000 - 50.000000
[16:17:48] : 측정요구 ON 2
[16:17:57] : 측정요구 2OFF
[16:17:57] : end pos sig2 :-50.000000 - -50.000000
[16:18:03] : 측정요구3 ON
[16:18:12] : 측정요구3 OFF
[16:18:12] : end pos sig3 :50.000000 - 50.000000
[16:18:12] : 측정요구4 ON
[16:18:22] : 측정요구4 OFF
[16:18:22] : end pos sig4 :-50.000000 - -50.000000
 
