 
[16:08:59] : Cycle start ON
[16:08:59] : Cycle start OFF
[16:09:05] : REQUEST MEAS. ON
[16:09:14] : REQUEST MEAS. OFF
[16:09:14] : end pos sig1 :50.000000 - 50.000000
[16:09:14] : 측정요구 ON 2
[16:09:24] : 측정요구 2OFF
[16:09:24] : end pos sig2 :-50.000000 - -50.000000
[16:09:29] : 측정요구3 ON
[16:09:38] : 측정요구3 OFF
[16:09:38] : end pos sig3 :50.000000 - 50.000000
[16:09:38] : 측정요구4 ON
[16:09:48] : 측정요구4 OFF
[16:09:48] : end pos sig4 :-50.000000 - -50.000000
[16:10:08] : Cycle start ON
[16:10:08] : Cycle start OFF
[16:10:13] : REQUEST MEAS. ON
[16:10:22] : REQUEST MEAS. OFF
[16:10:22] : end pos sig1 :50.000000 - 50.000000
[16:10:22] : 측정요구 ON 2
[16:10:31] : 측정요구 2OFF
[16:10:31] : end pos sig2 :-50.000000 - -50.000000
[16:10:37] : 측정요구3 ON
[16:10:46] : 측정요구3 OFF
[16:10:46] : end pos sig3 :50.000000 - 50.000000
[16:10:46] : 측정요구4 ON
[16:10:56] : 측정요구4 OFF
[16:10:56] : end pos sig4 :-50.000000 - -50.000000
[16:11:03] : Cycle start ON
[16:11:03] : Cycle start OFF
[16:11:08] : REQUEST MEAS. ON
[16:11:18] : REQUEST MEAS. OFF
[16:11:18] : end pos sig1 :50.000000 - 50.000000
[16:11:18] : 측정요구 ON 2
[16:11:27] : 측정요구 2OFF
[16:11:27] : end pos sig2 :-50.000000 - -50.000000
[16:11:33] : 측정요구3 ON
[16:11:42] : 측정요구3 OFF
[16:11:42] : end pos sig3 :50.000000 - 50.000000
[16:11:42] : 측정요구4 ON
[16:11:51] : 측정요구4 OFF
[16:11:51] : end pos sig4 :-50.000000 - -50.000000
[16:15:43] : MEAS ESC ON
[16:15:44] : MEAS ESC OFF
[16:15:44] : AUTO RUNNING ON
[16:16:03] : Cycle start ON
[16:16:05] : Cycle start OFF
[16:16:12] : REQUEST MEAS. ON
[16:16:21] : REQUEST MEAS. OFF
[16:16:21] : end pos sig1 :50.000000 - 50.000000
[16:16:21] : 측정요구 ON 2
[16:16:30] : 측정요구 2OFF
[16:16:30] : end pos sig2 :-50.000000 - -50.000000
[16:16:36] : 측정요구3 ON
[16:16:45] : 측정요구3 OFF
[16:16:45] : end pos sig3 :50.000000 - 50.000000
[16:16:45] : 측정요구4 ON
[16:16:54] : 측정요구4 OFF
[16:16:54] : end pos sig4 :-50.000000 - -50.000000
[16:16:54] : 11,20190110-161654,AL19010636713,,OK,MAX,1, ,AUTO,0.10,3.00,1.38,OK,0.10,3.00,0.71,OK,0.10,3.00,0.70,OK,0.10,3.00,0.69,OK,
[16:17:13] : Cycle start ON
[16:17:15] : Cycle start OFF
[16:17:21] : REQUEST MEAS. ON
[16:17:30] : REQUEST MEAS. OFF
[16:17:30] : end pos sig1 :50.000000 - 50.000000
[16:17:31] : 측정요구 ON 2
[16:17:40] : 측정요구 2OFF
[16:17:40] : end pos sig2 :-50.000000 - -50.000000
[16:17:45] : 측정요구3 ON
[16:17:54] : 측정요구3 OFF
[16:17:54] : end pos sig3 :50.000000 - 50.000000
[16:17:54] : 측정요구4 ON
[16:18:04] : 측정요구4 OFF
[16:18:04] : end pos sig4 :-50.000000 - -50.000000
[16:18:04] : 11,20190110-161804,AL19010636133,,OK,MAX,1, ,AUTO,0.10,3.00,1.59,OK,0.10,3.00,0.64,OK,0.10,3.00,1.09,OK,0.10,3.00,0.70,OK,
[16:18:24] : Cycle start ON
[16:18:26] : Cycle start OFF
[16:18:33] : REQUEST MEAS. ON
[16:18:42] : REQUEST MEAS. OFF
[16:18:42] : end pos sig1 :50.000000 - 50.000000
[16:18:42] : 측정요구 ON 2
[16:18:51] : 측정요구 2OFF
[16:18:51] : end pos sig2 :-50.000000 - -50.000000
[16:18:57] : 측정요구3 ON
[16:19:06] : 측정요구3 OFF
[16:19:06] : end pos sig3 :50.000000 - 50.000000
[16:19:06] : 측정요구4 ON
[16:19:15] : 측정요구4 OFF
[16:19:15] : end pos sig4 :-50.000000 - -50.000000
[16:19:15] : 11,20190110-161916,AL19010636113,,OK,MAX,1, ,AUTO,0.10,3.00,1.34,OK,0.10,3.00,0.85,OK,0.10,3.00,0.82,OK,0.10,3.00,0.71,OK,
[16:19:35] : Cycle start ON
[16:19:37] : Cycle start OFF
[16:19:44] : REQUEST MEAS. ON
[16:19:53] : REQUEST MEAS. OFF
[16:19:53] : end pos sig1 :50.000000 - 50.000000
[16:19:53] : 측정요구 ON 2
[16:20:03] : 측정요구 2OFF
[16:20:03] : end pos sig2 :-50.000000 - -50.000000
[16:20:09] : 측정요구3 ON
[16:20:18] : 측정요구3 OFF
[16:20:18] : end pos sig3 :50.000000 - 50.000000
[16:20:18] : 측정요구4 ON
[16:20:27] : 측정요구4 OFF
[16:20:27] : end pos sig4 :-50.000000 - -50.000000
[16:20:27] : 11,20190110-162028,AL19010636093,,OK,MAX,1, ,AUTO,0.10,3.00,1.05,OK,0.10,3.00,0.65,OK,0.10,3.00,0.77,OK,0.10,3.00,1.08,OK,
[16:20:47] : Cycle start ON
[16:20:49] : Cycle start OFF
[16:20:57] : REQUEST MEAS. ON
[16:21:07] : REQUEST MEAS. OFF
[16:21:07] : end pos sig1 :50.000000 - 50.000000
[16:21:07] : 측정요구 ON 2
[16:21:16] : 측정요구 2OFF
[16:21:16] : end pos sig2 :-50.000000 - -50.000000
[16:21:21] : 측정요구3 ON
[16:21:30] : 측정요구3 OFF
[16:21:30] : end pos sig3 :50.000000 - 50.000000
[16:21:30] : 측정요구4 ON
[16:21:40] : 측정요구4 OFF
[16:21:40] : end pos sig4 :-50.000000 - -50.000000
[16:21:40] : 11,20190110-162141,AL19010636153,,OK,MAX,1, ,AUTO,0.10,3.00,1.38,OK,0.10,3.00,0.54,OK,0.10,3.00,0.78,OK,0.10,3.00,0.94,OK,
[16:22:00] : Cycle start ON
[16:22:02] : Cycle start OFF
[16:22:10] : REQUEST MEAS. ON
[16:22:19] : REQUEST MEAS. OFF
[16:22:19] : end pos sig1 :50.000000 - 50.000000
[16:22:19] : 측정요구 ON 2
[16:22:28] : 측정요구 2OFF
[16:22:28] : end pos sig2 :-50.000000 - -50.000000
[16:22:33] : 측정요구3 ON
[16:22:42] : 측정요구3 OFF
[16:22:42] : end pos sig3 :50.000000 - 50.000000
[16:22:42] : 측정요구4 ON
[16:22:52] : 측정요구4 OFF
[16:22:52] : end pos sig4 :-50.000000 - -50.000000
[16:22:52] : 11,20190110-162253,AL19010636173,,OK,MAX,1, ,AUTO,0.10,3.00,1.80,OK,0.10,3.00,0.97,OK,0.10,3.00,0.78,OK,0.10,3.00,0.70,OK,
[16:23:17] : Cycle start ON
[16:23:19] : Cycle start OFF
[16:23:26] : REQUEST MEAS. ON
[16:23:35] : REQUEST MEAS. OFF
[16:23:35] : end pos sig1 :50.000000 - 50.000000
[16:23:35] : 측정요구 ON 2
[16:23:45] : 측정요구 2OFF
[16:23:45] : end pos sig2 :-50.000000 - -50.000000
[16:23:50] : 측정요구3 ON
[16:23:59] : 측정요구3 OFF
[16:23:59] : end pos sig3 :50.000000 - 50.000000
[16:23:59] : 측정요구4 ON
[16:24:09] : 측정요구4 OFF
[16:24:09] : end pos sig4 :-50.000000 - -50.000000
[16:24:09] : 11,20190110-162409,AL19010636433,,OK,MAX,1, ,AUTO,0.10,3.00,1.13,OK,0.10,3.00,0.61,OK,0.10,3.00,0.90,OK,0.10,3.00,0.82,OK,
[16:24:33] : Cycle start ON
[16:24:35] : Cycle start OFF
[16:24:42] : REQUEST MEAS. ON
[16:24:51] : REQUEST MEAS. OFF
[16:24:51] : end pos sig1 :50.000000 - 50.000000
[16:24:51] : 측정요구 ON 2
[16:25:00] : 측정요구 2OFF
[16:25:00] : end pos sig2 :-50.000000 - -50.000000
[16:25:06] : 측정요구3 ON
[16:25:15] : 측정요구3 OFF
[16:25:15] : end pos sig3 :50.000000 - 50.000000
[16:25:15] : 측정요구4 ON
[16:25:24] : 측정요구4 OFF
[16:25:24] : end pos sig4 :-50.000000 - -50.000000
[16:25:24] : 11,20190110-162525,AL19010636403,,OK,MAX,1, ,AUTO,0.10,3.00,1.18,OK,0.10,3.00,0.61,OK,0.10,3.00,0.72,OK,0.10,3.00,0.59,OK,
[16:25:48] : Cycle start ON
[16:25:50] : Cycle start OFF
[16:25:57] : REQUEST MEAS. ON
[16:26:06] : REQUEST MEAS. OFF
[16:26:06] : end pos sig1 :50.000000 - 50.000000
[16:26:06] : 측정요구 ON 2
[16:26:16] : 측정요구 2OFF
[16:26:16] : end pos sig2 :-50.000000 - -50.000000
[16:26:21] : 측정요구3 ON
[16:26:30] : 측정요구3 OFF
[16:26:30] : end pos sig3 :50.000000 - 50.000000
[16:26:30] : 측정요구4 ON
[16:26:40] : 측정요구4 OFF
[16:26:40] : end pos sig4 :-50.000000 - -50.000000
[16:26:40] : 11,20190110-162640,AL19010636383,,OK,MAX,1, ,AUTO,0.10,3.00,0.95,OK,0.10,3.00,0.60,OK,0.10,3.00,0.75,OK,0.10,3.00,0.89,OK,
[16:27:05] : Cycle start ON
[16:27:07] : Cycle start OFF
[16:27:14] : REQUEST MEAS. ON
[16:27:23] : REQUEST MEAS. OFF
[16:27:23] : end pos sig1 :50.000000 - 50.000000
[16:27:23] : 측정요구 ON 2
[16:27:32] : 측정요구 2OFF
[16:27:32] : end pos sig2 :-50.000000 - -50.000000
[16:27:37] : 측정요구3 ON
[16:27:46] : 측정요구3 OFF
[16:27:46] : end pos sig3 :50.000000 - 50.000000
[16:27:46] : 측정요구4 ON
[16:27:56] : 측정요구4 OFF
[16:27:56] : end pos sig4 :-50.000000 - -50.000000
[16:27:56] : 11,20190110-162757,AL19010636453,,OK,MAX,1, ,AUTO,0.10,3.00,1.28,OK,0.10,3.00,0.75,OK,0.10,3.00,0.77,OK,0.10,3.00,0.93,OK,
[16:28:20] : Cycle start ON
[16:28:22] : Cycle start OFF
[16:28:29] : REQUEST MEAS. ON
[16:28:38] : REQUEST MEAS. OFF
[16:28:38] : end pos sig1 :50.000000 - 50.000000
[16:28:38] : 측정요구 ON 2
[16:28:47] : 측정요구 2OFF
[16:28:47] : end pos sig2 :-50.000000 - -50.000000
[16:28:53] : 측정요구3 ON
[16:29:02] : 측정요구3 OFF
[16:29:02] : end pos sig3 :50.000000 - 50.000000
[16:29:02] : 측정요구4 ON
[16:29:11] : 측정요구4 OFF
[16:29:11] : end pos sig4 :-50.000000 - -50.000000
[16:29:11] : 11,20190110-162912,AL19010636573,,OK,MAX,1, ,AUTO,0.10,3.00,1.64,OK,0.10,3.00,0.69,OK,0.10,3.00,0.79,OK,0.10,3.00,0.71,OK,
[16:29:35] : Cycle start ON
[16:29:37] : Cycle start OFF
[16:29:44] : REQUEST MEAS. ON
[16:29:53] : REQUEST MEAS. OFF
[16:29:53] : end pos sig1 :50.000000 - 50.000000
[16:29:53] : 측정요구 ON 2
[16:30:03] : 측정요구 2OFF
[16:30:03] : end pos sig2 :-50.000000 - -50.000000
[16:30:08] : 측정요구3 ON
[16:30:17] : 측정요구3 OFF
[16:30:17] : end pos sig3 :50.000000 - 50.000000
[16:30:17] : 측정요구4 ON
[16:30:27] : 측정요구4 OFF
[16:30:27] : end pos sig4 :-50.000000 - -50.000000
[16:30:27] : 11,20190110-163027,AL19010636503,,OK,MAX,1, ,AUTO,0.10,3.00,1.42,OK,0.10,3.00,0.81,OK,0.10,3.00,0.82,OK,0.10,3.00,0.91,OK,
[16:30:50] : Cycle start ON
[16:30:52] : Cycle start OFF
[16:30:59] : REQUEST MEAS. ON
[16:31:08] : REQUEST MEAS. OFF
[16:31:08] : end pos sig1 :50.000000 - 50.000000
[16:31:08] : 측정요구 ON 2
[16:31:18] : 측정요구 2OFF
[16:31:18] : end pos sig2 :-50.000000 - -50.000000
[16:31:24] : 측정요구3 ON
[16:31:33] : 측정요구3 OFF
[16:31:33] : end pos sig3 :50.000000 - 50.000000
[16:31:33] : 측정요구4 ON
[16:31:42] : 측정요구4 OFF
[16:31:42] : end pos sig4 :-50.000000 - -50.000000
[16:31:42] : 11,20190110-163143,AL19010636483,,OK,MAX,1, ,AUTO,0.10,3.00,1.99,OK,0.10,3.00,0.98,OK,0.10,3.00,0.84,OK,0.10,3.00,0.85,OK,
[16:32:06] : Cycle start ON
[16:32:08] : Cycle start OFF
[16:32:15] : REQUEST MEAS. ON
[16:32:24] : REQUEST MEAS. OFF
[16:32:24] : end pos sig1 :50.000000 - 50.000000
[16:32:24] : 측정요구 ON 2
[16:32:34] : 측정요구 2OFF
[16:32:34] : end pos sig2 :-50.000000 - -50.000000
[16:32:39] : 측정요구3 ON
[16:32:48] : 측정요구3 OFF
[16:32:48] : end pos sig3 :50.000000 - 50.000000
[16:32:48] : 측정요구4 ON
[16:32:58] : 측정요구4 OFF
[16:32:58] : end pos sig4 :-50.000000 - -50.000000
[16:32:58] : 11,20190110-163258,AL19010636463,,OK,MAX,1, ,AUTO,0.10,3.00,1.50,OK,0.10,3.00,0.80,OK,0.10,3.00,0.68,OK,0.10,3.00,0.95,OK,
[16:33:22] : Cycle start ON
[16:33:24] : Cycle start OFF
[16:33:31] : REQUEST MEAS. ON
[16:33:40] : REQUEST MEAS. OFF
[16:33:40] : end pos sig1 :50.000000 - 50.000000
[16:33:40] : 측정요구 ON 2
[16:33:50] : 측정요구 2OFF
[16:33:50] : end pos sig2 :-50.000000 - -50.000000
[16:33:55] : 측정요구3 ON
[16:34:04] : 측정요구3 OFF
[16:34:04] : end pos sig3 :50.000000 - 50.000000
[16:34:04] : 측정요구4 ON
[16:34:14] : 측정요구4 OFF
[16:34:14] : end pos sig4 :-50.000000 - -50.000000
[16:34:14] : 11,20190110-163414,AL19010636523,,OK,MAX,1, ,AUTO,0.10,3.00,1.12,OK,0.10,3.00,0.64,OK,0.10,3.00,0.97,OK,0.10,3.00,1.31,OK,
[16:34:38] : Cycle start ON
[16:34:40] : Cycle start OFF
[16:34:47] : REQUEST MEAS. ON
[16:34:56] : REQUEST MEAS. OFF
[16:34:56] : end pos sig1 :50.000000 - 50.000000
[16:34:56] : 측정요구 ON 2
[16:35:06] : 측정요구 2OFF
[16:35:06] : end pos sig2 :-50.000000 - -50.000000
[16:35:12] : 측정요구3 ON
[16:35:21] : 측정요구3 OFF
[16:35:21] : end pos sig3 :50.000000 - 50.000000
[16:35:21] : 측정요구4 ON
[16:35:30] : 측정요구4 OFF
[16:35:30] : end pos sig4 :-50.000000 - -50.000000
[16:35:30] : 11,20190110-163531,AL19010636543,,OK,MAX,1, ,AUTO,0.10,3.00,1.35,OK,0.10,3.00,0.64,OK,0.10,3.00,0.79,OK,0.10,3.00,0.87,OK,
[16:35:54] : Cycle start ON
[16:35:56] : Cycle start OFF
[16:36:03] : REQUEST MEAS. ON
[16:36:12] : REQUEST MEAS. OFF
[16:36:12] : end pos sig1 :50.000000 - 50.000000
[16:36:12] : 측정요구 ON 2
[16:36:21] : 측정요구 2OFF
[16:36:21] : end pos sig2 :-50.000000 - -50.000000
[16:36:27] : 측정요구3 ON
[16:36:36] : 측정요구3 OFF
[16:36:36] : end pos sig3 :50.000000 - 50.000000
[16:36:36] : 측정요구4 ON
[16:36:45] : 측정요구4 OFF
[16:36:45] : end pos sig4 :-50.000000 - -50.000000
[16:36:45] : 11,20190110-163646,AL19010531523,,OK,MAX,1, ,AUTO,0.10,3.00,1.44,OK,0.10,3.00,0.74,OK,0.10,3.00,0.77,OK,0.10,3.00,1.37,OK,
[16:37:09] : Cycle start ON
[16:37:11] : Cycle start OFF
[16:37:18] : REQUEST MEAS. ON
[16:37:27] : REQUEST MEAS. OFF
[16:37:27] : end pos sig1 :50.000000 - 50.000000
[16:37:27] : 측정요구 ON 2
[16:37:36] : 측정요구 2OFF
[16:37:36] : end pos sig2 :-50.000000 - -50.000000
[16:37:42] : 측정요구3 ON
[16:37:51] : 측정요구3 OFF
[16:37:51] : end pos sig3 :50.000000 - 50.000000
[16:37:51] : 측정요구4 ON
[16:38:01] : 측정요구4 OFF
[16:38:01] : end pos sig4 :-50.000000 - -50.000000
[16:38:01] : 11,20190110-163801,AL19010531453,,OK,MAX,1, ,AUTO,0.10,3.00,1.53,OK,0.10,3.00,0.90,OK,0.10,3.00,0.67,OK,0.10,3.00,1.19,OK,
[16:38:24] : Cycle start ON
[16:38:26] : Cycle start OFF
[16:38:33] : REQUEST MEAS. ON
[16:38:42] : REQUEST MEAS. OFF
[16:38:42] : end pos sig1 :50.000000 - 50.000000
[16:38:42] : 측정요구 ON 2
[16:38:52] : 측정요구 2OFF
[16:38:52] : end pos sig2 :-50.000000 - -50.000000
[16:38:57] : 측정요구3 ON
[16:39:06] : 측정요구3 OFF
[16:39:06] : end pos sig3 :50.000000 - 50.000000
[16:39:06] : 측정요구4 ON
[16:39:16] : 측정요구4 OFF
[16:39:16] : end pos sig4 :-50.000000 - -50.000000
[16:39:16] : 11,20190110-163917,AL19010531433,,OK,MAX,1, ,AUTO,0.10,3.00,1.39,OK,0.10,3.00,0.80,OK,0.10,3.00,0.60,OK,0.10,3.00,0.83,OK,
[16:39:41] : Cycle start ON
[16:39:43] : Cycle start OFF
[16:39:50] : REQUEST MEAS. ON
[16:39:59] : REQUEST MEAS. OFF
[16:39:59] : end pos sig1 :50.000000 - 50.000000
[16:39:59] : 측정요구 ON 2
[16:40:08] : 측정요구 2OFF
[16:40:08] : end pos sig2 :-50.000000 - -50.000000
[16:40:14] : 측정요구3 ON
[16:40:23] : 측정요구3 OFF
[16:40:23] : end pos sig3 :50.000000 - 50.000000
[16:40:23] : 측정요구4 ON
[16:40:32] : 측정요구4 OFF
[16:40:32] : end pos sig4 :-50.000000 - -50.000000
[16:40:32] : 11,20190110-164033,AL19010531473,,OK,MAX,1, ,AUTO,0.10,3.00,2.46,OK,0.10,3.00,1.00,OK,0.10,3.00,0.76,OK,0.10,3.00,1.12,OK,
[16:40:57] : Cycle start ON
[16:40:59] : Cycle start OFF
[16:41:06] : REQUEST MEAS. ON
[16:41:15] : REQUEST MEAS. OFF
[16:41:15] : end pos sig1 :50.000000 - 50.000000
[16:41:15] : 측정요구 ON 2
[16:41:24] : 측정요구 2OFF
[16:41:24] : end pos sig2 :-50.000000 - -50.000000
[16:41:30] : 측정요구3 ON
[16:41:39] : 측정요구3 OFF
[16:41:39] : end pos sig3 :50.000000 - 50.000000
[16:41:39] : 측정요구4 ON
[16:41:48] : 측정요구4 OFF
[16:41:48] : end pos sig4 :-50.000000 - -50.000000
[16:41:48] : 11,20190110-164149,AL19010531493,,OK,MAX,1, ,AUTO,0.10,3.00,1.38,OK,0.10,3.00,0.64,OK,0.10,3.00,0.65,OK,0.10,3.00,1.21,OK,
[16:42:12] : Cycle start ON
[16:42:14] : Cycle start OFF
[16:42:21] : REQUEST MEAS. ON
[16:42:30] : REQUEST MEAS. OFF
[16:42:30] : end pos sig1 :50.000000 - 50.000000
[16:42:30] : 측정요구 ON 2
[16:42:40] : 측정요구 2OFF
[16:42:40] : end pos sig2 :-50.000000 - -50.000000
[16:42:45] : 측정요구3 ON
[16:42:54] : 측정요구3 OFF
[16:42:54] : end pos sig3 :50.000000 - 50.000000
[16:42:54] : 측정요구4 ON
[16:43:04] : 측정요구4 OFF
[16:43:04] : end pos sig4 :-50.000000 - -50.000000
[16:43:04] : 11,20190110-164304,AL19010636333,,OK,MAX,1, ,AUTO,0.10,3.00,1.51,OK,0.10,3.00,0.70,OK,0.10,3.00,0.72,OK,0.10,3.00,1.43,OK,
[16:43:28] : Cycle start ON
[16:43:30] : Cycle start OFF
[16:43:37] : REQUEST MEAS. ON
[16:43:46] : REQUEST MEAS. OFF
[16:43:46] : end pos sig1 :50.000000 - 50.000000
[16:43:46] : 측정요구 ON 2
[16:43:56] : 측정요구 2OFF
[16:43:56] : end pos sig2 :-50.000000 - -50.000000
[16:44:01] : 측정요구3 ON
[16:44:10] : 측정요구3 OFF
[16:44:10] : end pos sig3 :50.000000 - 50.000000
[16:44:10] : 측정요구4 ON
[16:44:20] : 측정요구4 OFF
[16:44:20] : end pos sig4 :-50.000000 - -50.000000
[16:44:20] : 11,20190110-164420,AL19010636313,,OK,MAX,1, ,AUTO,0.10,3.00,2.06,OK,0.10,3.00,0.61,OK,0.10,3.00,0.71,OK,0.10,3.00,0.96,OK,
 
