[09:37:40] : Cycle start ON
[09:37:40] : Cycle start OFF
[09:37:55] : REQUEST MEAS. ON
[09:38:02] : REQUEST MEAS. OFF
[09:38:02] : end pos sig1 :50.000000 - 50.000000
[09:38:02] : 측정요구 ON 2
[09:38:09] : 측정요구 2OFF
[09:38:09] : end pos sig2 :-50.000000 - -50.000000
[09:38:14] : 측정요구3 ON
[09:38:22] : 측정요구3 OFF
[09:38:22] : end pos sig3 :50.000000 - 50.000000
[09:38:22] : 측정요구4 ON
[09:38:29] : 측정요구4 OFF
[09:38:29] : end pos sig4 :-50.000000 - -50.000000
[09:39:23] : Cycle start ON
[09:39:23] : Cycle start OFF
[09:39:28] : REQUEST MEAS. ON
[09:39:35] : REQUEST MEAS. OFF
[09:39:35] : end pos sig1 :50.000000 - 50.000000
[09:39:35] : 측정요구 ON 2
[09:39:43] : 측정요구 2OFF
[09:39:43] : end pos sig2 :-50.000000 - -50.000000
[09:39:48] : 측정요구3 ON
[09:39:56] : 측정요구3 OFF
[09:39:56] : end pos sig3 :50.000000 - 50.000000
[09:39:56] : 측정요구4 ON
[09:40:03] : 측정요구4 OFF
[09:40:03] : end pos sig4 :-50.000000 - -50.000000
[09:40:09] : Cycle start ON
[09:40:09] : Cycle start OFF
[09:40:14] : REQUEST MEAS. ON
[09:40:21] : REQUEST MEAS. OFF
[09:40:21] : end pos sig1 :50.000000 - 50.000000
[09:40:21] : 측정요구 ON 2
[09:40:29] : 측정요구 2OFF
[09:40:29] : end pos sig2 :-50.000000 - -50.000000
[09:40:34] : 측정요구3 ON
[09:40:42] : 측정요구3 OFF
[09:40:42] : end pos sig3 :50.000000 - 50.000000
[09:40:42] : 측정요구4 ON
[09:40:49] : 측정요구4 OFF
[09:40:49] : end pos sig4 :-50.000000 - -50.000000
[10:17:43] : MEAS ESC ON
[10:17:46] : MEAS ESC OFF
[10:17:46] : AUTO RUNNING ON
[10:17:46] : Cycle start ON
[10:17:46] : Cycle start OFF
[10:17:51] : REQUEST MEAS. ON
[10:17:59] : REQUEST MEAS. OFF
[10:17:59] : end pos sig1 :50.000000 - 50.000000
[10:17:59] : 측정요구 ON 2
[10:18:06] : 측정요구 2OFF
[10:18:06] : end pos sig2 :-50.000000 - -50.000000
[10:18:11] : 측정요구3 ON
[10:18:19] : 측정요구3 OFF
[10:18:19] : end pos sig3 :50.000000 - 50.000000
[10:18:19] : 측정요구4 ON
[10:18:26] : 측정요구4 OFF
[10:18:26] : end pos sig4 :-50.000000 - -50.000000
[10:18:26] : 11,20190123-101827,AL19011936243,,OK,MAX,1, ,AUTO,0.10,3.00,0.76,OK,0.10,3.00,1.44,OK,0.10,3.00,0.83,OK,0.10,3.00,1.03,OK,
[10:18:39] : Cycle start ON
[10:18:41] : Cycle start OFF
[10:18:46] : REQUEST MEAS. ON
[10:18:53] : REQUEST MEAS. OFF
[10:18:53] : end pos sig1 :50.000000 - 50.000000
[10:18:53] : 측정요구 ON 2
[10:19:00] : 측정요구 2OFF
[10:19:00] : end pos sig2 :-50.000000 - -50.000000
[10:19:05] : 측정요구3 ON
[10:19:13] : 측정요구3 OFF
[10:19:13] : end pos sig3 :50.000000 - 50.000000
[10:19:13] : 측정요구4 ON
[10:19:21] : 측정요구4 OFF
[10:19:21] : end pos sig4 :-50.000000 - -50.000000
[10:19:21] : 11,20190123-101921,AL19011936253,,OK,MAX,1, ,AUTO,0.10,3.00,0.95,OK,0.10,3.00,0.81,OK,0.10,3.00,1.07,OK,0.10,3.00,1.17,OK,
[10:19:34] : Cycle start ON
[10:19:35] : Cycle start OFF
[10:19:39] : REQUEST MEAS. ON
[10:19:47] : REQUEST MEAS. OFF
[10:19:47] : end pos sig1 :50.000000 - 50.000000
[10:19:47] : 측정요구 ON 2
[10:19:55] : 측정요구 2OFF
[10:19:55] : end pos sig2 :-50.000000 - -49.860000
[10:20:00] : 측정요구3 ON
[10:20:08] : 측정요구3 OFF
[10:20:08] : end pos sig3 :50.000000 - 50.000000
[10:20:08] : 측정요구4 ON
[10:20:15] : 측정요구4 OFF
[10:20:15] : end pos sig4 :-50.000000 - -50.000000
[10:20:15] : 11,20190123-102016,AL19011936033,,OK,MAX,1, ,AUTO,0.10,3.00,0.66,OK,0.10,3.00,1.10,OK,0.10,3.00,0.63,OK,0.10,3.00,1.61,OK,
[10:20:28] : Cycle start ON
[10:20:30] : Cycle start OFF
[10:20:35] : REQUEST MEAS. ON
[10:20:42] : REQUEST MEAS. OFF
[10:20:42] : end pos sig1 :50.000000 - 50.000000
[10:20:42] : 측정요구 ON 2
[10:20:50] : 측정요구 2OFF
[10:20:50] : end pos sig2 :-50.000000 - -50.000000
[10:20:55] : 측정요구3 ON
[10:21:02] : 측정요구3 OFF
[10:21:02] : end pos sig3 :50.000000 - 50.000000
[10:21:03] : 측정요구4 ON
[10:21:10] : 측정요구4 OFF
[10:21:10] : end pos sig4 :-50.000000 - -50.000000
[10:21:10] : 11,20190123-102110,AL19011936273,,OK,MAX,1, ,AUTO,0.10,3.00,0.81,OK,0.10,3.00,0.81,OK,0.10,3.00,0.83,OK,0.10,3.00,1.12,OK,
[10:21:31] : AUTO RUNNING OFF
[10:26:28] : MEAS ESC ON
[10:26:28] : MEAS ESC OFF
[10:26:28] : AUTO RUNNING ON
[10:27:01] : AUTO RUNNING OFF
[10:27:33] : MEAS ESC ON
[10:27:33] : MEAS ESC OFF
[10:27:33] : AUTO RUNNING ON
[10:28:05] : Cycle start ON
[10:28:06] : Cycle start OFF
[10:28:11] : REQUEST MEAS. ON
[10:28:18] : REQUEST MEAS. OFF
[10:28:18] : end pos sig1 :50.000000 - 50.000000
[10:28:18] : 측정요구 ON 2
[10:28:25] : 측정요구 2OFF
[10:28:25] : end pos sig2 :-50.000000 - -50.000000
[10:28:30] : 측정요구3 ON
[10:28:37] : 측정요구3 OFF
[10:28:37] : end pos sig3 :50.000000 - 50.000000
[10:28:38] : 측정요구4 ON
[10:28:45] : 측정요구4 OFF
[10:28:45] : end pos sig4 :-50.000000 - -50.000000
[10:28:45] : 11,20190123-102846,AL19011932871,,OK,MAX,1, ,AUTO,0.10,3.00,0.71,OK,0.10,3.00,0.81,OK,0.10,3.00,0.73,OK,0.10,3.00,1.17,OK,
[10:29:16] : AUTO RUNNING OFF
[10:29:25] : MEAS ESC ON
[10:29:25] : MEAS ESC OFF
[10:29:25] : AUTO RUNNING ON
[10:29:36] : Cycle start ON
[10:29:37] : Cycle start OFF
[10:29:42] : REQUEST MEAS. ON
[10:29:50] : REQUEST MEAS. OFF
[10:29:50] : end pos sig1 :50.000000 - 50.000000
[10:29:50] : 측정요구 ON 2
[10:29:57] : 측정요구 2OFF
[10:29:57] : end pos sig2 :-50.000000 - -49.660000
[10:30:02] : 측정요구3 ON
[10:30:10] : 측정요구3 OFF
[10:30:10] : end pos sig3 :50.000000 - 50.000000
[10:30:10] : 측정요구4 ON
[10:30:18] : 측정요구4 OFF
[10:30:18] : end pos sig4 :-50.000000 - -50.000000
[10:30:18] : 11,20190123-103019,AL19011932891,,OK,MAX,1, ,AUTO,0.10,3.00,0.85,OK,0.10,3.00,0.81,OK,0.10,3.00,0.73,OK,0.10,3.00,1.07,OK,
[10:30:32] : AUTO RUNNING OFF
[10:30:41] : MEAS ESC ON
[10:30:41] : MEAS ESC OFF
[10:30:41] : AUTO RUNNING ON
[10:30:56] : Cycle start ON
[10:30:58] : Cycle start OFF
[10:31:02] : REQUEST MEAS. ON
[10:31:10] : REQUEST MEAS. OFF
[10:31:10] : end pos sig1 :50.000000 - 50.000000
[10:31:10] : 측정요구 ON 2
[10:31:17] : 측정요구 2OFF
[10:31:17] : end pos sig2 :-50.000000 - -50.000000
[10:31:22] : 측정요구3 ON
[10:31:29] : 측정요구3 OFF
[10:31:29] : end pos sig3 :50.000000 - 50.000000
[10:31:30] : 측정요구4 ON
[10:31:37] : 측정요구4 OFF
[10:31:37] : end pos sig4 :-50.000000 - -50.000000
[10:31:37] : 11,20190123-103137,AL19011932901,,OK,MAX,1, ,AUTO,0.10,3.00,0.85,OK,0.10,3.00,0.73,OK,0.10,3.00,0.85,OK,0.10,3.00,1.03,OK,
[10:31:50] : Cycle start ON
[10:31:52] : Cycle start OFF
[10:31:57] : REQUEST MEAS. ON
[10:32:05] : REQUEST MEAS. OFF
[10:32:05] : end pos sig1 :50.000000 - 50.000000
[10:32:05] : 측정요구 ON 2
[10:32:12] : 측정요구 2OFF
[10:32:12] : end pos sig2 :-50.000000 - -50.000000
[10:32:17] : 측정요구3 ON
[10:32:25] : 측정요구3 OFF
[10:32:25] : end pos sig3 :50.000000 - 50.000000
[10:32:25] : 측정요구4 ON
[10:32:32] : 측정요구4 OFF
[10:32:32] : end pos sig4 :-50.000000 - -50.000000
[10:32:32] : 11,20190123-103233,AL19011933061,,OK,MAX,1, ,AUTO,0.10,3.00,0.75,OK,0.10,3.00,0.76,OK,0.10,3.00,0.88,OK,0.10,3.00,1.66,OK,
[10:32:53] : Cycle start ON
[10:32:54] : Cycle start OFF
[10:32:59] : REQUEST MEAS. ON
[10:33:06] : REQUEST MEAS. OFF
[10:33:06] : end pos sig1 :50.000000 - 50.000000
[10:33:06] : 측정요구 ON 2
[10:33:13] : 측정요구 2OFF
[10:33:13] : end pos sig2 :-50.000000 - -50.000000
[10:33:18] : 측정요구3 ON
[10:33:26] : 측정요구3 OFF
[10:33:26] : end pos sig3 :50.000000 - 50.000000
[10:33:26] : 측정요구4 ON
[10:33:33] : 측정요구4 OFF
[10:33:33] : end pos sig4 :-50.000000 - -50.000000
[10:33:33] : 11,20190123-103334,AL19011932921,,OK,MAX,1, ,AUTO,0.10,3.00,0.66,OK,0.10,3.00,0.81,OK,0.10,3.00,0.68,OK,0.10,3.00,1.03,OK,
[10:33:46] : Cycle start ON
[10:33:48] : Cycle start OFF
[10:33:53] : REQUEST MEAS. ON
[10:34:00] : REQUEST MEAS. OFF
[10:34:00] : end pos sig1 :50.000000 - 50.000000
[10:34:00] : 측정요구 ON 2
[10:34:08] : 측정요구 2OFF
[10:34:08] : end pos sig2 :-50.000000 - -50.000000
[10:34:13] : 측정요구3 ON
[10:34:21] : 측정요구3 OFF
[10:34:21] : end pos sig3 :50.000000 - 50.000000
[10:34:21] : 측정요구4 ON
[10:34:28] : 측정요구4 OFF
[10:34:28] : end pos sig4 :-50.000000 - -50.000000
[10:34:28] : 11,20190123-103429,AL19011933081,,OK,MAX,1, ,AUTO,0.10,3.00,0.74,OK,0.10,3.00,0.71,OK,0.10,3.00,0.83,OK,0.10,3.00,0.93,OK,
[10:34:42] : Cycle start ON
[10:34:44] : Cycle start OFF
[10:34:49] : REQUEST MEAS. ON
[10:34:56] : REQUEST MEAS. OFF
[10:34:56] : end pos sig1 :50.000000 - 50.000000
[10:34:56] : 측정요구 ON 2
[10:35:04] : 측정요구 2OFF
[10:35:04] : end pos sig2 :-50.000000 - -49.980000
[10:35:09] : 측정요구3 ON
[10:35:17] : 측정요구3 OFF
[10:35:17] : end pos sig3 :50.000000 - 50.000000
[10:35:17] : 측정요구4 ON
[10:35:24] : 측정요구4 OFF
[10:35:24] : end pos sig4 :-50.000000 - -50.000000
[10:35:24] : 11,20190123-103525,AL19011931131,,OK,MAX,1, ,AUTO,0.10,3.00,1.00,OK,0.10,3.00,0.85,OK,0.10,3.00,0.73,OK,0.10,3.00,1.37,OK,
[10:35:38] : Cycle start ON
[10:35:40] : Cycle start OFF
[10:35:45] : REQUEST MEAS. ON
[10:35:52] : REQUEST MEAS. OFF
[10:35:52] : end pos sig1 :50.000000 - 50.000000
[10:35:52] : 측정요구 ON 2
[10:36:00] : 측정요구 2OFF
[10:36:00] : end pos sig2 :-50.000000 - -50.000000
[10:36:04] : 측정요구3 ON
[10:36:11] : 측정요구3 OFF
[10:36:11] : end pos sig3 :50.000000 - 50.000000
[10:36:12] : 측정요구4 ON
[10:36:19] : 측정요구4 OFF
[10:36:19] : end pos sig4 :-50.000000 - -50.000000
[10:36:19] : 11,20190123-103620,AL19011931111,,OK,MAX,1, ,AUTO,0.10,3.00,0.81,OK,0.10,3.00,0.80,OK,0.10,3.00,0.78,OK,0.10,3.00,0.88,OK,
[10:36:49] : Cycle start ON
[10:36:51] : Cycle start OFF
[10:36:55] : REQUEST MEAS. ON
[10:37:03] : REQUEST MEAS. OFF
[10:37:03] : end pos sig1 :50.000000 - 50.000000
[10:37:03] : 측정요구 ON 2
[10:37:10] : 측정요구 2OFF
[10:37:10] : end pos sig2 :-50.000000 - -48.870000
[10:37:15] : 측정요구3 ON
[10:37:22] : 측정요구3 OFF
[10:37:22] : end pos sig3 :50.000000 - 50.000000
[10:37:23] : 측정요구4 ON
[10:37:30] : 측정요구4 OFF
[10:37:30] : end pos sig4 :-50.000000 - -50.000000
[10:37:30] : 11,20190123-103730,AL19011931121,,OK,MAX,1, ,AUTO,0.10,3.00,0.95,OK,0.10,3.00,0.71,OK,0.10,3.00,0.78,OK,0.10,3.00,1.12,OK,
[10:37:43] : Cycle start ON
[10:37:44] : Cycle start OFF
[10:37:49] : REQUEST MEAS. ON
[10:37:57] : REQUEST MEAS. OFF
[10:37:57] : end pos sig1 :50.000000 - 50.000000
[10:37:57] : 측정요구 ON 2
[10:38:05] : 측정요구 2OFF
[10:38:05] : end pos sig2 :-50.000000 - -50.000000
[10:38:09] : 측정요구3 ON
[10:38:17] : 측정요구3 OFF
[10:38:17] : end pos sig3 :50.000000 - 50.000000
[10:38:17] : 측정요구4 ON
[10:38:25] : 측정요구4 OFF
[10:38:25] : end pos sig4 :-50.000000 - -50.000000
[10:38:25] : 11,20190123-103825,AL19011931181,,OK,MAX,1, ,AUTO,0.10,3.00,0.95,OK,0.10,3.00,0.76,OK,0.10,3.00,0.78,OK,0.10,3.00,1.22,OK,
[10:38:39] : Cycle start ON
[10:38:40] : Cycle start OFF
[10:38:45] : REQUEST MEAS. ON
[10:38:52] : REQUEST MEAS. OFF
[10:38:52] : end pos sig1 :50.000000 - 50.000000
[10:38:53] : 측정요구 ON 2
[10:39:00] : 측정요구 2OFF
[10:39:00] : end pos sig2 :-50.000000 - -50.000000
[10:39:04] : 측정요구3 ON
[10:39:12] : 측정요구3 OFF
[10:39:12] : end pos sig3 :50.000000 - 50.000000
[10:39:12] : 측정요구4 ON
[10:39:20] : 측정요구4 OFF
[10:39:20] : end pos sig4 :-50.000000 - -50.000000
[10:39:20] : 11,20190123-103921,AL19011931291,,OK,MAX,1, ,AUTO,0.10,3.00,0.95,OK,0.10,3.00,0.90,OK,0.10,3.00,1.07,OK,0.10,3.00,1.03,OK,
[10:40:46] : Cycle start ON
[10:40:47] : Cycle start OFF
[10:40:52] : REQUEST MEAS. ON
[10:40:59] : REQUEST MEAS. OFF
[10:40:59] : end pos sig1 :50.000000 - 50.000000
[10:40:59] : 측정요구 ON 2
[10:41:06] : 측정요구 2OFF
[10:41:06] : end pos sig2 :-50.000000 - -50.000000
[10:41:11] : 측정요구3 ON
[10:41:18] : 측정요구3 OFF
[10:41:18] : end pos sig3 :50.000000 - 50.000000
[10:41:19] : 측정요구4 ON
[10:41:26] : 측정요구4 OFF
[10:41:26] : end pos sig4 :-50.000000 - -50.000000
[10:41:26] : 11,20190123-104127,AL19011936193,,OK,MAX,1, ,AUTO,0.10,3.00,0.64,OK,0.10,3.00,1.00,OK,0.10,3.00,1.03,OK,0.10,3.00,1.46,OK,
[10:41:39] : Cycle start ON
[10:41:41] : Cycle start OFF
[10:41:46] : REQUEST MEAS. ON
[10:41:53] : REQUEST MEAS. OFF
[10:41:53] : end pos sig1 :50.000000 - 50.000000
[10:41:53] : 측정요구 ON 2
[10:42:01] : 측정요구 2OFF
[10:42:01] : end pos sig2 :-50.000000 - -50.000000
[10:42:06] : 측정요구3 ON
[10:42:14] : 측정요구3 OFF
[10:42:14] : end pos sig3 :50.000000 - 50.000000
[10:42:14] : 측정요구4 ON
[10:42:21] : 측정요구4 OFF
[10:42:21] : end pos sig4 :-50.000000 - -50.000000
[10:42:21] : 11,20190123-104222,AL19011936173,,OK,MAX,1, ,AUTO,0.10,3.00,0.81,OK,0.10,3.00,0.81,OK,0.10,3.00,1.03,OK,0.10,3.00,1.17,OK,
[10:42:51] : Cycle start ON
[10:42:52] : Cycle start OFF
[10:42:57] : REQUEST MEAS. ON
[10:43:04] : REQUEST MEAS. OFF
[10:43:04] : end pos sig1 :50.000000 - 50.000000
[10:43:04] : 측정요구 ON 2
[10:43:11] : 측정요구 2OFF
[10:43:11] : end pos sig2 :-50.000000 - -50.000000
[10:43:16] : 측정요구3 ON
[10:43:24] : 측정요구3 OFF
[10:43:24] : end pos sig3 :50.000000 - 50.000000
[10:43:24] : 측정요구4 ON
[10:43:31] : 측정요구4 OFF
[10:43:31] : end pos sig4 :-50.000000 - -50.000000
[10:43:32] : 11,20190123-104332,AL19011936213,,OK,MAX,1, ,AUTO,0.10,3.00,1.00,OK,0.10,3.00,0.81,OK,0.10,3.00,1.03,OK,0.10,3.00,1.22,OK,
[10:43:46] : Cycle start ON
[10:43:47] : Cycle start OFF
[10:43:52] : REQUEST MEAS. ON
[10:43:59] : REQUEST MEAS. OFF
[10:43:59] : end pos sig1 :50.000000 - 50.000000
[10:44:00] : 측정요구 ON 2
[10:44:07] : 측정요구 2OFF
[10:44:07] : end pos sig2 :-50.000000 - -50.000000
[10:44:11] : 측정요구3 ON
[10:44:18] : 측정요구3 OFF
[10:44:18] : end pos sig3 :50.000000 - 50.000000
[10:44:19] : 측정요구4 ON
[10:44:27] : 측정요구4 OFF
[10:44:27] : end pos sig4 :-50.000000 - -50.000000
[10:44:27] : 11,20190123-104427,AL19011936133,,OK,MAX,1, ,AUTO,0.10,3.00,1.00,OK,0.10,3.00,0.76,OK,0.10,3.00,0.63,OK,0.10,3.00,1.51,OK,
[10:44:41] : Cycle start ON
[10:44:42] : Cycle start OFF
[10:44:47] : REQUEST MEAS. ON
[10:44:54] : REQUEST MEAS. OFF
[10:44:54] : end pos sig1 :50.000000 - 50.000000
[10:44:55] : 측정요구 ON 2
[10:45:02] : 측정요구 2OFF
[10:45:02] : end pos sig2 :-50.000000 - -50.000000
[10:45:06] : 측정요구3 ON
[10:45:14] : 측정요구3 OFF
[10:45:14] : end pos sig3 :50.000000 - 50.000000
[10:45:14] : 측정요구4 ON
[10:45:21] : 측정요구4 OFF
[10:45:21] : end pos sig4 :-50.000000 - -50.000000
[10:45:21] : 11,20190123-104522,AL19011936153,,OK,MAX,1, ,AUTO,0.10,3.00,0.90,OK,0.10,3.00,0.73,OK,0.10,3.00,0.78,OK,0.10,3.00,1.12,OK,
[10:45:35] : Cycle start ON
[10:45:36] : Cycle start OFF
[10:45:41] : REQUEST MEAS. ON
[10:45:49] : REQUEST MEAS. OFF
[10:45:49] : end pos sig1 :50.000000 - 50.000000
[10:45:49] : 측정요구 ON 2
[10:45:56] : 측정요구 2OFF
[10:45:56] : end pos sig2 :-50.000000 - -50.000000
[10:46:01] : 측정요구3 ON
[10:46:09] : 측정요구3 OFF
[10:46:09] : end pos sig3 :50.000000 - 50.000000
[10:46:09] : 측정요구4 ON
[10:46:16] : 측정요구4 OFF
[10:46:16] : end pos sig4 :-50.000000 - -50.000000
[10:46:16] : 11,20190123-104617,AL19011935843,,OK,MAX,1, ,AUTO,0.10,3.00,0.90,OK,0.10,3.00,0.81,OK,0.10,3.00,0.71,OK,0.10,3.00,1.27,OK,
[10:47:48] : Cycle start ON
[10:47:50] : Cycle start OFF
[10:47:55] : REQUEST MEAS. ON
[10:48:02] : REQUEST MEAS. OFF
[10:48:02] : end pos sig1 :50.000000 - 50.000000
[10:48:02] : 측정요구 ON 2
[10:48:10] : 측정요구 2OFF
[10:48:10] : end pos sig2 :-50.000000 - -50.000000
[10:48:15] : 측정요구3 ON
[10:48:23] : 측정요구3 OFF
[10:48:23] : end pos sig3 :50.000000 - 50.000000
[10:48:23] : 측정요구4 ON
[10:48:30] : 측정요구4 OFF
[10:48:30] : end pos sig4 :-50.000000 - -50.000000
[10:48:30] : 11,20190123-104831,AL19011935743,,OK,MAX,1, ,AUTO,0.10,3.00,0.95,OK,0.10,3.00,0.71,OK,0.10,3.00,0.63,OK,0.10,3.00,1.32,OK,
[11:07:59] : Cycle start ON
[11:08:01] : Cycle start OFF
[11:08:05] : REQUEST MEAS. ON
[11:08:13] : REQUEST MEAS. OFF
[11:08:13] : end pos sig1 :50.000000 - 50.000000
[11:08:13] : 측정요구 ON 2
[11:08:20] : 측정요구 2OFF
[11:08:20] : end pos sig2 :-50.000000 - -49.940000
[11:08:25] : 측정요구3 ON
[11:08:33] : 측정요구3 OFF
[11:08:33] : end pos sig3 :50.000000 - 50.000000
[11:08:33] : 측정요구4 ON
[11:08:40] : 측정요구4 OFF
[11:08:40] : end pos sig4 :-50.000000 - -50.000000
[11:08:40] : 11,20190123-110841,AL19011935913,,OK,MAX,1, ,AUTO,0.10,3.00,0.81,OK,0.10,3.00,0.81,OK,0.10,3.00,1.17,OK,0.10,3.00,0.98,OK,
[11:08:54] : Cycle start ON
[11:08:55] : Cycle start OFF
[11:09:00] : REQUEST MEAS. ON
[11:09:07] : REQUEST MEAS. OFF
[11:09:07] : end pos sig1 :50.000000 - 50.000000
[11:09:07] : 측정요구 ON 2
[11:09:14] : 측정요구 2OFF
[11:09:14] : end pos sig2 :-50.000000 - -49.500000
[11:09:19] : 측정요구3 ON
[11:09:27] : 측정요구3 OFF
[11:09:27] : end pos sig3 :50.000000 - 50.000000
[11:09:27] : 측정요구4 ON
[11:09:35] : 측정요구4 OFF
[11:09:35] : end pos sig4 :-50.000000 - -50.000000
[11:09:35] : 11,20190123-110935,AL19011935903,,OK,MAX,1, ,AUTO,0.10,3.00,0.71,OK,0.10,3.00,0.70,OK,0.10,3.00,0.87,OK,0.10,3.00,1.27,OK,
[11:09:47] : Cycle start ON
[11:09:49] : Cycle start OFF
[11:09:54] : REQUEST MEAS. ON
[11:10:01] : REQUEST MEAS. OFF
[11:10:01] : end pos sig1 :50.000000 - 50.000000
[11:10:01] : 측정요구 ON 2
[11:10:09] : 측정요구 2OFF
[11:10:09] : end pos sig2 :-50.000000 - -50.000000
[11:10:14] : 측정요구3 ON
[11:10:22] : 측정요구3 OFF
[11:10:22] : end pos sig3 :50.000000 - 50.000000
[11:10:22] : 측정요구4 ON
[11:10:29] : 측정요구4 OFF
[11:10:29] : end pos sig4 :-50.000000 - -50.000000
[11:10:29] : 11,20190123-111030,AL19011935883,,OK,MAX,1, ,AUTO,0.10,3.00,0.95,OK,0.10,3.00,0.78,OK,0.10,3.00,0.68,OK,0.10,3.00,1.17,OK,
[11:10:42] : Cycle start ON
[11:10:43] : Cycle start OFF
[11:10:49] : REQUEST MEAS. ON
[11:10:56] : REQUEST MEAS. OFF
[11:10:56] : end pos sig1 :50.000000 - 50.000000
[11:10:56] : 측정요구 ON 2
[11:11:04] : 측정요구 2OFF
[11:11:04] : end pos sig2 :-50.000000 - -49.500000
[11:11:09] : 측정요구3 ON
[11:11:16] : 측정요구3 OFF
[11:11:16] : end pos sig3 :50.000000 - 50.000000
[11:11:17] : 측정요구4 ON
[11:11:24] : 측정요구4 OFF
[11:11:24] : end pos sig4 :-50.000000 - -50.000000
[11:11:25] : 11,20190123-111125,AL19011935863,,OK,MAX,1, ,AUTO,0.10,3.00,0.78,OK,0.10,3.00,0.90,OK,0.10,3.00,1.07,OK,0.10,3.00,1.82,OK,
[11:20:43] : Cycle start ON
[11:20:44] : Cycle start OFF
[11:20:49] : REQUEST MEAS. ON
[11:20:56] : REQUEST MEAS. OFF
[11:20:56] : end pos sig1 :50.000000 - 50.000000
[11:20:56] : 측정요구 ON 2
[11:21:04] : AUTO RUNNING OFF
[11:21:04] : 측정요구 2OFF
[11:21:04] : end pos sig2 :-50.000000 - -41.310000
[11:22:06] : PROGRAM END
 
[12:34:20] : PROGRAM START
[12:34:24] : AUTO RUNNING OFF
[12:34:24] : REQUEST MEAS. OFF
[12:34:24] : end pos sig1 :50.000000 - 50.000000
[12:34:24] : end pos sig2 :50.000000 - 50.000000
[12:34:24] : end pos sig3 :50.000000 - 50.000000
[12:34:24] : REQUEST ZEROSET OFF
[12:34:24] : REQUEST ZEROSET OFF
[12:34:24] : end pos sig4 :50.000000 - 50.000000
[13:03:07] : MEAS ESC ON
[13:03:14] : MEAS ESC OFF
[13:03:14] : AUTO RUNNING ON
[13:09:14] : AUTO RUNNING OFF
[13:34:33] : MEAS ESC ON
[13:35:12] : MEAS ESC OFF
[13:35:12] : AUTO RUNNING ON
[13:36:57] : AUTO RUNNING OFF
[13:49:17] : MEAS ESC ON
[13:49:18] : MEAS ESC OFF
[13:49:18] : AUTO RUNNING ON
[13:49:29] : Cycle start ON
[13:49:38] : Cycle start OFF
[13:49:43] : REQUEST MEAS. ON
[13:49:50] : REQUEST MEAS. OFF
[13:49:50] : end pos sig1 :50.000000 - 50.000000
[13:49:50] : 측정요구 ON 2
[13:49:58] : 측정요구 2OFF
[13:49:58] : end pos sig2 :-50.000000 - -50.000000
[13:50:03] : 측정요구3 ON
[13:50:10] : 측정요구3 OFF
[13:50:10] : end pos sig3 :50.000000 - 50.000000
[13:50:11] : 측정요구4 ON
[13:50:18] : 측정요구4 OFF
[13:50:18] : end pos sig4 :-50.000000 - -50.000000
[13:50:18] : 11,20190123-135019,AL19011936103,,OK,MAX,1, ,AUTO,0.10,3.00,0.74,OK,0.10,3.00,0.83,OK,0.10,3.00,0.59,OK,0.10,3.00,1.25,OK,
[13:50:26] : AUTO RUNNING OFF
[13:50:44] : MEAS ESC ON
[13:50:45] : MEAS ESC OFF
[13:50:45] : AUTO RUNNING ON
[13:50:57] : AUTO RUNNING OFF
[13:53:42] : MEAS ESC ON
[13:53:45] : MEAS ESC OFF
[13:53:45] : AUTO RUNNING ON
[13:53:54] : Cycle start ON
[13:53:56] : Cycle start OFF
[13:54:00] : REQUEST MEAS. ON
[13:54:08] : REQUEST MEAS. OFF
[13:54:08] : end pos sig1 :50.000000 - 50.000000
[13:54:08] : 측정요구 ON 2
[13:54:15] : 측정요구 2OFF
[13:54:15] : end pos sig2 :-50.000000 - -50.000000
[13:54:20] : 측정요구3 ON
[13:54:28] : 측정요구3 OFF
[13:54:28] : end pos sig3 :50.000000 - 50.000000
[13:54:28] : 측정요구4 ON
[13:54:35] : 측정요구4 OFF
[13:54:35] : end pos sig4 :-50.000000 - -50.000000
[13:54:35] : 11,20190123-135436,AL19011936373,,OK,MAX,1, ,AUTO,0.10,3.00,0.73,OK,0.10,3.00,0.68,OK,0.10,3.00,0.85,OK,0.10,3.00,1.10,OK,
[13:55:25] : Cycle start ON
[13:55:26] : Cycle start OFF
[13:55:32] : REQUEST MEAS. ON
[13:55:39] : REQUEST MEAS. OFF
[13:55:39] : end pos sig1 :50.000000 - 50.000000
[13:55:39] : 측정요구 ON 2
[13:55:47] : 측정요구 2OFF
[13:55:47] : end pos sig2 :-50.000000 - -50.000000
[13:55:51] : 측정요구3 ON
[13:55:59] : 측정요구3 OFF
[13:55:59] : end pos sig3 :50.000000 - 50.000000
[13:55:59] : 측정요구4 ON
[13:56:06] : 측정요구4 OFF
[13:56:06] : end pos sig4 :-50.000000 - -50.000000
[13:56:06] : 11,20190123-135607,AL19011936423,,OK,MAX,1, ,AUTO,0.10,3.00,0.63,OK,0.10,3.00,0.78,OK,0.10,3.00,0.71,OK,0.10,3.00,1.20,OK,
[13:57:47] : Cycle start ON
[13:57:48] : Cycle start OFF
[13:57:54] : REQUEST MEAS. ON
[13:58:01] : REQUEST MEAS. OFF
[13:58:01] : end pos sig1 :50.000000 - 50.000000
[13:58:01] : 측정요구 ON 2
[13:58:09] : 측정요구 2OFF
[13:58:09] : end pos sig2 :-50.000000 - -50.000000
[13:58:14] : 측정요구3 ON
[13:58:21] : 측정요구3 OFF
[13:58:21] : end pos sig3 :50.000000 - 50.000000
[13:58:22] : 측정요구4 ON
[13:58:29] : 측정요구4 OFF
[13:58:29] : end pos sig4 :-50.000000 - -50.000000
[13:58:29] : 11,20190123-135830,AL19011936363,,OK,MAX,1, ,AUTO,0.10,3.00,1.07,OK,0.10,3.00,0.73,OK,0.10,3.00,0.95,OK,0.10,3.00,1.90,OK,
[13:58:42] : Cycle start ON
[13:58:44] : Cycle start OFF
[13:58:49] : REQUEST MEAS. ON
[13:58:56] : REQUEST MEAS. OFF
[13:58:56] : end pos sig1 :50.000000 - 50.000000
[13:58:56] : 측정요구 ON 2
[13:59:03] : 측정요구 2OFF
[13:59:03] : end pos sig2 :-50.000000 - -50.000000
[13:59:08] : 측정요구3 ON
[13:59:15] : 측정요구3 OFF
[13:59:15] : end pos sig3 :50.000000 - 50.000000
[13:59:16] : 측정요구4 ON
[13:59:23] : 측정요구4 OFF
[13:59:23] : end pos sig4 :-50.000000 - -50.000000
[13:59:23] : 11,20190123-135924,AL19011936393,,OK,MAX,1, ,AUTO,0.10,3.00,0.73,OK,0.10,3.00,0.81,OK,0.10,3.00,0.85,OK,0.10,3.00,1.64,OK,
[14:09:20] : Cycle start ON
[14:09:21] : Cycle start OFF
[14:09:27] : REQUEST MEAS. ON
[14:09:34] : REQUEST MEAS. OFF
[14:09:34] : end pos sig1 :50.000000 - 50.000000
[14:09:34] : 측정요구 ON 2
[14:09:41] : 측정요구 2OFF
[14:09:41] : end pos sig2 :-50.000000 - -46.550000
[14:09:46] : 측정요구3 ON
[14:09:53] : 측정요구3 OFF
[14:09:53] : end pos sig3 :50.000000 - 50.000000
[14:09:54] : 측정요구4 ON
[14:10:01] : 측정요구4 OFF
[14:10:01] : end pos sig4 :-50.000000 - -50.000000
[14:10:01] : 11,20190123-141002,AL19011936403,,OK,MAX,1, ,AUTO,0.10,3.00,0.59,OK,0.10,3.00,0.68,OK,0.10,3.00,0.90,OK,0.10,3.00,1.05,OK,
[14:10:29] : Cycle start ON
[14:10:30] : Cycle start OFF
[14:10:36] : REQUEST MEAS. ON
[14:10:43] : REQUEST MEAS. OFF
[14:10:43] : end pos sig1 :50.000000 - 50.000000
[14:10:43] : 측정요구 ON 2
[14:10:51] : 측정요구 2OFF
[14:10:51] : end pos sig2 :-50.000000 - -50.000000
[14:10:55] : 측정요구3 ON
[14:11:03] : 측정요구3 OFF
[14:11:03] : end pos sig3 :50.000000 - 50.000000
[14:11:03] : 측정요구4 ON
[14:11:11] : 측정요구4 OFF
[14:11:11] : end pos sig4 :-50.000000 - -50.000000
[14:11:11] : 11,20190123-141111,AL19011936543,,OK,MAX,1, ,AUTO,0.10,3.00,0.68,OK,0.10,3.00,0.78,OK,0.10,3.00,0.85,OK,0.10,3.00,1.25,OK,
[14:11:57] : Cycle start ON
[14:11:58] : Cycle start OFF
[14:12:03] : REQUEST MEAS. ON
[14:12:11] : REQUEST MEAS. OFF
[14:12:11] : end pos sig1 :50.000000 - 50.000000
[14:12:11] : 측정요구 ON 2
[14:12:18] : 측정요구 2OFF
[14:12:18] : end pos sig2 :-50.000000 - -50.000000
[14:12:23] : 측정요구3 ON
[14:12:31] : 측정요구3 OFF
[14:12:31] : end pos sig3 :50.000000 - 50.000000
[14:12:31] : 측정요구4 ON
[14:12:38] : 측정요구4 OFF
[14:12:38] : end pos sig4 :-50.000000 - -50.000000
[14:12:38] : 11,20190123-141239,AL19011936763,,OK,MAX,1, ,AUTO,0.10,3.00,0.93,OK,0.10,3.00,0.73,OK,0.10,3.00,0.73,OK,0.10,3.00,1.20,OK,
[14:16:05] : Cycle start ON
[14:16:06] : Cycle start OFF
[14:16:12] : REQUEST MEAS. ON
[14:16:19] : REQUEST MEAS. OFF
[14:16:19] : end pos sig1 :50.000000 - 50.000000
[14:16:19] : 측정요구 ON 2
[14:16:27] : 측정요구 2OFF
[14:16:27] : end pos sig2 :-50.000000 - -50.000000
[14:16:31] : 측정요구3 ON
[14:16:39] : 측정요구3 OFF
[14:16:39] : end pos sig3 :50.000000 - 50.000000
[14:16:39] : 측정요구4 ON
[14:16:47] : 측정요구4 OFF
[14:16:47] : end pos sig4 :-50.000000 - -50.000000
[14:16:47] : 11,20190123-141647,AL19011936783,,OK,MAX,1, ,AUTO,0.10,3.00,0.59,OK,0.10,3.00,0.63,OK,0.10,3.00,0.85,OK,0.10,3.00,1.95,OK,
[14:23:23] : Cycle start ON
[14:23:25] : Cycle start OFF
[14:23:30] : REQUEST MEAS. ON
[14:23:37] : REQUEST MEAS. OFF
[14:23:37] : end pos sig1 :50.000000 - 50.000000
[14:23:38] : 측정요구 ON 2
[14:23:45] : 측정요구 2OFF
[14:23:45] : end pos sig2 :-50.000000 - -50.000000
[14:23:49] : 측정요구3 ON
[14:23:57] : 측정요구3 OFF
[14:23:57] : end pos sig3 :50.000000 - 50.000000
[14:23:57] : 측정요구4 ON
[14:24:04] : 측정요구4 OFF
[14:24:04] : end pos sig4 :-50.000000 - -50.000000
[14:24:04] : 11,20190123-142405,AL19011936793,,OK,MAX,1, ,AUTO,0.10,3.00,0.76,OK,0.10,3.00,0.68,OK,0.10,3.00,0.85,OK,0.10,3.00,1.39,OK,
[14:24:17] : Cycle start ON
[14:24:18] : Cycle start OFF
[14:24:23] : REQUEST MEAS. ON
[14:24:30] : REQUEST MEAS. OFF
[14:24:30] : end pos sig1 :50.000000 - 50.000000
[14:24:31] : 측정요구 ON 2
[14:24:39] : 측정요구 2OFF
[14:24:39] : end pos sig2 :-50.000000 - -50.000000
[14:24:43] : 측정요구3 ON
[14:24:51] : 측정요구3 OFF
[14:24:51] : end pos sig3 :50.000000 - 50.000000
[14:24:51] : 측정요구4 ON
[14:24:58] : 측정요구4 OFF
[14:24:58] : end pos sig4 :-50.000000 - -50.000000
[14:24:58] : 11,20190123-142459,AL19011936813,,OK,MAX,1, ,AUTO,0.10,3.00,0.98,OK,0.10,3.00,0.78,OK,0.10,3.00,0.76,OK,0.10,3.00,1.54,OK,
[14:25:13] : Cycle start ON
[14:25:14] : Cycle start OFF
[14:25:19] : REQUEST MEAS. ON
[14:25:26] : REQUEST MEAS. OFF
[14:25:26] : end pos sig1 :50.000000 - 50.000000
[14:25:26] : 측정요구 ON 2
[14:25:33] : 측정요구 2OFF
[14:25:33] : end pos sig2 :-50.000000 - -50.000000
[14:25:38] : 측정요구3 ON
[14:25:46] : 측정요구3 OFF
[14:25:46] : end pos sig3 :50.000000 - 50.000000
[14:25:46] : 측정요구4 ON
[14:25:53] : 측정요구4 OFF
[14:25:53] : end pos sig4 :-50.000000 - -50.000000
[14:25:53] : 11,20190123-142554,AL19011931901,,OK,MAX,1, ,AUTO,0.10,3.00,0.82,OK,0.10,3.00,0.83,OK,0.10,3.00,0.76,OK,0.10,3.00,1.20,OK,
[14:26:06] : Cycle start ON
[14:26:08] : Cycle start OFF
[14:26:13] : REQUEST MEAS. ON
[14:26:21] : REQUEST MEAS. OFF
[14:26:21] : end pos sig1 :50.000000 - 50.000000
[14:26:21] : 측정요구 ON 2
[14:26:28] : 측정요구 2OFF
[14:26:28] : end pos sig2 :-50.000000 - -49.840000
[14:26:33] : 측정요구3 ON
[14:26:40] : 측정요구3 OFF
[14:26:40] : end pos sig3 :50.000000 - 50.000000
[14:26:41] : 측정요구4 ON
[14:26:48] : 측정요구4 OFF
[14:26:48] : end pos sig4 :-50.000000 - -50.000000
[14:26:48] : 11,20190123-142649,AL19011931831,,OK,MAX,1, ,AUTO,0.10,3.00,0.83,OK,0.10,3.00,0.78,OK,0.10,3.00,0.66,OK,0.10,3.00,0.95,OK,
[14:27:53] : Cycle start ON
[14:27:54] : Cycle start OFF
[14:27:59] : REQUEST MEAS. ON
[14:28:07] : REQUEST MEAS. OFF
[14:28:07] : end pos sig1 :50.000000 - 50.000000
[14:28:07] : 측정요구 ON 2
[14:28:14] : 측정요구 2OFF
[14:28:14] : end pos sig2 :-50.000000 - -50.000000
[14:28:19] : 측정요구3 ON
[14:28:27] : 측정요구3 OFF
[14:28:27] : end pos sig3 :50.000000 - 50.000000
[14:28:27] : 측정요구4 ON
[14:28:34] : 측정요구4 OFF
[14:28:34] : end pos sig4 :-50.000000 - -50.000000
[14:28:35] : 11,20190123-142835,AL19011931821,,OK,MAX,1, ,AUTO,0.10,3.00,0.73,OK,0.10,3.00,0.83,OK,0.10,3.00,0.90,OK,0.10,3.00,1.44,OK,
[14:28:52] : Cycle start ON
[14:28:54] : Cycle start OFF
[14:28:59] : REQUEST MEAS. ON
[14:29:07] : REQUEST MEAS. OFF
[14:29:07] : end pos sig1 :50.000000 - 50.000000
[14:29:07] : 측정요구 ON 2
[14:29:15] : 측정요구 2OFF
[14:29:15] : end pos sig2 :-50.000000 - -50.000000
[14:29:19] : 측정요구3 ON
[14:29:27] : 측정요구3 OFF
[14:29:27] : end pos sig3 :50.000000 - 50.000000
[14:29:27] : 측정요구4 ON
[14:29:35] : 측정요구4 OFF
[14:29:35] : end pos sig4 :-50.000000 - -50.000000
[14:29:35] : 11,20190123-142935,AL19011931841,,OK,MAX,1, ,AUTO,0.10,3.00,0.68,OK,0.10,3.00,0.83,OK,0.10,3.00,0.85,OK,0.10,3.00,1.00,OK,
[14:31:23] : Cycle start ON
[14:31:24] : Cycle start OFF
[14:31:29] : REQUEST MEAS. ON
[14:31:37] : REQUEST MEAS. OFF
[14:31:37] : end pos sig1 :50.000000 - 50.000000
[14:31:37] : 측정요구 ON 2
[14:31:45] : 측정요구 2OFF
[14:31:45] : end pos sig2 :-50.000000 - -50.000000
[14:31:50] : 측정요구3 ON
[14:31:58] : 측정요구3 OFF
[14:31:58] : end pos sig3 :50.000000 - 50.000000
[14:31:58] : 측정요구4 ON
[14:32:05] : 측정요구4 OFF
[14:32:05] : end pos sig4 :-50.000000 - -50.000000
[14:32:05] : 11,20190123-143206,AL19011931861,,OK,MAX,1, ,AUTO,0.10,3.00,0.88,OK,0.10,3.00,0.78,OK,0.10,3.00,0.76,OK,0.10,3.00,1.03,OK,
[14:32:18] : Cycle start ON
[14:32:19] : Cycle start OFF
[14:32:25] : REQUEST MEAS. ON
[14:32:32] : REQUEST MEAS. OFF
[14:32:32] : end pos sig1 :50.000000 - 50.000000
[14:32:32] : 측정요구 ON 2
[14:32:39] : 측정요구 2OFF
[14:32:39] : end pos sig2 :-50.000000 - -50.000000
[14:32:44] : 측정요구3 ON
[14:32:52] : 측정요구3 OFF
[14:32:52] : end pos sig3 :50.000000 - 50.000000
[14:32:52] : 측정요구4 ON
[14:32:59] : 측정요구4 OFF
[14:32:59] : end pos sig4 :-50.000000 - -50.000000
[14:32:59] : 11,20190123-143300,AL19011931881,,OK,MAX,1, ,AUTO,0.10,3.00,0.93,OK,0.10,3.00,0.98,OK,0.10,3.00,0.81,OK,0.10,3.00,1.17,OK,
[14:33:12] : Cycle start ON
[14:33:14] : Cycle start OFF
[14:33:19] : REQUEST MEAS. ON
[14:33:26] : REQUEST MEAS. OFF
[14:33:26] : end pos sig1 :50.000000 - 50.000000
[14:33:26] : 측정요구 ON 2
[14:33:34] : 측정요구 2OFF
[14:33:34] : end pos sig2 :-50.000000 - -50.000000
[14:33:38] : 측정요구3 ON
[14:33:46] : 측정요구3 OFF
[14:33:46] : end pos sig3 :50.000000 - 50.000000
[14:33:46] : 측정요구4 ON
[14:33:54] : 측정요구4 OFF
[14:33:54] : end pos sig4 :-50.000000 - -50.000000
[14:33:54] : 11,20190123-143354,AL19011930441,,OK,MAX,1, ,AUTO,0.10,3.00,0.78,OK,0.10,3.00,0.78,OK,0.10,3.00,0.90,OK,0.10,3.00,1.16,OK,
[14:34:06] : Cycle start ON
[14:34:08] : Cycle start OFF
[14:34:13] : REQUEST MEAS. ON
[14:34:20] : REQUEST MEAS. OFF
[14:34:20] : end pos sig1 :50.000000 - 50.000000
[14:34:20] : 측정요구 ON 2
[14:34:28] : 측정요구 2OFF
[14:34:28] : end pos sig2 :-50.000000 - -50.000000
[14:34:33] : 측정요구3 ON
[14:34:40] : 측정요구3 OFF
[14:34:40] : end pos sig3 :50.000000 - 50.000000
[14:34:41] : 측정요구4 ON
[14:34:48] : 측정요구4 OFF
[14:34:48] : end pos sig4 :-50.000000 - -50.000000
[14:34:48] : 11,20190123-143448,AL19011930421,,OK,MAX,1, ,AUTO,0.10,3.00,0.68,OK,0.10,3.00,0.73,OK,0.10,3.00,0.85,OK,0.10,3.00,1.15,OK,
[14:35:00] : Cycle start ON
[14:35:01] : Cycle start OFF
[14:35:07] : REQUEST MEAS. ON
[14:35:14] : REQUEST MEAS. OFF
[14:35:14] : end pos sig1 :50.000000 - 50.000000
[14:35:14] : 측정요구 ON 2
[14:35:22] : 측정요구 2OFF
[14:35:22] : end pos sig2 :-41.450000 - -41.550000
[14:35:27] : 측정요구3 ON
[14:35:35] : 측정요구3 OFF
[14:35:35] : end pos sig3 :50.000000 - 50.000000
[14:35:35] : 측정요구4 ON
[14:35:42] : 측정요구4 OFF
[14:35:42] : end pos sig4 :-50.000000 - -50.000000
[14:35:42] : 11,20190123-143543,AL19011930411,,OK,MAX,1, ,AUTO,0.10,3.00,1.22,OK,0.10,3.00,0.68,OK,0.10,3.00,0.76,OK,0.10,3.00,1.59,OK,
[14:35:55] : Cycle start ON
[14:35:56] : Cycle start OFF
[14:36:02] : REQUEST MEAS. ON
[14:36:09] : REQUEST MEAS. OFF
[14:36:09] : end pos sig1 :50.000000 - 50.000000
[14:36:09] : 측정요구 ON 2
[14:36:17] : 측정요구 2OFF
[14:36:17] : end pos sig2 :-50.000000 - -50.000000
[14:36:21] : 측정요구3 ON
[14:36:29] : 측정요구3 OFF
[14:36:29] : end pos sig3 :50.000000 - 50.000000
[14:36:29] : 측정요구4 ON
[14:36:36] : 측정요구4 OFF
[14:36:36] : end pos sig4 :-50.000000 - -50.000000
[14:36:36] : 11,20190123-143637,AL19011930471,,OK,MAX,1, ,AUTO,0.10,3.00,0.88,OK,0.10,3.00,0.88,OK,0.10,3.00,0.76,OK,0.10,3.00,1.20,OK,
[14:36:49] : Cycle start ON
[14:36:50] : Cycle start OFF
[14:36:56] : REQUEST MEAS. ON
[14:37:03] : REQUEST MEAS. OFF
[14:37:03] : end pos sig1 :50.000000 - 50.000000
[14:37:03] : 측정요구 ON 2
[14:37:11] : 측정요구 2OFF
[14:37:11] : end pos sig2 :-50.000000 - -49.660000
[14:37:16] : 측정요구3 ON
[14:37:23] : 측정요구3 OFF
[14:37:23] : end pos sig3 :50.000000 - 50.000000
[14:37:24] : 측정요구4 ON
[14:37:31] : 측정요구4 OFF
[14:37:31] : end pos sig4 :-50.000000 - -50.000000
[14:37:31] : 11,20190123-143732,AL19011930491,,OK,MAX,1, ,AUTO,0.10,3.00,0.78,OK,0.10,3.00,0.88,OK,0.10,3.00,0.66,OK,0.10,3.00,0.95,OK,
[14:37:44] : Cycle start ON
[14:37:45] : Cycle start OFF
[14:37:51] : REQUEST MEAS. ON
[14:37:58] : REQUEST MEAS. OFF
[14:37:58] : end pos sig1 :50.000000 - 50.000000
[14:37:58] : 측정요구 ON 2
[14:38:06] : 측정요구 2OFF
[14:38:06] : end pos sig2 :-50.000000 - -50.000000
[14:38:11] : 측정요구3 ON
[14:38:19] : 측정요구3 OFF
[14:38:19] : end pos sig3 :50.000000 - 50.000000
[14:38:19] : 측정요구4 ON
[14:38:26] : 측정요구4 OFF
[14:38:26] : end pos sig4 :-50.000000 - -50.000000
[14:38:26] : 11,20190123-143827,AL19011931211,,OK,MAX,1, ,AUTO,0.10,3.00,0.68,OK,0.10,3.00,0.73,OK,0.10,3.00,1.22,OK,0.10,3.00,1.05,OK,
[14:38:39] : Cycle start ON
[14:38:40] : Cycle start OFF
[14:38:46] : REQUEST MEAS. ON
[14:38:53] : REQUEST MEAS. OFF
[14:38:53] : end pos sig1 :50.000000 - 50.000000
[14:38:53] : 측정요구 ON 2
[14:39:00] : 측정요구 2OFF
[14:39:00] : end pos sig2 :-50.000000 - -48.690000
[14:39:05] : 측정요구3 ON
[14:39:12] : 측정요구3 OFF
[14:39:12] : end pos sig3 :50.000000 - 50.000000
[14:39:13] : 측정요구4 ON
[14:39:20] : 측정요구4 OFF
[14:39:20] : end pos sig4 :-50.000000 - -50.000000
[14:39:20] : 11,20190123-143921,AL19011931221,,OK,MAX,1, ,AUTO,0.10,3.00,0.93,OK,0.10,3.00,0.73,OK,0.10,3.00,1.10,OK,0.10,3.00,1.22,OK,
[14:39:33] : Cycle start ON
[14:39:35] : Cycle start OFF
[14:39:40] : REQUEST MEAS. ON
[14:39:47] : REQUEST MEAS. OFF
[14:39:47] : end pos sig1 :50.000000 - 50.000000
[14:39:47] : 측정요구 ON 2
[14:39:55] : 측정요구 2OFF
[14:39:55] : end pos sig2 :-50.000000 - -50.000000
[14:40:00] : 측정요구3 ON
[14:40:07] : 측정요구3 OFF
[14:40:07] : end pos sig3 :50.000000 - 50.000000
[14:40:08] : 측정요구4 ON
[14:40:15] : 측정요구4 OFF
[14:40:15] : end pos sig4 :-50.000000 - -50.000000
[14:40:15] : 11,20190123-144016,AL19011931241,,OK,MAX,1, ,AUTO,0.10,3.00,0.93,OK,0.10,3.00,0.68,OK,0.10,3.00,1.05,OK,0.10,3.00,1.25,OK,
[14:40:28] : Cycle start ON
[14:40:29] : Cycle start OFF
[14:40:35] : REQUEST MEAS. ON
[14:40:42] : REQUEST MEAS. OFF
[14:40:42] : end pos sig1 :50.000000 - 50.000000
[14:40:42] : 측정요구 ON 2
[14:40:50] : 측정요구 2OFF
[14:40:50] : end pos sig2 :-50.000000 - -50.000000
[14:40:54] : 측정요구3 ON
[14:41:01] : 측정요구3 OFF
[14:41:01] : end pos sig3 :50.000000 - 50.000000
[14:41:02] : 측정요구4 ON
[14:41:09] : 측정요구4 OFF
[14:41:09] : end pos sig4 :-50.000000 - -50.000000
[14:41:09] : 11,20190123-144110,AL19011931261,,OK,MAX,1, ,AUTO,0.10,3.00,0.73,OK,0.10,3.00,0.73,OK,0.10,3.00,0.81,OK,0.10,3.00,1.46,OK,
[14:41:22] : Cycle start ON
[14:41:24] : Cycle start OFF
[14:41:29] : REQUEST MEAS. ON
[14:41:36] : REQUEST MEAS. OFF
[14:41:36] : end pos sig1 :50.000000 - 50.000000
[14:41:36] : 측정요구 ON 2
[14:41:44] : 측정요구 2OFF
[14:41:44] : end pos sig2 :-50.000000 - -50.000000
[14:41:49] : 측정요구3 ON
[14:41:57] : 측정요구3 OFF
[14:41:57] : end pos sig3 :50.000000 - 50.000000
[14:41:57] : 측정요구4 ON
[14:42:04] : 측정요구4 OFF
[14:42:04] : end pos sig4 :-50.000000 - -50.000000
[14:42:04] : 11,20190123-144205,AL19011931281,,OK,MAX,1, ,AUTO,0.10,3.00,0.59,OK,0.10,3.00,0.66,OK,0.10,3.00,0.66,OK,0.10,3.00,1.05,OK,
[14:42:17] : Cycle start ON
[14:42:18] : Cycle start OFF
[14:42:23] : REQUEST MEAS. ON
[14:42:31] : REQUEST MEAS. OFF
[14:42:31] : end pos sig1 :50.000000 - 50.000000
[14:42:31] : 측정요구 ON 2
[14:42:38] : 측정요구 2OFF
[14:42:38] : end pos sig2 :-50.000000 - -50.000000
[14:42:43] : 측정요구3 ON
[14:42:51] : 측정요구3 OFF
[14:42:51] : end pos sig3 :50.000000 - 50.000000
[14:42:51] : 측정요구4 ON
[14:42:58] : 측정요구4 OFF
[14:42:58] : end pos sig4 :-50.000000 - -50.000000
[14:42:58] : 11,20190123-144259,AL19011937733,,OK,MAX,1, ,AUTO,0.10,3.00,0.88,OK,0.10,3.00,0.88,OK,0.10,3.00,0.59,OK,0.10,3.00,1.06,OK,
[14:43:11] : Cycle start ON
[14:43:12] : Cycle start OFF
[14:43:18] : REQUEST MEAS. ON
[14:43:25] : REQUEST MEAS. OFF
[14:43:25] : end pos sig1 :50.000000 - 50.000000
[14:43:25] : 측정요구 ON 2
[14:43:33] : 측정요구 2OFF
[14:43:33] : end pos sig2 :-50.000000 - -50.000000
[14:43:38] : 측정요구3 ON
[14:43:46] : 측정요구3 OFF
[14:43:46] : end pos sig3 :50.000000 - 50.000000
[14:43:46] : 측정요구4 ON
[14:43:53] : 측정요구4 OFF
[14:43:53] : end pos sig4 :-50.000000 - -50.000000
[14:43:53] : 11,20190123-144353,AL19011930031,,OK,MAX,1, ,AUTO,0.10,3.00,0.63,OK,0.10,3.00,0.83,OK,0.10,3.00,0.81,OK,0.10,3.00,1.76,OK,
[14:44:06] : Cycle start ON
[14:44:07] : Cycle start OFF
[14:44:13] : REQUEST MEAS. ON
[14:44:20] : REQUEST MEAS. OFF
[14:44:20] : end pos sig1 :50.000000 - 50.000000
[14:44:20] : 측정요구 ON 2
[14:44:27] : 측정요구 2OFF
[14:44:27] : end pos sig2 :-50.000000 - -50.000000
[14:44:32] : 측정요구3 ON
[14:44:40] : 측정요구3 OFF
[14:44:40] : end pos sig3 :50.000000 - 50.000000
[14:44:40] : 측정요구4 ON
[14:44:47] : 측정요구4 OFF
[14:44:47] : end pos sig4 :-50.000000 - -50.000000
[14:44:47] : 11,20190123-144448,AL19011930051,,OK,MAX,1, ,AUTO,0.10,3.00,0.59,OK,0.10,3.00,0.63,OK,0.10,3.00,0.90,OK,0.10,3.00,1.59,OK,
[14:45:00] : Cycle start ON
[14:45:01] : Cycle start OFF
[14:45:07] : REQUEST MEAS. ON
[14:45:14] : REQUEST MEAS. OFF
[14:45:14] : end pos sig1 :50.000000 - 50.000000
[14:45:14] : 측정요구 ON 2
[14:45:22] : 측정요구 2OFF
[14:45:22] : end pos sig2 :-50.000000 - -50.000000
[14:45:27] : 측정요구3 ON
[14:45:35] : 측정요구3 OFF
[14:45:35] : end pos sig3 :50.000000 - 50.000000
[14:45:35] : 측정요구4 ON
[14:45:42] : 측정요구4 OFF
[14:45:42] : end pos sig4 :-50.000000 - -50.000000
[14:45:42] : 11,20190123-144543,AL19011930071,,OK,MAX,1, ,AUTO,0.10,3.00,0.90,OK,0.10,3.00,0.93,OK,0.10,3.00,0.90,OK,0.10,3.00,1.20,OK,
[14:45:55] : Cycle start ON
[14:45:57] : Cycle start OFF
[14:46:02] : REQUEST MEAS. ON
[14:46:09] : REQUEST MEAS. OFF
[14:46:09] : end pos sig1 :50.000000 - 50.000000
[14:46:09] : 측정요구 ON 2
[14:46:17] : 측정요구 2OFF
[14:46:17] : end pos sig2 :-50.000000 - -50.000000
[14:46:22] : 측정요구3 ON
[14:46:29] : 측정요구3 OFF
[14:46:29] : end pos sig3 :50.000000 - 50.000000
[14:46:29] : 측정요구4 ON
[14:46:36] : 측정요구4 OFF
[14:46:36] : end pos sig4 :-50.000000 - -50.000000
[14:46:36] : 11,20190123-144637,AL19011930091,,OK,MAX,1, ,AUTO,0.10,3.00,0.63,OK,0.10,3.00,0.68,OK,0.10,3.00,0.90,OK,0.10,3.00,1.10,OK,
[14:46:50] : Cycle start ON
[14:46:52] : Cycle start OFF
[14:46:57] : REQUEST MEAS. ON
[14:47:04] : REQUEST MEAS. OFF
[14:47:04] : end pos sig1 :50.000000 - 50.000000
[14:47:04] : 측정요구 ON 2
[14:47:11] : 측정요구 2OFF
[14:47:11] : end pos sig2 :-50.000000 - -50.000000
[14:47:16] : 측정요구3 ON
[14:47:24] : 측정요구3 OFF
[14:47:24] : end pos sig3 :50.000000 - 50.000000
[14:47:24] : 측정요구4 ON
[14:47:31] : 측정요구4 OFF
[14:47:31] : end pos sig4 :-50.000000 - -50.000000
[14:47:31] : 11,20190123-144732,AL19011932961,,OK,MAX,1, ,AUTO,0.10,3.00,0.73,OK,0.10,3.00,0.73,OK,0.10,3.00,0.95,OK,0.10,3.00,1.42,OK,
[14:47:44] : Cycle start ON
[14:47:45] : Cycle start OFF
[14:47:50] : REQUEST MEAS. ON
[14:47:58] : REQUEST MEAS. OFF
[14:47:58] : end pos sig1 :50.000000 - 50.000000
[14:47:58] : 측정요구 ON 2
[14:48:05] : 측정요구 2OFF
[14:48:05] : end pos sig2 :-50.000000 - -50.000000
[14:48:10] : 측정요구3 ON
[14:48:18] : 측정요구3 OFF
[14:48:18] : end pos sig3 :50.000000 - 50.000000
[14:48:18] : 측정요구4 ON
[14:48:26] : 측정요구4 OFF
[14:48:26] : end pos sig4 :-50.000000 - -50.000000
[14:48:26] : 11,20190123-144826,AL19011932941,,OK,MAX,1, ,AUTO,0.10,3.00,0.88,OK,0.10,3.00,0.78,OK,0.10,3.00,0.90,OK,0.10,3.00,1.16,OK,
[14:48:39] : Cycle start ON
[14:48:41] : Cycle start OFF
[14:48:46] : REQUEST MEAS. ON
[14:48:53] : REQUEST MEAS. OFF
[14:48:53] : end pos sig1 :50.000000 - 50.000000
[14:48:53] : 측정요구 ON 2
[14:49:00] : 측정요구 2OFF
[14:49:00] : end pos sig2 :-50.000000 - -45.640000
[14:49:05] : 측정요구3 ON
[14:49:12] : 측정요구3 OFF
[14:49:12] : end pos sig3 :50.000000 - 50.000000
[14:49:13] : 측정요구4 ON
[14:49:20] : 측정요구4 OFF
[14:49:20] : end pos sig4 :-50.000000 - -50.000000
[14:49:20] : 11,20190123-144921,AL19011933021,,OK,MAX,1, ,AUTO,0.10,3.00,0.73,OK,0.10,3.00,0.83,OK,0.10,3.00,0.88,OK,0.10,3.00,0.85,OK,
[14:49:33] : Cycle start ON
[14:49:34] : Cycle start OFF
[14:49:39] : REQUEST MEAS. ON
[14:49:47] : REQUEST MEAS. OFF
[14:49:47] : end pos sig1 :50.000000 - 50.000000
[14:49:47] : 측정요구 ON 2
[14:49:54] : 측정요구 2OFF
[14:49:54] : end pos sig2 :-50.000000 - -50.000000
[14:49:59] : 측정요구3 ON
[14:50:06] : 측정요구3 OFF
[14:50:06] : end pos sig3 :50.000000 - 50.000000
[14:50:06] : 측정요구4 ON
[14:50:14] : 측정요구4 OFF
[14:50:14] : end pos sig4 :-50.000000 - -50.000000
[14:50:14] : 11,20190123-145015,AL19011933041,,OK,MAX,1, ,AUTO,0.10,3.00,0.78,OK,0.10,3.00,0.83,OK,0.10,3.00,0.71,OK,0.10,3.00,1.15,OK,
[14:50:27] : Cycle start ON
[14:50:29] : Cycle start OFF
[14:50:34] : REQUEST MEAS. ON
[14:50:41] : REQUEST MEAS. OFF
[14:50:41] : end pos sig1 :50.000000 - 50.000000
[14:50:41] : 측정요구 ON 2
[14:50:49] : 측정요구 2OFF
[14:50:49] : end pos sig2 :-50.000000 - -50.000000
[14:50:54] : 측정요구3 ON
[14:51:01] : 측정요구3 OFF
[14:51:01] : end pos sig3 :50.000000 - 50.000000
[14:51:02] : 측정요구4 ON
[14:51:09] : 측정요구4 OFF
[14:51:09] : end pos sig4 :-50.000000 - -50.000000
[14:51:09] : 11,20190123-145110,AL19011932991,,OK,MAX,1, ,AUTO,0.10,3.00,0.98,OK,0.10,3.00,0.88,OK,0.10,3.00,0.81,OK,0.10,3.00,1.00,OK,
[14:51:22] : Cycle start ON
[14:51:23] : Cycle start OFF
[14:51:28] : REQUEST MEAS. ON
[14:51:36] : REQUEST MEAS. OFF
[14:51:36] : end pos sig1 :50.000000 - 50.000000
[14:51:36] : 측정요구 ON 2
[14:51:43] : 측정요구 2OFF
[14:51:43] : end pos sig2 :-50.000000 - -50.000000
[14:51:48] : 측정요구3 ON
[14:51:56] : 측정요구3 OFF
[14:51:56] : end pos sig3 :50.000000 - 50.000000
[14:51:56] : 측정요구4 ON
[14:52:03] : 측정요구4 OFF
[14:52:03] : end pos sig4 :-50.000000 - -50.000000
[14:52:03] : 11,20190123-145204,AL19011930551,,OK,MAX,1, ,AUTO,0.10,3.00,0.63,OK,0.10,3.00,0.68,OK,0.10,3.00,0.71,OK,0.10,3.00,1.27,OK,
[14:52:16] : Cycle start ON
[14:52:17] : Cycle start OFF
[14:52:22] : REQUEST MEAS. ON
[14:52:30] : REQUEST MEAS. OFF
[14:52:30] : end pos sig1 :50.000000 - 50.000000
[14:52:30] : 측정요구 ON 2
[14:52:38] : 측정요구 2OFF
[14:52:38] : end pos sig2 :-50.000000 - -50.000000
[14:52:42] : 측정요구3 ON
[14:52:50] : 측정요구3 OFF
[14:52:50] : end pos sig3 :50.000000 - 50.000000
[14:52:50] : 측정요구4 ON
[14:52:58] : 측정요구4 OFF
[14:52:58] : end pos sig4 :-50.000000 - -50.000000
[14:52:58] : 11,20190123-145259,AL19011930531,,OK,MAX,1, ,AUTO,0.10,3.00,0.63,OK,0.10,3.00,0.73,OK,0.10,3.00,0.90,OK,0.10,3.00,1.42,OK,
[14:53:11] : Cycle start ON
[14:53:12] : Cycle start OFF
[14:53:17] : REQUEST MEAS. ON
[14:53:25] : REQUEST MEAS. OFF
[14:53:25] : end pos sig1 :50.000000 - 50.000000
[14:53:25] : 측정요구 ON 2
[14:53:32] : 측정요구 2OFF
[14:53:32] : end pos sig2 :-50.000000 - -50.000000
[14:53:37] : 측정요구3 ON
[14:53:45] : 측정요구3 OFF
[14:53:45] : end pos sig3 :50.000000 - 50.000000
[14:53:45] : 측정요구4 ON
[14:53:52] : 측정요구4 OFF
[14:53:52] : end pos sig4 :-50.000000 - -50.000000
[14:53:52] : 11,20190123-145353,AL19011930511,,OK,MAX,1, ,AUTO,0.10,3.00,0.68,OK,0.10,3.00,0.73,OK,0.10,3.00,0.90,OK,0.10,3.00,1.17,OK,
[14:54:05] : Cycle start ON
[14:54:06] : Cycle start OFF
[14:54:11] : REQUEST MEAS. ON
[14:54:19] : REQUEST MEAS. OFF
[14:54:19] : end pos sig1 :50.000000 - 50.000000
[14:54:19] : 측정요구 ON 2
[14:54:26] : 측정요구 2OFF
[14:54:26] : end pos sig2 :-50.000000 - -50.000000
[14:54:31] : 측정요구3 ON
[14:54:39] : 측정요구3 OFF
[14:54:39] : end pos sig3 :50.000000 - 50.000000
[14:54:39] : 측정요구4 ON
[14:54:47] : 측정요구4 OFF
[14:54:47] : end pos sig4 :-50.000000 - -50.000000
[14:54:47] : 11,20190123-145447,AL19011930581,,OK,MAX,1, ,AUTO,0.10,3.00,0.88,OK,0.10,3.00,0.68,OK,0.10,3.00,0.90,OK,0.10,3.00,1.42,OK,
[14:54:59] : Cycle start ON
[14:55:01] : Cycle start OFF
[14:55:06] : REQUEST MEAS. ON
[14:55:13] : REQUEST MEAS. OFF
[14:55:13] : end pos sig1 :50.000000 - 50.000000
[14:55:13] : 측정요구 ON 2
[14:55:21] : 측정요구 2OFF
[14:55:21] : end pos sig2 :-50.000000 - -50.000000
[14:55:26] : 측정요구3 ON
[14:55:34] : 측정요구3 OFF
[14:55:34] : end pos sig3 :50.000000 - 50.000000
[14:55:34] : 측정요구4 ON
[14:55:41] : 측정요구4 OFF
[14:55:41] : end pos sig4 :-50.000000 - -50.000000
[14:55:42] : 11,20190123-145542,AL19011930541,,OK,MAX,1, ,AUTO,0.10,3.00,1.07,OK,0.10,3.00,0.63,OK,0.10,3.00,0.71,OK,0.10,3.00,1.00,OK,
[14:55:54] : Cycle start ON
[14:55:55] : Cycle start OFF
[14:56:00] : REQUEST MEAS. ON
[14:56:08] : REQUEST MEAS. OFF
[14:56:08] : end pos sig1 :50.000000 - 50.000000
[14:56:08] : 측정요구 ON 2
[14:56:16] : 측정요구 2OFF
[14:56:16] : end pos sig2 :-50.000000 - -50.000000
[14:56:21] : 측정요구3 ON
[14:56:28] : 측정요구3 OFF
[14:56:28] : end pos sig3 :50.000000 - 50.000000
[14:56:29] : 측정요구4 ON
[14:56:36] : 측정요구4 OFF
[14:56:36] : end pos sig4 :-50.000000 - -50.000000
[14:56:36] : 11,20190123-145636,AL19011933091,,OK,MAX,1, ,AUTO,0.10,3.00,0.63,OK,0.10,3.00,0.78,OK,0.10,3.00,0.85,OK,0.10,3.00,1.32,OK,
[14:56:48] : Cycle start ON
[14:56:49] : Cycle start OFF
[14:56:54] : REQUEST MEAS. ON
[14:57:02] : REQUEST MEAS. OFF
[14:57:02] : end pos sig1 :50.000000 - 50.000000
[14:57:02] : 측정요구 ON 2
[14:57:10] : 측정요구 2OFF
[14:57:10] : end pos sig2 :-50.000000 - -50.000000
[14:57:15] : 측정요구3 ON
[14:57:23] : 측정요구3 OFF
[14:57:23] : end pos sig3 :50.000000 - 50.000000
[14:57:23] : 측정요구4 ON
[14:57:30] : 측정요구4 OFF
[14:57:30] : end pos sig4 :-50.000000 - -50.000000
[14:57:30] : 11,20190123-145731,AL19011933111,,OK,MAX,1, ,AUTO,0.10,3.00,0.93,OK,0.10,3.00,0.73,OK,0.10,3.00,0.85,OK,0.10,3.00,1.11,OK,
[14:57:43] : Cycle start ON
[14:57:45] : Cycle start OFF
[14:57:50] : REQUEST MEAS. ON
[14:57:57] : REQUEST MEAS. OFF
[14:57:57] : end pos sig1 :50.000000 - 50.000000
[14:57:57] : 측정요구 ON 2
[14:58:05] : 측정요구 2OFF
[14:58:05] : end pos sig2 :-50.000000 - -50.000000
[14:58:09] : 측정요구3 ON
[14:58:17] : 측정요구3 OFF
[14:58:17] : end pos sig3 :50.000000 - 50.000000
[14:58:17] : 측정요구4 ON
[14:58:25] : 측정요구4 OFF
[14:58:25] : end pos sig4 :-50.000000 - -50.000000
[14:58:26] : 11,20190123-145826,AL19011933131,,OK,MAX,1, ,AUTO,0.10,3.00,0.59,OK,0.10,3.00,0.63,OK,0.10,3.00,0.76,OK,0.10,3.00,1.20,OK,
[14:58:38] : Cycle start ON
[14:58:40] : Cycle start OFF
[14:58:45] : REQUEST MEAS. ON
[14:58:52] : REQUEST MEAS. OFF
[14:58:52] : end pos sig1 :50.000000 - 50.000000
[14:58:52] : 측정요구 ON 2
[14:58:59] : 측정요구 2OFF
[14:58:59] : end pos sig2 :-50.000000 - -50.000000
[14:59:04] : 측정요구3 ON
[14:59:12] : 측정요구3 OFF
[14:59:12] : end pos sig3 :50.000000 - 50.000000
[14:59:12] : 측정요구4 ON
[14:59:19] : 측정요구4 OFF
[14:59:19] : end pos sig4 :-50.000000 - -50.000000
[14:59:19] : 11,20190123-145920,AL19011933161,,OK,MAX,1, ,AUTO,0.10,3.00,0.63,OK,0.10,3.00,0.78,OK,0.10,3.00,0.76,OK,0.10,3.00,1.51,OK,
[14:59:32] : Cycle start ON
[14:59:33] : Cycle start OFF
[14:59:39] : REQUEST MEAS. ON
[14:59:46] : REQUEST MEAS. OFF
[14:59:46] : end pos sig1 :50.000000 - 50.000000
[14:59:46] : 측정요구 ON 2
[14:59:54] : 측정요구 2OFF
[14:59:54] : end pos sig2 :-50.000000 - -50.000000
[14:59:59] : 측정요구3 ON
[15:00:07] : 측정요구3 OFF
[15:00:07] : end pos sig3 :50.000000 - 50.000000
[15:00:07] : 측정요구4 ON
[15:00:14] : 측정요구4 OFF
[15:00:14] : end pos sig4 :-50.000000 - -50.000000
[15:00:14] : 11,20190123-150015,AL19011933001,,OK,MAX,1, ,AUTO,0.10,3.00,0.68,OK,0.10,3.00,0.68,OK,0.10,3.00,0.81,OK,0.10,3.00,1.20,OK,
[15:03:17] : Cycle start ON
[15:03:19] : Cycle start OFF
[15:03:24] : REQUEST MEAS. ON
[15:03:31] : REQUEST MEAS. OFF
[15:03:31] : end pos sig1 :50.000000 - 50.000000
[15:03:31] : 측정요구 ON 2
[15:03:39] : 측정요구 2OFF
[15:03:39] : end pos sig2 :-50.000000 - -50.000000
[15:03:43] : 측정요구3 ON
[15:03:51] : 측정요구3 OFF
[15:03:51] : end pos sig3 :50.000000 - 50.000000
[15:03:51] : 측정요구4 ON
[15:03:58] : 측정요구4 OFF
[15:03:58] : end pos sig4 :-50.000000 - -50.000000
[15:03:58] : 11,20190123-150359,AL19011932981,,OK,MAX,1, ,AUTO,0.10,3.00,0.63,OK,0.10,3.00,0.73,OK,0.10,3.00,0.85,OK,0.10,3.00,1.00,OK,
[15:04:29] : Cycle start ON
[15:04:30] : Cycle start OFF
[15:04:35] : REQUEST MEAS. ON
[15:04:42] : REQUEST MEAS. OFF
[15:04:42] : end pos sig1 :50.000000 - 50.000000
[15:04:42] : 측정요구 ON 2
[15:04:50] : 측정요구 2OFF
[15:04:50] : end pos sig2 :-50.000000 - -50.000000
[15:04:55] : 측정요구3 ON
[15:05:02] : 측정요구3 OFF
[15:05:02] : end pos sig3 :50.000000 - 50.000000
[15:05:02] : 측정요구4 ON
[15:05:10] : 측정요구4 OFF
[15:05:10] : end pos sig4 :-50.000000 - -50.000000
[15:05:10] : 11,20190123-150511,AL19011932471,,OK,MAX,1, ,AUTO,0.10,3.00,0.78,OK,0.10,3.00,0.78,OK,0.10,3.00,0.71,OK,0.10,3.00,0.90,OK,
[15:05:24] : Cycle start ON
[15:05:25] : Cycle start OFF
[15:05:30] : REQUEST MEAS. ON
[15:05:38] : REQUEST MEAS. OFF
[15:05:38] : end pos sig1 :50.000000 - 50.000000
[15:05:38] : 측정요구 ON 2
[15:05:45] : 측정요구 2OFF
[15:05:45] : end pos sig2 :-50.000000 - -45.640000
[15:05:50] : 측정요구3 ON
[15:05:58] : 측정요구3 OFF
[15:05:58] : end pos sig3 :50.000000 - 50.000000
[15:05:58] : 측정요구4 ON
[15:06:05] : 측정요구4 OFF
[15:06:05] : end pos sig4 :-50.000000 - -50.000000
[15:06:05] : 11,20190123-150606,AL19011932491,,OK,MAX,1, ,AUTO,0.10,3.00,0.73,OK,0.10,3.00,0.78,OK,0.10,3.00,0.90,OK,0.10,3.00,1.29,OK,
[15:06:18] : Cycle start ON
[15:06:20] : Cycle start OFF
[15:06:25] : REQUEST MEAS. ON
[15:06:32] : REQUEST MEAS. OFF
[15:06:32] : end pos sig1 :50.000000 - 50.000000
[15:06:32] : 측정요구 ON 2
[15:06:40] : 측정요구 2OFF
[15:06:40] : end pos sig2 :-50.000000 - -50.000000
[15:06:45] : 측정요구3 ON
[15:06:52] : 측정요구3 OFF
[15:06:52] : end pos sig3 :50.000000 - 50.000000
[15:06:52] : 측정요구4 ON
[15:07:00] : 측정요구4 OFF
[15:07:00] : end pos sig4 :-50.000000 - -50.000000
[15:07:00] : 11,20190123-150700,AL19011932431,,OK,MAX,1, ,AUTO,0.10,3.00,0.68,OK,0.10,3.00,0.73,OK,0.10,3.00,0.66,OK,0.10,3.00,0.76,OK,
[15:07:12] : Cycle start ON
[15:07:13] : Cycle start OFF
[15:07:18] : REQUEST MEAS. ON
[15:07:26] : REQUEST MEAS. OFF
[15:07:26] : end pos sig1 :50.000000 - 50.000000
[15:07:26] : 측정요구 ON 2
[15:07:34] : 측정요구 2OFF
[15:07:34] : end pos sig2 :-50.000000 - -50.000000
[15:07:39] : 측정요구3 ON
[15:07:47] : 측정요구3 OFF
[15:07:47] : end pos sig3 :50.000000 - 50.000000
[15:07:47] : 측정요구4 ON
[15:07:54] : 측정요구4 OFF
[15:07:54] : end pos sig4 :-50.000000 - -50.000000
[15:07:54] : 11,20190123-150755,AL19011932511,,OK,MAX,1, ,AUTO,0.10,3.00,0.59,OK,0.10,3.00,0.78,OK,0.10,3.00,0.85,OK,0.10,3.00,0.85,OK,
[15:08:07] : Cycle start ON
[15:08:09] : Cycle start OFF
[15:08:13] : REQUEST MEAS. ON
[15:08:21] : REQUEST MEAS. OFF
[15:08:21] : end pos sig1 :50.000000 - 50.000000
[15:08:21] : 측정요구 ON 2
[15:08:28] : 측정요구 2OFF
[15:08:28] : end pos sig2 :-50.000000 - -50.000000
[15:08:33] : 측정요구3 ON
[15:08:40] : 측정요구3 OFF
[15:08:40] : end pos sig3 :50.000000 - 50.000000
[15:08:41] : 측정요구4 ON
[15:08:48] : 측정요구4 OFF
[15:08:48] : end pos sig4 :-50.000000 - -50.000000
[15:08:48] : 11,20190123-150849,AL19011932531,,OK,MAX,1, ,AUTO,0.10,3.00,0.59,OK,0.10,3.00,0.63,OK,0.10,3.00,0.95,OK,0.10,3.00,1.34,OK,
[15:09:01] : Cycle start ON
[15:09:03] : Cycle start OFF
[15:09:08] : REQUEST MEAS. ON
[15:09:15] : REQUEST MEAS. OFF
[15:09:15] : end pos sig1 :50.000000 - 50.000000
[15:09:15] : 측정요구 ON 2
[15:09:23] : 측정요구 2OFF
[15:09:23] : end pos sig2 :-50.000000 - -50.000000
[15:09:27] : 측정요구3 ON
[15:09:34] : 측정요구3 OFF
[15:09:34] : end pos sig3 :50.000000 - 50.000000
[15:09:35] : 측정요구4 ON
[15:09:42] : 측정요구4 OFF
[15:09:42] : end pos sig4 :-50.000000 - -50.000000
[15:09:42] : 11,20190123-150943,AL19011930111,,OK,MAX,1, ,AUTO,0.10,3.00,0.68,OK,0.10,3.00,0.78,OK,0.10,3.00,0.71,OK,0.10,3.00,1.51,OK,
[15:09:55] : Cycle start ON
[15:09:56] : Cycle start OFF
[15:10:02] : REQUEST MEAS. ON
[15:10:09] : REQUEST MEAS. OFF
[15:10:09] : end pos sig1 :50.000000 - 50.000000
[15:10:09] : 측정요구 ON 2
[15:10:17] : 측정요구 2OFF
[15:10:17] : end pos sig2 :-50.000000 - -50.000000
[15:10:22] : 측정요구3 ON
[15:10:29] : 측정요구3 OFF
[15:10:29] : end pos sig3 :50.000000 - 50.000000
[15:10:30] : 측정요구4 ON
[15:10:37] : 측정요구4 OFF
[15:10:37] : end pos sig4 :-50.000000 - -50.000000
[15:10:37] : 11,20190123-151038,AL19011930131,,OK,MAX,1, ,AUTO,0.10,3.00,0.98,OK,0.10,3.00,0.78,OK,0.10,3.00,0.85,OK,0.10,3.00,1.55,OK,
[15:10:50] : Cycle start ON
[15:10:52] : Cycle start OFF
[15:10:57] : REQUEST MEAS. ON
[15:11:04] : REQUEST MEAS. OFF
[15:11:04] : end pos sig1 :50.000000 - 50.000000
[15:11:04] : 측정요구 ON 2
[15:11:12] : 측정요구 2OFF
[15:11:12] : end pos sig2 :-50.000000 - -50.000000
[15:11:17] : 측정요구3 ON
[15:11:25] : 측정요구3 OFF
[15:11:25] : end pos sig3 :50.000000 - 50.000000
[15:11:25] : 측정요구4 ON
[15:11:32] : 측정요구4 OFF
[15:11:32] : end pos sig4 :-50.000000 - -50.000000
[15:11:32] : 11,20190123-151133,AL19011930151,,OK,MAX,1, ,AUTO,0.10,3.00,0.83,OK,0.10,3.00,1.03,OK,0.10,3.00,0.71,OK,0.10,3.00,1.29,OK,
[15:11:45] : Cycle start ON
[15:11:47] : Cycle start OFF
[15:11:52] : REQUEST MEAS. ON
[15:11:59] : REQUEST MEAS. OFF
[15:11:59] : end pos sig1 :50.000000 - 50.000000
[15:11:59] : 측정요구 ON 2
[15:12:06] : 측정요구 2OFF
[15:12:06] : end pos sig2 :-50.000000 - -48.050000
[15:12:11] : 측정요구3 ON
[15:12:19] : 측정요구3 OFF
[15:12:19] : end pos sig3 :50.000000 - 50.000000
[15:12:19] : 측정요구4 ON
[15:12:26] : 측정요구4 OFF
[15:12:26] : end pos sig4 :-50.000000 - -50.000000
[15:12:26] : 11,20190123-151227,AL19011930191,,OK,MAX,1, ,AUTO,0.10,3.00,0.98,OK,0.10,3.00,0.73,OK,0.10,3.00,1.10,OK,0.10,3.00,1.20,OK,
[15:12:39] : Cycle start ON
[15:12:40] : Cycle start OFF
[15:12:46] : REQUEST MEAS. ON
[15:12:53] : REQUEST MEAS. OFF
[15:12:53] : end pos sig1 :50.000000 - 50.000000
[15:12:53] : 측정요구 ON 2
[15:13:01] : 측정요구 2OFF
[15:13:01] : end pos sig2 :-50.000000 - -46.470000
[15:13:06] : 측정요구3 ON
[15:13:13] : 측정요구3 OFF
[15:13:13] : end pos sig3 :50.000000 - 50.000000
[15:13:13] : 측정요구4 ON
[15:13:21] : 측정요구4 OFF
[15:13:21] : end pos sig4 :-50.000000 - -50.000000
[15:13:21] : 11,20190123-151322,AL19011930181,,OK,MAX,1, ,AUTO,0.10,3.00,0.73,OK,0.10,3.00,0.73,OK,0.10,3.00,0.76,OK,0.10,3.00,1.66,OK,
[15:13:34] : Cycle start ON
[15:13:36] : Cycle start OFF
[15:13:41] : REQUEST MEAS. ON
[15:13:48] : REQUEST MEAS. OFF
[15:13:48] : end pos sig1 :50.000000 - 50.000000
[15:13:48] : 측정요구 ON 2
[15:13:55] : 측정요구 2OFF
[15:13:55] : end pos sig2 :-50.000000 - -50.000000
[15:14:00] : 측정요구3 ON
[15:14:07] : 측정요구3 OFF
[15:14:07] : end pos sig3 :50.000000 - 50.000000
[15:14:08] : 측정요구4 ON
[15:14:15] : 측정요구4 OFF
[15:14:15] : end pos sig4 :-50.000000 - -50.000000
[15:14:15] : 11,20190123-151416,AL19011932301,,OK,MAX,1, ,AUTO,0.10,3.00,0.88,OK,0.10,3.00,0.93,OK,0.10,3.00,0.71,OK,0.10,3.00,0.71,OK,
[15:14:28] : Cycle start ON
[15:14:29] : Cycle start OFF
[15:14:35] : REQUEST MEAS. ON
[15:14:42] : REQUEST MEAS. OFF
[15:14:42] : end pos sig1 :50.000000 - 50.000000
[15:14:42] : 측정요구 ON 2
[15:14:50] : 측정요구 2OFF
[15:14:50] : end pos sig2 :-50.000000 - -50.000000
[15:14:54] : 측정요구3 ON
[15:15:02] : 측정요구3 OFF
[15:15:02] : end pos sig3 :50.000000 - 50.000000
[15:15:02] : 측정요구4 ON
[15:15:10] : 측정요구4 OFF
[15:15:10] : end pos sig4 :-50.000000 - -50.000000
[15:15:10] : 11,20190123-151510,AL19011932131,,OK,MAX,1, ,AUTO,0.10,3.00,0.78,OK,0.10,3.00,0.83,OK,0.10,3.00,0.71,OK,0.10,3.00,0.90,OK,
[15:15:22] : Cycle start ON
[15:15:24] : Cycle start OFF
[15:15:29] : REQUEST MEAS. ON
[15:15:36] : REQUEST MEAS. OFF
[15:15:36] : end pos sig1 :50.000000 - 50.000000
[15:15:36] : 측정요구 ON 2
[15:15:44] : 측정요구 2OFF
[15:15:44] : end pos sig2 :-50.000000 - -50.000000
[15:15:49] : 측정요구3 ON
[15:15:57] : 측정요구3 OFF
[15:15:57] : end pos sig3 :50.000000 - 50.000000
[15:15:57] : 측정요구4 ON
[15:16:04] : 측정요구4 OFF
[15:16:04] : end pos sig4 :-50.000000 - -50.000000
[15:16:04] : 11,20190123-151605,AL19011932121,,OK,MAX,1, ,AUTO,0.10,3.00,0.76,OK,0.10,3.00,0.78,OK,0.10,3.00,0.61,OK,0.10,3.00,1.10,OK,
[15:16:17] : Cycle start ON
[15:16:19] : Cycle start OFF
[15:16:24] : REQUEST MEAS. ON
[15:16:31] : REQUEST MEAS. OFF
[15:16:31] : end pos sig1 :50.000000 - 50.000000
[15:16:31] : 측정요구 ON 2
[15:16:39] : 측정요구 2OFF
[15:16:39] : end pos sig2 :-50.000000 - -50.000000
[15:16:44] : 측정요구3 ON
[15:16:51] : 측정요구3 OFF
[15:16:51] : end pos sig3 :50.000000 - 50.000000
[15:16:52] : 측정요구4 ON
[15:16:59] : 측정요구4 OFF
[15:16:59] : end pos sig4 :-50.000000 - -50.000000
[15:16:59] : 11,20190123-151700,AL19011932351,,OK,MAX,1, ,AUTO,0.10,3.00,0.93,OK,0.10,3.00,0.98,OK,0.10,3.00,0.71,OK,0.10,3.00,1.39,OK,
[15:17:12] : Cycle start ON
[15:17:14] : Cycle start OFF
[15:17:19] : REQUEST MEAS. ON
[15:17:26] : REQUEST MEAS. OFF
[15:17:26] : end pos sig1 :50.000000 - 50.000000
[15:17:26] : 측정요구 ON 2
[15:17:33] : 측정요구 2OFF
[15:17:33] : end pos sig2 :-50.000000 - -50.000000
[15:17:38] : 측정요구3 ON
[15:17:45] : 측정요구3 OFF
[15:17:45] : end pos sig3 :50.000000 - 50.000000
[15:17:46] : 측정요구4 ON
[15:17:53] : 측정요구4 OFF
[15:17:53] : end pos sig4 :-50.000000 - -50.000000
[15:17:53] : 11,20190123-151754,AL19011932331,,OK,MAX,1, ,AUTO,0.10,3.00,0.90,OK,0.10,3.00,0.88,OK,0.10,3.00,0.66,OK,0.10,3.00,1.32,OK,
[15:18:06] : Cycle start ON
[15:18:08] : Cycle start OFF
[15:18:13] : REQUEST MEAS. ON
[15:18:20] : REQUEST MEAS. OFF
[15:18:20] : end pos sig1 :50.000000 - 50.000000
[15:18:20] : 측정요구 ON 2
[15:18:28] : 측정요구 2OFF
[15:18:28] : end pos sig2 :-50.000000 - -50.000000
[15:18:33] : 측정요구3 ON
[15:18:41] : 측정요구3 OFF
[15:18:41] : end pos sig3 :50.000000 - 50.000000
[15:18:41] : 측정요구4 ON
[15:18:48] : 측정요구4 OFF
[15:18:48] : end pos sig4 :-50.000000 - -50.000000
[15:18:49] : 11,20190123-151849,AL19011930311,,OK,MAX,1, ,AUTO,0.10,3.00,0.93,OK,0.10,3.00,0.88,OK,0.10,3.00,1.39,OK,0.10,3.00,1.10,OK,
[15:19:01] : Cycle start ON
[15:19:02] : Cycle start OFF
[15:19:07] : REQUEST MEAS. ON
[15:19:15] : REQUEST MEAS. OFF
[15:19:15] : end pos sig1 :50.000000 - 50.000000
[15:19:15] : 측정요구 ON 2
[15:19:22] : 측정요구 2OFF
[15:19:22] : end pos sig2 :-50.000000 - -50.000000
[15:19:27] : 측정요구3 ON
[15:19:35] : 측정요구3 OFF
[15:19:35] : end pos sig3 :50.000000 - 50.000000
[15:19:35] : 측정요구4 ON
[15:19:42] : 측정요구4 OFF
[15:19:42] : end pos sig4 :-50.000000 - -50.000000
[15:19:42] : 11,20190123-151943,AL19011930341,,OK,MAX,1, ,AUTO,0.10,3.00,0.78,OK,0.10,3.00,0.73,OK,0.10,3.00,0.81,OK,0.10,3.00,1.00,OK,
[15:19:55] : Cycle start ON
[15:19:57] : Cycle start OFF
[15:20:02] : REQUEST MEAS. ON
[15:20:09] : REQUEST MEAS. OFF
[15:20:09] : end pos sig1 :50.000000 - 50.000000
[15:20:09] : 측정요구 ON 2
[15:20:17] : 측정요구 2OFF
[15:20:17] : end pos sig2 :-50.000000 - -50.000000
[15:20:22] : 측정요구3 ON
[15:20:30] : 측정요구3 OFF
[15:20:30] : end pos sig3 :50.000000 - 50.000000
[15:20:30] : 측정요구4 ON
[15:20:37] : 측정요구4 OFF
[15:20:37] : end pos sig4 :-50.000000 - -50.000000
[15:20:37] : 11,20190123-152038,AL19011930321,,OK,MAX,1, ,AUTO,0.10,3.00,0.83,OK,0.10,3.00,0.78,OK,0.10,3.00,0.75,OK,0.10,3.00,1.54,OK,
[15:20:50] : Cycle start ON
[15:20:52] : Cycle start OFF
[15:20:57] : REQUEST MEAS. ON
[15:21:04] : REQUEST MEAS. OFF
[15:21:04] : end pos sig1 :50.000000 - 50.000000
[15:21:04] : 측정요구 ON 2
[15:21:11] : 측정요구 2OFF
[15:21:11] : end pos sig2 :-50.000000 - -48.640000
[15:21:16] : 측정요구3 ON
[15:21:24] : 측정요구3 OFF
[15:21:24] : end pos sig3 :50.000000 - 50.000000
[15:21:24] : 측정요구4 ON
[15:21:32] : 측정요구4 OFF
[15:21:32] : end pos sig4 :-50.000000 - -50.000000
[15:21:32] : 11,20190123-152132,AL19011930351,,OK,MAX,1, ,AUTO,0.10,3.00,0.82,OK,0.10,3.00,0.76,OK,0.10,3.00,0.76,OK,0.10,3.00,1.37,OK,
[15:21:45] : Cycle start ON
[15:21:47] : Cycle start OFF
[15:21:52] : REQUEST MEAS. ON
[15:21:59] : REQUEST MEAS. OFF
[15:21:59] : end pos sig1 :50.000000 - 50.000000
[15:21:59] : 측정요구 ON 2
[15:22:06] : 측정요구 2OFF
[15:22:06] : end pos sig2 :-50.000000 - -50.000000
[15:22:11] : 측정요구3 ON
[15:22:18] : 측정요구3 OFF
[15:22:18] : end pos sig3 :50.000000 - 50.000000
[15:22:19] : 측정요구4 ON
[15:22:26] : 측정요구4 OFF
[15:22:26] : end pos sig4 :-50.000000 - -50.000000
[15:22:26] : 11,20190123-152227,AL19011930391,,OK,MAX,1, ,AUTO,0.10,3.00,0.73,OK,0.10,3.00,0.78,OK,0.10,3.00,0.66,OK,0.10,3.00,1.32,OK,
[15:22:39] : Cycle start ON
[15:22:41] : Cycle start OFF
[15:22:46] : REQUEST MEAS. ON
[15:22:53] : REQUEST MEAS. OFF
[15:22:53] : end pos sig1 :50.000000 - 50.000000
[15:22:53] : 측정요구 ON 2
[15:23:00] : 측정요구 2OFF
[15:23:00] : end pos sig2 :-50.000000 - -50.000000
[15:23:05] : 측정요구3 ON
[15:23:13] : 측정요구3 OFF
[15:23:13] : end pos sig3 :50.000000 - 50.000000
[15:23:13] : 측정요구4 ON
[15:23:20] : 측정요구4 OFF
[15:23:20] : end pos sig4 :-50.000000 - -50.000000
[15:23:20] : 11,20190123-152321,AL19011930801,,OK,MAX,1, ,AUTO,0.10,3.00,1.07,OK,0.10,3.00,0.90,OK,0.10,3.00,0.71,OK,0.10,3.00,1.00,OK,
[15:23:34] : Cycle start ON
[15:23:35] : Cycle start OFF
[15:23:41] : REQUEST MEAS. ON
[15:23:48] : REQUEST MEAS. OFF
[15:23:48] : end pos sig1 :50.000000 - 50.000000
[15:23:48] : 측정요구 ON 2
[15:23:55] : 측정요구 2OFF
[15:23:55] : end pos sig2 :-50.000000 - -50.000000
[15:24:00] : 측정요구3 ON
[15:24:08] : 측정요구3 OFF
[15:24:08] : end pos sig3 :50.000000 - 50.000000
[15:24:08] : 측정요구4 ON
[15:24:15] : 측정요구4 OFF
[15:24:15] : end pos sig4 :-50.000000 - -50.000000
[15:24:15] : 11,20190123-152416,AL19011930811,,OK,MAX,1, ,AUTO,0.10,3.00,0.93,OK,0.10,3.00,0.88,OK,0.10,3.00,0.85,OK,0.10,3.00,1.05,OK,
[15:24:28] : Cycle start ON
[15:24:29] : Cycle start OFF
[15:24:34] : REQUEST MEAS. ON
[15:24:42] : REQUEST MEAS. OFF
[15:24:42] : end pos sig1 :50.000000 - 50.000000
[15:24:42] : 측정요구 ON 2
[15:24:50] : 측정요구 2OFF
[15:24:50] : end pos sig2 :-50.000000 - -50.000000
[15:24:54] : 측정요구3 ON
[15:25:02] : 측정요구3 OFF
[15:25:02] : end pos sig3 :50.000000 - 50.000000
[15:25:02] : 측정요구4 ON
[15:25:10] : 측정요구4 OFF
[15:25:10] : end pos sig4 :-50.000000 - -50.000000
[15:25:10] : 11,20190123-152510,AL19011930831,,OK,MAX,1, ,AUTO,0.10,3.00,1.07,OK,0.10,3.00,0.88,OK,0.10,3.00,0.66,OK,0.10,3.00,0.81,OK,
[15:25:37] : AUTO RUNNING OFF
[15:26:59] : MEAS ESC ON
[15:27:00] : MEAS ESC OFF
[15:27:00] : AUTO RUNNING ON
[15:27:14] : Cycle start ON
[15:27:15] : Cycle start OFF
[15:27:20] : REQUEST MEAS. ON
[15:27:27] : REQUEST MEAS. OFF
[15:27:27] : end pos sig1 :50.000000 - 50.000000
[15:27:27] : 측정요구 ON 2
[15:27:35] : 측정요구 2OFF
[15:27:35] : end pos sig2 :-50.000000 - -50.000000
[15:27:40] : 측정요구3 ON
[15:27:47] : 측정요구3 OFF
[15:27:47] : end pos sig3 :50.000000 - 50.000000
[15:27:48] : 측정요구4 ON
[15:27:55] : 측정요구4 OFF
[15:27:55] : end pos sig4 :-50.000000 - -50.000000
[15:27:55] : 11,20190123-152756,AL19011930891,,OK,MAX,1, ,AUTO,0.10,3.00,0.78,OK,0.10,3.00,0.78,OK,0.10,3.00,0.81,OK,0.10,3.00,0.95,OK,
[15:28:08] : Cycle start ON
[15:28:10] : Cycle start OFF
[15:28:14] : REQUEST MEAS. ON
[15:28:22] : REQUEST MEAS. OFF
[15:28:22] : end pos sig1 :50.000000 - 50.000000
[15:28:22] : 측정요구 ON 2
[15:28:30] : 측정요구 2OFF
[15:28:30] : end pos sig2 :-50.000000 - -49.500000
[15:28:35] : 측정요구3 ON
[15:28:42] : 측정요구3 OFF
[15:28:42] : end pos sig3 :50.000000 - 50.000000
[15:28:42] : 측정요구4 ON
[15:28:50] : 측정요구4 OFF
[15:28:50] : end pos sig4 :-50.000000 - -50.000000
[15:28:50] : 11,20190123-152850,AL19011930871,,OK,MAX,1, ,AUTO,0.10,3.00,0.98,OK,0.10,3.00,0.88,OK,0.10,3.00,0.85,OK,0.10,3.00,0.95,OK,
[15:29:03] : Cycle start ON
[15:29:05] : Cycle start OFF
[15:29:10] : REQUEST MEAS. ON
[15:29:17] : REQUEST MEAS. OFF
[15:29:17] : end pos sig1 :50.000000 - 50.000000
[15:29:17] : 측정요구 ON 2
[15:29:24] : 측정요구 2OFF
[15:29:24] : end pos sig2 :-50.000000 - -50.000000
[15:29:29] : 측정요구3 ON
[15:29:36] : 측정요구3 OFF
[15:29:36] : end pos sig3 :50.000000 - 50.000000
[15:29:36] : 측정요구4 ON
[15:29:44] : 측정요구4 OFF
[15:29:44] : end pos sig4 :-50.000000 - -50.000000
[15:29:44] : 11,20190123-152944,AL19011932141,,OK,MAX,1, ,AUTO,0.10,3.00,0.68,OK,0.10,3.00,0.93,OK,0.10,3.00,0.71,OK,0.10,3.00,0.90,OK,
[15:29:57] : Cycle start ON
[15:29:59] : Cycle start OFF
[15:30:04] : REQUEST MEAS. ON
[15:30:11] : REQUEST MEAS. OFF
[15:30:11] : end pos sig1 :50.000000 - 50.000000
[15:30:11] : 측정요구 ON 2
[15:30:18] : 측정요구 2OFF
[15:30:18] : end pos sig2 :-50.000000 - -50.000000
[15:30:23] : 측정요구3 ON
[15:30:31] : 측정요구3 OFF
[15:30:31] : end pos sig3 :50.000000 - 50.000000
[15:30:31] : 측정요구4 ON
[15:30:38] : 측정요구4 OFF
[15:30:38] : end pos sig4 :-50.000000 - -50.000000
[15:30:38] : 11,20190123-153039,AL19011932161,,OK,MAX,1, ,AUTO,0.10,3.00,1.27,OK,0.10,3.00,0.88,OK,0.10,3.00,1.15,OK,0.10,3.00,1.10,OK,
[15:30:51] : Cycle start ON
[15:30:53] : Cycle start OFF
[15:30:58] : REQUEST MEAS. ON
[15:31:05] : REQUEST MEAS. OFF
[15:31:05] : end pos sig1 :50.000000 - 50.000000
[15:31:05] : 측정요구 ON 2
[15:31:12] : 측정요구 2OFF
[15:31:12] : end pos sig2 :-50.000000 - -50.000000
[15:31:17] : 측정요구3 ON
[15:31:25] : 측정요구3 OFF
[15:31:25] : end pos sig3 :50.000000 - 50.000000
[15:31:25] : 측정요구4 ON
[15:31:33] : 측정요구4 OFF
[15:31:33] : end pos sig4 :-50.000000 - -50.000000
[15:31:33] : 11,20190123-153133,AL19011932181,,OK,MAX,1, ,AUTO,0.10,3.00,0.73,OK,0.10,3.00,0.82,OK,0.10,3.00,1.15,OK,0.10,3.00,1.29,OK,
[15:31:46] : Cycle start ON
[15:31:47] : Cycle start OFF
[15:31:52] : REQUEST MEAS. ON
[15:32:00] : REQUEST MEAS. OFF
[15:32:00] : end pos sig1 :50.000000 - 50.000000
[15:32:00] : 측정요구 ON 2
[15:32:07] : 측정요구 2OFF
[15:32:07] : end pos sig2 :-50.000000 - -50.000000
[15:32:12] : 측정요구3 ON
[15:32:19] : 측정요구3 OFF
[15:32:19] : end pos sig3 :50.000000 - 50.000000
[15:32:20] : 측정요구4 ON
[15:32:27] : 측정요구4 OFF
[15:32:27] : end pos sig4 :-50.000000 - -50.000000
[15:32:27] : 11,20190123-153227,AL19011932201,,OK,MAX,1, ,AUTO,0.10,3.00,0.68,OK,0.10,3.00,0.86,OK,0.10,3.00,0.76,OK,0.10,3.00,1.51,OK,
[15:32:39] : Cycle start ON
[15:32:41] : Cycle start OFF
[15:32:46] : REQUEST MEAS. ON
[15:32:53] : REQUEST MEAS. OFF
[15:32:53] : end pos sig1 :50.000000 - 50.000000
[15:32:53] : 측정요구 ON 2
[15:33:01] : 측정요구 2OFF
[15:33:01] : end pos sig2 :-50.000000 - -50.000000
[15:33:06] : 측정요구3 ON
[15:33:14] : 측정요구3 OFF
[15:33:14] : end pos sig3 :50.000000 - 50.000000
[15:33:14] : 측정요구4 ON
[15:33:21] : 측정요구4 OFF
[15:33:21] : end pos sig4 :-50.000000 - -50.000000
[15:33:21] : 11,20190123-153322,AL19011932231,,OK,MAX,1, ,AUTO,0.10,3.00,1.51,OK,0.10,3.00,0.88,OK,0.10,3.00,0.76,OK,0.10,3.00,0.85,OK,
[15:33:34] : Cycle start ON
[15:33:36] : Cycle start OFF
[15:33:41] : REQUEST MEAS. ON
[15:33:48] : REQUEST MEAS. OFF
[15:33:48] : end pos sig1 :50.000000 - 50.000000
[15:33:48] : 측정요구 ON 2
[15:33:56] : 측정요구 2OFF
[15:33:56] : end pos sig2 :-50.000000 - -50.000000
[15:34:01] : 측정요구3 ON
[15:34:09] : 측정요구3 OFF
[15:34:09] : end pos sig3 :50.000000 - 50.000000
[15:34:09] : 측정요구4 ON
[15:34:16] : 측정요구4 OFF
[15:34:16] : end pos sig4 :-50.000000 - -50.000000
[15:34:16] : 11,20190123-153417,AL19011932651,,OK,MAX,1, ,AUTO,0.10,3.00,0.71,OK,0.10,3.00,0.88,OK,0.10,3.00,0.66,OK,0.10,3.00,0.83,OK,
[15:34:29] : Cycle start ON
[15:34:31] : Cycle start OFF
[15:34:36] : REQUEST MEAS. ON
[15:34:43] : REQUEST MEAS. OFF
[15:34:43] : end pos sig1 :50.000000 - 50.000000
[15:34:43] : 측정요구 ON 2
[15:34:50] : 측정요구 2OFF
[15:34:50] : end pos sig2 :-50.000000 - -48.920000
[15:34:55] : 측정요구3 ON
[15:35:02] : 측정요구3 OFF
[15:35:02] : end pos sig3 :50.000000 - 50.000000
[15:35:03] : 측정요구4 ON
[15:35:10] : 측정요구4 OFF
[15:35:10] : end pos sig4 :-50.000000 - -50.000000
[15:35:10] : 11,20190123-153511,AL19011932681,,OK,MAX,1, ,AUTO,0.10,3.00,0.76,OK,0.10,3.00,0.83,OK,0.10,3.00,0.61,OK,0.10,3.00,1.05,OK,
[15:35:23] : Cycle start ON
[15:35:25] : Cycle start OFF
[15:35:30] : REQUEST MEAS. ON
[15:35:37] : REQUEST MEAS. OFF
[15:35:37] : end pos sig1 :50.000000 - 50.000000
[15:35:37] : 측정요구 ON 2
[15:35:45] : 측정요구 2OFF
[15:35:45] : end pos sig2 :-50.000000 - -50.000000
[15:35:50] : 측정요구3 ON
[15:35:58] : 측정요구3 OFF
[15:35:58] : end pos sig3 :50.000000 - 50.000000
[15:35:58] : 측정요구4 ON
[15:36:05] : 측정요구4 OFF
[15:36:05] : end pos sig4 :-50.000000 - -50.000000
[15:36:05] : 11,20190123-153606,AL19011932661,,OK,MAX,1, ,AUTO,0.10,3.00,0.62,OK,0.10,3.00,0.73,OK,0.10,3.00,0.65,OK,0.10,3.00,0.90,OK,
[15:36:18] : Cycle start ON
[15:36:20] : Cycle start OFF
[15:36:25] : REQUEST MEAS. ON
[15:36:32] : REQUEST MEAS. OFF
[15:36:32] : end pos sig1 :50.000000 - 50.000000
[15:36:32] : 측정요구 ON 2
[15:36:40] : 측정요구 2OFF
[15:36:40] : end pos sig2 :-50.000000 - -50.000000
[15:36:45] : 측정요구3 ON
[15:36:52] : 측정요구3 OFF
[15:36:52] : end pos sig3 :50.000000 - 50.000000
[15:36:52] : 측정요구4 ON
[15:37:00] : 측정요구4 OFF
[15:37:00] : end pos sig4 :-50.000000 - -50.000000
[15:37:00] : 11,20190123-153701,AL19011932731,,OK,MAX,1, ,AUTO,0.10,3.00,0.72,OK,0.10,3.00,0.73,OK,0.10,3.00,0.69,OK,0.10,3.00,1.25,OK,
[15:37:13] : Cycle start ON
[15:37:15] : Cycle start OFF
[15:37:20] : REQUEST MEAS. ON
[15:37:27] : REQUEST MEAS. OFF
[15:37:27] : end pos sig1 :50.000000 - 50.000000
[15:37:27] : 측정요구 ON 2
[15:37:34] : 측정요구 2OFF
[15:37:34] : end pos sig2 :-50.000000 - -50.000000
[15:37:39] : 측정요구3 ON
[15:37:47] : 측정요구3 OFF
[15:37:47] : end pos sig3 :50.000000 - 50.000000
[15:37:47] : 측정요구4 ON
[15:37:54] : 측정요구4 OFF
[15:37:54] : end pos sig4 :-50.000000 - -50.000000
[15:37:54] : 11,20190123-153755,AL19011932741,,OK,MAX,1, ,AUTO,0.10,3.00,0.63,OK,0.10,3.00,0.88,OK,0.10,3.00,0.76,OK,0.10,3.00,1.15,OK,
[15:38:07] : Cycle start ON
[15:38:09] : Cycle start OFF
[15:38:13] : REQUEST MEAS. ON
[15:38:21] : REQUEST MEAS. OFF
[15:38:21] : end pos sig1 :50.000000 - 50.000000
[15:38:21] : 측정요구 ON 2
[15:38:29] : 측정요구 2OFF
[15:38:29] : end pos sig2 :-50.000000 - -50.000000
[15:38:34] : 측정요구3 ON
[15:38:42] : 측정요구3 OFF
[15:38:42] : end pos sig3 :50.000000 - 50.000000
[15:38:42] : 측정요구4 ON
[15:38:49] : 측정요구4 OFF
[15:38:49] : end pos sig4 :-50.000000 - -50.000000
[15:38:50] : 11,20190123-153850,AL19012132233,,OK,MAX,1, ,AUTO,0.10,3.00,0.88,OK,0.10,3.00,1.03,OK,0.10,3.00,0.81,OK,0.10,3.00,0.81,OK,
[15:39:02] : Cycle start ON
[15:39:04] : Cycle start OFF
[15:39:08] : REQUEST MEAS. ON
[15:39:16] : REQUEST MEAS. OFF
[15:39:16] : end pos sig1 :50.000000 - 50.000000
[15:39:16] : 측정요구 ON 2
[15:39:23] : 측정요구 2OFF
[15:39:23] : end pos sig2 :-50.000000 - -50.000000
[15:39:28] : 측정요구3 ON
[15:39:36] : 측정요구3 OFF
[15:39:36] : end pos sig3 :50.000000 - 50.000000
[15:39:36] : 측정요구4 ON
[15:39:44] : 측정요구4 OFF
[15:39:44] : end pos sig4 :-50.000000 - -50.000000
[15:39:44] : 11,20190123-153945,AL19012132313,,OK,MAX,1, ,AUTO,0.10,3.00,1.12,OK,0.10,3.00,1.03,OK,0.10,3.00,0.83,OK,0.10,3.00,1.10,OK,
[15:39:57] : Cycle start ON
[15:39:58] : Cycle start OFF
[15:40:03] : REQUEST MEAS. ON
[15:40:11] : REQUEST MEAS. OFF
[15:40:11] : end pos sig1 :50.000000 - 50.000000
[15:40:11] : 측정요구 ON 2
[15:40:18] : 측정요구 2OFF
[15:40:18] : end pos sig2 :-50.000000 - -50.000000
[15:40:23] : 측정요구3 ON
[15:40:31] : 측정요구3 OFF
[15:40:31] : end pos sig3 :50.000000 - 50.000000
[15:40:31] : 측정요구4 ON
[15:40:38] : 측정요구4 OFF
[15:40:38] : end pos sig4 :-50.000000 - -50.000000
[15:40:38] : 11,20190123-154039,AL19012132263,,OK,MAX,1, ,AUTO,0.10,3.00,0.61,OK,0.10,3.00,1.37,OK,0.10,3.00,0.66,OK,0.10,3.00,1.34,OK,
[15:40:51] : Cycle start ON
[15:40:53] : Cycle start OFF
[15:40:58] : REQUEST MEAS. ON
[15:41:05] : REQUEST MEAS. OFF
[15:41:05] : end pos sig1 :50.000000 - 50.000000
[15:41:05] : 측정요구 ON 2
[15:41:13] : 측정요구 2OFF
[15:41:13] : end pos sig2 :-50.000000 - -50.000000
[15:41:18] : 측정요구3 ON
[15:41:26] : 측정요구3 OFF
[15:41:26] : end pos sig3 :50.000000 - 50.000000
[15:41:26] : 측정요구4 ON
[15:41:33] : 측정요구4 OFF
[15:41:33] : end pos sig4 :-50.000000 - -50.000000
[15:41:33] : 11,20190123-154134,AL19012132283,,OK,MAX,1, ,AUTO,0.10,3.00,0.78,OK,0.10,3.00,1.27,OK,0.10,3.00,0.71,OK,0.10,3.00,1.15,OK,
[15:41:46] : Cycle start ON
[15:41:48] : Cycle start OFF
[15:41:53] : REQUEST MEAS. ON
[15:42:00] : REQUEST MEAS. OFF
[15:42:00] : end pos sig1 :50.000000 - 50.000000
[15:42:00] : 측정요구 ON 2
[15:42:08] : 측정요구 2OFF
[15:42:08] : end pos sig2 :-40.700000 - -40.930000
[15:42:13] : 측정요구3 ON
[15:42:20] : 측정요구3 OFF
[15:42:20] : end pos sig3 :50.000000 - 50.000000
[15:42:21] : 측정요구4 ON
[15:42:28] : 측정요구4 OFF
[15:42:28] : end pos sig4 :-50.000000 - -50.000000
[15:42:28] : 11,20190123-154228,AL19012132303,,OK,MAX,1, ,AUTO,0.10,3.00,0.73,OK,0.10,3.00,0.78,OK,0.10,3.00,0.61,OK,0.10,3.00,1.15,OK,
[15:42:41] : Cycle start ON
[15:42:43] : Cycle start OFF
[15:42:48] : REQUEST MEAS. ON
[15:42:55] : REQUEST MEAS. OFF
[15:42:55] : end pos sig1 :50.000000 - 50.000000
[15:42:55] : 측정요구 ON 2
[15:43:02] : 측정요구 2OFF
[15:43:02] : end pos sig2 :-50.000000 - -50.000000
[15:43:07] : 측정요구3 ON
[15:43:14] : 측정요구3 OFF
[15:43:14] : end pos sig3 :50.000000 - 50.000000
[15:43:15] : 측정요구4 ON
[15:43:22] : 측정요구4 OFF
[15:43:22] : end pos sig4 :-50.000000 - -50.000000
[15:43:22] : 11,20190123-154323,AL19012132113,,OK,MAX,1, ,AUTO,0.10,3.00,1.03,OK,0.10,3.00,1.27,OK,0.10,3.00,0.71,OK,0.10,3.00,1.15,OK,
[15:43:35] : Cycle start ON
[15:43:36] : Cycle start OFF
[15:43:41] : REQUEST MEAS. ON
[15:43:49] : REQUEST MEAS. OFF
[15:43:49] : end pos sig1 :50.000000 - 50.000000
[15:43:49] : 측정요구 ON 2
[15:43:57] : 측정요구 2OFF
[15:43:57] : end pos sig2 :-50.000000 - -50.000000
[15:44:02] : 측정요구3 ON
[15:44:09] : 측정요구3 OFF
[15:44:09] : end pos sig3 :50.000000 - 50.000000
[15:44:10] : 측정요구4 ON
[15:44:17] : 측정요구4 OFF
[15:44:17] : end pos sig4 :-50.000000 - -50.000000
[15:44:17] : 11,20190123-154418,AL19012132153,,OK,MAX,1, ,AUTO,0.10,3.00,0.93,OK,0.10,3.00,0.83,OK,0.10,3.00,0.71,OK,0.10,3.00,1.10,OK,
[15:44:30] : Cycle start ON
[15:44:31] : Cycle start OFF
[15:44:37] : REQUEST MEAS. ON
[15:44:44] : REQUEST MEAS. OFF
[15:44:44] : end pos sig1 :50.000000 - 50.000000
[15:44:44] : 측정요구 ON 2
[15:44:52] : 측정요구 2OFF
[15:44:52] : end pos sig2 :-50.000000 - -50.000000
[15:44:56] : 측정요구3 ON
[15:45:04] : 측정요구3 OFF
[15:45:04] : end pos sig3 :50.000000 - 50.000000
[15:45:04] : 측정요구4 ON
[15:45:12] : 측정요구4 OFF
[15:45:12] : end pos sig4 :-50.000000 - -50.000000
[15:45:12] : 11,20190123-154512,AL19012132163,,OK,MAX,1, ,AUTO,0.10,3.00,0.83,OK,0.10,3.00,0.83,OK,0.10,3.00,1.44,OK,0.10,3.00,1.05,OK,
[15:45:24] : Cycle start ON
[15:45:26] : Cycle start OFF
[15:45:31] : REQUEST MEAS. ON
[15:45:38] : REQUEST MEAS. OFF
[15:45:38] : end pos sig1 :50.000000 - 50.000000
[15:45:38] : 측정요구 ON 2
[15:45:46] : 측정요구 2OFF
[15:45:46] : end pos sig2 :-50.000000 - -50.000000
[15:45:51] : 측정요구3 ON
[15:45:59] : 측정요구3 OFF
[15:45:59] : end pos sig3 :50.000000 - 50.000000
[15:45:59] : 측정요구4 ON
[15:46:06] : 측정요구4 OFF
[15:46:06] : end pos sig4 :-50.000000 - -50.000000
[15:46:06] : 11,20190123-154607,AL19012132203,,OK,MAX,1, ,AUTO,0.10,3.00,1.17,OK,0.10,3.00,0.98,OK,0.10,3.00,0.76,OK,0.10,3.00,0.90,OK,
[15:46:19] : Cycle start ON
[15:46:20] : Cycle start OFF
[15:46:26] : REQUEST MEAS. ON
[15:46:33] : REQUEST MEAS. OFF
[15:46:33] : end pos sig1 :50.000000 - 50.000000
[15:46:33] : 측정요구 ON 2
[15:46:41] : 측정요구 2OFF
[15:46:41] : end pos sig2 :-50.000000 - -50.000000
[15:46:46] : 측정요구3 ON
[15:46:53] : 측정요구3 OFF
[15:46:53] : end pos sig3 :50.000000 - 50.000000
[15:46:54] : 측정요구4 ON
[15:47:01] : 측정요구4 OFF
[15:47:01] : end pos sig4 :-50.000000 - -50.000000
[15:47:01] : 11,20190123-154701,AL19012132173,,OK,MAX,1, ,AUTO,0.10,3.00,1.17,OK,0.10,3.00,1.32,OK,0.10,3.00,1.20,OK,0.10,3.00,1.10,OK,
[15:47:14] : Cycle start ON
[15:47:15] : Cycle start OFF
[15:47:21] : REQUEST MEAS. ON
[15:47:28] : REQUEST MEAS. OFF
[15:47:28] : end pos sig1 :50.000000 - 50.000000
[15:47:28] : 측정요구 ON 2
[15:47:35] : 측정요구 2OFF
[15:47:35] : end pos sig2 :-50.000000 - -50.000000
[15:47:40] : 측정요구3 ON
[15:47:48] : 측정요구3 OFF
[15:47:48] : end pos sig3 :50.000000 - 50.000000
[15:47:48] : 측정요구4 ON
[15:47:55] : 측정요구4 OFF
[15:47:55] : end pos sig4 :-50.000000 - -50.000000
[15:47:55] : 11,20190123-154756,AL19012132333,,OK,MAX,1, ,AUTO,0.10,3.00,0.93,OK,0.10,3.00,1.17,OK,0.10,3.00,0.81,OK,0.10,3.00,1.56,OK,
[15:48:08] : Cycle start ON
[15:48:10] : Cycle start OFF
[15:48:15] : REQUEST MEAS. ON
[15:48:22] : REQUEST MEAS. OFF
[15:48:22] : end pos sig1 :50.000000 - 50.000000
[15:48:22] : 측정요구 ON 2
[15:48:29] : 측정요구 2OFF
[15:48:29] : end pos sig2 :-50.000000 - -50.000000
[15:48:34] : 측정요구3 ON
[15:48:42] : 측정요구3 OFF
[15:48:42] : end pos sig3 :50.000000 - 50.000000
[15:48:42] : 측정요구4 ON
[15:48:49] : 측정요구4 OFF
[15:48:49] : end pos sig4 :-50.000000 - -50.000000
[15:48:49] : 11,20190123-154850,AL19012132363,,OK,MAX,1, ,AUTO,0.10,3.00,1.03,OK,0.10,3.00,0.88,OK,0.10,3.00,0.66,OK,0.10,3.00,0.90,OK,
[15:49:02] : Cycle start ON
[15:49:04] : Cycle start OFF
[15:49:09] : REQUEST MEAS. ON
[15:49:16] : REQUEST MEAS. OFF
[15:49:16] : end pos sig1 :50.000000 - 50.000000
[15:49:16] : 측정요구 ON 2
[15:49:24] : 측정요구 2OFF
[15:49:24] : end pos sig2 :-50.000000 - -50.000000
[15:49:29] : 측정요구3 ON
[15:49:37] : 측정요구3 OFF
[15:49:37] : end pos sig3 :50.000000 - 50.000000
[15:49:37] : 측정요구4 ON
[15:49:44] : 측정요구4 OFF
[15:49:44] : end pos sig4 :-50.000000 - -50.000000
[15:49:44] : 11,20190123-154945,AL19012132353,,OK,MAX,1, ,AUTO,0.10,3.00,0.78,OK,0.10,3.00,0.81,OK,0.10,3.00,0.85,OK,0.10,3.00,1.15,OK,
[15:49:57] : Cycle start ON
[15:49:59] : Cycle start OFF
[15:50:03] : REQUEST MEAS. ON
[15:50:11] : REQUEST MEAS. OFF
[15:50:11] : end pos sig1 :50.000000 - 50.000000
[15:50:11] : 측정요구 ON 2
[15:50:18] : 측정요구 2OFF
[15:50:18] : end pos sig2 :-50.000000 - -48.830000
[15:50:24] : 측정요구3 ON
[15:50:32] : 측정요구3 OFF
[15:50:32] : end pos sig3 :50.000000 - 50.000000
[15:50:32] : 측정요구4 ON
[15:50:39] : 측정요구4 OFF
[15:50:39] : end pos sig4 :-50.000000 - -50.000000
[15:50:39] : 11,20190123-155039,AL19012132383,,OK,MAX,1, ,AUTO,0.10,3.00,0.93,OK,0.10,3.00,1.32,OK,0.10,3.00,0.71,OK,0.10,3.00,1.34,OK,
[15:52:18] : Cycle start ON
[15:52:19] : Cycle start OFF
[15:52:24] : REQUEST MEAS. ON
[15:52:32] : REQUEST MEAS. OFF
[15:52:32] : end pos sig1 :50.000000 - 50.000000
[15:52:32] : 측정요구 ON 2
[15:52:40] : 측정요구 2OFF
[15:52:40] : end pos sig2 :-50.000000 - -50.000000
[15:52:45] : 측정요구3 ON
[15:52:52] : 측정요구3 OFF
[15:52:52] : end pos sig3 :50.000000 - 50.000000
[15:52:52] : 측정요구4 ON
[15:52:59] : 측정요구4 OFF
[15:52:59] : end pos sig4 :-50.000000 - -50.000000
[15:52:59] : 11,20190123-155300,AL19012132403,,OK,MAX,1, ,AUTO,0.10,3.00,0.59,OK,0.10,3.00,1.12,OK,0.10,3.00,0.76,OK,0.10,3.00,1.29,OK,
[15:53:12] : Cycle start ON
[15:53:13] : Cycle start OFF
[15:53:18] : REQUEST MEAS. ON
[15:53:26] : REQUEST MEAS. OFF
[15:53:26] : end pos sig1 :50.000000 - 50.000000
[15:53:26] : 측정요구 ON 2
[15:53:34] : 측정요구 2OFF
[15:53:34] : end pos sig2 :-50.000000 - -50.000000
[15:53:39] : 측정요구3 ON
[15:53:47] : 측정요구3 OFF
[15:53:47] : end pos sig3 :50.000000 - 50.000000
[15:53:47] : 측정요구4 ON
[15:53:54] : 측정요구4 OFF
[15:53:54] : end pos sig4 :-50.000000 - -50.000000
[15:53:54] : 11,20190123-155355,AL19012132423,,OK,MAX,1, ,AUTO,0.10,3.00,0.78,OK,0.10,3.00,0.68,OK,0.10,3.00,0.76,OK,0.10,3.00,1.44,OK,
[15:54:07] : Cycle start ON
[15:54:08] : Cycle start OFF
[15:54:14] : REQUEST MEAS. ON
[15:54:21] : REQUEST MEAS. OFF
[15:54:21] : end pos sig1 :50.000000 - 50.000000
[15:54:21] : 측정요구 ON 2
[15:54:28] : 측정요구 2OFF
[15:54:28] : end pos sig2 :-50.000000 - -50.000000
[15:54:33] : 측정요구3 ON
[15:54:40] : 측정요구3 OFF
[15:54:40] : end pos sig3 :50.000000 - 50.000000
[15:54:41] : 측정요구4 ON
[15:54:48] : 측정요구4 OFF
[15:54:48] : end pos sig4 :-50.000000 - -50.000000
[15:54:48] : 11,20190123-155449,AL19012132463,,OK,MAX,1, ,AUTO,0.10,3.00,0.81,OK,0.10,3.00,0.93,OK,0.10,3.00,0.71,OK,0.10,3.00,1.00,OK,
[15:55:01] : Cycle start ON
[15:55:03] : Cycle start OFF
[15:55:07] : REQUEST MEAS. ON
[15:55:15] : REQUEST MEAS. OFF
[15:55:15] : end pos sig1 :50.000000 - 50.000000
[15:55:15] : 측정요구 ON 2
[15:55:23] : 측정요구 2OFF
[15:55:23] : end pos sig2 :-50.000000 - -50.000000
[15:55:27] : 측정요구3 ON
[15:55:35] : 측정요구3 OFF
[15:55:35] : end pos sig3 :50.000000 - 50.000000
[15:55:35] : 측정요구4 ON
[15:55:43] : 측정요구4 OFF
[15:55:43] : end pos sig4 :-50.000000 - -50.000000
[15:55:43] : 11,20190123-155543,AL19012132473,,OK,MAX,1, ,AUTO,0.10,3.00,0.83,OK,0.10,3.00,0.98,OK,0.10,3.00,0.71,OK,0.10,3.00,1.00,OK,
[15:55:56] : Cycle start ON
[15:55:58] : Cycle start OFF
[15:56:03] : REQUEST MEAS. ON
[15:56:10] : REQUEST MEAS. OFF
[15:56:10] : end pos sig1 :50.000000 - 50.000000
[15:56:10] : 측정요구 ON 2
[15:56:17] : 측정요구 2OFF
[15:56:17] : end pos sig2 :-50.000000 - -50.000000
[15:56:22] : 측정요구3 ON
[15:56:30] : 측정요구3 OFF
[15:56:30] : end pos sig3 :50.000000 - 50.000000
[15:56:30] : 측정요구4 ON
[15:56:37] : 측정요구4 OFF
[15:56:37] : end pos sig4 :-50.000000 - -50.000000
[15:56:37] : 11,20190123-155638,AL19012132453,,OK,MAX,1, ,AUTO,0.10,3.00,1.27,OK,0.10,3.00,1.66,OK,0.10,3.00,0.90,OK,0.10,3.00,1.15,OK,
[15:56:50] : Cycle start ON
[15:56:51] : Cycle start OFF
[15:56:57] : REQUEST MEAS. ON
[15:57:04] : REQUEST MEAS. OFF
[15:57:04] : end pos sig1 :50.000000 - 50.000000
[15:57:04] : 측정요구 ON 2
[15:57:12] : 측정요구 2OFF
[15:57:12] : end pos sig2 :-50.000000 - -50.000000
[15:57:17] : 측정요구3 ON
[15:57:25] : 측정요구3 OFF
[15:57:25] : end pos sig3 :50.000000 - 50.000000
[15:57:25] : 측정요구4 ON
[15:57:32] : 측정요구4 OFF
[15:57:32] : end pos sig4 :-50.000000 - -50.000000
[15:57:32] : 11,20190123-155733,AL19012132503,,OK,MAX,1, ,AUTO,0.10,3.00,1.17,OK,0.10,3.00,1.07,OK,0.10,3.00,0.68,OK,0.10,3.00,1.05,OK,
[15:57:45] : Cycle start ON
[15:57:46] : Cycle start OFF
[15:57:52] : REQUEST MEAS. ON
[15:57:59] : REQUEST MEAS. OFF
[15:57:59] : end pos sig1 :50.000000 - 50.000000
[15:57:59] : 측정요구 ON 2
[15:58:06] : 측정요구 2OFF
[15:58:06] : end pos sig2 :-50.000000 - -50.000000
[15:58:11] : 측정요구3 ON
[15:58:19] : 측정요구3 OFF
[15:58:19] : end pos sig3 :50.000000 - 50.000000
[15:58:19] : 측정요구4 ON
[15:58:26] : 측정요구4 OFF
[15:58:26] : end pos sig4 :-50.000000 - -50.000000
[15:58:27] : 11,20190123-155827,AL19012132623,,OK,MAX,1, ,AUTO,0.10,3.00,1.03,OK,0.10,3.00,0.95,OK,0.10,3.00,0.76,OK,0.10,3.00,1.15,OK,
[15:58:39] : Cycle start ON
[15:58:41] : Cycle start OFF
[15:58:46] : REQUEST MEAS. ON
[15:58:53] : REQUEST MEAS. OFF
[15:58:53] : end pos sig1 :50.000000 - 50.000000
[15:58:53] : 측정요구 ON 2
[15:59:01] : 측정요구 2OFF
[15:59:01] : end pos sig2 :-50.000000 - -50.000000
[15:59:06] : 측정요구3 ON
[15:59:14] : 측정요구3 OFF
[15:59:14] : end pos sig3 :50.000000 - 50.000000
[15:59:14] : 측정요구4 ON
[15:59:21] : 측정요구4 OFF
[15:59:21] : end pos sig4 :-50.000000 - -50.000000
[15:59:21] : 11,20190123-155922,AL19012132843,,OK,MAX,1, ,AUTO,0.10,3.00,0.93,OK,0.10,3.00,1.32,OK,0.10,3.00,1.25,OK,0.10,3.00,1.10,OK,
[16:01:26] : Cycle start ON
[16:01:28] : Cycle start OFF
[16:01:32] : REQUEST MEAS. ON
[16:01:40] : REQUEST MEAS. OFF
[16:01:40] : end pos sig1 :50.000000 - 50.000000
[16:01:40] : 측정요구 ON 2
[16:01:47] : 측정요구 2OFF
[16:01:47] : end pos sig2 :-50.000000 - -50.000000
[16:01:52] : 측정요구3 ON
[16:01:59] : 측정요구3 OFF
[16:01:59] : end pos sig3 :50.000000 - 50.000000
[16:01:59] : 측정요구4 ON
[16:02:07] : 측정요구4 OFF
[16:02:07] : end pos sig4 :-50.000000 - -50.000000
[16:02:07] : 11,20190123-160208,AL19012132783,,OK,MAX,1, ,AUTO,0.10,3.00,1.97,OK,0.10,3.00,1.46,OK,0.10,3.00,0.73,OK,0.10,3.00,1.44,OK,
[16:02:20] : Cycle start ON
[16:02:22] : Cycle start OFF
[16:02:27] : REQUEST MEAS. ON
[16:02:34] : REQUEST MEAS. OFF
[16:02:34] : end pos sig1 :50.000000 - 50.000000
[16:02:34] : 측정요구 ON 2
[16:02:41] : 측정요구 2OFF
[16:02:41] : end pos sig2 :-50.000000 - -50.000000
[16:02:46] : 측정요구3 ON
[16:02:53] : 측정요구3 OFF
[16:02:53] : end pos sig3 :50.000000 - 50.000000
[16:02:54] : 측정요구4 ON
[16:03:01] : 측정요구4 OFF
[16:03:01] : end pos sig4 :-50.000000 - -50.000000
[16:03:01] : 11,20190123-160302,AL19012132893,,OK,MAX,1, ,AUTO,0.10,3.00,1.12,OK,0.10,3.00,1.15,OK,0.10,3.00,0.66,OK,0.10,3.00,1.39,OK,
[16:03:22] : Cycle start ON
[16:03:23] : Cycle start OFF
[16:03:29] : REQUEST MEAS. ON
[16:03:36] : REQUEST MEAS. OFF
[16:03:36] : end pos sig1 :50.000000 - 50.000000
[16:03:36] : 측정요구 ON 2
[16:03:44] : 측정요구 2OFF
[16:03:44] : end pos sig2 :-50.000000 - -50.000000
[16:03:49] : 측정요구3 ON
[16:03:56] : 측정요구3 OFF
[16:03:56] : end pos sig3 :50.000000 - 50.000000
[16:03:56] : 측정요구4 ON
[16:04:04] : 측정요구4 OFF
[16:04:04] : end pos sig4 :-50.000000 - -50.000000
[16:04:04] : 11,20190123-160405,AL19012132863,,OK,MAX,1, ,AUTO,0.10,3.00,1.73,OK,0.10,3.00,1.46,OK,0.10,3.00,0.90,OK,0.10,3.00,1.54,OK,
[16:04:19] : Cycle start ON
[16:04:20] : Cycle start OFF
[16:04:26] : REQUEST MEAS. ON
[16:04:34] : REQUEST MEAS. OFF
[16:04:34] : end pos sig1 :50.000000 - 50.000000
[16:04:34] : 측정요구 ON 2
[16:04:41] : 측정요구 2OFF
[16:04:41] : end pos sig2 :-50.000000 - -50.000000
[16:04:46] : 측정요구3 ON
[16:04:53] : 측정요구3 OFF
[16:04:53] : end pos sig3 :50.000000 - 50.000000
[16:04:54] : 측정요구4 ON
[16:05:01] : 측정요구4 OFF
[16:05:01] : end pos sig4 :-50.000000 - -50.000000
[16:05:01] : 11,20190123-160502,AL19012132923,,OK,MAX,1, ,AUTO,0.10,3.00,0.83,OK,0.10,3.00,1.07,OK,0.10,3.00,0.76,OK,0.10,3.00,1.00,OK,
[17:05:35] : AUTO RUNNING OFF
 
