[10:55:30] : MEAS ESC ON
[10:55:37] : MEAS ESC OFF
 
[20:10:34] : MEAS ESC ON
[20:10:49] : MEAS ESC OFF
[20:12:36] : MEAS ESC ON
[20:12:36] : MEAS ESC OFF
[20:12:36] : AUTO RUNNING ON
[20:12:57] : AUTO RUNNING OFF
[20:13:03] : MEAS ESC ON
[20:13:08] : MEAS ESC OFF
[20:13:08] : AUTO RUNNING ON
[20:13:18] : Cycle start ON
[20:13:21] : Cycle start OFF
[20:13:27] : REQUEST MEAS. ON
[20:13:37] : REQUEST MEAS. OFF
[20:13:37] : end pos sig1 :50.000000 - 50.000000
[20:13:37] : 측정요구 ON 2
[20:13:47] : 측정요구 2OFF
[20:13:47] : end pos sig2 :-50.000000 - -50.000000
[20:13:52] : 측정요구3 ON
[20:14:01] : 측정요구3 OFF
[20:14:01] : end pos sig3 :50.000000 - 50.000000
[20:14:01] : 측정요구4 ON
[20:14:10] : 측정요구4 OFF
[20:14:10] : end pos sig4 :-50.000000 - -50.000000
[20:14:10] : 11,20190102-201411,AL18121450776,,OK,MAX,1, ,AUTO,0.10,8.00,3.22,OK,0.10,8.00,2.66,OK,0.10,8.00,1.88,OK,0.10,8.00,1.12,OK,
[20:14:29] : Cycle start ON
[20:14:31] : Cycle start OFF
[20:14:38] : REQUEST MEAS. ON
[20:14:47] : REQUEST MEAS. OFF
[20:14:47] : end pos sig1 :50.000000 - 50.000000
[20:14:47] : 측정요구 ON 2
[20:14:57] : 측정요구 2OFF
[20:14:57] : end pos sig2 :-50.000000 - -50.000000
[20:15:02] : 측정요구3 ON
[20:15:11] : 측정요구3 OFF
[20:15:11] : end pos sig3 :50.000000 - 50.000000
[20:15:11] : 측정요구4 ON
[20:15:21] : 측정요구4 OFF
[20:15:21] : end pos sig4 :-50.000000 - -50.000000
[20:15:21] : 11,20190102-201521,AL18121450576,,OK,MAX,1, ,AUTO,0.10,8.00,2.21,OK,0.10,8.00,0.70,OK,0.10,8.00,2.84,OK,0.10,8.00,0.88,OK,
[20:15:40] : Cycle start ON
[20:15:42] : Cycle start OFF
[20:15:49] : REQUEST MEAS. ON
[20:15:58] : REQUEST MEAS. OFF
[20:15:58] : end pos sig1 :50.000000 - 50.000000
[20:15:58] : 측정요구 ON 2
[20:16:08] : 측정요구 2OFF
[20:16:08] : end pos sig2 :-50.000000 - -50.000000
[20:16:14] : 측정요구3 ON
[20:16:23] : 측정요구3 OFF
[20:16:23] : end pos sig3 :50.000000 - 50.000000
[20:16:23] : 측정요구4 ON
[20:16:32] : 측정요구4 OFF
[20:16:32] : end pos sig4 :-50.000000 - -50.000000
[20:16:32] : 11,20190102-201633,AL18121450976,,OK,MAX,1, ,AUTO,0.10,8.00,3.12,OK,0.10,8.00,2.57,OK,0.10,8.00,1.88,OK,0.10,8.00,0.78,OK,
[20:16:52] : Cycle start ON
[20:16:54] : Cycle start OFF
[20:17:01] : REQUEST MEAS. ON
[20:17:10] : REQUEST MEAS. OFF
[20:17:10] : end pos sig1 :50.000000 - 50.000000
[20:17:10] : 측정요구 ON 2
[20:17:20] : 측정요구 2OFF
[20:17:20] : end pos sig2 :-50.000000 - -50.000000
[20:17:25] : 측정요구3 ON
[20:17:34] : 측정요구3 OFF
[20:17:34] : end pos sig3 :50.000000 - 50.000000
[20:17:34] : 측정요구4 ON
[20:17:44] : 측정요구4 OFF
[20:17:44] : end pos sig4 :-50.000000 - -50.000000
[20:17:44] : 11,20190102-201744,AL18121450526,,OK,MAX,1, ,AUTO,0.10,8.00,2.43,OK,0.10,8.00,2.23,OK,0.10,8.00,2.26,OK,0.10,8.00,3.05,OK,
[20:18:24] : Cycle start ON
[20:18:26] : Cycle start OFF
[20:18:34] : REQUEST MEAS. ON
[20:18:43] : REQUEST MEAS. OFF
[20:18:43] : end pos sig1 :50.000000 - 50.000000
[20:18:43] : 측정요구 ON 2
[20:18:52] : 측정요구 2OFF
[20:18:52] : end pos sig2 :-50.000000 - -50.000000
[20:18:58] : 측정요구3 ON
[20:19:00] : AUTO RUNNING OFF
[20:19:00] : 측정요구3 OFF
[20:19:00] : end pos sig3 :-34.530000 - -34.530000
[20:19:08] : MEAS ESC ON
[20:19:08] : MEAS ESC OFF
[20:19:08] : AUTO RUNNING ON
[20:19:08] : 측정요구3 ON
[20:19:09] : 측정요구3 OFF
[20:19:09] : end pos sig3 :50.000000 - 50.000000
[20:19:09] : 측정요구4 ON
[20:19:19] : 측정요구4 OFF
[20:19:19] : end pos sig4 :-50.000000 - -50.000000
[20:19:19] : 11,20190102-201919,AL18121451006,,NG,MAX,1, ,AUTO,0.10,8.00,2.19,OK,0.10,8.00,1.58,NG,0.10,8.00,1.86,OK,0.10,8.00,3.09,NG,
[20:19:48] : Cycle start ON
[20:19:50] : Cycle start OFF
[20:21:13] : REQUEST MEAS. ON
[20:21:22] : REQUEST MEAS. OFF
[20:21:22] : end pos sig1 :50.000000 - 50.000000
[20:21:22] : 측정요구 ON 2
[20:21:31] : 측정요구 2OFF
[20:21:31] : end pos sig2 :-50.000000 - -50.000000
[20:21:37] : 측정요구3 ON
[20:21:46] : 측정요구3 OFF
[20:21:46] : end pos sig3 :50.000000 - 50.000000
[20:21:46] : 측정요구4 ON
[20:21:55] : 측정요구4 OFF
[20:21:55] : end pos sig4 :-50.000000 - -50.000000
[20:21:55] : 11,20190102-202156,AL18121450306,,OK,MAX,1, ,AUTO,0.10,8.00,3.13,OK,0.10,8.00,1.53,OK,0.10,8.00,2.20,OK,0.10,8.00,2.63,OK,
[20:22:15] : Cycle start ON
[20:22:17] : Cycle start OFF
[20:22:24] : REQUEST MEAS. ON
[20:22:33] : REQUEST MEAS. OFF
[20:22:33] : end pos sig1 :50.000000 - 50.000000
[20:22:33] : 측정요구 ON 2
[20:22:42] : 측정요구 2OFF
[20:22:42] : end pos sig2 :-50.000000 - -50.000000
[20:22:48] : 측정요구3 ON
[20:22:57] : 측정요구3 OFF
[20:22:57] : end pos sig3 :50.000000 - 50.000000
[20:22:57] : 측정요구4 ON
[20:23:06] : 측정요구4 OFF
[20:23:06] : end pos sig4 :-50.000000 - -50.000000
[20:23:06] : 11,20190102-202307,AL18121450296,,OK,MAX,1, ,AUTO,0.10,8.00,1.80,OK,0.10,8.00,2.70,OK,0.10,8.00,1.33,OK,0.10,8.00,2.62,OK,
[20:23:26] : Cycle start ON
[20:23:28] : Cycle start OFF
[20:23:35] : REQUEST MEAS. ON
[20:23:44] : REQUEST MEAS. OFF
[20:23:44] : end pos sig1 :50.000000 - 50.000000
[20:23:44] : 측정요구 ON 2
[20:23:54] : 측정요구 2OFF
[20:23:54] : end pos sig2 :-50.000000 - -50.000000
[20:23:59] : 측정요구3 ON
[20:24:08] : 측정요구3 OFF
[20:24:08] : end pos sig3 :50.000000 - 50.000000
[20:24:08] : 측정요구4 ON
[20:24:18] : 측정요구4 OFF
[20:24:18] : end pos sig4 :-50.000000 - -50.000000
[20:24:18] : 11,20190102-202418,AL18121450336,,OK,MAX,1, ,AUTO,0.10,8.00,1.54,OK,0.10,8.00,1.37,OK,0.10,8.00,2.46,OK,0.10,8.00,1.39,OK,
[20:24:37] : Cycle start ON
[20:24:39] : Cycle start OFF
[20:24:46] : REQUEST MEAS. ON
[20:24:55] : REQUEST MEAS. OFF
[20:24:55] : end pos sig1 :50.000000 - 50.000000
[20:24:55] : 측정요구 ON 2
[20:25:05] : 측정요구 2OFF
[20:25:05] : end pos sig2 :-50.000000 - -50.000000
[20:25:11] : 측정요구3 ON
[20:25:20] : 측정요구3 OFF
[20:25:20] : end pos sig3 :50.000000 - 50.000000
[20:25:20] : 측정요구4 ON
[20:25:29] : 측정요구4 OFF
[20:25:29] : end pos sig4 :-50.000000 - -50.000000
[20:25:29] : 11,20190102-202530,AL18121450636,,OK,MAX,1, ,AUTO,0.10,8.00,1.47,OK,0.10,8.00,1.64,OK,0.10,8.00,2.29,OK,0.10,8.00,2.96,OK,
[20:29:57] : AUTO RUNNING OFF
 
