[09:31:16] : Plc Error Timer
 
[13:11:15] : MEAS ESC ON
[13:21:47] : MEAS ESC OFF
[13:21:47] : AUTO RUNNING ON
[13:22:21] : Cycle start ON
[13:22:22] : Cycle start OFF
[13:22:26] : REQUEST MEAS. ON
[13:22:34] : REQUEST MEAS. OFF
[13:22:34] : end pos sig1 :50.000000 - 50.000000
[13:22:34] : 측정요구 ON 2
[13:22:41] : 측정요구 2OFF
[13:22:41] : end pos sig2 :-50.000000 - -50.000000
[13:22:47] : 측정요구3 ON
[13:22:54] : 측정요구3 OFF
[13:22:54] : end pos sig3 :50.000000 - 50.000000
[13:22:54] : 측정요구4 ON
[13:23:02] : 측정요구4 OFF
[13:23:02] : end pos sig4 :-50.000000 - -50.000000
[13:23:02] : 11,20190129-132303,CF18100851341,,OK,MAX,1, ,AUTO,0.10,3.00,1.68,OK,0.10,3.00,2.53,OK,0.10,3.00,0.97,OK,0.10,3.00,1.67,OK,
[13:23:15] : Cycle start ON
[13:23:35] : Cycle start OFF
[13:23:39] : REQUEST MEAS. ON
[13:23:47] : REQUEST MEAS. OFF
[13:23:47] : end pos sig1 :50.000000 - 50.000000
[13:23:47] : 측정요구 ON 2
[13:23:54] : 측정요구 2OFF
[13:23:54] : end pos sig2 :-50.000000 - -50.000000
[13:24:00] : 측정요구3 ON
[13:24:07] : 측정요구3 OFF
[13:24:07] : end pos sig3 :50.000000 - 50.000000
[13:24:07] : 측정요구4 ON
[13:24:15] : 측정요구4 OFF
[13:24:15] : end pos sig4 :-50.000000 - -50.000000
[13:24:16] : 11,20190129-132416,CF18112053751,,OK,MAX,1, ,AUTO,0.10,3.00,2.66,OK,0.10,3.00,1.43,OK,0.10,3.00,1.21,OK,0.10,3.00,1.16,OK,
[13:24:29] : Cycle start ON
[13:26:28] : AUTO RUNNING OFF
[13:26:28] : Cycle start OFF
[13:28:44] : MEAS ESC ON
[13:28:44] : MEAS ESC OFF
[13:28:44] : AUTO RUNNING ON
[13:28:44] : Cycle start ON
[13:28:46] : Cycle start OFF
[13:28:50] : REQUEST MEAS. ON
[13:28:51] : MEAS ESC ON
[13:28:51] : AUTO RUNNING OFF
[13:28:51] : REQUEST MEAS. OFF
[13:28:51] : end pos sig1 :-41.180000 - -41.180000
[13:29:24] : MEAS ESC OFF
[13:32:38] : MEAS ESC ON
[13:32:39] : MEAS ESC OFF
[13:32:39] : AUTO RUNNING ON
[13:32:39] : REQUEST MEAS. ON
[13:32:46] : REQUEST MEAS. OFF
[13:32:46] : end pos sig1 :50.000000 - 50.000000
[13:32:46] : 측정요구 ON 2
[13:32:54] : 측정요구 2OFF
[13:32:54] : end pos sig2 :-50.000000 - -50.000000
[13:33:00] : 측정요구3 ON
[13:33:07] : 측정요구3 OFF
[13:33:07] : end pos sig3 :50.000000 - 50.000000
[13:33:07] : 측정요구4 ON
[13:33:15] : 측정요구4 OFF
[13:33:15] : end pos sig4 :-50.000000 - -50.000000
[13:33:15] : 11,20190129-133316,CF18112053841,,OK,MAX,1, ,AUTO,0.10,3.00,2.22,OK,0.10,3.00,2.13,OK,0.10,3.00,1.45,OK,0.10,3.00,1.14,OK,
[13:34:08] : AUTO RUNNING OFF
[13:34:18] : MEAS ESC ON
[13:34:19] : MEAS ESC OFF
[13:34:19] : AUTO RUNNING ON
[13:34:36] : Cycle start ON
[13:34:38] : Cycle start OFF
[13:34:42] : REQUEST MEAS. ON
[13:34:50] : REQUEST MEAS. OFF
[13:34:50] : end pos sig1 :50.000000 - 50.000000
[13:34:50] : 측정요구 ON 2
[13:34:57] : 측정요구 2OFF
[13:34:57] : end pos sig2 :-50.000000 - -50.000000
[13:35:03] : 측정요구3 ON
[13:35:10] : 측정요구3 OFF
[13:35:10] : end pos sig3 :50.000000 - 50.000000
[13:35:10] : 측정요구4 ON
[13:35:18] : 측정요구4 OFF
[13:35:18] : end pos sig4 :-50.000000 - -50.000000
[13:35:18] : 11,20190129-133519,CF18112052131,,OK,MAX,1, ,AUTO,0.10,3.00,1.82,OK,0.10,3.00,2.18,OK,0.10,3.00,0.99,OK,0.10,3.00,0.68,OK,
[13:35:37] : Cycle start ON
[13:35:39] : Cycle start OFF
[13:35:43] : REQUEST MEAS. ON
[13:35:51] : REQUEST MEAS. OFF
[13:35:51] : end pos sig1 :50.000000 - 50.000000
[13:35:51] : 측정요구 ON 2
[13:35:58] : 측정요구 2OFF
[13:35:58] : end pos sig2 :-50.000000 - -50.000000
[13:36:04] : 측정요구3 ON
[13:36:11] : 측정요구3 OFF
[13:36:11] : end pos sig3 :50.000000 - 50.000000
[13:36:11] : 측정요구4 ON
[13:36:19] : 측정요구4 OFF
[13:36:19] : end pos sig4 :-50.000000 - -50.000000
[13:36:19] : 11,20190129-133620,CF18112053911,,OK,MAX,1, ,AUTO,0.10,3.00,1.41,OK,0.10,3.00,2.75,OK,0.10,3.00,1.01,OK,0.10,3.00,0.90,OK,
[13:36:32] : Cycle start ON
[13:36:34] : Cycle start OFF
[13:36:39] : REQUEST MEAS. ON
[13:36:46] : REQUEST MEAS. OFF
[13:36:46] : end pos sig1 :50.000000 - 50.000000
[13:36:46] : 측정요구 ON 2
[13:36:54] : 측정요구 2OFF
[13:36:54] : end pos sig2 :-50.000000 - -50.000000
[13:36:59] : 측정요구3 ON
[13:37:06] : 측정요구3 OFF
[13:37:06] : end pos sig3 :50.000000 - 50.000000
[13:37:06] : 측정요구4 ON
[13:37:14] : 측정요구4 OFF
[13:37:14] : end pos sig4 :-50.000000 - -50.000000
[13:37:14] : 11,20190129-133715,CF19012810071,,OK,MAX,1, ,AUTO,0.10,3.00,2.66,OK,0.10,3.00,2.18,OK,0.10,3.00,0.77,OK,0.10,3.00,0.77,OK,
[13:37:31] : Cycle start ON
[13:37:33] : Cycle start OFF
[13:37:37] : REQUEST MEAS. ON
[13:37:45] : REQUEST MEAS. OFF
[13:37:45] : end pos sig1 :50.000000 - 50.000000
[13:37:45] : 측정요구 ON 2
[13:37:53] : 측정요구 2OFF
[13:37:53] : end pos sig2 :-49.330000 - -49.350000
[13:37:59] : 측정요구3 ON
[13:38:06] : 측정요구3 OFF
[13:38:06] : end pos sig3 :50.000000 - 50.000000
[13:38:06] : 측정요구4 ON
[13:38:14] : 측정요구4 OFF
[13:38:14] : end pos sig4 :-50.000000 - -50.000000
[13:38:14] : 11,20190129-133814,CF18112053141,,OK,MAX,1, ,AUTO,0.10,3.00,1.60,OK,0.10,3.00,1.91,OK,0.10,3.00,0.90,OK,0.10,3.00,0.81,OK,
[13:38:29] : Cycle start ON
[13:38:31] : Cycle start OFF
[13:38:36] : REQUEST MEAS. ON
[13:38:43] : REQUEST MEAS. OFF
[13:38:43] : end pos sig1 :50.000000 - 50.000000
[13:38:43] : 측정요구 ON 2
[13:38:50] : 측정요구 2OFF
[13:38:50] : end pos sig2 :-50.000000 - -50.000000
[13:38:56] : 측정요구3 ON
[13:39:03] : 측정요구3 OFF
[13:39:03] : end pos sig3 :50.000000 - 50.000000
[13:39:03] : 측정요구4 ON
[13:39:11] : 측정요구4 OFF
[13:39:11] : end pos sig4 :-50.000000 - -50.000000
[13:39:12] : 11,20190129-133912,CF18112053611,,OK,MAX,1, ,AUTO,0.10,3.00,1.58,OK,0.10,3.00,2.48,OK,0.10,3.00,0.73,OK,0.10,3.00,0.68,OK,
[13:39:24] : Cycle start ON
[13:39:26] : Cycle start OFF
[13:39:31] : REQUEST MEAS. ON
[13:39:38] : REQUEST MEAS. OFF
[13:39:38] : end pos sig1 :50.000000 - 50.000000
[13:39:38] : 측정요구 ON 2
[13:39:47] : 측정요구 2OFF
[13:39:47] : end pos sig2 :-50.000000 - -50.000000
[13:39:52] : 측정요구3 ON
[13:39:59] : 측정요구3 OFF
[13:39:59] : end pos sig3 :50.000000 - 50.000000
[13:39:59] : 측정요구4 ON
[13:40:07] : 측정요구4 OFF
[13:40:07] : end pos sig4 :-50.000000 - -50.000000
[13:40:07] : 11,20190129-134008,CF18112052481,,OK,MAX,1, ,AUTO,0.10,3.00,1.78,OK,0.10,3.00,2.35,OK,0.10,3.00,0.68,OK,0.10,3.00,0.94,OK,
[13:40:20] : Cycle start ON
[13:40:22] : Cycle start OFF
[13:40:27] : REQUEST MEAS. ON
[13:40:34] : REQUEST MEAS. OFF
[13:40:34] : end pos sig1 :50.000000 - 50.000000
[13:40:34] : 측정요구 ON 2
[13:40:43] : 측정요구 2OFF
[13:40:43] : end pos sig2 :-50.000000 - -50.000000
[13:40:48] : 측정요구3 ON
[13:40:55] : 측정요구3 OFF
[13:40:55] : end pos sig3 :50.000000 - 50.000000
[13:40:55] : 측정요구4 ON
[13:41:04] : 측정요구4 OFF
[13:41:04] : end pos sig4 :-50.000000 - -50.000000
[13:41:04] : 11,20190129-134104,CF18112052991,,NG,MAX,1, ,AUTO,0.10,3.00,1.71,OK,0.10,3.00,3.21,NG,0.10,3.00,0.70,OK,0.10,3.00,0.68,OK,
[13:41:21] : Cycle start ON
[13:41:23] : Cycle start OFF
[13:41:27] : REQUEST MEAS. ON
[13:41:34] : REQUEST MEAS. OFF
[13:41:34] : end pos sig1 :50.000000 - 50.000000
[13:41:34] : 측정요구 ON 2
[13:41:42] : 측정요구 2OFF
[13:41:42] : end pos sig2 :-50.000000 - -50.000000
[13:41:48] : 측정요구3 ON
[13:41:55] : 측정요구3 OFF
[13:41:55] : end pos sig3 :50.000000 - 50.000000
[13:41:55] : 측정요구4 ON
[13:42:03] : 측정요구4 OFF
[13:42:03] : end pos sig4 :-50.000000 - -50.000000
[13:42:03] : 11,20190129-134204,CF19012810031,,OK,MAX,1, ,AUTO,0.10,3.00,1.65,OK,0.10,3.00,2.92,OK,0.10,3.00,0.68,OK,0.10,3.00,0.68,OK,
[13:42:17] : Cycle start ON
[13:42:18] : Cycle start OFF
[13:42:22] : REQUEST MEAS. ON
[13:42:29] : REQUEST MEAS. OFF
[13:42:29] : end pos sig1 :50.000000 - 50.000000
[13:42:29] : 측정요구 ON 2
[13:42:37] : 측정요구 2OFF
[13:42:37] : end pos sig2 :-50.000000 - -50.000000
[13:42:43] : 측정요구3 ON
[13:42:50] : 측정요구3 OFF
[13:42:50] : end pos sig3 :50.000000 - 50.000000
[13:42:50] : 측정요구4 ON
[13:42:58] : 측정요구4 OFF
[13:42:58] : end pos sig4 :-50.000000 - -50.000000
[13:42:58] : 11,20190129-134258,CF18112051631,,OK,MAX,1, ,AUTO,0.10,3.00,1.47,OK,0.10,3.00,1.63,OK,0.10,3.00,1.03,OK,0.10,3.00,0.68,OK,
[13:43:12] : Cycle start ON
[13:43:13] : Cycle start OFF
[13:43:18] : REQUEST MEAS. ON
[13:43:26] : REQUEST MEAS. OFF
[13:43:26] : end pos sig1 :50.000000 - 50.000000
[13:43:26] : 측정요구 ON 2
[13:43:33] : 측정요구 2OFF
[13:43:33] : end pos sig2 :-50.000000 - -50.000000
[13:43:39] : 측정요구3 ON
[13:43:46] : 측정요구3 OFF
[13:43:46] : end pos sig3 :50.000000 - 50.000000
[13:43:46] : 측정요구4 ON
[13:43:54] : 측정요구4 OFF
[13:43:54] : end pos sig4 :-50.000000 - -50.000000
[13:43:54] : 11,20190129-134354,CF18112052401,,OK,MAX,1, ,AUTO,0.10,3.00,1.03,OK,0.10,3.00,2.18,OK,0.10,3.00,0.79,OK,0.10,3.00,0.94,OK,
[13:44:30] : Cycle start ON
[13:44:31] : Cycle start OFF
[13:44:36] : REQUEST MEAS. ON
[13:44:44] : REQUEST MEAS. OFF
[13:44:44] : end pos sig1 :50.000000 - 50.000000
[13:44:44] : 측정요구 ON 2
[13:44:51] : 측정요구 2OFF
[13:44:51] : end pos sig2 :-50.000000 - -50.000000
[13:44:57] : 측정요구3 ON
[13:45:05] : 측정요구3 OFF
[13:45:05] : end pos sig3 :50.000000 - 50.000000
[13:45:05] : 측정요구4 ON
[13:45:12] : 측정요구4 OFF
[13:45:12] : end pos sig4 :-50.000000 - -50.000000
[13:45:12] : 11,20190129-134513,CF18112051611,,OK,MAX,1, ,AUTO,0.10,3.00,1.74,OK,0.10,3.00,2.35,OK,0.10,3.00,0.90,OK,0.10,3.00,0.81,OK,
[13:45:25] : Cycle start ON
[13:45:27] : Cycle start OFF
[13:45:32] : REQUEST MEAS. ON
[13:45:39] : REQUEST MEAS. OFF
[13:45:39] : end pos sig1 :50.000000 - 50.000000
[13:45:39] : 측정요구 ON 2
[13:45:46] : 측정요구 2OFF
[13:45:46] : end pos sig2 :-50.000000 - -50.000000
[13:45:52] : 측정요구3 ON
[13:45:59] : 측정요구3 OFF
[13:45:59] : end pos sig3 :50.000000 - 50.000000
[13:45:59] : 측정요구4 ON
[13:46:07] : 측정요구4 OFF
[13:46:07] : end pos sig4 :-50.000000 - -50.000000
[13:46:08] : 11,20190129-134608,CF18112053491,,OK,MAX,1, ,AUTO,0.10,3.00,1.38,OK,0.10,3.00,2.57,OK,0.10,3.00,0.66,OK,0.10,3.00,0.90,OK,
[13:46:20] : Cycle start ON
[13:46:22] : Cycle start OFF
[13:46:27] : REQUEST MEAS. ON
[13:46:34] : REQUEST MEAS. OFF
[13:46:34] : end pos sig1 :50.000000 - 50.000000
[13:46:34] : 측정요구 ON 2
[13:46:42] : 측정요구 2OFF
[13:46:42] : end pos sig2 :-50.000000 - -50.000000
[13:46:48] : 측정요구3 ON
[13:46:55] : 측정요구3 OFF
[13:46:55] : end pos sig3 :50.000000 - 50.000000
[13:46:56] : 측정요구4 ON
[13:47:03] : 측정요구4 OFF
[13:47:03] : end pos sig4 :-50.000000 - -50.000000
[13:47:03] : 11,20190129-134704,CF18112053991,,OK,MAX,1, ,AUTO,0.10,3.00,1.43,OK,0.10,3.00,1.82,OK,0.10,3.00,0.68,OK,0.10,3.00,0.99,OK,
[13:47:16] : Cycle start ON
[13:47:18] : Cycle start OFF
[13:47:23] : REQUEST MEAS. ON
[13:47:30] : REQUEST MEAS. OFF
[13:47:30] : end pos sig1 :50.000000 - 50.000000
[13:47:30] : 측정요구 ON 2
[13:47:38] : 측정요구 2OFF
[13:47:38] : end pos sig2 :-50.000000 - -50.000000
[13:47:43] : 측정요구3 ON
[13:47:50] : 측정요구3 OFF
[13:47:50] : end pos sig3 :50.000000 - 50.000000
[13:47:50] : 측정요구4 ON
[13:47:58] : 측정요구4 OFF
[13:47:58] : end pos sig4 :-50.000000 - -50.000000
[13:47:59] : 11,20190129-134759,CF18112053061,,OK,MAX,1, ,AUTO,0.10,3.00,1.05,OK,0.10,3.00,1.91,OK,0.10,3.00,1.25,OK,0.10,3.00,0.51,OK,
[13:48:12] : Cycle start ON
[13:48:14] : Cycle start OFF
[13:48:19] : REQUEST MEAS. ON
[13:48:26] : REQUEST MEAS. OFF
[13:48:26] : end pos sig1 :50.000000 - 50.000000
[13:48:26] : 측정요구 ON 2
[13:48:34] : 측정요구 2OFF
[13:48:34] : end pos sig2 :-50.000000 - -50.000000
[13:48:39] : 측정요구3 ON
[13:48:46] : 측정요구3 OFF
[13:48:46] : end pos sig3 :50.000000 - 50.000000
[13:48:46] : 측정요구4 ON
[13:48:54] : 측정요구4 OFF
[13:48:54] : end pos sig4 :-50.000000 - -50.000000
[13:48:54] : 11,20190129-134855,CF18112052741,,OK,MAX,1, ,AUTO,0.10,3.00,1.74,OK,0.10,3.00,2.14,OK,0.10,3.00,0.99,OK,0.10,3.00,0.81,OK,
[13:49:07] : Cycle start ON
[13:49:09] : Cycle start OFF
[13:49:14] : REQUEST MEAS. ON
[13:49:21] : REQUEST MEAS. OFF
[13:49:21] : end pos sig1 :50.000000 - 50.000000
[13:49:21] : 측정요구 ON 2
[13:49:29] : 측정요구 2OFF
[13:49:29] : end pos sig2 :-50.000000 - -50.000000
[13:49:35] : 측정요구3 ON
[13:49:42] : 측정요구3 OFF
[13:49:42] : end pos sig3 :50.000000 - 50.000000
[13:49:42] : 측정요구4 ON
[13:49:50] : 측정요구4 OFF
[13:49:50] : end pos sig4 :-50.000000 - -50.000000
[13:49:51] : 11,20190129-134951,CF18112053401,,OK,MAX,1, ,AUTO,0.10,3.00,1.36,OK,0.10,3.00,2.31,OK,0.10,3.00,0.83,OK,0.10,3.00,1.03,OK,
[13:50:03] : Cycle start ON
[13:50:05] : Cycle start OFF
[13:50:09] : REQUEST MEAS. ON
[13:50:17] : REQUEST MEAS. OFF
[13:50:17] : end pos sig1 :50.000000 - 50.000000
[13:50:17] : 측정요구 ON 2
[13:50:24] : 측정요구 2OFF
[13:50:24] : end pos sig2 :-50.000000 - -50.000000
[13:50:30] : 측정요구3 ON
[13:50:37] : 측정요구3 OFF
[13:50:37] : end pos sig3 :50.000000 - 50.000000
[13:50:37] : 측정요구4 ON
[13:50:45] : 측정요구4 OFF
[13:50:45] : end pos sig4 :-50.000000 - -50.000000
[13:50:45] : 11,20190129-135046,CF18112052221,,OK,MAX,1, ,AUTO,0.10,3.00,1.52,OK,0.10,3.00,2.35,OK,0.10,3.00,0.70,OK,0.10,3.00,0.94,OK,
[13:50:58] : Cycle start ON
[13:51:00] : Cycle start OFF
[13:51:05] : REQUEST MEAS. ON
[13:51:12] : REQUEST MEAS. OFF
[13:51:12] : end pos sig1 :50.000000 - 50.000000
[13:51:12] : 측정요구 ON 2
[13:51:20] : 측정요구 2OFF
[13:51:20] : end pos sig2 :-50.000000 - -50.000000
[13:51:26] : 측정요구3 ON
[13:51:33] : 측정요구3 OFF
[13:51:33] : end pos sig3 :50.000000 - 50.000000
[13:51:33] : 측정요구4 ON
[13:51:40] : 측정요구4 OFF
[13:51:40] : end pos sig4 :-50.000000 - -50.000000
[13:51:40] : 11,20190129-135141,CF18112053621,,OK,MAX,1, ,AUTO,0.10,3.00,1.21,OK,0.10,3.00,1.69,OK,0.10,3.00,0.70,OK,0.10,3.00,1.49,OK,
[13:52:20] : Cycle start ON
[13:52:22] : Cycle start OFF
[13:52:27] : REQUEST MEAS. ON
[13:52:34] : REQUEST MEAS. OFF
[13:52:34] : end pos sig1 :50.000000 - 50.000000
[13:52:34] : 측정요구 ON 2
[13:52:42] : 측정요구 2OFF
[13:52:42] : end pos sig2 :-50.000000 - -50.000000
[13:52:48] : 측정요구3 ON
[13:52:55] : 측정요구3 OFF
[13:52:55] : end pos sig3 :50.000000 - 50.000000
[13:52:55] : 측정요구4 ON
[13:53:03] : 측정요구4 OFF
[13:53:03] : end pos sig4 :-50.000000 - -50.000000
[13:53:03] : 11,20190129-135304,CF18112053561,,OK,MAX,1, ,AUTO,0.10,3.00,1.34,OK,0.10,3.00,1.87,OK,0.10,3.00,0.73,OK,0.10,3.00,0.86,OK,
[13:53:16] : Cycle start ON
[13:53:18] : Cycle start OFF
[13:53:22] : REQUEST MEAS. ON
[13:53:30] : REQUEST MEAS. OFF
[13:53:30] : end pos sig1 :50.000000 - 50.000000
[13:53:30] : 측정요구 ON 2
[13:53:37] : 측정요구 2OFF
[13:53:37] : end pos sig2 :-50.000000 - -50.000000
[13:53:43] : 측정요구3 ON
[13:53:50] : 측정요구3 OFF
[13:53:50] : end pos sig3 :50.000000 - 50.000000
[13:53:50] : 측정요구4 ON
[13:53:58] : 측정요구4 OFF
[13:53:58] : end pos sig4 :-50.000000 - -50.000000
[13:53:58] : 11,20190129-135359,CF18112052871,,OK,MAX,1, ,AUTO,0.10,3.00,1.65,OK,0.10,3.00,2.07,OK,0.10,3.00,2.37,OK,0.10,3.00,0.97,OK,
[13:54:11] : Cycle start ON
[13:54:13] : Cycle start OFF
[13:54:17] : REQUEST MEAS. ON
[13:54:25] : REQUEST MEAS. OFF
[13:54:25] : end pos sig1 :50.000000 - 50.000000
[13:54:25] : 측정요구 ON 2
[13:54:32] : 측정요구 2OFF
[13:54:32] : end pos sig2 :-50.000000 - -50.000000
[13:54:38] : 측정요구3 ON
[13:54:45] : 측정요구3 OFF
[13:54:45] : end pos sig3 :50.000000 - 50.000000
[13:54:46] : 측정요구4 ON
[13:54:53] : 측정요구4 OFF
[13:54:53] : end pos sig4 :-50.000000 - -50.000000
[13:54:53] : 11,20190129-135454,CF18120273151,,OK,MAX,1, ,AUTO,0.10,3.00,1.54,OK,0.10,3.00,2.40,OK,0.10,3.00,2.66,OK,0.10,3.00,0.81,OK,
[13:55:06] : Cycle start ON
[13:55:08] : Cycle start OFF
[13:55:13] : REQUEST MEAS. ON
[13:55:20] : REQUEST MEAS. OFF
[13:55:20] : end pos sig1 :50.000000 - 50.000000
[13:55:20] : 측정요구 ON 2
[13:55:28] : 측정요구 2OFF
[13:55:28] : end pos sig2 :-50.000000 - -50.000000
[13:55:34] : 측정요구3 ON
[13:55:41] : 측정요구3 OFF
[13:55:41] : end pos sig3 :50.000000 - 50.000000
[13:55:41] : 측정요구4 ON
[13:55:48] : 측정요구4 OFF
[13:55:48] : end pos sig4 :-50.000000 - -50.000000
[13:55:49] : 11,20190129-135550,,,OK,MAX,1, ,AUTO,0.10,3.00,1.47,OK,0.10,3.00,2.48,OK,0.10,3.00,1.41,OK,0.10,3.00,1.23,OK,
[13:56:02] : Cycle start ON
[13:56:04] : Cycle start OFF
[13:56:09] : REQUEST MEAS. ON
[13:56:16] : REQUEST MEAS. OFF
[13:56:16] : end pos sig1 :50.000000 - 50.000000
[13:56:16] : 측정요구 ON 2
[13:56:23] : 측정요구 2OFF
[13:56:23] : end pos sig2 :-50.000000 - -50.000000
[13:56:29] : 측정요구3 ON
[13:56:36] : 측정요구3 OFF
[13:56:36] : end pos sig3 :50.000000 - 50.000000
[13:56:36] : 측정요구4 ON
[13:56:44] : 측정요구4 OFF
[13:56:44] : end pos sig4 :-50.000000 - -50.000000
[13:56:44] : 11,20190129-135645,CF18112053861,,OK,MAX,1, ,AUTO,0.10,3.00,1.05,OK,0.10,3.00,1.78,OK,0.10,3.00,2.26,OK,0.10,3.00,1.00,OK,
[13:56:58] : Cycle start ON
[13:56:59] : Cycle start OFF
[13:57:03] : REQUEST MEAS. ON
[13:57:10] : REQUEST MEAS. OFF
[13:57:10] : end pos sig1 :50.000000 - 50.000000
[13:57:10] : 측정요구 ON 2
[13:57:18] : 측정요구 2OFF
[13:57:18] : end pos sig2 :-50.000000 - -50.000000
[13:57:24] : 측정요구3 ON
[13:57:31] : 측정요구3 OFF
[13:57:31] : end pos sig3 :50.000000 - 50.000000
[13:57:31] : 측정요구4 ON
[13:57:39] : 측정요구4 OFF
[13:57:39] : end pos sig4 :-50.000000 - -50.000000
[13:57:39] : 11,20190129-135740,CF18112052331,,OK,MAX,1, ,AUTO,0.10,3.00,1.76,OK,0.10,3.00,2.29,OK,0.10,3.00,0.90,OK,0.10,3.00,0.77,OK,
[13:58:05] : Cycle start ON
[13:58:07] : Cycle start OFF
[13:58:10] : REQUEST MEAS. ON
[13:58:18] : REQUEST MEAS. OFF
[13:58:18] : end pos sig1 :50.000000 - 50.000000
[13:58:18] : 측정요구 ON 2
[13:58:25] : 측정요구 2OFF
[13:58:25] : end pos sig2 :-50.000000 - -50.000000
[13:58:31] : 측정요구3 ON
[13:58:38] : 측정요구3 OFF
[13:58:38] : end pos sig3 :50.000000 - 50.000000
[13:58:39] : 측정요구4 ON
[13:58:46] : 측정요구4 OFF
[13:58:46] : end pos sig4 :-50.000000 - -50.000000
[13:58:46] : 11,20190129-135847,CF18112053961,,OK,MAX,1, ,AUTO,0.10,3.00,2.13,OK,0.10,3.00,1.34,OK,0.10,3.00,0.99,OK,0.10,3.00,0.81,OK,
[13:58:59] : Cycle start ON
[13:59:01] : Cycle start OFF
[13:59:05] : REQUEST MEAS. ON
[13:59:13] : REQUEST MEAS. OFF
[13:59:13] : end pos sig1 :50.000000 - 50.000000
[13:59:13] : 측정요구 ON 2
[13:59:21] : 측정요구 2OFF
[13:59:21] : end pos sig2 :-50.000000 - -50.000000
[13:59:27] : 측정요구3 ON
[13:59:34] : 측정요구3 OFF
[13:59:34] : end pos sig3 :50.000000 - 50.000000
[13:59:34] : 측정요구4 ON
[13:59:41] : 측정요구4 OFF
[13:59:41] : end pos sig4 :-50.000000 - -50.000000
[13:59:41] : 11,20190129-135942,CF18112052761,,OK,MAX,1, ,AUTO,0.10,3.00,1.49,OK,0.10,3.00,2.22,OK,0.10,3.00,0.70,OK,0.10,3.00,1.01,OK,
[13:59:54] : Cycle start ON
[13:59:56] : Cycle start OFF
[14:00:01] : REQUEST MEAS. ON
[14:00:08] : REQUEST MEAS. OFF
[14:00:08] : end pos sig1 :50.000000 - 50.000000
[14:00:08] : 측정요구 ON 2
[14:00:16] : 측정요구 2OFF
[14:00:16] : end pos sig2 :-50.000000 - -50.000000
[14:00:22] : 측정요구3 ON
[14:00:29] : 측정요구3 OFF
[14:00:29] : end pos sig3 :50.000000 - 50.000000
[14:00:30] : 측정요구4 ON
[14:00:37] : 측정요구4 OFF
[14:00:37] : end pos sig4 :-50.000000 - -50.000000
[14:00:37] : 11,20190129-140038,CF18112052691,,OK,MAX,1, ,AUTO,0.10,3.00,2.00,OK,0.10,3.00,2.31,OK,0.10,3.00,0.90,OK,0.10,3.00,0.64,OK,
[14:00:50] : Cycle start ON
[14:00:52] : Cycle start OFF
[14:00:57] : REQUEST MEAS. ON
[14:01:04] : REQUEST MEAS. OFF
[14:01:04] : end pos sig1 :50.000000 - 50.000000
[14:01:04] : 측정요구 ON 2
[14:01:12] : 측정요구 2OFF
[14:01:12] : end pos sig2 :-50.000000 - -50.000000
[14:01:17] : 측정요구3 ON
[14:01:24] : 측정요구3 OFF
[14:01:24] : end pos sig3 :50.000000 - 50.000000
[14:01:24] : 측정요구4 ON
[14:01:32] : 측정요구4 OFF
[14:01:32] : end pos sig4 :-50.000000 - -50.000000
[14:01:32] : 11,20190129-140133,CF18112053111,,NG,MAX,1, ,AUTO,0.10,3.00,3.08,NG,0.10,3.00,2.35,OK,0.10,3.00,0.83,OK,0.10,3.00,1.96,OK,
[14:01:50] : Cycle start ON
[14:01:52] : Cycle start OFF
[14:01:55] : REQUEST MEAS. ON
[14:02:03] : REQUEST MEAS. OFF
[14:02:03] : end pos sig1 :50.000000 - 50.000000
[14:02:03] : 측정요구 ON 2
[14:02:11] : 측정요구 2OFF
[14:02:11] : end pos sig2 :-50.000000 - -50.000000
[14:02:17] : 측정요구3 ON
[14:02:24] : 측정요구3 OFF
[14:02:24] : end pos sig3 :50.000000 - 50.000000
[14:02:24] : 측정요구4 ON
[14:02:31] : 측정요구4 OFF
[14:02:31] : end pos sig4 :-50.000000 - -50.000000
[14:02:31] : 11,20190129-140232,CF18112053551,,OK,MAX,1, ,AUTO,0.10,3.00,1.52,OK,0.10,3.00,2.18,OK,0.10,3.00,0.97,OK,0.10,3.00,0.86,OK,
[14:02:45] : Cycle start ON
[14:02:47] : Cycle start OFF
[14:02:51] : REQUEST MEAS. ON
[14:02:58] : REQUEST MEAS. OFF
[14:02:58] : end pos sig1 :50.000000 - 50.000000
[14:02:59] : 측정요구 ON 2
[14:03:06] : 측정요구 2OFF
[14:03:06] : end pos sig2 :-50.000000 - -50.000000
[14:03:11] : 측정요구3 ON
[14:03:18] : 측정요구3 OFF
[14:03:18] : end pos sig3 :50.000000 - 50.000000
[14:03:18] : 측정요구4 ON
[14:03:26] : 측정요구4 OFF
[14:03:26] : end pos sig4 :-50.000000 - -50.000000
[14:03:26] : 11,20190129-140327,CF18112052861,,OK,MAX,1, ,AUTO,0.10,3.00,1.23,OK,0.10,3.00,1.76,OK,0.10,3.00,0.79,OK,0.10,3.00,0.73,OK,
[14:03:40] : Cycle start ON
[14:03:41] : Cycle start OFF
[14:03:46] : REQUEST MEAS. ON
[14:03:53] : REQUEST MEAS. OFF
[14:03:53] : end pos sig1 :50.000000 - 50.000000
[14:03:53] : 측정요구 ON 2
[14:04:01] : 측정요구 2OFF
[14:04:01] : end pos sig2 :-50.000000 - -50.000000
[14:04:07] : 측정요구3 ON
[14:04:14] : 측정요구3 OFF
[14:04:14] : end pos sig3 :50.000000 - 50.000000
[14:04:14] : 측정요구4 ON
[14:04:21] : 측정요구4 OFF
[14:04:21] : end pos sig4 :-50.000000 - -50.000000
[14:04:21] : 11,20190129-140422,CF18112053011,,OK,MAX,1, ,AUTO,0.10,3.00,1.65,OK,0.10,3.00,1.71,OK,0.10,3.00,0.75,OK,0.10,3.00,1.01,OK,
[14:04:35] : Cycle start ON
[14:04:36] : Cycle start OFF
[14:04:41] : REQUEST MEAS. ON
[14:04:48] : REQUEST MEAS. OFF
[14:04:48] : end pos sig1 :50.000000 - 50.000000
[14:04:48] : 측정요구 ON 2
[14:04:56] : 측정요구 2OFF
[14:04:56] : end pos sig2 :-50.000000 - -50.000000
[14:05:02] : 측정요구3 ON
[14:05:09] : 측정요구3 OFF
[14:05:09] : end pos sig3 :50.000000 - 50.000000
[14:05:09] : 측정요구4 ON
[14:05:17] : 측정요구4 OFF
[14:05:17] : end pos sig4 :-50.000000 - -50.000000
[14:05:17] : 11,20190129-140518,CF18112052471,,OK,MAX,1, ,AUTO,0.10,3.00,1.69,OK,0.10,3.00,2.57,OK,0.10,3.00,0.77,OK,0.10,3.00,1.01,OK,
[14:05:30] : Cycle start ON
[14:05:32] : Cycle start OFF
[14:05:36] : REQUEST MEAS. ON
[14:05:44] : REQUEST MEAS. OFF
[14:05:44] : end pos sig1 :50.000000 - 50.000000
[14:05:44] : 측정요구 ON 2
[14:05:51] : 측정요구 2OFF
[14:05:51] : end pos sig2 :-50.000000 - -50.000000
[14:05:57] : 측정요구3 ON
[14:06:04] : 측정요구3 OFF
[14:06:04] : end pos sig3 :50.000000 - 50.000000
[14:06:04] : 측정요구4 ON
[14:06:12] : 측정요구4 OFF
[14:06:12] : end pos sig4 :-50.000000 - -50.000000
[14:06:12] : 11,20190129-140613,CF18112053421,,OK,MAX,1, ,AUTO,0.10,3.00,1.25,OK,0.10,3.00,2.04,OK,0.10,3.00,0.73,OK,0.10,3.00,0.73,OK,
[14:06:26] : Cycle start ON
[14:06:27] : Cycle start OFF
[14:06:32] : REQUEST MEAS. ON
[14:06:39] : REQUEST MEAS. OFF
[14:06:39] : end pos sig1 :50.000000 - 50.000000
[14:06:39] : 측정요구 ON 2
[14:06:47] : 측정요구 2OFF
[14:06:47] : end pos sig2 :-50.000000 - -50.000000
[14:06:53] : 측정요구3 ON
[14:07:00] : 측정요구3 OFF
[14:07:00] : end pos sig3 :50.000000 - 50.000000
[14:07:00] : 측정요구4 ON
[14:07:07] : 측정요구4 OFF
[14:07:07] : end pos sig4 :-50.000000 - -50.000000
[14:07:08] : 11,20190129-140708,CF18112052561,,OK,MAX,1, ,AUTO,0.10,3.00,1.67,OK,0.10,3.00,2.81,OK,0.10,3.00,2.44,OK,0.10,3.00,0.75,OK,
[14:07:22] : Cycle start ON
[14:07:23] : Cycle start OFF
[14:07:28] : REQUEST MEAS. ON
[14:07:35] : REQUEST MEAS. OFF
[14:07:35] : end pos sig1 :50.000000 - 50.000000
[14:07:35] : 측정요구 ON 2
[14:07:42] : 측정요구 2OFF
[14:07:42] : end pos sig2 :-50.000000 - -50.000000
[14:07:48] : 측정요구3 ON
[14:07:55] : 측정요구3 OFF
[14:07:55] : end pos sig3 :50.000000 - 50.000000
[14:07:55] : 측정요구4 ON
[14:08:03] : 측정요구4 OFF
[14:08:03] : end pos sig4 :-50.000000 - -50.000000
[14:08:04] : 11,20190129-140804,CF18112052301,,OK,MAX,1, ,AUTO,0.10,3.00,1.74,OK,0.10,3.00,2.94,OK,0.10,3.00,2.67,OK,0.10,3.00,0.92,OK,
[14:08:17] : Cycle start ON
[14:08:18] : Cycle start OFF
[14:08:22] : REQUEST MEAS. ON
[14:08:30] : REQUEST MEAS. OFF
[14:08:30] : end pos sig1 :50.000000 - 50.000000
[14:08:30] : 측정요구 ON 2
[14:08:38] : 측정요구 2OFF
[14:08:38] : end pos sig2 :-50.000000 - -50.000000
[14:08:44] : 측정요구3 ON
[14:08:51] : 측정요구3 OFF
[14:08:51] : end pos sig3 :50.000000 - 50.000000
[14:08:51] : 측정요구4 ON
[14:08:59] : 측정요구4 OFF
[14:08:59] : end pos sig4 :-50.000000 - -50.000000
[14:08:59] : 11,20190129-140859,CF18120272821,,OK,MAX,1, ,AUTO,0.10,3.00,1.65,OK,0.10,3.00,2.31,OK,0.10,3.00,2.61,OK,0.10,3.00,1.74,OK,
[14:09:12] : Cycle start ON
[14:09:14] : Cycle start OFF
[14:09:18] : REQUEST MEAS. ON
[14:09:26] : REQUEST MEAS. OFF
[14:09:26] : end pos sig1 :50.000000 - 50.000000
[14:09:26] : 측정요구 ON 2
[14:09:33] : 측정요구 2OFF
[14:09:33] : end pos sig2 :-50.000000 - -50.000000
[14:09:39] : 측정요구3 ON
[14:09:46] : 측정요구3 OFF
[14:09:46] : end pos sig3 :50.000000 - 50.000000
[14:09:46] : 측정요구4 ON
[14:09:54] : 측정요구4 OFF
[14:09:54] : end pos sig4 :-50.000000 - -50.000000
[14:09:54] : 11,20190129-140955,CF18112053131,,OK,MAX,1, ,AUTO,0.10,3.00,1.52,OK,0.10,3.00,2.99,OK,0.10,3.00,0.77,OK,0.10,3.00,0.64,OK,
[14:10:08] : Cycle start ON
[14:10:09] : Cycle start OFF
[14:10:14] : REQUEST MEAS. ON
[14:10:21] : REQUEST MEAS. OFF
[14:10:21] : end pos sig1 :50.000000 - 50.000000
[14:10:21] : 측정요구 ON 2
[14:10:29] : 측정요구 2OFF
[14:10:29] : end pos sig2 :-50.000000 - -50.000000
[14:10:35] : 측정요구3 ON
[14:10:42] : 측정요구3 OFF
[14:10:42] : end pos sig3 :50.000000 - 50.000000
[14:10:43] : 측정요구4 ON
[14:10:50] : 측정요구4 OFF
[14:10:50] : end pos sig4 :-50.000000 - -50.000000
[14:10:50] : 11,20190129-141051,CF18112053361,,OK,MAX,1, ,AUTO,0.10,3.00,1.08,OK,0.10,3.00,1.74,OK,0.10,3.00,0.88,OK,0.10,3.00,1.10,OK,
[14:11:04] : Cycle start ON
[14:11:05] : Cycle start OFF
[14:11:09] : REQUEST MEAS. ON
[14:11:17] : REQUEST MEAS. OFF
[14:11:17] : end pos sig1 :50.000000 - 50.000000
[14:11:17] : 측정요구 ON 2
[14:11:24] : 측정요구 2OFF
[14:11:24] : end pos sig2 :-50.000000 - -50.000000
[14:11:30] : 측정요구3 ON
[14:11:37] : 측정요구3 OFF
[14:11:37] : end pos sig3 :50.000000 - 50.000000
[14:11:37] : 측정요구4 ON
[14:11:45] : 측정요구4 OFF
[14:11:45] : end pos sig4 :-50.000000 - -50.000000
[14:11:45] : 11,20190129-141146,CF18112051591,,OK,MAX,1, ,AUTO,0.10,3.00,1.47,OK,0.10,3.00,2.75,OK,0.10,3.00,1.01,OK,0.10,3.00,0.83,OK,
[14:11:59] : Cycle start ON
[14:12:00] : Cycle start OFF
[14:12:05] : REQUEST MEAS. ON
[14:12:12] : REQUEST MEAS. OFF
[14:12:12] : end pos sig1 :50.000000 - 50.000000
[14:12:12] : 측정요구 ON 2
[14:12:20] : 측정요구 2OFF
[14:12:20] : end pos sig2 :-50.000000 - -50.000000
[14:12:26] : 측정요구3 ON
[14:12:33] : 측정요구3 OFF
[14:12:33] : end pos sig3 :50.000000 - 50.000000
[14:12:33] : 측정요구4 ON
[14:12:41] : 측정요구4 OFF
[14:12:41] : end pos sig4 :-50.000000 - -50.000000
[14:12:41] : 11,20190129-141241,CF18112052351,,OK,MAX,1, ,AUTO,0.10,3.00,1.67,OK,0.10,3.00,2.18,OK,0.10,3.00,0.64,OK,0.10,3.00,1.19,OK,
[14:12:55] : Cycle start ON
[14:12:56] : Cycle start OFF
[14:13:00] : REQUEST MEAS. ON
[14:13:08] : REQUEST MEAS. OFF
[14:13:08] : end pos sig1 :50.000000 - 50.000000
[14:13:08] : 측정요구 ON 2
[14:13:15] : 측정요구 2OFF
[14:13:15] : end pos sig2 :-50.000000 - -50.000000
[14:13:21] : 측정요구3 ON
[14:13:28] : 측정요구3 OFF
[14:13:28] : end pos sig3 :50.000000 - 50.000000
[14:13:28] : 측정요구4 ON
[14:13:36] : 측정요구4 OFF
[14:13:36] : end pos sig4 :-50.000000 - -50.000000
[14:13:36] : 11,20190129-141337,CF19012810061,,OK,MAX,1, ,AUTO,0.10,3.00,1.97,OK,0.10,3.00,2.66,OK,0.10,3.00,0.68,OK,0.10,3.00,0.73,OK,
[14:14:22] : Cycle start ON
[14:14:24] : Cycle start OFF
[14:14:28] : REQUEST MEAS. ON
[14:14:35] : REQUEST MEAS. OFF
[14:14:35] : end pos sig1 :50.000000 - 50.000000
[14:14:35] : 측정요구 ON 2
[14:14:43] : 측정요구 2OFF
[14:14:43] : end pos sig2 :-50.000000 - -50.000000
[14:14:49] : 측정요구3 ON
[14:14:56] : 측정요구3 OFF
[14:14:56] : end pos sig3 :50.000000 - 50.000000
[14:14:56] : 측정요구4 ON
[14:15:03] : 측정요구4 OFF
[14:15:03] : end pos sig4 :-50.000000 - -50.000000
[14:15:03] : 11,20190129-141504,CF19012810241,,OK,MAX,1, ,AUTO,0.10,3.00,1.58,OK,0.10,3.00,2.15,OK,0.10,3.00,2.00,OK,0.10,3.00,0.83,OK,
[14:15:51] : Cycle start ON
[14:15:53] : Cycle start OFF
[14:15:58] : REQUEST MEAS. ON
[14:16:05] : REQUEST MEAS. OFF
[14:16:05] : end pos sig1 :50.000000 - 50.000000
[14:16:05] : 측정요구 ON 2
[14:16:13] : 측정요구 2OFF
[14:16:13] : end pos sig2 :-50.000000 - -50.000000
[14:16:19] : 측정요구3 ON
[14:16:26] : 측정요구3 OFF
[14:16:26] : end pos sig3 :50.000000 - 50.000000
[14:16:26] : 측정요구4 ON
[14:16:34] : 측정요구4 OFF
[14:16:34] : end pos sig4 :-50.000000 - -50.000000
[14:16:34] : 11,20190129-141635,CF19012810011,,OK,MAX,1, ,AUTO,0.10,3.00,1.67,OK,0.10,3.00,2.29,OK,0.10,3.00,0.68,OK,0.10,3.00,0.57,OK,
[14:16:48] : Cycle start ON
[14:16:49] : Cycle start OFF
[14:16:54] : REQUEST MEAS. ON
[14:17:01] : REQUEST MEAS. OFF
[14:17:01] : end pos sig1 :50.000000 - 50.000000
[14:17:01] : 측정요구 ON 2
[14:17:09] : 측정요구 2OFF
[14:17:09] : end pos sig2 :-50.000000 - -50.000000
[14:17:15] : 측정요구3 ON
[14:17:22] : 측정요구3 OFF
[14:17:22] : end pos sig3 :50.000000 - 50.000000
[14:17:22] : 측정요구4 ON
[14:17:29] : 측정요구4 OFF
[14:17:29] : end pos sig4 :-50.000000 - -50.000000
[14:17:29] : 11,20190129-141730,CF19012810021,,OK,MAX,1, ,AUTO,0.10,3.00,1.12,OK,0.10,3.00,1.91,OK,0.10,3.00,0.97,OK,0.10,3.00,0.55,OK,
[14:17:44] : Cycle start ON
[14:17:45] : Cycle start OFF
[14:17:49] : REQUEST MEAS. ON
[14:17:57] : REQUEST MEAS. OFF
[14:17:57] : end pos sig1 :50.000000 - 50.000000
[14:17:57] : 측정요구 ON 2
[14:18:04] : 측정요구 2OFF
[14:18:04] : end pos sig2 :-50.000000 - -50.000000
[14:18:10] : 측정요구3 ON
[14:18:17] : 측정요구3 OFF
[14:18:17] : end pos sig3 :50.000000 - 50.000000
[14:18:17] : 측정요구4 ON
[14:18:25] : 측정요구4 OFF
[14:18:25] : end pos sig4 :-50.000000 - -50.000000
[14:18:25] : 11,20190129-141826,CF18112052731,,OK,MAX,1, ,AUTO,0.10,3.00,2.22,OK,0.10,3.00,1.36,OK,0.10,3.00,0.79,OK,0.10,3.00,0.69,OK,
[14:18:39] : Cycle start ON
[14:18:40] : Cycle start OFF
[14:18:44] : REQUEST MEAS. ON
[14:18:52] : REQUEST MEAS. OFF
[14:18:52] : end pos sig1 :50.000000 - 50.000000
[14:18:52] : 측정요구 ON 2
[14:18:59] : 측정요구 2OFF
[14:18:59] : end pos sig2 :-50.000000 - -50.000000
[14:19:05] : 측정요구3 ON
[14:19:12] : 측정요구3 OFF
[14:19:12] : end pos sig3 :50.000000 - 50.000000
[14:19:13] : 측정요구4 ON
[14:19:20] : 측정요구4 OFF
[14:19:20] : end pos sig4 :-50.000000 - -50.000000
[14:19:20] : 11,20190129-141921,CF18112052201,,OK,MAX,1, ,AUTO,0.10,3.00,1.65,OK,0.10,3.00,2.26,OK,0.10,3.00,0.59,OK,0.10,3.00,1.36,OK,
[14:19:34] : Cycle start ON
[14:19:35] : Cycle start OFF
[14:19:40] : REQUEST MEAS. ON
[14:19:47] : REQUEST MEAS. OFF
[14:19:47] : end pos sig1 :50.000000 - 50.000000
[14:19:47] : 측정요구 ON 2
[14:19:55] : 측정요구 2OFF
[14:19:55] : end pos sig2 :-50.000000 - -50.000000
[14:20:00] : 측정요구3 ON
[14:20:07] : 측정요구3 OFF
[14:20:07] : end pos sig3 :50.000000 - 50.000000
[14:20:07] : 측정요구4 ON
[14:20:15] : 측정요구4 OFF
[14:20:15] : end pos sig4 :-50.000000 - -50.000000
[14:20:15] : 11,20190129-142016,CF18112053871,,OK,MAX,1, ,AUTO,0.10,3.00,1.38,OK,0.10,3.00,2.09,OK,0.10,3.00,0.81,OK,0.10,3.00,2.75,OK,
[14:20:29] : Cycle start ON
[14:20:30] : Cycle start OFF
[14:20:35] : REQUEST MEAS. ON
[14:20:42] : REQUEST MEAS. OFF
[14:20:42] : end pos sig1 :50.000000 - 50.000000
[14:20:42] : 측정요구 ON 2
[14:20:50] : 측정요구 2OFF
[14:20:50] : end pos sig2 :-50.000000 - -50.000000
[14:20:56] : 측정요구3 ON
[14:21:03] : 측정요구3 OFF
[14:21:03] : end pos sig3 :50.000000 - 50.000000
[14:21:03] : 측정요구4 ON
[14:21:11] : 측정요구4 OFF
[14:21:11] : end pos sig4 :-50.000000 - -50.000000
[14:21:11] : 11,20190129-142112,CF18112052411,,OK,MAX,1, ,AUTO,0.10,3.00,1.34,OK,0.10,3.00,2.18,OK,0.10,3.00,0.57,OK,0.10,3.00,0.77,OK,
[14:21:25] : Cycle start ON
[14:21:26] : Cycle start OFF
[14:21:31] : REQUEST MEAS. ON
[14:21:38] : REQUEST MEAS. OFF
[14:21:38] : end pos sig1 :50.000000 - 50.000000
[14:21:38] : 측정요구 ON 2
[14:21:46] : 측정요구 2OFF
[14:21:46] : end pos sig2 :-50.000000 - -50.000000
[14:21:52] : 측정요구3 ON
[14:21:59] : 측정요구3 OFF
[14:21:59] : end pos sig3 :50.000000 - 50.000000
[14:21:59] : 측정요구4 ON
[14:22:06] : 측정요구4 OFF
[14:22:06] : end pos sig4 :-50.000000 - -50.000000
[14:22:06] : 11,20190129-142207,CF18112053281,,OK,MAX,1, ,AUTO,0.10,3.00,1.71,OK,0.10,3.00,2.26,OK,0.10,3.00,0.81,OK,0.10,3.00,0.94,OK,
[14:22:20] : Cycle start ON
[14:22:21] : Cycle start OFF
[14:22:25] : REQUEST MEAS. ON
[14:22:33] : REQUEST MEAS. OFF
[14:22:33] : end pos sig1 :50.000000 - 50.000000
[14:22:33] : 측정요구 ON 2
[14:22:41] : 측정요구 2OFF
[14:22:41] : end pos sig2 :-50.000000 - -50.000000
[14:22:47] : 측정요구3 ON
[14:22:54] : 측정요구3 OFF
[14:22:54] : end pos sig3 :50.000000 - 50.000000
[14:22:54] : 측정요구4 ON
[14:23:02] : 측정요구4 OFF
[14:23:02] : end pos sig4 :-50.000000 - -50.000000
[14:23:02] : 11,20190129-142303,CF18112053021,,OK,MAX,1, ,AUTO,0.10,3.00,2.31,OK,0.10,3.00,2.31,OK,0.10,3.00,0.77,OK,0.10,3.00,0.64,OK,
[14:23:16] : Cycle start ON
[14:23:17] : Cycle start OFF
[14:23:21] : REQUEST MEAS. ON
[14:23:29] : REQUEST MEAS. OFF
[14:23:29] : end pos sig1 :50.000000 - 50.000000
[14:23:29] : 측정요구 ON 2
[14:23:36] : 측정요구 2OFF
[14:23:36] : end pos sig2 :-50.000000 - -50.000000
[14:23:42] : 측정요구3 ON
[14:23:49] : 측정요구3 OFF
[14:23:49] : end pos sig3 :50.000000 - 50.000000
[14:23:49] : 측정요구4 ON
[14:23:57] : 측정요구4 OFF
[14:23:57] : end pos sig4 :-50.000000 - -50.000000
[14:23:57] : 11,20190129-142358,CF18112052821,,NG,MAX,1, ,AUTO,0.10,3.00,3.08,NG,0.10,3.00,3.03,NG,0.10,3.00,1.27,OK,0.10,3.00,0.81,OK,
[14:24:15] : Cycle start ON
[14:24:17] : Cycle start OFF
[14:24:27] : REQUEST MEAS. ON
[14:24:34] : REQUEST MEAS. OFF
[14:24:34] : end pos sig1 :50.000000 - 50.000000
[14:24:34] : 측정요구 ON 2
[14:24:42] : 측정요구 2OFF
[14:24:42] : end pos sig2 :-49.420000 - -49.440000
[14:24:48] : 측정요구3 ON
[14:24:55] : 측정요구3 OFF
[14:24:55] : end pos sig3 :50.000000 - 50.000000
[14:24:55] : 측정요구4 ON
[14:25:03] : 측정요구4 OFF
[14:25:03] : end pos sig4 :-50.000000 - -50.000000
[14:25:03] : 11,20190129-142504,CF18112053821,,OK,MAX,1, ,AUTO,0.10,3.00,1.96,OK,0.10,3.00,2.48,OK,0.10,3.00,0.73,OK,0.10,3.00,0.55,OK,
[14:25:16] : Cycle start ON
[14:25:18] : Cycle start OFF
[14:25:22] : REQUEST MEAS. ON
[14:25:29] : REQUEST MEAS. OFF
[14:25:29] : end pos sig1 :50.000000 - 50.000000
[14:25:30] : 측정요구 ON 2
[14:25:37] : 측정요구 2OFF
[14:25:37] : end pos sig2 :-50.000000 - -50.000000
[14:25:43] : 측정요구3 ON
[14:25:50] : 측정요구3 OFF
[14:25:50] : end pos sig3 :50.000000 - 50.000000
[14:25:50] : 측정요구4 ON
[14:25:58] : 측정요구4 OFF
[14:25:58] : end pos sig4 :-50.000000 - -50.000000
[14:25:58] : 11,20190129-142558,CF18112052011,,OK,MAX,1, ,AUTO,0.10,3.00,2.20,OK,0.10,3.00,1.34,OK,0.10,3.00,2.09,OK,0.10,3.00,0.97,OK,
[14:26:11] : Cycle start ON
[14:26:12] : Cycle start OFF
[14:26:17] : REQUEST MEAS. ON
[14:26:25] : REQUEST MEAS. OFF
[14:26:25] : end pos sig1 :50.000000 - 50.000000
[14:26:25] : 측정요구 ON 2
[14:26:33] : 측정요구 2OFF
[14:26:33] : end pos sig2 :-50.000000 - -50.000000
[14:26:39] : 측정요구3 ON
[14:26:46] : 측정요구3 OFF
[14:26:46] : end pos sig3 :50.000000 - 50.000000
[14:26:46] : 측정요구4 ON
[14:26:54] : 측정요구4 OFF
[14:26:54] : end pos sig4 :-50.000000 - -50.000000
[14:26:54] : 11,20190129-142655,CF18120270991,,NG,MAX,1, ,AUTO,0.10,3.00,1.89,OK,0.10,3.00,2.75,OK,0.10,3.00,3.49,NG,0.10,3.00,1.41,OK,
[14:31:43] : AUTO RUNNING OFF
[15:52:56] : Cycle start ON
[15:52:56] : Cycle start OFF
[15:53:00] : REQUEST MEAS. ON
[15:53:08] : REQUEST MEAS. OFF
[15:53:08] : end pos sig1 :50.000000 - 50.000000
[15:53:08] : 측정요구 ON 2
[15:53:15] : 측정요구 2OFF
[15:53:15] : end pos sig2 :-50.000000 - -50.000000
[15:53:21] : 측정요구3 ON
[15:53:28] : 측정요구3 OFF
[15:53:28] : end pos sig3 :50.000000 - 50.000000
[15:53:28] : 측정요구4 ON
[15:53:36] : 측정요구4 OFF
[15:53:36] : end pos sig4 :-50.000000 - -50.000000
[15:54:57] : Cycle start ON
[15:54:57] : Cycle start OFF
[15:55:01] : REQUEST MEAS. ON
[15:55:09] : REQUEST MEAS. OFF
[15:55:09] : end pos sig1 :50.000000 - 50.000000
[15:55:09] : 측정요구 ON 2
[15:55:16] : 측정요구 2OFF
[15:55:16] : end pos sig2 :-50.000000 - -50.000000
[15:55:22] : 측정요구3 ON
[15:55:29] : 측정요구3 OFF
[15:55:29] : end pos sig3 :50.000000 - 50.000000
[15:55:29] : 측정요구4 ON
[15:55:37] : 측정요구4 OFF
[15:55:37] : end pos sig4 :-50.000000 - -50.000000
[16:09:21] : Cycle start ON
[16:09:21] : Cycle start OFF
[16:09:25] : REQUEST MEAS. ON
[16:09:33] : REQUEST MEAS. OFF
[16:09:33] : end pos sig1 :50.000000 - 50.000000
[16:09:33] : 측정요구 ON 2
[16:09:40] : 측정요구 2OFF
[16:09:40] : end pos sig2 :-50.000000 - -50.000000
[16:09:46] : 측정요구3 ON
[16:09:53] : 측정요구3 OFF
[16:09:53] : end pos sig3 :50.000000 - 50.000000
[16:09:53] : 측정요구4 ON
[16:10:01] : 측정요구4 OFF
[16:10:01] : end pos sig4 :-50.000000 - -50.000000
[16:10:08] : Cycle start ON
[16:10:09] : Cycle start OFF
[16:10:13] : REQUEST MEAS. ON
[16:10:20] : REQUEST MEAS. OFF
[16:10:20] : end pos sig1 :50.000000 - 50.000000
[16:10:20] : 측정요구 ON 2
[16:10:27] : 측정요구 2OFF
[16:10:27] : end pos sig2 :-50.000000 - -50.000000
[16:10:33] : 측정요구3 ON
[16:10:40] : 측정요구3 OFF
[16:10:40] : end pos sig3 :50.000000 - 50.000000
[16:10:40] : 측정요구4 ON
[16:10:48] : 측정요구4 OFF
[16:10:48] : end pos sig4 :-50.000000 - -50.000000
[16:10:55] : Cycle start ON
[16:10:56] : Cycle start OFF
[16:11:00] : REQUEST MEAS. ON
[16:11:07] : REQUEST MEAS. OFF
[16:11:07] : end pos sig1 :50.000000 - 50.000000
[16:11:07] : 측정요구 ON 2
[16:11:15] : 측정요구 2OFF
[16:11:15] : end pos sig2 :-50.000000 - -50.000000
[16:11:21] : 측정요구3 ON
[16:11:28] : 측정요구3 OFF
[16:11:28] : end pos sig3 :50.000000 - 50.000000
[16:11:28] : 측정요구4 ON
[16:11:36] : 측정요구4 OFF
[16:11:36] : end pos sig4 :-50.000000 - -50.000000
[16:11:43] : Cycle start ON
[16:11:44] : Cycle start OFF
[16:11:48] : REQUEST MEAS. ON
[16:11:55] : REQUEST MEAS. OFF
[16:11:55] : end pos sig1 :50.000000 - 50.000000
[16:11:55] : 측정요구 ON 2
[16:12:02] : 측정요구 2OFF
[16:12:02] : end pos sig2 :-50.000000 - -50.000000
[16:12:08] : 측정요구3 ON
[16:12:16] : 측정요구3 OFF
[16:12:16] : end pos sig3 :50.000000 - 50.000000
[16:12:16] : 측정요구4 ON
[16:12:23] : 측정요구4 OFF
[16:12:23] : end pos sig4 :-50.000000 - -50.000000
[16:12:30] : Cycle start ON
[16:12:31] : Cycle start OFF
[16:12:34] : REQUEST MEAS. ON
[16:12:42] : REQUEST MEAS. OFF
[16:12:42] : end pos sig1 :50.000000 - 50.000000
[16:12:42] : 측정요구 ON 2
[16:12:50] : 측정요구 2OFF
[16:12:50] : end pos sig2 :-50.000000 - -50.000000
[16:12:56] : 측정요구3 ON
[16:13:03] : 측정요구3 OFF
[16:13:03] : end pos sig3 :50.000000 - 50.000000
[16:13:03] : 측정요구4 ON
[16:13:11] : 측정요구4 OFF
[16:13:11] : end pos sig4 :-50.000000 - -50.000000
[16:31:17] : MEAS ESC ON
[16:32:09] : MEAS ESC OFF
[16:55:05] : MEAS ESC ON
[16:56:10] : MEAS ESC OFF
[16:56:28] : MEAS ESC ON
[16:56:29] : MEAS ESC OFF
[16:56:29] : AUTO RUNNING ON
[16:57:03] : AUTO RUNNING OFF
[16:59:09] : MEAS ESC ON
[16:59:09] : MEAS ESC OFF
[16:59:09] : AUTO RUNNING ON
[16:59:25] : Cycle start ON
[16:59:27] : Cycle start OFF
[16:59:31] : REQUEST MEAS. ON
[16:59:39] : REQUEST MEAS. OFF
[16:59:39] : end pos sig1 :50.000000 - 50.000000
[16:59:39] : 측정요구 ON 2
[16:59:46] : 측정요구 2OFF
[16:59:46] : end pos sig2 :-50.000000 - -50.000000
[16:59:52] : 측정요구3 ON
[16:59:59] : 측정요구3 OFF
[16:59:59] : end pos sig3 :50.000000 - 50.000000
[17:00:00] : 측정요구4 ON
[17:00:07] : 측정요구4 OFF
[17:00:07] : end pos sig4 :-50.000000 - -50.000000
[17:00:07] : 11,20190129-170008,CF19012850841,CF 19012111761,OK,MAX,1, ,AUTO,0.10,3.00,1.21,OK,0.10,3.00,1.34,OK,0.10,3.00,1.41,OK,0.10,3.00,2.37,OK,
[17:00:20] : Cycle start ON
[17:00:22] : Cycle start OFF
[17:00:26] : REQUEST MEAS. ON
[17:00:33] : REQUEST MEAS. OFF
[17:00:33] : end pos sig1 :50.000000 - 50.000000
[17:00:33] : 측정요구 ON 2
[17:00:41] : 측정요구 2OFF
[17:00:41] : end pos sig2 :-50.000000 - -50.000000
[17:00:47] : 측정요구3 ON
[17:00:54] : 측정요구3 OFF
[17:00:54] : end pos sig3 :50.000000 - 50.000000
[17:00:54] : 측정요구4 ON
[17:01:02] : 측정요구4 OFF
[17:01:02] : end pos sig4 :-50.000000 - -50.000000
[17:01:02] : 11,20190129-170103,CF19012852551,CF 19012110811,OK,MAX,1, ,AUTO,0.10,3.00,1.08,OK,0.10,3.00,1.12,OK,0.10,3.00,0.86,OK,0.10,3.00,1.03,OK,
[17:01:18] : Cycle start ON
[17:01:20] : Cycle start OFF
[17:01:48] : Cycle start ON
[17:01:50] : Cycle start OFF
[17:01:54] : REQUEST MEAS. ON
[17:02:01] : REQUEST MEAS. OFF
[17:02:01] : end pos sig1 :50.000000 - 50.000000
[17:02:01] : 측정요구 ON 2
[17:02:08] : 측정요구 2OFF
[17:02:08] : end pos sig2 :-50.000000 - -50.000000
[17:02:14] : 측정요구3 ON
[17:02:21] : 측정요구3 OFF
[17:02:21] : end pos sig3 :50.000000 - 50.000000
[17:02:22] : 측정요구4 ON
[17:02:29] : 측정요구4 OFF
[17:02:29] : end pos sig4 :-50.000000 - -50.000000
[17:02:29] : 11,20190129-170230,CF19012852531,CF 19012110651,OK,MAX,1, ,AUTO,0.10,3.00,1.08,OK,0.10,3.00,1.05,OK,0.10,3.00,2.13,OK,0.10,3.00,1.16,OK,
[17:02:42] : Cycle start ON
[17:02:44] : Cycle start OFF
[17:02:49] : REQUEST MEAS. ON
[17:02:56] : REQUEST MEAS. OFF
[17:02:56] : end pos sig1 :50.000000 - 50.000000
[17:02:56] : 측정요구 ON 2
[17:03:04] : 측정요구 2OFF
[17:03:04] : end pos sig2 :-50.000000 - -50.000000
[17:03:10] : 측정요구3 ON
[17:03:17] : 측정요구3 OFF
[17:03:17] : end pos sig3 :50.000000 - 50.000000
[17:03:17] : 측정요구4 ON
[17:03:25] : 측정요구4 OFF
[17:03:25] : end pos sig4 :-50.000000 - -50.000000
[17:03:25] : 11,20190129-170326,CF19012852481,CF 19012110801,OK,MAX,1, ,AUTO,0.10,3.00,1.34,OK,0.10,3.00,1.27,OK,0.10,3.00,1.74,OK,0.10,3.00,0.81,OK,
[17:49:15] : Cycle start ON
[17:49:17] : Cycle start OFF
[17:49:21] : REQUEST MEAS. ON
[17:49:28] : REQUEST MEAS. OFF
[17:49:28] : end pos sig1 :50.000000 - 50.000000
[17:49:29] : 측정요구 ON 2
[17:49:36] : 측정요구 2OFF
[17:49:36] : end pos sig2 :-50.000000 - -50.000000
[17:49:42] : 측정요구3 ON
[17:49:49] : 측정요구3 OFF
[17:49:49] : end pos sig3 :50.000000 - 50.000000
[17:49:49] : 측정요구4 ON
[17:49:57] : 측정요구4 OFF
[17:49:57] : end pos sig4 :-50.000000 - -50.000000
[17:49:57] : 11,20190129-174958,CF19012852471,CF 19012110841,OK,MAX,1, ,AUTO,0.10,3.00,0.79,OK,0.10,3.00,2.04,OK,0.10,3.00,1.58,OK,0.10,3.00,1.52,OK,
[17:50:11] : Cycle start ON
[17:50:12] : Cycle start OFF
[17:50:17] : REQUEST MEAS. ON
[17:50:24] : REQUEST MEAS. OFF
[17:50:24] : end pos sig1 :50.000000 - 50.000000
[17:50:24] : 측정요구 ON 2
[17:50:31] : 측정요구 2OFF
[17:50:31] : end pos sig2 :-50.000000 - -50.000000
[17:50:37] : 측정요구3 ON
[17:50:44] : 측정요구3 OFF
[17:50:44] : end pos sig3 :50.000000 - 50.000000
[17:50:44] : 측정요구4 ON
[17:50:52] : 측정요구4 OFF
[17:50:52] : end pos sig4 :-50.000000 - -50.000000
[17:50:52] : 11,20190129-175053,CF19012851851,CF 19012110931,OK,MAX,1, ,AUTO,0.10,3.00,0.99,OK,0.10,3.00,2.00,OK,0.10,3.00,2.07,OK,0.10,3.00,0.99,OK,
[17:51:06] : Cycle start ON
[17:51:07] : Cycle start OFF
[17:51:12] : REQUEST MEAS. ON
[17:51:20] : REQUEST MEAS. OFF
[17:51:20] : end pos sig1 :50.000000 - 50.000000
[17:51:20] : 측정요구 ON 2
[17:51:27] : 측정요구 2OFF
[17:51:27] : end pos sig2 :-50.000000 - -50.000000
[17:51:33] : 측정요구3 ON
[17:51:40] : 측정요구3 OFF
[17:51:40] : end pos sig3 :50.000000 - 50.000000
[17:51:40] : 측정요구4 ON
[17:51:49] : 측정요구4 OFF
[17:51:49] : end pos sig4 :-50.000000 - -50.000000
[17:51:49] : 11,20190129-175149,CF19012851981,CF 19012110211,OK,MAX,1, ,AUTO,0.10,3.00,1.63,OK,0.10,3.00,1.10,OK,0.10,3.00,1.47,OK,0.10,3.00,1.93,OK,
[17:52:10] : Cycle start ON
[17:52:12] : Cycle start OFF
[17:52:17] : REQUEST MEAS. ON
[17:52:24] : REQUEST MEAS. OFF
[17:52:24] : end pos sig1 :50.000000 - 50.000000
[17:52:24] : 측정요구 ON 2
[17:52:32] : 측정요구 2OFF
[17:52:32] : end pos sig2 :-50.000000 - -50.000000
[17:52:38] : 측정요구3 ON
[17:52:45] : 측정요구3 OFF
[17:52:45] : end pos sig3 :50.000000 - 50.000000
[17:52:45] : 측정요구4 ON
[17:52:53] : 측정요구4 OFF
[17:52:53] : end pos sig4 :-50.000000 - -50.000000
[17:52:53] : 11,20190129-175254,CF19012851631,CF 19012110881,OK,MAX,1, ,AUTO,0.10,3.00,1.12,OK,0.10,3.00,0.88,OK,0.10,3.00,1.63,OK,0.10,3.00,2.22,OK,
[17:53:07] : Cycle start ON
[17:53:08] : Cycle start OFF
[17:53:39] : Cycle start ON
[17:53:41] : Cycle start OFF
[17:53:45] : REQUEST MEAS. ON
[17:53:52] : REQUEST MEAS. OFF
[17:53:52] : end pos sig1 :50.000000 - 50.000000
[17:53:52] : 측정요구 ON 2
[17:54:00] : 측정요구 2OFF
[17:54:00] : end pos sig2 :-50.000000 - -50.000000
[17:54:06] : 측정요구3 ON
[17:54:13] : 측정요구3 OFF
[17:54:13] : end pos sig3 :50.000000 - 50.000000
[17:54:13] : 측정요구4 ON
[17:54:20] : 측정요구4 OFF
[17:54:20] : end pos sig4 :-50.000000 - -50.000000
[17:54:20] : 11,20190129-175421,CF19012850931,CF 19012110431,OK,MAX,1, ,AUTO,0.10,3.00,0.70,OK,0.10,3.00,1.47,OK,0.10,3.00,1.30,OK,0.10,3.00,0.86,OK,
[18:01:58] : Cycle start ON
[18:02:00] : Cycle start OFF
[18:02:19] : Cycle start ON
[18:02:21] : Cycle start OFF
[18:02:25] : REQUEST MEAS. ON
[18:02:32] : REQUEST MEAS. OFF
[18:02:32] : end pos sig1 :50.000000 - 50.000000
[18:02:33] : 측정요구 ON 2
[18:02:40] : 측정요구 2OFF
[18:02:40] : end pos sig2 :-50.000000 - -50.000000
[18:02:45] : 측정요구3 ON
[18:02:52] : 측정요구3 OFF
[18:02:52] : end pos sig3 :50.000000 - 50.000000
[18:02:52] : 측정요구4 ON
[18:03:00] : 측정요구4 OFF
[18:03:00] : end pos sig4 :-50.000000 - -50.000000
[18:03:01] : 11,20190129-180301,CF19012850661,CF 19012111051,OK,MAX,1, ,AUTO,0.10,3.00,1.38,OK,0.10,3.00,2.22,OK,0.10,3.00,1.93,OK,0.10,3.00,1.25,OK,
[18:03:19] : AUTO RUNNING OFF
[18:06:58] : MEAS ESC ON
[18:06:59] : MEAS ESC OFF
[18:06:59] : AUTO RUNNING ON
[18:07:16] : Cycle start ON
[18:07:18] : Cycle start OFF
[18:07:23] : REQUEST MEAS. ON
[18:07:30] : REQUEST MEAS. OFF
[18:07:30] : end pos sig1 :50.000000 - 50.000000
[18:07:30] : 측정요구 ON 2
[18:07:37] : 측정요구 2OFF
[18:07:37] : end pos sig2 :-50.000000 - -50.000000
[18:07:43] : 측정요구3 ON
[18:07:50] : 측정요구3 OFF
[18:07:50] : end pos sig3 :50.000000 - 50.000000
[18:07:50] : 측정요구4 ON
[18:07:58] : 측정요구4 OFF
[18:07:58] : end pos sig4 :-50.000000 - -50.000000
[18:07:59] : 11,20190129-180759,CF19012851811,CF 19012112791,OK,MAX,1, ,AUTO,0.10,3.00,1.03,OK,0.10,3.00,0.92,OK,0.10,3.00,1.80,OK,0.10,3.00,1.65,OK,
[18:09:05] : AUTO RUNNING OFF
[18:11:16] : MEAS ESC ON
[18:11:16] : MEAS ESC OFF
[18:11:16] : AUTO RUNNING ON
[18:11:25] : Cycle start ON
[18:11:27] : Cycle start OFF
[18:13:05] : Cycle start ON
[18:13:06] : Cycle start OFF
[18:13:10] : REQUEST MEAS. ON
[18:13:18] : REQUEST MEAS. OFF
[18:13:18] : end pos sig1 :50.000000 - 50.000000
[18:13:18] : 측정요구 ON 2
[18:13:27] : 측정요구 2OFF
[18:13:27] : end pos sig2 :-50.000000 - -50.000000
[18:13:32] : 측정요구3 ON
[18:13:39] : 측정요구3 OFF
[18:13:39] : end pos sig3 :50.000000 - 50.000000
[18:13:39] : 측정요구4 ON
[18:13:47] : 측정요구4 OFF
[18:13:47] : end pos sig4 :-50.000000 - -50.000000
[18:13:47] : 11,20190129-181347,CF19012852501,CF 19012110621,NG,MAX,1, ,AUTO,0.10,3.00,1.65,OK,0.10,3.00,1.05,OK,0.10,3.00,1.25,OK,0.10,3.00,4.06,NG,
[18:14:20] : Cycle start ON
[18:14:22] : Cycle start OFF
[18:14:26] : REQUEST MEAS. ON
[18:14:34] : REQUEST MEAS. OFF
[18:14:34] : end pos sig1 :50.000000 - 50.000000
[18:14:34] : 측정요구 ON 2
[18:14:41] : 측정요구 2OFF
[18:14:41] : end pos sig2 :-50.000000 - -50.000000
[18:14:47] : 측정요구3 ON
[18:14:55] : 측정요구3 OFF
[18:14:55] : end pos sig3 :50.000000 - 50.000000
[18:14:55] : 측정요구4 ON
[18:15:03] : 측정요구4 OFF
[18:15:03] : end pos sig4 :-50.000000 - -50.000000
[18:15:03] : 11,20190129-181503,CF19012851171,CF 19012111711,OK,MAX,1, ,AUTO,0.10,3.00,1.27,OK,0.10,3.00,1.03,OK,0.10,3.00,1.38,OK,0.10,3.00,1.30,OK,
[18:15:44] : Cycle start ON
[18:15:46] : Cycle start OFF
[18:15:49] : REQUEST MEAS. ON
[18:15:57] : REQUEST MEAS. OFF
[18:15:57] : end pos sig1 :50.000000 - 50.000000
[18:15:57] : 측정요구 ON 2
[18:16:05] : 측정요구 2OFF
[18:16:05] : end pos sig2 :-50.000000 - -50.000000
[18:16:11] : 측정요구3 ON
[18:16:18] : 측정요구3 OFF
[18:16:18] : end pos sig3 :50.000000 - 50.000000
[18:16:19] : 측정요구4 ON
[18:16:26] : 측정요구4 OFF
[18:16:26] : end pos sig4 :-50.000000 - -50.000000
[18:16:26] : 11,20190129-181627,CF19012851761,CF 19012112901,NG,MAX,1, ,AUTO,0.10,3.00,1.65,OK,0.10,3.00,1.67,OK,0.10,3.00,3.30,NG,0.10,3.00,1.89,OK,
[18:16:44] : Cycle start ON
[18:16:46] : Cycle start OFF
[18:16:50] : REQUEST MEAS. ON
[18:16:57] : REQUEST MEAS. OFF
[18:16:57] : end pos sig1 :50.000000 - 50.000000
[18:16:57] : 측정요구 ON 2
[18:17:05] : 측정요구 2OFF
[18:17:05] : end pos sig2 :-49.050000 - -49.070000
[18:17:11] : 측정요구3 ON
[18:17:18] : 측정요구3 OFF
[18:17:18] : end pos sig3 :50.000000 - 50.000000
[18:17:18] : 측정요구4 ON
[18:17:26] : 측정요구4 OFF
[18:17:26] : end pos sig4 :-50.000000 - -50.000000
[18:17:26] : 11,20190129-181727,CF19012851741,CF 19012112951,NG,MAX,1, ,AUTO,0.10,3.00,1.32,OK,0.10,3.00,0.97,OK,0.10,3.00,1.89,OK,0.10,3.00,3.14,NG,
[18:17:44] : Cycle start ON
[18:17:46] : Cycle start OFF
[18:17:50] : REQUEST MEAS. ON
[18:17:57] : REQUEST MEAS. OFF
[18:17:57] : end pos sig1 :50.000000 - 50.000000
[18:17:57] : 측정요구 ON 2
[18:18:04] : 측정요구 2OFF
[18:18:04] : end pos sig2 :-50.000000 - -50.000000
[18:18:10] : 측정요구3 ON
[18:18:17] : 측정요구3 OFF
[18:18:17] : end pos sig3 :50.000000 - 50.000000
[18:18:17] : 측정요구4 ON
[18:18:25] : 측정요구4 OFF
[18:18:25] : end pos sig4 :-50.000000 - -50.000000
[18:18:26] : 11,20190129-181826,CF19012851731,CF 19012113261,OK,MAX,1, ,AUTO,0.10,3.00,0.88,OK,0.10,3.00,2.00,OK,0.10,3.00,1.38,OK,0.10,3.00,1.41,OK,
[18:18:38] : Cycle start ON
[18:18:40] : Cycle start OFF
[18:18:45] : REQUEST MEAS. ON
[18:18:52] : REQUEST MEAS. OFF
[18:18:52] : end pos sig1 :50.000000 - 50.000000
[18:18:52] : 측정요구 ON 2
[18:19:01] : 측정요구 2OFF
[18:19:01] : end pos sig2 :-50.000000 - -50.000000
[18:19:06] : 측정요구3 ON
[18:19:13] : 측정요구3 OFF
[18:19:13] : end pos sig3 :50.000000 - 50.000000
[18:19:13] : 측정요구4 ON
[18:19:21] : 측정요구4 OFF
[18:19:21] : end pos sig4 :-50.000000 - -50.000000
[18:19:21] : 11,20190129-181922,CF19012851331,CF 19012110091,OK,MAX,1, ,AUTO,0.10,3.00,1.23,OK,0.10,3.00,2.22,OK,0.10,3.00,1.52,OK,0.10,3.00,2.35,OK,
[18:19:34] : Cycle start ON
[18:19:36] : Cycle start OFF
[18:19:40] : REQUEST MEAS. ON
[18:19:48] : REQUEST MEAS. OFF
[18:19:48] : end pos sig1 :50.000000 - 50.000000
[18:19:48] : 측정요구 ON 2
[18:19:56] : 측정요구 2OFF
[18:19:56] : end pos sig2 :-49.950000 - -49.950000
[18:20:02] : 측정요구3 ON
[18:20:09] : 측정요구3 OFF
[18:20:09] : end pos sig3 :50.000000 - 50.000000
[18:20:09] : 측정요구4 ON
[18:20:16] : 측정요구4 OFF
[18:20:16] : end pos sig4 :-50.000000 - -50.000000
[18:20:16] : 11,20190129-182017,CF19012852071,CF 19012112931,OK,MAX,1, ,AUTO,0.10,3.00,1.27,OK,0.10,3.00,1.65,OK,0.10,3.00,1.22,OK,0.10,3.00,1.12,OK,
[18:20:30] : Cycle start ON
[18:20:32] : Cycle start OFF
[18:20:37] : REQUEST MEAS. ON
[18:20:44] : REQUEST MEAS. OFF
[18:20:44] : end pos sig1 :50.000000 - 50.000000
[18:20:44] : 측정요구 ON 2
[18:20:51] : 측정요구 2OFF
[18:20:51] : end pos sig2 :-50.000000 - -50.000000
[18:20:57] : 측정요구3 ON
[18:21:04] : 측정요구3 OFF
[18:21:04] : end pos sig3 :50.000000 - 50.000000
[18:21:05] : 측정요구4 ON
[18:21:12] : 측정요구4 OFF
[18:21:12] : end pos sig4 :-50.000000 - -50.000000
[18:21:12] : 11,20190129-182113,CF19012852291,CF 19012110661,OK,MAX,1, ,AUTO,0.10,3.00,1.30,OK,0.10,3.00,1.16,OK,0.10,3.00,2.07,OK,0.10,3.00,2.55,OK,
[18:21:25] : Cycle start ON
[18:21:27] : Cycle start OFF
[18:21:32] : REQUEST MEAS. ON
[18:21:39] : REQUEST MEAS. OFF
[18:21:39] : end pos sig1 :50.000000 - 50.000000
[18:21:39] : 측정요구 ON 2
[18:21:47] : 측정요구 2OFF
[18:21:47] : end pos sig2 :-50.000000 - -50.000000
[18:21:53] : 측정요구3 ON
[18:22:00] : 측정요구3 OFF
[18:22:00] : end pos sig3 :50.000000 - 50.000000
[18:22:00] : 측정요구4 ON
[18:22:08] : 측정요구4 OFF
[18:22:08] : end pos sig4 :-50.000000 - -50.000000
[18:22:08] : 11,20190129-182209,CF19012851341,CF 19012110051,OK,MAX,1, ,AUTO,0.10,3.00,2.18,OK,0.10,3.00,1.45,OK,0.10,3.00,1.43,OK,0.10,3.00,2.55,OK,
[18:32:28] : AUTO RUNNING OFF
[18:37:20] : MEAS ESC ON
[18:37:22] : MEAS ESC OFF
[18:37:22] : AUTO RUNNING ON
[18:38:59] : AUTO RUNNING OFF
[18:40:50] : PROGRAM END
 
[18:42:34] : PROGRAM START
[18:42:48] : AUTO RUNNING OFF
[18:42:48] : REQUEST MEAS. OFF
[18:42:48] : end pos sig1 :50.000000 - 50.000000
[18:42:48] : end pos sig2 :50.000000 - 50.000000
[18:42:48] : end pos sig3 :50.000000 - 50.000000
[18:42:48] : REQUEST ZEROSET OFF
[18:42:48] : REQUEST ZEROSET OFF
[18:42:48] : end pos sig4 :50.000000 - 50.000000
[18:42:59] : PROGRAM END
 
[18:43:04] : PROGRAM START
[18:43:18] : AUTO RUNNING OFF
[18:43:18] : REQUEST MEAS. OFF
[18:43:18] : end pos sig1 :50.000000 - 50.000000
[18:43:18] : end pos sig2 :50.000000 - 50.000000
[18:43:18] : end pos sig3 :50.000000 - 50.000000
[18:43:18] : REQUEST ZEROSET OFF
[18:43:18] : REQUEST ZEROSET OFF
[18:43:18] : end pos sig4 :50.000000 - 50.000000
[19:34:42] : MEAS ESC ON
[19:36:52] : MEAS ESC OFF
 
