[08:27:15] : MEAS ESC ON
[08:29:23] : MEAS ESC OFF
[09:17:38] : MEAS ESC ON
[09:18:20] : MEAS ESC OFF
[09:18:20] : AUTO RUNNING ON
[09:18:39] : Cycle start ON
[09:18:41] : Cycle start OFF
[09:18:48] : REQUEST MEAS. ON
[09:18:57] : REQUEST MEAS. OFF
[09:18:57] : end pos sig1 :50.000000 - 50.000000
[09:18:58] : 측정요구 ON 2
[09:19:07] : 측정요구 2OFF
[09:19:07] : end pos sig2 :-50.000000 - -50.000000
[09:19:13] : 측정요구3 ON
[09:19:22] : 측정요구3 OFF
[09:19:22] : end pos sig3 :50.000000 - 50.000000
[09:19:22] : 측정요구4 ON
[09:19:32] : 측정요구4 OFF
[09:19:32] : end pos sig4 :-50.000000 - -50.000000
[09:19:32] : 11,20190103-091932,AL19010245147,,OK,MAX,1, ,AUTO,0.10,2.00,1.23,OK,0.10,2.00,0.70,OK,0.10,2.00,0.82,OK,0.10,2.00,1.14,OK,
[09:19:50] : Cycle start ON
[09:19:52] : Cycle start OFF
[09:19:59] : REQUEST MEAS. ON
[09:20:08] : REQUEST MEAS. OFF
[09:20:08] : end pos sig1 :50.000000 - 50.000000
[09:20:08] : 측정요구 ON 2
[09:20:18] : 측정요구 2OFF
[09:20:18] : end pos sig2 :-50.000000 - -50.000000
[09:20:23] : 측정요구3 ON
[09:20:32] : 측정요구3 OFF
[09:20:32] : end pos sig3 :50.000000 - 50.000000
[09:20:32] : 측정요구4 ON
[09:20:42] : 측정요구4 OFF
[09:20:42] : end pos sig4 :-50.000000 - -50.000000
[09:20:42] : 11,20190103-092043,AL19010245097,,OK,MAX,1, ,AUTO,0.10,2.00,1.65,OK,0.10,2.00,1.05,OK,0.10,2.00,1.97,OK,0.10,2.00,0.78,OK,
[09:21:37] : AUTO RUNNING OFF
[09:30:55] : MEAS ESC ON
[09:30:59] : MEAS ESC OFF
[09:30:59] : AUTO RUNNING ON
[09:31:17] : Cycle start ON
[09:31:19] : Cycle start OFF
[09:31:26] : REQUEST MEAS. ON
[09:31:35] : REQUEST MEAS. OFF
[09:31:35] : end pos sig1 :50.000000 - 50.000000
[09:31:35] : 측정요구 ON 2
[09:31:44] : 측정요구 2OFF
[09:31:44] : end pos sig2 :-50.000000 - -50.000000
[09:31:50] : 측정요구3 ON
[09:31:59] : 측정요구3 OFF
[09:31:59] : end pos sig3 :50.000000 - 50.000000
[09:31:59] : 측정요구4 ON
[09:32:08] : 측정요구4 OFF
[09:32:08] : end pos sig4 :-50.000000 - -50.000000
[09:32:08] : 11,20190103-093209,AL19010245227,,OK,MAX,1, ,AUTO,0.10,2.00,1.22,OK,0.10,2.00,0.73,OK,0.10,2.00,0.86,OK,0.10,2.00,1.32,OK,
[09:32:28] : Cycle start ON
[09:32:30] : Cycle start OFF
[09:32:36] : REQUEST MEAS. ON
[09:32:46] : REQUEST MEAS. OFF
[09:32:46] : end pos sig1 :50.000000 - 50.000000
[09:32:46] : 측정요구 ON 2
[09:32:55] : 측정요구 2OFF
[09:32:55] : end pos sig2 :-50.000000 - -50.000000
[09:33:01] : 측정요구3 ON
[09:33:10] : 측정요구3 OFF
[09:33:10] : end pos sig3 :50.000000 - 50.000000
[09:33:10] : 측정요구4 ON
[09:33:19] : 측정요구4 OFF
[09:33:19] : end pos sig4 :-50.000000 - -50.000000
[09:33:19] : 11,20190103-093320,AL19010245087,,OK,MAX,1, ,AUTO,0.10,2.00,1.47,OK,0.10,2.00,0.81,OK,0.10,2.00,1.13,OK,0.10,2.00,1.12,OK,
[09:33:46] : Cycle start ON
[09:33:48] : Cycle start OFF
[09:33:55] : REQUEST MEAS. ON
[09:34:04] : REQUEST MEAS. OFF
[09:34:04] : end pos sig1 :50.000000 - 50.000000
[09:34:05] : 측정요구 ON 2
[09:34:14] : 측정요구 2OFF
[09:34:14] : end pos sig2 :-48.430000 - -48.400000
[09:34:20] : 측정요구3 ON
[09:34:29] : 측정요구3 OFF
[09:34:29] : end pos sig3 :50.000000 - 50.000000
[09:34:29] : 측정요구4 ON
[09:34:38] : 측정요구4 OFF
[09:34:38] : end pos sig4 :-50.000000 - -50.000000
[09:34:38] : 11,20190103-093438,AL19010245107,,OK,MAX,1, ,AUTO,0.10,2.00,1.03,OK,0.10,2.00,0.84,OK,0.10,2.00,0.77,OK,0.10,2.00,0.85,OK,
[09:34:57] : Cycle start ON
[09:34:59] : Cycle start OFF
[09:35:06] : REQUEST MEAS. ON
[09:35:15] : REQUEST MEAS. OFF
[09:35:15] : end pos sig1 :50.000000 - 50.000000
[09:35:16] : 측정요구 ON 2
[09:35:25] : 측정요구 2OFF
[09:35:25] : end pos sig2 :-50.000000 - -50.000000
[09:35:31] : 측정요구3 ON
[09:35:40] : 측정요구3 OFF
[09:35:40] : end pos sig3 :50.000000 - 50.000000
[09:35:40] : 측정요구4 ON
[09:35:50] : 측정요구4 OFF
[09:35:50] : end pos sig4 :-50.000000 - -50.000000
[09:35:50] : 11,20190103-093550,AL19010245217,,OK,MAX,1, ,AUTO,0.10,2.00,1.37,OK,0.10,2.00,0.82,OK,0.10,2.00,1.47,OK,0.10,2.00,1.77,OK,
[09:36:31] : Cycle start ON
[09:36:33] : Cycle start OFF
[09:36:40] : REQUEST MEAS. ON
[09:36:49] : REQUEST MEAS. OFF
[09:36:49] : end pos sig1 :50.000000 - 50.000000
[09:36:49] : 측정요구 ON 2
[09:36:59] : 측정요구 2OFF
[09:36:59] : end pos sig2 :-50.000000 - -50.000000
[09:37:04] : 측정요구3 ON
[09:37:13] : 측정요구3 OFF
[09:37:13] : end pos sig3 :50.000000 - 50.000000
[09:37:13] : 측정요구4 ON
[09:37:23] : 측정요구4 OFF
[09:37:23] : end pos sig4 :-50.000000 - -50.000000
[09:37:23] : 11,20190103-093723,AL19010245497,,OK,MAX,1, ,AUTO,0.10,2.00,1.33,OK,0.10,2.00,0.71,OK,0.10,2.00,1.78,OK,0.10,2.00,0.92,OK,
[10:02:52] : AUTO RUNNING OFF
[10:30:52] : MEAS ESC ON
[10:30:52] : MEAS ESC OFF
[10:40:16] : PROGRAM END
 
[10:46:29] : PROGRAM START
[10:46:36] : AUTO RUNNING OFF
[10:46:36] : REQUEST MEAS. OFF
[10:46:36] : end pos sig1 :50.000000 - 50.000000
[10:46:36] : end pos sig2 :50.000000 - 50.000000
[10:46:36] : end pos sig3 :50.000000 - 50.000000
[10:46:36] : REQUEST ZEROSET OFF
[10:46:36] : REQUEST ZEROSET OFF
[10:46:36] : end pos sig4 :50.000000 - 50.000000
[10:46:37] : PROGRAM END
 
[10:46:45] : PROGRAM START
[10:46:51] : AUTO RUNNING OFF
[10:46:51] : REQUEST MEAS. OFF
[10:46:51] : end pos sig1 :50.000000 - 50.000000
[10:46:51] : end pos sig2 :50.000000 - 50.000000
[10:46:51] : end pos sig3 :50.000000 - 50.000000
[10:46:51] : REQUEST ZEROSET OFF
[10:46:51] : REQUEST ZEROSET OFF
[10:46:51] : end pos sig4 :50.000000 - 50.000000
[10:55:08] : MEAS ESC ON
[10:55:11] : MEAS ESC OFF
[10:55:11] : AUTO RUNNING ON
[10:55:46] : Cycle start ON
[10:55:48] : Cycle start OFF
[10:55:56] : REQUEST MEAS. ON
[10:56:05] : REQUEST MEAS. OFF
[10:56:05] : end pos sig1 :50.000000 - 50.000000
[10:56:05] : 측정요구 ON 2
[10:56:14] : 측정요구 2OFF
[10:56:14] : end pos sig2 :-50.000000 - -50.000000
[10:56:20] : 측정요구3 ON
[10:56:29] : 측정요구3 OFF
[10:56:29] : end pos sig3 :50.000000 - 50.000000
[10:56:29] : 측정요구4 ON
[10:56:38] : 측정요구4 OFF
[10:56:38] : end pos sig4 :-50.000000 - -50.000000
[10:56:38] : 11,20190103-105639,AL19010245487,,OK,MAX,1, ,AUTO,0.10,2.00,0.98,OK,0.10,2.00,0.77,OK,0.10,2.00,0.93,OK,0.10,2.00,1.32,OK,
[10:57:30] : AUTO RUNNING OFF
[11:02:10] : MEAS ESC ON
[11:02:11] : MEAS ESC OFF
[11:02:11] : AUTO RUNNING ON
[11:02:30] : Cycle start ON
[11:02:32] : Cycle start OFF
[11:02:39] : REQUEST MEAS. ON
[11:02:48] : REQUEST MEAS. OFF
[11:02:48] : end pos sig1 :50.000000 - 50.000000
[11:02:48] : 측정요구 ON 2
[11:02:57] : 측정요구 2OFF
[11:02:57] : end pos sig2 :-50.000000 - -50.000000
[11:03:03] : 측정요구3 ON
[11:03:12] : 측정요구3 OFF
[11:03:12] : end pos sig3 :50.000000 - 50.000000
[11:03:12] : 측정요구4 ON
[11:03:21] : 측정요구4 OFF
[11:03:21] : end pos sig4 :-50.000000 - -50.000000
[11:03:21] : 11,20190103-110322,AL19010245147,,OK,MAX,1, ,AUTO,0.10,2.00,1.00,OK,0.10,2.00,0.46,OK,0.10,2.00,0.70,OK,0.10,2.00,1.12,OK,
[11:03:27] : AUTO RUNNING OFF
[11:04:09] : MEAS ESC ON
[11:04:12] : MEAS ESC OFF
[11:04:12] : AUTO RUNNING ON
[11:19:21] : Cycle start ON
[11:19:23] : Cycle start OFF
[11:19:30] : REQUEST MEAS. ON
[11:19:39] : REQUEST MEAS. OFF
[11:19:39] : end pos sig1 :50.000000 - 50.000000
[11:19:39] : 측정요구 ON 2
[11:19:49] : 측정요구 2OFF
[11:19:49] : end pos sig2 :-50.000000 - -50.000000
[11:19:54] : 측정요구3 ON
[11:20:03] : 측정요구3 OFF
[11:20:03] : end pos sig3 :50.000000 - 50.000000
[11:20:03] : 측정요구4 ON
[11:20:13] : 측정요구4 OFF
[11:20:13] : end pos sig4 :-50.000000 - -50.000000
[11:20:13] : 11,20190103-112013,AL19010245597,,OK,MAX,1, ,AUTO,0.10,2.00,1.02,OK,0.10,2.00,0.57,OK,0.10,2.00,1.28,OK,0.10,2.00,0.95,OK,
[11:22:57] : AUTO RUNNING OFF
[11:24:19] : MEAS ESC ON
[11:24:21] : MEAS ESC OFF
[11:24:21] : AUTO RUNNING ON
[11:24:45] : Cycle start ON
[11:24:47] : Cycle start OFF
[11:24:54] : REQUEST MEAS. ON
[11:25:03] : REQUEST MEAS. OFF
[11:25:03] : end pos sig1 :50.000000 - 50.000000
[11:25:03] : 측정요구 ON 2
[11:25:13] : 측정요구 2OFF
[11:25:13] : end pos sig2 :-50.000000 - -50.000000
[11:25:18] : 측정요구3 ON
[11:25:27] : 측정요구3 OFF
[11:25:27] : end pos sig3 :50.000000 - 50.000000
[11:25:27] : 측정요구4 ON
[11:25:37] : 측정요구4 OFF
[11:25:37] : end pos sig4 :-50.000000 - -50.000000
[11:25:37] : 11,20190103-112537,AL19010245537,,OK,MAX,1, ,AUTO,0.10,2.00,0.88,OK,0.10,2.00,0.66,OK,0.10,2.00,1.02,OK,0.10,2.00,1.06,OK,
[11:25:43] : AUTO RUNNING OFF
[11:26:36] : MEAS ESC ON
[11:26:36] : MEAS ESC OFF
[11:26:36] : AUTO RUNNING ON
[11:27:39] : Cycle start ON
[11:27:41] : Cycle start OFF
[11:27:48] : REQUEST MEAS. ON
[11:27:57] : REQUEST MEAS. OFF
[11:27:57] : end pos sig1 :50.000000 - 50.000000
[11:27:57] : 측정요구 ON 2
[11:28:07] : 측정요구 2OFF
[11:28:07] : end pos sig2 :-50.000000 - -50.000000
[11:28:12] : 측정요구3 ON
[11:28:21] : 측정요구3 OFF
[11:28:21] : end pos sig3 :50.000000 - 50.000000
[11:28:21] : 측정요구4 ON
[11:28:24] : AUTO RUNNING OFF
[11:28:24] : 측정요구4 OFF
[11:28:24] : end pos sig4 :27.700000 - 27.700000
[11:32:39] : MEAS ESC ON
[11:32:39] : MEAS ESC OFF
[11:32:39] : AUTO RUNNING ON
[11:32:39] : 측정요구4 ON
[11:32:40] : 측정요구4 OFF
[11:32:40] : end pos sig4 :-50.000000 - -50.000000
[11:32:40] : 11,20190103-113241,AL19010245547,,NG,MAX,1, ,AUTO,0.10,2.00,1.36,OK,0.10,2.00,0.56,NG,0.10,2.00,0.69,OK,0.10,2.00,1.21,NG,
[11:33:10] : Cycle start ON
[11:33:12] : Cycle start OFF
[11:33:21] : REQUEST MEAS. ON
[11:33:30] : REQUEST MEAS. OFF
[11:33:30] : end pos sig1 :50.000000 - 50.000000
[11:33:30] : 측정요구 ON 2
[11:33:39] : 측정요구 2OFF
[11:33:39] : end pos sig2 :-50.000000 - -50.000000
[11:33:45] : 측정요구3 ON
[11:33:54] : 측정요구3 OFF
[11:33:54] : end pos sig3 :50.000000 - 50.000000
[11:33:54] : 측정요구4 ON
[11:34:03] : 측정요구4 OFF
[11:34:03] : end pos sig4 :-50.000000 - -50.000000
[11:34:03] : 11,20190103-113404,AL19010245657,,OK,MAX,1, ,AUTO,0.10,2.00,0.97,OK,0.10,2.00,0.63,OK,0.10,2.00,0.75,OK,0.10,2.00,0.73,OK,
[11:34:22] : Cycle start ON
[11:34:24] : Cycle start OFF
[11:34:31] : REQUEST MEAS. ON
[11:34:40] : REQUEST MEAS. OFF
[11:34:40] : end pos sig1 :50.000000 - 50.000000
[11:34:40] : 측정요구 ON 2
[11:34:50] : 측정요구 2OFF
[11:34:50] : end pos sig2 :-50.000000 - -50.000000
[11:34:55] : 측정요구3 ON
[11:35:04] : 측정요구3 OFF
[11:35:04] : end pos sig3 :50.000000 - 50.000000
[11:35:04] : 측정요구4 ON
[11:35:14] : 측정요구4 OFF
[11:35:14] : end pos sig4 :-50.000000 - -50.000000
[11:35:14] : 11,20190103-113514,AL19010245667,,OK,MAX,1, ,AUTO,0.10,2.00,1.18,OK,0.10,2.00,0.71,OK,0.10,2.00,1.46,OK,0.10,2.00,1.35,OK,
[11:45:30] : Cycle start ON
[11:45:32] : Cycle start OFF
[11:45:39] : REQUEST MEAS. ON
[11:45:48] : REQUEST MEAS. OFF
[11:45:48] : end pos sig1 :50.000000 - 50.000000
[11:45:48] : 측정요구 ON 2
[11:45:58] : 측정요구 2OFF
[11:45:58] : end pos sig2 :-50.000000 - -50.000000
[11:46:03] : 측정요구3 ON
[11:46:12] : 측정요구3 OFF
[11:46:12] : end pos sig3 :50.000000 - 50.000000
[11:46:12] : 측정요구4 ON
[11:46:22] : 측정요구4 OFF
[11:46:22] : end pos sig4 :-50.000000 - -50.000000
[11:46:22] : 11,20190103-114622,AL19010247067,,OK,MAX,1, ,AUTO,0.10,2.00,1.14,OK,0.10,2.00,0.50,OK,0.10,2.00,1.40,OK,0.10,2.00,1.75,OK,
[11:46:41] : Cycle start ON
[11:46:43] : Cycle start OFF
[11:46:51] : REQUEST MEAS. ON
[11:47:00] : REQUEST MEAS. OFF
[11:47:00] : end pos sig1 :50.000000 - 50.000000
[11:47:00] : 측정요구 ON 2
[11:47:10] : 측정요구 2OFF
[11:47:10] : end pos sig2 :-50.000000 - -50.000000
[11:47:16] : 측정요구3 ON
[11:47:25] : 측정요구3 OFF
[11:47:25] : end pos sig3 :50.000000 - 50.000000
[11:47:25] : 측정요구4 ON
[11:47:34] : 측정요구4 OFF
[11:47:34] : end pos sig4 :-50.000000 - -50.000000
[11:47:34] : 11,20190103-114735,AL19010247097,,OK,MAX,1, ,AUTO,0.10,2.00,1.09,OK,0.10,2.00,0.65,OK,0.10,2.00,1.16,OK,0.10,2.00,1.72,OK,
[11:47:59] : Cycle start ON
[11:48:01] : Cycle start OFF
[11:48:08] : REQUEST MEAS. ON
[11:48:17] : REQUEST MEAS. OFF
[11:48:17] : end pos sig1 :50.000000 - 50.000000
[11:48:17] : 측정요구 ON 2
[11:48:26] : 측정요구 2OFF
[11:48:26] : end pos sig2 :-50.000000 - -50.000000
[11:48:32] : 측정요구3 ON
[11:48:41] : 측정요구3 OFF
[11:48:41] : end pos sig3 :50.000000 - 50.000000
[11:48:41] : 측정요구4 ON
[11:48:50] : 측정요구4 OFF
[11:48:50] : end pos sig4 :-50.000000 - -50.000000
[11:48:50] : 11,20190103-114851,AL19010247047,,OK,MAX,1, ,AUTO,0.10,2.00,0.73,OK,0.10,2.00,0.59,OK,0.10,2.00,1.04,OK,0.10,2.00,1.67,OK,
[11:49:13] : Cycle start ON
[11:49:15] : Cycle start OFF
[11:49:22] : REQUEST MEAS. ON
[11:49:31] : REQUEST MEAS. OFF
[11:49:31] : end pos sig1 :50.000000 - 50.000000
[11:49:31] : 측정요구 ON 2
[11:49:41] : 측정요구 2OFF
[11:49:41] : end pos sig2 :-50.000000 - -50.000000
[11:49:46] : 측정요구3 ON
[11:49:55] : 측정요구3 OFF
[11:49:55] : end pos sig3 :50.000000 - 50.000000
[11:49:55] : 측정요구4 ON
[11:50:05] : 측정요구4 OFF
[11:50:05] : end pos sig4 :-50.000000 - -50.000000
[11:50:05] : 11,20190103-115005,AL19010247177,,OK,MAX,1, ,AUTO,0.10,2.00,1.01,OK,0.10,2.00,0.56,OK,0.10,2.00,1.08,OK,0.10,2.00,1.08,OK,
 
[17:11:14] : PROGRAM START
[17:11:35] : Plc Error Timer
[17:13:19] : Plc Error Timer
[17:14:39] : PROGRAM END
 
[18:52:07] : PROGRAM START
[18:52:24] : Plc Error Timer
[18:52:39] : TCP FAIL 1
[18:52:46] : Plc Error Timer
[18:53:10] : PROGRAM END
 
[18:58:13] : PROGRAM START
[18:58:27] : TCP FAIL 1
[18:58:36] : Plc Error Timer
[18:59:37] : PROGRAM END
 
