[08:01:31] : MEAS ESC ON
[08:01:32] : MEAS ESC OFF
[08:01:32] : AUTO RUNNING ON
[08:01:48] : Cycle start ON
[08:01:49] : Cycle start OFF
[08:01:54] : REQUEST MEAS. ON
[08:02:02] : REQUEST MEAS. OFF
[08:02:02] : end pos sig1 :50.000000 - 50.000000
[08:02:02] : 측정요구 ON 2
[08:02:10] : 측정요구 2OFF
[08:02:10] : end pos sig2 :-50.000000 - -50.000000
[08:02:16] : 측정요구3 ON
[08:02:23] : 측정요구3 OFF
[08:02:23] : end pos sig3 :50.000000 - 50.000000
[08:02:23] : 측정요구4 ON
[08:02:30] : 측정요구4 OFF
[08:02:30] : end pos sig4 :-50.000000 - -50.000000
[08:02:30] : 11,20190130-080231,CF19012852001,CF 19012113321,NG,MAX,1, ,AUTO,0.10,2.00,1.32,OK,0.10,2.00,1.49,OK,0.10,2.00,2.00,OK,0.10,2.00,2.33,NG,
[08:02:48] : Cycle start ON
[08:02:50] : Cycle start OFF
[08:02:53] : REQUEST MEAS. ON
[08:03:01] : REQUEST MEAS. OFF
[08:03:01] : end pos sig1 :50.000000 - 50.000000
[08:03:01] : 측정요구 ON 2
[08:03:09] : 측정요구 2OFF
[08:03:09] : end pos sig2 :-50.000000 - -50.000000
[08:03:15] : 측정요구3 ON
[08:03:22] : 측정요구3 OFF
[08:03:22] : end pos sig3 :50.000000 - 50.000000
[08:03:22] : 측정요구4 ON
[08:03:30] : 측정요구4 OFF
[08:03:30] : end pos sig4 :-50.000000 - -50.000000
[08:03:30] : 11,20190130-080331,CF19012851741,CF 19012110021,NG,MAX,1, ,AUTO,0.10,2.00,0.68,OK,0.10,2.00,0.73,OK,0.10,2.00,2.00,OK,0.10,2.00,3.19,NG,
[08:03:48] : Cycle start ON
[08:03:50] : Cycle start OFF
[08:04:09] : Cycle start ON
[08:04:11] : Cycle start OFF
[08:04:15] : REQUEST MEAS. ON
[08:04:22] : REQUEST MEAS. OFF
[08:04:22] : end pos sig1 :50.000000 - 50.000000
[08:04:22] : 측정요구 ON 2
[08:04:29] : 측정요구 2OFF
[08:04:29] : end pos sig2 :-50.000000 - -50.000000
[08:04:35] : 측정요구3 ON
[08:04:42] : 측정요구3 OFF
[08:04:42] : end pos sig3 :50.000000 - 50.000000
[08:04:42] : 측정요구4 ON
[08:04:50] : 측정요구4 OFF
[08:04:50] : end pos sig4 :-50.000000 - -50.000000
[08:04:50] : 11,20190130-080451,CF19012852501,CF 19012110821,NG,MAX,1, ,AUTO,0.10,2.00,0.99,OK,0.10,2.00,1.43,OK,0.10,2.00,1.38,OK,0.10,2.00,4.17,NG,
[08:05:08] : Cycle start ON
[08:05:10] : Cycle start OFF
[08:05:14] : REQUEST MEAS. ON
[08:05:21] : REQUEST MEAS. OFF
[08:05:21] : end pos sig1 :50.000000 - 50.000000
[08:05:21] : 측정요구 ON 2
[08:05:29] : 측정요구 2OFF
[08:05:29] : end pos sig2 :-50.000000 - -50.000000
[08:05:35] : 측정요구3 ON
[08:05:42] : 측정요구3 OFF
[08:05:42] : end pos sig3 :50.000000 - 50.000000
[08:05:42] : 측정요구4 ON
[08:05:50] : 측정요구4 OFF
[08:05:50] : end pos sig4 :-50.000000 - -50.000000
[08:05:50] : 11,20190130-080551,CF19012851001,CF 19012112901,OK,MAX,1, ,AUTO,0.10,2.00,1.67,OK,0.10,2.00,1.65,OK,0.10,2.00,1.34,OK,0.10,2.00,1.69,OK,
[08:06:03] : Cycle start ON
[08:06:05] : Cycle start OFF
[08:06:09] : REQUEST MEAS. ON
[08:06:16] : REQUEST MEAS. OFF
[08:06:16] : end pos sig1 :50.000000 - 50.000000
[08:06:16] : 측정요구 ON 2
[08:06:23] : 측정요구 2OFF
[08:06:23] : end pos sig2 :-50.000000 - -50.000000
[08:06:29] : 측정요구3 ON
[08:06:36] : 측정요구3 OFF
[08:06:36] : end pos sig3 :50.000000 - 50.000000
[08:06:37] : 측정요구4 ON
[08:06:44] : 측정요구4 OFF
[08:06:44] : end pos sig4 :-50.000000 - -50.000000
[08:06:44] : 11,20190130-080645,CF19012851751,CF 19012110621,OK,MAX,1, ,AUTO,0.10,2.00,1.67,OK,0.10,2.00,1.05,OK,0.10,2.00,1.19,OK,0.10,2.00,1.52,OK,
[08:06:58] : Cycle start ON
[08:07:00] : Cycle start OFF
[08:07:05] : REQUEST MEAS. ON
[08:07:12] : REQUEST MEAS. OFF
[08:07:12] : end pos sig1 :50.000000 - 50.000000
[08:07:12] : 측정요구 ON 2
[08:07:19] : 측정요구 2OFF
[08:07:19] : end pos sig2 :-50.000000 - -50.000000
[08:07:25] : 측정요구3 ON
[08:07:32] : 측정요구3 OFF
[08:07:32] : end pos sig3 :50.000000 - 50.000000
[08:07:32] : 측정요구4 ON
[08:07:40] : 측정요구4 OFF
[08:07:40] : end pos sig4 :-50.000000 - -50.000000
[08:07:40] : 11,20190130-080741,CF19012851421,CF 19012111711,OK,MAX,1, ,AUTO,0.10,2.00,1.36,OK,0.10,2.00,1.10,OK,0.10,2.00,1.34,OK,0.10,2.00,1.56,OK,
[08:07:53] : Cycle start ON
[08:07:55] : Cycle start OFF
[08:08:00] : REQUEST MEAS. ON
[08:08:07] : REQUEST MEAS. OFF
[08:08:07] : end pos sig1 :50.000000 - 50.000000
[08:08:07] : 측정요구 ON 2
[08:08:15] : 측정요구 2OFF
[08:08:15] : end pos sig2 :-50.000000 - -50.000000
[08:08:21] : 측정요구3 ON
[08:08:28] : 측정요구3 OFF
[08:08:28] : end pos sig3 :50.000000 - 50.000000
[08:08:28] : 측정요구4 ON
[08:08:35] : 측정요구4 OFF
[08:08:35] : end pos sig4 :-50.000000 - -50.000000
[08:08:35] : 11,20190130-080836,CF19012851851,CF 19012113261,NG,MAX,1, ,AUTO,0.10,2.00,0.92,OK,0.10,2.00,1.98,OK,0.10,2.00,2.20,NG,0.10,2.00,1.08,OK,
[08:08:53] : Cycle start ON
[08:08:55] : Cycle start OFF
[08:08:59] : REQUEST MEAS. ON
[08:09:06] : REQUEST MEAS. OFF
[08:09:06] : end pos sig1 :50.000000 - 50.000000
[08:09:06] : 측정요구 ON 2
[08:09:14] : 측정요구 2OFF
[08:09:14] : end pos sig2 :-50.000000 - -50.000000
[08:09:20] : 측정요구3 ON
[08:09:27] : 측정요구3 OFF
[08:09:27] : end pos sig3 :50.000000 - 50.000000
[08:09:27] : 측정요구4 ON
[08:09:35] : 측정요구4 OFF
[08:09:35] : end pos sig4 :-50.000000 - -50.000000
[08:09:35] : 11,20190130-080936,CF19012850931,CF 19012111261,NG,MAX,1, ,AUTO,0.10,2.00,1.63,OK,0.10,2.00,3.01,NG,0.10,2.00,1.43,OK,0.10,2.00,0.83,OK,
[08:09:44] : AUTO RUNNING OFF
[08:11:51] : PROGRAM END
 
[08:12:20] : PROGRAM START
[08:12:35] : AUTO RUNNING OFF
[08:12:35] : REQUEST MEAS. OFF
[08:12:35] : end pos sig1 :50.000000 - 50.000000
[08:12:35] : end pos sig2 :50.000000 - 50.000000
[08:12:35] : end pos sig3 :50.000000 - 50.000000
[08:12:35] : REQUEST ZEROSET OFF
[08:12:35] : REQUEST ZEROSET OFF
[08:12:35] : end pos sig4 :50.000000 - 50.000000
[08:14:05] : PROGRAM END
 
[08:14:10] : PROGRAM START
[08:14:23] : AUTO RUNNING OFF
[08:14:23] : REQUEST MEAS. OFF
[08:14:23] : end pos sig1 :50.000000 - 50.000000
[08:14:23] : end pos sig2 :50.000000 - 50.000000
[08:14:23] : end pos sig3 :50.000000 - 50.000000
[08:14:23] : REQUEST ZEROSET OFF
[08:14:23] : REQUEST ZEROSET OFF
[08:14:23] : end pos sig4 :50.000000 - 50.000000
[08:16:53] : MEAS ESC ON
[08:16:54] : MEAS ESC OFF
[08:16:54] : AUTO RUNNING ON
[08:17:12] : Cycle start ON
[08:17:13] : Cycle start OFF
[08:17:17] : REQUEST MEAS. ON
[08:17:25] : REQUEST MEAS. OFF
[08:17:25] : end pos sig1 :50.000000 - 50.000000
[08:17:25] : 측정요구 ON 2
[08:17:32] : 측정요구 2OFF
[08:17:32] : end pos sig2 :-50.000000 - -50.000000
[08:17:38] : 측정요구3 ON
[08:17:45] : 측정요구3 OFF
[08:17:45] : end pos sig3 :50.000000 - 50.000000
[08:17:45] : 측정요구4 ON
[08:17:53] : 측정요구4 OFF
[08:17:53] : end pos sig4 :-50.000000 - -50.000000
[08:17:53] : 11,20190130-081754,CF19012852511,CF 19012110051,NG,MAX,1, ,AUTO,0.10,2.00,2.08,NG,0.10,2.00,1.15,OK,0.10,2.00,2.14,NG,0.10,2.00,2.39,NG,
[08:18:11] : Cycle start ON
[08:18:13] : Cycle start OFF
[08:18:17] : REQUEST MEAS. ON
[08:18:24] : REQUEST MEAS. OFF
[08:18:24] : end pos sig1 :50.000000 - 50.000000
[08:18:24] : 측정요구 ON 2
[08:18:32] : 측정요구 2OFF
[08:18:32] : end pos sig2 :-50.000000 - -50.000000
[08:18:38] : 측정요구3 ON
[08:18:45] : 측정요구3 OFF
[08:18:45] : end pos sig3 :50.000000 - 50.000000
[08:18:45] : 측정요구4 ON
[08:18:53] : 측정요구4 OFF
[08:18:53] : end pos sig4 :-50.000000 - -50.000000
[08:18:53] : 11,20190130-081854,CF19012852531,CF 19012110121,OK,MAX,1, ,AUTO,0.10,2.00,0.77,OK,0.10,2.00,0.63,OK,0.10,2.00,1.71,OK,0.10,2.00,0.89,OK,
[08:19:06] : Cycle start ON
[08:19:08] : Cycle start OFF
[08:19:13] : REQUEST MEAS. ON
[08:19:20] : REQUEST MEAS. OFF
[08:19:20] : end pos sig1 :50.000000 - 50.000000
[08:19:20] : 측정요구 ON 2
[08:19:27] : 측정요구 2OFF
[08:19:27] : end pos sig2 :-50.000000 - -50.000000
[08:19:33] : 측정요구3 ON
[08:19:40] : 측정요구3 OFF
[08:19:40] : end pos sig3 :50.000000 - 50.000000
[08:19:40] : 측정요구4 ON
[08:19:48] : 측정요구4 OFF
[08:19:48] : end pos sig4 :-50.000000 - -50.000000
[08:19:48] : 11,20190130-081949,CF19012851171,CF 19012110831,OK,MAX,1, ,AUTO,0.10,2.00,1.54,OK,0.10,2.00,1.93,OK,0.10,2.00,1.25,OK,0.10,2.00,1.17,OK,
[08:20:01] : Cycle start ON
[08:20:03] : Cycle start OFF
[08:20:07] : REQUEST MEAS. ON
[08:20:15] : REQUEST MEAS. OFF
[08:20:15] : end pos sig1 :50.000000 - 50.000000
[08:20:15] : 측정요구 ON 2
[08:20:23] : 측정요구 2OFF
[08:20:23] : end pos sig2 :-50.000000 - -50.000000
[08:20:29] : 측정요구3 ON
[08:20:36] : 측정요구3 OFF
[08:20:36] : end pos sig3 :50.000000 - 50.000000
[08:20:36] : 측정요구4 ON
[08:20:44] : 측정요구4 OFF
[08:20:44] : end pos sig4 :-50.000000 - -50.000000
[08:20:45] : 11,20190130-082045,CF19012852641,CF 19012110611,NG,MAX,1, ,AUTO,0.10,2.00,1.08,OK,0.10,2.00,0.76,OK,0.10,2.00,3.01,NG,0.10,2.00,1.20,OK,
[08:21:02] : Cycle start ON
[08:21:04] : Cycle start OFF
[08:21:08] : REQUEST MEAS. ON
[08:21:15] : REQUEST MEAS. OFF
[08:21:15] : end pos sig1 :50.000000 - 50.000000
[08:21:15] : 측정요구 ON 2
[08:21:22] : 측정요구 2OFF
[08:21:22] : end pos sig2 :-50.000000 - -50.000000
[08:21:28] : 측정요구3 ON
[08:21:35] : 측정요구3 OFF
[08:21:35] : end pos sig3 :50.000000 - 50.000000
[08:21:36] : 측정요구4 ON
[08:21:43] : 측정요구4 OFF
[08:21:43] : end pos sig4 :-50.000000 - -50.000000
[08:21:43] : 11,20190130-082144,CF19012851331,CF 19012111761,OK,MAX,1, ,AUTO,0.10,2.00,0.97,OK,0.10,2.00,1.01,OK,0.10,2.00,1.23,OK,0.10,2.00,1.95,OK,
[08:21:57] : Cycle start ON
[08:21:58] : Cycle start OFF
[08:22:02] : REQUEST MEAS. ON
[08:22:10] : REQUEST MEAS. OFF
[08:22:10] : end pos sig1 :50.000000 - 50.000000
[08:22:10] : 측정요구 ON 2
[08:22:17] : 측정요구 2OFF
[08:22:17] : end pos sig2 :-50.000000 - -50.000000
[08:22:23] : 측정요구3 ON
[08:22:30] : 측정요구3 OFF
[08:22:30] : end pos sig3 :50.000000 - 50.000000
[08:22:30] : 측정요구4 ON
[08:22:38] : 측정요구4 OFF
[08:22:38] : end pos sig4 :-50.000000 - -50.000000
[08:22:38] : 11,20190130-082239,CF19012851521,CF 19012111721,NG,MAX,1, ,AUTO,0.10,2.00,1.04,OK,0.10,2.00,0.50,OK,0.10,2.00,2.32,NG,0.10,2.00,1.44,OK,
[08:22:56] : Cycle start ON
[08:22:58] : Cycle start OFF
[08:23:02] : REQUEST MEAS. ON
[08:23:09] : REQUEST MEAS. OFF
[08:23:09] : end pos sig1 :50.000000 - 50.000000
[08:23:09] : 측정요구 ON 2
[08:23:17] : 측정요구 2OFF
[08:23:17] : end pos sig2 :-50.000000 - -50.000000
[08:23:23] : 측정요구3 ON
[08:23:30] : 측정요구3 OFF
[08:23:30] : end pos sig3 :50.000000 - 50.000000
[08:23:30] : 측정요구4 ON
[08:23:37] : 측정요구4 OFF
[08:23:37] : end pos sig4 :-50.000000 - -50.000000
[08:23:38] : 11,20190130-082339,CF19012852291,CF 19012112791,NG,MAX,1, ,AUTO,0.10,2.00,0.91,OK,0.10,2.00,0.83,OK,0.10,2.00,1.54,OK,0.10,2.00,2.15,NG,
[08:24:12] : AUTO RUNNING OFF
[08:24:36] : MEAS ESC ON
[08:24:37] : MEAS ESC OFF
[08:24:37] : AUTO RUNNING ON
[08:25:03] : Cycle start ON
[08:25:04] : Cycle start OFF
[08:25:08] : REQUEST MEAS. ON
[08:25:16] : REQUEST MEAS. OFF
[08:25:16] : end pos sig1 :50.000000 - 50.000000
[08:25:16] : 측정요구 ON 2
[08:25:23] : 측정요구 2OFF
[08:25:23] : end pos sig2 :-50.000000 - -50.000000
[08:25:29] : 측정요구3 ON
[08:25:36] : 측정요구3 OFF
[08:25:36] : end pos sig3 :50.000000 - 50.000000
[08:25:36] : 측정요구4 ON
[08:25:44] : 측정요구4 OFF
[08:25:44] : end pos sig4 :-50.000000 - -50.000000
[08:25:44] : 11,20190130-082545,CF19012850851,CF 19012110431,OK,MAX,1, ,AUTO,0.10,2.00,0.48,OK,0.10,2.00,1.44,OK,0.10,2.00,1.44,OK,0.10,2.00,1.55,OK,
[08:25:57] : Cycle start ON
[08:25:59] : Cycle start OFF
[08:26:03] : REQUEST MEAS. ON
[08:26:11] : REQUEST MEAS. OFF
[08:26:11] : end pos sig1 :50.000000 - 50.000000
[08:26:11] : 측정요구 ON 2
[08:26:18] : 측정요구 2OFF
[08:26:18] : end pos sig2 :-50.000000 - -50.000000
[08:26:24] : 측정요구3 ON
[08:26:31] : 측정요구3 OFF
[08:26:31] : end pos sig3 :50.000000 - 50.000000
[08:26:31] : 측정요구4 ON
[08:26:39] : 측정요구4 OFF
[08:26:39] : end pos sig4 :-50.000000 - -50.000000
[08:26:39] : 11,20190130-082640,CF19012851141,CF 19012111141,OK,MAX,1, ,AUTO,0.10,2.00,1.44,OK,0.10,2.00,1.44,OK,0.10,2.00,0.95,OK,0.10,2.00,1.27,OK,
[08:26:52] : Cycle start ON
[08:26:54] : Cycle start OFF
[08:26:59] : REQUEST MEAS. ON
[08:27:06] : REQUEST MEAS. OFF
[08:27:06] : end pos sig1 :50.000000 - 50.000000
[08:27:06] : 측정요구 ON 2
[08:27:14] : 측정요구 2OFF
[08:27:14] : end pos sig2 :-50.000000 - -50.000000
[08:27:20] : 측정요구3 ON
[08:27:27] : 측정요구3 OFF
[08:27:27] : end pos sig3 :50.000000 - 50.000000
[08:27:27] : 측정요구4 ON
[08:27:35] : 측정요구4 OFF
[08:27:35] : end pos sig4 :-50.000000 - -50.000000
[08:27:36] : 11,20190130-082736,CF19012851811,CF 19012113261,OK,MAX,1, ,AUTO,0.10,2.00,0.60,OK,0.10,2.00,1.23,OK,0.10,2.00,1.27,OK,0.10,2.00,1.16,OK,
[08:27:48] : Cycle start ON
[08:27:50] : Cycle start OFF
[08:27:55] : REQUEST MEAS. ON
[08:28:02] : REQUEST MEAS. OFF
[08:28:02] : end pos sig1 :50.000000 - 50.000000
[08:28:02] : 측정요구 ON 2
[08:28:09] : 측정요구 2OFF
[08:28:09] : end pos sig2 :-50.000000 - -50.000000
[08:28:15] : 측정요구3 ON
[08:28:22] : 측정요구3 OFF
[08:28:22] : end pos sig3 :50.000000 - 50.000000
[08:28:22] : 측정요구4 ON
[08:28:30] : 측정요구4 OFF
[08:28:30] : end pos sig4 :-50.000000 - -50.000000
[08:28:30] : 11,20190130-082831,CF19012852461,CF 19012110211,OK,MAX,1, ,AUTO,0.10,2.00,1.08,OK,0.10,2.00,0.81,OK,0.10,2.00,0.86,OK,0.10,2.00,1.38,OK,
[08:28:43] : Cycle start ON
[08:28:45] : Cycle start OFF
[08:28:49] : REQUEST MEAS. ON
[08:28:57] : REQUEST MEAS. OFF
[08:28:57] : end pos sig1 :50.000000 - 50.000000
[08:28:57] : 측정요구 ON 2
[08:29:05] : 측정요구 2OFF
[08:29:05] : end pos sig2 :-50.000000 - -50.000000
[08:29:11] : 측정요구3 ON
[08:29:18] : 측정요구3 OFF
[08:29:18] : end pos sig3 :50.000000 - 50.000000
[08:29:18] : 측정요구4 ON
[08:29:25] : 측정요구4 OFF
[08:29:25] : end pos sig4 :-50.000000 - -50.000000
[08:29:25] : 11,20190130-082926,CF19012852481,CF 19012110881,OK,MAX,1, ,AUTO,0.10,2.00,0.74,OK,0.10,2.00,0.60,OK,0.10,2.00,1.20,OK,0.10,2.00,0.59,OK,
[08:36:54] : Cycle start ON
[08:36:56] : Cycle start OFF
[08:37:15] : Cycle start ON
[08:37:16] : Cycle start OFF
[08:37:20] : REQUEST MEAS. ON
[08:37:28] : REQUEST MEAS. OFF
[08:37:28] : end pos sig1 :50.000000 - 50.000000
[08:37:28] : 측정요구 ON 2
[08:37:36] : 측정요구 2OFF
[08:37:36] : end pos sig2 :-50.000000 - -50.000000
[08:37:42] : 측정요구3 ON
[08:37:49] : 측정요구3 OFF
[08:37:49] : end pos sig3 :50.000000 - 50.000000
[08:37:49] : 측정요구4 ON
[08:37:57] : 측정요구4 OFF
[08:37:57] : end pos sig4 :-50.000000 - -50.000000
[08:37:57] : 11,20190130-083758,CF19012852641,CF 19012110051,NG,MAX,1, ,AUTO,0.10,2.00,1.49,OK,0.10,2.00,0.88,OK,0.10,2.00,2.21,NG,0.10,2.00,1.20,OK,
[08:38:15] : Cycle start ON
[08:38:17] : Cycle start OFF
[08:38:21] : REQUEST MEAS. ON
[08:38:28] : REQUEST MEAS. OFF
[08:38:28] : end pos sig1 :50.000000 - 50.000000
[08:38:28] : 측정요구 ON 2
[08:38:36] : 측정요구 2OFF
[08:38:36] : end pos sig2 :-50.000000 - -50.000000
[08:38:42] : 측정요구3 ON
[08:38:49] : 측정요구3 OFF
[08:38:49] : end pos sig3 :50.000000 - 50.000000
[08:38:49] : 측정요구4 ON
[08:38:56] : 측정요구4 OFF
[08:38:56] : end pos sig4 :-50.000000 - -50.000000
[08:38:57] : 11,20190130-083858,CF19012851481,CF 19012110611,OK,MAX,1, ,AUTO,0.10,2.00,0.85,OK,0.10,2.00,0.71,OK,0.10,2.00,1.13,OK,0.10,2.00,0.56,OK,
[08:39:11] : Cycle start ON
[08:39:12] : Cycle start OFF
[08:39:16] : REQUEST MEAS. ON
[08:39:23] : REQUEST MEAS. OFF
[08:39:23] : end pos sig1 :50.000000 - 50.000000
[08:39:23] : 측정요구 ON 2
[08:39:31] : 측정요구 2OFF
[08:39:31] : end pos sig2 :-50.000000 - -50.000000
[08:39:37] : 측정요구3 ON
[08:39:44] : 측정요구3 OFF
[08:39:44] : end pos sig3 :50.000000 - 50.000000
[08:39:44] : 측정요구4 ON
[08:39:51] : 측정요구4 OFF
[08:39:51] : end pos sig4 :-50.000000 - -50.000000
[08:39:51] : 11,20190130-083952,CF19012851741,CF 19012112761,NG,MAX,1, ,AUTO,0.10,2.00,1.16,OK,0.10,2.00,1.38,OK,0.10,2.00,1.59,OK,0.10,2.00,2.09,NG,
[08:40:09] : Cycle start ON
[08:40:11] : Cycle start OFF
[08:40:15] : REQUEST MEAS. ON
[08:40:22] : REQUEST MEAS. OFF
[08:40:22] : end pos sig1 :50.000000 - 50.000000
[08:40:22] : 측정요구 ON 2
[08:40:30] : 측정요구 2OFF
[08:40:30] : end pos sig2 :-47.760000 - -47.800000
[08:40:36] : 측정요구3 ON
[08:40:43] : 측정요구3 OFF
[08:40:43] : end pos sig3 :50.000000 - 50.000000
[08:40:43] : 측정요구4 ON
[08:40:51] : 측정요구4 OFF
[08:40:51] : end pos sig4 :-50.000000 - -50.000000
[08:40:51] : 11,20190130-084052,CF19012852001,CF 19012113321,OK,MAX,1, ,AUTO,0.10,2.00,0.85,OK,0.10,2.00,0.92,OK,0.10,2.00,1.33,OK,0.10,2.00,1.52,OK,
[08:41:04] : Cycle start ON
[08:41:06] : Cycle start OFF
[08:41:10] : REQUEST MEAS. ON
[08:41:17] : REQUEST MEAS. OFF
[08:41:17] : end pos sig1 :50.000000 - 50.000000
[08:41:17] : 측정요구 ON 2
[08:41:24] : 측정요구 2OFF
[08:41:24] : end pos sig2 :-50.000000 - -50.000000
[08:41:30] : 측정요구3 ON
[08:41:37] : 측정요구3 OFF
[08:41:37] : end pos sig3 :50.000000 - 50.000000
[08:41:37] : 측정요구4 ON
[08:41:45] : 측정요구4 OFF
[08:41:45] : end pos sig4 :-50.000000 - -50.000000
[08:41:45] : 11,20190130-084146,CF19012850611,CF 19012110021,OK,MAX,1, ,AUTO,0.10,2.00,0.45,OK,0.10,2.00,0.48,OK,0.10,2.00,0.50,OK,0.10,2.00,0.50,OK,
[08:43:58] : AUTO RUNNING OFF
[08:50:36] : PROGRAM END
 
[08:52:52] : PROGRAM START
[08:53:04] : AUTO RUNNING OFF
[08:53:04] : REQUEST MEAS. OFF
[08:53:04] : end pos sig1 :50.000000 - 50.000000
[08:53:04] : end pos sig2 :50.000000 - 50.000000
[08:53:04] : end pos sig3 :50.000000 - 50.000000
[08:53:04] : REQUEST ZEROSET OFF
[08:53:04] : REQUEST ZEROSET OFF
[08:53:04] : end pos sig4 :50.000000 - 50.000000
[09:06:17] : Cycle start ON
[09:06:17] : Cycle start OFF
[09:06:21] : REQUEST MEAS. ON
[09:06:30] : REQUEST MEAS. OFF
[09:06:30] : end pos sig1 :50.000000 - 50.000000
[09:06:30] : 측정요구 ON 2
[09:06:39] : 측정요구 2OFF
[09:06:39] : end pos sig2 :-50.000000 - -50.000000
[09:06:45] : 측정요구3 ON
[09:06:54] : 측정요구3 OFF
[09:06:54] : end pos sig3 :50.000000 - 50.000000
[09:06:54] : 측정요구4 ON
[09:07:03] : 측정요구4 OFF
[09:07:03] : end pos sig4 :-50.000000 - -50.000000
[09:07:22] : Cycle start ON
[09:07:23] : Cycle start OFF
[09:07:27] : REQUEST MEAS. ON
[09:07:36] : REQUEST MEAS. OFF
[09:07:36] : end pos sig1 :50.000000 - 50.000000
[09:07:36] : 측정요구 ON 2
[09:07:45] : 측정요구 2OFF
[09:07:45] : end pos sig2 :-50.000000 - -50.000000
[09:07:51] : 측정요구3 ON
[09:08:00] : 측정요구3 OFF
[09:08:00] : end pos sig3 :50.000000 - 50.000000
[09:08:00] : 측정요구4 ON
[09:08:09] : 측정요구4 OFF
[09:08:09] : end pos sig4 :-50.000000 - -50.000000
[09:14:42] : MEAS ESC ON
[09:14:42] : MEAS ESC OFF
[09:14:42] : AUTO RUNNING ON
[09:15:32] : AUTO RUNNING OFF
[09:16:27] : MEAS ESC ON
[09:16:29] : MEAS ESC OFF
[09:16:34] : MEAS ESC ON
[09:16:35] : MEAS ESC OFF
[09:16:35] : AUTO RUNNING ON
[09:16:53] : Cycle start ON
[09:16:54] : Cycle start OFF
[09:16:58] : REQUEST MEAS. ON
[09:17:05] : REQUEST MEAS. OFF
[09:17:05] : end pos sig1 :50.000000 - 50.000000
[09:17:06] : 측정요구 ON 2
[09:17:13] : 측정요구 2OFF
[09:17:13] : end pos sig2 :-50.000000 - -50.000000
[09:17:19] : 측정요구3 ON
[09:17:26] : 측정요구3 OFF
[09:17:26] : end pos sig3 :50.000000 - 50.000000
[09:17:26] : 측정요구4 ON
[09:17:34] : 측정요구4 OFF
[09:17:34] : end pos sig4 :-50.000000 - -50.000000
[09:17:35] : 11,20190130-091735,CF 19012110491,CF 19012110491,OK,MAX,1, ,AUTO,0.10,2.00,0.50,OK,0.10,2.00,0.44,OK,0.10,2.00,0.81,OK,0.10,2.00,0.75,OK,
[09:17:47] : Cycle start ON
[09:17:49] : Cycle start OFF
[09:17:53] : REQUEST MEAS. ON
[09:18:00] : REQUEST MEAS. OFF
[09:18:00] : end pos sig1 :50.000000 - 50.000000
[09:18:00] : 측정요구 ON 2
[09:18:08] : 측정요구 2OFF
[09:18:08] : end pos sig2 :-50.000000 - -50.000000
[09:18:14] : 측정요구3 ON
[09:18:21] : 측정요구3 OFF
[09:18:21] : end pos sig3 :50.000000 - 50.000000
[09:18:21] : 측정요구4 ON
[09:18:29] : 측정요구4 OFF
[09:18:29] : end pos sig4 :-50.000000 - -50.000000
[09:18:29] : 11,20190130-091830,CF19012852351,CF 19012110541,OK,MAX,1, ,AUTO,0.10,2.00,0.90,OK,0.10,2.00,0.35,OK,0.10,2.00,0.83,OK,0.10,2.00,0.67,OK,
[09:18:42] : Cycle start ON
[09:18:44] : Cycle start OFF
[09:18:49] : REQUEST MEAS. ON
[09:18:56] : REQUEST MEAS. OFF
[09:18:56] : end pos sig1 :50.000000 - 50.000000
[09:18:56] : 측정요구 ON 2
[09:19:03] : 측정요구 2OFF
[09:19:03] : end pos sig2 :-50.000000 - -50.000000
[09:19:09] : 측정요구3 ON
[09:19:16] : 측정요구3 OFF
[09:19:16] : end pos sig3 :50.000000 - 50.000000
[09:19:17] : 측정요구4 ON
[09:19:24] : 측정요구4 OFF
[09:19:24] : end pos sig4 :-50.000000 - -50.000000
[09:19:24] : 11,20190130-091925,CF19012852331,CF 19012111111,OK,MAX,1, ,AUTO,0.10,2.00,1.13,OK,0.10,2.00,1.26,OK,0.10,2.00,0.71,OK,0.10,2.00,0.81,OK,
[09:19:54] : Cycle start ON
[09:19:56] : Cycle start OFF
[09:20:00] : REQUEST MEAS. ON
[09:20:08] : REQUEST MEAS. OFF
[09:20:08] : end pos sig1 :50.000000 - 50.000000
[09:20:08] : 측정요구 ON 2
[09:20:16] : 측정요구 2OFF
[09:20:16] : end pos sig2 :-50.000000 - -50.000000
[09:20:21] : 측정요구3 ON
[09:20:28] : 측정요구3 OFF
[09:20:28] : end pos sig3 :50.000000 - 50.000000
[09:20:28] : 측정요구4 ON
[09:20:36] : 측정요구4 OFF
[09:20:36] : end pos sig4 :-50.000000 - -50.000000
[09:20:36] : 11,20190130-092037,CF19012851581,CF 19012110481,OK,MAX,1, ,AUTO,0.10,2.00,1.40,OK,0.10,2.00,0.66,OK,0.10,2.00,0.81,OK,0.10,2.00,1.44,OK,
[09:21:12] : AUTO RUNNING OFF
[09:26:18] : PROGRAM END
 
[09:36:11] : PROGRAM START
[09:36:26] : AUTO RUNNING OFF
[09:36:26] : REQUEST MEAS. OFF
[09:36:26] : end pos sig1 :50.000000 - 50.000000
[09:36:26] : end pos sig2 :50.000000 - 50.000000
[09:36:26] : end pos sig3 :50.000000 - 50.000000
[09:36:26] : REQUEST ZEROSET OFF
[09:36:26] : REQUEST ZEROSET OFF
[09:36:26] : end pos sig4 :50.000000 - 50.000000
[09:36:36] : PROGRAM END
 
[09:37:48] : PROGRAM START
[09:38:03] : AUTO RUNNING OFF
[09:38:03] : REQUEST MEAS. OFF
[09:38:03] : end pos sig1 :50.000000 - 50.000000
[09:38:03] : end pos sig2 :50.000000 - 50.000000
[09:38:03] : end pos sig3 :50.000000 - 50.000000
[09:38:03] : REQUEST ZEROSET OFF
[09:38:03] : REQUEST ZEROSET OFF
[09:38:03] : end pos sig4 :50.000000 - 50.000000
[09:38:38] : PROGRAM END
 
[14:54:08] : PROGRAM START
[14:54:35] : Plc Error Timer
[14:54:44] : TCP FAIL 1
[14:54:54] : Plc Error Timer
[14:55:02] : PROGRAM END
 
[15:02:54] : PROGRAM START
[15:03:21] : Plc Error Timer
[15:03:35] : Plc Error Timer
[15:04:15] : TCP FAIL 1
[15:04:27] : Plc Error Timer
[15:04:51] : TCP FAIL 1
[15:05:00] : Plc Error Timer
[15:05:51] : TCP FAIL 1
[15:06:04] : Plc Error Timer
[15:06:23] : PROGRAM END
 
[15:07:46] : PROGRAM START
[15:08:13] : Plc Error Timer
[15:08:18] : TCP FAIL 1
[15:08:27] : PROGRAM END
 
[15:13:20] : PROGRAM START
[15:13:47] : Plc Error Timer
[15:14:00] : Plc Error Timer
[15:14:03] : TCP FAIL 1
[15:14:12] : Plc Error Timer
[15:14:15] : PROGRAM END
 
[15:14:53] : PROGRAM START
[15:15:20] : Plc Error Timer
[15:15:28] : TCP FAIL 1
[15:15:37] : Plc Error Timer
[15:16:16] : TCP FAIL 1
[15:16:27] : Plc Error Timer
[15:16:37] : TCP FAIL 1
[15:16:46] : Plc Error Timer
[15:17:07] : TCP FAIL 1
[15:17:18] : Plc Error Timer
[15:18:27] : TCP FAIL 1
[15:18:36] : Plc Error Timer
[15:22:01] : PROGRAM END
 
[15:24:42] : PROGRAM START
[15:25:09] : Plc Error Timer
[15:25:14] : TCP FAIL 1
[15:25:27] : Plc Error Timer
[15:25:55] : Plc Error Timer
[15:26:54] : PROGRAM END
 
[15:27:44] : PROGRAM START
[15:28:10] : Plc Error Timer
[15:28:18] : TCP FAIL 1
[15:28:28] : Plc Error Timer
[15:28:42] : TCP FAIL 1
[15:28:51] : Plc Error Timer
[15:29:07] : Plc Error Timer
[15:29:26] : Plc Error Timer
[15:30:09] : Plc Error Timer
[15:37:28] : Plc Error Timer
[15:37:33] : TCP FAIL 1
[15:37:43] : Plc Error Timer
[15:39:42] : PROGRAM END
 
[16:16:19] : PROGRAM START
[16:16:46] : Plc Error Timer
[16:17:25] : TCP FAIL 1
[16:17:34] : Plc Error Timer
[16:17:58] : PROGRAM END
 
[16:34:14] : PROGRAM START
[16:34:40] : Plc Error Timer
[16:35:29] : TCP FAIL 1
[16:35:40] : PROGRAM END
 
