[09:55:34] : PROGRAM START
[09:55:41] : AUTO RUNNING OFF
[09:55:41] : REQUEST MEAS. OFF
[09:55:41] : end pos sig1 :50.000000 - 50.000000
[09:55:41] : end pos sig2 :50.000000 - 50.000000
[09:55:41] : end pos sig3 :50.000000 - 50.000000
[09:55:41] : REQUEST ZEROSET OFF
[09:55:41] : REQUEST ZEROSET OFF
[09:55:41] : end pos sig4 :50.000000 - 50.000000
[09:55:47] : PROGRAM END
 
[09:56:41] : PROGRAM START
[09:56:48] : AUTO RUNNING OFF
[09:56:48] : REQUEST MEAS. OFF
[09:56:48] : end pos sig1 :0.000000 - 0.000000
[09:56:48] : end pos sig2 :0.000000 - 0.000000
[09:56:48] : end pos sig3 :0.000000 - 0.000000
[09:56:48] : REQUEST ZEROSET OFF
[09:56:48] : REQUEST ZEROSET OFF
[09:56:48] : end pos sig4 :0.000000 - 0.000000
[09:57:11] : PROGRAM END
 
[09:57:46] : PROGRAM START
[09:57:53] : AUTO RUNNING OFF
[09:57:53] : REQUEST MEAS. OFF
[09:57:53] : end pos sig1 :50.000000 - 50.000000
[09:57:53] : end pos sig2 :50.000000 - 50.000000
[09:57:53] : end pos sig3 :50.000000 - 50.000000
[09:57:53] : REQUEST ZEROSET OFF
[09:57:53] : REQUEST ZEROSET OFF
[09:57:53] : end pos sig4 :50.000000 - 50.000000
[09:58:01] : 11,20190104-095805,AL19010245887,,OK,MAX,1, ,AUTO,0.10,3.00,1.40,OK,0.10,3.00,0.59,OK,0.10,3.00,1.00,OK,0.10,3.00,0.83,OK,
[09:58:09] : PROGRAM END
 
[09:58:50] : PROGRAM START
[09:58:57] : AUTO RUNNING OFF
[09:58:57] : REQUEST MEAS. OFF
[09:58:57] : end pos sig1 :50.000000 - 50.000000
[09:58:57] : end pos sig2 :50.000000 - 50.000000
[09:58:57] : end pos sig3 :50.000000 - 50.000000
[09:58:57] : REQUEST ZEROSET OFF
[09:58:57] : REQUEST ZEROSET OFF
[09:58:57] : end pos sig4 :50.000000 - 50.000000
[09:59:32] : 11,20190104-095937,AL19010245887,,OK,MAX,1, ,AUTO,0.10,3.00,1.40,OK,0.10,3.00,0.59,OK,0.10,3.00,1.00,OK,0.10,3.00,0.83,OK,
[10:01:46] : PROGRAM END
 
[10:03:59] : PROGRAM START
[10:04:06] : AUTO RUNNING OFF
[10:04:06] : REQUEST MEAS. OFF
[10:04:06] : end pos sig1 :50.000000 - 50.000000
[10:04:06] : end pos sig2 :50.000000 - 50.000000
[10:04:06] : end pos sig3 :50.000000 - 50.000000
[10:04:06] : REQUEST ZEROSET OFF
[10:04:06] : REQUEST ZEROSET OFF
[10:04:06] : end pos sig4 :50.000000 - 50.000000
[10:04:13] : PROGRAM END
 
[10:06:53] : PROGRAM START
[10:06:59] : AUTO RUNNING OFF
[10:06:59] : REQUEST MEAS. OFF
[10:06:59] : end pos sig1 :50.000000 - 50.000000
[10:06:59] : end pos sig2 :50.000000 - 50.000000
[10:06:59] : end pos sig3 :50.000000 - 50.000000
[10:06:59] : REQUEST ZEROSET OFF
[10:06:59] : REQUEST ZEROSET OFF
[10:06:59] : end pos sig4 :50.000000 - 50.000000
[10:15:28] : PROGRAM END
 
[10:16:19] : PROGRAM START
[10:16:26] : AUTO RUNNING OFF
[10:16:26] : REQUEST MEAS. OFF
[10:16:26] : end pos sig1 :0.000000 - 0.000000
[10:16:26] : end pos sig2 :0.000000 - 0.000000
[10:16:26] : end pos sig3 :0.000000 - 0.000000
[10:16:26] : REQUEST ZEROSET OFF
[10:16:26] : REQUEST ZEROSET OFF
[10:16:26] : end pos sig4 :0.000000 - 0.000000
[10:16:28] : PROGRAM END
 
[10:16:34] : PROGRAM START
[10:16:42] : AUTO RUNNING OFF
[10:16:42] : REQUEST MEAS. OFF
[10:16:42] : end pos sig1 :0.000000 - 0.000000
[10:16:42] : end pos sig2 :0.000000 - 0.000000
[10:16:42] : end pos sig3 :0.000000 - 0.000000
[10:16:42] : REQUEST ZEROSET OFF
[10:16:42] : REQUEST ZEROSET OFF
[10:16:42] : end pos sig4 :0.000000 - 0.000000
[10:21:56] : PROGRAM END
 
[10:26:07] : PROGRAM START
[10:26:14] : AUTO RUNNING OFF
[10:26:14] : REQUEST MEAS. OFF
[10:26:14] : end pos sig1 :50.000000 - 50.000000
[10:26:14] : end pos sig2 :50.000000 - 50.000000
[10:26:14] : end pos sig3 :50.000000 - 50.000000
[10:26:14] : REQUEST ZEROSET OFF
[10:26:14] : REQUEST ZEROSET OFF
[10:26:14] : end pos sig4 :50.000000 - 50.000000
[10:26:48] : PROGRAM END
 
[10:27:06] : PROGRAM START
[10:27:14] : AUTO RUNNING OFF
[10:27:14] : REQUEST MEAS. OFF
[10:27:14] : end pos sig1 :50.000000 - 50.000000
[10:27:14] : end pos sig2 :50.000000 - 50.000000
[10:27:14] : end pos sig3 :50.000000 - 50.000000
[10:27:14] : REQUEST ZEROSET OFF
[10:27:14] : REQUEST ZEROSET OFF
[10:27:14] : end pos sig4 :50.000000 - 50.000000
[10:27:43] : PROGRAM END
 
[10:28:03] : PROGRAM START
[10:28:10] : AUTO RUNNING OFF
[10:28:10] : REQUEST MEAS. OFF
[10:28:10] : end pos sig1 :50.000000 - 50.000000
[10:28:10] : end pos sig2 :50.000000 - 50.000000
[10:28:10] : end pos sig3 :50.000000 - 50.000000
[10:28:10] : REQUEST ZEROSET OFF
[10:28:10] : REQUEST ZEROSET OFF
[10:28:10] : end pos sig4 :50.000000 - 50.000000
[10:28:11] : PROGRAM END
 
[10:28:18] : PROGRAM START
[10:28:26] : AUTO RUNNING OFF
[10:28:26] : REQUEST MEAS. OFF
[10:28:26] : end pos sig1 :50.000000 - 50.000000
[10:28:26] : end pos sig2 :50.000000 - 50.000000
[10:28:26] : end pos sig3 :50.000000 - 50.000000
[10:28:26] : REQUEST ZEROSET OFF
[10:28:26] : REQUEST ZEROSET OFF
[10:28:26] : end pos sig4 :50.000000 - 50.000000
[11:14:38] : MEAS ESC ON
[11:15:33] : MEAS ESC OFF
[11:39:52] : MEAS ESC ON
 
[11:50:22] : MEAS ESC OFF
[11:50:22] : AUTO RUNNING ON
[11:50:41] : Cycle start ON
[11:50:43] : Cycle start OFF
[11:50:50] : REQUEST MEAS. ON
[11:50:59] : REQUEST MEAS. OFF
[11:50:59] : end pos sig1 :50.000000 - 50.000000
[11:50:59] : 측정요구 ON 2
[11:51:09] : 측정요구 2OFF
[11:51:09] : end pos sig2 :-50.000000 - -50.000000
[11:51:14] : 측정요구3 ON
[11:51:23] : 측정요구3 OFF
[11:51:23] : end pos sig3 :50.000000 - 50.000000
[11:51:23] : 측정요구4 ON
[11:51:32] : 측정요구4 OFF
[11:51:32] : end pos sig4 :-50.000000 - -50.000000
[11:51:32] : 11,20190104-115133,AL19010238393,,OK,MAX,1, ,AUTO,0.10,3.00,0.92,OK,0.10,3.00,0.85,OK,0.10,3.00,1.38,OK,0.10,3.00,1.83,OK,
[11:51:59] : Cycle start ON
[11:52:01] : Cycle start OFF
[11:52:08] : REQUEST MEAS. ON
[11:52:17] : REQUEST MEAS. OFF
[11:52:17] : end pos sig1 :50.000000 - 50.000000
[11:52:17] : 측정요구 ON 2
[11:52:27] : 측정요구 2OFF
[11:52:27] : end pos sig2 :-50.000000 - -50.000000
[11:52:32] : 측정요구3 ON
[11:52:41] : 측정요구3 OFF
[11:52:41] : end pos sig3 :50.000000 - 50.000000
[11:52:41] : 측정요구4 ON
[11:52:51] : 측정요구4 OFF
[11:52:51] : end pos sig4 :-50.000000 - -50.000000
[11:52:51] : 11,20190104-115252,AL19010238373,,OK,MAX,1, ,AUTO,0.10,3.00,1.00,OK,0.10,3.00,0.86,OK,0.10,3.00,1.27,OK,0.10,3.00,1.91,OK,
[11:53:16] : Cycle start ON
[11:53:18] : Cycle start OFF
[11:53:25] : REQUEST MEAS. ON
[11:53:34] : REQUEST MEAS. OFF
[11:53:34] : end pos sig1 :50.000000 - 50.000000
[11:53:34] : 측정요구 ON 2
[11:53:43] : 측정요구 2OFF
[11:53:43] : end pos sig2 :-50.000000 - -50.000000
[11:53:48] : 측정요구3 ON
[11:53:57] : 측정요구3 OFF
[11:53:57] : end pos sig3 :50.000000 - 50.000000
[11:53:57] : 측정요구4 ON
[11:54:07] : 측정요구4 OFF
[11:54:07] : end pos sig4 :-50.000000 - -50.000000
[11:54:07] : 11,20190104-115408,AL19010238353,,OK,MAX,1, ,AUTO,0.10,3.00,0.87,OK,0.10,3.00,0.68,OK,0.10,3.00,0.97,OK,0.10,3.00,1.10,OK,
[11:54:32] : Cycle start ON
[11:54:34] : Cycle start OFF
[11:54:41] : REQUEST MEAS. ON
[11:54:50] : REQUEST MEAS. OFF
[11:54:50] : end pos sig1 :50.000000 - 50.000000
[11:54:50] : 측정요구 ON 2
[11:54:59] : 측정요구 2OFF
[11:54:59] : end pos sig2 :-50.000000 - -50.000000
[11:55:05] : 측정요구3 ON
[11:55:14] : 측정요구3 OFF
[11:55:14] : end pos sig3 :50.000000 - 50.000000
[11:55:14] : 측정요구4 ON
[11:55:23] : 측정요구4 OFF
[11:55:23] : end pos sig4 :-50.000000 - -50.000000
[11:55:23] : 11,20190104-115524,AL19010238413,,OK,MAX,1, ,AUTO,0.10,3.00,0.98,OK,0.10,3.00,0.64,OK,0.10,3.00,0.94,OK,0.10,3.00,1.87,OK,
[11:55:48] : Cycle start ON
[11:55:50] : Cycle start OFF
[11:55:57] : REQUEST MEAS. ON
[11:56:06] : REQUEST MEAS. OFF
[11:56:06] : end pos sig1 :50.000000 - 50.000000
[11:56:06] : 측정요구 ON 2
[11:56:16] : 측정요구 2OFF
[11:56:16] : end pos sig2 :-50.000000 - -50.000000
[11:56:21] : 측정요구3 ON
[11:56:30] : 측정요구3 OFF
[11:56:30] : end pos sig3 :50.000000 - 50.000000
[11:56:30] : 측정요구4 ON
[11:56:39] : 측정요구4 OFF
[11:56:39] : end pos sig4 :-50.000000 - -50.000000
[11:56:39] : 11,20190104-115640,AL19010238433,,OK,MAX,1, ,AUTO,0.10,3.00,0.82,OK,0.10,3.00,0.86,OK,0.10,3.00,0.79,OK,0.10,3.00,2.27,OK,
[11:57:04] : Cycle start ON
[11:57:05] : Cycle start OFF
[11:57:12] : REQUEST MEAS. ON
[11:57:22] : REQUEST MEAS. OFF
[11:57:22] : end pos sig1 :50.000000 - 50.000000
[11:57:22] : 측정요구 ON 2
[11:57:31] : 측정요구 2OFF
[11:57:31] : end pos sig2 :-50.000000 - -50.000000
[11:57:37] : 측정요구3 ON
[11:57:46] : 측정요구3 OFF
[11:57:46] : end pos sig3 :50.000000 - 50.000000
[11:57:46] : 측정요구4 ON
[11:57:55] : 측정요구4 OFF
[11:57:55] : end pos sig4 :-50.000000 - -50.000000
[11:57:55] : 11,20190104-115756,AL19010236213,,OK,MAX,1, ,AUTO,0.10,3.00,1.30,OK,0.10,3.00,0.58,OK,0.10,3.00,0.75,OK,0.10,3.00,0.93,OK,
[11:58:15] : Cycle start ON
[11:58:16] : Cycle start OFF
[11:58:24] : REQUEST MEAS. ON
[11:58:34] : REQUEST MEAS. OFF
[11:58:34] : end pos sig1 :50.000000 - 50.000000
[11:58:34] : 측정요구 ON 2
[11:58:43] : 측정요구 2OFF
[11:58:43] : end pos sig2 :-50.000000 - -50.000000
[11:58:48] : 측정요구3 ON
[11:58:57] : 측정요구3 OFF
[11:58:57] : end pos sig3 :50.000000 - 50.000000
[11:58:57] : 측정요구4 ON
[11:59:07] : 측정요구4 OFF
[11:59:07] : end pos sig4 :-50.000000 - -50.000000
[11:59:07] : 11,20190104-115908,AL19010236133,,OK,MAX,1, ,AUTO,0.10,3.00,1.18,OK,0.10,3.00,0.55,OK,0.10,3.00,0.78,OK,0.10,3.00,1.35,OK,
[12:10:41] : AUTO RUNNING OFF
[12:45:05] : MEAS ESC ON
[12:45:09] : MEAS ESC OFF
[13:14:48] : MEAS ESC ON
[13:14:48] : MEAS ESC OFF
[13:14:48] : AUTO RUNNING ON
[13:15:11] : Cycle start ON
[13:15:13] : Cycle start OFF
[13:15:21] : REQUEST MEAS. ON
[13:15:30] : REQUEST MEAS. OFF
[13:15:30] : end pos sig1 :50.000000 - 50.000000
[13:15:30] : 측정요구 ON 2
[13:15:39] : 측정요구 2OFF
[13:15:39] : end pos sig2 :-50.000000 - -50.000000
[13:15:45] : 측정요구3 ON
[13:15:54] : 측정요구3 OFF
[13:15:54] : end pos sig3 :50.000000 - 50.000000
[13:15:54] : 측정요구4 ON
[13:16:03] : 측정요구4 OFF
[13:16:03] : end pos sig4 :-50.000000 - -50.000000
[13:16:03] : 11,20190104-131604,AL19010236123,,OK,MAX,1, ,AUTO,0.10,3.00,1.18,OK,0.10,3.00,0.48,OK,0.10,3.00,0.68,OK,0.10,3.00,1.68,OK,
[13:25:28] : Cycle start ON
[13:25:30] : Cycle start OFF
[13:25:38] : REQUEST MEAS. ON
[13:25:47] : REQUEST MEAS. OFF
[13:25:47] : end pos sig1 :50.000000 - 50.000000
[13:25:47] : 측정요구 ON 2
[13:25:56] : 측정요구 2OFF
[13:25:56] : end pos sig2 :-50.000000 - -50.000000
[13:26:02] : 측정요구3 ON
[13:26:11] : 측정요구3 OFF
[13:26:11] : end pos sig3 :50.000000 - 50.000000
[13:26:11] : 측정요구4 ON
[13:26:20] : 측정요구4 OFF
[13:26:20] : end pos sig4 :-50.000000 - -50.000000
[13:26:20] : 11,20190104-132621,AL19010236113,,OK,MAX,1, ,AUTO,0.10,3.00,0.97,OK,0.10,3.00,0.75,OK,0.10,3.00,0.71,OK,0.10,3.00,1.66,OK,
[13:27:34] : Cycle start ON
[13:27:36] : Cycle start OFF
[13:27:44] : REQUEST MEAS. ON
[13:27:53] : REQUEST MEAS. OFF
[13:27:53] : end pos sig1 :50.000000 - 50.000000
[13:27:53] : 측정요구 ON 2
[13:28:02] : 측정요구 2OFF
[13:28:02] : end pos sig2 :-50.000000 - -50.000000
[13:28:08] : 측정요구3 ON
[13:28:17] : 측정요구3 OFF
[13:28:17] : end pos sig3 :50.000000 - 50.000000
[13:28:17] : 측정요구4 ON
[13:28:26] : 측정요구4 OFF
[13:28:26] : end pos sig4 :-50.000000 - -50.000000
[13:28:26] : 11,20190104-132827,AL19010236173,,OK,MAX,1, ,AUTO,0.10,3.00,0.84,OK,0.10,3.00,0.48,OK,0.10,3.00,0.74,OK,0.10,3.00,1.96,OK,
[13:31:28] : Cycle start ON
[13:31:30] : Cycle start OFF
[13:31:37] : REQUEST MEAS. ON
[13:31:46] : REQUEST MEAS. OFF
[13:31:46] : end pos sig1 :50.000000 - 50.000000
[13:31:46] : 측정요구 ON 2
[13:31:56] : 측정요구 2OFF
[13:31:56] : end pos sig2 :-50.000000 - -50.000000
[13:32:01] : 측정요구3 ON
[13:32:10] : 측정요구3 OFF
[13:32:10] : end pos sig3 :50.000000 - 50.000000
[13:32:10] : 측정요구4 ON
[13:32:20] : 측정요구4 OFF
[13:32:20] : end pos sig4 :-50.000000 - -50.000000
[13:32:20] : 11,20190104-133221,AL19010236183,,OK,MAX,1, ,AUTO,0.10,3.00,0.97,OK,0.10,3.00,0.73,OK,0.10,3.00,0.98,OK,0.10,3.00,1.50,OK,
[13:36:29] : Cycle start ON
[13:36:31] : Cycle start OFF
[13:36:38] : REQUEST MEAS. ON
[13:36:47] : REQUEST MEAS. OFF
[13:36:47] : end pos sig1 :50.000000 - 50.000000
[13:36:47] : 측정요구 ON 2
[13:36:57] : 측정요구 2OFF
[13:36:57] : end pos sig2 :-50.000000 - -50.000000
[13:37:02] : 측정요구3 ON
[13:37:11] : 측정요구3 OFF
[13:37:11] : end pos sig3 :50.000000 - 50.000000
[13:37:11] : 측정요구4 ON
[13:37:21] : 측정요구4 OFF
[13:37:21] : end pos sig4 :-50.000000 - -50.000000
[13:37:21] : 11,20190104-133721,AL19010236193,,OK,MAX,1, ,AUTO,0.10,3.00,1.28,OK,0.10,3.00,0.74,OK,0.10,3.00,0.75,OK,0.10,3.00,1.43,OK,
[13:43:09] : AUTO RUNNING OFF
[13:43:21] : MEAS ESC ON
[13:43:21] : MEAS ESC OFF
[13:43:21] : AUTO RUNNING ON
[13:43:44] : AUTO RUNNING OFF
[13:44:04] : MEAS ESC ON
[13:44:36] : MEAS ESC OFF
[13:44:36] : AUTO RUNNING ON
[13:44:55] : Cycle start ON
[13:44:57] : Cycle start OFF
[13:45:04] : REQUEST MEAS. ON
[13:45:13] : REQUEST MEAS. OFF
[13:45:13] : end pos sig1 :50.000000 - 50.000000
[13:45:13] : 측정요구 ON 2
[13:45:23] : 측정요구 2OFF
[13:45:23] : end pos sig2 :-50.000000 - -50.000000
[13:45:28] : 측정요구3 ON
[13:45:37] : 측정요구3 OFF
[13:45:37] : end pos sig3 :50.000000 - 50.000000
[13:45:37] : 측정요구4 ON
[13:45:47] : 측정요구4 OFF
[13:45:47] : end pos sig4 :-50.000000 - -50.000000
[13:45:47] : 11,20190104-134547,AL19010236483,,OK,MAX,1, ,AUTO,0.10,3.00,0.93,OK,0.10,3.00,0.71,OK,0.10,3.00,0.75,OK,0.10,3.00,1.19,OK,
[13:46:05] : Cycle start ON
[13:46:08] : Cycle start OFF
[13:46:14] : REQUEST MEAS. ON
[13:46:23] : REQUEST MEAS. OFF
[13:46:23] : end pos sig1 :50.000000 - 50.000000
[13:46:24] : 측정요구 ON 2
[13:46:33] : 측정요구 2OFF
[13:46:33] : end pos sig2 :-50.000000 - -50.000000
[13:46:39] : 측정요구3 ON
[13:46:48] : 측정요구3 OFF
[13:46:48] : end pos sig3 :50.000000 - 50.000000
[13:46:48] : 측정요구4 ON
[13:46:57] : 측정요구4 OFF
[13:46:57] : end pos sig4 :-50.000000 - -50.000000
[13:46:57] : 11,20190104-134658,AL19010236463,,OK,MAX,1, ,AUTO,0.10,3.00,1.43,OK,0.10,3.00,0.92,OK,0.10,3.00,0.70,OK,0.10,3.00,2.19,OK,
[13:47:18] : Cycle start ON
[13:47:20] : Cycle start OFF
[13:47:27] : REQUEST MEAS. ON
[13:47:36] : REQUEST MEAS. OFF
[13:47:36] : end pos sig1 :50.000000 - 50.000000
[13:47:36] : 측정요구 ON 2
[13:47:45] : 측정요구 2OFF
[13:47:45] : end pos sig2 :-50.000000 - -50.000000
[13:47:51] : 측정요구3 ON
[13:48:00] : 측정요구3 OFF
[13:48:00] : end pos sig3 :50.000000 - 50.000000
[13:48:00] : 측정요구4 ON
[13:48:10] : 측정요구4 OFF
[13:48:10] : end pos sig4 :-50.000000 - -50.000000
[13:48:10] : 11,20190104-134810,AL19010236443,,OK,MAX,1, ,AUTO,0.10,3.00,1.04,OK,0.10,3.00,0.78,OK,0.10,3.00,0.69,OK,0.10,3.00,1.22,OK,
[13:48:30] : Cycle start ON
[13:48:32] : Cycle start OFF
[13:48:39] : REQUEST MEAS. ON
[13:48:48] : REQUEST MEAS. OFF
[13:48:48] : end pos sig1 :50.000000 - 50.000000
[13:48:48] : 측정요구 ON 2
[13:48:58] : 측정요구 2OFF
[13:48:58] : end pos sig2 :-50.000000 - -50.000000
[13:49:03] : 측정요구3 ON
[13:49:12] : 측정요구3 OFF
[13:49:12] : end pos sig3 :50.000000 - 50.000000
[13:49:12] : 측정요구4 ON
[13:49:22] : 측정요구4 OFF
[13:49:22] : end pos sig4 :-50.000000 - -50.000000
[13:49:22] : 11,20190104-134922,AL19010236523,,OK,MAX,1, ,AUTO,0.10,3.00,1.46,OK,0.10,3.00,0.70,OK,0.10,3.00,0.95,OK,0.10,3.00,1.74,OK,
[13:49:53] : Cycle start ON
[13:49:55] : Cycle start OFF
[13:50:02] : REQUEST MEAS. ON
[13:50:11] : REQUEST MEAS. OFF
[13:50:11] : end pos sig1 :50.000000 - 50.000000
[13:50:11] : 측정요구 ON 2
[13:50:21] : 측정요구 2OFF
[13:50:21] : end pos sig2 :-50.000000 - -50.000000
[13:50:27] : 측정요구3 ON
[13:50:36] : 측정요구3 OFF
[13:50:36] : end pos sig3 :50.000000 - 50.000000
[13:50:36] : 측정요구4 ON
[13:50:45] : 측정요구4 OFF
[13:50:45] : end pos sig4 :-50.000000 - -50.000000
[13:50:45] : 11,20190104-135046,AL19010236503,,NG,MAX,1, ,AUTO,0.10,3.00,1.06,OK,0.10,3.00,0.69,OK,0.10,3.00,3.40,NG,0.10,3.00,1.03,OK,
[13:51:10] : Cycle start ON
[13:51:12] : Cycle start OFF
[13:51:19] : REQUEST MEAS. ON
[13:51:28] : REQUEST MEAS. OFF
[13:51:28] : end pos sig1 :50.000000 - 50.000000
[13:51:28] : 측정요구 ON 2
[13:51:37] : 측정요구 2OFF
[13:51:37] : end pos sig2 :-50.000000 - -50.000000
[13:51:43] : 측정요구3 ON
[13:51:52] : 측정요구3 OFF
[13:51:52] : end pos sig3 :50.000000 - 50.000000
[13:51:52] : 측정요구4 ON
[13:52:02] : 측정요구4 OFF
[13:52:02] : end pos sig4 :-50.000000 - -50.000000
[13:52:02] : 11,20190104-135202,AL19010239213,,OK,MAX,1, ,AUTO,0.10,3.00,1.25,OK,0.10,3.00,0.68,OK,0.10,3.00,0.72,OK,0.10,3.00,1.58,OK,
[13:52:23] : Cycle start ON
[13:52:25] : Cycle start OFF
[13:52:32] : REQUEST MEAS. ON
[13:52:42] : REQUEST MEAS. OFF
[13:52:42] : end pos sig1 :50.000000 - 50.000000
[13:52:42] : 측정요구 ON 2
[13:52:51] : 측정요구 2OFF
[13:52:51] : end pos sig2 :-50.000000 - -50.000000
[13:52:57] : 측정요구3 ON
[13:53:06] : 측정요구3 OFF
[13:53:06] : end pos sig3 :50.000000 - 50.000000
[13:53:06] : 측정요구4 ON
[13:53:15] : 측정요구4 OFF
[13:53:15] : end pos sig4 :-50.000000 - -50.000000
[13:53:15] : 11,20190104-135316,AL19010239183,,OK,MAX,1, ,AUTO,0.10,3.00,1.08,OK,0.10,3.00,0.65,OK,0.10,3.00,0.71,OK,0.10,3.00,0.98,OK,
[13:53:40] : Cycle start ON
[13:53:42] : Cycle start OFF
[13:53:49] : REQUEST MEAS. ON
[13:53:58] : REQUEST MEAS. OFF
[13:53:58] : end pos sig1 :50.000000 - 50.000000
[13:53:58] : 측정요구 ON 2
[13:54:08] : 측정요구 2OFF
[13:54:08] : end pos sig2 :-50.000000 - -50.000000
[13:54:13] : 측정요구3 ON
[13:54:22] : 측정요구3 OFF
[13:54:22] : end pos sig3 :50.000000 - 50.000000
[13:54:22] : 측정요구4 ON
[13:54:32] : 측정요구4 OFF
[13:54:32] : end pos sig4 :-50.000000 - -50.000000
[13:54:32] : 11,20190104-135432,AL19010239163,,OK,MAX,1, ,AUTO,0.10,3.00,1.23,OK,0.10,3.00,0.65,OK,0.10,3.00,1.05,OK,0.10,3.00,0.87,OK,
[13:54:56] : Cycle start ON
[13:54:58] : Cycle start OFF
[13:55:05] : REQUEST MEAS. ON
[13:55:14] : REQUEST MEAS. OFF
[13:55:14] : end pos sig1 :50.000000 - 50.000000
[13:55:14] : 측정요구 ON 2
[13:55:24] : 측정요구 2OFF
[13:55:24] : end pos sig2 :-50.000000 - -50.000000
[13:55:29] : 측정요구3 ON
[13:55:38] : 측정요구3 OFF
[13:55:38] : end pos sig3 :50.000000 - 50.000000
[13:55:38] : 측정요구4 ON
[13:55:48] : 측정요구4 OFF
[13:55:48] : end pos sig4 :-50.000000 - -50.000000
[13:55:48] : 11,20190104-135549,AL19010239233,,OK,MAX,1, ,AUTO,0.10,3.00,1.57,OK,0.10,3.00,0.69,OK,0.10,3.00,0.64,OK,0.10,3.00,0.85,OK,
[13:56:13] : Cycle start ON
[13:56:15] : Cycle start OFF
[13:56:22] : REQUEST MEAS. ON
[13:56:31] : REQUEST MEAS. OFF
[13:56:31] : end pos sig1 :50.000000 - 50.000000
[13:56:31] : 측정요구 ON 2
[13:56:40] : 측정요구 2OFF
[13:56:40] : end pos sig2 :-50.000000 - -50.000000
[13:56:45] : 측정요구3 ON
[13:56:54] : 측정요구3 OFF
[13:56:54] : end pos sig3 :50.000000 - 50.000000
[13:56:54] : 측정요구4 ON
[13:57:04] : 측정요구4 OFF
[13:57:04] : end pos sig4 :-50.000000 - -50.000000
[13:57:04] : 11,20190104-135705,AL19010239253,,OK,MAX,1, ,AUTO,0.10,3.00,0.88,OK,0.10,3.00,0.52,OK,0.10,3.00,0.80,OK,0.10,3.00,0.92,OK,
[13:58:06] : Cycle start ON
[13:58:08] : Cycle start OFF
[13:58:14] : REQUEST MEAS. ON
[13:58:23] : REQUEST MEAS. OFF
[13:58:23] : end pos sig1 :50.000000 - 50.000000
[13:58:24] : 측정요구 ON 2
[13:58:33] : 측정요구 2OFF
[13:58:33] : end pos sig2 :-50.000000 - -50.000000
[13:58:38] : 측정요구3 ON
[13:58:47] : 측정요구3 OFF
[13:58:47] : end pos sig3 :50.000000 - 50.000000
[13:58:47] : 측정요구4 ON
[13:58:57] : 측정요구4 OFF
[13:58:57] : end pos sig4 :-50.000000 - -50.000000
[13:58:57] : 11,20190104-135857,AL19010236053,,OK,MAX,1, ,AUTO,0.10,3.00,0.87,OK,0.10,3.00,1.57,OK,0.10,3.00,0.90,OK,0.10,3.00,1.20,OK,
[13:59:17] : Cycle start ON
[13:59:19] : Cycle start OFF
[13:59:26] : REQUEST MEAS. ON
[13:59:35] : REQUEST MEAS. OFF
[13:59:35] : end pos sig1 :50.000000 - 50.000000
[13:59:35] : 측정요구 ON 2
[13:59:45] : 측정요구 2OFF
[13:59:45] : end pos sig2 :-50.000000 - -50.000000
[13:59:51] : 측정요구3 ON
[14:00:00] : 측정요구3 OFF
[14:00:00] : end pos sig3 :50.000000 - 50.000000
[14:00:00] : 측정요구4 ON
[14:00:09] : 측정요구4 OFF
[14:00:09] : end pos sig4 :-50.000000 - -50.000000
[14:00:09] : 11,20190104-140010,AL19010236033,,OK,MAX,1, ,AUTO,0.10,3.00,1.05,OK,0.10,3.00,0.77,OK,0.10,3.00,0.82,OK,0.10,3.00,1.70,OK,
[14:00:30] : Cycle start ON
[14:00:32] : Cycle start OFF
[14:00:39] : REQUEST MEAS. ON
[14:00:48] : REQUEST MEAS. OFF
[14:00:48] : end pos sig1 :50.000000 - 50.000000
[14:00:48] : 측정요구 ON 2
[14:00:58] : 측정요구 2OFF
[14:00:58] : end pos sig2 :-50.000000 - -50.000000
[14:01:03] : 측정요구3 ON
[14:01:12] : 측정요구3 OFF
[14:01:12] : end pos sig3 :50.000000 - 50.000000
[14:01:12] : 측정요구4 ON
[14:01:21] : 측정요구4 OFF
[14:01:21] : end pos sig4 :-50.000000 - -50.000000
[14:01:21] : 11,20190104-140122,AL19010236073,,OK,MAX,1, ,AUTO,0.10,3.00,1.12,OK,0.10,3.00,0.71,OK,0.10,3.00,0.73,OK,0.10,3.00,1.05,OK,
[14:01:42] : Cycle start ON
[14:01:44] : Cycle start OFF
[14:01:51] : REQUEST MEAS. ON
[14:02:00] : REQUEST MEAS. OFF
[14:02:00] : end pos sig1 :50.000000 - 50.000000
[14:02:00] : 측정요구 ON 2
[14:02:10] : 측정요구 2OFF
[14:02:10] : end pos sig2 :-50.000000 - -50.000000
[14:02:16] : 측정요구3 ON
[14:02:25] : 측정요구3 OFF
[14:02:25] : end pos sig3 :50.000000 - 50.000000
[14:02:25] : 측정요구4 ON
[14:02:34] : 측정요구4 OFF
[14:02:34] : end pos sig4 :-50.000000 - -50.000000
[14:02:34] : 11,20190104-140235,AL19010236093,,OK,MAX,1, ,AUTO,0.10,3.00,0.92,OK,0.10,3.00,0.94,OK,0.10,3.00,0.67,OK,0.10,3.00,0.97,OK,
[14:02:55] : Cycle start ON
[14:02:57] : Cycle start OFF
[14:03:04] : REQUEST MEAS. ON
[14:03:13] : REQUEST MEAS. OFF
[14:03:13] : end pos sig1 :50.000000 - 50.000000
[14:03:13] : 측정요구 ON 2
[14:03:23] : 측정요구 2OFF
[14:03:23] : end pos sig2 :-50.000000 - -50.000000
[14:03:28] : 측정요구3 ON
[14:03:37] : 측정요구3 OFF
[14:03:37] : end pos sig3 :50.000000 - 50.000000
[14:03:37] : 측정요구4 ON
[14:03:47] : 측정요구4 OFF
[14:03:47] : end pos sig4 :-50.000000 - -50.000000
[14:03:47] : 11,20190104-140347,AL19010236143,,OK,MAX,1, ,AUTO,0.10,3.00,1.00,OK,0.10,3.00,0.70,OK,0.10,3.00,0.82,OK,0.10,3.00,1.39,OK,
[14:04:07] : Cycle start ON
[14:04:09] : Cycle start OFF
[14:04:16] : REQUEST MEAS. ON
[14:04:25] : REQUEST MEAS. OFF
[14:04:25] : end pos sig1 :50.000000 - 50.000000
[14:04:25] : 측정요구 ON 2
[14:04:35] : 측정요구 2OFF
[14:04:35] : end pos sig2 :-50.000000 - -50.000000
[14:04:40] : 측정요구3 ON
[14:04:49] : 측정요구3 OFF
[14:04:49] : end pos sig3 :50.000000 - 50.000000
[14:04:49] : 측정요구4 ON
[14:04:59] : 측정요구4 OFF
[14:04:59] : end pos sig4 :-50.000000 - -50.000000
[14:04:59] : 11,20190104-140500,AL19010239003,,OK,MAX,1, ,AUTO,0.10,3.00,0.88,OK,0.10,3.00,0.90,OK,0.10,3.00,0.81,OK,0.10,3.00,1.30,OK,
[14:05:25] : Cycle start ON
[14:05:27] : Cycle start OFF
[14:05:34] : REQUEST MEAS. ON
[14:05:43] : REQUEST MEAS. OFF
[14:05:43] : end pos sig1 :50.000000 - 50.000000
[14:05:44] : 측정요구 ON 2
[14:05:53] : 측정요구 2OFF
[14:05:53] : end pos sig2 :-50.000000 - -50.000000
[14:05:58] : 측정요구3 ON
[14:06:07] : 측정요구3 OFF
[14:06:07] : end pos sig3 :50.000000 - 50.000000
[14:06:07] : 측정요구4 ON
[14:06:17] : 측정요구4 OFF
[14:06:17] : end pos sig4 :-50.000000 - -50.000000
[14:06:17] : 11,20190104-140617,AL19010238973,,OK,MAX,1, ,AUTO,0.10,3.00,0.92,OK,0.10,3.00,0.68,OK,0.10,3.00,0.68,OK,0.10,3.00,1.36,OK,
[14:06:36] : Cycle start ON
[14:06:38] : Cycle start OFF
[14:06:45] : REQUEST MEAS. ON
[14:06:54] : REQUEST MEAS. OFF
[14:06:54] : end pos sig1 :50.000000 - 50.000000
[14:06:54] : 측정요구 ON 2
[14:07:04] : 측정요구 2OFF
[14:07:04] : end pos sig2 :-50.000000 - -50.000000
[14:07:10] : 측정요구3 ON
[14:07:19] : 측정요구3 OFF
[14:07:19] : end pos sig3 :50.000000 - 50.000000
[14:07:19] : 측정요구4 ON
[14:07:28] : 측정요구4 OFF
[14:07:28] : end pos sig4 :-50.000000 - -50.000000
[14:07:28] : 11,20190104-140729,AL19010238953,,OK,MAX,1, ,AUTO,0.10,3.00,0.91,OK,0.10,3.00,1.50,OK,0.10,3.00,0.65,OK,0.10,3.00,0.82,OK,
[14:07:53] : Cycle start ON
[14:07:55] : Cycle start OFF
[14:08:01] : REQUEST MEAS. ON
[14:08:11] : REQUEST MEAS. OFF
[14:08:11] : end pos sig1 :50.000000 - 50.000000
[14:08:11] : 측정요구 ON 2
[14:08:20] : 측정요구 2OFF
[14:08:20] : end pos sig2 :-50.000000 - -50.000000
[14:08:26] : 측정요구3 ON
[14:08:35] : 측정요구3 OFF
[14:08:35] : end pos sig3 :50.000000 - 50.000000
[14:08:35] : 측정요구4 ON
[14:08:45] : 측정요구4 OFF
[14:08:45] : end pos sig4 :-50.000000 - -50.000000
[14:08:45] : 11,20190104-140845,AL19010239013,,OK,MAX,1, ,AUTO,0.10,3.00,0.83,OK,0.10,3.00,0.61,OK,0.10,3.00,0.68,OK,0.10,3.00,1.58,OK,
[14:09:09] : Cycle start ON
[14:09:10] : Cycle start OFF
[14:09:18] : REQUEST MEAS. ON
[14:09:27] : REQUEST MEAS. OFF
[14:09:27] : end pos sig1 :50.000000 - 50.000000
[14:09:27] : 측정요구 ON 2
[14:09:36] : 측정요구 2OFF
[14:09:36] : end pos sig2 :-50.000000 - -50.000000
[14:09:42] : 측정요구3 ON
[14:09:51] : 측정요구3 OFF
[14:09:51] : end pos sig3 :50.000000 - 50.000000
[14:09:51] : 측정요구4 ON
[14:10:00] : 측정요구4 OFF
[14:10:00] : end pos sig4 :-50.000000 - -50.000000
[14:10:00] : 11,20190104-141001,AL19010239043,,OK,MAX,1, ,AUTO,0.10,3.00,1.09,OK,0.10,3.00,1.16,OK,0.10,3.00,0.80,OK,0.10,3.00,1.90,OK,
[14:10:24] : Cycle start ON
[14:10:26] : Cycle start OFF
[14:10:33] : REQUEST MEAS. ON
[14:10:42] : REQUEST MEAS. OFF
[14:10:42] : end pos sig1 :50.000000 - 50.000000
[14:10:42] : 측정요구 ON 2
[14:10:52] : 측정요구 2OFF
[14:10:52] : end pos sig2 :-50.000000 - -50.000000
[14:10:58] : 측정요구3 ON
[14:11:07] : 측정요구3 OFF
[14:11:07] : end pos sig3 :50.000000 - 50.000000
[14:11:07] : 측정요구4 ON
[14:11:16] : 측정요구4 OFF
[14:11:16] : end pos sig4 :-50.000000 - -50.000000
[14:11:16] : 11,20190104-141117,AL19010238193,,OK,MAX,1, ,AUTO,0.10,3.00,0.83,OK,0.10,3.00,0.62,OK,0.10,3.00,0.74,OK,0.10,3.00,2.01,OK,
[14:11:54] : AUTO RUNNING OFF
[14:13:16] : MEAS ESC ON
[14:13:23] : MEAS ESC OFF
[14:13:23] : AUTO RUNNING ON
[14:13:40] : Cycle start ON
[14:13:42] : Cycle start OFF
[14:13:50] : REQUEST MEAS. ON
[14:13:59] : REQUEST MEAS. OFF
[14:13:59] : end pos sig1 :50.000000 - 50.000000
[14:13:59] : 측정요구 ON 2
[14:14:08] : 측정요구 2OFF
[14:14:08] : end pos sig2 :-50.000000 - -50.000000
[14:14:14] : 측정요구3 ON
[14:14:23] : 측정요구3 OFF
[14:14:23] : end pos sig3 :50.000000 - 50.000000
[14:14:23] : 측정요구4 ON
[14:14:32] : 측정요구4 OFF
[14:14:32] : end pos sig4 :-50.000000 - -50.000000
[14:14:32] : 11,20190104-141433,AL19010238173,,OK,MAX,1, ,AUTO,0.10,3.00,0.99,OK,0.10,3.00,0.83,OK,0.10,3.00,0.86,OK,0.10,3.00,1.75,OK,
[14:14:52] : Cycle start ON
[14:14:54] : Cycle start OFF
[14:15:01] : REQUEST MEAS. ON
[14:15:10] : REQUEST MEAS. OFF
[14:15:10] : end pos sig1 :50.000000 - 50.000000
[14:15:10] : 측정요구 ON 2
[14:15:19] : 측정요구 2OFF
[14:15:19] : end pos sig2 :-50.000000 - -50.000000
[14:15:25] : 측정요구3 ON
[14:15:34] : 측정요구3 OFF
[14:15:34] : end pos sig3 :50.000000 - 50.000000
[14:15:34] : 측정요구4 ON
[14:15:43] : 측정요구4 OFF
[14:15:43] : end pos sig4 :-50.000000 - -50.000000
[14:15:43] : 11,20190104-141544,AL19010238153,,OK,MAX,1, ,AUTO,0.10,3.00,0.82,OK,0.10,3.00,0.97,OK,0.10,3.00,1.15,OK,0.10,3.00,1.52,OK,
[14:16:06] : Cycle start ON
[14:16:08] : Cycle start OFF
[14:16:15] : REQUEST MEAS. ON
[14:16:24] : REQUEST MEAS. OFF
[14:16:24] : end pos sig1 :50.000000 - 50.000000
[14:16:24] : 측정요구 ON 2
[14:16:33] : 측정요구 2OFF
[14:16:33] : end pos sig2 :-50.000000 - -50.000000
[14:16:39] : 측정요구3 ON
[14:16:48] : 측정요구3 OFF
[14:16:48] : end pos sig3 :50.000000 - 50.000000
[14:16:48] : 측정요구4 ON
[14:16:57] : 측정요구4 OFF
[14:16:57] : end pos sig4 :-50.000000 - -50.000000
[14:16:57] : 11,20190104-141658,AL19010238203,,OK,MAX,1, ,AUTO,0.10,3.00,0.86,OK,0.10,3.00,0.70,OK,0.10,3.00,0.60,OK,0.10,3.00,2.43,OK,
[14:17:17] : Cycle start ON
[14:17:19] : Cycle start OFF
[14:17:27] : REQUEST MEAS. ON
[14:17:36] : REQUEST MEAS. OFF
[14:17:36] : end pos sig1 :50.000000 - 50.000000
[14:17:36] : 측정요구 ON 2
[14:17:46] : 측정요구 2OFF
[14:17:46] : end pos sig2 :-49.830000 - -49.840000
[14:17:51] : 측정요구3 ON
[14:18:00] : 측정요구3 OFF
[14:18:00] : end pos sig3 :50.000000 - 50.000000
[14:18:00] : 측정요구4 ON
[14:18:10] : 측정요구4 OFF
[14:18:10] : end pos sig4 :-50.000000 - -50.000000
[14:18:10] : 11,20190104-141810,AL19010238223,,OK,MAX,1, ,AUTO,0.10,3.00,1.05,OK,0.10,3.00,1.22,OK,0.10,3.00,0.67,OK,0.10,3.00,2.05,OK,
[14:18:30] : Cycle start ON
[14:18:32] : Cycle start OFF
[14:18:39] : REQUEST MEAS. ON
[14:18:48] : REQUEST MEAS. OFF
[14:18:48] : end pos sig1 :50.000000 - 50.000000
[14:18:48] : 측정요구 ON 2
[14:18:57] : 측정요구 2OFF
[14:18:57] : end pos sig2 :-50.000000 - -50.000000
[14:19:03] : 측정요구3 ON
[14:19:12] : 측정요구3 OFF
[14:19:12] : end pos sig3 :50.000000 - 50.000000
[14:19:12] : 측정요구4 ON
[14:19:21] : 측정요구4 OFF
[14:19:21] : end pos sig4 :-50.000000 - -50.000000
[14:19:21] : 11,20190104-141922,AL19010239103,,NG,MAX,1, ,AUTO,0.10,3.00,0.76,OK,0.10,3.00,0.86,OK,0.10,3.00,3.52,NG,0.10,3.00,1.09,OK,
[14:19:58] : AUTO RUNNING OFF
[14:32:27] : MEAS ESC ON
[14:32:27] : MEAS ESC OFF
[14:32:27] : AUTO RUNNING ON
[14:32:27] : Cycle start ON
[14:33:11] : Cycle start OFF
[14:33:18] : REQUEST MEAS. ON
[14:33:27] : REQUEST MEAS. OFF
[14:33:27] : end pos sig1 :50.000000 - 50.000000
[14:33:27] : 측정요구 ON 2
[14:33:37] : 측정요구 2OFF
[14:33:37] : end pos sig2 :-50.000000 - -50.000000
[14:33:42] : 측정요구3 ON
[14:33:51] : 측정요구3 OFF
[14:33:51] : end pos sig3 :50.000000 - 50.000000
[14:33:51] : 측정요구4 ON
[14:34:01] : 측정요구4 OFF
[14:34:01] : end pos sig4 :-50.000000 - -50.000000
[14:34:01] : 11,20190104-143401,AL19010239103,,OK,MAX,1, ,AUTO,0.10,3.00,1.03,OK,0.10,3.00,1.26,OK,0.10,3.00,0.62,OK,0.10,3.00,1.27,OK,
[14:34:19] : Cycle start ON
[14:34:21] : Cycle start OFF
[14:34:28] : REQUEST MEAS. ON
[14:34:37] : REQUEST MEAS. OFF
[14:34:37] : end pos sig1 :50.000000 - 50.000000
[14:34:37] : 측정요구 ON 2
[14:34:47] : 측정요구 2OFF
[14:34:47] : end pos sig2 :-50.000000 - -50.000000
[14:34:53] : 측정요구3 ON
[14:35:02] : 측정요구3 OFF
[14:35:02] : end pos sig3 :50.000000 - 50.000000
[14:35:02] : 측정요구4 ON
[14:35:08] : AUTO RUNNING OFF
[14:35:08] : 측정요구4 OFF
[14:35:08] : end pos sig4 :-21.650000 - -21.660000
[14:42:45] : MEAS ESC ON
[14:42:46] : MEAS ESC OFF
[14:42:46] : AUTO RUNNING ON
[14:42:46] : 측정요구4 ON
[14:42:46] : 측정요구4 OFF
[14:42:46] : end pos sig4 :-50.000000 - -50.000000
[14:42:46] : 11,20190104-144247,AL19010239073,,NG,MAX,1, ,AUTO,0.10,3.00,1.03,OK,0.10,3.00,0.65,OK,0.10,3.00,0.65,OK,0.10,3.00,0.77,NG,
[14:43:26] : Cycle start ON
[14:43:28] : Cycle start OFF
[14:43:35] : REQUEST MEAS. ON
[14:43:44] : REQUEST MEAS. OFF
[14:43:44] : end pos sig1 :50.000000 - 50.000000
[14:43:44] : 측정요구 ON 2
[14:43:54] : 측정요구 2OFF
[14:43:54] : end pos sig2 :-50.000000 - -50.000000
[14:43:59] : 측정요구3 ON
[14:44:08] : 측정요구3 OFF
[14:44:08] : end pos sig3 :50.000000 - 50.000000
[14:44:08] : 측정요구4 ON
[14:44:18] : 측정요구4 OFF
[14:44:18] : end pos sig4 :-50.000000 - -50.000000
[14:44:18] : 11,20190104-144418,AL19010239113,,OK,MAX,1, ,AUTO,0.10,3.00,0.96,OK,0.10,3.00,0.72,OK,0.10,3.00,0.53,OK,0.10,3.00,1.17,OK,
[14:44:37] : Cycle start ON
[14:44:39] : Cycle start OFF
[14:44:46] : REQUEST MEAS. ON
[14:44:55] : REQUEST MEAS. OFF
[14:44:55] : end pos sig1 :50.000000 - 50.000000
[14:44:55] : 측정요구 ON 2
[14:45:05] : 측정요구 2OFF
[14:45:05] : end pos sig2 :-50.000000 - -50.000000
[14:45:11] : 측정요구3 ON
[14:45:20] : 측정요구3 OFF
[14:45:20] : end pos sig3 :50.000000 - 50.000000
[14:45:20] : 측정요구4 ON
[14:45:29] : 측정요구4 OFF
[14:45:29] : end pos sig4 :-50.000000 - -50.000000
[14:45:29] : 11,20190104-144529,AL19010239123,,OK,MAX,1, ,AUTO,0.10,3.00,0.79,OK,0.10,3.00,1.08,OK,0.10,3.00,0.72,OK,0.10,3.00,1.04,OK,
[14:45:49] : Cycle start ON
[14:45:51] : Cycle start OFF
[14:45:59] : REQUEST MEAS. ON
[14:46:08] : REQUEST MEAS. OFF
[14:46:08] : end pos sig1 :50.000000 - 50.000000
[14:46:08] : 측정요구 ON 2
[14:46:17] : 측정요구 2OFF
[14:46:17] : end pos sig2 :-50.000000 - -50.000000
[14:46:22] : 측정요구3 ON
[14:46:31] : 측정요구3 OFF
[14:46:31] : end pos sig3 :50.000000 - 50.000000
[14:46:31] : 측정요구4 ON
[14:46:41] : 측정요구4 OFF
[14:46:41] : end pos sig4 :-50.000000 - -50.000000
[14:46:41] : 11,20190104-144641,AL19010239133,,OK,MAX,1, ,AUTO,0.10,3.00,0.89,OK,0.10,3.00,0.83,OK,0.10,3.00,0.63,OK,0.10,3.00,1.03,OK,
[14:47:01] : Cycle start ON
[14:47:03] : Cycle start OFF
[14:47:10] : REQUEST MEAS. ON
[14:47:19] : REQUEST MEAS. OFF
[14:47:19] : end pos sig1 :50.000000 - 50.000000
[14:47:19] : 측정요구 ON 2
[14:47:29] : 측정요구 2OFF
[14:47:29] : end pos sig2 :-50.000000 - -50.000000
[14:47:34] : 측정요구3 ON
[14:47:43] : 측정요구3 OFF
[14:47:43] : end pos sig3 :50.000000 - 50.000000
[14:47:43] : 측정요구4 ON
[14:47:53] : 측정요구4 OFF
[14:47:53] : end pos sig4 :-50.000000 - -50.000000
[14:47:53] : 11,20190104-144753,AL19010239143,,OK,MAX,1, ,AUTO,0.10,3.00,0.94,OK,0.10,3.00,0.75,OK,0.10,3.00,0.64,OK,0.10,3.00,0.79,OK,
[14:48:13] : Cycle start ON
[14:48:15] : Cycle start OFF
[14:48:22] : REQUEST MEAS. ON
[14:48:31] : REQUEST MEAS. OFF
[14:48:31] : end pos sig1 :50.000000 - 50.000000
[14:48:31] : 측정요구 ON 2
[14:48:41] : 측정요구 2OFF
[14:48:41] : end pos sig2 :-50.000000 - -50.000000
[14:48:47] : 측정요구3 ON
[14:48:56] : 측정요구3 OFF
[14:48:56] : end pos sig3 :50.000000 - 50.000000
[14:48:56] : 측정요구4 ON
[14:49:05] : 측정요구4 OFF
[14:49:05] : end pos sig4 :-50.000000 - -50.000000
[14:49:05] : 11,20190104-144906,AL19010239153,,OK,MAX,1, ,AUTO,0.10,3.00,0.99,OK,0.10,3.00,1.07,OK,0.10,3.00,0.68,OK,0.10,3.00,0.79,OK,
[14:49:26] : Cycle start ON
[14:49:28] : Cycle start OFF
[14:49:35] : REQUEST MEAS. ON
[14:49:44] : REQUEST MEAS. OFF
[14:49:44] : end pos sig1 :50.000000 - 50.000000
[14:49:44] : 측정요구 ON 2
[14:49:54] : 측정요구 2OFF
[14:49:54] : end pos sig2 :-50.000000 - -50.000000
[14:49:59] : 측정요구3 ON
[14:50:08] : 측정요구3 OFF
[14:50:08] : end pos sig3 :50.000000 - 50.000000
[14:50:08] : 측정요구4 ON
[14:50:18] : 측정요구4 OFF
[14:50:18] : end pos sig4 :-50.000000 - -50.000000
[14:50:18] : 11,20190104-145018,AL19010233883,,OK,MAX,1, ,AUTO,0.10,3.00,0.92,OK,0.10,3.00,0.73,OK,0.10,3.00,0.78,OK,0.10,3.00,1.86,OK,
[14:50:44] : AUTO RUNNING OFF
[14:51:43] : MEAS ESC ON
[14:51:45] : MEAS ESC OFF
[14:51:45] : AUTO RUNNING ON
[14:52:02] : Cycle start ON
[14:52:04] : Cycle start OFF
[14:52:12] : REQUEST MEAS. ON
[14:52:21] : REQUEST MEAS. OFF
[14:52:21] : end pos sig1 :50.000000 - 50.000000
[14:52:21] : 측정요구 ON 2
[14:52:30] : 측정요구 2OFF
[14:52:30] : end pos sig2 :-50.000000 - -50.000000
[14:52:36] : 측정요구3 ON
[14:52:45] : 측정요구3 OFF
[14:52:45] : end pos sig3 :50.000000 - 50.000000
[14:52:45] : 측정요구4 ON
[14:52:55] : 측정요구4 OFF
[14:52:55] : end pos sig4 :-50.000000 - -50.000000
[14:52:55] : 11,20190104-145255,AL19010233873,,OK,MAX,1, ,AUTO,0.10,3.00,0.83,OK,0.10,3.00,1.11,OK,0.10,3.00,0.88,OK,0.10,3.00,1.75,OK,
[14:53:14] : Cycle start ON
[14:53:16] : Cycle start OFF
[14:53:23] : REQUEST MEAS. ON
[14:53:32] : REQUEST MEAS. OFF
[14:53:32] : end pos sig1 :50.000000 - 50.000000
[14:53:32] : 측정요구 ON 2
[14:53:42] : 측정요구 2OFF
[14:53:42] : end pos sig2 :-50.000000 - -50.000000
[14:53:47] : 측정요구3 ON
[14:53:56] : 측정요구3 OFF
[14:53:56] : end pos sig3 :50.000000 - 50.000000
[14:53:56] : 측정요구4 ON
[14:54:06] : 측정요구4 OFF
[14:54:06] : end pos sig4 :-50.000000 - -50.000000
[14:54:06] : 11,20190104-145406,AL19010233853,,OK,MAX,1, ,AUTO,0.10,3.00,0.93,OK,0.10,3.00,0.68,OK,0.10,3.00,1.19,OK,0.10,3.00,1.48,OK,
[14:55:54] : Cycle start ON
[14:55:56] : Cycle start OFF
[14:57:18] : REQUEST MEAS. ON
[14:57:27] : REQUEST MEAS. OFF
[14:57:27] : end pos sig1 :50.000000 - 50.000000
[14:57:27] : 측정요구 ON 2
[14:57:37] : 측정요구 2OFF
[14:57:37] : end pos sig2 :-50.000000 - -50.000000
[14:57:43] : 측정요구3 ON
[14:57:52] : 측정요구3 OFF
[14:57:52] : end pos sig3 :50.000000 - 50.000000
[14:57:52] : 측정요구4 ON
[14:58:01] : 측정요구4 OFF
[14:58:01] : end pos sig4 :-50.000000 - -50.000000
[14:58:01] : 11,20190104-145802,AL19010233913,,OK,MAX,1, ,AUTO,0.10,3.00,0.85,OK,0.10,3.00,0.89,OK,0.10,3.00,0.73,OK,0.10,3.00,1.01,OK,
[14:58:22] : Cycle start ON
[14:58:24] : Cycle start OFF
[14:58:30] : REQUEST MEAS. ON
[14:58:39] : REQUEST MEAS. OFF
[14:58:39] : end pos sig1 :50.000000 - 50.000000
[14:58:40] : 측정요구 ON 2
[14:58:49] : 측정요구 2OFF
[14:58:49] : end pos sig2 :-50.000000 - -50.000000
[14:58:54] : 측정요구3 ON
[14:59:03] : 측정요구3 OFF
[14:59:03] : end pos sig3 :50.000000 - 50.000000
[14:59:03] : 측정요구4 ON
[14:59:13] : 측정요구4 OFF
[14:59:13] : end pos sig4 :-50.000000 - -50.000000
[14:59:13] : 11,20190104-145913,AL19010233933,,OK,MAX,1, ,AUTO,0.10,3.00,1.02,OK,0.10,3.00,0.69,OK,0.10,3.00,1.05,OK,0.10,3.00,1.06,OK,
[14:59:47] : AUTO RUNNING OFF
[15:00:45] : MEAS ESC ON
[15:00:45] : MEAS ESC OFF
[15:00:45] : AUTO RUNNING ON
[15:01:09] : Cycle start ON
[15:01:11] : Cycle start OFF
[15:01:18] : REQUEST MEAS. ON
[15:01:27] : REQUEST MEAS. OFF
[15:01:27] : end pos sig1 :50.000000 - 50.000000
[15:01:27] : 측정요구 ON 2
[15:01:37] : 측정요구 2OFF
[15:01:37] : end pos sig2 :-50.000000 - -50.000000
[15:01:42] : 측정요구3 ON
[15:01:51] : 측정요구3 OFF
[15:01:51] : end pos sig3 :50.000000 - 50.000000
[15:01:51] : 측정요구4 ON
[15:02:01] : 측정요구4 OFF
[15:02:01] : end pos sig4 :-50.000000 - -50.000000
[15:02:01] : 11,20190104-150201,AL19010233473,,OK,MAX,1, ,AUTO,0.10,3.00,0.92,OK,0.10,3.00,0.85,OK,0.10,3.00,0.65,OK,0.10,3.00,2.42,OK,
[15:02:20] : Cycle start ON
[15:02:23] : Cycle start OFF
[15:02:29] : REQUEST MEAS. ON
[15:02:38] : REQUEST MEAS. OFF
[15:02:38] : end pos sig1 :50.000000 - 50.000000
[15:02:38] : 측정요구 ON 2
[15:02:48] : 측정요구 2OFF
[15:02:48] : end pos sig2 :-50.000000 - -50.000000
[15:02:54] : 측정요구3 ON
[15:03:03] : 측정요구3 OFF
[15:03:03] : end pos sig3 :50.000000 - 50.000000
[15:03:03] : 측정요구4 ON
[15:03:12] : 측정요구4 OFF
[15:03:12] : end pos sig4 :-50.000000 - -50.000000
[15:03:12] : 11,20190104-150313,AL19010233453,,NG,MAX,1, ,AUTO,0.10,3.00,1.04,OK,0.10,3.00,1.03,OK,0.10,3.00,4.49,NG,0.10,3.00,1.51,OK,
[15:03:37] : Cycle start ON
[15:03:39] : Cycle start OFF
[15:03:46] : REQUEST MEAS. ON
[15:03:55] : REQUEST MEAS. OFF
[15:03:55] : end pos sig1 :50.000000 - 50.000000
[15:03:55] : 측정요구 ON 2
[15:04:05] : 측정요구 2OFF
[15:04:05] : end pos sig2 :-50.000000 - -50.000000
[15:04:10] : 측정요구3 ON
[15:04:19] : 측정요구3 OFF
[15:04:19] : end pos sig3 :50.000000 - 50.000000
[15:04:19] : 측정요구4 ON
[15:04:29] : 측정요구4 OFF
[15:04:29] : end pos sig4 :-50.000000 - -50.000000
[15:04:29] : 11,20190104-150429,AL19010233433,,OK,MAX,1, ,AUTO,0.10,3.00,0.89,OK,0.10,3.00,0.90,OK,0.10,3.00,0.67,OK,0.10,3.00,1.12,OK,
[15:04:51] : Cycle start ON
[15:04:52] : Cycle start OFF
[15:04:59] : REQUEST MEAS. ON
[15:05:09] : REQUEST MEAS. OFF
[15:05:09] : end pos sig1 :50.000000 - 50.000000
[15:05:09] : 측정요구 ON 2
[15:05:19] : 측정요구 2OFF
[15:05:19] : end pos sig2 :-50.000000 - -50.000000
[15:05:24] : 측정요구3 ON
[15:05:33] : 측정요구3 OFF
[15:05:33] : end pos sig3 :50.000000 - 50.000000
[15:05:33] : 측정요구4 ON
[15:05:43] : 측정요구4 OFF
[15:05:43] : end pos sig4 :-50.000000 - -50.000000
[15:05:43] : 11,20190104-150543,AL19010233493,,OK,MAX,1, ,AUTO,0.10,3.00,0.98,OK,0.10,3.00,1.77,OK,0.10,3.00,0.67,OK,0.10,3.00,2.04,OK,
[15:06:07] : Cycle start ON
[15:06:09] : Cycle start OFF
[15:06:16] : REQUEST MEAS. ON
[15:06:25] : REQUEST MEAS. OFF
[15:06:25] : end pos sig1 :50.000000 - 50.000000
[15:06:25] : 측정요구 ON 2
[15:06:35] : 측정요구 2OFF
[15:06:35] : end pos sig2 :-50.000000 - -50.000000
[15:06:40] : 측정요구3 ON
[15:06:49] : 측정요구3 OFF
[15:06:49] : end pos sig3 :50.000000 - 50.000000
[15:06:49] : 측정요구4 ON
[15:06:59] : 측정요구4 OFF
[15:06:59] : end pos sig4 :-50.000000 - -50.000000
[15:06:59] : 11,20190104-150659,AL19010233643,,OK,MAX,1, ,AUTO,0.10,3.00,0.87,OK,0.10,3.00,0.80,OK,0.10,3.00,0.85,OK,0.10,3.00,1.92,OK,
[15:07:18] : Cycle start ON
[15:07:21] : Cycle start OFF
[15:07:27] : REQUEST MEAS. ON
[15:07:37] : REQUEST MEAS. OFF
[15:07:37] : end pos sig1 :50.000000 - 50.000000
[15:07:37] : 측정요구 ON 2
[15:07:46] : 측정요구 2OFF
[15:07:46] : end pos sig2 :-50.000000 - -50.000000
[15:07:52] : 측정요구3 ON
[15:08:01] : 측정요구3 OFF
[15:08:01] : end pos sig3 :50.000000 - 50.000000
[15:08:01] : 측정요구4 ON
[15:08:10] : 측정요구4 OFF
[15:08:10] : end pos sig4 :-50.000000 - -50.000000
[15:08:10] : 11,20190104-150811,AL19010233173,,OK,MAX,1, ,AUTO,0.10,3.00,1.01,OK,0.10,3.00,0.72,OK,0.10,3.00,0.63,OK,0.10,3.00,1.56,OK,
[15:08:31] : Cycle start ON
[15:08:33] : Cycle start OFF
[15:08:40] : REQUEST MEAS. ON
[15:08:49] : REQUEST MEAS. OFF
[15:08:49] : end pos sig1 :50.000000 - 50.000000
[15:08:49] : 측정요구 ON 2
[15:08:59] : 측정요구 2OFF
[15:08:59] : end pos sig2 :-50.000000 - -50.000000
[15:09:04] : 측정요구3 ON
[15:09:13] : 측정요구3 OFF
[15:09:13] : end pos sig3 :50.000000 - 50.000000
[15:09:13] : 측정요구4 ON
[15:09:23] : 측정요구4 OFF
[15:09:23] : end pos sig4 :-50.000000 - -50.000000
[15:09:23] : 11,20190104-150923,AL19010233153,,OK,MAX,1, ,AUTO,0.10,3.00,0.92,OK,0.10,3.00,0.99,OK,0.10,3.00,0.76,OK,0.10,3.00,1.43,OK,
[15:09:43] : Cycle start ON
[15:09:45] : Cycle start OFF
[15:09:52] : REQUEST MEAS. ON
[15:10:01] : REQUEST MEAS. OFF
[15:10:01] : end pos sig1 :50.000000 - 50.000000
[15:10:01] : 측정요구 ON 2
[15:10:10] : 측정요구 2OFF
[15:10:10] : end pos sig2 :-50.000000 - -50.000000
[15:10:16] : 측정요구3 ON
[15:10:25] : 측정요구3 OFF
[15:10:25] : end pos sig3 :50.000000 - 50.000000
[15:10:25] : 측정요구4 ON
[15:10:34] : 측정요구4 OFF
[15:10:34] : end pos sig4 :-50.000000 - -50.000000
[15:10:34] : 11,20190104-151035,AL19010233093,,OK,MAX,1, ,AUTO,0.10,3.00,0.79,OK,0.10,3.00,0.71,OK,0.10,3.00,0.86,OK,0.10,3.00,2.00,OK,
[15:10:54] : Cycle start ON
[15:10:56] : Cycle start OFF
[15:11:04] : REQUEST MEAS. ON
[15:11:13] : REQUEST MEAS. OFF
[15:11:13] : end pos sig1 :50.000000 - 50.000000
[15:11:13] : 측정요구 ON 2
[15:11:22] : 측정요구 2OFF
[15:11:22] : end pos sig2 :-50.000000 - -50.000000
[15:11:28] : 측정요구3 ON
[15:11:37] : 측정요구3 OFF
[15:11:37] : end pos sig3 :50.000000 - 50.000000
[15:11:37] : 측정요구4 ON
[15:11:47] : 측정요구4 OFF
[15:11:47] : end pos sig4 :-50.000000 - -50.000000
[15:11:47] : 11,20190104-151147,AL19010233283,,OK,MAX,1, ,AUTO,0.10,3.00,1.14,OK,0.10,3.00,0.81,OK,0.10,3.00,0.66,OK,0.10,3.00,1.30,OK,
[15:12:06] : Cycle start ON
[15:12:08] : Cycle start OFF
[15:12:15] : REQUEST MEAS. ON
[15:12:24] : REQUEST MEAS. OFF
[15:12:24] : end pos sig1 :50.000000 - 50.000000
[15:12:24] : 측정요구 ON 2
[15:12:34] : 측정요구 2OFF
[15:12:34] : end pos sig2 :-50.000000 - -50.000000
[15:12:39] : 측정요구3 ON
[15:12:48] : 측정요구3 OFF
[15:12:48] : end pos sig3 :50.000000 - 50.000000
[15:12:48] : 측정요구4 ON
[15:12:58] : 측정요구4 OFF
[15:12:58] : end pos sig4 :-50.000000 - -50.000000
[15:12:58] : 11,20190104-151258,AL19010233303,,NG,MAX,1, ,AUTO,0.10,3.00,1.05,OK,0.10,3.00,0.61,OK,0.10,3.00,4.99,NG,0.10,3.00,2.30,OK,
[15:13:22] : Cycle start ON
[15:13:24] : Cycle start OFF
[15:13:31] : REQUEST MEAS. ON
[15:13:40] : REQUEST MEAS. OFF
[15:13:40] : end pos sig1 :50.000000 - 50.000000
[15:13:40] : 측정요구 ON 2
[15:13:50] : 측정요구 2OFF
[15:13:50] : end pos sig2 :-50.000000 - -50.000000
[15:13:55] : 측정요구3 ON
[15:14:04] : 측정요구3 OFF
[15:14:04] : end pos sig3 :50.000000 - 50.000000
[15:14:04] : 측정요구4 ON
[15:14:14] : 측정요구4 OFF
[15:14:14] : end pos sig4 :-50.000000 - -50.000000
[15:14:14] : 11,20190104-151415,AL19010238293,,OK,MAX,1, ,AUTO,0.10,3.00,1.11,OK,0.10,3.00,1.18,OK,0.10,3.00,0.85,OK,0.10,3.00,2.39,OK,
[15:14:37] : Cycle start ON
[15:14:38] : Cycle start OFF
[15:14:45] : REQUEST MEAS. ON
[15:14:54] : REQUEST MEAS. OFF
[15:14:54] : end pos sig1 :50.000000 - 50.000000
[15:14:54] : 측정요구 ON 2
[15:15:04] : 측정요구 2OFF
[15:15:04] : end pos sig2 :-50.000000 - -50.000000
[15:15:09] : 측정요구3 ON
[15:15:18] : 측정요구3 OFF
[15:15:18] : end pos sig3 :50.000000 - 50.000000
[15:15:18] : 측정요구4 ON
[15:15:28] : 측정요구4 OFF
[15:15:28] : end pos sig4 :-50.000000 - -50.000000
[15:15:28] : 11,20190104-151528,AL19010238273,,OK,MAX,1, ,AUTO,0.10,3.00,1.38,OK,0.10,3.00,0.66,OK,0.10,3.00,0.96,OK,0.10,3.00,1.69,OK,
[15:15:51] : Cycle start ON
[15:15:53] : Cycle start OFF
[15:16:00] : REQUEST MEAS. ON
[15:16:09] : REQUEST MEAS. OFF
[15:16:09] : end pos sig1 :50.000000 - 50.000000
[15:16:09] : 측정요구 ON 2
[15:16:19] : 측정요구 2OFF
[15:16:19] : end pos sig2 :-50.000000 - -50.000000
[15:16:25] : 측정요구3 ON
[15:16:34] : 측정요구3 OFF
[15:16:34] : end pos sig3 :50.000000 - 50.000000
[15:16:34] : 측정요구4 ON
[15:16:43] : 측정요구4 OFF
[15:16:43] : end pos sig4 :-50.000000 - -50.000000
[15:16:43] : 11,20190104-151644,AL19010238263,,OK,MAX,1, ,AUTO,0.10,3.00,0.92,OK,0.10,3.00,1.18,OK,0.10,3.00,0.95,OK,0.10,3.00,1.06,OK,
[15:17:09] : Cycle start ON
[15:17:11] : Cycle start OFF
[15:17:18] : REQUEST MEAS. ON
[15:17:27] : REQUEST MEAS. OFF
[15:17:27] : end pos sig1 :50.000000 - 50.000000
[15:17:27] : 측정요구 ON 2
[15:17:36] : 측정요구 2OFF
[15:17:36] : end pos sig2 :-50.000000 - -50.000000
[15:17:42] : 측정요구3 ON
[15:17:51] : 측정요구3 OFF
[15:17:51] : end pos sig3 :50.000000 - 50.000000
[15:17:51] : 측정요구4 ON
[15:18:00] : 측정요구4 OFF
[15:18:00] : end pos sig4 :-50.000000 - -50.000000
[15:18:00] : 11,20190104-151801,AL19010238313,,OK,MAX,1, ,AUTO,0.10,3.00,0.90,OK,0.10,3.00,0.96,OK,0.10,3.00,0.72,OK,0.10,3.00,2.10,OK,
[15:18:25] : Cycle start ON
[15:18:27] : Cycle start OFF
[15:18:34] : REQUEST MEAS. ON
[15:18:43] : REQUEST MEAS. OFF
[15:18:43] : end pos sig1 :50.000000 - 50.000000
[15:18:43] : 측정요구 ON 2
[15:18:52] : 측정요구 2OFF
[15:18:52] : end pos sig2 :-50.000000 - -50.000000
[15:18:58] : 측정요구3 ON
[15:19:07] : 측정요구3 OFF
[15:19:07] : end pos sig3 :50.000000 - 50.000000
[15:19:07] : 측정요구4 ON
[15:19:16] : 측정요구4 OFF
[15:19:16] : end pos sig4 :-50.000000 - -50.000000
[15:19:16] : 11,20190104-151917,AL19010238333,,OK,MAX,1, ,AUTO,0.10,3.00,0.92,OK,0.10,3.00,1.46,OK,0.10,3.00,0.76,OK,0.10,3.00,2.14,OK,
[15:24:18] : AUTO RUNNING OFF
[15:25:50] : MEAS ESC ON
[15:25:51] : MEAS ESC OFF
[15:25:51] : AUTO RUNNING ON
[15:26:09] : Cycle start ON
[15:26:11] : Cycle start OFF
[15:26:17] : REQUEST MEAS. ON
[15:26:26] : REQUEST MEAS. OFF
[15:26:26] : end pos sig1 :50.000000 - 50.000000
[15:26:26] : 측정요구 ON 2
[15:26:35] : 측정요구 2OFF
[15:26:35] : end pos sig2 :-50.000000 - -50.000000
[15:26:41] : 측정요구3 ON
[15:26:50] : 측정요구3 OFF
[15:26:50] : end pos sig3 :50.000000 - 50.000000
[15:26:50] : 측정요구4 ON
[15:27:00] : 측정요구4 OFF
[15:27:00] : end pos sig4 :-50.000000 - -50.000000
[15:27:00] : 11,20190104-152700,AL19010236503,,OK,MAX,1, ,AUTO,0.10,3.00,0.86,OK,0.10,3.00,0.96,OK,0.10,3.00,0.65,OK,0.10,3.00,0.86,OK,
[15:27:19] : Cycle start ON
[15:27:21] : Cycle start OFF
[15:27:28] : REQUEST MEAS. ON
[15:27:37] : REQUEST MEAS. OFF
[15:27:37] : end pos sig1 :50.000000 - 50.000000
[15:27:37] : 측정요구 ON 2
[15:27:47] : 측정요구 2OFF
[15:27:47] : end pos sig2 :-50.000000 - -50.000000
[15:27:52] : 측정요구3 ON
[15:28:01] : 측정요구3 OFF
[15:28:01] : end pos sig3 :50.000000 - 50.000000
[15:28:01] : 측정요구4 ON
[15:28:10] : 측정요구4 OFF
[15:28:10] : end pos sig4 :-50.000000 - -50.000000
[15:28:10] : 11,20190104-152811,AL19010239073,,OK,MAX,1, ,AUTO,0.10,3.00,0.93,OK,0.10,3.00,0.90,OK,0.10,3.00,0.59,OK,0.10,3.00,0.71,OK,
[15:28:30] : Cycle start ON
[15:28:32] : Cycle start OFF
[15:28:39] : REQUEST MEAS. ON
[15:28:49] : REQUEST MEAS. OFF
[15:28:49] : end pos sig1 :50.000000 - 50.000000
[15:28:49] : 측정요구 ON 2
[15:28:58] : 측정요구 2OFF
[15:28:58] : end pos sig2 :-50.000000 - -50.000000
[15:29:04] : 측정요구3 ON
[15:29:13] : 측정요구3 OFF
[15:29:13] : end pos sig3 :50.000000 - 50.000000
[15:29:13] : 측정요구4 ON
[15:29:22] : 측정요구4 OFF
[15:29:22] : end pos sig4 :-50.000000 - -50.000000
[15:29:22] : 11,20190104-152923,AL19010233093,,OK,MAX,1, ,AUTO,0.10,3.00,0.96,OK,0.10,3.00,0.97,OK,0.10,3.00,0.78,OK,0.10,3.00,1.83,OK,
[15:29:42] : Cycle start ON
[15:29:44] : Cycle start OFF
[15:29:51] : REQUEST MEAS. ON
[15:30:00] : REQUEST MEAS. OFF
[15:30:00] : end pos sig1 :50.000000 - 50.000000
[15:30:00] : 측정요구 ON 2
[15:30:10] : 측정요구 2OFF
[15:30:10] : end pos sig2 :-50.000000 - -50.000000
[15:30:15] : 측정요구3 ON
[15:30:24] : 측정요구3 OFF
[15:30:24] : end pos sig3 :50.000000 - 50.000000
[15:30:24] : 측정요구4 ON
[15:30:34] : 측정요구4 OFF
[15:30:34] : end pos sig4 :-50.000000 - -50.000000
[15:30:34] : 11,20190104-153034,AL19010233303,,OK,MAX,1, ,AUTO,0.10,3.00,0.87,OK,0.10,3.00,1.53,OK,0.10,3.00,0.70,OK,0.10,3.00,2.09,OK,
[15:30:54] : Cycle start ON
[15:30:56] : Cycle start OFF
[15:31:02] : REQUEST MEAS. ON
[15:31:11] : REQUEST MEAS. OFF
[15:31:11] : end pos sig1 :50.000000 - 50.000000
[15:31:11] : 측정요구 ON 2
[15:31:21] : 측정요구 2OFF
[15:31:21] : end pos sig2 :-50.000000 - -50.000000
[15:31:26] : 측정요구3 ON
[15:31:35] : 측정요구3 OFF
[15:31:35] : end pos sig3 :50.000000 - 50.000000
[15:31:35] : 측정요구4 ON
[15:31:45] : 측정요구4 OFF
[15:31:45] : end pos sig4 :-50.000000 - -50.000000
[15:31:45] : 11,20190104-153145,AL19010233453,,OK,MAX,1, ,AUTO,0.10,3.00,0.73,OK,0.10,3.00,0.63,OK,0.10,3.00,1.19,OK,0.10,3.00,1.49,OK,
[15:41:12] : Cycle start ON
[15:41:14] : Cycle start OFF
[15:41:21] : REQUEST MEAS. ON
[15:41:30] : REQUEST MEAS. OFF
[15:41:30] : end pos sig1 :50.000000 - 50.000000
[15:41:30] : 측정요구 ON 2
[15:41:40] : 측정요구 2OFF
[15:41:40] : end pos sig2 :-49.000000 - -48.940000
[15:41:45] : 측정요구3 ON
[15:41:54] : 측정요구3 OFF
[15:41:54] : end pos sig3 :50.000000 - 50.000000
[15:41:54] : 측정요구4 ON
[15:42:04] : 측정요구4 OFF
[15:42:04] : end pos sig4 :-50.000000 - -50.000000
[15:42:04] : 11,20190104-154205,AL19010235923,,OK,MAX,1, ,AUTO,0.10,3.00,1.25,OK,0.10,3.00,1.36,OK,0.10,3.00,0.73,OK,0.10,3.00,1.44,OK,
[15:42:24] : Cycle start ON
[15:42:26] : Cycle start OFF
[15:42:33] : REQUEST MEAS. ON
[15:42:42] : REQUEST MEAS. OFF
[15:42:42] : end pos sig1 :50.000000 - 50.000000
[15:42:42] : 측정요구 ON 2
[15:42:51] : 측정요구 2OFF
[15:42:51] : end pos sig2 :-50.000000 - -50.000000
[15:42:57] : 측정요구3 ON
[15:43:06] : 측정요구3 OFF
[15:43:06] : end pos sig3 :50.000000 - 50.000000
[15:43:06] : 측정요구4 ON
[15:43:15] : 측정요구4 OFF
[15:43:15] : end pos sig4 :-50.000000 - -50.000000
[15:43:15] : 11,20190104-154316,AL19010235983,,OK,MAX,1, ,AUTO,0.10,3.00,1.37,OK,0.10,3.00,1.48,OK,0.10,3.00,0.75,OK,0.10,3.00,2.12,OK,
[15:43:40] : Cycle start ON
[15:43:42] : Cycle start OFF
[15:43:49] : REQUEST MEAS. ON
[15:43:58] : REQUEST MEAS. OFF
[15:43:58] : end pos sig1 :50.000000 - 50.000000
[15:43:58] : 측정요구 ON 2
[15:44:07] : 측정요구 2OFF
[15:44:07] : end pos sig2 :-50.000000 - -50.000000
[15:44:13] : 측정요구3 ON
[15:44:22] : 측정요구3 OFF
[15:44:22] : end pos sig3 :50.000000 - 50.000000
[15:44:22] : 측정요구4 ON
[15:44:31] : 측정요구4 OFF
[15:44:31] : end pos sig4 :-50.000000 - -50.000000
[15:44:31] : 11,20190104-154432,AL19010235963,,OK,MAX,1, ,AUTO,0.10,3.00,1.08,OK,0.10,3.00,0.66,OK,0.10,3.00,0.73,OK,0.10,3.00,1.23,OK,
[15:44:56] : Cycle start ON
[15:44:58] : Cycle start OFF
[15:45:05] : REQUEST MEAS. ON
[15:45:14] : REQUEST MEAS. OFF
[15:45:14] : end pos sig1 :50.000000 - 50.000000
[15:45:14] : 측정요구 ON 2
[15:45:23] : 측정요구 2OFF
[15:45:23] : end pos sig2 :-50.000000 - -50.000000
[15:45:29] : 측정요구3 ON
[15:45:38] : 측정요구3 OFF
[15:45:38] : end pos sig3 :50.000000 - 50.000000
[15:45:38] : 측정요구4 ON
[15:45:47] : 측정요구4 OFF
[15:45:47] : end pos sig4 :-50.000000 - -50.000000
[15:45:47] : 11,20190104-154548,AL19010236003,,OK,MAX,1, ,AUTO,0.10,3.00,1.08,OK,0.10,3.00,1.86,OK,0.10,3.00,0.77,OK,0.10,3.00,1.69,OK,
[15:46:07] : Cycle start ON
[15:46:09] : Cycle start OFF
[15:46:16] : REQUEST MEAS. ON
[15:46:25] : REQUEST MEAS. OFF
[15:46:25] : end pos sig1 :50.000000 - 50.000000
[15:46:25] : 측정요구 ON 2
[15:46:34] : 측정요구 2OFF
[15:46:34] : end pos sig2 :-50.000000 - -50.000000
[15:46:40] : 측정요구3 ON
[15:46:49] : 측정요구3 OFF
[15:46:49] : end pos sig3 :50.000000 - 50.000000
[15:46:49] : 측정요구4 ON
[15:46:58] : 측정요구4 OFF
[15:46:58] : end pos sig4 :-50.000000 - -50.000000
[15:46:58] : 11,20190104-154659,AL19010236153,,OK,MAX,1, ,AUTO,0.10,3.00,0.88,OK,0.10,3.00,0.84,OK,0.10,3.00,0.82,OK,0.10,3.00,1.55,OK,
[15:53:04] : Cycle start ON
[15:53:06] : Cycle start OFF
[15:53:13] : REQUEST MEAS. ON
[15:53:22] : REQUEST MEAS. OFF
[15:53:22] : end pos sig1 :50.000000 - 50.000000
[15:53:22] : 측정요구 ON 2
[15:53:32] : 측정요구 2OFF
[15:53:32] : end pos sig2 :-50.000000 - -50.000000
[15:53:38] : 측정요구3 ON
[15:53:47] : 측정요구3 OFF
[15:53:47] : end pos sig3 :50.000000 - 50.000000
[15:53:47] : 측정요구4 ON
[15:53:56] : 측정요구4 OFF
[15:53:56] : end pos sig4 :-50.000000 - -50.000000
[15:53:56] : 11,20190104-155357,AL19010236163,,OK,MAX,1, ,AUTO,0.10,3.00,0.81,OK,0.10,3.00,1.66,OK,0.10,3.00,0.68,OK,0.10,3.00,1.21,OK,
[15:58:20] : Cycle start ON
[15:58:22] : Cycle start OFF
[15:58:29] : REQUEST MEAS. ON
[15:58:38] : REQUEST MEAS. OFF
[15:58:38] : end pos sig1 :50.000000 - 50.000000
[15:58:38] : 측정요구 ON 2
[15:58:47] : 측정요구 2OFF
[15:58:47] : end pos sig2 :-50.000000 - -50.000000
[15:58:53] : 측정요구3 ON
[15:59:02] : 측정요구3 OFF
[15:59:02] : end pos sig3 :50.000000 - 50.000000
[15:59:02] : 측정요구4 ON
[15:59:12] : 측정요구4 OFF
[15:59:12] : end pos sig4 :-50.000000 - -50.000000
[15:59:12] : 11,20190104-155912,AL19010234373,,OK,MAX,1, ,AUTO,0.10,3.00,1.20,OK,0.10,3.00,1.08,OK,0.10,3.00,0.81,OK,0.10,3.00,1.54,OK,
[16:01:28] : Cycle start ON
[16:01:30] : Cycle start OFF
[16:01:36] : REQUEST MEAS. ON
[16:01:45] : REQUEST MEAS. OFF
[16:01:45] : end pos sig1 :50.000000 - 50.000000
[16:01:46] : 측정요구 ON 2
[16:01:55] : 측정요구 2OFF
[16:01:55] : end pos sig2 :-50.000000 - -50.000000
[16:02:01] : 측정요구3 ON
[16:02:10] : 측정요구3 OFF
[16:02:10] : end pos sig3 :50.000000 - 50.000000
[16:02:10] : 측정요구4 ON
[16:02:19] : 측정요구4 OFF
[16:02:19] : end pos sig4 :-50.000000 - -50.000000
[16:02:19] : 11,20190104-160220,AL19010234363,,NG,MAX,1, ,AUTO,0.10,3.00,1.22,OK,0.10,3.00,1.12,OK,0.10,3.00,4.30,NG,0.10,3.00,1.13,OK,
[16:02:44] : Cycle start ON
[16:02:46] : Cycle start OFF
[16:02:53] : REQUEST MEAS. ON
[16:03:02] : REQUEST MEAS. OFF
[16:03:02] : end pos sig1 :50.000000 - 50.000000
[16:03:02] : 측정요구 ON 2
[16:03:11] : 측정요구 2OFF
[16:03:11] : end pos sig2 :-50.000000 - -50.000000
[16:03:17] : 측정요구3 ON
[16:03:26] : 측정요구3 OFF
[16:03:26] : end pos sig3 :50.000000 - 50.000000
[16:03:26] : 측정요구4 ON
[16:03:36] : 측정요구4 OFF
[16:03:36] : end pos sig4 :-50.000000 - -50.000000
[16:03:36] : 11,20190104-160336,AL19010234343,,OK,MAX,1, ,AUTO,0.10,3.00,0.76,OK,0.10,3.00,0.85,OK,0.10,3.00,1.08,OK,0.10,3.00,1.16,OK,
[16:03:58] : Cycle start ON
[16:04:00] : Cycle start OFF
[16:04:07] : REQUEST MEAS. ON
[16:04:16] : REQUEST MEAS. OFF
[16:04:16] : end pos sig1 :50.000000 - 50.000000
[16:04:16] : 측정요구 ON 2
[16:04:26] : 측정요구 2OFF
[16:04:26] : end pos sig2 :-50.000000 - -50.000000
[16:04:31] : 측정요구3 ON
[16:04:40] : 측정요구3 OFF
[16:04:40] : end pos sig3 :50.000000 - 50.000000
[16:04:40] : 측정요구4 ON
[16:04:50] : 측정요구4 OFF
[16:04:50] : end pos sig4 :-50.000000 - -50.000000
[16:04:50] : 11,20190104-160450,AL19010234403,,OK,MAX,1, ,AUTO,0.10,3.00,0.83,OK,0.10,3.00,0.89,OK,0.10,3.00,1.03,OK,0.10,3.00,1.43,OK,
[16:05:14] : Cycle start ON
[16:05:16] : Cycle start OFF
[16:05:23] : REQUEST MEAS. ON
[16:05:32] : REQUEST MEAS. OFF
[16:05:32] : end pos sig1 :50.000000 - 50.000000
[16:05:32] : 측정요구 ON 2
[16:05:42] : 측정요구 2OFF
[16:05:42] : end pos sig2 :-50.000000 - -50.000000
[16:05:47] : 측정요구3 ON
[16:05:56] : 측정요구3 OFF
[16:05:56] : end pos sig3 :50.000000 - 50.000000
[16:05:56] : 측정요구4 ON
[16:06:06] : 측정요구4 OFF
[16:06:06] : end pos sig4 :-50.000000 - -50.000000
[16:06:06] : 11,20190104-160606,AL19010234523,,OK,MAX,1, ,AUTO,0.10,3.00,0.85,OK,0.10,3.00,0.88,OK,0.10,3.00,0.78,OK,0.10,3.00,2.04,OK,
[16:06:30] : Cycle start ON
[16:06:32] : Cycle start OFF
[16:06:39] : REQUEST MEAS. ON
[16:06:48] : REQUEST MEAS. OFF
[16:06:48] : end pos sig1 :50.000000 - 50.000000
[16:06:48] : 측정요구 ON 2
[16:06:58] : 측정요구 2OFF
[16:06:58] : end pos sig2 :-50.000000 - -50.000000
[16:07:03] : 측정요구3 ON
[16:07:12] : 측정요구3 OFF
[16:07:12] : end pos sig3 :50.000000 - 50.000000
[16:07:12] : 측정요구4 ON
[16:07:22] : 측정요구4 OFF
[16:07:22] : end pos sig4 :-50.000000 - -50.000000
[16:07:22] : 11,20190104-160722,AL19010234463,,OK,MAX,1, ,AUTO,0.10,3.00,1.15,OK,0.10,3.00,2.30,OK,0.10,3.00,0.81,OK,0.10,3.00,1.36,OK,
[16:07:46] : Cycle start ON
[16:07:48] : Cycle start OFF
[16:07:55] : REQUEST MEAS. ON
[16:08:04] : REQUEST MEAS. OFF
[16:08:04] : end pos sig1 :50.000000 - 50.000000
[16:08:04] : 측정요구 ON 2
[16:08:13] : 측정요구 2OFF
[16:08:13] : end pos sig2 :-50.000000 - -50.000000
[16:08:19] : 측정요구3 ON
[16:08:28] : 측정요구3 OFF
[16:08:28] : end pos sig3 :50.000000 - 50.000000
[16:08:28] : 측정요구4 ON
[16:08:37] : 측정요구4 OFF
[16:08:37] : end pos sig4 :-50.000000 - -50.000000
[16:08:37] : 11,20190104-160838,AL19010234443,,OK,MAX,1, ,AUTO,0.10,3.00,1.60,OK,0.10,3.00,1.83,OK,0.10,3.00,0.81,OK,0.10,3.00,1.84,OK,
[16:08:58] : Cycle start ON
[16:09:00] : Cycle start OFF
[16:09:07] : REQUEST MEAS. ON
[16:09:16] : REQUEST MEAS. OFF
[16:09:16] : end pos sig1 :50.000000 - 50.000000
[16:09:16] : 측정요구 ON 2
[16:09:25] : 측정요구 2OFF
[16:09:25] : end pos sig2 :-50.000000 - -50.000000
[16:09:31] : 측정요구3 ON
[16:09:40] : 측정요구3 OFF
[16:09:40] : end pos sig3 :50.000000 - 50.000000
[16:09:40] : 측정요구4 ON
[16:09:50] : 측정요구4 OFF
[16:09:50] : end pos sig4 :-50.000000 - -50.000000
[16:09:50] : 11,20190104-160950,AL19010234423,,OK,MAX,1, ,AUTO,0.10,3.00,0.96,OK,0.10,3.00,2.13,OK,0.10,3.00,0.77,OK,0.10,3.00,1.06,OK,
[16:10:10] : Cycle start ON
[16:10:12] : Cycle start OFF
[16:10:19] : REQUEST MEAS. ON
[16:10:28] : REQUEST MEAS. OFF
[16:10:28] : end pos sig1 :50.000000 - 50.000000
[16:10:28] : 측정요구 ON 2
[16:10:38] : 측정요구 2OFF
[16:10:38] : end pos sig2 :-50.000000 - -50.000000
[16:10:43] : 측정요구3 ON
[16:10:52] : 측정요구3 OFF
[16:10:52] : end pos sig3 :50.000000 - 50.000000
[16:10:52] : 측정요구4 ON
[16:11:02] : 측정요구4 OFF
[16:11:02] : end pos sig4 :-50.000000 - -50.000000
[16:11:02] : 11,20190104-161102,AL19010234483,,OK,MAX,1, ,AUTO,0.10,3.00,1.24,OK,0.10,3.00,2.36,OK,0.10,3.00,0.82,OK,0.10,3.00,1.61,OK,
[16:11:28] : Cycle start ON
[16:11:29] : Cycle start OFF
[16:11:36] : REQUEST MEAS. ON
[16:11:45] : REQUEST MEAS. OFF
[16:11:45] : end pos sig1 :50.000000 - 50.000000
[16:11:46] : 측정요구 ON 2
[16:11:55] : 측정요구 2OFF
[16:11:55] : end pos sig2 :-50.000000 - -50.000000
[16:12:01] : 측정요구3 ON
[16:12:10] : 측정요구3 OFF
[16:12:10] : end pos sig3 :50.000000 - 50.000000
[16:12:10] : 측정요구4 ON
[16:12:19] : 측정요구4 OFF
[16:12:19] : end pos sig4 :-50.000000 - -50.000000
[16:12:19] : 11,20190104-161220,AL19010234503,,OK,MAX,1, ,AUTO,0.10,3.00,1.07,OK,0.10,3.00,1.00,OK,0.10,3.00,0.87,OK,0.10,3.00,1.77,OK,
[16:12:44] : Cycle start ON
[16:12:46] : Cycle start OFF
[16:12:53] : REQUEST MEAS. ON
[16:13:02] : REQUEST MEAS. OFF
[16:13:02] : end pos sig1 :50.000000 - 50.000000
[16:13:02] : 측정요구 ON 2
[16:13:12] : 측정요구 2OFF
[16:13:12] : end pos sig2 :-50.000000 - -50.000000
[16:13:17] : 측정요구3 ON
[16:13:26] : 측정요구3 OFF
[16:13:26] : end pos sig3 :50.000000 - 50.000000
[16:13:26] : 측정요구4 ON
[16:13:36] : 측정요구4 OFF
[16:13:36] : end pos sig4 :-50.000000 - -50.000000
[16:13:36] : 11,20190104-161336,AL19010234183,,OK,MAX,1, ,AUTO,0.10,3.00,0.98,OK,0.10,3.00,0.55,OK,0.10,3.00,0.82,OK,0.10,3.00,1.77,OK,
[16:14:00] : Cycle start ON
[16:14:02] : Cycle start OFF
[16:14:09] : REQUEST MEAS. ON
[16:14:18] : REQUEST MEAS. OFF
[16:14:18] : end pos sig1 :50.000000 - 50.000000
[16:14:18] : 측정요구 ON 2
[16:14:28] : 측정요구 2OFF
[16:14:28] : end pos sig2 :-50.000000 - -50.000000
[16:14:33] : 측정요구3 ON
[16:14:42] : 측정요구3 OFF
[16:14:42] : end pos sig3 :50.000000 - 50.000000
[16:14:42] : 측정요구4 ON
[16:14:52] : 측정요구4 OFF
[16:14:52] : end pos sig4 :-50.000000 - -50.000000
[16:14:52] : 11,20190104-161452,AL19010234163,,OK,MAX,1, ,AUTO,0.10,3.00,1.37,OK,0.10,3.00,0.65,OK,0.10,3.00,0.81,OK,0.10,3.00,1.95,OK,
[16:15:16] : Cycle start ON
[16:15:18] : Cycle start OFF
[16:15:25] : REQUEST MEAS. ON
[16:15:34] : REQUEST MEAS. OFF
[16:15:34] : end pos sig1 :50.000000 - 50.000000
[16:15:34] : 측정요구 ON 2
[16:15:44] : 측정요구 2OFF
[16:15:44] : end pos sig2 :-50.000000 - -50.000000
[16:15:49] : 측정요구3 ON
[16:15:58] : 측정요구3 OFF
[16:15:58] : end pos sig3 :50.000000 - 50.000000
[16:15:58] : 측정요구4 ON
[16:16:08] : 측정요구4 OFF
[16:16:08] : end pos sig4 :-50.000000 - -50.000000
[16:16:08] : 11,20190104-161609,AL19010234143,,OK,MAX,1, ,AUTO,0.10,3.00,0.87,OK,0.10,3.00,0.66,OK,0.10,3.00,0.71,OK,0.10,3.00,1.18,OK,
[16:16:33] : Cycle start ON
[16:16:35] : Cycle start OFF
[16:16:42] : REQUEST MEAS. ON
[16:16:51] : REQUEST MEAS. OFF
[16:16:51] : end pos sig1 :50.000000 - 50.000000
[16:16:51] : 측정요구 ON 2
[16:17:00] : 측정요구 2OFF
[16:17:00] : end pos sig2 :-50.000000 - -50.000000
[16:17:06] : 측정요구3 ON
[16:17:15] : 측정요구3 OFF
[16:17:15] : end pos sig3 :50.000000 - 50.000000
[16:17:15] : 측정요구4 ON
[16:17:24] : 측정요구4 OFF
[16:17:24] : end pos sig4 :-50.000000 - -50.000000
[16:17:24] : 11,20190104-161724,AL19010234203,,OK,MAX,1, ,AUTO,0.10,3.00,1.11,OK,0.10,3.00,0.60,OK,0.10,3.00,0.99,OK,0.10,3.00,2.03,OK,
[16:17:49] : Cycle start ON
[16:17:51] : Cycle start OFF
[16:17:58] : REQUEST MEAS. ON
[16:18:07] : REQUEST MEAS. OFF
[16:18:07] : end pos sig1 :50.000000 - 50.000000
[16:18:07] : 측정요구 ON 2
[16:18:16] : 측정요구 2OFF
[16:18:16] : end pos sig2 :-50.000000 - -50.000000
[16:18:22] : 측정요구3 ON
[16:18:31] : 측정요구3 OFF
[16:18:31] : end pos sig3 :50.000000 - 50.000000
[16:18:31] : 측정요구4 ON
[16:18:40] : 측정요구4 OFF
[16:18:40] : end pos sig4 :-50.000000 - -50.000000
[16:18:40] : 11,20190104-161841,AL19010234223,,OK,MAX,1, ,AUTO,0.10,3.00,1.21,OK,0.10,3.00,0.89,OK,0.10,3.00,0.74,OK,0.10,3.00,1.70,OK,
[16:19:05] : Cycle start ON
[16:19:07] : Cycle start OFF
[16:19:13] : REQUEST MEAS. ON
[16:19:23] : REQUEST MEAS. OFF
[16:19:23] : end pos sig1 :50.000000 - 50.000000
[16:19:23] : 측정요구 ON 2
[16:19:32] : 측정요구 2OFF
[16:19:32] : end pos sig2 :-50.000000 - -50.000000
[16:19:37] : 측정요구3 ON
[16:19:46] : 측정요구3 OFF
[16:19:46] : end pos sig3 :50.000000 - 50.000000
[16:19:46] : 측정요구4 ON
[16:19:56] : 측정요구4 OFF
[16:19:56] : end pos sig4 :-50.000000 - -50.000000
[16:19:56] : 11,20190104-161956,AL19010234063,,OK,MAX,1, ,AUTO,0.10,3.00,0.90,OK,0.10,3.00,0.55,OK,0.10,3.00,0.93,OK,0.10,3.00,1.40,OK,
[16:20:20] : Cycle start ON
[16:20:22] : Cycle start OFF
[16:20:29] : REQUEST MEAS. ON
[16:20:38] : REQUEST MEAS. OFF
[16:20:38] : end pos sig1 :50.000000 - 50.000000
[16:20:38] : 측정요구 ON 2
[16:20:47] : 측정요구 2OFF
[16:20:47] : end pos sig2 :-50.000000 - -50.000000
[16:20:53] : 측정요구3 ON
[16:21:02] : 측정요구3 OFF
[16:21:02] : end pos sig3 :50.000000 - 50.000000
[16:21:02] : 측정요구4 ON
[16:21:12] : 측정요구4 OFF
[16:21:12] : end pos sig4 :-50.000000 - -50.000000
[16:21:12] : 11,20190104-162112,AL19010234043,,OK,MAX,1, ,AUTO,0.10,3.00,1.08,OK,0.10,3.00,0.59,OK,0.10,3.00,1.00,OK,0.10,3.00,1.78,OK,
[16:21:36] : Cycle start ON
[16:21:38] : Cycle start OFF
[16:21:45] : REQUEST MEAS. ON
[16:21:54] : REQUEST MEAS. OFF
[16:21:54] : end pos sig1 :50.000000 - 50.000000
[16:21:54] : 측정요구 ON 2
[16:22:04] : 측정요구 2OFF
[16:22:04] : end pos sig2 :-47.610000 - -47.550000
[16:22:09] : 측정요구3 ON
[16:22:18] : 측정요구3 OFF
[16:22:18] : end pos sig3 :50.000000 - 50.000000
[16:22:18] : 측정요구4 ON
[16:22:28] : 측정요구4 OFF
[16:22:28] : end pos sig4 :-50.000000 - -50.000000
[16:22:28] : 11,20190104-162228,AL19010234123,,OK,MAX,1, ,AUTO,0.10,3.00,0.87,OK,0.10,3.00,0.60,OK,0.10,3.00,0.77,OK,0.10,3.00,1.41,OK,
[16:22:52] : Cycle start ON
[16:22:54] : Cycle start OFF
[16:23:01] : REQUEST MEAS. ON
[16:23:10] : REQUEST MEAS. OFF
[16:23:10] : end pos sig1 :50.000000 - 50.000000
[16:23:10] : 측정요구 ON 2
[16:23:20] : 측정요구 2OFF
[16:23:20] : end pos sig2 :-50.000000 - -50.000000
[16:23:26] : 측정요구3 ON
[16:23:35] : 측정요구3 OFF
[16:23:35] : end pos sig3 :50.000000 - 50.000000
[16:23:35] : 측정요구4 ON
[16:23:44] : 측정요구4 OFF
[16:23:44] : end pos sig4 :-50.000000 - -50.000000
[16:23:44] : 11,20190104-162345,AL19010234083,,OK,MAX,1, ,AUTO,0.10,3.00,1.33,OK,0.10,3.00,0.54,OK,0.10,3.00,0.72,OK,0.10,3.00,1.68,OK,
[16:24:09] : Cycle start ON
[16:24:11] : Cycle start OFF
[16:24:18] : REQUEST MEAS. ON
[16:24:27] : REQUEST MEAS. OFF
[16:24:27] : end pos sig1 :50.000000 - 50.000000
[16:24:27] : 측정요구 ON 2
[16:24:36] : 측정요구 2OFF
[16:24:36] : end pos sig2 :-48.330000 - -48.300000
[16:24:42] : 측정요구3 ON
[16:24:51] : 측정요구3 OFF
[16:24:51] : end pos sig3 :50.000000 - 50.000000
[16:24:51] : 측정요구4 ON
[16:25:00] : 측정요구4 OFF
[16:25:00] : end pos sig4 :-50.000000 - -50.000000
[16:25:00] : 11,20190104-162501,AL19010234103,,OK,MAX,1, ,AUTO,0.10,3.00,1.05,OK,0.10,3.00,0.52,OK,0.10,3.00,0.90,OK,0.10,3.00,0.96,OK,
[16:25:24] : Cycle start ON
[16:25:26] : Cycle start OFF
[16:25:33] : REQUEST MEAS. ON
[16:25:42] : REQUEST MEAS. OFF
[16:25:42] : end pos sig1 :50.000000 - 50.000000
[16:25:43] : 측정요구 ON 2
[16:25:52] : 측정요구 2OFF
[16:25:52] : end pos sig2 :-50.000000 - -50.000000
[16:25:57] : 측정요구3 ON
[16:26:06] : 측정요구3 OFF
[16:26:06] : end pos sig3 :50.000000 - 50.000000
[16:26:06] : 측정요구4 ON
[16:26:16] : 측정요구4 OFF
[16:26:16] : end pos sig4 :-50.000000 - -50.000000
[16:26:16] : 11,20190104-162616,AL19010233773,,OK,MAX,1, ,AUTO,0.10,3.00,0.94,OK,0.10,3.00,0.69,OK,0.10,3.00,0.61,OK,0.10,3.00,1.78,OK,
[16:26:40] : Cycle start ON
[16:26:42] : Cycle start OFF
[16:26:49] : REQUEST MEAS. ON
[16:26:58] : REQUEST MEAS. OFF
[16:26:58] : end pos sig1 :50.000000 - 50.000000
[16:26:58] : 측정요구 ON 2
[16:27:07] : 측정요구 2OFF
[16:27:07] : end pos sig2 :-50.000000 - -50.000000
[16:27:13] : 측정요구3 ON
[16:27:22] : 측정요구3 OFF
[16:27:22] : end pos sig3 :50.000000 - 50.000000
[16:27:22] : 측정요구4 ON
[16:27:31] : 측정요구4 OFF
[16:27:31] : end pos sig4 :-50.000000 - -50.000000
[16:27:31] : 11,20190104-162732,AL19010233743,,OK,MAX,1, ,AUTO,0.10,3.00,0.93,OK,0.10,3.00,1.31,OK,0.10,3.00,0.58,OK,0.10,3.00,1.42,OK,
[16:27:56] : Cycle start ON
[16:27:58] : Cycle start OFF
[16:28:05] : REQUEST MEAS. ON
[16:28:14] : REQUEST MEAS. OFF
[16:28:14] : end pos sig1 :50.000000 - 50.000000
[16:28:14] : 측정요구 ON 2
[16:28:24] : 측정요구 2OFF
[16:28:24] : end pos sig2 :-50.000000 - -50.000000
[16:28:29] : 측정요구3 ON
[16:28:38] : 측정요구3 OFF
[16:28:38] : end pos sig3 :50.000000 - 50.000000
[16:28:38] : 측정요구4 ON
[16:28:48] : 측정요구4 OFF
[16:28:48] : end pos sig4 :-50.000000 - -50.000000
[16:28:48] : 11,20190104-162848,AL19010233833,,OK,MAX,1, ,AUTO,0.10,3.00,0.87,OK,0.10,3.00,1.49,OK,0.10,3.00,0.82,OK,0.10,3.00,2.62,OK,
[16:29:12] : Cycle start ON
[16:29:14] : Cycle start OFF
[16:29:21] : REQUEST MEAS. ON
[16:29:30] : REQUEST MEAS. OFF
[16:29:30] : end pos sig1 :50.000000 - 50.000000
[16:29:30] : 측정요구 ON 2
[16:29:40] : 측정요구 2OFF
[16:29:40] : end pos sig2 :-50.000000 - -50.000000
[16:29:45] : 측정요구3 ON
[16:29:54] : 측정요구3 OFF
[16:29:54] : end pos sig3 :50.000000 - 50.000000
[16:29:54] : 측정요구4 ON
[16:30:04] : 측정요구4 OFF
[16:30:04] : end pos sig4 :-50.000000 - -50.000000
[16:30:04] : 11,20190104-163004,AL19010233793,,OK,MAX,1, ,AUTO,0.10,3.00,1.29,OK,0.10,3.00,1.31,OK,0.10,3.00,0.64,OK,0.10,3.00,1.87,OK,
[16:30:24] : Cycle start ON
[16:30:26] : Cycle start OFF
[16:30:34] : REQUEST MEAS. ON
[16:30:43] : REQUEST MEAS. OFF
[16:30:43] : end pos sig1 :50.000000 - 50.000000
[16:30:43] : 측정요구 ON 2
[16:30:52] : 측정요구 2OFF
[16:30:52] : end pos sig2 :-50.000000 - -50.000000
[16:30:57] : 측정요구3 ON
[16:31:06] : 측정요구3 OFF
[16:31:06] : end pos sig3 :50.000000 - 50.000000
[16:31:06] : 측정요구4 ON
[16:31:16] : 측정요구4 OFF
[16:31:16] : end pos sig4 :-50.000000 - -50.000000
[16:31:16] : 11,20190104-163117,AL19010233813,,OK,MAX,1, ,AUTO,0.10,3.00,0.87,OK,0.10,3.00,0.69,OK,0.10,3.00,0.79,OK,0.10,3.00,1.10,OK,
[17:05:52] : AUTO RUNNING OFF
[18:00:29] : PROGRAM END
 
[18:01:17] : PROGRAM START
[18:01:24] : AUTO RUNNING OFF
[18:01:24] : REQUEST MEAS. OFF
[18:01:24] : end pos sig1 :50.000000 - 50.000000
[18:01:24] : end pos sig2 :50.000000 - 50.000000
[18:01:24] : end pos sig3 :50.000000 - 50.000000
[18:01:24] : REQUEST ZEROSET OFF
[18:01:24] : REQUEST ZEROSET OFF
[18:01:24] : end pos sig4 :50.000000 - 50.000000
[18:01:36] : PROGRAM END
 
[18:02:05] : PROGRAM START
[18:02:11] : AUTO RUNNING OFF
[18:02:11] : REQUEST MEAS. OFF
[18:02:11] : end pos sig1 :50.000000 - 50.000000
[18:02:11] : end pos sig2 :50.000000 - 50.000000
[18:02:11] : end pos sig3 :50.000000 - 50.000000
[18:02:11] : REQUEST ZEROSET OFF
[18:02:11] : REQUEST ZEROSET OFF
[18:02:11] : end pos sig4 :50.000000 - 50.000000
 
