 
[05-12-2018] [13:41:44] : PROGRAM END
 
[05-12-2018] [13:43:03] : PROGRAM START
[05-12-2018] [13:43:03] : load project PLC
[05-12-2018] [13:43:07] : MEAS ESC ON
[05-12-2018] [14:31:49] : PROGRAM END
 
[05-12-2018] [14:33:05] : PROGRAM START
[05-12-2018] [14:33:05] : load project PLC
[05-12-2018] [14:33:09] : MEAS ESC ON
[05-12-2018] [14:34:01] : PROGRAM END
 
[05-12-2018] [14:42:46] : PROGRAM START
[05-12-2018] [14:42:46] : load project PLC
[05-12-2018] [14:42:50] : MEAS ESC ON
[05-12-2018] [15:23:51] : M3401	MAIN AIR ALARM ON
[05-12-2018] [16:54:36] : PROGRAM END
 
[05-12-2018] [17:06:43] : PROGRAM START
[05-12-2018] [17:06:43] : load project PLC
[05-12-2018] [17:06:44] : GetOrbitFunctionAddresses Failed 
[05-12-2018] [17:06:44] : MEAS ESC ON
[05-12-2018] [17:07:29] : PROGRAM END
 
[05-12-2018] [17:11:15] : PROGRAM START
[05-12-2018] [17:11:15] : load project PLC
[05-12-2018] [17:11:16] : GetOrbitFunctionAddresses Failed 
[05-12-2018] [17:11:16] : MEAS ESC ON
[05-12-2018] [17:11:40] : PROGRAM END
 
[05-12-2018] [17:13:03] : PROGRAM START
[05-12-2018] [17:13:03] : load project PLC
[05-12-2018] [17:13:04] : GetOrbitFunctionAddresses Failed 
[05-12-2018] [17:13:04] : MEAS ESC ON
[05-12-2018] [17:13:21] : PROGRAM END
 
[05-12-2018] [17:14:22] : PROGRAM START
[05-12-2018] [17:14:22] : load project PLC
[05-12-2018] [17:14:23] : GetOrbitFunctionAddresses Failed 
[05-12-2018] [17:14:23] : MEAS ESC ON
[05-12-2018] [17:14:56] : PROGRAM END
 
[05-12-2018] [17:15:48] : PROGRAM START
[05-12-2018] [17:15:48] : load project PLC
[05-12-2018] [17:15:48] : GetOrbitFunctionAddresses Failed 
[05-12-2018] [17:15:48] : MEAS ESC ON
[05-12-2018] [17:15:55] : PROGRAM END
 
[05-12-2018] [17:17:35] : PROGRAM START
[05-12-2018] [17:17:35] : load project PLC
[05-12-2018] [17:17:41] : MEAS ESC ON
[05-12-2018] [17:18:57] : PROGRAM END
 
[05-12-2018] [17:19:27] : PROGRAM START
[05-12-2018] [17:19:27] : load project PLC
[05-12-2018] [17:19:31] : MEAS ESC ON
[05-12-2018] [17:21:02] : PROGRAM END
 
[05-12-2018] [17:22:06] : PROGRAM START
[05-12-2018] [17:22:06] : load project PLC
[05-12-2018] [17:22:10] : MEAS ESC ON
[05-12-2018] [17:30:56] : PROGRAM END
 
[05-12-2018] [17:31:01] : PROGRAM START
[05-12-2018] [17:31:01] : load project PLC
[05-12-2018] [17:31:05] : MEAS ESC ON
[05-12-2018] [17:42:30] : MEAS ESC OFF
[05-12-2018] [17:42:30] : RESET ON
[05-12-2018] [17:42:30] : M3400	비상입니다. OFF
[05-12-2018] [17:42:30] : M3401	MAIN AIR ALARM OFF
[05-12-2018] [17:42:30] : MEAS ESC ON
[05-12-2018] [17:42:30] : M3400	비상입니다. ON
[05-12-2018] [17:45:15] : M3401	MAIN AIR ALARM ON
[05-12-2018] [17:53:37] : MEAS ESC OFF
[05-12-2018] [17:53:37] : RESET ON
[05-12-2018] [17:53:37] : M3400	비상입니다. OFF
[05-12-2018] [17:53:37] : M3401	MAIN AIR ALARM OFF
[05-12-2018] [17:53:37] : MEAS ESC ON
[05-12-2018] [17:53:37] : M3400	비상입니다. ON
[05-12-2018] [17:54:10] : MEAS ESC OFF
[05-12-2018] [17:54:10] : RESET ON
[05-12-2018] [17:54:10] : M3400	비상입니다. OFF
[05-12-2018] [17:54:10] : MEAS ESC ON
[05-12-2018] [17:54:10] : M3400	비상입니다. ON
[05-12-2018] [17:54:11] : MEAS ESC OFF
[05-12-2018] [17:54:11] : RESET ON
[05-12-2018] [17:54:11] : M3400	비상입니다. OFF
[05-12-2018] [17:54:11] : MEAS ESC ON
[05-12-2018] [17:54:11] : M3400	비상입니다. ON
[05-12-2018] [17:54:24] : M3401	MAIN AIR ALARM ON
[05-12-2018] [17:56:21] : MEAS ESC OFF
[05-12-2018] [17:56:21] : RESET ON
[05-12-2018] [17:56:21] : M3400	비상입니다. OFF
[05-12-2018] [17:56:21] : M3401	MAIN AIR ALARM OFF
[05-12-2018] [17:56:21] : MEAS ESC ON
[05-12-2018] [17:56:21] : M3400	비상입니다. ON
[05-12-2018] [17:56:21] : M3401	MAIN AIR ALARM ON
[05-12-2018] [18:10:21] : PROGRAM END
 
[05-12-2018] [18:10:59] : PROGRAM START
[05-12-2018] [18:10:59] : load project PLC
[05-12-2018] [18:11:03] : MEAS ESC ON
[05-12-2018] [18:11:06] : PROGRAM END
 
[05-12-2018] [19:49:57] : PROGRAM START
[05-12-2018] [19:49:57] : load project PLC
[05-12-2018] [19:50:01] : MEAS ESC ON
[05-12-2018] [19:50:10] : PROGRAM END
 
[05-12-2018] [19:50:35] : PROGRAM START
[05-12-2018] [19:50:35] : load project PLC
[05-12-2018] [19:50:39] : MEAS ESC ON
[05-12-2018] [19:51:11] : PROGRAM END
 
[05-12-2018] [19:52:37] : PROGRAM START
[05-12-2018] [19:52:37] : load project PLC
[05-12-2018] [19:52:41] : MEAS ESC ON
[05-12-2018] [19:54:40] : PROGRAM END
 
[05-12-2018] [19:56:09] : PROGRAM START
[05-12-2018] [19:56:09] : load project PLC
[05-12-2018] [19:56:13] : MEAS ESC ON
[05-12-2018] [19:56:19] : PROGRAM END
 
[05-12-2018] [19:56:28] : PROGRAM START
[05-12-2018] [19:56:28] : load project PLC
[05-12-2018] [19:56:33] : MEAS ESC ON
[05-12-2018] [20:06:15] : MEAS ESC OFF
[05-12-2018] [20:06:15] : RESET ON
[05-12-2018] [20:06:15] : M3400	비상입니다. OFF
[05-12-2018] [20:06:15] : M3417	정위치 스키드 상하 알람 OFF
[05-12-2018] [20:06:18] : RESET ON
[05-12-2018] [20:06:29] : RESET ON
[05-12-2018] [20:07:52] : RESET ON
[05-12-2018] [20:07:54] : RESET ON
[05-12-2018] [20:08:43] : MEAS ESC ON
[05-12-2018] [20:08:43] : M3400	비상입니다. ON
[05-12-2018] [20:08:43] : MEAS ESC OFF
[05-12-2018] [20:08:43] : M3400	비상입니다. OFF
[05-12-2018] [20:13:08] : MEAS ESC ON
[05-12-2018] [20:13:08] : M3400	비상입니다. ON
[05-12-2018] [20:13:09] : MEAS ESC OFF
[05-12-2018] [20:13:09] : RESET ON
[05-12-2018] [20:13:09] : M3400	비상입니다. OFF
[05-12-2018] [20:13:17] : MEAS ESC ON
[05-12-2018] [20:13:17] : M3400	비상입니다. ON
[05-12-2018] [20:13:19] : MEAS ESC OFF
[05-12-2018] [20:13:19] : RESET ON
[05-12-2018] [20:13:19] : M3400	비상입니다. OFF
[05-12-2018] [20:13:43] : MEAS ESC ON
[05-12-2018] [20:13:43] : M3400	비상입니다. ON
[05-12-2018] [20:13:47] : M3401	MAIN AIR ALARM ON
[05-12-2018] [20:13:54] : MEAS ESC OFF
[05-12-2018] [20:13:54] : RESET ON
[05-12-2018] [20:13:54] : M3400	비상입니다. OFF
[05-12-2018] [20:13:54] : M3401	MAIN AIR ALARM OFF
[05-12-2018] [20:13:57] : MEAS ESC ON
[05-12-2018] [20:13:57] : M3400	비상입니다. ON
[05-12-2018] [20:13:58] : M3401	MAIN AIR ALARM ON
[05-12-2018] [20:14:03] : MEAS ESC OFF
[05-12-2018] [20:14:03] : M3400	비상입니다. OFF
[05-12-2018] [20:14:03] : M3401	MAIN AIR ALARM OFF
[05-12-2018] [20:15:02] : MEAS ESC ON
[05-12-2018] [20:15:02] : M3400	비상입니다. ON
[05-12-2018] [20:15:03] : M3401	MAIN AIR ALARM ON
[05-12-2018] [20:15:16] : MEAS ESC OFF
[05-12-2018] [20:15:16] : RESET ON
[05-12-2018] [20:15:16] : M3400	비상입니다. OFF
[05-12-2018] [20:15:16] : M3401	MAIN AIR ALARM OFF
[05-12-2018] [20:15:16] : MEAS ESC ON
[05-12-2018] [20:15:16] : M3400	비상입니다. ON
[05-12-2018] [20:15:16] : M3401	MAIN AIR ALARM ON
[05-12-2018] [20:15:18] : MEAS ESC OFF
[05-12-2018] [20:15:18] : RESET ON
[05-12-2018] [20:15:18] : M3400	비상입니다. OFF
[05-12-2018] [20:15:18] : M3401	MAIN AIR ALARM OFF
[05-12-2018] [20:15:18] : MEAS ESC ON
[05-12-2018] [20:15:18] : M3400	비상입니다. ON
[05-12-2018] [20:15:18] : M3401	MAIN AIR ALARM ON
[05-12-2018] [20:15:22] : MEAS ESC OFF
[05-12-2018] [20:15:22] : RESET ON
[05-12-2018] [20:15:22] : M3400	비상입니다. OFF
[05-12-2018] [20:15:22] : M3401	MAIN AIR ALARM OFF
[05-12-2018] [20:15:22] : MEAS ESC ON
[05-12-2018] [20:15:22] : M3400	비상입니다. ON
[05-12-2018] [20:15:22] : M3401	MAIN AIR ALARM ON
[05-12-2018] [20:17:58] : MEAS ESC OFF
[05-12-2018] [20:17:58] : RESET ON
[05-12-2018] [20:17:58] : M3400	비상입니다. OFF
[05-12-2018] [20:17:58] : M3401	MAIN AIR ALARM OFF
[05-12-2018] [20:17:59] : MEAS ESC ON
[05-12-2018] [20:17:59] : M3400	비상입니다. ON
[05-12-2018] [20:18:00] : MEAS ESC OFF
[05-12-2018] [20:18:00] : RESET ON
[05-12-2018] [20:18:00] : M3400	비상입니다. OFF
[05-12-2018] [20:18:00] : MEAS ESC ON
[05-12-2018] [20:18:00] : M3400	비상입니다. ON
[05-12-2018] [20:19:53] : M3401	MAIN AIR ALARM ON
[05-12-2018] [20:23:55] : MEAS ESC OFF
[05-12-2018] [20:23:55] : RESET ON
[05-12-2018] [20:23:55] : M3400	비상입니다. OFF
[05-12-2018] [20:23:55] : M3401	MAIN AIR ALARM OFF
[05-12-2018] [20:23:55] : MEAS ESC ON
[05-12-2018] [20:23:55] : M3400	비상입니다. ON
[05-12-2018] [20:23:55] : M3401	MAIN AIR ALARM ON
[05-12-2018] [20:23:55] : MEAS ESC OFF
[05-12-2018] [20:23:55] : RESET ON
[05-12-2018] [20:23:55] : M3400	비상입니다. OFF
[05-12-2018] [20:23:55] : M3401	MAIN AIR ALARM OFF
[05-12-2018] [20:23:56] : MEAS ESC ON
[05-12-2018] [20:23:56] : M3400	비상입니다. ON
[05-12-2018] [20:23:56] : M3401	MAIN AIR ALARM ON
[05-12-2018] [20:24:34] : MEAS ESC OFF
[05-12-2018] [20:24:34] : RESET ON
[05-12-2018] [20:24:34] : M3400	비상입니다. OFF
[05-12-2018] [20:24:34] : M3401	MAIN AIR ALARM OFF
[05-12-2018] [20:24:59] : MEAS ESC ON
[05-12-2018] [20:24:59] : M3400	비상입니다. ON
[05-12-2018] [20:25:01] : MEAS ESC OFF
[05-12-2018] [20:25:01] : RESET ON
[05-12-2018] [20:25:01] : M3400	비상입니다. OFF
[05-12-2018] [20:25:05] : RESET ON
[05-12-2018] [20:27:07] : MEAS ESC ON
[05-12-2018] [20:27:07] : M3400	비상입니다. ON
[05-12-2018] [20:27:21] : MEAS ESC OFF
[05-12-2018] [20:27:21] : RESET ON
[05-12-2018] [20:27:21] : M3400	비상입니다. OFF
[05-12-2018] [20:31:34] : RESET ON
[05-12-2018] [20:31:40] : RESET ON
[05-12-2018] [20:31:40] : RESET ON
[05-12-2018] [20:31:41] : RESET ON
[05-12-2018] [20:31:48] : MEAS ESC ON
[05-12-2018] [20:31:48] : M3400	비상입니다. ON
[05-12-2018] [20:31:49] : M3401	MAIN AIR ALARM ON
[05-12-2018] [20:32:42] : MEAS ESC OFF
[05-12-2018] [20:32:42] : RESET ON
[05-12-2018] [20:32:42] : M3400	비상입니다. OFF
[05-12-2018] [20:32:42] : M3401	MAIN AIR ALARM OFF
[05-12-2018] [20:32:42] : MEAS ESC ON
[05-12-2018] [20:32:42] : M3400	비상입니다. ON
[05-12-2018] [20:32:42] : M3401	MAIN AIR ALARM ON
[05-12-2018] [20:32:43] : MEAS ESC OFF
[05-12-2018] [20:32:43] : RESET ON
[05-12-2018] [20:32:43] : M3400	비상입니다. OFF
[05-12-2018] [20:32:43] : M3401	MAIN AIR ALARM OFF
[05-12-2018] [20:32:56] : PROGRAM END
 
[05-12-2018] [20:36:37] : PROGRAM START
[05-12-2018] [20:36:37] : load project PLC
[05-12-2018] [20:36:42] : RESET ON
[05-12-2018] [20:39:08] : PROGRAM END
 
[05-12-2018] [20:40:28] : PROGRAM START
[05-12-2018] [20:40:28] : load project PLC
[05-12-2018] [20:41:27] : PROGRAM END
 
[05-12-2018] [20:42:17] : PROGRAM START
[05-12-2018] [20:42:17] : load project PLC
[05-12-2018] [20:43:22] : PROGRAM END
 
[05-12-2018] [20:43:41] : PROGRAM START
[05-12-2018] [20:43:41] : load project PLC
[05-12-2018] [20:44:04] : PROGRAM END
 
[05-12-2018] [20:44:19] : PROGRAM START
[05-12-2018] [20:44:19] : load project PLC
[05-12-2018] [20:44:39] : PROGRAM END
 
[05-12-2018] [20:46:56] : PROGRAM START
[05-12-2018] [20:46:56] : load project PLC
[05-12-2018] [20:47:40] : PROGRAM END
 
[05-12-2018] [20:48:21] : PROGRAM START
[05-12-2018] [20:48:21] : load project PLC
[05-12-2018] [20:48:48] : PROGRAM END
 
[05-12-2018] [20:49:09] : PROGRAM START
[05-12-2018] [20:49:09] : load project PLC
[05-12-2018] [20:49:49] : MEAS ESC ON
[05-12-2018] [20:49:49] : M3400	비상입니다. ON
[05-12-2018] [20:49:49] : MEAS ESC OFF
[05-12-2018] [20:49:49] : RESET ON
[05-12-2018] [20:49:49] : M3400	비상입니다. OFF
 
