[07-13-2018] [10:54:06] : REQUEST ZEROSET ON
[07-13-2018] [10:54:12] : REQUEST ZEROSET OFF
[07-13-2018] [10:55:09] : MEAS ON 2
[07-13-2018] [10:55:14] : MEAS 2OFF
[07-13-2018] [10:55:30] : MEAS ON 2
[07-13-2018] [10:55:35] : MEAS 2OFF
[07-13-2018] [10:55:51] : MEAS ON 2
[07-13-2018] [10:55:56] : MEAS 2OFF
[07-13-2018] [10:56:12] : MEAS ON 2
[07-13-2018] [10:56:17] : MEAS 2OFF
[07-13-2018] [10:56:33] : MEAS ON 2
[07-13-2018] [10:56:38] : MEAS 2OFF
[07-13-2018] [10:56:54] : MEAS ON 2
[07-13-2018] [10:56:59] : MEAS 2OFF
[07-13-2018] [10:57:15] : MEAS ON 2
[07-13-2018] [10:57:20] : MEAS 2OFF
[07-13-2018] [10:57:36] : MEAS ON 2
[07-13-2018] [10:57:41] : MEAS 2OFF
[07-13-2018] [10:57:57] : MEAS ON 2
[07-13-2018] [10:58:02] : MEAS 2OFF
[07-13-2018] [10:58:18] : MEAS ON 2
[07-13-2018] [10:58:23] : MEAS 2OFF
[07-13-2018] [10:59:03] : MEAS ON 2
[07-13-2018] [10:59:09] : MEAS 2OFF
[07-13-2018] [10:59:25] : MEAS ON 2
[07-13-2018] [10:59:30] : MEAS 2OFF
[07-13-2018] [10:59:46] : MEAS ON 2
[07-13-2018] [10:59:52] : MEAS 2OFF
[07-13-2018] [11:00:08] : MEAS ON 2
[07-13-2018] [11:00:13] : MEAS 2OFF
[07-13-2018] [11:00:29] : MEAS ON 2
[07-13-2018] [11:00:34] : MEAS 2OFF
[07-13-2018] [11:00:50] : MEAS ON 2
[07-13-2018] [11:00:55] : MEAS 2OFF
[07-13-2018] [11:01:11] : MEAS ON 2
[07-13-2018] [11:01:17] : MEAS 2OFF
[07-13-2018] [11:01:32] : MEAS ON 2
[07-13-2018] [11:01:38] : MEAS 2OFF
[07-13-2018] [11:01:53] : MEAS ON 2
[07-13-2018] [11:01:58] : MEAS 2OFF
[07-13-2018] [11:02:14] : MEAS ON 2
[07-13-2018] [11:02:19] : MEAS 2OFF
[07-13-2018] [11:03:06] : MEAS ON 2
[07-13-2018] [11:03:12] : MEAS 2OFF
[07-13-2018] [11:03:27] : MEAS ON 2
[07-13-2018] [11:03:32] : MEAS 2OFF
[07-13-2018] [11:03:48] : MEAS ON 2
[07-13-2018] [11:03:53] : MEAS 2OFF
[07-13-2018] [11:04:09] : MEAS ON 2
[07-13-2018] [11:04:14] : MEAS 2OFF
[07-13-2018] [11:04:30] : MEAS ON 2
[07-13-2018] [11:04:35] : MEAS 2OFF
[07-13-2018] [11:04:51] : MEAS ON 2
[07-13-2018] [11:04:56] : MEAS 2OFF
[07-13-2018] [11:05:12] : MEAS ON 2
[07-13-2018] [11:05:17] : MEAS 2OFF
[07-13-2018] [11:05:33] : MEAS ON 2
[07-13-2018] [11:05:38] : MEAS 2OFF
[07-13-2018] [11:05:54] : MEAS ON 2
[07-13-2018] [11:05:59] : MEAS 2OFF
[07-13-2018] [11:06:15] : MEAS ON 2
[07-13-2018] [11:06:20] : MEAS 2OFF
[07-13-2018] [11:07:02] : MEAS ON 2
[07-13-2018] [11:07:08] : MEAS 2OFF
[07-13-2018] [11:07:24] : MEAS ON 2
[07-13-2018] [11:07:30] : MEAS 2OFF
[07-13-2018] [11:07:45] : MEAS ON 2
[07-13-2018] [11:07:50] : MEAS 2OFF
[07-13-2018] [11:08:06] : MEAS ON 2
[07-13-2018] [11:08:11] : MEAS 2OFF
[07-13-2018] [11:08:27] : MEAS ON 2
[07-13-2018] [11:08:32] : MEAS 2OFF
[07-13-2018] [11:08:52] : MEAS ON 2
[07-13-2018] [11:08:58] : MEAS 2OFF
[07-13-2018] [11:09:14] : MEAS ON 2
[07-13-2018] [11:09:19] : MEAS 2OFF
[07-13-2018] [11:09:35] : MEAS ON 2
[07-13-2018] [11:09:40] : MEAS 2OFF
[07-13-2018] [11:09:56] : MEAS ON 2
[07-13-2018] [11:10:01] : MEAS 2OFF
[07-13-2018] [11:10:17] : MEAS ON 2
[07-13-2018] [11:10:22] : MEAS 2OFF
[07-13-2018] [11:11:07] : MEAS ON 2
[07-13-2018] [11:11:13] : MEAS 2OFF
[07-13-2018] [11:11:28] : MEAS ON 2
[07-13-2018] [11:11:33] : MEAS 2OFF
[07-13-2018] [11:11:49] : MEAS ON 2
[07-13-2018] [11:11:54] : MEAS 2OFF
[07-13-2018] [11:12:10] : MEAS ON 2
[07-13-2018] [11:12:15] : MEAS 2OFF
[07-13-2018] [11:12:31] : MEAS ON 2
[07-13-2018] [11:12:36] : MEAS 2OFF
[07-13-2018] [11:12:52] : MEAS ON 2
[07-13-2018] [11:12:57] : MEAS 2OFF
[07-13-2018] [11:13:13] : MEAS ON 2
[07-13-2018] [11:13:18] : MEAS 2OFF
[07-13-2018] [11:13:34] : MEAS ON 2
[07-13-2018] [11:13:39] : MEAS 2OFF
[07-13-2018] [11:13:55] : MEAS ON 2
[07-13-2018] [11:14:00] : MEAS 2OFF
[07-13-2018] [11:14:20] : MEAS ON 2
[07-13-2018] [11:14:26] : MEAS 2OFF
[07-13-2018] [11:15:15] : MEAS ON 2
[07-13-2018] [11:15:21] : MEAS 2OFF
[07-13-2018] [11:15:37] : MEAS ON 2
[07-13-2018] [11:15:42] : MEAS 2OFF
[07-13-2018] [11:15:58] : MEAS ON 2
[07-13-2018] [11:16:03] : MEAS 2OFF
[07-13-2018] [11:16:19] : MEAS ON 2
[07-13-2018] [11:16:24] : MEAS 2OFF
[07-13-2018] [11:16:40] : MEAS ON 2
[07-13-2018] [11:16:45] : MEAS 2OFF
[07-13-2018] [11:17:01] : MEAS ON 2
[07-13-2018] [11:17:06] : MEAS 2OFF
[07-13-2018] [11:17:22] : MEAS ON 2
[07-13-2018] [11:17:27] : MEAS 2OFF
[07-13-2018] [11:17:43] : MEAS ON 2
[07-13-2018] [11:17:48] : MEAS 2OFF
[07-13-2018] [11:18:04] : MEAS ON 2
[07-13-2018] [11:18:09] : MEAS 2OFF
[07-13-2018] [11:18:25] : MEAS ON 2
[07-13-2018] [11:18:30] : MEAS 2OFF
[07-13-2018] [11:19:11] : MEAS ON 2
[07-13-2018] [11:19:17] : MEAS 2OFF
[07-13-2018] [11:19:32] : MEAS ON 2
[07-13-2018] [11:19:37] : MEAS 2OFF
[07-13-2018] [11:19:53] : MEAS ON 2
[07-13-2018] [11:19:58] : MEAS 2OFF
[07-13-2018] [11:20:14] : MEAS ON 2
[07-13-2018] [11:20:19] : MEAS 2OFF
[07-13-2018] [11:20:35] : MEAS ON 2
[07-13-2018] [11:20:40] : MEAS 2OFF
[07-13-2018] [11:20:56] : MEAS ON 2
[07-13-2018] [11:21:01] : MEAS 2OFF
[07-13-2018] [11:21:17] : MEAS ON 2
[07-13-2018] [11:21:22] : MEAS 2OFF
[07-13-2018] [11:21:38] : MEAS ON 2
[07-13-2018] [11:21:43] : MEAS 2OFF
[07-13-2018] [11:21:59] : MEAS ON 2
[07-13-2018] [11:22:04] : MEAS 2OFF
[07-13-2018] [11:22:20] : MEAS ON 2
[07-13-2018] [11:22:25] : MEAS 2OFF
[07-13-2018] [11:23:29] : MEAS ON 2
[07-13-2018] [11:23:34] : MEAS 2OFF
[07-13-2018] [11:23:50] : MEAS ON 2
[07-13-2018] [11:23:56] : MEAS 2OFF
[07-13-2018] [11:24:15] : MEAS ON 2
[07-13-2018] [11:24:21] : MEAS 2OFF
[07-13-2018] [11:24:37] : MEAS ON 2
[07-13-2018] [11:24:42] : MEAS 2OFF
[07-13-2018] [11:24:58] : MEAS ON 2
[07-13-2018] [11:25:03] : MEAS 2OFF
[07-13-2018] [11:25:19] : MEAS ON 2
[07-13-2018] [11:25:24] : MEAS 2OFF
[07-13-2018] [11:25:40] : MEAS ON 2
[07-13-2018] [11:25:45] : MEAS 2OFF
[07-13-2018] [11:26:01] : MEAS ON 2
[07-13-2018] [11:26:06] : MEAS 2OFF
[07-13-2018] [11:26:22] : MEAS ON 2
[07-13-2018] [11:26:27] : MEAS 2OFF
[07-13-2018] [11:26:46] : MEAS ON 2
[07-13-2018] [11:26:51] : MEAS 2OFF
[07-13-2018] [11:27:53] : MEAS ON 2
[07-13-2018] [11:27:59] : MEAS 2OFF
[07-13-2018] [11:28:14] : MEAS ON 2
[07-13-2018] [11:28:19] : MEAS 2OFF
[07-13-2018] [11:28:35] : MEAS ON 2
[07-13-2018] [11:28:40] : MEAS 2OFF
[07-13-2018] [11:28:56] : MEAS ON 2
[07-13-2018] [11:29:01] : MEAS 2OFF
[07-13-2018] [11:29:17] : MEAS ON 2
[07-13-2018] [11:29:22] : MEAS 2OFF
[07-13-2018] [11:29:42] : MEAS ON 2
[07-13-2018] [11:29:48] : MEAS 2OFF
[07-13-2018] [11:35:08] : MEAS ON 2
[07-13-2018] [11:35:14] : MEAS 2OFF
[07-13-2018] [11:37:24] : MEAS ON 2
[07-13-2018] [11:37:30] : MEAS 2OFF
[07-13-2018] [11:37:52] : MEAS ON 2
[07-13-2018] [11:37:58] : MEAS 2OFF
[07-13-2018] [11:38:19] : MEAS ON 2
[07-13-2018] [11:38:24] : MEAS 2OFF
[07-13-2018] [11:38:40] : MEAS ON 2
[07-13-2018] [11:38:46] : MEAS 2OFF
[07-13-2018] [11:39:10] : MEAS ON 2
[07-13-2018] [11:39:16] : MEAS 2OFF
[07-13-2018] [11:39:34] : MEAS ON 2
[07-13-2018] [11:39:40] : MEAS 2OFF
[07-13-2018] [11:41:36] : MEAS ON 2
[07-13-2018] [11:41:42] : MEAS 2OFF
[07-13-2018] [11:42:05] : MEAS ON 2
[07-13-2018] [11:42:11] : MEAS 2OFF
[07-13-2018] [11:42:29] : MEAS ON 2
[07-13-2018] [11:42:35] : MEAS 2OFF
[07-13-2018] [11:43:15] : MEAS ON 2
[07-13-2018] [11:43:21] : MEAS 2OFF
[07-13-2018] [11:43:45] : MEAS ESC ON
[07-13-2018] [11:43:45] : M3400	비상입니다. ON
[07-13-2018] [11:43:48] : MEAS ESC OFF
[07-13-2018] [11:43:48] : RESET ON
[07-13-2018] [11:43:48] : M3400	비상입니다. OFF
[07-13-2018] [11:43:48] : MEAS ESC ON
[07-13-2018] [11:43:48] : M3400	비상입니다. ON
[07-13-2018] [11:43:49] : MEAS ESC OFF
[07-13-2018] [11:43:49] : RESET ON
[07-13-2018] [11:43:49] : M3400	비상입니다. OFF
[07-13-2018] [11:44:09] : MEAS ON 2
[07-13-2018] [11:44:15] : MEAS 2OFF
[07-13-2018] [11:44:41] : MEAS ON 2
[07-13-2018] [11:44:47] : MEAS 2OFF
[07-13-2018] [11:45:12] : MEAS ON 2
[07-13-2018] [11:45:18] : MEAS 2OFF
[07-13-2018] [11:46:26] : MEAS ON 2
[07-13-2018] [11:46:32] : MEAS 2OFF
[07-13-2018] [11:46:54] : MEAS ON 2
[07-13-2018] [11:46:59] : MEAS 2OFF
[07-13-2018] [11:47:19] : MEAS ON 2
[07-13-2018] [11:47:25] : MEAS 2OFF
[07-13-2018] [11:47:47] : MEAS ON 2
[07-13-2018] [11:47:53] : MEAS 2OFF
[07-13-2018] [11:49:17] : MEAS ON 2
[07-13-2018] [11:49:23] : MEAS 2OFF
[07-13-2018] [11:49:38] : MEAS ON 2
[07-13-2018] [11:49:43] : MEAS 2OFF
[07-13-2018] [11:49:59] : MEAS ON 2
[07-13-2018] [11:50:04] : MEAS 2OFF
 
[07-13-2018] [11:50:20] : MEAS ON 2
[07-13-2018] [11:50:25] : MEAS 2OFF
[07-13-2018] [11:50:41] : MEAS ON 2
[07-13-2018] [11:50:46] : MEAS 2OFF
[07-13-2018] [11:51:02] : MEAS ON 2
[07-13-2018] [11:51:07] : MEAS 2OFF
[07-13-2018] [11:51:23] : MEAS ON 2
[07-13-2018] [11:51:28] : MEAS 2OFF
[07-13-2018] [11:51:44] : MEAS ON 2
[07-13-2018] [11:51:49] : MEAS 2OFF
[07-13-2018] [11:52:05] : MEAS ON 2
[07-13-2018] [11:52:10] : MEAS 2OFF
[07-13-2018] [11:52:26] : MEAS ON 2
[07-13-2018] [11:52:31] : MEAS 2OFF
[07-13-2018] [11:53:07] : MEAS ON 2
[07-13-2018] [11:53:13] : MEAS 2OFF
[07-13-2018] [11:53:28] : MEAS ON 2
[07-13-2018] [11:53:33] : MEAS 2OFF
[07-13-2018] [11:53:49] : MEAS ON 2
[07-13-2018] [11:53:54] : MEAS 2OFF
[07-13-2018] [11:54:10] : MEAS ON 2
[07-13-2018] [11:54:15] : MEAS 2OFF
[07-13-2018] [11:54:31] : MEAS ON 2
[07-13-2018] [11:54:36] : MEAS 2OFF
[07-13-2018] [11:54:52] : MEAS ON 2
[07-13-2018] [11:54:57] : MEAS 2OFF
[07-13-2018] [11:55:13] : MEAS ON 2
[07-13-2018] [11:55:19] : MEAS 2OFF
[07-13-2018] [11:55:34] : MEAS ON 2
[07-13-2018] [11:55:40] : MEAS 2OFF
[07-13-2018] [11:55:56] : MEAS ON 2
[07-13-2018] [11:56:01] : MEAS 2OFF
[07-13-2018] [11:56:17] : MEAS ON 2
[07-13-2018] [11:56:22] : MEAS 2OFF
[07-13-2018] [11:56:45] : MEAS ON 2
[07-13-2018] [11:56:51] : MEAS 2OFF
[07-13-2018] [11:57:06] : MEAS ON 2
[07-13-2018] [11:57:11] : MEAS 2OFF
[07-13-2018] [11:57:27] : MEAS ON 2
[07-13-2018] [11:57:32] : MEAS 2OFF
[07-13-2018] [11:57:48] : MEAS ON 2
[07-13-2018] [11:57:53] : MEAS 2OFF
[07-13-2018] [11:58:09] : MEAS ON 2
[07-13-2018] [11:58:14] : MEAS 2OFF
[07-13-2018] [11:58:30] : MEAS ON 2
[07-13-2018] [11:58:35] : MEAS 2OFF
[07-13-2018] [11:58:51] : MEAS ON 2
[07-13-2018] [11:58:56] : MEAS 2OFF
[07-13-2018] [11:59:12] : MEAS ON 2
[07-13-2018] [11:59:17] : MEAS 2OFF
[07-13-2018] [11:59:33] : MEAS ON 2
[07-13-2018] [11:59:38] : MEAS 2OFF
[07-13-2018] [11:59:54] : MEAS ON 2
[07-13-2018] [11:59:59] : MEAS 2OFF
[07-13-2018] [12:01:03] : MEAS ON 2
[07-13-2018] [12:01:09] : MEAS 2OFF
[07-13-2018] [12:01:25] : MEAS ON 2
[07-13-2018] [12:01:31] : MEAS 2OFF
[07-13-2018] [12:01:49] : MEAS ON 2
[07-13-2018] [12:01:55] : MEAS 2OFF
[07-13-2018] [12:02:11] : MEAS ON 2
[07-13-2018] [12:02:17] : MEAS 2OFF
[07-13-2018] [12:02:36] : MEAS ON 2
[07-13-2018] [12:02:42] : MEAS 2OFF
[07-13-2018] [12:03:02] : MEAS ON 2
[07-13-2018] [12:03:08] : MEAS 2OFF
[07-13-2018] [12:03:23] : MEAS ON 2
[07-13-2018] [12:03:28] : MEAS 2OFF
[07-13-2018] [12:03:47] : MEAS ON 2
[07-13-2018] [12:03:52] : MEAS 2OFF
[07-13-2018] [12:04:30] : MEAS ON 2
[07-13-2018] [12:04:36] : MEAS 2OFF
[07-13-2018] [12:04:55] : MEAS ON 2
[07-13-2018] [12:05:01] : MEAS 2OFF
[07-13-2018] [12:05:17] : MEAS ON 2
[07-13-2018] [12:05:22] : MEAS 2OFF
[07-13-2018] [12:05:38] : MEAS ON 2
[07-13-2018] [12:05:43] : MEAS 2OFF
[07-13-2018] [12:05:59] : MEAS ON 2
[07-13-2018] [12:06:04] : MEAS 2OFF
[07-13-2018] [12:06:20] : MEAS ON 2
[07-13-2018] [12:06:25] : MEAS 2OFF
[07-13-2018] [12:06:41] : MEAS ON 2
[07-13-2018] [12:06:46] : MEAS 2OFF
[07-13-2018] [12:07:02] : MEAS ON 2
[07-13-2018] [12:07:07] : MEAS 2OFF
[07-13-2018] [12:07:23] : MEAS ON 2
[07-13-2018] [12:07:28] : MEAS 2OFF
[07-13-2018] [12:07:47] : MEAS ON 2
[07-13-2018] [12:07:52] : MEAS 2OFF
[07-13-2018] [12:09:04] : MEAS ON 2
[07-13-2018] [12:09:10] : MEAS 2OFF
[07-13-2018] [12:09:26] : MEAS ON 2
[07-13-2018] [12:09:32] : MEAS 2OFF
[07-13-2018] [12:09:50] : MEAS ON 2
[07-13-2018] [12:09:56] : MEAS 2OFF
[07-13-2018] [12:10:25] : MEAS ON 2
[07-13-2018] [12:10:31] : MEAS 2OFF
[07-13-2018] [12:10:46] : MEAS ON 2
[07-13-2018] [12:10:52] : MEAS 2OFF
[07-13-2018] [12:13:35] : MEAS ON 2
[07-13-2018] [12:13:40] : MEAS 2OFF
[07-13-2018] [12:13:59] : MEAS ON 2
[07-13-2018] [12:14:04] : MEAS 2OFF
[07-13-2018] [12:14:20] : MEAS ON 2
[07-13-2018] [12:14:25] : MEAS 2OFF
[07-13-2018] [12:14:41] : MEAS ON 2
[07-13-2018] [12:14:46] : MEAS 2OFF
[07-13-2018] [12:15:02] : MEAS ON 2
[07-13-2018] [12:15:07] : MEAS 2OFF
[07-13-2018] [12:15:23] : MEAS ON 2
[07-13-2018] [12:15:28] : MEAS 2OFF
[07-13-2018] [12:15:44] : MEAS ON 2
[07-13-2018] [12:15:49] : MEAS 2OFF
[07-13-2018] [12:16:05] : MEAS ON 2
[07-13-2018] [12:16:10] : MEAS 2OFF
[07-13-2018] [12:16:26] : MEAS ON 2
[07-13-2018] [12:16:31] : MEAS 2OFF
[07-13-2018] [12:16:46] : MEAS ON 2
[07-13-2018] [12:16:52] : MEAS 2OFF
[07-13-2018] [12:17:08] : MEAS ON 2
[07-13-2018] [12:17:13] : MEAS 2OFF
[07-13-2018] [12:18:02] : MEAS ON 2
[07-13-2018] [12:18:08] : MEAS 2OFF
[07-13-2018] [12:18:23] : MEAS ON 2
[07-13-2018] [12:18:28] : MEAS 2OFF
[07-13-2018] [12:18:44] : MEAS ON 2
[07-13-2018] [12:18:49] : MEAS 2OFF
[07-13-2018] [12:19:05] : MEAS ON 2
[07-13-2018] [12:19:10] : MEAS 2OFF
[07-13-2018] [12:19:26] : MEAS ON 2
[07-13-2018] [12:19:31] : MEAS 2OFF
[07-13-2018] [12:19:47] : MEAS ON 2
[07-13-2018] [12:19:52] : MEAS 2OFF
[07-13-2018] [12:20:08] : MEAS ON 2
[07-13-2018] [12:20:13] : MEAS 2OFF
[07-13-2018] [12:20:29] : MEAS ON 2
[07-13-2018] [12:20:34] : MEAS 2OFF
[07-13-2018] [12:20:50] : MEAS ON 2
[07-13-2018] [12:20:55] : MEAS 2OFF
[07-13-2018] [12:21:11] : MEAS ON 2
[07-13-2018] [12:21:16] : MEAS 2OFF
[07-13-2018] [12:21:42] : MEAS ON 2
[07-13-2018] [12:21:48] : MEAS 2OFF
[07-13-2018] [12:22:06] : MEAS ON 2
[07-13-2018] [12:22:12] : MEAS 2OFF
[07-13-2018] [12:22:29] : MEAS ON 2
[07-13-2018] [12:22:35] : MEAS 2OFF
[07-13-2018] [12:22:51] : MEAS ON 2
[07-13-2018] [12:22:56] : MEAS 2OFF
[07-13-2018] [12:23:15] : MEAS ON 2
[07-13-2018] [12:23:20] : MEAS 2OFF
[07-13-2018] [12:23:36] : MEAS ON 2
[07-13-2018] [12:23:42] : MEAS 2OFF
[07-13-2018] [12:24:01] : MEAS ON 2
[07-13-2018] [12:24:07] : MEAS 2OFF
[07-13-2018] [12:24:23] : MEAS ON 2
[07-13-2018] [12:24:29] : MEAS 2OFF
[07-13-2018] [12:24:45] : MEAS ON 2
[07-13-2018] [12:24:50] : MEAS 2OFF
[07-13-2018] [12:25:09] : MEAS ON 2
[07-13-2018] [12:25:14] : MEAS 2OFF
[07-13-2018] [12:46:03] : MEAS ON 2
[07-13-2018] [12:46:09] : MEAS 2OFF
[07-13-2018] [12:46:25] : MEAS ON 2
[07-13-2018] [12:46:30] : MEAS 2OFF
[07-13-2018] [12:46:46] : MEAS ON 2
[07-13-2018] [12:46:51] : MEAS 2OFF
[07-13-2018] [12:47:07] : MEAS ON 2
[07-13-2018] [12:47:12] : MEAS 2OFF
[07-13-2018] [12:47:28] : MEAS ON 2
[07-13-2018] [12:47:33] : MEAS 2OFF
[07-13-2018] [12:47:49] : MEAS ON 2
[07-13-2018] [12:47:54] : MEAS 2OFF
[07-13-2018] [12:48:10] : MEAS ON 2
[07-13-2018] [12:48:15] : MEAS 2OFF
[07-13-2018] [12:48:31] : MEAS ON 2
[07-13-2018] [12:48:36] : MEAS 2OFF
[07-13-2018] [12:48:52] : MEAS ON 2
[07-13-2018] [12:48:57] : MEAS 2OFF
[07-13-2018] [12:49:13] : MEAS ON 2
[07-13-2018] [12:49:18] : MEAS 2OFF
[07-13-2018] [12:49:45] : MEAS ON 2
[07-13-2018] [12:49:51] : MEAS 2OFF
[07-13-2018] [12:50:06] : MEAS ON 2
[07-13-2018] [12:50:11] : MEAS 2OFF
[07-13-2018] [12:50:27] : MEAS ON 2
[07-13-2018] [12:50:32] : MEAS 2OFF
[07-13-2018] [12:50:48] : MEAS ON 2
[07-13-2018] [12:50:53] : MEAS 2OFF
[07-13-2018] [12:51:09] : MEAS ON 2
[07-13-2018] [12:51:14] : MEAS 2OFF
[07-13-2018] [12:51:30] : MEAS ON 2
[07-13-2018] [12:51:35] : MEAS 2OFF
[07-13-2018] [12:51:51] : MEAS ON 2
[07-13-2018] [12:51:56] : MEAS 2OFF
[07-13-2018] [12:52:12] : MEAS ON 2
[07-13-2018] [12:52:17] : MEAS 2OFF
[07-13-2018] [12:52:33] : MEAS ON 2
[07-13-2018] [12:52:38] : MEAS 2OFF
[07-13-2018] [12:52:54] : MEAS ON 2
[07-13-2018] [12:52:59] : MEAS 2OFF
[07-13-2018] [12:53:22] : MEAS ESC ON
[07-13-2018] [12:53:22] : M3400	비상입니다. ON
[07-13-2018] [12:53:27] : MEAS ESC OFF
[07-13-2018] [12:53:27] : RESET ON
[07-13-2018] [12:53:27] : M3400	비상입니다. OFF
[07-13-2018] [12:53:27] : MEAS ESC ON
[07-13-2018] [12:53:27] : M3400	비상입니다. ON
[07-13-2018] [12:53:50] : MEAS ESC OFF
[07-13-2018] [12:53:50] : RESET ON
[07-13-2018] [12:53:50] : M3400	비상입니다. OFF
[07-13-2018] [12:53:51] : RESET ON
[07-13-2018] [12:54:33] : MEAS ON 2
[07-13-2018] [12:54:39] : MEAS 2OFF
[07-13-2018] [12:54:57] : MEAS ON 2
[07-13-2018] [12:55:02] : MEAS 2OFF
[07-13-2018] [12:55:18] : MEAS ON 2
[07-13-2018] [12:55:23] : MEAS 2OFF
[07-13-2018] [12:55:39] : MEAS ON 2
[07-13-2018] [12:55:44] : MEAS 2OFF
[07-13-2018] [12:56:00] : MEAS ON 2
[07-13-2018] [12:56:05] : MEAS 2OFF
[07-13-2018] [12:56:21] : MEAS ON 2
[07-13-2018] [12:56:26] : MEAS 2OFF
[07-13-2018] [12:56:42] : MEAS ON 2
[07-13-2018] [12:56:47] : MEAS 2OFF
[07-13-2018] [12:57:03] : MEAS ON 2
[07-13-2018] [12:57:08] : MEAS 2OFF
[07-13-2018] [12:57:24] : MEAS ON 2
[07-13-2018] [12:57:29] : MEAS 2OFF
[07-13-2018] [12:57:45] : MEAS ON 2
[07-13-2018] [12:57:50] : MEAS 2OFF
[07-13-2018] [12:58:15] : MEAS ON 2
[07-13-2018] [12:58:21] : MEAS 2OFF
[07-13-2018] [12:58:36] : MEAS ON 2
[07-13-2018] [12:58:41] : MEAS 2OFF
[07-13-2018] [12:58:57] : MEAS ON 2
[07-13-2018] [12:59:02] : MEAS 2OFF
[07-13-2018] [12:59:18] : MEAS ON 2
[07-13-2018] [12:59:23] : MEAS 2OFF
[07-13-2018] [12:59:39] : MEAS ON 2
[07-13-2018] [12:59:44] : MEAS 2OFF
[07-13-2018] [13:00:00] : MEAS ON 2
[07-13-2018] [13:00:05] : MEAS 2OFF
[07-13-2018] [13:00:21] : MEAS ON 2
[07-13-2018] [13:00:26] : MEAS 2OFF
[07-13-2018] [13:00:42] : MEAS ON 2
[07-13-2018] [13:00:47] : MEAS 2OFF
[07-13-2018] [13:01:03] : MEAS ON 2
[07-13-2018] [13:01:08] : MEAS 2OFF
[07-13-2018] [13:01:24] : MEAS ON 2
[07-13-2018] [13:01:29] : MEAS 2OFF
[07-13-2018] [13:01:56] : MEAS ON 2
[07-13-2018] [13:02:02] : MEAS 2OFF
[07-13-2018] [13:02:18] : MEAS ON 2
[07-13-2018] [13:02:23] : MEAS 2OFF
[07-13-2018] [13:02:39] : MEAS ON 2
[07-13-2018] [13:02:44] : MEAS 2OFF
[07-13-2018] [13:03:00] : MEAS ON 2
[07-13-2018] [13:03:05] : MEAS 2OFF
[07-13-2018] [13:03:21] : MEAS ON 2
[07-13-2018] [13:03:26] : MEAS 2OFF
[07-13-2018] [13:03:42] : MEAS ON 2
[07-13-2018] [13:03:47] : MEAS 2OFF
[07-13-2018] [13:04:03] : MEAS ON 2
[07-13-2018] [13:04:08] : MEAS 2OFF
[07-13-2018] [13:04:24] : MEAS ON 2
[07-13-2018] [13:04:29] : MEAS 2OFF
[07-13-2018] [13:04:45] : MEAS ON 2
[07-13-2018] [13:04:50] : MEAS 2OFF
[07-13-2018] [13:05:06] : MEAS ON 2
[07-13-2018] [13:05:11] : MEAS 2OFF
[07-13-2018] [13:05:56] : MEAS ON 2
[07-13-2018] [13:06:01] : MEAS 2OFF
[07-13-2018] [13:06:17] : MEAS ON 2
[07-13-2018] [13:06:22] : MEAS 2OFF
[07-13-2018] [13:06:38] : MEAS ON 2
[07-13-2018] [13:06:43] : MEAS 2OFF
[07-13-2018] [13:06:59] : MEAS ON 2
[07-13-2018] [13:07:04] : MEAS 2OFF
[07-13-2018] [13:07:24] : MEAS ON 2
[07-13-2018] [13:07:30] : MEAS 2OFF
[07-13-2018] [13:07:45] : MEAS ON 2
[07-13-2018] [13:07:50] : MEAS 2OFF
[07-13-2018] [13:08:06] : MEAS ON 2
[07-13-2018] [13:08:11] : MEAS 2OFF
[07-13-2018] [13:08:27] : MEAS ON 2
[07-13-2018] [13:08:32] : MEAS 2OFF
[07-13-2018] [13:08:48] : MEAS ON 2
[07-13-2018] [13:08:53] : MEAS 2OFF
[07-13-2018] [13:09:12] : MEAS ON 2
[07-13-2018] [13:09:17] : MEAS 2OFF
[07-13-2018] [13:09:42] : MEAS ON 2
[07-13-2018] [13:09:48] : MEAS 2OFF
[07-13-2018] [13:10:03] : MEAS ON 2
[07-13-2018] [13:10:09] : MEAS 2OFF
[07-13-2018] [13:10:24] : MEAS ON 2
[07-13-2018] [13:10:29] : MEAS 2OFF
[07-13-2018] [13:10:45] : MEAS ON 2
[07-13-2018] [13:10:50] : MEAS 2OFF
[07-13-2018] [13:11:06] : MEAS ON 2
[07-13-2018] [13:11:11] : MEAS 2OFF
[07-13-2018] [13:11:27] : MEAS ON 2
[07-13-2018] [13:11:32] : MEAS 2OFF
[07-13-2018] [13:11:48] : MEAS ON 2
[07-13-2018] [13:11:53] : MEAS 2OFF
[07-13-2018] [13:12:09] : MEAS ON 2
[07-13-2018] [13:12:14] : MEAS 2OFF
[07-13-2018] [13:12:30] : MEAS ON 2
[07-13-2018] [13:12:35] : MEAS 2OFF
[07-13-2018] [13:12:51] : MEAS ON 2
[07-13-2018] [13:12:56] : MEAS 2OFF
[07-13-2018] [13:13:19] : MEAS ON 2
[07-13-2018] [13:13:25] : MEAS 2OFF
[07-13-2018] [13:13:41] : MEAS ON 2
[07-13-2018] [13:13:46] : MEAS 2OFF
[07-13-2018] [13:14:05] : MEAS ON 2
[07-13-2018] [13:14:11] : MEAS 2OFF
[07-13-2018] [13:14:27] : MEAS ON 2
[07-13-2018] [13:14:32] : MEAS 2OFF
[07-13-2018] [13:14:51] : MEAS ON 2
[07-13-2018] [13:14:57] : MEAS 2OFF
[07-13-2018] [13:15:14] : MEAS ON 2
[07-13-2018] [13:15:20] : MEAS 2OFF
[07-13-2018] [13:15:36] : MEAS ON 2
[07-13-2018] [13:15:41] : MEAS 2OFF
[07-13-2018] [13:16:00] : MEAS ON 2
[07-13-2018] [13:16:06] : MEAS 2OFF
[07-13-2018] [13:16:21] : MEAS ON 2
[07-13-2018] [13:16:26] : MEAS 2OFF
[07-13-2018] [13:16:42] : MEAS ON 2
[07-13-2018] [13:16:48] : MEAS 2OFF
[07-13-2018] [13:31:04] : PROGRAM END
 
[07-13-2018] [13:31:07] : PROGRAM START
[07-13-2018] [14:56:42] : PROGRAM END
 
[07-13-2018] [14:56:46] : PROGRAM START
[07-13-2018] [15:01:24] : PROGRAM END
 
[07-13-2018] [15:01:30] : PROGRAM START
[07-13-2018] [15:02:46] : PROGRAM END
 
[07-13-2018] [15:04:13] : PROGRAM START
[07-13-2018] [15:04:39] : PROGRAM END
 
[07-13-2018] [15:05:32] : PROGRAM START
[07-13-2018] [15:06:45] : PROGRAM END
 
[07-13-2018] [15:08:37] : PROGRAM START
[07-13-2018] [15:09:18] : PROGRAM END
 
[07-13-2018] [15:22:40] : PROGRAM START
[07-13-2018] [15:23:45] : PROGRAM END
 
[07-13-2018] [15:31:31] : PROGRAM START
[07-13-2018] [15:32:25] : PROGRAM END
 
[07-13-2018] [15:32:28] : PROGRAM START
[07-13-2018] [15:36:36] : MEAS ON 2
[07-13-2018] [15:36:42] : MEAS 2OFF
[07-13-2018] [15:36:59] : MEAS ON 2
[07-13-2018] [15:37:05] : MEAS 2OFF
[07-13-2018] [15:37:21] : MEAS ON 2
[07-13-2018] [15:37:26] : MEAS 2OFF
[07-13-2018] [15:37:42] : MEAS ON 2
[07-13-2018] [15:37:47] : MEAS 2OFF
[07-13-2018] [15:38:06] : MEAS ON 2
[07-13-2018] [15:38:12] : MEAS 2OFF
[07-13-2018] [15:38:30] : MEAS ON 2
[07-13-2018] [15:38:36] : MEAS 2OFF
[07-13-2018] [15:38:53] : MEAS ON 2
[07-13-2018] [15:38:59] : MEAS 2OFF
[07-13-2018] [15:39:16] : MEAS ON 2
[07-13-2018] [15:39:21] : MEAS 2OFF
[07-13-2018] [15:39:37] : MEAS ON 2
[07-13-2018] [15:39:43] : MEAS 2OFF
[07-13-2018] [15:40:02] : MEAS ON 2
[07-13-2018] [15:40:08] : MEAS 2OFF
[07-13-2018] [15:40:38] : MEAS ON 2
[07-13-2018] [15:40:43] : MEAS 2OFF
[07-13-2018] [15:41:02] : MEAS ON 2
[07-13-2018] [15:41:07] : MEAS 2OFF
[07-13-2018] [15:41:25] : MEAS ON 2
[07-13-2018] [15:41:30] : MEAS 2OFF
[07-13-2018] [15:41:47] : MEAS ON 2
[07-13-2018] [15:41:52] : MEAS 2OFF
[07-13-2018] [15:42:10] : MEAS ON 2
[07-13-2018] [15:42:16] : MEAS 2OFF
[07-13-2018] [15:42:32] : MEAS ON 2
[07-13-2018] [15:42:38] : MEAS 2OFF
[07-13-2018] [15:42:54] : MEAS ON 2
[07-13-2018] [15:43:00] : MEAS 2OFF
[07-13-2018] [15:43:15] : MEAS ON 2
[07-13-2018] [15:43:20] : MEAS 2OFF
[07-13-2018] [15:43:40] : MEAS ON 2
[07-13-2018] [15:43:46] : MEAS 2OFF
[07-13-2018] [15:44:04] : MEAS ON 2
[07-13-2018] [15:44:10] : MEAS 2OFF
[07-13-2018] [15:44:38] : MEAS ON 2
[07-13-2018] [15:44:44] : MEAS 2OFF
[07-13-2018] [15:45:00] : MEAS ON 2
[07-13-2018] [15:45:06] : MEAS 2OFF
[07-13-2018] [15:45:21] : MEAS ON 2
[07-13-2018] [15:45:26] : MEAS 2OFF
[07-13-2018] [15:45:42] : MEAS ON 2
[07-13-2018] [15:45:47] : MEAS 2OFF
[07-13-2018] [15:46:07] : MEAS ON 2
[07-13-2018] [15:46:13] : MEAS 2OFF
[07-13-2018] [15:46:32] : MEAS ON 2
[07-13-2018] [15:46:38] : MEAS 2OFF
[07-13-2018] [15:46:57] : MEAS ON 2
[07-13-2018] [15:47:03] : MEAS 2OFF
[07-13-2018] [15:47:21] : MEAS ON 2
[07-13-2018] [15:47:27] : MEAS 2OFF
[07-13-2018] [15:47:44] : MEAS ON 2
[07-13-2018] [15:47:50] : MEAS 2OFF
[07-13-2018] [15:48:08] : MEAS ON 2
[07-13-2018] [15:48:14] : MEAS 2OFF
[07-13-2018] [15:48:44] : MEAS ON 2
[07-13-2018] [15:48:50] : MEAS 2OFF
[07-13-2018] [15:49:09] : MEAS ON 2
[07-13-2018] [15:49:15] : MEAS 2OFF
[07-13-2018] [15:49:34] : MEAS ON 2
[07-13-2018] [15:49:40] : MEAS 2OFF
[07-13-2018] [15:49:58] : MEAS ON 2
[07-13-2018] [15:50:03] : MEAS 2OFF
[07-13-2018] [15:50:21] : MEAS ON 2
[07-13-2018] [15:50:27] : MEAS 2OFF
[07-13-2018] [15:50:44] : MEAS ON 2
[07-13-2018] [15:50:49] : MEAS 2OFF
[07-13-2018] [15:51:06] : MEAS ON 2
[07-13-2018] [15:51:12] : MEAS 2OFF
[07-13-2018] [15:51:28] : MEAS ON 2
[07-13-2018] [15:51:34] : MEAS 2OFF
[07-13-2018] [15:51:49] : MEAS ON 2
[07-13-2018] [15:51:54] : MEAS 2OFF
[07-13-2018] [15:52:14] : MEAS ON 2
[07-13-2018] [15:52:20] : MEAS 2OFF
[07-13-2018] [15:52:58] : MEAS ON 2
[07-13-2018] [15:53:04] : MEAS 2OFF
[07-13-2018] [15:53:23] : MEAS ON 2
[07-13-2018] [15:53:29] : MEAS 2OFF
[07-13-2018] [15:53:47] : MEAS ON 2
[07-13-2018] [15:53:53] : MEAS 2OFF
[07-13-2018] [15:54:12] : MEAS ON 2
[07-13-2018] [15:54:18] : MEAS 2OFF
[07-13-2018] [15:54:37] : MEAS ON 2
[07-13-2018] [15:54:42] : MEAS 2OFF
[07-13-2018] [15:55:00] : MEAS ON 2
[07-13-2018] [15:55:05] : MEAS 2OFF
[07-13-2018] [15:55:23] : MEAS ON 2
[07-13-2018] [15:55:29] : MEAS 2OFF
[07-13-2018] [15:55:47] : MEAS ON 2
[07-13-2018] [15:55:52] : MEAS 2OFF
[07-13-2018] [15:56:08] : MEAS ON 2
[07-13-2018] [15:56:13] : MEAS 2OFF
[07-13-2018] [15:56:33] : MEAS ON 2
[07-13-2018] [15:56:39] : MEAS 2OFF
[07-13-2018] [15:57:12] : MEAS ON 2
[07-13-2018] [15:57:18] : MEAS 2OFF
[07-13-2018] [15:57:35] : MEAS ON 2
[07-13-2018] [15:57:41] : MEAS 2OFF
[07-13-2018] [15:57:59] : MEAS ON 2
[07-13-2018] [15:58:05] : MEAS 2OFF
[07-13-2018] [15:58:22] : MEAS ON 2
[07-13-2018] [15:58:28] : MEAS 2OFF
[07-13-2018] [15:58:45] : MEAS ON 2
[07-13-2018] [15:58:51] : MEAS 2OFF
[07-13-2018] [15:59:07] : MEAS ON 2
[07-13-2018] [15:59:12] : MEAS 2OFF
[07-13-2018] [15:59:28] : MEAS ON 2
[07-13-2018] [15:59:33] : MEAS 2OFF
[07-13-2018] [15:59:53] : MEAS ON 2
[07-13-2018] [15:59:59] : MEAS 2OFF
[07-13-2018] [16:00:19] : MEAS ON 2
[07-13-2018] [16:00:25] : MEAS 2OFF
[07-13-2018] [16:00:44] : MEAS ON 2
[07-13-2018] [16:00:50] : MEAS 2OFF
[07-13-2018] [16:01:21] : MEAS ON 2
[07-13-2018] [16:01:27] : MEAS 2OFF
[07-13-2018] [16:01:45] : MEAS ON 2
[07-13-2018] [16:01:51] : MEAS 2OFF
[07-13-2018] [16:02:09] : MEAS ON 2
[07-13-2018] [16:02:15] : MEAS 2OFF
[07-13-2018] [16:02:32] : MEAS ON 2
[07-13-2018] [16:02:37] : MEAS 2OFF
[07-13-2018] [16:02:54] : MEAS ON 2
[07-13-2018] [16:03:00] : MEAS 2OFF
[07-13-2018] [16:03:15] : MEAS ON 2
[07-13-2018] [16:03:21] : MEAS 2OFF
[07-13-2018] [16:03:37] : MEAS ON 2
[07-13-2018] [16:03:42] : MEAS 2OFF
[07-13-2018] [16:03:58] : MEAS ON 2
[07-13-2018] [16:04:03] : MEAS 2OFF
[07-13-2018] [16:04:19] : MEAS ON 2
[07-13-2018] [16:04:24] : MEAS 2OFF
[07-13-2018] [16:04:40] : MEAS ON 2
[07-13-2018] [16:04:45] : MEAS 2OFF
[07-13-2018] [16:05:21] : MEAS ON 2
[07-13-2018] [16:05:27] : MEAS 2OFF
[07-13-2018] [16:05:44] : MEAS ON 2
[07-13-2018] [16:05:49] : MEAS 2OFF
[07-13-2018] [16:06:07] : MEAS ON 2
[07-13-2018] [16:06:12] : MEAS 2OFF
[07-13-2018] [16:06:29] : MEAS ON 2
[07-13-2018] [16:06:35] : MEAS 2OFF
[07-13-2018] [16:06:52] : MEAS ON 2
[07-13-2018] [16:06:58] : MEAS 2OFF
[07-13-2018] [16:07:15] : MEAS ON 2
[07-13-2018] [16:07:21] : MEAS 2OFF
[07-13-2018] [16:07:37] : MEAS ON 2
[07-13-2018] [16:07:43] : MEAS 2OFF
[07-13-2018] [16:07:58] : MEAS ON 2
[07-13-2018] [16:08:04] : MEAS 2OFF
[07-13-2018] [16:08:20] : MEAS ON 2
[07-13-2018] [16:08:26] : MEAS 2OFF
[07-13-2018] [16:08:41] : MEAS ON 2
[07-13-2018] [16:08:47] : MEAS 2OFF
[07-13-2018] [16:09:18] : MEAS ON 2
[07-13-2018] [16:09:24] : MEAS 2OFF
[07-13-2018] [16:09:40] : MEAS ON 2
[07-13-2018] [16:09:46] : MEAS 2OFF
[07-13-2018] [16:10:02] : MEAS ON 2
[07-13-2018] [16:10:08] : MEAS 2OFF
[07-13-2018] [16:10:25] : MEAS ON 2
[07-13-2018] [16:10:31] : MEAS 2OFF
[07-13-2018] [16:10:49] : MEAS ON 2
[07-13-2018] [16:10:55] : MEAS 2OFF
[07-13-2018] [16:11:11] : MEAS ON 2
[07-13-2018] [16:11:17] : MEAS 2OFF
[07-13-2018] [16:11:34] : MEAS ON 2
[07-13-2018] [16:11:40] : MEAS 2OFF
[07-13-2018] [16:11:57] : MEAS ON 2
[07-13-2018] [16:12:02] : MEAS 2OFF
[07-13-2018] [16:12:18] : MEAS ON 2
[07-13-2018] [16:12:24] : MEAS 2OFF
[07-13-2018] [16:12:39] : MEAS ON 2
[07-13-2018] [16:12:44] : MEAS 2OFF
[07-13-2018] [16:13:30] : MEAS ON 2
[07-13-2018] [16:13:36] : MEAS 2OFF
[07-13-2018] [16:13:51] : MEAS ON 2
[07-13-2018] [16:13:57] : MEAS 2OFF
[07-13-2018] [16:14:13] : MEAS ON 2
[07-13-2018] [16:14:19] : MEAS 2OFF
[07-13-2018] [16:14:36] : MEAS ON 2
[07-13-2018] [16:14:42] : MEAS 2OFF
[07-13-2018] [16:14:58] : MEAS ON 2
[07-13-2018] [16:15:03] : MEAS 2OFF
[07-13-2018] [16:15:20] : MEAS ON 2
[07-13-2018] [16:15:25] : MEAS 2OFF
[07-13-2018] [16:15:41] : MEAS ON 2
[07-13-2018] [16:15:47] : MEAS 2OFF
[07-13-2018] [16:16:02] : MEAS ON 2
[07-13-2018] [16:16:07] : MEAS 2OFF
[07-13-2018] [16:16:25] : MEAS ON 2
[07-13-2018] [16:16:31] : MEAS 2OFF
[07-13-2018] [16:16:49] : MEAS ON 2
[07-13-2018] [16:16:55] : MEAS 2OFF
[07-13-2018] [16:17:30] : MEAS ON 2
[07-13-2018] [16:17:36] : MEAS 2OFF
[07-13-2018] [16:17:53] : MEAS ON 2
[07-13-2018] [16:17:59] : MEAS 2OFF
[07-13-2018] [16:18:17] : MEAS ON 2
[07-13-2018] [16:18:22] : MEAS 2OFF
[07-13-2018] [16:18:38] : MEAS ON 2
[07-13-2018] [16:18:44] : MEAS 2OFF
[07-13-2018] [16:19:00] : MEAS ON 2
[07-13-2018] [16:19:06] : MEAS 2OFF
[07-13-2018] [16:19:24] : MEAS ON 2
[07-13-2018] [16:19:30] : MEAS 2OFF
[07-13-2018] [16:19:48] : MEAS ON 2
[07-13-2018] [16:19:54] : MEAS 2OFF
[07-13-2018] [16:20:12] : MEAS ON 2
[07-13-2018] [16:20:18] : MEAS 2OFF
[07-13-2018] [16:20:35] : MEAS ON 2
[07-13-2018] [16:20:41] : MEAS 2OFF
[07-13-2018] [16:20:59] : MEAS ON 2
[07-13-2018] [16:21:05] : MEAS 2OFF
[07-13-2018] [17:21:00] : PROGRAM END
 
